[
  {
    "Plan": {
      "Node Type": "Aggregate",
      "Strategy": "Plain",
      "Partial Mode": "Finalize",
      "Parallel Aware": false,
      "Startup Cost": 122884.31,
      "Total Cost": 122884.32,
      "Plan Rows": 1,
      "Plan Width": 8,
      "Actual Startup Time": 749.428,
      "Actual Total Time": 772.587,
      "Actual Rows": 1,
      "Actual Loops": 1,
      "Plans": [
        {
          "Node Type": "Gather",
          "Parent Relationship": "Outer",
          "Parallel Aware": false,
          "Startup Cost": 122883.99,
          "Total Cost": 122884.3,
          "Plan Rows": 3,
          "Plan Width": 8,
          "Actual Startup Time": 745.458,
          "Actual Total Time": 772.572,
          "Actual Rows": 4,
          "Actual Loops": 1,
          "Workers Planned": 3,
          "Workers Launched": 3,
          "Single Copy": false,
          "Plans": [
            {
              "Node Type": "Aggregate",
              "Strategy": "Plain",
              "Partial Mode": "Partial",
              "Parent Relationship": "Outer",
              "Parallel Aware": false,
              "Startup Cost": 121883.99,
              "Total Cost": 121884.0,
              "Plan Rows": 1,
              "Plan Width": 8,
              "Actual Startup Time": 735.355,
              "Actual Total Time": 735.821,
              "Actual Rows": 1,
              "Actual Loops": 4,
              "Plans": [
                {
                  "Node Type": "Hash Join",
                  "Parent Relationship": "Outer",
                  "Parallel Aware": true,
                  "Join Type": "Inner",
                  "Startup Cost": 76872.17,
                  "Total Cost": 121637.99,
                  "Plan Rows": 98402,
                  "Plan Width": 0,
                  "Actual Startup Time": 385.484,
                  "Actual Total Time": 692.75,
                  "Actual Rows": 799831,
                  "Actual Loops": 4,
                  "Inner Unique": false,
                  "Hash Cond": "(mk.movie_id = t.id)",
                  "Plans": [
                    {
                      "Node Type": "Seq Scan",
                      "Parent Relationship": "Outer",
                      "Parallel Aware": true,
                      "Relation Name": "movie_keyword",
                      "Alias": "mk",
                      "Startup Cost": 0.0,
                      "Total Cost": 39047.32,
                      "Plan Rows": 1459332,
                      "Plan Width": 4,
                      "Actual Startup Time": 0.033,
                      "Actual Total Time": 112.628,
                      "Actual Rows": 1130982,
                      "Actual Loops": 4
                    },
                    {
                      "Node Type": "Hash",
                      "Parent Relationship": "Inner",
                      "Parallel Aware": true,
                      "Startup Cost": 76339.42,
                      "Total Cost": 76339.42,
                      "Plan Rows": 42620,
                      "Plan Width": 8,
                      "Actual Startup Time": 368.363,
                      "Actual Total Time": 368.827,
                      "Actual Rows": 93346,
                      "Actual Loops": 4,
                      "Hash Buckets": 524288,
                      "Original Hash Buckets": 262144,
                      "Hash Batches": 1,
                      "Original Hash Batches": 1,
                      "Peak Memory Usage": 20832,
                      "Plans": [
                        {
                          "Node Type": "Hash Join",
                          "Parent Relationship": "Outer",
                          "Parallel Aware": true,
                          "Join Type": "Inner",
                          "Startup Cost": 31063.73,
                          "Total Cost": 76339.42,
                          "Plan Rows": 42620,
                          "Plan Width": 8,
                          "Actual Startup Time": 140.01,
                          "Actual Total Time": 327.366,
                          "Actual Rows": 93346,
                          "Actual Loops": 4,
                          "Inner Unique": false,
                          "Hash Cond": "(t.id = mc.movie_id)",
                          "Plans": [
                            {
                              "Node Type": "Seq Scan",
                              "Parent Relationship": "Outer",
                              "Parallel Aware": true,
                              "Relation Name": "title",
                              "Alias": "t",
                              "Startup Cost": 0.0,
                              "Total Cost": 43898.92,
                              "Plan Rows": 247857,
                              "Plan Width": 4,
                              "Actual Startup Time": 0.017,
                              "Actual Total Time": 105.319,
                              "Actual Rows": 246262,
                              "Actual Loops": 4,
                              "Filter": "(kind_id < 7)",
                              "Rows Removed by Filter": 385816
                            },
                            {
                              "Node Type": "Hash",
                              "Parent Relationship": "Inner",
                              "Parallel Aware": true,
                              "Startup Cost": 29310.68,
                              "Total Cost": 29310.68,
                              "Plan Rows": 140244,
                              "Plan Width": 4,
                              "Actual Startup Time": 131.637,
                              "Actual Total Time": 131.638,
                              "Actual Rows": 110656,
                              "Actual Loops": 4,
                              "Hash Buckets": 524288,
                              "Original Hash Buckets": 524288,
                              "Hash Batches": 1,
                              "Original Hash Batches": 1,
                              "Peak Memory Usage": 21472,
                              "Plans": [
                                {
                                  "Node Type": "Seq Scan",
                                  "Parent Relationship": "Outer",
                                  "Parallel Aware": true,
                                  "Relation Name": "movie_companies",
                                  "Alias": "mc",
                                  "Startup Cost": 0.0,
                                  "Total Cost": 29310.68,
                                  "Plan Rows": 140244,
                                  "Plan Width": 4,
                                  "Actual Startup Time": 53.066,
                                  "Actual Total Time": 92.089,
                                  "Actual Rows": 110656,
                                  "Actual Loops": 4,
                                  "Filter": "(company_id > 77942)",
                                  "Rows Removed by Filter": 541626
                                }
                              ]
                            }
                          ]
                        }
                      ]
                    }
                  ]
                }
              ]
            }
          ]
        }
      ]
    },
    "Planning Time": 1.48,
    "Triggers": [],
    "Execution Time": 772.682
  }
]