{
  "Plan": {
    "Node Type": "Aggregate",
    "Strategy": "Plain",
    "Partial Mode": "Finalize",
    "Parallel Aware": false,
    "Startup Cost": 113821.19,
    "Total Cost": 113821.2,
    "Plan Rows": 1,
    "Plan Width": 8,
    "Actual Startup Time": 374.915,
    "Actual Total Time": 391.577,
    "Actual Rows": 1,
    "Actual Loops": 1,
    "Plans": [
      {
        "Node Type": "Gather",
        "Parent Relationship": "Outer",
        "Parallel Aware": false,
        "Startup Cost": 113821.08,
        "Total Cost": 113821.19,
        "Plan Rows": 1,
        "Plan Width": 8,
        "Actual Startup Time": 374.425,
        "Actual Total Time": 391.568,
        "Actual Rows": 2,
        "Actual Loops": 1,
        "Workers Planned": 1,
        "Workers Launched": 1,
        "Single Copy": false,
        "Plans": [
          {
            "Node Type": "Aggregate",
            "Strategy": "Plain",
            "Partial Mode": "Partial",
            "Parent Relationship": "Outer",
            "Parallel Aware": false,
            "Startup Cost": 112821.08,
            "Total Cost": 112821.09,
            "Plan Rows": 1,
            "Plan Width": 8,
            "Actual Startup Time": 368.432,
            "Actual Total Time": 368.436,
            "Actual Rows": 1,
            "Actual Loops": 2,
            "Plans": [
              {
                "Node Type": "Hash Join",
                "Parent Relationship": "Outer",
                "Parallel Aware": true,
                "Join Type": "Inner",
                "Startup Cost": 78504.03,
                "Total Cost": 112776.88,
                "Plan Rows": 17679,
                "Plan Width": 0,
                "Actual Startup Time": 217.604,
                "Actual Total Time": 368.038,
                "Actual Rows": 5594,
                "Actual Loops": 2,
                "Inner Unique": true,
                "Hash Cond": "(mk.movie_id = t.id)",
                "Plans": [
                  {
                    "Node Type": "Bitmap Heap Scan",
                    "Parent Relationship": "Outer",
                    "Parallel Aware": true,
                    "Relation Name": "movie_keyword",
                    "Alias": "mk",
                    "Startup Cost": 23409.38,
                    "Total Cost": 55978.13,
                    "Plan Rows": 649180,
                    "Plan Width": 4,
                    "Actual Startup Time": 69.803,
                    "Actual Total Time": 167.061,
                    "Actual Rows": 558174,
                    "Actual Loops": 2,
                    "Recheck Cond": "(keyword_id < 1165)",
                    "Rows Removed by Index Recheck": 0,
                    "Exact Heap Blocks": 14307,
                    "Lossy Heap Blocks": 0,
                    "Plans": [
                      {
                        "Node Type": "Bitmap Index Scan",
                        "Parent Relationship": "Outer",
                        "Parallel Aware": false,
                        "Index Name": "keyword_id_movie_keyword",
                        "Startup Cost": 0.0,
                        "Total Cost": 23133.48,
                        "Plan Rows": 1103606,
                        "Plan Width": 0,
                        "Actual Startup Time": 66.09,
                        "Actual Total Time": 66.091,
                        "Actual Rows": 1116347,
                        "Actual Loops": 1,
                        "Index Cond": "(keyword_id < 1165)"
                      }
                    ]
                  },
                  {
                    "Node Type": "Hash",
                    "Parent Relationship": "Inner",
                    "Parallel Aware": true,
                    "Startup Cost": 54588.39,
                    "Total Cost": 54588.39,
                    "Plan Rows": 40501,
                    "Plan Width": 4,
                    "Actual Startup Time": 144.539,
                    "Actual Total Time": 144.54,
                    "Actual Rows": 33671,
                    "Actual Loops": 2,
                    "Hash Buckets": 131072,
                    "Original Hash Buckets": 131072,
                    "Hash Batches": 1,
                    "Original Hash Batches": 1,
                    "Peak Memory Usage": 3680,
                    "Plans": [
                      {
                        "Node Type": "Seq Scan",
                        "Parent Relationship": "Outer",
                        "Parallel Aware": true,
                        "Relation Name": "title",
                        "Alias": "t",
                        "Startup Cost": 0.0,
                        "Total Cost": 54588.39,
                        "Plan Rows": 40501,
                        "Plan Width": 4,
                        "Actual Startup Time": 0.081,
                        "Actual Total Time": 134.228,
                        "Actual Rows": 33671,
                        "Actual Loops": 2,
                        "Filter": "(production_year > 2012)",
                        "Rows Removed by Filter": 1230485
                      }
                    ]
                  }
                ]
              }
            ]
          }
        ]
      }
    ]
  },
  "Planning Time": 0.447,
  "Triggers": [],
  "Execution Time": 391.671
}