[
  {
    "Plan": {
      "Node Type": "Aggregate",
      "Strategy": "Plain",
      "Partial Mode": "Finalize",
      "Parallel Aware": false,
      "Startup Cost": 119327.07,
      "Total Cost": 119327.08,
      "Plan Rows": 1,
      "Plan Width": 8,
      "Actual Startup Time": 438.631,
      "Actual Total Time": 475.061,
      "Actual Rows": 1,
      "Actual Loops": 1,
      "Plans": [
        {
          "Node Type": "Gather",
          "Parent Relationship": "Outer",
          "Parallel Aware": false,
          "Startup Cost": 119326.65,
          "Total Cost": 119327.06,
          "Plan Rows": 4,
          "Plan Width": 8,
          "Actual Startup Time": 435.786,
          "Actual Total Time": 475.053,
          "Actual Rows": 5,
          "Actual Loops": 1,
          "Workers Planned": 4,
          "Workers Launched": 4,
          "Single Copy": false,
          "Plans": [
            {
              "Node Type": "Aggregate",
              "Strategy": "Plain",
              "Partial Mode": "Partial",
              "Parent Relationship": "Outer",
              "Parallel Aware": false,
              "Startup Cost": 118326.65,
              "Total Cost": 118326.66,
              "Plan Rows": 1,
              "Plan Width": 8,
              "Actual Startup Time": 425.826,
              "Actual Total Time": 425.831,
              "Actual Rows": 1,
              "Actual Loops": 5,
              "Plans": [
                {
                  "Node Type": "Nested Loop",
                  "Parent Relationship": "Outer",
                  "Parallel Aware": false,
                  "Join Type": "Inner",
                  "Startup Cost": 46009.44,
                  "Total Cost": 118318.19,
                  "Plan Rows": 3383,
                  "Plan Width": 0,
                  "Actual Startup Time": 116.167,
                  "Actual Total Time": 424.527,
                  "Actual Rows": 13076,
                  "Actual Loops": 5,
                  "Inner Unique": false,
                  "Join Filter": "(t.id = mi.movie_id)",
                  "Rows Removed by Join Filter": 0,
                  "Plans": [
                    {
                      "Node Type": "Hash Join",
                      "Parent Relationship": "Outer",
                      "Parallel Aware": true,
                      "Join Type": "Inner",
                      "Startup Cost": 46009.0,
                      "Total Cost": 95357.0,
                      "Plan Rows": 6507,
                      "Plan Width": 8,
                      "Actual Startup Time": 115.973,
                      "Actual Total Time": 189.076,
                      "Actual Rows": 13624,
                      "Actual Loops": 5,
                      "Inner Unique": true,
                      "Hash Cond": "(ci.movie_id = t.id)",
                      "Plans": [
                        {
                          "Node Type": "Index Scan",
                          "Parent Relationship": "Outer",
                          "Parallel Aware": true,
                          "Scan Direction": "Forward",
                          "Index Name": "role_id_cast_info",
                          "Relation Name": "cast_info",
                          "Alias": "ci",
                          "Startup Cost": 0.56,
                          "Total Cost": 49093.36,
                          "Plan Rows": 97221,
                          "Plan Width": 4,
                          "Actual Startup Time": 0.207,
                          "Actual Total Time": 48.983,
                          "Actual Rows": 73811,
                          "Actual Loops": 5,
                          "Index Cond": "(role_id = 8)",
                          "Rows Removed by Index Recheck": 0,
                          "Filter": "(person_id < 795346)",
                          "Rows Removed by Filter": 266897
                        },
                        {
                          "Node Type": "Hash",
                          "Parent Relationship": "Inner",
                          "Parallel Aware": true,
                          "Startup Cost": 45479.59,
                          "Total Cost": 45479.59,
                          "Plan Rows": 42308,
                          "Plan Width": 4,
                          "Actual Startup Time": 113.793,
                          "Actual Total Time": 113.794,
                          "Actual Rows": 56405,
                          "Actual Loops": 5,
                          "Hash Buckets": 524288,
                          "Original Hash Buckets": 262144,
                          "Hash Batches": 1,
                          "Original Hash Batches": 1,
                          "Peak Memory Usage": 17216,
                          "Plans": [
                            {
                              "Node Type": "Seq Scan",
                              "Parent Relationship": "Outer",
                              "Parallel Aware": true,
                              "Relation Name": "title",
                              "Alias": "t",
                              "Startup Cost": 0.0,
                              "Total Cost": 45479.59,
                              "Plan Rows": 42308,
                              "Plan Width": 4,
                              "Actual Startup Time": 0.109,
                              "Actual Total Time": 87.845,
                              "Actual Rows": 56405,
                              "Actual Loops": 5,
                              "Filter": "((kind_id < 7) AND (production_year < 1976))",
                              "Rows Removed by Filter": 449257
                            }
                          ]
                        }
                      ]
                    },
                    {
                      "Node Type": "Index Scan",
                      "Parent Relationship": "Inner",
                      "Parallel Aware": false,
                      "Scan Direction": "Forward",
                      "Index Name": "movie_id_movie_info",
                      "Relation Name": "movie_info",
                      "Alias": "mi",
                      "Startup Cost": 0.43,
                      "Total Cost": 3.48,
                      "Plan Rows": 4,
                      "Plan Width": 4,
                      "Actual Startup Time": 0.015,
                      "Actual Total Time": 0.017,
                      "Actual Rows": 1,
                      "Actual Loops": 68119,
                      "Index Cond": "(movie_id = ci.movie_id)",
                      "Rows Removed by Index Recheck": 0,
                      "Filter": "(info_type_id = 2)",
                      "Rows Removed by Filter": 13
                    }
                  ]
                }
              ]
            }
          ]
        }
      ]
    },
    "Planning Time": 1.403,
    "Triggers": [],
    "Execution Time": 475.169
  }
]