[
  {
    "Plan": {
      "Node Type": "Aggregate",
      "Strategy": "Plain",
      "Partial Mode": "Finalize",
      "Parallel Aware": false,
      "Startup Cost": 60329.08,
      "Total Cost": 60329.09,
      "Plan Rows": 1,
      "Plan Width": 8,
      "Actual Startup Time": 204.624,
      "Actual Total Time": 217.51,
      "Actual Rows": 1,
      "Actual Loops": 1,
      "Plans": [
        {
          "Node Type": "Gather",
          "Parent Relationship": "Outer",
          "Parallel Aware": false,
          "Startup Cost": 60328.86,
          "Total Cost": 60329.07,
          "Plan Rows": 2,
          "Plan Width": 8,
          "Actual Startup Time": 204.15,
          "Actual Total Time": 217.501,
          "Actual Rows": 3,
          "Actual Loops": 1,
          "Workers Planned": 2,
          "Workers Launched": 2,
          "Single Copy": false,
          "Plans": [
            {
              "Node Type": "Aggregate",
              "Strategy": "Plain",
              "Partial Mode": "Partial",
              "Parent Relationship": "Outer",
              "Parallel Aware": false,
              "Startup Cost": 59328.86,
              "Total Cost": 59328.87,
              "Plan Rows": 1,
              "Plan Width": 8,
              "Actual Startup Time": 196.462,
              "Actual Total Time": 196.466,
              "Actual Rows": 1,
              "Actual Loops": 3,
              "Plans": [
                {
                  "Node Type": "Hash Join",
                  "Parent Relationship": "Outer",
                  "Parallel Aware": true,
                  "Join Type": "Inner",
                  "Startup Cost": 44098.07,
                  "Total Cost": 59292.63,
                  "Plan Rows": 14494,
                  "Plan Width": 0,
                  "Actual Startup Time": 148.599,
                  "Actual Total Time": 196.221,
                  "Actual Rows": 4561,
                  "Actual Loops": 3,
                  "Inner Unique": true,
                  "Hash Cond": "(mi_idx.movie_id = t.id)",
                  "Plans": [
                    {
                      "Node Type": "Seq Scan",
                      "Parent Relationship": "Outer",
                      "Parallel Aware": true,
                      "Relation Name": "movie_info_idx",
                      "Alias": "mi_idx",
                      "Startup Cost": 0.0,
                      "Total Cost": 13685.15,
                      "Plan Rows": 575015,
                      "Plan Width": 4,
                      "Actual Startup Time": 0.023,
                      "Actual Total Time": 37.019,
                      "Actual Rows": 460012,
                      "Actual Loops": 3
                    },
                    {
                      "Node Type": "Hash",
                      "Parent Relationship": "Inner",
                      "Parallel Aware": true,
                      "Startup Cost": 43898.92,
                      "Total Cost": 43898.92,
                      "Plan Rows": 15932,
                      "Plan Width": 4,
                      "Actual Startup Time": 117.085,
                      "Actual Total Time": 117.086,
                      "Actual Rows": 22506,
                      "Actual Loops": 3,
                      "Hash Buckets": 131072,
                      "Original Hash Buckets": 65536,
                      "Hash Batches": 1,
                      "Original Hash Batches": 1,
                      "Peak Memory Usage": 4256,
                      "Plans": [
                        {
                          "Node Type": "Seq Scan",
                          "Parent Relationship": "Outer",
                          "Parallel Aware": true,
                          "Relation Name": "title",
                          "Alias": "t",
                          "Startup Cost": 0.0,
                          "Total Cost": 43898.92,
                          "Plan Rows": 15932,
                          "Plan Width": 4,
                          "Actual Startup Time": 62.698,
                          "Actual Total Time": 107.84,
                          "Actual Rows": 22506,
                          "Actual Loops": 3,
                          "Filter": "(production_year < 1916)",
                          "Rows Removed by Filter": 820265
                        }
                      ]
                    }
                  ]
                }
              ]
            }
          ]
        }
      ]
    },
    "Planning Time": 0.625,
    "Triggers": [],
    "Execution Time": 217.576
  }
]