[
    {
        "Bao": {
            "Bao prediction": 661.177,
            "Bao recommended hint": "(no hint)"
        }
    },
    {
        "Plan": {
            "Node Type": "Aggregate",
            "Strategy": "Plain",
            "Partial Mode": "Finalize",
            "Parallel Aware": false,
            "Startup Cost": 29941.24,
            "Total Cost": 29941.25,
            "Plan Rows": 1,
            "Plan Width": 8,
            "Actual Startup Time": 102.296,
            "Actual Total Time": 107.637,
            "Actual Rows": 1,
            "Actual Loops": 1,
            "Output": [
                "count(*)"
            ],
            "Plans": [
                {
                    "Node Type": "Gather",
                    "Parent Relationship": "Outer",
                    "Parallel Aware": false,
                    "Startup Cost": 29940.93,
                    "Total Cost": 29941.24,
                    "Plan Rows": 3,
                    "Plan Width": 8,
                    "Actual Startup Time": 101.99,
                    "Actual Total Time": 107.628,
                    "Actual Rows": 4,
                    "Actual Loops": 1,
                    "Output": [
                        "(PARTIAL count(*))"
                    ],
                    "Workers Planned": 3,
                    "Workers Launched": 3,
                    "Single Copy": false,
                    "Plans": [
                        {
                            "Node Type": "Aggregate",
                            "Strategy": "Plain",
                            "Partial Mode": "Partial",
                            "Parent Relationship": "Outer",
                            "Parallel Aware": false,
                            "Startup Cost": 28940.93,
                            "Total Cost": 28940.94,
                            "Plan Rows": 1,
                            "Plan Width": 8,
                            "Actual Startup Time": 93.628,
                            "Actual Total Time": 93.63,
                            "Actual Rows": 1,
                            "Actual Loops": 4,
                            "Output": [
                                "PARTIAL count(*)"
                            ],
                            "Workers": [
                                {
                                    "Worker Number": 0,
                                    "Actual Startup Time": 90.878,
                                    "Actual Total Time": 90.88,
                                    "Actual Rows": 1,
                                    "Actual Loops": 1
                                },
                                {
                                    "Worker Number": 1,
                                    "Actual Startup Time": 90.879,
                                    "Actual Total Time": 90.881,
                                    "Actual Rows": 1,
                                    "Actual Loops": 1
                                },
                                {
                                    "Worker Number": 2,
                                    "Actual Startup Time": 91.356,
                                    "Actual Total Time": 91.357,
                                    "Actual Rows": 1,
                                    "Actual Loops": 1
                                }
                            ],
                            "Plans": [
                                {
                                    "Node Type": "Bitmap Heap Scan",
                                    "Parent Relationship": "Outer",
                                    "Parallel Aware": true,
                                    "Relation Name": "movie_companies",
                                    "Schema": "public",
                                    "Alias": "mc",
                                    "Startup Cost": 8162.05,
                                    "Total Cost": 28785.16,
                                    "Plan Rows": 62305,
                                    "Plan Width": 0,
                                    "Actual Startup Time": 75.48,
                                    "Actual Total Time": 92.037,
                                    "Actual Rows": 21596,
                                    "Actual Loops": 4,
                                    "Recheck Cond": "(mc.company_id < 219)",
                                    "Rows Removed by Index Recheck": 0,
                                    "Filter": "(mc.company_type_id = 2)",
                                    "Rows Removed by Filter": 72084,
                                    "Exact Heap Blocks": 8370,
                                    "Lossy Heap Blocks": 0,
                                    "Workers": [
                                        {
                                            "Worker Number": 0,
                                            "Actual Startup Time": 72.741,
                                            "Actual Total Time": 89.413,
                                            "Actual Rows": 19231,
                                            "Actual Loops": 1
                                        },
                                        {
                                            "Worker Number": 1,
                                            "Actual Startup Time": 72.732,
                                            "Actual Total Time": 89.447,
                                            "Actual Rows": 18741,
                                            "Actual Loops": 1
                                        },
                                        {
                                            "Worker Number": 2,
                                            "Actual Startup Time": 73.202,
                                            "Actual Total Time": 89.938,
                                            "Actual Rows": 18662,
                                            "Actual Loops": 1
                                        }
                                    ],
                                    "Plans": [
                                        {
                                            "Node Type": "Bitmap Index Scan",
                                            "Parent Relationship": "Outer",
                                            "Parallel Aware": false,
                                            "Index Name": "company_id_movie_companies",
                                            "Startup Cost": 0.0,
                                            "Total Cost": 8113.76,
                                            "Plan Rows": 378844,
                                            "Plan Width": 0,
                                            "Actual Startup Time": 39.058,
                                            "Actual Total Time": 39.058,
                                            "Actual Rows": 374721,
                                            "Actual Loops": 1,
                                            "Index Cond": "(mc.company_id < 219)"
                                        }
                                    ]
                                }
                            ]
                        }
                    ]
                }
            ]
        },
        "Planning Time": 3681.607,
        "Triggers": [],
        "Execution Time": 107.748
    }
]