{
  "Plan": {
    "Node Type": "Aggregate",
    "Strategy": "Plain",
    "Partial Mode": "Finalize",
    "Parallel Aware": false,
    "Startup Cost": 24219.58,
    "Total Cost": 24219.59,
    "Plan Rows": 1,
    "Plan Width": 8,
    "Actual Startup Time": 15.985,
    "Actual Total Time": 18.553,
    "Actual Rows": 1,
    "Actual Loops": 1,
    "Plans": [
      {
        "Node Type": "Gather",
        "Parent Relationship": "Outer",
        "Parallel Aware": false,
        "Startup Cost": 24219.46,
        "Total Cost": 24219.57,
        "Plan Rows": 1,
        "Plan Width": 8,
        "Actual Startup Time": 15.753,
        "Actual Total Time": 18.543,
        "Actual Rows": 2,
        "Actual Loops": 1,
        "Workers Planned": 1,
        "Workers Launched": 1,
        "Single Copy": false,
        "Plans": [
          {
            "Node Type": "Aggregate",
            "Strategy": "Plain",
            "Partial Mode": "Partial",
            "Parent Relationship": "Outer",
            "Parallel Aware": false,
            "Startup Cost": 23219.46,
            "Total Cost": 23219.47,
            "Plan Rows": 1,
            "Plan Width": 8,
            "Actual Startup Time": 9.476,
            "Actual Total Time": 9.479,
            "Actual Rows": 1,
            "Actual Loops": 2,
            "Plans": [
              {
                "Node Type": "Nested Loop",
                "Parent Relationship": "Outer",
                "Parallel Aware": false,
                "Join Type": "Inner",
                "Startup Cost": 111.74,
                "Total Cost": 23219.2,
                "Plan Rows": 105,
                "Plan Width": 0,
                "Actual Startup Time": 1.886,
                "Actual Total Time": 9.404,
                "Actual Rows": 174,
                "Actual Loops": 2,
                "Inner Unique": false,
                "Plans": [
                  {
                    "Node Type": "Nested Loop",
                    "Parent Relationship": "Outer",
                    "Parallel Aware": false,
                    "Join Type": "Inner",
                    "Startup Cost": 111.31,
                    "Total Cost": 22901.36,
                    "Plan Rows": 573,
                    "Plan Width": 8,
                    "Actual Startup Time": 1.713,
                    "Actual Total Time": 6.749,
                    "Actual Rows": 187,
                    "Actual Loops": 2,
                    "Inner Unique": true,
                    "Plans": [
                      {
                        "Node Type": "Bitmap Heap Scan",
                        "Parent Relationship": "Outer",
                        "Parallel Aware": true,
                        "Relation Name": "movie_companies",
                        "Alias": "mc",
                        "Startup Cost": 110.88,
                        "Total Cost": 11454.99,
                        "Plan Rows": 1461,
                        "Plan Width": 4,
                        "Actual Startup Time": 1.588,
                        "Actual Total Time": 4.475,
                        "Actual Rows": 188,
                        "Actual Loops": 2,
                        "Recheck Cond": "(company_id = 1427)",
                        "Rows Removed by Index Recheck": 0,
                        "Filter": "(company_type_id < 2)",
                        "Rows Removed by Filter": 2386,
                        "Exact Heap Blocks": 867,
                        "Lossy Heap Blocks": 0,
                        "Plans": [
                          {
                            "Node Type": "Bitmap Index Scan",
                            "Parent Relationship": "Outer",
                            "Parallel Aware": false,
                            "Index Name": "company_id_movie_companies",
                            "Startup Cost": 0.0,
                            "Total Cost": 110.26,
                            "Plan Rows": 5044,
                            "Plan Width": 0,
                            "Actual Startup Time": 2.545,
                            "Actual Total Time": 2.546,
                            "Actual Rows": 5148,
                            "Actual Loops": 1,
                            "Index Cond": "(company_id = 1427)"
                          }
                        ]
                      },
                      {
                        "Node Type": "Index Scan",
                        "Parent Relationship": "Inner",
                        "Parallel Aware": false,
                        "Scan Direction": "Forward",
                        "Index Name": "title_pkey",
                        "Relation Name": "title",
                        "Alias": "t",
                        "Startup Cost": 0.43,
                        "Total Cost": 7.83,
                        "Plan Rows": 1,
                        "Plan Width": 4,
                        "Actual Startup Time": 0.011,
                        "Actual Total Time": 0.011,
                        "Actual Rows": 1,
                        "Actual Loops": 375,
                        "Index Cond": "(id = mc.movie_id)",
                        "Rows Removed by Index Recheck": 0,
                        "Filter": "(kind_id < 7)",
                        "Rows Removed by Filter": 0
                      }
                    ]
                  },
                  {
                    "Node Type": "Index Scan",
                    "Parent Relationship": "Inner",
                    "Parallel Aware": false,
                    "Scan Direction": "Forward",
                    "Index Name": "movie_id_movie_info_idx",
                    "Relation Name": "movie_info_idx",
                    "Alias": "mi_idx",
                    "Startup Cost": 0.43,
                    "Total Cost": 0.54,
                    "Plan Rows": 1,
                    "Plan Width": 4,
                    "Actual Startup Time": 0.012,
                    "Actual Total Time": 0.013,
                    "Actual Rows": 1,
                    "Actual Loops": 374,
                    "Index Cond": "(movie_id = t.id)",
                    "Rows Removed by Index Recheck": 0,
                    "Filter": "(info_type_id = 100)",
                    "Rows Removed by Filter": 2
                  }
                ]
              }
            ]
          }
        ]
      }
    ]
  },
  "Planning Time": 0.819,
  "Triggers": [],
  "Execution Time": 18.64
}