{
    "Plan": {
        "Node Type": "Aggregate",
        "Strategy": "Plain",
        "Partial Mode": "Finalize",
        "Parallel Aware": false,
        "Startup Cost": 286973.5,
        "Total Cost": 286973.51,
        "Plan Rows": 1,
        "Plan Width": 8,
        "Actual Startup Time": 1297.683,
        "Actual Total Time": 1343.456,
        "Actual Rows": 1,
        "Actual Loops": 1,
        "Output": [
            "count(*)"
        ],
        "Plans": [
            {
                "Node Type": "Gather",
                "Parent Relationship": "Outer",
                "Parallel Aware": false,
                "Startup Cost": 286972.98,
                "Total Cost": 286973.49,
                "Plan Rows": 5,
                "Plan Width": 8,
                "Actual Startup Time": 1288.494,
                "Actual Total Time": 1343.433,
                "Actual Rows": 6,
                "Actual Loops": 1,
                "Output": [
                    "(PARTIAL count(*))"
                ],
                "Workers Planned": 5,
                "Workers Launched": 5,
                "Single Copy": false,
                "Plans": [
                    {
                        "Node Type": "Aggregate",
                        "Strategy": "Plain",
                        "Partial Mode": "Partial",
                        "Parent Relationship": "Outer",
                        "Parallel Aware": false,
                        "Startup Cost": 285972.98,
                        "Total Cost": 285972.99,
                        "Plan Rows": 1,
                        "Plan Width": 8,
                        "Actual Startup Time": 1277.772,
                        "Actual Total Time": 1278.007,
                        "Actual Rows": 1,
                        "Actual Loops": 6,
                        "Output": [
                            "PARTIAL count(*)"
                        ],
                        "Workers": [
                            {
                                "Worker Number": 0,
                                "Actual Startup Time": 1274.99,
                                "Actual Total Time": 1274.995,
                                "Actual Rows": 1,
                                "Actual Loops": 1
                            },
                            {
                                "Worker Number": 1,
                                "Actual Startup Time": 1276.546,
                                "Actual Total Time": 1276.551,
                                "Actual Rows": 1,
                                "Actual Loops": 1
                            },
                            {
                                "Worker Number": 2,
                                "Actual Startup Time": 1275.71,
                                "Actual Total Time": 1275.716,
                                "Actual Rows": 1,
                                "Actual Loops": 1
                            },
                            {
                                "Worker Number": 3,
                                "Actual Startup Time": 1275.665,
                                "Actual Total Time": 1275.671,
                                "Actual Rows": 1,
                                "Actual Loops": 1
                            },
                            {
                                "Worker Number": 4,
                                "Actual Startup Time": 1276.198,
                                "Actual Total Time": 1276.204,
                                "Actual Rows": 1,
                                "Actual Loops": 1
                            }
                        ],
                        "Plans": [
                            {
                                "Node Type": "Hash Join",
                                "Parent Relationship": "Outer",
                                "Parallel Aware": true,
                                "Join Type": "Inner",
                                "Startup Cost": 81449.3,
                                "Total Cost": 285119.75,
                                "Plan Rows": 341291,
                                "Plan Width": 0,
                                "Actual Startup Time": 311.574,
                                "Actual Total Time": 1191.881,
                                "Actual Rows": 1954670,
                                "Actual Loops": 6,
                                "Inner Unique": false,
                                "Hash Cond": "(mi.movie_id = t.id)",
                                "Workers": [
                                    {
                                        "Worker Number": 0,
                                        "Actual Startup Time": 308.944,
                                        "Actual Total Time": 1195.4,
                                        "Actual Rows": 1940233,
                                        "Actual Loops": 1
                                    },
                                    {
                                        "Worker Number": 1,
                                        "Actual Startup Time": 309.55,
                                        "Actual Total Time": 1191.783,
                                        "Actual Rows": 2074496,
                                        "Actual Loops": 1
                                    },
                                    {
                                        "Worker Number": 2,
                                        "Actual Startup Time": 309.705,
                                        "Actual Total Time": 1185.073,
                                        "Actual Rows": 1371527,
                                        "Actual Loops": 1
                                    },
                                    {
                                        "Worker Number": 3,
                                        "Actual Startup Time": 309.602,
                                        "Actual Total Time": 1190.497,
                                        "Actual Rows": 2088579,
                                        "Actual Loops": 1
                                    },
                                    {
                                        "Worker Number": 4,
                                        "Actual Startup Time": 310.187,
                                        "Actual Total Time": 1196.561,
                                        "Actual Rows": 1915696,
                                        "Actual Loops": 1
                                    }
                                ],
                                "Plans": [
                                    {
                                        "Node Type": "Seq Scan",
                                        "Parent Relationship": "Outer",
                                        "Parallel Aware": true,
                                        "Relation Name": "movie_info",
                                        "Schema": "public",
                                        "Alias": "mi",
                                        "Startup Cost": 0.0,
                                        "Total Cost": 191503.19,
                                        "Plan Rows": 2951019,
                                        "Plan Width": 4,
                                        "Actual Startup Time": 0.042,
                                        "Actual Total Time": 291.832,
                                        "Actual Rows": 2472620,
                                        "Actual Loops": 6,
                                        "Output": [
                                            "mi.id",
                                            "mi.movie_id",
                                            "mi.info_type_id",
                                            "mi.info",
                                            "mi.note"
                                        ],
                                        "Workers": [
                                            {
                                                "Worker Number": 0,
                                                "Actual Startup Time": 0.053,
                                                "Actual Total Time": 305.629,
                                                "Actual Rows": 2419607,
                                                "Actual Loops": 1
                                            },
                                            {
                                                "Worker Number": 1,
                                                "Actual Startup Time": 0.044,
                                                "Actual Total Time": 298.557,
                                                "Actual Rows": 2626897,
                                                "Actual Loops": 1
                                            },
                                            {
                                                "Worker Number": 2,
                                                "Actual Startup Time": 0.05,
                                                "Actual Total Time": 310.517,
                                                "Actual Rows": 1764915,
                                                "Actual Loops": 1
                                            },
                                            {
                                                "Worker Number": 3,
                                                "Actual Startup Time": 0.043,
                                                "Actual Total Time": 298.753,
                                                "Actual Rows": 2636788,
                                                "Actual Loops": 1
                                            },
                                            {
                                                "Worker Number": 4,
                                                "Actual Startup Time": 0.053,
                                                "Actual Total Time": 304.568,
                                                "Actual Rows": 2370630,
                                                "Actual Loops": 1
                                            }
                                        ]
                                    },
                                    {
                                        "Node Type": "Hash",
                                        "Parent Relationship": "Inner",
                                        "Parallel Aware": true,
                                        "Startup Cost": 80270.25,
                                        "Total Cost": 80270.25,
                                        "Plan Rows": 94324,
                                        "Plan Width": 8,
                                        "Actual Startup Time": 307.842,
                                        "Actual Total Time": 308.074,
                                        "Actual Rows": 101738,
                                        "Actual Loops": 6,
                                        "Output": [
                                            "t.id",
                                            "mc.movie_id"
                                        ],
                                        "Hash Buckets": 1048576,
                                        "Original Hash Buckets": 524288,
                                        "Hash Batches": 1,
                                        "Original Hash Batches": 1,
                                        "Peak Memory Usage": 36288,
                                        "Workers": [
                                            {
                                                "Worker Number": 0,
                                                "Actual Startup Time": 307.129,
                                                "Actual Total Time": 307.133,
                                                "Actual Rows": 97721,
                                                "Actual Loops": 1
                                            },
                                            {
                                                "Worker Number": 1,
                                                "Actual Startup Time": 307.826,
                                                "Actual Total Time": 307.83,
                                                "Actual Rows": 109893,
                                                "Actual Loops": 1
                                            },
                                            {
                                                "Worker Number": 2,
                                                "Actual Startup Time": 307.844,
                                                "Actual Total Time": 307.848,
                                                "Actual Rows": 80470,
                                                "Actual Loops": 1
                                            },
                                            {
                                                "Worker Number": 3,
                                                "Actual Startup Time": 307.786,
                                                "Actual Total Time": 307.79,
                                                "Actual Rows": 110056,
                                                "Actual Loops": 1
                                            },
                                            {
                                                "Worker Number": 4,
                                                "Actual Startup Time": 308.379,
                                                "Actual Total Time": 308.382,
                                                "Actual Rows": 97496,
                                                "Actual Loops": 1
                                            }
                                        ],
                                        "Plans": [
                                            {
                                                "Node Type": "Hash Join",
                                                "Parent Relationship": "Outer",
                                                "Parallel Aware": true,
                                                "Join Type": "Inner",
                                                "Startup Cost": 48112.53,
                                                "Total Cost": 80270.25,
                                                "Plan Rows": 94324,
                                                "Plan Width": 8,
                                                "Actual Startup Time": 168.939,
                                                "Actual Total Time": 255.754,
                                                "Actual Rows": 101738,
                                                "Actual Loops": 6,
                                                "Output": [
                                                    "t.id",
                                                    "mc.movie_id"
                                                ],
                                                "Inner Unique": true,
                                                "Hash Cond": "(mc.movie_id = t.id)",
                                                "Workers": [
                                                    {
                                                        "Worker Number": 0,
                                                        "Actual Startup Time": 168.223,
                                                        "Actual Total Time": 254.2,
                                                        "Actual Rows": 97721,
                                                        "Actual Loops": 1
                                                    },
                                                    {
                                                        "Worker Number": 1,
                                                        "Actual Startup Time": 168.923,
                                                        "Actual Total Time": 255.822,
                                                        "Actual Rows": 109893,
                                                        "Actual Loops": 1
                                                    },
                                                    {
                                                        "Worker Number": 2,
                                                        "Actual Startup Time": 168.967,
                                                        "Actual Total Time": 256.322,
                                                        "Actual Rows": 80470,
                                                        "Actual Loops": 1
                                                    },
                                                    {
                                                        "Worker Number": 3,
                                                        "Actual Startup Time": 168.861,
                                                        "Actual Total Time": 255.46,
                                                        "Actual Rows": 110056,
                                                        "Actual Loops": 1
                                                    },
                                                    {
                                                        "Worker Number": 4,
                                                        "Actual Startup Time": 169.219,
                                                        "Actual Total Time": 255.784,
                                                        "Actual Rows": 97496,
                                                        "Actual Loops": 1
                                                    }
                                                ],
                                                "Plans": [
                                                    {
                                                        "Node Type": "Seq Scan",
                                                        "Parent Relationship": "Outer",
                                                        "Parallel Aware": true,
                                                        "Relation Name": "movie_companies",
                                                        "Schema": "public",
                                                        "Alias": "mc",
                                                        "Startup Cost": 0.0,
                                                        "Total Cost": 31414.82,
                                                        "Plan Rows": 283009,
                                                        "Plan Width": 4,
                                                        "Actual Startup Time": 23.616,
                                                        "Actual Total Time": 52.818,
                                                        "Actual Rows": 179438,
                                                        "Actual Loops": 6,
                                                        "Output": [
                                                            "mc.id",
                                                            "mc.movie_id",
                                                            "mc.company_id",
                                                            "mc.company_type_id",
                                                            "mc.note"
                                                        ],
                                                        "Filter": "((mc.company_id > 2679) AND (mc.company_type_id > 1))",
                                                        "Rows Removed by Filter": 255417,
                                                        "Workers": [
                                                            {
                                                                "Worker Number": 0,
                                                                "Actual Startup Time": 23.637,
                                                                "Actual Total Time": 51.819,
                                                                "Actual Rows": 170261,
                                                                "Actual Loops": 1
                                                            },
                                                            {
                                                                "Worker Number": 1,
                                                                "Actual Startup Time": 23.645,
                                                                "Actual Total Time": 53.184,
                                                                "Actual Rows": 194398,
                                                                "Actual Loops": 1
                                                            },
                                                            {
                                                                "Worker Number": 2,
                                                                "Actual Startup Time": 23.618,
                                                                "Actual Total Time": 56.336,
                                                                "Actual Rows": 140804,
                                                                "Actual Loops": 1
                                                            },
                                                            {
                                                                "Worker Number": 3,
                                                                "Actual Startup Time": 23.536,
                                                                "Actual Total Time": 53.409,
                                                                "Actual Rows": 194523,
                                                                "Actual Loops": 1
                                                            },
                                                            {
                                                                "Worker Number": 4,
                                                                "Actual Startup Time": 23.635,
                                                                "Actual Total Time": 51.93,
                                                                "Actual Rows": 172019,
                                                                "Actual Loops": 1
                                                            }
                                                        ]
                                                    },
                                                    {
                                                        "Node Type": "Hash",
                                                        "Parent Relationship": "Inner",
                                                        "Parallel Aware": true,
                                                        "Startup Cost": 45479.21,
                                                        "Total Cost": 45479.21,
                                                        "Plan Rows": 210666,
                                                        "Plan Width": 4,
                                                        "Actual Startup Time": 143.086,
                                                        "Actual Total Time": 143.087,
                                                        "Actual Rows": 125860,
                                                        "Actual Loops": 6,
                                                        "Output": [
                                                            "t.id"
                                                        ],
                                                        "Hash Buckets": 1048576,
                                                        "Original Hash Buckets": 1048576,
                                                        "Hash Batches": 1,
                                                        "Original Hash Batches": 1,
                                                        "Peak Memory Usage": 37888,
                                                        "Workers": [
                                                            {
                                                                "Worker Number": 0,
                                                                "Actual Startup Time": 144.523,
                                                                "Actual Total Time": 144.524,
                                                                "Actual Rows": 119656,
                                                                "Actual Loops": 1
                                                            },
                                                            {
                                                                "Worker Number": 1,
                                                                "Actual Startup Time": 145.146,
                                                                "Actual Total Time": 145.147,
                                                                "Actual Rows": 130090,
                                                                "Actual Loops": 1
                                                            },
                                                            {
                                                                "Worker Number": 2,
                                                                "Actual Startup Time": 145.196,
                                                                "Actual Total Time": 145.197,
                                                                "Actual Rows": 94318,
                                                                "Actual Loops": 1
                                                            },
                                                            {
                                                                "Worker Number": 3,
                                                                "Actual Startup Time": 145.07,
                                                                "Actual Total Time": 145.071,
                                                                "Actual Rows": 130940,
                                                                "Actual Loops": 1
                                                            },
                                                            {
                                                                "Worker Number": 4,
                                                                "Actual Startup Time": 145.469,
                                                                "Actual Total Time": 145.47,
                                                                "Actual Rows": 116338,
                                                                "Actual Loops": 1
                                                            }
                                                        ],
                                                        "Plans": [
                                                            {
                                                                "Node Type": "Seq Scan",
                                                                "Parent Relationship": "Outer",
                                                                "Parallel Aware": true,
                                                                "Relation Name": "title",
                                                                "Schema": "public",
                                                                "Alias": "t",
                                                                "Startup Cost": 0.0,
                                                                "Total Cost": 45479.21,
                                                                "Plan Rows": 210666,
                                                                "Plan Width": 4,
                                                                "Actual Startup Time": 0.072,
                                                                "Actual Total Time": 82.434,
                                                                "Actual Rows": 125860,
                                                                "Actual Loops": 6,
                                                                "Output": [
                                                                    "t.id"
                                                                ],
                                                                "Filter": "((t.kind_id < 7) AND (t.production_year > 1965))",
                                                                "Rows Removed by Filter": 295525,
                                                                "Workers": [
                                                                    {
                                                                        "Worker Number": 0,
                                                                        "Actual Startup Time": 0.088,
                                                                        "Actual Total Time": 82.175,
                                                                        "Actual Rows": 119656,
                                                                        "Actual Loops": 1
                                                                    },
                                                                    {
                                                                        "Worker Number": 1,
                                                                        "Actual Startup Time": 0.068,
                                                                        "Actual Total Time": 83.163,
                                                                        "Actual Rows": 130090,
                                                                        "Actual Loops": 1
                                                                    },
                                                                    {
                                                                        "Worker Number": 2,
                                                                        "Actual Startup Time": 0.089,
                                                                        "Actual Total Time": 84.777,
                                                                        "Actual Rows": 94318,
                                                                        "Actual Loops": 1
                                                                    },
                                                                    {
                                                                        "Worker Number": 3,
                                                                        "Actual Startup Time": 0.072,
                                                                        "Actual Total Time": 82.892,
                                                                        "Actual Rows": 130940,
                                                                        "Actual Loops": 1
                                                                    },
                                                                    {
                                                                        "Worker Number": 4,
                                                                        "Actual Startup Time": 0.091,
                                                                        "Actual Total Time": 82.315,
                                                                        "Actual Rows": 116338,
                                                                        "Actual Loops": 1
                                                                    }
                                                                ]
                                                            }
                                                        ]
                                                    }
                                                ]
                                            }
                                        ]
                                    }
                                ]
                            }
                        ]
                    }
                ]
            }
        ]
    },
    "Planning Time": 1.587,
    "Triggers": [],
    "Execution Time": 1343.551
}