[
  {
    "Plan": {
      "Node Type": "Aggregate",
      "Strategy": "Plain",
      "Partial Mode": "Finalize",
      "Parallel Aware": false,
      "Startup Cost": 23844.03,
      "Total Cost": 23844.04,
      "Plan Rows": 1,
      "Plan Width": 8,
      "Actual Startup Time": 24.851,
      "Actual Total Time": 29.444,
      "Actual Rows": 1,
      "Actual Loops": 1,
      "Plans": [
        {
          "Node Type": "Gather",
          "Parent Relationship": "Outer",
          "Parallel Aware": false,
          "Startup Cost": 23843.82,
          "Total Cost": 23844.03,
          "Plan Rows": 2,
          "Plan Width": 8,
          "Actual Startup Time": 24.621,
          "Actual Total Time": 29.437,
          "Actual Rows": 3,
          "Actual Loops": 1,
          "Workers Planned": 2,
          "Workers Launched": 2,
          "Single Copy": false,
          "Plans": [
            {
              "Node Type": "Aggregate",
              "Strategy": "Plain",
              "Partial Mode": "Partial",
              "Parent Relationship": "Outer",
              "Parallel Aware": false,
              "Startup Cost": 22843.82,
              "Total Cost": 22843.83,
              "Plan Rows": 1,
              "Plan Width": 8,
              "Actual Startup Time": 19.175,
              "Actual Total Time": 19.177,
              "Actual Rows": 1,
              "Actual Loops": 3,
              "Plans": [
                {
                  "Node Type": "Nested Loop",
                  "Parent Relationship": "Outer",
                  "Parallel Aware": false,
                  "Join Type": "Inner",
                  "Startup Cost": 87.68,
                  "Total Cost": 22843.67,
                  "Plan Rows": 60,
                  "Plan Width": 0,
                  "Actual Startup Time": 1.784,
                  "Actual Total Time": 19.146,
                  "Actual Rows": 138,
                  "Actual Loops": 3,
                  "Inner Unique": false,
                  "Plans": [
                    {
                      "Node Type": "Nested Loop",
                      "Parent Relationship": "Outer",
                      "Parallel Aware": false,
                      "Join Type": "Inner",
                      "Startup Cost": 87.25,
                      "Total Cost": 22737.68,
                      "Plan Rows": 58,
                      "Plan Width": 8,
                      "Actual Startup Time": 1.683,
                      "Actual Total Time": 18.581,
                      "Actual Rows": 19,
                      "Actual Loops": 3,
                      "Inner Unique": true,
                      "Plans": [
                        {
                          "Node Type": "Bitmap Heap Scan",
                          "Parent Relationship": "Outer",
                          "Parallel Aware": true,
                          "Relation Name": "movie_keyword",
                          "Alias": "mk",
                          "Startup Cost": 86.82,
                          "Total Cost": 10431.52,
                          "Plan Rows": 1634,
                          "Plan Width": 4,
                          "Actual Startup Time": 1.307,
                          "Actual Total Time": 6.583,
                          "Actual Rows": 1007,
                          "Actual Loops": 3,
                          "Recheck Cond": "(keyword_id = 643)",
                          "Rows Removed by Index Recheck": 0,
                          "Exact Heap Blocks": 2065,
                          "Lossy Heap Blocks": 0,
                          "Plans": [
                            {
                              "Node Type": "Bitmap Index Scan",
                              "Parent Relationship": "Outer",
                              "Parallel Aware": false,
                              "Index Name": "keyword_id_movie_keyword",
                              "Startup Cost": 0.0,
                              "Total Cost": 85.84,
                              "Plan Rows": 3921,
                              "Plan Width": 0,
                              "Actual Startup Time": 2.717,
                              "Actual Total Time": 2.717,
                              "Actual Rows": 3021,
                              "Actual Loops": 1,
                              "Index Cond": "(keyword_id = 643)"
                            }
                          ]
                        },
                        {
                          "Node Type": "Index Scan",
                          "Parent Relationship": "Inner",
                          "Parallel Aware": false,
                          "Scan Direction": "Forward",
                          "Index Name": "title_pkey",
                          "Relation Name": "title",
                          "Alias": "t",
                          "Startup Cost": 0.43,
                          "Total Cost": 7.53,
                          "Plan Rows": 1,
                          "Plan Width": 4,
                          "Actual Startup Time": 0.011,
                          "Actual Total Time": 0.011,
                          "Actual Rows": 0,
                          "Actual Loops": 3021,
                          "Index Cond": "(id = mk.movie_id)",
                          "Rows Removed by Index Recheck": 0,
                          "Filter": "((production_year > 1915) AND (kind_id = 2))",
                          "Rows Removed by Filter": 1
                        }
                      ]
                    },
                    {
                      "Node Type": "Index Only Scan",
                      "Parent Relationship": "Inner",
                      "Parallel Aware": false,
                      "Scan Direction": "Forward",
                      "Index Name": "movie_id_movie_companies",
                      "Relation Name": "movie_companies",
                      "Alias": "mc",
                      "Startup Cost": 0.43,
                      "Total Cost": 1.78,
                      "Plan Rows": 5,
                      "Plan Width": 4,
                      "Actual Startup Time": 0.019,
                      "Actual Total Time": 0.027,
                      "Actual Rows": 7,
                      "Actual Loops": 58,
                      "Index Cond": "(movie_id = t.id)",
                      "Rows Removed by Index Recheck": 0,
                      "Heap Fetches": 413
                    }
                  ]
                }
              ]
            }
          ]
        }
      ]
    },
    "Planning Time": 0.834,
    "Triggers": [],
    "Execution Time": 29.507
  }
]