[
    {
        "Bao": {
            "Bao prediction": "NaN",
            "Bao recommended hint": "(no hint)"
        }
    },
    {
        "Plan": {
            "Node Type": "Aggregate",
            "Strategy": "Plain",
            "Partial Mode": "Finalize",
            "Parallel Aware": false,
            "Startup Cost": 76371.05,
            "Total Cost": 76371.06,
            "Plan Rows": 1,
            "Plan Width": 8,
            "Actual Startup Time": 166.138,
            "Actual Total Time": 175.557,
            "Actual Rows": 1,
            "Actual Loops": 1,
            "Output": [
                "count(*)"
            ],
            "Plans": [
                {
                    "Node Type": "Gather",
                    "Parent Relationship": "Outer",
                    "Parallel Aware": false,
                    "Startup Cost": 76370.73,
                    "Total Cost": 76371.04,
                    "Plan Rows": 3,
                    "Plan Width": 8,
                    "Actual Startup Time": 165.821,
                    "Actual Total Time": 175.549,
                    "Actual Rows": 4,
                    "Actual Loops": 1,
                    "Output": [
                        "(PARTIAL count(*))"
                    ],
                    "Workers Planned": 3,
                    "Workers Launched": 3,
                    "Single Copy": false,
                    "Plans": [
                        {
                            "Node Type": "Aggregate",
                            "Strategy": "Plain",
                            "Partial Mode": "Partial",
                            "Parent Relationship": "Outer",
                            "Parallel Aware": false,
                            "Startup Cost": 75370.73,
                            "Total Cost": 75370.74,
                            "Plan Rows": 1,
                            "Plan Width": 8,
                            "Actual Startup Time": 157.617,
                            "Actual Total Time": 157.62,
                            "Actual Rows": 1,
                            "Actual Loops": 4,
                            "Output": [
                                "PARTIAL count(*)"
                            ],
                            "Workers": [
                                {
                                    "Worker Number": 0,
                                    "Actual Startup Time": 154.946,
                                    "Actual Total Time": 154.949,
                                    "Actual Rows": 1,
                                    "Actual Loops": 1
                                },
                                {
                                    "Worker Number": 1,
                                    "Actual Startup Time": 154.953,
                                    "Actual Total Time": 154.955,
                                    "Actual Rows": 1,
                                    "Actual Loops": 1
                                },
                                {
                                    "Worker Number": 2,
                                    "Actual Startup Time": 155.031,
                                    "Actual Total Time": 155.033,
                                    "Actual Rows": 1,
                                    "Actual Loops": 1
                                }
                            ],
                            "Plans": [
                                {
                                    "Node Type": "Hash Join",
                                    "Parent Relationship": "Outer",
                                    "Parallel Aware": true,
                                    "Join Type": "Inner",
                                    "Startup Cost": 45582.91,
                                    "Total Cost": 75364.84,
                                    "Plan Rows": 2356,
                                    "Plan Width": 0,
                                    "Actual Startup Time": 112.093,
                                    "Actual Total Time": 157.395,
                                    "Actual Rows": 3217,
                                    "Actual Loops": 4,
                                    "Inner Unique": true,
                                    "Hash Cond": "(mc.movie_id = t.id)",
                                    "Workers": [
                                        {
                                            "Worker Number": 0,
                                            "Actual Startup Time": 109.525,
                                            "Actual Total Time": 154.727,
                                            "Actual Rows": 3225,
                                            "Actual Loops": 1
                                        },
                                        {
                                            "Worker Number": 1,
                                            "Actual Startup Time": 109.319,
                                            "Actual Total Time": 154.724,
                                            "Actual Rows": 3414,
                                            "Actual Loops": 1
                                        },
                                        {
                                            "Worker Number": 2,
                                            "Actual Startup Time": 109.611,
                                            "Actual Total Time": 154.77,
                                            "Actual Rows": 2219,
                                            "Actual Loops": 1
                                        }
                                    ],
                                    "Plans": [
                                        {
                                            "Node Type": "Seq Scan",
                                            "Parent Relationship": "Outer",
                                            "Parallel Aware": true,
                                            "Relation Name": "movie_companies",
                                            "Schema": "public",
                                            "Alias": "mc",
                                            "Startup Cost": 0.0,
                                            "Total Cost": 29310.68,
                                            "Plan Rows": 179524,
                                            "Plan Width": 4,
                                            "Actual Startup Time": 26.125,
                                            "Actual Total Time": 57.258,
                                            "Actual Rows": 139009,
                                            "Actual Loops": 4,
                                            "Output": [
                                                "mc.id",
                                                "mc.movie_id",
                                                "mc.company_id",
                                                "mc.company_type_id",
                                                "mc.note"
                                            ],
                                            "Filter": "(mc.company_id > 71738)",
                                            "Rows Removed by Filter": 513273,
                                            "Workers": [
                                                {
                                                    "Worker Number": 0,
                                                    "Actual Startup Time": 26.083,
                                                    "Actual Total Time": 57.507,
                                                    "Actual Rows": 145220,
                                                    "Actual Loops": 1
                                                },
                                                {
                                                    "Worker Number": 1,
                                                    "Actual Startup Time": 26.108,
                                                    "Actual Total Time": 57.447,
                                                    "Actual Rows": 146281,
                                                    "Actual Loops": 1
                                                },
                                                {
                                                    "Worker Number": 2,
                                                    "Actual Startup Time": 26.19,
                                                    "Actual Total Time": 57.799,
                                                    "Actual Rows": 94376,
                                                    "Actual Loops": 1
                                                }
                                            ]
                                        },
                                        {
                                            "Node Type": "Hash",
                                            "Parent Relationship": "Inner",
                                            "Parallel Aware": true,
                                            "Startup Cost": 45479.21,
                                            "Total Cost": 45479.21,
                                            "Plan Rows": 8296,
                                            "Plan Width": 4,
                                            "Actual Startup Time": 85.09,
                                            "Actual Total Time": 85.091,
                                            "Actual Rows": 7028,
                                            "Actual Loops": 4,
                                            "Output": [
                                                "t.id"
                                            ],
                                            "Hash Buckets": 65536,
                                            "Original Hash Buckets": 65536,
                                            "Hash Batches": 1,
                                            "Original Hash Batches": 1,
                                            "Peak Memory Usage": 1696,
                                            "Workers": [
                                                {
                                                    "Worker Number": 0,
                                                    "Actual Startup Time": 82.364,
                                                    "Actual Total Time": 82.365,
                                                    "Actual Rows": 6836,
                                                    "Actual Loops": 1
                                                },
                                                {
                                                    "Worker Number": 1,
                                                    "Actual Startup Time": 82.402,
                                                    "Actual Total Time": 82.402,
                                                    "Actual Rows": 6791,
                                                    "Actual Loops": 1
                                                },
                                                {
                                                    "Worker Number": 2,
                                                    "Actual Startup Time": 82.362,
                                                    "Actual Total Time": 82.362,
                                                    "Actual Rows": 4504,
                                                    "Actual Loops": 1
                                                }
                                            ],
                                            "Plans": [
                                                {
                                                    "Node Type": "Seq Scan",
                                                    "Parent Relationship": "Outer",
                                                    "Parallel Aware": true,
                                                    "Relation Name": "title",
                                                    "Schema": "public",
                                                    "Alias": "t",
                                                    "Startup Cost": 0.0,
                                                    "Total Cost": 45479.21,
                                                    "Plan Rows": 8296,
                                                    "Plan Width": 4,
                                                    "Actual Startup Time": 0.291,
                                                    "Actual Total Time": 81.98,
                                                    "Actual Rows": 7028,
                                                    "Actual Loops": 4,
                                                    "Output": [
                                                        "t.id"
                                                    ],
                                                    "Filter": "((t.kind_id < 7) AND (t.production_year = 2004))",
                                                    "Rows Removed by Filter": 625050,
                                                    "Workers": [
                                                        {
                                                            "Worker Number": 0,
                                                            "Actual Startup Time": 0.177,
                                                            "Actual Total Time": 79.232,
                                                            "Actual Rows": 6836,
                                                            "Actual Loops": 1
                                                        },
                                                        {
                                                            "Worker Number": 1,
                                                            "Actual Startup Time": 0.548,
                                                            "Actual Total Time": 79.218,
                                                            "Actual Rows": 6791,
                                                            "Actual Loops": 1
                                                        },
                                                        {
                                                            "Worker Number": 2,
                                                            "Actual Startup Time": 0.428,
                                                            "Actual Total Time": 79.26,
                                                            "Actual Rows": 4504,
                                                            "Actual Loops": 1
                                                        }
                                                    ]
                                                }
                                            ]
                                        }
                                    ]
                                }
                            ]
                        }
                    ]
                }
            ]
        },
        "Planning Time": 195.056,
        "Triggers": [],
        "Execution Time": 175.611
    }
]