[
  {
    "Plan": {
      "Node Type": "Aggregate",
      "Strategy": "Plain",
      "Partial Mode": "Finalize",
      "Parallel Aware": false,
      "Startup Cost": 32976.3,
      "Total Cost": 32976.31,
      "Plan Rows": 1,
      "Plan Width": 8,
      "Actual Startup Time": 82.711,
      "Actual Total Time": 90.17,
      "Actual Rows": 1,
      "Actual Loops": 1,
      "Plans": [
        {
          "Node Type": "Gather",
          "Parent Relationship": "Outer",
          "Parallel Aware": false,
          "Startup Cost": 32975.99,
          "Total Cost": 32976.3,
          "Plan Rows": 3,
          "Plan Width": 8,
          "Actual Startup Time": 82.544,
          "Actual Total Time": 90.162,
          "Actual Rows": 4,
          "Actual Loops": 1,
          "Workers Planned": 3,
          "Workers Launched": 3,
          "Single Copy": false,
          "Plans": [
            {
              "Node Type": "Aggregate",
              "Strategy": "Plain",
              "Partial Mode": "Partial",
              "Parent Relationship": "Outer",
              "Parallel Aware": false,
              "Startup Cost": 31975.99,
              "Total Cost": 31976.0,
              "Plan Rows": 1,
              "Plan Width": 8,
              "Actual Startup Time": 75.942,
              "Actual Total Time": 75.943,
              "Actual Rows": 1,
              "Actual Loops": 4,
              "Plans": [
                {
                  "Node Type": "Seq Scan",
                  "Parent Relationship": "Outer",
                  "Parallel Aware": true,
                  "Relation Name": "movie_companies",
                  "Alias": "mc",
                  "Startup Cost": 0.0,
                  "Total Cost": 31414.82,
                  "Plan Rows": 224467,
                  "Plan Width": 0,
                  "Actual Startup Time": 12.19,
                  "Actual Total Time": 70.014,
                  "Actual Rows": 118787,
                  "Actual Loops": 4,
                  "Filter": "((company_id > 10652) AND (company_type_id < 2))",
                  "Rows Removed by Filter": 533495
                }
              ]
            }
          ]
        }
      ]
    },
    "Planning Time": 0.173,
    "Triggers": [],
    "Execution Time": 90.226
  }
]