[
  {
    "Plan": {
      "Node Type": "Aggregate",
      "Strategy": "Plain",
      "Partial Mode": "Finalize",
      "Parallel Aware": false,
      "Startup Cost": 32975.97,
      "Total Cost": 32975.98,
      "Plan Rows": 1,
      "Plan Width": 8,
      "Actual Startup Time": 97.567,
      "Actual Total Time": 105.451,
      "Actual Rows": 1,
      "Actual Loops": 1,
      "Plans": [
        {
          "Node Type": "Gather",
          "Parent Relationship": "Outer",
          "Parallel Aware": false,
          "Startup Cost": 32975.65,
          "Total Cost": 32975.96,
          "Plan Rows": 3,
          "Plan Width": 8,
          "Actual Startup Time": 97.428,
          "Actual Total Time": 105.443,
          "Actual Rows": 4,
          "Actual Loops": 1,
          "Workers Planned": 3,
          "Workers Launched": 3,
          "Single Copy": false,
          "Plans": [
            {
              "Node Type": "Aggregate",
              "Strategy": "Plain",
              "Partial Mode": "Partial",
              "Parent Relationship": "Outer",
              "Parallel Aware": false,
              "Startup Cost": 31975.65,
              "Total Cost": 31975.66,
              "Plan Rows": 1,
              "Plan Width": 8,
              "Actual Startup Time": 91.735,
              "Actual Total Time": 91.736,
              "Actual Rows": 1,
              "Actual Loops": 4,
              "Plans": [
                {
                  "Node Type": "Seq Scan",
                  "Parent Relationship": "Outer",
                  "Parallel Aware": true,
                  "Relation Name": "movie_companies",
                  "Alias": "mc",
                  "Startup Cost": 0.0,
                  "Total Cost": 31414.82,
                  "Plan Rows": 224334,
                  "Plan Width": 0,
                  "Actual Startup Time": 21.436,
                  "Actual Total Time": 85.258,
                  "Actual Rows": 118787,
                  "Actual Loops": 4,
                  "Filter": "((company_id > 10652) AND (company_type_id < 2))",
                  "Rows Removed by Filter": 533495
                }
              ]
            }
          ]
        }
      ]
    },
    "Planning Time": 0.207,
    "Triggers": [],
    "Execution Time": 105.506
  }
]