[
  {
    "Plan": {
      "Node Type": "Aggregate",
      "Strategy": "Plain",
      "Partial Mode": "Finalize",
      "Parallel Aware": false,
      "Startup Cost": 46957.41,
      "Total Cost": 46957.42,
      "Plan Rows": 1,
      "Plan Width": 8,
      "Actual Startup Time": 94.742,
      "Actual Total Time": 112.109,
      "Actual Rows": 1,
      "Actual Loops": 1,
      "Plans": [
        {
          "Node Type": "Gather",
          "Parent Relationship": "Outer",
          "Parallel Aware": false,
          "Startup Cost": 46957.19,
          "Total Cost": 46957.4,
          "Plan Rows": 2,
          "Plan Width": 8,
          "Actual Startup Time": 94.485,
          "Actual Total Time": 112.1,
          "Actual Rows": 3,
          "Actual Loops": 1,
          "Workers Planned": 2,
          "Workers Launched": 2,
          "Single Copy": false,
          "Plans": [
            {
              "Node Type": "Aggregate",
              "Strategy": "Plain",
              "Partial Mode": "Partial",
              "Parent Relationship": "Outer",
              "Parallel Aware": false,
              "Startup Cost": 45957.19,
              "Total Cost": 45957.2,
              "Plan Rows": 1,
              "Plan Width": 8,
              "Actual Startup Time": 89.362,
              "Actual Total Time": 89.364,
              "Actual Rows": 1,
              "Actual Loops": 3,
              "Plans": [
                {
                  "Node Type": "Nested Loop",
                  "Parent Relationship": "Outer",
                  "Parallel Aware": false,
                  "Join Type": "Inner",
                  "Startup Cost": 171.24,
                  "Total Cost": 45908.51,
                  "Plan Rows": 19472,
                  "Plan Width": 0,
                  "Actual Startup Time": 4.089,
                  "Actual Total Time": 86.798,
                  "Actual Rows": 37278,
                  "Actual Loops": 3,
                  "Inner Unique": false,
                  "Plans": [
                    {
                      "Node Type": "Nested Loop",
                      "Parent Relationship": "Outer",
                      "Parallel Aware": false,
                      "Join Type": "Inner",
                      "Startup Cost": 170.8,
                      "Total Cost": 39474.84,
                      "Plan Rows": 3330,
                      "Plan Width": 8,
                      "Actual Startup Time": 3.963,
                      "Actual Total Time": 28.243,
                      "Actual Rows": 2547,
                      "Actual Loops": 3,
                      "Inner Unique": true,
                      "Plans": [
                        {
                          "Node Type": "Bitmap Heap Scan",
                          "Parent Relationship": "Outer",
                          "Parallel Aware": true,
                          "Relation Name": "movie_keyword",
                          "Alias": "mk",
                          "Startup Cost": 170.37,
                          "Total Cost": 16768.0,
                          "Plan Rows": 3330,
                          "Plan Width": 4,
                          "Actual Startup Time": 3.839,
                          "Actual Total Time": 11.015,
                          "Actual Rows": 2547,
                          "Actual Loops": 3,
                          "Recheck Cond": "(keyword_id = 3660)",
                          "Rows Removed by Index Recheck": 0,
                          "Exact Heap Blocks": 2411,
                          "Lossy Heap Blocks": 0,
                          "Plans": [
                            {
                              "Node Type": "Bitmap Index Scan",
                              "Parent Relationship": "Outer",
                              "Parallel Aware": false,
                              "Index Name": "keyword_id_movie_keyword",
                              "Startup Cost": 0.0,
                              "Total Cost": 168.37,
                              "Plan Rows": 7992,
                              "Plan Width": 0,
                              "Actual Startup Time": 6.204,
                              "Actual Total Time": 6.205,
                              "Actual Rows": 7640,
                              "Actual Loops": 1,
                              "Index Cond": "(keyword_id = 3660)"
                            }
                          ]
                        },
                        {
                          "Node Type": "Index Only Scan",
                          "Parent Relationship": "Inner",
                          "Parallel Aware": false,
                          "Scan Direction": "Forward",
                          "Index Name": "title_pkey",
                          "Relation Name": "title",
                          "Alias": "t",
                          "Startup Cost": 0.43,
                          "Total Cost": 6.82,
                          "Plan Rows": 1,
                          "Plan Width": 4,
                          "Actual Startup Time": 0.006,
                          "Actual Total Time": 0.006,
                          "Actual Rows": 1,
                          "Actual Loops": 7640,
                          "Index Cond": "(id = mk.movie_id)",
                          "Rows Removed by Index Recheck": 0,
                          "Heap Fetches": 7640
                        }
                      ]
                    },
                    {
                      "Node Type": "Index Only Scan",
                      "Parent Relationship": "Inner",
                      "Parallel Aware": false,
                      "Scan Direction": "Forward",
                      "Index Name": "movie_id_movie_info",
                      "Relation Name": "movie_info",
                      "Alias": "mi",
                      "Startup Cost": 0.43,
                      "Total Cost": 1.51,
                      "Plan Rows": 42,
                      "Plan Width": 4,
                      "Actual Startup Time": 0.007,
                      "Actual Total Time": 0.021,
                      "Actual Rows": 15,
                      "Actual Loops": 7640,
                      "Index Cond": "(movie_id = t.id)",
                      "Rows Removed by Index Recheck": 0,
                      "Heap Fetches": 111835
                    }
                  ]
                }
              ]
            }
          ]
        }
      ]
    },
    "Planning Time": 1.382,
    "Triggers": [],
    "Execution Time": 112.218
  }
]