[
  {
    "Plan": {
      "Node Type": "Aggregate",
      "Strategy": "Plain",
      "Partial Mode": "Finalize",
      "Parallel Aware": false,
      "Startup Cost": 61770.02,
      "Total Cost": 61770.03,
      "Plan Rows": 1,
      "Plan Width": 8,
      "Actual Startup Time": 174.414,
      "Actual Total Time": 190.061,
      "Actual Rows": 1,
      "Actual Loops": 1,
      "Plans": [
        {
          "Node Type": "Gather",
          "Parent Relationship": "Outer",
          "Parallel Aware": false,
          "Startup Cost": 61769.81,
          "Total Cost": 61770.02,
          "Plan Rows": 2,
          "Plan Width": 8,
          "Actual Startup Time": 174.203,
          "Actual Total Time": 190.055,
          "Actual Rows": 3,
          "Actual Loops": 1,
          "Workers Planned": 2,
          "Workers Launched": 2,
          "Single Copy": false,
          "Plans": [
            {
              "Node Type": "Aggregate",
              "Strategy": "Plain",
              "Partial Mode": "Partial",
              "Parent Relationship": "Outer",
              "Parallel Aware": false,
              "Startup Cost": 60769.81,
              "Total Cost": 60769.82,
              "Plan Rows": 1,
              "Plan Width": 8,
              "Actual Startup Time": 171.359,
              "Actual Total Time": 171.363,
              "Actual Rows": 1,
              "Actual Loops": 3,
              "Plans": [
                {
                  "Node Type": "Hash Join",
                  "Parent Relationship": "Outer",
                  "Parallel Aware": true,
                  "Join Type": "Inner",
                  "Startup Cost": 45560.52,
                  "Total Cost": 60755.08,
                  "Plan Rows": 5890,
                  "Plan Width": 0,
                  "Actual Startup Time": 127.36,
                  "Actual Total Time": 170.997,
                  "Actual Rows": 7170,
                  "Actual Loops": 3,
                  "Inner Unique": true,
                  "Hash Cond": "(mi_idx.movie_id = t.id)",
                  "Plans": [
                    {
                      "Node Type": "Seq Scan",
                      "Parent Relationship": "Outer",
                      "Parallel Aware": true,
                      "Relation Name": "movie_info_idx",
                      "Alias": "mi_idx",
                      "Startup Cost": 0.0,
                      "Total Cost": 13685.15,
                      "Plan Rows": 575015,
                      "Plan Width": 4,
                      "Actual Startup Time": 0.009,
                      "Actual Total Time": 36.83,
                      "Actual Rows": 460012,
                      "Actual Loops": 3
                    },
                    {
                      "Node Type": "Hash",
                      "Parent Relationship": "Inner",
                      "Parallel Aware": true,
                      "Startup Cost": 45479.59,
                      "Total Cost": 45479.59,
                      "Plan Rows": 6475,
                      "Plan Width": 4,
                      "Actual Startup Time": 99.484,
                      "Actual Total Time": 99.485,
                      "Actual Rows": 5152,
                      "Actual Loops": 3,
                      "Hash Buckets": 32768,
                      "Original Hash Buckets": 32768,
                      "Hash Batches": 1,
                      "Original Hash Batches": 1,
                      "Peak Memory Usage": 896,
                      "Plans": [
                        {
                          "Node Type": "Seq Scan",
                          "Parent Relationship": "Outer",
                          "Parallel Aware": true,
                          "Relation Name": "title",
                          "Alias": "t",
                          "Startup Cost": 0.0,
                          "Total Cost": 45479.59,
                          "Plan Rows": 6475,
                          "Plan Width": 4,
                          "Actual Startup Time": 55.123,
                          "Actual Total Time": 97.611,
                          "Actual Rows": 5152,
                          "Actual Loops": 3,
                          "Filter": "((kind_id = 1) AND (production_year = 2005))",
                          "Rows Removed by Filter": 837618
                        }
                      ]
                    }
                  ]
                }
              ]
            }
          ]
        }
      ]
    },
    "Planning Time": 0.231,
    "Triggers": [],
    "Execution Time": 190.097
  }
]