{
  "Plan": {
    "Node Type": "Aggregate",
    "Strategy": "Plain",
    "Partial Mode": "Finalize",
    "Parallel Aware": false,
    "Startup Cost": 271232.53,
    "Total Cost": 271232.54,
    "Plan Rows": 1,
    "Plan Width": 8,
    "Actual Startup Time": 176.755,
    "Actual Total Time": 194.222,
    "Actual Rows": 1,
    "Actual Loops": 1,
    "Plans": [
      {
        "Node Type": "Gather",
        "Parent Relationship": "Outer",
        "Parallel Aware": false,
        "Startup Cost": 271232.42,
        "Total Cost": 271232.53,
        "Plan Rows": 1,
        "Plan Width": 8,
        "Actual Startup Time": 176.627,
        "Actual Total Time": 194.213,
        "Actual Rows": 2,
        "Actual Loops": 1,
        "Workers Planned": 1,
        "Workers Launched": 1,
        "Single Copy": false,
        "Plans": [
          {
            "Node Type": "Aggregate",
            "Strategy": "Plain",
            "Partial Mode": "Partial",
            "Parent Relationship": "Outer",
            "Parallel Aware": false,
            "Startup Cost": 270232.42,
            "Total Cost": 270232.43,
            "Plan Rows": 1,
            "Plan Width": 8,
            "Actual Startup Time": 173.519,
            "Actual Total Time": 173.521,
            "Actual Rows": 1,
            "Actual Loops": 2,
            "Plans": [
              {
                "Node Type": "Nested Loop",
                "Parent Relationship": "Outer",
                "Parallel Aware": false,
                "Join Type": "Inner",
                "Startup Cost": 0.43,
                "Total Cost": 270216.31,
                "Plan Rows": 6444,
                "Plan Width": 0,
                "Actual Startup Time": 5.39,
                "Actual Total Time": 172.961,
                "Actual Rows": 7632,
                "Actual Loops": 2,
                "Inner Unique": false,
                "Plans": [
                  {
                    "Node Type": "Seq Scan",
                    "Parent Relationship": "Outer",
                    "Parallel Aware": true,
                    "Relation Name": "title",
                    "Alias": "t",
                    "Startup Cost": 0.0,
                    "Total Cost": 54588.39,
                    "Plan Rows": 1718,
                    "Plan Width": 4,
                    "Actual Startup Time": 0.424,
                    "Actual Total Time": 131.332,
                    "Actual Rows": 1758,
                    "Actual Loops": 2,
                    "Filter": "(production_year > 2013)",
                    "Rows Removed by Filter": 1262398
                  },
                  {
                    "Node Type": "Index Scan",
                    "Parent Relationship": "Inner",
                    "Parallel Aware": false,
                    "Scan Direction": "Forward",
                    "Index Name": "movie_id_movie_info",
                    "Relation Name": "movie_info",
                    "Alias": "mi",
                    "Startup Cost": 0.43,
                    "Total Cost": 125.24,
                    "Plan Rows": 27,
                    "Plan Width": 4,
                    "Actual Startup Time": 0.012,
                    "Actual Total Time": 0.023,
                    "Actual Rows": 4,
                    "Actual Loops": 3515,
                    "Index Cond": "(movie_id = t.id)",
                    "Rows Removed by Index Recheck": 0,
                    "Filter": "(info_type_id < 16)",
                    "Rows Removed by Filter": 2
                  }
                ]
              }
            ]
          }
        ]
      }
    ]
  },
  "Planning Time": 0.298,
  "Triggers": [],
  "Execution Time": 194.281
}