[
  {
    "Plan": {
      "Node Type": "Aggregate",
      "Strategy": "Plain",
      "Partial Mode": "Finalize",
      "Parallel Aware": false,
      "Startup Cost": 31639.03,
      "Total Cost": 31639.04,
      "Plan Rows": 1,
      "Plan Width": 8,
      "Actual Startup Time": 110.738,
      "Actual Total Time": 117.008,
      "Actual Rows": 1,
      "Actual Loops": 1,
      "Plans": [
        {
          "Node Type": "Gather",
          "Parent Relationship": "Outer",
          "Parallel Aware": false,
          "Startup Cost": 31638.71,
          "Total Cost": 31639.02,
          "Plan Rows": 3,
          "Plan Width": 8,
          "Actual Startup Time": 110.628,
          "Actual Total Time": 116.999,
          "Actual Rows": 4,
          "Actual Loops": 1,
          "Workers Planned": 3,
          "Workers Launched": 3,
          "Single Copy": false,
          "Plans": [
            {
              "Node Type": "Aggregate",
              "Strategy": "Plain",
              "Partial Mode": "Partial",
              "Parent Relationship": "Outer",
              "Parallel Aware": false,
              "Startup Cost": 30638.71,
              "Total Cost": 30638.72,
              "Plan Rows": 1,
              "Plan Width": 8,
              "Actual Startup Time": 102.534,
              "Actual Total Time": 102.535,
              "Actual Rows": 1,
              "Actual Loops": 4,
              "Plans": [
                {
                  "Node Type": "Seq Scan",
                  "Parent Relationship": "Outer",
                  "Parallel Aware": true,
                  "Relation Name": "movie_companies",
                  "Alias": "mc",
                  "Startup Cost": 0.0,
                  "Total Cost": 29310.68,
                  "Plan Rows": 531211,
                  "Plan Width": 0,
                  "Actual Startup Time": 0.045,
                  "Actual Total Time": 80.688,
                  "Actual Rows": 408868,
                  "Actual Loops": 4,
                  "Filter": "(company_id < 17570)",
                  "Rows Removed by Filter": 243414
                }
              ]
            }
          ]
        }
      ]
    },
    "Planning Time": 0.23,
    "Triggers": [],
    "Execution Time": 117.067
  }
]