{
  "Plan": {
    "Node Type": "Aggregate",
    "Strategy": "Plain",
    "Partial Mode": "Finalize",
    "Parallel Aware": false,
    "Startup Cost": 114297.44,
    "Total Cost": 114297.45,
    "Plan Rows": 1,
    "Plan Width": 8,
    "Actual Startup Time": 819.482,
    "Actual Total Time": 832.52,
    "Actual Rows": 1,
    "Actual Loops": 1,
    "Plans": [
      {
        "Node Type": "Gather",
        "Parent Relationship": "Outer",
        "Parallel Aware": false,
        "Startup Cost": 114297.33,
        "Total Cost": 114297.44,
        "Plan Rows": 1,
        "Plan Width": 8,
        "Actual Startup Time": 816.575,
        "Actual Total Time": 832.514,
        "Actual Rows": 2,
        "Actual Loops": 1,
        "Workers Planned": 1,
        "Workers Launched": 1,
        "Single Copy": false,
        "Plans": [
          {
            "Node Type": "Aggregate",
            "Strategy": "Plain",
            "Partial Mode": "Partial",
            "Parent Relationship": "Outer",
            "Parallel Aware": false,
            "Startup Cost": 113297.33,
            "Total Cost": 113297.34,
            "Plan Rows": 1,
            "Plan Width": 8,
            "Actual Startup Time": 810.628,
            "Actual Total Time": 810.632,
            "Actual Rows": 1,
            "Actual Loops": 2,
            "Plans": [
              {
                "Node Type": "Hash Join",
                "Parent Relationship": "Outer",
                "Parallel Aware": true,
                "Join Type": "Inner",
                "Startup Cost": 48587.84,
                "Total Cost": 111942.1,
                "Plan Rows": 542089,
                "Plan Width": 0,
                "Actual Startup Time": 290.477,
                "Actual Total Time": 788.637,
                "Actual Rows": 552256,
                "Actual Loops": 2,
                "Inner Unique": false,
                "Hash Cond": "(t.id = mc.movie_id)",
                "Plans": [
                  {
                    "Node Type": "Seq Scan",
                    "Parent Relationship": "Outer",
                    "Parallel Aware": true,
                    "Relation Name": "title",
                    "Alias": "t",
                    "Startup Cost": 0.0,
                    "Total Cost": 50870.31,
                    "Plan Rows": 1487231,
                    "Plan Width": 4,
                    "Actual Startup Time": 0.009,
                    "Actual Total Time": 113.539,
                    "Actual Rows": 1264156,
                    "Actual Loops": 2
                  },
                  {
                    "Node Type": "Hash",
                    "Parent Relationship": "Inner",
                    "Parallel Aware": true,
                    "Startup Cost": 41811.73,
                    "Total Cost": 41811.73,
                    "Plan Rows": 542089,
                    "Plan Width": 4,
                    "Actual Startup Time": 281.245,
                    "Actual Total Time": 281.246,
                    "Actual Rows": 552256,
                    "Actual Loops": 2,
                    "Hash Buckets": 2097152,
                    "Original Hash Buckets": 1048576,
                    "Hash Batches": 1,
                    "Original Hash Batches": 1,
                    "Peak Memory Usage": 67840,
                    "Plans": [
                      {
                        "Node Type": "Seq Scan",
                        "Parent Relationship": "Outer",
                        "Parallel Aware": true,
                        "Relation Name": "movie_companies",
                        "Alias": "mc",
                        "Startup Cost": 0.0,
                        "Total Cost": 41811.73,
                        "Plan Rows": 542089,
                        "Plan Width": 4,
                        "Actual Startup Time": 65.545,
                        "Actual Total Time": 142.796,
                        "Actual Rows": 552256,
                        "Actual Loops": 2,
                        "Filter": "((company_id > 1700) AND (company_type_id > 1))",
                        "Rows Removed by Filter": 752308
                      }
                    ]
                  }
                ]
              }
            ]
          }
        ]
      }
    ]
  },
  "Planning Time": 0.688,
  "Triggers": [],
  "Execution Time": 832.589
}