{
  "Plan": {
    "Node Type": "Aggregate",
    "Strategy": "Plain",
    "Partial Mode": "Finalize",
    "Parallel Aware": false,
    "Startup Cost": 586483.95,
    "Total Cost": 586483.96,
    "Plan Rows": 1,
    "Plan Width": 8,
    "Actual Startup Time": 3003.777,
    "Actual Total Time": 3036.129,
    "Actual Rows": 1,
    "Actual Loops": 1,
    "Plans": [
      {
        "Node Type": "Gather",
        "Parent Relationship": "Outer",
        "Parallel Aware": false,
        "Startup Cost": 586483.83,
        "Total Cost": 586483.94,
        "Plan Rows": 1,
        "Plan Width": 8,
        "Actual Startup Time": 3001.567,
        "Actual Total Time": 3036.121,
        "Actual Rows": 2,
        "Actual Loops": 1,
        "Workers Planned": 1,
        "Workers Launched": 1,
        "Single Copy": false,
        "Plans": [
          {
            "Node Type": "Aggregate",
            "Strategy": "Plain",
            "Partial Mode": "Partial",
            "Parent Relationship": "Outer",
            "Parallel Aware": false,
            "Startup Cost": 585483.83,
            "Total Cost": 585483.84,
            "Plan Rows": 1,
            "Plan Width": 8,
            "Actual Startup Time": 2993.369,
            "Actual Total Time": 2993.374,
            "Actual Rows": 1,
            "Actual Loops": 2,
            "Plans": [
              {
                "Node Type": "Hash Join",
                "Parent Relationship": "Outer",
                "Parallel Aware": true,
                "Join Type": "Inner",
                "Startup Cost": 273374.49,
                "Total Cost": 579197.68,
                "Plan Rows": 2514460,
                "Plan Width": 0,
                "Actual Startup Time": 1835.033,
                "Actual Total Time": 2934.716,
                "Actual Rows": 1353158,
                "Actual Loops": 2,
                "Inner Unique": false,
                "Hash Cond": "(ci.movie_id = t.id)",
                "Plans": [
                  {
                    "Node Type": "Index Scan",
                    "Parent Relationship": "Outer",
                    "Parallel Aware": true,
                    "Scan Direction": "Forward",
                    "Index Name": "role_id_cast_info",
                    "Relation Name": "cast_info",
                    "Alias": "ci",
                    "Startup Cost": 0.56,
                    "Total Cost": 276001.42,
                    "Plan Rows": 4008373,
                    "Plan Width": 4,
                    "Actual Startup Time": 0.057,
                    "Actual Total Time": 598.193,
                    "Actual Rows": 1746829,
                    "Actual Loops": 2,
                    "Index Cond": "(role_id > 5)",
                    "Rows Removed by Index Recheck": 0,
                    "Filter": "(person_id < 2931595)",
                    "Rows Removed by Filter": 2496328
                  },
                  {
                    "Node Type": "Hash",
                    "Parent Relationship": "Inner",
                    "Parallel Aware": true,
                    "Startup Cost": 261712.13,
                    "Total Cost": 261712.13,
                    "Plan Rows": 932943,
                    "Plan Width": 8,
                    "Actual Startup Time": 1820.35,
                    "Actual Total Time": 1820.352,
                    "Actual Rows": 358654,
                    "Actual Loops": 2,
                    "Hash Buckets": 2097152,
                    "Original Hash Buckets": 2097152,
                    "Hash Batches": 1,
                    "Original Hash Batches": 1,
                    "Peak Memory Usage": 44480,
                    "Plans": [
                      {
                        "Node Type": "Merge Join",
                        "Parent Relationship": "Outer",
                        "Parallel Aware": false,
                        "Join Type": "Inner",
                        "Startup Cost": 2.97,
                        "Total Cost": 261712.13,
                        "Plan Rows": 932943,
                        "Plan Width": 8,
                        "Actual Startup Time": 0.449,
                        "Actual Total Time": 1717.884,
                        "Actual Rows": 358654,
                        "Actual Loops": 2,
                        "Inner Unique": false,
                        "Merge Cond": "(t.id = mc.movie_id)",
                        "Plans": [
                          {
                            "Node Type": "Index Scan",
                            "Parent Relationship": "Outer",
                            "Parallel Aware": true,
                            "Scan Direction": "Forward",
                            "Index Name": "title_pkey",
                            "Relation Name": "title",
                            "Alias": "t",
                            "Startup Cost": 0.43,
                            "Total Cost": 103647.43,
                            "Plan Rows": 904038,
                            "Plan Width": 4,
                            "Actual Startup Time": 0.083,
                            "Actual Total Time": 766.179,
                            "Actual Rows": 771052,
                            "Actual Loops": 2,
                            "Filter": "(kind_id = 7)",
                            "Rows Removed by Filter": 491982
                          },
                          {
                            "Node Type": "Index Only Scan",
                            "Parent Relationship": "Inner",
                            "Parallel Aware": false,
                            "Scan Direction": "Forward",
                            "Index Name": "movie_id_movie_companies",
                            "Relation Name": "movie_companies",
                            "Alias": "mc",
                            "Startup Cost": 0.43,
                            "Total Cost": 140059.44,
                            "Plan Rows": 2609129,
                            "Plan Width": 4,
                            "Actual Startup Time": 0.139,
                            "Actual Total Time": 758.757,
                            "Actual Rows": 2609129,
                            "Actual Loops": 2,
                            "Heap Fetches": 5218258
                          }
                        ]
                      }
                    ]
                  }
                ]
              }
            ]
          }
        ]
      }
    ]
  },
  "Planning Time": 1.103,
  "Triggers": [],
  "Execution Time": 3036.231
}