[
  {
    "Plan": {
      "Node Type": "Aggregate",
      "Strategy": "Plain",
      "Partial Mode": "Finalize",
      "Parallel Aware": false,
      "Startup Cost": 250760.69,
      "Total Cost": 250760.7,
      "Plan Rows": 1,
      "Plan Width": 8,
      "Actual Startup Time": 745.312,
      "Actual Total Time": 793.136,
      "Actual Rows": 1,
      "Actual Loops": 1,
      "Plans": [
        {
          "Node Type": "Gather",
          "Parent Relationship": "Outer",
          "Parallel Aware": false,
          "Startup Cost": 250760.17,
          "Total Cost": 250760.68,
          "Plan Rows": 5,
          "Plan Width": 8,
          "Actual Startup Time": 744.757,
          "Actual Total Time": 793.113,
          "Actual Rows": 6,
          "Actual Loops": 1,
          "Workers Planned": 5,
          "Workers Launched": 5,
          "Single Copy": false,
          "Plans": [
            {
              "Node Type": "Aggregate",
              "Strategy": "Plain",
              "Partial Mode": "Partial",
              "Parent Relationship": "Outer",
              "Parallel Aware": false,
              "Startup Cost": 249760.17,
              "Total Cost": 249760.18,
              "Plan Rows": 1,
              "Plan Width": 8,
              "Actual Startup Time": 735.105,
              "Actual Total Time": 735.108,
              "Actual Rows": 1,
              "Actual Loops": 6,
              "Plans": [
                {
                  "Node Type": "Hash Join",
                  "Parent Relationship": "Outer",
                  "Parallel Aware": true,
                  "Join Type": "Inner",
                  "Startup Cost": 44024.94,
                  "Total Cost": 249658.67,
                  "Plan Rows": 40600,
                  "Plan Width": 0,
                  "Actual Startup Time": 95.808,
                  "Actual Total Time": 731.003,
                  "Actual Rows": 68223,
                  "Actual Loops": 6,
                  "Inner Unique": true,
                  "Hash Cond": "(mi.movie_id = t.id)",
                  "Plans": [
                    {
                      "Node Type": "Seq Scan",
                      "Parent Relationship": "Outer",
                      "Parallel Aware": true,
                      "Relation Name": "movie_info",
                      "Alias": "mi",
                      "Startup Cost": 0.0,
                      "Total Cost": 198952.16,
                      "Plan Rows": 2545353,
                      "Plan Width": 4,
                      "Actual Startup Time": 0.031,
                      "Actual Total Time": 395.133,
                      "Actual Rows": 2124109,
                      "Actual Loops": 6,
                      "Filter": "(info_type_id > 2)",
                      "Rows Removed by Filter": 348511
                    },
                    {
                      "Node Type": "Hash",
                      "Parent Relationship": "Inner",
                      "Parallel Aware": true,
                      "Startup Cost": 43898.92,
                      "Total Cost": 43898.92,
                      "Plan Rows": 10082,
                      "Plan Width": 4,
                      "Actual Startup Time": 84.185,
                      "Actual Total Time": 84.186,
                      "Actual Rows": 7137,
                      "Actual Loops": 6,
                      "Hash Buckets": 65536,
                      "Original Hash Buckets": 65536,
                      "Hash Batches": 1,
                      "Original Hash Batches": 1,
                      "Peak Memory Usage": 2304,
                      "Plans": [
                        {
                          "Node Type": "Seq Scan",
                          "Parent Relationship": "Outer",
                          "Parallel Aware": true,
                          "Relation Name": "title",
                          "Alias": "t",
                          "Startup Cost": 0.0,
                          "Total Cost": 43898.92,
                          "Plan Rows": 10082,
                          "Plan Width": 4,
                          "Actual Startup Time": 52.18,
                          "Actual Total Time": 81.002,
                          "Actual Rows": 7137,
                          "Actual Loops": 6,
                          "Filter": "(production_year < 1913)",
                          "Rows Removed by Filter": 414249
                        }
                      ]
                    }
                  ]
                }
              ]
            }
          ]
        }
      ]
    },
    "Planning Time": 0.597,
    "Triggers": [],
    "Execution Time": 793.218
  }
]