[
  {
    "Plan": {
      "Node Type": "Aggregate",
      "Strategy": "Plain",
      "Partial Mode": "Finalize",
      "Parallel Aware": false,
      "Startup Cost": 333600.09,
      "Total Cost": 333600.1,
      "Plan Rows": 1,
      "Plan Width": 8,
      "Actual Startup Time": 729.068,
      "Actual Total Time": 788.854,
      "Actual Rows": 1,
      "Actual Loops": 1,
      "Plans": [
        {
          "Node Type": "Gather",
          "Parent Relationship": "Outer",
          "Parallel Aware": false,
          "Startup Cost": 333599.47,
          "Total Cost": 333600.08,
          "Plan Rows": 6,
          "Plan Width": 8,
          "Actual Startup Time": 728.949,
          "Actual Total Time": 788.843,
          "Actual Rows": 7,
          "Actual Loops": 1,
          "Workers Planned": 6,
          "Workers Launched": 6,
          "Single Copy": false,
          "Plans": [
            {
              "Node Type": "Aggregate",
              "Strategy": "Plain",
              "Partial Mode": "Partial",
              "Parent Relationship": "Outer",
              "Parallel Aware": false,
              "Startup Cost": 332599.47,
              "Total Cost": 332599.48,
              "Plan Rows": 1,
              "Plan Width": 8,
              "Actual Startup Time": 718.746,
              "Actual Total Time": 718.748,
              "Actual Rows": 1,
              "Actual Loops": 7,
              "Plans": [
                {
                  "Node Type": "Seq Scan",
                  "Parent Relationship": "Outer",
                  "Parallel Aware": true,
                  "Relation Name": "cast_info",
                  "Alias": "ci",
                  "Startup Cost": 0.0,
                  "Total Cost": 328162.03,
                  "Plan Rows": 1774976,
                  "Plan Width": 0,
                  "Actual Startup Time": 0.052,
                  "Actual Total Time": 638.422,
                  "Actual Rows": 1526926,
                  "Actual Loops": 7,
                  "Filter": "(person_id < 1048567)",
                  "Rows Removed by Filter": 3650837
                }
              ]
            }
          ]
        }
      ]
    },
    "Planning Time": 0.212,
    "Triggers": [],
    "Execution Time": 788.922
  }
]