[
  {
    "Plan": {
      "Node Type": "Aggregate",
      "Strategy": "Plain",
      "Partial Mode": "Finalize",
      "Parallel Aware": false,
      "Startup Cost": 579989.2,
      "Total Cost": 579989.21,
      "Plan Rows": 1,
      "Plan Width": 8,
      "Actual Startup Time": 2471.726,
      "Actual Total Time": 2555.528,
      "Actual Rows": 1,
      "Actual Loops": 1,
      "Plans": [
        {
          "Node Type": "Gather",
          "Parent Relationship": "Outer",
          "Parallel Aware": false,
          "Startup Cost": 579988.68,
          "Total Cost": 579989.19,
          "Plan Rows": 5,
          "Plan Width": 8,
          "Actual Startup Time": 2460.95,
          "Actual Total Time": 2555.519,
          "Actual Rows": 6,
          "Actual Loops": 1,
          "Workers Planned": 5,
          "Workers Launched": 5,
          "Single Copy": false,
          "Plans": [
            {
              "Node Type": "Aggregate",
              "Strategy": "Plain",
              "Partial Mode": "Partial",
              "Parent Relationship": "Outer",
              "Parallel Aware": false,
              "Startup Cost": 578988.68,
              "Total Cost": 578988.69,
              "Plan Rows": 1,
              "Plan Width": 8,
              "Actual Startup Time": 2446.901,
              "Actual Total Time": 2446.905,
              "Actual Rows": 1,
              "Actual Loops": 6,
              "Plans": [
                {
                  "Node Type": "Nested Loop",
                  "Parent Relationship": "Outer",
                  "Parallel Aware": false,
                  "Join Type": "Inner",
                  "Startup Cost": 75212.85,
                  "Total Cost": 578184.45,
                  "Plan Rows": 321691,
                  "Plan Width": 0,
                  "Actual Startup Time": 231.398,
                  "Actual Total Time": 2422.621,
                  "Actual Rows": 440731,
                  "Actual Loops": 6,
                  "Inner Unique": false,
                  "Join Filter": "(t.id = ci.movie_id)",
                  "Rows Removed by Join Filter": 0,
                  "Plans": [
                    {
                      "Node Type": "Hash Join",
                      "Parent Relationship": "Outer",
                      "Parallel Aware": true,
                      "Join Type": "Inner",
                      "Startup Cost": 75212.29,
                      "Total Cost": 241848.77,
                      "Plan Rows": 136171,
                      "Plan Width": 8,
                      "Actual Startup Time": 230.241,
                      "Actual Total Time": 366.51,
                      "Actual Rows": 122404,
                      "Actual Loops": 6,
                      "Inner Unique": true,
                      "Hash Cond": "(mi.movie_id = t.id)",
                      "Plans": [
                        {
                          "Node Type": "Bitmap Heap Scan",
                          "Parent Relationship": "Outer",
                          "Parallel Aware": true,
                          "Relation Name": "movie_info",
                          "Alias": "mi",
                          "Startup Cost": 27808.97,
                          "Total Cost": 193639.56,
                          "Plan Rows": 307007,
                          "Plan Width": 4,
                          "Actual Startup Time": 53.825,
                          "Actual Total Time": 86.855,
                          "Actual Rows": 255652,
                          "Actual Loops": 6,
                          "Recheck Cond": "(info_type_id = 3)",
                          "Rows Removed by Index Recheck": 0,
                          "Exact Heap Blocks": 1959,
                          "Lossy Heap Blocks": 0,
                          "Plans": [
                            {
                              "Node Type": "Bitmap Index Scan",
                              "Parent Relationship": "Outer",
                              "Parallel Aware": false,
                              "Index Name": "info_type_id_movie_info",
                              "Startup Cost": 0.0,
                              "Total Cost": 27425.21,
                              "Plan Rows": 1535037,
                              "Plan Width": 0,
                              "Actual Startup Time": 52.187,
                              "Actual Total Time": 52.188,
                              "Actual Rows": 1533909,
                              "Actual Loops": 1,
                              "Index Cond": "(info_type_id = 3)"
                            }
                          ]
                        },
                        {
                          "Node Type": "Hash",
                          "Parent Relationship": "Inner",
                          "Parallel Aware": true,
                          "Startup Cost": 43898.92,
                          "Total Cost": 43898.92,
                          "Plan Rows": 280352,
                          "Plan Width": 4,
                          "Actual Startup Time": 171.305,
                          "Actual Total Time": 171.306,
                          "Actual Rows": 188892,
                          "Actual Loops": 6,
                          "Hash Buckets": 2097152,
                          "Original Hash Buckets": 2097152,
                          "Hash Batches": 1,
                          "Original Hash Batches": 1,
                          "Peak Memory Usage": 60832,
                          "Plans": [
                            {
                              "Node Type": "Seq Scan",
                              "Parent Relationship": "Outer",
                              "Parallel Aware": true,
                              "Relation Name": "title",
                              "Alias": "t",
                              "Startup Cost": 0.0,
                              "Total Cost": 43898.92,
                              "Plan Rows": 280352,
                              "Plan Width": 4,
                              "Actual Startup Time": 0.039,
                              "Actual Total Time": 82.247,
                              "Actual Rows": 188892,
                              "Actual Loops": 6,
                              "Filter": "(production_year < 2002)",
                              "Rows Removed by Filter": 232493
                            }
                          ]
                        }
                      ]
                    },
                    {
                      "Node Type": "Index Scan",
                      "Parent Relationship": "Inner",
                      "Parallel Aware": false,
                      "Scan Direction": "Forward",
                      "Index Name": "movie_id_cast_info",
                      "Relation Name": "cast_info",
                      "Alias": "ci",
                      "Startup Cost": 0.56,
                      "Total Cost": 2.39,
                      "Plan Rows": 6,
                      "Plan Width": 4,
                      "Actual Startup Time": 0.013,
                      "Actual Total Time": 0.016,
                      "Actual Rows": 4,
                      "Actual Loops": 734421,
                      "Index Cond": "(movie_id = mi.movie_id)",
                      "Rows Removed by Index Recheck": 0,
                      "Filter": "((person_id > 1867057) AND (role_id > 3))",
                      "Rows Removed by Filter": 13
                    }
                  ]
                }
              ]
            }
          ]
        }
      ]
    },
    "Planning Time": 1.359,
    "Triggers": [],
    "Execution Time": 2555.667
  }
]