[
  {
    "Plan": {
      "Node Type": "Aggregate",
      "Strategy": "Plain",
      "Partial Mode": "Finalize",
      "Parallel Aware": false,
      "Startup Cost": 102169.07,
      "Total Cost": 102169.08,
      "Plan Rows": 1,
      "Plan Width": 8,
      "Actual Startup Time": 350.443,
      "Actual Total Time": 383.731,
      "Actual Rows": 1,
      "Actual Loops": 1,
      "Plans": [
        {
          "Node Type": "Gather",
          "Parent Relationship": "Outer",
          "Parallel Aware": false,
          "Startup Cost": 102168.75,
          "Total Cost": 102169.06,
          "Plan Rows": 3,
          "Plan Width": 8,
          "Actual Startup Time": 346.143,
          "Actual Total Time": 383.723,
          "Actual Rows": 4,
          "Actual Loops": 1,
          "Workers Planned": 3,
          "Workers Launched": 3,
          "Single Copy": false,
          "Plans": [
            {
              "Node Type": "Aggregate",
              "Strategy": "Plain",
              "Partial Mode": "Partial",
              "Parent Relationship": "Outer",
              "Parallel Aware": false,
              "Startup Cost": 101168.75,
              "Total Cost": 101168.76,
              "Plan Rows": 1,
              "Plan Width": 8,
              "Actual Startup Time": 340.0,
              "Actual Total Time": 340.007,
              "Actual Rows": 1,
              "Actual Loops": 4,
              "Plans": [
                {
                  "Node Type": "Nested Loop",
                  "Parent Relationship": "Outer",
                  "Parallel Aware": false,
                  "Join Type": "Inner",
                  "Startup Cost": 48383.51,
                  "Total Cost": 101027.9,
                  "Plan Rows": 56340,
                  "Plan Width": 0,
                  "Actual Startup Time": 183.939,
                  "Actual Total Time": 333.422,
                  "Actual Rows": 134516,
                  "Actual Loops": 4,
                  "Inner Unique": false,
                  "Plans": [
                    {
                      "Node Type": "Hash Join",
                      "Parent Relationship": "Outer",
                      "Parallel Aware": true,
                      "Join Type": "Inner",
                      "Startup Cost": 48383.07,
                      "Total Cost": 73396.05,
                      "Plan Rows": 9595,
                      "Plan Width": 8,
                      "Actual Startup Time": 183.834,
                      "Actual Total Time": 219.453,
                      "Actual Rows": 3651,
                      "Actual Loops": 4,
                      "Inner Unique": true,
                      "Hash Cond": "(mk.movie_id = t.id)",
                      "Plans": [
                        {
                          "Node Type": "Bitmap Heap Scan",
                          "Parent Relationship": "Outer",
                          "Parallel Aware": true,
                          "Relation Name": "movie_keyword",
                          "Alias": "mk",
                          "Startup Cost": 2432.33,
                          "Total Cost": 27348.29,
                          "Plan Rows": 36957,
                          "Plan Width": 4,
                          "Actual Startup Time": 12.714,
                          "Actual Total Time": 36.262,
                          "Actual Rows": 29348,
                          "Actual Loops": 4,
                          "Recheck Cond": "(keyword_id < 115)",
                          "Rows Removed by Index Recheck": 0,
                          "Exact Heap Blocks": 9599,
                          "Lossy Heap Blocks": 0,
                          "Plans": [
                            {
                              "Node Type": "Bitmap Index Scan",
                              "Parent Relationship": "Outer",
                              "Parallel Aware": false,
                              "Index Name": "keyword_id_movie_keyword",
                              "Startup Cost": 0.0,
                              "Total Cost": 2403.68,
                              "Plan Rows": 114567,
                              "Plan Width": 0,
                              "Actual Startup Time": 9.361,
                              "Actual Total Time": 9.362,
                              "Actual Rows": 117394,
                              "Actual Loops": 1,
                              "Index Cond": "(keyword_id < 115)"
                            }
                          ]
                        },
                        {
                          "Node Type": "Hash",
                          "Parent Relationship": "Inner",
                          "Parallel Aware": true,
                          "Startup Cost": 43899.32,
                          "Total Cost": 43899.32,
                          "Plan Rows": 164114,
                          "Plan Width": 4,
                          "Actual Startup Time": 167.66,
                          "Actual Total Time": 167.661,
                          "Actual Rows": 165516,
                          "Actual Loops": 4,
                          "Hash Buckets": 1048576,
                          "Original Hash Buckets": 1048576,
                          "Hash Batches": 1,
                          "Original Hash Batches": 1,
                          "Peak Memory Usage": 34144,
                          "Plans": [
                            {
                              "Node Type": "Seq Scan",
                              "Parent Relationship": "Outer",
                              "Parallel Aware": true,
                              "Relation Name": "title",
                              "Alias": "t",
                              "Startup Cost": 0.0,
                              "Total Cost": 43899.32,
                              "Plan Rows": 164114,
                              "Plan Width": 4,
                              "Actual Startup Time": 0.029,
                              "Actual Total Time": 103.289,
                              "Actual Rows": 165516,
                              "Actual Loops": 4,
                              "Filter": "(production_year > 2008)",
                              "Rows Removed by Filter": 466562
                            }
                          ]
                        }
                      ]
                    },
                    {
                      "Node Type": "Index Only Scan",
                      "Parent Relationship": "Inner",
                      "Parallel Aware": false,
                      "Scan Direction": "Forward",
                      "Index Name": "movie_id_movie_info",
                      "Relation Name": "movie_info",
                      "Alias": "mi",
                      "Startup Cost": 0.43,
                      "Total Cost": 2.47,
                      "Plan Rows": 41,
                      "Plan Width": 4,
                      "Actual Startup Time": 0.008,
                      "Actual Total Time": 0.028,
                      "Actual Rows": 37,
                      "Actual Loops": 14605,
                      "Index Cond": "(movie_id = t.id)",
                      "Rows Removed by Index Recheck": 0,
                      "Heap Fetches": 538062
                    }
                  ]
                }
              ]
            }
          ]
        }
      ]
    },
    "Planning Time": 0.732,
    "Triggers": [],
    "Execution Time": 383.807
  }
]