{
  "Plan": {
    "Node Type": "Aggregate",
    "Strategy": "Plain",
    "Partial Mode": "Finalize",
    "Parallel Aware": false,
    "Startup Cost": 636810.67,
    "Total Cost": 636810.68,
    "Plan Rows": 1,
    "Plan Width": 8,
    "Actual Startup Time": 3073.904,
    "Actual Total Time": 3145.779,
    "Actual Rows": 1,
    "Actual Loops": 1,
    "Plans": [
      {
        "Node Type": "Gather",
        "Parent Relationship": "Outer",
        "Parallel Aware": false,
        "Startup Cost": 636810.56,
        "Total Cost": 636810.67,
        "Plan Rows": 1,
        "Plan Width": 8,
        "Actual Startup Time": 3070.995,
        "Actual Total Time": 3145.768,
        "Actual Rows": 2,
        "Actual Loops": 1,
        "Workers Planned": 1,
        "Workers Launched": 1,
        "Single Copy": false,
        "Plans": [
          {
            "Node Type": "Aggregate",
            "Strategy": "Plain",
            "Partial Mode": "Partial",
            "Parent Relationship": "Outer",
            "Parallel Aware": false,
            "Startup Cost": 635810.56,
            "Total Cost": 635810.57,
            "Plan Rows": 1,
            "Plan Width": 8,
            "Actual Startup Time": 3065.22,
            "Actual Total Time": 3065.225,
            "Actual Rows": 1,
            "Actual Loops": 2,
            "Plans": [
              {
                "Node Type": "Hash Join",
                "Parent Relationship": "Outer",
                "Parallel Aware": true,
                "Join Type": "Inner",
                "Startup Cost": 106485.93,
                "Total Cost": 635157.95,
                "Plan Rows": 261045,
                "Plan Width": 0,
                "Actual Startup Time": 361.808,
                "Actual Total Time": 3064.702,
                "Actual Rows": 5920,
                "Actual Loops": 2,
                "Inner Unique": false,
                "Hash Cond": "(t.id = mc.movie_id)",
                "Plans": [
                  {
                    "Node Type": "Hash Join",
                    "Parent Relationship": "Outer",
                    "Parallel Aware": true,
                    "Join Type": "Inner",
                    "Startup Cost": 59060.62,
                    "Total Cost": 580793.97,
                    "Plan Rows": 864496,
                    "Plan Width": 8,
                    "Actual Startup Time": 115.946,
                    "Actual Total Time": 2802.757,
                    "Actual Rows": 21327,
                    "Actual Loops": 2,
                    "Inner Unique": true,
                    "Hash Cond": "(ci.movie_id = t.id)",
                    "Plans": [
                      {
                        "Node Type": "Seq Scan",
                        "Parent Relationship": "Outer",
                        "Parallel Aware": true,
                        "Relation Name": "cast_info",
                        "Alias": "ci",
                        "Startup Cost": 0.0,
                        "Total Cost": 465792.95,
                        "Plan Rows": 21310595,
                        "Plan Width": 4,
                        "Actual Startup Time": 0.011,
                        "Actual Total Time": 1299.853,
                        "Actual Rows": 18122172,
                        "Actual Loops": 2
                      },
                      {
                        "Node Type": "Hash",
                        "Parent Relationship": "Inner",
                        "Parallel Aware": true,
                        "Startup Cost": 58306.47,
                        "Total Cost": 58306.47,
                        "Plan Rows": 60332,
                        "Plan Width": 4,
                        "Actual Startup Time": 114.165,
                        "Actual Total Time": 114.166,
                        "Actual Rows": 3465,
                        "Actual Loops": 2,
                        "Hash Buckets": 131072,
                        "Original Hash Buckets": 131072,
                        "Hash Batches": 1,
                        "Original Hash Batches": 1,
                        "Peak Memory Usage": 1312,
                        "Plans": [
                          {
                            "Node Type": "Seq Scan",
                            "Parent Relationship": "Outer",
                            "Parallel Aware": true,
                            "Relation Name": "title",
                            "Alias": "t",
                            "Startup Cost": 0.0,
                            "Total Cost": 58306.47,
                            "Plan Rows": 60332,
                            "Plan Width": 4,
                            "Actual Startup Time": 0.06,
                            "Actual Total Time": 112.466,
                            "Actual Rows": 3465,
                            "Actual Loops": 2,
                            "Filter": "((production_year < 1952) AND (kind_id = 7))",
                            "Rows Removed by Filter": 1260691
                          }
                        ]
                      }
                    ]
                  },
                  {
                    "Node Type": "Hash",
                    "Parent Relationship": "Inner",
                    "Parallel Aware": true,
                    "Startup Cost": 41811.73,
                    "Total Cost": 41811.73,
                    "Plan Rows": 449087,
                    "Plan Width": 4,
                    "Actual Startup Time": 236.74,
                    "Actual Total Time": 236.74,
                    "Actual Rows": 491989,
                    "Actual Loops": 2,
                    "Hash Buckets": 1048576,
                    "Original Hash Buckets": 1048576,
                    "Hash Batches": 1,
                    "Original Hash Batches": 1,
                    "Peak Memory Usage": 46720,
                    "Plans": [
                      {
                        "Node Type": "Seq Scan",
                        "Parent Relationship": "Outer",
                        "Parallel Aware": true,
                        "Relation Name": "movie_companies",
                        "Alias": "mc",
                        "Startup Cost": 0.0,
                        "Total Cost": 41811.73,
                        "Plan Rows": 449087,
                        "Plan Width": 4,
                        "Actual Startup Time": 68.371,
                        "Actual Total Time": 139.758,
                        "Actual Rows": 491989,
                        "Actual Loops": 2,
                        "Filter": "((company_id > 7608) AND (company_type_id = 2))",
                        "Rows Removed by Filter": 812576
                      }
                    ]
                  }
                ]
              }
            ]
          }
        ]
      }
    ]
  },
  "Planning Time": 1.028,
  "Triggers": [],
  "Execution Time": 3145.873
}