[
  {
    "Plan": {
      "Node Type": "Aggregate",
      "Strategy": "Plain",
      "Partial Mode": "Finalize",
      "Parallel Aware": false,
      "Startup Cost": 76188.28,
      "Total Cost": 76188.29,
      "Plan Rows": 1,
      "Plan Width": 8,
      "Actual Startup Time": 104.875,
      "Actual Total Time": 118.384,
      "Actual Rows": 1,
      "Actual Loops": 1,
      "Plans": [
        {
          "Node Type": "Gather",
          "Parent Relationship": "Outer",
          "Parallel Aware": false,
          "Startup Cost": 76187.96,
          "Total Cost": 76188.27,
          "Plan Rows": 3,
          "Plan Width": 8,
          "Actual Startup Time": 104.656,
          "Actual Total Time": 118.378,
          "Actual Rows": 4,
          "Actual Loops": 1,
          "Workers Planned": 3,
          "Workers Launched": 3,
          "Single Copy": false,
          "Plans": [
            {
              "Node Type": "Aggregate",
              "Strategy": "Plain",
              "Partial Mode": "Partial",
              "Parent Relationship": "Outer",
              "Parallel Aware": false,
              "Startup Cost": 75187.96,
              "Total Cost": 75187.97,
              "Plan Rows": 1,
              "Plan Width": 8,
              "Actual Startup Time": 101.584,
              "Actual Total Time": 101.589,
              "Actual Rows": 1,
              "Actual Loops": 4,
              "Plans": [
                {
                  "Node Type": "Nested Loop",
                  "Parent Relationship": "Outer",
                  "Parallel Aware": false,
                  "Join Type": "Inner",
                  "Startup Cost": 46778.43,
                  "Total Cost": 75184.52,
                  "Plan Rows": 1376,
                  "Plan Width": 0,
                  "Actual Startup Time": 86.442,
                  "Actual Total Time": 101.565,
                  "Actual Rows": 143,
                  "Actual Loops": 4,
                  "Inner Unique": false,
                  "Join Filter": "(t.id = mi.movie_id)",
                  "Rows Removed by Join Filter": 0,
                  "Plans": [
                    {
                      "Node Type": "Hash Join",
                      "Parent Relationship": "Outer",
                      "Parallel Aware": true,
                      "Join Type": "Inner",
                      "Startup Cost": 46777.99,
                      "Total Cost": 71506.43,
                      "Plan Rows": 234,
                      "Plan Width": 8,
                      "Actual Startup Time": 86.349,
                      "Actual Total Time": 100.138,
                      "Actual Rows": 21,
                      "Actual Loops": 4,
                      "Inner Unique": true,
                      "Hash Cond": "(mk.movie_id = t.id)",
                      "Plans": [
                        {
                          "Node Type": "Bitmap Heap Scan",
                          "Parent Relationship": "Outer",
                          "Parallel Aware": true,
                          "Relation Name": "movie_keyword",
                          "Alias": "mk",
                          "Startup Cost": 1196.35,
                          "Total Cost": 25877.16,
                          "Plan Rows": 18145,
                          "Plan Width": 4,
                          "Actual Startup Time": 7.606,
                          "Actual Total Time": 20.994,
                          "Actual Rows": 14612,
                          "Actual Loops": 4,
                          "Recheck Cond": "(keyword_id = 16264)",
                          "Rows Removed by Index Recheck": 0,
                          "Exact Heap Blocks": 5415,
                          "Lossy Heap Blocks": 0,
                          "Plans": [
                            {
                              "Node Type": "Bitmap Index Scan",
                              "Parent Relationship": "Outer",
                              "Parallel Aware": false,
                              "Index Name": "keyword_id_movie_keyword",
                              "Startup Cost": 0.0,
                              "Total Cost": 1182.29,
                              "Plan Rows": 56248,
                              "Plan Width": 0,
                              "Actual Startup Time": 6.0,
                              "Actual Total Time": 6.0,
                              "Actual Rows": 58448,
                              "Actual Loops": 1,
                              "Index Cond": "(keyword_id = 16264)"
                            }
                          ]
                        },
                        {
                          "Node Type": "Hash",
                          "Parent Relationship": "Inner",
                          "Parallel Aware": true,
                          "Startup Cost": 45479.59,
                          "Total Cost": 45479.59,
                          "Plan Rows": 8164,
                          "Plan Width": 4,
                          "Actual Startup Time": 76.392,
                          "Actual Total Time": 76.392,
                          "Actual Rows": 5527,
                          "Actual Loops": 4,
                          "Hash Buckets": 32768,
                          "Original Hash Buckets": 32768,
                          "Hash Batches": 1,
                          "Original Hash Batches": 1,
                          "Peak Memory Usage": 1216,
                          "Plans": [
                            {
                              "Node Type": "Seq Scan",
                              "Parent Relationship": "Outer",
                              "Parallel Aware": true,
                              "Relation Name": "title",
                              "Alias": "t",
                              "Startup Cost": 0.0,
                              "Total Cost": 45479.59,
                              "Plan Rows": 8164,
                              "Plan Width": 4,
                              "Actual Startup Time": 44.158,
                              "Actual Total Time": 74.671,
                              "Actual Rows": 5527,
                              "Actual Loops": 4,
                              "Filter": "((kind_id = 1) AND (production_year = 2008))",
                              "Rows Removed by Filter": 626551
                            }
                          ]
                        }
                      ]
                    },
                    {
                      "Node Type": "Index Only Scan",
                      "Parent Relationship": "Inner",
                      "Parallel Aware": false,
                      "Scan Direction": "Forward",
                      "Index Name": "movie_id_movie_info",
                      "Relation Name": "movie_info",
                      "Alias": "mi",
                      "Startup Cost": 0.43,
                      "Total Cost": 15.21,
                      "Plan Rows": 41,
                      "Plan Width": 4,
                      "Actual Startup Time": 0.028,
                      "Actual Total Time": 0.066,
                      "Actual Rows": 7,
                      "Actual Loops": 84,
                      "Index Cond": "(movie_id = mk.movie_id)",
                      "Rows Removed by Index Recheck": 0,
                      "Heap Fetches": 572
                    }
                  ]
                }
              ]
            }
          ]
        }
      ]
    },
    "Planning Time": 0.419,
    "Triggers": [],
    "Execution Time": 118.436
  }
]