[
  {
    "Plan": {
      "Node Type": "Aggregate",
      "Strategy": "Plain",
      "Partial Mode": "Finalize",
      "Parallel Aware": false,
      "Startup Cost": 47095.3,
      "Total Cost": 47095.31,
      "Plan Rows": 1,
      "Plan Width": 8,
      "Actual Startup Time": 171.1,
      "Actual Total Time": 180.116,
      "Actual Rows": 1,
      "Actual Loops": 1,
      "Plans": [
        {
          "Node Type": "Gather",
          "Parent Relationship": "Outer",
          "Parallel Aware": false,
          "Startup Cost": 47094.98,
          "Total Cost": 47095.29,
          "Plan Rows": 3,
          "Plan Width": 8,
          "Actual Startup Time": 170.983,
          "Actual Total Time": 180.107,
          "Actual Rows": 4,
          "Actual Loops": 1,
          "Workers Planned": 3,
          "Workers Launched": 3,
          "Single Copy": false,
          "Plans": [
            {
              "Node Type": "Aggregate",
              "Strategy": "Plain",
              "Partial Mode": "Partial",
              "Parent Relationship": "Outer",
              "Parallel Aware": false,
              "Startup Cost": 46094.98,
              "Total Cost": 46094.99,
              "Plan Rows": 1,
              "Plan Width": 8,
              "Actual Startup Time": 167.323,
              "Actual Total Time": 167.324,
              "Actual Rows": 1,
              "Actual Loops": 4,
              "Plans": [
                {
                  "Node Type": "Seq Scan",
                  "Parent Relationship": "Outer",
                  "Parallel Aware": true,
                  "Relation Name": "movie_keyword",
                  "Alias": "mk",
                  "Startup Cost": 0.0,
                  "Total Cost": 42695.65,
                  "Plan Rows": 1359730,
                  "Plan Width": 0,
                  "Actual Startup Time": 0.028,
                  "Actual Total Time": 120.866,
                  "Actual Rows": 1053126,
                  "Actual Loops": 4,
                  "Filter": "(keyword_id < 52420)",
                  "Rows Removed by Filter": 77857
                }
              ]
            }
          ]
        }
      ]
    },
    "Planning Time": 0.224,
    "Triggers": [],
    "Execution Time": 180.179
  }
]