{
  "Plan": {
    "Node Type": "Aggregate",
    "Strategy": "Plain",
    "Partial Mode": "Finalize",
    "Parallel Aware": false,
    "Startup Cost": 538916.44,
    "Total Cost": 538916.45,
    "Plan Rows": 1,
    "Plan Width": 8,
    "Actual Startup Time": 1999.541,
    "Actual Total Time": 2029.887,
    "Actual Rows": 1,
    "Actual Loops": 1,
    "Plans": [
      {
        "Node Type": "Gather",
        "Parent Relationship": "Outer",
        "Parallel Aware": false,
        "Startup Cost": 538916.33,
        "Total Cost": 538916.44,
        "Plan Rows": 1,
        "Plan Width": 8,
        "Actual Startup Time": 1995.088,
        "Actual Total Time": 2029.877,
        "Actual Rows": 2,
        "Actual Loops": 1,
        "Workers Planned": 1,
        "Workers Launched": 1,
        "Single Copy": false,
        "Plans": [
          {
            "Node Type": "Aggregate",
            "Strategy": "Plain",
            "Partial Mode": "Partial",
            "Parent Relationship": "Outer",
            "Parallel Aware": false,
            "Startup Cost": 537916.33,
            "Total Cost": 537916.34,
            "Plan Rows": 1,
            "Plan Width": 8,
            "Actual Startup Time": 1989.361,
            "Actual Total Time": 1990.309,
            "Actual Rows": 1,
            "Actual Loops": 2,
            "Plans": [
              {
                "Node Type": "Hash Join",
                "Parent Relationship": "Outer",
                "Parallel Aware": true,
                "Join Type": "Inner",
                "Startup Cost": 218323.24,
                "Total Cost": 536656.72,
                "Plan Rows": 503843,
                "Plan Width": 0,
                "Actual Startup Time": 765.471,
                "Actual Total Time": 1905.511,
                "Actual Rows": 2211348,
                "Actual Loops": 2,
                "Inner Unique": false,
                "Hash Cond": "(ci.movie_id = t.id)",
                "Plans": [
                  {
                    "Node Type": "Bitmap Heap Scan",
                    "Parent Relationship": "Outer",
                    "Parallel Aware": true,
                    "Relation Name": "cast_info",
                    "Alias": "ci",
                    "Startup Cost": 134282.05,
                    "Total Cost": 440824.41,
                    "Plan Rows": 2353958,
                    "Plan Width": 4,
                    "Actual Startup Time": 205.817,
                    "Actual Total Time": 638.622,
                    "Actual Rows": 2961918,
                    "Actual Loops": 2,
                    "Recheck Cond": "(person_id > 3052251)",
                    "Rows Removed by Index Recheck": 0,
                    "Filter": "(role_id > 1)",
                    "Rows Removed by Filter": 0,
                    "Exact Heap Blocks": 41601,
                    "Lossy Heap Blocks": 0,
                    "Plans": [
                      {
                        "Node Type": "Bitmap Index Scan",
                        "Parent Relationship": "Outer",
                        "Parallel Aware": false,
                        "Index Name": "person_id_cast_info",
                        "Startup Cost": 0.0,
                        "Total Cost": 133281.62,
                        "Plan Rows": 6103607,
                        "Plan Width": 0,
                        "Actual Startup Time": 191.852,
                        "Actual Total Time": 191.853,
                        "Actual Rows": 5923837,
                        "Actual Loops": 1,
                        "Index Cond": "(person_id > 3052251)"
                      }
                    ]
                  },
                  {
                    "Node Type": "Hash",
                    "Parent Relationship": "Inner",
                    "Parallel Aware": true,
                    "Startup Cost": 80062.09,
                    "Total Cost": 80062.09,
                    "Plan Rows": 318328,
                    "Plan Width": 8,
                    "Actual Startup Time": 550.732,
                    "Actual Total Time": 551.678,
                    "Actual Rows": 477158,
                    "Actual Loops": 2,
                    "Hash Buckets": 1048576,
                    "Original Hash Buckets": 1048576,
                    "Hash Batches": 1,
                    "Original Hash Batches": 1,
                    "Peak Memory Usage": 45568,
                    "Plans": [
                      {
                        "Node Type": "Hash Join",
                        "Parent Relationship": "Outer",
                        "Parallel Aware": true,
                        "Join Type": "Inner",
                        "Startup Cost": 61878.3,
                        "Total Cost": 80062.09,
                        "Plan Rows": 318328,
                        "Plan Width": 8,
                        "Actual Startup Time": 265.256,
                        "Actual Total Time": 459.798,
                        "Actual Rows": 477158,
                        "Actual Loops": 2,
                        "Inner Unique": true,
                        "Hash Cond": "(mi_idx.movie_id = t.id)",
                        "Plans": [
                          {
                            "Node Type": "Seq Scan",
                            "Parent Relationship": "Outer",
                            "Parallel Aware": true,
                            "Relation Name": "movie_info_idx",
                            "Alias": "mi_idx",
                            "Startup Cost": 0.0,
                            "Total Cost": 16052.85,
                            "Plan Rows": 811785,
                            "Plan Width": 4,
                            "Actual Startup Time": 0.02,
                            "Actual Total Time": 52.189,
                            "Actual Rows": 690018,
                            "Actual Loops": 2
                          },
                          {
                            "Node Type": "Hash",
                            "Parent Relationship": "Inner",
                            "Parallel Aware": true,
                            "Startup Cost": 54588.39,
                            "Total Cost": 54588.39,
                            "Plan Rows": 583193,
                            "Plan Width": 4,
                            "Actual Startup Time": 259.742,
                            "Actual Total Time": 259.743,
                            "Actual Rows": 492524,
                            "Actual Loops": 2,
                            "Hash Buckets": 1048576,
                            "Original Hash Buckets": 1048576,
                            "Hash Batches": 1,
                            "Original Hash Batches": 1,
                            "Peak Memory Usage": 46752,
                            "Plans": [
                              {
                                "Node Type": "Seq Scan",
                                "Parent Relationship": "Outer",
                                "Parallel Aware": true,
                                "Relation Name": "title",
                                "Alias": "t",
                                "Startup Cost": 0.0,
                                "Total Cost": 54588.39,
                                "Plan Rows": 583193,
                                "Plan Width": 4,
                                "Actual Startup Time": 0.042,
                                "Actual Total Time": 148.585,
                                "Actual Rows": 492524,
                                "Actual Loops": 2,
                                "Filter": "(kind_id < 7)",
                                "Rows Removed by Filter": 771632
                              }
                            ]
                          }
                        ]
                      }
                    ]
                  }
                ]
              }
            ]
          }
        ]
      }
    ]
  },
  "Planning Time": 0.951,
  "Triggers": [],
  "Execution Time": 2029.992
}