[
  {
    "Plan": {
      "Node Type": "Hash Join",
      "Parallel Aware": false,
      "Join Type": "Inner",
      "Startup Cost": 13979.24,
      "Total Cost": 36743.46,
      "Plan Rows": 262758,
      "Plan Width": 4,
      "Actual Startup Time": 102.614,
      "Actual Total Time": 195.895,
      "Actual Rows": 259406,
      "Actual Loops": 1,
      "Inner Unique": true,
      "Hash Cond": "(mc.company_id = cn.id)",
      "Plans": [
        {
          "Node Type": "Bitmap Heap Scan",
          "Parent Relationship": "Outer",
          "Parallel Aware": false,
          "Relation Name": "movie_companies",
          "Alias": "mc",
          "Startup Cost": 5696.8,
          "Total Cost": 27771.28,
          "Plan Rows": 262758,
          "Plan Width": 4,
          "Actual Startup Time": 19.046,
          "Actual Total Time": 75.291,
          "Actual Rows": 259406,
          "Actual Loops": 1,
          "Recheck Cond": "(company_id < 133)",
          "Rows Removed by Index Recheck": 0,
          "Exact Heap Blocks": 17059,
          "Lossy Heap Blocks": 0,
          "Plans": [
            {
              "Node Type": "Bitmap Index Scan",
              "Parent Relationship": "Outer",
              "Parallel Aware": false,
              "Index Name": "company_id_movie_companies",
              "Startup Cost": 0.0,
              "Total Cost": 5631.11,
              "Plan Rows": 262758,
              "Plan Width": 0,
              "Actual Startup Time": 16.923,
              "Actual Total Time": 16.924,
              "Actual Rows": 259406,
              "Actual Loops": 1,
              "Index Cond": "(company_id < 133)"
            }
          ]
        },
        {
          "Node Type": "Hash",
          "Parent Relationship": "Inner",
          "Parallel Aware": false,
          "Startup Cost": 5344.97,
          "Total Cost": 5344.97,
          "Plan Rows": 234997,
          "Plan Width": 4,
          "Actual Startup Time": 80.334,
          "Actual Total Time": 80.335,
          "Actual Rows": 234997,
          "Actual Loops": 1,
          "Hash Buckets": 262144,
          "Original Hash Buckets": 262144,
          "Hash Batches": 1,
          "Original Hash Batches": 1,
          "Peak Memory Usage": 10310,
          "Plans": [
            {
              "Node Type": "Seq Scan",
              "Parent Relationship": "Outer",
              "Parallel Aware": false,
              "Relation Name": "company_name",
              "Alias": "cn",
              "Startup Cost": 0.0,
              "Total Cost": 5344.97,
              "Plan Rows": 234997,
              "Plan Width": 4,
              "Actual Startup Time": 0.052,
              "Actual Total Time": 38.105,
              "Actual Rows": 234997,
              "Actual Loops": 1
            }
          ]
        }
      ]
    },
    "Planning Time": 3.331,
    "Triggers": [],
    "Execution Time": 204.029
  }
]