[
  {
    "Plan": {
      "Node Type": "Aggregate",
      "Strategy": "Plain",
      "Partial Mode": "Finalize",
      "Parallel Aware": false,
      "Startup Cost": 71611.42,
      "Total Cost": 71611.43,
      "Plan Rows": 1,
      "Plan Width": 8,
      "Actual Startup Time": 157.81,
      "Actual Total Time": 166.864,
      "Actual Rows": 1,
      "Actual Loops": 1,
      "Plans": [
        {
          "Node Type": "Gather",
          "Parent Relationship": "Outer",
          "Parallel Aware": false,
          "Startup Cost": 71611.1,
          "Total Cost": 71611.41,
          "Plan Rows": 3,
          "Plan Width": 8,
          "Actual Startup Time": 157.172,
          "Actual Total Time": 166.855,
          "Actual Rows": 4,
          "Actual Loops": 1,
          "Workers Planned": 3,
          "Workers Launched": 3,
          "Single Copy": false,
          "Plans": [
            {
              "Node Type": "Aggregate",
              "Strategy": "Plain",
              "Partial Mode": "Partial",
              "Parent Relationship": "Outer",
              "Parallel Aware": false,
              "Startup Cost": 70611.1,
              "Total Cost": 70611.11,
              "Plan Rows": 1,
              "Plan Width": 8,
              "Actual Startup Time": 148.058,
              "Actual Total Time": 148.062,
              "Actual Rows": 1,
              "Actual Loops": 4,
              "Plans": [
                {
                  "Node Type": "Hash Join",
                  "Parent Relationship": "Outer",
                  "Parallel Aware": true,
                  "Join Type": "Inner",
                  "Startup Cost": 38485.61,
                  "Total Cost": 70584.75,
                  "Plan Rows": 10541,
                  "Plan Width": 0,
                  "Actual Startup Time": 116.32,
                  "Actual Total Time": 147.309,
                  "Actual Rows": 14747,
                  "Actual Loops": 4,
                  "Inner Unique": true,
                  "Hash Cond": "(mc.movie_id = t.id)",
                  "Plans": [
                    {
                      "Node Type": "Seq Scan",
                      "Parent Relationship": "Outer",
                      "Parallel Aware": true,
                      "Relation Name": "movie_companies",
                      "Alias": "mc",
                      "Startup Cost": 0.0,
                      "Total Cost": 31414.82,
                      "Plan Rows": 260694,
                      "Plan Width": 4,
                      "Actual Startup Time": 32.628,
                      "Actual Total Time": 66.531,
                      "Actual Rows": 126286,
                      "Actual Loops": 4,
                      "Filter": "((company_id < 15647) AND (company_type_id = 2))",
                      "Rows Removed by Filter": 525996
                    },
                    {
                      "Node Type": "Hash",
                      "Parent Relationship": "Inner",
                      "Parallel Aware": true,
                      "Startup Cost": 38166.15,
                      "Total Cost": 38166.15,
                      "Plan Rows": 25557,
                      "Plan Width": 4,
                      "Actual Startup Time": 58.464,
                      "Actual Total Time": 58.465,
                      "Actual Rows": 25134,
                      "Actual Loops": 4,
                      "Hash Buckets": 131072,
                      "Original Hash Buckets": 131072,
                      "Hash Batches": 1,
                      "Original Hash Batches": 1,
                      "Peak Memory Usage": 5024,
                      "Plans": [
                        {
                          "Node Type": "Bitmap Heap Scan",
                          "Parent Relationship": "Outer",
                          "Parallel Aware": true,
                          "Relation Name": "title",
                          "Alias": "t",
                          "Startup Cost": 1848.69,
                          "Total Cost": 38166.15,
                          "Plan Rows": 25557,
                          "Plan Width": 4,
                          "Actual Startup Time": 13.107,
                          "Actual Total Time": 48.095,
                          "Actual Rows": 25134,
                          "Actual Loops": 4,
                          "Recheck Cond": "(kind_id = 3)",
                          "Rows Removed by Index Recheck": 0,
                          "Exact Heap Blocks": 7012,
                          "Lossy Heap Blocks": 0,
                          "Plans": [
                            {
                              "Node Type": "Bitmap Index Scan",
                              "Parent Relationship": "Outer",
                              "Parallel Aware": false,
                              "Index Name": "kind_id_title",
                              "Startup Cost": 0.0,
                              "Total Cost": 1823.13,
                              "Plan Rows": 102227,
                              "Plan Width": 0,
                              "Actual Startup Time": 13.256,
                              "Actual Total Time": 13.256,
                              "Actual Rows": 100537,
                              "Actual Loops": 1,
                              "Index Cond": "(kind_id = 3)"
                            }
                          ]
                        }
                      ]
                    }
                  ]
                }
              ]
            }
          ]
        }
      ]
    },
    "Planning Time": 0.709,
    "Triggers": [],
    "Execution Time": 166.96
  }
]