[
  {
    "Plan": {
      "Node Type": "Aggregate",
      "Strategy": "Plain",
      "Partial Mode": "Finalize",
      "Parallel Aware": false,
      "Startup Cost": 32801.67,
      "Total Cost": 32801.68,
      "Plan Rows": 1,
      "Plan Width": 8,
      "Actual Startup Time": 85.068,
      "Actual Total Time": 93.132,
      "Actual Rows": 1,
      "Actual Loops": 1,
      "Plans": [
        {
          "Node Type": "Gather",
          "Parent Relationship": "Outer",
          "Parallel Aware": false,
          "Startup Cost": 32801.35,
          "Total Cost": 32801.66,
          "Plan Rows": 3,
          "Plan Width": 8,
          "Actual Startup Time": 84.912,
          "Actual Total Time": 93.121,
          "Actual Rows": 4,
          "Actual Loops": 1,
          "Workers Planned": 3,
          "Workers Launched": 3,
          "Single Copy": false,
          "Plans": [
            {
              "Node Type": "Aggregate",
              "Strategy": "Plain",
              "Partial Mode": "Partial",
              "Parent Relationship": "Outer",
              "Parallel Aware": false,
              "Startup Cost": 31801.35,
              "Total Cost": 31801.36,
              "Plan Rows": 1,
              "Plan Width": 8,
              "Actual Startup Time": 79.991,
              "Actual Total Time": 79.992,
              "Actual Rows": 1,
              "Actual Loops": 4,
              "Plans": [
                {
                  "Node Type": "Seq Scan",
                  "Parent Relationship": "Outer",
                  "Parallel Aware": true,
                  "Relation Name": "movie_companies",
                  "Alias": "mc",
                  "Startup Cost": 0.0,
                  "Total Cost": 31414.82,
                  "Plan Rows": 154613,
                  "Plan Width": 0,
                  "Actual Startup Time": 37.442,
                  "Actual Total Time": 71.776,
                  "Actual Rows": 197794,
                  "Actual Loops": 4,
                  "Filter": "((company_id > 19584) AND (company_type_id > 1))",
                  "Rows Removed by Filter": 454488
                }
              ]
            }
          ]
        }
      ]
    },
    "Planning Time": 0.144,
    "Triggers": [],
    "Execution Time": 93.171
  }
]