[
  {
    "Plan": {
      "Node Type": "Aggregate",
      "Strategy": "Plain",
      "Partial Mode": "Finalize",
      "Parallel Aware": false,
      "Startup Cost": 32791.1,
      "Total Cost": 32791.11,
      "Plan Rows": 1,
      "Plan Width": 8,
      "Actual Startup Time": 86.208,
      "Actual Total Time": 93.949,
      "Actual Rows": 1,
      "Actual Loops": 1,
      "Plans": [
        {
          "Node Type": "Gather",
          "Parent Relationship": "Outer",
          "Parallel Aware": false,
          "Startup Cost": 32790.79,
          "Total Cost": 32791.1,
          "Plan Rows": 3,
          "Plan Width": 8,
          "Actual Startup Time": 86.11,
          "Actual Total Time": 93.941,
          "Actual Rows": 4,
          "Actual Loops": 1,
          "Workers Planned": 3,
          "Workers Launched": 3,
          "Single Copy": false,
          "Plans": [
            {
              "Node Type": "Aggregate",
              "Strategy": "Plain",
              "Partial Mode": "Partial",
              "Parent Relationship": "Outer",
              "Parallel Aware": false,
              "Startup Cost": 31790.79,
              "Total Cost": 31790.8,
              "Plan Rows": 1,
              "Plan Width": 8,
              "Actual Startup Time": 81.246,
              "Actual Total Time": 81.247,
              "Actual Rows": 1,
              "Actual Loops": 4,
              "Plans": [
                {
                  "Node Type": "Seq Scan",
                  "Parent Relationship": "Outer",
                  "Parallel Aware": true,
                  "Relation Name": "movie_companies",
                  "Alias": "mc",
                  "Startup Cost": 0.0,
                  "Total Cost": 31414.82,
                  "Plan Rows": 150387,
                  "Plan Width": 0,
                  "Actual Startup Time": 40.882,
                  "Actual Total Time": 73.536,
                  "Actual Rows": 197794,
                  "Actual Loops": 4,
                  "Filter": "((company_id > 19584) AND (company_type_id > 1))",
                  "Rows Removed by Filter": 454488
                }
              ]
            }
          ]
        }
      ]
    },
    "Planning Time": 0.254,
    "Triggers": [],
    "Execution Time": 94.007
  }
]