[
    {
        "Bao": {
            "Bao prediction": 474.587,
            "Bao recommended hint": "(no hint)"
        }
    },
    {
        "Plan": {
            "Node Type": "Aggregate",
            "Strategy": "Plain",
            "Partial Mode": "Finalize",
            "Parallel Aware": false,
            "Startup Cost": 78842.72,
            "Total Cost": 78842.73,
            "Plan Rows": 1,
            "Plan Width": 8,
            "Actual Startup Time": 195.301,
            "Actual Total Time": 207.651,
            "Actual Rows": 1,
            "Actual Loops": 1,
            "Output": [
                "count(*)"
            ],
            "Plans": [
                {
                    "Node Type": "Gather",
                    "Parent Relationship": "Outer",
                    "Parallel Aware": false,
                    "Startup Cost": 78842.41,
                    "Total Cost": 78842.72,
                    "Plan Rows": 3,
                    "Plan Width": 8,
                    "Actual Startup Time": 194.934,
                    "Actual Total Time": 207.644,
                    "Actual Rows": 4,
                    "Actual Loops": 1,
                    "Output": [
                        "(PARTIAL count(*))"
                    ],
                    "Workers Planned": 3,
                    "Workers Launched": 3,
                    "Single Copy": false,
                    "Plans": [
                        {
                            "Node Type": "Aggregate",
                            "Strategy": "Plain",
                            "Partial Mode": "Partial",
                            "Parent Relationship": "Outer",
                            "Parallel Aware": false,
                            "Startup Cost": 77842.41,
                            "Total Cost": 77842.42,
                            "Plan Rows": 1,
                            "Plan Width": 8,
                            "Actual Startup Time": 186.307,
                            "Actual Total Time": 186.311,
                            "Actual Rows": 1,
                            "Actual Loops": 4,
                            "Output": [
                                "PARTIAL count(*)"
                            ],
                            "Workers": [
                                {
                                    "Worker Number": 0,
                                    "Actual Startup Time": 183.656,
                                    "Actual Total Time": 183.66,
                                    "Actual Rows": 1,
                                    "Actual Loops": 1
                                },
                                {
                                    "Worker Number": 1,
                                    "Actual Startup Time": 183.492,
                                    "Actual Total Time": 183.495,
                                    "Actual Rows": 1,
                                    "Actual Loops": 1
                                },
                                {
                                    "Worker Number": 2,
                                    "Actual Startup Time": 183.824,
                                    "Actual Total Time": 183.828,
                                    "Actual Rows": 1,
                                    "Actual Loops": 1
                                }
                            ],
                            "Plans": [
                                {
                                    "Node Type": "Hash Join",
                                    "Parent Relationship": "Outer",
                                    "Parallel Aware": true,
                                    "Join Type": "Inner",
                                    "Startup Cost": 51626.03,
                                    "Total Cost": 77839.62,
                                    "Plan Rows": 1113,
                                    "Plan Width": 0,
                                    "Actual Startup Time": 120.723,
                                    "Actual Total Time": 186.195,
                                    "Actual Rows": 1086,
                                    "Actual Loops": 4,
                                    "Inner Unique": true,
                                    "Hash Cond": "(mk.movie_id = t.id)",
                                    "Workers": [
                                        {
                                            "Worker Number": 0,
                                            "Actual Startup Time": 118.078,
                                            "Actual Total Time": 183.551,
                                            "Actual Rows": 776,
                                            "Actual Loops": 1
                                        },
                                        {
                                            "Worker Number": 1,
                                            "Actual Startup Time": 118.114,
                                            "Actual Total Time": 183.38,
                                            "Actual Rows": 851,
                                            "Actual Loops": 1
                                        },
                                        {
                                            "Worker Number": 2,
                                            "Actual Startup Time": 118.208,
                                            "Actual Total Time": 183.716,
                                            "Actual Rows": 1140,
                                            "Actual Loops": 1
                                        }
                                    ],
                                    "Plans": [
                                        {
                                            "Node Type": "Bitmap Heap Scan",
                                            "Parent Relationship": "Outer",
                                            "Parallel Aware": true,
                                            "Relation Name": "movie_keyword",
                                            "Schema": "public",
                                            "Alias": "mk",
                                            "Startup Cost": 7651.43,
                                            "Total Cost": 33559.64,
                                            "Plan Rows": 116337,
                                            "Plan Width": 4,
                                            "Actual Startup Time": 23.052,
                                            "Actual Total Time": 75.893,
                                            "Actual Rows": 90923,
                                            "Actual Loops": 4,
                                            "Output": [
                                                "mk.id",
                                                "mk.movie_id",
                                                "mk.keyword_id"
                                            ],
                                            "Recheck Cond": "(mk.keyword_id < 335)",
                                            "Rows Removed by Index Recheck": 0,
                                            "Exact Heap Blocks": 9612,
                                            "Lossy Heap Blocks": 0,
                                            "Workers": [
                                                {
                                                    "Worker Number": 0,
                                                    "Actual Startup Time": 23.084,
                                                    "Actual Total Time": 76.422,
                                                    "Actual Rows": 67340,
                                                    "Actual Loops": 1
                                                },
                                                {
                                                    "Worker Number": 1,
                                                    "Actual Startup Time": 23.117,
                                                    "Actual Total Time": 76.626,
                                                    "Actual Rows": 61040,
                                                    "Actual Loops": 1
                                                },
                                                {
                                                    "Worker Number": 2,
                                                    "Actual Startup Time": 23.059,
                                                    "Actual Total Time": 76.493,
                                                    "Actual Rows": 93776,
                                                    "Actual Loops": 1
                                                }
                                            ],
                                            "Plans": [
                                                {
                                                    "Node Type": "Bitmap Index Scan",
                                                    "Parent Relationship": "Outer",
                                                    "Parallel Aware": false,
                                                    "Index Name": "keyword_id_movie_keyword",
                                                    "Startup Cost": 0.0,
                                                    "Total Cost": 7561.27,
                                                    "Plan Rows": 360645,
                                                    "Plan Width": 0,
                                                    "Actual Startup Time": 19.455,
                                                    "Actual Total Time": 19.455,
                                                    "Actual Rows": 363692,
                                                    "Actual Loops": 1,
                                                    "Index Cond": "(mk.keyword_id < 335)"
                                                }
                                            ]
                                        },
                                        {
                                            "Node Type": "Hash",
                                            "Parent Relationship": "Inner",
                                            "Parallel Aware": true,
                                            "Startup Cost": 43899.01,
                                            "Total Cost": 43899.01,
                                            "Plan Rows": 6047,
                                            "Plan Width": 4,
                                            "Actual Startup Time": 96.39,
                                            "Actual Total Time": 96.391,
                                            "Actual Rows": 5950,
                                            "Actual Loops": 4,
                                            "Output": [
                                                "t.id"
                                            ],
                                            "Hash Buckets": 32768,
                                            "Original Hash Buckets": 32768,
                                            "Hash Batches": 1,
                                            "Original Hash Batches": 1,
                                            "Peak Memory Usage": 1280,
                                            "Workers": [
                                                {
                                                    "Worker Number": 0,
                                                    "Actual Startup Time": 94.452,
                                                    "Actual Total Time": 94.453,
                                                    "Actual Rows": 4261,
                                                    "Actual Loops": 1
                                                },
                                                {
                                                    "Worker Number": 1,
                                                    "Actual Startup Time": 94.319,
                                                    "Actual Total Time": 94.32,
                                                    "Actual Rows": 4163,
                                                    "Actual Loops": 1
                                                },
                                                {
                                                    "Worker Number": 2,
                                                    "Actual Startup Time": 94.646,
                                                    "Actual Total Time": 94.647,
                                                    "Actual Rows": 5991,
                                                    "Actual Loops": 1
                                                }
                                            ],
                                            "Plans": [
                                                {
                                                    "Node Type": "Seq Scan",
                                                    "Parent Relationship": "Outer",
                                                    "Parallel Aware": true,
                                                    "Relation Name": "title",
                                                    "Schema": "public",
                                                    "Alias": "t",
                                                    "Startup Cost": 0.0,
                                                    "Total Cost": 43899.01,
                                                    "Plan Rows": 6047,
                                                    "Plan Width": 4,
                                                    "Actual Startup Time": 0.086,
                                                    "Actual Total Time": 93.279,
                                                    "Actual Rows": 5950,
                                                    "Actual Loops": 4,
                                                    "Output": [
                                                        "t.id"
                                                    ],
                                                    "Filter": "(t.production_year = 1991)",
                                                    "Rows Removed by Filter": 626128,
                                                    "Workers": [
                                                        {
                                                            "Worker Number": 0,
                                                            "Actual Startup Time": 0.15,
                                                            "Actual Total Time": 91.367,
                                                            "Actual Rows": 4261,
                                                            "Actual Loops": 1
                                                        },
                                                        {
                                                            "Worker Number": 1,
                                                            "Actual Startup Time": 0.049,
                                                            "Actual Total Time": 91.134,
                                                            "Actual Rows": 4163,
                                                            "Actual Loops": 1
                                                        },
                                                        {
                                                            "Worker Number": 2,
                                                            "Actual Startup Time": 0.103,
                                                            "Actual Total Time": 91.58,
                                                            "Actual Rows": 5991,
                                                            "Actual Loops": 1
                                                        }
                                                    ]
                                                }
                                            ]
                                        }
                                    ]
                                }
                            ]
                        }
                    ]
                }
            ]
        },
        "Planning Time": 604.318,
        "Triggers": [],
        "Execution Time": 207.762
    }
]