[
  {
    "Plan": {
      "Node Type": "Aggregate",
      "Strategy": "Plain",
      "Partial Mode": "Finalize",
      "Parallel Aware": false,
      "Startup Cost": 45725.23,
      "Total Cost": 45725.24,
      "Plan Rows": 1,
      "Plan Width": 8,
      "Actual Startup Time": 158.6,
      "Actual Total Time": 168.308,
      "Actual Rows": 1,
      "Actual Loops": 1,
      "Plans": [
        {
          "Node Type": "Gather",
          "Parent Relationship": "Outer",
          "Parallel Aware": false,
          "Startup Cost": 45724.92,
          "Total Cost": 45725.23,
          "Plan Rows": 3,
          "Plan Width": 8,
          "Actual Startup Time": 158.463,
          "Actual Total Time": 168.3,
          "Actual Rows": 4,
          "Actual Loops": 1,
          "Workers Planned": 3,
          "Workers Launched": 3,
          "Single Copy": false,
          "Plans": [
            {
              "Node Type": "Aggregate",
              "Strategy": "Plain",
              "Partial Mode": "Partial",
              "Parent Relationship": "Outer",
              "Parallel Aware": false,
              "Startup Cost": 44724.92,
              "Total Cost": 44724.93,
              "Plan Rows": 1,
              "Plan Width": 8,
              "Actual Startup Time": 151.488,
              "Actual Total Time": 151.489,
              "Actual Rows": 1,
              "Actual Loops": 4,
              "Plans": [
                {
                  "Node Type": "Seq Scan",
                  "Parent Relationship": "Outer",
                  "Parallel Aware": true,
                  "Relation Name": "movie_keyword",
                  "Alias": "mk",
                  "Startup Cost": 0.0,
                  "Total Cost": 42695.65,
                  "Plan Rows": 811705,
                  "Plan Width": 0,
                  "Actual Startup Time": 0.047,
                  "Actual Total Time": 120.612,
                  "Actual Rows": 632605,
                  "Actual Loops": 4,
                  "Filter": "(keyword_id < 6290)",
                  "Rows Removed by Filter": 498378
                }
              ]
            }
          ]
        }
      ]
    },
    "Planning Time": 0.132,
    "Triggers": [],
    "Execution Time": 168.352
  }
]