[
  {
    "Plan": {
      "Node Type": "Aggregate",
      "Strategy": "Plain",
      "Partial Mode": "Finalize",
      "Parallel Aware": false,
      "Startup Cost": 45733.91,
      "Total Cost": 45733.92,
      "Plan Rows": 1,
      "Plan Width": 8,
      "Actual Startup Time": 174.135,
      "Actual Total Time": 182.056,
      "Actual Rows": 1,
      "Actual Loops": 1,
      "Plans": [
        {
          "Node Type": "Gather",
          "Parent Relationship": "Outer",
          "Parallel Aware": false,
          "Startup Cost": 45733.59,
          "Total Cost": 45733.9,
          "Plan Rows": 3,
          "Plan Width": 8,
          "Actual Startup Time": 173.91,
          "Actual Total Time": 182.047,
          "Actual Rows": 4,
          "Actual Loops": 1,
          "Workers Planned": 3,
          "Workers Launched": 3,
          "Single Copy": false,
          "Plans": [
            {
              "Node Type": "Aggregate",
              "Strategy": "Plain",
              "Partial Mode": "Partial",
              "Parent Relationship": "Outer",
              "Parallel Aware": false,
              "Startup Cost": 44733.59,
              "Total Cost": 44733.6,
              "Plan Rows": 1,
              "Plan Width": 8,
              "Actual Startup Time": 165.75,
              "Actual Total Time": 165.751,
              "Actual Rows": 1,
              "Actual Loops": 4,
              "Plans": [
                {
                  "Node Type": "Seq Scan",
                  "Parent Relationship": "Outer",
                  "Parallel Aware": true,
                  "Relation Name": "movie_keyword",
                  "Alias": "mk",
                  "Startup Cost": 0.0,
                  "Total Cost": 42695.65,
                  "Plan Rows": 815175,
                  "Plan Width": 0,
                  "Actual Startup Time": 0.056,
                  "Actual Total Time": 131.276,
                  "Actual Rows": 632605,
                  "Actual Loops": 4,
                  "Filter": "(keyword_id < 6290)",
                  "Rows Removed by Filter": 498378
                }
              ]
            }
          ]
        }
      ]
    },
    "Planning Time": 0.157,
    "Triggers": [],
    "Execution Time": 182.115
  }
]