{
    "Plan": {
        "Node Type": "Aggregate",
        "Strategy": "Plain",
        "Partial Mode": "Finalize",
        "Parallel Aware": false,
        "Startup Cost": 465812.58,
        "Total Cost": 465812.59,
        "Plan Rows": 1,
        "Plan Width": 8,
        "Actual Startup Time": 3048.249,
        "Actual Total Time": 3104.943,
        "Actual Rows": 1,
        "Actual Loops": 1,
        "Output": [
            "count(*)"
        ],
        "Plans": [
            {
                "Node Type": "Gather",
                "Parent Relationship": "Outer",
                "Parallel Aware": false,
                "Startup Cost": 465811.95,
                "Total Cost": 465812.56,
                "Plan Rows": 6,
                "Plan Width": 8,
                "Actual Startup Time": 3022.296,
                "Actual Total Time": 3104.933,
                "Actual Rows": 7,
                "Actual Loops": 1,
                "Output": [
                    "(PARTIAL count(*))"
                ],
                "Workers Planned": 6,
                "Workers Launched": 6,
                "Single Copy": false,
                "Plans": [
                    {
                        "Node Type": "Aggregate",
                        "Strategy": "Plain",
                        "Partial Mode": "Partial",
                        "Parent Relationship": "Outer",
                        "Parallel Aware": false,
                        "Startup Cost": 464811.95,
                        "Total Cost": 464811.96,
                        "Plan Rows": 1,
                        "Plan Width": 8,
                        "Actual Startup Time": 3006.081,
                        "Actual Total Time": 3006.088,
                        "Actual Rows": 1,
                        "Actual Loops": 7,
                        "Output": [
                            "PARTIAL count(*)"
                        ],
                        "Workers": [
                            {
                                "Worker Number": 0,
                                "Actual Startup Time": 3003.298,
                                "Actual Total Time": 3003.304,
                                "Actual Rows": 1,
                                "Actual Loops": 1
                            },
                            {
                                "Worker Number": 1,
                                "Actual Startup Time": 3003.308,
                                "Actual Total Time": 3003.313,
                                "Actual Rows": 1,
                                "Actual Loops": 1
                            },
                            {
                                "Worker Number": 2,
                                "Actual Startup Time": 3003.636,
                                "Actual Total Time": 3003.642,
                                "Actual Rows": 1,
                                "Actual Loops": 1
                            },
                            {
                                "Worker Number": 3,
                                "Actual Startup Time": 3003.661,
                                "Actual Total Time": 3003.667,
                                "Actual Rows": 1,
                                "Actual Loops": 1
                            },
                            {
                                "Worker Number": 4,
                                "Actual Startup Time": 3003.623,
                                "Actual Total Time": 3003.629,
                                "Actual Rows": 1,
                                "Actual Loops": 1
                            },
                            {
                                "Worker Number": 5,
                                "Actual Startup Time": 3003.711,
                                "Actual Total Time": 3003.716,
                                "Actual Rows": 1,
                                "Actual Loops": 1
                            }
                        ],
                        "Plans": [
                            {
                                "Node Type": "Hash Join",
                                "Parent Relationship": "Outer",
                                "Parallel Aware": true,
                                "Join Type": "Inner",
                                "Startup Cost": 103071.37,
                                "Total Cost": 456752.27,
                                "Plan Rows": 3223872,
                                "Plan Width": 0,
                                "Actual Startup Time": 452.435,
                                "Actual Total Time": 2624.314,
                                "Actual Rows": 8994951,
                                "Actual Loops": 7,
                                "Inner Unique": false,
                                "Hash Cond": "(ci.movie_id = t.id)",
                                "Workers": [
                                    {
                                        "Worker Number": 0,
                                        "Actual Startup Time": 449.997,
                                        "Actual Total Time": 2589.357,
                                        "Actual Rows": 6525831,
                                        "Actual Loops": 1
                                    },
                                    {
                                        "Worker Number": 1,
                                        "Actual Startup Time": 449.958,
                                        "Actual Total Time": 2629.926,
                                        "Actual Rows": 9858120,
                                        "Actual Loops": 1
                                    },
                                    {
                                        "Worker Number": 2,
                                        "Actual Startup Time": 450.305,
                                        "Actual Total Time": 2637.498,
                                        "Actual Rows": 9399552,
                                        "Actual Loops": 1
                                    },
                                    {
                                        "Worker Number": 3,
                                        "Actual Startup Time": 450.318,
                                        "Actual Total Time": 2619.917,
                                        "Actual Rows": 8199038,
                                        "Actual Loops": 1
                                    },
                                    {
                                        "Worker Number": 4,
                                        "Actual Startup Time": 450.376,
                                        "Actual Total Time": 2642.253,
                                        "Actual Rows": 9233439,
                                        "Actual Loops": 1
                                    },
                                    {
                                        "Worker Number": 5,
                                        "Actual Startup Time": 450.365,
                                        "Actual Total Time": 2642.343,
                                        "Actual Rows": 9298370,
                                        "Actual Loops": 1
                                    }
                                ],
                                "Plans": [
                                    {
                                        "Node Type": "Seq Scan",
                                        "Parent Relationship": "Outer",
                                        "Parallel Aware": true,
                                        "Relation Name": "cast_info",
                                        "Schema": "public",
                                        "Alias": "ci",
                                        "Startup Cost": 0.0,
                                        "Total Cost": 328213.62,
                                        "Plan Rows": 4018054,
                                        "Plan Width": 4,
                                        "Actual Startup Time": 0.027,
                                        "Actual Total Time": 628.091,
                                        "Actual Rows": 3417621,
                                        "Actual Loops": 7,
                                        "Output": [
                                            "ci.id",
                                            "ci.person_id",
                                            "ci.movie_id",
                                            "ci.person_role_id",
                                            "ci.note",
                                            "ci.nr_order",
                                            "ci.role_id"
                                        ],
                                        "Filter": "(ci.person_id < 2453668)",
                                        "Rows Removed by Filter": 1760142,
                                        "Workers": [
                                            {
                                                "Worker Number": 0,
                                                "Actual Startup Time": 0.031,
                                                "Actual Total Time": 654.962,
                                                "Actual Rows": 2484534,
                                                "Actual Loops": 1
                                            },
                                            {
                                                "Worker Number": 1,
                                                "Actual Startup Time": 0.036,
                                                "Actual Total Time": 643.617,
                                                "Actual Rows": 3751638,
                                                "Actual Loops": 1
                                            },
                                            {
                                                "Worker Number": 2,
                                                "Actual Startup Time": 0.033,
                                                "Actual Total Time": 640.938,
                                                "Actual Rows": 3525586,
                                                "Actual Loops": 1
                                            },
                                            {
                                                "Worker Number": 3,
                                                "Actual Startup Time": 0.024,
                                                "Actual Total Time": 634.896,
                                                "Actual Rows": 3146887,
                                                "Actual Loops": 1
                                            },
                                            {
                                                "Worker Number": 4,
                                                "Actual Startup Time": 0.024,
                                                "Actual Total Time": 647.787,
                                                "Actual Rows": 3532522,
                                                "Actual Loops": 1
                                            },
                                            {
                                                "Worker Number": 5,
                                                "Actual Startup Time": 0.026,
                                                "Actual Total Time": 642.292,
                                                "Actual Rows": 3528133,
                                                "Actual Loops": 1
                                            }
                                        ]
                                    },
                                    {
                                        "Node Type": "Hash",
                                        "Parent Relationship": "Inner",
                                        "Parallel Aware": true,
                                        "Startup Cost": 94891.57,
                                        "Total Cost": 94891.57,
                                        "Plan Rows": 654384,
                                        "Plan Width": 8,
                                        "Actual Startup Time": 447.735,
                                        "Actual Total Time": 447.74,
                                        "Actual Rows": 272692,
                                        "Actual Loops": 7,
                                        "Output": [
                                            "t.id",
                                            "mk.movie_id"
                                        ],
                                        "Hash Buckets": 2097152,
                                        "Original Hash Buckets": 2097152,
                                        "Hash Batches": 1,
                                        "Original Hash Batches": 1,
                                        "Peak Memory Usage": 91200,
                                        "Workers": [
                                            {
                                                "Worker Number": 0,
                                                "Actual Startup Time": 449.148,
                                                "Actual Total Time": 449.152,
                                                "Actual Rows": 174622,
                                                "Actual Loops": 1
                                            },
                                            {
                                                "Worker Number": 1,
                                                "Actual Startup Time": 449.208,
                                                "Actual Total Time": 449.211,
                                                "Actual Rows": 303718,
                                                "Actual Loops": 1
                                            },
                                            {
                                                "Worker Number": 2,
                                                "Actual Startup Time": 449.678,
                                                "Actual Total Time": 449.682,
                                                "Actual Rows": 282574,
                                                "Actual Loops": 1
                                            },
                                            {
                                                "Worker Number": 3,
                                                "Actual Startup Time": 449.659,
                                                "Actual Total Time": 449.663,
                                                "Actual Rows": 242220,
                                                "Actual Loops": 1
                                            },
                                            {
                                                "Worker Number": 4,
                                                "Actual Startup Time": 449.532,
                                                "Actual Total Time": 449.536,
                                                "Actual Rows": 277310,
                                                "Actual Loops": 1
                                            },
                                            {
                                                "Worker Number": 5,
                                                "Actual Startup Time": 449.68,
                                                "Actual Total Time": 449.683,
                                                "Actual Rows": 284532,
                                                "Actual Loops": 1
                                            }
                                        ],
                                        "Plans": [
                                            {
                                                "Node Type": "Hash Join",
                                                "Parent Relationship": "Outer",
                                                "Parallel Aware": true,
                                                "Join Type": "Inner",
                                                "Startup Cost": 49954.72,
                                                "Total Cost": 94891.57,
                                                "Plan Rows": 654384,
                                                "Plan Width": 8,
                                                "Actual Startup Time": 210.709,
                                                "Actual Total Time": 369.604,
                                                "Actual Rows": 272692,
                                                "Actual Loops": 7,
                                                "Output": [
                                                    "t.id",
                                                    "mk.movie_id"
                                                ],
                                                "Inner Unique": true,
                                                "Hash Cond": "(mk.movie_id = t.id)",
                                                "Workers": [
                                                    {
                                                        "Worker Number": 0,
                                                        "Actual Startup Time": 210.742,
                                                        "Actual Total Time": 369.583,
                                                        "Actual Rows": 174622,
                                                        "Actual Loops": 1
                                                    },
                                                    {
                                                        "Worker Number": 1,
                                                        "Actual Startup Time": 210.692,
                                                        "Actual Total Time": 369.907,
                                                        "Actual Rows": 303718,
                                                        "Actual Loops": 1
                                                    },
                                                    {
                                                        "Worker Number": 2,
                                                        "Actual Startup Time": 210.715,
                                                        "Actual Total Time": 370.489,
                                                        "Actual Rows": 282574,
                                                        "Actual Loops": 1
                                                    },
                                                    {
                                                        "Worker Number": 3,
                                                        "Actual Startup Time": 210.682,
                                                        "Actual Total Time": 369.71,
                                                        "Actual Rows": 242220,
                                                        "Actual Loops": 1
                                                    },
                                                    {
                                                        "Worker Number": 4,
                                                        "Actual Startup Time": 210.675,
                                                        "Actual Total Time": 371.899,
                                                        "Actual Rows": 277310,
                                                        "Actual Loops": 1
                                                    },
                                                    {
                                                        "Worker Number": 5,
                                                        "Actual Startup Time": 210.644,
                                                        "Actual Total Time": 370.49,
                                                        "Actual Rows": 284532,
                                                        "Actual Loops": 1
                                                    }
                                                ],
                                                "Plans": [
                                                    {
                                                        "Node Type": "Seq Scan",
                                                        "Parent Relationship": "Outer",
                                                        "Parallel Aware": true,
                                                        "Relation Name": "movie_keyword",
                                                        "Schema": "public",
                                                        "Alias": "mk",
                                                        "Startup Cost": 0.0,
                                                        "Total Cost": 42695.65,
                                                        "Plan Rows": 853788,
                                                        "Plan Width": 4,
                                                        "Actual Startup Time": 0.017,
                                                        "Actual Total Time": 83.729,
                                                        "Actual Rows": 380488,
                                                        "Actual Loops": 7,
                                                        "Output": [
                                                            "mk.id",
                                                            "mk.movie_id",
                                                            "mk.keyword_id"
                                                        ],
                                                        "Filter": "(mk.keyword_id < 7420)",
                                                        "Rows Removed by Filter": 265787,
                                                        "Workers": [
                                                            {
                                                                "Worker Number": 0,
                                                                "Actual Startup Time": 0.023,
                                                                "Actual Total Time": 86.779,
                                                                "Actual Rows": 240358,
                                                                "Actual Loops": 1
                                                            },
                                                            {
                                                                "Worker Number": 1,
                                                                "Actual Startup Time": 0.014,
                                                                "Actual Total Time": 85.92,
                                                                "Actual Rows": 423720,
                                                                "Actual Loops": 1
                                                            },
                                                            {
                                                                "Worker Number": 2,
                                                                "Actual Startup Time": 0.027,
                                                                "Actual Total Time": 85.368,
                                                                "Actual Rows": 396300,
                                                                "Actual Loops": 1
                                                            },
                                                            {
                                                                "Worker Number": 3,
                                                                "Actual Startup Time": 0.016,
                                                                "Actual Total Time": 86.259,
                                                                "Actual Rows": 340133,
                                                                "Actual Loops": 1
                                                            },
                                                            {
                                                                "Worker Number": 4,
                                                                "Actual Startup Time": 0.015,
                                                                "Actual Total Time": 83.905,
                                                                "Actual Rows": 386962,
                                                                "Actual Loops": 1
                                                            },
                                                            {
                                                                "Worker Number": 5,
                                                                "Actual Startup Time": 0.017,
                                                                "Actual Total Time": 85.481,
                                                                "Actual Rows": 396118,
                                                                "Actual Loops": 1
                                                            }
                                                        ]
                                                    },
                                                    {
                                                        "Node Type": "Hash",
                                                        "Parent Relationship": "Inner",
                                                        "Parallel Aware": true,
                                                        "Startup Cost": 43899.01,
                                                        "Total Cost": 43899.01,
                                                        "Plan Rows": 484457,
                                                        "Plan Width": 4,
                                                        "Actual Startup Time": 208.56,
                                                        "Actual Total Time": 208.562,
                                                        "Actual Rows": 278180,
                                                        "Actual Loops": 7,
                                                        "Output": [
                                                            "t.id"
                                                        ],
                                                        "Hash Buckets": 2097152,
                                                        "Original Hash Buckets": 2097152,
                                                        "Hash Batches": 1,
                                                        "Original Hash Batches": 1,
                                                        "Peak Memory Usage": 92640,
                                                        "Workers": [
                                                            {
                                                                "Worker Number": 0,
                                                                "Actual Startup Time": 210.513,
                                                                "Actual Total Time": 210.514,
                                                                "Actual Rows": 257840,
                                                                "Actual Loops": 1
                                                            },
                                                            {
                                                                "Worker Number": 1,
                                                                "Actual Startup Time": 210.476,
                                                                "Actual Total Time": 210.477,
                                                                "Actual Rows": 281349,
                                                                "Actual Loops": 1
                                                            },
                                                            {
                                                                "Worker Number": 2,
                                                                "Actual Startup Time": 210.611,
                                                                "Actual Total Time": 210.612,
                                                                "Actual Rows": 273198,
                                                                "Actual Loops": 1
                                                            },
                                                            {
                                                                "Worker Number": 3,
                                                                "Actual Startup Time": 210.46,
                                                                "Actual Total Time": 210.461,
                                                                "Actual Rows": 204866,
                                                                "Actual Loops": 1
                                                            },
                                                            {
                                                                "Worker Number": 4,
                                                                "Actual Startup Time": 210.454,
                                                                "Actual Total Time": 210.455,
                                                                "Actual Rows": 267681,
                                                                "Actual Loops": 1
                                                            },
                                                            {
                                                                "Worker Number": 5,
                                                                "Actual Startup Time": 210.432,
                                                                "Actual Total Time": 210.433,
                                                                "Actual Rows": 269042,
                                                                "Actual Loops": 1
                                                            }
                                                        ],
                                                        "Plans": [
                                                            {
                                                                "Node Type": "Seq Scan",
                                                                "Parent Relationship": "Outer",
                                                                "Parallel Aware": true,
                                                                "Relation Name": "title",
                                                                "Schema": "public",
                                                                "Alias": "t",
                                                                "Startup Cost": 0.0,
                                                                "Total Cost": 43899.01,
                                                                "Plan Rows": 484457,
                                                                "Plan Width": 4,
                                                                "Actual Startup Time": 0.068,
                                                                "Actual Total Time": 83.364,
                                                                "Actual Rows": 278180,
                                                                "Actual Loops": 7,
                                                                "Output": [
                                                                    "t.id"
                                                                ],
                                                                "Filter": "(t.production_year > 1979)",
                                                                "Rows Removed by Filter": 83007,
                                                                "Workers": [
                                                                    {
                                                                        "Worker Number": 0,
                                                                        "Actual Startup Time": 0.085,
                                                                        "Actual Total Time": 86.395,
                                                                        "Actual Rows": 257840,
                                                                        "Actual Loops": 1
                                                                    },
                                                                    {
                                                                        "Worker Number": 1,
                                                                        "Actual Startup Time": 0.081,
                                                                        "Actual Total Time": 84.977,
                                                                        "Actual Rows": 281349,
                                                                        "Actual Loops": 1
                                                                    },
                                                                    {
                                                                        "Worker Number": 2,
                                                                        "Actual Startup Time": 0.068,
                                                                        "Actual Total Time": 85.192,
                                                                        "Actual Rows": 273198,
                                                                        "Actual Loops": 1
                                                                    },
                                                                    {
                                                                        "Worker Number": 3,
                                                                        "Actual Startup Time": 0.076,
                                                                        "Actual Total Time": 86.439,
                                                                        "Actual Rows": 204866,
                                                                        "Actual Loops": 1
                                                                    },
                                                                    {
                                                                        "Worker Number": 4,
                                                                        "Actual Startup Time": 0.08,
                                                                        "Actual Total Time": 85.896,
                                                                        "Actual Rows": 267681,
                                                                        "Actual Loops": 1
                                                                    },
                                                                    {
                                                                        "Worker Number": 5,
                                                                        "Actual Startup Time": 0.066,
                                                                        "Actual Total Time": 84.799,
                                                                        "Actual Rows": 269042,
                                                                        "Actual Loops": 1
                                                                    }
                                                                ]
                                                            }
                                                        ]
                                                    }
                                                ]
                                            }
                                        ]
                                    }
                                ]
                            }
                        ]
                    }
                ]
            }
        ]
    },
    "Planning Time": 1.485,
    "Triggers": [],
    "Execution Time": 3105.045
}