[
  {
    "Plan": {
      "Node Type": "Aggregate",
      "Strategy": "Plain",
      "Partial Mode": "Finalize",
      "Parallel Aware": false,
      "Startup Cost": 127297.32,
      "Total Cost": 127297.33,
      "Plan Rows": 1,
      "Plan Width": 8,
      "Actual Startup Time": 523.018,
      "Actual Total Time": 543.665,
      "Actual Rows": 1,
      "Actual Loops": 1,
      "Plans": [
        {
          "Node Type": "Gather",
          "Parent Relationship": "Outer",
          "Parallel Aware": false,
          "Startup Cost": 127297.0,
          "Total Cost": 127297.31,
          "Plan Rows": 3,
          "Plan Width": 8,
          "Actual Startup Time": 517.398,
          "Actual Total Time": 543.65,
          "Actual Rows": 4,
          "Actual Loops": 1,
          "Workers Planned": 3,
          "Workers Launched": 3,
          "Single Copy": false,
          "Plans": [
            {
              "Node Type": "Aggregate",
              "Strategy": "Plain",
              "Partial Mode": "Partial",
              "Parent Relationship": "Outer",
              "Parallel Aware": false,
              "Startup Cost": 126297.0,
              "Total Cost": 126297.01,
              "Plan Rows": 1,
              "Plan Width": 8,
              "Actual Startup Time": 511.128,
              "Actual Total Time": 511.334,
              "Actual Rows": 1,
              "Actual Loops": 4,
              "Plans": [
                {
                  "Node Type": "Hash Join",
                  "Parent Relationship": "Outer",
                  "Parallel Aware": true,
                  "Join Type": "Inner",
                  "Startup Cost": 81104.07,
                  "Total Cost": 126003.1,
                  "Plan Rows": 117558,
                  "Plan Width": 0,
                  "Actual Startup Time": 292.646,
                  "Actual Total Time": 494.308,
                  "Actual Rows": 395382,
                  "Actual Loops": 4,
                  "Inner Unique": false,
                  "Hash Cond": "(mk.movie_id = t.id)",
                  "Plans": [
                    {
                      "Node Type": "Seq Scan",
                      "Parent Relationship": "Outer",
                      "Parallel Aware": true,
                      "Relation Name": "movie_keyword",
                      "Alias": "mk",
                      "Startup Cost": 0.0,
                      "Total Cost": 39047.32,
                      "Plan Rows": 1459332,
                      "Plan Width": 4,
                      "Actual Startup Time": 0.048,
                      "Actual Total Time": 84.62,
                      "Actual Rows": 1130982,
                      "Actual Loops": 4
                    },
                    {
                      "Node Type": "Hash",
                      "Parent Relationship": "Inner",
                      "Parallel Aware": true,
                      "Startup Cost": 80282.78,
                      "Total Cost": 80282.78,
                      "Plan Rows": 65703,
                      "Plan Width": 8,
                      "Actual Startup Time": 291.164,
                      "Actual Total Time": 291.368,
                      "Actual Rows": 41536,
                      "Actual Loops": 4,
                      "Hash Buckets": 262144,
                      "Original Hash Buckets": 262144,
                      "Hash Batches": 1,
                      "Original Hash Batches": 1,
                      "Peak Memory Usage": 8608,
                      "Plans": [
                        {
                          "Node Type": "Hash Join",
                          "Parent Relationship": "Outer",
                          "Parallel Aware": true,
                          "Join Type": "Inner",
                          "Startup Cost": 48401.59,
                          "Total Cost": 80282.78,
                          "Plan Rows": 65703,
                          "Plan Width": 8,
                          "Actual Startup Time": 212.845,
                          "Actual Total Time": 276.818,
                          "Actual Rows": 41536,
                          "Actual Loops": 4,
                          "Inner Unique": true,
                          "Hash Cond": "(mc.movie_id = t.id)",
                          "Plans": [
                            {
                              "Node Type": "Seq Scan",
                              "Parent Relationship": "Outer",
                              "Parallel Aware": true,
                              "Relation Name": "movie_companies",
                              "Alias": "mc",
                              "Startup Cost": 0.0,
                              "Total Cost": 31414.82,
                              "Plan Rows": 177667,
                              "Plan Width": 4,
                              "Actual Startup Time": 31.11,
                              "Actual Total Time": 61.201,
                              "Actual Rows": 85188,
                              "Actual Loops": 4,
                              "Filter": "((company_id < 7036) AND (company_type_id = 2))",
                              "Rows Removed by Filter": 567094
                            },
                            {
                              "Node Type": "Hash",
                              "Parent Relationship": "Inner",
                              "Parallel Aware": true,
                              "Startup Cost": 45479.59,
                              "Total Cost": 45479.59,
                              "Plan Rows": 233760,
                              "Plan Width": 4,
                              "Actual Startup Time": 179.46,
                              "Actual Total Time": 179.461,
                              "Actual Rows": 229483,
                              "Actual Loops": 4,
                              "Hash Buckets": 1048576,
                              "Original Hash Buckets": 1048576,
                              "Hash Batches": 1,
                              "Original Hash Batches": 1,
                              "Peak Memory Usage": 44192,
                              "Plans": [
                                {
                                  "Node Type": "Seq Scan",
                                  "Parent Relationship": "Outer",
                                  "Parallel Aware": true,
                                  "Relation Name": "title",
                                  "Alias": "t",
                                  "Startup Cost": 0.0,
                                  "Total Cost": 45479.59,
                                  "Plan Rows": 233760,
                                  "Plan Width": 4,
                                  "Actual Startup Time": 0.023,
                                  "Actual Total Time": 98.522,
                                  "Actual Rows": 229483,
                                  "Actual Loops": 4,
                                  "Filter": "((kind_id < 7) AND (production_year > 1914))",
                                  "Rows Removed by Filter": 402595
                                }
                              ]
                            }
                          ]
                        }
                      ]
                    }
                  ]
                }
              ]
            }
          ]
        }
      ]
    },
    "Planning Time": 0.464,
    "Triggers": [],
    "Execution Time": 543.702
  }
]