{
  "Plan": {
    "Node Type": "Aggregate",
    "Strategy": "Plain",
    "Partial Mode": "Finalize",
    "Parallel Aware": false,
    "Startup Cost": 108267.49,
    "Total Cost": 108267.5,
    "Plan Rows": 1,
    "Plan Width": 8,
    "Actual Startup Time": 830.459,
    "Actual Total Time": 851.074,
    "Actual Rows": 1,
    "Actual Loops": 1,
    "Plans": [
      {
        "Node Type": "Gather",
        "Parent Relationship": "Outer",
        "Parallel Aware": false,
        "Startup Cost": 108267.38,
        "Total Cost": 108267.49,
        "Plan Rows": 1,
        "Plan Width": 8,
        "Actual Startup Time": 822.769,
        "Actual Total Time": 851.064,
        "Actual Rows": 2,
        "Actual Loops": 1,
        "Workers Planned": 1,
        "Workers Launched": 1,
        "Single Copy": false,
        "Plans": [
          {
            "Node Type": "Aggregate",
            "Strategy": "Plain",
            "Partial Mode": "Partial",
            "Parent Relationship": "Outer",
            "Parallel Aware": false,
            "Startup Cost": 107267.38,
            "Total Cost": 107267.39,
            "Plan Rows": 1,
            "Plan Width": 8,
            "Actual Startup Time": 811.535,
            "Actual Total Time": 811.539,
            "Actual Rows": 1,
            "Actual Loops": 2,
            "Plans": [
              {
                "Node Type": "Hash Join",
                "Parent Relationship": "Outer",
                "Parallel Aware": true,
                "Join Type": "Inner",
                "Startup Cost": 78429.88,
                "Total Cost": 106645.61,
                "Plan Rows": 248709,
                "Plan Width": 0,
                "Actual Startup Time": 664.693,
                "Actual Total Time": 799.739,
                "Actual Rows": 205049,
                "Actual Loops": 2,
                "Inner Unique": true,
                "Hash Cond": "(mk.movie_id = t.id)",
                "Plans": [
                  {
                    "Node Type": "Bitmap Heap Scan",
                    "Parent Relationship": "Outer",
                    "Parallel Aware": true,
                    "Relation Name": "movie_keyword",
                    "Alias": "mk",
                    "Startup Cost": 8969.18,
                    "Total Cost": 36532.05,
                    "Plan Rows": 248709,
                    "Plan Width": 4,
                    "Actual Startup Time": 40.735,
                    "Actual Total Time": 109.71,
                    "Actual Rows": 205049,
                    "Actual Loops": 2,
                    "Recheck Cond": "(keyword_id > 42236)",
                    "Rows Removed by Index Recheck": 0,
                    "Exact Heap Blocks": 13981,
                    "Lossy Heap Blocks": 0,
                    "Plans": [
                      {
                        "Node Type": "Bitmap Index Scan",
                        "Parent Relationship": "Outer",
                        "Parallel Aware": false,
                        "Index Name": "keyword_id_movie_keyword",
                        "Startup Cost": 0.0,
                        "Total Cost": 8863.48,
                        "Plan Rows": 422806,
                        "Plan Width": 0,
                        "Actual Startup Time": 35.371,
                        "Actual Total Time": 35.371,
                        "Actual Rows": 410098,
                        "Actual Loops": 1,
                        "Index Cond": "(keyword_id > 42236)"
                      }
                    ]
                  },
                  {
                    "Node Type": "Hash",
                    "Parent Relationship": "Inner",
                    "Parallel Aware": true,
                    "Startup Cost": 50870.31,
                    "Total Cost": 50870.31,
                    "Plan Rows": 1487231,
                    "Plan Width": 4,
                    "Actual Startup Time": 602.574,
                    "Actual Total Time": 602.575,
                    "Actual Rows": 1264156,
                    "Actual Loops": 2,
                    "Hash Buckets": 4194304,
                    "Original Hash Buckets": 4194304,
                    "Hash Batches": 1,
                    "Original Hash Batches": 1,
                    "Peak Memory Usage": 131712,
                    "Plans": [
                      {
                        "Node Type": "Seq Scan",
                        "Parent Relationship": "Outer",
                        "Parallel Aware": true,
                        "Relation Name": "title",
                        "Alias": "t",
                        "Startup Cost": 0.0,
                        "Total Cost": 50870.31,
                        "Plan Rows": 1487231,
                        "Plan Width": 4,
                        "Actual Startup Time": 0.029,
                        "Actual Total Time": 180.46,
                        "Actual Rows": 1264156,
                        "Actual Loops": 2
                      }
                    ]
                  }
                ]
              }
            ]
          }
        ]
      }
    ]
  },
  "Planning Time": 0.734,
  "Triggers": [],
  "Execution Time": 851.169
}