[
  {
    "Plan": {
      "Node Type": "Aggregate",
      "Strategy": "Plain",
      "Partial Mode": "Finalize",
      "Parallel Aware": false,
      "Startup Cost": 331140.44,
      "Total Cost": 331140.45,
      "Plan Rows": 1,
      "Plan Width": 8,
      "Actual Startup Time": 569.55,
      "Actual Total Time": 624.565,
      "Actual Rows": 1,
      "Actual Loops": 1,
      "Plans": [
        {
          "Node Type": "Gather",
          "Parent Relationship": "Outer",
          "Parallel Aware": false,
          "Startup Cost": 331139.82,
          "Total Cost": 331140.42,
          "Plan Rows": 6,
          "Plan Width": 8,
          "Actual Startup Time": 569.409,
          "Actual Total Time": 624.555,
          "Actual Rows": 7,
          "Actual Loops": 1,
          "Workers Planned": 6,
          "Workers Launched": 6,
          "Single Copy": false,
          "Plans": [
            {
              "Node Type": "Aggregate",
              "Strategy": "Plain",
              "Partial Mode": "Partial",
              "Parent Relationship": "Outer",
              "Parallel Aware": false,
              "Startup Cost": 330139.82,
              "Total Cost": 330139.83,
              "Plan Rows": 1,
              "Plan Width": 8,
              "Actual Startup Time": 559.567,
              "Actual Total Time": 559.568,
              "Actual Rows": 1,
              "Actual Loops": 7,
              "Plans": [
                {
                  "Node Type": "Seq Scan",
                  "Parent Relationship": "Outer",
                  "Parallel Aware": true,
                  "Relation Name": "cast_info",
                  "Alias": "ci",
                  "Startup Cost": 0.0,
                  "Total Cost": 328162.03,
                  "Plan Rows": 791116,
                  "Plan Width": 0,
                  "Actual Startup Time": 0.049,
                  "Actual Total Time": 525.991,
                  "Actual Rows": 698282,
                  "Actual Loops": 7,
                  "Filter": "(person_id < 474977)",
                  "Rows Removed by Filter": 4479481
                }
              ]
            }
          ]
        }
      ]
    },
    "Planning Time": 0.174,
    "Triggers": [],
    "Execution Time": 624.635
  }
]