[
    {
        "Bao": {
            "Bao prediction": "NaN",
            "Bao recommended hint": "(no hint)"
        }
    },
    {
        "Plan": {
            "Node Type": "Aggregate",
            "Strategy": "Plain",
            "Partial Mode": "Finalize",
            "Parallel Aware": false,
            "Startup Cost": 32287.43,
            "Total Cost": 32287.44,
            "Plan Rows": 1,
            "Plan Width": 8,
            "Actual Startup Time": 132.773,
            "Actual Total Time": 137.24,
            "Actual Rows": 1,
            "Actual Loops": 1,
            "Output": [
                "count(*)"
            ],
            "Plans": [
                {
                    "Node Type": "Gather",
                    "Parent Relationship": "Outer",
                    "Parallel Aware": false,
                    "Startup Cost": 32287.11,
                    "Total Cost": 32287.42,
                    "Plan Rows": 3,
                    "Plan Width": 8,
                    "Actual Startup Time": 132.672,
                    "Actual Total Time": 137.232,
                    "Actual Rows": 4,
                    "Actual Loops": 1,
                    "Output": [
                        "(PARTIAL count(*))"
                    ],
                    "Workers Planned": 3,
                    "Workers Launched": 3,
                    "Single Copy": false,
                    "Plans": [
                        {
                            "Node Type": "Aggregate",
                            "Strategy": "Plain",
                            "Partial Mode": "Partial",
                            "Parent Relationship": "Outer",
                            "Parallel Aware": false,
                            "Startup Cost": 31287.11,
                            "Total Cost": 31287.12,
                            "Plan Rows": 1,
                            "Plan Width": 8,
                            "Actual Startup Time": 124.953,
                            "Actual Total Time": 124.954,
                            "Actual Rows": 1,
                            "Actual Loops": 4,
                            "Output": [
                                "PARTIAL count(*)"
                            ],
                            "Workers": [
                                {
                                    "Worker Number": 0,
                                    "Actual Startup Time": 122.184,
                                    "Actual Total Time": 122.185,
                                    "Actual Rows": 1,
                                    "Actual Loops": 1
                                },
                                {
                                    "Worker Number": 1,
                                    "Actual Startup Time": 122.514,
                                    "Actual Total Time": 122.514,
                                    "Actual Rows": 1,
                                    "Actual Loops": 1
                                },
                                {
                                    "Worker Number": 2,
                                    "Actual Startup Time": 122.712,
                                    "Actual Total Time": 122.713,
                                    "Actual Rows": 1,
                                    "Actual Loops": 1
                                }
                            ],
                            "Plans": [
                                {
                                    "Node Type": "Seq Scan",
                                    "Parent Relationship": "Outer",
                                    "Parallel Aware": true,
                                    "Relation Name": "movie_companies",
                                    "Schema": "public",
                                    "Alias": "mc",
                                    "Startup Cost": 0.0,
                                    "Total Cost": 29310.68,
                                    "Plan Rows": 790571,
                                    "Plan Width": 0,
                                    "Actual Startup Time": 0.058,
                                    "Actual Total Time": 89.849,
                                    "Actual Rows": 612078,
                                    "Actual Loops": 4,
                                    "Output": [
                                        "id",
                                        "movie_id",
                                        "company_id",
                                        "company_type_id",
                                        "note"
                                    ],
                                    "Filter": "(mc.company_id < 127469)",
                                    "Rows Removed by Filter": 40204,
                                    "Workers": [
                                        {
                                            "Worker Number": 0,
                                            "Actual Startup Time": 0.069,
                                            "Actual Total Time": 88.525,
                                            "Actual Rows": 668267,
                                            "Actual Loops": 1
                                        },
                                        {
                                            "Worker Number": 1,
                                            "Actual Startup Time": 0.07,
                                            "Actual Total Time": 88.815,
                                            "Actual Rows": 670773,
                                            "Actual Loops": 1
                                        },
                                        {
                                            "Worker Number": 2,
                                            "Actual Startup Time": 0.079,
                                            "Actual Total Time": 89.014,
                                            "Actual Rows": 455680,
                                            "Actual Loops": 1
                                        }
                                    ]
                                }
                            ]
                        }
                    ]
                }
            ]
        },
        "Planning Time": 180.655,
        "Triggers": [],
        "Execution Time": 137.284
    }
]