[
  {
    "Plan": {
      "Node Type": "Aggregate",
      "Strategy": "Plain",
      "Partial Mode": "Finalize",
      "Parallel Aware": false,
      "Startup Cost": 46224.47,
      "Total Cost": 46224.48,
      "Plan Rows": 1,
      "Plan Width": 8,
      "Actual Startup Time": 159.42,
      "Actual Total Time": 166.424,
      "Actual Rows": 1,
      "Actual Loops": 1,
      "Plans": [
        {
          "Node Type": "Gather",
          "Parent Relationship": "Outer",
          "Parallel Aware": false,
          "Startup Cost": 46224.15,
          "Total Cost": 46224.46,
          "Plan Rows": 3,
          "Plan Width": 8,
          "Actual Startup Time": 159.296,
          "Actual Total Time": 166.415,
          "Actual Rows": 4,
          "Actual Loops": 1,
          "Workers Planned": 3,
          "Workers Launched": 3,
          "Single Copy": false,
          "Plans": [
            {
              "Node Type": "Aggregate",
              "Strategy": "Plain",
              "Partial Mode": "Partial",
              "Parent Relationship": "Outer",
              "Parallel Aware": false,
              "Startup Cost": 45224.15,
              "Total Cost": 45224.16,
              "Plan Rows": 1,
              "Plan Width": 8,
              "Actual Startup Time": 153.841,
              "Actual Total Time": 153.842,
              "Actual Rows": 1,
              "Actual Loops": 4,
              "Plans": [
                {
                  "Node Type": "Seq Scan",
                  "Parent Relationship": "Outer",
                  "Parallel Aware": true,
                  "Relation Name": "movie_keyword",
                  "Alias": "mk",
                  "Startup Cost": 0.0,
                  "Total Cost": 42695.65,
                  "Plan Rows": 1011398,
                  "Plan Width": 0,
                  "Actual Startup Time": 0.036,
                  "Actual Total Time": 116.76,
                  "Actual Rows": 784272,
                  "Actual Loops": 4,
                  "Filter": "(keyword_id < 12029)",
                  "Rows Removed by Filter": 346711
                }
              ]
            }
          ]
        }
      ]
    },
    "Planning Time": 0.189,
    "Triggers": [],
    "Execution Time": 166.477
  }
]