[
  {
    "Plan": {
      "Node Type": "Aggregate",
      "Strategy": "Plain",
      "Partial Mode": "Finalize",
      "Parallel Aware": false,
      "Startup Cost": 46230.45,
      "Total Cost": 46230.46,
      "Plan Rows": 1,
      "Plan Width": 8,
      "Actual Startup Time": 175.863,
      "Actual Total Time": 186.199,
      "Actual Rows": 1,
      "Actual Loops": 1,
      "Plans": [
        {
          "Node Type": "Gather",
          "Parent Relationship": "Outer",
          "Parallel Aware": false,
          "Startup Cost": 46230.13,
          "Total Cost": 46230.44,
          "Plan Rows": 3,
          "Plan Width": 8,
          "Actual Startup Time": 175.75,
          "Actual Total Time": 186.193,
          "Actual Rows": 4,
          "Actual Loops": 1,
          "Workers Planned": 3,
          "Workers Launched": 3,
          "Single Copy": false,
          "Plans": [
            {
              "Node Type": "Aggregate",
              "Strategy": "Plain",
              "Partial Mode": "Partial",
              "Parent Relationship": "Outer",
              "Parallel Aware": false,
              "Startup Cost": 45230.13,
              "Total Cost": 45230.14,
              "Plan Rows": 1,
              "Plan Width": 8,
              "Actual Startup Time": 170.476,
              "Actual Total Time": 170.478,
              "Actual Rows": 1,
              "Actual Loops": 4,
              "Plans": [
                {
                  "Node Type": "Seq Scan",
                  "Parent Relationship": "Outer",
                  "Parallel Aware": true,
                  "Relation Name": "movie_keyword",
                  "Alias": "mk",
                  "Startup Cost": 0.0,
                  "Total Cost": 42695.65,
                  "Plan Rows": 1013791,
                  "Plan Width": 0,
                  "Actual Startup Time": 0.04,
                  "Actual Total Time": 131.551,
                  "Actual Rows": 784272,
                  "Actual Loops": 4,
                  "Filter": "(keyword_id < 12029)",
                  "Rows Removed by Filter": 346711
                }
              ]
            }
          ]
        }
      ]
    },
    "Planning Time": 0.118,
    "Triggers": [],
    "Execution Time": 186.255
  }
]