{
  "Plan": {
    "Node Type": "Aggregate",
    "Strategy": "Plain",
    "Partial Mode": "Finalize",
    "Parallel Aware": false,
    "Startup Cost": 81442.5,
    "Total Cost": 81442.51,
    "Plan Rows": 1,
    "Plan Width": 8,
    "Actual Startup Time": 155.973,
    "Actual Total Time": 171.758,
    "Actual Rows": 1,
    "Actual Loops": 1,
    "Plans": [
      {
        "Node Type": "Gather",
        "Parent Relationship": "Outer",
        "Parallel Aware": false,
        "Startup Cost": 81442.39,
        "Total Cost": 81442.5,
        "Plan Rows": 1,
        "Plan Width": 8,
        "Actual Startup Time": 155.858,
        "Actual Total Time": 171.75,
        "Actual Rows": 2,
        "Actual Loops": 1,
        "Workers Planned": 1,
        "Workers Launched": 1,
        "Single Copy": false,
        "Plans": [
          {
            "Node Type": "Aggregate",
            "Strategy": "Plain",
            "Partial Mode": "Partial",
            "Parent Relationship": "Outer",
            "Parallel Aware": false,
            "Startup Cost": 80442.39,
            "Total Cost": 80442.4,
            "Plan Rows": 1,
            "Plan Width": 8,
            "Actual Startup Time": 151.47,
            "Actual Total Time": 151.471,
            "Actual Rows": 1,
            "Actual Loops": 2,
            "Plans": [
              {
                "Node Type": "Nested Loop",
                "Parent Relationship": "Outer",
                "Parallel Aware": false,
                "Join Type": "Inner",
                "Startup Cost": 0.43,
                "Total Cost": 80438.25,
                "Plan Rows": 1654,
                "Plan Width": 0,
                "Actual Startup Time": 9.655,
                "Actual Total Time": 151.247,
                "Actual Rows": 3800,
                "Actual Loops": 2,
                "Inner Unique": false,
                "Plans": [
                  {
                    "Node Type": "Seq Scan",
                    "Parent Relationship": "Outer",
                    "Parallel Aware": true,
                    "Relation Name": "title",
                    "Alias": "t",
                    "Startup Cost": 0.0,
                    "Total Cost": 54588.39,
                    "Plan Rows": 2975,
                    "Plan Width": 4,
                    "Actual Startup Time": 0.152,
                    "Actual Total Time": 128.599,
                    "Actual Rows": 3417,
                    "Actual Loops": 2,
                    "Filter": "(production_year = 1953)",
                    "Rows Removed by Filter": 1260739
                  },
                  {
                    "Node Type": "Index Scan",
                    "Parent Relationship": "Inner",
                    "Parallel Aware": false,
                    "Scan Direction": "Forward",
                    "Index Name": "movie_id_movie_keyword",
                    "Relation Name": "movie_keyword",
                    "Alias": "mk",
                    "Startup Cost": 0.43,
                    "Total Cost": 8.55,
                    "Plan Rows": 14,
                    "Plan Width": 4,
                    "Actual Startup Time": 0.006,
                    "Actual Total Time": 0.006,
                    "Actual Rows": 1,
                    "Actual Loops": 6834,
                    "Index Cond": "(movie_id = t.id)",
                    "Rows Removed by Index Recheck": 0,
                    "Filter": "(keyword_id > 11863)",
                    "Rows Removed by Filter": 2
                  }
                ]
              }
            ]
          }
        ]
      }
    ]
  },
  "Planning Time": 0.358,
  "Triggers": [],
  "Execution Time": 171.816
}