[
  {
    "Plan": {
      "Node Type": "Aggregate",
      "Strategy": "Plain",
      "Partial Mode": "Finalize",
      "Parallel Aware": false,
      "Startup Cost": 36771.01,
      "Total Cost": 36771.02,
      "Plan Rows": 1,
      "Plan Width": 8,
      "Actual Startup Time": 60.3,
      "Actual Total Time": 69.729,
      "Actual Rows": 1,
      "Actual Loops": 1,
      "Plans": [
        {
          "Node Type": "Gather",
          "Parent Relationship": "Outer",
          "Parallel Aware": false,
          "Startup Cost": 36770.79,
          "Total Cost": 36771.0,
          "Plan Rows": 2,
          "Plan Width": 8,
          "Actual Startup Time": 60.055,
          "Actual Total Time": 69.722,
          "Actual Rows": 3,
          "Actual Loops": 1,
          "Workers Planned": 2,
          "Workers Launched": 2,
          "Single Copy": false,
          "Plans": [
            {
              "Node Type": "Aggregate",
              "Strategy": "Plain",
              "Partial Mode": "Partial",
              "Parent Relationship": "Outer",
              "Parallel Aware": false,
              "Startup Cost": 35770.79,
              "Total Cost": 35770.8,
              "Plan Rows": 1,
              "Plan Width": 8,
              "Actual Startup Time": 51.591,
              "Actual Total Time": 51.593,
              "Actual Rows": 1,
              "Actual Loops": 3,
              "Plans": [
                {
                  "Node Type": "Nested Loop",
                  "Parent Relationship": "Outer",
                  "Parallel Aware": false,
                  "Join Type": "Inner",
                  "Startup Cost": 155.89,
                  "Total Cost": 35766.79,
                  "Plan Rows": 1602,
                  "Plan Width": 0,
                  "Actual Startup Time": 2.805,
                  "Actual Total Time": 51.188,
                  "Actual Rows": 2720,
                  "Actual Loops": 3,
                  "Inner Unique": true,
                  "Join Filter": "(mc.movie_id = t.id)",
                  "Rows Removed by Join Filter": 0,
                  "Plans": [
                    {
                      "Node Type": "Nested Loop",
                      "Parent Relationship": "Outer",
                      "Parallel Aware": false,
                      "Join Type": "Inner",
                      "Startup Cost": 155.46,
                      "Total Cost": 31061.62,
                      "Plan Rows": 7969,
                      "Plan Width": 8,
                      "Actual Startup Time": 2.59,
                      "Actual Total Time": 33.133,
                      "Actual Rows": 2720,
                      "Actual Loops": 3,
                      "Inner Unique": false,
                      "Plans": [
                        {
                          "Node Type": "Bitmap Heap Scan",
                          "Parent Relationship": "Outer",
                          "Parallel Aware": true,
                          "Relation Name": "movie_companies",
                          "Alias": "mc",
                          "Startup Cost": 155.03,
                          "Total Cost": 13922.12,
                          "Plan Rows": 2935,
                          "Plan Width": 4,
                          "Actual Startup Time": 2.366,
                          "Actual Total Time": 10.79,
                          "Actual Rows": 2229,
                          "Actual Loops": 3,
                          "Recheck Cond": "(company_id = 302)",
                          "Rows Removed by Index Recheck": 0,
                          "Exact Heap Blocks": 2347,
                          "Lossy Heap Blocks": 0,
                          "Plans": [
                            {
                              "Node Type": "Bitmap Index Scan",
                              "Parent Relationship": "Outer",
                              "Parallel Aware": false,
                              "Index Name": "company_id_movie_companies",
                              "Startup Cost": 0.0,
                              "Total Cost": 153.27,
                              "Plan Rows": 7045,
                              "Plan Width": 0,
                              "Actual Startup Time": 5.015,
                              "Actual Total Time": 5.015,
                              "Actual Rows": 6686,
                              "Actual Loops": 1,
                              "Index Cond": "(company_id = 302)"
                            }
                          ]
                        },
                        {
                          "Node Type": "Index Only Scan",
                          "Parent Relationship": "Inner",
                          "Parallel Aware": false,
                          "Scan Direction": "Forward",
                          "Index Name": "movie_id_movie_info_idx",
                          "Relation Name": "movie_info_idx",
                          "Alias": "mi_idx",
                          "Startup Cost": 0.43,
                          "Total Cost": 5.81,
                          "Plan Rows": 3,
                          "Plan Width": 4,
                          "Actual Startup Time": 0.009,
                          "Actual Total Time": 0.009,
                          "Actual Rows": 1,
                          "Actual Loops": 6686,
                          "Index Cond": "(movie_id = mc.movie_id)",
                          "Rows Removed by Index Recheck": 0,
                          "Heap Fetches": 8161
                        }
                      ]
                    },
                    {
                      "Node Type": "Index Only Scan",
                      "Parent Relationship": "Inner",
                      "Parallel Aware": false,
                      "Scan Direction": "Forward",
                      "Index Name": "title_pkey",
                      "Relation Name": "title",
                      "Alias": "t",
                      "Startup Cost": 0.43,
                      "Total Cost": 0.58,
                      "Plan Rows": 1,
                      "Plan Width": 4,
                      "Actual Startup Time": 0.006,
                      "Actual Total Time": 0.006,
                      "Actual Rows": 1,
                      "Actual Loops": 8161,
                      "Index Cond": "(id = mi_idx.movie_id)",
                      "Rows Removed by Index Recheck": 0,
                      "Heap Fetches": 8161
                    }
                  ]
                }
              ]
            }
          ]
        }
      ]
    },
    "Planning Time": 1.538,
    "Triggers": [],
    "Execution Time": 69.841
  }
]