[
  {
    "Plan": {
      "Node Type": "Aggregate",
      "Strategy": "Plain",
      "Partial Mode": "Finalize",
      "Parallel Aware": false,
      "Startup Cost": 166340.38,
      "Total Cost": 166340.39,
      "Plan Rows": 1,
      "Plan Width": 8,
      "Actual Startup Time": 105.062,
      "Actual Total Time": 116.963,
      "Actual Rows": 1,
      "Actual Loops": 1,
      "Plans": [
        {
          "Node Type": "Gather",
          "Parent Relationship": "Outer",
          "Parallel Aware": false,
          "Startup Cost": 166339.96,
          "Total Cost": 166340.37,
          "Plan Rows": 4,
          "Plan Width": 8,
          "Actual Startup Time": 104.78,
          "Actual Total Time": 116.956,
          "Actual Rows": 5,
          "Actual Loops": 1,
          "Workers Planned": 4,
          "Workers Launched": 4,
          "Single Copy": false,
          "Plans": [
            {
              "Node Type": "Aggregate",
              "Strategy": "Plain",
              "Partial Mode": "Partial",
              "Parent Relationship": "Outer",
              "Parallel Aware": false,
              "Startup Cost": 165339.96,
              "Total Cost": 165339.97,
              "Plan Rows": 1,
              "Plan Width": 8,
              "Actual Startup Time": 96.817,
              "Actual Total Time": 96.819,
              "Actual Rows": 1,
              "Actual Loops": 5,
              "Plans": [
                {
                  "Node Type": "Hash Join",
                  "Parent Relationship": "Outer",
                  "Parallel Aware": true,
                  "Join Type": "Inner",
                  "Startup Cost": 46601.12,
                  "Total Cost": 165339.87,
                  "Plan Rows": 34,
                  "Plan Width": 0,
                  "Actual Startup Time": 88.928,
                  "Actual Total Time": 96.81,
                  "Actual Rows": 32,
                  "Actual Loops": 5,
                  "Inner Unique": true,
                  "Hash Cond": "(mi.movie_id = t.id)",
                  "Plans": [
                    {
                      "Node Type": "Bitmap Heap Scan",
                      "Parent Relationship": "Outer",
                      "Parallel Aware": true,
                      "Relation Name": "movie_info",
                      "Alias": "mi",
                      "Startup Cost": 1104.17,
                      "Total Cost": 119802.98,
                      "Plan Rows": 15217,
                      "Plan Width": 4,
                      "Actual Startup Time": 3.341,
                      "Actual Total Time": 10.962,
                      "Actual Rows": 12226,
                      "Actual Loops": 5,
                      "Recheck Cond": "(info_type_id = 103)",
                      "Rows Removed by Index Recheck": 0,
                      "Exact Heap Blocks": 1740,
                      "Lossy Heap Blocks": 0,
                      "Plans": [
                        {
                          "Node Type": "Bitmap Index Scan",
                          "Parent Relationship": "Outer",
                          "Parallel Aware": false,
                          "Index Name": "info_type_id_movie_info",
                          "Startup Cost": 0.0,
                          "Total Cost": 1088.95,
                          "Plan Rows": 60869,
                          "Plan Width": 0,
                          "Actual Startup Time": 2.645,
                          "Actual Total Time": 2.646,
                          "Actual Rows": 61128,
                          "Actual Loops": 1,
                          "Index Cond": "(info_type_id = 103)"
                        }
                      ]
                    },
                    {
                      "Node Type": "Hash",
                      "Parent Relationship": "Inner",
                      "Parallel Aware": true,
                      "Startup Cost": 45479.59,
                      "Total Cost": 45479.59,
                      "Plan Rows": 1389,
                      "Plan Width": 4,
                      "Actual Startup Time": 83.07,
                      "Actual Total Time": 83.07,
                      "Actual Rows": 1235,
                      "Actual Loops": 5,
                      "Hash Buckets": 8192,
                      "Original Hash Buckets": 8192,
                      "Hash Batches": 1,
                      "Original Hash Batches": 1,
                      "Peak Memory Usage": 416,
                      "Plans": [
                        {
                          "Node Type": "Seq Scan",
                          "Parent Relationship": "Outer",
                          "Parallel Aware": true,
                          "Relation Name": "title",
                          "Alias": "t",
                          "Startup Cost": 0.0,
                          "Total Cost": 45479.59,
                          "Plan Rows": 1389,
                          "Plan Width": 4,
                          "Actual Startup Time": 1.198,
                          "Actual Total Time": 82.381,
                          "Actual Rows": 1235,
                          "Actual Loops": 5,
                          "Filter": "((kind_id < 7) AND (production_year = 1971))",
                          "Rows Removed by Filter": 504428
                        }
                      ]
                    }
                  ]
                }
              ]
            }
          ]
        }
      ]
    },
    "Planning Time": 0.671,
    "Triggers": [],
    "Execution Time": 117.053
  }
]