[
  {
    "Plan": {
      "Node Type": "Aggregate",
      "Strategy": "Plain",
      "Partial Mode": "Finalize",
      "Parallel Aware": false,
      "Startup Cost": 63395.13,
      "Total Cost": 63395.14,
      "Plan Rows": 1,
      "Plan Width": 8,
      "Actual Startup Time": 328.545,
      "Actual Total Time": 346.122,
      "Actual Rows": 1,
      "Actual Loops": 1,
      "Plans": [
        {
          "Node Type": "Gather",
          "Parent Relationship": "Outer",
          "Parallel Aware": false,
          "Startup Cost": 63394.91,
          "Total Cost": 63395.12,
          "Plan Rows": 2,
          "Plan Width": 8,
          "Actual Startup Time": 326.135,
          "Actual Total Time": 346.102,
          "Actual Rows": 3,
          "Actual Loops": 1,
          "Workers Planned": 2,
          "Workers Launched": 2,
          "Single Copy": false,
          "Plans": [
            {
              "Node Type": "Aggregate",
              "Strategy": "Plain",
              "Partial Mode": "Partial",
              "Parent Relationship": "Outer",
              "Parallel Aware": false,
              "Startup Cost": 62394.91,
              "Total Cost": 62394.92,
              "Plan Rows": 1,
              "Plan Width": 8,
              "Actual Startup Time": 319.593,
              "Actual Total Time": 319.596,
              "Actual Rows": 1,
              "Actual Loops": 3,
              "Plans": [
                {
                  "Node Type": "Hash Join",
                  "Parent Relationship": "Outer",
                  "Parallel Aware": true,
                  "Join Type": "Inner",
                  "Startup Cost": 46935.47,
                  "Total Cost": 62130.03,
                  "Plan Rows": 105952,
                  "Plan Width": 0,
                  "Actual Startup Time": 231.596,
                  "Actual Total Time": 313.329,
                  "Actual Rows": 117589,
                  "Actual Loops": 3,
                  "Inner Unique": true,
                  "Hash Cond": "(mi_idx.movie_id = t.id)",
                  "Plans": [
                    {
                      "Node Type": "Seq Scan",
                      "Parent Relationship": "Outer",
                      "Parallel Aware": true,
                      "Relation Name": "movie_info_idx",
                      "Alias": "mi_idx",
                      "Startup Cost": 0.0,
                      "Total Cost": 13685.15,
                      "Plan Rows": 575015,
                      "Plan Width": 4,
                      "Actual Startup Time": 0.014,
                      "Actual Total Time": 48.686,
                      "Actual Rows": 460012,
                      "Actual Loops": 3
                    },
                    {
                      "Node Type": "Hash",
                      "Parent Relationship": "Inner",
                      "Parallel Aware": true,
                      "Startup Cost": 45479.59,
                      "Total Cost": 45479.59,
                      "Plan Rows": 116471,
                      "Plan Width": 4,
                      "Actual Startup Time": 182.051,
                      "Actual Total Time": 182.052,
                      "Actual Rows": 113582,
                      "Actual Loops": 3,
                      "Hash Buckets": 524288,
                      "Original Hash Buckets": 524288,
                      "Hash Batches": 1,
                      "Original Hash Batches": 1,
                      "Peak Memory Usage": 17440,
                      "Plans": [
                        {
                          "Node Type": "Seq Scan",
                          "Parent Relationship": "Outer",
                          "Parallel Aware": true,
                          "Relation Name": "title",
                          "Alias": "t",
                          "Startup Cost": 0.0,
                          "Total Cost": 45479.59,
                          "Plan Rows": 116471,
                          "Plan Width": 4,
                          "Actual Startup Time": 55.128,
                          "Actual Total Time": 141.403,
                          "Actual Rows": 113582,
                          "Actual Loops": 3,
                          "Filter": "((kind_id < 2) AND (production_year > 1989))",
                          "Rows Removed by Filter": 729189
                        }
                      ]
                    }
                  ]
                }
              ]
            }
          ]
        }
      ]
    },
    "Planning Time": 0.61,
    "Triggers": [],
    "Execution Time": 346.207
  }
]