[
  {
    "Plan": {
      "Node Type": "Aggregate",
      "Strategy": "Plain",
      "Partial Mode": "Finalize",
      "Parallel Aware": false,
      "Startup Cost": 63397.33,
      "Total Cost": 63397.34,
      "Plan Rows": 1,
      "Plan Width": 8,
      "Actual Startup Time": 293.337,
      "Actual Total Time": 305.716,
      "Actual Rows": 1,
      "Actual Loops": 1,
      "Plans": [
        {
          "Node Type": "Gather",
          "Parent Relationship": "Outer",
          "Parallel Aware": false,
          "Startup Cost": 63397.11,
          "Total Cost": 63397.32,
          "Plan Rows": 2,
          "Plan Width": 8,
          "Actual Startup Time": 292.048,
          "Actual Total Time": 305.709,
          "Actual Rows": 3,
          "Actual Loops": 1,
          "Workers Planned": 2,
          "Workers Launched": 2,
          "Single Copy": false,
          "Plans": [
            {
              "Node Type": "Aggregate",
              "Strategy": "Plain",
              "Partial Mode": "Partial",
              "Parent Relationship": "Outer",
              "Parallel Aware": false,
              "Startup Cost": 62397.11,
              "Total Cost": 62397.12,
              "Plan Rows": 1,
              "Plan Width": 8,
              "Actual Startup Time": 284.095,
              "Actual Total Time": 284.099,
              "Actual Rows": 1,
              "Actual Loops": 3,
              "Plans": [
                {
                  "Node Type": "Hash Join",
                  "Parent Relationship": "Outer",
                  "Parallel Aware": true,
                  "Join Type": "Inner",
                  "Startup Cost": 46937.25,
                  "Total Cost": 62131.81,
                  "Plan Rows": 106122,
                  "Plan Width": 0,
                  "Actual Startup Time": 207.085,
                  "Actual Total Time": 278.267,
                  "Actual Rows": 117589,
                  "Actual Loops": 3,
                  "Inner Unique": true,
                  "Hash Cond": "(mi_idx.movie_id = t.id)",
                  "Plans": [
                    {
                      "Node Type": "Seq Scan",
                      "Parent Relationship": "Outer",
                      "Parallel Aware": true,
                      "Relation Name": "movie_info_idx",
                      "Alias": "mi_idx",
                      "Startup Cost": 0.0,
                      "Total Cost": 13685.15,
                      "Plan Rows": 575015,
                      "Plan Width": 4,
                      "Actual Startup Time": 0.026,
                      "Actual Total Time": 41.213,
                      "Actual Rows": 460012,
                      "Actual Loops": 3
                    },
                    {
                      "Node Type": "Hash",
                      "Parent Relationship": "Inner",
                      "Parallel Aware": true,
                      "Startup Cost": 45479.1,
                      "Total Cost": 45479.1,
                      "Plan Rows": 116652,
                      "Plan Width": 4,
                      "Actual Startup Time": 161.999,
                      "Actual Total Time": 162.0,
                      "Actual Rows": 113582,
                      "Actual Loops": 3,
                      "Hash Buckets": 524288,
                      "Original Hash Buckets": 524288,
                      "Hash Batches": 1,
                      "Original Hash Batches": 1,
                      "Peak Memory Usage": 17472,
                      "Plans": [
                        {
                          "Node Type": "Seq Scan",
                          "Parent Relationship": "Outer",
                          "Parallel Aware": true,
                          "Relation Name": "title",
                          "Alias": "t",
                          "Startup Cost": 0.0,
                          "Total Cost": 45479.1,
                          "Plan Rows": 116652,
                          "Plan Width": 4,
                          "Actual Startup Time": 50.387,
                          "Actual Total Time": 126.769,
                          "Actual Rows": 113582,
                          "Actual Loops": 3,
                          "Filter": "((kind_id < 2) AND (production_year > 1989))",
                          "Rows Removed by Filter": 729189
                        }
                      ]
                    }
                  ]
                }
              ]
            }
          ]
        }
      ]
    },
    "Planning Time": 0.587,
    "Triggers": [],
    "Execution Time": 305.787
  }
]