{
  "Plan": {
    "Node Type": "Aggregate",
    "Strategy": "Plain",
    "Partial Mode": "Finalize",
    "Parallel Aware": false,
    "Startup Cost": 97642.15,
    "Total Cost": 97642.16,
    "Plan Rows": 1,
    "Plan Width": 8,
    "Actual Startup Time": 598.236,
    "Actual Total Time": 613.216,
    "Actual Rows": 1,
    "Actual Loops": 1,
    "Plans": [
      {
        "Node Type": "Gather",
        "Parent Relationship": "Outer",
        "Parallel Aware": false,
        "Startup Cost": 97642.03,
        "Total Cost": 97642.14,
        "Plan Rows": 1,
        "Plan Width": 8,
        "Actual Startup Time": 596.456,
        "Actual Total Time": 613.208,
        "Actual Rows": 2,
        "Actual Loops": 1,
        "Workers Planned": 1,
        "Workers Launched": 1,
        "Single Copy": false,
        "Plans": [
          {
            "Node Type": "Aggregate",
            "Strategy": "Plain",
            "Partial Mode": "Partial",
            "Parent Relationship": "Outer",
            "Parallel Aware": false,
            "Startup Cost": 96642.03,
            "Total Cost": 96642.04,
            "Plan Rows": 1,
            "Plan Width": 8,
            "Actual Startup Time": 590.696,
            "Actual Total Time": 590.7,
            "Actual Rows": 1,
            "Actual Loops": 2,
            "Plans": [
              {
                "Node Type": "Hash Join",
                "Parent Relationship": "Outer",
                "Parallel Aware": true,
                "Join Type": "Inner",
                "Startup Cost": 35266.87,
                "Total Cost": 96281.26,
                "Plan Rows": 144310,
                "Plan Width": 0,
                "Actual Startup Time": 153.001,
                "Actual Total Time": 577.654,
                "Actual Rows": 245503,
                "Actual Loops": 2,
                "Inner Unique": false,
                "Hash Cond": "(t.id = mc.movie_id)",
                "Plans": [
                  {
                    "Node Type": "Seq Scan",
                    "Parent Relationship": "Outer",
                    "Parallel Aware": true,
                    "Relation Name": "title",
                    "Alias": "t",
                    "Startup Cost": 0.0,
                    "Total Cost": 50870.31,
                    "Plan Rows": 1487231,
                    "Plan Width": 4,
                    "Actual Startup Time": 0.011,
                    "Actual Total Time": 136.83,
                    "Actual Rows": 1264156,
                    "Actual Loops": 2
                  },
                  {
                    "Node Type": "Hash",
                    "Parent Relationship": "Inner",
                    "Parallel Aware": true,
                    "Startup Cost": 33463.0,
                    "Total Cost": 33463.0,
                    "Plan Rows": 144310,
                    "Plan Width": 4,
                    "Actual Startup Time": 149.445,
                    "Actual Total Time": 149.447,
                    "Actual Rows": 245503,
                    "Actual Loops": 2,
                    "Hash Buckets": 524288,
                    "Original Hash Buckets": 262144,
                    "Hash Batches": 1,
                    "Original Hash Batches": 1,
                    "Peak Memory Usage": 25408,
                    "Plans": [
                      {
                        "Node Type": "Bitmap Heap Scan",
                        "Parent Relationship": "Outer",
                        "Parallel Aware": true,
                        "Relation Name": "movie_companies",
                        "Alias": "mc",
                        "Startup Cost": 10409.63,
                        "Total Cost": 33463.0,
                        "Plan Rows": 144310,
                        "Plan Width": 4,
                        "Actual Startup Time": 34.286,
                        "Actual Total Time": 91.097,
                        "Actual Rows": 245503,
                        "Actual Loops": 2,
                        "Recheck Cond": "(company_id > 74680)",
                        "Rows Removed by Index Recheck": 0,
                        "Filter": "(company_type_id = 2)",
                        "Rows Removed by Filter": 0,
                        "Exact Heap Blocks": 5008,
                        "Lossy Heap Blocks": 0,
                        "Plans": [
                          {
                            "Node Type": "Bitmap Index Scan",
                            "Parent Relationship": "Outer",
                            "Parallel Aware": false,
                            "Index Name": "company_id_movie_companies",
                            "Startup Cost": 0.0,
                            "Total Cost": 10348.3,
                            "Plan Rows": 483182,
                            "Plan Width": 0,
                            "Actual Startup Time": 35.06,
                            "Actual Total Time": 35.06,
                            "Actual Rows": 491006,
                            "Actual Loops": 1,
                            "Index Cond": "(company_id > 74680)"
                          }
                        ]
                      }
                    ]
                  }
                ]
              }
            ]
          }
        ]
      }
    ]
  },
  "Planning Time": 0.704,
  "Triggers": [],
  "Execution Time": 613.309
}