[
  {
    "Plan": {
      "Node Type": "Aggregate",
      "Strategy": "Plain",
      "Partial Mode": "Finalize",
      "Parallel Aware": false,
      "Startup Cost": 46065.93,
      "Total Cost": 46065.94,
      "Plan Rows": 1,
      "Plan Width": 8,
      "Actual Startup Time": 153.666,
      "Actual Total Time": 163.095,
      "Actual Rows": 1,
      "Actual Loops": 1,
      "Plans": [
        {
          "Node Type": "Gather",
          "Parent Relationship": "Outer",
          "Parallel Aware": false,
          "Startup Cost": 46065.61,
          "Total Cost": 46065.92,
          "Plan Rows": 3,
          "Plan Width": 8,
          "Actual Startup Time": 153.577,
          "Actual Total Time": 163.088,
          "Actual Rows": 4,
          "Actual Loops": 1,
          "Workers Planned": 3,
          "Workers Launched": 3,
          "Single Copy": false,
          "Plans": [
            {
              "Node Type": "Aggregate",
              "Strategy": "Plain",
              "Partial Mode": "Partial",
              "Parent Relationship": "Outer",
              "Parallel Aware": false,
              "Startup Cost": 45065.61,
              "Total Cost": 45065.62,
              "Plan Rows": 1,
              "Plan Width": 8,
              "Actual Startup Time": 147.789,
              "Actual Total Time": 147.79,
              "Actual Rows": 1,
              "Actual Loops": 4,
              "Plans": [
                {
                  "Node Type": "Seq Scan",
                  "Parent Relationship": "Outer",
                  "Parallel Aware": true,
                  "Relation Name": "movie_keyword",
                  "Alias": "mk",
                  "Startup Cost": 0.0,
                  "Total Cost": 42695.65,
                  "Plan Rows": 947983,
                  "Plan Width": 0,
                  "Actual Startup Time": 0.049,
                  "Actual Total Time": 115.281,
                  "Actual Rows": 733106,
                  "Actual Loops": 4,
                  "Filter": "(keyword_id < 9712)",
                  "Rows Removed by Filter": 397877
                }
              ]
            }
          ]
        }
      ]
    },
    "Planning Time": 0.136,
    "Triggers": [],
    "Execution Time": 163.137
  }
]