[
  {
    "Plan": {
      "Node Type": "Aggregate",
      "Strategy": "Plain",
      "Partial Mode": "Finalize",
      "Parallel Aware": false,
      "Startup Cost": 284929.75,
      "Total Cost": 284929.76,
      "Plan Rows": 1,
      "Plan Width": 8,
      "Actual Startup Time": 198.301,
      "Actual Total Time": 233.819,
      "Actual Rows": 1,
      "Actual Loops": 1,
      "Plans": [
        {
          "Node Type": "Gather",
          "Parent Relationship": "Outer",
          "Parallel Aware": false,
          "Startup Cost": 284929.33,
          "Total Cost": 284929.74,
          "Plan Rows": 4,
          "Plan Width": 8,
          "Actual Startup Time": 198.024,
          "Actual Total Time": 233.809,
          "Actual Rows": 5,
          "Actual Loops": 1,
          "Workers Planned": 4,
          "Workers Launched": 4,
          "Single Copy": false,
          "Plans": [
            {
              "Node Type": "Aggregate",
              "Strategy": "Plain",
              "Partial Mode": "Partial",
              "Parent Relationship": "Outer",
              "Parallel Aware": false,
              "Startup Cost": 283929.33,
              "Total Cost": 283929.34,
              "Plan Rows": 1,
              "Plan Width": 8,
              "Actual Startup Time": 187.375,
              "Actual Total Time": 187.376,
              "Actual Rows": 1,
              "Actual Loops": 5,
              "Plans": [
                {
                  "Node Type": "Nested Loop",
                  "Parent Relationship": "Outer",
                  "Parallel Aware": false,
                  "Join Type": "Inner",
                  "Startup Cost": 0.56,
                  "Total Cost": 283827.11,
                  "Plan Rows": 40888,
                  "Plan Width": 0,
                  "Actual Startup Time": 0.45,
                  "Actual Total Time": 184.562,
                  "Actual Rows": 26495,
                  "Actual Loops": 5,
                  "Inner Unique": false,
                  "Plans": [
                    {
                      "Node Type": "Seq Scan",
                      "Parent Relationship": "Outer",
                      "Parallel Aware": true,
                      "Relation Name": "title",
                      "Alias": "t",
                      "Startup Cost": 0.0,
                      "Total Cost": 45479.59,
                      "Plan Rows": 2852,
                      "Plan Width": 4,
                      "Actual Startup Time": 0.204,
                      "Actual Total Time": 71.425,
                      "Actual Rows": 1885,
                      "Actual Loops": 5,
                      "Filter": "((kind_id > 2) AND (production_year = 1978))",
                      "Rows Removed by Filter": 503777
                    },
                    {
                      "Node Type": "Index Only Scan",
                      "Parent Relationship": "Inner",
                      "Parallel Aware": false,
                      "Scan Direction": "Forward",
                      "Index Name": "movie_id_cast_info",
                      "Relation Name": "cast_info",
                      "Alias": "ci",
                      "Startup Cost": 0.56,
                      "Total Cost": 83.22,
                      "Plan Rows": 35,
                      "Plan Width": 4,
                      "Actual Startup Time": 0.012,
                      "Actual Total Time": 0.058,
                      "Actual Rows": 14,
                      "Actual Loops": 9426,
                      "Index Cond": "(movie_id = t.id)",
                      "Rows Removed by Index Recheck": 0,
                      "Heap Fetches": 132473
                    }
                  ]
                }
              ]
            }
          ]
        }
      ]
    },
    "Planning Time": 0.586,
    "Triggers": [],
    "Execution Time": 233.897
  }
]