[
    {
        "Bao": {
            "Bao prediction": 656.013,
            "Bao recommended hint": "(no hint)"
        }
    },
    {
        "Plan": {
            "Node Type": "Aggregate",
            "Strategy": "Plain",
            "Partial Mode": "Finalize",
            "Parallel Aware": false,
            "Startup Cost": 34557.01,
            "Total Cost": 34557.02,
            "Plan Rows": 1,
            "Plan Width": 8,
            "Actual Startup Time": 125.832,
            "Actual Total Time": 131.765,
            "Actual Rows": 1,
            "Actual Loops": 1,
            "Output": [
                "count(*)"
            ],
            "Plans": [
                {
                    "Node Type": "Gather",
                    "Parent Relationship": "Outer",
                    "Parallel Aware": false,
                    "Startup Cost": 34556.69,
                    "Total Cost": 34557.0,
                    "Plan Rows": 3,
                    "Plan Width": 8,
                    "Actual Startup Time": 125.556,
                    "Actual Total Time": 131.756,
                    "Actual Rows": 4,
                    "Actual Loops": 1,
                    "Output": [
                        "(PARTIAL count(*))"
                    ],
                    "Workers Planned": 3,
                    "Workers Launched": 3,
                    "Single Copy": false,
                    "Plans": [
                        {
                            "Node Type": "Aggregate",
                            "Strategy": "Plain",
                            "Partial Mode": "Partial",
                            "Parent Relationship": "Outer",
                            "Parallel Aware": false,
                            "Startup Cost": 33556.69,
                            "Total Cost": 33556.7,
                            "Plan Rows": 1,
                            "Plan Width": 8,
                            "Actual Startup Time": 117.269,
                            "Actual Total Time": 117.271,
                            "Actual Rows": 1,
                            "Actual Loops": 4,
                            "Output": [
                                "PARTIAL count(*)"
                            ],
                            "Workers": [
                                {
                                    "Worker Number": 0,
                                    "Actual Startup Time": 114.55,
                                    "Actual Total Time": 114.551,
                                    "Actual Rows": 1,
                                    "Actual Loops": 1
                                },
                                {
                                    "Worker Number": 1,
                                    "Actual Startup Time": 114.55,
                                    "Actual Total Time": 114.551,
                                    "Actual Rows": 1,
                                    "Actual Loops": 1
                                },
                                {
                                    "Worker Number": 2,
                                    "Actual Startup Time": 114.974,
                                    "Actual Total Time": 114.975,
                                    "Actual Rows": 1,
                                    "Actual Loops": 1
                                }
                            ],
                            "Plans": [
                                {
                                    "Node Type": "Bitmap Heap Scan",
                                    "Parent Relationship": "Outer",
                                    "Parallel Aware": true,
                                    "Relation Name": "movie_keyword",
                                    "Schema": "public",
                                    "Alias": "mk",
                                    "Startup Cost": 7412.14,
                                    "Total Cost": 33274.93,
                                    "Plan Rows": 112704,
                                    "Plan Width": 0,
                                    "Actual Startup Time": 45.737,
                                    "Actual Total Time": 110.964,
                                    "Actual Rows": 86795,
                                    "Actual Loops": 4,
                                    "Recheck Cond": "(mk.keyword_id > 47936)",
                                    "Rows Removed by Index Recheck": 0,
                                    "Exact Heap Blocks": 8861,
                                    "Lossy Heap Blocks": 0,
                                    "Workers": [
                                        {
                                            "Worker Number": 0,
                                            "Actual Startup Time": 43.173,
                                            "Actual Total Time": 109.082,
                                            "Actual Rows": 79319,
                                            "Actual Loops": 1
                                        },
                                        {
                                            "Worker Number": 1,
                                            "Actual Startup Time": 43.138,
                                            "Actual Total Time": 108.896,
                                            "Actual Rows": 60897,
                                            "Actual Loops": 1
                                        },
                                        {
                                            "Worker Number": 2,
                                            "Actual Startup Time": 43.428,
                                            "Actual Total Time": 109.924,
                                            "Actual Rows": 69320,
                                            "Actual Loops": 1
                                        }
                                    ],
                                    "Plans": [
                                        {
                                            "Node Type": "Bitmap Index Scan",
                                            "Parent Relationship": "Outer",
                                            "Parallel Aware": false,
                                            "Index Name": "keyword_id_movie_keyword",
                                            "Startup Cost": 0.0,
                                            "Total Cost": 7324.79,
                                            "Plan Rows": 349381,
                                            "Plan Width": 0,
                                            "Actual Startup Time": 48.061,
                                            "Actual Total Time": 48.062,
                                            "Actual Rows": 347180,
                                            "Actual Loops": 1,
                                            "Index Cond": "(mk.keyword_id > 47936)"
                                        }
                                    ]
                                }
                            ]
                        }
                    ]
                }
            ]
        },
        "Planning Time": 676.389,
        "Triggers": [],
        "Execution Time": 131.872
    }
]