{
  "Plan": {
    "Node Type": "Aggregate",
    "Strategy": "Plain",
    "Partial Mode": "Finalize",
    "Parallel Aware": false,
    "Startup Cost": 59898.5,
    "Total Cost": 59898.51,
    "Plan Rows": 1,
    "Plan Width": 8,
    "Actual Startup Time": 156.006,
    "Actual Total Time": 161.855,
    "Actual Rows": 1,
    "Actual Loops": 1,
    "Plans": [
      {
        "Node Type": "Gather",
        "Parent Relationship": "Outer",
        "Parallel Aware": false,
        "Startup Cost": 59898.39,
        "Total Cost": 59898.5,
        "Plan Rows": 1,
        "Plan Width": 8,
        "Actual Startup Time": 155.625,
        "Actual Total Time": 161.849,
        "Actual Rows": 2,
        "Actual Loops": 1,
        "Workers Planned": 1,
        "Workers Launched": 1,
        "Single Copy": false,
        "Plans": [
          {
            "Node Type": "Aggregate",
            "Strategy": "Plain",
            "Partial Mode": "Partial",
            "Parent Relationship": "Outer",
            "Parallel Aware": false,
            "Startup Cost": 58898.39,
            "Total Cost": 58898.4,
            "Plan Rows": 1,
            "Plan Width": 8,
            "Actual Startup Time": 149.461,
            "Actual Total Time": 149.465,
            "Actual Rows": 1,
            "Actual Loops": 2,
            "Plans": [
              {
                "Node Type": "Hash Join",
                "Parent Relationship": "Outer",
                "Parallel Aware": true,
                "Join Type": "Inner",
                "Startup Cost": 40075.41,
                "Total Cost": 58869.53,
                "Plan Rows": 11542,
                "Plan Width": 0,
                "Actual Startup Time": 100.839,
                "Actual Total Time": 148.86,
                "Actual Rows": 13678,
                "Actual Loops": 2,
                "Inner Unique": true,
                "Hash Cond": "(mi_idx.movie_id = t.id)",
                "Plans": [
                  {
                    "Node Type": "Seq Scan",
                    "Parent Relationship": "Outer",
                    "Parallel Aware": true,
                    "Relation Name": "movie_info_idx",
                    "Alias": "mi_idx",
                    "Startup Cost": 0.0,
                    "Total Cost": 18082.32,
                    "Plan Rows": 271164,
                    "Plan Width": 4,
                    "Actual Startup Time": 0.018,
                    "Actual Total Time": 48.272,
                    "Actual Rows": 230092,
                    "Actual Loops": 2,
                    "Filter": "(info_type_id > 100)",
                    "Rows Removed by Filter": 459925
                  },
                  {
                    "Node Type": "Hash",
                    "Parent Relationship": "Inner",
                    "Parallel Aware": true,
                    "Startup Cost": 39284.09,
                    "Total Cost": 39284.09,
                    "Plan Rows": 63306,
                    "Plan Width": 4,
                    "Actual Startup Time": 67.474,
                    "Actual Total Time": 67.475,
                    "Actual Rows": 55793,
                    "Actual Loops": 2,
                    "Hash Buckets": 131072,
                    "Original Hash Buckets": 131072,
                    "Hash Batches": 1,
                    "Original Hash Batches": 1,
                    "Peak Memory Usage": 5408,
                    "Plans": [
                      {
                        "Node Type": "Bitmap Heap Scan",
                        "Parent Relationship": "Outer",
                        "Parallel Aware": true,
                        "Relation Name": "title",
                        "Alias": "t",
                        "Startup Cost": 2207.84,
                        "Total Cost": 39284.09,
                        "Plan Rows": 63306,
                        "Plan Width": 4,
                        "Actual Startup Time": 16.411,
                        "Actual Total Time": 54.218,
                        "Actual Rows": 55793,
                        "Actual Loops": 2,
                        "Recheck Cond": "(kind_id = 4)",
                        "Rows Removed by Index Recheck": 0,
                        "Filter": "(production_year < 2012)",
                        "Rows Removed by Filter": 3324,
                        "Exact Heap Blocks": 9958,
                        "Lossy Heap Blocks": 0,
                        "Plans": [
                          {
                            "Node Type": "Bitmap Index Scan",
                            "Parent Relationship": "Outer",
                            "Parallel Aware": false,
                            "Index Name": "kind_id_title",
                            "Startup Cost": 0.0,
                            "Total Cost": 2180.94,
                            "Plan Rows": 122201,
                            "Plan Width": 0,
                            "Actual Startup Time": 15.678,
                            "Actual Total Time": 15.679,
                            "Actual Rows": 118234,
                            "Actual Loops": 1,
                            "Index Cond": "(kind_id = 4)"
                          }
                        ]
                      }
                    ]
                  }
                ]
              }
            ]
          }
        ]
      }
    ]
  },
  "Planning Time": 0.467,
  "Triggers": [],
  "Execution Time": 161.947
}