[
  {
    "Plan": {
      "Node Type": "Aggregate",
      "Strategy": "Plain",
      "Partial Mode": "Finalize",
      "Parallel Aware": false,
      "Startup Cost": 48977.04,
      "Total Cost": 48977.05,
      "Plan Rows": 1,
      "Plan Width": 8,
      "Actual Startup Time": 75.686,
      "Actual Total Time": 85.009,
      "Actual Rows": 1,
      "Actual Loops": 1,
      "Plans": [
        {
          "Node Type": "Gather",
          "Parent Relationship": "Outer",
          "Parallel Aware": false,
          "Startup Cost": 48976.73,
          "Total Cost": 48977.04,
          "Plan Rows": 3,
          "Plan Width": 8,
          "Actual Startup Time": 75.269,
          "Actual Total Time": 85.001,
          "Actual Rows": 4,
          "Actual Loops": 1,
          "Workers Planned": 3,
          "Workers Launched": 3,
          "Single Copy": false,
          "Plans": [
            {
              "Node Type": "Aggregate",
              "Strategy": "Plain",
              "Partial Mode": "Partial",
              "Parent Relationship": "Outer",
              "Parallel Aware": false,
              "Startup Cost": 47976.73,
              "Total Cost": 47976.74,
              "Plan Rows": 1,
              "Plan Width": 8,
              "Actual Startup Time": 66.07,
              "Actual Total Time": 66.071,
              "Actual Rows": 1,
              "Actual Loops": 4,
              "Plans": [
                {
                  "Node Type": "Nested Loop",
                  "Parent Relationship": "Outer",
                  "Parallel Aware": false,
                  "Join Type": "Inner",
                  "Startup Cost": 277.8,
                  "Total Cost": 47975.45,
                  "Plan Rows": 509,
                  "Plan Width": 0,
                  "Actual Startup Time": 2.968,
                  "Actual Total Time": 65.56,
                  "Actual Rows": 5492,
                  "Actual Loops": 4,
                  "Inner Unique": false,
                  "Plans": [
                    {
                      "Node Type": "Nested Loop",
                      "Parent Relationship": "Outer",
                      "Parallel Aware": false,
                      "Join Type": "Inner",
                      "Startup Cost": 277.37,
                      "Total Cost": 47226.35,
                      "Plan Rows": 1003,
                      "Plan Width": 8,
                      "Actual Startup Time": 2.822,
                      "Actual Total Time": 42.633,
                      "Actual Rows": 2654,
                      "Actual Loops": 4,
                      "Inner Unique": true,
                      "Plans": [
                        {
                          "Node Type": "Bitmap Heap Scan",
                          "Parent Relationship": "Outer",
                          "Parallel Aware": true,
                          "Relation Name": "movie_keyword",
                          "Alias": "mk",
                          "Startup Cost": 276.94,
                          "Total Cost": 21422.12,
                          "Plan Rows": 4184,
                          "Plan Width": 4,
                          "Actual Startup Time": 2.649,
                          "Actual Total Time": 11.715,
                          "Actual Rows": 3591,
                          "Actual Loops": 4,
                          "Recheck Cond": "(keyword_id = 1)",
                          "Rows Removed by Index Recheck": 0,
                          "Exact Heap Blocks": 3122,
                          "Lossy Heap Blocks": 0,
                          "Plans": [
                            {
                              "Node Type": "Bitmap Index Scan",
                              "Parent Relationship": "Outer",
                              "Parallel Aware": false,
                              "Index Name": "keyword_id_movie_keyword",
                              "Startup Cost": 0.0,
                              "Total Cost": 273.7,
                              "Plan Rows": 12969,
                              "Plan Width": 0,
                              "Actual Startup Time": 7.139,
                              "Actual Total Time": 7.139,
                              "Actual Rows": 14364,
                              "Actual Loops": 1,
                              "Index Cond": "(keyword_id = 1)"
                            }
                          ]
                        },
                        {
                          "Node Type": "Index Scan",
                          "Parent Relationship": "Inner",
                          "Parallel Aware": false,
                          "Scan Direction": "Forward",
                          "Index Name": "title_pkey",
                          "Relation Name": "title",
                          "Alias": "t",
                          "Startup Cost": 0.43,
                          "Total Cost": 6.17,
                          "Plan Rows": 1,
                          "Plan Width": 4,
                          "Actual Startup Time": 0.008,
                          "Actual Total Time": 0.008,
                          "Actual Rows": 1,
                          "Actual Loops": 14364,
                          "Index Cond": "(id = mk.movie_id)",
                          "Rows Removed by Index Recheck": 0,
                          "Filter": "((kind_id < 7) AND (production_year < 2007))",
                          "Rows Removed by Filter": 0
                        }
                      ]
                    },
                    {
                      "Node Type": "Index Scan",
                      "Parent Relationship": "Inner",
                      "Parallel Aware": false,
                      "Scan Direction": "Forward",
                      "Index Name": "movie_id_movie_companies",
                      "Relation Name": "movie_companies",
                      "Alias": "mc",
                      "Startup Cost": 0.43,
                      "Total Cost": 0.72,
                      "Plan Rows": 3,
                      "Plan Width": 4,
                      "Actual Startup Time": 0.006,
                      "Actual Total Time": 0.008,
                      "Actual Rows": 2,
                      "Actual Loops": 10616,
                      "Index Cond": "(movie_id = t.id)",
                      "Rows Removed by Index Recheck": 0,
                      "Filter": "(company_type_id < 2)",
                      "Rows Removed by Filter": 1
                    }
                  ]
                }
              ]
            }
          ]
        }
      ]
    },
    "Planning Time": 1.468,
    "Triggers": [],
    "Execution Time": 85.11
  }
]