[
  {
    "Plan": {
      "Node Type": "Aggregate",
      "Strategy": "Plain",
      "Partial Mode": "Finalize",
      "Parallel Aware": false,
      "Startup Cost": 86062.79,
      "Total Cost": 86062.8,
      "Plan Rows": 1,
      "Plan Width": 8,
      "Actual Startup Time": 314.991,
      "Actual Total Time": 332.647,
      "Actual Rows": 1,
      "Actual Loops": 1,
      "Plans": [
        {
          "Node Type": "Gather",
          "Parent Relationship": "Outer",
          "Parallel Aware": false,
          "Startup Cost": 86062.48,
          "Total Cost": 86062.79,
          "Plan Rows": 3,
          "Plan Width": 8,
          "Actual Startup Time": 312.345,
          "Actual Total Time": 332.638,
          "Actual Rows": 4,
          "Actual Loops": 1,
          "Workers Planned": 3,
          "Workers Launched": 3,
          "Single Copy": false,
          "Plans": [
            {
              "Node Type": "Aggregate",
              "Strategy": "Plain",
              "Partial Mode": "Partial",
              "Parent Relationship": "Outer",
              "Parallel Aware": false,
              "Startup Cost": 85062.48,
              "Total Cost": 85062.49,
              "Plan Rows": 1,
              "Plan Width": 8,
              "Actual Startup Time": 303.32,
              "Actual Total Time": 303.323,
              "Actual Rows": 1,
              "Actual Loops": 4,
              "Plans": [
                {
                  "Node Type": "Hash Join",
                  "Parent Relationship": "Outer",
                  "Parallel Aware": true,
                  "Join Type": "Inner",
                  "Startup Cost": 57776.09,
                  "Total Cost": 84944.77,
                  "Plan Rows": 47084,
                  "Plan Width": 0,
                  "Actual Startup Time": 223.0,
                  "Actual Total Time": 299.618,
                  "Actual Rows": 80646,
                  "Actual Loops": 4,
                  "Inner Unique": true,
                  "Hash Cond": "(mk.movie_id = t.id)",
                  "Plans": [
                    {
                      "Node Type": "Bitmap Heap Scan",
                      "Parent Relationship": "Outer",
                      "Parallel Aware": true,
                      "Relation Name": "movie_keyword",
                      "Alias": "mk",
                      "Startup Cost": 11804.5,
                      "Total Cost": 38502.03,
                      "Plan Rows": 179483,
                      "Plan Width": 4,
                      "Actual Startup Time": 34.515,
                      "Actual Total Time": 95.601,
                      "Actual Rows": 142574,
                      "Actual Loops": 4,
                      "Recheck Cond": "(keyword_id < 405)",
                      "Rows Removed by Index Recheck": 0,
                      "Exact Heap Blocks": 7001,
                      "Lossy Heap Blocks": 0,
                      "Plans": [
                        {
                          "Node Type": "Bitmap Index Scan",
                          "Parent Relationship": "Outer",
                          "Parallel Aware": false,
                          "Index Name": "keyword_id_movie_keyword",
                          "Startup Cost": 0.0,
                          "Total Cost": 11665.4,
                          "Plan Rows": 556396,
                          "Plan Width": 0,
                          "Actual Startup Time": 30.86,
                          "Actual Total Time": 30.861,
                          "Actual Rows": 570298,
                          "Actual Loops": 1,
                          "Index Cond": "(keyword_id < 405)"
                        }
                      ]
                    },
                    {
                      "Node Type": "Hash",
                      "Parent Relationship": "Inner",
                      "Parallel Aware": true,
                      "Startup Cost": 43898.92,
                      "Total Cost": 43898.92,
                      "Plan Rows": 165814,
                      "Plan Width": 4,
                      "Actual Startup Time": 157.225,
                      "Actual Total Time": 157.226,
                      "Actual Rows": 165706,
                      "Actual Loops": 4,
                      "Hash Buckets": 1048576,
                      "Original Hash Buckets": 1048576,
                      "Hash Batches": 1,
                      "Original Hash Batches": 1,
                      "Peak Memory Usage": 34144,
                      "Plans": [
                        {
                          "Node Type": "Seq Scan",
                          "Parent Relationship": "Outer",
                          "Parallel Aware": true,
                          "Relation Name": "title",
                          "Alias": "t",
                          "Startup Cost": 0.0,
                          "Total Cost": 43898.92,
                          "Plan Rows": 165814,
                          "Plan Width": 4,
                          "Actual Startup Time": 46.067,
                          "Actual Total Time": 100.28,
                          "Actual Rows": 165706,
                          "Actual Loops": 4,
                          "Filter": "(kind_id = 1)",
                          "Rows Removed by Filter": 466372
                        }
                      ]
                    }
                  ]
                }
              ]
            }
          ]
        }
      ]
    },
    "Planning Time": 0.599,
    "Triggers": [],
    "Execution Time": 332.739
  }
]