[
  {
    "Plan": {
      "Node Type": "Aggregate",
      "Strategy": "Plain",
      "Partial Mode": "Finalize",
      "Parallel Aware": false,
      "Startup Cost": 247496.27,
      "Total Cost": 247496.28,
      "Plan Rows": 1,
      "Plan Width": 8,
      "Actual Startup Time": 577.484,
      "Actual Total Time": 632.153,
      "Actual Rows": 1,
      "Actual Loops": 1,
      "Plans": [
        {
          "Node Type": "Gather",
          "Parent Relationship": "Outer",
          "Parallel Aware": false,
          "Startup Cost": 247495.75,
          "Total Cost": 247496.26,
          "Plan Rows": 5,
          "Plan Width": 8,
          "Actual Startup Time": 575.757,
          "Actual Total Time": 632.122,
          "Actual Rows": 6,
          "Actual Loops": 1,
          "Workers Planned": 5,
          "Workers Launched": 5,
          "Single Copy": false,
          "Plans": [
            {
              "Node Type": "Aggregate",
              "Strategy": "Plain",
              "Partial Mode": "Partial",
              "Parent Relationship": "Outer",
              "Parallel Aware": false,
              "Startup Cost": 246495.75,
              "Total Cost": 246495.76,
              "Plan Rows": 1,
              "Plan Width": 8,
              "Actual Startup Time": 566.991,
              "Actual Total Time": 567.04,
              "Actual Rows": 1,
              "Actual Loops": 6,
              "Plans": [
                {
                  "Node Type": "Hash Join",
                  "Parent Relationship": "Outer",
                  "Parallel Aware": true,
                  "Join Type": "Inner",
                  "Startup Cost": 45744.79,
                  "Total Cost": 246444.87,
                  "Plan Rows": 20353,
                  "Plan Width": 0,
                  "Actual Startup Time": 202.307,
                  "Actual Total Time": 564.642,
                  "Actual Rows": 40904,
                  "Actual Loops": 6,
                  "Inner Unique": true,
                  "Hash Cond": "(mi.movie_id = t.id)",
                  "Plans": [
                    {
                      "Node Type": "Seq Scan",
                      "Parent Relationship": "Outer",
                      "Parallel Aware": true,
                      "Relation Name": "movie_info",
                      "Alias": "mi",
                      "Startup Cost": 0.0,
                      "Total Cost": 199108.24,
                      "Plan Rows": 606414,
                      "Plan Width": 4,
                      "Actual Startup Time": 86.997,
                      "Actual Total Time": 373.107,
                      "Actual Rows": 506120,
                      "Actual Loops": 6,
                      "Filter": "(info_type_id = 16)",
                      "Rows Removed by Filter": 1966500
                    },
                    {
                      "Node Type": "Hash",
                      "Parent Relationship": "Inner",
                      "Parallel Aware": true,
                      "Startup Cost": 45479.59,
                      "Total Cost": 45479.59,
                      "Plan Rows": 21216,
                      "Plan Width": 4,
                      "Actual Startup Time": 112.202,
                      "Actual Total Time": 112.204,
                      "Actual Rows": 31856,
                      "Actual Loops": 6,
                      "Hash Buckets": 262144,
                      "Original Hash Buckets": 131072,
                      "Hash Batches": 1,
                      "Original Hash Batches": 1,
                      "Peak Memory Usage": 10656,
                      "Plans": [
                        {
                          "Node Type": "Seq Scan",
                          "Parent Relationship": "Outer",
                          "Parallel Aware": true,
                          "Relation Name": "title",
                          "Alias": "t",
                          "Startup Cost": 0.0,
                          "Total Cost": 45479.59,
                          "Plan Rows": 21216,
                          "Plan Width": 4,
                          "Actual Startup Time": 0.331,
                          "Actual Total Time": 91.686,
                          "Actual Rows": 31856,
                          "Actual Loops": 6,
                          "Filter": "((kind_id < 7) AND (production_year < 1959))",
                          "Rows Removed by Filter": 389529
                        }
                      ]
                    }
                  ]
                }
              ]
            }
          ]
        }
      ]
    },
    "Planning Time": 0.635,
    "Triggers": [],
    "Execution Time": 632.235
  }
]