[
  {
    "Plan": {
      "Node Type": "Aggregate",
      "Strategy": "Plain",
      "Partial Mode": "Finalize",
      "Parallel Aware": false,
      "Startup Cost": 19627.79,
      "Total Cost": 19627.8,
      "Plan Rows": 1,
      "Plan Width": 8,
      "Actual Startup Time": 23.788,
      "Actual Total Time": 27.219,
      "Actual Rows": 1,
      "Actual Loops": 1,
      "Plans": [
        {
          "Node Type": "Gather",
          "Parent Relationship": "Outer",
          "Parallel Aware": false,
          "Startup Cost": 19627.67,
          "Total Cost": 19627.78,
          "Plan Rows": 1,
          "Plan Width": 8,
          "Actual Startup Time": 23.536,
          "Actual Total Time": 27.211,
          "Actual Rows": 2,
          "Actual Loops": 1,
          "Workers Planned": 1,
          "Workers Launched": 1,
          "Single Copy": false,
          "Plans": [
            {
              "Node Type": "Aggregate",
              "Strategy": "Plain",
              "Partial Mode": "Partial",
              "Parent Relationship": "Outer",
              "Parallel Aware": false,
              "Startup Cost": 18627.67,
              "Total Cost": 18627.68,
              "Plan Rows": 1,
              "Plan Width": 8,
              "Actual Startup Time": 17.322,
              "Actual Total Time": 17.324,
              "Actual Rows": 1,
              "Actual Loops": 2,
              "Plans": [
                {
                  "Node Type": "Nested Loop",
                  "Parent Relationship": "Outer",
                  "Parallel Aware": false,
                  "Join Type": "Inner",
                  "Startup Cost": 56.41,
                  "Total Cost": 18627.44,
                  "Plan Rows": 94,
                  "Plan Width": 0,
                  "Actual Startup Time": 2.035,
                  "Actual Total Time": 17.284,
                  "Actual Rows": 78,
                  "Actual Loops": 2,
                  "Inner Unique": true,
                  "Plans": [
                    {
                      "Node Type": "Bitmap Heap Scan",
                      "Parent Relationship": "Outer",
                      "Parallel Aware": true,
                      "Relation Name": "movie_companies",
                      "Alias": "mc",
                      "Startup Cost": 55.98,
                      "Total Cost": 7014.99,
                      "Plan Rows": 1484,
                      "Plan Width": 4,
                      "Actual Startup Time": 1.437,
                      "Actual Total Time": 4.85,
                      "Actual Rows": 1206,
                      "Actual Loops": 2,
                      "Recheck Cond": "(company_id = 708)",
                      "Rows Removed by Index Recheck": 0,
                      "Exact Heap Blocks": 1273,
                      "Lossy Heap Blocks": 0,
                      "Plans": [
                        {
                          "Node Type": "Bitmap Index Scan",
                          "Parent Relationship": "Outer",
                          "Parallel Aware": false,
                          "Index Name": "company_id_movie_companies",
                          "Startup Cost": 0.0,
                          "Total Cost": 55.34,
                          "Plan Rows": 2522,
                          "Plan Width": 0,
                          "Actual Startup Time": 2.083,
                          "Actual Total Time": 2.084,
                          "Actual Rows": 2411,
                          "Actual Loops": 1,
                          "Index Cond": "(company_id = 708)"
                        }
                      ]
                    },
                    {
                      "Node Type": "Index Scan",
                      "Parent Relationship": "Inner",
                      "Parallel Aware": false,
                      "Scan Direction": "Forward",
                      "Index Name": "title_pkey",
                      "Relation Name": "title",
                      "Alias": "t",
                      "Startup Cost": 0.43,
                      "Total Cost": 7.83,
                      "Plan Rows": 1,
                      "Plan Width": 4,
                      "Actual Startup Time": 0.01,
                      "Actual Total Time": 0.01,
                      "Actual Rows": 0,
                      "Actual Loops": 2411,
                      "Index Cond": "(id = mc.movie_id)",
                      "Rows Removed by Index Recheck": 0,
                      "Filter": "(production_year = 2011)",
                      "Rows Removed by Filter": 1
                    }
                  ]
                }
              ]
            }
          ]
        }
      ]
    },
    "Planning Time": 0.715,
    "Triggers": [],
    "Execution Time": 27.308
  }
]