[
  {
    "Plan": {
      "Node Type": "Aggregate",
      "Strategy": "Plain",
      "Partial Mode": "Finalize",
      "Parallel Aware": false,
      "Startup Cost": 62744.77,
      "Total Cost": 62744.78,
      "Plan Rows": 1,
      "Plan Width": 8,
      "Actual Startup Time": 204.17,
      "Actual Total Time": 224.95,
      "Actual Rows": 1,
      "Actual Loops": 1,
      "Plans": [
        {
          "Node Type": "Gather",
          "Parent Relationship": "Outer",
          "Parallel Aware": false,
          "Startup Cost": 62744.56,
          "Total Cost": 62744.77,
          "Plan Rows": 2,
          "Plan Width": 8,
          "Actual Startup Time": 203.832,
          "Actual Total Time": 224.939,
          "Actual Rows": 3,
          "Actual Loops": 1,
          "Workers Planned": 2,
          "Workers Launched": 2,
          "Single Copy": false,
          "Plans": [
            {
              "Node Type": "Aggregate",
              "Strategy": "Plain",
              "Partial Mode": "Partial",
              "Parent Relationship": "Outer",
              "Parallel Aware": false,
              "Startup Cost": 61744.56,
              "Total Cost": 61744.57,
              "Plan Rows": 1,
              "Plan Width": 8,
              "Actual Startup Time": 200.143,
              "Actual Total Time": 200.149,
              "Actual Rows": 1,
              "Actual Loops": 3,
              "Plans": [
                {
                  "Node Type": "Hash Join",
                  "Parent Relationship": "Outer",
                  "Parallel Aware": true,
                  "Join Type": "Inner",
                  "Startup Cost": 45596.34,
                  "Total Cost": 61730.33,
                  "Plan Rows": 5692,
                  "Plan Width": 0,
                  "Actual Startup Time": 121.573,
                  "Actual Total Time": 199.703,
                  "Actual Rows": 6718,
                  "Actual Loops": 3,
                  "Inner Unique": true,
                  "Hash Cond": "(mi_idx.movie_id = t.id)",
                  "Plans": [
                    {
                      "Node Type": "Seq Scan",
                      "Parent Relationship": "Outer",
                      "Parallel Aware": true,
                      "Relation Name": "movie_info_idx",
                      "Alias": "mi_idx",
                      "Startup Cost": 0.0,
                      "Total Cost": 15122.68,
                      "Plan Rows": 385260,
                      "Plan Width": 4,
                      "Actual Startup Time": 0.014,
                      "Actual Total Time": 50.963,
                      "Actual Rows": 306703,
                      "Actual Loops": 3,
                      "Filter": "(info_type_id > 99)",
                      "Rows Removed by Filter": 153308
                    },
                    {
                      "Node Type": "Hash",
                      "Parent Relationship": "Inner",
                      "Parallel Aware": true,
                      "Startup Cost": 45479.59,
                      "Total Cost": 45479.59,
                      "Plan Rows": 9340,
                      "Plan Width": 4,
                      "Actual Startup Time": 120.164,
                      "Actual Total Time": 120.167,
                      "Actual Rows": 8713,
                      "Actual Loops": 3,
                      "Hash Buckets": 65536,
                      "Original Hash Buckets": 65536,
                      "Hash Batches": 1,
                      "Original Hash Batches": 1,
                      "Peak Memory Usage": 1600,
                      "Plans": [
                        {
                          "Node Type": "Seq Scan",
                          "Parent Relationship": "Outer",
                          "Parallel Aware": true,
                          "Relation Name": "title",
                          "Alias": "t",
                          "Startup Cost": 0.0,
                          "Total Cost": 45479.59,
                          "Plan Rows": 9340,
                          "Plan Width": 4,
                          "Actual Startup Time": 0.11,
                          "Actual Total Time": 116.494,
                          "Actual Rows": 8713,
                          "Actual Loops": 3,
                          "Filter": "((kind_id < 3) AND (production_year = 2008))",
                          "Rows Removed by Filter": 834058
                        }
                      ]
                    }
                  ]
                }
              ]
            }
          ]
        }
      ]
    },
    "Planning Time": 0.63,
    "Triggers": [],
    "Execution Time": 225.028
  }
]