{
  "Plan": {
    "Node Type": "Aggregate",
    "Strategy": "Plain",
    "Partial Mode": "Finalize",
    "Parallel Aware": false,
    "Startup Cost": 536553.55,
    "Total Cost": 536553.56,
    "Plan Rows": 1,
    "Plan Width": 8,
    "Actual Startup Time": 2858.438,
    "Actual Total Time": 2880.492,
    "Actual Rows": 1,
    "Actual Loops": 1,
    "Plans": [
      {
        "Node Type": "Gather",
        "Parent Relationship": "Outer",
        "Parallel Aware": false,
        "Startup Cost": 536553.43,
        "Total Cost": 536553.54,
        "Plan Rows": 1,
        "Plan Width": 8,
        "Actual Startup Time": 2853.365,
        "Actual Total Time": 2880.483,
        "Actual Rows": 2,
        "Actual Loops": 1,
        "Workers Planned": 1,
        "Workers Launched": 1,
        "Single Copy": false,
        "Plans": [
          {
            "Node Type": "Aggregate",
            "Strategy": "Plain",
            "Partial Mode": "Partial",
            "Parent Relationship": "Outer",
            "Parallel Aware": false,
            "Startup Cost": 535553.43,
            "Total Cost": 535553.44,
            "Plan Rows": 1,
            "Plan Width": 8,
            "Actual Startup Time": 2841.964,
            "Actual Total Time": 2841.968,
            "Actual Rows": 1,
            "Actual Loops": 2,
            "Plans": [
              {
                "Node Type": "Hash Join",
                "Parent Relationship": "Outer",
                "Parallel Aware": true,
                "Join Type": "Inner",
                "Startup Cost": 214693.63,
                "Total Cost": 525883.54,
                "Plan Rows": 3867959,
                "Plan Width": 0,
                "Actual Startup Time": 879.632,
                "Actual Total Time": 2704.357,
                "Actual Rows": 3388598,
                "Actual Loops": 2,
                "Inner Unique": true,
                "Hash Cond": "(ci.movie_id = t.id)",
                "Plans": [
                  {
                    "Node Type": "Bitmap Heap Scan",
                    "Parent Relationship": "Outer",
                    "Parallel Aware": true,
                    "Relation Name": "cast_info",
                    "Alias": "ci",
                    "Startup Cost": 145232.93,
                    "Total Cost": 446269.42,
                    "Plan Rows": 3867959,
                    "Plan Width": 4,
                    "Actual Startup Time": 351.915,
                    "Actual Total Time": 698.361,
                    "Actual Rows": 3388598,
                    "Actual Loops": 2,
                    "Recheck Cond": "(person_id < 654937)",
                    "Rows Removed by Index Recheck": 0,
                    "Exact Heap Blocks": 37012,
                    "Lossy Heap Blocks": 0,
                    "Plans": [
                      {
                        "Node Type": "Bitmap Index Scan",
                        "Parent Relationship": "Outer",
                        "Parallel Aware": false,
                        "Index Name": "person_id_cast_info",
                        "Startup Cost": 0.0,
                        "Total Cost": 143589.05,
                        "Plan Rows": 6575531,
                        "Plan Width": 0,
                        "Actual Startup Time": 339.525,
                        "Actual Total Time": 339.525,
                        "Actual Rows": 6777197,
                        "Actual Loops": 1,
                        "Index Cond": "(person_id < 654937)"
                      }
                    ]
                  },
                  {
                    "Node Type": "Hash",
                    "Parent Relationship": "Inner",
                    "Parallel Aware": true,
                    "Startup Cost": 50870.31,
                    "Total Cost": 50870.31,
                    "Plan Rows": 1487231,
                    "Plan Width": 4,
                    "Actual Startup Time": 506.487,
                    "Actual Total Time": 506.488,
                    "Actual Rows": 1264156,
                    "Actual Loops": 2,
                    "Hash Buckets": 4194304,
                    "Original Hash Buckets": 4194304,
                    "Hash Batches": 1,
                    "Original Hash Batches": 1,
                    "Peak Memory Usage": 131712,
                    "Plans": [
                      {
                        "Node Type": "Seq Scan",
                        "Parent Relationship": "Outer",
                        "Parallel Aware": true,
                        "Relation Name": "title",
                        "Alias": "t",
                        "Startup Cost": 0.0,
                        "Total Cost": 50870.31,
                        "Plan Rows": 1487231,
                        "Plan Width": 4,
                        "Actual Startup Time": 0.023,
                        "Actual Total Time": 145.817,
                        "Actual Rows": 1264156,
                        "Actual Loops": 2
                      }
                    ]
                  }
                ]
              }
            ]
          }
        ]
      }
    ]
  },
  "Planning Time": 0.596,
  "Triggers": [],
  "Execution Time": 2880.568
}