{
    "Plan": {
        "Node Type": "Aggregate",
        "Strategy": "Plain",
        "Partial Mode": "Simple",
        "Parallel Aware": false,
        "Startup Cost": 10001528188.65,
        "Total Cost": 10001528188.66,
        "Plan Rows": 1,
        "Plan Width": 8,
        "Actual Startup Time": 2799.809,
        "Actual Total Time": 2799.811,
        "Actual Rows": 1,
        "Actual Loops": 1,
        "Output": [
            "count(*)"
        ],
        "Plans": [
            {
                "Node Type": "Nested Loop",
                "Parent Relationship": "Outer",
                "Parallel Aware": false,
                "Join Type": "Inner",
                "Startup Cost": 10000033116.86,
                "Total Cost": 10001525730.14,
                "Plan Rows": 983403,
                "Plan Width": 0,
                "Actual Startup Time": 85.904,
                "Actual Total Time": 2740.046,
                "Actual Rows": 1088689,
                "Actual Loops": 1,
                "Inner Unique": false,
                "Plans": [
                    {
                        "Node Type": "Bitmap Heap Scan",
                        "Parent Relationship": "Outer",
                        "Parallel Aware": false,
                        "Relation Name": "title",
                        "Schema": "public",
                        "Alias": "t",
                        "Startup Cost": 33112.84,
                        "Total Cost": 96965.36,
                        "Plan Rows": 68584,
                        "Plan Width": 4,
                        "Actual Startup Time": 85.749,
                        "Actual Total Time": 370.974,
                        "Actual Rows": 79548,
                        "Actual Loops": 1,
                        "Output": [
                            "t.id",
                            "t.title",
                            "t.imdb_index",
                            "t.kind_id",
                            "t.production_year",
                            "t.imdb_id",
                            "t.phonetic_code",
                            "t.episode_of_id",
                            "t.season_nr",
                            "t.episode_nr",
                            "t.series_years",
                            "t.md5sum"
                        ],
                        "Recheck Cond": "(t.kind_id > 1)",
                        "Rows Removed by Index Recheck": 0,
                        "Filter": "(t.production_year = 2005)",
                        "Rows Removed by Filter": 1785939,
                        "Exact Heap Blocks": 35995,
                        "Lossy Heap Blocks": 0,
                        "Plans": [
                            {
                                "Node Type": "Bitmap Index Scan",
                                "Parent Relationship": "Outer",
                                "Parallel Aware": false,
                                "Index Name": "kind_id_title",
                                "Startup Cost": 0.0,
                                "Total Cost": 33095.69,
                                "Plan Rows": 1856968,
                                "Plan Width": 0,
                                "Actual Startup Time": 80.776,
                                "Actual Total Time": 80.777,
                                "Actual Rows": 1865487,
                                "Actual Loops": 1,
                                "Index Cond": "(t.kind_id > 1)"
                            }
                        ]
                    },
                    {
                        "Node Type": "Bitmap Heap Scan",
                        "Parent Relationship": "Inner",
                        "Parallel Aware": false,
                        "Relation Name": "cast_info",
                        "Schema": "public",
                        "Alias": "ci",
                        "Startup Cost": 4.03,
                        "Total Cost": 20.45,
                        "Plan Rows": 38,
                        "Plan Width": 4,
                        "Actual Startup Time": 0.009,
                        "Actual Total Time": 0.027,
                        "Actual Rows": 14,
                        "Actual Loops": 79548,
                        "Output": [
                            "ci.id",
                            "ci.person_id",
                            "ci.movie_id",
                            "ci.person_role_id",
                            "ci.note",
                            "ci.nr_order",
                            "ci.role_id"
                        ],
                        "Recheck Cond": "(ci.movie_id = t.id)",
                        "Rows Removed by Index Recheck": 0,
                        "Exact Heap Blocks": 1061701,
                        "Lossy Heap Blocks": 0,
                        "Plans": [
                            {
                                "Node Type": "Bitmap Index Scan",
                                "Parent Relationship": "Outer",
                                "Parallel Aware": false,
                                "Index Name": "movie_id_cast_info",
                                "Startup Cost": 0.0,
                                "Total Cost": 4.02,
                                "Plan Rows": 38,
                                "Plan Width": 0,
                                "Actual Startup Time": 0.006,
                                "Actual Total Time": 0.006,
                                "Actual Rows": 14,
                                "Actual Loops": 79548,
                                "Index Cond": "(ci.movie_id = t.id)"
                            }
                        ]
                    }
                ]
            }
        ]
    },
    "Planning Time": 2.846,
    "Triggers": [],
    "Execution Time": 2800.397
}