[
  {
    "Plan": {
      "Node Type": "Aggregate",
      "Strategy": "Plain",
      "Partial Mode": "Finalize",
      "Parallel Aware": false,
      "Startup Cost": 42366.56,
      "Total Cost": 42366.57,
      "Plan Rows": 1,
      "Plan Width": 8,
      "Actual Startup Time": 129.397,
      "Actual Total Time": 137.929,
      "Actual Rows": 1,
      "Actual Loops": 1,
      "Plans": [
        {
          "Node Type": "Gather",
          "Parent Relationship": "Outer",
          "Parallel Aware": false,
          "Startup Cost": 42366.24,
          "Total Cost": 42366.55,
          "Plan Rows": 3,
          "Plan Width": 8,
          "Actual Startup Time": 129.033,
          "Actual Total Time": 137.919,
          "Actual Rows": 4,
          "Actual Loops": 1,
          "Workers Planned": 3,
          "Workers Launched": 3,
          "Single Copy": false,
          "Plans": [
            {
              "Node Type": "Aggregate",
              "Strategy": "Plain",
              "Partial Mode": "Partial",
              "Parent Relationship": "Outer",
              "Parallel Aware": false,
              "Startup Cost": 41366.24,
              "Total Cost": 41366.25,
              "Plan Rows": 1,
              "Plan Width": 8,
              "Actual Startup Time": 124.017,
              "Actual Total Time": 124.019,
              "Actual Rows": 1,
              "Actual Loops": 4,
              "Plans": [
                {
                  "Node Type": "Bitmap Heap Scan",
                  "Parent Relationship": "Outer",
                  "Parallel Aware": true,
                  "Relation Name": "movie_keyword",
                  "Alias": "mk",
                  "Startup Cost": 13771.25,
                  "Total Cost": 40842.74,
                  "Plan Rows": 209399,
                  "Plan Width": 0,
                  "Actual Startup Time": 36.02,
                  "Actual Total Time": 114.891,
                  "Actual Rows": 163668,
                  "Actual Loops": 4,
                  "Recheck Cond": "(keyword_id > 28716)",
                  "Rows Removed by Index Recheck": 0,
                  "Exact Heap Blocks": 9572,
                  "Lossy Heap Blocks": 0,
                  "Plans": [
                    {
                      "Node Type": "Bitmap Index Scan",
                      "Parent Relationship": "Outer",
                      "Parallel Aware": false,
                      "Index Name": "keyword_id_movie_keyword",
                      "Startup Cost": 0.0,
                      "Total Cost": 13608.97,
                      "Plan Rows": 649138,
                      "Plan Width": 0,
                      "Actual Startup Time": 37.186,
                      "Actual Total Time": 37.187,
                      "Actual Rows": 654671,
                      "Actual Loops": 1,
                      "Index Cond": "(keyword_id > 28716)"
                    }
                  ]
                }
              ]
            }
          ]
        }
      ]
    },
    "Planning Time": 0.052,
    "Triggers": [],
    "Execution Time": 137.96
  }
]