[
  {
    "Plan": {
      "Node Type": "Aggregate",
      "Strategy": "Plain",
      "Partial Mode": "Finalize",
      "Parallel Aware": false,
      "Startup Cost": 439503.06,
      "Total Cost": 439503.07,
      "Plan Rows": 1,
      "Plan Width": 8,
      "Actual Startup Time": 1426.928,
      "Actual Total Time": 1495.674,
      "Actual Rows": 1,
      "Actual Loops": 1,
      "Plans": [
        {
          "Node Type": "Gather",
          "Parent Relationship": "Outer",
          "Parallel Aware": false,
          "Startup Cost": 439502.43,
          "Total Cost": 439503.04,
          "Plan Rows": 6,
          "Plan Width": 8,
          "Actual Startup Time": 1415.51,
          "Actual Total Time": 1495.658,
          "Actual Rows": 7,
          "Actual Loops": 1,
          "Workers Planned": 6,
          "Workers Launched": 6,
          "Single Copy": false,
          "Plans": [
            {
              "Node Type": "Aggregate",
              "Strategy": "Plain",
              "Partial Mode": "Partial",
              "Parent Relationship": "Outer",
              "Parallel Aware": false,
              "Startup Cost": 438502.43,
              "Total Cost": 438502.44,
              "Plan Rows": 1,
              "Plan Width": 8,
              "Actual Startup Time": 1406.018,
              "Actual Total Time": 1406.27,
              "Actual Rows": 1,
              "Actual Loops": 7,
              "Plans": [
                {
                  "Node Type": "Hash Join",
                  "Parent Relationship": "Outer",
                  "Parallel Aware": true,
                  "Join Type": "Inner",
                  "Startup Cost": 83283.99,
                  "Total Cost": 436666.21,
                  "Plan Rows": 734490,
                  "Plan Width": 0,
                  "Actual Startup Time": 592.967,
                  "Actual Total Time": 1361.806,
                  "Actual Rows": 976879,
                  "Actual Loops": 7,
                  "Inner Unique": false,
                  "Hash Cond": "(ci.movie_id = t.id)",
                  "Plans": [
                    {
                      "Node Type": "Seq Scan",
                      "Parent Relationship": "Outer",
                      "Parallel Aware": true,
                      "Relation Name": "cast_info",
                      "Alias": "ci",
                      "Startup Cost": 0.0,
                      "Total Cost": 343316.27,
                      "Plan Rows": 2052435,
                      "Plan Width": 4,
                      "Actual Startup Time": 212.644,
                      "Actual Total Time": 646.161,
                      "Actual Rows": 1399330,
                      "Actual Loops": 7,
                      "Filter": "((person_id > 1775348) AND (role_id < 4))",
                      "Rows Removed by Filter": 3778434
                    },
                    {
                      "Node Type": "Hash",
                      "Parent Relationship": "Inner",
                      "Parallel Aware": true,
                      "Startup Cost": 79635.49,
                      "Total Cost": 79635.49,
                      "Plan Rows": 291880,
                      "Plan Width": 8,
                      "Actual Startup Time": 377.913,
                      "Actual Total Time": 378.163,
                      "Actual Rows": 102314,
                      "Actual Loops": 7,
                      "Hash Buckets": 1048576,
                      "Original Hash Buckets": 1048576,
                      "Hash Batches": 1,
                      "Original Hash Batches": 1,
                      "Peak Memory Usage": 36288,
                      "Plans": [
                        {
                          "Node Type": "Hash Join",
                          "Parent Relationship": "Outer",
                          "Parallel Aware": true,
                          "Join Type": "Inner",
                          "Startup Cost": 49177.93,
                          "Total Cost": 79635.49,
                          "Plan Rows": 291880,
                          "Plan Width": 8,
                          "Actual Startup Time": 209.727,
                          "Actual Total Time": 333.821,
                          "Actual Rows": 102314,
                          "Actual Loops": 7,
                          "Inner Unique": true,
                          "Hash Cond": "(mc.movie_id = t.id)",
                          "Plans": [
                            {
                              "Node Type": "Seq Scan",
                              "Parent Relationship": "Outer",
                              "Parallel Aware": true,
                              "Relation Name": "movie_companies",
                              "Alias": "mc",
                              "Startup Cost": 0.0,
                              "Total Cost": 29310.68,
                              "Plan Rows": 436903,
                              "Plan Width": 4,
                              "Actual Startup Time": 0.028,
                              "Actual Total Time": 51.455,
                              "Actual Rows": 194801,
                              "Actual Loops": 7,
                              "Filter": "(company_id < 11713)",
                              "Rows Removed by Filter": 177932
                            },
                            {
                              "Node Type": "Hash",
                              "Parent Relationship": "Inner",
                              "Parallel Aware": true,
                              "Startup Cost": 43899.32,
                              "Total Cost": 43899.32,
                              "Plan Rows": 422289,
                              "Plan Width": 4,
                              "Actual Startup Time": 207.354,
                              "Actual Total Time": 207.355,
                              "Actual Rows": 239077,
                              "Actual Loops": 7,
                              "Hash Buckets": 2097152,
                              "Original Hash Buckets": 2097152,
                              "Hash Batches": 1,
                              "Original Hash Batches": 1,
                              "Peak Memory Usage": 81952,
                              "Plans": [
                                {
                                  "Node Type": "Seq Scan",
                                  "Parent Relationship": "Outer",
                                  "Parallel Aware": true,
                                  "Relation Name": "title",
                                  "Alias": "t",
                                  "Startup Cost": 0.0,
                                  "Total Cost": 43899.32,
                                  "Plan Rows": 422289,
                                  "Plan Width": 4,
                                  "Actual Startup Time": 0.068,
                                  "Actual Total Time": 85.68,
                                  "Actual Rows": 239077,
                                  "Actual Loops": 7,
                                  "Filter": "(production_year > 1993)",
                                  "Rows Removed by Filter": 122110
                                }
                              ]
                            }
                          ]
                        }
                      ]
                    }
                  ]
                }
              ]
            }
          ]
        }
      ]
    },
    "Planning Time": 0.458,
    "Triggers": [],
    "Execution Time": 1495.739
  }
]