[
  {
    "Plan": {
      "Node Type": "Aggregate",
      "Strategy": "Plain",
      "Partial Mode": "Simple",
      "Parallel Aware": false,
      "Startup Cost": 927.17,
      "Total Cost": 927.18,
      "Plan Rows": 1,
      "Plan Width": 8,
      "Actual Startup Time": 6.929,
      "Actual Total Time": 6.93,
      "Actual Rows": 1,
      "Actual Loops": 1,
      "Plans": [
        {
          "Node Type": "Bitmap Heap Scan",
          "Parent Relationship": "Outer",
          "Parallel Aware": false,
          "Relation Name": "movie_keyword",
          "Alias": "mk",
          "Startup Cost": 6.36,
          "Total Cost": 926.55,
          "Plan Rows": 249,
          "Plan Width": 0,
          "Actual Startup Time": 1.344,
          "Actual Total Time": 6.661,
          "Actual Rows": 3432,
          "Actual Loops": 1,
          "Recheck Cond": "(keyword_id = 3219)",
          "Rows Removed by Index Recheck": 0,
          "Exact Heap Blocks": 2956,
          "Lossy Heap Blocks": 0,
          "Plans": [
            {
              "Node Type": "Bitmap Index Scan",
              "Parent Relationship": "Outer",
              "Parallel Aware": false,
              "Index Name": "keyword_id_movie_keyword",
              "Startup Cost": 0.0,
              "Total Cost": 6.3,
              "Plan Rows": 249,
              "Plan Width": 0,
              "Actual Startup Time": 0.826,
              "Actual Total Time": 0.827,
              "Actual Rows": 3432,
              "Actual Loops": 1,
              "Index Cond": "(keyword_id = 3219)"
            }
          ]
        }
      ]
    },
    "Planning Time": 0.097,
    "Triggers": [],
    "Execution Time": 6.965
  }
]