[
  {
    "Plan": {
      "Node Type": "Aggregate",
      "Strategy": "Plain",
      "Partial Mode": "Finalize",
      "Parallel Aware": false,
      "Startup Cost": 381595.61,
      "Total Cost": 381595.62,
      "Plan Rows": 1,
      "Plan Width": 8,
      "Actual Startup Time": 989.343,
      "Actual Total Time": 1050.615,
      "Actual Rows": 1,
      "Actual Loops": 1,
      "Plans": [
        {
          "Node Type": "Gather",
          "Parent Relationship": "Outer",
          "Parallel Aware": false,
          "Startup Cost": 381594.99,
          "Total Cost": 381595.6,
          "Plan Rows": 6,
          "Plan Width": 8,
          "Actual Startup Time": 987.545,
          "Actual Total Time": 1050.574,
          "Actual Rows": 7,
          "Actual Loops": 1,
          "Workers Planned": 6,
          "Workers Launched": 6,
          "Single Copy": false,
          "Plans": [
            {
              "Node Type": "Aggregate",
              "Strategy": "Plain",
              "Partial Mode": "Partial",
              "Parent Relationship": "Outer",
              "Parallel Aware": false,
              "Startup Cost": 380594.99,
              "Total Cost": 380595.0,
              "Plan Rows": 1,
              "Plan Width": 8,
              "Actual Startup Time": 977.044,
              "Actual Total Time": 977.089,
              "Actual Rows": 1,
              "Actual Loops": 7,
              "Plans": [
                {
                  "Node Type": "Hash Join",
                  "Parent Relationship": "Outer",
                  "Parallel Aware": true,
                  "Join Type": "Inner",
                  "Startup Cost": 45822.57,
                  "Total Cost": 380332.19,
                  "Plan Rows": 105121,
                  "Plan Width": 0,
                  "Actual Startup Time": 92.33,
                  "Actual Total Time": 968.723,
                  "Actual Rows": 183655,
                  "Actual Loops": 7,
                  "Inner Unique": true,
                  "Hash Cond": "(ci.movie_id = t.id)",
                  "Plans": [
                    {
                      "Node Type": "Seq Scan",
                      "Parent Relationship": "Outer",
                      "Parallel Aware": true,
                      "Relation Name": "cast_info",
                      "Alias": "ci",
                      "Startup Cost": 0.0,
                      "Total Cost": 328162.03,
                      "Plan Rows": 2418124,
                      "Plan Width": 4,
                      "Actual Startup Time": 0.02,
                      "Actual Total Time": 543.875,
                      "Actual Rows": 2073527,
                      "Actual Loops": 7,
                      "Filter": "(person_id < 1429675)",
                      "Rows Removed by Filter": 3104236
                    },
                    {
                      "Node Type": "Hash",
                      "Parent Relationship": "Inner",
                      "Parallel Aware": true,
                      "Startup Cost": 45479.1,
                      "Total Cost": 45479.1,
                      "Plan Rows": 27478,
                      "Plan Width": 4,
                      "Actual Startup Time": 90.53,
                      "Actual Total Time": 90.532,
                      "Actual Rows": 33383,
                      "Actual Loops": 7,
                      "Hash Buckets": 262144,
                      "Original Hash Buckets": 131072,
                      "Hash Batches": 1,
                      "Original Hash Batches": 1,
                      "Peak Memory Usage": 12352,
                      "Plans": [
                        {
                          "Node Type": "Seq Scan",
                          "Parent Relationship": "Outer",
                          "Parallel Aware": true,
                          "Relation Name": "title",
                          "Alias": "t",
                          "Startup Cost": 0.0,
                          "Total Cost": 45479.1,
                          "Plan Rows": 27478,
                          "Plan Width": 4,
                          "Actual Startup Time": 0.269,
                          "Actual Total Time": 73.088,
                          "Actual Rows": 33383,
                          "Actual Loops": 7,
                          "Filter": "((kind_id < 4) AND (production_year < 1968))",
                          "Rows Removed by Filter": 327804
                        }
                      ]
                    }
                  ]
                }
              ]
            }
          ]
        }
      ]
    },
    "Planning Time": 0.626,
    "Triggers": [],
    "Execution Time": 1050.706
  }
]