[
  {
    "Plan": {
      "Node Type": "Aggregate",
      "Strategy": "Plain",
      "Partial Mode": "Finalize",
      "Parallel Aware": false,
      "Startup Cost": 234737.62,
      "Total Cost": 234737.63,
      "Plan Rows": 1,
      "Plan Width": 8,
      "Actual Startup Time": 1191.766,
      "Actual Total Time": 1256.429,
      "Actual Rows": 1,
      "Actual Loops": 1,
      "Plans": [
        {
          "Node Type": "Gather",
          "Parent Relationship": "Outer",
          "Parallel Aware": false,
          "Startup Cost": 234737.2,
          "Total Cost": 234737.61,
          "Plan Rows": 4,
          "Plan Width": 8,
          "Actual Startup Time": 1188.433,
          "Actual Total Time": 1256.419,
          "Actual Rows": 5,
          "Actual Loops": 1,
          "Workers Planned": 4,
          "Workers Launched": 4,
          "Single Copy": false,
          "Plans": [
            {
              "Node Type": "Aggregate",
              "Strategy": "Plain",
              "Partial Mode": "Partial",
              "Parent Relationship": "Outer",
              "Parallel Aware": false,
              "Startup Cost": 233737.2,
              "Total Cost": 233737.21,
              "Plan Rows": 1,
              "Plan Width": 8,
              "Actual Startup Time": 1177.513,
              "Actual Total Time": 1177.517,
              "Actual Rows": 1,
              "Actual Loops": 5,
              "Plans": [
                {
                  "Node Type": "Nested Loop",
                  "Parent Relationship": "Outer",
                  "Parallel Aware": false,
                  "Join Type": "Inner",
                  "Startup Cost": 28880.89,
                  "Total Cost": 233009.88,
                  "Plan Rows": 290927,
                  "Plan Width": 0,
                  "Actual Startup Time": 113.758,
                  "Actual Total Time": 1148.205,
                  "Actual Rows": 487363,
                  "Actual Loops": 5,
                  "Inner Unique": false,
                  "Plans": [
                    {
                      "Node Type": "Hash Join",
                      "Parent Relationship": "Outer",
                      "Parallel Aware": true,
                      "Join Type": "Inner",
                      "Startup Cost": 28880.46,
                      "Total Cost": 74633.19,
                      "Plan Rows": 84828,
                      "Plan Width": 8,
                      "Actual Startup Time": 113.661,
                      "Actual Total Time": 352.993,
                      "Actual Rows": 66891,
                      "Actual Loops": 5,
                      "Inner Unique": false,
                      "Hash Cond": "(t.id = mc.movie_id)",
                      "Plans": [
                        {
                          "Node Type": "Seq Scan",
                          "Parent Relationship": "Outer",
                          "Parallel Aware": true,
                          "Relation Name": "title",
                          "Alias": "t",
                          "Startup Cost": 0.0,
                          "Total Cost": 42318.73,
                          "Plan Rows": 632073,
                          "Plan Width": 4,
                          "Actual Startup Time": 0.013,
                          "Actual Total Time": 71.133,
                          "Actual Rows": 505662,
                          "Actual Loops": 5
                        },
                        {
                          "Node Type": "Hash",
                          "Parent Relationship": "Inner",
                          "Parallel Aware": true,
                          "Startup Cost": 27512.27,
                          "Total Cost": 27512.27,
                          "Plan Rows": 109455,
                          "Plan Width": 4,
                          "Actual Startup Time": 110.886,
                          "Actual Total Time": 110.887,
                          "Actual Rows": 66891,
                          "Actual Loops": 5,
                          "Hash Buckets": 524288,
                          "Original Hash Buckets": 524288,
                          "Hash Batches": 1,
                          "Original Hash Batches": 1,
                          "Peak Memory Usage": 17280,
                          "Plans": [
                            {
                              "Node Type": "Bitmap Heap Scan",
                              "Parent Relationship": "Outer",
                              "Parallel Aware": true,
                              "Relation Name": "movie_companies",
                              "Alias": "mc",
                              "Startup Cost": 7354.08,
                              "Total Cost": 27512.27,
                              "Plan Rows": 109455,
                              "Plan Width": 4,
                              "Actual Startup Time": 29.824,
                              "Actual Total Time": 78.92,
                              "Actual Rows": 66891,
                              "Actual Loops": 5,
                              "Recheck Cond": "(company_id < 166)",
                              "Rows Removed by Index Recheck": 0,
                              "Exact Heap Blocks": 5406,
                              "Lossy Heap Blocks": 0,
                              "Plans": [
                                {
                                  "Node Type": "Bitmap Index Scan",
                                  "Parent Relationship": "Outer",
                                  "Parallel Aware": false,
                                  "Index Name": "company_id_movie_companies",
                                  "Startup Cost": 0.0,
                                  "Total Cost": 7269.26,
                                  "Plan Rows": 339310,
                                  "Plan Width": 0,
                                  "Actual Startup Time": 25.936,
                                  "Actual Total Time": 25.936,
                                  "Actual Rows": 334457,
                                  "Actual Loops": 1,
                                  "Index Cond": "(company_id < 166)"
                                }
                              ]
                            }
                          ]
                        }
                      ]
                    },
                    {
                      "Node Type": "Index Scan",
                      "Parent Relationship": "Inner",
                      "Parallel Aware": false,
                      "Scan Direction": "Forward",
                      "Index Name": "movie_id_movie_info",
                      "Relation Name": "movie_info",
                      "Alias": "mi",
                      "Startup Cost": 0.43,
                      "Total Cost": 1.62,
                      "Plan Rows": 25,
                      "Plan Width": 4,
                      "Actual Startup Time": 0.004,
                      "Actual Total Time": 0.011,
                      "Actual Rows": 7,
                      "Actual Loops": 334457,
                      "Index Cond": "(movie_id = t.id)",
                      "Rows Removed by Index Recheck": 0,
                      "Filter": "(info_type_id < 13)",
                      "Rows Removed by Filter": 11
                    }
                  ]
                }
              ]
            }
          ]
        }
      ]
    },
    "Planning Time": 1.443,
    "Triggers": [],
    "Execution Time": 1256.56
  }
]