[
  {
    "Plan": {
      "Node Type": "Aggregate",
      "Strategy": "Plain",
      "Partial Mode": "Finalize",
      "Parallel Aware": false,
      "Startup Cost": 436599.45,
      "Total Cost": 436599.46,
      "Plan Rows": 1,
      "Plan Width": 8,
      "Actual Startup Time": 2647.858,
      "Actual Total Time": 2712.739,
      "Actual Rows": 1,
      "Actual Loops": 1,
      "Plans": [
        {
          "Node Type": "Gather",
          "Parent Relationship": "Outer",
          "Parallel Aware": false,
          "Startup Cost": 436598.83,
          "Total Cost": 436599.44,
          "Plan Rows": 6,
          "Plan Width": 8,
          "Actual Startup Time": 2632.233,
          "Actual Total Time": 2712.727,
          "Actual Rows": 7,
          "Actual Loops": 1,
          "Workers Planned": 6,
          "Workers Launched": 6,
          "Single Copy": false,
          "Plans": [
            {
              "Node Type": "Aggregate",
              "Strategy": "Plain",
              "Partial Mode": "Partial",
              "Parent Relationship": "Outer",
              "Parallel Aware": false,
              "Startup Cost": 435598.83,
              "Total Cost": 435598.84,
              "Plan Rows": 1,
              "Plan Width": 8,
              "Actual Startup Time": 2616.977,
              "Actual Total Time": 2617.332,
              "Actual Rows": 1,
              "Actual Loops": 7,
              "Plans": [
                {
                  "Node Type": "Hash Join",
                  "Parent Relationship": "Outer",
                  "Parallel Aware": true,
                  "Join Type": "Inner",
                  "Startup Cost": 86094.25,
                  "Total Cost": 428701.29,
                  "Plan Rows": 2759014,
                  "Plan Width": 0,
                  "Actual Startup Time": 370.204,
                  "Actual Total Time": 2462.234,
                  "Actual Rows": 3492378,
                  "Actual Loops": 7,
                  "Inner Unique": false,
                  "Hash Cond": "(ci.movie_id = t.id)",
                  "Plans": [
                    {
                      "Node Type": "Seq Scan",
                      "Parent Relationship": "Outer",
                      "Parallel Aware": true,
                      "Relation Name": "cast_info",
                      "Alias": "ci",
                      "Startup Cost": 0.0,
                      "Total Cost": 313067.02,
                      "Plan Rows": 6038002,
                      "Plan Width": 4,
                      "Actual Startup Time": 0.033,
                      "Actual Total Time": 535.042,
                      "Actual Rows": 5177763,
                      "Actual Loops": 7
                    },
                    {
                      "Node Type": "Hash",
                      "Parent Relationship": "Inner",
                      "Parallel Aware": true,
                      "Startup Cost": 82484.0,
                      "Total Cost": 82484.0,
                      "Plan Rows": 288820,
                      "Plan Width": 8,
                      "Actual Startup Time": 365.243,
                      "Actual Total Time": 365.594,
                      "Actual Rows": 142877,
                      "Actual Loops": 7,
                      "Hash Buckets": 2097152,
                      "Original Hash Buckets": 2097152,
                      "Hash Batches": 1,
                      "Original Hash Batches": 1,
                      "Peak Memory Usage": 55680,
                      "Plans": [
                        {
                          "Node Type": "Hash Join",
                          "Parent Relationship": "Outer",
                          "Parallel Aware": true,
                          "Join Type": "Inner",
                          "Startup Cost": 36073.22,
                          "Total Cost": 82484.0,
                          "Plan Rows": 288820,
                          "Plan Width": 8,
                          "Actual Startup Time": 129.713,
                          "Actual Total Time": 300.978,
                          "Actual Rows": 142877,
                          "Actual Loops": 7,
                          "Inner Unique": false,
                          "Hash Cond": "(t.id = mc.movie_id)",
                          "Plans": [
                            {
                              "Node Type": "Seq Scan",
                              "Parent Relationship": "Outer",
                              "Parallel Aware": true,
                              "Relation Name": "title",
                              "Alias": "t",
                              "Startup Cost": 0.0,
                              "Total Cost": 42318.73,
                              "Plan Rows": 632073,
                              "Plan Width": 4,
                              "Actual Startup Time": 0.014,
                              "Actual Total Time": 52.864,
                              "Actual Rows": 361187,
                              "Actual Loops": 7
                            },
                            {
                              "Node Type": "Hash",
                              "Parent Relationship": "Inner",
                              "Parallel Aware": true,
                              "Startup Cost": 31414.82,
                              "Total Cost": 31414.82,
                              "Plan Rows": 372672,
                              "Plan Width": 4,
                              "Actual Startup Time": 127.463,
                              "Actual Total Time": 127.464,
                              "Actual Rows": 142877,
                              "Actual Loops": 7,
                              "Hash Buckets": 2097152,
                              "Original Hash Buckets": 2097152,
                              "Hash Batches": 1,
                              "Original Hash Batches": 1,
                              "Peak Memory Usage": 55616,
                              "Plans": [
                                {
                                  "Node Type": "Seq Scan",
                                  "Parent Relationship": "Outer",
                                  "Parallel Aware": true,
                                  "Relation Name": "movie_companies",
                                  "Alias": "mc",
                                  "Startup Cost": 0.0,
                                  "Total Cost": 31414.82,
                                  "Plan Rows": 372672,
                                  "Plan Width": 4,
                                  "Actual Startup Time": 39.226,
                                  "Actual Total Time": 65.733,
                                  "Actual Rows": 142877,
                                  "Actual Loops": 7,
                                  "Filter": "((company_id < 89927) AND (company_type_id = 2))",
                                  "Rows Removed by Filter": 229856
                                }
                              ]
                            }
                          ]
                        }
                      ]
                    }
                  ]
                }
              ]
            }
          ]
        }
      ]
    },
    "Planning Time": 1.409,
    "Triggers": [],
    "Execution Time": 2712.88
  }
]