[
  {
    "Plan": {
      "Node Type": "Aggregate",
      "Strategy": "Plain",
      "Partial Mode": "Finalize",
      "Parallel Aware": false,
      "Startup Cost": 45831.25,
      "Total Cost": 45831.26,
      "Plan Rows": 1,
      "Plan Width": 8,
      "Actual Startup Time": 152.708,
      "Actual Total Time": 160.673,
      "Actual Rows": 1,
      "Actual Loops": 1,
      "Plans": [
        {
          "Node Type": "Gather",
          "Parent Relationship": "Outer",
          "Parallel Aware": false,
          "Startup Cost": 45830.93,
          "Total Cost": 45831.24,
          "Plan Rows": 3,
          "Plan Width": 8,
          "Actual Startup Time": 152.512,
          "Actual Total Time": 160.666,
          "Actual Rows": 4,
          "Actual Loops": 1,
          "Workers Planned": 3,
          "Workers Launched": 3,
          "Single Copy": false,
          "Plans": [
            {
              "Node Type": "Aggregate",
              "Strategy": "Plain",
              "Partial Mode": "Partial",
              "Parent Relationship": "Outer",
              "Parallel Aware": false,
              "Startup Cost": 44830.93,
              "Total Cost": 44830.94,
              "Plan Rows": 1,
              "Plan Width": 8,
              "Actual Startup Time": 146.311,
              "Actual Total Time": 146.312,
              "Actual Rows": 1,
              "Actual Loops": 4,
              "Plans": [
                {
                  "Node Type": "Seq Scan",
                  "Parent Relationship": "Outer",
                  "Parallel Aware": true,
                  "Relation Name": "movie_keyword",
                  "Alias": "mk",
                  "Startup Cost": 0.0,
                  "Total Cost": 42695.65,
                  "Plan Rows": 854111,
                  "Plan Width": 0,
                  "Actual Startup Time": 0.049,
                  "Actual Total Time": 115.719,
                  "Actual Rows": 661192,
                  "Actual Loops": 4,
                  "Filter": "(keyword_id < 7298)",
                  "Rows Removed by Filter": 469791
                }
              ]
            }
          ]
        }
      ]
    },
    "Planning Time": 0.165,
    "Triggers": [],
    "Execution Time": 160.723
  }
]