[
  {
    "Plan": {
      "Node Type": "Aggregate",
      "Strategy": "Plain",
      "Partial Mode": "Finalize",
      "Parallel Aware": false,
      "Startup Cost": 76384.22,
      "Total Cost": 76384.23,
      "Plan Rows": 1,
      "Plan Width": 8,
      "Actual Startup Time": 195.258,
      "Actual Total Time": 208.324,
      "Actual Rows": 1,
      "Actual Loops": 1,
      "Plans": [
        {
          "Node Type": "Gather",
          "Parent Relationship": "Outer",
          "Parallel Aware": false,
          "Startup Cost": 76383.9,
          "Total Cost": 76384.21,
          "Plan Rows": 3,
          "Plan Width": 8,
          "Actual Startup Time": 194.778,
          "Actual Total Time": 208.314,
          "Actual Rows": 4,
          "Actual Loops": 1,
          "Workers Planned": 3,
          "Workers Launched": 3,
          "Single Copy": false,
          "Plans": [
            {
              "Node Type": "Aggregate",
              "Strategy": "Plain",
              "Partial Mode": "Partial",
              "Parent Relationship": "Outer",
              "Parallel Aware": false,
              "Startup Cost": 75383.9,
              "Total Cost": 75383.91,
              "Plan Rows": 1,
              "Plan Width": 8,
              "Actual Startup Time": 185.511,
              "Actual Total Time": 185.516,
              "Actual Rows": 1,
              "Actual Loops": 4,
              "Plans": [
                {
                  "Node Type": "Hash Join",
                  "Parent Relationship": "Outer",
                  "Parallel Aware": true,
                  "Join Type": "Inner",
                  "Startup Cost": 54456.83,
                  "Total Cost": 75379.23,
                  "Plan Rows": 1868,
                  "Plan Width": 0,
                  "Actual Startup Time": 130.008,
                  "Actual Total Time": 185.382,
                  "Actual Rows": 1885,
                  "Actual Loops": 4,
                  "Inner Unique": true,
                  "Hash Cond": "(mc.movie_id = t.id)",
                  "Plans": [
                    {
                      "Node Type": "Bitmap Heap Scan",
                      "Parent Relationship": "Outer",
                      "Parallel Aware": true,
                      "Relation Name": "movie_companies",
                      "Alias": "mc",
                      "Startup Cost": 8746.76,
                      "Total Cost": 29501.09,
                      "Plan Rows": 64028,
                      "Plan Width": 4,
                      "Actual Startup Time": 20.151,
                      "Actual Total Time": 61.984,
                      "Actual Rows": 76803,
                      "Actual Loops": 4,
                      "Recheck Cond": "(company_id < 253)",
                      "Rows Removed by Index Recheck": 0,
                      "Filter": "(company_type_id = 1)",
                      "Rows Removed by Filter": 23550,
                      "Exact Heap Blocks": 6262,
                      "Lossy Heap Blocks": 0,
                      "Plans": [
                        {
                          "Node Type": "Bitmap Index Scan",
                          "Parent Relationship": "Outer",
                          "Parallel Aware": false,
                          "Index Name": "company_id_movie_companies",
                          "Startup Cost": 0.0,
                          "Total Cost": 8697.14,
                          "Plan Rows": 405961,
                          "Plan Width": 0,
                          "Actual Startup Time": 17.33,
                          "Actual Total Time": 17.33,
                          "Actual Rows": 401412,
                          "Actual Loops": 1,
                          "Index Cond": "(company_id < 253)"
                        }
                      ]
                    },
                    {
                      "Node Type": "Hash",
                      "Parent Relationship": "Inner",
                      "Parallel Aware": true,
                      "Startup Cost": 45479.59,
                      "Total Cost": 45479.59,
                      "Plan Rows": 18439,
                      "Plan Width": 4,
                      "Actual Startup Time": 107.829,
                      "Actual Total Time": 107.83,
                      "Actual Rows": 21019,
                      "Actual Loops": 4,
                      "Hash Buckets": 131072,
                      "Original Hash Buckets": 131072,
                      "Hash Batches": 1,
                      "Original Hash Batches": 1,
                      "Peak Memory Usage": 4352,
                      "Plans": [
                        {
                          "Node Type": "Seq Scan",
                          "Parent Relationship": "Outer",
                          "Parallel Aware": true,
                          "Relation Name": "title",
                          "Alias": "t",
                          "Startup Cost": 0.0,
                          "Total Cost": 45479.59,
                          "Plan Rows": 18439,
                          "Plan Width": 4,
                          "Actual Startup Time": 0.056,
                          "Actual Total Time": 98.671,
                          "Actual Rows": 21019,
                          "Actual Loops": 4,
                          "Filter": "((kind_id = 7) AND (production_year = 2007))",
                          "Rows Removed by Filter": 611059
                        }
                      ]
                    }
                  ]
                }
              ]
            }
          ]
        }
      ]
    },
    "Planning Time": 0.59,
    "Triggers": [],
    "Execution Time": 208.406
  }
]