{
  "Plan": {
    "Node Type": "Aggregate",
    "Strategy": "Plain",
    "Partial Mode": "Finalize",
    "Parallel Aware": false,
    "Startup Cost": 379053.56,
    "Total Cost": 379053.57,
    "Plan Rows": 1,
    "Plan Width": 8,
    "Actual Startup Time": 1624.89,
    "Actual Total Time": 1677.929,
    "Actual Rows": 1,
    "Actual Loops": 1,
    "Plans": [
      {
        "Node Type": "Gather",
        "Parent Relationship": "Outer",
        "Parallel Aware": false,
        "Startup Cost": 379053.45,
        "Total Cost": 379053.56,
        "Plan Rows": 1,
        "Plan Width": 8,
        "Actual Startup Time": 1624.194,
        "Actual Total Time": 1677.92,
        "Actual Rows": 2,
        "Actual Loops": 1,
        "Workers Planned": 1,
        "Workers Launched": 1,
        "Single Copy": false,
        "Plans": [
          {
            "Node Type": "Aggregate",
            "Strategy": "Plain",
            "Partial Mode": "Partial",
            "Parent Relationship": "Outer",
            "Parallel Aware": false,
            "Startup Cost": 378053.45,
            "Total Cost": 378053.46,
            "Plan Rows": 1,
            "Plan Width": 8,
            "Actual Startup Time": 1618.753,
            "Actual Total Time": 1618.758,
            "Actual Rows": 1,
            "Actual Loops": 2,
            "Plans": [
              {
                "Node Type": "Hash Join",
                "Parent Relationship": "Outer",
                "Parallel Aware": true,
                "Join Type": "Inner",
                "Startup Cost": 331321.21,
                "Total Cost": 377949.98,
                "Plan Rows": 41388,
                "Plan Width": 0,
                "Actual Startup Time": 1452.822,
                "Actual Total Time": 1606.918,
                "Actual Rows": 283558,
                "Actual Loops": 2,
                "Inner Unique": false,
                "Hash Cond": "(mc.movie_id = t.id)",
                "Plans": [
                  {
                    "Node Type": "Seq Scan",
                    "Parent Relationship": "Outer",
                    "Parallel Aware": true,
                    "Relation Name": "movie_companies",
                    "Alias": "mc",
                    "Startup Cost": 0.0,
                    "Total Cost": 41811.73,
                    "Plan Rows": 731774,
                    "Plan Width": 4,
                    "Actual Startup Time": 48.465,
                    "Actual Total Time": 115.392,
                    "Actual Rows": 648436,
                    "Actual Loops": 2,
                    "Filter": "((company_id > 27) AND (company_type_id > 1))",
                    "Rows Removed by Filter": 656128
                  },
                  {
                    "Node Type": "Hash",
                    "Parent Relationship": "Inner",
                    "Parallel Aware": true,
                    "Startup Cost": 330269.77,
                    "Total Cost": 330269.77,
                    "Plan Rows": 84115,
                    "Plan Width": 8,
                    "Actual Startup Time": 1400.771,
                    "Actual Total Time": 1400.774,
                    "Actual Rows": 129554,
                    "Actual Loops": 2,
                    "Hash Buckets": 262144,
                    "Original Hash Buckets": 262144,
                    "Hash Batches": 1,
                    "Original Hash Batches": 1,
                    "Peak Memory Usage": 12224,
                    "Plans": [
                      {
                        "Node Type": "Hash Join",
                        "Parent Relationship": "Outer",
                        "Parallel Aware": true,
                        "Join Type": "Inner",
                        "Startup Cost": 58486.28,
                        "Total Cost": 330269.77,
                        "Plan Rows": 84115,
                        "Plan Width": 8,
                        "Actual Startup Time": 137.304,
                        "Actual Total Time": 1368.137,
                        "Actual Rows": 129554,
                        "Actual Loops": 2,
                        "Inner Unique": true,
                        "Hash Cond": "(mi.movie_id = t.id)",
                        "Plans": [
                          {
                            "Node Type": "Seq Scan",
                            "Parent Relationship": "Outer",
                            "Parallel Aware": true,
                            "Relation Name": "movie_info",
                            "Alias": "mi",
                            "Startup Cost": 0.0,
                            "Total Cost": 248955.74,
                            "Plan Rows": 8696274,
                            "Plan Width": 4,
                            "Actual Startup Time": 0.009,
                            "Actual Total Time": 605.972,
                            "Actual Rows": 7417860,
                            "Actual Loops": 2
                          },
                          {
                            "Node Type": "Hash",
                            "Parent Relationship": "Inner",
                            "Parallel Aware": true,
                            "Startup Cost": 58306.47,
                            "Total Cost": 58306.47,
                            "Plan Rows": 14385,
                            "Plan Width": 4,
                            "Actual Startup Time": 136.357,
                            "Actual Total Time": 136.358,
                            "Actual Rows": 10316,
                            "Actual Loops": 2,
                            "Hash Buckets": 32768,
                            "Original Hash Buckets": 32768,
                            "Hash Batches": 1,
                            "Original Hash Batches": 1,
                            "Peak Memory Usage": 1088,
                            "Plans": [
                              {
                                "Node Type": "Seq Scan",
                                "Parent Relationship": "Outer",
                                "Parallel Aware": true,
                                "Relation Name": "title",
                                "Alias": "t",
                                "Startup Cost": 0.0,
                                "Total Cost": 58306.47,
                                "Plan Rows": 14385,
                                "Plan Width": 4,
                                "Actual Startup Time": 0.266,
                                "Actual Total Time": 133.359,
                                "Actual Rows": 10316,
                                "Actual Loops": 2,
                                "Filter": "((kind_id < 7) AND (production_year = 2002))",
                                "Rows Removed by Filter": 1253840
                              }
                            ]
                          }
                        ]
                      }
                    ]
                  }
                ]
              }
            ]
          }
        ]
      }
    ]
  },
  "Planning Time": 1.035,
  "Triggers": [],
  "Execution Time": 1678.021
}