[
  {
    "Plan": {
      "Node Type": "Aggregate",
      "Strategy": "Plain",
      "Partial Mode": "Finalize",
      "Parallel Aware": false,
      "Startup Cost": 45071.94,
      "Total Cost": 45071.95,
      "Plan Rows": 1,
      "Plan Width": 8,
      "Actual Startup Time": 137.623,
      "Actual Total Time": 146.62,
      "Actual Rows": 1,
      "Actual Loops": 1,
      "Plans": [
        {
          "Node Type": "Gather",
          "Parent Relationship": "Outer",
          "Parallel Aware": false,
          "Startup Cost": 45071.62,
          "Total Cost": 45071.93,
          "Plan Rows": 3,
          "Plan Width": 8,
          "Actual Startup Time": 137.488,
          "Actual Total Time": 146.607,
          "Actual Rows": 4,
          "Actual Loops": 1,
          "Workers Planned": 3,
          "Workers Launched": 3,
          "Single Copy": false,
          "Plans": [
            {
              "Node Type": "Aggregate",
              "Strategy": "Plain",
              "Partial Mode": "Partial",
              "Parent Relationship": "Outer",
              "Parallel Aware": false,
              "Startup Cost": 44071.62,
              "Total Cost": 44071.63,
              "Plan Rows": 1,
              "Plan Width": 8,
              "Actual Startup Time": 134.023,
              "Actual Total Time": 134.025,
              "Actual Rows": 1,
              "Actual Loops": 4,
              "Plans": [
                {
                  "Node Type": "Seq Scan",
                  "Parent Relationship": "Outer",
                  "Parallel Aware": true,
                  "Relation Name": "movie_keyword",
                  "Alias": "mk",
                  "Startup Cost": 0.0,
                  "Total Cost": 42695.65,
                  "Plan Rows": 550388,
                  "Plan Width": 0,
                  "Actual Startup Time": 0.026,
                  "Actual Total Time": 112.328,
                  "Actual Rows": 426546,
                  "Actual Loops": 4,
                  "Filter": "(keyword_id < 2682)",
                  "Rows Removed by Filter": 704437
                }
              ]
            }
          ]
        }
      ]
    },
    "Planning Time": 0.181,
    "Triggers": [],
    "Execution Time": 146.674
  }
]