[
  {
    "Plan": {
      "Node Type": "Aggregate",
      "Strategy": "Plain",
      "Partial Mode": "Finalize",
      "Parallel Aware": false,
      "Startup Cost": 47117.07,
      "Total Cost": 47117.08,
      "Plan Rows": 1,
      "Plan Width": 8,
      "Actual Startup Time": 108.583,
      "Actual Total Time": 120.012,
      "Actual Rows": 1,
      "Actual Loops": 1,
      "Plans": [
        {
          "Node Type": "Gather",
          "Parent Relationship": "Outer",
          "Parallel Aware": false,
          "Startup Cost": 47116.65,
          "Total Cost": 47117.06,
          "Plan Rows": 4,
          "Plan Width": 8,
          "Actual Startup Time": 108.424,
          "Actual Total Time": 120.001,
          "Actual Rows": 5,
          "Actual Loops": 1,
          "Workers Planned": 4,
          "Workers Launched": 4,
          "Single Copy": false,
          "Plans": [
            {
              "Node Type": "Aggregate",
              "Strategy": "Plain",
              "Partial Mode": "Partial",
              "Parent Relationship": "Outer",
              "Parallel Aware": false,
              "Startup Cost": 46116.65,
              "Total Cost": 46116.66,
              "Plan Rows": 1,
              "Plan Width": 8,
              "Actual Startup Time": 101.508,
              "Actual Total Time": 101.509,
              "Actual Rows": 1,
              "Actual Loops": 5,
              "Plans": [
                {
                  "Node Type": "Seq Scan",
                  "Parent Relationship": "Outer",
                  "Parallel Aware": true,
                  "Relation Name": "title",
                  "Alias": "t",
                  "Startup Cost": 0.0,
                  "Total Cost": 45479.1,
                  "Plan Rows": 255019,
                  "Plan Width": 0,
                  "Actual Startup Time": 0.03,
                  "Actual Total Time": 89.414,
                  "Actual Rows": 223596,
                  "Actual Loops": 5,
                  "Filter": "((production_year > 1993) AND (kind_id = 7))",
                  "Rows Removed by Filter": 282066
                }
              ]
            }
          ]
        }
      ]
    },
    "Planning Time": 0.185,
    "Triggers": [],
    "Execution Time": 120.073
  }
]