[
  {
    "Plan": {
      "Node Type": "Aggregate",
      "Strategy": "Plain",
      "Partial Mode": "Finalize",
      "Parallel Aware": false,
      "Startup Cost": 28383.18,
      "Total Cost": 28383.19,
      "Plan Rows": 1,
      "Plan Width": 8,
      "Actual Startup Time": 57.296,
      "Actual Total Time": 61.168,
      "Actual Rows": 1,
      "Actual Loops": 1,
      "Plans": [
        {
          "Node Type": "Gather",
          "Parent Relationship": "Outer",
          "Parallel Aware": false,
          "Startup Cost": 28382.87,
          "Total Cost": 28383.18,
          "Plan Rows": 3,
          "Plan Width": 8,
          "Actual Startup Time": 57.135,
          "Actual Total Time": 61.163,
          "Actual Rows": 4,
          "Actual Loops": 1,
          "Workers Planned": 3,
          "Workers Launched": 3,
          "Single Copy": false,
          "Plans": [
            {
              "Node Type": "Aggregate",
              "Strategy": "Plain",
              "Partial Mode": "Partial",
              "Parent Relationship": "Outer",
              "Parallel Aware": false,
              "Startup Cost": 27382.87,
              "Total Cost": 27382.88,
              "Plan Rows": 1,
              "Plan Width": 8,
              "Actual Startup Time": 52.136,
              "Actual Total Time": 52.137,
              "Actual Rows": 1,
              "Actual Loops": 4,
              "Plans": [
                {
                  "Node Type": "Bitmap Heap Scan",
                  "Parent Relationship": "Outer",
                  "Parallel Aware": true,
                  "Relation Name": "movie_companies",
                  "Alias": "mc",
                  "Startup Cost": 6909.62,
                  "Total Cost": 27250.75,
                  "Plan Rows": 52848,
                  "Plan Width": 0,
                  "Actual Startup Time": 16.52,
                  "Actual Total Time": 46.97,
                  "Actual Rows": 80359,
                  "Actual Loops": 4,
                  "Recheck Cond": "(company_id > 91462)",
                  "Rows Removed by Index Recheck": 0,
                  "Filter": "(company_type_id > 1)",
                  "Rows Removed by Filter": 0,
                  "Exact Heap Blocks": 2227,
                  "Lossy Heap Blocks": 0,
                  "Plans": [
                    {
                      "Node Type": "Bitmap Index Scan",
                      "Parent Relationship": "Outer",
                      "Parallel Aware": false,
                      "Index Name": "company_id_movie_companies",
                      "Startup Cost": 0.0,
                      "Total Cost": 6868.67,
                      "Plan Rows": 320565,
                      "Plan Width": 0,
                      "Actual Startup Time": 20.281,
                      "Actual Total Time": 20.281,
                      "Actual Rows": 321436,
                      "Actual Loops": 1,
                      "Index Cond": "(company_id > 91462)"
                    }
                  ]
                }
              ]
            }
          ]
        }
      ]
    },
    "Planning Time": 0.105,
    "Triggers": [],
    "Execution Time": 61.204
  }
]