{
  "Plan": {
    "Node Type": "Aggregate",
    "Strategy": "Plain",
    "Partial Mode": "Finalize",
    "Parallel Aware": false,
    "Startup Cost": 661290.53,
    "Total Cost": 661290.54,
    "Plan Rows": 1,
    "Plan Width": 8,
    "Actual Startup Time": 7544.276,
    "Actual Total Time": 7610.51,
    "Actual Rows": 1,
    "Actual Loops": 1,
    "Plans": [
      {
        "Node Type": "Gather",
        "Parent Relationship": "Outer",
        "Parallel Aware": false,
        "Startup Cost": 661290.41,
        "Total Cost": 661290.52,
        "Plan Rows": 1,
        "Plan Width": 8,
        "Actual Startup Time": 7540.707,
        "Actual Total Time": 7610.5,
        "Actual Rows": 2,
        "Actual Loops": 1,
        "Workers Planned": 1,
        "Workers Launched": 1,
        "Single Copy": false,
        "Plans": [
          {
            "Node Type": "Aggregate",
            "Strategy": "Plain",
            "Partial Mode": "Partial",
            "Parent Relationship": "Outer",
            "Parallel Aware": false,
            "Startup Cost": 660290.41,
            "Total Cost": 660290.42,
            "Plan Rows": 1,
            "Plan Width": 8,
            "Actual Startup Time": 7533.24,
            "Actual Total Time": 7533.243,
            "Actual Rows": 1,
            "Actual Loops": 2,
            "Plans": [
              {
                "Node Type": "Hash Join",
                "Parent Relationship": "Outer",
                "Parallel Aware": true,
                "Join Type": "Inner",
                "Startup Cost": 65888.86,
                "Total Cost": 632669.48,
                "Plan Rows": 11048374,
                "Plan Width": 0,
                "Actual Startup Time": 369.709,
                "Actual Total Time": 7164.612,
                "Actual Rows": 9194100,
                "Actual Loops": 2,
                "Inner Unique": true,
                "Hash Cond": "(ci.movie_id = t.id)",
                "Plans": [
                  {
                    "Node Type": "Seq Scan",
                    "Parent Relationship": "Outer",
                    "Parallel Aware": true,
                    "Relation Name": "cast_info",
                    "Alias": "ci",
                    "Startup Cost": 0.0,
                    "Total Cost": 519069.44,
                    "Plan Rows": 18175655,
                    "Plan Width": 4,
                    "Actual Startup Time": 0.024,
                    "Actual Total Time": 1661.939,
                    "Actual Rows": 15530273,
                    "Actual Loops": 2,
                    "Filter": "(person_id < 3146325)",
                    "Rows Removed by Filter": 2591899
                  },
                  {
                    "Node Type": "Hash",
                    "Parent Relationship": "Inner",
                    "Parallel Aware": true,
                    "Startup Cost": 54588.39,
                    "Total Cost": 54588.39,
                    "Plan Rows": 904038,
                    "Plan Width": 4,
                    "Actual Startup Time": 354.559,
                    "Actual Total Time": 354.56,
                    "Actual Rows": 771632,
                    "Actual Loops": 2,
                    "Hash Buckets": 2097152,
                    "Original Hash Buckets": 2097152,
                    "Hash Batches": 1,
                    "Original Hash Batches": 1,
                    "Peak Memory Usage": 76800,
                    "Plans": [
                      {
                        "Node Type": "Seq Scan",
                        "Parent Relationship": "Outer",
                        "Parallel Aware": true,
                        "Relation Name": "title",
                        "Alias": "t",
                        "Startup Cost": 0.0,
                        "Total Cost": 54588.39,
                        "Plan Rows": 904038,
                        "Plan Width": 4,
                        "Actual Startup Time": 0.047,
                        "Actual Total Time": 156.01,
                        "Actual Rows": 771632,
                        "Actual Loops": 2,
                        "Filter": "(kind_id = 7)",
                        "Rows Removed by Filter": 492524
                      }
                    ]
                  }
                ]
              }
            ]
          }
        ]
      }
    ]
  },
  "Planning Time": 0.668,
  "Triggers": [],
  "Execution Time": 7610.597
}