{
  "Plan": {
    "Node Type": "Aggregate",
    "Strategy": "Plain",
    "Partial Mode": "Finalize",
    "Parallel Aware": false,
    "Startup Cost": 112549.46,
    "Total Cost": 112549.47,
    "Plan Rows": 1,
    "Plan Width": 8,
    "Actual Startup Time": 426.855,
    "Actual Total Time": 443.947,
    "Actual Rows": 1,
    "Actual Loops": 1,
    "Plans": [
      {
        "Node Type": "Gather",
        "Parent Relationship": "Outer",
        "Parallel Aware": false,
        "Startup Cost": 112549.35,
        "Total Cost": 112549.46,
        "Plan Rows": 1,
        "Plan Width": 8,
        "Actual Startup Time": 426.523,
        "Actual Total Time": 443.94,
        "Actual Rows": 2,
        "Actual Loops": 1,
        "Workers Planned": 1,
        "Workers Launched": 1,
        "Single Copy": false,
        "Plans": [
          {
            "Node Type": "Aggregate",
            "Strategy": "Plain",
            "Partial Mode": "Partial",
            "Parent Relationship": "Outer",
            "Parallel Aware": false,
            "Startup Cost": 111549.35,
            "Total Cost": 111549.36,
            "Plan Rows": 1,
            "Plan Width": 8,
            "Actual Startup Time": 420.37,
            "Actual Total Time": 420.374,
            "Actual Rows": 1,
            "Actual Loops": 2,
            "Plans": [
              {
                "Node Type": "Nested Loop",
                "Parent Relationship": "Outer",
                "Parallel Aware": false,
                "Join Type": "Inner",
                "Startup Cost": 21484.89,
                "Total Cost": 111472.98,
                "Plan Rows": 30548,
                "Plan Width": 0,
                "Actual Startup Time": 128.673,
                "Actual Total Time": 407.953,
                "Actual Rows": 294520,
                "Actual Loops": 2,
                "Inner Unique": false,
                "Plans": [
                  {
                    "Node Type": "Hash Join",
                    "Parent Relationship": "Outer",
                    "Parallel Aware": true,
                    "Join Type": "Inner",
                    "Startup Cost": 21484.46,
                    "Total Cost": 79818.23,
                    "Plan Rows": 17072,
                    "Plan Width": 8,
                    "Actual Startup Time": 121.42,
                    "Actual Total Time": 233.532,
                    "Actual Rows": 35510,
                    "Actual Loops": 2,
                    "Inner Unique": false,
                    "Hash Cond": "(t.id = mc.movie_id)",
                    "Plans": [
                      {
                        "Node Type": "Seq Scan",
                        "Parent Relationship": "Outer",
                        "Parallel Aware": true,
                        "Relation Name": "title",
                        "Alias": "t",
                        "Startup Cost": 0.0,
                        "Total Cost": 54588.39,
                        "Plan Rows": 583193,
                        "Plan Width": 4,
                        "Actual Startup Time": 0.014,
                        "Actual Total Time": 138.013,
                        "Actual Rows": 492524,
                        "Actual Loops": 2,
                        "Filter": "(kind_id < 7)",
                        "Rows Removed by Filter": 771632
                      },
                      {
                        "Node Type": "Hash",
                        "Parent Relationship": "Inner",
                        "Parallel Aware": true,
                        "Startup Cost": 20940.24,
                        "Total Cost": 20940.24,
                        "Plan Rows": 43537,
                        "Plan Width": 4,
                        "Actual Startup Time": 22.009,
                        "Actual Total Time": 22.01,
                        "Actual Rows": 35510,
                        "Actual Loops": 2,
                        "Hash Buckets": 131072,
                        "Original Hash Buckets": 131072,
                        "Hash Batches": 1,
                        "Original Hash Batches": 1,
                        "Peak Memory Usage": 3840,
                        "Plans": [
                          {
                            "Node Type": "Bitmap Heap Scan",
                            "Parent Relationship": "Outer",
                            "Parallel Aware": true,
                            "Relation Name": "movie_companies",
                            "Alias": "mc",
                            "Startup Cost": 1606.03,
                            "Total Cost": 20940.24,
                            "Plan Rows": 43537,
                            "Plan Width": 4,
                            "Actual Startup Time": 1.65,
                            "Actual Total Time": 14.199,
                            "Actual Rows": 35510,
                            "Actual Loops": 2,
                            "Recheck Cond": "(company_id > 176047)",
                            "Rows Removed by Index Recheck": 0,
                            "Exact Heap Blocks": 2241,
                            "Lossy Heap Blocks": 0,
                            "Plans": [
                              {
                                "Node Type": "Bitmap Index Scan",
                                "Parent Relationship": "Outer",
                                "Parallel Aware": false,
                                "Index Name": "company_id_movie_companies",
                                "Startup Cost": 0.0,
                                "Total Cost": 1587.53,
                                "Plan Rows": 74013,
                                "Plan Width": 0,
                                "Actual Startup Time": 2.822,
                                "Actual Total Time": 2.823,
                                "Actual Rows": 71019,
                                "Actual Loops": 1,
                                "Index Cond": "(company_id > 176047)"
                              }
                            ]
                          }
                        ]
                      }
                    ]
                  },
                  {
                    "Node Type": "Index Only Scan",
                    "Parent Relationship": "Inner",
                    "Parallel Aware": false,
                    "Scan Direction": "Forward",
                    "Index Name": "movie_id_movie_keyword",
                    "Relation Name": "movie_keyword",
                    "Alias": "mk",
                    "Startup Cost": 0.43,
                    "Total Cost": 1.4,
                    "Plan Rows": 45,
                    "Plan Width": 4,
                    "Actual Startup Time": 0.003,
                    "Actual Total Time": 0.004,
                    "Actual Rows": 8,
                    "Actual Loops": 71019,
                    "Index Cond": "(movie_id = t.id)",
                    "Rows Removed by Index Recheck": 0,
                    "Heap Fetches": 589040
                  }
                ]
              }
            ]
          }
        ]
      }
    ]
  },
  "Planning Time": 0.341,
  "Triggers": [],
  "Execution Time": 443.997
}