{
  "Plan": {
    "Node Type": "Aggregate",
    "Strategy": "Plain",
    "Partial Mode": "Finalize",
    "Parallel Aware": false,
    "Startup Cost": 329540.11,
    "Total Cost": 329540.12,
    "Plan Rows": 1,
    "Plan Width": 8,
    "Actual Startup Time": 1900.11,
    "Actual Total Time": 1944.316,
    "Actual Rows": 1,
    "Actual Loops": 1,
    "Plans": [
      {
        "Node Type": "Gather",
        "Parent Relationship": "Outer",
        "Parallel Aware": false,
        "Startup Cost": 329540.0,
        "Total Cost": 329540.11,
        "Plan Rows": 1,
        "Plan Width": 8,
        "Actual Startup Time": 1898.936,
        "Actual Total Time": 1944.305,
        "Actual Rows": 2,
        "Actual Loops": 1,
        "Workers Planned": 1,
        "Workers Launched": 1,
        "Single Copy": false,
        "Plans": [
          {
            "Node Type": "Aggregate",
            "Strategy": "Plain",
            "Partial Mode": "Partial",
            "Parent Relationship": "Outer",
            "Parallel Aware": false,
            "Startup Cost": 328540.0,
            "Total Cost": 328540.01,
            "Plan Rows": 1,
            "Plan Width": 8,
            "Actual Startup Time": 1892.864,
            "Actual Total Time": 1893.026,
            "Actual Rows": 1,
            "Actual Loops": 2,
            "Plans": [
              {
                "Node Type": "Hash Join",
                "Parent Relationship": "Outer",
                "Parallel Aware": true,
                "Join Type": "Inner",
                "Startup Cost": 55120.04,
                "Total Cost": 326903.52,
                "Plan Rows": 654591,
                "Plan Width": 0,
                "Actual Startup Time": 166.115,
                "Actual Total Time": 1815.354,
                "Actual Rows": 1953054,
                "Actual Loops": 2,
                "Inner Unique": true,
                "Hash Cond": "(mi.movie_id = t.id)",
                "Plans": [
                  {
                    "Node Type": "Seq Scan",
                    "Parent Relationship": "Outer",
                    "Parallel Aware": true,
                    "Relation Name": "movie_info",
                    "Alias": "mi",
                    "Startup Cost": 0.0,
                    "Total Cost": 248955.74,
                    "Plan Rows": 8696274,
                    "Plan Width": 4,
                    "Actual Startup Time": 0.016,
                    "Actual Total Time": 615.994,
                    "Actual Rows": 7417860,
                    "Actual Loops": 2
                  },
                  {
                    "Node Type": "Hash",
                    "Parent Relationship": "Inner",
                    "Parallel Aware": true,
                    "Startup Cost": 53720.69,
                    "Total Cost": 53720.69,
                    "Plan Rows": 111948,
                    "Plan Width": 4,
                    "Actual Startup Time": 139.923,
                    "Actual Total Time": 139.924,
                    "Actual Rows": 163016,
                    "Actual Loops": 2,
                    "Hash Buckets": 524288,
                    "Original Hash Buckets": 262144,
                    "Hash Batches": 1,
                    "Original Hash Batches": 1,
                    "Peak Memory Usage": 18912,
                    "Plans": [
                      {
                        "Node Type": "Bitmap Heap Scan",
                        "Parent Relationship": "Outer",
                        "Parallel Aware": true,
                        "Relation Name": "title",
                        "Alias": "t",
                        "Startup Cost": 11870.43,
                        "Total Cost": 53720.69,
                        "Plan Rows": 111948,
                        "Plan Width": 4,
                        "Actual Startup Time": 35.597,
                        "Actual Total Time": 100.829,
                        "Actual Rows": 163016,
                        "Actual Loops": 2,
                        "Recheck Cond": "(kind_id = 1)",
                        "Rows Removed by Index Recheck": 0,
                        "Filter": "(production_year < 1992)",
                        "Rows Removed by Filter": 168396,
                        "Exact Heap Blocks": 8205,
                        "Lossy Heap Blocks": 0,
                        "Plans": [
                          {
                            "Node Type": "Bitmap Index Scan",
                            "Parent Relationship": "Outer",
                            "Parallel Aware": false,
                            "Index Name": "kind_id_title",
                            "Startup Cost": 0.0,
                            "Total Cost": 11822.85,
                            "Plan Rows": 663256,
                            "Plan Width": 0,
                            "Actual Startup Time": 36.29,
                            "Actual Total Time": 36.29,
                            "Actual Rows": 662825,
                            "Actual Loops": 1,
                            "Index Cond": "(kind_id = 1)"
                          }
                        ]
                      }
                    ]
                  }
                ]
              }
            ]
          }
        ]
      }
    ]
  },
  "Planning Time": 0.574,
  "Triggers": [],
  "Execution Time": 1944.414
}