[
  {
    "Plan": {
      "Node Type": "Aggregate",
      "Strategy": "Plain",
      "Partial Mode": "Finalize",
      "Parallel Aware": false,
      "Startup Cost": 156678.12,
      "Total Cost": 156678.13,
      "Plan Rows": 1,
      "Plan Width": 8,
      "Actual Startup Time": 1947.85,
      "Actual Total Time": 1992.511,
      "Actual Rows": 1,
      "Actual Loops": 1,
      "Plans": [
        {
          "Node Type": "Gather",
          "Parent Relationship": "Outer",
          "Parallel Aware": false,
          "Startup Cost": 156677.8,
          "Total Cost": 156678.11,
          "Plan Rows": 3,
          "Plan Width": 8,
          "Actual Startup Time": 1944.603,
          "Actual Total Time": 1992.502,
          "Actual Rows": 4,
          "Actual Loops": 1,
          "Workers Planned": 3,
          "Workers Launched": 3,
          "Single Copy": false,
          "Plans": [
            {
              "Node Type": "Aggregate",
              "Strategy": "Plain",
              "Partial Mode": "Partial",
              "Parent Relationship": "Outer",
              "Parallel Aware": false,
              "Startup Cost": 155677.8,
              "Total Cost": 155677.81,
              "Plan Rows": 1,
              "Plan Width": 8,
              "Actual Startup Time": 1935.126,
              "Actual Total Time": 1935.13,
              "Actual Rows": 1,
              "Actual Loops": 4,
              "Plans": [
                {
                  "Node Type": "Nested Loop",
                  "Parent Relationship": "Outer",
                  "Parallel Aware": false,
                  "Join Type": "Inner",
                  "Startup Cost": 53002.75,
                  "Total Cost": 155507.57,
                  "Plan Rows": 68095,
                  "Plan Width": 0,
                  "Actual Startup Time": 234.683,
                  "Actual Total Time": 1778.998,
                  "Actual Rows": 3285299,
                  "Actual Loops": 4,
                  "Inner Unique": false,
                  "Plans": [
                    {
                      "Node Type": "Hash Join",
                      "Parent Relationship": "Outer",
                      "Parallel Aware": true,
                      "Join Type": "Inner",
                      "Startup Cost": 53002.32,
                      "Total Cost": 79075.23,
                      "Plan Rows": 27947,
                      "Plan Width": 8,
                      "Actual Startup Time": 234.503,
                      "Actual Total Time": 301.04,
                      "Actual Rows": 60642,
                      "Actual Loops": 4,
                      "Inner Unique": true,
                      "Hash Cond": "(mk.movie_id = t.id)",
                      "Plans": [
                        {
                          "Node Type": "Bitmap Heap Scan",
                          "Parent Relationship": "Outer",
                          "Parallel Aware": true,
                          "Relation Name": "movie_keyword",
                          "Alias": "mk",
                          "Startup Cost": 7039.96,
                          "Total Cost": 32831.9,
                          "Plan Rows": 107035,
                          "Plan Width": 4,
                          "Actual Startup Time": 38.643,
                          "Actual Total Time": 83.492,
                          "Actual Rows": 83117,
                          "Actual Loops": 4,
                          "Recheck Cond": "(keyword_id > 49681)",
                          "Rows Removed by Index Recheck": 0,
                          "Exact Heap Blocks": 6327,
                          "Lossy Heap Blocks": 0,
                          "Plans": [
                            {
                              "Node Type": "Bitmap Index Scan",
                              "Parent Relationship": "Outer",
                              "Parallel Aware": false,
                              "Index Name": "keyword_id_movie_keyword",
                              "Startup Cost": 0.0,
                              "Total Cost": 6957.01,
                              "Plan Rows": 331810,
                              "Plan Width": 0,
                              "Actual Startup Time": 33.402,
                              "Actual Total Time": 33.402,
                              "Actual Rows": 332468,
                              "Actual Loops": 1,
                              "Index Cond": "(keyword_id > 49681)"
                            }
                          ]
                        },
                        {
                          "Node Type": "Hash",
                          "Parent Relationship": "Inner",
                          "Parallel Aware": true,
                          "Startup Cost": 43899.32,
                          "Total Cost": 43899.32,
                          "Plan Rows": 165043,
                          "Plan Width": 4,
                          "Actual Startup Time": 176.413,
                          "Actual Total Time": 176.413,
                          "Actual Rows": 165706,
                          "Actual Loops": 4,
                          "Hash Buckets": 1048576,
                          "Original Hash Buckets": 1048576,
                          "Hash Batches": 1,
                          "Original Hash Batches": 1,
                          "Peak Memory Usage": 34208,
                          "Plans": [
                            {
                              "Node Type": "Seq Scan",
                              "Parent Relationship": "Outer",
                              "Parallel Aware": true,
                              "Relation Name": "title",
                              "Alias": "t",
                              "Startup Cost": 0.0,
                              "Total Cost": 43899.32,
                              "Plan Rows": 165043,
                              "Plan Width": 4,
                              "Actual Startup Time": 46.871,
                              "Actual Total Time": 109.326,
                              "Actual Rows": 165706,
                              "Actual Loops": 4,
                              "Filter": "(kind_id = 1)",
                              "Rows Removed by Filter": 466372
                            }
                          ]
                        }
                      ]
                    },
                    {
                      "Node Type": "Index Scan",
                      "Parent Relationship": "Inner",
                      "Parallel Aware": false,
                      "Scan Direction": "Forward",
                      "Index Name": "movie_id_movie_info",
                      "Relation Name": "movie_info",
                      "Alias": "mi",
                      "Startup Cost": 0.43,
                      "Total Cost": 2.56,
                      "Plan Rows": 17,
                      "Plan Width": 4,
                      "Actual Startup Time": 0.005,
                      "Actual Total Time": 0.02,
                      "Actual Rows": 54,
                      "Actual Loops": 242567,
                      "Index Cond": "(movie_id = t.id)",
                      "Rows Removed by Index Recheck": 0,
                      "Filter": "(info_type_id > 8)",
                      "Rows Removed by Filter": 19
                    }
                  ]
                }
              ]
            }
          ]
        }
      ]
    },
    "Planning Time": 1.539,
    "Triggers": [],
    "Execution Time": 1992.647
  }
]