{
  "Plan": {
    "Node Type": "Aggregate",
    "Strategy": "Plain",
    "Partial Mode": "Finalize",
    "Parallel Aware": false,
    "Startup Cost": 328560.17,
    "Total Cost": 328560.18,
    "Plan Rows": 1,
    "Plan Width": 8,
    "Actual Startup Time": 1239.527,
    "Actual Total Time": 1252.22,
    "Actual Rows": 1,
    "Actual Loops": 1,
    "Plans": [
      {
        "Node Type": "Gather",
        "Parent Relationship": "Outer",
        "Parallel Aware": false,
        "Startup Cost": 328560.06,
        "Total Cost": 328560.17,
        "Plan Rows": 1,
        "Plan Width": 8,
        "Actual Startup Time": 1233.368,
        "Actual Total Time": 1252.213,
        "Actual Rows": 2,
        "Actual Loops": 1,
        "Workers Planned": 1,
        "Workers Launched": 1,
        "Single Copy": false,
        "Plans": [
          {
            "Node Type": "Aggregate",
            "Strategy": "Plain",
            "Partial Mode": "Partial",
            "Parent Relationship": "Outer",
            "Parallel Aware": false,
            "Startup Cost": 327560.06,
            "Total Cost": 327560.07,
            "Plan Rows": 1,
            "Plan Width": 8,
            "Actual Startup Time": 1229.244,
            "Actual Total Time": 1229.248,
            "Actual Rows": 1,
            "Actual Loops": 2,
            "Plans": [
              {
                "Node Type": "Merge Join",
                "Parent Relationship": "Outer",
                "Parallel Aware": false,
                "Join Type": "Inner",
                "Startup Cost": 182916.82,
                "Total Cost": 326631.7,
                "Plan Rows": 371342,
                "Plan Width": 0,
                "Actual Startup Time": 1005.706,
                "Actual Total Time": 1213.095,
                "Actual Rows": 389202,
                "Actual Loops": 2,
                "Inner Unique": false,
                "Merge Cond": "(mc.movie_id = t.id)",
                "Plans": [
                  {
                    "Node Type": "Index Scan",
                    "Parent Relationship": "Outer",
                    "Parallel Aware": true,
                    "Scan Direction": "Forward",
                    "Index Name": "movie_id_movie_companies",
                    "Relation Name": "movie_companies",
                    "Alias": "mc",
                    "Startup Cost": 0.43,
                    "Total Cost": 133152.93,
                    "Plan Rows": 1346586,
                    "Plan Width": 4,
                    "Actual Startup Time": 0.055,
                    "Actual Total Time": 111.051,
                    "Actual Rows": 455692,
                    "Actual Loops": 2,
                    "Filter": "(company_id < 91626)",
                    "Rows Removed by Filter": 0
                  },
                  {
                    "Node Type": "Sort",
                    "Parent Relationship": "Inner",
                    "Parallel Aware": false,
                    "Startup Cost": 182916.32,
                    "Total Cost": 184659.36,
                    "Plan Rows": 697217,
                    "Plan Width": 8,
                    "Actual Startup Time": 1005.599,
                    "Actual Total Time": 1028.31,
                    "Actual Rows": 654106,
                    "Actual Loops": 2,
                    "Sort Key": [
                      "mi_idx.movie_id"
                    ],
                    "Sort Method": "quicksort",
                    "Sort Space Used": 30201,
                    "Sort Space Type": "Memory",
                    "Workers": [
                      {
                        "Worker Number": 0,
                        "Sort Method": "quicksort",
                        "Sort Space Used": 30201,
                        "Sort Space Type": "Memory"
                      }
                    ],
                    "Plans": [
                      {
                        "Node Type": "Hash Join",
                        "Parent Relationship": "Outer",
                        "Parallel Aware": false,
                        "Join Type": "Inner",
                        "Startup Cost": 89889.11,
                        "Total Cost": 115247.06,
                        "Plan Rows": 697217,
                        "Plan Width": 8,
                        "Actual Startup Time": 600.035,
                        "Actual Total Time": 929.024,
                        "Actual Rows": 382137,
                        "Actual Loops": 2,
                        "Inner Unique": true,
                        "Hash Cond": "(mi_idx.movie_id = t.id)",
                        "Plans": [
                          {
                            "Node Type": "Seq Scan",
                            "Parent Relationship": "Outer",
                            "Parallel Aware": false,
                            "Relation Name": "movie_info_idx",
                            "Alias": "mi_idx",
                            "Startup Cost": 0.0,
                            "Total Cost": 21735.35,
                            "Plan Rows": 1380035,
                            "Plan Width": 4,
                            "Actual Startup Time": 0.042,
                            "Actual Total Time": 92.823,
                            "Actual Rows": 1380035,
                            "Actual Loops": 2
                          },
                          {
                            "Node Type": "Hash",
                            "Parent Relationship": "Inner",
                            "Parallel Aware": false,
                            "Startup Cost": 73922.39,
                            "Total Cost": 73922.39,
                            "Plan Rows": 1277337,
                            "Plan Width": 4,
                            "Actual Startup Time": 589.388,
                            "Actual Total Time": 589.389,
                            "Actual Rows": 1357653,
                            "Actual Loops": 2,
                            "Hash Buckets": 2097152,
                            "Original Hash Buckets": 2097152,
                            "Hash Batches": 1,
                            "Original Hash Batches": 1,
                            "Peak Memory Usage": 64114,
                            "Plans": [
                              {
                                "Node Type": "Seq Scan",
                                "Parent Relationship": "Outer",
                                "Parallel Aware": false,
                                "Relation Name": "title",
                                "Alias": "t",
                                "Startup Cost": 0.0,
                                "Total Cost": 73922.39,
                                "Plan Rows": 1277337,
                                "Plan Width": 4,
                                "Actual Startup Time": 0.035,
                                "Actual Total Time": 291.04,
                                "Actual Rows": 1357653,
                                "Actual Loops": 2,
                                "Filter": "((production_year > 1969) AND (kind_id = 7))",
                                "Rows Removed by Filter": 1170659
                              }
                            ]
                          }
                        ]
                      }
                    ]
                  }
                ]
              }
            ]
          }
        ]
      }
    ]
  },
  "Planning Time": 1.033,
  "Triggers": [],
  "Execution Time": 1255.335
}