[
    {
        "Bao": {
            "Bao prediction": "NaN",
            "Bao recommended hint": "(no hint)"
        }
    },
    {
        "Plan": {
            "Node Type": "Aggregate",
            "Strategy": "Plain",
            "Partial Mode": "Finalize",
            "Parallel Aware": false,
            "Startup Cost": 38678.98,
            "Total Cost": 38678.99,
            "Plan Rows": 1,
            "Plan Width": 8,
            "Actual Startup Time": 106.478,
            "Actual Total Time": 112.83,
            "Actual Rows": 1,
            "Actual Loops": 1,
            "Output": [
                "count(*)"
            ],
            "Plans": [
                {
                    "Node Type": "Gather",
                    "Parent Relationship": "Outer",
                    "Parallel Aware": false,
                    "Startup Cost": 38678.77,
                    "Total Cost": 38678.98,
                    "Plan Rows": 2,
                    "Plan Width": 8,
                    "Actual Startup Time": 106.34,
                    "Actual Total Time": 112.825,
                    "Actual Rows": 3,
                    "Actual Loops": 1,
                    "Output": [
                        "(PARTIAL count(*))"
                    ],
                    "Workers Planned": 2,
                    "Workers Launched": 2,
                    "Single Copy": false,
                    "Plans": [
                        {
                            "Node Type": "Aggregate",
                            "Strategy": "Plain",
                            "Partial Mode": "Partial",
                            "Parent Relationship": "Outer",
                            "Parallel Aware": false,
                            "Startup Cost": 37678.77,
                            "Total Cost": 37678.78,
                            "Plan Rows": 1,
                            "Plan Width": 8,
                            "Actual Startup Time": 98.151,
                            "Actual Total Time": 98.154,
                            "Actual Rows": 1,
                            "Actual Loops": 3,
                            "Output": [
                                "PARTIAL count(*)"
                            ],
                            "Workers": [
                                {
                                    "Worker Number": 0,
                                    "Actual Startup Time": 94.122,
                                    "Actual Total Time": 94.125,
                                    "Actual Rows": 1,
                                    "Actual Loops": 1
                                },
                                {
                                    "Worker Number": 1,
                                    "Actual Startup Time": 94.482,
                                    "Actual Total Time": 94.486,
                                    "Actual Rows": 1,
                                    "Actual Loops": 1
                                }
                            ],
                            "Plans": [
                                {
                                    "Node Type": "Nested Loop",
                                    "Parent Relationship": "Outer",
                                    "Parallel Aware": false,
                                    "Join Type": "Inner",
                                    "Startup Cost": 15241.64,
                                    "Total Cost": 37677.51,
                                    "Plan Rows": 504,
                                    "Plan Width": 0,
                                    "Actual Startup Time": 48.995,
                                    "Actual Total Time": 98.087,
                                    "Actual Rows": 794,
                                    "Actual Loops": 3,
                                    "Inner Unique": true,
                                    "Join Filter": "(mc.movie_id = t.id)",
                                    "Rows Removed by Join Filter": 0,
                                    "Workers": [
                                        {
                                            "Worker Number": 0,
                                            "Actual Startup Time": 45.143,
                                            "Actual Total Time": 94.055,
                                            "Actual Rows": 700,
                                            "Actual Loops": 1
                                        },
                                        {
                                            "Worker Number": 1,
                                            "Actual Startup Time": 45.152,
                                            "Actual Total Time": 94.421,
                                            "Actual Rows": 723,
                                            "Actual Loops": 1
                                        }
                                    ],
                                    "Plans": [
                                        {
                                            "Node Type": "Hash Join",
                                            "Parent Relationship": "Outer",
                                            "Parallel Aware": true,
                                            "Join Type": "Inner",
                                            "Startup Cost": 15241.21,
                                            "Total Cost": 31842.44,
                                            "Plan Rows": 9841,
                                            "Plan Width": 8,
                                            "Actual Startup Time": 6.877,
                                            "Actual Total Time": 83.526,
                                            "Actual Rows": 3605,
                                            "Actual Loops": 3,
                                            "Output": [
                                                "mc.movie_id",
                                                "mi_idx.movie_id"
                                            ],
                                            "Inner Unique": false,
                                            "Hash Cond": "(mi_idx.movie_id = mc.movie_id)",
                                            "Workers": [
                                                {
                                                    "Worker Number": 0,
                                                    "Actual Startup Time": 2.445,
                                                    "Actual Total Time": 77.85,
                                                    "Actual Rows": 2835,
                                                    "Actual Loops": 1
                                                },
                                                {
                                                    "Worker Number": 1,
                                                    "Actual Startup Time": 4.261,
                                                    "Actual Total Time": 76.478,
                                                    "Actual Rows": 3234,
                                                    "Actual Loops": 1
                                                }
                                            ],
                                            "Plans": [
                                                {
                                                    "Node Type": "Seq Scan",
                                                    "Parent Relationship": "Outer",
                                                    "Parallel Aware": true,
                                                    "Relation Name": "movie_info_idx",
                                                    "Schema": "public",
                                                    "Alias": "mi_idx",
                                                    "Startup Cost": 0.0,
                                                    "Total Cost": 13685.15,
                                                    "Plan Rows": 575015,
                                                    "Plan Width": 4,
                                                    "Actual Startup Time": 0.037,
                                                    "Actual Total Time": 39.618,
                                                    "Actual Rows": 460012,
                                                    "Actual Loops": 3,
                                                    "Output": [
                                                        "mi_idx.id",
                                                        "mi_idx.movie_id",
                                                        "mi_idx.info_type_id",
                                                        "mi_idx.info",
                                                        "mi_idx.note"
                                                    ],
                                                    "Workers": [
                                                        {
                                                            "Worker Number": 0,
                                                            "Actual Startup Time": 0.044,
                                                            "Actual Total Time": 40.199,
                                                            "Actual Rows": 400369,
                                                            "Actual Loops": 1
                                                        },
                                                        {
                                                            "Worker Number": 1,
                                                            "Actual Startup Time": 0.056,
                                                            "Actual Total Time": 39.15,
                                                            "Actual Rows": 393499,
                                                            "Actual Loops": 1
                                                        }
                                                    ]
                                                },
                                                {
                                                    "Node Type": "Hash",
                                                    "Parent Relationship": "Inner",
                                                    "Parallel Aware": true,
                                                    "Startup Cost": 15197.72,
                                                    "Total Cost": 15197.72,
                                                    "Plan Rows": 3479,
                                                    "Plan Width": 4,
                                                    "Actual Startup Time": 5.539,
                                                    "Actual Total Time": 5.54,
                                                    "Actual Rows": 3008,
                                                    "Actual Loops": 3,
                                                    "Output": [
                                                        "mc.movie_id"
                                                    ],
                                                    "Hash Buckets": 16384,
                                                    "Original Hash Buckets": 16384,
                                                    "Hash Batches": 1,
                                                    "Original Hash Batches": 1,
                                                    "Peak Memory Usage": 544,
                                                    "Workers": [
                                                        {
                                                            "Worker Number": 0,
                                                            "Actual Startup Time": 1.596,
                                                            "Actual Total Time": 1.597,
                                                            "Actual Rows": 45,
                                                            "Actual Loops": 1
                                                        },
                                                        {
                                                            "Worker Number": 1,
                                                            "Actual Startup Time": 1.978,
                                                            "Actual Total Time": 1.979,
                                                            "Actual Rows": 38,
                                                            "Actual Loops": 1
                                                        }
                                                    ],
                                                    "Plans": [
                                                        {
                                                            "Node Type": "Bitmap Heap Scan",
                                                            "Parent Relationship": "Outer",
                                                            "Parallel Aware": true,
                                                            "Relation Name": "movie_companies",
                                                            "Schema": "public",
                                                            "Alias": "mc",
                                                            "Startup Cost": 185.13,
                                                            "Total Cost": 15197.72,
                                                            "Plan Rows": 3479,
                                                            "Plan Width": 4,
                                                            "Actual Startup Time": 0.819,
                                                            "Actual Total Time": 4.557,
                                                            "Actual Rows": 3008,
                                                            "Actual Loops": 3,
                                                            "Output": [
                                                                "mc.movie_id"
                                                            ],
                                                            "Recheck Cond": "(mc.company_id = 225)",
                                                            "Rows Removed by Index Recheck": 0,
                                                            "Exact Heap Blocks": 3013,
                                                            "Lossy Heap Blocks": 0,
                                                            "Workers": [
                                                                {
                                                                    "Worker Number": 0,
                                                                    "Actual Startup Time": 0.104,
                                                                    "Actual Total Time": 1.359,
                                                                    "Actual Rows": 45,
                                                                    "Actual Loops": 1
                                                                },
                                                                {
                                                                    "Worker Number": 1,
                                                                    "Actual Startup Time": 0.135,
                                                                    "Actual Total Time": 1.765,
                                                                    "Actual Rows": 38,
                                                                    "Actual Loops": 1
                                                                }
                                                            ],
                                                            "Plans": [
                                                                {
                                                                    "Node Type": "Bitmap Index Scan",
                                                                    "Parent Relationship": "Outer",
                                                                    "Parallel Aware": false,
                                                                    "Index Name": "company_id_movie_companies",
                                                                    "Startup Cost": 0.0,
                                                                    "Total Cost": 183.05,
                                                                    "Plan Rows": 8349,
                                                                    "Plan Width": 0,
                                                                    "Actual Startup Time": 1.347,
                                                                    "Actual Total Time": 1.347,
                                                                    "Actual Rows": 9025,
                                                                    "Actual Loops": 1,
                                                                    "Index Cond": "(mc.company_id = 225)"
                                                                }
                                                            ]
                                                        }
                                                    ]
                                                }
                                            ]
                                        },
                                        {
                                            "Node Type": "Index Scan",
                                            "Parent Relationship": "Inner",
                                            "Parallel Aware": false,
                                            "Scan Direction": "Forward",
                                            "Index Name": "title_pkey",
                                            "Relation Name": "title",
                                            "Schema": "public",
                                            "Alias": "t",
                                            "Startup Cost": 0.43,
                                            "Total Cost": 0.58,
                                            "Plan Rows": 1,
                                            "Plan Width": 4,
                                            "Actual Startup Time": 0.004,
                                            "Actual Total Time": 0.004,
                                            "Actual Rows": 0,
                                            "Actual Loops": 10814,
                                            "Output": [
                                                "t.id",
                                                "t.title",
                                                "t.imdb_index",
                                                "t.kind_id",
                                                "t.production_year",
                                                "t.imdb_id",
                                                "t.phonetic_code",
                                                "t.episode_of_id",
                                                "t.season_nr",
                                                "t.episode_nr",
                                                "t.series_years",
                                                "t.md5sum"
                                            ],
                                            "Index Cond": "(t.id = mi_idx.movie_id)",
                                            "Rows Removed by Index Recheck": 0,
                                            "Filter": "(t.kind_id = 1)",
                                            "Rows Removed by Filter": 1,
                                            "Workers": [
                                                {
                                                    "Worker Number": 0,
                                                    "Actual Startup Time": 0.005,
                                                    "Actual Total Time": 0.005,
                                                    "Actual Rows": 0,
                                                    "Actual Loops": 2835
                                                },
                                                {
                                                    "Worker Number": 1,
                                                    "Actual Startup Time": 0.005,
                                                    "Actual Total Time": 0.005,
                                                    "Actual Rows": 0,
                                                    "Actual Loops": 3234
                                                }
                                            ]
                                        }
                                    ]
                                }
                            ]
                        }
                    ]
                }
            ]
        },
        "Planning Time": 174.628,
        "Triggers": [],
        "Execution Time": 112.929
    }
]