[
  {
    "Plan": {
      "Node Type": "Aggregate",
      "Strategy": "Plain",
      "Partial Mode": "Finalize",
      "Parallel Aware": false,
      "Startup Cost": 331542.22,
      "Total Cost": 331542.23,
      "Plan Rows": 1,
      "Plan Width": 8,
      "Actual Startup Time": 601.748,
      "Actual Total Time": 660.689,
      "Actual Rows": 1,
      "Actual Loops": 1,
      "Plans": [
        {
          "Node Type": "Gather",
          "Parent Relationship": "Outer",
          "Parallel Aware": false,
          "Startup Cost": 331541.59,
          "Total Cost": 331542.2,
          "Plan Rows": 6,
          "Plan Width": 8,
          "Actual Startup Time": 601.63,
          "Actual Total Time": 660.68,
          "Actual Rows": 7,
          "Actual Loops": 1,
          "Workers Planned": 6,
          "Workers Launched": 6,
          "Single Copy": false,
          "Plans": [
            {
              "Node Type": "Aggregate",
              "Strategy": "Plain",
              "Partial Mode": "Partial",
              "Parent Relationship": "Outer",
              "Parallel Aware": false,
              "Startup Cost": 330541.59,
              "Total Cost": 330541.6,
              "Plan Rows": 1,
              "Plan Width": 8,
              "Actual Startup Time": 593.136,
              "Actual Total Time": 593.138,
              "Actual Rows": 1,
              "Actual Loops": 7,
              "Plans": [
                {
                  "Node Type": "Seq Scan",
                  "Parent Relationship": "Outer",
                  "Parallel Aware": true,
                  "Relation Name": "cast_info",
                  "Alias": "ci",
                  "Startup Cost": 0.0,
                  "Total Cost": 328162.03,
                  "Plan Rows": 951826,
                  "Plan Width": 0,
                  "Actual Startup Time": 0.049,
                  "Actual Total Time": 552.868,
                  "Actual Rows": 836004,
                  "Actual Loops": 7,
                  "Filter": "(person_id < 566719)",
                  "Rows Removed by Filter": 4341760
                }
              ]
            }
          ]
        }
      ]
    },
    "Planning Time": 0.176,
    "Triggers": [],
    "Execution Time": 660.76
  }
]