[
  {
    "Plan": {
      "Node Type": "Aggregate",
      "Strategy": "Plain",
      "Partial Mode": "Finalize",
      "Parallel Aware": false,
      "Startup Cost": 461942.42,
      "Total Cost": 461942.43,
      "Plan Rows": 1,
      "Plan Width": 8,
      "Actual Startup Time": 2748.757,
      "Actual Total Time": 2814.018,
      "Actual Rows": 1,
      "Actual Loops": 1,
      "Plans": [
        {
          "Node Type": "Gather",
          "Parent Relationship": "Outer",
          "Parallel Aware": false,
          "Startup Cost": 461941.79,
          "Total Cost": 461942.4,
          "Plan Rows": 6,
          "Plan Width": 8,
          "Actual Startup Time": 2724.429,
          "Actual Total Time": 2814.004,
          "Actual Rows": 7,
          "Actual Loops": 1,
          "Workers Planned": 6,
          "Workers Launched": 6,
          "Single Copy": false,
          "Plans": [
            {
              "Node Type": "Aggregate",
              "Strategy": "Plain",
              "Partial Mode": "Partial",
              "Parent Relationship": "Outer",
              "Parallel Aware": false,
              "Startup Cost": 460941.79,
              "Total Cost": 460941.8,
              "Plan Rows": 1,
              "Plan Width": 8,
              "Actual Startup Time": 2705.176,
              "Actual Total Time": 2705.777,
              "Actual Rows": 1,
              "Actual Loops": 7,
              "Plans": [
                {
                  "Node Type": "Hash Join",
                  "Parent Relationship": "Outer",
                  "Parallel Aware": true,
                  "Join Type": "Inner",
                  "Startup Cost": 105805.43,
                  "Total Cost": 453701.91,
                  "Plan Rows": 2895955,
                  "Plan Width": 0,
                  "Actual Startup Time": 729.633,
                  "Actual Total Time": 2358.032,
                  "Actual Rows": 8125020,
                  "Actual Loops": 7,
                  "Inner Unique": false,
                  "Hash Cond": "(ci.movie_id = t.id)",
                  "Plans": [
                    {
                      "Node Type": "Seq Scan",
                      "Parent Relationship": "Outer",
                      "Parallel Aware": true,
                      "Relation Name": "cast_info",
                      "Alias": "ci",
                      "Startup Cost": 0.0,
                      "Total Cost": 328162.03,
                      "Plan Rows": 2771377,
                      "Plan Width": 4,
                      "Actual Startup Time": 196.368,
                      "Actual Total Time": 564.249,
                      "Actual Rows": 2368643,
                      "Actual Loops": 7,
                      "Filter": "(person_id > 1970976)",
                      "Rows Removed by Filter": 2809121
                    },
                    {
                      "Node Type": "Hash",
                      "Parent Relationship": "Inner",
                      "Parallel Aware": true,
                      "Startup Cost": 95152.43,
                      "Total Cost": 95152.43,
                      "Plan Rows": 852240,
                      "Plan Width": 8,
                      "Actual Startup Time": 526.99,
                      "Actual Total Time": 527.576,
                      "Actual Rows": 377058,
                      "Actual Loops": 7,
                      "Hash Buckets": 4194304,
                      "Original Hash Buckets": 4194304,
                      "Hash Batches": 1,
                      "Original Hash Batches": 1,
                      "Peak Memory Usage": 136160,
                      "Plans": [
                        {
                          "Node Type": "Hash Join",
                          "Parent Relationship": "Outer",
                          "Parallel Aware": true,
                          "Join Type": "Inner",
                          "Startup Cost": 50219.64,
                          "Total Cost": 95152.43,
                          "Plan Rows": 852240,
                          "Plan Width": 8,
                          "Actual Startup Time": 248.214,
                          "Actual Total Time": 407.859,
                          "Actual Rows": 377058,
                          "Actual Loops": 7,
                          "Inner Unique": true,
                          "Hash Cond": "(mk.movie_id = t.id)",
                          "Plans": [
                            {
                              "Node Type": "Seq Scan",
                              "Parent Relationship": "Outer",
                              "Parallel Aware": true,
                              "Relation Name": "movie_keyword",
                              "Alias": "mk",
                              "Startup Cost": 0.0,
                              "Total Cost": 42695.65,
                              "Plan Rows": 852240,
                              "Plan Width": 4,
                              "Actual Startup Time": 0.161,
                              "Actual Total Time": 77.957,
                              "Actual Rows": 377058,
                              "Actual Loops": 7,
                              "Filter": "(keyword_id > 3219)",
                              "Rows Removed by Filter": 269218
                            },
                            {
                              "Node Type": "Hash",
                              "Parent Relationship": "Inner",
                              "Parallel Aware": true,
                              "Startup Cost": 42318.73,
                              "Total Cost": 42318.73,
                              "Plan Rows": 632073,
                              "Plan Width": 4,
                              "Actual Startup Time": 244.528,
                              "Actual Total Time": 244.529,
                              "Actual Rows": 361187,
                              "Actual Loops": 7,
                              "Hash Buckets": 4194304,
                              "Original Hash Buckets": 4194304,
                              "Hash Batches": 1,
                              "Original Hash Batches": 1,
                              "Peak Memory Usage": 131840,
                              "Plans": [
                                {
                                  "Node Type": "Seq Scan",
                                  "Parent Relationship": "Outer",
                                  "Parallel Aware": true,
                                  "Relation Name": "title",
                                  "Alias": "t",
                                  "Startup Cost": 0.0,
                                  "Total Cost": 42318.73,
                                  "Plan Rows": 632073,
                                  "Plan Width": 4,
                                  "Actual Startup Time": 0.04,
                                  "Actual Total Time": 71.764,
                                  "Actual Rows": 361187,
                                  "Actual Loops": 7
                                }
                              ]
                            }
                          ]
                        }
                      ]
                    }
                  ]
                }
              ]
            }
          ]
        }
      ]
    },
    "Planning Time": 0.883,
    "Triggers": [],
    "Execution Time": 2814.086
  }
]