[
  {
    "Plan": {
      "Node Type": "Aggregate",
      "Strategy": "Plain",
      "Partial Mode": "Finalize",
      "Parallel Aware": false,
      "Startup Cost": 348699.9,
      "Total Cost": 348699.91,
      "Plan Rows": 1,
      "Plan Width": 8,
      "Actual Startup Time": 759.718,
      "Actual Total Time": 820.423,
      "Actual Rows": 1,
      "Actual Loops": 1,
      "Plans": [
        {
          "Node Type": "Gather",
          "Parent Relationship": "Outer",
          "Parallel Aware": false,
          "Startup Cost": 348699.27,
          "Total Cost": 348699.88,
          "Plan Rows": 6,
          "Plan Width": 8,
          "Actual Startup Time": 759.595,
          "Actual Total Time": 820.411,
          "Actual Rows": 7,
          "Actual Loops": 1,
          "Workers Planned": 6,
          "Workers Launched": 6,
          "Single Copy": false,
          "Plans": [
            {
              "Node Type": "Aggregate",
              "Strategy": "Plain",
              "Partial Mode": "Partial",
              "Parent Relationship": "Outer",
              "Parallel Aware": false,
              "Startup Cost": 347699.27,
              "Total Cost": 347699.28,
              "Plan Rows": 1,
              "Plan Width": 8,
              "Actual Startup Time": 749.971,
              "Actual Total Time": 749.972,
              "Actual Rows": 1,
              "Actual Loops": 7,
              "Plans": [
                {
                  "Node Type": "Seq Scan",
                  "Parent Relationship": "Outer",
                  "Parallel Aware": true,
                  "Relation Name": "cast_info",
                  "Alias": "ci",
                  "Startup Cost": 0.0,
                  "Total Cost": 343257.03,
                  "Plan Rows": 1776897,
                  "Plan Width": 0,
                  "Actual Startup Time": 245.274,
                  "Actual Total Time": 653.135,
                  "Actual Rows": 2319452,
                  "Actual Loops": 7,
                  "Filter": "((person_id > 2009519) AND (role_id > 1))",
                  "Rows Removed by Filter": 2858311
                }
              ]
            }
          ]
        }
      ]
    },
    "Planning Time": 0.197,
    "Triggers": [],
    "Execution Time": 820.489
  }
]