{
  "Plan": {
    "Node Type": "Aggregate",
    "Strategy": "Plain",
    "Partial Mode": "Finalize",
    "Parallel Aware": false,
    "Startup Cost": 205954.91,
    "Total Cost": 205954.92,
    "Plan Rows": 1,
    "Plan Width": 8,
    "Actual Startup Time": 1797.795,
    "Actual Total Time": 1845.937,
    "Actual Rows": 1,
    "Actual Loops": 1,
    "Plans": [
      {
        "Node Type": "Gather",
        "Parent Relationship": "Outer",
        "Parallel Aware": false,
        "Startup Cost": 205954.8,
        "Total Cost": 205954.91,
        "Plan Rows": 1,
        "Plan Width": 8,
        "Actual Startup Time": 1796.895,
        "Actual Total Time": 1845.93,
        "Actual Rows": 2,
        "Actual Loops": 1,
        "Workers Planned": 1,
        "Workers Launched": 1,
        "Single Copy": false,
        "Plans": [
          {
            "Node Type": "Aggregate",
            "Strategy": "Plain",
            "Partial Mode": "Partial",
            "Parent Relationship": "Outer",
            "Parallel Aware": false,
            "Startup Cost": 204954.8,
            "Total Cost": 204954.81,
            "Plan Rows": 1,
            "Plan Width": 8,
            "Actual Startup Time": 1790.652,
            "Actual Total Time": 1790.656,
            "Actual Rows": 1,
            "Actual Loops": 2,
            "Plans": [
              {
                "Node Type": "Nested Loop",
                "Parent Relationship": "Outer",
                "Parallel Aware": false,
                "Join Type": "Inner",
                "Startup Cost": 68278.1,
                "Total Cost": 204567.07,
                "Plan Rows": 155091,
                "Plan Width": 0,
                "Actual Startup Time": 223.1,
                "Actual Total Time": 1633.02,
                "Actual Rows": 3806693,
                "Actual Loops": 2,
                "Inner Unique": false,
                "Join Filter": "(t.id = mi.movie_id)",
                "Rows Removed by Join Filter": 0,
                "Plans": [
                  {
                    "Node Type": "Hash Join",
                    "Parent Relationship": "Outer",
                    "Parallel Aware": true,
                    "Join Type": "Inner",
                    "Startup Cost": 68277.66,
                    "Total Cost": 95936.69,
                    "Plan Rows": 26524,
                    "Plan Width": 8,
                    "Actual Startup Time": 223.03,
                    "Actual Total Time": 321.337,
                    "Actual Rows": 75892,
                    "Actual Loops": 2,
                    "Inner Unique": true,
                    "Hash Cond": "(mk.movie_id = t.id)",
                    "Plans": [
                      {
                        "Node Type": "Bitmap Heap Scan",
                        "Parent Relationship": "Outer",
                        "Parallel Aware": true,
                        "Relation Name": "movie_keyword",
                        "Alias": "mk",
                        "Startup Cost": 7644.25,
                        "Total Cost": 34747.03,
                        "Plan Rows": 211902,
                        "Plan Width": 4,
                        "Actual Startup Time": 26.282,
                        "Actual Total Time": 78.477,
                        "Actual Rows": 174618,
                        "Actual Loops": 2,
                        "Recheck Cond": "(keyword_id > 47697)",
                        "Rows Removed by Index Recheck": 0,
                        "Exact Heap Blocks": 11580,
                        "Lossy Heap Blocks": 0,
                        "Plans": [
                          {
                            "Node Type": "Bitmap Index Scan",
                            "Parent Relationship": "Outer",
                            "Parallel Aware": false,
                            "Index Name": "keyword_id_movie_keyword",
                            "Startup Cost": 0.0,
                            "Total Cost": 7554.19,
                            "Plan Rows": 360234,
                            "Plan Width": 0,
                            "Actual Startup Time": 23.06,
                            "Actual Total Time": 23.061,
                            "Actual Rows": 349237,
                            "Actual Loops": 1,
                            "Index Cond": "(keyword_id > 47697)"
                          }
                        ]
                      },
                      {
                        "Node Type": "Hash",
                        "Parent Relationship": "Inner",
                        "Parallel Aware": true,
                        "Startup Cost": 58306.47,
                        "Total Cost": 58306.47,
                        "Plan Rows": 186156,
                        "Plan Width": 4,
                        "Actual Startup Time": 191.345,
                        "Actual Total Time": 191.346,
                        "Actual Rows": 216680,
                        "Actual Loops": 2,
                        "Hash Buckets": 524288,
                        "Original Hash Buckets": 524288,
                        "Hash Batches": 1,
                        "Original Hash Batches": 1,
                        "Peak Memory Usage": 21088,
                        "Plans": [
                          {
                            "Node Type": "Seq Scan",
                            "Parent Relationship": "Outer",
                            "Parallel Aware": true,
                            "Relation Name": "title",
                            "Alias": "t",
                            "Startup Cost": 0.0,
                            "Total Cost": 58306.47,
                            "Plan Rows": 186156,
                            "Plan Width": 4,
                            "Actual Startup Time": 0.033,
                            "Actual Total Time": 144.743,
                            "Actual Rows": 216680,
                            "Actual Loops": 2,
                            "Filter": "((kind_id < 7) AND (production_year < 1995))",
                            "Rows Removed by Filter": 1047476
                          }
                        ]
                      }
                    ]
                  },
                  {
                    "Node Type": "Index Only Scan",
                    "Parent Relationship": "Inner",
                    "Parallel Aware": false,
                    "Scan Direction": "Forward",
                    "Index Name": "movie_id_movie_info",
                    "Relation Name": "movie_info",
                    "Alias": "mi",
                    "Startup Cost": 0.43,
                    "Total Cost": 3.57,
                    "Plan Rows": 42,
                    "Plan Width": 4,
                    "Actual Startup Time": 0.003,
                    "Actual Total Time": 0.013,
                    "Actual Rows": 50,
                    "Actual Loops": 151783,
                    "Index Cond": "(movie_id = mk.movie_id)",
                    "Rows Removed by Index Recheck": 0,
                    "Heap Fetches": 7613386
                  }
                ]
              }
            ]
          }
        ]
      }
    ]
  },
  "Planning Time": 1.037,
  "Triggers": [],
  "Execution Time": 1846.061
}