{
  "Plan": {
    "Node Type": "Aggregate",
    "Strategy": "Plain",
    "Partial Mode": "Finalize",
    "Parallel Aware": false,
    "Startup Cost": 552331.27,
    "Total Cost": 552331.28,
    "Plan Rows": 1,
    "Plan Width": 8,
    "Actual Startup Time": 12173.091,
    "Actual Total Time": 12249.965,
    "Actual Rows": 1,
    "Actual Loops": 1,
    "Plans": [
      {
        "Node Type": "Gather",
        "Parent Relationship": "Outer",
        "Parallel Aware": false,
        "Startup Cost": 552331.16,
        "Total Cost": 552331.27,
        "Plan Rows": 1,
        "Plan Width": 8,
        "Actual Startup Time": 12158.068,
        "Actual Total Time": 12249.954,
        "Actual Rows": 2,
        "Actual Loops": 1,
        "Workers Planned": 1,
        "Workers Launched": 1,
        "Single Copy": false,
        "Plans": [
          {
            "Node Type": "Aggregate",
            "Strategy": "Plain",
            "Partial Mode": "Partial",
            "Parent Relationship": "Outer",
            "Parallel Aware": false,
            "Startup Cost": 551331.16,
            "Total Cost": 551331.17,
            "Plan Rows": 1,
            "Plan Width": 8,
            "Actual Startup Time": 12125.906,
            "Actual Total Time": 12125.915,
            "Actual Rows": 1,
            "Actual Loops": 2,
            "Plans": [
              {
                "Node Type": "Hash Join",
                "Parent Relationship": "Outer",
                "Parallel Aware": true,
                "Join Type": "Inner",
                "Startup Cost": 419856.24,
                "Total Cost": 534339.6,
                "Plan Rows": 6796624,
                "Plan Width": 0,
                "Actual Startup Time": 4188.337,
                "Actual Total Time": 9336.043,
                "Actual Rows": 71554336,
                "Actual Loops": 2,
                "Inner Unique": false,
                "Hash Cond": "(mk.movie_id = t.id)",
                "Plans": [
                  {
                    "Node Type": "Seq Scan",
                    "Parent Relationship": "Outer",
                    "Parallel Aware": true,
                    "Relation Name": "movie_keyword",
                    "Alias": "mk",
                    "Startup Cost": 0.0,
                    "Total Cost": 57718.19,
                    "Plan Rows": 1918288,
                    "Plan Width": 4,
                    "Actual Startup Time": 0.244,
                    "Actual Total Time": 202.171,
                    "Actual Rows": 1626378,
                    "Actual Loops": 2,
                    "Filter": "(keyword_id > 1628)",
                    "Rows Removed by Filter": 635586
                  },
                  {
                    "Node Type": "Hash",
                    "Parent Relationship": "Inner",
                    "Parallel Aware": true,
                    "Startup Cost": 353989.22,
                    "Total Cost": 353989.22,
                    "Plan Rows": 5269362,
                    "Plan Width": 8,
                    "Actual Startup Time": 4128.145,
                    "Actual Total Time": 4128.152,
                    "Actual Rows": 4475378,
                    "Actual Loops": 2,
                    "Hash Buckets": 16777216,
                    "Original Hash Buckets": 16777216,
                    "Hash Batches": 1,
                    "Original Hash Batches": 1,
                    "Peak Memory Usage": 481248,
                    "Plans": [
                      {
                        "Node Type": "Hash Join",
                        "Parent Relationship": "Outer",
                        "Parallel Aware": true,
                        "Join Type": "Inner",
                        "Startup Cost": 69460.7,
                        "Total Cost": 353989.22,
                        "Plan Rows": 5269362,
                        "Plan Width": 8,
                        "Actual Startup Time": 612.175,
                        "Actual Total Time": 2859.972,
                        "Actual Rows": 4475378,
                        "Actual Loops": 2,
                        "Inner Unique": true,
                        "Hash Cond": "(mi.movie_id = t.id)",
                        "Plans": [
                          {
                            "Node Type": "Seq Scan",
                            "Parent Relationship": "Outer",
                            "Parallel Aware": true,
                            "Relation Name": "movie_info",
                            "Alias": "mi",
                            "Startup Cost": 0.0,
                            "Total Cost": 270696.42,
                            "Plan Rows": 5269362,
                            "Plan Width": 4,
                            "Actual Startup Time": 38.654,
                            "Actual Total Time": 816.202,
                            "Actual Rows": 4475378,
                            "Actual Loops": 2,
                            "Filter": "(info_type_id > 6)",
                            "Rows Removed by Filter": 2942482
                          },
                          {
                            "Node Type": "Hash",
                            "Parent Relationship": "Inner",
                            "Parallel Aware": true,
                            "Startup Cost": 50870.31,
                            "Total Cost": 50870.31,
                            "Plan Rows": 1487231,
                            "Plan Width": 4,
                            "Actual Startup Time": 561.452,
                            "Actual Total Time": 561.454,
                            "Actual Rows": 1264156,
                            "Actual Loops": 2,
                            "Hash Buckets": 4194304,
                            "Original Hash Buckets": 4194304,
                            "Hash Batches": 1,
                            "Original Hash Batches": 1,
                            "Peak Memory Usage": 131712,
                            "Plans": [
                              {
                                "Node Type": "Seq Scan",
                                "Parent Relationship": "Outer",
                                "Parallel Aware": true,
                                "Relation Name": "title",
                                "Alias": "t",
                                "Startup Cost": 0.0,
                                "Total Cost": 50870.31,
                                "Plan Rows": 1487231,
                                "Plan Width": 4,
                                "Actual Startup Time": 0.041,
                                "Actual Total Time": 169.702,
                                "Actual Rows": 1264156,
                                "Actual Loops": 2
                              }
                            ]
                          }
                        ]
                      }
                    ]
                  }
                ]
              }
            ]
          }
        ]
      }
    ]
  },
  "Planning Time": 1.056,
  "Triggers": [],
  "Execution Time": 12250.055
}