[
  {
    "Plan": {
      "Node Type": "Aggregate",
      "Strategy": "Plain",
      "Partial Mode": "Finalize",
      "Parallel Aware": false,
      "Startup Cost": 45646.6,
      "Total Cost": 45646.61,
      "Plan Rows": 1,
      "Plan Width": 8,
      "Actual Startup Time": 152.503,
      "Actual Total Time": 160.443,
      "Actual Rows": 1,
      "Actual Loops": 1,
      "Plans": [
        {
          "Node Type": "Gather",
          "Parent Relationship": "Outer",
          "Parallel Aware": false,
          "Startup Cost": 45646.28,
          "Total Cost": 45646.59,
          "Plan Rows": 3,
          "Plan Width": 8,
          "Actual Startup Time": 152.385,
          "Actual Total Time": 160.435,
          "Actual Rows": 4,
          "Actual Loops": 1,
          "Workers Planned": 3,
          "Workers Launched": 3,
          "Single Copy": false,
          "Plans": [
            {
              "Node Type": "Aggregate",
              "Strategy": "Plain",
              "Partial Mode": "Partial",
              "Parent Relationship": "Outer",
              "Parallel Aware": false,
              "Startup Cost": 44646.28,
              "Total Cost": 44646.29,
              "Plan Rows": 1,
              "Plan Width": 8,
              "Actual Startup Time": 148.263,
              "Actual Total Time": 148.264,
              "Actual Rows": 1,
              "Actual Loops": 4,
              "Plans": [
                {
                  "Node Type": "Seq Scan",
                  "Parent Relationship": "Outer",
                  "Parallel Aware": true,
                  "Relation Name": "movie_keyword",
                  "Alias": "mk",
                  "Startup Cost": 0.0,
                  "Total Cost": 42695.65,
                  "Plan Rows": 780252,
                  "Plan Width": 0,
                  "Actual Startup Time": 0.03,
                  "Actual Total Time": 119.301,
                  "Actual Rows": 605452,
                  "Actual Loops": 4,
                  "Filter": "(keyword_id < 5713)",
                  "Rows Removed by Filter": 525531
                }
              ]
            }
          ]
        }
      ]
    },
    "Planning Time": 0.129,
    "Triggers": [],
    "Execution Time": 160.49
  }
]