[
  {
    "Plan": {
      "Node Type": "Aggregate",
      "Strategy": "Plain",
      "Partial Mode": "Finalize",
      "Parallel Aware": false,
      "Startup Cost": 325416.4,
      "Total Cost": 325416.41,
      "Plan Rows": 1,
      "Plan Width": 8,
      "Actual Startup Time": 457.757,
      "Actual Total Time": 479.347,
      "Actual Rows": 1,
      "Actual Loops": 1,
      "Plans": [
        {
          "Node Type": "Gather",
          "Parent Relationship": "Outer",
          "Parallel Aware": false,
          "Startup Cost": 325415.78,
          "Total Cost": 325416.39,
          "Plan Rows": 6,
          "Plan Width": 8,
          "Actual Startup Time": 438.836,
          "Actual Total Time": 479.317,
          "Actual Rows": 7,
          "Actual Loops": 1,
          "Workers Planned": 6,
          "Workers Launched": 6,
          "Single Copy": false,
          "Plans": [
            {
              "Node Type": "Aggregate",
              "Strategy": "Plain",
              "Partial Mode": "Partial",
              "Parent Relationship": "Outer",
              "Parallel Aware": false,
              "Startup Cost": 324415.78,
              "Total Cost": 324415.79,
              "Plan Rows": 1,
              "Plan Width": 8,
              "Actual Startup Time": 421.112,
              "Actual Total Time": 421.117,
              "Actual Rows": 1,
              "Actual Loops": 7,
              "Plans": [
                {
                  "Node Type": "Hash Join",
                  "Parent Relationship": "Outer",
                  "Parallel Aware": true,
                  "Join Type": "Inner",
                  "Startup Cost": 69203.47,
                  "Total Cost": 324057.58,
                  "Plan Rows": 143280,
                  "Plan Width": 0,
                  "Actual Startup Time": 307.414,
                  "Actual Total Time": 413.914,
                  "Actual Rows": 125645,
                  "Actual Loops": 7,
                  "Inner Unique": true,
                  "Hash Cond": "(ci.movie_id = t.id)",
                  "Plans": [
                    {
                      "Node Type": "Bitmap Heap Scan",
                      "Parent Relationship": "Outer",
                      "Parallel Aware": true,
                      "Relation Name": "cast_info",
                      "Alias": "ci",
                      "Startup Cost": 18983.08,
                      "Total Cost": 273461.09,
                      "Plan Rows": 143280,
                      "Plan Width": 4,
                      "Actual Startup Time": 40.474,
                      "Actual Total Time": 69.788,
                      "Actual Rows": 125645,
                      "Actual Loops": 7,
                      "Recheck Cond": "(person_id < 92467)",
                      "Rows Removed by Index Recheck": 0,
                      "Exact Heap Blocks": 1734,
                      "Lossy Heap Blocks": 0,
                      "Plans": [
                        {
                          "Node Type": "Bitmap Index Scan",
                          "Parent Relationship": "Outer",
                          "Parallel Aware": false,
                          "Index Name": "person_id_cast_info",
                          "Startup Cost": 0.0,
                          "Total Cost": 18768.16,
                          "Plan Rows": 859680,
                          "Plan Width": 0,
                          "Actual Startup Time": 39.001,
                          "Actual Total Time": 39.002,
                          "Actual Rows": 879514,
                          "Actual Loops": 1,
                          "Index Cond": "(person_id < 92467)"
                        }
                      ]
                    },
                    {
                      "Node Type": "Hash",
                      "Parent Relationship": "Inner",
                      "Parallel Aware": true,
                      "Startup Cost": 42319.06,
                      "Total Cost": 42319.06,
                      "Plan Rows": 632106,
                      "Plan Width": 4,
                      "Actual Startup Time": 261.288,
                      "Actual Total Time": 261.29,
                      "Actual Rows": 361187,
                      "Actual Loops": 7,
                      "Hash Buckets": 4194304,
                      "Original Hash Buckets": 4194304,
                      "Hash Batches": 1,
                      "Original Hash Batches": 1,
                      "Peak Memory Usage": 131776,
                      "Plans": [
                        {
                          "Node Type": "Seq Scan",
                          "Parent Relationship": "Outer",
                          "Parallel Aware": true,
                          "Relation Name": "title",
                          "Alias": "t",
                          "Startup Cost": 0.0,
                          "Total Cost": 42319.06,
                          "Plan Rows": 632106,
                          "Plan Width": 4,
                          "Actual Startup Time": 0.047,
                          "Actual Total Time": 79.203,
                          "Actual Rows": 361187,
                          "Actual Loops": 7
                        }
                      ]
                    }
                  ]
                }
              ]
            }
          ]
        }
      ]
    },
    "Planning Time": 0.35,
    "Triggers": [],
    "Execution Time": 479.398
  }
]