[
  {
    "Plan": {
      "Node Type": "Aggregate",
      "Strategy": "Plain",
      "Partial Mode": "Finalize",
      "Parallel Aware": false,
      "Startup Cost": 283062.4,
      "Total Cost": 283062.41,
      "Plan Rows": 1,
      "Plan Width": 8,
      "Actual Startup Time": 648.136,
      "Actual Total Time": 697.947,
      "Actual Rows": 1,
      "Actual Loops": 1,
      "Plans": [
        {
          "Node Type": "Gather",
          "Parent Relationship": "Outer",
          "Parallel Aware": false,
          "Startup Cost": 283061.87,
          "Total Cost": 283062.38,
          "Plan Rows": 5,
          "Plan Width": 8,
          "Actual Startup Time": 644.129,
          "Actual Total Time": 697.935,
          "Actual Rows": 6,
          "Actual Loops": 1,
          "Workers Planned": 5,
          "Workers Launched": 5,
          "Single Copy": false,
          "Plans": [
            {
              "Node Type": "Aggregate",
              "Strategy": "Plain",
              "Partial Mode": "Partial",
              "Parent Relationship": "Outer",
              "Parallel Aware": false,
              "Startup Cost": 282061.87,
              "Total Cost": 282061.88,
              "Plan Rows": 1,
              "Plan Width": 8,
              "Actual Startup Time": 633.536,
              "Actual Total Time": 633.598,
              "Actual Rows": 1,
              "Actual Loops": 6,
              "Plans": [
                {
                  "Node Type": "Hash Join",
                  "Parent Relationship": "Outer",
                  "Parallel Aware": true,
                  "Join Type": "Inner",
                  "Startup Cost": 80910.59,
                  "Total Cost": 281830.85,
                  "Plan Rows": 92409,
                  "Plan Width": 0,
                  "Actual Startup Time": 274.321,
                  "Actual Total Time": 627.252,
                  "Actual Rows": 138935,
                  "Actual Loops": 6,
                  "Inner Unique": false,
                  "Hash Cond": "(mi.movie_id = t.id)",
                  "Plans": [
                    {
                      "Node Type": "Seq Scan",
                      "Parent Relationship": "Outer",
                      "Parallel Aware": true,
                      "Relation Name": "movie_info",
                      "Alias": "mi",
                      "Startup Cost": 0.0,
                      "Total Cost": 198952.16,
                      "Plan Rows": 463221,
                      "Plan Width": 4,
                      "Actual Startup Time": 16.542,
                      "Actual Total Time": 302.271,
                      "Actual Rows": 372308,
                      "Actual Loops": 6,
                      "Filter": "(info_type_id > 16)",
                      "Rows Removed by Filter": 2100312
                    },
                    {
                      "Node Type": "Hash",
                      "Parent Relationship": "Inner",
                      "Parallel Aware": true,
                      "Startup Cost": 79334.43,
                      "Total Cost": 79334.43,
                      "Plan Rows": 126093,
                      "Plan Width": 8,
                      "Actual Startup Time": 255.082,
                      "Actual Total Time": 255.143,
                      "Actual Rows": 49428,
                      "Actual Loops": 6,
                      "Hash Buckets": 524288,
                      "Original Hash Buckets": 524288,
                      "Hash Batches": 1,
                      "Original Hash Batches": 1,
                      "Peak Memory Usage": 15840,
                      "Plans": [
                        {
                          "Node Type": "Hash Join",
                          "Parent Relationship": "Outer",
                          "Parallel Aware": true,
                          "Join Type": "Inner",
                          "Startup Cost": 33448.58,
                          "Total Cost": 79334.43,
                          "Plan Rows": 126093,
                          "Plan Width": 8,
                          "Actual Startup Time": 92.075,
                          "Actual Total Time": 236.337,
                          "Actual Rows": 49428,
                          "Actual Loops": 6,
                          "Inner Unique": false,
                          "Hash Cond": "(t.id = mc.movie_id)",
                          "Plans": [
                            {
                              "Node Type": "Seq Scan",
                              "Parent Relationship": "Outer",
                              "Parallel Aware": true,
                              "Relation Name": "title",
                              "Alias": "t",
                              "Startup Cost": 0.0,
                              "Total Cost": 42318.73,
                              "Plan Rows": 632073,
                              "Plan Width": 4,
                              "Actual Startup Time": 0.017,
                              "Actual Total Time": 61.083,
                              "Actual Rows": 421385,
                              "Actual Loops": 6
                            },
                            {
                              "Node Type": "Hash",
                              "Parent Relationship": "Inner",
                              "Parallel Aware": true,
                              "Startup Cost": 31414.82,
                              "Total Cost": 31414.82,
                              "Plan Rows": 162701,
                              "Plan Width": 4,
                              "Actual Startup Time": 90.717,
                              "Actual Total Time": 90.718,
                              "Actual Rows": 49428,
                              "Actual Loops": 6,
                              "Hash Buckets": 524288,
                              "Original Hash Buckets": 524288,
                              "Hash Batches": 1,
                              "Original Hash Batches": 1,
                              "Peak Memory Usage": 15776,
                              "Plans": [
                                {
                                  "Node Type": "Seq Scan",
                                  "Parent Relationship": "Outer",
                                  "Parallel Aware": true,
                                  "Relation Name": "movie_companies",
                                  "Alias": "mc",
                                  "Startup Cost": 0.0,
                                  "Total Cost": 31414.82,
                                  "Plan Rows": 162701,
                                  "Plan Width": 4,
                                  "Actual Startup Time": 44.668,
                                  "Actual Total Time": 68.537,
                                  "Actual Rows": 49428,
                                  "Actual Loops": 6,
                                  "Filter": "((company_id < 4595) AND (company_type_id > 1))",
                                  "Rows Removed by Filter": 385427
                                }
                              ]
                            }
                          ]
                        }
                      ]
                    }
                  ]
                }
              ]
            }
          ]
        }
      ]
    },
    "Planning Time": 1.492,
    "Triggers": [],
    "Execution Time": 698.043
  }
]