[
  {
    "Plan": {
      "Node Type": "Aggregate",
      "Strategy": "Plain",
      "Partial Mode": "Finalize",
      "Parallel Aware": false,
      "Startup Cost": 37435.43,
      "Total Cost": 37435.44,
      "Plan Rows": 1,
      "Plan Width": 8,
      "Actual Startup Time": 139.432,
      "Actual Total Time": 151.647,
      "Actual Rows": 1,
      "Actual Loops": 1,
      "Plans": [
        {
          "Node Type": "Gather",
          "Parent Relationship": "Outer",
          "Parallel Aware": false,
          "Startup Cost": 37435.11,
          "Total Cost": 37435.42,
          "Plan Rows": 3,
          "Plan Width": 8,
          "Actual Startup Time": 139.125,
          "Actual Total Time": 151.628,
          "Actual Rows": 4,
          "Actual Loops": 1,
          "Workers Planned": 3,
          "Workers Launched": 3,
          "Single Copy": false,
          "Plans": [
            {
              "Node Type": "Aggregate",
              "Strategy": "Plain",
              "Partial Mode": "Partial",
              "Parent Relationship": "Outer",
              "Parallel Aware": false,
              "Startup Cost": 36435.11,
              "Total Cost": 36435.12,
              "Plan Rows": 1,
              "Plan Width": 8,
              "Actual Startup Time": 133.836,
              "Actual Total Time": 133.841,
              "Actual Rows": 1,
              "Actual Loops": 4,
              "Plans": [
                {
                  "Node Type": "Bitmap Heap Scan",
                  "Parent Relationship": "Outer",
                  "Parallel Aware": true,
                  "Relation Name": "movie_keyword",
                  "Alias": "mk",
                  "Startup Cost": 9756.12,
                  "Total Cost": 36064.28,
                  "Plan Rows": 148333,
                  "Plan Width": 0,
                  "Actual Startup Time": 45.446,
                  "Actual Total Time": 126.62,
                  "Actual Rows": 115432,
                  "Actual Loops": 4,
                  "Recheck Cond": "(keyword_id < 349)",
                  "Rows Removed by Index Recheck": 0,
                  "Exact Heap Blocks": 10273,
                  "Lossy Heap Blocks": 0,
                  "Plans": [
                    {
                      "Node Type": "Bitmap Index Scan",
                      "Parent Relationship": "Outer",
                      "Parallel Aware": false,
                      "Index Name": "keyword_id_movie_keyword",
                      "Startup Cost": 0.0,
                      "Total Cost": 9641.17,
                      "Plan Rows": 459831,
                      "Plan Width": 0,
                      "Actual Startup Time": 46.115,
                      "Actual Total Time": 46.115,
                      "Actual Rows": 461727,
                      "Actual Loops": 1,
                      "Index Cond": "(keyword_id < 349)"
                    }
                  ]
                }
              ]
            }
          ]
        }
      ]
    },
    "Planning Time": 0.255,
    "Triggers": [],
    "Execution Time": 151.745
  }
]