[
  {
    "Plan": {
      "Node Type": "Aggregate",
      "Strategy": "Plain",
      "Partial Mode": "Finalize",
      "Parallel Aware": false,
      "Startup Cost": 91031.39,
      "Total Cost": 91031.4,
      "Plan Rows": 1,
      "Plan Width": 8,
      "Actual Startup Time": 298.499,
      "Actual Total Time": 315.407,
      "Actual Rows": 1,
      "Actual Loops": 1,
      "Plans": [
        {
          "Node Type": "Gather",
          "Parent Relationship": "Outer",
          "Parallel Aware": false,
          "Startup Cost": 91031.07,
          "Total Cost": 91031.38,
          "Plan Rows": 3,
          "Plan Width": 8,
          "Actual Startup Time": 296.223,
          "Actual Total Time": 315.397,
          "Actual Rows": 4,
          "Actual Loops": 1,
          "Workers Planned": 3,
          "Workers Launched": 3,
          "Single Copy": false,
          "Plans": [
            {
              "Node Type": "Aggregate",
              "Strategy": "Plain",
              "Partial Mode": "Partial",
              "Parent Relationship": "Outer",
              "Parallel Aware": false,
              "Startup Cost": 90031.07,
              "Total Cost": 90031.08,
              "Plan Rows": 1,
              "Plan Width": 8,
              "Actual Startup Time": 287.825,
              "Actual Total Time": 287.893,
              "Actual Rows": 1,
              "Actual Loops": 4,
              "Plans": [
                {
                  "Node Type": "Hash Join",
                  "Parent Relationship": "Outer",
                  "Parallel Aware": true,
                  "Join Type": "Inner",
                  "Startup Cost": 46152.52,
                  "Total Cost": 89942.32,
                  "Plan Rows": 35499,
                  "Plan Width": 0,
                  "Actual Startup Time": 137.738,
                  "Actual Total Time": 283.652,
                  "Actual Rows": 92887,
                  "Actual Loops": 4,
                  "Inner Unique": true,
                  "Hash Cond": "(mk.movie_id = t.id)",
                  "Plans": [
                    {
                      "Node Type": "Seq Scan",
                      "Parent Relationship": "Outer",
                      "Parallel Aware": true,
                      "Relation Name": "movie_keyword",
                      "Alias": "mk",
                      "Startup Cost": 0.0,
                      "Total Cost": 42695.65,
                      "Plan Rows": 416817,
                      "Plan Width": 4,
                      "Actual Startup Time": 0.031,
                      "Actual Total Time": 97.024,
                      "Actual Rows": 324260,
                      "Actual Loops": 4,
                      "Filter": "(keyword_id < 1684)",
                      "Rows Removed by Filter": 806722
                    },
                    {
                      "Node Type": "Hash",
                      "Parent Relationship": "Inner",
                      "Parallel Aware": true,
                      "Startup Cost": 45479.59,
                      "Total Cost": 45479.59,
                      "Plan Rows": 53835,
                      "Plan Width": 4,
                      "Actual Startup Time": 136.544,
                      "Actual Total Time": 136.545,
                      "Actual Rows": 83635,
                      "Actual Loops": 4,
                      "Hash Buckets": 524288,
                      "Original Hash Buckets": 262144,
                      "Hash Batches": 1,
                      "Original Hash Batches": 1,
                      "Peak Memory Usage": 19296,
                      "Plans": [
                        {
                          "Node Type": "Seq Scan",
                          "Parent Relationship": "Outer",
                          "Parallel Aware": true,
                          "Relation Name": "title",
                          "Alias": "t",
                          "Startup Cost": 0.0,
                          "Total Cost": 45479.59,
                          "Plan Rows": 53835,
                          "Plan Width": 4,
                          "Actual Startup Time": 0.056,
                          "Actual Total Time": 99.906,
                          "Actual Rows": 83635,
                          "Actual Loops": 4,
                          "Filter": "((kind_id < 7) AND (production_year < 1984))",
                          "Rows Removed by Filter": 548443
                        }
                      ]
                    }
                  ]
                }
              ]
            }
          ]
        }
      ]
    },
    "Planning Time": 0.236,
    "Triggers": [],
    "Execution Time": 315.438
  }
]