{
  "Plan": {
    "Node Type": "Aggregate",
    "Strategy": "Plain",
    "Partial Mode": "Finalize",
    "Parallel Aware": false,
    "Startup Cost": 400634.38,
    "Total Cost": 400634.39,
    "Plan Rows": 1,
    "Plan Width": 8,
    "Actual Startup Time": 3329.127,
    "Actual Total Time": 3378.756,
    "Actual Rows": 1,
    "Actual Loops": 1,
    "Plans": [
      {
        "Node Type": "Gather",
        "Parent Relationship": "Outer",
        "Parallel Aware": false,
        "Startup Cost": 400634.27,
        "Total Cost": 400634.38,
        "Plan Rows": 1,
        "Plan Width": 8,
        "Actual Startup Time": 3322.34,
        "Actual Total Time": 3378.748,
        "Actual Rows": 2,
        "Actual Loops": 1,
        "Workers Planned": 1,
        "Workers Launched": 1,
        "Single Copy": false,
        "Plans": [
          {
            "Node Type": "Aggregate",
            "Strategy": "Plain",
            "Partial Mode": "Partial",
            "Parent Relationship": "Outer",
            "Parallel Aware": false,
            "Startup Cost": 399634.27,
            "Total Cost": 399634.28,
            "Plan Rows": 1,
            "Plan Width": 8,
            "Actual Startup Time": 3315.14,
            "Actual Total Time": 3315.146,
            "Actual Rows": 1,
            "Actual Loops": 2,
            "Plans": [
              {
                "Node Type": "Hash Join",
                "Parent Relationship": "Outer",
                "Parallel Aware": true,
                "Join Type": "Inner",
                "Startup Cost": 328810.62,
                "Total Cost": 398967.66,
                "Plan Rows": 266641,
                "Plan Width": 0,
                "Actual Startup Time": 2143.126,
                "Actual Total Time": 2985.944,
                "Actual Rows": 8489548,
                "Actual Loops": 2,
                "Inner Unique": false,
                "Hash Cond": "(mk.movie_id = t.id)",
                "Plans": [
                  {
                    "Node Type": "Seq Scan",
                    "Parent Relationship": "Outer",
                    "Parallel Aware": true,
                    "Relation Name": "movie_keyword",
                    "Alias": "mk",
                    "Startup Cost": 0.0,
                    "Total Cost": 57718.19,
                    "Plan Rows": 1739260,
                    "Plan Width": 4,
                    "Actual Startup Time": 0.016,
                    "Actual Total Time": 186.383,
                    "Actual Rows": 1474146,
                    "Actual Loops": 2,
                    "Filter": "(keyword_id < 9920)",
                    "Rows Removed by Filter": 787819
                  },
                  {
                    "Node Type": "Hash",
                    "Parent Relationship": "Inner",
                    "Parallel Aware": true,
                    "Startup Cost": 325960.58,
                    "Total Cost": 325960.58,
                    "Plan Rows": 228003,
                    "Plan Width": 8,
                    "Actual Startup Time": 2073.087,
                    "Actual Total Time": 2073.092,
                    "Actual Rows": 1172120,
                    "Actual Loops": 2,
                    "Hash Buckets": 4194304,
                    "Original Hash Buckets": 524288,
                    "Hash Batches": 1,
                    "Original Hash Batches": 1,
                    "Peak Memory Usage": 153184,
                    "Plans": [
                      {
                        "Node Type": "Hash Join",
                        "Parent Relationship": "Outer",
                        "Parallel Aware": true,
                        "Join Type": "Inner",
                        "Startup Cost": 54177.09,
                        "Total Cost": 325960.58,
                        "Plan Rows": 228003,
                        "Plan Width": 8,
                        "Actual Startup Time": 141.75,
                        "Actual Total Time": 1723.359,
                        "Actual Rows": 1172120,
                        "Actual Loops": 2,
                        "Inner Unique": true,
                        "Hash Cond": "(mi.movie_id = t.id)",
                        "Plans": [
                          {
                            "Node Type": "Seq Scan",
                            "Parent Relationship": "Outer",
                            "Parallel Aware": true,
                            "Relation Name": "movie_info",
                            "Alias": "mi",
                            "Startup Cost": 0.0,
                            "Total Cost": 248955.74,
                            "Plan Rows": 8696274,
                            "Plan Width": 4,
                            "Actual Startup Time": 0.011,
                            "Actual Total Time": 615.766,
                            "Actual Rows": 7417860,
                            "Actual Loops": 2
                          },
                          {
                            "Node Type": "Hash",
                            "Parent Relationship": "Inner",
                            "Parallel Aware": true,
                            "Startup Cost": 53689.68,
                            "Total Cost": 53689.68,
                            "Plan Rows": 38993,
                            "Plan Width": 4,
                            "Actual Startup Time": 118.906,
                            "Actual Total Time": 118.907,
                            "Actual Rows": 97804,
                            "Actual Loops": 2,
                            "Hash Buckets": 262144,
                            "Original Hash Buckets": 131072,
                            "Hash Batches": 1,
                            "Original Hash Batches": 1,
                            "Peak Memory Usage": 10752,
                            "Plans": [
                              {
                                "Node Type": "Bitmap Heap Scan",
                                "Parent Relationship": "Outer",
                                "Parallel Aware": true,
                                "Relation Name": "title",
                                "Alias": "t",
                                "Startup Cost": 11839.42,
                                "Total Cost": 53689.68,
                                "Plan Rows": 38993,
                                "Plan Width": 4,
                                "Actual Startup Time": 33.774,
                                "Actual Total Time": 95.52,
                                "Actual Rows": 97804,
                                "Actual Loops": 2,
                                "Recheck Cond": "(kind_id = 1)",
                                "Rows Removed by Index Recheck": 0,
                                "Filter": "(production_year < 1962)",
                                "Rows Removed by Filter": 233608,
                                "Exact Heap Blocks": 8559,
                                "Lossy Heap Blocks": 0,
                                "Plans": [
                                  {
                                    "Node Type": "Bitmap Index Scan",
                                    "Parent Relationship": "Outer",
                                    "Parallel Aware": false,
                                    "Index Name": "kind_id_title",
                                    "Startup Cost": 0.0,
                                    "Total Cost": 11822.85,
                                    "Plan Rows": 663256,
                                    "Plan Width": 0,
                                    "Actual Startup Time": 31.938,
                                    "Actual Total Time": 31.938,
                                    "Actual Rows": 662825,
                                    "Actual Loops": 1,
                                    "Index Cond": "(kind_id = 1)"
                                  }
                                ]
                              }
                            ]
                          }
                        ]
                      }
                    ]
                  }
                ]
              }
            ]
          }
        ]
      }
    ]
  },
  "Planning Time": 0.972,
  "Triggers": [],
  "Execution Time": 3378.863
}