{
  "Plan": {
    "Node Type": "Aggregate",
    "Strategy": "Plain",
    "Partial Mode": "Finalize",
    "Parallel Aware": false,
    "Startup Cost": 593009.69,
    "Total Cost": 593009.7,
    "Plan Rows": 1,
    "Plan Width": 8,
    "Actual Startup Time": 2313.325,
    "Actual Total Time": 2347.09,
    "Actual Rows": 1,
    "Actual Loops": 1,
    "Plans": [
      {
        "Node Type": "Gather",
        "Parent Relationship": "Outer",
        "Parallel Aware": false,
        "Startup Cost": 593009.58,
        "Total Cost": 593009.69,
        "Plan Rows": 1,
        "Plan Width": 8,
        "Actual Startup Time": 2311.039,
        "Actual Total Time": 2347.083,
        "Actual Rows": 2,
        "Actual Loops": 1,
        "Workers Planned": 1,
        "Workers Launched": 1,
        "Single Copy": false,
        "Plans": [
          {
            "Node Type": "Aggregate",
            "Strategy": "Plain",
            "Partial Mode": "Partial",
            "Parent Relationship": "Outer",
            "Parallel Aware": false,
            "Startup Cost": 592009.58,
            "Total Cost": 592009.59,
            "Plan Rows": 1,
            "Plan Width": 8,
            "Actual Startup Time": 2304.392,
            "Actual Total Time": 2304.397,
            "Actual Rows": 1,
            "Actual Loops": 2,
            "Plans": [
              {
                "Node Type": "Hash Join",
                "Parent Relationship": "Outer",
                "Parallel Aware": true,
                "Join Type": "Inner",
                "Startup Cost": 285434.24,
                "Total Cost": 590604.25,
                "Plan Rows": 562132,
                "Plan Width": 0,
                "Actual Startup Time": 1321.03,
                "Actual Total Time": 2236.742,
                "Actual Rows": 1690417,
                "Actual Loops": 2,
                "Inner Unique": false,
                "Hash Cond": "(ci.movie_id = t.id)",
                "Plans": [
                  {
                    "Node Type": "Bitmap Heap Scan",
                    "Parent Relationship": "Outer",
                    "Parallel Aware": true,
                    "Relation Name": "cast_info",
                    "Alias": "ci",
                    "Startup Cost": 113627.22,
                    "Total Cost": 404142.17,
                    "Plan Rows": 3026236,
                    "Plan Width": 4,
                    "Actual Startup Time": 189.879,
                    "Actual Total Time": 466.578,
                    "Actual Rows": 2655690,
                    "Actual Loops": 2,
                    "Recheck Cond": "(person_id < 513347)",
                    "Rows Removed by Index Recheck": 0,
                    "Exact Heap Blocks": 29330,
                    "Lossy Heap Blocks": 0,
                    "Plans": [
                      {
                        "Node Type": "Bitmap Index Scan",
                        "Parent Relationship": "Outer",
                        "Parallel Aware": false,
                        "Index Name": "person_id_cast_info",
                        "Startup Cost": 0.0,
                        "Total Cost": 112341.07,
                        "Plan Rows": 5144601,
                        "Plan Width": 0,
                        "Actual Startup Time": 180.247,
                        "Actual Total Time": 180.248,
                        "Actual Rows": 5311379,
                        "Actual Loops": 1,
                        "Index Cond": "(person_id < 513347)"
                      }
                    ]
                  },
                  {
                    "Node Type": "Hash",
                    "Parent Relationship": "Inner",
                    "Parallel Aware": true,
                    "Startup Cost": 168353.8,
                    "Total Cost": 168353.8,
                    "Plan Rows": 276258,
                    "Plan Width": 8,
                    "Actual Startup Time": 1125.584,
                    "Actual Total Time": 1125.586,
                    "Actual Rows": 409959,
                    "Actual Loops": 2,
                    "Hash Buckets": 1048576,
                    "Original Hash Buckets": 524288,
                    "Hash Batches": 1,
                    "Original Hash Batches": 1,
                    "Peak Memory Usage": 44384,
                    "Plans": [
                      {
                        "Node Type": "Merge Join",
                        "Parent Relationship": "Outer",
                        "Parallel Aware": false,
                        "Join Type": "Inner",
                        "Startup Cost": 3.0,
                        "Total Cost": 168353.8,
                        "Plan Rows": 276258,
                        "Plan Width": 8,
                        "Actual Startup Time": 0.569,
                        "Actual Total Time": 1026.675,
                        "Actual Rows": 409959,
                        "Actual Loops": 2,
                        "Inner Unique": false,
                        "Merge Cond": "(t.id = mi_idx.movie_id)",
                        "Plans": [
                          {
                            "Node Type": "Index Scan",
                            "Parent Relationship": "Outer",
                            "Parallel Aware": true,
                            "Scan Direction": "Forward",
                            "Index Name": "title_pkey",
                            "Relation Name": "title",
                            "Alias": "t",
                            "Startup Cost": 0.43,
                            "Total Cost": 107365.5,
                            "Plan Rows": 506118,
                            "Plan Width": 4,
                            "Actual Startup Time": 0.126,
                            "Actual Total Time": 651.805,
                            "Actual Rows": 384493,
                            "Actual Loops": 2,
                            "Filter": "((kind_id < 7) AND (production_year > 1962))",
                            "Rows Removed by Filter": 878459
                          },
                          {
                            "Node Type": "Index Only Scan",
                            "Parent Relationship": "Inner",
                            "Parallel Aware": false,
                            "Scan Direction": "Forward",
                            "Index Name": "movie_id_movie_info_idx",
                            "Relation Name": "movie_info_idx",
                            "Alias": "mi_idx",
                            "Startup Cost": 0.43,
                            "Total Cost": 53620.22,
                            "Plan Rows": 1380035,
                            "Plan Width": 4,
                            "Actual Startup Time": 0.151,
                            "Actual Total Time": 261.154,
                            "Actual Rows": 1380035,
                            "Actual Loops": 2,
                            "Heap Fetches": 2760070
                          }
                        ]
                      }
                    ]
                  }
                ]
              }
            ]
          }
        ]
      }
    ]
  },
  "Planning Time": 1.063,
  "Triggers": [],
  "Execution Time": 2347.204
}