[
  {
    "Plan": {
      "Node Type": "Aggregate",
      "Strategy": "Plain",
      "Partial Mode": "Finalize",
      "Parallel Aware": false,
      "Startup Cost": 32627.96,
      "Total Cost": 32627.97,
      "Plan Rows": 1,
      "Plan Width": 8,
      "Actual Startup Time": 71.897,
      "Actual Total Time": 80.0,
      "Actual Rows": 1,
      "Actual Loops": 1,
      "Plans": [
        {
          "Node Type": "Gather",
          "Parent Relationship": "Outer",
          "Parallel Aware": false,
          "Startup Cost": 32627.64,
          "Total Cost": 32627.95,
          "Plan Rows": 3,
          "Plan Width": 8,
          "Actual Startup Time": 71.792,
          "Actual Total Time": 79.992,
          "Actual Rows": 4,
          "Actual Loops": 1,
          "Workers Planned": 3,
          "Workers Launched": 3,
          "Single Copy": false,
          "Plans": [
            {
              "Node Type": "Aggregate",
              "Strategy": "Plain",
              "Partial Mode": "Partial",
              "Parent Relationship": "Outer",
              "Parallel Aware": false,
              "Startup Cost": 31627.64,
              "Total Cost": 31627.65,
              "Plan Rows": 1,
              "Plan Width": 8,
              "Actual Startup Time": 68.011,
              "Actual Total Time": 68.012,
              "Actual Rows": 1,
              "Actual Loops": 4,
              "Plans": [
                {
                  "Node Type": "Seq Scan",
                  "Parent Relationship": "Outer",
                  "Parallel Aware": true,
                  "Relation Name": "movie_companies",
                  "Alias": "mc",
                  "Startup Cost": 0.0,
                  "Total Cost": 31414.82,
                  "Plan Rows": 85128,
                  "Plan Width": 0,
                  "Actual Startup Time": 37.306,
                  "Actual Total Time": 66.341,
                  "Actual Rows": 34183,
                  "Actual Loops": 4,
                  "Filter": "((company_id < 467) AND (company_type_id > 1))",
                  "Rows Removed by Filter": 618100
                }
              ]
            }
          ]
        }
      ]
    },
    "Planning Time": 0.22,
    "Triggers": [],
    "Execution Time": 80.055
  }
]