[
  {
    "Plan": {
      "Node Type": "Aggregate",
      "Strategy": "Plain",
      "Partial Mode": "Finalize",
      "Parallel Aware": false,
      "Startup Cost": 338583.98,
      "Total Cost": 338583.99,
      "Plan Rows": 1,
      "Plan Width": 8,
      "Actual Startup Time": 807.018,
      "Actual Total Time": 863.363,
      "Actual Rows": 1,
      "Actual Loops": 1,
      "Plans": [
        {
          "Node Type": "Gather",
          "Parent Relationship": "Outer",
          "Parallel Aware": false,
          "Startup Cost": 338583.36,
          "Total Cost": 338583.97,
          "Plan Rows": 6,
          "Plan Width": 8,
          "Actual Startup Time": 806.878,
          "Actual Total Time": 863.352,
          "Actual Rows": 7,
          "Actual Loops": 1,
          "Workers Planned": 6,
          "Workers Launched": 6,
          "Single Copy": false,
          "Plans": [
            {
              "Node Type": "Aggregate",
              "Strategy": "Plain",
              "Partial Mode": "Partial",
              "Parent Relationship": "Outer",
              "Parallel Aware": false,
              "Startup Cost": 337583.36,
              "Total Cost": 337583.37,
              "Plan Rows": 1,
              "Plan Width": 8,
              "Actual Startup Time": 798.304,
              "Actual Total Time": 798.305,
              "Actual Rows": 1,
              "Actual Loops": 7,
              "Plans": [
                {
                  "Node Type": "Seq Scan",
                  "Parent Relationship": "Outer",
                  "Parallel Aware": true,
                  "Relation Name": "cast_info",
                  "Alias": "ci",
                  "Startup Cost": 0.0,
                  "Total Cost": 328162.03,
                  "Plan Rows": 3768533,
                  "Plan Width": 0,
                  "Actual Startup Time": 0.056,
                  "Actual Total Time": 647.114,
                  "Actual Rows": 3235927,
                  "Actual Loops": 7,
                  "Filter": "(person_id < 2312135)",
                  "Rows Removed by Filter": 1941837
                }
              ]
            }
          ]
        }
      ]
    },
    "Planning Time": 0.166,
    "Triggers": [],
    "Execution Time": 863.425
  }
]