{
  "Plan": {
    "Node Type": "Aggregate",
    "Strategy": "Plain",
    "Partial Mode": "Finalize",
    "Parallel Aware": false,
    "Startup Cost": 389096.01,
    "Total Cost": 389096.02,
    "Plan Rows": 1,
    "Plan Width": 8,
    "Actual Startup Time": 595.25,
    "Actual Total Time": 615.784,
    "Actual Rows": 1,
    "Actual Loops": 1,
    "Plans": [
      {
        "Node Type": "Gather",
        "Parent Relationship": "Outer",
        "Parallel Aware": false,
        "Startup Cost": 389095.9,
        "Total Cost": 389096.01,
        "Plan Rows": 1,
        "Plan Width": 8,
        "Actual Startup Time": 594.681,
        "Actual Total Time": 615.776,
        "Actual Rows": 2,
        "Actual Loops": 1,
        "Workers Planned": 1,
        "Workers Launched": 1,
        "Single Copy": false,
        "Plans": [
          {
            "Node Type": "Aggregate",
            "Strategy": "Plain",
            "Partial Mode": "Partial",
            "Parent Relationship": "Outer",
            "Parallel Aware": false,
            "Startup Cost": 388095.9,
            "Total Cost": 388095.91,
            "Plan Rows": 1,
            "Plan Width": 8,
            "Actual Startup Time": 590.302,
            "Actual Total Time": 590.306,
            "Actual Rows": 1,
            "Actual Loops": 2,
            "Plans": [
              {
                "Node Type": "Hash Join",
                "Parent Relationship": "Outer",
                "Parallel Aware": true,
                "Join Type": "Inner",
                "Startup Cost": 112290.64,
                "Total Cost": 387967.59,
                "Plan Rows": 51325,
                "Plan Width": 0,
                "Actual Startup Time": 250.972,
                "Actual Total Time": 587.841,
                "Actual Rows": 41704,
                "Actual Loops": 2,
                "Inner Unique": true,
                "Hash Cond": "(ci.movie_id = t.id)",
                "Plans": [
                  {
                    "Node Type": "Bitmap Heap Scan",
                    "Parent Relationship": "Outer",
                    "Parallel Aware": true,
                    "Relation Name": "cast_info",
                    "Alias": "ci",
                    "Startup Cost": 57074.51,
                    "Total Cost": 328761.46,
                    "Plan Rows": 1519996,
                    "Plan Width": 4,
                    "Actual Startup Time": 87.257,
                    "Actual Total Time": 242.686,
                    "Actual Rows": 1316084,
                    "Actual Loops": 2,
                    "Recheck Cond": "(person_id < 252881)",
                    "Rows Removed by Index Recheck": 0,
                    "Exact Heap Blocks": 18608,
                    "Lossy Heap Blocks": 0,
                    "Plans": [
                      {
                        "Node Type": "Bitmap Index Scan",
                        "Parent Relationship": "Outer",
                        "Parallel Aware": false,
                        "Index Name": "person_id_cast_info",
                        "Startup Cost": 0.0,
                        "Total Cost": 56428.51,
                        "Plan Rows": 2583993,
                        "Plan Width": 0,
                        "Actual Startup Time": 83.137,
                        "Actual Total Time": 83.138,
                        "Actual Rows": 2632167,
                        "Actual Loops": 1,
                        "Index Cond": "(person_id < 252881)"
                      }
                    ]
                  },
                  {
                    "Node Type": "Hash",
                    "Parent Relationship": "Inner",
                    "Parallel Aware": true,
                    "Startup Cost": 54588.39,
                    "Total Cost": 54588.39,
                    "Plan Rows": 50219,
                    "Plan Width": 4,
                    "Actual Startup Time": 161.772,
                    "Actual Total Time": 161.773,
                    "Actual Rows": 42296,
                    "Actual Loops": 2,
                    "Hash Buckets": 131072,
                    "Original Hash Buckets": 131072,
                    "Hash Batches": 1,
                    "Original Hash Batches": 1,
                    "Peak Memory Usage": 4352,
                    "Plans": [
                      {
                        "Node Type": "Seq Scan",
                        "Parent Relationship": "Outer",
                        "Parallel Aware": true,
                        "Relation Name": "title",
                        "Alias": "t",
                        "Startup Cost": 0.0,
                        "Total Cost": 54588.39,
                        "Plan Rows": 50219,
                        "Plan Width": 4,
                        "Actual Startup Time": 0.031,
                        "Actual Total Time": 148.458,
                        "Actual Rows": 42296,
                        "Actual Loops": 2,
                        "Filter": "(production_year = 2004)",
                        "Rows Removed by Filter": 1221860
                      }
                    ]
                  }
                ]
              }
            ]
          }
        ]
      }
    ]
  },
  "Planning Time": 0.296,
  "Triggers": [],
  "Execution Time": 615.849
}