[
  {
    "Plan": {
      "Node Type": "Aggregate",
      "Strategy": "Plain",
      "Partial Mode": "Finalize",
      "Parallel Aware": false,
      "Startup Cost": 347273.57,
      "Total Cost": 347273.58,
      "Plan Rows": 1,
      "Plan Width": 8,
      "Actual Startup Time": 1348.815,
      "Actual Total Time": 1428.261,
      "Actual Rows": 1,
      "Actual Loops": 1,
      "Plans": [
        {
          "Node Type": "Gather",
          "Parent Relationship": "Outer",
          "Parallel Aware": false,
          "Startup Cost": 347273.15,
          "Total Cost": 347273.56,
          "Plan Rows": 4,
          "Plan Width": 8,
          "Actual Startup Time": 1186.631,
          "Actual Total Time": 1428.243,
          "Actual Rows": 5,
          "Actual Loops": 1,
          "Workers Planned": 4,
          "Workers Launched": 4,
          "Single Copy": false,
          "Plans": [
            {
              "Node Type": "Aggregate",
              "Strategy": "Plain",
              "Partial Mode": "Partial",
              "Parent Relationship": "Outer",
              "Parallel Aware": false,
              "Startup Cost": 346273.15,
              "Total Cost": 346273.16,
              "Plan Rows": 1,
              "Plan Width": 8,
              "Actual Startup Time": 1240.995,
              "Actual Total Time": 1240.999,
              "Actual Rows": 1,
              "Actual Loops": 5,
              "Plans": [
                {
                  "Node Type": "Nested Loop",
                  "Parent Relationship": "Outer",
                  "Parallel Aware": false,
                  "Join Type": "Inner",
                  "Startup Cost": 3.25,
                  "Total Cost": 344234.83,
                  "Plan Rows": 815327,
                  "Plan Width": 0,
                  "Actual Startup Time": 4.052,
                  "Actual Total Time": 1202.494,
                  "Actual Rows": 874925,
                  "Actual Loops": 5,
                  "Inner Unique": false,
                  "Join Filter": "(t.id = ci.movie_id)",
                  "Rows Removed by Join Filter": 0,
                  "Plans": [
                    {
                      "Node Type": "Merge Join",
                      "Parent Relationship": "Outer",
                      "Parallel Aware": false,
                      "Join Type": "Inner",
                      "Startup Cost": 2.69,
                      "Total Cost": 154783.73,
                      "Plan Rows": 56900,
                      "Plan Width": 8,
                      "Actual Startup Time": 3.855,
                      "Actual Total Time": 512.206,
                      "Actual Rows": 20752,
                      "Actual Loops": 5,
                      "Inner Unique": false,
                      "Merge Cond": "(t.id = mi_idx.movie_id)",
                      "Plans": [
                        {
                          "Node Type": "Index Scan",
                          "Parent Relationship": "Outer",
                          "Parallel Aware": true,
                          "Scan Direction": "Forward",
                          "Index Name": "title_pkey",
                          "Relation Name": "title",
                          "Alias": "t",
                          "Startup Cost": 0.43,
                          "Total Cost": 94538.14,
                          "Plan Rows": 155457,
                          "Plan Width": 4,
                          "Actual Startup Time": 0.1,
                          "Actual Total Time": 338.889,
                          "Actual Rows": 135384,
                          "Actual Loops": 5,
                          "Filter": "((production_year > 2005) AND (kind_id = 7))",
                          "Rows Removed by Filter": 370188
                        },
                        {
                          "Node Type": "Index Scan",
                          "Parent Relationship": "Inner",
                          "Parallel Aware": false,
                          "Scan Direction": "Forward",
                          "Index Name": "movie_id_movie_info_idx",
                          "Relation Name": "movie_info_idx",
                          "Alias": "mi_idx",
                          "Startup Cost": 0.43,
                          "Total Cost": 57070.31,
                          "Plan Rows": 925405,
                          "Plan Width": 4,
                          "Actual Startup Time": 0.161,
                          "Actual Total Time": 138.463,
                          "Actual Rows": 583480,
                          "Actual Loops": 5,
                          "Filter": "(info_type_id > 99)",
                          "Rows Removed by Filter": 291688
                        }
                      ]
                    },
                    {
                      "Node Type": "Index Only Scan",
                      "Parent Relationship": "Inner",
                      "Parallel Aware": false,
                      "Scan Direction": "Forward",
                      "Index Name": "movie_id_cast_info",
                      "Relation Name": "cast_info",
                      "Alias": "ci",
                      "Startup Cost": 0.56,
                      "Total Cost": 2.87,
                      "Plan Rows": 37,
                      "Plan Width": 4,
                      "Actual Startup Time": 0.004,
                      "Actual Total Time": 0.029,
                      "Actual Rows": 42,
                      "Actual Loops": 103758,
                      "Index Cond": "(movie_id = mi_idx.movie_id)",
                      "Rows Removed by Index Recheck": 0,
                      "Heap Fetches": 4374626
                    }
                  ]
                }
              ]
            }
          ]
        }
      ]
    },
    "Planning Time": 1.395,
    "Triggers": [],
    "Execution Time": 1428.413
  }
]