[
  {
    "Bao": {
      "Bao prediction": 586.452,
      "Bao recommended hint": "SET enable_nestloop TO off; SET enable_mergejoin TO off; SET enable_indexscan TO off; "
    }
  },
  {
    "Plan": {
      "Node Type": "Aggregate",
      "Strategy": "Plain",
      "Partial Mode": "Simple",
      "Parallel Aware": false,
      "Startup Cost": 339677.81,
      "Total Cost": 339677.82,
      "Plan Rows": 1,
      "Plan Width": 64,
      "Actual Startup Time": 1481.567,
      "Actual Total Time": 1558.066,
      "Actual Rows": 1,
      "Actual Loops": 1,
      "Plans": [
        {
          "Node Type": "Hash Join",
          "Parent Relationship": "Outer",
          "Parallel Aware": false,
          "Join Type": "Inner",
          "Startup Cost": 110679.45,
          "Total Cost": 339677.8,
          "Plan Rows": 1,
          "Plan Width": 23,
          "Actual Startup Time": 1481.294,
          "Actual Total Time": 1558.049,
          "Actual Rows": 1,
          "Actual Loops": 1,
          "Inner Unique": true,
          "Hash Cond": "(t.kind_id = kt.id)",
          "Plans": [
            {
              "Node Type": "Gather",
              "Parent Relationship": "Outer",
              "Parallel Aware": false,
              "Startup Cost": 110678.35,
              "Total Cost": 339676.7,
              "Plan Rows": 1,
              "Plan Width": 27,
              "Actual Startup Time": 1268.946,
              "Actual Total Time": 1557.894,
              "Actual Rows": 2,
              "Actual Loops": 1,
              "Workers Planned": 5,
              "Workers Launched": 5,
              "Single Copy": false,
              "Plans": [
                {
                  "Node Type": "Hash Join",
                  "Parent Relationship": "Outer",
                  "Parallel Aware": true,
                  "Join Type": "Inner",
                  "Startup Cost": 109678.35,
                  "Total Cost": 338676.6,
                  "Plan Rows": 1,
                  "Plan Width": 27,
                  "Actual Startup Time": 1409.089,
                  "Actual Total Time": 1467.506,
                  "Actual Rows": 0,
                  "Actual Loops": 6,
                  "Inner Unique": false,
                  "Hash Cond": "(mi.movie_id = t.id)",
                  "Plans": [
                    {
                      "Node Type": "Hash Join",
                      "Parent Relationship": "Outer",
                      "Parallel Aware": false,
                      "Join Type": "Inner",
                      "Startup Cost": 2.43,
                      "Total Cost": 228996.68,
                      "Plan Rows": 1062,
                      "Plan Width": 4,
                      "Actual Startup Time": 837.637,
                      "Actual Total Time": 1042.438,
                      "Actual Rows": 102375,
                      "Actual Loops": 6,
                      "Inner Unique": true,
                      "Hash Cond": "(mi.info_type_id = it1.id)",
                      "Plans": [
                        {
                          "Node Type": "Seq Scan",
                          "Parent Relationship": "Outer",
                          "Parallel Aware": true,
                          "Relation Name": "movie_info",
                          "Alias": "mi",
                          "Startup Cost": 0.0,
                          "Total Cost": 228667.57,
                          "Plan Rows": 119950,
                          "Plan Width": 8,
                          "Actual Startup Time": 0.441,
                          "Actual Total Time": 1020.788,
                          "Actual Rows": 117779,
                          "Actual Loops": 6,
                          "Filter": "(info = ANY ('{Sweden,Norway,Germany,Denmark,Swedish,Denish,Norwegian,German,USA,American}'::text[]))",
                          "Rows Removed by Filter": 2354841
                        },
                        {
                          "Node Type": "Hash",
                          "Parent Relationship": "Inner",
                          "Parallel Aware": false,
                          "Startup Cost": 2.41,
                          "Total Cost": 2.41,
                          "Plan Rows": 1,
                          "Plan Width": 4,
                          "Actual Startup Time": 0.038,
                          "Actual Total Time": 0.039,
                          "Actual Rows": 1,
                          "Actual Loops": 6,
                          "Hash Buckets": 1024,
                          "Original Hash Buckets": 1024,
                          "Hash Batches": 1,
                          "Original Hash Batches": 1,
                          "Peak Memory Usage": 9,
                          "Plans": [
                            {
                              "Node Type": "Seq Scan",
                              "Parent Relationship": "Outer",
                              "Parallel Aware": false,
                              "Relation Name": "info_type",
                              "Alias": "it1",
                              "Startup Cost": 0.0,
                              "Total Cost": 2.41,
                              "Plan Rows": 1,
                              "Plan Width": 4,
                              "Actual Startup Time": 0.017,
                              "Actual Total Time": 0.026,
                              "Actual Rows": 1,
                              "Actual Loops": 6,
                              "Filter": "((info)::text = 'countries'::text)",
                              "Rows Removed by Filter": 112
                            }
                          ]
                        }
                      ]
                    },
                    {
                      "Node Type": "Hash",
                      "Parent Relationship": "Inner",
                      "Parallel Aware": true,
                      "Startup Cost": 109675.92,
                      "Total Cost": 109675.92,
                      "Plan Rows": 1,
                      "Plan Width": 39,
                      "Actual Startup Time": 414.26,
                      "Actual Total Time": 414.279,
                      "Actual Rows": 0,
                      "Actual Loops": 6,
                      "Hash Buckets": 1024,
                      "Original Hash Buckets": 1024,
                      "Hash Batches": 1,
                      "Original Hash Batches": 1,
                      "Peak Memory Usage": 72,
                      "Plans": [
                        {
                          "Node Type": "Hash Join",
                          "Parent Relationship": "Outer",
                          "Parallel Aware": true,
                          "Join Type": "Inner",
                          "Startup Cost": 66797.63,
                          "Total Cost": 109675.92,
                          "Plan Rows": 1,
                          "Plan Width": 39,
                          "Actual Startup Time": 371.803,
                          "Actual Total Time": 414.025,
                          "Actual Rows": 0,
                          "Actual Loops": 6,
                          "Inner Unique": false,
                          "Hash Cond": "(mk.movie_id = t.id)",
                          "Plans": [
                            {
                              "Node Type": "Hash Join",
                              "Parent Relationship": "Outer",
                              "Parallel Aware": false,
                              "Join Type": "Inner",
                              "Startup Cost": 2626.15,
                              "Total Cost": 45504.34,
                              "Plan Rows": 22,
                              "Plan Width": 4,
                              "Actual Startup Time": 30.696,
                              "Actual Total Time": 216.446,
                              "Actual Rows": 3255,
                              "Actual Loops": 6,
                              "Inner Unique": true,
                              "Hash Cond": "(mk.keyword_id = k.id)",
                              "Plans": [
                                {
                                  "Node Type": "Seq Scan",
                                  "Parent Relationship": "Outer",
                                  "Parallel Aware": true,
                                  "Relation Name": "movie_keyword",
                                  "Alias": "mk",
                                  "Startup Cost": 0.0,
                                  "Total Cost": 39047.32,
                                  "Plan Rows": 1459332,
                                  "Plan Width": 8,
                                  "Actual Startup Time": 0.03,
                                  "Actual Total Time": 109.679,
                                  "Actual Rows": 753988,
                                  "Actual Loops": 6
                                },
                                {
                                  "Node Type": "Hash",
                                  "Parent Relationship": "Inner",
                                  "Parallel Aware": false,
                                  "Startup Cost": 2626.12,
                                  "Total Cost": 2626.12,
                                  "Plan Rows": 2,
                                  "Plan Width": 4,
                                  "Actual Startup Time": 30.444,
                                  "Actual Total Time": 30.445,
                                  "Actual Rows": 1,
                                  "Actual Loops": 6,
                                  "Hash Buckets": 1024,
                                  "Original Hash Buckets": 1024,
                                  "Hash Batches": 1,
                                  "Original Hash Batches": 1,
                                  "Peak Memory Usage": 9,
                                  "Plans": [
                                    {
                                      "Node Type": "Seq Scan",
                                      "Parent Relationship": "Outer",
                                      "Parallel Aware": false,
                                      "Relation Name": "keyword",
                                      "Alias": "k",
                                      "Startup Cost": 0.0,
                                      "Total Cost": 2626.12,
                                      "Plan Rows": 2,
                                      "Plan Width": 4,
                                      "Actual Startup Time": 1.362,
                                      "Actual Total Time": 30.434,
                                      "Actual Rows": 1,
                                      "Actual Loops": 6,
                                      "Filter": "(keyword = ANY ('{murder,murder-in-title}'::text[]))",
                                      "Rows Removed by Filter": 134169
                                    }
                                  ]
                                }
                              ]
                            },
                            {
                              "Node Type": "Hash",
                              "Parent Relationship": "Inner",
                              "Parallel Aware": true,
                              "Startup Cost": 64171.47,
                              "Total Cost": 64171.47,
                              "Plan Rows": 1,
                              "Plan Width": 35,
                              "Actual Startup Time": 196.596,
                              "Actual Total Time": 196.607,
                              "Actual Rows": 8,
                              "Actual Loops": 6,
                              "Hash Buckets": 1024,
                              "Original Hash Buckets": 1024,
                              "Hash Batches": 1,
                              "Original Hash Batches": 1,
                              "Peak Memory Usage": 200,
                              "Plans": [
                                {
                                  "Node Type": "Hash Join",
                                  "Parent Relationship": "Outer",
                                  "Parallel Aware": false,
                                  "Join Type": "Inner",
                                  "Startup Cost": 48639.8,
                                  "Total Cost": 64171.47,
                                  "Plan Rows": 1,
                                  "Plan Width": 35,
                                  "Actual Startup Time": 148.908,
                                  "Actual Total Time": 196.409,
                                  "Actual Rows": 8,
                                  "Actual Loops": 6,
                                  "Inner Unique": true,
                                  "Hash Cond": "(mi_idx.info_type_id = it2.id)",
                                  "Plans": [
                                    {
                                      "Node Type": "Hash Join",
                                      "Parent Relationship": "Outer",
                                      "Parallel Aware": true,
                                      "Join Type": "Inner",
                                      "Startup Cost": 48637.38,
                                      "Total Cost": 64169.03,
                                      "Plan Rows": 7,
                                      "Plan Width": 39,
                                      "Actual Startup Time": 147.628,
                                      "Actual Total Time": 196.227,
                                      "Actual Rows": 12,
                                      "Actual Loops": 6,
                                      "Inner Unique": true,
                                      "Hash Cond": "(mi_idx.movie_id = t.id)",
                                      "Plans": [
                                        {
                                          "Node Type": "Seq Scan",
                                          "Parent Relationship": "Outer",
                                          "Parallel Aware": true,
                                          "Relation Name": "movie_info_idx",
                                          "Alias": "mi_idx",
                                          "Startup Cost": 0.0,
                                          "Total Cost": 15122.68,
                                          "Plan Rows": 155796,
                                          "Plan Width": 14,
                                          "Actual Startup Time": 0.047,
                                          "Actual Total Time": 46.556,
                                          "Actual Rows": 62235,
                                          "Actual Loops": 6,
                                          "Filter": "(info > '6.0'::text)",
                                          "Rows Removed by Filter": 167771
                                        },
                                        {
                                          "Node Type": "Hash",
                                          "Parent Relationship": "Inner",
                                          "Parallel Aware": true,
                                          "Startup Cost": 48637.06,
                                          "Total Cost": 48637.06,
                                          "Plan Rows": 26,
                                          "Plan Width": 25,
                                          "Actual Startup Time": 142.916,
                                          "Actual Total Time": 142.917,
                                          "Actual Rows": 76,
                                          "Actual Loops": 6,
                                          "Hash Buckets": 1024,
                                          "Original Hash Buckets": 1024,
                                          "Hash Batches": 1,
                                          "Original Hash Batches": 1,
                                          "Peak Memory Usage": 200,
                                          "Plans": [
                                            {
                                              "Node Type": "Seq Scan",
                                              "Parent Relationship": "Outer",
                                              "Parallel Aware": true,
                                              "Relation Name": "title",
                                              "Alias": "t",
                                              "Startup Cost": 0.0,
                                              "Total Cost": 48637.06,
                                              "Plan Rows": 26,
                                              "Plan Width": 25,
                                              "Actual Startup Time": 3.034,
                                              "Actual Total Time": 142.676,
                                              "Actual Rows": 76,
                                              "Actual Loops": 6,
                                              "Filter": "((production_year > 2010) AND ((title ~~ '%murder%'::text) OR (title ~~ '%Murder%'::text) OR (title ~~ '%Mord%'::text)))",
                                              "Rows Removed by Filter": 421310
                                            }
                                          ]
                                        }
                                      ]
                                    },
                                    {
                                      "Node Type": "Hash",
                                      "Parent Relationship": "Inner",
                                      "Parallel Aware": false,
                                      "Startup Cost": 2.41,
                                      "Total Cost": 2.41,
                                      "Plan Rows": 1,
                                      "Plan Width": 4,
                                      "Actual Startup Time": 0.106,
                                      "Actual Total Time": 0.107,
                                      "Actual Rows": 1,
                                      "Actual Loops": 6,
                                      "Hash Buckets": 1024,
                                      "Original Hash Buckets": 1024,
                                      "Hash Batches": 1,
                                      "Original Hash Batches": 1,
                                      "Peak Memory Usage": 9,
                                      "Plans": [
                                        {
                                          "Node Type": "Seq Scan",
                                          "Parent Relationship": "Outer",
                                          "Parallel Aware": false,
                                          "Relation Name": "info_type",
                                          "Alias": "it2",
                                          "Startup Cost": 0.0,
                                          "Total Cost": 2.41,
                                          "Plan Rows": 1,
                                          "Plan Width": 4,
                                          "Actual Startup Time": 0.081,
                                          "Actual Total Time": 0.087,
                                          "Actual Rows": 1,
                                          "Actual Loops": 6,
                                          "Filter": "((info)::text = 'rating'::text)",
                                          "Rows Removed by Filter": 112
                                        }
                                      ]
                                    }
                                  ]
                                }
                              ]
                            }
                          ]
                        }
                      ]
                    }
                  ]
                }
              ]
            },
            {
              "Node Type": "Hash",
              "Parent Relationship": "Inner",
              "Parallel Aware": false,
              "Startup Cost": 1.09,
              "Total Cost": 1.09,
              "Plan Rows": 1,
              "Plan Width": 4,
              "Actual Startup Time": 0.038,
              "Actual Total Time": 0.043,
              "Actual Rows": 1,
              "Actual Loops": 1,
              "Hash Buckets": 1024,
              "Original Hash Buckets": 1024,
              "Hash Batches": 1,
              "Original Hash Batches": 1,
              "Peak Memory Usage": 9,
              "Plans": [
                {
                  "Node Type": "Seq Scan",
                  "Parent Relationship": "Outer",
                  "Parallel Aware": false,
                  "Relation Name": "kind_type",
                  "Alias": "kt",
                  "Startup Cost": 0.0,
                  "Total Cost": 1.09,
                  "Plan Rows": 1,
                  "Plan Width": 4,
                  "Actual Startup Time": 0.022,
                  "Actual Total Time": 0.028,
                  "Actual Rows": 1,
                  "Actual Loops": 1,
                  "Filter": "((kind)::text = 'movie'::text)",
                  "Rows Removed by Filter": 6
                }
              ]
            }
          ]
        }
      ]
    },
    "Planning Time": 569.36,
    "Triggers": [],
    "Execution Time": 1558.94
  }
]