[
  {
    "Plan": {
      "Node Type": "Aggregate",
      "Strategy": "Plain",
      "Partial Mode": "Simple",
      "Parallel Aware": false,
      "Startup Cost": 20762.04,
      "Total Cost": 20762.05,
      "Plan Rows": 1,
      "Plan Width": 8,
      "Actual Startup Time": 23.856,
      "Actual Total Time": 23.859,
      "Actual Rows": 1,
      "Actual Loops": 1,
      "Plans": [
        {
          "Node Type": "Bitmap Heap Scan",
          "Parent Relationship": "Outer",
          "Parallel Aware": false,
          "Relation Name": "movie_companies",
          "Alias": "mc",
          "Startup Cost": 600.69,
          "Total Cost": 20726.48,
          "Plan Rows": 14221,
          "Plan Width": 0,
          "Actual Startup Time": 3.785,
          "Actual Total Time": 19.808,
          "Actual Rows": 27005,
          "Actual Loops": 1,
          "Recheck Cond": "(company_id > 210266)",
          "Rows Removed by Index Recheck": 0,
          "Filter": "(company_type_id > 1)",
          "Rows Removed by Filter": 0,
          "Exact Heap Blocks": 1124,
          "Lossy Heap Blocks": 0,
          "Plans": [
            {
              "Node Type": "Bitmap Index Scan",
              "Parent Relationship": "Outer",
              "Parallel Aware": false,
              "Index Name": "company_id_movie_companies",
              "Startup Cost": 0.0,
              "Total Cost": 597.13,
              "Plan Rows": 27827,
              "Plan Width": 0,
              "Actual Startup Time": 3.353,
              "Actual Total Time": 3.354,
              "Actual Rows": 27005,
              "Actual Loops": 1,
              "Index Cond": "(company_id > 210266)"
            }
          ]
        }
      ]
    },
    "Planning Time": 0.284,
    "Triggers": [],
    "Execution Time": 23.928
  }
]