[
  {
    "Plan": {
      "Node Type": "Aggregate",
      "Strategy": "Plain",
      "Partial Mode": "Simple",
      "Parallel Aware": false,
      "Startup Cost": 20737.06,
      "Total Cost": 20737.07,
      "Plan Rows": 1,
      "Plan Width": 8,
      "Actual Startup Time": 22.852,
      "Actual Total Time": 22.854,
      "Actual Rows": 1,
      "Actual Loops": 1,
      "Plans": [
        {
          "Node Type": "Bitmap Heap Scan",
          "Parent Relationship": "Outer",
          "Parallel Aware": false,
          "Relation Name": "movie_companies",
          "Alias": "mc",
          "Startup Cost": 630.74,
          "Total Cost": 20700.06,
          "Plan Rows": 14799,
          "Plan Width": 0,
          "Actual Startup Time": 4.224,
          "Actual Total Time": 19.254,
          "Actual Rows": 27005,
          "Actual Loops": 1,
          "Recheck Cond": "(company_id > 210266)",
          "Rows Removed by Index Recheck": 0,
          "Filter": "(company_type_id > 1)",
          "Rows Removed by Filter": 0,
          "Exact Heap Blocks": 1124,
          "Lossy Heap Blocks": 0,
          "Plans": [
            {
              "Node Type": "Bitmap Index Scan",
              "Parent Relationship": "Outer",
              "Parallel Aware": false,
              "Index Name": "company_id_movie_companies",
              "Startup Cost": 0.0,
              "Total Cost": 627.04,
              "Plan Rows": 29148,
              "Plan Width": 0,
              "Actual Startup Time": 3.764,
              "Actual Total Time": 3.765,
              "Actual Rows": 27005,
              "Actual Loops": 1,
              "Index Cond": "(company_id > 210266)"
            }
          ]
        }
      ]
    },
    "Planning Time": 0.284,
    "Triggers": [],
    "Execution Time": 22.911
  }
]