[
  {
    "Plan": {
      "Node Type": "Aggregate",
      "Strategy": "Plain",
      "Partial Mode": "Finalize",
      "Parallel Aware": false,
      "Startup Cost": 63377.65,
      "Total Cost": 63377.66,
      "Plan Rows": 1,
      "Plan Width": 8,
      "Actual Startup Time": 257.559,
      "Actual Total Time": 270.618,
      "Actual Rows": 1,
      "Actual Loops": 1,
      "Plans": [
        {
          "Node Type": "Gather",
          "Parent Relationship": "Outer",
          "Parallel Aware": false,
          "Startup Cost": 63377.43,
          "Total Cost": 63377.64,
          "Plan Rows": 2,
          "Plan Width": 8,
          "Actual Startup Time": 256.308,
          "Actual Total Time": 270.611,
          "Actual Rows": 3,
          "Actual Loops": 1,
          "Workers Planned": 2,
          "Workers Launched": 2,
          "Single Copy": false,
          "Plans": [
            {
              "Node Type": "Aggregate",
              "Strategy": "Plain",
              "Partial Mode": "Partial",
              "Parent Relationship": "Outer",
              "Parallel Aware": false,
              "Startup Cost": 62377.43,
              "Total Cost": 62377.44,
              "Plan Rows": 1,
              "Plan Width": 8,
              "Actual Startup Time": 248.613,
              "Actual Total Time": 248.616,
              "Actual Rows": 1,
              "Actual Loops": 3,
              "Plans": [
                {
                  "Node Type": "Hash Join",
                  "Parent Relationship": "Outer",
                  "Parallel Aware": true,
                  "Join Type": "Inner",
                  "Startup Cost": 46920.6,
                  "Total Cost": 62115.16,
                  "Plan Rows": 104909,
                  "Plan Width": 0,
                  "Actual Startup Time": 154.809,
                  "Actual Total Time": 246.814,
                  "Actual Rows": 43413,
                  "Actual Loops": 3,
                  "Inner Unique": true,
                  "Hash Cond": "(mi_idx.movie_id = t.id)",
                  "Plans": [
                    {
                      "Node Type": "Seq Scan",
                      "Parent Relationship": "Outer",
                      "Parallel Aware": true,
                      "Relation Name": "movie_info_idx",
                      "Alias": "mi_idx",
                      "Startup Cost": 0.0,
                      "Total Cost": 13685.15,
                      "Plan Rows": 575015,
                      "Plan Width": 4,
                      "Actual Startup Time": 0.026,
                      "Actual Total Time": 35.515,
                      "Actual Rows": 460012,
                      "Actual Loops": 3
                    },
                    {
                      "Node Type": "Hash",
                      "Parent Relationship": "Inner",
                      "Parallel Aware": true,
                      "Startup Cost": 45479.1,
                      "Total Cost": 45479.1,
                      "Plan Rows": 115320,
                      "Plan Width": 4,
                      "Actual Startup Time": 150.524,
                      "Actual Total Time": 150.525,
                      "Actual Rows": 116248,
                      "Actual Loops": 3,
                      "Hash Buckets": 524288,
                      "Original Hash Buckets": 524288,
                      "Hash Batches": 1,
                      "Original Hash Batches": 1,
                      "Peak Memory Usage": 17792,
                      "Plans": [
                        {
                          "Node Type": "Seq Scan",
                          "Parent Relationship": "Outer",
                          "Parallel Aware": true,
                          "Relation Name": "title",
                          "Alias": "t",
                          "Startup Cost": 0.0,
                          "Total Cost": 45479.1,
                          "Plan Rows": 115320,
                          "Plan Width": 4,
                          "Actual Startup Time": 0.036,
                          "Actual Total Time": 114.048,
                          "Actual Rows": 116248,
                          "Actual Loops": 3,
                          "Filter": "((kind_id > 4) AND (production_year < 1993))",
                          "Rows Removed by Filter": 726523
                        }
                      ]
                    }
                  ]
                }
              ]
            }
          ]
        }
      ]
    },
    "Planning Time": 0.586,
    "Triggers": [],
    "Execution Time": 270.686
  }
]