[
    {
        "Bao": {
            "Bao prediction": "NaN",
            "Bao recommended hint": "(no hint)"
        }
    },
    {
        "Plan": {
            "Node Type": "Aggregate",
            "Strategy": "Plain",
            "Partial Mode": "Finalize",
            "Parallel Aware": false,
            "Startup Cost": 134344.02,
            "Total Cost": 134344.03,
            "Plan Rows": 1,
            "Plan Width": 8,
            "Actual Startup Time": 1131.859,
            "Actual Total Time": 1147.733,
            "Actual Rows": 1,
            "Actual Loops": 1,
            "Output": [
                "count(*)"
            ],
            "Plans": [
                {
                    "Node Type": "Gather",
                    "Parent Relationship": "Outer",
                    "Parallel Aware": false,
                    "Startup Cost": 134343.7,
                    "Total Cost": 134344.01,
                    "Plan Rows": 3,
                    "Plan Width": 8,
                    "Actual Startup Time": 1122.331,
                    "Actual Total Time": 1147.725,
                    "Actual Rows": 4,
                    "Actual Loops": 1,
                    "Output": [
                        "(PARTIAL count(*))"
                    ],
                    "Workers Planned": 3,
                    "Workers Launched": 3,
                    "Single Copy": false,
                    "Plans": [
                        {
                            "Node Type": "Aggregate",
                            "Strategy": "Plain",
                            "Partial Mode": "Partial",
                            "Parent Relationship": "Outer",
                            "Parallel Aware": false,
                            "Startup Cost": 133343.7,
                            "Total Cost": 133343.71,
                            "Plan Rows": 1,
                            "Plan Width": 8,
                            "Actual Startup Time": 1113.513,
                            "Actual Total Time": 1114.045,
                            "Actual Rows": 1,
                            "Actual Loops": 4,
                            "Output": [
                                "PARTIAL count(*)"
                            ],
                            "Workers": [
                                {
                                    "Worker Number": 0,
                                    "Actual Startup Time": 1110.231,
                                    "Actual Total Time": 1110.236,
                                    "Actual Rows": 1,
                                    "Actual Loops": 1
                                },
                                {
                                    "Worker Number": 1,
                                    "Actual Startup Time": 1111.537,
                                    "Actual Total Time": 1111.542,
                                    "Actual Rows": 1,
                                    "Actual Loops": 1
                                },
                                {
                                    "Worker Number": 2,
                                    "Actual Startup Time": 1110.729,
                                    "Actual Total Time": 1110.733,
                                    "Actual Rows": 1,
                                    "Actual Loops": 1
                                }
                            ],
                            "Plans": [
                                {
                                    "Node Type": "Hash Join",
                                    "Parent Relationship": "Outer",
                                    "Parallel Aware": true,
                                    "Join Type": "Inner",
                                    "Startup Cost": 85677.91,
                                    "Total Cost": 132429.8,
                                    "Plan Rows": 365561,
                                    "Plan Width": 0,
                                    "Actual Startup Time": 490.596,
                                    "Actual Total Time": 946.873,
                                    "Actual Rows": 3683212,
                                    "Actual Loops": 4,
                                    "Inner Unique": false,
                                    "Hash Cond": "(mk.movie_id = t.id)",
                                    "Workers": [
                                        {
                                            "Worker Number": 0,
                                            "Actual Startup Time": 487.59,
                                            "Actual Total Time": 937.986,
                                            "Actual Rows": 2615800,
                                            "Actual Loops": 1
                                        },
                                        {
                                            "Worker Number": 1,
                                            "Actual Startup Time": 487.781,
                                            "Actual Total Time": 944.136,
                                            "Actual Rows": 3730451,
                                            "Actual Loops": 1
                                        },
                                        {
                                            "Worker Number": 2,
                                            "Actual Startup Time": 488.178,
                                            "Actual Total Time": 943.421,
                                            "Actual Rows": 4131474,
                                            "Actual Loops": 1
                                        }
                                    ],
                                    "Plans": [
                                        {
                                            "Node Type": "Seq Scan",
                                            "Parent Relationship": "Outer",
                                            "Parallel Aware": true,
                                            "Relation Name": "movie_keyword",
                                            "Schema": "public",
                                            "Alias": "mk",
                                            "Startup Cost": 0.0,
                                            "Total Cost": 42695.65,
                                            "Plan Rows": 837957,
                                            "Plan Width": 4,
                                            "Actual Startup Time": 0.328,
                                            "Actual Total Time": 109.371,
                                            "Actual Rows": 649257,
                                            "Actual Loops": 4,
                                            "Output": [
                                                "mk.id",
                                                "mk.movie_id",
                                                "mk.keyword_id"
                                            ],
                                            "Filter": "(mk.keyword_id > 3311)",
                                            "Rows Removed by Filter": 481726,
                                            "Workers": [
                                                {
                                                    "Worker Number": 0,
                                                    "Actual Startup Time": 0.299,
                                                    "Actual Total Time": 109.357,
                                                    "Actual Rows": 447363,
                                                    "Actual Loops": 1
                                                },
                                                {
                                                    "Worker Number": 1,
                                                    "Actual Startup Time": 0.289,
                                                    "Actual Total Time": 112.902,
                                                    "Actual Rows": 667428,
                                                    "Actual Loops": 1
                                                },
                                                {
                                                    "Worker Number": 2,
                                                    "Actual Startup Time": 0.399,
                                                    "Actual Total Time": 113.782,
                                                    "Actual Rows": 734705,
                                                    "Actual Loops": 1
                                                }
                                            ]
                                        },
                                        {
                                            "Node Type": "Hash",
                                            "Parent Relationship": "Inner",
                                            "Parallel Aware": true,
                                            "Startup Cost": 82231.07,
                                            "Total Cost": 82231.07,
                                            "Plan Rows": 275747,
                                            "Plan Width": 8,
                                            "Actual Startup Time": 485.429,
                                            "Actual Total Time": 485.96,
                                            "Actual Rows": 250265,
                                            "Actual Loops": 4,
                                            "Output": [
                                                "t.id",
                                                "mc.movie_id"
                                            ],
                                            "Hash Buckets": 2097152,
                                            "Original Hash Buckets": 2097152,
                                            "Hash Batches": 1,
                                            "Original Hash Batches": 1,
                                            "Peak Memory Usage": 55616,
                                            "Workers": [
                                                {
                                                    "Worker Number": 0,
                                                    "Actual Startup Time": 486.387,
                                                    "Actual Total Time": 486.39,
                                                    "Actual Rows": 195355,
                                                    "Actual Loops": 1
                                                },
                                                {
                                                    "Worker Number": 1,
                                                    "Actual Startup Time": 486.552,
                                                    "Actual Total Time": 486.555,
                                                    "Actual Rows": 256212,
                                                    "Actual Loops": 1
                                                },
                                                {
                                                    "Worker Number": 2,
                                                    "Actual Startup Time": 487.037,
                                                    "Actual Total Time": 487.039,
                                                    "Actual Rows": 266842,
                                                    "Actual Loops": 1
                                                }
                                            ],
                                            "Plans": [
                                                {
                                                    "Node Type": "Hash Join",
                                                    "Parent Relationship": "Outer",
                                                    "Parallel Aware": true,
                                                    "Join Type": "Inner",
                                                    "Startup Cost": 35862.36,
                                                    "Total Cost": 82231.07,
                                                    "Plan Rows": 275747,
                                                    "Plan Width": 8,
                                                    "Actual Startup Time": 154.909,
                                                    "Actual Total Time": 405.567,
                                                    "Actual Rows": 250265,
                                                    "Actual Loops": 4,
                                                    "Output": [
                                                        "t.id",
                                                        "mc.movie_id"
                                                    ],
                                                    "Inner Unique": false,
                                                    "Hash Cond": "(t.id = mc.movie_id)",
                                                    "Workers": [
                                                        {
                                                            "Worker Number": 0,
                                                            "Actual Startup Time": 154.941,
                                                            "Actual Total Time": 404.71,
                                                            "Actual Rows": 195355,
                                                            "Actual Loops": 1
                                                        },
                                                        {
                                                            "Worker Number": 1,
                                                            "Actual Startup Time": 154.781,
                                                            "Actual Total Time": 405.968,
                                                            "Actual Rows": 256212,
                                                            "Actual Loops": 1
                                                        },
                                                        {
                                                            "Worker Number": 2,
                                                            "Actual Startup Time": 154.809,
                                                            "Actual Total Time": 406.362,
                                                            "Actual Rows": 266842,
                                                            "Actual Loops": 1
                                                        }
                                                    ],
                                                    "Plans": [
                                                        {
                                                            "Node Type": "Seq Scan",
                                                            "Parent Relationship": "Outer",
                                                            "Parallel Aware": true,
                                                            "Relation Name": "title",
                                                            "Schema": "public",
                                                            "Alias": "t",
                                                            "Startup Cost": 0.0,
                                                            "Total Cost": 42318.81,
                                                            "Plan Rows": 632080,
                                                            "Plan Width": 4,
                                                            "Actual Startup Time": 0.011,
                                                            "Actual Total Time": 69.184,
                                                            "Actual Rows": 632078,
                                                            "Actual Loops": 4,
                                                            "Output": [
                                                                "t.id",
                                                                "t.title",
                                                                "t.imdb_index",
                                                                "t.kind_id",
                                                                "t.production_year",
                                                                "t.imdb_id",
                                                                "t.phonetic_code",
                                                                "t.episode_of_id",
                                                                "t.season_nr",
                                                                "t.episode_nr",
                                                                "t.series_years",
                                                                "t.md5sum"
                                                            ],
                                                            "Workers": [
                                                                {
                                                                    "Worker Number": 0,
                                                                    "Actual Startup Time": 0.014,
                                                                    "Actual Total Time": 74.432,
                                                                    "Actual Rows": 562385,
                                                                    "Actual Loops": 1
                                                                },
                                                                {
                                                                    "Worker Number": 1,
                                                                    "Actual Startup Time": 0.011,
                                                                    "Actual Total Time": 69.885,
                                                                    "Actual Rows": 615676,
                                                                    "Actual Loops": 1
                                                                },
                                                                {
                                                                    "Worker Number": 2,
                                                                    "Actual Startup Time": 0.011,
                                                                    "Actual Total Time": 73.085,
                                                                    "Actual Rows": 648133,
                                                                    "Actual Loops": 1
                                                                }
                                                            ]
                                                        },
                                                        {
                                                            "Node Type": "Hash",
                                                            "Parent Relationship": "Inner",
                                                            "Parallel Aware": true,
                                                            "Startup Cost": 31414.82,
                                                            "Total Cost": 31414.82,
                                                            "Plan Rows": 355803,
                                                            "Plan Width": 4,
                                                            "Actual Startup Time": 151.656,
                                                            "Actual Total Time": 151.657,
                                                            "Actual Rows": 250265,
                                                            "Actual Loops": 4,
                                                            "Output": [
                                                                "mc.movie_id"
                                                            ],
                                                            "Hash Buckets": 2097152,
                                                            "Original Hash Buckets": 2097152,
                                                            "Hash Batches": 1,
                                                            "Original Hash Batches": 1,
                                                            "Peak Memory Usage": 55616,
                                                            "Workers": [
                                                                {
                                                                    "Worker Number": 0,
                                                                    "Actual Startup Time": 154.647,
                                                                    "Actual Total Time": 154.648,
                                                                    "Actual Rows": 230855,
                                                                    "Actual Loops": 1
                                                                },
                                                                {
                                                                    "Worker Number": 1,
                                                                    "Actual Startup Time": 154.691,
                                                                    "Actual Total Time": 154.692,
                                                                    "Actual Rows": 214838,
                                                                    "Actual Loops": 1
                                                                },
                                                                {
                                                                    "Worker Number": 2,
                                                                    "Actual Startup Time": 154.611,
                                                                    "Actual Total Time": 154.612,
                                                                    "Actual Rows": 229747,
                                                                    "Actual Loops": 1
                                                                }
                                                            ],
                                                            "Plans": [
                                                                {
                                                                    "Node Type": "Seq Scan",
                                                                    "Parent Relationship": "Outer",
                                                                    "Parallel Aware": true,
                                                                    "Relation Name": "movie_companies",
                                                                    "Schema": "public",
                                                                    "Alias": "mc",
                                                                    "Startup Cost": 0.0,
                                                                    "Total Cost": 31414.82,
                                                                    "Plan Rows": 355803,
                                                                    "Plan Width": 4,
                                                                    "Actual Startup Time": 0.091,
                                                                    "Actual Total Time": 75.513,
                                                                    "Actual Rows": 250265,
                                                                    "Actual Loops": 4,
                                                                    "Output": [
                                                                        "mc.movie_id"
                                                                    ],
                                                                    "Filter": "((mc.company_id > 166) AND (mc.company_type_id < 2))",
                                                                    "Rows Removed by Filter": 402017,
                                                                    "Workers": [
                                                                        {
                                                                            "Worker Number": 0,
                                                                            "Actual Startup Time": 0.129,
                                                                            "Actual Total Time": 76.701,
                                                                            "Actual Rows": 230855,
                                                                            "Actual Loops": 1
                                                                        },
                                                                        {
                                                                            "Worker Number": 1,
                                                                            "Actual Startup Time": 0.081,
                                                                            "Actual Total Time": 74.048,
                                                                            "Actual Rows": 214838,
                                                                            "Actual Loops": 1
                                                                        },
                                                                        {
                                                                            "Worker Number": 2,
                                                                            "Actual Startup Time": 0.07,
                                                                            "Actual Total Time": 76.955,
                                                                            "Actual Rows": 229747,
                                                                            "Actual Loops": 1
                                                                        }
                                                                    ]
                                                                }
                                                            ]
                                                        }
                                                    ]
                                                }
                                            ]
                                        }
                                    ]
                                }
                            ]
                        }
                    ]
                }
            ]
        },
        "Planning Time": 199.851,
        "Triggers": [],
        "Execution Time": 1147.843
    }
]