[
  {
    "Plan": {
      "Node Type": "Aggregate",
      "Strategy": "Plain",
      "Partial Mode": "Simple",
      "Parallel Aware": false,
      "Startup Cost": 20005.21,
      "Total Cost": 20005.22,
      "Plan Rows": 1,
      "Plan Width": 8,
      "Actual Startup Time": 18.589,
      "Actual Total Time": 18.59,
      "Actual Rows": 1,
      "Actual Loops": 1,
      "Plans": [
        {
          "Node Type": "Bitmap Heap Scan",
          "Parent Relationship": "Outer",
          "Parallel Aware": false,
          "Relation Name": "movie_keyword",
          "Alias": "mk",
          "Startup Cost": 237.74,
          "Total Cost": 19977.69,
          "Plan Rows": 11008,
          "Plan Width": 0,
          "Actual Startup Time": 4.466,
          "Actual Total Time": 17.758,
          "Actual Rows": 9638,
          "Actual Loops": 1,
          "Recheck Cond": "(keyword_id = 236)",
          "Rows Removed by Index Recheck": 0,
          "Exact Heap Blocks": 7941,
          "Lossy Heap Blocks": 0,
          "Plans": [
            {
              "Node Type": "Bitmap Index Scan",
              "Parent Relationship": "Outer",
              "Parallel Aware": false,
              "Index Name": "keyword_id_movie_keyword",
              "Startup Cost": 0.0,
              "Total Cost": 234.99,
              "Plan Rows": 11008,
              "Plan Width": 0,
              "Actual Startup Time": 2.266,
              "Actual Total Time": 2.267,
              "Actual Rows": 9638,
              "Actual Loops": 1,
              "Index Cond": "(keyword_id = 236)"
            }
          ]
        }
      ]
    },
    "Planning Time": 0.167,
    "Triggers": [],
    "Execution Time": 18.648
  }
]