[
  {
    "Plan": {
      "Node Type": "Aggregate",
      "Strategy": "Plain",
      "Partial Mode": "Finalize",
      "Parallel Aware": false,
      "Startup Cost": 33673.86,
      "Total Cost": 33673.87,
      "Plan Rows": 1,
      "Plan Width": 8,
      "Actual Startup Time": 109.469,
      "Actual Total Time": 118.574,
      "Actual Rows": 1,
      "Actual Loops": 1,
      "Plans": [
        {
          "Node Type": "Gather",
          "Parent Relationship": "Outer",
          "Parallel Aware": false,
          "Startup Cost": 33673.54,
          "Total Cost": 33673.85,
          "Plan Rows": 3,
          "Plan Width": 8,
          "Actual Startup Time": 109.227,
          "Actual Total Time": 118.566,
          "Actual Rows": 4,
          "Actual Loops": 1,
          "Workers Planned": 3,
          "Workers Launched": 3,
          "Single Copy": false,
          "Plans": [
            {
              "Node Type": "Aggregate",
              "Strategy": "Plain",
              "Partial Mode": "Partial",
              "Parent Relationship": "Outer",
              "Parallel Aware": false,
              "Startup Cost": 32673.54,
              "Total Cost": 32673.55,
              "Plan Rows": 1,
              "Plan Width": 8,
              "Actual Startup Time": 103.694,
              "Actual Total Time": 103.695,
              "Actual Rows": 1,
              "Actual Loops": 4,
              "Plans": [
                {
                  "Node Type": "Bitmap Heap Scan",
                  "Parent Relationship": "Outer",
                  "Parallel Aware": true,
                  "Relation Name": "movie_keyword",
                  "Alias": "mk",
                  "Startup Cost": 6693.17,
                  "Total Cost": 32419.15,
                  "Plan Rows": 101758,
                  "Plan Width": 0,
                  "Actual Startup Time": 34.338,
                  "Actual Total Time": 98.427,
                  "Actual Rows": 83022,
                  "Actual Loops": 4,
                  "Recheck Cond": "(keyword_id < 270)",
                  "Rows Removed by Index Recheck": 0,
                  "Exact Heap Blocks": 12307,
                  "Lossy Heap Blocks": 0,
                  "Plans": [
                    {
                      "Node Type": "Bitmap Index Scan",
                      "Parent Relationship": "Outer",
                      "Parallel Aware": false,
                      "Index Name": "keyword_id_movie_keyword",
                      "Startup Cost": 0.0,
                      "Total Cost": 6614.31,
                      "Plan Rows": 315450,
                      "Plan Width": 0,
                      "Actual Startup Time": 34.599,
                      "Actual Total Time": 34.6,
                      "Actual Rows": 332089,
                      "Actual Loops": 1,
                      "Index Cond": "(keyword_id < 270)"
                    }
                  ]
                }
              ]
            }
          ]
        }
      ]
    },
    "Planning Time": 0.147,
    "Triggers": [],
    "Execution Time": 118.636
  }
]