{
  "Plan": {
    "Node Type": "Aggregate",
    "Strategy": "Plain",
    "Partial Mode": "Finalize",
    "Parallel Aware": false,
    "Startup Cost": 741291.43,
    "Total Cost": 741291.44,
    "Plan Rows": 1,
    "Plan Width": 8,
    "Actual Startup Time": 6150.531,
    "Actual Total Time": 6212.311,
    "Actual Rows": 1,
    "Actual Loops": 1,
    "Plans": [
      {
        "Node Type": "Gather",
        "Parent Relationship": "Outer",
        "Parallel Aware": false,
        "Startup Cost": 741291.32,
        "Total Cost": 741291.43,
        "Plan Rows": 1,
        "Plan Width": 8,
        "Actual Startup Time": 6143.719,
        "Actual Total Time": 6212.294,
        "Actual Rows": 2,
        "Actual Loops": 1,
        "Workers Planned": 1,
        "Workers Launched": 1,
        "Single Copy": false,
        "Plans": [
          {
            "Node Type": "Aggregate",
            "Strategy": "Plain",
            "Partial Mode": "Partial",
            "Parent Relationship": "Outer",
            "Parallel Aware": false,
            "Startup Cost": 740291.32,
            "Total Cost": 740291.33,
            "Plan Rows": 1,
            "Plan Width": 8,
            "Actual Startup Time": 6135.641,
            "Actual Total Time": 6135.648,
            "Actual Rows": 1,
            "Actual Loops": 2,
            "Plans": [
              {
                "Node Type": "Hash Join",
                "Parent Relationship": "Outer",
                "Parallel Aware": true,
                "Join Type": "Inner",
                "Startup Cost": 122713.43,
                "Total Cost": 724660.32,
                "Plan Rows": 6252402,
                "Plan Width": 0,
                "Actual Startup Time": 1377.495,
                "Actual Total Time": 5753.176,
                "Actual Rows": 8986938,
                "Actual Loops": 2,
                "Inner Unique": false,
                "Hash Cond": "(ci.movie_id = t.id)",
                "Plans": [
                  {
                    "Node Type": "Seq Scan",
                    "Parent Relationship": "Outer",
                    "Parallel Aware": true,
                    "Relation Name": "cast_info",
                    "Alias": "ci",
                    "Startup Cost": 0.0,
                    "Total Cost": 519069.44,
                    "Plan Rows": 12292964,
                    "Plan Width": 4,
                    "Actual Startup Time": 334.781,
                    "Actual Total Time": 1471.548,
                    "Actual Rows": 10474406,
                    "Actual Loops": 2,
                    "Filter": "(person_id > 1506380)",
                    "Rows Removed by Filter": 7647766
                  },
                  {
                    "Node Type": "Hash",
                    "Parent Relationship": "Inner",
                    "Parallel Aware": true,
                    "Startup Cost": 113258.05,
                    "Total Cost": 113258.05,
                    "Plan Rows": 756430,
                    "Plan Width": 8,
                    "Actual Startup Time": 1027.921,
                    "Actual Total Time": 1027.925,
                    "Actual Rows": 630817,
                    "Actual Loops": 2,
                    "Hash Buckets": 2097152,
                    "Original Hash Buckets": 2097152,
                    "Hash Batches": 1,
                    "Original Hash Batches": 1,
                    "Peak Memory Usage": 65760,
                    "Plans": [
                      {
                        "Node Type": "Hash Join",
                        "Parent Relationship": "Outer",
                        "Parallel Aware": true,
                        "Join Type": "Inner",
                        "Startup Cost": 69460.7,
                        "Total Cost": 113258.05,
                        "Plan Rows": 756430,
                        "Plan Width": 8,
                        "Actual Startup Time": 581.129,
                        "Actual Total Time": 872.236,
                        "Actual Rows": 630817,
                        "Actual Loops": 2,
                        "Inner Unique": true,
                        "Hash Cond": "(mc.movie_id = t.id)",
                        "Plans": [
                          {
                            "Node Type": "Seq Scan",
                            "Parent Relationship": "Outer",
                            "Parallel Aware": true,
                            "Relation Name": "movie_companies",
                            "Alias": "mc",
                            "Startup Cost": 0.0,
                            "Total Cost": 41811.73,
                            "Plan Rows": 756430,
                            "Plan Width": 4,
                            "Actual Startup Time": 51.756,
                            "Actual Total Time": 126.215,
                            "Actual Rows": 630817,
                            "Actual Loops": 2,
                            "Filter": "((company_id < 174464) AND (company_type_id = 2))",
                            "Rows Removed by Filter": 673748
                          },
                          {
                            "Node Type": "Hash",
                            "Parent Relationship": "Inner",
                            "Parallel Aware": true,
                            "Startup Cost": 50870.31,
                            "Total Cost": 50870.31,
                            "Plan Rows": 1487231,
                            "Plan Width": 4,
                            "Actual Startup Time": 515.902,
                            "Actual Total Time": 515.903,
                            "Actual Rows": 1264156,
                            "Actual Loops": 2,
                            "Hash Buckets": 4194304,
                            "Original Hash Buckets": 4194304,
                            "Hash Batches": 1,
                            "Original Hash Batches": 1,
                            "Peak Memory Usage": 131712,
                            "Plans": [
                              {
                                "Node Type": "Seq Scan",
                                "Parent Relationship": "Outer",
                                "Parallel Aware": true,
                                "Relation Name": "title",
                                "Alias": "t",
                                "Startup Cost": 0.0,
                                "Total Cost": 50870.31,
                                "Plan Rows": 1487231,
                                "Plan Width": 4,
                                "Actual Startup Time": 0.029,
                                "Actual Total Time": 147.611,
                                "Actual Rows": 1264156,
                                "Actual Loops": 2
                              }
                            ]
                          }
                        ]
                      }
                    ]
                  }
                ]
              }
            ]
          }
        ]
      }
    ]
  },
  "Planning Time": 0.936,
  "Triggers": [],
  "Execution Time": 6212.42
}