{
    "Plan": {
        "Node Type": "Aggregate",
        "Strategy": "Plain",
        "Partial Mode": "Finalize",
        "Parallel Aware": false,
        "Startup Cost": 203950.39,
        "Total Cost": 203950.4,
        "Plan Rows": 1,
        "Plan Width": 8,
        "Actual Startup Time": 951.209,
        "Actual Total Time": 1013.171,
        "Actual Rows": 1,
        "Actual Loops": 1,
        "Output": [
            "count(*)"
        ],
        "Plans": [
            {
                "Node Type": "Gather",
                "Parent Relationship": "Outer",
                "Parallel Aware": false,
                "Startup Cost": 203949.86,
                "Total Cost": 203950.37,
                "Plan Rows": 5,
                "Plan Width": 8,
                "Actual Startup Time": 948.255,
                "Actual Total Time": 1013.16,
                "Actual Rows": 6,
                "Actual Loops": 1,
                "Output": [
                    "(PARTIAL count(*))"
                ],
                "Workers Planned": 5,
                "Workers Launched": 5,
                "Single Copy": false,
                "Plans": [
                    {
                        "Node Type": "Aggregate",
                        "Strategy": "Plain",
                        "Partial Mode": "Partial",
                        "Parent Relationship": "Outer",
                        "Parallel Aware": false,
                        "Startup Cost": 202949.86,
                        "Total Cost": 202949.87,
                        "Plan Rows": 1,
                        "Plan Width": 8,
                        "Actual Startup Time": 937.539,
                        "Actual Total Time": 937.542,
                        "Actual Rows": 1,
                        "Actual Loops": 6,
                        "Output": [
                            "PARTIAL count(*)"
                        ],
                        "Workers": [
                            {
                                "Worker Number": 0,
                                "Actual Startup Time": 934.587,
                                "Actual Total Time": 934.59,
                                "Actual Rows": 1,
                                "Actual Loops": 1
                            },
                            {
                                "Worker Number": 1,
                                "Actual Startup Time": 936.048,
                                "Actual Total Time": 936.051,
                                "Actual Rows": 1,
                                "Actual Loops": 1
                            },
                            {
                                "Worker Number": 2,
                                "Actual Startup Time": 935.229,
                                "Actual Total Time": 935.231,
                                "Actual Rows": 1,
                                "Actual Loops": 1
                            },
                            {
                                "Worker Number": 3,
                                "Actual Startup Time": 936.115,
                                "Actual Total Time": 936.117,
                                "Actual Rows": 1,
                                "Actual Loops": 1
                            },
                            {
                                "Worker Number": 4,
                                "Actual Startup Time": 935.908,
                                "Actual Total Time": 935.911,
                                "Actual Rows": 1,
                                "Actual Loops": 1
                            }
                        ],
                        "Plans": [
                            {
                                "Node Type": "Nested Loop",
                                "Parent Relationship": "Outer",
                                "Parallel Aware": false,
                                "Join Type": "Inner",
                                "Startup Cost": 88317.84,
                                "Total Cost": 202385.1,
                                "Plan Rows": 225907,
                                "Plan Width": 0,
                                "Actual Startup Time": 375.929,
                                "Actual Total Time": 924.98,
                                "Actual Rows": 222088,
                                "Actual Loops": 6,
                                "Inner Unique": false,
                                "Join Filter": "(t.id = ci.movie_id)",
                                "Rows Removed by Join Filter": 0,
                                "Workers": [
                                    {
                                        "Worker Number": 0,
                                        "Actual Startup Time": 464.146,
                                        "Actual Total Time": 924.443,
                                        "Actual Rows": 109221,
                                        "Actual Loops": 1
                                    },
                                    {
                                        "Worker Number": 1,
                                        "Actual Startup Time": 465.393,
                                        "Actual Total Time": 926.485,
                                        "Actual Rows": 100254,
                                        "Actual Loops": 1
                                    },
                                    {
                                        "Worker Number": 2,
                                        "Actual Startup Time": 339.106,
                                        "Actual Total Time": 923.131,
                                        "Actual Rows": 223594,
                                        "Actual Loops": 1
                                    },
                                    {
                                        "Worker Number": 3,
                                        "Actual Startup Time": 338.317,
                                        "Actual Total Time": 923.275,
                                        "Actual Rows": 252198,
                                        "Actual Loops": 1
                                    },
                                    {
                                        "Worker Number": 4,
                                        "Actual Startup Time": 342.952,
                                        "Actual Total Time": 923.685,
                                        "Actual Rows": 227205,
                                        "Actual Loops": 1
                                    }
                                ],
                                "Plans": [
                                    {
                                        "Node Type": "Merge Join",
                                        "Parent Relationship": "Outer",
                                        "Parallel Aware": false,
                                        "Join Type": "Inner",
                                        "Startup Cost": 88317.28,
                                        "Total Cost": 133011.29,
                                        "Plan Rows": 25370,
                                        "Plan Width": 8,
                                        "Actual Startup Time": 375.408,
                                        "Actual Total Time": 495.244,
                                        "Actual Rows": 11578,
                                        "Actual Loops": 6,
                                        "Output": [
                                            "t.id",
                                            "mi_idx.movie_id"
                                        ],
                                        "Inner Unique": true,
                                        "Merge Cond": "(mi_idx.movie_id = t.id)",
                                        "Workers": [
                                            {
                                                "Worker Number": 0,
                                                "Actual Startup Time": 463.929,
                                                "Actual Total Time": 568.714,
                                                "Actual Rows": 5350,
                                                "Actual Loops": 1
                                            },
                                            {
                                                "Worker Number": 1,
                                                "Actual Startup Time": 465.282,
                                                "Actual Total Time": 573.964,
                                                "Actual Rows": 5157,
                                                "Actual Loops": 1
                                            },
                                            {
                                                "Worker Number": 2,
                                                "Actual Startup Time": 339.017,
                                                "Actual Total Time": 458.832,
                                                "Actual Rows": 11588,
                                                "Actual Loops": 1
                                            },
                                            {
                                                "Worker Number": 3,
                                                "Actual Startup Time": 338.239,
                                                "Actual Total Time": 452.136,
                                                "Actual Rows": 12541,
                                                "Actual Loops": 1
                                            },
                                            {
                                                "Worker Number": 4,
                                                "Actual Startup Time": 340.358,
                                                "Actual Total Time": 456.47,
                                                "Actual Rows": 11563,
                                                "Actual Loops": 1
                                            }
                                        ],
                                        "Plans": [
                                            {
                                                "Node Type": "Index Only Scan",
                                                "Parent Relationship": "Outer",
                                                "Parallel Aware": true,
                                                "Scan Direction": "Forward",
                                                "Index Name": "movie_id_movie_info_idx",
                                                "Relation Name": "movie_info_idx",
                                                "Schema": "public",
                                                "Alias": "mi_idx",
                                                "Startup Cost": 0.43,
                                                "Total Cost": 42590.53,
                                                "Plan Rows": 276007,
                                                "Plan Width": 4,
                                                "Actual Startup Time": 0.23,
                                                "Actual Total Time": 54.099,
                                                "Actual Rows": 230006,
                                                "Actual Loops": 6,
                                                "Output": [
                                                    "mi_idx.movie_id"
                                                ],
                                                "Heap Fetches": 1380035,
                                                "Workers": [
                                                    {
                                                        "Worker Number": 0,
                                                        "Actual Startup Time": 0.546,
                                                        "Actual Total Time": 39.994,
                                                        "Actual Rows": 114236,
                                                        "Actual Loops": 1
                                                    },
                                                    {
                                                        "Worker Number": 1,
                                                        "Actual Startup Time": 0.178,
                                                        "Actual Total Time": 39.2,
                                                        "Actual Rows": 110659,
                                                        "Actual Loops": 1
                                                    },
                                                    {
                                                        "Worker Number": 2,
                                                        "Actual Startup Time": 0.332,
                                                        "Actual Total Time": 55.183,
                                                        "Actual Rows": 238965,
                                                        "Actual Loops": 1
                                                    },
                                                    {
                                                        "Worker Number": 3,
                                                        "Actual Startup Time": 0.14,
                                                        "Actual Total Time": 54.169,
                                                        "Actual Rows": 240170,
                                                        "Actual Loops": 1
                                                    },
                                                    {
                                                        "Worker Number": 4,
                                                        "Actual Startup Time": 0.139,
                                                        "Actual Total Time": 51.21,
                                                        "Actual Rows": 221587,
                                                        "Actual Loops": 1
                                                    }
                                                ]
                                            },
                                            {
                                                "Node Type": "Sort",
                                                "Parent Relationship": "Inner",
                                                "Parallel Aware": false,
                                                "Startup Cost": 88316.22,
                                                "Total Cost": 88897.23,
                                                "Plan Rows": 232401,
                                                "Plan Width": 4,
                                                "Actual Startup Time": 375.08,
                                                "Actual Total Time": 408.613,
                                                "Actual Rows": 231462,
                                                "Actual Loops": 6,
                                                "Output": [
                                                    "t.id"
                                                ],
                                                "Sort Key": [
                                                    "t.id"
                                                ],
                                                "Sort Method": "quicksort",
                                                "Sort Space Used": 17003,
                                                "Sort Space Type": "Memory",
                                                "Workers": [
                                                    {
                                                        "Worker Number": 0,
                                                        "Actual Startup Time": 463.263,
                                                        "Actual Total Time": 496.246,
                                                        "Actual Rows": 231435,
                                                        "Actual Loops": 1
                                                    },
                                                    {
                                                        "Worker Number": 1,
                                                        "Actual Startup Time": 464.973,
                                                        "Actual Total Time": 501.83,
                                                        "Actual Rows": 231267,
                                                        "Actual Loops": 1
                                                    },
                                                    {
                                                        "Worker Number": 2,
                                                        "Actual Startup Time": 338.54,
                                                        "Actual Total Time": 373.084,
                                                        "Actual Rows": 231518,
                                                        "Actual Loops": 1
                                                    },
                                                    {
                                                        "Worker Number": 3,
                                                        "Actual Startup Time": 338.02,
                                                        "Actual Total Time": 368.762,
                                                        "Actual Rows": 231574,
                                                        "Actual Loops": 1
                                                    },
                                                    {
                                                        "Worker Number": 4,
                                                        "Actual Startup Time": 340.12,
                                                        "Actual Total Time": 375.459,
                                                        "Actual Rows": 231498,
                                                        "Actual Loops": 1
                                                    }
                                                ],
                                                "Plans": [
                                                    {
                                                        "Node Type": "Seq Scan",
                                                        "Parent Relationship": "Outer",
                                                        "Parallel Aware": false,
                                                        "Relation Name": "title",
                                                        "Schema": "public",
                                                        "Alias": "t",
                                                        "Startup Cost": 0.0,
                                                        "Total Cost": 67602.02,
                                                        "Plan Rows": 232401,
                                                        "Plan Width": 4,
                                                        "Actual Startup Time": 0.08,
                                                        "Actual Total Time": 304.174,
                                                        "Actual Rows": 231649,
                                                        "Actual Loops": 6,
                                                        "Output": [
                                                            "t.id"
                                                        ],
                                                        "Filter": "(t.production_year > 2011)",
                                                        "Rows Removed by Filter": 2296663,
                                                        "Workers": [
                                                            {
                                                                "Worker Number": 0,
                                                                "Actual Startup Time": 0.098,
                                                                "Actual Total Time": 372.11,
                                                                "Actual Rows": 231649,
                                                                "Actual Loops": 1
                                                            },
                                                            {
                                                                "Worker Number": 1,
                                                                "Actual Startup Time": 0.09,
                                                                "Actual Total Time": 373.218,
                                                                "Actual Rows": 231649,
                                                                "Actual Loops": 1
                                                            },
                                                            {
                                                                "Worker Number": 2,
                                                                "Actual Startup Time": 0.083,
                                                                "Actual Total Time": 277.713,
                                                                "Actual Rows": 231649,
                                                                "Actual Loops": 1
                                                            },
                                                            {
                                                                "Worker Number": 3,
                                                                "Actual Startup Time": 0.091,
                                                                "Actual Total Time": 279.106,
                                                                "Actual Rows": 231649,
                                                                "Actual Loops": 1
                                                            },
                                                            {
                                                                "Worker Number": 4,
                                                                "Actual Startup Time": 0.088,
                                                                "Actual Total Time": 279.143,
                                                                "Actual Rows": 231649,
                                                                "Actual Loops": 1
                                                            }
                                                        ]
                                                    }
                                                ]
                                            }
                                        ]
                                    },
                                    {
                                        "Node Type": "Index Scan",
                                        "Parent Relationship": "Inner",
                                        "Parallel Aware": false,
                                        "Scan Direction": "Forward",
                                        "Index Name": "movie_id_cast_info",
                                        "Relation Name": "cast_info",
                                        "Schema": "public",
                                        "Alias": "ci",
                                        "Startup Cost": 0.56,
                                        "Total Cost": 2.43,
                                        "Plan Rows": 24,
                                        "Plan Width": 4,
                                        "Actual Startup Time": 0.005,
                                        "Actual Total Time": 0.035,
                                        "Actual Rows": 19,
                                        "Actual Loops": 69471,
                                        "Output": [
                                            "ci.id",
                                            "ci.person_id",
                                            "ci.movie_id",
                                            "ci.person_role_id",
                                            "ci.note",
                                            "ci.nr_order",
                                            "ci.role_id"
                                        ],
                                        "Index Cond": "(ci.movie_id = mi_idx.movie_id)",
                                        "Rows Removed by Index Recheck": 0,
                                        "Filter": "(ci.person_id < 2284492)",
                                        "Rows Removed by Filter": 15,
                                        "Workers": [
                                            {
                                                "Worker Number": 0,
                                                "Actual Startup Time": 0.008,
                                                "Actual Total Time": 0.063,
                                                "Actual Rows": 20,
                                                "Actual Loops": 5350
                                            },
                                            {
                                                "Worker Number": 1,
                                                "Actual Startup Time": 0.008,
                                                "Actual Total Time": 0.065,
                                                "Actual Rows": 19,
                                                "Actual Loops": 5157
                                            },
                                            {
                                                "Worker Number": 2,
                                                "Actual Startup Time": 0.005,
                                                "Actual Total Time": 0.038,
                                                "Actual Rows": 19,
                                                "Actual Loops": 11588
                                            },
                                            {
                                                "Worker Number": 3,
                                                "Actual Startup Time": 0.005,
                                                "Actual Total Time": 0.035,
                                                "Actual Rows": 20,
                                                "Actual Loops": 12541
                                            },
                                            {
                                                "Worker Number": 4,
                                                "Actual Startup Time": 0.005,
                                                "Actual Total Time": 0.038,
                                                "Actual Rows": 20,
                                                "Actual Loops": 11563
                                            }
                                        ]
                                    }
                                ]
                            }
                        ]
                    }
                ]
            }
        ]
    },
    "Planning Time": 1.484,
    "Triggers": [],
    "Execution Time": 1016.74
}