[
  {
    "Plan": {
      "Node Type": "Aggregate",
      "Strategy": "Plain",
      "Partial Mode": "Finalize",
      "Parallel Aware": false,
      "Startup Cost": 25012.35,
      "Total Cost": 25012.36,
      "Plan Rows": 1,
      "Plan Width": 8,
      "Actual Startup Time": 70.153,
      "Actual Total Time": 83.49,
      "Actual Rows": 1,
      "Actual Loops": 1,
      "Plans": [
        {
          "Node Type": "Gather",
          "Parent Relationship": "Outer",
          "Parallel Aware": false,
          "Startup Cost": 25012.14,
          "Total Cost": 25012.35,
          "Plan Rows": 2,
          "Plan Width": 8,
          "Actual Startup Time": 69.933,
          "Actual Total Time": 83.485,
          "Actual Rows": 3,
          "Actual Loops": 1,
          "Workers Planned": 2,
          "Workers Launched": 2,
          "Single Copy": false,
          "Plans": [
            {
              "Node Type": "Aggregate",
              "Strategy": "Plain",
              "Partial Mode": "Partial",
              "Parent Relationship": "Outer",
              "Parallel Aware": false,
              "Startup Cost": 24012.14,
              "Total Cost": 24012.15,
              "Plan Rows": 1,
              "Plan Width": 8,
              "Actual Startup Time": 65.886,
              "Actual Total Time": 65.887,
              "Actual Rows": 1,
              "Actual Loops": 3,
              "Plans": [
                {
                  "Node Type": "Nested Loop",
                  "Parent Relationship": "Outer",
                  "Parallel Aware": false,
                  "Join Type": "Inner",
                  "Startup Cost": 92.98,
                  "Total Cost": 24005.61,
                  "Plan Rows": 2610,
                  "Plan Width": 0,
                  "Actual Startup Time": 3.499,
                  "Actual Total Time": 62.157,
                  "Actual Rows": 83316,
                  "Actual Loops": 3,
                  "Inner Unique": false,
                  "Plans": [
                    {
                      "Node Type": "Nested Loop",
                      "Parent Relationship": "Outer",
                      "Parallel Aware": false,
                      "Join Type": "Inner",
                      "Startup Cost": 92.54,
                      "Total Cost": 22727.39,
                      "Plan Rows": 445,
                      "Plan Width": 8,
                      "Actual Startup Time": 3.379,
                      "Actual Total Time": 12.265,
                      "Actual Rows": 545,
                      "Actual Loops": 3,
                      "Inner Unique": true,
                      "Plans": [
                        {
                          "Node Type": "Bitmap Heap Scan",
                          "Parent Relationship": "Outer",
                          "Parallel Aware": true,
                          "Relation Name": "movie_companies",
                          "Alias": "mc",
                          "Startup Cost": 92.11,
                          "Total Cost": 9961.73,
                          "Plan Rows": 1703,
                          "Plan Width": 4,
                          "Actual Startup Time": 0.33,
                          "Actual Total Time": 3.421,
                          "Actual Rows": 1514,
                          "Actual Loops": 3,
                          "Recheck Cond": "(company_id = 52)",
                          "Rows Removed by Index Recheck": 0,
                          "Exact Heap Blocks": 997,
                          "Lossy Heap Blocks": 0,
                          "Plans": [
                            {
                              "Node Type": "Bitmap Index Scan",
                              "Parent Relationship": "Outer",
                              "Parallel Aware": false,
                              "Index Name": "company_id_movie_companies",
                              "Startup Cost": 0.0,
                              "Total Cost": 91.09,
                              "Plan Rows": 4088,
                              "Plan Width": 0,
                              "Actual Startup Time": 0.667,
                              "Actual Total Time": 0.668,
                              "Actual Rows": 4542,
                              "Actual Loops": 1,
                              "Index Cond": "(company_id = 52)"
                            }
                          ]
                        },
                        {
                          "Node Type": "Index Scan",
                          "Parent Relationship": "Inner",
                          "Parallel Aware": false,
                          "Scan Direction": "Forward",
                          "Index Name": "title_pkey",
                          "Relation Name": "title",
                          "Alias": "t",
                          "Startup Cost": 0.43,
                          "Total Cost": 7.5,
                          "Plan Rows": 1,
                          "Plan Width": 4,
                          "Actual Startup Time": 0.005,
                          "Actual Total Time": 0.005,
                          "Actual Rows": 0,
                          "Actual Loops": 4542,
                          "Index Cond": "(id = mc.movie_id)",
                          "Rows Removed by Index Recheck": 0,
                          "Filter": "(kind_id = 1)",
                          "Rows Removed by Filter": 1
                        }
                      ]
                    },
                    {
                      "Node Type": "Index Only Scan",
                      "Parent Relationship": "Inner",
                      "Parallel Aware": false,
                      "Scan Direction": "Forward",
                      "Index Name": "movie_id_movie_info",
                      "Relation Name": "movie_info",
                      "Alias": "mi",
                      "Startup Cost": 0.43,
                      "Total Cost": 2.46,
                      "Plan Rows": 41,
                      "Plan Width": 4,
                      "Actual Startup Time": 0.014,
                      "Actual Total Time": 0.081,
                      "Actual Rows": 153,
                      "Actual Loops": 1634,
                      "Index Cond": "(movie_id = t.id)",
                      "Rows Removed by Index Recheck": 0,
                      "Heap Fetches": 249947
                    }
                  ]
                }
              ]
            }
          ]
        }
      ]
    },
    "Planning Time": 0.434,
    "Triggers": [],
    "Execution Time": 83.529
  }
]