{
  "Plan": {
    "Node Type": "Aggregate",
    "Strategy": "Plain",
    "Partial Mode": "Finalize",
    "Parallel Aware": false,
    "Startup Cost": 469355.91,
    "Total Cost": 469355.92,
    "Plan Rows": 1,
    "Plan Width": 8,
    "Actual Startup Time": 1326.421,
    "Actual Total Time": 1372.945,
    "Actual Rows": 1,
    "Actual Loops": 1,
    "Plans": [
      {
        "Node Type": "Gather",
        "Parent Relationship": "Outer",
        "Parallel Aware": false,
        "Startup Cost": 469355.8,
        "Total Cost": 469355.91,
        "Plan Rows": 1,
        "Plan Width": 8,
        "Actual Startup Time": 1326.078,
        "Actual Total Time": 1372.937,
        "Actual Rows": 2,
        "Actual Loops": 1,
        "Workers Planned": 1,
        "Workers Launched": 1,
        "Single Copy": false,
        "Plans": [
          {
            "Node Type": "Aggregate",
            "Strategy": "Plain",
            "Partial Mode": "Partial",
            "Parent Relationship": "Outer",
            "Parallel Aware": false,
            "Startup Cost": 468355.8,
            "Total Cost": 468355.81,
            "Plan Rows": 1,
            "Plan Width": 8,
            "Actual Startup Time": 1319.596,
            "Actual Total Time": 1319.599,
            "Actual Rows": 1,
            "Actual Loops": 2,
            "Plans": [
              {
                "Node Type": "Nested Loop",
                "Parent Relationship": "Outer",
                "Parallel Aware": false,
                "Join Type": "Inner",
                "Startup Cost": 88467.87,
                "Total Cost": 467626.05,
                "Plan Rows": 291897,
                "Plan Width": 0,
                "Actual Startup Time": 174.713,
                "Actual Total Time": 1277.979,
                "Actual Rows": 956002,
                "Actual Loops": 2,
                "Inner Unique": false,
                "Join Filter": "(t.id = mi.movie_id)",
                "Rows Removed by Join Filter": 0,
                "Plans": [
                  {
                    "Node Type": "Hash Join",
                    "Parent Relationship": "Outer",
                    "Parallel Aware": true,
                    "Join Type": "Inner",
                    "Startup Cost": 88467.44,
                    "Total Cost": 354739.27,
                    "Plan Rows": 49920,
                    "Plan Width": 8,
                    "Actual Startup Time": 174.557,
                    "Actual Total Time": 409.419,
                    "Actual Rows": 45970,
                    "Actual Loops": 2,
                    "Inner Unique": true,
                    "Hash Cond": "(ci.movie_id = t.id)",
                    "Plans": [
                      {
                        "Node Type": "Bitmap Heap Scan",
                        "Parent Relationship": "Outer",
                        "Parallel Aware": true,
                        "Relation Name": "cast_info",
                        "Alias": "ci",
                        "Startup Cost": 33725.96,
                        "Total Cost": 297640.09,
                        "Plan Rows": 898171,
                        "Plan Width": 4,
                        "Actual Startup Time": 57.475,
                        "Actual Total Time": 134.281,
                        "Actual Rows": 789386,
                        "Actual Loops": 2,
                        "Recheck Cond": "(person_id < 157263)",
                        "Rows Removed by Index Recheck": 0,
                        "Exact Heap Blocks": 8539,
                        "Lossy Heap Blocks": 0,
                        "Plans": [
                          {
                            "Node Type": "Bitmap Index Scan",
                            "Parent Relationship": "Outer",
                            "Parallel Aware": false,
                            "Index Name": "person_id_cast_info",
                            "Startup Cost": 0.0,
                            "Total Cost": 33344.24,
                            "Plan Rows": 1526890,
                            "Plan Width": 0,
                            "Actual Startup Time": 54.837,
                            "Actual Total Time": 54.837,
                            "Actual Rows": 1578771,
                            "Actual Loops": 1,
                            "Index Cond": "(person_id < 157263)"
                          }
                        ]
                      },
                      {
                        "Node Type": "Hash",
                        "Parent Relationship": "Inner",
                        "Parallel Aware": true,
                        "Startup Cost": 53708.24,
                        "Total Cost": 53708.24,
                        "Plan Rows": 82659,
                        "Plan Width": 4,
                        "Actual Startup Time": 113.628,
                        "Actual Total Time": 113.629,
                        "Actual Rows": 66091,
                        "Actual Loops": 2,
                        "Hash Buckets": 262144,
                        "Original Hash Buckets": 262144,
                        "Hash Batches": 1,
                        "Original Hash Batches": 1,
                        "Peak Memory Usage": 7264,
                        "Plans": [
                          {
                            "Node Type": "Bitmap Heap Scan",
                            "Parent Relationship": "Outer",
                            "Parallel Aware": true,
                            "Relation Name": "title",
                            "Alias": "t",
                            "Startup Cost": 11857.98,
                            "Total Cost": 53708.24,
                            "Plan Rows": 82659,
                            "Plan Width": 4,
                            "Actual Startup Time": 37.544,
                            "Actual Total Time": 97.933,
                            "Actual Rows": 66091,
                            "Actual Loops": 2,
                            "Recheck Cond": "(kind_id = 1)",
                            "Rows Removed by Index Recheck": 0,
                            "Filter": "(production_year > 2009)",
                            "Rows Removed by Filter": 265322,
                            "Exact Heap Blocks": 8809,
                            "Lossy Heap Blocks": 0,
                            "Plans": [
                              {
                                "Node Type": "Bitmap Index Scan",
                                "Parent Relationship": "Outer",
                                "Parallel Aware": false,
                                "Index Name": "kind_id_title",
                                "Startup Cost": 0.0,
                                "Total Cost": 11822.85,
                                "Plan Rows": 663256,
                                "Plan Width": 0,
                                "Actual Startup Time": 38.051,
                                "Actual Total Time": 38.051,
                                "Actual Rows": 662825,
                                "Actual Loops": 1,
                                "Index Cond": "(kind_id = 1)"
                              }
                            ]
                          }
                        ]
                      }
                    ]
                  },
                  {
                    "Node Type": "Index Only Scan",
                    "Parent Relationship": "Inner",
                    "Parallel Aware": false,
                    "Scan Direction": "Forward",
                    "Index Name": "movie_id_movie_info",
                    "Relation Name": "movie_info",
                    "Alias": "mi",
                    "Startup Cost": 0.43,
                    "Total Cost": 1.74,
                    "Plan Rows": 42,
                    "Plan Width": 4,
                    "Actual Startup Time": 0.006,
                    "Actual Total Time": 0.017,
                    "Actual Rows": 21,
                    "Actual Loops": 91939,
                    "Index Cond": "(movie_id = ci.movie_id)",
                    "Rows Removed by Index Recheck": 0,
                    "Heap Fetches": 1912005
                  }
                ]
              }
            ]
          }
        ]
      }
    ]
  },
  "Planning Time": 1.035,
  "Triggers": [],
  "Execution Time": 1373.13
}