[
  {
    "Plan": {
      "Node Type": "Aggregate",
      "Strategy": "Plain",
      "Partial Mode": "Finalize",
      "Parallel Aware": false,
      "Startup Cost": 342135.44,
      "Total Cost": 342135.45,
      "Plan Rows": 1,
      "Plan Width": 8,
      "Actual Startup Time": 860.776,
      "Actual Total Time": 911.958,
      "Actual Rows": 1,
      "Actual Loops": 1,
      "Plans": [
        {
          "Node Type": "Gather",
          "Parent Relationship": "Outer",
          "Parallel Aware": false,
          "Startup Cost": 342134.81,
          "Total Cost": 342135.42,
          "Plan Rows": 6,
          "Plan Width": 8,
          "Actual Startup Time": 860.599,
          "Actual Total Time": 911.921,
          "Actual Rows": 7,
          "Actual Loops": 1,
          "Workers Planned": 6,
          "Workers Launched": 6,
          "Single Copy": false,
          "Plans": [
            {
              "Node Type": "Aggregate",
              "Strategy": "Plain",
              "Partial Mode": "Partial",
              "Parent Relationship": "Outer",
              "Parallel Aware": false,
              "Startup Cost": 341134.81,
              "Total Cost": 341134.82,
              "Plan Rows": 1,
              "Plan Width": 8,
              "Actual Startup Time": 853.861,
              "Actual Total Time": 853.863,
              "Actual Rows": 1,
              "Actual Loops": 7,
              "Plans": [
                {
                  "Node Type": "Seq Scan",
                  "Parent Relationship": "Outer",
                  "Parallel Aware": true,
                  "Relation Name": "cast_info",
                  "Alias": "ci",
                  "Startup Cost": 0.0,
                  "Total Cost": 328211.39,
                  "Plan Rows": 5169369,
                  "Plan Width": 0,
                  "Actual Startup Time": 68.398,
                  "Actual Total Time": 645.982,
                  "Actual Rows": 4405192,
                  "Actual Loops": 7,
                  "Filter": "(person_id > 521793)",
                  "Rows Removed by Filter": 772572
                }
              ]
            }
          ]
        }
      ]
    },
    "Planning Time": 0.202,
    "Triggers": [],
    "Execution Time": 912.075
  }
]