{
  "Plan": {
    "Node Type": "Aggregate",
    "Strategy": "Plain",
    "Partial Mode": "Finalize",
    "Parallel Aware": false,
    "Startup Cost": 79553.86,
    "Total Cost": 79553.87,
    "Plan Rows": 1,
    "Plan Width": 8,
    "Actual Startup Time": 49.247,
    "Actual Total Time": 53.791,
    "Actual Rows": 1,
    "Actual Loops": 1,
    "Plans": [
      {
        "Node Type": "Gather",
        "Parent Relationship": "Outer",
        "Parallel Aware": false,
        "Startup Cost": 79553.75,
        "Total Cost": 79553.86,
        "Plan Rows": 1,
        "Plan Width": 8,
        "Actual Startup Time": 49.025,
        "Actual Total Time": 53.787,
        "Actual Rows": 2,
        "Actual Loops": 1,
        "Workers Planned": 1,
        "Workers Launched": 1,
        "Single Copy": false,
        "Plans": [
          {
            "Node Type": "Aggregate",
            "Strategy": "Plain",
            "Partial Mode": "Partial",
            "Parent Relationship": "Outer",
            "Parallel Aware": false,
            "Startup Cost": 78553.75,
            "Total Cost": 78553.76,
            "Plan Rows": 1,
            "Plan Width": 8,
            "Actual Startup Time": 43.134,
            "Actual Total Time": 43.136,
            "Actual Rows": 1,
            "Actual Loops": 2,
            "Plans": [
              {
                "Node Type": "Nested Loop",
                "Parent Relationship": "Outer",
                "Parallel Aware": false,
                "Join Type": "Inner",
                "Startup Cost": 385.01,
                "Total Cost": 78538.04,
                "Plan Rows": 6282,
                "Plan Width": 0,
                "Actual Startup Time": 2.008,
                "Actual Total Time": 42.121,
                "Actual Rows": 7855,
                "Actual Loops": 2,
                "Inner Unique": true,
                "Plans": [
                  {
                    "Node Type": "Bitmap Heap Scan",
                    "Parent Relationship": "Outer",
                    "Parallel Aware": true,
                    "Relation Name": "movie_companies",
                    "Alias": "mc",
                    "Startup Cost": 384.58,
                    "Total Cost": 19733.06,
                    "Plan Rows": 10334,
                    "Plan Width": 4,
                    "Actual Startup Time": 1.856,
                    "Actual Total Time": 4.308,
                    "Actual Rows": 8110,
                    "Actual Loops": 2,
                    "Recheck Cond": "(company_id = 166)",
                    "Rows Removed by Index Recheck": 0,
                    "Exact Heap Blocks": 434,
                    "Lossy Heap Blocks": 0,
                    "Plans": [
                      {
                        "Node Type": "Bitmap Index Scan",
                        "Parent Relationship": "Outer",
                        "Parallel Aware": false,
                        "Index Name": "company_id_movie_companies",
                        "Startup Cost": 0.0,
                        "Total Cost": 380.19,
                        "Plan Rows": 17568,
                        "Plan Width": 0,
                        "Actual Startup Time": 3.27,
                        "Actual Total Time": 3.27,
                        "Actual Rows": 16220,
                        "Actual Loops": 1,
                        "Index Cond": "(company_id = 166)"
                      }
                    ]
                  },
                  {
                    "Node Type": "Index Scan",
                    "Parent Relationship": "Inner",
                    "Parallel Aware": false,
                    "Scan Direction": "Forward",
                    "Index Name": "title_pkey",
                    "Relation Name": "title",
                    "Alias": "t",
                    "Startup Cost": 0.43,
                    "Total Cost": 5.69,
                    "Plan Rows": 1,
                    "Plan Width": 4,
                    "Actual Startup Time": 0.004,
                    "Actual Total Time": 0.004,
                    "Actual Rows": 1,
                    "Actual Loops": 16220,
                    "Index Cond": "(id = mc.movie_id)",
                    "Rows Removed by Index Recheck": 0,
                    "Filter": "(kind_id = 7)",
                    "Rows Removed by Filter": 0
                  }
                ]
              }
            ]
          }
        ]
      }
    ]
  },
  "Planning Time": 0.543,
  "Triggers": [],
  "Execution Time": 53.866
}