{
  "Plan": {
    "Node Type": "Aggregate",
    "Strategy": "Plain",
    "Partial Mode": "Finalize",
    "Parallel Aware": false,
    "Startup Cost": 646468.38,
    "Total Cost": 646468.39,
    "Plan Rows": 1,
    "Plan Width": 8,
    "Actual Startup Time": 2216.95,
    "Actual Total Time": 2270.019,
    "Actual Rows": 1,
    "Actual Loops": 1,
    "Plans": [
      {
        "Node Type": "Gather",
        "Parent Relationship": "Outer",
        "Parallel Aware": false,
        "Startup Cost": 646468.26,
        "Total Cost": 646468.37,
        "Plan Rows": 1,
        "Plan Width": 8,
        "Actual Startup Time": 2216.586,
        "Actual Total Time": 2270.01,
        "Actual Rows": 2,
        "Actual Loops": 1,
        "Workers Planned": 1,
        "Workers Launched": 1,
        "Single Copy": false,
        "Plans": [
          {
            "Node Type": "Aggregate",
            "Strategy": "Plain",
            "Partial Mode": "Partial",
            "Parent Relationship": "Outer",
            "Parallel Aware": false,
            "Startup Cost": 645468.26,
            "Total Cost": 645468.27,
            "Plan Rows": 1,
            "Plan Width": 8,
            "Actual Startup Time": 2210.74,
            "Actual Total Time": 2210.745,
            "Actual Rows": 1,
            "Actual Loops": 2,
            "Plans": [
              {
                "Node Type": "Hash Join",
                "Parent Relationship": "Outer",
                "Parallel Aware": true,
                "Join Type": "Inner",
                "Startup Cost": 58418.24,
                "Total Cost": 645384.54,
                "Plan Rows": 33489,
                "Plan Width": 0,
                "Actual Startup Time": 962.052,
                "Actual Total Time": 2209.349,
                "Actual Rows": 17549,
                "Actual Loops": 2,
                "Inner Unique": true,
                "Hash Cond": "(ci.movie_id = t.id)",
                "Plans": [
                  {
                    "Node Type": "Seq Scan",
                    "Parent Relationship": "Outer",
                    "Parallel Aware": true,
                    "Relation Name": "cast_info",
                    "Alias": "ci",
                    "Startup Cost": 0.0,
                    "Total Cost": 572345.93,
                    "Plan Rows": 5569656,
                    "Plan Width": 4,
                    "Actual Startup Time": 789.136,
                    "Actual Total Time": 1753.321,
                    "Actual Rows": 3063586,
                    "Actual Loops": 2,
                    "Filter": "((person_id > 2231870) AND (role_id < 4))",
                    "Rows Removed by Filter": 15058586
                  },
                  {
                    "Node Type": "Hash",
                    "Parent Relationship": "Inner",
                    "Parallel Aware": true,
                    "Startup Cost": 58306.47,
                    "Total Cost": 58306.47,
                    "Plan Rows": 8942,
                    "Plan Width": 4,
                    "Actual Startup Time": 171.631,
                    "Actual Total Time": 171.632,
                    "Actual Rows": 6484,
                    "Actual Loops": 2,
                    "Hash Buckets": 16384,
                    "Original Hash Buckets": 16384,
                    "Hash Batches": 1,
                    "Original Hash Batches": 1,
                    "Peak Memory Usage": 640,
                    "Plans": [
                      {
                        "Node Type": "Seq Scan",
                        "Parent Relationship": "Outer",
                        "Parallel Aware": true,
                        "Relation Name": "title",
                        "Alias": "t",
                        "Startup Cost": 0.0,
                        "Total Cost": 58306.47,
                        "Plan Rows": 8942,
                        "Plan Width": 4,
                        "Actual Startup Time": 0.13,
                        "Actual Total Time": 168.665,
                        "Actual Rows": 6484,
                        "Actual Loops": 2,
                        "Filter": "((kind_id < 7) AND (production_year = 1997))",
                        "Rows Removed by Filter": 1257672
                      }
                    ]
                  }
                ]
              }
            ]
          }
        ]
      }
    ]
  },
  "Planning Time": 0.502,
  "Triggers": [],
  "Execution Time": 2270.106
}