{
  "Plan": {
    "Node Type": "Aggregate",
    "Strategy": "Plain",
    "Partial Mode": "Finalize",
    "Parallel Aware": false,
    "Startup Cost": 1499541.53,
    "Total Cost": 1499541.54,
    "Plan Rows": 1,
    "Plan Width": 8,
    "Actual Startup Time": 3497.292,
    "Actual Total Time": 3549.093,
    "Actual Rows": 1,
    "Actual Loops": 1,
    "Plans": [
      {
        "Node Type": "Gather",
        "Parent Relationship": "Outer",
        "Parallel Aware": false,
        "Startup Cost": 1499541.42,
        "Total Cost": 1499541.53,
        "Plan Rows": 1,
        "Plan Width": 8,
        "Actual Startup Time": 3493.76,
        "Actual Total Time": 3549.083,
        "Actual Rows": 2,
        "Actual Loops": 1,
        "Workers Planned": 1,
        "Workers Launched": 1,
        "Single Copy": false,
        "Plans": [
          {
            "Node Type": "Aggregate",
            "Strategy": "Plain",
            "Partial Mode": "Partial",
            "Parent Relationship": "Outer",
            "Parallel Aware": false,
            "Startup Cost": 1498541.42,
            "Total Cost": 1498541.43,
            "Plan Rows": 1,
            "Plan Width": 8,
            "Actual Startup Time": 3489.302,
            "Actual Total Time": 3489.304,
            "Actual Rows": 1,
            "Actual Loops": 2,
            "Plans": [
              {
                "Node Type": "Merge Join",
                "Parent Relationship": "Outer",
                "Parallel Aware": false,
                "Join Type": "Inner",
                "Startup Cost": 22.49,
                "Total Cost": 1481988.89,
                "Plan Rows": 6621011,
                "Plan Width": 0,
                "Actual Startup Time": 7.237,
                "Actual Total Time": 3388.741,
                "Actual Rows": 2461538,
                "Actual Loops": 2,
                "Inner Unique": false,
                "Merge Cond": "(mi.movie_id = t.id)",
                "Plans": [
                  {
                    "Node Type": "Index Only Scan",
                    "Parent Relationship": "Outer",
                    "Parallel Aware": true,
                    "Scan Direction": "Forward",
                    "Index Name": "movie_id_movie_info",
                    "Relation Name": "movie_info",
                    "Alias": "mi",
                    "Startup Cost": 0.43,
                    "Total Cost": 1018223.42,
                    "Plan Rows": 8696274,
                    "Plan Width": 4,
                    "Actual Startup Time": 0.099,
                    "Actual Total Time": 732.341,
                    "Actual Rows": 2365869,
                    "Actual Loops": 2,
                    "Heap Fetches": 4731738
                  },
                  {
                    "Node Type": "Materialize",
                    "Parent Relationship": "Inner",
                    "Parallel Aware": false,
                    "Startup Cost": 14.77,
                    "Total Cost": 347787.75,
                    "Plan Rows": 1924946,
                    "Plan Width": 8,
                    "Actual Startup Time": 0.964,
                    "Actual Total Time": 2294.55,
                    "Actual Rows": 2690443,
                    "Actual Loops": 2,
                    "Plans": [
                      {
                        "Node Type": "Merge Join",
                        "Parent Relationship": "Outer",
                        "Parallel Aware": false,
                        "Join Type": "Inner",
                        "Startup Cost": 14.77,
                        "Total Cost": 342975.38,
                        "Plan Rows": 1924946,
                        "Plan Width": 8,
                        "Actual Startup Time": 0.954,
                        "Actual Total Time": 2149.546,
                        "Actual Rows": 457822,
                        "Actual Loops": 2,
                        "Inner Unique": false,
                        "Merge Cond": "(t.id = mk.movie_id)",
                        "Plans": [
                          {
                            "Node Type": "Index Scan",
                            "Parent Relationship": "Outer",
                            "Parallel Aware": false,
                            "Scan Direction": "Forward",
                            "Index Name": "title_pkey",
                            "Relation Name": "title",
                            "Alias": "t",
                            "Startup Cost": 0.43,
                            "Total Cost": 122981.43,
                            "Plan Rows": 1353494,
                            "Plan Width": 4,
                            "Actual Startup Time": 0.145,
                            "Actual Total Time": 1248.663,
                            "Actual Rows": 1327779,
                            "Actual Loops": 2,
                            "Filter": "((production_year < 2012) AND (kind_id = 7))",
                            "Rows Removed by Filter": 1198805
                          },
                          {
                            "Node Type": "Index Scan",
                            "Parent Relationship": "Inner",
                            "Parallel Aware": false,
                            "Scan Direction": "Forward",
                            "Index Name": "movie_id_movie_keyword",
                            "Relation Name": "movie_keyword",
                            "Alias": "mk",
                            "Startup Cost": 0.43,
                            "Total Cost": 188497.89,
                            "Plan Rows": 3595751,
                            "Plan Width": 4,
                            "Actual Startup Time": 0.086,
                            "Actual Total Time": 647.692,
                            "Actual Rows": 3602141,
                            "Actual Loops": 2,
                            "Filter": "(keyword_id < 20329)",
                            "Rows Removed by Filter": 921789
                          }
                        ]
                      }
                    ]
                  }
                ]
              }
            ]
          }
        ]
      }
    ]
  },
  "Planning Time": 1.073,
  "Triggers": [],
  "Execution Time": 3549.201
}