{
  "Plan": {
    "Node Type": "Aggregate",
    "Strategy": "Plain",
    "Partial Mode": "Finalize",
    "Parallel Aware": false,
    "Startup Cost": 95166.06,
    "Total Cost": 95166.07,
    "Plan Rows": 1,
    "Plan Width": 8,
    "Actual Startup Time": 290.536,
    "Actual Total Time": 315.488,
    "Actual Rows": 1,
    "Actual Loops": 1,
    "Plans": [
      {
        "Node Type": "Gather",
        "Parent Relationship": "Outer",
        "Parallel Aware": false,
        "Startup Cost": 95165.95,
        "Total Cost": 95166.06,
        "Plan Rows": 1,
        "Plan Width": 8,
        "Actual Startup Time": 290.203,
        "Actual Total Time": 315.481,
        "Actual Rows": 2,
        "Actual Loops": 1,
        "Workers Planned": 1,
        "Workers Launched": 1,
        "Single Copy": false,
        "Plans": [
          {
            "Node Type": "Aggregate",
            "Strategy": "Plain",
            "Partial Mode": "Partial",
            "Parent Relationship": "Outer",
            "Parallel Aware": false,
            "Startup Cost": 94165.95,
            "Total Cost": 94165.96,
            "Plan Rows": 1,
            "Plan Width": 8,
            "Actual Startup Time": 284.751,
            "Actual Total Time": 284.755,
            "Actual Rows": 1,
            "Actual Loops": 2,
            "Plans": [
              {
                "Node Type": "Nested Loop",
                "Parent Relationship": "Outer",
                "Parallel Aware": false,
                "Join Type": "Inner",
                "Startup Cost": 53776.47,
                "Total Cost": 94141.82,
                "Plan Rows": 9651,
                "Plan Width": 0,
                "Actual Startup Time": 95.548,
                "Actual Total Time": 282.404,
                "Actual Rows": 45339,
                "Actual Loops": 2,
                "Inner Unique": false,
                "Join Filter": "(t.id = mi.movie_id)",
                "Rows Removed by Join Filter": 0,
                "Plans": [
                  {
                    "Node Type": "Hash Join",
                    "Parent Relationship": "Outer",
                    "Parallel Aware": true,
                    "Join Type": "Inner",
                    "Startup Cost": 53776.04,
                    "Total Cost": 88633.95,
                    "Plan Rows": 1651,
                    "Plan Width": 8,
                    "Actual Startup Time": 95.483,
                    "Actual Total Time": 210.919,
                    "Actual Rows": 2454,
                    "Actual Loops": 2,
                    "Inner Unique": true,
                    "Hash Cond": "(ci.movie_id = t.id)",
                    "Plans": [
                      {
                        "Node Type": "Index Scan",
                        "Parent Relationship": "Outer",
                        "Parallel Aware": true,
                        "Scan Direction": "Forward",
                        "Index Name": "role_id_cast_info",
                        "Relation Name": "cast_info",
                        "Alias": "ci",
                        "Startup Cost": 0.56,
                        "Total Cost": 34044.81,
                        "Plan Rows": 309968,
                        "Plan Width": 4,
                        "Actual Startup Time": 0.058,
                        "Actual Total Time": 78.62,
                        "Actual Rows": 432998,
                        "Actual Loops": 2,
                        "Index Cond": "(role_id = 9)",
                        "Rows Removed by Index Recheck": 0,
                        "Filter": "(person_id > 1808370)",
                        "Rows Removed by Filter": 113782
                      },
                      {
                        "Node Type": "Hash",
                        "Parent Relationship": "Inner",
                        "Parallel Aware": true,
                        "Startup Cost": 53676.47,
                        "Total Cost": 53676.47,
                        "Plan Rows": 7920,
                        "Plan Width": 4,
                        "Actual Startup Time": 94.249,
                        "Actual Total Time": 94.251,
                        "Actual Rows": 4050,
                        "Actual Loops": 2,
                        "Hash Buckets": 16384,
                        "Original Hash Buckets": 16384,
                        "Hash Batches": 1,
                        "Original Hash Batches": 1,
                        "Peak Memory Usage": 480,
                        "Plans": [
                          {
                            "Node Type": "Bitmap Heap Scan",
                            "Parent Relationship": "Outer",
                            "Parallel Aware": true,
                            "Relation Name": "title",
                            "Alias": "t",
                            "Startup Cost": 11826.22,
                            "Total Cost": 53676.47,
                            "Plan Rows": 7920,
                            "Plan Width": 4,
                            "Actual Startup Time": 37.398,
                            "Actual Total Time": 92.819,
                            "Actual Rows": 4050,
                            "Actual Loops": 2,
                            "Recheck Cond": "(kind_id = 1)",
                            "Rows Removed by Index Recheck": 0,
                            "Filter": "(production_year = 2000)",
                            "Rows Removed by Filter": 327362,
                            "Exact Heap Blocks": 9581,
                            "Lossy Heap Blocks": 0,
                            "Plans": [
                              {
                                "Node Type": "Bitmap Index Scan",
                                "Parent Relationship": "Outer",
                                "Parallel Aware": false,
                                "Index Name": "kind_id_title",
                                "Startup Cost": 0.0,
                                "Total Cost": 11822.85,
                                "Plan Rows": 663256,
                                "Plan Width": 0,
                                "Actual Startup Time": 39.193,
                                "Actual Total Time": 39.193,
                                "Actual Rows": 662825,
                                "Actual Loops": 1,
                                "Index Cond": "(kind_id = 1)"
                              }
                            ]
                          }
                        ]
                      }
                    ]
                  },
                  {
                    "Node Type": "Index Only Scan",
                    "Parent Relationship": "Inner",
                    "Parallel Aware": false,
                    "Scan Direction": "Forward",
                    "Index Name": "movie_id_movie_info",
                    "Relation Name": "movie_info",
                    "Alias": "mi",
                    "Startup Cost": 0.43,
                    "Total Cost": 2.81,
                    "Plan Rows": 42,
                    "Plan Width": 4,
                    "Actual Startup Time": 0.008,
                    "Actual Total Time": 0.027,
                    "Actual Rows": 18,
                    "Actual Loops": 4908,
                    "Index Cond": "(movie_id = ci.movie_id)",
                    "Rows Removed by Index Recheck": 0,
                    "Heap Fetches": 90678
                  }
                ]
              }
            ]
          }
        ]
      }
    ]
  },
  "Planning Time": 0.984,
  "Triggers": [],
  "Execution Time": 315.6
}