[
  {
    "Plan": {
      "Node Type": "Aggregate",
      "Strategy": "Plain",
      "Partial Mode": "Finalize",
      "Parallel Aware": false,
      "Startup Cost": 202425.51,
      "Total Cost": 202425.52,
      "Plan Rows": 1,
      "Plan Width": 8,
      "Actual Startup Time": 312.482,
      "Actual Total Time": 326.709,
      "Actual Rows": 1,
      "Actual Loops": 1,
      "Plans": [
        {
          "Node Type": "Gather",
          "Parent Relationship": "Outer",
          "Parallel Aware": false,
          "Startup Cost": 202425.09,
          "Total Cost": 202425.5,
          "Plan Rows": 4,
          "Plan Width": 8,
          "Actual Startup Time": 302.393,
          "Actual Total Time": 326.699,
          "Actual Rows": 5,
          "Actual Loops": 1,
          "Workers Planned": 4,
          "Workers Launched": 4,
          "Single Copy": false,
          "Plans": [
            {
              "Node Type": "Aggregate",
              "Strategy": "Plain",
              "Partial Mode": "Partial",
              "Parent Relationship": "Outer",
              "Parallel Aware": false,
              "Startup Cost": 201425.09,
              "Total Cost": 201425.1,
              "Plan Rows": 1,
              "Plan Width": 8,
              "Actual Startup Time": 287.885,
              "Actual Total Time": 287.889,
              "Actual Rows": 1,
              "Actual Loops": 5,
              "Plans": [
                {
                  "Node Type": "Nested Loop",
                  "Parent Relationship": "Outer",
                  "Parallel Aware": false,
                  "Join Type": "Inner",
                  "Startup Cost": 50998.33,
                  "Total Cost": 201367.37,
                  "Plan Rows": 23091,
                  "Plan Width": 0,
                  "Actual Startup Time": 259.193,
                  "Actual Total Time": 286.983,
                  "Actual Rows": 18179,
                  "Actual Loops": 5,
                  "Inner Unique": false,
                  "Plans": [
                    {
                      "Node Type": "Hash Join",
                      "Parent Relationship": "Outer",
                      "Parallel Aware": true,
                      "Join Type": "Inner",
                      "Startup Cost": 50997.9,
                      "Total Cost": 178552.44,
                      "Plan Rows": 12905,
                      "Plan Width": 8,
                      "Actual Startup Time": 259.106,
                      "Actual Total Time": 272.393,
                      "Actual Rows": 951,
                      "Actual Loops": 5,
                      "Inner Unique": true,
                      "Hash Cond": "(mi.movie_id = t.id)",
                      "Plans": [
                        {
                          "Node Type": "Bitmap Heap Scan",
                          "Parent Relationship": "Outer",
                          "Parallel Aware": true,
                          "Relation Name": "movie_info",
                          "Alias": "mi",
                          "Startup Cost": 1270.75,
                          "Total Cost": 128779.37,
                          "Plan Rows": 17494,
                          "Plan Width": 4,
                          "Actual Startup Time": 3.256,
                          "Actual Total Time": 8.254,
                          "Actual Rows": 13605,
                          "Actual Loops": 5,
                          "Recheck Cond": "(info_type_id = 94)",
                          "Rows Removed by Index Recheck": 0,
                          "Exact Heap Blocks": 472,
                          "Lossy Heap Blocks": 0,
                          "Plans": [
                            {
                              "Node Type": "Bitmap Index Scan",
                              "Parent Relationship": "Outer",
                              "Parallel Aware": false,
                              "Index Name": "info_type_id_movie_info",
                              "Startup Cost": 0.0,
                              "Total Cost": 1253.25,
                              "Plan Rows": 69976,
                              "Plan Width": 0,
                              "Actual Startup Time": 2.971,
                              "Actual Total Time": 2.971,
                              "Actual Rows": 68025,
                              "Actual Loops": 1,
                              "Index Cond": "(info_type_id = 94)"
                            }
                          ]
                        },
                        {
                          "Node Type": "Hash",
                          "Parent Relationship": "Inner",
                          "Parallel Aware": true,
                          "Startup Cost": 43898.92,
                          "Total Cost": 43898.92,
                          "Plan Rows": 466259,
                          "Plan Width": 4,
                          "Actual Startup Time": 249.435,
                          "Actual Total Time": 249.436,
                          "Actual Rows": 373097,
                          "Actual Loops": 5,
                          "Hash Buckets": 2097152,
                          "Original Hash Buckets": 2097152,
                          "Hash Batches": 1,
                          "Original Hash Batches": 1,
                          "Peak Memory Usage": 89440,
                          "Plans": [
                            {
                              "Node Type": "Seq Scan",
                              "Parent Relationship": "Outer",
                              "Parallel Aware": true,
                              "Relation Name": "title",
                              "Alias": "t",
                              "Startup Cost": 0.0,
                              "Total Cost": 43898.92,
                              "Plan Rows": 466259,
                              "Plan Width": 4,
                              "Actual Startup Time": 0.037,
                              "Actual Total Time": 97.868,
                              "Actual Rows": 373097,
                              "Actual Loops": 5,
                              "Filter": "(kind_id > 1)",
                              "Rows Removed by Filter": 132565
                            }
                          ]
                        }
                      ]
                    },
                    {
                      "Node Type": "Index Only Scan",
                      "Parent Relationship": "Inner",
                      "Parallel Aware": false,
                      "Scan Direction": "Forward",
                      "Index Name": "movie_id_movie_keyword",
                      "Relation Name": "movie_keyword",
                      "Alias": "mk",
                      "Startup Cost": 0.43,
                      "Total Cost": 1.32,
                      "Plan Rows": 45,
                      "Plan Width": 4,
                      "Actual Startup Time": 0.01,
                      "Actual Total Time": 0.013,
                      "Actual Rows": 19,
                      "Actual Loops": 4755,
                      "Index Cond": "(movie_id = t.id)",
                      "Rows Removed by Index Recheck": 0,
                      "Heap Fetches": 90894
                    }
                  ]
                }
              ]
            }
          ]
        }
      ]
    },
    "Planning Time": 1.446,
    "Triggers": [],
    "Execution Time": 326.822
  }
]