[
  {
    "Plan": {
      "Node Type": "Aggregate",
      "Strategy": "Plain",
      "Partial Mode": "Finalize",
      "Parallel Aware": false,
      "Startup Cost": 59750.68,
      "Total Cost": 59750.69,
      "Plan Rows": 1,
      "Plan Width": 8,
      "Actual Startup Time": 121.578,
      "Actual Total Time": 133.248,
      "Actual Rows": 1,
      "Actual Loops": 1,
      "Plans": [
        {
          "Node Type": "Gather",
          "Parent Relationship": "Outer",
          "Parallel Aware": false,
          "Startup Cost": 59750.46,
          "Total Cost": 59750.67,
          "Plan Rows": 2,
          "Plan Width": 8,
          "Actual Startup Time": 121.288,
          "Actual Total Time": 133.239,
          "Actual Rows": 3,
          "Actual Loops": 1,
          "Workers Planned": 2,
          "Workers Launched": 2,
          "Single Copy": false,
          "Plans": [
            {
              "Node Type": "Aggregate",
              "Strategy": "Plain",
              "Partial Mode": "Partial",
              "Parent Relationship": "Outer",
              "Parallel Aware": false,
              "Startup Cost": 58750.46,
              "Total Cost": 58750.47,
              "Plan Rows": 1,
              "Plan Width": 8,
              "Actual Startup Time": 113.334,
              "Actual Total Time": 113.339,
              "Actual Rows": 1,
              "Actual Loops": 3,
              "Plans": [
                {
                  "Node Type": "Nested Loop",
                  "Parent Relationship": "Outer",
                  "Parallel Aware": false,
                  "Join Type": "Inner",
                  "Startup Cost": 38151.56,
                  "Total Cost": 58740.41,
                  "Plan Rows": 4021,
                  "Plan Width": 0,
                  "Actual Startup Time": 45.851,
                  "Actual Total Time": 112.948,
                  "Actual Rows": 8103,
                  "Actual Loops": 3,
                  "Inner Unique": false,
                  "Join Filter": "(t.id = mk.movie_id)",
                  "Rows Removed by Join Filter": 0,
                  "Plans": [
                    {
                      "Node Type": "Hash Join",
                      "Parent Relationship": "Outer",
                      "Parallel Aware": true,
                      "Join Type": "Inner",
                      "Startup Cost": 38151.13,
                      "Total Cost": 53781.48,
                      "Plan Rows": 2248,
                      "Plan Width": 8,
                      "Actual Startup Time": 45.75,
                      "Actual Total Time": 101.089,
                      "Actual Rows": 3226,
                      "Actual Loops": 3,
                      "Inner Unique": true,
                      "Hash Cond": "(mi_idx.movie_id = t.id)",
                      "Plans": [
                        {
                          "Node Type": "Seq Scan",
                          "Parent Relationship": "Outer",
                          "Parallel Aware": true,
                          "Relation Name": "movie_info_idx",
                          "Alias": "mi_idx",
                          "Startup Cost": 0.0,
                          "Total Cost": 15122.68,
                          "Plan Rows": 193397,
                          "Plan Width": 4,
                          "Actual Startup Time": 0.011,
                          "Actual Total Time": 38.937,
                          "Actual Rows": 153395,
                          "Actual Loops": 3,
                          "Filter": "(info_type_id > 100)",
                          "Rows Removed by Filter": 306617
                        },
                        {
                          "Node Type": "Hash",
                          "Parent Relationship": "Inner",
                          "Parallel Aware": true,
                          "Startup Cost": 38059.3,
                          "Total Cost": 38059.3,
                          "Plan Rows": 7346,
                          "Plan Width": 4,
                          "Actual Startup Time": 45.289,
                          "Actual Total Time": 45.29,
                          "Actual Rows": 8590,
                          "Actual Loops": 3,
                          "Hash Buckets": 32768,
                          "Original Hash Buckets": 32768,
                          "Hash Batches": 1,
                          "Original Hash Batches": 1,
                          "Peak Memory Usage": 1312,
                          "Plans": [
                            {
                              "Node Type": "Bitmap Heap Scan",
                              "Parent Relationship": "Outer",
                              "Parallel Aware": true,
                              "Relation Name": "title",
                              "Alias": "t",
                              "Startup Cost": 1704.79,
                              "Total Cost": 38059.3,
                              "Plan Rows": 7346,
                              "Plan Width": 4,
                              "Actual Startup Time": 3.385,
                              "Actual Total Time": 42.742,
                              "Actual Rows": 8590,
                              "Actual Loops": 3,
                              "Recheck Cond": "(kind_id = 2)",
                              "Rows Removed by Index Recheck": 0,
                              "Filter": "(production_year > 2007)",
                              "Rows Removed by Filter": 21694,
                              "Exact Heap Blocks": 17362,
                              "Lossy Heap Blocks": 0,
                              "Plans": [
                                {
                                  "Node Type": "Bitmap Index Scan",
                                  "Parent Relationship": "Outer",
                                  "Parallel Aware": false,
                                  "Index Name": "kind_id_title",
                                  "Startup Cost": 0.0,
                                  "Total Cost": 1697.45,
                                  "Plan Rows": 95069,
                                  "Plan Width": 0,
                                  "Actual Startup Time": 6.458,
                                  "Actual Total Time": 6.458,
                                  "Actual Rows": 90852,
                                  "Actual Loops": 1,
                                  "Index Cond": "(kind_id = 2)"
                                }
                              ]
                            }
                          ]
                        }
                      ]
                    },
                    {
                      "Node Type": "Index Only Scan",
                      "Parent Relationship": "Inner",
                      "Parallel Aware": false,
                      "Scan Direction": "Forward",
                      "Index Name": "movie_id_movie_keyword",
                      "Relation Name": "movie_keyword",
                      "Alias": "mk",
                      "Startup Cost": 0.43,
                      "Total Cost": 1.63,
                      "Plan Rows": 46,
                      "Plan Width": 4,
                      "Actual Startup Time": 0.003,
                      "Actual Total Time": 0.003,
                      "Actual Rows": 3,
                      "Actual Loops": 9678,
                      "Index Cond": "(movie_id = mi_idx.movie_id)",
                      "Rows Removed by Index Recheck": 0,
                      "Heap Fetches": 24310
                    }
                  ]
                }
              ]
            }
          ]
        }
      ]
    },
    "Planning Time": 0.408,
    "Triggers": [],
    "Execution Time": 133.312
  }
]