[
  {
    "Plan": {
      "Node Type": "Aggregate",
      "Strategy": "Plain",
      "Partial Mode": "Finalize",
      "Parallel Aware": false,
      "Startup Cost": 23677.51,
      "Total Cost": 23677.52,
      "Plan Rows": 1,
      "Plan Width": 8,
      "Actual Startup Time": 59.685,
      "Actual Total Time": 65.802,
      "Actual Rows": 1,
      "Actual Loops": 1,
      "Plans": [
        {
          "Node Type": "Gather",
          "Parent Relationship": "Outer",
          "Parallel Aware": false,
          "Startup Cost": 23677.09,
          "Total Cost": 23677.5,
          "Plan Rows": 4,
          "Plan Width": 8,
          "Actual Startup Time": 59.536,
          "Actual Total Time": 65.795,
          "Actual Rows": 5,
          "Actual Loops": 1,
          "Workers Planned": 4,
          "Workers Launched": 4,
          "Single Copy": false,
          "Plans": [
            {
              "Node Type": "Aggregate",
              "Strategy": "Plain",
              "Partial Mode": "Partial",
              "Parent Relationship": "Outer",
              "Parallel Aware": false,
              "Startup Cost": 22677.09,
              "Total Cost": 22677.1,
              "Plan Rows": 1,
              "Plan Width": 8,
              "Actual Startup Time": 52.642,
              "Actual Total Time": 52.644,
              "Actual Rows": 1,
              "Actual Loops": 5,
              "Plans": [
                {
                  "Node Type": "Index Scan",
                  "Parent Relationship": "Outer",
                  "Parallel Aware": true,
                  "Scan Direction": "Forward",
                  "Index Name": "role_id_cast_info",
                  "Relation Name": "cast_info",
                  "Alias": "ci",
                  "Startup Cost": 0.56,
                  "Total Cost": 22393.76,
                  "Plan Rows": 113334,
                  "Plan Width": 0,
                  "Actual Startup Time": 0.121,
                  "Actual Total Time": 45.722,
                  "Actual Rows": 102449,
                  "Actual Loops": 5,
                  "Index Cond": "(role_id = 6)",
                  "Rows Removed by Index Recheck": 0,
                  "Filter": "(person_id > 1576512)",
                  "Rows Removed by Filter": 52285
                }
              ]
            }
          ]
        }
      ]
    },
    "Planning Time": 0.13,
    "Triggers": [],
    "Execution Time": 65.839
  }
]