[
  {
    "Plan": {
      "Node Type": "Aggregate",
      "Strategy": "Plain",
      "Partial Mode": "Finalize",
      "Parallel Aware": false,
      "Startup Cost": 32378.85,
      "Total Cost": 32378.86,
      "Plan Rows": 1,
      "Plan Width": 8,
      "Actual Startup Time": 164.99,
      "Actual Total Time": 173.002,
      "Actual Rows": 1,
      "Actual Loops": 1,
      "Plans": [
        {
          "Node Type": "Gather",
          "Parent Relationship": "Outer",
          "Parallel Aware": false,
          "Startup Cost": 32378.53,
          "Total Cost": 32378.84,
          "Plan Rows": 3,
          "Plan Width": 8,
          "Actual Startup Time": 164.874,
          "Actual Total Time": 172.995,
          "Actual Rows": 4,
          "Actual Loops": 1,
          "Workers Planned": 3,
          "Workers Launched": 3,
          "Single Copy": false,
          "Plans": [
            {
              "Node Type": "Aggregate",
              "Strategy": "Plain",
              "Partial Mode": "Partial",
              "Parent Relationship": "Outer",
              "Parallel Aware": false,
              "Startup Cost": 31378.53,
              "Total Cost": 31378.54,
              "Plan Rows": 1,
              "Plan Width": 8,
              "Actual Startup Time": 159.222,
              "Actual Total Time": 159.224,
              "Actual Rows": 1,
              "Actual Loops": 4,
              "Plans": [
                {
                  "Node Type": "Seq Scan",
                  "Parent Relationship": "Outer",
                  "Parallel Aware": true,
                  "Relation Name": "movie_companies",
                  "Alias": "mc",
                  "Startup Cost": 0.0,
                  "Total Cost": 29310.68,
                  "Plan Rows": 827140,
                  "Plan Width": 0,
                  "Actual Startup Time": 0.042,
                  "Actual Total Time": 113.996,
                  "Actual Rows": 641147,
                  "Actual Loops": 4,
                  "Filter": "(company_id < 195777)",
                  "Rows Removed by Filter": 11135
                }
              ]
            }
          ]
        }
      ]
    },
    "Planning Time": 0.134,
    "Triggers": [],
    "Execution Time": 173.045
  }
]