[
  {
    "Plan": {
      "Node Type": "Aggregate",
      "Strategy": "Plain",
      "Partial Mode": "Finalize",
      "Parallel Aware": false,
      "Startup Cost": 33464.64,
      "Total Cost": 33464.65,
      "Plan Rows": 1,
      "Plan Width": 8,
      "Actual Startup Time": 89.138,
      "Actual Total Time": 96.686,
      "Actual Rows": 1,
      "Actual Loops": 1,
      "Plans": [
        {
          "Node Type": "Gather",
          "Parent Relationship": "Outer",
          "Parallel Aware": false,
          "Startup Cost": 33464.33,
          "Total Cost": 33464.64,
          "Plan Rows": 3,
          "Plan Width": 8,
          "Actual Startup Time": 88.969,
          "Actual Total Time": 96.676,
          "Actual Rows": 4,
          "Actual Loops": 1,
          "Workers Planned": 3,
          "Workers Launched": 3,
          "Single Copy": false,
          "Plans": [
            {
              "Node Type": "Aggregate",
              "Strategy": "Plain",
              "Partial Mode": "Partial",
              "Parent Relationship": "Outer",
              "Parallel Aware": false,
              "Startup Cost": 32464.33,
              "Total Cost": 32464.34,
              "Plan Rows": 1,
              "Plan Width": 8,
              "Actual Startup Time": 85.132,
              "Actual Total Time": 85.134,
              "Actual Rows": 1,
              "Actual Loops": 4,
              "Plans": [
                {
                  "Node Type": "Seq Scan",
                  "Parent Relationship": "Outer",
                  "Parallel Aware": true,
                  "Relation Name": "movie_companies",
                  "Alias": "mc",
                  "Startup Cost": 0.0,
                  "Total Cost": 31414.82,
                  "Plan Rows": 419803,
                  "Plan Width": 0,
                  "Actual Startup Time": 36.203,
                  "Actual Total Time": 72.24,
                  "Actual Rows": 318271,
                  "Actual Loops": 4,
                  "Filter": "((company_id < 182510) AND (company_type_id > 1))",
                  "Rows Removed by Filter": 334011
                }
              ]
            }
          ]
        }
      ]
    },
    "Planning Time": 0.109,
    "Triggers": [],
    "Execution Time": 96.715
  }
]