[
  {
    "Plan": {
      "Node Type": "Aggregate",
      "Strategy": "Plain",
      "Partial Mode": "Finalize",
      "Parallel Aware": false,
      "Startup Cost": 37523.57,
      "Total Cost": 37523.58,
      "Plan Rows": 1,
      "Plan Width": 8,
      "Actual Startup Time": 64.086,
      "Actual Total Time": 72.558,
      "Actual Rows": 1,
      "Actual Loops": 1,
      "Plans": [
        {
          "Node Type": "Gather",
          "Parent Relationship": "Outer",
          "Parallel Aware": false,
          "Startup Cost": 37523.35,
          "Total Cost": 37523.56,
          "Plan Rows": 2,
          "Plan Width": 8,
          "Actual Startup Time": 63.937,
          "Actual Total Time": 72.55,
          "Actual Rows": 3,
          "Actual Loops": 1,
          "Workers Planned": 2,
          "Workers Launched": 2,
          "Single Copy": false,
          "Plans": [
            {
              "Node Type": "Aggregate",
              "Strategy": "Plain",
              "Partial Mode": "Partial",
              "Parent Relationship": "Outer",
              "Parallel Aware": false,
              "Startup Cost": 36523.35,
              "Total Cost": 36523.36,
              "Plan Rows": 1,
              "Plan Width": 8,
              "Actual Startup Time": 56.222,
              "Actual Total Time": 56.224,
              "Actual Rows": 1,
              "Actual Loops": 3,
              "Plans": [
                {
                  "Node Type": "Nested Loop",
                  "Parent Relationship": "Outer",
                  "Parallel Aware": false,
                  "Join Type": "Inner",
                  "Startup Cost": 145.88,
                  "Total Cost": 36519.49,
                  "Plan Rows": 1543,
                  "Plan Width": 0,
                  "Actual Startup Time": 2.843,
                  "Actual Total Time": 55.728,
                  "Actual Rows": 4275,
                  "Actual Loops": 3,
                  "Inner Unique": false,
                  "Plans": [
                    {
                      "Node Type": "Nested Loop",
                      "Parent Relationship": "Outer",
                      "Parallel Aware": false,
                      "Join Type": "Inner",
                      "Startup Cost": 145.45,
                      "Total Cost": 35013.79,
                      "Plan Rows": 2828,
                      "Plan Width": 8,
                      "Actual Startup Time": 2.544,
                      "Actual Total Time": 35.141,
                      "Actual Rows": 1957,
                      "Actual Loops": 3,
                      "Inner Unique": true,
                      "Plans": [
                        {
                          "Node Type": "Bitmap Heap Scan",
                          "Parent Relationship": "Outer",
                          "Parallel Aware": true,
                          "Relation Name": "movie_keyword",
                          "Alias": "mk",
                          "Startup Cost": 145.02,
                          "Total Cost": 15193.32,
                          "Plan Rows": 2828,
                          "Plan Width": 4,
                          "Actual Startup Time": 2.401,
                          "Actual Total Time": 10.894,
                          "Actual Rows": 1957,
                          "Actual Loops": 3,
                          "Recheck Cond": "(keyword_id = 2860)",
                          "Rows Removed by Index Recheck": 0,
                          "Exact Heap Blocks": 2611,
                          "Lossy Heap Blocks": 0,
                          "Plans": [
                            {
                              "Node Type": "Bitmap Index Scan",
                              "Parent Relationship": "Outer",
                              "Parallel Aware": false,
                              "Index Name": "keyword_id_movie_keyword",
                              "Startup Cost": 0.0,
                              "Total Cost": 143.33,
                              "Plan Rows": 6786,
                              "Plan Width": 0,
                              "Actual Startup Time": 4.638,
                              "Actual Total Time": 4.638,
                              "Actual Rows": 5871,
                              "Actual Loops": 1,
                              "Index Cond": "(keyword_id = 2860)"
                            }
                          ]
                        },
                        {
                          "Node Type": "Index Only Scan",
                          "Parent Relationship": "Inner",
                          "Parallel Aware": false,
                          "Scan Direction": "Forward",
                          "Index Name": "title_pkey",
                          "Relation Name": "title",
                          "Alias": "t",
                          "Startup Cost": 0.43,
                          "Total Cost": 7.01,
                          "Plan Rows": 1,
                          "Plan Width": 4,
                          "Actual Startup Time": 0.012,
                          "Actual Total Time": 0.012,
                          "Actual Rows": 1,
                          "Actual Loops": 5871,
                          "Index Cond": "(id = mk.movie_id)",
                          "Rows Removed by Index Recheck": 0,
                          "Heap Fetches": 5871
                        }
                      ]
                    },
                    {
                      "Node Type": "Index Only Scan",
                      "Parent Relationship": "Inner",
                      "Parallel Aware": false,
                      "Scan Direction": "Forward",
                      "Index Name": "movie_id_movie_info_idx",
                      "Relation Name": "movie_info_idx",
                      "Alias": "mi_idx",
                      "Startup Cost": 0.43,
                      "Total Cost": 0.5,
                      "Plan Rows": 3,
                      "Plan Width": 4,
                      "Actual Startup Time": 0.009,
                      "Actual Total Time": 0.01,
                      "Actual Rows": 2,
                      "Actual Loops": 5871,
                      "Index Cond": "(movie_id = t.id)",
                      "Rows Removed by Index Recheck": 0,
                      "Heap Fetches": 12825
                    }
                  ]
                }
              ]
            }
          ]
        }
      ]
    },
    "Planning Time": 1.305,
    "Triggers": [],
    "Execution Time": 72.665
  }
]