[
    {
        "Bao": {
            "Bao prediction": "NaN",
            "Bao recommended hint": "(no hint)"
        }
    },
    {
        "Plan": {
            "Node Type": "Aggregate",
            "Strategy": "Plain",
            "Partial Mode": "Finalize",
            "Parallel Aware": false,
            "Startup Cost": 33033.66,
            "Total Cost": 33033.67,
            "Plan Rows": 1,
            "Plan Width": 8,
            "Actual Startup Time": 98.922,
            "Actual Total Time": 105.832,
            "Actual Rows": 1,
            "Actual Loops": 1,
            "Output": [
                "count(*)"
            ],
            "Plans": [
                {
                    "Node Type": "Gather",
                    "Parent Relationship": "Outer",
                    "Parallel Aware": false,
                    "Startup Cost": 33033.34,
                    "Total Cost": 33033.65,
                    "Plan Rows": 3,
                    "Plan Width": 8,
                    "Actual Startup Time": 98.797,
                    "Actual Total Time": 105.826,
                    "Actual Rows": 4,
                    "Actual Loops": 1,
                    "Output": [
                        "(PARTIAL count(*))"
                    ],
                    "Workers Planned": 3,
                    "Workers Launched": 3,
                    "Single Copy": false,
                    "Plans": [
                        {
                            "Node Type": "Aggregate",
                            "Strategy": "Plain",
                            "Partial Mode": "Partial",
                            "Parent Relationship": "Outer",
                            "Parallel Aware": false,
                            "Startup Cost": 32033.34,
                            "Total Cost": 32033.35,
                            "Plan Rows": 1,
                            "Plan Width": 8,
                            "Actual Startup Time": 90.697,
                            "Actual Total Time": 90.698,
                            "Actual Rows": 1,
                            "Actual Loops": 4,
                            "Output": [
                                "PARTIAL count(*)"
                            ],
                            "Workers": [
                                {
                                    "Worker Number": 0,
                                    "Actual Startup Time": 88.007,
                                    "Actual Total Time": 88.008,
                                    "Actual Rows": 1,
                                    "Actual Loops": 1
                                },
                                {
                                    "Worker Number": 1,
                                    "Actual Startup Time": 88.152,
                                    "Actual Total Time": 88.153,
                                    "Actual Rows": 1,
                                    "Actual Loops": 1
                                },
                                {
                                    "Worker Number": 2,
                                    "Actual Startup Time": 88.101,
                                    "Actual Total Time": 88.103,
                                    "Actual Rows": 1,
                                    "Actual Loops": 1
                                }
                            ],
                            "Plans": [
                                {
                                    "Node Type": "Seq Scan",
                                    "Parent Relationship": "Outer",
                                    "Parallel Aware": true,
                                    "Relation Name": "movie_companies",
                                    "Schema": "public",
                                    "Alias": "mc",
                                    "Startup Cost": 0.0,
                                    "Total Cost": 31414.82,
                                    "Plan Rows": 247410,
                                    "Plan Width": 0,
                                    "Actual Startup Time": 44.761,
                                    "Actual Total Time": 83.971,
                                    "Actual Rows": 119375,
                                    "Actual Loops": 4,
                                    "Output": [
                                        "id",
                                        "movie_id",
                                        "company_id",
                                        "company_type_id",
                                        "note"
                                    ],
                                    "Filter": "((mc.company_id < 13943) AND (mc.company_type_id = 2))",
                                    "Rows Removed by Filter": 532908,
                                    "Workers": [
                                        {
                                            "Worker Number": 0,
                                            "Actual Startup Time": 42.071,
                                            "Actual Total Time": 81.38,
                                            "Actual Rows": 97831,
                                            "Actual Loops": 1
                                        },
                                        {
                                            "Worker Number": 1,
                                            "Actual Startup Time": 42.218,
                                            "Actual Total Time": 81.467,
                                            "Actual Rows": 98524,
                                            "Actual Loops": 1
                                        },
                                        {
                                            "Worker Number": 2,
                                            "Actual Startup Time": 42.171,
                                            "Actual Total Time": 81.733,
                                            "Actual Rows": 94411,
                                            "Actual Loops": 1
                                        }
                                    ]
                                }
                            ]
                        }
                    ]
                }
            ]
        },
        "Planning Time": 185.513,
        "Triggers": [],
        "Execution Time": 105.875
    }
]