[
  {
    "Plan": {
      "Node Type": "Aggregate",
      "Strategy": "Plain",
      "Partial Mode": "Finalize",
      "Parallel Aware": false,
      "Startup Cost": 127152.96,
      "Total Cost": 127152.97,
      "Plan Rows": 1,
      "Plan Width": 8,
      "Actual Startup Time": 454.536,
      "Actual Total Time": 475.831,
      "Actual Rows": 1,
      "Actual Loops": 1,
      "Plans": [
        {
          "Node Type": "Gather",
          "Parent Relationship": "Outer",
          "Parallel Aware": false,
          "Startup Cost": 127152.64,
          "Total Cost": 127152.95,
          "Plan Rows": 3,
          "Plan Width": 8,
          "Actual Startup Time": 450.337,
          "Actual Total Time": 475.824,
          "Actual Rows": 4,
          "Actual Loops": 1,
          "Workers Planned": 3,
          "Workers Launched": 3,
          "Single Copy": false,
          "Plans": [
            {
              "Node Type": "Aggregate",
              "Strategy": "Plain",
              "Partial Mode": "Partial",
              "Parent Relationship": "Outer",
              "Parallel Aware": false,
              "Startup Cost": 126152.64,
              "Total Cost": 126152.65,
              "Plan Rows": 1,
              "Plan Width": 8,
              "Actual Startup Time": 445.973,
              "Actual Total Time": 446.213,
              "Actual Rows": 1,
              "Actual Loops": 4,
              "Plans": [
                {
                  "Node Type": "Hash Join",
                  "Parent Relationship": "Outer",
                  "Parallel Aware": true,
                  "Join Type": "Inner",
                  "Startup Cost": 94701.28,
                  "Total Cost": 125922.26,
                  "Plan Rows": 92152,
                  "Plan Width": 0,
                  "Actual Startup Time": 371.373,
                  "Actual Total Time": 443.818,
                  "Actual Rows": 55702,
                  "Actual Loops": 4,
                  "Inner Unique": false,
                  "Hash Cond": "(mc.movie_id = t.id)",
                  "Plans": [
                    {
                      "Node Type": "Seq Scan",
                      "Parent Relationship": "Outer",
                      "Parallel Aware": true,
                      "Relation Name": "movie_companies",
                      "Alias": "mc",
                      "Startup Cost": 0.0,
                      "Total Cost": 29310.68,
                      "Plan Rows": 430142,
                      "Plan Width": 4,
                      "Actual Startup Time": 28.605,
                      "Actual Total Time": 62.807,
                      "Actual Rows": 333721,
                      "Actual Loops": 4,
                      "Filter": "(company_type_id > 1)",
                      "Rows Removed by Filter": 318562
                    },
                    {
                      "Node Type": "Hash",
                      "Parent Relationship": "Inner",
                      "Parallel Aware": true,
                      "Startup Cost": 92517.1,
                      "Total Cost": 92517.1,
                      "Plan Rows": 174735,
                      "Plan Width": 8,
                      "Actual Startup Time": 338.406,
                      "Actual Total Time": 338.644,
                      "Actual Rows": 68431,
                      "Actual Loops": 4,
                      "Hash Buckets": 1048576,
                      "Original Hash Buckets": 1048576,
                      "Hash Batches": 1,
                      "Original Hash Batches": 1,
                      "Peak Memory Usage": 18944,
                      "Plans": [
                        {
                          "Node Type": "Hash Join",
                          "Parent Relationship": "Outer",
                          "Parallel Aware": true,
                          "Join Type": "Inner",
                          "Startup Cost": 48693.95,
                          "Total Cost": 92517.1,
                          "Plan Rows": 174735,
                          "Plan Width": 8,
                          "Actual Startup Time": 178.645,
                          "Actual Total Time": 319.542,
                          "Actual Rows": 68431,
                          "Actual Loops": 4,
                          "Inner Unique": true,
                          "Hash Cond": "(mk.movie_id = t.id)",
                          "Plans": [
                            {
                              "Node Type": "Seq Scan",
                              "Parent Relationship": "Outer",
                              "Parallel Aware": true,
                              "Relation Name": "movie_keyword",
                              "Alias": "mk",
                              "Startup Cost": 0.0,
                              "Total Cost": 42695.65,
                              "Plan Rows": 429522,
                              "Plan Width": 4,
                              "Actual Startup Time": 0.849,
                              "Actual Total Time": 92.92,
                              "Actual Rows": 332431,
                              "Actual Loops": 4,
                              "Filter": "(keyword_id > 12951)",
                              "Rows Removed by Filter": 798551
                            },
                            {
                              "Node Type": "Hash",
                              "Parent Relationship": "Inner",
                              "Parallel Aware": true,
                              "Startup Cost": 45479.59,
                              "Total Cost": 45479.59,
                              "Plan Rows": 257149,
                              "Plan Width": 4,
                              "Actual Startup Time": 175.992,
                              "Actual Total Time": 175.994,
                              "Actual Rows": 239314,
                              "Actual Loops": 4,
                              "Hash Buckets": 1048576,
                              "Original Hash Buckets": 1048576,
                              "Hash Batches": 1,
                              "Original Hash Batches": 1,
                              "Peak Memory Usage": 45696,
                              "Plans": [
                                {
                                  "Node Type": "Seq Scan",
                                  "Parent Relationship": "Outer",
                                  "Parallel Aware": true,
                                  "Relation Name": "title",
                                  "Alias": "t",
                                  "Startup Cost": 0.0,
                                  "Total Cost": 45479.59,
                                  "Plan Rows": 257149,
                                  "Plan Width": 4,
                                  "Actual Startup Time": 0.015,
                                  "Actual Total Time": 100.825,
                                  "Actual Rows": 239314,
                                  "Actual Loops": 4,
                                  "Filter": "((kind_id > 3) AND (production_year < 2007))",
                                  "Rows Removed by Filter": 392764
                                }
                              ]
                            }
                          ]
                        }
                      ]
                    }
                  ]
                }
              ]
            }
          ]
        }
      ]
    },
    "Planning Time": 0.733,
    "Triggers": [],
    "Execution Time": 475.878
  }
]