[
  {
    "Plan": {
      "Node Type": "Aggregate",
      "Strategy": "Plain",
      "Partial Mode": "Finalize",
      "Parallel Aware": false,
      "Startup Cost": 32950.38,
      "Total Cost": 32950.39,
      "Plan Rows": 1,
      "Plan Width": 8,
      "Actual Startup Time": 103.633,
      "Actual Total Time": 111.731,
      "Actual Rows": 1,
      "Actual Loops": 1,
      "Plans": [
        {
          "Node Type": "Gather",
          "Parent Relationship": "Outer",
          "Parallel Aware": false,
          "Startup Cost": 32950.06,
          "Total Cost": 32950.37,
          "Plan Rows": 3,
          "Plan Width": 8,
          "Actual Startup Time": 103.506,
          "Actual Total Time": 111.722,
          "Actual Rows": 4,
          "Actual Loops": 1,
          "Workers Planned": 3,
          "Workers Launched": 3,
          "Single Copy": false,
          "Plans": [
            {
              "Node Type": "Aggregate",
              "Strategy": "Plain",
              "Partial Mode": "Partial",
              "Parent Relationship": "Outer",
              "Parallel Aware": false,
              "Startup Cost": 31950.06,
              "Total Cost": 31950.07,
              "Plan Rows": 1,
              "Plan Width": 8,
              "Actual Startup Time": 96.619,
              "Actual Total Time": 96.62,
              "Actual Rows": 1,
              "Actual Loops": 4,
              "Plans": [
                {
                  "Node Type": "Seq Scan",
                  "Parent Relationship": "Outer",
                  "Parallel Aware": true,
                  "Relation Name": "movie_companies",
                  "Alias": "mc",
                  "Startup Cost": 0.0,
                  "Total Cost": 31414.82,
                  "Plan Rows": 214098,
                  "Plan Width": 0,
                  "Actual Startup Time": 21.852,
                  "Actual Total Time": 90.234,
                  "Actual Rows": 107496,
                  "Actual Loops": 4,
                  "Filter": "((company_id > 11153) AND (company_type_id < 2))",
                  "Rows Removed by Filter": 544787
                }
              ]
            }
          ]
        }
      ]
    },
    "Planning Time": 0.236,
    "Triggers": [],
    "Execution Time": 111.783
  }
]