[
  {
    "Plan": {
      "Node Type": "Aggregate",
      "Strategy": "Plain",
      "Partial Mode": "Finalize",
      "Parallel Aware": false,
      "Startup Cost": 129765.28,
      "Total Cost": 129765.29,
      "Plan Rows": 1,
      "Plan Width": 8,
      "Actual Startup Time": 663.116,
      "Actual Total Time": 685.261,
      "Actual Rows": 1,
      "Actual Loops": 1,
      "Plans": [
        {
          "Node Type": "Gather",
          "Parent Relationship": "Outer",
          "Parallel Aware": false,
          "Startup Cost": 129764.96,
          "Total Cost": 129765.27,
          "Plan Rows": 3,
          "Plan Width": 8,
          "Actual Startup Time": 654.293,
          "Actual Total Time": 685.25,
          "Actual Rows": 4,
          "Actual Loops": 1,
          "Workers Planned": 3,
          "Workers Launched": 3,
          "Single Copy": false,
          "Plans": [
            {
              "Node Type": "Aggregate",
              "Strategy": "Plain",
              "Partial Mode": "Partial",
              "Parent Relationship": "Outer",
              "Parallel Aware": false,
              "Startup Cost": 128764.96,
              "Total Cost": 128764.97,
              "Plan Rows": 1,
              "Plan Width": 8,
              "Actual Startup Time": 646.387,
              "Actual Total Time": 646.757,
              "Actual Rows": 1,
              "Actual Loops": 4,
              "Plans": [
                {
                  "Node Type": "Hash Join",
                  "Parent Relationship": "Outer",
                  "Parallel Aware": true,
                  "Join Type": "Inner",
                  "Startup Cost": 83295.88,
                  "Total Cost": 128398.14,
                  "Plan Rows": 146728,
                  "Plan Width": 0,
                  "Actual Startup Time": 489.827,
                  "Actual Total Time": 645.046,
                  "Actual Rows": 32953,
                  "Actual Loops": 4,
                  "Inner Unique": false,
                  "Hash Cond": "(mk.movie_id = t.id)",
                  "Plans": [
                    {
                      "Node Type": "Seq Scan",
                      "Parent Relationship": "Outer",
                      "Parallel Aware": true,
                      "Relation Name": "movie_keyword",
                      "Alias": "mk",
                      "Startup Cost": 0.0,
                      "Total Cost": 42695.65,
                      "Plan Rows": 515545,
                      "Plan Width": 4,
                      "Actual Startup Time": 0.664,
                      "Actual Total Time": 111.529,
                      "Actual Rows": 397594,
                      "Actual Loops": 4,
                      "Filter": "(keyword_id > 9732)",
                      "Rows Removed by Filter": 733388
                    },
                    {
                      "Node Type": "Hash",
                      "Parent Relationship": "Inner",
                      "Parallel Aware": true,
                      "Startup Cost": 80394.25,
                      "Total Cost": 80394.25,
                      "Plan Rows": 232131,
                      "Plan Width": 8,
                      "Actual Startup Time": 484.755,
                      "Actual Total Time": 485.123,
                      "Actual Rows": 46920,
                      "Actual Loops": 4,
                      "Hash Buckets": 1048576,
                      "Original Hash Buckets": 1048576,
                      "Hash Batches": 1,
                      "Original Hash Batches": 1,
                      "Peak Memory Usage": 15616,
                      "Plans": [
                        {
                          "Node Type": "Hash Join",
                          "Parent Relationship": "Outer",
                          "Parallel Aware": true,
                          "Join Type": "Inner",
                          "Startup Cost": 50024.14,
                          "Total Cost": 80394.25,
                          "Plan Rows": 232131,
                          "Plan Width": 8,
                          "Actual Startup Time": 345.342,
                          "Actual Total Time": 459.714,
                          "Actual Rows": 46920,
                          "Actual Loops": 4,
                          "Inner Unique": true,
                          "Hash Cond": "(mc.movie_id = t.id)",
                          "Plans": [
                            {
                              "Node Type": "Seq Scan",
                              "Parent Relationship": "Outer",
                              "Parallel Aware": true,
                              "Relation Name": "movie_companies",
                              "Alias": "mc",
                              "Startup Cost": 0.0,
                              "Total Cost": 29310.68,
                              "Plan Rows": 403592,
                              "Plan Width": 4,
                              "Actual Startup Time": 10.505,
                              "Actual Total Time": 80.12,
                              "Actual Rows": 310628,
                              "Actual Loops": 4,
                              "Filter": "(company_id > 11757)",
                              "Rows Removed by Filter": 341654
                            },
                            {
                              "Node Type": "Hash",
                              "Parent Relationship": "Inner",
                              "Parallel Aware": true,
                              "Startup Cost": 45479.59,
                              "Total Cost": 45479.59,
                              "Plan Rows": 363564,
                              "Plan Width": 4,
                              "Actual Startup Time": 274.165,
                              "Actual Total Time": 274.167,
                              "Actual Rows": 359546,
                              "Actual Loops": 4,
                              "Hash Buckets": 2097152,
                              "Original Hash Buckets": 2097152,
                              "Hash Batches": 1,
                              "Original Hash Batches": 1,
                              "Peak Memory Usage": 72672,
                              "Plans": [
                                {
                                  "Node Type": "Seq Scan",
                                  "Parent Relationship": "Outer",
                                  "Parallel Aware": true,
                                  "Relation Name": "title",
                                  "Alias": "t",
                                  "Startup Cost": 0.0,
                                  "Total Cost": 45479.59,
                                  "Plan Rows": 363564,
                                  "Plan Width": 4,
                                  "Actual Startup Time": 0.048,
                                  "Actual Total Time": 124.354,
                                  "Actual Rows": 359546,
                                  "Actual Loops": 4,
                                  "Filter": "((production_year < 2013) AND (kind_id = 7))",
                                  "Rows Removed by Filter": 272532
                                }
                              ]
                            }
                          ]
                        }
                      ]
                    }
                  ]
                }
              ]
            }
          ]
        }
      ]
    },
    "Planning Time": 0.873,
    "Triggers": [],
    "Execution Time": 685.319
  }
]