{
  "Plan": {
    "Node Type": "Aggregate",
    "Strategy": "Plain",
    "Partial Mode": "Simple",
    "Parallel Aware": false,
    "Startup Cost": 898095.42,
    "Total Cost": 898095.43,
    "Plan Rows": 1,
    "Plan Width": 64,
    "Actual Startup Time": 2461.686,
    "Actual Total Time": 2461.802,
    "Actual Rows": 1,
    "Actual Loops": 1,
    "Plans": [
      {
        "Node Type": "Merge Join",
        "Parent Relationship": "Outer",
        "Parallel Aware": false,
        "Join Type": "Inner",
        "Startup Cost": 885419.54,
        "Total Cost": 898095.42,
        "Plan Rows": 1,
        "Plan Width": 27,
        "Actual Startup Time": 2369.567,
        "Actual Total Time": 2461.738,
        "Actual Rows": 618,
        "Actual Loops": 1,
        "Inner Unique": false,
        "Merge Cond": "(cn.id = mc.company_id)",
        "Plans": [
          {
            "Node Type": "Index Scan",
            "Parent Relationship": "Outer",
            "Parallel Aware": false,
            "Scan Direction": "Forward",
            "Index Name": "company_name_pkey",
            "Relation Name": "company_name",
            "Alias": "cn",
            "Startup Cost": 0.42,
            "Total Cost": 12469.43,
            "Plan Rows": 85931,
            "Plan Width": 4,
            "Actual Startup Time": 0.019,
            "Actual Total Time": 96.796,
            "Actual Rows": 75247,
            "Actual Loops": 1,
            "Filter": "((country_code)::text = '[us]'::text)",
            "Rows Removed by Filter": 138116
          },
          {
            "Node Type": "Sort",
            "Parent Relationship": "Inner",
            "Parallel Aware": false,
            "Startup Cost": 885419.12,
            "Total Cost": 885419.12,
            "Plan Rows": 2,
            "Plan Width": 31,
            "Actual Startup Time": 2361.138,
            "Actual Total Time": 2361.283,
            "Actual Rows": 618,
            "Actual Loops": 1,
            "Sort Key": [
              "mc.company_id"
            ],
            "Sort Method": "quicksort",
            "Sort Space Used": 73,
            "Sort Space Type": "Memory",
            "Plans": [
              {
                "Node Type": "Merge Join",
                "Parent Relationship": "Outer",
                "Parallel Aware": false,
                "Join Type": "Inner",
                "Startup Cost": 885419.06,
                "Total Cost": 885419.11,
                "Plan Rows": 2,
                "Plan Width": 31,
                "Actual Startup Time": 2360.957,
                "Actual Total Time": 2361.173,
                "Actual Rows": 618,
                "Actual Loops": 1,
                "Inner Unique": true,
                "Merge Cond": "(mc.company_type_id = ct.id)",
                "Plans": [
                  {
                    "Node Type": "Sort",
                    "Parent Relationship": "Outer",
                    "Parallel Aware": false,
                    "Startup Cost": 885417.98,
                    "Total Cost": 885417.98,
                    "Plan Rows": 2,
                    "Plan Width": 35,
                    "Actual Startup Time": 2360.932,
                    "Actual Total Time": 2361.071,
                    "Actual Rows": 618,
                    "Actual Loops": 1,
                    "Sort Key": [
                      "mc.company_type_id"
                    ],
                    "Sort Method": "quicksort",
                    "Sort Space Used": 73,
                    "Sort Space Type": "Memory",
                    "Plans": [
                      {
                        "Node Type": "Merge Join",
                        "Parent Relationship": "Outer",
                        "Parallel Aware": false,
                        "Join Type": "Inner",
                        "Startup Cost": 738490.78,
                        "Total Cost": 885417.97,
                        "Plan Rows": 2,
                        "Plan Width": 35,
                        "Actual Startup Time": 2357.989,
                        "Actual Total Time": 2360.952,
                        "Actual Rows": 618,
                        "Actual Loops": 1,
                        "Inner Unique": false,
                        "Merge Cond": "(mc.movie_id = t.id)",
                        "Plans": [
                          {
                            "Node Type": "Index Scan",
                            "Parent Relationship": "Outer",
                            "Parallel Aware": false,
                            "Scan Direction": "Forward",
                            "Index Name": "movie_id_movie_companies",
                            "Relation Name": "movie_companies",
                            "Alias": "mc",
                            "Startup Cost": 0.43,
                            "Total Cost": 140404.76,
                            "Plan Rows": 2609129,
                            "Plan Width": 12,
                            "Actual Startup Time": 0.014,
                            "Actual Total Time": 448.304,
                            "Actual Rows": 2246002,
                            "Actual Loops": 1
                          },
                          {
                            "Node Type": "Sort",
                            "Parent Relationship": "Inner",
                            "Parallel Aware": false,
                            "Startup Cost": 738490.35,
                            "Total Cost": 738490.35,
                            "Plan Rows": 2,
                            "Plan Width": 43,
                            "Actual Startup Time": 1777.273,
                            "Actual Total Time": 1777.416,
                            "Actual Rows": 618,
                            "Actual Loops": 1,
                            "Sort Key": [
                              "t.id"
                            ],
                            "Sort Method": "quicksort",
                            "Sort Space Used": 73,
                            "Sort Space Type": "Memory",
                            "Plans": [
                              {
                                "Node Type": "Merge Join",
                                "Parent Relationship": "Outer",
                                "Parallel Aware": false,
                                "Join Type": "Inner",
                                "Startup Cost": 733162.49,
                                "Total Cost": 738490.34,
                                "Plan Rows": 2,
                                "Plan Width": 43,
                                "Actual Startup Time": 1731.457,
                                "Actual Total Time": 1777.259,
                                "Actual Rows": 615,
                                "Actual Loops": 1,
                                "Inner Unique": false,
                                "Merge Cond": "(k.id = mk.keyword_id)",
                                "Plans": [
                                  {
                                    "Node Type": "Index Only Scan",
                                    "Parent Relationship": "Outer",
                                    "Parallel Aware": false,
                                    "Scan Direction": "Forward",
                                    "Index Name": "keyword_pkey",
                                    "Relation Name": "keyword",
                                    "Alias": "k",
                                    "Startup Cost": 0.42,
                                    "Total Cost": 5007.75,
                                    "Plan Rows": 134170,
                                    "Plan Width": 4,
                                    "Actual Startup Time": 0.031,
                                    "Actual Total Time": 39.994,
                                    "Actual Rows": 124591,
                                    "Actual Loops": 1,
                                    "Heap Fetches": 124591
                                  },
                                  {
                                    "Node Type": "Sort",
                                    "Parent Relationship": "Inner",
                                    "Parallel Aware": false,
                                    "Startup Cost": 733162.07,
                                    "Total Cost": 733162.07,
                                    "Plan Rows": 2,
                                    "Plan Width": 47,
                                    "Actual Startup Time": 1731.334,
                                    "Actual Total Time": 1731.503,
                                    "Actual Rows": 615,
                                    "Actual Loops": 1,
                                    "Sort Key": [
                                      "mk.keyword_id"
                                    ],
                                    "Sort Method": "quicksort",
                                    "Sort Space Used": 73,
                                    "Sort Space Type": "Memory",
                                    "Plans": [
                                      {
                                        "Node Type": "Merge Join",
                                        "Parent Relationship": "Outer",
                                        "Parallel Aware": false,
                                        "Join Type": "Inner",
                                        "Startup Cost": 544704.15,
                                        "Total Cost": 733162.06,
                                        "Plan Rows": 2,
                                        "Plan Width": 47,
                                        "Actual Startup Time": 1726.688,
                                        "Actual Total Time": 1731.306,
                                        "Actual Rows": 615,
                                        "Actual Loops": 1,
                                        "Inner Unique": false,
                                        "Merge Cond": "(mk.movie_id = t.id)",
                                        "Plans": [
                                          {
                                            "Node Type": "Index Scan",
                                            "Parent Relationship": "Outer",
                                            "Parallel Aware": false,
                                            "Scan Direction": "Forward",
                                            "Index Name": "movie_id_movie_keyword",
                                            "Relation Name": "movie_keyword",
                                            "Alias": "mk",
                                            "Startup Cost": 0.43,
                                            "Total Cost": 177148.48,
                                            "Plan Rows": 4523930,
                                            "Plan Width": 8,
                                            "Actual Startup Time": 0.013,
                                            "Actual Total Time": 409.551,
                                            "Actual Rows": 3689373,
                                            "Actual Loops": 1
                                          },
                                          {
                                            "Node Type": "Materialize",
                                            "Parent Relationship": "Inner",
                                            "Parallel Aware": false,
                                            "Startup Cost": 544703.72,
                                            "Total Cost": 544703.73,
                                            "Plan Rows": 1,
                                            "Plan Width": 39,
                                            "Actual Startup Time": 1106.788,
                                            "Actual Total Time": 1106.929,
                                            "Actual Rows": 463,
                                            "Actual Loops": 1,
                                            "Plans": [
                                              {
                                                "Node Type": "Sort",
                                                "Parent Relationship": "Outer",
                                                "Parallel Aware": false,
                                                "Startup Cost": 544703.72,
                                                "Total Cost": 544703.73,
                                                "Plan Rows": 1,
                                                "Plan Width": 39,
                                                "Actual Startup Time": 1106.784,
                                                "Actual Total Time": 1106.896,
                                                "Actual Rows": 5,
                                                "Actual Loops": 1,
                                                "Sort Key": [
                                                  "t.id"
                                                ],
                                                "Sort Method": "quicksort",
                                                "Sort Space Used": 25,
                                                "Sort Space Type": "Memory",
                                                "Plans": [
                                                  {
                                                    "Node Type": "Merge Join",
                                                    "Parent Relationship": "Outer",
                                                    "Parallel Aware": false,
                                                    "Join Type": "Inner",
                                                    "Startup Cost": 544703.69,
                                                    "Total Cost": 544703.71,
                                                    "Plan Rows": 1,
                                                    "Plan Width": 39,
                                                    "Actual Startup Time": 1106.778,
                                                    "Actual Total Time": 1106.888,
                                                    "Actual Rows": 5,
                                                    "Actual Loops": 1,
                                                    "Inner Unique": true,
                                                    "Merge Cond": "(cc.status_id = cct1.id)",
                                                    "Plans": [
                                                      {
                                                        "Node Type": "Sort",
                                                        "Parent Relationship": "Outer",
                                                        "Parallel Aware": false,
                                                        "Startup Cost": 544702.63,
                                                        "Total Cost": 544702.63,
                                                        "Plan Rows": 1,
                                                        "Plan Width": 43,
                                                        "Actual Startup Time": 1106.763,
                                                        "Actual Total Time": 1106.872,
                                                        "Actual Rows": 32,
                                                        "Actual Loops": 1,
                                                        "Sort Key": [
                                                          "cc.status_id"
                                                        ],
                                                        "Sort Method": "quicksort",
                                                        "Sort Space Used": 27,
                                                        "Sort Space Type": "Memory",
                                                        "Plans": [
                                                          {
                                                            "Node Type": "Merge Join",
                                                            "Parent Relationship": "Outer",
                                                            "Parallel Aware": false,
                                                            "Join Type": "Inner",
                                                            "Startup Cost": 544702.59,
                                                            "Total Cost": 544702.62,
                                                            "Plan Rows": 1,
                                                            "Plan Width": 43,
                                                            "Actual Startup Time": 1106.746,
                                                            "Actual Total Time": 1106.859,
                                                            "Actual Rows": 32,
                                                            "Actual Loops": 1,
                                                            "Inner Unique": true,
                                                            "Merge Cond": "(mi.info_type_id = it1.id)",
                                                            "Plans": [
                                                              {
                                                                "Node Type": "Sort",
                                                                "Parent Relationship": "Outer",
                                                                "Parallel Aware": false,
                                                                "Startup Cost": 544700.17,
                                                                "Total Cost": 544700.17,
                                                                "Plan Rows": 2,
                                                                "Plan Width": 47,
                                                                "Actual Startup Time": 1106.708,
                                                                "Actual Total Time": 1106.815,
                                                                "Actual Rows": 32,
                                                                "Actual Loops": 1,
                                                                "Sort Key": [
                                                                  "mi.info_type_id"
                                                                ],
                                                                "Sort Method": "quicksort",
                                                                "Sort Space Used": 27,
                                                                "Sort Space Type": "Memory",
                                                                "Plans": [
                                                                  {
                                                                    "Node Type": "Merge Join",
                                                                    "Parent Relationship": "Outer",
                                                                    "Parallel Aware": false,
                                                                    "Join Type": "Inner",
                                                                    "Startup Cost": 536597.05,
                                                                    "Total Cost": 544700.16,
                                                                    "Plan Rows": 2,
                                                                    "Plan Width": 47,
                                                                    "Actual Startup Time": 1018.792,
                                                                    "Actual Total Time": 1106.79,
                                                                    "Actual Rows": 32,
                                                                    "Actual Loops": 1,
                                                                    "Inner Unique": false,
                                                                    "Merge Cond": "(t.id = mi.movie_id)",
                                                                    "Plans": [
                                                                      {
                                                                        "Node Type": "Merge Join",
                                                                        "Parent Relationship": "Outer",
                                                                        "Parallel Aware": false,
                                                                        "Join Type": "Inner",
                                                                        "Startup Cost": 220494.61,
                                                                        "Total Cost": 228577.79,
                                                                        "Plan Rows": 10609,
                                                                        "Plan Width": 39,
                                                                        "Actual Startup Time": 280.67,
                                                                        "Actual Total Time": 369.102,
                                                                        "Actual Rows": 6078,
                                                                        "Actual Loops": 1,
                                                                        "Inner Unique": false,
                                                                        "Merge Cond": "(cc.movie_id = t.id)",
                                                                        "Plans": [
                                                                          {
                                                                            "Node Type": "Index Scan",
                                                                            "Parent Relationship": "Outer",
                                                                            "Parallel Aware": false,
                                                                            "Scan Direction": "Forward",
                                                                            "Index Name": "movie_id_complete_cast",
                                                                            "Relation Name": "complete_cast",
                                                                            "Alias": "cc",
                                                                            "Startup Cost": 0.42,
                                                                            "Total Cost": 6650.11,
                                                                            "Plan Rows": 135086,
                                                                            "Plan Width": 8,
                                                                            "Actual Startup Time": 0.014,
                                                                            "Actual Total Time": 33.774,
                                                                            "Actual Rows": 132177,
                                                                            "Actual Loops": 1
                                                                          },
                                                                          {
                                                                            "Node Type": "Sort",
                                                                            "Parent Relationship": "Inner",
                                                                            "Parallel Aware": false,
                                                                            "Startup Cost": 220494.08,
                                                                            "Total Cost": 220990.5,
                                                                            "Plan Rows": 198570,
                                                                            "Plan Width": 31,
                                                                            "Actual Startup Time": 261.494,
                                                                            "Actual Total Time": 295.766,
                                                                            "Actual Rows": 274330,
                                                                            "Actual Loops": 1,
                                                                            "Sort Key": [
                                                                              "t.id"
                                                                            ],
                                                                            "Sort Method": "quicksort",
                                                                            "Sort Space Used": 33890,
                                                                            "Sort Space Type": "Memory",
                                                                            "Plans": [
                                                                              {
                                                                                "Node Type": "Merge Join",
                                                                                "Parent Relationship": "Outer",
                                                                                "Parallel Aware": false,
                                                                                "Join Type": "Inner",
                                                                                "Startup Cost": 0.56,
                                                                                "Total Cost": 203020.62,
                                                                                "Plan Rows": 198570,
                                                                                "Plan Width": 31,
                                                                                "Actual Startup Time": 0.069,
                                                                                "Actual Total Time": 184.498,
                                                                                "Actual Rows": 274015,
                                                                                "Actual Loops": 1,
                                                                                "Inner Unique": false,
                                                                                "Merge Cond": "(kt.id = t.kind_id)",
                                                                                "Plans": [
                                                                                  {
                                                                                    "Node Type": "Index Scan",
                                                                                    "Parent Relationship": "Outer",
                                                                                    "Parallel Aware": false,
                                                                                    "Scan Direction": "Forward",
                                                                                    "Index Name": "kind_type_pkey",
                                                                                    "Relation Name": "kind_type",
                                                                                    "Alias": "kt",
                                                                                    "Startup Cost": 0.13,
                                                                                    "Total Cost": 12.26,
                                                                                    "Plan Rows": 1,
                                                                                    "Plan Width": 14,
                                                                                    "Actual Startup Time": 0.005,
                                                                                    "Actual Total Time": 0.01,
                                                                                    "Actual Rows": 1,
                                                                                    "Actual Loops": 1,
                                                                                    "Filter": "((kind)::text = 'movie'::text)",
                                                                                    "Rows Removed by Filter": 6
                                                                                  },
                                                                                  {
                                                                                    "Node Type": "Index Scan",
                                                                                    "Parent Relationship": "Inner",
                                                                                    "Parallel Aware": false,
                                                                                    "Scan Direction": "Forward",
                                                                                    "Index Name": "kind_id_title",
                                                                                    "Relation Name": "title",
                                                                                    "Alias": "t",
                                                                                    "Startup Cost": 0.43,
                                                                                    "Total Cost": 197547.7,
                                                                                    "Plan Rows": 1389987,
                                                                                    "Plan Width": 25,
                                                                                    "Actual Startup Time": 0.059,
                                                                                    "Actual Total Time": 157.609,
                                                                                    "Actual Rows": 274016,
                                                                                    "Actual Loops": 1,
                                                                                    "Filter": "(production_year > 2000)",
                                                                                    "Rows Removed by Filter": 388810
                                                                                  }
                                                                                ]
                                                                              }
                                                                            ]
                                                                          }
                                                                        ]
                                                                      },
                                                                      {
                                                                        "Node Type": "Sort",
                                                                        "Parent Relationship": "Inner",
                                                                        "Parallel Aware": false,
                                                                        "Startup Cost": 316102.44,
                                                                        "Total Cost": 316103.34,
                                                                        "Plan Rows": 360,
                                                                        "Plan Width": 8,
                                                                        "Actual Startup Time": 737.018,
                                                                        "Actual Total Time": 737.255,
                                                                        "Actual Rows": 1798,
                                                                        "Actual Loops": 1,
                                                                        "Sort Key": [
                                                                          "mi.movie_id"
                                                                        ],
                                                                        "Sort Method": "quicksort",
                                                                        "Sort Space Used": 132,
                                                                        "Sort Space Type": "Memory",
                                                                        "Plans": [
                                                                          {
                                                                            "Node Type": "Gather",
                                                                            "Parent Relationship": "Outer",
                                                                            "Parallel Aware": false,
                                                                            "Startup Cost": 1000.0,
                                                                            "Total Cost": 316087.15,
                                                                            "Plan Rows": 360,
                                                                            "Plan Width": 8,
                                                                            "Actual Startup Time": 205.294,
                                                                            "Actual Total Time": 736.782,
                                                                            "Actual Rows": 1783,
                                                                            "Actual Loops": 1,
                                                                            "Workers Planned": 1,
                                                                            "Workers Launched": 1,
                                                                            "Single Copy": false,
                                                                            "Plans": [
                                                                              {
                                                                                "Node Type": "Seq Scan",
                                                                                "Parent Relationship": "Outer",
                                                                                "Parallel Aware": true,
                                                                                "Relation Name": "movie_info",
                                                                                "Alias": "mi",
                                                                                "Startup Cost": 0.0,
                                                                                "Total Cost": 315051.15,
                                                                                "Plan Rows": 212,
                                                                                "Plan Width": 8,
                                                                                "Actual Startup Time": 199.679,
                                                                                "Actual Total Time": 730.779,
                                                                                "Actual Rows": 892,
                                                                                "Actual Loops": 2,
                                                                                "Filter": "((info IS NOT NULL) AND (note ~~ '%internet%'::text) AND ((info ~~ 'USA:% 199%'::text) OR (info ~~ 'USA:% 200%'::text)))",
                                                                                "Rows Removed by Filter": 7416968
                                                                              }
                                                                            ]
                                                                          }
                                                                        ]
                                                                      }
                                                                    ]
                                                                  }
                                                                ]
                                                              },
                                                              {
                                                                "Node Type": "Sort",
                                                                "Parent Relationship": "Inner",
                                                                "Parallel Aware": false,
                                                                "Startup Cost": 2.42,
                                                                "Total Cost": 2.43,
                                                                "Plan Rows": 1,
                                                                "Plan Width": 4,
                                                                "Actual Startup Time": 0.034,
                                                                "Actual Total Time": 0.036,
                                                                "Actual Rows": 1,
                                                                "Actual Loops": 1,
                                                                "Sort Key": [
                                                                  "it1.id"
                                                                ],
                                                                "Sort Method": "quicksort",
                                                                "Sort Space Used": 25,
                                                                "Sort Space Type": "Memory",
                                                                "Plans": [
                                                                  {
                                                                    "Node Type": "Seq Scan",
                                                                    "Parent Relationship": "Outer",
                                                                    "Parallel Aware": false,
                                                                    "Relation Name": "info_type",
                                                                    "Alias": "it1",
                                                                    "Startup Cost": 0.0,
                                                                    "Total Cost": 2.41,
                                                                    "Plan Rows": 1,
                                                                    "Plan Width": 4,
                                                                    "Actual Startup Time": 0.02,
                                                                    "Actual Total Time": 0.025,
                                                                    "Actual Rows": 1,
                                                                    "Actual Loops": 1,
                                                                    "Filter": "((info)::text = 'release dates'::text)",
                                                                    "Rows Removed by Filter": 112
                                                                  }
                                                                ]
                                                              }
                                                            ]
                                                          }
                                                        ]
                                                      },
                                                      {
                                                        "Node Type": "Sort",
                                                        "Parent Relationship": "Inner",
                                                        "Parallel Aware": false,
                                                        "Startup Cost": 1.06,
                                                        "Total Cost": 1.06,
                                                        "Plan Rows": 1,
                                                        "Plan Width": 4,
                                                        "Actual Startup Time": 0.01,
                                                        "Actual Total Time": 0.01,
                                                        "Actual Rows": 1,
                                                        "Actual Loops": 1,
                                                        "Sort Key": [
                                                          "cct1.id"
                                                        ],
                                                        "Sort Method": "quicksort",
                                                        "Sort Space Used": 25,
                                                        "Sort Space Type": "Memory",
                                                        "Plans": [
                                                          {
                                                            "Node Type": "Seq Scan",
                                                            "Parent Relationship": "Outer",
                                                            "Parallel Aware": false,
                                                            "Relation Name": "comp_cast_type",
                                                            "Alias": "cct1",
                                                            "Startup Cost": 0.0,
                                                            "Total Cost": 1.05,
                                                            "Plan Rows": 1,
                                                            "Plan Width": 4,
                                                            "Actual Startup Time": 0.007,
                                                            "Actual Total Time": 0.007,
                                                            "Actual Rows": 1,
                                                            "Actual Loops": 1,
                                                            "Filter": "((kind)::text = 'complete+verified'::text)",
                                                            "Rows Removed by Filter": 3
                                                          }
                                                        ]
                                                      }
                                                    ]
                                                  }
                                                ]
                                              }
                                            ]
                                          }
                                        ]
                                      }
                                    ]
                                  }
                                ]
                              }
                            ]
                          }
                        ]
                      }
                    ]
                  },
                  {
                    "Node Type": "Sort",
                    "Parent Relationship": "Inner",
                    "Parallel Aware": false,
                    "Startup Cost": 1.08,
                    "Total Cost": 1.09,
                    "Plan Rows": 4,
                    "Plan Width": 4,
                    "Actual Startup Time": 0.022,
                    "Actual Total Time": 0.022,
                    "Actual Rows": 2,
                    "Actual Loops": 1,
                    "Sort Key": [
                      "ct.id"
                    ],
                    "Sort Method": "quicksort",
                    "Sort Space Used": 25,
                    "Sort Space Type": "Memory",
                    "Plans": [
                      {
                        "Node Type": "Seq Scan",
                        "Parent Relationship": "Outer",
                        "Parallel Aware": false,
                        "Relation Name": "company_type",
                        "Alias": "ct",
                        "Startup Cost": 0.0,
                        "Total Cost": 1.04,
                        "Plan Rows": 4,
                        "Plan Width": 4,
                        "Actual Startup Time": 0.013,
                        "Actual Total Time": 0.014,
                        "Actual Rows": 4,
                        "Actual Loops": 1
                      }
                    ]
                  }
                ]
              }
            ]
          }
        ]
      }
    ]
  },
  "Planning Time": 3.931,
  "Triggers": [],
  "Execution Time": 2462.029
}