{
  "Plan": {
    "Node Type": "Aggregate",
    "Strategy": "Plain",
    "Partial Mode": "Finalize",
    "Parallel Aware": false,
    "Startup Cost": 495466.1,
    "Total Cost": 495466.11,
    "Plan Rows": 1,
    "Plan Width": 8,
    "Actual Startup Time": 1507.509,
    "Actual Total Time": 1533.354,
    "Actual Rows": 1,
    "Actual Loops": 1,
    "Plans": [
      {
        "Node Type": "Gather",
        "Parent Relationship": "Outer",
        "Parallel Aware": false,
        "Startup Cost": 495465.99,
        "Total Cost": 495466.1,
        "Plan Rows": 1,
        "Plan Width": 8,
        "Actual Startup Time": 1504.425,
        "Actual Total Time": 1533.345,
        "Actual Rows": 2,
        "Actual Loops": 1,
        "Workers Planned": 1,
        "Workers Launched": 1,
        "Single Copy": false,
        "Plans": [
          {
            "Node Type": "Aggregate",
            "Strategy": "Plain",
            "Partial Mode": "Partial",
            "Parent Relationship": "Outer",
            "Parallel Aware": false,
            "Startup Cost": 494465.99,
            "Total Cost": 494466.0,
            "Plan Rows": 1,
            "Plan Width": 8,
            "Actual Startup Time": 1495.862,
            "Actual Total Time": 1495.866,
            "Actual Rows": 1,
            "Actual Loops": 2,
            "Plans": [
              {
                "Node Type": "Hash Join",
                "Parent Relationship": "Outer",
                "Parallel Aware": true,
                "Join Type": "Inner",
                "Startup Cost": 186748.81,
                "Total Cost": 492506.55,
                "Plan Rows": 783776,
                "Plan Width": 0,
                "Actual Startup Time": 1045.097,
                "Actual Total Time": 1474.115,
                "Actual Rows": 414516,
                "Actual Loops": 2,
                "Inner Unique": true,
                "Hash Cond": "(ci.movie_id = t.id)",
                "Plans": [
                  {
                    "Node Type": "Bitmap Heap Scan",
                    "Parent Relationship": "Outer",
                    "Parallel Aware": true,
                    "Relation Name": "cast_info",
                    "Alias": "ci",
                    "Startup Cost": 122335.85,
                    "Total Cost": 424200.46,
                    "Plan Rows": 1483088,
                    "Plan Width": 4,
                    "Actual Startup Time": 628.135,
                    "Actual Total Time": 784.587,
                    "Actual Rows": 790782,
                    "Actual Loops": 2,
                    "Recheck Cond": "(person_id < 553889)",
                    "Rows Removed by Index Recheck": 0,
                    "Filter": "(role_id > 2)",
                    "Rows Removed by Filter": 2069479,
                    "Exact Heap Blocks": 25939,
                    "Lossy Heap Blocks": 0,
                    "Plans": [
                      {
                        "Node Type": "Bitmap Index Scan",
                        "Parent Relationship": "Outer",
                        "Parallel Aware": false,
                        "Index Name": "person_id_cast_info",
                        "Startup Cost": 0.0,
                        "Total Cost": 121705.54,
                        "Plan Rows": 5573463,
                        "Plan Width": 0,
                        "Actual Startup Time": 374.331,
                        "Actual Total Time": 374.332,
                        "Actual Rows": 5720522,
                        "Actual Loops": 1,
                        "Index Cond": "(person_id < 553889)"
                      }
                    ]
                  },
                  {
                    "Node Type": "Hash",
                    "Parent Relationship": "Inner",
                    "Parallel Aware": true,
                    "Startup Cost": 54588.39,
                    "Total Cost": 54588.39,
                    "Plan Rows": 785966,
                    "Plan Width": 4,
                    "Actual Startup Time": 402.351,
                    "Actual Total Time": 402.352,
                    "Actual Rows": 674146,
                    "Actual Loops": 2,
                    "Hash Buckets": 2097152,
                    "Original Hash Buckets": 2097152,
                    "Hash Batches": 1,
                    "Original Hash Batches": 1,
                    "Peak Memory Usage": 69152,
                    "Plans": [
                      {
                        "Node Type": "Seq Scan",
                        "Parent Relationship": "Outer",
                        "Parallel Aware": true,
                        "Relation Name": "title",
                        "Alias": "t",
                        "Startup Cost": 0.0,
                        "Total Cost": 54588.39,
                        "Plan Rows": 785966,
                        "Plan Width": 4,
                        "Actual Startup Time": 0.038,
                        "Actual Total Time": 196.602,
                        "Actual Rows": 674146,
                        "Actual Loops": 2,
                        "Filter": "(production_year < 2005)",
                        "Rows Removed by Filter": 590010
                      }
                    ]
                  }
                ]
              }
            ]
          }
        ]
      }
    ]
  },
  "Planning Time": 0.801,
  "Triggers": [],
  "Execution Time": 1533.456
}