{
  "Plan": {
    "Node Type": "Aggregate",
    "Strategy": "Plain",
    "Partial Mode": "Finalize",
    "Parallel Aware": false,
    "Startup Cost": 247044.21,
    "Total Cost": 247044.22,
    "Plan Rows": 1,
    "Plan Width": 8,
    "Actual Startup Time": 1611.122,
    "Actual Total Time": 1634.038,
    "Actual Rows": 1,
    "Actual Loops": 1,
    "Plans": [
      {
        "Node Type": "Gather",
        "Parent Relationship": "Outer",
        "Parallel Aware": false,
        "Startup Cost": 247044.1,
        "Total Cost": 247044.21,
        "Plan Rows": 1,
        "Plan Width": 8,
        "Actual Startup Time": 1589.822,
        "Actual Total Time": 1634.027,
        "Actual Rows": 2,
        "Actual Loops": 1,
        "Workers Planned": 1,
        "Workers Launched": 1,
        "Single Copy": false,
        "Plans": [
          {
            "Node Type": "Aggregate",
            "Strategy": "Plain",
            "Partial Mode": "Partial",
            "Parent Relationship": "Outer",
            "Parallel Aware": false,
            "Startup Cost": 246044.1,
            "Total Cost": 246044.11,
            "Plan Rows": 1,
            "Plan Width": 8,
            "Actual Startup Time": 1591.865,
            "Actual Total Time": 1591.87,
            "Actual Rows": 1,
            "Actual Loops": 2,
            "Plans": [
              {
                "Node Type": "Merge Join",
                "Parent Relationship": "Outer",
                "Parallel Aware": false,
                "Join Type": "Inner",
                "Startup Cost": 191697.99,
                "Total Cost": 245653.87,
                "Plan Rows": 156091,
                "Plan Width": 0,
                "Actual Startup Time": 1310.655,
                "Actual Total Time": 1560.643,
                "Actual Rows": 745947,
                "Actual Loops": 2,
                "Inner Unique": false,
                "Merge Cond": "(mi_idx.movie_id = t.id)",
                "Plans": [
                  {
                    "Node Type": "Index Only Scan",
                    "Parent Relationship": "Outer",
                    "Parallel Aware": true,
                    "Scan Direction": "Forward",
                    "Index Name": "movie_id_movie_info_idx",
                    "Relation Name": "movie_info_idx",
                    "Alias": "mi_idx",
                    "Startup Cost": 0.43,
                    "Total Cost": 47937.73,
                    "Plan Rows": 811785,
                    "Plan Width": 4,
                    "Actual Startup Time": 0.118,
                    "Actual Total Time": 117.639,
                    "Actual Rows": 690008,
                    "Actual Loops": 2,
                    "Heap Fetches": 1380015
                  },
                  {
                    "Node Type": "Sort",
                    "Parent Relationship": "Inner",
                    "Parallel Aware": false,
                    "Startup Cost": 191697.51,
                    "Total Cost": 192912.87,
                    "Plan Rows": 486144,
                    "Plan Width": 8,
                    "Actual Startup Time": 1310.45,
                    "Actual Total Time": 1338.981,
                    "Actual Rows": 815398,
                    "Actual Loops": 2,
                    "Sort Key": [
                      "t.id"
                    ],
                    "Sort Method": "quicksort",
                    "Sort Space Used": 54296,
                    "Sort Space Type": "Memory",
                    "Workers": [
                      {
                        "Worker Number": 0,
                        "Sort Method": "quicksort",
                        "Sort Space Used": 54296,
                        "Sort Space Type": "Memory"
                      }
                    ],
                    "Plans": [
                      {
                        "Node Type": "Hash Join",
                        "Parent Relationship": "Outer",
                        "Parallel Aware": false,
                        "Join Type": "Inner",
                        "Startup Cost": 64210.09,
                        "Total Cost": 145778.72,
                        "Plan Rows": 486144,
                        "Plan Width": 8,
                        "Actual Startup Time": 281.352,
                        "Actual Total Time": 1156.205,
                        "Actual Rows": 634018,
                        "Actual Loops": 2,
                        "Inner Unique": true,
                        "Hash Cond": "(mk.movie_id = t.id)",
                        "Plans": [
                          {
                            "Node Type": "Seq Scan",
                            "Parent Relationship": "Outer",
                            "Parallel Aware": false,
                            "Relation Name": "movie_keyword",
                            "Alias": "mk",
                            "Startup Cost": 0.0,
                            "Total Cost": 69693.3,
                            "Plan Rows": 4523930,
                            "Plan Width": 4,
                            "Actual Startup Time": 0.035,
                            "Actual Total Time": 368.826,
                            "Actual Rows": 4523930,
                            "Actual Loops": 2
                          },
                          {
                            "Node Type": "Hash",
                            "Parent Relationship": "Inner",
                            "Parallel Aware": false,
                            "Startup Cost": 60813.94,
                            "Total Cost": 60813.94,
                            "Plan Rows": 271692,
                            "Plan Width": 4,
                            "Actual Startup Time": 277.393,
                            "Actual Total Time": 277.395,
                            "Actual Rows": 229992,
                            "Actual Loops": 2,
                            "Hash Buckets": 524288,
                            "Original Hash Buckets": 524288,
                            "Hash Batches": 1,
                            "Original Hash Batches": 1,
                            "Peak Memory Usage": 12182,
                            "Plans": [
                              {
                                "Node Type": "Bitmap Heap Scan",
                                "Parent Relationship": "Outer",
                                "Parallel Aware": false,
                                "Relation Name": "title",
                                "Alias": "t",
                                "Startup Cost": 13506.88,
                                "Total Cost": 60813.94,
                                "Plan Rows": 271692,
                                "Plan Width": 4,
                                "Actual Startup Time": 55.391,
                                "Actual Total Time": 221.85,
                                "Actual Rows": 229992,
                                "Actual Loops": 2,
                                "Recheck Cond": "(kind_id < 3)",
                                "Rows Removed by Index Recheck": 0,
                                "Filter": "(production_year > 2006)",
                                "Rows Removed by Filter": 523685,
                                "Exact Heap Blocks": 35470,
                                "Lossy Heap Blocks": 0,
                                "Plans": [
                                  {
                                    "Node Type": "Bitmap Index Scan",
                                    "Parent Relationship": "Outer",
                                    "Parallel Aware": false,
                                    "Index Name": "kind_id_title",
                                    "Startup Cost": 0.0,
                                    "Total Cost": 13438.96,
                                    "Plan Rows": 753937,
                                    "Plan Width": 0,
                                    "Actual Startup Time": 48.919,
                                    "Actual Total Time": 48.919,
                                    "Actual Rows": 753677,
                                    "Actual Loops": 2,
                                    "Index Cond": "(kind_id < 3)"
                                  }
                                ]
                              }
                            ]
                          }
                        ]
                      }
                    ]
                  }
                ]
              }
            ]
          }
        ]
      }
    ]
  },
  "Planning Time": 1.057,
  "Triggers": [],
  "Execution Time": 1643.612
}