[
  {
    "Plan": {
      "Node Type": "Aggregate",
      "Strategy": "Plain",
      "Partial Mode": "Finalize",
      "Parallel Aware": false,
      "Startup Cost": 31121.35,
      "Total Cost": 31121.36,
      "Plan Rows": 1,
      "Plan Width": 8,
      "Actual Startup Time": 109.349,
      "Actual Total Time": 115.138,
      "Actual Rows": 1,
      "Actual Loops": 1,
      "Plans": [
        {
          "Node Type": "Gather",
          "Parent Relationship": "Outer",
          "Parallel Aware": false,
          "Startup Cost": 31121.03,
          "Total Cost": 31121.34,
          "Plan Rows": 3,
          "Plan Width": 8,
          "Actual Startup Time": 109.239,
          "Actual Total Time": 115.128,
          "Actual Rows": 4,
          "Actual Loops": 1,
          "Workers Planned": 3,
          "Workers Launched": 3,
          "Single Copy": false,
          "Plans": [
            {
              "Node Type": "Aggregate",
              "Strategy": "Plain",
              "Partial Mode": "Partial",
              "Parent Relationship": "Outer",
              "Parallel Aware": false,
              "Startup Cost": 30121.03,
              "Total Cost": 30121.04,
              "Plan Rows": 1,
              "Plan Width": 8,
              "Actual Startup Time": 101.207,
              "Actual Total Time": 101.208,
              "Actual Rows": 1,
              "Actual Loops": 4,
              "Plans": [
                {
                  "Node Type": "Seq Scan",
                  "Parent Relationship": "Outer",
                  "Parallel Aware": true,
                  "Relation Name": "movie_companies",
                  "Alias": "mc",
                  "Startup Cost": 0.0,
                  "Total Cost": 29310.68,
                  "Plan Rows": 324141,
                  "Plan Width": 0,
                  "Actual Startup Time": 0.045,
                  "Actual Total Time": 84.386,
                  "Actual Rows": 250790,
                  "Actual Loops": 4,
                  "Filter": "(company_id < 4739)",
                  "Rows Removed by Filter": 401492
                }
              ]
            }
          ]
        }
      ]
    },
    "Planning Time": 0.168,
    "Triggers": [],
    "Execution Time": 115.19
  }
]