[
  {
    "Plan": {
      "Node Type": "Aggregate",
      "Strategy": "Plain",
      "Partial Mode": "Finalize",
      "Parallel Aware": false,
      "Startup Cost": 331329.17,
      "Total Cost": 331329.18,
      "Plan Rows": 1,
      "Plan Width": 8,
      "Actual Startup Time": 583.045,
      "Actual Total Time": 625.748,
      "Actual Rows": 1,
      "Actual Loops": 1,
      "Plans": [
        {
          "Node Type": "Gather",
          "Parent Relationship": "Outer",
          "Parallel Aware": false,
          "Startup Cost": 331328.54,
          "Total Cost": 331329.15,
          "Plan Rows": 6,
          "Plan Width": 8,
          "Actual Startup Time": 582.865,
          "Actual Total Time": 625.736,
          "Actual Rows": 7,
          "Actual Loops": 1,
          "Workers Planned": 6,
          "Workers Launched": 6,
          "Single Copy": false,
          "Plans": [
            {
              "Node Type": "Aggregate",
              "Strategy": "Plain",
              "Partial Mode": "Partial",
              "Parent Relationship": "Outer",
              "Parallel Aware": false,
              "Startup Cost": 330328.54,
              "Total Cost": 330328.55,
              "Plan Rows": 1,
              "Plan Width": 8,
              "Actual Startup Time": 576.244,
              "Actual Total Time": 576.246,
              "Actual Rows": 1,
              "Actual Loops": 7,
              "Plans": [
                {
                  "Node Type": "Seq Scan",
                  "Parent Relationship": "Outer",
                  "Parallel Aware": true,
                  "Relation Name": "cast_info",
                  "Alias": "ci",
                  "Startup Cost": 0.0,
                  "Total Cost": 328211.39,
                  "Plan Rows": 846860,
                  "Plan Width": 0,
                  "Actual Startup Time": 377.003,
                  "Actual Total Time": 540.894,
                  "Actual Rows": 722951,
                  "Actual Loops": 7,
                  "Filter": "(person_id > 3162944)",
                  "Rows Removed by Filter": 4454813
                }
              ]
            }
          ]
        }
      ]
    },
    "Planning Time": 0.147,
    "Triggers": [],
    "Execution Time": 625.805
  }
]