[
  {
    "Plan": {
      "Node Type": "Aggregate",
      "Strategy": "Plain",
      "Partial Mode": "Finalize",
      "Parallel Aware": false,
      "Startup Cost": 390765.87,
      "Total Cost": 390765.88,
      "Plan Rows": 1,
      "Plan Width": 8,
      "Actual Startup Time": 1519.911,
      "Actual Total Time": 1551.803,
      "Actual Rows": 1,
      "Actual Loops": 1,
      "Plans": [
        {
          "Node Type": "Gather",
          "Parent Relationship": "Outer",
          "Parallel Aware": false,
          "Startup Cost": 390765.24,
          "Total Cost": 390765.85,
          "Plan Rows": 6,
          "Plan Width": 8,
          "Actual Startup Time": 1513.437,
          "Actual Total Time": 1551.794,
          "Actual Rows": 7,
          "Actual Loops": 1,
          "Workers Planned": 6,
          "Workers Launched": 6,
          "Single Copy": false,
          "Plans": [
            {
              "Node Type": "Aggregate",
              "Strategy": "Plain",
              "Partial Mode": "Partial",
              "Parent Relationship": "Outer",
              "Parallel Aware": false,
              "Startup Cost": 389765.24,
              "Total Cost": 389765.25,
              "Plan Rows": 1,
              "Plan Width": 8,
              "Actual Startup Time": 1507.133,
              "Actual Total Time": 1507.136,
              "Actual Rows": 1,
              "Actual Loops": 7,
              "Plans": [
                {
                  "Node Type": "Hash Join",
                  "Parent Relationship": "Outer",
                  "Parallel Aware": true,
                  "Join Type": "Inner",
                  "Startup Cost": 48016.41,
                  "Total Cost": 386595.24,
                  "Plan Rows": 1268000,
                  "Plan Width": 0,
                  "Actual Startup Time": 227.717,
                  "Actual Total Time": 1452.057,
                  "Actual Rows": 1147046,
                  "Actual Loops": 7,
                  "Inner Unique": true,
                  "Hash Cond": "(ci.movie_id = t.id)",
                  "Plans": [
                    {
                      "Node Type": "Seq Scan",
                      "Parent Relationship": "Outer",
                      "Parallel Aware": true,
                      "Relation Name": "cast_info",
                      "Alias": "ci",
                      "Startup Cost": 0.0,
                      "Total Cost": 328213.62,
                      "Plan Rows": 3948646,
                      "Plan Width": 4,
                      "Actual Startup Time": 116.588,
                      "Actual Total Time": 544.86,
                      "Actual Rows": 3381502,
                      "Actual Loops": 7,
                      "Filter": "(person_id > 1239955)",
                      "Rows Removed by Filter": 1796262
                    },
                    {
                      "Node Type": "Hash",
                      "Parent Relationship": "Inner",
                      "Parallel Aware": true,
                      "Startup Cost": 45479.21,
                      "Total Cost": 45479.21,
                      "Plan Rows": 202976,
                      "Plan Width": 4,
                      "Actual Startup Time": 109.393,
                      "Actual Total Time": 109.394,
                      "Actual Rows": 120431,
                      "Actual Loops": 7,
                      "Hash Buckets": 1048576,
                      "Original Hash Buckets": 1048576,
                      "Hash Batches": 1,
                      "Original Hash Batches": 1,
                      "Peak Memory Usage": 41312,
                      "Plans": [
                        {
                          "Node Type": "Seq Scan",
                          "Parent Relationship": "Outer",
                          "Parallel Aware": true,
                          "Relation Name": "title",
                          "Alias": "t",
                          "Startup Cost": 0.0,
                          "Total Cost": 45479.21,
                          "Plan Rows": 202976,
                          "Plan Width": 4,
                          "Actual Startup Time": 0.028,
                          "Actual Total Time": 65.385,
                          "Actual Rows": 120431,
                          "Actual Loops": 7,
                          "Filter": "((kind_id < 7) AND (production_year < 2011))",
                          "Rows Removed by Filter": 240756
                        }
                      ]
                    }
                  ]
                }
              ]
            }
          ]
        }
      ]
    },
    "Planning Time": 0.196,
    "Triggers": [],
    "Execution Time": 1551.842
  }
]