{
  "Plan": {
    "Node Type": "Aggregate",
    "Strategy": "Plain",
    "Partial Mode": "Finalize",
    "Parallel Aware": false,
    "Startup Cost": 2567967.41,
    "Total Cost": 2567967.42,
    "Plan Rows": 1,
    "Plan Width": 8,
    "Actual Startup Time": 21041.806,
    "Actual Total Time": 21129.211,
    "Actual Rows": 1,
    "Actual Loops": 1,
    "Plans": [
      {
        "Node Type": "Gather",
        "Parent Relationship": "Outer",
        "Parallel Aware": false,
        "Startup Cost": 2567967.3,
        "Total Cost": 2567967.41,
        "Plan Rows": 1,
        "Plan Width": 8,
        "Actual Startup Time": 21041.058,
        "Actual Total Time": 21129.204,
        "Actual Rows": 2,
        "Actual Loops": 1,
        "Workers Planned": 1,
        "Workers Launched": 1,
        "Single Copy": false,
        "Plans": [
          {
            "Node Type": "Aggregate",
            "Strategy": "Plain",
            "Partial Mode": "Partial",
            "Parent Relationship": "Outer",
            "Parallel Aware": false,
            "Startup Cost": 2566967.3,
            "Total Cost": 2566967.31,
            "Plan Rows": 1,
            "Plan Width": 8,
            "Actual Startup Time": 21034.639,
            "Actual Total Time": 21034.642,
            "Actual Rows": 1,
            "Actual Loops": 2,
            "Plans": [
              {
                "Node Type": "Merge Join",
                "Parent Relationship": "Outer",
                "Parallel Aware": false,
                "Join Type": "Inner",
                "Startup Cost": 184456.2,
                "Total Cost": 2563706.68,
                "Plan Rows": 1304246,
                "Plan Width": 0,
                "Actual Startup Time": 518.837,
                "Actual Total Time": 20680.784,
                "Actual Rows": 8273130,
                "Actual Loops": 2,
                "Inner Unique": false,
                "Merge Cond": "(t.id = mi.movie_id)",
                "Plans": [
                  {
                    "Node Type": "Merge Join",
                    "Parent Relationship": "Outer",
                    "Parallel Aware": false,
                    "Join Type": "Inner",
                    "Startup Cost": 42.96,
                    "Total Cost": 2308280.59,
                    "Plan Rows": 21310595,
                    "Plan Width": 8,
                    "Actual Startup Time": 0.346,
                    "Actual Total Time": 18829.678,
                    "Actual Rows": 18119776,
                    "Actual Loops": 2,
                    "Inner Unique": true,
                    "Merge Cond": "(ci.movie_id = t.id)",
                    "Plans": [
                      {
                        "Node Type": "Index Only Scan",
                        "Parent Relationship": "Outer",
                        "Parallel Aware": true,
                        "Scan Direction": "Forward",
                        "Index Name": "movie_id_cast_info",
                        "Relation Name": "cast_info",
                        "Alias": "ci",
                        "Startup Cost": 0.56,
                        "Total Cost": 1925345.15,
                        "Plan Rows": 21310595,
                        "Plan Width": 4,
                        "Actual Startup Time": 0.112,
                        "Actual Total Time": 15094.014,
                        "Actual Rows": 18119776,
                        "Actual Loops": 2,
                        "Heap Fetches": 36239553
                      },
                      {
                        "Node Type": "Index Only Scan",
                        "Parent Relationship": "Inner",
                        "Parallel Aware": false,
                        "Scan Direction": "Forward",
                        "Index Name": "title_pkey",
                        "Relation Name": "title",
                        "Alias": "t",
                        "Startup Cost": 0.43,
                        "Total Cost": 110339.97,
                        "Plan Rows": 2528293,
                        "Plan Width": 4,
                        "Actual Startup Time": 0.13,
                        "Actual Total Time": 1798.814,
                        "Actual Rows": 2525572,
                        "Actual Loops": 2,
                        "Heap Fetches": 5051145
                      }
                    ]
                  },
                  {
                    "Node Type": "Sort",
                    "Parent Relationship": "Inner",
                    "Parallel Aware": false,
                    "Startup Cost": 184365.59,
                    "Total Cost": 184752.43,
                    "Plan Rows": 154736,
                    "Plan Width": 4,
                    "Actual Startup Time": 76.355,
                    "Actual Total Time": 362.235,
                    "Actual Rows": 8346332,
                    "Actual Loops": 2,
                    "Sort Key": [
                      "mi.movie_id"
                    ],
                    "Sort Method": "quicksort",
                    "Sort Space Used": 13058,
                    "Sort Space Type": "Memory",
                    "Workers": [
                      {
                        "Worker Number": 0,
                        "Sort Method": "quicksort",
                        "Sort Space Used": 13058,
                        "Sort Space Type": "Memory"
                      }
                    ],
                    "Plans": [
                      {
                        "Node Type": "Bitmap Heap Scan",
                        "Parent Relationship": "Outer",
                        "Parallel Aware": false,
                        "Relation Name": "movie_info",
                        "Alias": "mi",
                        "Startup Cost": 2803.64,
                        "Total Cost": 171027.77,
                        "Plan Rows": 154736,
                        "Plan Width": 4,
                        "Actual Startup Time": 17.907,
                        "Actual Total Time": 48.244,
                        "Actual Rows": 147487,
                        "Actual Loops": 2,
                        "Recheck Cond": "(info_type_id = 107)",
                        "Rows Removed by Index Recheck": 0,
                        "Exact Heap Blocks": 4756,
                        "Lossy Heap Blocks": 0,
                        "Plans": [
                          {
                            "Node Type": "Bitmap Index Scan",
                            "Parent Relationship": "Outer",
                            "Parallel Aware": false,
                            "Index Name": "info_type_id_movie_info",
                            "Startup Cost": 0.0,
                            "Total Cost": 2764.95,
                            "Plan Rows": 154736,
                            "Plan Width": 0,
                            "Actual Startup Time": 16.709,
                            "Actual Total Time": 16.709,
                            "Actual Rows": 147487,
                            "Actual Loops": 2,
                            "Index Cond": "(info_type_id = 107)"
                          }
                        ]
                      }
                    ]
                  }
                ]
              }
            ]
          }
        ]
      }
    ]
  },
  "Planning Time": 1.055,
  "Triggers": [],
  "Execution Time": 21129.374
}