[
  {
    "Plan": {
      "Node Type": "Aggregate",
      "Strategy": "Plain",
      "Partial Mode": "Finalize",
      "Parallel Aware": false,
      "Startup Cost": 96076.94,
      "Total Cost": 96076.95,
      "Plan Rows": 1,
      "Plan Width": 8,
      "Actual Startup Time": 455.681,
      "Actual Total Time": 472.726,
      "Actual Rows": 1,
      "Actual Loops": 1,
      "Plans": [
        {
          "Node Type": "Gather",
          "Parent Relationship": "Outer",
          "Parallel Aware": false,
          "Startup Cost": 96076.62,
          "Total Cost": 96076.93,
          "Plan Rows": 3,
          "Plan Width": 8,
          "Actual Startup Time": 453.158,
          "Actual Total Time": 472.716,
          "Actual Rows": 4,
          "Actual Loops": 1,
          "Workers Planned": 3,
          "Workers Launched": 3,
          "Single Copy": false,
          "Plans": [
            {
              "Node Type": "Aggregate",
              "Strategy": "Plain",
              "Partial Mode": "Partial",
              "Parent Relationship": "Outer",
              "Parallel Aware": false,
              "Startup Cost": 95076.62,
              "Total Cost": 95076.63,
              "Plan Rows": 1,
              "Plan Width": 8,
              "Actual Startup Time": 444.823,
              "Actual Total Time": 444.828,
              "Actual Rows": 1,
              "Actual Loops": 4,
              "Plans": [
                {
                  "Node Type": "Hash Join",
                  "Parent Relationship": "Outer",
                  "Parallel Aware": true,
                  "Join Type": "Inner",
                  "Startup Cost": 48293.97,
                  "Total Cost": 94041.2,
                  "Plan Rows": 414168,
                  "Plan Width": 0,
                  "Actual Startup Time": 182.361,
                  "Actual Total Time": 418.031,
                  "Actual Rows": 675840,
                  "Actual Loops": 4,
                  "Inner Unique": true,
                  "Hash Cond": "(mk.movie_id = t.id)",
                  "Plans": [
                    {
                      "Node Type": "Seq Scan",
                      "Parent Relationship": "Outer",
                      "Parallel Aware": true,
                      "Relation Name": "movie_keyword",
                      "Alias": "mk",
                      "Startup Cost": 0.0,
                      "Total Cost": 42695.65,
                      "Plan Rows": 1162504,
                      "Plan Width": 4,
                      "Actual Startup Time": 0.025,
                      "Actual Total Time": 107.604,
                      "Actual Rows": 905007,
                      "Actual Loops": 4,
                      "Filter": "(keyword_id < 20417)",
                      "Rows Removed by Filter": 225976
                    },
                    {
                      "Node Type": "Hash",
                      "Parent Relationship": "Inner",
                      "Parallel Aware": true,
                      "Startup Cost": 45479.1,
                      "Total Cost": 45479.1,
                      "Plan Rows": 225190,
                      "Plan Width": 4,
                      "Actual Startup Time": 177.167,
                      "Actual Total Time": 177.168,
                      "Actual Rows": 203892,
                      "Actual Loops": 4,
                      "Hash Buckets": 1048576,
                      "Original Hash Buckets": 1048576,
                      "Hash Batches": 1,
                      "Original Hash Batches": 1,
                      "Peak Memory Usage": 40160,
                      "Plans": [
                        {
                          "Node Type": "Seq Scan",
                          "Parent Relationship": "Outer",
                          "Parallel Aware": true,
                          "Relation Name": "title",
                          "Alias": "t",
                          "Startup Cost": 0.0,
                          "Total Cost": 45479.1,
                          "Plan Rows": 225190,
                          "Plan Width": 4,
                          "Actual Startup Time": 0.042,
                          "Actual Total Time": 104.87,
                          "Actual Rows": 203892,
                          "Actual Loops": 4,
                          "Filter": "((kind_id < 7) AND (production_year > 1949))",
                          "Rows Removed by Filter": 428186
                        }
                      ]
                    }
                  ]
                }
              ]
            }
          ]
        }
      ]
    },
    "Planning Time": 0.605,
    "Triggers": [],
    "Execution Time": 472.793
  }
]