[
  {
    "Plan": {
      "Node Type": "Aggregate",
      "Strategy": "Plain",
      "Partial Mode": "Finalize",
      "Parallel Aware": false,
      "Startup Cost": 393704.1,
      "Total Cost": 393704.11,
      "Plan Rows": 1,
      "Plan Width": 8,
      "Actual Startup Time": 865.293,
      "Actual Total Time": 928.361,
      "Actual Rows": 1,
      "Actual Loops": 1,
      "Plans": [
        {
          "Node Type": "Gather",
          "Parent Relationship": "Outer",
          "Parallel Aware": false,
          "Startup Cost": 393703.48,
          "Total Cost": 393704.09,
          "Plan Rows": 6,
          "Plan Width": 8,
          "Actual Startup Time": 862.029,
          "Actual Total Time": 928.349,
          "Actual Rows": 7,
          "Actual Loops": 1,
          "Workers Planned": 6,
          "Workers Launched": 6,
          "Single Copy": false,
          "Plans": [
            {
              "Node Type": "Aggregate",
              "Strategy": "Plain",
              "Partial Mode": "Partial",
              "Parent Relationship": "Outer",
              "Parallel Aware": false,
              "Startup Cost": 392703.48,
              "Total Cost": 392703.49,
              "Plan Rows": 1,
              "Plan Width": 8,
              "Actual Startup Time": 851.379,
              "Actual Total Time": 851.382,
              "Actual Rows": 1,
              "Actual Loops": 7,
              "Plans": [
                {
                  "Node Type": "Hash Join",
                  "Parent Relationship": "Outer",
                  "Parallel Aware": true,
                  "Join Type": "Inner",
                  "Startup Cost": 46726.37,
                  "Total Cost": 392347.97,
                  "Plan Rows": 142202,
                  "Plan Width": 0,
                  "Actual Startup Time": 426.798,
                  "Actual Total Time": 848.171,
                  "Actual Rows": 71548,
                  "Actual Loops": 7,
                  "Inner Unique": true,
                  "Hash Cond": "(ci.movie_id = t.id)",
                  "Plans": [
                    {
                      "Node Type": "Seq Scan",
                      "Parent Relationship": "Outer",
                      "Parallel Aware": true,
                      "Relation Name": "cast_info",
                      "Alias": "ci",
                      "Startup Cost": 0.0,
                      "Total Cost": 343257.03,
                      "Plan Rows": 900789,
                      "Plan Width": 4,
                      "Actual Startup Time": 331.465,
                      "Actual Total Time": 588.005,
                      "Actual Rows": 1164430,
                      "Actual Loops": 7,
                      "Filter": "((person_id > 2866069) AND (role_id > 1))",
                      "Rows Removed by Filter": 4013333
                    },
                    {
                      "Node Type": "Hash",
                      "Parent Relationship": "Inner",
                      "Parallel Aware": true,
                      "Startup Cost": 45479.1,
                      "Total Cost": 45479.1,
                      "Plan Rows": 99782,
                      "Plan Width": 4,
                      "Actual Startup Time": 92.314,
                      "Actual Total Time": 92.315,
                      "Actual Rows": 38612,
                      "Actual Loops": 7,
                      "Hash Buckets": 524288,
                      "Original Hash Buckets": 524288,
                      "Hash Batches": 1,
                      "Original Hash Batches": 1,
                      "Peak Memory Usage": 14784,
                      "Plans": [
                        {
                          "Node Type": "Seq Scan",
                          "Parent Relationship": "Outer",
                          "Parallel Aware": true,
                          "Relation Name": "title",
                          "Alias": "t",
                          "Startup Cost": 0.0,
                          "Total Cost": 45479.1,
                          "Plan Rows": 99782,
                          "Plan Width": 4,
                          "Actual Startup Time": 0.045,
                          "Actual Total Time": 74.186,
                          "Actual Rows": 38612,
                          "Actual Loops": 7,
                          "Filter": "((kind_id > 1) AND (production_year < 1983))",
                          "Rows Removed by Filter": 322576
                        }
                      ]
                    }
                  ]
                }
              ]
            }
          ]
        }
      ]
    },
    "Planning Time": 0.633,
    "Triggers": [],
    "Execution Time": 928.452
  }
]