[
  {
    "Plan": {
      "Node Type": "Aggregate",
      "Strategy": "Plain",
      "Partial Mode": "Finalize",
      "Parallel Aware": false,
      "Startup Cost": 40787.56,
      "Total Cost": 40787.57,
      "Plan Rows": 1,
      "Plan Width": 8,
      "Actual Startup Time": 25.566,
      "Actual Total Time": 28.832,
      "Actual Rows": 1,
      "Actual Loops": 1,
      "Plans": [
        {
          "Node Type": "Gather",
          "Parent Relationship": "Outer",
          "Parallel Aware": false,
          "Startup Cost": 40787.35,
          "Total Cost": 40787.56,
          "Plan Rows": 2,
          "Plan Width": 8,
          "Actual Startup Time": 25.017,
          "Actual Total Time": 28.825,
          "Actual Rows": 3,
          "Actual Loops": 1,
          "Workers Planned": 2,
          "Workers Launched": 2,
          "Single Copy": false,
          "Plans": [
            {
              "Node Type": "Aggregate",
              "Strategy": "Plain",
              "Partial Mode": "Partial",
              "Parent Relationship": "Outer",
              "Parallel Aware": false,
              "Startup Cost": 39787.35,
              "Total Cost": 39787.36,
              "Plan Rows": 1,
              "Plan Width": 8,
              "Actual Startup Time": 19.356,
              "Actual Total Time": 19.358,
              "Actual Rows": 1,
              "Actual Loops": 3,
              "Plans": [
                {
                  "Node Type": "Nested Loop",
                  "Parent Relationship": "Outer",
                  "Parallel Aware": false,
                  "Join Type": "Inner",
                  "Startup Cost": 192.13,
                  "Total Cost": 39778.3,
                  "Plan Rows": 3617,
                  "Plan Width": 0,
                  "Actual Startup Time": 0.597,
                  "Actual Total Time": 18.969,
                  "Actual Rows": 2596,
                  "Actual Loops": 3,
                  "Inner Unique": true,
                  "Plans": [
                    {
                      "Node Type": "Bitmap Heap Scan",
                      "Parent Relationship": "Outer",
                      "Parallel Aware": true,
                      "Relation Name": "movie_companies",
                      "Alias": "mc",
                      "Startup Cost": 191.7,
                      "Total Cost": 15484.27,
                      "Plan Rows": 3617,
                      "Plan Width": 4,
                      "Actual Startup Time": 0.455,
                      "Actual Total Time": 2.254,
                      "Actual Rows": 2596,
                      "Actual Loops": 3,
                      "Recheck Cond": "(company_id > 227491)",
                      "Rows Removed by Index Recheck": 0,
                      "Exact Heap Blocks": 262,
                      "Lossy Heap Blocks": 0,
                      "Plans": [
                        {
                          "Node Type": "Bitmap Index Scan",
                          "Parent Relationship": "Outer",
                          "Parallel Aware": false,
                          "Index Name": "company_id_movie_companies",
                          "Startup Cost": 0.0,
                          "Total Cost": 189.53,
                          "Plan Rows": 8680,
                          "Plan Width": 0,
                          "Actual Startup Time": 1.029,
                          "Actual Total Time": 1.03,
                          "Actual Rows": 7787,
                          "Actual Loops": 1,
                          "Index Cond": "(company_id > 227491)"
                        }
                      ]
                    },
                    {
                      "Node Type": "Index Only Scan",
                      "Parent Relationship": "Inner",
                      "Parallel Aware": false,
                      "Scan Direction": "Forward",
                      "Index Name": "title_pkey",
                      "Relation Name": "title",
                      "Alias": "t",
                      "Startup Cost": 0.43,
                      "Total Cost": 6.72,
                      "Plan Rows": 1,
                      "Plan Width": 4,
                      "Actual Startup Time": 0.006,
                      "Actual Total Time": 0.006,
                      "Actual Rows": 1,
                      "Actual Loops": 7787,
                      "Index Cond": "(id = mc.movie_id)",
                      "Rows Removed by Index Recheck": 0,
                      "Heap Fetches": 7787
                    }
                  ]
                }
              ]
            }
          ]
        }
      ]
    },
    "Planning Time": 0.411,
    "Triggers": [],
    "Execution Time": 28.887
  }
]