[
  {
    "Plan": {
      "Node Type": "Aggregate",
      "Strategy": "Plain",
      "Partial Mode": "Finalize",
      "Parallel Aware": false,
      "Startup Cost": 47015.42,
      "Total Cost": 47015.43,
      "Plan Rows": 1,
      "Plan Width": 8,
      "Actual Startup Time": 186.913,
      "Actual Total Time": 196.584,
      "Actual Rows": 1,
      "Actual Loops": 1,
      "Plans": [
        {
          "Node Type": "Gather",
          "Parent Relationship": "Outer",
          "Parallel Aware": false,
          "Startup Cost": 47015.11,
          "Total Cost": 47015.42,
          "Plan Rows": 3,
          "Plan Width": 8,
          "Actual Startup Time": 186.781,
          "Actual Total Time": 196.575,
          "Actual Rows": 4,
          "Actual Loops": 1,
          "Workers Planned": 3,
          "Workers Launched": 3,
          "Single Copy": false,
          "Plans": [
            {
              "Node Type": "Aggregate",
              "Strategy": "Plain",
              "Partial Mode": "Partial",
              "Parent Relationship": "Outer",
              "Parallel Aware": false,
              "Startup Cost": 46015.11,
              "Total Cost": 46015.12,
              "Plan Rows": 1,
              "Plan Width": 8,
              "Actual Startup Time": 178.529,
              "Actual Total Time": 178.53,
              "Actual Rows": 1,
              "Actual Loops": 4,
              "Plans": [
                {
                  "Node Type": "Seq Scan",
                  "Parent Relationship": "Outer",
                  "Parallel Aware": true,
                  "Relation Name": "movie_keyword",
                  "Alias": "mk",
                  "Startup Cost": 0.0,
                  "Total Cost": 42695.65,
                  "Plan Rows": 1327781,
                  "Plan Width": 0,
                  "Actual Startup Time": 0.053,
                  "Actual Total Time": 129.65,
                  "Actual Rows": 1031777,
                  "Actual Loops": 4,
                  "Filter": "(keyword_id < 43574)",
                  "Rows Removed by Filter": 99206
                }
              ]
            }
          ]
        }
      ]
    },
    "Planning Time": 0.116,
    "Triggers": [],
    "Execution Time": 196.63
  }
]