[
  {
    "Plan": {
      "Node Type": "Aggregate",
      "Strategy": "Plain",
      "Partial Mode": "Finalize",
      "Parallel Aware": false,
      "Startup Cost": 131743.41,
      "Total Cost": 131743.42,
      "Plan Rows": 1,
      "Plan Width": 8,
      "Actual Startup Time": 1155.227,
      "Actual Total Time": 1176.497,
      "Actual Rows": 1,
      "Actual Loops": 1,
      "Plans": [
        {
          "Node Type": "Gather",
          "Parent Relationship": "Outer",
          "Parallel Aware": false,
          "Startup Cost": 131743.1,
          "Total Cost": 131743.41,
          "Plan Rows": 3,
          "Plan Width": 8,
          "Actual Startup Time": 1148.098,
          "Actual Total Time": 1176.483,
          "Actual Rows": 4,
          "Actual Loops": 1,
          "Workers Planned": 3,
          "Workers Launched": 3,
          "Single Copy": false,
          "Plans": [
            {
              "Node Type": "Aggregate",
              "Strategy": "Plain",
              "Partial Mode": "Partial",
              "Parent Relationship": "Outer",
              "Parallel Aware": false,
              "Startup Cost": 130743.1,
              "Total Cost": 130743.11,
              "Plan Rows": 1,
              "Plan Width": 8,
              "Actual Startup Time": 1139.23,
              "Actual Total Time": 1139.505,
              "Actual Rows": 1,
              "Actual Loops": 4,
              "Plans": [
                {
                  "Node Type": "Hash Join",
                  "Parent Relationship": "Outer",
                  "Parallel Aware": true,
                  "Join Type": "Inner",
                  "Startup Cost": 83741.68,
                  "Total Cost": 129502.3,
                  "Plan Rows": 496319,
                  "Plan Width": 0,
                  "Actual Startup Time": 444.932,
                  "Actual Total Time": 963.779,
                  "Actual Rows": 4179894,
                  "Actual Loops": 4,
                  "Inner Unique": false,
                  "Hash Cond": "(mk.movie_id = t.id)",
                  "Plans": [
                    {
                      "Node Type": "Seq Scan",
                      "Parent Relationship": "Outer",
                      "Parallel Aware": true,
                      "Relation Name": "movie_keyword",
                      "Alias": "mk",
                      "Startup Cost": 0.0,
                      "Total Cost": 39047.32,
                      "Plan Rows": 1459332,
                      "Plan Width": 4,
                      "Actual Startup Time": 0.032,
                      "Actual Total Time": 94.487,
                      "Actual Rows": 1130982,
                      "Actual Loops": 4
                    },
                    {
                      "Node Type": "Hash",
                      "Parent Relationship": "Inner",
                      "Parallel Aware": true,
                      "Startup Cost": 81054.58,
                      "Total Cost": 81054.58,
                      "Plan Rows": 214968,
                      "Plan Width": 8,
                      "Actual Startup Time": 434.9,
                      "Actual Total Time": 435.174,
                      "Actual Rows": 166845,
                      "Actual Loops": 4,
                      "Hash Buckets": 1048576,
                      "Original Hash Buckets": 1048576,
                      "Hash Batches": 1,
                      "Original Hash Batches": 1,
                      "Peak Memory Usage": 34368,
                      "Plans": [
                        {
                          "Node Type": "Hash Join",
                          "Parent Relationship": "Outer",
                          "Parallel Aware": true,
                          "Join Type": "Inner",
                          "Startup Cost": 34882.04,
                          "Total Cost": 81054.58,
                          "Plan Rows": 214968,
                          "Plan Width": 8,
                          "Actual Startup Time": 140.644,
                          "Actual Total Time": 382.181,
                          "Actual Rows": 166845,
                          "Actual Loops": 4,
                          "Inner Unique": false,
                          "Hash Cond": "(t.id = mc.movie_id)",
                          "Plans": [
                            {
                              "Node Type": "Seq Scan",
                              "Parent Relationship": "Outer",
                              "Parallel Aware": true,
                              "Relation Name": "title",
                              "Alias": "t",
                              "Startup Cost": 0.0,
                              "Total Cost": 42318.73,
                              "Plan Rows": 632073,
                              "Plan Width": 4,
                              "Actual Startup Time": 0.012,
                              "Actual Total Time": 73.596,
                              "Actual Rows": 632078,
                              "Actual Loops": 4
                            },
                            {
                              "Node Type": "Hash",
                              "Parent Relationship": "Inner",
                              "Parallel Aware": true,
                              "Startup Cost": 31414.82,
                              "Total Cost": 31414.82,
                              "Plan Rows": 277378,
                              "Plan Width": 4,
                              "Actual Startup Time": 137.83,
                              "Actual Total Time": 137.831,
                              "Actual Rows": 166845,
                              "Actual Loops": 4,
                              "Hash Buckets": 1048576,
                              "Original Hash Buckets": 1048576,
                              "Hash Batches": 1,
                              "Original Hash Batches": 1,
                              "Peak Memory Usage": 34368,
                              "Plans": [
                                {
                                  "Node Type": "Seq Scan",
                                  "Parent Relationship": "Outer",
                                  "Parallel Aware": true,
                                  "Relation Name": "movie_companies",
                                  "Alias": "mc",
                                  "Startup Cost": 0.0,
                                  "Total Cost": 31414.82,
                                  "Plan Rows": 277378,
                                  "Plan Width": 4,
                                  "Actual Startup Time": 1.949,
                                  "Actual Total Time": 79.917,
                                  "Actual Rows": 166845,
                                  "Actual Loops": 4,
                                  "Filter": "((company_id > 2455) AND (company_type_id < 2))",
                                  "Rows Removed by Filter": 485437
                                }
                              ]
                            }
                          ]
                        }
                      ]
                    }
                  ]
                }
              ]
            }
          ]
        }
      ]
    },
    "Planning Time": 1.403,
    "Triggers": [],
    "Execution Time": 1176.583
  }
]