[
  {
    "Plan": {
      "Node Type": "Aggregate",
      "Strategy": "Plain",
      "Partial Mode": "Finalize",
      "Parallel Aware": false,
      "Startup Cost": 46499.18,
      "Total Cost": 46499.19,
      "Plan Rows": 1,
      "Plan Width": 8,
      "Actual Startup Time": 93.164,
      "Actual Total Time": 104.94,
      "Actual Rows": 1,
      "Actual Loops": 1,
      "Plans": [
        {
          "Node Type": "Gather",
          "Parent Relationship": "Outer",
          "Parallel Aware": false,
          "Startup Cost": 46498.76,
          "Total Cost": 46499.17,
          "Plan Rows": 4,
          "Plan Width": 8,
          "Actual Startup Time": 92.843,
          "Actual Total Time": 104.93,
          "Actual Rows": 5,
          "Actual Loops": 1,
          "Workers Planned": 4,
          "Workers Launched": 4,
          "Single Copy": false,
          "Plans": [
            {
              "Node Type": "Aggregate",
              "Strategy": "Plain",
              "Partial Mode": "Partial",
              "Parent Relationship": "Outer",
              "Parallel Aware": false,
              "Startup Cost": 45498.76,
              "Total Cost": 45498.77,
              "Plan Rows": 1,
              "Plan Width": 8,
              "Actual Startup Time": 85.979,
              "Actual Total Time": 85.98,
              "Actual Rows": 1,
              "Actual Loops": 5,
              "Plans": [
                {
                  "Node Type": "Seq Scan",
                  "Parent Relationship": "Outer",
                  "Parallel Aware": true,
                  "Relation Name": "title",
                  "Alias": "t",
                  "Startup Cost": 0.0,
                  "Total Cost": 45479.1,
                  "Plan Rows": 7866,
                  "Plan Width": 0,
                  "Actual Startup Time": 0.039,
                  "Actual Total Time": 85.175,
                  "Actual Rows": 7217,
                  "Actual Loops": 5,
                  "Filter": "((kind_id > 4) AND (production_year = 2000))",
                  "Rows Removed by Filter": 498445
                }
              ]
            }
          ]
        }
      ]
    },
    "Planning Time": 0.179,
    "Triggers": [],
    "Execution Time": 105.006
  }
]