[
  {
    "Plan": {
      "Node Type": "Aggregate",
      "Strategy": "Plain",
      "Partial Mode": "Finalize",
      "Parallel Aware": false,
      "Startup Cost": 379395.9,
      "Total Cost": 379395.91,
      "Plan Rows": 1,
      "Plan Width": 8,
      "Actual Startup Time": 1817.385,
      "Actual Total Time": 1858.619,
      "Actual Rows": 1,
      "Actual Loops": 1,
      "Plans": [
        {
          "Node Type": "Gather",
          "Parent Relationship": "Outer",
          "Parallel Aware": false,
          "Startup Cost": 379395.28,
          "Total Cost": 379395.89,
          "Plan Rows": 6,
          "Plan Width": 8,
          "Actual Startup Time": 1804.183,
          "Actual Total Time": 1858.607,
          "Actual Rows": 7,
          "Actual Loops": 1,
          "Workers Planned": 6,
          "Workers Launched": 6,
          "Single Copy": false,
          "Plans": [
            {
              "Node Type": "Aggregate",
              "Strategy": "Plain",
              "Partial Mode": "Partial",
              "Parent Relationship": "Outer",
              "Parallel Aware": false,
              "Startup Cost": 378395.28,
              "Total Cost": 378395.29,
              "Plan Rows": 1,
              "Plan Width": 8,
              "Actual Startup Time": 1790.694,
              "Actual Total Time": 1790.697,
              "Actual Rows": 1,
              "Actual Loops": 7,
              "Plans": [
                {
                  "Node Type": "Hash Join",
                  "Parent Relationship": "Outer",
                  "Parallel Aware": true,
                  "Join Type": "Inner",
                  "Startup Cost": 50382.14,
                  "Total Cost": 377140.54,
                  "Plan Rows": 501893,
                  "Plan Width": 0,
                  "Actual Startup Time": 336.288,
                  "Actual Total Time": 1722.972,
                  "Actual Rows": 1005827,
                  "Actual Loops": 7,
                  "Inner Unique": true,
                  "Hash Cond": "(ci.movie_id = t.id)",
                  "Plans": [
                    {
                      "Node Type": "Index Scan",
                      "Parent Relationship": "Outer",
                      "Parallel Aware": true,
                      "Scan Direction": "Forward",
                      "Index Name": "role_id_cast_info",
                      "Relation Name": "cast_info",
                      "Alias": "ci",
                      "Startup Cost": 0.56,
                      "Total Cost": 325153.08,
                      "Plan Rows": 611767,
                      "Plan Width": 4,
                      "Actual Startup Time": 0.47,
                      "Actual Total Time": 568.424,
                      "Actual Rows": 1125504,
                      "Actual Loops": 7,
                      "Index Cond": "(role_id > 3)",
                      "Rows Removed by Index Recheck": 0,
                      "Filter": "(person_id > 2618241)",
                      "Rows Removed by Filter": 605017
                    },
                    {
                      "Node Type": "Hash",
                      "Parent Relationship": "Inner",
                      "Parallel Aware": true,
                      "Startup Cost": 43899.32,
                      "Total Cost": 43899.32,
                      "Plan Rows": 518580,
                      "Plan Width": 4,
                      "Actual Startup Time": 331.534,
                      "Actual Total Time": 331.536,
                      "Actual Rows": 294335,
                      "Actual Loops": 7,
                      "Hash Buckets": 2097152,
                      "Original Hash Buckets": 2097152,
                      "Hash Batches": 1,
                      "Original Hash Batches": 1,
                      "Peak Memory Usage": 97120,
                      "Plans": [
                        {
                          "Node Type": "Seq Scan",
                          "Parent Relationship": "Outer",
                          "Parallel Aware": true,
                          "Relation Name": "title",
                          "Alias": "t",
                          "Startup Cost": 0.0,
                          "Total Cost": 43899.32,
                          "Plan Rows": 518580,
                          "Plan Width": 4,
                          "Actual Startup Time": 0.078,
                          "Actual Total Time": 121.371,
                          "Actual Rows": 294335,
                          "Actual Loops": 7,
                          "Filter": "(production_year > 1971)",
                          "Rows Removed by Filter": 66852
                        }
                      ]
                    }
                  ]
                }
              ]
            }
          ]
        }
      ]
    },
    "Planning Time": 0.385,
    "Triggers": [],
    "Execution Time": 1858.693
  }
]