[
  {
    "Plan": {
      "Node Type": "Aggregate",
      "Strategy": "Plain",
      "Partial Mode": "Finalize",
      "Parallel Aware": false,
      "Startup Cost": 45787.57,
      "Total Cost": 45787.58,
      "Plan Rows": 1,
      "Plan Width": 8,
      "Actual Startup Time": 151.71,
      "Actual Total Time": 161.434,
      "Actual Rows": 1,
      "Actual Loops": 1,
      "Plans": [
        {
          "Node Type": "Gather",
          "Parent Relationship": "Outer",
          "Parallel Aware": false,
          "Startup Cost": 45787.25,
          "Total Cost": 45787.56,
          "Plan Rows": 3,
          "Plan Width": 8,
          "Actual Startup Time": 151.515,
          "Actual Total Time": 161.419,
          "Actual Rows": 4,
          "Actual Loops": 1,
          "Workers Planned": 3,
          "Workers Launched": 3,
          "Single Copy": false,
          "Plans": [
            {
              "Node Type": "Aggregate",
              "Strategy": "Plain",
              "Partial Mode": "Partial",
              "Parent Relationship": "Outer",
              "Parallel Aware": false,
              "Startup Cost": 44787.25,
              "Total Cost": 44787.26,
              "Plan Rows": 1,
              "Plan Width": 8,
              "Actual Startup Time": 148.159,
              "Actual Total Time": 148.161,
              "Actual Rows": 1,
              "Actual Loops": 4,
              "Plans": [
                {
                  "Node Type": "Seq Scan",
                  "Parent Relationship": "Outer",
                  "Parallel Aware": true,
                  "Relation Name": "movie_keyword",
                  "Alias": "mk",
                  "Startup Cost": 0.0,
                  "Total Cost": 42695.65,
                  "Plan Rows": 836638,
                  "Plan Width": 0,
                  "Actual Startup Time": 0.026,
                  "Actual Total Time": 117.172,
                  "Actual Rows": 651125,
                  "Actual Loops": 4,
                  "Filter": "(keyword_id < 7036)",
                  "Rows Removed by Filter": 479858
                }
              ]
            }
          ]
        }
      ]
    },
    "Planning Time": 0.078,
    "Triggers": [],
    "Execution Time": 161.46
  }
]