{
    "Plan": {
        "Node Type": "Aggregate",
        "Strategy": "Plain",
        "Partial Mode": "Finalize",
        "Parallel Aware": false,
        "Startup Cost": 390585.8,
        "Total Cost": 390585.81,
        "Plan Rows": 1,
        "Plan Width": 8,
        "Actual Startup Time": 1672.083,
        "Actual Total Time": 1718.149,
        "Actual Rows": 1,
        "Actual Loops": 1,
        "Output": [
            "count(*)"
        ],
        "Plans": [
            {
                "Node Type": "Gather",
                "Parent Relationship": "Outer",
                "Parallel Aware": false,
                "Startup Cost": 390585.18,
                "Total Cost": 390585.79,
                "Plan Rows": 6,
                "Plan Width": 8,
                "Actual Startup Time": 1650.518,
                "Actual Total Time": 1718.137,
                "Actual Rows": 7,
                "Actual Loops": 1,
                "Output": [
                    "(PARTIAL count(*))"
                ],
                "Workers Planned": 6,
                "Workers Launched": 6,
                "Single Copy": false,
                "Plans": [
                    {
                        "Node Type": "Aggregate",
                        "Strategy": "Plain",
                        "Partial Mode": "Partial",
                        "Parent Relationship": "Outer",
                        "Parallel Aware": false,
                        "Startup Cost": 389585.18,
                        "Total Cost": 389585.19,
                        "Plan Rows": 1,
                        "Plan Width": 8,
                        "Actual Startup Time": 1627.776,
                        "Actual Total Time": 1627.78,
                        "Actual Rows": 1,
                        "Actual Loops": 7,
                        "Output": [
                            "PARTIAL count(*)"
                        ],
                        "Workers": [
                            {
                                "Worker Number": 0,
                                "Actual Startup Time": 1625.55,
                                "Actual Total Time": 1625.553,
                                "Actual Rows": 1,
                                "Actual Loops": 1
                            },
                            {
                                "Worker Number": 1,
                                "Actual Startup Time": 1623.635,
                                "Actual Total Time": 1623.638,
                                "Actual Rows": 1,
                                "Actual Loops": 1
                            },
                            {
                                "Worker Number": 2,
                                "Actual Startup Time": 1623.665,
                                "Actual Total Time": 1623.668,
                                "Actual Rows": 1,
                                "Actual Loops": 1
                            },
                            {
                                "Worker Number": 3,
                                "Actual Startup Time": 1623.86,
                                "Actual Total Time": 1623.863,
                                "Actual Rows": 1,
                                "Actual Loops": 1
                            },
                            {
                                "Worker Number": 4,
                                "Actual Startup Time": 1623.971,
                                "Actual Total Time": 1623.974,
                                "Actual Rows": 1,
                                "Actual Loops": 1
                            },
                            {
                                "Worker Number": 5,
                                "Actual Startup Time": 1623.959,
                                "Actual Total Time": 1623.963,
                                "Actual Rows": 1,
                                "Actual Loops": 1
                            }
                        ],
                        "Plans": [
                            {
                                "Node Type": "Hash Join",
                                "Parent Relationship": "Outer",
                                "Parallel Aware": true,
                                "Join Type": "Inner",
                                "Startup Cost": 51004.76,
                                "Total Cost": 384802.37,
                                "Plan Rows": 1913123,
                                "Plan Width": 0,
                                "Actual Startup Time": 238.355,
                                "Actual Total Time": 1560.77,
                                "Actual Rows": 1681027,
                                "Actual Loops": 7,
                                "Inner Unique": true,
                                "Hash Cond": "(ci.movie_id = t.id)",
                                "Workers": [
                                    {
                                        "Worker Number": 0,
                                        "Actual Startup Time": 234.578,
                                        "Actual Total Time": 1561.294,
                                        "Actual Rows": 1612977,
                                        "Actual Loops": 1
                                    },
                                    {
                                        "Worker Number": 1,
                                        "Actual Startup Time": 234.473,
                                        "Actual Total Time": 1556.673,
                                        "Actual Rows": 1700968,
                                        "Actual Loops": 1
                                    },
                                    {
                                        "Worker Number": 2,
                                        "Actual Startup Time": 234.501,
                                        "Actual Total Time": 1557.47,
                                        "Actual Rows": 1684575,
                                        "Actual Loops": 1
                                    },
                                    {
                                        "Worker Number": 3,
                                        "Actual Startup Time": 234.715,
                                        "Actual Total Time": 1560.223,
                                        "Actual Rows": 1623475,
                                        "Actual Loops": 1
                                    },
                                    {
                                        "Worker Number": 4,
                                        "Actual Startup Time": 234.806,
                                        "Actual Total Time": 1558.465,
                                        "Actual Rows": 1670703,
                                        "Actual Loops": 1
                                    },
                                    {
                                        "Worker Number": 5,
                                        "Actual Startup Time": 234.802,
                                        "Actual Total Time": 1559.589,
                                        "Actual Rows": 1641101,
                                        "Actual Loops": 1
                                    }
                                ],
                                "Plans": [
                                    {
                                        "Node Type": "Seq Scan",
                                        "Parent Relationship": "Outer",
                                        "Parallel Aware": true,
                                        "Relation Name": "cast_info",
                                        "Schema": "public",
                                        "Alias": "ci",
                                        "Startup Cost": 0.0,
                                        "Total Cost": 328213.62,
                                        "Plan Rows": 2127232,
                                        "Plan Width": 4,
                                        "Actual Startup Time": 0.036,
                                        "Actual Total Time": 587.009,
                                        "Actual Rows": 1810098,
                                        "Actual Loops": 7,
                                        "Output": [
                                            "ci.id",
                                            "ci.person_id",
                                            "ci.movie_id",
                                            "ci.person_role_id",
                                            "ci.note",
                                            "ci.nr_order",
                                            "ci.role_id"
                                        ],
                                        "Filter": "(ci.role_id < 2)",
                                        "Rows Removed by Filter": 3367665,
                                        "Workers": [
                                            {
                                                "Worker Number": 0,
                                                "Actual Startup Time": 0.038,
                                                "Actual Total Time": 592.633,
                                                "Actual Rows": 1738360,
                                                "Actual Loops": 1
                                            },
                                            {
                                                "Worker Number": 1,
                                                "Actual Startup Time": 0.039,
                                                "Actual Total Time": 595.076,
                                                "Actual Rows": 1827699,
                                                "Actual Loops": 1
                                            },
                                            {
                                                "Worker Number": 2,
                                                "Actual Startup Time": 0.039,
                                                "Actual Total Time": 596.009,
                                                "Actual Rows": 1814026,
                                                "Actual Loops": 1
                                            },
                                            {
                                                "Worker Number": 3,
                                                "Actual Startup Time": 0.04,
                                                "Actual Total Time": 593.477,
                                                "Actual Rows": 1751959,
                                                "Actual Loops": 1
                                            },
                                            {
                                                "Worker Number": 4,
                                                "Actual Startup Time": 0.038,
                                                "Actual Total Time": 592.653,
                                                "Actual Rows": 1802163,
                                                "Actual Loops": 1
                                            },
                                            {
                                                "Worker Number": 5,
                                                "Actual Startup Time": 0.046,
                                                "Actual Total Time": 591.208,
                                                "Actual Rows": 1763149,
                                                "Actual Loops": 1
                                            }
                                        ]
                                    },
                                    {
                                        "Node Type": "Hash",
                                        "Parent Relationship": "Inner",
                                        "Parallel Aware": true,
                                        "Startup Cost": 43899.01,
                                        "Total Cost": 43899.01,
                                        "Plan Rows": 568460,
                                        "Plan Width": 4,
                                        "Actual Startup Time": 231.214,
                                        "Actual Total Time": 231.215,
                                        "Actual Rows": 325037,
                                        "Actual Loops": 7,
                                        "Output": [
                                            "t.id"
                                        ],
                                        "Hash Buckets": 4194304,
                                        "Original Hash Buckets": 4194304,
                                        "Hash Batches": 1,
                                        "Original Hash Batches": 1,
                                        "Peak Memory Usage": 121888,
                                        "Workers": [
                                            {
                                                "Worker Number": 0,
                                                "Actual Startup Time": 233.7,
                                                "Actual Total Time": 233.701,
                                                "Actual Rows": 300023,
                                                "Actual Loops": 1
                                            },
                                            {
                                                "Worker Number": 1,
                                                "Actual Startup Time": 233.791,
                                                "Actual Total Time": 233.792,
                                                "Actual Rows": 318807,
                                                "Actual Loops": 1
                                            },
                                            {
                                                "Worker Number": 2,
                                                "Actual Startup Time": 233.767,
                                                "Actual Total Time": 233.768,
                                                "Actual Rows": 315987,
                                                "Actual Loops": 1
                                            },
                                            {
                                                "Worker Number": 3,
                                                "Actual Startup Time": 233.991,
                                                "Actual Total Time": 233.993,
                                                "Actual Rows": 294481,
                                                "Actual Loops": 1
                                            },
                                            {
                                                "Worker Number": 4,
                                                "Actual Startup Time": 234.046,
                                                "Actual Total Time": 234.047,
                                                "Actual Rows": 309835,
                                                "Actual Loops": 1
                                            },
                                            {
                                                "Worker Number": 5,
                                                "Actual Startup Time": 234.02,
                                                "Actual Total Time": 234.022,
                                                "Actual Rows": 299449,
                                                "Actual Loops": 1
                                            }
                                        ],
                                        "Plans": [
                                            {
                                                "Node Type": "Seq Scan",
                                                "Parent Relationship": "Outer",
                                                "Parallel Aware": true,
                                                "Relation Name": "title",
                                                "Schema": "public",
                                                "Alias": "t",
                                                "Startup Cost": 0.0,
                                                "Total Cost": 43899.01,
                                                "Plan Rows": 568460,
                                                "Plan Width": 4,
                                                "Actual Startup Time": 0.077,
                                                "Actual Total Time": 77.079,
                                                "Actual Rows": 325037,
                                                "Actual Loops": 7,
                                                "Output": [
                                                    "t.id"
                                                ],
                                                "Filter": "(t.production_year > 1952)",
                                                "Rows Removed by Filter": 36150,
                                                "Workers": [
                                                    {
                                                        "Worker Number": 0,
                                                        "Actual Startup Time": 0.086,
                                                        "Actual Total Time": 78.481,
                                                        "Actual Rows": 300023,
                                                        "Actual Loops": 1
                                                    },
                                                    {
                                                        "Worker Number": 1,
                                                        "Actual Startup Time": 0.076,
                                                        "Actual Total Time": 80.231,
                                                        "Actual Rows": 318807,
                                                        "Actual Loops": 1
                                                    },
                                                    {
                                                        "Worker Number": 2,
                                                        "Actual Startup Time": 0.067,
                                                        "Actual Total Time": 79.767,
                                                        "Actual Rows": 315987,
                                                        "Actual Loops": 1
                                                    },
                                                    {
                                                        "Worker Number": 3,
                                                        "Actual Startup Time": 0.114,
                                                        "Actual Total Time": 78.558,
                                                        "Actual Rows": 294481,
                                                        "Actual Loops": 1
                                                    },
                                                    {
                                                        "Worker Number": 4,
                                                        "Actual Startup Time": 0.085,
                                                        "Actual Total Time": 79.231,
                                                        "Actual Rows": 309835,
                                                        "Actual Loops": 1
                                                    },
                                                    {
                                                        "Worker Number": 5,
                                                        "Actual Startup Time": 0.084,
                                                        "Actual Total Time": 78.418,
                                                        "Actual Rows": 299449,
                                                        "Actual Loops": 1
                                                    }
                                                ]
                                            }
                                        ]
                                    }
                                ]
                            }
                        ]
                    }
                ]
            }
        ]
    },
    "Planning Time": 0.571,
    "Triggers": [],
    "Execution Time": 1718.223
}