{
    "Plan": {
        "Node Type": "Aggregate",
        "Strategy": "Plain",
        "Partial Mode": "Finalize",
        "Parallel Aware": false,
        "Startup Cost": 79433.96,
        "Total Cost": 79433.97,
        "Plan Rows": 1,
        "Plan Width": 8,
        "Actual Startup Time": 219.449,
        "Actual Total Time": 234.82,
        "Actual Rows": 1,
        "Actual Loops": 1,
        "Output": [
            "count(*)"
        ],
        "Plans": [
            {
                "Node Type": "Gather",
                "Parent Relationship": "Outer",
                "Parallel Aware": false,
                "Startup Cost": 79433.64,
                "Total Cost": 79433.95,
                "Plan Rows": 3,
                "Plan Width": 8,
                "Actual Startup Time": 217.614,
                "Actual Total Time": 234.809,
                "Actual Rows": 4,
                "Actual Loops": 1,
                "Output": [
                    "(PARTIAL count(*))"
                ],
                "Workers Planned": 3,
                "Workers Launched": 3,
                "Single Copy": false,
                "Plans": [
                    {
                        "Node Type": "Aggregate",
                        "Strategy": "Plain",
                        "Partial Mode": "Partial",
                        "Parent Relationship": "Outer",
                        "Parallel Aware": false,
                        "Startup Cost": 78433.64,
                        "Total Cost": 78433.65,
                        "Plan Rows": 1,
                        "Plan Width": 8,
                        "Actual Startup Time": 208.641,
                        "Actual Total Time": 208.645,
                        "Actual Rows": 1,
                        "Actual Loops": 4,
                        "Output": [
                            "PARTIAL count(*)"
                        ],
                        "Workers": [
                            {
                                "Worker Number": 0,
                                "Actual Startup Time": 205.151,
                                "Actual Total Time": 205.154,
                                "Actual Rows": 1,
                                "Actual Loops": 1
                            },
                            {
                                "Worker Number": 1,
                                "Actual Startup Time": 206.038,
                                "Actual Total Time": 206.041,
                                "Actual Rows": 1,
                                "Actual Loops": 1
                            },
                            {
                                "Worker Number": 2,
                                "Actual Startup Time": 206.456,
                                "Actual Total Time": 206.459,
                                "Actual Rows": 1,
                                "Actual Loops": 1
                            }
                        ],
                        "Plans": [
                            {
                                "Node Type": "Hash Join",
                                "Parent Relationship": "Outer",
                                "Parallel Aware": true,
                                "Join Type": "Inner",
                                "Startup Cost": 46575.77,
                                "Total Cost": 78381.92,
                                "Plan Rows": 20690,
                                "Plan Width": 0,
                                "Actual Startup Time": 143.963,
                                "Actual Total Time": 207.94,
                                "Actual Rows": 12468,
                                "Actual Loops": 4,
                                "Inner Unique": true,
                                "Hash Cond": "(mc.movie_id = t.id)",
                                "Workers": [
                                    {
                                        "Worker Number": 0,
                                        "Actual Startup Time": 140.501,
                                        "Actual Total Time": 204.551,
                                        "Actual Rows": 12955,
                                        "Actual Loops": 1
                                    },
                                    {
                                        "Worker Number": 1,
                                        "Actual Startup Time": 141.391,
                                        "Actual Total Time": 205.378,
                                        "Actual Rows": 14311,
                                        "Actual Loops": 1
                                    },
                                    {
                                        "Worker Number": 2,
                                        "Actual Startup Time": 141.668,
                                        "Actual Total Time": 205.725,
                                        "Actual Rows": 10491,
                                        "Actual Loops": 1
                                    }
                                ],
                                "Plans": [
                                    {
                                        "Node Type": "Seq Scan",
                                        "Parent Relationship": "Outer",
                                        "Parallel Aware": true,
                                        "Relation Name": "movie_companies",
                                        "Schema": "public",
                                        "Alias": "mc",
                                        "Startup Cost": 0.0,
                                        "Total Cost": 31414.82,
                                        "Plan Rows": 149078,
                                        "Plan Width": 4,
                                        "Actual Startup Time": 11.246,
                                        "Actual Total Time": 63.117,
                                        "Actual Rows": 37108,
                                        "Actual Loops": 4,
                                        "Output": [
                                            "mc.id",
                                            "mc.movie_id",
                                            "mc.company_id",
                                            "mc.company_type_id",
                                            "mc.note"
                                        ],
                                        "Filter": "((mc.company_id > 18731) AND (mc.company_type_id < 2))",
                                        "Rows Removed by Filter": 615174,
                                        "Workers": [
                                            {
                                                "Worker Number": 0,
                                                "Actual Startup Time": 11.228,
                                                "Actual Total Time": 62.597,
                                                "Actual Rows": 38718,
                                                "Actual Loops": 1
                                            },
                                            {
                                                "Worker Number": 1,
                                                "Actual Startup Time": 11.255,
                                                "Actual Total Time": 63.116,
                                                "Actual Rows": 42960,
                                                "Actual Loops": 1
                                            },
                                            {
                                                "Worker Number": 2,
                                                "Actual Startup Time": 11.269,
                                                "Actual Total Time": 63.958,
                                                "Actual Rows": 30494,
                                                "Actual Loops": 1
                                            }
                                        ]
                                    },
                                    {
                                        "Node Type": "Hash",
                                        "Parent Relationship": "Inner",
                                        "Parallel Aware": true,
                                        "Startup Cost": 45479.21,
                                        "Total Cost": 45479.21,
                                        "Plan Rows": 87725,
                                        "Plan Width": 4,
                                        "Actual Startup Time": 129.244,
                                        "Actual Total Time": 129.245,
                                        "Actual Rows": 66319,
                                        "Actual Loops": 4,
                                        "Output": [
                                            "t.id"
                                        ],
                                        "Hash Buckets": 524288,
                                        "Original Hash Buckets": 524288,
                                        "Hash Batches": 1,
                                        "Original Hash Batches": 1,
                                        "Peak Memory Usage": 14528,
                                        "Workers": [
                                            {
                                                "Worker Number": 0,
                                                "Actual Startup Time": 128.598,
                                                "Actual Total Time": 128.6,
                                                "Actual Rows": 63849,
                                                "Actual Loops": 1
                                            },
                                            {
                                                "Worker Number": 1,
                                                "Actual Startup Time": 129.488,
                                                "Actual Total Time": 129.489,
                                                "Actual Rows": 70960,
                                                "Actual Loops": 1
                                            },
                                            {
                                                "Worker Number": 2,
                                                "Actual Startup Time": 129.781,
                                                "Actual Total Time": 129.782,
                                                "Actual Rows": 69483,
                                                "Actual Loops": 1
                                            }
                                        ],
                                        "Plans": [
                                            {
                                                "Node Type": "Seq Scan",
                                                "Parent Relationship": "Outer",
                                                "Parallel Aware": true,
                                                "Relation Name": "title",
                                                "Schema": "public",
                                                "Alias": "t",
                                                "Startup Cost": 0.0,
                                                "Total Cost": 45479.21,
                                                "Plan Rows": 87725,
                                                "Plan Width": 4,
                                                "Actual Startup Time": 50.73,
                                                "Actual Total Time": 106.067,
                                                "Actual Rows": 66319,
                                                "Actual Loops": 4,
                                                "Output": [
                                                    "t.id"
                                                ],
                                                "Filter": "((t.production_year > 2001) AND (t.kind_id = 1))",
                                                "Rows Removed by Filter": 565759,
                                                "Workers": [
                                                    {
                                                        "Worker Number": 0,
                                                        "Actual Startup Time": 64.291,
                                                        "Actual Total Time": 105.034,
                                                        "Actual Rows": 63849,
                                                        "Actual Loops": 1
                                                    },
                                                    {
                                                        "Worker Number": 1,
                                                        "Actual Startup Time": 64.715,
                                                        "Actual Total Time": 106.793,
                                                        "Actual Rows": 70960,
                                                        "Actual Loops": 1
                                                    },
                                                    {
                                                        "Worker Number": 2,
                                                        "Actual Startup Time": 9.135,
                                                        "Actual Total Time": 106.504,
                                                        "Actual Rows": 69483,
                                                        "Actual Loops": 1
                                                    }
                                                ]
                                            }
                                        ]
                                    }
                                ]
                            }
                        ]
                    }
                ]
            }
        ]
    },
    "Planning Time": 0.715,
    "Triggers": [],
    "Execution Time": 234.888
}