{
  "Plan": {
    "Node Type": "Aggregate",
    "Strategy": "Plain",
    "Partial Mode": "Finalize",
    "Parallel Aware": false,
    "Startup Cost": 93085.55,
    "Total Cost": 93085.56,
    "Plan Rows": 1,
    "Plan Width": 8,
    "Actual Startup Time": 422.256,
    "Actual Total Time": 432.601,
    "Actual Rows": 1,
    "Actual Loops": 1,
    "Plans": [
      {
        "Node Type": "Gather",
        "Parent Relationship": "Outer",
        "Parallel Aware": false,
        "Startup Cost": 93085.43,
        "Total Cost": 93085.54,
        "Plan Rows": 1,
        "Plan Width": 8,
        "Actual Startup Time": 421.714,
        "Actual Total Time": 432.589,
        "Actual Rows": 2,
        "Actual Loops": 1,
        "Workers Planned": 1,
        "Workers Launched": 1,
        "Single Copy": false,
        "Plans": [
          {
            "Node Type": "Aggregate",
            "Strategy": "Plain",
            "Partial Mode": "Partial",
            "Parent Relationship": "Outer",
            "Parallel Aware": false,
            "Startup Cost": 92085.43,
            "Total Cost": 92085.44,
            "Plan Rows": 1,
            "Plan Width": 8,
            "Actual Startup Time": 415.752,
            "Actual Total Time": 415.757,
            "Actual Rows": 1,
            "Actual Loops": 2,
            "Plans": [
              {
                "Node Type": "Hash Join",
                "Parent Relationship": "Outer",
                "Parallel Aware": true,
                "Join Type": "Inner",
                "Startup Cost": 53877.92,
                "Total Cost": 92044.55,
                "Plan Rows": 16353,
                "Plan Width": 0,
                "Actual Startup Time": 172.394,
                "Actual Total Time": 410.589,
                "Actual Rows": 98456,
                "Actual Loops": 2,
                "Inner Unique": true,
                "Hash Cond": "(mc.movie_id = t.id)",
                "Plans": [
                  {
                    "Node Type": "Seq Scan",
                    "Parent Relationship": "Outer",
                    "Parallel Aware": true,
                    "Relation Name": "movie_companies",
                    "Alias": "mc",
                    "Startup Cost": 0.0,
                    "Total Cost": 34137.82,
                    "Plan Rows": 1534782,
                    "Plan Width": 4,
                    "Actual Startup Time": 0.015,
                    "Actual Total Time": 114.192,
                    "Actual Rows": 1304564,
                    "Actual Loops": 2
                  },
                  {
                    "Node Type": "Hash",
                    "Parent Relationship": "Inner",
                    "Parallel Aware": true,
                    "Startup Cost": 53679.84,
                    "Total Cost": 53679.84,
                    "Plan Rows": 15846,
                    "Plan Width": 4,
                    "Actual Startup Time": 125.734,
                    "Actual Total Time": 125.736,
                    "Actual Rows": 51988,
                    "Actual Loops": 2,
                    "Hash Buckets": 131072,
                    "Original Hash Buckets": 32768,
                    "Hash Batches": 1,
                    "Original Hash Batches": 1,
                    "Peak Memory Usage": 5888,
                    "Plans": [
                      {
                        "Node Type": "Bitmap Heap Scan",
                        "Parent Relationship": "Outer",
                        "Parallel Aware": true,
                        "Relation Name": "title",
                        "Alias": "t",
                        "Startup Cost": 11829.58,
                        "Total Cost": 53679.84,
                        "Plan Rows": 15846,
                        "Plan Width": 4,
                        "Actual Startup Time": 40.749,
                        "Actual Total Time": 109.542,
                        "Actual Rows": 51988,
                        "Actual Loops": 2,
                        "Recheck Cond": "(kind_id < 2)",
                        "Rows Removed by Index Recheck": 0,
                        "Filter": "(production_year < 1926)",
                        "Rows Removed by Filter": 279424,
                        "Exact Heap Blocks": 7469,
                        "Lossy Heap Blocks": 0,
                        "Plans": [
                          {
                            "Node Type": "Bitmap Index Scan",
                            "Parent Relationship": "Outer",
                            "Parallel Aware": false,
                            "Index Name": "kind_id_title",
                            "Startup Cost": 0.0,
                            "Total Cost": 11822.85,
                            "Plan Rows": 663256,
                            "Plan Width": 0,
                            "Actual Startup Time": 42.344,
                            "Actual Total Time": 42.345,
                            "Actual Rows": 662825,
                            "Actual Loops": 1,
                            "Index Cond": "(kind_id < 2)"
                          }
                        ]
                      }
                    ]
                  }
                ]
              }
            ]
          }
        ]
      }
    ]
  },
  "Planning Time": 0.458,
  "Triggers": [],
  "Execution Time": 432.695
}