[
  {
    "Plan": {
      "Node Type": "Aggregate",
      "Strategy": "Plain",
      "Partial Mode": "Finalize",
      "Parallel Aware": false,
      "Startup Cost": 241772.03,
      "Total Cost": 241772.04,
      "Plan Rows": 1,
      "Plan Width": 8,
      "Actual Startup Time": 451.958,
      "Actual Total Time": 460.482,
      "Actual Rows": 1,
      "Actual Loops": 1,
      "Plans": [
        {
          "Node Type": "Gather",
          "Parent Relationship": "Outer",
          "Parallel Aware": false,
          "Startup Cost": 241771.81,
          "Total Cost": 241772.02,
          "Plan Rows": 2,
          "Plan Width": 8,
          "Actual Startup Time": 448.332,
          "Actual Total Time": 460.475,
          "Actual Rows": 3,
          "Actual Loops": 1,
          "Workers Planned": 2,
          "Workers Launched": 2,
          "Single Copy": false,
          "Plans": [
            {
              "Node Type": "Aggregate",
              "Strategy": "Plain",
              "Partial Mode": "Partial",
              "Parent Relationship": "Outer",
              "Parallel Aware": false,
              "Startup Cost": 240771.81,
              "Total Cost": 240771.82,
              "Plan Rows": 1,
              "Plan Width": 8,
              "Actual Startup Time": 444.696,
              "Actual Total Time": 444.927,
              "Actual Rows": 1,
              "Actual Loops": 3,
              "Plans": [
                {
                  "Node Type": "Hash Join",
                  "Parent Relationship": "Outer",
                  "Parallel Aware": true,
                  "Join Type": "Inner",
                  "Startup Cost": 224698.58,
                  "Total Cost": 240643.05,
                  "Plan Rows": 51506,
                  "Plan Width": 0,
                  "Actual Startup Time": 333.2,
                  "Actual Total Time": 435.391,
                  "Actual Rows": 223393,
                  "Actual Loops": 3,
                  "Inner Unique": false,
                  "Hash Cond": "(mi_idx.movie_id = t.id)",
                  "Plans": [
                    {
                      "Node Type": "Seq Scan",
                      "Parent Relationship": "Outer",
                      "Parallel Aware": true,
                      "Relation Name": "movie_info_idx",
                      "Alias": "mi_idx",
                      "Startup Cost": 0.0,
                      "Total Cost": 13685.15,
                      "Plan Rows": 575015,
                      "Plan Width": 4,
                      "Actual Startup Time": 0.02,
                      "Actual Total Time": 33.246,
                      "Actual Rows": 460012,
                      "Actual Loops": 3
                    },
                    {
                      "Node Type": "Hash",
                      "Parent Relationship": "Inner",
                      "Parallel Aware": true,
                      "Startup Cost": 224132.41,
                      "Total Cost": 224132.41,
                      "Plan Rows": 45294,
                      "Plan Width": 8,
                      "Actual Startup Time": 332.151,
                      "Actual Total Time": 332.38,
                      "Actual Rows": 164557,
                      "Actual Loops": 3,
                      "Hash Buckets": 524288,
                      "Original Hash Buckets": 262144,
                      "Hash Batches": 1,
                      "Original Hash Batches": 1,
                      "Peak Memory Usage": 25504,
                      "Plans": [
                        {
                          "Node Type": "Hash Join",
                          "Parent Relationship": "Outer",
                          "Parallel Aware": true,
                          "Join Type": "Inner",
                          "Startup Cost": 59873.47,
                          "Total Cost": 224132.41,
                          "Plan Rows": 45294,
                          "Plan Width": 8,
                          "Actual Startup Time": 176.602,
                          "Actual Total Time": 289.952,
                          "Actual Rows": 164557,
                          "Actual Loops": 3,
                          "Inner Unique": true,
                          "Hash Cond": "(mi.movie_id = t.id)",
                          "Plans": [
                            {
                              "Node Type": "Bitmap Heap Scan",
                              "Parent Relationship": "Outer",
                              "Parallel Aware": true,
                              "Relation Name": "movie_info",
                              "Alias": "mi",
                              "Startup Cost": 13585.73,
                              "Total Cost": 177451.4,
                              "Plan Rows": 149814,
                              "Plan Width": 4,
                              "Actual Startup Time": 31.114,
                              "Actual Total Time": 58.027,
                              "Actual Rows": 267380,
                              "Actual Loops": 3,
                              "Recheck Cond": "(info_type_id < 2)",
                              "Rows Removed by Index Recheck": 0,
                              "Exact Heap Blocks": 1601,
                              "Lossy Heap Blocks": 0,
                              "Plans": [
                                {
                                  "Node Type": "Bitmap Index Scan",
                                  "Parent Relationship": "Outer",
                                  "Parallel Aware": false,
                                  "Index Name": "info_type_id_movie_info",
                                  "Startup Cost": 0.0,
                                  "Total Cost": 13398.46,
                                  "Plan Rows": 749070,
                                  "Plan Width": 0,
                                  "Actual Startup Time": 30.32,
                                  "Actual Total Time": 30.321,
                                  "Actual Rows": 802140,
                                  "Actual Loops": 1,
                                  "Index Cond": "(info_type_id < 2)"
                                }
                              ]
                            },
                            {
                              "Node Type": "Hash",
                              "Parent Relationship": "Inner",
                              "Parallel Aware": true,
                              "Startup Cost": 43899.01,
                              "Total Cost": 43899.01,
                              "Plan Rows": 191099,
                              "Plan Width": 4,
                              "Actual Startup Time": 143.551,
                              "Actual Total Time": 143.551,
                              "Actual Rows": 251226,
                              "Actual Loops": 3,
                              "Hash Buckets": 1048576,
                              "Original Hash Buckets": 1048576,
                              "Hash Batches": 1,
                              "Original Hash Batches": 1,
                              "Peak Memory Usage": 37728,
                              "Plans": [
                                {
                                  "Node Type": "Seq Scan",
                                  "Parent Relationship": "Outer",
                                  "Parallel Aware": true,
                                  "Relation Name": "title",
                                  "Alias": "t",
                                  "Startup Cost": 0.0,
                                  "Total Cost": 43899.01,
                                  "Plan Rows": 191099,
                                  "Plan Width": 4,
                                  "Actual Startup Time": 0.012,
                                  "Actual Total Time": 87.168,
                                  "Actual Rows": 251226,
                                  "Actual Loops": 3,
                                  "Filter": "(kind_id < 3)",
                                  "Rows Removed by Filter": 591545
                                }
                              ]
                            }
                          ]
                        }
                      ]
                    }
                  ]
                }
              ]
            }
          ]
        }
      ]
    },
    "Planning Time": 0.416,
    "Triggers": [],
    "Execution Time": 460.522
  }
]