[
  {
    "Plan": {
      "Node Type": "Aggregate",
      "Strategy": "Plain",
      "Partial Mode": "Finalize",
      "Parallel Aware": false,
      "Startup Cost": 82970.14,
      "Total Cost": 82970.15,
      "Plan Rows": 1,
      "Plan Width": 8,
      "Actual Startup Time": 566.14,
      "Actual Total Time": 588.271,
      "Actual Rows": 1,
      "Actual Loops": 1,
      "Plans": [
        {
          "Node Type": "Gather",
          "Parent Relationship": "Outer",
          "Parallel Aware": false,
          "Startup Cost": 82969.82,
          "Total Cost": 82970.13,
          "Plan Rows": 3,
          "Plan Width": 8,
          "Actual Startup Time": 554.98,
          "Actual Total Time": 588.262,
          "Actual Rows": 4,
          "Actual Loops": 1,
          "Workers Planned": 3,
          "Workers Launched": 3,
          "Single Copy": false,
          "Plans": [
            {
              "Node Type": "Aggregate",
              "Strategy": "Plain",
              "Partial Mode": "Partial",
              "Parent Relationship": "Outer",
              "Parallel Aware": false,
              "Startup Cost": 81969.82,
              "Total Cost": 81969.83,
              "Plan Rows": 1,
              "Plan Width": 8,
              "Actual Startup Time": 541.281,
              "Actual Total Time": 541.287,
              "Actual Rows": 1,
              "Actual Loops": 4,
              "Plans": [
                {
                  "Node Type": "Hash Join",
                  "Parent Relationship": "Outer",
                  "Parallel Aware": true,
                  "Join Type": "Inner",
                  "Startup Cost": 55974.21,
                  "Total Cost": 81751.15,
                  "Plan Rows": 87467,
                  "Plan Width": 0,
                  "Actual Startup Time": 455.376,
                  "Actual Total Time": 536.622,
                  "Actual Rows": 69253,
                  "Actual Loops": 4,
                  "Inner Unique": true,
                  "Hash Cond": "(mk.movie_id = t.id)",
                  "Plans": [
                    {
                      "Node Type": "Bitmap Heap Scan",
                      "Parent Relationship": "Outer",
                      "Parallel Aware": true,
                      "Relation Name": "movie_keyword",
                      "Alias": "mk",
                      "Startup Cost": 5753.83,
                      "Total Cost": 31301.17,
                      "Plan Rows": 87467,
                      "Plan Width": 4,
                      "Actual Startup Time": 29.874,
                      "Actual Total Time": 78.709,
                      "Actual Rows": 69253,
                      "Actual Loops": 4,
                      "Recheck Cond": "(keyword_id > 57292)",
                      "Rows Removed by Index Recheck": 0,
                      "Exact Heap Blocks": 8380,
                      "Lossy Heap Blocks": 0,
                      "Plans": [
                        {
                          "Node Type": "Bitmap Index Scan",
                          "Parent Relationship": "Outer",
                          "Parallel Aware": false,
                          "Index Name": "keyword_id_movie_keyword",
                          "Startup Cost": 0.0,
                          "Total Cost": 5686.04,
                          "Plan Rows": 271148,
                          "Plan Width": 0,
                          "Actual Startup Time": 24.771,
                          "Actual Total Time": 24.772,
                          "Actual Rows": 277012,
                          "Actual Loops": 1,
                          "Index Cond": "(keyword_id > 57292)"
                        }
                      ]
                    },
                    {
                      "Node Type": "Hash",
                      "Parent Relationship": "Inner",
                      "Parallel Aware": true,
                      "Startup Cost": 42319.06,
                      "Total Cost": 42319.06,
                      "Plan Rows": 632106,
                      "Plan Width": 4,
                      "Actual Startup Time": 416.439,
                      "Actual Total Time": 416.44,
                      "Actual Rows": 632078,
                      "Actual Loops": 4,
                      "Hash Buckets": 4194304,
                      "Original Hash Buckets": 4194304,
                      "Hash Batches": 1,
                      "Original Hash Batches": 1,
                      "Peak Memory Usage": 131776,
                      "Plans": [
                        {
                          "Node Type": "Seq Scan",
                          "Parent Relationship": "Outer",
                          "Parallel Aware": true,
                          "Relation Name": "title",
                          "Alias": "t",
                          "Startup Cost": 0.0,
                          "Total Cost": 42319.06,
                          "Plan Rows": 632106,
                          "Plan Width": 4,
                          "Actual Startup Time": 0.044,
                          "Actual Total Time": 127.432,
                          "Actual Rows": 632078,
                          "Actual Loops": 4
                        }
                      ]
                    }
                  ]
                }
              ]
            }
          ]
        }
      ]
    },
    "Planning Time": 0.176,
    "Triggers": [],
    "Execution Time": 588.33
  }
]