[
  {
    "Plan": {
      "Node Type": "Aggregate",
      "Strategy": "Plain",
      "Partial Mode": "Finalize",
      "Parallel Aware": false,
      "Startup Cost": 614345.08,
      "Total Cost": 614345.09,
      "Plan Rows": 1,
      "Plan Width": 8,
      "Actual Startup Time": 3339.572,
      "Actual Total Time": 3439.604,
      "Actual Rows": 1,
      "Actual Loops": 1,
      "Plans": [
        {
          "Node Type": "Gather",
          "Parent Relationship": "Outer",
          "Parallel Aware": false,
          "Startup Cost": 614344.55,
          "Total Cost": 614345.06,
          "Plan Rows": 5,
          "Plan Width": 8,
          "Actual Startup Time": 3328.692,
          "Actual Total Time": 3439.588,
          "Actual Rows": 6,
          "Actual Loops": 1,
          "Workers Planned": 5,
          "Workers Launched": 5,
          "Single Copy": false,
          "Plans": [
            {
              "Node Type": "Aggregate",
              "Strategy": "Plain",
              "Partial Mode": "Partial",
              "Parent Relationship": "Outer",
              "Parallel Aware": false,
              "Startup Cost": 613344.55,
              "Total Cost": 613344.56,
              "Plan Rows": 1,
              "Plan Width": 8,
              "Actual Startup Time": 3307.469,
              "Actual Total Time": 3307.683,
              "Actual Rows": 1,
              "Actual Loops": 6,
              "Plans": [
                {
                  "Node Type": "Hash Join",
                  "Parent Relationship": "Outer",
                  "Parallel Aware": true,
                  "Join Type": "Inner",
                  "Startup Cost": 400105.63,
                  "Total Cost": 606990.05,
                  "Plan Rows": 2541801,
                  "Plan Width": 0,
                  "Actual Startup Time": 1365.137,
                  "Actual Total Time": 3037.608,
                  "Actual Rows": 6460484,
                  "Actual Loops": 6,
                  "Inner Unique": false,
                  "Hash Cond": "(mi.movie_id = t.id)",
                  "Plans": [
                    {
                      "Node Type": "Seq Scan",
                      "Parent Relationship": "Outer",
                      "Parallel Aware": true,
                      "Relation Name": "movie_info",
                      "Alias": "mi",
                      "Startup Cost": 0.0,
                      "Total Cost": 191560.33,
                      "Plan Rows": 2956733,
                      "Plan Width": 4,
                      "Actual Startup Time": 0.037,
                      "Actual Total Time": 315.094,
                      "Actual Rows": 2472620,
                      "Actual Loops": 6
                    },
                    {
                      "Node Type": "Hash",
                      "Parent Relationship": "Inner",
                      "Parallel Aware": true,
                      "Startup Cost": 395577.53,
                      "Total Cost": 395577.53,
                      "Plan Rows": 362248,
                      "Plan Width": 8,
                      "Actual Startup Time": 1355.151,
                      "Actual Total Time": 1355.363,
                      "Actual Rows": 312417,
                      "Actual Loops": 6,
                      "Hash Buckets": 4194304,
                      "Original Hash Buckets": 4194304,
                      "Hash Batches": 1,
                      "Original Hash Batches": 1,
                      "Peak Memory Usage": 106208,
                      "Plans": [
                        {
                          "Node Type": "Hash Join",
                          "Parent Relationship": "Outer",
                          "Parallel Aware": true,
                          "Join Type": "Inner",
                          "Startup Cost": 46853.29,
                          "Total Cost": 395577.53,
                          "Plan Rows": 362248,
                          "Plan Width": 8,
                          "Actual Startup Time": 358.993,
                          "Actual Total Time": 1211.627,
                          "Actual Rows": 312417,
                          "Actual Loops": 6,
                          "Inner Unique": true,
                          "Hash Cond": "(ci.movie_id = t.id)",
                          "Plans": [
                            {
                              "Node Type": "Seq Scan",
                              "Parent Relationship": "Outer",
                              "Parallel Aware": true,
                              "Relation Name": "cast_info",
                              "Alias": "ci",
                              "Startup Cost": 0.0,
                              "Total Cost": 343257.03,
                              "Plan Rows": 2082745,
                              "Plan Width": 4,
                              "Actual Startup Time": 219.776,
                              "Actual Total Time": 709.094,
                              "Actual Rows": 1714257,
                              "Actual Loops": 6,
                              "Filter": "((person_id > 1714298) AND (role_id < 4))",
                              "Rows Removed by Filter": 4326467
                            },
                            {
                              "Node Type": "Hash",
                              "Parent Relationship": "Inner",
                              "Parallel Aware": true,
                              "Startup Cost": 45479.1,
                              "Total Cost": 45479.1,
                              "Plan Rows": 109935,
                              "Plan Width": 4,
                              "Actual Startup Time": 138.445,
                              "Actual Total Time": 138.446,
                              "Actual Rows": 89477,
                              "Actual Loops": 6,
                              "Hash Buckets": 1048576,
                              "Original Hash Buckets": 524288,
                              "Hash Batches": 1,
                              "Original Hash Batches": 1,
                              "Peak Memory Usage": 33344,
                              "Plans": [
                                {
                                  "Node Type": "Seq Scan",
                                  "Parent Relationship": "Outer",
                                  "Parallel Aware": true,
                                  "Relation Name": "title",
                                  "Alias": "t",
                                  "Startup Cost": 0.0,
                                  "Total Cost": 45479.1,
                                  "Plan Rows": 109935,
                                  "Plan Width": 4,
                                  "Actual Startup Time": 0.063,
                                  "Actual Total Time": 87.652,
                                  "Actual Rows": 89477,
                                  "Actual Loops": 6,
                                  "Filter": "((kind_id < 7) AND (production_year < 2002))",
                                  "Rows Removed by Filter": 331909
                                }
                              ]
                            }
                          ]
                        }
                      ]
                    }
                  ]
                }
              ]
            }
          ]
        }
      ]
    },
    "Planning Time": 1.399,
    "Triggers": [],
    "Execution Time": 3439.711
  }
]