{
  "Plan": {
    "Node Type": "Aggregate",
    "Strategy": "Plain",
    "Partial Mode": "Finalize",
    "Parallel Aware": false,
    "Startup Cost": 130728.94,
    "Total Cost": 130728.95,
    "Plan Rows": 1,
    "Plan Width": 8,
    "Actual Startup Time": 777.897,
    "Actual Total Time": 797.71,
    "Actual Rows": 1,
    "Actual Loops": 1,
    "Plans": [
      {
        "Node Type": "Gather",
        "Parent Relationship": "Outer",
        "Parallel Aware": false,
        "Startup Cost": 130728.83,
        "Total Cost": 130728.94,
        "Plan Rows": 1,
        "Plan Width": 8,
        "Actual Startup Time": 772.649,
        "Actual Total Time": 797.699,
        "Actual Rows": 2,
        "Actual Loops": 1,
        "Workers Planned": 1,
        "Workers Launched": 1,
        "Single Copy": false,
        "Plans": [
          {
            "Node Type": "Aggregate",
            "Strategy": "Plain",
            "Partial Mode": "Partial",
            "Parent Relationship": "Outer",
            "Parallel Aware": false,
            "Startup Cost": 129728.83,
            "Total Cost": 129728.84,
            "Plan Rows": 1,
            "Plan Width": 8,
            "Actual Startup Time": 765.261,
            "Actual Total Time": 765.265,
            "Actual Rows": 1,
            "Actual Loops": 2,
            "Plans": [
              {
                "Node Type": "Hash Join",
                "Parent Relationship": "Outer",
                "Parallel Aware": true,
                "Join Type": "Inner",
                "Startup Cost": 68922.87,
                "Total Cost": 128641.07,
                "Plan Rows": 435103,
                "Plan Width": 0,
                "Actual Startup Time": 449.344,
                "Actual Total Time": 754.233,
                "Actual Rows": 222746,
                "Actual Loops": 2,
                "Inner Unique": true,
                "Hash Cond": "(mk.movie_id = t.id)",
                "Plans": [
                  {
                    "Node Type": "Seq Scan",
                    "Parent Relationship": "Outer",
                    "Parallel Aware": true,
                    "Relation Name": "movie_keyword",
                    "Alias": "mk",
                    "Startup Cost": 0.0,
                    "Total Cost": 57718.19,
                    "Plan Rows": 761909,
                    "Plan Width": 4,
                    "Actual Startup Time": 1.598,
                    "Actual Total Time": 193.309,
                    "Actual Rows": 652314,
                    "Actual Loops": 2,
                    "Filter": "(keyword_id > 13471)",
                    "Rows Removed by Filter": 1609652
                  },
                  {
                    "Node Type": "Hash",
                    "Parent Relationship": "Inner",
                    "Parallel Aware": true,
                    "Startup Cost": 58306.47,
                    "Total Cost": 58306.47,
                    "Plan Rows": 849312,
                    "Plan Width": 4,
                    "Actual Startup Time": 432.401,
                    "Actual Total Time": 432.402,
                    "Actual Rows": 780344,
                    "Actual Loops": 2,
                    "Hash Buckets": 2097152,
                    "Original Hash Buckets": 2097152,
                    "Hash Batches": 1,
                    "Original Hash Batches": 1,
                    "Peak Memory Usage": 77472,
                    "Plans": [
                      {
                        "Node Type": "Seq Scan",
                        "Parent Relationship": "Outer",
                        "Parallel Aware": true,
                        "Relation Name": "title",
                        "Alias": "t",
                        "Startup Cost": 0.0,
                        "Total Cost": 58306.47,
                        "Plan Rows": 849312,
                        "Plan Width": 4,
                        "Actual Startup Time": 0.031,
                        "Actual Total Time": 200.654,
                        "Actual Rows": 780344,
                        "Actual Loops": 2,
                        "Filter": "((kind_id > 1) AND (production_year > 1979))",
                        "Rows Removed by Filter": 483812
                      }
                    ]
                  }
                ]
              }
            ]
          }
        ]
      }
    ]
  },
  "Planning Time": 0.429,
  "Triggers": [],
  "Execution Time": 797.777
}