{
  "Plan": {
    "Node Type": "Aggregate",
    "Strategy": "Plain",
    "Partial Mode": "Finalize",
    "Parallel Aware": false,
    "Startup Cost": 103039.2,
    "Total Cost": 103039.21,
    "Plan Rows": 1,
    "Plan Width": 8,
    "Actual Startup Time": 280.917,
    "Actual Total Time": 293.723,
    "Actual Rows": 1,
    "Actual Loops": 1,
    "Plans": [
      {
        "Node Type": "Gather",
        "Parent Relationship": "Outer",
        "Parallel Aware": false,
        "Startup Cost": 103039.09,
        "Total Cost": 103039.2,
        "Plan Rows": 1,
        "Plan Width": 8,
        "Actual Startup Time": 280.791,
        "Actual Total Time": 293.717,
        "Actual Rows": 2,
        "Actual Loops": 1,
        "Workers Planned": 1,
        "Workers Launched": 1,
        "Single Copy": false,
        "Plans": [
          {
            "Node Type": "Aggregate",
            "Strategy": "Plain",
            "Partial Mode": "Partial",
            "Parent Relationship": "Outer",
            "Parallel Aware": false,
            "Startup Cost": 102039.09,
            "Total Cost": 102039.1,
            "Plan Rows": 1,
            "Plan Width": 8,
            "Actual Startup Time": 277.921,
            "Actual Total Time": 277.924,
            "Actual Rows": 1,
            "Actual Loops": 2,
            "Plans": [
              {
                "Node Type": "Hash Join",
                "Parent Relationship": "Outer",
                "Parallel Aware": true,
                "Join Type": "Inner",
                "Startup Cost": 58392.73,
                "Total Cost": 102031.02,
                "Plan Rows": 3229,
                "Plan Width": 0,
                "Actual Startup Time": 179.918,
                "Actual Total Time": 277.833,
                "Actual Rows": 1788,
                "Actual Loops": 2,
                "Inner Unique": true,
                "Hash Cond": "(mc.movie_id = t.id)",
                "Plans": [
                  {
                    "Node Type": "Seq Scan",
                    "Parent Relationship": "Outer",
                    "Parallel Aware": true,
                    "Relation Name": "movie_companies",
                    "Alias": "mc",
                    "Startup Cost": 0.0,
                    "Total Cost": 41811.73,
                    "Plan Rows": 695832,
                    "Plan Width": 4,
                    "Actual Startup Time": 48.147,
                    "Actual Total Time": 110.602,
                    "Actual Rows": 528564,
                    "Actual Loops": 2,
                    "Filter": "((company_id < 96259) AND (company_type_id = 2))",
                    "Rows Removed by Filter": 776000
                  },
                  {
                    "Node Type": "Hash",
                    "Parent Relationship": "Inner",
                    "Parallel Aware": true,
                    "Startup Cost": 58306.47,
                    "Total Cost": 58306.47,
                    "Plan Rows": 6901,
                    "Plan Width": 4,
                    "Actual Startup Time": 130.038,
                    "Actual Total Time": 130.039,
                    "Actual Rows": 5307,
                    "Actual Loops": 2,
                    "Hash Buckets": 16384,
                    "Original Hash Buckets": 16384,
                    "Hash Batches": 1,
                    "Original Hash Batches": 1,
                    "Peak Memory Usage": 576,
                    "Plans": [
                      {
                        "Node Type": "Seq Scan",
                        "Parent Relationship": "Outer",
                        "Parallel Aware": true,
                        "Relation Name": "title",
                        "Alias": "t",
                        "Startup Cost": 0.0,
                        "Total Cost": 58306.47,
                        "Plan Rows": 6901,
                        "Plan Width": 4,
                        "Actual Startup Time": 0.081,
                        "Actual Total Time": 127.967,
                        "Actual Rows": 5307,
                        "Actual Loops": 2,
                        "Filter": "((kind_id = 7) AND (production_year = 1985))",
                        "Rows Removed by Filter": 1258849
                      }
                    ]
                  }
                ]
              }
            ]
          }
        ]
      }
    ]
  },
  "Planning Time": 0.376,
  "Triggers": [],
  "Execution Time": 293.782
}