[
  {
    "Plan": {
      "Node Type": "Aggregate",
      "Strategy": "Plain",
      "Partial Mode": "Finalize",
      "Parallel Aware": false,
      "Startup Cost": 31780.44,
      "Total Cost": 31780.45,
      "Plan Rows": 1,
      "Plan Width": 8,
      "Actual Startup Time": 114.037,
      "Actual Total Time": 122.055,
      "Actual Rows": 1,
      "Actual Loops": 1,
      "Plans": [
        {
          "Node Type": "Gather",
          "Parent Relationship": "Outer",
          "Parallel Aware": false,
          "Startup Cost": 31780.12,
          "Total Cost": 31780.43,
          "Plan Rows": 3,
          "Plan Width": 8,
          "Actual Startup Time": 113.929,
          "Actual Total Time": 122.044,
          "Actual Rows": 4,
          "Actual Loops": 1,
          "Workers Planned": 3,
          "Workers Launched": 3,
          "Single Copy": false,
          "Plans": [
            {
              "Node Type": "Aggregate",
              "Strategy": "Plain",
              "Partial Mode": "Partial",
              "Parent Relationship": "Outer",
              "Parallel Aware": false,
              "Startup Cost": 30780.12,
              "Total Cost": 30780.13,
              "Plan Rows": 1,
              "Plan Width": 8,
              "Actual Startup Time": 107.232,
              "Actual Total Time": 107.233,
              "Actual Rows": 1,
              "Actual Loops": 4,
              "Plans": [
                {
                  "Node Type": "Seq Scan",
                  "Parent Relationship": "Outer",
                  "Parallel Aware": true,
                  "Relation Name": "movie_companies",
                  "Alias": "mc",
                  "Startup Cost": 0.0,
                  "Total Cost": 29310.68,
                  "Plan Rows": 587776,
                  "Plan Width": 0,
                  "Actual Startup Time": 0.038,
                  "Actual Total Time": 83.664,
                  "Actual Rows": 451981,
                  "Actual Loops": 4,
                  "Filter": "(company_id < 30309)",
                  "Rows Removed by Filter": 200301
                }
              ]
            }
          ]
        }
      ]
    },
    "Planning Time": 0.185,
    "Triggers": [],
    "Execution Time": 122.107
  }
]