[
    {
        "Bao": {
            "Bao prediction": "NaN",
            "Bao recommended hint": "(no hint)"
        }
    },
    {
        "Plan": {
            "Node Type": "Aggregate",
            "Strategy": "Plain",
            "Partial Mode": "Simple",
            "Parallel Aware": false,
            "Startup Cost": 28375.5,
            "Total Cost": 28375.51,
            "Plan Rows": 1,
            "Plan Width": 8,
            "Actual Startup Time": 60.605,
            "Actual Total Time": 60.607,
            "Actual Rows": 1,
            "Actual Loops": 1,
            "Output": [
                "count(*)"
            ],
            "Plans": [
                {
                    "Node Type": "Bitmap Heap Scan",
                    "Parent Relationship": "Outer",
                    "Parallel Aware": false,
                    "Relation Name": "movie_keyword",
                    "Schema": "public",
                    "Alias": "mk",
                    "Startup Cost": 2298.82,
                    "Total Cost": 28105.06,
                    "Plan Rows": 108179,
                    "Plan Width": 0,
                    "Actual Startup Time": 17.021,
                    "Actual Total Time": 56.054,
                    "Actual Rows": 102787,
                    "Actual Loops": 1,
                    "Recheck Cond": "(mk.keyword_id > 81629)",
                    "Rows Removed by Index Recheck": 0,
                    "Exact Heap Blocks": 17480,
                    "Lossy Heap Blocks": 0,
                    "Plans": [
                        {
                            "Node Type": "Bitmap Index Scan",
                            "Parent Relationship": "Outer",
                            "Parallel Aware": false,
                            "Index Name": "keyword_id_movie_keyword",
                            "Startup Cost": 0.0,
                            "Total Cost": 2271.77,
                            "Plan Rows": 108179,
                            "Plan Width": 0,
                            "Actual Startup Time": 13.168,
                            "Actual Total Time": 13.169,
                            "Actual Rows": 102787,
                            "Actual Loops": 1,
                            "Index Cond": "(mk.keyword_id > 81629)"
                        }
                    ]
                }
            ]
        },
        "Planning Time": 199.293,
        "Triggers": [],
        "Execution Time": 60.684
    }
]