{
  "Plan": {
    "Node Type": "Aggregate",
    "Strategy": "Plain",
    "Partial Mode": "Finalize",
    "Parallel Aware": false,
    "Startup Cost": 380209.19,
    "Total Cost": 380209.2,
    "Plan Rows": 1,
    "Plan Width": 8,
    "Actual Startup Time": 925.082,
    "Actual Total Time": 942.424,
    "Actual Rows": 1,
    "Actual Loops": 1,
    "Plans": [
      {
        "Node Type": "Gather",
        "Parent Relationship": "Outer",
        "Parallel Aware": false,
        "Startup Cost": 380209.08,
        "Total Cost": 380209.19,
        "Plan Rows": 1,
        "Plan Width": 8,
        "Actual Startup Time": 920.336,
        "Actual Total Time": 942.415,
        "Actual Rows": 2,
        "Actual Loops": 1,
        "Workers Planned": 1,
        "Workers Launched": 1,
        "Single Copy": false,
        "Plans": [
          {
            "Node Type": "Aggregate",
            "Strategy": "Plain",
            "Partial Mode": "Partial",
            "Parent Relationship": "Outer",
            "Parallel Aware": false,
            "Startup Cost": 379209.08,
            "Total Cost": 379209.09,
            "Plan Rows": 1,
            "Plan Width": 8,
            "Actual Startup Time": 914.678,
            "Actual Total Time": 914.682,
            "Actual Rows": 1,
            "Actual Loops": 2,
            "Plans": [
              {
                "Node Type": "Hash Join",
                "Parent Relationship": "Outer",
                "Parallel Aware": true,
                "Join Type": "Inner",
                "Startup Cost": 108400.34,
                "Total Cost": 377239.65,
                "Plan Rows": 787770,
                "Plan Width": 0,
                "Actual Startup Time": 466.184,
                "Actual Total Time": 886.692,
                "Actual Rows": 665695,
                "Actual Loops": 2,
                "Inner Unique": true,
                "Hash Cond": "(ci.movie_id = t.id)",
                "Plans": [
                  {
                    "Node Type": "Bitmap Heap Scan",
                    "Parent Relationship": "Outer",
                    "Parallel Aware": true,
                    "Relation Name": "cast_info",
                    "Alias": "ci",
                    "Startup Cost": 40098.43,
                    "Total Cost": 306134.46,
                    "Plan Rows": 1067922,
                    "Plan Width": 4,
                    "Actual Startup Time": 66.336,
                    "Actual Total Time": 169.595,
                    "Actual Rows": 878443,
                    "Actual Loops": 2,
                    "Recheck Cond": "(person_id > 3713861)",
                    "Rows Removed by Index Recheck": 0,
                    "Exact Heap Blocks": 13254,
                    "Lossy Heap Blocks": 0,
                    "Plans": [
                      {
                        "Node Type": "Bitmap Index Scan",
                        "Parent Relationship": "Outer",
                        "Parallel Aware": false,
                        "Index Name": "person_id_cast_info",
                        "Startup Cost": 0.0,
                        "Total Cost": 39644.57,
                        "Plan Rows": 1815467,
                        "Plan Width": 0,
                        "Actual Startup Time": 62.472,
                        "Actual Total Time": 62.472,
                        "Actual Rows": 1756886,
                        "Actual Loops": 1,
                        "Index Cond": "(person_id > 3713861)"
                      }
                    ]
                  },
                  {
                    "Node Type": "Hash",
                    "Parent Relationship": "Inner",
                    "Parallel Aware": true,
                    "Startup Cost": 54588.39,
                    "Total Cost": 54588.39,
                    "Plan Rows": 1097081,
                    "Plan Width": 4,
                    "Actual Startup Time": 389.431,
                    "Actual Total Time": 389.432,
                    "Actual Rows": 932744,
                    "Actual Loops": 2,
                    "Hash Buckets": 2097152,
                    "Original Hash Buckets": 2097152,
                    "Hash Batches": 1,
                    "Original Hash Batches": 1,
                    "Peak Memory Usage": 89408,
                    "Plans": [
                      {
                        "Node Type": "Seq Scan",
                        "Parent Relationship": "Outer",
                        "Parallel Aware": true,
                        "Relation Name": "title",
                        "Alias": "t",
                        "Startup Cost": 0.0,
                        "Total Cost": 54588.39,
                        "Plan Rows": 1097081,
                        "Plan Width": 4,
                        "Actual Startup Time": 0.026,
                        "Actual Total Time": 164.534,
                        "Actual Rows": 932744,
                        "Actual Loops": 2,
                        "Filter": "(kind_id > 1)",
                        "Rows Removed by Filter": 331412
                      }
                    ]
                  }
                ]
              }
            ]
          }
        ]
      }
    ]
  },
  "Planning Time": 0.667,
  "Triggers": [],
  "Execution Time": 942.516
}