[
  {
    "Plan": {
      "Node Type": "Aggregate",
      "Strategy": "Plain",
      "Partial Mode": "Finalize",
      "Parallel Aware": false,
      "Startup Cost": 157605.58,
      "Total Cost": 157605.59,
      "Plan Rows": 1,
      "Plan Width": 8,
      "Actual Startup Time": 1535.636,
      "Actual Total Time": 1618.707,
      "Actual Rows": 1,
      "Actual Loops": 1,
      "Plans": [
        {
          "Node Type": "Gather",
          "Parent Relationship": "Outer",
          "Parallel Aware": false,
          "Startup Cost": 157605.26,
          "Total Cost": 157605.57,
          "Plan Rows": 3,
          "Plan Width": 8,
          "Actual Startup Time": 1533.379,
          "Actual Total Time": 1618.697,
          "Actual Rows": 4,
          "Actual Loops": 1,
          "Workers Planned": 3,
          "Workers Launched": 3,
          "Single Copy": false,
          "Plans": [
            {
              "Node Type": "Aggregate",
              "Strategy": "Plain",
              "Partial Mode": "Partial",
              "Parent Relationship": "Outer",
              "Parallel Aware": false,
              "Startup Cost": 156605.26,
              "Total Cost": 156605.27,
              "Plan Rows": 1,
              "Plan Width": 8,
              "Actual Startup Time": 1524.233,
              "Actual Total Time": 1524.236,
              "Actual Rows": 1,
              "Actual Loops": 4,
              "Plans": [
                {
                  "Node Type": "Nested Loop",
                  "Parent Relationship": "Outer",
                  "Parallel Aware": false,
                  "Join Type": "Inner",
                  "Startup Cost": 52741.83,
                  "Total Cost": 156308.18,
                  "Plan Rows": 118832,
                  "Plan Width": 0,
                  "Actual Startup Time": 151.39,
                  "Actual Total Time": 1479.912,
                  "Actual Rows": 977230,
                  "Actual Loops": 4,
                  "Inner Unique": false,
                  "Plans": [
                    {
                      "Node Type": "Hash Join",
                      "Parent Relationship": "Outer",
                      "Parallel Aware": true,
                      "Join Type": "Inner",
                      "Startup Cost": 52741.26,
                      "Total Cost": 78518.87,
                      "Plan Rows": 16695,
                      "Plan Width": 8,
                      "Actual Startup Time": 151.232,
                      "Actual Total Time": 199.986,
                      "Actual Rows": 27873,
                      "Actual Loops": 4,
                      "Inner Unique": true,
                      "Hash Cond": "(mk.movie_id = t.id)",
                      "Plans": [
                        {
                          "Node Type": "Bitmap Heap Scan",
                          "Parent Relationship": "Outer",
                          "Parallel Aware": true,
                          "Relation Name": "movie_keyword",
                          "Alias": "mk",
                          "Startup Cost": 5754.89,
                          "Total Cost": 31302.78,
                          "Plan Rows": 87511,
                          "Plan Width": 4,
                          "Actual Startup Time": 20.412,
                          "Actual Total Time": 54.091,
                          "Actual Rows": 66732,
                          "Actual Loops": 4,
                          "Recheck Cond": "(keyword_id > 58739)",
                          "Rows Removed by Index Recheck": 0,
                          "Exact Heap Blocks": 6583,
                          "Lossy Heap Blocks": 0,
                          "Plans": [
                            {
                              "Node Type": "Bitmap Index Scan",
                              "Parent Relationship": "Outer",
                              "Parallel Aware": false,
                              "Index Name": "keyword_id_movie_keyword",
                              "Startup Cost": 0.0,
                              "Total Cost": 5687.07,
                              "Plan Rows": 271285,
                              "Plan Width": 0,
                              "Actual Startup Time": 17.193,
                              "Actual Total Time": 17.193,
                              "Actual Rows": 266927,
                              "Actual Loops": 1,
                              "Index Cond": "(keyword_id > 58739)"
                            }
                          ]
                        },
                        {
                          "Node Type": "Hash",
                          "Parent Relationship": "Inner",
                          "Parallel Aware": true,
                          "Startup Cost": 45479.1,
                          "Total Cost": 45479.1,
                          "Plan Rows": 120582,
                          "Plan Width": 4,
                          "Actual Startup Time": 121.944,
                          "Actual Total Time": 121.945,
                          "Actual Rows": 88807,
                          "Actual Loops": 4,
                          "Hash Buckets": 524288,
                          "Original Hash Buckets": 524288,
                          "Hash Batches": 1,
                          "Original Hash Batches": 1,
                          "Peak Memory Usage": 18048,
                          "Plans": [
                            {
                              "Node Type": "Seq Scan",
                              "Parent Relationship": "Outer",
                              "Parallel Aware": true,
                              "Relation Name": "title",
                              "Alias": "t",
                              "Startup Cost": 0.0,
                              "Total Cost": 45479.1,
                              "Plan Rows": 120582,
                              "Plan Width": 4,
                              "Actual Startup Time": 45.605,
                              "Actual Total Time": 97.197,
                              "Actual Rows": 88807,
                              "Actual Loops": 4,
                              "Filter": "((production_year > 1986) AND (kind_id = 1))",
                              "Rows Removed by Filter": 543271
                            }
                          ]
                        }
                      ]
                    },
                    {
                      "Node Type": "Index Scan",
                      "Parent Relationship": "Inner",
                      "Parallel Aware": false,
                      "Scan Direction": "Forward",
                      "Index Name": "movie_id_cast_info",
                      "Relation Name": "cast_info",
                      "Alias": "ci",
                      "Startup Cost": 0.56,
                      "Total Cost": 4.48,
                      "Plan Rows": 18,
                      "Plan Width": 4,
                      "Actual Startup Time": 0.004,
                      "Actual Total Time": 0.043,
                      "Actual Rows": 35,
                      "Actual Loops": 111493,
                      "Index Cond": "(movie_id = t.id)",
                      "Rows Removed by Index Recheck": 0,
                      "Filter": "(person_id < 1788343)",
                      "Rows Removed by Filter": 40
                    }
                  ]
                }
              ]
            }
          ]
        }
      ]
    },
    "Planning Time": 1.323,
    "Triggers": [],
    "Execution Time": 1618.836
  }
]