{
    "Plan": {
        "Node Type": "Aggregate",
        "Strategy": "Plain",
        "Partial Mode": "Finalize",
        "Parallel Aware": false,
        "Startup Cost": 78842.49,
        "Total Cost": 78842.5,
        "Plan Rows": 1,
        "Plan Width": 8,
        "Actual Startup Time": 225.244,
        "Actual Total Time": 240.415,
        "Actual Rows": 1,
        "Actual Loops": 1,
        "Output": [
            "count(*)"
        ],
        "Plans": [
            {
                "Node Type": "Gather",
                "Parent Relationship": "Outer",
                "Parallel Aware": false,
                "Startup Cost": 78842.07,
                "Total Cost": 78842.48,
                "Plan Rows": 4,
                "Plan Width": 8,
                "Actual Startup Time": 223.36,
                "Actual Total Time": 240.406,
                "Actual Rows": 5,
                "Actual Loops": 1,
                "Output": [
                    "(PARTIAL count(*))"
                ],
                "Workers Planned": 4,
                "Workers Launched": 4,
                "Single Copy": false,
                "Plans": [
                    {
                        "Node Type": "Aggregate",
                        "Strategy": "Plain",
                        "Partial Mode": "Partial",
                        "Parent Relationship": "Outer",
                        "Parallel Aware": false,
                        "Startup Cost": 77842.07,
                        "Total Cost": 77842.08,
                        "Plan Rows": 1,
                        "Plan Width": 8,
                        "Actual Startup Time": 213.605,
                        "Actual Total Time": 213.608,
                        "Actual Rows": 1,
                        "Actual Loops": 5,
                        "Output": [
                            "PARTIAL count(*)"
                        ],
                        "Workers": [
                            {
                                "Worker Number": 0,
                                "Actual Startup Time": 211.003,
                                "Actual Total Time": 211.006,
                                "Actual Rows": 1,
                                "Actual Loops": 1
                            },
                            {
                                "Worker Number": 1,
                                "Actual Startup Time": 211.131,
                                "Actual Total Time": 211.134,
                                "Actual Rows": 1,
                                "Actual Loops": 1
                            },
                            {
                                "Worker Number": 2,
                                "Actual Startup Time": 211.246,
                                "Actual Total Time": 211.249,
                                "Actual Rows": 1,
                                "Actual Loops": 1
                            },
                            {
                                "Worker Number": 3,
                                "Actual Startup Time": 212.026,
                                "Actual Total Time": 212.028,
                                "Actual Rows": 1,
                                "Actual Loops": 1
                            }
                        ],
                        "Plans": [
                            {
                                "Node Type": "Hash Join",
                                "Parent Relationship": "Outer",
                                "Parallel Aware": true,
                                "Join Type": "Inner",
                                "Startup Cost": 31720.96,
                                "Total Cost": 77809.81,
                                "Plan Rows": 12902,
                                "Plan Width": 0,
                                "Actual Startup Time": 171.045,
                                "Actual Total Time": 212.61,
                                "Actual Rows": 21162,
                                "Actual Loops": 5,
                                "Inner Unique": false,
                                "Hash Cond": "(t.id = mc.movie_id)",
                                "Workers": [
                                    {
                                        "Worker Number": 0,
                                        "Actual Startup Time": 167.418,
                                        "Actual Total Time": 210.038,
                                        "Actual Rows": 22203,
                                        "Actual Loops": 1
                                    },
                                    {
                                        "Worker Number": 1,
                                        "Actual Startup Time": 169.896,
                                        "Actual Total Time": 210.228,
                                        "Actual Rows": 20651,
                                        "Actual Loops": 1
                                    },
                                    {
                                        "Worker Number": 2,
                                        "Actual Startup Time": 165.724,
                                        "Actual Total Time": 210.325,
                                        "Actual Rows": 20980,
                                        "Actual Loops": 1
                                    },
                                    {
                                        "Worker Number": 3,
                                        "Actual Startup Time": 170.727,
                                        "Actual Total Time": 210.974,
                                        "Actual Rows": 14558,
                                        "Actual Loops": 1
                                    }
                                ],
                                "Plans": [
                                    {
                                        "Node Type": "Seq Scan",
                                        "Parent Relationship": "Outer",
                                        "Parallel Aware": true,
                                        "Relation Name": "title",
                                        "Schema": "public",
                                        "Alias": "t",
                                        "Startup Cost": 0.0,
                                        "Total Cost": 43899.01,
                                        "Plan Rows": 429646,
                                        "Plan Width": 4,
                                        "Actual Startup Time": 0.026,
                                        "Actual Total Time": 80.694,
                                        "Actual Rows": 345047,
                                        "Actual Loops": 5,
                                        "Output": [
                                            "t.id",
                                            "t.title",
                                            "t.imdb_index",
                                            "t.kind_id",
                                            "t.production_year",
                                            "t.imdb_id",
                                            "t.phonetic_code",
                                            "t.episode_of_id",
                                            "t.season_nr",
                                            "t.episode_nr",
                                            "t.series_years",
                                            "t.md5sum"
                                        ],
                                        "Filter": "(t.production_year > 1991)",
                                        "Rows Removed by Filter": 160616,
                                        "Workers": [
                                            {
                                                "Worker Number": 0,
                                                "Actual Startup Time": 0.022,
                                                "Actual Total Time": 82.132,
                                                "Actual Rows": 353544,
                                                "Actual Loops": 1
                                            },
                                            {
                                                "Worker Number": 1,
                                                "Actual Startup Time": 0.029,
                                                "Actual Total Time": 81.439,
                                                "Actual Rows": 333935,
                                                "Actual Loops": 1
                                            },
                                            {
                                                "Worker Number": 2,
                                                "Actual Startup Time": 0.026,
                                                "Actual Total Time": 81.569,
                                                "Actual Rows": 333772,
                                                "Actual Loops": 1
                                            },
                                            {
                                                "Worker Number": 3,
                                                "Actual Startup Time": 0.05,
                                                "Actual Total Time": 83.104,
                                                "Actual Rows": 238010,
                                                "Actual Loops": 1
                                            }
                                        ]
                                    },
                                    {
                                        "Node Type": "Hash",
                                        "Parent Relationship": "Inner",
                                        "Parallel Aware": true,
                                        "Startup Cost": 31414.82,
                                        "Total Cost": 31414.82,
                                        "Plan Rows": 24491,
                                        "Plan Width": 4,
                                        "Actual Startup Time": 78.864,
                                        "Actual Total Time": 78.865,
                                        "Actual Rows": 30309,
                                        "Actual Loops": 5,
                                        "Output": [
                                            "mc.movie_id"
                                        ],
                                        "Hash Buckets": 262144,
                                        "Original Hash Buckets": 131072,
                                        "Hash Batches": 1,
                                        "Original Hash Batches": 1,
                                        "Peak Memory Usage": 9088,
                                        "Workers": [
                                            {
                                                "Worker Number": 0,
                                                "Actual Startup Time": 77.421,
                                                "Actual Total Time": 77.422,
                                                "Actual Rows": 32300,
                                                "Actual Loops": 1
                                            },
                                            {
                                                "Worker Number": 1,
                                                "Actual Startup Time": 77.439,
                                                "Actual Total Time": 77.44,
                                                "Actual Rows": 30284,
                                                "Actual Loops": 1
                                            },
                                            {
                                                "Worker Number": 2,
                                                "Actual Startup Time": 77.43,
                                                "Actual Total Time": 77.431,
                                                "Actual Rows": 31093,
                                                "Actual Loops": 1
                                            },
                                            {
                                                "Worker Number": 3,
                                                "Actual Startup Time": 78.497,
                                                "Actual Total Time": 78.498,
                                                "Actual Rows": 21148,
                                                "Actual Loops": 1
                                            }
                                        ],
                                        "Plans": [
                                            {
                                                "Node Type": "Seq Scan",
                                                "Parent Relationship": "Outer",
                                                "Parallel Aware": true,
                                                "Relation Name": "movie_companies",
                                                "Schema": "public",
                                                "Alias": "mc",
                                                "Startup Cost": 0.0,
                                                "Total Cost": 31414.82,
                                                "Plan Rows": 24491,
                                                "Plan Width": 4,
                                                "Actual Startup Time": 52.003,
                                                "Actual Total Time": 65.842,
                                                "Actual Rows": 30309,
                                                "Actual Loops": 5,
                                                "Output": [
                                                    "mc.movie_id"
                                                ],
                                                "Filter": "((mc.company_id > 131407) AND (mc.company_type_id = 2))",
                                                "Rows Removed by Filter": 491517,
                                                "Workers": [
                                                    {
                                                        "Worker Number": 0,
                                                        "Actual Startup Time": 50.528,
                                                        "Actual Total Time": 64.44,
                                                        "Actual Rows": 32300,
                                                        "Actual Loops": 1
                                                    },
                                                    {
                                                        "Worker Number": 1,
                                                        "Actual Startup Time": 50.572,
                                                        "Actual Total Time": 64.122,
                                                        "Actual Rows": 30284,
                                                        "Actual Loops": 1
                                                    },
                                                    {
                                                        "Worker Number": 2,
                                                        "Actual Startup Time": 50.573,
                                                        "Actual Total Time": 64.562,
                                                        "Actual Rows": 31093,
                                                        "Actual Loops": 1
                                                    },
                                                    {
                                                        "Worker Number": 3,
                                                        "Actual Startup Time": 51.624,
                                                        "Actual Total Time": 66.315,
                                                        "Actual Rows": 21148,
                                                        "Actual Loops": 1
                                                    }
                                                ]
                                            }
                                        ]
                                    }
                                ]
                            }
                        ]
                    }
                ]
            }
        ]
    },
    "Planning Time": 0.766,
    "Triggers": [],
    "Execution Time": 240.485
}