[
  {
    "Plan": {
      "Node Type": "Aggregate",
      "Strategy": "Plain",
      "Partial Mode": "Finalize",
      "Parallel Aware": false,
      "Startup Cost": 38296.56,
      "Total Cost": 38296.57,
      "Plan Rows": 1,
      "Plan Width": 8,
      "Actual Startup Time": 133.989,
      "Actual Total Time": 142.089,
      "Actual Rows": 1,
      "Actual Loops": 1,
      "Plans": [
        {
          "Node Type": "Gather",
          "Parent Relationship": "Outer",
          "Parallel Aware": false,
          "Startup Cost": 38296.24,
          "Total Cost": 38296.55,
          "Plan Rows": 3,
          "Plan Width": 8,
          "Actual Startup Time": 133.698,
          "Actual Total Time": 142.082,
          "Actual Rows": 4,
          "Actual Loops": 1,
          "Workers Planned": 3,
          "Workers Launched": 3,
          "Single Copy": false,
          "Plans": [
            {
              "Node Type": "Aggregate",
              "Strategy": "Plain",
              "Partial Mode": "Partial",
              "Parent Relationship": "Outer",
              "Parallel Aware": false,
              "Startup Cost": 37296.24,
              "Total Cost": 37296.25,
              "Plan Rows": 1,
              "Plan Width": 8,
              "Actual Startup Time": 124.4,
              "Actual Total Time": 124.402,
              "Actual Rows": 1,
              "Actual Loops": 4,
              "Plans": [
                {
                  "Node Type": "Bitmap Heap Scan",
                  "Parent Relationship": "Outer",
                  "Parallel Aware": true,
                  "Relation Name": "movie_keyword",
                  "Alias": "mk",
                  "Startup Cost": 10456.92,
                  "Total Cost": 36898.69,
                  "Plan Rows": 159021,
                  "Plan Width": 0,
                  "Actual Startup Time": 45.519,
                  "Actual Total Time": 117.351,
                  "Actual Rows": 122988,
                  "Actual Loops": 4,
                  "Recheck Cond": "(keyword_id > 36621)",
                  "Rows Removed by Index Recheck": 0,
                  "Exact Heap Blocks": 10760,
                  "Lossy Heap Blocks": 0,
                  "Plans": [
                    {
                      "Node Type": "Bitmap Index Scan",
                      "Parent Relationship": "Outer",
                      "Parallel Aware": false,
                      "Index Name": "keyword_id_movie_keyword",
                      "Startup Cost": 0.0,
                      "Total Cost": 10333.68,
                      "Plan Rows": 492966,
                      "Plan Width": 0,
                      "Actual Startup Time": 50.605,
                      "Actual Total Time": 50.606,
                      "Actual Rows": 491954,
                      "Actual Loops": 1,
                      "Index Cond": "(keyword_id > 36621)"
                    }
                  ]
                }
              ]
            }
          ]
        }
      ]
    },
    "Planning Time": 0.19,
    "Triggers": [],
    "Execution Time": 142.165
  }
]