[
  {
    "Plan": {
      "Node Type": "Aggregate",
      "Strategy": "Plain",
      "Partial Mode": "Finalize",
      "Parallel Aware": false,
      "Startup Cost": 128845.1,
      "Total Cost": 128845.11,
      "Plan Rows": 1,
      "Plan Width": 8,
      "Actual Startup Time": 486.513,
      "Actual Total Time": 505.156,
      "Actual Rows": 1,
      "Actual Loops": 1,
      "Plans": [
        {
          "Node Type": "Gather",
          "Parent Relationship": "Outer",
          "Parallel Aware": false,
          "Startup Cost": 128844.78,
          "Total Cost": 128845.09,
          "Plan Rows": 3,
          "Plan Width": 8,
          "Actual Startup Time": 481.42,
          "Actual Total Time": 505.147,
          "Actual Rows": 4,
          "Actual Loops": 1,
          "Workers Planned": 3,
          "Workers Launched": 3,
          "Single Copy": false,
          "Plans": [
            {
              "Node Type": "Aggregate",
              "Strategy": "Plain",
              "Partial Mode": "Partial",
              "Parent Relationship": "Outer",
              "Parallel Aware": false,
              "Startup Cost": 127844.78,
              "Total Cost": 127844.79,
              "Plan Rows": 1,
              "Plan Width": 8,
              "Actual Startup Time": 476.541,
              "Actual Total Time": 476.669,
              "Actual Rows": 1,
              "Actual Loops": 4,
              "Plans": [
                {
                  "Node Type": "Hash Join",
                  "Parent Relationship": "Outer",
                  "Parallel Aware": true,
                  "Join Type": "Inner",
                  "Startup Cost": 78957.73,
                  "Total Cost": 127427.93,
                  "Plan Rows": 166740,
                  "Plan Width": 0,
                  "Actual Startup Time": 285.556,
                  "Actual Total Time": 470.058,
                  "Actual Rows": 160430,
                  "Actual Loops": 4,
                  "Inner Unique": false,
                  "Hash Cond": "(mk.movie_id = t.id)",
                  "Plans": [
                    {
                      "Node Type": "Seq Scan",
                      "Parent Relationship": "Outer",
                      "Parallel Aware": true,
                      "Relation Name": "movie_keyword",
                      "Alias": "mk",
                      "Startup Cost": 0.0,
                      "Total Cost": 42695.65,
                      "Plan Rows": 1396448,
                      "Plan Width": 4,
                      "Actual Startup Time": 0.066,
                      "Actual Total Time": 105.85,
                      "Actual Rows": 1081204,
                      "Actual Loops": 4,
                      "Filter": "(keyword_id < 68966)",
                      "Rows Removed by Filter": 49778
                    },
                    {
                      "Node Type": "Hash",
                      "Parent Relationship": "Inner",
                      "Parallel Aware": true,
                      "Startup Cost": 77740.39,
                      "Total Cost": 77740.39,
                      "Plan Rows": 97387,
                      "Plan Width": 8,
                      "Actual Startup Time": 283.607,
                      "Actual Total Time": 283.733,
                      "Actual Rows": 34463,
                      "Actual Loops": 4,
                      "Hash Buckets": 524288,
                      "Original Hash Buckets": 524288,
                      "Hash Batches": 1,
                      "Original Hash Batches": 1,
                      "Peak Memory Usage": 9568,
                      "Plans": [
                        {
                          "Node Type": "Hash Join",
                          "Parent Relationship": "Outer",
                          "Parallel Aware": true,
                          "Join Type": "Inner",
                          "Startup Cost": 47349.49,
                          "Total Cost": 77740.39,
                          "Plan Rows": 97387,
                          "Plan Width": 8,
                          "Actual Startup Time": 156.014,
                          "Actual Total Time": 274.395,
                          "Actual Rows": 34463,
                          "Actual Loops": 4,
                          "Inner Unique": true,
                          "Hash Cond": "(mc.movie_id = t.id)",
                          "Plans": [
                            {
                              "Node Type": "Seq Scan",
                              "Parent Relationship": "Outer",
                              "Parallel Aware": true,
                              "Relation Name": "movie_companies",
                              "Alias": "mc",
                              "Startup Cost": 0.0,
                              "Total Cost": 29310.68,
                              "Plan Rows": 411513,
                              "Plan Width": 4,
                              "Actual Startup Time": 0.008,
                              "Actual Total Time": 63.292,
                              "Actual Rows": 318562,
                              "Actual Loops": 4,
                              "Filter": "(company_type_id < 2)",
                              "Rows Removed by Filter": 333721
                            },
                            {
                              "Node Type": "Hash",
                              "Parent Relationship": "Inner",
                              "Parallel Aware": true,
                              "Startup Cost": 45479.59,
                              "Total Cost": 45479.59,
                              "Plan Rows": 149592,
                              "Plan Width": 4,
                              "Actual Startup Time": 154.152,
                              "Actual Total Time": 154.153,
                              "Actual Rows": 162884,
                              "Actual Loops": 4,
                              "Hash Buckets": 1048576,
                              "Original Hash Buckets": 1048576,
                              "Hash Batches": 1,
                              "Original Hash Batches": 1,
                              "Peak Memory Usage": 33728,
                              "Plans": [
                                {
                                  "Node Type": "Seq Scan",
                                  "Parent Relationship": "Outer",
                                  "Parallel Aware": true,
                                  "Relation Name": "title",
                                  "Alias": "t",
                                  "Startup Cost": 0.0,
                                  "Total Cost": 45479.59,
                                  "Plan Rows": 149592,
                                  "Plan Width": 4,
                                  "Actual Startup Time": 0.038,
                                  "Actual Total Time": 95.773,
                                  "Actual Rows": 162884,
                                  "Actual Loops": 4,
                                  "Filter": "((kind_id > 3) AND (production_year > 2006))",
                                  "Rows Removed by Filter": 469194
                                }
                              ]
                            }
                          ]
                        }
                      ]
                    }
                  ]
                }
              ]
            }
          ]
        }
      ]
    },
    "Planning Time": 0.406,
    "Triggers": [],
    "Execution Time": 505.191
  }
]