[
  {
    "Plan": {
      "Node Type": "Aggregate",
      "Strategy": "Plain",
      "Partial Mode": "Finalize",
      "Parallel Aware": false,
      "Startup Cost": 128885.63,
      "Total Cost": 128885.64,
      "Plan Rows": 1,
      "Plan Width": 8,
      "Actual Startup Time": 524.598,
      "Actual Total Time": 546.264,
      "Actual Rows": 1,
      "Actual Loops": 1,
      "Plans": [
        {
          "Node Type": "Gather",
          "Parent Relationship": "Outer",
          "Parallel Aware": false,
          "Startup Cost": 128885.31,
          "Total Cost": 128885.62,
          "Plan Rows": 3,
          "Plan Width": 8,
          "Actual Startup Time": 521.063,
          "Actual Total Time": 546.253,
          "Actual Rows": 4,
          "Actual Loops": 1,
          "Workers Planned": 3,
          "Workers Launched": 3,
          "Single Copy": false,
          "Plans": [
            {
              "Node Type": "Aggregate",
              "Strategy": "Plain",
              "Partial Mode": "Partial",
              "Parent Relationship": "Outer",
              "Parallel Aware": false,
              "Startup Cost": 127885.31,
              "Total Cost": 127885.32,
              "Plan Rows": 1,
              "Plan Width": 8,
              "Actual Startup Time": 511.934,
              "Actual Total Time": 512.067,
              "Actual Rows": 1,
              "Actual Loops": 4,
              "Plans": [
                {
                  "Node Type": "Hash Join",
                  "Parent Relationship": "Outer",
                  "Parallel Aware": true,
                  "Join Type": "Inner",
                  "Startup Cost": 78994.73,
                  "Total Cost": 127463.3,
                  "Plan Rows": 168806,
                  "Plan Width": 0,
                  "Actual Startup Time": 315.223,
                  "Actual Total Time": 505.584,
                  "Actual Rows": 160430,
                  "Actual Loops": 4,
                  "Inner Unique": false,
                  "Hash Cond": "(mk.movie_id = t.id)",
                  "Plans": [
                    {
                      "Node Type": "Seq Scan",
                      "Parent Relationship": "Outer",
                      "Parallel Aware": true,
                      "Relation Name": "movie_keyword",
                      "Alias": "mk",
                      "Startup Cost": 0.0,
                      "Total Cost": 42695.65,
                      "Plan Rows": 1394236,
                      "Plan Width": 4,
                      "Actual Startup Time": 0.061,
                      "Actual Total Time": 110.441,
                      "Actual Rows": 1081204,
                      "Actual Loops": 4,
                      "Filter": "(keyword_id < 68966)",
                      "Rows Removed by Filter": 49778
                    },
                    {
                      "Node Type": "Hash",
                      "Parent Relationship": "Inner",
                      "Parallel Aware": true,
                      "Startup Cost": 77760.41,
                      "Total Cost": 77760.41,
                      "Plan Rows": 98745,
                      "Plan Width": 8,
                      "Actual Startup Time": 311.395,
                      "Actual Total Time": 311.527,
                      "Actual Rows": 34463,
                      "Actual Loops": 4,
                      "Hash Buckets": 524288,
                      "Original Hash Buckets": 524288,
                      "Hash Batches": 1,
                      "Original Hash Batches": 1,
                      "Peak Memory Usage": 9536,
                      "Plans": [
                        {
                          "Node Type": "Hash Join",
                          "Parent Relationship": "Outer",
                          "Parallel Aware": true,
                          "Join Type": "Inner",
                          "Startup Cost": 47362.15,
                          "Total Cost": 77760.41,
                          "Plan Rows": 98745,
                          "Plan Width": 8,
                          "Actual Startup Time": 178.719,
                          "Actual Total Time": 302.123,
                          "Actual Rows": 34463,
                          "Actual Loops": 4,
                          "Inner Unique": true,
                          "Hash Cond": "(mc.movie_id = t.id)",
                          "Plans": [
                            {
                              "Node Type": "Seq Scan",
                              "Parent Relationship": "Outer",
                              "Parallel Aware": true,
                              "Relation Name": "movie_companies",
                              "Alias": "mc",
                              "Startup Cost": 0.0,
                              "Total Cost": 29310.68,
                              "Plan Rows": 414318,
                              "Plan Width": 4,
                              "Actual Startup Time": 0.019,
                              "Actual Total Time": 64.134,
                              "Actual Rows": 318562,
                              "Actual Loops": 4,
                              "Filter": "(company_type_id < 2)",
                              "Rows Removed by Filter": 333721
                            },
                            {
                              "Node Type": "Hash",
                              "Parent Relationship": "Inner",
                              "Parallel Aware": true,
                              "Startup Cost": 45479.1,
                              "Total Cost": 45479.1,
                              "Plan Rows": 150644,
                              "Plan Width": 4,
                              "Actual Startup Time": 175.391,
                              "Actual Total Time": 175.392,
                              "Actual Rows": 162884,
                              "Actual Loops": 4,
                              "Hash Buckets": 1048576,
                              "Original Hash Buckets": 1048576,
                              "Hash Batches": 1,
                              "Original Hash Batches": 1,
                              "Peak Memory Usage": 33728,
                              "Plans": [
                                {
                                  "Node Type": "Seq Scan",
                                  "Parent Relationship": "Outer",
                                  "Parallel Aware": true,
                                  "Relation Name": "title",
                                  "Alias": "t",
                                  "Startup Cost": 0.0,
                                  "Total Cost": 45479.1,
                                  "Plan Rows": 150644,
                                  "Plan Width": 4,
                                  "Actual Startup Time": 0.049,
                                  "Actual Total Time": 104.406,
                                  "Actual Rows": 162884,
                                  "Actual Loops": 4,
                                  "Filter": "((kind_id > 3) AND (production_year > 2006))",
                                  "Rows Removed by Filter": 469194
                                }
                              ]
                            }
                          ]
                        }
                      ]
                    }
                  ]
                }
              ]
            }
          ]
        }
      ]
    },
    "Planning Time": 1.196,
    "Triggers": [],
    "Execution Time": 546.34
  }
]