[
    {
        "Bao": {
            "Bao prediction": "NaN",
            "Bao recommended hint": "(no hint)"
        }
    },
    {
        "Plan": {
            "Node Type": "Aggregate",
            "Strategy": "Plain",
            "Partial Mode": "Finalize",
            "Parallel Aware": false,
            "Startup Cost": 22986.64,
            "Total Cost": 22986.65,
            "Plan Rows": 1,
            "Plan Width": 8,
            "Actual Startup Time": 35.9,
            "Actual Total Time": 38.835,
            "Actual Rows": 1,
            "Actual Loops": 1,
            "Output": [
                "count(*)"
            ],
            "Plans": [
                {
                    "Node Type": "Gather",
                    "Parent Relationship": "Outer",
                    "Parallel Aware": false,
                    "Startup Cost": 22986.32,
                    "Total Cost": 22986.63,
                    "Plan Rows": 3,
                    "Plan Width": 8,
                    "Actual Startup Time": 35.749,
                    "Actual Total Time": 38.826,
                    "Actual Rows": 4,
                    "Actual Loops": 1,
                    "Output": [
                        "(PARTIAL count(*))"
                    ],
                    "Workers Planned": 3,
                    "Workers Launched": 3,
                    "Single Copy": false,
                    "Plans": [
                        {
                            "Node Type": "Aggregate",
                            "Strategy": "Plain",
                            "Partial Mode": "Partial",
                            "Parent Relationship": "Outer",
                            "Parallel Aware": false,
                            "Startup Cost": 21986.32,
                            "Total Cost": 21986.33,
                            "Plan Rows": 1,
                            "Plan Width": 8,
                            "Actual Startup Time": 27.407,
                            "Actual Total Time": 27.408,
                            "Actual Rows": 1,
                            "Actual Loops": 4,
                            "Output": [
                                "PARTIAL count(*)"
                            ],
                            "Workers": [
                                {
                                    "Worker Number": 0,
                                    "Actual Startup Time": 24.503,
                                    "Actual Total Time": 24.504,
                                    "Actual Rows": 1,
                                    "Actual Loops": 1
                                },
                                {
                                    "Worker Number": 1,
                                    "Actual Startup Time": 24.739,
                                    "Actual Total Time": 24.741,
                                    "Actual Rows": 1,
                                    "Actual Loops": 1
                                },
                                {
                                    "Worker Number": 2,
                                    "Actual Startup Time": 24.925,
                                    "Actual Total Time": 24.926,
                                    "Actual Rows": 1,
                                    "Actual Loops": 1
                                }
                            ],
                            "Plans": [
                                {
                                    "Node Type": "Bitmap Heap Scan",
                                    "Parent Relationship": "Outer",
                                    "Parallel Aware": true,
                                    "Relation Name": "movie_companies",
                                    "Schema": "public",
                                    "Alias": "mc",
                                    "Startup Cost": 2570.16,
                                    "Total Cost": 21937.28,
                                    "Plan Rows": 19616,
                                    "Plan Width": 0,
                                    "Actual Startup Time": 2.205,
                                    "Actual Total Time": 24.503,
                                    "Actual Rows": 30500,
                                    "Actual Loops": 4,
                                    "Recheck Cond": "(mc.company_id > 145247)",
                                    "Rows Removed by Index Recheck": 0,
                                    "Filter": "(mc.company_type_id = 2)",
                                    "Rows Removed by Filter": 0,
                                    "Exact Heap Blocks": 1954,
                                    "Lossy Heap Blocks": 0,
                                    "Workers": [
                                        {
                                            "Worker Number": 0,
                                            "Actual Startup Time": 0.148,
                                            "Actual Total Time": 22.113,
                                            "Actual Rows": 18177,
                                            "Actual Loops": 1
                                        },
                                        {
                                            "Worker Number": 1,
                                            "Actual Startup Time": 0.167,
                                            "Actual Total Time": 22.425,
                                            "Actual Rows": 18071,
                                            "Actual Loops": 1
                                        },
                                        {
                                            "Worker Number": 2,
                                            "Actual Startup Time": 0.192,
                                            "Actual Total Time": 22.56,
                                            "Actual Rows": 18140,
                                            "Actual Loops": 1
                                        }
                                    ],
                                    "Plans": [
                                        {
                                            "Node Type": "Bitmap Index Scan",
                                            "Parent Relationship": "Outer",
                                            "Parallel Aware": false,
                                            "Index Name": "company_id_movie_companies",
                                            "Startup Cost": 0.0,
                                            "Total Cost": 2554.96,
                                            "Plan Rows": 119271,
                                            "Plan Width": 0,
                                            "Actual Startup Time": 7.562,
                                            "Actual Total Time": 7.563,
                                            "Actual Rows": 121999,
                                            "Actual Loops": 1,
                                            "Index Cond": "(mc.company_id > 145247)"
                                        }
                                    ]
                                }
                            ]
                        }
                    ]
                }
            ]
        },
        "Planning Time": 273.343,
        "Triggers": [],
        "Execution Time": 38.893
    }
]