[
  {
    "Plan": {
      "Node Type": "Aggregate",
      "Strategy": "Plain",
      "Partial Mode": "Finalize",
      "Parallel Aware": false,
      "Startup Cost": 32049.93,
      "Total Cost": 32049.94,
      "Plan Rows": 1,
      "Plan Width": 8,
      "Actual Startup Time": 126.008,
      "Actual Total Time": 134.63,
      "Actual Rows": 1,
      "Actual Loops": 1,
      "Plans": [
        {
          "Node Type": "Gather",
          "Parent Relationship": "Outer",
          "Parallel Aware": false,
          "Startup Cost": 32049.61,
          "Total Cost": 32049.92,
          "Plan Rows": 3,
          "Plan Width": 8,
          "Actual Startup Time": 125.797,
          "Actual Total Time": 134.623,
          "Actual Rows": 4,
          "Actual Loops": 1,
          "Workers Planned": 3,
          "Workers Launched": 3,
          "Single Copy": false,
          "Plans": [
            {
              "Node Type": "Aggregate",
              "Strategy": "Plain",
              "Partial Mode": "Partial",
              "Parent Relationship": "Outer",
              "Parallel Aware": false,
              "Startup Cost": 31049.61,
              "Total Cost": 31049.62,
              "Plan Rows": 1,
              "Plan Width": 8,
              "Actual Startup Time": 118.32,
              "Actual Total Time": 118.321,
              "Actual Rows": 1,
              "Actual Loops": 4,
              "Plans": [
                {
                  "Node Type": "Seq Scan",
                  "Parent Relationship": "Outer",
                  "Parallel Aware": true,
                  "Relation Name": "movie_companies",
                  "Alias": "mc",
                  "Startup Cost": 0.0,
                  "Total Cost": 29310.68,
                  "Plan Rows": 695572,
                  "Plan Width": 0,
                  "Actual Startup Time": 0.202,
                  "Actual Total Time": 91.118,
                  "Actual Rows": 540656,
                  "Actual Loops": 4,
                  "Filter": "(company_id > 347)",
                  "Rows Removed by Filter": 111626
                }
              ]
            }
          ]
        }
      ]
    },
    "Planning Time": 0.172,
    "Triggers": [],
    "Execution Time": 134.681
  }
]