[
  {
    "Plan": {
      "Node Type": "Aggregate",
      "Strategy": "Plain",
      "Partial Mode": "Finalize",
      "Parallel Aware": false,
      "Startup Cost": 32052.69,
      "Total Cost": 32052.7,
      "Plan Rows": 1,
      "Plan Width": 8,
      "Actual Startup Time": 125.572,
      "Actual Total Time": 133.188,
      "Actual Rows": 1,
      "Actual Loops": 1,
      "Plans": [
        {
          "Node Type": "Gather",
          "Parent Relationship": "Outer",
          "Parallel Aware": false,
          "Startup Cost": 32052.37,
          "Total Cost": 32052.68,
          "Plan Rows": 3,
          "Plan Width": 8,
          "Actual Startup Time": 125.432,
          "Actual Total Time": 133.179,
          "Actual Rows": 4,
          "Actual Loops": 1,
          "Workers Planned": 3,
          "Workers Launched": 3,
          "Single Copy": false,
          "Plans": [
            {
              "Node Type": "Aggregate",
              "Strategy": "Plain",
              "Partial Mode": "Partial",
              "Parent Relationship": "Outer",
              "Parallel Aware": false,
              "Startup Cost": 31052.37,
              "Total Cost": 31052.38,
              "Plan Rows": 1,
              "Plan Width": 8,
              "Actual Startup Time": 116.955,
              "Actual Total Time": 116.955,
              "Actual Rows": 1,
              "Actual Loops": 4,
              "Plans": [
                {
                  "Node Type": "Seq Scan",
                  "Parent Relationship": "Outer",
                  "Parallel Aware": true,
                  "Relation Name": "movie_companies",
                  "Alias": "mc",
                  "Startup Cost": 0.0,
                  "Total Cost": 29310.68,
                  "Plan Rows": 696677,
                  "Plan Width": 0,
                  "Actual Startup Time": 0.209,
                  "Actual Total Time": 90.324,
                  "Actual Rows": 540656,
                  "Actual Loops": 4,
                  "Filter": "(company_id > 347)",
                  "Rows Removed by Filter": 111626
                }
              ]
            }
          ]
        }
      ]
    },
    "Planning Time": 0.167,
    "Triggers": [],
    "Execution Time": 133.241
  }
]