[
  {
    "Plan": {
      "Node Type": "Aggregate",
      "Strategy": "Plain",
      "Partial Mode": "Simple",
      "Parallel Aware": false,
      "Startup Cost": 274.23,
      "Total Cost": 274.24,
      "Plan Rows": 1,
      "Plan Width": 8,
      "Actual Startup Time": 0.09,
      "Actual Total Time": 0.09,
      "Actual Rows": 1,
      "Actual Loops": 1,
      "Plans": [
        {
          "Node Type": "Index Scan",
          "Parent Relationship": "Outer",
          "Parallel Aware": false,
          "Scan Direction": "Forward",
          "Index Name": "company_id_movie_companies",
          "Relation Name": "movie_companies",
          "Alias": "mc",
          "Startup Cost": 0.43,
          "Total Cost": 274.1,
          "Plan Rows": 52,
          "Plan Width": 0,
          "Actual Startup Time": 0.017,
          "Actual Total Time": 0.085,
          "Actual Rows": 45,
          "Actual Loops": 1,
          "Index Cond": "(company_id = 70629)",
          "Rows Removed by Index Recheck": 0,
          "Filter": "(company_type_id > 1)",
          "Rows Removed by Filter": 1
        }
      ]
    },
    "Planning Time": 0.06,
    "Triggers": [],
    "Execution Time": 0.104
  }
]