[
  {
    "Plan": {
      "Node Type": "Aggregate",
      "Strategy": "Plain",
      "Partial Mode": "Finalize",
      "Parallel Aware": false,
      "Startup Cost": 434016.22,
      "Total Cost": 434016.23,
      "Plan Rows": 1,
      "Plan Width": 8,
      "Actual Startup Time": 1916.436,
      "Actual Total Time": 1976.492,
      "Actual Rows": 1,
      "Actual Loops": 1,
      "Plans": [
        {
          "Node Type": "Gather",
          "Parent Relationship": "Outer",
          "Parallel Aware": false,
          "Startup Cost": 434015.6,
          "Total Cost": 434016.21,
          "Plan Rows": 6,
          "Plan Width": 8,
          "Actual Startup Time": 1893.438,
          "Actual Total Time": 1976.479,
          "Actual Rows": 7,
          "Actual Loops": 1,
          "Workers Planned": 6,
          "Workers Launched": 6,
          "Single Copy": false,
          "Plans": [
            {
              "Node Type": "Aggregate",
              "Strategy": "Plain",
              "Partial Mode": "Partial",
              "Parent Relationship": "Outer",
              "Parallel Aware": false,
              "Startup Cost": 433015.6,
              "Total Cost": 433015.61,
              "Plan Rows": 1,
              "Plan Width": 8,
              "Actual Startup Time": 1883.461,
              "Actual Total Time": 1883.738,
              "Actual Rows": 1,
              "Actual Loops": 7,
              "Plans": [
                {
                  "Node Type": "Hash Join",
                  "Parent Relationship": "Outer",
                  "Parallel Aware": true,
                  "Join Type": "Inner",
                  "Startup Cost": 72369.78,
                  "Total Cost": 430022.69,
                  "Plan Rows": 1197162,
                  "Plan Width": 0,
                  "Actual Startup Time": 764.749,
                  "Actual Total Time": 1780.315,
                  "Actual Rows": 2114387,
                  "Actual Loops": 7,
                  "Inner Unique": false,
                  "Hash Cond": "(ci.movie_id = t.id)",
                  "Plans": [
                    {
                      "Node Type": "Seq Scan",
                      "Parent Relationship": "Outer",
                      "Parallel Aware": true,
                      "Relation Name": "cast_info",
                      "Alias": "ci",
                      "Startup Cost": 0.0,
                      "Total Cost": 343316.27,
                      "Plan Rows": 2492925,
                      "Plan Width": 4,
                      "Actual Startup Time": 349.075,
                      "Actual Total Time": 699.74,
                      "Actual Rows": 1965401,
                      "Actual Loops": 7,
                      "Filter": "((person_id < 3600692) AND (role_id > 2))",
                      "Rows Removed by Filter": 3212363
                    },
                    {
                      "Node Type": "Hash",
                      "Parent Relationship": "Inner",
                      "Parallel Aware": true,
                      "Startup Cost": 66045.78,
                      "Total Cost": 66045.78,
                      "Plan Rows": 505920,
                      "Plan Width": 8,
                      "Actual Startup Time": 412.329,
                      "Actual Total Time": 412.604,
                      "Actual Rows": 187198,
                      "Actual Loops": 7,
                      "Hash Buckets": 2097152,
                      "Original Hash Buckets": 2097152,
                      "Hash Batches": 1,
                      "Original Hash Batches": 1,
                      "Peak Memory Usage": 67808,
                      "Plans": [
                        {
                          "Node Type": "Hash Join",
                          "Parent Relationship": "Outer",
                          "Parallel Aware": true,
                          "Join Type": "Inner",
                          "Startup Cost": 50851.22,
                          "Total Cost": 66045.78,
                          "Plan Rows": 505920,
                          "Plan Width": 8,
                          "Actual Startup Time": 260.106,
                          "Actual Total Time": 344.761,
                          "Actual Rows": 187198,
                          "Actual Loops": 7,
                          "Inner Unique": true,
                          "Hash Cond": "(mi_idx.movie_id = t.id)",
                          "Plans": [
                            {
                              "Node Type": "Seq Scan",
                              "Parent Relationship": "Outer",
                              "Parallel Aware": true,
                              "Relation Name": "movie_info_idx",
                              "Alias": "mi_idx",
                              "Startup Cost": 0.0,
                              "Total Cost": 13685.15,
                              "Plan Rows": 575015,
                              "Plan Width": 4,
                              "Actual Startup Time": 0.019,
                              "Actual Total Time": 22.277,
                              "Actual Rows": 197148,
                              "Actual Loops": 7
                            },
                            {
                              "Node Type": "Hash",
                              "Parent Relationship": "Inner",
                              "Parallel Aware": true,
                              "Startup Cost": 43899.32,
                              "Total Cost": 43899.32,
                              "Plan Rows": 556152,
                              "Plan Width": 4,
                              "Actual Startup Time": 256.127,
                              "Actual Total Time": 256.129,
                              "Actual Rows": 317796,
                              "Actual Loops": 7,
                              "Hash Buckets": 4194304,
                              "Original Hash Buckets": 4194304,
                              "Hash Batches": 1,
                              "Original Hash Batches": 1,
                              "Peak Memory Usage": 119840,
                              "Plans": [
                                {
                                  "Node Type": "Seq Scan",
                                  "Parent Relationship": "Outer",
                                  "Parallel Aware": true,
                                  "Relation Name": "title",
                                  "Alias": "t",
                                  "Startup Cost": 0.0,
                                  "Total Cost": 43899.32,
                                  "Plan Rows": 556152,
                                  "Plan Width": 4,
                                  "Actual Startup Time": 0.064,
                                  "Actual Total Time": 87.965,
                                  "Actual Rows": 317796,
                                  "Actual Loops": 7,
                                  "Filter": "(production_year < 2012)",
                                  "Rows Removed by Filter": 43392
                                }
                              ]
                            }
                          ]
                        }
                      ]
                    }
                  ]
                }
              ]
            }
          ]
        }
      ]
    },
    "Planning Time": 0.497,
    "Triggers": [],
    "Execution Time": 1976.544
  }
]