[
  {
    "Plan": {
      "Node Type": "Aggregate",
      "Strategy": "Plain",
      "Partial Mode": "Simple",
      "Parallel Aware": false,
      "Startup Cost": 26787.1,
      "Total Cost": 26787.11,
      "Plan Rows": 1,
      "Plan Width": 8,
      "Actual Startup Time": 54.052,
      "Actual Total Time": 54.053,
      "Actual Rows": 1,
      "Actual Loops": 1,
      "Plans": [
        {
          "Node Type": "Bitmap Heap Scan",
          "Parent Relationship": "Outer",
          "Parallel Aware": false,
          "Relation Name": "movie_keyword",
          "Alias": "mk",
          "Startup Cost": 1367.39,
          "Total Cost": 26626.15,
          "Plan Rows": 64381,
          "Plan Width": 0,
          "Actual Startup Time": 17.036,
          "Actual Total Time": 50.213,
          "Actual Rows": 63362,
          "Actual Loops": 1,
          "Recheck Cond": "(keyword_id > 93796)",
          "Rows Removed by Index Recheck": 0,
          "Exact Heap Blocks": 14106,
          "Lossy Heap Blocks": 0,
          "Plans": [
            {
              "Node Type": "Bitmap Index Scan",
              "Parent Relationship": "Outer",
              "Parallel Aware": false,
              "Index Name": "keyword_id_movie_keyword",
              "Startup Cost": 0.0,
              "Total Cost": 1351.29,
              "Plan Rows": 64381,
              "Plan Width": 0,
              "Actual Startup Time": 11.209,
              "Actual Total Time": 11.209,
              "Actual Rows": 63362,
              "Actual Loops": 1,
              "Index Cond": "(keyword_id > 93796)"
            }
          ]
        }
      ]
    },
    "Planning Time": 0.263,
    "Triggers": [],
    "Execution Time": 54.098
  }
]