[
  {
    "Plan": {
      "Node Type": "Aggregate",
      "Strategy": "Plain",
      "Partial Mode": "Finalize",
      "Parallel Aware": false,
      "Startup Cost": 25898.13,
      "Total Cost": 25898.14,
      "Plan Rows": 1,
      "Plan Width": 8,
      "Actual Startup Time": 103.935,
      "Actual Total Time": 109.192,
      "Actual Rows": 1,
      "Actual Loops": 1,
      "Plans": [
        {
          "Node Type": "Gather",
          "Parent Relationship": "Outer",
          "Parallel Aware": false,
          "Startup Cost": 25897.81,
          "Total Cost": 25898.12,
          "Plan Rows": 3,
          "Plan Width": 8,
          "Actual Startup Time": 103.716,
          "Actual Total Time": 109.183,
          "Actual Rows": 4,
          "Actual Loops": 1,
          "Workers Planned": 3,
          "Workers Launched": 3,
          "Single Copy": false,
          "Plans": [
            {
              "Node Type": "Aggregate",
              "Strategy": "Plain",
              "Partial Mode": "Partial",
              "Parent Relationship": "Outer",
              "Parallel Aware": false,
              "Startup Cost": 24897.81,
              "Total Cost": 24897.82,
              "Plan Rows": 1,
              "Plan Width": 8,
              "Actual Startup Time": 96.459,
              "Actual Total Time": 96.46,
              "Actual Rows": 1,
              "Actual Loops": 4,
              "Plans": [
                {
                  "Node Type": "Bitmap Heap Scan",
                  "Parent Relationship": "Outer",
                  "Parallel Aware": true,
                  "Relation Name": "movie_companies",
                  "Alias": "mc",
                  "Startup Cost": 4914.53,
                  "Total Cost": 24807.9,
                  "Plan Rows": 35965,
                  "Plan Width": 0,
                  "Actual Startup Time": 39.925,
                  "Actual Total Time": 92.092,
                  "Actual Rows": 43156,
                  "Actual Loops": 4,
                  "Recheck Cond": "(company_id < 82)",
                  "Rows Removed by Index Recheck": 0,
                  "Filter": "(company_type_id < 2)",
                  "Rows Removed by Filter": 12815,
                  "Exact Heap Blocks": 7383,
                  "Lossy Heap Blocks": 0,
                  "Plans": [
                    {
                      "Node Type": "Bitmap Index Scan",
                      "Parent Relationship": "Outer",
                      "Parallel Aware": false,
                      "Index Name": "company_id_movie_companies",
                      "Startup Cost": 0.0,
                      "Total Cost": 4886.66,
                      "Plan Rows": 228030,
                      "Plan Width": 0,
                      "Actual Startup Time": 42.292,
                      "Actual Total Time": 42.293,
                      "Actual Rows": 223883,
                      "Actual Loops": 1,
                      "Index Cond": "(company_id < 82)"
                    }
                  ]
                }
              ]
            }
          ]
        }
      ]
    },
    "Planning Time": 0.198,
    "Triggers": [],
    "Execution Time": 109.266
  }
]