[
  {
    "Plan": {
      "Node Type": "Aggregate",
      "Strategy": "Plain",
      "Partial Mode": "Finalize",
      "Parallel Aware": false,
      "Startup Cost": 347272.15,
      "Total Cost": 347272.16,
      "Plan Rows": 1,
      "Plan Width": 8,
      "Actual Startup Time": 880.426,
      "Actual Total Time": 956.545,
      "Actual Rows": 1,
      "Actual Loops": 1,
      "Plans": [
        {
          "Node Type": "Gather",
          "Parent Relationship": "Outer",
          "Parallel Aware": false,
          "Startup Cost": 347271.53,
          "Total Cost": 347272.14,
          "Plan Rows": 6,
          "Plan Width": 8,
          "Actual Startup Time": 880.309,
          "Actual Total Time": 956.534,
          "Actual Rows": 7,
          "Actual Loops": 1,
          "Workers Planned": 6,
          "Workers Launched": 6,
          "Single Copy": false,
          "Plans": [
            {
              "Node Type": "Aggregate",
              "Strategy": "Plain",
              "Partial Mode": "Partial",
              "Parent Relationship": "Outer",
              "Parallel Aware": false,
              "Startup Cost": 346271.53,
              "Total Cost": 346271.54,
              "Plan Rows": 1,
              "Plan Width": 8,
              "Actual Startup Time": 870.36,
              "Actual Total Time": 870.361,
              "Actual Rows": 1,
              "Actual Loops": 7,
              "Plans": [
                {
                  "Node Type": "Seq Scan",
                  "Parent Relationship": "Outer",
                  "Parallel Aware": true,
                  "Relation Name": "cast_info",
                  "Alias": "ci",
                  "Startup Cost": 0.0,
                  "Total Cost": 343257.03,
                  "Plan Rows": 1205799,
                  "Plan Width": 0,
                  "Actual Startup Time": 0.053,
                  "Actual Total Time": 790.371,
                  "Actual Rows": 1365689,
                  "Actual Loops": 7,
                  "Filter": "((person_id < 1304065) AND (role_id < 3))",
                  "Rows Removed by Filter": 3812074
                }
              ]
            }
          ]
        }
      ]
    },
    "Planning Time": 0.226,
    "Triggers": [],
    "Execution Time": 956.62
  }
]