[
  {
    "Plan": {
      "Node Type": "Aggregate",
      "Strategy": "Plain",
      "Partial Mode": "Finalize",
      "Parallel Aware": false,
      "Startup Cost": 61458.65,
      "Total Cost": 61458.66,
      "Plan Rows": 1,
      "Plan Width": 8,
      "Actual Startup Time": 200.828,
      "Actual Total Time": 222.25,
      "Actual Rows": 1,
      "Actual Loops": 1,
      "Plans": [
        {
          "Node Type": "Gather",
          "Parent Relationship": "Outer",
          "Parallel Aware": false,
          "Startup Cost": 61458.33,
          "Total Cost": 61458.64,
          "Plan Rows": 3,
          "Plan Width": 8,
          "Actual Startup Time": 200.559,
          "Actual Total Time": 222.243,
          "Actual Rows": 4,
          "Actual Loops": 1,
          "Workers Planned": 3,
          "Workers Launched": 3,
          "Single Copy": false,
          "Plans": [
            {
              "Node Type": "Aggregate",
              "Strategy": "Plain",
              "Partial Mode": "Partial",
              "Parent Relationship": "Outer",
              "Parallel Aware": false,
              "Startup Cost": 60458.33,
              "Total Cost": 60458.34,
              "Plan Rows": 1,
              "Plan Width": 8,
              "Actual Startup Time": 197.191,
              "Actual Total Time": 197.195,
              "Actual Rows": 1,
              "Actual Loops": 4,
              "Plans": [
                {
                  "Node Type": "Nested Loop",
                  "Parent Relationship": "Outer",
                  "Parallel Aware": false,
                  "Join Type": "Inner",
                  "Startup Cost": 26090.03,
                  "Total Cost": 60455.82,
                  "Plan Rows": 1003,
                  "Plan Width": 0,
                  "Actual Startup Time": 58.056,
                  "Actual Total Time": 197.182,
                  "Actual Rows": 11,
                  "Actual Loops": 4,
                  "Inner Unique": false,
                  "Join Filter": "(t.id = mi.movie_id)",
                  "Rows Removed by Join Filter": 0,
                  "Plans": [
                    {
                      "Node Type": "Hash Join",
                      "Parent Relationship": "Outer",
                      "Parallel Aware": true,
                      "Join Type": "Inner",
                      "Startup Cost": 26089.6,
                      "Total Cost": 55505.49,
                      "Plan Rows": 3072,
                      "Plan Width": 8,
                      "Actual Startup Time": 31.39,
                      "Actual Total Time": 122.575,
                      "Actual Rows": 6402,
                      "Actual Loops": 4,
                      "Inner Unique": true,
                      "Hash Cond": "(mc.movie_id = t.id)",
                      "Plans": [
                        {
                          "Node Type": "Seq Scan",
                          "Parent Relationship": "Outer",
                          "Parallel Aware": true,
                          "Relation Name": "movie_companies",
                          "Alias": "mc",
                          "Startup Cost": 0.0,
                          "Total Cost": 27206.55,
                          "Plan Rows": 841655,
                          "Plan Width": 4,
                          "Actual Startup Time": 0.006,
                          "Actual Total Time": 54.207,
                          "Actual Rows": 652282,
                          "Actual Loops": 4
                        },
                        {
                          "Node Type": "Hash",
                          "Parent Relationship": "Inner",
                          "Parallel Aware": true,
                          "Startup Cost": 26052.4,
                          "Total Cost": 26052.4,
                          "Plan Rows": 2976,
                          "Plan Width": 4,
                          "Actual Startup Time": 12.846,
                          "Actual Total Time": 12.847,
                          "Actual Rows": 2656,
                          "Actual Loops": 4,
                          "Hash Buckets": 16384,
                          "Original Hash Buckets": 16384,
                          "Hash Batches": 1,
                          "Original Hash Batches": 1,
                          "Peak Memory Usage": 608,
                          "Plans": [
                            {
                              "Node Type": "Bitmap Heap Scan",
                              "Parent Relationship": "Outer",
                              "Parallel Aware": true,
                              "Relation Name": "title",
                              "Alias": "t",
                              "Startup Cost": 236.08,
                              "Total Cost": 26052.4,
                              "Plan Rows": 2976,
                              "Plan Width": 4,
                              "Actual Startup Time": 0.871,
                              "Actual Total Time": 12.086,
                              "Actual Rows": 2656,
                              "Actual Loops": 4,
                              "Recheck Cond": "(kind_id = 6)",
                              "Rows Removed by Index Recheck": 0,
                              "Filter": "(production_year < 2009)",
                              "Rows Removed by Filter": 494,
                              "Exact Heap Blocks": 5308,
                              "Lossy Heap Blocks": 0,
                              "Plans": [
                                {
                                  "Node Type": "Bitmap Index Scan",
                                  "Parent Relationship": "Outer",
                                  "Parallel Aware": false,
                                  "Index Name": "kind_id_title",
                                  "Startup Cost": 0.0,
                                  "Total Cost": 233.77,
                                  "Plan Rows": 12979,
                                  "Plan Width": 0,
                                  "Actual Startup Time": 2.128,
                                  "Actual Total Time": 2.128,
                                  "Actual Rows": 12600,
                                  "Actual Loops": 1,
                                  "Index Cond": "(kind_id = 6)"
                                }
                              ]
                            }
                          ]
                        }
                      ]
                    },
                    {
                      "Node Type": "Index Scan",
                      "Parent Relationship": "Inner",
                      "Parallel Aware": false,
                      "Scan Direction": "Forward",
                      "Index Name": "movie_id_movie_info",
                      "Relation Name": "movie_info",
                      "Alias": "mi",
                      "Startup Cost": 0.43,
                      "Total Cost": 1.59,
                      "Plan Rows": 2,
                      "Plan Width": 4,
                      "Actual Startup Time": 0.011,
                      "Actual Total Time": 0.011,
                      "Actual Rows": 0,
                      "Actual Loops": 25609,
                      "Index Cond": "(movie_id = mc.movie_id)",
                      "Rows Removed by Index Recheck": 0,
                      "Filter": "(info_type_id < 2)",
                      "Rows Removed by Filter": 12
                    }
                  ]
                }
              ]
            }
          ]
        }
      ]
    },
    "Planning Time": 0.963,
    "Triggers": [],
    "Execution Time": 222.313
  }
]