[
  {
    "Plan": {
      "Node Type": "Aggregate",
      "Strategy": "Plain",
      "Partial Mode": "Finalize",
      "Parallel Aware": false,
      "Startup Cost": 87205.76,
      "Total Cost": 87205.77,
      "Plan Rows": 1,
      "Plan Width": 8,
      "Actual Startup Time": 118.943,
      "Actual Total Time": 135.249,
      "Actual Rows": 1,
      "Actual Loops": 1,
      "Plans": [
        {
          "Node Type": "Gather",
          "Parent Relationship": "Outer",
          "Parallel Aware": false,
          "Startup Cost": 87205.34,
          "Total Cost": 87205.75,
          "Plan Rows": 4,
          "Plan Width": 8,
          "Actual Startup Time": 118.821,
          "Actual Total Time": 135.24,
          "Actual Rows": 5,
          "Actual Loops": 1,
          "Workers Planned": 4,
          "Workers Launched": 4,
          "Single Copy": false,
          "Plans": [
            {
              "Node Type": "Aggregate",
              "Strategy": "Plain",
              "Partial Mode": "Partial",
              "Parent Relationship": "Outer",
              "Parallel Aware": false,
              "Startup Cost": 86205.34,
              "Total Cost": 86205.35,
              "Plan Rows": 1,
              "Plan Width": 8,
              "Actual Startup Time": 108.681,
              "Actual Total Time": 108.682,
              "Actual Rows": 1,
              "Actual Loops": 5,
              "Plans": [
                {
                  "Node Type": "Nested Loop",
                  "Parent Relationship": "Outer",
                  "Parallel Aware": false,
                  "Join Type": "Inner",
                  "Startup Cost": 0.43,
                  "Total Cost": 86182.73,
                  "Plan Rows": 9044,
                  "Plan Width": 0,
                  "Actual Startup Time": 59.108,
                  "Actual Total Time": 108.574,
                  "Actual Rows": 1363,
                  "Actual Loops": 5,
                  "Inner Unique": false,
                  "Plans": [
                    {
                      "Node Type": "Seq Scan",
                      "Parent Relationship": "Outer",
                      "Parallel Aware": true,
                      "Relation Name": "title",
                      "Alias": "t",
                      "Startup Cost": 0.0,
                      "Total Cost": 43898.92,
                      "Plan Rows": 6112,
                      "Plan Width": 4,
                      "Actual Startup Time": 54.777,
                      "Actual Total Time": 82.047,
                      "Actual Rows": 5821,
                      "Actual Loops": 5,
                      "Filter": "(production_year < 1911)",
                      "Rows Removed by Filter": 499841
                    },
                    {
                      "Node Type": "Index Scan",
                      "Parent Relationship": "Inner",
                      "Parallel Aware": false,
                      "Scan Direction": "Forward",
                      "Index Name": "movie_id_movie_keyword",
                      "Relation Name": "movie_keyword",
                      "Alias": "mk",
                      "Startup Cost": 0.43,
                      "Total Cost": 6.54,
                      "Plan Rows": 38,
                      "Plan Width": 4,
                      "Actual Startup Time": 0.004,
                      "Actual Total Time": 0.004,
                      "Actual Rows": 0,
                      "Actual Loops": 29105,
                      "Index Cond": "(movie_id = t.id)",
                      "Rows Removed by Index Recheck": 0,
                      "Filter": "(keyword_id < 24382)",
                      "Rows Removed by Filter": 0
                    }
                  ]
                }
              ]
            }
          ]
        }
      ]
    },
    "Planning Time": 0.594,
    "Triggers": [],
    "Execution Time": 135.318
  }
]