[
  {
    "Plan": {
      "Node Type": "Aggregate",
      "Strategy": "Plain",
      "Partial Mode": "Finalize",
      "Parallel Aware": false,
      "Startup Cost": 285043.21,
      "Total Cost": 285043.22,
      "Plan Rows": 1,
      "Plan Width": 8,
      "Actual Startup Time": 951.247,
      "Actual Total Time": 997.068,
      "Actual Rows": 1,
      "Actual Loops": 1,
      "Plans": [
        {
          "Node Type": "Gather",
          "Parent Relationship": "Outer",
          "Parallel Aware": false,
          "Startup Cost": 285042.68,
          "Total Cost": 285043.19,
          "Plan Rows": 5,
          "Plan Width": 8,
          "Actual Startup Time": 941.106,
          "Actual Total Time": 997.056,
          "Actual Rows": 6,
          "Actual Loops": 1,
          "Workers Planned": 5,
          "Workers Launched": 5,
          "Single Copy": false,
          "Plans": [
            {
              "Node Type": "Aggregate",
              "Strategy": "Plain",
              "Partial Mode": "Partial",
              "Parent Relationship": "Outer",
              "Parallel Aware": false,
              "Startup Cost": 284042.68,
              "Total Cost": 284042.69,
              "Plan Rows": 1,
              "Plan Width": 8,
              "Actual Startup Time": 930.566,
              "Actual Total Time": 930.853,
              "Actual Rows": 1,
              "Actual Loops": 6,
              "Plans": [
                {
                  "Node Type": "Hash Join",
                  "Parent Relationship": "Outer",
                  "Parallel Aware": true,
                  "Join Type": "Inner",
                  "Startup Cost": 81563.52,
                  "Total Cost": 283626.16,
                  "Plan Rows": 166609,
                  "Plan Width": 0,
                  "Actual Startup Time": 434.863,
                  "Actual Total Time": 911.557,
                  "Actual Rows": 415153,
                  "Actual Loops": 6,
                  "Inner Unique": false,
                  "Hash Cond": "(mi.movie_id = t.id)",
                  "Plans": [
                    {
                      "Node Type": "Seq Scan",
                      "Parent Relationship": "Outer",
                      "Parallel Aware": true,
                      "Relation Name": "movie_info",
                      "Alias": "mi",
                      "Startup Cost": 0.0,
                      "Total Cost": 198952.16,
                      "Plan Rows": 718388,
                      "Plan Width": 4,
                      "Actual Startup Time": 30.065,
                      "Actual Total Time": 314.994,
                      "Actual Rows": 604163,
                      "Actual Loops": 6,
                      "Filter": "(info_type_id < 4)",
                      "Rows Removed by Filter": 1868457
                    },
                    {
                      "Node Type": "Hash",
                      "Parent Relationship": "Inner",
                      "Parallel Aware": true,
                      "Startup Cost": 79731.15,
                      "Total Cost": 79731.15,
                      "Plan Rows": 146590,
                      "Plan Width": 8,
                      "Actual Startup Time": 401.022,
                      "Actual Total Time": 401.308,
                      "Actual Rows": 144802,
                      "Actual Loops": 6,
                      "Hash Buckets": 1048576,
                      "Original Hash Buckets": 1048576,
                      "Hash Batches": 1,
                      "Original Hash Batches": 1,
                      "Peak Memory Usage": 42304,
                      "Plans": [
                        {
                          "Node Type": "Hash Join",
                          "Parent Relationship": "Outer",
                          "Parallel Aware": true,
                          "Join Type": "Inner",
                          "Startup Cost": 33779.18,
                          "Total Cost": 79731.15,
                          "Plan Rows": 146590,
                          "Plan Width": 8,
                          "Actual Startup Time": 132.772,
                          "Actual Total Time": 344.057,
                          "Actual Rows": 144802,
                          "Actual Loops": 6,
                          "Inner Unique": false,
                          "Hash Cond": "(t.id = mc.movie_id)",
                          "Plans": [
                            {
                              "Node Type": "Seq Scan",
                              "Parent Relationship": "Outer",
                              "Parallel Aware": true,
                              "Relation Name": "title",
                              "Alias": "t",
                              "Startup Cost": 0.0,
                              "Total Cost": 42318.73,
                              "Plan Rows": 632073,
                              "Plan Width": 4,
                              "Actual Startup Time": 0.015,
                              "Actual Total Time": 64.544,
                              "Actual Rows": 421385,
                              "Actual Loops": 6
                            },
                            {
                              "Node Type": "Hash",
                              "Parent Relationship": "Inner",
                              "Parallel Aware": true,
                              "Startup Cost": 31414.82,
                              "Total Cost": 31414.82,
                              "Plan Rows": 189149,
                              "Plan Width": 4,
                              "Actual Startup Time": 130.946,
                              "Actual Total Time": 130.947,
                              "Actual Rows": 144802,
                              "Actual Loops": 6,
                              "Hash Buckets": 1048576,
                              "Original Hash Buckets": 1048576,
                              "Hash Batches": 1,
                              "Original Hash Batches": 1,
                              "Peak Memory Usage": 42272,
                              "Plans": [
                                {
                                  "Node Type": "Seq Scan",
                                  "Parent Relationship": "Outer",
                                  "Parallel Aware": true,
                                  "Relation Name": "movie_companies",
                                  "Alias": "mc",
                                  "Startup Cost": 0.0,
                                  "Total Cost": 31414.82,
                                  "Plan Rows": 189149,
                                  "Plan Width": 4,
                                  "Actual Startup Time": 41.659,
                                  "Actual Total Time": 72.471,
                                  "Actual Rows": 144802,
                                  "Actual Loops": 6,
                                  "Filter": "((company_id > 13015) AND (company_type_id > 1))",
                                  "Rows Removed by Filter": 290052
                                }
                              ]
                            }
                          ]
                        }
                      ]
                    }
                  ]
                }
              ]
            }
          ]
        }
      ]
    },
    "Planning Time": 1.513,
    "Triggers": [],
    "Execution Time": 997.162
  }
]