[
  {
    "Plan": {
      "Node Type": "Aggregate",
      "Strategy": "Plain",
      "Partial Mode": "Finalize",
      "Parallel Aware": false,
      "Startup Cost": 81987.79,
      "Total Cost": 81987.8,
      "Plan Rows": 1,
      "Plan Width": 8,
      "Actual Startup Time": 303.368,
      "Actual Total Time": 317.548,
      "Actual Rows": 1,
      "Actual Loops": 1,
      "Plans": [
        {
          "Node Type": "Gather",
          "Parent Relationship": "Outer",
          "Parallel Aware": false,
          "Startup Cost": 81987.37,
          "Total Cost": 81987.78,
          "Plan Rows": 4,
          "Plan Width": 8,
          "Actual Startup Time": 299.8,
          "Actual Total Time": 317.54,
          "Actual Rows": 5,
          "Actual Loops": 1,
          "Workers Planned": 4,
          "Workers Launched": 4,
          "Single Copy": false,
          "Plans": [
            {
              "Node Type": "Aggregate",
              "Strategy": "Plain",
              "Partial Mode": "Partial",
              "Parent Relationship": "Outer",
              "Parallel Aware": false,
              "Startup Cost": 80987.37,
              "Total Cost": 80987.38,
              "Plan Rows": 1,
              "Plan Width": 8,
              "Actual Startup Time": 289.824,
              "Actual Total Time": 289.827,
              "Actual Rows": 1,
              "Actual Loops": 5,
              "Plans": [
                {
                  "Node Type": "Hash Join",
                  "Parent Relationship": "Outer",
                  "Parallel Aware": true,
                  "Join Type": "Inner",
                  "Startup Cost": 34435.82,
                  "Total Cost": 80519.12,
                  "Plan Rows": 187302,
                  "Plan Width": 0,
                  "Actual Startup Time": 114.585,
                  "Actual Total Time": 285.525,
                  "Actual Rows": 94021,
                  "Actual Loops": 5,
                  "Inner Unique": false,
                  "Hash Cond": "(t.id = mc.movie_id)",
                  "Plans": [
                    {
                      "Node Type": "Seq Scan",
                      "Parent Relationship": "Outer",
                      "Parallel Aware": true,
                      "Relation Name": "title",
                      "Alias": "t",
                      "Startup Cost": 0.0,
                      "Total Cost": 42318.73,
                      "Plan Rows": 632073,
                      "Plan Width": 4,
                      "Actual Startup Time": 0.01,
                      "Actual Total Time": 63.217,
                      "Actual Rows": 505662,
                      "Actual Loops": 5
                    },
                    {
                      "Node Type": "Hash",
                      "Parent Relationship": "Inner",
                      "Parallel Aware": true,
                      "Startup Cost": 31414.82,
                      "Total Cost": 31414.82,
                      "Plan Rows": 241680,
                      "Plan Width": 4,
                      "Actual Startup Time": 110.196,
                      "Actual Total Time": 110.197,
                      "Actual Rows": 94021,
                      "Actual Loops": 5,
                      "Hash Buckets": 1048576,
                      "Original Hash Buckets": 1048576,
                      "Hash Batches": 1,
                      "Original Hash Batches": 1,
                      "Peak Memory Usage": 26688,
                      "Plans": [
                        {
                          "Node Type": "Seq Scan",
                          "Parent Relationship": "Outer",
                          "Parallel Aware": true,
                          "Relation Name": "movie_companies",
                          "Alias": "mc",
                          "Startup Cost": 0.0,
                          "Total Cost": 31414.82,
                          "Plan Rows": 241680,
                          "Plan Width": 4,
                          "Actual Startup Time": 46.447,
                          "Actual Total Time": 74.492,
                          "Actual Rows": 94021,
                          "Actual Loops": 5,
                          "Filter": "((company_id < 13411) AND (company_type_id > 1))",
                          "Rows Removed by Filter": 427805
                        }
                      ]
                    }
                  ]
                }
              ]
            }
          ]
        }
      ]
    },
    "Planning Time": 0.675,
    "Triggers": [],
    "Execution Time": 317.618
  }
]