[
    {
        "Bao": {
            "Bao prediction": 573.893,
            "Bao recommended hint": "(no hint)"
        }
    },
    {
        "Plan": {
            "Node Type": "Aggregate",
            "Strategy": "Plain",
            "Partial Mode": "Finalize",
            "Parallel Aware": false,
            "Startup Cost": 73756.31,
            "Total Cost": 73756.32,
            "Plan Rows": 1,
            "Plan Width": 8,
            "Actual Startup Time": 186.056,
            "Actual Total Time": 195.18,
            "Actual Rows": 1,
            "Actual Loops": 1,
            "Output": [
                "count(*)"
            ],
            "Plans": [
                {
                    "Node Type": "Gather",
                    "Parent Relationship": "Outer",
                    "Parallel Aware": false,
                    "Startup Cost": 73755.99,
                    "Total Cost": 73756.3,
                    "Plan Rows": 3,
                    "Plan Width": 8,
                    "Actual Startup Time": 183.249,
                    "Actual Total Time": 195.172,
                    "Actual Rows": 4,
                    "Actual Loops": 1,
                    "Output": [
                        "(PARTIAL count(*))"
                    ],
                    "Workers Planned": 3,
                    "Workers Launched": 3,
                    "Single Copy": false,
                    "Plans": [
                        {
                            "Node Type": "Aggregate",
                            "Strategy": "Plain",
                            "Partial Mode": "Partial",
                            "Parent Relationship": "Outer",
                            "Parallel Aware": false,
                            "Startup Cost": 72755.99,
                            "Total Cost": 72756.0,
                            "Plan Rows": 1,
                            "Plan Width": 8,
                            "Actual Startup Time": 174.702,
                            "Actual Total Time": 174.766,
                            "Actual Rows": 1,
                            "Actual Loops": 4,
                            "Output": [
                                "PARTIAL count(*)"
                            ],
                            "Workers": [
                                {
                                    "Worker Number": 0,
                                    "Actual Startup Time": 171.914,
                                    "Actual Total Time": 171.916,
                                    "Actual Rows": 1,
                                    "Actual Loops": 1
                                },
                                {
                                    "Worker Number": 1,
                                    "Actual Startup Time": 171.935,
                                    "Actual Total Time": 171.937,
                                    "Actual Rows": 1,
                                    "Actual Loops": 1
                                },
                                {
                                    "Worker Number": 2,
                                    "Actual Startup Time": 172.414,
                                    "Actual Total Time": 172.418,
                                    "Actual Rows": 1,
                                    "Actual Loops": 1
                                }
                            ],
                            "Plans": [
                                {
                                    "Node Type": "Hash Join",
                                    "Parent Relationship": "Outer",
                                    "Parallel Aware": true,
                                    "Join Type": "Inner",
                                    "Startup Cost": 47922.14,
                                    "Total Cost": 72749.6,
                                    "Plan Rows": 2554,
                                    "Plan Width": 0,
                                    "Actual Startup Time": 144.881,
                                    "Actual Total Time": 174.296,
                                    "Actual Rows": 6506,
                                    "Actual Loops": 4,
                                    "Inner Unique": true,
                                    "Hash Cond": "(mk.movie_id = t.id)",
                                    "Workers": [
                                        {
                                            "Worker Number": 0,
                                            "Actual Startup Time": 142.118,
                                            "Actual Total Time": 171.492,
                                            "Actual Rows": 6281,
                                            "Actual Loops": 1
                                        },
                                        {
                                            "Worker Number": 1,
                                            "Actual Startup Time": 142.214,
                                            "Actual Total Time": 171.508,
                                            "Actual Rows": 5768,
                                            "Actual Loops": 1
                                        },
                                        {
                                            "Worker Number": 2,
                                            "Actual Startup Time": 142.36,
                                            "Actual Total Time": 171.939,
                                            "Actual Rows": 4138,
                                            "Actual Loops": 1
                                        }
                                    ],
                                    "Plans": [
                                        {
                                            "Node Type": "Bitmap Heap Scan",
                                            "Parent Relationship": "Outer",
                                            "Parallel Aware": true,
                                            "Relation Name": "movie_keyword",
                                            "Schema": "public",
                                            "Alias": "mk",
                                            "Startup Cost": 1625.66,
                                            "Total Cost": 26388.31,
                                            "Plan Rows": 24692,
                                            "Plan Width": 4,
                                            "Actual Startup Time": 9.876,
                                            "Actual Total Time": 33.64,
                                            "Actual Rows": 18042,
                                            "Actual Loops": 4,
                                            "Output": [
                                                "mk.id",
                                                "mk.movie_id",
                                                "mk.keyword_id"
                                            ],
                                            "Recheck Cond": "(mk.keyword_id > 90396)",
                                            "Rows Removed by Index Recheck": 0,
                                            "Exact Heap Blocks": 5849,
                                            "Lossy Heap Blocks": 0,
                                            "Workers": [
                                                {
                                                    "Worker Number": 0,
                                                    "Actual Startup Time": 9.812,
                                                    "Actual Total Time": 34.124,
                                                    "Actual Rows": 17159,
                                                    "Actual Loops": 1
                                                },
                                                {
                                                    "Worker Number": 1,
                                                    "Actual Startup Time": 9.912,
                                                    "Actual Total Time": 34.212,
                                                    "Actual Rows": 15756,
                                                    "Actual Loops": 1
                                                },
                                                {
                                                    "Worker Number": 2,
                                                    "Actual Startup Time": 9.859,
                                                    "Actual Total Time": 34.269,
                                                    "Actual Rows": 11415,
                                                    "Actual Loops": 1
                                                }
                                            ],
                                            "Plans": [
                                                {
                                                    "Node Type": "Bitmap Index Scan",
                                                    "Parent Relationship": "Outer",
                                                    "Parallel Aware": false,
                                                    "Index Name": "keyword_id_movie_keyword",
                                                    "Startup Cost": 0.0,
                                                    "Total Cost": 1606.52,
                                                    "Plan Rows": 76545,
                                                    "Plan Width": 0,
                                                    "Actual Startup Time": 7.44,
                                                    "Actual Total Time": 7.441,
                                                    "Actual Rows": 72167,
                                                    "Actual Loops": 1,
                                                    "Index Cond": "(mk.keyword_id > 90396)",
                                                    "Workers": [
                                                        {
                                                            "Worker Number": 0,
                                                            "Actual Startup Time": 7.44,
                                                            "Actual Total Time": 7.441,
                                                            "Actual Rows": 72167,
                                                            "Actual Loops": 1
                                                        }
                                                    ]
                                                }
                                            ]
                                        },
                                        {
                                            "Node Type": "Hash",
                                            "Parent Relationship": "Inner",
                                            "Parallel Aware": true,
                                            "Startup Cost": 45479.21,
                                            "Total Cost": 45479.21,
                                            "Plan Rows": 65382,
                                            "Plan Width": 4,
                                            "Actual Startup Time": 132.844,
                                            "Actual Total Time": 132.844,
                                            "Actual Rows": 93486,
                                            "Actual Loops": 4,
                                            "Output": [
                                                "t.id"
                                            ],
                                            "Hash Buckets": 524288,
                                            "Original Hash Buckets": 262144,
                                            "Hash Batches": 1,
                                            "Original Hash Batches": 1,
                                            "Peak Memory Usage": 20864,
                                            "Workers": [
                                                {
                                                    "Worker Number": 0,
                                                    "Actual Startup Time": 131.921,
                                                    "Actual Total Time": 131.922,
                                                    "Actual Rows": 96671,
                                                    "Actual Loops": 1
                                                },
                                                {
                                                    "Worker Number": 1,
                                                    "Actual Startup Time": 131.925,
                                                    "Actual Total Time": 131.926,
                                                    "Actual Rows": 97860,
                                                    "Actual Loops": 1
                                                },
                                                {
                                                    "Worker Number": 2,
                                                    "Actual Startup Time": 131.997,
                                                    "Actual Total Time": 131.997,
                                                    "Actual Rows": 67140,
                                                    "Actual Loops": 1
                                                }
                                            ],
                                            "Plans": [
                                                {
                                                    "Node Type": "Seq Scan",
                                                    "Parent Relationship": "Outer",
                                                    "Parallel Aware": true,
                                                    "Relation Name": "title",
                                                    "Schema": "public",
                                                    "Alias": "t",
                                                    "Startup Cost": 0.0,
                                                    "Total Cost": 45479.21,
                                                    "Plan Rows": 65382,
                                                    "Plan Width": 4,
                                                    "Actual Startup Time": 0.084,
                                                    "Actual Total Time": 96.761,
                                                    "Actual Rows": 93486,
                                                    "Actual Loops": 4,
                                                    "Output": [
                                                        "t.id"
                                                    ],
                                                    "Filter": "((t.kind_id < 7) AND (t.production_year < 1989))",
                                                    "Rows Removed by Filter": 538592,
                                                    "Workers": [
                                                        {
                                                            "Worker Number": 0,
                                                            "Actual Startup Time": 0.041,
                                                            "Actual Total Time": 95.286,
                                                            "Actual Rows": 96671,
                                                            "Actual Loops": 1
                                                        },
                                                        {
                                                            "Worker Number": 1,
                                                            "Actual Startup Time": 0.145,
                                                            "Actual Total Time": 95.599,
                                                            "Actual Rows": 97860,
                                                            "Actual Loops": 1
                                                        },
                                                        {
                                                            "Worker Number": 2,
                                                            "Actual Startup Time": 0.098,
                                                            "Actual Total Time": 98.611,
                                                            "Actual Rows": 67140,
                                                            "Actual Loops": 1
                                                        }
                                                    ]
                                                }
                                            ]
                                        }
                                    ]
                                }
                            ]
                        }
                    ]
                }
            ]
        },
        "Planning Time": 779.747,
        "Triggers": [],
        "Execution Time": 195.29
    }
]