[
    {
        "Bao": {
            "Bao prediction": "NaN",
            "Bao recommended hint": "(no hint)"
        }
    },
    {
        "Plan": {
            "Node Type": "Aggregate",
            "Strategy": "Plain",
            "Partial Mode": "Simple",
            "Parallel Aware": false,
            "Startup Cost": 15304.92,
            "Total Cost": 15304.93,
            "Plan Rows": 1,
            "Plan Width": 8,
            "Actual Startup Time": 3.552,
            "Actual Total Time": 3.553,
            "Actual Rows": 1,
            "Actual Loops": 1,
            "Output": [
                "count(*)"
            ],
            "Plans": [
                {
                    "Node Type": "Bitmap Heap Scan",
                    "Parent Relationship": "Outer",
                    "Parallel Aware": false,
                    "Relation Name": "movie_keyword",
                    "Schema": "public",
                    "Alias": "mk",
                    "Startup Cost": 145.28,
                    "Total Cost": 15287.87,
                    "Plan Rows": 6819,
                    "Plan Width": 0,
                    "Actual Startup Time": 0.439,
                    "Actual Total Time": 3.334,
                    "Actual Rows": 5240,
                    "Actual Loops": 1,
                    "Recheck Cond": "(mk.keyword_id > 129296)",
                    "Rows Removed by Index Recheck": 0,
                    "Exact Heap Blocks": 1683,
                    "Lossy Heap Blocks": 0,
                    "Plans": [
                        {
                            "Node Type": "Bitmap Index Scan",
                            "Parent Relationship": "Outer",
                            "Parallel Aware": false,
                            "Index Name": "keyword_id_movie_keyword",
                            "Startup Cost": 0.0,
                            "Total Cost": 143.57,
                            "Plan Rows": 6819,
                            "Plan Width": 0,
                            "Actual Startup Time": 0.287,
                            "Actual Total Time": 0.287,
                            "Actual Rows": 5240,
                            "Actual Loops": 1,
                            "Index Cond": "(mk.keyword_id > 129296)"
                        }
                    ]
                }
            ]
        },
        "Planning Time": 185.859,
        "Triggers": [],
        "Execution Time": 3.587
    }
]