[
  {
    "Plan": {
      "Node Type": "Aggregate",
      "Strategy": "Plain",
      "Partial Mode": "Finalize",
      "Parallel Aware": false,
      "Startup Cost": 46002.49,
      "Total Cost": 46002.5,
      "Plan Rows": 1,
      "Plan Width": 8,
      "Actual Startup Time": 168.108,
      "Actual Total Time": 177.152,
      "Actual Rows": 1,
      "Actual Loops": 1,
      "Plans": [
        {
          "Node Type": "Gather",
          "Parent Relationship": "Outer",
          "Parallel Aware": false,
          "Startup Cost": 46002.17,
          "Total Cost": 46002.48,
          "Plan Rows": 3,
          "Plan Width": 8,
          "Actual Startup Time": 167.91,
          "Actual Total Time": 177.072,
          "Actual Rows": 4,
          "Actual Loops": 1,
          "Workers Planned": 3,
          "Workers Launched": 3,
          "Single Copy": false,
          "Plans": [
            {
              "Node Type": "Aggregate",
              "Strategy": "Plain",
              "Partial Mode": "Partial",
              "Parent Relationship": "Outer",
              "Parallel Aware": false,
              "Startup Cost": 45002.17,
              "Total Cost": 45002.18,
              "Plan Rows": 1,
              "Plan Width": 8,
              "Actual Startup Time": 161.059,
              "Actual Total Time": 161.061,
              "Actual Rows": 1,
              "Actual Loops": 4,
              "Plans": [
                {
                  "Node Type": "Seq Scan",
                  "Parent Relationship": "Outer",
                  "Parallel Aware": true,
                  "Relation Name": "movie_keyword",
                  "Alias": "mk",
                  "Startup Cost": 0.0,
                  "Total Cost": 42695.65,
                  "Plan Rows": 922606,
                  "Plan Width": 0,
                  "Actual Startup Time": 0.425,
                  "Actual Total Time": 126.281,
                  "Actual Rows": 710565,
                  "Actual Loops": 4,
                  "Filter": "(keyword_id > 2602)",
                  "Rows Removed by Filter": 420418
                }
              ]
            }
          ]
        }
      ]
    },
    "Planning Time": 0.172,
    "Triggers": [],
    "Execution Time": 177.205
  }
]