[
  {
    "Plan": {
      "Node Type": "Aggregate",
      "Strategy": "Plain",
      "Partial Mode": "Finalize",
      "Parallel Aware": false,
      "Startup Cost": 350258.17,
      "Total Cost": 350258.18,
      "Plan Rows": 1,
      "Plan Width": 8,
      "Actual Startup Time": 852.149,
      "Actual Total Time": 912.112,
      "Actual Rows": 1,
      "Actual Loops": 1,
      "Plans": [
        {
          "Node Type": "Gather",
          "Parent Relationship": "Outer",
          "Parallel Aware": false,
          "Startup Cost": 350257.55,
          "Total Cost": 350258.16,
          "Plan Rows": 6,
          "Plan Width": 8,
          "Actual Startup Time": 852.015,
          "Actual Total Time": 912.101,
          "Actual Rows": 7,
          "Actual Loops": 1,
          "Workers Planned": 6,
          "Workers Launched": 6,
          "Single Copy": false,
          "Plans": [
            {
              "Node Type": "Aggregate",
              "Strategy": "Plain",
              "Partial Mode": "Partial",
              "Parent Relationship": "Outer",
              "Parallel Aware": false,
              "Startup Cost": 349257.55,
              "Total Cost": 349257.56,
              "Plan Rows": 1,
              "Plan Width": 8,
              "Actual Startup Time": 841.991,
              "Actual Total Time": 841.992,
              "Actual Rows": 1,
              "Actual Loops": 7,
              "Plans": [
                {
                  "Node Type": "Seq Scan",
                  "Parent Relationship": "Outer",
                  "Parallel Aware": true,
                  "Relation Name": "cast_info",
                  "Alias": "ci",
                  "Startup Cost": 0.0,
                  "Total Cost": 343257.03,
                  "Plan Rows": 2400208,
                  "Plan Width": 0,
                  "Actual Startup Time": 396.7,
                  "Actual Total Time": 756.153,
                  "Actual Rows": 1703974,
                  "Actual Loops": 7,
                  "Filter": "((person_id < 3290182) AND (role_id > 2))",
                  "Rows Removed by Filter": 3473789
                }
              ]
            }
          ]
        }
      ]
    },
    "Planning Time": 0.161,
    "Triggers": [],
    "Execution Time": 912.17
  }
]