[
  {
    "Plan": {
      "Node Type": "Aggregate",
      "Strategy": "Plain",
      "Partial Mode": "Finalize",
      "Parallel Aware": false,
      "Startup Cost": 33061.28,
      "Total Cost": 33061.29,
      "Plan Rows": 1,
      "Plan Width": 8,
      "Actual Startup Time": 119.836,
      "Actual Total Time": 132.085,
      "Actual Rows": 1,
      "Actual Loops": 1,
      "Plans": [
        {
          "Node Type": "Gather",
          "Parent Relationship": "Outer",
          "Parallel Aware": false,
          "Startup Cost": 33060.96,
          "Total Cost": 33061.27,
          "Plan Rows": 3,
          "Plan Width": 8,
          "Actual Startup Time": 119.364,
          "Actual Total Time": 132.067,
          "Actual Rows": 4,
          "Actual Loops": 1,
          "Workers Planned": 3,
          "Workers Launched": 3,
          "Single Copy": false,
          "Plans": [
            {
              "Node Type": "Aggregate",
              "Strategy": "Plain",
              "Partial Mode": "Partial",
              "Parent Relationship": "Outer",
              "Parallel Aware": false,
              "Startup Cost": 32060.96,
              "Total Cost": 32060.97,
              "Plan Rows": 1,
              "Plan Width": 8,
              "Actual Startup Time": 110.454,
              "Actual Total Time": 110.455,
              "Actual Rows": 1,
              "Actual Loops": 4,
              "Plans": [
                {
                  "Node Type": "Seq Scan",
                  "Parent Relationship": "Outer",
                  "Parallel Aware": true,
                  "Relation Name": "movie_companies",
                  "Alias": "mc",
                  "Startup Cost": 0.0,
                  "Total Cost": 31414.82,
                  "Plan Rows": 258456,
                  "Plan Width": 0,
                  "Actual Startup Time": 4.721,
                  "Actual Total Time": 101.62,
                  "Actual Rows": 148058,
                  "Actual Loops": 4,
                  "Filter": "((company_id > 4162) AND (company_type_id < 2))",
                  "Rows Removed by Filter": 504225
                }
              ]
            }
          ]
        }
      ]
    },
    "Planning Time": 0.231,
    "Triggers": [],
    "Execution Time": 132.147
  }
]