[
  {
    "Plan": {
      "Node Type": "Aggregate",
      "Strategy": "Plain",
      "Partial Mode": "Finalize",
      "Parallel Aware": false,
      "Startup Cost": 45228.41,
      "Total Cost": 45228.42,
      "Plan Rows": 1,
      "Plan Width": 8,
      "Actual Startup Time": 141.481,
      "Actual Total Time": 148.895,
      "Actual Rows": 1,
      "Actual Loops": 1,
      "Plans": [
        {
          "Node Type": "Gather",
          "Parent Relationship": "Outer",
          "Parallel Aware": false,
          "Startup Cost": 45228.1,
          "Total Cost": 45228.41,
          "Plan Rows": 3,
          "Plan Width": 8,
          "Actual Startup Time": 141.342,
          "Actual Total Time": 148.886,
          "Actual Rows": 4,
          "Actual Loops": 1,
          "Workers Planned": 3,
          "Workers Launched": 3,
          "Single Copy": false,
          "Plans": [
            {
              "Node Type": "Aggregate",
              "Strategy": "Plain",
              "Partial Mode": "Partial",
              "Parent Relationship": "Outer",
              "Parallel Aware": false,
              "Startup Cost": 44228.1,
              "Total Cost": 44228.11,
              "Plan Rows": 1,
              "Plan Width": 8,
              "Actual Startup Time": 133.859,
              "Actual Total Time": 133.86,
              "Actual Rows": 1,
              "Actual Loops": 4,
              "Plans": [
                {
                  "Node Type": "Seq Scan",
                  "Parent Relationship": "Outer",
                  "Parallel Aware": true,
                  "Relation Name": "movie_keyword",
                  "Alias": "mk",
                  "Startup Cost": 0.0,
                  "Total Cost": 42695.65,
                  "Plan Rows": 612977,
                  "Plan Width": 0,
                  "Actual Startup Time": 1.073,
                  "Actual Total Time": 110.786,
                  "Actual Rows": 476102,
                  "Actual Loops": 4,
                  "Filter": "(keyword_id > 7097)",
                  "Rows Removed by Filter": 654880
                }
              ]
            }
          ]
        }
      ]
    },
    "Planning Time": 0.181,
    "Triggers": [],
    "Execution Time": 148.95
  }
]