[
  {
    "Plan": {
      "Node Type": "Aggregate",
      "Strategy": "Plain",
      "Partial Mode": "Finalize",
      "Parallel Aware": false,
      "Startup Cost": 46527.68,
      "Total Cost": 46527.69,
      "Plan Rows": 1,
      "Plan Width": 8,
      "Actual Startup Time": 96.461,
      "Actual Total Time": 108.295,
      "Actual Rows": 1,
      "Actual Loops": 1,
      "Plans": [
        {
          "Node Type": "Gather",
          "Parent Relationship": "Outer",
          "Parallel Aware": false,
          "Startup Cost": 46527.26,
          "Total Cost": 46527.67,
          "Plan Rows": 4,
          "Plan Width": 8,
          "Actual Startup Time": 96.2,
          "Actual Total Time": 108.283,
          "Actual Rows": 5,
          "Actual Loops": 1,
          "Workers Planned": 4,
          "Workers Launched": 4,
          "Single Copy": false,
          "Plans": [
            {
              "Node Type": "Aggregate",
              "Strategy": "Plain",
              "Partial Mode": "Partial",
              "Parent Relationship": "Outer",
              "Parallel Aware": false,
              "Startup Cost": 45527.26,
              "Total Cost": 45527.27,
              "Plan Rows": 1,
              "Plan Width": 8,
              "Actual Startup Time": 88.642,
              "Actual Total Time": 88.643,
              "Actual Rows": 1,
              "Actual Loops": 5,
              "Plans": [
                {
                  "Node Type": "Seq Scan",
                  "Parent Relationship": "Outer",
                  "Parallel Aware": true,
                  "Relation Name": "title",
                  "Alias": "t",
                  "Startup Cost": 0.0,
                  "Total Cost": 45479.59,
                  "Plan Rows": 19068,
                  "Plan Width": 0,
                  "Actual Startup Time": 0.051,
                  "Actual Total Time": 87.24,
                  "Actual Rows": 16822,
                  "Actual Loops": 5,
                  "Filter": "((kind_id = 7) AND (production_year = 2008))",
                  "Rows Removed by Filter": 488841
                }
              ]
            }
          ]
        }
      ]
    },
    "Planning Time": 0.148,
    "Triggers": [],
    "Execution Time": 108.345
  }
]