{
  "Plan": {
    "Node Type": "Aggregate",
    "Strategy": "Plain",
    "Partial Mode": "Finalize",
    "Parallel Aware": false,
    "Startup Cost": 297485.59,
    "Total Cost": 297485.6,
    "Plan Rows": 1,
    "Plan Width": 8,
    "Actual Startup Time": 1416.726,
    "Actual Total Time": 1438.689,
    "Actual Rows": 1,
    "Actual Loops": 1,
    "Plans": [
      {
        "Node Type": "Gather",
        "Parent Relationship": "Outer",
        "Parallel Aware": false,
        "Startup Cost": 297485.47,
        "Total Cost": 297485.58,
        "Plan Rows": 1,
        "Plan Width": 8,
        "Actual Startup Time": 1415.287,
        "Actual Total Time": 1438.678,
        "Actual Rows": 2,
        "Actual Loops": 1,
        "Workers Planned": 1,
        "Workers Launched": 1,
        "Single Copy": false,
        "Plans": [
          {
            "Node Type": "Aggregate",
            "Strategy": "Plain",
            "Partial Mode": "Partial",
            "Parent Relationship": "Outer",
            "Parallel Aware": false,
            "Startup Cost": 296485.47,
            "Total Cost": 296485.48,
            "Plan Rows": 1,
            "Plan Width": 8,
            "Actual Startup Time": 1409.409,
            "Actual Total Time": 1409.413,
            "Actual Rows": 1,
            "Actual Loops": 2,
            "Plans": [
              {
                "Node Type": "Hash Join",
                "Parent Relationship": "Outer",
                "Parallel Aware": true,
                "Join Type": "Inner",
                "Startup Cost": 57248.03,
                "Total Cost": 294471.79,
                "Plan Rows": 805472,
                "Plan Width": 0,
                "Actual Startup Time": 159.14,
                "Actual Total Time": 1379.604,
                "Actual Rows": 711214,
                "Actual Loops": 2,
                "Inner Unique": true,
                "Hash Cond": "(ci.movie_id = t.id)",
                "Plans": [
                  {
                    "Node Type": "Index Scan",
                    "Parent Relationship": "Outer",
                    "Parallel Aware": true,
                    "Scan Direction": "Forward",
                    "Index Name": "role_id_cast_info",
                    "Relation Name": "cast_info",
                    "Alias": "ci",
                    "Startup Cost": 0.56,
                    "Total Cost": 225853.5,
                    "Plan Rows": 4331734,
                    "Plan Width": 4,
                    "Actual Startup Time": 0.087,
                    "Actual Total Time": 491.845,
                    "Actual Rows": 3725986,
                    "Actual Loops": 2,
                    "Index Cond": "(role_id = 2)",
                    "Rows Removed by Index Recheck": 0
                  },
                  {
                    "Node Type": "Hash",
                    "Parent Relationship": "Inner",
                    "Parallel Aware": true,
                    "Startup Cost": 53790.64,
                    "Total Cost": 53790.64,
                    "Plan Rows": 276546,
                    "Plan Width": 4,
                    "Actual Startup Time": 153.343,
                    "Actual Total Time": 153.344,
                    "Actual Rows": 248012,
                    "Actual Loops": 2,
                    "Hash Buckets": 524288,
                    "Original Hash Buckets": 524288,
                    "Hash Batches": 1,
                    "Original Hash Batches": 1,
                    "Peak Memory Usage": 23520,
                    "Plans": [
                      {
                        "Node Type": "Bitmap Heap Scan",
                        "Parent Relationship": "Outer",
                        "Parallel Aware": true,
                        "Relation Name": "title",
                        "Alias": "t",
                        "Startup Cost": 11940.38,
                        "Total Cost": 53790.64,
                        "Plan Rows": 276546,
                        "Plan Width": 4,
                        "Actual Startup Time": 34.737,
                        "Actual Total Time": 102.452,
                        "Actual Rows": 248012,
                        "Actual Loops": 2,
                        "Recheck Cond": "(kind_id = 1)",
                        "Rows Removed by Index Recheck": 0,
                        "Filter": "(production_year < 2009)",
                        "Rows Removed by Filter": 83400,
                        "Exact Heap Blocks": 7922,
                        "Lossy Heap Blocks": 0,
                        "Plans": [
                          {
                            "Node Type": "Bitmap Index Scan",
                            "Parent Relationship": "Outer",
                            "Parallel Aware": false,
                            "Index Name": "kind_id_title",
                            "Startup Cost": 0.0,
                            "Total Cost": 11822.85,
                            "Plan Rows": 663256,
                            "Plan Width": 0,
                            "Actual Startup Time": 33.209,
                            "Actual Total Time": 33.209,
                            "Actual Rows": 662825,
                            "Actual Loops": 1,
                            "Index Cond": "(kind_id = 1)"
                          }
                        ]
                      }
                    ]
                  }
                ]
              }
            ]
          }
        ]
      }
    ]
  },
  "Planning Time": 0.694,
  "Triggers": [],
  "Execution Time": 1438.83
}