{
  "Plan": {
    "Node Type": "Aggregate",
    "Strategy": "Plain",
    "Partial Mode": "Finalize",
    "Parallel Aware": false,
    "Startup Cost": 112484.39,
    "Total Cost": 112484.4,
    "Plan Rows": 1,
    "Plan Width": 8,
    "Actual Startup Time": 340.038,
    "Actual Total Time": 354.11,
    "Actual Rows": 1,
    "Actual Loops": 1,
    "Plans": [
      {
        "Node Type": "Gather",
        "Parent Relationship": "Outer",
        "Parallel Aware": false,
        "Startup Cost": 112484.28,
        "Total Cost": 112484.39,
        "Plan Rows": 1,
        "Plan Width": 8,
        "Actual Startup Time": 339.512,
        "Actual Total Time": 354.103,
        "Actual Rows": 2,
        "Actual Loops": 1,
        "Workers Planned": 1,
        "Workers Launched": 1,
        "Single Copy": false,
        "Plans": [
          {
            "Node Type": "Aggregate",
            "Strategy": "Plain",
            "Partial Mode": "Partial",
            "Parent Relationship": "Outer",
            "Parallel Aware": false,
            "Startup Cost": 111484.28,
            "Total Cost": 111484.29,
            "Plan Rows": 1,
            "Plan Width": 8,
            "Actual Startup Time": 333.294,
            "Actual Total Time": 333.299,
            "Actual Rows": 1,
            "Actual Loops": 2,
            "Plans": [
              {
                "Node Type": "Nested Loop",
                "Parent Relationship": "Outer",
                "Parallel Aware": false,
                "Join Type": "Inner",
                "Startup Cost": 22939.72,
                "Total Cost": 111416.75,
                "Plan Rows": 27010,
                "Plan Width": 0,
                "Actual Startup Time": 259.596,
                "Actual Total Time": 332.717,
                "Actual Rows": 10965,
                "Actual Loops": 2,
                "Inner Unique": false,
                "Plans": [
                  {
                    "Node Type": "Hash Join",
                    "Parent Relationship": "Outer",
                    "Parallel Aware": true,
                    "Join Type": "Inner",
                    "Startup Cost": 22939.29,
                    "Total Cost": 84675.52,
                    "Plan Rows": 49484,
                    "Plan Width": 8,
                    "Actual Startup Time": 253.577,
                    "Actual Total Time": 305.77,
                    "Actual Rows": 8248,
                    "Actual Loops": 2,
                    "Inner Unique": false,
                    "Hash Cond": "(t.id = mc.movie_id)",
                    "Plans": [
                      {
                        "Node Type": "Seq Scan",
                        "Parent Relationship": "Outer",
                        "Parallel Aware": true,
                        "Relation Name": "title",
                        "Alias": "t",
                        "Startup Cost": 0.0,
                        "Total Cost": 54588.39,
                        "Plan Rows": 1097081,
                        "Plan Width": 4,
                        "Actual Startup Time": 0.012,
                        "Actual Total Time": 141.131,
                        "Actual Rows": 932744,
                        "Actual Loops": 2,
                        "Filter": "(kind_id > 1)",
                        "Rows Removed by Filter": 331412
                      },
                      {
                        "Node Type": "Hash",
                        "Parent Relationship": "Inner",
                        "Parallel Aware": true,
                        "Startup Cost": 22100.77,
                        "Total Cost": 22100.77,
                        "Plan Rows": 67082,
                        "Plan Width": 4,
                        "Actual Startup Time": 49.998,
                        "Actual Total Time": 50.0,
                        "Actual Rows": 54497,
                        "Actual Loops": 2,
                        "Hash Buckets": 131072,
                        "Original Hash Buckets": 131072,
                        "Hash Batches": 1,
                        "Original Hash Batches": 1,
                        "Peak Memory Usage": 5344,
                        "Plans": [
                          {
                            "Node Type": "Bitmap Heap Scan",
                            "Parent Relationship": "Outer",
                            "Parallel Aware": true,
                            "Relation Name": "movie_companies",
                            "Alias": "mc",
                            "Startup Cost": 2472.24,
                            "Total Cost": 22100.77,
                            "Plan Rows": 67082,
                            "Plan Width": 4,
                            "Actual Startup Time": 11.751,
                            "Actual Total Time": 34.799,
                            "Actual Rows": 54497,
                            "Actual Loops": 2,
                            "Recheck Cond": "(company_id > 152442)",
                            "Rows Removed by Index Recheck": 0,
                            "Exact Heap Blocks": 2569,
                            "Lossy Heap Blocks": 0,
                            "Plans": [
                              {
                                "Node Type": "Bitmap Index Scan",
                                "Parent Relationship": "Outer",
                                "Parallel Aware": false,
                                "Index Name": "company_id_movie_companies",
                                "Startup Cost": 0.0,
                                "Total Cost": 2443.73,
                                "Plan Rows": 114040,
                                "Plan Width": 0,
                                "Actual Startup Time": 14.364,
                                "Actual Total Time": 14.364,
                                "Actual Rows": 108994,
                                "Actual Loops": 1,
                                "Index Cond": "(company_id > 152442)"
                              }
                            ]
                          }
                        ]
                      }
                    ]
                  },
                  {
                    "Node Type": "Index Only Scan",
                    "Parent Relationship": "Inner",
                    "Parallel Aware": false,
                    "Scan Direction": "Forward",
                    "Index Name": "movie_id_movie_info_idx",
                    "Relation Name": "movie_info_idx",
                    "Alias": "mi_idx",
                    "Startup Cost": 0.43,
                    "Total Cost": 0.51,
                    "Plan Rows": 3,
                    "Plan Width": 4,
                    "Actual Startup Time": 0.003,
                    "Actual Total Time": 0.003,
                    "Actual Rows": 1,
                    "Actual Loops": 16496,
                    "Index Cond": "(movie_id = t.id)",
                    "Rows Removed by Index Recheck": 0,
                    "Heap Fetches": 21930
                  }
                ]
              }
            ]
          }
        ]
      }
    ]
  },
  "Planning Time": 1.095,
  "Triggers": [],
  "Execution Time": 354.215
}