[
  {
    "Plan": {
      "Node Type": "Aggregate",
      "Strategy": "Plain",
      "Partial Mode": "Finalize",
      "Parallel Aware": false,
      "Startup Cost": 96007.76,
      "Total Cost": 96007.77,
      "Plan Rows": 1,
      "Plan Width": 8,
      "Actual Startup Time": 454.865,
      "Actual Total Time": 474.549,
      "Actual Rows": 1,
      "Actual Loops": 1,
      "Plans": [
        {
          "Node Type": "Gather",
          "Parent Relationship": "Outer",
          "Parallel Aware": false,
          "Startup Cost": 96007.55,
          "Total Cost": 96007.76,
          "Plan Rows": 2,
          "Plan Width": 8,
          "Actual Startup Time": 450.018,
          "Actual Total Time": 474.54,
          "Actual Rows": 3,
          "Actual Loops": 1,
          "Workers Planned": 2,
          "Workers Launched": 2,
          "Single Copy": false,
          "Plans": [
            {
              "Node Type": "Aggregate",
              "Strategy": "Plain",
              "Partial Mode": "Partial",
              "Parent Relationship": "Outer",
              "Parallel Aware": false,
              "Startup Cost": 95007.55,
              "Total Cost": 95007.56,
              "Plan Rows": 1,
              "Plan Width": 8,
              "Actual Startup Time": 441.312,
              "Actual Total Time": 441.467,
              "Actual Rows": 1,
              "Actual Loops": 3,
              "Plans": [
                {
                  "Node Type": "Hash Join",
                  "Parent Relationship": "Outer",
                  "Parallel Aware": true,
                  "Join Type": "Inner",
                  "Startup Cost": 79135.02,
                  "Total Cost": 94990.31,
                  "Plan Rows": 6897,
                  "Plan Width": 0,
                  "Actual Startup Time": 363.349,
                  "Actual Total Time": 438.616,
                  "Actual Rows": 60875,
                  "Actual Loops": 3,
                  "Inner Unique": false,
                  "Hash Cond": "(mi_idx.movie_id = t.id)",
                  "Plans": [
                    {
                      "Node Type": "Seq Scan",
                      "Parent Relationship": "Outer",
                      "Parallel Aware": true,
                      "Relation Name": "movie_info_idx",
                      "Alias": "mi_idx",
                      "Startup Cost": 0.0,
                      "Total Cost": 15122.68,
                      "Plan Rows": 189429,
                      "Plan Width": 4,
                      "Actual Startup Time": 0.034,
                      "Actual Total Time": 41.81,
                      "Actual Rows": 153308,
                      "Actual Loops": 3,
                      "Filter": "(info_type_id = 99)",
                      "Rows Removed by Filter": 306703
                    },
                    {
                      "Node Type": "Hash",
                      "Parent Relationship": "Inner",
                      "Parallel Aware": true,
                      "Startup Cost": 78763.84,
                      "Total Cost": 78763.84,
                      "Plan Rows": 29694,
                      "Plan Width": 8,
                      "Actual Startup Time": 361.475,
                      "Actual Total Time": 361.628,
                      "Actual Rows": 75626,
                      "Actual Loops": 3,
                      "Hash Buckets": 262144,
                      "Original Hash Buckets": 131072,
                      "Hash Batches": 1,
                      "Original Hash Batches": 1,
                      "Peak Memory Usage": 12000,
                      "Plans": [
                        {
                          "Node Type": "Hash Join",
                          "Parent Relationship": "Outer",
                          "Parallel Aware": true,
                          "Join Type": "Inner",
                          "Startup Cost": 52803.74,
                          "Total Cost": 78763.84,
                          "Plan Rows": 29694,
                          "Plan Width": 8,
                          "Actual Startup Time": 239.11,
                          "Actual Total Time": 335.942,
                          "Actual Rows": 75626,
                          "Actual Loops": 3,
                          "Inner Unique": true,
                          "Hash Cond": "(mk.movie_id = t.id)",
                          "Plans": [
                            {
                              "Node Type": "Bitmap Heap Scan",
                              "Parent Relationship": "Outer",
                              "Parallel Aware": true,
                              "Relation Name": "movie_keyword",
                              "Alias": "mk",
                              "Startup Cost": 6548.77,
                              "Total Cost": 32247.49,
                              "Plan Rows": 99577,
                              "Plan Width": 4,
                              "Actual Startup Time": 22.525,
                              "Actual Total Time": 80.37,
                              "Actual Rows": 108420,
                              "Actual Loops": 3,
                              "Recheck Cond": "(keyword_id < 263)",
                              "Rows Removed by Index Recheck": 0,
                              "Exact Heap Blocks": 10018,
                              "Lossy Heap Blocks": 0,
                              "Plans": [
                                {
                                  "Node Type": "Bitmap Index Scan",
                                  "Parent Relationship": "Outer",
                                  "Parallel Aware": false,
                                  "Index Name": "keyword_id_movie_keyword",
                                  "Startup Cost": 0.0,
                                  "Total Cost": 6471.6,
                                  "Plan Rows": 308689,
                                  "Plan Width": 0,
                                  "Actual Startup Time": 18.76,
                                  "Actual Total Time": 18.761,
                                  "Actual Rows": 325260,
                                  "Actual Loops": 1,
                                  "Index Cond": "(keyword_id < 263)"
                                }
                              ]
                            },
                            {
                              "Node Type": "Hash",
                              "Parent Relationship": "Inner",
                              "Parallel Aware": true,
                              "Startup Cost": 43898.92,
                              "Total Cost": 43898.92,
                              "Plan Rows": 188484,
                              "Plan Width": 4,
                              "Actual Startup Time": 211.625,
                              "Actual Total Time": 211.626,
                              "Actual Rows": 251226,
                              "Actual Loops": 3,
                              "Hash Buckets": 1048576,
                              "Original Hash Buckets": 1048576,
                              "Hash Batches": 1,
                              "Original Hash Batches": 1,
                              "Peak Memory Usage": 37728,
                              "Plans": [
                                {
                                  "Node Type": "Seq Scan",
                                  "Parent Relationship": "Outer",
                                  "Parallel Aware": true,
                                  "Relation Name": "title",
                                  "Alias": "t",
                                  "Startup Cost": 0.0,
                                  "Total Cost": 43898.92,
                                  "Plan Rows": 188484,
                                  "Plan Width": 4,
                                  "Actual Startup Time": 0.034,
                                  "Actual Total Time": 126.545,
                                  "Actual Rows": 251226,
                                  "Actual Loops": 3,
                                  "Filter": "(kind_id < 3)",
                                  "Rows Removed by Filter": 591545
                                }
                              ]
                            }
                          ]
                        }
                      ]
                    }
                  ]
                }
              ]
            }
          ]
        }
      ]
    },
    "Planning Time": 1.422,
    "Triggers": [],
    "Execution Time": 474.657
  }
]