[
  {
    "Plan": {
      "Node Type": "Aggregate",
      "Strategy": "Plain",
      "Partial Mode": "Finalize",
      "Parallel Aware": false,
      "Startup Cost": 96349.84,
      "Total Cost": 96349.85,
      "Plan Rows": 1,
      "Plan Width": 8,
      "Actual Startup Time": 459.971,
      "Actual Total Time": 477.195,
      "Actual Rows": 1,
      "Actual Loops": 1,
      "Plans": [
        {
          "Node Type": "Gather",
          "Parent Relationship": "Outer",
          "Parallel Aware": false,
          "Startup Cost": 96349.52,
          "Total Cost": 96349.83,
          "Plan Rows": 3,
          "Plan Width": 8,
          "Actual Startup Time": 455.763,
          "Actual Total Time": 477.184,
          "Actual Rows": 4,
          "Actual Loops": 1,
          "Workers Planned": 3,
          "Workers Launched": 3,
          "Single Copy": false,
          "Plans": [
            {
              "Node Type": "Aggregate",
              "Strategy": "Plain",
              "Partial Mode": "Partial",
              "Parent Relationship": "Outer",
              "Parallel Aware": false,
              "Startup Cost": 95349.52,
              "Total Cost": 95349.53,
              "Plan Rows": 1,
              "Plan Width": 8,
              "Actual Startup Time": 447.471,
              "Actual Total Time": 447.474,
              "Actual Rows": 1,
              "Actual Loops": 4,
              "Plans": [
                {
                  "Node Type": "Hash Join",
                  "Parent Relationship": "Outer",
                  "Parallel Aware": true,
                  "Join Type": "Inner",
                  "Startup Cost": 48124.15,
                  "Total Cost": 94254.64,
                  "Plan Rows": 437955,
                  "Plan Width": 0,
                  "Actual Startup Time": 203.385,
                  "Actual Total Time": 443.194,
                  "Actual Rows": 86576,
                  "Actual Loops": 4,
                  "Inner Unique": true,
                  "Hash Cond": "(mk.movie_id = t.id)",
                  "Plans": [
                    {
                      "Node Type": "Seq Scan",
                      "Parent Relationship": "Outer",
                      "Parallel Aware": true,
                      "Relation Name": "movie_keyword",
                      "Alias": "mk",
                      "Startup Cost": 0.0,
                      "Total Cost": 42695.65,
                      "Plan Rows": 1308504,
                      "Plan Width": 4,
                      "Actual Startup Time": 0.029,
                      "Actual Total Time": 128.539,
                      "Actual Rows": 1015178,
                      "Actual Loops": 4,
                      "Filter": "(keyword_id < 38375)",
                      "Rows Removed by Filter": 115804
                    },
                    {
                      "Node Type": "Hash",
                      "Parent Relationship": "Inner",
                      "Parallel Aware": true,
                      "Startup Cost": 45479.59,
                      "Total Cost": 45479.59,
                      "Plan Rows": 211565,
                      "Plan Width": 4,
                      "Actual Startup Time": 200.542,
                      "Actual Total Time": 200.543,
                      "Actual Rows": 230411,
                      "Actual Loops": 4,
                      "Hash Buckets": 1048576,
                      "Original Hash Buckets": 1048576,
                      "Hash Batches": 1,
                      "Original Hash Batches": 1,
                      "Peak Memory Usage": 44320,
                      "Plans": [
                        {
                          "Node Type": "Seq Scan",
                          "Parent Relationship": "Outer",
                          "Parallel Aware": true,
                          "Relation Name": "title",
                          "Alias": "t",
                          "Startup Cost": 0.0,
                          "Total Cost": 45479.59,
                          "Plan Rows": 211565,
                          "Plan Width": 4,
                          "Actual Startup Time": 0.044,
                          "Actual Total Time": 116.234,
                          "Actual Rows": 230411,
                          "Actual Loops": 4,
                          "Filter": "((production_year > 2000) AND (kind_id = 7))",
                          "Rows Removed by Filter": 401667
                        }
                      ]
                    }
                  ]
                }
              ]
            }
          ]
        }
      ]
    },
    "Planning Time": 0.247,
    "Triggers": [],
    "Execution Time": 477.239
  }
]