[
  {
    "Plan": {
      "Node Type": "Aggregate",
      "Strategy": "Plain",
      "Partial Mode": "Finalize",
      "Parallel Aware": false,
      "Startup Cost": 46672.35,
      "Total Cost": 46672.36,
      "Plan Rows": 1,
      "Plan Width": 8,
      "Actual Startup Time": 92.947,
      "Actual Total Time": 104.567,
      "Actual Rows": 1,
      "Actual Loops": 1,
      "Plans": [
        {
          "Node Type": "Gather",
          "Parent Relationship": "Outer",
          "Parallel Aware": false,
          "Startup Cost": 46671.93,
          "Total Cost": 46672.34,
          "Plan Rows": 4,
          "Plan Width": 8,
          "Actual Startup Time": 92.806,
          "Actual Total Time": 104.558,
          "Actual Rows": 5,
          "Actual Loops": 1,
          "Workers Planned": 4,
          "Workers Launched": 4,
          "Single Copy": false,
          "Plans": [
            {
              "Node Type": "Aggregate",
              "Strategy": "Plain",
              "Partial Mode": "Partial",
              "Parent Relationship": "Outer",
              "Parallel Aware": false,
              "Startup Cost": 45671.93,
              "Total Cost": 45671.94,
              "Plan Rows": 1,
              "Plan Width": 8,
              "Actual Startup Time": 86.013,
              "Actual Total Time": 86.014,
              "Actual Rows": 1,
              "Actual Loops": 5,
              "Plans": [
                {
                  "Node Type": "Seq Scan",
                  "Parent Relationship": "Outer",
                  "Parallel Aware": true,
                  "Relation Name": "title",
                  "Alias": "t",
                  "Startup Cost": 0.0,
                  "Total Cost": 45479.1,
                  "Plan Rows": 77133,
                  "Plan Width": 0,
                  "Actual Startup Time": 0.058,
                  "Actual Total Time": 83.422,
                  "Actual Rows": 50591,
                  "Actual Loops": 5,
                  "Filter": "((kind_id < 4) AND (production_year > 2006))",
                  "Rows Removed by Filter": 455072
                }
              ]
            }
          ]
        }
      ]
    },
    "Planning Time": 0.162,
    "Triggers": [],
    "Execution Time": 104.619
  }
]