[
    {
        "Bao": {
            "Bao prediction": "NaN",
            "Bao recommended hint": "(no hint)"
        }
    },
    {
        "Plan": {
            "Node Type": "Aggregate",
            "Strategy": "Plain",
            "Partial Mode": "Simple",
            "Parallel Aware": false,
            "Startup Cost": 713.5,
            "Total Cost": 713.51,
            "Plan Rows": 1,
            "Plan Width": 8,
            "Actual Startup Time": 1.086,
            "Actual Total Time": 1.087,
            "Actual Rows": 1,
            "Actual Loops": 1,
            "Output": [
                "count(*)"
            ],
            "Plans": [
                {
                    "Node Type": "Nested Loop",
                    "Parent Relationship": "Outer",
                    "Parallel Aware": false,
                    "Join Type": "Inner",
                    "Startup Cost": 0.86,
                    "Total Cost": 713.5,
                    "Plan Rows": 1,
                    "Plan Width": 0,
                    "Actual Startup Time": 0.999,
                    "Actual Total Time": 1.083,
                    "Actual Rows": 4,
                    "Actual Loops": 1,
                    "Inner Unique": true,
                    "Plans": [
                        {
                            "Node Type": "Index Scan",
                            "Parent Relationship": "Outer",
                            "Parallel Aware": false,
                            "Scan Direction": "Forward",
                            "Index Name": "company_id_movie_companies",
                            "Relation Name": "movie_companies",
                            "Schema": "public",
                            "Alias": "mc",
                            "Startup Cost": 0.43,
                            "Total Cost": 274.1,
                            "Plan Rows": 52,
                            "Plan Width": 4,
                            "Actual Startup Time": 0.054,
                            "Actual Total Time": 0.149,
                            "Actual Rows": 317,
                            "Actual Loops": 1,
                            "Output": [
                                "mc.id",
                                "mc.movie_id",
                                "mc.company_id",
                                "mc.company_type_id",
                                "mc.note"
                            ],
                            "Index Cond": "(mc.company_id = 77942)",
                            "Rows Removed by Index Recheck": 0,
                            "Filter": "(mc.company_type_id > 1)",
                            "Rows Removed by Filter": 0
                        },
                        {
                            "Node Type": "Index Scan",
                            "Parent Relationship": "Inner",
                            "Parallel Aware": false,
                            "Scan Direction": "Forward",
                            "Index Name": "title_pkey",
                            "Relation Name": "title",
                            "Schema": "public",
                            "Alias": "t",
                            "Startup Cost": 0.43,
                            "Total Cost": 8.45,
                            "Plan Rows": 1,
                            "Plan Width": 4,
                            "Actual Startup Time": 0.003,
                            "Actual Total Time": 0.003,
                            "Actual Rows": 0,
                            "Actual Loops": 317,
                            "Output": [
                                "t.id",
                                "t.title",
                                "t.imdb_index",
                                "t.kind_id",
                                "t.production_year",
                                "t.imdb_id",
                                "t.phonetic_code",
                                "t.episode_of_id",
                                "t.season_nr",
                                "t.episode_nr",
                                "t.series_years",
                                "t.md5sum"
                            ],
                            "Index Cond": "(t.id = mc.movie_id)",
                            "Rows Removed by Index Recheck": 0,
                            "Filter": "(t.production_year = 1991)",
                            "Rows Removed by Filter": 1
                        }
                    ]
                }
            ]
        },
        "Planning Time": 195.444,
        "Triggers": [],
        "Execution Time": 1.131
    }
]