[
  {
    "Plan": {
      "Node Type": "Aggregate",
      "Strategy": "Plain",
      "Partial Mode": "Finalize",
      "Parallel Aware": false,
      "Startup Cost": 353339.16,
      "Total Cost": 353339.17,
      "Plan Rows": 1,
      "Plan Width": 8,
      "Actual Startup Time": 838.585,
      "Actual Total Time": 884.291,
      "Actual Rows": 1,
      "Actual Loops": 1,
      "Plans": [
        {
          "Node Type": "Gather",
          "Parent Relationship": "Outer",
          "Parallel Aware": false,
          "Startup Cost": 353338.54,
          "Total Cost": 353339.15,
          "Plan Rows": 6,
          "Plan Width": 8,
          "Actual Startup Time": 838.435,
          "Actual Total Time": 884.278,
          "Actual Rows": 7,
          "Actual Loops": 1,
          "Workers Planned": 6,
          "Workers Launched": 6,
          "Single Copy": false,
          "Plans": [
            {
              "Node Type": "Aggregate",
              "Strategy": "Plain",
              "Partial Mode": "Partial",
              "Parent Relationship": "Outer",
              "Parallel Aware": false,
              "Startup Cost": 352338.54,
              "Total Cost": 352338.55,
              "Plan Rows": 1,
              "Plan Width": 8,
              "Actual Startup Time": 832.012,
              "Actual Total Time": 832.014,
              "Actual Rows": 1,
              "Actual Loops": 7,
              "Plans": [
                {
                  "Node Type": "Seq Scan",
                  "Parent Relationship": "Outer",
                  "Parallel Aware": true,
                  "Relation Name": "cast_info",
                  "Alias": "ci",
                  "Startup Cost": 0.0,
                  "Total Cost": 343316.27,
                  "Plan Rows": 3608907,
                  "Plan Width": 0,
                  "Actual Startup Time": 217.24,
                  "Actual Total Time": 684.134,
                  "Actual Rows": 3247089,
                  "Actual Loops": 7,
                  "Filter": "((person_id > 292955) AND (role_id > 1))",
                  "Rows Removed by Filter": 1930674
                }
              ]
            }
          ]
        }
      ]
    },
    "Planning Time": 0.233,
    "Triggers": [],
    "Execution Time": 884.362
  }
]