[
    {
        "Bao": {
            "Bao prediction": 442.643,
            "Bao recommended hint": "(no hint)"
        }
    },
    {
        "Plan": {
            "Node Type": "Aggregate",
            "Strategy": "Plain",
            "Partial Mode": "Finalize",
            "Parallel Aware": false,
            "Startup Cost": 32913.47,
            "Total Cost": 32913.48,
            "Plan Rows": 1,
            "Plan Width": 8,
            "Actual Startup Time": 123.752,
            "Actual Total Time": 130.728,
            "Actual Rows": 1,
            "Actual Loops": 1,
            "Output": [
                "count(*)"
            ],
            "Plans": [
                {
                    "Node Type": "Gather",
                    "Parent Relationship": "Outer",
                    "Parallel Aware": false,
                    "Startup Cost": 32913.15,
                    "Total Cost": 32913.46,
                    "Plan Rows": 3,
                    "Plan Width": 8,
                    "Actual Startup Time": 123.671,
                    "Actual Total Time": 130.72,
                    "Actual Rows": 4,
                    "Actual Loops": 1,
                    "Output": [
                        "(PARTIAL count(*))"
                    ],
                    "Workers Planned": 3,
                    "Workers Launched": 3,
                    "Single Copy": false,
                    "Plans": [
                        {
                            "Node Type": "Aggregate",
                            "Strategy": "Plain",
                            "Partial Mode": "Partial",
                            "Parent Relationship": "Outer",
                            "Parallel Aware": false,
                            "Startup Cost": 31913.15,
                            "Total Cost": 31913.16,
                            "Plan Rows": 1,
                            "Plan Width": 8,
                            "Actual Startup Time": 115.616,
                            "Actual Total Time": 115.617,
                            "Actual Rows": 1,
                            "Actual Loops": 4,
                            "Output": [
                                "PARTIAL count(*)"
                            ],
                            "Workers": [
                                {
                                    "Worker Number": 0,
                                    "Actual Startup Time": 113.06,
                                    "Actual Total Time": 113.061,
                                    "Actual Rows": 1,
                                    "Actual Loops": 1
                                },
                                {
                                    "Worker Number": 1,
                                    "Actual Startup Time": 113.177,
                                    "Actual Total Time": 113.178,
                                    "Actual Rows": 1,
                                    "Actual Loops": 1
                                },
                                {
                                    "Worker Number": 2,
                                    "Actual Startup Time": 113.209,
                                    "Actual Total Time": 113.21,
                                    "Actual Rows": 1,
                                    "Actual Loops": 1
                                }
                            ],
                            "Plans": [
                                {
                                    "Node Type": "Seq Scan",
                                    "Parent Relationship": "Outer",
                                    "Parallel Aware": true,
                                    "Relation Name": "movie_companies",
                                    "Schema": "public",
                                    "Alias": "mc",
                                    "Startup Cost": 0.0,
                                    "Total Cost": 31414.82,
                                    "Plan Rows": 199334,
                                    "Plan Width": 0,
                                    "Actual Startup Time": 52.273,
                                    "Actual Total Time": 101.231,
                                    "Actual Rows": 221607,
                                    "Actual Loops": 4,
                                    "Output": [
                                        "id",
                                        "movie_id",
                                        "company_id",
                                        "company_type_id",
                                        "note"
                                    ],
                                    "Filter": "((mc.company_id > 12044) AND (mc.company_type_id > 1))",
                                    "Rows Removed by Filter": 430676,
                                    "Workers": [
                                        {
                                            "Worker Number": 0,
                                            "Actual Startup Time": 49.715,
                                            "Actual Total Time": 99.071,
                                            "Actual Rows": 212120,
                                            "Actual Loops": 1
                                        },
                                        {
                                            "Worker Number": 1,
                                            "Actual Startup Time": 49.847,
                                            "Actual Total Time": 99.119,
                                            "Actual Rows": 213396,
                                            "Actual Loops": 1
                                        },
                                        {
                                            "Worker Number": 2,
                                            "Actual Startup Time": 49.856,
                                            "Actual Total Time": 99.246,
                                            "Actual Rows": 212989,
                                            "Actual Loops": 1
                                        }
                                    ]
                                }
                            ]
                        }
                    ]
                }
            ]
        },
        "Planning Time": 1113.512,
        "Triggers": [],
        "Execution Time": 130.813
    }
]