[
  {
    "Plan": {
      "Node Type": "Aggregate",
      "Strategy": "Plain",
      "Partial Mode": "Finalize",
      "Parallel Aware": false,
      "Startup Cost": 45266.46,
      "Total Cost": 45266.47,
      "Plan Rows": 1,
      "Plan Width": 8,
      "Actual Startup Time": 148.208,
      "Actual Total Time": 157.33,
      "Actual Rows": 1,
      "Actual Loops": 1,
      "Plans": [
        {
          "Node Type": "Gather",
          "Parent Relationship": "Outer",
          "Parallel Aware": false,
          "Startup Cost": 45266.14,
          "Total Cost": 45266.45,
          "Plan Rows": 3,
          "Plan Width": 8,
          "Actual Startup Time": 148.082,
          "Actual Total Time": 157.319,
          "Actual Rows": 4,
          "Actual Loops": 1,
          "Workers Planned": 3,
          "Workers Launched": 3,
          "Single Copy": false,
          "Plans": [
            {
              "Node Type": "Aggregate",
              "Strategy": "Plain",
              "Partial Mode": "Partial",
              "Parent Relationship": "Outer",
              "Parallel Aware": false,
              "Startup Cost": 44266.14,
              "Total Cost": 44266.15,
              "Plan Rows": 1,
              "Plan Width": 8,
              "Actual Startup Time": 141.162,
              "Actual Total Time": 141.163,
              "Actual Rows": 1,
              "Actual Loops": 4,
              "Plans": [
                {
                  "Node Type": "Seq Scan",
                  "Parent Relationship": "Outer",
                  "Parallel Aware": true,
                  "Relation Name": "movie_keyword",
                  "Alias": "mk",
                  "Startup Cost": 0.0,
                  "Total Cost": 42695.65,
                  "Plan Rows": 628194,
                  "Plan Width": 0,
                  "Actual Startup Time": 0.484,
                  "Actual Total Time": 116.57,
                  "Actual Rows": 484432,
                  "Actual Loops": 4,
                  "Filter": "(keyword_id > 6826)",
                  "Rows Removed by Filter": 646550
                }
              ]
            }
          ]
        }
      ]
    },
    "Planning Time": 0.102,
    "Triggers": [],
    "Execution Time": 157.361
  }
]