[
  {
    "Plan": {
      "Node Type": "Aggregate",
      "Strategy": "Plain",
      "Partial Mode": "Finalize",
      "Parallel Aware": false,
      "Startup Cost": 30671.34,
      "Total Cost": 30671.35,
      "Plan Rows": 1,
      "Plan Width": 8,
      "Actual Startup Time": 88.862,
      "Actual Total Time": 97.032,
      "Actual Rows": 1,
      "Actual Loops": 1,
      "Plans": [
        {
          "Node Type": "Gather",
          "Parent Relationship": "Outer",
          "Parallel Aware": false,
          "Startup Cost": 30671.02,
          "Total Cost": 30671.33,
          "Plan Rows": 3,
          "Plan Width": 8,
          "Actual Startup Time": 88.726,
          "Actual Total Time": 97.024,
          "Actual Rows": 4,
          "Actual Loops": 1,
          "Workers Planned": 3,
          "Workers Launched": 3,
          "Single Copy": false,
          "Plans": [
            {
              "Node Type": "Aggregate",
              "Strategy": "Plain",
              "Partial Mode": "Partial",
              "Parent Relationship": "Outer",
              "Parallel Aware": false,
              "Startup Cost": 29671.02,
              "Total Cost": 29671.03,
              "Plan Rows": 1,
              "Plan Width": 8,
              "Actual Startup Time": 83.054,
              "Actual Total Time": 83.055,
              "Actual Rows": 1,
              "Actual Loops": 4,
              "Plans": [
                {
                  "Node Type": "Seq Scan",
                  "Parent Relationship": "Outer",
                  "Parallel Aware": true,
                  "Relation Name": "movie_companies",
                  "Alias": "mc",
                  "Startup Cost": 0.0,
                  "Total Cost": 29310.68,
                  "Plan Rows": 144135,
                  "Plan Width": 0,
                  "Actual Startup Time": 45.745,
                  "Actual Total Time": 77.286,
                  "Actual Rows": 111177,
                  "Actual Loops": 4,
                  "Filter": "(company_id > 77758)",
                  "Rows Removed by Filter": 541105
                }
              ]
            }
          ]
        }
      ]
    },
    "Planning Time": 0.191,
    "Triggers": [],
    "Execution Time": 97.101
  }
]