[
  {
    "Plan": {
      "Node Type": "Aggregate",
      "Strategy": "Plain",
      "Partial Mode": "Finalize",
      "Parallel Aware": false,
      "Startup Cost": 59666.86,
      "Total Cost": 59666.87,
      "Plan Rows": 1,
      "Plan Width": 8,
      "Actual Startup Time": 103.581,
      "Actual Total Time": 116.808,
      "Actual Rows": 1,
      "Actual Loops": 1,
      "Plans": [
        {
          "Node Type": "Gather",
          "Parent Relationship": "Outer",
          "Parallel Aware": false,
          "Startup Cost": 59666.44,
          "Total Cost": 59666.85,
          "Plan Rows": 4,
          "Plan Width": 8,
          "Actual Startup Time": 103.474,
          "Actual Total Time": 116.799,
          "Actual Rows": 5,
          "Actual Loops": 1,
          "Workers Planned": 4,
          "Workers Launched": 4,
          "Single Copy": false,
          "Plans": [
            {
              "Node Type": "Aggregate",
              "Strategy": "Plain",
              "Partial Mode": "Partial",
              "Parent Relationship": "Outer",
              "Parallel Aware": false,
              "Startup Cost": 58666.44,
              "Total Cost": 58666.45,
              "Plan Rows": 1,
              "Plan Width": 8,
              "Actual Startup Time": 94.9,
              "Actual Total Time": 94.901,
              "Actual Rows": 1,
              "Actual Loops": 5,
              "Plans": [
                {
                  "Node Type": "Nested Loop",
                  "Parent Relationship": "Outer",
                  "Parallel Aware": false,
                  "Join Type": "Inner",
                  "Startup Cost": 0.43,
                  "Total Cost": 58659.72,
                  "Plan Rows": 2688,
                  "Plan Width": 0,
                  "Actual Startup Time": 55.315,
                  "Actual Total Time": 94.558,
                  "Actual Rows": 6326,
                  "Actual Loops": 5,
                  "Inner Unique": false,
                  "Plans": [
                    {
                      "Node Type": "Seq Scan",
                      "Parent Relationship": "Outer",
                      "Parallel Aware": true,
                      "Relation Name": "title",
                      "Alias": "t",
                      "Startup Cost": 0.0,
                      "Total Cost": 45479.59,
                      "Plan Rows": 1502,
                      "Plan Width": 4,
                      "Actual Startup Time": 53.958,
                      "Actual Total Time": 81.715,
                      "Actual Rows": 1038,
                      "Actual Loops": 5,
                      "Filter": "((kind_id = 1) AND (production_year = 1992))",
                      "Rows Removed by Filter": 504624
                    },
                    {
                      "Node Type": "Index Only Scan",
                      "Parent Relationship": "Inner",
                      "Parallel Aware": false,
                      "Scan Direction": "Forward",
                      "Index Name": "movie_id_movie_keyword",
                      "Relation Name": "movie_keyword",
                      "Alias": "mk",
                      "Startup Cost": 0.43,
                      "Total Cost": 8.32,
                      "Plan Rows": 46,
                      "Plan Width": 4,
                      "Actual Startup Time": 0.01,
                      "Actual Total Time": 0.011,
                      "Actual Rows": 6,
                      "Actual Loops": 5190,
                      "Index Cond": "(movie_id = t.id)",
                      "Rows Removed by Index Recheck": 0,
                      "Heap Fetches": 31630
                    }
                  ]
                }
              ]
            }
          ]
        }
      ]
    },
    "Planning Time": 0.294,
    "Triggers": [],
    "Execution Time": 116.856
  }
]