[
  {
    "Plan": {
      "Node Type": "Aggregate",
      "Strategy": "Plain",
      "Partial Mode": "Finalize",
      "Parallel Aware": false,
      "Startup Cost": 61707.25,
      "Total Cost": 61707.26,
      "Plan Rows": 1,
      "Plan Width": 8,
      "Actual Startup Time": 122.316,
      "Actual Total Time": 140.323,
      "Actual Rows": 1,
      "Actual Loops": 1,
      "Plans": [
        {
          "Node Type": "Gather",
          "Parent Relationship": "Outer",
          "Parallel Aware": false,
          "Startup Cost": 61706.83,
          "Total Cost": 61707.24,
          "Plan Rows": 4,
          "Plan Width": 8,
          "Actual Startup Time": 122.186,
          "Actual Total Time": 140.316,
          "Actual Rows": 5,
          "Actual Loops": 1,
          "Workers Planned": 4,
          "Workers Launched": 4,
          "Single Copy": false,
          "Plans": [
            {
              "Node Type": "Aggregate",
              "Strategy": "Plain",
              "Partial Mode": "Partial",
              "Parent Relationship": "Outer",
              "Parallel Aware": false,
              "Startup Cost": 60706.83,
              "Total Cost": 60706.84,
              "Plan Rows": 1,
              "Plan Width": 8,
              "Actual Startup Time": 112.372,
              "Actual Total Time": 112.373,
              "Actual Rows": 1,
              "Actual Loops": 5,
              "Plans": [
                {
                  "Node Type": "Nested Loop",
                  "Parent Relationship": "Outer",
                  "Parallel Aware": false,
                  "Join Type": "Inner",
                  "Startup Cost": 0.43,
                  "Total Cost": 60698.91,
                  "Plan Rows": 3165,
                  "Plan Width": 0,
                  "Actual Startup Time": 65.386,
                  "Actual Total Time": 111.947,
                  "Actual Rows": 6326,
                  "Actual Loops": 5,
                  "Inner Unique": false,
                  "Plans": [
                    {
                      "Node Type": "Seq Scan",
                      "Parent Relationship": "Outer",
                      "Parallel Aware": true,
                      "Relation Name": "title",
                      "Alias": "t",
                      "Startup Cost": 0.0,
                      "Total Cost": 45479.1,
                      "Plan Rows": 1769,
                      "Plan Width": 4,
                      "Actual Startup Time": 63.802,
                      "Actual Total Time": 97.24,
                      "Actual Rows": 1038,
                      "Actual Loops": 5,
                      "Filter": "((kind_id = 1) AND (production_year = 1992))",
                      "Rows Removed by Filter": 504624
                    },
                    {
                      "Node Type": "Index Only Scan",
                      "Parent Relationship": "Inner",
                      "Parallel Aware": false,
                      "Scan Direction": "Forward",
                      "Index Name": "movie_id_movie_keyword",
                      "Relation Name": "movie_keyword",
                      "Alias": "mk",
                      "Startup Cost": 0.43,
                      "Total Cost": 8.15,
                      "Plan Rows": 45,
                      "Plan Width": 4,
                      "Actual Startup Time": 0.012,
                      "Actual Total Time": 0.013,
                      "Actual Rows": 6,
                      "Actual Loops": 5190,
                      "Index Cond": "(movie_id = t.id)",
                      "Rows Removed by Index Recheck": 0,
                      "Heap Fetches": 31630
                    }
                  ]
                }
              ]
            }
          ]
        }
      ]
    },
    "Planning Time": 0.501,
    "Triggers": [],
    "Execution Time": 140.383
  }
]