{
  "Plan": {
    "Node Type": "Aggregate",
    "Strategy": "Plain",
    "Partial Mode": "Finalize",
    "Parallel Aware": false,
    "Startup Cost": 424562.47,
    "Total Cost": 424562.48,
    "Plan Rows": 1,
    "Plan Width": 8,
    "Actual Startup Time": 1231.737,
    "Actual Total Time": 1254.181,
    "Actual Rows": 1,
    "Actual Loops": 1,
    "Plans": [
      {
        "Node Type": "Gather",
        "Parent Relationship": "Outer",
        "Parallel Aware": false,
        "Startup Cost": 424562.36,
        "Total Cost": 424562.47,
        "Plan Rows": 1,
        "Plan Width": 8,
        "Actual Startup Time": 1224.434,
        "Actual Total Time": 1254.171,
        "Actual Rows": 2,
        "Actual Loops": 1,
        "Workers Planned": 1,
        "Workers Launched": 1,
        "Single Copy": false,
        "Plans": [
          {
            "Node Type": "Aggregate",
            "Strategy": "Plain",
            "Partial Mode": "Partial",
            "Parent Relationship": "Outer",
            "Parallel Aware": false,
            "Startup Cost": 423562.36,
            "Total Cost": 423562.37,
            "Plan Rows": 1,
            "Plan Width": 8,
            "Actual Startup Time": 1212.249,
            "Actual Total Time": 1212.254,
            "Actual Rows": 1,
            "Actual Loops": 2,
            "Plans": [
              {
                "Node Type": "Hash Join",
                "Parent Relationship": "Outer",
                "Parallel Aware": true,
                "Join Type": "Inner",
                "Startup Cost": 137484.19,
                "Total Cost": 420581.4,
                "Plan Rows": 1192386,
                "Plan Width": 0,
                "Actual Startup Time": 868.998,
                "Actual Total Time": 1189.758,
                "Actual Rows": 443640,
                "Actual Loops": 2,
                "Inner Unique": true,
                "Hash Cond": "(ci.movie_id = t.id)",
                "Plans": [
                  {
                    "Node Type": "Bitmap Heap Scan",
                    "Parent Relationship": "Outer",
                    "Parallel Aware": true,
                    "Relation Name": "cast_info",
                    "Alias": "ci",
                    "Startup Cost": 68023.49,
                    "Total Cost": 347990.68,
                    "Plan Rows": 1192386,
                    "Plan Width": 4,
                    "Actual Startup Time": 239.566,
                    "Actual Total Time": 336.112,
                    "Actual Rows": 443640,
                    "Actual Loops": 2,
                    "Recheck Cond": "(person_id < 306106)",
                    "Rows Removed by Index Recheck": 0,
                    "Filter": "(role_id > 1)",
                    "Rows Removed by Filter": 1136550,
                    "Exact Heap Blocks": 21559,
                    "Lossy Heap Blocks": 0,
                    "Plans": [
                      {
                        "Node Type": "Bitmap Index Scan",
                        "Parent Relationship": "Outer",
                        "Parallel Aware": false,
                        "Index Name": "person_id_cast_info",
                        "Startup Cost": 0.0,
                        "Total Cost": 67516.73,
                        "Plan Rows": 3091755,
                        "Plan Width": 0,
                        "Actual Startup Time": 101.926,
                        "Actual Total Time": 101.926,
                        "Actual Rows": 3160380,
                        "Actual Loops": 1,
                        "Index Cond": "(person_id < 306106)"
                      }
                    ]
                  },
                  {
                    "Node Type": "Hash",
                    "Parent Relationship": "Inner",
                    "Parallel Aware": true,
                    "Startup Cost": 50870.31,
                    "Total Cost": 50870.31,
                    "Plan Rows": 1487231,
                    "Plan Width": 4,
                    "Actual Startup Time": 607.207,
                    "Actual Total Time": 607.208,
                    "Actual Rows": 1264156,
                    "Actual Loops": 2,
                    "Hash Buckets": 4194304,
                    "Original Hash Buckets": 4194304,
                    "Hash Batches": 1,
                    "Original Hash Batches": 1,
                    "Peak Memory Usage": 131712,
                    "Plans": [
                      {
                        "Node Type": "Seq Scan",
                        "Parent Relationship": "Outer",
                        "Parallel Aware": true,
                        "Relation Name": "title",
                        "Alias": "t",
                        "Startup Cost": 0.0,
                        "Total Cost": 50870.31,
                        "Plan Rows": 1487231,
                        "Plan Width": 4,
                        "Actual Startup Time": 0.047,
                        "Actual Total Time": 181.345,
                        "Actual Rows": 1264156,
                        "Actual Loops": 2
                      }
                    ]
                  }
                ]
              }
            ]
          }
        ]
      }
    ]
  },
  "Planning Time": 0.685,
  "Triggers": [],
  "Execution Time": 1254.275
}