[
    {
        "Bao": {
            "Bao prediction": "NaN",
            "Bao recommended hint": "(no hint)"
        }
    },
    {
        "Plan": {
            "Node Type": "Aggregate",
            "Strategy": "Plain",
            "Partial Mode": "Finalize",
            "Parallel Aware": false,
            "Startup Cost": 24180.17,
            "Total Cost": 24180.18,
            "Plan Rows": 1,
            "Plan Width": 8,
            "Actual Startup Time": 58.612,
            "Actual Total Time": 62.07,
            "Actual Rows": 1,
            "Actual Loops": 1,
            "Output": [
                "count(*)"
            ],
            "Plans": [
                {
                    "Node Type": "Gather",
                    "Parent Relationship": "Outer",
                    "Parallel Aware": false,
                    "Startup Cost": 24179.85,
                    "Total Cost": 24180.16,
                    "Plan Rows": 3,
                    "Plan Width": 8,
                    "Actual Startup Time": 58.466,
                    "Actual Total Time": 62.063,
                    "Actual Rows": 4,
                    "Actual Loops": 1,
                    "Output": [
                        "(PARTIAL count(*))"
                    ],
                    "Workers Planned": 3,
                    "Workers Launched": 3,
                    "Single Copy": false,
                    "Plans": [
                        {
                            "Node Type": "Aggregate",
                            "Strategy": "Plain",
                            "Partial Mode": "Partial",
                            "Parent Relationship": "Outer",
                            "Parallel Aware": false,
                            "Startup Cost": 23179.85,
                            "Total Cost": 23179.86,
                            "Plan Rows": 1,
                            "Plan Width": 8,
                            "Actual Startup Time": 49.361,
                            "Actual Total Time": 49.363,
                            "Actual Rows": 1,
                            "Actual Loops": 4,
                            "Output": [
                                "PARTIAL count(*)"
                            ],
                            "Workers": [
                                {
                                    "Worker Number": 0,
                                    "Actual Startup Time": 46.161,
                                    "Actual Total Time": 46.162,
                                    "Actual Rows": 1,
                                    "Actual Loops": 1
                                },
                                {
                                    "Worker Number": 1,
                                    "Actual Startup Time": 46.504,
                                    "Actual Total Time": 46.506,
                                    "Actual Rows": 1,
                                    "Actual Loops": 1
                                },
                                {
                                    "Worker Number": 2,
                                    "Actual Startup Time": 46.94,
                                    "Actual Total Time": 46.942,
                                    "Actual Rows": 1,
                                    "Actual Loops": 1
                                }
                            ],
                            "Plans": [
                                {
                                    "Node Type": "Bitmap Heap Scan",
                                    "Parent Relationship": "Outer",
                                    "Parallel Aware": true,
                                    "Relation Name": "movie_companies",
                                    "Schema": "public",
                                    "Alias": "mc",
                                    "Startup Cost": 3529.88,
                                    "Total Cost": 23112.5,
                                    "Plan Rows": 26940,
                                    "Plan Width": 0,
                                    "Actual Startup Time": 17.236,
                                    "Actual Total Time": 45.691,
                                    "Actual Rows": 41587,
                                    "Actual Loops": 4,
                                    "Recheck Cond": "(mc.company_id > 125287)",
                                    "Rows Removed by Index Recheck": 0,
                                    "Filter": "(mc.company_type_id > 1)",
                                    "Rows Removed by Filter": 0,
                                    "Exact Heap Blocks": 2372,
                                    "Lossy Heap Blocks": 0,
                                    "Workers": [
                                        {
                                            "Worker Number": 0,
                                            "Actual Startup Time": 14.139,
                                            "Actual Total Time": 42.89,
                                            "Actual Rows": 23938,
                                            "Actual Loops": 1
                                        },
                                        {
                                            "Worker Number": 1,
                                            "Actual Startup Time": 14.362,
                                            "Actual Total Time": 43.421,
                                            "Actual Rows": 22155,
                                            "Actual Loops": 1
                                        },
                                        {
                                            "Worker Number": 2,
                                            "Actual Startup Time": 14.934,
                                            "Actual Total Time": 43.717,
                                            "Actual Rows": 23942,
                                            "Actual Loops": 1
                                        }
                                    ],
                                    "Plans": [
                                        {
                                            "Node Type": "Bitmap Index Scan",
                                            "Parent Relationship": "Outer",
                                            "Parallel Aware": false,
                                            "Index Name": "company_id_movie_companies",
                                            "Startup Cost": 0.0,
                                            "Total Cost": 3509.0,
                                            "Plan Rows": 163809,
                                            "Plan Width": 0,
                                            "Actual Startup Time": 23.828,
                                            "Actual Total Time": 23.828,
                                            "Actual Rows": 166349,
                                            "Actual Loops": 1,
                                            "Index Cond": "(mc.company_id > 125287)"
                                        }
                                    ]
                                }
                            ]
                        }
                    ]
                }
            ]
        },
        "Planning Time": 175.26,
        "Triggers": [],
        "Execution Time": 62.168
    }
]