[
  {
    "Plan": {
      "Node Type": "Aggregate",
      "Strategy": "Plain",
      "Partial Mode": "Simple",
      "Parallel Aware": false,
      "Startup Cost": 12780.09,
      "Total Cost": 12780.1,
      "Plan Rows": 1,
      "Plan Width": 8,
      "Actual Startup Time": 6.99,
      "Actual Total Time": 6.992,
      "Actual Rows": 1,
      "Actual Loops": 1,
      "Plans": [
        {
          "Node Type": "Bitmap Heap Scan",
          "Parent Relationship": "Outer",
          "Parallel Aware": false,
          "Relation Name": "movie_companies",
          "Alias": "mc",
          "Startup Cost": 130.18,
          "Total Cost": 12772.71,
          "Plan Rows": 2954,
          "Plan Width": 0,
          "Actual Startup Time": 1.246,
          "Actual Total Time": 5.903,
          "Actual Rows": 6150,
          "Actual Loops": 1,
          "Recheck Cond": "(company_id = 145)",
          "Rows Removed by Index Recheck": 0,
          "Filter": "(company_type_id = 1)",
          "Rows Removed by Filter": 55,
          "Exact Heap Blocks": 713,
          "Lossy Heap Blocks": 0,
          "Plans": [
            {
              "Node Type": "Bitmap Index Scan",
              "Parent Relationship": "Outer",
              "Parallel Aware": false,
              "Index Name": "company_id_movie_companies",
              "Startup Cost": 0.0,
              "Total Cost": 129.44,
              "Plan Rows": 6001,
              "Plan Width": 0,
              "Actual Startup Time": 0.979,
              "Actual Total Time": 0.98,
              "Actual Rows": 6205,
              "Actual Loops": 1,
              "Index Cond": "(company_id = 145)"
            }
          ]
        }
      ]
    },
    "Planning Time": 0.207,
    "Triggers": [],
    "Execution Time": 7.061
  }
]