[
  {
    "Plan": {
      "Node Type": "Aggregate",
      "Strategy": "Plain",
      "Partial Mode": "Finalize",
      "Parallel Aware": false,
      "Startup Cost": 39865.68,
      "Total Cost": 39865.69,
      "Plan Rows": 1,
      "Plan Width": 8,
      "Actual Startup Time": 140.572,
      "Actual Total Time": 145.672,
      "Actual Rows": 1,
      "Actual Loops": 1,
      "Plans": [
        {
          "Node Type": "Gather",
          "Parent Relationship": "Outer",
          "Parallel Aware": false,
          "Startup Cost": 39865.36,
          "Total Cost": 39865.67,
          "Plan Rows": 3,
          "Plan Width": 8,
          "Actual Startup Time": 140.349,
          "Actual Total Time": 145.657,
          "Actual Rows": 4,
          "Actual Loops": 1,
          "Workers Planned": 3,
          "Workers Launched": 3,
          "Single Copy": false,
          "Plans": [
            {
              "Node Type": "Aggregate",
              "Strategy": "Plain",
              "Partial Mode": "Partial",
              "Parent Relationship": "Outer",
              "Parallel Aware": false,
              "Startup Cost": 38865.36,
              "Total Cost": 38865.37,
              "Plan Rows": 1,
              "Plan Width": 8,
              "Actual Startup Time": 136.309,
              "Actual Total Time": 136.311,
              "Actual Rows": 1,
              "Actual Loops": 4,
              "Plans": [
                {
                  "Node Type": "Bitmap Heap Scan",
                  "Parent Relationship": "Outer",
                  "Parallel Aware": true,
                  "Relation Name": "movie_keyword",
                  "Alias": "mk",
                  "Startup Cost": 11735.03,
                  "Total Cost": 38419.31,
                  "Plan Rows": 178422,
                  "Plan Width": 0,
                  "Actual Startup Time": 55.96,
                  "Actual Total Time": 128.513,
                  "Actual Rows": 138381,
                  "Actual Loops": 4,
                  "Recheck Cond": "(keyword_id > 33304)",
                  "Rows Removed by Index Recheck": 0,
                  "Exact Heap Blocks": 9018,
                  "Lossy Heap Blocks": 0,
                  "Plans": [
                    {
                      "Node Type": "Bitmap Index Scan",
                      "Parent Relationship": "Outer",
                      "Parallel Aware": false,
                      "Index Name": "keyword_id_movie_keyword",
                      "Startup Cost": 0.0,
                      "Total Cost": 11596.75,
                      "Plan Rows": 553109,
                      "Plan Width": 0,
                      "Actual Startup Time": 55.383,
                      "Actual Total Time": 55.384,
                      "Actual Rows": 553524,
                      "Actual Loops": 1,
                      "Index Cond": "(keyword_id > 33304)"
                    }
                  ]
                }
              ]
            }
          ]
        }
      ]
    },
    "Planning Time": 0.221,
    "Triggers": [],
    "Execution Time": 145.765
  }
]