[
  {
    "Plan": {
      "Node Type": "Aggregate",
      "Strategy": "Plain",
      "Partial Mode": "Finalize",
      "Parallel Aware": false,
      "Startup Cost": 405427.17,
      "Total Cost": 405427.18,
      "Plan Rows": 1,
      "Plan Width": 8,
      "Actual Startup Time": 3211.275,
      "Actual Total Time": 3258.072,
      "Actual Rows": 1,
      "Actual Loops": 1,
      "Plans": [
        {
          "Node Type": "Gather",
          "Parent Relationship": "Outer",
          "Parallel Aware": false,
          "Startup Cost": 405426.54,
          "Total Cost": 405427.15,
          "Plan Rows": 6,
          "Plan Width": 8,
          "Actual Startup Time": 3195.856,
          "Actual Total Time": 3258.062,
          "Actual Rows": 7,
          "Actual Loops": 1,
          "Workers Planned": 6,
          "Workers Launched": 6,
          "Single Copy": false,
          "Plans": [
            {
              "Node Type": "Aggregate",
              "Strategy": "Plain",
              "Partial Mode": "Partial",
              "Parent Relationship": "Outer",
              "Parallel Aware": false,
              "Startup Cost": 404426.54,
              "Total Cost": 404426.55,
              "Plan Rows": 1,
              "Plan Width": 8,
              "Actual Startup Time": 3180.489,
              "Actual Total Time": 3180.491,
              "Actual Rows": 1,
              "Actual Loops": 7,
              "Plans": [
                {
                  "Node Type": "Hash Join",
                  "Parent Relationship": "Outer",
                  "Parallel Aware": true,
                  "Join Type": "Inner",
                  "Startup Cost": 49909.5,
                  "Total Cost": 393375.57,
                  "Plan Rows": 4420390,
                  "Plan Width": 0,
                  "Actual Startup Time": 258.336,
                  "Actual Total Time": 2989.266,
                  "Actual Rows": 3786472,
                  "Actual Loops": 7,
                  "Inner Unique": true,
                  "Hash Cond": "(ci.movie_id = t.id)",
                  "Plans": [
                    {
                      "Node Type": "Seq Scan",
                      "Parent Relationship": "Outer",
                      "Parallel Aware": true,
                      "Relation Name": "cast_info",
                      "Alias": "ci",
                      "Startup Cost": 0.0,
                      "Total Cost": 328211.39,
                      "Plan Rows": 5811298,
                      "Plan Width": 4,
                      "Actual Startup Time": 17.823,
                      "Actual Total Time": 732.126,
                      "Actual Rows": 4974676,
                      "Actual Loops": 7,
                      "Filter": "(person_id > 142718)",
                      "Rows Removed by Filter": 203087
                    },
                    {
                      "Node Type": "Hash",
                      "Parent Relationship": "Inner",
                      "Parallel Aware": true,
                      "Startup Cost": 43899.32,
                      "Total Cost": 43899.32,
                      "Plan Rows": 480814,
                      "Plan Width": 4,
                      "Actual Startup Time": 235.754,
                      "Actual Total Time": 235.755,
                      "Actual Rows": 274693,
                      "Actual Loops": 7,
                      "Hash Buckets": 2097152,
                      "Original Hash Buckets": 2097152,
                      "Hash Batches": 1,
                      "Original Hash Batches": 1,
                      "Peak Memory Usage": 91808,
                      "Plans": [
                        {
                          "Node Type": "Seq Scan",
                          "Parent Relationship": "Outer",
                          "Parallel Aware": true,
                          "Relation Name": "title",
                          "Alias": "t",
                          "Startup Cost": 0.0,
                          "Total Cost": 43899.32,
                          "Plan Rows": 480814,
                          "Plan Width": 4,
                          "Actual Startup Time": 0.058,
                          "Actual Total Time": 92.446,
                          "Actual Rows": 274693,
                          "Actual Loops": 7,
                          "Filter": "(production_year < 2010)",
                          "Rows Removed by Filter": 86495
                        }
                      ]
                    }
                  ]
                }
              ]
            }
          ]
        }
      ]
    },
    "Planning Time": 0.391,
    "Triggers": [],
    "Execution Time": 3258.139
  }
]