[
  {
    "Plan": {
      "Node Type": "Aggregate",
      "Strategy": "Plain",
      "Partial Mode": "Finalize",
      "Parallel Aware": false,
      "Startup Cost": 92792.41,
      "Total Cost": 92792.42,
      "Plan Rows": 1,
      "Plan Width": 8,
      "Actual Startup Time": 288.091,
      "Actual Total Time": 306.336,
      "Actual Rows": 1,
      "Actual Loops": 1,
      "Plans": [
        {
          "Node Type": "Gather",
          "Parent Relationship": "Outer",
          "Parallel Aware": false,
          "Startup Cost": 92792.09,
          "Total Cost": 92792.4,
          "Plan Rows": 3,
          "Plan Width": 8,
          "Actual Startup Time": 287.077,
          "Actual Total Time": 306.327,
          "Actual Rows": 4,
          "Actual Loops": 1,
          "Workers Planned": 3,
          "Workers Launched": 3,
          "Single Copy": false,
          "Plans": [
            {
              "Node Type": "Aggregate",
              "Strategy": "Plain",
              "Partial Mode": "Partial",
              "Parent Relationship": "Outer",
              "Parallel Aware": false,
              "Startup Cost": 91792.09,
              "Total Cost": 91792.1,
              "Plan Rows": 1,
              "Plan Width": 8,
              "Actual Startup Time": 281.428,
              "Actual Total Time": 281.433,
              "Actual Rows": 1,
              "Actual Loops": 4,
              "Plans": [
                {
                  "Node Type": "Hash Join",
                  "Parent Relationship": "Outer",
                  "Parallel Aware": true,
                  "Join Type": "Inner",
                  "Startup Cost": 45919.42,
                  "Total Cost": 91631.96,
                  "Plan Rows": 64051,
                  "Plan Width": 0,
                  "Actual Startup Time": 109.343,
                  "Actual Total Time": 281.092,
                  "Actual Rows": 7658,
                  "Actual Loops": 4,
                  "Inner Unique": true,
                  "Hash Cond": "(mk.movie_id = t.id)",
                  "Plans": [
                    {
                      "Node Type": "Seq Scan",
                      "Parent Relationship": "Outer",
                      "Parallel Aware": true,
                      "Relation Name": "movie_keyword",
                      "Alias": "mk",
                      "Startup Cost": 0.0,
                      "Total Cost": 42695.65,
                      "Plan Rows": 1149289,
                      "Plan Width": 4,
                      "Actual Startup Time": 0.027,
                      "Actual Total Time": 108.385,
                      "Actual Rows": 891159,
                      "Actual Loops": 4,
                      "Filter": "(keyword_id < 19805)",
                      "Rows Removed by Filter": 239824
                    },
                    {
                      "Node Type": "Hash",
                      "Parent Relationship": "Inner",
                      "Parallel Aware": true,
                      "Startup Cost": 45479.1,
                      "Total Cost": 45479.1,
                      "Plan Rows": 35226,
                      "Plan Width": 4,
                      "Actual Startup Time": 107.069,
                      "Actual Total Time": 107.072,
                      "Actual Rows": 37797,
                      "Actual Loops": 4,
                      "Hash Buckets": 262144,
                      "Original Hash Buckets": 262144,
                      "Hash Batches": 1,
                      "Original Hash Batches": 1,
                      "Peak Memory Usage": 8000,
                      "Plans": [
                        {
                          "Node Type": "Seq Scan",
                          "Parent Relationship": "Outer",
                          "Parallel Aware": true,
                          "Relation Name": "title",
                          "Alias": "t",
                          "Startup Cost": 0.0,
                          "Total Cost": 45479.1,
                          "Plan Rows": 35226,
                          "Plan Width": 4,
                          "Actual Startup Time": 0.024,
                          "Actual Total Time": 93.038,
                          "Actual Rows": 37797,
                          "Actual Loops": 4,
                          "Filter": "((kind_id > 4) AND (production_year > 2011))",
                          "Rows Removed by Filter": 594281
                        }
                      ]
                    }
                  ]
                }
              ]
            }
          ]
        }
      ]
    },
    "Planning Time": 0.502,
    "Triggers": [],
    "Execution Time": 306.394
  }
]