[
  {
    "Plan": {
      "Node Type": "Aggregate",
      "Strategy": "Plain",
      "Partial Mode": "Finalize",
      "Parallel Aware": false,
      "Startup Cost": 76153.2,
      "Total Cost": 76153.21,
      "Plan Rows": 1,
      "Plan Width": 8,
      "Actual Startup Time": 251.623,
      "Actual Total Time": 267.117,
      "Actual Rows": 1,
      "Actual Loops": 1,
      "Plans": [
        {
          "Node Type": "Gather",
          "Parent Relationship": "Outer",
          "Parallel Aware": false,
          "Startup Cost": 76152.88,
          "Total Cost": 76153.19,
          "Plan Rows": 3,
          "Plan Width": 8,
          "Actual Startup Time": 250.745,
          "Actual Total Time": 267.109,
          "Actual Rows": 4,
          "Actual Loops": 1,
          "Workers Planned": 3,
          "Workers Launched": 3,
          "Single Copy": false,
          "Plans": [
            {
              "Node Type": "Aggregate",
              "Strategy": "Plain",
              "Partial Mode": "Partial",
              "Parent Relationship": "Outer",
              "Parallel Aware": false,
              "Startup Cost": 75152.88,
              "Total Cost": 75152.89,
              "Plan Rows": 1,
              "Plan Width": 8,
              "Actual Startup Time": 242.313,
              "Actual Total Time": 242.316,
              "Actual Rows": 1,
              "Actual Loops": 4,
              "Plans": [
                {
                  "Node Type": "Hash Join",
                  "Parent Relationship": "Outer",
                  "Parallel Aware": true,
                  "Join Type": "Inner",
                  "Startup Cost": 45682.86,
                  "Total Cost": 75098.75,
                  "Plan Rows": 21653,
                  "Plan Width": 0,
                  "Actual Startup Time": 107.071,
                  "Actual Total Time": 238.317,
                  "Actual Rows": 91364,
                  "Actual Loops": 4,
                  "Inner Unique": true,
                  "Hash Cond": "(mc.movie_id = t.id)",
                  "Plans": [
                    {
                      "Node Type": "Seq Scan",
                      "Parent Relationship": "Outer",
                      "Parallel Aware": true,
                      "Relation Name": "movie_companies",
                      "Alias": "mc",
                      "Startup Cost": 0.0,
                      "Total Cost": 27206.55,
                      "Plan Rows": 841655,
                      "Plan Width": 4,
                      "Actual Startup Time": 0.007,
                      "Actual Total Time": 52.028,
                      "Actual Rows": 652282,
                      "Actual Loops": 4
                    },
                    {
                      "Node Type": "Hash",
                      "Parent Relationship": "Inner",
                      "Parallel Aware": true,
                      "Startup Cost": 45479.59,
                      "Total Cost": 45479.59,
                      "Plan Rows": 16262,
                      "Plan Width": 4,
                      "Actual Startup Time": 105.663,
                      "Actual Total Time": 105.664,
                      "Actual Rows": 42681,
                      "Actual Loops": 4,
                      "Hash Buckets": 262144,
                      "Original Hash Buckets": 65536,
                      "Hash Batches": 1,
                      "Original Hash Batches": 1,
                      "Peak Memory Usage": 10336,
                      "Plans": [
                        {
                          "Node Type": "Seq Scan",
                          "Parent Relationship": "Outer",
                          "Parallel Aware": true,
                          "Relation Name": "title",
                          "Alias": "t",
                          "Startup Cost": 0.0,
                          "Total Cost": 45479.59,
                          "Plan Rows": 16262,
                          "Plan Width": 4,
                          "Actual Startup Time": 0.554,
                          "Actual Total Time": 90.77,
                          "Actual Rows": 42681,
                          "Actual Loops": 4,
                          "Filter": "((kind_id < 7) AND (production_year < 1953))",
                          "Rows Removed by Filter": 589397
                        }
                      ]
                    }
                  ]
                }
              ]
            }
          ]
        }
      ]
    },
    "Planning Time": 0.583,
    "Triggers": [],
    "Execution Time": 267.164
  }
]