[
  {
    "Plan": {
      "Node Type": "Aggregate",
      "Strategy": "Plain",
      "Partial Mode": "Finalize",
      "Parallel Aware": false,
      "Startup Cost": 326294.15,
      "Total Cost": 326294.16,
      "Plan Rows": 1,
      "Plan Width": 8,
      "Actual Startup Time": 89.074,
      "Actual Total Time": 100.372,
      "Actual Rows": 1,
      "Actual Loops": 1,
      "Plans": [
        {
          "Node Type": "Gather",
          "Parent Relationship": "Outer",
          "Parallel Aware": false,
          "Startup Cost": 326293.73,
          "Total Cost": 326294.14,
          "Plan Rows": 4,
          "Plan Width": 8,
          "Actual Startup Time": 88.922,
          "Actual Total Time": 100.359,
          "Actual Rows": 5,
          "Actual Loops": 1,
          "Workers Planned": 4,
          "Workers Launched": 4,
          "Single Copy": false,
          "Plans": [
            {
              "Node Type": "Aggregate",
              "Strategy": "Plain",
              "Partial Mode": "Partial",
              "Parent Relationship": "Outer",
              "Parallel Aware": false,
              "Startup Cost": 325293.73,
              "Total Cost": 325293.74,
              "Plan Rows": 1,
              "Plan Width": 8,
              "Actual Startup Time": 81.841,
              "Actual Total Time": 81.843,
              "Actual Rows": 1,
              "Actual Loops": 5,
              "Plans": [
                {
                  "Node Type": "Nested Loop",
                  "Parent Relationship": "Outer",
                  "Parallel Aware": false,
                  "Join Type": "Inner",
                  "Startup Cost": 0.56,
                  "Total Cost": 325109.32,
                  "Plan Rows": 73764,
                  "Plan Width": 0,
                  "Actual Startup Time": 71.507,
                  "Actual Total Time": 81.837,
                  "Actual Rows": 0,
                  "Actual Loops": 5,
                  "Inner Unique": false,
                  "Plans": [
                    {
                      "Node Type": "Seq Scan",
                      "Parent Relationship": "Outer",
                      "Parallel Aware": true,
                      "Relation Name": "title",
                      "Alias": "t",
                      "Startup Cost": 0.0,
                      "Total Cost": 45479.59,
                      "Plan Rows": 5145,
                      "Plan Width": 4,
                      "Actual Startup Time": 71.478,
                      "Actual Total Time": 81.806,
                      "Actual Rows": 0,
                      "Actual Loops": 5,
                      "Filter": "((production_year < 1912) AND (kind_id = 7))",
                      "Rows Removed by Filter": 505662
                    },
                    {
                      "Node Type": "Index Only Scan",
                      "Parent Relationship": "Inner",
                      "Parallel Aware": false,
                      "Scan Direction": "Forward",
                      "Index Name": "movie_id_cast_info",
                      "Relation Name": "cast_info",
                      "Alias": "ci",
                      "Startup Cost": 0.56,
                      "Total Cost": 54.0,
                      "Plan Rows": 35,
                      "Plan Width": 4,
                      "Actual Startup Time": 0.136,
                      "Actual Total Time": 0.136,
                      "Actual Rows": 1,
                      "Actual Loops": 1,
                      "Index Cond": "(movie_id = t.id)",
                      "Rows Removed by Index Recheck": 0,
                      "Heap Fetches": 1
                    }
                  ]
                }
              ]
            }
          ]
        }
      ]
    },
    "Planning Time": 0.566,
    "Triggers": [],
    "Execution Time": 100.439
  }
]