{
  "Plan": {
    "Node Type": "Aggregate",
    "Strategy": "Plain",
    "Partial Mode": "Finalize",
    "Parallel Aware": false,
    "Startup Cost": 521454.07,
    "Total Cost": 521454.08,
    "Plan Rows": 1,
    "Plan Width": 8,
    "Actual Startup Time": 2207.661,
    "Actual Total Time": 2280.21,
    "Actual Rows": 1,
    "Actual Loops": 1,
    "Plans": [
      {
        "Node Type": "Gather",
        "Parent Relationship": "Outer",
        "Parallel Aware": false,
        "Startup Cost": 521453.96,
        "Total Cost": 521454.07,
        "Plan Rows": 1,
        "Plan Width": 8,
        "Actual Startup Time": 2206.739,
        "Actual Total Time": 2280.203,
        "Actual Rows": 2,
        "Actual Loops": 1,
        "Workers Planned": 1,
        "Workers Launched": 1,
        "Single Copy": false,
        "Plans": [
          {
            "Node Type": "Aggregate",
            "Strategy": "Plain",
            "Partial Mode": "Partial",
            "Parent Relationship": "Outer",
            "Parallel Aware": false,
            "Startup Cost": 520453.96,
            "Total Cost": 520453.97,
            "Plan Rows": 1,
            "Plan Width": 8,
            "Actual Startup Time": 2200.666,
            "Actual Total Time": 2200.669,
            "Actual Rows": 1,
            "Actual Loops": 2,
            "Plans": [
              {
                "Node Type": "Nested Loop",
                "Parent Relationship": "Outer",
                "Parallel Aware": false,
                "Join Type": "Inner",
                "Startup Cost": 62528.83,
                "Total Cost": 519784.99,
                "Plan Rows": 267588,
                "Plan Width": 0,
                "Actual Startup Time": 301.074,
                "Actual Total Time": 2187.027,
                "Actual Rows": 210537,
                "Actual Loops": 2,
                "Inner Unique": false,
                "Join Filter": "(t.id = ci.movie_id)",
                "Rows Removed by Join Filter": 0,
                "Plans": [
                  {
                    "Node Type": "Hash Join",
                    "Parent Relationship": "Outer",
                    "Parallel Aware": true,
                    "Join Type": "Inner",
                    "Startup Cost": 62528.27,
                    "Total Cost": 106123.95,
                    "Plan Rows": 154335,
                    "Plan Width": 8,
                    "Actual Startup Time": 300.178,
                    "Actual Total Time": 558.129,
                    "Actual Rows": 105345,
                    "Actual Loops": 2,
                    "Inner Unique": true,
                    "Hash Cond": "(mc.movie_id = t.id)",
                    "Plans": [
                      {
                        "Node Type": "Seq Scan",
                        "Parent Relationship": "Outer",
                        "Parallel Aware": true,
                        "Relation Name": "movie_companies",
                        "Alias": "mc",
                        "Startup Cost": 0.0,
                        "Total Cost": 41811.73,
                        "Plan Rows": 679601,
                        "Plan Width": 4,
                        "Actual Startup Time": 55.793,
                        "Actual Total Time": 137.46,
                        "Actual Rows": 632886,
                        "Actual Loops": 2,
                        "Filter": "((company_id > 160) AND (company_type_id > 1))",
                        "Rows Removed by Filter": 671679
                      },
                      {
                        "Node Type": "Hash",
                        "Parent Relationship": "Inner",
                        "Parallel Aware": true,
                        "Startup Cost": 58306.47,
                        "Total Cost": 58306.47,
                        "Plan Rows": 337744,
                        "Plan Width": 4,
                        "Actual Startup Time": 235.266,
                        "Actual Total Time": 235.267,
                        "Actual Rows": 223194,
                        "Actual Loops": 2,
                        "Hash Buckets": 1048576,
                        "Original Hash Buckets": 1048576,
                        "Hash Batches": 1,
                        "Original Hash Batches": 1,
                        "Peak Memory Usage": 25696,
                        "Plans": [
                          {
                            "Node Type": "Seq Scan",
                            "Parent Relationship": "Outer",
                            "Parallel Aware": true,
                            "Relation Name": "title",
                            "Alias": "t",
                            "Startup Cost": 0.0,
                            "Total Cost": 58306.47,
                            "Plan Rows": 337744,
                            "Plan Width": 4,
                            "Actual Startup Time": 0.029,
                            "Actual Total Time": 163.4,
                            "Actual Rows": 223194,
                            "Actual Loops": 2,
                            "Filter": "((kind_id > 1) AND (production_year < 1994))",
                            "Rows Removed by Filter": 1040962
                          }
                        ]
                      }
                    ]
                  },
                  {
                    "Node Type": "Index Scan",
                    "Parent Relationship": "Inner",
                    "Parallel Aware": false,
                    "Scan Direction": "Forward",
                    "Index Name": "movie_id_cast_info",
                    "Relation Name": "cast_info",
                    "Alias": "ci",
                    "Startup Cost": 0.56,
                    "Total Cost": 2.63,
                    "Plan Rows": 4,
                    "Plan Width": 4,
                    "Actual Startup Time": 0.014,
                    "Actual Total Time": 0.015,
                    "Actual Rows": 2,
                    "Actual Loops": 210690,
                    "Index Cond": "(movie_id = mc.movie_id)",
                    "Rows Removed by Index Recheck": 0,
                    "Filter": "(role_id = 10)",
                    "Rows Removed by Filter": 17
                  }
                ]
              }
            ]
          }
        ]
      }
    ]
  },
  "Planning Time": 1.161,
  "Triggers": [],
  "Execution Time": 2280.317
}