{
  "Plan": {
    "Node Type": "Aggregate",
    "Strategy": "Plain",
    "Partial Mode": "Finalize",
    "Parallel Aware": false,
    "Startup Cost": 165210.85,
    "Total Cost": 165210.86,
    "Plan Rows": 1,
    "Plan Width": 8,
    "Actual Startup Time": 1100.949,
    "Actual Total Time": 1125.322,
    "Actual Rows": 1,
    "Actual Loops": 1,
    "Plans": [
      {
        "Node Type": "Gather",
        "Parent Relationship": "Outer",
        "Parallel Aware": false,
        "Startup Cost": 165210.73,
        "Total Cost": 165210.84,
        "Plan Rows": 1,
        "Plan Width": 8,
        "Actual Startup Time": 1099.946,
        "Actual Total Time": 1125.312,
        "Actual Rows": 2,
        "Actual Loops": 1,
        "Workers Planned": 1,
        "Workers Launched": 1,
        "Single Copy": false,
        "Plans": [
          {
            "Node Type": "Aggregate",
            "Strategy": "Plain",
            "Partial Mode": "Partial",
            "Parent Relationship": "Outer",
            "Parallel Aware": false,
            "Startup Cost": 164210.73,
            "Total Cost": 164210.74,
            "Plan Rows": 1,
            "Plan Width": 8,
            "Actual Startup Time": 1093.812,
            "Actual Total Time": 1093.819,
            "Actual Rows": 1,
            "Actual Loops": 2,
            "Plans": [
              {
                "Node Type": "Hash Join",
                "Parent Relationship": "Outer",
                "Parallel Aware": true,
                "Join Type": "Inner",
                "Startup Cost": 120665.35,
                "Total Cost": 163796.36,
                "Plan Rows": 165751,
                "Plan Width": 0,
                "Actual Startup Time": 657.869,
                "Actual Total Time": 1025.362,
                "Actual Rows": 1417017,
                "Actual Loops": 2,
                "Inner Unique": false,
                "Hash Cond": "(mc.movie_id = t.id)",
                "Plans": [
                  {
                    "Node Type": "Seq Scan",
                    "Parent Relationship": "Outer",
                    "Parallel Aware": true,
                    "Relation Name": "movie_companies",
                    "Alias": "mc",
                    "Startup Cost": 0.0,
                    "Total Cost": 37974.77,
                    "Plan Rows": 1114996,
                    "Plan Width": 4,
                    "Actual Startup Time": 0.618,
                    "Actual Total Time": 141.981,
                    "Actual Rows": 949732,
                    "Actual Loops": 2,
                    "Filter": "(company_id > 1352)",
                    "Rows Removed by Filter": 354833
                  },
                  {
                    "Node Type": "Hash",
                    "Parent Relationship": "Inner",
                    "Parallel Aware": true,
                    "Startup Cost": 117901.79,
                    "Total Cost": 117901.79,
                    "Plan Rows": 221085,
                    "Plan Width": 8,
                    "Actual Startup Time": 651.623,
                    "Actual Total Time": 651.628,
                    "Actual Rows": 171348,
                    "Actual Loops": 2,
                    "Hash Buckets": 524288,
                    "Original Hash Buckets": 524288,
                    "Hash Batches": 1,
                    "Original Hash Batches": 1,
                    "Peak Memory Usage": 17504,
                    "Plans": [
                      {
                        "Node Type": "Hash Join",
                        "Parent Relationship": "Outer",
                        "Parallel Aware": true,
                        "Join Type": "Inner",
                        "Startup Cost": 59850.94,
                        "Total Cost": 117901.79,
                        "Plan Rows": 221085,
                        "Plan Width": 8,
                        "Actual Startup Time": 199.846,
                        "Actual Total Time": 614.321,
                        "Actual Rows": 171348,
                        "Actual Loops": 2,
                        "Inner Unique": true,
                        "Hash Cond": "(mk.movie_id = t.id)",
                        "Plans": [
                          {
                            "Node Type": "Seq Scan",
                            "Parent Relationship": "Outer",
                            "Parallel Aware": true,
                            "Relation Name": "movie_keyword",
                            "Alias": "mk",
                            "Startup Cost": 0.0,
                            "Total Cost": 51065.35,
                            "Plan Rows": 2661135,
                            "Plan Width": 4,
                            "Actual Startup Time": 0.022,
                            "Actual Total Time": 186.774,
                            "Actual Rows": 2261965,
                            "Actual Loops": 2
                          },
                          {
                            "Node Type": "Hash",
                            "Parent Relationship": "Inner",
                            "Parallel Aware": true,
                            "Startup Cost": 58306.47,
                            "Total Cost": 58306.47,
                            "Plan Rows": 123558,
                            "Plan Width": 4,
                            "Actual Startup Time": 197.644,
                            "Actual Total Time": 197.646,
                            "Actual Rows": 91918,
                            "Actual Loops": 2,
                            "Hash Buckets": 262144,
                            "Original Hash Buckets": 262144,
                            "Hash Batches": 1,
                            "Original Hash Batches": 1,
                            "Peak Memory Usage": 9248,
                            "Plans": [
                              {
                                "Node Type": "Seq Scan",
                                "Parent Relationship": "Outer",
                                "Parallel Aware": true,
                                "Relation Name": "title",
                                "Alias": "t",
                                "Startup Cost": 0.0,
                                "Total Cost": 58306.47,
                                "Plan Rows": 123558,
                                "Plan Width": 4,
                                "Actual Startup Time": 0.148,
                                "Actual Total Time": 166.052,
                                "Actual Rows": 91918,
                                "Actual Loops": 2,
                                "Filter": "((kind_id < 7) AND (production_year > 2009))",
                                "Rows Removed by Filter": 1172238
                              }
                            ]
                          }
                        ]
                      }
                    ]
                  }
                ]
              }
            ]
          }
        ]
      }
    ]
  },
  "Planning Time": 1.023,
  "Triggers": [],
  "Execution Time": 1125.409
}