[
  {
    "Plan": {
      "Node Type": "Aggregate",
      "Strategy": "Plain",
      "Partial Mode": "Finalize",
      "Parallel Aware": false,
      "Startup Cost": 23909.37,
      "Total Cost": 23909.38,
      "Plan Rows": 1,
      "Plan Width": 8,
      "Actual Startup Time": 51.287,
      "Actual Total Time": 55.495,
      "Actual Rows": 1,
      "Actual Loops": 1,
      "Plans": [
        {
          "Node Type": "Gather",
          "Parent Relationship": "Outer",
          "Parallel Aware": false,
          "Startup Cost": 23909.05,
          "Total Cost": 23909.36,
          "Plan Rows": 3,
          "Plan Width": 8,
          "Actual Startup Time": 50.965,
          "Actual Total Time": 55.488,
          "Actual Rows": 4,
          "Actual Loops": 1,
          "Workers Planned": 3,
          "Workers Launched": 3,
          "Single Copy": false,
          "Plans": [
            {
              "Node Type": "Aggregate",
              "Strategy": "Plain",
              "Partial Mode": "Partial",
              "Parent Relationship": "Outer",
              "Parallel Aware": false,
              "Startup Cost": 22909.05,
              "Total Cost": 22909.06,
              "Plan Rows": 1,
              "Plan Width": 8,
              "Actual Startup Time": 43.701,
              "Actual Total Time": 43.703,
              "Actual Rows": 1,
              "Actual Loops": 4,
              "Plans": [
                {
                  "Node Type": "Bitmap Heap Scan",
                  "Parent Relationship": "Outer",
                  "Parallel Aware": true,
                  "Relation Name": "movie_companies",
                  "Alias": "mc",
                  "Startup Cost": 3367.76,
                  "Total Cost": 22783.84,
                  "Plan Rows": 50086,
                  "Plan Width": 0,
                  "Actual Startup Time": 15.858,
                  "Actual Total Time": 40.275,
                  "Actual Rows": 37974,
                  "Actual Loops": 4,
                  "Recheck Cond": "(company_id > 131261)",
                  "Rows Removed by Index Recheck": 0,
                  "Exact Heap Blocks": 2420,
                  "Lossy Heap Blocks": 0,
                  "Plans": [
                    {
                      "Node Type": "Bitmap Index Scan",
                      "Parent Relationship": "Outer",
                      "Parallel Aware": false,
                      "Index Name": "company_id_movie_companies",
                      "Startup Cost": 0.0,
                      "Total Cost": 3328.94,
                      "Plan Rows": 155268,
                      "Plan Width": 0,
                      "Actual Startup Time": 20.905,
                      "Actual Total Time": 20.905,
                      "Actual Rows": 151895,
                      "Actual Loops": 1,
                      "Index Cond": "(company_id > 131261)"
                    }
                  ]
                }
              ]
            }
          ]
        }
      ]
    },
    "Planning Time": 0.189,
    "Triggers": [],
    "Execution Time": 55.568
  }
]