[
  {
    "Plan": {
      "Node Type": "Aggregate",
      "Strategy": "Plain",
      "Partial Mode": "Finalize",
      "Parallel Aware": false,
      "Startup Cost": 85663.22,
      "Total Cost": 85663.23,
      "Plan Rows": 1,
      "Plan Width": 8,
      "Actual Startup Time": 479.554,
      "Actual Total Time": 496.579,
      "Actual Rows": 1,
      "Actual Loops": 1,
      "Plans": [
        {
          "Node Type": "Gather",
          "Parent Relationship": "Outer",
          "Parallel Aware": false,
          "Startup Cost": 85662.9,
          "Total Cost": 85663.21,
          "Plan Rows": 3,
          "Plan Width": 8,
          "Actual Startup Time": 472.956,
          "Actual Total Time": 496.566,
          "Actual Rows": 4,
          "Actual Loops": 1,
          "Workers Planned": 3,
          "Workers Launched": 3,
          "Single Copy": false,
          "Plans": [
            {
              "Node Type": "Aggregate",
              "Strategy": "Plain",
              "Partial Mode": "Partial",
              "Parent Relationship": "Outer",
              "Parallel Aware": false,
              "Startup Cost": 84662.9,
              "Total Cost": 84662.91,
              "Plan Rows": 1,
              "Plan Width": 8,
              "Actual Startup Time": 454.351,
              "Actual Total Time": 454.355,
              "Actual Rows": 1,
              "Actual Loops": 4,
              "Plans": [
                {
                  "Node Type": "Hash Join",
                  "Parent Relationship": "Outer",
                  "Parallel Aware": true,
                  "Join Type": "Inner",
                  "Startup Cost": 58097.78,
                  "Total Cost": 84363.45,
                  "Plan Rows": 119780,
                  "Plan Width": 0,
                  "Actual Startup Time": 373.192,
                  "Actual Total Time": 449.912,
                  "Actual Rows": 89585,
                  "Actual Loops": 4,
                  "Inner Unique": true,
                  "Hash Cond": "(mk.movie_id = t.id)",
                  "Plans": [
                    {
                      "Node Type": "Bitmap Heap Scan",
                      "Parent Relationship": "Outer",
                      "Parallel Aware": true,
                      "Relation Name": "movie_keyword",
                      "Alias": "mk",
                      "Startup Cost": 7878.14,
                      "Total Cost": 33829.39,
                      "Plan Rows": 119780,
                      "Plan Width": 4,
                      "Actual Startup Time": 21.832,
                      "Actual Total Time": 67.084,
                      "Actual Rows": 89585,
                      "Actual Loops": 4,
                      "Recheck Cond": "(keyword_id > 46671)",
                      "Rows Removed by Index Recheck": 0,
                      "Exact Heap Blocks": 6747,
                      "Lossy Heap Blocks": 0,
                      "Plans": [
                        {
                          "Node Type": "Bitmap Index Scan",
                          "Parent Relationship": "Outer",
                          "Parallel Aware": false,
                          "Index Name": "keyword_id_movie_keyword",
                          "Startup Cost": 0.0,
                          "Total Cost": 7785.31,
                          "Plan Rows": 371317,
                          "Plan Width": 0,
                          "Actual Startup Time": 18.569,
                          "Actual Total Time": 18.57,
                          "Actual Rows": 358340,
                          "Actual Loops": 1,
                          "Index Cond": "(keyword_id > 46671)"
                        }
                      ]
                    },
                    {
                      "Node Type": "Hash",
                      "Parent Relationship": "Inner",
                      "Parallel Aware": true,
                      "Startup Cost": 42318.73,
                      "Total Cost": 42318.73,
                      "Plan Rows": 632073,
                      "Plan Width": 4,
                      "Actual Startup Time": 338.016,
                      "Actual Total Time": 338.017,
                      "Actual Rows": 632078,
                      "Actual Loops": 4,
                      "Hash Buckets": 4194304,
                      "Original Hash Buckets": 4194304,
                      "Hash Batches": 1,
                      "Original Hash Batches": 1,
                      "Peak Memory Usage": 131744,
                      "Plans": [
                        {
                          "Node Type": "Seq Scan",
                          "Parent Relationship": "Outer",
                          "Parallel Aware": true,
                          "Relation Name": "title",
                          "Alias": "t",
                          "Startup Cost": 0.0,
                          "Total Cost": 42318.73,
                          "Plan Rows": 632073,
                          "Plan Width": 4,
                          "Actual Startup Time": 0.036,
                          "Actual Total Time": 94.927,
                          "Actual Rows": 632078,
                          "Actual Loops": 4
                        }
                      ]
                    }
                  ]
                }
              ]
            }
          ]
        }
      ]
    },
    "Planning Time": 0.58,
    "Triggers": [],
    "Execution Time": 496.667
  }
]