{
  "Plan": {
    "Node Type": "Aggregate",
    "Strategy": "Plain",
    "Partial Mode": "Finalize",
    "Parallel Aware": false,
    "Startup Cost": 661947.99,
    "Total Cost": 661948.0,
    "Plan Rows": 1,
    "Plan Width": 8,
    "Actual Startup Time": 4341.328,
    "Actual Total Time": 4399.998,
    "Actual Rows": 1,
    "Actual Loops": 1,
    "Plans": [
      {
        "Node Type": "Gather",
        "Parent Relationship": "Outer",
        "Parallel Aware": false,
        "Startup Cost": 661947.88,
        "Total Cost": 661947.99,
        "Plan Rows": 1,
        "Plan Width": 8,
        "Actual Startup Time": 4338.785,
        "Actual Total Time": 4399.985,
        "Actual Rows": 2,
        "Actual Loops": 1,
        "Workers Planned": 1,
        "Workers Launched": 1,
        "Single Copy": false,
        "Plans": [
          {
            "Node Type": "Aggregate",
            "Strategy": "Plain",
            "Partial Mode": "Partial",
            "Parent Relationship": "Outer",
            "Parallel Aware": false,
            "Startup Cost": 660947.88,
            "Total Cost": 660947.89,
            "Plan Rows": 1,
            "Plan Width": 8,
            "Actual Startup Time": 4333.029,
            "Actual Total Time": 4333.038,
            "Actual Rows": 1,
            "Actual Loops": 2,
            "Plans": [
              {
                "Node Type": "Hash Join",
                "Parent Relationship": "Outer",
                "Parallel Aware": true,
                "Join Type": "Inner",
                "Startup Cost": 584082.29,
                "Total Cost": 659763.48,
                "Plan Rows": 473760,
                "Plan Width": 0,
                "Actual Startup Time": 3970.025,
                "Actual Total Time": 4316.016,
                "Actual Rows": 425630,
                "Actual Loops": 2,
                "Inner Unique": false,
                "Hash Cond": "(mk.movie_id = t.id)",
                "Plans": [
                  {
                    "Node Type": "Seq Scan",
                    "Parent Relationship": "Outer",
                    "Parallel Aware": true,
                    "Relation Name": "movie_keyword",
                    "Alias": "mk",
                    "Startup Cost": 0.0,
                    "Total Cost": 57718.19,
                    "Plan Rows": 1214094,
                    "Plan Width": 4,
                    "Actual Startup Time": 0.012,
                    "Actual Total Time": 180.042,
                    "Actual Rows": 1033121,
                    "Actual Loops": 2,
                    "Filter": "(keyword_id < 3664)",
                    "Rows Removed by Filter": 1228844
                  },
                  {
                    "Node Type": "Hash",
                    "Parent Relationship": "Inner",
                    "Parallel Aware": true,
                    "Startup Cost": 576828.01,
                    "Total Cost": 576828.01,
                    "Plan Rows": 580343,
                    "Plan Width": 8,
                    "Actual Startup Time": 3960.439,
                    "Actual Total Time": 3960.445,
                    "Actual Rows": 493348,
                    "Actual Loops": 2,
                    "Hash Buckets": 1048576,
                    "Original Hash Buckets": 1048576,
                    "Hash Batches": 1,
                    "Original Hash Batches": 1,
                    "Peak Memory Usage": 46816,
                    "Plans": [
                      {
                        "Node Type": "Hash Join",
                        "Parent Relationship": "Outer",
                        "Parallel Aware": true,
                        "Join Type": "Inner",
                        "Startup Cost": 55094.65,
                        "Total Cost": 576828.01,
                        "Plan Rows": 580343,
                        "Plan Width": 8,
                        "Actual Startup Time": 172.111,
                        "Actual Total Time": 3778.947,
                        "Actual Rows": 493348,
                        "Actual Loops": 2,
                        "Inner Unique": true,
                        "Hash Cond": "(ci.movie_id = t.id)",
                        "Plans": [
                          {
                            "Node Type": "Seq Scan",
                            "Parent Relationship": "Outer",
                            "Parallel Aware": true,
                            "Relation Name": "cast_info",
                            "Alias": "ci",
                            "Startup Cost": 0.0,
                            "Total Cost": 465792.95,
                            "Plan Rows": 21310595,
                            "Plan Width": 4,
                            "Actual Startup Time": 0.017,
                            "Actual Total Time": 1486.918,
                            "Actual Rows": 18122172,
                            "Actual Loops": 2
                          },
                          {
                            "Node Type": "Hash",
                            "Parent Relationship": "Inner",
                            "Parallel Aware": true,
                            "Startup Cost": 54588.39,
                            "Total Cost": 54588.39,
                            "Plan Rows": 40501,
                            "Plan Width": 4,
                            "Actual Startup Time": 171.294,
                            "Actual Total Time": 171.296,
                            "Actual Rows": 33671,
                            "Actual Loops": 2,
                            "Hash Buckets": 131072,
                            "Original Hash Buckets": 131072,
                            "Hash Batches": 1,
                            "Original Hash Batches": 1,
                            "Peak Memory Usage": 3712,
                            "Plans": [
                              {
                                "Node Type": "Seq Scan",
                                "Parent Relationship": "Outer",
                                "Parallel Aware": true,
                                "Relation Name": "title",
                                "Alias": "t",
                                "Startup Cost": 0.0,
                                "Total Cost": 54588.39,
                                "Plan Rows": 40501,
                                "Plan Width": 4,
                                "Actual Startup Time": 0.069,
                                "Actual Total Time": 156.858,
                                "Actual Rows": 33671,
                                "Actual Loops": 2,
                                "Filter": "(production_year > 2012)",
                                "Rows Removed by Filter": 1230485
                              }
                            ]
                          }
                        ]
                      }
                    ]
                  }
                ]
              }
            ]
          }
        ]
      }
    ]
  },
  "Planning Time": 0.95,
  "Triggers": [],
  "Execution Time": 4400.102
}