[
  {
    "Plan": {
      "Node Type": "Aggregate",
      "Strategy": "Plain",
      "Partial Mode": "Finalize",
      "Parallel Aware": false,
      "Startup Cost": 587551.57,
      "Total Cost": 587551.58,
      "Plan Rows": 1,
      "Plan Width": 8,
      "Actual Startup Time": 3565.661,
      "Actual Total Time": 3625.381,
      "Actual Rows": 1,
      "Actual Loops": 1,
      "Plans": [
        {
          "Node Type": "Gather",
          "Parent Relationship": "Outer",
          "Parallel Aware": false,
          "Startup Cost": 587550.94,
          "Total Cost": 587551.55,
          "Plan Rows": 6,
          "Plan Width": 8,
          "Actual Startup Time": 3533.487,
          "Actual Total Time": 3625.356,
          "Actual Rows": 7,
          "Actual Loops": 1,
          "Workers Planned": 6,
          "Workers Launched": 6,
          "Single Copy": false,
          "Plans": [
            {
              "Node Type": "Aggregate",
              "Strategy": "Plain",
              "Partial Mode": "Partial",
              "Parent Relationship": "Outer",
              "Parallel Aware": false,
              "Startup Cost": 586550.94,
              "Total Cost": 586550.95,
              "Plan Rows": 1,
              "Plan Width": 8,
              "Actual Startup Time": 3522.748,
              "Actual Total Time": 3522.882,
              "Actual Rows": 1,
              "Actual Loops": 7,
              "Plans": [
                {
                  "Node Type": "Hash Join",
                  "Parent Relationship": "Outer",
                  "Parallel Aware": true,
                  "Join Type": "Inner",
                  "Startup Cost": 238712.29,
                  "Total Cost": 579842.71,
                  "Plan Rows": 2683291,
                  "Plan Width": 0,
                  "Actual Startup Time": 513.768,
                  "Actual Total Time": 3109.869,
                  "Actual Rows": 9921855,
                  "Actual Loops": 7,
                  "Inner Unique": false,
                  "Hash Cond": "(ci.movie_id = t.id)",
                  "Plans": [
                    {
                      "Node Type": "Seq Scan",
                      "Parent Relationship": "Outer",
                      "Parallel Aware": true,
                      "Relation Name": "cast_info",
                      "Alias": "ci",
                      "Startup Cost": 0.0,
                      "Total Cost": 313106.51,
                      "Plan Rows": 6041951,
                      "Plan Width": 4,
                      "Actual Startup Time": 0.041,
                      "Actual Total Time": 544.66,
                      "Actual Rows": 5177763,
                      "Actual Loops": 7
                    },
                    {
                      "Node Type": "Hash",
                      "Parent Relationship": "Inner",
                      "Parallel Aware": true,
                      "Startup Cost": 235905.04,
                      "Total Cost": 235905.04,
                      "Plan Rows": 224580,
                      "Plan Width": 8,
                      "Actual Startup Time": 510.596,
                      "Actual Total Time": 510.729,
                      "Actual Rows": 159340,
                      "Actual Loops": 7,
                      "Hash Buckets": 2097152,
                      "Original Hash Buckets": 2097152,
                      "Hash Batches": 1,
                      "Original Hash Batches": 1,
                      "Peak Memory Usage": 60160,
                      "Plans": [
                        {
                          "Node Type": "Hash Join",
                          "Parent Relationship": "Outer",
                          "Parallel Aware": true,
                          "Join Type": "Inner",
                          "Startup Cost": 70515.28,
                          "Total Cost": 235905.04,
                          "Plan Rows": 224580,
                          "Plan Width": 8,
                          "Actual Startup Time": 309.58,
                          "Actual Total Time": 440.637,
                          "Actual Rows": 159340,
                          "Actual Loops": 7,
                          "Inner Unique": true,
                          "Hash Cond": "(mi.movie_id = t.id)",
                          "Plans": [
                            {
                              "Node Type": "Bitmap Heap Scan",
                              "Parent Relationship": "Outer",
                              "Parallel Aware": true,
                              "Relation Name": "movie_info",
                              "Alias": "mi",
                              "Startup Cost": 20294.89,
                              "Total Cost": 185095.14,
                              "Plan Rows": 224580,
                              "Plan Width": 4,
                              "Actual Startup Time": 44.998,
                              "Actual Total Time": 103.917,
                              "Actual Rows": 159340,
                              "Actual Loops": 7,
                              "Recheck Cond": "(info_type_id > 63)",
                              "Rows Removed by Index Recheck": 0,
                              "Exact Heap Blocks": 6287,
                              "Lossy Heap Blocks": 0,
                              "Plans": [
                                {
                                  "Node Type": "Bitmap Index Scan",
                                  "Parent Relationship": "Outer",
                                  "Parallel Aware": false,
                                  "Index Name": "info_type_id_movie_info",
                                  "Startup Cost": 0.0,
                                  "Total Cost": 20014.17,
                                  "Plan Rows": 1122898,
                                  "Plan Width": 0,
                                  "Actual Startup Time": 39.32,
                                  "Actual Total Time": 39.321,
                                  "Actual Rows": 1115380,
                                  "Actual Loops": 1,
                                  "Index Cond": "(info_type_id > 63)"
                                }
                              ]
                            },
                            {
                              "Node Type": "Hash",
                              "Parent Relationship": "Inner",
                              "Parallel Aware": true,
                              "Startup Cost": 42319.06,
                              "Total Cost": 42319.06,
                              "Plan Rows": 632106,
                              "Plan Width": 4,
                              "Actual Startup Time": 260.646,
                              "Actual Total Time": 260.649,
                              "Actual Rows": 361187,
                              "Actual Loops": 7,
                              "Hash Buckets": 4194304,
                              "Original Hash Buckets": 4194304,
                              "Hash Batches": 1,
                              "Original Hash Batches": 1,
                              "Peak Memory Usage": 131808,
                              "Plans": [
                                {
                                  "Node Type": "Seq Scan",
                                  "Parent Relationship": "Outer",
                                  "Parallel Aware": true,
                                  "Relation Name": "title",
                                  "Alias": "t",
                                  "Startup Cost": 0.0,
                                  "Total Cost": 42319.06,
                                  "Plan Rows": 632106,
                                  "Plan Width": 4,
                                  "Actual Startup Time": 0.055,
                                  "Actual Total Time": 74.002,
                                  "Actual Rows": 361187,
                                  "Actual Loops": 7
                                }
                              ]
                            }
                          ]
                        }
                      ]
                    }
                  ]
                }
              ]
            }
          ]
        }
      ]
    },
    "Planning Time": 1.117,
    "Triggers": [],
    "Execution Time": 3625.445
  }
]