[
  {
    "Plan": {
      "Node Type": "Aggregate",
      "Strategy": "Plain",
      "Partial Mode": "Finalize",
      "Parallel Aware": false,
      "Startup Cost": 53708.53,
      "Total Cost": 53708.54,
      "Plan Rows": 1,
      "Plan Width": 8,
      "Actual Startup Time": 114.048,
      "Actual Total Time": 126.427,
      "Actual Rows": 1,
      "Actual Loops": 1,
      "Plans": [
        {
          "Node Type": "Gather",
          "Parent Relationship": "Outer",
          "Parallel Aware": false,
          "Startup Cost": 53708.21,
          "Total Cost": 53708.52,
          "Plan Rows": 3,
          "Plan Width": 8,
          "Actual Startup Time": 113.762,
          "Actual Total Time": 126.419,
          "Actual Rows": 4,
          "Actual Loops": 1,
          "Workers Planned": 3,
          "Workers Launched": 3,
          "Single Copy": false,
          "Plans": [
            {
              "Node Type": "Aggregate",
              "Strategy": "Plain",
              "Partial Mode": "Partial",
              "Parent Relationship": "Outer",
              "Parallel Aware": false,
              "Startup Cost": 52708.21,
              "Total Cost": 52708.22,
              "Plan Rows": 1,
              "Plan Width": 8,
              "Actual Startup Time": 108.618,
              "Actual Total Time": 108.621,
              "Actual Rows": 1,
              "Actual Loops": 4,
              "Plans": [
                {
                  "Node Type": "Hash Join",
                  "Parent Relationship": "Outer",
                  "Parallel Aware": true,
                  "Join Type": "Inner",
                  "Startup Cost": 44038.53,
                  "Total Cost": 52707.06,
                  "Plan Rows": 461,
                  "Plan Width": 0,
                  "Actual Startup Time": 95.184,
                  "Actual Total Time": 108.598,
                  "Actual Rows": 249,
                  "Actual Loops": 4,
                  "Inner Unique": true,
                  "Hash Cond": "(ci.movie_id = t.id)",
                  "Plans": [
                    {
                      "Node Type": "Index Scan",
                      "Parent Relationship": "Outer",
                      "Parallel Aware": true,
                      "Scan Direction": "Forward",
                      "Index Name": "role_id_cast_info",
                      "Relation Name": "cast_info",
                      "Alias": "ci",
                      "Startup Cost": 0.56,
                      "Total Cost": 8600.37,
                      "Plan Rows": 26178,
                      "Plan Width": 4,
                      "Actual Startup Time": 0.335,
                      "Actual Total Time": 11.801,
                      "Actual Rows": 9918,
                      "Actual Loops": 4,
                      "Index Cond": "(role_id > 10)",
                      "Rows Removed by Index Recheck": 0,
                      "Filter": "(person_id < 976980)",
                      "Rows Removed by Filter": 69111
                    },
                    {
                      "Node Type": "Hash",
                      "Parent Relationship": "Inner",
                      "Parallel Aware": true,
                      "Startup Cost": 43898.92,
                      "Total Cost": 43898.92,
                      "Plan Rows": 11124,
                      "Plan Width": 4,
                      "Actual Startup Time": 93.463,
                      "Actual Total Time": 93.464,
                      "Actual Rows": 11646,
                      "Actual Loops": 4,
                      "Hash Buckets": 65536,
                      "Original Hash Buckets": 65536,
                      "Hash Batches": 1,
                      "Original Hash Batches": 1,
                      "Peak Memory Usage": 2432,
                      "Plans": [
                        {
                          "Node Type": "Seq Scan",
                          "Parent Relationship": "Outer",
                          "Parallel Aware": true,
                          "Relation Name": "title",
                          "Alias": "t",
                          "Startup Cost": 0.0,
                          "Total Cost": 43898.92,
                          "Plan Rows": 11124,
                          "Plan Width": 4,
                          "Actual Startup Time": 0.042,
                          "Actual Total Time": 88.081,
                          "Actual Rows": 11646,
                          "Actual Loops": 4,
                          "Filter": "(production_year = 1998)",
                          "Rows Removed by Filter": 620432
                        }
                      ]
                    }
                  ]
                }
              ]
            }
          ]
        }
      ]
    },
    "Planning Time": 0.641,
    "Triggers": [],
    "Execution Time": 126.498
  }
]