[
  {
    "Plan": {
      "Node Type": "Aggregate",
      "Strategy": "Plain",
      "Partial Mode": "Finalize",
      "Parallel Aware": false,
      "Startup Cost": 78674.83,
      "Total Cost": 78674.84,
      "Plan Rows": 1,
      "Plan Width": 8,
      "Actual Startup Time": 203.305,
      "Actual Total Time": 217.569,
      "Actual Rows": 1,
      "Actual Loops": 1,
      "Plans": [
        {
          "Node Type": "Gather",
          "Parent Relationship": "Outer",
          "Parallel Aware": false,
          "Startup Cost": 78674.41,
          "Total Cost": 78674.82,
          "Plan Rows": 4,
          "Plan Width": 8,
          "Actual Startup Time": 202.17,
          "Actual Total Time": 217.559,
          "Actual Rows": 5,
          "Actual Loops": 1,
          "Workers Planned": 4,
          "Workers Launched": 4,
          "Single Copy": false,
          "Plans": [
            {
              "Node Type": "Aggregate",
              "Strategy": "Plain",
              "Partial Mode": "Partial",
              "Parent Relationship": "Outer",
              "Parallel Aware": false,
              "Startup Cost": 77674.41,
              "Total Cost": 77674.42,
              "Plan Rows": 1,
              "Plan Width": 8,
              "Actual Startup Time": 192.707,
              "Actual Total Time": 192.71,
              "Actual Rows": 1,
              "Actual Loops": 5,
              "Plans": [
                {
                  "Node Type": "Hash Join",
                  "Parent Relationship": "Outer",
                  "Parallel Aware": true,
                  "Join Type": "Inner",
                  "Startup Cost": 32399.18,
                  "Total Cost": 77614.58,
                  "Plan Rows": 23932,
                  "Plan Width": 0,
                  "Actual Startup Time": 78.845,
                  "Actual Total Time": 191.715,
                  "Actual Rows": 12603,
                  "Actual Loops": 5,
                  "Inner Unique": false,
                  "Hash Cond": "(t.id = mc.movie_id)",
                  "Plans": [
                    {
                      "Node Type": "Seq Scan",
                      "Parent Relationship": "Outer",
                      "Parallel Aware": true,
                      "Relation Name": "title",
                      "Alias": "t",
                      "Startup Cost": 0.0,
                      "Total Cost": 43898.92,
                      "Plan Rows": 247857,
                      "Plan Width": 4,
                      "Actual Startup Time": 0.015,
                      "Actual Total Time": 77.925,
                      "Actual Rows": 197010,
                      "Actual Loops": 5,
                      "Filter": "(kind_id < 7)",
                      "Rows Removed by Filter": 308653
                    },
                    {
                      "Node Type": "Hash",
                      "Parent Relationship": "Inner",
                      "Parallel Aware": true,
                      "Startup Cost": 31414.82,
                      "Total Cost": 31414.82,
                      "Plan Rows": 78749,
                      "Plan Width": 4,
                      "Actual Startup Time": 76.621,
                      "Actual Total Time": 76.622,
                      "Actual Rows": 24772,
                      "Actual Loops": 5,
                      "Hash Buckets": 262144,
                      "Original Hash Buckets": 262144,
                      "Hash Batches": 1,
                      "Original Hash Batches": 1,
                      "Peak Memory Usage": 6976,
                      "Plans": [
                        {
                          "Node Type": "Seq Scan",
                          "Parent Relationship": "Outer",
                          "Parallel Aware": true,
                          "Relation Name": "movie_companies",
                          "Alias": "mc",
                          "Startup Cost": 0.0,
                          "Total Cost": 31414.82,
                          "Plan Rows": 78749,
                          "Plan Width": 4,
                          "Actual Startup Time": 41.606,
                          "Actual Total Time": 68.771,
                          "Actual Rows": 24772,
                          "Actual Loops": 5,
                          "Filter": "((company_id < 424) AND (company_type_id > 1))",
                          "Rows Removed by Filter": 497054
                        }
                      ]
                    }
                  ]
                }
              ]
            }
          ]
        }
      ]
    },
    "Planning Time": 0.643,
    "Triggers": [],
    "Execution Time": 217.636
  }
]