{
    "Plan": {
        "Node Type": "Aggregate",
        "Strategy": "Plain",
        "Partial Mode": "Simple",
        "Parallel Aware": false,
        "Startup Cost": 20003386626.11,
        "Total Cost": 20003386626.12,
        "Plan Rows": 1,
        "Plan Width": 96,
        "Actual Startup Time": 93745.301,
        "Actual Total Time": 93745.329,
        "Actual Rows": 1,
        "Actual Loops": 1,
        "Output": [
            "min(k.keyword)",
            "min(n.name)",
            "min(t.title)"
        ],
        "Plans": [
            {
                "Node Type": "Nested Loop",
                "Parent Relationship": "Outer",
                "Parallel Aware": false,
                "Join Type": "Inner",
                "Startup Cost": 20003334936.56,
                "Total Cost": 20003386576.91,
                "Plan Rows": 6560,
                "Plan Width": 48,
                "Actual Startup Time": 67771.463,
                "Actual Total Time": 93315.799,
                "Actual Rows": 1281359,
                "Actual Loops": 1,
                "Output": [
                    "k.keyword",
                    "n.name",
                    "t.title"
                ],
                "Inner Unique": true,
                "Plans": [
                    {
                        "Node Type": "Hash Join",
                        "Parent Relationship": "Outer",
                        "Parallel Aware": false,
                        "Join Type": "Inner",
                        "Startup Cost": 10003334936.12,
                        "Total Cost": 10003357372.4,
                        "Plan Rows": 6560,
                        "Plan Width": 37,
                        "Actual Startup Time": 67771.404,
                        "Actual Total Time": 83591.339,
                        "Actual Rows": 1281359,
                        "Actual Loops": 1,
                        "Output": [
                            "ci.person_id",
                            "k.keyword",
                            "t.title"
                        ],
                        "Inner Unique": false,
                        "Hash Cond": "(k.id = mk.keyword_id)",
                        "Plans": [
                            {
                                "Node Type": "Seq Scan",
                                "Parent Relationship": "Outer",
                                "Parallel Aware": false,
                                "Relation Name": "keyword",
                                "Schema": "public",
                                "Alias": "k",
                                "Startup Cost": 0.0,
                                "Total Cost": 3632.4,
                                "Plan Rows": 8,
                                "Plan Width": 20,
                                "Actual Startup Time": 0.342,
                                "Actual Total Time": 23.032,
                                "Actual Rows": 6,
                                "Actual Loops": 1,
                                "Output": [
                                    "k.id",
                                    "k.keyword",
                                    "k.phonetic_code"
                                ],
                                "Filter": "(k.keyword = ANY ('{violence,based-on-comic,blood,claw,death,violence,sequel,sequel}'::text[]))",
                                "Rows Removed by Filter": 134164
                            },
                            {
                                "Node Type": "Hash",
                                "Parent Relationship": "Inner",
                                "Parallel Aware": false,
                                "Startup Cost": 10001959818.56,
                                "Total Cost": 10001959818.56,
                                "Plan Rows": 110009405,
                                "Plan Width": 25,
                                "Actual Startup Time": 67373.054,
                                "Actual Total Time": 67373.078,
                                "Actual Rows": 138472573,
                                "Actual Loops": 1,
                                "Output": [
                                    "ci.person_id",
                                    "mk.keyword_id",
                                    "t.title"
                                ],
                                "Hash Buckets": 67108864,
                                "Original Hash Buckets": 67108864,
                                "Hash Batches": 4,
                                "Original Hash Batches": 2,
                                "Peak Memory Usage": 3670017,
                                "Plans": [
                                    {
                                        "Node Type": "Hash Join",
                                        "Parent Relationship": "Outer",
                                        "Parallel Aware": false,
                                        "Join Type": "Inner",
                                        "Startup Cost": 10001068402.24,
                                        "Total Cost": 10001959818.56,
                                        "Plan Rows": 110009405,
                                        "Plan Width": 25,
                                        "Actual Startup Time": 16924.894,
                                        "Actual Total Time": 37811.81,
                                        "Actual Rows": 138472573,
                                        "Actual Loops": 1,
                                        "Output": [
                                            "ci.person_id",
                                            "mk.keyword_id",
                                            "t.title"
                                        ],
                                        "Inner Unique": false,
                                        "Hash Cond": "(t.id = ci.movie_id)",
                                        "Plans": [
                                            {
                                                "Node Type": "Merge Join",
                                                "Parent Relationship": "Outer",
                                                "Parallel Aware": false,
                                                "Join Type": "Inner",
                                                "Startup Cost": 10000000027.78,
                                                "Total Cost": 10000337667.15,
                                                "Plan Rows": 2863573,
                                                "Plan Width": 29,
                                                "Actual Startup Time": 0.065,
                                                "Actual Total Time": 4077.034,
                                                "Actual Rows": 2428089,
                                                "Actual Loops": 1,
                                                "Output": [
                                                    "mk.keyword_id",
                                                    "mk.movie_id",
                                                    "t.title",
                                                    "t.id"
                                                ],
                                                "Inner Unique": false,
                                                "Merge Cond": "(t.id = mk.movie_id)",
                                                "Plans": [
                                                    {
                                                        "Node Type": "Index Scan",
                                                        "Parent Relationship": "Outer",
                                                        "Parallel Aware": false,
                                                        "Scan Direction": "Forward",
                                                        "Index Name": "title_pkey",
                                                        "Relation Name": "title",
                                                        "Schema": "public",
                                                        "Alias": "t",
                                                        "Startup Cost": 10000000000.43,
                                                        "Total Cost": 10000116662.9,
                                                        "Plan Rows": 1600386,
                                                        "Plan Width": 21,
                                                        "Actual Startup Time": 0.026,
                                                        "Actual Total Time": 2131.407,
                                                        "Actual Rows": 1606648,
                                                        "Actual Loops": 1,
                                                        "Output": [
                                                            "t.id",
                                                            "t.title",
                                                            "t.imdb_index",
                                                            "t.kind_id",
                                                            "t.production_year",
                                                            "t.imdb_id",
                                                            "t.phonetic_code",
                                                            "t.episode_of_id",
                                                            "t.season_nr",
                                                            "t.episode_nr",
                                                            "t.series_years",
                                                            "t.md5sum"
                                                        ],
                                                        "Filter": "(t.production_year > 1995)",
                                                        "Rows Removed by Filter": 919325
                                                    },
                                                    {
                                                        "Node Type": "Index Scan",
                                                        "Parent Relationship": "Inner",
                                                        "Parallel Aware": false,
                                                        "Scan Direction": "Forward",
                                                        "Index Name": "movie_id_movie_keyword",
                                                        "Relation Name": "movie_keyword",
                                                        "Schema": "public",
                                                        "Alias": "mk",
                                                        "Startup Cost": 0.43,
                                                        "Total Cost": 177177.46,
                                                        "Plan Rows": 4523930,
                                                        "Plan Width": 8,
                                                        "Actual Startup Time": 0.028,
                                                        "Actual Total Time": 1317.399,
                                                        "Actual Rows": 4523930,
                                                        "Actual Loops": 1,
                                                        "Output": [
                                                            "mk.id",
                                                            "mk.movie_id",
                                                            "mk.keyword_id"
                                                        ]
                                                    }
                                                ]
                                            },
                                            {
                                                "Node Type": "Hash",
                                                "Parent Relationship": "Inner",
                                                "Parallel Aware": false,
                                                "Startup Cost": 615214.76,
                                                "Total Cost": 615214.76,
                                                "Plan Rows": 36252776,
                                                "Plan Width": 8,
                                                "Actual Startup Time": 16470.935,
                                                "Actual Total Time": 16470.936,
                                                "Actual Rows": 36244344,
                                                "Actual Loops": 1,
                                                "Output": [
                                                    "ci.movie_id",
                                                    "ci.person_id"
                                                ],
                                                "Hash Buckets": 67108864,
                                                "Original Hash Buckets": 67108864,
                                                "Hash Batches": 1,
                                                "Original Hash Batches": 1,
                                                "Peak Memory Usage": 1940083,
                                                "Plans": [
                                                    {
                                                        "Node Type": "Seq Scan",
                                                        "Parent Relationship": "Outer",
                                                        "Parallel Aware": false,
                                                        "Relation Name": "cast_info",
                                                        "Schema": "public",
                                                        "Alias": "ci",
                                                        "Startup Cost": 0.0,
                                                        "Total Cost": 615214.76,
                                                        "Plan Rows": 36252776,
                                                        "Plan Width": 8,
                                                        "Actual Startup Time": 0.053,
                                                        "Actual Total Time": 4477.9,
                                                        "Actual Rows": 36244344,
                                                        "Actual Loops": 1,
                                                        "Output": [
                                                            "ci.movie_id",
                                                            "ci.person_id"
                                                        ]
                                                    }
                                                ]
                                            }
                                        ]
                                    }
                                ]
                            }
                        ]
                    },
                    {
                        "Node Type": "Bitmap Heap Scan",
                        "Parent Relationship": "Inner",
                        "Parallel Aware": false,
                        "Relation Name": "name",
                        "Schema": "public",
                        "Alias": "n",
                        "Startup Cost": 0.44,
                        "Total Cost": 4.45,
                        "Plan Rows": 1,
                        "Plan Width": 19,
                        "Actual Startup Time": 0.005,
                        "Actual Total Time": 0.005,
                        "Actual Rows": 1,
                        "Actual Loops": 1281359,
                        "Output": [
                            "n.id",
                            "n.name",
                            "n.imdb_index",
                            "n.imdb_id",
                            "n.gender",
                            "n.name_pcode_cf",
                            "n.name_pcode_nf",
                            "n.surname_pcode",
                            "n.md5sum"
                        ],
                        "Recheck Cond": "(n.id = ci.person_id)",
                        "Rows Removed by Index Recheck": 0,
                        "Exact Heap Blocks": 1281359,
                        "Lossy Heap Blocks": 0,
                        "Plans": [
                            {
                                "Node Type": "Bitmap Index Scan",
                                "Parent Relationship": "Outer",
                                "Parallel Aware": false,
                                "Index Name": "name_pkey",
                                "Startup Cost": 0.0,
                                "Total Cost": 0.44,
                                "Plan Rows": 1,
                                "Plan Width": 0,
                                "Actual Startup Time": 0.003,
                                "Actual Total Time": 0.003,
                                "Actual Rows": 1,
                                "Actual Loops": 1281359,
                                "Index Cond": "(n.id = ci.person_id)"
                            }
                        ]
                    }
                ]
            }
        ]
    },
    "Planning Time": 2.899,
    "Triggers": [],
    "Execution Time": 94063.678
}