[
  {
    "Plan": {
      "Node Type": "Aggregate",
      "Strategy": "Plain",
      "Partial Mode": "Finalize",
      "Parallel Aware": false,
      "Startup Cost": 439084.39,
      "Total Cost": 439084.4,
      "Plan Rows": 1,
      "Plan Width": 8,
      "Actual Startup Time": 2649.85,
      "Actual Total Time": 2707.251,
      "Actual Rows": 1,
      "Actual Loops": 1,
      "Plans": [
        {
          "Node Type": "Gather",
          "Parent Relationship": "Outer",
          "Parallel Aware": false,
          "Startup Cost": 439083.77,
          "Total Cost": 439084.38,
          "Plan Rows": 6,
          "Plan Width": 8,
          "Actual Startup Time": 2622.347,
          "Actual Total Time": 2707.231,
          "Actual Rows": 7,
          "Actual Loops": 1,
          "Workers Planned": 6,
          "Workers Launched": 6,
          "Single Copy": false,
          "Plans": [
            {
              "Node Type": "Aggregate",
              "Strategy": "Plain",
              "Partial Mode": "Partial",
              "Parent Relationship": "Outer",
              "Parallel Aware": false,
              "Startup Cost": 438083.77,
              "Total Cost": 438083.78,
              "Plan Rows": 1,
              "Plan Width": 8,
              "Actual Startup Time": 2609.323,
              "Actual Total Time": 2609.448,
              "Actual Rows": 1,
              "Actual Loops": 7,
              "Plans": [
                {
                  "Node Type": "Hash Join",
                  "Parent Relationship": "Outer",
                  "Parallel Aware": true,
                  "Join Type": "Inner",
                  "Startup Cost": 93685.31,
                  "Total Cost": 434313.72,
                  "Plan Rows": 1508020,
                  "Plan Width": 0,
                  "Actual Startup Time": 461.076,
                  "Actual Total Time": 2434.03,
                  "Actual Rows": 3593221,
                  "Actual Loops": 7,
                  "Inner Unique": false,
                  "Hash Cond": "(ci.movie_id = t.id)",
                  "Plans": [
                    {
                      "Node Type": "Seq Scan",
                      "Parent Relationship": "Outer",
                      "Parallel Aware": true,
                      "Relation Name": "cast_info",
                      "Alias": "ci",
                      "Startup Cost": 0.0,
                      "Total Cost": 313106.51,
                      "Plan Rows": 6041951,
                      "Plan Width": 4,
                      "Actual Startup Time": 0.041,
                      "Actual Total Time": 588.98,
                      "Actual Rows": 5177763,
                      "Actual Loops": 7
                    },
                    {
                      "Node Type": "Hash",
                      "Parent Relationship": "Inner",
                      "Parallel Aware": true,
                      "Startup Cost": 91140.66,
                      "Total Cost": 91140.66,
                      "Plan Rows": 203572,
                      "Plan Width": 8,
                      "Actual Startup Time": 458.971,
                      "Actual Total Time": 459.093,
                      "Actual Rows": 91377,
                      "Actual Loops": 7,
                      "Hash Buckets": 1048576,
                      "Original Hash Buckets": 1048576,
                      "Hash Batches": 1,
                      "Original Hash Batches": 1,
                      "Peak Memory Usage": 33344,
                      "Plans": [
                        {
                          "Node Type": "Hash Join",
                          "Parent Relationship": "Outer",
                          "Parallel Aware": true,
                          "Join Type": "Inner",
                          "Startup Cost": 63607.63,
                          "Total Cost": 91140.66,
                          "Plan Rows": 203572,
                          "Plan Width": 8,
                          "Actual Startup Time": 314.384,
                          "Actual Total Time": 411.153,
                          "Actual Rows": 91377,
                          "Actual Loops": 7,
                          "Inner Unique": true,
                          "Hash Cond": "(mk.movie_id = t.id)",
                          "Plans": [
                            {
                              "Node Type": "Bitmap Heap Scan",
                              "Parent Relationship": "Outer",
                              "Parallel Aware": true,
                              "Relation Name": "movie_keyword",
                              "Alias": "mk",
                              "Startup Cost": 13387.25,
                              "Total Cost": 40385.9,
                              "Plan Rows": 203572,
                              "Plan Width": 4,
                              "Actual Startup Time": 37.796,
                              "Actual Total Time": 89.397,
                              "Actual Rows": 91377,
                              "Actual Loops": 7,
                              "Recheck Cond": "(keyword_id < 496)",
                              "Rows Removed by Index Recheck": 0,
                              "Exact Heap Blocks": 4297,
                              "Lossy Heap Blocks": 0,
                              "Plans": [
                                {
                                  "Node Type": "Bitmap Index Scan",
                                  "Parent Relationship": "Outer",
                                  "Parallel Aware": false,
                                  "Index Name": "keyword_id_movie_keyword",
                                  "Startup Cost": 0.0,
                                  "Total Cost": 13229.48,
                                  "Plan Rows": 631073,
                                  "Plan Width": 0,
                                  "Actual Startup Time": 34.108,
                                  "Actual Total Time": 34.109,
                                  "Actual Rows": 639638,
                                  "Actual Loops": 1,
                                  "Index Cond": "(keyword_id < 496)"
                                }
                              ]
                            },
                            {
                              "Node Type": "Hash",
                              "Parent Relationship": "Inner",
                              "Parallel Aware": true,
                              "Startup Cost": 42319.06,
                              "Total Cost": 42319.06,
                              "Plan Rows": 632106,
                              "Plan Width": 4,
                              "Actual Startup Time": 272.385,
                              "Actual Total Time": 272.388,
                              "Actual Rows": 361187,
                              "Actual Loops": 7,
                              "Hash Buckets": 4194304,
                              "Original Hash Buckets": 4194304,
                              "Hash Batches": 1,
                              "Original Hash Batches": 1,
                              "Peak Memory Usage": 131776,
                              "Plans": [
                                {
                                  "Node Type": "Seq Scan",
                                  "Parent Relationship": "Outer",
                                  "Parallel Aware": true,
                                  "Relation Name": "title",
                                  "Alias": "t",
                                  "Startup Cost": 0.0,
                                  "Total Cost": 42319.06,
                                  "Plan Rows": 632106,
                                  "Plan Width": 4,
                                  "Actual Startup Time": 0.059,
                                  "Actual Total Time": 79.546,
                                  "Actual Rows": 361187,
                                  "Actual Loops": 7
                                }
                              ]
                            }
                          ]
                        }
                      ]
                    }
                  ]
                }
              ]
            }
          ]
        }
      ]
    },
    "Planning Time": 0.382,
    "Triggers": [],
    "Execution Time": 2707.32
  }
]