{
    "Plan": {
        "Node Type": "Aggregate",
        "Strategy": "Plain",
        "Partial Mode": "Finalize",
        "Parallel Aware": false,
        "Startup Cost": 89671.45,
        "Total Cost": 89671.46,
        "Plan Rows": 1,
        "Plan Width": 8,
        "Actual Startup Time": 272.465,
        "Actual Total Time": 297.069,
        "Actual Rows": 1,
        "Actual Loops": 1,
        "Output": [
            "count(*)"
        ],
        "Plans": [
            {
                "Node Type": "Gather",
                "Parent Relationship": "Outer",
                "Parallel Aware": false,
                "Startup Cost": 89671.14,
                "Total Cost": 89671.45,
                "Plan Rows": 3,
                "Plan Width": 8,
                "Actual Startup Time": 271.57,
                "Actual Total Time": 297.06,
                "Actual Rows": 4,
                "Actual Loops": 1,
                "Output": [
                    "(PARTIAL count(*))"
                ],
                "Workers Planned": 3,
                "Workers Launched": 3,
                "Single Copy": false,
                "Plans": [
                    {
                        "Node Type": "Aggregate",
                        "Strategy": "Plain",
                        "Partial Mode": "Partial",
                        "Parent Relationship": "Outer",
                        "Parallel Aware": false,
                        "Startup Cost": 88671.14,
                        "Total Cost": 88671.15,
                        "Plan Rows": 1,
                        "Plan Width": 8,
                        "Actual Startup Time": 262.582,
                        "Actual Total Time": 262.586,
                        "Actual Rows": 1,
                        "Actual Loops": 4,
                        "Output": [
                            "PARTIAL count(*)"
                        ],
                        "Workers": [
                            {
                                "Worker Number": 0,
                                "Actual Startup Time": 259.485,
                                "Actual Total Time": 259.488,
                                "Actual Rows": 1,
                                "Actual Loops": 1
                            },
                            {
                                "Worker Number": 1,
                                "Actual Startup Time": 259.952,
                                "Actual Total Time": 259.955,
                                "Actual Rows": 1,
                                "Actual Loops": 1
                            },
                            {
                                "Worker Number": 2,
                                "Actual Startup Time": 260.082,
                                "Actual Total Time": 260.086,
                                "Actual Rows": 1,
                                "Actual Loops": 1
                            }
                        ],
                        "Plans": [
                            {
                                "Node Type": "Hash Join",
                                "Parent Relationship": "Outer",
                                "Parallel Aware": true,
                                "Join Type": "Inner",
                                "Startup Cost": 45566.63,
                                "Total Cost": 88666.87,
                                "Plan Rows": 1705,
                                "Plan Width": 0,
                                "Actual Startup Time": 148.088,
                                "Actual Total Time": 262.38,
                                "Actual Rows": 1926,
                                "Actual Loops": 4,
                                "Inner Unique": true,
                                "Hash Cond": "(mk.movie_id = t.id)",
                                "Workers": [
                                    {
                                        "Worker Number": 0,
                                        "Actual Startup Time": 145.045,
                                        "Actual Total Time": 259.28,
                                        "Actual Rows": 1449,
                                        "Actual Loops": 1
                                    },
                                    {
                                        "Worker Number": 1,
                                        "Actual Startup Time": 145.528,
                                        "Actual Total Time": 259.732,
                                        "Actual Rows": 1480,
                                        "Actual Loops": 1
                                    },
                                    {
                                        "Worker Number": 2,
                                        "Actual Startup Time": 145.495,
                                        "Actual Total Time": 259.868,
                                        "Actual Rows": 1565,
                                        "Actual Loops": 1
                                    }
                                ],
                                "Plans": [
                                    {
                                        "Node Type": "Seq Scan",
                                        "Parent Relationship": "Outer",
                                        "Parallel Aware": true,
                                        "Relation Name": "movie_keyword",
                                        "Schema": "public",
                                        "Alias": "mk",
                                        "Startup Cost": 0.0,
                                        "Total Cost": 42695.65,
                                        "Plan Rows": 154129,
                                        "Plan Width": 4,
                                        "Actual Startup Time": 6.01,
                                        "Actual Total Time": 120.907,
                                        "Actual Rows": 117148,
                                        "Actual Loops": 4,
                                        "Output": [
                                            "mk.id",
                                            "mk.movie_id",
                                            "mk.keyword_id"
                                        ],
                                        "Filter": "(mk.keyword_id > 37956)",
                                        "Rows Removed by Filter": 1013834,
                                        "Workers": [
                                            {
                                                "Worker Number": 0,
                                                "Actual Startup Time": 6.024,
                                                "Actual Total Time": 122.41,
                                                "Actual Rows": 92860,
                                                "Actual Loops": 1
                                            },
                                            {
                                                "Worker Number": 1,
                                                "Actual Startup Time": 6.007,
                                                "Actual Total Time": 121.848,
                                                "Actual Rows": 89993,
                                                "Actual Loops": 1
                                            },
                                            {
                                                "Worker Number": 2,
                                                "Actual Startup Time": 6.006,
                                                "Actual Total Time": 121.733,
                                                "Actual Rows": 90236,
                                                "Actual Loops": 1
                                            }
                                        ]
                                    },
                                    {
                                        "Node Type": "Hash",
                                        "Parent Relationship": "Inner",
                                        "Parallel Aware": true,
                                        "Startup Cost": 45479.21,
                                        "Total Cost": 45479.21,
                                        "Plan Rows": 6994,
                                        "Plan Width": 4,
                                        "Actual Startup Time": 120.882,
                                        "Actual Total Time": 120.883,
                                        "Actual Rows": 25994,
                                        "Actual Loops": 4,
                                        "Output": [
                                            "t.id"
                                        ],
                                        "Hash Buckets": 131072,
                                        "Original Hash Buckets": 32768,
                                        "Hash Batches": 1,
                                        "Original Hash Batches": 1,
                                        "Peak Memory Usage": 5888,
                                        "Workers": [
                                            {
                                                "Worker Number": 0,
                                                "Actual Startup Time": 118.533,
                                                "Actual Total Time": 118.535,
                                                "Actual Rows": 22393,
                                                "Actual Loops": 1
                                            },
                                            {
                                                "Worker Number": 1,
                                                "Actual Startup Time": 119.076,
                                                "Actual Total Time": 119.077,
                                                "Actual Rows": 21233,
                                                "Actual Loops": 1
                                            },
                                            {
                                                "Worker Number": 2,
                                                "Actual Startup Time": 119.101,
                                                "Actual Total Time": 119.102,
                                                "Actual Rows": 21198,
                                                "Actual Loops": 1
                                            }
                                        ],
                                        "Plans": [
                                            {
                                                "Node Type": "Seq Scan",
                                                "Parent Relationship": "Outer",
                                                "Parallel Aware": true,
                                                "Relation Name": "title",
                                                "Schema": "public",
                                                "Alias": "t",
                                                "Startup Cost": 0.0,
                                                "Total Cost": 45479.21,
                                                "Plan Rows": 6994,
                                                "Plan Width": 4,
                                                "Actual Startup Time": 68.641,
                                                "Actual Total Time": 106.508,
                                                "Actual Rows": 25994,
                                                "Actual Loops": 4,
                                                "Output": [
                                                    "t.id"
                                                ],
                                                "Filter": "((t.production_year < 1926) AND (t.kind_id = 1))",
                                                "Rows Removed by Filter": 606084,
                                                "Workers": [
                                                    {
                                                        "Worker Number": 0,
                                                        "Actual Startup Time": 64.646,
                                                        "Actual Total Time": 105.488,
                                                        "Actual Rows": 22393,
                                                        "Actual Loops": 1
                                                    },
                                                    {
                                                        "Worker Number": 1,
                                                        "Actual Startup Time": 68.97,
                                                        "Actual Total Time": 104.956,
                                                        "Actual Rows": 21233,
                                                        "Actual Loops": 1
                                                    },
                                                    {
                                                        "Worker Number": 2,
                                                        "Actual Startup Time": 69.005,
                                                        "Actual Total Time": 105.449,
                                                        "Actual Rows": 21198,
                                                        "Actual Loops": 1
                                                    }
                                                ]
                                            }
                                        ]
                                    }
                                ]
                            }
                        ]
                    }
                ]
            }
        ]
    },
    "Planning Time": 0.693,
    "Triggers": [],
    "Execution Time": 297.14
}