{
  "Plan": {
    "Node Type": "Aggregate",
    "Strategy": "Plain",
    "Partial Mode": "Finalize",
    "Parallel Aware": false,
    "Startup Cost": 138225.66,
    "Total Cost": 138225.67,
    "Plan Rows": 1,
    "Plan Width": 8,
    "Actual Startup Time": 818.54,
    "Actual Total Time": 870.635,
    "Actual Rows": 1,
    "Actual Loops": 1,
    "Plans": [
      {
        "Node Type": "Gather",
        "Parent Relationship": "Outer",
        "Parallel Aware": false,
        "Startup Cost": 138225.55,
        "Total Cost": 138225.66,
        "Plan Rows": 1,
        "Plan Width": 8,
        "Actual Startup Time": 817.838,
        "Actual Total Time": 870.628,
        "Actual Rows": 2,
        "Actual Loops": 1,
        "Workers Planned": 1,
        "Workers Launched": 1,
        "Single Copy": false,
        "Plans": [
          {
            "Node Type": "Aggregate",
            "Strategy": "Plain",
            "Partial Mode": "Partial",
            "Parent Relationship": "Outer",
            "Parallel Aware": false,
            "Startup Cost": 137225.55,
            "Total Cost": 137225.56,
            "Plan Rows": 1,
            "Plan Width": 8,
            "Actual Startup Time": 813.387,
            "Actual Total Time": 813.391,
            "Actual Rows": 1,
            "Actual Loops": 2,
            "Plans": [
              {
                "Node Type": "Nested Loop",
                "Parent Relationship": "Outer",
                "Parallel Aware": false,
                "Join Type": "Inner",
                "Startup Cost": 58865.89,
                "Total Cost": 137088.68,
                "Plan Rows": 54748,
                "Plan Width": 0,
                "Actual Startup Time": 166.112,
                "Actual Total Time": 784.746,
                "Actual Rows": 664314,
                "Actual Loops": 2,
                "Inner Unique": false,
                "Join Filter": "(t.id = mi.movie_id)",
                "Rows Removed by Join Filter": 0,
                "Plans": [
                  {
                    "Node Type": "Hash Join",
                    "Parent Relationship": "Outer",
                    "Parallel Aware": true,
                    "Join Type": "Inner",
                    "Startup Cost": 58865.46,
                    "Total Cost": 98121.79,
                    "Plan Rows": 14680,
                    "Plan Width": 8,
                    "Actual Startup Time": 166.051,
                    "Actual Total Time": 338.952,
                    "Actual Rows": 27570,
                    "Actual Loops": 2,
                    "Inner Unique": true,
                    "Hash Cond": "(mc.movie_id = t.id)",
                    "Plans": [
                      {
                        "Node Type": "Seq Scan",
                        "Parent Relationship": "Outer",
                        "Parallel Aware": true,
                        "Relation Name": "movie_companies",
                        "Alias": "mc",
                        "Startup Cost": 0.0,
                        "Total Cost": 37974.77,
                        "Plan Rows": 488216,
                        "Plan Width": 4,
                        "Actual Startup Time": 0.015,
                        "Actual Total Time": 102.14,
                        "Actual Rows": 411990,
                        "Actual Loops": 2,
                        "Filter": "(company_id < 2017)",
                        "Rows Removed by Filter": 892574
                      },
                      {
                        "Node Type": "Hash",
                        "Parent Relationship": "Inner",
                        "Parallel Aware": true,
                        "Startup Cost": 58306.47,
                        "Total Cost": 58306.47,
                        "Plan Rows": 44719,
                        "Plan Width": 4,
                        "Actual Startup Time": 163.69,
                        "Actual Total Time": 163.691,
                        "Actual Rows": 90194,
                        "Actual Loops": 2,
                        "Hash Buckets": 262144,
                        "Original Hash Buckets": 131072,
                        "Hash Batches": 1,
                        "Original Hash Batches": 1,
                        "Peak Memory Usage": 10176,
                        "Plans": [
                          {
                            "Node Type": "Seq Scan",
                            "Parent Relationship": "Outer",
                            "Parallel Aware": true,
                            "Relation Name": "title",
                            "Alias": "t",
                            "Startup Cost": 0.0,
                            "Total Cost": 58306.47,
                            "Plan Rows": 44719,
                            "Plan Width": 4,
                            "Actual Startup Time": 0.4,
                            "Actual Total Time": 142.467,
                            "Actual Rows": 90194,
                            "Actual Loops": 2,
                            "Filter": "((kind_id < 7) AND (production_year < 1956))",
                            "Rows Removed by Filter": 1173962
                          }
                        ]
                      }
                    ]
                  },
                  {
                    "Node Type": "Index Scan",
                    "Parent Relationship": "Inner",
                    "Parallel Aware": false,
                    "Scan Direction": "Forward",
                    "Index Name": "movie_id_movie_info",
                    "Relation Name": "movie_info",
                    "Alias": "mi",
                    "Startup Cost": 0.43,
                    "Total Cost": 2.32,
                    "Plan Rows": 27,
                    "Plan Width": 4,
                    "Actual Startup Time": 0.005,
                    "Actual Total Time": 0.014,
                    "Actual Rows": 24,
                    "Actual Loops": 55139,
                    "Index Cond": "(movie_id = mc.movie_id)",
                    "Rows Removed by Index Recheck": 0,
                    "Filter": "(info_type_id > 5)",
                    "Rows Removed by Filter": 7
                  }
                ]
              }
            ]
          }
        ]
      }
    ]
  },
  "Planning Time": 1.078,
  "Triggers": [],
  "Execution Time": 870.734
}