[
  {
    "Plan": {
      "Node Type": "Aggregate",
      "Strategy": "Plain",
      "Partial Mode": "Finalize",
      "Parallel Aware": false,
      "Startup Cost": 45946.05,
      "Total Cost": 45946.06,
      "Plan Rows": 1,
      "Plan Width": 8,
      "Actual Startup Time": 155.432,
      "Actual Total Time": 163.611,
      "Actual Rows": 1,
      "Actual Loops": 1,
      "Plans": [
        {
          "Node Type": "Gather",
          "Parent Relationship": "Outer",
          "Parallel Aware": false,
          "Startup Cost": 45945.74,
          "Total Cost": 45946.05,
          "Plan Rows": 3,
          "Plan Width": 8,
          "Actual Startup Time": 155.312,
          "Actual Total Time": 163.603,
          "Actual Rows": 4,
          "Actual Loops": 1,
          "Workers Planned": 3,
          "Workers Launched": 3,
          "Single Copy": false,
          "Plans": [
            {
              "Node Type": "Aggregate",
              "Strategy": "Plain",
              "Partial Mode": "Partial",
              "Parent Relationship": "Outer",
              "Parallel Aware": false,
              "Startup Cost": 44945.74,
              "Total Cost": 44945.75,
              "Plan Rows": 1,
              "Plan Width": 8,
              "Actual Startup Time": 148.017,
              "Actual Total Time": 148.018,
              "Actual Rows": 1,
              "Actual Loops": 4,
              "Plans": [
                {
                  "Node Type": "Seq Scan",
                  "Parent Relationship": "Outer",
                  "Parallel Aware": true,
                  "Relation Name": "movie_keyword",
                  "Alias": "mk",
                  "Startup Cost": 0.0,
                  "Total Cost": 42695.65,
                  "Plan Rows": 900033,
                  "Plan Width": 0,
                  "Actual Startup Time": 0.055,
                  "Actual Total Time": 116.194,
                  "Actual Rows": 695332,
                  "Actual Loops": 4,
                  "Filter": "(keyword_id < 8050)",
                  "Rows Removed by Filter": 435650
                }
              ]
            }
          ]
        }
      ]
    },
    "Planning Time": 0.187,
    "Triggers": [],
    "Execution Time": 163.667
  }
]