{
  "Plan": {
    "Node Type": "Aggregate",
    "Strategy": "Plain",
    "Partial Mode": "Finalize",
    "Parallel Aware": false,
    "Startup Cost": 168631.44,
    "Total Cost": 168631.45,
    "Plan Rows": 1,
    "Plan Width": 8,
    "Actual Startup Time": 183.147,
    "Actual Total Time": 205.083,
    "Actual Rows": 1,
    "Actual Loops": 1,
    "Plans": [
      {
        "Node Type": "Gather",
        "Parent Relationship": "Outer",
        "Parallel Aware": false,
        "Startup Cost": 168631.33,
        "Total Cost": 168631.44,
        "Plan Rows": 1,
        "Plan Width": 8,
        "Actual Startup Time": 183.019,
        "Actual Total Time": 205.076,
        "Actual Rows": 2,
        "Actual Loops": 1,
        "Workers Planned": 1,
        "Workers Launched": 1,
        "Single Copy": false,
        "Plans": [
          {
            "Node Type": "Aggregate",
            "Strategy": "Plain",
            "Partial Mode": "Partial",
            "Parent Relationship": "Outer",
            "Parallel Aware": false,
            "Startup Cost": 167631.33,
            "Total Cost": 167631.34,
            "Plan Rows": 1,
            "Plan Width": 8,
            "Actual Startup Time": 177.279,
            "Actual Total Time": 177.28,
            "Actual Rows": 1,
            "Actual Loops": 2,
            "Plans": [
              {
                "Node Type": "Nested Loop",
                "Parent Relationship": "Outer",
                "Parallel Aware": false,
                "Join Type": "Inner",
                "Startup Cost": 0.43,
                "Total Cost": 167622.03,
                "Plan Rows": 3719,
                "Plan Width": 0,
                "Actual Startup Time": 90.649,
                "Actual Total Time": 176.279,
                "Actual Rows": 17438,
                "Actual Loops": 2,
                "Inner Unique": false,
                "Plans": [
                  {
                    "Node Type": "Seq Scan",
                    "Parent Relationship": "Outer",
                    "Parallel Aware": true,
                    "Relation Name": "title",
                    "Alias": "t",
                    "Startup Cost": 0.0,
                    "Total Cost": 58306.47,
                    "Plan Rows": 739,
                    "Plan Width": 4,
                    "Actual Startup Time": 90.567,
                    "Actual Total Time": 133.825,
                    "Actual Rows": 2006,
                    "Actual Loops": 2,
                    "Filter": "((kind_id < 7) AND (production_year = 1920))",
                    "Rows Removed by Filter": 1262150
                  },
                  {
                    "Node Type": "Index Scan",
                    "Parent Relationship": "Inner",
                    "Parallel Aware": false,
                    "Scan Direction": "Forward",
                    "Index Name": "movie_id_movie_info",
                    "Relation Name": "movie_info",
                    "Alias": "mi",
                    "Startup Cost": 0.43,
                    "Total Cost": 147.56,
                    "Plan Rows": 36,
                    "Plan Width": 4,
                    "Actual Startup Time": 0.008,
                    "Actual Total Time": 0.02,
                    "Actual Rows": 9,
                    "Actual Loops": 4012,
                    "Index Cond": "(movie_id = t.id)",
                    "Rows Removed by Index Recheck": 0,
                    "Filter": "(info_type_id > 2)",
                    "Rows Removed by Filter": 1
                  }
                ]
              }
            ]
          }
        ]
      }
    ]
  },
  "Planning Time": 0.479,
  "Triggers": [],
  "Execution Time": 205.158
}