{
  "Plan": {
    "Node Type": "Aggregate",
    "Strategy": "Plain",
    "Partial Mode": "Finalize",
    "Parallel Aware": false,
    "Startup Cost": 123859.21,
    "Total Cost": 123859.22,
    "Plan Rows": 1,
    "Plan Width": 8,
    "Actual Startup Time": 463.608,
    "Actual Total Time": 479.911,
    "Actual Rows": 1,
    "Actual Loops": 1,
    "Plans": [
      {
        "Node Type": "Gather",
        "Parent Relationship": "Outer",
        "Parallel Aware": false,
        "Startup Cost": 123859.1,
        "Total Cost": 123859.21,
        "Plan Rows": 1,
        "Plan Width": 8,
        "Actual Startup Time": 463.004,
        "Actual Total Time": 479.903,
        "Actual Rows": 2,
        "Actual Loops": 1,
        "Workers Planned": 1,
        "Workers Launched": 1,
        "Single Copy": false,
        "Plans": [
          {
            "Node Type": "Aggregate",
            "Strategy": "Plain",
            "Partial Mode": "Partial",
            "Parent Relationship": "Outer",
            "Parallel Aware": false,
            "Startup Cost": 122859.1,
            "Total Cost": 122859.11,
            "Plan Rows": 1,
            "Plan Width": 8,
            "Actual Startup Time": 456.829,
            "Actual Total Time": 456.833,
            "Actual Rows": 1,
            "Actual Loops": 2,
            "Plans": [
              {
                "Node Type": "Nested Loop",
                "Parent Relationship": "Outer",
                "Parallel Aware": false,
                "Join Type": "Inner",
                "Startup Cost": 59851.37,
                "Total Cost": 122685.1,
                "Plan Rows": 69599,
                "Plan Width": 0,
                "Actual Startup Time": 161.801,
                "Actual Total Time": 447.99,
                "Actual Rows": 186978,
                "Actual Loops": 2,
                "Inner Unique": false,
                "Join Filter": "(t.id = mc.movie_id)",
                "Rows Removed by Join Filter": 0,
                "Plans": [
                  {
                    "Node Type": "Hash Join",
                    "Parent Relationship": "Outer",
                    "Parallel Aware": true,
                    "Join Type": "Inner",
                    "Startup Cost": 59850.94,
                    "Total Cost": 78034.73,
                    "Plan Rows": 67442,
                    "Plan Width": 8,
                    "Actual Startup Time": 161.75,
                    "Actual Total Time": 291.285,
                    "Actual Rows": 57980,
                    "Actual Loops": 2,
                    "Inner Unique": true,
                    "Hash Cond": "(mi_idx.movie_id = t.id)",
                    "Plans": [
                      {
                        "Node Type": "Seq Scan",
                        "Parent Relationship": "Outer",
                        "Parallel Aware": true,
                        "Relation Name": "movie_info_idx",
                        "Alias": "mi_idx",
                        "Startup Cost": 0.0,
                        "Total Cost": 16052.85,
                        "Plan Rows": 811785,
                        "Plan Width": 4,
                        "Actual Startup Time": 0.016,
                        "Actual Total Time": 48.451,
                        "Actual Rows": 690018,
                        "Actual Loops": 2
                      },
                      {
                        "Node Type": "Hash",
                        "Parent Relationship": "Inner",
                        "Parallel Aware": true,
                        "Startup Cost": 58306.47,
                        "Total Cost": 58306.47,
                        "Plan Rows": 123558,
                        "Plan Width": 4,
                        "Actual Startup Time": 158.616,
                        "Actual Total Time": 158.617,
                        "Actual Rows": 91918,
                        "Actual Loops": 2,
                        "Hash Buckets": 262144,
                        "Original Hash Buckets": 262144,
                        "Hash Batches": 1,
                        "Original Hash Batches": 1,
                        "Peak Memory Usage": 9280,
                        "Plans": [
                          {
                            "Node Type": "Seq Scan",
                            "Parent Relationship": "Outer",
                            "Parallel Aware": true,
                            "Relation Name": "title",
                            "Alias": "t",
                            "Startup Cost": 0.0,
                            "Total Cost": 58306.47,
                            "Plan Rows": 123558,
                            "Plan Width": 4,
                            "Actual Startup Time": 0.099,
                            "Actual Total Time": 136.791,
                            "Actual Rows": 91918,
                            "Actual Loops": 2,
                            "Filter": "((kind_id < 7) AND (production_year > 2009))",
                            "Rows Removed by Filter": 1172238
                          }
                        ]
                      }
                    ]
                  },
                  {
                    "Node Type": "Index Only Scan",
                    "Parent Relationship": "Inner",
                    "Parallel Aware": false,
                    "Scan Direction": "Forward",
                    "Index Name": "movie_id_movie_companies",
                    "Relation Name": "movie_companies",
                    "Alias": "mc",
                    "Startup Cost": 0.43,
                    "Total Cost": 0.6,
                    "Plan Rows": 5,
                    "Plan Width": 4,
                    "Actual Startup Time": 0.002,
                    "Actual Total Time": 0.002,
                    "Actual Rows": 3,
                    "Actual Loops": 115961,
                    "Index Cond": "(movie_id = mi_idx.movie_id)",
                    "Rows Removed by Index Recheck": 0,
                    "Heap Fetches": 373956
                  }
                ]
              }
            ]
          }
        ]
      }
    ]
  },
  "Planning Time": 1.016,
  "Triggers": [],
  "Execution Time": 479.997
}