[
  {
    "Plan": {
      "Node Type": "Aggregate",
      "Strategy": "Plain",
      "Partial Mode": "Finalize",
      "Parallel Aware": false,
      "Startup Cost": 46974.26,
      "Total Cost": 46974.27,
      "Plan Rows": 1,
      "Plan Width": 8,
      "Actual Startup Time": 111.893,
      "Actual Total Time": 124.901,
      "Actual Rows": 1,
      "Actual Loops": 1,
      "Plans": [
        {
          "Node Type": "Gather",
          "Parent Relationship": "Outer",
          "Parallel Aware": false,
          "Startup Cost": 46973.84,
          "Total Cost": 46974.25,
          "Plan Rows": 4,
          "Plan Width": 8,
          "Actual Startup Time": 111.69,
          "Actual Total Time": 124.887,
          "Actual Rows": 5,
          "Actual Loops": 1,
          "Workers Planned": 4,
          "Workers Launched": 4,
          "Single Copy": false,
          "Plans": [
            {
              "Node Type": "Aggregate",
              "Strategy": "Plain",
              "Partial Mode": "Partial",
              "Parent Relationship": "Outer",
              "Parallel Aware": false,
              "Startup Cost": 45973.84,
              "Total Cost": 45973.85,
              "Plan Rows": 1,
              "Plan Width": 8,
              "Actual Startup Time": 105.693,
              "Actual Total Time": 105.694,
              "Actual Rows": 1,
              "Actual Loops": 5,
              "Plans": [
                {
                  "Node Type": "Seq Scan",
                  "Parent Relationship": "Outer",
                  "Parallel Aware": true,
                  "Relation Name": "title",
                  "Alias": "t",
                  "Startup Cost": 0.0,
                  "Total Cost": 45479.59,
                  "Plan Rows": 197702,
                  "Plan Width": 0,
                  "Actual Startup Time": 0.029,
                  "Actual Total Time": 96.936,
                  "Actual Rows": 139647,
                  "Actual Loops": 5,
                  "Filter": "((kind_id > 2) AND (production_year < 2002))",
                  "Rows Removed by Filter": 366015
                }
              ]
            }
          ]
        }
      ]
    },
    "Planning Time": 0.239,
    "Triggers": [],
    "Execution Time": 124.974
  }
]