[
  {
    "Plan": {
      "Node Type": "Aggregate",
      "Strategy": "Plain",
      "Partial Mode": "Finalize",
      "Parallel Aware": false,
      "Startup Cost": 61726.85,
      "Total Cost": 61726.86,
      "Plan Rows": 1,
      "Plan Width": 8,
      "Actual Startup Time": 192.486,
      "Actual Total Time": 205.768,
      "Actual Rows": 1,
      "Actual Loops": 1,
      "Plans": [
        {
          "Node Type": "Gather",
          "Parent Relationship": "Outer",
          "Parallel Aware": false,
          "Startup Cost": 61726.64,
          "Total Cost": 61726.85,
          "Plan Rows": 2,
          "Plan Width": 8,
          "Actual Startup Time": 192.357,
          "Actual Total Time": 205.761,
          "Actual Rows": 3,
          "Actual Loops": 1,
          "Workers Planned": 2,
          "Workers Launched": 2,
          "Single Copy": false,
          "Plans": [
            {
              "Node Type": "Aggregate",
              "Strategy": "Plain",
              "Partial Mode": "Partial",
              "Parent Relationship": "Outer",
              "Parallel Aware": false,
              "Startup Cost": 60726.64,
              "Total Cost": 60726.65,
              "Plan Rows": 1,
              "Plan Width": 8,
              "Actual Startup Time": 184.767,
              "Actual Total Time": 184.77,
              "Actual Rows": 1,
              "Actual Loops": 3,
              "Plans": [
                {
                  "Node Type": "Hash Join",
                  "Parent Relationship": "Outer",
                  "Parallel Aware": true,
                  "Join Type": "Inner",
                  "Startup Cost": 45523.92,
                  "Total Cost": 60718.48,
                  "Plan Rows": 3262,
                  "Plan Width": 0,
                  "Actual Startup Time": 114.942,
                  "Actual Total Time": 184.474,
                  "Actual Rows": 5382,
                  "Actual Loops": 3,
                  "Inner Unique": true,
                  "Hash Cond": "(mi_idx.movie_id = t.id)",
                  "Plans": [
                    {
                      "Node Type": "Seq Scan",
                      "Parent Relationship": "Outer",
                      "Parallel Aware": true,
                      "Relation Name": "movie_info_idx",
                      "Alias": "mi_idx",
                      "Startup Cost": 0.0,
                      "Total Cost": 13685.15,
                      "Plan Rows": 575015,
                      "Plan Width": 4,
                      "Actual Startup Time": 0.022,
                      "Actual Total Time": 35.221,
                      "Actual Rows": 460012,
                      "Actual Loops": 3
                    },
                    {
                      "Node Type": "Hash",
                      "Parent Relationship": "Inner",
                      "Parallel Aware": true,
                      "Startup Cost": 45479.1,
                      "Total Cost": 45479.1,
                      "Plan Rows": 3586,
                      "Plan Width": 4,
                      "Actual Startup Time": 113.327,
                      "Actual Total Time": 113.328,
                      "Actual Rows": 4069,
                      "Actual Loops": 3,
                      "Hash Buckets": 16384,
                      "Original Hash Buckets": 16384,
                      "Hash Batches": 1,
                      "Original Hash Batches": 1,
                      "Peak Memory Usage": 672,
                      "Plans": [
                        {
                          "Node Type": "Seq Scan",
                          "Parent Relationship": "Outer",
                          "Parallel Aware": true,
                          "Relation Name": "title",
                          "Alias": "t",
                          "Startup Cost": 0.0,
                          "Total Cost": 45479.1,
                          "Plan Rows": 3586,
                          "Plan Width": 4,
                          "Actual Startup Time": 0.814,
                          "Actual Total Time": 111.516,
                          "Actual Rows": 4069,
                          "Actual Loops": 3,
                          "Filter": "((kind_id < 7) AND (production_year = 1996))",
                          "Rows Removed by Filter": 838701
                        }
                      ]
                    }
                  ]
                }
              ]
            }
          ]
        }
      ]
    },
    "Planning Time": 0.544,
    "Triggers": [],
    "Execution Time": 205.835
  }
]