{
    "Plan": {
        "Node Type": "Aggregate",
        "Strategy": "Plain",
        "Partial Mode": "Finalize",
        "Parallel Aware": false,
        "Startup Cost": 394986.64,
        "Total Cost": 394986.65,
        "Plan Rows": 1,
        "Plan Width": 8,
        "Actual Startup Time": 968.586,
        "Actual Total Time": 1016.27,
        "Actual Rows": 1,
        "Actual Loops": 1,
        "Output": [
            "count(*)"
        ],
        "Plans": [
            {
                "Node Type": "Gather",
                "Parent Relationship": "Outer",
                "Parallel Aware": false,
                "Startup Cost": 394986.01,
                "Total Cost": 394986.62,
                "Plan Rows": 6,
                "Plan Width": 8,
                "Actual Startup Time": 967.019,
                "Actual Total Time": 1016.26,
                "Actual Rows": 7,
                "Actual Loops": 1,
                "Output": [
                    "(PARTIAL count(*))"
                ],
                "Workers Planned": 6,
                "Workers Launched": 6,
                "Single Copy": false,
                "Plans": [
                    {
                        "Node Type": "Aggregate",
                        "Strategy": "Plain",
                        "Partial Mode": "Partial",
                        "Parent Relationship": "Outer",
                        "Parallel Aware": false,
                        "Startup Cost": 393986.01,
                        "Total Cost": 393986.02,
                        "Plan Rows": 1,
                        "Plan Width": 8,
                        "Actual Startup Time": 956.359,
                        "Actual Total Time": 956.362,
                        "Actual Rows": 1,
                        "Actual Loops": 7,
                        "Output": [
                            "PARTIAL count(*)"
                        ],
                        "Workers": [
                            {
                                "Worker Number": 0,
                                "Actual Startup Time": 954.281,
                                "Actual Total Time": 954.284,
                                "Actual Rows": 1,
                                "Actual Loops": 1
                            },
                            {
                                "Worker Number": 1,
                                "Actual Startup Time": 954.327,
                                "Actual Total Time": 954.33,
                                "Actual Rows": 1,
                                "Actual Loops": 1
                            },
                            {
                                "Worker Number": 2,
                                "Actual Startup Time": 954.256,
                                "Actual Total Time": 954.26,
                                "Actual Rows": 1,
                                "Actual Loops": 1
                            },
                            {
                                "Worker Number": 3,
                                "Actual Startup Time": 954.903,
                                "Actual Total Time": 954.905,
                                "Actual Rows": 1,
                                "Actual Loops": 1
                            },
                            {
                                "Worker Number": 4,
                                "Actual Startup Time": 954.933,
                                "Actual Total Time": 954.935,
                                "Actual Rows": 1,
                                "Actual Loops": 1
                            },
                            {
                                "Worker Number": 5,
                                "Actual Startup Time": 955.69,
                                "Actual Total Time": 955.694,
                                "Actual Rows": 1,
                                "Actual Loops": 1
                            }
                        ],
                        "Plans": [
                            {
                                "Node Type": "Hash Join",
                                "Parent Relationship": "Outer",
                                "Parallel Aware": true,
                                "Join Type": "Inner",
                                "Startup Cost": 46131.33,
                                "Total Cost": 393655.46,
                                "Plan Rows": 132222,
                                "Plan Width": 0,
                                "Actual Startup Time": 395.213,
                                "Actual Total Time": 947.572,
                                "Actual Rows": 182700,
                                "Actual Loops": 7,
                                "Inner Unique": true,
                                "Hash Cond": "(ci.movie_id = t.id)",
                                "Workers": [
                                    {
                                        "Worker Number": 0,
                                        "Actual Startup Time": 393.078,
                                        "Actual Total Time": 945.472,
                                        "Actual Rows": 190671,
                                        "Actual Loops": 1
                                    },
                                    {
                                        "Worker Number": 1,
                                        "Actual Startup Time": 393.254,
                                        "Actual Total Time": 945.64,
                                        "Actual Rows": 188653,
                                        "Actual Loops": 1
                                    },
                                    {
                                        "Worker Number": 2,
                                        "Actual Startup Time": 393.081,
                                        "Actual Total Time": 945.975,
                                        "Actual Rows": 177831,
                                        "Actual Loops": 1
                                    },
                                    {
                                        "Worker Number": 3,
                                        "Actual Startup Time": 393.739,
                                        "Actual Total Time": 946.247,
                                        "Actual Rows": 186859,
                                        "Actual Loops": 1
                                    },
                                    {
                                        "Worker Number": 4,
                                        "Actual Startup Time": 393.742,
                                        "Actual Total Time": 946.339,
                                        "Actual Rows": 185846,
                                        "Actual Loops": 1
                                    },
                                    {
                                        "Worker Number": 5,
                                        "Actual Startup Time": 394.673,
                                        "Actual Total Time": 946.615,
                                        "Actual Rows": 122463,
                                        "Actual Loops": 1
                                    }
                                ],
                                "Plans": [
                                    {
                                        "Node Type": "Seq Scan",
                                        "Parent Relationship": "Outer",
                                        "Parallel Aware": true,
                                        "Relation Name": "cast_info",
                                        "Schema": "public",
                                        "Alias": "ci",
                                        "Startup Cost": 0.0,
                                        "Total Cost": 343318.94,
                                        "Plan Rows": 1601971,
                                        "Plan Width": 4,
                                        "Actual Startup Time": 312.457,
                                        "Actual Total Time": 612.762,
                                        "Actual Rows": 1728263,
                                        "Actual Loops": 7,
                                        "Output": [
                                            "ci.id",
                                            "ci.person_id",
                                            "ci.movie_id",
                                            "ci.person_role_id",
                                            "ci.note",
                                            "ci.nr_order",
                                            "ci.role_id"
                                        ],
                                        "Filter": "((ci.person_id > 1424989) AND (ci.role_id > 2))",
                                        "Rows Removed by Filter": 3449500,
                                        "Workers": [
                                            {
                                                "Worker Number": 0,
                                                "Actual Startup Time": 312.455,
                                                "Actual Total Time": 614.216,
                                                "Actual Rows": 1789087,
                                                "Actual Loops": 1
                                            },
                                            {
                                                "Worker Number": 1,
                                                "Actual Startup Time": 312.454,
                                                "Actual Total Time": 614.168,
                                                "Actual Rows": 1796252,
                                                "Actual Loops": 1
                                            },
                                            {
                                                "Worker Number": 2,
                                                "Actual Startup Time": 312.437,
                                                "Actual Total Time": 615.297,
                                                "Actual Rows": 1692418,
                                                "Actual Loops": 1
                                            },
                                            {
                                                "Worker Number": 3,
                                                "Actual Startup Time": 312.472,
                                                "Actual Total Time": 610.941,
                                                "Actual Rows": 1761361,
                                                "Actual Loops": 1
                                            },
                                            {
                                                "Worker Number": 4,
                                                "Actual Startup Time": 312.454,
                                                "Actual Total Time": 611.914,
                                                "Actual Rows": 1759770,
                                                "Actual Loops": 1
                                            },
                                            {
                                                "Worker Number": 5,
                                                "Actual Startup Time": 312.462,
                                                "Actual Total Time": 615.155,
                                                "Actual Rows": 1155697,
                                                "Actual Loops": 1
                                            }
                                        ]
                                    },
                                    {
                                        "Node Type": "Hash",
                                        "Parent Relationship": "Inner",
                                        "Parallel Aware": true,
                                        "Startup Cost": 45479.21,
                                        "Total Cost": 45479.21,
                                        "Plan Rows": 52170,
                                        "Plan Width": 4,
                                        "Actual Startup Time": 80.728,
                                        "Actual Total Time": 80.729,
                                        "Actual Rows": 26056,
                                        "Actual Loops": 7,
                                        "Output": [
                                            "t.id"
                                        ],
                                        "Hash Buckets": 262144,
                                        "Original Hash Buckets": 262144,
                                        "Hash Batches": 1,
                                        "Original Hash Batches": 1,
                                        "Peak Memory Usage": 9312,
                                        "Workers": [
                                            {
                                                "Worker Number": 0,
                                                "Actual Startup Time": 79.803,
                                                "Actual Total Time": 79.804,
                                                "Actual Rows": 26536,
                                                "Actual Loops": 1
                                            },
                                            {
                                                "Worker Number": 1,
                                                "Actual Startup Time": 79.762,
                                                "Actual Total Time": 79.763,
                                                "Actual Rows": 26762,
                                                "Actual Loops": 1
                                            },
                                            {
                                                "Worker Number": 2,
                                                "Actual Startup Time": 79.865,
                                                "Actual Total Time": 79.866,
                                                "Actual Rows": 24439,
                                                "Actual Loops": 1
                                            },
                                            {
                                                "Worker Number": 3,
                                                "Actual Startup Time": 80.517,
                                                "Actual Total Time": 80.518,
                                                "Actual Rows": 25562,
                                                "Actual Loops": 1
                                            },
                                            {
                                                "Worker Number": 4,
                                                "Actual Startup Time": 80.518,
                                                "Actual Total Time": 80.519,
                                                "Actual Rows": 26367,
                                                "Actual Loops": 1
                                            },
                                            {
                                                "Worker Number": 5,
                                                "Actual Startup Time": 81.098,
                                                "Actual Total Time": 81.099,
                                                "Actual Rows": 18276,
                                                "Actual Loops": 1
                                            }
                                        ],
                                        "Plans": [
                                            {
                                                "Node Type": "Seq Scan",
                                                "Parent Relationship": "Outer",
                                                "Parallel Aware": true,
                                                "Relation Name": "title",
                                                "Schema": "public",
                                                "Alias": "t",
                                                "Startup Cost": 0.0,
                                                "Total Cost": 45479.21,
                                                "Plan Rows": 52170,
                                                "Plan Width": 4,
                                                "Actual Startup Time": 39.806,
                                                "Actual Total Time": 70.794,
                                                "Actual Rows": 26056,
                                                "Actual Loops": 7,
                                                "Output": [
                                                    "t.id"
                                                ],
                                                "Filter": "((t.production_year > 2007) AND (t.kind_id = 1))",
                                                "Rows Removed by Filter": 335131,
                                                "Workers": [
                                                    {
                                                        "Worker Number": 0,
                                                        "Actual Startup Time": 44.415,
                                                        "Actual Total Time": 70.502,
                                                        "Actual Rows": 26536,
                                                        "Actual Loops": 1
                                                    },
                                                    {
                                                        "Worker Number": 1,
                                                        "Actual Startup Time": 44.206,
                                                        "Actual Total Time": 70.345,
                                                        "Actual Rows": 26762,
                                                        "Actual Loops": 1
                                                    },
                                                    {
                                                        "Worker Number": 2,
                                                        "Actual Startup Time": 44.424,
                                                        "Actual Total Time": 69.658,
                                                        "Actual Rows": 24439,
                                                        "Actual Loops": 1
                                                    },
                                                    {
                                                        "Worker Number": 3,
                                                        "Actual Startup Time": 45.076,
                                                        "Actual Total Time": 70.721,
                                                        "Actual Rows": 25562,
                                                        "Actual Loops": 1
                                                    },
                                                    {
                                                        "Worker Number": 4,
                                                        "Actual Startup Time": 45.763,
                                                        "Actual Total Time": 70.836,
                                                        "Actual Rows": 26367,
                                                        "Actual Loops": 1
                                                    },
                                                    {
                                                        "Worker Number": 5,
                                                        "Actual Startup Time": 6.645,
                                                        "Actual Total Time": 71.338,
                                                        "Actual Rows": 18276,
                                                        "Actual Loops": 1
                                                    }
                                                ]
                                            }
                                        ]
                                    }
                                ]
                            }
                        ]
                    }
                ]
            }
        ]
    },
    "Planning Time": 0.747,
    "Triggers": [],
    "Execution Time": 1016.352
}