[
  {
    "Plan": {
      "Node Type": "Aggregate",
      "Strategy": "Plain",
      "Partial Mode": "Finalize",
      "Parallel Aware": false,
      "Startup Cost": 74902.33,
      "Total Cost": 74902.34,
      "Plan Rows": 1,
      "Plan Width": 8,
      "Actual Startup Time": 137.688,
      "Actual Total Time": 150.734,
      "Actual Rows": 1,
      "Actual Loops": 1,
      "Plans": [
        {
          "Node Type": "Gather",
          "Parent Relationship": "Outer",
          "Parallel Aware": false,
          "Startup Cost": 74901.81,
          "Total Cost": 74902.32,
          "Plan Rows": 5,
          "Plan Width": 8,
          "Actual Startup Time": 137.514,
          "Actual Total Time": 150.724,
          "Actual Rows": 6,
          "Actual Loops": 1,
          "Workers Planned": 5,
          "Workers Launched": 5,
          "Single Copy": false,
          "Plans": [
            {
              "Node Type": "Aggregate",
              "Strategy": "Plain",
              "Partial Mode": "Partial",
              "Parent Relationship": "Outer",
              "Parallel Aware": false,
              "Startup Cost": 73901.81,
              "Total Cost": 73901.82,
              "Plan Rows": 1,
              "Plan Width": 8,
              "Actual Startup Time": 129.638,
              "Actual Total Time": 129.64,
              "Actual Rows": 1,
              "Actual Loops": 6,
              "Plans": [
                {
                  "Node Type": "Index Scan",
                  "Parent Relationship": "Outer",
                  "Parallel Aware": true,
                  "Scan Direction": "Forward",
                  "Index Name": "role_id_cast_info",
                  "Relation Name": "cast_info",
                  "Alias": "ci",
                  "Startup Cost": 0.56,
                  "Total Cost": 72913.16,
                  "Plan Rows": 395461,
                  "Plan Width": 0,
                  "Actual Startup Time": 0.132,
                  "Actual Total Time": 114.932,
                  "Actual Rows": 254705,
                  "Actual Loops": 6,
                  "Index Cond": "(role_id = 4)",
                  "Rows Removed by Index Recheck": 0,
                  "Filter": "(person_id < 2769182)",
                  "Rows Removed by Filter": 200118
                }
              ]
            }
          ]
        }
      ]
    },
    "Planning Time": 0.236,
    "Triggers": [],
    "Execution Time": 150.806
  }
]