[
  {
    "Plan": {
      "Node Type": "Aggregate",
      "Strategy": "Plain",
      "Partial Mode": "Finalize",
      "Parallel Aware": false,
      "Startup Cost": 332793.39,
      "Total Cost": 332793.4,
      "Plan Rows": 1,
      "Plan Width": 8,
      "Actual Startup Time": 597.481,
      "Actual Total Time": 627.221,
      "Actual Rows": 1,
      "Actual Loops": 1,
      "Plans": [
        {
          "Node Type": "Gather",
          "Parent Relationship": "Outer",
          "Parallel Aware": false,
          "Startup Cost": 332792.77,
          "Total Cost": 332793.38,
          "Plan Rows": 6,
          "Plan Width": 8,
          "Actual Startup Time": 597.398,
          "Actual Total Time": 627.214,
          "Actual Rows": 7,
          "Actual Loops": 1,
          "Workers Planned": 6,
          "Workers Launched": 6,
          "Single Copy": false,
          "Plans": [
            {
              "Node Type": "Aggregate",
              "Strategy": "Plain",
              "Partial Mode": "Partial",
              "Parent Relationship": "Outer",
              "Parallel Aware": false,
              "Startup Cost": 331792.77,
              "Total Cost": 331792.78,
              "Plan Rows": 1,
              "Plan Width": 8,
              "Actual Startup Time": 591.219,
              "Actual Total Time": 591.22,
              "Actual Rows": 1,
              "Actual Loops": 7,
              "Plans": [
                {
                  "Node Type": "Seq Scan",
                  "Parent Relationship": "Outer",
                  "Parallel Aware": true,
                  "Relation Name": "cast_info",
                  "Alias": "ci",
                  "Startup Cost": 0.0,
                  "Total Cost": 328213.62,
                  "Plan Rows": 1431660,
                  "Plan Width": 0,
                  "Actual Startup Time": 303.754,
                  "Actual Total Time": 534.578,
                  "Actual Rows": 1222287,
                  "Actual Loops": 7,
                  "Filter": "(person_id > 2831685)",
                  "Rows Removed by Filter": 3955476
                }
              ]
            }
          ]
        }
      ]
    },
    "Planning Time": 0.15,
    "Triggers": [],
    "Execution Time": 627.271
  }
]