[
  {
    "Plan": {
      "Node Type": "Aggregate",
      "Strategy": "Plain",
      "Partial Mode": "Finalize",
      "Parallel Aware": false,
      "Startup Cost": 332759.74,
      "Total Cost": 332759.75,
      "Plan Rows": 1,
      "Plan Width": 8,
      "Actual Startup Time": 597.579,
      "Actual Total Time": 653.952,
      "Actual Rows": 1,
      "Actual Loops": 1,
      "Plans": [
        {
          "Node Type": "Gather",
          "Parent Relationship": "Outer",
          "Parallel Aware": false,
          "Startup Cost": 332759.12,
          "Total Cost": 332759.73,
          "Plan Rows": 6,
          "Plan Width": 8,
          "Actual Startup Time": 597.459,
          "Actual Total Time": 653.941,
          "Actual Rows": 7,
          "Actual Loops": 1,
          "Workers Planned": 6,
          "Workers Launched": 6,
          "Single Copy": false,
          "Plans": [
            {
              "Node Type": "Aggregate",
              "Strategy": "Plain",
              "Partial Mode": "Partial",
              "Parent Relationship": "Outer",
              "Parallel Aware": false,
              "Startup Cost": 331759.12,
              "Total Cost": 331759.13,
              "Plan Rows": 1,
              "Plan Width": 8,
              "Actual Startup Time": 589.87,
              "Actual Total Time": 589.872,
              "Actual Rows": 1,
              "Actual Loops": 7,
              "Plans": [
                {
                  "Node Type": "Seq Scan",
                  "Parent Relationship": "Outer",
                  "Parallel Aware": true,
                  "Relation Name": "cast_info",
                  "Alias": "ci",
                  "Startup Cost": 0.0,
                  "Total Cost": 328162.03,
                  "Plan Rows": 1438836,
                  "Plan Width": 0,
                  "Actual Startup Time": 307.639,
                  "Actual Total Time": 540.134,
                  "Actual Rows": 1222287,
                  "Actual Loops": 7,
                  "Filter": "(person_id > 2831685)",
                  "Rows Removed by Filter": 3955476
                }
              ]
            }
          ]
        }
      ]
    },
    "Planning Time": 0.174,
    "Triggers": [],
    "Execution Time": 654.023
  }
]