[
  {
    "Plan": {
      "Node Type": "Aggregate",
      "Strategy": "Plain",
      "Partial Mode": "Finalize",
      "Parallel Aware": false,
      "Startup Cost": 331726.0,
      "Total Cost": 331726.01,
      "Plan Rows": 1,
      "Plan Width": 8,
      "Actual Startup Time": 617.927,
      "Actual Total Time": 661.201,
      "Actual Rows": 1,
      "Actual Loops": 1,
      "Plans": [
        {
          "Node Type": "Gather",
          "Parent Relationship": "Outer",
          "Parallel Aware": false,
          "Startup Cost": 331725.38,
          "Total Cost": 331725.99,
          "Plan Rows": 6,
          "Plan Width": 8,
          "Actual Startup Time": 617.737,
          "Actual Total Time": 661.179,
          "Actual Rows": 7,
          "Actual Loops": 1,
          "Workers Planned": 6,
          "Workers Launched": 6,
          "Single Copy": false,
          "Plans": [
            {
              "Node Type": "Aggregate",
              "Strategy": "Plain",
              "Partial Mode": "Partial",
              "Parent Relationship": "Outer",
              "Parallel Aware": false,
              "Startup Cost": 330725.38,
              "Total Cost": 330725.39,
              "Plan Rows": 1,
              "Plan Width": 8,
              "Actual Startup Time": 607.163,
              "Actual Total Time": 607.165,
              "Actual Rows": 1,
              "Actual Loops": 7,
              "Plans": [
                {
                  "Node Type": "Seq Scan",
                  "Parent Relationship": "Outer",
                  "Parallel Aware": true,
                  "Relation Name": "cast_info",
                  "Alias": "ci",
                  "Startup Cost": 0.0,
                  "Total Cost": 328211.39,
                  "Plan Rows": 1005595,
                  "Plan Width": 0,
                  "Actual Startup Time": 0.071,
                  "Actual Total Time": 558.95,
                  "Actual Rows": 889158,
                  "Actual Loops": 7,
                  "Filter": "(person_id < 599442)",
                  "Rows Removed by Filter": 4288606
                }
              ]
            }
          ]
        }
      ]
    },
    "Planning Time": 0.201,
    "Triggers": [],
    "Execution Time": 661.273
  }
]