[
  {
    "Plan": {
      "Node Type": "Aggregate",
      "Strategy": "Plain",
      "Partial Mode": "Finalize",
      "Parallel Aware": false,
      "Startup Cost": 67827.37,
      "Total Cost": 67827.38,
      "Plan Rows": 1,
      "Plan Width": 8,
      "Actual Startup Time": 101.878,
      "Actual Total Time": 116.877,
      "Actual Rows": 1,
      "Actual Loops": 1,
      "Plans": [
        {
          "Node Type": "Gather",
          "Parent Relationship": "Outer",
          "Parallel Aware": false,
          "Startup Cost": 67826.95,
          "Total Cost": 67827.36,
          "Plan Rows": 4,
          "Plan Width": 8,
          "Actual Startup Time": 101.724,
          "Actual Total Time": 116.871,
          "Actual Rows": 5,
          "Actual Loops": 1,
          "Workers Planned": 4,
          "Workers Launched": 4,
          "Single Copy": false,
          "Plans": [
            {
              "Node Type": "Aggregate",
              "Strategy": "Plain",
              "Partial Mode": "Partial",
              "Parent Relationship": "Outer",
              "Parallel Aware": false,
              "Startup Cost": 66826.95,
              "Total Cost": 66826.96,
              "Plan Rows": 1,
              "Plan Width": 8,
              "Actual Startup Time": 96.095,
              "Actual Total Time": 96.097,
              "Actual Rows": 1,
              "Actual Loops": 5,
              "Plans": [
                {
                  "Node Type": "Nested Loop",
                  "Parent Relationship": "Outer",
                  "Parallel Aware": false,
                  "Join Type": "Inner",
                  "Startup Cost": 0.43,
                  "Total Cost": 66815.33,
                  "Plan Rows": 4646,
                  "Plan Width": 0,
                  "Actual Startup Time": 52.338,
                  "Actual Total Time": 95.589,
                  "Actual Rows": 9065,
                  "Actual Loops": 5,
                  "Inner Unique": false,
                  "Plans": [
                    {
                      "Node Type": "Seq Scan",
                      "Parent Relationship": "Outer",
                      "Parallel Aware": true,
                      "Relation Name": "title",
                      "Alias": "t",
                      "Startup Cost": 0.0,
                      "Total Cost": 45479.59,
                      "Plan Rows": 2597,
                      "Plan Width": 4,
                      "Actual Startup Time": 51.485,
                      "Actual Total Time": 79.429,
                      "Actual Rows": 1294,
                      "Actual Loops": 5,
                      "Filter": "((kind_id = 1) AND (production_year = 1997))",
                      "Rows Removed by Filter": 504369
                    },
                    {
                      "Node Type": "Index Only Scan",
                      "Parent Relationship": "Inner",
                      "Parallel Aware": false,
                      "Scan Direction": "Forward",
                      "Index Name": "movie_id_movie_keyword",
                      "Relation Name": "movie_keyword",
                      "Alias": "mk",
                      "Startup Cost": 0.43,
                      "Total Cost": 7.76,
                      "Plan Rows": 46,
                      "Plan Width": 4,
                      "Actual Startup Time": 0.01,
                      "Actual Total Time": 0.011,
                      "Actual Rows": 7,
                      "Actual Loops": 6468,
                      "Index Cond": "(movie_id = t.id)",
                      "Rows Removed by Index Recheck": 0,
                      "Heap Fetches": 45324
                    }
                  ]
                }
              ]
            }
          ]
        }
      ]
    },
    "Planning Time": 0.326,
    "Triggers": [],
    "Execution Time": 116.932
  }
]