{
  "Plan": {
    "Node Type": "Aggregate",
    "Strategy": "Plain",
    "Partial Mode": "Finalize",
    "Parallel Aware": false,
    "Startup Cost": 555442.32,
    "Total Cost": 555442.33,
    "Plan Rows": 1,
    "Plan Width": 8,
    "Actual Startup Time": 1609.704,
    "Actual Total Time": 1668.301,
    "Actual Rows": 1,
    "Actual Loops": 1,
    "Plans": [
      {
        "Node Type": "Gather",
        "Parent Relationship": "Outer",
        "Parallel Aware": false,
        "Startup Cost": 555442.21,
        "Total Cost": 555442.32,
        "Plan Rows": 1,
        "Plan Width": 8,
        "Actual Startup Time": 1609.447,
        "Actual Total Time": 1668.293,
        "Actual Rows": 2,
        "Actual Loops": 1,
        "Workers Planned": 1,
        "Workers Launched": 1,
        "Single Copy": false,
        "Plans": [
          {
            "Node Type": "Aggregate",
            "Strategy": "Plain",
            "Partial Mode": "Partial",
            "Parent Relationship": "Outer",
            "Parallel Aware": false,
            "Startup Cost": 554442.21,
            "Total Cost": 554442.22,
            "Plan Rows": 1,
            "Plan Width": 8,
            "Actual Startup Time": 1603.262,
            "Actual Total Time": 1603.266,
            "Actual Rows": 1,
            "Actual Loops": 2,
            "Plans": [
              {
                "Node Type": "Hash Join",
                "Parent Relationship": "Outer",
                "Parallel Aware": true,
                "Join Type": "Inner",
                "Startup Cost": 13145.31,
                "Total Cost": 554434.71,
                "Plan Rows": 3000,
                "Plan Width": 0,
                "Actual Startup Time": 10.389,
                "Actual Total Time": 1603.149,
                "Actual Rows": 610,
                "Actual Loops": 2,
                "Inner Unique": false,
                "Hash Cond": "(ci.movie_id = t.id)",
                "Plans": [
                  {
                    "Node Type": "Seq Scan",
                    "Parent Relationship": "Outer",
                    "Parallel Aware": true,
                    "Relation Name": "cast_info",
                    "Alias": "ci",
                    "Startup Cost": 0.0,
                    "Total Cost": 519069.44,
                    "Plan Rows": 5920614,
                    "Plan Width": 4,
                    "Actual Startup Time": 0.031,
                    "Actual Total Time": 1295.89,
                    "Actual Rows": 5066166,
                    "Actual Loops": 2,
                    "Filter": "(person_id < 995744)",
                    "Rows Removed by Filter": 13056006
                  },
                  {
                    "Node Type": "Hash",
                    "Parent Relationship": "Inner",
                    "Parallel Aware": true,
                    "Startup Cost": 13135.88,
                    "Total Cost": 13135.88,
                    "Plan Rows": 754,
                    "Plan Width": 8,
                    "Actual Startup Time": 2.708,
                    "Actual Total Time": 2.71,
                    "Actual Rows": 112,
                    "Actual Loops": 2,
                    "Hash Buckets": 2048,
                    "Original Hash Buckets": 2048,
                    "Hash Batches": 1,
                    "Original Hash Batches": 1,
                    "Peak Memory Usage": 48,
                    "Plans": [
                      {
                        "Node Type": "Nested Loop",
                        "Parent Relationship": "Outer",
                        "Parallel Aware": false,
                        "Join Type": "Inner",
                        "Startup Cost": 56.1,
                        "Total Cost": 13135.88,
                        "Plan Rows": 754,
                        "Plan Width": 8,
                        "Actual Startup Time": 2.244,
                        "Actual Total Time": 5.162,
                        "Actual Rows": 224,
                        "Actual Loops": 1,
                        "Inner Unique": true,
                        "Plans": [
                          {
                            "Node Type": "Bitmap Heap Scan",
                            "Parent Relationship": "Outer",
                            "Parallel Aware": true,
                            "Relation Name": "movie_companies",
                            "Alias": "mc",
                            "Startup Cost": 55.67,
                            "Total Cost": 7018.39,
                            "Plan Rows": 754,
                            "Plan Width": 4,
                            "Actual Startup Time": 2.209,
                            "Actual Total Time": 2.711,
                            "Actual Rows": 224,
                            "Actual Loops": 1,
                            "Recheck Cond": "(company_id = 663)",
                            "Rows Removed by Index Recheck": 0,
                            "Filter": "(company_type_id = 2)",
                            "Rows Removed by Filter": 1309,
                            "Exact Heap Blocks": 421,
                            "Lossy Heap Blocks": 0,
                            "Plans": [
                              {
                                "Node Type": "Bitmap Index Scan",
                                "Parent Relationship": "Outer",
                                "Parallel Aware": false,
                                "Index Name": "company_id_movie_companies",
                                "Startup Cost": 0.0,
                                "Total Cost": 55.34,
                                "Plan Rows": 2522,
                                "Plan Width": 0,
                                "Actual Startup Time": 0.559,
                                "Actual Total Time": 0.56,
                                "Actual Rows": 1533,
                                "Actual Loops": 1,
                                "Index Cond": "(company_id = 663)"
                              }
                            ]
                          },
                          {
                            "Node Type": "Index Only Scan",
                            "Parent Relationship": "Inner",
                            "Parallel Aware": false,
                            "Scan Direction": "Forward",
                            "Index Name": "title_pkey",
                            "Relation Name": "title",
                            "Alias": "t",
                            "Startup Cost": 0.43,
                            "Total Cost": 8.11,
                            "Plan Rows": 1,
                            "Plan Width": 4,
                            "Actual Startup Time": 0.01,
                            "Actual Total Time": 0.01,
                            "Actual Rows": 1,
                            "Actual Loops": 224,
                            "Index Cond": "(id = mc.movie_id)",
                            "Rows Removed by Index Recheck": 0,
                            "Heap Fetches": 224
                          }
                        ]
                      }
                    ]
                  }
                ]
              }
            ]
          }
        ]
      }
    ]
  },
  "Planning Time": 1.123,
  "Triggers": [],
  "Execution Time": 1668.423
}