{
    "Plan": {
        "Node Type": "Aggregate",
        "Strategy": "Plain",
        "Partial Mode": "Finalize",
        "Parallel Aware": false,
        "Startup Cost": 132559.77,
        "Total Cost": 132559.78,
        "Plan Rows": 1,
        "Plan Width": 8,
        "Actual Startup Time": 789.429,
        "Actual Total Time": 812.51,
        "Actual Rows": 1,
        "Actual Loops": 1,
        "Output": [
            "count(*)"
        ],
        "Plans": [
            {
                "Node Type": "Gather",
                "Parent Relationship": "Outer",
                "Parallel Aware": false,
                "Startup Cost": 132559.46,
                "Total Cost": 132559.77,
                "Plan Rows": 3,
                "Plan Width": 8,
                "Actual Startup Time": 779.957,
                "Actual Total Time": 812.489,
                "Actual Rows": 4,
                "Actual Loops": 1,
                "Output": [
                    "(PARTIAL count(*))"
                ],
                "Workers Planned": 3,
                "Workers Launched": 3,
                "Single Copy": false,
                "Plans": [
                    {
                        "Node Type": "Aggregate",
                        "Strategy": "Plain",
                        "Partial Mode": "Partial",
                        "Parent Relationship": "Outer",
                        "Parallel Aware": false,
                        "Startup Cost": 131559.46,
                        "Total Cost": 131559.47,
                        "Plan Rows": 1,
                        "Plan Width": 8,
                        "Actual Startup Time": 769.463,
                        "Actual Total Time": 769.467,
                        "Actual Rows": 1,
                        "Actual Loops": 4,
                        "Output": [
                            "PARTIAL count(*)"
                        ],
                        "Workers": [
                            {
                                "Worker Number": 0,
                                "Actual Startup Time": 766.044,
                                "Actual Total Time": 766.049,
                                "Actual Rows": 1,
                                "Actual Loops": 1
                            },
                            {
                                "Worker Number": 1,
                                "Actual Startup Time": 766.059,
                                "Actual Total Time": 766.063,
                                "Actual Rows": 1,
                                "Actual Loops": 1
                            },
                            {
                                "Worker Number": 2,
                                "Actual Startup Time": 766.83,
                                "Actual Total Time": 766.835,
                                "Actual Rows": 1,
                                "Actual Loops": 1
                            }
                        ],
                        "Plans": [
                            {
                                "Node Type": "Hash Join",
                                "Parent Relationship": "Outer",
                                "Parallel Aware": true,
                                "Join Type": "Inner",
                                "Startup Cost": 105587.28,
                                "Total Cost": 130867.47,
                                "Plan Rows": 276795,
                                "Plan Width": 0,
                                "Actual Startup Time": 559.778,
                                "Actual Total Time": 758.111,
                                "Actual Rows": 156778,
                                "Actual Loops": 4,
                                "Inner Unique": true,
                                "Hash Cond": "(mc.movie_id = t.id)",
                                "Workers": [
                                    {
                                        "Worker Number": 0,
                                        "Actual Startup Time": 556.364,
                                        "Actual Total Time": 754.65,
                                        "Actual Rows": 170938,
                                        "Actual Loops": 1
                                    },
                                    {
                                        "Worker Number": 1,
                                        "Actual Startup Time": 556.654,
                                        "Actual Total Time": 754.492,
                                        "Actual Rows": 158807,
                                        "Actual Loops": 1
                                    },
                                    {
                                        "Worker Number": 2,
                                        "Actual Startup Time": 556.482,
                                        "Actual Total Time": 756.538,
                                        "Actual Rows": 139191,
                                        "Actual Loops": 1
                                    }
                                ],
                                "Plans": [
                                    {
                                        "Node Type": "Bitmap Heap Scan",
                                        "Parent Relationship": "Outer",
                                        "Parallel Aware": true,
                                        "Relation Name": "movie_companies",
                                        "Schema": "public",
                                        "Alias": "mc",
                                        "Startup Cost": 24025.64,
                                        "Total Cost": 48179.44,
                                        "Plan Rows": 429104,
                                        "Plan Width": 4,
                                        "Actual Startup Time": 69.748,
                                        "Actual Total Time": 128.292,
                                        "Actual Rows": 333721,
                                        "Actual Loops": 4,
                                        "Output": [
                                            "mc.id",
                                            "mc.movie_id",
                                            "mc.company_id",
                                            "mc.company_type_id",
                                            "mc.note"
                                        ],
                                        "Recheck Cond": "(mc.company_type_id > 1)",
                                        "Rows Removed by Index Recheck": 0,
                                        "Exact Heap Blocks": 1934,
                                        "Lossy Heap Blocks": 0,
                                        "Workers": [
                                            {
                                                "Worker Number": 0,
                                                "Actual Startup Time": 69.531,
                                                "Actual Total Time": 130.292,
                                                "Actual Rows": 354743,
                                                "Actual Loops": 1
                                            },
                                            {
                                                "Worker Number": 1,
                                                "Actual Startup Time": 69.775,
                                                "Actual Total Time": 128.251,
                                                "Actual Rows": 342531,
                                                "Actual Loops": 1
                                            },
                                            {
                                                "Worker Number": 2,
                                                "Actual Startup Time": 69.918,
                                                "Actual Total Time": 125.576,
                                                "Actual Rows": 298089,
                                                "Actual Loops": 1
                                            }
                                        ],
                                        "Plans": [
                                            {
                                                "Node Type": "Bitmap Index Scan",
                                                "Parent Relationship": "Outer",
                                                "Parallel Aware": false,
                                                "Index Name": "company_type_id_movie_companies",
                                                "Startup Cost": 0.0,
                                                "Total Cost": 23693.09,
                                                "Plan Rows": 1330221,
                                                "Plan Width": 0,
                                                "Actual Startup Time": 67.834,
                                                "Actual Total Time": 67.834,
                                                "Actual Rows": 1334883,
                                                "Actual Loops": 1,
                                                "Index Cond": "(mc.company_type_id > 1)",
                                                "Workers": [
                                                    {
                                                        "Worker Number": 0,
                                                        "Actual Startup Time": 67.834,
                                                        "Actual Total Time": 67.834,
                                                        "Actual Rows": 1334883,
                                                        "Actual Loops": 1
                                                    }
                                                ]
                                            }
                                        ]
                                    },
                                    {
                                        "Node Type": "Hash",
                                        "Parent Relationship": "Inner",
                                        "Parallel Aware": true,
                                        "Startup Cost": 76465.05,
                                        "Total Cost": 76465.05,
                                        "Plan Rows": 407727,
                                        "Plan Width": 4,
                                        "Actual Startup Time": 483.59,
                                        "Actual Total Time": 483.592,
                                        "Actual Rows": 407460,
                                        "Actual Loops": 4,
                                        "Output": [
                                            "t.id"
                                        ],
                                        "Hash Buckets": 2097152,
                                        "Original Hash Buckets": 2097152,
                                        "Hash Batches": 1,
                                        "Original Hash Batches": 1,
                                        "Peak Memory Usage": 80192,
                                        "Workers": [
                                            {
                                                "Worker Number": 0,
                                                "Actual Startup Time": 486.448,
                                                "Actual Total Time": 486.449,
                                                "Actual Rows": 409855,
                                                "Actual Loops": 1
                                            },
                                            {
                                                "Worker Number": 1,
                                                "Actual Startup Time": 486.432,
                                                "Actual Total Time": 486.433,
                                                "Actual Rows": 410393,
                                                "Actual Loops": 1
                                            },
                                            {
                                                "Worker Number": 2,
                                                "Actual Startup Time": 486.094,
                                                "Actual Total Time": 486.095,
                                                "Actual Rows": 361381,
                                                "Actual Loops": 1
                                            }
                                        ],
                                        "Plans": [
                                            {
                                                "Node Type": "Bitmap Heap Scan",
                                                "Parent Relationship": "Outer",
                                                "Parallel Aware": true,
                                                "Relation Name": "title",
                                                "Schema": "public",
                                                "Alias": "t",
                                                "Startup Cost": 33503.42,
                                                "Total Cost": 76465.05,
                                                "Plan Rows": 407727,
                                                "Plan Width": 4,
                                                "Actual Startup Time": 109.829,
                                                "Actual Total Time": 299.043,
                                                "Actual Rows": 407460,
                                                "Actual Loops": 4,
                                                "Output": [
                                                    "t.id"
                                                ],
                                                "Recheck Cond": "(t.kind_id > 1)",
                                                "Rows Removed by Index Recheck": 0,
                                                "Filter": "(t.production_year < 2012)",
                                                "Rows Removed by Filter": 58912,
                                                "Exact Heap Blocks": 9765,
                                                "Lossy Heap Blocks": 0,
                                                "Workers": [
                                                    {
                                                        "Worker Number": 0,
                                                        "Actual Startup Time": 109.835,
                                                        "Actual Total Time": 299.753,
                                                        "Actual Rows": 409855,
                                                        "Actual Loops": 1
                                                    },
                                                    {
                                                        "Worker Number": 1,
                                                        "Actual Startup Time": 109.86,
                                                        "Actual Total Time": 300.755,
                                                        "Actual Rows": 410393,
                                                        "Actual Loops": 1
                                                    },
                                                    {
                                                        "Worker Number": 2,
                                                        "Actual Startup Time": 109.88,
                                                        "Actual Total Time": 297.522,
                                                        "Actual Rows": 361381,
                                                        "Actual Loops": 1
                                                    }
                                                ],
                                                "Plans": [
                                                    {
                                                        "Node Type": "Bitmap Index Scan",
                                                        "Parent Relationship": "Outer",
                                                        "Parallel Aware": false,
                                                        "Index Name": "kind_id_title",
                                                        "Startup Cost": 0.0,
                                                        "Total Cost": 33095.69,
                                                        "Plan Rows": 1856968,
                                                        "Plan Width": 0,
                                                        "Actual Startup Time": 100.529,
                                                        "Actual Total Time": 100.53,
                                                        "Actual Rows": 1865487,
                                                        "Actual Loops": 1,
                                                        "Index Cond": "(t.kind_id > 1)"
                                                    }
                                                ]
                                            }
                                        ]
                                    }
                                ]
                            }
                        ]
                    }
                ]
            }
        ]
    },
    "Planning Time": 2.944,
    "Triggers": [],
    "Execution Time": 812.982
}