[
  {
    "Plan": {
      "Node Type": "Aggregate",
      "Strategy": "Plain",
      "Partial Mode": "Finalize",
      "Parallel Aware": false,
      "Startup Cost": 61755.04,
      "Total Cost": 61755.05,
      "Plan Rows": 1,
      "Plan Width": 8,
      "Actual Startup Time": 203.385,
      "Actual Total Time": 217.573,
      "Actual Rows": 1,
      "Actual Loops": 1,
      "Plans": [
        {
          "Node Type": "Gather",
          "Parent Relationship": "Outer",
          "Parallel Aware": false,
          "Startup Cost": 61754.83,
          "Total Cost": 61755.04,
          "Plan Rows": 2,
          "Plan Width": 8,
          "Actual Startup Time": 203.146,
          "Actual Total Time": 217.563,
          "Actual Rows": 3,
          "Actual Loops": 1,
          "Workers Planned": 2,
          "Workers Launched": 2,
          "Single Copy": false,
          "Plans": [
            {
              "Node Type": "Aggregate",
              "Strategy": "Plain",
              "Partial Mode": "Partial",
              "Parent Relationship": "Outer",
              "Parallel Aware": false,
              "Startup Cost": 60754.83,
              "Total Cost": 60754.84,
              "Plan Rows": 1,
              "Plan Width": 8,
              "Actual Startup Time": 196.369,
              "Actual Total Time": 196.372,
              "Actual Rows": 1,
              "Actual Loops": 3,
              "Plans": [
                {
                  "Node Type": "Hash Join",
                  "Parent Relationship": "Outer",
                  "Parallel Aware": true,
                  "Join Type": "Inner",
                  "Startup Cost": 45547.77,
                  "Total Cost": 60742.33,
                  "Plan Rows": 4998,
                  "Plan Width": 0,
                  "Actual Startup Time": 122.005,
                  "Actual Total Time": 196.238,
                  "Actual Rows": 2677,
                  "Actual Loops": 3,
                  "Inner Unique": true,
                  "Hash Cond": "(mi_idx.movie_id = t.id)",
                  "Plans": [
                    {
                      "Node Type": "Seq Scan",
                      "Parent Relationship": "Outer",
                      "Parallel Aware": true,
                      "Relation Name": "movie_info_idx",
                      "Alias": "mi_idx",
                      "Startup Cost": 0.0,
                      "Total Cost": 13685.15,
                      "Plan Rows": 575015,
                      "Plan Width": 4,
                      "Actual Startup Time": 0.023,
                      "Actual Total Time": 36.46,
                      "Actual Rows": 460012,
                      "Actual Loops": 3
                    },
                    {
                      "Node Type": "Hash",
                      "Parent Relationship": "Inner",
                      "Parallel Aware": true,
                      "Startup Cost": 45479.1,
                      "Total Cost": 45479.1,
                      "Plan Rows": 5494,
                      "Plan Width": 4,
                      "Actual Startup Time": 120.322,
                      "Actual Total Time": 120.323,
                      "Actual Rows": 8201,
                      "Actual Loops": 3,
                      "Hash Buckets": 32768,
                      "Original Hash Buckets": 32768,
                      "Hash Batches": 1,
                      "Original Hash Batches": 1,
                      "Peak Memory Usage": 1280,
                      "Plans": [
                        {
                          "Node Type": "Seq Scan",
                          "Parent Relationship": "Outer",
                          "Parallel Aware": true,
                          "Relation Name": "title",
                          "Alias": "t",
                          "Startup Cost": 0.0,
                          "Total Cost": 45479.1,
                          "Plan Rows": 5494,
                          "Plan Width": 4,
                          "Actual Startup Time": 0.082,
                          "Actual Total Time": 116.353,
                          "Actual Rows": 8201,
                          "Actual Loops": 3,
                          "Filter": "((kind_id = 7) AND (production_year = 1995))",
                          "Rows Removed by Filter": 834570
                        }
                      ]
                    }
                  ]
                }
              ]
            }
          ]
        }
      ]
    },
    "Planning Time": 0.608,
    "Triggers": [],
    "Execution Time": 217.64
  }
]