[
  {
    "Plan": {
      "Node Type": "Aggregate",
      "Strategy": "Plain",
      "Partial Mode": "Finalize",
      "Parallel Aware": false,
      "Startup Cost": 221813.89,
      "Total Cost": 221813.9,
      "Plan Rows": 1,
      "Plan Width": 8,
      "Actual Startup Time": 210.222,
      "Actual Total Time": 226.663,
      "Actual Rows": 1,
      "Actual Loops": 1,
      "Plans": [
        {
          "Node Type": "Gather",
          "Parent Relationship": "Outer",
          "Parallel Aware": false,
          "Startup Cost": 221813.37,
          "Total Cost": 221813.88,
          "Plan Rows": 5,
          "Plan Width": 8,
          "Actual Startup Time": 207.525,
          "Actual Total Time": 226.654,
          "Actual Rows": 6,
          "Actual Loops": 1,
          "Workers Planned": 5,
          "Workers Launched": 5,
          "Single Copy": false,
          "Plans": [
            {
              "Node Type": "Aggregate",
              "Strategy": "Plain",
              "Partial Mode": "Partial",
              "Parent Relationship": "Outer",
              "Parallel Aware": false,
              "Startup Cost": 220813.37,
              "Total Cost": 220813.38,
              "Plan Rows": 1,
              "Plan Width": 8,
              "Actual Startup Time": 201.121,
              "Actual Total Time": 201.163,
              "Actual Rows": 1,
              "Actual Loops": 6,
              "Plans": [
                {
                  "Node Type": "Hash Join",
                  "Parent Relationship": "Outer",
                  "Parallel Aware": true,
                  "Join Type": "Inner",
                  "Startup Cost": 56947.32,
                  "Total Cost": 220800.7,
                  "Plan Rows": 5068,
                  "Plan Width": 0,
                  "Actual Startup Time": 169.588,
                  "Actual Total Time": 200.625,
                  "Actual Rows": 9178,
                  "Actual Loops": 6,
                  "Inner Unique": true,
                  "Hash Cond": "(mi.movie_id = t.id)",
                  "Plans": [
                    {
                      "Node Type": "Bitmap Heap Scan",
                      "Parent Relationship": "Outer",
                      "Parallel Aware": true,
                      "Relation Name": "movie_info",
                      "Alias": "mi",
                      "Startup Cost": 11142.68,
                      "Total Cost": 174673.18,
                      "Plan Rows": 123000,
                      "Plan Width": 4,
                      "Actual Startup Time": 38.104,
                      "Actual Total Time": 84.588,
                      "Actual Rows": 99743,
                      "Actual Loops": 6,
                      "Recheck Cond": "(info_type_id = 15)",
                      "Rows Removed by Index Recheck": 0,
                      "Exact Heap Blocks": 6530,
                      "Lossy Heap Blocks": 0,
                      "Plans": [
                        {
                          "Node Type": "Bitmap Index Scan",
                          "Parent Relationship": "Outer",
                          "Parallel Aware": false,
                          "Index Name": "info_type_id_movie_info",
                          "Startup Cost": 0.0,
                          "Total Cost": 10988.93,
                          "Plan Rows": 615000,
                          "Plan Width": 0,
                          "Actual Startup Time": 34.706,
                          "Actual Total Time": 34.707,
                          "Actual Rows": 598457,
                          "Actual Loops": 1,
                          "Index Cond": "(info_type_id = 15)"
                        }
                      ]
                    },
                    {
                      "Node Type": "Hash",
                      "Parent Relationship": "Inner",
                      "Parallel Aware": true,
                      "Startup Cost": 45479.1,
                      "Total Cost": 45479.1,
                      "Plan Rows": 26043,
                      "Plan Width": 4,
                      "Actual Startup Time": 97.263,
                      "Actual Total Time": 97.264,
                      "Actual Rows": 39983,
                      "Actual Loops": 6,
                      "Hash Buckets": 262144,
                      "Original Hash Buckets": 131072,
                      "Hash Batches": 1,
                      "Original Hash Batches": 1,
                      "Peak Memory Usage": 12576,
                      "Plans": [
                        {
                          "Node Type": "Seq Scan",
                          "Parent Relationship": "Outer",
                          "Parallel Aware": true,
                          "Relation Name": "title",
                          "Alias": "t",
                          "Startup Cost": 0.0,
                          "Total Cost": 45479.1,
                          "Plan Rows": 26043,
                          "Plan Width": 4,
                          "Actual Startup Time": 47.99,
                          "Actual Total Time": 78.403,
                          "Actual Rows": 39983,
                          "Actual Loops": 6,
                          "Filter": "((production_year < 1973) AND (kind_id = 1))",
                          "Rows Removed by Filter": 381402
                        }
                      ]
                    }
                  ]
                }
              ]
            }
          ]
        }
      ]
    },
    "Planning Time": 0.649,
    "Triggers": [],
    "Execution Time": 226.756
  }
]