[
    {
        "Bao": {
            "Bao prediction": "NaN",
            "Bao recommended hint": "(no hint)"
        }
    },
    {
        "Plan": {
            "Node Type": "Aggregate",
            "Strategy": "Plain",
            "Partial Mode": "Finalize",
            "Parallel Aware": false,
            "Startup Cost": 75826.06,
            "Total Cost": 75826.07,
            "Plan Rows": 1,
            "Plan Width": 8,
            "Actual Startup Time": 201.54,
            "Actual Total Time": 211.464,
            "Actual Rows": 1,
            "Actual Loops": 1,
            "Output": [
                "count(*)"
            ],
            "Plans": [
                {
                    "Node Type": "Gather",
                    "Parent Relationship": "Outer",
                    "Parallel Aware": false,
                    "Startup Cost": 75825.64,
                    "Total Cost": 75826.05,
                    "Plan Rows": 4,
                    "Plan Width": 8,
                    "Actual Startup Time": 200.479,
                    "Actual Total Time": 211.454,
                    "Actual Rows": 5,
                    "Actual Loops": 1,
                    "Output": [
                        "(PARTIAL count(*))"
                    ],
                    "Workers Planned": 4,
                    "Workers Launched": 4,
                    "Single Copy": false,
                    "Plans": [
                        {
                            "Node Type": "Aggregate",
                            "Strategy": "Plain",
                            "Partial Mode": "Partial",
                            "Parent Relationship": "Outer",
                            "Parallel Aware": false,
                            "Startup Cost": 74825.64,
                            "Total Cost": 74825.65,
                            "Plan Rows": 1,
                            "Plan Width": 8,
                            "Actual Startup Time": 190.904,
                            "Actual Total Time": 190.909,
                            "Actual Rows": 1,
                            "Actual Loops": 5,
                            "Output": [
                                "PARTIAL count(*)"
                            ],
                            "Workers": [
                                {
                                    "Worker Number": 0,
                                    "Actual Startup Time": 188.599,
                                    "Actual Total Time": 188.602,
                                    "Actual Rows": 1,
                                    "Actual Loops": 1
                                },
                                {
                                    "Worker Number": 1,
                                    "Actual Startup Time": 188.709,
                                    "Actual Total Time": 188.713,
                                    "Actual Rows": 1,
                                    "Actual Loops": 1
                                },
                                {
                                    "Worker Number": 2,
                                    "Actual Startup Time": 188.909,
                                    "Actual Total Time": 188.919,
                                    "Actual Rows": 1,
                                    "Actual Loops": 1
                                },
                                {
                                    "Worker Number": 3,
                                    "Actual Startup Time": 188.18,
                                    "Actual Total Time": 188.183,
                                    "Actual Rows": 1,
                                    "Actual Loops": 1
                                }
                            ],
                            "Plans": [
                                {
                                    "Node Type": "Hash Join",
                                    "Parent Relationship": "Outer",
                                    "Parallel Aware": true,
                                    "Join Type": "Inner",
                                    "Startup Cost": 29082.3,
                                    "Total Cost": 74710.31,
                                    "Plan Rows": 46130,
                                    "Plan Width": 0,
                                    "Actual Startup Time": 67.521,
                                    "Actual Total Time": 189.852,
                                    "Actual Rows": 15804,
                                    "Actual Loops": 5,
                                    "Inner Unique": false,
                                    "Hash Cond": "(t.id = mc.movie_id)",
                                    "Workers": [
                                        {
                                            "Worker Number": 0,
                                            "Actual Startup Time": 65.255,
                                            "Actual Total Time": 187.546,
                                            "Actual Rows": 15714,
                                            "Actual Loops": 1
                                        },
                                        {
                                            "Worker Number": 1,
                                            "Actual Startup Time": 65.337,
                                            "Actual Total Time": 187.516,
                                            "Actual Rows": 10294,
                                            "Actual Loops": 1
                                        },
                                        {
                                            "Worker Number": 2,
                                            "Actual Startup Time": 65.465,
                                            "Actual Total Time": 187.87,
                                            "Actual Rows": 15727,
                                            "Actual Loops": 1
                                        },
                                        {
                                            "Worker Number": 3,
                                            "Actual Startup Time": 64.799,
                                            "Actual Total Time": 187.161,
                                            "Actual Rows": 15537,
                                            "Actual Loops": 1
                                        }
                                    ],
                                    "Plans": [
                                        {
                                            "Node Type": "Seq Scan",
                                            "Parent Relationship": "Outer",
                                            "Parallel Aware": true,
                                            "Relation Name": "title",
                                            "Schema": "public",
                                            "Alias": "t",
                                            "Startup Cost": 0.0,
                                            "Total Cost": 42318.81,
                                            "Plan Rows": 632080,
                                            "Plan Width": 4,
                                            "Actual Startup Time": 0.007,
                                            "Actual Total Time": 61.75,
                                            "Actual Rows": 505662,
                                            "Actual Loops": 5,
                                            "Output": [
                                                "t.id",
                                                "t.title",
                                                "t.imdb_index",
                                                "t.kind_id",
                                                "t.production_year",
                                                "t.imdb_id",
                                                "t.phonetic_code",
                                                "t.episode_of_id",
                                                "t.season_nr",
                                                "t.episode_nr",
                                                "t.series_years",
                                                "t.md5sum"
                                            ],
                                            "Workers": [
                                                {
                                                    "Worker Number": 0,
                                                    "Actual Startup Time": 0.007,
                                                    "Actual Total Time": 62.586,
                                                    "Actual Rows": 505208,
                                                    "Actual Loops": 1
                                                },
                                                {
                                                    "Worker Number": 1,
                                                    "Actual Startup Time": 0.008,
                                                    "Actual Total Time": 64.113,
                                                    "Actual Rows": 331431,
                                                    "Actual Loops": 1
                                                },
                                                {
                                                    "Worker Number": 2,
                                                    "Actual Startup Time": 0.006,
                                                    "Actual Total Time": 63.454,
                                                    "Actual Rows": 499986,
                                                    "Actual Loops": 1
                                                },
                                                {
                                                    "Worker Number": 3,
                                                    "Actual Startup Time": 0.006,
                                                    "Actual Total Time": 63.295,
                                                    "Actual Rows": 496798,
                                                    "Actual Loops": 1
                                                }
                                            ]
                                        },
                                        {
                                            "Node Type": "Hash",
                                            "Parent Relationship": "Inner",
                                            "Parallel Aware": true,
                                            "Startup Cost": 28338.26,
                                            "Total Cost": 28338.26,
                                            "Plan Rows": 59523,
                                            "Plan Width": 4,
                                            "Actual Startup Time": 66.195,
                                            "Actual Total Time": 66.198,
                                            "Actual Rows": 15804,
                                            "Actual Loops": 5,
                                            "Output": [
                                                "mc.movie_id"
                                            ],
                                            "Hash Buckets": 262144,
                                            "Original Hash Buckets": 262144,
                                            "Hash Batches": 1,
                                            "Original Hash Batches": 1,
                                            "Peak Memory Usage": 5216,
                                            "Workers": [
                                                {
                                                    "Worker Number": 0,
                                                    "Actual Startup Time": 64.827,
                                                    "Actual Total Time": 64.828,
                                                    "Actual Rows": 15002,
                                                    "Actual Loops": 1
                                                },
                                                {
                                                    "Worker Number": 1,
                                                    "Actual Startup Time": 64.919,
                                                    "Actual Total Time": 64.92,
                                                    "Actual Rows": 12258,
                                                    "Actual Loops": 1
                                                },
                                                {
                                                    "Worker Number": 2,
                                                    "Actual Startup Time": 65.042,
                                                    "Actual Total Time": 65.05,
                                                    "Actual Rows": 13291,
                                                    "Actual Loops": 1
                                                },
                                                {
                                                    "Worker Number": 3,
                                                    "Actual Startup Time": 63.999,
                                                    "Actual Total Time": 64.0,
                                                    "Actual Rows": 13408,
                                                    "Actual Loops": 1
                                                }
                                            ],
                                            "Plans": [
                                                {
                                                    "Node Type": "Bitmap Heap Scan",
                                                    "Parent Relationship": "Outer",
                                                    "Parallel Aware": true,
                                                    "Relation Name": "movie_companies",
                                                    "Schema": "public",
                                                    "Alias": "mc",
                                                    "Startup Cost": 7797.01,
                                                    "Total Cost": 28338.26,
                                                    "Plan Rows": 59523,
                                                    "Plan Width": 4,
                                                    "Actual Startup Time": 48.987,
                                                    "Actual Total Time": 61.042,
                                                    "Actual Rows": 15804,
                                                    "Actual Loops": 5,
                                                    "Output": [
                                                        "mc.movie_id"
                                                    ],
                                                    "Recheck Cond": "(mc.company_id < 176)",
                                                    "Rows Removed by Index Recheck": 0,
                                                    "Filter": "(mc.company_type_id = 2)",
                                                    "Rows Removed by Filter": 55262,
                                                    "Exact Heap Blocks": 8806,
                                                    "Lossy Heap Blocks": 0,
                                                    "Workers": [
                                                        {
                                                            "Worker Number": 0,
                                                            "Actual Startup Time": 47.603,
                                                            "Actual Total Time": 59.722,
                                                            "Actual Rows": 15002,
                                                            "Actual Loops": 1
                                                        },
                                                        {
                                                            "Worker Number": 1,
                                                            "Actual Startup Time": 47.705,
                                                            "Actual Total Time": 60.436,
                                                            "Actual Rows": 12258,
                                                            "Actual Loops": 1
                                                        },
                                                        {
                                                            "Worker Number": 2,
                                                            "Actual Startup Time": 47.834,
                                                            "Actual Total Time": 60.037,
                                                            "Actual Rows": 13291,
                                                            "Actual Loops": 1
                                                        },
                                                        {
                                                            "Worker Number": 3,
                                                            "Actual Startup Time": 46.751,
                                                            "Actual Total Time": 58.991,
                                                            "Actual Rows": 13408,
                                                            "Actual Loops": 1
                                                        }
                                                    ],
                                                    "Plans": [
                                                        {
                                                            "Node Type": "Bitmap Index Scan",
                                                            "Parent Relationship": "Outer",
                                                            "Parallel Aware": false,
                                                            "Index Name": "company_id_movie_companies",
                                                            "Startup Cost": 0.0,
                                                            "Total Cost": 7750.88,
                                                            "Plan Rows": 361926,
                                                            "Plan Width": 0,
                                                            "Actual Startup Time": 17.675,
                                                            "Actual Total Time": 17.676,
                                                            "Actual Rows": 355327,
                                                            "Actual Loops": 1,
                                                            "Index Cond": "(mc.company_id < 176)"
                                                        }
                                                    ]
                                                }
                                            ]
                                        }
                                    ]
                                }
                            ]
                        }
                    ]
                }
            ]
        },
        "Planning Time": 184.201,
        "Triggers": [],
        "Execution Time": 211.534
    }
]