[
  {
    "Plan": {
      "Node Type": "Aggregate",
      "Strategy": "Plain",
      "Partial Mode": "Finalize",
      "Parallel Aware": false,
      "Startup Cost": 44324.91,
      "Total Cost": 44324.92,
      "Plan Rows": 1,
      "Plan Width": 8,
      "Actual Startup Time": 97.52,
      "Actual Total Time": 104.729,
      "Actual Rows": 1,
      "Actual Loops": 1,
      "Plans": [
        {
          "Node Type": "Gather",
          "Parent Relationship": "Outer",
          "Parallel Aware": false,
          "Startup Cost": 44324.59,
          "Total Cost": 44324.9,
          "Plan Rows": 3,
          "Plan Width": 8,
          "Actual Startup Time": 97.425,
          "Actual Total Time": 104.722,
          "Actual Rows": 4,
          "Actual Loops": 1,
          "Workers Planned": 3,
          "Workers Launched": 3,
          "Single Copy": false,
          "Plans": [
            {
              "Node Type": "Aggregate",
              "Strategy": "Plain",
              "Partial Mode": "Partial",
              "Parent Relationship": "Outer",
              "Parallel Aware": false,
              "Startup Cost": 43324.59,
              "Total Cost": 43324.6,
              "Plan Rows": 1,
              "Plan Width": 8,
              "Actual Startup Time": 94.057,
              "Actual Total Time": 94.058,
              "Actual Rows": 1,
              "Actual Loops": 4,
              "Plans": [
                {
                  "Node Type": "Seq Scan",
                  "Parent Relationship": "Outer",
                  "Parallel Aware": true,
                  "Relation Name": "movie_keyword",
                  "Alias": "mk",
                  "Startup Cost": 0.0,
                  "Total Cost": 42695.65,
                  "Plan Rows": 251576,
                  "Plan Width": 0,
                  "Actual Startup Time": 2.762,
                  "Actual Total Time": 85.385,
                  "Actual Rows": 193965,
                  "Actual Loops": 4,
                  "Filter": "(keyword_id > 24307)",
                  "Rows Removed by Filter": 937018
                }
              ]
            }
          ]
        }
      ]
    },
    "Planning Time": 0.151,
    "Triggers": [],
    "Execution Time": 104.774
  }
]