[
  {
    "Plan": {
      "Node Type": "Aggregate",
      "Strategy": "Plain",
      "Partial Mode": "Finalize",
      "Parallel Aware": false,
      "Startup Cost": 335803.22,
      "Total Cost": 335803.23,
      "Plan Rows": 1,
      "Plan Width": 8,
      "Actual Startup Time": 1097.47,
      "Actual Total Time": 1210.121,
      "Actual Rows": 1,
      "Actual Loops": 1,
      "Plans": [
        {
          "Node Type": "Gather",
          "Parent Relationship": "Outer",
          "Parallel Aware": false,
          "Startup Cost": 335802.6,
          "Total Cost": 335803.21,
          "Plan Rows": 6,
          "Plan Width": 8,
          "Actual Startup Time": 1097.158,
          "Actual Total Time": 1210.101,
          "Actual Rows": 7,
          "Actual Loops": 1,
          "Workers Planned": 6,
          "Workers Launched": 6,
          "Single Copy": false,
          "Plans": [
            {
              "Node Type": "Aggregate",
              "Strategy": "Plain",
              "Partial Mode": "Partial",
              "Parent Relationship": "Outer",
              "Parallel Aware": false,
              "Startup Cost": 334802.6,
              "Total Cost": 334802.61,
              "Plan Rows": 1,
              "Plan Width": 8,
              "Actual Startup Time": 1090.069,
              "Actual Total Time": 1090.072,
              "Actual Rows": 1,
              "Actual Loops": 7,
              "Plans": [
                {
                  "Node Type": "Seq Scan",
                  "Parent Relationship": "Outer",
                  "Parallel Aware": true,
                  "Relation Name": "cast_info",
                  "Alias": "ci",
                  "Startup Cost": 0.0,
                  "Total Cost": 328211.39,
                  "Plan Rows": 2636483,
                  "Plan Width": 0,
                  "Actual Startup Time": 345.97,
                  "Actual Total Time": 945.418,
                  "Actual Rows": 2216596,
                  "Actual Loops": 7,
                  "Filter": "(person_id > 2087433)",
                  "Rows Removed by Filter": 2961168
                }
              ]
            }
          ]
        }
      ]
    },
    "Planning Time": 0.141,
    "Triggers": [],
    "Execution Time": 1210.194
  }
]