[
  {
    "Plan": {
      "Node Type": "Aggregate",
      "Strategy": "Plain",
      "Partial Mode": "Finalize",
      "Parallel Aware": false,
      "Startup Cost": 338850.93,
      "Total Cost": 338850.94,
      "Plan Rows": 1,
      "Plan Width": 8,
      "Actual Startup Time": 779.925,
      "Actual Total Time": 838.552,
      "Actual Rows": 1,
      "Actual Loops": 1,
      "Plans": [
        {
          "Node Type": "Gather",
          "Parent Relationship": "Outer",
          "Parallel Aware": false,
          "Startup Cost": 338850.31,
          "Total Cost": 338850.92,
          "Plan Rows": 6,
          "Plan Width": 8,
          "Actual Startup Time": 779.81,
          "Actual Total Time": 838.541,
          "Actual Rows": 7,
          "Actual Loops": 1,
          "Workers Planned": 6,
          "Workers Launched": 6,
          "Single Copy": false,
          "Plans": [
            {
              "Node Type": "Aggregate",
              "Strategy": "Plain",
              "Partial Mode": "Partial",
              "Parent Relationship": "Outer",
              "Parallel Aware": false,
              "Startup Cost": 337850.31,
              "Total Cost": 337850.32,
              "Plan Rows": 1,
              "Plan Width": 8,
              "Actual Startup Time": 769.297,
              "Actual Total Time": 769.298,
              "Actual Rows": 1,
              "Actual Loops": 7,
              "Plans": [
                {
                  "Node Type": "Seq Scan",
                  "Parent Relationship": "Outer",
                  "Parallel Aware": true,
                  "Relation Name": "cast_info",
                  "Alias": "ci",
                  "Startup Cost": 0.0,
                  "Total Cost": 328162.03,
                  "Plan Rows": 3875312,
                  "Plan Width": 0,
                  "Actual Startup Time": 0.051,
                  "Actual Total Time": 618.822,
                  "Actual Rows": 3330323,
                  "Actual Loops": 7,
                  "Filter": "(person_id < 2384590)",
                  "Rows Removed by Filter": 1847441
                }
              ]
            }
          ]
        }
      ]
    },
    "Planning Time": 0.251,
    "Triggers": [],
    "Execution Time": 838.631
  }
]