[
  {
    "Plan": {
      "Node Type": "Aggregate",
      "Strategy": "Plain",
      "Partial Mode": "Finalize",
      "Parallel Aware": false,
      "Startup Cost": 437349.37,
      "Total Cost": 437349.38,
      "Plan Rows": 1,
      "Plan Width": 8,
      "Actual Startup Time": 2975.384,
      "Actual Total Time": 3037.187,
      "Actual Rows": 1,
      "Actual Loops": 1,
      "Plans": [
        {
          "Node Type": "Gather",
          "Parent Relationship": "Outer",
          "Parallel Aware": false,
          "Startup Cost": 437348.74,
          "Total Cost": 437349.35,
          "Plan Rows": 6,
          "Plan Width": 8,
          "Actual Startup Time": 2965.314,
          "Actual Total Time": 3037.176,
          "Actual Rows": 7,
          "Actual Loops": 1,
          "Workers Planned": 6,
          "Workers Launched": 6,
          "Single Copy": false,
          "Plans": [
            {
              "Node Type": "Aggregate",
              "Strategy": "Plain",
              "Partial Mode": "Partial",
              "Parent Relationship": "Outer",
              "Parallel Aware": false,
              "Startup Cost": 436348.74,
              "Total Cost": 436348.75,
              "Plan Rows": 1,
              "Plan Width": 8,
              "Actual Startup Time": 2956.741,
              "Actual Total Time": 2956.907,
              "Actual Rows": 1,
              "Actual Loops": 7,
              "Plans": [
                {
                  "Node Type": "Hash Join",
                  "Parent Relationship": "Outer",
                  "Parallel Aware": true,
                  "Join Type": "Inner",
                  "Startup Cost": 78998.8,
                  "Total Cost": 433043.67,
                  "Plan Rows": 1322028,
                  "Plan Width": 0,
                  "Actual Startup Time": 406.175,
                  "Actual Total Time": 2725.443,
                  "Actual Rows": 5170531,
                  "Actual Loops": 7,
                  "Inner Unique": false,
                  "Hash Cond": "(ci.movie_id = t.id)",
                  "Plans": [
                    {
                      "Node Type": "Seq Scan",
                      "Parent Relationship": "Outer",
                      "Parallel Aware": true,
                      "Relation Name": "cast_info",
                      "Alias": "ci",
                      "Startup Cost": 0.0,
                      "Total Cost": 328211.39,
                      "Plan Rows": 5751702,
                      "Plan Width": 4,
                      "Actual Startup Time": 20.246,
                      "Actual Total Time": 684.57,
                      "Actual Rows": 4922245,
                      "Actual Loops": 7,
                      "Filter": "(person_id > 177707)",
                      "Rows Removed by Filter": 255519
                    },
                    {
                      "Node Type": "Hash",
                      "Parent Relationship": "Inner",
                      "Parallel Aware": true,
                      "Startup Cost": 76655.43,
                      "Total Cost": 76655.43,
                      "Plan Rows": 187470,
                      "Plan Width": 8,
                      "Actual Startup Time": 383.744,
                      "Actual Total Time": 383.908,
                      "Actual Rows": 188100,
                      "Actual Loops": 7,
                      "Hash Buckets": 2097152,
                      "Original Hash Buckets": 1048576,
                      "Hash Batches": 1,
                      "Original Hash Batches": 1,
                      "Peak Memory Usage": 76192,
                      "Plans": [
                        {
                          "Node Type": "Hash Join",
                          "Parent Relationship": "Outer",
                          "Parallel Aware": true,
                          "Join Type": "Inner",
                          "Startup Cost": 47239.54,
                          "Total Cost": 76655.43,
                          "Plan Rows": 187470,
                          "Plan Width": 8,
                          "Actual Startup Time": 124.462,
                          "Actual Total Time": 268.245,
                          "Actual Rows": 188100,
                          "Actual Loops": 7,
                          "Inner Unique": true,
                          "Hash Cond": "(mc.movie_id = t.id)",
                          "Plans": [
                            {
                              "Node Type": "Seq Scan",
                              "Parent Relationship": "Outer",
                              "Parallel Aware": true,
                              "Relation Name": "movie_companies",
                              "Alias": "mc",
                              "Startup Cost": 0.0,
                              "Total Cost": 27206.55,
                              "Plan Rows": 841655,
                              "Plan Width": 4,
                              "Actual Startup Time": 0.037,
                              "Actual Total Time": 43.987,
                              "Actual Rows": 372733,
                              "Actual Loops": 7
                            },
                            {
                              "Node Type": "Hash",
                              "Parent Relationship": "Inner",
                              "Parallel Aware": true,
                              "Startup Cost": 45479.59,
                              "Total Cost": 45479.59,
                              "Plan Rows": 140796,
                              "Plan Width": 4,
                              "Actual Startup Time": 123.381,
                              "Actual Total Time": 123.383,
                              "Actual Rows": 91684,
                              "Actual Loops": 7,
                              "Hash Buckets": 1048576,
                              "Original Hash Buckets": 1048576,
                              "Hash Batches": 1,
                              "Original Hash Batches": 1,
                              "Peak Memory Usage": 33408,
                              "Plans": [
                                {
                                  "Node Type": "Seq Scan",
                                  "Parent Relationship": "Outer",
                                  "Parallel Aware": true,
                                  "Relation Name": "title",
                                  "Alias": "t",
                                  "Startup Cost": 0.0,
                                  "Total Cost": 45479.59,
                                  "Plan Rows": 140796,
                                  "Plan Width": 4,
                                  "Actual Startup Time": 0.032,
                                  "Actual Total Time": 79.992,
                                  "Actual Rows": 91684,
                                  "Actual Loops": 7,
                                  "Filter": "((kind_id < 7) AND (production_year < 2006))",
                                  "Rows Removed by Filter": 269504
                                }
                              ]
                            }
                          ]
                        }
                      ]
                    }
                  ]
                }
              ]
            }
          ]
        }
      ]
    },
    "Planning Time": 0.627,
    "Triggers": [],
    "Execution Time": 3037.243
  }
]