{
  "Plan": {
    "Node Type": "Aggregate",
    "Strategy": "Plain",
    "Partial Mode": "Finalize",
    "Parallel Aware": false,
    "Startup Cost": 83428.72,
    "Total Cost": 83428.73,
    "Plan Rows": 1,
    "Plan Width": 8,
    "Actual Startup Time": 185.599,
    "Actual Total Time": 195.655,
    "Actual Rows": 1,
    "Actual Loops": 1,
    "Plans": [
      {
        "Node Type": "Gather",
        "Parent Relationship": "Outer",
        "Parallel Aware": false,
        "Startup Cost": 83428.6,
        "Total Cost": 83428.71,
        "Plan Rows": 1,
        "Plan Width": 8,
        "Actual Startup Time": 185.116,
        "Actual Total Time": 195.647,
        "Actual Rows": 2,
        "Actual Loops": 1,
        "Workers Planned": 1,
        "Workers Launched": 1,
        "Single Copy": false,
        "Plans": [
          {
            "Node Type": "Aggregate",
            "Strategy": "Plain",
            "Partial Mode": "Partial",
            "Parent Relationship": "Outer",
            "Parallel Aware": false,
            "Startup Cost": 82428.6,
            "Total Cost": 82428.61,
            "Plan Rows": 1,
            "Plan Width": 8,
            "Actual Startup Time": 178.985,
            "Actual Total Time": 178.989,
            "Actual Rows": 1,
            "Actual Loops": 2,
            "Plans": [
              {
                "Node Type": "Hash Join",
                "Parent Relationship": "Outer",
                "Parallel Aware": true,
                "Join Type": "Inner",
                "Startup Cost": 60804.78,
                "Total Cost": 82419.94,
                "Plan Rows": 3464,
                "Plan Width": 0,
                "Actual Startup Time": 150.998,
                "Actual Total Time": 178.937,
                "Actual Rows": 472,
                "Actual Loops": 2,
                "Inner Unique": true,
                "Hash Cond": "(mc.movie_id = t.id)",
                "Plans": [
                  {
                    "Node Type": "Bitmap Heap Scan",
                    "Parent Relationship": "Outer",
                    "Parallel Aware": true,
                    "Relation Name": "movie_companies",
                    "Alias": "mc",
                    "Startup Cost": 6351.63,
                    "Total Cost": 27742.72,
                    "Plan Rows": 85362,
                    "Plan Width": 4,
                    "Actual Startup Time": 15.413,
                    "Actual Total Time": 55.856,
                    "Actual Rows": 112192,
                    "Actual Loops": 2,
                    "Recheck Cond": "(company_id < 160)",
                    "Rows Removed by Index Recheck": 0,
                    "Filter": "(company_type_id = 1)",
                    "Rows Removed by Filter": 34246,
                    "Exact Heap Blocks": 11576,
                    "Lossy Heap Blocks": 0,
                    "Plans": [
                      {
                        "Node Type": "Bitmap Index Scan",
                        "Parent Relationship": "Outer",
                        "Parallel Aware": false,
                        "Index Name": "company_id_movie_companies",
                        "Startup Cost": 0.0,
                        "Total Cost": 6315.35,
                        "Plan Rows": 294790,
                        "Plan Width": 0,
                        "Actual Startup Time": 12.786,
                        "Actual Total Time": 12.786,
                        "Actual Rows": 292877,
                        "Actual Loops": 1,
                        "Index Cond": "(company_id < 160)"
                      }
                    ]
                  },
                  {
                    "Node Type": "Hash",
                    "Parent Relationship": "Inner",
                    "Parallel Aware": true,
                    "Startup Cost": 53698.76,
                    "Total Cost": 53698.76,
                    "Plan Rows": 60351,
                    "Plan Width": 4,
                    "Actual Startup Time": 105.548,
                    "Actual Total Time": 105.549,
                    "Actual Rows": 49496,
                    "Actual Loops": 2,
                    "Hash Buckets": 131072,
                    "Original Hash Buckets": 131072,
                    "Hash Batches": 1,
                    "Original Hash Batches": 1,
                    "Peak Memory Usage": 4928,
                    "Plans": [
                      {
                        "Node Type": "Bitmap Heap Scan",
                        "Parent Relationship": "Outer",
                        "Parallel Aware": true,
                        "Relation Name": "title",
                        "Alias": "t",
                        "Startup Cost": 11848.5,
                        "Total Cost": 53698.76,
                        "Plan Rows": 60351,
                        "Plan Width": 4,
                        "Actual Startup Time": 36.102,
                        "Actual Total Time": 94.891,
                        "Actual Rows": 49496,
                        "Actual Loops": 2,
                        "Recheck Cond": "(kind_id = 1)",
                        "Rows Removed by Index Recheck": 0,
                        "Filter": "(production_year > 2010)",
                        "Rows Removed by Filter": 281916,
                        "Exact Heap Blocks": 8984,
                        "Lossy Heap Blocks": 0,
                        "Plans": [
                          {
                            "Node Type": "Bitmap Index Scan",
                            "Parent Relationship": "Outer",
                            "Parallel Aware": false,
                            "Index Name": "kind_id_title",
                            "Startup Cost": 0.0,
                            "Total Cost": 11822.85,
                            "Plan Rows": 663256,
                            "Plan Width": 0,
                            "Actual Startup Time": 37.761,
                            "Actual Total Time": 37.762,
                            "Actual Rows": 662825,
                            "Actual Loops": 1,
                            "Index Cond": "(kind_id = 1)"
                          }
                        ]
                      }
                    ]
                  }
                ]
              }
            ]
          }
        ]
      }
    ]
  },
  "Planning Time": 0.515,
  "Triggers": [],
  "Execution Time": 195.759
}