{
    "Plan": {
        "Node Type": "Aggregate",
        "Strategy": "Plain",
        "Partial Mode": "Simple",
        "Parallel Aware": false,
        "Startup Cost": 50001336445.58,
        "Total Cost": 50001336445.59,
        "Plan Rows": 1,
        "Plan Width": 128,
        "Actual Startup Time": 8551.126,
        "Actual Total Time": 8571.173,
        "Actual Rows": 1,
        "Actual Loops": 1,
        "Output": [
            "min(chn.name)",
            "min(mi_idx.info)",
            "min(n.name)",
            "min(t.title)"
        ],
        "Plans": [
            {
                "Node Type": "Nested Loop",
                "Parent Relationship": "Outer",
                "Parallel Aware": false,
                "Join Type": "Inner",
                "Startup Cost": 50001214318.16,
                "Total Cost": 50001336445.57,
                "Plan Rows": 1,
                "Plan Width": 53,
                "Actual Startup Time": 7997.04,
                "Actual Total Time": 8570.026,
                "Actual Rows": 3282,
                "Actual Loops": 1,
                "Output": [
                    "chn.name",
                    "mi_idx.info",
                    "n.name",
                    "t.title"
                ],
                "Inner Unique": true,
                "Plans": [
                    {
                        "Node Type": "Hash Join",
                        "Parent Relationship": "Outer",
                        "Parallel Aware": false,
                        "Join Type": "Inner",
                        "Startup Cost": 40001214318.02,
                        "Total Cost": 40001336437.4,
                        "Plan Rows": 1,
                        "Plan Width": 57,
                        "Actual Startup Time": 7997.018,
                        "Actual Total Time": 8555.954,
                        "Actual Rows": 3282,
                        "Actual Loops": 1,
                        "Output": [
                            "cc.status_id",
                            "chn.name",
                            "mi_idx.info",
                            "n.name",
                            "t.title"
                        ],
                        "Inner Unique": false,
                        "Hash Cond": "(chn.id = ci.person_role_id)",
                        "Plans": [
                            {
                                "Node Type": "Gather",
                                "Parent Relationship": "Outer",
                                "Parallel Aware": false,
                                "Startup Cost": 1000.43,
                                "Total Cost": 122648.82,
                                "Plan Rows": 125596,
                                "Plan Width": 20,
                                "Actual Startup Time": 1.563,
                                "Actual Total Time": 521.576,
                                "Actual Rows": 180152,
                                "Actual Loops": 1,
                                "Output": [
                                    "chn.name",
                                    "chn.id"
                                ],
                                "Workers Planned": 4,
                                "Workers Launched": 4,
                                "Single Copy": false,
                                "Plans": [
                                    {
                                        "Node Type": "Index Scan",
                                        "Parent Relationship": "Outer",
                                        "Parallel Aware": true,
                                        "Scan Direction": "Forward",
                                        "Index Name": "char_name_pkey",
                                        "Relation Name": "char_name",
                                        "Schema": "public",
                                        "Alias": "chn",
                                        "Startup Cost": 0.43,
                                        "Total Cost": 109089.22,
                                        "Plan Rows": 31399,
                                        "Plan Width": 20,
                                        "Actual Startup Time": 0.536,
                                        "Actual Total Time": 544.763,
                                        "Actual Rows": 36030,
                                        "Actual Loops": 5,
                                        "Output": [
                                            "chn.name",
                                            "chn.id"
                                        ],
                                        "Filter": "((chn.name IS NOT NULL) AND ((chn.name ~~ '%man%'::text) OR (chn.name ~~ '%Man%'::text)))",
                                        "Rows Removed by Filter": 592037,
                                        "Workers": [
                                            {
                                                "Worker Number": 0,
                                                "Actual Startup Time": 0.633,
                                                "Actual Total Time": 564.279,
                                                "Actual Rows": 36317,
                                                "Actual Loops": 1
                                            },
                                            {
                                                "Worker Number": 1,
                                                "Actual Startup Time": 1.253,
                                                "Actual Total Time": 564.684,
                                                "Actual Rows": 35942,
                                                "Actual Loops": 1
                                            },
                                            {
                                                "Worker Number": 2,
                                                "Actual Startup Time": 0.255,
                                                "Actual Total Time": 564.662,
                                                "Actual Rows": 29457,
                                                "Actual Loops": 1
                                            },
                                            {
                                                "Worker Number": 3,
                                                "Actual Startup Time": 0.477,
                                                "Actual Total Time": 561.376,
                                                "Actual Rows": 35522,
                                                "Actual Loops": 1
                                            }
                                        ]
                                    }
                                ]
                            },
                            {
                                "Node Type": "Hash",
                                "Parent Relationship": "Inner",
                                "Parallel Aware": false,
                                "Startup Cost": 40001213317.58,
                                "Total Cost": 40001213317.58,
                                "Plan Rows": 1,
                                "Plan Width": 45,
                                "Actual Startup Time": 7995.438,
                                "Actual Total Time": 7996.151,
                                "Actual Rows": 44366,
                                "Actual Loops": 1,
                                "Output": [
                                    "cc.status_id",
                                    "ci.person_role_id",
                                    "mi_idx.info",
                                    "n.name",
                                    "t.title"
                                ],
                                "Hash Buckets": 65536,
                                "Original Hash Buckets": 1024,
                                "Hash Batches": 1,
                                "Original Hash Batches": 1,
                                "Peak Memory Usage": 3798,
                                "Plans": [
                                    {
                                        "Node Type": "Nested Loop",
                                        "Parent Relationship": "Outer",
                                        "Parallel Aware": false,
                                        "Join Type": "Inner",
                                        "Startup Cost": 40000462150.75,
                                        "Total Cost": 40001213317.58,
                                        "Plan Rows": 1,
                                        "Plan Width": 45,
                                        "Actual Startup Time": 2426.771,
                                        "Actual Total Time": 7966.666,
                                        "Actual Rows": 112037,
                                        "Actual Loops": 1,
                                        "Output": [
                                            "cc.status_id",
                                            "ci.person_role_id",
                                            "mi_idx.info",
                                            "n.name",
                                            "t.title"
                                        ],
                                        "Inner Unique": true,
                                        "Plans": [
                                            {
                                                "Node Type": "Hash Join",
                                                "Parent Relationship": "Outer",
                                                "Parallel Aware": false,
                                                "Join Type": "Inner",
                                                "Startup Cost": 30000462150.31,
                                                "Total Cost": 30001213313.12,
                                                "Plan Rows": 1,
                                                "Plan Width": 34,
                                                "Actual Startup Time": 2426.736,
                                                "Actual Total Time": 7344.816,
                                                "Actual Rows": 112037,
                                                "Actual Loops": 1,
                                                "Output": [
                                                    "cc.status_id",
                                                    "ci.person_role_id",
                                                    "ci.person_id",
                                                    "mi_idx.info",
                                                    "t.title"
                                                ],
                                                "Inner Unique": false,
                                                "Hash Cond": "(ci.movie_id = t.id)",
                                                "Plans": [
                                                    {
                                                        "Node Type": "Seq Scan",
                                                        "Parent Relationship": "Outer",
                                                        "Parallel Aware": false,
                                                        "Relation Name": "cast_info",
                                                        "Schema": "public",
                                                        "Alias": "ci",
                                                        "Startup Cost": 10000000000.0,
                                                        "Total Cost": 10000615214.76,
                                                        "Plan Rows": 36252776,
                                                        "Plan Width": 12,
                                                        "Actual Startup Time": 0.013,
                                                        "Actual Total Time": 2365.596,
                                                        "Actual Rows": 36244344,
                                                        "Actual Loops": 1,
                                                        "Output": [
                                                            "ci.id",
                                                            "ci.person_id",
                                                            "ci.movie_id",
                                                            "ci.person_role_id",
                                                            "ci.note",
                                                            "ci.nr_order",
                                                            "ci.role_id"
                                                        ]
                                                    },
                                                    {
                                                        "Node Type": "Hash",
                                                        "Parent Relationship": "Inner",
                                                        "Parallel Aware": false,
                                                        "Startup Cost": 20000462150.3,
                                                        "Total Cost": 20000462150.3,
                                                        "Plan Rows": 1,
                                                        "Plan Width": 42,
                                                        "Actual Startup Time": 2426.014,
                                                        "Actual Total Time": 2426.721,
                                                        "Actual Rows": 712,
                                                        "Actual Loops": 1,
                                                        "Output": [
                                                            "cc.movie_id",
                                                            "cc.status_id",
                                                            "mi_idx.info",
                                                            "mi_idx.movie_id",
                                                            "mk.movie_id",
                                                            "t.title",
                                                            "t.id"
                                                        ],
                                                        "Hash Buckets": 1024,
                                                        "Original Hash Buckets": 1024,
                                                        "Hash Batches": 1,
                                                        "Original Hash Batches": 1,
                                                        "Peak Memory Usage": 60,
                                                        "Plans": [
                                                            {
                                                                "Node Type": "Hash Join",
                                                                "Parent Relationship": "Outer",
                                                                "Parallel Aware": false,
                                                                "Join Type": "Inner",
                                                                "Startup Cost": 20000462149.24,
                                                                "Total Cost": 20000462150.3,
                                                                "Plan Rows": 1,
                                                                "Plan Width": 42,
                                                                "Actual Startup Time": 2425.804,
                                                                "Actual Total Time": 2426.601,
                                                                "Actual Rows": 712,
                                                                "Actual Loops": 1,
                                                                "Output": [
                                                                    "cc.movie_id",
                                                                    "cc.status_id",
                                                                    "mi_idx.info",
                                                                    "mi_idx.movie_id",
                                                                    "mk.movie_id",
                                                                    "t.title",
                                                                    "t.id"
                                                                ],
                                                                "Inner Unique": false,
                                                                "Hash Cond": "(cct1.id = cc.subject_id)",
                                                                "Plans": [
                                                                    {
                                                                        "Node Type": "Seq Scan",
                                                                        "Parent Relationship": "Outer",
                                                                        "Parallel Aware": false,
                                                                        "Relation Name": "comp_cast_type",
                                                                        "Schema": "public",
                                                                        "Alias": "cct1",
                                                                        "Startup Cost": 0.0,
                                                                        "Total Cost": 1.05,
                                                                        "Plan Rows": 1,
                                                                        "Plan Width": 4,
                                                                        "Actual Startup Time": 0.008,
                                                                        "Actual Total Time": 0.012,
                                                                        "Actual Rows": 1,
                                                                        "Actual Loops": 1,
                                                                        "Output": [
                                                                            "cct1.id",
                                                                            "cct1.kind"
                                                                        ],
                                                                        "Filter": "((cct1.kind)::text = 'cast'::text)",
                                                                        "Rows Removed by Filter": 3
                                                                    },
                                                                    {
                                                                        "Node Type": "Hash",
                                                                        "Parent Relationship": "Inner",
                                                                        "Parallel Aware": false,
                                                                        "Startup Cost": 20000462149.23,
                                                                        "Total Cost": 20000462149.23,
                                                                        "Plan Rows": 1,
                                                                        "Plan Width": 46,
                                                                        "Actual Startup Time": 2425.788,
                                                                        "Actual Total Time": 2426.494,
                                                                        "Actual Rows": 927,
                                                                        "Actual Loops": 1,
                                                                        "Output": [
                                                                            "cc.movie_id",
                                                                            "cc.subject_id",
                                                                            "cc.status_id",
                                                                            "mi_idx.info",
                                                                            "mi_idx.movie_id",
                                                                            "mk.movie_id",
                                                                            "t.title",
                                                                            "t.id"
                                                                        ],
                                                                        "Hash Buckets": 1024,
                                                                        "Original Hash Buckets": 1024,
                                                                        "Hash Batches": 1,
                                                                        "Original Hash Batches": 1,
                                                                        "Peak Memory Usage": 79,
                                                                        "Plans": [
                                                                            {
                                                                                "Node Type": "Merge Join",
                                                                                "Parent Relationship": "Outer",
                                                                                "Parallel Aware": false,
                                                                                "Join Type": "Inner",
                                                                                "Startup Cost": 20000455162.84,
                                                                                "Total Cost": 20000462149.23,
                                                                                "Plan Rows": 1,
                                                                                "Plan Width": 46,
                                                                                "Actual Startup Time": 2405.558,
                                                                                "Actual Total Time": 2426.302,
                                                                                "Actual Rows": 927,
                                                                                "Actual Loops": 1,
                                                                                "Output": [
                                                                                    "cc.movie_id",
                                                                                    "cc.subject_id",
                                                                                    "cc.status_id",
                                                                                    "mi_idx.info",
                                                                                    "mi_idx.movie_id",
                                                                                    "mk.movie_id",
                                                                                    "t.title",
                                                                                    "t.id"
                                                                                ],
                                                                                "Inner Unique": false,
                                                                                "Merge Cond": "(cc.movie_id = t.id)",
                                                                                "Plans": [
                                                                                    {
                                                                                        "Node Type": "Index Scan",
                                                                                        "Parent Relationship": "Outer",
                                                                                        "Parallel Aware": false,
                                                                                        "Scan Direction": "Forward",
                                                                                        "Index Name": "movie_id_complete_cast",
                                                                                        "Relation Name": "complete_cast",
                                                                                        "Schema": "public",
                                                                                        "Alias": "cc",
                                                                                        "Startup Cost": 0.42,
                                                                                        "Total Cost": 6651.09,
                                                                                        "Plan Rows": 135086,
                                                                                        "Plan Width": 12,
                                                                                        "Actual Startup Time": 0.012,
                                                                                        "Actual Total Time": 30.373,
                                                                                        "Actual Rows": 132405,
                                                                                        "Actual Loops": 1,
                                                                                        "Output": [
                                                                                            "cc.id",
                                                                                            "cc.movie_id",
                                                                                            "cc.subject_id",
                                                                                            "cc.status_id"
                                                                                        ]
                                                                                    },
                                                                                    {
                                                                                        "Node Type": "Sort",
                                                                                        "Parent Relationship": "Inner",
                                                                                        "Parallel Aware": false,
                                                                                        "Startup Cost": 20000455162.42,
                                                                                        "Total Cost": 20000455162.42,
                                                                                        "Plan Rows": 1,
                                                                                        "Plan Width": 34,
                                                                                        "Actual Startup Time": 2386.862,
                                                                                        "Actual Total Time": 2387.703,
                                                                                        "Actual Rows": 1971,
                                                                                        "Actual Loops": 1,
                                                                                        "Output": [
                                                                                            "mi_idx.info",
                                                                                            "mi_idx.movie_id",
                                                                                            "mk.movie_id",
                                                                                            "t.title",
                                                                                            "t.id"
                                                                                        ],
                                                                                        "Sort Key": [
                                                                                            "mi_idx.movie_id"
                                                                                        ],
                                                                                        "Sort Method": "quicksort",
                                                                                        "Sort Space Used": 193,
                                                                                        "Sort Space Type": "Memory",
                                                                                        "Plans": [
                                                                                            {
                                                                                                "Node Type": "Merge Join",
                                                                                                "Parent Relationship": "Outer",
                                                                                                "Parallel Aware": false,
                                                                                                "Join Type": "Inner",
                                                                                                "Startup Cost": 20000455150.27,
                                                                                                "Total Cost": 20000455162.41,
                                                                                                "Plan Rows": 1,
                                                                                                "Plan Width": 34,
                                                                                                "Actual Startup Time": 2386.233,
                                                                                                "Actual Total Time": 2387.227,
                                                                                                "Actual Rows": 1759,
                                                                                                "Actual Loops": 1,
                                                                                                "Output": [
                                                                                                    "mi_idx.info",
                                                                                                    "mi_idx.movie_id",
                                                                                                    "mk.movie_id",
                                                                                                    "t.title",
                                                                                                    "t.id"
                                                                                                ],
                                                                                                "Inner Unique": true,
                                                                                                "Merge Cond": "(t.kind_id = kt.id)",
                                                                                                "Plans": [
                                                                                                    {
                                                                                                        "Node Type": "Sort",
                                                                                                        "Parent Relationship": "Outer",
                                                                                                        "Parallel Aware": false,
                                                                                                        "Startup Cost": 20000455150.13,
                                                                                                        "Total Cost": 20000455150.14,
                                                                                                        "Plan Rows": 1,
                                                                                                        "Plan Width": 38,
                                                                                                        "Actual Startup Time": 2386.202,
                                                                                                        "Actual Total Time": 2386.97,
                                                                                                        "Actual Rows": 1760,
                                                                                                        "Actual Loops": 1,
                                                                                                        "Output": [
                                                                                                            "mi_idx.info",
                                                                                                            "mi_idx.movie_id",
                                                                                                            "mk.movie_id",
                                                                                                            "t.title",
                                                                                                            "t.kind_id",
                                                                                                            "t.id"
                                                                                                        ],
                                                                                                        "Sort Key": [
                                                                                                            "t.kind_id"
                                                                                                        ],
                                                                                                        "Sort Method": "quicksort",
                                                                                                        "Sort Space Used": 449,
                                                                                                        "Sort Space Type": "Memory",
                                                                                                        "Plans": [
                                                                                                            {
                                                                                                                "Node Type": "Merge Join",
                                                                                                                "Parent Relationship": "Outer",
                                                                                                                "Parallel Aware": false,
                                                                                                                "Join Type": "Inner",
                                                                                                                "Startup Cost": 20000447514.44,
                                                                                                                "Total Cost": 20000455150.12,
                                                                                                                "Plan Rows": 1,
                                                                                                                "Plan Width": 38,
                                                                                                                "Actual Startup Time": 2079.732,
                                                                                                                "Actual Total Time": 2385.892,
                                                                                                                "Actual Rows": 4078,
                                                                                                                "Actual Loops": 1,
                                                                                                                "Output": [
                                                                                                                    "mi_idx.info",
                                                                                                                    "mi_idx.movie_id",
                                                                                                                    "mk.movie_id",
                                                                                                                    "t.title",
                                                                                                                    "t.kind_id",
                                                                                                                    "t.id"
                                                                                                                ],
                                                                                                                "Inner Unique": false,
                                                                                                                "Merge Cond": "(t.id = mk.movie_id)",
                                                                                                                "Plans": [
                                                                                                                    {
                                                                                                                        "Node Type": "Sort",
                                                                                                                        "Parent Relationship": "Outer",
                                                                                                                        "Parallel Aware": false,
                                                                                                                        "Startup Cost": 10000224655.62,
                                                                                                                        "Total Cost": 10000228477.97,
                                                                                                                        "Plan Rows": 1528941,
                                                                                                                        "Plan Width": 25,
                                                                                                                        "Actual Startup Time": 1081.546,
                                                                                                                        "Actual Total Time": 1249.679,
                                                                                                                        "Actual Rows": 1530895,
                                                                                                                        "Actual Loops": 1,
                                                                                                                        "Output": [
                                                                                                                            "t.title",
                                                                                                                            "t.kind_id",
                                                                                                                            "t.id"
                                                                                                                        ],
                                                                                                                        "Sort Key": [
                                                                                                                            "t.id"
                                                                                                                        ],
                                                                                                                        "Sort Method": "quicksort",
                                                                                                                        "Sort Space Used": 165150,
                                                                                                                        "Sort Space Type": "Memory",
                                                                                                                        "Plans": [
                                                                                                                            {
                                                                                                                                "Node Type": "Seq Scan",
                                                                                                                                "Parent Relationship": "Outer",
                                                                                                                                "Parallel Aware": false,
                                                                                                                                "Relation Name": "title",
                                                                                                                                "Schema": "public",
                                                                                                                                "Alias": "t",
                                                                                                                                "Startup Cost": 10000000000.0,
                                                                                                                                "Total Cost": 10000067602.02,
                                                                                                                                "Plan Rows": 1528941,
                                                                                                                                "Plan Width": 25,
                                                                                                                                "Actual Startup Time": 0.01,
                                                                                                                                "Actual Total Time": 429.778,
                                                                                                                                "Actual Rows": 1531613,
                                                                                                                                "Actual Loops": 1,
                                                                                                                                "Output": [
                                                                                                                                    "t.title",
                                                                                                                                    "t.kind_id",
                                                                                                                                    "t.id"
                                                                                                                                ],
                                                                                                                                "Filter": "(t.production_year > 1997)",
                                                                                                                                "Rows Removed by Filter": 996699
                                                                                                                            }
                                                                                                                        ]
                                                                                                                    },
                                                                                                                    {
                                                                                                                        "Node Type": "Sort",
                                                                                                                        "Parent Relationship": "Inner",
                                                                                                                        "Parallel Aware": false,
                                                                                                                        "Startup Cost": 10000222857.28,
                                                                                                                        "Total Cost": 10000222857.29,
                                                                                                                        "Plan Rows": 1,
                                                                                                                        "Plan Width": 13,
                                                                                                                        "Actual Startup Time": 997.852,
                                                                                                                        "Actual Total Time": 999.386,
                                                                                                                        "Actual Rows": 7684,
                                                                                                                        "Actual Loops": 1,
                                                                                                                        "Output": [
                                                                                                                            "mi_idx.info",
                                                                                                                            "mi_idx.movie_id",
                                                                                                                            "mk.movie_id"
                                                                                                                        ],
                                                                                                                        "Sort Key": [
                                                                                                                            "mi_idx.movie_id"
                                                                                                                        ],
                                                                                                                        "Sort Method": "quicksort",
                                                                                                                        "Sort Space Used": 553,
                                                                                                                        "Sort Space Type": "Memory",
                                                                                                                        "Plans": [
                                                                                                                            {
                                                                                                                                "Node Type": "Gather",
                                                                                                                                "Parent Relationship": "Outer",
                                                                                                                                "Parallel Aware": false,
                                                                                                                                "Startup Cost": 10000222856.88,
                                                                                                                                "Total Cost": 10000222857.27,
                                                                                                                                "Plan Rows": 1,
                                                                                                                                "Plan Width": 13,
                                                                                                                                "Actual Startup Time": 994.662,
                                                                                                                                "Actual Total Time": 997.324,
                                                                                                                                "Actual Rows": 7684,
                                                                                                                                "Actual Loops": 1,
                                                                                                                                "Output": [
                                                                                                                                    "mi_idx.info",
                                                                                                                                    "mi_idx.movie_id",
                                                                                                                                    "mk.movie_id"
                                                                                                                                ],
                                                                                                                                "Workers Planned": 2,
                                                                                                                                "Workers Launched": 2,
                                                                                                                                "Single Copy": false,
                                                                                                                                "Plans": [
                                                                                                                                    {
                                                                                                                                        "Node Type": "Merge Join",
                                                                                                                                        "Parent Relationship": "Outer",
                                                                                                                                        "Parallel Aware": false,
                                                                                                                                        "Join Type": "Inner",
                                                                                                                                        "Startup Cost": 10000221856.88,
                                                                                                                                        "Total Cost": 10000221857.17,
                                                                                                                                        "Plan Rows": 1,
                                                                                                                                        "Plan Width": 13,
                                                                                                                                        "Actual Startup Time": 986.297,
                                                                                                                                        "Actual Total Time": 986.829,
                                                                                                                                        "Actual Rows": 2561,
                                                                                                                                        "Actual Loops": 3,
                                                                                                                                        "Output": [
                                                                                                                                            "mi_idx.info",
                                                                                                                                            "mi_idx.movie_id",
                                                                                                                                            "mk.movie_id"
                                                                                                                                        ],
                                                                                                                                        "Inner Unique": true,
                                                                                                                                        "Merge Cond": "(mi_idx.info_type_id = it2.id)",
                                                                                                                                        "Workers": [
                                                                                                                                            {
                                                                                                                                                "Worker Number": 0,
                                                                                                                                                "Actual Startup Time": 982.655,
                                                                                                                                                "Actual Total Time": 983.169,
                                                                                                                                                "Actual Rows": 2016,
                                                                                                                                                "Actual Loops": 1
                                                                                                                                            },
                                                                                                                                            {
                                                                                                                                                "Worker Number": 1,
                                                                                                                                                "Actual Startup Time": 982.703,
                                                                                                                                                "Actual Total Time": 983.214,
                                                                                                                                                "Actual Rows": 2050,
                                                                                                                                                "Actual Loops": 1
                                                                                                                                            }
                                                                                                                                        ],
                                                                                                                                        "Plans": [
                                                                                                                                            {
                                                                                                                                                "Node Type": "Sort",
                                                                                                                                                "Parent Relationship": "Outer",
                                                                                                                                                "Parallel Aware": false,
                                                                                                                                                "Startup Cost": 221842.76,
                                                                                                                                                "Total Cost": 221842.9,
                                                                                                                                                "Plan Rows": 56,
                                                                                                                                                "Plan Width": 17,
                                                                                                                                                "Actual Startup Time": 985.946,
                                                                                                                                                "Actual Total Time": 986.189,
                                                                                                                                                "Actual Rows": 4572,
                                                                                                                                                "Actual Loops": 3,
                                                                                                                                                "Output": [
                                                                                                                                                    "mk.movie_id",
                                                                                                                                                    "mi_idx.info",
                                                                                                                                                    "mi_idx.movie_id",
                                                                                                                                                    "mi_idx.info_type_id"
                                                                                                                                                ],
                                                                                                                                                "Sort Key": [
                                                                                                                                                    "mi_idx.info_type_id"
                                                                                                                                                ],
                                                                                                                                                "Sort Method": "quicksort",
                                                                                                                                                "Sort Space Used": 516,
                                                                                                                                                "Sort Space Type": "Memory",
                                                                                                                                                "Workers": [
                                                                                                                                                    {
                                                                                                                                                        "Worker Number": 0,
                                                                                                                                                        "Actual Startup Time": 982.31,
                                                                                                                                                        "Actual Total Time": 982.527,
                                                                                                                                                        "Actual Rows": 3528,
                                                                                                                                                        "Actual Loops": 1
                                                                                                                                                    },
                                                                                                                                                    {
                                                                                                                                                        "Worker Number": 1,
                                                                                                                                                        "Actual Startup Time": 982.323,
                                                                                                                                                        "Actual Total Time": 982.57,
                                                                                                                                                        "Actual Rows": 3678,
                                                                                                                                                        "Actual Loops": 1
                                                                                                                                                    }
                                                                                                                                                ],
                                                                                                                                                "Plans": [
                                                                                                                                                    {
                                                                                                                                                        "Node Type": "Hash Join",
                                                                                                                                                        "Parent Relationship": "Outer",
                                                                                                                                                        "Parallel Aware": true,
                                                                                                                                                        "Join Type": "Inner",
                                                                                                                                                        "Startup Cost": 206212.99,
                                                                                                                                                        "Total Cost": 221841.13,
                                                                                                                                                        "Plan Rows": 56,
                                                                                                                                                        "Plan Width": 17,
                                                                                                                                                        "Actual Startup Time": 911.173,
                                                                                                                                                        "Actual Total Time": 984.398,
                                                                                                                                                        "Actual Rows": 4584,
                                                                                                                                                        "Actual Loops": 3,
                                                                                                                                                        "Output": [
                                                                                                                                                            "mk.movie_id",
                                                                                                                                                            "mi_idx.info",
                                                                                                                                                            "mi_idx.movie_id",
                                                                                                                                                            "mi_idx.info_type_id"
                                                                                                                                                        ],
                                                                                                                                                        "Inner Unique": false,
                                                                                                                                                        "Hash Cond": "(mi_idx.movie_id = mk.movie_id)",
                                                                                                                                                        "Workers": [
                                                                                                                                                            {
                                                                                                                                                                "Worker Number": 0,
                                                                                                                                                                "Actual Startup Time": 907.477,
                                                                                                                                                                "Actual Total Time": 980.545,
                                                                                                                                                                "Actual Rows": 3528,
                                                                                                                                                                "Actual Loops": 1
                                                                                                                                                            },
                                                                                                                                                            {
                                                                                                                                                                "Worker Number": 1,
                                                                                                                                                                "Actual Startup Time": 907.33,
                                                                                                                                                                "Actual Total Time": 980.485,
                                                                                                                                                                "Actual Rows": 3678,
                                                                                                                                                                "Actual Loops": 1
                                                                                                                                                            }
                                                                                                                                                        ],
                                                                                                                                                        "Plans": [
                                                                                                                                                            {
                                                                                                                                                                "Node Type": "Seq Scan",
                                                                                                                                                                "Parent Relationship": "Outer",
                                                                                                                                                                "Parallel Aware": true,
                                                                                                                                                                "Relation Name": "movie_info_idx",
                                                                                                                                                                "Schema": "public",
                                                                                                                                                                "Alias": "mi_idx",
                                                                                                                                                                "Startup Cost": 0.0,
                                                                                                                                                                "Total Cost": 15122.68,
                                                                                                                                                                "Plan Rows": 80845,
                                                                                                                                                                "Plan Width": 13,
                                                                                                                                                                "Actual Startup Time": 0.029,
                                                                                                                                                                "Actual Total Time": 59.888,
                                                                                                                                                                "Actual Rows": 64280,
                                                                                                                                                                "Actual Loops": 3,
                                                                                                                                                                "Output": [
                                                                                                                                                                    "mi_idx.id",
                                                                                                                                                                    "mi_idx.movie_id",
                                                                                                                                                                    "mi_idx.info_type_id",
                                                                                                                                                                    "mi_idx.info",
                                                                                                                                                                    "mi_idx.note"
                                                                                                                                                                ],
                                                                                                                                                                "Filter": "(mi_idx.info > '7.0'::text)",
                                                                                                                                                                "Rows Removed by Filter": 395732,
                                                                                                                                                                "Workers": [
                                                                                                                                                                    {
                                                                                                                                                                        "Worker Number": 0,
                                                                                                                                                                        "Actual Startup Time": 0.028,
                                                                                                                                                                        "Actual Total Time": 59.857,
                                                                                                                                                                        "Actual Rows": 55334,
                                                                                                                                                                        "Actual Loops": 1
                                                                                                                                                                    },
                                                                                                                                                                    {
                                                                                                                                                                        "Worker Number": 1,
                                                                                                                                                                        "Actual Startup Time": 0.04,
                                                                                                                                                                        "Actual Total Time": 59.482,
                                                                                                                                                                        "Actual Rows": 55214,
                                                                                                                                                                        "Actual Loops": 1
                                                                                                                                                                    }
                                                                                                                                                                ]
                                                                                                                                                            },
                                                                                                                                                            {
                                                                                                                                                                "Node Type": "Hash",
                                                                                                                                                                "Parent Relationship": "Inner",
                                                                                                                                                                "Parallel Aware": true,
                                                                                                                                                                "Startup Cost": 206211.63,
                                                                                                                                                                "Total Cost": 206211.63,
                                                                                                                                                                "Plan Rows": 109,
                                                                                                                                                                "Plan Width": 4,
                                                                                                                                                                "Actual Startup Time": 910.35,
                                                                                                                                                                "Actual Total Time": 910.353,
                                                                                                                                                                "Actual Rows": 18646,
                                                                                                                                                                "Actual Loops": 3,
                                                                                                                                                                "Output": [
                                                                                                                                                                    "mk.movie_id"
                                                                                                                                                                ],
                                                                                                                                                                "Hash Buckets": 65536,
                                                                                                                                                                "Original Hash Buckets": 1024,
                                                                                                                                                                "Hash Batches": 1,
                                                                                                                                                                "Original Hash Batches": 1,
                                                                                                                                                                "Peak Memory Usage": 3288,
                                                                                                                                                                "Workers": [
                                                                                                                                                                    {
                                                                                                                                                                        "Worker Number": 0,
                                                                                                                                                                        "Actual Startup Time": 906.604,
                                                                                                                                                                        "Actual Total Time": 906.606,
                                                                                                                                                                        "Actual Rows": 16541,
                                                                                                                                                                        "Actual Loops": 1
                                                                                                                                                                    },
                                                                                                                                                                    {
                                                                                                                                                                        "Worker Number": 1,
                                                                                                                                                                        "Actual Startup Time": 906.741,
                                                                                                                                                                        "Actual Total Time": 906.743,
                                                                                                                                                                        "Actual Rows": 18048,
                                                                                                                                                                        "Actual Loops": 1
                                                                                                                                                                    }
                                                                                                                                                                ],
                                                                                                                                                                "Plans": [
                                                                                                                                                                    {
                                                                                                                                                                        "Node Type": "Merge Join",
                                                                                                                                                                        "Parent Relationship": "Outer",
                                                                                                                                                                        "Parallel Aware": false,
                                                                                                                                                                        "Join Type": "Inner",
                                                                                                                                                                        "Startup Cost": 0.85,
                                                                                                                                                                        "Total Cost": 206211.63,
                                                                                                                                                                        "Plan Rows": 109,
                                                                                                                                                                        "Plan Width": 4,
                                                                                                                                                                        "Actual Startup Time": 153.871,
                                                                                                                                                                        "Actual Total Time": 890.978,
                                                                                                                                                                        "Actual Rows": 18646,
                                                                                                                                                                        "Actual Loops": 3,
                                                                                                                                                                        "Output": [
                                                                                                                                                                            "mk.movie_id"
                                                                                                                                                                        ],
                                                                                                                                                                        "Inner Unique": true,
                                                                                                                                                                        "Merge Cond": "(mk.keyword_id = k.id)",
                                                                                                                                                                        "Workers": [
                                                                                                                                                                            {
                                                                                                                                                                                "Worker Number": 0,
                                                                                                                                                                                "Actual Startup Time": 156.069,
                                                                                                                                                                                "Actual Total Time": 894.966,
                                                                                                                                                                                "Actual Rows": 16541,
                                                                                                                                                                                "Actual Loops": 1
                                                                                                                                                                            },
                                                                                                                                                                            {
                                                                                                                                                                                "Worker Number": 1,
                                                                                                                                                                                "Actual Startup Time": 156.144,
                                                                                                                                                                                "Actual Total Time": 895.644,
                                                                                                                                                                                "Actual Rows": 18048,
                                                                                                                                                                                "Actual Loops": 1
                                                                                                                                                                            }
                                                                                                                                                                        ],
                                                                                                                                                                        "Plans": [
                                                                                                                                                                            {
                                                                                                                                                                                "Node Type": "Index Scan",
                                                                                                                                                                                "Parent Relationship": "Outer",
                                                                                                                                                                                "Parallel Aware": true,
                                                                                                                                                                                "Scan Direction": "Forward",
                                                                                                                                                                                "Index Name": "keyword_id_movie_keyword",
                                                                                                                                                                                "Relation Name": "movie_keyword",
                                                                                                                                                                                "Schema": "public",
                                                                                                                                                                                "Alias": "mk",
                                                                                                                                                                                "Startup Cost": 0.43,
                                                                                                                                                                                "Total Cost": 195877.56,
                                                                                                                                                                                "Plan Rows": 1459332,
                                                                                                                                                                                "Plan Width": 8,
                                                                                                                                                                                "Actual Startup Time": 0.201,
                                                                                                                                                                                "Actual Total Time": 723.806,
                                                                                                                                                                                "Actual Rows": 932228,
                                                                                                                                                                                "Actual Loops": 3,
                                                                                                                                                                                "Output": [
                                                                                                                                                                                    "mk.id",
                                                                                                                                                                                    "mk.movie_id",
                                                                                                                                                                                    "mk.keyword_id"
                                                                                                                                                                                ],
                                                                                                                                                                                "Workers": [
                                                                                                                                                                                    {
                                                                                                                                                                                        "Worker Number": 0,
                                                                                                                                                                                        "Actual Startup Time": 0.36,
                                                                                                                                                                                        "Actual Total Time": 716.065,
                                                                                                                                                                                        "Actual Rows": 873438,
                                                                                                                                                                                        "Actual Loops": 1
                                                                                                                                                                                    },
                                                                                                                                                                                    {
                                                                                                                                                                                        "Worker Number": 1,
                                                                                                                                                                                        "Actual Startup Time": 0.216,
                                                                                                                                                                                        "Actual Total Time": 718.164,
                                                                                                                                                                                        "Actual Rows": 857174,
                                                                                                                                                                                        "Actual Loops": 1
                                                                                                                                                                                    }
                                                                                                                                                                                ]
                                                                                                                                                                            },
                                                                                                                                                                            {
                                                                                                                                                                                "Node Type": "Index Scan",
                                                                                                                                                                                "Parent Relationship": "Inner",
                                                                                                                                                                                "Parallel Aware": false,
                                                                                                                                                                                "Scan Direction": "Forward",
                                                                                                                                                                                "Index Name": "keyword_pkey",
                                                                                                                                                                                "Relation Name": "keyword",
                                                                                                                                                                                "Schema": "public",
                                                                                                                                                                                "Alias": "k",
                                                                                                                                                                                "Startup Cost": 0.42,
                                                                                                                                                                                "Total Cost": 6684.62,
                                                                                                                                                                                "Plan Rows": 10,
                                                                                                                                                                                "Plan Width": 4,
                                                                                                                                                                                "Actual Startup Time": 1.575,
                                                                                                                                                                                "Actual Total Time": 77.261,
                                                                                                                                                                                "Actual Rows": 8,
                                                                                                                                                                                "Actual Loops": 3,
                                                                                                                                                                                "Output": [
                                                                                                                                                                                    "k.id",
                                                                                                                                                                                    "k.keyword",
                                                                                                                                                                                    "k.phonetic_code"
                                                                                                                                                                                ],
                                                                                                                                                                                "Filter": "(k.keyword = ANY ('{fight,fight,marvel-cinematic-universe,fight,based-on-comic,violence,revenge,female-nudity,web,sequel}'::text[]))",
                                                                                                                                                                                "Rows Removed by Filter": 134162,
                                                                                                                                                                                "Workers": [
                                                                                                                                                                                    {
                                                                                                                                                                                        "Worker Number": 0,
                                                                                                                                                                                        "Actual Startup Time": 2.108,
                                                                                                                                                                                        "Actual Total Time": 87.325,
                                                                                                                                                                                        "Actual Rows": 8,
                                                                                                                                                                                        "Actual Loops": 1
                                                                                                                                                                                    },
                                                                                                                                                                                    {
                                                                                                                                                                                        "Worker Number": 1,
                                                                                                                                                                                        "Actual Startup Time": 2.257,
                                                                                                                                                                                        "Actual Total Time": 87.164,
                                                                                                                                                                                        "Actual Rows": 8,
                                                                                                                                                                                        "Actual Loops": 1
                                                                                                                                                                                    }
                                                                                                                                                                                ]
                                                                                                                                                                            }
                                                                                                                                                                        ]
                                                                                                                                                                    }
                                                                                                                                                                ]
                                                                                                                                                            }
                                                                                                                                                        ]
                                                                                                                                                    }
                                                                                                                                                ]
                                                                                                                                            },
                                                                                                                                            {
                                                                                                                                                "Node Type": "Index Scan",
                                                                                                                                                "Parent Relationship": "Inner",
                                                                                                                                                "Parallel Aware": false,
                                                                                                                                                "Scan Direction": "Forward",
                                                                                                                                                "Index Name": "info_type_pkey",
                                                                                                                                                "Relation Name": "info_type",
                                                                                                                                                "Schema": "public",
                                                                                                                                                "Alias": "it2",
                                                                                                                                                "Startup Cost": 10000000000.14,
                                                                                                                                                "Total Cost": 10000000014.12,
                                                                                                                                                "Plan Rows": 1,
                                                                                                                                                "Plan Width": 4,
                                                                                                                                                "Actual Startup Time": 0.071,
                                                                                                                                                "Actual Total Time": 0.074,
                                                                                                                                                "Actual Rows": 1,
                                                                                                                                                "Actual Loops": 3,
                                                                                                                                                "Output": [
                                                                                                                                                    "it2.id",
                                                                                                                                                    "it2.info"
                                                                                                                                                ],
                                                                                                                                                "Filter": "((it2.info)::text = 'rating'::text)",
                                                                                                                                                "Rows Removed by Filter": 104,
                                                                                                                                                "Workers": [
                                                                                                                                                    {
                                                                                                                                                        "Worker Number": 0,
                                                                                                                                                        "Actual Startup Time": 0.1,
                                                                                                                                                        "Actual Total Time": 0.101,
                                                                                                                                                        "Actual Rows": 1,
                                                                                                                                                        "Actual Loops": 1
                                                                                                                                                    },
                                                                                                                                                    {
                                                                                                                                                        "Worker Number": 1,
                                                                                                                                                        "Actual Startup Time": 0.086,
                                                                                                                                                        "Actual Total Time": 0.086,
                                                                                                                                                        "Actual Rows": 1,
                                                                                                                                                        "Actual Loops": 1
                                                                                                                                                    }
                                                                                                                                                ]
                                                                                                                                            }
                                                                                                                                        ]
                                                                                                                                    }
                                                                                                                                ]
                                                                                                                            }
                                                                                                                        ]
                                                                                                                    }
                                                                                                                ]
                                                                                                            }
                                                                                                        ]
                                                                                                    },
                                                                                                    {
                                                                                                        "Node Type": "Index Scan",
                                                                                                        "Parent Relationship": "Inner",
                                                                                                        "Parallel Aware": false,
                                                                                                        "Scan Direction": "Forward",
                                                                                                        "Index Name": "kind_type_pkey",
                                                                                                        "Relation Name": "kind_type",
                                                                                                        "Schema": "public",
                                                                                                        "Alias": "kt",
                                                                                                        "Startup Cost": 0.13,
                                                                                                        "Total Cost": 12.26,
                                                                                                        "Plan Rows": 1,
                                                                                                        "Plan Width": 4,
                                                                                                        "Actual Startup Time": 0.026,
                                                                                                        "Actual Total Time": 0.03,
                                                                                                        "Actual Rows": 1,
                                                                                                        "Actual Loops": 1,
                                                                                                        "Output": [
                                                                                                            "kt.id",
                                                                                                            "kt.kind"
                                                                                                        ],
                                                                                                        "Filter": "((kt.kind)::text = 'movie'::text)",
                                                                                                        "Rows Removed by Filter": 6
                                                                                                    }
                                                                                                ]
                                                                                            }
                                                                                        ]
                                                                                    }
                                                                                ]
                                                                            }
                                                                        ]
                                                                    }
                                                                ]
                                                            }
                                                        ]
                                                    }
                                                ]
                                            },
                                            {
                                                "Node Type": "Bitmap Heap Scan",
                                                "Parent Relationship": "Inner",
                                                "Parallel Aware": false,
                                                "Relation Name": "name",
                                                "Schema": "public",
                                                "Alias": "n",
                                                "Startup Cost": 0.44,
                                                "Total Cost": 4.45,
                                                "Plan Rows": 1,
                                                "Plan Width": 19,
                                                "Actual Startup Time": 0.004,
                                                "Actual Total Time": 0.004,
                                                "Actual Rows": 1,
                                                "Actual Loops": 112037,
                                                "Output": [
                                                    "n.id",
                                                    "n.name",
                                                    "n.imdb_index",
                                                    "n.imdb_id",
                                                    "n.gender",
                                                    "n.name_pcode_cf",
                                                    "n.name_pcode_nf",
                                                    "n.surname_pcode",
                                                    "n.md5sum"
                                                ],
                                                "Recheck Cond": "(n.id = ci.person_id)",
                                                "Rows Removed by Index Recheck": 0,
                                                "Exact Heap Blocks": 112037,
                                                "Lossy Heap Blocks": 0,
                                                "Plans": [
                                                    {
                                                        "Node Type": "Bitmap Index Scan",
                                                        "Parent Relationship": "Outer",
                                                        "Parallel Aware": false,
                                                        "Index Name": "name_pkey",
                                                        "Startup Cost": 0.0,
                                                        "Total Cost": 0.44,
                                                        "Plan Rows": 1,
                                                        "Plan Width": 0,
                                                        "Actual Startup Time": 0.002,
                                                        "Actual Total Time": 0.002,
                                                        "Actual Rows": 1,
                                                        "Actual Loops": 112037,
                                                        "Index Cond": "(n.id = ci.person_id)"
                                                    }
                                                ]
                                            }
                                        ]
                                    }
                                ]
                            }
                        ]
                    },
                    {
                        "Node Type": "Bitmap Heap Scan",
                        "Parent Relationship": "Inner",
                        "Parallel Aware": false,
                        "Relation Name": "comp_cast_type",
                        "Schema": "public",
                        "Alias": "cct2",
                        "Startup Cost": 0.14,
                        "Total Cost": 4.15,
                        "Plan Rows": 1,
                        "Plan Width": 4,
                        "Actual Startup Time": 0.002,
                        "Actual Total Time": 0.002,
                        "Actual Rows": 1,
                        "Actual Loops": 3282,
                        "Output": [
                            "cct2.id",
                            "cct2.kind"
                        ],
                        "Recheck Cond": "(cct2.id = cc.status_id)",
                        "Rows Removed by Index Recheck": 0,
                        "Filter": "((cct2.kind)::text ~~ '%complete%'::text)",
                        "Rows Removed by Filter": 0,
                        "Exact Heap Blocks": 3282,
                        "Lossy Heap Blocks": 0,
                        "Plans": [
                            {
                                "Node Type": "Bitmap Index Scan",
                                "Parent Relationship": "Outer",
                                "Parallel Aware": false,
                                "Index Name": "comp_cast_type_pkey",
                                "Startup Cost": 0.0,
                                "Total Cost": 0.14,
                                "Plan Rows": 1,
                                "Plan Width": 0,
                                "Actual Startup Time": 0.001,
                                "Actual Total Time": 0.001,
                                "Actual Rows": 1,
                                "Actual Loops": 3282,
                                "Index Cond": "(cct2.id = cc.status_id)"
                            }
                        ]
                    }
                ]
            }
        ]
    },
    "Planning Time": 37.059,
    "Triggers": [],
    "Execution Time": 8571.439
}