{
  "Plan": {
    "Node Type": "Aggregate",
    "Strategy": "Plain",
    "Partial Mode": "Finalize",
    "Parallel Aware": false,
    "Startup Cost": 117774.59,
    "Total Cost": 117774.6,
    "Plan Rows": 1,
    "Plan Width": 8,
    "Actual Startup Time": 488.496,
    "Actual Total Time": 508.577,
    "Actual Rows": 1,
    "Actual Loops": 1,
    "Plans": [
      {
        "Node Type": "Gather",
        "Parent Relationship": "Outer",
        "Parallel Aware": false,
        "Startup Cost": 117774.48,
        "Total Cost": 117774.59,
        "Plan Rows": 1,
        "Plan Width": 8,
        "Actual Startup Time": 488.255,
        "Actual Total Time": 508.568,
        "Actual Rows": 2,
        "Actual Loops": 1,
        "Workers Planned": 1,
        "Workers Launched": 1,
        "Single Copy": false,
        "Plans": [
          {
            "Node Type": "Aggregate",
            "Strategy": "Plain",
            "Partial Mode": "Partial",
            "Parent Relationship": "Outer",
            "Parallel Aware": false,
            "Startup Cost": 116774.48,
            "Total Cost": 116774.49,
            "Plan Rows": 1,
            "Plan Width": 8,
            "Actual Startup Time": 482.38,
            "Actual Total Time": 482.384,
            "Actual Rows": 1,
            "Actual Loops": 2,
            "Plans": [
              {
                "Node Type": "Hash Join",
                "Parent Relationship": "Outer",
                "Parallel Aware": true,
                "Join Type": "Inner",
                "Startup Cost": 54771.2,
                "Total Cost": 116734.72,
                "Plan Rows": 15904,
                "Plan Width": 0,
                "Actual Startup Time": 156.475,
                "Actual Total Time": 481.466,
                "Actual Rows": 16783,
                "Actual Loops": 2,
                "Inner Unique": true,
                "Hash Cond": "(mk.movie_id = t.id)",
                "Plans": [
                  {
                    "Node Type": "Seq Scan",
                    "Parent Relationship": "Outer",
                    "Parallel Aware": true,
                    "Relation Name": "movie_keyword",
                    "Alias": "mk",
                    "Startup Cost": 0.0,
                    "Total Cost": 57718.19,
                    "Plan Rows": 1617262,
                    "Plan Width": 4,
                    "Actual Startup Time": 0.013,
                    "Actual Total Time": 220.185,
                    "Actual Rows": 1370468,
                    "Actual Loops": 2,
                    "Filter": "(keyword_id < 7776)",
                    "Rows Removed by Filter": 891498
                  },
                  {
                    "Node Type": "Hash",
                    "Parent Relationship": "Inner",
                    "Parallel Aware": true,
                    "Startup Cost": 54588.39,
                    "Total Cost": 54588.39,
                    "Plan Rows": 14625,
                    "Plan Width": 4,
                    "Actual Startup Time": 155.147,
                    "Actual Total Time": 155.148,
                    "Actual Rows": 11900,
                    "Actual Loops": 2,
                    "Hash Buckets": 32768,
                    "Original Hash Buckets": 32768,
                    "Hash Batches": 1,
                    "Original Hash Batches": 1,
                    "Peak Memory Usage": 1216,
                    "Plans": [
                      {
                        "Node Type": "Seq Scan",
                        "Parent Relationship": "Outer",
                        "Parallel Aware": true,
                        "Relation Name": "title",
                        "Alias": "t",
                        "Startup Cost": 0.0,
                        "Total Cost": 54588.39,
                        "Plan Rows": 14625,
                        "Plan Width": 4,
                        "Actual Startup Time": 0.12,
                        "Actual Total Time": 150.262,
                        "Actual Rows": 11900,
                        "Actual Loops": 2,
                        "Filter": "(production_year = 1991)",
                        "Rows Removed by Filter": 1252256
                      }
                    ]
                  }
                ]
              }
            ]
          }
        ]
      }
    ]
  },
  "Planning Time": 0.455,
  "Triggers": [],
  "Execution Time": 508.652
}