{
  "Plan": {
    "Node Type": "Aggregate",
    "Strategy": "Plain",
    "Partial Mode": "Finalize",
    "Parallel Aware": false,
    "Startup Cost": 128874.89,
    "Total Cost": 128874.9,
    "Plan Rows": 1,
    "Plan Width": 8,
    "Actual Startup Time": 999.686,
    "Actual Total Time": 1021.854,
    "Actual Rows": 1,
    "Actual Loops": 1,
    "Plans": [
      {
        "Node Type": "Gather",
        "Parent Relationship": "Outer",
        "Parallel Aware": false,
        "Startup Cost": 128874.78,
        "Total Cost": 128874.89,
        "Plan Rows": 1,
        "Plan Width": 8,
        "Actual Startup Time": 992.283,
        "Actual Total Time": 1021.841,
        "Actual Rows": 2,
        "Actual Loops": 1,
        "Workers Planned": 1,
        "Workers Launched": 1,
        "Single Copy": false,
        "Plans": [
          {
            "Node Type": "Aggregate",
            "Strategy": "Plain",
            "Partial Mode": "Partial",
            "Parent Relationship": "Outer",
            "Parallel Aware": false,
            "Startup Cost": 127874.78,
            "Total Cost": 127874.79,
            "Plan Rows": 1,
            "Plan Width": 8,
            "Actual Startup Time": 980.432,
            "Actual Total Time": 980.437,
            "Actual Rows": 1,
            "Actual Loops": 2,
            "Plans": [
              {
                "Node Type": "Hash Join",
                "Parent Relationship": "Outer",
                "Parallel Aware": true,
                "Join Type": "Inner",
                "Startup Cost": 92271.45,
                "Total Cost": 126293.31,
                "Plan Rows": 632586,
                "Plan Width": 0,
                "Actual Startup Time": 698.329,
                "Actual Total Time": 953.402,
                "Actual Rows": 537061,
                "Actual Loops": 2,
                "Inner Unique": true,
                "Hash Cond": "(mk.movie_id = t.id)",
                "Plans": [
                  {
                    "Node Type": "Bitmap Heap Scan",
                    "Parent Relationship": "Outer",
                    "Parallel Aware": true,
                    "Relation Name": "movie_keyword",
                    "Alias": "mk",
                    "Startup Cost": 22810.75,
                    "Total Cost": 55172.08,
                    "Plan Rows": 632586,
                    "Plan Width": 4,
                    "Actual Startup Time": 62.057,
                    "Actual Total Time": 179.438,
                    "Actual Rows": 537061,
                    "Actual Loops": 2,
                    "Recheck Cond": "(keyword_id > 16447)",
                    "Rows Removed by Index Recheck": 0,
                    "Exact Heap Blocks": 16057,
                    "Lossy Heap Blocks": 0,
                    "Plans": [
                      {
                        "Node Type": "Bitmap Index Scan",
                        "Parent Relationship": "Outer",
                        "Parallel Aware": false,
                        "Index Name": "keyword_id_movie_keyword",
                        "Startup Cost": 0.0,
                        "Total Cost": 22541.9,
                        "Plan Rows": 1075396,
                        "Plan Width": 0,
                        "Actual Startup Time": 58.416,
                        "Actual Total Time": 58.417,
                        "Actual Rows": 1074122,
                        "Actual Loops": 1,
                        "Index Cond": "(keyword_id > 16447)"
                      }
                    ]
                  },
                  {
                    "Node Type": "Hash",
                    "Parent Relationship": "Inner",
                    "Parallel Aware": true,
                    "Startup Cost": 50870.31,
                    "Total Cost": 50870.31,
                    "Plan Rows": 1487231,
                    "Plan Width": 4,
                    "Actual Startup Time": 613.898,
                    "Actual Total Time": 613.899,
                    "Actual Rows": 1264156,
                    "Actual Loops": 2,
                    "Hash Buckets": 4194304,
                    "Original Hash Buckets": 4194304,
                    "Hash Batches": 1,
                    "Original Hash Batches": 1,
                    "Peak Memory Usage": 131712,
                    "Plans": [
                      {
                        "Node Type": "Seq Scan",
                        "Parent Relationship": "Outer",
                        "Parallel Aware": true,
                        "Relation Name": "title",
                        "Alias": "t",
                        "Startup Cost": 0.0,
                        "Total Cost": 50870.31,
                        "Plan Rows": 1487231,
                        "Plan Width": 4,
                        "Actual Startup Time": 0.034,
                        "Actual Total Time": 179.513,
                        "Actual Rows": 1264156,
                        "Actual Loops": 2
                      }
                    ]
                  }
                ]
              }
            ]
          }
        ]
      }
    ]
  },
  "Planning Time": 0.646,
  "Triggers": [],
  "Execution Time": 1021.941
}