[
  {
    "Plan": {
      "Node Type": "Aggregate",
      "Strategy": "Plain",
      "Partial Mode": "Finalize",
      "Parallel Aware": false,
      "Startup Cost": 58012.84,
      "Total Cost": 58012.85,
      "Plan Rows": 1,
      "Plan Width": 8,
      "Actual Startup Time": 107.066,
      "Actual Total Time": 121.405,
      "Actual Rows": 1,
      "Actual Loops": 1,
      "Plans": [
        {
          "Node Type": "Gather",
          "Parent Relationship": "Outer",
          "Parallel Aware": false,
          "Startup Cost": 58012.42,
          "Total Cost": 58012.83,
          "Plan Rows": 4,
          "Plan Width": 8,
          "Actual Startup Time": 106.959,
          "Actual Total Time": 121.398,
          "Actual Rows": 5,
          "Actual Loops": 1,
          "Workers Planned": 4,
          "Workers Launched": 4,
          "Single Copy": false,
          "Plans": [
            {
              "Node Type": "Aggregate",
              "Strategy": "Plain",
              "Partial Mode": "Partial",
              "Parent Relationship": "Outer",
              "Parallel Aware": false,
              "Startup Cost": 57012.42,
              "Total Cost": 57012.43,
              "Plan Rows": 1,
              "Plan Width": 8,
              "Actual Startup Time": 97.806,
              "Actual Total Time": 97.807,
              "Actual Rows": 1,
              "Actual Loops": 5,
              "Plans": [
                {
                  "Node Type": "Nested Loop",
                  "Parent Relationship": "Outer",
                  "Parallel Aware": false,
                  "Join Type": "Inner",
                  "Startup Cost": 0.43,
                  "Total Cost": 57012.19,
                  "Plan Rows": 95,
                  "Plan Width": 0,
                  "Actual Startup Time": 63.776,
                  "Actual Total Time": 97.782,
                  "Actual Rows": 151,
                  "Actual Loops": 5,
                  "Inner Unique": false,
                  "Plans": [
                    {
                      "Node Type": "Seq Scan",
                      "Parent Relationship": "Outer",
                      "Parallel Aware": true,
                      "Relation Name": "title",
                      "Alias": "t",
                      "Startup Cost": 0.0,
                      "Total Cost": 45479.1,
                      "Plan Rows": 713,
                      "Plan Width": 4,
                      "Actual Startup Time": 62.106,
                      "Actual Total Time": 88.667,
                      "Actual Rows": 738,
                      "Actual Loops": 5,
                      "Filter": "((kind_id = 1) AND (production_year = 1964))",
                      "Rows Removed by Filter": 504924
                    },
                    {
                      "Node Type": "Index Scan",
                      "Parent Relationship": "Inner",
                      "Parallel Aware": false,
                      "Scan Direction": "Forward",
                      "Index Name": "movie_id_movie_companies",
                      "Relation Name": "movie_companies",
                      "Alias": "mc",
                      "Startup Cost": 0.43,
                      "Total Cost": 16.17,
                      "Plan Rows": 1,
                      "Plan Width": 4,
                      "Actual Startup Time": 0.011,
                      "Actual Total Time": 0.012,
                      "Actual Rows": 0,
                      "Actual Loops": 3692,
                      "Index Cond": "(movie_id = t.id)",
                      "Rows Removed by Index Recheck": 0,
                      "Filter": "((company_id < 1129) AND (company_type_id = 1))",
                      "Rows Removed by Filter": 2
                    }
                  ]
                }
              ]
            }
          ]
        }
      ]
    },
    "Planning Time": 0.709,
    "Triggers": [],
    "Execution Time": 121.478
  }
]