[
    {
        "Bao": {
            "Bao prediction": "NaN",
            "Bao recommended hint": "(no hint)"
        }
    },
    {
        "Plan": {
            "Node Type": "Aggregate",
            "Strategy": "Plain",
            "Partial Mode": "Finalize",
            "Parallel Aware": false,
            "Startup Cost": 608696.57,
            "Total Cost": 608696.58,
            "Plan Rows": 1,
            "Plan Width": 8,
            "Actual Startup Time": 3185.364,
            "Actual Total Time": 3221.812,
            "Actual Rows": 1,
            "Actual Loops": 1,
            "Output": [
                "count(*)"
            ],
            "Plans": [
                {
                    "Node Type": "Gather",
                    "Parent Relationship": "Outer",
                    "Parallel Aware": false,
                    "Startup Cost": 608695.94,
                    "Total Cost": 608696.55,
                    "Plan Rows": 6,
                    "Plan Width": 8,
                    "Actual Startup Time": 3170.454,
                    "Actual Total Time": 3221.799,
                    "Actual Rows": 7,
                    "Actual Loops": 1,
                    "Output": [
                        "(PARTIAL count(*))"
                    ],
                    "Workers Planned": 6,
                    "Workers Launched": 6,
                    "Single Copy": false,
                    "Plans": [
                        {
                            "Node Type": "Aggregate",
                            "Strategy": "Plain",
                            "Partial Mode": "Partial",
                            "Parent Relationship": "Outer",
                            "Parallel Aware": false,
                            "Startup Cost": 607695.94,
                            "Total Cost": 607695.95,
                            "Plan Rows": 1,
                            "Plan Width": 8,
                            "Actual Startup Time": 3159.408,
                            "Actual Total Time": 3159.488,
                            "Actual Rows": 1,
                            "Actual Loops": 7,
                            "Output": [
                                "PARTIAL count(*)"
                            ],
                            "Workers": [
                                {
                                    "Worker Number": 0,
                                    "Actual Startup Time": 3157.521,
                                    "Actual Total Time": 3157.525,
                                    "Actual Rows": 1,
                                    "Actual Loops": 1
                                },
                                {
                                    "Worker Number": 1,
                                    "Actual Startup Time": 3157.535,
                                    "Actual Total Time": 3157.54,
                                    "Actual Rows": 1,
                                    "Actual Loops": 1
                                },
                                {
                                    "Worker Number": 2,
                                    "Actual Startup Time": 3158.438,
                                    "Actual Total Time": 3158.442,
                                    "Actual Rows": 1,
                                    "Actual Loops": 1
                                },
                                {
                                    "Worker Number": 3,
                                    "Actual Startup Time": 3157.616,
                                    "Actual Total Time": 3157.621,
                                    "Actual Rows": 1,
                                    "Actual Loops": 1
                                },
                                {
                                    "Worker Number": 4,
                                    "Actual Startup Time": 3157.725,
                                    "Actual Total Time": 3157.729,
                                    "Actual Rows": 1,
                                    "Actual Loops": 1
                                },
                                {
                                    "Worker Number": 5,
                                    "Actual Startup Time": 3157.604,
                                    "Actual Total Time": 3157.609,
                                    "Actual Rows": 1,
                                    "Actual Loops": 1
                                }
                            ],
                            "Plans": [
                                {
                                    "Node Type": "Hash Join",
                                    "Parent Relationship": "Outer",
                                    "Parallel Aware": true,
                                    "Join Type": "Inner",
                                    "Startup Cost": 248446.21,
                                    "Total Cost": 602963.51,
                                    "Plan Rows": 1892973,
                                    "Plan Width": 0,
                                    "Actual Startup Time": 589.429,
                                    "Actual Total Time": 2826.837,
                                    "Actual Rows": 7040821,
                                    "Actual Loops": 7,
                                    "Inner Unique": false,
                                    "Hash Cond": "(ci.movie_id = t.id)",
                                    "Workers": [
                                        {
                                            "Worker Number": 0,
                                            "Actual Startup Time": 587.723,
                                            "Actual Total Time": 2814.092,
                                            "Actual Rows": 6081302,
                                            "Actual Loops": 1
                                        },
                                        {
                                            "Worker Number": 1,
                                            "Actual Startup Time": 587.649,
                                            "Actual Total Time": 2836.106,
                                            "Actual Rows": 7349513,
                                            "Actual Loops": 1
                                        },
                                        {
                                            "Worker Number": 2,
                                            "Actual Startup Time": 587.756,
                                            "Actual Total Time": 2835.402,
                                            "Actual Rows": 7504727,
                                            "Actual Loops": 1
                                        },
                                        {
                                            "Worker Number": 3,
                                            "Actual Startup Time": 587.704,
                                            "Actual Total Time": 2836.178,
                                            "Actual Rows": 7469121,
                                            "Actual Loops": 1
                                        },
                                        {
                                            "Worker Number": 4,
                                            "Actual Startup Time": 587.829,
                                            "Actual Total Time": 2809.466,
                                            "Actual Rows": 7206283,
                                            "Actual Loops": 1
                                        },
                                        {
                                            "Worker Number": 5,
                                            "Actual Startup Time": 587.773,
                                            "Actual Total Time": 2832.411,
                                            "Actual Rows": 7550706,
                                            "Actual Loops": 1
                                        }
                                    ],
                                    "Plans": [
                                        {
                                            "Node Type": "Seq Scan",
                                            "Parent Relationship": "Outer",
                                            "Parallel Aware": true,
                                            "Relation Name": "cast_info",
                                            "Schema": "public",
                                            "Alias": "ci",
                                            "Startup Cost": 0.0,
                                            "Total Cost": 328213.62,
                                            "Plan Rows": 6004731,
                                            "Plan Width": 4,
                                            "Actual Startup Time": 0.026,
                                            "Actual Total Time": 602.303,
                                            "Actual Rows": 5142023,
                                            "Actual Loops": 7,
                                            "Output": [
                                                "ci.id",
                                                "ci.person_id",
                                                "ci.movie_id",
                                                "ci.person_role_id",
                                                "ci.note",
                                                "ci.nr_order",
                                                "ci.role_id"
                                            ],
                                            "Filter": "(ci.person_id < 4017802)",
                                            "Rows Removed by Filter": 35740,
                                            "Workers": [
                                                {
                                                    "Worker Number": 0,
                                                    "Actual Startup Time": 0.032,
                                                    "Actual Total Time": 625.631,
                                                    "Actual Rows": 4333291,
                                                    "Actual Loops": 1
                                                },
                                                {
                                                    "Worker Number": 1,
                                                    "Actual Startup Time": 0.03,
                                                    "Actual Total Time": 593.283,
                                                    "Actual Rows": 5404048,
                                                    "Actual Loops": 1
                                                },
                                                {
                                                    "Worker Number": 2,
                                                    "Actual Startup Time": 0.029,
                                                    "Actual Total Time": 621.853,
                                                    "Actual Rows": 5538192,
                                                    "Actual Loops": 1
                                                },
                                                {
                                                    "Worker Number": 3,
                                                    "Actual Startup Time": 0.022,
                                                    "Actual Total Time": 620.903,
                                                    "Actual Rows": 5527002,
                                                    "Actual Loops": 1
                                                },
                                                {
                                                    "Worker Number": 4,
                                                    "Actual Startup Time": 0.031,
                                                    "Actual Total Time": 588.092,
                                                    "Actual Rows": 5335324,
                                                    "Actual Loops": 1
                                                },
                                                {
                                                    "Worker Number": 5,
                                                    "Actual Startup Time": 0.026,
                                                    "Actual Total Time": 623.52,
                                                    "Actual Rows": 5586463,
                                                    "Actual Loops": 1
                                                }
                                            ]
                                        },
                                        {
                                            "Node Type": "Hash",
                                            "Parent Relationship": "Inner",
                                            "Parallel Aware": true,
                                            "Startup Cost": 246453.6,
                                            "Total Cost": 246453.6,
                                            "Plan Rows": 159409,
                                            "Plan Width": 8,
                                            "Actual Startup Time": 585.972,
                                            "Actual Total Time": 586.05,
                                            "Actual Rows": 154800,
                                            "Actual Loops": 7,
                                            "Output": [
                                                "t.id",
                                                "mi.movie_id"
                                            ],
                                            "Hash Buckets": 2097152,
                                            "Original Hash Buckets": 1048576,
                                            "Hash Batches": 1,
                                            "Original Hash Batches": 1,
                                            "Peak Memory Usage": 67104,
                                            "Workers": [
                                                {
                                                    "Worker Number": 0,
                                                    "Actual Startup Time": 586.691,
                                                    "Actual Total Time": 586.694,
                                                    "Actual Rows": 117507,
                                                    "Actual Loops": 1
                                                },
                                                {
                                                    "Worker Number": 1,
                                                    "Actual Startup Time": 586.836,
                                                    "Actual Total Time": 586.839,
                                                    "Actual Rows": 168073,
                                                    "Actual Loops": 1
                                                },
                                                {
                                                    "Worker Number": 2,
                                                    "Actual Startup Time": 586.884,
                                                    "Actual Total Time": 586.887,
                                                    "Actual Rows": 167161,
                                                    "Actual Loops": 1
                                                },
                                                {
                                                    "Worker Number": 3,
                                                    "Actual Startup Time": 586.896,
                                                    "Actual Total Time": 586.899,
                                                    "Actual Rows": 167134,
                                                    "Actual Loops": 1
                                                },
                                                {
                                                    "Worker Number": 4,
                                                    "Actual Startup Time": 587.113,
                                                    "Actual Total Time": 587.116,
                                                    "Actual Rows": 167830,
                                                    "Actual Loops": 1
                                                },
                                                {
                                                    "Worker Number": 5,
                                                    "Actual Startup Time": 586.896,
                                                    "Actual Total Time": 586.899,
                                                    "Actual Rows": 167875,
                                                    "Actual Loops": 1
                                                }
                                            ],
                                            "Plans": [
                                                {
                                                    "Node Type": "Hash Join",
                                                    "Parent Relationship": "Outer",
                                                    "Parallel Aware": true,
                                                    "Join Type": "Inner",
                                                    "Startup Cost": 45996.98,
                                                    "Total Cost": 246453.6,
                                                    "Plan Rows": 159409,
                                                    "Plan Width": 8,
                                                    "Actual Startup Time": 272.506,
                                                    "Actual Total Time": 505.604,
                                                    "Actual Rows": 154800,
                                                    "Actual Loops": 7,
                                                    "Output": [
                                                        "t.id",
                                                        "mi.movie_id"
                                                    ],
                                                    "Inner Unique": true,
                                                    "Hash Cond": "(mi.movie_id = t.id)",
                                                    "Workers": [
                                                        {
                                                            "Worker Number": 0,
                                                            "Actual Startup Time": 272.495,
                                                            "Actual Total Time": 506.669,
                                                            "Actual Rows": 117507,
                                                            "Actual Loops": 1
                                                        },
                                                        {
                                                            "Worker Number": 1,
                                                            "Actual Startup Time": 272.486,
                                                            "Actual Total Time": 505.506,
                                                            "Actual Rows": 168073,
                                                            "Actual Loops": 1
                                                        },
                                                        {
                                                            "Worker Number": 2,
                                                            "Actual Startup Time": 272.521,
                                                            "Actual Total Time": 505.054,
                                                            "Actual Rows": 167161,
                                                            "Actual Loops": 1
                                                        },
                                                        {
                                                            "Worker Number": 3,
                                                            "Actual Startup Time": 272.51,
                                                            "Actual Total Time": 504.893,
                                                            "Actual Rows": 167134,
                                                            "Actual Loops": 1
                                                        },
                                                        {
                                                            "Worker Number": 4,
                                                            "Actual Startup Time": 272.485,
                                                            "Actual Total Time": 505.477,
                                                            "Actual Rows": 167830,
                                                            "Actual Loops": 1
                                                        },
                                                        {
                                                            "Worker Number": 5,
                                                            "Actual Startup Time": 272.442,
                                                            "Actual Total Time": 505.895,
                                                            "Actual Rows": 167875,
                                                            "Actual Loops": 1
                                                        }
                                                    ],
                                                    "Plans": [
                                                        {
                                                            "Node Type": "Seq Scan",
                                                            "Parent Relationship": "Outer",
                                                            "Parallel Aware": true,
                                                            "Relation Name": "movie_info",
                                                            "Schema": "public",
                                                            "Alias": "mi",
                                                            "Startup Cost": 0.0,
                                                            "Total Cost": 198880.74,
                                                            "Plan Rows": 600336,
                                                            "Plan Width": 4,
                                                            "Actual Startup Time": 64.605,
                                                            "Actual Total Time": 283.763,
                                                            "Actual Rows": 433817,
                                                            "Actual Loops": 7,
                                                            "Output": [
                                                                "mi.id",
                                                                "mi.movie_id",
                                                                "mi.info_type_id",
                                                                "mi.info",
                                                                "mi.note"
                                                            ],
                                                            "Filter": "(mi.info_type_id = 16)",
                                                            "Rows Removed by Filter": 1685572,
                                                            "Workers": [
                                                                {
                                                                    "Worker Number": 0,
                                                                    "Actual Startup Time": 64.59,
                                                                    "Actual Total Time": 288.305,
                                                                    "Actual Rows": 328725,
                                                                    "Actual Loops": 1
                                                                },
                                                                {
                                                                    "Worker Number": 1,
                                                                    "Actual Startup Time": 64.615,
                                                                    "Actual Total Time": 282.417,
                                                                    "Actual Rows": 467952,
                                                                    "Actual Loops": 1
                                                                },
                                                                {
                                                                    "Worker Number": 2,
                                                                    "Actual Startup Time": 64.599,
                                                                    "Actual Total Time": 284.43,
                                                                    "Actual Rows": 465353,
                                                                    "Actual Loops": 1
                                                                },
                                                                {
                                                                    "Worker Number": 3,
                                                                    "Actual Startup Time": 64.611,
                                                                    "Actual Total Time": 284.435,
                                                                    "Actual Rows": 462401,
                                                                    "Actual Loops": 1
                                                                },
                                                                {
                                                                    "Worker Number": 4,
                                                                    "Actual Startup Time": 64.6,
                                                                    "Actual Total Time": 282.355,
                                                                    "Actual Rows": 467199,
                                                                    "Actual Loops": 1
                                                                },
                                                                {
                                                                    "Worker Number": 5,
                                                                    "Actual Startup Time": 64.621,
                                                                    "Actual Total Time": 285.184,
                                                                    "Actual Rows": 470925,
                                                                    "Actual Loops": 1
                                                                }
                                                            ]
                                                        },
                                                        {
                                                            "Node Type": "Hash",
                                                            "Parent Relationship": "Inner",
                                                            "Parallel Aware": true,
                                                            "Startup Cost": 43899.01,
                                                            "Total Cost": 43899.01,
                                                            "Plan Rows": 167838,
                                                            "Plan Width": 4,
                                                            "Actual Startup Time": 125.765,
                                                            "Actual Total Time": 125.766,
                                                            "Actual Rows": 94689,
                                                            "Actual Loops": 7,
                                                            "Output": [
                                                                "t.id"
                                                            ],
                                                            "Hash Buckets": 1048576,
                                                            "Original Hash Buckets": 1048576,
                                                            "Hash Batches": 1,
                                                            "Original Hash Batches": 1,
                                                            "Peak Memory Usage": 34272,
                                                            "Workers": [
                                                                {
                                                                    "Worker Number": 0,
                                                                    "Actual Startup Time": 127.143,
                                                                    "Actual Total Time": 127.145,
                                                                    "Actual Rows": 73319,
                                                                    "Actual Loops": 1
                                                                },
                                                                {
                                                                    "Worker Number": 1,
                                                                    "Actual Startup Time": 127.125,
                                                                    "Actual Total Time": 127.126,
                                                                    "Actual Rows": 102477,
                                                                    "Actual Loops": 1
                                                                },
                                                                {
                                                                    "Worker Number": 2,
                                                                    "Actual Startup Time": 127.169,
                                                                    "Actual Total Time": 127.17,
                                                                    "Actual Rows": 97595,
                                                                    "Actual Loops": 1
                                                                },
                                                                {
                                                                    "Worker Number": 3,
                                                                    "Actual Startup Time": 127.152,
                                                                    "Actual Total Time": 127.153,
                                                                    "Actual Rows": 98198,
                                                                    "Actual Loops": 1
                                                                },
                                                                {
                                                                    "Worker Number": 4,
                                                                    "Actual Startup Time": 127.165,
                                                                    "Actual Total Time": 127.167,
                                                                    "Actual Rows": 102383,
                                                                    "Actual Loops": 1
                                                                },
                                                                {
                                                                    "Worker Number": 5,
                                                                    "Actual Startup Time": 127.111,
                                                                    "Actual Total Time": 127.113,
                                                                    "Actual Rows": 98739,
                                                                    "Actual Loops": 1
                                                                }
                                                            ],
                                                            "Plans": [
                                                                {
                                                                    "Node Type": "Seq Scan",
                                                                    "Parent Relationship": "Outer",
                                                                    "Parallel Aware": true,
                                                                    "Relation Name": "title",
                                                                    "Schema": "public",
                                                                    "Alias": "t",
                                                                    "Startup Cost": 0.0,
                                                                    "Total Cost": 43899.01,
                                                                    "Plan Rows": 167838,
                                                                    "Plan Width": 4,
                                                                    "Actual Startup Time": 44.858,
                                                                    "Actual Total Time": 80.207,
                                                                    "Actual Rows": 94689,
                                                                    "Actual Loops": 7,
                                                                    "Output": [
                                                                        "t.id"
                                                                    ],
                                                                    "Filter": "(t.kind_id < 2)",
                                                                    "Rows Removed by Filter": 266498,
                                                                    "Workers": [
                                                                        {
                                                                            "Worker Number": 0,
                                                                            "Actual Startup Time": 51.447,
                                                                            "Actual Total Time": 81.625,
                                                                            "Actual Rows": 73319,
                                                                            "Actual Loops": 1
                                                                        },
                                                                        {
                                                                            "Worker Number": 1,
                                                                            "Actual Startup Time": 51.411,
                                                                            "Actual Total Time": 80.17,
                                                                            "Actual Rows": 102477,
                                                                            "Actual Loops": 1
                                                                        },
                                                                        {
                                                                            "Worker Number": 2,
                                                                            "Actual Startup Time": 51.471,
                                                                            "Actual Total Time": 80.515,
                                                                            "Actual Rows": 97595,
                                                                            "Actual Loops": 1
                                                                        },
                                                                        {
                                                                            "Worker Number": 3,
                                                                            "Actual Startup Time": 51.399,
                                                                            "Actual Total Time": 80.586,
                                                                            "Actual Rows": 98198,
                                                                            "Actual Loops": 1
                                                                        },
                                                                        {
                                                                            "Worker Number": 4,
                                                                            "Actual Startup Time": 51.423,
                                                                            "Actual Total Time": 80.312,
                                                                            "Actual Rows": 102383,
                                                                            "Actual Loops": 1
                                                                        },
                                                                        {
                                                                            "Worker Number": 5,
                                                                            "Actual Startup Time": 51.737,
                                                                            "Actual Total Time": 79.974,
                                                                            "Actual Rows": 98739,
                                                                            "Actual Loops": 1
                                                                        }
                                                                    ]
                                                                }
                                                            ]
                                                        }
                                                    ]
                                                }
                                            ]
                                        }
                                    ]
                                }
                            ]
                        }
                    ]
                }
            ]
        },
        "Planning Time": 285.056,
        "Triggers": [],
        "Execution Time": 3221.956
    }
]