{
  "Plan": {
    "Node Type": "Aggregate",
    "Strategy": "Plain",
    "Partial Mode": "Finalize",
    "Parallel Aware": false,
    "Startup Cost": 581360.08,
    "Total Cost": 581360.09,
    "Plan Rows": 1,
    "Plan Width": 8,
    "Actual Startup Time": 3006.67,
    "Actual Total Time": 3073.902,
    "Actual Rows": 1,
    "Actual Loops": 1,
    "Plans": [
      {
        "Node Type": "Gather",
        "Parent Relationship": "Outer",
        "Parallel Aware": false,
        "Startup Cost": 581359.97,
        "Total Cost": 581360.08,
        "Plan Rows": 1,
        "Plan Width": 8,
        "Actual Startup Time": 3006.572,
        "Actual Total Time": 3073.894,
        "Actual Rows": 2,
        "Actual Loops": 1,
        "Workers Planned": 1,
        "Workers Launched": 1,
        "Single Copy": false,
        "Plans": [
          {
            "Node Type": "Aggregate",
            "Strategy": "Plain",
            "Partial Mode": "Partial",
            "Parent Relationship": "Outer",
            "Parallel Aware": false,
            "Startup Cost": 580359.97,
            "Total Cost": 580359.98,
            "Plan Rows": 1,
            "Plan Width": 8,
            "Actual Startup Time": 3000.954,
            "Actual Total Time": 3000.957,
            "Actual Rows": 1,
            "Actual Loops": 2,
            "Plans": [
              {
                "Node Type": "Hash Join",
                "Parent Relationship": "Outer",
                "Parallel Aware": true,
                "Join Type": "Inner",
                "Startup Cost": 58389.28,
                "Total Cost": 580122.63,
                "Plan Rows": 94934,
                "Plan Width": 0,
                "Actual Startup Time": 144.177,
                "Actual Total Time": 2996.423,
                "Actual Rows": 89971,
                "Actual Loops": 2,
                "Inner Unique": true,
                "Hash Cond": "(ci.movie_id = t.id)",
                "Plans": [
                  {
                    "Node Type": "Seq Scan",
                    "Parent Relationship": "Outer",
                    "Parallel Aware": true,
                    "Relation Name": "cast_info",
                    "Alias": "ci",
                    "Startup Cost": 0.0,
                    "Total Cost": 465792.95,
                    "Plan Rows": 21310595,
                    "Plan Width": 4,
                    "Actual Startup Time": 0.013,
                    "Actual Total Time": 1327.036,
                    "Actual Rows": 18122172,
                    "Actual Loops": 2
                  },
                  {
                    "Node Type": "Hash",
                    "Parent Relationship": "Inner",
                    "Parallel Aware": true,
                    "Startup Cost": 58306.47,
                    "Total Cost": 58306.47,
                    "Plan Rows": 6625,
                    "Plan Width": 4,
                    "Actual Startup Time": 142.895,
                    "Actual Total Time": 142.895,
                    "Actual Rows": 6138,
                    "Actual Loops": 2,
                    "Hash Buckets": 16384,
                    "Original Hash Buckets": 16384,
                    "Hash Batches": 1,
                    "Original Hash Batches": 1,
                    "Peak Memory Usage": 640,
                    "Plans": [
                      {
                        "Node Type": "Seq Scan",
                        "Parent Relationship": "Outer",
                        "Parallel Aware": true,
                        "Relation Name": "title",
                        "Alias": "t",
                        "Startup Cost": 0.0,
                        "Total Cost": 58306.47,
                        "Plan Rows": 6625,
                        "Plan Width": 4,
                        "Actual Startup Time": 0.253,
                        "Actual Total Time": 140.527,
                        "Actual Rows": 6138,
                        "Actual Loops": 2,
                        "Filter": "((kind_id > 4) AND (production_year = 1987))",
                        "Rows Removed by Filter": 1258018
                      }
                    ]
                  }
                ]
              }
            ]
          }
        ]
      }
    ]
  },
  "Planning Time": 0.452,
  "Triggers": [],
  "Execution Time": 3073.989
}