[
    {
        "Bao": {
            "Bao prediction": "NaN",
            "Bao recommended hint": "(no hint)"
        }
    },
    {
        "Plan": {
            "Node Type": "Aggregate",
            "Strategy": "Plain",
            "Partial Mode": "Finalize",
            "Parallel Aware": false,
            "Startup Cost": 485123.24,
            "Total Cost": 485123.25,
            "Plan Rows": 1,
            "Plan Width": 8,
            "Actual Startup Time": 3829.786,
            "Actual Total Time": 3894.456,
            "Actual Rows": 1,
            "Actual Loops": 1,
            "Output": [
                "count(*)"
            ],
            "Plans": [
                {
                    "Node Type": "Gather",
                    "Parent Relationship": "Outer",
                    "Parallel Aware": false,
                    "Startup Cost": 485122.62,
                    "Total Cost": 485123.23,
                    "Plan Rows": 6,
                    "Plan Width": 8,
                    "Actual Startup Time": 3782.579,
                    "Actual Total Time": 3894.444,
                    "Actual Rows": 7,
                    "Actual Loops": 1,
                    "Output": [
                        "(PARTIAL count(*))"
                    ],
                    "Workers Planned": 6,
                    "Workers Launched": 6,
                    "Single Copy": false,
                    "Plans": [
                        {
                            "Node Type": "Aggregate",
                            "Strategy": "Plain",
                            "Partial Mode": "Partial",
                            "Parent Relationship": "Outer",
                            "Parallel Aware": false,
                            "Startup Cost": 484122.62,
                            "Total Cost": 484122.63,
                            "Plan Rows": 1,
                            "Plan Width": 8,
                            "Actual Startup Time": 3760.722,
                            "Actual Total Time": 3761.789,
                            "Actual Rows": 1,
                            "Actual Loops": 7,
                            "Output": [
                                "PARTIAL count(*)"
                            ],
                            "Workers": [
                                {
                                    "Worker Number": 0,
                                    "Actual Startup Time": 3756.565,
                                    "Actual Total Time": 3756.569,
                                    "Actual Rows": 1,
                                    "Actual Loops": 1
                                },
                                {
                                    "Worker Number": 1,
                                    "Actual Startup Time": 3760.314,
                                    "Actual Total Time": 3760.319,
                                    "Actual Rows": 1,
                                    "Actual Loops": 1
                                },
                                {
                                    "Worker Number": 2,
                                    "Actual Startup Time": 3756.523,
                                    "Actual Total Time": 3756.527,
                                    "Actual Rows": 1,
                                    "Actual Loops": 1
                                },
                                {
                                    "Worker Number": 3,
                                    "Actual Startup Time": 3756.509,
                                    "Actual Total Time": 3756.513,
                                    "Actual Rows": 1,
                                    "Actual Loops": 1
                                },
                                {
                                    "Worker Number": 4,
                                    "Actual Startup Time": 3756.454,
                                    "Actual Total Time": 3756.46,
                                    "Actual Rows": 1,
                                    "Actual Loops": 1
                                },
                                {
                                    "Worker Number": 5,
                                    "Actual Startup Time": 3756.601,
                                    "Actual Total Time": 3756.606,
                                    "Actual Rows": 1,
                                    "Actual Loops": 1
                                }
                            ],
                            "Plans": [
                                {
                                    "Node Type": "Hash Join",
                                    "Parent Relationship": "Outer",
                                    "Parallel Aware": true,
                                    "Join Type": "Inner",
                                    "Startup Cost": 111339.54,
                                    "Total Cost": 469876.97,
                                    "Plan Rows": 5698258,
                                    "Plan Width": 0,
                                    "Actual Startup Time": 798.043,
                                    "Actual Total Time": 3095.381,
                                    "Actual Rows": 15702863,
                                    "Actual Loops": 7,
                                    "Inner Unique": false,
                                    "Hash Cond": "(ci.movie_id = t.id)",
                                    "Workers": [
                                        {
                                            "Worker Number": 0,
                                            "Actual Startup Time": 794.361,
                                            "Actual Total Time": 3065.751,
                                            "Actual Rows": 14153510,
                                            "Actual Loops": 1
                                        },
                                        {
                                            "Worker Number": 1,
                                            "Actual Startup Time": 794.338,
                                            "Actual Total Time": 3073.562,
                                            "Actual Rows": 14369131,
                                            "Actual Loops": 1
                                        },
                                        {
                                            "Worker Number": 2,
                                            "Actual Startup Time": 794.397,
                                            "Actual Total Time": 3100.2,
                                            "Actual Rows": 15876366,
                                            "Actual Loops": 1
                                        },
                                        {
                                            "Worker Number": 3,
                                            "Actual Startup Time": 794.365,
                                            "Actual Total Time": 3092.553,
                                            "Actual Rows": 16323785,
                                            "Actual Loops": 1
                                        },
                                        {
                                            "Worker Number": 4,
                                            "Actual Startup Time": 794.396,
                                            "Actual Total Time": 3100.961,
                                            "Actual Rows": 15996501,
                                            "Actual Loops": 1
                                        },
                                        {
                                            "Worker Number": 5,
                                            "Actual Startup Time": 794.489,
                                            "Actual Total Time": 3090.637,
                                            "Actual Rows": 16337244,
                                            "Actual Loops": 1
                                        }
                                    ],
                                    "Plans": [
                                        {
                                            "Node Type": "Seq Scan",
                                            "Parent Relationship": "Outer",
                                            "Parallel Aware": true,
                                            "Relation Name": "cast_info",
                                            "Schema": "public",
                                            "Alias": "ci",
                                            "Startup Cost": 0.0,
                                            "Total Cost": 328213.62,
                                            "Plan Rows": 3184627,
                                            "Plan Width": 4,
                                            "Actual Startup Time": 161.859,
                                            "Actual Total Time": 530.348,
                                            "Actual Rows": 2742263,
                                            "Actual Loops": 7,
                                            "Output": [
                                                "ci.id",
                                                "ci.person_id",
                                                "ci.movie_id",
                                                "ci.person_role_id",
                                                "ci.note",
                                                "ci.nr_order",
                                                "ci.role_id"
                                            ],
                                            "Filter": "(ci.person_id > 1685117)",
                                            "Rows Removed by Filter": 2435500,
                                            "Workers": [
                                                {
                                                    "Worker Number": 0,
                                                    "Actual Startup Time": 161.842,
                                                    "Actual Total Time": 545.47,
                                                    "Actual Rows": 2378784,
                                                    "Actual Loops": 1
                                                },
                                                {
                                                    "Worker Number": 1,
                                                    "Actual Startup Time": 161.909,
                                                    "Actual Total Time": 549.202,
                                                    "Actual Rows": 2439203,
                                                    "Actual Loops": 1
                                                },
                                                {
                                                    "Worker Number": 2,
                                                    "Actual Startup Time": 161.946,
                                                    "Actual Total Time": 531.919,
                                                    "Actual Rows": 2820129,
                                                    "Actual Loops": 1
                                                },
                                                {
                                                    "Worker Number": 3,
                                                    "Actual Startup Time": 161.797,
                                                    "Actual Total Time": 538.634,
                                                    "Actual Rows": 2864996,
                                                    "Actual Loops": 1
                                                },
                                                {
                                                    "Worker Number": 4,
                                                    "Actual Startup Time": 161.93,
                                                    "Actual Total Time": 526.891,
                                                    "Actual Rows": 2813264,
                                                    "Actual Loops": 1
                                                },
                                                {
                                                    "Worker Number": 5,
                                                    "Actual Startup Time": 161.792,
                                                    "Actual Total Time": 539.124,
                                                    "Actual Rows": 2897579,
                                                    "Actual Loops": 1
                                                }
                                            ]
                                        },
                                        {
                                            "Node Type": "Hash",
                                            "Parent Relationship": "Inner",
                                            "Parallel Aware": true,
                                            "Startup Cost": 93097.89,
                                            "Total Cost": 93097.89,
                                            "Plan Rows": 1459332,
                                            "Plan Width": 8,
                                            "Actual Startup Time": 628.032,
                                            "Actual Total Time": 629.098,
                                            "Actual Rows": 646276,
                                            "Actual Loops": 7,
                                            "Output": [
                                                "t.id",
                                                "mk.movie_id"
                                            ],
                                            "Hash Buckets": 8388608,
                                            "Original Hash Buckets": 8388608,
                                            "Hash Batches": 1,
                                            "Original Hash Batches": 1,
                                            "Peak Memory Usage": 242624,
                                            "Workers": [
                                                {
                                                    "Worker Number": 0,
                                                    "Actual Startup Time": 631.579,
                                                    "Actual Total Time": 631.582,
                                                    "Actual Rows": 480815,
                                                    "Actual Loops": 1
                                                },
                                                {
                                                    "Worker Number": 1,
                                                    "Actual Startup Time": 631.661,
                                                    "Actual Total Time": 631.664,
                                                    "Actual Rows": 483590,
                                                    "Actual Loops": 1
                                                },
                                                {
                                                    "Worker Number": 2,
                                                    "Actual Startup Time": 631.676,
                                                    "Actual Total Time": 631.679,
                                                    "Actual Rows": 681725,
                                                    "Actual Loops": 1
                                                },
                                                {
                                                    "Worker Number": 3,
                                                    "Actual Startup Time": 631.683,
                                                    "Actual Total Time": 631.686,
                                                    "Actual Rows": 708735,
                                                    "Actual Loops": 1
                                                },
                                                {
                                                    "Worker Number": 4,
                                                    "Actual Startup Time": 631.717,
                                                    "Actual Total Time": 631.721,
                                                    "Actual Rows": 687275,
                                                    "Actual Loops": 1
                                                },
                                                {
                                                    "Worker Number": 5,
                                                    "Actual Startup Time": 631.818,
                                                    "Actual Total Time": 631.821,
                                                    "Actual Rows": 726125,
                                                    "Actual Loops": 1
                                                }
                                            ],
                                            "Plans": [
                                                {
                                                    "Node Type": "Hash Join",
                                                    "Parent Relationship": "Outer",
                                                    "Parallel Aware": true,
                                                    "Join Type": "Inner",
                                                    "Startup Cost": 50219.81,
                                                    "Total Cost": 93097.89,
                                                    "Plan Rows": 1459332,
                                                    "Plan Width": 8,
                                                    "Actual Startup Time": 231.376,
                                                    "Actual Total Time": 430.64,
                                                    "Actual Rows": 646276,
                                                    "Actual Loops": 7,
                                                    "Output": [
                                                        "t.id",
                                                        "mk.movie_id"
                                                    ],
                                                    "Inner Unique": true,
                                                    "Hash Cond": "(mk.movie_id = t.id)",
                                                    "Workers": [
                                                        {
                                                            "Worker Number": 0,
                                                            "Actual Startup Time": 231.439,
                                                            "Actual Total Time": 432.218,
                                                            "Actual Rows": 480815,
                                                            "Actual Loops": 1
                                                        },
                                                        {
                                                            "Worker Number": 1,
                                                            "Actual Startup Time": 231.435,
                                                            "Actual Total Time": 430.2,
                                                            "Actual Rows": 483590,
                                                            "Actual Loops": 1
                                                        },
                                                        {
                                                            "Worker Number": 2,
                                                            "Actual Startup Time": 231.369,
                                                            "Actual Total Time": 429.361,
                                                            "Actual Rows": 681725,
                                                            "Actual Loops": 1
                                                        },
                                                        {
                                                            "Worker Number": 3,
                                                            "Actual Startup Time": 231.36,
                                                            "Actual Total Time": 429.049,
                                                            "Actual Rows": 708735,
                                                            "Actual Loops": 1
                                                        },
                                                        {
                                                            "Worker Number": 4,
                                                            "Actual Startup Time": 231.257,
                                                            "Actual Total Time": 429.444,
                                                            "Actual Rows": 687275,
                                                            "Actual Loops": 1
                                                        },
                                                        {
                                                            "Worker Number": 5,
                                                            "Actual Startup Time": 231.259,
                                                            "Actual Total Time": 428.869,
                                                            "Actual Rows": 726125,
                                                            "Actual Loops": 1
                                                        }
                                                    ],
                                                    "Plans": [
                                                        {
                                                            "Node Type": "Seq Scan",
                                                            "Parent Relationship": "Outer",
                                                            "Parallel Aware": true,
                                                            "Relation Name": "movie_keyword",
                                                            "Schema": "public",
                                                            "Alias": "mk",
                                                            "Startup Cost": 0.0,
                                                            "Total Cost": 39047.32,
                                                            "Plan Rows": 1459332,
                                                            "Plan Width": 4,
                                                            "Actual Startup Time": 0.019,
                                                            "Actual Total Time": 61.25,
                                                            "Actual Rows": 646276,
                                                            "Actual Loops": 7,
                                                            "Output": [
                                                                "mk.id",
                                                                "mk.movie_id",
                                                                "mk.keyword_id"
                                                            ],
                                                            "Workers": [
                                                                {
                                                                    "Worker Number": 0,
                                                                    "Actual Startup Time": 0.032,
                                                                    "Actual Total Time": 63.434,
                                                                    "Actual Rows": 480815,
                                                                    "Actual Loops": 1
                                                                },
                                                                {
                                                                    "Worker Number": 1,
                                                                    "Actual Startup Time": 0.032,
                                                                    "Actual Total Time": 63.417,
                                                                    "Actual Rows": 483590,
                                                                    "Actual Loops": 1
                                                                },
                                                                {
                                                                    "Worker Number": 2,
                                                                    "Actual Startup Time": 0.017,
                                                                    "Actual Total Time": 62.591,
                                                                    "Actual Rows": 681725,
                                                                    "Actual Loops": 1
                                                                },
                                                                {
                                                                    "Worker Number": 3,
                                                                    "Actual Startup Time": 0.016,
                                                                    "Actual Total Time": 61.813,
                                                                    "Actual Rows": 708735,
                                                                    "Actual Loops": 1
                                                                },
                                                                {
                                                                    "Worker Number": 4,
                                                                    "Actual Startup Time": 0.012,
                                                                    "Actual Total Time": 62.212,
                                                                    "Actual Rows": 687275,
                                                                    "Actual Loops": 1
                                                                },
                                                                {
                                                                    "Worker Number": 5,
                                                                    "Actual Startup Time": 0.016,
                                                                    "Actual Total Time": 61.897,
                                                                    "Actual Rows": 726125,
                                                                    "Actual Loops": 1
                                                                }
                                                            ]
                                                        },
                                                        {
                                                            "Node Type": "Hash",
                                                            "Parent Relationship": "Inner",
                                                            "Parallel Aware": true,
                                                            "Startup Cost": 42318.81,
                                                            "Total Cost": 42318.81,
                                                            "Plan Rows": 632080,
                                                            "Plan Width": 4,
                                                            "Actual Startup Time": 228.045,
                                                            "Actual Total Time": 228.046,
                                                            "Actual Rows": 361187,
                                                            "Actual Loops": 7,
                                                            "Output": [
                                                                "t.id"
                                                            ],
                                                            "Hash Buckets": 4194304,
                                                            "Original Hash Buckets": 4194304,
                                                            "Hash Batches": 1,
                                                            "Original Hash Batches": 1,
                                                            "Peak Memory Usage": 131808,
                                                            "Workers": [
                                                                {
                                                                    "Worker Number": 0,
                                                                    "Actual Startup Time": 231.094,
                                                                    "Actual Total Time": 231.095,
                                                                    "Actual Rows": 277976,
                                                                    "Actual Loops": 1
                                                                },
                                                                {
                                                                    "Worker Number": 1,
                                                                    "Actual Startup Time": 231.115,
                                                                    "Actual Total Time": 231.117,
                                                                    "Actual Rows": 280296,
                                                                    "Actual Loops": 1
                                                                },
                                                                {
                                                                    "Worker Number": 2,
                                                                    "Actual Startup Time": 231.094,
                                                                    "Actual Total Time": 231.095,
                                                                    "Actual Rows": 347753,
                                                                    "Actual Loops": 1
                                                                },
                                                                {
                                                                    "Worker Number": 3,
                                                                    "Actual Startup Time": 231.057,
                                                                    "Actual Total Time": 231.059,
                                                                    "Actual Rows": 375683,
                                                                    "Actual Loops": 1
                                                                },
                                                                {
                                                                    "Worker Number": 4,
                                                                    "Actual Startup Time": 231.038,
                                                                    "Actual Total Time": 231.039,
                                                                    "Actual Rows": 342801,
                                                                    "Actual Loops": 1
                                                                },
                                                                {
                                                                    "Worker Number": 5,
                                                                    "Actual Startup Time": 231.177,
                                                                    "Actual Total Time": 231.179,
                                                                    "Actual Rows": 383528,
                                                                    "Actual Loops": 1
                                                                }
                                                            ],
                                                            "Plans": [
                                                                {
                                                                    "Node Type": "Seq Scan",
                                                                    "Parent Relationship": "Outer",
                                                                    "Parallel Aware": true,
                                                                    "Relation Name": "title",
                                                                    "Schema": "public",
                                                                    "Alias": "t",
                                                                    "Startup Cost": 0.0,
                                                                    "Total Cost": 42318.81,
                                                                    "Plan Rows": 632080,
                                                                    "Plan Width": 4,
                                                                    "Actual Startup Time": 0.044,
                                                                    "Actual Total Time": 67.116,
                                                                    "Actual Rows": 361187,
                                                                    "Actual Loops": 7,
                                                                    "Output": [
                                                                        "t.id"
                                                                    ],
                                                                    "Workers": [
                                                                        {
                                                                            "Worker Number": 0,
                                                                            "Actual Startup Time": 0.049,
                                                                            "Actual Total Time": 72.803,
                                                                            "Actual Rows": 277976,
                                                                            "Actual Loops": 1
                                                                        },
                                                                        {
                                                                            "Worker Number": 1,
                                                                            "Actual Startup Time": 0.066,
                                                                            "Actual Total Time": 72.536,
                                                                            "Actual Rows": 280296,
                                                                            "Actual Loops": 1
                                                                        },
                                                                        {
                                                                            "Worker Number": 2,
                                                                            "Actual Startup Time": 0.047,
                                                                            "Actual Total Time": 66.483,
                                                                            "Actual Rows": 347753,
                                                                            "Actual Loops": 1
                                                                        },
                                                                        {
                                                                            "Worker Number": 3,
                                                                            "Actual Startup Time": 0.046,
                                                                            "Actual Total Time": 68.078,
                                                                            "Actual Rows": 375683,
                                                                            "Actual Loops": 1
                                                                        },
                                                                        {
                                                                            "Worker Number": 4,
                                                                            "Actual Startup Time": 0.056,
                                                                            "Actual Total Time": 66.16,
                                                                            "Actual Rows": 342801,
                                                                            "Actual Loops": 1
                                                                        },
                                                                        {
                                                                            "Worker Number": 5,
                                                                            "Actual Startup Time": 0.027,
                                                                            "Actual Total Time": 68.62,
                                                                            "Actual Rows": 383528,
                                                                            "Actual Loops": 1
                                                                        }
                                                                    ]
                                                                }
                                                            ]
                                                        }
                                                    ]
                                                }
                                            ]
                                        }
                                    ]
                                }
                            ]
                        }
                    ]
                }
            ]
        },
        "Planning Time": 215.765,
        "Triggers": [],
        "Execution Time": 3894.527
    }
]