{
  "Plan": {
    "Node Type": "Aggregate",
    "Strategy": "Plain",
    "Partial Mode": "Finalize",
    "Parallel Aware": false,
    "Startup Cost": 338466.72,
    "Total Cost": 338466.73,
    "Plan Rows": 1,
    "Plan Width": 8,
    "Actual Startup Time": 1084.335,
    "Actual Total Time": 1124.786,
    "Actual Rows": 1,
    "Actual Loops": 1,
    "Plans": [
      {
        "Node Type": "Gather",
        "Parent Relationship": "Outer",
        "Parallel Aware": false,
        "Startup Cost": 338466.6,
        "Total Cost": 338466.71,
        "Plan Rows": 1,
        "Plan Width": 8,
        "Actual Startup Time": 1084.06,
        "Actual Total Time": 1124.777,
        "Actual Rows": 2,
        "Actual Loops": 1,
        "Workers Planned": 1,
        "Workers Launched": 1,
        "Single Copy": false,
        "Plans": [
          {
            "Node Type": "Aggregate",
            "Strategy": "Plain",
            "Partial Mode": "Partial",
            "Parent Relationship": "Outer",
            "Parallel Aware": false,
            "Startup Cost": 337466.6,
            "Total Cost": 337466.61,
            "Plan Rows": 1,
            "Plan Width": 8,
            "Actual Startup Time": 1078.417,
            "Actual Total Time": 1078.421,
            "Actual Rows": 1,
            "Actual Loops": 2,
            "Plans": [
              {
                "Node Type": "Hash Join",
                "Parent Relationship": "Outer",
                "Parallel Aware": true,
                "Join Type": "Inner",
                "Startup Cost": 58505.36,
                "Total Cost": 337383.24,
                "Plan Rows": 33345,
                "Plan Width": 0,
                "Actual Startup Time": 189.898,
                "Actual Total Time": 1077.496,
                "Actual Rows": 19872,
                "Actual Loops": 2,
                "Inner Unique": true,
                "Hash Cond": "(mi.movie_id = t.id)",
                "Plans": [
                  {
                    "Node Type": "Seq Scan",
                    "Parent Relationship": "Outer",
                    "Parallel Aware": true,
                    "Relation Name": "movie_info",
                    "Alias": "mi",
                    "Startup Cost": 0.0,
                    "Total Cost": 270696.42,
                    "Plan Rows": 3116745,
                    "Plan Width": 4,
                    "Actual Startup Time": 36.64,
                    "Actual Total Time": 703.083,
                    "Actual Rows": 2635284,
                    "Actual Loops": 2,
                    "Filter": "(info_type_id > 15)",
                    "Rows Removed by Filter": 4782576
                  },
                  {
                    "Node Type": "Hash",
                    "Parent Relationship": "Inner",
                    "Parallel Aware": true,
                    "Startup Cost": 58306.47,
                    "Total Cost": 58306.47,
                    "Plan Rows": 15911,
                    "Plan Width": 4,
                    "Actual Startup Time": 151.661,
                    "Actual Total Time": 151.662,
                    "Actual Rows": 16067,
                    "Actual Loops": 2,
                    "Hash Buckets": 32768,
                    "Original Hash Buckets": 32768,
                    "Hash Batches": 1,
                    "Original Hash Batches": 1,
                    "Peak Memory Usage": 1536,
                    "Plans": [
                      {
                        "Node Type": "Seq Scan",
                        "Parent Relationship": "Outer",
                        "Parallel Aware": true,
                        "Relation Name": "title",
                        "Alias": "t",
                        "Startup Cost": 0.0,
                        "Total Cost": 58306.47,
                        "Plan Rows": 15911,
                        "Plan Width": 4,
                        "Actual Startup Time": 0.044,
                        "Actual Total Time": 145.652,
                        "Actual Rows": 16067,
                        "Actual Loops": 2,
                        "Filter": "((kind_id = 7) AND (production_year = 1998))",
                        "Rows Removed by Filter": 1248089
                      }
                    ]
                  }
                ]
              }
            ]
          }
        ]
      }
    ]
  },
  "Planning Time": 0.43,
  "Triggers": [],
  "Execution Time": 1124.858
}