[
  {
    "Plan": {
      "Node Type": "Aggregate",
      "Strategy": "Plain",
      "Partial Mode": "Finalize",
      "Parallel Aware": false,
      "Startup Cost": 31104.47,
      "Total Cost": 31104.48,
      "Plan Rows": 1,
      "Plan Width": 8,
      "Actual Startup Time": 90.883,
      "Actual Total Time": 97.252,
      "Actual Rows": 1,
      "Actual Loops": 1,
      "Plans": [
        {
          "Node Type": "Gather",
          "Parent Relationship": "Outer",
          "Parallel Aware": false,
          "Startup Cost": 31104.15,
          "Total Cost": 31104.46,
          "Plan Rows": 3,
          "Plan Width": 8,
          "Actual Startup Time": 90.773,
          "Actual Total Time": 97.244,
          "Actual Rows": 4,
          "Actual Loops": 1,
          "Workers Planned": 3,
          "Workers Launched": 3,
          "Single Copy": false,
          "Plans": [
            {
              "Node Type": "Aggregate",
              "Strategy": "Plain",
              "Partial Mode": "Partial",
              "Parent Relationship": "Outer",
              "Parallel Aware": false,
              "Startup Cost": 30104.15,
              "Total Cost": 30104.16,
              "Plan Rows": 1,
              "Plan Width": 8,
              "Actual Startup Time": 86.954,
              "Actual Total Time": 86.955,
              "Actual Rows": 1,
              "Actual Loops": 4,
              "Plans": [
                {
                  "Node Type": "Seq Scan",
                  "Parent Relationship": "Outer",
                  "Parallel Aware": true,
                  "Relation Name": "movie_companies",
                  "Alias": "mc",
                  "Startup Cost": 0.0,
                  "Total Cost": 29310.68,
                  "Plan Rows": 317389,
                  "Plan Width": 0,
                  "Actual Startup Time": 16.376,
                  "Actual Total Time": 74.552,
                  "Actual Rows": 243690,
                  "Actual Loops": 4,
                  "Filter": "(company_id > 17537)",
                  "Rows Removed by Filter": 408592
                }
              ]
            }
          ]
        }
      ]
    },
    "Planning Time": 0.227,
    "Triggers": [],
    "Execution Time": 97.308
  }
]