[
  {
    "Plan": {
      "Node Type": "Aggregate",
      "Strategy": "Plain",
      "Partial Mode": "Finalize",
      "Parallel Aware": false,
      "Startup Cost": 334511.44,
      "Total Cost": 334511.45,
      "Plan Rows": 1,
      "Plan Width": 8,
      "Actual Startup Time": 753.989,
      "Actual Total Time": 801.008,
      "Actual Rows": 1,
      "Actual Loops": 1,
      "Plans": [
        {
          "Node Type": "Gather",
          "Parent Relationship": "Outer",
          "Parallel Aware": false,
          "Startup Cost": 334510.81,
          "Total Cost": 334511.42,
          "Plan Rows": 6,
          "Plan Width": 8,
          "Actual Startup Time": 753.764,
          "Actual Total Time": 800.99,
          "Actual Rows": 7,
          "Actual Loops": 1,
          "Workers Planned": 6,
          "Workers Launched": 6,
          "Single Copy": false,
          "Plans": [
            {
              "Node Type": "Aggregate",
              "Strategy": "Plain",
              "Partial Mode": "Partial",
              "Parent Relationship": "Outer",
              "Parallel Aware": false,
              "Startup Cost": 333510.81,
              "Total Cost": 333510.82,
              "Plan Rows": 1,
              "Plan Width": 8,
              "Actual Startup Time": 746.228,
              "Actual Total Time": 746.229,
              "Actual Rows": 1,
              "Actual Loops": 7,
              "Plans": [
                {
                  "Node Type": "Seq Scan",
                  "Parent Relationship": "Outer",
                  "Parallel Aware": true,
                  "Relation Name": "cast_info",
                  "Alias": "ci",
                  "Startup Cost": 0.0,
                  "Total Cost": 328211.39,
                  "Plan Rows": 2119768,
                  "Plan Width": 0,
                  "Actual Startup Time": 0.047,
                  "Actual Total Time": 642.925,
                  "Actual Rows": 1833728,
                  "Actual Loops": 7,
                  "Filter": "(person_id < 1266626)",
                  "Rows Removed by Filter": 3344035
                }
              ]
            }
          ]
        }
      ]
    },
    "Planning Time": 0.099,
    "Triggers": [],
    "Execution Time": 801.058
  }
]