[
  {
    "Plan": {
      "Node Type": "Aggregate",
      "Strategy": "Plain",
      "Partial Mode": "Finalize",
      "Parallel Aware": false,
      "Startup Cost": 334509.63,
      "Total Cost": 334509.64,
      "Plan Rows": 1,
      "Plan Width": 8,
      "Actual Startup Time": 799.464,
      "Actual Total Time": 862.318,
      "Actual Rows": 1,
      "Actual Loops": 1,
      "Plans": [
        {
          "Node Type": "Gather",
          "Parent Relationship": "Outer",
          "Parallel Aware": false,
          "Startup Cost": 334509.0,
          "Total Cost": 334509.61,
          "Plan Rows": 6,
          "Plan Width": 8,
          "Actual Startup Time": 799.323,
          "Actual Total Time": 862.306,
          "Actual Rows": 7,
          "Actual Loops": 1,
          "Workers Planned": 6,
          "Workers Launched": 6,
          "Single Copy": false,
          "Plans": [
            {
              "Node Type": "Aggregate",
              "Strategy": "Plain",
              "Partial Mode": "Partial",
              "Parent Relationship": "Outer",
              "Parallel Aware": false,
              "Startup Cost": 333509.0,
              "Total Cost": 333509.01,
              "Plan Rows": 1,
              "Plan Width": 8,
              "Actual Startup Time": 788.968,
              "Actual Total Time": 788.969,
              "Actual Rows": 1,
              "Actual Loops": 7,
              "Plans": [
                {
                  "Node Type": "Seq Scan",
                  "Parent Relationship": "Outer",
                  "Parallel Aware": true,
                  "Relation Name": "cast_info",
                  "Alias": "ci",
                  "Startup Cost": 0.0,
                  "Total Cost": 328162.03,
                  "Plan Rows": 2138791,
                  "Plan Width": 0,
                  "Actual Startup Time": 0.048,
                  "Actual Total Time": 688.398,
                  "Actual Rows": 1833728,
                  "Actual Loops": 7,
                  "Filter": "(person_id < 1266626)",
                  "Rows Removed by Filter": 3344035
                }
              ]
            }
          ]
        }
      ]
    },
    "Planning Time": 0.181,
    "Triggers": [],
    "Execution Time": 862.393
  }
]