[
  {
    "Plan": {
      "Node Type": "Aggregate",
      "Strategy": "Plain",
      "Partial Mode": "Finalize",
      "Parallel Aware": false,
      "Startup Cost": 368898.87,
      "Total Cost": 368898.88,
      "Plan Rows": 1,
      "Plan Width": 8,
      "Actual Startup Time": 1381.627,
      "Actual Total Time": 1431.248,
      "Actual Rows": 1,
      "Actual Loops": 1,
      "Plans": [
        {
          "Node Type": "Gather",
          "Parent Relationship": "Outer",
          "Parallel Aware": false,
          "Startup Cost": 368898.24,
          "Total Cost": 368898.85,
          "Plan Rows": 6,
          "Plan Width": 8,
          "Actual Startup Time": 1380.833,
          "Actual Total Time": 1431.239,
          "Actual Rows": 7,
          "Actual Loops": 1,
          "Workers Planned": 6,
          "Workers Launched": 6,
          "Single Copy": false,
          "Plans": [
            {
              "Node Type": "Aggregate",
              "Strategy": "Plain",
              "Partial Mode": "Partial",
              "Parent Relationship": "Outer",
              "Parallel Aware": false,
              "Startup Cost": 367898.24,
              "Total Cost": 367898.25,
              "Plan Rows": 1,
              "Plan Width": 8,
              "Actual Startup Time": 1371.231,
              "Actual Total Time": 1371.234,
              "Actual Rows": 1,
              "Actual Loops": 7,
              "Plans": [
                {
                  "Node Type": "Hash Join",
                  "Parent Relationship": "Outer",
                  "Parallel Aware": true,
                  "Join Type": "Inner",
                  "Startup Cost": 38392.46,
                  "Total Cost": 367359.11,
                  "Plan Rows": 215653,
                  "Plan Width": 0,
                  "Actual Startup Time": 52.681,
                  "Actual Total Time": 1356.592,
                  "Actual Rows": 278436,
                  "Actual Loops": 7,
                  "Inner Unique": true,
                  "Hash Cond": "(ci.movie_id = t.id)",
                  "Plans": [
                    {
                      "Node Type": "Seq Scan",
                      "Parent Relationship": "Outer",
                      "Parallel Aware": true,
                      "Relation Name": "cast_info",
                      "Alias": "ci",
                      "Startup Cost": 0.0,
                      "Total Cost": 313106.51,
                      "Plan Rows": 6041951,
                      "Plan Width": 4,
                      "Actual Startup Time": 0.03,
                      "Actual Total Time": 559.063,
                      "Actual Rows": 5177763,
                      "Actual Loops": 7
                    },
                    {
                      "Node Type": "Hash",
                      "Parent Relationship": "Inner",
                      "Parallel Aware": true,
                      "Startup Cost": 38110.43,
                      "Total Cost": 38110.43,
                      "Plan Rows": 22562,
                      "Plan Width": 4,
                      "Actual Startup Time": 51.658,
                      "Actual Total Time": 51.659,
                      "Actual Rows": 14351,
                      "Actual Loops": 7,
                      "Hash Buckets": 131072,
                      "Original Hash Buckets": 131072,
                      "Hash Batches": 1,
                      "Original Hash Batches": 1,
                      "Peak Memory Usage": 5120,
                      "Plans": [
                        {
                          "Node Type": "Bitmap Heap Scan",
                          "Parent Relationship": "Outer",
                          "Parallel Aware": true,
                          "Relation Name": "title",
                          "Alias": "t",
                          "Startup Cost": 1749.28,
                          "Total Cost": 38110.43,
                          "Plan Rows": 22562,
                          "Plan Width": 4,
                          "Actual Startup Time": 11.389,
                          "Actual Total Time": 44.305,
                          "Actual Rows": 14351,
                          "Actual Loops": 7,
                          "Recheck Cond": "(kind_id = 3)",
                          "Rows Removed by Index Recheck": 0,
                          "Filter": "(production_year > 1926)",
                          "Rows Removed by Filter": 11,
                          "Exact Heap Blocks": 5121,
                          "Lossy Heap Blocks": 0,
                          "Plans": [
                            {
                              "Node Type": "Bitmap Index Scan",
                              "Parent Relationship": "Outer",
                              "Parallel Aware": false,
                              "Index Name": "kind_id_title",
                              "Startup Cost": 0.0,
                              "Total Cost": 1726.72,
                              "Plan Rows": 96839,
                              "Plan Width": 0,
                              "Actual Startup Time": 13.016,
                              "Actual Total Time": 13.016,
                              "Actual Rows": 100537,
                              "Actual Loops": 1,
                              "Index Cond": "(kind_id = 3)"
                            }
                          ]
                        }
                      ]
                    }
                  ]
                }
              ]
            }
          ]
        }
      ]
    },
    "Planning Time": 0.394,
    "Triggers": [],
    "Execution Time": 1431.354
  }
]