{
  "Plan": {
    "Node Type": "Aggregate",
    "Strategy": "Plain",
    "Partial Mode": "Finalize",
    "Parallel Aware": false,
    "Startup Cost": 542808.04,
    "Total Cost": 542808.05,
    "Plan Rows": 1,
    "Plan Width": 8,
    "Actual Startup Time": 1441.77,
    "Actual Total Time": 1466.765,
    "Actual Rows": 1,
    "Actual Loops": 1,
    "Plans": [
      {
        "Node Type": "Gather",
        "Parent Relationship": "Outer",
        "Parallel Aware": false,
        "Startup Cost": 542807.92,
        "Total Cost": 542808.03,
        "Plan Rows": 1,
        "Plan Width": 8,
        "Actual Startup Time": 1440.479,
        "Actual Total Time": 1466.756,
        "Actual Rows": 2,
        "Actual Loops": 1,
        "Workers Planned": 1,
        "Workers Launched": 1,
        "Single Copy": false,
        "Plans": [
          {
            "Node Type": "Aggregate",
            "Strategy": "Plain",
            "Partial Mode": "Partial",
            "Parent Relationship": "Outer",
            "Parallel Aware": false,
            "Startup Cost": 541807.92,
            "Total Cost": 541807.93,
            "Plan Rows": 1,
            "Plan Width": 8,
            "Actual Startup Time": 1436.6,
            "Actual Total Time": 1436.606,
            "Actual Rows": 1,
            "Actual Loops": 2,
            "Plans": [
              {
                "Node Type": "Hash Join",
                "Parent Relationship": "Outer",
                "Parallel Aware": true,
                "Join Type": "Inner",
                "Startup Cost": 478037.86,
                "Total Cost": 540995.07,
                "Plan Rows": 325142,
                "Plan Width": 0,
                "Actual Startup Time": 1021.299,
                "Actual Total Time": 1404.998,
                "Actual Rows": 752782,
                "Actual Loops": 2,
                "Inner Unique": false,
                "Hash Cond": "(mk.movie_id = t.id)",
                "Plans": [
                  {
                    "Node Type": "Seq Scan",
                    "Parent Relationship": "Outer",
                    "Parallel Aware": true,
                    "Relation Name": "movie_keyword",
                    "Alias": "mk",
                    "Startup Cost": 0.0,
                    "Total Cost": 51065.35,
                    "Plan Rows": 2661135,
                    "Plan Width": 4,
                    "Actual Startup Time": 0.012,
                    "Actual Total Time": 148.553,
                    "Actual Rows": 2261965,
                    "Actual Loops": 2
                  },
                  {
                    "Node Type": "Hash",
                    "Parent Relationship": "Inner",
                    "Parallel Aware": true,
                    "Startup Cost": 475766.46,
                    "Total Cost": 475766.46,
                    "Plan Rows": 181712,
                    "Plan Width": 8,
                    "Actual Startup Time": 1016.92,
                    "Actual Total Time": 1016.925,
                    "Actual Rows": 153604,
                    "Actual Loops": 2,
                    "Hash Buckets": 524288,
                    "Original Hash Buckets": 524288,
                    "Hash Batches": 1,
                    "Original Hash Batches": 1,
                    "Peak Memory Usage": 16128,
                    "Plans": [
                      {
                        "Node Type": "Hash Join",
                        "Parent Relationship": "Outer",
                        "Parallel Aware": true,
                        "Join Type": "Inner",
                        "Startup Cost": 175002.4,
                        "Total Cost": 475766.46,
                        "Plan Rows": 181712,
                        "Plan Width": 8,
                        "Actual Startup Time": 349.584,
                        "Actual Total Time": 975.559,
                        "Actual Rows": 153604,
                        "Actual Loops": 2,
                        "Inner Unique": true,
                        "Hash Cond": "(ci.movie_id = t.id)",
                        "Plans": [
                          {
                            "Node Type": "Bitmap Heap Scan",
                            "Parent Relationship": "Outer",
                            "Parallel Aware": true,
                            "Relation Name": "cast_info",
                            "Alias": "ci",
                            "Startup Cost": 119351.26,
                            "Total Cost": 411771.36,
                            "Plan Rows": 3178648,
                            "Plan Width": 4,
                            "Actual Startup Time": 197.863,
                            "Actual Total Time": 465.434,
                            "Actual Rows": 2780694,
                            "Actual Loops": 2,
                            "Recheck Cond": "(person_id < 537390)",
                            "Rows Removed by Index Recheck": 0,
                            "Exact Heap Blocks": 32496,
                            "Lossy Heap Blocks": 0,
                            "Plans": [
                              {
                                "Node Type": "Bitmap Index Scan",
                                "Parent Relationship": "Outer",
                                "Parallel Aware": false,
                                "Index Name": "person_id_cast_info",
                                "Startup Cost": 0.0,
                                "Total Cost": 118000.33,
                                "Plan Rows": 5403702,
                                "Plan Width": 0,
                                "Actual Startup Time": 187.626,
                                "Actual Total Time": 187.627,
                                "Actual Rows": 5561387,
                                "Actual Loops": 1,
                                "Index Cond": "(person_id < 537390)"
                              }
                            ]
                          },
                          {
                            "Node Type": "Hash",
                            "Parent Relationship": "Inner",
                            "Parallel Aware": true,
                            "Startup Cost": 54588.39,
                            "Total Cost": 54588.39,
                            "Plan Rows": 85020,
                            "Plan Width": 4,
                            "Actual Startup Time": 150.171,
                            "Actual Total Time": 150.171,
                            "Actual Rows": 70852,
                            "Actual Loops": 2,
                            "Hash Buckets": 262144,
                            "Original Hash Buckets": 262144,
                            "Hash Batches": 1,
                            "Original Hash Batches": 1,
                            "Peak Memory Usage": 7616,
                            "Plans": [
                              {
                                "Node Type": "Seq Scan",
                                "Parent Relationship": "Outer",
                                "Parallel Aware": true,
                                "Relation Name": "title",
                                "Alias": "t",
                                "Startup Cost": 0.0,
                                "Total Cost": 54588.39,
                                "Plan Rows": 85020,
                                "Plan Width": 4,
                                "Actual Startup Time": 0.022,
                                "Actual Total Time": 128.431,
                                "Actual Rows": 70852,
                                "Actual Loops": 2,
                                "Filter": "(production_year = 2010)",
                                "Rows Removed by Filter": 1193304
                              }
                            ]
                          }
                        ]
                      }
                    ]
                  }
                ]
              }
            ]
          }
        ]
      }
    ]
  },
  "Planning Time": 0.717,
  "Triggers": [],
  "Execution Time": 1466.848
}