{
    "Plan": {
        "Node Type": "Aggregate",
        "Strategy": "Plain",
        "Partial Mode": "Finalize",
        "Parallel Aware": false,
        "Startup Cost": 670051.39,
        "Total Cost": 670051.4,
        "Plan Rows": 1,
        "Plan Width": 8,
        "Actual Startup Time": 7858.671,
        "Actual Total Time": 7943.538,
        "Actual Rows": 1,
        "Actual Loops": 1,
        "Output": [
            "count(*)"
        ],
        "Plans": [
            {
                "Node Type": "Gather",
                "Parent Relationship": "Outer",
                "Parallel Aware": false,
                "Startup Cost": 670050.76,
                "Total Cost": 670051.37,
                "Plan Rows": 6,
                "Plan Width": 8,
                "Actual Startup Time": 7790.168,
                "Actual Total Time": 7943.522,
                "Actual Rows": 7,
                "Actual Loops": 1,
                "Output": [
                    "(PARTIAL count(*))"
                ],
                "Workers Planned": 6,
                "Workers Launched": 6,
                "Single Copy": false,
                "Plans": [
                    {
                        "Node Type": "Aggregate",
                        "Strategy": "Plain",
                        "Partial Mode": "Partial",
                        "Parent Relationship": "Outer",
                        "Parallel Aware": false,
                        "Startup Cost": 669050.76,
                        "Total Cost": 669050.77,
                        "Plan Rows": 1,
                        "Plan Width": 8,
                        "Actual Startup Time": 7743.932,
                        "Actual Total Time": 7745.26,
                        "Actual Rows": 1,
                        "Actual Loops": 7,
                        "Output": [
                            "PARTIAL count(*)"
                        ],
                        "Workers": [
                            {
                                "Worker Number": 0,
                                "Actual Startup Time": 7734.961,
                                "Actual Total Time": 7734.966,
                                "Actual Rows": 1,
                                "Actual Loops": 1
                            },
                            {
                                "Worker Number": 1,
                                "Actual Startup Time": 7734.986,
                                "Actual Total Time": 7734.991,
                                "Actual Rows": 1,
                                "Actual Loops": 1
                            },
                            {
                                "Worker Number": 2,
                                "Actual Startup Time": 7734.975,
                                "Actual Total Time": 7734.979,
                                "Actual Rows": 1,
                                "Actual Loops": 1
                            },
                            {
                                "Worker Number": 3,
                                "Actual Startup Time": 7742.695,
                                "Actual Total Time": 7742.7,
                                "Actual Rows": 1,
                                "Actual Loops": 1
                            },
                            {
                                "Worker Number": 4,
                                "Actual Startup Time": 7735.533,
                                "Actual Total Time": 7735.538,
                                "Actual Rows": 1,
                                "Actual Loops": 1
                            },
                            {
                                "Worker Number": 5,
                                "Actual Startup Time": 7735.282,
                                "Actual Total Time": 7735.287,
                                "Actual Rows": 1,
                                "Actual Loops": 1
                            }
                        ],
                        "Plans": [
                            {
                                "Node Type": "Hash Join",
                                "Parent Relationship": "Outer",
                                "Parallel Aware": true,
                                "Join Type": "Inner",
                                "Startup Cost": 270608.69,
                                "Total Cost": 639279.94,
                                "Plan Rows": 11908329,
                                "Plan Width": 0,
                                "Actual Startup Time": 2021.472,
                                "Actual Total Time": 6792.435,
                                "Actual Rows": 23684841,
                                "Actual Loops": 7,
                                "Inner Unique": false,
                                "Hash Cond": "(ci.movie_id = t.id)",
                                "Workers": [
                                    {
                                        "Worker Number": 0,
                                        "Actual Startup Time": 2014.063,
                                        "Actual Total Time": 6744.933,
                                        "Actual Rows": 22748407,
                                        "Actual Loops": 1
                                    },
                                    {
                                        "Worker Number": 1,
                                        "Actual Startup Time": 2013.539,
                                        "Actual Total Time": 6825.843,
                                        "Actual Rows": 23947909,
                                        "Actual Loops": 1
                                    },
                                    {
                                        "Worker Number": 2,
                                        "Actual Startup Time": 2013.489,
                                        "Actual Total Time": 6757.259,
                                        "Actual Rows": 23177605,
                                        "Actual Loops": 1
                                    },
                                    {
                                        "Worker Number": 3,
                                        "Actual Startup Time": 2013.686,
                                        "Actual Total Time": 6833.741,
                                        "Actual Rows": 24102698,
                                        "Actual Loops": 1
                                    },
                                    {
                                        "Worker Number": 4,
                                        "Actual Startup Time": 2014.226,
                                        "Actual Total Time": 6803.996,
                                        "Actual Rows": 24361449,
                                        "Actual Loops": 1
                                    },
                                    {
                                        "Worker Number": 5,
                                        "Actual Startup Time": 2013.834,
                                        "Actual Total Time": 6824.014,
                                        "Actual Rows": 24163551,
                                        "Actual Loops": 1
                                    }
                                ],
                                "Plans": [
                                    {
                                        "Node Type": "Seq Scan",
                                        "Parent Relationship": "Outer",
                                        "Parallel Aware": true,
                                        "Relation Name": "cast_info",
                                        "Schema": "public",
                                        "Alias": "ci",
                                        "Startup Cost": 0.0,
                                        "Total Cost": 328213.62,
                                        "Plan Rows": 3328194,
                                        "Plan Width": 4,
                                        "Actual Startup Time": 186.556,
                                        "Actual Total Time": 624.094,
                                        "Actual Rows": 2864126,
                                        "Actual Loops": 7,
                                        "Output": [
                                            "ci.id",
                                            "ci.person_id",
                                            "ci.movie_id",
                                            "ci.person_role_id",
                                            "ci.note",
                                            "ci.nr_order",
                                            "ci.role_id"
                                        ],
                                        "Filter": "(ci.person_id > 1604043)",
                                        "Rows Removed by Filter": 2313638,
                                        "Workers": [
                                            {
                                                "Worker Number": 0,
                                                "Actual Startup Time": 186.626,
                                                "Actual Total Time": 645.336,
                                                "Actual Rows": 2733833,
                                                "Actual Loops": 1
                                            },
                                            {
                                                "Worker Number": 1,
                                                "Actual Startup Time": 186.506,
                                                "Actual Total Time": 636.863,
                                                "Actual Rows": 2903567,
                                                "Actual Loops": 1
                                            },
                                            {
                                                "Worker Number": 2,
                                                "Actual Startup Time": 186.544,
                                                "Actual Total Time": 637.515,
                                                "Actual Rows": 2770885,
                                                "Actual Loops": 1
                                            },
                                            {
                                                "Worker Number": 3,
                                                "Actual Startup Time": 186.539,
                                                "Actual Total Time": 635.922,
                                                "Actual Rows": 2901438,
                                                "Actual Loops": 1
                                            },
                                            {
                                                "Worker Number": 4,
                                                "Actual Startup Time": 186.609,
                                                "Actual Total Time": 628.955,
                                                "Actual Rows": 2971137,
                                                "Actual Loops": 1
                                            },
                                            {
                                                "Worker Number": 5,
                                                "Actual Startup Time": 186.484,
                                                "Actual Total Time": 637.056,
                                                "Actual Rows": 2926314,
                                                "Actual Loops": 1
                                            }
                                        ]
                                    },
                                    {
                                        "Node Type": "Hash",
                                        "Parent Relationship": "Inner",
                                        "Parallel Aware": true,
                                        "Startup Cost": 247992.76,
                                        "Total Cost": 247992.76,
                                        "Plan Rows": 1809275,
                                        "Plan Width": 8,
                                        "Actual Startup Time": 1818.029,
                                        "Actual Total Time": 1819.356,
                                        "Actual Rows": 1489651,
                                        "Actual Loops": 7,
                                        "Output": [
                                            "t.id",
                                            "mi.movie_id"
                                        ],
                                        "Hash Buckets": 16777216,
                                        "Original Hash Buckets": 16777216,
                                        "Hash Batches": 1,
                                        "Original Hash Batches": 1,
                                        "Peak Memory Usage": 539136,
                                        "Workers": [
                                            {
                                                "Worker Number": 0,
                                                "Actual Startup Time": 1826.184,
                                                "Actual Total Time": 1826.187,
                                                "Actual Rows": 1183235,
                                                "Actual Loops": 1
                                            },
                                            {
                                                "Worker Number": 1,
                                                "Actual Startup Time": 1826.262,
                                                "Actual Total Time": 1826.266,
                                                "Actual Rows": 1565201,
                                                "Actual Loops": 1
                                            },
                                            {
                                                "Worker Number": 2,
                                                "Actual Startup Time": 1826.069,
                                                "Actual Total Time": 1826.072,
                                                "Actual Rows": 1187336,
                                                "Actual Loops": 1
                                            },
                                            {
                                                "Worker Number": 3,
                                                "Actual Startup Time": 1826.315,
                                                "Actual Total Time": 1826.318,
                                                "Actual Rows": 1581456,
                                                "Actual Loops": 1
                                            },
                                            {
                                                "Worker Number": 4,
                                                "Actual Startup Time": 1826.474,
                                                "Actual Total Time": 1826.478,
                                                "Actual Rows": 1609936,
                                                "Actual Loops": 1
                                            },
                                            {
                                                "Worker Number": 5,
                                                "Actual Startup Time": 1826.536,
                                                "Actual Total Time": 1826.54,
                                                "Actual Rows": 1589501,
                                                "Actual Loops": 1
                                            }
                                        ],
                                        "Plans": [
                                            {
                                                "Node Type": "Hash Join",
                                                "Parent Relationship": "Outer",
                                                "Parallel Aware": true,
                                                "Join Type": "Inner",
                                                "Startup Cost": 48743.13,
                                                "Total Cost": 247992.76,
                                                "Plan Rows": 1809275,
                                                "Plan Width": 8,
                                                "Actual Startup Time": 183.941,
                                                "Actual Total Time": 1198.792,
                                                "Actual Rows": 1489651,
                                                "Actual Loops": 7,
                                                "Output": [
                                                    "t.id",
                                                    "mi.movie_id"
                                                ],
                                                "Inner Unique": true,
                                                "Hash Cond": "(mi.movie_id = t.id)",
                                                "Workers": [
                                                    {
                                                        "Worker Number": 0,
                                                        "Actual Startup Time": 183.833,
                                                        "Actual Total Time": 1207.442,
                                                        "Actual Rows": 1183235,
                                                        "Actual Loops": 1
                                                    },
                                                    {
                                                        "Worker Number": 1,
                                                        "Actual Startup Time": 184.013,
                                                        "Actual Total Time": 1198.868,
                                                        "Actual Rows": 1565201,
                                                        "Actual Loops": 1
                                                    },
                                                    {
                                                        "Worker Number": 2,
                                                        "Actual Startup Time": 183.968,
                                                        "Actual Total Time": 1210.821,
                                                        "Actual Rows": 1187336,
                                                        "Actual Loops": 1
                                                    },
                                                    {
                                                        "Worker Number": 3,
                                                        "Actual Startup Time": 183.943,
                                                        "Actual Total Time": 1189.238,
                                                        "Actual Rows": 1581456,
                                                        "Actual Loops": 1
                                                    },
                                                    {
                                                        "Worker Number": 4,
                                                        "Actual Startup Time": 183.802,
                                                        "Actual Total Time": 1202.836,
                                                        "Actual Rows": 1609936,
                                                        "Actual Loops": 1
                                                    },
                                                    {
                                                        "Worker Number": 5,
                                                        "Actual Startup Time": 183.946,
                                                        "Actual Total Time": 1197.478,
                                                        "Actual Rows": 1589501,
                                                        "Actual Loops": 1
                                                    }
                                                ],
                                                "Plans": [
                                                    {
                                                        "Node Type": "Seq Scan",
                                                        "Parent Relationship": "Outer",
                                                        "Parallel Aware": true,
                                                        "Relation Name": "movie_info",
                                                        "Schema": "public",
                                                        "Alias": "mi",
                                                        "Startup Cost": 0.0,
                                                        "Total Cost": 191503.19,
                                                        "Plan Rows": 2951019,
                                                        "Plan Width": 4,
                                                        "Actual Startup Time": 0.03,
                                                        "Actual Total Time": 297.136,
                                                        "Actual Rows": 2119389,
                                                        "Actual Loops": 7,
                                                        "Output": [
                                                            "mi.id",
                                                            "mi.movie_id",
                                                            "mi.info_type_id",
                                                            "mi.info",
                                                            "mi.note"
                                                        ],
                                                        "Workers": [
                                                            {
                                                                "Worker Number": 0,
                                                                "Actual Startup Time": 0.033,
                                                                "Actual Total Time": 324.832,
                                                                "Actual Rows": 1686143,
                                                                "Actual Loops": 1
                                                            },
                                                            {
                                                                "Worker Number": 1,
                                                                "Actual Startup Time": 0.037,
                                                                "Actual Total Time": 302.016,
                                                                "Actual Rows": 2226686,
                                                                "Actual Loops": 1
                                                            },
                                                            {
                                                                "Worker Number": 2,
                                                                "Actual Startup Time": 0.03,
                                                                "Actual Total Time": 325.336,
                                                                "Actual Rows": 1691499,
                                                                "Actual Loops": 1
                                                            },
                                                            {
                                                                "Worker Number": 3,
                                                                "Actual Startup Time": 0.035,
                                                                "Actual Total Time": 297.845,
                                                                "Actual Rows": 2244888,
                                                                "Actual Loops": 1
                                                            },
                                                            {
                                                                "Worker Number": 4,
                                                                "Actual Startup Time": 0.029,
                                                                "Actual Total Time": 298.125,
                                                                "Actual Rows": 2295679,
                                                                "Actual Loops": 1
                                                            },
                                                            {
                                                                "Worker Number": 5,
                                                                "Actual Startup Time": 0.034,
                                                                "Actual Total Time": 301.325,
                                                                "Actual Rows": 2260369,
                                                                "Actual Loops": 1
                                                            }
                                                        ]
                                                    },
                                                    {
                                                        "Node Type": "Hash",
                                                        "Parent Relationship": "Inner",
                                                        "Parallel Aware": true,
                                                        "Startup Cost": 43899.01,
                                                        "Total Cost": 43899.01,
                                                        "Plan Rows": 387530,
                                                        "Plan Width": 4,
                                                        "Actual Startup Time": 182.235,
                                                        "Actual Total Time": 182.236,
                                                        "Actual Rows": 221675,
                                                        "Actual Loops": 7,
                                                        "Output": [
                                                            "t.id"
                                                        ],
                                                        "Hash Buckets": 2097152,
                                                        "Original Hash Buckets": 2097152,
                                                        "Hash Batches": 1,
                                                        "Original Hash Batches": 1,
                                                        "Peak Memory Usage": 77216,
                                                        "Workers": [
                                                            {
                                                                "Worker Number": 0,
                                                                "Actual Startup Time": 183.683,
                                                                "Actual Total Time": 183.684,
                                                                "Actual Rows": 165871,
                                                                "Actual Loops": 1
                                                            },
                                                            {
                                                                "Worker Number": 1,
                                                                "Actual Startup Time": 183.754,
                                                                "Actual Total Time": 183.755,
                                                                "Actual Rows": 221907,
                                                                "Actual Loops": 1
                                                            },
                                                            {
                                                                "Worker Number": 2,
                                                                "Actual Startup Time": 183.836,
                                                                "Actual Total Time": 183.837,
                                                                "Actual Rows": 163194,
                                                                "Actual Loops": 1
                                                            },
                                                            {
                                                                "Worker Number": 3,
                                                                "Actual Startup Time": 183.835,
                                                                "Actual Total Time": 183.836,
                                                                "Actual Rows": 222746,
                                                                "Actual Loops": 1
                                                            },
                                                            {
                                                                "Worker Number": 4,
                                                                "Actual Startup Time": 183.667,
                                                                "Actual Total Time": 183.669,
                                                                "Actual Rows": 224021,
                                                                "Actual Loops": 1
                                                            },
                                                            {
                                                                "Worker Number": 5,
                                                                "Actual Startup Time": 183.812,
                                                                "Actual Total Time": 183.813,
                                                                "Actual Rows": 228401,
                                                                "Actual Loops": 1
                                                            }
                                                        ],
                                                        "Plans": [
                                                            {
                                                                "Node Type": "Seq Scan",
                                                                "Parent Relationship": "Outer",
                                                                "Parallel Aware": true,
                                                                "Relation Name": "title",
                                                                "Schema": "public",
                                                                "Alias": "t",
                                                                "Startup Cost": 0.0,
                                                                "Total Cost": 43899.01,
                                                                "Plan Rows": 387530,
                                                                "Plan Width": 4,
                                                                "Actual Startup Time": 0.076,
                                                                "Actual Total Time": 82.0,
                                                                "Actual Rows": 221675,
                                                                "Actual Loops": 7,
                                                                "Output": [
                                                                    "t.id"
                                                                ],
                                                                "Filter": "(t.production_year < 2007)",
                                                                "Rows Removed by Filter": 139512,
                                                                "Workers": [
                                                                    {
                                                                        "Worker Number": 0,
                                                                        "Actual Startup Time": 0.1,
                                                                        "Actual Total Time": 83.969,
                                                                        "Actual Rows": 165871,
                                                                        "Actual Loops": 1
                                                                    },
                                                                    {
                                                                        "Worker Number": 1,
                                                                        "Actual Startup Time": 0.09,
                                                                        "Actual Total Time": 84.139,
                                                                        "Actual Rows": 221907,
                                                                        "Actual Loops": 1
                                                                    },
                                                                    {
                                                                        "Worker Number": 2,
                                                                        "Actual Startup Time": 0.08,
                                                                        "Actual Total Time": 83.577,
                                                                        "Actual Rows": 163194,
                                                                        "Actual Loops": 1
                                                                    },
                                                                    {
                                                                        "Worker Number": 3,
                                                                        "Actual Startup Time": 0.072,
                                                                        "Actual Total Time": 83.722,
                                                                        "Actual Rows": 222746,
                                                                        "Actual Loops": 1
                                                                    },
                                                                    {
                                                                        "Worker Number": 4,
                                                                        "Actual Startup Time": 0.083,
                                                                        "Actual Total Time": 81.024,
                                                                        "Actual Rows": 224021,
                                                                        "Actual Loops": 1
                                                                    },
                                                                    {
                                                                        "Worker Number": 5,
                                                                        "Actual Startup Time": 0.083,
                                                                        "Actual Total Time": 84.804,
                                                                        "Actual Rows": 228401,
                                                                        "Actual Loops": 1
                                                                    }
                                                                ]
                                                            }
                                                        ]
                                                    }
                                                ]
                                            }
                                        ]
                                    }
                                ]
                            }
                        ]
                    }
                ]
            }
        ]
    },
    "Planning Time": 1.468,
    "Triggers": [],
    "Execution Time": 7943.631
}