{
  "Plan": {
    "Node Type": "Aggregate",
    "Strategy": "Plain",
    "Partial Mode": "Finalize",
    "Parallel Aware": false,
    "Startup Cost": 127628.35,
    "Total Cost": 127628.36,
    "Plan Rows": 1,
    "Plan Width": 8,
    "Actual Startup Time": 827.688,
    "Actual Total Time": 848.32,
    "Actual Rows": 1,
    "Actual Loops": 1,
    "Plans": [
      {
        "Node Type": "Gather",
        "Parent Relationship": "Outer",
        "Parallel Aware": false,
        "Startup Cost": 127628.23,
        "Total Cost": 127628.34,
        "Plan Rows": 1,
        "Plan Width": 8,
        "Actual Startup Time": 823.213,
        "Actual Total Time": 848.313,
        "Actual Rows": 2,
        "Actual Loops": 1,
        "Workers Planned": 1,
        "Workers Launched": 1,
        "Single Copy": false,
        "Plans": [
          {
            "Node Type": "Aggregate",
            "Strategy": "Plain",
            "Partial Mode": "Partial",
            "Parent Relationship": "Outer",
            "Parallel Aware": false,
            "Startup Cost": 126628.23,
            "Total Cost": 126628.24,
            "Plan Rows": 1,
            "Plan Width": 8,
            "Actual Startup Time": 810.287,
            "Actual Total Time": 810.29,
            "Actual Rows": 1,
            "Actual Loops": 2,
            "Plans": [
              {
                "Node Type": "Hash Join",
                "Parent Relationship": "Outer",
                "Parallel Aware": true,
                "Join Type": "Inner",
                "Startup Cost": 91433.8,
                "Total Cost": 125104.77,
                "Plan Rows": 609386,
                "Plan Width": 0,
                "Actual Startup Time": 583.262,
                "Actual Total Time": 788.166,
                "Actual Rows": 515134,
                "Actual Loops": 2,
                "Inner Unique": true,
                "Hash Cond": "(mk.movie_id = t.id)",
                "Plans": [
                  {
                    "Node Type": "Bitmap Heap Scan",
                    "Parent Relationship": "Outer",
                    "Parallel Aware": true,
                    "Relation Name": "movie_keyword",
                    "Alias": "mk",
                    "Startup Cost": 21973.1,
                    "Total Cost": 54044.43,
                    "Plan Rows": 609386,
                    "Plan Width": 4,
                    "Actual Startup Time": 55.609,
                    "Actual Total Time": 146.408,
                    "Actual Rows": 515134,
                    "Actual Loops": 2,
                    "Recheck Cond": "(keyword_id > 17222)",
                    "Rows Removed by Index Recheck": 0,
                    "Exact Heap Blocks": 13240,
                    "Lossy Heap Blocks": 0,
                    "Plans": [
                      {
                        "Node Type": "Bitmap Index Scan",
                        "Parent Relationship": "Outer",
                        "Parallel Aware": false,
                        "Index Name": "keyword_id_movie_keyword",
                        "Startup Cost": 0.0,
                        "Total Cost": 21714.11,
                        "Plan Rows": 1035957,
                        "Plan Width": 0,
                        "Actual Startup Time": 51.957,
                        "Actual Total Time": 51.958,
                        "Actual Rows": 1030269,
                        "Actual Loops": 1,
                        "Index Cond": "(keyword_id > 17222)"
                      }
                    ]
                  },
                  {
                    "Node Type": "Hash",
                    "Parent Relationship": "Inner",
                    "Parallel Aware": true,
                    "Startup Cost": 50870.31,
                    "Total Cost": 50870.31,
                    "Plan Rows": 1487231,
                    "Plan Width": 4,
                    "Actual Startup Time": 505.857,
                    "Actual Total Time": 505.857,
                    "Actual Rows": 1264156,
                    "Actual Loops": 2,
                    "Hash Buckets": 4194304,
                    "Original Hash Buckets": 4194304,
                    "Hash Batches": 1,
                    "Original Hash Batches": 1,
                    "Peak Memory Usage": 131712,
                    "Plans": [
                      {
                        "Node Type": "Seq Scan",
                        "Parent Relationship": "Outer",
                        "Parallel Aware": true,
                        "Relation Name": "title",
                        "Alias": "t",
                        "Startup Cost": 0.0,
                        "Total Cost": 50870.31,
                        "Plan Rows": 1487231,
                        "Plan Width": 4,
                        "Actual Startup Time": 0.025,
                        "Actual Total Time": 147.99,
                        "Actual Rows": 1264156,
                        "Actual Loops": 2
                      }
                    ]
                  }
                ]
              }
            ]
          }
        ]
      }
    ]
  },
  "Planning Time": 0.659,
  "Triggers": [],
  "Execution Time": 848.416
}