[
    {
        "Bao": {
            "Bao prediction": "NaN",
            "Bao recommended hint": "(no hint)"
        }
    },
    {
        "Plan": {
            "Node Type": "Aggregate",
            "Strategy": "Plain",
            "Partial Mode": "Finalize",
            "Parallel Aware": false,
            "Startup Cost": 332241.09,
            "Total Cost": 332241.1,
            "Plan Rows": 1,
            "Plan Width": 8,
            "Actual Startup Time": 285.089,
            "Actual Total Time": 294.06,
            "Actual Rows": 1,
            "Actual Loops": 1,
            "Output": [
                "count(*)"
            ],
            "Plans": [
                {
                    "Node Type": "Gather",
                    "Parent Relationship": "Outer",
                    "Parallel Aware": false,
                    "Startup Cost": 332240.46,
                    "Total Cost": 332241.07,
                    "Plan Rows": 6,
                    "Plan Width": 8,
                    "Actual Startup Time": 283.939,
                    "Actual Total Time": 294.036,
                    "Actual Rows": 7,
                    "Actual Loops": 1,
                    "Output": [
                        "(PARTIAL count(*))"
                    ],
                    "Workers Planned": 6,
                    "Workers Launched": 6,
                    "Single Copy": false,
                    "Plans": [
                        {
                            "Node Type": "Aggregate",
                            "Strategy": "Plain",
                            "Partial Mode": "Partial",
                            "Parent Relationship": "Outer",
                            "Parallel Aware": false,
                            "Startup Cost": 331240.46,
                            "Total Cost": 331240.47,
                            "Plan Rows": 1,
                            "Plan Width": 8,
                            "Actual Startup Time": 274.421,
                            "Actual Total Time": 274.423,
                            "Actual Rows": 1,
                            "Actual Loops": 7,
                            "Output": [
                                "PARTIAL count(*)"
                            ],
                            "Workers": [
                                {
                                    "Worker Number": 0,
                                    "Actual Startup Time": 271.294,
                                    "Actual Total Time": 271.295,
                                    "Actual Rows": 1,
                                    "Actual Loops": 1
                                },
                                {
                                    "Worker Number": 1,
                                    "Actual Startup Time": 271.658,
                                    "Actual Total Time": 271.66,
                                    "Actual Rows": 1,
                                    "Actual Loops": 1
                                },
                                {
                                    "Worker Number": 2,
                                    "Actual Startup Time": 277.128,
                                    "Actual Total Time": 277.13,
                                    "Actual Rows": 1,
                                    "Actual Loops": 1
                                },
                                {
                                    "Worker Number": 3,
                                    "Actual Startup Time": 272.132,
                                    "Actual Total Time": 272.134,
                                    "Actual Rows": 1,
                                    "Actual Loops": 1
                                },
                                {
                                    "Worker Number": 4,
                                    "Actual Startup Time": 272.466,
                                    "Actual Total Time": 272.468,
                                    "Actual Rows": 1,
                                    "Actual Loops": 1
                                },
                                {
                                    "Worker Number": 5,
                                    "Actual Startup Time": 272.961,
                                    "Actual Total Time": 272.962,
                                    "Actual Rows": 1,
                                    "Actual Loops": 1
                                }
                            ],
                            "Plans": [
                                {
                                    "Node Type": "Bitmap Heap Scan",
                                    "Parent Relationship": "Outer",
                                    "Parallel Aware": true,
                                    "Relation Name": "cast_info",
                                    "Schema": "public",
                                    "Alias": "ci",
                                    "Startup Cost": 70088.74,
                                    "Total Cost": 330771.3,
                                    "Plan Rows": 187665,
                                    "Plan Width": 0,
                                    "Actual Startup Time": 107.942,
                                    "Actual Total Time": 252.495,
                                    "Actual Rows": 333068,
                                    "Actual Loops": 7,
                                    "Recheck Cond": "(ci.person_id < 313165)",
                                    "Rows Removed by Index Recheck": 0,
                                    "Filter": "(ci.role_id = 1)",
                                    "Rows Removed by Filter": 129643,
                                    "Exact Heap Blocks": 8831,
                                    "Lossy Heap Blocks": 0,
                                    "Workers": [
                                        {
                                            "Worker Number": 0,
                                            "Actual Startup Time": 104.845,
                                            "Actual Total Time": 249.741,
                                            "Actual Rows": 279963,
                                            "Actual Loops": 1
                                        },
                                        {
                                            "Worker Number": 1,
                                            "Actual Startup Time": 105.583,
                                            "Actual Total Time": 249.995,
                                            "Actual Rows": 282145,
                                            "Actual Loops": 1
                                        },
                                        {
                                            "Worker Number": 2,
                                            "Actual Startup Time": 110.462,
                                            "Actual Total Time": 255.487,
                                            "Actual Rows": 322959,
                                            "Actual Loops": 1
                                        },
                                        {
                                            "Worker Number": 3,
                                            "Actual Startup Time": 105.688,
                                            "Actual Total Time": 250.522,
                                            "Actual Rows": 280280,
                                            "Actual Loops": 1
                                        },
                                        {
                                            "Worker Number": 4,
                                            "Actual Startup Time": 106.008,
                                            "Actual Total Time": 250.657,
                                            "Actual Rows": 283325,
                                            "Actual Loops": 1
                                        },
                                        {
                                            "Worker Number": 5,
                                            "Actual Startup Time": 106.563,
                                            "Actual Total Time": 250.976,
                                            "Actual Rows": 284098,
                                            "Actual Loops": 1
                                        }
                                    ],
                                    "Plans": [
                                        {
                                            "Node Type": "Bitmap Index Scan",
                                            "Parent Relationship": "Outer",
                                            "Parallel Aware": false,
                                            "Index Name": "person_id_cast_info",
                                            "Startup Cost": 0.0,
                                            "Total Cost": 69807.24,
                                            "Plan Rows": 3198224,
                                            "Plan Width": 0,
                                            "Actual Startup Time": 111.093,
                                            "Actual Total Time": 111.094,
                                            "Actual Rows": 3238976,
                                            "Actual Loops": 1,
                                            "Index Cond": "(ci.person_id < 313165)"
                                        }
                                    ]
                                }
                            ]
                        }
                    ]
                }
            ]
        },
        "Planning Time": 179.412,
        "Triggers": [],
        "Execution Time": 294.161
    }
]