{
  "Plan": {
    "Node Type": "Aggregate",
    "Strategy": "Plain",
    "Partial Mode": "Finalize",
    "Parallel Aware": false,
    "Startup Cost": 339510.48,
    "Total Cost": 339510.49,
    "Plan Rows": 1,
    "Plan Width": 8,
    "Actual Startup Time": 1341.023,
    "Actual Total Time": 1360.477,
    "Actual Rows": 1,
    "Actual Loops": 1,
    "Plans": [
      {
        "Node Type": "Gather",
        "Parent Relationship": "Outer",
        "Parallel Aware": false,
        "Startup Cost": 339510.37,
        "Total Cost": 339510.48,
        "Plan Rows": 1,
        "Plan Width": 8,
        "Actual Startup Time": 1337.038,
        "Actual Total Time": 1360.468,
        "Actual Rows": 2,
        "Actual Loops": 1,
        "Workers Planned": 1,
        "Workers Launched": 1,
        "Single Copy": false,
        "Plans": [
          {
            "Node Type": "Aggregate",
            "Strategy": "Plain",
            "Partial Mode": "Partial",
            "Parent Relationship": "Outer",
            "Parallel Aware": false,
            "Startup Cost": 338510.37,
            "Total Cost": 338510.38,
            "Plan Rows": 1,
            "Plan Width": 8,
            "Actual Startup Time": 1330.928,
            "Actual Total Time": 1331.22,
            "Actual Rows": 1,
            "Actual Loops": 2,
            "Plans": [
              {
                "Node Type": "Hash Join",
                "Parent Relationship": "Outer",
                "Parallel Aware": true,
                "Join Type": "Inner",
                "Startup Cost": 270246.07,
                "Total Cost": 336357.13,
                "Plan Rows": 861298,
                "Plan Width": 0,
                "Actual Startup Time": 695.3,
                "Actual Total Time": 1215.863,
                "Actual Rows": 2927896,
                "Actual Loops": 2,
                "Inner Unique": false,
                "Hash Cond": "(mk.movie_id = t.id)",
                "Plans": [
                  {
                    "Node Type": "Seq Scan",
                    "Parent Relationship": "Outer",
                    "Parallel Aware": true,
                    "Relation Name": "movie_keyword",
                    "Alias": "mk",
                    "Startup Cost": 0.0,
                    "Total Cost": 51065.35,
                    "Plan Rows": 2661135,
                    "Plan Width": 4,
                    "Actual Startup Time": 0.016,
                    "Actual Total Time": 151.127,
                    "Actual Rows": 2261965,
                    "Actual Loops": 2
                  },
                  {
                    "Node Type": "Hash",
                    "Parent Relationship": "Inner",
                    "Parallel Aware": true,
                    "Startup Cost": 264229.14,
                    "Total Cost": 264229.14,
                    "Plan Rows": 481354,
                    "Plan Width": 8,
                    "Actual Startup Time": 685.876,
                    "Actual Total Time": 686.166,
                    "Actual Rows": 150898,
                    "Actual Loops": 2,
                    "Hash Buckets": 1048576,
                    "Original Hash Buckets": 1048576,
                    "Hash Batches": 1,
                    "Original Hash Batches": 1,
                    "Peak Memory Usage": 20000,
                    "Plans": [
                      {
                        "Node Type": "Hash Join",
                        "Parent Relationship": "Outer",
                        "Parallel Aware": true,
                        "Join Type": "Inner",
                        "Startup Cost": 90266.81,
                        "Total Cost": 264229.14,
                        "Plan Rows": 481354,
                        "Plan Width": 8,
                        "Actual Startup Time": 455.267,
                        "Actual Total Time": 649.823,
                        "Actual Rows": 150898,
                        "Actual Loops": 2,
                        "Inner Unique": true,
                        "Hash Cond": "(mi.movie_id = t.id)",
                        "Plans": [
                          {
                            "Node Type": "Bitmap Heap Scan",
                            "Parent Relationship": "Outer",
                            "Parallel Aware": true,
                            "Relation Name": "movie_info",
                            "Alias": "mi",
                            "Startup Cost": 24370.61,
                            "Total Cost": 196255.62,
                            "Plan Rows": 791361,
                            "Plan Width": 4,
                            "Actual Startup Time": 70.609,
                            "Actual Total Time": 137.281,
                            "Actual Rows": 700951,
                            "Actual Loops": 2,
                            "Recheck Cond": "(info_type_id = 7)",
                            "Rows Removed by Index Recheck": 0,
                            "Exact Heap Blocks": 5398,
                            "Lossy Heap Blocks": 0,
                            "Plans": [
                              {
                                "Node Type": "Bitmap Index Scan",
                                "Parent Relationship": "Outer",
                                "Parallel Aware": false,
                                "Index Name": "info_type_id_movie_info",
                                "Startup Cost": 0.0,
                                "Total Cost": 24034.28,
                                "Plan Rows": 1345313,
                                "Plan Width": 0,
                                "Actual Startup Time": 69.111,
                                "Actual Total Time": 69.111,
                                "Actual Rows": 1401902,
                                "Actual Loops": 1,
                                "Index Cond": "(info_type_id = 7)"
                              }
                            ]
                          },
                          {
                            "Node Type": "Hash",
                            "Parent Relationship": "Inner",
                            "Parallel Aware": true,
                            "Startup Cost": 54588.39,
                            "Total Cost": 54588.39,
                            "Plan Rows": 904625,
                            "Plan Width": 4,
                            "Actual Startup Time": 375.153,
                            "Actual Total Time": 375.153,
                            "Actual Rows": 765806,
                            "Actual Loops": 2,
                            "Hash Buckets": 2097152,
                            "Original Hash Buckets": 2097152,
                            "Hash Batches": 1,
                            "Original Hash Batches": 1,
                            "Peak Memory Usage": 76352,
                            "Plans": [
                              {
                                "Node Type": "Seq Scan",
                                "Parent Relationship": "Outer",
                                "Parallel Aware": true,
                                "Relation Name": "title",
                                "Alias": "t",
                                "Startup Cost": 0.0,
                                "Total Cost": 54588.39,
                                "Plan Rows": 904625,
                                "Plan Width": 4,
                                "Actual Startup Time": 0.034,
                                "Actual Total Time": 171.979,
                                "Actual Rows": 765806,
                                "Actual Loops": 2,
                                "Filter": "(production_year > 1997)",
                                "Rows Removed by Filter": 498350
                              }
                            ]
                          }
                        ]
                      }
                    ]
                  }
                ]
              }
            ]
          }
        ]
      }
    ]
  },
  "Planning Time": 1.037,
  "Triggers": [],
  "Execution Time": 1360.623
}