[
  {
    "Plan": {
      "Node Type": "Aggregate",
      "Strategy": "Plain",
      "Partial Mode": "Finalize",
      "Parallel Aware": false,
      "Startup Cost": 345387.5,
      "Total Cost": 345387.51,
      "Plan Rows": 1,
      "Plan Width": 8,
      "Actual Startup Time": 634.121,
      "Actual Total Time": 691.878,
      "Actual Rows": 1,
      "Actual Loops": 1,
      "Plans": [
        {
          "Node Type": "Gather",
          "Parent Relationship": "Outer",
          "Parallel Aware": false,
          "Startup Cost": 345386.88,
          "Total Cost": 345387.49,
          "Plan Rows": 6,
          "Plan Width": 8,
          "Actual Startup Time": 634.005,
          "Actual Total Time": 691.867,
          "Actual Rows": 7,
          "Actual Loops": 1,
          "Workers Planned": 6,
          "Workers Launched": 6,
          "Single Copy": false,
          "Plans": [
            {
              "Node Type": "Aggregate",
              "Strategy": "Plain",
              "Partial Mode": "Partial",
              "Parent Relationship": "Outer",
              "Parallel Aware": false,
              "Startup Cost": 344386.88,
              "Total Cost": 344386.89,
              "Plan Rows": 1,
              "Plan Width": 8,
              "Actual Startup Time": 624.457,
              "Actual Total Time": 624.459,
              "Actual Rows": 1,
              "Actual Loops": 7,
              "Plans": [
                {
                  "Node Type": "Seq Scan",
                  "Parent Relationship": "Outer",
                  "Parallel Aware": true,
                  "Relation Name": "cast_info",
                  "Alias": "ci",
                  "Startup Cost": 0.0,
                  "Total Cost": 343257.03,
                  "Plan Rows": 451940,
                  "Plan Width": 0,
                  "Actual Startup Time": 230.093,
                  "Actual Total Time": 616.468,
                  "Actual Rows": 168926,
                  "Actual Loops": 7,
                  "Filter": "((person_id < 409770) AND (role_id > 1))",
                  "Rows Removed by Filter": 5008837
                }
              ]
            }
          ]
        }
      ]
    },
    "Planning Time": 0.23,
    "Triggers": [],
    "Execution Time": 691.95
  }
]