[
  {
    "Bao": {
      "Bao prediction": 710.08,
      "Bao recommended hint": "SET enable_nestloop TO off; "
    }
  },
  {
    "Plan": {
      "Node Type": "Aggregate",
      "Strategy": "Plain",
      "Partial Mode": "Finalize",
      "Parallel Aware": false,
      "Startup Cost": 309660.1,
      "Total Cost": 309660.11,
      "Plan Rows": 1,
      "Plan Width": 32,
      "Actual Startup Time": 1562.577,
      "Actual Total Time": 1646.399,
      "Actual Rows": 1,
      "Actual Loops": 1,
      "Plans": [
        {
          "Node Type": "Gather",
          "Parent Relationship": "Outer",
          "Parallel Aware": false,
          "Startup Cost": 309659.68,
          "Total Cost": 309660.09,
          "Plan Rows": 4,
          "Plan Width": 32,
          "Actual Startup Time": 1561.356,
          "Actual Total Time": 1646.383,
          "Actual Rows": 5,
          "Actual Loops": 1,
          "Workers Planned": 4,
          "Workers Launched": 4,
          "Single Copy": false,
          "Plans": [
            {
              "Node Type": "Aggregate",
              "Strategy": "Plain",
              "Partial Mode": "Partial",
              "Parent Relationship": "Outer",
              "Parallel Aware": false,
              "Startup Cost": 308659.68,
              "Total Cost": 308659.69,
              "Plan Rows": 1,
              "Plan Width": 32,
              "Actual Startup Time": 1548.311,
              "Actual Total Time": 1548.355,
              "Actual Rows": 1,
              "Actual Loops": 5,
              "Plans": [
                {
                  "Node Type": "Hash Join",
                  "Parent Relationship": "Outer",
                  "Parallel Aware": true,
                  "Join Type": "Inner",
                  "Startup Cost": 271690.12,
                  "Total Cost": 308659.67,
                  "Plan Rows": 4,
                  "Plan Width": 17,
                  "Actual Startup Time": 1496.619,
                  "Actual Total Time": 1548.314,
                  "Actual Rows": 42,
                  "Actual Loops": 5,
                  "Inner Unique": false,
                  "Hash Cond": "(t.id = mi.movie_id)",
                  "Plans": [
                    {
                      "Node Type": "Bitmap Heap Scan",
                      "Parent Relationship": "Outer",
                      "Parallel Aware": true,
                      "Relation Name": "title",
                      "Alias": "t",
                      "Startup Cost": 4481.83,
                      "Total Cost": 41227.16,
                      "Plan Rows": 59787,
                      "Plan Width": 21,
                      "Actual Startup Time": 38.076,
                      "Actual Total Time": 150.433,
                      "Actual Rows": 48280,
                      "Actual Loops": 5,
                      "Recheck Cond": "(production_year < 1960)",
                      "Rows Removed by Index Recheck": 0,
                      "Exact Heap Blocks": 6297,
                      "Lossy Heap Blocks": 0,
                      "Plans": [
                        {
                          "Node Type": "Bitmap Index Scan",
                          "Parent Relationship": "Outer",
                          "Parallel Aware": false,
                          "Index Name": "idx_title_production_year",
                          "Startup Cost": 0.0,
                          "Total Cost": 4422.04,
                          "Plan Rows": 239148,
                          "Plan Width": 0,
                          "Actual Startup Time": 29.606,
                          "Actual Total Time": 29.607,
                          "Actual Rows": 241400,
                          "Actual Loops": 1,
                          "Index Cond": "(production_year < 1960)"
                        }
                      ]
                    },
                    {
                      "Node Type": "Hash",
                      "Parent Relationship": "Inner",
                      "Parallel Aware": true,
                      "Startup Cost": 267207.87,
                      "Total Cost": 267207.87,
                      "Plan Rows": 34,
                      "Plan Width": 8,
                      "Actual Startup Time": 1385.829,
                      "Actual Total Time": 1385.869,
                      "Actual Rows": 353,
                      "Actual Loops": 5,
                      "Hash Buckets": 1024,
                      "Original Hash Buckets": 1024,
                      "Hash Batches": 1,
                      "Original Hash Batches": 1,
                      "Peak Memory Usage": 168,
                      "Plans": [
                        {
                          "Node Type": "Hash Join",
                          "Parent Relationship": "Outer",
                          "Parallel Aware": true,
                          "Join Type": "Inner",
                          "Startup Cost": 45506.24,
                          "Total Cost": 267207.87,
                          "Plan Rows": 34,
                          "Plan Width": 8,
                          "Actual Startup Time": 339.323,
                          "Actual Total Time": 1385.181,
                          "Actual Rows": 353,
                          "Actual Loops": 5,
                          "Inner Unique": false,
                          "Hash Cond": "(mi.movie_id = mk.movie_id)",
                          "Plans": [
                            {
                              "Node Type": "Seq Scan",
                              "Parent Relationship": "Outer",
                              "Parallel Aware": true,
                              "Relation Name": "movie_info",
                              "Alias": "mi",
                              "Startup Cost": 0.0,
                              "Total Cost": 221496.33,
                              "Plan Rows": 27358,
                              "Plan Width": 4,
                              "Actual Startup Time": 0.465,
                              "Actual Total Time": 1044.413,
                              "Actual Rows": 30779,
                              "Actual Loops": 5,
                              "Filter": "(info = ANY ('{Sweden,Norway,Germany,Denmark,Swedish,Denish,Norwegian,German}'::text[]))",
                              "Rows Removed by Filter": 2936365
                            },
                            {
                              "Node Type": "Hash",
                              "Parent Relationship": "Inner",
                              "Parallel Aware": true,
                              "Startup Cost": 45504.48,
                              "Total Cost": 45504.48,
                              "Plan Rows": 141,
                              "Plan Width": 4,
                              "Actual Startup Time": 332.141,
                              "Actual Total Time": 332.176,
                              "Actual Rows": 2590,
                              "Actual Loops": 5,
                              "Hash Buckets": 16384,
                              "Original Hash Buckets": 1024,
                              "Hash Batches": 1,
                              "Original Hash Batches": 1,
                              "Peak Memory Usage": 888,
                              "Plans": [
                                {
                                  "Node Type": "Hash Join",
                                  "Parent Relationship": "Outer",
                                  "Parallel Aware": false,
                                  "Join Type": "Inner",
                                  "Startup Cost": 2626.29,
                                  "Total Cost": 45504.48,
                                  "Plan Rows": 141,
                                  "Plan Width": 4,
                                  "Actual Startup Time": 40.012,
                                  "Actual Total Time": 266.995,
                                  "Actual Rows": 2590,
                                  "Actual Loops": 5,
                                  "Inner Unique": true,
                                  "Hash Cond": "(mk.keyword_id = k.id)",
                                  "Plans": [
                                    {
                                      "Node Type": "Seq Scan",
                                      "Parent Relationship": "Outer",
                                      "Parallel Aware": true,
                                      "Relation Name": "movie_keyword",
                                      "Alias": "mk",
                                      "Startup Cost": 0.0,
                                      "Total Cost": 39047.32,
                                      "Plan Rows": 1459332,
                                      "Plan Width": 8,
                                      "Actual Startup Time": 0.042,
                                      "Actual Total Time": 133.3,
                                      "Actual Rows": 904786,
                                      "Actual Loops": 5
                                    },
                                    {
                                      "Node Type": "Hash",
                                      "Parent Relationship": "Inner",
                                      "Parallel Aware": false,
                                      "Startup Cost": 2626.12,
                                      "Total Cost": 2626.12,
                                      "Plan Rows": 13,
                                      "Plan Width": 4,
                                      "Actual Startup Time": 38.195,
                                      "Actual Total Time": 38.197,
                                      "Actual Rows": 30,
                                      "Actual Loops": 5,
                                      "Hash Buckets": 1024,
                                      "Original Hash Buckets": 1024,
                                      "Hash Batches": 1,
                                      "Original Hash Batches": 1,
                                      "Peak Memory Usage": 10,
                                      "Plans": [
                                        {
                                          "Node Type": "Seq Scan",
                                          "Parent Relationship": "Outer",
                                          "Parallel Aware": false,
                                          "Relation Name": "keyword",
                                          "Alias": "k",
                                          "Startup Cost": 0.0,
                                          "Total Cost": 2626.12,
                                          "Plan Rows": 13,
                                          "Plan Width": 4,
                                          "Actual Startup Time": 3.187,
                                          "Actual Total Time": 38.123,
                                          "Actual Rows": 30,
                                          "Actual Loops": 5,
                                          "Filter": "(keyword ~~ '%sequel%'::text)",
                                          "Rows Removed by Filter": 134140
                                        }
                                      ]
                                    }
                                  ]
                                }
                              ]
                            }
                          ]
                        }
                      ]
                    }
                  ]
                }
              ]
            }
          ]
        }
      ]
    },
    "Planning Time": 387.852,
    "Triggers": [],
    "Execution Time": 1646.897
  }
]