[
  {
    "Plan": {
      "Node Type": "Aggregate",
      "Strategy": "Plain",
      "Partial Mode": "Finalize",
      "Parallel Aware": false,
      "Startup Cost": 82579.1,
      "Total Cost": 82579.11,
      "Plan Rows": 1,
      "Plan Width": 8,
      "Actual Startup Time": 398.587,
      "Actual Total Time": 414.724,
      "Actual Rows": 1,
      "Actual Loops": 1,
      "Plans": [
        {
          "Node Type": "Gather",
          "Parent Relationship": "Outer",
          "Parallel Aware": false,
          "Startup Cost": 82578.79,
          "Total Cost": 82579.1,
          "Plan Rows": 3,
          "Plan Width": 8,
          "Actual Startup Time": 393.067,
          "Actual Total Time": 414.717,
          "Actual Rows": 4,
          "Actual Loops": 1,
          "Workers Planned": 3,
          "Workers Launched": 3,
          "Single Copy": false,
          "Plans": [
            {
              "Node Type": "Aggregate",
              "Strategy": "Plain",
              "Partial Mode": "Partial",
              "Parent Relationship": "Outer",
              "Parallel Aware": false,
              "Startup Cost": 81578.79,
              "Total Cost": 81578.8,
              "Plan Rows": 1,
              "Plan Width": 8,
              "Actual Startup Time": 385.503,
              "Actual Total Time": 385.507,
              "Actual Rows": 1,
              "Actual Loops": 4,
              "Plans": [
                {
                  "Node Type": "Hash Join",
                  "Parent Relationship": "Outer",
                  "Parallel Aware": true,
                  "Join Type": "Inner",
                  "Startup Cost": 49416.11,
                  "Total Cost": 81338.13,
                  "Plan Rows": 96264,
                  "Plan Width": 0,
                  "Actual Startup Time": 275.944,
                  "Actual Total Time": 383.438,
                  "Actual Rows": 39825,
                  "Actual Loops": 4,
                  "Inner Unique": true,
                  "Hash Cond": "(mc.movie_id = t.id)",
                  "Plans": [
                    {
                      "Node Type": "Seq Scan",
                      "Parent Relationship": "Outer",
                      "Parallel Aware": true,
                      "Relation Name": "movie_companies",
                      "Alias": "mc",
                      "Startup Cost": 0.0,
                      "Total Cost": 31414.82,
                      "Plan Rows": 193218,
                      "Plan Width": 4,
                      "Actual Startup Time": 34.936,
                      "Actual Total Time": 76.26,
                      "Actual Rows": 218094,
                      "Actual Loops": 4,
                      "Filter": "((company_id > 12934) AND (company_type_id > 1))",
                      "Rows Removed by Filter": 434189
                    },
                    {
                      "Node Type": "Hash",
                      "Parent Relationship": "Inner",
                      "Parallel Aware": true,
                      "Startup Cost": 45479.59,
                      "Total Cost": 45479.59,
                      "Plan Rows": 314922,
                      "Plan Width": 4,
                      "Actual Startup Time": 236.493,
                      "Actual Total Time": 236.494,
                      "Actual Rows": 305384,
                      "Actual Loops": 4,
                      "Hash Buckets": 2097152,
                      "Original Hash Buckets": 2097152,
                      "Hash Batches": 1,
                      "Original Hash Batches": 1,
                      "Peak Memory Usage": 64224,
                      "Plans": [
                        {
                          "Node Type": "Seq Scan",
                          "Parent Relationship": "Outer",
                          "Parallel Aware": true,
                          "Relation Name": "title",
                          "Alias": "t",
                          "Startup Cost": 0.0,
                          "Total Cost": 45479.59,
                          "Plan Rows": 314922,
                          "Plan Width": 4,
                          "Actual Startup Time": 0.046,
                          "Actual Total Time": 117.986,
                          "Actual Rows": 305384,
                          "Actual Loops": 4,
                          "Filter": "((production_year < 2011) AND (kind_id = 7))",
                          "Rows Removed by Filter": 326694
                        }
                      ]
                    }
                  ]
                }
              ]
            }
          ]
        }
      ]
    },
    "Planning Time": 0.246,
    "Triggers": [],
    "Execution Time": 414.759
  }
]