{
  "Plan": {
    "Node Type": "Aggregate",
    "Strategy": "Plain",
    "Partial Mode": "Finalize",
    "Parallel Aware": false,
    "Startup Cost": 80465.6,
    "Total Cost": 80465.61,
    "Plan Rows": 1,
    "Plan Width": 8,
    "Actual Startup Time": 159.46,
    "Actual Total Time": 176.634,
    "Actual Rows": 1,
    "Actual Loops": 1,
    "Plans": [
      {
        "Node Type": "Gather",
        "Parent Relationship": "Outer",
        "Parallel Aware": false,
        "Startup Cost": 80465.49,
        "Total Cost": 80465.6,
        "Plan Rows": 1,
        "Plan Width": 8,
        "Actual Startup Time": 159.339,
        "Actual Total Time": 176.626,
        "Actual Rows": 2,
        "Actual Loops": 1,
        "Workers Planned": 1,
        "Workers Launched": 1,
        "Single Copy": false,
        "Plans": [
          {
            "Node Type": "Aggregate",
            "Strategy": "Plain",
            "Partial Mode": "Partial",
            "Parent Relationship": "Outer",
            "Parallel Aware": false,
            "Startup Cost": 79465.49,
            "Total Cost": 79465.5,
            "Plan Rows": 1,
            "Plan Width": 8,
            "Actual Startup Time": 153.413,
            "Actual Total Time": 153.415,
            "Actual Rows": 1,
            "Actual Loops": 2,
            "Plans": [
              {
                "Node Type": "Nested Loop",
                "Parent Relationship": "Outer",
                "Parallel Aware": false,
                "Join Type": "Inner",
                "Startup Cost": 0.87,
                "Total Cost": 79413.62,
                "Plan Rows": 20748,
                "Plan Width": 0,
                "Actual Startup Time": 91.142,
                "Actual Total Time": 153.142,
                "Actual Rows": 4166,
                "Actual Loops": 2,
                "Inner Unique": false,
                "Join Filter": "(t.id = mi.movie_id)",
                "Rows Removed by Join Filter": 0,
                "Plans": [
                  {
                    "Node Type": "Nested Loop",
                    "Parent Relationship": "Outer",
                    "Parallel Aware": false,
                    "Join Type": "Inner",
                    "Startup Cost": 0.43,
                    "Total Cost": 72721.55,
                    "Plan Rows": 3548,
                    "Plan Width": 8,
                    "Actual Startup Time": 91.07,
                    "Actual Total Time": 145.845,
                    "Actual Rows": 321,
                    "Actual Loops": 2,
                    "Inner Unique": false,
                    "Plans": [
                      {
                        "Node Type": "Seq Scan",
                        "Parent Relationship": "Outer",
                        "Parallel Aware": true,
                        "Relation Name": "title",
                        "Alias": "t",
                        "Startup Cost": 0.0,
                        "Total Cost": 54588.39,
                        "Plan Rows": 1983,
                        "Plan Width": 4,
                        "Actual Startup Time": 90.49,
                        "Actual Total Time": 135.287,
                        "Actual Rows": 1708,
                        "Actual Loops": 2,
                        "Filter": "(production_year = 1909)",
                        "Rows Removed by Filter": 1262448
                      },
                      {
                        "Node Type": "Index Only Scan",
                        "Parent Relationship": "Inner",
                        "Parallel Aware": false,
                        "Scan Direction": "Forward",
                        "Index Name": "movie_id_movie_keyword",
                        "Relation Name": "movie_keyword",
                        "Alias": "mk",
                        "Startup Cost": 0.43,
                        "Total Cost": 8.69,
                        "Plan Rows": 45,
                        "Plan Width": 4,
                        "Actual Startup Time": 0.006,
                        "Actual Total Time": 0.006,
                        "Actual Rows": 0,
                        "Actual Loops": 3417,
                        "Index Cond": "(movie_id = t.id)",
                        "Rows Removed by Index Recheck": 0,
                        "Heap Fetches": 642
                      }
                    ]
                  },
                  {
                    "Node Type": "Index Only Scan",
                    "Parent Relationship": "Inner",
                    "Parallel Aware": false,
                    "Scan Direction": "Forward",
                    "Index Name": "movie_id_movie_info",
                    "Relation Name": "movie_info",
                    "Alias": "mi",
                    "Startup Cost": 0.43,
                    "Total Cost": 1.36,
                    "Plan Rows": 42,
                    "Plan Width": 4,
                    "Actual Startup Time": 0.007,
                    "Actual Total Time": 0.021,
                    "Actual Rows": 13,
                    "Actual Loops": 642,
                    "Index Cond": "(movie_id = mk.movie_id)",
                    "Rows Removed by Index Recheck": 0,
                    "Heap Fetches": 8331
                  }
                ]
              }
            ]
          }
        ]
      }
    ]
  },
  "Planning Time": 0.391,
  "Triggers": [],
  "Execution Time": 176.682
}