[
  {
    "Plan": {
      "Node Type": "Aggregate",
      "Strategy": "Plain",
      "Partial Mode": "Finalize",
      "Parallel Aware": false,
      "Startup Cost": 75747.17,
      "Total Cost": 75747.18,
      "Plan Rows": 1,
      "Plan Width": 8,
      "Actual Startup Time": 187.956,
      "Actual Total Time": 203.168,
      "Actual Rows": 1,
      "Actual Loops": 1,
      "Plans": [
        {
          "Node Type": "Gather",
          "Parent Relationship": "Outer",
          "Parallel Aware": false,
          "Startup Cost": 75746.75,
          "Total Cost": 75747.16,
          "Plan Rows": 4,
          "Plan Width": 8,
          "Actual Startup Time": 186.451,
          "Actual Total Time": 203.16,
          "Actual Rows": 5,
          "Actual Loops": 1,
          "Workers Planned": 4,
          "Workers Launched": 4,
          "Single Copy": false,
          "Plans": [
            {
              "Node Type": "Aggregate",
              "Strategy": "Plain",
              "Partial Mode": "Partial",
              "Parent Relationship": "Outer",
              "Parallel Aware": false,
              "Startup Cost": 74746.75,
              "Total Cost": 74746.76,
              "Plan Rows": 1,
              "Plan Width": 8,
              "Actual Startup Time": 176.15,
              "Actual Total Time": 176.199,
              "Actual Rows": 1,
              "Actual Loops": 5,
              "Plans": [
                {
                  "Node Type": "Nested Loop",
                  "Parent Relationship": "Outer",
                  "Parallel Aware": false,
                  "Join Type": "Inner",
                  "Startup Cost": 24722.23,
                  "Total Cost": 74738.24,
                  "Plan Rows": 3403,
                  "Plan Width": 0,
                  "Actual Startup Time": 140.07,
                  "Actual Total Time": 176.035,
                  "Actual Rows": 1995,
                  "Actual Loops": 5,
                  "Inner Unique": false,
                  "Plans": [
                    {
                      "Node Type": "Hash Join",
                      "Parent Relationship": "Outer",
                      "Parallel Aware": true,
                      "Join Type": "Inner",
                      "Startup Cost": 24721.8,
                      "Total Cost": 70965.16,
                      "Plan Rows": 6234,
                      "Plan Width": 8,
                      "Actual Startup Time": 139.914,
                      "Actual Total Time": 167.112,
                      "Actual Rows": 1209,
                      "Actual Loops": 5,
                      "Inner Unique": false,
                      "Hash Cond": "(t.id = mc.movie_id)",
                      "Plans": [
                        {
                          "Node Type": "Seq Scan",
                          "Parent Relationship": "Outer",
                          "Parallel Aware": true,
                          "Relation Name": "title",
                          "Alias": "t",
                          "Startup Cost": 0.0,
                          "Total Cost": 45479.1,
                          "Plan Rows": 148830,
                          "Plan Width": 4,
                          "Actual Startup Time": 0.019,
                          "Actual Total Time": 75.975,
                          "Actual Rows": 94216,
                          "Actual Loops": 5,
                          "Filter": "((kind_id > 1) AND (production_year < 1995))",
                          "Rows Removed by Filter": 411447
                        },
                        {
                          "Node Type": "Hash",
                          "Parent Relationship": "Inner",
                          "Parallel Aware": true,
                          "Startup Cost": 24294.74,
                          "Total Cost": 24294.74,
                          "Plan Rows": 34165,
                          "Plan Width": 4,
                          "Actual Startup Time": 66.052,
                          "Actual Total Time": 66.053,
                          "Actual Rows": 40679,
                          "Actual Loops": 5,
                          "Hash Buckets": 262144,
                          "Original Hash Buckets": 131072,
                          "Hash Batches": 1,
                          "Original Hash Batches": 1,
                          "Peak Memory Usage": 11104,
                          "Plans": [
                            {
                              "Node Type": "Bitmap Heap Scan",
                              "Parent Relationship": "Outer",
                              "Parallel Aware": true,
                              "Relation Name": "movie_companies",
                              "Alias": "mc",
                              "Startup Cost": 4495.39,
                              "Total Cost": 24294.74,
                              "Plan Rows": 34165,
                              "Plan Width": 4,
                              "Actual Startup Time": 17.187,
                              "Actual Total Time": 42.941,
                              "Actual Rows": 40679,
                              "Actual Loops": 5,
                              "Recheck Cond": "(company_id > 112451)",
                              "Rows Removed by Index Recheck": 0,
                              "Filter": "(company_type_id > 1)",
                              "Rows Removed by Filter": 0,
                              "Exact Heap Blocks": 1759,
                              "Lossy Heap Blocks": 0,
                              "Plans": [
                                {
                                  "Node Type": "Bitmap Index Scan",
                                  "Parent Relationship": "Outer",
                                  "Parallel Aware": false,
                                  "Index Name": "company_id_movie_companies",
                                  "Startup Cost": 0.0,
                                  "Total Cost": 4468.91,
                                  "Plan Rows": 208598,
                                  "Plan Width": 0,
                                  "Actual Startup Time": 20.749,
                                  "Actual Total Time": 20.749,
                                  "Actual Rows": 203393,
                                  "Actual Loops": 1,
                                  "Index Cond": "(company_id > 112451)"
                                }
                              ]
                            }
                          ]
                        }
                      ]
                    },
                    {
                      "Node Type": "Index Only Scan",
                      "Parent Relationship": "Inner",
                      "Parallel Aware": false,
                      "Scan Direction": "Forward",
                      "Index Name": "movie_id_movie_info_idx",
                      "Relation Name": "movie_info_idx",
                      "Alias": "mi_idx",
                      "Startup Cost": 0.43,
                      "Total Cost": 0.58,
                      "Plan Rows": 3,
                      "Plan Width": 4,
                      "Actual Startup Time": 0.006,
                      "Actual Total Time": 0.007,
                      "Actual Rows": 2,
                      "Actual Loops": 6047,
                      "Index Cond": "(movie_id = t.id)",
                      "Rows Removed by Index Recheck": 0,
                      "Heap Fetches": 9975
                    }
                  ]
                }
              ]
            }
          ]
        }
      ]
    },
    "Planning Time": 1.425,
    "Triggers": [],
    "Execution Time": 203.324
  }
]