[
  {
    "Plan": {
      "Node Type": "Aggregate",
      "Strategy": "Plain",
      "Partial Mode": "Finalize",
      "Parallel Aware": false,
      "Startup Cost": 32867.89,
      "Total Cost": 32867.9,
      "Plan Rows": 1,
      "Plan Width": 8,
      "Actual Startup Time": 98.909,
      "Actual Total Time": 106.865,
      "Actual Rows": 1,
      "Actual Loops": 1,
      "Plans": [
        {
          "Node Type": "Gather",
          "Parent Relationship": "Outer",
          "Parallel Aware": false,
          "Startup Cost": 32867.58,
          "Total Cost": 32867.89,
          "Plan Rows": 3,
          "Plan Width": 8,
          "Actual Startup Time": 98.798,
          "Actual Total Time": 106.856,
          "Actual Rows": 4,
          "Actual Loops": 1,
          "Workers Planned": 3,
          "Workers Launched": 3,
          "Single Copy": false,
          "Plans": [
            {
              "Node Type": "Aggregate",
              "Strategy": "Plain",
              "Partial Mode": "Partial",
              "Parent Relationship": "Outer",
              "Parallel Aware": false,
              "Startup Cost": 31867.58,
              "Total Cost": 31867.59,
              "Plan Rows": 1,
              "Plan Width": 8,
              "Actual Startup Time": 90.168,
              "Actual Total Time": 90.169,
              "Actual Rows": 1,
              "Actual Loops": 4,
              "Plans": [
                {
                  "Node Type": "Seq Scan",
                  "Parent Relationship": "Outer",
                  "Parallel Aware": true,
                  "Relation Name": "movie_companies",
                  "Alias": "mc",
                  "Startup Cost": 0.0,
                  "Total Cost": 31414.82,
                  "Plan Rows": 181103,
                  "Plan Width": 0,
                  "Actual Startup Time": 48.492,
                  "Actual Total Time": 81.717,
                  "Actual Rows": 214377,
                  "Actual Loops": 4,
                  "Filter": "((company_id > 13913) AND (company_type_id > 1))",
                  "Rows Removed by Filter": 437905
                }
              ]
            }
          ]
        }
      ]
    },
    "Planning Time": 0.191,
    "Triggers": [],
    "Execution Time": 106.925
  }
]