{
  "Plan": {
    "Node Type": "Aggregate",
    "Strategy": "Plain",
    "Partial Mode": "Finalize",
    "Parallel Aware": false,
    "Startup Cost": 123177.75,
    "Total Cost": 123177.76,
    "Plan Rows": 1,
    "Plan Width": 8,
    "Actual Startup Time": 453.323,
    "Actual Total Time": 466.463,
    "Actual Rows": 1,
    "Actual Loops": 1,
    "Plans": [
      {
        "Node Type": "Gather",
        "Parent Relationship": "Outer",
        "Parallel Aware": false,
        "Startup Cost": 123177.64,
        "Total Cost": 123177.75,
        "Plan Rows": 1,
        "Plan Width": 8,
        "Actual Startup Time": 452.926,
        "Actual Total Time": 466.456,
        "Actual Rows": 2,
        "Actual Loops": 1,
        "Workers Planned": 1,
        "Workers Launched": 1,
        "Single Copy": false,
        "Plans": [
          {
            "Node Type": "Aggregate",
            "Strategy": "Plain",
            "Partial Mode": "Partial",
            "Parent Relationship": "Outer",
            "Parallel Aware": false,
            "Startup Cost": 122177.64,
            "Total Cost": 122177.65,
            "Plan Rows": 1,
            "Plan Width": 8,
            "Actual Startup Time": 449.902,
            "Actual Total Time": 449.906,
            "Actual Rows": 1,
            "Actual Loops": 2,
            "Plans": [
              {
                "Node Type": "Hash Join",
                "Parent Relationship": "Outer",
                "Parallel Aware": true,
                "Join Type": "Inner",
                "Startup Cost": 59850.94,
                "Total Cost": 121839.74,
                "Plan Rows": 135161,
                "Plan Width": 0,
                "Actual Startup Time": 158.381,
                "Actual Total Time": 445.865,
                "Actual Rows": 99549,
                "Actual Loops": 2,
                "Inner Unique": true,
                "Hash Cond": "(mk.movie_id = t.id)",
                "Plans": [
                  {
                    "Node Type": "Seq Scan",
                    "Parent Relationship": "Outer",
                    "Parallel Aware": true,
                    "Relation Name": "movie_keyword",
                    "Alias": "mk",
                    "Startup Cost": 0.0,
                    "Total Cost": 57718.19,
                    "Plan Rows": 1626892,
                    "Plan Width": 4,
                    "Actual Startup Time": 0.014,
                    "Actual Total Time": 180.371,
                    "Actual Rows": 1381458,
                    "Actual Loops": 2,
                    "Filter": "(keyword_id < 7876)",
                    "Rows Removed by Filter": 880506
                  },
                  {
                    "Node Type": "Hash",
                    "Parent Relationship": "Inner",
                    "Parallel Aware": true,
                    "Startup Cost": 58306.47,
                    "Total Cost": 58306.47,
                    "Plan Rows": 123558,
                    "Plan Width": 4,
                    "Actual Startup Time": 154.851,
                    "Actual Total Time": 154.852,
                    "Actual Rows": 91918,
                    "Actual Loops": 2,
                    "Hash Buckets": 262144,
                    "Original Hash Buckets": 262144,
                    "Hash Batches": 1,
                    "Original Hash Batches": 1,
                    "Peak Memory Usage": 9280,
                    "Plans": [
                      {
                        "Node Type": "Seq Scan",
                        "Parent Relationship": "Outer",
                        "Parallel Aware": true,
                        "Relation Name": "title",
                        "Alias": "t",
                        "Startup Cost": 0.0,
                        "Total Cost": 58306.47,
                        "Plan Rows": 123558,
                        "Plan Width": 4,
                        "Actual Startup Time": 0.059,
                        "Actual Total Time": 133.051,
                        "Actual Rows": 91918,
                        "Actual Loops": 2,
                        "Filter": "((kind_id < 7) AND (production_year > 2009))",
                        "Rows Removed by Filter": 1172238
                      }
                    ]
                  }
                ]
              }
            ]
          }
        ]
      }
    ]
  },
  "Planning Time": 0.464,
  "Triggers": [],
  "Execution Time": 466.533
}