[
    {
        "Bao": {
            "Bao prediction": "NaN",
            "Bao recommended hint": "(no hint)"
        }
    },
    {
        "Plan": {
            "Node Type": "Aggregate",
            "Strategy": "Plain",
            "Partial Mode": "Finalize",
            "Parallel Aware": false,
            "Startup Cost": 78893.63,
            "Total Cost": 78893.64,
            "Plan Rows": 1,
            "Plan Width": 8,
            "Actual Startup Time": 243.166,
            "Actual Total Time": 253.925,
            "Actual Rows": 1,
            "Actual Loops": 1,
            "Output": [
                "count(*)"
            ],
            "Plans": [
                {
                    "Node Type": "Gather",
                    "Parent Relationship": "Outer",
                    "Parallel Aware": false,
                    "Startup Cost": 78893.32,
                    "Total Cost": 78893.63,
                    "Plan Rows": 3,
                    "Plan Width": 8,
                    "Actual Startup Time": 242.379,
                    "Actual Total Time": 253.917,
                    "Actual Rows": 4,
                    "Actual Loops": 1,
                    "Output": [
                        "(PARTIAL count(*))"
                    ],
                    "Workers Planned": 3,
                    "Workers Launched": 3,
                    "Single Copy": false,
                    "Plans": [
                        {
                            "Node Type": "Aggregate",
                            "Strategy": "Plain",
                            "Partial Mode": "Partial",
                            "Parent Relationship": "Outer",
                            "Parallel Aware": false,
                            "Startup Cost": 77893.32,
                            "Total Cost": 77893.33,
                            "Plan Rows": 1,
                            "Plan Width": 8,
                            "Actual Startup Time": 234.115,
                            "Actual Total Time": 234.184,
                            "Actual Rows": 1,
                            "Actual Loops": 4,
                            "Output": [
                                "PARTIAL count(*)"
                            ],
                            "Workers": [
                                {
                                    "Worker Number": 0,
                                    "Actual Startup Time": 230.893,
                                    "Actual Total Time": 230.896,
                                    "Actual Rows": 1,
                                    "Actual Loops": 1
                                },
                                {
                                    "Worker Number": 1,
                                    "Actual Startup Time": 231.878,
                                    "Actual Total Time": 231.881,
                                    "Actual Rows": 1,
                                    "Actual Loops": 1
                                },
                                {
                                    "Worker Number": 2,
                                    "Actual Startup Time": 231.824,
                                    "Actual Total Time": 231.826,
                                    "Actual Rows": 1,
                                    "Actual Loops": 1
                                }
                            ],
                            "Plans": [
                                {
                                    "Node Type": "Hash Join",
                                    "Parent Relationship": "Outer",
                                    "Parallel Aware": true,
                                    "Join Type": "Inner",
                                    "Startup Cost": 45777.41,
                                    "Total Cost": 77868.99,
                                    "Plan Rows": 9730,
                                    "Plan Width": 0,
                                    "Actual Startup Time": 149.092,
                                    "Actual Total Time": 232.011,
                                    "Actual Rows": 40845,
                                    "Actual Loops": 4,
                                    "Inner Unique": true,
                                    "Hash Cond": "(mc.movie_id = t.id)",
                                    "Workers": [
                                        {
                                            "Worker Number": 0,
                                            "Actual Startup Time": 146.456,
                                            "Actual Total Time": 228.829,
                                            "Actual Rows": 28705,
                                            "Actual Loops": 1
                                        },
                                        {
                                            "Worker Number": 1,
                                            "Actual Startup Time": 146.426,
                                            "Actual Total Time": 229.647,
                                            "Actual Rows": 31213,
                                            "Actual Loops": 1
                                        },
                                        {
                                            "Worker Number": 2,
                                            "Actual Startup Time": 146.701,
                                            "Actual Total Time": 229.683,
                                            "Actual Rows": 48803,
                                            "Actual Loops": 1
                                        }
                                    ],
                                    "Plans": [
                                        {
                                            "Node Type": "Seq Scan",
                                            "Parent Relationship": "Outer",
                                            "Parallel Aware": true,
                                            "Relation Name": "movie_companies",
                                            "Schema": "public",
                                            "Alias": "mc",
                                            "Startup Cost": 0.0,
                                            "Total Cost": 31414.82,
                                            "Plan Rows": 257816,
                                            "Plan Width": 4,
                                            "Actual Startup Time": 31.852,
                                            "Actual Total Time": 72.975,
                                            "Actual Rows": 253942,
                                            "Actual Loops": 4,
                                            "Output": [
                                                "mc.id",
                                                "mc.movie_id",
                                                "mc.company_id",
                                                "mc.company_type_id",
                                                "mc.note"
                                            ],
                                            "Filter": "((mc.company_id > 5977) AND (mc.company_type_id > 1))",
                                            "Rows Removed by Filter": 398340,
                                            "Workers": [
                                                {
                                                    "Worker Number": 0,
                                                    "Actual Startup Time": 31.815,
                                                    "Actual Total Time": 71.626,
                                                    "Actual Rows": 181543,
                                                    "Actual Loops": 1
                                                },
                                                {
                                                    "Worker Number": 1,
                                                    "Actual Startup Time": 31.862,
                                                    "Actual Total Time": 74.565,
                                                    "Actual Rows": 198967,
                                                    "Actual Loops": 1
                                                },
                                                {
                                                    "Worker Number": 2,
                                                    "Actual Startup Time": 31.866,
                                                    "Actual Total Time": 73.387,
                                                    "Actual Rows": 302803,
                                                    "Actual Loops": 1
                                                }
                                            ]
                                        },
                                        {
                                            "Node Type": "Hash",
                                            "Parent Relationship": "Inner",
                                            "Parallel Aware": true,
                                            "Startup Cost": 45479.21,
                                            "Total Cost": 45479.21,
                                            "Plan Rows": 23856,
                                            "Plan Width": 4,
                                            "Actual Startup Time": 115.517,
                                            "Actual Total Time": 115.517,
                                            "Actual Rows": 48743,
                                            "Actual Loops": 4,
                                            "Output": [
                                                "t.id"
                                            ],
                                            "Hash Buckets": 262144,
                                            "Original Hash Buckets": 131072,
                                            "Hash Batches": 1,
                                            "Original Hash Batches": 1,
                                            "Peak Memory Usage": 10752,
                                            "Workers": [
                                                {
                                                    "Worker Number": 0,
                                                    "Actual Startup Time": 112.934,
                                                    "Actual Total Time": 112.935,
                                                    "Actual Rows": 33346,
                                                    "Actual Loops": 1
                                                },
                                                {
                                                    "Worker Number": 1,
                                                    "Actual Startup Time": 113.541,
                                                    "Actual Total Time": 113.542,
                                                    "Actual Rows": 37206,
                                                    "Actual Loops": 1
                                                },
                                                {
                                                    "Worker Number": 2,
                                                    "Actual Startup Time": 113.873,
                                                    "Actual Total Time": 113.874,
                                                    "Actual Rows": 55284,
                                                    "Actual Loops": 1
                                                }
                                            ],
                                            "Plans": [
                                                {
                                                    "Node Type": "Seq Scan",
                                                    "Parent Relationship": "Outer",
                                                    "Parallel Aware": true,
                                                    "Relation Name": "title",
                                                    "Schema": "public",
                                                    "Alias": "t",
                                                    "Startup Cost": 0.0,
                                                    "Total Cost": 45479.21,
                                                    "Plan Rows": 23856,
                                                    "Plan Width": 4,
                                                    "Actual Startup Time": 0.582,
                                                    "Actual Total Time": 96.346,
                                                    "Actual Rows": 48743,
                                                    "Actual Loops": 4,
                                                    "Output": [
                                                        "t.id"
                                                    ],
                                                    "Filter": "((t.kind_id < 7) AND (t.production_year < 1960))",
                                                    "Rows Removed by Filter": 583335,
                                                    "Workers": [
                                                        {
                                                            "Worker Number": 0,
                                                            "Actual Startup Time": 0.97,
                                                            "Actual Total Time": 93.203,
                                                            "Actual Rows": 33346,
                                                            "Actual Loops": 1
                                                        },
                                                        {
                                                            "Worker Number": 1,
                                                            "Actual Startup Time": 0.05,
                                                            "Actual Total Time": 96.087,
                                                            "Actual Rows": 37206,
                                                            "Actual Loops": 1
                                                        },
                                                        {
                                                            "Worker Number": 2,
                                                            "Actual Startup Time": 1.129,
                                                            "Actual Total Time": 94.794,
                                                            "Actual Rows": 55284,
                                                            "Actual Loops": 1
                                                        }
                                                    ]
                                                }
                                            ]
                                        }
                                    ]
                                }
                            ]
                        }
                    ]
                }
            ]
        },
        "Planning Time": 234.284,
        "Triggers": [],
        "Execution Time": 253.997
    }
]