[
  {
    "Plan": {
      "Node Type": "Aggregate",
      "Strategy": "Plain",
      "Partial Mode": "Finalize",
      "Parallel Aware": false,
      "Startup Cost": 32837.43,
      "Total Cost": 32837.44,
      "Plan Rows": 1,
      "Plan Width": 8,
      "Actual Startup Time": 94.318,
      "Actual Total Time": 102.51,
      "Actual Rows": 1,
      "Actual Loops": 1,
      "Plans": [
        {
          "Node Type": "Gather",
          "Parent Relationship": "Outer",
          "Parallel Aware": false,
          "Startup Cost": 32837.12,
          "Total Cost": 32837.43,
          "Plan Rows": 3,
          "Plan Width": 8,
          "Actual Startup Time": 94.188,
          "Actual Total Time": 102.502,
          "Actual Rows": 4,
          "Actual Loops": 1,
          "Workers Planned": 3,
          "Workers Launched": 3,
          "Single Copy": false,
          "Plans": [
            {
              "Node Type": "Aggregate",
              "Strategy": "Plain",
              "Partial Mode": "Partial",
              "Parent Relationship": "Outer",
              "Parallel Aware": false,
              "Startup Cost": 31837.12,
              "Total Cost": 31837.13,
              "Plan Rows": 1,
              "Plan Width": 8,
              "Actual Startup Time": 88.759,
              "Actual Total Time": 88.761,
              "Actual Rows": 1,
              "Actual Loops": 4,
              "Plans": [
                {
                  "Node Type": "Seq Scan",
                  "Parent Relationship": "Outer",
                  "Parallel Aware": true,
                  "Relation Name": "movie_companies",
                  "Alias": "mc",
                  "Startup Cost": 0.0,
                  "Total Cost": 31414.82,
                  "Plan Rows": 168919,
                  "Plan Width": 0,
                  "Actual Startup Time": 42.438,
                  "Actual Total Time": 79.345,
                  "Actual Rows": 206564,
                  "Actual Loops": 4,
                  "Filter": "((company_id > 15996) AND (company_type_id > 1))",
                  "Rows Removed by Filter": 445718
                }
              ]
            }
          ]
        }
      ]
    },
    "Planning Time": 0.226,
    "Triggers": [],
    "Execution Time": 102.57
  }
]