[
  {
    "Plan": {
      "Node Type": "Aggregate",
      "Strategy": "Plain",
      "Partial Mode": "Finalize",
      "Parallel Aware": false,
      "Startup Cost": 100077.77,
      "Total Cost": 100077.78,
      "Plan Rows": 1,
      "Plan Width": 8,
      "Actual Startup Time": 740.159,
      "Actual Total Time": 761.123,
      "Actual Rows": 1,
      "Actual Loops": 1,
      "Plans": [
        {
          "Node Type": "Gather",
          "Parent Relationship": "Outer",
          "Parallel Aware": false,
          "Startup Cost": 100077.56,
          "Total Cost": 100077.77,
          "Plan Rows": 2,
          "Plan Width": 8,
          "Actual Startup Time": 730.983,
          "Actual Total Time": 761.116,
          "Actual Rows": 3,
          "Actual Loops": 1,
          "Workers Planned": 2,
          "Workers Launched": 2,
          "Single Copy": false,
          "Plans": [
            {
              "Node Type": "Aggregate",
              "Strategy": "Plain",
              "Partial Mode": "Partial",
              "Parent Relationship": "Outer",
              "Parallel Aware": false,
              "Startup Cost": 99077.56,
              "Total Cost": 99077.57,
              "Plan Rows": 1,
              "Plan Width": 8,
              "Actual Startup Time": 727.404,
              "Actual Total Time": 727.41,
              "Actual Rows": 1,
              "Actual Loops": 3,
              "Plans": [
                {
                  "Node Type": "Hash Join",
                  "Parent Relationship": "Outer",
                  "Parallel Aware": true,
                  "Join Type": "Inner",
                  "Startup Cost": 82698.3,
                  "Total Cost": 98842.74,
                  "Plan Rows": 93927,
                  "Plan Width": 0,
                  "Actual Startup Time": 623.198,
                  "Actual Total Time": 719.132,
                  "Actual Rows": 198710,
                  "Actual Loops": 3,
                  "Inner Unique": false,
                  "Hash Cond": "(mi_idx.movie_id = t.id)",
                  "Plans": [
                    {
                      "Node Type": "Seq Scan",
                      "Parent Relationship": "Outer",
                      "Parallel Aware": true,
                      "Relation Name": "movie_info_idx",
                      "Alias": "mi_idx",
                      "Startup Cost": 0.0,
                      "Total Cost": 13685.15,
                      "Plan Rows": 575015,
                      "Plan Width": 4,
                      "Actual Startup Time": 0.019,
                      "Actual Total Time": 36.136,
                      "Actual Rows": 460012,
                      "Actual Loops": 3
                    },
                    {
                      "Node Type": "Hash",
                      "Parent Relationship": "Inner",
                      "Parallel Aware": true,
                      "Startup Cost": 81032.94,
                      "Total Cost": 81032.94,
                      "Plan Rows": 133229,
                      "Plan Width": 8,
                      "Actual Startup Time": 609.186,
                      "Actual Total Time": 609.19,
                      "Actual Rows": 137649,
                      "Actual Loops": 3,
                      "Hash Buckets": 524288,
                      "Original Hash Buckets": 524288,
                      "Hash Batches": 1,
                      "Original Hash Batches": 1,
                      "Peak Memory Usage": 20288,
                      "Plans": [
                        {
                          "Node Type": "Hash Join",
                          "Parent Relationship": "Outer",
                          "Parallel Aware": true,
                          "Join Type": "Inner",
                          "Startup Cost": 51351.45,
                          "Total Cost": 81032.94,
                          "Plan Rows": 133229,
                          "Plan Width": 8,
                          "Actual Startup Time": 468.334,
                          "Actual Total Time": 568.148,
                          "Actual Rows": 137649,
                          "Actual Loops": 3,
                          "Inner Unique": true,
                          "Hash Cond": "(mc.movie_id = t.id)",
                          "Plans": [
                            {
                              "Node Type": "Seq Scan",
                              "Parent Relationship": "Outer",
                              "Parallel Aware": true,
                              "Relation Name": "movie_companies",
                              "Alias": "mc",
                              "Startup Cost": 0.0,
                              "Total Cost": 29310.68,
                              "Plan Rows": 141260,
                              "Plan Width": 4,
                              "Actual Startup Time": 37.825,
                              "Actual Total Time": 73.068,
                              "Actual Rows": 145576,
                              "Actual Loops": 3,
                              "Filter": "(company_id > 78554)",
                              "Rows Removed by Filter": 724133
                            },
                            {
                              "Node Type": "Hash",
                              "Parent Relationship": "Inner",
                              "Parallel Aware": true,
                              "Startup Cost": 43899.32,
                              "Total Cost": 43899.32,
                              "Plan Rows": 596170,
                              "Plan Width": 4,
                              "Actual Startup Time": 420.105,
                              "Actual Total Time": 420.106,
                              "Actual Rows": 796292,
                              "Actual Loops": 3,
                              "Hash Buckets": 4194304,
                              "Original Hash Buckets": 4194304,
                              "Hash Batches": 1,
                              "Original Hash Batches": 1,
                              "Peak Memory Usage": 126240,
                              "Plans": [
                                {
                                  "Node Type": "Seq Scan",
                                  "Parent Relationship": "Outer",
                                  "Parallel Aware": true,
                                  "Relation Name": "title",
                                  "Alias": "t",
                                  "Startup Cost": 0.0,
                                  "Total Cost": 43899.32,
                                  "Plan Rows": 596170,
                                  "Plan Width": 4,
                                  "Actual Startup Time": 0.06,
                                  "Actual Total Time": 134.308,
                                  "Actual Rows": 796292,
                                  "Actual Loops": 3,
                                  "Filter": "(production_year < 2013)",
                                  "Rows Removed by Filter": 46479
                                }
                              ]
                            }
                          ]
                        }
                      ]
                    }
                  ]
                }
              ]
            }
          ]
        }
      ]
    },
    "Planning Time": 0.776,
    "Triggers": [],
    "Execution Time": 761.171
  }
]