{
  "Plan": {
    "Node Type": "Aggregate",
    "Strategy": "Plain",
    "Partial Mode": "Finalize",
    "Parallel Aware": false,
    "Startup Cost": 108652.7,
    "Total Cost": 108652.71,
    "Plan Rows": 1,
    "Plan Width": 8,
    "Actual Startup Time": 687.4,
    "Actual Total Time": 703.018,
    "Actual Rows": 1,
    "Actual Loops": 1,
    "Plans": [
      {
        "Node Type": "Gather",
        "Parent Relationship": "Outer",
        "Parallel Aware": false,
        "Startup Cost": 108652.58,
        "Total Cost": 108652.69,
        "Plan Rows": 1,
        "Plan Width": 8,
        "Actual Startup Time": 685.584,
        "Actual Total Time": 703.011,
        "Actual Rows": 2,
        "Actual Loops": 1,
        "Workers Planned": 1,
        "Workers Launched": 1,
        "Single Copy": false,
        "Plans": [
          {
            "Node Type": "Aggregate",
            "Strategy": "Plain",
            "Partial Mode": "Partial",
            "Parent Relationship": "Outer",
            "Parallel Aware": false,
            "Startup Cost": 107652.58,
            "Total Cost": 107652.59,
            "Plan Rows": 1,
            "Plan Width": 8,
            "Actual Startup Time": 679.546,
            "Actual Total Time": 679.549,
            "Actual Rows": 1,
            "Actual Loops": 2,
            "Plans": [
              {
                "Node Type": "Hash Join",
                "Parent Relationship": "Outer",
                "Parallel Aware": true,
                "Join Type": "Inner",
                "Startup Cost": 43668.76,
                "Total Cost": 106513.79,
                "Plan Rows": 455519,
                "Plan Width": 0,
                "Actual Startup Time": 218.425,
                "Actual Total Time": 663.491,
                "Actual Rows": 394022,
                "Actual Loops": 2,
                "Inner Unique": false,
                "Hash Cond": "(t.id = mc.movie_id)",
                "Plans": [
                  {
                    "Node Type": "Seq Scan",
                    "Parent Relationship": "Outer",
                    "Parallel Aware": true,
                    "Relation Name": "title",
                    "Alias": "t",
                    "Startup Cost": 0.0,
                    "Total Cost": 50870.31,
                    "Plan Rows": 1487231,
                    "Plan Width": 4,
                    "Actual Startup Time": 0.01,
                    "Actual Total Time": 120.467,
                    "Actual Rows": 1264156,
                    "Actual Loops": 2
                  },
                  {
                    "Node Type": "Hash",
                    "Parent Relationship": "Inner",
                    "Parallel Aware": true,
                    "Startup Cost": 37974.77,
                    "Total Cost": 37974.77,
                    "Plan Rows": 455519,
                    "Plan Width": 4,
                    "Actual Startup Time": 208.796,
                    "Actual Total Time": 208.797,
                    "Actual Rows": 394022,
                    "Actual Loops": 2,
                    "Hash Buckets": 1048576,
                    "Original Hash Buckets": 1048576,
                    "Hash Batches": 1,
                    "Original Hash Batches": 1,
                    "Peak Memory Usage": 39040,
                    "Plans": [
                      {
                        "Node Type": "Seq Scan",
                        "Parent Relationship": "Outer",
                        "Parallel Aware": true,
                        "Relation Name": "movie_companies",
                        "Alias": "mc",
                        "Startup Cost": 0.0,
                        "Total Cost": 37974.77,
                        "Plan Rows": 455519,
                        "Plan Width": 4,
                        "Actual Startup Time": 34.958,
                        "Actual Total Time": 126.437,
                        "Actual Rows": 394022,
                        "Actual Loops": 2,
                        "Filter": "(company_id > 31716)",
                        "Rows Removed by Filter": 910542
                      }
                    ]
                  }
                ]
              }
            ]
          }
        ]
      }
    ]
  },
  "Planning Time": 0.601,
  "Triggers": [],
  "Execution Time": 703.115
}