{
  "Plan": {
    "Node Type": "Aggregate",
    "Strategy": "Plain",
    "Partial Mode": "Finalize",
    "Parallel Aware": false,
    "Startup Cost": 121551.9,
    "Total Cost": 121551.91,
    "Plan Rows": 1,
    "Plan Width": 8,
    "Actual Startup Time": 422.028,
    "Actual Total Time": 439.276,
    "Actual Rows": 1,
    "Actual Loops": 1,
    "Plans": [
      {
        "Node Type": "Gather",
        "Parent Relationship": "Outer",
        "Parallel Aware": false,
        "Startup Cost": 121551.78,
        "Total Cost": 121551.89,
        "Plan Rows": 1,
        "Plan Width": 8,
        "Actual Startup Time": 421.731,
        "Actual Total Time": 439.269,
        "Actual Rows": 2,
        "Actual Loops": 1,
        "Workers Planned": 1,
        "Workers Launched": 1,
        "Single Copy": false,
        "Plans": [
          {
            "Node Type": "Aggregate",
            "Strategy": "Plain",
            "Partial Mode": "Partial",
            "Parent Relationship": "Outer",
            "Parallel Aware": false,
            "Startup Cost": 120551.78,
            "Total Cost": 120551.79,
            "Plan Rows": 1,
            "Plan Width": 8,
            "Actual Startup Time": 415.923,
            "Actual Total Time": 415.926,
            "Actual Rows": 1,
            "Actual Loops": 2,
            "Plans": [
              {
                "Node Type": "Hash Join",
                "Parent Relationship": "Outer",
                "Parallel Aware": true,
                "Join Type": "Inner",
                "Startup Cost": 58540.02,
                "Total Cost": 120501.02,
                "Plan Rows": 20305,
                "Plan Width": 0,
                "Actual Startup Time": 147.574,
                "Actual Total Time": 415.733,
                "Actual Rows": 4278,
                "Actual Loops": 2,
                "Inner Unique": true,
                "Hash Cond": "(mk.movie_id = t.id)",
                "Plans": [
                  {
                    "Node Type": "Seq Scan",
                    "Parent Relationship": "Outer",
                    "Parallel Aware": true,
                    "Relation Name": "movie_keyword",
                    "Alias": "mk",
                    "Startup Cost": 0.0,
                    "Total Cost": 57718.19,
                    "Plan Rows": 1616305,
                    "Plan Width": 4,
                    "Actual Startup Time": 0.267,
                    "Actual Total Time": 184.578,
                    "Actual Rows": 1369406,
                    "Actual Loops": 2,
                    "Filter": "(keyword_id > 2888)",
                    "Rows Removed by Filter": 892559
                  },
                  {
                    "Node Type": "Hash",
                    "Parent Relationship": "Inner",
                    "Parallel Aware": true,
                    "Startup Cost": 58306.47,
                    "Total Cost": 58306.47,
                    "Plan Rows": 18684,
                    "Plan Width": 4,
                    "Actual Startup Time": 146.107,
                    "Actual Total Time": 146.108,
                    "Actual Rows": 19849,
                    "Actual Loops": 2,
                    "Hash Buckets": 65536,
                    "Original Hash Buckets": 32768,
                    "Hash Batches": 1,
                    "Original Hash Batches": 1,
                    "Peak Memory Usage": 2336,
                    "Plans": [
                      {
                        "Node Type": "Seq Scan",
                        "Parent Relationship": "Outer",
                        "Parallel Aware": true,
                        "Relation Name": "title",
                        "Alias": "t",
                        "Startup Cost": 0.0,
                        "Total Cost": 58306.47,
                        "Plan Rows": 18684,
                        "Plan Width": 4,
                        "Actual Startup Time": 0.049,
                        "Actual Total Time": 139.148,
                        "Actual Rows": 19849,
                        "Actual Loops": 2,
                        "Filter": "((kind_id = 7) AND (production_year = 2001))",
                        "Rows Removed by Filter": 1244307
                      }
                    ]
                  }
                ]
              }
            ]
          }
        ]
      }
    ]
  },
  "Planning Time": 0.468,
  "Triggers": [],
  "Execution Time": 439.347
}