[
  {
    "Plan": {
      "Node Type": "Aggregate",
      "Strategy": "Plain",
      "Partial Mode": "Finalize",
      "Parallel Aware": false,
      "Startup Cost": 59220.54,
      "Total Cost": 59220.55,
      "Plan Rows": 1,
      "Plan Width": 8,
      "Actual Startup Time": 99.273,
      "Actual Total Time": 112.067,
      "Actual Rows": 1,
      "Actual Loops": 1,
      "Plans": [
        {
          "Node Type": "Gather",
          "Parent Relationship": "Outer",
          "Parallel Aware": false,
          "Startup Cost": 59220.12,
          "Total Cost": 59220.53,
          "Plan Rows": 4,
          "Plan Width": 8,
          "Actual Startup Time": 99.157,
          "Actual Total Time": 112.06,
          "Actual Rows": 5,
          "Actual Loops": 1,
          "Workers Planned": 4,
          "Workers Launched": 4,
          "Single Copy": false,
          "Plans": [
            {
              "Node Type": "Aggregate",
              "Strategy": "Plain",
              "Partial Mode": "Partial",
              "Parent Relationship": "Outer",
              "Parallel Aware": false,
              "Startup Cost": 58220.12,
              "Total Cost": 58220.13,
              "Plan Rows": 1,
              "Plan Width": 8,
              "Actual Startup Time": 89.852,
              "Actual Total Time": 89.853,
              "Actual Rows": 1,
              "Actual Loops": 5,
              "Plans": [
                {
                  "Node Type": "Nested Loop",
                  "Parent Relationship": "Outer",
                  "Parallel Aware": false,
                  "Join Type": "Inner",
                  "Startup Cost": 0.43,
                  "Total Cost": 58219.0,
                  "Plan Rows": 448,
                  "Plan Width": 0,
                  "Actual Startup Time": 3.45,
                  "Actual Total Time": 89.806,
                  "Actual Rows": 222,
                  "Actual Loops": 5,
                  "Inner Unique": false,
                  "Plans": [
                    {
                      "Node Type": "Seq Scan",
                      "Parent Relationship": "Outer",
                      "Parallel Aware": true,
                      "Relation Name": "title",
                      "Alias": "t",
                      "Startup Cost": 0.0,
                      "Total Cost": 45479.1,
                      "Plan Rows": 2441,
                      "Plan Width": 4,
                      "Actual Startup Time": 0.166,
                      "Actual Total Time": 81.349,
                      "Actual Rows": 1625,
                      "Actual Loops": 5,
                      "Filter": "((kind_id > 4) AND (production_year = 1977))",
                      "Rows Removed by Filter": 504038
                    },
                    {
                      "Node Type": "Index Scan",
                      "Parent Relationship": "Inner",
                      "Parallel Aware": false,
                      "Scan Direction": "Forward",
                      "Index Name": "movie_id_movie_info_idx",
                      "Relation Name": "movie_info_idx",
                      "Alias": "mi_idx",
                      "Startup Cost": 0.43,
                      "Total Cost": 5.21,
                      "Plan Rows": 1,
                      "Plan Width": 4,
                      "Actual Startup Time": 0.005,
                      "Actual Total Time": 0.005,
                      "Actual Rows": 0,
                      "Actual Loops": 8124,
                      "Index Cond": "(movie_id = t.id)",
                      "Rows Removed by Index Recheck": 0,
                      "Filter": "(info_type_id = 100)",
                      "Rows Removed by Filter": 0
                    }
                  ]
                }
              ]
            }
          ]
        }
      ]
    },
    "Planning Time": 0.689,
    "Triggers": [],
    "Execution Time": 112.153
  }
]