[
  {
    "Plan": {
      "Node Type": "Aggregate",
      "Strategy": "Plain",
      "Partial Mode": "Finalize",
      "Parallel Aware": false,
      "Startup Cost": 46583.06,
      "Total Cost": 46583.07,
      "Plan Rows": 1,
      "Plan Width": 8,
      "Actual Startup Time": 93.138,
      "Actual Total Time": 104.935,
      "Actual Rows": 1,
      "Actual Loops": 1,
      "Plans": [
        {
          "Node Type": "Gather",
          "Parent Relationship": "Outer",
          "Parallel Aware": false,
          "Startup Cost": 46582.64,
          "Total Cost": 46583.05,
          "Plan Rows": 4,
          "Plan Width": 8,
          "Actual Startup Time": 93.01,
          "Actual Total Time": 104.928,
          "Actual Rows": 5,
          "Actual Loops": 1,
          "Workers Planned": 4,
          "Workers Launched": 4,
          "Single Copy": false,
          "Plans": [
            {
              "Node Type": "Aggregate",
              "Strategy": "Plain",
              "Partial Mode": "Partial",
              "Parent Relationship": "Outer",
              "Parallel Aware": false,
              "Startup Cost": 45582.64,
              "Total Cost": 45582.65,
              "Plan Rows": 1,
              "Plan Width": 8,
              "Actual Startup Time": 85.236,
              "Actual Total Time": 85.237,
              "Actual Rows": 1,
              "Actual Loops": 5,
              "Plans": [
                {
                  "Node Type": "Seq Scan",
                  "Parent Relationship": "Outer",
                  "Parallel Aware": true,
                  "Relation Name": "title",
                  "Alias": "t",
                  "Startup Cost": 0.0,
                  "Total Cost": 45479.1,
                  "Plan Rows": 41418,
                  "Plan Width": 0,
                  "Actual Startup Time": 0.039,
                  "Actual Total Time": 84.055,
                  "Actual Rows": 14528,
                  "Actual Loops": 5,
                  "Filter": "((production_year < 1964) AND (kind_id = 7))",
                  "Rows Removed by Filter": 491135
                }
              ]
            }
          ]
        }
      ]
    },
    "Planning Time": 0.32,
    "Triggers": [],
    "Execution Time": 104.998
  }
]