[
  {
    "Plan": {
      "Node Type": "Aggregate",
      "Strategy": "Plain",
      "Partial Mode": "Finalize",
      "Parallel Aware": false,
      "Startup Cost": 39247.84,
      "Total Cost": 39247.85,
      "Plan Rows": 1,
      "Plan Width": 8,
      "Actual Startup Time": 122.496,
      "Actual Total Time": 130.992,
      "Actual Rows": 1,
      "Actual Loops": 1,
      "Plans": [
        {
          "Node Type": "Gather",
          "Parent Relationship": "Outer",
          "Parallel Aware": false,
          "Startup Cost": 39247.52,
          "Total Cost": 39247.83,
          "Plan Rows": 3,
          "Plan Width": 8,
          "Actual Startup Time": 122.268,
          "Actual Total Time": 130.984,
          "Actual Rows": 4,
          "Actual Loops": 1,
          "Workers Planned": 3,
          "Workers Launched": 3,
          "Single Copy": false,
          "Plans": [
            {
              "Node Type": "Aggregate",
              "Strategy": "Plain",
              "Partial Mode": "Partial",
              "Parent Relationship": "Outer",
              "Parallel Aware": false,
              "Startup Cost": 38247.52,
              "Total Cost": 38247.53,
              "Plan Rows": 1,
              "Plan Width": 8,
              "Actual Startup Time": 115.614,
              "Actual Total Time": 115.615,
              "Actual Rows": 1,
              "Actual Loops": 4,
              "Plans": [
                {
                  "Node Type": "Bitmap Heap Scan",
                  "Parent Relationship": "Outer",
                  "Parallel Aware": true,
                  "Relation Name": "movie_keyword",
                  "Alias": "mk",
                  "Startup Cost": 11231.67,
                  "Total Cost": 37820.55,
                  "Plan Rows": 170790,
                  "Plan Width": 0,
                  "Actual Startup Time": 34.179,
                  "Actual Total Time": 108.432,
                  "Actual Rows": 135540,
                  "Actual Loops": 4,
                  "Recheck Cond": "(keyword_id < 384)",
                  "Rows Removed by Index Recheck": 0,
                  "Exact Heap Blocks": 10582,
                  "Lossy Heap Blocks": 0,
                  "Plans": [
                    {
                      "Node Type": "Bitmap Index Scan",
                      "Parent Relationship": "Outer",
                      "Parallel Aware": false,
                      "Index Name": "keyword_id_movie_keyword",
                      "Startup Cost": 0.0,
                      "Total Cost": 11099.31,
                      "Plan Rows": 529450,
                      "Plan Width": 0,
                      "Actual Startup Time": 36.691,
                      "Actual Total Time": 36.692,
                      "Actual Rows": 542161,
                      "Actual Loops": 1,
                      "Index Cond": "(keyword_id < 384)"
                    }
                  ]
                }
              ]
            }
          ]
        }
      ]
    },
    "Planning Time": 0.184,
    "Triggers": [],
    "Execution Time": 131.069
  }
]