[
  {
    "Plan": {
      "Node Type": "Aggregate",
      "Strategy": "Plain",
      "Partial Mode": "Finalize",
      "Parallel Aware": false,
      "Startup Cost": 346727.42,
      "Total Cost": 346727.43,
      "Plan Rows": 1,
      "Plan Width": 8,
      "Actual Startup Time": 690.272,
      "Actual Total Time": 734.92,
      "Actual Rows": 1,
      "Actual Loops": 1,
      "Plans": [
        {
          "Node Type": "Gather",
          "Parent Relationship": "Outer",
          "Parallel Aware": false,
          "Startup Cost": 346726.8,
          "Total Cost": 346727.41,
          "Plan Rows": 6,
          "Plan Width": 8,
          "Actual Startup Time": 690.058,
          "Actual Total Time": 734.907,
          "Actual Rows": 7,
          "Actual Loops": 1,
          "Workers Planned": 6,
          "Workers Launched": 6,
          "Single Copy": false,
          "Plans": [
            {
              "Node Type": "Aggregate",
              "Strategy": "Plain",
              "Partial Mode": "Partial",
              "Parent Relationship": "Outer",
              "Parallel Aware": false,
              "Startup Cost": 345726.8,
              "Total Cost": 345726.81,
              "Plan Rows": 1,
              "Plan Width": 8,
              "Actual Startup Time": 681.767,
              "Actual Total Time": 681.769,
              "Actual Rows": 1,
              "Actual Loops": 7,
              "Plans": [
                {
                  "Node Type": "Seq Scan",
                  "Parent Relationship": "Outer",
                  "Parallel Aware": true,
                  "Relation Name": "cast_info",
                  "Alias": "ci",
                  "Startup Cost": 0.0,
                  "Total Cost": 343316.27,
                  "Plan Rows": 964210,
                  "Plan Width": 0,
                  "Actual Startup Time": 348.013,
                  "Actual Total Time": 621.529,
                  "Actual Rows": 1253959,
                  "Actual Loops": 7,
                  "Filter": "((person_id > 2813474) AND (role_id > 1))",
                  "Rows Removed by Filter": 3923804
                }
              ]
            }
          ]
        }
      ]
    },
    "Planning Time": 0.103,
    "Triggers": [],
    "Execution Time": 734.965
  }
]