[
  {
    "Plan": {
      "Node Type": "Aggregate",
      "Strategy": "Plain",
      "Partial Mode": "Finalize",
      "Parallel Aware": false,
      "Startup Cost": 334251.86,
      "Total Cost": 334251.87,
      "Plan Rows": 1,
      "Plan Width": 8,
      "Actual Startup Time": 631.788,
      "Actual Total Time": 682.657,
      "Actual Rows": 1,
      "Actual Loops": 1,
      "Plans": [
        {
          "Node Type": "Gather",
          "Parent Relationship": "Outer",
          "Parallel Aware": false,
          "Startup Cost": 334251.23,
          "Total Cost": 334251.84,
          "Plan Rows": 6,
          "Plan Width": 8,
          "Actual Startup Time": 631.543,
          "Actual Total Time": 682.643,
          "Actual Rows": 7,
          "Actual Loops": 1,
          "Workers Planned": 6,
          "Workers Launched": 6,
          "Single Copy": false,
          "Plans": [
            {
              "Node Type": "Aggregate",
              "Strategy": "Plain",
              "Partial Mode": "Partial",
              "Parent Relationship": "Outer",
              "Parallel Aware": false,
              "Startup Cost": 333251.23,
              "Total Cost": 333251.24,
              "Plan Rows": 1,
              "Plan Width": 8,
              "Actual Startup Time": 624.56,
              "Actual Total Time": 624.563,
              "Actual Rows": 1,
              "Actual Loops": 7,
              "Plans": [
                {
                  "Node Type": "Seq Scan",
                  "Parent Relationship": "Outer",
                  "Parallel Aware": true,
                  "Relation Name": "cast_info",
                  "Alias": "ci",
                  "Startup Cost": 0.0,
                  "Total Cost": 328211.39,
                  "Plan Rows": 2015937,
                  "Plan Width": 0,
                  "Actual Startup Time": 0.045,
                  "Actual Total Time": 544.809,
                  "Actual Rows": 1745649,
                  "Actual Loops": 7,
                  "Filter": "(person_id < 1203724)",
                  "Rows Removed by Filter": 3432114
                }
              ]
            }
          ]
        }
      ]
    },
    "Planning Time": 0.081,
    "Triggers": [],
    "Execution Time": 682.698
  }
]