[
  {
    "Plan": {
      "Node Type": "Aggregate",
      "Strategy": "Plain",
      "Partial Mode": "Finalize",
      "Parallel Aware": false,
      "Startup Cost": 134965.36,
      "Total Cost": 134965.37,
      "Plan Rows": 1,
      "Plan Width": 8,
      "Actual Startup Time": 1320.882,
      "Actual Total Time": 1341.341,
      "Actual Rows": 1,
      "Actual Loops": 1,
      "Plans": [
        {
          "Node Type": "Gather",
          "Parent Relationship": "Outer",
          "Parallel Aware": false,
          "Startup Cost": 134965.04,
          "Total Cost": 134965.35,
          "Plan Rows": 3,
          "Plan Width": 8,
          "Actual Startup Time": 1314.155,
          "Actual Total Time": 1341.33,
          "Actual Rows": 4,
          "Actual Loops": 1,
          "Workers Planned": 3,
          "Workers Launched": 3,
          "Single Copy": false,
          "Plans": [
            {
              "Node Type": "Aggregate",
              "Strategy": "Plain",
              "Partial Mode": "Partial",
              "Parent Relationship": "Outer",
              "Parallel Aware": false,
              "Startup Cost": 133965.04,
              "Total Cost": 133965.05,
              "Plan Rows": 1,
              "Plan Width": 8,
              "Actual Startup Time": 1305.509,
              "Actual Total Time": 1305.831,
              "Actual Rows": 1,
              "Actual Loops": 4,
              "Plans": [
                {
                  "Node Type": "Hash Join",
                  "Parent Relationship": "Outer",
                  "Parallel Aware": true,
                  "Join Type": "Inner",
                  "Startup Cost": 86543.78,
                  "Total Cost": 132514.31,
                  "Plan Rows": 580290,
                  "Plan Width": 0,
                  "Actual Startup Time": 485.844,
                  "Actual Total Time": 1078.566,
                  "Actual Rows": 5931807,
                  "Actual Loops": 4,
                  "Inner Unique": false,
                  "Hash Cond": "(mk.movie_id = t.id)",
                  "Plans": [
                    {
                      "Node Type": "Seq Scan",
                      "Parent Relationship": "Outer",
                      "Parallel Aware": true,
                      "Relation Name": "movie_keyword",
                      "Alias": "mk",
                      "Startup Cost": 0.0,
                      "Total Cost": 39047.32,
                      "Plan Rows": 1459332,
                      "Plan Width": 4,
                      "Actual Startup Time": 0.042,
                      "Actual Total Time": 85.996,
                      "Actual Rows": 1130982,
                      "Actual Loops": 4
                    },
                    {
                      "Node Type": "Hash",
                      "Parent Relationship": "Inner",
                      "Parallel Aware": true,
                      "Startup Cost": 83402.05,
                      "Total Cost": 83402.05,
                      "Plan Rows": 251338,
                      "Plan Width": 8,
                      "Actual Startup Time": 480.348,
                      "Actual Total Time": 480.669,
                      "Actual Rows": 215941,
                      "Actual Loops": 4,
                      "Hash Buckets": 1048576,
                      "Original Hash Buckets": 1048576,
                      "Hash Batches": 1,
                      "Original Hash Batches": 1,
                      "Peak Memory Usage": 42048,
                      "Plans": [
                        {
                          "Node Type": "Hash Join",
                          "Parent Relationship": "Outer",
                          "Parallel Aware": true,
                          "Join Type": "Inner",
                          "Startup Cost": 35708.63,
                          "Total Cost": 83402.05,
                          "Plan Rows": 251338,
                          "Plan Width": 8,
                          "Actual Startup Time": 162.59,
                          "Actual Total Time": 421.633,
                          "Actual Rows": 215941,
                          "Actual Loops": 4,
                          "Inner Unique": false,
                          "Hash Cond": "(t.id = mc.movie_id)",
                          "Plans": [
                            {
                              "Node Type": "Seq Scan",
                              "Parent Relationship": "Outer",
                              "Parallel Aware": true,
                              "Relation Name": "title",
                              "Alias": "t",
                              "Startup Cost": 0.0,
                              "Total Cost": 43898.92,
                              "Plan Rows": 596747,
                              "Plan Width": 4,
                              "Actual Startup Time": 0.013,
                              "Actual Total Time": 94.566,
                              "Actual Rows": 595716,
                              "Actual Loops": 4,
                              "Filter": "(production_year > 1916)",
                              "Rows Removed by Filter": 36362
                            },
                            {
                              "Node Type": "Hash",
                              "Parent Relationship": "Inner",
                              "Parallel Aware": true,
                              "Startup Cost": 31414.82,
                              "Total Cost": 31414.82,
                              "Plan Rows": 343505,
                              "Plan Width": 4,
                              "Actual Startup Time": 157.971,
                              "Actual Total Time": 157.972,
                              "Actual Rows": 234584,
                              "Actual Loops": 4,
                              "Hash Buckets": 2097152,
                              "Original Hash Buckets": 2097152,
                              "Hash Batches": 1,
                              "Original Hash Batches": 1,
                              "Peak Memory Usage": 53152,
                              "Plans": [
                                {
                                  "Node Type": "Seq Scan",
                                  "Parent Relationship": "Outer",
                                  "Parallel Aware": true,
                                  "Relation Name": "movie_companies",
                                  "Alias": "mc",
                                  "Startup Cost": 0.0,
                                  "Total Cost": 31414.82,
                                  "Plan Rows": 343505,
                                  "Plan Width": 4,
                                  "Actual Startup Time": 0.141,
                                  "Actual Total Time": 79.185,
                                  "Actual Rows": 234584,
                                  "Actual Loops": 4,
                                  "Filter": "((company_id > 329) AND (company_type_id = 1))",
                                  "Rows Removed by Filter": 417698
                                }
                              ]
                            }
                          ]
                        }
                      ]
                    }
                  ]
                }
              ]
            }
          ]
        }
      ]
    },
    "Planning Time": 1.406,
    "Triggers": [],
    "Execution Time": 1341.427
  }
]