[
  {
    "Plan": {
      "Node Type": "Aggregate",
      "Strategy": "Plain",
      "Partial Mode": "Finalize",
      "Parallel Aware": false,
      "Startup Cost": 27829.12,
      "Total Cost": 27829.13,
      "Plan Rows": 1,
      "Plan Width": 8,
      "Actual Startup Time": 33.974,
      "Actual Total Time": 38.908,
      "Actual Rows": 1,
      "Actual Loops": 1,
      "Plans": [
        {
          "Node Type": "Gather",
          "Parent Relationship": "Outer",
          "Parallel Aware": false,
          "Startup Cost": 27828.9,
          "Total Cost": 27829.11,
          "Plan Rows": 2,
          "Plan Width": 8,
          "Actual Startup Time": 33.728,
          "Actual Total Time": 38.9,
          "Actual Rows": 3,
          "Actual Loops": 1,
          "Workers Planned": 2,
          "Workers Launched": 2,
          "Single Copy": false,
          "Plans": [
            {
              "Node Type": "Aggregate",
              "Strategy": "Plain",
              "Partial Mode": "Partial",
              "Parent Relationship": "Outer",
              "Parallel Aware": false,
              "Startup Cost": 26828.9,
              "Total Cost": 26828.91,
              "Plan Rows": 1,
              "Plan Width": 8,
              "Actual Startup Time": 25.418,
              "Actual Total Time": 25.42,
              "Actual Rows": 1,
              "Actual Loops": 3,
              "Plans": [
                {
                  "Node Type": "Nested Loop",
                  "Parent Relationship": "Outer",
                  "Parallel Aware": false,
                  "Join Type": "Inner",
                  "Startup Cost": 172.53,
                  "Total Cost": 26828.09,
                  "Plan Rows": 325,
                  "Plan Width": 0,
                  "Actual Startup Time": 2.73,
                  "Actual Total Time": 25.268,
                  "Actual Rows": 561,
                  "Actual Loops": 3,
                  "Inner Unique": true,
                  "Plans": [
                    {
                      "Node Type": "Bitmap Heap Scan",
                      "Parent Relationship": "Outer",
                      "Parallel Aware": true,
                      "Relation Name": "movie_companies",
                      "Alias": "mc",
                      "Startup Cost": 172.1,
                      "Total Cost": 14722.13,
                      "Plan Rows": 1605,
                      "Plan Width": 4,
                      "Actual Startup Time": 2.524,
                      "Actual Total Time": 12.006,
                      "Actual Rows": 821,
                      "Actual Loops": 3,
                      "Recheck Cond": "(company_id = 7851)",
                      "Rows Removed by Index Recheck": 0,
                      "Filter": "(company_type_id < 2)",
                      "Rows Removed by Filter": 1563,
                      "Exact Heap Blocks": 3305,
                      "Lossy Heap Blocks": 0,
                      "Plans": [
                        {
                          "Node Type": "Bitmap Index Scan",
                          "Parent Relationship": "Outer",
                          "Parallel Aware": false,
                          "Index Name": "company_id_movie_companies",
                          "Startup Cost": 0.0,
                          "Total Cost": 171.13,
                          "Plan Rows": 7827,
                          "Plan Width": 0,
                          "Actual Startup Time": 5.062,
                          "Actual Total Time": 5.063,
                          "Actual Rows": 7151,
                          "Actual Loops": 1,
                          "Index Cond": "(company_id = 7851)"
                        }
                      ]
                    },
                    {
                      "Node Type": "Index Scan",
                      "Parent Relationship": "Inner",
                      "Parallel Aware": false,
                      "Scan Direction": "Forward",
                      "Index Name": "title_pkey",
                      "Relation Name": "title",
                      "Alias": "t",
                      "Startup Cost": 0.43,
                      "Total Cost": 7.54,
                      "Plan Rows": 1,
                      "Plan Width": 4,
                      "Actual Startup Time": 0.015,
                      "Actual Total Time": 0.015,
                      "Actual Rows": 1,
                      "Actual Loops": 2462,
                      "Index Cond": "(id = mc.movie_id)",
                      "Rows Removed by Index Recheck": 0,
                      "Filter": "(production_year < 1981)",
                      "Rows Removed by Filter": 0
                    }
                  ]
                }
              ]
            }
          ]
        }
      ]
    },
    "Planning Time": 0.728,
    "Triggers": [],
    "Execution Time": 39.002
  }
]