[
  {
    "Plan": {
      "Node Type": "Aggregate",
      "Strategy": "Plain",
      "Partial Mode": "Finalize",
      "Parallel Aware": false,
      "Startup Cost": 45229.99,
      "Total Cost": 45230.0,
      "Plan Rows": 1,
      "Plan Width": 8,
      "Actual Startup Time": 161.75,
      "Actual Total Time": 171.313,
      "Actual Rows": 1,
      "Actual Loops": 1,
      "Plans": [
        {
          "Node Type": "Gather",
          "Parent Relationship": "Outer",
          "Parallel Aware": false,
          "Startup Cost": 45229.67,
          "Total Cost": 45229.98,
          "Plan Rows": 3,
          "Plan Width": 8,
          "Actual Startup Time": 161.641,
          "Actual Total Time": 171.304,
          "Actual Rows": 4,
          "Actual Loops": 1,
          "Workers Planned": 3,
          "Workers Launched": 3,
          "Single Copy": false,
          "Plans": [
            {
              "Node Type": "Aggregate",
              "Strategy": "Plain",
              "Partial Mode": "Partial",
              "Parent Relationship": "Outer",
              "Parallel Aware": false,
              "Startup Cost": 44229.67,
              "Total Cost": 44229.68,
              "Plan Rows": 1,
              "Plan Width": 8,
              "Actual Startup Time": 154.534,
              "Actual Total Time": 154.536,
              "Actual Rows": 1,
              "Actual Loops": 4,
              "Plans": [
                {
                  "Node Type": "Seq Scan",
                  "Parent Relationship": "Outer",
                  "Parallel Aware": true,
                  "Relation Name": "movie_keyword",
                  "Alias": "mk",
                  "Startup Cost": 0.0,
                  "Total Cost": 42695.65,
                  "Plan Rows": 613608,
                  "Plan Width": 0,
                  "Actual Startup Time": 1.029,
                  "Actual Total Time": 127.98,
                  "Actual Rows": 477012,
                  "Actual Loops": 4,
                  "Filter": "(keyword_id > 7078)",
                  "Rows Removed by Filter": 653970
                }
              ]
            }
          ]
        }
      ]
    },
    "Planning Time": 0.179,
    "Triggers": [],
    "Execution Time": 171.374
  }
]