{
  "Plan": {
    "Node Type": "Aggregate",
    "Strategy": "Plain",
    "Partial Mode": "Finalize",
    "Parallel Aware": false,
    "Startup Cost": 92023.41,
    "Total Cost": 92023.42,
    "Plan Rows": 1,
    "Plan Width": 8,
    "Actual Startup Time": 229.161,
    "Actual Total Time": 239.581,
    "Actual Rows": 1,
    "Actual Loops": 1,
    "Plans": [
      {
        "Node Type": "Gather",
        "Parent Relationship": "Outer",
        "Parallel Aware": false,
        "Startup Cost": 92023.29,
        "Total Cost": 92023.4,
        "Plan Rows": 1,
        "Plan Width": 8,
        "Actual Startup Time": 228.819,
        "Actual Total Time": 239.574,
        "Actual Rows": 2,
        "Actual Loops": 1,
        "Workers Planned": 1,
        "Workers Launched": 1,
        "Single Copy": false,
        "Plans": [
          {
            "Node Type": "Aggregate",
            "Strategy": "Plain",
            "Partial Mode": "Partial",
            "Parent Relationship": "Outer",
            "Parallel Aware": false,
            "Startup Cost": 91023.29,
            "Total Cost": 91023.3,
            "Plan Rows": 1,
            "Plan Width": 8,
            "Actual Startup Time": 222.577,
            "Actual Total Time": 222.58,
            "Actual Rows": 1,
            "Actual Loops": 2,
            "Plans": [
              {
                "Node Type": "Hash Join",
                "Parent Relationship": "Outer",
                "Parallel Aware": true,
                "Join Type": "Inner",
                "Startup Cost": 68500.34,
                "Total Cost": 90984.02,
                "Plan Rows": 15711,
                "Plan Width": 0,
                "Actual Startup Time": 170.434,
                "Actual Total Time": 222.387,
                "Actual Rows": 3130,
                "Actual Loops": 2,
                "Inner Unique": true,
                "Hash Cond": "(mc.movie_id = t.id)",
                "Plans": [
                  {
                    "Node Type": "Bitmap Heap Scan",
                    "Parent Relationship": "Outer",
                    "Parallel Aware": true,
                    "Relation Name": "movie_companies",
                    "Alias": "mc",
                    "Startup Cost": 8997.9,
                    "Total Cost": 30840.52,
                    "Plan Rows": 244210,
                    "Plan Width": 4,
                    "Actual Startup Time": 21.751,
                    "Actual Total Time": 50.001,
                    "Actual Rows": 210174,
                    "Actual Loops": 2,
                    "Recheck Cond": "(company_id > 80010)",
                    "Rows Removed by Index Recheck": 0,
                    "Exact Heap Blocks": 3745,
                    "Lossy Heap Blocks": 0,
                    "Plans": [
                      {
                        "Node Type": "Bitmap Index Scan",
                        "Parent Relationship": "Outer",
                        "Parallel Aware": false,
                        "Index Name": "company_id_movie_companies",
                        "Startup Cost": 0.0,
                        "Total Cost": 8894.11,
                        "Plan Rows": 415157,
                        "Plan Width": 0,
                        "Actual Startup Time": 20.824,
                        "Actual Total Time": 20.824,
                        "Actual Rows": 420347,
                        "Actual Loops": 1,
                        "Index Cond": "(company_id > 80010)"
                      }
                    ]
                  },
                  {
                    "Node Type": "Hash",
                    "Parent Relationship": "Inner",
                    "Parallel Aware": true,
                    "Startup Cost": 58306.47,
                    "Total Cost": 58306.47,
                    "Plan Rows": 95678,
                    "Plan Width": 4,
                    "Actual Startup Time": 145.319,
                    "Actual Total Time": 145.32,
                    "Actual Rows": 22337,
                    "Actual Loops": 2,
                    "Hash Buckets": 262144,
                    "Original Hash Buckets": 262144,
                    "Hash Batches": 1,
                    "Original Hash Batches": 1,
                    "Peak Memory Usage": 3840,
                    "Plans": [
                      {
                        "Node Type": "Seq Scan",
                        "Parent Relationship": "Outer",
                        "Parallel Aware": true,
                        "Relation Name": "title",
                        "Alias": "t",
                        "Startup Cost": 0.0,
                        "Total Cost": 58306.47,
                        "Plan Rows": 95678,
                        "Plan Width": 4,
                        "Actual Startup Time": 0.04,
                        "Actual Total Time": 137.638,
                        "Actual Rows": 22337,
                        "Actual Loops": 2,
                        "Filter": "((kind_id > 1) AND (production_year < 1959))",
                        "Rows Removed by Filter": 1241819
                      }
                    ]
                  }
                ]
              }
            ]
          }
        ]
      }
    ]
  },
  "Planning Time": 0.472,
  "Triggers": [],
  "Execution Time": 239.675
}