[
  {
    "Plan": {
      "Node Type": "Aggregate",
      "Strategy": "Plain",
      "Partial Mode": "Finalize",
      "Parallel Aware": false,
      "Startup Cost": 169154.03,
      "Total Cost": 169154.04,
      "Plan Rows": 1,
      "Plan Width": 8,
      "Actual Startup Time": 483.414,
      "Actual Total Time": 502.018,
      "Actual Rows": 1,
      "Actual Loops": 1,
      "Plans": [
        {
          "Node Type": "Gather",
          "Parent Relationship": "Outer",
          "Parallel Aware": false,
          "Startup Cost": 169153.51,
          "Total Cost": 169154.02,
          "Plan Rows": 5,
          "Plan Width": 8,
          "Actual Startup Time": 479.767,
          "Actual Total Time": 502.001,
          "Actual Rows": 6,
          "Actual Loops": 1,
          "Workers Planned": 5,
          "Workers Launched": 5,
          "Single Copy": false,
          "Plans": [
            {
              "Node Type": "Aggregate",
              "Strategy": "Plain",
              "Partial Mode": "Partial",
              "Parent Relationship": "Outer",
              "Parallel Aware": false,
              "Startup Cost": 168153.51,
              "Total Cost": 168153.52,
              "Plan Rows": 1,
              "Plan Width": 8,
              "Actual Startup Time": 469.48,
              "Actual Total Time": 469.483,
              "Actual Rows": 1,
              "Actual Loops": 6,
              "Plans": [
                {
                  "Node Type": "Hash Join",
                  "Parent Relationship": "Outer",
                  "Parallel Aware": true,
                  "Join Type": "Inner",
                  "Startup Cost": 47782.26,
                  "Total Cost": 167514.74,
                  "Plan Rows": 255506,
                  "Plan Width": 0,
                  "Actual Startup Time": 138.874,
                  "Actual Total Time": 458.741,
                  "Actual Rows": 212014,
                  "Actual Loops": 6,
                  "Inner Unique": true,
                  "Hash Cond": "(ci.movie_id = t.id)",
                  "Plans": [
                    {
                      "Node Type": "Index Scan",
                      "Parent Relationship": "Outer",
                      "Parallel Aware": true,
                      "Scan Direction": "Forward",
                      "Index Name": "role_id_cast_info",
                      "Relation Name": "cast_info",
                      "Alias": "ci",
                      "Startup Cost": 0.56,
                      "Total Cost": 117431.66,
                      "Plan Rows": 876718,
                      "Plan Width": 4,
                      "Actual Startup Time": 0.227,
                      "Actual Total Time": 137.724,
                      "Actual Rows": 720503,
                      "Actual Loops": 6,
                      "Index Cond": "(role_id = 10)",
                      "Rows Removed by Index Recheck": 0
                    },
                    {
                      "Node Type": "Hash",
                      "Parent Relationship": "Inner",
                      "Parallel Aware": true,
                      "Startup Cost": 45479.1,
                      "Total Cost": 45479.1,
                      "Plan Rows": 184208,
                      "Plan Width": 4,
                      "Actual Startup Time": 134.834,
                      "Actual Total Time": 134.836,
                      "Actual Rows": 105985,
                      "Actual Loops": 6,
                      "Hash Buckets": 1048576,
                      "Original Hash Buckets": 1048576,
                      "Hash Batches": 1,
                      "Original Hash Batches": 1,
                      "Peak Memory Usage": 33152,
                      "Plans": [
                        {
                          "Node Type": "Seq Scan",
                          "Parent Relationship": "Outer",
                          "Parallel Aware": true,
                          "Relation Name": "title",
                          "Alias": "t",
                          "Startup Cost": 0.0,
                          "Total Cost": 45479.1,
                          "Plan Rows": 184208,
                          "Plan Width": 4,
                          "Actual Startup Time": 0.045,
                          "Actual Total Time": 88.911,
                          "Actual Rows": 105985,
                          "Actual Loops": 6,
                          "Filter": "((kind_id < 7) AND (production_year > 1984))",
                          "Rows Removed by Filter": 315400
                        }
                      ]
                    }
                  ]
                }
              ]
            }
          ]
        }
      ]
    },
    "Planning Time": 0.613,
    "Triggers": [],
    "Execution Time": 502.096
  }
]