[
  {
    "Plan": {
      "Node Type": "Aggregate",
      "Strategy": "Plain",
      "Partial Mode": "Finalize",
      "Parallel Aware": false,
      "Startup Cost": 81519.74,
      "Total Cost": 81519.75,
      "Plan Rows": 1,
      "Plan Width": 8,
      "Actual Startup Time": 294.392,
      "Actual Total Time": 310.065,
      "Actual Rows": 1,
      "Actual Loops": 1,
      "Plans": [
        {
          "Node Type": "Gather",
          "Parent Relationship": "Outer",
          "Parallel Aware": false,
          "Startup Cost": 81519.32,
          "Total Cost": 81519.73,
          "Plan Rows": 4,
          "Plan Width": 8,
          "Actual Startup Time": 292.14,
          "Actual Total Time": 310.054,
          "Actual Rows": 5,
          "Actual Loops": 1,
          "Workers Planned": 4,
          "Workers Launched": 4,
          "Single Copy": false,
          "Plans": [
            {
              "Node Type": "Aggregate",
              "Strategy": "Plain",
              "Partial Mode": "Partial",
              "Parent Relationship": "Outer",
              "Parallel Aware": false,
              "Startup Cost": 80519.32,
              "Total Cost": 80519.33,
              "Plan Rows": 1,
              "Plan Width": 8,
              "Actual Startup Time": 282.22,
              "Actual Total Time": 282.223,
              "Actual Rows": 1,
              "Actual Loops": 5,
              "Plans": [
                {
                  "Node Type": "Hash Join",
                  "Parent Relationship": "Outer",
                  "Parallel Aware": true,
                  "Join Type": "Inner",
                  "Startup Cost": 34090.39,
                  "Total Cost": 80104.6,
                  "Plan Rows": 165886,
                  "Plan Width": 0,
                  "Actual Startup Time": 109.37,
                  "Actual Total Time": 278.111,
                  "Actual Rows": 85173,
                  "Actual Loops": 5,
                  "Inner Unique": false,
                  "Hash Cond": "(t.id = mc.movie_id)",
                  "Plans": [
                    {
                      "Node Type": "Seq Scan",
                      "Parent Relationship": "Outer",
                      "Parallel Aware": true,
                      "Relation Name": "title",
                      "Alias": "t",
                      "Startup Cost": 0.0,
                      "Total Cost": 42318.73,
                      "Plan Rows": 632073,
                      "Plan Width": 4,
                      "Actual Startup Time": 0.014,
                      "Actual Total Time": 63.563,
                      "Actual Rows": 505662,
                      "Actual Loops": 5
                    },
                    {
                      "Node Type": "Hash",
                      "Parent Relationship": "Inner",
                      "Parallel Aware": true,
                      "Startup Cost": 31414.82,
                      "Total Cost": 31414.82,
                      "Plan Rows": 214046,
                      "Plan Width": 4,
                      "Actual Startup Time": 104.954,
                      "Actual Total Time": 104.955,
                      "Actual Rows": 85173,
                      "Actual Loops": 5,
                      "Hash Buckets": 1048576,
                      "Original Hash Buckets": 1048576,
                      "Hash Batches": 1,
                      "Original Hash Batches": 1,
                      "Peak Memory Usage": 24896,
                      "Plans": [
                        {
                          "Node Type": "Seq Scan",
                          "Parent Relationship": "Outer",
                          "Parallel Aware": true,
                          "Relation Name": "movie_companies",
                          "Alias": "mc",
                          "Startup Cost": 0.0,
                          "Total Cost": 31414.82,
                          "Plan Rows": 214046,
                          "Plan Width": 4,
                          "Actual Startup Time": 45.194,
                          "Actual Total Time": 72.147,
                          "Actual Rows": 85173,
                          "Actual Loops": 5,
                          "Filter": "((company_id < 11299) AND (company_type_id > 1))",
                          "Rows Removed by Filter": 436653
                        }
                      ]
                    }
                  ]
                }
              ]
            }
          ]
        }
      ]
    },
    "Planning Time": 0.685,
    "Triggers": [],
    "Execution Time": 310.136
  }
]