{
  "Plan": {
    "Node Type": "Aggregate",
    "Strategy": "Plain",
    "Partial Mode": "Simple",
    "Parallel Aware": false,
    "Startup Cost": 7954.45,
    "Total Cost": 7954.46,
    "Plan Rows": 1,
    "Plan Width": 64,
    "Actual Startup Time": 536.647,
    "Actual Total Time": 536.652,
    "Actual Rows": 1,
    "Actual Loops": 1,
    "Plans": [
      {
        "Node Type": "Nested Loop",
        "Parent Relationship": "Outer",
        "Parallel Aware": false,
        "Join Type": "Inner",
        "Startup Cost": 12.11,
        "Total Cost": 7954.44,
        "Plan Rows": 1,
        "Plan Width": 23,
        "Actual Startup Time": 17.014,
        "Actual Total Time": 536.633,
        "Actual Rows": 9,
        "Actual Loops": 1,
        "Inner Unique": true,
        "Join Filter": "(t.kind_id = kt.id)",
        "Rows Removed by Join Filter": 1828,
        "Plans": [
          {
            "Node Type": "Nested Loop",
            "Parent Relationship": "Outer",
            "Parallel Aware": false,
            "Join Type": "Inner",
            "Startup Cost": 12.11,
            "Total Cost": 7953.34,
            "Plan Rows": 1,
            "Plan Width": 27,
            "Actual Startup Time": 10.61,
            "Actual Total Time": 531.495,
            "Actual Rows": 1837,
            "Actual Loops": 1,
            "Inner Unique": true,
            "Join Filter": "(mi_idx.info_type_id = it2.id)",
            "Rows Removed by Join Filter": 6912,
            "Plans": [
              {
                "Node Type": "Nested Loop",
                "Parent Relationship": "Outer",
                "Parallel Aware": false,
                "Join Type": "Inner",
                "Startup Cost": 12.11,
                "Total Cost": 7950.92,
                "Plan Rows": 1,
                "Plan Width": 31,
                "Actual Startup Time": 2.188,
                "Actual Total Time": 455.692,
                "Actual Rows": 8749,
                "Actual Loops": 1,
                "Inner Unique": false,
                "Join Filter": "(mi.info_type_id = it1.id)",
                "Rows Removed by Join Filter": 9806,
                "Plans": [
                  {
                    "Node Type": "Seq Scan",
                    "Parent Relationship": "Outer",
                    "Parallel Aware": false,
                    "Relation Name": "info_type",
                    "Alias": "it1",
                    "Startup Cost": 0.0,
                    "Total Cost": 2.41,
                    "Plan Rows": 1,
                    "Plan Width": 4,
                    "Actual Startup Time": 0.027,
                    "Actual Total Time": 0.033,
                    "Actual Rows": 1,
                    "Actual Loops": 1,
                    "Filter": "((info)::text = 'countries'::text)",
                    "Rows Removed by Filter": 112
                  },
                  {
                    "Node Type": "Nested Loop",
                    "Parent Relationship": "Inner",
                    "Parallel Aware": false,
                    "Join Type": "Inner",
                    "Startup Cost": 12.11,
                    "Total Cost": 7947.35,
                    "Plan Rows": 92,
                    "Plan Width": 35,
                    "Actual Startup Time": 2.055,
                    "Actual Total Time": 453.687,
                    "Actual Rows": 18555,
                    "Actual Loops": 1,
                    "Inner Unique": false,
                    "Plans": [
                      {
                        "Node Type": "Nested Loop",
                        "Parent Relationship": "Outer",
                        "Parallel Aware": false,
                        "Join Type": "Inner",
                        "Startup Cost": 11.68,
                        "Total Cost": 7659.08,
                        "Plan Rows": 157,
                        "Plan Width": 43,
                        "Actual Startup Time": 1.998,
                        "Actual Total Time": 134.421,
                        "Actual Rows": 11017,
                        "Actual Loops": 1,
                        "Inner Unique": true,
                        "Plans": [
                          {
                            "Node Type": "Nested Loop",
                            "Parent Relationship": "Outer",
                            "Parallel Aware": false,
                            "Join Type": "Inner",
                            "Startup Cost": 11.25,
                            "Total Cost": 7518.02,
                            "Plan Rows": 288,
                            "Plan Width": 18,
                            "Actual Startup Time": 1.898,
                            "Actual Total Time": 77.91,
                            "Actual Rows": 22570,
                            "Actual Loops": 1,
                            "Inner Unique": false,
                            "Plans": [
                              {
                                "Node Type": "Nested Loop",
                                "Parent Relationship": "Outer",
                                "Parallel Aware": false,
                                "Join Type": "Inner",
                                "Startup Cost": 10.82,
                                "Total Cost": 7447.81,
                                "Plan Rows": 135,
                                "Plan Width": 4,
                                "Actual Startup Time": 1.866,
                                "Actual Total Time": 33.188,
                                "Actual Rows": 11592,
                                "Actual Loops": 1,
                                "Inner Unique": false,
                                "Plans": [
                                  {
                                    "Node Type": "Seq Scan",
                                    "Parent Relationship": "Outer",
                                    "Parallel Aware": false,
                                    "Relation Name": "keyword",
                                    "Alias": "k",
                                    "Startup Cost": 0.0,
                                    "Total Cost": 2961.55,
                                    "Plan Rows": 4,
                                    "Plan Width": 4,
                                    "Actual Startup Time": 0.963,
                                    "Actual Total Time": 14.018,
                                    "Actual Rows": 4,
                                    "Actual Loops": 1,
                                    "Filter": "(keyword = ANY ('{blood,second-part,superhero,.hack}'::text[]))",
                                    "Rows Removed by Filter": 134166
                                  },
                                  {
                                    "Node Type": "Bitmap Heap Scan",
                                    "Parent Relationship": "Inner",
                                    "Parallel Aware": false,
                                    "Relation Name": "movie_keyword",
                                    "Alias": "mk",
                                    "Startup Cost": 10.82,
                                    "Total Cost": 1118.49,
                                    "Plan Rows": 308,
                                    "Plan Width": 8,
                                    "Actual Startup Time": 0.646,
                                    "Actual Total Time": 4.457,
                                    "Actual Rows": 2898,
                                    "Actual Loops": 4,
                                    "Recheck Cond": "(keyword_id = k.id)",
                                    "Rows Removed by Index Recheck": 0,
                                    "Exact Heap Blocks": 9256,
                                    "Lossy Heap Blocks": 0,
                                    "Plans": [
                                      {
                                        "Node Type": "Bitmap Index Scan",
                                        "Parent Relationship": "Outer",
                                        "Parallel Aware": false,
                                        "Index Name": "keyword_id_movie_keyword",
                                        "Startup Cost": 0.0,
                                        "Total Cost": 10.74,
                                        "Plan Rows": 308,
                                        "Plan Width": 0,
                                        "Actual Startup Time": 0.334,
                                        "Actual Total Time": 0.334,
                                        "Actual Rows": 2898,
                                        "Actual Loops": 4,
                                        "Index Cond": "(keyword_id = k.id)"
                                      }
                                    ]
                                  }
                                ]
                              },
                              {
                                "Node Type": "Index Scan",
                                "Parent Relationship": "Inner",
                                "Parallel Aware": false,
                                "Scan Direction": "Forward",
                                "Index Name": "movie_id_movie_info_idx",
                                "Relation Name": "movie_info_idx",
                                "Alias": "mi_idx",
                                "Startup Cost": 0.43,
                                "Total Cost": 0.5,
                                "Plan Rows": 2,
                                "Plan Width": 14,
                                "Actual Startup Time": 0.003,
                                "Actual Total Time": 0.003,
                                "Actual Rows": 2,
                                "Actual Loops": 11592,
                                "Index Cond": "(movie_id = mk.movie_id)",
                                "Rows Removed by Index Recheck": 0,
                                "Filter": "(info < '6'::text)",
                                "Rows Removed by Filter": 1
                              }
                            ]
                          },
                          {
                            "Node Type": "Index Scan",
                            "Parent Relationship": "Inner",
                            "Parallel Aware": false,
                            "Scan Direction": "Forward",
                            "Index Name": "title_pkey",
                            "Relation Name": "title",
                            "Alias": "t",
                            "Startup Cost": 0.43,
                            "Total Cost": 0.49,
                            "Plan Rows": 1,
                            "Plan Width": 25,
                            "Actual Startup Time": 0.002,
                            "Actual Total Time": 0.002,
                            "Actual Rows": 0,
                            "Actual Loops": 22570,
                            "Index Cond": "(id = mk.movie_id)",
                            "Rows Removed by Index Recheck": 0,
                            "Filter": "(production_year > 2000)",
                            "Rows Removed by Filter": 1
                          }
                        ]
                      },
                      {
                        "Node Type": "Index Scan",
                        "Parent Relationship": "Inner",
                        "Parallel Aware": false,
                        "Scan Direction": "Forward",
                        "Index Name": "movie_id_movie_info",
                        "Relation Name": "movie_info",
                        "Alias": "mi",
                        "Startup Cost": 0.43,
                        "Total Cost": 1.8,
                        "Plan Rows": 4,
                        "Plan Width": 8,
                        "Actual Startup Time": 0.007,
                        "Actual Total Time": 0.029,
                        "Actual Rows": 2,
                        "Actual Loops": 11017,
                        "Index Cond": "(movie_id = mk.movie_id)",
                        "Rows Removed by Index Recheck": 0,
                        "Filter": "(info = ANY ('{Denmark,Sweden,USA,English,America,Germany,German,Swedish,Danish,Japan}'::text[]))",
                        "Rows Removed by Filter": 70
                      }
                    ]
                  }
                ]
              },
              {
                "Node Type": "Seq Scan",
                "Parent Relationship": "Inner",
                "Parallel Aware": false,
                "Relation Name": "info_type",
                "Alias": "it2",
                "Startup Cost": 0.0,
                "Total Cost": 2.41,
                "Plan Rows": 1,
                "Plan Width": 4,
                "Actual Startup Time": 0.006,
                "Actual Total Time": 0.007,
                "Actual Rows": 1,
                "Actual Loops": 8749,
                "Filter": "((info)::text = 'rating'::text)",
                "Rows Removed by Filter": 109
              }
            ]
          },
          {
            "Node Type": "Seq Scan",
            "Parent Relationship": "Inner",
            "Parallel Aware": false,
            "Relation Name": "kind_type",
            "Alias": "kt",
            "Startup Cost": 0.0,
            "Total Cost": 1.09,
            "Plan Rows": 1,
            "Plan Width": 4,
            "Actual Startup Time": 0.001,
            "Actual Total Time": 0.001,
            "Actual Rows": 1,
            "Actual Loops": 1837,
            "Filter": "((kind)::text = 'episode'::text)",
            "Rows Removed by Filter": 6
          }
        ]
      }
    ]
  },
  "Planning Time": 2.077,
  "Triggers": [],
  "Execution Time": 536.805
}