{
  "Plan": {
    "Node Type": "Aggregate",
    "Strategy": "Plain",
    "Partial Mode": "Finalize",
    "Parallel Aware": false,
    "Startup Cost": 433997.45,
    "Total Cost": 433997.46,
    "Plan Rows": 1,
    "Plan Width": 8,
    "Actual Startup Time": 1213.057,
    "Actual Total Time": 1228.95,
    "Actual Rows": 1,
    "Actual Loops": 1,
    "Plans": [
      {
        "Node Type": "Gather",
        "Parent Relationship": "Outer",
        "Parallel Aware": false,
        "Startup Cost": 433997.33,
        "Total Cost": 433997.44,
        "Plan Rows": 1,
        "Plan Width": 8,
        "Actual Startup Time": 1209.915,
        "Actual Total Time": 1228.941,
        "Actual Rows": 2,
        "Actual Loops": 1,
        "Workers Planned": 1,
        "Workers Launched": 1,
        "Single Copy": false,
        "Plans": [
          {
            "Node Type": "Aggregate",
            "Strategy": "Plain",
            "Partial Mode": "Partial",
            "Parent Relationship": "Outer",
            "Parallel Aware": false,
            "Startup Cost": 432997.33,
            "Total Cost": 432997.34,
            "Plan Rows": 1,
            "Plan Width": 8,
            "Actual Startup Time": 1205.034,
            "Actual Total Time": 1205.849,
            "Actual Rows": 1,
            "Actual Loops": 2,
            "Plans": [
              {
                "Node Type": "Hash Join",
                "Parent Relationship": "Outer",
                "Parallel Aware": true,
                "Join Type": "Inner",
                "Startup Cost": 149768.55,
                "Total Cost": 432373.43,
                "Plan Rows": 249561,
                "Plan Width": 0,
                "Actual Startup Time": 633.171,
                "Actual Total Time": 1172.025,
                "Actual Rows": 771852,
                "Actual Loops": 2,
                "Inner Unique": false,
                "Hash Cond": "(ci.movie_id = t.id)",
                "Plans": [
                  {
                    "Node Type": "Bitmap Heap Scan",
                    "Parent Relationship": "Outer",
                    "Parallel Aware": true,
                    "Relation Name": "cast_info",
                    "Alias": "ci",
                    "Startup Cost": 65738.85,
                    "Total Cost": 340310.37,
                    "Plan Rows": 1750762,
                    "Plan Width": 4,
                    "Actual Startup Time": 107.169,
                    "Actual Total Time": 254.905,
                    "Actual Rows": 1517644,
                    "Actual Loops": 2,
                    "Recheck Cond": "(person_id < 294594)",
                    "Rows Removed by Index Recheck": 0,
                    "Exact Heap Blocks": 16916,
                    "Lossy Heap Blocks": 0,
                    "Plans": [
                      {
                        "Node Type": "Bitmap Index Scan",
                        "Parent Relationship": "Outer",
                        "Parallel Aware": false,
                        "Index Name": "person_id_cast_info",
                        "Startup Cost": 0.0,
                        "Total Cost": 64994.78,
                        "Plan Rows": 2976295,
                        "Plan Width": 0,
                        "Actual Startup Time": 102.077,
                        "Actual Total Time": 102.077,
                        "Actual Rows": 3035289,
                        "Actual Loops": 1,
                        "Index Cond": "(person_id < 294594)"
                      }
                    ]
                  },
                  {
                    "Node Type": "Hash",
                    "Parent Relationship": "Inner",
                    "Parallel Aware": true,
                    "Startup Cost": 81379.75,
                    "Total Cost": 81379.75,
                    "Plan Rows": 211996,
                    "Plan Width": 8,
                    "Actual Startup Time": 520.647,
                    "Actual Total Time": 521.46,
                    "Actual Rows": 318019,
                    "Actual Loops": 2,
                    "Hash Buckets": 1048576,
                    "Original Hash Buckets": 524288,
                    "Hash Batches": 1,
                    "Original Hash Batches": 1,
                    "Peak Memory Usage": 37216,
                    "Plans": [
                      {
                        "Node Type": "Hash Join",
                        "Parent Relationship": "Outer",
                        "Parallel Aware": true,
                        "Join Type": "Inner",
                        "Startup Cost": 61878.3,
                        "Total Cost": 81379.75,
                        "Plan Rows": 211996,
                        "Plan Width": 8,
                        "Actual Startup Time": 270.793,
                        "Actual Total Time": 449.123,
                        "Actual Rows": 318019,
                        "Actual Loops": 2,
                        "Inner Unique": true,
                        "Hash Cond": "(mi_idx.movie_id = t.id)",
                        "Plans": [
                          {
                            "Node Type": "Seq Scan",
                            "Parent Relationship": "Outer",
                            "Parallel Aware": true,
                            "Relation Name": "movie_info_idx",
                            "Alias": "mi_idx",
                            "Startup Cost": 0.0,
                            "Total Cost": 18082.32,
                            "Plan Rows": 540622,
                            "Plan Width": 4,
                            "Actual Startup Time": 0.017,
                            "Actual Total Time": 62.361,
                            "Actual Rows": 459925,
                            "Actual Loops": 2,
                            "Filter": "(info_type_id < 101)",
                            "Rows Removed by Filter": 230092
                          },
                          {
                            "Node Type": "Hash",
                            "Parent Relationship": "Inner",
                            "Parallel Aware": true,
                            "Startup Cost": 54588.39,
                            "Total Cost": 54588.39,
                            "Plan Rows": 583193,
                            "Plan Width": 4,
                            "Actual Startup Time": 264.395,
                            "Actual Total Time": 264.396,
                            "Actual Rows": 492524,
                            "Actual Loops": 2,
                            "Hash Buckets": 1048576,
                            "Original Hash Buckets": 1048576,
                            "Hash Batches": 1,
                            "Original Hash Batches": 1,
                            "Peak Memory Usage": 46752,
                            "Plans": [
                              {
                                "Node Type": "Seq Scan",
                                "Parent Relationship": "Outer",
                                "Parallel Aware": true,
                                "Relation Name": "title",
                                "Alias": "t",
                                "Startup Cost": 0.0,
                                "Total Cost": 54588.39,
                                "Plan Rows": 583193,
                                "Plan Width": 4,
                                "Actual Startup Time": 0.04,
                                "Actual Total Time": 148.594,
                                "Actual Rows": 492524,
                                "Actual Loops": 2,
                                "Filter": "(kind_id < 7)",
                                "Rows Removed by Filter": 771632
                              }
                            ]
                          }
                        ]
                      }
                    ]
                  }
                ]
              }
            ]
          }
        ]
      }
    ]
  },
  "Planning Time": 1.045,
  "Triggers": [],
  "Execution Time": 1229.049
}