[
  {
    "Plan": {
      "Node Type": "Aggregate",
      "Strategy": "Plain",
      "Partial Mode": "Finalize",
      "Parallel Aware": false,
      "Startup Cost": 90933.49,
      "Total Cost": 90933.5,
      "Plan Rows": 1,
      "Plan Width": 8,
      "Actual Startup Time": 506.531,
      "Actual Total Time": 525.232,
      "Actual Rows": 1,
      "Actual Loops": 1,
      "Plans": [
        {
          "Node Type": "Gather",
          "Parent Relationship": "Outer",
          "Parallel Aware": false,
          "Startup Cost": 90933.17,
          "Total Cost": 90933.48,
          "Plan Rows": 3,
          "Plan Width": 8,
          "Actual Startup Time": 503.578,
          "Actual Total Time": 525.224,
          "Actual Rows": 4,
          "Actual Loops": 1,
          "Workers Planned": 3,
          "Workers Launched": 3,
          "Single Copy": false,
          "Plans": [
            {
              "Node Type": "Aggregate",
              "Strategy": "Plain",
              "Partial Mode": "Partial",
              "Parent Relationship": "Outer",
              "Parallel Aware": false,
              "Startup Cost": 89933.17,
              "Total Cost": 89933.18,
              "Plan Rows": 1,
              "Plan Width": 8,
              "Actual Startup Time": 498.673,
              "Actual Total Time": 498.676,
              "Actual Rows": 1,
              "Actual Loops": 4,
              "Plans": [
                {
                  "Node Type": "Hash Join",
                  "Parent Relationship": "Outer",
                  "Parallel Aware": true,
                  "Join Type": "Inner",
                  "Startup Cost": 46557.25,
                  "Total Cost": 89435.33,
                  "Plan Rows": 199138,
                  "Plan Width": 0,
                  "Actual Startup Time": 171.107,
                  "Actual Total Time": 470.98,
                  "Actual Rows": 484620,
                  "Actual Loops": 4,
                  "Inner Unique": true,
                  "Hash Cond": "(mk.movie_id = t.id)",
                  "Plans": [
                    {
                      "Node Type": "Seq Scan",
                      "Parent Relationship": "Outer",
                      "Parallel Aware": true,
                      "Relation Name": "movie_keyword",
                      "Alias": "mk",
                      "Startup Cost": 0.0,
                      "Total Cost": 39047.32,
                      "Plan Rows": 1459332,
                      "Plan Width": 4,
                      "Actual Startup Time": 0.032,
                      "Actual Total Time": 115.117,
                      "Actual Rows": 1130982,
                      "Actual Loops": 4
                    },
                    {
                      "Node Type": "Hash",
                      "Parent Relationship": "Inner",
                      "Parallel Aware": true,
                      "Startup Cost": 45479.1,
                      "Total Cost": 45479.1,
                      "Plan Rows": 86252,
                      "Plan Width": 4,
                      "Actual Startup Time": 168.328,
                      "Actual Total Time": 168.329,
                      "Actual Rows": 114350,
                      "Actual Loops": 4,
                      "Hash Buckets": 524288,
                      "Original Hash Buckets": 524288,
                      "Hash Batches": 1,
                      "Original Hash Batches": 1,
                      "Peak Memory Usage": 22048,
                      "Plans": [
                        {
                          "Node Type": "Seq Scan",
                          "Parent Relationship": "Outer",
                          "Parallel Aware": true,
                          "Relation Name": "title",
                          "Alias": "t",
                          "Startup Cost": 0.0,
                          "Total Cost": 45479.1,
                          "Plan Rows": 86252,
                          "Plan Width": 4,
                          "Actual Startup Time": 0.037,
                          "Actual Total Time": 120.492,
                          "Actual Rows": 114350,
                          "Actual Loops": 4,
                          "Filter": "((kind_id < 7) AND (production_year < 1997))",
                          "Rows Removed by Filter": 517728
                        }
                      ]
                    }
                  ]
                }
              ]
            }
          ]
        }
      ]
    },
    "Planning Time": 0.369,
    "Triggers": [],
    "Execution Time": 525.297
  }
]