[
  {
    "Plan": {
      "Node Type": "Aggregate",
      "Strategy": "Plain",
      "Partial Mode": "Finalize",
      "Parallel Aware": false,
      "Startup Cost": 261900.45,
      "Total Cost": 261900.46,
      "Plan Rows": 1,
      "Plan Width": 8,
      "Actual Startup Time": 1079.781,
      "Actual Total Time": 1126.468,
      "Actual Rows": 1,
      "Actual Loops": 1,
      "Plans": [
        {
          "Node Type": "Gather",
          "Parent Relationship": "Outer",
          "Parallel Aware": false,
          "Startup Cost": 261900.13,
          "Total Cost": 261900.44,
          "Plan Rows": 3,
          "Plan Width": 8,
          "Actual Startup Time": 1077.231,
          "Actual Total Time": 1126.455,
          "Actual Rows": 4,
          "Actual Loops": 1,
          "Workers Planned": 3,
          "Workers Launched": 3,
          "Single Copy": false,
          "Plans": [
            {
              "Node Type": "Aggregate",
              "Strategy": "Plain",
              "Partial Mode": "Partial",
              "Parent Relationship": "Outer",
              "Parallel Aware": false,
              "Startup Cost": 260900.13,
              "Total Cost": 260900.14,
              "Plan Rows": 1,
              "Plan Width": 8,
              "Actual Startup Time": 1068.72,
              "Actual Total Time": 1068.723,
              "Actual Rows": 1,
              "Actual Loops": 4,
              "Plans": [
                {
                  "Node Type": "Nested Loop",
                  "Parent Relationship": "Outer",
                  "Parallel Aware": false,
                  "Join Type": "Inner",
                  "Startup Cost": 45735.78,
                  "Total Cost": 260014.62,
                  "Plan Rows": 354205,
                  "Plan Width": 0,
                  "Actual Startup Time": 172.656,
                  "Actual Total Time": 1019.483,
                  "Actual Rows": 964380,
                  "Actual Loops": 4,
                  "Inner Unique": false,
                  "Join Filter": "(t.id = mi.movie_id)",
                  "Rows Removed by Join Filter": 0,
                  "Plans": [
                    {
                      "Node Type": "Hash Join",
                      "Parent Relationship": "Outer",
                      "Parallel Aware": true,
                      "Join Type": "Inner",
                      "Startup Cost": 45735.35,
                      "Total Cost": 75842.65,
                      "Plan Rows": 70518,
                      "Plan Width": 8,
                      "Actual Startup Time": 172.536,
                      "Actual Total Time": 312.739,
                      "Actual Rows": 72217,
                      "Actual Loops": 4,
                      "Inner Unique": true,
                      "Hash Cond": "(mc.movie_id = t.id)",
                      "Plans": [
                        {
                          "Node Type": "Seq Scan",
                          "Parent Relationship": "Outer",
                          "Parallel Aware": true,
                          "Relation Name": "movie_companies",
                          "Alias": "mc",
                          "Startup Cost": 0.0,
                          "Total Cost": 29310.68,
                          "Plan Rows": 303475,
                          "Plan Width": 4,
                          "Actual Startup Time": 10.162,
                          "Actual Total Time": 68.592,
                          "Actual Rows": 233048,
                          "Actual Loops": 4,
                          "Filter": "(company_id > 19397)",
                          "Rows Removed by Filter": 419234
                        },
                        {
                          "Node Type": "Hash",
                          "Parent Relationship": "Inner",
                          "Parallel Aware": true,
                          "Startup Cost": 43899.32,
                          "Total Cost": 43899.32,
                          "Plan Rows": 146882,
                          "Plan Width": 4,
                          "Actual Startup Time": 157.309,
                          "Actual Total Time": 157.31,
                          "Actual Rows": 150853,
                          "Actual Loops": 4,
                          "Hash Buckets": 1048576,
                          "Original Hash Buckets": 1048576,
                          "Hash Batches": 1,
                          "Original Hash Batches": 1,
                          "Peak Memory Usage": 31872,
                          "Plans": [
                            {
                              "Node Type": "Seq Scan",
                              "Parent Relationship": "Outer",
                              "Parallel Aware": true,
                              "Relation Name": "title",
                              "Alias": "t",
                              "Startup Cost": 0.0,
                              "Total Cost": 43899.32,
                              "Plan Rows": 146882,
                              "Plan Width": 4,
                              "Actual Startup Time": 0.036,
                              "Actual Total Time": 99.731,
                              "Actual Rows": 150853,
                              "Actual Loops": 4,
                              "Filter": "(production_year < 1986)",
                              "Rows Removed by Filter": 481225
                            }
                          ]
                        }
                      ]
                    },
                    {
                      "Node Type": "Index Scan",
                      "Parent Relationship": "Inner",
                      "Parallel Aware": false,
                      "Scan Direction": "Forward",
                      "Index Name": "movie_id_movie_info",
                      "Relation Name": "movie_info",
                      "Alias": "mi",
                      "Startup Cost": 0.43,
                      "Total Cost": 2.17,
                      "Plan Rows": 35,
                      "Plan Width": 4,
                      "Actual Startup Time": 0.003,
                      "Actual Total Time": 0.008,
                      "Actual Rows": 13,
                      "Actual Loops": 288867,
                      "Index Cond": "(movie_id = mc.movie_id)",
                      "Rows Removed by Index Recheck": 0,
                      "Filter": "(info_type_id > 2)",
                      "Rows Removed by Filter": 2
                    }
                  ]
                }
              ]
            }
          ]
        }
      ]
    },
    "Planning Time": 1.598,
    "Triggers": [],
    "Execution Time": 1126.573
  }
]