[
  {
    "Plan": {
      "Node Type": "Aggregate",
      "Strategy": "Plain",
      "Partial Mode": "Finalize",
      "Parallel Aware": false,
      "Startup Cost": 32795.0,
      "Total Cost": 32795.01,
      "Plan Rows": 1,
      "Plan Width": 8,
      "Actual Startup Time": 81.136,
      "Actual Total Time": 87.305,
      "Actual Rows": 1,
      "Actual Loops": 1,
      "Plans": [
        {
          "Node Type": "Gather",
          "Parent Relationship": "Outer",
          "Parallel Aware": false,
          "Startup Cost": 32794.68,
          "Total Cost": 32794.99,
          "Plan Rows": 3,
          "Plan Width": 8,
          "Actual Startup Time": 81.012,
          "Actual Total Time": 87.297,
          "Actual Rows": 4,
          "Actual Loops": 1,
          "Workers Planned": 3,
          "Workers Launched": 3,
          "Single Copy": false,
          "Plans": [
            {
              "Node Type": "Aggregate",
              "Strategy": "Plain",
              "Partial Mode": "Partial",
              "Parent Relationship": "Outer",
              "Parallel Aware": false,
              "Startup Cost": 31794.68,
              "Total Cost": 31794.69,
              "Plan Rows": 1,
              "Plan Width": 8,
              "Actual Startup Time": 74.538,
              "Actual Total Time": 74.539,
              "Actual Rows": 1,
              "Actual Loops": 4,
              "Plans": [
                {
                  "Node Type": "Seq Scan",
                  "Parent Relationship": "Outer",
                  "Parallel Aware": true,
                  "Relation Name": "movie_companies",
                  "Alias": "mc",
                  "Startup Cost": 0.0,
                  "Total Cost": 31414.82,
                  "Plan Rows": 151945,
                  "Plan Width": 0,
                  "Actual Startup Time": 45.3,
                  "Actual Total Time": 71.8,
                  "Actual Rows": 67703,
                  "Actual Loops": 4,
                  "Filter": "((company_id < 3283) AND (company_type_id = 2))",
                  "Rows Removed by Filter": 584579
                }
              ]
            }
          ]
        }
      ]
    },
    "Planning Time": 0.213,
    "Triggers": [],
    "Execution Time": 87.354
  }
]