[
  {
    "Plan": {
      "Node Type": "Aggregate",
      "Strategy": "Plain",
      "Partial Mode": "Finalize",
      "Parallel Aware": false,
      "Startup Cost": 316780.93,
      "Total Cost": 316780.94,
      "Plan Rows": 1,
      "Plan Width": 8,
      "Actual Startup Time": 1906.686,
      "Actual Total Time": 1958.75,
      "Actual Rows": 1,
      "Actual Loops": 1,
      "Plans": [
        {
          "Node Type": "Gather",
          "Parent Relationship": "Outer",
          "Parallel Aware": false,
          "Startup Cost": 316780.61,
          "Total Cost": 316780.92,
          "Plan Rows": 3,
          "Plan Width": 8,
          "Actual Startup Time": 1881.141,
          "Actual Total Time": 1958.737,
          "Actual Rows": 4,
          "Actual Loops": 1,
          "Workers Planned": 3,
          "Workers Launched": 3,
          "Single Copy": false,
          "Plans": [
            {
              "Node Type": "Aggregate",
              "Strategy": "Plain",
              "Partial Mode": "Partial",
              "Parent Relationship": "Outer",
              "Parallel Aware": false,
              "Startup Cost": 315780.61,
              "Total Cost": 315780.62,
              "Plan Rows": 1,
              "Plan Width": 8,
              "Actual Startup Time": 1869.674,
              "Actual Total Time": 1870.581,
              "Actual Rows": 1,
              "Actual Loops": 4,
              "Plans": [
                {
                  "Node Type": "Hash Join",
                  "Parent Relationship": "Outer",
                  "Parallel Aware": true,
                  "Join Type": "Inner",
                  "Startup Cost": 260158.01,
                  "Total Cost": 311417.73,
                  "Plan Rows": 1745153,
                  "Plan Width": 0,
                  "Actual Startup Time": 1469.708,
                  "Actual Total Time": 1817.973,
                  "Actual Rows": 938963,
                  "Actual Loops": 4,
                  "Inner Unique": false,
                  "Hash Cond": "(mk.movie_id = t.id)",
                  "Plans": [
                    {
                      "Node Type": "Seq Scan",
                      "Parent Relationship": "Outer",
                      "Parallel Aware": true,
                      "Relation Name": "movie_keyword",
                      "Alias": "mk",
                      "Startup Cost": 0.0,
                      "Total Cost": 42695.65,
                      "Plan Rows": 1353002,
                      "Plan Width": 4,
                      "Actual Startup Time": 0.045,
                      "Actual Total Time": 140.189,
                      "Actual Rows": 1048314,
                      "Actual Loops": 4,
                      "Filter": "(keyword_id < 49954)",
                      "Rows Removed by Filter": 82669
                    },
                    {
                      "Node Type": "Hash",
                      "Parent Relationship": "Inner",
                      "Parallel Aware": true,
                      "Startup Cost": 252004.87,
                      "Total Cost": 252004.87,
                      "Plan Rows": 652251,
                      "Plan Width": 8,
                      "Actual Startup Time": 1461.467,
                      "Actual Total Time": 1462.371,
                      "Actual Rows": 540700,
                      "Actual Loops": 4,
                      "Hash Buckets": 4194304,
                      "Original Hash Buckets": 4194304,
                      "Hash Batches": 1,
                      "Original Hash Batches": 1,
                      "Peak Memory Usage": 117440,
                      "Plans": [
                        {
                          "Node Type": "Hash Join",
                          "Parent Relationship": "Outer",
                          "Parallel Aware": true,
                          "Join Type": "Inner",
                          "Startup Cost": 49662.26,
                          "Total Cost": 252004.87,
                          "Plan Rows": 652251,
                          "Plan Width": 8,
                          "Actual Startup Time": 299.537,
                          "Actual Total Time": 1236.725,
                          "Actual Rows": 540700,
                          "Actual Loops": 4,
                          "Inner Unique": true,
                          "Hash Cond": "(mi.movie_id = t.id)",
                          "Plans": [
                            {
                              "Node Type": "Seq Scan",
                              "Parent Relationship": "Outer",
                              "Parallel Aware": true,
                              "Relation Name": "movie_info",
                              "Alias": "mi",
                              "Startup Cost": 0.0,
                              "Total Cost": 199108.24,
                              "Plan Rows": 1232139,
                              "Plan Width": 4,
                              "Actual Startup Time": 25.699,
                              "Actual Total Time": 516.977,
                              "Actual Rows": 1555874,
                              "Actual Loops": 4,
                              "Filter": "(info_type_id > 8)",
                              "Rows Removed by Filter": 2153056
                            },
                            {
                              "Node Type": "Hash",
                              "Parent Relationship": "Inner",
                              "Parallel Aware": true,
                              "Startup Cost": 45479.59,
                              "Total Cost": 45479.59,
                              "Plan Rows": 334614,
                              "Plan Width": 4,
                              "Actual Startup Time": 270.555,
                              "Actual Total Time": 270.556,
                              "Actual Rows": 353090,
                              "Actual Loops": 4,
                              "Hash Buckets": 2097152,
                              "Original Hash Buckets": 2097152,
                              "Hash Batches": 1,
                              "Original Hash Batches": 1,
                              "Peak Memory Usage": 71680,
                              "Plans": [
                                {
                                  "Node Type": "Seq Scan",
                                  "Parent Relationship": "Outer",
                                  "Parallel Aware": true,
                                  "Relation Name": "title",
                                  "Alias": "t",
                                  "Startup Cost": 0.0,
                                  "Total Cost": 45479.59,
                                  "Plan Rows": 334614,
                                  "Plan Width": 4,
                                  "Actual Startup Time": 0.048,
                                  "Actual Total Time": 128.896,
                                  "Actual Rows": 353090,
                                  "Actual Loops": 4,
                                  "Filter": "((production_year > 1962) AND (kind_id = 7))",
                                  "Rows Removed by Filter": 278988
                                }
                              ]
                            }
                          ]
                        }
                      ]
                    }
                  ]
                }
              ]
            }
          ]
        }
      ]
    },
    "Planning Time": 0.555,
    "Triggers": [],
    "Execution Time": 1958.797
  }
]