[
    {
        "Bao": {
            "Bao prediction": "NaN",
            "Bao recommended hint": "(no hint)"
        }
    },
    {
        "Plan": {
            "Node Type": "Aggregate",
            "Strategy": "Plain",
            "Partial Mode": "Finalize",
            "Parallel Aware": false,
            "Startup Cost": 26926.27,
            "Total Cost": 26926.28,
            "Plan Rows": 1,
            "Plan Width": 8,
            "Actual Startup Time": 46.876,
            "Actual Total Time": 50.872,
            "Actual Rows": 1,
            "Actual Loops": 1,
            "Output": [
                "count(*)"
            ],
            "Plans": [
                {
                    "Node Type": "Gather",
                    "Parent Relationship": "Outer",
                    "Parallel Aware": false,
                    "Startup Cost": 26925.95,
                    "Total Cost": 26926.26,
                    "Plan Rows": 3,
                    "Plan Width": 8,
                    "Actual Startup Time": 46.706,
                    "Actual Total Time": 50.865,
                    "Actual Rows": 4,
                    "Actual Loops": 1,
                    "Output": [
                        "(PARTIAL count(*))"
                    ],
                    "Workers Planned": 3,
                    "Workers Launched": 3,
                    "Single Copy": false,
                    "Plans": [
                        {
                            "Node Type": "Aggregate",
                            "Strategy": "Plain",
                            "Partial Mode": "Partial",
                            "Parent Relationship": "Outer",
                            "Parallel Aware": false,
                            "Startup Cost": 25925.95,
                            "Total Cost": 25925.96,
                            "Plan Rows": 1,
                            "Plan Width": 8,
                            "Actual Startup Time": 38.227,
                            "Actual Total Time": 38.228,
                            "Actual Rows": 1,
                            "Actual Loops": 4,
                            "Output": [
                                "PARTIAL count(*)"
                            ],
                            "Workers": [
                                {
                                    "Worker Number": 0,
                                    "Actual Startup Time": 34.962,
                                    "Actual Total Time": 34.964,
                                    "Actual Rows": 1,
                                    "Actual Loops": 1
                                },
                                {
                                    "Worker Number": 1,
                                    "Actual Startup Time": 35.724,
                                    "Actual Total Time": 35.725,
                                    "Actual Rows": 1,
                                    "Actual Loops": 1
                                },
                                {
                                    "Worker Number": 2,
                                    "Actual Startup Time": 35.748,
                                    "Actual Total Time": 35.749,
                                    "Actual Rows": 1,
                                    "Actual Loops": 1
                                }
                            ],
                            "Plans": [
                                {
                                    "Node Type": "Bitmap Heap Scan",
                                    "Parent Relationship": "Outer",
                                    "Parallel Aware": true,
                                    "Relation Name": "movie_companies",
                                    "Schema": "public",
                                    "Alias": "mc",
                                    "Startup Cost": 5833.89,
                                    "Total Cost": 25708.94,
                                    "Plan Rows": 86804,
                                    "Plan Width": 0,
                                    "Actual Startup Time": 6.387,
                                    "Actual Total Time": 33.526,
                                    "Actual Rows": 67995,
                                    "Actual Loops": 4,
                                    "Recheck Cond": "(mc.company_id > 97240)",
                                    "Rows Removed by Index Recheck": 0,
                                    "Exact Heap Blocks": 2797,
                                    "Lossy Heap Blocks": 0,
                                    "Workers": [
                                        {
                                            "Worker Number": 0,
                                            "Actual Startup Time": 3.37,
                                            "Actual Total Time": 30.96,
                                            "Actual Rows": 36354,
                                            "Actual Loops": 1
                                        },
                                        {
                                            "Worker Number": 1,
                                            "Actual Startup Time": 3.901,
                                            "Actual Total Time": 31.578,
                                            "Actual Rows": 35662,
                                            "Actual Loops": 1
                                        },
                                        {
                                            "Worker Number": 2,
                                            "Actual Startup Time": 3.879,
                                            "Actual Total Time": 31.599,
                                            "Actual Rows": 36904,
                                            "Actual Loops": 1
                                        }
                                    ],
                                    "Plans": [
                                        {
                                            "Node Type": "Bitmap Index Scan",
                                            "Parent Relationship": "Outer",
                                            "Parallel Aware": false,
                                            "Index Name": "company_id_movie_companies",
                                            "Startup Cost": 0.0,
                                            "Total Cost": 5766.62,
                                            "Plan Rows": 269092,
                                            "Plan Width": 0,
                                            "Actual Startup Time": 13.768,
                                            "Actual Total Time": 13.769,
                                            "Actual Rows": 271980,
                                            "Actual Loops": 1,
                                            "Index Cond": "(mc.company_id > 97240)"
                                        }
                                    ]
                                }
                            ]
                        }
                    ]
                }
            ]
        },
        "Planning Time": 175.417,
        "Triggers": [],
        "Execution Time": 50.923
    }
]