{
  "Plan": {
    "Node Type": "Aggregate",
    "Strategy": "Plain",
    "Partial Mode": "Finalize",
    "Parallel Aware": false,
    "Startup Cost": 340145.99,
    "Total Cost": 340146.0,
    "Plan Rows": 1,
    "Plan Width": 8,
    "Actual Startup Time": 1119.023,
    "Actual Total Time": 1169.373,
    "Actual Rows": 1,
    "Actual Loops": 1,
    "Plans": [
      {
        "Node Type": "Gather",
        "Parent Relationship": "Outer",
        "Parallel Aware": false,
        "Startup Cost": 340145.88,
        "Total Cost": 340145.99,
        "Plan Rows": 1,
        "Plan Width": 8,
        "Actual Startup Time": 1118.278,
        "Actual Total Time": 1169.362,
        "Actual Rows": 2,
        "Actual Loops": 1,
        "Workers Planned": 1,
        "Workers Launched": 1,
        "Single Copy": false,
        "Plans": [
          {
            "Node Type": "Aggregate",
            "Strategy": "Plain",
            "Partial Mode": "Partial",
            "Parent Relationship": "Outer",
            "Parallel Aware": false,
            "Startup Cost": 339145.88,
            "Total Cost": 339145.89,
            "Plan Rows": 1,
            "Plan Width": 8,
            "Actual Startup Time": 1112.657,
            "Actual Total Time": 1112.661,
            "Actual Rows": 1,
            "Actual Loops": 2,
            "Plans": [
              {
                "Node Type": "Hash Join",
                "Parent Relationship": "Outer",
                "Parallel Aware": true,
                "Join Type": "Inner",
                "Startup Cost": 58745.67,
                "Total Cost": 338932.34,
                "Plan Rows": 85414,
                "Plan Width": 0,
                "Actual Startup Time": 200.261,
                "Actual Total Time": 1104.983,
                "Actual Rows": 183964,
                "Actual Loops": 2,
                "Inner Unique": true,
                "Hash Cond": "(mi.movie_id = t.id)",
                "Plans": [
                  {
                    "Node Type": "Seq Scan",
                    "Parent Relationship": "Outer",
                    "Parallel Aware": true,
                    "Relation Name": "movie_info",
                    "Alias": "mi",
                    "Startup Cost": 0.0,
                    "Total Cost": 270696.42,
                    "Plan Rows": 3615331,
                    "Plan Width": 4,
                    "Actual Startup Time": 33.26,
                    "Actual Total Time": 640.699,
                    "Actual Rows": 3041714,
                    "Actual Loops": 2,
                    "Filter": "(info_type_id > 9)",
                    "Rows Removed by Filter": 4376146
                  },
                  {
                    "Node Type": "Hash",
                    "Parent Relationship": "Inner",
                    "Parallel Aware": true,
                    "Startup Cost": 58306.47,
                    "Total Cost": 58306.47,
                    "Plan Rows": 35136,
                    "Plan Width": 4,
                    "Actual Startup Time": 162.87,
                    "Actual Total Time": 162.871,
                    "Actual Rows": 77561,
                    "Actual Loops": 2,
                    "Hash Buckets": 262144,
                    "Original Hash Buckets": 65536,
                    "Hash Batches": 1,
                    "Original Hash Batches": 1,
                    "Peak Memory Usage": 9696,
                    "Plans": [
                      {
                        "Node Type": "Seq Scan",
                        "Parent Relationship": "Outer",
                        "Parallel Aware": true,
                        "Relation Name": "title",
                        "Alias": "t",
                        "Startup Cost": 0.0,
                        "Total Cost": 58306.47,
                        "Plan Rows": 35136,
                        "Plan Width": 4,
                        "Actual Startup Time": 4.888,
                        "Actual Total Time": 143.487,
                        "Actual Rows": 77561,
                        "Actual Loops": 2,
                        "Filter": "((kind_id < 7) AND (production_year < 1947))",
                        "Rows Removed by Filter": 1186595
                      }
                    ]
                  }
                ]
              }
            ]
          }
        ]
      }
    ]
  },
  "Planning Time": 0.657,
  "Triggers": [],
  "Execution Time": 1169.452
}