[
  {
    "Plan": {
      "Node Type": "Aggregate",
      "Strategy": "Plain",
      "Partial Mode": "Finalize",
      "Parallel Aware": false,
      "Startup Cost": 31531.76,
      "Total Cost": 31531.77,
      "Plan Rows": 1,
      "Plan Width": 8,
      "Actual Startup Time": 101.268,
      "Actual Total Time": 109.077,
      "Actual Rows": 1,
      "Actual Loops": 1,
      "Plans": [
        {
          "Node Type": "Gather",
          "Parent Relationship": "Outer",
          "Parallel Aware": false,
          "Startup Cost": 31531.45,
          "Total Cost": 31531.76,
          "Plan Rows": 3,
          "Plan Width": 8,
          "Actual Startup Time": 101.176,
          "Actual Total Time": 109.068,
          "Actual Rows": 4,
          "Actual Loops": 1,
          "Workers Planned": 3,
          "Workers Launched": 3,
          "Single Copy": false,
          "Plans": [
            {
              "Node Type": "Aggregate",
              "Strategy": "Plain",
              "Partial Mode": "Partial",
              "Parent Relationship": "Outer",
              "Parallel Aware": false,
              "Startup Cost": 30531.45,
              "Total Cost": 30531.46,
              "Plan Rows": 1,
              "Plan Width": 8,
              "Actual Startup Time": 96.479,
              "Actual Total Time": 96.48,
              "Actual Rows": 1,
              "Actual Loops": 4,
              "Plans": [
                {
                  "Node Type": "Seq Scan",
                  "Parent Relationship": "Outer",
                  "Parallel Aware": true,
                  "Relation Name": "movie_companies",
                  "Alias": "mc",
                  "Startup Cost": 0.0,
                  "Total Cost": 29310.68,
                  "Plan Rows": 488306,
                  "Plan Width": 0,
                  "Actual Startup Time": 8.54,
                  "Actual Total Time": 79.506,
                  "Actual Rows": 378876,
                  "Actual Loops": 4,
                  "Filter": "(company_id > 7340)",
                  "Rows Removed by Filter": 273406
                }
              ]
            }
          ]
        }
      ]
    },
    "Planning Time": 0.188,
    "Triggers": [],
    "Execution Time": 109.138
  }
]