[
  {
    "Plan": {
      "Node Type": "Aggregate",
      "Strategy": "Plain",
      "Partial Mode": "Finalize",
      "Parallel Aware": false,
      "Startup Cost": 70339.36,
      "Total Cost": 70339.37,
      "Plan Rows": 1,
      "Plan Width": 8,
      "Actual Startup Time": 148.236,
      "Actual Total Time": 168.429,
      "Actual Rows": 1,
      "Actual Loops": 1,
      "Plans": [
        {
          "Node Type": "Gather",
          "Parent Relationship": "Outer",
          "Parallel Aware": false,
          "Startup Cost": 70339.04,
          "Total Cost": 70339.35,
          "Plan Rows": 3,
          "Plan Width": 8,
          "Actual Startup Time": 147.802,
          "Actual Total Time": 168.42,
          "Actual Rows": 4,
          "Actual Loops": 1,
          "Workers Planned": 3,
          "Workers Launched": 3,
          "Single Copy": false,
          "Plans": [
            {
              "Node Type": "Aggregate",
              "Strategy": "Plain",
              "Partial Mode": "Partial",
              "Parent Relationship": "Outer",
              "Parallel Aware": false,
              "Startup Cost": 69339.04,
              "Total Cost": 69339.05,
              "Plan Rows": 1,
              "Plan Width": 8,
              "Actual Startup Time": 138.717,
              "Actual Total Time": 138.722,
              "Actual Rows": 1,
              "Actual Loops": 4,
              "Plans": [
                {
                  "Node Type": "Nested Loop",
                  "Parent Relationship": "Outer",
                  "Parallel Aware": false,
                  "Join Type": "Inner",
                  "Startup Cost": 46945.46,
                  "Total Cost": 69330.03,
                  "Plan Rows": 3605,
                  "Plan Width": 0,
                  "Actual Startup Time": 102.807,
                  "Actual Total Time": 138.216,
                  "Actual Rows": 5468,
                  "Actual Loops": 4,
                  "Inner Unique": false,
                  "Join Filter": "(t.id = ci.movie_id)",
                  "Rows Removed by Join Filter": 0,
                  "Plans": [
                    {
                      "Node Type": "Hash Join",
                      "Parent Relationship": "Outer",
                      "Parallel Aware": true,
                      "Join Type": "Inner",
                      "Startup Cost": 46944.89,
                      "Total Cost": 66410.42,
                      "Plan Rows": 252,
                      "Plan Width": 8,
                      "Actual Startup Time": 102.698,
                      "Actual Total Time": 114.756,
                      "Actual Rows": 188,
                      "Actual Loops": 4,
                      "Inner Unique": true,
                      "Hash Cond": "(mc.movie_id = t.id)",
                      "Plans": [
                        {
                          "Node Type": "Bitmap Heap Scan",
                          "Parent Relationship": "Outer",
                          "Parallel Aware": true,
                          "Relation Name": "movie_companies",
                          "Alias": "mc",
                          "Startup Cost": 3001.46,
                          "Total Cost": 22349.75,
                          "Plan Rows": 44663,
                          "Plan Width": 4,
                          "Actual Startup Time": 6.928,
                          "Actual Total Time": 14.507,
                          "Actual Rows": 33809,
                          "Actual Loops": 4,
                          "Recheck Cond": "(company_id > 138634)",
                          "Rows Removed by Index Recheck": 0,
                          "Exact Heap Blocks": 1897,
                          "Lossy Heap Blocks": 0,
                          "Plans": [
                            {
                              "Node Type": "Bitmap Index Scan",
                              "Parent Relationship": "Outer",
                              "Parallel Aware": false,
                              "Index Name": "company_id_movie_companies",
                              "Startup Cost": 0.0,
                              "Total Cost": 2966.85,
                              "Plan Rows": 138456,
                              "Plan Width": 0,
                              "Actual Startup Time": 6.333,
                              "Actual Total Time": 6.333,
                              "Actual Rows": 135235,
                              "Actual Loops": 1,
                              "Index Cond": "(company_id > 138634)"
                            }
                          ]
                        },
                        {
                          "Node Type": "Hash",
                          "Parent Relationship": "Inner",
                          "Parallel Aware": true,
                          "Startup Cost": 43898.92,
                          "Total Cost": 43898.92,
                          "Plan Rows": 3561,
                          "Plan Width": 4,
                          "Actual Startup Time": 94.437,
                          "Actual Total Time": 94.439,
                          "Actual Rows": 3614,
                          "Actual Loops": 4,
                          "Hash Buckets": 16384,
                          "Original Hash Buckets": 16384,
                          "Hash Batches": 1,
                          "Original Hash Batches": 1,
                          "Peak Memory Usage": 768,
                          "Plans": [
                            {
                              "Node Type": "Seq Scan",
                              "Parent Relationship": "Outer",
                              "Parallel Aware": true,
                              "Relation Name": "title",
                              "Alias": "t",
                              "Startup Cost": 0.0,
                              "Total Cost": 43898.92,
                              "Plan Rows": 3561,
                              "Plan Width": 4,
                              "Actual Startup Time": 0.057,
                              "Actual Total Time": 92.357,
                              "Actual Rows": 3614,
                              "Actual Loops": 4,
                              "Filter": "(production_year = 1981)",
                              "Rows Removed by Filter": 628464
                            }
                          ]
                        }
                      ]
                    },
                    {
                      "Node Type": "Index Only Scan",
                      "Parent Relationship": "Inner",
                      "Parallel Aware": false,
                      "Scan Direction": "Forward",
                      "Index Name": "movie_id_cast_info",
                      "Relation Name": "cast_info",
                      "Alias": "ci",
                      "Startup Cost": 0.56,
                      "Total Cost": 11.12,
                      "Plan Rows": 37,
                      "Plan Width": 4,
                      "Actual Startup Time": 0.016,
                      "Actual Total Time": 0.12,
                      "Actual Rows": 29,
                      "Actual Loops": 754,
                      "Index Cond": "(movie_id = mc.movie_id)",
                      "Rows Removed by Index Recheck": 0,
                      "Heap Fetches": 21871
                    }
                  ]
                }
              ]
            }
          ]
        }
      ]
    },
    "Planning Time": 1.418,
    "Triggers": [],
    "Execution Time": 168.535
  }
]