[
  {
    "Plan": {
      "Node Type": "Aggregate",
      "Strategy": "Plain",
      "Partial Mode": "Finalize",
      "Parallel Aware": false,
      "Startup Cost": 389524.15,
      "Total Cost": 389524.16,
      "Plan Rows": 1,
      "Plan Width": 8,
      "Actual Startup Time": 1833.322,
      "Actual Total Time": 1889.823,
      "Actual Rows": 1,
      "Actual Loops": 1,
      "Plans": [
        {
          "Node Type": "Gather",
          "Parent Relationship": "Outer",
          "Parallel Aware": false,
          "Startup Cost": 389523.52,
          "Total Cost": 389524.13,
          "Plan Rows": 6,
          "Plan Width": 8,
          "Actual Startup Time": 1818.92,
          "Actual Total Time": 1889.806,
          "Actual Rows": 7,
          "Actual Loops": 1,
          "Workers Planned": 6,
          "Workers Launched": 6,
          "Single Copy": false,
          "Plans": [
            {
              "Node Type": "Aggregate",
              "Strategy": "Plain",
              "Partial Mode": "Partial",
              "Parent Relationship": "Outer",
              "Parallel Aware": false,
              "Startup Cost": 388523.52,
              "Total Cost": 388523.53,
              "Plan Rows": 1,
              "Plan Width": 8,
              "Actual Startup Time": 1808.979,
              "Actual Total Time": 1808.983,
              "Actual Rows": 1,
              "Actual Loops": 7,
              "Plans": [
                {
                  "Node Type": "Hash Join",
                  "Parent Relationship": "Outer",
                  "Parallel Aware": true,
                  "Join Type": "Inner",
                  "Startup Cost": 49909.5,
                  "Total Cost": 384153.39,
                  "Plan Rows": 1748053,
                  "Plan Width": 0,
                  "Actual Startup Time": 227.716,
                  "Actual Total Time": 1729.773,
                  "Actual Rows": 1569963,
                  "Actual Loops": 7,
                  "Inner Unique": true,
                  "Hash Cond": "(ci.movie_id = t.id)",
                  "Plans": [
                    {
                      "Node Type": "Seq Scan",
                      "Parent Relationship": "Outer",
                      "Parallel Aware": true,
                      "Relation Name": "cast_info",
                      "Alias": "ci",
                      "Startup Cost": 0.0,
                      "Total Cost": 328211.39,
                      "Plan Rows": 2298091,
                      "Plan Width": 4,
                      "Actual Startup Time": 0.048,
                      "Actual Total Time": 620.988,
                      "Actual Rows": 1990464,
                      "Actual Loops": 7,
                      "Filter": "(person_id < 1373072)",
                      "Rows Removed by Filter": 3187299
                    },
                    {
                      "Node Type": "Hash",
                      "Parent Relationship": "Inner",
                      "Parallel Aware": true,
                      "Startup Cost": 43899.32,
                      "Total Cost": 43899.32,
                      "Plan Rows": 480814,
                      "Plan Width": 4,
                      "Actual Startup Time": 224.452,
                      "Actual Total Time": 224.453,
                      "Actual Rows": 274693,
                      "Actual Loops": 7,
                      "Hash Buckets": 2097152,
                      "Original Hash Buckets": 2097152,
                      "Hash Batches": 1,
                      "Original Hash Batches": 1,
                      "Peak Memory Usage": 91808,
                      "Plans": [
                        {
                          "Node Type": "Seq Scan",
                          "Parent Relationship": "Outer",
                          "Parallel Aware": true,
                          "Relation Name": "title",
                          "Alias": "t",
                          "Startup Cost": 0.0,
                          "Total Cost": 43899.32,
                          "Plan Rows": 480814,
                          "Plan Width": 4,
                          "Actual Startup Time": 0.056,
                          "Actual Total Time": 88.72,
                          "Actual Rows": 274693,
                          "Actual Loops": 7,
                          "Filter": "(production_year < 2010)",
                          "Rows Removed by Filter": 86495
                        }
                      ]
                    }
                  ]
                }
              ]
            }
          ]
        }
      ]
    },
    "Planning Time": 0.255,
    "Triggers": [],
    "Execution Time": 1889.885
  }
]