[
  {
    "Plan": {
      "Node Type": "Aggregate",
      "Strategy": "Plain",
      "Partial Mode": "Finalize",
      "Parallel Aware": false,
      "Startup Cost": 389561.97,
      "Total Cost": 389561.98,
      "Plan Rows": 1,
      "Plan Width": 8,
      "Actual Startup Time": 1753.005,
      "Actual Total Time": 1818.866,
      "Actual Rows": 1,
      "Actual Loops": 1,
      "Plans": [
        {
          "Node Type": "Gather",
          "Parent Relationship": "Outer",
          "Parallel Aware": false,
          "Startup Cost": 389561.35,
          "Total Cost": 389561.96,
          "Plan Rows": 6,
          "Plan Width": 8,
          "Actual Startup Time": 1739.825,
          "Actual Total Time": 1818.852,
          "Actual Rows": 7,
          "Actual Loops": 1,
          "Workers Planned": 6,
          "Workers Launched": 6,
          "Single Copy": false,
          "Plans": [
            {
              "Node Type": "Aggregate",
              "Strategy": "Plain",
              "Partial Mode": "Partial",
              "Parent Relationship": "Outer",
              "Parallel Aware": false,
              "Startup Cost": 388561.35,
              "Total Cost": 388561.36,
              "Plan Rows": 1,
              "Plan Width": 8,
              "Actual Startup Time": 1725.04,
              "Actual Total Time": 1725.042,
              "Actual Rows": 1,
              "Actual Loops": 7,
              "Plans": [
                {
                  "Node Type": "Hash Join",
                  "Parent Relationship": "Outer",
                  "Parallel Aware": true,
                  "Join Type": "Inner",
                  "Startup Cost": 49901.48,
                  "Total Cost": 384154.33,
                  "Plan Rows": 1762808,
                  "Plan Width": 0,
                  "Actual Startup Time": 217.365,
                  "Actual Total Time": 1653.593,
                  "Actual Rows": 1569963,
                  "Actual Loops": 7,
                  "Inner Unique": true,
                  "Hash Cond": "(ci.movie_id = t.id)",
                  "Plans": [
                    {
                      "Node Type": "Seq Scan",
                      "Parent Relationship": "Outer",
                      "Parallel Aware": true,
                      "Relation Name": "cast_info",
                      "Alias": "ci",
                      "Startup Cost": 0.0,
                      "Total Cost": 328162.03,
                      "Plan Rows": 2320309,
                      "Plan Width": 4,
                      "Actual Startup Time": 0.027,
                      "Actual Total Time": 583.027,
                      "Actual Rows": 1990464,
                      "Actual Loops": 7,
                      "Filter": "(person_id < 1373072)",
                      "Rows Removed by Filter": 3187299
                    },
                    {
                      "Node Type": "Hash",
                      "Parent Relationship": "Inner",
                      "Parallel Aware": true,
                      "Startup Cost": 43898.92,
                      "Total Cost": 43898.92,
                      "Plan Rows": 480205,
                      "Plan Width": 4,
                      "Actual Startup Time": 212.558,
                      "Actual Total Time": 212.559,
                      "Actual Rows": 274693,
                      "Actual Loops": 7,
                      "Hash Buckets": 2097152,
                      "Original Hash Buckets": 2097152,
                      "Hash Batches": 1,
                      "Original Hash Batches": 1,
                      "Peak Memory Usage": 91808,
                      "Plans": [
                        {
                          "Node Type": "Seq Scan",
                          "Parent Relationship": "Outer",
                          "Parallel Aware": true,
                          "Relation Name": "title",
                          "Alias": "t",
                          "Startup Cost": 0.0,
                          "Total Cost": 43898.92,
                          "Plan Rows": 480205,
                          "Plan Width": 4,
                          "Actual Startup Time": 0.039,
                          "Actual Total Time": 83.978,
                          "Actual Rows": 274693,
                          "Actual Loops": 7,
                          "Filter": "(production_year < 2010)",
                          "Rows Removed by Filter": 86495
                        }
                      ]
                    }
                  ]
                }
              ]
            }
          ]
        }
      ]
    },
    "Planning Time": 0.537,
    "Triggers": [],
    "Execution Time": 1818.949
  }
]