{
  "Plan": {
    "Node Type": "Aggregate",
    "Strategy": "Plain",
    "Partial Mode": "Simple",
    "Parallel Aware": false,
    "Startup Cost": 724.02,
    "Total Cost": 724.03,
    "Plan Rows": 1,
    "Plan Width": 8,
    "Actual Startup Time": 28.148,
    "Actual Total Time": 28.15,
    "Actual Rows": 1,
    "Actual Loops": 1,
    "Plans": [
      {
        "Node Type": "Nested Loop",
        "Parent Relationship": "Outer",
        "Parallel Aware": false,
        "Join Type": "Inner",
        "Startup Cost": 1.42,
        "Total Cost": 723.97,
        "Plan Rows": 22,
        "Plan Width": 0,
        "Actual Startup Time": 0.205,
        "Actual Total Time": 27.788,
        "Actual Rows": 1780,
        "Actual Loops": 1,
        "Inner Unique": false,
        "Plans": [
          {
            "Node Type": "Nested Loop",
            "Parent Relationship": "Outer",
            "Parallel Aware": false,
            "Join Type": "Inner",
            "Startup Cost": 0.86,
            "Total Cost": 696.45,
            "Plan Rows": 2,
            "Plan Width": 8,
            "Actual Startup Time": 0.178,
            "Actual Total Time": 13.855,
            "Actual Rows": 1394,
            "Actual Loops": 1,
            "Inner Unique": true,
            "Plans": [
              {
                "Node Type": "Index Scan",
                "Parent Relationship": "Outer",
                "Parallel Aware": false,
                "Scan Direction": "Forward",
                "Index Name": "company_id_movie_companies",
                "Relation Name": "movie_companies",
                "Alias": "mc",
                "Startup Cost": 0.43,
                "Total Cost": 273.83,
                "Plan Rows": 50,
                "Plan Width": 4,
                "Actual Startup Time": 0.15,
                "Actual Total Time": 3.957,
                "Actual Rows": 1394,
                "Actual Loops": 1,
                "Index Cond": "(company_id = 11339)",
                "Rows Removed by Index Recheck": 0,
                "Filter": "(company_type_id < 2)",
                "Rows Removed by Filter": 1475
              },
              {
                "Node Type": "Index Scan",
                "Parent Relationship": "Inner",
                "Parallel Aware": false,
                "Scan Direction": "Forward",
                "Index Name": "title_pkey",
                "Relation Name": "title",
                "Alias": "t",
                "Startup Cost": 0.43,
                "Total Cost": 8.45,
                "Plan Rows": 1,
                "Plan Width": 4,
                "Actual Startup Time": 0.006,
                "Actual Total Time": 0.006,
                "Actual Rows": 1,
                "Actual Loops": 1394,
                "Index Cond": "(id = mc.movie_id)",
                "Rows Removed by Index Recheck": 0,
                "Filter": "((production_year < 1974) AND (kind_id = 1))",
                "Rows Removed by Filter": 0
              }
            ]
          },
          {
            "Node Type": "Index Scan",
            "Parent Relationship": "Inner",
            "Parallel Aware": false,
            "Scan Direction": "Forward",
            "Index Name": "movie_id_cast_info",
            "Relation Name": "cast_info",
            "Alias": "ci",
            "Startup Cost": 0.56,
            "Total Cost": 13.48,
            "Plan Rows": 28,
            "Plan Width": 4,
            "Actual Startup Time": 0.008,
            "Actual Total Time": 0.009,
            "Actual Rows": 1,
            "Actual Loops": 1394,
            "Index Cond": "(movie_id = t.id)",
            "Rows Removed by Index Recheck": 0,
            "Filter": "(person_id > 900883)",
            "Rows Removed by Filter": 1
          }
        ]
      }
    ]
  },
  "Planning Time": 1.115,
  "Triggers": [],
  "Execution Time": 28.222
}