[
    {
        "Bao": {
            "Bao prediction": "NaN",
            "Bao recommended hint": "(no hint)"
        }
    },
    {
        "Plan": {
            "Node Type": "Aggregate",
            "Strategy": "Plain",
            "Partial Mode": "Finalize",
            "Parallel Aware": false,
            "Startup Cost": 27838.94,
            "Total Cost": 27838.95,
            "Plan Rows": 1,
            "Plan Width": 8,
            "Actual Startup Time": 76.868,
            "Actual Total Time": 81.796,
            "Actual Rows": 1,
            "Actual Loops": 1,
            "Output": [
                "count(*)"
            ],
            "Plans": [
                {
                    "Node Type": "Gather",
                    "Parent Relationship": "Outer",
                    "Parallel Aware": false,
                    "Startup Cost": 27838.62,
                    "Total Cost": 27838.93,
                    "Plan Rows": 3,
                    "Plan Width": 8,
                    "Actual Startup Time": 76.614,
                    "Actual Total Time": 81.789,
                    "Actual Rows": 4,
                    "Actual Loops": 1,
                    "Output": [
                        "(PARTIAL count(*))"
                    ],
                    "Workers Planned": 3,
                    "Workers Launched": 3,
                    "Single Copy": false,
                    "Plans": [
                        {
                            "Node Type": "Aggregate",
                            "Strategy": "Plain",
                            "Partial Mode": "Partial",
                            "Parent Relationship": "Outer",
                            "Parallel Aware": false,
                            "Startup Cost": 26838.62,
                            "Total Cost": 26838.63,
                            "Plan Rows": 1,
                            "Plan Width": 8,
                            "Actual Startup Time": 68.022,
                            "Actual Total Time": 68.023,
                            "Actual Rows": 1,
                            "Actual Loops": 4,
                            "Output": [
                                "PARTIAL count(*)"
                            ],
                            "Workers": [
                                {
                                    "Worker Number": 0,
                                    "Actual Startup Time": 64.846,
                                    "Actual Total Time": 64.848,
                                    "Actual Rows": 1,
                                    "Actual Loops": 1
                                },
                                {
                                    "Worker Number": 1,
                                    "Actual Startup Time": 65.328,
                                    "Actual Total Time": 65.33,
                                    "Actual Rows": 1,
                                    "Actual Loops": 1
                                },
                                {
                                    "Worker Number": 2,
                                    "Actual Startup Time": 65.553,
                                    "Actual Total Time": 65.555,
                                    "Actual Rows": 1,
                                    "Actual Loops": 1
                                }
                            ],
                            "Plans": [
                                {
                                    "Node Type": "Bitmap Heap Scan",
                                    "Parent Relationship": "Outer",
                                    "Parallel Aware": true,
                                    "Relation Name": "movie_companies",
                                    "Schema": "public",
                                    "Alias": "mc",
                                    "Startup Cost": 6475.48,
                                    "Total Cost": 26719.81,
                                    "Plan Rows": 47524,
                                    "Plan Width": 0,
                                    "Actual Startup Time": 15.304,
                                    "Actual Total Time": 63.768,
                                    "Actual Rows": 56096,
                                    "Actual Loops": 4,
                                    "Recheck Cond": "(mc.company_id < 160)",
                                    "Rows Removed by Index Recheck": 0,
                                    "Filter": "(mc.company_type_id < 2)",
                                    "Rows Removed by Filter": 17123,
                                    "Exact Heap Blocks": 9958,
                                    "Lossy Heap Blocks": 0,
                                    "Workers": [
                                        {
                                            "Worker Number": 0,
                                            "Actual Startup Time": 12.253,
                                            "Actual Total Time": 61.026,
                                            "Actual Rows": 27355,
                                            "Actual Loops": 1
                                        },
                                        {
                                            "Worker Number": 1,
                                            "Actual Startup Time": 12.625,
                                            "Actual Total Time": 61.672,
                                            "Actual Rows": 24974,
                                            "Actual Loops": 1
                                        },
                                        {
                                            "Worker Number": 2,
                                            "Actual Startup Time": 12.89,
                                            "Actual Total Time": 61.737,
                                            "Actual Rows": 27289,
                                            "Actual Loops": 1
                                        }
                                    ],
                                    "Plans": [
                                        {
                                            "Node Type": "Bitmap Index Scan",
                                            "Parent Relationship": "Outer",
                                            "Parallel Aware": false,
                                            "Index Name": "company_id_movie_companies",
                                            "Startup Cost": 0.0,
                                            "Total Cost": 6438.65,
                                            "Plan Rows": 300562,
                                            "Plan Width": 0,
                                            "Actual Startup Time": 20.88,
                                            "Actual Total Time": 20.881,
                                            "Actual Rows": 292877,
                                            "Actual Loops": 1,
                                            "Index Cond": "(mc.company_id < 160)"
                                        }
                                    ]
                                }
                            ]
                        }
                    ]
                }
            ]
        },
        "Planning Time": 191.43,
        "Triggers": [],
        "Execution Time": 81.851
    }
]