[
  {
    "Plan": {
      "Node Type": "Aggregate",
      "Strategy": "Plain",
      "Partial Mode": "Finalize",
      "Parallel Aware": false,
      "Startup Cost": 90650.25,
      "Total Cost": 90650.26,
      "Plan Rows": 1,
      "Plan Width": 8,
      "Actual Startup Time": 246.261,
      "Actual Total Time": 267.813,
      "Actual Rows": 1,
      "Actual Loops": 1,
      "Plans": [
        {
          "Node Type": "Gather",
          "Parent Relationship": "Outer",
          "Parallel Aware": false,
          "Startup Cost": 90649.83,
          "Total Cost": 90650.24,
          "Plan Rows": 4,
          "Plan Width": 8,
          "Actual Startup Time": 245.723,
          "Actual Total Time": 267.805,
          "Actual Rows": 5,
          "Actual Loops": 1,
          "Workers Planned": 4,
          "Workers Launched": 4,
          "Single Copy": false,
          "Plans": [
            {
              "Node Type": "Aggregate",
              "Strategy": "Plain",
              "Partial Mode": "Partial",
              "Parent Relationship": "Outer",
              "Parallel Aware": false,
              "Startup Cost": 89649.83,
              "Total Cost": 89649.84,
              "Plan Rows": 1,
              "Plan Width": 8,
              "Actual Startup Time": 235.332,
              "Actual Total Time": 235.337,
              "Actual Rows": 1,
              "Actual Loops": 5,
              "Plans": [
                {
                  "Node Type": "Nested Loop",
                  "Parent Relationship": "Outer",
                  "Parallel Aware": false,
                  "Join Type": "Inner",
                  "Startup Cost": 20431.42,
                  "Total Cost": 89607.53,
                  "Plan Rows": 16922,
                  "Plan Width": 0,
                  "Actual Startup Time": 127.247,
                  "Actual Total Time": 232.154,
                  "Actual Rows": 61869,
                  "Actual Loops": 5,
                  "Inner Unique": false,
                  "Plans": [
                    {
                      "Node Type": "Hash Join",
                      "Parent Relationship": "Outer",
                      "Parallel Aware": true,
                      "Join Type": "Inner",
                      "Startup Cost": 20430.99,
                      "Total Cost": 65954.58,
                      "Plan Rows": 13794,
                      "Plan Width": 8,
                      "Actual Startup Time": 123.159,
                      "Actual Total Time": 170.158,
                      "Actual Rows": 10525,
                      "Actual Loops": 5,
                      "Inner Unique": false,
                      "Hash Cond": "(t.id = mc.movie_id)",
                      "Plans": [
                        {
                          "Node Type": "Seq Scan",
                          "Parent Relationship": "Outer",
                          "Parallel Aware": true,
                          "Relation Name": "title",
                          "Alias": "t",
                          "Startup Cost": 0.0,
                          "Total Cost": 42318.73,
                          "Plan Rows": 632073,
                          "Plan Width": 4,
                          "Actual Startup Time": 0.025,
                          "Actual Total Time": 73.615,
                          "Actual Rows": 505662,
                          "Actual Loops": 5
                        },
                        {
                          "Node Type": "Hash",
                          "Parent Relationship": "Inner",
                          "Parallel Aware": true,
                          "Startup Cost": 20208.52,
                          "Total Cost": 20208.52,
                          "Plan Rows": 17798,
                          "Plan Width": 4,
                          "Actual Startup Time": 21.393,
                          "Actual Total Time": 21.394,
                          "Actual Rows": 10525,
                          "Actual Loops": 5,
                          "Hash Buckets": 65536,
                          "Original Hash Buckets": 65536,
                          "Hash Batches": 1,
                          "Original Hash Batches": 1,
                          "Peak Memory Usage": 2720,
                          "Plans": [
                            {
                              "Node Type": "Bitmap Heap Scan",
                              "Parent Relationship": "Outer",
                              "Parallel Aware": true,
                              "Relation Name": "movie_companies",
                              "Alias": "mc",
                              "Startup Cost": 1196.04,
                              "Total Cost": 20208.52,
                              "Plan Rows": 17798,
                              "Plan Width": 4,
                              "Actual Startup Time": 2.053,
                              "Actual Total Time": 13.558,
                              "Actual Rows": 10525,
                              "Actual Loops": 5,
                              "Recheck Cond": "(company_id > 189412)",
                              "Rows Removed by Index Recheck": 0,
                              "Exact Heap Blocks": 653,
                              "Lossy Heap Blocks": 0,
                              "Plans": [
                                {
                                  "Node Type": "Bitmap Index Scan",
                                  "Parent Relationship": "Outer",
                                  "Parallel Aware": false,
                                  "Index Name": "company_id_movie_companies",
                                  "Startup Cost": 0.0,
                                  "Total Cost": 1182.24,
                                  "Plan Rows": 55175,
                                  "Plan Width": 0,
                                  "Actual Startup Time": 7.21,
                                  "Actual Total Time": 7.21,
                                  "Actual Rows": 52624,
                                  "Actual Loops": 1,
                                  "Index Cond": "(company_id > 189412)"
                                }
                              ]
                            }
                          ]
                        }
                      ]
                    },
                    {
                      "Node Type": "Index Scan",
                      "Parent Relationship": "Inner",
                      "Parallel Aware": false,
                      "Scan Direction": "Forward",
                      "Index Name": "movie_id_movie_keyword",
                      "Relation Name": "movie_keyword",
                      "Alias": "mk",
                      "Startup Cost": 0.43,
                      "Total Cost": 1.4,
                      "Plan Rows": 31,
                      "Plan Width": 4,
                      "Actual Startup Time": 0.004,
                      "Actual Total Time": 0.005,
                      "Actual Rows": 6,
                      "Actual Loops": 52624,
                      "Index Cond": "(movie_id = t.id)",
                      "Rows Removed by Index Recheck": 0,
                      "Filter": "(keyword_id < 11694)",
                      "Rows Removed by Filter": 3
                    }
                  ]
                }
              ]
            }
          ]
        }
      ]
    },
    "Planning Time": 1.508,
    "Triggers": [],
    "Execution Time": 267.922
  }
]