[
  {
    "Plan": {
      "Node Type": "Aggregate",
      "Strategy": "Plain",
      "Partial Mode": "Finalize",
      "Parallel Aware": false,
      "Startup Cost": 31293.09,
      "Total Cost": 31293.1,
      "Plan Rows": 1,
      "Plan Width": 8,
      "Actual Startup Time": 101.459,
      "Actual Total Time": 109.171,
      "Actual Rows": 1,
      "Actual Loops": 1,
      "Plans": [
        {
          "Node Type": "Gather",
          "Parent Relationship": "Outer",
          "Parallel Aware": false,
          "Startup Cost": 31292.77,
          "Total Cost": 31293.08,
          "Plan Rows": 3,
          "Plan Width": 8,
          "Actual Startup Time": 101.376,
          "Actual Total Time": 109.163,
          "Actual Rows": 4,
          "Actual Loops": 1,
          "Workers Planned": 3,
          "Workers Launched": 3,
          "Single Copy": false,
          "Plans": [
            {
              "Node Type": "Aggregate",
              "Strategy": "Plain",
              "Partial Mode": "Partial",
              "Parent Relationship": "Outer",
              "Parallel Aware": false,
              "Startup Cost": 30292.77,
              "Total Cost": 30292.78,
              "Plan Rows": 1,
              "Plan Width": 8,
              "Actual Startup Time": 95.3,
              "Actual Total Time": 95.301,
              "Actual Rows": 1,
              "Actual Loops": 4,
              "Plans": [
                {
                  "Node Type": "Seq Scan",
                  "Parent Relationship": "Outer",
                  "Parallel Aware": true,
                  "Relation Name": "movie_companies",
                  "Alias": "mc",
                  "Startup Cost": 0.0,
                  "Total Cost": 29310.68,
                  "Plan Rows": 392836,
                  "Plan Width": 0,
                  "Actual Startup Time": 19.081,
                  "Actual Total Time": 80.819,
                  "Actual Rows": 305213,
                  "Actual Loops": 4,
                  "Filter": "(company_id > 12018)",
                  "Rows Removed by Filter": 347069
                }
              ]
            }
          ]
        }
      ]
    },
    "Planning Time": 0.129,
    "Triggers": [],
    "Execution Time": 109.215
  }
]