[
  {
    "Plan": {
      "Node Type": "Aggregate",
      "Strategy": "Plain",
      "Partial Mode": "Finalize",
      "Parallel Aware": false,
      "Startup Cost": 44901.92,
      "Total Cost": 44901.93,
      "Plan Rows": 1,
      "Plan Width": 8,
      "Actual Startup Time": 96.092,
      "Actual Total Time": 108.949,
      "Actual Rows": 1,
      "Actual Loops": 1,
      "Plans": [
        {
          "Node Type": "Gather",
          "Parent Relationship": "Outer",
          "Parallel Aware": false,
          "Startup Cost": 44901.5,
          "Total Cost": 44901.91,
          "Plan Rows": 4,
          "Plan Width": 8,
          "Actual Startup Time": 95.939,
          "Actual Total Time": 108.94,
          "Actual Rows": 5,
          "Actual Loops": 1,
          "Workers Planned": 4,
          "Workers Launched": 4,
          "Single Copy": false,
          "Plans": [
            {
              "Node Type": "Aggregate",
              "Strategy": "Plain",
              "Partial Mode": "Partial",
              "Parent Relationship": "Outer",
              "Parallel Aware": false,
              "Startup Cost": 43901.5,
              "Total Cost": 43901.51,
              "Plan Rows": 1,
              "Plan Width": 8,
              "Actual Startup Time": 86.652,
              "Actual Total Time": 86.653,
              "Actual Rows": 1,
              "Actual Loops": 5,
              "Plans": [
                {
                  "Node Type": "Seq Scan",
                  "Parent Relationship": "Outer",
                  "Parallel Aware": true,
                  "Relation Name": "title",
                  "Alias": "t",
                  "Startup Cost": 0.0,
                  "Total Cost": 43898.92,
                  "Plan Rows": 1032,
                  "Plan Width": 0,
                  "Actual Startup Time": 61.081,
                  "Actual Total Time": 86.56,
                  "Actual Rows": 756,
                  "Actual Loops": 5,
                  "Filter": "(production_year = 1918)",
                  "Rows Removed by Filter": 504906
                }
              ]
            }
          ]
        }
      ]
    },
    "Planning Time": 0.134,
    "Triggers": [],
    "Execution Time": 109.007
  }
]