[
  {
    "Plan": {
      "Node Type": "Aggregate",
      "Strategy": "Plain",
      "Partial Mode": "Finalize",
      "Parallel Aware": false,
      "Startup Cost": 47541.75,
      "Total Cost": 47541.76,
      "Plan Rows": 1,
      "Plan Width": 8,
      "Actual Startup Time": 107.37,
      "Actual Total Time": 119.311,
      "Actual Rows": 1,
      "Actual Loops": 1,
      "Plans": [
        {
          "Node Type": "Gather",
          "Parent Relationship": "Outer",
          "Parallel Aware": false,
          "Startup Cost": 47541.33,
          "Total Cost": 47541.74,
          "Plan Rows": 4,
          "Plan Width": 8,
          "Actual Startup Time": 107.199,
          "Actual Total Time": 119.295,
          "Actual Rows": 5,
          "Actual Loops": 1,
          "Workers Planned": 4,
          "Workers Launched": 4,
          "Single Copy": false,
          "Plans": [
            {
              "Node Type": "Aggregate",
              "Strategy": "Plain",
              "Partial Mode": "Partial",
              "Parent Relationship": "Outer",
              "Parallel Aware": false,
              "Startup Cost": 46541.33,
              "Total Cost": 46541.34,
              "Plan Rows": 1,
              "Plan Width": 8,
              "Actual Startup Time": 101.99,
              "Actual Total Time": 101.991,
              "Actual Rows": 1,
              "Actual Loops": 5,
              "Plans": [
                {
                  "Node Type": "Seq Scan",
                  "Parent Relationship": "Outer",
                  "Parallel Aware": true,
                  "Relation Name": "title",
                  "Alias": "t",
                  "Startup Cost": 0.0,
                  "Total Cost": 45479.59,
                  "Plan Rows": 424696,
                  "Plan Width": 0,
                  "Actual Startup Time": 0.028,
                  "Actual Total Time": 85.955,
                  "Actual Rows": 358958,
                  "Actual Loops": 5,
                  "Filter": "((kind_id > 1) AND (production_year > 1950))",
                  "Rows Removed by Filter": 146705
                }
              ]
            }
          ]
        }
      ]
    },
    "Planning Time": 0.089,
    "Triggers": [],
    "Execution Time": 119.343
  }
]