[
  {
    "Plan": {
      "Node Type": "Aggregate",
      "Strategy": "Plain",
      "Partial Mode": "Finalize",
      "Parallel Aware": false,
      "Startup Cost": 56004.2,
      "Total Cost": 56004.21,
      "Plan Rows": 1,
      "Plan Width": 8,
      "Actual Startup Time": 166.405,
      "Actual Total Time": 201.395,
      "Actual Rows": 1,
      "Actual Loops": 1,
      "Plans": [
        {
          "Node Type": "Gather",
          "Parent Relationship": "Outer",
          "Parallel Aware": false,
          "Startup Cost": 56003.78,
          "Total Cost": 56004.19,
          "Plan Rows": 4,
          "Plan Width": 8,
          "Actual Startup Time": 166.125,
          "Actual Total Time": 201.386,
          "Actual Rows": 5,
          "Actual Loops": 1,
          "Workers Planned": 4,
          "Workers Launched": 4,
          "Single Copy": false,
          "Plans": [
            {
              "Node Type": "Aggregate",
              "Strategy": "Plain",
              "Partial Mode": "Partial",
              "Parent Relationship": "Outer",
              "Parallel Aware": false,
              "Startup Cost": 55003.78,
              "Total Cost": 55003.79,
              "Plan Rows": 1,
              "Plan Width": 8,
              "Actual Startup Time": 156.309,
              "Actual Total Time": 156.311,
              "Actual Rows": 1,
              "Actual Loops": 5,
              "Plans": [
                {
                  "Node Type": "Nested Loop",
                  "Parent Relationship": "Outer",
                  "Parallel Aware": false,
                  "Join Type": "Inner",
                  "Startup Cost": 0.99,
                  "Total Cost": 54993.44,
                  "Plan Rows": 4137,
                  "Plan Width": 0,
                  "Actual Startup Time": 56.817,
                  "Actual Total Time": 155.337,
                  "Actual Rows": 15765,
                  "Actual Loops": 5,
                  "Inner Unique": false,
                  "Join Filter": "(t.id = ci.movie_id)",
                  "Rows Removed by Join Filter": 0,
                  "Plans": [
                    {
                      "Node Type": "Nested Loop",
                      "Parent Relationship": "Outer",
                      "Parallel Aware": false,
                      "Join Type": "Inner",
                      "Startup Cost": 0.43,
                      "Total Cost": 53273.11,
                      "Plan Rows": 658,
                      "Plan Width": 8,
                      "Actual Startup Time": 56.53,
                      "Actual Total Time": 82.509,
                      "Actual Rows": 1359,
                      "Actual Loops": 5,
                      "Inner Unique": false,
                      "Plans": [
                        {
                          "Node Type": "Seq Scan",
                          "Parent Relationship": "Outer",
                          "Parallel Aware": true,
                          "Relation Name": "title",
                          "Alias": "t",
                          "Startup Cost": 0.0,
                          "Total Cost": 45479.1,
                          "Plan Rows": 1205,
                          "Plan Width": 4,
                          "Actual Startup Time": 56.353,
                          "Actual Total Time": 76.237,
                          "Actual Rows": 936,
                          "Actual Loops": 5,
                          "Filter": "((kind_id = 1) AND (production_year = 1987))",
                          "Rows Removed by Filter": 504726
                        },
                        {
                          "Node Type": "Index Only Scan",
                          "Parent Relationship": "Inner",
                          "Parallel Aware": false,
                          "Scan Direction": "Forward",
                          "Index Name": "movie_id_movie_info_idx",
                          "Relation Name": "movie_info_idx",
                          "Alias": "mi_idx",
                          "Startup Cost": 0.43,
                          "Total Cost": 6.44,
                          "Plan Rows": 3,
                          "Plan Width": 4,
                          "Actual Startup Time": 0.006,
                          "Actual Total Time": 0.006,
                          "Actual Rows": 1,
                          "Actual Loops": 4682,
                          "Index Cond": "(movie_id = t.id)",
                          "Rows Removed by Index Recheck": 0,
                          "Heap Fetches": 6795
                        }
                      ]
                    },
                    {
                      "Node Type": "Index Scan",
                      "Parent Relationship": "Inner",
                      "Parallel Aware": false,
                      "Scan Direction": "Forward",
                      "Index Name": "movie_id_cast_info",
                      "Relation Name": "cast_info",
                      "Alias": "ci",
                      "Startup Cost": 0.56,
                      "Total Cost": 2.41,
                      "Plan Rows": 16,
                      "Plan Width": 4,
                      "Actual Startup Time": 0.029,
                      "Actual Total Time": 0.052,
                      "Actual Rows": 12,
                      "Actual Loops": 6795,
                      "Index Cond": "(movie_id = mi_idx.movie_id)",
                      "Rows Removed by Index Recheck": 0,
                      "Filter": "(person_id > 2046426)",
                      "Rows Removed by Filter": 20
                    }
                  ]
                }
              ]
            }
          ]
        }
      ]
    },
    "Planning Time": 1.242,
    "Triggers": [],
    "Execution Time": 201.498
  }
]