[
  {
    "Plan": {
      "Node Type": "Aggregate",
      "Strategy": "Plain",
      "Partial Mode": "Finalize",
      "Parallel Aware": false,
      "Startup Cost": 337244.81,
      "Total Cost": 337244.82,
      "Plan Rows": 1,
      "Plan Width": 8,
      "Actual Startup Time": 804.852,
      "Actual Total Time": 851.871,
      "Actual Rows": 1,
      "Actual Loops": 1,
      "Plans": [
        {
          "Node Type": "Gather",
          "Parent Relationship": "Outer",
          "Parallel Aware": false,
          "Startup Cost": 337244.19,
          "Total Cost": 337244.8,
          "Plan Rows": 6,
          "Plan Width": 8,
          "Actual Startup Time": 804.645,
          "Actual Total Time": 851.86,
          "Actual Rows": 7,
          "Actual Loops": 1,
          "Workers Planned": 6,
          "Workers Launched": 6,
          "Single Copy": false,
          "Plans": [
            {
              "Node Type": "Aggregate",
              "Strategy": "Plain",
              "Partial Mode": "Partial",
              "Parent Relationship": "Outer",
              "Parallel Aware": false,
              "Startup Cost": 336244.19,
              "Total Cost": 336244.2,
              "Plan Rows": 1,
              "Plan Width": 8,
              "Actual Startup Time": 793.956,
              "Actual Total Time": 793.957,
              "Actual Rows": 1,
              "Actual Loops": 7,
              "Plans": [
                {
                  "Node Type": "Seq Scan",
                  "Parent Relationship": "Outer",
                  "Parallel Aware": true,
                  "Relation Name": "cast_info",
                  "Alias": "ci",
                  "Startup Cost": 0.0,
                  "Total Cost": 328211.39,
                  "Plan Rows": 3213118,
                  "Plan Width": 0,
                  "Actual Startup Time": 203.377,
                  "Actual Total Time": 645.899,
                  "Actual Rows": 2728616,
                  "Actual Loops": 7,
                  "Filter": "(person_id > 1693687)",
                  "Rows Removed by Filter": 2449147
                }
              ]
            }
          ]
        }
      ]
    },
    "Planning Time": 0.168,
    "Triggers": [],
    "Execution Time": 851.939
  }
]