[
  {
    "Plan": {
      "Node Type": "Aggregate",
      "Strategy": "Plain",
      "Partial Mode": "Finalize",
      "Parallel Aware": false,
      "Startup Cost": 31676.18,
      "Total Cost": 31676.19,
      "Plan Rows": 1,
      "Plan Width": 8,
      "Actual Startup Time": 127.426,
      "Actual Total Time": 135.562,
      "Actual Rows": 1,
      "Actual Loops": 1,
      "Plans": [
        {
          "Node Type": "Gather",
          "Parent Relationship": "Outer",
          "Parallel Aware": false,
          "Startup Cost": 31675.86,
          "Total Cost": 31676.17,
          "Plan Rows": 3,
          "Plan Width": 8,
          "Actual Startup Time": 127.236,
          "Actual Total Time": 135.548,
          "Actual Rows": 4,
          "Actual Loops": 1,
          "Workers Planned": 3,
          "Workers Launched": 3,
          "Single Copy": false,
          "Plans": [
            {
              "Node Type": "Aggregate",
              "Strategy": "Plain",
              "Partial Mode": "Partial",
              "Parent Relationship": "Outer",
              "Parallel Aware": false,
              "Startup Cost": 30675.86,
              "Total Cost": 30675.87,
              "Plan Rows": 1,
              "Plan Width": 8,
              "Actual Startup Time": 118.173,
              "Actual Total Time": 118.174,
              "Actual Rows": 1,
              "Actual Loops": 4,
              "Plans": [
                {
                  "Node Type": "Seq Scan",
                  "Parent Relationship": "Outer",
                  "Parallel Aware": true,
                  "Relation Name": "movie_companies",
                  "Alias": "mc",
                  "Startup Cost": 0.0,
                  "Total Cost": 29310.68,
                  "Plan Rows": 546072,
                  "Plan Width": 0,
                  "Actual Startup Time": 2.671,
                  "Actual Total Time": 94.877,
                  "Actual Rows": 422905,
                  "Actual Loops": 4,
                  "Filter": "(company_id > 3121)",
                  "Rows Removed by Filter": 229377
                }
              ]
            }
          ]
        }
      ]
    },
    "Planning Time": 0.2,
    "Triggers": [],
    "Execution Time": 135.62
  }
]