{
  "Plan": {
    "Node Type": "Aggregate",
    "Strategy": "Plain",
    "Partial Mode": "Finalize",
    "Parallel Aware": false,
    "Startup Cost": 289922.05,
    "Total Cost": 289922.06,
    "Plan Rows": 1,
    "Plan Width": 8,
    "Actual Startup Time": 1624.716,
    "Actual Total Time": 1645.515,
    "Actual Rows": 1,
    "Actual Loops": 1,
    "Plans": [
      {
        "Node Type": "Gather",
        "Parent Relationship": "Outer",
        "Parallel Aware": false,
        "Startup Cost": 289921.93,
        "Total Cost": 289922.04,
        "Plan Rows": 1,
        "Plan Width": 8,
        "Actual Startup Time": 1619.663,
        "Actual Total Time": 1645.507,
        "Actual Rows": 2,
        "Actual Loops": 1,
        "Workers Planned": 1,
        "Workers Launched": 1,
        "Single Copy": false,
        "Plans": [
          {
            "Node Type": "Aggregate",
            "Strategy": "Plain",
            "Partial Mode": "Partial",
            "Parent Relationship": "Outer",
            "Parallel Aware": false,
            "Startup Cost": 288921.93,
            "Total Cost": 288921.94,
            "Plan Rows": 1,
            "Plan Width": 8,
            "Actual Startup Time": 1606.007,
            "Actual Total Time": 1606.015,
            "Actual Rows": 1,
            "Actual Loops": 2,
            "Plans": [
              {
                "Node Type": "Merge Join",
                "Parent Relationship": "Outer",
                "Parallel Aware": false,
                "Join Type": "Inner",
                "Startup Cost": 281833.54,
                "Total Cost": 288616.5,
                "Plan Rows": 122172,
                "Plan Width": 0,
                "Actual Startup Time": 1434.099,
                "Actual Total Time": 1597.057,
                "Actual Rows": 223413,
                "Actual Loops": 2,
                "Inner Unique": false,
                "Merge Cond": "(t.id = mc.movie_id)",
                "Plans": [
                  {
                    "Node Type": "Sort",
                    "Parent Relationship": "Outer",
                    "Parallel Aware": false,
                    "Startup Cost": 176335.57,
                    "Total Cost": 177660.86,
                    "Plan Rows": 530113,
                    "Plan Width": 8,
                    "Actual Startup Time": 1015.485,
                    "Actual Total Time": 1055.891,
                    "Actual Rows": 404127,
                    "Actual Loops": 2,
                    "Sort Key": [
                      "t.id"
                    ],
                    "Sort Method": "quicksort",
                    "Sort Space Used": 31570,
                    "Sort Space Type": "Memory",
                    "Workers": [
                      {
                        "Worker Number": 0,
                        "Sort Method": "quicksort",
                        "Sort Space Used": 30896,
                        "Sort Space Type": "Memory"
                      }
                    ],
                    "Plans": [
                      {
                        "Node Type": "Hash Join",
                        "Parent Relationship": "Outer",
                        "Parallel Aware": true,
                        "Join Type": "Inner",
                        "Startup Cost": 69461.26,
                        "Total Cost": 125932.59,
                        "Plan Rows": 530113,
                        "Plan Width": 8,
                        "Actual Startup Time": 573.284,
                        "Actual Total Time": 919.647,
                        "Actual Rows": 404148,
                        "Actual Loops": 2,
                        "Inner Unique": true,
                        "Hash Cond": "(ci.movie_id = t.id)",
                        "Plans": [
                          {
                            "Node Type": "Index Scan",
                            "Parent Relationship": "Outer",
                            "Parallel Aware": true,
                            "Scan Direction": "Forward",
                            "Index Name": "role_id_cast_info",
                            "Relation Name": "cast_info",
                            "Alias": "ci",
                            "Startup Cost": 0.56,
                            "Total Cost": 55080.34,
                            "Plan Rows": 530113,
                            "Plan Width": 4,
                            "Actual Startup Time": 0.193,
                            "Actual Total Time": 136.32,
                            "Actual Rows": 404148,
                            "Actual Loops": 2,
                            "Index Cond": "(role_id = 8)",
                            "Rows Removed by Index Recheck": 0,
                            "Filter": "(person_id < 1911059)",
                            "Rows Removed by Filter": 447624
                          },
                          {
                            "Node Type": "Hash",
                            "Parent Relationship": "Inner",
                            "Parallel Aware": true,
                            "Startup Cost": 50870.31,
                            "Total Cost": 50870.31,
                            "Plan Rows": 1487231,
                            "Plan Width": 4,
                            "Actual Startup Time": 552.614,
                            "Actual Total Time": 552.615,
                            "Actual Rows": 1264156,
                            "Actual Loops": 2,
                            "Hash Buckets": 4194304,
                            "Original Hash Buckets": 4194304,
                            "Hash Batches": 1,
                            "Original Hash Batches": 1,
                            "Peak Memory Usage": 131680,
                            "Plans": [
                              {
                                "Node Type": "Seq Scan",
                                "Parent Relationship": "Outer",
                                "Parallel Aware": true,
                                "Relation Name": "title",
                                "Alias": "t",
                                "Startup Cost": 0.0,
                                "Total Cost": 50870.31,
                                "Plan Rows": 1487231,
                                "Plan Width": 4,
                                "Actual Startup Time": 0.02,
                                "Actual Total Time": 162.379,
                                "Actual Rows": 1264156,
                                "Actual Loops": 2
                              }
                            ]
                          }
                        ]
                      }
                    ]
                  },
                  {
                    "Node Type": "Sort",
                    "Parent Relationship": "Inner",
                    "Parallel Aware": false,
                    "Startup Cost": 105497.92,
                    "Total Cost": 106954.62,
                    "Plan Rows": 582682,
                    "Plan Width": 4,
                    "Actual Startup Time": 418.599,
                    "Actual Total Time": 451.259,
                    "Actual Rows": 876124,
                    "Actual Loops": 2,
                    "Sort Key": [
                      "mc.movie_id"
                    ],
                    "Sort Method": "quicksort",
                    "Sort Space Used": 65220,
                    "Sort Space Type": "Memory",
                    "Workers": [
                      {
                        "Worker Number": 0,
                        "Sort Method": "quicksort",
                        "Sort Space Used": 65220,
                        "Sort Space Type": "Memory"
                      }
                    ],
                    "Plans": [
                      {
                        "Node Type": "Index Scan",
                        "Parent Relationship": "Outer",
                        "Parallel Aware": false,
                        "Scan Direction": "Forward",
                        "Index Name": "company_type_id_movie_companies",
                        "Relation Name": "movie_companies",
                        "Alias": "mc",
                        "Startup Cost": 0.43,
                        "Total Cost": 49699.27,
                        "Plan Rows": 582682,
                        "Plan Width": 4,
                        "Actual Startup Time": 0.091,
                        "Actual Total Time": 246.35,
                        "Actual Rows": 867067,
                        "Actual Loops": 2,
                        "Index Cond": "(company_type_id > 1)",
                        "Rows Removed by Index Recheck": 0,
                        "Filter": "(company_id > 13114)",
                        "Rows Removed by Filter": 467816
                      }
                    ]
                  }
                ]
              }
            ]
          }
        ]
      }
    ]
  },
  "Planning Time": 1.272,
  "Triggers": [],
  "Execution Time": 1648.969
}