[
  {
    "Plan": {
      "Node Type": "Aggregate",
      "Strategy": "Plain",
      "Partial Mode": "Finalize",
      "Parallel Aware": false,
      "Startup Cost": 214383.64,
      "Total Cost": 214383.65,
      "Plan Rows": 1,
      "Plan Width": 8,
      "Actual Startup Time": 677.256,
      "Actual Total Time": 754.215,
      "Actual Rows": 1,
      "Actual Loops": 1,
      "Plans": [
        {
          "Node Type": "Gather",
          "Parent Relationship": "Outer",
          "Parallel Aware": false,
          "Startup Cost": 214383.33,
          "Total Cost": 214383.64,
          "Plan Rows": 3,
          "Plan Width": 8,
          "Actual Startup Time": 672.118,
          "Actual Total Time": 754.199,
          "Actual Rows": 4,
          "Actual Loops": 1,
          "Workers Planned": 3,
          "Workers Launched": 3,
          "Single Copy": false,
          "Plans": [
            {
              "Node Type": "Aggregate",
              "Strategy": "Plain",
              "Partial Mode": "Partial",
              "Parent Relationship": "Outer",
              "Parallel Aware": false,
              "Startup Cost": 213383.33,
              "Total Cost": 213383.34,
              "Plan Rows": 1,
              "Plan Width": 8,
              "Actual Startup Time": 664.495,
              "Actual Total Time": 664.501,
              "Actual Rows": 1,
              "Actual Loops": 4,
              "Plans": [
                {
                  "Node Type": "Nested Loop",
                  "Parent Relationship": "Outer",
                  "Parallel Aware": false,
                  "Join Type": "Inner",
                  "Startup Cost": 45992.46,
                  "Total Cost": 212120.57,
                  "Plan Rows": 505103,
                  "Plan Width": 0,
                  "Actual Startup Time": 198.235,
                  "Actual Total Time": 651.921,
                  "Actual Rows": 179421,
                  "Actual Loops": 4,
                  "Inner Unique": false,
                  "Plans": [
                    {
                      "Node Type": "Hash Join",
                      "Parent Relationship": "Outer",
                      "Parallel Aware": true,
                      "Join Type": "Inner",
                      "Startup Cost": 45991.9,
                      "Total Cost": 77755.89,
                      "Plan Rows": 35229,
                      "Plan Width": 8,
                      "Actual Startup Time": 198.078,
                      "Actual Total Time": 268.049,
                      "Actual Rows": 7083,
                      "Actual Loops": 4,
                      "Inner Unique": true,
                      "Hash Cond": "(mc.movie_id = t.id)",
                      "Plans": [
                        {
                          "Node Type": "Seq Scan",
                          "Parent Relationship": "Outer",
                          "Parallel Aware": true,
                          "Relation Name": "movie_companies",
                          "Alias": "mc",
                          "Startup Cost": 0.0,
                          "Total Cost": 31414.82,
                          "Plan Rows": 133020,
                          "Plan Width": 4,
                          "Actual Startup Time": 13.914,
                          "Actual Total Time": 69.947,
                          "Actual Rows": 21503,
                          "Actual Loops": 4,
                          "Filter": "((company_id > 26971) AND (company_type_id < 2))",
                          "Rows Removed by Filter": 630780
                        },
                        {
                          "Node Type": "Hash",
                          "Parent Relationship": "Inner",
                          "Parallel Aware": true,
                          "Startup Cost": 43899.32,
                          "Total Cost": 43899.32,
                          "Plan Rows": 167406,
                          "Plan Width": 4,
                          "Actual Startup Time": 180.986,
                          "Actual Total Time": 180.987,
                          "Actual Rows": 171036,
                          "Actual Loops": 4,
                          "Hash Buckets": 1048576,
                          "Original Hash Buckets": 1048576,
                          "Hash Batches": 1,
                          "Original Hash Batches": 1,
                          "Peak Memory Usage": 35040,
                          "Plans": [
                            {
                              "Node Type": "Seq Scan",
                              "Parent Relationship": "Outer",
                              "Parallel Aware": true,
                              "Relation Name": "title",
                              "Alias": "t",
                              "Startup Cost": 0.0,
                              "Total Cost": 43899.32,
                              "Plan Rows": 167406,
                              "Plan Width": 4,
                              "Actual Startup Time": 0.035,
                              "Actual Total Time": 111.079,
                              "Actual Rows": 171036,
                              "Actual Loops": 4,
                              "Filter": "(production_year < 1990)",
                              "Rows Removed by Filter": 461042
                            }
                          ]
                        }
                      ]
                    },
                    {
                      "Node Type": "Index Only Scan",
                      "Parent Relationship": "Inner",
                      "Parallel Aware": false,
                      "Scan Direction": "Forward",
                      "Index Name": "movie_id_cast_info",
                      "Relation Name": "cast_info",
                      "Alias": "ci",
                      "Startup Cost": 0.56,
                      "Total Cost": 3.46,
                      "Plan Rows": 35,
                      "Plan Width": 4,
                      "Actual Startup Time": 0.008,
                      "Actual Total Time": 0.051,
                      "Actual Rows": 25,
                      "Actual Loops": 28333,
                      "Index Cond": "(movie_id = t.id)",
                      "Rows Removed by Index Recheck": 0,
                      "Heap Fetches": 717685
                    }
                  ]
                }
              ]
            }
          ]
        }
      ]
    },
    "Planning Time": 0.56,
    "Triggers": [],
    "Execution Time": 754.277
  }
]