[
    {
        "Bao": {
            "Bao prediction": "NaN",
            "Bao recommended hint": "(no hint)"
        }
    },
    {
        "Plan": {
            "Node Type": "Aggregate",
            "Strategy": "Plain",
            "Partial Mode": "Finalize",
            "Parallel Aware": false,
            "Startup Cost": 312753.95,
            "Total Cost": 312753.96,
            "Plan Rows": 1,
            "Plan Width": 8,
            "Actual Startup Time": 206.493,
            "Actual Total Time": 211.508,
            "Actual Rows": 1,
            "Actual Loops": 1,
            "Output": [
                "count(*)"
            ],
            "Plans": [
                {
                    "Node Type": "Gather",
                    "Parent Relationship": "Outer",
                    "Parallel Aware": false,
                    "Startup Cost": 312753.33,
                    "Total Cost": 312753.94,
                    "Plan Rows": 6,
                    "Plan Width": 8,
                    "Actual Startup Time": 205.875,
                    "Actual Total Time": 211.499,
                    "Actual Rows": 7,
                    "Actual Loops": 1,
                    "Output": [
                        "(PARTIAL count(*))"
                    ],
                    "Workers Planned": 6,
                    "Workers Launched": 6,
                    "Single Copy": false,
                    "Plans": [
                        {
                            "Node Type": "Aggregate",
                            "Strategy": "Plain",
                            "Partial Mode": "Partial",
                            "Parent Relationship": "Outer",
                            "Parallel Aware": false,
                            "Startup Cost": 311753.33,
                            "Total Cost": 311753.34,
                            "Plan Rows": 1,
                            "Plan Width": 8,
                            "Actual Startup Time": 195.441,
                            "Actual Total Time": 195.443,
                            "Actual Rows": 1,
                            "Actual Loops": 7,
                            "Output": [
                                "PARTIAL count(*)"
                            ],
                            "Workers": [
                                {
                                    "Worker Number": 0,
                                    "Actual Startup Time": 193.162,
                                    "Actual Total Time": 193.164,
                                    "Actual Rows": 1,
                                    "Actual Loops": 1
                                },
                                {
                                    "Worker Number": 1,
                                    "Actual Startup Time": 193.315,
                                    "Actual Total Time": 193.317,
                                    "Actual Rows": 1,
                                    "Actual Loops": 1
                                },
                                {
                                    "Worker Number": 2,
                                    "Actual Startup Time": 193.682,
                                    "Actual Total Time": 193.683,
                                    "Actual Rows": 1,
                                    "Actual Loops": 1
                                },
                                {
                                    "Worker Number": 3,
                                    "Actual Startup Time": 193.944,
                                    "Actual Total Time": 193.946,
                                    "Actual Rows": 1,
                                    "Actual Loops": 1
                                },
                                {
                                    "Worker Number": 4,
                                    "Actual Startup Time": 194.152,
                                    "Actual Total Time": 194.153,
                                    "Actual Rows": 1,
                                    "Actual Loops": 1
                                },
                                {
                                    "Worker Number": 5,
                                    "Actual Startup Time": 194.581,
                                    "Actual Total Time": 194.582,
                                    "Actual Rows": 1,
                                    "Actual Loops": 1
                                }
                            ],
                            "Plans": [
                                {
                                    "Node Type": "Bitmap Heap Scan",
                                    "Parent Relationship": "Outer",
                                    "Parallel Aware": true,
                                    "Relation Name": "cast_info",
                                    "Schema": "public",
                                    "Alias": "ci",
                                    "Startup Cost": 52458.47,
                                    "Total Cost": 311109.3,
                                    "Plan Rows": 257611,
                                    "Plan Width": 0,
                                    "Actual Startup Time": 155.293,
                                    "Actual Total Time": 190.439,
                                    "Actual Rows": 96989,
                                    "Actual Loops": 7,
                                    "Recheck Cond": "(ci.person_id < 232326)",
                                    "Rows Removed by Index Recheck": 0,
                                    "Filter": "(ci.role_id > 1)",
                                    "Rows Removed by Filter": 244050,
                                    "Exact Heap Blocks": 6689,
                                    "Lossy Heap Blocks": 0,
                                    "Workers": [
                                        {
                                            "Worker Number": 0,
                                            "Actual Startup Time": 152.997,
                                            "Actual Total Time": 188.252,
                                            "Actual Rows": 71182,
                                            "Actual Loops": 1
                                        },
                                        {
                                            "Worker Number": 1,
                                            "Actual Startup Time": 153.164,
                                            "Actual Total Time": 188.311,
                                            "Actual Rows": 72524,
                                            "Actual Loops": 1
                                        },
                                        {
                                            "Worker Number": 2,
                                            "Actual Startup Time": 153.529,
                                            "Actual Total Time": 188.816,
                                            "Actual Rows": 105773,
                                            "Actual Loops": 1
                                        },
                                        {
                                            "Worker Number": 3,
                                            "Actual Startup Time": 153.786,
                                            "Actual Total Time": 189.078,
                                            "Actual Rows": 105654,
                                            "Actual Loops": 1
                                        },
                                        {
                                            "Worker Number": 4,
                                            "Actual Startup Time": 154.074,
                                            "Actual Total Time": 189.146,
                                            "Actual Rows": 73089,
                                            "Actual Loops": 1
                                        },
                                        {
                                            "Worker Number": 5,
                                            "Actual Startup Time": 154.414,
                                            "Actual Total Time": 189.725,
                                            "Actual Rows": 105236,
                                            "Actual Loops": 1
                                        }
                                    ],
                                    "Plans": [
                                        {
                                            "Node Type": "Bitmap Index Scan",
                                            "Parent Relationship": "Outer",
                                            "Parallel Aware": false,
                                            "Index Name": "person_id_cast_info",
                                            "Startup Cost": 0.0,
                                            "Total Cost": 52072.06,
                                            "Plan Rows": 2385532,
                                            "Plan Width": 0,
                                            "Actual Startup Time": 103.382,
                                            "Actual Total Time": 103.383,
                                            "Actual Rows": 2387272,
                                            "Actual Loops": 1,
                                            "Index Cond": "(ci.person_id < 232326)"
                                        }
                                    ]
                                }
                            ]
                        }
                    ]
                }
            ]
        },
        "Planning Time": 179.121,
        "Triggers": [],
        "Execution Time": 211.612
    }
]