{
  "Plan": {
    "Node Type": "Aggregate",
    "Strategy": "Plain",
    "Partial Mode": "Finalize",
    "Parallel Aware": false,
    "Startup Cost": 379106.41,
    "Total Cost": 379106.42,
    "Plan Rows": 1,
    "Plan Width": 8,
    "Actual Startup Time": 3261.753,
    "Actual Total Time": 3310.718,
    "Actual Rows": 1,
    "Actual Loops": 1,
    "Plans": [
      {
        "Node Type": "Gather",
        "Parent Relationship": "Outer",
        "Parallel Aware": false,
        "Startup Cost": 379106.3,
        "Total Cost": 379106.41,
        "Plan Rows": 1,
        "Plan Width": 8,
        "Actual Startup Time": 3255.899,
        "Actual Total Time": 3310.707,
        "Actual Rows": 2,
        "Actual Loops": 1,
        "Workers Planned": 1,
        "Workers Launched": 1,
        "Single Copy": false,
        "Plans": [
          {
            "Node Type": "Aggregate",
            "Strategy": "Plain",
            "Partial Mode": "Partial",
            "Parent Relationship": "Outer",
            "Parallel Aware": false,
            "Startup Cost": 378106.3,
            "Total Cost": 378106.31,
            "Plan Rows": 1,
            "Plan Width": 8,
            "Actual Startup Time": 3244.46,
            "Actual Total Time": 3244.464,
            "Actual Rows": 1,
            "Actual Loops": 2,
            "Plans": [
              {
                "Node Type": "Hash Join",
                "Parent Relationship": "Outer",
                "Parallel Aware": true,
                "Join Type": "Inner",
                "Startup Cost": 70960.66,
                "Total Cost": 361479.95,
                "Plan Rows": 6650541,
                "Plan Width": 0,
                "Actual Startup Time": 505.568,
                "Actual Total Time": 3010.543,
                "Actual Rows": 6032466,
                "Actual Loops": 2,
                "Inner Unique": true,
                "Hash Cond": "(mi.movie_id = t.id)",
                "Plans": [
                  {
                    "Node Type": "Seq Scan",
                    "Parent Relationship": "Outer",
                    "Parallel Aware": true,
                    "Relation Name": "movie_info",
                    "Alias": "mi",
                    "Startup Cost": 0.0,
                    "Total Cost": 270696.42,
                    "Plan Rows": 7551554,
                    "Plan Width": 4,
                    "Actual Startup Time": 0.01,
                    "Actual Total Time": 765.828,
                    "Actual Rows": 6485044,
                    "Actual Loops": 2,
                    "Filter": "(info_type_id < 18)",
                    "Rows Removed by Filter": 932816
                  },
                  {
                    "Node Type": "Hash",
                    "Parent Relationship": "Inner",
                    "Parallel Aware": true,
                    "Startup Cost": 54588.39,
                    "Total Cost": 54588.39,
                    "Plan Rows": 1309782,
                    "Plan Width": 4,
                    "Actual Startup Time": 483.651,
                    "Actual Total Time": 483.652,
                    "Actual Rows": 1112284,
                    "Actual Loops": 2,
                    "Hash Buckets": 4194304,
                    "Original Hash Buckets": 4194304,
                    "Hash Batches": 1,
                    "Original Hash Batches": 1,
                    "Peak Memory Usage": 119840,
                    "Plans": [
                      {
                        "Node Type": "Seq Scan",
                        "Parent Relationship": "Outer",
                        "Parallel Aware": true,
                        "Relation Name": "title",
                        "Alias": "t",
                        "Startup Cost": 0.0,
                        "Total Cost": 54588.39,
                        "Plan Rows": 1309782,
                        "Plan Width": 4,
                        "Actual Startup Time": 0.035,
                        "Actual Total Time": 177.286,
                        "Actual Rows": 1112284,
                        "Actual Loops": 2,
                        "Filter": "(production_year < 2012)",
                        "Rows Removed by Filter": 151872
                      }
                    ]
                  }
                ]
              }
            ]
          }
        ]
      }
    ]
  },
  "Planning Time": 0.647,
  "Triggers": [],
  "Execution Time": 3310.793
}