{
  "Plan": {
    "Node Type": "Aggregate",
    "Strategy": "Plain",
    "Partial Mode": "Finalize",
    "Parallel Aware": false,
    "Startup Cost": 96947.82,
    "Total Cost": 96947.83,
    "Plan Rows": 1,
    "Plan Width": 8,
    "Actual Startup Time": 357.497,
    "Actual Total Time": 366.25,
    "Actual Rows": 1,
    "Actual Loops": 1,
    "Plans": [
      {
        "Node Type": "Gather",
        "Parent Relationship": "Outer",
        "Parallel Aware": false,
        "Startup Cost": 96947.71,
        "Total Cost": 96947.82,
        "Plan Rows": 1,
        "Plan Width": 8,
        "Actual Startup Time": 356.853,
        "Actual Total Time": 366.242,
        "Actual Rows": 2,
        "Actual Loops": 1,
        "Workers Planned": 1,
        "Workers Launched": 1,
        "Single Copy": false,
        "Plans": [
          {
            "Node Type": "Aggregate",
            "Strategy": "Plain",
            "Partial Mode": "Partial",
            "Parent Relationship": "Outer",
            "Parallel Aware": false,
            "Startup Cost": 95947.71,
            "Total Cost": 95947.72,
            "Plan Rows": 1,
            "Plan Width": 8,
            "Actual Startup Time": 351.02,
            "Actual Total Time": 351.024,
            "Actual Rows": 1,
            "Actual Loops": 2,
            "Plans": [
              {
                "Node Type": "Hash Join",
                "Parent Relationship": "Outer",
                "Parallel Aware": true,
                "Join Type": "Inner",
                "Startup Cost": 56211.48,
                "Total Cost": 95750.93,
                "Plan Rows": 78712,
                "Plan Width": 0,
                "Actual Startup Time": 161.666,
                "Actual Total Time": 345.668,
                "Actual Rows": 131110,
                "Actual Loops": 2,
                "Inner Unique": true,
                "Hash Cond": "(mc.movie_id = t.id)",
                "Plans": [
                  {
                    "Node Type": "Seq Scan",
                    "Parent Relationship": "Outer",
                    "Parallel Aware": true,
                    "Relation Name": "movie_companies",
                    "Alias": "mc",
                    "Startup Cost": 0.0,
                    "Total Cost": 37974.77,
                    "Plan Rows": 596068,
                    "Plan Width": 4,
                    "Actual Startup Time": 15.925,
                    "Actual Total Time": 110.533,
                    "Actual Rows": 512208,
                    "Actual Loops": 2,
                    "Filter": "(company_id > 15807)",
                    "Rows Removed by Filter": 792356
                  },
                  {
                    "Node Type": "Hash",
                    "Parent Relationship": "Inner",
                    "Parallel Aware": true,
                    "Startup Cost": 53756.58,
                    "Total Cost": 53756.58,
                    "Plan Rows": 196392,
                    "Plan Width": 4,
                    "Actual Startup Time": 140.051,
                    "Actual Total Time": 140.052,
                    "Actual Rows": 127786,
                    "Actual Loops": 2,
                    "Hash Buckets": 524288,
                    "Original Hash Buckets": 524288,
                    "Hash Batches": 1,
                    "Original Hash Batches": 1,
                    "Peak Memory Usage": 14144,
                    "Plans": [
                      {
                        "Node Type": "Bitmap Heap Scan",
                        "Parent Relationship": "Outer",
                        "Parallel Aware": true,
                        "Relation Name": "title",
                        "Alias": "t",
                        "Startup Cost": 11906.32,
                        "Total Cost": 53756.58,
                        "Plan Rows": 196392,
                        "Plan Width": 4,
                        "Actual Startup Time": 35.946,
                        "Actual Total Time": 103.078,
                        "Actual Rows": 127786,
                        "Actual Loops": 2,
                        "Recheck Cond": "(kind_id = 1)",
                        "Rows Removed by Index Recheck": 0,
                        "Filter": "(production_year > 2002)",
                        "Rows Removed by Filter": 203627,
                        "Exact Heap Blocks": 8113,
                        "Lossy Heap Blocks": 0,
                        "Plans": [
                          {
                            "Node Type": "Bitmap Index Scan",
                            "Parent Relationship": "Outer",
                            "Parallel Aware": false,
                            "Index Name": "kind_id_title",
                            "Startup Cost": 0.0,
                            "Total Cost": 11822.85,
                            "Plan Rows": 663256,
                            "Plan Width": 0,
                            "Actual Startup Time": 34.125,
                            "Actual Total Time": 34.126,
                            "Actual Rows": 662825,
                            "Actual Loops": 1,
                            "Index Cond": "(kind_id = 1)"
                          }
                        ]
                      }
                    ]
                  }
                ]
              }
            ]
          }
        ]
      }
    ]
  },
  "Planning Time": 0.653,
  "Triggers": [],
  "Execution Time": 366.344
}