[
  {
    "Plan": {
      "Node Type": "Aggregate",
      "Strategy": "Plain",
      "Partial Mode": "Finalize",
      "Parallel Aware": false,
      "Startup Cost": 230772.89,
      "Total Cost": 230772.9,
      "Plan Rows": 1,
      "Plan Width": 8,
      "Actual Startup Time": 182.66,
      "Actual Total Time": 213.143,
      "Actual Rows": 1,
      "Actual Loops": 1,
      "Plans": [
        {
          "Node Type": "Gather",
          "Parent Relationship": "Outer",
          "Parallel Aware": false,
          "Startup Cost": 230772.47,
          "Total Cost": 230772.88,
          "Plan Rows": 4,
          "Plan Width": 8,
          "Actual Startup Time": 182.496,
          "Actual Total Time": 213.134,
          "Actual Rows": 5,
          "Actual Loops": 1,
          "Workers Planned": 4,
          "Workers Launched": 4,
          "Single Copy": false,
          "Plans": [
            {
              "Node Type": "Aggregate",
              "Strategy": "Plain",
              "Partial Mode": "Partial",
              "Parent Relationship": "Outer",
              "Parallel Aware": false,
              "Startup Cost": 229772.47,
              "Total Cost": 229772.48,
              "Plan Rows": 1,
              "Plan Width": 8,
              "Actual Startup Time": 176.986,
              "Actual Total Time": 176.988,
              "Actual Rows": 1,
              "Actual Loops": 5,
              "Plans": [
                {
                  "Node Type": "Nested Loop",
                  "Parent Relationship": "Outer",
                  "Parallel Aware": false,
                  "Join Type": "Inner",
                  "Startup Cost": 0.43,
                  "Total Cost": 229764.55,
                  "Plan Rows": 3165,
                  "Plan Width": 0,
                  "Actual Startup Time": 0.557,
                  "Actual Total Time": 176.501,
                  "Actual Rows": 3986,
                  "Actual Loops": 5,
                  "Inner Unique": false,
                  "Plans": [
                    {
                      "Node Type": "Seq Scan",
                      "Parent Relationship": "Outer",
                      "Parallel Aware": true,
                      "Relation Name": "title",
                      "Alias": "t",
                      "Startup Cost": 0.0,
                      "Total Cost": 45479.59,
                      "Plan Rows": 5169,
                      "Plan Width": 4,
                      "Actual Startup Time": 0.117,
                      "Actual Total Time": 81.548,
                      "Actual Rows": 2871,
                      "Actual Loops": 5,
                      "Filter": "((kind_id < 4) AND (production_year = 2001))",
                      "Rows Removed by Filter": 502791
                    },
                    {
                      "Node Type": "Index Scan",
                      "Parent Relationship": "Inner",
                      "Parallel Aware": false,
                      "Scan Direction": "Forward",
                      "Index Name": "movie_id_movie_info",
                      "Relation Name": "movie_info",
                      "Alias": "mi",
                      "Startup Cost": 0.43,
                      "Total Cost": 35.61,
                      "Plan Rows": 4,
                      "Plan Width": 4,
                      "Actual Startup Time": 0.032,
                      "Actual Total Time": 0.032,
                      "Actual Rows": 1,
                      "Actual Loops": 14357,
                      "Index Cond": "(movie_id = t.id)",
                      "Rows Removed by Index Recheck": 0,
                      "Filter": "(info_type_id = 3)",
                      "Rows Removed by Filter": 12
                    }
                  ]
                }
              ]
            }
          ]
        }
      ]
    },
    "Planning Time": 0.588,
    "Triggers": [],
    "Execution Time": 213.213
  }
]