{
    "Plan": {
        "Node Type": "Aggregate",
        "Strategy": "Plain",
        "Partial Mode": "Simple",
        "Parallel Aware": false,
        "Startup Cost": 80001908985.57,
        "Total Cost": 80001908985.58,
        "Plan Rows": 1,
        "Plan Width": 96,
        "Actual Startup Time": 7441.2,
        "Actual Total Time": 7441.376,
        "Actual Rows": 1,
        "Actual Loops": 1,
        "Output": [
            "min(chn.name)",
            "min(n.name)",
            "min(t.title)"
        ],
        "Plans": [
            {
                "Node Type": "Nested Loop",
                "Parent Relationship": "Outer",
                "Parallel Aware": false,
                "Join Type": "Inner",
                "Startup Cost": 80001906015.96,
                "Total Cost": 80001908985.57,
                "Plan Rows": 1,
                "Plan Width": 48,
                "Actual Startup Time": 7427.743,
                "Actual Total Time": 7441.362,
                "Actual Rows": 5,
                "Actual Loops": 1,
                "Output": [
                    "chn.name",
                    "n.name",
                    "t.title"
                ],
                "Inner Unique": true,
                "Plans": [
                    {
                        "Node Type": "Hash Join",
                        "Parent Relationship": "Outer",
                        "Parallel Aware": false,
                        "Join Type": "Inner",
                        "Startup Cost": 70001906015.53,
                        "Total Cost": 70001908977.1,
                        "Plan Rows": 1,
                        "Plan Width": 52,
                        "Actual Startup Time": 7427.693,
                        "Actual Total Time": 7441.283,
                        "Actual Rows": 10,
                        "Actual Loops": 1,
                        "Output": [
                            "chn.name",
                            "mc.company_id",
                            "n.name",
                            "t.title"
                        ],
                        "Inner Unique": false,
                        "Hash Cond": "(k.id = mk.keyword_id)",
                        "Plans": [
                            {
                                "Node Type": "Seq Scan",
                                "Parent Relationship": "Outer",
                                "Parallel Aware": false,
                                "Relation Name": "keyword",
                                "Schema": "public",
                                "Alias": "k",
                                "Startup Cost": 10000000000.0,
                                "Total Cost": 10000002961.55,
                                "Plan Rows": 4,
                                "Plan Width": 4,
                                "Actual Startup Time": 0.421,
                                "Actual Total Time": 14.519,
                                "Actual Rows": 3,
                                "Actual Loops": 1,
                                "Output": [
                                    "k.id",
                                    "k.keyword",
                                    "k.phonetic_code"
                                ],
                                "Filter": "(k.keyword = ANY ('{tv-special,web,murder-in-title,action-hero}'::text[]))",
                                "Rows Removed by Filter": 134167
                            },
                            {
                                "Node Type": "Hash",
                                "Parent Relationship": "Inner",
                                "Parallel Aware": false,
                                "Startup Cost": 60001906015.52,
                                "Total Cost": 60001906015.52,
                                "Plan Rows": 1,
                                "Plan Width": 56,
                                "Actual Startup Time": 7426.578,
                                "Actual Total Time": 7426.749,
                                "Actual Rows": 17150,
                                "Actual Loops": 1,
                                "Output": [
                                    "chn.name",
                                    "mc.company_id",
                                    "mk.keyword_id",
                                    "n.name",
                                    "t.title"
                                ],
                                "Hash Buckets": 32768,
                                "Original Hash Buckets": 1024,
                                "Hash Batches": 1,
                                "Original Hash Batches": 1,
                                "Peak Memory Usage": 1600,
                                "Plans": [
                                    {
                                        "Node Type": "Merge Join",
                                        "Parent Relationship": "Outer",
                                        "Parallel Aware": false,
                                        "Join Type": "Inner",
                                        "Startup Cost": 60001901955.75,
                                        "Total Cost": 60001906015.52,
                                        "Plan Rows": 1,
                                        "Plan Width": 56,
                                        "Actual Startup Time": 7390.895,
                                        "Actual Total Time": 7423.37,
                                        "Actual Rows": 17150,
                                        "Actual Loops": 1,
                                        "Output": [
                                            "chn.name",
                                            "mc.company_id",
                                            "mk.keyword_id",
                                            "n.name",
                                            "t.title"
                                        ],
                                        "Inner Unique": false,
                                        "Merge Cond": "(ci.person_id = n.id)",
                                        "Plans": [
                                            {
                                                "Node Type": "Nested Loop",
                                                "Parent Relationship": "Outer",
                                                "Parallel Aware": false,
                                                "Join Type": "Inner",
                                                "Startup Cost": 50001780954.88,
                                                "Total Cost": 50001784830.98,
                                                "Plan Rows": 1,
                                                "Plan Width": 49,
                                                "Actual Startup Time": 6871.49,
                                                "Actual Total Time": 6900.032,
                                                "Actual Rows": 44300,
                                                "Actual Loops": 1,
                                                "Output": [
                                                    "an.person_id",
                                                    "ci.person_id",
                                                    "chn.name",
                                                    "mc.company_id",
                                                    "mk.keyword_id",
                                                    "t.title"
                                                ],
                                                "Inner Unique": false,
                                                "Join Filter": "(t.id = mk.movie_id)",
                                                "Rows Removed by Join Filter": 0,
                                                "Plans": [
                                                    {
                                                        "Node Type": "Merge Join",
                                                        "Parent Relationship": "Outer",
                                                        "Parallel Aware": false,
                                                        "Join Type": "Inner",
                                                        "Startup Cost": 50001780954.44,
                                                        "Total Cost": 50001784829.1,
                                                        "Plan Rows": 1,
                                                        "Plan Width": 61,
                                                        "Actual Startup Time": 6871.45,
                                                        "Actual Total Time": 6888.997,
                                                        "Actual Rows": 1067,
                                                        "Actual Loops": 1,
                                                        "Output": [
                                                            "an.person_id",
                                                            "ci.movie_id",
                                                            "ci.person_id",
                                                            "chn.name",
                                                            "mc.movie_id",
                                                            "mc.company_id",
                                                            "mi.movie_id",
                                                            "t.title",
                                                            "t.id"
                                                        ],
                                                        "Inner Unique": false,
                                                        "Merge Cond": "(ci.person_id = an.person_id)",
                                                        "Plans": [
                                                            {
                                                                "Node Type": "Sort",
                                                                "Parent Relationship": "Outer",
                                                                "Parallel Aware": false,
                                                                "Startup Cost": 40001671394.01,
                                                                "Total Cost": 40001671394.01,
                                                                "Plan Rows": 1,
                                                                "Plan Width": 57,
                                                                "Actual Startup Time": 6558.045,
                                                                "Actual Total Time": 6558.256,
                                                                "Actual Rows": 624,
                                                                "Actual Loops": 1,
                                                                "Output": [
                                                                    "chn.name",
                                                                    "ci.movie_id",
                                                                    "ci.person_id",
                                                                    "mc.movie_id",
                                                                    "mc.company_id",
                                                                    "mi.movie_id",
                                                                    "t.title",
                                                                    "t.id"
                                                                ],
                                                                "Sort Key": [
                                                                    "ci.person_id"
                                                                ],
                                                                "Sort Method": "quicksort",
                                                                "Sort Space Used": 93,
                                                                "Sort Space Type": "Memory",
                                                                "Plans": [
                                                                    {
                                                                        "Node Type": "Merge Join",
                                                                        "Parent Relationship": "Outer",
                                                                        "Parallel Aware": false,
                                                                        "Join Type": "Inner",
                                                                        "Startup Cost": 40001534828.21,
                                                                        "Total Cost": 40001671394.0,
                                                                        "Plan Rows": 1,
                                                                        "Plan Width": 57,
                                                                        "Actual Startup Time": 4996.34,
                                                                        "Actual Total Time": 6558.008,
                                                                        "Actual Rows": 624,
                                                                        "Actual Loops": 1,
                                                                        "Output": [
                                                                            "chn.name",
                                                                            "ci.movie_id",
                                                                            "ci.person_id",
                                                                            "mc.movie_id",
                                                                            "mc.company_id",
                                                                            "mi.movie_id",
                                                                            "t.title",
                                                                            "t.id"
                                                                        ],
                                                                        "Inner Unique": false,
                                                                        "Merge Cond": "(chn.id = ci.person_role_id)",
                                                                        "Plans": [
                                                                            {
                                                                                "Node Type": "Index Scan",
                                                                                "Parent Relationship": "Outer",
                                                                                "Parallel Aware": false,
                                                                                "Scan Direction": "Forward",
                                                                                "Index Name": "char_name_pkey",
                                                                                "Relation Name": "char_name",
                                                                                "Schema": "public",
                                                                                "Alias": "chn",
                                                                                "Startup Cost": 0.43,
                                                                                "Total Cost": 128715.63,
                                                                                "Plan Rows": 3140227,
                                                                                "Plan Width": 20,
                                                                                "Actual Startup Time": 0.011,
                                                                                "Actual Total Time": 1332.753,
                                                                                "Actual Rows": 3051679,
                                                                                "Actual Loops": 1,
                                                                                "Output": [
                                                                                    "chn.id",
                                                                                    "chn.name",
                                                                                    "chn.imdb_index",
                                                                                    "chn.imdb_id",
                                                                                    "chn.name_pcode_nf",
                                                                                    "chn.surname_pcode",
                                                                                    "chn.md5sum"
                                                                                ]
                                                                            },
                                                                            {
                                                                                "Node Type": "Sort",
                                                                                "Parent Relationship": "Inner",
                                                                                "Parallel Aware": false,
                                                                                "Startup Cost": 40001534827.78,
                                                                                "Total Cost": 40001534827.78,
                                                                                "Plan Rows": 1,
                                                                                "Plan Width": 45,
                                                                                "Actual Startup Time": 4993.513,
                                                                                "Actual Total Time": 4993.734,
                                                                                "Actual Rows": 625,
                                                                                "Actual Loops": 1,
                                                                                "Output": [
                                                                                    "ci.movie_id",
                                                                                    "ci.person_id",
                                                                                    "ci.person_role_id",
                                                                                    "mc.movie_id",
                                                                                    "mc.company_id",
                                                                                    "mi.movie_id",
                                                                                    "t.title",
                                                                                    "t.id"
                                                                                ],
                                                                                "Sort Key": [
                                                                                    "ci.person_role_id"
                                                                                ],
                                                                                "Sort Method": "quicksort",
                                                                                "Sort Space Used": 75,
                                                                                "Sort Space Type": "Memory",
                                                                                "Plans": [
                                                                                    {
                                                                                        "Node Type": "Merge Join",
                                                                                        "Parent Relationship": "Outer",
                                                                                        "Parallel Aware": false,
                                                                                        "Join Type": "Inner",
                                                                                        "Startup Cost": 40001534827.73,
                                                                                        "Total Cost": 40001534827.77,
                                                                                        "Plan Rows": 1,
                                                                                        "Plan Width": 45,
                                                                                        "Actual Startup Time": 4993.153,
                                                                                        "Actual Total Time": 4993.495,
                                                                                        "Actual Rows": 627,
                                                                                        "Actual Loops": 1,
                                                                                        "Output": [
                                                                                            "ci.movie_id",
                                                                                            "ci.person_id",
                                                                                            "ci.person_role_id",
                                                                                            "mc.movie_id",
                                                                                            "mc.company_id",
                                                                                            "mi.movie_id",
                                                                                            "t.title",
                                                                                            "t.id"
                                                                                        ],
                                                                                        "Inner Unique": false,
                                                                                        "Merge Cond": "(it.id = mi.info_type_id)",
                                                                                        "Plans": [
                                                                                            {
                                                                                                "Node Type": "Sort",
                                                                                                "Parent Relationship": "Outer",
                                                                                                "Parallel Aware": false,
                                                                                                "Startup Cost": 2.42,
                                                                                                "Total Cost": 2.43,
                                                                                                "Plan Rows": 1,
                                                                                                "Plan Width": 4,
                                                                                                "Actual Startup Time": 0.023,
                                                                                                "Actual Total Time": 0.025,
                                                                                                "Actual Rows": 1,
                                                                                                "Actual Loops": 1,
                                                                                                "Output": [
                                                                                                    "it.id"
                                                                                                ],
                                                                                                "Sort Key": [
                                                                                                    "it.id"
                                                                                                ],
                                                                                                "Sort Method": "quicksort",
                                                                                                "Sort Space Used": 25,
                                                                                                "Sort Space Type": "Memory",
                                                                                                "Plans": [
                                                                                                    {
                                                                                                        "Node Type": "Seq Scan",
                                                                                                        "Parent Relationship": "Outer",
                                                                                                        "Parallel Aware": false,
                                                                                                        "Relation Name": "info_type",
                                                                                                        "Schema": "public",
                                                                                                        "Alias": "it",
                                                                                                        "Startup Cost": 0.0,
                                                                                                        "Total Cost": 2.41,
                                                                                                        "Plan Rows": 1,
                                                                                                        "Plan Width": 4,
                                                                                                        "Actual Startup Time": 0.011,
                                                                                                        "Actual Total Time": 0.019,
                                                                                                        "Actual Rows": 1,
                                                                                                        "Actual Loops": 1,
                                                                                                        "Output": [
                                                                                                            "it.id"
                                                                                                        ],
                                                                                                        "Filter": "((it.info)::text = 'release dates'::text)",
                                                                                                        "Rows Removed by Filter": 112
                                                                                                    }
                                                                                                ]
                                                                                            },
                                                                                            {
                                                                                                "Node Type": "Sort",
                                                                                                "Parent Relationship": "Inner",
                                                                                                "Parallel Aware": false,
                                                                                                "Startup Cost": 40001534825.31,
                                                                                                "Total Cost": 40001534825.32,
                                                                                                "Plan Rows": 3,
                                                                                                "Plan Width": 49,
                                                                                                "Actual Startup Time": 4993.123,
                                                                                                "Actual Total Time": 4993.322,
                                                                                                "Actual Rows": 627,
                                                                                                "Actual Loops": 1,
                                                                                                "Output": [
                                                                                                    "ci.movie_id",
                                                                                                    "ci.person_id",
                                                                                                    "ci.person_role_id",
                                                                                                    "mc.movie_id",
                                                                                                    "mc.company_id",
                                                                                                    "mi.movie_id",
                                                                                                    "mi.info_type_id",
                                                                                                    "t.title",
                                                                                                    "t.id"
                                                                                                ],
                                                                                                "Sort Key": [
                                                                                                    "mi.info_type_id"
                                                                                                ],
                                                                                                "Sort Method": "quicksort",
                                                                                                "Sort Space Used": 75,
                                                                                                "Sort Space Type": "Memory",
                                                                                                "Plans": [
                                                                                                    {
                                                                                                        "Node Type": "Hash Join",
                                                                                                        "Parent Relationship": "Outer",
                                                                                                        "Parallel Aware": false,
                                                                                                        "Join Type": "Inner",
                                                                                                        "Startup Cost": 40001460734.41,
                                                                                                        "Total Cost": 40001534825.29,
                                                                                                        "Plan Rows": 3,
                                                                                                        "Plan Width": 49,
                                                                                                        "Actual Startup Time": 4919.944,
                                                                                                        "Actual Total Time": 4993.115,
                                                                                                        "Actual Rows": 627,
                                                                                                        "Actual Loops": 1,
                                                                                                        "Output": [
                                                                                                            "ci.movie_id",
                                                                                                            "ci.person_id",
                                                                                                            "ci.person_role_id",
                                                                                                            "mc.movie_id",
                                                                                                            "mc.company_id",
                                                                                                            "mi.movie_id",
                                                                                                            "mi.info_type_id",
                                                                                                            "t.title",
                                                                                                            "t.id"
                                                                                                        ],
                                                                                                        "Inner Unique": false,
                                                                                                        "Hash Cond": "(t.id = mi.movie_id)",
                                                                                                        "Plans": [
                                                                                                            {
                                                                                                                "Node Type": "Seq Scan",
                                                                                                                "Parent Relationship": "Outer",
                                                                                                                "Parallel Aware": false,
                                                                                                                "Relation Name": "title",
                                                                                                                "Schema": "public",
                                                                                                                "Alias": "t",
                                                                                                                "Startup Cost": 10000000000.0,
                                                                                                                "Total Cost": 10000073922.83,
                                                                                                                "Plan Rows": 62,
                                                                                                                "Plan Width": 21,
                                                                                                                "Actual Startup Time": 80.895,
                                                                                                                "Actual Total Time": 353.433,
                                                                                                                "Actual Rows": 9,
                                                                                                                "Actual Loops": 1,
                                                                                                                "Output": [
                                                                                                                    "t.id",
                                                                                                                    "t.title",
                                                                                                                    "t.imdb_index",
                                                                                                                    "t.kind_id",
                                                                                                                    "t.production_year",
                                                                                                                    "t.imdb_id",
                                                                                                                    "t.phonetic_code",
                                                                                                                    "t.episode_of_id",
                                                                                                                    "t.season_nr",
                                                                                                                    "t.episode_nr",
                                                                                                                    "t.series_years",
                                                                                                                    "t.md5sum"
                                                                                                                ],
                                                                                                                "Filter": "((t.title ~~ 'Kung Fu Panda%'::text) AND (t.production_year > 2008))",
                                                                                                                "Rows Removed by Filter": 2528303
                                                                                                            },
                                                                                                            {
                                                                                                                "Node Type": "Hash",
                                                                                                                "Parent Relationship": "Inner",
                                                                                                                "Parallel Aware": false,
                                                                                                                "Startup Cost": 30001459200.28,
                                                                                                                "Total Cost": 30001459200.28,
                                                                                                                "Plan Rows": 122730,
                                                                                                                "Plan Width": 28,
                                                                                                                "Actual Startup Time": 4639.205,
                                                                                                                "Actual Total Time": 4639.364,
                                                                                                                "Actual Rows": 150081,
                                                                                                                "Actual Loops": 1,
                                                                                                                "Output": [
                                                                                                                    "ci.movie_id",
                                                                                                                    "ci.person_id",
                                                                                                                    "ci.person_role_id",
                                                                                                                    "mc.movie_id",
                                                                                                                    "mc.company_id",
                                                                                                                    "mi.movie_id",
                                                                                                                    "mi.info_type_id"
                                                                                                                ],
                                                                                                                "Hash Buckets": 262144,
                                                                                                                "Original Hash Buckets": 131072,
                                                                                                                "Hash Batches": 1,
                                                                                                                "Original Hash Batches": 1,
                                                                                                                "Peak Memory Usage": 10794,
                                                                                                                "Plans": [
                                                                                                                    {
                                                                                                                        "Node Type": "Nested Loop",
                                                                                                                        "Parent Relationship": "Outer",
                                                                                                                        "Parallel Aware": false,
                                                                                                                        "Join Type": "Inner",
                                                                                                                        "Startup Cost": 30001351469.24,
                                                                                                                        "Total Cost": 30001459200.28,
                                                                                                                        "Plan Rows": 122730,
                                                                                                                        "Plan Width": 28,
                                                                                                                        "Actual Startup Time": 4095.478,
                                                                                                                        "Actual Total Time": 4594.108,
                                                                                                                        "Actual Rows": 150081,
                                                                                                                        "Actual Loops": 1,
                                                                                                                        "Output": [
                                                                                                                            "ci.movie_id",
                                                                                                                            "ci.person_id",
                                                                                                                            "ci.person_role_id",
                                                                                                                            "mc.movie_id",
                                                                                                                            "mc.company_id",
                                                                                                                            "mi.movie_id",
                                                                                                                            "mi.info_type_id"
                                                                                                                        ],
                                                                                                                        "Inner Unique": false,
                                                                                                                        "Join Filter": "(mi.movie_id = mc.movie_id)",
                                                                                                                        "Rows Removed by Join Filter": 0,
                                                                                                                        "Plans": [
                                                                                                                            {
                                                                                                                                "Node Type": "Merge Join",
                                                                                                                                "Parent Relationship": "Outer",
                                                                                                                                "Parallel Aware": false,
                                                                                                                                "Join Type": "Inner",
                                                                                                                                "Startup Cost": 20001351468.73,
                                                                                                                                "Total Cost": 20001353578.94,
                                                                                                                                "Plan Rows": 22768,
                                                                                                                                "Plan Width": 20,
                                                                                                                                "Actual Startup Time": 4095.411,
                                                                                                                                "Actual Total Time": 4221.218,
                                                                                                                                "Actual Rows": 39071,
                                                                                                                                "Actual Loops": 1,
                                                                                                                                "Output": [
                                                                                                                                    "ci.movie_id",
                                                                                                                                    "ci.person_id",
                                                                                                                                    "ci.person_role_id",
                                                                                                                                    "mi.movie_id",
                                                                                                                                    "mi.info_type_id"
                                                                                                                                ],
                                                                                                                                "Inner Unique": false,
                                                                                                                                "Merge Cond": "(ci.movie_id = mi.movie_id)",
                                                                                                                                "Plans": [
                                                                                                                                    {
                                                                                                                                        "Node Type": "Sort",
                                                                                                                                        "Parent Relationship": "Outer",
                                                                                                                                        "Parallel Aware": false,
                                                                                                                                        "Startup Cost": 20000375470.18,
                                                                                                                                        "Total Cost": 20000375645.41,
                                                                                                                                        "Plan Rows": 70089,
                                                                                                                                        "Plan Width": 12,
                                                                                                                                        "Actual Startup Time": 1401.563,
                                                                                                                                        "Actual Total Time": 1435.068,
                                                                                                                                        "Actual Rows": 276166,
                                                                                                                                        "Actual Loops": 1,
                                                                                                                                        "Output": [
                                                                                                                                            "ci.movie_id",
                                                                                                                                            "ci.person_id",
                                                                                                                                            "ci.person_role_id"
                                                                                                                                        ],
                                                                                                                                        "Sort Key": [
                                                                                                                                            "ci.movie_id"
                                                                                                                                        ],
                                                                                                                                        "Sort Method": "quicksort",
                                                                                                                                        "Sort Space Used": 25234,
                                                                                                                                        "Sort Space Type": "Memory",
                                                                                                                                        "Plans": [
                                                                                                                                            {
                                                                                                                                                "Node Type": "Nested Loop",
                                                                                                                                                "Parent Relationship": "Outer",
                                                                                                                                                "Parallel Aware": false,
                                                                                                                                                "Join Type": "Inner",
                                                                                                                                                "Startup Cost": 20000058701.48,
                                                                                                                                                "Total Cost": 20000369829.1,
                                                                                                                                                "Plan Rows": 70089,
                                                                                                                                                "Plan Width": 12,
                                                                                                                                                "Actual Startup Time": 336.562,
                                                                                                                                                "Actual Total Time": 1316.976,
                                                                                                                                                "Actual Rows": 276166,
                                                                                                                                                "Actual Loops": 1,
                                                                                                                                                "Output": [
                                                                                                                                                    "ci.movie_id",
                                                                                                                                                    "ci.person_id",
                                                                                                                                                    "ci.person_role_id"
                                                                                                                                                ],
                                                                                                                                                "Inner Unique": false,
                                                                                                                                                "Plans": [
                                                                                                                                                    {
                                                                                                                                                        "Node Type": "Seq Scan",
                                                                                                                                                        "Parent Relationship": "Outer",
                                                                                                                                                        "Parallel Aware": false,
                                                                                                                                                        "Relation Name": "role_type",
                                                                                                                                                        "Schema": "public",
                                                                                                                                                        "Alias": "rt",
                                                                                                                                                        "Startup Cost": 10000000000.0,
                                                                                                                                                        "Total Cost": 10000000001.15,
                                                                                                                                                        "Plan Rows": 1,
                                                                                                                                                        "Plan Width": 4,
                                                                                                                                                        "Actual Startup Time": 0.018,
                                                                                                                                                        "Actual Total Time": 0.023,
                                                                                                                                                        "Actual Rows": 1,
                                                                                                                                                        "Actual Loops": 1,
                                                                                                                                                        "Output": [
                                                                                                                                                            "rt.id",
                                                                                                                                                            "rt.role"
                                                                                                                                                        ],
                                                                                                                                                        "Filter": "((rt.role)::text = 'actress'::text)",
                                                                                                                                                        "Rows Removed by Filter": 11
                                                                                                                                                    },
                                                                                                                                                    {
                                                                                                                                                        "Node Type": "Bitmap Heap Scan",
                                                                                                                                                        "Parent Relationship": "Inner",
                                                                                                                                                        "Parallel Aware": false,
                                                                                                                                                        "Relation Name": "cast_info",
                                                                                                                                                        "Schema": "public",
                                                                                                                                                        "Alias": "ci",
                                                                                                                                                        "Startup Cost": 58701.48,
                                                                                                                                                        "Total Cost": 369063.35,
                                                                                                                                                        "Plan Rows": 76460,
                                                                                                                                                        "Plan Width": 16,
                                                                                                                                                        "Actual Startup Time": 336.534,
                                                                                                                                                        "Actual Total Time": 1284.601,
                                                                                                                                                        "Actual Rows": 276166,
                                                                                                                                                        "Actual Loops": 1,
                                                                                                                                                        "Output": [
                                                                                                                                                            "ci.id",
                                                                                                                                                            "ci.person_id",
                                                                                                                                                            "ci.movie_id",
                                                                                                                                                            "ci.person_role_id",
                                                                                                                                                            "ci.note",
                                                                                                                                                            "ci.nr_order",
                                                                                                                                                            "ci.role_id"
                                                                                                                                                        ],
                                                                                                                                                        "Recheck Cond": "(ci.role_id = rt.id)",
                                                                                                                                                        "Rows Removed by Index Recheck": 0,
                                                                                                                                                        "Filter": "(ci.note = ANY ('{(voice),\"(voice: Japanese version)\",\"(voice) (uncredited)\",\"(voice: English version)\"}'::text[]))",
                                                                                                                                                        "Rows Removed by Filter": 7175807,
                                                                                                                                                        "Exact Heap Blocks": 49087,
                                                                                                                                                        "Lossy Heap Blocks": 0,
                                                                                                                                                        "Plans": [
                                                                                                                                                            {
                                                                                                                                                                "Node Type": "Bitmap Index Scan",
                                                                                                                                                                "Parent Relationship": "Outer",
                                                                                                                                                                "Parallel Aware": false,
                                                                                                                                                                "Index Name": "role_id_cast_info",
                                                                                                                                                                "Startup Cost": 0.0,
                                                                                                                                                                "Total Cost": 58682.37,
                                                                                                                                                                "Plan Rows": 3295707,
                                                                                                                                                                "Plan Width": 0,
                                                                                                                                                                "Actual Startup Time": 325.929,
                                                                                                                                                                "Actual Total Time": 325.929,
                                                                                                                                                                "Actual Rows": 7451973,
                                                                                                                                                                "Actual Loops": 1,
                                                                                                                                                                "Index Cond": "(ci.role_id = rt.id)"
                                                                                                                                                            }
                                                                                                                                                        ]
                                                                                                                                                    }
                                                                                                                                                ]
                                                                                                                                            }
                                                                                                                                        ]
                                                                                                                                    },
                                                                                                                                    {
                                                                                                                                        "Node Type": "Sort",
                                                                                                                                        "Parent Relationship": "Inner",
                                                                                                                                        "Parallel Aware": false,
                                                                                                                                        "Startup Cost": 975998.49,
                                                                                                                                        "Total Cost": 976764.87,
                                                                                                                                        "Plan Rows": 306554,
                                                                                                                                        "Plan Width": 8,
                                                                                                                                        "Actual Startup Time": 2693.825,
                                                                                                                                        "Actual Total Time": 2719.628,
                                                                                                                                        "Actual Rows": 329500,
                                                                                                                                        "Actual Loops": 1,
                                                                                                                                        "Output": [
                                                                                                                                            "mi.movie_id",
                                                                                                                                            "mi.info_type_id"
                                                                                                                                        ],
                                                                                                                                        "Sort Key": [
                                                                                                                                            "mi.movie_id"
                                                                                                                                        ],
                                                                                                                                        "Sort Method": "quicksort",
                                                                                                                                        "Sort Space Used": 26409,
                                                                                                                                        "Sort Space Type": "Memory",
                                                                                                                                        "Plans": [
                                                                                                                                            {
                                                                                                                                                "Node Type": "Gather Merge",
                                                                                                                                                "Parent Relationship": "Outer",
                                                                                                                                                "Parallel Aware": false,
                                                                                                                                                "Startup Cost": 1000.51,
                                                                                                                                                "Total Cost": 948062.55,
                                                                                                                                                "Plan Rows": 306554,
                                                                                                                                                "Plan Width": 8,
                                                                                                                                                "Actual Startup Time": 680.717,
                                                                                                                                                "Actual Total Time": 2583.751,
                                                                                                                                                "Actual Rows": 301247,
                                                                                                                                                "Actual Loops": 1,
                                                                                                                                                "Output": [
                                                                                                                                                    "mi.movie_id",
                                                                                                                                                    "mi.info_type_id"
                                                                                                                                                ],
                                                                                                                                                "Workers Planned": 5,
                                                                                                                                                "Workers Launched": 5,
                                                                                                                                                "Plans": [
                                                                                                                                                    {
                                                                                                                                                        "Node Type": "Index Scan",
                                                                                                                                                        "Parent Relationship": "Outer",
                                                                                                                                                        "Parallel Aware": true,
                                                                                                                                                        "Scan Direction": "Forward",
                                                                                                                                                        "Index Name": "info_type_id_movie_info",
                                                                                                                                                        "Relation Name": "movie_info",
                                                                                                                                                        "Schema": "public",
                                                                                                                                                        "Alias": "mi",
                                                                                                                                                        "Startup Cost": 0.43,
                                                                                                                                                        "Total Cost": 910145.77,
                                                                                                                                                        "Plan Rows": 61311,
                                                                                                                                                        "Plan Width": 8,
                                                                                                                                                        "Actual Startup Time": 348.69,
                                                                                                                                                        "Actual Total Time": 830.676,
                                                                                                                                                        "Actual Rows": 50208,
                                                                                                                                                        "Actual Loops": 6,
                                                                                                                                                        "Output": [
                                                                                                                                                            "mi.movie_id",
                                                                                                                                                            "mi.info_type_id"
                                                                                                                                                        ],
                                                                                                                                                        "Filter": "((mi.info IS NOT NULL) AND ((mi.info ~~ 'Japan:%201%'::text) OR (mi.info ~~ 'USA:%201%'::text)))",
                                                                                                                                                        "Rows Removed by Filter": 2422412,
                                                                                                                                                        "Workers": [
                                                                                                                                                            {
                                                                                                                                                                "Worker Number": 0,
                                                                                                                                                                "Actual Startup Time": 667.942,
                                                                                                                                                                "Actual Total Time": 673.596,
                                                                                                                                                                "Actual Rows": 1817,
                                                                                                                                                                "Actual Loops": 1
                                                                                                                                                            },
                                                                                                                                                            {
                                                                                                                                                                "Worker Number": 1,
                                                                                                                                                                "Actual Startup Time": 26.465,
                                                                                                                                                                "Actual Total Time": 2253.443,
                                                                                                                                                                "Actual Rows": 294266,
                                                                                                                                                                "Actual Loops": 1
                                                                                                                                                            },
                                                                                                                                                            {
                                                                                                                                                                "Worker Number": 2,
                                                                                                                                                                "Actual Startup Time": 668.695,
                                                                                                                                                                "Actual Total Time": 673.516,
                                                                                                                                                                "Actual Rows": 1642,
                                                                                                                                                                "Actual Loops": 1
                                                                                                                                                            },
                                                                                                                                                            {
                                                                                                                                                                "Worker Number": 3,
                                                                                                                                                                "Actual Startup Time": 669.261,
                                                                                                                                                                "Actual Total Time": 672.703,
                                                                                                                                                                "Actual Rows": 1713,
                                                                                                                                                                "Actual Loops": 1
                                                                                                                                                            },
                                                                                                                                                            {
                                                                                                                                                                "Worker Number": 4,
                                                                                                                                                                "Actual Startup Time": 22.894,
                                                                                                                                                                "Actual Total Time": 673.257,
                                                                                                                                                                "Actual Rows": 1648,
                                                                                                                                                                "Actual Loops": 1
                                                                                                                                                            }
                                                                                                                                                        ]
                                                                                                                                                    }
                                                                                                                                                ]
                                                                                                                                            }
                                                                                                                                        ]
                                                                                                                                    }
                                                                                                                                ]
                                                                                                                            },
                                                                                                                            {
                                                                                                                                "Node Type": "Bitmap Heap Scan",
                                                                                                                                "Parent Relationship": "Inner",
                                                                                                                                "Parallel Aware": false,
                                                                                                                                "Relation Name": "movie_companies",
                                                                                                                                "Schema": "public",
                                                                                                                                "Alias": "mc",
                                                                                                                                "Startup Cost": 0.51,
                                                                                                                                "Total Cost": 4.58,
                                                                                                                                "Plan Rows": 5,
                                                                                                                                "Plan Width": 8,
                                                                                                                                "Actual Startup Time": 0.005,
                                                                                                                                "Actual Total Time": 0.006,
                                                                                                                                "Actual Rows": 4,
                                                                                                                                "Actual Loops": 39071,
                                                                                                                                "Output": [
                                                                                                                                    "mc.id",
                                                                                                                                    "mc.movie_id",
                                                                                                                                    "mc.company_id",
                                                                                                                                    "mc.company_type_id",
                                                                                                                                    "mc.note"
                                                                                                                                ],
                                                                                                                                "Recheck Cond": "(mc.movie_id = ci.movie_id)",
                                                                                                                                "Rows Removed by Index Recheck": 0,
                                                                                                                                "Exact Heap Blocks": 38802,
                                                                                                                                "Lossy Heap Blocks": 0,
                                                                                                                                "Plans": [
                                                                                                                                    {
                                                                                                                                        "Node Type": "Bitmap Index Scan",
                                                                                                                                        "Parent Relationship": "Outer",
                                                                                                                                        "Parallel Aware": false,
                                                                                                                                        "Index Name": "movie_id_movie_companies",
                                                                                                                                        "Startup Cost": 0.0,
                                                                                                                                        "Total Cost": 0.51,
                                                                                                                                        "Plan Rows": 5,
                                                                                                                                        "Plan Width": 0,
                                                                                                                                        "Actual Startup Time": 0.004,
                                                                                                                                        "Actual Total Time": 0.004,
                                                                                                                                        "Actual Rows": 4,
                                                                                                                                        "Actual Loops": 39071,
                                                                                                                                        "Index Cond": "(mc.movie_id = ci.movie_id)"
                                                                                                                                    }
                                                                                                                                ]
                                                                                                                            }
                                                                                                                        ]
                                                                                                                    }
                                                                                                                ]
                                                                                                            }
                                                                                                        ]
                                                                                                    }
                                                                                                ]
                                                                                            }
                                                                                        ]
                                                                                    }
                                                                                ]
                                                                            }
                                                                        ]
                                                                    }
                                                                ]
                                                            },
                                                            {
                                                                "Node Type": "Sort",
                                                                "Parent Relationship": "Inner",
                                                                "Parallel Aware": false,
                                                                "Startup Cost": 10000109559.99,
                                                                "Total Cost": 10000111813.35,
                                                                "Plan Rows": 901343,
                                                                "Plan Width": 4,
                                                                "Actual Startup Time": 271.92,
                                                                "Actual Total Time": 301.056,
                                                                "Actual Rows": 577190,
                                                                "Actual Loops": 1,
                                                                "Output": [
                                                                    "an.person_id"
                                                                ],
                                                                "Sort Key": [
                                                                    "an.person_id"
                                                                ],
                                                                "Sort Method": "quicksort",
                                                                "Sort Space Used": 66827,
                                                                "Sort Space Type": "Memory",
                                                                "Plans": [
                                                                    {
                                                                        "Node Type": "Seq Scan",
                                                                        "Parent Relationship": "Outer",
                                                                        "Parallel Aware": false,
                                                                        "Relation Name": "aka_name",
                                                                        "Schema": "public",
                                                                        "Alias": "an",
                                                                        "Startup Cost": 10000000000.0,
                                                                        "Total Cost": 10000020409.43,
                                                                        "Plan Rows": 901343,
                                                                        "Plan Width": 4,
                                                                        "Actual Startup Time": 0.016,
                                                                        "Actual Total Time": 91.043,
                                                                        "Actual Rows": 901343,
                                                                        "Actual Loops": 1,
                                                                        "Output": [
                                                                            "an.person_id"
                                                                        ]
                                                                    }
                                                                ]
                                                            }
                                                        ]
                                                    },
                                                    {
                                                        "Node Type": "Index Scan",
                                                        "Parent Relationship": "Inner",
                                                        "Parallel Aware": false,
                                                        "Scan Direction": "Forward",
                                                        "Index Name": "movie_id_movie_keyword",
                                                        "Relation Name": "movie_keyword",
                                                        "Schema": "public",
                                                        "Alias": "mk",
                                                        "Startup Cost": 0.43,
                                                        "Total Cost": 1.31,
                                                        "Plan Rows": 46,
                                                        "Plan Width": 8,
                                                        "Actual Startup Time": 0.002,
                                                        "Actual Total Time": 0.006,
                                                        "Actual Rows": 42,
                                                        "Actual Loops": 1067,
                                                        "Output": [
                                                            "mk.id",
                                                            "mk.movie_id",
                                                            "mk.keyword_id"
                                                        ],
                                                        "Index Cond": "(mk.movie_id = mc.movie_id)",
                                                        "Rows Removed by Index Recheck": 0
                                                    }
                                                ]
                                            },
                                            {
                                                "Node Type": "Sort",
                                                "Parent Relationship": "Inner",
                                                "Parallel Aware": false,
                                                "Startup Cost": 10000121000.85,
                                                "Total Cost": 10000121095.37,
                                                "Plan Rows": 37808,
                                                "Plan Width": 19,
                                                "Actual Startup Time": 512.618,
                                                "Actual Total Time": 516.259,
                                                "Actual Rows": 66647,
                                                "Actual Loops": 1,
                                                "Output": [
                                                    "n.name",
                                                    "n.id"
                                                ],
                                                "Sort Key": [
                                                    "n.id"
                                                ],
                                                "Sort Method": "quicksort",
                                                "Sort Space Used": 5246,
                                                "Sort Space Type": "Memory",
                                                "Plans": [
                                                    {
                                                        "Node Type": "Seq Scan",
                                                        "Parent Relationship": "Outer",
                                                        "Parallel Aware": false,
                                                        "Relation Name": "name",
                                                        "Schema": "public",
                                                        "Alias": "n",
                                                        "Startup Cost": 10000000000.0,
                                                        "Total Cost": 10000118126.24,
                                                        "Plan Rows": 37808,
                                                        "Plan Width": 19,
                                                        "Actual Startup Time": 208.865,
                                                        "Actual Total Time": 501.764,
                                                        "Actual Rows": 50011,
                                                        "Actual Loops": 1,
                                                        "Output": [
                                                            "n.name",
                                                            "n.id"
                                                        ],
                                                        "Filter": "((n.name ~~ '%An%'::text) AND ((n.gender)::text = 'f'::text))",
                                                        "Rows Removed by Filter": 4117480
                                                    }
                                                ]
                                            }
                                        ]
                                    }
                                ]
                            }
                        ]
                    },
                    {
                        "Node Type": "Bitmap Heap Scan",
                        "Parent Relationship": "Inner",
                        "Parallel Aware": false,
                        "Relation Name": "company_name",
                        "Schema": "public",
                        "Alias": "cn",
                        "Startup Cost": 0.43,
                        "Total Cost": 4.45,
                        "Plan Rows": 1,
                        "Plan Width": 4,
                        "Actual Startup Time": 0.005,
                        "Actual Total Time": 0.005,
                        "Actual Rows": 0,
                        "Actual Loops": 10,
                        "Output": [
                            "cn.id",
                            "cn.name",
                            "cn.country_code",
                            "cn.imdb_id",
                            "cn.name_pcode_nf",
                            "cn.name_pcode_sf",
                            "cn.md5sum"
                        ],
                        "Recheck Cond": "(cn.id = mc.company_id)",
                        "Rows Removed by Index Recheck": 0,
                        "Filter": "(((cn.country_code)::text = '[us]'::text) AND (cn.name = 'NBC Universal Television'::text))",
                        "Rows Removed by Filter": 0,
                        "Exact Heap Blocks": 10,
                        "Lossy Heap Blocks": 0,
                        "Plans": [
                            {
                                "Node Type": "Bitmap Index Scan",
                                "Parent Relationship": "Outer",
                                "Parallel Aware": false,
                                "Index Name": "company_name_pkey",
                                "Startup Cost": 0.0,
                                "Total Cost": 0.43,
                                "Plan Rows": 1,
                                "Plan Width": 0,
                                "Actual Startup Time": 0.003,
                                "Actual Total Time": 0.003,
                                "Actual Rows": 1,
                                "Actual Loops": 10,
                                "Index Cond": "(cn.id = mc.company_id)"
                            }
                        ]
                    }
                ]
            }
        ]
    },
    "Planning Time": 58.575,
    "Triggers": [],
    "Execution Time": 7441.689
}