[
  {
    "Plan": {
      "Node Type": "Aggregate",
      "Strategy": "Plain",
      "Partial Mode": "Finalize",
      "Parallel Aware": false,
      "Startup Cost": 46245.05,
      "Total Cost": 46245.06,
      "Plan Rows": 1,
      "Plan Width": 8,
      "Actual Startup Time": 146.538,
      "Actual Total Time": 153.882,
      "Actual Rows": 1,
      "Actual Loops": 1,
      "Plans": [
        {
          "Node Type": "Gather",
          "Parent Relationship": "Outer",
          "Parallel Aware": false,
          "Startup Cost": 46244.73,
          "Total Cost": 46245.04,
          "Plan Rows": 3,
          "Plan Width": 8,
          "Actual Startup Time": 146.42,
          "Actual Total Time": 153.873,
          "Actual Rows": 4,
          "Actual Loops": 1,
          "Workers Planned": 3,
          "Workers Launched": 3,
          "Single Copy": false,
          "Plans": [
            {
              "Node Type": "Aggregate",
              "Strategy": "Plain",
              "Partial Mode": "Partial",
              "Parent Relationship": "Outer",
              "Parallel Aware": false,
              "Startup Cost": 45244.73,
              "Total Cost": 45244.74,
              "Plan Rows": 1,
              "Plan Width": 8,
              "Actual Startup Time": 141.565,
              "Actual Total Time": 141.566,
              "Actual Rows": 1,
              "Actual Loops": 4,
              "Plans": [
                {
                  "Node Type": "Seq Scan",
                  "Parent Relationship": "Outer",
                  "Parallel Aware": true,
                  "Relation Name": "movie_keyword",
                  "Alias": "mk",
                  "Startup Cost": 0.0,
                  "Total Cost": 42695.65,
                  "Plan Rows": 1019630,
                  "Plan Width": 0,
                  "Actual Startup Time": 0.032,
                  "Actual Total Time": 108.185,
                  "Actual Rows": 790446,
                  "Actual Loops": 4,
                  "Filter": "(keyword_id < 12320)",
                  "Rows Removed by Filter": 340537
                }
              ]
            }
          ]
        }
      ]
    },
    "Planning Time": 0.211,
    "Triggers": [],
    "Execution Time": 153.949
  }
]