[
  {
    "Plan": {
      "Node Type": "Aggregate",
      "Strategy": "Plain",
      "Partial Mode": "Finalize",
      "Parallel Aware": false,
      "Startup Cost": 126914.36,
      "Total Cost": 126914.37,
      "Plan Rows": 1,
      "Plan Width": 8,
      "Actual Startup Time": 887.321,
      "Actual Total Time": 926.581,
      "Actual Rows": 1,
      "Actual Loops": 1,
      "Plans": [
        {
          "Node Type": "Gather",
          "Parent Relationship": "Outer",
          "Parallel Aware": false,
          "Startup Cost": 126914.04,
          "Total Cost": 126914.35,
          "Plan Rows": 3,
          "Plan Width": 8,
          "Actual Startup Time": 870.663,
          "Actual Total Time": 926.562,
          "Actual Rows": 4,
          "Actual Loops": 1,
          "Workers Planned": 3,
          "Workers Launched": 3,
          "Single Copy": false,
          "Plans": [
            {
              "Node Type": "Aggregate",
              "Strategy": "Plain",
              "Partial Mode": "Partial",
              "Parent Relationship": "Outer",
              "Parallel Aware": false,
              "Startup Cost": 125914.04,
              "Total Cost": 125914.05,
              "Plan Rows": 1,
              "Plan Width": 8,
              "Actual Startup Time": 857.462,
              "Actual Total Time": 857.479,
              "Actual Rows": 1,
              "Actual Loops": 4,
              "Plans": [
                {
                  "Node Type": "Hash Join",
                  "Parent Relationship": "Outer",
                  "Parallel Aware": true,
                  "Join Type": "Inner",
                  "Startup Cost": 94681.22,
                  "Total Cost": 125534.15,
                  "Plan Rows": 151956,
                  "Plan Width": 0,
                  "Actual Startup Time": 640.563,
                  "Actual Total Time": 852.902,
                  "Actual Rows": 69789,
                  "Actual Loops": 4,
                  "Inner Unique": false,
                  "Hash Cond": "(mc.movie_id = t.id)",
                  "Plans": [
                    {
                      "Node Type": "Seq Scan",
                      "Parent Relationship": "Outer",
                      "Parallel Aware": true,
                      "Relation Name": "movie_companies",
                      "Alias": "mc",
                      "Startup Cost": 0.0,
                      "Total Cost": 27206.55,
                      "Plan Rows": 841655,
                      "Plan Width": 4,
                      "Actual Startup Time": 0.026,
                      "Actual Total Time": 96.16,
                      "Actual Rows": 652282,
                      "Actual Loops": 4
                    },
                    {
                      "Node Type": "Hash",
                      "Parent Relationship": "Inner",
                      "Parallel Aware": true,
                      "Startup Cost": 92840.52,
                      "Total Cost": 92840.52,
                      "Plan Rows": 147256,
                      "Plan Width": 8,
                      "Actual Startup Time": 632.377,
                      "Actual Total Time": 632.391,
                      "Actual Rows": 31874,
                      "Actual Loops": 4,
                      "Hash Buckets": 524288,
                      "Original Hash Buckets": 524288,
                      "Hash Batches": 1,
                      "Original Hash Batches": 1,
                      "Peak Memory Usage": 9120,
                      "Plans": [
                        {
                          "Node Type": "Hash Join",
                          "Parent Relationship": "Outer",
                          "Parallel Aware": true,
                          "Join Type": "Inner",
                          "Startup Cost": 49357.21,
                          "Total Cost": 92840.52,
                          "Plan Rows": 147256,
                          "Plan Width": 8,
                          "Actual Startup Time": 405.178,
                          "Actual Total Time": 619.699,
                          "Actual Rows": 31874,
                          "Actual Loops": 4,
                          "Inner Unique": true,
                          "Hash Cond": "(mk.movie_id = t.id)",
                          "Plans": [
                            {
                              "Node Type": "Seq Scan",
                              "Parent Relationship": "Outer",
                              "Parallel Aware": true,
                              "Relation Name": "movie_keyword",
                              "Alias": "mk",
                              "Startup Cost": 0.0,
                              "Total Cost": 42695.65,
                              "Plan Rows": 300059,
                              "Plan Width": 4,
                              "Actual Startup Time": 2.521,
                              "Actual Total Time": 147.384,
                              "Actual Rows": 231703,
                              "Actual Loops": 4,
                              "Filter": "(keyword_id > 20321)",
                              "Rows Removed by Filter": 899280
                            },
                            {
                              "Node Type": "Hash",
                              "Parent Relationship": "Inner",
                              "Parallel Aware": true,
                              "Startup Cost": 45479.59,
                              "Total Cost": 45479.59,
                              "Plan Rows": 310210,
                              "Plan Width": 4,
                              "Actual Startup Time": 397.491,
                              "Actual Total Time": 397.493,
                              "Actual Rows": 329188,
                              "Actual Loops": 4,
                              "Hash Buckets": 2097152,
                              "Original Hash Buckets": 2097152,
                              "Hash Batches": 1,
                              "Original Hash Batches": 1,
                              "Peak Memory Usage": 67936,
                              "Plans": [
                                {
                                  "Node Type": "Seq Scan",
                                  "Parent Relationship": "Outer",
                                  "Parallel Aware": true,
                                  "Relation Name": "title",
                                  "Alias": "t",
                                  "Startup Cost": 0.0,
                                  "Total Cost": 45479.59,
                                  "Plan Rows": 310210,
                                  "Plan Width": 4,
                                  "Actual Startup Time": 0.069,
                                  "Actual Total Time": 179.731,
                                  "Actual Rows": 329188,
                                  "Actual Loops": 4,
                                  "Filter": "((production_year > 1974) AND (kind_id = 7))",
                                  "Rows Removed by Filter": 302890
                                }
                              ]
                            }
                          ]
                        }
                      ]
                    }
                  ]
                }
              ]
            }
          ]
        }
      ]
    },
    "Planning Time": 0.826,
    "Triggers": [],
    "Execution Time": 926.653
  }
]