[
  {
    "Plan": {
      "Node Type": "Aggregate",
      "Strategy": "Plain",
      "Partial Mode": "Finalize",
      "Parallel Aware": false,
      "Startup Cost": 126869.36,
      "Total Cost": 126869.37,
      "Plan Rows": 1,
      "Plan Width": 8,
      "Actual Startup Time": 548.837,
      "Actual Total Time": 569.918,
      "Actual Rows": 1,
      "Actual Loops": 1,
      "Plans": [
        {
          "Node Type": "Gather",
          "Parent Relationship": "Outer",
          "Parallel Aware": false,
          "Startup Cost": 126869.04,
          "Total Cost": 126869.35,
          "Plan Rows": 3,
          "Plan Width": 8,
          "Actual Startup Time": 544.492,
          "Actual Total Time": 569.907,
          "Actual Rows": 4,
          "Actual Loops": 1,
          "Workers Planned": 3,
          "Workers Launched": 3,
          "Single Copy": false,
          "Plans": [
            {
              "Node Type": "Aggregate",
              "Strategy": "Plain",
              "Partial Mode": "Partial",
              "Parent Relationship": "Outer",
              "Parallel Aware": false,
              "Startup Cost": 125869.04,
              "Total Cost": 125869.05,
              "Plan Rows": 1,
              "Plan Width": 8,
              "Actual Startup Time": 535.093,
              "Actual Total Time": 535.099,
              "Actual Rows": 1,
              "Actual Loops": 4,
              "Plans": [
                {
                  "Node Type": "Hash Join",
                  "Parent Relationship": "Outer",
                  "Parallel Aware": true,
                  "Join Type": "Inner",
                  "Startup Cost": 94642.73,
                  "Total Cost": 125491.99,
                  "Plan Rows": 150818,
                  "Plan Width": 0,
                  "Actual Startup Time": 396.778,
                  "Actual Total Time": 531.921,
                  "Actual Rows": 69789,
                  "Actual Loops": 4,
                  "Inner Unique": false,
                  "Hash Cond": "(mc.movie_id = t.id)",
                  "Plans": [
                    {
                      "Node Type": "Seq Scan",
                      "Parent Relationship": "Outer",
                      "Parallel Aware": true,
                      "Relation Name": "movie_companies",
                      "Alias": "mc",
                      "Startup Cost": 0.0,
                      "Total Cost": 27206.55,
                      "Plan Rows": 841655,
                      "Plan Width": 4,
                      "Actual Startup Time": 0.02,
                      "Actual Total Time": 62.858,
                      "Actual Rows": 652282,
                      "Actual Loops": 4
                    },
                    {
                      "Node Type": "Hash",
                      "Parent Relationship": "Inner",
                      "Parallel Aware": true,
                      "Startup Cost": 92815.91,
                      "Total Cost": 92815.91,
                      "Plan Rows": 146146,
                      "Plan Width": 8,
                      "Actual Startup Time": 390.54,
                      "Actual Total Time": 390.544,
                      "Actual Rows": 31874,
                      "Actual Loops": 4,
                      "Hash Buckets": 524288,
                      "Original Hash Buckets": 524288,
                      "Hash Batches": 1,
                      "Original Hash Batches": 1,
                      "Peak Memory Usage": 9152,
                      "Plans": [
                        {
                          "Node Type": "Hash Join",
                          "Parent Relationship": "Outer",
                          "Parallel Aware": true,
                          "Join Type": "Inner",
                          "Startup Cost": 49333.96,
                          "Total Cost": 92815.91,
                          "Plan Rows": 146146,
                          "Plan Width": 8,
                          "Actual Startup Time": 249.795,
                          "Actual Total Time": 383.061,
                          "Actual Rows": 31874,
                          "Actual Loops": 4,
                          "Inner Unique": true,
                          "Hash Cond": "(mk.movie_id = t.id)",
                          "Plans": [
                            {
                              "Node Type": "Seq Scan",
                              "Parent Relationship": "Outer",
                              "Parallel Aware": true,
                              "Relation Name": "movie_keyword",
                              "Alias": "mk",
                              "Startup Cost": 0.0,
                              "Total Cost": 42695.65,
                              "Plan Rows": 299540,
                              "Plan Width": 4,
                              "Actual Startup Time": 1.551,
                              "Actual Total Time": 94.8,
                              "Actual Rows": 231703,
                              "Actual Loops": 4,
                              "Filter": "(keyword_id > 20321)",
                              "Rows Removed by Filter": 899280
                            },
                            {
                              "Node Type": "Hash",
                              "Parent Relationship": "Inner",
                              "Parallel Aware": true,
                              "Startup Cost": 45479.1,
                              "Total Cost": 45479.1,
                              "Plan Rows": 308389,
                              "Plan Width": 4,
                              "Actual Startup Time": 242.817,
                              "Actual Total Time": 242.818,
                              "Actual Rows": 329188,
                              "Actual Loops": 4,
                              "Hash Buckets": 2097152,
                              "Original Hash Buckets": 2097152,
                              "Hash Batches": 1,
                              "Original Hash Batches": 1,
                              "Peak Memory Usage": 67968,
                              "Plans": [
                                {
                                  "Node Type": "Seq Scan",
                                  "Parent Relationship": "Outer",
                                  "Parallel Aware": true,
                                  "Relation Name": "title",
                                  "Alias": "t",
                                  "Startup Cost": 0.0,
                                  "Total Cost": 45479.1,
                                  "Plan Rows": 308389,
                                  "Plan Width": 4,
                                  "Actual Startup Time": 0.049,
                                  "Actual Total Time": 112.688,
                                  "Actual Rows": 329188,
                                  "Actual Loops": 4,
                                  "Filter": "((production_year > 1974) AND (kind_id = 7))",
                                  "Rows Removed by Filter": 302890
                                }
                              ]
                            }
                          ]
                        }
                      ]
                    }
                  ]
                }
              ]
            }
          ]
        }
      ]
    },
    "Planning Time": 1.384,
    "Triggers": [],
    "Execution Time": 569.998
  }
]