[
  {
    "Plan": {
      "Node Type": "Aggregate",
      "Strategy": "Plain",
      "Partial Mode": "Simple",
      "Parallel Aware": false,
      "Startup Cost": 137141.77,
      "Total Cost": 137141.78,
      "Plan Rows": 1,
      "Plan Width": 64,
      "Actual Startup Time": 3412.291,
      "Actual Total Time": 3412.296,
      "Actual Rows": 1,
      "Actual Loops": 1,
      "Plans": [
        {
          "Node Type": "Nested Loop",
          "Parent Relationship": "Outer",
          "Parallel Aware": false,
          "Join Type": "Inner",
          "Startup Cost": 2409.17,
          "Total Cost": 137141.24,
          "Plan Rows": 105,
          "Plan Width": 113,
          "Actual Startup Time": 41.172,
          "Actual Total Time": 3411.421,
          "Actual Rows": 1943,
          "Actual Loops": 1,
          "Inner Unique": false,
          "Plans": [
            {
              "Node Type": "Seq Scan",
              "Parent Relationship": "Outer",
              "Parallel Aware": false,
              "Relation Name": "info_type",
              "Alias": "it2",
              "Startup Cost": 0.0,
              "Total Cost": 2.41,
              "Plan Rows": 1,
              "Plan Width": 4,
              "Actual Startup Time": 0.04,
              "Actual Total Time": 0.046,
              "Actual Rows": 1,
              "Actual Loops": 1,
              "Filter": "(id = 3)",
              "Rows Removed by Filter": 112
            },
            {
              "Node Type": "Nested Loop",
              "Parent Relationship": "Inner",
              "Parallel Aware": false,
              "Join Type": "Inner",
              "Startup Cost": 2409.17,
              "Total Cost": 137137.78,
              "Plan Rows": 105,
              "Plan Width": 117,
              "Actual Startup Time": 41.129,
              "Actual Total Time": 3411.057,
              "Actual Rows": 1943,
              "Actual Loops": 1,
              "Inner Unique": true,
              "Join Filter": "(mi.movie_id = t.id)",
              "Rows Removed by Join Filter": 0,
              "Plans": [
                {
                  "Node Type": "Nested Loop",
                  "Parent Relationship": "Outer",
                  "Parallel Aware": false,
                  "Join Type": "Inner",
                  "Startup Cost": 2408.74,
                  "Total Cost": 137021.54,
                  "Plan Rows": 250,
                  "Plan Width": 108,
                  "Actual Startup Time": 41.074,
                  "Actual Total Time": 3386.529,
                  "Actual Rows": 1943,
                  "Actual Loops": 1,
                  "Inner Unique": false,
                  "Plans": [
                    {
                      "Node Type": "Nested Loop",
                      "Parent Relationship": "Outer",
                      "Parallel Aware": false,
                      "Join Type": "Inner",
                      "Startup Cost": 2408.3,
                      "Total Cost": 102959.74,
                      "Plan Rows": 25299,
                      "Plan Width": 100,
                      "Actual Startup Time": 35.568,
                      "Actual Total Time": 645.853,
                      "Actual Rows": 252688,
                      "Actual Loops": 1,
                      "Inner Unique": false,
                      "Plans": [
                        {
                          "Node Type": "Nested Loop",
                          "Parent Relationship": "Outer",
                          "Parallel Aware": false,
                          "Join Type": "Inner",
                          "Startup Cost": 2407.74,
                          "Total Cost": 59434.34,
                          "Plan Rows": 2910,
                          "Plan Width": 104,
                          "Actual Startup Time": 35.538,
                          "Actual Total Time": 385.867,
                          "Actual Rows": 9858,
                          "Actual Loops": 1,
                          "Inner Unique": true,
                          "Plans": [
                            {
                              "Node Type": "Nested Loop",
                              "Parent Relationship": "Outer",
                              "Parallel Aware": false,
                              "Join Type": "Inner",
                              "Startup Cost": 2407.31,
                              "Total Cost": 55632.5,
                              "Plan Rows": 2910,
                              "Plan Width": 100,
                              "Actual Startup Time": 35.507,
                              "Actual Total Time": 285.61,
                              "Actual Rows": 9858,
                              "Actual Loops": 1,
                              "Inner Unique": false,
                              "Plans": [
                                {
                                  "Node Type": "Seq Scan",
                                  "Parent Relationship": "Outer",
                                  "Parallel Aware": false,
                                  "Relation Name": "info_type",
                                  "Alias": "it1",
                                  "Startup Cost": 0.0,
                                  "Total Cost": 2.41,
                                  "Plan Rows": 1,
                                  "Plan Width": 4,
                                  "Actual Startup Time": 0.02,
                                  "Actual Total Time": 0.041,
                                  "Actual Rows": 1,
                                  "Actual Loops": 1,
                                  "Filter": "((info)::text ~~* 'birth date'::text)",
                                  "Rows Removed by Filter": 112
                                },
                                {
                                  "Node Type": "Bitmap Heap Scan",
                                  "Parent Relationship": "Inner",
                                  "Parallel Aware": false,
                                  "Relation Name": "person_info",
                                  "Alias": "pi",
                                  "Startup Cost": 2407.31,
                                  "Total Cost": 55480.59,
                                  "Plan Rows": 14949,
                                  "Plan Width": 104,
                                  "Actual Startup Time": 35.481,
                                  "Actual Total Time": 283.854,
                                  "Actual Rows": 9858,
                                  "Actual Loops": 1,
                                  "Recheck Cond": "(info_type_id = it1.id)",
                                  "Rows Removed by Index Recheck": 0,
                                  "Filter": "(info ~~* '%199%'::text)",
                                  "Rows Removed by Filter": 343424,
                                  "Exact Heap Blocks": 46437,
                                  "Lossy Heap Blocks": 0,
                                  "Plans": [
                                    {
                                      "Node Type": "Bitmap Index Scan",
                                      "Parent Relationship": "Outer",
                                      "Parallel Aware": false,
                                      "Index Name": "info_type_id_person_info",
                                      "Startup Cost": 0.0,
                                      "Total Cost": 2403.57,
                                      "Plan Rows": 134819,
                                      "Plan Width": 0,
                                      "Actual Startup Time": 29.163,
                                      "Actual Total Time": 29.164,
                                      "Actual Rows": 353282,
                                      "Actual Loops": 1,
                                      "Index Cond": "(info_type_id = it1.id)"
                                    }
                                  ]
                                }
                              ]
                            },
                            {
                              "Node Type": "Index Only Scan",
                              "Parent Relationship": "Inner",
                              "Parallel Aware": false,
                              "Scan Direction": "Forward",
                              "Index Name": "name_pkey",
                              "Relation Name": "name",
                              "Alias": "n",
                              "Startup Cost": 0.43,
                              "Total Cost": 1.31,
                              "Plan Rows": 1,
                              "Plan Width": 4,
                              "Actual Startup Time": 0.01,
                              "Actual Total Time": 0.01,
                              "Actual Rows": 1,
                              "Actual Loops": 9858,
                              "Index Cond": "(id = pi.person_id)",
                              "Rows Removed by Index Recheck": 0,
                              "Heap Fetches": 9858
                            }
                          ]
                        },
                        {
                          "Node Type": "Index Scan",
                          "Parent Relationship": "Inner",
                          "Parallel Aware": false,
                          "Scan Direction": "Forward",
                          "Index Name": "person_id_cast_info",
                          "Relation Name": "cast_info",
                          "Alias": "ci",
                          "Startup Cost": 0.56,
                          "Total Cost": 9.86,
                          "Plan Rows": 510,
                          "Plan Width": 8,
                          "Actual Startup Time": 0.016,
                          "Actual Total Time": 0.023,
                          "Actual Rows": 26,
                          "Actual Loops": 9858,
                          "Index Cond": "(person_id = n.id)",
                          "Rows Removed by Index Recheck": 0
                        }
                      ]
                    },
                    {
                      "Node Type": "Index Scan",
                      "Parent Relationship": "Inner",
                      "Parallel Aware": false,
                      "Scan Direction": "Forward",
                      "Index Name": "movie_id_movie_info",
                      "Relation Name": "movie_info",
                      "Alias": "mi",
                      "Startup Cost": 0.43,
                      "Total Cost": 1.34,
                      "Plan Rows": 1,
                      "Plan Width": 8,
                      "Actual Startup Time": 0.011,
                      "Actual Total Time": 0.011,
                      "Actual Rows": 0,
                      "Actual Loops": 252688,
                      "Index Cond": "(movie_id = ci.movie_id)",
                      "Rows Removed by Index Recheck": 0,
                      "Filter": "((info ~~* '%sci%'::text) AND (info_type_id = 3))",
                      "Rows Removed by Filter": 9
                    }
                  ]
                },
                {
                  "Node Type": "Index Scan",
                  "Parent Relationship": "Inner",
                  "Parallel Aware": false,
                  "Scan Direction": "Forward",
                  "Index Name": "title_pkey",
                  "Relation Name": "title",
                  "Alias": "t",
                  "Startup Cost": 0.43,
                  "Total Cost": 0.45,
                  "Plan Rows": 1,
                  "Plan Width": 21,
                  "Actual Startup Time": 0.012,
                  "Actual Total Time": 0.012,
                  "Actual Rows": 1,
                  "Actual Loops": 1943,
                  "Index Cond": "(id = ci.movie_id)",
                  "Rows Removed by Index Recheck": 0
                }
              ]
            }
          ]
        }
      ]
    },
    "Planning Time": 11.54,
    "Triggers": [],
    "Execution Time": 3412.959
  }
]