[
  {
    "Plan": {
      "Node Type": "Aggregate",
      "Strategy": "Plain",
      "Partial Mode": "Finalize",
      "Parallel Aware": false,
      "Startup Cost": 46493.68,
      "Total Cost": 46493.69,
      "Plan Rows": 1,
      "Plan Width": 8,
      "Actual Startup Time": 96.567,
      "Actual Total Time": 108.47,
      "Actual Rows": 1,
      "Actual Loops": 1,
      "Plans": [
        {
          "Node Type": "Gather",
          "Parent Relationship": "Outer",
          "Parallel Aware": false,
          "Startup Cost": 46493.26,
          "Total Cost": 46493.67,
          "Plan Rows": 4,
          "Plan Width": 8,
          "Actual Startup Time": 96.305,
          "Actual Total Time": 108.462,
          "Actual Rows": 5,
          "Actual Loops": 1,
          "Workers Planned": 4,
          "Workers Launched": 4,
          "Single Copy": false,
          "Plans": [
            {
              "Node Type": "Aggregate",
              "Strategy": "Plain",
              "Partial Mode": "Partial",
              "Parent Relationship": "Outer",
              "Parallel Aware": false,
              "Startup Cost": 45493.26,
              "Total Cost": 45493.27,
              "Plan Rows": 1,
              "Plan Width": 8,
              "Actual Startup Time": 87.356,
              "Actual Total Time": 87.357,
              "Actual Rows": 1,
              "Actual Loops": 5,
              "Plans": [
                {
                  "Node Type": "Seq Scan",
                  "Parent Relationship": "Outer",
                  "Parallel Aware": true,
                  "Relation Name": "title",
                  "Alias": "t",
                  "Startup Cost": 0.0,
                  "Total Cost": 45479.1,
                  "Plan Rows": 5665,
                  "Plan Width": 0,
                  "Actual Startup Time": 0.199,
                  "Actual Total Time": 87.041,
                  "Actual Rows": 3442,
                  "Actual Loops": 5,
                  "Filter": "((kind_id < 4) AND (production_year = 2003))",
                  "Rows Removed by Filter": 502221
                }
              ]
            }
          ]
        }
      ]
    },
    "Planning Time": 0.192,
    "Triggers": [],
    "Execution Time": 108.537
  }
]