[
  {
    "Plan": {
      "Node Type": "Aggregate",
      "Strategy": "Plain",
      "Partial Mode": "Finalize",
      "Parallel Aware": false,
      "Startup Cost": 553376.06,
      "Total Cost": 553376.07,
      "Plan Rows": 1,
      "Plan Width": 8,
      "Actual Startup Time": 2326.881,
      "Actual Total Time": 2422.927,
      "Actual Rows": 1,
      "Actual Loops": 1,
      "Plans": [
        {
          "Node Type": "Gather",
          "Parent Relationship": "Outer",
          "Parallel Aware": false,
          "Startup Cost": 553375.43,
          "Total Cost": 553376.04,
          "Plan Rows": 6,
          "Plan Width": 8,
          "Actual Startup Time": 2326.287,
          "Actual Total Time": 2422.906,
          "Actual Rows": 7,
          "Actual Loops": 1,
          "Workers Planned": 6,
          "Workers Launched": 6,
          "Single Copy": false,
          "Plans": [
            {
              "Node Type": "Aggregate",
              "Strategy": "Plain",
              "Partial Mode": "Partial",
              "Parent Relationship": "Outer",
              "Parallel Aware": false,
              "Startup Cost": 552375.43,
              "Total Cost": 552375.44,
              "Plan Rows": 1,
              "Plan Width": 8,
              "Actual Startup Time": 2316.163,
              "Actual Total Time": 2316.17,
              "Actual Rows": 1,
              "Actual Loops": 7,
              "Plans": [
                {
                  "Node Type": "Nested Loop",
                  "Parent Relationship": "Outer",
                  "Parallel Aware": false,
                  "Join Type": "Inner",
                  "Startup Cost": 44617.0,
                  "Total Cost": 551056.4,
                  "Plan Rows": 527611,
                  "Plan Width": 0,
                  "Actual Startup Time": 91.868,
                  "Actual Total Time": 2262.847,
                  "Actual Rows": 1131583,
                  "Actual Loops": 7,
                  "Inner Unique": false,
                  "Join Filter": "(t.id = mi.movie_id)",
                  "Rows Removed by Join Filter": 0,
                  "Plans": [
                    {
                      "Node Type": "Hash Join",
                      "Parent Relationship": "Outer",
                      "Parallel Aware": true,
                      "Join Type": "Inner",
                      "Startup Cost": 44616.56,
                      "Total Cost": 388371.72,
                      "Plan Rows": 89857,
                      "Plan Width": 8,
                      "Actual Startup Time": 91.758,
                      "Actual Total Time": 889.237,
                      "Actual Rows": 144461,
                      "Actual Loops": 7,
                      "Inner Unique": true,
                      "Hash Cond": "(ci.movie_id = t.id)",
                      "Plans": [
                        {
                          "Node Type": "Index Scan",
                          "Parent Relationship": "Outer",
                          "Parallel Aware": true,
                          "Scan Direction": "Forward",
                          "Index Name": "role_id_cast_info",
                          "Relation Name": "cast_info",
                          "Alias": "ci",
                          "Startup Cost": 0.56,
                          "Total Cost": 341155.22,
                          "Plan Rows": 990668,
                          "Plan Width": 4,
                          "Actual Startup Time": 0.455,
                          "Actual Total Time": 390.538,
                          "Actual Rows": 1764765,
                          "Actual Loops": 7,
                          "Index Cond": "(role_id = 1)",
                          "Rows Removed by Index Recheck": 0,
                          "Filter": "(person_id < 1693053)",
                          "Rows Removed by Filter": 45333
                        },
                        {
                          "Node Type": "Hash",
                          "Parent Relationship": "Inner",
                          "Parallel Aware": true,
                          "Startup Cost": 43899.32,
                          "Total Cost": 43899.32,
                          "Plan Rows": 57334,
                          "Plan Width": 4,
                          "Actual Startup Time": 89.645,
                          "Actual Total Time": 89.647,
                          "Actual Rows": 33093,
                          "Actual Loops": 7,
                          "Hash Buckets": 262144,
                          "Original Hash Buckets": 262144,
                          "Hash Batches": 1,
                          "Original Hash Batches": 1,
                          "Peak Memory Usage": 11232,
                          "Plans": [
                            {
                              "Node Type": "Seq Scan",
                              "Parent Relationship": "Outer",
                              "Parallel Aware": true,
                              "Relation Name": "title",
                              "Alias": "t",
                              "Startup Cost": 0.0,
                              "Total Cost": 43899.32,
                              "Plan Rows": 57334,
                              "Plan Width": 4,
                              "Actual Startup Time": 0.047,
                              "Actual Total Time": 73.848,
                              "Actual Rows": 33093,
                              "Actual Loops": 7,
                              "Filter": "(production_year > 2011)",
                              "Rows Removed by Filter": 328095
                            }
                          ]
                        }
                      ]
                    },
                    {
                      "Node Type": "Index Only Scan",
                      "Parent Relationship": "Inner",
                      "Parallel Aware": false,
                      "Scan Direction": "Forward",
                      "Index Name": "movie_id_movie_info",
                      "Relation Name": "movie_info",
                      "Alias": "mi",
                      "Startup Cost": 0.43,
                      "Total Cost": 1.3,
                      "Plan Rows": 41,
                      "Plan Width": 4,
                      "Actual Startup Time": 0.004,
                      "Actual Total Time": 0.009,
                      "Actual Rows": 8,
                      "Actual Loops": 1011227,
                      "Index Cond": "(movie_id = ci.movie_id)",
                      "Rows Removed by Index Recheck": 0,
                      "Heap Fetches": 7921078
                    }
                  ]
                }
              ]
            }
          ]
        }
      ]
    },
    "Planning Time": 1.177,
    "Triggers": [],
    "Execution Time": 2423.028
  }
]