[
  {
    "Plan": {
      "Node Type": "Aggregate",
      "Strategy": "Plain",
      "Partial Mode": "Finalize",
      "Parallel Aware": false,
      "Startup Cost": 44909.05,
      "Total Cost": 44909.06,
      "Plan Rows": 1,
      "Plan Width": 8,
      "Actual Startup Time": 91.07,
      "Actual Total Time": 103.537,
      "Actual Rows": 1,
      "Actual Loops": 1,
      "Plans": [
        {
          "Node Type": "Gather",
          "Parent Relationship": "Outer",
          "Parallel Aware": false,
          "Startup Cost": 44908.63,
          "Total Cost": 44909.04,
          "Plan Rows": 4,
          "Plan Width": 8,
          "Actual Startup Time": 90.913,
          "Actual Total Time": 103.528,
          "Actual Rows": 5,
          "Actual Loops": 1,
          "Workers Planned": 4,
          "Workers Launched": 4,
          "Single Copy": false,
          "Plans": [
            {
              "Node Type": "Aggregate",
              "Strategy": "Plain",
              "Partial Mode": "Partial",
              "Parent Relationship": "Outer",
              "Parallel Aware": false,
              "Startup Cost": 43908.63,
              "Total Cost": 43908.64,
              "Plan Rows": 1,
              "Plan Width": 8,
              "Actual Startup Time": 83.448,
              "Actual Total Time": 83.45,
              "Actual Rows": 1,
              "Actual Loops": 5,
              "Plans": [
                {
                  "Node Type": "Seq Scan",
                  "Parent Relationship": "Outer",
                  "Parallel Aware": true,
                  "Relation Name": "title",
                  "Alias": "t",
                  "Startup Cost": 0.0,
                  "Total Cost": 43899.32,
                  "Plan Rows": 3724,
                  "Plan Width": 0,
                  "Actual Startup Time": 49.666,
                  "Actual Total Time": 83.165,
                  "Actual Rows": 2998,
                  "Actual Loops": 5,
                  "Filter": "(production_year < 1905)",
                  "Rows Removed by Filter": 502665
                }
              ]
            }
          ]
        }
      ]
    },
    "Planning Time": 0.072,
    "Triggers": [],
    "Execution Time": 103.567
  }
]