[
  {
    "Plan": {
      "Node Type": "Aggregate",
      "Strategy": "Plain",
      "Partial Mode": "Finalize",
      "Parallel Aware": false,
      "Startup Cost": 46395.79,
      "Total Cost": 46395.8,
      "Plan Rows": 1,
      "Plan Width": 8,
      "Actual Startup Time": 169.614,
      "Actual Total Time": 180.152,
      "Actual Rows": 1,
      "Actual Loops": 1,
      "Plans": [
        {
          "Node Type": "Gather",
          "Parent Relationship": "Outer",
          "Parallel Aware": false,
          "Startup Cost": 46395.47,
          "Total Cost": 46395.78,
          "Plan Rows": 3,
          "Plan Width": 8,
          "Actual Startup Time": 169.47,
          "Actual Total Time": 180.143,
          "Actual Rows": 4,
          "Actual Loops": 1,
          "Workers Planned": 3,
          "Workers Launched": 3,
          "Single Copy": false,
          "Plans": [
            {
              "Node Type": "Aggregate",
              "Strategy": "Plain",
              "Partial Mode": "Partial",
              "Parent Relationship": "Outer",
              "Parallel Aware": false,
              "Startup Cost": 45395.47,
              "Total Cost": 45395.48,
              "Plan Rows": 1,
              "Plan Width": 8,
              "Actual Startup Time": 163.428,
              "Actual Total Time": 163.43,
              "Actual Rows": 1,
              "Actual Loops": 4,
              "Plans": [
                {
                  "Node Type": "Seq Scan",
                  "Parent Relationship": "Outer",
                  "Parallel Aware": true,
                  "Relation Name": "movie_keyword",
                  "Alias": "mk",
                  "Startup Cost": 0.0,
                  "Total Cost": 42695.65,
                  "Plan Rows": 1079927,
                  "Plan Width": 0,
                  "Actual Startup Time": 0.128,
                  "Actual Total Time": 124.716,
                  "Actual Rows": 832845,
                  "Actual Loops": 4,
                  "Filter": "(keyword_id > 1435)",
                  "Rows Removed by Filter": 298137
                }
              ]
            }
          ]
        }
      ]
    },
    "Planning Time": 0.12,
    "Triggers": [],
    "Execution Time": 180.188
  }
]