[
  {
    "Plan": {
      "Node Type": "Aggregate",
      "Strategy": "Plain",
      "Partial Mode": "Finalize",
      "Parallel Aware": false,
      "Startup Cost": 73811.97,
      "Total Cost": 73811.98,
      "Plan Rows": 1,
      "Plan Width": 8,
      "Actual Startup Time": 155.197,
      "Actual Total Time": 166.466,
      "Actual Rows": 1,
      "Actual Loops": 1,
      "Plans": [
        {
          "Node Type": "Gather",
          "Parent Relationship": "Outer",
          "Parallel Aware": false,
          "Startup Cost": 73811.65,
          "Total Cost": 73811.96,
          "Plan Rows": 3,
          "Plan Width": 8,
          "Actual Startup Time": 154.842,
          "Actual Total Time": 166.459,
          "Actual Rows": 4,
          "Actual Loops": 1,
          "Workers Planned": 3,
          "Workers Launched": 3,
          "Single Copy": false,
          "Plans": [
            {
              "Node Type": "Aggregate",
              "Strategy": "Plain",
              "Partial Mode": "Partial",
              "Parent Relationship": "Outer",
              "Parallel Aware": false,
              "Startup Cost": 72811.65,
              "Total Cost": 72811.66,
              "Plan Rows": 1,
              "Plan Width": 8,
              "Actual Startup Time": 149.297,
              "Actual Total Time": 149.301,
              "Actual Rows": 1,
              "Actual Loops": 4,
              "Plans": [
                {
                  "Node Type": "Hash Join",
                  "Parent Relationship": "Outer",
                  "Parallel Aware": true,
                  "Join Type": "Inner",
                  "Startup Cost": 52068.97,
                  "Total Cost": 72807.69,
                  "Plan Rows": 1585,
                  "Plan Width": 0,
                  "Actual Startup Time": 112.152,
                  "Actual Total Time": 149.061,
                  "Actual Rows": 3066,
                  "Actual Loops": 4,
                  "Inner Unique": true,
                  "Hash Cond": "(mc.movie_id = t.id)",
                  "Plans": [
                    {
                      "Node Type": "Bitmap Heap Scan",
                      "Parent Relationship": "Outer",
                      "Parallel Aware": true,
                      "Relation Name": "movie_companies",
                      "Alias": "mc",
                      "Startup Cost": 7964.21,
                      "Total Cost": 28542.95,
                      "Plan Rows": 60945,
                      "Plan Width": 4,
                      "Actual Startup Time": 18.791,
                      "Actual Total Time": 42.078,
                      "Actual Rows": 92002,
                      "Actual Loops": 4,
                      "Recheck Cond": "(company_id > 85851)",
                      "Rows Removed by Index Recheck": 0,
                      "Filter": "(company_type_id = 2)",
                      "Rows Removed by Filter": 0,
                      "Exact Heap Blocks": 1526,
                      "Lossy Heap Blocks": 0,
                      "Plans": [
                        {
                          "Node Type": "Bitmap Index Scan",
                          "Parent Relationship": "Outer",
                          "Parallel Aware": false,
                          "Index Name": "company_id_movie_companies",
                          "Startup Cost": 0.0,
                          "Total Cost": 7916.98,
                          "Plan Rows": 369673,
                          "Plan Width": 0,
                          "Actual Startup Time": 17.929,
                          "Actual Total Time": 17.93,
                          "Actual Rows": 368010,
                          "Actual Loops": 1,
                          "Index Cond": "(company_id > 85851)"
                        }
                      ]
                    },
                    {
                      "Node Type": "Hash",
                      "Parent Relationship": "Inner",
                      "Parallel Aware": true,
                      "Startup Cost": 43899.32,
                      "Total Cost": 43899.32,
                      "Plan Rows": 16435,
                      "Plan Width": 4,
                      "Actual Startup Time": 92.717,
                      "Actual Total Time": 92.718,
                      "Actual Rows": 15957,
                      "Actual Loops": 4,
                      "Hash Buckets": 131072,
                      "Original Hash Buckets": 131072,
                      "Hash Batches": 1,
                      "Original Hash Batches": 1,
                      "Peak Memory Usage": 3584,
                      "Plans": [
                        {
                          "Node Type": "Seq Scan",
                          "Parent Relationship": "Outer",
                          "Parallel Aware": true,
                          "Relation Name": "title",
                          "Alias": "t",
                          "Startup Cost": 0.0,
                          "Total Cost": 43899.32,
                          "Plan Rows": 16435,
                          "Plan Width": 4,
                          "Actual Startup Time": 0.039,
                          "Actual Total Time": 86.062,
                          "Actual Rows": 15957,
                          "Actual Loops": 4,
                          "Filter": "(production_year = 2013)",
                          "Rows Removed by Filter": 616121
                        }
                      ]
                    }
                  ]
                }
              ]
            }
          ]
        }
      ]
    },
    "Planning Time": 0.153,
    "Triggers": [],
    "Execution Time": 166.501
  }
]