[
  {
    "Plan": {
      "Node Type": "Aggregate",
      "Strategy": "Plain",
      "Partial Mode": "Finalize",
      "Parallel Aware": false,
      "Startup Cost": 341695.3,
      "Total Cost": 341695.31,
      "Plan Rows": 1,
      "Plan Width": 8,
      "Actual Startup Time": 890.561,
      "Actual Total Time": 948.312,
      "Actual Rows": 1,
      "Actual Loops": 1,
      "Plans": [
        {
          "Node Type": "Gather",
          "Parent Relationship": "Outer",
          "Parallel Aware": false,
          "Startup Cost": 341694.68,
          "Total Cost": 341695.29,
          "Plan Rows": 6,
          "Plan Width": 8,
          "Actual Startup Time": 890.431,
          "Actual Total Time": 948.301,
          "Actual Rows": 7,
          "Actual Loops": 1,
          "Workers Planned": 6,
          "Workers Launched": 6,
          "Single Copy": false,
          "Plans": [
            {
              "Node Type": "Aggregate",
              "Strategy": "Plain",
              "Partial Mode": "Partial",
              "Parent Relationship": "Outer",
              "Parallel Aware": false,
              "Startup Cost": 340694.68,
              "Total Cost": 340694.69,
              "Plan Rows": 1,
              "Plan Width": 8,
              "Actual Startup Time": 883.31,
              "Actual Total Time": 883.312,
              "Actual Rows": 1,
              "Actual Loops": 7,
              "Plans": [
                {
                  "Node Type": "Seq Scan",
                  "Parent Relationship": "Outer",
                  "Parallel Aware": true,
                  "Relation Name": "cast_info",
                  "Alias": "ci",
                  "Startup Cost": 0.0,
                  "Total Cost": 328162.03,
                  "Plan Rows": 5013060,
                  "Plan Width": 0,
                  "Actual Startup Time": 81.876,
                  "Actual Total Time": 685.569,
                  "Actual Rows": 4272739,
                  "Actual Loops": 7,
                  "Filter": "(person_id > 611639)",
                  "Rows Removed by Filter": 905025
                }
              ]
            }
          ]
        }
      ]
    },
    "Planning Time": 0.142,
    "Triggers": [],
    "Execution Time": 948.375
  }
]