{
    "Plan": {
        "Node Type": "Aggregate",
        "Strategy": "Plain",
        "Partial Mode": "Simple",
        "Parallel Aware": false,
        "Startup Cost": 40001143112.67,
        "Total Cost": 40001143112.68,
        "Plan Rows": 1,
        "Plan Width": 64,
        "Actual Startup Time": 23596.378,
        "Actual Total Time": 23680.92,
        "Actual Rows": 1,
        "Actual Loops": 1,
        "Output": [
            "min((kt.kind)::text)",
            "min(t.title)"
        ],
        "Plans": [
            {
                "Node Type": "Nested Loop",
                "Parent Relationship": "Outer",
                "Parallel Aware": false,
                "Join Type": "Inner",
                "Startup Cost": 40001023233.9,
                "Total Cost": 40001143112.66,
                "Plan Rows": 1,
                "Plan Width": 27,
                "Actual Startup Time": 23187.664,
                "Actual Total Time": 23680.197,
                "Actual Rows": 618,
                "Actual Loops": 1,
                "Output": [
                    "kt.kind",
                    "t.title"
                ],
                "Inner Unique": true,
                "Plans": [
                    {
                        "Node Type": "Gather",
                        "Parent Relationship": "Outer",
                        "Parallel Aware": false,
                        "Startup Cost": 30001023233.77,
                        "Total Cost": 30001143106.91,
                        "Plan Rows": 1,
                        "Plan Width": 31,
                        "Actual Startup Time": 23187.566,
                        "Actual Total Time": 23670.816,
                        "Actual Rows": 618,
                        "Actual Loops": 1,
                        "Output": [
                            "mc.company_type_id",
                            "t.title",
                            "kt.kind"
                        ],
                        "Workers Planned": 5,
                        "Workers Launched": 5,
                        "Single Copy": false,
                        "Plans": [
                            {
                                "Node Type": "Hash Join",
                                "Parent Relationship": "Outer",
                                "Parallel Aware": true,
                                "Join Type": "Inner",
                                "Startup Cost": 30001022233.77,
                                "Total Cost": 30001142106.81,
                                "Plan Rows": 1,
                                "Plan Width": 31,
                                "Actual Startup Time": 23264.014,
                                "Actual Total Time": 23297.91,
                                "Actual Rows": 103,
                                "Actual Loops": 6,
                                "Output": [
                                    "mc.company_type_id",
                                    "t.title",
                                    "kt.kind"
                                ],
                                "Inner Unique": false,
                                "Hash Cond": "(t.id = mk.movie_id)",
                                "Workers": [
                                    {
                                        "Worker Number": 0,
                                        "Actual Startup Time": 23373.577,
                                        "Actual Total Time": 23373.589,
                                        "Actual Rows": 0,
                                        "Actual Loops": 1
                                    },
                                    {
                                        "Worker Number": 1,
                                        "Actual Startup Time": 23171.668,
                                        "Actual Total Time": 23262.028,
                                        "Actual Rows": 612,
                                        "Actual Loops": 1
                                    },
                                    {
                                        "Worker Number": 2,
                                        "Actual Startup Time": 23478.206,
                                        "Actual Total Time": 23478.22,
                                        "Actual Rows": 0,
                                        "Actual Loops": 1
                                    },
                                    {
                                        "Worker Number": 3,
                                        "Actual Startup Time": 23457.594,
                                        "Actual Total Time": 23457.612,
                                        "Actual Rows": 0,
                                        "Actual Loops": 1
                                    },
                                    {
                                        "Worker Number": 4,
                                        "Actual Startup Time": 23264.058,
                                        "Actual Total Time": 23376.222,
                                        "Actual Rows": 6,
                                        "Actual Loops": 1
                                    }
                                ],
                                "Plans": [
                                    {
                                        "Node Type": "Hash Join",
                                        "Parent Relationship": "Outer",
                                        "Parallel Aware": false,
                                        "Join Type": "Inner",
                                        "Startup Cost": 20000213653.42,
                                        "Total Cost": 20000333526.32,
                                        "Plan Rows": 1,
                                        "Plan Width": 35,
                                        "Actual Startup Time": 1652.759,
                                        "Actual Total Time": 2231.706,
                                        "Actual Rows": 134,
                                        "Actual Loops": 6,
                                        "Output": [
                                            "mi.movie_id",
                                            "t.title",
                                            "t.id",
                                            "kt.kind"
                                        ],
                                        "Inner Unique": true,
                                        "Hash Cond": "(mi.info_type_id = it1.id)",
                                        "Workers": [
                                            {
                                                "Worker Number": 0,
                                                "Actual Startup Time": 1710.628,
                                                "Actual Total Time": 2314.58,
                                                "Actual Rows": 104,
                                                "Actual Loops": 1
                                            },
                                            {
                                                "Worker Number": 1,
                                                "Actual Startup Time": 1705.113,
                                                "Actual Total Time": 2202.21,
                                                "Actual Rows": 163,
                                                "Actual Loops": 1
                                            },
                                            {
                                                "Worker Number": 2,
                                                "Actual Startup Time": 1734.541,
                                                "Actual Total Time": 2398.631,
                                                "Actual Rows": 105,
                                                "Actual Loops": 1
                                            },
                                            {
                                                "Worker Number": 3,
                                                "Actual Startup Time": 1740.928,
                                                "Actual Total Time": 2394.138,
                                                "Actual Rows": 110,
                                                "Actual Loops": 1
                                            },
                                            {
                                                "Worker Number": 4,
                                                "Actual Startup Time": 1705.747,
                                                "Actual Total Time": 2315.231,
                                                "Actual Rows": 104,
                                                "Actual Loops": 1
                                            }
                                        ],
                                        "Plans": [
                                            {
                                                "Node Type": "Hash Join",
                                                "Parent Relationship": "Outer",
                                                "Parallel Aware": false,
                                                "Join Type": "Inner",
                                                "Startup Cost": 10000213639.28,
                                                "Total Cost": 10000333512.18,
                                                "Plan Rows": 5,
                                                "Plan Width": 39,
                                                "Actual Startup Time": 1652.429,
                                                "Actual Total Time": 2231.29,
                                                "Actual Rows": 134,
                                                "Actual Loops": 6,
                                                "Output": [
                                                    "kt.kind",
                                                    "t.title",
                                                    "t.id",
                                                    "mi.movie_id",
                                                    "mi.info_type_id"
                                                ],
                                                "Inner Unique": false,
                                                "Hash Cond": "(t.kind_id = kt.id)",
                                                "Workers": [
                                                    {
                                                        "Worker Number": 0,
                                                        "Actual Startup Time": 1710.271,
                                                        "Actual Total Time": 2314.144,
                                                        "Actual Rows": 104,
                                                        "Actual Loops": 1
                                                    },
                                                    {
                                                        "Worker Number": 1,
                                                        "Actual Startup Time": 1704.642,
                                                        "Actual Total Time": 2201.653,
                                                        "Actual Rows": 163,
                                                        "Actual Loops": 1
                                                    },
                                                    {
                                                        "Worker Number": 2,
                                                        "Actual Startup Time": 1734.09,
                                                        "Actual Total Time": 2398.106,
                                                        "Actual Rows": 105,
                                                        "Actual Loops": 1
                                                    },
                                                    {
                                                        "Worker Number": 3,
                                                        "Actual Startup Time": 1740.722,
                                                        "Actual Total Time": 2393.854,
                                                        "Actual Rows": 110,
                                                        "Actual Loops": 1
                                                    },
                                                    {
                                                        "Worker Number": 4,
                                                        "Actual Startup Time": 1705.332,
                                                        "Actual Total Time": 2314.731,
                                                        "Actual Rows": 104,
                                                        "Actual Loops": 1
                                                    }
                                                ],
                                                "Plans": [
                                                    {
                                                        "Node Type": "Merge Join",
                                                        "Parent Relationship": "Outer",
                                                        "Parallel Aware": false,
                                                        "Join Type": "Inner",
                                                        "Startup Cost": 213638.18,
                                                        "Total Cost": 333510.9,
                                                        "Plan Rows": 34,
                                                        "Plan Width": 33,
                                                        "Actual Startup Time": 416.841,
                                                        "Actual Total Time": 2230.949,
                                                        "Actual Rows": 288,
                                                        "Actual Loops": 6,
                                                        "Output": [
                                                            "mi.movie_id",
                                                            "mi.info_type_id",
                                                            "t.title",
                                                            "t.kind_id",
                                                            "t.id"
                                                        ],
                                                        "Inner Unique": true,
                                                        "Merge Cond": "(mi.movie_id = t.id)",
                                                        "Workers": [
                                                            {
                                                                "Worker Number": 0,
                                                                "Actual Startup Time": 444.525,
                                                                "Actual Total Time": 2313.786,
                                                                "Actual Rows": 243,
                                                                "Actual Loops": 1
                                                            },
                                                            {
                                                                "Worker Number": 1,
                                                                "Actual Startup Time": 404.114,
                                                                "Actual Total Time": 2201.293,
                                                                "Actual Rows": 313,
                                                                "Actual Loops": 1
                                                            },
                                                            {
                                                                "Worker Number": 2,
                                                                "Actual Startup Time": 409.149,
                                                                "Actual Total Time": 2397.764,
                                                                "Actual Rows": 267,
                                                                "Actual Loops": 1
                                                            },
                                                            {
                                                                "Worker Number": 3,
                                                                "Actual Startup Time": 412.917,
                                                                "Actual Total Time": 2393.567,
                                                                "Actual Rows": 227,
                                                                "Actual Loops": 1
                                                            },
                                                            {
                                                                "Worker Number": 4,
                                                                "Actual Startup Time": 414.577,
                                                                "Actual Total Time": 2314.381,
                                                                "Actual Rows": 239,
                                                                "Actual Loops": 1
                                                            }
                                                        ],
                                                        "Plans": [
                                                            {
                                                                "Node Type": "Sort",
                                                                "Parent Relationship": "Outer",
                                                                "Parallel Aware": false,
                                                                "Startup Cost": 213637.75,
                                                                "Total Cost": 213637.91,
                                                                "Plan Rows": 64,
                                                                "Plan Width": 8,
                                                                "Actual Startup Time": 402.333,
                                                                "Actual Total Time": 402.438,
                                                                "Actual Rows": 297,
                                                                "Actual Loops": 6,
                                                                "Output": [
                                                                    "mi.movie_id",
                                                                    "mi.info_type_id"
                                                                ],
                                                                "Sort Key": [
                                                                    "mi.movie_id"
                                                                ],
                                                                "Sort Method": "quicksort",
                                                                "Sort Space Used": 46,
                                                                "Sort Space Type": "Memory",
                                                                "Workers": [
                                                                    {
                                                                        "Worker Number": 0,
                                                                        "Actual Startup Time": 402.97,
                                                                        "Actual Total Time": 403.067,
                                                                        "Actual Rows": 251,
                                                                        "Actual Loops": 1
                                                                    },
                                                                    {
                                                                        "Worker Number": 1,
                                                                        "Actual Startup Time": 402.835,
                                                                        "Actual Total Time": 402.931,
                                                                        "Actual Rows": 321,
                                                                        "Actual Loops": 1
                                                                    },
                                                                    {
                                                                        "Worker Number": 2,
                                                                        "Actual Startup Time": 402.84,
                                                                        "Actual Total Time": 402.929,
                                                                        "Actual Rows": 275,
                                                                        "Actual Loops": 1
                                                                    },
                                                                    {
                                                                        "Worker Number": 3,
                                                                        "Actual Startup Time": 399.204,
                                                                        "Actual Total Time": 399.303,
                                                                        "Actual Rows": 231,
                                                                        "Actual Loops": 1
                                                                    },
                                                                    {
                                                                        "Worker Number": 4,
                                                                        "Actual Startup Time": 402.848,
                                                                        "Actual Total Time": 402.935,
                                                                        "Actual Rows": 250,
                                                                        "Actual Loops": 1
                                                                    }
                                                                ],
                                                                "Plans": [
                                                                    {
                                                                        "Node Type": "Seq Scan",
                                                                        "Parent Relationship": "Outer",
                                                                        "Parallel Aware": true,
                                                                        "Relation Name": "movie_info",
                                                                        "Schema": "public",
                                                                        "Alias": "mi",
                                                                        "Startup Cost": 0.0,
                                                                        "Total Cost": 213635.83,
                                                                        "Plan Rows": 64,
                                                                        "Plan Width": 8,
                                                                        "Actual Startup Time": 116.263,
                                                                        "Actual Total Time": 402.139,
                                                                        "Actual Rows": 297,
                                                                        "Actual Loops": 6,
                                                                        "Output": [
                                                                            "mi.movie_id",
                                                                            "mi.info_type_id"
                                                                        ],
                                                                        "Filter": "((mi.info IS NOT NULL) AND (mi.note ~~ '%internet%'::text) AND ((mi.info ~~ 'USA:% 199%'::text) OR (mi.info ~~ 'USA:% 200%'::text)))",
                                                                        "Rows Removed by Filter": 2472323,
                                                                        "Workers": [
                                                                            {
                                                                                "Worker Number": 0,
                                                                                "Actual Startup Time": 117.663,
                                                                                "Actual Total Time": 402.751,
                                                                                "Actual Rows": 251,
                                                                                "Actual Loops": 1
                                                                            },
                                                                            {
                                                                                "Worker Number": 1,
                                                                                "Actual Startup Time": 116.384,
                                                                                "Actual Total Time": 402.62,
                                                                                "Actual Rows": 321,
                                                                                "Actual Loops": 1
                                                                            },
                                                                            {
                                                                                "Worker Number": 2,
                                                                                "Actual Startup Time": 116.516,
                                                                                "Actual Total Time": 402.616,
                                                                                "Actual Rows": 275,
                                                                                "Actual Loops": 1
                                                                            },
                                                                            {
                                                                                "Worker Number": 3,
                                                                                "Actual Startup Time": 113.086,
                                                                                "Actual Total Time": 399.038,
                                                                                "Actual Rows": 231,
                                                                                "Actual Loops": 1
                                                                            },
                                                                            {
                                                                                "Worker Number": 4,
                                                                                "Actual Startup Time": 116.671,
                                                                                "Actual Total Time": 402.626,
                                                                                "Actual Rows": 250,
                                                                                "Actual Loops": 1
                                                                            }
                                                                        ]
                                                                    }
                                                                ]
                                                            },
                                                            {
                                                                "Node Type": "Index Scan",
                                                                "Parent Relationship": "Inner",
                                                                "Parallel Aware": false,
                                                                "Scan Direction": "Forward",
                                                                "Index Name": "title_pkey",
                                                                "Relation Name": "title",
                                                                "Schema": "public",
                                                                "Alias": "t",
                                                                "Startup Cost": 0.43,
                                                                "Total Cost": 116662.9,
                                                                "Plan Rows": 1321493,
                                                                "Plan Width": 25,
                                                                "Actual Startup Time": 0.062,
                                                                "Actual Total Time": 1739.912,
                                                                "Actual Rows": 1320089,
                                                                "Actual Loops": 6,
                                                                "Output": [
                                                                    "t.id",
                                                                    "t.title",
                                                                    "t.imdb_index",
                                                                    "t.kind_id",
                                                                    "t.production_year",
                                                                    "t.imdb_id",
                                                                    "t.phonetic_code",
                                                                    "t.episode_of_id",
                                                                    "t.season_nr",
                                                                    "t.episode_nr",
                                                                    "t.series_years",
                                                                    "t.md5sum"
                                                                ],
                                                                "Filter": "(t.production_year > 2001)",
                                                                "Rows Removed by Filter": 1198725,
                                                                "Workers": [
                                                                    {
                                                                        "Worker Number": 0,
                                                                        "Actual Startup Time": 0.072,
                                                                        "Actual Total Time": 1823.051,
                                                                        "Actual Rows": 1319040,
                                                                        "Actual Loops": 1
                                                                    },
                                                                    {
                                                                        "Worker Number": 1,
                                                                        "Actual Startup Time": 0.066,
                                                                        "Actual Total Time": 1710.433,
                                                                        "Actual Rows": 1320796,
                                                                        "Actual Loops": 1
                                                                    },
                                                                    {
                                                                        "Worker Number": 2,
                                                                        "Actual Startup Time": 0.073,
                                                                        "Actual Total Time": 1892.542,
                                                                        "Actual Rows": 1321361,
                                                                        "Actual Loops": 1
                                                                    },
                                                                    {
                                                                        "Worker Number": 3,
                                                                        "Actual Startup Time": 0.058,
                                                                        "Actual Total Time": 1892.747,
                                                                        "Actual Rows": 1320619,
                                                                        "Actual Loops": 1
                                                                    },
                                                                    {
                                                                        "Worker Number": 4,
                                                                        "Actual Startup Time": 0.077,
                                                                        "Actual Total Time": 1825.712,
                                                                        "Actual Rows": 1319595,
                                                                        "Actual Loops": 1
                                                                    }
                                                                ]
                                                            }
                                                        ]
                                                    },
                                                    {
                                                        "Node Type": "Hash",
                                                        "Parent Relationship": "Inner",
                                                        "Parallel Aware": false,
                                                        "Startup Cost": 10000000001.09,
                                                        "Total Cost": 10000000001.09,
                                                        "Plan Rows": 1,
                                                        "Plan Width": 14,
                                                        "Actual Startup Time": 0.068,
                                                        "Actual Total Time": 0.069,
                                                        "Actual Rows": 1,
                                                        "Actual Loops": 6,
                                                        "Output": [
                                                            "kt.kind",
                                                            "kt.id"
                                                        ],
                                                        "Hash Buckets": 1024,
                                                        "Original Hash Buckets": 1024,
                                                        "Hash Batches": 1,
                                                        "Original Hash Batches": 1,
                                                        "Peak Memory Usage": 9,
                                                        "Workers": [
                                                            {
                                                                "Worker Number": 0,
                                                                "Actual Startup Time": 0.087,
                                                                "Actual Total Time": 0.088,
                                                                "Actual Rows": 1,
                                                                "Actual Loops": 1
                                                            },
                                                            {
                                                                "Worker Number": 1,
                                                                "Actual Startup Time": 0.091,
                                                                "Actual Total Time": 0.092,
                                                                "Actual Rows": 1,
                                                                "Actual Loops": 1
                                                            },
                                                            {
                                                                "Worker Number": 2,
                                                                "Actual Startup Time": 0.075,
                                                                "Actual Total Time": 0.076,
                                                                "Actual Rows": 1,
                                                                "Actual Loops": 1
                                                            },
                                                            {
                                                                "Worker Number": 3,
                                                                "Actual Startup Time": 0.056,
                                                                "Actual Total Time": 0.057,
                                                                "Actual Rows": 1,
                                                                "Actual Loops": 1
                                                            },
                                                            {
                                                                "Worker Number": 4,
                                                                "Actual Startup Time": 0.082,
                                                                "Actual Total Time": 0.083,
                                                                "Actual Rows": 1,
                                                                "Actual Loops": 1
                                                            }
                                                        ],
                                                        "Plans": [
                                                            {
                                                                "Node Type": "Seq Scan",
                                                                "Parent Relationship": "Outer",
                                                                "Parallel Aware": false,
                                                                "Relation Name": "kind_type",
                                                                "Schema": "public",
                                                                "Alias": "kt",
                                                                "Startup Cost": 10000000000.0,
                                                                "Total Cost": 10000000001.09,
                                                                "Plan Rows": 1,
                                                                "Plan Width": 14,
                                                                "Actual Startup Time": 0.05,
                                                                "Actual Total Time": 0.051,
                                                                "Actual Rows": 1,
                                                                "Actual Loops": 6,
                                                                "Output": [
                                                                    "kt.kind",
                                                                    "kt.id"
                                                                ],
                                                                "Filter": "((kt.kind)::text = 'movie'::text)",
                                                                "Rows Removed by Filter": 6,
                                                                "Workers": [
                                                                    {
                                                                        "Worker Number": 0,
                                                                        "Actual Startup Time": 0.069,
                                                                        "Actual Total Time": 0.071,
                                                                        "Actual Rows": 1,
                                                                        "Actual Loops": 1
                                                                    },
                                                                    {
                                                                        "Worker Number": 1,
                                                                        "Actual Startup Time": 0.067,
                                                                        "Actual Total Time": 0.068,
                                                                        "Actual Rows": 1,
                                                                        "Actual Loops": 1
                                                                    },
                                                                    {
                                                                        "Worker Number": 2,
                                                                        "Actual Startup Time": 0.051,
                                                                        "Actual Total Time": 0.053,
                                                                        "Actual Rows": 1,
                                                                        "Actual Loops": 1
                                                                    },
                                                                    {
                                                                        "Worker Number": 3,
                                                                        "Actual Startup Time": 0.036,
                                                                        "Actual Total Time": 0.038,
                                                                        "Actual Rows": 1,
                                                                        "Actual Loops": 1
                                                                    },
                                                                    {
                                                                        "Worker Number": 4,
                                                                        "Actual Startup Time": 0.064,
                                                                        "Actual Total Time": 0.066,
                                                                        "Actual Rows": 1,
                                                                        "Actual Loops": 1
                                                                    }
                                                                ]
                                                            }
                                                        ]
                                                    }
                                                ]
                                            },
                                            {
                                                "Node Type": "Hash",
                                                "Parent Relationship": "Inner",
                                                "Parallel Aware": false,
                                                "Startup Cost": 10000000014.12,
                                                "Total Cost": 10000000014.12,
                                                "Plan Rows": 1,
                                                "Plan Width": 4,
                                                "Actual Startup Time": 0.263,
                                                "Actual Total Time": 0.264,
                                                "Actual Rows": 1,
                                                "Actual Loops": 6,
                                                "Output": [
                                                    "it1.id"
                                                ],
                                                "Hash Buckets": 1024,
                                                "Original Hash Buckets": 1024,
                                                "Hash Batches": 1,
                                                "Original Hash Batches": 1,
                                                "Peak Memory Usage": 9,
                                                "Workers": [
                                                    {
                                                        "Worker Number": 0,
                                                        "Actual Startup Time": 0.272,
                                                        "Actual Total Time": 0.273,
                                                        "Actual Rows": 1,
                                                        "Actual Loops": 1
                                                    },
                                                    {
                                                        "Worker Number": 1,
                                                        "Actual Startup Time": 0.382,
                                                        "Actual Total Time": 0.383,
                                                        "Actual Rows": 1,
                                                        "Actual Loops": 1
                                                    },
                                                    {
                                                        "Worker Number": 2,
                                                        "Actual Startup Time": 0.358,
                                                        "Actual Total Time": 0.359,
                                                        "Actual Rows": 1,
                                                        "Actual Loops": 1
                                                    },
                                                    {
                                                        "Worker Number": 3,
                                                        "Actual Startup Time": 0.18,
                                                        "Actual Total Time": 0.181,
                                                        "Actual Rows": 1,
                                                        "Actual Loops": 1
                                                    },
                                                    {
                                                        "Worker Number": 4,
                                                        "Actual Startup Time": 0.335,
                                                        "Actual Total Time": 0.336,
                                                        "Actual Rows": 1,
                                                        "Actual Loops": 1
                                                    }
                                                ],
                                                "Plans": [
                                                    {
                                                        "Node Type": "Index Scan",
                                                        "Parent Relationship": "Outer",
                                                        "Parallel Aware": false,
                                                        "Scan Direction": "Forward",
                                                        "Index Name": "info_type_pkey",
                                                        "Relation Name": "info_type",
                                                        "Schema": "public",
                                                        "Alias": "it1",
                                                        "Startup Cost": 10000000000.14,
                                                        "Total Cost": 10000000014.12,
                                                        "Plan Rows": 1,
                                                        "Plan Width": 4,
                                                        "Actual Startup Time": 0.153,
                                                        "Actual Total Time": 0.237,
                                                        "Actual Rows": 1,
                                                        "Actual Loops": 6,
                                                        "Output": [
                                                            "it1.id"
                                                        ],
                                                        "Filter": "((it1.info)::text = 'release dates'::text)",
                                                        "Rows Removed by Filter": 112,
                                                        "Workers": [
                                                            {
                                                                "Worker Number": 0,
                                                                "Actual Startup Time": 0.16,
                                                                "Actual Total Time": 0.254,
                                                                "Actual Rows": 1,
                                                                "Actual Loops": 1
                                                            },
                                                            {
                                                                "Worker Number": 1,
                                                                "Actual Startup Time": 0.215,
                                                                "Actual Total Time": 0.34,
                                                                "Actual Rows": 1,
                                                                "Actual Loops": 1
                                                            },
                                                            {
                                                                "Worker Number": 2,
                                                                "Actual Startup Time": 0.191,
                                                                "Actual Total Time": 0.319,
                                                                "Actual Rows": 1,
                                                                "Actual Loops": 1
                                                            },
                                                            {
                                                                "Worker Number": 3,
                                                                "Actual Startup Time": 0.133,
                                                                "Actual Total Time": 0.171,
                                                                "Actual Rows": 1,
                                                                "Actual Loops": 1
                                                            },
                                                            {
                                                                "Worker Number": 4,
                                                                "Actual Startup Time": 0.185,
                                                                "Actual Total Time": 0.294,
                                                                "Actual Rows": 1,
                                                                "Actual Loops": 1
                                                            }
                                                        ]
                                                    }
                                                ]
                                            }
                                        ]
                                    },
                                    {
                                        "Node Type": "Hash",
                                        "Parent Relationship": "Inner",
                                        "Parallel Aware": true,
                                        "Startup Cost": 10000804092.53,
                                        "Total Cost": 10000804092.53,
                                        "Plan Rows": 359026,
                                        "Plan Width": 16,
                                        "Actual Startup Time": 21058.579,
                                        "Actual Total Time": 21058.588,
                                        "Actual Rows": 1041860,
                                        "Actual Loops": 6,
                                        "Output": [
                                            "cc.movie_id",
                                            "mc.movie_id",
                                            "mc.company_type_id",
                                            "mk.movie_id"
                                        ],
                                        "Hash Buckets": 8388608,
                                        "Original Hash Buckets": 1048576,
                                        "Hash Batches": 1,
                                        "Original Hash Batches": 1,
                                        "Peak Memory Usage": 416224,
                                        "Workers": [
                                            {
                                                "Worker Number": 0,
                                                "Actual Startup Time": 21057.58,
                                                "Actual Total Time": 21057.586,
                                                "Actual Rows": 0,
                                                "Actual Loops": 1
                                            },
                                            {
                                                "Worker Number": 1,
                                                "Actual Startup Time": 21057.901,
                                                "Actual Total Time": 21057.908,
                                                "Actual Rows": 0,
                                                "Actual Loops": 1
                                            },
                                            {
                                                "Worker Number": 2,
                                                "Actual Startup Time": 21058.077,
                                                "Actual Total Time": 21058.084,
                                                "Actual Rows": 0,
                                                "Actual Loops": 1
                                            },
                                            {
                                                "Worker Number": 3,
                                                "Actual Startup Time": 21057.964,
                                                "Actual Total Time": 21057.976,
                                                "Actual Rows": 40693,
                                                "Actual Loops": 1
                                            },
                                            {
                                                "Worker Number": 4,
                                                "Actual Startup Time": 21059.441,
                                                "Actual Total Time": 21059.447,
                                                "Actual Rows": 0,
                                                "Actual Loops": 1
                                            }
                                        ],
                                        "Plans": [
                                            {
                                                "Node Type": "Hash Join",
                                                "Parent Relationship": "Outer",
                                                "Parallel Aware": false,
                                                "Join Type": "Inner",
                                                "Startup Cost": 10000791013.25,
                                                "Total Cost": 10000804092.53,
                                                "Plan Rows": 359026,
                                                "Plan Width": 16,
                                                "Actual Startup Time": 4014.024,
                                                "Actual Total Time": 5084.49,
                                                "Actual Rows": 1041860,
                                                "Actual Loops": 6,
                                                "Output": [
                                                    "cc.movie_id",
                                                    "mc.movie_id",
                                                    "mc.company_type_id",
                                                    "mk.movie_id"
                                                ],
                                                "Inner Unique": true,
                                                "Hash Cond": "(mk.keyword_id = k.id)",
                                                "Workers": [
                                                    {
                                                        "Worker Number": 0,
                                                        "Actual Startup Time": 156.946,
                                                        "Actual Total Time": 156.951,
                                                        "Actual Rows": 0,
                                                        "Actual Loops": 1
                                                    },
                                                    {
                                                        "Worker Number": 1,
                                                        "Actual Startup Time": 151.122,
                                                        "Actual Total Time": 151.128,
                                                        "Actual Rows": 0,
                                                        "Actual Loops": 1
                                                    },
                                                    {
                                                        "Worker Number": 2,
                                                        "Actual Startup Time": 151.246,
                                                        "Actual Total Time": 151.253,
                                                        "Actual Rows": 0,
                                                        "Actual Loops": 1
                                                    },
                                                    {
                                                        "Worker Number": 3,
                                                        "Actual Startup Time": 14304.005,
                                                        "Actual Total Time": 14481.577,
                                                        "Actual Rows": 40693,
                                                        "Actual Loops": 1
                                                    },
                                                    {
                                                        "Worker Number": 4,
                                                        "Actual Startup Time": 158.861,
                                                        "Actual Total Time": 158.866,
                                                        "Actual Rows": 0,
                                                        "Actual Loops": 1
                                                    }
                                                ],
                                                "Plans": [
                                                    {
                                                        "Node Type": "Merge Join",
                                                        "Parent Relationship": "Outer",
                                                        "Parallel Aware": false,
                                                        "Join Type": "Inner",
                                                        "Startup Cost": 10000784328.63,
                                                        "Total Cost": 10000796465.43,
                                                        "Plan Rows": 359026,
                                                        "Plan Width": 20,
                                                        "Actual Startup Time": 3871.771,
                                                        "Actual Total Time": 4690.742,
                                                        "Actual Rows": 1041860,
                                                        "Actual Loops": 6,
                                                        "Output": [
                                                            "cc.movie_id",
                                                            "mc.movie_id",
                                                            "mc.company_type_id",
                                                            "mk.movie_id",
                                                            "mk.keyword_id"
                                                        ],
                                                        "Inner Unique": false,
                                                        "Merge Cond": "(cn.id = mc.company_id)",
                                                        "Workers": [
                                                            {
                                                                "Worker Number": 0,
                                                                "Actual Startup Time": 0.059,
                                                                "Actual Total Time": 0.063,
                                                                "Actual Rows": 0,
                                                                "Actual Loops": 1
                                                            },
                                                            {
                                                                "Worker Number": 1,
                                                                "Actual Startup Time": 0.059,
                                                                "Actual Total Time": 0.064,
                                                                "Actual Rows": 0,
                                                                "Actual Loops": 1
                                                            },
                                                            {
                                                                "Worker Number": 2,
                                                                "Actual Startup Time": 0.057,
                                                                "Actual Total Time": 0.063,
                                                                "Actual Rows": 0,
                                                                "Actual Loops": 1
                                                            },
                                                            {
                                                                "Worker Number": 3,
                                                                "Actual Startup Time": 14165.224,
                                                                "Actual Total Time": 14327.353,
                                                                "Actual Rows": 40693,
                                                                "Actual Loops": 1
                                                            },
                                                            {
                                                                "Worker Number": 4,
                                                                "Actual Startup Time": 0.065,
                                                                "Actual Total Time": 0.07,
                                                                "Actual Rows": 0,
                                                                "Actual Loops": 1
                                                            }
                                                        ],
                                                        "Plans": [
                                                            {
                                                                "Node Type": "Sort",
                                                                "Parent Relationship": "Outer",
                                                                "Parallel Aware": false,
                                                                "Startup Cost": 8590.3,
                                                                "Total Cost": 8714.27,
                                                                "Plan Rows": 49589,
                                                                "Plan Width": 4,
                                                                "Actual Startup Time": 13.285,
                                                                "Actual Total Time": 16.269,
                                                                "Actual Rows": 14140,
                                                                "Actual Loops": 6,
                                                                "Output": [
                                                                    "cn.id"
                                                                ],
                                                                "Sort Key": [
                                                                    "cn.id"
                                                                ],
                                                                "Sort Method": "quicksort",
                                                                "Sort Space Used": 6584,
                                                                "Sort Space Type": "Memory",
                                                                "Workers": [
                                                                    {
                                                                        "Worker Number": 0,
                                                                        "Actual Startup Time": 0.057,
                                                                        "Actual Total Time": 0.058,
                                                                        "Actual Rows": 0,
                                                                        "Actual Loops": 1
                                                                    },
                                                                    {
                                                                        "Worker Number": 1,
                                                                        "Actual Startup Time": 0.058,
                                                                        "Actual Total Time": 0.058,
                                                                        "Actual Rows": 0,
                                                                        "Actual Loops": 1
                                                                    },
                                                                    {
                                                                        "Worker Number": 2,
                                                                        "Actual Startup Time": 0.055,
                                                                        "Actual Total Time": 0.056,
                                                                        "Actual Rows": 0,
                                                                        "Actual Loops": 1
                                                                    },
                                                                    {
                                                                        "Worker Number": 3,
                                                                        "Actual Startup Time": 11.42,
                                                                        "Actual Total Time": 13.266,
                                                                        "Actual Rows": 9921,
                                                                        "Actual Loops": 1
                                                                    },
                                                                    {
                                                                        "Worker Number": 4,
                                                                        "Actual Startup Time": 0.063,
                                                                        "Actual Total Time": 0.063,
                                                                        "Actual Rows": 0,
                                                                        "Actual Loops": 1
                                                                    }
                                                                ],
                                                                "Plans": [
                                                                    {
                                                                        "Node Type": "Seq Scan",
                                                                        "Parent Relationship": "Outer",
                                                                        "Parallel Aware": true,
                                                                        "Relation Name": "company_name",
                                                                        "Schema": "public",
                                                                        "Alias": "cn",
                                                                        "Startup Cost": 0.0,
                                                                        "Total Cost": 4722.92,
                                                                        "Plan Rows": 49589,
                                                                        "Plan Width": 4,
                                                                        "Actual Startup Time": 0.013,
                                                                        "Actual Total Time": 8.748,
                                                                        "Actual Rows": 14140,
                                                                        "Actual Loops": 6,
                                                                        "Output": [
                                                                            "cn.id"
                                                                        ],
                                                                        "Filter": "((cn.country_code)::text = '[us]'::text)",
                                                                        "Rows Removed by Filter": 25026,
                                                                        "Workers": [
                                                                            {
                                                                                "Worker Number": 0,
                                                                                "Actual Startup Time": 0.002,
                                                                                "Actual Total Time": 0.003,
                                                                                "Actual Rows": 0,
                                                                                "Actual Loops": 1
                                                                            },
                                                                            {
                                                                                "Worker Number": 1,
                                                                                "Actual Startup Time": 0.002,
                                                                                "Actual Total Time": 0.002,
                                                                                "Actual Rows": 0,
                                                                                "Actual Loops": 1
                                                                            },
                                                                            {
                                                                                "Worker Number": 2,
                                                                                "Actual Startup Time": 0.002,
                                                                                "Actual Total Time": 0.003,
                                                                                "Actual Rows": 0,
                                                                                "Actual Loops": 1
                                                                            },
                                                                            {
                                                                                "Worker Number": 3,
                                                                                "Actual Startup Time": 0.044,
                                                                                "Actual Total Time": 7.647,
                                                                                "Actual Rows": 9921,
                                                                                "Actual Loops": 1
                                                                            },
                                                                            {
                                                                                "Worker Number": 4,
                                                                                "Actual Startup Time": 0.002,
                                                                                "Actual Total Time": 0.003,
                                                                                "Actual Rows": 0,
                                                                                "Actual Loops": 1
                                                                            }
                                                                        ]
                                                                    }
                                                                ]
                                                            },
                                                            {
                                                                "Node Type": "Sort",
                                                                "Parent Relationship": "Inner",
                                                                "Parallel Aware": false,
                                                                "Startup Cost": 10000775530.06,
                                                                "Total Cost": 10000779783.57,
                                                                "Plan Rows": 1701403,
                                                                "Plan Width": 24,
                                                                "Actual Startup Time": 9358.142,
                                                                "Actual Total Time": 12229.577,
                                                                "Actual Rows": 16526260,
                                                                "Actual Loops": 2,
                                                                "Output": [
                                                                    "cc.movie_id",
                                                                    "mc.movie_id",
                                                                    "mc.company_id",
                                                                    "mc.company_type_id",
                                                                    "mk.movie_id",
                                                                    "mk.keyword_id"
                                                                ],
                                                                "Sort Key": [
                                                                    "mc.company_id"
                                                                ],
                                                                "Sort Method": "quicksort",
                                                                "Sort Space Used": 1684332,
                                                                "Sort Space Type": "Memory",
                                                                "Workers": [
                                                                    {
                                                                        "Worker Number": 3,
                                                                        "Actual Startup Time": 9719.445,
                                                                        "Actual Total Time": 12633.391,
                                                                        "Actual Rows": 16526239,
                                                                        "Actual Loops": 1
                                                                    }
                                                                ],
                                                                "Plans": [
                                                                    {
                                                                        "Node Type": "Hash Join",
                                                                        "Parent Relationship": "Outer",
                                                                        "Parallel Aware": false,
                                                                        "Join Type": "Inner",
                                                                        "Startup Cost": 10000481506.18,
                                                                        "Total Cost": 10000599449.37,
                                                                        "Plan Rows": 1701403,
                                                                        "Plan Width": 24,
                                                                        "Actual Startup Time": 3144.245,
                                                                        "Actual Total Time": 5054.398,
                                                                        "Actual Rows": 16526281,
                                                                        "Actual Loops": 2,
                                                                        "Output": [
                                                                            "cc.movie_id",
                                                                            "mc.movie_id",
                                                                            "mc.company_id",
                                                                            "mc.company_type_id",
                                                                            "mk.movie_id",
                                                                            "mk.keyword_id"
                                                                        ],
                                                                        "Inner Unique": false,
                                                                        "Hash Cond": "(mk.movie_id = mc.movie_id)",
                                                                        "Workers": [
                                                                            {
                                                                                "Worker Number": 3,
                                                                                "Actual Startup Time": 3241.373,
                                                                                "Actual Total Time": 5236.824,
                                                                                "Actual Rows": 16526281,
                                                                                "Actual Loops": 1
                                                                            }
                                                                        ],
                                                                        "Plans": [
                                                                            {
                                                                                "Node Type": "Hash Join",
                                                                                "Parent Relationship": "Outer",
                                                                                "Parallel Aware": false,
                                                                                "Join Type": "Inner",
                                                                                "Startup Cost": 10000364061.71,
                                                                                "Total Cost": 10000385728.29,
                                                                                "Plan Rows": 1536657,
                                                                                "Plan Width": 12,
                                                                                "Actual Startup Time": 1596.976,
                                                                                "Actual Total Time": 1715.601,
                                                                                "Actual Rows": 1023805,
                                                                                "Actual Loops": 2,
                                                                                "Output": [
                                                                                    "cc.movie_id",
                                                                                    "mk.movie_id",
                                                                                    "mk.keyword_id"
                                                                                ],
                                                                                "Inner Unique": false,
                                                                                "Hash Cond": "(cct1.id = cc.status_id)",
                                                                                "Workers": [
                                                                                    {
                                                                                        "Worker Number": 3,
                                                                                        "Actual Startup Time": 1620.362,
                                                                                        "Actual Total Time": 1747.703,
                                                                                        "Actual Rows": 1023805,
                                                                                        "Actual Loops": 1
                                                                                    }
                                                                                ],
                                                                                "Plans": [
                                                                                    {
                                                                                        "Node Type": "Index Scan",
                                                                                        "Parent Relationship": "Outer",
                                                                                        "Parallel Aware": false,
                                                                                        "Scan Direction": "Forward",
                                                                                        "Index Name": "comp_cast_type_pkey",
                                                                                        "Relation Name": "comp_cast_type",
                                                                                        "Schema": "public",
                                                                                        "Alias": "cct1",
                                                                                        "Startup Cost": 0.13,
                                                                                        "Total Cost": 12.2,
                                                                                        "Plan Rows": 1,
                                                                                        "Plan Width": 4,
                                                                                        "Actual Startup Time": 0.042,
                                                                                        "Actual Total Time": 0.049,
                                                                                        "Actual Rows": 1,
                                                                                        "Actual Loops": 2,
                                                                                        "Output": [
                                                                                            "cct1.id",
                                                                                            "cct1.kind"
                                                                                        ],
                                                                                        "Filter": "((cct1.kind)::text = 'complete+verified'::text)",
                                                                                        "Rows Removed by Filter": 3,
                                                                                        "Workers": [
                                                                                            {
                                                                                                "Worker Number": 3,
                                                                                                "Actual Startup Time": 0.056,
                                                                                                "Actual Total Time": 0.062,
                                                                                                "Actual Rows": 1,
                                                                                                "Actual Loops": 1
                                                                                            }
                                                                                        ]
                                                                                    },
                                                                                    {
                                                                                        "Node Type": "Hash",
                                                                                        "Parent Relationship": "Inner",
                                                                                        "Parallel Aware": false,
                                                                                        "Startup Cost": 10000287229.84,
                                                                                        "Total Cost": 10000287229.84,
                                                                                        "Plan Rows": 6146539,
                                                                                        "Plan Width": 16,
                                                                                        "Actual Startup Time": 1572.496,
                                                                                        "Actual Total Time": 1572.5,
                                                                                        "Actual Rows": 2171367,
                                                                                        "Actual Loops": 2,
                                                                                        "Output": [
                                                                                            "cc.movie_id",
                                                                                            "cc.status_id",
                                                                                            "mk.movie_id",
                                                                                            "mk.keyword_id"
                                                                                        ],
                                                                                        "Hash Buckets": 8388608,
                                                                                        "Original Hash Buckets": 8388608,
                                                                                        "Hash Batches": 1,
                                                                                        "Original Hash Batches": 1,
                                                                                        "Peak Memory Usage": 167319,
                                                                                        "Workers": [
                                                                                            {
                                                                                                "Worker Number": 3,
                                                                                                "Actual Startup Time": 1581.253,
                                                                                                "Actual Total Time": 1581.255,
                                                                                                "Actual Rows": 2171367,
                                                                                                "Actual Loops": 1
                                                                                            }
                                                                                        ],
                                                                                        "Plans": [
                                                                                            {
                                                                                                "Node Type": "Merge Join",
                                                                                                "Parent Relationship": "Outer",
                                                                                                "Parallel Aware": false,
                                                                                                "Join Type": "Inner",
                                                                                                "Startup Cost": 10000000002.5,
                                                                                                "Total Cost": 10000287229.84,
                                                                                                "Plan Rows": 6146539,
                                                                                                "Plan Width": 16,
                                                                                                "Actual Startup Time": 0.167,
                                                                                                "Actual Total Time": 1252.918,
                                                                                                "Actual Rows": 2171367,
                                                                                                "Actual Loops": 2,
                                                                                                "Output": [
                                                                                                    "cc.movie_id",
                                                                                                    "cc.status_id",
                                                                                                    "mk.movie_id",
                                                                                                    "mk.keyword_id"
                                                                                                ],
                                                                                                "Inner Unique": false,
                                                                                                "Merge Cond": "(mk.movie_id = cc.movie_id)",
                                                                                                "Workers": [
                                                                                                    {
                                                                                                        "Worker Number": 3,
                                                                                                        "Actual Startup Time": 0.216,
                                                                                                        "Actual Total Time": 1254.25,
                                                                                                        "Actual Rows": 2171367,
                                                                                                        "Actual Loops": 1
                                                                                                    }
                                                                                                ],
                                                                                                "Plans": [
                                                                                                    {
                                                                                                        "Node Type": "Index Scan",
                                                                                                        "Parent Relationship": "Outer",
                                                                                                        "Parallel Aware": false,
                                                                                                        "Scan Direction": "Forward",
                                                                                                        "Index Name": "movie_id_movie_keyword",
                                                                                                        "Relation Name": "movie_keyword",
                                                                                                        "Schema": "public",
                                                                                                        "Alias": "mk",
                                                                                                        "Startup Cost": 0.43,
                                                                                                        "Total Cost": 177177.46,
                                                                                                        "Plan Rows": 4523930,
                                                                                                        "Plan Width": 8,
                                                                                                        "Actual Startup Time": 0.046,
                                                                                                        "Actual Total Time": 558.003,
                                                                                                        "Actual Rows": 4523930,
                                                                                                        "Actual Loops": 2,
                                                                                                        "Output": [
                                                                                                            "mk.id",
                                                                                                            "mk.movie_id",
                                                                                                            "mk.keyword_id"
                                                                                                        ],
                                                                                                        "Workers": [
                                                                                                            {
                                                                                                                "Worker Number": 3,
                                                                                                                "Actual Startup Time": 0.065,
                                                                                                                "Actual Total Time": 566.096,
                                                                                                                "Actual Rows": 4523930,
                                                                                                                "Actual Loops": 1
                                                                                                            }
                                                                                                        ]
                                                                                                    },
                                                                                                    {
                                                                                                        "Node Type": "Materialize",
                                                                                                        "Parent Relationship": "Inner",
                                                                                                        "Parallel Aware": false,
                                                                                                        "Startup Cost": 10000000000.42,
                                                                                                        "Total Cost": 10000006988.81,
                                                                                                        "Plan Rows": 135086,
                                                                                                        "Plan Width": 8,
                                                                                                        "Actual Startup Time": 0.046,
                                                                                                        "Actual Total Time": 140.25,
                                                                                                        "Actual Rows": 2223797,
                                                                                                        "Actual Loops": 2,
                                                                                                        "Output": [
                                                                                                            "cc.id",
                                                                                                            "cc.movie_id",
                                                                                                            "cc.subject_id",
                                                                                                            "cc.status_id"
                                                                                                        ],
                                                                                                        "Workers": [
                                                                                                            {
                                                                                                                "Worker Number": 3,
                                                                                                                "Actual Startup Time": 0.071,
                                                                                                                "Actual Total Time": 134.097,
                                                                                                                "Actual Rows": 2223797,
                                                                                                                "Actual Loops": 1
                                                                                                            }
                                                                                                        ],
                                                                                                        "Plans": [
                                                                                                            {
                                                                                                                "Node Type": "Index Scan",
                                                                                                                "Parent Relationship": "Outer",
                                                                                                                "Parallel Aware": false,
                                                                                                                "Scan Direction": "Forward",
                                                                                                                "Index Name": "movie_id_complete_cast",
                                                                                                                "Relation Name": "complete_cast",
                                                                                                                "Schema": "public",
                                                                                                                "Alias": "cc",
                                                                                                                "Startup Cost": 10000000000.42,
                                                                                                                "Total Cost": 10000006651.09,
                                                                                                                "Plan Rows": 135086,
                                                                                                                "Plan Width": 8,
                                                                                                                "Actual Startup Time": 0.038,
                                                                                                                "Actual Total Time": 49.704,
                                                                                                                "Actual Rows": 132440,
                                                                                                                "Actual Loops": 2,
                                                                                                                "Output": [
                                                                                                                    "cc.id",
                                                                                                                    "cc.movie_id",
                                                                                                                    "cc.subject_id",
                                                                                                                    "cc.status_id"
                                                                                                                ],
                                                                                                                "Workers": [
                                                                                                                    {
                                                                                                                        "Worker Number": 3,
                                                                                                                        "Actual Startup Time": 0.059,
                                                                                                                        "Actual Total Time": 43.414,
                                                                                                                        "Actual Rows": 132440,
                                                                                                                        "Actual Loops": 1
                                                                                                                    }
                                                                                                                ]
                                                                                                            }
                                                                                                        ]
                                                                                                    }
                                                                                                ]
                                                                                            }
                                                                                        ]
                                                                                    }
                                                                                ]
                                                                            },
                                                                            {
                                                                                "Node Type": "Hash",
                                                                                "Parent Relationship": "Inner",
                                                                                "Parallel Aware": false,
                                                                                "Startup Cost": 84830.36,
                                                                                "Total Cost": 84830.36,
                                                                                "Plan Rows": 2609129,
                                                                                "Plan Width": 12,
                                                                                "Actual Startup Time": 1531.586,
                                                                                "Actual Total Time": 1531.587,
                                                                                "Actual Rows": 2609129,
                                                                                "Actual Loops": 2,
                                                                                "Output": [
                                                                                    "mc.movie_id",
                                                                                    "mc.company_id",
                                                                                    "mc.company_type_id"
                                                                                ],
                                                                                "Hash Buckets": 4194304,
                                                                                "Original Hash Buckets": 4194304,
                                                                                "Hash Batches": 1,
                                                                                "Original Hash Batches": 1,
                                                                                "Peak Memory Usage": 144880,
                                                                                "Workers": [
                                                                                    {
                                                                                        "Worker Number": 3,
                                                                                        "Actual Startup Time": 1595.202,
                                                                                        "Actual Total Time": 1595.203,
                                                                                        "Actual Rows": 2609129,
                                                                                        "Actual Loops": 1
                                                                                    }
                                                                                ],
                                                                                "Plans": [
                                                                                    {
                                                                                        "Node Type": "Index Scan",
                                                                                        "Parent Relationship": "Outer",
                                                                                        "Parallel Aware": false,
                                                                                        "Scan Direction": "Forward",
                                                                                        "Index Name": "company_type_id_movie_companies",
                                                                                        "Relation Name": "movie_companies",
                                                                                        "Schema": "public",
                                                                                        "Alias": "mc",
                                                                                        "Startup Cost": 0.43,
                                                                                        "Total Cost": 84830.36,
                                                                                        "Plan Rows": 2609129,
                                                                                        "Plan Width": 12,
                                                                                        "Actual Startup Time": 0.098,
                                                                                        "Actual Total Time": 738.756,
                                                                                        "Actual Rows": 2609129,
                                                                                        "Actual Loops": 2,
                                                                                        "Output": [
                                                                                            "mc.movie_id",
                                                                                            "mc.company_id",
                                                                                            "mc.company_type_id"
                                                                                        ],
                                                                                        "Workers": [
                                                                                            {
                                                                                                "Worker Number": 3,
                                                                                                "Actual Startup Time": 0.119,
                                                                                                "Actual Total Time": 738.12,
                                                                                                "Actual Rows": 2609129,
                                                                                                "Actual Loops": 1
                                                                                            }
                                                                                        ]
                                                                                    }
                                                                                ]
                                                                            }
                                                                        ]
                                                                    }
                                                                ]
                                                            }
                                                        ]
                                                    },
                                                    {
                                                        "Node Type": "Hash",
                                                        "Parent Relationship": "Inner",
                                                        "Parallel Aware": false,
                                                        "Startup Cost": 5007.5,
                                                        "Total Cost": 5007.5,
                                                        "Plan Rows": 134170,
                                                        "Plan Width": 4,
                                                        "Actual Startup Time": 139.258,
                                                        "Actual Total Time": 139.258,
                                                        "Actual Rows": 134170,
                                                        "Actual Loops": 6,
                                                        "Output": [
                                                            "k.id"
                                                        ],
                                                        "Hash Buckets": 262144,
                                                        "Original Hash Buckets": 262144,
                                                        "Hash Batches": 1,
                                                        "Original Hash Batches": 1,
                                                        "Peak Memory Usage": 6765,
                                                        "Workers": [
                                                            {
                                                                "Worker Number": 0,
                                                                "Actual Startup Time": 153.238,
                                                                "Actual Total Time": 153.238,
                                                                "Actual Rows": 134170,
                                                                "Actual Loops": 1
                                                            },
                                                            {
                                                                "Worker Number": 1,
                                                                "Actual Startup Time": 147.634,
                                                                "Actual Total Time": 147.634,
                                                                "Actual Rows": 134170,
                                                                "Actual Loops": 1
                                                            },
                                                            {
                                                                "Worker Number": 2,
                                                                "Actual Startup Time": 147.553,
                                                                "Actual Total Time": 147.554,
                                                                "Actual Rows": 134170,
                                                                "Actual Loops": 1
                                                            },
                                                            {
                                                                "Worker Number": 3,
                                                                "Actual Startup Time": 135.179,
                                                                "Actual Total Time": 135.18,
                                                                "Actual Rows": 134170,
                                                                "Actual Loops": 1
                                                            },
                                                            {
                                                                "Worker Number": 4,
                                                                "Actual Startup Time": 155.526,
                                                                "Actual Total Time": 155.526,
                                                                "Actual Rows": 134170,
                                                                "Actual Loops": 1
                                                            }
                                                        ],
                                                        "Plans": [
                                                            {
                                                                "Node Type": "Index Scan",
                                                                "Parent Relationship": "Outer",
                                                                "Parallel Aware": false,
                                                                "Scan Direction": "Forward",
                                                                "Index Name": "keyword_pkey",
                                                                "Relation Name": "keyword",
                                                                "Schema": "public",
                                                                "Alias": "k",
                                                                "Startup Cost": 0.42,
                                                                "Total Cost": 5007.5,
                                                                "Plan Rows": 134170,
                                                                "Plan Width": 4,
                                                                "Actual Startup Time": 0.164,
                                                                "Actual Total Time": 100.393,
                                                                "Actual Rows": 134170,
                                                                "Actual Loops": 6,
                                                                "Output": [
                                                                    "k.id"
                                                                ],
                                                                "Workers": [
                                                                    {
                                                                        "Worker Number": 0,
                                                                        "Actual Startup Time": 0.23,
                                                                        "Actual Total Time": 108.992,
                                                                        "Actual Rows": 134170,
                                                                        "Actual Loops": 1
                                                                    },
                                                                    {
                                                                        "Worker Number": 1,
                                                                        "Actual Startup Time": 0.193,
                                                                        "Actual Total Time": 109.284,
                                                                        "Actual Rows": 134170,
                                                                        "Actual Loops": 1
                                                                    },
                                                                    {
                                                                        "Worker Number": 2,
                                                                        "Actual Startup Time": 0.154,
                                                                        "Actual Total Time": 109.237,
                                                                        "Actual Rows": 134170,
                                                                        "Actual Loops": 1
                                                                    },
                                                                    {
                                                                        "Worker Number": 3,
                                                                        "Actual Startup Time": 0.15,
                                                                        "Actual Total Time": 96.453,
                                                                        "Actual Rows": 134170,
                                                                        "Actual Loops": 1
                                                                    },
                                                                    {
                                                                        "Worker Number": 4,
                                                                        "Actual Startup Time": 0.226,
                                                                        "Actual Total Time": 111.817,
                                                                        "Actual Rows": 134170,
                                                                        "Actual Loops": 1
                                                                    }
                                                                ]
                                                            }
                                                        ]
                                                    }
                                                ]
                                            }
                                        ]
                                    }
                                ]
                            }
                        ]
                    },
                    {
                        "Node Type": "Bitmap Heap Scan",
                        "Parent Relationship": "Inner",
                        "Parallel Aware": false,
                        "Relation Name": "company_type",
                        "Schema": "public",
                        "Alias": "ct",
                        "Startup Cost": 0.14,
                        "Total Cost": 4.15,
                        "Plan Rows": 1,
                        "Plan Width": 4,
                        "Actual Startup Time": 0.007,
                        "Actual Total Time": 0.007,
                        "Actual Rows": 1,
                        "Actual Loops": 618,
                        "Output": [
                            "ct.id",
                            "ct.kind"
                        ],
                        "Recheck Cond": "(ct.id = mc.company_type_id)",
                        "Rows Removed by Index Recheck": 0,
                        "Exact Heap Blocks": 618,
                        "Lossy Heap Blocks": 0,
                        "Plans": [
                            {
                                "Node Type": "Bitmap Index Scan",
                                "Parent Relationship": "Outer",
                                "Parallel Aware": false,
                                "Index Name": "company_type_pkey",
                                "Startup Cost": 0.0,
                                "Total Cost": 0.14,
                                "Plan Rows": 1,
                                "Plan Width": 0,
                                "Actual Startup Time": 0.004,
                                "Actual Total Time": 0.004,
                                "Actual Rows": 1,
                                "Actual Loops": 618,
                                "Index Cond": "(ct.id = mc.company_type_id)"
                            }
                        ]
                    }
                ]
            }
        ]
    },
    "Planning Time": 32.071,
    "Triggers": [],
    "Execution Time": 23791.378
}