{
  "Plan": {
    "Node Type": "Aggregate",
    "Strategy": "Plain",
    "Partial Mode": "Finalize",
    "Parallel Aware": false,
    "Startup Cost": 149241.64,
    "Total Cost": 149241.65,
    "Plan Rows": 1,
    "Plan Width": 8,
    "Actual Startup Time": 816.719,
    "Actual Total Time": 853.983,
    "Actual Rows": 1,
    "Actual Loops": 1,
    "Plans": [
      {
        "Node Type": "Gather",
        "Parent Relationship": "Outer",
        "Parallel Aware": false,
        "Startup Cost": 149241.53,
        "Total Cost": 149241.64,
        "Plan Rows": 1,
        "Plan Width": 8,
        "Actual Startup Time": 816.7,
        "Actual Total Time": 853.975,
        "Actual Rows": 2,
        "Actual Loops": 1,
        "Workers Planned": 1,
        "Workers Launched": 1,
        "Single Copy": false,
        "Plans": [
          {
            "Node Type": "Aggregate",
            "Strategy": "Plain",
            "Partial Mode": "Partial",
            "Parent Relationship": "Outer",
            "Parallel Aware": false,
            "Startup Cost": 148241.53,
            "Total Cost": 148241.54,
            "Plan Rows": 1,
            "Plan Width": 8,
            "Actual Startup Time": 810.429,
            "Actual Total Time": 810.432,
            "Actual Rows": 1,
            "Actual Loops": 2,
            "Plans": [
              {
                "Node Type": "Nested Loop",
                "Parent Relationship": "Outer",
                "Parallel Aware": false,
                "Join Type": "Inner",
                "Startup Cost": 54723.91,
                "Total Cost": 148203.42,
                "Plan Rows": 15245,
                "Plan Width": 0,
                "Actual Startup Time": 155.974,
                "Actual Total Time": 807.636,
                "Actual Rows": 38702,
                "Actual Loops": 2,
                "Inner Unique": false,
                "Join Filter": "(t.id = mi.movie_id)",
                "Rows Removed by Join Filter": 0,
                "Plans": [
                  {
                    "Node Type": "Hash Join",
                    "Parent Relationship": "Outer",
                    "Parallel Aware": true,
                    "Join Type": "Inner",
                    "Startup Cost": 54723.48,
                    "Total Cost": 119210.84,
                    "Plan Rows": 18738,
                    "Plan Width": 8,
                    "Actual Startup Time": 155.901,
                    "Actual Total Time": 548.197,
                    "Actual Rows": 19312,
                    "Actual Loops": 2,
                    "Inner Unique": true,
                    "Hash Cond": "(mk.movie_id = t.id)",
                    "Plans": [
                      {
                        "Node Type": "Seq Scan",
                        "Parent Relationship": "Outer",
                        "Parallel Aware": true,
                        "Relation Name": "movie_keyword",
                        "Alias": "mk",
                        "Startup Cost": 0.0,
                        "Total Cost": 57718.19,
                        "Plan Rows": 2578729,
                        "Plan Width": 4,
                        "Actual Startup Time": 0.012,
                        "Actual Total Time": 236.71,
                        "Actual Rows": 2193528,
                        "Actual Loops": 2,
                        "Filter": "(keyword_id < 75410)",
                        "Rows Removed by Filter": 68438
                      },
                      {
                        "Node Type": "Hash",
                        "Parent Relationship": "Inner",
                        "Parallel Aware": true,
                        "Startup Cost": 54588.39,
                        "Total Cost": 54588.39,
                        "Plan Rows": 10807,
                        "Plan Width": 4,
                        "Actual Startup Time": 154.405,
                        "Actual Total Time": 154.406,
                        "Actual Rows": 7744,
                        "Actual Loops": 2,
                        "Hash Buckets": 32768,
                        "Original Hash Buckets": 32768,
                        "Hash Batches": 1,
                        "Original Hash Batches": 1,
                        "Peak Memory Usage": 896,
                        "Plans": [
                          {
                            "Node Type": "Seq Scan",
                            "Parent Relationship": "Outer",
                            "Parallel Aware": true,
                            "Relation Name": "title",
                            "Alias": "t",
                            "Startup Cost": 0.0,
                            "Total Cost": 54588.39,
                            "Plan Rows": 10807,
                            "Plan Width": 4,
                            "Actual Startup Time": 0.056,
                            "Actual Total Time": 150.947,
                            "Actual Rows": 7744,
                            "Actual Loops": 2,
                            "Filter": "(production_year = 1983)",
                            "Rows Removed by Filter": 1256412
                          }
                        ]
                      }
                    ]
                  },
                  {
                    "Node Type": "Index Scan",
                    "Parent Relationship": "Inner",
                    "Parallel Aware": false,
                    "Scan Direction": "Forward",
                    "Index Name": "movie_id_movie_info",
                    "Relation Name": "movie_info",
                    "Alias": "mi",
                    "Startup Cost": 0.43,
                    "Total Cost": 1.47,
                    "Plan Rows": 6,
                    "Plan Width": 4,
                    "Actual Startup Time": 0.004,
                    "Actual Total Time": 0.013,
                    "Actual Rows": 2,
                    "Actual Loops": 38624,
                    "Index Cond": "(movie_id = mk.movie_id)",
                    "Rows Removed by Index Recheck": 0,
                    "Filter": "(info_type_id < 3)",
                    "Rows Removed by Filter": 49
                  }
                ]
              }
            ]
          }
        ]
      }
    ]
  },
  "Planning Time": 1.014,
  "Triggers": [],
  "Execution Time": 854.081
}