[
  {
    "Plan": {
      "Node Type": "Aggregate",
      "Strategy": "Plain",
      "Partial Mode": "Finalize",
      "Parallel Aware": false,
      "Startup Cost": 46656.52,
      "Total Cost": 46656.53,
      "Plan Rows": 1,
      "Plan Width": 8,
      "Actual Startup Time": 168.823,
      "Actual Total Time": 176.197,
      "Actual Rows": 1,
      "Actual Loops": 1,
      "Plans": [
        {
          "Node Type": "Gather",
          "Parent Relationship": "Outer",
          "Parallel Aware": false,
          "Startup Cost": 46656.2,
          "Total Cost": 46656.51,
          "Plan Rows": 3,
          "Plan Width": 8,
          "Actual Startup Time": 168.592,
          "Actual Total Time": 176.188,
          "Actual Rows": 4,
          "Actual Loops": 1,
          "Workers Planned": 3,
          "Workers Launched": 3,
          "Single Copy": false,
          "Plans": [
            {
              "Node Type": "Aggregate",
              "Strategy": "Plain",
              "Partial Mode": "Partial",
              "Parent Relationship": "Outer",
              "Parallel Aware": false,
              "Startup Cost": 45656.2,
              "Total Cost": 45656.21,
              "Plan Rows": 1,
              "Plan Width": 8,
              "Actual Startup Time": 162.073,
              "Actual Total Time": 162.074,
              "Actual Rows": 1,
              "Actual Loops": 4,
              "Plans": [
                {
                  "Node Type": "Seq Scan",
                  "Parent Relationship": "Outer",
                  "Parallel Aware": true,
                  "Relation Name": "movie_keyword",
                  "Alias": "mk",
                  "Startup Cost": 0.0,
                  "Total Cost": 42695.65,
                  "Plan Rows": 1184218,
                  "Plan Width": 0,
                  "Actual Startup Time": 0.05,
                  "Actual Total Time": 119.947,
                  "Actual Rows": 920081,
                  "Actual Loops": 4,
                  "Filter": "(keyword_id < 21739)",
                  "Rows Removed by Filter": 210901
                }
              ]
            }
          ]
        }
      ]
    },
    "Planning Time": 0.19,
    "Triggers": [],
    "Execution Time": 176.252
  }
]