[
    {
        "Bao": {
            "Bao prediction": "NaN",
            "Bao recommended hint": "(no hint)"
        }
    },
    {
        "Plan": {
            "Node Type": "Aggregate",
            "Strategy": "Plain",
            "Partial Mode": "Finalize",
            "Parallel Aware": false,
            "Startup Cost": 150939.76,
            "Total Cost": 150939.77,
            "Plan Rows": 1,
            "Plan Width": 8,
            "Actual Startup Time": 994.711,
            "Actual Total Time": 1043.441,
            "Actual Rows": 1,
            "Actual Loops": 1,
            "Output": [
                "count(*)"
            ],
            "Plans": [
                {
                    "Node Type": "Gather",
                    "Parent Relationship": "Outer",
                    "Parallel Aware": false,
                    "Startup Cost": 150939.34,
                    "Total Cost": 150939.75,
                    "Plan Rows": 4,
                    "Plan Width": 8,
                    "Actual Startup Time": 993.374,
                    "Actual Total Time": 1043.429,
                    "Actual Rows": 5,
                    "Actual Loops": 1,
                    "Output": [
                        "(PARTIAL count(*))"
                    ],
                    "Workers Planned": 4,
                    "Workers Launched": 4,
                    "Single Copy": false,
                    "Plans": [
                        {
                            "Node Type": "Aggregate",
                            "Strategy": "Plain",
                            "Partial Mode": "Partial",
                            "Parent Relationship": "Outer",
                            "Parallel Aware": false,
                            "Startup Cost": 149939.34,
                            "Total Cost": 149939.35,
                            "Plan Rows": 1,
                            "Plan Width": 8,
                            "Actual Startup Time": 983.438,
                            "Actual Total Time": 983.509,
                            "Actual Rows": 1,
                            "Actual Loops": 5,
                            "Output": [
                                "PARTIAL count(*)"
                            ],
                            "Workers": [
                                {
                                    "Worker Number": 0,
                                    "Actual Startup Time": 980.809,
                                    "Actual Total Time": 980.813,
                                    "Actual Rows": 1,
                                    "Actual Loops": 1
                                },
                                {
                                    "Worker Number": 1,
                                    "Actual Startup Time": 981.009,
                                    "Actual Total Time": 981.012,
                                    "Actual Rows": 1,
                                    "Actual Loops": 1
                                },
                                {
                                    "Worker Number": 2,
                                    "Actual Startup Time": 981.257,
                                    "Actual Total Time": 981.26,
                                    "Actual Rows": 1,
                                    "Actual Loops": 1
                                },
                                {
                                    "Worker Number": 3,
                                    "Actual Startup Time": 981.209,
                                    "Actual Total Time": 981.212,
                                    "Actual Rows": 1,
                                    "Actual Loops": 1
                                }
                            ],
                            "Plans": [
                                {
                                    "Node Type": "Nested Loop",
                                    "Parent Relationship": "Outer",
                                    "Parallel Aware": false,
                                    "Join Type": "Inner",
                                    "Startup Cost": 29483.51,
                                    "Total Cost": 149837.51,
                                    "Plan Rows": 40731,
                                    "Plan Width": 0,
                                    "Actual Startup Time": 99.481,
                                    "Actual Total Time": 967.148,
                                    "Actual Rows": 301023,
                                    "Actual Loops": 5,
                                    "Inner Unique": false,
                                    "Workers": [
                                        {
                                            "Worker Number": 0,
                                            "Actual Startup Time": 96.721,
                                            "Actual Total Time": 964.264,
                                            "Actual Rows": 194191,
                                            "Actual Loops": 1
                                        },
                                        {
                                            "Worker Number": 1,
                                            "Actual Startup Time": 97.189,
                                            "Actual Total Time": 964.507,
                                            "Actual Rows": 312988,
                                            "Actual Loops": 1
                                        },
                                        {
                                            "Worker Number": 2,
                                            "Actual Startup Time": 97.299,
                                            "Actual Total Time": 965.518,
                                            "Actual Rows": 293668,
                                            "Actual Loops": 1
                                        },
                                        {
                                            "Worker Number": 3,
                                            "Actual Startup Time": 97.24,
                                            "Actual Total Time": 965.22,
                                            "Actual Rows": 302259,
                                            "Actual Loops": 1
                                        }
                                    ],
                                    "Plans": [
                                        {
                                            "Node Type": "Hash Join",
                                            "Parent Relationship": "Outer",
                                            "Parallel Aware": true,
                                            "Join Type": "Inner",
                                            "Startup Cost": 29483.08,
                                            "Total Cost": 75111.35,
                                            "Plan Rows": 46212,
                                            "Plan Width": 8,
                                            "Actual Startup Time": 99.334,
                                            "Actual Total Time": 304.706,
                                            "Actual Rows": 57410,
                                            "Actual Loops": 5,
                                            "Output": [
                                                "t.id",
                                                "mc.movie_id"
                                            ],
                                            "Inner Unique": false,
                                            "Hash Cond": "(t.id = mc.movie_id)",
                                            "Workers": [
                                                {
                                                    "Worker Number": 0,
                                                    "Actual Startup Time": 96.397,
                                                    "Actual Total Time": 282.545,
                                                    "Actual Rows": 38811,
                                                    "Actual Loops": 1
                                                },
                                                {
                                                    "Worker Number": 1,
                                                    "Actual Startup Time": 96.985,
                                                    "Actual Total Time": 305.775,
                                                    "Actual Rows": 58902,
                                                    "Actual Loops": 1
                                                },
                                                {
                                                    "Worker Number": 2,
                                                    "Actual Startup Time": 97.222,
                                                    "Actual Total Time": 310.039,
                                                    "Actual Rows": 60341,
                                                    "Actual Loops": 1
                                                },
                                                {
                                                    "Worker Number": 3,
                                                    "Actual Startup Time": 97.165,
                                                    "Actual Total Time": 306.352,
                                                    "Actual Rows": 58573,
                                                    "Actual Loops": 1
                                                }
                                            ],
                                            "Plans": [
                                                {
                                                    "Node Type": "Seq Scan",
                                                    "Parent Relationship": "Outer",
                                                    "Parallel Aware": true,
                                                    "Relation Name": "title",
                                                    "Schema": "public",
                                                    "Alias": "t",
                                                    "Startup Cost": 0.0,
                                                    "Total Cost": 42318.81,
                                                    "Plan Rows": 632080,
                                                    "Plan Width": 4,
                                                    "Actual Startup Time": 0.007,
                                                    "Actual Total Time": 58.755,
                                                    "Actual Rows": 505662,
                                                    "Actual Loops": 5,
                                                    "Output": [
                                                        "t.id",
                                                        "t.title",
                                                        "t.imdb_index",
                                                        "t.kind_id",
                                                        "t.production_year",
                                                        "t.imdb_id",
                                                        "t.phonetic_code",
                                                        "t.episode_of_id",
                                                        "t.season_nr",
                                                        "t.episode_nr",
                                                        "t.series_years",
                                                        "t.md5sum"
                                                    ],
                                                    "Workers": [
                                                        {
                                                            "Worker Number": 0,
                                                            "Actual Startup Time": 0.009,
                                                            "Actual Total Time": 63.149,
                                                            "Actual Rows": 343108,
                                                            "Actual Loops": 1
                                                        },
                                                        {
                                                            "Worker Number": 1,
                                                            "Actual Startup Time": 0.006,
                                                            "Actual Total Time": 59.792,
                                                            "Actual Rows": 516956,
                                                            "Actual Loops": 1
                                                        },
                                                        {
                                                            "Worker Number": 2,
                                                            "Actual Startup Time": 0.006,
                                                            "Actual Total Time": 60.832,
                                                            "Actual Rows": 532187,
                                                            "Actual Loops": 1
                                                        },
                                                        {
                                                            "Worker Number": 3,
                                                            "Actual Startup Time": 0.007,
                                                            "Actual Total Time": 59.467,
                                                            "Actual Rows": 508934,
                                                            "Actual Loops": 1
                                                        }
                                                    ]
                                                },
                                                {
                                                    "Node Type": "Hash",
                                                    "Parent Relationship": "Inner",
                                                    "Parallel Aware": true,
                                                    "Startup Cost": 28737.73,
                                                    "Total Cost": 28737.73,
                                                    "Plan Rows": 59628,
                                                    "Plan Width": 4,
                                                    "Actual Startup Time": 98.022,
                                                    "Actual Total Time": 98.024,
                                                    "Actual Rows": 57410,
                                                    "Actual Loops": 5,
                                                    "Output": [
                                                        "mc.movie_id"
                                                    ],
                                                    "Hash Buckets": 524288,
                                                    "Original Hash Buckets": 262144,
                                                    "Hash Batches": 1,
                                                    "Original Hash Batches": 1,
                                                    "Peak Memory Usage": 17472,
                                                    "Workers": [
                                                        {
                                                            "Worker Number": 0,
                                                            "Actual Startup Time": 95.943,
                                                            "Actual Total Time": 95.944,
                                                            "Actual Rows": 39481,
                                                            "Actual Loops": 1
                                                        },
                                                        {
                                                            "Worker Number": 1,
                                                            "Actual Startup Time": 96.561,
                                                            "Actual Total Time": 96.562,
                                                            "Actual Rows": 38790,
                                                            "Actual Loops": 1
                                                        },
                                                        {
                                                            "Worker Number": 2,
                                                            "Actual Startup Time": 96.787,
                                                            "Actual Total Time": 96.788,
                                                            "Actual Rows": 44441,
                                                            "Actual Loops": 1
                                                        },
                                                        {
                                                            "Worker Number": 3,
                                                            "Actual Startup Time": 96.688,
                                                            "Actual Total Time": 96.689,
                                                            "Actual Rows": 40766,
                                                            "Actual Loops": 1
                                                        }
                                                    ],
                                                    "Plans": [
                                                        {
                                                            "Node Type": "Bitmap Heap Scan",
                                                            "Parent Relationship": "Outer",
                                                            "Parallel Aware": true,
                                                            "Relation Name": "movie_companies",
                                                            "Schema": "public",
                                                            "Alias": "mc",
                                                            "Startup Cost": 8122.99,
                                                            "Total Cost": 28737.73,
                                                            "Plan Rows": 59628,
                                                            "Plan Width": 4,
                                                            "Actual Startup Time": 18.635,
                                                            "Actual Total Time": 66.512,
                                                            "Actual Rows": 57410,
                                                            "Actual Loops": 5,
                                                            "Output": [
                                                                "mc.movie_id"
                                                            ],
                                                            "Recheck Cond": "(mc.company_id < 212)",
                                                            "Rows Removed by Index Recheck": 0,
                                                            "Filter": "(mc.company_type_id < 2)",
                                                            "Rows Removed by Filter": 17238,
                                                            "Exact Heap Blocks": 6950,
                                                            "Lossy Heap Blocks": 0,
                                                            "Workers": [
                                                                {
                                                                    "Worker Number": 0,
                                                                    "Actual Startup Time": 16.659,
                                                                    "Actual Total Time": 65.918,
                                                                    "Actual Rows": 39481,
                                                                    "Actual Loops": 1
                                                                },
                                                                {
                                                                    "Worker Number": 1,
                                                                    "Actual Startup Time": 17.196,
                                                                    "Actual Total Time": 65.954,
                                                                    "Actual Rows": 38790,
                                                                    "Actual Loops": 1
                                                                },
                                                                {
                                                                    "Worker Number": 2,
                                                                    "Actual Startup Time": 17.386,
                                                                    "Actual Total Time": 66.165,
                                                                    "Actual Rows": 44441,
                                                                    "Actual Loops": 1
                                                                },
                                                                {
                                                                    "Worker Number": 3,
                                                                    "Actual Startup Time": 17.361,
                                                                    "Actual Total Time": 66.648,
                                                                    "Actual Rows": 40766,
                                                                    "Actual Loops": 1
                                                                }
                                                            ],
                                                            "Plans": [
                                                                {
                                                                    "Node Type": "Bitmap Index Scan",
                                                                    "Parent Relationship": "Outer",
                                                                    "Parallel Aware": false,
                                                                    "Index Name": "company_id_movie_companies",
                                                                    "Startup Cost": 0.0,
                                                                    "Total Cost": 8076.78,
                                                                    "Plan Rows": 377113,
                                                                    "Plan Width": 0,
                                                                    "Actual Startup Time": 21.932,
                                                                    "Actual Total Time": 21.932,
                                                                    "Actual Rows": 373239,
                                                                    "Actual Loops": 1,
                                                                    "Index Cond": "(mc.company_id < 212)"
                                                                }
                                                            ]
                                                        }
                                                    ]
                                                }
                                            ]
                                        },
                                        {
                                            "Node Type": "Index Scan",
                                            "Parent Relationship": "Inner",
                                            "Parallel Aware": false,
                                            "Scan Direction": "Forward",
                                            "Index Name": "movie_id_movie_info",
                                            "Relation Name": "movie_info",
                                            "Schema": "public",
                                            "Alias": "mi",
                                            "Startup Cost": 0.43,
                                            "Total Cost": 1.56,
                                            "Plan Rows": 6,
                                            "Plan Width": 4,
                                            "Actual Startup Time": 0.006,
                                            "Actual Total Time": 0.011,
                                            "Actual Rows": 5,
                                            "Actual Loops": 287050,
                                            "Output": [
                                                "mi.id",
                                                "mi.movie_id",
                                                "mi.info_type_id",
                                                "mi.info",
                                                "mi.note"
                                            ],
                                            "Index Cond": "(mi.movie_id = t.id)",
                                            "Rows Removed by Index Recheck": 0,
                                            "Filter": "(mi.info_type_id > 16)",
                                            "Rows Removed by Filter": 13,
                                            "Workers": [
                                                {
                                                    "Worker Number": 0,
                                                    "Actual Startup Time": 0.01,
                                                    "Actual Total Time": 0.017,
                                                    "Actual Rows": 5,
                                                    "Actual Loops": 38811
                                                },
                                                {
                                                    "Worker Number": 1,
                                                    "Actual Startup Time": 0.006,
                                                    "Actual Total Time": 0.011,
                                                    "Actual Rows": 5,
                                                    "Actual Loops": 58902
                                                },
                                                {
                                                    "Worker Number": 2,
                                                    "Actual Startup Time": 0.006,
                                                    "Actual Total Time": 0.01,
                                                    "Actual Rows": 5,
                                                    "Actual Loops": 60341
                                                },
                                                {
                                                    "Worker Number": 3,
                                                    "Actual Startup Time": 0.006,
                                                    "Actual Total Time": 0.011,
                                                    "Actual Rows": 5,
                                                    "Actual Loops": 58573
                                                }
                                            ]
                                        }
                                    ]
                                }
                            ]
                        }
                    ]
                }
            ]
        },
        "Planning Time": 179.349,
        "Triggers": [],
        "Execution Time": 1043.599
    }
]