[
  {
    "Plan": {
      "Node Type": "Aggregate",
      "Strategy": "Plain",
      "Partial Mode": "Finalize",
      "Parallel Aware": false,
      "Startup Cost": 29849.77,
      "Total Cost": 29849.78,
      "Plan Rows": 1,
      "Plan Width": 8,
      "Actual Startup Time": 58.979,
      "Actual Total Time": 65.489,
      "Actual Rows": 1,
      "Actual Loops": 1,
      "Plans": [
        {
          "Node Type": "Gather",
          "Parent Relationship": "Outer",
          "Parallel Aware": false,
          "Startup Cost": 29849.46,
          "Total Cost": 29849.77,
          "Plan Rows": 3,
          "Plan Width": 8,
          "Actual Startup Time": 58.774,
          "Actual Total Time": 65.484,
          "Actual Rows": 4,
          "Actual Loops": 1,
          "Workers Planned": 3,
          "Workers Launched": 3,
          "Single Copy": false,
          "Plans": [
            {
              "Node Type": "Aggregate",
              "Strategy": "Plain",
              "Partial Mode": "Partial",
              "Parent Relationship": "Outer",
              "Parallel Aware": false,
              "Startup Cost": 28849.46,
              "Total Cost": 28849.47,
              "Plan Rows": 1,
              "Plan Width": 8,
              "Actual Startup Time": 53.864,
              "Actual Total Time": 53.865,
              "Actual Rows": 1,
              "Actual Loops": 4,
              "Plans": [
                {
                  "Node Type": "Bitmap Heap Scan",
                  "Parent Relationship": "Outer",
                  "Parallel Aware": true,
                  "Relation Name": "movie_keyword",
                  "Alias": "mk",
                  "Startup Cost": 3579.43,
                  "Total Cost": 28713.45,
                  "Plan Rows": 54402,
                  "Plan Width": 0,
                  "Actual Startup Time": 11.232,
                  "Actual Total Time": 51.479,
                  "Actual Rows": 41448,
                  "Actual Loops": 4,
                  "Recheck Cond": "(keyword_id > 72375)",
                  "Rows Removed by Index Recheck": 0,
                  "Exact Heap Blocks": 10024,
                  "Lossy Heap Blocks": 0,
                  "Plans": [
                    {
                      "Node Type": "Bitmap Index Scan",
                      "Parent Relationship": "Outer",
                      "Parallel Aware": false,
                      "Index Name": "keyword_id_movie_keyword",
                      "Startup Cost": 0.0,
                      "Total Cost": 3537.27,
                      "Plan Rows": 168645,
                      "Plan Width": 0,
                      "Actual Startup Time": 12.337,
                      "Actual Total Time": 12.337,
                      "Actual Rows": 165791,
                      "Actual Loops": 1,
                      "Index Cond": "(keyword_id > 72375)"
                    }
                  ]
                }
              ]
            }
          ]
        }
      ]
    },
    "Planning Time": 0.088,
    "Triggers": [],
    "Execution Time": 65.524
  }
]