[
  {
    "Plan": {
      "Node Type": "Aggregate",
      "Strategy": "Plain",
      "Partial Mode": "Finalize",
      "Parallel Aware": false,
      "Startup Cost": 77993.01,
      "Total Cost": 77993.02,
      "Plan Rows": 1,
      "Plan Width": 8,
      "Actual Startup Time": 434.755,
      "Actual Total Time": 450.321,
      "Actual Rows": 1,
      "Actual Loops": 1,
      "Plans": [
        {
          "Node Type": "Gather",
          "Parent Relationship": "Outer",
          "Parallel Aware": false,
          "Startup Cost": 77992.7,
          "Total Cost": 77993.01,
          "Plan Rows": 3,
          "Plan Width": 8,
          "Actual Startup Time": 422.652,
          "Actual Total Time": 450.314,
          "Actual Rows": 4,
          "Actual Loops": 1,
          "Workers Planned": 3,
          "Workers Launched": 3,
          "Single Copy": false,
          "Plans": [
            {
              "Node Type": "Aggregate",
              "Strategy": "Plain",
              "Partial Mode": "Partial",
              "Parent Relationship": "Outer",
              "Parallel Aware": false,
              "Startup Cost": 76992.7,
              "Total Cost": 76992.71,
              "Plan Rows": 1,
              "Plan Width": 8,
              "Actual Startup Time": 411.063,
              "Actual Total Time": 411.067,
              "Actual Rows": 1,
              "Actual Loops": 4,
              "Plans": [
                {
                  "Node Type": "Hash Join",
                  "Parent Relationship": "Outer",
                  "Parallel Aware": true,
                  "Join Type": "Inner",
                  "Startup Cost": 52048.72,
                  "Total Cost": 76923.2,
                  "Plan Rows": 27800,
                  "Plan Width": 0,
                  "Actual Startup Time": 372.662,
                  "Actual Total Time": 409.792,
                  "Actual Rows": 21257,
                  "Actual Loops": 4,
                  "Inner Unique": true,
                  "Hash Cond": "(mk.movie_id = t.id)",
                  "Plans": [
                    {
                      "Node Type": "Bitmap Heap Scan",
                      "Parent Relationship": "Outer",
                      "Parallel Aware": true,
                      "Relation Name": "movie_keyword",
                      "Alias": "mk",
                      "Startup Cost": 1828.34,
                      "Total Cost": 26629.84,
                      "Plan Rows": 27800,
                      "Plan Width": 4,
                      "Actual Startup Time": 10.805,
                      "Actual Total Time": 37.261,
                      "Actual Rows": 21257,
                      "Actual Loops": 4,
                      "Recheck Cond": "(keyword_id > 86334)",
                      "Rows Removed by Index Recheck": 0,
                      "Exact Heap Blocks": 6318,
                      "Lossy Heap Blocks": 0,
                      "Plans": [
                        {
                          "Node Type": "Bitmap Index Scan",
                          "Parent Relationship": "Outer",
                          "Parallel Aware": false,
                          "Index Name": "keyword_id_movie_keyword",
                          "Startup Cost": 0.0,
                          "Total Cost": 1806.79,
                          "Plan Rows": 86181,
                          "Plan Width": 0,
                          "Actual Startup Time": 8.32,
                          "Actual Total Time": 8.321,
                          "Actual Rows": 85027,
                          "Actual Loops": 1,
                          "Index Cond": "(keyword_id > 86334)"
                        }
                      ]
                    },
                    {
                      "Node Type": "Hash",
                      "Parent Relationship": "Inner",
                      "Parallel Aware": true,
                      "Startup Cost": 42319.06,
                      "Total Cost": 42319.06,
                      "Plan Rows": 632106,
                      "Plan Width": 4,
                      "Actual Startup Time": 353.354,
                      "Actual Total Time": 353.355,
                      "Actual Rows": 632078,
                      "Actual Loops": 4,
                      "Hash Buckets": 4194304,
                      "Original Hash Buckets": 4194304,
                      "Hash Batches": 1,
                      "Original Hash Batches": 1,
                      "Peak Memory Usage": 131744,
                      "Plans": [
                        {
                          "Node Type": "Seq Scan",
                          "Parent Relationship": "Outer",
                          "Parallel Aware": true,
                          "Relation Name": "title",
                          "Alias": "t",
                          "Startup Cost": 0.0,
                          "Total Cost": 42319.06,
                          "Plan Rows": 632106,
                          "Plan Width": 4,
                          "Actual Startup Time": 0.035,
                          "Actual Total Time": 102.892,
                          "Actual Rows": 632078,
                          "Actual Loops": 4
                        }
                      ]
                    }
                  ]
                }
              ]
            }
          ]
        }
      ]
    },
    "Planning Time": 0.296,
    "Triggers": [],
    "Execution Time": 450.369
  }
]