[
  {
    "Plan": {
      "Node Type": "Aggregate",
      "Strategy": "Plain",
      "Partial Mode": "Finalize",
      "Parallel Aware": false,
      "Startup Cost": 349610.11,
      "Total Cost": 349610.12,
      "Plan Rows": 1,
      "Plan Width": 8,
      "Actual Startup Time": 722.428,
      "Actual Total Time": 769.324,
      "Actual Rows": 1,
      "Actual Loops": 1,
      "Plans": [
        {
          "Node Type": "Gather",
          "Parent Relationship": "Outer",
          "Parallel Aware": false,
          "Startup Cost": 349609.48,
          "Total Cost": 349610.09,
          "Plan Rows": 6,
          "Plan Width": 8,
          "Actual Startup Time": 722.249,
          "Actual Total Time": 769.309,
          "Actual Rows": 7,
          "Actual Loops": 1,
          "Workers Planned": 6,
          "Workers Launched": 6,
          "Single Copy": false,
          "Plans": [
            {
              "Node Type": "Aggregate",
              "Strategy": "Plain",
              "Partial Mode": "Partial",
              "Parent Relationship": "Outer",
              "Parallel Aware": false,
              "Startup Cost": 348609.48,
              "Total Cost": 348609.49,
              "Plan Rows": 1,
              "Plan Width": 8,
              "Actual Startup Time": 713.5,
              "Actual Total Time": 713.502,
              "Actual Rows": 1,
              "Actual Loops": 7,
              "Plans": [
                {
                  "Node Type": "Seq Scan",
                  "Parent Relationship": "Outer",
                  "Parallel Aware": true,
                  "Relation Name": "cast_info",
                  "Alias": "ci",
                  "Startup Cost": 0.0,
                  "Total Cost": 343316.27,
                  "Plan Rows": 2117285,
                  "Plan Width": 0,
                  "Actual Startup Time": 357.519,
                  "Actual Total Time": 652.887,
                  "Actual Rows": 1236358,
                  "Actual Loops": 7,
                  "Filter": "((person_id < 2925150) AND (role_id > 2))",
                  "Rows Removed by Filter": 3941406
                }
              ]
            }
          ]
        }
      ]
    },
    "Planning Time": 0.237,
    "Triggers": [],
    "Execution Time": 769.397
  }
]