{
  "Plan": {
    "Node Type": "Aggregate",
    "Strategy": "Plain",
    "Partial Mode": "Finalize",
    "Parallel Aware": false,
    "Startup Cost": 146413.15,
    "Total Cost": 146413.16,
    "Plan Rows": 1,
    "Plan Width": 8,
    "Actual Startup Time": 824.828,
    "Actual Total Time": 839.679,
    "Actual Rows": 1,
    "Actual Loops": 1,
    "Plans": [
      {
        "Node Type": "Gather",
        "Parent Relationship": "Outer",
        "Parallel Aware": false,
        "Startup Cost": 146413.03,
        "Total Cost": 146413.14,
        "Plan Rows": 1,
        "Plan Width": 8,
        "Actual Startup Time": 822.846,
        "Actual Total Time": 839.671,
        "Actual Rows": 2,
        "Actual Loops": 1,
        "Workers Planned": 1,
        "Workers Launched": 1,
        "Single Copy": false,
        "Plans": [
          {
            "Node Type": "Aggregate",
            "Strategy": "Plain",
            "Partial Mode": "Partial",
            "Parent Relationship": "Outer",
            "Parallel Aware": false,
            "Startup Cost": 145413.03,
            "Total Cost": 145413.04,
            "Plan Rows": 1,
            "Plan Width": 8,
            "Actual Startup Time": 816.393,
            "Actual Total Time": 816.398,
            "Actual Rows": 1,
            "Actual Loops": 2,
            "Plans": [
              {
                "Node Type": "Hash Join",
                "Parent Relationship": "Outer",
                "Parallel Aware": true,
                "Join Type": "Inner",
                "Startup Cost": 82712.88,
                "Total Cost": 145250.64,
                "Plan Rows": 64956,
                "Plan Width": 0,
                "Actual Startup Time": 432.415,
                "Actual Total Time": 808.5,
                "Actual Rows": 146348,
                "Actual Loops": 2,
                "Inner Unique": false,
                "Hash Cond": "(t.id = mi_idx.movie_id)",
                "Plans": [
                  {
                    "Node Type": "Hash Join",
                    "Parent Relationship": "Outer",
                    "Parallel Aware": true,
                    "Join Type": "Inner",
                    "Startup Cost": 61287.7,
                    "Total Cost": 121637.21,
                    "Plan Rows": 361232,
                    "Plan Width": 8,
                    "Actual Startup Time": 288.079,
                    "Actual Total Time": 619.407,
                    "Actual Rows": 214046,
                    "Actual Loops": 2,
                    "Inner Unique": true,
                    "Hash Cond": "(mk.movie_id = t.id)",
                    "Plans": [
                      {
                        "Node Type": "Seq Scan",
                        "Parent Relationship": "Outer",
                        "Parallel Aware": true,
                        "Relation Name": "movie_keyword",
                        "Alias": "mk",
                        "Startup Cost": 0.0,
                        "Total Cost": 57718.19,
                        "Plan Rows": 1002408,
                        "Plan Width": 4,
                        "Actual Startup Time": 0.828,
                        "Actual Total Time": 203.89,
                        "Actual Rows": 855330,
                        "Actual Loops": 2,
                        "Filter": "(keyword_id > 8386)",
                        "Rows Removed by Filter": 1406635
                      },
                      {
                        "Node Type": "Hash",
                        "Parent Relationship": "Inner",
                        "Parallel Aware": true,
                        "Startup Cost": 54588.39,
                        "Total Cost": 54588.39,
                        "Plan Rows": 535945,
                        "Plan Width": 4,
                        "Actual Startup Time": 284.23,
                        "Actual Total Time": 284.231,
                        "Actual Rows": 452246,
                        "Actual Loops": 2,
                        "Hash Buckets": 1048576,
                        "Original Hash Buckets": 1048576,
                        "Hash Batches": 1,
                        "Original Hash Batches": 1,
                        "Peak Memory Usage": 43616,
                        "Plans": [
                          {
                            "Node Type": "Seq Scan",
                            "Parent Relationship": "Outer",
                            "Parallel Aware": true,
                            "Relation Name": "title",
                            "Alias": "t",
                            "Startup Cost": 0.0,
                            "Total Cost": 54588.39,
                            "Plan Rows": 535945,
                            "Plan Width": 4,
                            "Actual Startup Time": 0.016,
                            "Actual Total Time": 163.607,
                            "Actual Rows": 452246,
                            "Actual Loops": 2,
                            "Filter": "(production_year > 2006)",
                            "Rows Removed by Filter": 811910
                          }
                        ]
                      }
                    ]
                  },
                  {
                    "Node Type": "Hash",
                    "Parent Relationship": "Inner",
                    "Parallel Aware": true,
                    "Startup Cost": 18082.32,
                    "Total Cost": 18082.32,
                    "Plan Rows": 267429,
                    "Plan Width": 4,
                    "Actual Startup Time": 138.024,
                    "Actual Total Time": 138.025,
                    "Actual Rows": 229962,
                    "Actual Loops": 2,
                    "Hash Buckets": 524288,
                    "Original Hash Buckets": 524288,
                    "Hash Batches": 1,
                    "Original Hash Batches": 1,
                    "Peak Memory Usage": 22112,
                    "Plans": [
                      {
                        "Node Type": "Seq Scan",
                        "Parent Relationship": "Outer",
                        "Parallel Aware": true,
                        "Relation Name": "movie_info_idx",
                        "Alias": "mi_idx",
                        "Startup Cost": 0.0,
                        "Total Cost": 18082.32,
                        "Plan Rows": 267429,
                        "Plan Width": 4,
                        "Actual Startup Time": 0.067,
                        "Actual Total Time": 76.916,
                        "Actual Rows": 229962,
                        "Actual Loops": 2,
                        "Filter": "(info_type_id < 100)",
                        "Rows Removed by Filter": 460055
                      }
                    ]
                  }
                ]
              }
            ]
          }
        ]
      }
    ]
  },
  "Planning Time": 1.04,
  "Triggers": [],
  "Execution Time": 839.771
}