[
  {
    "Plan": {
      "Node Type": "Aggregate",
      "Strategy": "Plain",
      "Partial Mode": "Simple",
      "Parallel Aware": false,
      "Startup Cost": 14933.96,
      "Total Cost": 14933.97,
      "Plan Rows": 1,
      "Plan Width": 96,
      "Actual Startup Time": 3123.207,
      "Actual Total Time": 3123.214,
      "Actual Rows": 1,
      "Actual Loops": 1,
      "Output": [
        "min(chn.name)",
        "min(mi_idx.info)",
        "min(t.title)"
      ],
      "Plans": [
        {
          "Node Type": "Nested Loop",
          "Parent Relationship": "Outer",
          "Parallel Aware": false,
          "Join Type": "Inner",
          "Startup Cost": 13.77,
          "Total Cost": 14933.96,
          "Plan Rows": 1,
          "Plan Width": 38,
          "Actual Startup Time": 49.351,
          "Actual Total Time": 3119.871,
          "Actual Rows": 9549,
          "Actual Loops": 1,
          "Output": [
            "chn.name",
            "mi_idx.info",
            "t.title"
          ],
          "Inner Unique": true,
          "Plans": [
            {
              "Node Type": "Nested Loop",
              "Parent Relationship": "Outer",
              "Parallel Aware": false,
              "Join Type": "Inner",
              "Startup Cost": 13.64,
              "Total Cost": 14933.79,
              "Plan Rows": 1,
              "Plan Width": 42,
              "Actual Startup Time": 49.345,
              "Actual Total Time": 3101.301,
              "Actual Rows": 9549,
              "Actual Loops": 1,
              "Output": [
                "cc.status_id",
                "chn.name",
                "mi_idx.info",
                "t.title"
              ],
              "Inner Unique": true,
              "Plans": [
                {
                  "Node Type": "Nested Loop",
                  "Parent Relationship": "Outer",
                  "Parallel Aware": false,
                  "Join Type": "Inner",
                  "Startup Cost": 13.21,
                  "Total Cost": 14933.33,
                  "Plan Rows": 1,
                  "Plan Width": 46,
                  "Actual Startup Time": 49.273,
                  "Actual Total Time": 2962.176,
                  "Actual Rows": 9549,
                  "Actual Loops": 1,
                  "Output": [
                    "cc.status_id",
                    "ci.person_id",
                    "chn.name",
                    "mi_idx.info",
                    "t.title"
                  ],
                  "Inner Unique": true,
                  "Plans": [
                    {
                      "Node Type": "Nested Loop",
                      "Parent Relationship": "Outer",
                      "Parallel Aware": false,
                      "Join Type": "Inner",
                      "Startup Cost": 13.08,
                      "Total Cost": 14933.16,
                      "Plan Rows": 1,
                      "Plan Width": 50,
                      "Actual Startup Time": 49.264,
                      "Actual Total Time": 2944.465,
                      "Actual Rows": 11333,
                      "Actual Loops": 1,
                      "Output": [
                        "cc.subject_id",
                        "cc.status_id",
                        "ci.person_id",
                        "chn.name",
                        "mi_idx.info",
                        "t.title"
                      ],
                      "Inner Unique": true,
                      "Plans": [
                        {
                          "Node Type": "Nested Loop",
                          "Parent Relationship": "Outer",
                          "Parallel Aware": false,
                          "Join Type": "Inner",
                          "Startup Cost": 12.65,
                          "Total Cost": 14932.25,
                          "Plan Rows": 2,
                          "Plan Width": 38,
                          "Actual Startup Time": 43.087,
                          "Actual Total Time": 1902.82,
                          "Actual Rows": 393011,
                          "Actual Loops": 1,
                          "Output": [
                            "cc.subject_id",
                            "cc.status_id",
                            "ci.person_role_id",
                            "ci.person_id",
                            "mi_idx.info",
                            "t.title"
                          ],
                          "Inner Unique": false,
                          "Join Filter": "(t.id = ci.movie_id)",
                          "Rows Removed by Join Filter": 0,
                          "Plans": [
                            {
                              "Node Type": "Nested Loop",
                              "Parent Relationship": "Outer",
                              "Parallel Aware": false,
                              "Join Type": "Inner",
                              "Startup Cost": 12.08,
                              "Total Cost": 14930.23,
                              "Plan Rows": 1,
                              "Plan Width": 46,
                              "Actual Startup Time": 43.022,
                              "Actual Total Time": 828.839,
                              "Actual Rows": 2750,
                              "Actual Loops": 1,
                              "Output": [
                                "cc.movie_id",
                                "cc.subject_id",
                                "cc.status_id",
                                "mi_idx.info",
                                "mi_idx.movie_id",
                                "mk.movie_id",
                                "t.title",
                                "t.id"
                              ],
                              "Inner Unique": false,
                              "Plans": [
                                {
                                  "Node Type": "Nested Loop",
                                  "Parent Relationship": "Outer",
                                  "Parallel Aware": false,
                                  "Join Type": "Inner",
                                  "Startup Cost": 11.66,
                                  "Total Cost": 14929.75,
                                  "Plan Rows": 1,
                                  "Plan Width": 34,
                                  "Actual Startup Time": 42.672,
                                  "Actual Total Time": 795.621,
                                  "Actual Rows": 8804,
                                  "Actual Loops": 1,
                                  "Output": [
                                    "mi_idx.info",
                                    "mi_idx.movie_id",
                                    "mk.movie_id",
                                    "t.title",
                                    "t.id"
                                  ],
                                  "Inner Unique": false,
                                  "Join Filter": "(t.kind_id = kt.id)",
                                  "Rows Removed by Join Filter": 4012,
                                  "Plans": [
                                    {
                                      "Node Type": "Seq Scan",
                                      "Parent Relationship": "Outer",
                                      "Parallel Aware": false,
                                      "Relation Name": "kind_type",
                                      "Schema": "public",
                                      "Alias": "kt",
                                      "Startup Cost": 0.0,
                                      "Total Cost": 1.09,
                                      "Plan Rows": 1,
                                      "Plan Width": 4,
                                      "Actual Startup Time": 0.056,
                                      "Actual Total Time": 0.058,
                                      "Actual Rows": 1,
                                      "Actual Loops": 1,
                                      "Output": [
                                        "kt.id",
                                        "kt.kind"
                                      ],
                                      "Filter": "((kt.kind)::text = 'movie'::text)",
                                      "Rows Removed by Filter": 6
                                    },
                                    {
                                      "Node Type": "Nested Loop",
                                      "Parent Relationship": "Inner",
                                      "Parallel Aware": false,
                                      "Join Type": "Inner",
                                      "Startup Cost": 11.66,
                                      "Total Cost": 14922.42,
                                      "Plan Rows": 500,
                                      "Plan Width": 38,
                                      "Actual Startup Time": 2.766,
                                      "Actual Total Time": 792.889,
                                      "Actual Rows": 12816,
                                      "Actual Loops": 1,
                                      "Output": [
                                        "mi_idx.info",
                                        "mi_idx.movie_id",
                                        "mk.movie_id",
                                        "t.title",
                                        "t.kind_id",
                                        "t.id"
                                      ],
                                      "Inner Unique": true,
                                      "Plans": [
                                        {
                                          "Node Type": "Nested Loop",
                                          "Parent Relationship": "Outer",
                                          "Parallel Aware": false,
                                          "Join Type": "Inner",
                                          "Startup Cost": 11.23,
                                          "Total Cost": 14918.01,
                                          "Plan Rows": 9,
                                          "Plan Width": 13,
                                          "Actual Startup Time": 2.49,
                                          "Actual Total Time": 544.03,
                                          "Actual Rows": 34313,
                                          "Actual Loops": 1,
                                          "Output": [
                                            "mi_idx.info",
                                            "mi_idx.movie_id",
                                            "mk.movie_id"
                                          ],
                                          "Inner Unique": false,
                                          "Join Filter": "(mi_idx.info_type_id = it2.id)",
                                          "Rows Removed by Join Filter": 68978,
                                          "Plans": [
                                            {
                                              "Node Type": "Seq Scan",
                                              "Parent Relationship": "Outer",
                                              "Parallel Aware": false,
                                              "Relation Name": "info_type",
                                              "Schema": "public",
                                              "Alias": "it2",
                                              "Startup Cost": 0.0,
                                              "Total Cost": 2.41,
                                              "Plan Rows": 1,
                                              "Plan Width": 4,
                                              "Actual Startup Time": 0.039,
                                              "Actual Total Time": 0.042,
                                              "Actual Rows": 1,
                                              "Actual Loops": 1,
                                              "Output": [
                                                "it2.id",
                                                "it2.info"
                                              ],
                                              "Filter": "((it2.info)::text = 'rating'::text)",
                                              "Rows Removed by Filter": 112
                                            },
                                            {
                                              "Node Type": "Nested Loop",
                                              "Parent Relationship": "Inner",
                                              "Parallel Aware": false,
                                              "Join Type": "Inner",
                                              "Startup Cost": 11.23,
                                              "Total Cost": 14903.17,
                                              "Plan Rows": 994,
                                              "Plan Width": 17,
                                              "Actual Startup Time": 2.441,
                                              "Actual Total Time": 532.76,
                                              "Actual Rows": 103291,
                                              "Actual Loops": 1,
                                              "Output": [
                                                "mk.movie_id",
                                                "mi_idx.info",
                                                "mi_idx.movie_id",
                                                "mi_idx.info_type_id"
                                              ],
                                              "Inner Unique": false,
                                              "Plans": [
                                                {
                                                  "Node Type": "Nested Loop",
                                                  "Parent Relationship": "Outer",
                                                  "Parallel Aware": false,
                                                  "Join Type": "Inner",
                                                  "Startup Cost": 10.8,
                                                  "Total Cost": 14727.08,
                                                  "Plan Rows": 337,
                                                  "Plan Width": 4,
                                                  "Actual Startup Time": 2.234,
                                                  "Actual Total Time": 271.916,
                                                  "Actual Rows": 42387,
                                                  "Actual Loops": 1,
                                                  "Output": [
                                                    "mk.movie_id"
                                                  ],
                                                  "Inner Unique": false,
                                                  "Plans": [
                                                    {
                                                      "Node Type": "Seq Scan",
                                                      "Parent Relationship": "Outer",
                                                      "Parallel Aware": false,
                                                      "Relation Name": "keyword",
                                                      "Schema": "public",
                                                      "Alias": "k",
                                                      "Startup Cost": 0.0,
                                                      "Total Cost": 3967.82,
                                                      "Plan Rows": 10,
                                                      "Plan Width": 4,
                                                      "Actual Startup Time": 0.477,
                                                      "Actual Total Time": 28.302,
                                                      "Actual Rows": 7,
                                                      "Actual Loops": 1,
                                                      "Output": [
                                                        "k.id",
                                                        "k.keyword",
                                                        "k.phonetic_code"
                                                      ],
                                                      "Filter": "(k.keyword = ANY ('{murder-in-title,based-on-comic,superhero,marvel-comics,blood,violence,death,sequel,sequel,death}'::text[]))",
                                                      "Rows Removed by Filter": 134163
                                                    },
                                                    {
                                                      "Node Type": "Bitmap Heap Scan",
                                                      "Parent Relationship": "Inner",
                                                      "Parallel Aware": false,
                                                      "Relation Name": "movie_keyword",
                                                      "Schema": "public",
                                                      "Alias": "mk",
                                                      "Startup Cost": 10.8,
                                                      "Total Cost": 1072.87,
                                                      "Plan Rows": 306,
                                                      "Plan Width": 8,
                                                      "Actual Startup Time": 1.832,
                                                      "Actual Total Time": 33.574,
                                                      "Actual Rows": 6055,
                                                      "Actual Loops": 7,
                                                      "Output": [
                                                        "mk.id",
                                                        "mk.movie_id",
                                                        "mk.keyword_id"
                                                      ],
                                                      "Recheck Cond": "(mk.keyword_id = k.id)",
                                                      "Rows Removed by Index Recheck": 0,
                                                      "Exact Heap Blocks": 30751,
                                                      "Lossy Heap Blocks": 0,
                                                      "Plans": [
                                                        {
                                                          "Node Type": "Bitmap Index Scan",
                                                          "Parent Relationship": "Outer",
                                                          "Parallel Aware": false,
                                                          "Index Name": "keyword_id_movie_keyword",
                                                          "Startup Cost": 0.0,
                                                          "Total Cost": 10.73,
                                                          "Plan Rows": 306,
                                                          "Plan Width": 0,
                                                          "Actual Startup Time": 1.106,
                                                          "Actual Total Time": 1.106,
                                                          "Actual Rows": 6055,
                                                          "Actual Loops": 7,
                                                          "Index Cond": "(mk.keyword_id = k.id)"
                                                        }
                                                      ]
                                                    }
                                                  ]
                                                },
                                                {
                                                  "Node Type": "Index Scan",
                                                  "Parent Relationship": "Inner",
                                                  "Parallel Aware": false,
                                                  "Scan Direction": "Forward",
                                                  "Index Name": "movie_id_movie_info_idx",
                                                  "Relation Name": "movie_info_idx",
                                                  "Schema": "public",
                                                  "Alias": "mi_idx",
                                                  "Startup Cost": 0.43,
                                                  "Total Cost": 0.49,
                                                  "Plan Rows": 3,
                                                  "Plan Width": 13,
                                                  "Actual Startup Time": 0.005,
                                                  "Actual Total Time": 0.005,
                                                  "Actual Rows": 2,
                                                  "Actual Loops": 42387,
                                                  "Output": [
                                                    "mi_idx.id",
                                                    "mi_idx.movie_id",
                                                    "mi_idx.info_type_id",
                                                    "mi_idx.info",
                                                    "mi_idx.note"
                                                  ],
                                                  "Index Cond": "(mi_idx.movie_id = mk.movie_id)",
                                                  "Rows Removed by Index Recheck": 0
                                                }
                                              ]
                                            }
                                          ]
                                        },
                                        {
                                          "Node Type": "Index Scan",
                                          "Parent Relationship": "Inner",
                                          "Parallel Aware": false,
                                          "Scan Direction": "Forward",
                                          "Index Name": "title_pkey",
                                          "Relation Name": "title",
                                          "Schema": "public",
                                          "Alias": "t",
                                          "Startup Cost": 0.43,
                                          "Total Cost": 0.49,
                                          "Plan Rows": 1,
                                          "Plan Width": 25,
                                          "Actual Startup Time": 0.007,
                                          "Actual Total Time": 0.007,
                                          "Actual Rows": 0,
                                          "Actual Loops": 34313,
                                          "Output": [
                                            "t.id",
                                            "t.title",
                                            "t.imdb_index",
                                            "t.kind_id",
                                            "t.production_year",
                                            "t.imdb_id",
                                            "t.phonetic_code",
                                            "t.episode_of_id",
                                            "t.season_nr",
                                            "t.episode_nr",
                                            "t.series_years",
                                            "t.md5sum"
                                          ],
                                          "Index Cond": "(t.id = mk.movie_id)",
                                          "Rows Removed by Index Recheck": 0,
                                          "Filter": "(t.production_year > 2001)",
                                          "Rows Removed by Filter": 1
                                        }
                                      ]
                                    }
                                  ]
                                },
                                {
                                  "Node Type": "Index Scan",
                                  "Parent Relationship": "Inner",
                                  "Parallel Aware": false,
                                  "Scan Direction": "Forward",
                                  "Index Name": "movie_id_complete_cast",
                                  "Relation Name": "complete_cast",
                                  "Schema": "public",
                                  "Alias": "cc",
                                  "Startup Cost": 0.42,
                                  "Total Cost": 0.46,
                                  "Plan Rows": 2,
                                  "Plan Width": 12,
                                  "Actual Startup Time": 0.003,
                                  "Actual Total Time": 0.003,
                                  "Actual Rows": 0,
                                  "Actual Loops": 8804,
                                  "Output": [
                                    "cc.id",
                                    "cc.movie_id",
                                    "cc.subject_id",
                                    "cc.status_id"
                                  ],
                                  "Index Cond": "(cc.movie_id = t.id)",
                                  "Rows Removed by Index Recheck": 0
                                }
                              ]
                            },
                            {
                              "Node Type": "Index Scan",
                              "Parent Relationship": "Inner",
                              "Parallel Aware": false,
                              "Scan Direction": "Forward",
                              "Index Name": "movie_id_cast_info",
                              "Relation Name": "cast_info",
                              "Schema": "public",
                              "Alias": "ci",
                              "Startup Cost": 0.56,
                              "Total Cost": 1.55,
                              "Plan Rows": 37,
                              "Plan Width": 12,
                              "Actual Startup Time": 0.018,
                              "Actual Total Time": 0.362,
                              "Actual Rows": 143,
                              "Actual Loops": 2750,
                              "Output": [
                                "ci.id",
                                "ci.person_id",
                                "ci.movie_id",
                                "ci.person_role_id",
                                "ci.note",
                                "ci.nr_order",
                                "ci.role_id"
                              ],
                              "Index Cond": "(ci.movie_id = mk.movie_id)",
                              "Rows Removed by Index Recheck": 0
                            }
                          ]
                        },
                        {
                          "Node Type": "Index Scan",
                          "Parent Relationship": "Inner",
                          "Parallel Aware": false,
                          "Scan Direction": "Forward",
                          "Index Name": "char_name_pkey",
                          "Relation Name": "char_name",
                          "Schema": "public",
                          "Alias": "chn",
                          "Startup Cost": 0.43,
                          "Total Cost": 0.46,
                          "Plan Rows": 1,
                          "Plan Width": 20,
                          "Actual Startup Time": 0.002,
                          "Actual Total Time": 0.002,
                          "Actual Rows": 0,
                          "Actual Loops": 393011,
                          "Output": [
                            "chn.id",
                            "chn.name",
                            "chn.imdb_index",
                            "chn.imdb_id",
                            "chn.name_pcode_nf",
                            "chn.surname_pcode",
                            "chn.md5sum"
                          ],
                          "Index Cond": "(chn.id = ci.person_role_id)",
                          "Rows Removed by Index Recheck": 0,
                          "Filter": "((chn.name IS NOT NULL) AND ((chn.name ~~ '%man%'::text) OR (chn.name ~~ '%Man%'::text)))",
                          "Rows Removed by Filter": 0
                        }
                      ]
                    },
                    {
                      "Node Type": "Index Scan",
                      "Parent Relationship": "Inner",
                      "Parallel Aware": false,
                      "Scan Direction": "Forward",
                      "Index Name": "comp_cast_type_pkey",
                      "Relation Name": "comp_cast_type",
                      "Schema": "public",
                      "Alias": "cct1",
                      "Startup Cost": 0.13,
                      "Total Cost": 0.15,
                      "Plan Rows": 1,
                      "Plan Width": 4,
                      "Actual Startup Time": 0.001,
                      "Actual Total Time": 0.001,
                      "Actual Rows": 1,
                      "Actual Loops": 11333,
                      "Output": [
                        "cct1.id",
                        "cct1.kind"
                      ],
                      "Index Cond": "(cct1.id = cc.subject_id)",
                      "Rows Removed by Index Recheck": 0,
                      "Filter": "((cct1.kind)::text = 'cast'::text)",
                      "Rows Removed by Filter": 0
                    }
                  ]
                },
                {
                  "Node Type": "Index Only Scan",
                  "Parent Relationship": "Inner",
                  "Parallel Aware": false,
                  "Scan Direction": "Forward",
                  "Index Name": "name_pkey",
                  "Relation Name": "name",
                  "Schema": "public",
                  "Alias": "n",
                  "Startup Cost": 0.43,
                  "Total Cost": 0.46,
                  "Plan Rows": 1,
                  "Plan Width": 4,
                  "Actual Startup Time": 0.014,
                  "Actual Total Time": 0.014,
                  "Actual Rows": 1,
                  "Actual Loops": 9549,
                  "Output": [
                    "n.id"
                  ],
                  "Index Cond": "(n.id = ci.person_id)",
                  "Rows Removed by Index Recheck": 0,
                  "Heap Fetches": 9549
                }
              ]
            },
            {
              "Node Type": "Index Scan",
              "Parent Relationship": "Inner",
              "Parallel Aware": false,
              "Scan Direction": "Forward",
              "Index Name": "comp_cast_type_pkey",
              "Relation Name": "comp_cast_type",
              "Schema": "public",
              "Alias": "cct2",
              "Startup Cost": 0.13,
              "Total Cost": 0.15,
              "Plan Rows": 1,
              "Plan Width": 4,
              "Actual Startup Time": 0.001,
              "Actual Total Time": 0.001,
              "Actual Rows": 1,
              "Actual Loops": 9549,
              "Output": [
                "cct2.id",
                "cct2.kind"
              ],
              "Index Cond": "(cct2.id = cc.status_id)",
              "Rows Removed by Index Recheck": 0,
              "Filter": "((cct2.kind)::text ~~ '%complete%'::text)",
              "Rows Removed by Filter": 0
            }
          ]
        }
      ]
    },
    "Planning Time": 141817.524,
    "Triggers": [],
    "Execution Time": 3123.81
  }
]