[
  {
    "Plan": {
      "Node Type": "Aggregate",
      "Strategy": "Plain",
      "Partial Mode": "Finalize",
      "Parallel Aware": false,
      "Startup Cost": 32296.12,
      "Total Cost": 32296.13,
      "Plan Rows": 1,
      "Plan Width": 8,
      "Actual Startup Time": 103.609,
      "Actual Total Time": 107.787,
      "Actual Rows": 1,
      "Actual Loops": 1,
      "Plans": [
        {
          "Node Type": "Gather",
          "Parent Relationship": "Outer",
          "Parallel Aware": false,
          "Startup Cost": 32295.8,
          "Total Cost": 32296.11,
          "Plan Rows": 3,
          "Plan Width": 8,
          "Actual Startup Time": 103.547,
          "Actual Total Time": 107.781,
          "Actual Rows": 4,
          "Actual Loops": 1,
          "Workers Planned": 3,
          "Workers Launched": 3,
          "Single Copy": false,
          "Plans": [
            {
              "Node Type": "Aggregate",
              "Strategy": "Plain",
              "Partial Mode": "Partial",
              "Parent Relationship": "Outer",
              "Parallel Aware": false,
              "Startup Cost": 31295.8,
              "Total Cost": 31295.81,
              "Plan Rows": 1,
              "Plan Width": 8,
              "Actual Startup Time": 100.55,
              "Actual Total Time": 100.55,
              "Actual Rows": 1,
              "Actual Loops": 4,
              "Plans": [
                {
                  "Node Type": "Seq Scan",
                  "Parent Relationship": "Outer",
                  "Parallel Aware": true,
                  "Relation Name": "movie_companies",
                  "Alias": "mc",
                  "Startup Cost": 0.0,
                  "Total Cost": 29310.68,
                  "Plan Rows": 794048,
                  "Plan Width": 0,
                  "Actual Startup Time": 0.02,
                  "Actual Total Time": 72.744,
                  "Actual Rows": 614728,
                  "Actual Loops": 4,
                  "Filter": "(company_id < 132014)",
                  "Rows Removed by Filter": 37554
                }
              ]
            }
          ]
        }
      ]
    },
    "Planning Time": 0.082,
    "Triggers": [],
    "Execution Time": 107.812
  }
]