[
  {
    "Plan": {
      "Node Type": "Aggregate",
      "Strategy": "Plain",
      "Partial Mode": "Finalize",
      "Parallel Aware": false,
      "Startup Cost": 46836.45,
      "Total Cost": 46836.46,
      "Plan Rows": 1,
      "Plan Width": 8,
      "Actual Startup Time": 114.201,
      "Actual Total Time": 126.601,
      "Actual Rows": 1,
      "Actual Loops": 1,
      "Plans": [
        {
          "Node Type": "Gather",
          "Parent Relationship": "Outer",
          "Parallel Aware": false,
          "Startup Cost": 46836.03,
          "Total Cost": 46836.44,
          "Plan Rows": 4,
          "Plan Width": 8,
          "Actual Startup Time": 113.982,
          "Actual Total Time": 126.588,
          "Actual Rows": 5,
          "Actual Loops": 1,
          "Workers Planned": 4,
          "Workers Launched": 4,
          "Single Copy": false,
          "Plans": [
            {
              "Node Type": "Aggregate",
              "Strategy": "Plain",
              "Partial Mode": "Partial",
              "Parent Relationship": "Outer",
              "Parallel Aware": false,
              "Startup Cost": 45836.03,
              "Total Cost": 45836.04,
              "Plan Rows": 1,
              "Plan Width": 8,
              "Actual Startup Time": 104.3,
              "Actual Total Time": 104.302,
              "Actual Rows": 1,
              "Actual Loops": 5,
              "Plans": [
                {
                  "Node Type": "Seq Scan",
                  "Parent Relationship": "Outer",
                  "Parallel Aware": true,
                  "Relation Name": "title",
                  "Alias": "t",
                  "Startup Cost": 0.0,
                  "Total Cost": 45479.59,
                  "Plan Rows": 142576,
                  "Plan Width": 0,
                  "Actual Startup Time": 50.211,
                  "Actual Total Time": 99.712,
                  "Actual Rows": 90801,
                  "Actual Loops": 5,
                  "Filter": "((production_year > 1963) AND (kind_id = 1))",
                  "Rows Removed by Filter": 414862
                }
              ]
            }
          ]
        }
      ]
    },
    "Planning Time": 0.266,
    "Triggers": [],
    "Execution Time": 126.669
  }
]