[
  {
    "Plan": {
      "Node Type": "Aggregate",
      "Strategy": "Plain",
      "Partial Mode": "Finalize",
      "Parallel Aware": false,
      "Startup Cost": 44693.54,
      "Total Cost": 44693.55,
      "Plan Rows": 1,
      "Plan Width": 8,
      "Actual Startup Time": 133.745,
      "Actual Total Time": 141.498,
      "Actual Rows": 1,
      "Actual Loops": 1,
      "Plans": [
        {
          "Node Type": "Gather",
          "Parent Relationship": "Outer",
          "Parallel Aware": false,
          "Startup Cost": 44693.23,
          "Total Cost": 44693.54,
          "Plan Rows": 3,
          "Plan Width": 8,
          "Actual Startup Time": 133.622,
          "Actual Total Time": 141.489,
          "Actual Rows": 4,
          "Actual Loops": 1,
          "Workers Planned": 3,
          "Workers Launched": 3,
          "Single Copy": false,
          "Plans": [
            {
              "Node Type": "Aggregate",
              "Strategy": "Plain",
              "Partial Mode": "Partial",
              "Parent Relationship": "Outer",
              "Parallel Aware": false,
              "Startup Cost": 43693.23,
              "Total Cost": 43693.24,
              "Plan Rows": 1,
              "Plan Width": 8,
              "Actual Startup Time": 125.366,
              "Actual Total Time": 125.367,
              "Actual Rows": 1,
              "Actual Loops": 4,
              "Plans": [
                {
                  "Node Type": "Seq Scan",
                  "Parent Relationship": "Outer",
                  "Parallel Aware": true,
                  "Relation Name": "movie_keyword",
                  "Alias": "mk",
                  "Startup Cost": 0.0,
                  "Total Cost": 42695.65,
                  "Plan Rows": 399029,
                  "Plan Width": 0,
                  "Actual Startup Time": 2.5,
                  "Actual Total Time": 109.121,
                  "Actual Rows": 311322,
                  "Actual Loops": 4,
                  "Filter": "(keyword_id > 14516)",
                  "Rows Removed by Filter": 819660
                }
              ]
            }
          ]
        }
      ]
    },
    "Planning Time": 0.16,
    "Triggers": [],
    "Execution Time": 141.549
  }
]