[
  {
    "Plan": {
      "Node Type": "Aggregate",
      "Strategy": "Plain",
      "Partial Mode": "Finalize",
      "Parallel Aware": false,
      "Startup Cost": 153462.93,
      "Total Cost": 153462.94,
      "Plan Rows": 1,
      "Plan Width": 8,
      "Actual Startup Time": 1834.803,
      "Actual Total Time": 1925.2,
      "Actual Rows": 1,
      "Actual Loops": 1,
      "Plans": [
        {
          "Node Type": "Gather",
          "Parent Relationship": "Outer",
          "Parallel Aware": false,
          "Startup Cost": 153462.61,
          "Total Cost": 153462.92,
          "Plan Rows": 3,
          "Plan Width": 8,
          "Actual Startup Time": 1832.294,
          "Actual Total Time": 1925.189,
          "Actual Rows": 4,
          "Actual Loops": 1,
          "Workers Planned": 3,
          "Workers Launched": 3,
          "Single Copy": false,
          "Plans": [
            {
              "Node Type": "Aggregate",
              "Strategy": "Plain",
              "Partial Mode": "Partial",
              "Parent Relationship": "Outer",
              "Parallel Aware": false,
              "Startup Cost": 152462.61,
              "Total Cost": 152462.62,
              "Plan Rows": 1,
              "Plan Width": 8,
              "Actual Startup Time": 1824.912,
              "Actual Total Time": 1824.916,
              "Actual Rows": 1,
              "Actual Loops": 4,
              "Plans": [
                {
                  "Node Type": "Nested Loop",
                  "Parent Relationship": "Outer",
                  "Parallel Aware": false,
                  "Join Type": "Inner",
                  "Startup Cost": 52519.61,
                  "Total Cost": 152179.31,
                  "Plan Rows": 113322,
                  "Plan Width": 0,
                  "Actual Startup Time": 171.08,
                  "Actual Total Time": 1770.072,
                  "Actual Rows": 977230,
                  "Actual Loops": 4,
                  "Inner Unique": false,
                  "Plans": [
                    {
                      "Node Type": "Hash Join",
                      "Parent Relationship": "Outer",
                      "Parallel Aware": true,
                      "Join Type": "Inner",
                      "Startup Cost": 52519.05,
                      "Total Cost": 78245.0,
                      "Plan Rows": 16035,
                      "Plan Width": 8,
                      "Actual Startup Time": 170.918,
                      "Actual Total Time": 226.822,
                      "Actual Rows": 27873,
                      "Actual Loops": 4,
                      "Inner Unique": true,
                      "Hash Cond": "(mk.movie_id = t.id)",
                      "Plans": [
                        {
                          "Node Type": "Bitmap Heap Scan",
                          "Parent Relationship": "Outer",
                          "Parallel Aware": true,
                          "Relation Name": "movie_keyword",
                          "Alias": "mk",
                          "Startup Cost": 5532.83,
                          "Total Cost": 31038.03,
                          "Plan Rows": 84096,
                          "Plan Width": 4,
                          "Actual Startup Time": 19.457,
                          "Actual Total Time": 56.345,
                          "Actual Rows": 66732,
                          "Actual Loops": 4,
                          "Recheck Cond": "(keyword_id > 58739)",
                          "Rows Removed by Index Recheck": 0,
                          "Exact Heap Blocks": 7675,
                          "Lossy Heap Blocks": 0,
                          "Plans": [
                            {
                              "Node Type": "Bitmap Index Scan",
                              "Parent Relationship": "Outer",
                              "Parallel Aware": false,
                              "Index Name": "keyword_id_movie_keyword",
                              "Startup Cost": 0.0,
                              "Total Cost": 5467.66,
                              "Plan Rows": 260697,
                              "Plan Width": 0,
                              "Actual Startup Time": 16.312,
                              "Actual Total Time": 16.312,
                              "Actual Rows": 266927,
                              "Actual Loops": 1,
                              "Index Cond": "(keyword_id > 58739)"
                            }
                          ]
                        },
                        {
                          "Node Type": "Hash",
                          "Parent Relationship": "Inner",
                          "Parallel Aware": true,
                          "Startup Cost": 45479.59,
                          "Total Cost": 45479.59,
                          "Plan Rows": 120530,
                          "Plan Width": 4,
                          "Actual Startup Time": 143.079,
                          "Actual Total Time": 143.08,
                          "Actual Rows": 88807,
                          "Actual Loops": 4,
                          "Hash Buckets": 524288,
                          "Original Hash Buckets": 524288,
                          "Hash Batches": 1,
                          "Original Hash Batches": 1,
                          "Peak Memory Usage": 18080,
                          "Plans": [
                            {
                              "Node Type": "Seq Scan",
                              "Parent Relationship": "Outer",
                              "Parallel Aware": true,
                              "Relation Name": "title",
                              "Alias": "t",
                              "Startup Cost": 0.0,
                              "Total Cost": 45479.59,
                              "Plan Rows": 120530,
                              "Plan Width": 4,
                              "Actual Startup Time": 47.721,
                              "Actual Total Time": 109.654,
                              "Actual Rows": 88807,
                              "Actual Loops": 4,
                              "Filter": "((production_year > 1986) AND (kind_id = 1))",
                              "Rows Removed by Filter": 543271
                            }
                          ]
                        }
                      ]
                    },
                    {
                      "Node Type": "Index Scan",
                      "Parent Relationship": "Inner",
                      "Parallel Aware": false,
                      "Scan Direction": "Forward",
                      "Index Name": "movie_id_cast_info",
                      "Relation Name": "cast_info",
                      "Alias": "ci",
                      "Startup Cost": 0.56,
                      "Total Cost": 4.44,
                      "Plan Rows": 17,
                      "Plan Width": 4,
                      "Actual Startup Time": 0.005,
                      "Actual Total Time": 0.052,
                      "Actual Rows": 35,
                      "Actual Loops": 111493,
                      "Index Cond": "(movie_id = t.id)",
                      "Rows Removed by Index Recheck": 0,
                      "Filter": "(person_id < 1788343)",
                      "Rows Removed by Filter": 40
                    }
                  ]
                }
              ]
            }
          ]
        }
      ]
    },
    "Planning Time": 0.848,
    "Triggers": [],
    "Execution Time": 1925.3
  }
]