[
  {
    "Plan": {
      "Node Type": "Aggregate",
      "Strategy": "Plain",
      "Partial Mode": "Finalize",
      "Parallel Aware": false,
      "Startup Cost": 37864.6,
      "Total Cost": 37864.61,
      "Plan Rows": 1,
      "Plan Width": 8,
      "Actual Startup Time": 21.529,
      "Actual Total Time": 24.831,
      "Actual Rows": 1,
      "Actual Loops": 1,
      "Plans": [
        {
          "Node Type": "Gather",
          "Parent Relationship": "Outer",
          "Parallel Aware": false,
          "Startup Cost": 37864.39,
          "Total Cost": 37864.6,
          "Plan Rows": 2,
          "Plan Width": 8,
          "Actual Startup Time": 21.094,
          "Actual Total Time": 24.823,
          "Actual Rows": 3,
          "Actual Loops": 1,
          "Workers Planned": 2,
          "Workers Launched": 2,
          "Single Copy": false,
          "Plans": [
            {
              "Node Type": "Aggregate",
              "Strategy": "Plain",
              "Partial Mode": "Partial",
              "Parent Relationship": "Outer",
              "Parallel Aware": false,
              "Startup Cost": 36864.39,
              "Total Cost": 36864.4,
              "Plan Rows": 1,
              "Plan Width": 8,
              "Actual Startup Time": 15.375,
              "Actual Total Time": 15.377,
              "Actual Rows": 1,
              "Actual Loops": 3,
              "Plans": [
                {
                  "Node Type": "Nested Loop",
                  "Parent Relationship": "Outer",
                  "Parallel Aware": false,
                  "Join Type": "Inner",
                  "Startup Cost": 254.19,
                  "Total Cost": 36862.19,
                  "Plan Rows": 881,
                  "Plan Width": 0,
                  "Actual Startup Time": 14.057,
                  "Actual Total Time": 15.359,
                  "Actual Rows": 95,
                  "Actual Loops": 3,
                  "Inner Unique": false,
                  "Plans": [
                    {
                      "Node Type": "Nested Loop",
                      "Parent Relationship": "Outer",
                      "Parallel Aware": false,
                      "Join Type": "Inner",
                      "Startup Cost": 253.75,
                      "Total Cost": 35300.56,
                      "Plan Rows": 852,
                      "Plan Width": 8,
                      "Actual Startup Time": 13.817,
                      "Actual Total Time": 14.614,
                      "Actual Rows": 35,
                      "Actual Loops": 3,
                      "Inner Unique": true,
                      "Plans": [
                        {
                          "Node Type": "Bitmap Heap Scan",
                          "Parent Relationship": "Outer",
                          "Parallel Aware": true,
                          "Relation Name": "movie_companies",
                          "Alias": "mc",
                          "Startup Cost": 253.32,
                          "Total Cost": 17546.89,
                          "Plan Rows": 2482,
                          "Plan Width": 4,
                          "Actual Startup Time": 13.712,
                          "Actual Total Time": 13.9,
                          "Actual Rows": 36,
                          "Actual Loops": 3,
                          "Recheck Cond": "(company_id = 34)",
                          "Rows Removed by Index Recheck": 0,
                          "Filter": "(company_type_id > 1)",
                          "Rows Removed by Filter": 4262,
                          "Exact Heap Blocks": 3180,
                          "Lossy Heap Blocks": 0,
                          "Plans": [
                            {
                              "Node Type": "Bitmap Index Scan",
                              "Parent Relationship": "Outer",
                              "Parallel Aware": false,
                              "Index Name": "company_id_movie_companies",
                              "Startup Cost": 0.0,
                              "Total Cost": 251.84,
                              "Plan Rows": 11654,
                              "Plan Width": 0,
                              "Actual Startup Time": 6.038,
                              "Actual Total Time": 6.038,
                              "Actual Rows": 12894,
                              "Actual Loops": 1,
                              "Index Cond": "(company_id = 34)"
                            }
                          ]
                        },
                        {
                          "Node Type": "Index Scan",
                          "Parent Relationship": "Inner",
                          "Parallel Aware": false,
                          "Scan Direction": "Forward",
                          "Index Name": "title_pkey",
                          "Relation Name": "title",
                          "Alias": "t",
                          "Startup Cost": 0.43,
                          "Total Cost": 7.15,
                          "Plan Rows": 1,
                          "Plan Width": 4,
                          "Actual Startup Time": 0.019,
                          "Actual Total Time": 0.019,
                          "Actual Rows": 1,
                          "Actual Loops": 107,
                          "Index Cond": "(id = mc.movie_id)",
                          "Rows Removed by Index Recheck": 0,
                          "Filter": "((kind_id < 7) AND (production_year < 2012))",
                          "Rows Removed by Filter": 0
                        }
                      ]
                    },
                    {
                      "Node Type": "Index Scan",
                      "Parent Relationship": "Inner",
                      "Parallel Aware": false,
                      "Scan Direction": "Forward",
                      "Index Name": "movie_id_movie_keyword",
                      "Relation Name": "movie_keyword",
                      "Alias": "mk",
                      "Startup Cost": 0.43,
                      "Total Cost": 1.56,
                      "Plan Rows": 27,
                      "Plan Width": 4,
                      "Actual Startup Time": 0.019,
                      "Actual Total Time": 0.02,
                      "Actual Rows": 3,
                      "Actual Loops": 105,
                      "Index Cond": "(movie_id = t.id)",
                      "Rows Removed by Index Recheck": 0,
                      "Filter": "(keyword_id > 3287)",
                      "Rows Removed by Filter": 2
                    }
                  ]
                }
              ]
            }
          ]
        }
      ]
    },
    "Planning Time": 1.45,
    "Triggers": [],
    "Execution Time": 24.929
  }
]