[
  {
    "Plan": {
      "Node Type": "Aggregate",
      "Strategy": "Plain",
      "Partial Mode": "Finalize",
      "Parallel Aware": false,
      "Startup Cost": 45733.33,
      "Total Cost": 45733.34,
      "Plan Rows": 1,
      "Plan Width": 8,
      "Actual Startup Time": 154.835,
      "Actual Total Time": 165.38,
      "Actual Rows": 1,
      "Actual Loops": 1,
      "Plans": [
        {
          "Node Type": "Gather",
          "Parent Relationship": "Outer",
          "Parallel Aware": false,
          "Startup Cost": 45733.02,
          "Total Cost": 45733.33,
          "Plan Rows": 3,
          "Plan Width": 8,
          "Actual Startup Time": 154.654,
          "Actual Total Time": 165.372,
          "Actual Rows": 4,
          "Actual Loops": 1,
          "Workers Planned": 3,
          "Workers Launched": 3,
          "Single Copy": false,
          "Plans": [
            {
              "Node Type": "Aggregate",
              "Strategy": "Plain",
              "Partial Mode": "Partial",
              "Parent Relationship": "Outer",
              "Parallel Aware": false,
              "Startup Cost": 44733.02,
              "Total Cost": 44733.03,
              "Plan Rows": 1,
              "Plan Width": 8,
              "Actual Startup Time": 150.042,
              "Actual Total Time": 150.044,
              "Actual Rows": 1,
              "Actual Loops": 4,
              "Plans": [
                {
                  "Node Type": "Seq Scan",
                  "Parent Relationship": "Outer",
                  "Parallel Aware": true,
                  "Relation Name": "movie_keyword",
                  "Alias": "mk",
                  "Startup Cost": 0.0,
                  "Total Cost": 42695.65,
                  "Plan Rows": 814945,
                  "Plan Width": 0,
                  "Actual Startup Time": 0.036,
                  "Actual Total Time": 118.771,
                  "Actual Rows": 634222,
                  "Actual Loops": 4,
                  "Filter": "(keyword_id < 6342)",
                  "Rows Removed by Filter": 496760
                }
              ]
            }
          ]
        }
      ]
    },
    "Planning Time": 0.099,
    "Triggers": [],
    "Execution Time": 165.414
  }
]