[
    {
        "Bao": {
            "Bao prediction": 533.661,
            "Bao recommended hint": "(no hint)"
        }
    },
    {
        "Plan": {
            "Node Type": "Aggregate",
            "Strategy": "Plain",
            "Partial Mode": "Finalize",
            "Parallel Aware": false,
            "Startup Cost": 361726.3,
            "Total Cost": 361726.31,
            "Plan Rows": 1,
            "Plan Width": 8,
            "Actual Startup Time": 374.901,
            "Actual Total Time": 393.448,
            "Actual Rows": 1,
            "Actual Loops": 1,
            "Output": [
                "count(*)"
            ],
            "Plans": [
                {
                    "Node Type": "Gather",
                    "Parent Relationship": "Outer",
                    "Parallel Aware": false,
                    "Startup Cost": 361725.68,
                    "Total Cost": 361726.29,
                    "Plan Rows": 6,
                    "Plan Width": 8,
                    "Actual Startup Time": 373.564,
                    "Actual Total Time": 393.44,
                    "Actual Rows": 7,
                    "Actual Loops": 1,
                    "Output": [
                        "(PARTIAL count(*))"
                    ],
                    "Workers Planned": 6,
                    "Workers Launched": 6,
                    "Single Copy": false,
                    "Plans": [
                        {
                            "Node Type": "Aggregate",
                            "Strategy": "Plain",
                            "Partial Mode": "Partial",
                            "Parent Relationship": "Outer",
                            "Parallel Aware": false,
                            "Startup Cost": 360725.68,
                            "Total Cost": 360725.69,
                            "Plan Rows": 1,
                            "Plan Width": 8,
                            "Actual Startup Time": 363.412,
                            "Actual Total Time": 363.416,
                            "Actual Rows": 1,
                            "Actual Loops": 7,
                            "Output": [
                                "PARTIAL count(*)"
                            ],
                            "Workers": [
                                {
                                    "Worker Number": 0,
                                    "Actual Startup Time": 361.243,
                                    "Actual Total Time": 361.248,
                                    "Actual Rows": 1,
                                    "Actual Loops": 1
                                },
                                {
                                    "Worker Number": 1,
                                    "Actual Startup Time": 361.478,
                                    "Actual Total Time": 361.482,
                                    "Actual Rows": 1,
                                    "Actual Loops": 1
                                },
                                {
                                    "Worker Number": 2,
                                    "Actual Startup Time": 361.759,
                                    "Actual Total Time": 361.762,
                                    "Actual Rows": 1,
                                    "Actual Loops": 1
                                },
                                {
                                    "Worker Number": 3,
                                    "Actual Startup Time": 361.616,
                                    "Actual Total Time": 361.619,
                                    "Actual Rows": 1,
                                    "Actual Loops": 1
                                },
                                {
                                    "Worker Number": 4,
                                    "Actual Startup Time": 362.323,
                                    "Actual Total Time": 362.326,
                                    "Actual Rows": 1,
                                    "Actual Loops": 1
                                },
                                {
                                    "Worker Number": 5,
                                    "Actual Startup Time": 362.785,
                                    "Actual Total Time": 362.788,
                                    "Actual Rows": 1,
                                    "Actual Loops": 1
                                }
                            ],
                            "Plans": [
                                {
                                    "Node Type": "Hash Join",
                                    "Parent Relationship": "Outer",
                                    "Parallel Aware": true,
                                    "Join Type": "Inner",
                                    "Startup Cost": 101460.36,
                                    "Total Cost": 360689.63,
                                    "Plan Rows": 14418,
                                    "Plan Width": 0,
                                    "Actual Startup Time": 206.364,
                                    "Actual Total Time": 362.272,
                                    "Actual Rows": 11915,
                                    "Actual Loops": 7,
                                    "Inner Unique": true,
                                    "Hash Cond": "(ci.movie_id = t.id)",
                                    "Workers": [
                                        {
                                            "Worker Number": 0,
                                            "Actual Startup Time": 204.152,
                                            "Actual Total Time": 359.968,
                                            "Actual Rows": 10852,
                                            "Actual Loops": 1
                                        },
                                        {
                                            "Worker Number": 1,
                                            "Actual Startup Time": 204.366,
                                            "Actual Total Time": 360.27,
                                            "Actual Rows": 10343,
                                            "Actual Loops": 1
                                        },
                                        {
                                            "Worker Number": 2,
                                            "Actual Startup Time": 204.946,
                                            "Actual Total Time": 360.596,
                                            "Actual Rows": 9918,
                                            "Actual Loops": 1
                                        },
                                        {
                                            "Worker Number": 3,
                                            "Actual Startup Time": 204.64,
                                            "Actual Total Time": 360.459,
                                            "Actual Rows": 10106,
                                            "Actual Loops": 1
                                        },
                                        {
                                            "Worker Number": 4,
                                            "Actual Startup Time": 204.898,
                                            "Actual Total Time": 361.28,
                                            "Actual Rows": 15727,
                                            "Actual Loops": 1
                                        },
                                        {
                                            "Worker Number": 5,
                                            "Actual Startup Time": 205.702,
                                            "Actual Total Time": 361.622,
                                            "Actual Rows": 9939,
                                            "Actual Loops": 1
                                        }
                                    ],
                                    "Plans": [
                                        {
                                            "Node Type": "Bitmap Heap Scan",
                                            "Parent Relationship": "Outer",
                                            "Parallel Aware": true,
                                            "Relation Name": "cast_info",
                                            "Schema": "public",
                                            "Alias": "ci",
                                            "Startup Cost": 57297.99,
                                            "Total Cost": 315391.83,
                                            "Plan Rows": 432547,
                                            "Plan Width": 4,
                                            "Actual Startup Time": 123.919,
                                            "Actual Total Time": 211.07,
                                            "Actual Rows": 376024,
                                            "Actual Loops": 7,
                                            "Output": [
                                                "ci.id",
                                                "ci.person_id",
                                                "ci.movie_id",
                                                "ci.person_role_id",
                                                "ci.note",
                                                "ci.nr_order",
                                                "ci.role_id"
                                            ],
                                            "Recheck Cond": "(ci.person_id < 252881)",
                                            "Rows Removed by Index Recheck": 0,
                                            "Exact Heap Blocks": 5690,
                                            "Lossy Heap Blocks": 0,
                                            "Workers": [
                                                {
                                                    "Worker Number": 0,
                                                    "Actual Startup Time": 123.764,
                                                    "Actual Total Time": 211.602,
                                                    "Actual Rows": 318506,
                                                    "Actual Loops": 1
                                                },
                                                {
                                                    "Worker Number": 1,
                                                    "Actual Startup Time": 124.026,
                                                    "Actual Total Time": 211.238,
                                                    "Actual Rows": 319711,
                                                    "Actual Loops": 1
                                                },
                                                {
                                                    "Worker Number": 2,
                                                    "Actual Startup Time": 124.193,
                                                    "Actual Total Time": 211.348,
                                                    "Actual Rows": 316217,
                                                    "Actual Loops": 1
                                                },
                                                {
                                                    "Worker Number": 3,
                                                    "Actual Startup Time": 123.79,
                                                    "Actual Total Time": 212.146,
                                                    "Actual Rows": 312843,
                                                    "Actual Loops": 1
                                                },
                                                {
                                                    "Worker Number": 4,
                                                    "Actual Startup Time": 123.583,
                                                    "Actual Total Time": 210.274,
                                                    "Actual Rows": 523636,
                                                    "Actual Loops": 1
                                                },
                                                {
                                                    "Worker Number": 5,
                                                    "Actual Startup Time": 123.954,
                                                    "Actual Total Time": 210.999,
                                                    "Actual Rows": 319860,
                                                    "Actual Loops": 1
                                                }
                                            ],
                                            "Plans": [
                                                {
                                                    "Node Type": "Bitmap Index Scan",
                                                    "Parent Relationship": "Outer",
                                                    "Parallel Aware": false,
                                                    "Index Name": "person_id_cast_info",
                                                    "Startup Cost": 0.0,
                                                    "Total Cost": 56649.17,
                                                    "Plan Rows": 2595281,
                                                    "Plan Width": 0,
                                                    "Actual Startup Time": 119.414,
                                                    "Actual Total Time": 119.415,
                                                    "Actual Rows": 2632167,
                                                    "Actual Loops": 1,
                                                    "Index Cond": "(ci.person_id < 252881)",
                                                    "Workers": [
                                                        {
                                                            "Worker Number": 4,
                                                            "Actual Startup Time": 119.414,
                                                            "Actual Total Time": 119.415,
                                                            "Actual Rows": 2632167,
                                                            "Actual Loops": 1
                                                        }
                                                    ]
                                                }
                                            ]
                                        },
                                        {
                                            "Node Type": "Hash",
                                            "Parent Relationship": "Inner",
                                            "Parallel Aware": true,
                                            "Startup Cost": 43899.01,
                                            "Total Cost": 43899.01,
                                            "Plan Rows": 21069,
                                            "Plan Width": 4,
                                            "Actual Startup Time": 81.093,
                                            "Actual Total Time": 81.094,
                                            "Actual Rows": 12085,
                                            "Actual Loops": 7,
                                            "Output": [
                                                "t.id"
                                            ],
                                            "Hash Buckets": 131072,
                                            "Original Hash Buckets": 131072,
                                            "Hash Batches": 1,
                                            "Original Hash Batches": 1,
                                            "Peak Memory Usage": 4448,
                                            "Workers": [
                                                {
                                                    "Worker Number": 0,
                                                    "Actual Startup Time": 79.751,
                                                    "Actual Total Time": 79.753,
                                                    "Actual Rows": 9563,
                                                    "Actual Loops": 1
                                                },
                                                {
                                                    "Worker Number": 1,
                                                    "Actual Startup Time": 79.876,
                                                    "Actual Total Time": 79.877,
                                                    "Actual Rows": 9512,
                                                    "Actual Loops": 1
                                                },
                                                {
                                                    "Worker Number": 2,
                                                    "Actual Startup Time": 80.293,
                                                    "Actual Total Time": 80.293,
                                                    "Actual Rows": 9535,
                                                    "Actual Loops": 1
                                                },
                                                {
                                                    "Worker Number": 3,
                                                    "Actual Startup Time": 80.17,
                                                    "Actual Total Time": 80.171,
                                                    "Actual Rows": 9317,
                                                    "Actual Loops": 1
                                                },
                                                {
                                                    "Worker Number": 4,
                                                    "Actual Startup Time": 80.824,
                                                    "Actual Total Time": 80.825,
                                                    "Actual Rows": 12950,
                                                    "Actual Loops": 1
                                                },
                                                {
                                                    "Worker Number": 5,
                                                    "Actual Startup Time": 81.261,
                                                    "Actual Total Time": 81.262,
                                                    "Actual Rows": 9868,
                                                    "Actual Loops": 1
                                                }
                                            ],
                                            "Plans": [
                                                {
                                                    "Node Type": "Seq Scan",
                                                    "Parent Relationship": "Outer",
                                                    "Parallel Aware": true,
                                                    "Relation Name": "title",
                                                    "Schema": "public",
                                                    "Alias": "t",
                                                    "Startup Cost": 0.0,
                                                    "Total Cost": 43899.01,
                                                    "Plan Rows": 21069,
                                                    "Plan Width": 4,
                                                    "Actual Startup Time": 0.065,
                                                    "Actual Total Time": 74.575,
                                                    "Actual Rows": 12085,
                                                    "Actual Loops": 7,
                                                    "Output": [
                                                        "t.id"
                                                    ],
                                                    "Filter": "(t.production_year = 2004)",
                                                    "Rows Removed by Filter": 349103,
                                                    "Workers": [
                                                        {
                                                            "Worker Number": 0,
                                                            "Actual Startup Time": 0.176,
                                                            "Actual Total Time": 73.695,
                                                            "Actual Rows": 9563,
                                                            "Actual Loops": 1
                                                        },
                                                        {
                                                            "Worker Number": 1,
                                                            "Actual Startup Time": 0.058,
                                                            "Actual Total Time": 73.76,
                                                            "Actual Rows": 9512,
                                                            "Actual Loops": 1
                                                        },
                                                        {
                                                            "Worker Number": 2,
                                                            "Actual Startup Time": 0.084,
                                                            "Actual Total Time": 74.165,
                                                            "Actual Rows": 9535,
                                                            "Actual Loops": 1
                                                        },
                                                        {
                                                            "Worker Number": 3,
                                                            "Actual Startup Time": 0.027,
                                                            "Actual Total Time": 74.285,
                                                            "Actual Rows": 9317,
                                                            "Actual Loops": 1
                                                        },
                                                        {
                                                            "Worker Number": 4,
                                                            "Actual Startup Time": 0.037,
                                                            "Actual Total Time": 73.567,
                                                            "Actual Rows": 12950,
                                                            "Actual Loops": 1
                                                        },
                                                        {
                                                            "Worker Number": 5,
                                                            "Actual Startup Time": 0.047,
                                                            "Actual Total Time": 75.204,
                                                            "Actual Rows": 9868,
                                                            "Actual Loops": 1
                                                        }
                                                    ]
                                                }
                                            ]
                                        }
                                    ]
                                }
                            ]
                        }
                    ]
                }
            ]
        },
        "Planning Time": 943.708,
        "Triggers": [],
        "Execution Time": 393.579
    }
]