[
  {
    "Plan": {
      "Node Type": "Aggregate",
      "Strategy": "Plain",
      "Partial Mode": "Finalize",
      "Parallel Aware": false,
      "Startup Cost": 70620.58,
      "Total Cost": 70620.59,
      "Plan Rows": 1,
      "Plan Width": 8,
      "Actual Startup Time": 171.501,
      "Actual Total Time": 185.558,
      "Actual Rows": 1,
      "Actual Loops": 1,
      "Plans": [
        {
          "Node Type": "Gather",
          "Parent Relationship": "Outer",
          "Parallel Aware": false,
          "Startup Cost": 70620.16,
          "Total Cost": 70620.57,
          "Plan Rows": 4,
          "Plan Width": 8,
          "Actual Startup Time": 170.161,
          "Actual Total Time": 185.542,
          "Actual Rows": 5,
          "Actual Loops": 1,
          "Workers Planned": 4,
          "Workers Launched": 4,
          "Single Copy": false,
          "Plans": [
            {
              "Node Type": "Aggregate",
              "Strategy": "Plain",
              "Partial Mode": "Partial",
              "Parent Relationship": "Outer",
              "Parallel Aware": false,
              "Startup Cost": 69620.16,
              "Total Cost": 69620.17,
              "Plan Rows": 1,
              "Plan Width": 8,
              "Actual Startup Time": 160.312,
              "Actual Total Time": 160.315,
              "Actual Rows": 1,
              "Actual Loops": 5,
              "Plans": [
                {
                  "Node Type": "Hash Join",
                  "Parent Relationship": "Outer",
                  "Parallel Aware": true,
                  "Join Type": "Inner",
                  "Startup Cost": 25020.58,
                  "Total Cost": 69593.64,
                  "Plan Rows": 10608,
                  "Plan Width": 0,
                  "Actual Startup Time": 124.25,
                  "Actual Total Time": 159.846,
                  "Actual Rows": 8995,
                  "Actual Loops": 5,
                  "Inner Unique": false,
                  "Hash Cond": "(t.id = mc.movie_id)",
                  "Plans": [
                    {
                      "Node Type": "Seq Scan",
                      "Parent Relationship": "Outer",
                      "Parallel Aware": true,
                      "Relation Name": "title",
                      "Alias": "t",
                      "Startup Cost": 0.0,
                      "Total Cost": 43898.92,
                      "Plan Rows": 127984,
                      "Plan Width": 4,
                      "Actual Startup Time": 0.017,
                      "Actual Total Time": 73.885,
                      "Actual Rows": 104747,
                      "Actual Loops": 5,
                      "Filter": "(production_year < 1981)",
                      "Rows Removed by Filter": 400916
                    },
                    {
                      "Node Type": "Hash",
                      "Parent Relationship": "Inner",
                      "Parallel Aware": true,
                      "Startup Cost": 24175.57,
                      "Total Cost": 24175.57,
                      "Plan Rows": 67601,
                      "Plan Width": 4,
                      "Actual Startup Time": 59.169,
                      "Actual Total Time": 59.17,
                      "Actual Rows": 40886,
                      "Actual Loops": 5,
                      "Hash Buckets": 262144,
                      "Original Hash Buckets": 262144,
                      "Hash Batches": 1,
                      "Original Hash Batches": 1,
                      "Peak Memory Usage": 10144,
                      "Plans": [
                        {
                          "Node Type": "Bitmap Heap Scan",
                          "Parent Relationship": "Outer",
                          "Parallel Aware": true,
                          "Relation Name": "movie_companies",
                          "Alias": "mc",
                          "Startup Cost": 4540.55,
                          "Total Cost": 24175.57,
                          "Plan Rows": 67601,
                          "Plan Width": 4,
                          "Actual Startup Time": 17.72,
                          "Actual Total Time": 41.697,
                          "Actual Rows": 40886,
                          "Actual Loops": 5,
                          "Recheck Cond": "(company_id > 112132)",
                          "Rows Removed by Index Recheck": 0,
                          "Exact Heap Blocks": 1916,
                          "Lossy Heap Blocks": 0,
                          "Plans": [
                            {
                              "Node Type": "Bitmap Index Scan",
                              "Parent Relationship": "Outer",
                              "Parallel Aware": false,
                              "Index Name": "company_id_movie_companies",
                              "Startup Cost": 0.0,
                              "Total Cost": 4488.16,
                              "Plan Rows": 209564,
                              "Plan Width": 0,
                              "Actual Startup Time": 19.168,
                              "Actual Total Time": 19.168,
                              "Actual Rows": 204428,
                              "Actual Loops": 1,
                              "Index Cond": "(company_id > 112132)"
                            }
                          ]
                        }
                      ]
                    }
                  ]
                }
              ]
            }
          ]
        }
      ]
    },
    "Planning Time": 0.608,
    "Triggers": [],
    "Execution Time": 185.647
  }
]