[
  {
    "Plan": {
      "Node Type": "Aggregate",
      "Strategy": "Plain",
      "Partial Mode": "Finalize",
      "Parallel Aware": false,
      "Startup Cost": 54261.44,
      "Total Cost": 54261.45,
      "Plan Rows": 1,
      "Plan Width": 8,
      "Actual Startup Time": 105.373,
      "Actual Total Time": 119.428,
      "Actual Rows": 1,
      "Actual Loops": 1,
      "Plans": [
        {
          "Node Type": "Gather",
          "Parent Relationship": "Outer",
          "Parallel Aware": false,
          "Startup Cost": 54261.02,
          "Total Cost": 54261.43,
          "Plan Rows": 4,
          "Plan Width": 8,
          "Actual Startup Time": 105.259,
          "Actual Total Time": 119.419,
          "Actual Rows": 5,
          "Actual Loops": 1,
          "Workers Planned": 4,
          "Workers Launched": 4,
          "Single Copy": false,
          "Plans": [
            {
              "Node Type": "Aggregate",
              "Strategy": "Plain",
              "Partial Mode": "Partial",
              "Parent Relationship": "Outer",
              "Parallel Aware": false,
              "Startup Cost": 53261.02,
              "Total Cost": 53261.03,
              "Plan Rows": 1,
              "Plan Width": 8,
              "Actual Startup Time": 95.659,
              "Actual Total Time": 95.66,
              "Actual Rows": 1,
              "Actual Loops": 5,
              "Plans": [
                {
                  "Node Type": "Nested Loop",
                  "Parent Relationship": "Outer",
                  "Parallel Aware": false,
                  "Join Type": "Inner",
                  "Startup Cost": 0.43,
                  "Total Cost": 53257.21,
                  "Plan Rows": 1523,
                  "Plan Width": 0,
                  "Actual Startup Time": 5.355,
                  "Actual Total Time": 95.48,
                  "Actual Rows": 3099,
                  "Actual Loops": 5,
                  "Inner Unique": false,
                  "Plans": [
                    {
                      "Node Type": "Seq Scan",
                      "Parent Relationship": "Outer",
                      "Parallel Aware": true,
                      "Relation Name": "title",
                      "Alias": "t",
                      "Startup Cost": 0.0,
                      "Total Cost": 45479.1,
                      "Plan Rows": 851,
                      "Plan Width": 4,
                      "Actual Startup Time": 1.871,
                      "Actual Total Time": 85.432,
                      "Actual Rows": 685,
                      "Actual Loops": 5,
                      "Filter": "((kind_id < 7) AND (production_year = 1956))",
                      "Rows Removed by Filter": 504977
                    },
                    {
                      "Node Type": "Index Only Scan",
                      "Parent Relationship": "Inner",
                      "Parallel Aware": false,
                      "Scan Direction": "Forward",
                      "Index Name": "movie_id_movie_keyword",
                      "Relation Name": "movie_keyword",
                      "Alias": "mk",
                      "Startup Cost": 0.43,
                      "Total Cost": 8.69,
                      "Plan Rows": 45,
                      "Plan Width": 4,
                      "Actual Startup Time": 0.013,
                      "Actual Total Time": 0.014,
                      "Actual Rows": 5,
                      "Actual Loops": 3427,
                      "Index Cond": "(movie_id = t.id)",
                      "Rows Removed by Index Recheck": 0,
                      "Heap Fetches": 15496
                    }
                  ]
                }
              ]
            }
          ]
        }
      ]
    },
    "Planning Time": 0.7,
    "Triggers": [],
    "Execution Time": 119.51
  }
]