[
    {
        "Bao": {
            "Bao prediction": "NaN",
            "Bao recommended hint": "(no hint)"
        }
    },
    {
        "Plan": {
            "Node Type": "Aggregate",
            "Strategy": "Plain",
            "Partial Mode": "Finalize",
            "Parallel Aware": false,
            "Startup Cost": 203936.75,
            "Total Cost": 203936.76,
            "Plan Rows": 1,
            "Plan Width": 8,
            "Actual Startup Time": 338.073,
            "Actual Total Time": 350.329,
            "Actual Rows": 1,
            "Actual Loops": 1,
            "Output": [
                "count(*)"
            ],
            "Plans": [
                {
                    "Node Type": "Gather",
                    "Parent Relationship": "Outer",
                    "Parallel Aware": false,
                    "Startup Cost": 203936.13,
                    "Total Cost": 203936.74,
                    "Plan Rows": 6,
                    "Plan Width": 8,
                    "Actual Startup Time": 337.959,
                    "Actual Total Time": 350.319,
                    "Actual Rows": 7,
                    "Actual Loops": 1,
                    "Output": [
                        "(PARTIAL count(*))"
                    ],
                    "Workers Planned": 6,
                    "Workers Launched": 6,
                    "Single Copy": false,
                    "Plans": [
                        {
                            "Node Type": "Aggregate",
                            "Strategy": "Plain",
                            "Partial Mode": "Partial",
                            "Parent Relationship": "Outer",
                            "Parallel Aware": false,
                            "Startup Cost": 202936.13,
                            "Total Cost": 202936.14,
                            "Plan Rows": 1,
                            "Plan Width": 8,
                            "Actual Startup Time": 327.665,
                            "Actual Total Time": 327.666,
                            "Actual Rows": 1,
                            "Actual Loops": 7,
                            "Output": [
                                "PARTIAL count(*)"
                            ],
                            "Workers": [
                                {
                                    "Worker Number": 0,
                                    "Actual Startup Time": 325.199,
                                    "Actual Total Time": 325.201,
                                    "Actual Rows": 1,
                                    "Actual Loops": 1
                                },
                                {
                                    "Worker Number": 1,
                                    "Actual Startup Time": 325.21,
                                    "Actual Total Time": 325.211,
                                    "Actual Rows": 1,
                                    "Actual Loops": 1
                                },
                                {
                                    "Worker Number": 2,
                                    "Actual Startup Time": 325.983,
                                    "Actual Total Time": 325.984,
                                    "Actual Rows": 1,
                                    "Actual Loops": 1
                                },
                                {
                                    "Worker Number": 3,
                                    "Actual Startup Time": 326.136,
                                    "Actual Total Time": 326.137,
                                    "Actual Rows": 1,
                                    "Actual Loops": 1
                                },
                                {
                                    "Worker Number": 4,
                                    "Actual Startup Time": 326.646,
                                    "Actual Total Time": 326.647,
                                    "Actual Rows": 1,
                                    "Actual Loops": 1
                                },
                                {
                                    "Worker Number": 5,
                                    "Actual Startup Time": 326.923,
                                    "Actual Total Time": 326.924,
                                    "Actual Rows": 1,
                                    "Actual Loops": 1
                                }
                            ],
                            "Plans": [
                                {
                                    "Node Type": "Index Scan",
                                    "Parent Relationship": "Outer",
                                    "Parallel Aware": true,
                                    "Scan Direction": "Forward",
                                    "Index Name": "role_id_cast_info",
                                    "Relation Name": "cast_info",
                                    "Schema": "public",
                                    "Alias": "ci",
                                    "Startup Cost": 0.56,
                                    "Total Cost": 200814.65,
                                    "Plan Rows": 848589,
                                    "Plan Width": 0,
                                    "Actual Startup Time": 0.166,
                                    "Actual Total Time": 274.184,
                                    "Actual Rows": 875982,
                                    "Actual Loops": 7,
                                    "Output": [
                                        "id",
                                        "person_id",
                                        "movie_id",
                                        "person_role_id",
                                        "note",
                                        "nr_order",
                                        "role_id"
                                    ],
                                    "Index Cond": "(ci.role_id = 2)",
                                    "Rows Removed by Index Recheck": 0,
                                    "Filter": "(ci.person_id < 2528434)",
                                    "Rows Removed by Filter": 188585,
                                    "Workers": [
                                        {
                                            "Worker Number": 0,
                                            "Actual Startup Time": 0.169,
                                            "Actual Total Time": 271.384,
                                            "Actual Rows": 750771,
                                            "Actual Loops": 1
                                        },
                                        {
                                            "Worker Number": 1,
                                            "Actual Startup Time": 0.35,
                                            "Actual Total Time": 271.643,
                                            "Actual Rows": 749996,
                                            "Actual Loops": 1
                                        },
                                        {
                                            "Worker Number": 2,
                                            "Actual Startup Time": 0.217,
                                            "Actual Total Time": 271.91,
                                            "Actual Rows": 757397,
                                            "Actual Loops": 1
                                        },
                                        {
                                            "Worker Number": 3,
                                            "Actual Startup Time": 0.129,
                                            "Actual Total Time": 272.151,
                                            "Actual Rows": 755471,
                                            "Actual Loops": 1
                                        },
                                        {
                                            "Worker Number": 4,
                                            "Actual Startup Time": 0.122,
                                            "Actual Total Time": 276.15,
                                            "Actual Rows": 1101566,
                                            "Actual Loops": 1
                                        },
                                        {
                                            "Worker Number": 5,
                                            "Actual Startup Time": 0.139,
                                            "Actual Total Time": 276.177,
                                            "Actual Rows": 1112177,
                                            "Actual Loops": 1
                                        }
                                    ]
                                }
                            ]
                        }
                    ]
                }
            ]
        },
        "Planning Time": 295.285,
        "Triggers": [],
        "Execution Time": 350.381
    }
]