[
  {
    "Plan": {
      "Node Type": "Aggregate",
      "Strategy": "Plain",
      "Partial Mode": "Finalize",
      "Parallel Aware": false,
      "Startup Cost": 33774.98,
      "Total Cost": 33774.99,
      "Plan Rows": 1,
      "Plan Width": 8,
      "Actual Startup Time": 117.755,
      "Actual Total Time": 125.03,
      "Actual Rows": 1,
      "Actual Loops": 1,
      "Plans": [
        {
          "Node Type": "Gather",
          "Parent Relationship": "Outer",
          "Parallel Aware": false,
          "Startup Cost": 33774.66,
          "Total Cost": 33774.97,
          "Plan Rows": 3,
          "Plan Width": 8,
          "Actual Startup Time": 117.536,
          "Actual Total Time": 125.021,
          "Actual Rows": 4,
          "Actual Loops": 1,
          "Workers Planned": 3,
          "Workers Launched": 3,
          "Single Copy": false,
          "Plans": [
            {
              "Node Type": "Aggregate",
              "Strategy": "Plain",
              "Partial Mode": "Partial",
              "Parent Relationship": "Outer",
              "Parallel Aware": false,
              "Startup Cost": 32774.66,
              "Total Cost": 32774.67,
              "Plan Rows": 1,
              "Plan Width": 8,
              "Actual Startup Time": 108.289,
              "Actual Total Time": 108.291,
              "Actual Rows": 1,
              "Actual Loops": 4,
              "Plans": [
                {
                  "Node Type": "Bitmap Heap Scan",
                  "Parent Relationship": "Outer",
                  "Parallel Aware": true,
                  "Relation Name": "movie_keyword",
                  "Alias": "mk",
                  "Startup Cost": 6775.41,
                  "Total Cost": 32517.12,
                  "Plan Rows": 103017,
                  "Plan Width": 0,
                  "Actual Startup Time": 37.174,
                  "Actual Total Time": 102.564,
                  "Actual Rows": 79784,
                  "Actual Loops": 4,
                  "Recheck Cond": "(keyword_id > 51139)",
                  "Rows Removed by Index Recheck": 0,
                  "Exact Heap Blocks": 8492,
                  "Lossy Heap Blocks": 0,
                  "Plans": [
                    {
                      "Node Type": "Bitmap Index Scan",
                      "Parent Relationship": "Outer",
                      "Parallel Aware": false,
                      "Index Name": "keyword_id_movie_keyword",
                      "Startup Cost": 0.0,
                      "Total Cost": 6695.57,
                      "Plan Rows": 319352,
                      "Plan Width": 0,
                      "Actual Startup Time": 40.366,
                      "Actual Total Time": 40.366,
                      "Actual Rows": 319135,
                      "Actual Loops": 1,
                      "Index Cond": "(keyword_id > 51139)"
                    }
                  ]
                }
              ]
            }
          ]
        }
      ]
    },
    "Planning Time": 0.198,
    "Triggers": [],
    "Execution Time": 125.113
  }
]