[
  {
    "Plan": {
      "Node Type": "Aggregate",
      "Strategy": "Plain",
      "Partial Mode": "Finalize",
      "Parallel Aware": false,
      "Startup Cost": 33974.96,
      "Total Cost": 33974.97,
      "Plan Rows": 1,
      "Plan Width": 8,
      "Actual Startup Time": 112.087,
      "Actual Total Time": 119.425,
      "Actual Rows": 1,
      "Actual Loops": 1,
      "Plans": [
        {
          "Node Type": "Gather",
          "Parent Relationship": "Outer",
          "Parallel Aware": false,
          "Startup Cost": 33974.64,
          "Total Cost": 33974.95,
          "Plan Rows": 3,
          "Plan Width": 8,
          "Actual Startup Time": 111.795,
          "Actual Total Time": 119.417,
          "Actual Rows": 4,
          "Actual Loops": 1,
          "Workers Planned": 3,
          "Workers Launched": 3,
          "Single Copy": false,
          "Plans": [
            {
              "Node Type": "Aggregate",
              "Strategy": "Plain",
              "Partial Mode": "Partial",
              "Parent Relationship": "Outer",
              "Parallel Aware": false,
              "Startup Cost": 32974.64,
              "Total Cost": 32974.65,
              "Plan Rows": 1,
              "Plan Width": 8,
              "Actual Startup Time": 104.117,
              "Actual Total Time": 104.119,
              "Actual Rows": 1,
              "Actual Loops": 4,
              "Plans": [
                {
                  "Node Type": "Bitmap Heap Scan",
                  "Parent Relationship": "Outer",
                  "Parallel Aware": true,
                  "Relation Name": "movie_keyword",
                  "Alias": "mk",
                  "Startup Cost": 6938.5,
                  "Total Cost": 32710.95,
                  "Plan Rows": 105476,
                  "Plan Width": 0,
                  "Actual Startup Time": 39.106,
                  "Actual Total Time": 99.328,
                  "Actual Rows": 79784,
                  "Actual Loops": 4,
                  "Recheck Cond": "(keyword_id > 51139)",
                  "Rows Removed by Index Recheck": 0,
                  "Exact Heap Blocks": 11094,
                  "Lossy Heap Blocks": 0,
                  "Plans": [
                    {
                      "Node Type": "Bitmap Index Scan",
                      "Parent Relationship": "Outer",
                      "Parallel Aware": false,
                      "Index Name": "keyword_id_movie_keyword",
                      "Startup Cost": 0.0,
                      "Total Cost": 6856.75,
                      "Plan Rows": 326976,
                      "Plan Width": 0,
                      "Actual Startup Time": 42.717,
                      "Actual Total Time": 42.717,
                      "Actual Rows": 319135,
                      "Actual Loops": 1,
                      "Index Cond": "(keyword_id > 51139)"
                    }
                  ]
                }
              ]
            }
          ]
        }
      ]
    },
    "Planning Time": 0.182,
    "Triggers": [],
    "Execution Time": 119.5
  }
]