[
  {
    "Plan": {
      "Node Type": "Aggregate",
      "Strategy": "Plain",
      "Partial Mode": "Finalize",
      "Parallel Aware": false,
      "Startup Cost": 46218.67,
      "Total Cost": 46218.68,
      "Plan Rows": 1,
      "Plan Width": 8,
      "Actual Startup Time": 149.296,
      "Actual Total Time": 157.631,
      "Actual Rows": 1,
      "Actual Loops": 1,
      "Plans": [
        {
          "Node Type": "Gather",
          "Parent Relationship": "Outer",
          "Parallel Aware": false,
          "Startup Cost": 46218.35,
          "Total Cost": 46218.66,
          "Plan Rows": 3,
          "Plan Width": 8,
          "Actual Startup Time": 148.294,
          "Actual Total Time": 157.622,
          "Actual Rows": 4,
          "Actual Loops": 1,
          "Workers Planned": 3,
          "Workers Launched": 3,
          "Single Copy": false,
          "Plans": [
            {
              "Node Type": "Aggregate",
              "Strategy": "Plain",
              "Partial Mode": "Partial",
              "Parent Relationship": "Outer",
              "Parallel Aware": false,
              "Startup Cost": 45218.35,
              "Total Cost": 45218.36,
              "Plan Rows": 1,
              "Plan Width": 8,
              "Actual Startup Time": 142.87,
              "Actual Total Time": 142.871,
              "Actual Rows": 1,
              "Actual Loops": 4,
              "Plans": [
                {
                  "Node Type": "Seq Scan",
                  "Parent Relationship": "Outer",
                  "Parallel Aware": true,
                  "Relation Name": "movie_keyword",
                  "Alias": "mk",
                  "Startup Cost": 0.0,
                  "Total Cost": 42695.65,
                  "Plan Rows": 1009080,
                  "Plan Width": 0,
                  "Actual Startup Time": 0.106,
                  "Actual Total Time": 110.199,
                  "Actual Rows": 781382,
                  "Actual Loops": 4,
                  "Filter": "(keyword_id > 1888)",
                  "Rows Removed by Filter": 349600
                }
              ]
            }
          ]
        }
      ]
    },
    "Planning Time": 0.187,
    "Triggers": [],
    "Execution Time": 157.693
  }
]