{
  "Plan": {
    "Node Type": "Aggregate",
    "Strategy": "Plain",
    "Partial Mode": "Finalize",
    "Parallel Aware": false,
    "Startup Cost": 44603.87,
    "Total Cost": 44603.88,
    "Plan Rows": 1,
    "Plan Width": 8,
    "Actual Startup Time": 39.344,
    "Actual Total Time": 44.225,
    "Actual Rows": 1,
    "Actual Loops": 1,
    "Plans": [
      {
        "Node Type": "Gather",
        "Parent Relationship": "Outer",
        "Parallel Aware": false,
        "Startup Cost": 44603.76,
        "Total Cost": 44603.87,
        "Plan Rows": 1,
        "Plan Width": 8,
        "Actual Startup Time": 39.234,
        "Actual Total Time": 44.218,
        "Actual Rows": 2,
        "Actual Loops": 1,
        "Workers Planned": 1,
        "Workers Launched": 1,
        "Single Copy": false,
        "Plans": [
          {
            "Node Type": "Aggregate",
            "Strategy": "Plain",
            "Partial Mode": "Partial",
            "Parent Relationship": "Outer",
            "Parallel Aware": false,
            "Startup Cost": 43603.76,
            "Total Cost": 43603.77,
            "Plan Rows": 1,
            "Plan Width": 8,
            "Actual Startup Time": 33.223,
            "Actual Total Time": 33.224,
            "Actual Rows": 1,
            "Actual Loops": 2,
            "Plans": [
              {
                "Node Type": "Nested Loop",
                "Parent Relationship": "Outer",
                "Parallel Aware": false,
                "Join Type": "Inner",
                "Startup Cost": 160.81,
                "Total Cost": 43597.94,
                "Plan Rows": 2330,
                "Plan Width": 0,
                "Actual Startup Time": 2.78,
                "Actual Total Time": 32.942,
                "Actual Rows": 1513,
                "Actual Loops": 2,
                "Inner Unique": true,
                "Plans": [
                  {
                    "Node Type": "Bitmap Heap Scan",
                    "Parent Relationship": "Outer",
                    "Parallel Aware": true,
                    "Relation Name": "movie_companies",
                    "Alias": "mc",
                    "Startup Cost": 160.38,
                    "Total Cost": 14123.23,
                    "Plan Rows": 4246,
                    "Plan Width": 4,
                    "Actual Startup Time": 1.627,
                    "Actual Total Time": 4.513,
                    "Actual Rows": 4118,
                    "Actual Loops": 2,
                    "Recheck Cond": "(company_id = 424)",
                    "Rows Removed by Index Recheck": 0,
                    "Exact Heap Blocks": 861,
                    "Lossy Heap Blocks": 0,
                    "Plans": [
                      {
                        "Node Type": "Bitmap Index Scan",
                        "Parent Relationship": "Outer",
                        "Parallel Aware": false,
                        "Index Name": "company_id_movie_companies",
                        "Startup Cost": 0.0,
                        "Total Cost": 158.57,
                        "Plan Rows": 7219,
                        "Plan Width": 0,
                        "Actual Startup Time": 2.664,
                        "Actual Total Time": 2.665,
                        "Actual Rows": 8235,
                        "Actual Loops": 1,
                        "Index Cond": "(company_id = 424)"
                      }
                    ]
                  },
                  {
                    "Node Type": "Index Scan",
                    "Parent Relationship": "Inner",
                    "Parallel Aware": false,
                    "Scan Direction": "Forward",
                    "Index Name": "title_pkey",
                    "Relation Name": "title",
                    "Alias": "t",
                    "Startup Cost": 0.43,
                    "Total Cost": 6.94,
                    "Plan Rows": 1,
                    "Plan Width": 4,
                    "Actual Startup Time": 0.006,
                    "Actual Total Time": 0.006,
                    "Actual Rows": 0,
                    "Actual Loops": 8235,
                    "Index Cond": "(id = mc.movie_id)",
                    "Rows Removed by Index Recheck": 0,
                    "Filter": "(production_year > 2000)",
                    "Rows Removed by Filter": 1
                  }
                ]
              }
            ]
          }
        ]
      }
    ]
  },
  "Planning Time": 0.657,
  "Triggers": [],
  "Execution Time": 44.31
}