[
  {
    "Plan": {
      "Node Type": "Aggregate",
      "Strategy": "Plain",
      "Partial Mode": "Simple",
      "Parallel Aware": false,
      "Startup Cost": 26579.13,
      "Total Cost": 26579.14,
      "Plan Rows": 1,
      "Plan Width": 8,
      "Actual Startup Time": 41.173,
      "Actual Total Time": 41.174,
      "Actual Rows": 1,
      "Actual Loops": 1,
      "Plans": [
        {
          "Node Type": "Bitmap Heap Scan",
          "Parent Relationship": "Outer",
          "Parallel Aware": false,
          "Relation Name": "movie_keyword",
          "Alias": "mk",
          "Startup Cost": 1246.43,
          "Total Cost": 26432.68,
          "Plan Rows": 58580,
          "Plan Width": 0,
          "Actual Startup Time": 10.009,
          "Actual Total Time": 38.04,
          "Actual Rows": 54826,
          "Actual Loops": 1,
          "Recheck Cond": "(keyword_id < 55)",
          "Rows Removed by Index Recheck": 0,
          "Exact Heap Blocks": 16134,
          "Lossy Heap Blocks": 0,
          "Plans": [
            {
              "Node Type": "Bitmap Index Scan",
              "Parent Relationship": "Outer",
              "Parallel Aware": false,
              "Index Name": "keyword_id_movie_keyword",
              "Startup Cost": 0.0,
              "Total Cost": 1231.78,
              "Plan Rows": 58580,
              "Plan Width": 0,
              "Actual Startup Time": 5.97,
              "Actual Total Time": 5.97,
              "Actual Rows": 54826,
              "Actual Loops": 1,
              "Index Cond": "(keyword_id < 55)"
            }
          ]
        }
      ]
    },
    "Planning Time": 0.15,
    "Triggers": [],
    "Execution Time": 41.207
  }
]