[
  {
    "Plan": {
      "Node Type": "Aggregate",
      "Strategy": "Plain",
      "Partial Mode": "Finalize",
      "Parallel Aware": false,
      "Startup Cost": 82901.37,
      "Total Cost": 82901.38,
      "Plan Rows": 1,
      "Plan Width": 8,
      "Actual Startup Time": 589.982,
      "Actual Total Time": 605.23,
      "Actual Rows": 1,
      "Actual Loops": 1,
      "Plans": [
        {
          "Node Type": "Gather",
          "Parent Relationship": "Outer",
          "Parallel Aware": false,
          "Startup Cost": 82901.05,
          "Total Cost": 82901.36,
          "Plan Rows": 3,
          "Plan Width": 8,
          "Actual Startup Time": 582.019,
          "Actual Total Time": 605.223,
          "Actual Rows": 4,
          "Actual Loops": 1,
          "Workers Planned": 3,
          "Workers Launched": 3,
          "Single Copy": false,
          "Plans": [
            {
              "Node Type": "Aggregate",
              "Strategy": "Plain",
              "Partial Mode": "Partial",
              "Parent Relationship": "Outer",
              "Parallel Aware": false,
              "Startup Cost": 81901.05,
              "Total Cost": 81901.06,
              "Plan Rows": 1,
              "Plan Width": 8,
              "Actual Startup Time": 568.414,
              "Actual Total Time": 568.417,
              "Actual Rows": 1,
              "Actual Loops": 4,
              "Plans": [
                {
                  "Node Type": "Hash Join",
                  "Parent Relationship": "Outer",
                  "Parallel Aware": true,
                  "Join Type": "Inner",
                  "Startup Cost": 50286.98,
                  "Total Cost": 80898.99,
                  "Plan Rows": 400822,
                  "Plan Width": 0,
                  "Actual Startup Time": 338.977,
                  "Actual Total Time": 555.189,
                  "Actual Rows": 263018,
                  "Actual Loops": 4,
                  "Inner Unique": true,
                  "Hash Cond": "(mc.movie_id = t.id)",
                  "Plans": [
                    {
                      "Node Type": "Seq Scan",
                      "Parent Relationship": "Outer",
                      "Parallel Aware": true,
                      "Relation Name": "movie_companies",
                      "Alias": "mc",
                      "Startup Cost": 0.0,
                      "Total Cost": 29310.68,
                      "Plan Rows": 495746,
                      "Plan Width": 4,
                      "Actual Startup Time": 3.908,
                      "Actual Total Time": 77.31,
                      "Actual Rows": 384601,
                      "Actual Loops": 4,
                      "Filter": "(company_id > 6626)",
                      "Rows Removed by Filter": 267681
                    },
                    {
                      "Node Type": "Hash",
                      "Parent Relationship": "Inner",
                      "Parallel Aware": true,
                      "Startup Cost": 43898.92,
                      "Total Cost": 43898.92,
                      "Plan Rows": 511045,
                      "Plan Width": 4,
                      "Actual Startup Time": 327.09,
                      "Actual Total Time": 327.091,
                      "Actual Rows": 508110,
                      "Actual Loops": 4,
                      "Hash Buckets": 2097152,
                      "Original Hash Buckets": 2097152,
                      "Hash Batches": 1,
                      "Original Hash Batches": 1,
                      "Peak Memory Usage": 95968,
                      "Plans": [
                        {
                          "Node Type": "Seq Scan",
                          "Parent Relationship": "Outer",
                          "Parallel Aware": true,
                          "Relation Name": "title",
                          "Alias": "t",
                          "Startup Cost": 0.0,
                          "Total Cost": 43898.92,
                          "Plan Rows": 511045,
                          "Plan Width": 4,
                          "Actual Startup Time": 0.036,
                          "Actual Total Time": 126.496,
                          "Actual Rows": 508110,
                          "Actual Loops": 4,
                          "Filter": "(production_year > 1973)",
                          "Rows Removed by Filter": 123968
                        }
                      ]
                    }
                  ]
                }
              ]
            }
          ]
        }
      ]
    },
    "Planning Time": 0.669,
    "Triggers": [],
    "Execution Time": 605.307
  }
]