{
    "Plan": {
        "Node Type": "Aggregate",
        "Strategy": "Plain",
        "Partial Mode": "Simple",
        "Parallel Aware": false,
        "Startup Cost": 60001451606.24,
        "Total Cost": 60001451606.25,
        "Plan Rows": 1,
        "Plan Width": 128,
        "Actual Startup Time": 11893.497,
        "Actual Total Time": 11893.711,
        "Actual Rows": 1,
        "Actual Loops": 1,
        "Output": [
            "min(mi.info)",
            "min(mi_idx.info)",
            "min(n.name)",
            "min(t.title)"
        ],
        "Plans": [
            {
                "Node Type": "Nested Loop",
                "Parent Relationship": "Outer",
                "Parallel Aware": false,
                "Join Type": "Inner",
                "Startup Cost": 60001445523.88,
                "Total Cost": 60001451606.23,
                "Plan Rows": 1,
                "Plan Width": 80,
                "Actual Startup Time": 11772.319,
                "Actual Total Time": 11893.69,
                "Actual Rows": 2,
                "Actual Loops": 1,
                "Output": [
                    "mi.info",
                    "mi_idx.info",
                    "n.name",
                    "t.title"
                ],
                "Inner Unique": true,
                "Plans": [
                    {
                        "Node Type": "Nested Loop",
                        "Parent Relationship": "Outer",
                        "Parallel Aware": false,
                        "Join Type": "Inner",
                        "Startup Cost": 50001445523.39,
                        "Total Cost": 50001451601.73,
                        "Plan Rows": 1,
                        "Plan Width": 69,
                        "Actual Startup Time": 11772.041,
                        "Actual Total Time": 11893.33,
                        "Actual Rows": 29,
                        "Actual Loops": 1,
                        "Output": [
                            "ci.person_id",
                            "mi.info",
                            "mi_idx.info",
                            "t.title"
                        ],
                        "Inner Unique": true,
                        "Plans": [
                            {
                                "Node Type": "Nested Loop",
                                "Parent Relationship": "Outer",
                                "Parallel Aware": false,
                                "Join Type": "Inner",
                                "Startup Cost": 40001445523.24,
                                "Total Cost": 40001451593.55,
                                "Plan Rows": 1,
                                "Plan Width": 73,
                                "Actual Startup Time": 11772.028,
                                "Actual Total Time": 11893.19,
                                "Actual Rows": 29,
                                "Actual Loops": 1,
                                "Output": [
                                    "ci.person_id",
                                    "mi.info",
                                    "mi.info_type_id",
                                    "mi_idx.info",
                                    "t.title"
                                ],
                                "Inner Unique": false,
                                "Join Filter": "(t.id = mi.movie_id)",
                                "Rows Removed by Join Filter": 0,
                                "Plans": [
                                    {
                                        "Node Type": "Merge Join",
                                        "Parent Relationship": "Outer",
                                        "Parallel Aware": false,
                                        "Join Type": "Inner",
                                        "Startup Cost": 30001445522.46,
                                        "Total Cost": 30001451588.18,
                                        "Plan Rows": 1,
                                        "Plan Width": 42,
                                        "Actual Startup Time": 11771.962,
                                        "Actual Total Time": 11892.831,
                                        "Actual Rows": 29,
                                        "Actual Loops": 1,
                                        "Output": [
                                            "ci.movie_id",
                                            "ci.person_id",
                                            "mi_idx.info",
                                            "mi_idx.movie_id",
                                            "mk.movie_id",
                                            "t.title",
                                            "t.id"
                                        ],
                                        "Inner Unique": false,
                                        "Merge Cond": "(ci.movie_id = t.id)",
                                        "Plans": [
                                            {
                                                "Node Type": "Sort",
                                                "Parent Relationship": "Outer",
                                                "Parallel Aware": false,
                                                "Startup Cost": 10000964397.31,
                                                "Total Cost": 10000967430.46,
                                                "Plan Rows": 1213260,
                                                "Plan Width": 8,
                                                "Actual Startup Time": 4266.458,
                                                "Actual Total Time": 4330.959,
                                                "Actual Rows": 986674,
                                                "Actual Loops": 1,
                                                "Output": [
                                                    "ci.movie_id",
                                                    "ci.person_id"
                                                ],
                                                "Sort Key": [
                                                    "ci.movie_id"
                                                ],
                                                "Sort Method": "quicksort",
                                                "Sort Space Used": 107499,
                                                "Sort Space Type": "Memory",
                                                "Plans": [
                                                    {
                                                        "Node Type": "Seq Scan",
                                                        "Parent Relationship": "Outer",
                                                        "Parallel Aware": false,
                                                        "Relation Name": "cast_info",
                                                        "Schema": "public",
                                                        "Alias": "ci",
                                                        "Startup Cost": 10000000000.0,
                                                        "Total Cost": 10000841794.61,
                                                        "Plan Rows": 1213260,
                                                        "Plan Width": 8,
                                                        "Actual Startup Time": 130.907,
                                                        "Actual Total Time": 4001.353,
                                                        "Actual Rows": 1244716,
                                                        "Actual Loops": 1,
                                                        "Output": [
                                                            "ci.movie_id",
                                                            "ci.person_id"
                                                        ],
                                                        "Filter": "(ci.note = ANY ('{(writer),\"(head writer)\",\"(written by)\",(story),\"(story editor)\"}'::text[]))",
                                                        "Rows Removed by Filter": 34999628
                                                    }
                                                ]
                                            },
                                            {
                                                "Node Type": "Sort",
                                                "Parent Relationship": "Inner",
                                                "Parallel Aware": false,
                                                "Startup Cost": 20000481124.55,
                                                "Total Cost": 20000481124.56,
                                                "Plan Rows": 1,
                                                "Plan Width": 34,
                                                "Actual Startup Time": 7505.212,
                                                "Actual Total Time": 7505.425,
                                                "Actual Rows": 34,
                                                "Actual Loops": 1,
                                                "Output": [
                                                    "mi_idx.info",
                                                    "mi_idx.movie_id",
                                                    "mk.movie_id",
                                                    "t.title",
                                                    "t.id"
                                                ],
                                                "Sort Key": [
                                                    "mi_idx.movie_id"
                                                ],
                                                "Sort Method": "quicksort",
                                                "Sort Space Used": 25,
                                                "Sort Space Type": "Memory",
                                                "Plans": [
                                                    {
                                                        "Node Type": "Gather",
                                                        "Parent Relationship": "Outer",
                                                        "Parallel Aware": false,
                                                        "Startup Cost": 20000167966.07,
                                                        "Total Cost": 20000481124.54,
                                                        "Plan Rows": 1,
                                                        "Plan Width": 34,
                                                        "Actual Startup Time": 1394.676,
                                                        "Actual Total Time": 7505.386,
                                                        "Actual Rows": 6,
                                                        "Actual Loops": 1,
                                                        "Output": [
                                                            "mi_idx.info",
                                                            "mi_idx.movie_id",
                                                            "mk.movie_id",
                                                            "t.title",
                                                            "t.id"
                                                        ],
                                                        "Workers Planned": 3,
                                                        "Workers Launched": 3,
                                                        "Single Copy": false,
                                                        "Plans": [
                                                            {
                                                                "Node Type": "Hash Join",
                                                                "Parent Relationship": "Outer",
                                                                "Parallel Aware": true,
                                                                "Join Type": "Inner",
                                                                "Startup Cost": 20000166966.07,
                                                                "Total Cost": 20000480124.44,
                                                                "Plan Rows": 1,
                                                                "Plan Width": 34,
                                                                "Actual Startup Time": 4523.84,
                                                                "Actual Total Time": 7489.717,
                                                                "Actual Rows": 2,
                                                                "Actual Loops": 4,
                                                                "Output": [
                                                                    "mi_idx.info",
                                                                    "mi_idx.movie_id",
                                                                    "mk.movie_id",
                                                                    "t.title",
                                                                    "t.id"
                                                                ],
                                                                "Inner Unique": true,
                                                                "Hash Cond": "(mi_idx.movie_id = t.id)",
                                                                "Workers": [
                                                                    {
                                                                        "Worker Number": 0,
                                                                        "Actual Startup Time": 7484.696,
                                                                        "Actual Total Time": 7484.702,
                                                                        "Actual Rows": 0,
                                                                        "Actual Loops": 1
                                                                    },
                                                                    {
                                                                        "Worker Number": 1,
                                                                        "Actual Startup Time": 7485.955,
                                                                        "Actual Total Time": 7485.961,
                                                                        "Actual Rows": 0,
                                                                        "Actual Loops": 1
                                                                    },
                                                                    {
                                                                        "Worker Number": 2,
                                                                        "Actual Startup Time": 1730.541,
                                                                        "Actual Total Time": 7490.004,
                                                                        "Actual Rows": 5,
                                                                        "Actual Loops": 1
                                                                    }
                                                                ],
                                                                "Plans": [
                                                                    {
                                                                        "Node Type": "Nested Loop",
                                                                        "Parent Relationship": "Outer",
                                                                        "Parallel Aware": false,
                                                                        "Join Type": "Inner",
                                                                        "Startup Cost": 20000072425.53,
                                                                        "Total Cost": 20000385583.9,
                                                                        "Plan Rows": 1,
                                                                        "Plan Width": 13,
                                                                        "Actual Startup Time": 1132.021,
                                                                        "Actual Total Time": 6982.345,
                                                                        "Actual Rows": 2089,
                                                                        "Actual Loops": 4,
                                                                        "Output": [
                                                                            "mi_idx.info",
                                                                            "mi_idx.movie_id",
                                                                            "mk.movie_id"
                                                                        ],
                                                                        "Inner Unique": true,
                                                                        "Workers": [
                                                                            {
                                                                                "Worker Number": 0,
                                                                                "Actual Startup Time": 1239.921,
                                                                                "Actual Total Time": 6981.998,
                                                                                "Actual Rows": 1633,
                                                                                "Actual Loops": 1
                                                                            },
                                                                            {
                                                                                "Worker Number": 1,
                                                                                "Actual Startup Time": 1185.147,
                                                                                "Actual Total Time": 6982.694,
                                                                                "Actual Rows": 2367,
                                                                                "Actual Loops": 1
                                                                            },
                                                                            {
                                                                                "Worker Number": 2,
                                                                                "Actual Startup Time": 1223.64,
                                                                                "Actual Total Time": 6982.196,
                                                                                "Actual Rows": 2260,
                                                                                "Actual Loops": 1
                                                                            }
                                                                        ],
                                                                        "Plans": [
                                                                            {
                                                                                "Node Type": "Merge Join",
                                                                                "Parent Relationship": "Outer",
                                                                                "Parallel Aware": false,
                                                                                "Join Type": "Inner",
                                                                                "Startup Cost": 10000072425.1,
                                                                                "Total Cost": 10000223117.88,
                                                                                "Plan Rows": 36534,
                                                                                "Plan Width": 17,
                                                                                "Actual Startup Time": 1122.931,
                                                                                "Actual Total Time": 2000.891,
                                                                                "Actual Rows": 865448,
                                                                                "Actual Loops": 4,
                                                                                "Output": [
                                                                                    "mi_idx.info",
                                                                                    "mi_idx.movie_id",
                                                                                    "mk.movie_id",
                                                                                    "mk.keyword_id"
                                                                                ],
                                                                                "Inner Unique": false,
                                                                                "Merge Cond": "(mk.movie_id = mi_idx.movie_id)",
                                                                                "Workers": [
                                                                                    {
                                                                                        "Worker Number": 0,
                                                                                        "Actual Startup Time": 1230.897,
                                                                                        "Actual Total Time": 2127.426,
                                                                                        "Actual Rows": 661719,
                                                                                        "Actual Loops": 1
                                                                                    },
                                                                                    {
                                                                                        "Worker Number": 1,
                                                                                        "Actual Startup Time": 1161.96,
                                                                                        "Actual Total Time": 2045.388,
                                                                                        "Actual Rows": 967879,
                                                                                        "Actual Loops": 1
                                                                                    },
                                                                                    {
                                                                                        "Worker Number": 2,
                                                                                        "Actual Startup Time": 1221.59,
                                                                                        "Actual Total Time": 2069.531,
                                                                                        "Actual Rows": 953044,
                                                                                        "Actual Loops": 1
                                                                                    }
                                                                                ],
                                                                                "Plans": [
                                                                                    {
                                                                                        "Node Type": "Index Scan",
                                                                                        "Parent Relationship": "Outer",
                                                                                        "Parallel Aware": true,
                                                                                        "Scan Direction": "Forward",
                                                                                        "Index Name": "movie_id_movie_keyword",
                                                                                        "Relation Name": "movie_keyword",
                                                                                        "Schema": "public",
                                                                                        "Alias": "mk",
                                                                                        "Startup Cost": 10000000000.43,
                                                                                        "Total Cost": 10000146531.48,
                                                                                        "Plan Rows": 1459332,
                                                                                        "Plan Width": 8,
                                                                                        "Actual Startup Time": 0.121,
                                                                                        "Actual Total Time": 362.851,
                                                                                        "Actual Rows": 1130981,
                                                                                        "Actual Loops": 4,
                                                                                        "Output": [
                                                                                            "mk.id",
                                                                                            "mk.movie_id",
                                                                                            "mk.keyword_id"
                                                                                        ],
                                                                                        "Workers": [
                                                                                            {
                                                                                                "Worker Number": 0,
                                                                                                "Actual Startup Time": 0.112,
                                                                                                "Actual Total Time": 387.957,
                                                                                                "Actual Rows": 860784,
                                                                                                "Actual Loops": 1
                                                                                            },
                                                                                            {
                                                                                                "Worker Number": 1,
                                                                                                "Actual Startup Time": 0.067,
                                                                                                "Actual Total Time": 374.996,
                                                                                                "Actual Rows": 1282032,
                                                                                                "Actual Loops": 1
                                                                                            },
                                                                                            {
                                                                                                "Worker Number": 2,
                                                                                                "Actual Startup Time": 0.261,
                                                                                                "Actual Total Time": 346.239,
                                                                                                "Actual Rows": 1245243,
                                                                                                "Actual Loops": 1
                                                                                            }
                                                                                        ]
                                                                                    },
                                                                                    {
                                                                                        "Node Type": "Sort",
                                                                                        "Parent Relationship": "Inner",
                                                                                        "Parallel Aware": false,
                                                                                        "Startup Cost": 72424.65,
                                                                                        "Total Cost": 72455.18,
                                                                                        "Plan Rows": 12213,
                                                                                        "Plan Width": 9,
                                                                                        "Actual Startup Time": 1122.762,
                                                                                        "Actual Total Time": 1296.957,
                                                                                        "Actual Rows": 1266382,
                                                                                        "Actual Loops": 4,
                                                                                        "Output": [
                                                                                            "mi_idx.info",
                                                                                            "mi_idx.movie_id"
                                                                                        ],
                                                                                        "Sort Key": [
                                                                                            "mi_idx.movie_id"
                                                                                        ],
                                                                                        "Sort Method": "quicksort",
                                                                                        "Sort Space Used": 33847,
                                                                                        "Sort Space Type": "Memory",
                                                                                        "Workers": [
                                                                                            {
                                                                                                "Worker Number": 0,
                                                                                                "Actual Startup Time": 1230.771,
                                                                                                "Actual Total Time": 1401.447,
                                                                                                "Actual Rows": 1076158,
                                                                                                "Actual Loops": 1
                                                                                            },
                                                                                            {
                                                                                                "Worker Number": 1,
                                                                                                "Actual Startup Time": 1161.808,
                                                                                                "Actual Total Time": 1332.804,
                                                                                                "Actual Rows": 1360954,
                                                                                                "Actual Loops": 1
                                                                                            },
                                                                                            {
                                                                                                "Worker Number": 2,
                                                                                                "Actual Startup Time": 1221.28,
                                                                                                "Actual Total Time": 1393.675,
                                                                                                "Actual Rows": 1348947,
                                                                                                "Actual Loops": 1
                                                                                            }
                                                                                        ],
                                                                                        "Plans": [
                                                                                            {
                                                                                                "Node Type": "Hash Join",
                                                                                                "Parent Relationship": "Outer",
                                                                                                "Parallel Aware": false,
                                                                                                "Join Type": "Inner",
                                                                                                "Startup Cost": 70881.39,
                                                                                                "Total Cost": 71595.62,
                                                                                                "Plan Rows": 12213,
                                                                                                "Plan Width": 9,
                                                                                                "Actual Startup Time": 873.477,
                                                                                                "Actual Total Time": 937.453,
                                                                                                "Actual Rows": 459925,
                                                                                                "Actual Loops": 4,
                                                                                                "Output": [
                                                                                                    "mi_idx.info",
                                                                                                    "mi_idx.movie_id"
                                                                                                ],
                                                                                                "Inner Unique": false,
                                                                                                "Hash Cond": "(it2.id = mi_idx.info_type_id)",
                                                                                                "Workers": [
                                                                                                    {
                                                                                                        "Worker Number": 0,
                                                                                                        "Actual Startup Time": 947.347,
                                                                                                        "Actual Total Time": 1014.055,
                                                                                                        "Actual Rows": 459925,
                                                                                                        "Actual Loops": 1
                                                                                                    },
                                                                                                    {
                                                                                                        "Worker Number": 1,
                                                                                                        "Actual Startup Time": 927.81,
                                                                                                        "Actual Total Time": 985.465,
                                                                                                        "Actual Rows": 459925,
                                                                                                        "Actual Loops": 1
                                                                                                    },
                                                                                                    {
                                                                                                        "Worker Number": 2,
                                                                                                        "Actual Startup Time": 942.304,
                                                                                                        "Actual Total Time": 1008.924,
                                                                                                        "Actual Rows": 459925,
                                                                                                        "Actual Loops": 1
                                                                                                    }
                                                                                                ],
                                                                                                "Plans": [
                                                                                                    {
                                                                                                        "Node Type": "Index Scan",
                                                                                                        "Parent Relationship": "Outer",
                                                                                                        "Parallel Aware": false,
                                                                                                        "Scan Direction": "Forward",
                                                                                                        "Index Name": "info_type_pkey",
                                                                                                        "Relation Name": "info_type",
                                                                                                        "Schema": "public",
                                                                                                        "Alias": "it2",
                                                                                                        "Startup Cost": 0.14,
                                                                                                        "Total Cost": 14.12,
                                                                                                        "Plan Rows": 1,
                                                                                                        "Plan Width": 4,
                                                                                                        "Actual Startup Time": 0.057,
                                                                                                        "Actual Total Time": 0.073,
                                                                                                        "Actual Rows": 1,
                                                                                                        "Actual Loops": 4,
                                                                                                        "Output": [
                                                                                                            "it2.id",
                                                                                                            "it2.info"
                                                                                                        ],
                                                                                                        "Filter": "((it2.info)::text = 'votes'::text)",
                                                                                                        "Rows Removed by Filter": 112,
                                                                                                        "Workers": [
                                                                                                            {
                                                                                                                "Worker Number": 0,
                                                                                                                "Actual Startup Time": 0.071,
                                                                                                                "Actual Total Time": 0.089,
                                                                                                                "Actual Rows": 1,
                                                                                                                "Actual Loops": 1
                                                                                                            },
                                                                                                            {
                                                                                                                "Worker Number": 1,
                                                                                                                "Actual Startup Time": 0.061,
                                                                                                                "Actual Total Time": 0.073,
                                                                                                                "Actual Rows": 1,
                                                                                                                "Actual Loops": 1
                                                                                                            },
                                                                                                            {
                                                                                                                "Worker Number": 2,
                                                                                                                "Actual Startup Time": 0.06,
                                                                                                                "Actual Total Time": 0.072,
                                                                                                                "Actual Rows": 1,
                                                                                                                "Actual Loops": 1
                                                                                                            }
                                                                                                        ]
                                                                                                    },
                                                                                                    {
                                                                                                        "Node Type": "Hash",
                                                                                                        "Parent Relationship": "Inner",
                                                                                                        "Parallel Aware": false,
                                                                                                        "Startup Cost": 53630.81,
                                                                                                        "Total Cost": 53630.81,
                                                                                                        "Plan Rows": 1380035,
                                                                                                        "Plan Width": 13,
                                                                                                        "Actual Startup Time": 848.228,
                                                                                                        "Actual Total Time": 848.229,
                                                                                                        "Actual Rows": 1380035,
                                                                                                        "Actual Loops": 4,
                                                                                                        "Output": [
                                                                                                            "mi_idx.info",
                                                                                                            "mi_idx.movie_id",
                                                                                                            "mi_idx.info_type_id"
                                                                                                        ],
                                                                                                        "Hash Buckets": 2097152,
                                                                                                        "Original Hash Buckets": 2097152,
                                                                                                        "Hash Batches": 1,
                                                                                                        "Original Hash Batches": 1,
                                                                                                        "Peak Memory Usage": 79357,
                                                                                                        "Workers": [
                                                                                                            {
                                                                                                                "Worker Number": 0,
                                                                                                                "Actual Startup Time": 914.104,
                                                                                                                "Actual Total Time": 914.106,
                                                                                                                "Actual Rows": 1380035,
                                                                                                                "Actual Loops": 1
                                                                                                            },
                                                                                                            {
                                                                                                                "Worker Number": 1,
                                                                                                                "Actual Startup Time": 896.003,
                                                                                                                "Actual Total Time": 896.004,
                                                                                                                "Actual Rows": 1380035,
                                                                                                                "Actual Loops": 1
                                                                                                            },
                                                                                                            {
                                                                                                                "Worker Number": 2,
                                                                                                                "Actual Startup Time": 908.587,
                                                                                                                "Actual Total Time": 908.588,
                                                                                                                "Actual Rows": 1380035,
                                                                                                                "Actual Loops": 1
                                                                                                            }
                                                                                                        ],
                                                                                                        "Plans": [
                                                                                                            {
                                                                                                                "Node Type": "Index Scan",
                                                                                                                "Parent Relationship": "Outer",
                                                                                                                "Parallel Aware": false,
                                                                                                                "Scan Direction": "Forward",
                                                                                                                "Index Name": "movie_id_movie_info_idx",
                                                                                                                "Relation Name": "movie_info_idx",
                                                                                                                "Schema": "public",
                                                                                                                "Alias": "mi_idx",
                                                                                                                "Startup Cost": 0.43,
                                                                                                                "Total Cost": 53630.81,
                                                                                                                "Plan Rows": 1380035,
                                                                                                                "Plan Width": 13,
                                                                                                                "Actual Startup Time": 0.099,
                                                                                                                "Actual Total Time": 402.908,
                                                                                                                "Actual Rows": 1380035,
                                                                                                                "Actual Loops": 4,
                                                                                                                "Output": [
                                                                                                                    "mi_idx.info",
                                                                                                                    "mi_idx.movie_id",
                                                                                                                    "mi_idx.info_type_id"
                                                                                                                ],
                                                                                                                "Workers": [
                                                                                                                    {
                                                                                                                        "Worker Number": 0,
                                                                                                                        "Actual Startup Time": 0.123,
                                                                                                                        "Actual Total Time": 406.876,
                                                                                                                        "Actual Rows": 1380035,
                                                                                                                        "Actual Loops": 1
                                                                                                                    },
                                                                                                                    {
                                                                                                                        "Worker Number": 1,
                                                                                                                        "Actual Startup Time": 0.12,
                                                                                                                        "Actual Total Time": 405.466,
                                                                                                                        "Actual Rows": 1380035,
                                                                                                                        "Actual Loops": 1
                                                                                                                    },
                                                                                                                    {
                                                                                                                        "Worker Number": 2,
                                                                                                                        "Actual Startup Time": 0.114,
                                                                                                                        "Actual Total Time": 416.139,
                                                                                                                        "Actual Rows": 1380035,
                                                                                                                        "Actual Loops": 1
                                                                                                                    }
                                                                                                                ]
                                                                                                            }
                                                                                                        ]
                                                                                                    }
                                                                                                ]
                                                                                            }
                                                                                        ]
                                                                                    }
                                                                                ]
                                                                            },
                                                                            {
                                                                                "Node Type": "Bitmap Heap Scan",
                                                                                "Parent Relationship": "Inner",
                                                                                "Parallel Aware": false,
                                                                                "Relation Name": "keyword",
                                                                                "Schema": "public",
                                                                                "Alias": "k",
                                                                                "Startup Cost": 0.43,
                                                                                "Total Cost": 4.45,
                                                                                "Plan Rows": 1,
                                                                                "Plan Width": 4,
                                                                                "Actual Startup Time": 0.004,
                                                                                "Actual Total Time": 0.004,
                                                                                "Actual Rows": 0,
                                                                                "Actual Loops": 3461792,
                                                                                "Output": [
                                                                                    "k.id",
                                                                                    "k.keyword",
                                                                                    "k.phonetic_code"
                                                                                ],
                                                                                "Recheck Cond": "(k.id = mk.keyword_id)",
                                                                                "Rows Removed by Index Recheck": 0,
                                                                                "Filter": "(k.keyword = ANY ('{laser,marvel-comics,gore,fight,count-down}'::text[]))",
                                                                                "Rows Removed by Filter": 1,
                                                                                "Exact Heap Blocks": 879150,
                                                                                "Lossy Heap Blocks": 0,
                                                                                "Workers": [
                                                                                    {
                                                                                        "Worker Number": 0,
                                                                                        "Actual Startup Time": 0.005,
                                                                                        "Actual Total Time": 0.005,
                                                                                        "Actual Rows": 0,
                                                                                        "Actual Loops": 661719
                                                                                    },
                                                                                    {
                                                                                        "Worker Number": 1,
                                                                                        "Actual Startup Time": 0.004,
                                                                                        "Actual Total Time": 0.004,
                                                                                        "Actual Rows": 0,
                                                                                        "Actual Loops": 967879
                                                                                    },
                                                                                    {
                                                                                        "Worker Number": 2,
                                                                                        "Actual Startup Time": 0.004,
                                                                                        "Actual Total Time": 0.004,
                                                                                        "Actual Rows": 0,
                                                                                        "Actual Loops": 953044
                                                                                    }
                                                                                ],
                                                                                "Plans": [
                                                                                    {
                                                                                        "Node Type": "Bitmap Index Scan",
                                                                                        "Parent Relationship": "Outer",
                                                                                        "Parallel Aware": false,
                                                                                        "Index Name": "keyword_pkey",
                                                                                        "Startup Cost": 0.0,
                                                                                        "Total Cost": 0.43,
                                                                                        "Plan Rows": 1,
                                                                                        "Plan Width": 0,
                                                                                        "Actual Startup Time": 0.003,
                                                                                        "Actual Total Time": 0.003,
                                                                                        "Actual Rows": 1,
                                                                                        "Actual Loops": 3461792,
                                                                                        "Index Cond": "(k.id = mk.keyword_id)",
                                                                                        "Workers": [
                                                                                            {
                                                                                                "Worker Number": 0,
                                                                                                "Actual Startup Time": 0.003,
                                                                                                "Actual Total Time": 0.003,
                                                                                                "Actual Rows": 1,
                                                                                                "Actual Loops": 661719
                                                                                            },
                                                                                            {
                                                                                                "Worker Number": 1,
                                                                                                "Actual Startup Time": 0.002,
                                                                                                "Actual Total Time": 0.002,
                                                                                                "Actual Rows": 1,
                                                                                                "Actual Loops": 967879
                                                                                            },
                                                                                            {
                                                                                                "Worker Number": 2,
                                                                                                "Actual Startup Time": 0.002,
                                                                                                "Actual Total Time": 0.002,
                                                                                                "Actual Rows": 1,
                                                                                                "Actual Loops": 953044
                                                                                            }
                                                                                        ]
                                                                                    }
                                                                                ]
                                                                            }
                                                                        ]
                                                                    },
                                                                    {
                                                                        "Node Type": "Hash",
                                                                        "Parent Relationship": "Inner",
                                                                        "Parallel Aware": true,
                                                                        "Startup Cost": 94540.09,
                                                                        "Total Cost": 94540.09,
                                                                        "Plan Rows": 36,
                                                                        "Plan Width": 21,
                                                                        "Actual Startup Time": 505.891,
                                                                        "Actual Total Time": 505.891,
                                                                        "Actual Rows": 116,
                                                                        "Actual Loops": 4,
                                                                        "Output": [
                                                                            "t.title",
                                                                            "t.id"
                                                                        ],
                                                                        "Hash Buckets": 1024,
                                                                        "Original Hash Buckets": 1024,
                                                                        "Hash Batches": 1,
                                                                        "Original Hash Batches": 1,
                                                                        "Peak Memory Usage": 136,
                                                                        "Workers": [
                                                                            {
                                                                                "Worker Number": 0,
                                                                                "Actual Startup Time": 501.265,
                                                                                "Actual Total Time": 501.265,
                                                                                "Actual Rows": 21,
                                                                                "Actual Loops": 1
                                                                            },
                                                                            {
                                                                                "Worker Number": 1,
                                                                                "Actual Startup Time": 501.548,
                                                                                "Actual Total Time": 501.549,
                                                                                "Actual Rows": 65,
                                                                                "Actual Loops": 1
                                                                            },
                                                                            {
                                                                                "Worker Number": 2,
                                                                                "Actual Startup Time": 506.596,
                                                                                "Actual Total Time": 506.596,
                                                                                "Actual Rows": 43,
                                                                                "Actual Loops": 1
                                                                            }
                                                                        ],
                                                                        "Plans": [
                                                                            {
                                                                                "Node Type": "Index Scan",
                                                                                "Parent Relationship": "Outer",
                                                                                "Parallel Aware": true,
                                                                                "Scan Direction": "Forward",
                                                                                "Index Name": "title_pkey",
                                                                                "Relation Name": "title",
                                                                                "Schema": "public",
                                                                                "Alias": "t",
                                                                                "Startup Cost": 0.43,
                                                                                "Total Cost": 94540.09,
                                                                                "Plan Rows": 36,
                                                                                "Plan Width": 21,
                                                                                "Actual Startup Time": 18.308,
                                                                                "Actual Total Time": 505.583,
                                                                                "Actual Rows": 116,
                                                                                "Actual Loops": 4,
                                                                                "Output": [
                                                                                    "t.title",
                                                                                    "t.id"
                                                                                ],
                                                                                "Filter": "((t.title ~~ '100%'::text) AND (t.production_year > 1997))",
                                                                                "Rows Removed by Filter": 631962,
                                                                                "Workers": [
                                                                                    {
                                                                                        "Worker Number": 0,
                                                                                        "Actual Startup Time": 23.735,
                                                                                        "Actual Total Time": 500.824,
                                                                                        "Actual Rows": 21,
                                                                                        "Actual Loops": 1
                                                                                    },
                                                                                    {
                                                                                        "Worker Number": 1,
                                                                                        "Actual Startup Time": 20.693,
                                                                                        "Actual Total Time": 501.306,
                                                                                        "Actual Rows": 65,
                                                                                        "Actual Loops": 1
                                                                                    },
                                                                                    {
                                                                                        "Worker Number": 2,
                                                                                        "Actual Startup Time": 24.939,
                                                                                        "Actual Total Time": 506.279,
                                                                                        "Actual Rows": 43,
                                                                                        "Actual Loops": 1
                                                                                    }
                                                                                ]
                                                                            }
                                                                        ]
                                                                    }
                                                                ]
                                                            }
                                                        ]
                                                    }
                                                ]
                                            }
                                        ]
                                    },
                                    {
                                        "Node Type": "Bitmap Heap Scan",
                                        "Parent Relationship": "Inner",
                                        "Parallel Aware": false,
                                        "Relation Name": "movie_info",
                                        "Schema": "public",
                                        "Alias": "mi",
                                        "Startup Cost": 0.78,
                                        "Total Cost": 5.36,
                                        "Plan Rows": 1,
                                        "Plan Width": 51,
                                        "Actual Startup Time": 0.009,
                                        "Actual Total Time": 0.01,
                                        "Actual Rows": 1,
                                        "Actual Loops": 29,
                                        "Output": [
                                            "mi.id",
                                            "mi.movie_id",
                                            "mi.info_type_id",
                                            "mi.info",
                                            "mi.note"
                                        ],
                                        "Recheck Cond": "(mi.movie_id = mk.movie_id)",
                                        "Rows Removed by Index Recheck": 0,
                                        "Filter": "(mi.info = 'Documentary'::text)",
                                        "Rows Removed by Filter": 11,
                                        "Exact Heap Blocks": 203,
                                        "Lossy Heap Blocks": 0,
                                        "Plans": [
                                            {
                                                "Node Type": "Bitmap Index Scan",
                                                "Parent Relationship": "Outer",
                                                "Parallel Aware": false,
                                                "Index Name": "movie_id_movie_info",
                                                "Startup Cost": 0.0,
                                                "Total Cost": 0.78,
                                                "Plan Rows": 39,
                                                "Plan Width": 0,
                                                "Actual Startup Time": 0.004,
                                                "Actual Total Time": 0.004,
                                                "Actual Rows": 12,
                                                "Actual Loops": 29,
                                                "Index Cond": "(mi.movie_id = mk.movie_id)"
                                            }
                                        ]
                                    }
                                ]
                            },
                            {
                                "Node Type": "Bitmap Heap Scan",
                                "Parent Relationship": "Inner",
                                "Parallel Aware": false,
                                "Relation Name": "info_type",
                                "Schema": "public",
                                "Alias": "it1",
                                "Startup Cost": 0.15,
                                "Total Cost": 4.17,
                                "Plan Rows": 1,
                                "Plan Width": 4,
                                "Actual Startup Time": 0.002,
                                "Actual Total Time": 0.002,
                                "Actual Rows": 1,
                                "Actual Loops": 29,
                                "Output": [
                                    "it1.id",
                                    "it1.info"
                                ],
                                "Recheck Cond": "(it1.id = mi.info_type_id)",
                                "Rows Removed by Index Recheck": 0,
                                "Filter": "((it1.info)::text = 'genres'::text)",
                                "Rows Removed by Filter": 0,
                                "Exact Heap Blocks": 29,
                                "Lossy Heap Blocks": 0,
                                "Plans": [
                                    {
                                        "Node Type": "Bitmap Index Scan",
                                        "Parent Relationship": "Outer",
                                        "Parallel Aware": false,
                                        "Index Name": "info_type_pkey",
                                        "Startup Cost": 0.0,
                                        "Total Cost": 0.15,
                                        "Plan Rows": 1,
                                        "Plan Width": 0,
                                        "Actual Startup Time": 0.001,
                                        "Actual Total Time": 0.001,
                                        "Actual Rows": 1,
                                        "Actual Loops": 29,
                                        "Index Cond": "(it1.id = mi.info_type_id)"
                                    }
                                ]
                            }
                        ]
                    },
                    {
                        "Node Type": "Bitmap Heap Scan",
                        "Parent Relationship": "Inner",
                        "Parallel Aware": false,
                        "Relation Name": "name",
                        "Schema": "public",
                        "Alias": "n",
                        "Startup Cost": 0.49,
                        "Total Cost": 4.5,
                        "Plan Rows": 1,
                        "Plan Width": 19,
                        "Actual Startup Time": 0.01,
                        "Actual Total Time": 0.01,
                        "Actual Rows": 0,
                        "Actual Loops": 29,
                        "Output": [
                            "n.id",
                            "n.name",
                            "n.imdb_index",
                            "n.imdb_id",
                            "n.gender",
                            "n.name_pcode_cf",
                            "n.name_pcode_nf",
                            "n.surname_pcode",
                            "n.md5sum"
                        ],
                        "Recheck Cond": "(n.id = ci.person_id)",
                        "Rows Removed by Index Recheck": 0,
                        "Filter": "((n.gender)::text = 'm'::text)",
                        "Rows Removed by Filter": 1,
                        "Exact Heap Blocks": 29,
                        "Lossy Heap Blocks": 0,
                        "Plans": [
                            {
                                "Node Type": "Bitmap Index Scan",
                                "Parent Relationship": "Outer",
                                "Parallel Aware": false,
                                "Index Name": "name_pkey",
                                "Startup Cost": 0.0,
                                "Total Cost": 0.49,
                                "Plan Rows": 1,
                                "Plan Width": 0,
                                "Actual Startup Time": 0.007,
                                "Actual Total Time": 0.007,
                                "Actual Rows": 1,
                                "Actual Loops": 29,
                                "Index Cond": "(n.id = ci.person_id)"
                            }
                        ]
                    }
                ]
            }
        ]
    },
    "Planning Time": 15.208,
    "Triggers": [],
    "Execution Time": 11894.552
}