{
  "Plan": {
    "Node Type": "Aggregate",
    "Strategy": "Plain",
    "Partial Mode": "Finalize",
    "Parallel Aware": false,
    "Startup Cost": 432596.59,
    "Total Cost": 432596.6,
    "Plan Rows": 1,
    "Plan Width": 8,
    "Actual Startup Time": 4563.232,
    "Actual Total Time": 4618.687,
    "Actual Rows": 1,
    "Actual Loops": 1,
    "Plans": [
      {
        "Node Type": "Gather",
        "Parent Relationship": "Outer",
        "Parallel Aware": false,
        "Startup Cost": 432596.48,
        "Total Cost": 432596.59,
        "Plan Rows": 1,
        "Plan Width": 8,
        "Actual Startup Time": 4556.318,
        "Actual Total Time": 4618.671,
        "Actual Rows": 2,
        "Actual Loops": 1,
        "Workers Planned": 1,
        "Workers Launched": 1,
        "Single Copy": false,
        "Plans": [
          {
            "Node Type": "Aggregate",
            "Strategy": "Plain",
            "Partial Mode": "Partial",
            "Parent Relationship": "Outer",
            "Parallel Aware": false,
            "Startup Cost": 431596.48,
            "Total Cost": 431596.49,
            "Plan Rows": 1,
            "Plan Width": 8,
            "Actual Startup Time": 4549.941,
            "Actual Total Time": 4549.948,
            "Actual Rows": 1,
            "Actual Loops": 2,
            "Plans": [
              {
                "Node Type": "Hash Join",
                "Parent Relationship": "Outer",
                "Parallel Aware": true,
                "Join Type": "Inner",
                "Startup Cost": 125625.53,
                "Total Cost": 424318.04,
                "Plan Rows": 2911376,
                "Plan Width": 0,
                "Actual Startup Time": 874.872,
                "Actual Total Time": 3838.737,
                "Actual Rows": 17717766,
                "Actual Loops": 2,
                "Inner Unique": false,
                "Hash Cond": "(mi.movie_id = t.id)",
                "Plans": [
                  {
                    "Node Type": "Seq Scan",
                    "Parent Relationship": "Outer",
                    "Parallel Aware": true,
                    "Relation Name": "movie_info",
                    "Alias": "mi",
                    "Startup Cost": 0.0,
                    "Total Cost": 248955.74,
                    "Plan Rows": 8696274,
                    "Plan Width": 4,
                    "Actual Startup Time": 0.017,
                    "Actual Total Time": 620.86,
                    "Actual Rows": 7417860,
                    "Actual Loops": 2
                  },
                  {
                    "Node Type": "Hash",
                    "Parent Relationship": "Inner",
                    "Parallel Aware": true,
                    "Startup Cost": 119401.75,
                    "Total Cost": 119401.75,
                    "Plan Rows": 497902,
                    "Plan Width": 8,
                    "Actual Startup Time": 865.115,
                    "Actual Total Time": 865.12,
                    "Actual Rows": 426580,
                    "Actual Loops": 2,
                    "Hash Buckets": 1048576,
                    "Original Hash Buckets": 1048576,
                    "Hash Batches": 1,
                    "Original Hash Batches": 1,
                    "Peak Memory Usage": 41600,
                    "Plans": [
                      {
                        "Node Type": "Hash Join",
                        "Parent Relationship": "Outer",
                        "Parallel Aware": true,
                        "Join Type": "Inner",
                        "Startup Cost": 87416.99,
                        "Total Cost": 119401.75,
                        "Plan Rows": 497902,
                        "Plan Width": 8,
                        "Actual Startup Time": 562.62,
                        "Actual Total Time": 771.109,
                        "Actual Rows": 426580,
                        "Actual Loops": 2,
                        "Inner Unique": true,
                        "Hash Cond": "(mk.movie_id = t.id)",
                        "Plans": [
                          {
                            "Node Type": "Bitmap Heap Scan",
                            "Parent Relationship": "Outer",
                            "Parallel Aware": true,
                            "Relation Name": "movie_keyword",
                            "Alias": "mk",
                            "Startup Cost": 17956.29,
                            "Total Cost": 48634.06,
                            "Plan Rows": 497902,
                            "Plan Width": 4,
                            "Actual Startup Time": 43.68,
                            "Actual Total Time": 128.781,
                            "Actual Rows": 426580,
                            "Actual Loops": 2,
                            "Recheck Cond": "(keyword_id < 814)",
                            "Rows Removed by Index Recheck": 0,
                            "Exact Heap Blocks": 13101,
                            "Lossy Heap Blocks": 0,
                            "Plans": [
                              {
                                "Node Type": "Bitmap Index Scan",
                                "Parent Relationship": "Outer",
                                "Parallel Aware": false,
                                "Index Name": "keyword_id_movie_keyword",
                                "Startup Cost": 0.0,
                                "Total Cost": 17744.68,
                                "Plan Rows": 846433,
                                "Plan Width": 0,
                                "Actual Startup Time": 40.022,
                                "Actual Total Time": 40.022,
                                "Actual Rows": 853159,
                                "Actual Loops": 1,
                                "Index Cond": "(keyword_id < 814)"
                              }
                            ]
                          },
                          {
                            "Node Type": "Hash",
                            "Parent Relationship": "Inner",
                            "Parallel Aware": true,
                            "Startup Cost": 50870.31,
                            "Total Cost": 50870.31,
                            "Plan Rows": 1487231,
                            "Plan Width": 4,
                            "Actual Startup Time": 503.165,
                            "Actual Total Time": 503.165,
                            "Actual Rows": 1264156,
                            "Actual Loops": 2,
                            "Hash Buckets": 4194304,
                            "Original Hash Buckets": 4194304,
                            "Hash Batches": 1,
                            "Original Hash Batches": 1,
                            "Peak Memory Usage": 131680,
                            "Plans": [
                              {
                                "Node Type": "Seq Scan",
                                "Parent Relationship": "Outer",
                                "Parallel Aware": true,
                                "Relation Name": "title",
                                "Alias": "t",
                                "Startup Cost": 0.0,
                                "Total Cost": 50870.31,
                                "Plan Rows": 1487231,
                                "Plan Width": 4,
                                "Actual Startup Time": 0.035,
                                "Actual Total Time": 153.759,
                                "Actual Rows": 1264156,
                                "Actual Loops": 2
                              }
                            ]
                          }
                        ]
                      }
                    ]
                  }
                ]
              }
            ]
          }
        ]
      }
    ]
  },
  "Planning Time": 0.838,
  "Triggers": [],
  "Execution Time": 4618.798
}