[
    {
        "Bao": {
            "Bao prediction": 469.269,
            "Bao recommended hint": "(no hint)"
        }
    },
    {
        "Plan": {
            "Node Type": "Aggregate",
            "Strategy": "Plain",
            "Partial Mode": "Finalize",
            "Parallel Aware": false,
            "Startup Cost": 33444.88,
            "Total Cost": 33444.89,
            "Plan Rows": 1,
            "Plan Width": 8,
            "Actual Startup Time": 134.601,
            "Actual Total Time": 140.51,
            "Actual Rows": 1,
            "Actual Loops": 1,
            "Output": [
                "count(*)"
            ],
            "Plans": [
                {
                    "Node Type": "Gather",
                    "Parent Relationship": "Outer",
                    "Parallel Aware": false,
                    "Startup Cost": 33444.56,
                    "Total Cost": 33444.87,
                    "Plan Rows": 3,
                    "Plan Width": 8,
                    "Actual Startup Time": 134.492,
                    "Actual Total Time": 140.501,
                    "Actual Rows": 4,
                    "Actual Loops": 1,
                    "Output": [
                        "(PARTIAL count(*))"
                    ],
                    "Workers Planned": 3,
                    "Workers Launched": 3,
                    "Single Copy": false,
                    "Plans": [
                        {
                            "Node Type": "Aggregate",
                            "Strategy": "Plain",
                            "Partial Mode": "Partial",
                            "Parent Relationship": "Outer",
                            "Parallel Aware": false,
                            "Startup Cost": 32444.56,
                            "Total Cost": 32444.57,
                            "Plan Rows": 1,
                            "Plan Width": 8,
                            "Actual Startup Time": 126.757,
                            "Actual Total Time": 126.758,
                            "Actual Rows": 1,
                            "Actual Loops": 4,
                            "Output": [
                                "PARTIAL count(*)"
                            ],
                            "Workers": [
                                {
                                    "Worker Number": 0,
                                    "Actual Startup Time": 124.133,
                                    "Actual Total Time": 124.134,
                                    "Actual Rows": 1,
                                    "Actual Loops": 1
                                },
                                {
                                    "Worker Number": 1,
                                    "Actual Startup Time": 124.281,
                                    "Actual Total Time": 124.282,
                                    "Actual Rows": 1,
                                    "Actual Loops": 1
                                },
                                {
                                    "Worker Number": 2,
                                    "Actual Startup Time": 124.768,
                                    "Actual Total Time": 124.769,
                                    "Actual Rows": 1,
                                    "Actual Loops": 1
                                }
                            ],
                            "Plans": [
                                {
                                    "Node Type": "Seq Scan",
                                    "Parent Relationship": "Outer",
                                    "Parallel Aware": true,
                                    "Relation Name": "movie_companies",
                                    "Schema": "public",
                                    "Alias": "mc",
                                    "Startup Cost": 0.0,
                                    "Total Cost": 31414.82,
                                    "Plan Rows": 411896,
                                    "Plan Width": 0,
                                    "Actual Startup Time": 54.005,
                                    "Actual Total Time": 106.815,
                                    "Actual Rows": 307021,
                                    "Actual Loops": 4,
                                    "Output": [
                                        "id",
                                        "movie_id",
                                        "company_id",
                                        "company_type_id",
                                        "note"
                                    ],
                                    "Filter": "((mc.company_id < 153650) AND (mc.company_type_id > 1))",
                                    "Rows Removed by Filter": 345262,
                                    "Workers": [
                                        {
                                            "Worker Number": 0,
                                            "Actual Startup Time": 51.385,
                                            "Actual Total Time": 104.645,
                                            "Actual Rows": 298775,
                                            "Actual Loops": 1
                                        },
                                        {
                                            "Worker Number": 1,
                                            "Actual Startup Time": 51.532,
                                            "Actual Total Time": 104.996,
                                            "Actual Rows": 292936,
                                            "Actual Loops": 1
                                        },
                                        {
                                            "Worker Number": 2,
                                            "Actual Startup Time": 52.004,
                                            "Actual Total Time": 105.218,
                                            "Actual Rows": 299470,
                                            "Actual Loops": 1
                                        }
                                    ]
                                }
                            ]
                        }
                    ]
                }
            ]
        },
        "Planning Time": 1871.926,
        "Triggers": [],
        "Execution Time": 140.63
    }
]