[
  {
    "Plan": {
      "Node Type": "Aggregate",
      "Strategy": "Plain",
      "Partial Mode": "Finalize",
      "Parallel Aware": false,
      "Startup Cost": 291756.27,
      "Total Cost": 291756.28,
      "Plan Rows": 1,
      "Plan Width": 8,
      "Actual Startup Time": 1336.387,
      "Actual Total Time": 1381.714,
      "Actual Rows": 1,
      "Actual Loops": 1,
      "Plans": [
        {
          "Node Type": "Gather",
          "Parent Relationship": "Outer",
          "Parallel Aware": false,
          "Startup Cost": 291755.75,
          "Total Cost": 291756.26,
          "Plan Rows": 5,
          "Plan Width": 8,
          "Actual Startup Time": 1331.14,
          "Actual Total Time": 1381.702,
          "Actual Rows": 6,
          "Actual Loops": 1,
          "Workers Planned": 5,
          "Workers Launched": 5,
          "Single Copy": false,
          "Plans": [
            {
              "Node Type": "Aggregate",
              "Strategy": "Plain",
              "Partial Mode": "Partial",
              "Parent Relationship": "Outer",
              "Parallel Aware": false,
              "Startup Cost": 290755.75,
              "Total Cost": 290755.76,
              "Plan Rows": 1,
              "Plan Width": 8,
              "Actual Startup Time": 1318.47,
              "Actual Total Time": 1318.659,
              "Actual Rows": 1,
              "Actual Loops": 6,
              "Plans": [
                {
                  "Node Type": "Hash Join",
                  "Parent Relationship": "Outer",
                  "Parallel Aware": true,
                  "Join Type": "Inner",
                  "Startup Cost": 82762.59,
                  "Total Cost": 288421.98,
                  "Plan Rows": 933506,
                  "Plan Width": 0,
                  "Actual Startup Time": 436.563,
                  "Actual Total Time": 1272.085,
                  "Actual Rows": 907557,
                  "Actual Loops": 6,
                  "Inner Unique": false,
                  "Hash Cond": "(mi.movie_id = t.id)",
                  "Plans": [
                    {
                      "Node Type": "Seq Scan",
                      "Parent Relationship": "Outer",
                      "Parallel Aware": true,
                      "Relation Name": "movie_info",
                      "Alias": "mi",
                      "Startup Cost": 0.0,
                      "Total Cost": 191560.33,
                      "Plan Rows": 2956733,
                      "Plan Width": 4,
                      "Actual Startup Time": 0.016,
                      "Actual Total Time": 335.083,
                      "Actual Rows": 2472620,
                      "Actual Loops": 6
                    },
                    {
                      "Node Type": "Hash",
                      "Parent Relationship": "Inner",
                      "Parallel Aware": true,
                      "Startup Cost": 79543.89,
                      "Total Cost": 79543.89,
                      "Plan Rows": 257496,
                      "Plan Width": 8,
                      "Actual Startup Time": 430.748,
                      "Actual Total Time": 430.935,
                      "Actual Rows": 89194,
                      "Actual Loops": 6,
                      "Hash Buckets": 1048576,
                      "Original Hash Buckets": 1048576,
                      "Hash Batches": 1,
                      "Original Hash Batches": 1,
                      "Peak Memory Usage": 29248,
                      "Plans": [
                        {
                          "Node Type": "Hash Join",
                          "Parent Relationship": "Outer",
                          "Parallel Aware": true,
                          "Join Type": "Inner",
                          "Startup Cost": 48412.89,
                          "Total Cost": 79543.89,
                          "Plan Rows": 257496,
                          "Plan Width": 8,
                          "Actual Startup Time": 202.081,
                          "Actual Total Time": 381.69,
                          "Actual Rows": 89194,
                          "Actual Loops": 6,
                          "Inner Unique": true,
                          "Hash Cond": "(mc.movie_id = t.id)",
                          "Plans": [
                            {
                              "Node Type": "Seq Scan",
                              "Parent Relationship": "Outer",
                              "Parallel Aware": true,
                              "Relation Name": "movie_companies",
                              "Alias": "mc",
                              "Startup Cost": 0.0,
                              "Total Cost": 29310.68,
                              "Plan Rows": 693458,
                              "Plan Width": 4,
                              "Actual Startup Time": 0.032,
                              "Actual Total Time": 70.707,
                              "Actual Rows": 356903,
                              "Actual Loops": 6,
                              "Filter": "(company_id < 76195)",
                              "Rows Removed by Filter": 77952
                            },
                            {
                              "Node Type": "Hash",
                              "Parent Relationship": "Inner",
                              "Parallel Aware": true,
                              "Startup Cost": 45479.1,
                              "Total Cost": 45479.1,
                              "Plan Rows": 234703,
                              "Plan Width": 4,
                              "Actual Startup Time": 200.144,
                              "Actual Total Time": 200.145,
                              "Actual Rows": 167454,
                              "Actual Loops": 6,
                              "Hash Buckets": 1048576,
                              "Original Hash Buckets": 1048576,
                              "Hash Batches": 1,
                              "Original Hash Batches": 1,
                              "Peak Memory Usage": 47584,
                              "Plans": [
                                {
                                  "Node Type": "Seq Scan",
                                  "Parent Relationship": "Outer",
                                  "Parallel Aware": true,
                                  "Relation Name": "title",
                                  "Alias": "t",
                                  "Startup Cost": 0.0,
                                  "Total Cost": 45479.1,
                                  "Plan Rows": 234703,
                                  "Plan Width": 4,
                                  "Actual Startup Time": 0.054,
                                  "Actual Total Time": 110.942,
                                  "Actual Rows": 167454,
                                  "Actual Loops": 6,
                                  "Filter": "((kind_id > 1) AND (production_year > 2002))",
                                  "Rows Removed by Filter": 253931
                                }
                              ]
                            }
                          ]
                        }
                      ]
                    }
                  ]
                }
              ]
            }
          ]
        }
      ]
    },
    "Planning Time": 1.59,
    "Triggers": [],
    "Execution Time": 1381.807
  }
]