[
  {
    "Plan": {
      "Node Type": "Aggregate",
      "Strategy": "Plain",
      "Partial Mode": "Finalize",
      "Parallel Aware": false,
      "Startup Cost": 77107.06,
      "Total Cost": 77107.07,
      "Plan Rows": 1,
      "Plan Width": 8,
      "Actual Startup Time": 194.017,
      "Actual Total Time": 208.245,
      "Actual Rows": 1,
      "Actual Loops": 1,
      "Plans": [
        {
          "Node Type": "Gather",
          "Parent Relationship": "Outer",
          "Parallel Aware": false,
          "Startup Cost": 77106.74,
          "Total Cost": 77107.05,
          "Plan Rows": 3,
          "Plan Width": 8,
          "Actual Startup Time": 193.639,
          "Actual Total Time": 208.236,
          "Actual Rows": 4,
          "Actual Loops": 1,
          "Workers Planned": 3,
          "Workers Launched": 3,
          "Single Copy": false,
          "Plans": [
            {
              "Node Type": "Aggregate",
              "Strategy": "Plain",
              "Partial Mode": "Partial",
              "Parent Relationship": "Outer",
              "Parallel Aware": false,
              "Startup Cost": 76106.74,
              "Total Cost": 76106.75,
              "Plan Rows": 1,
              "Plan Width": 8,
              "Actual Startup Time": 185.112,
              "Actual Total Time": 185.115,
              "Actual Rows": 1,
              "Actual Loops": 4,
              "Plans": [
                {
                  "Node Type": "Hash Join",
                  "Parent Relationship": "Outer",
                  "Parallel Aware": true,
                  "Join Type": "Inner",
                  "Startup Cost": 44062.2,
                  "Total Cost": 76094.59,
                  "Plan Rows": 4862,
                  "Plan Width": 0,
                  "Actual Startup Time": 135.915,
                  "Actual Total Time": 184.952,
                  "Actual Rows": 2370,
                  "Actual Loops": 4,
                  "Inner Unique": true,
                  "Hash Cond": "(mc.movie_id = t.id)",
                  "Plans": [
                    {
                      "Node Type": "Seq Scan",
                      "Parent Relationship": "Outer",
                      "Parallel Aware": true,
                      "Relation Name": "movie_companies",
                      "Alias": "mc",
                      "Startup Cost": 0.0,
                      "Total Cost": 31414.82,
                      "Plan Rows": 235264,
                      "Plan Width": 4,
                      "Actual Startup Time": 31.968,
                      "Actual Total Time": 64.61,
                      "Actual Rows": 114690,
                      "Actual Loops": 4,
                      "Filter": "((company_id < 12727) AND (company_type_id > 1))",
                      "Rows Removed by Filter": 537592
                    },
                    {
                      "Node Type": "Hash",
                      "Parent Relationship": "Inner",
                      "Parallel Aware": true,
                      "Startup Cost": 43898.92,
                      "Total Cost": 43898.92,
                      "Plan Rows": 13063,
                      "Plan Width": 4,
                      "Actual Startup Time": 102.212,
                      "Actual Total Time": 102.213,
                      "Actual Rows": 14648,
                      "Actual Loops": 4,
                      "Hash Buckets": 65536,
                      "Original Hash Buckets": 65536,
                      "Hash Batches": 1,
                      "Original Hash Batches": 1,
                      "Peak Memory Usage": 2848,
                      "Plans": [
                        {
                          "Node Type": "Seq Scan",
                          "Parent Relationship": "Outer",
                          "Parallel Aware": true,
                          "Relation Name": "title",
                          "Alias": "t",
                          "Startup Cost": 0.0,
                          "Total Cost": 43898.92,
                          "Plan Rows": 13063,
                          "Plan Width": 4,
                          "Actual Startup Time": 0.043,
                          "Actual Total Time": 95.047,
                          "Actual Rows": 14648,
                          "Actual Loops": 4,
                          "Filter": "(production_year = 2001)",
                          "Rows Removed by Filter": 617430
                        }
                      ]
                    }
                  ]
                }
              ]
            }
          ]
        }
      ]
    },
    "Planning Time": 0.639,
    "Triggers": [],
    "Execution Time": 208.314
  }
]