[
  {
    "Plan": {
      "Node Type": "Aggregate",
      "Strategy": "Plain",
      "Partial Mode": "Finalize",
      "Parallel Aware": false,
      "Startup Cost": 234067.63,
      "Total Cost": 234067.64,
      "Plan Rows": 1,
      "Plan Width": 8,
      "Actual Startup Time": 350.685,
      "Actual Total Time": 367.56,
      "Actual Rows": 1,
      "Actual Loops": 1,
      "Plans": [
        {
          "Node Type": "Gather",
          "Parent Relationship": "Outer",
          "Parallel Aware": false,
          "Startup Cost": 234067.01,
          "Total Cost": 234067.62,
          "Plan Rows": 6,
          "Plan Width": 8,
          "Actual Startup Time": 350.429,
          "Actual Total Time": 367.55,
          "Actual Rows": 7,
          "Actual Loops": 1,
          "Workers Planned": 6,
          "Workers Launched": 6,
          "Single Copy": false,
          "Plans": [
            {
              "Node Type": "Aggregate",
              "Strategy": "Plain",
              "Partial Mode": "Partial",
              "Parent Relationship": "Outer",
              "Parallel Aware": false,
              "Startup Cost": 233067.01,
              "Total Cost": 233067.02,
              "Plan Rows": 1,
              "Plan Width": 8,
              "Actual Startup Time": 339.191,
              "Actual Total Time": 339.192,
              "Actual Rows": 1,
              "Actual Loops": 7,
              "Plans": [
                {
                  "Node Type": "Index Scan",
                  "Parent Relationship": "Outer",
                  "Parallel Aware": true,
                  "Scan Direction": "Forward",
                  "Index Name": "role_id_cast_info",
                  "Relation Name": "cast_info",
                  "Alias": "ci",
                  "Startup Cost": 0.56,
                  "Total Cost": 230750.01,
                  "Plan Rows": 926800,
                  "Plan Width": 0,
                  "Actual Startup Time": 0.243,
                  "Actual Total Time": 289.842,
                  "Actual Rows": 996920,
                  "Actual Loops": 7,
                  "Index Cond": "(role_id > 5)",
                  "Rows Removed by Index Recheck": 0,
                  "Filter": "(person_id > 1260022)",
                  "Rows Removed by Filter": 215410
                }
              ]
            }
          ]
        }
      ]
    },
    "Planning Time": 0.241,
    "Triggers": [],
    "Execution Time": 367.63
  }
]