[
    {
        "Bao": {
            "Bao prediction": "NaN",
            "Bao recommended hint": "(no hint)"
        }
    },
    {
        "Plan": {
            "Node Type": "Aggregate",
            "Strategy": "Plain",
            "Partial Mode": "Finalize",
            "Parallel Aware": false,
            "Startup Cost": 130421.88,
            "Total Cost": 130421.89,
            "Plan Rows": 1,
            "Plan Width": 8,
            "Actual Startup Time": 144.082,
            "Actual Total Time": 158.157,
            "Actual Rows": 1,
            "Actual Loops": 1,
            "Output": [
                "count(*)"
            ],
            "Plans": [
                {
                    "Node Type": "Gather",
                    "Parent Relationship": "Outer",
                    "Parallel Aware": false,
                    "Startup Cost": 130421.46,
                    "Total Cost": 130421.87,
                    "Plan Rows": 4,
                    "Plan Width": 8,
                    "Actual Startup Time": 143.858,
                    "Actual Total Time": 158.149,
                    "Actual Rows": 5,
                    "Actual Loops": 1,
                    "Output": [
                        "(PARTIAL count(*))"
                    ],
                    "Workers Planned": 4,
                    "Workers Launched": 4,
                    "Single Copy": false,
                    "Plans": [
                        {
                            "Node Type": "Aggregate",
                            "Strategy": "Plain",
                            "Partial Mode": "Partial",
                            "Parent Relationship": "Outer",
                            "Parallel Aware": false,
                            "Startup Cost": 129421.46,
                            "Total Cost": 129421.47,
                            "Plan Rows": 1,
                            "Plan Width": 8,
                            "Actual Startup Time": 134.335,
                            "Actual Total Time": 134.337,
                            "Actual Rows": 1,
                            "Actual Loops": 5,
                            "Output": [
                                "PARTIAL count(*)"
                            ],
                            "Workers": [
                                {
                                    "Worker Number": 0,
                                    "Actual Startup Time": 131.393,
                                    "Actual Total Time": 131.394,
                                    "Actual Rows": 1,
                                    "Actual Loops": 1
                                },
                                {
                                    "Worker Number": 1,
                                    "Actual Startup Time": 131.935,
                                    "Actual Total Time": 131.937,
                                    "Actual Rows": 1,
                                    "Actual Loops": 1
                                },
                                {
                                    "Worker Number": 2,
                                    "Actual Startup Time": 132.392,
                                    "Actual Total Time": 132.394,
                                    "Actual Rows": 1,
                                    "Actual Loops": 1
                                },
                                {
                                    "Worker Number": 3,
                                    "Actual Startup Time": 132.495,
                                    "Actual Total Time": 132.497,
                                    "Actual Rows": 1,
                                    "Actual Loops": 1
                                }
                            ],
                            "Plans": [
                                {
                                    "Node Type": "Nested Loop",
                                    "Parent Relationship": "Outer",
                                    "Parallel Aware": false,
                                    "Join Type": "Inner",
                                    "Startup Cost": 727.67,
                                    "Total Cost": 129413.77,
                                    "Plan Rows": 3076,
                                    "Plan Width": 0,
                                    "Actual Startup Time": 33.099,
                                    "Actual Total Time": 134.314,
                                    "Actual Rows": 133,
                                    "Actual Loops": 5,
                                    "Inner Unique": true,
                                    "Join Filter": "(mi.movie_id = t.id)",
                                    "Rows Removed by Join Filter": 0,
                                    "Workers": [
                                        {
                                            "Worker Number": 0,
                                            "Actual Startup Time": 37.701,
                                            "Actual Total Time": 131.375,
                                            "Actual Rows": 99,
                                            "Actual Loops": 1
                                        },
                                        {
                                            "Worker Number": 1,
                                            "Actual Startup Time": 28.585,
                                            "Actual Total Time": 131.913,
                                            "Actual Rows": 96,
                                            "Actual Loops": 1
                                        },
                                        {
                                            "Worker Number": 2,
                                            "Actual Startup Time": 29.897,
                                            "Actual Total Time": 132.372,
                                            "Actual Rows": 117,
                                            "Actual Loops": 1
                                        },
                                        {
                                            "Worker Number": 3,
                                            "Actual Startup Time": 27.942,
                                            "Actual Total Time": 132.474,
                                            "Actual Rows": 135,
                                            "Actual Loops": 1
                                        }
                                    ],
                                    "Plans": [
                                        {
                                            "Node Type": "Nested Loop",
                                            "Parent Relationship": "Outer",
                                            "Parallel Aware": false,
                                            "Join Type": "Inner",
                                            "Startup Cost": 727.24,
                                            "Total Cost": 112549.28,
                                            "Plan Rows": 28323,
                                            "Plan Width": 8,
                                            "Actual Startup Time": 1.032,
                                            "Actual Total Time": 57.644,
                                            "Actual Rows": 29829,
                                            "Actual Loops": 5,
                                            "Output": [
                                                "mi.movie_id",
                                                "mi_idx.movie_id"
                                            ],
                                            "Inner Unique": false,
                                            "Workers": [
                                                {
                                                    "Worker Number": 0,
                                                    "Actual Startup Time": 0.366,
                                                    "Actual Total Time": 56.599,
                                                    "Actual Rows": 27170,
                                                    "Actual Loops": 1
                                                },
                                                {
                                                    "Worker Number": 1,
                                                    "Actual Startup Time": 0.36,
                                                    "Actual Total Time": 57.61,
                                                    "Actual Rows": 18664,
                                                    "Actual Loops": 1
                                                },
                                                {
                                                    "Worker Number": 2,
                                                    "Actual Startup Time": 0.312,
                                                    "Actual Total Time": 57.913,
                                                    "Actual Rows": 27429,
                                                    "Actual Loops": 1
                                                },
                                                {
                                                    "Worker Number": 3,
                                                    "Actual Startup Time": 0.301,
                                                    "Actual Total Time": 57.626,
                                                    "Actual Rows": 26718,
                                                    "Actual Loops": 1
                                                }
                                            ],
                                            "Plans": [
                                                {
                                                    "Node Type": "Bitmap Heap Scan",
                                                    "Parent Relationship": "Outer",
                                                    "Parallel Aware": true,
                                                    "Relation Name": "movie_info",
                                                    "Schema": "public",
                                                    "Alias": "mi",
                                                    "Startup Cost": 726.81,
                                                    "Total Cost": 93268.52,
                                                    "Plan Rows": 10012,
                                                    "Plan Width": 4,
                                                    "Actual Startup Time": 0.856,
                                                    "Actual Total Time": 6.571,
                                                    "Actual Rows": 10053,
                                                    "Actual Loops": 5,
                                                    "Output": [
                                                        "mi.id",
                                                        "mi.movie_id",
                                                        "mi.info_type_id",
                                                        "mi.info",
                                                        "mi.note"
                                                    ],
                                                    "Recheck Cond": "(mi.info_type_id > 107)",
                                                    "Rows Removed by Index Recheck": 0,
                                                    "Exact Heap Blocks": 1552,
                                                    "Lossy Heap Blocks": 0,
                                                    "Workers": [
                                                        {
                                                            "Worker Number": 0,
                                                            "Actual Startup Time": 0.135,
                                                            "Actual Total Time": 5.835,
                                                            "Actual Rows": 9052,
                                                            "Actual Loops": 1
                                                        },
                                                        {
                                                            "Worker Number": 1,
                                                            "Actual Startup Time": 0.131,
                                                            "Actual Total Time": 5.876,
                                                            "Actual Rows": 6236,
                                                            "Actual Loops": 1
                                                        },
                                                        {
                                                            "Worker Number": 2,
                                                            "Actual Startup Time": 0.114,
                                                            "Actual Total Time": 5.991,
                                                            "Actual Rows": 9185,
                                                            "Actual Loops": 1
                                                        },
                                                        {
                                                            "Worker Number": 3,
                                                            "Actual Startup Time": 0.106,
                                                            "Actual Total Time": 5.836,
                                                            "Actual Rows": 8932,
                                                            "Actual Loops": 1
                                                        }
                                                    ],
                                                    "Plans": [
                                                        {
                                                            "Node Type": "Bitmap Index Scan",
                                                            "Parent Relationship": "Outer",
                                                            "Parallel Aware": false,
                                                            "Index Name": "info_type_id_movie_info",
                                                            "Startup Cost": 0.0,
                                                            "Total Cost": 716.8,
                                                            "Plan Rows": 40049,
                                                            "Plan Width": 0,
                                                            "Actual Startup Time": 3.01,
                                                            "Actual Total Time": 3.011,
                                                            "Actual Rows": 50267,
                                                            "Actual Loops": 1,
                                                            "Index Cond": "(mi.info_type_id > 107)"
                                                        }
                                                    ]
                                                },
                                                {
                                                    "Node Type": "Index Only Scan",
                                                    "Parent Relationship": "Inner",
                                                    "Parallel Aware": false,
                                                    "Scan Direction": "Forward",
                                                    "Index Name": "movie_id_movie_info_idx",
                                                    "Relation Name": "movie_info_idx",
                                                    "Schema": "public",
                                                    "Alias": "mi_idx",
                                                    "Startup Cost": 0.43,
                                                    "Total Cost": 1.9,
                                                    "Plan Rows": 3,
                                                    "Plan Width": 4,
                                                    "Actual Startup Time": 0.004,
                                                    "Actual Total Time": 0.005,
                                                    "Actual Rows": 3,
                                                    "Actual Loops": 50267,
                                                    "Output": [
                                                        "mi_idx.movie_id"
                                                    ],
                                                    "Index Cond": "(mi_idx.movie_id = mi.movie_id)",
                                                    "Rows Removed by Index Recheck": 0,
                                                    "Heap Fetches": 149146,
                                                    "Workers": [
                                                        {
                                                            "Worker Number": 0,
                                                            "Actual Startup Time": 0.005,
                                                            "Actual Total Time": 0.005,
                                                            "Actual Rows": 3,
                                                            "Actual Loops": 9052
                                                        },
                                                        {
                                                            "Worker Number": 1,
                                                            "Actual Startup Time": 0.007,
                                                            "Actual Total Time": 0.008,
                                                            "Actual Rows": 3,
                                                            "Actual Loops": 6236
                                                        },
                                                        {
                                                            "Worker Number": 2,
                                                            "Actual Startup Time": 0.005,
                                                            "Actual Total Time": 0.005,
                                                            "Actual Rows": 3,
                                                            "Actual Loops": 9185
                                                        },
                                                        {
                                                            "Worker Number": 3,
                                                            "Actual Startup Time": 0.005,
                                                            "Actual Total Time": 0.005,
                                                            "Actual Rows": 3,
                                                            "Actual Loops": 8932
                                                        }
                                                    ]
                                                }
                                            ]
                                        },
                                        {
                                            "Node Type": "Index Scan",
                                            "Parent Relationship": "Inner",
                                            "Parallel Aware": false,
                                            "Scan Direction": "Forward",
                                            "Index Name": "title_pkey",
                                            "Relation Name": "title",
                                            "Schema": "public",
                                            "Alias": "t",
                                            "Startup Cost": 0.43,
                                            "Total Cost": 0.58,
                                            "Plan Rows": 1,
                                            "Plan Width": 4,
                                            "Actual Startup Time": 0.002,
                                            "Actual Total Time": 0.002,
                                            "Actual Rows": 0,
                                            "Actual Loops": 149146,
                                            "Output": [
                                                "t.id",
                                                "t.title",
                                                "t.imdb_index",
                                                "t.kind_id",
                                                "t.production_year",
                                                "t.imdb_id",
                                                "t.phonetic_code",
                                                "t.episode_of_id",
                                                "t.season_nr",
                                                "t.episode_nr",
                                                "t.series_years",
                                                "t.md5sum"
                                            ],
                                            "Index Cond": "(t.id = mi_idx.movie_id)",
                                            "Rows Removed by Index Recheck": 0,
                                            "Filter": "((t.kind_id > 1) AND (t.production_year > 1979))",
                                            "Rows Removed by Filter": 1,
                                            "Workers": [
                                                {
                                                    "Worker Number": 0,
                                                    "Actual Startup Time": 0.003,
                                                    "Actual Total Time": 0.003,
                                                    "Actual Rows": 0,
                                                    "Actual Loops": 27170
                                                },
                                                {
                                                    "Worker Number": 1,
                                                    "Actual Startup Time": 0.004,
                                                    "Actual Total Time": 0.004,
                                                    "Actual Rows": 0,
                                                    "Actual Loops": 18664
                                                },
                                                {
                                                    "Worker Number": 2,
                                                    "Actual Startup Time": 0.003,
                                                    "Actual Total Time": 0.003,
                                                    "Actual Rows": 0,
                                                    "Actual Loops": 27429
                                                },
                                                {
                                                    "Worker Number": 3,
                                                    "Actual Startup Time": 0.003,
                                                    "Actual Total Time": 0.003,
                                                    "Actual Rows": 0,
                                                    "Actual Loops": 26718
                                                }
                                            ]
                                        }
                                    ]
                                }
                            ]
                        }
                    ]
                }
            ]
        },
        "Planning Time": 178.113,
        "Triggers": [],
        "Execution Time": 158.251
    }
]