[
  {
    "Plan": {
      "Node Type": "Aggregate",
      "Strategy": "Plain",
      "Partial Mode": "Finalize",
      "Parallel Aware": false,
      "Startup Cost": 47053.57,
      "Total Cost": 47053.58,
      "Plan Rows": 1,
      "Plan Width": 8,
      "Actual Startup Time": 63.93,
      "Actual Total Time": 74.66,
      "Actual Rows": 1,
      "Actual Loops": 1,
      "Plans": [
        {
          "Node Type": "Gather",
          "Parent Relationship": "Outer",
          "Parallel Aware": false,
          "Startup Cost": 47053.36,
          "Total Cost": 47053.57,
          "Plan Rows": 2,
          "Plan Width": 8,
          "Actual Startup Time": 63.658,
          "Actual Total Time": 74.652,
          "Actual Rows": 3,
          "Actual Loops": 1,
          "Workers Planned": 2,
          "Workers Launched": 2,
          "Single Copy": false,
          "Plans": [
            {
              "Node Type": "Aggregate",
              "Strategy": "Plain",
              "Partial Mode": "Partial",
              "Parent Relationship": "Outer",
              "Parallel Aware": false,
              "Startup Cost": 46053.36,
              "Total Cost": 46053.37,
              "Plan Rows": 1,
              "Plan Width": 8,
              "Actual Startup Time": 58.874,
              "Actual Total Time": 58.876,
              "Actual Rows": 1,
              "Actual Loops": 3,
              "Plans": [
                {
                  "Node Type": "Nested Loop",
                  "Parent Relationship": "Outer",
                  "Parallel Aware": false,
                  "Join Type": "Inner",
                  "Startup Cost": 214.0,
                  "Total Cost": 46053.19,
                  "Plan Rows": 69,
                  "Plan Width": 0,
                  "Actual Startup Time": 43.3,
                  "Actual Total Time": 58.867,
                  "Actual Rows": 5,
                  "Actual Loops": 3,
                  "Inner Unique": true,
                  "Plans": [
                    {
                      "Node Type": "Bitmap Heap Scan",
                      "Parent Relationship": "Outer",
                      "Parallel Aware": true,
                      "Relation Name": "movie_keyword",
                      "Alias": "mk",
                      "Startup Cost": 213.57,
                      "Total Cost": 18918.84,
                      "Plan Rows": 4147,
                      "Plan Width": 4,
                      "Actual Startup Time": 10.045,
                      "Actual Total Time": 23.742,
                      "Actual Rows": 4215,
                      "Actual Loops": 3,
                      "Recheck Cond": "(keyword_id = 245)",
                      "Rows Removed by Index Recheck": 0,
                      "Exact Heap Blocks": 6332,
                      "Lossy Heap Blocks": 0,
                      "Plans": [
                        {
                          "Node Type": "Bitmap Index Scan",
                          "Parent Relationship": "Outer",
                          "Parallel Aware": false,
                          "Index Name": "keyword_id_movie_keyword",
                          "Startup Cost": 0.0,
                          "Total Cost": 211.08,
                          "Plan Rows": 9953,
                          "Plan Width": 0,
                          "Actual Startup Time": 9.556,
                          "Actual Total Time": 9.556,
                          "Actual Rows": 12645,
                          "Actual Loops": 1,
                          "Index Cond": "(keyword_id = 245)"
                        }
                      ]
                    },
                    {
                      "Node Type": "Index Scan",
                      "Parent Relationship": "Inner",
                      "Parallel Aware": false,
                      "Scan Direction": "Forward",
                      "Index Name": "title_pkey",
                      "Relation Name": "title",
                      "Alias": "t",
                      "Startup Cost": 0.43,
                      "Total Cost": 6.54,
                      "Plan Rows": 1,
                      "Plan Width": 4,
                      "Actual Startup Time": 0.008,
                      "Actual Total Time": 0.008,
                      "Actual Rows": 0,
                      "Actual Loops": 12645,
                      "Index Cond": "(id = mk.movie_id)",
                      "Rows Removed by Index Recheck": 0,
                      "Filter": "((production_year > 2012) AND (kind_id = 7))",
                      "Rows Removed by Filter": 1
                    }
                  ]
                }
              ]
            }
          ]
        }
      ]
    },
    "Planning Time": 0.655,
    "Triggers": [],
    "Execution Time": 74.752
  }
]