[
  {
    "Plan": {
      "Node Type": "Aggregate",
      "Strategy": "Plain",
      "Partial Mode": "Finalize",
      "Parallel Aware": false,
      "Startup Cost": 23697.16,
      "Total Cost": 23697.17,
      "Plan Rows": 1,
      "Plan Width": 8,
      "Actual Startup Time": 53.933,
      "Actual Total Time": 61.622,
      "Actual Rows": 1,
      "Actual Loops": 1,
      "Plans": [
        {
          "Node Type": "Gather",
          "Parent Relationship": "Outer",
          "Parallel Aware": false,
          "Startup Cost": 23696.95,
          "Total Cost": 23697.16,
          "Plan Rows": 2,
          "Plan Width": 8,
          "Actual Startup Time": 53.684,
          "Actual Total Time": 61.614,
          "Actual Rows": 3,
          "Actual Loops": 1,
          "Workers Planned": 2,
          "Workers Launched": 2,
          "Single Copy": false,
          "Plans": [
            {
              "Node Type": "Aggregate",
              "Strategy": "Plain",
              "Partial Mode": "Partial",
              "Parent Relationship": "Outer",
              "Parallel Aware": false,
              "Startup Cost": 22696.95,
              "Total Cost": 22696.96,
              "Plan Rows": 1,
              "Plan Width": 8,
              "Actual Startup Time": 45.087,
              "Actual Total Time": 45.089,
              "Actual Rows": 1,
              "Actual Loops": 3,
              "Plans": [
                {
                  "Node Type": "Nested Loop",
                  "Parent Relationship": "Outer",
                  "Parallel Aware": false,
                  "Join Type": "Inner",
                  "Startup Cost": 80.26,
                  "Total Cost": 22683.35,
                  "Plan Rows": 5438,
                  "Plan Width": 0,
                  "Actual Startup Time": 1.168,
                  "Actual Total Time": 43.761,
                  "Actual Rows": 12474,
                  "Actual Loops": 3,
                  "Inner Unique": false,
                  "Plans": [
                    {
                      "Node Type": "Nested Loop",
                      "Parent Relationship": "Outer",
                      "Parallel Aware": false,
                      "Join Type": "Inner",
                      "Startup Cost": 79.82,
                      "Total Cost": 19947.15,
                      "Plan Rows": 1450,
                      "Plan Width": 8,
                      "Actual Startup Time": 0.98,
                      "Actual Total Time": 14.19,
                      "Actual Rows": 1332,
                      "Actual Loops": 3,
                      "Inner Unique": true,
                      "Plans": [
                        {
                          "Node Type": "Bitmap Heap Scan",
                          "Parent Relationship": "Outer",
                          "Parallel Aware": true,
                          "Relation Name": "movie_companies",
                          "Alias": "mc",
                          "Startup Cost": 79.39,
                          "Total Cost": 8903.62,
                          "Plan Rows": 1450,
                          "Plan Width": 4,
                          "Actual Startup Time": 0.794,
                          "Actual Total Time": 1.967,
                          "Actual Rows": 1332,
                          "Actual Loops": 3,
                          "Recheck Cond": "(company_id = 150)",
                          "Rows Removed by Index Recheck": 0,
                          "Exact Heap Blocks": 215,
                          "Lossy Heap Blocks": 0,
                          "Plans": [
                            {
                              "Node Type": "Bitmap Index Scan",
                              "Parent Relationship": "Outer",
                              "Parallel Aware": false,
                              "Index Name": "company_id_movie_companies",
                              "Startup Cost": 0.0,
                              "Total Cost": 78.52,
                              "Plan Rows": 3479,
                              "Plan Width": 0,
                              "Actual Startup Time": 1.919,
                              "Actual Total Time": 1.92,
                              "Actual Rows": 3996,
                              "Actual Loops": 1,
                              "Index Cond": "(company_id = 150)"
                            }
                          ]
                        },
                        {
                          "Node Type": "Index Only Scan",
                          "Parent Relationship": "Inner",
                          "Parallel Aware": false,
                          "Scan Direction": "Forward",
                          "Index Name": "title_pkey",
                          "Relation Name": "title",
                          "Alias": "t",
                          "Startup Cost": 0.43,
                          "Total Cost": 7.62,
                          "Plan Rows": 1,
                          "Plan Width": 4,
                          "Actual Startup Time": 0.008,
                          "Actual Total Time": 0.008,
                          "Actual Rows": 1,
                          "Actual Loops": 3996,
                          "Index Cond": "(id = mc.movie_id)",
                          "Rows Removed by Index Recheck": 0,
                          "Heap Fetches": 3996
                        }
                      ]
                    },
                    {
                      "Node Type": "Index Scan",
                      "Parent Relationship": "Inner",
                      "Parallel Aware": false,
                      "Scan Direction": "Forward",
                      "Index Name": "movie_id_movie_info",
                      "Relation Name": "movie_info",
                      "Alias": "mi",
                      "Startup Cost": 0.43,
                      "Total Cost": 1.62,
                      "Plan Rows": 27,
                      "Plan Width": 4,
                      "Actual Startup Time": 0.007,
                      "Actual Total Time": 0.02,
                      "Actual Rows": 9,
                      "Actual Loops": 3996,
                      "Index Cond": "(movie_id = t.id)",
                      "Rows Removed by Index Recheck": 0,
                      "Filter": "(info_type_id < 16)",
                      "Rows Removed by Filter": 7
                    }
                  ]
                }
              ]
            }
          ]
        }
      ]
    },
    "Planning Time": 1.19,
    "Triggers": [],
    "Execution Time": 61.706
  }
]