[
  {
    "Plan": {
      "Node Type": "Aggregate",
      "Strategy": "Plain",
      "Partial Mode": "Finalize",
      "Parallel Aware": false,
      "Startup Cost": 340279.17,
      "Total Cost": 340279.18,
      "Plan Rows": 1,
      "Plan Width": 8,
      "Actual Startup Time": 850.074,
      "Actual Total Time": 909.721,
      "Actual Rows": 1,
      "Actual Loops": 1,
      "Plans": [
        {
          "Node Type": "Gather",
          "Parent Relationship": "Outer",
          "Parallel Aware": false,
          "Startup Cost": 340278.55,
          "Total Cost": 340279.16,
          "Plan Rows": 6,
          "Plan Width": 8,
          "Actual Startup Time": 849.893,
          "Actual Total Time": 909.708,
          "Actual Rows": 7,
          "Actual Loops": 1,
          "Workers Planned": 6,
          "Workers Launched": 6,
          "Single Copy": false,
          "Plans": [
            {
              "Node Type": "Aggregate",
              "Strategy": "Plain",
              "Partial Mode": "Partial",
              "Parent Relationship": "Outer",
              "Parallel Aware": false,
              "Startup Cost": 339278.55,
              "Total Cost": 339278.56,
              "Plan Rows": 1,
              "Plan Width": 8,
              "Actual Startup Time": 845.634,
              "Actual Total Time": 845.635,
              "Actual Rows": 1,
              "Actual Loops": 7,
              "Plans": [
                {
                  "Node Type": "Seq Scan",
                  "Parent Relationship": "Outer",
                  "Parallel Aware": true,
                  "Relation Name": "cast_info",
                  "Alias": "ci",
                  "Startup Cost": 0.0,
                  "Total Cost": 328211.39,
                  "Plan Rows": 4426862,
                  "Plan Width": 0,
                  "Actual Startup Time": 116.174,
                  "Actual Total Time": 659.956,
                  "Actual Rows": 3783172,
                  "Actual Loops": 7,
                  "Filter": "(person_id > 959767)",
                  "Rows Removed by Filter": 1394592
                }
              ]
            }
          ]
        }
      ]
    },
    "Planning Time": 0.095,
    "Triggers": [],
    "Execution Time": 909.768
  }
]