[
  {
    "Plan": {
      "Node Type": "Hash Join",
      "Parallel Aware": false,
      "Join Type": "Inner",
      "Startup Cost": 8282.43,
      "Total Cost": 65177.19,
      "Plan Rows": 2091638,
      "Plan Width": 40,
      "Actual Startup Time": 109.858,
      "Actual Total Time": 1126.868,
      "Actual Rows": 2087248,
      "Actual Loops": 1,
      "Inner Unique": true,
      "Hash Cond": "(mc.company_id = cn.id)",
      "Plans": [
        {
          "Node Type": "Seq Scan",
          "Parent Relationship": "Outer",
          "Parallel Aware": false,
          "Relation Name": "movie_companies",
          "Alias": "mc",
          "Startup Cost": 0.0,
          "Total Cost": 51404.11,
          "Plan Rows": 2091638,
          "Plan Width": 40,
          "Actual Startup Time": 0.023,
          "Actual Total Time": 389.995,
          "Actual Rows": 2087248,
          "Actual Loops": 1,
          "Filter": "(company_id < 73232)",
          "Rows Removed by Filter": 521881
        },
        {
          "Node Type": "Hash",
          "Parent Relationship": "Inner",
          "Parallel Aware": false,
          "Startup Cost": 5344.97,
          "Total Cost": 5344.97,
          "Plan Rows": 234997,
          "Plan Width": 4,
          "Actual Startup Time": 106.918,
          "Actual Total Time": 106.919,
          "Actual Rows": 234997,
          "Actual Loops": 1,
          "Hash Buckets": 262144,
          "Original Hash Buckets": 262144,
          "Hash Batches": 1,
          "Original Hash Batches": 1,
          "Peak Memory Usage": 10310,
          "Plans": [
            {
              "Node Type": "Seq Scan",
              "Parent Relationship": "Outer",
              "Parallel Aware": false,
              "Relation Name": "company_name",
              "Alias": "cn",
              "Startup Cost": 0.0,
              "Total Cost": 5344.97,
              "Plan Rows": 234997,
              "Plan Width": 4,
              "Actual Startup Time": 0.061,
              "Actual Total Time": 49.577,
              "Actual Rows": 234997,
              "Actual Loops": 1
            }
          ]
        }
      ]
    },
    "Planning Time": 3.393,
    "Triggers": [],
    "Execution Time": 1224.31
  }
]