[
  {
    "Plan": {
      "Node Type": "Aggregate",
      "Strategy": "Plain",
      "Partial Mode": "Finalize",
      "Parallel Aware": false,
      "Startup Cost": 294254.57,
      "Total Cost": 294254.58,
      "Plan Rows": 1,
      "Plan Width": 8,
      "Actual Startup Time": 155.358,
      "Actual Total Time": 165.93,
      "Actual Rows": 1,
      "Actual Loops": 1,
      "Plans": [
        {
          "Node Type": "Gather",
          "Parent Relationship": "Outer",
          "Parallel Aware": false,
          "Startup Cost": 294253.95,
          "Total Cost": 294254.56,
          "Plan Rows": 6,
          "Plan Width": 8,
          "Actual Startup Time": 154.65,
          "Actual Total Time": 165.915,
          "Actual Rows": 7,
          "Actual Loops": 1,
          "Workers Planned": 6,
          "Workers Launched": 6,
          "Single Copy": false,
          "Plans": [
            {
              "Node Type": "Aggregate",
              "Strategy": "Plain",
              "Partial Mode": "Partial",
              "Parent Relationship": "Outer",
              "Parallel Aware": false,
              "Startup Cost": 293253.95,
              "Total Cost": 293253.96,
              "Plan Rows": 1,
              "Plan Width": 8,
              "Actual Startup Time": 147.545,
              "Actual Total Time": 147.549,
              "Actual Rows": 1,
              "Actual Loops": 7,
              "Plans": [
                {
                  "Node Type": "Bitmap Heap Scan",
                  "Parent Relationship": "Outer",
                  "Parallel Aware": true,
                  "Relation Name": "cast_info",
                  "Alias": "ci",
                  "Startup Cost": 36440.51,
                  "Total Cost": 292566.21,
                  "Plan Rows": 275096,
                  "Plan Width": 0,
                  "Actual Startup Time": 65.557,
                  "Actual Total Time": 131.984,
                  "Actual Rows": 243397,
                  "Actual Loops": 7,
                  "Recheck Cond": "(person_id < 169417)",
                  "Rows Removed by Index Recheck": 0,
                  "Exact Heap Blocks": 4639,
                  "Lossy Heap Blocks": 0,
                  "Plans": [
                    {
                      "Node Type": "Bitmap Index Scan",
                      "Parent Relationship": "Outer",
                      "Parallel Aware": false,
                      "Index Name": "person_id_cast_info",
                      "Startup Cost": 0.0,
                      "Total Cost": 36027.87,
                      "Plan Rows": 1650574,
                      "Plan Width": 0,
                      "Actual Startup Time": 68.65,
                      "Actual Total Time": 68.651,
                      "Actual Rows": 1703779,
                      "Actual Loops": 1,
                      "Index Cond": "(person_id < 169417)"
                    }
                  ]
                }
              ]
            }
          ]
        }
      ]
    },
    "Planning Time": 0.208,
    "Triggers": [],
    "Execution Time": 166.012
  }
]