{
  "Plan": {
    "Node Type": "Aggregate",
    "Strategy": "Plain",
    "Partial Mode": "Finalize",
    "Parallel Aware": false,
    "Startup Cost": 216292.76,
    "Total Cost": 216292.77,
    "Plan Rows": 1,
    "Plan Width": 8,
    "Actual Startup Time": 202.34,
    "Actual Total Time": 229.361,
    "Actual Rows": 1,
    "Actual Loops": 1,
    "Plans": [
      {
        "Node Type": "Gather",
        "Parent Relationship": "Outer",
        "Parallel Aware": false,
        "Startup Cost": 216292.64,
        "Total Cost": 216292.75,
        "Plan Rows": 1,
        "Plan Width": 8,
        "Actual Startup Time": 202.245,
        "Actual Total Time": 229.354,
        "Actual Rows": 2,
        "Actual Loops": 1,
        "Workers Planned": 1,
        "Workers Launched": 1,
        "Single Copy": false,
        "Plans": [
          {
            "Node Type": "Aggregate",
            "Strategy": "Plain",
            "Partial Mode": "Partial",
            "Parent Relationship": "Outer",
            "Parallel Aware": false,
            "Startup Cost": 215292.64,
            "Total Cost": 215292.65,
            "Plan Rows": 1,
            "Plan Width": 8,
            "Actual Startup Time": 196.405,
            "Actual Total Time": 196.406,
            "Actual Rows": 1,
            "Actual Loops": 2,
            "Plans": [
              {
                "Node Type": "Nested Loop",
                "Parent Relationship": "Outer",
                "Parallel Aware": false,
                "Join Type": "Inner",
                "Startup Cost": 0.56,
                "Total Cost": 215289.23,
                "Plan Rows": 1366,
                "Plan Width": 0,
                "Actual Startup Time": 17.41,
                "Actual Total Time": 196.194,
                "Actual Rows": 2565,
                "Actual Loops": 2,
                "Inner Unique": false,
                "Plans": [
                  {
                    "Node Type": "Seq Scan",
                    "Parent Relationship": "Outer",
                    "Parallel Aware": true,
                    "Relation Name": "title",
                    "Alias": "t",
                    "Startup Cost": 0.0,
                    "Total Cost": 58306.47,
                    "Plan Rows": 1166,
                    "Plan Width": 4,
                    "Actual Startup Time": 4.409,
                    "Actual Total Time": 128.804,
                    "Actual Rows": 1374,
                    "Actual Loops": 2,
                    "Filter": "((kind_id < 7) AND (production_year = 1951))",
                    "Rows Removed by Filter": 1262782
                  },
                  {
                    "Node Type": "Index Scan",
                    "Parent Relationship": "Inner",
                    "Parallel Aware": false,
                    "Scan Direction": "Forward",
                    "Index Name": "movie_id_cast_info",
                    "Relation Name": "cast_info",
                    "Alias": "ci",
                    "Startup Cost": 0.56,
                    "Total Cost": 134.6,
                    "Plan Rows": 3,
                    "Plan Width": 4,
                    "Actual Startup Time": 0.036,
                    "Actual Total Time": 0.048,
                    "Actual Rows": 2,
                    "Actual Loops": 2748,
                    "Index Cond": "(movie_id = t.id)",
                    "Rows Removed by Index Recheck": 0,
                    "Filter": "((person_id > 2206532) AND (role_id = 2))",
                    "Rows Removed by Filter": 17
                  }
                ]
              }
            ]
          }
        ]
      }
    ]
  },
  "Planning Time": 0.563,
  "Triggers": [],
  "Execution Time": 229.447
}