[
  {
    "Plan": {
      "Node Type": "Aggregate",
      "Strategy": "Plain",
      "Partial Mode": "Finalize",
      "Parallel Aware": false,
      "Startup Cost": 77840.93,
      "Total Cost": 77840.94,
      "Plan Rows": 1,
      "Plan Width": 8,
      "Actual Startup Time": 242.727,
      "Actual Total Time": 256.405,
      "Actual Rows": 1,
      "Actual Loops": 1,
      "Plans": [
        {
          "Node Type": "Gather",
          "Parent Relationship": "Outer",
          "Parallel Aware": false,
          "Startup Cost": 77840.51,
          "Total Cost": 77840.92,
          "Plan Rows": 4,
          "Plan Width": 8,
          "Actual Startup Time": 242.052,
          "Actual Total Time": 256.396,
          "Actual Rows": 5,
          "Actual Loops": 1,
          "Workers Planned": 4,
          "Workers Launched": 4,
          "Single Copy": false,
          "Plans": [
            {
              "Node Type": "Aggregate",
              "Strategy": "Plain",
              "Partial Mode": "Partial",
              "Parent Relationship": "Outer",
              "Parallel Aware": false,
              "Startup Cost": 76840.51,
              "Total Cost": 76840.52,
              "Plan Rows": 1,
              "Plan Width": 8,
              "Actual Startup Time": 232.488,
              "Actual Total Time": 232.491,
              "Actual Rows": 1,
              "Actual Loops": 5,
              "Plans": [
                {
                  "Node Type": "Hash Join",
                  "Parent Relationship": "Outer",
                  "Parallel Aware": true,
                  "Join Type": "Inner",
                  "Startup Cost": 31048.04,
                  "Total Cost": 76703.69,
                  "Plan Rows": 54730,
                  "Plan Width": 0,
                  "Actual Startup Time": 96.562,
                  "Actual Total Time": 231.227,
                  "Actual Rows": 20336,
                  "Actual Loops": 5,
                  "Inner Unique": false,
                  "Hash Cond": "(t.id = mc.movie_id)",
                  "Plans": [
                    {
                      "Node Type": "Seq Scan",
                      "Parent Relationship": "Outer",
                      "Parallel Aware": true,
                      "Relation Name": "title",
                      "Alias": "t",
                      "Startup Cost": 0.0,
                      "Total Cost": 42318.73,
                      "Plan Rows": 632073,
                      "Plan Width": 4,
                      "Actual Startup Time": 0.012,
                      "Actual Total Time": 65.495,
                      "Actual Rows": 505662,
                      "Actual Loops": 5
                    },
                    {
                      "Node Type": "Hash",
                      "Parent Relationship": "Inner",
                      "Parallel Aware": true,
                      "Startup Cost": 30165.29,
                      "Total Cost": 30165.29,
                      "Plan Rows": 70620,
                      "Plan Width": 4,
                      "Actual Startup Time": 94.587,
                      "Actual Total Time": 94.589,
                      "Actual Rows": 20336,
                      "Actual Loops": 5,
                      "Hash Buckets": 262144,
                      "Original Hash Buckets": 262144,
                      "Hash Batches": 1,
                      "Original Hash Batches": 1,
                      "Peak Memory Usage": 6112,
                      "Plans": [
                        {
                          "Node Type": "Bitmap Heap Scan",
                          "Parent Relationship": "Outer",
                          "Parallel Aware": true,
                          "Relation Name": "movie_companies",
                          "Alias": "mc",
                          "Startup Cost": 9288.97,
                          "Total Cost": 30165.29,
                          "Plan Rows": 70620,
                          "Plan Width": 4,
                          "Actual Startup Time": 73.735,
                          "Actual Total Time": 87.695,
                          "Actual Rows": 20336,
                          "Actual Loops": 5,
                          "Recheck Cond": "(company_id < 305)",
                          "Rows Removed by Index Recheck": 0,
                          "Filter": "(company_type_id = 2)",
                          "Rows Removed by Filter": 65453,
                          "Exact Heap Blocks": 7769,
                          "Lossy Heap Blocks": 0,
                          "Plans": [
                            {
                              "Node Type": "Bitmap Index Scan",
                              "Parent Relationship": "Outer",
                              "Parallel Aware": false,
                              "Index Name": "company_id_movie_companies",
                              "Startup Cost": 0.0,
                              "Total Cost": 9234.24,
                              "Plan Rows": 431174,
                              "Plan Width": 0,
                              "Actual Startup Time": 33.43,
                              "Actual Total Time": 33.43,
                              "Actual Rows": 428945,
                              "Actual Loops": 1,
                              "Index Cond": "(company_id < 305)"
                            }
                          ]
                        }
                      ]
                    }
                  ]
                }
              ]
            }
          ]
        }
      ]
    },
    "Planning Time": 0.635,
    "Triggers": [],
    "Execution Time": 256.499
  }
]