[
  {
    "Bao": {
      "Bao prediction": 1980.468,
      "Bao recommended hint": "SET enable_mergejoin TO off; SET enable_indexscan TO off; "
    }
  },
  {
    "Plan": {
      "Node Type": "Aggregate",
      "Strategy": "Plain",
      "Partial Mode": "Simple",
      "Parallel Aware": false,
      "Startup Cost": 12199.13,
      "Total Cost": 12199.14,
      "Plan Rows": 1,
      "Plan Width": 128,
      "Actual Startup Time": 9353.235,
      "Actual Total Time": 9353.243,
      "Actual Rows": 1,
      "Actual Loops": 1,
      "Plans": [
        {
          "Node Type": "Nested Loop",
          "Parent Relationship": "Outer",
          "Parallel Aware": false,
          "Join Type": "Inner",
          "Startup Cost": 13.92,
          "Total Cost": 12199.12,
          "Plan Rows": 1,
          "Plan Width": 81,
          "Actual Startup Time": 8.909,
          "Actual Total Time": 9341.19,
          "Actual Rows": 26153,
          "Actual Loops": 1,
          "Inner Unique": true,
          "Join Filter": "(mi.movie_id = t.id)",
          "Rows Removed by Join Filter": 0,
          "Plans": [
            {
              "Node Type": "Nested Loop",
              "Parent Relationship": "Outer",
              "Parallel Aware": false,
              "Join Type": "Inner",
              "Startup Cost": 13.47,
              "Total Cost": 12194.65,
              "Plan Rows": 1,
              "Plan Width": 80,
              "Actual Startup Time": 8.834,
              "Actual Total Time": 9152.75,
              "Actual Rows": 26153,
              "Actual Loops": 1,
              "Inner Unique": true,
              "Plans": [
                {
                  "Node Type": "Nested Loop",
                  "Parent Relationship": "Outer",
                  "Parallel Aware": false,
                  "Join Type": "Inner",
                  "Startup Cost": 12.99,
                  "Total Cost": 12190.15,
                  "Plan Rows": 1,
                  "Plan Width": 69,
                  "Actual Startup Time": 8.73,
                  "Actual Total Time": 8770.958,
                  "Actual Rows": 42900,
                  "Actual Loops": 1,
                  "Inner Unique": false,
                  "Join Filter": "(mi.movie_id = ci.movie_id)",
                  "Rows Removed by Join Filter": 0,
                  "Plans": [
                    {
                      "Node Type": "Nested Loop",
                      "Parent Relationship": "Outer",
                      "Parallel Aware": false,
                      "Join Type": "Inner",
                      "Startup Cost": 12.03,
                      "Total Cost": 12184.48,
                      "Plan Rows": 1,
                      "Plan Width": 61,
                      "Actual Startup Time": 6.826,
                      "Actual Total Time": 3271.857,
                      "Actual Rows": 63386,
                      "Actual Loops": 1,
                      "Inner Unique": false,
                      "Join Filter": "(mi.info_type_id = it1.id)",
                      "Rows Removed by Join Filter": 4346,
                      "Plans": [
                        {
                          "Node Type": "Seq Scan",
                          "Parent Relationship": "Outer",
                          "Parallel Aware": false,
                          "Relation Name": "info_type",
                          "Alias": "it1",
                          "Startup Cost": 0.0,
                          "Total Cost": 2.41,
                          "Plan Rows": 1,
                          "Plan Width": 4,
                          "Actual Startup Time": 0.016,
                          "Actual Total Time": 0.024,
                          "Actual Rows": 1,
                          "Actual Loops": 1,
                          "Filter": "((info)::text = 'genres'::text)",
                          "Rows Removed by Filter": 112
                        },
                        {
                          "Node Type": "Nested Loop",
                          "Parent Relationship": "Inner",
                          "Parallel Aware": false,
                          "Join Type": "Inner",
                          "Startup Cost": 12.03,
                          "Total Cost": 12182.03,
                          "Plan Rows": 3,
                          "Plan Width": 65,
                          "Actual Startup Time": 6.806,
                          "Actual Total Time": 3260.325,
                          "Actual Rows": 67732,
                          "Actual Loops": 1,
                          "Inner Unique": false,
                          "Join Filter": "(mi_idx.movie_id = mi.movie_id)",
                          "Rows Removed by Join Filter": 0,
                          "Plans": [
                            {
                              "Node Type": "Nested Loop",
                              "Parent Relationship": "Outer",
                              "Parallel Aware": false,
                              "Join Type": "Inner",
                              "Startup Cost": 11.24,
                              "Total Cost": 12148.29,
                              "Plan Rows": 6,
                              "Plan Width": 14,
                              "Actual Startup Time": 6.528,
                              "Actual Total Time": 778.837,
                              "Actual Rows": 63701,
                              "Actual Loops": 1,
                              "Inner Unique": false,
                              "Join Filter": "(mi_idx.info_type_id = it2.id)",
                              "Rows Removed by Join Filter": 127988,
                              "Plans": [
                                {
                                  "Node Type": "Seq Scan",
                                  "Parent Relationship": "Outer",
                                  "Parallel Aware": false,
                                  "Relation Name": "info_type",
                                  "Alias": "it2",
                                  "Startup Cost": 0.0,
                                  "Total Cost": 2.41,
                                  "Plan Rows": 1,
                                  "Plan Width": 4,
                                  "Actual Startup Time": 0.016,
                                  "Actual Total Time": 0.02,
                                  "Actual Rows": 1,
                                  "Actual Loops": 1,
                                  "Filter": "((info)::text = 'votes'::text)",
                                  "Rows Removed by Filter": 112
                                },
                                {
                                  "Node Type": "Nested Loop",
                                  "Parent Relationship": "Inner",
                                  "Parallel Aware": false,
                                  "Join Type": "Inner",
                                  "Startup Cost": 11.24,
                                  "Total Cost": 12136.86,
                                  "Plan Rows": 722,
                                  "Plan Width": 18,
                                  "Actual Startup Time": 6.507,
                                  "Actual Total Time": 760.746,
                                  "Actual Rows": 191689,
                                  "Actual Loops": 1,
                                  "Inner Unique": false,
                                  "Plans": [
                                    {
                                      "Node Type": "Nested Loop",
                                      "Parent Relationship": "Outer",
                                      "Parallel Aware": false,
                                      "Join Type": "Inner",
                                      "Startup Cost": 10.78,
                                      "Total Cost": 11069.25,
                                      "Plan Rows": 236,
                                      "Plan Width": 4,
                                      "Actual Startup Time": 6.427,
                                      "Actual Total Time": 177.187,
                                      "Actual Rows": 76714,
                                      "Actual Loops": 1,
                                      "Inner Unique": false,
                                      "Plans": [
                                        {
                                          "Node Type": "Seq Scan",
                                          "Parent Relationship": "Outer",
                                          "Parallel Aware": false,
                                          "Relation Name": "keyword",
                                          "Alias": "k",
                                          "Startup Cost": 0.0,
                                          "Total Cost": 3464.69,
                                          "Plan Rows": 7,
                                          "Plan Width": 4,
                                          "Actual Startup Time": 1.161,
                                          "Actual Total Time": 22.167,
                                          "Actual Rows": 7,
                                          "Actual Loops": 1,
                                          "Filter": "(keyword = ANY ('{murder,violence,blood,gore,death,female-nudity,hospital}'::text[]))",
                                          "Rows Removed by Filter": 134163
                                        },
                                        {
                                          "Node Type": "Bitmap Heap Scan",
                                          "Parent Relationship": "Inner",
                                          "Parallel Aware": false,
                                          "Relation Name": "movie_keyword",
                                          "Alias": "mk",
                                          "Startup Cost": 10.78,
                                          "Total Cost": 1083.34,
                                          "Plan Rows": 303,
                                          "Plan Width": 8,
                                          "Actual Startup Time": 2.575,
                                          "Actual Total Time": 20.562,
                                          "Actual Rows": 10959,
                                          "Actual Loops": 7,
                                          "Recheck Cond": "(keyword_id = k.id)",
                                          "Rows Removed by Index Recheck": 0,
                                          "Exact Heap Blocks": 53234,
                                          "Lossy Heap Blocks": 0,
                                          "Plans": [
                                            {
                                              "Node Type": "Bitmap Index Scan",
                                              "Parent Relationship": "Outer",
                                              "Parallel Aware": false,
                                              "Index Name": "keyword_id_movie_keyword",
                                              "Startup Cost": 0.0,
                                              "Total Cost": 10.71,
                                              "Plan Rows": 303,
                                              "Plan Width": 0,
                                              "Actual Startup Time": 1.659,
                                              "Actual Total Time": 1.659,
                                              "Actual Rows": 10959,
                                              "Actual Loops": 7,
                                              "Index Cond": "(keyword_id = k.id)"
                                            }
                                          ]
                                        }
                                      ]
                                    },
                                    {
                                      "Node Type": "Bitmap Heap Scan",
                                      "Parent Relationship": "Inner",
                                      "Parallel Aware": false,
                                      "Relation Name": "movie_info_idx",
                                      "Alias": "mi_idx",
                                      "Startup Cost": 0.46,
                                      "Total Cost": 4.49,
                                      "Plan Rows": 3,
                                      "Plan Width": 14,
                                      "Actual Startup Time": 0.005,
                                      "Actual Total Time": 0.005,
                                      "Actual Rows": 2,
                                      "Actual Loops": 76714,
                                      "Recheck Cond": "(movie_id = mk.movie_id)",
                                      "Rows Removed by Index Recheck": 0,
                                      "Exact Heap Blocks": 64819,
                                      "Lossy Heap Blocks": 0,
                                      "Plans": [
                                        {
                                          "Node Type": "Bitmap Index Scan",
                                          "Parent Relationship": "Outer",
                                          "Parallel Aware": false,
                                          "Index Name": "movie_id_movie_info_idx",
                                          "Startup Cost": 0.0,
                                          "Total Cost": 0.46,
                                          "Plan Rows": 3,
                                          "Plan Width": 0,
                                          "Actual Startup Time": 0.004,
                                          "Actual Total Time": 0.004,
                                          "Actual Rows": 2,
                                          "Actual Loops": 76714,
                                          "Index Cond": "(movie_id = mk.movie_id)"
                                        }
                                      ]
                                    }
                                  ]
                                }
                              ]
                            },
                            {
                              "Node Type": "Bitmap Heap Scan",
                              "Parent Relationship": "Inner",
                              "Parallel Aware": false,
                              "Relation Name": "movie_info",
                              "Alias": "mi",
                              "Startup Cost": 0.79,
                              "Total Cost": 5.61,
                              "Plan Rows": 1,
                              "Plan Width": 51,
                              "Actual Startup Time": 0.036,
                              "Actual Total Time": 0.037,
                              "Actual Rows": 1,
                              "Actual Loops": 63701,
                              "Recheck Cond": "(movie_id = mk.movie_id)",
                              "Rows Removed by Index Recheck": 0,
                              "Filter": "(info = ANY ('{Horror,Action,Sci-Fi,Thriller,Crime,War}'::text[]))",
                              "Rows Removed by Filter": 58,
                              "Exact Heap Blocks": 873405,
                              "Lossy Heap Blocks": 0,
                              "Plans": [
                                {
                                  "Node Type": "Bitmap Index Scan",
                                  "Parent Relationship": "Outer",
                                  "Parallel Aware": false,
                                  "Index Name": "movie_id_movie_info",
                                  "Startup Cost": 0.0,
                                  "Total Cost": 0.79,
                                  "Plan Rows": 41,
                                  "Plan Width": 0,
                                  "Actual Startup Time": 0.009,
                                  "Actual Total Time": 0.009,
                                  "Actual Rows": 59,
                                  "Actual Loops": 63701,
                                  "Index Cond": "(movie_id = mk.movie_id)"
                                }
                              ]
                            }
                          ]
                        }
                      ]
                    },
                    {
                      "Node Type": "Bitmap Heap Scan",
                      "Parent Relationship": "Inner",
                      "Parallel Aware": false,
                      "Relation Name": "cast_info",
                      "Alias": "ci",
                      "Startup Cost": 0.96,
                      "Total Cost": 5.65,
                      "Plan Rows": 1,
                      "Plan Width": 8,
                      "Actual Startup Time": 0.069,
                      "Actual Total Time": 0.085,
                      "Actual Rows": 1,
                      "Actual Loops": 63386,
                      "Recheck Cond": "(movie_id = mk.movie_id)",
                      "Rows Removed by Index Recheck": 0,
                      "Filter": "(note = ANY ('{(writer),\"(head writer)\",\"(written by)\",(story),\"(story editor)\"}'::text[]))",
                      "Rows Removed by Filter": 63,
                      "Exact Heap Blocks": 3935932,
                      "Lossy Heap Blocks": 0,
                      "Plans": [
                        {
                          "Node Type": "Bitmap Index Scan",
                          "Parent Relationship": "Outer",
                          "Parallel Aware": false,
                          "Index Name": "movie_id_cast_info",
                          "Startup Cost": 0.0,
                          "Total Cost": 0.96,
                          "Plan Rows": 37,
                          "Plan Width": 0,
                          "Actual Startup Time": 0.009,
                          "Actual Total Time": 0.009,
                          "Actual Rows": 64,
                          "Actual Loops": 63386,
                          "Index Cond": "(movie_id = mk.movie_id)"
                        }
                      ]
                    }
                  ]
                },
                {
                  "Node Type": "Bitmap Heap Scan",
                  "Parent Relationship": "Inner",
                  "Parallel Aware": false,
                  "Relation Name": "name",
                  "Alias": "n",
                  "Startup Cost": 0.49,
                  "Total Cost": 4.5,
                  "Plan Rows": 1,
                  "Plan Width": 19,
                  "Actual Startup Time": 0.007,
                  "Actual Total Time": 0.007,
                  "Actual Rows": 1,
                  "Actual Loops": 42900,
                  "Recheck Cond": "(id = ci.person_id)",
                  "Rows Removed by Index Recheck": 0,
                  "Filter": "((gender)::text = 'm'::text)",
                  "Rows Removed by Filter": 0,
                  "Exact Heap Blocks": 42900,
                  "Lossy Heap Blocks": 0,
                  "Plans": [
                    {
                      "Node Type": "Bitmap Index Scan",
                      "Parent Relationship": "Outer",
                      "Parallel Aware": false,
                      "Index Name": "name_pkey",
                      "Startup Cost": 0.0,
                      "Total Cost": 0.49,
                      "Plan Rows": 1,
                      "Plan Width": 0,
                      "Actual Startup Time": 0.004,
                      "Actual Total Time": 0.004,
                      "Actual Rows": 1,
                      "Actual Loops": 42900,
                      "Index Cond": "(id = ci.person_id)"
                    }
                  ]
                }
              ]
            },
            {
              "Node Type": "Bitmap Heap Scan",
              "Parent Relationship": "Inner",
              "Parallel Aware": false,
              "Relation Name": "title",
              "Alias": "t",
              "Startup Cost": 0.45,
              "Total Cost": 4.46,
              "Plan Rows": 1,
              "Plan Width": 21,
              "Actual Startup Time": 0.005,
              "Actual Total Time": 0.005,
              "Actual Rows": 1,
              "Actual Loops": 26153,
              "Recheck Cond": "(id = mk.movie_id)",
              "Rows Removed by Index Recheck": 0,
              "Exact Heap Blocks": 26153,
              "Lossy Heap Blocks": 0,
              "Plans": [
                {
                  "Node Type": "Bitmap Index Scan",
                  "Parent Relationship": "Outer",
                  "Parallel Aware": false,
                  "Index Name": "title_pkey",
                  "Startup Cost": 0.0,
                  "Total Cost": 0.45,
                  "Plan Rows": 1,
                  "Plan Width": 0,
                  "Actual Startup Time": 0.003,
                  "Actual Total Time": 0.003,
                  "Actual Rows": 1,
                  "Actual Loops": 26153,
                  "Index Cond": "(id = mk.movie_id)"
                }
              ]
            }
          ]
        }
      ]
    },
    "Planning Time": 479.998,
    "Triggers": [],
    "Execution Time": 9353.797
  }
]