[
  {
    "Plan": {
      "Node Type": "Aggregate",
      "Strategy": "Plain",
      "Partial Mode": "Finalize",
      "Parallel Aware": false,
      "Startup Cost": 80268.31,
      "Total Cost": 80268.32,
      "Plan Rows": 1,
      "Plan Width": 8,
      "Actual Startup Time": 543.577,
      "Actual Total Time": 560.768,
      "Actual Rows": 1,
      "Actual Loops": 1,
      "Plans": [
        {
          "Node Type": "Gather",
          "Parent Relationship": "Outer",
          "Parallel Aware": false,
          "Startup Cost": 80268.0,
          "Total Cost": 80268.31,
          "Plan Rows": 3,
          "Plan Width": 8,
          "Actual Startup Time": 535.114,
          "Actual Total Time": 560.74,
          "Actual Rows": 4,
          "Actual Loops": 1,
          "Workers Planned": 3,
          "Workers Launched": 3,
          "Single Copy": false,
          "Plans": [
            {
              "Node Type": "Aggregate",
              "Strategy": "Plain",
              "Partial Mode": "Partial",
              "Parent Relationship": "Outer",
              "Parallel Aware": false,
              "Startup Cost": 79268.0,
              "Total Cost": 79268.01,
              "Plan Rows": 1,
              "Plan Width": 8,
              "Actual Startup Time": 523.267,
              "Actual Total Time": 523.271,
              "Actual Rows": 1,
              "Actual Loops": 4,
              "Plans": [
                {
                  "Node Type": "Hash Join",
                  "Parent Relationship": "Outer",
                  "Parallel Aware": true,
                  "Join Type": "Inner",
                  "Startup Cost": 47612.61,
                  "Total Cost": 78543.03,
                  "Plan Rows": 289985,
                  "Plan Width": 0,
                  "Actual Startup Time": 268.868,
                  "Actual Total Time": 506.634,
                  "Actual Rows": 278902,
                  "Actual Loops": 4,
                  "Inner Unique": true,
                  "Hash Cond": "(mc.movie_id = t.id)",
                  "Plans": [
                    {
                      "Node Type": "Seq Scan",
                      "Parent Relationship": "Outer",
                      "Parallel Aware": true,
                      "Relation Name": "movie_companies",
                      "Alias": "mc",
                      "Startup Cost": 0.0,
                      "Total Cost": 29310.68,
                      "Plan Rows": 617045,
                      "Plan Width": 4,
                      "Actual Startup Time": 0.392,
                      "Actual Total Time": 94.33,
                      "Actual Rows": 479101,
                      "Actual Loops": 4,
                      "Filter": "(company_id > 1283)",
                      "Rows Removed by Filter": 173182
                    },
                    {
                      "Node Type": "Hash",
                      "Parent Relationship": "Inner",
                      "Parallel Aware": true,
                      "Startup Cost": 43899.32,
                      "Total Cost": 43899.32,
                      "Plan Rows": 297063,
                      "Plan Width": 4,
                      "Actual Startup Time": 260.427,
                      "Actual Total Time": 260.428,
                      "Actual Rows": 298981,
                      "Actual Loops": 4,
                      "Hash Buckets": 2097152,
                      "Original Hash Buckets": 2097152,
                      "Hash Batches": 1,
                      "Original Hash Batches": 1,
                      "Peak Memory Usage": 63200,
                      "Plans": [
                        {
                          "Node Type": "Seq Scan",
                          "Parent Relationship": "Outer",
                          "Parallel Aware": true,
                          "Relation Name": "title",
                          "Alias": "t",
                          "Startup Cost": 0.0,
                          "Total Cost": 43899.32,
                          "Plan Rows": 297063,
                          "Plan Width": 4,
                          "Actual Startup Time": 0.048,
                          "Actual Total Time": 131.719,
                          "Actual Rows": 298981,
                          "Actual Loops": 4,
                          "Filter": "(production_year < 2003)",
                          "Rows Removed by Filter": 333097
                        }
                      ]
                    }
                  ]
                }
              ]
            }
          ]
        }
      ]
    },
    "Planning Time": 0.614,
    "Triggers": [],
    "Execution Time": 560.845
  }
]