[
  {
    "Plan": {
      "Node Type": "Aggregate",
      "Strategy": "Plain",
      "Partial Mode": "Finalize",
      "Parallel Aware": false,
      "Startup Cost": 346466.39,
      "Total Cost": 346466.4,
      "Plan Rows": 1,
      "Plan Width": 8,
      "Actual Startup Time": 623.533,
      "Actual Total Time": 649.852,
      "Actual Rows": 1,
      "Actual Loops": 1,
      "Plans": [
        {
          "Node Type": "Gather",
          "Parent Relationship": "Outer",
          "Parallel Aware": false,
          "Startup Cost": 346465.77,
          "Total Cost": 346466.38,
          "Plan Rows": 6,
          "Plan Width": 8,
          "Actual Startup Time": 623.45,
          "Actual Total Time": 649.845,
          "Actual Rows": 7,
          "Actual Loops": 1,
          "Workers Planned": 6,
          "Workers Launched": 6,
          "Single Copy": false,
          "Plans": [
            {
              "Node Type": "Aggregate",
              "Strategy": "Plain",
              "Partial Mode": "Partial",
              "Parent Relationship": "Outer",
              "Parallel Aware": false,
              "Startup Cost": 345465.77,
              "Total Cost": 345465.78,
              "Plan Rows": 1,
              "Plan Width": 8,
              "Actual Startup Time": 617.921,
              "Actual Total Time": 617.922,
              "Actual Rows": 1,
              "Actual Loops": 7,
              "Plans": [
                {
                  "Node Type": "Seq Scan",
                  "Parent Relationship": "Outer",
                  "Parallel Aware": true,
                  "Relation Name": "cast_info",
                  "Alias": "ci",
                  "Startup Cost": 0.0,
                  "Total Cost": 343318.94,
                  "Plan Rows": 858731,
                  "Plan Width": 0,
                  "Actual Startup Time": 330.48,
                  "Actual Total Time": 568.047,
                  "Actual Rows": 1134275,
                  "Actual Loops": 7,
                  "Filter": "((person_id > 2885510) AND (role_id > 1))",
                  "Rows Removed by Filter": 4043488
                }
              ]
            }
          ]
        }
      ]
    },
    "Planning Time": 0.085,
    "Triggers": [],
    "Execution Time": 649.881
  }
]