[
  {
    "Plan": {
      "Node Type": "Aggregate",
      "Strategy": "Plain",
      "Partial Mode": "Finalize",
      "Parallel Aware": false,
      "Startup Cost": 69626.98,
      "Total Cost": 69626.99,
      "Plan Rows": 1,
      "Plan Width": 8,
      "Actual Startup Time": 119.723,
      "Actual Total Time": 127.739,
      "Actual Rows": 1,
      "Actual Loops": 1,
      "Plans": [
        {
          "Node Type": "Gather",
          "Parent Relationship": "Outer",
          "Parallel Aware": false,
          "Startup Cost": 69626.66,
          "Total Cost": 69626.97,
          "Plan Rows": 3,
          "Plan Width": 8,
          "Actual Startup Time": 119.424,
          "Actual Total Time": 127.724,
          "Actual Rows": 4,
          "Actual Loops": 1,
          "Workers Planned": 3,
          "Workers Launched": 3,
          "Single Copy": false,
          "Plans": [
            {
              "Node Type": "Aggregate",
              "Strategy": "Plain",
              "Partial Mode": "Partial",
              "Parent Relationship": "Outer",
              "Parallel Aware": false,
              "Startup Cost": 68626.66,
              "Total Cost": 68626.67,
              "Plan Rows": 1,
              "Plan Width": 8,
              "Actual Startup Time": 116.662,
              "Actual Total Time": 116.665,
              "Actual Rows": 1,
              "Actual Loops": 4,
              "Plans": [
                {
                  "Node Type": "Hash Join",
                  "Parent Relationship": "Outer",
                  "Parallel Aware": true,
                  "Join Type": "Inner",
                  "Startup Cost": 38369.0,
                  "Total Cost": 68606.73,
                  "Plan Rows": 7972,
                  "Plan Width": 0,
                  "Actual Startup Time": 51.772,
                  "Actual Total Time": 115.896,
                  "Actual Rows": 15504,
                  "Actual Loops": 4,
                  "Inner Unique": true,
                  "Hash Cond": "(mc.movie_id = t.id)",
                  "Plans": [
                    {
                      "Node Type": "Seq Scan",
                      "Parent Relationship": "Outer",
                      "Parallel Aware": true,
                      "Relation Name": "movie_companies",
                      "Alias": "mc",
                      "Startup Cost": 0.0,
                      "Total Cost": 29310.68,
                      "Plan Rows": 353162,
                      "Plan Width": 4,
                      "Actual Startup Time": 0.016,
                      "Actual Total Time": 58.134,
                      "Actual Rows": 272913,
                      "Actual Loops": 4,
                      "Filter": "(company_id < 7304)",
                      "Rows Removed by Filter": 379369
                    },
                    {
                      "Node Type": "Hash",
                      "Parent Relationship": "Inner",
                      "Parallel Aware": true,
                      "Startup Cost": 38190.65,
                      "Total Cost": 38190.65,
                      "Plan Rows": 14268,
                      "Plan Width": 4,
                      "Actual Startup Time": 30.688,
                      "Actual Total Time": 30.69,
                      "Actual Rows": 11640,
                      "Actual Loops": 4,
                      "Hash Buckets": 65536,
                      "Original Hash Buckets": 65536,
                      "Hash Batches": 1,
                      "Original Hash Batches": 1,
                      "Peak Memory Usage": 2400,
                      "Plans": [
                        {
                          "Node Type": "Bitmap Heap Scan",
                          "Parent Relationship": "Outer",
                          "Parallel Aware": true,
                          "Relation Name": "title",
                          "Alias": "t",
                          "Startup Cost": 1814.67,
                          "Total Cost": 38190.65,
                          "Plan Rows": 14268,
                          "Plan Width": 4,
                          "Actual Startup Time": 5.827,
                          "Actual Total Time": 27.452,
                          "Actual Rows": 11640,
                          "Actual Loops": 4,
                          "Recheck Cond": "(kind_id = 3)",
                          "Rows Removed by Index Recheck": 0,
                          "Filter": "(production_year > 1999)",
                          "Rows Removed by Filter": 13494,
                          "Exact Heap Blocks": 5874,
                          "Lossy Heap Blocks": 0,
                          "Plans": [
                            {
                              "Node Type": "Bitmap Index Scan",
                              "Parent Relationship": "Outer",
                              "Parallel Aware": false,
                              "Index Name": "kind_id_title",
                              "Startup Cost": 0.0,
                              "Total Cost": 1800.4,
                              "Plan Rows": 100796,
                              "Plan Width": 0,
                              "Actual Startup Time": 5.605,
                              "Actual Total Time": 5.605,
                              "Actual Rows": 100537,
                              "Actual Loops": 1,
                              "Index Cond": "(kind_id = 3)"
                            }
                          ]
                        }
                      ]
                    }
                  ]
                }
              ]
            }
          ]
        }
      ]
    },
    "Planning Time": 0.253,
    "Triggers": [],
    "Execution Time": 127.78
  }
]