[
  {
    "Plan": {
      "Node Type": "Aggregate",
      "Strategy": "Plain",
      "Partial Mode": "Finalize",
      "Parallel Aware": false,
      "Startup Cost": 23201.63,
      "Total Cost": 23201.64,
      "Plan Rows": 1,
      "Plan Width": 8,
      "Actual Startup Time": 49.787,
      "Actual Total Time": 53.82,
      "Actual Rows": 1,
      "Actual Loops": 1,
      "Plans": [
        {
          "Node Type": "Gather",
          "Parent Relationship": "Outer",
          "Parallel Aware": false,
          "Startup Cost": 23201.31,
          "Total Cost": 23201.62,
          "Plan Rows": 3,
          "Plan Width": 8,
          "Actual Startup Time": 49.554,
          "Actual Total Time": 53.812,
          "Actual Rows": 4,
          "Actual Loops": 1,
          "Workers Planned": 3,
          "Workers Launched": 3,
          "Single Copy": false,
          "Plans": [
            {
              "Node Type": "Aggregate",
              "Strategy": "Plain",
              "Partial Mode": "Partial",
              "Parent Relationship": "Outer",
              "Parallel Aware": false,
              "Startup Cost": 22201.31,
              "Total Cost": 22201.32,
              "Plan Rows": 1,
              "Plan Width": 8,
              "Actual Startup Time": 40.321,
              "Actual Total Time": 40.322,
              "Actual Rows": 1,
              "Actual Loops": 4,
              "Plans": [
                {
                  "Node Type": "Bitmap Heap Scan",
                  "Parent Relationship": "Outer",
                  "Parallel Aware": true,
                  "Relation Name": "movie_companies",
                  "Alias": "mc",
                  "Startup Cost": 2789.06,
                  "Total Cost": 22097.6,
                  "Plan Rows": 41483,
                  "Plan Width": 0,
                  "Actual Startup Time": 12.281,
                  "Actual Total Time": 36.816,
                  "Actual Rows": 31463,
                  "Actual Loops": 4,
                  "Recheck Cond": "(company_id > 143338)",
                  "Rows Removed by Index Recheck": 0,
                  "Exact Heap Blocks": 1895,
                  "Lossy Heap Blocks": 0,
                  "Plans": [
                    {
                      "Node Type": "Bitmap Index Scan",
                      "Parent Relationship": "Outer",
                      "Parallel Aware": false,
                      "Index Name": "company_id_movie_companies",
                      "Startup Cost": 0.0,
                      "Total Cost": 2756.91,
                      "Plan Rows": 128598,
                      "Plan Width": 0,
                      "Actual Startup Time": 19.309,
                      "Actual Total Time": 19.31,
                      "Actual Rows": 125853,
                      "Actual Loops": 1,
                      "Index Cond": "(company_id > 143338)"
                    }
                  ]
                }
              ]
            }
          ]
        }
      ]
    },
    "Planning Time": 0.198,
    "Triggers": [],
    "Execution Time": 53.901
  }
]