[
  {
    "Plan": {
      "Node Type": "Aggregate",
      "Strategy": "Plain",
      "Partial Mode": "Finalize",
      "Parallel Aware": false,
      "Startup Cost": 83712.73,
      "Total Cost": 83712.74,
      "Plan Rows": 1,
      "Plan Width": 8,
      "Actual Startup Time": 481.019,
      "Actual Total Time": 496.685,
      "Actual Rows": 1,
      "Actual Loops": 1,
      "Plans": [
        {
          "Node Type": "Gather",
          "Parent Relationship": "Outer",
          "Parallel Aware": false,
          "Startup Cost": 83712.41,
          "Total Cost": 83712.72,
          "Plan Rows": 3,
          "Plan Width": 8,
          "Actual Startup Time": 473.094,
          "Actual Total Time": 496.674,
          "Actual Rows": 4,
          "Actual Loops": 1,
          "Workers Planned": 3,
          "Workers Launched": 3,
          "Single Copy": false,
          "Plans": [
            {
              "Node Type": "Aggregate",
              "Strategy": "Plain",
              "Partial Mode": "Partial",
              "Parent Relationship": "Outer",
              "Parallel Aware": false,
              "Startup Cost": 82712.41,
              "Total Cost": 82712.42,
              "Plan Rows": 1,
              "Plan Width": 8,
              "Actual Startup Time": 460.497,
              "Actual Total Time": 460.502,
              "Actual Rows": 1,
              "Actual Loops": 4,
              "Plans": [
                {
                  "Node Type": "Hash Join",
                  "Parent Relationship": "Outer",
                  "Parallel Aware": true,
                  "Join Type": "Inner",
                  "Startup Cost": 56559.98,
                  "Total Cost": 82471.5,
                  "Plan Rows": 96365,
                  "Plan Width": 0,
                  "Actual Startup Time": 384.333,
                  "Actual Total Time": 456.86,
                  "Actual Rows": 75694,
                  "Actual Loops": 4,
                  "Inner Unique": true,
                  "Hash Cond": "(mk.movie_id = t.id)",
                  "Plans": [
                    {
                      "Node Type": "Bitmap Heap Scan",
                      "Parent Relationship": "Outer",
                      "Parallel Aware": true,
                      "Relation Name": "movie_keyword",
                      "Alias": "mk",
                      "Startup Cost": 6339.6,
                      "Total Cost": 31998.16,
                      "Plan Rows": 96365,
                      "Plan Width": 4,
                      "Actual Startup Time": 19.569,
                      "Actual Total Time": 64.071,
                      "Actual Rows": 75694,
                      "Actual Loops": 4,
                      "Recheck Cond": "(keyword_id > 53577)",
                      "Rows Removed by Index Recheck": 0,
                      "Exact Heap Blocks": 7036,
                      "Lossy Heap Blocks": 0,
                      "Plans": [
                        {
                          "Node Type": "Bitmap Index Scan",
                          "Parent Relationship": "Outer",
                          "Parallel Aware": false,
                          "Index Name": "keyword_id_movie_keyword",
                          "Startup Cost": 0.0,
                          "Total Cost": 6264.91,
                          "Plan Rows": 298731,
                          "Plan Width": 0,
                          "Actual Startup Time": 16.44,
                          "Actual Total Time": 16.441,
                          "Actual Rows": 302775,
                          "Actual Loops": 1,
                          "Index Cond": "(keyword_id > 53577)"
                        }
                      ]
                    },
                    {
                      "Node Type": "Hash",
                      "Parent Relationship": "Inner",
                      "Parallel Aware": true,
                      "Startup Cost": 42319.06,
                      "Total Cost": 42319.06,
                      "Plan Rows": 632106,
                      "Plan Width": 4,
                      "Actual Startup Time": 356.212,
                      "Actual Total Time": 356.214,
                      "Actual Rows": 632078,
                      "Actual Loops": 4,
                      "Hash Buckets": 4194304,
                      "Original Hash Buckets": 4194304,
                      "Hash Batches": 1,
                      "Original Hash Batches": 1,
                      "Peak Memory Usage": 131744,
                      "Plans": [
                        {
                          "Node Type": "Seq Scan",
                          "Parent Relationship": "Outer",
                          "Parallel Aware": true,
                          "Relation Name": "title",
                          "Alias": "t",
                          "Startup Cost": 0.0,
                          "Total Cost": 42319.06,
                          "Plan Rows": 632106,
                          "Plan Width": 4,
                          "Actual Startup Time": 0.028,
                          "Actual Total Time": 100.777,
                          "Actual Rows": 632078,
                          "Actual Loops": 4
                        }
                      ]
                    }
                  ]
                }
              ]
            }
          ]
        }
      ]
    },
    "Planning Time": 0.303,
    "Triggers": [],
    "Execution Time": 496.737
  }
]