[
  {
    "Plan": {
      "Node Type": "Aggregate",
      "Strategy": "Plain",
      "Partial Mode": "Finalize",
      "Parallel Aware": false,
      "Startup Cost": 44840.68,
      "Total Cost": 44840.69,
      "Plan Rows": 1,
      "Plan Width": 8,
      "Actual Startup Time": 129.016,
      "Actual Total Time": 137.931,
      "Actual Rows": 1,
      "Actual Loops": 1,
      "Plans": [
        {
          "Node Type": "Gather",
          "Parent Relationship": "Outer",
          "Parallel Aware": false,
          "Startup Cost": 44840.37,
          "Total Cost": 44840.68,
          "Plan Rows": 3,
          "Plan Width": 8,
          "Actual Startup Time": 128.818,
          "Actual Total Time": 137.921,
          "Actual Rows": 4,
          "Actual Loops": 1,
          "Workers Planned": 3,
          "Workers Launched": 3,
          "Single Copy": false,
          "Plans": [
            {
              "Node Type": "Aggregate",
              "Strategy": "Plain",
              "Partial Mode": "Partial",
              "Parent Relationship": "Outer",
              "Parallel Aware": false,
              "Startup Cost": 43840.37,
              "Total Cost": 43840.38,
              "Plan Rows": 1,
              "Plan Width": 8,
              "Actual Startup Time": 122.832,
              "Actual Total Time": 122.833,
              "Actual Rows": 1,
              "Actual Loops": 4,
              "Plans": [
                {
                  "Node Type": "Seq Scan",
                  "Parent Relationship": "Outer",
                  "Parallel Aware": true,
                  "Relation Name": "movie_keyword",
                  "Alias": "mk",
                  "Startup Cost": 0.0,
                  "Total Cost": 42695.65,
                  "Plan Rows": 457885,
                  "Plan Width": 0,
                  "Actual Startup Time": 1.921,
                  "Actual Total Time": 105.551,
                  "Actual Rows": 355535,
                  "Actual Loops": 4,
                  "Filter": "(keyword_id > 11720)",
                  "Rows Removed by Filter": 775448
                }
              ]
            }
          ]
        }
      ]
    },
    "Planning Time": 0.183,
    "Triggers": [],
    "Execution Time": 137.986
  }
]