{
  "Plan": {
    "Node Type": "Aggregate",
    "Strategy": "Plain",
    "Partial Mode": "Finalize",
    "Parallel Aware": false,
    "Startup Cost": 494259.18,
    "Total Cost": 494259.19,
    "Plan Rows": 1,
    "Plan Width": 8,
    "Actual Startup Time": 2634.408,
    "Actual Total Time": 2659.237,
    "Actual Rows": 1,
    "Actual Loops": 1,
    "Plans": [
      {
        "Node Type": "Gather",
        "Parent Relationship": "Outer",
        "Parallel Aware": false,
        "Startup Cost": 494259.07,
        "Total Cost": 494259.18,
        "Plan Rows": 1,
        "Plan Width": 8,
        "Actual Startup Time": 2627.697,
        "Actual Total Time": 2659.228,
        "Actual Rows": 2,
        "Actual Loops": 1,
        "Workers Planned": 1,
        "Workers Launched": 1,
        "Single Copy": false,
        "Plans": [
          {
            "Node Type": "Aggregate",
            "Strategy": "Plain",
            "Partial Mode": "Partial",
            "Parent Relationship": "Outer",
            "Parallel Aware": false,
            "Startup Cost": 493259.07,
            "Total Cost": 493259.08,
            "Plan Rows": 1,
            "Plan Width": 8,
            "Actual Startup Time": 2616.354,
            "Actual Total Time": 2616.358,
            "Actual Rows": 1,
            "Actual Loops": 2,
            "Plans": [
              {
                "Node Type": "Hash Join",
                "Parent Relationship": "Outer",
                "Parallel Aware": true,
                "Join Type": "Inner",
                "Startup Cost": 185910.07,
                "Total Cost": 485505.59,
                "Plan Rows": 3101389,
                "Plan Width": 0,
                "Actual Startup Time": 790.508,
                "Actual Total Time": 2475.634,
                "Actual Rows": 2724049,
                "Actual Loops": 2,
                "Inner Unique": true,
                "Hash Cond": "(ci.movie_id = t.id)",
                "Plans": [
                  {
                    "Node Type": "Bitmap Heap Scan",
                    "Parent Relationship": "Outer",
                    "Parallel Aware": true,
                    "Relation Name": "cast_info",
                    "Alias": "ci",
                    "Startup Cost": 116449.37,
                    "Total Cost": 407903.74,
                    "Plan Rows": 3101389,
                    "Plan Width": 4,
                    "Actual Startup Time": 183.405,
                    "Actual Total Time": 501.909,
                    "Actual Rows": 2724049,
                    "Actual Loops": 2,
                    "Recheck Cond": "(person_id < 525566)",
                    "Rows Removed by Index Recheck": 0,
                    "Exact Heap Blocks": 34121,
                    "Lossy Heap Blocks": 0,
                    "Plans": [
                      {
                        "Node Type": "Bitmap Index Scan",
                        "Parent Relationship": "Outer",
                        "Parallel Aware": false,
                        "Index Name": "person_id_cast_info",
                        "Startup Cost": 0.0,
                        "Total Cost": 115131.28,
                        "Plan Rows": 5272362,
                        "Plan Width": 0,
                        "Actual Startup Time": 173.472,
                        "Actual Total Time": 173.472,
                        "Actual Rows": 5448098,
                        "Actual Loops": 1,
                        "Index Cond": "(person_id < 525566)"
                      }
                    ]
                  },
                  {
                    "Node Type": "Hash",
                    "Parent Relationship": "Inner",
                    "Parallel Aware": true,
                    "Startup Cost": 50870.31,
                    "Total Cost": 50870.31,
                    "Plan Rows": 1487231,
                    "Plan Width": 4,
                    "Actual Startup Time": 586.382,
                    "Actual Total Time": 586.383,
                    "Actual Rows": 1264156,
                    "Actual Loops": 2,
                    "Hash Buckets": 4194304,
                    "Original Hash Buckets": 4194304,
                    "Hash Batches": 1,
                    "Original Hash Batches": 1,
                    "Peak Memory Usage": 131712,
                    "Plans": [
                      {
                        "Node Type": "Seq Scan",
                        "Parent Relationship": "Outer",
                        "Parallel Aware": true,
                        "Relation Name": "title",
                        "Alias": "t",
                        "Startup Cost": 0.0,
                        "Total Cost": 50870.31,
                        "Plan Rows": 1487231,
                        "Plan Width": 4,
                        "Actual Startup Time": 0.023,
                        "Actual Total Time": 173.587,
                        "Actual Rows": 1264156,
                        "Actual Loops": 2
                      }
                    ]
                  }
                ]
              }
            ]
          }
        ]
      }
    ]
  },
  "Planning Time": 0.662,
  "Triggers": [],
  "Execution Time": 2659.328
}