[
  {
    "Plan": {
      "Node Type": "Aggregate",
      "Strategy": "Plain",
      "Partial Mode": "Simple",
      "Parallel Aware": false,
      "Startup Cost": 20763.98,
      "Total Cost": 20763.99,
      "Plan Rows": 1,
      "Plan Width": 8,
      "Actual Startup Time": 31.007,
      "Actual Total Time": 31.008,
      "Actual Rows": 1,
      "Actual Loops": 1,
      "Plans": [
        {
          "Node Type": "Bitmap Heap Scan",
          "Parent Relationship": "Outer",
          "Parallel Aware": false,
          "Relation Name": "movie_companies",
          "Alias": "mc",
          "Startup Cost": 600.03,
          "Total Cost": 20728.76,
          "Plan Rows": 14086,
          "Plan Width": 0,
          "Actual Startup Time": 20.394,
          "Actual Total Time": 29.805,
          "Actual Rows": 14470,
          "Actual Loops": 1,
          "Recheck Cond": "(company_id = 27)",
          "Rows Removed by Index Recheck": 0,
          "Filter": "(company_type_id = 2)",
          "Rows Removed by Filter": 12833,
          "Exact Heap Blocks": 7072,
          "Lossy Heap Blocks": 0,
          "Plans": [
            {
              "Node Type": "Bitmap Index Scan",
              "Parent Relationship": "Outer",
              "Parallel Aware": false,
              "Index Name": "company_id_movie_companies",
              "Startup Cost": 0.0,
              "Total Cost": 596.51,
              "Plan Rows": 27744,
              "Plan Width": 0,
              "Actual Startup Time": 5.493,
              "Actual Total Time": 5.494,
              "Actual Rows": 27303,
              "Actual Loops": 1,
              "Index Cond": "(company_id = 27)"
            }
          ]
        }
      ]
    },
    "Planning Time": 0.212,
    "Triggers": [],
    "Execution Time": 31.071
  }
]