[
  {
    "Plan": {
      "Node Type": "Aggregate",
      "Strategy": "Plain",
      "Partial Mode": "Finalize",
      "Parallel Aware": false,
      "Startup Cost": 338811.1,
      "Total Cost": 338811.11,
      "Plan Rows": 1,
      "Plan Width": 8,
      "Actual Startup Time": 738.548,
      "Actual Total Time": 797.485,
      "Actual Rows": 1,
      "Actual Loops": 1,
      "Plans": [
        {
          "Node Type": "Gather",
          "Parent Relationship": "Outer",
          "Parallel Aware": false,
          "Startup Cost": 338810.47,
          "Total Cost": 338811.08,
          "Plan Rows": 6,
          "Plan Width": 8,
          "Actual Startup Time": 738.41,
          "Actual Total Time": 797.474,
          "Actual Rows": 7,
          "Actual Loops": 1,
          "Workers Planned": 6,
          "Workers Launched": 6,
          "Single Copy": false,
          "Plans": [
            {
              "Node Type": "Aggregate",
              "Strategy": "Plain",
              "Partial Mode": "Partial",
              "Parent Relationship": "Outer",
              "Parallel Aware": false,
              "Startup Cost": 337810.47,
              "Total Cost": 337810.48,
              "Plan Rows": 1,
              "Plan Width": 8,
              "Actual Startup Time": 730.424,
              "Actual Total Time": 730.425,
              "Actual Rows": 1,
              "Actual Loops": 7,
              "Plans": [
                {
                  "Node Type": "Seq Scan",
                  "Parent Relationship": "Outer",
                  "Parallel Aware": true,
                  "Relation Name": "cast_info",
                  "Alias": "ci",
                  "Startup Cost": 0.0,
                  "Total Cost": 328162.03,
                  "Plan Rows": 3859378,
                  "Plan Width": 0,
                  "Actual Startup Time": 0.042,
                  "Actual Total Time": 592.257,
                  "Actual Rows": 3314990,
                  "Actual Loops": 7,
                  "Filter": "(person_id < 2372971)",
                  "Rows Removed by Filter": 1862773
                }
              ]
            }
          ]
        }
      ]
    },
    "Planning Time": 0.206,
    "Triggers": [],
    "Execution Time": 797.561
  }
]