{
  "Plan": {
    "Node Type": "Aggregate",
    "Strategy": "Plain",
    "Partial Mode": "Simple",
    "Parallel Aware": false,
    "Startup Cost": 27178.34,
    "Total Cost": 27178.35,
    "Plan Rows": 1,
    "Plan Width": 96,
    "Actual Startup Time": 152.961,
    "Actual Total Time": 162.561,
    "Actual Rows": 1,
    "Actual Loops": 1,
    "Plans": [
      {
        "Node Type": "Nested Loop",
        "Parent Relationship": "Outer",
        "Parallel Aware": false,
        "Join Type": "Inner",
        "Startup Cost": 3806.55,
        "Total Cost": 27178.19,
        "Plan Rows": 20,
        "Plan Width": 60,
        "Actual Startup Time": 51.982,
        "Actual Total Time": 161.912,
        "Actual Rows": 2748,
        "Actual Loops": 1,
        "Inner Unique": false,
        "Join Filter": "(mc.company_type_id = ct.id)",
        "Rows Removed by Join Filter": 5640,
        "Plans": [
          {
            "Node Type": "Seq Scan",
            "Parent Relationship": "Outer",
            "Parallel Aware": false,
            "Relation Name": "company_type",
            "Alias": "ct",
            "Startup Cost": 0.0,
            "Total Cost": 1.05,
            "Plan Rows": 3,
            "Plan Width": 4,
            "Actual Startup Time": 0.015,
            "Actual Total Time": 0.024,
            "Actual Rows": 3,
            "Actual Loops": 1,
            "Filter": "((kind IS NOT NULL) AND ((kind)::text <> 'production companies'::text))",
            "Rows Removed by Filter": 1
          },
          {
            "Node Type": "Materialize",
            "Parent Relationship": "Inner",
            "Parallel Aware": false,
            "Startup Cost": 3806.55,
            "Total Cost": 27175.99,
            "Plan Rows": 27,
            "Plan Width": 64,
            "Actual Startup Time": 17.321,
            "Actual Total Time": 53.597,
            "Actual Rows": 2796,
            "Actual Loops": 3,
            "Plans": [
              {
                "Node Type": "Gather",
                "Parent Relationship": "Outer",
                "Parallel Aware": false,
                "Startup Cost": 3806.55,
                "Total Cost": 27175.85,
                "Plan Rows": 27,
                "Plan Width": 64,
                "Actual Startup Time": 51.949,
                "Actual Total Time": 158.902,
                "Actual Rows": 2796,
                "Actual Loops": 1,
                "Workers Planned": 4,
                "Workers Launched": 4,
                "Single Copy": false,
                "Plans": [
                  {
                    "Node Type": "Nested Loop",
                    "Parent Relationship": "Outer",
                    "Parallel Aware": false,
                    "Join Type": "Inner",
                    "Startup Cost": 2806.55,
                    "Total Cost": 26173.15,
                    "Plan Rows": 7,
                    "Plan Width": 64,
                    "Actual Startup Time": 50.173,
                    "Actual Total Time": 139.051,
                    "Actual Rows": 559,
                    "Actual Loops": 5,
                    "Inner Unique": true,
                    "Plans": [
                      {
                        "Node Type": "Nested Loop",
                        "Parent Relationship": "Outer",
                        "Parallel Aware": false,
                        "Join Type": "Inner",
                        "Startup Cost": 2806.41,
                        "Total Cost": 26172.06,
                        "Plan Rows": 7,
                        "Plan Width": 68,
                        "Actual Startup Time": 50.105,
                        "Actual Total Time": 138.183,
                        "Actual Rows": 559,
                        "Actual Loops": 5,
                        "Inner Unique": true,
                        "Plans": [
                          {
                            "Node Type": "Nested Loop",
                            "Parent Relationship": "Outer",
                            "Parallel Aware": false,
                            "Join Type": "Inner",
                            "Startup Cost": 2805.99,
                            "Total Cost": 26168.45,
                            "Plan Rows": 8,
                            "Plan Width": 53,
                            "Actual Startup Time": 50.033,
                            "Actual Total Time": 136.367,
                            "Actual Rows": 561,
                            "Actual Loops": 5,
                            "Inner Unique": false,
                            "Join Filter": "(ml.movie_id = mc.movie_id)",
                            "Rows Removed by Join Filter": 0,
                            "Plans": [
                              {
                                "Node Type": "Hash Join",
                                "Parent Relationship": "Outer",
                                "Parallel Aware": false,
                                "Join Type": "Inner",
                                "Startup Cost": 2805.56,
                                "Total Cost": 26166.71,
                                "Plan Rows": 3,
                                "Plan Width": 33,
                                "Actual Startup Time": 48.016,
                                "Actual Total Time": 134.741,
                                "Actual Rows": 201,
                                "Actual Loops": 5,
                                "Inner Unique": true,
                                "Hash Cond": "(mk.keyword_id = k.id)",
                                "Plans": [
                                  {
                                    "Node Type": "Merge Join",
                                    "Parent Relationship": "Outer",
                                    "Parallel Aware": false,
                                    "Join Type": "Inner",
                                    "Startup Cost": 11.69,
                                    "Total Cost": 23026.5,
                                    "Plan Rows": 131934,
                                    "Plan Width": 37,
                                    "Actual Startup Time": 3.039,
                                    "Actual Total Time": 102.701,
                                    "Actual Rows": 30553,
                                    "Actual Loops": 5,
                                    "Inner Unique": false,
                                    "Merge Cond": "(t.id = ml.movie_id)",
                                    "Plans": [
                                      {
                                        "Node Type": "Merge Join",
                                        "Parent Relationship": "Outer",
                                        "Parallel Aware": false,
                                        "Join Type": "Inner",
                                        "Startup Cost": 11.4,
                                        "Total Cost": 286221.97,
                                        "Plan Rows": 428978,
                                        "Plan Width": 29,
                                        "Actual Startup Time": 2.419,
                                        "Actual Total Time": 80.33,
                                        "Actual Rows": 6936,
                                        "Actual Loops": 5,
                                        "Inner Unique": false,
                                        "Merge Cond": "(t.id = mk.movie_id)",
                                        "Plans": [
                                          {
                                            "Node Type": "Index Scan",
                                            "Parent Relationship": "Outer",
                                            "Parallel Aware": true,
                                            "Scan Direction": "Forward",
                                            "Index Name": "title_pkey",
                                            "Relation Name": "title",
                                            "Alias": "t",
                                            "Startup Cost": 0.43,
                                            "Total Cost": 92975.56,
                                            "Plan Rows": 239764,
                                            "Plan Width": 21,
                                            "Actual Startup Time": 1.406,
                                            "Actual Total Time": 44.78,
                                            "Actual Rows": 10138,
                                            "Actual Loops": 5,
                                            "Filter": "(production_year < 1999)",
                                            "Rows Removed by Filter": 27324
                                          },
                                          {
                                            "Node Type": "Index Scan",
                                            "Parent Relationship": "Inner",
                                            "Parallel Aware": false,
                                            "Scan Direction": "Forward",
                                            "Index Name": "movie_id_movie_keyword",
                                            "Relation Name": "movie_keyword",
                                            "Alias": "mk",
                                            "Startup Cost": 0.43,
                                            "Total Cost": 177148.48,
                                            "Plan Rows": 4523930,
                                            "Plan Width": 8,
                                            "Actual Startup Time": 0.095,
                                            "Actual Total Time": 24.74,
                                            "Actual Rows": 98043,
                                            "Actual Loops": 5
                                          }
                                        ]
                                      },
                                      {
                                        "Node Type": "Index Scan",
                                        "Parent Relationship": "Inner",
                                        "Parallel Aware": false,
                                        "Scan Direction": "Forward",
                                        "Index Name": "movie_id_movie_link",
                                        "Relation Name": "movie_link",
                                        "Alias": "ml",
                                        "Startup Cost": 0.29,
                                        "Total Cost": 1111.51,
                                        "Plan Rows": 29997,
                                        "Plan Width": 8,
                                        "Actual Startup Time": 0.131,
                                        "Actual Total Time": 13.267,
                                        "Actual Rows": 58622,
                                        "Actual Loops": 5
                                      }
                                    ]
                                  },
                                  {
                                    "Node Type": "Hash",
                                    "Parent Relationship": "Inner",
                                    "Parallel Aware": false,
                                    "Startup Cost": 2793.84,
                                    "Total Cost": 2793.84,
                                    "Plan Rows": 3,
                                    "Plan Width": 4,
                                    "Actual Startup Time": 28.96,
                                    "Actual Total Time": 28.96,
                                    "Actual Rows": 3,
                                    "Actual Loops": 5,
                                    "Hash Buckets": 1024,
                                    "Original Hash Buckets": 1024,
                                    "Hash Batches": 1,
                                    "Original Hash Batches": 1,
                                    "Peak Memory Usage": 9,
                                    "Plans": [
                                      {
                                        "Node Type": "Seq Scan",
                                        "Parent Relationship": "Outer",
                                        "Parallel Aware": false,
                                        "Relation Name": "keyword",
                                        "Alias": "k",
                                        "Startup Cost": 0.0,
                                        "Total Cost": 2793.84,
                                        "Plan Rows": 3,
                                        "Plan Width": 4,
                                        "Actual Startup Time": 2.005,
                                        "Actual Total Time": 28.934,
                                        "Actual Rows": 3,
                                        "Actual Loops": 5,
                                        "Filter": "(keyword = ANY ('{sequel,revenge,based-on-novel}'::text[]))",
                                        "Rows Removed by Filter": 134167
                                      }
                                    ]
                                  }
                                ]
                              },
                              {
                                "Node Type": "Index Scan",
                                "Parent Relationship": "Inner",
                                "Parallel Aware": false,
                                "Scan Direction": "Forward",
                                "Index Name": "movie_id_movie_companies",
                                "Relation Name": "movie_companies",
                                "Alias": "mc",
                                "Startup Cost": 0.43,
                                "Total Cost": 0.54,
                                "Plan Rows": 3,
                                "Plan Width": 36,
                                "Actual Startup Time": 0.005,
                                "Actual Total Time": 0.007,
                                "Actual Rows": 3,
                                "Actual Loops": 1005,
                                "Index Cond": "(movie_id = mk.movie_id)",
                                "Rows Removed by Index Recheck": 0,
                                "Filter": "(note IS NOT NULL)",
                                "Rows Removed by Filter": 2
                              }
                            ]
                          },
                          {
                            "Node Type": "Index Scan",
                            "Parent Relationship": "Inner",
                            "Parallel Aware": false,
                            "Scan Direction": "Forward",
                            "Index Name": "company_name_pkey",
                            "Relation Name": "company_name",
                            "Alias": "cn",
                            "Startup Cost": 0.42,
                            "Total Cost": 0.45,
                            "Plan Rows": 1,
                            "Plan Width": 23,
                            "Actual Startup Time": 0.003,
                            "Actual Total Time": 0.003,
                            "Actual Rows": 1,
                            "Actual Loops": 2807,
                            "Index Cond": "(id = mc.company_id)",
                            "Rows Removed by Index Recheck": 0,
                            "Filter": "((country_code)::text <> '[pl]'::text)",
                            "Rows Removed by Filter": 0
                          }
                        ]
                      },
                      {
                        "Node Type": "Index Only Scan",
                        "Parent Relationship": "Inner",
                        "Parallel Aware": false,
                        "Scan Direction": "Forward",
                        "Index Name": "link_type_pkey",
                        "Relation Name": "link_type",
                        "Alias": "lt",
                        "Startup Cost": 0.14,
                        "Total Cost": 0.16,
                        "Plan Rows": 1,
                        "Plan Width": 4,
                        "Actual Startup Time": 0.001,
                        "Actual Total Time": 0.001,
                        "Actual Rows": 1,
                        "Actual Loops": 2796,
                        "Index Cond": "(id = ml.link_type_id)",
                        "Rows Removed by Index Recheck": 0,
                        "Heap Fetches": 2796
                      }
                    ]
                  }
                ]
              }
            ]
          }
        ]
      }
    ]
  },
  "Planning Time": 15.009,
  "Triggers": [],
  "Execution Time": 163.235
}