{
    "Plan": {
        "Node Type": "Aggregate",
        "Strategy": "Plain",
        "Partial Mode": "Finalize",
        "Parallel Aware": false,
        "Startup Cost": 288297.93,
        "Total Cost": 288297.94,
        "Plan Rows": 1,
        "Plan Width": 8,
        "Actual Startup Time": 806.066,
        "Actual Total Time": 847.637,
        "Actual Rows": 1,
        "Actual Loops": 1,
        "Output": [
            "count(*)"
        ],
        "Plans": [
            {
                "Node Type": "Gather",
                "Parent Relationship": "Outer",
                "Parallel Aware": false,
                "Startup Cost": 288297.41,
                "Total Cost": 288297.92,
                "Plan Rows": 5,
                "Plan Width": 8,
                "Actual Startup Time": 797.393,
                "Actual Total Time": 847.626,
                "Actual Rows": 6,
                "Actual Loops": 1,
                "Output": [
                    "(PARTIAL count(*))"
                ],
                "Workers Planned": 5,
                "Workers Launched": 5,
                "Single Copy": false,
                "Plans": [
                    {
                        "Node Type": "Aggregate",
                        "Strategy": "Plain",
                        "Partial Mode": "Partial",
                        "Parent Relationship": "Outer",
                        "Parallel Aware": false,
                        "Startup Cost": 287297.41,
                        "Total Cost": 287297.42,
                        "Plan Rows": 1,
                        "Plan Width": 8,
                        "Actual Startup Time": 787.05,
                        "Actual Total Time": 787.056,
                        "Actual Rows": 1,
                        "Actual Loops": 6,
                        "Output": [
                            "PARTIAL count(*)"
                        ],
                        "Workers": [
                            {
                                "Worker Number": 0,
                                "Actual Startup Time": 783.944,
                                "Actual Total Time": 783.949,
                                "Actual Rows": 1,
                                "Actual Loops": 1
                            },
                            {
                                "Worker Number": 1,
                                "Actual Startup Time": 785.107,
                                "Actual Total Time": 785.112,
                                "Actual Rows": 1,
                                "Actual Loops": 1
                            },
                            {
                                "Worker Number": 2,
                                "Actual Startup Time": 785.279,
                                "Actual Total Time": 785.284,
                                "Actual Rows": 1,
                                "Actual Loops": 1
                            },
                            {
                                "Worker Number": 3,
                                "Actual Startup Time": 785.626,
                                "Actual Total Time": 785.631,
                                "Actual Rows": 1,
                                "Actual Loops": 1
                            },
                            {
                                "Worker Number": 4,
                                "Actual Startup Time": 785.892,
                                "Actual Total Time": 785.897,
                                "Actual Rows": 1,
                                "Actual Loops": 1
                            }
                        ],
                        "Plans": [
                            {
                                "Node Type": "Hash Join",
                                "Parent Relationship": "Outer",
                                "Parallel Aware": true,
                                "Join Type": "Inner",
                                "Startup Cost": 79930.51,
                                "Total Cost": 286709.5,
                                "Plan Rows": 235162,
                                "Plan Width": 0,
                                "Actual Startup Time": 294.562,
                                "Actual Total Time": 783.242,
                                "Actual Rows": 84068,
                                "Actual Loops": 6,
                                "Inner Unique": false,
                                "Hash Cond": "(mi.movie_id = t.id)",
                                "Workers": [
                                    {
                                        "Worker Number": 0,
                                        "Actual Startup Time": 291.308,
                                        "Actual Total Time": 780.66,
                                        "Actual Rows": 76341,
                                        "Actual Loops": 1
                                    },
                                    {
                                        "Worker Number": 1,
                                        "Actual Startup Time": 292.389,
                                        "Actual Total Time": 781.038,
                                        "Actual Rows": 58982,
                                        "Actual Loops": 1
                                    },
                                    {
                                        "Worker Number": 2,
                                        "Actual Startup Time": 293.265,
                                        "Actual Total Time": 781.789,
                                        "Actual Rows": 82192,
                                        "Actual Loops": 1
                                    },
                                    {
                                        "Worker Number": 3,
                                        "Actual Startup Time": 292.953,
                                        "Actual Total Time": 781.9,
                                        "Actual Rows": 87162,
                                        "Actual Loops": 1
                                    },
                                    {
                                        "Worker Number": 4,
                                        "Actual Startup Time": 293.218,
                                        "Actual Total Time": 782.121,
                                        "Actual Rows": 88610,
                                        "Actual Loops": 1
                                    }
                                ],
                                "Plans": [
                                    {
                                        "Node Type": "Seq Scan",
                                        "Parent Relationship": "Outer",
                                        "Parallel Aware": true,
                                        "Relation Name": "movie_info",
                                        "Schema": "public",
                                        "Alias": "mi",
                                        "Startup Cost": 0.0,
                                        "Total Cost": 198880.74,
                                        "Plan Rows": 1903910,
                                        "Plan Width": 4,
                                        "Actual Startup Time": 0.025,
                                        "Actual Total Time": 325.311,
                                        "Actual Rows": 1594192,
                                        "Actual Loops": 6,
                                        "Output": [
                                            "mi.id",
                                            "mi.movie_id",
                                            "mi.info_type_id",
                                            "mi.info",
                                            "mi.note"
                                        ],
                                        "Filter": "(mi.info_type_id < 16)",
                                        "Rows Removed by Filter": 878428,
                                        "Workers": [
                                            {
                                                "Worker Number": 0,
                                                "Actual Startup Time": 0.027,
                                                "Actual Total Time": 323.176,
                                                "Actual Rows": 1483358,
                                                "Actual Loops": 1
                                            },
                                            {
                                                "Worker Number": 1,
                                                "Actual Startup Time": 0.031,
                                                "Actual Total Time": 334.208,
                                                "Actual Rows": 1068320,
                                                "Actual Loops": 1
                                            },
                                            {
                                                "Worker Number": 2,
                                                "Actual Startup Time": 0.03,
                                                "Actual Total Time": 325.04,
                                                "Actual Rows": 1637471,
                                                "Actual Loops": 1
                                            },
                                            {
                                                "Worker Number": 3,
                                                "Actual Startup Time": 0.024,
                                                "Actual Total Time": 326.179,
                                                "Actual Rows": 1648396,
                                                "Actual Loops": 1
                                            },
                                            {
                                                "Worker Number": 4,
                                                "Actual Startup Time": 0.026,
                                                "Actual Total Time": 326.238,
                                                "Actual Rows": 1644945,
                                                "Actual Loops": 1
                                            }
                                        ]
                                    },
                                    {
                                        "Node Type": "Hash",
                                        "Parent Relationship": "Inner",
                                        "Parallel Aware": true,
                                        "Startup Cost": 78671.29,
                                        "Total Cost": 78671.29,
                                        "Plan Rows": 100738,
                                        "Plan Width": 8,
                                        "Actual Startup Time": 290.1,
                                        "Actual Total Time": 290.103,
                                        "Actual Rows": 19376,
                                        "Actual Loops": 6,
                                        "Output": [
                                            "t.id",
                                            "mc.movie_id"
                                        ],
                                        "Hash Buckets": 524288,
                                        "Original Hash Buckets": 524288,
                                        "Hash Batches": 1,
                                        "Original Hash Batches": 1,
                                        "Peak Memory Usage": 8768,
                                        "Workers": [
                                            {
                                                "Worker Number": 0,
                                                "Actual Startup Time": 289.028,
                                                "Actual Total Time": 289.032,
                                                "Actual Rows": 18097,
                                                "Actual Loops": 1
                                            },
                                            {
                                                "Worker Number": 1,
                                                "Actual Startup Time": 290.093,
                                                "Actual Total Time": 290.096,
                                                "Actual Rows": 14093,
                                                "Actual Loops": 1
                                            },
                                            {
                                                "Worker Number": 2,
                                                "Actual Startup Time": 290.329,
                                                "Actual Total Time": 290.332,
                                                "Actual Rows": 21124,
                                                "Actual Loops": 1
                                            },
                                            {
                                                "Worker Number": 3,
                                                "Actual Startup Time": 290.773,
                                                "Actual Total Time": 290.775,
                                                "Actual Rows": 20857,
                                                "Actual Loops": 1
                                            },
                                            {
                                                "Worker Number": 4,
                                                "Actual Startup Time": 291.082,
                                                "Actual Total Time": 291.085,
                                                "Actual Rows": 19735,
                                                "Actual Loops": 1
                                            }
                                        ],
                                        "Plans": [
                                            {
                                                "Node Type": "Hash Join",
                                                "Parent Relationship": "Outer",
                                                "Parallel Aware": true,
                                                "Join Type": "Inner",
                                                "Startup Cost": 48714.9,
                                                "Total Cost": 78671.29,
                                                "Plan Rows": 100738,
                                                "Plan Width": 8,
                                                "Actual Startup Time": 212.61,
                                                "Actual Total Time": 282.809,
                                                "Actual Rows": 19376,
                                                "Actual Loops": 6,
                                                "Output": [
                                                    "t.id",
                                                    "mc.movie_id"
                                                ],
                                                "Inner Unique": true,
                                                "Hash Cond": "(mc.movie_id = t.id)",
                                                "Workers": [
                                                    {
                                                        "Worker Number": 0,
                                                        "Actual Startup Time": 212.471,
                                                        "Actual Total Time": 282.296,
                                                        "Actual Rows": 18097,
                                                        "Actual Loops": 1
                                                    },
                                                    {
                                                        "Worker Number": 1,
                                                        "Actual Startup Time": 212.438,
                                                        "Actual Total Time": 282.604,
                                                        "Actual Rows": 14093,
                                                        "Actual Loops": 1
                                                    },
                                                    {
                                                        "Worker Number": 2,
                                                        "Actual Startup Time": 212.432,
                                                        "Actual Total Time": 283.4,
                                                        "Actual Rows": 21124,
                                                        "Actual Loops": 1
                                                    },
                                                    {
                                                        "Worker Number": 3,
                                                        "Actual Startup Time": 212.649,
                                                        "Actual Total Time": 282.684,
                                                        "Actual Rows": 20857,
                                                        "Actual Loops": 1
                                                    },
                                                    {
                                                        "Worker Number": 4,
                                                        "Actual Startup Time": 212.561,
                                                        "Actual Total Time": 282.867,
                                                        "Actual Rows": 19735,
                                                        "Actual Loops": 1
                                                    }
                                                ],
                                                "Plans": [
                                                    {
                                                        "Node Type": "Seq Scan",
                                                        "Parent Relationship": "Outer",
                                                        "Parallel Aware": true,
                                                        "Relation Name": "movie_companies",
                                                        "Schema": "public",
                                                        "Alias": "mc",
                                                        "Startup Cost": 0.0,
                                                        "Total Cost": 29310.68,
                                                        "Plan Rows": 245985,
                                                        "Plan Width": 4,
                                                        "Actual Startup Time": 10.108,
                                                        "Actual Total Time": 45.035,
                                                        "Actual Rows": 127438,
                                                        "Actual Loops": 6,
                                                        "Output": [
                                                            "mc.id",
                                                            "mc.movie_id",
                                                            "mc.company_id",
                                                            "mc.company_type_id",
                                                            "mc.note"
                                                        ],
                                                        "Filter": "(mc.company_id > 34755)",
                                                        "Rows Removed by Filter": 307417,
                                                        "Workers": [
                                                            {
                                                                "Worker Number": 0,
                                                                "Actual Startup Time": 10.174,
                                                                "Actual Total Time": 44.215,
                                                                "Actual Rows": 116183,
                                                                "Actual Loops": 1
                                                            },
                                                            {
                                                                "Worker Number": 1,
                                                                "Actual Startup Time": 10.181,
                                                                "Actual Total Time": 48.095,
                                                                "Actual Rows": 94449,
                                                                "Actual Loops": 1
                                                            },
                                                            {
                                                                "Worker Number": 2,
                                                                "Actual Startup Time": 10.05,
                                                                "Actual Total Time": 44.87,
                                                                "Actual Rows": 133204,
                                                                "Actual Loops": 1
                                                            },
                                                            {
                                                                "Worker Number": 3,
                                                                "Actual Startup Time": 10.175,
                                                                "Actual Total Time": 45.37,
                                                                "Actual Rows": 134611,
                                                                "Actual Loops": 1
                                                            },
                                                            {
                                                                "Worker Number": 4,
                                                                "Actual Startup Time": 10.053,
                                                                "Actual Total Time": 45.153,
                                                                "Actual Rows": 134469,
                                                                "Actual Loops": 1
                                                            }
                                                        ]
                                                    },
                                                    {
                                                        "Node Type": "Hash",
                                                        "Parent Relationship": "Inner",
                                                        "Parallel Aware": true,
                                                        "Startup Cost": 45479.21,
                                                        "Total Cost": 45479.21,
                                                        "Plan Rows": 258855,
                                                        "Plan Width": 4,
                                                        "Actual Startup Time": 200.178,
                                                        "Actual Total Time": 200.179,
                                                        "Actual Rows": 190355,
                                                        "Actual Loops": 6,
                                                        "Output": [
                                                            "t.id"
                                                        ],
                                                        "Hash Buckets": 2097152,
                                                        "Original Hash Buckets": 1048576,
                                                        "Hash Batches": 1,
                                                        "Original Hash Batches": 1,
                                                        "Peak Memory Usage": 69376,
                                                        "Workers": [
                                                            {
                                                                "Worker Number": 0,
                                                                "Actual Startup Time": 202.094,
                                                                "Actual Total Time": 202.096,
                                                                "Actual Rows": 166469,
                                                                "Actual Loops": 1
                                                            },
                                                            {
                                                                "Worker Number": 1,
                                                                "Actual Startup Time": 202.04,
                                                                "Actual Total Time": 202.041,
                                                                "Actual Rows": 97424,
                                                                "Actual Loops": 1
                                                            },
                                                            {
                                                                "Worker Number": 2,
                                                                "Actual Startup Time": 202.081,
                                                                "Actual Total Time": 202.082,
                                                                "Actual Rows": 192496,
                                                                "Actual Loops": 1
                                                            },
                                                            {
                                                                "Worker Number": 3,
                                                                "Actual Startup Time": 202.234,
                                                                "Actual Total Time": 202.235,
                                                                "Actual Rows": 198910,
                                                                "Actual Loops": 1
                                                            },
                                                            {
                                                                "Worker Number": 4,
                                                                "Actual Startup Time": 202.116,
                                                                "Actual Total Time": 202.116,
                                                                "Actual Rows": 193999,
                                                                "Actual Loops": 1
                                                            }
                                                        ],
                                                        "Plans": [
                                                            {
                                                                "Node Type": "Seq Scan",
                                                                "Parent Relationship": "Outer",
                                                                "Parallel Aware": true,
                                                                "Relation Name": "title",
                                                                "Schema": "public",
                                                                "Alias": "t",
                                                                "Startup Cost": 0.0,
                                                                "Total Cost": 45479.21,
                                                                "Plan Rows": 258855,
                                                                "Plan Width": 4,
                                                                "Actual Startup Time": 0.073,
                                                                "Actual Total Time": 86.968,
                                                                "Actual Rows": 190355,
                                                                "Actual Loops": 6,
                                                                "Output": [
                                                                    "t.id"
                                                                ],
                                                                "Filter": "((t.kind_id > 4) AND (t.production_year > 1992))",
                                                                "Rows Removed by Filter": 231030,
                                                                "Workers": [
                                                                    {
                                                                        "Worker Number": 0,
                                                                        "Actual Startup Time": 0.108,
                                                                        "Actual Total Time": 85.593,
                                                                        "Actual Rows": 166469,
                                                                        "Actual Loops": 1
                                                                    },
                                                                    {
                                                                        "Worker Number": 1,
                                                                        "Actual Startup Time": 0.083,
                                                                        "Actual Total Time": 90.555,
                                                                        "Actual Rows": 97424,
                                                                        "Actual Loops": 1
                                                                    },
                                                                    {
                                                                        "Worker Number": 2,
                                                                        "Actual Startup Time": 0.075,
                                                                        "Actual Total Time": 88.5,
                                                                        "Actual Rows": 192496,
                                                                        "Actual Loops": 1
                                                                    },
                                                                    {
                                                                        "Worker Number": 3,
                                                                        "Actual Startup Time": 0.071,
                                                                        "Actual Total Time": 89.752,
                                                                        "Actual Rows": 198910,
                                                                        "Actual Loops": 1
                                                                    },
                                                                    {
                                                                        "Worker Number": 4,
                                                                        "Actual Startup Time": 0.085,
                                                                        "Actual Total Time": 89.203,
                                                                        "Actual Rows": 193999,
                                                                        "Actual Loops": 1
                                                                    }
                                                                ]
                                                            }
                                                        ]
                                                    }
                                                ]
                                            }
                                        ]
                                    }
                                ]
                            }
                        ]
                    }
                ]
            }
        ]
    },
    "Planning Time": 1.563,
    "Triggers": [],
    "Execution Time": 847.724
}