[
  {
    "Plan": {
      "Node Type": "Aggregate",
      "Strategy": "Plain",
      "Partial Mode": "Finalize",
      "Parallel Aware": false,
      "Startup Cost": 261648.5,
      "Total Cost": 261648.51,
      "Plan Rows": 1,
      "Plan Width": 8,
      "Actual Startup Time": 825.794,
      "Actual Total Time": 893.497,
      "Actual Rows": 1,
      "Actual Loops": 1,
      "Plans": [
        {
          "Node Type": "Gather",
          "Parent Relationship": "Outer",
          "Parallel Aware": false,
          "Startup Cost": 261647.97,
          "Total Cost": 261648.48,
          "Plan Rows": 5,
          "Plan Width": 8,
          "Actual Startup Time": 824.721,
          "Actual Total Time": 893.486,
          "Actual Rows": 6,
          "Actual Loops": 1,
          "Workers Planned": 5,
          "Workers Launched": 5,
          "Single Copy": false,
          "Plans": [
            {
              "Node Type": "Aggregate",
              "Strategy": "Plain",
              "Partial Mode": "Partial",
              "Parent Relationship": "Outer",
              "Parallel Aware": false,
              "Startup Cost": 260647.97,
              "Total Cost": 260647.98,
              "Plan Rows": 1,
              "Plan Width": 8,
              "Actual Startup Time": 817.582,
              "Actual Total Time": 817.586,
              "Actual Rows": 1,
              "Actual Loops": 6,
              "Plans": [
                {
                  "Node Type": "Nested Loop",
                  "Parent Relationship": "Outer",
                  "Parallel Aware": false,
                  "Join Type": "Inner",
                  "Startup Cost": 66727.72,
                  "Total Cost": 260305.03,
                  "Plan Rows": 137178,
                  "Plan Width": 0,
                  "Actual Startup Time": 152.527,
                  "Actual Total Time": 787.585,
                  "Actual Rows": 545683,
                  "Actual Loops": 6,
                  "Inner Unique": false,
                  "Join Filter": "(t.id = ci.movie_id)",
                  "Rows Removed by Join Filter": 0,
                  "Plans": [
                    {
                      "Node Type": "Hash Join",
                      "Parent Relationship": "Outer",
                      "Parallel Aware": true,
                      "Join Type": "Inner",
                      "Startup Cost": 66727.16,
                      "Total Cost": 232481.16,
                      "Plan Rows": 9573,
                      "Plan Width": 8,
                      "Actual Startup Time": 152.331,
                      "Actual Total Time": 232.494,
                      "Actual Rows": 7610,
                      "Actual Loops": 6,
                      "Inner Unique": true,
                      "Hash Cond": "(mi.movie_id = t.id)",
                      "Plans": [
                        {
                          "Node Type": "Bitmap Heap Scan",
                          "Parent Relationship": "Outer",
                          "Parallel Aware": true,
                          "Relation Name": "movie_info",
                          "Alias": "mi",
                          "Startup Cost": 22524.06,
                          "Total Cost": 187625.32,
                          "Plan Rows": 248661,
                          "Plan Width": 4,
                          "Actual Startup Time": 52.057,
                          "Actual Total Time": 110.506,
                          "Actual Rows": 200785,
                          "Actual Loops": 6,
                          "Recheck Cond": "(info_type_id > 18)",
                          "Rows Removed by Index Recheck": 0,
                          "Exact Heap Blocks": 8544,
                          "Lossy Heap Blocks": 0,
                          "Plans": [
                            {
                              "Node Type": "Bitmap Index Scan",
                              "Parent Relationship": "Outer",
                              "Parallel Aware": false,
                              "Index Name": "info_type_id_movie_info",
                              "Startup Cost": 0.0,
                              "Total Cost": 22213.23,
                              "Plan Rows": 1243306,
                              "Plan Width": 0,
                              "Actual Startup Time": 46.18,
                              "Actual Total Time": 46.18,
                              "Actual Rows": 1204709,
                              "Actual Loops": 1,
                              "Index Cond": "(info_type_id > 18)"
                            }
                          ]
                        },
                        {
                          "Node Type": "Hash",
                          "Parent Relationship": "Inner",
                          "Parallel Aware": true,
                          "Startup Cost": 43898.92,
                          "Total Cost": 43898.92,
                          "Plan Rows": 24335,
                          "Plan Width": 4,
                          "Actual Startup Time": 82.127,
                          "Actual Total Time": 82.128,
                          "Actual Rows": 15834,
                          "Actual Loops": 6,
                          "Hash Buckets": 131072,
                          "Original Hash Buckets": 131072,
                          "Hash Batches": 1,
                          "Original Hash Batches": 1,
                          "Peak Memory Usage": 4864,
                          "Plans": [
                            {
                              "Node Type": "Seq Scan",
                              "Parent Relationship": "Outer",
                              "Parallel Aware": true,
                              "Relation Name": "title",
                              "Alias": "t",
                              "Startup Cost": 0.0,
                              "Total Cost": 43898.92,
                              "Plan Rows": 24335,
                              "Plan Width": 4,
                              "Actual Startup Time": 0.03,
                              "Actual Total Time": 74.541,
                              "Actual Rows": 15834,
                              "Actual Loops": 6,
                              "Filter": "(production_year = 2005)",
                              "Rows Removed by Filter": 405551
                            }
                          ]
                        }
                      ]
                    },
                    {
                      "Node Type": "Index Only Scan",
                      "Parent Relationship": "Inner",
                      "Parallel Aware": false,
                      "Scan Direction": "Forward",
                      "Index Name": "movie_id_cast_info",
                      "Relation Name": "cast_info",
                      "Alias": "ci",
                      "Startup Cost": 0.56,
                      "Total Cost": 2.44,
                      "Plan Rows": 37,
                      "Plan Width": 4,
                      "Actual Startup Time": 0.009,
                      "Actual Total Time": 0.066,
                      "Actual Rows": 72,
                      "Actual Loops": 45663,
                      "Index Cond": "(movie_id = mi.movie_id)",
                      "Rows Removed by Index Recheck": 0,
                      "Heap Fetches": 3274098
                    }
                  ]
                }
              ]
            }
          ]
        }
      ]
    },
    "Planning Time": 0.802,
    "Triggers": [],
    "Execution Time": 893.602
  }
]