[
    {
        "Bao": {
            "Bao prediction": "NaN",
            "Bao recommended hint": "(no hint)"
        }
    },
    {
        "Plan": {
            "Node Type": "Aggregate",
            "Strategy": "Plain",
            "Partial Mode": "Finalize",
            "Parallel Aware": false,
            "Startup Cost": 273718.83,
            "Total Cost": 273718.84,
            "Plan Rows": 1,
            "Plan Width": 8,
            "Actual Startup Time": 1514.934,
            "Actual Total Time": 1572.063,
            "Actual Rows": 1,
            "Actual Loops": 1,
            "Output": [
                "count(*)"
            ],
            "Plans": [
                {
                    "Node Type": "Gather",
                    "Parent Relationship": "Outer",
                    "Parallel Aware": false,
                    "Startup Cost": 273718.31,
                    "Total Cost": 273718.82,
                    "Plan Rows": 5,
                    "Plan Width": 8,
                    "Actual Startup Time": 1512.659,
                    "Actual Total Time": 1572.053,
                    "Actual Rows": 6,
                    "Actual Loops": 1,
                    "Output": [
                        "(PARTIAL count(*))"
                    ],
                    "Workers Planned": 5,
                    "Workers Launched": 5,
                    "Single Copy": false,
                    "Plans": [
                        {
                            "Node Type": "Aggregate",
                            "Strategy": "Plain",
                            "Partial Mode": "Partial",
                            "Parent Relationship": "Outer",
                            "Parallel Aware": false,
                            "Startup Cost": 272718.31,
                            "Total Cost": 272718.32,
                            "Plan Rows": 1,
                            "Plan Width": 8,
                            "Actual Startup Time": 1501.631,
                            "Actual Total Time": 1501.635,
                            "Actual Rows": 1,
                            "Actual Loops": 6,
                            "Output": [
                                "PARTIAL count(*)"
                            ],
                            "Workers": [
                                {
                                    "Worker Number": 0,
                                    "Actual Startup Time": 1498.243,
                                    "Actual Total Time": 1498.246,
                                    "Actual Rows": 1,
                                    "Actual Loops": 1
                                },
                                {
                                    "Worker Number": 1,
                                    "Actual Startup Time": 1498.513,
                                    "Actual Total Time": 1498.517,
                                    "Actual Rows": 1,
                                    "Actual Loops": 1
                                },
                                {
                                    "Worker Number": 2,
                                    "Actual Startup Time": 1499.446,
                                    "Actual Total Time": 1499.449,
                                    "Actual Rows": 1,
                                    "Actual Loops": 1
                                },
                                {
                                    "Worker Number": 3,
                                    "Actual Startup Time": 1500.724,
                                    "Actual Total Time": 1500.727,
                                    "Actual Rows": 1,
                                    "Actual Loops": 1
                                },
                                {
                                    "Worker Number": 4,
                                    "Actual Startup Time": 1500.813,
                                    "Actual Total Time": 1500.816,
                                    "Actual Rows": 1,
                                    "Actual Loops": 1
                                }
                            ],
                            "Plans": [
                                {
                                    "Node Type": "Nested Loop",
                                    "Parent Relationship": "Outer",
                                    "Parallel Aware": false,
                                    "Join Type": "Inner",
                                    "Startup Cost": 52857.64,
                                    "Total Cost": 272640.23,
                                    "Plan Rows": 31231,
                                    "Plan Width": 0,
                                    "Actual Startup Time": 135.91,
                                    "Actual Total Time": 1487.952,
                                    "Actual Rows": 224501,
                                    "Actual Loops": 6,
                                    "Inner Unique": false,
                                    "Workers": [
                                        {
                                            "Worker Number": 0,
                                            "Actual Startup Time": 134.518,
                                            "Actual Total Time": 1485.788,
                                            "Actual Rows": 229383,
                                            "Actual Loops": 1
                                        },
                                        {
                                            "Worker Number": 1,
                                            "Actual Startup Time": 138.748,
                                            "Actual Total Time": 1482.501,
                                            "Actual Rows": 183495,
                                            "Actual Loops": 1
                                        },
                                        {
                                            "Worker Number": 2,
                                            "Actual Startup Time": 136.153,
                                            "Actual Total Time": 1486.363,
                                            "Actual Rows": 245025,
                                            "Actual Loops": 1
                                        },
                                        {
                                            "Worker Number": 3,
                                            "Actual Startup Time": 134.585,
                                            "Actual Total Time": 1487.794,
                                            "Actual Rows": 243841,
                                            "Actual Loops": 1
                                        },
                                        {
                                            "Worker Number": 4,
                                            "Actual Startup Time": 128.543,
                                            "Actual Total Time": 1486.188,
                                            "Actual Rows": 167030,
                                            "Actual Loops": 1
                                        }
                                    ],
                                    "Plans": [
                                        {
                                            "Node Type": "Hash Join",
                                            "Parent Relationship": "Outer",
                                            "Parallel Aware": true,
                                            "Join Type": "Inner",
                                            "Startup Cost": 52857.08,
                                            "Total Cost": 215881.13,
                                            "Plan Rows": 10318,
                                            "Plan Width": 8,
                                            "Actual Startup Time": 134.169,
                                            "Actual Total Time": 168.208,
                                            "Actual Rows": 30464,
                                            "Actual Loops": 6,
                                            "Output": [
                                                "t.id",
                                                "mi.movie_id"
                                            ],
                                            "Inner Unique": true,
                                            "Hash Cond": "(mi.movie_id = t.id)",
                                            "Workers": [
                                                {
                                                    "Worker Number": 0,
                                                    "Actual Startup Time": 132.847,
                                                    "Actual Total Time": 165.115,
                                                    "Actual Rows": 30993,
                                                    "Actual Loops": 1
                                                },
                                                {
                                                    "Worker Number": 1,
                                                    "Actual Startup Time": 134.017,
                                                    "Actual Total Time": 166.833,
                                                    "Actual Rows": 23812,
                                                    "Actual Loops": 1
                                                },
                                                {
                                                    "Worker Number": 2,
                                                    "Actual Startup Time": 133.918,
                                                    "Actual Total Time": 167.097,
                                                    "Actual Rows": 33724,
                                                    "Actual Loops": 1
                                                },
                                                {
                                                    "Worker Number": 3,
                                                    "Actual Startup Time": 133.943,
                                                    "Actual Total Time": 165.378,
                                                    "Actual Rows": 32361,
                                                    "Actual Loops": 1
                                                },
                                                {
                                                    "Worker Number": 4,
                                                    "Actual Startup Time": 127.45,
                                                    "Actual Total Time": 165.876,
                                                    "Actual Rows": 22315,
                                                    "Actual Loops": 1
                                                }
                                            ],
                                            "Plans": [
                                                {
                                                    "Node Type": "Bitmap Heap Scan",
                                                    "Parent Relationship": "Outer",
                                                    "Parallel Aware": true,
                                                    "Relation Name": "movie_info",
                                                    "Schema": "public",
                                                    "Alias": "mi",
                                                    "Startup Cost": 6181.97,
                                                    "Total Cost": 169027.08,
                                                    "Plan Rows": 68169,
                                                    "Plan Width": 4,
                                                    "Actual Startup Time": 19.227,
                                                    "Actual Total Time": 37.605,
                                                    "Actual Rows": 61370,
                                                    "Actual Loops": 6,
                                                    "Output": [
                                                        "mi.id",
                                                        "mi.movie_id",
                                                        "mi.info_type_id",
                                                        "mi.info",
                                                        "mi.note"
                                                    ],
                                                    "Recheck Cond": "(mi.info_type_id = 17)",
                                                    "Rows Removed by Index Recheck": 0,
                                                    "Exact Heap Blocks": 2625,
                                                    "Lossy Heap Blocks": 0,
                                                    "Workers": [
                                                        {
                                                            "Worker Number": 0,
                                                            "Actual Startup Time": 19.256,
                                                            "Actual Total Time": 37.329,
                                                            "Actual Rows": 58303,
                                                            "Actual Loops": 1
                                                        },
                                                        {
                                                            "Worker Number": 1,
                                                            "Actual Startup Time": 19.298,
                                                            "Actual Total Time": 38.993,
                                                            "Actual Rows": 50023,
                                                            "Actual Loops": 1
                                                        },
                                                        {
                                                            "Worker Number": 2,
                                                            "Actual Startup Time": 19.212,
                                                            "Actual Total Time": 38.652,
                                                            "Actual Rows": 65898,
                                                            "Actual Loops": 1
                                                        },
                                                        {
                                                            "Worker Number": 3,
                                                            "Actual Startup Time": 19.238,
                                                            "Actual Total Time": 37.633,
                                                            "Actual Rows": 61335,
                                                            "Actual Loops": 1
                                                        },
                                                        {
                                                            "Worker Number": 4,
                                                            "Actual Startup Time": 19.308,
                                                            "Actual Total Time": 37.263,
                                                            "Actual Rows": 43914,
                                                            "Actual Loops": 1
                                                        }
                                                    ],
                                                    "Plans": [
                                                        {
                                                            "Node Type": "Bitmap Index Scan",
                                                            "Parent Relationship": "Outer",
                                                            "Parallel Aware": false,
                                                            "Index Name": "info_type_id_movie_info",
                                                            "Startup Cost": 0.0,
                                                            "Total Cost": 6096.76,
                                                            "Plan Rows": 340843,
                                                            "Plan Width": 0,
                                                            "Actual Startup Time": 17.532,
                                                            "Actual Total Time": 17.533,
                                                            "Actual Rows": 368218,
                                                            "Actual Loops": 1,
                                                            "Index Cond": "(mi.info_type_id = 17)"
                                                        }
                                                    ]
                                                },
                                                {
                                                    "Node Type": "Hash",
                                                    "Parent Relationship": "Inner",
                                                    "Parallel Aware": true,
                                                    "Startup Cost": 45479.21,
                                                    "Total Cost": 45479.21,
                                                    "Plan Rows": 95672,
                                                    "Plan Width": 4,
                                                    "Actual Startup Time": 106.63,
                                                    "Actual Total Time": 106.631,
                                                    "Actual Rows": 73338,
                                                    "Actual Loops": 6,
                                                    "Output": [
                                                        "t.id"
                                                    ],
                                                    "Hash Buckets": 524288,
                                                    "Original Hash Buckets": 524288,
                                                    "Hash Batches": 1,
                                                    "Original Hash Batches": 1,
                                                    "Peak Memory Usage": 21408,
                                                    "Workers": [
                                                        {
                                                            "Worker Number": 0,
                                                            "Actual Startup Time": 105.52,
                                                            "Actual Total Time": 105.521,
                                                            "Actual Rows": 74929,
                                                            "Actual Loops": 1
                                                        },
                                                        {
                                                            "Worker Number": 1,
                                                            "Actual Startup Time": 106.008,
                                                            "Actual Total Time": 106.009,
                                                            "Actual Rows": 54447,
                                                            "Actual Loops": 1
                                                        },
                                                        {
                                                            "Worker Number": 2,
                                                            "Actual Startup Time": 106.552,
                                                            "Actual Total Time": 106.553,
                                                            "Actual Rows": 80210,
                                                            "Actual Loops": 1
                                                        },
                                                        {
                                                            "Worker Number": 3,
                                                            "Actual Startup Time": 106.562,
                                                            "Actual Total Time": 106.562,
                                                            "Actual Rows": 79717,
                                                            "Actual Loops": 1
                                                        },
                                                        {
                                                            "Worker Number": 4,
                                                            "Actual Startup Time": 107.253,
                                                            "Actual Total Time": 107.254,
                                                            "Actual Rows": 52854,
                                                            "Actual Loops": 1
                                                        }
                                                    ],
                                                    "Plans": [
                                                        {
                                                            "Node Type": "Seq Scan",
                                                            "Parent Relationship": "Outer",
                                                            "Parallel Aware": true,
                                                            "Relation Name": "title",
                                                            "Schema": "public",
                                                            "Alias": "t",
                                                            "Startup Cost": 0.0,
                                                            "Total Cost": 45479.21,
                                                            "Plan Rows": 95672,
                                                            "Plan Width": 4,
                                                            "Actual Startup Time": 48.792,
                                                            "Actual Total Time": 81.265,
                                                            "Actual Rows": 73338,
                                                            "Actual Loops": 6,
                                                            "Output": [
                                                                "t.id"
                                                            ],
                                                            "Filter": "((t.production_year < 2006) AND (t.kind_id = 1))",
                                                            "Rows Removed by Filter": 348047,
                                                            "Workers": [
                                                                {
                                                                    "Worker Number": 0,
                                                                    "Actual Startup Time": 47.656,
                                                                    "Actual Total Time": 79.048,
                                                                    "Actual Rows": 74929,
                                                                    "Actual Loops": 1
                                                                },
                                                                {
                                                                    "Worker Number": 1,
                                                                    "Actual Startup Time": 48.196,
                                                                    "Actual Total Time": 82.742,
                                                                    "Actual Rows": 54447,
                                                                    "Actual Loops": 1
                                                                },
                                                                {
                                                                    "Worker Number": 2,
                                                                    "Actual Startup Time": 48.857,
                                                                    "Actual Total Time": 81.63,
                                                                    "Actual Rows": 80210,
                                                                    "Actual Loops": 1
                                                                },
                                                                {
                                                                    "Worker Number": 3,
                                                                    "Actual Startup Time": 48.629,
                                                                    "Actual Total Time": 81.495,
                                                                    "Actual Rows": 79717,
                                                                    "Actual Loops": 1
                                                                },
                                                                {
                                                                    "Worker Number": 4,
                                                                    "Actual Startup Time": 49.409,
                                                                    "Actual Total Time": 82.741,
                                                                    "Actual Rows": 52854,
                                                                    "Actual Loops": 1
                                                                }
                                                            ]
                                                        }
                                                    ]
                                                }
                                            ]
                                        },
                                        {
                                            "Node Type": "Index Scan",
                                            "Parent Relationship": "Inner",
                                            "Parallel Aware": false,
                                            "Scan Direction": "Forward",
                                            "Index Name": "movie_id_cast_info",
                                            "Relation Name": "cast_info",
                                            "Schema": "public",
                                            "Alias": "ci",
                                            "Startup Cost": 0.56,
                                            "Total Cost": 5.42,
                                            "Plan Rows": 8,
                                            "Plan Width": 4,
                                            "Actual Startup Time": 0.027,
                                            "Actual Total Time": 0.042,
                                            "Actual Rows": 7,
                                            "Actual Loops": 182783,
                                            "Output": [
                                                "ci.id",
                                                "ci.person_id",
                                                "ci.movie_id",
                                                "ci.person_role_id",
                                                "ci.note",
                                                "ci.nr_order",
                                                "ci.role_id"
                                            ],
                                            "Index Cond": "(ci.movie_id = t.id)",
                                            "Rows Removed by Index Recheck": 0,
                                            "Filter": "((ci.person_id < 1166737) AND (ci.role_id > 1))",
                                            "Rows Removed by Filter": 65,
                                            "Workers": [
                                                {
                                                    "Worker Number": 0,
                                                    "Actual Startup Time": 0.027,
                                                    "Actual Total Time": 0.042,
                                                    "Actual Rows": 7,
                                                    "Actual Loops": 30993
                                                },
                                                {
                                                    "Worker Number": 1,
                                                    "Actual Startup Time": 0.034,
                                                    "Actual Total Time": 0.054,
                                                    "Actual Rows": 8,
                                                    "Actual Loops": 23812
                                                },
                                                {
                                                    "Worker Number": 2,
                                                    "Actual Startup Time": 0.025,
                                                    "Actual Total Time": 0.038,
                                                    "Actual Rows": 7,
                                                    "Actual Loops": 33724
                                                },
                                                {
                                                    "Worker Number": 3,
                                                    "Actual Startup Time": 0.026,
                                                    "Actual Total Time": 0.04,
                                                    "Actual Rows": 8,
                                                    "Actual Loops": 32361
                                                },
                                                {
                                                    "Worker Number": 4,
                                                    "Actual Startup Time": 0.037,
                                                    "Actual Total Time": 0.058,
                                                    "Actual Rows": 7,
                                                    "Actual Loops": 22315
                                                }
                                            ]
                                        }
                                    ]
                                }
                            ]
                        }
                    ]
                }
            ]
        },
        "Planning Time": 217.294,
        "Triggers": [],
        "Execution Time": 1572.203
    }
]