[
  {
    "Plan": {
      "Node Type": "Aggregate",
      "Strategy": "Plain",
      "Partial Mode": "Finalize",
      "Parallel Aware": false,
      "Startup Cost": 92125.55,
      "Total Cost": 92125.56,
      "Plan Rows": 1,
      "Plan Width": 8,
      "Actual Startup Time": 319.036,
      "Actual Total Time": 337.124,
      "Actual Rows": 1,
      "Actual Loops": 1,
      "Plans": [
        {
          "Node Type": "Gather",
          "Parent Relationship": "Outer",
          "Parallel Aware": false,
          "Startup Cost": 92125.24,
          "Total Cost": 92125.55,
          "Plan Rows": 3,
          "Plan Width": 8,
          "Actual Startup Time": 317.668,
          "Actual Total Time": 337.117,
          "Actual Rows": 4,
          "Actual Loops": 1,
          "Workers Planned": 3,
          "Workers Launched": 3,
          "Single Copy": false,
          "Plans": [
            {
              "Node Type": "Aggregate",
              "Strategy": "Plain",
              "Partial Mode": "Partial",
              "Parent Relationship": "Outer",
              "Parallel Aware": false,
              "Startup Cost": 91125.24,
              "Total Cost": 91125.25,
              "Plan Rows": 1,
              "Plan Width": 8,
              "Actual Startup Time": 309.083,
              "Actual Total Time": 309.085,
              "Actual Rows": 1,
              "Actual Loops": 4,
              "Plans": [
                {
                  "Node Type": "Hash Join",
                  "Parent Relationship": "Outer",
                  "Parallel Aware": true,
                  "Join Type": "Inner",
                  "Startup Cost": 45896.9,
                  "Total Cost": 91003.8,
                  "Plan Rows": 48574,
                  "Plan Width": 0,
                  "Actual Startup Time": 119.487,
                  "Actual Total Time": 303.26,
                  "Actual Rows": 136154,
                  "Actual Loops": 4,
                  "Inner Unique": true,
                  "Hash Cond": "(mk.movie_id = t.id)",
                  "Plans": [
                    {
                      "Node Type": "Seq Scan",
                      "Parent Relationship": "Outer",
                      "Parallel Aware": true,
                      "Relation Name": "movie_keyword",
                      "Alias": "mk",
                      "Startup Cost": 0.0,
                      "Total Cost": 42695.65,
                      "Plan Rows": 918571,
                      "Plan Width": 4,
                      "Actual Startup Time": 0.027,
                      "Actual Total Time": 108.675,
                      "Actual Rows": 710153,
                      "Actual Loops": 4,
                      "Filter": "(keyword_id < 8626)",
                      "Rows Removed by Filter": 420830
                    },
                    {
                      "Node Type": "Hash",
                      "Parent Relationship": "Inner",
                      "Parallel Aware": true,
                      "Startup Cost": 45479.1,
                      "Total Cost": 45479.1,
                      "Plan Rows": 33424,
                      "Plan Width": 4,
                      "Actual Startup Time": 116.89,
                      "Actual Total Time": 116.891,
                      "Actual Rows": 59946,
                      "Actual Loops": 4,
                      "Hash Buckets": 262144,
                      "Original Hash Buckets": 262144,
                      "Hash Batches": 1,
                      "Original Hash Batches": 1,
                      "Peak Memory Usage": 11520,
                      "Plans": [
                        {
                          "Node Type": "Seq Scan",
                          "Parent Relationship": "Outer",
                          "Parallel Aware": true,
                          "Relation Name": "title",
                          "Alias": "t",
                          "Startup Cost": 0.0,
                          "Total Cost": 45479.1,
                          "Plan Rows": 33424,
                          "Plan Width": 4,
                          "Actual Startup Time": 0.119,
                          "Actual Total Time": 97.673,
                          "Actual Rows": 59946,
                          "Actual Loops": 4,
                          "Filter": "((kind_id < 7) AND (production_year < 1969))",
                          "Rows Removed by Filter": 572132
                        }
                      ]
                    }
                  ]
                }
              ]
            }
          ]
        }
      ]
    },
    "Planning Time": 0.72,
    "Triggers": [],
    "Execution Time": 337.199
  }
]