[
    {
        "Bao": {
            "Bao prediction": "NaN",
            "Bao recommended hint": "(no hint)"
        }
    },
    {
        "Plan": {
            "Node Type": "Aggregate",
            "Strategy": "Plain",
            "Partial Mode": "Finalize",
            "Parallel Aware": false,
            "Startup Cost": 327135.84,
            "Total Cost": 327135.85,
            "Plan Rows": 1,
            "Plan Width": 8,
            "Actual Startup Time": 251.921,
            "Actual Total Time": 257.814,
            "Actual Rows": 1,
            "Actual Loops": 1,
            "Output": [
                "count(*)"
            ],
            "Plans": [
                {
                    "Node Type": "Gather",
                    "Parent Relationship": "Outer",
                    "Parallel Aware": false,
                    "Startup Cost": 327135.22,
                    "Total Cost": 327135.83,
                    "Plan Rows": 6,
                    "Plan Width": 8,
                    "Actual Startup Time": 251.188,
                    "Actual Total Time": 257.806,
                    "Actual Rows": 7,
                    "Actual Loops": 1,
                    "Output": [
                        "(PARTIAL count(*))"
                    ],
                    "Workers Planned": 6,
                    "Workers Launched": 6,
                    "Single Copy": false,
                    "Plans": [
                        {
                            "Node Type": "Aggregate",
                            "Strategy": "Plain",
                            "Partial Mode": "Partial",
                            "Parent Relationship": "Outer",
                            "Parallel Aware": false,
                            "Startup Cost": 326135.22,
                            "Total Cost": 326135.23,
                            "Plan Rows": 1,
                            "Plan Width": 8,
                            "Actual Startup Time": 240.987,
                            "Actual Total Time": 240.988,
                            "Actual Rows": 1,
                            "Actual Loops": 7,
                            "Output": [
                                "PARTIAL count(*)"
                            ],
                            "Workers": [
                                {
                                    "Worker Number": 0,
                                    "Actual Startup Time": 238.665,
                                    "Actual Total Time": 238.666,
                                    "Actual Rows": 1,
                                    "Actual Loops": 1
                                },
                                {
                                    "Worker Number": 1,
                                    "Actual Startup Time": 238.983,
                                    "Actual Total Time": 238.985,
                                    "Actual Rows": 1,
                                    "Actual Loops": 1
                                },
                                {
                                    "Worker Number": 2,
                                    "Actual Startup Time": 239.048,
                                    "Actual Total Time": 239.049,
                                    "Actual Rows": 1,
                                    "Actual Loops": 1
                                },
                                {
                                    "Worker Number": 3,
                                    "Actual Startup Time": 239.472,
                                    "Actual Total Time": 239.473,
                                    "Actual Rows": 1,
                                    "Actual Loops": 1
                                },
                                {
                                    "Worker Number": 4,
                                    "Actual Startup Time": 239.804,
                                    "Actual Total Time": 239.805,
                                    "Actual Rows": 1,
                                    "Actual Loops": 1
                                },
                                {
                                    "Worker Number": 5,
                                    "Actual Startup Time": 240.076,
                                    "Actual Total Time": 240.078,
                                    "Actual Rows": 1,
                                    "Actual Loops": 1
                                }
                            ],
                            "Plans": [
                                {
                                    "Node Type": "Bitmap Heap Scan",
                                    "Parent Relationship": "Outer",
                                    "Parallel Aware": true,
                                    "Relation Name": "cast_info",
                                    "Schema": "public",
                                    "Alias": "ci",
                                    "Startup Cost": 65977.08,
                                    "Total Cost": 324890.03,
                                    "Plan Rows": 498076,
                                    "Plan Width": 0,
                                    "Actual Startup Time": 120.724,
                                    "Actual Total Time": 217.58,
                                    "Actual Rows": 434446,
                                    "Actual Loops": 7,
                                    "Recheck Cond": "(ci.person_id < 295163)",
                                    "Rows Removed by Index Recheck": 0,
                                    "Exact Heap Blocks": 7140,
                                    "Lossy Heap Blocks": 0,
                                    "Workers": [
                                        {
                                            "Worker Number": 0,
                                            "Actual Startup Time": 118.887,
                                            "Actual Total Time": 215.497,
                                            "Actual Rows": 294590,
                                            "Actual Loops": 1
                                        },
                                        {
                                            "Worker Number": 1,
                                            "Actual Startup Time": 119.034,
                                            "Actual Total Time": 216.338,
                                            "Actual Rows": 411090,
                                            "Actual Loops": 1
                                        },
                                        {
                                            "Worker Number": 2,
                                            "Actual Startup Time": 118.647,
                                            "Actual Total Time": 216.566,
                                            "Actual Rows": 405032,
                                            "Actual Loops": 1
                                        },
                                        {
                                            "Worker Number": 3,
                                            "Actual Startup Time": 119.321,
                                            "Actual Total Time": 217.063,
                                            "Actual Rows": 407675,
                                            "Actual Loops": 1
                                        },
                                        {
                                            "Worker Number": 4,
                                            "Actual Startup Time": 119.456,
                                            "Actual Total Time": 217.035,
                                            "Actual Rows": 409965,
                                            "Actual Loops": 1
                                        },
                                        {
                                            "Worker Number": 5,
                                            "Actual Startup Time": 119.677,
                                            "Actual Total Time": 217.144,
                                            "Actual Rows": 410621,
                                            "Actual Loops": 1
                                        }
                                    ],
                                    "Plans": [
                                        {
                                            "Node Type": "Bitmap Index Scan",
                                            "Parent Relationship": "Outer",
                                            "Parallel Aware": false,
                                            "Index Name": "person_id_cast_info",
                                            "Startup Cost": 0.0,
                                            "Total Cost": 65229.97,
                                            "Plan Rows": 2988454,
                                            "Plan Width": 0,
                                            "Actual Startup Time": 124.995,
                                            "Actual Total Time": 124.996,
                                            "Actual Rows": 3041119,
                                            "Actual Loops": 1,
                                            "Index Cond": "(ci.person_id < 295163)"
                                        }
                                    ]
                                }
                            ]
                        }
                    ]
                }
            ]
        },
        "Planning Time": 199.893,
        "Triggers": [],
        "Execution Time": 257.874
    }
]