[
  {
    "Plan": {
      "Node Type": "Aggregate",
      "Strategy": "Plain",
      "Partial Mode": "Finalize",
      "Parallel Aware": false,
      "Startup Cost": 435995.67,
      "Total Cost": 435995.68,
      "Plan Rows": 1,
      "Plan Width": 8,
      "Actual Startup Time": 3287.912,
      "Actual Total Time": 3371.125,
      "Actual Rows": 1,
      "Actual Loops": 1,
      "Plans": [
        {
          "Node Type": "Gather",
          "Parent Relationship": "Outer",
          "Parallel Aware": false,
          "Startup Cost": 435995.05,
          "Total Cost": 435995.66,
          "Plan Rows": 6,
          "Plan Width": 8,
          "Actual Startup Time": 3265.366,
          "Actual Total Time": 3371.104,
          "Actual Rows": 7,
          "Actual Loops": 1,
          "Workers Planned": 6,
          "Workers Launched": 6,
          "Single Copy": false,
          "Plans": [
            {
              "Node Type": "Aggregate",
              "Strategy": "Plain",
              "Partial Mode": "Partial",
              "Parent Relationship": "Outer",
              "Parallel Aware": false,
              "Startup Cost": 434995.05,
              "Total Cost": 434995.06,
              "Plan Rows": 1,
              "Plan Width": 8,
              "Actual Startup Time": 3253.594,
              "Actual Total Time": 3254.061,
              "Actual Rows": 1,
              "Actual Loops": 7,
              "Plans": [
                {
                  "Node Type": "Hash Join",
                  "Parent Relationship": "Outer",
                  "Parallel Aware": true,
                  "Join Type": "Inner",
                  "Startup Cost": 86619.57,
                  "Total Cost": 429488.55,
                  "Plan Rows": 2202599,
                  "Plan Width": 0,
                  "Actual Startup Time": 490.08,
                  "Actual Total Time": 3049.264,
                  "Actual Rows": 3738111,
                  "Actual Loops": 7,
                  "Inner Unique": false,
                  "Hash Cond": "(ci.movie_id = t.id)",
                  "Plans": [
                    {
                      "Node Type": "Seq Scan",
                      "Parent Relationship": "Outer",
                      "Parallel Aware": true,
                      "Relation Name": "cast_info",
                      "Alias": "ci",
                      "Startup Cost": 0.0,
                      "Total Cost": 313106.51,
                      "Plan Rows": 6041951,
                      "Plan Width": 4,
                      "Actual Startup Time": 0.083,
                      "Actual Total Time": 660.652,
                      "Actual Rows": 5177763,
                      "Actual Loops": 7
                    },
                    {
                      "Node Type": "Hash",
                      "Parent Relationship": "Inner",
                      "Parallel Aware": true,
                      "Startup Cost": 82902.89,
                      "Total Cost": 82902.89,
                      "Plan Rows": 297335,
                      "Plan Width": 8,
                      "Actual Startup Time": 486.253,
                      "Actual Total Time": 486.718,
                      "Actual Rows": 132378,
                      "Actual Loops": 7,
                      "Hash Buckets": 1048576,
                      "Original Hash Buckets": 1048576,
                      "Hash Batches": 1,
                      "Original Hash Batches": 1,
                      "Peak Memory Usage": 44544,
                      "Plans": [
                        {
                          "Node Type": "Hash Join",
                          "Parent Relationship": "Outer",
                          "Parallel Aware": true,
                          "Join Type": "Inner",
                          "Startup Cost": 50562.53,
                          "Total Cost": 82902.89,
                          "Plan Rows": 297335,
                          "Plan Width": 8,
                          "Actual Startup Time": 314.161,
                          "Actual Total Time": 426.263,
                          "Actual Rows": 132378,
                          "Actual Loops": 7,
                          "Inner Unique": true,
                          "Hash Cond": "(mc.movie_id = t.id)",
                          "Plans": [
                            {
                              "Node Type": "Seq Scan",
                              "Parent Relationship": "Outer",
                              "Parallel Aware": true,
                              "Relation Name": "movie_companies",
                              "Alias": "mc",
                              "Startup Cost": 0.0,
                              "Total Cost": 31414.82,
                              "Plan Rows": 352584,
                              "Plan Width": 4,
                              "Actual Startup Time": 26.186,
                              "Actual Total Time": 59.389,
                              "Actual Rows": 173952,
                              "Actual Loops": 7,
                              "Filter": "((company_id > 395) AND (company_type_id = 2))",
                              "Rows Removed by Filter": 198780
                            },
                            {
                              "Node Type": "Hash",
                              "Parent Relationship": "Inner",
                              "Parallel Aware": true,
                              "Startup Cost": 43899.32,
                              "Total Cost": 43899.32,
                              "Plan Rows": 533057,
                              "Plan Width": 4,
                              "Actual Startup Time": 283.113,
                              "Actual Total Time": 283.114,
                              "Actual Rows": 302625,
                              "Actual Loops": 7,
                              "Hash Buckets": 4194304,
                              "Original Hash Buckets": 4194304,
                              "Hash Batches": 1,
                              "Original Hash Batches": 1,
                              "Peak Memory Usage": 115776,
                              "Plans": [
                                {
                                  "Node Type": "Seq Scan",
                                  "Parent Relationship": "Outer",
                                  "Parallel Aware": true,
                                  "Relation Name": "title",
                                  "Alias": "t",
                                  "Startup Cost": 0.0,
                                  "Total Cost": 43899.32,
                                  "Plan Rows": 533057,
                                  "Plan Width": 4,
                                  "Actual Startup Time": 0.069,
                                  "Actual Total Time": 96.532,
                                  "Actual Rows": 302625,
                                  "Actual Loops": 7,
                                  "Filter": "(production_year > 1967)",
                                  "Rows Removed by Filter": 58563
                                }
                              ]
                            }
                          ]
                        }
                      ]
                    }
                  ]
                }
              ]
            }
          ]
        }
      ]
    },
    "Planning Time": 1.518,
    "Triggers": [],
    "Execution Time": 3371.238
  }
]