[
  {
    "Plan": {
      "Node Type": "Aggregate",
      "Strategy": "Plain",
      "Partial Mode": "Finalize",
      "Parallel Aware": false,
      "Startup Cost": 435844.1,
      "Total Cost": 435844.11,
      "Plan Rows": 1,
      "Plan Width": 8,
      "Actual Startup Time": 2714.315,
      "Actual Total Time": 2783.002,
      "Actual Rows": 1,
      "Actual Loops": 1,
      "Plans": [
        {
          "Node Type": "Gather",
          "Parent Relationship": "Outer",
          "Parallel Aware": false,
          "Startup Cost": 435843.47,
          "Total Cost": 435844.08,
          "Plan Rows": 6,
          "Plan Width": 8,
          "Actual Startup Time": 2690.743,
          "Actual Total Time": 2782.99,
          "Actual Rows": 7,
          "Actual Loops": 1,
          "Workers Planned": 6,
          "Workers Launched": 6,
          "Single Copy": false,
          "Plans": [
            {
              "Node Type": "Aggregate",
              "Strategy": "Plain",
              "Partial Mode": "Partial",
              "Parent Relationship": "Outer",
              "Parallel Aware": false,
              "Startup Cost": 434843.47,
              "Total Cost": 434843.48,
              "Plan Rows": 1,
              "Plan Width": 8,
              "Actual Startup Time": 2679.938,
              "Actual Total Time": 2680.325,
              "Actual Rows": 1,
              "Actual Loops": 7,
              "Plans": [
                {
                  "Node Type": "Hash Join",
                  "Parent Relationship": "Outer",
                  "Parallel Aware": true,
                  "Join Type": "Inner",
                  "Startup Cost": 86594.46,
                  "Total Cost": 429368.49,
                  "Plan Rows": 2189993,
                  "Plan Width": 0,
                  "Actual Startup Time": 403.193,
                  "Actual Total Time": 2509.417,
                  "Actual Rows": 3738111,
                  "Actual Loops": 7,
                  "Inner Unique": false,
                  "Hash Cond": "(ci.movie_id = t.id)",
                  "Plans": [
                    {
                      "Node Type": "Seq Scan",
                      "Parent Relationship": "Outer",
                      "Parallel Aware": true,
                      "Relation Name": "cast_info",
                      "Alias": "ci",
                      "Startup Cost": 0.0,
                      "Total Cost": 313067.02,
                      "Plan Rows": 6038002,
                      "Plan Width": 4,
                      "Actual Startup Time": 0.04,
                      "Actual Total Time": 558.856,
                      "Actual Rows": 5177763,
                      "Actual Loops": 7
                    },
                    {
                      "Node Type": "Hash",
                      "Parent Relationship": "Inner",
                      "Parallel Aware": true,
                      "Startup Cost": 82896.81,
                      "Total Cost": 82896.81,
                      "Plan Rows": 295812,
                      "Plan Width": 8,
                      "Actual Startup Time": 399.7,
                      "Actual Total Time": 400.085,
                      "Actual Rows": 132378,
                      "Actual Loops": 7,
                      "Hash Buckets": 1048576,
                      "Original Hash Buckets": 1048576,
                      "Hash Batches": 1,
                      "Original Hash Batches": 1,
                      "Peak Memory Usage": 44576,
                      "Plans": [
                        {
                          "Node Type": "Hash Join",
                          "Parent Relationship": "Outer",
                          "Parallel Aware": true,
                          "Join Type": "Inner",
                          "Startup Cost": 50561.12,
                          "Total Cost": 82896.81,
                          "Plan Rows": 295812,
                          "Plan Width": 8,
                          "Actual Startup Time": 256.911,
                          "Actual Total Time": 350.775,
                          "Actual Rows": 132378,
                          "Actual Loops": 7,
                          "Inner Unique": true,
                          "Hash Cond": "(mc.movie_id = t.id)",
                          "Plans": [
                            {
                              "Node Type": "Seq Scan",
                              "Parent Relationship": "Outer",
                              "Parallel Aware": true,
                              "Relation Name": "movie_companies",
                              "Alias": "mc",
                              "Startup Cost": 0.0,
                              "Total Cost": 31414.82,
                              "Plan Rows": 350812,
                              "Plan Width": 4,
                              "Actual Startup Time": 21.415,
                              "Actual Total Time": 48.898,
                              "Actual Rows": 173952,
                              "Actual Loops": 7,
                              "Filter": "((company_id > 395) AND (company_type_id = 2))",
                              "Rows Removed by Filter": 198780
                            },
                            {
                              "Node Type": "Hash",
                              "Parent Relationship": "Inner",
                              "Parallel Aware": true,
                              "Startup Cost": 43898.92,
                              "Total Cost": 43898.92,
                              "Plan Rows": 532976,
                              "Plan Width": 4,
                              "Actual Startup Time": 231.32,
                              "Actual Total Time": 231.321,
                              "Actual Rows": 302625,
                              "Actual Loops": 7,
                              "Hash Buckets": 4194304,
                              "Original Hash Buckets": 4194304,
                              "Hash Batches": 1,
                              "Original Hash Batches": 1,
                              "Peak Memory Usage": 115744,
                              "Plans": [
                                {
                                  "Node Type": "Seq Scan",
                                  "Parent Relationship": "Outer",
                                  "Parallel Aware": true,
                                  "Relation Name": "title",
                                  "Alias": "t",
                                  "Startup Cost": 0.0,
                                  "Total Cost": 43898.92,
                                  "Plan Rows": 532976,
                                  "Plan Width": 4,
                                  "Actual Startup Time": 0.045,
                                  "Actual Total Time": 79.97,
                                  "Actual Rows": 302625,
                                  "Actual Loops": 7,
                                  "Filter": "(production_year > 1967)",
                                  "Rows Removed by Filter": 58563
                                }
                              ]
                            }
                          ]
                        }
                      ]
                    }
                  ]
                }
              ]
            }
          ]
        }
      ]
    },
    "Planning Time": 1.424,
    "Triggers": [],
    "Execution Time": 2783.103
  }
]