[
  {
    "Plan": {
      "Node Type": "Aggregate",
      "Strategy": "Plain",
      "Partial Mode": "Finalize",
      "Parallel Aware": false,
      "Startup Cost": 46013.98,
      "Total Cost": 46013.99,
      "Plan Rows": 1,
      "Plan Width": 8,
      "Actual Startup Time": 160.191,
      "Actual Total Time": 167.517,
      "Actual Rows": 1,
      "Actual Loops": 1,
      "Plans": [
        {
          "Node Type": "Gather",
          "Parent Relationship": "Outer",
          "Parallel Aware": false,
          "Startup Cost": 46013.66,
          "Total Cost": 46013.97,
          "Plan Rows": 3,
          "Plan Width": 8,
          "Actual Startup Time": 159.93,
          "Actual Total Time": 167.509,
          "Actual Rows": 4,
          "Actual Loops": 1,
          "Workers Planned": 3,
          "Workers Launched": 3,
          "Single Copy": false,
          "Plans": [
            {
              "Node Type": "Aggregate",
              "Strategy": "Plain",
              "Partial Mode": "Partial",
              "Parent Relationship": "Outer",
              "Parallel Aware": false,
              "Startup Cost": 45013.66,
              "Total Cost": 45013.67,
              "Plan Rows": 1,
              "Plan Width": 8,
              "Actual Startup Time": 153.341,
              "Actual Total Time": 153.342,
              "Actual Rows": 1,
              "Actual Loops": 4,
              "Plans": [
                {
                  "Node Type": "Seq Scan",
                  "Parent Relationship": "Outer",
                  "Parallel Aware": true,
                  "Relation Name": "movie_keyword",
                  "Alias": "mk",
                  "Startup Cost": 0.0,
                  "Total Cost": 42695.65,
                  "Plan Rows": 927202,
                  "Plan Width": 0,
                  "Actual Startup Time": 0.159,
                  "Actual Total Time": 119.886,
                  "Actual Rows": 719202,
                  "Actual Loops": 4,
                  "Filter": "(keyword_id > 2504)",
                  "Rows Removed by Filter": 411781
                }
              ]
            }
          ]
        }
      ]
    },
    "Planning Time": 0.086,
    "Triggers": [],
    "Execution Time": 167.547
  }
]