[
  {
    "Plan": {
      "Node Type": "Aggregate",
      "Strategy": "Plain",
      "Partial Mode": "Finalize",
      "Parallel Aware": false,
      "Startup Cost": 46027.25,
      "Total Cost": 46027.26,
      "Plan Rows": 1,
      "Plan Width": 8,
      "Actual Startup Time": 155.19,
      "Actual Total Time": 165.105,
      "Actual Rows": 1,
      "Actual Loops": 1,
      "Plans": [
        {
          "Node Type": "Gather",
          "Parent Relationship": "Outer",
          "Parallel Aware": false,
          "Startup Cost": 46026.93,
          "Total Cost": 46027.24,
          "Plan Rows": 3,
          "Plan Width": 8,
          "Actual Startup Time": 155.051,
          "Actual Total Time": 165.096,
          "Actual Rows": 4,
          "Actual Loops": 1,
          "Workers Planned": 3,
          "Workers Launched": 3,
          "Single Copy": false,
          "Plans": [
            {
              "Node Type": "Aggregate",
              "Strategy": "Plain",
              "Partial Mode": "Partial",
              "Parent Relationship": "Outer",
              "Parallel Aware": false,
              "Startup Cost": 45026.93,
              "Total Cost": 45026.94,
              "Plan Rows": 1,
              "Plan Width": 8,
              "Actual Startup Time": 149.172,
              "Actual Total Time": 149.173,
              "Actual Rows": 1,
              "Actual Loops": 4,
              "Plans": [
                {
                  "Node Type": "Seq Scan",
                  "Parent Relationship": "Outer",
                  "Parallel Aware": true,
                  "Relation Name": "movie_keyword",
                  "Alias": "mk",
                  "Startup Cost": 0.0,
                  "Total Cost": 42695.65,
                  "Plan Rows": 932510,
                  "Plan Width": 0,
                  "Actual Startup Time": 0.387,
                  "Actual Total Time": 117.714,
                  "Actual Rows": 719202,
                  "Actual Loops": 4,
                  "Filter": "(keyword_id > 2504)",
                  "Rows Removed by Filter": 411781
                }
              ]
            }
          ]
        }
      ]
    },
    "Planning Time": 0.184,
    "Triggers": [],
    "Execution Time": 165.167
  }
]