[
  {
    "Plan": {
      "Node Type": "Aggregate",
      "Strategy": "Plain",
      "Partial Mode": "Finalize",
      "Parallel Aware": false,
      "Startup Cost": 330624.93,
      "Total Cost": 330624.94,
      "Plan Rows": 1,
      "Plan Width": 8,
      "Actual Startup Time": 692.358,
      "Actual Total Time": 755.145,
      "Actual Rows": 1,
      "Actual Loops": 1,
      "Plans": [
        {
          "Node Type": "Gather",
          "Parent Relationship": "Outer",
          "Parallel Aware": false,
          "Startup Cost": 330624.31,
          "Total Cost": 330624.92,
          "Plan Rows": 6,
          "Plan Width": 8,
          "Actual Startup Time": 692.227,
          "Actual Total Time": 755.133,
          "Actual Rows": 7,
          "Actual Loops": 1,
          "Workers Planned": 6,
          "Workers Launched": 6,
          "Single Copy": false,
          "Plans": [
            {
              "Node Type": "Aggregate",
              "Strategy": "Plain",
              "Partial Mode": "Partial",
              "Parent Relationship": "Outer",
              "Parallel Aware": false,
              "Startup Cost": 329624.31,
              "Total Cost": 329624.32,
              "Plan Rows": 1,
              "Plan Width": 8,
              "Actual Startup Time": 681.795,
              "Actual Total Time": 681.796,
              "Actual Rows": 1,
              "Actual Loops": 7,
              "Plans": [
                {
                  "Node Type": "Seq Scan",
                  "Parent Relationship": "Outer",
                  "Parallel Aware": true,
                  "Relation Name": "cast_info",
                  "Alias": "ci",
                  "Startup Cost": 0.0,
                  "Total Cost": 328162.03,
                  "Plan Rows": 584913,
                  "Plan Width": 0,
                  "Actual Startup Time": 0.053,
                  "Actual Total Time": 649.555,
                  "Actual Rows": 518100,
                  "Actual Loops": 7,
                  "Filter": "(person_id < 347491)",
                  "Rows Removed by Filter": 4659664
                }
              ]
            }
          ]
        }
      ]
    },
    "Planning Time": 0.172,
    "Triggers": [],
    "Execution Time": 755.214
  }
]