[
  {
    "Plan": {
      "Node Type": "Aggregate",
      "Strategy": "Plain",
      "Partial Mode": "Finalize",
      "Parallel Aware": false,
      "Startup Cost": 39952.29,
      "Total Cost": 39952.3,
      "Plan Rows": 1,
      "Plan Width": 8,
      "Actual Startup Time": 38.016,
      "Actual Total Time": 43.746,
      "Actual Rows": 1,
      "Actual Loops": 1,
      "Plans": [
        {
          "Node Type": "Gather",
          "Parent Relationship": "Outer",
          "Parallel Aware": false,
          "Startup Cost": 39952.08,
          "Total Cost": 39952.29,
          "Plan Rows": 2,
          "Plan Width": 8,
          "Actual Startup Time": 37.908,
          "Actual Total Time": 43.741,
          "Actual Rows": 3,
          "Actual Loops": 1,
          "Workers Planned": 2,
          "Workers Launched": 2,
          "Single Copy": false,
          "Plans": [
            {
              "Node Type": "Aggregate",
              "Strategy": "Plain",
              "Partial Mode": "Partial",
              "Parent Relationship": "Outer",
              "Parallel Aware": false,
              "Startup Cost": 38952.08,
              "Total Cost": 38952.09,
              "Plan Rows": 1,
              "Plan Width": 8,
              "Actual Startup Time": 33.941,
              "Actual Total Time": 33.943,
              "Actual Rows": 1,
              "Actual Loops": 3,
              "Plans": [
                {
                  "Node Type": "Nested Loop",
                  "Parent Relationship": "Outer",
                  "Parallel Aware": false,
                  "Join Type": "Inner",
                  "Startup Cost": 169.63,
                  "Total Cost": 38951.88,
                  "Plan Rows": 80,
                  "Plan Width": 0,
                  "Actual Startup Time": 5.424,
                  "Actual Total Time": 33.925,
                  "Actual Rows": 42,
                  "Actual Loops": 3,
                  "Inner Unique": true,
                  "Plans": [
                    {
                      "Node Type": "Bitmap Heap Scan",
                      "Parent Relationship": "Outer",
                      "Parallel Aware": true,
                      "Relation Name": "movie_keyword",
                      "Alias": "mk",
                      "Startup Cost": 169.2,
                      "Total Cost": 16584.09,
                      "Plan Rows": 3267,
                      "Plan Width": 4,
                      "Actual Startup Time": 3.901,
                      "Actual Total Time": 13.384,
                      "Actual Rows": 2175,
                      "Actual Loops": 3,
                      "Recheck Cond": "(keyword_id = 70)",
                      "Rows Removed by Index Recheck": 0,
                      "Exact Heap Blocks": 3171,
                      "Lossy Heap Blocks": 0,
                      "Plans": [
                        {
                          "Node Type": "Bitmap Index Scan",
                          "Parent Relationship": "Outer",
                          "Parallel Aware": false,
                          "Index Name": "keyword_id_movie_keyword",
                          "Startup Cost": 0.0,
                          "Total Cost": 167.24,
                          "Plan Rows": 7841,
                          "Plan Width": 0,
                          "Actual Startup Time": 4.942,
                          "Actual Total Time": 4.942,
                          "Actual Rows": 6525,
                          "Actual Loops": 1,
                          "Index Cond": "(keyword_id = 70)"
                        }
                      ]
                    },
                    {
                      "Node Type": "Index Scan",
                      "Parent Relationship": "Inner",
                      "Parallel Aware": false,
                      "Scan Direction": "Forward",
                      "Index Name": "title_pkey",
                      "Relation Name": "title",
                      "Alias": "t",
                      "Startup Cost": 0.43,
                      "Total Cost": 6.85,
                      "Plan Rows": 1,
                      "Plan Width": 4,
                      "Actual Startup Time": 0.009,
                      "Actual Total Time": 0.009,
                      "Actual Rows": 0,
                      "Actual Loops": 6525,
                      "Index Cond": "(id = mk.movie_id)",
                      "Rows Removed by Index Recheck": 0,
                      "Filter": "((kind_id < 7) AND (production_year = 2011))",
                      "Rows Removed by Filter": 1
                    }
                  ]
                }
              ]
            }
          ]
        }
      ]
    },
    "Planning Time": 0.54,
    "Triggers": [],
    "Execution Time": 43.825
  }
]