[
  {
    "Plan": {
      "Node Type": "Aggregate",
      "Strategy": "Plain",
      "Partial Mode": "Finalize",
      "Parallel Aware": false,
      "Startup Cost": 45362.1,
      "Total Cost": 45362.11,
      "Plan Rows": 1,
      "Plan Width": 8,
      "Actual Startup Time": 144.721,
      "Actual Total Time": 154.659,
      "Actual Rows": 1,
      "Actual Loops": 1,
      "Plans": [
        {
          "Node Type": "Gather",
          "Parent Relationship": "Outer",
          "Parallel Aware": false,
          "Startup Cost": 45361.78,
          "Total Cost": 45362.09,
          "Plan Rows": 3,
          "Plan Width": 8,
          "Actual Startup Time": 144.596,
          "Actual Total Time": 154.651,
          "Actual Rows": 4,
          "Actual Loops": 1,
          "Workers Planned": 3,
          "Workers Launched": 3,
          "Single Copy": false,
          "Plans": [
            {
              "Node Type": "Aggregate",
              "Strategy": "Plain",
              "Partial Mode": "Partial",
              "Parent Relationship": "Outer",
              "Parallel Aware": false,
              "Startup Cost": 44361.78,
              "Total Cost": 44361.79,
              "Plan Rows": 1,
              "Plan Width": 8,
              "Actual Startup Time": 138.486,
              "Actual Total Time": 138.487,
              "Actual Rows": 1,
              "Actual Loops": 4,
              "Plans": [
                {
                  "Node Type": "Seq Scan",
                  "Parent Relationship": "Outer",
                  "Parallel Aware": true,
                  "Relation Name": "movie_keyword",
                  "Alias": "mk",
                  "Startup Cost": 0.0,
                  "Total Cost": 42695.65,
                  "Plan Rows": 666450,
                  "Plan Width": 0,
                  "Actual Startup Time": 0.876,
                  "Actual Total Time": 114.667,
                  "Actual Rows": 515732,
                  "Actual Loops": 4,
                  "Filter": "(keyword_id > 5899)",
                  "Rows Removed by Filter": 615250
                }
              ]
            }
          ]
        }
      ]
    },
    "Planning Time": 0.184,
    "Triggers": [],
    "Execution Time": 154.714
  }
]