[
  {
    "Plan": {
      "Node Type": "Aggregate",
      "Strategy": "Plain",
      "Partial Mode": "Finalize",
      "Parallel Aware": false,
      "Startup Cost": 57383.64,
      "Total Cost": 57383.65,
      "Plan Rows": 1,
      "Plan Width": 8,
      "Actual Startup Time": 90.434,
      "Actual Total Time": 101.194,
      "Actual Rows": 1,
      "Actual Loops": 1,
      "Plans": [
        {
          "Node Type": "Gather",
          "Parent Relationship": "Outer",
          "Parallel Aware": false,
          "Startup Cost": 57383.22,
          "Total Cost": 57383.63,
          "Plan Rows": 4,
          "Plan Width": 8,
          "Actual Startup Time": 90.278,
          "Actual Total Time": 101.187,
          "Actual Rows": 5,
          "Actual Loops": 1,
          "Workers Planned": 4,
          "Workers Launched": 4,
          "Single Copy": false,
          "Plans": [
            {
              "Node Type": "Aggregate",
              "Strategy": "Plain",
              "Partial Mode": "Partial",
              "Parent Relationship": "Outer",
              "Parallel Aware": false,
              "Startup Cost": 56383.22,
              "Total Cost": 56383.23,
              "Plan Rows": 1,
              "Plan Width": 8,
              "Actual Startup Time": 83.565,
              "Actual Total Time": 83.567,
              "Actual Rows": 1,
              "Actual Loops": 5,
              "Plans": [
                {
                  "Node Type": "Nested Loop",
                  "Parent Relationship": "Outer",
                  "Parallel Aware": false,
                  "Join Type": "Inner",
                  "Startup Cost": 0.43,
                  "Total Cost": 56380.6,
                  "Plan Rows": 1046,
                  "Plan Width": 0,
                  "Actual Startup Time": 1.245,
                  "Actual Total Time": 83.39,
                  "Actual Rows": 1982,
                  "Actual Loops": 5,
                  "Inner Unique": false,
                  "Plans": [
                    {
                      "Node Type": "Seq Scan",
                      "Parent Relationship": "Outer",
                      "Parallel Aware": true,
                      "Relation Name": "title",
                      "Alias": "t",
                      "Startup Cost": 0.0,
                      "Total Cost": 45479.59,
                      "Plan Rows": 1917,
                      "Plan Width": 4,
                      "Actual Startup Time": 0.289,
                      "Actual Total Time": 71.127,
                      "Actual Rows": 1629,
                      "Actual Loops": 5,
                      "Filter": "((kind_id < 4) AND (production_year = 1990))",
                      "Rows Removed by Filter": 504033
                    },
                    {
                      "Node Type": "Index Only Scan",
                      "Parent Relationship": "Inner",
                      "Parallel Aware": false,
                      "Scan Direction": "Forward",
                      "Index Name": "movie_id_movie_info_idx",
                      "Relation Name": "movie_info_idx",
                      "Alias": "mi_idx",
                      "Startup Cost": 0.43,
                      "Total Cost": 5.66,
                      "Plan Rows": 3,
                      "Plan Width": 4,
                      "Actual Startup Time": 0.007,
                      "Actual Total Time": 0.007,
                      "Actual Rows": 1,
                      "Actual Loops": 8146,
                      "Index Cond": "(movie_id = t.id)",
                      "Rows Removed by Index Recheck": 0,
                      "Heap Fetches": 9910
                    }
                  ]
                }
              ]
            }
          ]
        }
      ]
    },
    "Planning Time": 0.233,
    "Triggers": [],
    "Execution Time": 101.232
  }
]