{
  "Plan": {
    "Node Type": "Aggregate",
    "Strategy": "Plain",
    "Partial Mode": "Finalize",
    "Parallel Aware": false,
    "Startup Cost": 348773.29,
    "Total Cost": 348773.3,
    "Plan Rows": 1,
    "Plan Width": 8,
    "Actual Startup Time": 1994.949,
    "Actual Total Time": 2044.735,
    "Actual Rows": 1,
    "Actual Loops": 1,
    "Plans": [
      {
        "Node Type": "Gather",
        "Parent Relationship": "Outer",
        "Parallel Aware": false,
        "Startup Cost": 348773.17,
        "Total Cost": 348773.28,
        "Plan Rows": 1,
        "Plan Width": 8,
        "Actual Startup Time": 1992.386,
        "Actual Total Time": 2044.725,
        "Actual Rows": 2,
        "Actual Loops": 1,
        "Workers Planned": 1,
        "Workers Launched": 1,
        "Single Copy": false,
        "Plans": [
          {
            "Node Type": "Aggregate",
            "Strategy": "Plain",
            "Partial Mode": "Partial",
            "Parent Relationship": "Outer",
            "Parallel Aware": false,
            "Startup Cost": 347773.17,
            "Total Cost": 347773.18,
            "Plan Rows": 1,
            "Plan Width": 8,
            "Actual Startup Time": 1986.947,
            "Actual Total Time": 1986.951,
            "Actual Rows": 1,
            "Actual Loops": 2,
            "Plans": [
              {
                "Node Type": "Hash Join",
                "Parent Relationship": "Outer",
                "Parallel Aware": true,
                "Join Type": "Inner",
                "Startup Cost": 61287.7,
                "Total Cost": 343738.9,
                "Plan Rows": 1613711,
                "Plan Width": 0,
                "Actual Startup Time": 358.524,
                "Actual Total Time": 1928.562,
                "Actual Rows": 1199436,
                "Actual Loops": 2,
                "Inner Unique": true,
                "Hash Cond": "(mi.movie_id = t.id)",
                "Plans": [
                  {
                    "Node Type": "Seq Scan",
                    "Parent Relationship": "Outer",
                    "Parallel Aware": true,
                    "Relation Name": "movie_info",
                    "Alias": "mi",
                    "Startup Cost": 0.0,
                    "Total Cost": 270696.42,
                    "Plan Rows": 4478001,
                    "Plan Width": 4,
                    "Actual Startup Time": 40.668,
                    "Actual Total Time": 801.798,
                    "Actual Rows": 3774428,
                    "Actual Loops": 2,
                    "Filter": "(info_type_id > 7)",
                    "Rows Removed by Filter": 3643432
                  },
                  {
                    "Node Type": "Hash",
                    "Parent Relationship": "Inner",
                    "Parallel Aware": true,
                    "Startup Cost": 54588.39,
                    "Total Cost": 54588.39,
                    "Plan Rows": 535945,
                    "Plan Width": 4,
                    "Actual Startup Time": 308.361,
                    "Actual Total Time": 308.362,
                    "Actual Rows": 452246,
                    "Actual Loops": 2,
                    "Hash Buckets": 1048576,
                    "Original Hash Buckets": 1048576,
                    "Hash Batches": 1,
                    "Original Hash Batches": 1,
                    "Peak Memory Usage": 43616,
                    "Plans": [
                      {
                        "Node Type": "Seq Scan",
                        "Parent Relationship": "Outer",
                        "Parallel Aware": true,
                        "Relation Name": "title",
                        "Alias": "t",
                        "Startup Cost": 0.0,
                        "Total Cost": 54588.39,
                        "Plan Rows": 535945,
                        "Plan Width": 4,
                        "Actual Startup Time": 0.049,
                        "Actual Total Time": 182.07,
                        "Actual Rows": 452246,
                        "Actual Loops": 2,
                        "Filter": "(production_year > 2006)",
                        "Rows Removed by Filter": 811910
                      }
                    ]
                  }
                ]
              }
            ]
          }
        ]
      }
    ]
  },
  "Planning Time": 0.635,
  "Triggers": [],
  "Execution Time": 2044.809
}