[
  {
    "Plan": {
      "Node Type": "Aggregate",
      "Strategy": "Plain",
      "Partial Mode": "Finalize",
      "Parallel Aware": false,
      "Startup Cost": 27911.19,
      "Total Cost": 27911.2,
      "Plan Rows": 1,
      "Plan Width": 8,
      "Actual Startup Time": 38.915,
      "Actual Total Time": 44.482,
      "Actual Rows": 1,
      "Actual Loops": 1,
      "Plans": [
        {
          "Node Type": "Gather",
          "Parent Relationship": "Outer",
          "Parallel Aware": false,
          "Startup Cost": 27910.97,
          "Total Cost": 27911.18,
          "Plan Rows": 2,
          "Plan Width": 8,
          "Actual Startup Time": 38.663,
          "Actual Total Time": 44.474,
          "Actual Rows": 3,
          "Actual Loops": 1,
          "Workers Planned": 2,
          "Workers Launched": 2,
          "Single Copy": false,
          "Plans": [
            {
              "Node Type": "Aggregate",
              "Strategy": "Plain",
              "Partial Mode": "Partial",
              "Parent Relationship": "Outer",
              "Parallel Aware": false,
              "Startup Cost": 26910.97,
              "Total Cost": 26910.98,
              "Plan Rows": 1,
              "Plan Width": 8,
              "Actual Startup Time": 30.69,
              "Actual Total Time": 30.691,
              "Actual Rows": 1,
              "Actual Loops": 3,
              "Plans": [
                {
                  "Node Type": "Nested Loop",
                  "Parent Relationship": "Outer",
                  "Parallel Aware": false,
                  "Join Type": "Inner",
                  "Startup Cost": 106.26,
                  "Total Cost": 26909.93,
                  "Plan Rows": 417,
                  "Plan Width": 0,
                  "Actual Startup Time": 3.057,
                  "Actual Total Time": 30.491,
                  "Actual Rows": 977,
                  "Actual Loops": 3,
                  "Inner Unique": true,
                  "Plans": [
                    {
                      "Node Type": "Bitmap Heap Scan",
                      "Parent Relationship": "Outer",
                      "Parallel Aware": true,
                      "Relation Name": "movie_keyword",
                      "Alias": "mk",
                      "Startup Cost": 105.83,
                      "Total Cost": 12117.13,
                      "Plan Rows": 2011,
                      "Plan Width": 4,
                      "Actual Startup Time": 2.368,
                      "Actual Total Time": 11.143,
                      "Actual Rows": 1552,
                      "Actual Loops": 3,
                      "Recheck Cond": "(keyword_id = 1515)",
                      "Rows Removed by Index Recheck": 0,
                      "Exact Heap Blocks": 3387,
                      "Lossy Heap Blocks": 0,
                      "Plans": [
                        {
                          "Node Type": "Bitmap Index Scan",
                          "Parent Relationship": "Outer",
                          "Parallel Aware": false,
                          "Index Name": "keyword_id_movie_keyword",
                          "Startup Cost": 0.0,
                          "Total Cost": 104.63,
                          "Plan Rows": 4826,
                          "Plan Width": 0,
                          "Actual Startup Time": 4.466,
                          "Actual Total Time": 4.467,
                          "Actual Rows": 4655,
                          "Actual Loops": 1,
                          "Index Cond": "(keyword_id = 1515)"
                        }
                      ]
                    },
                    {
                      "Node Type": "Index Scan",
                      "Parent Relationship": "Inner",
                      "Parallel Aware": false,
                      "Scan Direction": "Forward",
                      "Index Name": "title_pkey",
                      "Relation Name": "title",
                      "Alias": "t",
                      "Startup Cost": 0.43,
                      "Total Cost": 7.36,
                      "Plan Rows": 1,
                      "Plan Width": 4,
                      "Actual Startup Time": 0.012,
                      "Actual Total Time": 0.012,
                      "Actual Rows": 1,
                      "Actual Loops": 4655,
                      "Index Cond": "(id = mk.movie_id)",
                      "Rows Removed by Index Recheck": 0,
                      "Filter": "((kind_id < 7) AND (production_year < 2005))",
                      "Rows Removed by Filter": 0
                    }
                  ]
                }
              ]
            }
          ]
        }
      ]
    },
    "Planning Time": 0.643,
    "Triggers": [],
    "Execution Time": 44.571
  }
]