[
  {
    "Plan": {
      "Node Type": "Aggregate",
      "Strategy": "Plain",
      "Partial Mode": "Finalize",
      "Parallel Aware": false,
      "Startup Cost": 289215.83,
      "Total Cost": 289215.84,
      "Plan Rows": 1,
      "Plan Width": 8,
      "Actual Startup Time": 170.069,
      "Actual Total Time": 198.415,
      "Actual Rows": 1,
      "Actual Loops": 1,
      "Plans": [
        {
          "Node Type": "Gather",
          "Parent Relationship": "Outer",
          "Parallel Aware": false,
          "Startup Cost": 289215.41,
          "Total Cost": 289215.82,
          "Plan Rows": 4,
          "Plan Width": 8,
          "Actual Startup Time": 169.961,
          "Actual Total Time": 198.407,
          "Actual Rows": 5,
          "Actual Loops": 1,
          "Workers Planned": 4,
          "Workers Launched": 4,
          "Single Copy": false,
          "Plans": [
            {
              "Node Type": "Aggregate",
              "Strategy": "Plain",
              "Partial Mode": "Partial",
              "Parent Relationship": "Outer",
              "Parallel Aware": false,
              "Startup Cost": 288215.41,
              "Total Cost": 288215.42,
              "Plan Rows": 1,
              "Plan Width": 8,
              "Actual Startup Time": 159.814,
              "Actual Total Time": 159.815,
              "Actual Rows": 1,
              "Actual Loops": 5,
              "Plans": [
                {
                  "Node Type": "Nested Loop",
                  "Parent Relationship": "Outer",
                  "Parallel Aware": false,
                  "Join Type": "Inner",
                  "Startup Cost": 0.56,
                  "Total Cost": 288149.33,
                  "Plan Rows": 26430,
                  "Plan Width": 0,
                  "Actual Startup Time": 0.381,
                  "Actual Total Time": 158.238,
                  "Actual Rows": 18431,
                  "Actual Loops": 5,
                  "Inner Unique": false,
                  "Plans": [
                    {
                      "Node Type": "Seq Scan",
                      "Parent Relationship": "Outer",
                      "Parallel Aware": true,
                      "Relation Name": "title",
                      "Alias": "t",
                      "Startup Cost": 0.0,
                      "Total Cost": 45479.1,
                      "Plan Rows": 2798,
                      "Plan Width": 4,
                      "Actual Startup Time": 0.145,
                      "Actual Total Time": 62.243,
                      "Actual Rows": 2028,
                      "Actual Loops": 5,
                      "Filter": "((kind_id > 1) AND (production_year = 1973))",
                      "Rows Removed by Filter": 503634
                    },
                    {
                      "Node Type": "Index Scan",
                      "Parent Relationship": "Inner",
                      "Parallel Aware": false,
                      "Scan Direction": "Forward",
                      "Index Name": "movie_id_cast_info",
                      "Relation Name": "cast_info",
                      "Alias": "ci",
                      "Startup Cost": 0.56,
                      "Total Cost": 86.49,
                      "Plan Rows": 24,
                      "Plan Width": 4,
                      "Actual Startup Time": 0.01,
                      "Actual Total Time": 0.046,
                      "Actual Rows": 9,
                      "Actual Loops": 10142,
                      "Index Cond": "(movie_id = t.id)",
                      "Rows Removed by Index Recheck": 0,
                      "Filter": "(role_id < 4)",
                      "Rows Removed by Filter": 3
                    }
                  ]
                }
              ]
            }
          ]
        }
      ]
    },
    "Planning Time": 0.623,
    "Triggers": [],
    "Execution Time": 198.497
  }
]