{
  "Plan": {
    "Node Type": "Aggregate",
    "Strategy": "Plain",
    "Partial Mode": "Finalize",
    "Parallel Aware": false,
    "Startup Cost": 187468.47,
    "Total Cost": 187468.48,
    "Plan Rows": 1,
    "Plan Width": 8,
    "Actual Startup Time": 456.165,
    "Actual Total Time": 496.904,
    "Actual Rows": 1,
    "Actual Loops": 1,
    "Plans": [
      {
        "Node Type": "Gather",
        "Parent Relationship": "Outer",
        "Parallel Aware": false,
        "Startup Cost": 187468.36,
        "Total Cost": 187468.47,
        "Plan Rows": 1,
        "Plan Width": 8,
        "Actual Startup Time": 455.674,
        "Actual Total Time": 496.895,
        "Actual Rows": 2,
        "Actual Loops": 1,
        "Workers Planned": 1,
        "Workers Launched": 1,
        "Single Copy": false,
        "Plans": [
          {
            "Node Type": "Aggregate",
            "Strategy": "Plain",
            "Partial Mode": "Partial",
            "Parent Relationship": "Outer",
            "Parallel Aware": false,
            "Startup Cost": 186468.36,
            "Total Cost": 186468.37,
            "Plan Rows": 1,
            "Plan Width": 8,
            "Actual Startup Time": 449.495,
            "Actual Total Time": 449.5,
            "Actual Rows": 1,
            "Actual Loops": 2,
            "Plans": [
              {
                "Node Type": "Nested Loop",
                "Parent Relationship": "Outer",
                "Parallel Aware": false,
                "Join Type": "Inner",
                "Startup Cost": 30186.92,
                "Total Cost": 185685.28,
                "Plan Rows": 313233,
                "Plan Width": 0,
                "Actual Startup Time": 86.082,
                "Actual Total Time": 442.102,
                "Actual Rows": 143222,
                "Actual Loops": 2,
                "Inner Unique": false,
                "Plans": [
                  {
                    "Node Type": "Hash Join",
                    "Parent Relationship": "Outer",
                    "Parallel Aware": true,
                    "Join Type": "Inner",
                    "Startup Cost": 30186.36,
                    "Total Cost": 90657.56,
                    "Plan Rows": 21860,
                    "Plan Width": 8,
                    "Actual Startup Time": 86.001,
                    "Actual Total Time": 252.044,
                    "Actual Rows": 3795,
                    "Actual Loops": 2,
                    "Inner Unique": false,
                    "Hash Cond": "(t.id = mc.movie_id)",
                    "Plans": [
                      {
                        "Node Type": "Seq Scan",
                        "Parent Relationship": "Outer",
                        "Parallel Aware": true,
                        "Relation Name": "title",
                        "Alias": "t",
                        "Startup Cost": 0.0,
                        "Total Cost": 58306.47,
                        "Plan Rows": 325783,
                        "Plan Width": 4,
                        "Actual Startup Time": 0.011,
                        "Actual Total Time": 124.554,
                        "Actual Rows": 301202,
                        "Actual Loops": 2,
                        "Filter": "((production_year > 2006) AND (kind_id = 7))",
                        "Rows Removed by Filter": 962954
                      },
                      {
                        "Node Type": "Hash",
                        "Parent Relationship": "Inner",
                        "Parallel Aware": true,
                        "Startup Cost": 28938.96,
                        "Total Cost": 28938.96,
                        "Plan Rows": 99792,
                        "Plan Width": 4,
                        "Actual Startup Time": 82.526,
                        "Actual Total Time": 82.528,
                        "Actual Rows": 34590,
                        "Actual Loops": 2,
                        "Hash Buckets": 262144,
                        "Original Hash Buckets": 262144,
                        "Hash Batches": 1,
                        "Original Hash Batches": 1,
                        "Peak Memory Usage": 4800,
                        "Plans": [
                          {
                            "Node Type": "Bitmap Heap Scan",
                            "Parent Relationship": "Outer",
                            "Parallel Aware": true,
                            "Relation Name": "movie_companies",
                            "Alias": "mc",
                            "Startup Cost": 7200.79,
                            "Total Cost": 28938.96,
                            "Plan Rows": 99792,
                            "Plan Width": 4,
                            "Actual Startup Time": 61.198,
                            "Actual Total Time": 75.178,
                            "Actual Rows": 34590,
                            "Actual Loops": 2,
                            "Recheck Cond": "(company_id < 162)",
                            "Rows Removed by Index Recheck": 0,
                            "Filter": "(company_type_id > 1)",
                            "Rows Removed by Filter": 130158,
                            "Exact Heap Blocks": 13902,
                            "Lossy Heap Blocks": 0,
                            "Plans": [
                              {
                                "Node Type": "Bitmap Index Scan",
                                "Parent Relationship": "Outer",
                                "Parallel Aware": false,
                                "Index Name": "company_id_movie_companies",
                                "Startup Cost": 0.0,
                                "Total Cost": 7158.38,
                                "Plan Rows": 334126,
                                "Plan Width": 0,
                                "Actual Startup Time": 26.443,
                                "Actual Total Time": 26.443,
                                "Actual Rows": 329497,
                                "Actual Loops": 1,
                                "Index Cond": "(company_id < 162)"
                              }
                            ]
                          }
                        ]
                      }
                    ]
                  },
                  {
                    "Node Type": "Index Only Scan",
                    "Parent Relationship": "Inner",
                    "Parallel Aware": false,
                    "Scan Direction": "Forward",
                    "Index Name": "movie_id_cast_info",
                    "Relation Name": "cast_info",
                    "Alias": "ci",
                    "Startup Cost": 0.56,
                    "Total Cost": 3.98,
                    "Plan Rows": 37,
                    "Plan Width": 4,
                    "Actual Startup Time": 0.007,
                    "Actual Total Time": 0.047,
                    "Actual Rows": 38,
                    "Actual Loops": 7590,
                    "Index Cond": "(movie_id = t.id)",
                    "Rows Removed by Index Recheck": 0,
                    "Heap Fetches": 286444
                  }
                ]
              }
            ]
          }
        ]
      }
    ]
  },
  "Planning Time": 1.046,
  "Triggers": [],
  "Execution Time": 497.026
}