[
    {
        "Bao": {
            "Bao prediction": "NaN",
            "Bao recommended hint": "(no hint)"
        }
    },
    {
        "Plan": {
            "Node Type": "Aggregate",
            "Strategy": "Plain",
            "Partial Mode": "Simple",
            "Parallel Aware": false,
            "Startup Cost": 16660.87,
            "Total Cost": 16660.88,
            "Plan Rows": 1,
            "Plan Width": 8,
            "Actual Startup Time": 9.186,
            "Actual Total Time": 9.187,
            "Actual Rows": 1,
            "Actual Loops": 1,
            "Output": [
                "count(*)"
            ],
            "Plans": [
                {
                    "Node Type": "Bitmap Heap Scan",
                    "Parent Relationship": "Outer",
                    "Parallel Aware": false,
                    "Relation Name": "movie_keyword",
                    "Schema": "public",
                    "Alias": "mk",
                    "Startup Cost": 169.2,
                    "Total Cost": 16641.27,
                    "Plan Rows": 7841,
                    "Plan Width": 0,
                    "Actual Startup Time": 1.787,
                    "Actual Total Time": 8.727,
                    "Actual Rows": 6649,
                    "Actual Loops": 1,
                    "Recheck Cond": "(mk.keyword_id = 500)",
                    "Rows Removed by Index Recheck": 0,
                    "Exact Heap Blocks": 4461,
                    "Lossy Heap Blocks": 0,
                    "Plans": [
                        {
                            "Node Type": "Bitmap Index Scan",
                            "Parent Relationship": "Outer",
                            "Parallel Aware": false,
                            "Index Name": "keyword_id_movie_keyword",
                            "Startup Cost": 0.0,
                            "Total Cost": 167.24,
                            "Plan Rows": 7841,
                            "Plan Width": 0,
                            "Actual Startup Time": 1.024,
                            "Actual Total Time": 1.025,
                            "Actual Rows": 6649,
                            "Actual Loops": 1,
                            "Index Cond": "(mk.keyword_id = 500)"
                        }
                    ]
                }
            ]
        },
        "Planning Time": 193.186,
        "Triggers": [],
        "Execution Time": 9.272
    }
]