[
    {
        "Bao": {
            "Bao prediction": 509.035,
            "Bao recommended hint": "(no hint)"
        }
    },
    {
        "Plan": {
            "Node Type": "Aggregate",
            "Strategy": "Plain",
            "Partial Mode": "Finalize",
            "Parallel Aware": false,
            "Startup Cost": 338691.39,
            "Total Cost": 338691.4,
            "Plan Rows": 1,
            "Plan Width": 8,
            "Actual Startup Time": 938.484,
            "Actual Total Time": 969.193,
            "Actual Rows": 1,
            "Actual Loops": 1,
            "Output": [
                "count(*)"
            ],
            "Plans": [
                {
                    "Node Type": "Gather",
                    "Parent Relationship": "Outer",
                    "Parallel Aware": false,
                    "Startup Cost": 338690.76,
                    "Total Cost": 338691.37,
                    "Plan Rows": 6,
                    "Plan Width": 8,
                    "Actual Startup Time": 938.296,
                    "Actual Total Time": 969.184,
                    "Actual Rows": 7,
                    "Actual Loops": 1,
                    "Output": [
                        "(PARTIAL count(*))"
                    ],
                    "Workers Planned": 6,
                    "Workers Launched": 6,
                    "Single Copy": false,
                    "Plans": [
                        {
                            "Node Type": "Aggregate",
                            "Strategy": "Plain",
                            "Partial Mode": "Partial",
                            "Parent Relationship": "Outer",
                            "Parallel Aware": false,
                            "Startup Cost": 337690.76,
                            "Total Cost": 337690.77,
                            "Plan Rows": 1,
                            "Plan Width": 8,
                            "Actual Startup Time": 929.026,
                            "Actual Total Time": 929.027,
                            "Actual Rows": 1,
                            "Actual Loops": 7,
                            "Output": [
                                "PARTIAL count(*)"
                            ],
                            "Workers": [
                                {
                                    "Worker Number": 0,
                                    "Actual Startup Time": 927.121,
                                    "Actual Total Time": 927.122,
                                    "Actual Rows": 1,
                                    "Actual Loops": 1
                                },
                                {
                                    "Worker Number": 1,
                                    "Actual Startup Time": 927.248,
                                    "Actual Total Time": 927.249,
                                    "Actual Rows": 1,
                                    "Actual Loops": 1
                                },
                                {
                                    "Worker Number": 2,
                                    "Actual Startup Time": 927.418,
                                    "Actual Total Time": 927.419,
                                    "Actual Rows": 1,
                                    "Actual Loops": 1
                                },
                                {
                                    "Worker Number": 3,
                                    "Actual Startup Time": 927.475,
                                    "Actual Total Time": 927.476,
                                    "Actual Rows": 1,
                                    "Actual Loops": 1
                                },
                                {
                                    "Worker Number": 4,
                                    "Actual Startup Time": 928.031,
                                    "Actual Total Time": 928.033,
                                    "Actual Rows": 1,
                                    "Actual Loops": 1
                                },
                                {
                                    "Worker Number": 5,
                                    "Actual Startup Time": 928.411,
                                    "Actual Total Time": 928.412,
                                    "Actual Rows": 1,
                                    "Actual Loops": 1
                                }
                            ],
                            "Plans": [
                                {
                                    "Node Type": "Seq Scan",
                                    "Parent Relationship": "Outer",
                                    "Parallel Aware": true,
                                    "Relation Name": "cast_info",
                                    "Schema": "public",
                                    "Alias": "ci",
                                    "Startup Cost": 0.0,
                                    "Total Cost": 328213.62,
                                    "Plan Rows": 3790858,
                                    "Plan Width": 0,
                                    "Actual Startup Time": 178.337,
                                    "Actual Total Time": 736.617,
                                    "Actual Rows": 3250503,
                                    "Actual Loops": 7,
                                    "Output": [
                                        "id",
                                        "person_id",
                                        "movie_id",
                                        "person_role_id",
                                        "note",
                                        "nr_order",
                                        "role_id"
                                    ],
                                    "Filter": "(ci.person_id > 1329921)",
                                    "Rows Removed by Filter": 1927260,
                                    "Workers": [
                                        {
                                            "Worker Number": 0,
                                            "Actual Startup Time": 176.452,
                                            "Actual Total Time": 739.918,
                                            "Actual Rows": 2841798,
                                            "Actual Loops": 1
                                        },
                                        {
                                            "Worker Number": 1,
                                            "Actual Startup Time": 176.571,
                                            "Actual Total Time": 738.803,
                                            "Actual Rows": 2854970,
                                            "Actual Loops": 1
                                        },
                                        {
                                            "Worker Number": 2,
                                            "Actual Startup Time": 176.724,
                                            "Actual Total Time": 740.499,
                                            "Actual Rows": 2840680,
                                            "Actual Loops": 1
                                        },
                                        {
                                            "Worker Number": 3,
                                            "Actual Startup Time": 176.78,
                                            "Actual Total Time": 738.38,
                                            "Actual Rows": 2857092,
                                            "Actual Loops": 1
                                        },
                                        {
                                            "Worker Number": 4,
                                            "Actual Startup Time": 177.326,
                                            "Actual Total Time": 740.871,
                                            "Actual Rows": 2838823,
                                            "Actual Loops": 1
                                        },
                                        {
                                            "Worker Number": 5,
                                            "Actual Startup Time": 177.718,
                                            "Actual Total Time": 739.001,
                                            "Actual Rows": 2873554,
                                            "Actual Loops": 1
                                        }
                                    ]
                                }
                            ]
                        }
                    ]
                }
            ]
        },
        "Planning Time": 1350.159,
        "Triggers": [],
        "Execution Time": 969.279
    }
]