{
  "Plan": {
    "Node Type": "Aggregate",
    "Strategy": "Plain",
    "Partial Mode": "Finalize",
    "Parallel Aware": false,
    "Startup Cost": 219591.8,
    "Total Cost": 219591.81,
    "Plan Rows": 1,
    "Plan Width": 8,
    "Actual Startup Time": 1569.458,
    "Actual Total Time": 1595.312,
    "Actual Rows": 1,
    "Actual Loops": 1,
    "Plans": [
      {
        "Node Type": "Gather",
        "Parent Relationship": "Outer",
        "Parallel Aware": false,
        "Startup Cost": 219591.69,
        "Total Cost": 219591.8,
        "Plan Rows": 1,
        "Plan Width": 8,
        "Actual Startup Time": 1567.229,
        "Actual Total Time": 1595.302,
        "Actual Rows": 2,
        "Actual Loops": 1,
        "Workers Planned": 1,
        "Workers Launched": 1,
        "Single Copy": false,
        "Plans": [
          {
            "Node Type": "Aggregate",
            "Strategy": "Plain",
            "Partial Mode": "Partial",
            "Parent Relationship": "Outer",
            "Parallel Aware": false,
            "Startup Cost": 218591.69,
            "Total Cost": 218591.7,
            "Plan Rows": 1,
            "Plan Width": 8,
            "Actual Startup Time": 1561.183,
            "Actual Total Time": 1561.188,
            "Actual Rows": 1,
            "Actual Loops": 2,
            "Plans": [
              {
                "Node Type": "Hash Join",
                "Parent Relationship": "Outer",
                "Parallel Aware": true,
                "Join Type": "Inner",
                "Startup Cost": 174319.33,
                "Total Cost": 217285.64,
                "Plan Rows": 522420,
                "Plan Width": 0,
                "Actual Startup Time": 1156.318,
                "Actual Total Time": 1515.184,
                "Actual Rows": 1131112,
                "Actual Loops": 2,
                "Inner Unique": false,
                "Hash Cond": "(mc.movie_id = t.id)",
                "Plans": [
                  {
                    "Node Type": "Seq Scan",
                    "Parent Relationship": "Outer",
                    "Parallel Aware": true,
                    "Relation Name": "movie_companies",
                    "Alias": "mc",
                    "Startup Cost": 0.0,
                    "Total Cost": 34137.82,
                    "Plan Rows": 1534782,
                    "Plan Width": 4,
                    "Actual Startup Time": 0.016,
                    "Actual Total Time": 96.543,
                    "Actual Rows": 1304564,
                    "Actual Loops": 2
                  },
                  {
                    "Node Type": "Hash",
                    "Parent Relationship": "Inner",
                    "Parallel Aware": true,
                    "Startup Cost": 167991.41,
                    "Total Cost": 167991.41,
                    "Plan Rows": 506234,
                    "Plan Width": 8,
                    "Actual Startup Time": 1147.122,
                    "Actual Total Time": 1147.124,
                    "Actual Rows": 392884,
                    "Actual Loops": 2,
                    "Hash Buckets": 1048576,
                    "Original Hash Buckets": 1048576,
                    "Hash Batches": 1,
                    "Original Hash Batches": 1,
                    "Peak Memory Usage": 38976,
                    "Plans": [
                      {
                        "Node Type": "Merge Join",
                        "Parent Relationship": "Outer",
                        "Parallel Aware": false,
                        "Join Type": "Inner",
                        "Startup Cost": 3.03,
                        "Total Cost": 167991.41,
                        "Plan Rows": 506234,
                        "Plan Width": 8,
                        "Actual Startup Time": 0.716,
                        "Actual Total Time": 1055.876,
                        "Actual Rows": 392884,
                        "Actual Loops": 2,
                        "Inner Unique": false,
                        "Merge Cond": "(t.id = mi_idx.movie_id)",
                        "Plans": [
                          {
                            "Node Type": "Index Scan",
                            "Parent Relationship": "Outer",
                            "Parallel Aware": true,
                            "Scan Direction": "Forward",
                            "Index Name": "title_pkey",
                            "Relation Name": "title",
                            "Alias": "t",
                            "Startup Cost": 0.43,
                            "Total Cost": 103647.43,
                            "Plan Rows": 927446,
                            "Plan Width": 4,
                            "Actual Startup Time": 0.379,
                            "Actual Total Time": 667.109,
                            "Actual Rows": 785074,
                            "Actual Loops": 2,
                            "Filter": "(production_year > 1996)",
                            "Rows Removed by Filter": 477878
                          },
                          {
                            "Node Type": "Index Only Scan",
                            "Parent Relationship": "Inner",
                            "Parallel Aware": false,
                            "Scan Direction": "Forward",
                            "Index Name": "movie_id_movie_info_idx",
                            "Relation Name": "movie_info_idx",
                            "Alias": "mi_idx",
                            "Startup Cost": 0.43,
                            "Total Cost": 53620.22,
                            "Plan Rows": 1380035,
                            "Plan Width": 4,
                            "Actual Startup Time": 0.165,
                            "Actual Total Time": 256.876,
                            "Actual Rows": 1380035,
                            "Actual Loops": 2,
                            "Heap Fetches": 2760070
                          }
                        ]
                      }
                    ]
                  }
                ]
              }
            ]
          }
        ]
      }
    ]
  },
  "Planning Time": 0.864,
  "Triggers": [],
  "Execution Time": 1595.438
}