[
  {
    "Plan": {
      "Node Type": "Aggregate",
      "Strategy": "Plain",
      "Partial Mode": "Simple",
      "Parallel Aware": false,
      "Startup Cost": 1765.48,
      "Total Cost": 1765.49,
      "Plan Rows": 1,
      "Plan Width": 8,
      "Actual Startup Time": 36.66,
      "Actual Total Time": 36.662,
      "Actual Rows": 1,
      "Actual Loops": 1,
      "Plans": [
        {
          "Node Type": "Nested Loop",
          "Parent Relationship": "Outer",
          "Parallel Aware": false,
          "Join Type": "Inner",
          "Startup Cost": 1.29,
          "Total Cost": 1765.34,
          "Plan Rows": 57,
          "Plan Width": 0,
          "Actual Startup Time": 0.104,
          "Actual Total Time": 35.82,
          "Actual Rows": 9472,
          "Actual Loops": 1,
          "Inner Unique": false,
          "Plans": [
            {
              "Node Type": "Nested Loop",
              "Parent Relationship": "Outer",
              "Parallel Aware": false,
              "Join Type": "Inner",
              "Startup Cost": 0.86,
              "Total Cost": 1656.38,
              "Plan Rows": 48,
              "Plan Width": 8,
              "Actual Startup Time": 0.049,
              "Actual Total Time": 1.865,
              "Actual Rows": 225,
              "Actual Loops": 1,
              "Inner Unique": true,
              "Plans": [
                {
                  "Node Type": "Index Scan",
                  "Parent Relationship": "Outer",
                  "Parallel Aware": false,
                  "Scan Direction": "Forward",
                  "Index Name": "info_type_id_movie_info_idx",
                  "Relation Name": "movie_info_idx",
                  "Alias": "mi_idx",
                  "Startup Cost": 0.43,
                  "Total Cost": 493.93,
                  "Plan Rows": 138,
                  "Plan Width": 4,
                  "Actual Startup Time": 0.027,
                  "Actual Total Time": 0.094,
                  "Actual Rows": 260,
                  "Actual Loops": 1,
                  "Index Cond": "(info_type_id > 101)",
                  "Rows Removed by Index Recheck": 0
                },
                {
                  "Node Type": "Index Scan",
                  "Parent Relationship": "Inner",
                  "Parallel Aware": false,
                  "Scan Direction": "Forward",
                  "Index Name": "title_pkey",
                  "Relation Name": "title",
                  "Alias": "t",
                  "Startup Cost": 0.43,
                  "Total Cost": 8.42,
                  "Plan Rows": 1,
                  "Plan Width": 4,
                  "Actual Startup Time": 0.006,
                  "Actual Total Time": 0.006,
                  "Actual Rows": 1,
                  "Actual Loops": 260,
                  "Index Cond": "(id = mi_idx.movie_id)",
                  "Rows Removed by Index Recheck": 0,
                  "Filter": "((kind_id < 6) AND (production_year > 1951))",
                  "Rows Removed by Filter": 0
                }
              ]
            },
            {
              "Node Type": "Index Scan",
              "Parent Relationship": "Inner",
              "Parallel Aware": false,
              "Scan Direction": "Forward",
              "Index Name": "movie_id_movie_info",
              "Relation Name": "movie_info",
              "Alias": "mi",
              "Startup Cost": 0.43,
              "Total Cost": 2.19,
              "Plan Rows": 8,
              "Plan Width": 4,
              "Actual Startup Time": 0.028,
              "Actual Total Time": 0.145,
              "Actual Rows": 42,
              "Actual Loops": 225,
              "Index Cond": "(movie_id = t.id)",
              "Rows Removed by Index Recheck": 0,
              "Filter": "(info_type_id = 16)",
              "Rows Removed by Filter": 336
            }
          ]
        }
      ]
    },
    "Planning Time": 1.108,
    "Triggers": [],
    "Execution Time": 36.715
  }
]