[
  {
    "Plan": {
      "Node Type": "Aggregate",
      "Strategy": "Plain",
      "Partial Mode": "Finalize",
      "Parallel Aware": false,
      "Startup Cost": 46402.61,
      "Total Cost": 46402.62,
      "Plan Rows": 1,
      "Plan Width": 8,
      "Actual Startup Time": 178.244,
      "Actual Total Time": 187.577,
      "Actual Rows": 1,
      "Actual Loops": 1,
      "Plans": [
        {
          "Node Type": "Gather",
          "Parent Relationship": "Outer",
          "Parallel Aware": false,
          "Startup Cost": 46402.29,
          "Total Cost": 46402.6,
          "Plan Rows": 3,
          "Plan Width": 8,
          "Actual Startup Time": 178.1,
          "Actual Total Time": 187.568,
          "Actual Rows": 4,
          "Actual Loops": 1,
          "Workers Planned": 3,
          "Workers Launched": 3,
          "Single Copy": false,
          "Plans": [
            {
              "Node Type": "Aggregate",
              "Strategy": "Plain",
              "Partial Mode": "Partial",
              "Parent Relationship": "Outer",
              "Parallel Aware": false,
              "Startup Cost": 45402.29,
              "Total Cost": 45402.3,
              "Plan Rows": 1,
              "Plan Width": 8,
              "Actual Startup Time": 173.48,
              "Actual Total Time": 173.481,
              "Actual Rows": 1,
              "Actual Loops": 4,
              "Plans": [
                {
                  "Node Type": "Seq Scan",
                  "Parent Relationship": "Outer",
                  "Parallel Aware": true,
                  "Relation Name": "movie_keyword",
                  "Alias": "mk",
                  "Startup Cost": 0.0,
                  "Total Cost": 42695.65,
                  "Plan Rows": 1082655,
                  "Plan Width": 0,
                  "Actual Startup Time": 0.038,
                  "Actual Total Time": 131.303,
                  "Actual Rows": 836511,
                  "Actual Loops": 4,
                  "Filter": "(keyword_id < 15855)",
                  "Rows Removed by Filter": 294471
                }
              ]
            }
          ]
        }
      ]
    },
    "Planning Time": 0.076,
    "Triggers": [],
    "Execution Time": 187.614
  }
]