{
  "Plan": {
    "Node Type": "Aggregate",
    "Strategy": "Plain",
    "Partial Mode": "Finalize",
    "Parallel Aware": false,
    "Startup Cost": 99041.68,
    "Total Cost": 99041.69,
    "Plan Rows": 1,
    "Plan Width": 8,
    "Actual Startup Time": 513.087,
    "Actual Total Time": 528.844,
    "Actual Rows": 1,
    "Actual Loops": 1,
    "Plans": [
      {
        "Node Type": "Gather",
        "Parent Relationship": "Outer",
        "Parallel Aware": false,
        "Startup Cost": 99041.56,
        "Total Cost": 99041.67,
        "Plan Rows": 1,
        "Plan Width": 8,
        "Actual Startup Time": 511.75,
        "Actual Total Time": 528.834,
        "Actual Rows": 2,
        "Actual Loops": 1,
        "Workers Planned": 1,
        "Workers Launched": 1,
        "Single Copy": false,
        "Plans": [
          {
            "Node Type": "Aggregate",
            "Strategy": "Plain",
            "Partial Mode": "Partial",
            "Parent Relationship": "Outer",
            "Parallel Aware": false,
            "Startup Cost": 98041.56,
            "Total Cost": 98041.57,
            "Plan Rows": 1,
            "Plan Width": 8,
            "Actual Startup Time": 505.843,
            "Actual Total Time": 506.007,
            "Actual Rows": 1,
            "Actual Loops": 2,
            "Plans": [
              {
                "Node Type": "Hash Join",
                "Parent Relationship": "Outer",
                "Parallel Aware": true,
                "Join Type": "Inner",
                "Startup Cost": 36603.85,
                "Total Cost": 97662.13,
                "Plan Rows": 151773,
                "Plan Width": 0,
                "Actual Startup Time": 158.676,
                "Actual Total Time": 497.791,
                "Actual Rows": 190802,
                "Actual Loops": 2,
                "Inner Unique": false,
                "Hash Cond": "(t.id = mc.movie_id)",
                "Plans": [
                  {
                    "Node Type": "Seq Scan",
                    "Parent Relationship": "Outer",
                    "Parallel Aware": true,
                    "Relation Name": "title",
                    "Alias": "t",
                    "Startup Cost": 0.0,
                    "Total Cost": 50870.31,
                    "Plan Rows": 1487231,
                    "Plan Width": 4,
                    "Actual Startup Time": 0.01,
                    "Actual Total Time": 117.048,
                    "Actual Rows": 1264156,
                    "Actual Loops": 2
                  },
                  {
                    "Node Type": "Hash",
                    "Parent Relationship": "Inner",
                    "Parallel Aware": true,
                    "Startup Cost": 34706.68,
                    "Total Cost": 34706.68,
                    "Plan Rows": 151773,
                    "Plan Width": 4,
                    "Actual Startup Time": 155.277,
                    "Actual Total Time": 155.278,
                    "Actual Rows": 190802,
                    "Actual Loops": 2,
                    "Hash Buckets": 524288,
                    "Original Hash Buckets": 262144,
                    "Hash Batches": 1,
                    "Original Hash Batches": 1,
                    "Peak Memory Usage": 21120,
                    "Plans": [
                      {
                        "Node Type": "Bitmap Heap Scan",
                        "Parent Relationship": "Outer",
                        "Parallel Aware": true,
                        "Relation Name": "movie_companies",
                        "Alias": "mc",
                        "Startup Cost": 11291.95,
                        "Total Cost": 34706.68,
                        "Plan Rows": 151773,
                        "Plan Width": 4,
                        "Actual Startup Time": 43.426,
                        "Actual Total Time": 111.282,
                        "Actual Rows": 190802,
                        "Actual Loops": 2,
                        "Recheck Cond": "(company_id < 480)",
                        "Rows Removed by Index Recheck": 0,
                        "Filter": "(company_type_id = 1)",
                        "Rows Removed by Filter": 70180,
                        "Exact Heap Blocks": 11404,
                        "Lossy Heap Blocks": 0,
                        "Plans": [
                          {
                            "Node Type": "Bitmap Index Scan",
                            "Parent Relationship": "Outer",
                            "Parallel Aware": false,
                            "Index Name": "company_id_movie_companies",
                            "Startup Cost": 0.0,
                            "Total Cost": 11227.45,
                            "Plan Rows": 524136,
                            "Plan Width": 0,
                            "Actual Startup Time": 43.043,
                            "Actual Total Time": 43.043,
                            "Actual Rows": 521964,
                            "Actual Loops": 1,
                            "Index Cond": "(company_id < 480)"
                          }
                        ]
                      }
                    ]
                  }
                ]
              }
            ]
          }
        ]
      }
    ]
  },
  "Planning Time": 0.684,
  "Triggers": [],
  "Execution Time": 528.935
}