[
    {
        "Bao": {
            "Bao prediction": "NaN",
            "Bao recommended hint": "(no hint)"
        }
    },
    {
        "Plan": {
            "Node Type": "Aggregate",
            "Strategy": "Plain",
            "Partial Mode": "Simple",
            "Parallel Aware": false,
            "Startup Cost": 20746.15,
            "Total Cost": 20746.16,
            "Plan Rows": 1,
            "Plan Width": 8,
            "Actual Startup Time": 8.756,
            "Actual Total Time": 8.758,
            "Actual Rows": 1,
            "Actual Loops": 1,
            "Output": [
                "count(*)"
            ],
            "Plans": [
                {
                    "Node Type": "Bitmap Heap Scan",
                    "Parent Relationship": "Outer",
                    "Parallel Aware": false,
                    "Relation Name": "movie_companies",
                    "Schema": "public",
                    "Alias": "mc",
                    "Startup Cost": 544.63,
                    "Total Cost": 20714.03,
                    "Plan Rows": 12847,
                    "Plan Width": 0,
                    "Actual Startup Time": 1.15,
                    "Actual Total Time": 7.528,
                    "Actual Rows": 27005,
                    "Actual Loops": 1,
                    "Recheck Cond": "(mc.company_id > 210266)",
                    "Rows Removed by Index Recheck": 0,
                    "Filter": "(mc.company_type_id > 1)",
                    "Rows Removed by Filter": 0,
                    "Exact Heap Blocks": 1124,
                    "Lossy Heap Blocks": 0,
                    "Plans": [
                        {
                            "Node Type": "Bitmap Index Scan",
                            "Parent Relationship": "Outer",
                            "Parallel Aware": false,
                            "Index Name": "company_id_movie_companies",
                            "Startup Cost": 0.0,
                            "Total Cost": 541.41,
                            "Plan Rows": 25198,
                            "Plan Width": 0,
                            "Actual Startup Time": 1.041,
                            "Actual Total Time": 1.041,
                            "Actual Rows": 27005,
                            "Actual Loops": 1,
                            "Index Cond": "(mc.company_id > 210266)"
                        }
                    ]
                }
            ]
        },
        "Planning Time": 179.408,
        "Triggers": [],
        "Execution Time": 8.801
    }
]