[
  {
    "Plan": {
      "Node Type": "Aggregate",
      "Strategy": "Plain",
      "Partial Mode": "Finalize",
      "Parallel Aware": false,
      "Startup Cost": 71636.63,
      "Total Cost": 71636.64,
      "Plan Rows": 1,
      "Plan Width": 8,
      "Actual Startup Time": 171.59,
      "Actual Total Time": 184.514,
      "Actual Rows": 1,
      "Actual Loops": 1,
      "Plans": [
        {
          "Node Type": "Gather",
          "Parent Relationship": "Outer",
          "Parallel Aware": false,
          "Startup Cost": 71636.21,
          "Total Cost": 71636.62,
          "Plan Rows": 4,
          "Plan Width": 8,
          "Actual Startup Time": 171.102,
          "Actual Total Time": 184.504,
          "Actual Rows": 5,
          "Actual Loops": 1,
          "Workers Planned": 4,
          "Workers Launched": 4,
          "Single Copy": false,
          "Plans": [
            {
              "Node Type": "Aggregate",
              "Strategy": "Plain",
              "Partial Mode": "Partial",
              "Parent Relationship": "Outer",
              "Parallel Aware": false,
              "Startup Cost": 70636.21,
              "Total Cost": 70636.22,
              "Plan Rows": 1,
              "Plan Width": 8,
              "Actual Startup Time": 161.3,
              "Actual Total Time": 161.303,
              "Actual Rows": 1,
              "Actual Loops": 5,
              "Plans": [
                {
                  "Node Type": "Hash Join",
                  "Parent Relationship": "Outer",
                  "Parallel Aware": true,
                  "Join Type": "Inner",
                  "Startup Cost": 25431.46,
                  "Total Cost": 70607.15,
                  "Plan Rows": 11623,
                  "Plan Width": 0,
                  "Actual Startup Time": 69.342,
                  "Actual Total Time": 160.864,
                  "Actual Rows": 4449,
                  "Actual Loops": 5,
                  "Inner Unique": false,
                  "Hash Cond": "(t.id = mc.movie_id)",
                  "Plans": [
                    {
                      "Node Type": "Seq Scan",
                      "Parent Relationship": "Outer",
                      "Parallel Aware": true,
                      "Relation Name": "title",
                      "Alias": "t",
                      "Startup Cost": 0.0,
                      "Total Cost": 43898.92,
                      "Plan Rows": 247857,
                      "Plan Width": 4,
                      "Actual Startup Time": 0.019,
                      "Actual Total Time": 66.929,
                      "Actual Rows": 197010,
                      "Actual Loops": 5,
                      "Filter": "(kind_id < 7)",
                      "Rows Removed by Filter": 308653
                    },
                    {
                      "Node Type": "Hash",
                      "Parent Relationship": "Inner",
                      "Parallel Aware": true,
                      "Startup Cost": 24953.37,
                      "Total Cost": 24953.37,
                      "Plan Rows": 38247,
                      "Plan Width": 4,
                      "Actual Startup Time": 67.779,
                      "Actual Total Time": 67.78,
                      "Actual Rows": 10878,
                      "Actual Loops": 5,
                      "Hash Buckets": 131072,
                      "Original Hash Buckets": 131072,
                      "Hash Batches": 1,
                      "Original Hash Batches": 1,
                      "Peak Memory Usage": 3232,
                      "Plans": [
                        {
                          "Node Type": "Bitmap Heap Scan",
                          "Parent Relationship": "Outer",
                          "Parallel Aware": true,
                          "Relation Name": "movie_companies",
                          "Alias": "mc",
                          "Startup Cost": 5033.45,
                          "Total Cost": 24953.37,
                          "Plan Rows": 38247,
                          "Plan Width": 4,
                          "Actual Startup Time": 54.382,
                          "Actual Total Time": 64.563,
                          "Actual Rows": 10878,
                          "Actual Loops": 5,
                          "Recheck Cond": "(company_id < 93)",
                          "Rows Removed by Index Recheck": 0,
                          "Filter": "(company_type_id > 1)",
                          "Rows Removed by Filter": 35655,
                          "Exact Heap Blocks": 9626,
                          "Lossy Heap Blocks": 0,
                          "Plans": [
                            {
                              "Node Type": "Bitmap Index Scan",
                              "Parent Relationship": "Outer",
                              "Parallel Aware": false,
                              "Index Name": "company_id_movie_companies",
                              "Startup Cost": 0.0,
                              "Total Cost": 5003.81,
                              "Plan Rows": 233517,
                              "Plan Width": 0,
                              "Actual Startup Time": 24.74,
                              "Actual Total Time": 24.741,
                              "Actual Rows": 232665,
                              "Actual Loops": 1,
                              "Index Cond": "(company_id < 93)"
                            }
                          ]
                        }
                      ]
                    }
                  ]
                }
              ]
            }
          ]
        }
      ]
    },
    "Planning Time": 0.669,
    "Triggers": [],
    "Execution Time": 184.606
  }
]