[
  {
    "Plan": {
      "Node Type": "Aggregate",
      "Strategy": "Plain",
      "Partial Mode": "Finalize",
      "Parallel Aware": false,
      "Startup Cost": 379855.63,
      "Total Cost": 379855.64,
      "Plan Rows": 1,
      "Plan Width": 8,
      "Actual Startup Time": 908.591,
      "Actual Total Time": 943.909,
      "Actual Rows": 1,
      "Actual Loops": 1,
      "Plans": [
        {
          "Node Type": "Gather",
          "Parent Relationship": "Outer",
          "Parallel Aware": false,
          "Startup Cost": 379855.0,
          "Total Cost": 379855.61,
          "Plan Rows": 6,
          "Plan Width": 8,
          "Actual Startup Time": 898.669,
          "Actual Total Time": 943.899,
          "Actual Rows": 7,
          "Actual Loops": 1,
          "Workers Planned": 6,
          "Workers Launched": 6,
          "Single Copy": false,
          "Plans": [
            {
              "Node Type": "Aggregate",
              "Strategy": "Plain",
              "Partial Mode": "Partial",
              "Parent Relationship": "Outer",
              "Parallel Aware": false,
              "Startup Cost": 378855.0,
              "Total Cost": 378855.01,
              "Plan Rows": 1,
              "Plan Width": 8,
              "Actual Startup Time": 890.374,
              "Actual Total Time": 890.377,
              "Actual Rows": 1,
              "Actual Loops": 7,
              "Plans": [
                {
                  "Node Type": "Hash Join",
                  "Parent Relationship": "Outer",
                  "Parallel Aware": true,
                  "Join Type": "Inner",
                  "Startup Cost": 47352.58,
                  "Total Cost": 377888.32,
                  "Plan Rows": 386672,
                  "Plan Width": 0,
                  "Actual Startup Time": 143.181,
                  "Actual Total Time": 871.501,
                  "Actual Rows": 334991,
                  "Actual Loops": 7,
                  "Inner Unique": true,
                  "Hash Cond": "(ci.movie_id = t.id)",
                  "Plans": [
                    {
                      "Node Type": "Seq Scan",
                      "Parent Relationship": "Outer",
                      "Parallel Aware": true,
                      "Relation Name": "cast_info",
                      "Alias": "ci",
                      "Startup Cost": 0.0,
                      "Total Cost": 328213.62,
                      "Plan Rows": 884619,
                      "Plan Width": 4,
                      "Actual Startup Time": 0.019,
                      "Actual Total Time": 504.863,
                      "Actual Rows": 776982,
                      "Actual Loops": 7,
                      "Filter": "(person_id < 524836)",
                      "Rows Removed by Filter": 4400781
                    },
                    {
                      "Node Type": "Hash",
                      "Parent Relationship": "Inner",
                      "Parallel Aware": true,
                      "Startup Cost": 43899.01,
                      "Total Cost": 43899.01,
                      "Plan Rows": 276286,
                      "Plan Width": 4,
                      "Actual Startup Time": 140.513,
                      "Actual Total Time": 140.514,
                      "Actual Rows": 158275,
                      "Actual Loops": 7,
                      "Hash Buckets": 2097152,
                      "Original Hash Buckets": 2097152,
                      "Hash Batches": 1,
                      "Original Hash Batches": 1,
                      "Peak Memory Usage": 59872,
                      "Plans": [
                        {
                          "Node Type": "Seq Scan",
                          "Parent Relationship": "Outer",
                          "Parallel Aware": true,
                          "Relation Name": "title",
                          "Alias": "t",
                          "Startup Cost": 0.0,
                          "Total Cost": 43899.01,
                          "Plan Rows": 276286,
                          "Plan Width": 4,
                          "Actual Startup Time": 0.034,
                          "Actual Total Time": 70.944,
                          "Actual Rows": 158275,
                          "Actual Loops": 7,
                          "Filter": "(production_year > 2004)",
                          "Rows Removed by Filter": 202912
                        }
                      ]
                    }
                  ]
                }
              ]
            }
          ]
        }
      ]
    },
    "Planning Time": 0.221,
    "Triggers": [],
    "Execution Time": 943.942
  }
]