{
  "Plan": {
    "Node Type": "Aggregate",
    "Strategy": "Plain",
    "Partial Mode": "Finalize",
    "Parallel Aware": false,
    "Startup Cost": 38118.53,
    "Total Cost": 38118.54,
    "Plan Rows": 1,
    "Plan Width": 8,
    "Actual Startup Time": 45.393,
    "Actual Total Time": 51.499,
    "Actual Rows": 1,
    "Actual Loops": 1,
    "Plans": [
      {
        "Node Type": "Gather",
        "Parent Relationship": "Outer",
        "Parallel Aware": false,
        "Startup Cost": 38118.41,
        "Total Cost": 38118.52,
        "Plan Rows": 1,
        "Plan Width": 8,
        "Actual Startup Time": 45.281,
        "Actual Total Time": 51.493,
        "Actual Rows": 2,
        "Actual Loops": 1,
        "Workers Planned": 1,
        "Workers Launched": 1,
        "Single Copy": false,
        "Plans": [
          {
            "Node Type": "Aggregate",
            "Strategy": "Plain",
            "Partial Mode": "Partial",
            "Parent Relationship": "Outer",
            "Parallel Aware": false,
            "Startup Cost": 37118.41,
            "Total Cost": 37118.42,
            "Plan Rows": 1,
            "Plan Width": 8,
            "Actual Startup Time": 39.164,
            "Actual Total Time": 39.166,
            "Actual Rows": 1,
            "Actual Loops": 2,
            "Plans": [
              {
                "Node Type": "Nested Loop",
                "Parent Relationship": "Outer",
                "Parallel Aware": false,
                "Join Type": "Inner",
                "Startup Cost": 211.12,
                "Total Cost": 37118.1,
                "Plan Rows": 126,
                "Plan Width": 0,
                "Actual Startup Time": 21.676,
                "Actual Total Time": 39.159,
                "Actual Rows": 1,
                "Actual Loops": 2,
                "Inner Unique": true,
                "Plans": [
                  {
                    "Node Type": "Bitmap Heap Scan",
                    "Parent Relationship": "Outer",
                    "Parallel Aware": true,
                    "Relation Name": "movie_companies",
                    "Alias": "mc",
                    "Startup Cost": 210.69,
                    "Total Cost": 16349.34,
                    "Plan Rows": 2821,
                    "Plan Width": 4,
                    "Actual Startup Time": 4.041,
                    "Actual Total Time": 15.44,
                    "Actual Rows": 3004,
                    "Actual Loops": 2,
                    "Recheck Cond": "(company_id = 846)",
                    "Rows Removed by Index Recheck": 0,
                    "Filter": "(company_type_id < 2)",
                    "Rows Removed by Filter": 2078,
                    "Exact Heap Blocks": 4894,
                    "Lossy Heap Blocks": 0,
                    "Plans": [
                      {
                        "Node Type": "Bitmap Index Scan",
                        "Parent Relationship": "Outer",
                        "Parallel Aware": false,
                        "Index Name": "company_id_movie_companies",
                        "Startup Cost": 0.0,
                        "Total Cost": 209.49,
                        "Plan Rows": 9741,
                        "Plan Width": 0,
                        "Actual Startup Time": 4.927,
                        "Actual Total Time": 4.927,
                        "Actual Rows": 10163,
                        "Actual Loops": 1,
                        "Index Cond": "(company_id = 846)"
                      }
                    ]
                  },
                  {
                    "Node Type": "Index Scan",
                    "Parent Relationship": "Inner",
                    "Parallel Aware": false,
                    "Scan Direction": "Forward",
                    "Index Name": "title_pkey",
                    "Relation Name": "title",
                    "Alias": "t",
                    "Startup Cost": 0.43,
                    "Total Cost": 7.36,
                    "Plan Rows": 1,
                    "Plan Width": 4,
                    "Actual Startup Time": 0.007,
                    "Actual Total Time": 0.007,
                    "Actual Rows": 0,
                    "Actual Loops": 6008,
                    "Index Cond": "(id = mc.movie_id)",
                    "Rows Removed by Index Recheck": 0,
                    "Filter": "((kind_id > 2) AND (production_year = 2012))",
                    "Rows Removed by Filter": 1
                  }
                ]
              }
            ]
          }
        ]
      }
    ]
  },
  "Planning Time": 0.559,
  "Triggers": [],
  "Execution Time": 51.591
}