[
  {
    "Plan": {
      "Node Type": "Aggregate",
      "Strategy": "Plain",
      "Partial Mode": "Finalize",
      "Parallel Aware": false,
      "Startup Cost": 33152.94,
      "Total Cost": 33152.95,
      "Plan Rows": 1,
      "Plan Width": 8,
      "Actual Startup Time": 116.354,
      "Actual Total Time": 125.708,
      "Actual Rows": 1,
      "Actual Loops": 1,
      "Plans": [
        {
          "Node Type": "Gather",
          "Parent Relationship": "Outer",
          "Parallel Aware": false,
          "Startup Cost": 33152.63,
          "Total Cost": 33152.94,
          "Plan Rows": 3,
          "Plan Width": 8,
          "Actual Startup Time": 116.223,
          "Actual Total Time": 125.699,
          "Actual Rows": 4,
          "Actual Loops": 1,
          "Workers Planned": 3,
          "Workers Launched": 3,
          "Single Copy": false,
          "Plans": [
            {
              "Node Type": "Aggregate",
              "Strategy": "Plain",
              "Partial Mode": "Partial",
              "Parent Relationship": "Outer",
              "Parallel Aware": false,
              "Startup Cost": 32152.63,
              "Total Cost": 32152.64,
              "Plan Rows": 1,
              "Plan Width": 8,
              "Actual Startup Time": 111.848,
              "Actual Total Time": 111.849,
              "Actual Rows": 1,
              "Actual Loops": 4,
              "Plans": [
                {
                  "Node Type": "Seq Scan",
                  "Parent Relationship": "Outer",
                  "Parallel Aware": true,
                  "Relation Name": "movie_companies",
                  "Alias": "mc",
                  "Startup Cost": 0.0,
                  "Total Cost": 31414.82,
                  "Plan Rows": 295123,
                  "Plan Width": 0,
                  "Actual Startup Time": 0.02,
                  "Actual Total Time": 93.711,
                  "Actual Rows": 307406,
                  "Actual Loops": 4,
                  "Filter": "((company_id < 40195) AND (company_type_id < 2))",
                  "Rows Removed by Filter": 344876
                }
              ]
            }
          ]
        }
      ]
    },
    "Planning Time": 0.216,
    "Triggers": [],
    "Execution Time": 125.761
  }
]