{
    "Plan": {
        "Node Type": "Aggregate",
        "Strategy": "Plain",
        "Partial Mode": "Finalize",
        "Parallel Aware": false,
        "Startup Cost": 601704.01,
        "Total Cost": 601704.02,
        "Plan Rows": 1,
        "Plan Width": 8,
        "Actual Startup Time": 2567.726,
        "Actual Total Time": 2644.324,
        "Actual Rows": 1,
        "Actual Loops": 1,
        "Output": [
            "count(*)"
        ],
        "Plans": [
            {
                "Node Type": "Gather",
                "Parent Relationship": "Outer",
                "Parallel Aware": false,
                "Startup Cost": 601703.49,
                "Total Cost": 601704.0,
                "Plan Rows": 5,
                "Plan Width": 8,
                "Actual Startup Time": 2546.902,
                "Actual Total Time": 2644.312,
                "Actual Rows": 6,
                "Actual Loops": 1,
                "Output": [
                    "(PARTIAL count(*))"
                ],
                "Workers Planned": 5,
                "Workers Launched": 5,
                "Single Copy": false,
                "Plans": [
                    {
                        "Node Type": "Aggregate",
                        "Strategy": "Plain",
                        "Partial Mode": "Partial",
                        "Parent Relationship": "Outer",
                        "Parallel Aware": false,
                        "Startup Cost": 600703.49,
                        "Total Cost": 600703.5,
                        "Plan Rows": 1,
                        "Plan Width": 8,
                        "Actual Startup Time": 2536.559,
                        "Actual Total Time": 2537.101,
                        "Actual Rows": 1,
                        "Actual Loops": 6,
                        "Output": [
                            "PARTIAL count(*)"
                        ],
                        "Workers": [
                            {
                                "Worker Number": 0,
                                "Actual Startup Time": 2533.264,
                                "Actual Total Time": 2533.269,
                                "Actual Rows": 1,
                                "Actual Loops": 1
                            },
                            {
                                "Worker Number": 1,
                                "Actual Startup Time": 2534.449,
                                "Actual Total Time": 2534.453,
                                "Actual Rows": 1,
                                "Actual Loops": 1
                            },
                            {
                                "Worker Number": 2,
                                "Actual Startup Time": 2534.557,
                                "Actual Total Time": 2534.562,
                                "Actual Rows": 1,
                                "Actual Loops": 1
                            },
                            {
                                "Worker Number": 3,
                                "Actual Startup Time": 2534.569,
                                "Actual Total Time": 2534.574,
                                "Actual Rows": 1,
                                "Actual Loops": 1
                            },
                            {
                                "Worker Number": 4,
                                "Actual Startup Time": 2536.498,
                                "Actual Total Time": 2536.502,
                                "Actual Rows": 1,
                                "Actual Loops": 1
                            }
                        ],
                        "Plans": [
                            {
                                "Node Type": "Hash Join",
                                "Parent Relationship": "Outer",
                                "Parallel Aware": true,
                                "Join Type": "Inner",
                                "Startup Cost": 395755.62,
                                "Total Cost": 599688.78,
                                "Plan Rows": 405885,
                                "Plan Width": 0,
                                "Actual Startup Time": 1316.306,
                                "Actual Total Time": 2299.12,
                                "Actual Rows": 5736219,
                                "Actual Loops": 6,
                                "Inner Unique": false,
                                "Hash Cond": "(mi.movie_id = t.id)",
                                "Workers": [
                                    {
                                        "Worker Number": 0,
                                        "Actual Startup Time": 1313.231,
                                        "Actual Total Time": 2301.29,
                                        "Actual Rows": 4401801,
                                        "Actual Loops": 1
                                    },
                                    {
                                        "Worker Number": 1,
                                        "Actual Startup Time": 1314.427,
                                        "Actual Total Time": 2297.568,
                                        "Actual Rows": 5976676,
                                        "Actual Loops": 1
                                    },
                                    {
                                        "Worker Number": 2,
                                        "Actual Startup Time": 1314.699,
                                        "Actual Total Time": 2298.051,
                                        "Actual Rows": 5949267,
                                        "Actual Loops": 1
                                    },
                                    {
                                        "Worker Number": 3,
                                        "Actual Startup Time": 1314.893,
                                        "Actual Total Time": 2300.296,
                                        "Actual Rows": 5887186,
                                        "Actual Loops": 1
                                    },
                                    {
                                        "Worker Number": 4,
                                        "Actual Startup Time": 1314.576,
                                        "Actual Total Time": 2299.967,
                                        "Actual Rows": 5953218,
                                        "Actual Loops": 1
                                    }
                                ],
                                "Plans": [
                                    {
                                        "Node Type": "Seq Scan",
                                        "Parent Relationship": "Outer",
                                        "Parallel Aware": true,
                                        "Relation Name": "movie_info",
                                        "Schema": "public",
                                        "Alias": "mi",
                                        "Startup Cost": 0.0,
                                        "Total Cost": 198880.74,
                                        "Plan Rows": 1166918,
                                        "Plan Width": 4,
                                        "Actual Startup Time": 27.588,
                                        "Actual Total Time": 309.121,
                                        "Actual Rows": 978171,
                                        "Actual Loops": 6,
                                        "Output": [
                                            "mi.id",
                                            "mi.movie_id",
                                            "mi.info_type_id",
                                            "mi.info",
                                            "mi.note"
                                        ],
                                        "Filter": "(mi.info_type_id > 13)",
                                        "Rows Removed by Filter": 1494449,
                                        "Workers": [
                                            {
                                                "Worker Number": 0,
                                                "Actual Startup Time": 27.58,
                                                "Actual Total Time": 328.186,
                                                "Actual Rows": 710111,
                                                "Actual Loops": 1
                                            },
                                            {
                                                "Worker Number": 1,
                                                "Actual Startup Time": 27.665,
                                                "Actual Total Time": 314.0,
                                                "Actual Rows": 1030963,
                                                "Actual Loops": 1
                                            },
                                            {
                                                "Worker Number": 2,
                                                "Actual Startup Time": 27.544,
                                                "Actual Total Time": 312.622,
                                                "Actual Rows": 1002853,
                                                "Actual Loops": 1
                                            },
                                            {
                                                "Worker Number": 3,
                                                "Actual Startup Time": 27.54,
                                                "Actual Total Time": 314.42,
                                                "Actual Rows": 1011565,
                                                "Actual Loops": 1
                                            },
                                            {
                                                "Worker Number": 4,
                                                "Actual Startup Time": 27.639,
                                                "Actual Total Time": 313.356,
                                                "Actual Rows": 1009966,
                                                "Actual Loops": 1
                                            }
                                        ]
                                    },
                                    {
                                        "Node Type": "Hash",
                                        "Parent Relationship": "Inner",
                                        "Parallel Aware": true,
                                        "Startup Cost": 393923.49,
                                        "Total Cost": 393923.49,
                                        "Plan Rows": 146570,
                                        "Plan Width": 8,
                                        "Actual Startup Time": 1284.848,
                                        "Actual Total Time": 1285.388,
                                        "Actual Rows": 349955,
                                        "Actual Loops": 6,
                                        "Output": [
                                            "t.id",
                                            "ci.movie_id"
                                        ],
                                        "Hash Buckets": 4194304,
                                        "Original Hash Buckets": 1048576,
                                        "Hash Batches": 1,
                                        "Original Hash Batches": 1,
                                        "Peak Memory Usage": 139616,
                                        "Workers": [
                                            {
                                                "Worker Number": 0,
                                                "Actual Startup Time": 1284.77,
                                                "Actual Total Time": 1284.774,
                                                "Actual Rows": 237229,
                                                "Actual Loops": 1
                                            },
                                            {
                                                "Worker Number": 1,
                                                "Actual Startup Time": 1286.046,
                                                "Actual Total Time": 1286.049,
                                                "Actual Rows": 371379,
                                                "Actual Loops": 1
                                            },
                                            {
                                                "Worker Number": 2,
                                                "Actual Startup Time": 1286.212,
                                                "Actual Total Time": 1286.215,
                                                "Actual Rows": 366901,
                                                "Actual Loops": 1
                                            },
                                            {
                                                "Worker Number": 3,
                                                "Actual Startup Time": 1286.247,
                                                "Actual Total Time": 1286.25,
                                                "Actual Rows": 363571,
                                                "Actual Loops": 1
                                            },
                                            {
                                                "Worker Number": 4,
                                                "Actual Startup Time": 1286.238,
                                                "Actual Total Time": 1286.241,
                                                "Actual Rows": 370137,
                                                "Actual Loops": 1
                                            }
                                        ],
                                        "Plans": [
                                            {
                                                "Node Type": "Hash Join",
                                                "Parent Relationship": "Outer",
                                                "Parallel Aware": true,
                                                "Join Type": "Inner",
                                                "Startup Cost": 50219.81,
                                                "Total Cost": 393923.49,
                                                "Plan Rows": 146570,
                                                "Plan Width": 8,
                                                "Actual Startup Time": 798.48,
                                                "Actual Total Time": 1051.435,
                                                "Actual Rows": 349955,
                                                "Actual Loops": 6,
                                                "Output": [
                                                    "t.id",
                                                    "ci.movie_id"
                                                ],
                                                "Inner Unique": true,
                                                "Hash Cond": "(ci.movie_id = t.id)",
                                                "Workers": [
                                                    {
                                                        "Worker Number": 0,
                                                        "Actual Startup Time": 798.441,
                                                        "Actual Total Time": 1050.46,
                                                        "Actual Rows": 237229,
                                                        "Actual Loops": 1
                                                    },
                                                    {
                                                        "Worker Number": 1,
                                                        "Actual Startup Time": 798.442,
                                                        "Actual Total Time": 1051.044,
                                                        "Actual Rows": 371379,
                                                        "Actual Loops": 1
                                                    },
                                                    {
                                                        "Worker Number": 2,
                                                        "Actual Startup Time": 798.476,
                                                        "Actual Total Time": 1051.746,
                                                        "Actual Rows": 366901,
                                                        "Actual Loops": 1
                                                    },
                                                    {
                                                        "Worker Number": 3,
                                                        "Actual Startup Time": 798.479,
                                                        "Actual Total Time": 1052.281,
                                                        "Actual Rows": 363571,
                                                        "Actual Loops": 1
                                                    },
                                                    {
                                                        "Worker Number": 4,
                                                        "Actual Startup Time": 798.465,
                                                        "Actual Total Time": 1051.584,
                                                        "Actual Rows": 370137,
                                                        "Actual Loops": 1
                                                    }
                                                ],
                                                "Plans": [
                                                    {
                                                        "Node Type": "Seq Scan",
                                                        "Parent Relationship": "Outer",
                                                        "Parallel Aware": true,
                                                        "Relation Name": "cast_info",
                                                        "Schema": "public",
                                                        "Alias": "ci",
                                                        "Startup Cost": 0.0,
                                                        "Total Cost": 343318.94,
                                                        "Plan Rows": 146570,
                                                        "Plan Width": 4,
                                                        "Actual Startup Time": 538.635,
                                                        "Actual Total Time": 624.761,
                                                        "Actual Rows": 349955,
                                                        "Actual Loops": 6,
                                                        "Output": [
                                                            "ci.id",
                                                            "ci.person_id",
                                                            "ci.movie_id",
                                                            "ci.person_role_id",
                                                            "ci.note",
                                                            "ci.nr_order",
                                                            "ci.role_id"
                                                        ],
                                                        "Filter": "((ci.person_id > 3651984) AND (ci.role_id > 2))",
                                                        "Rows Removed by Filter": 5690769,
                                                        "Workers": [
                                                            {
                                                                "Worker Number": 0,
                                                                "Actual Startup Time": 538.549,
                                                                "Actual Total Time": 626.872,
                                                                "Actual Rows": 237229,
                                                                "Actual Loops": 1
                                                            },
                                                            {
                                                                "Worker Number": 1,
                                                                "Actual Startup Time": 538.656,
                                                                "Actual Total Time": 626.293,
                                                                "Actual Rows": 371379,
                                                                "Actual Loops": 1
                                                            },
                                                            {
                                                                "Worker Number": 2,
                                                                "Actual Startup Time": 538.663,
                                                                "Actual Total Time": 625.624,
                                                                "Actual Rows": 366901,
                                                                "Actual Loops": 1
                                                            },
                                                            {
                                                                "Worker Number": 3,
                                                                "Actual Startup Time": 538.656,
                                                                "Actual Total Time": 626.401,
                                                                "Actual Rows": 363571,
                                                                "Actual Loops": 1
                                                            },
                                                            {
                                                                "Worker Number": 4,
                                                                "Actual Startup Time": 538.649,
                                                                "Actual Total Time": 626.761,
                                                                "Actual Rows": 370137,
                                                                "Actual Loops": 1
                                                            }
                                                        ]
                                                    },
                                                    {
                                                        "Node Type": "Hash",
                                                        "Parent Relationship": "Inner",
                                                        "Parallel Aware": true,
                                                        "Startup Cost": 42318.81,
                                                        "Total Cost": 42318.81,
                                                        "Plan Rows": 632080,
                                                        "Plan Width": 4,
                                                        "Actual Startup Time": 254.701,
                                                        "Actual Total Time": 254.702,
                                                        "Actual Rows": 421385,
                                                        "Actual Loops": 6,
                                                        "Output": [
                                                            "t.id"
                                                        ],
                                                        "Hash Buckets": 4194304,
                                                        "Original Hash Buckets": 4194304,
                                                        "Hash Batches": 1,
                                                        "Original Hash Batches": 1,
                                                        "Peak Memory Usage": 131776,
                                                        "Workers": [
                                                            {
                                                                "Worker Number": 0,
                                                                "Actual Startup Time": 259.532,
                                                                "Actual Total Time": 259.533,
                                                                "Actual Rows": 271091,
                                                                "Actual Loops": 1
                                                            },
                                                            {
                                                                "Worker Number": 1,
                                                                "Actual Startup Time": 259.528,
                                                                "Actual Total Time": 259.529,
                                                                "Actual Rows": 423737,
                                                                "Actual Loops": 1
                                                            },
                                                            {
                                                                "Worker Number": 2,
                                                                "Actual Startup Time": 259.561,
                                                                "Actual Total Time": 259.563,
                                                                "Actual Rows": 425745,
                                                                "Actual Loops": 1
                                                            },
                                                            {
                                                                "Worker Number": 3,
                                                                "Actual Startup Time": 259.571,
                                                                "Actual Total Time": 259.572,
                                                                "Actual Rows": 423699,
                                                                "Actual Loops": 1
                                                            },
                                                            {
                                                                "Worker Number": 4,
                                                                "Actual Startup Time": 259.753,
                                                                "Actual Total Time": 259.754,
                                                                "Actual Rows": 420036,
                                                                "Actual Loops": 1
                                                            }
                                                        ],
                                                        "Plans": [
                                                            {
                                                                "Node Type": "Seq Scan",
                                                                "Parent Relationship": "Outer",
                                                                "Parallel Aware": true,
                                                                "Relation Name": "title",
                                                                "Schema": "public",
                                                                "Alias": "t",
                                                                "Startup Cost": 0.0,
                                                                "Total Cost": 42318.81,
                                                                "Plan Rows": 632080,
                                                                "Plan Width": 4,
                                                                "Actual Startup Time": 0.066,
                                                                "Actual Total Time": 74.964,
                                                                "Actual Rows": 421385,
                                                                "Actual Loops": 6,
                                                                "Output": [
                                                                    "t.id"
                                                                ],
                                                                "Workers": [
                                                                    {
                                                                        "Worker Number": 0,
                                                                        "Actual Startup Time": 0.087,
                                                                        "Actual Total Time": 78.753,
                                                                        "Actual Rows": 271091,
                                                                        "Actual Loops": 1
                                                                    },
                                                                    {
                                                                        "Worker Number": 1,
                                                                        "Actual Startup Time": 0.076,
                                                                        "Actual Total Time": 77.237,
                                                                        "Actual Rows": 423737,
                                                                        "Actual Loops": 1
                                                                    },
                                                                    {
                                                                        "Worker Number": 2,
                                                                        "Actual Startup Time": 0.075,
                                                                        "Actual Total Time": 77.143,
                                                                        "Actual Rows": 425745,
                                                                        "Actual Loops": 1
                                                                    },
                                                                    {
                                                                        "Worker Number": 3,
                                                                        "Actual Startup Time": 0.069,
                                                                        "Actual Total Time": 77.294,
                                                                        "Actual Rows": 423699,
                                                                        "Actual Loops": 1
                                                                    },
                                                                    {
                                                                        "Worker Number": 4,
                                                                        "Actual Startup Time": 0.074,
                                                                        "Actual Total Time": 77.333,
                                                                        "Actual Rows": 420036,
                                                                        "Actual Loops": 1
                                                                    }
                                                                ]
                                                            }
                                                        ]
                                                    }
                                                ]
                                            }
                                        ]
                                    }
                                ]
                            }
                        ]
                    }
                ]
            }
        ]
    },
    "Planning Time": 1.626,
    "Triggers": [],
    "Execution Time": 2644.423
}