[
  {
    "Plan": {
      "Node Type": "Aggregate",
      "Strategy": "Plain",
      "Partial Mode": "Finalize",
      "Parallel Aware": false,
      "Startup Cost": 222379.92,
      "Total Cost": 222379.93,
      "Plan Rows": 1,
      "Plan Width": 8,
      "Actual Startup Time": 299.599,
      "Actual Total Time": 313.862,
      "Actual Rows": 1,
      "Actual Loops": 1,
      "Plans": [
        {
          "Node Type": "Gather",
          "Parent Relationship": "Outer",
          "Parallel Aware": false,
          "Startup Cost": 222379.4,
          "Total Cost": 222379.91,
          "Plan Rows": 5,
          "Plan Width": 8,
          "Actual Startup Time": 285.85,
          "Actual Total Time": 313.853,
          "Actual Rows": 6,
          "Actual Loops": 1,
          "Workers Planned": 5,
          "Workers Launched": 5,
          "Single Copy": false,
          "Plans": [
            {
              "Node Type": "Aggregate",
              "Strategy": "Plain",
              "Partial Mode": "Partial",
              "Parent Relationship": "Outer",
              "Parallel Aware": false,
              "Startup Cost": 221379.4,
              "Total Cost": 221379.41,
              "Plan Rows": 1,
              "Plan Width": 8,
              "Actual Startup Time": 271.57,
              "Actual Total Time": 271.574,
              "Actual Rows": 1,
              "Actual Loops": 6,
              "Plans": [
                {
                  "Node Type": "Hash Join",
                  "Parent Relationship": "Outer",
                  "Parallel Aware": true,
                  "Join Type": "Inner",
                  "Startup Cost": 57862.8,
                  "Total Cost": 221213.82,
                  "Plan Rows": 66232,
                  "Plan Width": 0,
                  "Actual Startup Time": 237.328,
                  "Actual Total Time": 271.283,
                  "Actual Rows": 4846,
                  "Actual Loops": 6,
                  "Inner Unique": true,
                  "Hash Cond": "(mi.movie_id = t.id)",
                  "Plans": [
                    {
                      "Node Type": "Bitmap Heap Scan",
                      "Parent Relationship": "Outer",
                      "Parallel Aware": true,
                      "Relation Name": "movie_info",
                      "Alias": "mi",
                      "Startup Cost": 8135.65,
                      "Total Cost": 171250.98,
                      "Plan Rows": 89786,
                      "Plan Width": 4,
                      "Actual Startup Time": 14.646,
                      "Actual Total Time": 30.173,
                      "Actual Rows": 71442,
                      "Actual Loops": 6,
                      "Recheck Cond": "(info_type_id > 104)",
                      "Rows Removed by Index Recheck": 0,
                      "Exact Heap Blocks": 1191,
                      "Lossy Heap Blocks": 0,
                      "Plans": [
                        {
                          "Node Type": "Bitmap Index Scan",
                          "Parent Relationship": "Outer",
                          "Parallel Aware": false,
                          "Index Name": "info_type_id_movie_info",
                          "Startup Cost": 0.0,
                          "Total Cost": 8023.42,
                          "Plan Rows": 448931,
                          "Plan Width": 0,
                          "Actual Startup Time": 13.844,
                          "Actual Total Time": 13.845,
                          "Actual Rows": 428651,
                          "Actual Loops": 1,
                          "Index Cond": "(info_type_id > 104)"
                        }
                      ]
                    },
                    {
                      "Node Type": "Hash",
                      "Parent Relationship": "Inner",
                      "Parallel Aware": true,
                      "Startup Cost": 43898.92,
                      "Total Cost": 43898.92,
                      "Plan Rows": 466259,
                      "Plan Width": 4,
                      "Actual Startup Time": 216.139,
                      "Actual Total Time": 216.14,
                      "Actual Rows": 310914,
                      "Actual Loops": 6,
                      "Hash Buckets": 2097152,
                      "Original Hash Buckets": 2097152,
                      "Hash Batches": 1,
                      "Original Hash Batches": 1,
                      "Peak Memory Usage": 89440,
                      "Plans": [
                        {
                          "Node Type": "Seq Scan",
                          "Parent Relationship": "Outer",
                          "Parallel Aware": true,
                          "Relation Name": "title",
                          "Alias": "t",
                          "Startup Cost": 0.0,
                          "Total Cost": 43898.92,
                          "Plan Rows": 466259,
                          "Plan Width": 4,
                          "Actual Startup Time": 0.036,
                          "Actual Total Time": 85.327,
                          "Actual Rows": 310914,
                          "Actual Loops": 6,
                          "Filter": "(kind_id > 1)",
                          "Rows Removed by Filter": 110471
                        }
                      ]
                    }
                  ]
                }
              ]
            }
          ]
        }
      ]
    },
    "Planning Time": 0.647,
    "Triggers": [],
    "Execution Time": 313.956
  }
]