[
  {
    "Plan": {
      "Node Type": "Aggregate",
      "Strategy": "Plain",
      "Partial Mode": "Finalize",
      "Parallel Aware": false,
      "Startup Cost": 68299.67,
      "Total Cost": 68299.68,
      "Plan Rows": 1,
      "Plan Width": 8,
      "Actual Startup Time": 164.387,
      "Actual Total Time": 176.544,
      "Actual Rows": 1,
      "Actual Loops": 1,
      "Plans": [
        {
          "Node Type": "Gather",
          "Parent Relationship": "Outer",
          "Parallel Aware": false,
          "Startup Cost": 68299.35,
          "Total Cost": 68299.66,
          "Plan Rows": 3,
          "Plan Width": 8,
          "Actual Startup Time": 162.533,
          "Actual Total Time": 176.537,
          "Actual Rows": 4,
          "Actual Loops": 1,
          "Workers Planned": 3,
          "Workers Launched": 3,
          "Single Copy": false,
          "Plans": [
            {
              "Node Type": "Aggregate",
              "Strategy": "Plain",
              "Partial Mode": "Partial",
              "Parent Relationship": "Outer",
              "Parallel Aware": false,
              "Startup Cost": 67299.35,
              "Total Cost": 67299.36,
              "Plan Rows": 1,
              "Plan Width": 8,
              "Actual Startup Time": 156.79,
              "Actual Total Time": 156.794,
              "Actual Rows": 1,
              "Actual Loops": 4,
              "Plans": [
                {
                  "Node Type": "Hash Join",
                  "Parent Relationship": "Outer",
                  "Parallel Aware": true,
                  "Join Type": "Inner",
                  "Startup Cost": 48162.88,
                  "Total Cost": 67291.02,
                  "Plan Rows": 3332,
                  "Plan Width": 0,
                  "Actual Startup Time": 142.821,
                  "Actual Total Time": 156.402,
                  "Actual Rows": 7422,
                  "Actual Loops": 4,
                  "Inner Unique": true,
                  "Hash Cond": "(mc.movie_id = t.id)",
                  "Plans": [
                    {
                      "Node Type": "Bitmap Heap Scan",
                      "Parent Relationship": "Outer",
                      "Parallel Aware": true,
                      "Relation Name": "movie_companies",
                      "Alias": "mc",
                      "Startup Cost": 1505.54,
                      "Total Cost": 20575.0,
                      "Plan Rows": 22356,
                      "Plan Width": 4,
                      "Actual Startup Time": 2.783,
                      "Actual Total Time": 9.161,
                      "Actual Rows": 17166,
                      "Actual Loops": 4,
                      "Recheck Cond": "(company_id > 177739)",
                      "Rows Removed by Index Recheck": 0,
                      "Exact Heap Blocks": 775,
                      "Lossy Heap Blocks": 0,
                      "Plans": [
                        {
                          "Node Type": "Bitmap Index Scan",
                          "Parent Relationship": "Outer",
                          "Parallel Aware": false,
                          "Index Name": "company_id_movie_companies",
                          "Startup Cost": 0.0,
                          "Total Cost": 1488.22,
                          "Plan Rows": 69305,
                          "Plan Width": 0,
                          "Actual Startup Time": 2.39,
                          "Actual Total Time": 2.39,
                          "Actual Rows": 68665,
                          "Actual Loops": 1,
                          "Index Cond": "(company_id > 177739)"
                        }
                      ]
                    },
                    {
                      "Node Type": "Hash",
                      "Parent Relationship": "Inner",
                      "Parallel Aware": true,
                      "Startup Cost": 45479.59,
                      "Total Cost": 45479.59,
                      "Plan Rows": 94220,
                      "Plan Width": 4,
                      "Actual Startup Time": 138.474,
                      "Actual Total Time": 138.475,
                      "Actual Rows": 110007,
                      "Actual Loops": 4,
                      "Hash Buckets": 524288,
                      "Original Hash Buckets": 524288,
                      "Hash Batches": 1,
                      "Original Hash Batches": 1,
                      "Peak Memory Usage": 21376,
                      "Plans": [
                        {
                          "Node Type": "Seq Scan",
                          "Parent Relationship": "Outer",
                          "Parallel Aware": true,
                          "Relation Name": "title",
                          "Alias": "t",
                          "Startup Cost": 0.0,
                          "Total Cost": 45479.59,
                          "Plan Rows": 94220,
                          "Plan Width": 4,
                          "Actual Startup Time": 55.47,
                          "Actual Total Time": 101.845,
                          "Actual Rows": 110007,
                          "Actual Loops": 4,
                          "Filter": "((production_year < 2006) AND (kind_id = 1))",
                          "Rows Removed by Filter": 522071
                        }
                      ]
                    }
                  ]
                }
              ]
            }
          ]
        }
      ]
    },
    "Planning Time": 0.227,
    "Triggers": [],
    "Execution Time": 176.586
  }
]