[
  {
    "Plan": {
      "Node Type": "Aggregate",
      "Strategy": "Plain",
      "Partial Mode": "Finalize",
      "Parallel Aware": false,
      "Startup Cost": 81211.09,
      "Total Cost": 81211.1,
      "Plan Rows": 1,
      "Plan Width": 8,
      "Actual Startup Time": 323.379,
      "Actual Total Time": 330.311,
      "Actual Rows": 1,
      "Actual Loops": 1,
      "Plans": [
        {
          "Node Type": "Gather",
          "Parent Relationship": "Outer",
          "Parallel Aware": false,
          "Startup Cost": 81210.67,
          "Total Cost": 81211.08,
          "Plan Rows": 4,
          "Plan Width": 8,
          "Actual Startup Time": 319.62,
          "Actual Total Time": 330.302,
          "Actual Rows": 5,
          "Actual Loops": 1,
          "Workers Planned": 4,
          "Workers Launched": 4,
          "Single Copy": false,
          "Plans": [
            {
              "Node Type": "Aggregate",
              "Strategy": "Plain",
              "Partial Mode": "Partial",
              "Parent Relationship": "Outer",
              "Parallel Aware": false,
              "Startup Cost": 80210.67,
              "Total Cost": 80210.68,
              "Plan Rows": 1,
              "Plan Width": 8,
              "Actual Startup Time": 314.161,
              "Actual Total Time": 314.164,
              "Actual Rows": 1,
              "Actual Loops": 5,
              "Plans": [
                {
                  "Node Type": "Hash Join",
                  "Parent Relationship": "Outer",
                  "Parallel Aware": true,
                  "Join Type": "Inner",
                  "Startup Cost": 33862.53,
                  "Total Cost": 79831.28,
                  "Plan Rows": 151758,
                  "Plan Width": 0,
                  "Actual Startup Time": 111.562,
                  "Actual Total Time": 306.163,
                  "Actual Rows": 176384,
                  "Actual Loops": 5,
                  "Inner Unique": false,
                  "Hash Cond": "(t.id = mc.movie_id)",
                  "Plans": [
                    {
                      "Node Type": "Seq Scan",
                      "Parent Relationship": "Outer",
                      "Parallel Aware": true,
                      "Relation Name": "title",
                      "Alias": "t",
                      "Startup Cost": 0.0,
                      "Total Cost": 42318.81,
                      "Plan Rows": 632080,
                      "Plan Width": 4,
                      "Actual Startup Time": 0.011,
                      "Actual Total Time": 55.918,
                      "Actual Rows": 505662,
                      "Actual Loops": 5
                    },
                    {
                      "Node Type": "Hash",
                      "Parent Relationship": "Inner",
                      "Parallel Aware": true,
                      "Startup Cost": 31414.82,
                      "Total Cost": 31414.82,
                      "Plan Rows": 195817,
                      "Plan Width": 4,
                      "Actual Startup Time": 109.412,
                      "Actual Total Time": 109.413,
                      "Actual Rows": 176384,
                      "Actual Loops": 5,
                      "Hash Buckets": 1048576,
                      "Original Hash Buckets": 1048576,
                      "Hash Batches": 1,
                      "Original Hash Batches": 1,
                      "Peak Memory Usage": 42784,
                      "Plans": [
                        {
                          "Node Type": "Seq Scan",
                          "Parent Relationship": "Outer",
                          "Parallel Aware": true,
                          "Relation Name": "movie_companies",
                          "Alias": "mc",
                          "Startup Cost": 0.0,
                          "Total Cost": 31414.82,
                          "Plan Rows": 195817,
                          "Plan Width": 4,
                          "Actual Startup Time": 30.386,
                          "Actual Total Time": 61.267,
                          "Actual Rows": 176384,
                          "Actual Loops": 5,
                          "Filter": "((company_id > 12363) AND (company_type_id > 1))",
                          "Rows Removed by Filter": 345442
                        }
                      ]
                    }
                  ]
                }
              ]
            }
          ]
        }
      ]
    },
    "Planning Time": 0.176,
    "Triggers": [],
    "Execution Time": 330.341
  }
]