[
  {
    "Plan": {
      "Node Type": "Aggregate",
      "Strategy": "Plain",
      "Partial Mode": "Finalize",
      "Parallel Aware": false,
      "Startup Cost": 392279.02,
      "Total Cost": 392279.03,
      "Plan Rows": 1,
      "Plan Width": 8,
      "Actual Startup Time": 1673.978,
      "Actual Total Time": 1725.885,
      "Actual Rows": 1,
      "Actual Loops": 1,
      "Plans": [
        {
          "Node Type": "Gather",
          "Parent Relationship": "Outer",
          "Parallel Aware": false,
          "Startup Cost": 392278.4,
          "Total Cost": 392279.01,
          "Plan Rows": 6,
          "Plan Width": 8,
          "Actual Startup Time": 1669.995,
          "Actual Total Time": 1725.874,
          "Actual Rows": 7,
          "Actual Loops": 1,
          "Workers Planned": 6,
          "Workers Launched": 6,
          "Single Copy": false,
          "Plans": [
            {
              "Node Type": "Aggregate",
              "Strategy": "Plain",
              "Partial Mode": "Partial",
              "Parent Relationship": "Outer",
              "Parallel Aware": false,
              "Startup Cost": 391278.4,
              "Total Cost": 391278.41,
              "Plan Rows": 1,
              "Plan Width": 8,
              "Actual Startup Time": 1658.19,
              "Actual Total Time": 1658.194,
              "Actual Rows": 1,
              "Actual Loops": 7,
              "Plans": [
                {
                  "Node Type": "Hash Join",
                  "Parent Relationship": "Outer",
                  "Parallel Aware": true,
                  "Join Type": "Inner",
                  "Startup Cost": 48041.3,
                  "Total Cost": 387733.44,
                  "Plan Rows": 1417982,
                  "Plan Width": 0,
                  "Actual Startup Time": 243.572,
                  "Actual Total Time": 1611.629,
                  "Actual Rows": 956718,
                  "Actual Loops": 7,
                  "Inner Unique": true,
                  "Hash Cond": "(ci.movie_id = t.id)",
                  "Plans": [
                    {
                      "Node Type": "Seq Scan",
                      "Parent Relationship": "Outer",
                      "Parallel Aware": true,
                      "Relation Name": "cast_info",
                      "Alias": "ci",
                      "Startup Cost": 0.0,
                      "Total Cost": 328211.39,
                      "Plan Rows": 4373611,
                      "Plan Width": 4,
                      "Actual Startup Time": 102.599,
                      "Actual Total Time": 616.224,
                      "Actual Rows": 3742134,
                      "Actual Loops": 7,
                      "Filter": "(person_id > 988314)",
                      "Rows Removed by Filter": 1435629
                    },
                    {
                      "Node Type": "Hash",
                      "Parent Relationship": "Inner",
                      "Parallel Aware": true,
                      "Startup Cost": 45479.59,
                      "Total Cost": 45479.59,
                      "Plan Rows": 204937,
                      "Plan Width": 4,
                      "Actual Startup Time": 136.735,
                      "Actual Total Time": 136.737,
                      "Actual Rows": 105537,
                      "Actual Loops": 7,
                      "Hash Buckets": 1048576,
                      "Original Hash Buckets": 1048576,
                      "Hash Batches": 1,
                      "Original Hash Batches": 1,
                      "Peak Memory Usage": 37248,
                      "Plans": [
                        {
                          "Node Type": "Seq Scan",
                          "Parent Relationship": "Outer",
                          "Parallel Aware": true,
                          "Relation Name": "title",
                          "Alias": "t",
                          "Startup Cost": 0.0,
                          "Total Cost": 45479.59,
                          "Plan Rows": 204937,
                          "Plan Width": 4,
                          "Actual Startup Time": 0.064,
                          "Actual Total Time": 81.417,
                          "Actual Rows": 105537,
                          "Actual Loops": 7,
                          "Filter": "((production_year < 2005) AND (kind_id = 7))",
                          "Rows Removed by Filter": 255650
                        }
                      ]
                    }
                  ]
                }
              ]
            }
          ]
        }
      ]
    },
    "Planning Time": 0.615,
    "Triggers": [],
    "Execution Time": 1725.966
  }
]