{
  "Plan": {
    "Node Type": "Aggregate",
    "Strategy": "Plain",
    "Partial Mode": "Finalize",
    "Parallel Aware": false,
    "Startup Cost": 109966.62,
    "Total Cost": 109966.63,
    "Plan Rows": 1,
    "Plan Width": 8,
    "Actual Startup Time": 712.067,
    "Actual Total Time": 728.177,
    "Actual Rows": 1,
    "Actual Loops": 1,
    "Plans": [
      {
        "Node Type": "Gather",
        "Parent Relationship": "Outer",
        "Parallel Aware": false,
        "Startup Cost": 109966.51,
        "Total Cost": 109966.62,
        "Plan Rows": 1,
        "Plan Width": 8,
        "Actual Startup Time": 710.358,
        "Actual Total Time": 728.17,
        "Actual Rows": 2,
        "Actual Loops": 1,
        "Workers Planned": 1,
        "Workers Launched": 1,
        "Single Copy": false,
        "Plans": [
          {
            "Node Type": "Aggregate",
            "Strategy": "Plain",
            "Partial Mode": "Partial",
            "Parent Relationship": "Outer",
            "Parallel Aware": false,
            "Startup Cost": 108966.51,
            "Total Cost": 108966.52,
            "Plan Rows": 1,
            "Plan Width": 8,
            "Actual Startup Time": 704.514,
            "Actual Total Time": 704.517,
            "Actual Rows": 1,
            "Actual Loops": 2,
            "Plans": [
              {
                "Node Type": "Hash Join",
                "Parent Relationship": "Outer",
                "Parallel Aware": true,
                "Join Type": "Inner",
                "Startup Cost": 45995.45,
                "Total Cost": 108129.77,
                "Plan Rows": 334698,
                "Plan Width": 0,
                "Actual Startup Time": 226.937,
                "Actual Total Time": 686.937,
                "Actual Rows": 429968,
                "Actual Loops": 2,
                "Inner Unique": false,
                "Hash Cond": "(t.id = mc.movie_id)",
                "Plans": [
                  {
                    "Node Type": "Seq Scan",
                    "Parent Relationship": "Outer",
                    "Parallel Aware": true,
                    "Relation Name": "title",
                    "Alias": "t",
                    "Startup Cost": 0.0,
                    "Total Cost": 50870.31,
                    "Plan Rows": 1487231,
                    "Plan Width": 4,
                    "Actual Startup Time": 0.012,
                    "Actual Total Time": 119.255,
                    "Actual Rows": 1264156,
                    "Actual Loops": 2
                  },
                  {
                    "Node Type": "Hash",
                    "Parent Relationship": "Inner",
                    "Parallel Aware": true,
                    "Startup Cost": 41811.73,
                    "Total Cost": 41811.73,
                    "Plan Rows": 334698,
                    "Plan Width": 4,
                    "Actual Startup Time": 217.934,
                    "Actual Total Time": 217.935,
                    "Actual Rows": 429968,
                    "Actual Loops": 2,
                    "Hash Buckets": 1048576,
                    "Original Hash Buckets": 1048576,
                    "Hash Batches": 1,
                    "Original Hash Batches": 1,
                    "Peak Memory Usage": 41856,
                    "Plans": [
                      {
                        "Node Type": "Seq Scan",
                        "Parent Relationship": "Outer",
                        "Parallel Aware": true,
                        "Relation Name": "movie_companies",
                        "Alias": "mc",
                        "Startup Cost": 0.0,
                        "Total Cost": 41811.73,
                        "Plan Rows": 334698,
                        "Plan Width": 4,
                        "Actual Startup Time": 63.716,
                        "Actual Total Time": 131.664,
                        "Actual Rows": 429968,
                        "Actual Loops": 2,
                        "Filter": "((company_id > 13642) AND (company_type_id = 2))",
                        "Rows Removed by Filter": 874596
                      }
                    ]
                  }
                ]
              }
            ]
          }
        ]
      }
    ]
  },
  "Planning Time": 0.693,
  "Triggers": [],
  "Execution Time": 728.245
}