[
  {
    "Plan": {
      "Node Type": "Aggregate",
      "Strategy": "Plain",
      "Partial Mode": "Finalize",
      "Parallel Aware": false,
      "Startup Cost": 95446.61,
      "Total Cost": 95446.62,
      "Plan Rows": 1,
      "Plan Width": 8,
      "Actual Startup Time": 454.1,
      "Actual Total Time": 472.063,
      "Actual Rows": 1,
      "Actual Loops": 1,
      "Plans": [
        {
          "Node Type": "Gather",
          "Parent Relationship": "Outer",
          "Parallel Aware": false,
          "Startup Cost": 95446.29,
          "Total Cost": 95446.6,
          "Plan Rows": 3,
          "Plan Width": 8,
          "Actual Startup Time": 450.981,
          "Actual Total Time": 472.054,
          "Actual Rows": 4,
          "Actual Loops": 1,
          "Workers Planned": 3,
          "Workers Launched": 3,
          "Single Copy": false,
          "Plans": [
            {
              "Node Type": "Aggregate",
              "Strategy": "Plain",
              "Partial Mode": "Partial",
              "Parent Relationship": "Outer",
              "Parallel Aware": false,
              "Startup Cost": 94446.29,
              "Total Cost": 94446.3,
              "Plan Rows": 1,
              "Plan Width": 8,
              "Actual Startup Time": 442.121,
              "Actual Total Time": 442.125,
              "Actual Rows": 1,
              "Actual Loops": 4,
              "Plans": [
                {
                  "Node Type": "Hash Join",
                  "Parent Relationship": "Outer",
                  "Parallel Aware": true,
                  "Join Type": "Inner",
                  "Startup Cost": 47931.2,
                  "Total Cost": 93574.91,
                  "Plan Rows": 348552,
                  "Plan Width": 0,
                  "Actual Startup Time": 178.546,
                  "Actual Total Time": 418.678,
                  "Actual Rows": 542101,
                  "Actual Loops": 4,
                  "Inner Unique": true,
                  "Hash Cond": "(mk.movie_id = t.id)",
                  "Plans": [
                    {
                      "Node Type": "Seq Scan",
                      "Parent Relationship": "Outer",
                      "Parallel Aware": true,
                      "Relation Name": "movie_keyword",
                      "Alias": "mk",
                      "Startup Cost": 0.0,
                      "Total Cost": 42695.65,
                      "Plan Rows": 1123070,
                      "Plan Width": 4,
                      "Actual Startup Time": 0.027,
                      "Actual Total Time": 116.902,
                      "Actual Rows": 869762,
                      "Actual Loops": 4,
                      "Filter": "(keyword_id < 16986)",
                      "Rows Removed by Filter": 261220
                    },
                    {
                      "Node Type": "Hash",
                      "Parent Relationship": "Inner",
                      "Parallel Aware": true,
                      "Startup Cost": 45479.1,
                      "Total Cost": 45479.1,
                      "Plan Rows": 196168,
                      "Plan Width": 4,
                      "Actual Startup Time": 173.399,
                      "Actual Total Time": 173.4,
                      "Actual Rows": 172389,
                      "Actual Loops": 4,
                      "Hash Buckets": 1048576,
                      "Original Hash Buckets": 1048576,
                      "Hash Batches": 1,
                      "Original Hash Batches": 1,
                      "Peak Memory Usage": 35232,
                      "Plans": [
                        {
                          "Node Type": "Seq Scan",
                          "Parent Relationship": "Outer",
                          "Parallel Aware": true,
                          "Relation Name": "title",
                          "Alias": "t",
                          "Startup Cost": 0.0,
                          "Total Cost": 45479.1,
                          "Plan Rows": 196168,
                          "Plan Width": 4,
                          "Actual Startup Time": 0.06,
                          "Actual Total Time": 107.842,
                          "Actual Rows": 172389,
                          "Actual Loops": 4,
                          "Filter": "((kind_id < 7) AND (production_year > 1976))",
                          "Rows Removed by Filter": 459689
                        }
                      ]
                    }
                  ]
                }
              ]
            }
          ]
        }
      ]
    },
    "Planning Time": 0.656,
    "Triggers": [],
    "Execution Time": 472.131
  }
]