{
  "Plan": {
    "Node Type": "Aggregate",
    "Strategy": "Plain",
    "Partial Mode": "Finalize",
    "Parallel Aware": false,
    "Startup Cost": 121201.6,
    "Total Cost": 121201.61,
    "Plan Rows": 1,
    "Plan Width": 8,
    "Actual Startup Time": 786.312,
    "Actual Total Time": 803.512,
    "Actual Rows": 1,
    "Actual Loops": 1,
    "Plans": [
      {
        "Node Type": "Gather",
        "Parent Relationship": "Outer",
        "Parallel Aware": false,
        "Startup Cost": 121201.48,
        "Total Cost": 121201.59,
        "Plan Rows": 1,
        "Plan Width": 8,
        "Actual Startup Time": 781.652,
        "Actual Total Time": 803.502,
        "Actual Rows": 2,
        "Actual Loops": 1,
        "Workers Planned": 1,
        "Workers Launched": 1,
        "Single Copy": false,
        "Plans": [
          {
            "Node Type": "Aggregate",
            "Strategy": "Plain",
            "Partial Mode": "Partial",
            "Parent Relationship": "Outer",
            "Parallel Aware": false,
            "Startup Cost": 120201.48,
            "Total Cost": 120201.49,
            "Plan Rows": 1,
            "Plan Width": 8,
            "Actual Startup Time": 773.996,
            "Actual Total Time": 774.0,
            "Actual Rows": 1,
            "Actual Loops": 2,
            "Plans": [
              {
                "Node Type": "Hash Join",
                "Parent Relationship": "Outer",
                "Parallel Aware": true,
                "Join Type": "Inner",
                "Startup Cost": 86334.71,
                "Total Cost": 119337.77,
                "Plan Rows": 345484,
                "Plan Width": 0,
                "Actual Startup Time": 534.878,
                "Actual Total Time": 754.913,
                "Actual Rows": 355484,
                "Actual Loops": 2,
                "Inner Unique": true,
                "Hash Cond": "(mk.movie_id = t.id)",
                "Plans": [
                  {
                    "Node Type": "Bitmap Heap Scan",
                    "Parent Relationship": "Outer",
                    "Parallel Aware": true,
                    "Relation Name": "movie_keyword",
                    "Alias": "mk",
                    "Startup Cost": 20383.3,
                    "Total Cost": 51902.64,
                    "Plan Rows": 565227,
                    "Plan Width": 4,
                    "Actual Startup Time": 89.056,
                    "Actual Total Time": 188.76,
                    "Actual Rows": 478582,
                    "Actual Loops": 2,
                    "Recheck Cond": "(keyword_id > 19805)",
                    "Rows Removed by Index Recheck": 0,
                    "Exact Heap Blocks": 14789,
                    "Lossy Heap Blocks": 0,
                    "Plans": [
                      {
                        "Node Type": "Bitmap Index Scan",
                        "Parent Relationship": "Outer",
                        "Parallel Aware": false,
                        "Index Name": "keyword_id_movie_keyword",
                        "Startup Cost": 0.0,
                        "Total Cost": 20143.08,
                        "Plan Rows": 960886,
                        "Plan Width": 0,
                        "Actual Startup Time": 83.223,
                        "Actual Total Time": 83.224,
                        "Actual Rows": 957164,
                        "Actual Loops": 1,
                        "Index Cond": "(keyword_id > 19805)"
                      }
                    ]
                  },
                  {
                    "Node Type": "Hash",
                    "Parent Relationship": "Inner",
                    "Parallel Aware": true,
                    "Startup Cost": 54588.39,
                    "Total Cost": 54588.39,
                    "Plan Rows": 909042,
                    "Plan Width": 4,
                    "Actual Startup Time": 430.913,
                    "Actual Total Time": 430.914,
                    "Actual Rows": 775864,
                    "Actual Loops": 2,
                    "Hash Buckets": 2097152,
                    "Original Hash Buckets": 2097152,
                    "Hash Batches": 1,
                    "Original Hash Batches": 1,
                    "Peak Memory Usage": 77120,
                    "Plans": [
                      {
                        "Node Type": "Seq Scan",
                        "Parent Relationship": "Outer",
                        "Parallel Aware": true,
                        "Relation Name": "title",
                        "Alias": "t",
                        "Startup Cost": 0.0,
                        "Total Cost": 54588.39,
                        "Plan Rows": 909042,
                        "Plan Width": 4,
                        "Actual Startup Time": 0.028,
                        "Actual Total Time": 194.419,
                        "Actual Rows": 775864,
                        "Actual Loops": 2,
                        "Filter": "(production_year < 2007)",
                        "Rows Removed by Filter": 488292
                      }
                    ]
                  }
                ]
              }
            ]
          }
        ]
      }
    ]
  },
  "Planning Time": 0.446,
  "Triggers": [],
  "Execution Time": 803.604
}