{
    "Plan": {
        "Node Type": "Aggregate",
        "Strategy": "Plain",
        "Partial Mode": "Finalize",
        "Parallel Aware": false,
        "Startup Cost": 119769.72,
        "Total Cost": 119769.73,
        "Plan Rows": 1,
        "Plan Width": 8,
        "Actual Startup Time": 626.999,
        "Actual Total Time": 662.59,
        "Actual Rows": 1,
        "Actual Loops": 1,
        "Output": [
            "count(*)"
        ],
        "Plans": [
            {
                "Node Type": "Gather",
                "Parent Relationship": "Outer",
                "Parallel Aware": false,
                "Startup Cost": 119769.4,
                "Total Cost": 119769.71,
                "Plan Rows": 3,
                "Plan Width": 8,
                "Actual Startup Time": 622.725,
                "Actual Total Time": 662.58,
                "Actual Rows": 4,
                "Actual Loops": 1,
                "Output": [
                    "(PARTIAL count(*))"
                ],
                "Workers Planned": 3,
                "Workers Launched": 3,
                "Single Copy": false,
                "Plans": [
                    {
                        "Node Type": "Aggregate",
                        "Strategy": "Plain",
                        "Partial Mode": "Partial",
                        "Parent Relationship": "Outer",
                        "Parallel Aware": false,
                        "Startup Cost": 118769.4,
                        "Total Cost": 118769.41,
                        "Plan Rows": 1,
                        "Plan Width": 8,
                        "Actual Startup Time": 614.744,
                        "Actual Total Time": 614.747,
                        "Actual Rows": 1,
                        "Actual Loops": 4,
                        "Output": [
                            "PARTIAL count(*)"
                        ],
                        "Workers": [
                            {
                                "Worker Number": 0,
                                "Actual Startup Time": 612.605,
                                "Actual Total Time": 612.608,
                                "Actual Rows": 1,
                                "Actual Loops": 1
                            },
                            {
                                "Worker Number": 1,
                                "Actual Startup Time": 614.3,
                                "Actual Total Time": 614.302,
                                "Actual Rows": 1,
                                "Actual Loops": 1
                            },
                            {
                                "Worker Number": 2,
                                "Actual Startup Time": 610.062,
                                "Actual Total Time": 610.066,
                                "Actual Rows": 1,
                                "Actual Loops": 1
                            }
                        ],
                        "Plans": [
                            {
                                "Node Type": "Nested Loop",
                                "Parent Relationship": "Outer",
                                "Parallel Aware": false,
                                "Join Type": "Inner",
                                "Startup Cost": 44107.77,
                                "Total Cost": 118560.53,
                                "Plan Rows": 83547,
                                "Plan Width": 0,
                                "Actual Startup Time": 104.159,
                                "Actual Total Time": 579.626,
                                "Actual Rows": 802818,
                                "Actual Loops": 4,
                                "Inner Unique": false,
                                "Join Filter": "(t.id = mi.movie_id)",
                                "Rows Removed by Join Filter": 0,
                                "Workers": [
                                    {
                                        "Worker Number": 0,
                                        "Actual Startup Time": 101.256,
                                        "Actual Total Time": 574.73,
                                        "Actual Rows": 599875,
                                        "Actual Loops": 1
                                    },
                                    {
                                        "Worker Number": 1,
                                        "Actual Startup Time": 101.119,
                                        "Actual Total Time": 581.054,
                                        "Actual Rows": 850082,
                                        "Actual Loops": 1
                                    },
                                    {
                                        "Worker Number": 2,
                                        "Actual Startup Time": 101.5,
                                        "Actual Total Time": 579.309,
                                        "Actual Rows": 762390,
                                        "Actual Loops": 1
                                    }
                                ],
                                "Plans": [
                                    {
                                        "Node Type": "Hash Join",
                                        "Parent Relationship": "Outer",
                                        "Parallel Aware": true,
                                        "Join Type": "Inner",
                                        "Startup Cost": 44107.33,
                                        "Total Cost": 88228.25,
                                        "Plan Rows": 14316,
                                        "Plan Width": 8,
                                        "Actual Startup Time": 104.049,
                                        "Actual Total Time": 257.475,
                                        "Actual Rows": 12223,
                                        "Actual Loops": 4,
                                        "Output": [
                                            "t.id",
                                            "mk.movie_id"
                                        ],
                                        "Inner Unique": true,
                                        "Hash Cond": "(mk.movie_id = t.id)",
                                        "Workers": [
                                            {
                                                "Worker Number": 0,
                                                "Actual Startup Time": 101.128,
                                                "Actual Total Time": 237.675,
                                                "Actual Rows": 8294,
                                                "Actual Loops": 1
                                            },
                                            {
                                                "Worker Number": 1,
                                                "Actual Startup Time": 100.979,
                                                "Actual Total Time": 260.871,
                                                "Actual Rows": 12985,
                                                "Actual Loops": 1
                                            },
                                            {
                                                "Worker Number": 2,
                                                "Actual Startup Time": 101.364,
                                                "Actual Total Time": 261.735,
                                                "Actual Rows": 12084,
                                                "Actual Loops": 1
                                            }
                                        ],
                                        "Plans": [
                                            {
                                                "Node Type": "Seq Scan",
                                                "Parent Relationship": "Outer",
                                                "Parallel Aware": true,
                                                "Relation Name": "movie_keyword",
                                                "Schema": "public",
                                                "Alias": "mk",
                                                "Startup Cost": 0.0,
                                                "Total Cost": 42695.65,
                                                "Plan Rows": 542959,
                                                "Plan Width": 4,
                                                "Actual Startup Time": 0.016,
                                                "Actual Total Time": 112.373,
                                                "Actual Rows": 421851,
                                                "Actual Loops": 4,
                                                "Output": [
                                                    "mk.id",
                                                    "mk.movie_id",
                                                    "mk.keyword_id"
                                                ],
                                                "Filter": "(mk.keyword_id < 2629)",
                                                "Rows Removed by Filter": 709131,
                                                "Workers": [
                                                    {
                                                        "Worker Number": 0,
                                                        "Actual Startup Time": 0.018,
                                                        "Actual Total Time": 101.705,
                                                        "Actual Rows": 256117,
                                                        "Actual Loops": 1
                                                    },
                                                    {
                                                        "Worker Number": 1,
                                                        "Actual Startup Time": 0.02,
                                                        "Actual Total Time": 119.035,
                                                        "Actual Rows": 450645,
                                                        "Actual Loops": 1
                                                    },
                                                    {
                                                        "Worker Number": 2,
                                                        "Actual Startup Time": 0.018,
                                                        "Actual Total Time": 118.02,
                                                        "Actual Rows": 419083,
                                                        "Actual Loops": 1
                                                    }
                                                ]
                                            },
                                            {
                                                "Node Type": "Hash",
                                                "Parent Relationship": "Inner",
                                                "Parallel Aware": true,
                                                "Startup Cost": 43899.01,
                                                "Total Cost": 43899.01,
                                                "Plan Rows": 16666,
                                                "Plan Width": 4,
                                                "Actual Startup Time": 102.199,
                                                "Actual Total Time": 102.2,
                                                "Actual Rows": 15642,
                                                "Actual Loops": 4,
                                                "Output": [
                                                    "t.id"
                                                ],
                                                "Hash Buckets": 131072,
                                                "Original Hash Buckets": 131072,
                                                "Hash Batches": 1,
                                                "Original Hash Batches": 1,
                                                "Peak Memory Usage": 3552,
                                                "Workers": [
                                                    {
                                                        "Worker Number": 0,
                                                        "Actual Startup Time": 100.469,
                                                        "Actual Total Time": 100.469,
                                                        "Actual Rows": 10653,
                                                        "Actual Loops": 1
                                                    },
                                                    {
                                                        "Worker Number": 1,
                                                        "Actual Startup Time": 100.479,
                                                        "Actual Total Time": 100.48,
                                                        "Actual Rows": 14247,
                                                        "Actual Loops": 1
                                                    },
                                                    {
                                                        "Worker Number": 2,
                                                        "Actual Startup Time": 100.896,
                                                        "Actual Total Time": 100.897,
                                                        "Actual Rows": 12954,
                                                        "Actual Loops": 1
                                                    }
                                                ],
                                                "Plans": [
                                                    {
                                                        "Node Type": "Seq Scan",
                                                        "Parent Relationship": "Outer",
                                                        "Parallel Aware": true,
                                                        "Relation Name": "title",
                                                        "Schema": "public",
                                                        "Alias": "t",
                                                        "Startup Cost": 0.0,
                                                        "Total Cost": 43899.01,
                                                        "Plan Rows": 16666,
                                                        "Plan Width": 4,
                                                        "Actual Startup Time": 0.058,
                                                        "Actual Total Time": 94.795,
                                                        "Actual Rows": 15642,
                                                        "Actual Loops": 4,
                                                        "Output": [
                                                            "t.id"
                                                        ],
                                                        "Filter": "(t.production_year = 2002)",
                                                        "Rows Removed by Filter": 616436,
                                                        "Workers": [
                                                            {
                                                                "Worker Number": 0,
                                                                "Actual Startup Time": 0.064,
                                                                "Actual Total Time": 93.438,
                                                                "Actual Rows": 10653,
                                                                "Actual Loops": 1
                                                            },
                                                            {
                                                                "Worker Number": 1,
                                                                "Actual Startup Time": 0.068,
                                                                "Actual Total Time": 93.108,
                                                                "Actual Rows": 14247,
                                                                "Actual Loops": 1
                                                            },
                                                            {
                                                                "Worker Number": 2,
                                                                "Actual Startup Time": 0.071,
                                                                "Actual Total Time": 93.339,
                                                                "Actual Rows": 12954,
                                                                "Actual Loops": 1
                                                            }
                                                        ]
                                                    }
                                                ]
                                            }
                                        ]
                                    },
                                    {
                                        "Node Type": "Index Only Scan",
                                        "Parent Relationship": "Inner",
                                        "Parallel Aware": false,
                                        "Scan Direction": "Forward",
                                        "Index Name": "movie_id_movie_info",
                                        "Relation Name": "movie_info",
                                        "Schema": "public",
                                        "Alias": "mi",
                                        "Startup Cost": 0.43,
                                        "Total Cost": 1.63,
                                        "Plan Rows": 39,
                                        "Plan Width": 4,
                                        "Actual Startup Time": 0.005,
                                        "Actual Total Time": 0.02,
                                        "Actual Rows": 66,
                                        "Actual Loops": 48893,
                                        "Output": [
                                            "mi.movie_id"
                                        ],
                                        "Index Cond": "(mi.movie_id = mk.movie_id)",
                                        "Rows Removed by Index Recheck": 0,
                                        "Heap Fetches": 3211271,
                                        "Workers": [
                                            {
                                                "Worker Number": 0,
                                                "Actual Startup Time": 0.007,
                                                "Actual Total Time": 0.031,
                                                "Actual Rows": 72,
                                                "Actual Loops": 8294
                                            },
                                            {
                                                "Worker Number": 1,
                                                "Actual Startup Time": 0.005,
                                                "Actual Total Time": 0.019,
                                                "Actual Rows": 65,
                                                "Actual Loops": 12985
                                            },
                                            {
                                                "Worker Number": 2,
                                                "Actual Startup Time": 0.005,
                                                "Actual Total Time": 0.021,
                                                "Actual Rows": 63,
                                                "Actual Loops": 12084
                                            }
                                        ]
                                    }
                                ]
                            }
                        ]
                    }
                ]
            }
        ]
    },
    "Planning Time": 1.576,
    "Triggers": [],
    "Execution Time": 662.686
}