[
  {
    "Plan": {
      "Node Type": "Aggregate",
      "Strategy": "Plain",
      "Partial Mode": "Finalize",
      "Parallel Aware": false,
      "Startup Cost": 403279.51,
      "Total Cost": 403279.52,
      "Plan Rows": 1,
      "Plan Width": 8,
      "Actual Startup Time": 1465.296,
      "Actual Total Time": 1528.905,
      "Actual Rows": 1,
      "Actual Loops": 1,
      "Plans": [
        {
          "Node Type": "Gather",
          "Parent Relationship": "Outer",
          "Parallel Aware": false,
          "Startup Cost": 403278.88,
          "Total Cost": 403279.49,
          "Plan Rows": 6,
          "Plan Width": 8,
          "Actual Startup Time": 1455.298,
          "Actual Total Time": 1528.894,
          "Actual Rows": 7,
          "Actual Loops": 1,
          "Workers Planned": 6,
          "Workers Launched": 6,
          "Single Copy": false,
          "Plans": [
            {
              "Node Type": "Aggregate",
              "Strategy": "Plain",
              "Partial Mode": "Partial",
              "Parent Relationship": "Outer",
              "Parallel Aware": false,
              "Startup Cost": 402278.88,
              "Total Cost": 402278.89,
              "Plan Rows": 1,
              "Plan Width": 8,
              "Actual Startup Time": 1440.777,
              "Actual Total Time": 1440.78,
              "Actual Rows": 1,
              "Actual Loops": 7,
              "Plans": [
                {
                  "Node Type": "Hash Join",
                  "Parent Relationship": "Outer",
                  "Parallel Aware": true,
                  "Join Type": "Inner",
                  "Startup Cost": 49402.46,
                  "Total Cost": 399190.3,
                  "Plan Rows": 1235431,
                  "Plan Width": 0,
                  "Actual Startup Time": 482.159,
                  "Actual Total Time": 1401.405,
                  "Actual Rows": 1000833,
                  "Actual Loops": 7,
                  "Inner Unique": true,
                  "Hash Cond": "(ci.movie_id = t.id)",
                  "Plans": [
                    {
                      "Node Type": "Seq Scan",
                      "Parent Relationship": "Outer",
                      "Parallel Aware": true,
                      "Relation Name": "cast_info",
                      "Alias": "ci",
                      "Startup Cost": 0.0,
                      "Total Cost": 343257.03,
                      "Plan Rows": 2487924,
                      "Plan Width": 4,
                      "Actual Startup Time": 316.582,
                      "Actual Total Time": 634.157,
                      "Actual Rows": 2170402,
                      "Actual Loops": 7,
                      "Filter": "((person_id > 319765) AND (role_id > 2))",
                      "Rows Removed by Filter": 3007361
                    },
                    {
                      "Node Type": "Hash",
                      "Parent Relationship": "Inner",
                      "Parallel Aware": true,
                      "Startup Cost": 45479.1,
                      "Total Cost": 45479.1,
                      "Plan Rows": 313869,
                      "Plan Width": 4,
                      "Actual Startup Time": 160.511,
                      "Actual Total Time": 160.512,
                      "Actual Rows": 174505,
                      "Actual Loops": 7,
                      "Hash Buckets": 2097152,
                      "Original Hash Buckets": 2097152,
                      "Hash Batches": 1,
                      "Original Hash Batches": 1,
                      "Peak Memory Usage": 64288,
                      "Plans": [
                        {
                          "Node Type": "Seq Scan",
                          "Parent Relationship": "Outer",
                          "Parallel Aware": true,
                          "Relation Name": "title",
                          "Alias": "t",
                          "Startup Cost": 0.0,
                          "Total Cost": 45479.1,
                          "Plan Rows": 313869,
                          "Plan Width": 4,
                          "Actual Startup Time": 0.04,
                          "Actual Total Time": 76.695,
                          "Actual Rows": 174505,
                          "Actual Loops": 7,
                          "Filter": "((production_year < 2011) AND (kind_id = 7))",
                          "Rows Removed by Filter": 186683
                        }
                      ]
                    }
                  ]
                }
              ]
            }
          ]
        }
      ]
    },
    "Planning Time": 0.652,
    "Triggers": [],
    "Execution Time": 1528.993
  }
]