[
  {
    "Plan": {
      "Node Type": "Aggregate",
      "Strategy": "Plain",
      "Partial Mode": "Finalize",
      "Parallel Aware": false,
      "Startup Cost": 276591.4,
      "Total Cost": 276591.41,
      "Plan Rows": 1,
      "Plan Width": 8,
      "Actual Startup Time": 105.196,
      "Actual Total Time": 111.694,
      "Actual Rows": 1,
      "Actual Loops": 1,
      "Plans": [
        {
          "Node Type": "Gather",
          "Parent Relationship": "Outer",
          "Parallel Aware": false,
          "Startup Cost": 276590.77,
          "Total Cost": 276591.38,
          "Plan Rows": 6,
          "Plan Width": 8,
          "Actual Startup Time": 104.968,
          "Actual Total Time": 111.679,
          "Actual Rows": 7,
          "Actual Loops": 1,
          "Workers Planned": 6,
          "Workers Launched": 6,
          "Single Copy": false,
          "Plans": [
            {
              "Node Type": "Aggregate",
              "Strategy": "Plain",
              "Partial Mode": "Partial",
              "Parent Relationship": "Outer",
              "Parallel Aware": false,
              "Startup Cost": 275590.77,
              "Total Cost": 275590.78,
              "Plan Rows": 1,
              "Plan Width": 8,
              "Actual Startup Time": 98.624,
              "Actual Total Time": 98.626,
              "Actual Rows": 1,
              "Actual Loops": 7,
              "Plans": [
                {
                  "Node Type": "Bitmap Heap Scan",
                  "Parent Relationship": "Outer",
                  "Parallel Aware": true,
                  "Relation Name": "cast_info",
                  "Alias": "ci",
                  "Startup Cost": 20574.21,
                  "Total Cost": 275202.51,
                  "Plan Rows": 155304,
                  "Plan Width": 0,
                  "Actual Startup Time": 40.444,
                  "Actual Total Time": 87.425,
                  "Actual Rows": 137494,
                  "Actual Loops": 7,
                  "Recheck Cond": "(person_id < 99610)",
                  "Rows Removed by Index Recheck": 0,
                  "Exact Heap Blocks": 2494,
                  "Lossy Heap Blocks": 0,
                  "Plans": [
                    {
                      "Node Type": "Bitmap Index Scan",
                      "Parent Relationship": "Outer",
                      "Parallel Aware": false,
                      "Index Name": "person_id_cast_info",
                      "Startup Cost": 0.0,
                      "Total Cost": 20341.25,
                      "Plan Rows": 931825,
                      "Plan Width": 0,
                      "Actual Startup Time": 43.883,
                      "Actual Total Time": 43.884,
                      "Actual Rows": 962460,
                      "Actual Loops": 1,
                      "Index Cond": "(person_id < 99610)"
                    }
                  ]
                }
              ]
            }
          ]
        }
      ]
    },
    "Planning Time": 0.104,
    "Triggers": [],
    "Execution Time": 111.737
  }
]