[
  {
    "Plan": {
      "Node Type": "Aggregate",
      "Strategy": "Plain",
      "Partial Mode": "Finalize",
      "Parallel Aware": false,
      "Startup Cost": 33083.02,
      "Total Cost": 33083.03,
      "Plan Rows": 1,
      "Plan Width": 8,
      "Actual Startup Time": 95.4,
      "Actual Total Time": 103.657,
      "Actual Rows": 1,
      "Actual Loops": 1,
      "Plans": [
        {
          "Node Type": "Gather",
          "Parent Relationship": "Outer",
          "Parallel Aware": false,
          "Startup Cost": 33082.7,
          "Total Cost": 33083.01,
          "Plan Rows": 3,
          "Plan Width": 8,
          "Actual Startup Time": 95.29,
          "Actual Total Time": 103.65,
          "Actual Rows": 4,
          "Actual Loops": 1,
          "Workers Planned": 3,
          "Workers Launched": 3,
          "Single Copy": false,
          "Plans": [
            {
              "Node Type": "Aggregate",
              "Strategy": "Plain",
              "Partial Mode": "Partial",
              "Parent Relationship": "Outer",
              "Parallel Aware": false,
              "Startup Cost": 32082.7,
              "Total Cost": 32082.71,
              "Plan Rows": 1,
              "Plan Width": 8,
              "Actual Startup Time": 88.56,
              "Actual Total Time": 88.561,
              "Actual Rows": 1,
              "Actual Loops": 4,
              "Plans": [
                {
                  "Node Type": "Seq Scan",
                  "Parent Relationship": "Outer",
                  "Parallel Aware": true,
                  "Relation Name": "movie_companies",
                  "Alias": "mc",
                  "Startup Cost": 0.0,
                  "Total Cost": 31414.82,
                  "Plan Rows": 267153,
                  "Plan Width": 0,
                  "Actual Startup Time": 3.089,
                  "Actual Total Time": 80.819,
                  "Actual Rows": 154374,
                  "Actual Loops": 4,
                  "Filter": "((company_id > 3266) AND (company_type_id < 2))",
                  "Rows Removed by Filter": 497908
                }
              ]
            }
          ]
        }
      ]
    },
    "Planning Time": 0.183,
    "Triggers": [],
    "Execution Time": 103.705
  }
]