{
  "Plan": {
    "Node Type": "Aggregate",
    "Strategy": "Plain",
    "Partial Mode": "Finalize",
    "Parallel Aware": false,
    "Startup Cost": 100513.33,
    "Total Cost": 100513.34,
    "Plan Rows": 1,
    "Plan Width": 8,
    "Actual Startup Time": 367.687,
    "Actual Total Time": 383.352,
    "Actual Rows": 1,
    "Actual Loops": 1,
    "Plans": [
      {
        "Node Type": "Gather",
        "Parent Relationship": "Outer",
        "Parallel Aware": false,
        "Startup Cost": 100513.21,
        "Total Cost": 100513.32,
        "Plan Rows": 1,
        "Plan Width": 8,
        "Actual Startup Time": 366.935,
        "Actual Total Time": 383.344,
        "Actual Rows": 2,
        "Actual Loops": 1,
        "Workers Planned": 1,
        "Workers Launched": 1,
        "Single Copy": false,
        "Plans": [
          {
            "Node Type": "Aggregate",
            "Strategy": "Plain",
            "Partial Mode": "Partial",
            "Parent Relationship": "Outer",
            "Parallel Aware": false,
            "Startup Cost": 99513.21,
            "Total Cost": 99513.22,
            "Plan Rows": 1,
            "Plan Width": 8,
            "Actual Startup Time": 361.043,
            "Actual Total Time": 361.047,
            "Actual Rows": 1,
            "Actual Loops": 2,
            "Plans": [
              {
                "Node Type": "Hash Join",
                "Parent Relationship": "Outer",
                "Parallel Aware": true,
                "Join Type": "Inner",
                "Startup Cost": 69451.39,
                "Total Cost": 99430.2,
                "Plan Rows": 33207,
                "Plan Width": 0,
                "Actual Startup Time": 221.354,
                "Actual Total Time": 360.327,
                "Actual Rows": 9210,
                "Actual Loops": 2,
                "Inner Unique": true,
                "Hash Cond": "(mk.movie_id = t.id)",
                "Plans": [
                  {
                    "Node Type": "Bitmap Heap Scan",
                    "Parent Relationship": "Outer",
                    "Parallel Aware": true,
                    "Relation Name": "movie_keyword",
                    "Alias": "mk",
                    "Startup Cost": 13172.95,
                    "Total Cost": 42192.91,
                    "Plan Rows": 365276,
                    "Plan Width": 4,
                    "Actual Startup Time": 34.977,
                    "Actual Total Time": 120.195,
                    "Actual Rows": 315894,
                    "Actual Loops": 2,
                    "Recheck Cond": "(keyword_id < 494)",
                    "Rows Removed by Index Recheck": 0,
                    "Exact Heap Blocks": 16494,
                    "Lossy Heap Blocks": 0,
                    "Plans": [
                      {
                        "Node Type": "Bitmap Index Scan",
                        "Parent Relationship": "Outer",
                        "Parallel Aware": false,
                        "Index Name": "keyword_id_movie_keyword",
                        "Startup Cost": 0.0,
                        "Total Cost": 13017.71,
                        "Plan Rows": 620970,
                        "Plan Width": 0,
                        "Actual Startup Time": 31.391,
                        "Actual Total Time": 31.391,
                        "Actual Rows": 631788,
                        "Actual Loops": 1,
                        "Index Cond": "(keyword_id < 494)"
                      }
                    ]
                  },
                  {
                    "Node Type": "Hash",
                    "Parent Relationship": "Inner",
                    "Parallel Aware": true,
                    "Startup Cost": 54588.39,
                    "Total Cost": 54588.39,
                    "Plan Rows": 135204,
                    "Plan Width": 4,
                    "Actual Startup Time": 182.651,
                    "Actual Total Time": 182.652,
                    "Actual Rows": 115824,
                    "Actual Loops": 2,
                    "Hash Buckets": 262144,
                    "Original Hash Buckets": 262144,
                    "Hash Batches": 1,
                    "Original Hash Batches": 1,
                    "Peak Memory Usage": 11136,
                    "Plans": [
                      {
                        "Node Type": "Seq Scan",
                        "Parent Relationship": "Outer",
                        "Parallel Aware": true,
                        "Relation Name": "title",
                        "Alias": "t",
                        "Startup Cost": 0.0,
                        "Total Cost": 54588.39,
                        "Plan Rows": 135204,
                        "Plan Width": 4,
                        "Actual Startup Time": 0.032,
                        "Actual Total Time": 150.35,
                        "Actual Rows": 115824,
                        "Actual Loops": 2,
                        "Filter": "(production_year > 2011)",
                        "Rows Removed by Filter": 1148332
                      }
                    ]
                  }
                ]
              }
            ]
          }
        ]
      }
    ]
  },
  "Planning Time": 0.473,
  "Triggers": [],
  "Execution Time": 383.444
}