[
  {
    "Plan": {
      "Node Type": "Aggregate",
      "Strategy": "Plain",
      "Partial Mode": "Finalize",
      "Parallel Aware": false,
      "Startup Cost": 250841.13,
      "Total Cost": 250841.14,
      "Plan Rows": 1,
      "Plan Width": 8,
      "Actual Startup Time": 849.731,
      "Actual Total Time": 901.706,
      "Actual Rows": 1,
      "Actual Loops": 1,
      "Plans": [
        {
          "Node Type": "Gather",
          "Parent Relationship": "Outer",
          "Parallel Aware": false,
          "Startup Cost": 250840.61,
          "Total Cost": 250841.12,
          "Plan Rows": 5,
          "Plan Width": 8,
          "Actual Startup Time": 848.448,
          "Actual Total Time": 901.691,
          "Actual Rows": 6,
          "Actual Loops": 1,
          "Workers Planned": 5,
          "Workers Launched": 5,
          "Single Copy": false,
          "Plans": [
            {
              "Node Type": "Aggregate",
              "Strategy": "Plain",
              "Partial Mode": "Partial",
              "Parent Relationship": "Outer",
              "Parallel Aware": false,
              "Startup Cost": 249840.61,
              "Total Cost": 249840.62,
              "Plan Rows": 1,
              "Plan Width": 8,
              "Actual Startup Time": 838.503,
              "Actual Total Time": 838.508,
              "Actual Rows": 1,
              "Actual Loops": 6,
              "Plans": [
                {
                  "Node Type": "Hash Join",
                  "Parent Relationship": "Outer",
                  "Parallel Aware": true,
                  "Join Type": "Inner",
                  "Startup Cost": 45604.94,
                  "Total Cost": 249761.66,
                  "Plan Rows": 31578,
                  "Plan Width": 0,
                  "Actual Startup Time": 149.438,
                  "Actual Total Time": 829.544,
                  "Actual Rows": 128267,
                  "Actual Loops": 6,
                  "Inner Unique": true,
                  "Hash Cond": "(mi.movie_id = t.id)",
                  "Plans": [
                    {
                      "Node Type": "Seq Scan",
                      "Parent Relationship": "Outer",
                      "Parallel Aware": true,
                      "Relation Name": "movie_info",
                      "Alias": "mi",
                      "Startup Cost": 0.0,
                      "Total Cost": 198952.16,
                      "Plan Rows": 1982687,
                      "Plan Width": 4,
                      "Actual Startup Time": 23.435,
                      "Actual Total Time": 460.614,
                      "Actual Rows": 1651959,
                      "Actual Loops": 6,
                      "Filter": "(info_type_id > 4)",
                      "Rows Removed by Filter": 820661
                    },
                    {
                      "Node Type": "Hash",
                      "Parent Relationship": "Inner",
                      "Parallel Aware": true,
                      "Startup Cost": 45479.1,
                      "Total Cost": 45479.1,
                      "Plan Rows": 10067,
                      "Plan Width": 4,
                      "Actual Startup Time": 108.953,
                      "Actual Total Time": 108.955,
                      "Actual Rows": 17330,
                      "Actual Loops": 6,
                      "Hash Buckets": 131072,
                      "Original Hash Buckets": 65536,
                      "Hash Batches": 1,
                      "Original Hash Batches": 1,
                      "Peak Memory Usage": 5728,
                      "Plans": [
                        {
                          "Node Type": "Seq Scan",
                          "Parent Relationship": "Outer",
                          "Parallel Aware": true,
                          "Relation Name": "title",
                          "Alias": "t",
                          "Startup Cost": 0.0,
                          "Total Cost": 45479.1,
                          "Plan Rows": 10067,
                          "Plan Width": 4,
                          "Actual Startup Time": 60.891,
                          "Actual Total Time": 97.586,
                          "Actual Rows": 17330,
                          "Actual Loops": 6,
                          "Filter": "((kind_id < 7) AND (production_year < 1926))",
                          "Rows Removed by Filter": 404056
                        }
                      ]
                    }
                  ]
                }
              ]
            }
          ]
        }
      ]
    },
    "Planning Time": 0.618,
    "Triggers": [],
    "Execution Time": 901.79
  }
]