{
  "Plan": {
    "Node Type": "Aggregate",
    "Strategy": "Plain",
    "Partial Mode": "Finalize",
    "Parallel Aware": false,
    "Startup Cost": 90736.63,
    "Total Cost": 90736.64,
    "Plan Rows": 1,
    "Plan Width": 8,
    "Actual Startup Time": 499.905,
    "Actual Total Time": 523.659,
    "Actual Rows": 1,
    "Actual Loops": 1,
    "Plans": [
      {
        "Node Type": "Gather",
        "Parent Relationship": "Outer",
        "Parallel Aware": false,
        "Startup Cost": 90736.52,
        "Total Cost": 90736.63,
        "Plan Rows": 1,
        "Plan Width": 8,
        "Actual Startup Time": 499.897,
        "Actual Total Time": 523.654,
        "Actual Rows": 2,
        "Actual Loops": 1,
        "Workers Planned": 1,
        "Workers Launched": 1,
        "Single Copy": false,
        "Plans": [
          {
            "Node Type": "Aggregate",
            "Strategy": "Plain",
            "Partial Mode": "Partial",
            "Parent Relationship": "Outer",
            "Parallel Aware": false,
            "Startup Cost": 89736.52,
            "Total Cost": 89736.53,
            "Plan Rows": 1,
            "Plan Width": 8,
            "Actual Startup Time": 495.334,
            "Actual Total Time": 495.335,
            "Actual Rows": 1,
            "Actual Loops": 2,
            "Plans": [
              {
                "Node Type": "Nested Loop",
                "Parent Relationship": "Outer",
                "Parallel Aware": false,
                "Join Type": "Inner",
                "Startup Cost": 0.87,
                "Total Cost": 89670.22,
                "Plan Rows": 26519,
                "Plan Width": 0,
                "Actual Startup Time": 1.527,
                "Actual Total Time": 454.876,
                "Actual Rows": 977718,
                "Actual Loops": 2,
                "Inner Unique": false,
                "Join Filter": "(t.id = mi.movie_id)",
                "Rows Removed by Join Filter": 0,
                "Plans": [
                  {
                    "Node Type": "Nested Loop",
                    "Parent Relationship": "Outer",
                    "Parallel Aware": false,
                    "Join Type": "Inner",
                    "Startup Cost": 0.43,
                    "Total Cost": 81116.52,
                    "Plan Rows": 4535,
                    "Plan Width": 8,
                    "Actual Startup Time": 1.423,
                    "Actual Total Time": 148.732,
                    "Actual Rows": 14984,
                    "Actual Loops": 2,
                    "Inner Unique": false,
                    "Plans": [
                      {
                        "Node Type": "Seq Scan",
                        "Parent Relationship": "Outer",
                        "Parallel Aware": true,
                        "Relation Name": "title",
                        "Alias": "t",
                        "Startup Cost": 0.0,
                        "Total Cost": 58306.47,
                        "Plan Rows": 2535,
                        "Plan Width": 4,
                        "Actual Startup Time": 1.305,
                        "Actual Total Time": 124.274,
                        "Actual Rows": 3260,
                        "Actual Loops": 2,
                        "Filter": "((kind_id < 4) AND (production_year = 1980))",
                        "Rows Removed by Filter": 1260896
                      },
                      {
                        "Node Type": "Index Only Scan",
                        "Parent Relationship": "Inner",
                        "Parallel Aware": false,
                        "Scan Direction": "Forward",
                        "Index Name": "movie_id_movie_keyword",
                        "Relation Name": "movie_keyword",
                        "Alias": "mk",
                        "Startup Cost": 0.43,
                        "Total Cost": 8.55,
                        "Plan Rows": 45,
                        "Plan Width": 4,
                        "Actual Startup Time": 0.006,
                        "Actual Total Time": 0.007,
                        "Actual Rows": 5,
                        "Actual Loops": 6521,
                        "Index Cond": "(movie_id = t.id)",
                        "Rows Removed by Index Recheck": 0,
                        "Heap Fetches": 29968
                      }
                    ]
                  },
                  {
                    "Node Type": "Index Only Scan",
                    "Parent Relationship": "Inner",
                    "Parallel Aware": false,
                    "Scan Direction": "Forward",
                    "Index Name": "movie_id_movie_info",
                    "Relation Name": "movie_info",
                    "Alias": "mi",
                    "Startup Cost": 0.43,
                    "Total Cost": 1.36,
                    "Plan Rows": 42,
                    "Plan Width": 4,
                    "Actual Startup Time": 0.003,
                    "Actual Total Time": 0.015,
                    "Actual Rows": 65,
                    "Actual Loops": 29968,
                    "Index Cond": "(movie_id = mk.movie_id)",
                    "Rows Removed by Index Recheck": 0,
                    "Heap Fetches": 1955435
                  }
                ]
              }
            ]
          }
        ]
      }
    ]
  },
  "Planning Time": 0.847,
  "Triggers": [],
  "Execution Time": 523.753
}