[
  {
    "Plan": {
      "Node Type": "Aggregate",
      "Strategy": "Plain",
      "Partial Mode": "Finalize",
      "Parallel Aware": false,
      "Startup Cost": 32359.8,
      "Total Cost": 32359.81,
      "Plan Rows": 1,
      "Plan Width": 8,
      "Actual Startup Time": 105.241,
      "Actual Total Time": 109.889,
      "Actual Rows": 1,
      "Actual Loops": 1,
      "Plans": [
        {
          "Node Type": "Gather",
          "Parent Relationship": "Outer",
          "Parallel Aware": false,
          "Startup Cost": 32359.48,
          "Total Cost": 32359.79,
          "Plan Rows": 3,
          "Plan Width": 8,
          "Actual Startup Time": 105.183,
          "Actual Total Time": 109.883,
          "Actual Rows": 4,
          "Actual Loops": 1,
          "Workers Planned": 3,
          "Workers Launched": 3,
          "Single Copy": false,
          "Plans": [
            {
              "Node Type": "Aggregate",
              "Strategy": "Plain",
              "Partial Mode": "Partial",
              "Parent Relationship": "Outer",
              "Parallel Aware": false,
              "Startup Cost": 31359.48,
              "Total Cost": 31359.49,
              "Plan Rows": 1,
              "Plan Width": 8,
              "Actual Startup Time": 101.063,
              "Actual Total Time": 101.064,
              "Actual Rows": 1,
              "Actual Loops": 4,
              "Plans": [
                {
                  "Node Type": "Seq Scan",
                  "Parent Relationship": "Outer",
                  "Parallel Aware": true,
                  "Relation Name": "movie_companies",
                  "Alias": "mc",
                  "Startup Cost": 0.0,
                  "Total Cost": 29310.68,
                  "Plan Rows": 819521,
                  "Plan Width": 0,
                  "Actual Startup Time": 0.026,
                  "Actual Total Time": 72.685,
                  "Actual Rows": 634684,
                  "Actual Loops": 4,
                  "Filter": "(company_id < 176489)",
                  "Rows Removed by Filter": 17599
                }
              ]
            }
          ]
        }
      ]
    },
    "Planning Time": 0.098,
    "Triggers": [],
    "Execution Time": 109.919
  }
]