[
  {
    "Plan": {
      "Node Type": "Aggregate",
      "Strategy": "Plain",
      "Partial Mode": "Finalize",
      "Parallel Aware": false,
      "Startup Cost": 32355.89,
      "Total Cost": 32355.9,
      "Plan Rows": 1,
      "Plan Width": 8,
      "Actual Startup Time": 157.852,
      "Actual Total Time": 169.012,
      "Actual Rows": 1,
      "Actual Loops": 1,
      "Plans": [
        {
          "Node Type": "Gather",
          "Parent Relationship": "Outer",
          "Parallel Aware": false,
          "Startup Cost": 32355.57,
          "Total Cost": 32355.88,
          "Plan Rows": 3,
          "Plan Width": 8,
          "Actual Startup Time": 157.728,
          "Actual Total Time": 169.004,
          "Actual Rows": 4,
          "Actual Loops": 1,
          "Workers Planned": 3,
          "Workers Launched": 3,
          "Single Copy": false,
          "Plans": [
            {
              "Node Type": "Aggregate",
              "Strategy": "Plain",
              "Partial Mode": "Partial",
              "Parent Relationship": "Outer",
              "Parallel Aware": false,
              "Startup Cost": 31355.57,
              "Total Cost": 31355.58,
              "Plan Rows": 1,
              "Plan Width": 8,
              "Actual Startup Time": 152.089,
              "Actual Total Time": 152.09,
              "Actual Rows": 1,
              "Actual Loops": 4,
              "Plans": [
                {
                  "Node Type": "Seq Scan",
                  "Parent Relationship": "Outer",
                  "Parallel Aware": true,
                  "Relation Name": "movie_companies",
                  "Alias": "mc",
                  "Startup Cost": 0.0,
                  "Total Cost": 29310.68,
                  "Plan Rows": 817956,
                  "Plan Width": 0,
                  "Actual Startup Time": 0.031,
                  "Actual Total Time": 110.117,
                  "Actual Rows": 634684,
                  "Actual Loops": 4,
                  "Filter": "(company_id < 176489)",
                  "Rows Removed by Filter": 17599
                }
              ]
            }
          ]
        }
      ]
    },
    "Planning Time": 0.132,
    "Triggers": [],
    "Execution Time": 169.053
  }
]