[
  {
    "Plan": {
      "Node Type": "Aggregate",
      "Strategy": "Plain",
      "Partial Mode": "Finalize",
      "Parallel Aware": false,
      "Startup Cost": 97451.83,
      "Total Cost": 97451.84,
      "Plan Rows": 1,
      "Plan Width": 8,
      "Actual Startup Time": 492.66,
      "Actual Total Time": 539.369,
      "Actual Rows": 1,
      "Actual Loops": 1,
      "Plans": [
        {
          "Node Type": "Gather",
          "Parent Relationship": "Outer",
          "Parallel Aware": false,
          "Startup Cost": 97451.51,
          "Total Cost": 97451.82,
          "Plan Rows": 3,
          "Plan Width": 8,
          "Actual Startup Time": 487.984,
          "Actual Total Time": 539.36,
          "Actual Rows": 4,
          "Actual Loops": 1,
          "Workers Planned": 3,
          "Workers Launched": 3,
          "Single Copy": false,
          "Plans": [
            {
              "Node Type": "Aggregate",
              "Strategy": "Plain",
              "Partial Mode": "Partial",
              "Parent Relationship": "Outer",
              "Parallel Aware": false,
              "Startup Cost": 96451.51,
              "Total Cost": 96451.52,
              "Plan Rows": 1,
              "Plan Width": 8,
              "Actual Startup Time": 478.18,
              "Actual Total Time": 478.184,
              "Actual Rows": 1,
              "Actual Loops": 4,
              "Plans": [
                {
                  "Node Type": "Nested Loop",
                  "Parent Relationship": "Outer",
                  "Parallel Aware": false,
                  "Join Type": "Inner",
                  "Startup Cost": 48244.74,
                  "Total Cost": 96185.7,
                  "Plan Rows": 106324,
                  "Plan Width": 0,
                  "Actual Startup Time": 192.34,
                  "Actual Total Time": 469.631,
                  "Actual Rows": 154164,
                  "Actual Loops": 4,
                  "Inner Unique": false,
                  "Plans": [
                    {
                      "Node Type": "Hash Join",
                      "Parent Relationship": "Outer",
                      "Parallel Aware": true,
                      "Join Type": "Inner",
                      "Startup Cost": 48244.18,
                      "Total Cost": 72984.38,
                      "Plan Rows": 7420,
                      "Plan Width": 8,
                      "Actual Startup Time": 192.221,
                      "Actual Total Time": 220.782,
                      "Actual Rows": 14612,
                      "Actual Loops": 4,
                      "Inner Unique": true,
                      "Hash Cond": "(mk.movie_id = t.id)",
                      "Plans": [
                        {
                          "Node Type": "Bitmap Heap Scan",
                          "Parent Relationship": "Outer",
                          "Parallel Aware": true,
                          "Relation Name": "movie_keyword",
                          "Alias": "mk",
                          "Startup Cost": 1247.05,
                          "Total Cost": 25937.58,
                          "Plan Rows": 18923,
                          "Plan Width": 4,
                          "Actual Startup Time": 5.178,
                          "Actual Total Time": 20.298,
                          "Actual Rows": 14612,
                          "Actual Loops": 4,
                          "Recheck Cond": "(keyword_id = 16264)",
                          "Rows Removed by Index Recheck": 0,
                          "Exact Heap Blocks": 4590,
                          "Lossy Heap Blocks": 0,
                          "Plans": [
                            {
                              "Node Type": "Bitmap Index Scan",
                              "Parent Relationship": "Outer",
                              "Parallel Aware": false,
                              "Index Name": "keyword_id_movie_keyword",
                              "Startup Cost": 0.0,
                              "Total Cost": 1232.38,
                              "Plan Rows": 58660,
                              "Plan Width": 0,
                              "Actual Startup Time": 3.537,
                              "Actual Total Time": 3.538,
                              "Actual Rows": 58448,
                              "Actual Loops": 1,
                              "Index Cond": "(keyword_id = 16264)"
                            }
                          ]
                        },
                        {
                          "Node Type": "Hash",
                          "Parent Relationship": "Inner",
                          "Parallel Aware": true,
                          "Startup Cost": 43898.92,
                          "Total Cost": 43898.92,
                          "Plan Rows": 247857,
                          "Plan Width": 4,
                          "Actual Startup Time": 182.013,
                          "Actual Total Time": 182.013,
                          "Actual Rows": 246262,
                          "Actual Loops": 4,
                          "Hash Buckets": 1048576,
                          "Original Hash Buckets": 1048576,
                          "Hash Batches": 1,
                          "Original Hash Batches": 1,
                          "Peak Memory Usage": 46816,
                          "Plans": [
                            {
                              "Node Type": "Seq Scan",
                              "Parent Relationship": "Outer",
                              "Parallel Aware": true,
                              "Relation Name": "title",
                              "Alias": "t",
                              "Startup Cost": 0.0,
                              "Total Cost": 43898.92,
                              "Plan Rows": 247857,
                              "Plan Width": 4,
                              "Actual Startup Time": 0.04,
                              "Actual Total Time": 101.48,
                              "Actual Rows": 246262,
                              "Actual Loops": 4,
                              "Filter": "(kind_id < 7)",
                              "Rows Removed by Filter": 385816
                            }
                          ]
                        }
                      ]
                    },
                    {
                      "Node Type": "Index Only Scan",
                      "Parent Relationship": "Inner",
                      "Parallel Aware": false,
                      "Scan Direction": "Forward",
                      "Index Name": "movie_id_cast_info",
                      "Relation Name": "cast_info",
                      "Alias": "ci",
                      "Startup Cost": 0.56,
                      "Total Cost": 2.76,
                      "Plan Rows": 37,
                      "Plan Width": 4,
                      "Actual Startup Time": 0.005,
                      "Actual Total Time": 0.016,
                      "Actual Rows": 11,
                      "Actual Loops": 58448,
                      "Index Cond": "(movie_id = t.id)",
                      "Rows Removed by Index Recheck": 0,
                      "Heap Fetches": 616654
                    }
                  ]
                }
              ]
            }
          ]
        }
      ]
    },
    "Planning Time": 1.362,
    "Triggers": [],
    "Execution Time": 539.493
  }
]