{
  "Plan": {
    "Node Type": "Aggregate",
    "Strategy": "Plain",
    "Partial Mode": "Simple",
    "Parallel Aware": false,
    "Startup Cost": 4855.94,
    "Total Cost": 4855.95,
    "Plan Rows": 1,
    "Plan Width": 8,
    "Actual Startup Time": 4.815,
    "Actual Total Time": 4.817,
    "Actual Rows": 1,
    "Actual Loops": 1,
    "Plans": [
      {
        "Node Type": "Nested Loop",
        "Parent Relationship": "Outer",
        "Parallel Aware": false,
        "Join Type": "Inner",
        "Startup Cost": 1.43,
        "Total Cost": 4855.52,
        "Plan Rows": 165,
        "Plan Width": 0,
        "Actual Startup Time": 2.111,
        "Actual Total Time": 4.768,
        "Actual Rows": 207,
        "Actual Loops": 1,
        "Inner Unique": false,
        "Plans": [
          {
            "Node Type": "Nested Loop",
            "Parent Relationship": "Outer",
            "Parallel Aware": false,
            "Join Type": "Inner",
            "Startup Cost": 0.99,
            "Total Cost": 4670.52,
            "Plan Rows": 92,
            "Plan Width": 8,
            "Actual Startup Time": 0.203,
            "Actual Total Time": 4.194,
            "Actual Rows": 39,
            "Actual Loops": 1,
            "Inner Unique": true,
            "Plans": [
              {
                "Node Type": "Index Scan",
                "Parent Relationship": "Outer",
                "Parallel Aware": false,
                "Scan Direction": "Forward",
                "Index Name": "person_id_cast_info",
                "Relation Name": "cast_info",
                "Alias": "ci",
                "Startup Cost": 0.56,
                "Total Cost": 1059.67,
                "Plan Rows": 433,
                "Plan Width": 4,
                "Actual Startup Time": 0.118,
                "Actual Total Time": 0.494,
                "Actual Rows": 472,
                "Actual Loops": 1,
                "Index Cond": "(person_id = 533698)",
                "Rows Removed by Index Recheck": 0,
                "Filter": "(role_id < 10)",
                "Rows Removed by Filter": 23
              },
              {
                "Node Type": "Index Scan",
                "Parent Relationship": "Inner",
                "Parallel Aware": false,
                "Scan Direction": "Forward",
                "Index Name": "title_pkey",
                "Relation Name": "title",
                "Alias": "t",
                "Startup Cost": 0.43,
                "Total Cost": 8.34,
                "Plan Rows": 1,
                "Plan Width": 4,
                "Actual Startup Time": 0.007,
                "Actual Total Time": 0.007,
                "Actual Rows": 0,
                "Actual Loops": 472,
                "Index Cond": "(id = ci.movie_id)",
                "Rows Removed by Index Recheck": 0,
                "Filter": "(production_year > 2009)",
                "Rows Removed by Filter": 1
              }
            ]
          },
          {
            "Node Type": "Index Only Scan",
            "Parent Relationship": "Inner",
            "Parallel Aware": false,
            "Scan Direction": "Forward",
            "Index Name": "movie_id_movie_keyword",
            "Relation Name": "movie_keyword",
            "Alias": "mk",
            "Startup Cost": 0.43,
            "Total Cost": 1.56,
            "Plan Rows": 45,
            "Plan Width": 4,
            "Actual Startup Time": 0.009,
            "Actual Total Time": 0.012,
            "Actual Rows": 5,
            "Actual Loops": 39,
            "Index Cond": "(movie_id = t.id)",
            "Rows Removed by Index Recheck": 0,
            "Heap Fetches": 207
          }
        ]
      }
    ]
  },
  "Planning Time": 1.031,
  "Triggers": [],
  "Execution Time": 4.888
}