[
  {
    "Plan": {
      "Node Type": "Aggregate",
      "Strategy": "Plain",
      "Partial Mode": "Finalize",
      "Parallel Aware": false,
      "Startup Cost": 332568.01,
      "Total Cost": 332568.02,
      "Plan Rows": 1,
      "Plan Width": 8,
      "Actual Startup Time": 661.716,
      "Actual Total Time": 715.612,
      "Actual Rows": 1,
      "Actual Loops": 1,
      "Plans": [
        {
          "Node Type": "Gather",
          "Parent Relationship": "Outer",
          "Parallel Aware": false,
          "Startup Cost": 332567.39,
          "Total Cost": 332568.0,
          "Plan Rows": 6,
          "Plan Width": 8,
          "Actual Startup Time": 661.539,
          "Actual Total Time": 715.592,
          "Actual Rows": 7,
          "Actual Loops": 1,
          "Workers Planned": 6,
          "Workers Launched": 6,
          "Single Copy": false,
          "Plans": [
            {
              "Node Type": "Aggregate",
              "Strategy": "Plain",
              "Partial Mode": "Partial",
              "Parent Relationship": "Outer",
              "Parallel Aware": false,
              "Startup Cost": 331567.39,
              "Total Cost": 331567.4,
              "Plan Rows": 1,
              "Plan Width": 8,
              "Actual Startup Time": 653.125,
              "Actual Total Time": 653.127,
              "Actual Rows": 1,
              "Actual Loops": 7,
              "Plans": [
                {
                  "Node Type": "Seq Scan",
                  "Parent Relationship": "Outer",
                  "Parallel Aware": true,
                  "Relation Name": "cast_info",
                  "Alias": "ci",
                  "Startup Cost": 0.0,
                  "Total Cost": 328211.39,
                  "Plan Rows": 1342398,
                  "Plan Width": 0,
                  "Actual Startup Time": 347.236,
                  "Actual Total Time": 593.716,
                  "Actual Rows": 1143334,
                  "Actual Loops": 7,
                  "Filter": "(person_id > 2879509)",
                  "Rows Removed by Filter": 4034429
                }
              ]
            }
          ]
        }
      ]
    },
    "Planning Time": 0.211,
    "Triggers": [],
    "Execution Time": 715.7
  }
]