[
  {
    "Plan": {
      "Node Type": "Aggregate",
      "Strategy": "Plain",
      "Partial Mode": "Finalize",
      "Parallel Aware": false,
      "Startup Cost": 347689.36,
      "Total Cost": 347689.37,
      "Plan Rows": 1,
      "Plan Width": 8,
      "Actual Startup Time": 647.724,
      "Actual Total Time": 704.73,
      "Actual Rows": 1,
      "Actual Loops": 1,
      "Plans": [
        {
          "Node Type": "Gather",
          "Parent Relationship": "Outer",
          "Parallel Aware": false,
          "Startup Cost": 347688.74,
          "Total Cost": 347689.35,
          "Plan Rows": 6,
          "Plan Width": 8,
          "Actual Startup Time": 647.589,
          "Actual Total Time": 704.718,
          "Actual Rows": 7,
          "Actual Loops": 1,
          "Workers Planned": 6,
          "Workers Launched": 6,
          "Single Copy": false,
          "Plans": [
            {
              "Node Type": "Aggregate",
              "Strategy": "Plain",
              "Partial Mode": "Partial",
              "Parent Relationship": "Outer",
              "Parallel Aware": false,
              "Startup Cost": 346688.74,
              "Total Cost": 346688.75,
              "Plan Rows": 1,
              "Plan Width": 8,
              "Actual Startup Time": 637.794,
              "Actual Total Time": 637.795,
              "Actual Rows": 1,
              "Actual Loops": 7,
              "Plans": [
                {
                  "Node Type": "Seq Scan",
                  "Parent Relationship": "Outer",
                  "Parallel Aware": true,
                  "Relation Name": "cast_info",
                  "Alias": "ci",
                  "Startup Cost": 0.0,
                  "Total Cost": 343257.03,
                  "Plan Rows": 1372683,
                  "Plan Width": 0,
                  "Actual Startup Time": 267.888,
                  "Actual Total Time": 613.063,
                  "Actual Rows": 607810,
                  "Actual Loops": 7,
                  "Filter": "((person_id > 2147034) AND (role_id < 3))",
                  "Rows Removed by Filter": 4569953
                }
              ]
            }
          ]
        }
      ]
    },
    "Planning Time": 0.222,
    "Triggers": [],
    "Execution Time": 704.806
  }
]