[
  {
    "Plan": {
      "Node Type": "Aggregate",
      "Strategy": "Plain",
      "Partial Mode": "Finalize",
      "Parallel Aware": false,
      "Startup Cost": 32723.18,
      "Total Cost": 32723.19,
      "Plan Rows": 1,
      "Plan Width": 8,
      "Actual Startup Time": 100.138,
      "Actual Total Time": 107.518,
      "Actual Rows": 1,
      "Actual Loops": 1,
      "Plans": [
        {
          "Node Type": "Gather",
          "Parent Relationship": "Outer",
          "Parallel Aware": false,
          "Startup Cost": 32722.87,
          "Total Cost": 32723.18,
          "Plan Rows": 3,
          "Plan Width": 8,
          "Actual Startup Time": 100.054,
          "Actual Total Time": 107.51,
          "Actual Rows": 4,
          "Actual Loops": 1,
          "Workers Planned": 3,
          "Workers Launched": 3,
          "Single Copy": false,
          "Plans": [
            {
              "Node Type": "Aggregate",
              "Strategy": "Plain",
              "Partial Mode": "Partial",
              "Parent Relationship": "Outer",
              "Parallel Aware": false,
              "Startup Cost": 31722.87,
              "Total Cost": 31722.88,
              "Plan Rows": 1,
              "Plan Width": 8,
              "Actual Startup Time": 91.437,
              "Actual Total Time": 91.438,
              "Actual Rows": 1,
              "Actual Loops": 4,
              "Plans": [
                {
                  "Node Type": "Seq Scan",
                  "Parent Relationship": "Outer",
                  "Parallel Aware": true,
                  "Relation Name": "movie_companies",
                  "Alias": "mc",
                  "Startup Cost": 0.0,
                  "Total Cost": 31414.82,
                  "Plan Rows": 123219,
                  "Plan Width": 0,
                  "Actual Startup Time": 47.909,
                  "Actual Total Time": 83.675,
                  "Actual Rows": 177010,
                  "Actual Loops": 4,
                  "Filter": "((company_id > 34425) AND (company_type_id = 2))",
                  "Rows Removed by Filter": 475272
                }
              ]
            }
          ]
        }
      ]
    },
    "Planning Time": 0.196,
    "Triggers": [],
    "Execution Time": 107.57
  }
]