[
  {
    "Plan": {
      "Node Type": "Aggregate",
      "Strategy": "Plain",
      "Partial Mode": "Finalize",
      "Parallel Aware": false,
      "Startup Cost": 387209.85,
      "Total Cost": 387209.86,
      "Plan Rows": 1,
      "Plan Width": 8,
      "Actual Startup Time": 2036.765,
      "Actual Total Time": 2081.275,
      "Actual Rows": 1,
      "Actual Loops": 1,
      "Plans": [
        {
          "Node Type": "Gather",
          "Parent Relationship": "Outer",
          "Parallel Aware": false,
          "Startup Cost": 387209.33,
          "Total Cost": 387209.84,
          "Plan Rows": 5,
          "Plan Width": 8,
          "Actual Startup Time": 2014.369,
          "Actual Total Time": 2081.263,
          "Actual Rows": 6,
          "Actual Loops": 1,
          "Workers Planned": 5,
          "Workers Launched": 5,
          "Single Copy": false,
          "Plans": [
            {
              "Node Type": "Aggregate",
              "Strategy": "Plain",
              "Partial Mode": "Partial",
              "Parent Relationship": "Outer",
              "Parallel Aware": false,
              "Startup Cost": 386209.33,
              "Total Cost": 386209.34,
              "Plan Rows": 1,
              "Plan Width": 8,
              "Actual Startup Time": 1999.9,
              "Actual Total Time": 2000.837,
              "Actual Rows": 1,
              "Actual Loops": 6,
              "Plans": [
                {
                  "Node Type": "Hash Join",
                  "Parent Relationship": "Outer",
                  "Parallel Aware": true,
                  "Join Type": "Inner",
                  "Startup Cost": 173465.71,
                  "Total Cost": 380600.7,
                  "Plan Rows": 2243452,
                  "Plan Width": 0,
                  "Actual Startup Time": 783.475,
                  "Actual Total Time": 1900.171,
                  "Actual Rows": 2419813,
                  "Actual Loops": 6,
                  "Inner Unique": false,
                  "Hash Cond": "(mi.movie_id = t.id)",
                  "Plans": [
                    {
                      "Node Type": "Seq Scan",
                      "Parent Relationship": "Outer",
                      "Parallel Aware": true,
                      "Relation Name": "movie_info",
                      "Alias": "mi",
                      "Startup Cost": 0.0,
                      "Total Cost": 191560.33,
                      "Plan Rows": 2956733,
                      "Plan Width": 4,
                      "Actual Startup Time": 0.065,
                      "Actual Total Time": 301.319,
                      "Actual Rows": 2472620,
                      "Actual Loops": 6
                    },
                    {
                      "Node Type": "Hash",
                      "Parent Relationship": "Inner",
                      "Parallel Aware": true,
                      "Startup Cost": 168669.78,
                      "Total Cost": 168669.78,
                      "Plan Rows": 383674,
                      "Plan Width": 8,
                      "Actual Startup Time": 777.736,
                      "Actual Total Time": 778.672,
                      "Actual Rows": 433972,
                      "Actual Loops": 6,
                      "Hash Buckets": 4194304,
                      "Original Hash Buckets": 2097152,
                      "Hash Batches": 1,
                      "Original Hash Batches": 1,
                      "Peak Memory Usage": 151104,
                      "Plans": [
                        {
                          "Node Type": "Hash Join",
                          "Parent Relationship": "Outer",
                          "Parallel Aware": true,
                          "Join Type": "Inner",
                          "Startup Cost": 48937.3,
                          "Total Cost": 168669.78,
                          "Plan Rows": 383674,
                          "Plan Width": 8,
                          "Actual Startup Time": 179.699,
                          "Actual Total Time": 566.901,
                          "Actual Rows": 433972,
                          "Actual Loops": 6,
                          "Inner Unique": true,
                          "Hash Cond": "(ci.movie_id = t.id)",
                          "Plans": [
                            {
                              "Node Type": "Index Scan",
                              "Parent Relationship": "Outer",
                              "Parallel Aware": true,
                              "Scan Direction": "Forward",
                              "Index Name": "role_id_cast_info",
                              "Relation Name": "cast_info",
                              "Alias": "ci",
                              "Startup Cost": 0.56,
                              "Total Cost": 117431.66,
                              "Plan Rows": 876718,
                              "Plan Width": 4,
                              "Actual Startup Time": 0.173,
                              "Actual Total Time": 131.32,
                              "Actual Rows": 720503,
                              "Actual Loops": 6,
                              "Index Cond": "(role_id = 10)",
                              "Rows Removed by Index Recheck": 0
                            },
                            {
                              "Node Type": "Hash",
                              "Parent Relationship": "Inner",
                              "Parallel Aware": true,
                              "Startup Cost": 45479.1,
                              "Total Cost": 45479.1,
                              "Plan Rows": 276611,
                              "Plan Width": 4,
                              "Actual Startup Time": 176.879,
                              "Actual Total Time": 176.88,
                              "Actual Rows": 200182,
                              "Actual Loops": 6,
                              "Hash Buckets": 2097152,
                              "Original Hash Buckets": 2097152,
                              "Hash Batches": 1,
                              "Original Hash Batches": 1,
                              "Peak Memory Usage": 63456,
                              "Plans": [
                                {
                                  "Node Type": "Seq Scan",
                                  "Parent Relationship": "Outer",
                                  "Parallel Aware": true,
                                  "Relation Name": "title",
                                  "Alias": "t",
                                  "Startup Cost": 0.0,
                                  "Total Cost": 45479.1,
                                  "Plan Rows": 276611,
                                  "Plan Width": 4,
                                  "Actual Startup Time": 0.042,
                                  "Actual Total Time": 85.594,
                                  "Actual Rows": 200182,
                                  "Actual Loops": 6,
                                  "Filter": "((production_year > 1987) AND (kind_id = 7))",
                                  "Rows Removed by Filter": 221204
                                }
                              ]
                            }
                          ]
                        }
                      ]
                    }
                  ]
                }
              ]
            }
          ]
        }
      ]
    },
    "Planning Time": 1.325,
    "Triggers": [],
    "Execution Time": 2081.371
  }
]