{
  "Plan": {
    "Node Type": "Aggregate",
    "Strategy": "Plain",
    "Partial Mode": "Finalize",
    "Parallel Aware": false,
    "Startup Cost": 103853.88,
    "Total Cost": 103853.89,
    "Plan Rows": 1,
    "Plan Width": 8,
    "Actual Startup Time": 441.508,
    "Actual Total Time": 455.892,
    "Actual Rows": 1,
    "Actual Loops": 1,
    "Plans": [
      {
        "Node Type": "Gather",
        "Parent Relationship": "Outer",
        "Parallel Aware": false,
        "Startup Cost": 103853.76,
        "Total Cost": 103853.87,
        "Plan Rows": 1,
        "Plan Width": 8,
        "Actual Startup Time": 440.903,
        "Actual Total Time": 455.885,
        "Actual Rows": 2,
        "Actual Loops": 1,
        "Workers Planned": 1,
        "Workers Launched": 1,
        "Single Copy": false,
        "Plans": [
          {
            "Node Type": "Aggregate",
            "Strategy": "Plain",
            "Partial Mode": "Partial",
            "Parent Relationship": "Outer",
            "Parallel Aware": false,
            "Startup Cost": 102853.76,
            "Total Cost": 102853.77,
            "Plan Rows": 1,
            "Plan Width": 8,
            "Actual Startup Time": 434.469,
            "Actual Total Time": 434.474,
            "Actual Rows": 1,
            "Actual Loops": 2,
            "Plans": [
              {
                "Node Type": "Hash Join",
                "Parent Relationship": "Outer",
                "Parallel Aware": true,
                "Join Type": "Inner",
                "Startup Cost": 83497.7,
                "Total Cost": 102776.51,
                "Plan Rows": 30900,
                "Plan Width": 0,
                "Actual Startup Time": 386.969,
                "Actual Total Time": 431.798,
                "Actual Rows": 66045,
                "Actual Loops": 2,
                "Inner Unique": false,
                "Hash Cond": "(mi_idx.movie_id = t.id)",
                "Plans": [
                  {
                    "Node Type": "Seq Scan",
                    "Parent Relationship": "Outer",
                    "Parallel Aware": true,
                    "Relation Name": "movie_info_idx",
                    "Alias": "mi_idx",
                    "Startup Cost": 0.0,
                    "Total Cost": 16052.85,
                    "Plan Rows": 811785,
                    "Plan Width": 4,
                    "Actual Startup Time": 0.023,
                    "Actual Total Time": 46.042,
                    "Actual Rows": 690018,
                    "Actual Loops": 2
                  },
                  {
                    "Node Type": "Hash",
                    "Parent Relationship": "Inner",
                    "Parallel Aware": true,
                    "Startup Cost": 82790.06,
                    "Total Cost": 82790.06,
                    "Plan Rows": 56611,
                    "Plan Width": 8,
                    "Actual Startup Time": 319.422,
                    "Actual Total Time": 319.426,
                    "Actual Rows": 45601,
                    "Actual Loops": 2,
                    "Hash Buckets": 131072,
                    "Original Hash Buckets": 131072,
                    "Hash Batches": 1,
                    "Original Hash Batches": 1,
                    "Peak Memory Usage": 4640,
                    "Plans": [
                      {
                        "Node Type": "Hash Join",
                        "Parent Relationship": "Outer",
                        "Parallel Aware": true,
                        "Join Type": "Inner",
                        "Startup Cost": 22291.54,
                        "Total Cost": 82790.06,
                        "Plan Rows": 56611,
                        "Plan Width": 8,
                        "Actual Startup Time": 214.738,
                        "Actual Total Time": 309.437,
                        "Actual Rows": 45601,
                        "Actual Loops": 2,
                        "Inner Unique": false,
                        "Hash Cond": "(t.id = mc.movie_id)",
                        "Plans": [
                          {
                            "Node Type": "Seq Scan",
                            "Parent Relationship": "Outer",
                            "Parallel Aware": true,
                            "Relation Name": "title",
                            "Alias": "t",
                            "Startup Cost": 0.0,
                            "Total Cost": 50870.31,
                            "Plan Rows": 1487231,
                            "Plan Width": 4,
                            "Actual Startup Time": 0.012,
                            "Actual Total Time": 112.917,
                            "Actual Rows": 1264156,
                            "Actual Loops": 2
                          },
                          {
                            "Node Type": "Hash",
                            "Parent Relationship": "Inner",
                            "Parallel Aware": true,
                            "Startup Cost": 21583.91,
                            "Total Cost": 21583.91,
                            "Plan Rows": 56611,
                            "Plan Width": 4,
                            "Actual Startup Time": 43.179,
                            "Actual Total Time": 43.18,
                            "Actual Rows": 45601,
                            "Actual Loops": 2,
                            "Hash Buckets": 131072,
                            "Original Hash Buckets": 131072,
                            "Hash Batches": 1,
                            "Original Hash Batches": 1,
                            "Peak Memory Usage": 4608,
                            "Plans": [
                              {
                                "Node Type": "Bitmap Heap Scan",
                                "Parent Relationship": "Outer",
                                "Parallel Aware": true,
                                "Relation Name": "movie_companies",
                                "Alias": "mc",
                                "Startup Cost": 2086.27,
                                "Total Cost": 21583.91,
                                "Plan Rows": 56611,
                                "Plan Width": 4,
                                "Actual Startup Time": 9.17,
                                "Actual Total Time": 30.031,
                                "Actual Rows": 45601,
                                "Actual Loops": 2,
                                "Recheck Cond": "(company_id > 162927)",
                                "Rows Removed by Index Recheck": 0,
                                "Exact Heap Blocks": 2341,
                                "Lossy Heap Blocks": 0,
                                "Plans": [
                                  {
                                    "Node Type": "Bitmap Index Scan",
                                    "Parent Relationship": "Outer",
                                    "Parallel Aware": false,
                                    "Index Name": "company_id_movie_companies",
                                    "Startup Cost": 0.0,
                                    "Total Cost": 2062.21,
                                    "Plan Rows": 96238,
                                    "Plan Width": 0,
                                    "Actual Startup Time": 10.548,
                                    "Actual Total Time": 10.548,
                                    "Actual Rows": 91202,
                                    "Actual Loops": 1,
                                    "Index Cond": "(company_id > 162927)"
                                  }
                                ]
                              }
                            ]
                          }
                        ]
                      }
                    ]
                  }
                ]
              }
            ]
          }
        ]
      }
    ]
  },
  "Planning Time": 1.042,
  "Triggers": [],
  "Execution Time": 455.994
}