[
    {
        "Bao": {
            "Bao prediction": "NaN",
            "Bao recommended hint": "(no hint)"
        }
    },
    {
        "Plan": {
            "Node Type": "Aggregate",
            "Strategy": "Plain",
            "Partial Mode": "Finalize",
            "Parallel Aware": false,
            "Startup Cost": 209836.34,
            "Total Cost": 209836.35,
            "Plan Rows": 1,
            "Plan Width": 8,
            "Actual Startup Time": 151.968,
            "Actual Total Time": 173.512,
            "Actual Rows": 1,
            "Actual Loops": 1,
            "Output": [
                "count(*)"
            ],
            "Plans": [
                {
                    "Node Type": "Gather",
                    "Parent Relationship": "Outer",
                    "Parallel Aware": false,
                    "Startup Cost": 209835.92,
                    "Total Cost": 209836.33,
                    "Plan Rows": 4,
                    "Plan Width": 8,
                    "Actual Startup Time": 151.808,
                    "Actual Total Time": 173.504,
                    "Actual Rows": 5,
                    "Actual Loops": 1,
                    "Output": [
                        "(PARTIAL count(*))"
                    ],
                    "Workers Planned": 4,
                    "Workers Launched": 4,
                    "Single Copy": false,
                    "Plans": [
                        {
                            "Node Type": "Aggregate",
                            "Strategy": "Plain",
                            "Partial Mode": "Partial",
                            "Parent Relationship": "Outer",
                            "Parallel Aware": false,
                            "Startup Cost": 208835.92,
                            "Total Cost": 208835.93,
                            "Plan Rows": 1,
                            "Plan Width": 8,
                            "Actual Startup Time": 142.027,
                            "Actual Total Time": 142.028,
                            "Actual Rows": 1,
                            "Actual Loops": 5,
                            "Output": [
                                "PARTIAL count(*)"
                            ],
                            "Workers": [
                                {
                                    "Worker Number": 0,
                                    "Actual Startup Time": 139.031,
                                    "Actual Total Time": 139.032,
                                    "Actual Rows": 1,
                                    "Actual Loops": 1
                                },
                                {
                                    "Worker Number": 1,
                                    "Actual Startup Time": 139.542,
                                    "Actual Total Time": 139.544,
                                    "Actual Rows": 1,
                                    "Actual Loops": 1
                                },
                                {
                                    "Worker Number": 2,
                                    "Actual Startup Time": 139.879,
                                    "Actual Total Time": 139.881,
                                    "Actual Rows": 1,
                                    "Actual Loops": 1
                                },
                                {
                                    "Worker Number": 3,
                                    "Actual Startup Time": 140.38,
                                    "Actual Total Time": 140.381,
                                    "Actual Rows": 1,
                                    "Actual Loops": 1
                                }
                            ],
                            "Plans": [
                                {
                                    "Node Type": "Nested Loop",
                                    "Parent Relationship": "Outer",
                                    "Parallel Aware": false,
                                    "Join Type": "Inner",
                                    "Startup Cost": 0.56,
                                    "Total Cost": 208812.23,
                                    "Plan Rows": 9475,
                                    "Plan Width": 0,
                                    "Actual Startup Time": 2.241,
                                    "Actual Total Time": 141.408,
                                    "Actual Rows": 5971,
                                    "Actual Loops": 5,
                                    "Inner Unique": false,
                                    "Workers": [
                                        {
                                            "Worker Number": 0,
                                            "Actual Startup Time": 4.9,
                                            "Actual Total Time": 138.435,
                                            "Actual Rows": 3565,
                                            "Actual Loops": 1
                                        },
                                        {
                                            "Worker Number": 1,
                                            "Actual Startup Time": 2.67,
                                            "Actual Total Time": 138.914,
                                            "Actual Rows": 3802,
                                            "Actual Loops": 1
                                        },
                                        {
                                            "Worker Number": 2,
                                            "Actual Startup Time": 1.145,
                                            "Actual Total Time": 139.307,
                                            "Actual Rows": 5723,
                                            "Actual Loops": 1
                                        },
                                        {
                                            "Worker Number": 3,
                                            "Actual Startup Time": 1.908,
                                            "Actual Total Time": 139.759,
                                            "Actual Rows": 3836,
                                            "Actual Loops": 1
                                        }
                                    ],
                                    "Plans": [
                                        {
                                            "Node Type": "Seq Scan",
                                            "Parent Relationship": "Outer",
                                            "Parallel Aware": true,
                                            "Relation Name": "title",
                                            "Schema": "public",
                                            "Alias": "t",
                                            "Startup Cost": 0.0,
                                            "Total Cost": 43899.01,
                                            "Plan Rows": 1496,
                                            "Plan Width": 4,
                                            "Actual Startup Time": 0.669,
                                            "Actual Total Time": 71.857,
                                            "Actual Rows": 1440,
                                            "Actual Loops": 5,
                                            "Output": [
                                                "t.id",
                                                "t.title",
                                                "t.imdb_index",
                                                "t.kind_id",
                                                "t.production_year",
                                                "t.imdb_id",
                                                "t.phonetic_code",
                                                "t.episode_of_id",
                                                "t.season_nr",
                                                "t.episode_nr",
                                                "t.series_years",
                                                "t.md5sum"
                                            ],
                                            "Filter": "(t.production_year = 1954)",
                                            "Rows Removed by Filter": 504223,
                                            "Workers": [
                                                {
                                                    "Worker Number": 0,
                                                    "Actual Startup Time": 0.546,
                                                    "Actual Total Time": 65.916,
                                                    "Actual Rows": 838,
                                                    "Actual Loops": 1
                                                },
                                                {
                                                    "Worker Number": 1,
                                                    "Actual Startup Time": 0.56,
                                                    "Actual Total Time": 65.314,
                                                    "Actual Rows": 914,
                                                    "Actual Loops": 1
                                                },
                                                {
                                                    "Worker Number": 2,
                                                    "Actual Startup Time": 0.865,
                                                    "Actual Total Time": 63.879,
                                                    "Actual Rows": 1402,
                                                    "Actual Loops": 1
                                                },
                                                {
                                                    "Worker Number": 3,
                                                    "Actual Startup Time": 0.861,
                                                    "Actual Total Time": 63.127,
                                                    "Actual Rows": 950,
                                                    "Actual Loops": 1
                                                }
                                            ]
                                        },
                                        {
                                            "Node Type": "Index Scan",
                                            "Parent Relationship": "Inner",
                                            "Parallel Aware": false,
                                            "Scan Direction": "Forward",
                                            "Index Name": "movie_id_cast_info",
                                            "Relation Name": "cast_info",
                                            "Schema": "public",
                                            "Alias": "ci",
                                            "Startup Cost": 0.56,
                                            "Total Cost": 110.07,
                                            "Plan Rows": 17,
                                            "Plan Width": 4,
                                            "Actual Startup Time": 0.037,
                                            "Actual Total Time": 0.047,
                                            "Actual Rows": 4,
                                            "Actual Loops": 7199,
                                            "Output": [
                                                "ci.id",
                                                "ci.person_id",
                                                "ci.movie_id",
                                                "ci.person_role_id",
                                                "ci.note",
                                                "ci.nr_order",
                                                "ci.role_id"
                                            ],
                                            "Index Cond": "(ci.movie_id = t.id)",
                                            "Rows Removed by Index Recheck": 0,
                                            "Filter": "(ci.role_id > 2)",
                                            "Rows Removed by Filter": 8,
                                            "Workers": [
                                                {
                                                    "Worker Number": 0,
                                                    "Actual Startup Time": 0.065,
                                                    "Actual Total Time": 0.085,
                                                    "Actual Rows": 4,
                                                    "Actual Loops": 838
                                                },
                                                {
                                                    "Worker Number": 1,
                                                    "Actual Startup Time": 0.061,
                                                    "Actual Total Time": 0.079,
                                                    "Actual Rows": 4,
                                                    "Actual Loops": 914
                                                },
                                                {
                                                    "Worker Number": 2,
                                                    "Actual Startup Time": 0.041,
                                                    "Actual Total Time": 0.053,
                                                    "Actual Rows": 4,
                                                    "Actual Loops": 1402
                                                },
                                                {
                                                    "Worker Number": 3,
                                                    "Actual Startup Time": 0.062,
                                                    "Actual Total Time": 0.079,
                                                    "Actual Rows": 4,
                                                    "Actual Loops": 950
                                                }
                                            ]
                                        }
                                    ]
                                }
                            ]
                        }
                    ]
                }
            ]
        },
        "Planning Time": 200.617,
        "Triggers": [],
        "Execution Time": 173.593
    }
]