[
  {
    "Plan": {
      "Node Type": "Aggregate",
      "Strategy": "Plain",
      "Partial Mode": "Finalize",
      "Parallel Aware": false,
      "Startup Cost": 31790.55,
      "Total Cost": 31790.56,
      "Plan Rows": 1,
      "Plan Width": 8,
      "Actual Startup Time": 106.518,
      "Actual Total Time": 114.219,
      "Actual Rows": 1,
      "Actual Loops": 1,
      "Plans": [
        {
          "Node Type": "Gather",
          "Parent Relationship": "Outer",
          "Parallel Aware": false,
          "Startup Cost": 31790.23,
          "Total Cost": 31790.54,
          "Plan Rows": 3,
          "Plan Width": 8,
          "Actual Startup Time": 106.39,
          "Actual Total Time": 114.212,
          "Actual Rows": 4,
          "Actual Loops": 1,
          "Workers Planned": 3,
          "Workers Launched": 3,
          "Single Copy": false,
          "Plans": [
            {
              "Node Type": "Aggregate",
              "Strategy": "Plain",
              "Partial Mode": "Partial",
              "Parent Relationship": "Outer",
              "Parallel Aware": false,
              "Startup Cost": 30790.23,
              "Total Cost": 30790.24,
              "Plan Rows": 1,
              "Plan Width": 8,
              "Actual Startup Time": 101.014,
              "Actual Total Time": 101.015,
              "Actual Rows": 1,
              "Actual Loops": 4,
              "Plans": [
                {
                  "Node Type": "Seq Scan",
                  "Parent Relationship": "Outer",
                  "Parallel Aware": true,
                  "Relation Name": "movie_companies",
                  "Alias": "mc",
                  "Startup Cost": 0.0,
                  "Total Cost": 29310.68,
                  "Plan Rows": 591820,
                  "Plan Width": 0,
                  "Actual Startup Time": 0.032,
                  "Actual Total Time": 78.358,
                  "Actual Rows": 454768,
                  "Actual Loops": 4,
                  "Filter": "(company_id < 31716)",
                  "Rows Removed by Filter": 197514
                }
              ]
            }
          ]
        }
      ]
    },
    "Planning Time": 0.154,
    "Triggers": [],
    "Execution Time": 114.268
  }
]