[
  {
    "Plan": {
      "Node Type": "Aggregate",
      "Strategy": "Plain",
      "Partial Mode": "Finalize",
      "Parallel Aware": false,
      "Startup Cost": 78914.99,
      "Total Cost": 78915.0,
      "Plan Rows": 1,
      "Plan Width": 8,
      "Actual Startup Time": 202.294,
      "Actual Total Time": 219.245,
      "Actual Rows": 1,
      "Actual Loops": 1,
      "Plans": [
        {
          "Node Type": "Gather",
          "Parent Relationship": "Outer",
          "Parallel Aware": false,
          "Startup Cost": 78914.57,
          "Total Cost": 78914.98,
          "Plan Rows": 4,
          "Plan Width": 8,
          "Actual Startup Time": 201.158,
          "Actual Total Time": 219.235,
          "Actual Rows": 5,
          "Actual Loops": 1,
          "Workers Planned": 4,
          "Workers Launched": 4,
          "Single Copy": false,
          "Plans": [
            {
              "Node Type": "Aggregate",
              "Strategy": "Plain",
              "Partial Mode": "Partial",
              "Parent Relationship": "Outer",
              "Parallel Aware": false,
              "Startup Cost": 77914.57,
              "Total Cost": 77914.58,
              "Plan Rows": 1,
              "Plan Width": 8,
              "Actual Startup Time": 191.884,
              "Actual Total Time": 191.887,
              "Actual Rows": 1,
              "Actual Loops": 5,
              "Plans": [
                {
                  "Node Type": "Hash Join",
                  "Parent Relationship": "Outer",
                  "Parallel Aware": true,
                  "Join Type": "Inner",
                  "Startup Cost": 32914.48,
                  "Total Cost": 77845.26,
                  "Plan Rows": 27726,
                  "Plan Width": 0,
                  "Actual Startup Time": 86.507,
                  "Actual Total Time": 191.045,
                  "Actual Rows": 12534,
                  "Actual Loops": 5,
                  "Inner Unique": false,
                  "Hash Cond": "(t.id = mc.movie_id)",
                  "Plans": [
                    {
                      "Node Type": "Seq Scan",
                      "Parent Relationship": "Outer",
                      "Parallel Aware": true,
                      "Relation Name": "title",
                      "Alias": "t",
                      "Startup Cost": 0.0,
                      "Total Cost": 43898.92,
                      "Plan Rows": 188484,
                      "Plan Width": 4,
                      "Actual Startup Time": 0.015,
                      "Actual Total Time": 73.153,
                      "Actual Rows": 150735,
                      "Actual Loops": 5,
                      "Filter": "(kind_id < 3)",
                      "Rows Removed by Filter": 354927
                    },
                    {
                      "Node Type": "Hash",
                      "Parent Relationship": "Inner",
                      "Parallel Aware": true,
                      "Startup Cost": 31414.82,
                      "Total Cost": 31414.82,
                      "Plan Rows": 119973,
                      "Plan Width": 4,
                      "Actual Startup Time": 83.33,
                      "Actual Total Time": 83.331,
                      "Actual Rows": 42088,
                      "Actual Loops": 5,
                      "Hash Buckets": 524288,
                      "Original Hash Buckets": 524288,
                      "Hash Batches": 1,
                      "Original Hash Batches": 1,
                      "Peak Memory Usage": 12416,
                      "Plans": [
                        {
                          "Node Type": "Seq Scan",
                          "Parent Relationship": "Outer",
                          "Parallel Aware": true,
                          "Relation Name": "movie_companies",
                          "Alias": "mc",
                          "Startup Cost": 0.0,
                          "Total Cost": 31414.82,
                          "Plan Rows": 119973,
                          "Plan Width": 4,
                          "Actual Startup Time": 43.014,
                          "Actual Total Time": 68.877,
                          "Actual Rows": 42088,
                          "Actual Loops": 5,
                          "Filter": "((company_id < 1427) AND (company_type_id = 2))",
                          "Rows Removed by Filter": 479737
                        }
                      ]
                    }
                  ]
                }
              ]
            }
          ]
        }
      ]
    },
    "Planning Time": 0.656,
    "Triggers": [],
    "Execution Time": 219.318
  }
]