[
    {
        "Bao": {
            "Bao prediction": "NaN",
            "Bao recommended hint": "(no hint)"
        }
    },
    {
        "Plan": {
            "Node Type": "Aggregate",
            "Strategy": "Plain",
            "Partial Mode": "Finalize",
            "Parallel Aware": false,
            "Startup Cost": 78896.97,
            "Total Cost": 78896.98,
            "Plan Rows": 1,
            "Plan Width": 8,
            "Actual Startup Time": 217.721,
            "Actual Total Time": 227.571,
            "Actual Rows": 1,
            "Actual Loops": 1,
            "Output": [
                "count(*)"
            ],
            "Plans": [
                {
                    "Node Type": "Gather",
                    "Parent Relationship": "Outer",
                    "Parallel Aware": false,
                    "Startup Cost": 78896.65,
                    "Total Cost": 78896.96,
                    "Plan Rows": 3,
                    "Plan Width": 8,
                    "Actual Startup Time": 217.287,
                    "Actual Total Time": 227.561,
                    "Actual Rows": 4,
                    "Actual Loops": 1,
                    "Output": [
                        "(PARTIAL count(*))"
                    ],
                    "Workers Planned": 3,
                    "Workers Launched": 3,
                    "Single Copy": false,
                    "Plans": [
                        {
                            "Node Type": "Aggregate",
                            "Strategy": "Plain",
                            "Partial Mode": "Partial",
                            "Parent Relationship": "Outer",
                            "Parallel Aware": false,
                            "Startup Cost": 77896.65,
                            "Total Cost": 77896.66,
                            "Plan Rows": 1,
                            "Plan Width": 8,
                            "Actual Startup Time": 209.056,
                            "Actual Total Time": 209.059,
                            "Actual Rows": 1,
                            "Actual Loops": 4,
                            "Output": [
                                "PARTIAL count(*)"
                            ],
                            "Workers": [
                                {
                                    "Worker Number": 0,
                                    "Actual Startup Time": 206.738,
                                    "Actual Total Time": 206.741,
                                    "Actual Rows": 1,
                                    "Actual Loops": 1
                                },
                                {
                                    "Worker Number": 1,
                                    "Actual Startup Time": 206.72,
                                    "Actual Total Time": 206.723,
                                    "Actual Rows": 1,
                                    "Actual Loops": 1
                                },
                                {
                                    "Worker Number": 2,
                                    "Actual Startup Time": 206.591,
                                    "Actual Total Time": 206.594,
                                    "Actual Rows": 1,
                                    "Actual Loops": 1
                                }
                            ],
                            "Plans": [
                                {
                                    "Node Type": "Hash Join",
                                    "Parent Relationship": "Outer",
                                    "Parallel Aware": true,
                                    "Join Type": "Inner",
                                    "Startup Cost": 45653.42,
                                    "Total Cost": 77879.61,
                                    "Plan Rows": 6815,
                                    "Plan Width": 0,
                                    "Actual Startup Time": 142.575,
                                    "Actual Total Time": 208.741,
                                    "Actual Rows": 3787,
                                    "Actual Loops": 4,
                                    "Inner Unique": true,
                                    "Hash Cond": "(mc.movie_id = t.id)",
                                    "Workers": [
                                        {
                                            "Worker Number": 0,
                                            "Actual Startup Time": 140.27,
                                            "Actual Total Time": 206.397,
                                            "Actual Rows": 3300,
                                            "Actual Loops": 1
                                        },
                                        {
                                            "Worker Number": 1,
                                            "Actual Startup Time": 140.184,
                                            "Actual Total Time": 206.421,
                                            "Actual Rows": 4802,
                                            "Actual Loops": 1
                                        },
                                        {
                                            "Worker Number": 2,
                                            "Actual Startup Time": 140.028,
                                            "Actual Total Time": 206.246,
                                            "Actual Rows": 3142,
                                            "Actual Loops": 1
                                        }
                                    ],
                                    "Plans": [
                                        {
                                            "Node Type": "Seq Scan",
                                            "Parent Relationship": "Outer",
                                            "Parallel Aware": true,
                                            "Relation Name": "movie_companies",
                                            "Schema": "public",
                                            "Alias": "mc",
                                            "Startup Cost": 0.0,
                                            "Total Cost": 31414.82,
                                            "Plan Rows": 309096,
                                            "Plan Width": 4,
                                            "Actual Startup Time": 35.558,
                                            "Actual Total Time": 78.411,
                                            "Actual Rows": 162069,
                                            "Actual Loops": 4,
                                            "Output": [
                                                "mc.id",
                                                "mc.movie_id",
                                                "mc.company_id",
                                                "mc.company_type_id",
                                                "mc.note"
                                            ],
                                            "Filter": "((mc.company_id < 40544) AND (mc.company_type_id > 1))",
                                            "Rows Removed by Filter": 490214,
                                            "Workers": [
                                                {
                                                    "Worker Number": 0,
                                                    "Actual Startup Time": 35.482,
                                                    "Actual Total Time": 78.234,
                                                    "Actual Rows": 139129,
                                                    "Actual Loops": 1
                                                },
                                                {
                                                    "Worker Number": 1,
                                                    "Actual Startup Time": 35.501,
                                                    "Actual Total Time": 77.681,
                                                    "Actual Rows": 211989,
                                                    "Actual Loops": 1
                                                },
                                                {
                                                    "Worker Number": 2,
                                                    "Actual Startup Time": 35.6,
                                                    "Actual Total Time": 78.807,
                                                    "Actual Rows": 136132,
                                                    "Actual Loops": 1
                                                }
                                            ]
                                        },
                                        {
                                            "Node Type": "Hash",
                                            "Parent Relationship": "Inner",
                                            "Parallel Aware": true,
                                            "Startup Cost": 45479.21,
                                            "Total Cost": 45479.21,
                                            "Plan Rows": 13937,
                                            "Plan Width": 4,
                                            "Actual Startup Time": 106.057,
                                            "Actual Total Time": 106.058,
                                            "Actual Rows": 12269,
                                            "Actual Loops": 4,
                                            "Output": [
                                                "t.id"
                                            ],
                                            "Hash Buckets": 65536,
                                            "Original Hash Buckets": 65536,
                                            "Hash Batches": 1,
                                            "Original Hash Batches": 1,
                                            "Peak Memory Usage": 2496,
                                            "Workers": [
                                                {
                                                    "Worker Number": 0,
                                                    "Actual Startup Time": 103.775,
                                                    "Actual Total Time": 103.775,
                                                    "Actual Rows": 10083,
                                                    "Actual Loops": 1
                                                },
                                                {
                                                    "Worker Number": 1,
                                                    "Actual Startup Time": 103.743,
                                                    "Actual Total Time": 103.745,
                                                    "Actual Rows": 14452,
                                                    "Actual Loops": 1
                                                },
                                                {
                                                    "Worker Number": 2,
                                                    "Actual Startup Time": 103.529,
                                                    "Actual Total Time": 103.53,
                                                    "Actual Rows": 9845,
                                                    "Actual Loops": 1
                                                }
                                            ],
                                            "Plans": [
                                                {
                                                    "Node Type": "Seq Scan",
                                                    "Parent Relationship": "Outer",
                                                    "Parallel Aware": true,
                                                    "Relation Name": "title",
                                                    "Schema": "public",
                                                    "Alias": "t",
                                                    "Startup Cost": 0.0,
                                                    "Total Cost": 45479.21,
                                                    "Plan Rows": 13937,
                                                    "Plan Width": 4,
                                                    "Actual Startup Time": 0.224,
                                                    "Actual Total Time": 100.541,
                                                    "Actual Rows": 12269,
                                                    "Actual Loops": 4,
                                                    "Output": [
                                                        "t.id"
                                                    ],
                                                    "Filter": "((t.kind_id < 7) AND (t.production_year = 2010))",
                                                    "Rows Removed by Filter": 619809,
                                                    "Workers": [
                                                        {
                                                            "Worker Number": 0,
                                                            "Actual Startup Time": 0.292,
                                                            "Actual Total Time": 98.285,
                                                            "Actual Rows": 10083,
                                                            "Actual Loops": 1
                                                        },
                                                        {
                                                            "Worker Number": 1,
                                                            "Actual Startup Time": 0.421,
                                                            "Actual Total Time": 98.029,
                                                            "Actual Rows": 14452,
                                                            "Actual Loops": 1
                                                        },
                                                        {
                                                            "Worker Number": 2,
                                                            "Actual Startup Time": 0.122,
                                                            "Actual Total Time": 98.502,
                                                            "Actual Rows": 9845,
                                                            "Actual Loops": 1
                                                        }
                                                    ]
                                                }
                                            ]
                                        }
                                    ]
                                }
                            ]
                        }
                    ]
                }
            ]
        },
        "Planning Time": 375.726,
        "Triggers": [],
        "Execution Time": 227.631
    }
]