[
    {
        "Bao": {
            "Bao prediction": "NaN",
            "Bao recommended hint": "(no hint)"
        }
    },
    {
        "Plan": {
            "Node Type": "Aggregate",
            "Strategy": "Plain",
            "Partial Mode": "Finalize",
            "Parallel Aware": false,
            "Startup Cost": 28963.66,
            "Total Cost": 28963.67,
            "Plan Rows": 1,
            "Plan Width": 8,
            "Actual Startup Time": 74.511,
            "Actual Total Time": 81.458,
            "Actual Rows": 1,
            "Actual Loops": 1,
            "Output": [
                "count(*)"
            ],
            "Plans": [
                {
                    "Node Type": "Gather",
                    "Parent Relationship": "Outer",
                    "Parallel Aware": false,
                    "Startup Cost": 28963.34,
                    "Total Cost": 28963.65,
                    "Plan Rows": 3,
                    "Plan Width": 8,
                    "Actual Startup Time": 74.21,
                    "Actual Total Time": 81.451,
                    "Actual Rows": 4,
                    "Actual Loops": 1,
                    "Output": [
                        "(PARTIAL count(*))"
                    ],
                    "Workers Planned": 3,
                    "Workers Launched": 3,
                    "Single Copy": false,
                    "Plans": [
                        {
                            "Node Type": "Aggregate",
                            "Strategy": "Plain",
                            "Partial Mode": "Partial",
                            "Parent Relationship": "Outer",
                            "Parallel Aware": false,
                            "Startup Cost": 27963.34,
                            "Total Cost": 27963.35,
                            "Plan Rows": 1,
                            "Plan Width": 8,
                            "Actual Startup Time": 65.585,
                            "Actual Total Time": 65.586,
                            "Actual Rows": 1,
                            "Actual Loops": 4,
                            "Output": [
                                "PARTIAL count(*)"
                            ],
                            "Workers": [
                                {
                                    "Worker Number": 0,
                                    "Actual Startup Time": 62.22,
                                    "Actual Total Time": 62.221,
                                    "Actual Rows": 1,
                                    "Actual Loops": 1
                                },
                                {
                                    "Worker Number": 1,
                                    "Actual Startup Time": 63.085,
                                    "Actual Total Time": 63.086,
                                    "Actual Rows": 1,
                                    "Actual Loops": 1
                                },
                                {
                                    "Worker Number": 2,
                                    "Actual Startup Time": 63.21,
                                    "Actual Total Time": 63.212,
                                    "Actual Rows": 1,
                                    "Actual Loops": 1
                                }
                            ],
                            "Plans": [
                                {
                                    "Node Type": "Bitmap Heap Scan",
                                    "Parent Relationship": "Outer",
                                    "Parallel Aware": true,
                                    "Relation Name": "movie_companies",
                                    "Schema": "public",
                                    "Alias": "mc",
                                    "Startup Cost": 7380.07,
                                    "Total Cost": 27827.9,
                                    "Plan Rows": 54175,
                                    "Plan Width": 0,
                                    "Actual Startup Time": 10.584,
                                    "Actual Total Time": 60.654,
                                    "Actual Rows": 66276,
                                    "Actual Loops": 4,
                                    "Recheck Cond": "(mc.company_id < 166)",
                                    "Rows Removed by Index Recheck": 0,
                                    "Filter": "(mc.company_type_id = 1)",
                                    "Rows Removed by Filter": 17338,
                                    "Exact Heap Blocks": 9449,
                                    "Lossy Heap Blocks": 0,
                                    "Workers": [
                                        {
                                            "Worker Number": 0,
                                            "Actual Startup Time": 7.123,
                                            "Actual Total Time": 57.697,
                                            "Actual Rows": 34265,
                                            "Actual Loops": 1
                                        },
                                        {
                                            "Worker Number": 1,
                                            "Actual Startup Time": 8.262,
                                            "Actual Total Time": 58.7,
                                            "Actual Rows": 35770,
                                            "Actual Loops": 1
                                        },
                                        {
                                            "Worker Number": 2,
                                            "Actual Startup Time": 8.401,
                                            "Actual Total Time": 58.842,
                                            "Actual Rows": 35697,
                                            "Actual Loops": 1
                                        }
                                    ],
                                    "Plans": [
                                        {
                                            "Node Type": "Bitmap Index Scan",
                                            "Parent Relationship": "Outer",
                                            "Parallel Aware": false,
                                            "Index Name": "company_id_movie_companies",
                                            "Startup Cost": 0.0,
                                            "Total Cost": 7338.08,
                                            "Plan Rows": 342620,
                                            "Plan Width": 0,
                                            "Actual Startup Time": 15.958,
                                            "Actual Total Time": 15.959,
                                            "Actual Rows": 334457,
                                            "Actual Loops": 1,
                                            "Index Cond": "(mc.company_id < 166)"
                                        }
                                    ]
                                }
                            ]
                        }
                    ]
                }
            ]
        },
        "Planning Time": 196.674,
        "Triggers": [],
        "Execution Time": 81.584
    }
]