[
  {
    "Plan": {
      "Node Type": "Aggregate",
      "Strategy": "Plain",
      "Partial Mode": "Simple",
      "Parallel Aware": false,
      "Startup Cost": 27153.6,
      "Total Cost": 27153.61,
      "Plan Rows": 1,
      "Plan Width": 8,
      "Actual Startup Time": 49.9,
      "Actual Total Time": 49.901,
      "Actual Rows": 1,
      "Actual Loops": 1,
      "Plans": [
        {
          "Node Type": "Bitmap Heap Scan",
          "Parent Relationship": "Outer",
          "Parallel Aware": false,
          "Relation Name": "movie_keyword",
          "Alias": "mk",
          "Startup Cost": 1581.91,
          "Total Cost": 26967.32,
          "Plan Rows": 74513,
          "Plan Width": 0,
          "Actual Startup Time": 12.819,
          "Actual Total Time": 46.346,
          "Actual Rows": 74313,
          "Actual Loops": 1,
          "Recheck Cond": "(keyword_id > 89634)",
          "Rows Removed by Index Recheck": 0,
          "Exact Heap Blocks": 15302,
          "Lossy Heap Blocks": 0,
          "Plans": [
            {
              "Node Type": "Bitmap Index Scan",
              "Parent Relationship": "Outer",
              "Parallel Aware": false,
              "Index Name": "keyword_id_movie_keyword",
              "Startup Cost": 0.0,
              "Total Cost": 1563.28,
              "Plan Rows": 74513,
              "Plan Width": 0,
              "Actual Startup Time": 9.26,
              "Actual Total Time": 9.26,
              "Actual Rows": 74313,
              "Actual Loops": 1,
              "Index Cond": "(keyword_id > 89634)"
            }
          ]
        }
      ]
    },
    "Planning Time": 0.245,
    "Triggers": [],
    "Execution Time": 49.963
  }
]