[
  {
    "Plan": {
      "Node Type": "Aggregate",
      "Strategy": "Plain",
      "Partial Mode": "Finalize",
      "Parallel Aware": false,
      "Startup Cost": 46612.36,
      "Total Cost": 46612.37,
      "Plan Rows": 1,
      "Plan Width": 8,
      "Actual Startup Time": 181.506,
      "Actual Total Time": 188.489,
      "Actual Rows": 1,
      "Actual Loops": 1,
      "Plans": [
        {
          "Node Type": "Gather",
          "Parent Relationship": "Outer",
          "Parallel Aware": false,
          "Startup Cost": 46612.05,
          "Total Cost": 46612.36,
          "Plan Rows": 3,
          "Plan Width": 8,
          "Actual Startup Time": 181.261,
          "Actual Total Time": 188.479,
          "Actual Rows": 4,
          "Actual Loops": 1,
          "Workers Planned": 3,
          "Workers Launched": 3,
          "Single Copy": false,
          "Plans": [
            {
              "Node Type": "Aggregate",
              "Strategy": "Plain",
              "Partial Mode": "Partial",
              "Parent Relationship": "Outer",
              "Parallel Aware": false,
              "Startup Cost": 45612.05,
              "Total Cost": 45612.06,
              "Plan Rows": 1,
              "Plan Width": 8,
              "Actual Startup Time": 175.618,
              "Actual Total Time": 175.619,
              "Actual Rows": 1,
              "Actual Loops": 4,
              "Plans": [
                {
                  "Node Type": "Seq Scan",
                  "Parent Relationship": "Outer",
                  "Parallel Aware": true,
                  "Relation Name": "movie_keyword",
                  "Alias": "mk",
                  "Startup Cost": 0.0,
                  "Total Cost": 42695.65,
                  "Plan Rows": 1166557,
                  "Plan Width": 0,
                  "Actual Startup Time": 0.12,
                  "Actual Total Time": 129.709,
                  "Actual Rows": 902395,
                  "Actual Loops": 4,
                  "Filter": "(keyword_id > 865)",
                  "Rows Removed by Filter": 228588
                }
              ]
            }
          ]
        }
      ]
    },
    "Planning Time": 0.186,
    "Triggers": [],
    "Execution Time": 188.54
  }
]