[
  {
    "Plan": {
      "Node Type": "Aggregate",
      "Strategy": "Plain",
      "Partial Mode": "Finalize",
      "Parallel Aware": false,
      "Startup Cost": 41561.77,
      "Total Cost": 41561.78,
      "Plan Rows": 1,
      "Plan Width": 8,
      "Actual Startup Time": 151.524,
      "Actual Total Time": 158.124,
      "Actual Rows": 1,
      "Actual Loops": 1,
      "Plans": [
        {
          "Node Type": "Gather",
          "Parent Relationship": "Outer",
          "Parallel Aware": false,
          "Startup Cost": 41561.45,
          "Total Cost": 41561.76,
          "Plan Rows": 3,
          "Plan Width": 8,
          "Actual Startup Time": 151.322,
          "Actual Total Time": 158.114,
          "Actual Rows": 4,
          "Actual Loops": 1,
          "Workers Planned": 3,
          "Workers Launched": 3,
          "Single Copy": false,
          "Plans": [
            {
              "Node Type": "Aggregate",
              "Strategy": "Plain",
              "Partial Mode": "Partial",
              "Parent Relationship": "Outer",
              "Parallel Aware": false,
              "Startup Cost": 40561.45,
              "Total Cost": 40561.46,
              "Plan Rows": 1,
              "Plan Width": 8,
              "Actual Startup Time": 148.238,
              "Actual Total Time": 148.24,
              "Actual Rows": 1,
              "Actual Loops": 4,
              "Plans": [
                {
                  "Node Type": "Bitmap Heap Scan",
                  "Parent Relationship": "Outer",
                  "Parallel Aware": true,
                  "Relation Name": "movie_keyword",
                  "Alias": "mk",
                  "Startup Cost": 13115.9,
                  "Total Cost": 40062.86,
                  "Plan Rows": 199437,
                  "Plan Width": 0,
                  "Actual Startup Time": 60.412,
                  "Actual Total Time": 138.479,
                  "Actual Rows": 153979,
                  "Actual Loops": 4,
                  "Recheck Cond": "(keyword_id > 29608)",
                  "Rows Removed by Index Recheck": 0,
                  "Exact Heap Blocks": 6611,
                  "Lossy Heap Blocks": 0,
                  "Plans": [
                    {
                      "Node Type": "Bitmap Index Scan",
                      "Parent Relationship": "Outer",
                      "Parallel Aware": false,
                      "Index Name": "keyword_id_movie_keyword",
                      "Startup Cost": 0.0,
                      "Total Cost": 12961.34,
                      "Plan Rows": 618254,
                      "Plan Width": 0,
                      "Actual Startup Time": 57.437,
                      "Actual Total Time": 57.437,
                      "Actual Rows": 615915,
                      "Actual Loops": 1,
                      "Index Cond": "(keyword_id > 29608)"
                    }
                  ]
                }
              ]
            }
          ]
        }
      ]
    },
    "Planning Time": 0.107,
    "Triggers": [],
    "Execution Time": 158.181
  }
]