[
  {
    "Plan": {
      "Node Type": "Aggregate",
      "Strategy": "Plain",
      "Partial Mode": "Finalize",
      "Parallel Aware": false,
      "Startup Cost": 342351.36,
      "Total Cost": 342351.37,
      "Plan Rows": 1,
      "Plan Width": 8,
      "Actual Startup Time": 839.146,
      "Actual Total Time": 885.075,
      "Actual Rows": 1,
      "Actual Loops": 1,
      "Plans": [
        {
          "Node Type": "Gather",
          "Parent Relationship": "Outer",
          "Parallel Aware": false,
          "Startup Cost": 342350.74,
          "Total Cost": 342351.35,
          "Plan Rows": 6,
          "Plan Width": 8,
          "Actual Startup Time": 838.949,
          "Actual Total Time": 885.063,
          "Actual Rows": 7,
          "Actual Loops": 1,
          "Workers Planned": 6,
          "Workers Launched": 6,
          "Single Copy": false,
          "Plans": [
            {
              "Node Type": "Aggregate",
              "Strategy": "Plain",
              "Partial Mode": "Partial",
              "Parent Relationship": "Outer",
              "Parallel Aware": false,
              "Startup Cost": 341350.74,
              "Total Cost": 341350.75,
              "Plan Rows": 1,
              "Plan Width": 8,
              "Actual Startup Time": 831.196,
              "Actual Total Time": 831.198,
              "Actual Rows": 1,
              "Actual Loops": 7,
              "Plans": [
                {
                  "Node Type": "Seq Scan",
                  "Parent Relationship": "Outer",
                  "Parallel Aware": true,
                  "Relation Name": "cast_info",
                  "Alias": "ci",
                  "Startup Cost": 0.0,
                  "Total Cost": 328211.39,
                  "Plan Rows": 5255739,
                  "Plan Width": 0,
                  "Actual Startup Time": 0.047,
                  "Actual Total Time": 625.343,
                  "Actual Rows": 4508802,
                  "Actual Loops": 7,
                  "Filter": "(person_id < 3213426)",
                  "Rows Removed by Filter": 668961
                }
              ]
            }
          ]
        }
      ]
    },
    "Planning Time": 0.205,
    "Triggers": [],
    "Execution Time": 885.151
  }
]