{
  "Plan": {
    "Node Type": "Aggregate",
    "Strategy": "Plain",
    "Partial Mode": "Finalize",
    "Parallel Aware": false,
    "Startup Cost": 487792.09,
    "Total Cost": 487792.1,
    "Plan Rows": 1,
    "Plan Width": 8,
    "Actual Startup Time": 1021.975,
    "Actual Total Time": 1045.674,
    "Actual Rows": 1,
    "Actual Loops": 1,
    "Plans": [
      {
        "Node Type": "Gather",
        "Parent Relationship": "Outer",
        "Parallel Aware": false,
        "Startup Cost": 487791.97,
        "Total Cost": 487792.08,
        "Plan Rows": 1,
        "Plan Width": 8,
        "Actual Startup Time": 1021.46,
        "Actual Total Time": 1045.664,
        "Actual Rows": 2,
        "Actual Loops": 1,
        "Workers Planned": 1,
        "Workers Launched": 1,
        "Single Copy": false,
        "Plans": [
          {
            "Node Type": "Aggregate",
            "Strategy": "Plain",
            "Partial Mode": "Partial",
            "Parent Relationship": "Outer",
            "Parallel Aware": false,
            "Startup Cost": 486791.97,
            "Total Cost": 486791.98,
            "Plan Rows": 1,
            "Plan Width": 8,
            "Actual Startup Time": 1015.484,
            "Actual Total Time": 1015.492,
            "Actual Rows": 1,
            "Actual Loops": 2,
            "Plans": [
              {
                "Node Type": "Nested Loop",
                "Parent Relationship": "Outer",
                "Parallel Aware": false,
                "Join Type": "Inner",
                "Startup Cost": 174056.63,
                "Total Cost": 486781.87,
                "Plan Rows": 4042,
                "Plan Width": 0,
                "Actual Startup Time": 276.864,
                "Actual Total Time": 1015.329,
                "Actual Rows": 1144,
                "Actual Loops": 2,
                "Inner Unique": false,
                "Join Filter": "(t.id = mi_idx.movie_id)",
                "Rows Removed by Join Filter": 0,
                "Plans": [
                  {
                    "Node Type": "Hash Join",
                    "Parent Relationship": "Outer",
                    "Parallel Aware": true,
                    "Join Type": "Inner",
                    "Startup Cost": 174056.2,
                    "Total Cost": 481020.22,
                    "Plan Rows": 11042,
                    "Plan Width": 8,
                    "Actual Startup Time": 275.982,
                    "Actual Total Time": 991.181,
                    "Actual Rows": 2986,
                    "Actual Loops": 2,
                    "Inner Unique": true,
                    "Hash Cond": "(ci.movie_id = t.id)",
                    "Plans": [
                      {
                        "Node Type": "Bitmap Heap Scan",
                        "Parent Relationship": "Outer",
                        "Parallel Aware": true,
                        "Relation Name": "cast_info",
                        "Alias": "ci",
                        "Startup Cost": 134739.87,
                        "Total Cost": 432283.9,
                        "Plan Rows": 3588562,
                        "Plan Width": 4,
                        "Actual Startup Time": 234.45,
                        "Actual Total Time": 662.128,
                        "Actual Rows": 2959859,
                        "Actual Loops": 2,
                        "Recheck Cond": "(person_id > 3052626)",
                        "Rows Removed by Index Recheck": 0,
                        "Exact Heap Blocks": 52768,
                        "Lossy Heap Blocks": 0,
                        "Plans": [
                          {
                            "Node Type": "Bitmap Index Scan",
                            "Parent Relationship": "Outer",
                            "Parallel Aware": false,
                            "Index Name": "person_id_cast_info",
                            "Startup Cost": 0.0,
                            "Total Cost": 133214.73,
                            "Plan Rows": 6100556,
                            "Plan Width": 0,
                            "Actual Startup Time": 220.685,
                            "Actual Total Time": 220.687,
                            "Actual Rows": 5919718,
                            "Actual Loops": 1,
                            "Index Cond": "(person_id > 3052626)"
                          }
                        ]
                      },
                      {
                        "Node Type": "Hash",
                        "Parent Relationship": "Inner",
                        "Parallel Aware": true,
                        "Startup Cost": 39259.13,
                        "Total Cost": 39259.13,
                        "Plan Rows": 4576,
                        "Plan Width": 4,
                        "Actual Startup Time": 38.584,
                        "Actual Total Time": 38.586,
                        "Actual Rows": 2593,
                        "Actual Loops": 2,
                        "Hash Buckets": 8192,
                        "Original Hash Buckets": 8192,
                        "Hash Batches": 1,
                        "Original Hash Batches": 1,
                        "Peak Memory Usage": 288,
                        "Plans": [
                          {
                            "Node Type": "Bitmap Heap Scan",
                            "Parent Relationship": "Outer",
                            "Parallel Aware": true,
                            "Relation Name": "title",
                            "Alias": "t",
                            "Startup Cost": 2182.88,
                            "Total Cost": 39259.13,
                            "Plan Rows": 4576,
                            "Plan Width": 4,
                            "Actual Startup Time": 4.13,
                            "Actual Total Time": 37.763,
                            "Actual Rows": 2593,
                            "Actual Loops": 2,
                            "Recheck Cond": "(kind_id = 4)",
                            "Rows Removed by Index Recheck": 0,
                            "Filter": "(production_year = 2012)",
                            "Rows Removed by Filter": 56524,
                            "Exact Heap Blocks": 10925,
                            "Lossy Heap Blocks": 0,
                            "Plans": [
                              {
                                "Node Type": "Bitmap Index Scan",
                                "Parent Relationship": "Outer",
                                "Parallel Aware": false,
                                "Index Name": "kind_id_title",
                                "Startup Cost": 0.0,
                                "Total Cost": 2180.94,
                                "Plan Rows": 122201,
                                "Plan Width": 0,
                                "Actual Startup Time": 6.309,
                                "Actual Total Time": 6.31,
                                "Actual Rows": 118234,
                                "Actual Loops": 1,
                                "Index Cond": "(kind_id = 4)"
                              }
                            ]
                          }
                        ]
                      }
                    ]
                  },
                  {
                    "Node Type": "Index Scan",
                    "Parent Relationship": "Inner",
                    "Parallel Aware": false,
                    "Scan Direction": "Forward",
                    "Index Name": "movie_id_movie_info_idx",
                    "Relation Name": "movie_info_idx",
                    "Alias": "mi_idx",
                    "Startup Cost": 0.43,
                    "Total Cost": 0.5,
                    "Plan Rows": 2,
                    "Plan Width": 4,
                    "Actual Startup Time": 0.008,
                    "Actual Total Time": 0.008,
                    "Actual Rows": 0,
                    "Actual Loops": 5973,
                    "Index Cond": "(movie_id = ci.movie_id)",
                    "Rows Removed by Index Recheck": 0,
                    "Filter": "(info_type_id > 99)",
                    "Rows Removed by Filter": 0
                  }
                ]
              }
            ]
          }
        ]
      }
    ]
  },
  "Planning Time": 0.359,
  "Triggers": [],
  "Execution Time": 1045.76
}