[
  {
    "Plan": {
      "Node Type": "Aggregate",
      "Strategy": "Plain",
      "Partial Mode": "Finalize",
      "Parallel Aware": false,
      "Startup Cost": 46752.02,
      "Total Cost": 46752.03,
      "Plan Rows": 1,
      "Plan Width": 8,
      "Actual Startup Time": 155.654,
      "Actual Total Time": 169.475,
      "Actual Rows": 1,
      "Actual Loops": 1,
      "Plans": [
        {
          "Node Type": "Gather",
          "Parent Relationship": "Outer",
          "Parallel Aware": false,
          "Startup Cost": 46751.7,
          "Total Cost": 46752.01,
          "Plan Rows": 3,
          "Plan Width": 8,
          "Actual Startup Time": 155.514,
          "Actual Total Time": 169.466,
          "Actual Rows": 4,
          "Actual Loops": 1,
          "Workers Planned": 3,
          "Workers Launched": 3,
          "Single Copy": false,
          "Plans": [
            {
              "Node Type": "Aggregate",
              "Strategy": "Plain",
              "Partial Mode": "Partial",
              "Parent Relationship": "Outer",
              "Parallel Aware": false,
              "Startup Cost": 45751.7,
              "Total Cost": 45751.71,
              "Plan Rows": 1,
              "Plan Width": 8,
              "Actual Startup Time": 150.115,
              "Actual Total Time": 150.116,
              "Actual Rows": 1,
              "Actual Loops": 4,
              "Plans": [
                {
                  "Node Type": "Seq Scan",
                  "Parent Relationship": "Outer",
                  "Parallel Aware": true,
                  "Relation Name": "movie_keyword",
                  "Alias": "mk",
                  "Startup Cost": 0.0,
                  "Total Cost": 42695.65,
                  "Plan Rows": 1222418,
                  "Plan Width": 0,
                  "Actual Startup Time": 0.04,
                  "Actual Total Time": 111.437,
                  "Actual Rows": 948558,
                  "Actual Loops": 4,
                  "Filter": "(keyword_id < 25719)",
                  "Rows Removed by Filter": 182425
                }
              ]
            }
          ]
        }
      ]
    },
    "Planning Time": 0.079,
    "Triggers": [],
    "Execution Time": 169.502
  }
]