[
  {
    "Plan": {
      "Node Type": "Aggregate",
      "Strategy": "Plain",
      "Partial Mode": "Finalize",
      "Parallel Aware": false,
      "Startup Cost": 46747.85,
      "Total Cost": 46747.86,
      "Plan Rows": 1,
      "Plan Width": 8,
      "Actual Startup Time": 162.656,
      "Actual Total Time": 169.891,
      "Actual Rows": 1,
      "Actual Loops": 1,
      "Plans": [
        {
          "Node Type": "Gather",
          "Parent Relationship": "Outer",
          "Parallel Aware": false,
          "Startup Cost": 46747.53,
          "Total Cost": 46747.84,
          "Plan Rows": 3,
          "Plan Width": 8,
          "Actual Startup Time": 162.54,
          "Actual Total Time": 169.884,
          "Actual Rows": 4,
          "Actual Loops": 1,
          "Workers Planned": 3,
          "Workers Launched": 3,
          "Single Copy": false,
          "Plans": [
            {
              "Node Type": "Aggregate",
              "Strategy": "Plain",
              "Partial Mode": "Partial",
              "Parent Relationship": "Outer",
              "Parallel Aware": false,
              "Startup Cost": 45747.53,
              "Total Cost": 45747.54,
              "Plan Rows": 1,
              "Plan Width": 8,
              "Actual Startup Time": 156.985,
              "Actual Total Time": 156.986,
              "Actual Rows": 1,
              "Actual Loops": 4,
              "Plans": [
                {
                  "Node Type": "Seq Scan",
                  "Parent Relationship": "Outer",
                  "Parallel Aware": true,
                  "Relation Name": "movie_keyword",
                  "Alias": "mk",
                  "Startup Cost": 0.0,
                  "Total Cost": 42695.65,
                  "Plan Rows": 1220750,
                  "Plan Width": 0,
                  "Actual Startup Time": 0.042,
                  "Actual Total Time": 116.907,
                  "Actual Rows": 948558,
                  "Actual Loops": 4,
                  "Filter": "(keyword_id < 25719)",
                  "Rows Removed by Filter": 182425
                }
              ]
            }
          ]
        }
      ]
    },
    "Planning Time": 0.116,
    "Triggers": [],
    "Execution Time": 169.946
  }
]