{
  "Plan": {
    "Node Type": "Aggregate",
    "Strategy": "Plain",
    "Partial Mode": "Finalize",
    "Parallel Aware": false,
    "Startup Cost": 49698.39,
    "Total Cost": 49698.4,
    "Plan Rows": 1,
    "Plan Width": 8,
    "Actual Startup Time": 59.683,
    "Actual Total Time": 68.635,
    "Actual Rows": 1,
    "Actual Loops": 1,
    "Plans": [
      {
        "Node Type": "Gather",
        "Parent Relationship": "Outer",
        "Parallel Aware": false,
        "Startup Cost": 49698.28,
        "Total Cost": 49698.39,
        "Plan Rows": 1,
        "Plan Width": 8,
        "Actual Startup Time": 59.447,
        "Actual Total Time": 68.627,
        "Actual Rows": 2,
        "Actual Loops": 1,
        "Workers Planned": 1,
        "Workers Launched": 1,
        "Single Copy": false,
        "Plans": [
          {
            "Node Type": "Aggregate",
            "Strategy": "Plain",
            "Partial Mode": "Partial",
            "Parent Relationship": "Outer",
            "Parallel Aware": false,
            "Startup Cost": 48698.28,
            "Total Cost": 48698.29,
            "Plan Rows": 1,
            "Plan Width": 8,
            "Actual Startup Time": 53.389,
            "Actual Total Time": 53.39,
            "Actual Rows": 1,
            "Actual Loops": 2,
            "Plans": [
              {
                "Node Type": "Nested Loop",
                "Parent Relationship": "Outer",
                "Parallel Aware": false,
                "Join Type": "Inner",
                "Startup Cost": 173.95,
                "Total Cost": 48692.0,
                "Plan Rows": 2513,
                "Plan Width": 0,
                "Actual Startup Time": 4.298,
                "Actual Total Time": 53.161,
                "Actual Rows": 2342,
                "Actual Loops": 2,
                "Inner Unique": false,
                "Plans": [
                  {
                    "Node Type": "Nested Loop",
                    "Parent Relationship": "Outer",
                    "Parallel Aware": false,
                    "Join Type": "Inner",
                    "Startup Cost": 173.52,
                    "Total Cost": 46240.71,
                    "Plan Rows": 4604,
                    "Plan Width": 8,
                    "Actual Startup Time": 3.71,
                    "Actual Total Time": 36.568,
                    "Actual Rows": 3576,
                    "Actual Loops": 2,
                    "Inner Unique": true,
                    "Plans": [
                      {
                        "Node Type": "Bitmap Heap Scan",
                        "Parent Relationship": "Outer",
                        "Parallel Aware": true,
                        "Relation Name": "movie_companies",
                        "Alias": "mc",
                        "Startup Cost": 173.09,
                        "Total Cost": 14731.76,
                        "Plan Rows": 4604,
                        "Plan Width": 4,
                        "Actual Startup Time": 3.549,
                        "Actual Total Time": 12.049,
                        "Actual Rows": 3576,
                        "Actual Loops": 2,
                        "Recheck Cond": "(company_id = 7851)",
                        "Rows Removed by Index Recheck": 0,
                        "Exact Heap Blocks": 3228,
                        "Lossy Heap Blocks": 0,
                        "Plans": [
                          {
                            "Node Type": "Bitmap Index Scan",
                            "Parent Relationship": "Outer",
                            "Parallel Aware": false,
                            "Index Name": "company_id_movie_companies",
                            "Startup Cost": 0.0,
                            "Total Cost": 171.13,
                            "Plan Rows": 7827,
                            "Plan Width": 0,
                            "Actual Startup Time": 4.702,
                            "Actual Total Time": 4.702,
                            "Actual Rows": 7151,
                            "Actual Loops": 1,
                            "Index Cond": "(company_id = 7851)"
                          }
                        ]
                      },
                      {
                        "Node Type": "Index Only Scan",
                        "Parent Relationship": "Inner",
                        "Parallel Aware": false,
                        "Scan Direction": "Forward",
                        "Index Name": "title_pkey",
                        "Relation Name": "title",
                        "Alias": "t",
                        "Startup Cost": 0.43,
                        "Total Cost": 6.84,
                        "Plan Rows": 1,
                        "Plan Width": 4,
                        "Actual Startup Time": 0.006,
                        "Actual Total Time": 0.006,
                        "Actual Rows": 1,
                        "Actual Loops": 7151,
                        "Index Cond": "(id = mc.movie_id)",
                        "Rows Removed by Index Recheck": 0,
                        "Heap Fetches": 7151
                      }
                    ]
                  },
                  {
                    "Node Type": "Index Only Scan",
                    "Parent Relationship": "Inner",
                    "Parallel Aware": false,
                    "Scan Direction": "Forward",
                    "Index Name": "movie_id_movie_info_idx",
                    "Relation Name": "movie_info_idx",
                    "Alias": "mi_idx",
                    "Startup Cost": 0.43,
                    "Total Cost": 0.5,
                    "Plan Rows": 3,
                    "Plan Width": 4,
                    "Actual Startup Time": 0.004,
                    "Actual Total Time": 0.004,
                    "Actual Rows": 1,
                    "Actual Loops": 7151,
                    "Index Cond": "(movie_id = t.id)",
                    "Rows Removed by Index Recheck": 0,
                    "Heap Fetches": 4683
                  }
                ]
              }
            ]
          }
        ]
      }
    ]
  },
  "Planning Time": 0.925,
  "Triggers": [],
  "Execution Time": 68.731
}