[
  {
    "Plan": {
      "Node Type": "Aggregate",
      "Strategy": "Plain",
      "Partial Mode": "Finalize",
      "Parallel Aware": false,
      "Startup Cost": 176396.11,
      "Total Cost": 176396.12,
      "Plan Rows": 1,
      "Plan Width": 8,
      "Actual Startup Time": 1610.29,
      "Actual Total Time": 1655.478,
      "Actual Rows": 1,
      "Actual Loops": 1,
      "Plans": [
        {
          "Node Type": "Gather",
          "Parent Relationship": "Outer",
          "Parallel Aware": false,
          "Startup Cost": 176395.79,
          "Total Cost": 176396.1,
          "Plan Rows": 3,
          "Plan Width": 8,
          "Actual Startup Time": 1608.28,
          "Actual Total Time": 1655.471,
          "Actual Rows": 4,
          "Actual Loops": 1,
          "Workers Planned": 3,
          "Workers Launched": 3,
          "Single Copy": false,
          "Plans": [
            {
              "Node Type": "Aggregate",
              "Strategy": "Plain",
              "Partial Mode": "Partial",
              "Parent Relationship": "Outer",
              "Parallel Aware": false,
              "Startup Cost": 175395.79,
              "Total Cost": 175395.8,
              "Plan Rows": 1,
              "Plan Width": 8,
              "Actual Startup Time": 1604.073,
              "Actual Total Time": 1604.143,
              "Actual Rows": 1,
              "Actual Loops": 4,
              "Plans": [
                {
                  "Node Type": "Nested Loop",
                  "Parent Relationship": "Outer",
                  "Parallel Aware": false,
                  "Join Type": "Inner",
                  "Startup Cost": 46109.16,
                  "Total Cost": 174170.48,
                  "Plan Rows": 490124,
                  "Plan Width": 0,
                  "Actual Startup Time": 165.406,
                  "Actual Total Time": 1544.685,
                  "Actual Rows": 1379622,
                  "Actual Loops": 4,
                  "Inner Unique": false,
                  "Join Filter": "(t.id = ci.movie_id)",
                  "Rows Removed by Join Filter": 0,
                  "Plans": [
                    {
                      "Node Type": "Hash Join",
                      "Parent Relationship": "Outer",
                      "Parallel Aware": true,
                      "Join Type": "Inner",
                      "Startup Cost": 46108.6,
                      "Total Cost": 76545.67,
                      "Plan Rows": 34182,
                      "Plan Width": 8,
                      "Actual Startup Time": 165.325,
                      "Actual Total Time": 254.425,
                      "Actual Rows": 78093,
                      "Actual Loops": 4,
                      "Inner Unique": true,
                      "Hash Cond": "(mc.movie_id = t.id)",
                      "Plans": [
                        {
                          "Node Type": "Seq Scan",
                          "Parent Relationship": "Outer",
                          "Parallel Aware": true,
                          "Relation Name": "movie_companies",
                          "Alias": "mc",
                          "Startup Cost": 0.0,
                          "Total Cost": 29310.68,
                          "Plan Rows": 429104,
                          "Plan Width": 4,
                          "Actual Startup Time": 24.815,
                          "Actual Total Time": 61.277,
                          "Actual Rows": 333721,
                          "Actual Loops": 4,
                          "Filter": "(company_type_id = 2)",
                          "Rows Removed by Filter": 318562
                        },
                        {
                          "Node Type": "Hash",
                          "Parent Relationship": "Inner",
                          "Parallel Aware": true,
                          "Startup Cost": 45479.21,
                          "Total Cost": 45479.21,
                          "Plan Rows": 50351,
                          "Plan Width": 4,
                          "Actual Startup Time": 109.152,
                          "Actual Total Time": 109.153,
                          "Actual Rows": 82806,
                          "Actual Loops": 4,
                          "Hash Buckets": 524288,
                          "Original Hash Buckets": 262144,
                          "Hash Batches": 1,
                          "Original Hash Batches": 1,
                          "Peak Memory Usage": 19168,
                          "Plans": [
                            {
                              "Node Type": "Seq Scan",
                              "Parent Relationship": "Outer",
                              "Parallel Aware": true,
                              "Relation Name": "title",
                              "Alias": "t",
                              "Startup Cost": 0.0,
                              "Total Cost": 45479.21,
                              "Plan Rows": 50351,
                              "Plan Width": 4,
                              "Actual Startup Time": 43.431,
                              "Actual Total Time": 80.003,
                              "Actual Rows": 82806,
                              "Actual Loops": 4,
                              "Filter": "((production_year < 1993) AND (kind_id = 1))",
                              "Rows Removed by Filter": 549272
                            }
                          ]
                        }
                      ]
                    },
                    {
                      "Node Type": "Index Only Scan",
                      "Parent Relationship": "Inner",
                      "Parallel Aware": false,
                      "Scan Direction": "Forward",
                      "Index Name": "movie_id_cast_info",
                      "Relation Name": "cast_info",
                      "Alias": "ci",
                      "Startup Cost": 0.56,
                      "Total Cost": 2.38,
                      "Plan Rows": 38,
                      "Plan Width": 4,
                      "Actual Startup Time": 0.004,
                      "Actual Total Time": 0.015,
                      "Actual Rows": 18,
                      "Actual Loops": 312373,
                      "Index Cond": "(movie_id = mc.movie_id)",
                      "Rows Removed by Index Recheck": 0,
                      "Heap Fetches": 5518488
                    }
                  ]
                }
              ]
            }
          ]
        }
      ]
    },
    "Planning Time": 0.506,
    "Triggers": [],
    "Execution Time": 1655.53
  }
]