[
  {
    "Plan": {
      "Node Type": "Aggregate",
      "Strategy": "Plain",
      "Partial Mode": "Finalize",
      "Parallel Aware": false,
      "Startup Cost": 185287.39,
      "Total Cost": 185287.4,
      "Plan Rows": 1,
      "Plan Width": 8,
      "Actual Startup Time": 149.656,
      "Actual Total Time": 161.023,
      "Actual Rows": 1,
      "Actual Loops": 1,
      "Plans": [
        {
          "Node Type": "Gather",
          "Parent Relationship": "Outer",
          "Parallel Aware": false,
          "Startup Cost": 185286.87,
          "Total Cost": 185287.38,
          "Plan Rows": 5,
          "Plan Width": 8,
          "Actual Startup Time": 148.785,
          "Actual Total Time": 161.009,
          "Actual Rows": 6,
          "Actual Loops": 1,
          "Workers Planned": 5,
          "Workers Launched": 5,
          "Single Copy": false,
          "Plans": [
            {
              "Node Type": "Aggregate",
              "Strategy": "Plain",
              "Partial Mode": "Partial",
              "Parent Relationship": "Outer",
              "Parallel Aware": false,
              "Startup Cost": 184286.87,
              "Total Cost": 184286.88,
              "Plan Rows": 1,
              "Plan Width": 8,
              "Actual Startup Time": 142.962,
              "Actual Total Time": 142.966,
              "Actual Rows": 1,
              "Actual Loops": 6,
              "Plans": [
                {
                  "Node Type": "Bitmap Heap Scan",
                  "Parent Relationship": "Outer",
                  "Parallel Aware": true,
                  "Relation Name": "movie_info",
                  "Alias": "mi",
                  "Startup Cost": 19119.89,
                  "Total Cost": 183757.87,
                  "Plan Rows": 211599,
                  "Plan Width": 0,
                  "Actual Startup Time": 48.365,
                  "Actual Total Time": 131.802,
                  "Actual Rows": 175481,
                  "Actual Loops": 6,
                  "Recheck Cond": "(info_type_id > 77)",
                  "Rows Removed by Index Recheck": 0,
                  "Exact Heap Blocks": 9941,
                  "Lossy Heap Blocks": 0,
                  "Plans": [
                    {
                      "Node Type": "Bitmap Index Scan",
                      "Parent Relationship": "Outer",
                      "Parallel Aware": false,
                      "Index Name": "info_type_id_movie_info",
                      "Startup Cost": 0.0,
                      "Total Cost": 18855.39,
                      "Plan Rows": 1057994,
                      "Plan Width": 0,
                      "Actual Startup Time": 48.039,
                      "Actual Total Time": 48.04,
                      "Actual Rows": 1052885,
                      "Actual Loops": 1,
                      "Index Cond": "(info_type_id > 77)"
                    }
                  ]
                }
              ]
            }
          ]
        }
      ]
    },
    "Planning Time": 0.191,
    "Triggers": [],
    "Execution Time": 161.1
  }
]