[
  {
    "Plan": {
      "Node Type": "Aggregate",
      "Strategy": "Plain",
      "Partial Mode": "Finalize",
      "Parallel Aware": false,
      "Startup Cost": 455192.28,
      "Total Cost": 455192.29,
      "Plan Rows": 1,
      "Plan Width": 8,
      "Actual Startup Time": 2122.563,
      "Actual Total Time": 2176.655,
      "Actual Rows": 1,
      "Actual Loops": 1,
      "Plans": [
        {
          "Node Type": "Gather",
          "Parent Relationship": "Outer",
          "Parallel Aware": false,
          "Startup Cost": 455191.65,
          "Total Cost": 455192.26,
          "Plan Rows": 6,
          "Plan Width": 8,
          "Actual Startup Time": 2109.617,
          "Actual Total Time": 2176.642,
          "Actual Rows": 7,
          "Actual Loops": 1,
          "Workers Planned": 6,
          "Workers Launched": 6,
          "Single Copy": false,
          "Plans": [
            {
              "Node Type": "Aggregate",
              "Strategy": "Plain",
              "Partial Mode": "Partial",
              "Parent Relationship": "Outer",
              "Parallel Aware": false,
              "Startup Cost": 454191.65,
              "Total Cost": 454191.66,
              "Plan Rows": 1,
              "Plan Width": 8,
              "Actual Startup Time": 2099.176,
              "Actual Total Time": 2099.367,
              "Actual Rows": 1,
              "Actual Loops": 7,
              "Plans": [
                {
                  "Node Type": "Hash Join",
                  "Parent Relationship": "Outer",
                  "Parallel Aware": true,
                  "Join Type": "Inner",
                  "Startup Cost": 92984.12,
                  "Total Cost": 451645.81,
                  "Plan Rows": 1018337,
                  "Plan Width": 0,
                  "Actual Startup Time": 529.696,
                  "Actual Total Time": 1825.287,
                  "Actual Rows": 6578738,
                  "Actual Loops": 7,
                  "Inner Unique": false,
                  "Hash Cond": "(ci.movie_id = t.id)",
                  "Plans": [
                    {
                      "Node Type": "Seq Scan",
                      "Parent Relationship": "Outer",
                      "Parallel Aware": true,
                      "Relation Name": "cast_info",
                      "Alias": "ci",
                      "Startup Cost": 0.0,
                      "Total Cost": 343316.27,
                      "Plan Rows": 3216123,
                      "Plan Width": 4,
                      "Actual Startup Time": 200.175,
                      "Actual Total Time": 630.982,
                      "Actual Rows": 2442667,
                      "Actual Loops": 7,
                      "Filter": "((person_id < 3008985) AND (role_id > 1))",
                      "Rows Removed by Filter": 2735097
                    },
                    {
                      "Node Type": "Hash",
                      "Parent Relationship": "Inner",
                      "Parallel Aware": true,
                      "Startup Cost": 89755.94,
                      "Total Cost": 89755.94,
                      "Plan Rows": 258254,
                      "Plan Width": 8,
                      "Actual Startup Time": 326.008,
                      "Actual Total Time": 326.197,
                      "Actual Rows": 201486,
                      "Actual Loops": 7,
                      "Hash Buckets": 2097152,
                      "Original Hash Buckets": 1048576,
                      "Hash Batches": 1,
                      "Original Hash Batches": 1,
                      "Peak Memory Usage": 79872,
                      "Plans": [
                        {
                          "Node Type": "Hash Join",
                          "Parent Relationship": "Outer",
                          "Parallel Aware": true,
                          "Join Type": "Inner",
                          "Startup Cost": 46877.86,
                          "Total Cost": 89755.94,
                          "Plan Rows": 258254,
                          "Plan Width": 8,
                          "Actual Startup Time": 126.788,
                          "Actual Total Time": 235.685,
                          "Actual Rows": 201486,
                          "Actual Loops": 7,
                          "Inner Unique": true,
                          "Hash Cond": "(mk.movie_id = t.id)",
                          "Plans": [
                            {
                              "Node Type": "Seq Scan",
                              "Parent Relationship": "Outer",
                              "Parallel Aware": true,
                              "Relation Name": "movie_keyword",
                              "Alias": "mk",
                              "Startup Cost": 0.0,
                              "Total Cost": 39047.32,
                              "Plan Rows": 1459332,
                              "Plan Width": 4,
                              "Actual Startup Time": 0.034,
                              "Actual Total Time": 56.324,
                              "Actual Rows": 646276,
                              "Actual Loops": 7
                            },
                            {
                              "Node Type": "Hash",
                              "Parent Relationship": "Inner",
                              "Parallel Aware": true,
                              "Startup Cost": 45479.59,
                              "Total Cost": 45479.59,
                              "Plan Rows": 111862,
                              "Plan Width": 4,
                              "Actual Startup Time": 103.764,
                              "Actual Total Time": 103.765,
                              "Actual Rows": 46441,
                              "Actual Loops": 7,
                              "Hash Buckets": 524288,
                              "Original Hash Buckets": 524288,
                              "Hash Batches": 1,
                              "Original Hash Batches": 1,
                              "Peak Memory Usage": 16928,
                              "Plans": [
                                {
                                  "Node Type": "Seq Scan",
                                  "Parent Relationship": "Outer",
                                  "Parallel Aware": true,
                                  "Relation Name": "title",
                                  "Alias": "t",
                                  "Startup Cost": 0.0,
                                  "Total Cost": 45479.59,
                                  "Plan Rows": 111862,
                                  "Plan Width": 4,
                                  "Actual Startup Time": 45.672,
                                  "Actual Total Time": 81.228,
                                  "Actual Rows": 46441,
                                  "Actual Loops": 7,
                                  "Filter": "((production_year > 1992) AND (kind_id = 1))",
                                  "Rows Removed by Filter": 314746
                                }
                              ]
                            }
                          ]
                        }
                      ]
                    }
                  ]
                }
              ]
            }
          ]
        }
      ]
    },
    "Planning Time": 1.252,
    "Triggers": [],
    "Execution Time": 2176.754
  }
]