[
    {
        "Bao": {
            "Bao prediction": "NaN",
            "Bao recommended hint": "(no hint)"
        }
    },
    {
        "Plan": {
            "Node Type": "Aggregate",
            "Strategy": "Plain",
            "Partial Mode": "Simple",
            "Parallel Aware": false,
            "Startup Cost": 1668.06,
            "Total Cost": 1668.07,
            "Plan Rows": 1,
            "Plan Width": 8,
            "Actual Startup Time": 2.115,
            "Actual Total Time": 2.117,
            "Actual Rows": 1,
            "Actual Loops": 1,
            "Output": [
                "count(*)"
            ],
            "Plans": [
                {
                    "Node Type": "Nested Loop",
                    "Parent Relationship": "Outer",
                    "Parallel Aware": false,
                    "Join Type": "Inner",
                    "Startup Cost": 1.29,
                    "Total Cost": 1668.05,
                    "Plan Rows": 1,
                    "Plan Width": 0,
                    "Actual Startup Time": 0.663,
                    "Actual Total Time": 2.102,
                    "Actual Rows": 159,
                    "Actual Loops": 1,
                    "Inner Unique": false,
                    "Plans": [
                        {
                            "Node Type": "Nested Loop",
                            "Parent Relationship": "Outer",
                            "Parallel Aware": false,
                            "Join Type": "Inner",
                            "Startup Cost": 0.86,
                            "Total Cost": 1656.03,
                            "Plan Rows": 2,
                            "Plan Width": 8,
                            "Actual Startup Time": 0.647,
                            "Actual Total Time": 1.967,
                            "Actual Rows": 4,
                            "Actual Loops": 1,
                            "Output": [
                                "t.id",
                                "mi_idx.movie_id"
                            ],
                            "Inner Unique": true,
                            "Plans": [
                                {
                                    "Node Type": "Index Scan",
                                    "Parent Relationship": "Outer",
                                    "Parallel Aware": false,
                                    "Scan Direction": "Forward",
                                    "Index Name": "info_type_id_movie_info_idx",
                                    "Relation Name": "movie_info_idx",
                                    "Schema": "public",
                                    "Alias": "mi_idx",
                                    "Startup Cost": 0.43,
                                    "Total Cost": 493.93,
                                    "Plan Rows": 138,
                                    "Plan Width": 4,
                                    "Actual Startup Time": 0.048,
                                    "Actual Total Time": 0.114,
                                    "Actual Rows": 260,
                                    "Actual Loops": 1,
                                    "Output": [
                                        "mi_idx.id",
                                        "mi_idx.movie_id",
                                        "mi_idx.info_type_id",
                                        "mi_idx.info",
                                        "mi_idx.note"
                                    ],
                                    "Index Cond": "(mi_idx.info_type_id > 101)",
                                    "Rows Removed by Index Recheck": 0
                                },
                                {
                                    "Node Type": "Index Scan",
                                    "Parent Relationship": "Inner",
                                    "Parallel Aware": false,
                                    "Scan Direction": "Forward",
                                    "Index Name": "title_pkey",
                                    "Relation Name": "title",
                                    "Schema": "public",
                                    "Alias": "t",
                                    "Startup Cost": 0.43,
                                    "Total Cost": 8.42,
                                    "Plan Rows": 1,
                                    "Plan Width": 4,
                                    "Actual Startup Time": 0.007,
                                    "Actual Total Time": 0.007,
                                    "Actual Rows": 0,
                                    "Actual Loops": 260,
                                    "Output": [
                                        "t.id",
                                        "t.title",
                                        "t.imdb_index",
                                        "t.kind_id",
                                        "t.production_year",
                                        "t.imdb_id",
                                        "t.phonetic_code",
                                        "t.episode_of_id",
                                        "t.season_nr",
                                        "t.episode_nr",
                                        "t.series_years",
                                        "t.md5sum"
                                    ],
                                    "Index Cond": "(t.id = mi_idx.movie_id)",
                                    "Rows Removed by Index Recheck": 0,
                                    "Filter": "(t.production_year = 1997)",
                                    "Rows Removed by Filter": 1
                                }
                            ]
                        },
                        {
                            "Node Type": "Index Scan",
                            "Parent Relationship": "Inner",
                            "Parallel Aware": false,
                            "Scan Direction": "Forward",
                            "Index Name": "movie_id_movie_keyword",
                            "Relation Name": "movie_keyword",
                            "Schema": "public",
                            "Alias": "mk",
                            "Startup Cost": 0.43,
                            "Total Cost": 5.83,
                            "Plan Rows": 18,
                            "Plan Width": 4,
                            "Actual Startup Time": 0.015,
                            "Actual Total Time": 0.03,
                            "Actual Rows": 40,
                            "Actual Loops": 4,
                            "Output": [
                                "mk.id",
                                "mk.movie_id",
                                "mk.keyword_id"
                            ],
                            "Index Cond": "(mk.movie_id = t.id)",
                            "Rows Removed by Index Recheck": 0,
                            "Filter": "(mk.keyword_id > 8232)",
                            "Rows Removed by Filter": 61
                        }
                    ]
                }
            ]
        },
        "Planning Time": 193.066,
        "Triggers": [],
        "Execution Time": 2.223
    }
]