[
  {
    "Plan": {
      "Node Type": "Aggregate",
      "Strategy": "Plain",
      "Partial Mode": "Finalize",
      "Parallel Aware": false,
      "Startup Cost": 233309.15,
      "Total Cost": 233309.16,
      "Plan Rows": 1,
      "Plan Width": 8,
      "Actual Startup Time": 315.153,
      "Actual Total Time": 331.501,
      "Actual Rows": 1,
      "Actual Loops": 1,
      "Plans": [
        {
          "Node Type": "Gather",
          "Parent Relationship": "Outer",
          "Parallel Aware": false,
          "Startup Cost": 233308.52,
          "Total Cost": 233309.13,
          "Plan Rows": 6,
          "Plan Width": 8,
          "Actual Startup Time": 315.054,
          "Actual Total Time": 331.492,
          "Actual Rows": 7,
          "Actual Loops": 1,
          "Workers Planned": 6,
          "Workers Launched": 6,
          "Single Copy": false,
          "Plans": [
            {
              "Node Type": "Aggregate",
              "Strategy": "Plain",
              "Partial Mode": "Partial",
              "Parent Relationship": "Outer",
              "Parallel Aware": false,
              "Startup Cost": 232308.52,
              "Total Cost": 232308.53,
              "Plan Rows": 1,
              "Plan Width": 8,
              "Actual Startup Time": 305.163,
              "Actual Total Time": 305.164,
              "Actual Rows": 1,
              "Actual Loops": 7,
              "Plans": [
                {
                  "Node Type": "Index Scan",
                  "Parent Relationship": "Outer",
                  "Parallel Aware": true,
                  "Scan Direction": "Forward",
                  "Index Name": "role_id_cast_info",
                  "Relation Name": "cast_info",
                  "Alias": "ci",
                  "Startup Cost": 0.56,
                  "Total Cost": 230750.01,
                  "Plan Rows": 623407,
                  "Plan Width": 0,
                  "Actual Startup Time": 0.314,
                  "Actual Total Time": 289.412,
                  "Actual Rows": 266946,
                  "Actual Loops": 7,
                  "Index Cond": "(role_id > 5)",
                  "Rows Removed by Index Recheck": 0,
                  "Filter": "(person_id < 1555821)",
                  "Rows Removed by Filter": 945385
                }
              ]
            }
          ]
        }
      ]
    },
    "Planning Time": 0.207,
    "Triggers": [],
    "Execution Time": 331.563
  }
]