[
  {
    "Plan": {
      "Node Type": "Aggregate",
      "Strategy": "Plain",
      "Partial Mode": "Finalize",
      "Parallel Aware": false,
      "Startup Cost": 91373.85,
      "Total Cost": 91373.86,
      "Plan Rows": 1,
      "Plan Width": 8,
      "Actual Startup Time": 283.115,
      "Actual Total Time": 301.977,
      "Actual Rows": 1,
      "Actual Loops": 1,
      "Plans": [
        {
          "Node Type": "Gather",
          "Parent Relationship": "Outer",
          "Parallel Aware": false,
          "Startup Cost": 91373.53,
          "Total Cost": 91373.84,
          "Plan Rows": 3,
          "Plan Width": 8,
          "Actual Startup Time": 282.65,
          "Actual Total Time": 301.968,
          "Actual Rows": 4,
          "Actual Loops": 1,
          "Workers Planned": 3,
          "Workers Launched": 3,
          "Single Copy": false,
          "Plans": [
            {
              "Node Type": "Aggregate",
              "Strategy": "Plain",
              "Partial Mode": "Partial",
              "Parent Relationship": "Outer",
              "Parallel Aware": false,
              "Startup Cost": 90373.53,
              "Total Cost": 90373.54,
              "Plan Rows": 1,
              "Plan Width": 8,
              "Actual Startup Time": 274.334,
              "Actual Total Time": 274.337,
              "Actual Rows": 1,
              "Actual Loops": 4,
              "Plans": [
                {
                  "Node Type": "Hash Join",
                  "Parent Relationship": "Outer",
                  "Parallel Aware": true,
                  "Join Type": "Inner",
                  "Startup Cost": 44114.08,
                  "Total Cost": 90283.44,
                  "Plan Rows": 36037,
                  "Plan Width": 0,
                  "Actual Startup Time": 102.133,
                  "Actual Total Time": 273.827,
                  "Actual Rows": 10124,
                  "Actual Loops": 4,
                  "Inner Unique": true,
                  "Hash Cond": "(mk.movie_id = t.id)",
                  "Plans": [
                    {
                      "Node Type": "Seq Scan",
                      "Parent Relationship": "Outer",
                      "Parallel Aware": true,
                      "Relation Name": "movie_keyword",
                      "Alias": "mk",
                      "Startup Cost": 0.0,
                      "Total Cost": 42695.65,
                      "Plan Rows": 1323314,
                      "Plan Width": 4,
                      "Actual Startup Time": 0.033,
                      "Actual Total Time": 109.81,
                      "Actual Rows": 1021936,
                      "Actual Loops": 4,
                      "Filter": "(keyword_id > 335)",
                      "Rows Removed by Filter": 109047
                    },
                    {
                      "Node Type": "Hash",
                      "Parent Relationship": "Inner",
                      "Parallel Aware": true,
                      "Startup Cost": 43898.92,
                      "Total Cost": 43898.92,
                      "Plan Rows": 17213,
                      "Plan Width": 4,
                      "Actual Startup Time": 99.954,
                      "Actual Total Time": 99.955,
                      "Actual Rows": 16836,
                      "Actual Loops": 4,
                      "Hash Buckets": 131072,
                      "Original Hash Buckets": 131072,
                      "Hash Batches": 1,
                      "Original Hash Batches": 1,
                      "Peak Memory Usage": 3744,
                      "Plans": [
                        {
                          "Node Type": "Seq Scan",
                          "Parent Relationship": "Outer",
                          "Parallel Aware": true,
                          "Relation Name": "title",
                          "Alias": "t",
                          "Startup Cost": 0.0,
                          "Total Cost": 43898.92,
                          "Plan Rows": 17213,
                          "Plan Width": 4,
                          "Actual Startup Time": 0.087,
                          "Actual Total Time": 92.463,
                          "Actual Rows": 16836,
                          "Actual Loops": 4,
                          "Filter": "(production_year > 2012)",
                          "Rows Removed by Filter": 615242
                        }
                      ]
                    }
                  ]
                }
              ]
            }
          ]
        }
      ]
    },
    "Planning Time": 0.594,
    "Triggers": [],
    "Execution Time": 302.044
  }
]