[
  {
    "Plan": {
      "Node Type": "Aggregate",
      "Strategy": "Plain",
      "Partial Mode": "Finalize",
      "Parallel Aware": false,
      "Startup Cost": 32850.39,
      "Total Cost": 32850.4,
      "Plan Rows": 1,
      "Plan Width": 8,
      "Actual Startup Time": 116.798,
      "Actual Total Time": 126.439,
      "Actual Rows": 1,
      "Actual Loops": 1,
      "Plans": [
        {
          "Node Type": "Gather",
          "Parent Relationship": "Outer",
          "Parallel Aware": false,
          "Startup Cost": 32850.07,
          "Total Cost": 32850.38,
          "Plan Rows": 3,
          "Plan Width": 8,
          "Actual Startup Time": 116.673,
          "Actual Total Time": 126.428,
          "Actual Rows": 4,
          "Actual Loops": 1,
          "Workers Planned": 3,
          "Workers Launched": 3,
          "Single Copy": false,
          "Plans": [
            {
              "Node Type": "Aggregate",
              "Strategy": "Plain",
              "Partial Mode": "Partial",
              "Parent Relationship": "Outer",
              "Parallel Aware": false,
              "Startup Cost": 31850.07,
              "Total Cost": 31850.08,
              "Plan Rows": 1,
              "Plan Width": 8,
              "Actual Startup Time": 108.184,
              "Actual Total Time": 108.186,
              "Actual Rows": 1,
              "Actual Loops": 4,
              "Plans": [
                {
                  "Node Type": "Seq Scan",
                  "Parent Relationship": "Outer",
                  "Parallel Aware": true,
                  "Relation Name": "movie_companies",
                  "Alias": "mc",
                  "Startup Cost": 0.0,
                  "Total Cost": 31414.82,
                  "Plan Rows": 174100,
                  "Plan Width": 0,
                  "Actual Startup Time": 50.228,
                  "Actual Total Time": 96.073,
                  "Actual Rows": 208574,
                  "Actual Loops": 4,
                  "Filter": "((company_id > 14996) AND (company_type_id = 2))",
                  "Rows Removed by Filter": 443709
                }
              ]
            }
          ]
        }
      ]
    },
    "Planning Time": 0.104,
    "Triggers": [],
    "Execution Time": 126.472
  }
]