[
  {
    "Plan": {
      "Node Type": "Aggregate",
      "Strategy": "Plain",
      "Partial Mode": "Finalize",
      "Parallel Aware": false,
      "Startup Cost": 32840.53,
      "Total Cost": 32840.54,
      "Plan Rows": 1,
      "Plan Width": 8,
      "Actual Startup Time": 97.555,
      "Actual Total Time": 105.351,
      "Actual Rows": 1,
      "Actual Loops": 1,
      "Plans": [
        {
          "Node Type": "Gather",
          "Parent Relationship": "Outer",
          "Parallel Aware": false,
          "Startup Cost": 32840.22,
          "Total Cost": 32840.53,
          "Plan Rows": 3,
          "Plan Width": 8,
          "Actual Startup Time": 97.447,
          "Actual Total Time": 105.343,
          "Actual Rows": 4,
          "Actual Loops": 1,
          "Workers Planned": 3,
          "Workers Launched": 3,
          "Single Copy": false,
          "Plans": [
            {
              "Node Type": "Aggregate",
              "Strategy": "Plain",
              "Partial Mode": "Partial",
              "Parent Relationship": "Outer",
              "Parallel Aware": false,
              "Startup Cost": 31840.22,
              "Total Cost": 31840.23,
              "Plan Rows": 1,
              "Plan Width": 8,
              "Actual Startup Time": 91.682,
              "Actual Total Time": 91.683,
              "Actual Rows": 1,
              "Actual Loops": 4,
              "Plans": [
                {
                  "Node Type": "Seq Scan",
                  "Parent Relationship": "Outer",
                  "Parallel Aware": true,
                  "Relation Name": "movie_companies",
                  "Alias": "mc",
                  "Startup Cost": 0.0,
                  "Total Cost": 31414.82,
                  "Plan Rows": 170159,
                  "Plan Width": 0,
                  "Actual Startup Time": 46.878,
                  "Actual Total Time": 82.876,
                  "Actual Rows": 208574,
                  "Actual Loops": 4,
                  "Filter": "((company_id > 14996) AND (company_type_id = 2))",
                  "Rows Removed by Filter": 443709
                }
              ]
            }
          ]
        }
      ]
    },
    "Planning Time": 0.195,
    "Triggers": [],
    "Execution Time": 105.402
  }
]