[
  {
    "Plan": {
      "Node Type": "Aggregate",
      "Strategy": "Plain",
      "Partial Mode": "Finalize",
      "Parallel Aware": false,
      "Startup Cost": 46904.99,
      "Total Cost": 46905.0,
      "Plan Rows": 1,
      "Plan Width": 8,
      "Actual Startup Time": 161.076,
      "Actual Total Time": 170.239,
      "Actual Rows": 1,
      "Actual Loops": 1,
      "Plans": [
        {
          "Node Type": "Gather",
          "Parent Relationship": "Outer",
          "Parallel Aware": false,
          "Startup Cost": 46904.67,
          "Total Cost": 46904.98,
          "Plan Rows": 3,
          "Plan Width": 8,
          "Actual Startup Time": 160.979,
          "Actual Total Time": 170.233,
          "Actual Rows": 4,
          "Actual Loops": 1,
          "Workers Planned": 3,
          "Workers Launched": 3,
          "Single Copy": false,
          "Plans": [
            {
              "Node Type": "Aggregate",
              "Strategy": "Plain",
              "Partial Mode": "Partial",
              "Parent Relationship": "Outer",
              "Parallel Aware": false,
              "Startup Cost": 45904.67,
              "Total Cost": 45904.68,
              "Plan Rows": 1,
              "Plan Width": 8,
              "Actual Startup Time": 157.828,
              "Actual Total Time": 157.829,
              "Actual Rows": 1,
              "Actual Loops": 4,
              "Plans": [
                {
                  "Node Type": "Seq Scan",
                  "Parent Relationship": "Outer",
                  "Parallel Aware": true,
                  "Relation Name": "movie_keyword",
                  "Alias": "mk",
                  "Startup Cost": 0.0,
                  "Total Cost": 42695.65,
                  "Plan Rows": 1283608,
                  "Plan Width": 0,
                  "Actual Startup Time": 0.025,
                  "Actual Total Time": 115.688,
                  "Actual Rows": 994867,
                  "Actual Loops": 4,
                  "Filter": "(keyword_id < 33755)",
                  "Rows Removed by Filter": 136116
                }
              ]
            }
          ]
        }
      ]
    },
    "Planning Time": 0.069,
    "Triggers": [],
    "Execution Time": 170.26
  }
]