{
  "Plan": {
    "Node Type": "Aggregate",
    "Strategy": "Plain",
    "Partial Mode": "Finalize",
    "Parallel Aware": false,
    "Startup Cost": 166037.48,
    "Total Cost": 166037.49,
    "Plan Rows": 1,
    "Plan Width": 8,
    "Actual Startup Time": 985.092,
    "Actual Total Time": 1006.194,
    "Actual Rows": 1,
    "Actual Loops": 1,
    "Plans": [
      {
        "Node Type": "Gather",
        "Parent Relationship": "Outer",
        "Parallel Aware": false,
        "Startup Cost": 166037.37,
        "Total Cost": 166037.48,
        "Plan Rows": 1,
        "Plan Width": 8,
        "Actual Startup Time": 984.813,
        "Actual Total Time": 1006.185,
        "Actual Rows": 2,
        "Actual Loops": 1,
        "Workers Planned": 1,
        "Workers Launched": 1,
        "Single Copy": false,
        "Plans": [
          {
            "Node Type": "Aggregate",
            "Strategy": "Plain",
            "Partial Mode": "Partial",
            "Parent Relationship": "Outer",
            "Parallel Aware": false,
            "Startup Cost": 165037.37,
            "Total Cost": 165037.38,
            "Plan Rows": 1,
            "Plan Width": 8,
            "Actual Startup Time": 980.612,
            "Actual Total Time": 980.613,
            "Actual Rows": 1,
            "Actual Loops": 2,
            "Plans": [
              {
                "Node Type": "Merge Join",
                "Parent Relationship": "Outer",
                "Parallel Aware": false,
                "Join Type": "Inner",
                "Startup Cost": 3.07,
                "Total Cost": 164389.56,
                "Plan Rows": 259123,
                "Plan Width": 0,
                "Actual Startup Time": 2.585,
                "Actual Total Time": 968.913,
                "Actual Rows": 272971,
                "Actual Loops": 2,
                "Inner Unique": false,
                "Merge Cond": "(t.id = mi_idx.movie_id)",
                "Plans": [
                  {
                    "Node Type": "Index Scan",
                    "Parent Relationship": "Outer",
                    "Parallel Aware": true,
                    "Scan Direction": "Forward",
                    "Index Name": "title_pkey",
                    "Relation Name": "title",
                    "Alias": "t",
                    "Startup Cost": 0.43,
                    "Total Cost": 103647.43,
                    "Plan Rows": 474726,
                    "Plan Width": 4,
                    "Actual Startup Time": 1.751,
                    "Actual Total Time": 618.046,
                    "Actual Rows": 406010,
                    "Actual Loops": 2,
                    "Filter": "(production_year < 1995)",
                    "Rows Removed by Filter": 856958
                  },
                  {
                    "Node Type": "Index Only Scan",
                    "Parent Relationship": "Inner",
                    "Parallel Aware": false,
                    "Scan Direction": "Forward",
                    "Index Name": "movie_id_movie_info_idx",
                    "Relation Name": "movie_info_idx",
                    "Alias": "mi_idx",
                    "Startup Cost": 0.43,
                    "Total Cost": 53620.22,
                    "Plan Rows": 1380035,
                    "Plan Width": 4,
                    "Actual Startup Time": 0.113,
                    "Actual Total Time": 252.64,
                    "Actual Rows": 1380035,
                    "Actual Loops": 2,
                    "Heap Fetches": 2760070
                  }
                ]
              }
            ]
          }
        ]
      }
    ]
  },
  "Planning Time": 0.6,
  "Triggers": [],
  "Execution Time": 1006.266
}