[
  {
    "Plan": {
      "Node Type": "Aggregate",
      "Strategy": "Plain",
      "Partial Mode": "Finalize",
      "Parallel Aware": false,
      "Startup Cost": 114708.51,
      "Total Cost": 114708.52,
      "Plan Rows": 1,
      "Plan Width": 8,
      "Actual Startup Time": 1195.717,
      "Actual Total Time": 1277.412,
      "Actual Rows": 1,
      "Actual Loops": 1,
      "Plans": [
        {
          "Node Type": "Gather",
          "Parent Relationship": "Outer",
          "Parallel Aware": false,
          "Startup Cost": 114708.09,
          "Total Cost": 114708.5,
          "Plan Rows": 4,
          "Plan Width": 8,
          "Actual Startup Time": 1194.967,
          "Actual Total Time": 1277.403,
          "Actual Rows": 5,
          "Actual Loops": 1,
          "Workers Planned": 4,
          "Workers Launched": 4,
          "Single Copy": false,
          "Plans": [
            {
              "Node Type": "Aggregate",
              "Strategy": "Plain",
              "Partial Mode": "Partial",
              "Parent Relationship": "Outer",
              "Parallel Aware": false,
              "Startup Cost": 113708.09,
              "Total Cost": 113708.1,
              "Plan Rows": 1,
              "Plan Width": 8,
              "Actual Startup Time": 1184.486,
              "Actual Total Time": 1184.49,
              "Actual Rows": 1,
              "Actual Loops": 5,
              "Plans": [
                {
                  "Node Type": "Nested Loop",
                  "Parent Relationship": "Outer",
                  "Parallel Aware": false,
                  "Join Type": "Inner",
                  "Startup Cost": 23428.33,
                  "Total Cost": 112987.5,
                  "Plan Rows": 288236,
                  "Plan Width": 0,
                  "Actual Startup Time": 63.841,
                  "Actual Total Time": 1151.559,
                  "Actual Rows": 631851,
                  "Actual Loops": 5,
                  "Inner Unique": false,
                  "Plans": [
                    {
                      "Node Type": "Hash Join",
                      "Parent Relationship": "Outer",
                      "Parallel Aware": true,
                      "Join Type": "Inner",
                      "Startup Cost": 23427.77,
                      "Total Cost": 68971.76,
                      "Plan Rows": 20116,
                      "Plan Width": 8,
                      "Actual Startup Time": 63.738,
                      "Actual Total Time": 249.338,
                      "Actual Rows": 25588,
                      "Actual Loops": 5,
                      "Inner Unique": false,
                      "Hash Cond": "(t.id = mc.movie_id)",
                      "Plans": [
                        {
                          "Node Type": "Seq Scan",
                          "Parent Relationship": "Outer",
                          "Parallel Aware": true,
                          "Relation Name": "title",
                          "Alias": "t",
                          "Startup Cost": 0.0,
                          "Total Cost": 42318.73,
                          "Plan Rows": 632073,
                          "Plan Width": 4,
                          "Actual Startup Time": 0.01,
                          "Actual Total Time": 61.904,
                          "Actual Rows": 505662,
                          "Actual Loops": 5
                        },
                        {
                          "Node Type": "Hash",
                          "Parent Relationship": "Inner",
                          "Parallel Aware": true,
                          "Startup Cost": 23103.33,
                          "Total Cost": 23103.33,
                          "Plan Rows": 25955,
                          "Plan Width": 4,
                          "Actual Startup Time": 62.215,
                          "Actual Total Time": 62.216,
                          "Actual Rows": 25588,
                          "Actual Loops": 5,
                          "Hash Buckets": 131072,
                          "Original Hash Buckets": 131072,
                          "Hash Batches": 1,
                          "Original Hash Batches": 1,
                          "Peak Memory Usage": 6144,
                          "Plans": [
                            {
                              "Node Type": "Bitmap Heap Scan",
                              "Parent Relationship": "Outer",
                              "Parallel Aware": true,
                              "Relation Name": "movie_companies",
                              "Alias": "mc",
                              "Startup Cost": 3522.44,
                              "Total Cost": 23103.33,
                              "Plan Rows": 25955,
                              "Plan Width": 4,
                              "Actual Startup Time": 15.927,
                              "Actual Total Time": 49.343,
                              "Actual Rows": 25588,
                              "Actual Loops": 5,
                              "Recheck Cond": "(company_id < 33)",
                              "Rows Removed by Index Recheck": 0,
                              "Filter": "(company_type_id = 1)",
                              "Rows Removed by Filter": 7631,
                              "Exact Heap Blocks": 7315,
                              "Lossy Heap Blocks": 0,
                              "Plans": [
                                {
                                  "Node Type": "Bitmap Index Scan",
                                  "Parent Relationship": "Outer",
                                  "Parallel Aware": false,
                                  "Index Name": "company_id_movie_companies",
                                  "Startup Cost": 0.0,
                                  "Total Cost": 3502.32,
                                  "Plan Rows": 163452,
                                  "Plan Width": 0,
                                  "Actual Startup Time": 17.471,
                                  "Actual Total Time": 17.471,
                                  "Actual Rows": 166096,
                                  "Actual Loops": 1,
                                  "Index Cond": "(company_id < 33)"
                                }
                              ]
                            }
                          ]
                        }
                      ]
                    },
                    {
                      "Node Type": "Index Only Scan",
                      "Parent Relationship": "Inner",
                      "Parallel Aware": false,
                      "Scan Direction": "Forward",
                      "Index Name": "movie_id_cast_info",
                      "Relation Name": "cast_info",
                      "Alias": "ci",
                      "Startup Cost": 0.56,
                      "Total Cost": 1.82,
                      "Plan Rows": 37,
                      "Plan Width": 4,
                      "Actual Startup Time": 0.006,
                      "Actual Total Time": 0.033,
                      "Actual Rows": 25,
                      "Actual Loops": 127941,
                      "Index Cond": "(movie_id = t.id)",
                      "Rows Removed by Index Recheck": 0,
                      "Heap Fetches": 3159256
                    }
                  ]
                }
              ]
            }
          ]
        }
      ]
    },
    "Planning Time": 1.446,
    "Triggers": [],
    "Execution Time": 1277.544
  }
]