[
    {
        "Bao": {
            "Bao prediction": "NaN",
            "Bao recommended hint": "(no hint)"
        }
    },
    {
        "Plan": {
            "Node Type": "Aggregate",
            "Strategy": "Plain",
            "Partial Mode": "Finalize",
            "Parallel Aware": false,
            "Startup Cost": 297300.69,
            "Total Cost": 297300.7,
            "Plan Rows": 1,
            "Plan Width": 8,
            "Actual Startup Time": 203.413,
            "Actual Total Time": 208.943,
            "Actual Rows": 1,
            "Actual Loops": 1,
            "Output": [
                "count(*)"
            ],
            "Plans": [
                {
                    "Node Type": "Gather",
                    "Parent Relationship": "Outer",
                    "Parallel Aware": false,
                    "Startup Cost": 297300.07,
                    "Total Cost": 297300.68,
                    "Plan Rows": 6,
                    "Plan Width": 8,
                    "Actual Startup Time": 203.132,
                    "Actual Total Time": 208.934,
                    "Actual Rows": 7,
                    "Actual Loops": 1,
                    "Output": [
                        "(PARTIAL count(*))"
                    ],
                    "Workers Planned": 6,
                    "Workers Launched": 6,
                    "Single Copy": false,
                    "Plans": [
                        {
                            "Node Type": "Aggregate",
                            "Strategy": "Plain",
                            "Partial Mode": "Partial",
                            "Parent Relationship": "Outer",
                            "Parallel Aware": false,
                            "Startup Cost": 296300.07,
                            "Total Cost": 296300.08,
                            "Plan Rows": 1,
                            "Plan Width": 8,
                            "Actual Startup Time": 192.634,
                            "Actual Total Time": 192.635,
                            "Actual Rows": 1,
                            "Actual Loops": 7,
                            "Output": [
                                "PARTIAL count(*)"
                            ],
                            "Workers": [
                                {
                                    "Worker Number": 0,
                                    "Actual Startup Time": 190.062,
                                    "Actual Total Time": 190.063,
                                    "Actual Rows": 1,
                                    "Actual Loops": 1
                                },
                                {
                                    "Worker Number": 1,
                                    "Actual Startup Time": 190.52,
                                    "Actual Total Time": 190.521,
                                    "Actual Rows": 1,
                                    "Actual Loops": 1
                                },
                                {
                                    "Worker Number": 2,
                                    "Actual Startup Time": 190.745,
                                    "Actual Total Time": 190.746,
                                    "Actual Rows": 1,
                                    "Actual Loops": 1
                                },
                                {
                                    "Worker Number": 3,
                                    "Actual Startup Time": 191.31,
                                    "Actual Total Time": 191.312,
                                    "Actual Rows": 1,
                                    "Actual Loops": 1
                                },
                                {
                                    "Worker Number": 4,
                                    "Actual Startup Time": 191.543,
                                    "Actual Total Time": 191.545,
                                    "Actual Rows": 1,
                                    "Actual Loops": 1
                                },
                                {
                                    "Worker Number": 5,
                                    "Actual Startup Time": 191.665,
                                    "Actual Total Time": 191.667,
                                    "Actual Rows": 1,
                                    "Actual Loops": 1
                                }
                            ],
                            "Plans": [
                                {
                                    "Node Type": "Bitmap Heap Scan",
                                    "Parent Relationship": "Outer",
                                    "Parallel Aware": true,
                                    "Relation Name": "cast_info",
                                    "Schema": "public",
                                    "Alias": "ci",
                                    "Startup Cost": 39176.85,
                                    "Total Cost": 295560.7,
                                    "Plan Rows": 295748,
                                    "Plan Width": 0,
                                    "Actual Startup Time": 99.101,
                                    "Actual Total Time": 174.422,
                                    "Actual Rows": 255732,
                                    "Actual Loops": 7,
                                    "Recheck Cond": "(ci.person_id < 177751)",
                                    "Rows Removed by Index Recheck": 0,
                                    "Exact Heap Blocks": 3393,
                                    "Lossy Heap Blocks": 0,
                                    "Workers": [
                                        {
                                            "Worker Number": 0,
                                            "Actual Startup Time": 96.469,
                                            "Actual Total Time": 172.96,
                                            "Actual Rows": 208301,
                                            "Actual Loops": 1
                                        },
                                        {
                                            "Worker Number": 1,
                                            "Actual Startup Time": 97.195,
                                            "Actual Total Time": 172.655,
                                            "Actual Rows": 209334,
                                            "Actual Loops": 1
                                        },
                                        {
                                            "Worker Number": 2,
                                            "Actual Startup Time": 97.625,
                                            "Actual Total Time": 173.409,
                                            "Actual Rows": 210141,
                                            "Actual Loops": 1
                                        },
                                        {
                                            "Worker Number": 3,
                                            "Actual Startup Time": 97.715,
                                            "Actual Total Time": 173.541,
                                            "Actual Rows": 273904,
                                            "Actual Loops": 1
                                        },
                                        {
                                            "Worker Number": 4,
                                            "Actual Startup Time": 98.098,
                                            "Actual Total Time": 173.628,
                                            "Actual Rows": 273404,
                                            "Actual Loops": 1
                                        },
                                        {
                                            "Worker Number": 5,
                                            "Actual Startup Time": 98.051,
                                            "Actual Total Time": 173.875,
                                            "Actual Rows": 273048,
                                            "Actual Loops": 1
                                        }
                                    ],
                                    "Plans": [
                                        {
                                            "Node Type": "Bitmap Index Scan",
                                            "Parent Relationship": "Outer",
                                            "Parallel Aware": false,
                                            "Index Name": "person_id_cast_info",
                                            "Startup Cost": 0.0,
                                            "Total Cost": 38733.23,
                                            "Plan Rows": 1774488,
                                            "Plan Width": 0,
                                            "Actual Startup Time": 104.067,
                                            "Actual Total Time": 104.068,
                                            "Actual Rows": 1790124,
                                            "Actual Loops": 1,
                                            "Index Cond": "(ci.person_id < 177751)"
                                        }
                                    ]
                                }
                            ]
                        }
                    ]
                }
            ]
        },
        "Planning Time": 275.882,
        "Triggers": [],
        "Execution Time": 209.02
    }
]