{
  "Plan": {
    "Node Type": "Aggregate",
    "Strategy": "Plain",
    "Partial Mode": "Finalize",
    "Parallel Aware": false,
    "Startup Cost": 2822217.24,
    "Total Cost": 2822217.25,
    "Plan Rows": 1,
    "Plan Width": 8,
    "Actual Startup Time": 24282.842,
    "Actual Total Time": 24377.905,
    "Actual Rows": 1,
    "Actual Loops": 1,
    "Plans": [
      {
        "Node Type": "Gather",
        "Parent Relationship": "Outer",
        "Parallel Aware": false,
        "Startup Cost": 2822217.13,
        "Total Cost": 2822217.24,
        "Plan Rows": 1,
        "Plan Width": 8,
        "Actual Startup Time": 24259.864,
        "Actual Total Time": 24377.889,
        "Actual Rows": 2,
        "Actual Loops": 1,
        "Workers Planned": 1,
        "Workers Launched": 1,
        "Single Copy": false,
        "Plans": [
          {
            "Node Type": "Aggregate",
            "Strategy": "Plain",
            "Partial Mode": "Partial",
            "Parent Relationship": "Outer",
            "Parallel Aware": false,
            "Startup Cost": 2821217.13,
            "Total Cost": 2821217.14,
            "Plan Rows": 1,
            "Plan Width": 8,
            "Actual Startup Time": 24253.589,
            "Actual Total Time": 24253.597,
            "Actual Rows": 1,
            "Actual Loops": 2,
            "Plans": [
              {
                "Node Type": "Merge Join",
                "Parent Relationship": "Outer",
                "Parallel Aware": false,
                "Join Type": "Inner",
                "Startup Cost": 1477407.87,
                "Total Cost": 2777807.65,
                "Plan Rows": 17363792,
                "Plan Width": 0,
                "Actual Startup Time": 9643.198,
                "Actual Total Time": 21699.403,
                "Actual Rows": 68981616,
                "Actual Loops": 2,
                "Inner Unique": false,
                "Merge Cond": "(mi.movie_id = t.id)",
                "Plans": [
                  {
                    "Node Type": "Index Only Scan",
                    "Parent Relationship": "Outer",
                    "Parallel Aware": true,
                    "Scan Direction": "Forward",
                    "Index Name": "movie_id_movie_info",
                    "Relation Name": "movie_info",
                    "Alias": "mi",
                    "Startup Cost": 0.43,
                    "Total Cost": 1018223.42,
                    "Plan Rows": 8696274,
                    "Plan Width": 4,
                    "Actual Startup Time": 0.114,
                    "Actual Total Time": 2608.321,
                    "Actual Rows": 7417508,
                    "Actual Loops": 2,
                    "Heap Fetches": 14835017
                  },
                  {
                    "Node Type": "Sort",
                    "Parent Relationship": "Inner",
                    "Parallel Aware": false,
                    "Startup Cost": 1477406.3,
                    "Total Cost": 1490026.86,
                    "Plan Rows": 5048226,
                    "Plan Width": 8,
                    "Actual Startup Time": 9496.137,
                    "Actual Total Time": 12751.808,
                    "Actual Rows": 71392096,
                    "Actual Loops": 2,
                    "Sort Key": [
                      "t.id"
                    ],
                    "Sort Method": "quicksort",
                    "Sort Space Used": 423636,
                    "Sort Space Type": "Memory",
                    "Workers": [
                      {
                        "Worker Number": 0,
                        "Sort Method": "quicksort",
                        "Sort Space Used": 423636,
                        "Sort Space Type": "Memory"
                      }
                    ],
                    "Plans": [
                      {
                        "Node Type": "Hash Join",
                        "Parent Relationship": "Outer",
                        "Parallel Aware": false,
                        "Join Type": "Inner",
                        "Startup Cost": 65755.7,
                        "Total Cost": 915353.35,
                        "Plan Rows": 5048226,
                        "Plan Width": 8,
                        "Actual Startup Time": 1566.938,
                        "Actual Total Time": 8208.577,
                        "Actual Rows": 4843245,
                        "Actual Loops": 2,
                        "Inner Unique": true,
                        "Hash Cond": "(ci.movie_id = t.id)",
                        "Plans": [
                          {
                            "Node Type": "Seq Scan",
                            "Parent Relationship": "Outer",
                            "Parallel Aware": false,
                            "Relation Name": "cast_info",
                            "Alias": "ci",
                            "Startup Cost": 0.0,
                            "Total Cost": 796107.18,
                            "Plan Rows": 20377286,
                            "Plan Width": 4,
                            "Actual Startup Time": 1278.839,
                            "Actual Total Time": 3813.962,
                            "Actual Rows": 18589774,
                            "Actual Loops": 2,
                            "Filter": "((person_id < 3171990) AND (role_id > 1))",
                            "Rows Removed by Filter": 17654570
                          },
                          {
                            "Node Type": "Hash",
                            "Parent Relationship": "Inner",
                            "Parallel Aware": false,
                            "Startup Cost": 57926.28,
                            "Total Cost": 57926.28,
                            "Plan Rows": 626354,
                            "Plan Width": 4,
                            "Actual Startup Time": 284.33,
                            "Actual Total Time": 284.333,
                            "Actual Rows": 634290,
                            "Actual Loops": 2,
                            "Hash Buckets": 1048576,
                            "Original Hash Buckets": 1048576,
                            "Hash Batches": 1,
                            "Original Hash Batches": 1,
                            "Peak Memory Usage": 30492,
                            "Plans": [
                              {
                                "Node Type": "Bitmap Heap Scan",
                                "Parent Relationship": "Outer",
                                "Parallel Aware": false,
                                "Relation Name": "title",
                                "Alias": "t",
                                "Startup Cost": 11979.44,
                                "Total Cost": 57926.28,
                                "Plan Rows": 626354,
                                "Plan Width": 4,
                                "Actual Startup Time": 27.036,
                                "Actual Total Time": 151.587,
                                "Actual Rows": 634290,
                                "Actual Loops": 2,
                                "Recheck Cond": "(kind_id = 1)",
                                "Rows Removed by Index Recheck": 0,
                                "Filter": "(production_year < 2013)",
                                "Rows Removed by Filter": 28535,
                                "Exact Heap Blocks": 12863,
                                "Lossy Heap Blocks": 0,
                                "Plans": [
                                  {
                                    "Node Type": "Bitmap Index Scan",
                                    "Parent Relationship": "Outer",
                                    "Parallel Aware": false,
                                    "Index Name": "kind_id_title",
                                    "Startup Cost": 0.0,
                                    "Total Cost": 11822.85,
                                    "Plan Rows": 663256,
                                    "Plan Width": 0,
                                    "Actual Startup Time": 25.111,
                                    "Actual Total Time": 25.111,
                                    "Actual Rows": 662825,
                                    "Actual Loops": 2,
                                    "Index Cond": "(kind_id = 1)"
                                  }
                                ]
                              }
                            ]
                          }
                        ]
                      }
                    ]
                  }
                ]
              }
            ]
          }
        ]
      }
    ]
  },
  "Planning Time": 1.142,
  "Triggers": [],
  "Execution Time": 24417.13
}