[
  {
    "Plan": {
      "Node Type": "Aggregate",
      "Strategy": "Plain",
      "Partial Mode": "Finalize",
      "Parallel Aware": false,
      "Startup Cost": 46645.28,
      "Total Cost": 46645.29,
      "Plan Rows": 1,
      "Plan Width": 8,
      "Actual Startup Time": 172.362,
      "Actual Total Time": 179.239,
      "Actual Rows": 1,
      "Actual Loops": 1,
      "Plans": [
        {
          "Node Type": "Gather",
          "Parent Relationship": "Outer",
          "Parallel Aware": false,
          "Startup Cost": 46644.97,
          "Total Cost": 46645.28,
          "Plan Rows": 3,
          "Plan Width": 8,
          "Actual Startup Time": 172.217,
          "Actual Total Time": 179.23,
          "Actual Rows": 4,
          "Actual Loops": 1,
          "Workers Planned": 3,
          "Workers Launched": 3,
          "Single Copy": false,
          "Plans": [
            {
              "Node Type": "Aggregate",
              "Strategy": "Plain",
              "Partial Mode": "Partial",
              "Parent Relationship": "Outer",
              "Parallel Aware": false,
              "Startup Cost": 45644.97,
              "Total Cost": 45644.98,
              "Plan Rows": 1,
              "Plan Width": 8,
              "Actual Startup Time": 168.544,
              "Actual Total Time": 168.545,
              "Actual Rows": 1,
              "Actual Loops": 4,
              "Plans": [
                {
                  "Node Type": "Seq Scan",
                  "Parent Relationship": "Outer",
                  "Parallel Aware": true,
                  "Relation Name": "movie_keyword",
                  "Alias": "mk",
                  "Startup Cost": 0.0,
                  "Total Cost": 42695.65,
                  "Plan Rows": 1179725,
                  "Plan Width": 0,
                  "Actual Startup Time": 0.025,
                  "Actual Total Time": 124.0,
                  "Actual Rows": 916266,
                  "Actual Loops": 4,
                  "Filter": "(keyword_id < 21397)",
                  "Rows Removed by Filter": 214716
                }
              ]
            }
          ]
        }
      ]
    },
    "Planning Time": 0.07,
    "Triggers": [],
    "Execution Time": 179.265
  }
]