[
  {
    "Plan": {
      "Node Type": "Aggregate",
      "Strategy": "Plain",
      "Partial Mode": "Finalize",
      "Parallel Aware": false,
      "Startup Cost": 47387.3,
      "Total Cost": 47387.31,
      "Plan Rows": 1,
      "Plan Width": 8,
      "Actual Startup Time": 115.451,
      "Actual Total Time": 128.473,
      "Actual Rows": 1,
      "Actual Loops": 1,
      "Plans": [
        {
          "Node Type": "Gather",
          "Parent Relationship": "Outer",
          "Parallel Aware": false,
          "Startup Cost": 47386.88,
          "Total Cost": 47387.29,
          "Plan Rows": 4,
          "Plan Width": 8,
          "Actual Startup Time": 115.1,
          "Actual Total Time": 128.459,
          "Actual Rows": 5,
          "Actual Loops": 1,
          "Workers Planned": 4,
          "Workers Launched": 4,
          "Single Copy": false,
          "Plans": [
            {
              "Node Type": "Aggregate",
              "Strategy": "Plain",
              "Partial Mode": "Partial",
              "Parent Relationship": "Outer",
              "Parallel Aware": false,
              "Startup Cost": 46386.88,
              "Total Cost": 46386.89,
              "Plan Rows": 1,
              "Plan Width": 8,
              "Actual Startup Time": 107.638,
              "Actual Total Time": 107.64,
              "Actual Rows": 1,
              "Actual Loops": 5,
              "Plans": [
                {
                  "Node Type": "Seq Scan",
                  "Parent Relationship": "Outer",
                  "Parallel Aware": true,
                  "Relation Name": "title",
                  "Alias": "t",
                  "Startup Cost": 0.0,
                  "Total Cost": 45479.59,
                  "Plan Rows": 362916,
                  "Plan Width": 0,
                  "Actual Startup Time": 0.047,
                  "Actual Total Time": 92.447,
                  "Actual Rows": 295688,
                  "Actual Loops": 5,
                  "Filter": "((production_year > 1917) AND (kind_id = 7))",
                  "Rows Removed by Filter": 209975
                }
              ]
            }
          ]
        }
      ]
    },
    "Planning Time": 0.134,
    "Triggers": [],
    "Execution Time": 128.516
  }
]