[
  {
    "Plan": {
      "Node Type": "Aggregate",
      "Strategy": "Plain",
      "Partial Mode": "Finalize",
      "Parallel Aware": false,
      "Startup Cost": 352756.28,
      "Total Cost": 352756.29,
      "Plan Rows": 1,
      "Plan Width": 8,
      "Actual Startup Time": 915.769,
      "Actual Total Time": 973.077,
      "Actual Rows": 1,
      "Actual Loops": 1,
      "Plans": [
        {
          "Node Type": "Gather",
          "Parent Relationship": "Outer",
          "Parallel Aware": false,
          "Startup Cost": 352755.65,
          "Total Cost": 352756.26,
          "Plan Rows": 6,
          "Plan Width": 8,
          "Actual Startup Time": 915.644,
          "Actual Total Time": 973.066,
          "Actual Rows": 7,
          "Actual Loops": 1,
          "Workers Planned": 6,
          "Workers Launched": 6,
          "Single Copy": false,
          "Plans": [
            {
              "Node Type": "Aggregate",
              "Strategy": "Plain",
              "Partial Mode": "Partial",
              "Parent Relationship": "Outer",
              "Parallel Aware": false,
              "Startup Cost": 351755.65,
              "Total Cost": 351755.66,
              "Plan Rows": 1,
              "Plan Width": 8,
              "Actual Startup Time": 907.534,
              "Actual Total Time": 907.536,
              "Actual Rows": 1,
              "Actual Loops": 7,
              "Plans": [
                {
                  "Node Type": "Seq Scan",
                  "Parent Relationship": "Outer",
                  "Parallel Aware": true,
                  "Relation Name": "cast_info",
                  "Alias": "ci",
                  "Startup Cost": 0.0,
                  "Total Cost": 343257.03,
                  "Plan Rows": 3399450,
                  "Plan Width": 0,
                  "Actual Startup Time": 0.043,
                  "Actual Total Time": 755.233,
                  "Actual Rows": 3214726,
                  "Actual Loops": 7,
                  "Filter": "((person_id < 2403874) AND (role_id < 10))",
                  "Rows Removed by Filter": 1963037
                }
              ]
            }
          ]
        }
      ]
    },
    "Planning Time": 0.148,
    "Triggers": [],
    "Execution Time": 973.132
  }
]