[
  {
    "Plan": {
      "Node Type": "Aggregate",
      "Strategy": "Plain",
      "Partial Mode": "Finalize",
      "Parallel Aware": false,
      "Startup Cost": 99041.2,
      "Total Cost": 99041.21,
      "Plan Rows": 1,
      "Plan Width": 8,
      "Actual Startup Time": 1008.701,
      "Actual Total Time": 1050.269,
      "Actual Rows": 1,
      "Actual Loops": 1,
      "Plans": [
        {
          "Node Type": "Gather",
          "Parent Relationship": "Outer",
          "Parallel Aware": false,
          "Startup Cost": 99040.88,
          "Total Cost": 99041.19,
          "Plan Rows": 3,
          "Plan Width": 8,
          "Actual Startup Time": 1007.495,
          "Actual Total Time": 1050.258,
          "Actual Rows": 4,
          "Actual Loops": 1,
          "Workers Planned": 3,
          "Workers Launched": 3,
          "Single Copy": false,
          "Plans": [
            {
              "Node Type": "Aggregate",
              "Strategy": "Plain",
              "Partial Mode": "Partial",
              "Parent Relationship": "Outer",
              "Parallel Aware": false,
              "Startup Cost": 98040.88,
              "Total Cost": 98040.89,
              "Plan Rows": 1,
              "Plan Width": 8,
              "Actual Startup Time": 1002.238,
              "Actual Total Time": 1002.243,
              "Actual Rows": 1,
              "Actual Loops": 4,
              "Plans": [
                {
                  "Node Type": "Nested Loop",
                  "Parent Relationship": "Outer",
                  "Parallel Aware": false,
                  "Join Type": "Inner",
                  "Startup Cost": 45659.13,
                  "Total Cost": 97903.95,
                  "Plan Rows": 54773,
                  "Plan Width": 0,
                  "Actual Startup Time": 135.813,
                  "Actual Total Time": 944.128,
                  "Actual Rows": 1009286,
                  "Actual Loops": 4,
                  "Inner Unique": false,
                  "Join Filter": "(t.id = mi.movie_id)",
                  "Rows Removed by Join Filter": 0,
                  "Plans": [
                    {
                      "Node Type": "Hash Join",
                      "Parent Relationship": "Outer",
                      "Parallel Aware": true,
                      "Join Type": "Inner",
                      "Startup Cost": 45658.7,
                      "Total Cost": 76049.6,
                      "Plan Rows": 9328,
                      "Plan Width": 8,
                      "Actual Startup Time": 135.699,
                      "Actual Total Time": 279.129,
                      "Actual Rows": 46630,
                      "Actual Loops": 4,
                      "Inner Unique": true,
                      "Hash Cond": "(mc.movie_id = t.id)",
                      "Plans": [
                        {
                          "Node Type": "Seq Scan",
                          "Parent Relationship": "Outer",
                          "Parallel Aware": true,
                          "Relation Name": "movie_companies",
                          "Alias": "mc",
                          "Startup Cost": 0.0,
                          "Total Cost": 29310.68,
                          "Plan Rows": 411513,
                          "Plan Width": 4,
                          "Actual Startup Time": 0.011,
                          "Actual Total Time": 80.7,
                          "Actual Rows": 318562,
                          "Actual Loops": 4,
                          "Filter": "(company_type_id = 1)",
                          "Rows Removed by Filter": 333721
                        },
                        {
                          "Node Type": "Hash",
                          "Parent Relationship": "Inner",
                          "Parallel Aware": true,
                          "Startup Cost": 45479.59,
                          "Total Cost": 45479.59,
                          "Plan Rows": 14329,
                          "Plan Width": 4,
                          "Actual Startup Time": 133.296,
                          "Actual Total Time": 133.298,
                          "Actual Rows": 39890,
                          "Actual Loops": 4,
                          "Hash Buckets": 262144,
                          "Original Hash Buckets": 65536,
                          "Hash Batches": 1,
                          "Original Hash Batches": 1,
                          "Peak Memory Usage": 9920,
                          "Plans": [
                            {
                              "Node Type": "Seq Scan",
                              "Parent Relationship": "Outer",
                              "Parallel Aware": true,
                              "Relation Name": "title",
                              "Alias": "t",
                              "Startup Cost": 0.0,
                              "Total Cost": 45479.59,
                              "Plan Rows": 14329,
                              "Plan Width": 4,
                              "Actual Startup Time": 1.097,
                              "Actual Total Time": 110.396,
                              "Actual Rows": 39890,
                              "Actual Loops": 4,
                              "Filter": "((kind_id < 7) AND (production_year < 1949))",
                              "Rows Removed by Filter": 592188
                            }
                          ]
                        }
                      ]
                    },
                    {
                      "Node Type": "Index Only Scan",
                      "Parent Relationship": "Inner",
                      "Parallel Aware": false,
                      "Scan Direction": "Forward",
                      "Index Name": "movie_id_movie_info",
                      "Relation Name": "movie_info",
                      "Alias": "mi",
                      "Startup Cost": 0.43,
                      "Total Cost": 1.83,
                      "Plan Rows": 41,
                      "Plan Width": 4,
                      "Actual Startup Time": 0.004,
                      "Actual Total Time": 0.012,
                      "Actual Rows": 22,
                      "Actual Loops": 186522,
                      "Index Cond": "(movie_id = mc.movie_id)",
                      "Rows Removed by Index Recheck": 0,
                      "Heap Fetches": 4037142
                    }
                  ]
                }
              ]
            }
          ]
        }
      ]
    },
    "Planning Time": 1.563,
    "Triggers": [],
    "Execution Time": 1050.372
  }
]