[
  {
    "Plan": {
      "Node Type": "Aggregate",
      "Strategy": "Plain",
      "Partial Mode": "Finalize",
      "Parallel Aware": false,
      "Startup Cost": 341348.59,
      "Total Cost": 341348.6,
      "Plan Rows": 1,
      "Plan Width": 8,
      "Actual Startup Time": 848.966,
      "Actual Total Time": 892.508,
      "Actual Rows": 1,
      "Actual Loops": 1,
      "Plans": [
        {
          "Node Type": "Gather",
          "Parent Relationship": "Outer",
          "Parallel Aware": false,
          "Startup Cost": 341347.97,
          "Total Cost": 341348.58,
          "Plan Rows": 6,
          "Plan Width": 8,
          "Actual Startup Time": 848.814,
          "Actual Total Time": 892.49,
          "Actual Rows": 7,
          "Actual Loops": 1,
          "Workers Planned": 6,
          "Workers Launched": 6,
          "Single Copy": false,
          "Plans": [
            {
              "Node Type": "Aggregate",
              "Strategy": "Plain",
              "Partial Mode": "Partial",
              "Parent Relationship": "Outer",
              "Parallel Aware": false,
              "Startup Cost": 340347.97,
              "Total Cost": 340347.98,
              "Plan Rows": 1,
              "Plan Width": 8,
              "Actual Startup Time": 843.136,
              "Actual Total Time": 843.137,
              "Actual Rows": 1,
              "Actual Loops": 7,
              "Plans": [
                {
                  "Node Type": "Seq Scan",
                  "Parent Relationship": "Outer",
                  "Parallel Aware": true,
                  "Relation Name": "cast_info",
                  "Alias": "ci",
                  "Startup Cost": 0.0,
                  "Total Cost": 328211.39,
                  "Plan Rows": 4854630,
                  "Plan Width": 0,
                  "Actual Startup Time": 85.87,
                  "Actual Total Time": 641.178,
                  "Actual Rows": 4140533,
                  "Actual Loops": 7,
                  "Filter": "(person_id > 701475)",
                  "Rows Removed by Filter": 1037230
                }
              ]
            }
          ]
        }
      ]
    },
    "Planning Time": 0.13,
    "Triggers": [],
    "Execution Time": 892.562
  }
]