[
  {
    "Plan": {
      "Node Type": "Aggregate",
      "Strategy": "Plain",
      "Partial Mode": "Finalize",
      "Parallel Aware": false,
      "Startup Cost": 333246.16,
      "Total Cost": 333246.17,
      "Plan Rows": 1,
      "Plan Width": 8,
      "Actual Startup Time": 764.305,
      "Actual Total Time": 818.294,
      "Actual Rows": 1,
      "Actual Loops": 1,
      "Plans": [
        {
          "Node Type": "Gather",
          "Parent Relationship": "Outer",
          "Parallel Aware": false,
          "Startup Cost": 333245.54,
          "Total Cost": 333246.15,
          "Plan Rows": 6,
          "Plan Width": 8,
          "Actual Startup Time": 764.067,
          "Actual Total Time": 818.281,
          "Actual Rows": 7,
          "Actual Loops": 1,
          "Workers Planned": 6,
          "Workers Launched": 6,
          "Single Copy": false,
          "Plans": [
            {
              "Node Type": "Aggregate",
              "Strategy": "Plain",
              "Partial Mode": "Partial",
              "Parent Relationship": "Outer",
              "Parallel Aware": false,
              "Startup Cost": 332245.54,
              "Total Cost": 332245.55,
              "Plan Rows": 1,
              "Plan Width": 8,
              "Actual Startup Time": 755.969,
              "Actual Total Time": 755.971,
              "Actual Rows": 1,
              "Actual Loops": 7,
              "Plans": [
                {
                  "Node Type": "Seq Scan",
                  "Parent Relationship": "Outer",
                  "Parallel Aware": true,
                  "Relation Name": "cast_info",
                  "Alias": "ci",
                  "Startup Cost": 0.0,
                  "Total Cost": 328211.39,
                  "Plan Rows": 1613658,
                  "Plan Width": 0,
                  "Actual Startup Time": 0.056,
                  "Actual Total Time": 668.482,
                  "Actual Rows": 1393439,
                  "Actual Loops": 7,
                  "Filter": "(person_id < 959000)",
                  "Rows Removed by Filter": 3784324
                }
              ]
            }
          ]
        }
      ]
    },
    "Planning Time": 0.13,
    "Triggers": [],
    "Execution Time": 818.336
  }
]