[
  {
    "Bao": {
      "Bao prediction": 587.791,
      "Bao recommended hint": "SET enable_nestloop TO off; "
    }
  },
  {
    "Plan": {
      "Node Type": "Aggregate",
      "Strategy": "Plain",
      "Partial Mode": "Finalize",
      "Parallel Aware": false,
      "Startup Cost": 345068.49,
      "Total Cost": 345068.5,
      "Plan Rows": 1,
      "Plan Width": 64,
      "Actual Startup Time": 922.829,
      "Actual Total Time": 961.827,
      "Actual Rows": 1,
      "Actual Loops": 1,
      "Plans": [
        {
          "Node Type": "Gather",
          "Parent Relationship": "Outer",
          "Parallel Aware": false,
          "Startup Cost": 345068.27,
          "Total Cost": 345068.48,
          "Plan Rows": 2,
          "Plan Width": 64,
          "Actual Startup Time": 922.411,
          "Actual Total Time": 961.817,
          "Actual Rows": 3,
          "Actual Loops": 1,
          "Workers Planned": 2,
          "Workers Launched": 2,
          "Single Copy": false,
          "Plans": [
            {
              "Node Type": "Aggregate",
              "Strategy": "Plain",
              "Partial Mode": "Partial",
              "Parent Relationship": "Outer",
              "Parallel Aware": false,
              "Startup Cost": 344068.27,
              "Total Cost": 344068.28,
              "Plan Rows": 1,
              "Plan Width": 64,
              "Actual Startup Time": 912.155,
              "Actual Total Time": 912.171,
              "Actual Rows": 1,
              "Actual Loops": 3,
              "Plans": [
                {
                  "Node Type": "Hash Join",
                  "Parent Relationship": "Outer",
                  "Parallel Aware": true,
                  "Join Type": "Inner",
                  "Startup Cost": 335805.32,
                  "Total Cost": 344068.26,
                  "Plan Rows": 2,
                  "Plan Width": 60,
                  "Actual Startup Time": 912.151,
                  "Actual Total Time": 912.167,
                  "Actual Rows": 0,
                  "Actual Loops": 3,
                  "Inner Unique": false,
                  "Hash Cond": "(at.movie_id = t.id)",
                  "Plans": [
                    {
                      "Node Type": "Seq Scan",
                      "Parent Relationship": "Outer",
                      "Parallel Aware": true,
                      "Relation Name": "aka_title",
                      "Alias": "at",
                      "Startup Cost": 0.0,
                      "Total Cost": 7698.13,
                      "Plan Rows": 150613,
                      "Plan Width": 4,
                      "Actual Startup Time": 0.0,
                      "Actual Total Time": 0.0,
                      "Actual Rows": 0,
                      "Actual Loops": 0
                    },
                    {
                      "Node Type": "Hash",
                      "Parent Relationship": "Inner",
                      "Parallel Aware": true,
                      "Startup Cost": 335805.31,
                      "Total Cost": 335805.31,
                      "Plan Rows": 1,
                      "Plan Width": 76,
                      "Actual Startup Time": 911.521,
                      "Actual Total Time": 911.535,
                      "Actual Rows": 0,
                      "Actual Loops": 3,
                      "Hash Buckets": 1024,
                      "Original Hash Buckets": 1024,
                      "Hash Batches": 1,
                      "Original Hash Batches": 1,
                      "Peak Memory Usage": 0,
                      "Plans": [
                        {
                          "Node Type": "Hash Join",
                          "Parent Relationship": "Outer",
                          "Parallel Aware": false,
                          "Join Type": "Inner",
                          "Startup Cost": 291285.48,
                          "Total Cost": 335805.31,
                          "Plan Rows": 1,
                          "Plan Width": 76,
                          "Actual Startup Time": 911.449,
                          "Actual Total Time": 911.463,
                          "Actual Rows": 0,
                          "Actual Loops": 3,
                          "Inner Unique": true,
                          "Hash Cond": "(mk.keyword_id = k.id)",
                          "Plans": [
                            {
                              "Node Type": "Hash Join",
                              "Parent Relationship": "Outer",
                              "Parallel Aware": true,
                              "Join Type": "Inner",
                              "Startup Cost": 287317.65,
                              "Total Cost": 331837.48,
                              "Plan Rows": 1,
                              "Plan Width": 80,
                              "Actual Startup Time": 858.898,
                              "Actual Total Time": 858.91,
                              "Actual Rows": 0,
                              "Actual Loops": 3,
                              "Inner Unique": false,
                              "Hash Cond": "(mk.movie_id = t.id)",
                              "Plans": [
                                {
                                  "Node Type": "Seq Scan",
                                  "Parent Relationship": "Outer",
                                  "Parallel Aware": true,
                                  "Relation Name": "movie_keyword",
                                  "Alias": "mk",
                                  "Startup Cost": 0.0,
                                  "Total Cost": 39047.32,
                                  "Plan Rows": 1459332,
                                  "Plan Width": 8,
                                  "Actual Startup Time": 0.0,
                                  "Actual Total Time": 0.0,
                                  "Actual Rows": 0,
                                  "Actual Loops": 0
                                },
                                {
                                  "Node Type": "Hash",
                                  "Parent Relationship": "Inner",
                                  "Parallel Aware": true,
                                  "Startup Cost": 287317.64,
                                  "Total Cost": 287317.64,
                                  "Plan Rows": 1,
                                  "Plan Width": 72,
                                  "Actual Startup Time": 858.881,
                                  "Actual Total Time": 858.893,
                                  "Actual Rows": 0,
                                  "Actual Loops": 3,
                                  "Hash Buckets": 1024,
                                  "Original Hash Buckets": 1024,
                                  "Hash Batches": 1,
                                  "Original Hash Batches": 1,
                                  "Peak Memory Usage": 0,
                                  "Plans": [
                                    {
                                      "Node Type": "Hash Join",
                                      "Parent Relationship": "Outer",
                                      "Parallel Aware": true,
                                      "Join Type": "Inner",
                                      "Startup Cost": 242973.92,
                                      "Total Cost": 287317.64,
                                      "Plan Rows": 1,
                                      "Plan Width": 72,
                                      "Actual Startup Time": 858.853,
                                      "Actual Total Time": 858.865,
                                      "Actual Rows": 0,
                                      "Actual Loops": 3,
                                      "Inner Unique": false,
                                      "Hash Cond": "(t.id = mi.movie_id)",
                                      "Plans": [
                                        {
                                          "Node Type": "Seq Scan",
                                          "Parent Relationship": "Outer",
                                          "Parallel Aware": true,
                                          "Relation Name": "title",
                                          "Alias": "t",
                                          "Startup Cost": 0.0,
                                          "Total Cost": 43898.97,
                                          "Plan Rows": 118596,
                                          "Plan Width": 21,
                                          "Actual Startup Time": 0.007,
                                          "Actual Total Time": 91.769,
                                          "Actual Rows": 159867,
                                          "Actual Loops": 3,
                                          "Filter": "(production_year < 1978)",
                                          "Rows Removed by Filter": 682904
                                        },
                                        {
                                          "Node Type": "Hash",
                                          "Parent Relationship": "Inner",
                                          "Parallel Aware": true,
                                          "Startup Cost": 242973.91,
                                          "Total Cost": 242973.91,
                                          "Plan Rows": 1,
                                          "Plan Width": 51,
                                          "Actual Startup Time": 754.224,
                                          "Actual Total Time": 754.234,
                                          "Actual Rows": 223,
                                          "Actual Loops": 3,
                                          "Hash Buckets": 1024,
                                          "Original Hash Buckets": 1024,
                                          "Hash Batches": 1,
                                          "Original Hash Batches": 1,
                                          "Peak Memory Usage": 104,
                                          "Plans": [
                                            {
                                              "Node Type": "Hash Join",
                                              "Parent Relationship": "Outer",
                                              "Parallel Aware": false,
                                              "Join Type": "Inner",
                                              "Startup Cost": 238063.36,
                                              "Total Cost": 242973.91,
                                              "Plan Rows": 1,
                                              "Plan Width": 51,
                                              "Actual Startup Time": 740.3,
                                              "Actual Total Time": 754.123,
                                              "Actual Rows": 223,
                                              "Actual Loops": 3,
                                              "Inner Unique": true,
                                              "Hash Cond": "(mc.company_type_id = ct.id)",
                                              "Plans": [
                                                {
                                                  "Node Type": "Hash Join",
                                                  "Parent Relationship": "Outer",
                                                  "Parallel Aware": true,
                                                  "Join Type": "Inner",
                                                  "Startup Cost": 238062.27,
                                                  "Total Cost": 242972.81,
                                                  "Plan Rows": 1,
                                                  "Plan Width": 55,
                                                  "Actual Startup Time": 740.256,
                                                  "Actual Total Time": 754.037,
                                                  "Actual Rows": 223,
                                                  "Actual Loops": 3,
                                                  "Inner Unique": false,
                                                  "Hash Cond": "(cn.id = mc.company_id)",
                                                  "Plans": [
                                                    {
                                                      "Node Type": "Seq Scan",
                                                      "Parent Relationship": "Outer",
                                                      "Parallel Aware": true,
                                                      "Relation Name": "company_name",
                                                      "Alias": "cn",
                                                      "Startup Cost": 0.0,
                                                      "Total Cost": 4722.92,
                                                      "Plan Rows": 50031,
                                                      "Plan Width": 4,
                                                      "Actual Startup Time": 0.023,
                                                      "Actual Total Time": 11.729,
                                                      "Actual Rows": 28281,
                                                      "Actual Loops": 3,
                                                      "Filter": "((country_code)::text = '[us]'::text)",
                                                      "Rows Removed by Filter": 50051
                                                    },
                                                    {
                                                      "Node Type": "Hash",
                                                      "Parent Relationship": "Inner",
                                                      "Parallel Aware": true,
                                                      "Startup Cost": 238062.26,
                                                      "Total Cost": 238062.26,
                                                      "Plan Rows": 1,
                                                      "Plan Width": 59,
                                                      "Actual Startup Time": 740.085,
                                                      "Actual Total Time": 740.091,
                                                      "Actual Rows": 233,
                                                      "Actual Loops": 3,
                                                      "Hash Buckets": 1024,
                                                      "Original Hash Buckets": 1024,
                                                      "Hash Batches": 1,
                                                      "Original Hash Batches": 1,
                                                      "Peak Memory Usage": 104,
                                                      "Plans": [
                                                        {
                                                          "Node Type": "Hash Join",
                                                          "Parent Relationship": "Outer",
                                                          "Parallel Aware": true,
                                                          "Join Type": "Inner",
                                                          "Startup Cost": 206623.07,
                                                          "Total Cost": 238062.26,
                                                          "Plan Rows": 1,
                                                          "Plan Width": 59,
                                                          "Actual Startup Time": 623.535,
                                                          "Actual Total Time": 739.888,
                                                          "Actual Rows": 233,
                                                          "Actual Loops": 3,
                                                          "Inner Unique": false,
                                                          "Hash Cond": "(mc.movie_id = mi.movie_id)",
                                                          "Plans": [
                                                            {
                                                              "Node Type": "Seq Scan",
                                                              "Parent Relationship": "Outer",
                                                              "Parallel Aware": true,
                                                              "Relation Name": "movie_companies",
                                                              "Alias": "mc",
                                                              "Startup Cost": 0.0,
                                                              "Total Cost": 31414.82,
                                                              "Plan Rows": 6496,
                                                              "Plan Width": 12,
                                                              "Actual Startup Time": 0.085,
                                                              "Actual Total Time": 114.14,
                                                              "Actual Rows": 20555,
                                                              "Actual Loops": 3,
                                                              "Filter": "((note ~~ '%(200%)%'::text) AND (note ~~ '%(worldwide)%'::text))",
                                                              "Rows Removed by Filter": 849155
                                                            },
                                                            {
                                                              "Node Type": "Hash",
                                                              "Parent Relationship": "Inner",
                                                              "Parallel Aware": true,
                                                              "Startup Cost": 206623.06,
                                                              "Total Cost": 206623.06,
                                                              "Plan Rows": 1,
                                                              "Plan Width": 47,
                                                              "Actual Startup Time": 622.968,
                                                              "Actual Total Time": 622.971,
                                                              "Actual Rows": 590,
                                                              "Actual Loops": 3,
                                                              "Hash Buckets": 2048,
                                                              "Original Hash Buckets": 1024,
                                                              "Hash Batches": 1,
                                                              "Original Hash Batches": 1,
                                                              "Peak Memory Usage": 184,
                                                              "Plans": [
                                                                {
                                                                  "Node Type": "Hash Join",
                                                                  "Parent Relationship": "Outer",
                                                                  "Parallel Aware": false,
                                                                  "Join Type": "Inner",
                                                                  "Startup Cost": 2.43,
                                                                  "Total Cost": 206623.06,
                                                                  "Plan Rows": 1,
                                                                  "Plan Width": 47,
                                                                  "Actual Startup Time": 131.375,
                                                                  "Actual Total Time": 490.528,
                                                                  "Actual Rows": 590,
                                                                  "Actual Loops": 3,
                                                                  "Inner Unique": true,
                                                                  "Hash Cond": "(mi.info_type_id = it1.id)",
                                                                  "Plans": [
                                                                    {
                                                                      "Node Type": "Seq Scan",
                                                                      "Parent Relationship": "Outer",
                                                                      "Parallel Aware": true,
                                                                      "Relation Name": "movie_info",
                                                                      "Alias": "mi",
                                                                      "Startup Cost": 0.0,
                                                                      "Total Cost": 206620.5,
                                                                      "Plan Rows": 50,
                                                                      "Plan Width": 51,
                                                                      "Actual Startup Time": 131.303,
                                                                      "Actual Total Time": 490.173,
                                                                      "Actual Rows": 590,
                                                                      "Actual Loops": 3,
                                                                      "Filter": "((note ~~ '%internet%'::text) AND (info ~~ 'USA:% 200%'::text))",
                                                                      "Rows Removed by Filter": 4944650
                                                                    },
                                                                    {
                                                                      "Node Type": "Hash",
                                                                      "Parent Relationship": "Inner",
                                                                      "Parallel Aware": false,
                                                                      "Startup Cost": 2.41,
                                                                      "Total Cost": 2.41,
                                                                      "Plan Rows": 1,
                                                                      "Plan Width": 4,
                                                                      "Actual Startup Time": 0.04,
                                                                      "Actual Total Time": 0.042,
                                                                      "Actual Rows": 1,
                                                                      "Actual Loops": 3,
                                                                      "Hash Buckets": 1024,
                                                                      "Original Hash Buckets": 1024,
                                                                      "Hash Batches": 1,
                                                                      "Original Hash Batches": 1,
                                                                      "Peak Memory Usage": 9,
                                                                      "Plans": [
                                                                        {
                                                                          "Node Type": "Seq Scan",
                                                                          "Parent Relationship": "Outer",
                                                                          "Parallel Aware": false,
                                                                          "Relation Name": "info_type",
                                                                          "Alias": "it1",
                                                                          "Startup Cost": 0.0,
                                                                          "Total Cost": 2.41,
                                                                          "Plan Rows": 1,
                                                                          "Plan Width": 4,
                                                                          "Actual Startup Time": 0.027,
                                                                          "Actual Total Time": 0.033,
                                                                          "Actual Rows": 1,
                                                                          "Actual Loops": 3,
                                                                          "Filter": "((info)::text = 'release dates'::text)",
                                                                          "Rows Removed by Filter": 112
                                                                        }
                                                                      ]
                                                                    }
                                                                  ]
                                                                }
                                                              ]
                                                            }
                                                          ]
                                                        }
                                                      ]
                                                    }
                                                  ]
                                                },
                                                {
                                                  "Node Type": "Hash",
                                                  "Parent Relationship": "Inner",
                                                  "Parallel Aware": false,
                                                  "Startup Cost": 1.04,
                                                  "Total Cost": 1.04,
                                                  "Plan Rows": 4,
                                                  "Plan Width": 4,
                                                  "Actual Startup Time": 0.025,
                                                  "Actual Total Time": 0.026,
                                                  "Actual Rows": 4,
                                                  "Actual Loops": 3,
                                                  "Hash Buckets": 1024,
                                                  "Original Hash Buckets": 1024,
                                                  "Hash Batches": 1,
                                                  "Original Hash Batches": 1,
                                                  "Peak Memory Usage": 9,
                                                  "Plans": [
                                                    {
                                                      "Node Type": "Seq Scan",
                                                      "Parent Relationship": "Outer",
                                                      "Parallel Aware": false,
                                                      "Relation Name": "company_type",
                                                      "Alias": "ct",
                                                      "Startup Cost": 0.0,
                                                      "Total Cost": 1.04,
                                                      "Plan Rows": 4,
                                                      "Plan Width": 4,
                                                      "Actual Startup Time": 0.018,
                                                      "Actual Total Time": 0.019,
                                                      "Actual Rows": 4,
                                                      "Actual Loops": 3
                                                    }
                                                  ]
                                                }
                                              ]
                                            }
                                          ]
                                        }
                                      ]
                                    }
                                  ]
                                }
                              ]
                            },
                            {
                              "Node Type": "Hash",
                              "Parent Relationship": "Inner",
                              "Parallel Aware": false,
                              "Startup Cost": 2290.7,
                              "Total Cost": 2290.7,
                              "Plan Rows": 134170,
                              "Plan Width": 4,
                              "Actual Startup Time": 50.259,
                              "Actual Total Time": 50.259,
                              "Actual Rows": 134170,
                              "Actual Loops": 3,
                              "Hash Buckets": 262144,
                              "Original Hash Buckets": 262144,
                              "Hash Batches": 1,
                              "Original Hash Batches": 1,
                              "Peak Memory Usage": 6765,
                              "Plans": [
                                {
                                  "Node Type": "Seq Scan",
                                  "Parent Relationship": "Outer",
                                  "Parallel Aware": false,
                                  "Relation Name": "keyword",
                                  "Alias": "k",
                                  "Startup Cost": 0.0,
                                  "Total Cost": 2290.7,
                                  "Plan Rows": 134170,
                                  "Plan Width": 4,
                                  "Actual Startup Time": 0.053,
                                  "Actual Total Time": 22.085,
                                  "Actual Rows": 134170,
                                  "Actual Loops": 3
                                }
                              ]
                            }
                          ]
                        }
                      ]
                    }
                  ]
                }
              ]
            }
          ]
        }
      ]
    },
    "Planning Time": 434.351,
    "Triggers": [],
    "Execution Time": 962.586
  }
]