[
    {
        "Bao": {
            "Bao prediction": 663.45,
            "Bao recommended hint": "(no hint)"
        }
    },
    {
        "Plan": {
            "Node Type": "Aggregate",
            "Strategy": "Plain",
            "Partial Mode": "Finalize",
            "Parallel Aware": false,
            "Startup Cost": 37543.12,
            "Total Cost": 37543.13,
            "Plan Rows": 1,
            "Plan Width": 8,
            "Actual Startup Time": 148.155,
            "Actual Total Time": 158.394,
            "Actual Rows": 1,
            "Actual Loops": 1,
            "Output": [
                "count(*)"
            ],
            "Plans": [
                {
                    "Node Type": "Gather",
                    "Parent Relationship": "Outer",
                    "Parallel Aware": false,
                    "Startup Cost": 37542.8,
                    "Total Cost": 37543.11,
                    "Plan Rows": 3,
                    "Plan Width": 8,
                    "Actual Startup Time": 147.814,
                    "Actual Total Time": 158.384,
                    "Actual Rows": 4,
                    "Actual Loops": 1,
                    "Output": [
                        "(PARTIAL count(*))"
                    ],
                    "Workers Planned": 3,
                    "Workers Launched": 3,
                    "Single Copy": false,
                    "Plans": [
                        {
                            "Node Type": "Aggregate",
                            "Strategy": "Plain",
                            "Partial Mode": "Partial",
                            "Parent Relationship": "Outer",
                            "Parallel Aware": false,
                            "Startup Cost": 36542.8,
                            "Total Cost": 36542.81,
                            "Plan Rows": 1,
                            "Plan Width": 8,
                            "Actual Startup Time": 140.752,
                            "Actual Total Time": 140.754,
                            "Actual Rows": 1,
                            "Actual Loops": 4,
                            "Output": [
                                "PARTIAL count(*)"
                            ],
                            "Workers": [
                                {
                                    "Worker Number": 0,
                                    "Actual Startup Time": 137.376,
                                    "Actual Total Time": 137.377,
                                    "Actual Rows": 1,
                                    "Actual Loops": 1
                                },
                                {
                                    "Worker Number": 1,
                                    "Actual Startup Time": 137.368,
                                    "Actual Total Time": 137.369,
                                    "Actual Rows": 1,
                                    "Actual Loops": 1
                                },
                                {
                                    "Worker Number": 2,
                                    "Actual Startup Time": 141.046,
                                    "Actual Total Time": 141.048,
                                    "Actual Rows": 1,
                                    "Actual Loops": 1
                                }
                            ],
                            "Plans": [
                                {
                                    "Node Type": "Bitmap Heap Scan",
                                    "Parent Relationship": "Outer",
                                    "Parallel Aware": true,
                                    "Relation Name": "movie_keyword",
                                    "Schema": "public",
                                    "Alias": "mk",
                                    "Startup Cost": 9843.94,
                                    "Total Cost": 36168.66,
                                    "Plan Rows": 149657,
                                    "Plan Width": 0,
                                    "Actual Startup Time": 49.741,
                                    "Actual Total Time": 131.547,
                                    "Actual Rows": 115432,
                                    "Actual Loops": 4,
                                    "Recheck Cond": "(mk.keyword_id < 349)",
                                    "Rows Removed by Index Recheck": 0,
                                    "Exact Heap Blocks": 9506,
                                    "Lossy Heap Blocks": 0,
                                    "Workers": [
                                        {
                                            "Worker Number": 0,
                                            "Actual Startup Time": 46.576,
                                            "Actual Total Time": 129.183,
                                            "Actual Rows": 91739,
                                            "Actual Loops": 1
                                        },
                                        {
                                            "Worker Number": 1,
                                            "Actual Startup Time": 46.469,
                                            "Actual Total Time": 129.206,
                                            "Actual Rows": 91203,
                                            "Actual Loops": 1
                                        },
                                        {
                                            "Worker Number": 2,
                                            "Actual Startup Time": 49.99,
                                            "Actual Total Time": 132.761,
                                            "Actual Rows": 98584,
                                            "Actual Loops": 1
                                        }
                                    ],
                                    "Plans": [
                                        {
                                            "Node Type": "Bitmap Index Scan",
                                            "Parent Relationship": "Outer",
                                            "Parallel Aware": false,
                                            "Index Name": "keyword_id_movie_keyword",
                                            "Startup Cost": 0.0,
                                            "Total Cost": 9727.96,
                                            "Plan Rows": 463937,
                                            "Plan Width": 0,
                                            "Actual Startup Time": 50.256,
                                            "Actual Total Time": 50.256,
                                            "Actual Rows": 461727,
                                            "Actual Loops": 1,
                                            "Index Cond": "(mk.keyword_id < 349)"
                                        }
                                    ]
                                }
                            ]
                        }
                    ]
                }
            ]
        },
        "Planning Time": 3680.584,
        "Triggers": [],
        "Execution Time": 158.507
    }
]