[
  {
    "Plan": {
      "Node Type": "Aggregate",
      "Strategy": "Plain",
      "Partial Mode": "Finalize",
      "Parallel Aware": false,
      "Startup Cost": 94190.23,
      "Total Cost": 94190.24,
      "Plan Rows": 1,
      "Plan Width": 8,
      "Actual Startup Time": 437.529,
      "Actual Total Time": 461.464,
      "Actual Rows": 1,
      "Actual Loops": 1,
      "Plans": [
        {
          "Node Type": "Gather",
          "Parent Relationship": "Outer",
          "Parallel Aware": false,
          "Startup Cost": 94189.91,
          "Total Cost": 94190.22,
          "Plan Rows": 3,
          "Plan Width": 8,
          "Actual Startup Time": 433.546,
          "Actual Total Time": 461.452,
          "Actual Rows": 4,
          "Actual Loops": 1,
          "Workers Planned": 3,
          "Workers Launched": 3,
          "Single Copy": false,
          "Plans": [
            {
              "Node Type": "Aggregate",
              "Strategy": "Plain",
              "Partial Mode": "Partial",
              "Parent Relationship": "Outer",
              "Parallel Aware": false,
              "Startup Cost": 93189.91,
              "Total Cost": 93189.92,
              "Plan Rows": 1,
              "Plan Width": 8,
              "Actual Startup Time": 424.911,
              "Actual Total Time": 424.914,
              "Actual Rows": 1,
              "Actual Loops": 4,
              "Plans": [
                {
                  "Node Type": "Hash Join",
                  "Parent Relationship": "Outer",
                  "Parallel Aware": true,
                  "Join Type": "Inner",
                  "Startup Cost": 48202.17,
                  "Total Cost": 92623.48,
                  "Plan Rows": 226572,
                  "Plan Width": 0,
                  "Actual Startup Time": 212.206,
                  "Actual Total Time": 422.887,
                  "Actual Rows": 35024,
                  "Actual Loops": 4,
                  "Inner Unique": true,
                  "Hash Cond": "(mk.movie_id = t.id)",
                  "Plans": [
                    {
                      "Node Type": "Seq Scan",
                      "Parent Relationship": "Outer",
                      "Parallel Aware": true,
                      "Relation Name": "movie_keyword",
                      "Alias": "mk",
                      "Startup Cost": 0.0,
                      "Total Cost": 42695.65,
                      "Plan Rows": 657392,
                      "Plan Width": 4,
                      "Actual Startup Time": 0.03,
                      "Actual Total Time": 131.666,
                      "Actual Rows": 509049,
                      "Actual Loops": 4,
                      "Filter": "(keyword_id < 3639)",
                      "Rows Removed by Filter": 621934
                    },
                    {
                      "Node Type": "Hash",
                      "Parent Relationship": "Inner",
                      "Parallel Aware": true,
                      "Startup Cost": 45479.1,
                      "Total Cost": 45479.1,
                      "Plan Rows": 217846,
                      "Plan Width": 4,
                      "Actual Startup Time": 207.136,
                      "Actual Total Time": 207.137,
                      "Actual Rows": 200378,
                      "Actual Loops": 4,
                      "Hash Buckets": 1048576,
                      "Original Hash Buckets": 1048576,
                      "Hash Batches": 1,
                      "Original Hash Batches": 1,
                      "Peak Memory Usage": 39616,
                      "Plans": [
                        {
                          "Node Type": "Seq Scan",
                          "Parent Relationship": "Outer",
                          "Parallel Aware": true,
                          "Relation Name": "title",
                          "Alias": "t",
                          "Startup Cost": 0.0,
                          "Total Cost": 45479.1,
                          "Plan Rows": 217846,
                          "Plan Width": 4,
                          "Actual Startup Time": 0.04,
                          "Actual Total Time": 123.183,
                          "Actual Rows": 200378,
                          "Actual Loops": 4,
                          "Filter": "((kind_id > 6) AND (production_year < 2006))",
                          "Rows Removed by Filter": 431700
                        }
                      ]
                    }
                  ]
                }
              ]
            }
          ]
        }
      ]
    },
    "Planning Time": 0.639,
    "Triggers": [],
    "Execution Time": 461.53
  }
]