[
  {
    "Plan": {
      "Node Type": "Aggregate",
      "Strategy": "Plain",
      "Partial Mode": "Finalize",
      "Parallel Aware": false,
      "Startup Cost": 33060.21,
      "Total Cost": 33060.22,
      "Plan Rows": 1,
      "Plan Width": 8,
      "Actual Startup Time": 96.342,
      "Actual Total Time": 104.286,
      "Actual Rows": 1,
      "Actual Loops": 1,
      "Plans": [
        {
          "Node Type": "Gather",
          "Parent Relationship": "Outer",
          "Parallel Aware": false,
          "Startup Cost": 33059.9,
          "Total Cost": 33060.21,
          "Plan Rows": 3,
          "Plan Width": 8,
          "Actual Startup Time": 96.196,
          "Actual Total Time": 104.277,
          "Actual Rows": 4,
          "Actual Loops": 1,
          "Workers Planned": 3,
          "Workers Launched": 3,
          "Single Copy": false,
          "Plans": [
            {
              "Node Type": "Aggregate",
              "Strategy": "Plain",
              "Partial Mode": "Partial",
              "Parent Relationship": "Outer",
              "Parallel Aware": false,
              "Startup Cost": 32059.9,
              "Total Cost": 32059.91,
              "Plan Rows": 1,
              "Plan Width": 8,
              "Actual Startup Time": 89.497,
              "Actual Total Time": 89.498,
              "Actual Rows": 1,
              "Actual Loops": 4,
              "Plans": [
                {
                  "Node Type": "Seq Scan",
                  "Parent Relationship": "Outer",
                  "Parallel Aware": true,
                  "Relation Name": "movie_companies",
                  "Alias": "mc",
                  "Startup Cost": 0.0,
                  "Total Cost": 31414.82,
                  "Plan Rows": 258031,
                  "Plan Width": 0,
                  "Actual Startup Time": 4.564,
                  "Actual Total Time": 81.64,
                  "Actual Rows": 147706,
                  "Actual Loops": 4,
                  "Filter": "((company_id > 4234) AND (company_type_id < 2))",
                  "Rows Removed by Filter": 504576
                }
              ]
            }
          ]
        }
      ]
    },
    "Planning Time": 0.224,
    "Triggers": [],
    "Execution Time": 104.341
  }
]