[
  {
    "Plan": {
      "Node Type": "Aggregate",
      "Strategy": "Plain",
      "Partial Mode": "Finalize",
      "Parallel Aware": false,
      "Startup Cost": 246248.53,
      "Total Cost": 246248.54,
      "Plan Rows": 1,
      "Plan Width": 8,
      "Actual Startup Time": 2537.24,
      "Actual Total Time": 2615.4,
      "Actual Rows": 1,
      "Actual Loops": 1,
      "Plans": [
        {
          "Node Type": "Gather",
          "Parent Relationship": "Outer",
          "Parallel Aware": false,
          "Startup Cost": 246248.21,
          "Total Cost": 246248.52,
          "Plan Rows": 3,
          "Plan Width": 8,
          "Actual Startup Time": 2526.235,
          "Actual Total Time": 2615.387,
          "Actual Rows": 4,
          "Actual Loops": 1,
          "Workers Planned": 3,
          "Workers Launched": 3,
          "Single Copy": false,
          "Plans": [
            {
              "Node Type": "Aggregate",
              "Strategy": "Plain",
              "Partial Mode": "Partial",
              "Parent Relationship": "Outer",
              "Parallel Aware": false,
              "Startup Cost": 245248.21,
              "Total Cost": 245248.22,
              "Plan Rows": 1,
              "Plan Width": 8,
              "Actual Startup Time": 2507.687,
              "Actual Total Time": 2507.691,
              "Actual Rows": 1,
              "Actual Loops": 4,
              "Plans": [
                {
                  "Node Type": "Nested Loop",
                  "Parent Relationship": "Outer",
                  "Parallel Aware": false,
                  "Join Type": "Inner",
                  "Startup Cost": 55494.18,
                  "Total Cost": 244907.85,
                  "Plan Rows": 136145,
                  "Plan Width": 0,
                  "Actual Startup Time": 366.294,
                  "Actual Total Time": 2473.694,
                  "Actual Rows": 672802,
                  "Actual Loops": 4,
                  "Inner Unique": false,
                  "Plans": [
                    {
                      "Node Type": "Hash Join",
                      "Parent Relationship": "Outer",
                      "Parallel Aware": true,
                      "Join Type": "Inner",
                      "Startup Cost": 55493.61,
                      "Total Cost": 81159.84,
                      "Plan Rows": 80147,
                      "Plan Width": 8,
                      "Actual Startup Time": 365.611,
                      "Actual Total Time": 432.106,
                      "Actual Rows": 59587,
                      "Actual Loops": 4,
                      "Inner Unique": true,
                      "Hash Cond": "(mk.movie_id = t.id)",
                      "Plans": [
                        {
                          "Node Type": "Bitmap Heap Scan",
                          "Parent Relationship": "Outer",
                          "Parallel Aware": true,
                          "Relation Name": "movie_keyword",
                          "Alias": "mk",
                          "Startup Cost": 5273.97,
                          "Total Cost": 30729.81,
                          "Plan Rows": 80147,
                          "Plan Width": 4,
                          "Actual Startup Time": 16.96,
                          "Actual Total Time": 51.451,
                          "Actual Rows": 59587,
                          "Actual Loops": 4,
                          "Recheck Cond": "(keyword_id > 62161)",
                          "Rows Removed by Index Recheck": 0,
                          "Exact Heap Blocks": 5695,
                          "Lossy Heap Blocks": 0,
                          "Plans": [
                            {
                              "Node Type": "Bitmap Index Scan",
                              "Parent Relationship": "Outer",
                              "Parallel Aware": false,
                              "Index Name": "keyword_id_movie_keyword",
                              "Startup Cost": 0.0,
                              "Total Cost": 5211.85,
                              "Plan Rows": 248456,
                              "Plan Width": 0,
                              "Actual Startup Time": 13.874,
                              "Actual Total Time": 13.875,
                              "Actual Rows": 238348,
                              "Actual Loops": 1,
                              "Index Cond": "(keyword_id > 62161)"
                            }
                          ]
                        },
                        {
                          "Node Type": "Hash",
                          "Parent Relationship": "Inner",
                          "Parallel Aware": true,
                          "Startup Cost": 42318.73,
                          "Total Cost": 42318.73,
                          "Plan Rows": 632073,
                          "Plan Width": 4,
                          "Actual Startup Time": 337.292,
                          "Actual Total Time": 337.293,
                          "Actual Rows": 632078,
                          "Actual Loops": 4,
                          "Hash Buckets": 4194304,
                          "Original Hash Buckets": 4194304,
                          "Hash Batches": 1,
                          "Original Hash Batches": 1,
                          "Peak Memory Usage": 131744,
                          "Plans": [
                            {
                              "Node Type": "Seq Scan",
                              "Parent Relationship": "Outer",
                              "Parallel Aware": true,
                              "Relation Name": "title",
                              "Alias": "t",
                              "Startup Cost": 0.0,
                              "Total Cost": 42318.73,
                              "Plan Rows": 632073,
                              "Plan Width": 4,
                              "Actual Startup Time": 0.038,
                              "Actual Total Time": 96.703,
                              "Actual Rows": 632078,
                              "Actual Loops": 4
                            }
                          ]
                        }
                      ]
                    },
                    {
                      "Node Type": "Index Scan",
                      "Parent Relationship": "Inner",
                      "Parallel Aware": false,
                      "Scan Direction": "Forward",
                      "Index Name": "movie_id_cast_info",
                      "Relation Name": "cast_info",
                      "Alias": "ci",
                      "Startup Cost": 0.56,
                      "Total Cost": 2.0,
                      "Plan Rows": 4,
                      "Plan Width": 4,
                      "Actual Startup Time": 0.023,
                      "Actual Total Time": 0.033,
                      "Actual Rows": 11,
                      "Actual Loops": 238348,
                      "Index Cond": "(movie_id = t.id)",
                      "Rows Removed by Index Recheck": 0,
                      "Filter": "((person_id > 3016222) AND (role_id > 1))",
                      "Rows Removed by Filter": 39
                    }
                  ]
                }
              ]
            }
          ]
        }
      ]
    },
    "Planning Time": 1.406,
    "Triggers": [],
    "Execution Time": 2615.536
  }
]