[
  {
    "Plan": {
      "Node Type": "Aggregate",
      "Strategy": "Plain",
      "Partial Mode": "Finalize",
      "Parallel Aware": false,
      "Startup Cost": 53493.97,
      "Total Cost": 53493.98,
      "Plan Rows": 1,
      "Plan Width": 8,
      "Actual Startup Time": 76.121,
      "Actual Total Time": 84.904,
      "Actual Rows": 1,
      "Actual Loops": 1,
      "Plans": [
        {
          "Node Type": "Gather",
          "Parent Relationship": "Outer",
          "Parallel Aware": false,
          "Startup Cost": 53493.55,
          "Total Cost": 53493.96,
          "Plan Rows": 4,
          "Plan Width": 8,
          "Actual Startup Time": 76.042,
          "Actual Total Time": 84.899,
          "Actual Rows": 5,
          "Actual Loops": 1,
          "Workers Planned": 4,
          "Workers Launched": 4,
          "Single Copy": false,
          "Plans": [
            {
              "Node Type": "Aggregate",
              "Strategy": "Plain",
              "Partial Mode": "Partial",
              "Parent Relationship": "Outer",
              "Parallel Aware": false,
              "Startup Cost": 52493.55,
              "Total Cost": 52493.56,
              "Plan Rows": 1,
              "Plan Width": 8,
              "Actual Startup Time": 71.526,
              "Actual Total Time": 71.527,
              "Actual Rows": 1,
              "Actual Loops": 5,
              "Plans": [
                {
                  "Node Type": "Nested Loop",
                  "Parent Relationship": "Outer",
                  "Parallel Aware": false,
                  "Join Type": "Inner",
                  "Startup Cost": 0.43,
                  "Total Cost": 52492.6,
                  "Plan Rows": 383,
                  "Plan Width": 0,
                  "Actual Startup Time": 41.74,
                  "Actual Total Time": 71.465,
                  "Actual Rows": 738,
                  "Actual Loops": 5,
                  "Inner Unique": false,
                  "Plans": [
                    {
                      "Node Type": "Seq Scan",
                      "Parent Relationship": "Outer",
                      "Parallel Aware": true,
                      "Relation Name": "title",
                      "Alias": "t",
                      "Startup Cost": 0.0,
                      "Total Cost": 45479.21,
                      "Plan Rows": 1052,
                      "Plan Width": 4,
                      "Actual Startup Time": 41.55,
                      "Actual Total Time": 63.765,
                      "Actual Rows": 917,
                      "Actual Loops": 5,
                      "Filter": "((kind_id = 1) AND (production_year = 1971))",
                      "Rows Removed by Filter": 504745
                    },
                    {
                      "Node Type": "Index Scan",
                      "Parent Relationship": "Inner",
                      "Parallel Aware": false,
                      "Scan Direction": "Forward",
                      "Index Name": "movie_id_movie_info_idx",
                      "Relation Name": "movie_info_idx",
                      "Alias": "mi_idx",
                      "Startup Cost": 0.43,
                      "Total Cost": 6.65,
                      "Plan Rows": 2,
                      "Plan Width": 4,
                      "Actual Startup Time": 0.008,
                      "Actual Total Time": 0.008,
                      "Actual Rows": 1,
                      "Actual Loops": 4585,
                      "Index Cond": "(movie_id = t.id)",
                      "Rows Removed by Index Recheck": 0,
                      "Filter": "(info_type_id > 99)",
                      "Rows Removed by Filter": 0
                    }
                  ]
                }
              ]
            }
          ]
        }
      ]
    },
    "Planning Time": 0.216,
    "Triggers": [],
    "Execution Time": 84.933
  }
]