[
  {
    "Plan": {
      "Node Type": "Aggregate",
      "Strategy": "Plain",
      "Partial Mode": "Finalize",
      "Parallel Aware": false,
      "Startup Cost": 177684.95,
      "Total Cost": 177684.96,
      "Plan Rows": 1,
      "Plan Width": 8,
      "Actual Startup Time": 148.015,
      "Actual Total Time": 167.051,
      "Actual Rows": 1,
      "Actual Loops": 1,
      "Plans": [
        {
          "Node Type": "Gather",
          "Parent Relationship": "Outer",
          "Parallel Aware": false,
          "Startup Cost": 177684.53,
          "Total Cost": 177684.94,
          "Plan Rows": 4,
          "Plan Width": 8,
          "Actual Startup Time": 147.875,
          "Actual Total Time": 167.042,
          "Actual Rows": 5,
          "Actual Loops": 1,
          "Workers Planned": 4,
          "Workers Launched": 4,
          "Single Copy": false,
          "Plans": [
            {
              "Node Type": "Aggregate",
              "Strategy": "Plain",
              "Partial Mode": "Partial",
              "Parent Relationship": "Outer",
              "Parallel Aware": false,
              "Startup Cost": 176684.53,
              "Total Cost": 176684.54,
              "Plan Rows": 1,
              "Plan Width": 8,
              "Actual Startup Time": 136.781,
              "Actual Total Time": 136.783,
              "Actual Rows": 1,
              "Actual Loops": 5,
              "Plans": [
                {
                  "Node Type": "Nested Loop",
                  "Parent Relationship": "Outer",
                  "Parallel Aware": false,
                  "Join Type": "Inner",
                  "Startup Cost": 0.56,
                  "Total Cost": 176670.81,
                  "Plan Rows": 5486,
                  "Plan Width": 0,
                  "Actual Startup Time": 2.667,
                  "Actual Total Time": 136.499,
                  "Actual Rows": 1779,
                  "Actual Loops": 5,
                  "Inner Unique": false,
                  "Plans": [
                    {
                      "Node Type": "Seq Scan",
                      "Parent Relationship": "Outer",
                      "Parallel Aware": true,
                      "Relation Name": "title",
                      "Alias": "t",
                      "Startup Cost": 0.0,
                      "Total Cost": 45479.1,
                      "Plan Rows": 1124,
                      "Plan Width": 4,
                      "Actual Startup Time": 0.962,
                      "Actual Total Time": 92.827,
                      "Actual Rows": 804,
                      "Actual Loops": 5,
                      "Filter": "((kind_id > 4) AND (production_year = 1954))",
                      "Rows Removed by Filter": 504858
                    },
                    {
                      "Node Type": "Index Scan",
                      "Parent Relationship": "Inner",
                      "Parallel Aware": false,
                      "Scan Direction": "Forward",
                      "Index Name": "movie_id_cast_info",
                      "Relation Name": "cast_info",
                      "Alias": "ci",
                      "Startup Cost": 0.56,
                      "Total Cost": 116.59,
                      "Plan Rows": 13,
                      "Plan Width": 4,
                      "Actual Startup Time": 0.045,
                      "Actual Total Time": 0.053,
                      "Actual Rows": 2,
                      "Actual Loops": 4021,
                      "Index Cond": "(movie_id = t.id)",
                      "Rows Removed by Index Recheck": 0,
                      "Filter": "(role_id > 3)",
                      "Rows Removed by Filter": 6
                    }
                  ]
                }
              ]
            }
          ]
        }
      ]
    },
    "Planning Time": 0.637,
    "Triggers": [],
    "Execution Time": 167.135
  }
]