[
  {
    "Plan": {
      "Node Type": "Aggregate",
      "Strategy": "Plain",
      "Partial Mode": "Finalize",
      "Parallel Aware": false,
      "Startup Cost": 71548.53,
      "Total Cost": 71548.54,
      "Plan Rows": 1,
      "Plan Width": 8,
      "Actual Startup Time": 184.445,
      "Actual Total Time": 197.461,
      "Actual Rows": 1,
      "Actual Loops": 1,
      "Plans": [
        {
          "Node Type": "Gather",
          "Parent Relationship": "Outer",
          "Parallel Aware": false,
          "Startup Cost": 71548.21,
          "Total Cost": 71548.52,
          "Plan Rows": 3,
          "Plan Width": 8,
          "Actual Startup Time": 184.072,
          "Actual Total Time": 197.452,
          "Actual Rows": 4,
          "Actual Loops": 1,
          "Workers Planned": 3,
          "Workers Launched": 3,
          "Single Copy": false,
          "Plans": [
            {
              "Node Type": "Aggregate",
              "Strategy": "Plain",
              "Partial Mode": "Partial",
              "Parent Relationship": "Outer",
              "Parallel Aware": false,
              "Startup Cost": 70548.21,
              "Total Cost": 70548.22,
              "Plan Rows": 1,
              "Plan Width": 8,
              "Actual Startup Time": 174.882,
              "Actual Total Time": 174.886,
              "Actual Rows": 1,
              "Actual Loops": 4,
              "Plans": [
                {
                  "Node Type": "Hash Join",
                  "Parent Relationship": "Outer",
                  "Parallel Aware": true,
                  "Join Type": "Inner",
                  "Startup Cost": 38097.89,
                  "Total Cost": 70531.91,
                  "Plan Rows": 6520,
                  "Plan Width": 0,
                  "Actual Startup Time": 105.284,
                  "Actual Total Time": 174.278,
                  "Actual Rows": 12439,
                  "Actual Loops": 4,
                  "Inner Unique": true,
                  "Hash Cond": "(mc.movie_id = t.id)",
                  "Plans": [
                    {
                      "Node Type": "Seq Scan",
                      "Parent Relationship": "Outer",
                      "Parallel Aware": true,
                      "Relation Name": "movie_companies",
                      "Alias": "mc",
                      "Startup Cost": 0.0,
                      "Total Cost": 31414.82,
                      "Plan Rows": 388267,
                      "Plan Width": 4,
                      "Actual Startup Time": 32.956,
                      "Actual Total Time": 72.461,
                      "Actual Rows": 274474,
                      "Actual Loops": 4,
                      "Filter": "((company_id < 103787) AND (company_type_id > 1))",
                      "Rows Removed by Filter": 377808
                    },
                    {
                      "Node Type": "Hash",
                      "Parent Relationship": "Inner",
                      "Parallel Aware": true,
                      "Startup Cost": 37965.21,
                      "Total Cost": 37965.21,
                      "Plan Rows": 10615,
                      "Plan Width": 4,
                      "Actual Startup Time": 71.015,
                      "Actual Total Time": 71.016,
                      "Actual Rows": 11696,
                      "Actual Loops": 4,
                      "Hash Buckets": 65536,
                      "Original Hash Buckets": 65536,
                      "Hash Batches": 1,
                      "Original Hash Batches": 1,
                      "Peak Memory Usage": 2432,
                      "Plans": [
                        {
                          "Node Type": "Bitmap Heap Scan",
                          "Parent Relationship": "Outer",
                          "Parallel Aware": true,
                          "Relation Name": "title",
                          "Alias": "t",
                          "Startup Cost": 1627.15,
                          "Total Cost": 37965.21,
                          "Plan Rows": 10615,
                          "Plan Width": 4,
                          "Actual Startup Time": 19.465,
                          "Actual Total Time": 66.272,
                          "Actual Rows": 11696,
                          "Actual Loops": 4,
                          "Recheck Cond": "(kind_id = 2)",
                          "Rows Removed by Index Recheck": 0,
                          "Filter": "(production_year < 2003)",
                          "Rows Removed by Filter": 11017,
                          "Exact Heap Blocks": 15403,
                          "Lossy Heap Blocks": 0,
                          "Plans": [
                            {
                              "Node Type": "Bitmap Index Scan",
                              "Parent Relationship": "Outer",
                              "Parallel Aware": false,
                              "Index Name": "kind_id_title",
                              "Startup Cost": 0.0,
                              "Total Cost": 1616.54,
                              "Plan Rows": 90681,
                              "Plan Width": 0,
                              "Actual Startup Time": 18.086,
                              "Actual Total Time": 18.086,
                              "Actual Rows": 90852,
                              "Actual Loops": 1,
                              "Index Cond": "(kind_id = 2)"
                            }
                          ]
                        }
                      ]
                    }
                  ]
                }
              ]
            }
          ]
        }
      ]
    },
    "Planning Time": 0.687,
    "Triggers": [],
    "Execution Time": 197.554
  }
]