[
  {
    "Plan": {
      "Node Type": "Aggregate",
      "Strategy": "Plain",
      "Partial Mode": "Finalize",
      "Parallel Aware": false,
      "Startup Cost": 349444.99,
      "Total Cost": 349445.0,
      "Plan Rows": 1,
      "Plan Width": 8,
      "Actual Startup Time": 755.773,
      "Actual Total Time": 798.851,
      "Actual Rows": 1,
      "Actual Loops": 1,
      "Plans": [
        {
          "Node Type": "Gather",
          "Parent Relationship": "Outer",
          "Parallel Aware": false,
          "Startup Cost": 349444.37,
          "Total Cost": 349444.98,
          "Plan Rows": 6,
          "Plan Width": 8,
          "Actual Startup Time": 755.558,
          "Actual Total Time": 798.84,
          "Actual Rows": 7,
          "Actual Loops": 1,
          "Workers Planned": 6,
          "Workers Launched": 6,
          "Single Copy": false,
          "Plans": [
            {
              "Node Type": "Aggregate",
              "Strategy": "Plain",
              "Partial Mode": "Partial",
              "Parent Relationship": "Outer",
              "Parallel Aware": false,
              "Startup Cost": 348444.37,
              "Total Cost": 348444.38,
              "Plan Rows": 1,
              "Plan Width": 8,
              "Actual Startup Time": 749.267,
              "Actual Total Time": 749.268,
              "Actual Rows": 1,
              "Actual Loops": 7,
              "Plans": [
                {
                  "Node Type": "Seq Scan",
                  "Parent Relationship": "Outer",
                  "Parallel Aware": true,
                  "Relation Name": "cast_info",
                  "Alias": "ci",
                  "Startup Cost": 0.0,
                  "Total Cost": 343316.27,
                  "Plan Rows": 2051239,
                  "Plan Width": 0,
                  "Actual Startup Time": 336.242,
                  "Actual Total Time": 654.894,
                  "Actual Rows": 1965201,
                  "Actual Loops": 7,
                  "Filter": "((person_id > 835173) AND (role_id > 2))",
                  "Rows Removed by Filter": 3212562
                }
              ]
            }
          ]
        }
      ]
    },
    "Planning Time": 0.126,
    "Triggers": [],
    "Execution Time": 798.899
  }
]