[
  {
    "Plan": {
      "Node Type": "Aggregate",
      "Strategy": "Plain",
      "Partial Mode": "Finalize",
      "Parallel Aware": false,
      "Startup Cost": 108424.94,
      "Total Cost": 108424.95,
      "Plan Rows": 1,
      "Plan Width": 8,
      "Actual Startup Time": 414.323,
      "Actual Total Time": 433.744,
      "Actual Rows": 1,
      "Actual Loops": 1,
      "Plans": [
        {
          "Node Type": "Gather",
          "Parent Relationship": "Outer",
          "Parallel Aware": false,
          "Startup Cost": 108424.72,
          "Total Cost": 108424.93,
          "Plan Rows": 2,
          "Plan Width": 8,
          "Actual Startup Time": 413.404,
          "Actual Total Time": 433.735,
          "Actual Rows": 3,
          "Actual Loops": 1,
          "Workers Planned": 2,
          "Workers Launched": 2,
          "Single Copy": false,
          "Plans": [
            {
              "Node Type": "Aggregate",
              "Strategy": "Plain",
              "Partial Mode": "Partial",
              "Parent Relationship": "Outer",
              "Parallel Aware": false,
              "Startup Cost": 107424.72,
              "Total Cost": 107424.73,
              "Plan Rows": 1,
              "Plan Width": 8,
              "Actual Startup Time": 405.743,
              "Actual Total Time": 405.885,
              "Actual Rows": 1,
              "Actual Loops": 3,
              "Plans": [
                {
                  "Node Type": "Hash Join",
                  "Parent Relationship": "Outer",
                  "Parallel Aware": true,
                  "Join Type": "Inner",
                  "Startup Cost": 90686.44,
                  "Total Cost": 107346.32,
                  "Plan Rows": 31362,
                  "Plan Width": 0,
                  "Actual Startup Time": 338.275,
                  "Actual Total Time": 404.516,
                  "Actual Rows": 33605,
                  "Actual Loops": 3,
                  "Inner Unique": false,
                  "Hash Cond": "(mi_idx.movie_id = t.id)",
                  "Plans": [
                    {
                      "Node Type": "Seq Scan",
                      "Parent Relationship": "Outer",
                      "Parallel Aware": true,
                      "Relation Name": "movie_info_idx",
                      "Alias": "mi_idx",
                      "Startup Cost": 0.0,
                      "Total Cost": 15122.68,
                      "Plan Rows": 382940,
                      "Plan Width": 4,
                      "Actual Startup Time": 0.03,
                      "Actual Total Time": 40.718,
                      "Actual Rows": 306617,
                      "Actual Loops": 3,
                      "Filter": "(info_type_id < 101)",
                      "Rows Removed by Filter": 153395
                    },
                    {
                      "Node Type": "Hash",
                      "Parent Relationship": "Inner",
                      "Parallel Aware": true,
                      "Startup Cost": 89851.52,
                      "Total Cost": 89851.52,
                      "Plan Rows": 66794,
                      "Plan Width": 8,
                      "Actual Startup Time": 335.153,
                      "Actual Total Time": 335.293,
                      "Actual Rows": 26792,
                      "Actual Loops": 3,
                      "Hash Buckets": 262144,
                      "Original Hash Buckets": 262144,
                      "Hash Batches": 1,
                      "Original Hash Batches": 1,
                      "Peak Memory Usage": 5248,
                      "Plans": [
                        {
                          "Node Type": "Hash Join",
                          "Parent Relationship": "Outer",
                          "Parallel Aware": true,
                          "Join Type": "Inner",
                          "Startup Cost": 44401.94,
                          "Total Cost": 89851.52,
                          "Plan Rows": 66794,
                          "Plan Width": 8,
                          "Actual Startup Time": 122.546,
                          "Actual Total Time": 329.275,
                          "Actual Rows": 26792,
                          "Actual Loops": 3,
                          "Inner Unique": true,
                          "Hash Cond": "(mk.movie_id = t.id)",
                          "Plans": [
                            {
                              "Node Type": "Seq Scan",
                              "Parent Relationship": "Outer",
                              "Parallel Aware": true,
                              "Relation Name": "movie_keyword",
                              "Alias": "mk",
                              "Startup Cost": 0.0,
                              "Total Cost": 42695.65,
                              "Plan Rows": 1049113,
                              "Plan Width": 4,
                              "Actual Startup Time": 0.116,
                              "Actual Total Time": 131.528,
                              "Actual Rows": 1082203,
                              "Actual Loops": 3,
                              "Filter": "(keyword_id > 1641)",
                              "Rows Removed by Filter": 425773
                            },
                            {
                              "Node Type": "Hash",
                              "Parent Relationship": "Inner",
                              "Parallel Aware": true,
                              "Startup Cost": 43898.92,
                              "Total Cost": 43898.92,
                              "Plan Rows": 40242,
                              "Plan Width": 4,
                              "Actual Startup Time": 120.791,
                              "Actual Total Time": 120.792,
                              "Actual Rows": 54769,
                              "Actual Loops": 3,
                              "Hash Buckets": 262144,
                              "Original Hash Buckets": 262144,
                              "Hash Batches": 1,
                              "Original Hash Batches": 1,
                              "Peak Memory Usage": 8512,
                              "Plans": [
                                {
                                  "Node Type": "Seq Scan",
                                  "Parent Relationship": "Outer",
                                  "Parallel Aware": true,
                                  "Relation Name": "title",
                                  "Alias": "t",
                                  "Startup Cost": 0.0,
                                  "Total Cost": 43898.92,
                                  "Plan Rows": 40242,
                                  "Plan Width": 4,
                                  "Actual Startup Time": 0.04,
                                  "Actual Total Time": 104.584,
                                  "Actual Rows": 54769,
                                  "Actual Loops": 3,
                                  "Filter": "(production_year = 2012)",
                                  "Rows Removed by Filter": 788002
                                }
                              ]
                            }
                          ]
                        }
                      ]
                    }
                  ]
                }
              ]
            }
          ]
        }
      ]
    },
    "Planning Time": 1.367,
    "Triggers": [],
    "Execution Time": 433.822
  }
]