{
  "Plan": {
    "Node Type": "Aggregate",
    "Strategy": "Plain",
    "Partial Mode": "Finalize",
    "Parallel Aware": false,
    "Startup Cost": 95566.92,
    "Total Cost": 95566.93,
    "Plan Rows": 1,
    "Plan Width": 8,
    "Actual Startup Time": 318.2,
    "Actual Total Time": 326.007,
    "Actual Rows": 1,
    "Actual Loops": 1,
    "Plans": [
      {
        "Node Type": "Gather",
        "Parent Relationship": "Outer",
        "Parallel Aware": false,
        "Startup Cost": 95566.81,
        "Total Cost": 95566.92,
        "Plan Rows": 1,
        "Plan Width": 8,
        "Actual Startup Time": 317.457,
        "Actual Total Time": 325.998,
        "Actual Rows": 2,
        "Actual Loops": 1,
        "Workers Planned": 1,
        "Workers Launched": 1,
        "Single Copy": false,
        "Plans": [
          {
            "Node Type": "Aggregate",
            "Strategy": "Plain",
            "Partial Mode": "Partial",
            "Parent Relationship": "Outer",
            "Parallel Aware": false,
            "Startup Cost": 94566.81,
            "Total Cost": 94566.82,
            "Plan Rows": 1,
            "Plan Width": 8,
            "Actual Startup Time": 315.035,
            "Actual Total Time": 315.189,
            "Actual Rows": 1,
            "Actual Loops": 2,
            "Plans": [
              {
                "Node Type": "Hash Join",
                "Parent Relationship": "Outer",
                "Parallel Aware": true,
                "Join Type": "Inner",
                "Startup Cost": 54525.07,
                "Total Cost": 94483.09,
                "Plan Rows": 33486,
                "Plan Width": 0,
                "Actual Startup Time": 168.158,
                "Actual Total Time": 309.236,
                "Actual Rows": 144350,
                "Actual Loops": 2,
                "Inner Unique": true,
                "Hash Cond": "(mc.movie_id = t.id)",
                "Plans": [
                  {
                    "Node Type": "Seq Scan",
                    "Parent Relationship": "Outer",
                    "Parallel Aware": true,
                    "Relation Name": "movie_companies",
                    "Alias": "mc",
                    "Startup Cost": 0.0,
                    "Total Cost": 37974.77,
                    "Plan Rows": 755522,
                    "Plan Width": 4,
                    "Actual Startup Time": 0.014,
                    "Actual Total Time": 106.299,
                    "Actual Rows": 637123,
                    "Actual Loops": 2,
                    "Filter": "(company_type_id = 1)",
                    "Rows Removed by Filter": 667442
                  },
                  {
                    "Node Type": "Hash",
                    "Parent Relationship": "Inner",
                    "Parallel Aware": true,
                    "Startup Cost": 53701.12,
                    "Total Cost": 53701.12,
                    "Plan Rows": 65916,
                    "Plan Width": 4,
                    "Actual Startup Time": 120.947,
                    "Actual Total Time": 120.949,
                    "Actual Rows": 124105,
                    "Actual Loops": 2,
                    "Hash Buckets": 262144,
                    "Original Hash Buckets": 131072,
                    "Hash Batches": 1,
                    "Original Hash Batches": 1,
                    "Peak Memory Usage": 12800,
                    "Plans": [
                      {
                        "Node Type": "Bitmap Heap Scan",
                        "Parent Relationship": "Outer",
                        "Parallel Aware": true,
                        "Relation Name": "title",
                        "Alias": "t",
                        "Startup Cost": 11850.86,
                        "Total Cost": 53701.12,
                        "Plan Rows": 65916,
                        "Plan Width": 4,
                        "Actual Startup Time": 30.463,
                        "Actual Total Time": 92.85,
                        "Actual Rows": 124105,
                        "Actual Loops": 2,
                        "Recheck Cond": "(kind_id = 1)",
                        "Rows Removed by Index Recheck": 0,
                        "Filter": "(production_year < 1975)",
                        "Rows Removed by Filter": 207308,
                        "Exact Heap Blocks": 8413,
                        "Lossy Heap Blocks": 0,
                        "Plans": [
                          {
                            "Node Type": "Bitmap Index Scan",
                            "Parent Relationship": "Outer",
                            "Parallel Aware": false,
                            "Index Name": "kind_id_title",
                            "Startup Cost": 0.0,
                            "Total Cost": 11822.85,
                            "Plan Rows": 663256,
                            "Plan Width": 0,
                            "Actual Startup Time": 29.841,
                            "Actual Total Time": 29.841,
                            "Actual Rows": 662825,
                            "Actual Loops": 1,
                            "Index Cond": "(kind_id = 1)"
                          }
                        ]
                      }
                    ]
                  }
                ]
              }
            ]
          }
        ]
      }
    ]
  },
  "Planning Time": 0.325,
  "Triggers": [],
  "Execution Time": 326.054
}