[
  {
    "Plan": {
      "Node Type": "Aggregate",
      "Strategy": "Plain",
      "Partial Mode": "Finalize",
      "Parallel Aware": false,
      "Startup Cost": 616176.32,
      "Total Cost": 616176.33,
      "Plan Rows": 1,
      "Plan Width": 8,
      "Actual Startup Time": 2478.4,
      "Actual Total Time": 2563.871,
      "Actual Rows": 1,
      "Actual Loops": 1,
      "Plans": [
        {
          "Node Type": "Gather",
          "Parent Relationship": "Outer",
          "Parallel Aware": false,
          "Startup Cost": 616175.69,
          "Total Cost": 616176.3,
          "Plan Rows": 6,
          "Plan Width": 8,
          "Actual Startup Time": 2468.141,
          "Actual Total Time": 2563.86,
          "Actual Rows": 7,
          "Actual Loops": 1,
          "Workers Planned": 6,
          "Workers Launched": 6,
          "Single Copy": false,
          "Plans": [
            {
              "Node Type": "Aggregate",
              "Strategy": "Plain",
              "Partial Mode": "Partial",
              "Parent Relationship": "Outer",
              "Parallel Aware": false,
              "Startup Cost": 615175.69,
              "Total Cost": 615175.7,
              "Plan Rows": 1,
              "Plan Width": 8,
              "Actual Startup Time": 2452.385,
              "Actual Total Time": 2452.458,
              "Actual Rows": 1,
              "Actual Loops": 7,
              "Plans": [
                {
                  "Node Type": "Hash Join",
                  "Parent Relationship": "Outer",
                  "Parallel Aware": true,
                  "Join Type": "Inner",
                  "Startup Cost": 255384.17,
                  "Total Cost": 607635.33,
                  "Plan Rows": 3016145,
                  "Plan Width": 0,
                  "Actual Startup Time": 806.141,
                  "Actual Total Time": 2383.457,
                  "Actual Rows": 1503923,
                  "Actual Loops": 7,
                  "Inner Unique": false,
                  "Hash Cond": "(ci.movie_id = t.id)",
                  "Plans": [
                    {
                      "Node Type": "Seq Scan",
                      "Parent Relationship": "Outer",
                      "Parallel Aware": true,
                      "Relation Name": "cast_info",
                      "Alias": "ci",
                      "Startup Cost": 0.0,
                      "Total Cost": 328162.03,
                      "Plan Rows": 4815160,
                      "Plan Width": 4,
                      "Actual Startup Time": 80.496,
                      "Actual Total Time": 662.341,
                      "Actual Rows": 4101614,
                      "Actual Loops": 7,
                      "Filter": "(person_id > 730397)",
                      "Rows Removed by Filter": 1076149
                    },
                    {
                      "Node Type": "Hash",
                      "Parent Relationship": "Inner",
                      "Parallel Aware": true,
                      "Startup Cost": 251424.95,
                      "Total Cost": 251424.95,
                      "Plan Rows": 316737,
                      "Plan Width": 8,
                      "Actual Startup Time": 720.716,
                      "Actual Total Time": 720.787,
                      "Actual Rows": 131568,
                      "Actual Loops": 7,
                      "Hash Buckets": 2097152,
                      "Original Hash Buckets": 2097152,
                      "Hash Batches": 1,
                      "Original Hash Batches": 1,
                      "Peak Memory Usage": 52480,
                      "Plans": [
                        {
                          "Node Type": "Hash Join",
                          "Parent Relationship": "Outer",
                          "Parallel Aware": true,
                          "Join Type": "Inner",
                          "Startup Cost": 46597.12,
                          "Total Cost": 251424.95,
                          "Plan Rows": 316737,
                          "Plan Width": 8,
                          "Actual Startup Time": 101.742,
                          "Actual Total Time": 653.946,
                          "Actual Rows": 131568,
                          "Actual Loops": 7,
                          "Inner Unique": true,
                          "Hash Cond": "(mi.movie_id = t.id)",
                          "Plans": [
                            {
                              "Node Type": "Seq Scan",
                              "Parent Relationship": "Outer",
                              "Parallel Aware": true,
                              "Relation Name": "movie_info",
                              "Alias": "mi",
                              "Startup Cost": 0.0,
                              "Total Cost": 198952.16,
                              "Plan Rows": 2238345,
                              "Plan Width": 4,
                              "Actual Startup Time": 0.037,
                              "Actual Total Time": 336.817,
                              "Actual Rows": 1601535,
                              "Actual Loops": 7,
                              "Filter": "(info_type_id > 3)",
                              "Rows Removed by Filter": 517854
                            },
                            {
                              "Node Type": "Hash",
                              "Parent Relationship": "Inner",
                              "Parallel Aware": true,
                              "Startup Cost": 45479.1,
                              "Total Cost": 45479.1,
                              "Plan Rows": 89442,
                              "Plan Width": 4,
                              "Actual Startup Time": 100.062,
                              "Actual Total Time": 100.064,
                              "Actual Rows": 32668,
                              "Actual Loops": 7,
                              "Hash Buckets": 524288,
                              "Original Hash Buckets": 524288,
                              "Hash Batches": 1,
                              "Original Hash Batches": 1,
                              "Peak Memory Usage": 13152,
                              "Plans": [
                                {
                                  "Node Type": "Seq Scan",
                                  "Parent Relationship": "Outer",
                                  "Parallel Aware": true,
                                  "Relation Name": "title",
                                  "Alias": "t",
                                  "Startup Cost": 0.0,
                                  "Total Cost": 45479.1,
                                  "Plan Rows": 89442,
                                  "Plan Width": 4,
                                  "Actual Startup Time": 0.044,
                                  "Actual Total Time": 79.568,
                                  "Actual Rows": 32668,
                                  "Actual Loops": 7,
                                  "Filter": "((kind_id > 1) AND (production_year < 1979))",
                                  "Rows Removed by Filter": 328520
                                }
                              ]
                            }
                          ]
                        }
                      ]
                    }
                  ]
                }
              ]
            }
          ]
        }
      ]
    },
    "Planning Time": 1.353,
    "Triggers": [],
    "Execution Time": 2563.968
  }
]