[
  {
    "Plan": {
      "Node Type": "Aggregate",
      "Strategy": "Plain",
      "Partial Mode": "Finalize",
      "Parallel Aware": false,
      "Startup Cost": 46626.34,
      "Total Cost": 46626.35,
      "Plan Rows": 1,
      "Plan Width": 8,
      "Actual Startup Time": 163.818,
      "Actual Total Time": 174.422,
      "Actual Rows": 1,
      "Actual Loops": 1,
      "Plans": [
        {
          "Node Type": "Gather",
          "Parent Relationship": "Outer",
          "Parallel Aware": false,
          "Startup Cost": 46626.02,
          "Total Cost": 46626.33,
          "Plan Rows": 3,
          "Plan Width": 8,
          "Actual Startup Time": 163.684,
          "Actual Total Time": 174.406,
          "Actual Rows": 4,
          "Actual Loops": 1,
          "Workers Planned": 3,
          "Workers Launched": 3,
          "Single Copy": false,
          "Plans": [
            {
              "Node Type": "Aggregate",
              "Strategy": "Plain",
              "Partial Mode": "Partial",
              "Parent Relationship": "Outer",
              "Parallel Aware": false,
              "Startup Cost": 45626.02,
              "Total Cost": 45626.03,
              "Plan Rows": 1,
              "Plan Width": 8,
              "Actual Startup Time": 159.919,
              "Actual Total Time": 159.92,
              "Actual Rows": 1,
              "Actual Loops": 4,
              "Plans": [
                {
                  "Node Type": "Seq Scan",
                  "Parent Relationship": "Outer",
                  "Parallel Aware": true,
                  "Relation Name": "movie_keyword",
                  "Alias": "mk",
                  "Startup Cost": 0.0,
                  "Total Cost": 42695.65,
                  "Plan Rows": 1172147,
                  "Plan Width": 0,
                  "Actual Startup Time": 0.032,
                  "Actual Total Time": 118.228,
                  "Actual Rows": 909546,
                  "Actual Loops": 4,
                  "Filter": "(keyword_id < 20819)",
                  "Rows Removed by Filter": 221437
                }
              ]
            }
          ]
        }
      ]
    },
    "Planning Time": 0.19,
    "Triggers": [],
    "Execution Time": 174.482
  }
]