[
  {
    "Plan": {
      "Node Type": "Aggregate",
      "Strategy": "Plain",
      "Partial Mode": "Finalize",
      "Parallel Aware": false,
      "Startup Cost": 396418.81,
      "Total Cost": 396418.82,
      "Plan Rows": 1,
      "Plan Width": 8,
      "Actual Startup Time": 1963.309,
      "Actual Total Time": 2028.93,
      "Actual Rows": 1,
      "Actual Loops": 1,
      "Plans": [
        {
          "Node Type": "Gather",
          "Parent Relationship": "Outer",
          "Parallel Aware": false,
          "Startup Cost": 396418.19,
          "Total Cost": 396418.8,
          "Plan Rows": 6,
          "Plan Width": 8,
          "Actual Startup Time": 1956.063,
          "Actual Total Time": 2028.919,
          "Actual Rows": 7,
          "Actual Loops": 1,
          "Workers Planned": 6,
          "Workers Launched": 6,
          "Single Copy": false,
          "Plans": [
            {
              "Node Type": "Aggregate",
              "Strategy": "Plain",
              "Partial Mode": "Partial",
              "Parent Relationship": "Outer",
              "Parallel Aware": false,
              "Startup Cost": 395418.19,
              "Total Cost": 395418.2,
              "Plan Rows": 1,
              "Plan Width": 8,
              "Actual Startup Time": 1944.922,
              "Actual Total Time": 1944.925,
              "Actual Rows": 1,
              "Actual Loops": 7,
              "Plans": [
                {
                  "Node Type": "Hash Join",
                  "Parent Relationship": "Outer",
                  "Parallel Aware": true,
                  "Join Type": "Inner",
                  "Startup Cost": 47938.49,
                  "Total Cost": 391000.89,
                  "Plan Rows": 1766920,
                  "Plan Width": 0,
                  "Actual Startup Time": 157.832,
                  "Actual Total Time": 1888.094,
                  "Actual Rows": 1232168,
                  "Actual Loops": 7,
                  "Inner Unique": true,
                  "Hash Cond": "(ci.movie_id = t.id)",
                  "Plans": [
                    {
                      "Node Type": "Seq Scan",
                      "Parent Relationship": "Outer",
                      "Parallel Aware": true,
                      "Relation Name": "cast_info",
                      "Alias": "ci",
                      "Startup Cost": 0.0,
                      "Total Cost": 328162.03,
                      "Plan Rows": 5676325,
                      "Plan Width": 4,
                      "Actual Startup Time": 22.116,
                      "Actual Total Time": 673.975,
                      "Actual Rows": 4868827,
                      "Actual Loops": 7,
                      "Filter": "(person_id > 211974)",
                      "Rows Removed by Filter": 308936
                    },
                    {
                      "Node Type": "Hash",
                      "Parent Relationship": "Inner",
                      "Parallel Aware": true,
                      "Startup Cost": 45479.1,
                      "Total Cost": 45479.1,
                      "Plan Rows": 196751,
                      "Plan Width": 4,
                      "Actual Startup Time": 132.135,
                      "Actual Total Time": 132.136,
                      "Actual Rows": 99748,
                      "Actual Loops": 7,
                      "Hash Buckets": 1048576,
                      "Original Hash Buckets": 1048576,
                      "Hash Batches": 1,
                      "Original Hash Batches": 1,
                      "Peak Memory Usage": 35616,
                      "Plans": [
                        {
                          "Node Type": "Seq Scan",
                          "Parent Relationship": "Outer",
                          "Parallel Aware": true,
                          "Relation Name": "title",
                          "Alias": "t",
                          "Startup Cost": 0.0,
                          "Total Cost": 45479.1,
                          "Plan Rows": 196751,
                          "Plan Width": 4,
                          "Actual Startup Time": 0.04,
                          "Actual Total Time": 79.899,
                          "Actual Rows": 99748,
                          "Actual Loops": 7,
                          "Filter": "((kind_id > 2) AND (production_year < 2002))",
                          "Rows Removed by Filter": 261440
                        }
                      ]
                    }
                  ]
                }
              ]
            }
          ]
        }
      ]
    },
    "Planning Time": 0.636,
    "Triggers": [],
    "Execution Time": 2029.017
  }
]