[
    {
        "Bao": {
            "Bao prediction": 325.665,
            "Bao recommended hint": "SET enable_nestloop TO off; "
        }
    },
    {
        "Plan": {
            "Node Type": "Aggregate",
            "Strategy": "Plain",
            "Partial Mode": "Simple",
            "Parallel Aware": false,
            "Startup Cost": 27035.96,
            "Total Cost": 27035.97,
            "Plan Rows": 1,
            "Plan Width": 96,
            "Actual Startup Time": 201.504,
            "Actual Total Time": 201.771,
            "Actual Rows": 1,
            "Actual Loops": 1,
            "Output": [
                "min(cn.name)",
                "min(mc.note)",
                "min(t.title)"
            ],
            "Plans": [
                {
                    "Node Type": "Hash Join",
                    "Parent Relationship": "Outer",
                    "Parallel Aware": false,
                    "Join Type": "Inner",
                    "Startup Cost": 23169.88,
                    "Total Cost": 27035.95,
                    "Plan Rows": 1,
                    "Plan Width": 60,
                    "Actual Startup Time": 191.367,
                    "Actual Total Time": 201.749,
                    "Actual Rows": 25,
                    "Actual Loops": 1,
                    "Output": [
                        "cn.name",
                        "mc.note",
                        "t.title"
                    ],
                    "Inner Unique": true,
                    "Hash Cond": "(ml.link_type_id = lt.id)",
                    "Plans": [
                        {
                            "Node Type": "Hash Join",
                            "Parent Relationship": "Outer",
                            "Parallel Aware": false,
                            "Join Type": "Inner",
                            "Startup Cost": 23168.47,
                            "Total Cost": 27034.54,
                            "Plan Rows": 1,
                            "Plan Width": 64,
                            "Actual Startup Time": 191.226,
                            "Actual Total Time": 201.6,
                            "Actual Rows": 25,
                            "Actual Loops": 1,
                            "Output": [
                                "cn.name",
                                "mc.note",
                                "ml.link_type_id",
                                "t.title"
                            ],
                            "Inner Unique": true,
                            "Hash Cond": "(mk.keyword_id = k.id)",
                            "Plans": [
                                {
                                    "Node Type": "Merge Join",
                                    "Parent Relationship": "Outer",
                                    "Parallel Aware": false,
                                    "Join Type": "Inner",
                                    "Startup Cost": 20374.6,
                                    "Total Cost": 24240.34,
                                    "Plan Rows": 126,
                                    "Plan Width": 68,
                                    "Actual Startup Time": 138.209,
                                    "Actual Total Time": 153.18,
                                    "Actual Rows": 6125,
                                    "Actual Loops": 1,
                                    "Output": [
                                        "cn.name",
                                        "mc.note",
                                        "mk.keyword_id",
                                        "ml.link_type_id",
                                        "t.title"
                                    ],
                                    "Inner Unique": false,
                                    "Merge Cond": "(mk.movie_id = ml.movie_id)",
                                    "Plans": [
                                        {
                                            "Node Type": "Index Scan",
                                            "Parent Relationship": "Outer",
                                            "Parallel Aware": false,
                                            "Scan Direction": "Forward",
                                            "Index Name": "movie_id_movie_keyword",
                                            "Relation Name": "movie_keyword",
                                            "Schema": "public",
                                            "Alias": "mk",
                                            "Startup Cost": 0.43,
                                            "Total Cost": 177175.68,
                                            "Plan Rows": 4523930,
                                            "Plan Width": 8,
                                            "Actual Startup Time": 0.03,
                                            "Actual Total Time": 16.481,
                                            "Actual Rows": 74214,
                                            "Actual Loops": 1,
                                            "Output": [
                                                "mk.id",
                                                "mk.movie_id",
                                                "mk.keyword_id"
                                            ]
                                        },
                                        {
                                            "Node Type": "Sort",
                                            "Parent Relationship": "Inner",
                                            "Parallel Aware": false,
                                            "Startup Cost": 20374.16,
                                            "Total Cost": 20374.17,
                                            "Plan Rows": 3,
                                            "Plan Width": 76,
                                            "Actual Startup Time": 127.494,
                                            "Actual Total Time": 128.124,
                                            "Actual Rows": 6116,
                                            "Actual Loops": 1,
                                            "Output": [
                                                "cn.name",
                                                "mc.note",
                                                "mc.movie_id",
                                                "ml.link_type_id",
                                                "ml.movie_id",
                                                "t.title",
                                                "t.id"
                                            ],
                                            "Sort Key": [
                                                "mc.movie_id"
                                            ],
                                            "Sort Method": "quicksort",
                                            "Sort Space Used": 55,
                                            "Sort Space Type": "Memory",
                                            "Plans": [
                                                {
                                                    "Node Type": "Gather",
                                                    "Parent Relationship": "Outer",
                                                    "Parallel Aware": false,
                                                    "Startup Cost": 6417.5,
                                                    "Total Cost": 20374.14,
                                                    "Plan Rows": 3,
                                                    "Plan Width": 76,
                                                    "Actual Startup Time": 125.522,
                                                    "Actual Total Time": 127.58,
                                                    "Actual Rows": 184,
                                                    "Actual Loops": 1,
                                                    "Output": [
                                                        "cn.name",
                                                        "mc.note",
                                                        "mc.movie_id",
                                                        "ml.link_type_id",
                                                        "ml.movie_id",
                                                        "t.title",
                                                        "t.id"
                                                    ],
                                                    "Workers Planned": 4,
                                                    "Workers Launched": 4,
                                                    "Single Copy": false,
                                                    "Plans": [
                                                        {
                                                            "Node Type": "Hash Join",
                                                            "Parent Relationship": "Outer",
                                                            "Parallel Aware": false,
                                                            "Join Type": "Inner",
                                                            "Startup Cost": 5417.5,
                                                            "Total Cost": 19373.84,
                                                            "Plan Rows": 1,
                                                            "Plan Width": 76,
                                                            "Actual Startup Time": 86.836,
                                                            "Actual Total Time": 113.901,
                                                            "Actual Rows": 37,
                                                            "Actual Loops": 5,
                                                            "Output": [
                                                                "cn.name",
                                                                "mc.note",
                                                                "mc.movie_id",
                                                                "ml.link_type_id",
                                                                "ml.movie_id",
                                                                "t.title",
                                                                "t.id"
                                                            ],
                                                            "Inner Unique": true,
                                                            "Hash Cond": "(mc.company_type_id = ct.id)",
                                                            "Workers": [
                                                                {
                                                                    "Worker Number": 0,
                                                                    "Actual Startup Time": 93.747,
                                                                    "Actual Total Time": 113.477,
                                                                    "Actual Rows": 1,
                                                                    "Actual Loops": 1
                                                                },
                                                                {
                                                                    "Worker Number": 1,
                                                                    "Actual Startup Time": 70.428,
                                                                    "Actual Total Time": 108.428,
                                                                    "Actual Rows": 72,
                                                                    "Actual Loops": 1
                                                                },
                                                                {
                                                                    "Worker Number": 2,
                                                                    "Actual Startup Time": 114.079,
                                                                    "Actual Total Time": 114.084,
                                                                    "Actual Rows": 0,
                                                                    "Actual Loops": 1
                                                                },
                                                                {
                                                                    "Worker Number": 3,
                                                                    "Actual Startup Time": 31.2,
                                                                    "Actual Total Time": 108.784,
                                                                    "Actual Rows": 111,
                                                                    "Actual Loops": 1
                                                                }
                                                            ],
                                                            "Plans": [
                                                                {
                                                                    "Node Type": "Hash Join",
                                                                    "Parent Relationship": "Outer",
                                                                    "Parallel Aware": true,
                                                                    "Join Type": "Inner",
                                                                    "Startup Cost": 5416.42,
                                                                    "Total Cost": 19372.75,
                                                                    "Plan Rows": 1,
                                                                    "Plan Width": 80,
                                                                    "Actual Startup Time": 86.422,
                                                                    "Actual Total Time": 113.476,
                                                                    "Actual Rows": 37,
                                                                    "Actual Loops": 5,
                                                                    "Output": [
                                                                        "cn.name",
                                                                        "mc.note",
                                                                        "mc.movie_id",
                                                                        "mc.company_type_id",
                                                                        "ml.link_type_id",
                                                                        "ml.movie_id",
                                                                        "t.title",
                                                                        "t.id"
                                                                    ],
                                                                    "Inner Unique": true,
                                                                    "Hash Cond": "(mc.company_id = cn.id)",
                                                                    "Workers": [
                                                                        {
                                                                            "Worker Number": 0,
                                                                            "Actual Startup Time": 93.21,
                                                                            "Actual Total Time": 112.937,
                                                                            "Actual Rows": 1,
                                                                            "Actual Loops": 1
                                                                        },
                                                                        {
                                                                            "Worker Number": 1,
                                                                            "Actual Startup Time": 69.814,
                                                                            "Actual Total Time": 107.794,
                                                                            "Actual Rows": 72,
                                                                            "Actual Loops": 1
                                                                        },
                                                                        {
                                                                            "Worker Number": 2,
                                                                            "Actual Startup Time": 113.729,
                                                                            "Actual Total Time": 113.732,
                                                                            "Actual Rows": 0,
                                                                            "Actual Loops": 1
                                                                        },
                                                                        {
                                                                            "Worker Number": 3,
                                                                            "Actual Startup Time": 30.671,
                                                                            "Actual Total Time": 108.226,
                                                                            "Actual Rows": 111,
                                                                            "Actual Loops": 1
                                                                        }
                                                                    ],
                                                                    "Plans": [
                                                                        {
                                                                            "Node Type": "Merge Join",
                                                                            "Parent Relationship": "Outer",
                                                                            "Parallel Aware": false,
                                                                            "Join Type": "Inner",
                                                                            "Startup Cost": 2.02,
                                                                            "Total Cost": 13944.92,
                                                                            "Plan Rows": 5118,
                                                                            "Plan Width": 65,
                                                                            "Actual Startup Time": 4.838,
                                                                            "Actual Total Time": 91.262,
                                                                            "Actual Rows": 1406,
                                                                            "Actual Loops": 5,
                                                                            "Output": [
                                                                                "mc.note",
                                                                                "mc.movie_id",
                                                                                "mc.company_type_id",
                                                                                "mc.company_id",
                                                                                "ml.link_type_id",
                                                                                "ml.movie_id",
                                                                                "t.title",
                                                                                "t.id"
                                                                            ],
                                                                            "Inner Unique": false,
                                                                            "Merge Cond": "(ml.movie_id = mc.movie_id)",
                                                                            "Workers": [
                                                                                {
                                                                                    "Worker Number": 0,
                                                                                    "Actual Startup Time": 3.514,
                                                                                    "Actual Total Time": 94.87,
                                                                                    "Actual Rows": 1952,
                                                                                    "Actual Loops": 1
                                                                                },
                                                                                {
                                                                                    "Worker Number": 1,
                                                                                    "Actual Startup Time": 3.418,
                                                                                    "Actual Total Time": 88.908,
                                                                                    "Actual Rows": 2096,
                                                                                    "Actual Loops": 1
                                                                                },
                                                                                {
                                                                                    "Worker Number": 2,
                                                                                    "Actual Startup Time": 13.837,
                                                                                    "Actual Total Time": 90.492,
                                                                                    "Actual Rows": 545,
                                                                                    "Actual Loops": 1
                                                                                },
                                                                                {
                                                                                    "Worker Number": 3,
                                                                                    "Actual Startup Time": 2.481,
                                                                                    "Actual Total Time": 88.647,
                                                                                    "Actual Rows": 2078,
                                                                                    "Actual Loops": 1
                                                                                }
                                                                            ],
                                                                            "Plans": [
                                                                                {
                                                                                    "Node Type": "Merge Join",
                                                                                    "Parent Relationship": "Outer",
                                                                                    "Parallel Aware": false,
                                                                                    "Join Type": "Inner",
                                                                                    "Startup Cost": 1.59,
                                                                                    "Total Cost": 8103.71,
                                                                                    "Plan Rows": 1947,
                                                                                    "Plan Width": 29,
                                                                                    "Actual Startup Time": 3.692,
                                                                                    "Actual Total Time": 47.457,
                                                                                    "Actual Rows": 1658,
                                                                                    "Actual Loops": 5,
                                                                                    "Output": [
                                                                                        "ml.link_type_id",
                                                                                        "ml.movie_id",
                                                                                        "t.title",
                                                                                        "t.id"
                                                                                    ],
                                                                                    "Inner Unique": false,
                                                                                    "Merge Cond": "(t.id = ml.movie_id)",
                                                                                    "Workers": [
                                                                                        {
                                                                                            "Worker Number": 0,
                                                                                            "Actual Startup Time": 2.88,
                                                                                            "Actual Total Time": 56.202,
                                                                                            "Actual Rows": 1686,
                                                                                            "Actual Loops": 1
                                                                                        },
                                                                                        {
                                                                                            "Worker Number": 1,
                                                                                            "Actual Startup Time": 2.687,
                                                                                            "Actual Total Time": 56.13,
                                                                                            "Actual Rows": 4066,
                                                                                            "Actual Loops": 1
                                                                                        },
                                                                                        {
                                                                                            "Worker Number": 2,
                                                                                            "Actual Startup Time": 10.271,
                                                                                            "Actual Total Time": 36.101,
                                                                                            "Actual Rows": 99,
                                                                                            "Actual Loops": 1
                                                                                        },
                                                                                        {
                                                                                            "Worker Number": 3,
                                                                                            "Actual Startup Time": 1.739,
                                                                                            "Actual Total Time": 55.008,
                                                                                            "Actual Rows": 1962,
                                                                                            "Actual Loops": 1
                                                                                        }
                                                                                    ],
                                                                                    "Plans": [
                                                                                        {
                                                                                            "Node Type": "Index Scan",
                                                                                            "Parent Relationship": "Outer",
                                                                                            "Parallel Aware": true,
                                                                                            "Scan Direction": "Forward",
                                                                                            "Index Name": "title_pkey",
                                                                                            "Relation Name": "title",
                                                                                            "Schema": "public",
                                                                                            "Alias": "t",
                                                                                            "Startup Cost": 0.43,
                                                                                            "Total Cost": 92969.49,
                                                                                            "Plan Rows": 164114,
                                                                                            "Plan Width": 21,
                                                                                            "Actual Startup Time": 0.369,
                                                                                            "Actual Total Time": 34.236,
                                                                                            "Actual Rows": 10883,
                                                                                            "Actual Loops": 5,
                                                                                            "Output": [
                                                                                                "t.id",
                                                                                                "t.title",
                                                                                                "t.imdb_index",
                                                                                                "t.kind_id",
                                                                                                "t.production_year",
                                                                                                "t.imdb_id",
                                                                                                "t.phonetic_code",
                                                                                                "t.episode_of_id",
                                                                                                "t.season_nr",
                                                                                                "t.episode_nr",
                                                                                                "t.series_years",
                                                                                                "t.md5sum"
                                                                                            ],
                                                                                            "Filter": "(t.production_year > 2008)",
                                                                                            "Rows Removed by Filter": 26360,
                                                                                            "Workers": [
                                                                                                {
                                                                                                    "Worker Number": 0,
                                                                                                    "Actual Startup Time": 0.122,
                                                                                                    "Actual Total Time": 45.726,
                                                                                                    "Actual Rows": 16504,
                                                                                                    "Actual Loops": 1
                                                                                                },
                                                                                                {
                                                                                                    "Worker Number": 1,
                                                                                                    "Actual Startup Time": 0.469,
                                                                                                    "Actual Total Time": 45.392,
                                                                                                    "Actual Rows": 16099,
                                                                                                    "Actual Loops": 1
                                                                                                },
                                                                                                {
                                                                                                    "Worker Number": 2,
                                                                                                    "Actual Startup Time": 0.144,
                                                                                                    "Actual Total Time": 18.984,
                                                                                                    "Actual Rows": 2276,
                                                                                                    "Actual Loops": 1
                                                                                                },
                                                                                                {
                                                                                                    "Worker Number": 3,
                                                                                                    "Actual Startup Time": 0.886,
                                                                                                    "Actual Total Time": 44.448,
                                                                                                    "Actual Rows": 16538,
                                                                                                    "Actual Loops": 1
                                                                                                }
                                                                                            ]
                                                                                        },
                                                                                        {
                                                                                            "Node Type": "Index Scan",
                                                                                            "Parent Relationship": "Inner",
                                                                                            "Parallel Aware": false,
                                                                                            "Scan Direction": "Forward",
                                                                                            "Index Name": "movie_id_movie_link",
                                                                                            "Relation Name": "movie_link",
                                                                                            "Schema": "public",
                                                                                            "Alias": "ml",
                                                                                            "Startup Cost": 0.29,
                                                                                            "Total Cost": 1111.51,
                                                                                            "Plan Rows": 29997,
                                                                                            "Plan Width": 8,
                                                                                            "Actual Startup Time": 0.076,
                                                                                            "Actual Total Time": 8.131,
                                                                                            "Actual Rows": 29997,
                                                                                            "Actual Loops": 5,
                                                                                            "Output": [
                                                                                                "ml.id",
                                                                                                "ml.movie_id",
                                                                                                "ml.linked_movie_id",
                                                                                                "ml.link_type_id"
                                                                                            ],
                                                                                            "Workers": [
                                                                                                {
                                                                                                    "Worker Number": 0,
                                                                                                    "Actual Startup Time": 0.074,
                                                                                                    "Actual Total Time": 6.057,
                                                                                                    "Actual Rows": 29997,
                                                                                                    "Actual Loops": 1
                                                                                                },
                                                                                                {
                                                                                                    "Worker Number": 1,
                                                                                                    "Actual Startup Time": 0.093,
                                                                                                    "Actual Total Time": 6.147,
                                                                                                    "Actual Rows": 29997,
                                                                                                    "Actual Loops": 1
                                                                                                },
                                                                                                {
                                                                                                    "Worker Number": 2,
                                                                                                    "Actual Startup Time": 0.103,
                                                                                                    "Actual Total Time": 11.264,
                                                                                                    "Actual Rows": 29997,
                                                                                                    "Actual Loops": 1
                                                                                                },
                                                                                                {
                                                                                                    "Worker Number": 3,
                                                                                                    "Actual Startup Time": 0.078,
                                                                                                    "Actual Total Time": 6.136,
                                                                                                    "Actual Rows": 29997,
                                                                                                    "Actual Loops": 1
                                                                                                }
                                                                                            ]
                                                                                        }
                                                                                    ]
                                                                                },
                                                                                {
                                                                                    "Node Type": "Index Scan",
                                                                                    "Parent Relationship": "Inner",
                                                                                    "Parallel Aware": false,
                                                                                    "Scan Direction": "Forward",
                                                                                    "Index Name": "movie_id_movie_companies",
                                                                                    "Relation Name": "movie_companies",
                                                                                    "Schema": "public",
                                                                                    "Alias": "mc",
                                                                                    "Startup Cost": 0.43,
                                                                                    "Total Cost": 140586.81,
                                                                                    "Plan Rows": 1336309,
                                                                                    "Plan Width": 36,
                                                                                    "Actual Startup Time": 0.058,
                                                                                    "Actual Total Time": 39.103,
                                                                                    "Actual Rows": 43860,
                                                                                    "Actual Loops": 5,
                                                                                    "Output": [
                                                                                        "mc.id",
                                                                                        "mc.movie_id",
                                                                                        "mc.company_id",
                                                                                        "mc.company_type_id",
                                                                                        "mc.note"
                                                                                    ],
                                                                                    "Filter": "(mc.note IS NOT NULL)",
                                                                                    "Rows Removed by Filter": 43387,
                                                                                    "Workers": [
                                                                                        {
                                                                                            "Worker Number": 0,
                                                                                            "Actual Startup Time": 0.065,
                                                                                            "Actual Total Time": 34.337,
                                                                                            "Actual Rows": 52037,
                                                                                            "Actual Loops": 1
                                                                                        },
                                                                                        {
                                                                                            "Worker Number": 1,
                                                                                            "Actual Startup Time": 0.069,
                                                                                            "Actual Total Time": 28.975,
                                                                                            "Actual Rows": 42961,
                                                                                            "Actual Loops": 1
                                                                                        },
                                                                                        {
                                                                                            "Worker Number": 2,
                                                                                            "Actual Startup Time": 0.064,
                                                                                            "Actual Total Time": 48.911,
                                                                                            "Actual Rows": 38890,
                                                                                            "Actual Loops": 1
                                                                                        },
                                                                                        {
                                                                                            "Worker Number": 3,
                                                                                            "Actual Startup Time": 0.065,
                                                                                            "Actual Total Time": 29.886,
                                                                                            "Actual Rows": 43425,
                                                                                            "Actual Loops": 1
                                                                                        }
                                                                                    ]
                                                                                }
                                                                            ]
                                                                        },
                                                                        {
                                                                            "Node Type": "Hash",
                                                                            "Parent Relationship": "Inner",
                                                                            "Parallel Aware": true,
                                                                            "Startup Cost": 5414.09,
                                                                            "Total Cost": 5414.09,
                                                                            "Plan Rows": 25,
                                                                            "Plan Width": 23,
                                                                            "Actual Startup Time": 21.754,
                                                                            "Actual Total Time": 21.755,
                                                                            "Actual Rows": 18,
                                                                            "Actual Loops": 5,
                                                                            "Output": [
                                                                                "cn.name",
                                                                                "cn.id"
                                                                            ],
                                                                            "Hash Buckets": 1024,
                                                                            "Original Hash Buckets": 1024,
                                                                            "Hash Batches": 1,
                                                                            "Original Hash Batches": 1,
                                                                            "Peak Memory Usage": 168,
                                                                            "Workers": [
                                                                                {
                                                                                    "Worker Number": 0,
                                                                                    "Actual Startup Time": 17.578,
                                                                                    "Actual Total Time": 17.579,
                                                                                    "Actual Rows": 2,
                                                                                    "Actual Loops": 1
                                                                                },
                                                                                {
                                                                                    "Worker Number": 1,
                                                                                    "Actual Startup Time": 18.527,
                                                                                    "Actual Total Time": 18.528,
                                                                                    "Actual Rows": 7,
                                                                                    "Actual Loops": 1
                                                                                },
                                                                                {
                                                                                    "Worker Number": 2,
                                                                                    "Actual Startup Time": 23.025,
                                                                                    "Actual Total Time": 23.026,
                                                                                    "Actual Rows": 25,
                                                                                    "Actual Loops": 1
                                                                                },
                                                                                {
                                                                                    "Worker Number": 3,
                                                                                    "Actual Startup Time": 19.0,
                                                                                    "Actual Total Time": 19.001,
                                                                                    "Actual Rows": 7,
                                                                                    "Actual Loops": 1
                                                                                }
                                                                            ],
                                                                            "Plans": [
                                                                                {
                                                                                    "Node Type": "Seq Scan",
                                                                                    "Parent Relationship": "Outer",
                                                                                    "Parallel Aware": true,
                                                                                    "Relation Name": "company_name",
                                                                                    "Schema": "public",
                                                                                    "Alias": "cn",
                                                                                    "Startup Cost": 0.0,
                                                                                    "Total Cost": 5414.09,
                                                                                    "Plan Rows": 25,
                                                                                    "Plan Width": 23,
                                                                                    "Actual Startup Time": 0.589,
                                                                                    "Actual Total Time": 21.646,
                                                                                    "Actual Rows": 18,
                                                                                    "Actual Loops": 5,
                                                                                    "Output": [
                                                                                        "cn.name",
                                                                                        "cn.id"
                                                                                    ],
                                                                                    "Filter": "(((cn.country_code)::text <> '[pl]'::text) AND ((cn.name ~~ '20th Century Fox%'::text) OR (cn.name ~~ 'Twentieth Century Fox%'::text)))",
                                                                                    "Rows Removed by Filter": 46982,
                                                                                    "Workers": [
                                                                                        {
                                                                                            "Worker Number": 0,
                                                                                            "Actual Startup Time": 0.238,
                                                                                            "Actual Total Time": 17.467,
                                                                                            "Actual Rows": 2,
                                                                                            "Actual Loops": 1
                                                                                        },
                                                                                        {
                                                                                            "Worker Number": 1,
                                                                                            "Actual Startup Time": 0.813,
                                                                                            "Actual Total Time": 18.402,
                                                                                            "Actual Rows": 7,
                                                                                            "Actual Loops": 1
                                                                                        },
                                                                                        {
                                                                                            "Worker Number": 2,
                                                                                            "Actual Startup Time": 0.554,
                                                                                            "Actual Total Time": 22.933,
                                                                                            "Actual Rows": 25,
                                                                                            "Actual Loops": 1
                                                                                        },
                                                                                        {
                                                                                            "Worker Number": 3,
                                                                                            "Actual Startup Time": 1.031,
                                                                                            "Actual Total Time": 18.897,
                                                                                            "Actual Rows": 7,
                                                                                            "Actual Loops": 1
                                                                                        }
                                                                                    ]
                                                                                }
                                                                            ]
                                                                        }
                                                                    ]
                                                                },
                                                                {
                                                                    "Node Type": "Hash",
                                                                    "Parent Relationship": "Inner",
                                                                    "Parallel Aware": false,
                                                                    "Startup Cost": 1.05,
                                                                    "Total Cost": 1.05,
                                                                    "Plan Rows": 3,
                                                                    "Plan Width": 4,
                                                                    "Actual Startup Time": 0.068,
                                                                    "Actual Total Time": 0.069,
                                                                    "Actual Rows": 3,
                                                                    "Actual Loops": 5,
                                                                    "Output": [
                                                                        "ct.id"
                                                                    ],
                                                                    "Hash Buckets": 1024,
                                                                    "Original Hash Buckets": 1024,
                                                                    "Hash Batches": 1,
                                                                    "Original Hash Batches": 1,
                                                                    "Peak Memory Usage": 9,
                                                                    "Workers": [
                                                                        {
                                                                            "Worker Number": 0,
                                                                            "Actual Startup Time": 0.088,
                                                                            "Actual Total Time": 0.089,
                                                                            "Actual Rows": 3,
                                                                            "Actual Loops": 1
                                                                        },
                                                                        {
                                                                            "Worker Number": 1,
                                                                            "Actual Startup Time": 0.091,
                                                                            "Actual Total Time": 0.092,
                                                                            "Actual Rows": 3,
                                                                            "Actual Loops": 1
                                                                        },
                                                                        {
                                                                            "Worker Number": 2,
                                                                            "Actual Startup Time": 0.052,
                                                                            "Actual Total Time": 0.053,
                                                                            "Actual Rows": 3,
                                                                            "Actual Loops": 1
                                                                        },
                                                                        {
                                                                            "Worker Number": 3,
                                                                            "Actual Startup Time": 0.088,
                                                                            "Actual Total Time": 0.088,
                                                                            "Actual Rows": 3,
                                                                            "Actual Loops": 1
                                                                        }
                                                                    ],
                                                                    "Plans": [
                                                                        {
                                                                            "Node Type": "Seq Scan",
                                                                            "Parent Relationship": "Outer",
                                                                            "Parallel Aware": false,
                                                                            "Relation Name": "company_type",
                                                                            "Schema": "public",
                                                                            "Alias": "ct",
                                                                            "Startup Cost": 0.0,
                                                                            "Total Cost": 1.05,
                                                                            "Plan Rows": 3,
                                                                            "Plan Width": 4,
                                                                            "Actual Startup Time": 0.041,
                                                                            "Actual Total Time": 0.045,
                                                                            "Actual Rows": 3,
                                                                            "Actual Loops": 5,
                                                                            "Output": [
                                                                                "ct.id"
                                                                            ],
                                                                            "Filter": "((ct.kind IS NOT NULL) AND ((ct.kind)::text <> 'special effects companies'::text))",
                                                                            "Rows Removed by Filter": 1,
                                                                            "Workers": [
                                                                                {
                                                                                    "Worker Number": 0,
                                                                                    "Actual Startup Time": 0.052,
                                                                                    "Actual Total Time": 0.058,
                                                                                    "Actual Rows": 3,
                                                                                    "Actual Loops": 1
                                                                                },
                                                                                {
                                                                                    "Worker Number": 1,
                                                                                    "Actual Startup Time": 0.054,
                                                                                    "Actual Total Time": 0.06,
                                                                                    "Actual Rows": 3,
                                                                                    "Actual Loops": 1
                                                                                },
                                                                                {
                                                                                    "Worker Number": 2,
                                                                                    "Actual Startup Time": 0.033,
                                                                                    "Actual Total Time": 0.036,
                                                                                    "Actual Rows": 3,
                                                                                    "Actual Loops": 1
                                                                                },
                                                                                {
                                                                                    "Worker Number": 3,
                                                                                    "Actual Startup Time": 0.052,
                                                                                    "Actual Total Time": 0.058,
                                                                                    "Actual Rows": 3,
                                                                                    "Actual Loops": 1
                                                                                }
                                                                            ]
                                                                        }
                                                                    ]
                                                                }
                                                            ]
                                                        }
                                                    ]
                                                }
                                            ]
                                        }
                                    ]
                                },
                                {
                                    "Node Type": "Hash",
                                    "Parent Relationship": "Inner",
                                    "Parallel Aware": false,
                                    "Startup Cost": 2793.84,
                                    "Total Cost": 2793.84,
                                    "Plan Rows": 3,
                                    "Plan Width": 4,
                                    "Actual Startup Time": 47.871,
                                    "Actual Total Time": 47.871,
                                    "Actual Rows": 3,
                                    "Actual Loops": 1,
                                    "Output": [
                                        "k.id"
                                    ],
                                    "Hash Buckets": 1024,
                                    "Original Hash Buckets": 1024,
                                    "Hash Batches": 1,
                                    "Original Hash Batches": 1,
                                    "Peak Memory Usage": 9,
                                    "Plans": [
                                        {
                                            "Node Type": "Seq Scan",
                                            "Parent Relationship": "Outer",
                                            "Parallel Aware": false,
                                            "Relation Name": "keyword",
                                            "Schema": "public",
                                            "Alias": "k",
                                            "Startup Cost": 0.0,
                                            "Total Cost": 2793.84,
                                            "Plan Rows": 3,
                                            "Plan Width": 4,
                                            "Actual Startup Time": 1.757,
                                            "Actual Total Time": 47.848,
                                            "Actual Rows": 3,
                                            "Actual Loops": 1,
                                            "Output": [
                                                "k.id"
                                            ],
                                            "Filter": "(k.keyword = ANY ('{death,violence,assassination-attempt}'::text[]))",
                                            "Rows Removed by Filter": 134167
                                        }
                                    ]
                                }
                            ]
                        },
                        {
                            "Node Type": "Hash",
                            "Parent Relationship": "Inner",
                            "Parallel Aware": false,
                            "Startup Cost": 1.18,
                            "Total Cost": 1.18,
                            "Plan Rows": 18,
                            "Plan Width": 4,
                            "Actual Startup Time": 0.061,
                            "Actual Total Time": 0.061,
                            "Actual Rows": 18,
                            "Actual Loops": 1,
                            "Output": [
                                "lt.id"
                            ],
                            "Hash Buckets": 1024,
                            "Original Hash Buckets": 1024,
                            "Hash Batches": 1,
                            "Original Hash Batches": 1,
                            "Peak Memory Usage": 9,
                            "Plans": [
                                {
                                    "Node Type": "Seq Scan",
                                    "Parent Relationship": "Outer",
                                    "Parallel Aware": false,
                                    "Relation Name": "link_type",
                                    "Schema": "public",
                                    "Alias": "lt",
                                    "Startup Cost": 0.0,
                                    "Total Cost": 1.18,
                                    "Plan Rows": 18,
                                    "Plan Width": 4,
                                    "Actual Startup Time": 0.023,
                                    "Actual Total Time": 0.031,
                                    "Actual Rows": 18,
                                    "Actual Loops": 1,
                                    "Output": [
                                        "lt.id"
                                    ]
                                }
                            ]
                        }
                    ]
                }
            ]
        },
        "Planning Time": 2147.716,
        "Triggers": [],
        "Execution Time": 202.701
    }
]