[
  {
    "Plan": {
      "Node Type": "Aggregate",
      "Strategy": "Plain",
      "Partial Mode": "Finalize",
      "Parallel Aware": false,
      "Startup Cost": 44936.1,
      "Total Cost": 44936.11,
      "Plan Rows": 1,
      "Plan Width": 8,
      "Actual Startup Time": 147.656,
      "Actual Total Time": 157.618,
      "Actual Rows": 1,
      "Actual Loops": 1,
      "Plans": [
        {
          "Node Type": "Gather",
          "Parent Relationship": "Outer",
          "Parallel Aware": false,
          "Startup Cost": 44935.78,
          "Total Cost": 44936.09,
          "Plan Rows": 3,
          "Plan Width": 8,
          "Actual Startup Time": 147.5,
          "Actual Total Time": 157.609,
          "Actual Rows": 4,
          "Actual Loops": 1,
          "Workers Planned": 3,
          "Workers Launched": 3,
          "Single Copy": false,
          "Plans": [
            {
              "Node Type": "Aggregate",
              "Strategy": "Plain",
              "Partial Mode": "Partial",
              "Parent Relationship": "Outer",
              "Parallel Aware": false,
              "Startup Cost": 43935.78,
              "Total Cost": 43935.79,
              "Plan Rows": 1,
              "Plan Width": 8,
              "Actual Startup Time": 139.28,
              "Actual Total Time": 139.281,
              "Actual Rows": 1,
              "Actual Loops": 4,
              "Plans": [
                {
                  "Node Type": "Seq Scan",
                  "Parent Relationship": "Outer",
                  "Parallel Aware": true,
                  "Relation Name": "movie_keyword",
                  "Alias": "mk",
                  "Startup Cost": 0.0,
                  "Total Cost": 42695.65,
                  "Plan Rows": 496052,
                  "Plan Width": 0,
                  "Actual Startup Time": 1.633,
                  "Actual Total Time": 118.589,
                  "Actual Rows": 381926,
                  "Actual Loops": 4,
                  "Filter": "(keyword_id > 10494)",
                  "Rows Removed by Filter": 749056
                }
              ]
            }
          ]
        }
      ]
    },
    "Planning Time": 0.184,
    "Triggers": [],
    "Execution Time": 157.681
  }
]