[
  {
    "Plan": {
      "Node Type": "Aggregate",
      "Strategy": "Plain",
      "Partial Mode": "Finalize",
      "Parallel Aware": false,
      "Startup Cost": 135969.0,
      "Total Cost": 135969.01,
      "Plan Rows": 1,
      "Plan Width": 8,
      "Actual Startup Time": 791.385,
      "Actual Total Time": 814.437,
      "Actual Rows": 1,
      "Actual Loops": 1,
      "Plans": [
        {
          "Node Type": "Gather",
          "Parent Relationship": "Outer",
          "Parallel Aware": false,
          "Startup Cost": 135968.69,
          "Total Cost": 135969.0,
          "Plan Rows": 3,
          "Plan Width": 8,
          "Actual Startup Time": 781.702,
          "Actual Total Time": 814.412,
          "Actual Rows": 4,
          "Actual Loops": 1,
          "Workers Planned": 3,
          "Workers Launched": 3,
          "Single Copy": false,
          "Plans": [
            {
              "Node Type": "Aggregate",
              "Strategy": "Plain",
              "Partial Mode": "Partial",
              "Parent Relationship": "Outer",
              "Parallel Aware": false,
              "Startup Cost": 134968.69,
              "Total Cost": 134968.7,
              "Plan Rows": 1,
              "Plan Width": 8,
              "Actual Startup Time": 769.233,
              "Actual Total Time": 769.695,
              "Actual Rows": 1,
              "Actual Loops": 4,
              "Plans": [
                {
                  "Node Type": "Hash Join",
                  "Parent Relationship": "Outer",
                  "Parallel Aware": true,
                  "Join Type": "Inner",
                  "Startup Cost": 84402.31,
                  "Total Cost": 133427.43,
                  "Plan Rows": 616501,
                  "Plan Width": 0,
                  "Actual Startup Time": 544.994,
                  "Actual Total Time": 756.333,
                  "Actual Rows": 299190,
                  "Actual Loops": 4,
                  "Inner Unique": false,
                  "Hash Cond": "(mk.movie_id = t.id)",
                  "Plans": [
                    {
                      "Node Type": "Seq Scan",
                      "Parent Relationship": "Outer",
                      "Parallel Aware": true,
                      "Relation Name": "movie_keyword",
                      "Alias": "mk",
                      "Startup Cost": 0.0,
                      "Total Cost": 42695.65,
                      "Plan Rows": 1157535,
                      "Plan Width": 4,
                      "Actual Startup Time": 0.065,
                      "Actual Total Time": 115.322,
                      "Actual Rows": 895087,
                      "Actual Loops": 4,
                      "Filter": "(keyword_id > 875)",
                      "Rows Removed by Filter": 235895
                    },
                    {
                      "Node Type": "Hash",
                      "Parent Relationship": "Inner",
                      "Parallel Aware": true,
                      "Startup Cost": 78972.63,
                      "Total Cost": 78972.63,
                      "Plan Rows": 434375,
                      "Plan Width": 8,
                      "Actual Startup Time": 537.165,
                      "Actual Total Time": 537.625,
                      "Actual Rows": 145895,
                      "Actual Loops": 4,
                      "Hash Buckets": 2097152,
                      "Original Hash Buckets": 2097152,
                      "Hash Batches": 1,
                      "Original Hash Batches": 1,
                      "Peak Memory Usage": 39296,
                      "Plans": [
                        {
                          "Node Type": "Hash Join",
                          "Parent Relationship": "Outer",
                          "Parallel Aware": true,
                          "Join Type": "Inner",
                          "Startup Cost": 49556.74,
                          "Total Cost": 78972.63,
                          "Plan Rows": 434375,
                          "Plan Width": 8,
                          "Actual Startup Time": 242.496,
                          "Actual Total Time": 479.537,
                          "Actual Rows": 145895,
                          "Actual Loops": 4,
                          "Inner Unique": true,
                          "Hash Cond": "(mc.movie_id = t.id)",
                          "Plans": [
                            {
                              "Node Type": "Seq Scan",
                              "Parent Relationship": "Outer",
                              "Parallel Aware": true,
                              "Relation Name": "movie_companies",
                              "Alias": "mc",
                              "Startup Cost": 0.0,
                              "Total Cost": 27206.55,
                              "Plan Rows": 841655,
                              "Plan Width": 4,
                              "Actual Startup Time": 0.02,
                              "Actual Total Time": 64.506,
                              "Actual Rows": 652282,
                              "Actual Loops": 4
                            },
                            {
                              "Node Type": "Hash",
                              "Parent Relationship": "Inner",
                              "Parallel Aware": true,
                              "Startup Cost": 45479.1,
                              "Total Cost": 45479.1,
                              "Plan Rows": 326211,
                              "Plan Width": 4,
                              "Actual Startup Time": 238.872,
                              "Actual Total Time": 238.873,
                              "Actual Rows": 345776,
                              "Actual Loops": 4,
                              "Hash Buckets": 2097152,
                              "Original Hash Buckets": 2097152,
                              "Hash Batches": 1,
                              "Original Hash Batches": 1,
                              "Peak Memory Usage": 70528,
                              "Plans": [
                                {
                                  "Node Type": "Seq Scan",
                                  "Parent Relationship": "Outer",
                                  "Parallel Aware": true,
                                  "Relation Name": "title",
                                  "Alias": "t",
                                  "Startup Cost": 0.0,
                                  "Total Cost": 45479.1,
                                  "Plan Rows": 326211,
                                  "Plan Width": 4,
                                  "Actual Startup Time": 0.041,
                                  "Actual Total Time": 112.15,
                                  "Actual Rows": 345776,
                                  "Actual Loops": 4,
                                  "Filter": "((production_year > 1966) AND (kind_id = 7))",
                                  "Rows Removed by Filter": 286302
                                }
                              ]
                            }
                          ]
                        }
                      ]
                    }
                  ]
                }
              ]
            }
          ]
        }
      ]
    },
    "Planning Time": 1.364,
    "Triggers": [],
    "Execution Time": 814.522
  }
]