[
  {
    "Plan": {
      "Node Type": "Aggregate",
      "Strategy": "Plain",
      "Partial Mode": "Finalize",
      "Parallel Aware": false,
      "Startup Cost": 47318.61,
      "Total Cost": 47318.62,
      "Plan Rows": 1,
      "Plan Width": 8,
      "Actual Startup Time": 176.982,
      "Actual Total Time": 186.261,
      "Actual Rows": 1,
      "Actual Loops": 1,
      "Plans": [
        {
          "Node Type": "Gather",
          "Parent Relationship": "Outer",
          "Parallel Aware": false,
          "Startup Cost": 47318.29,
          "Total Cost": 47318.6,
          "Plan Rows": 3,
          "Plan Width": 8,
          "Actual Startup Time": 176.861,
          "Actual Total Time": 186.253,
          "Actual Rows": 4,
          "Actual Loops": 1,
          "Workers Planned": 3,
          "Workers Launched": 3,
          "Single Copy": false,
          "Plans": [
            {
              "Node Type": "Aggregate",
              "Strategy": "Plain",
              "Partial Mode": "Partial",
              "Parent Relationship": "Outer",
              "Parallel Aware": false,
              "Startup Cost": 46318.29,
              "Total Cost": 46318.3,
              "Plan Rows": 1,
              "Plan Width": 8,
              "Actual Startup Time": 169.92,
              "Actual Total Time": 169.921,
              "Actual Rows": 1,
              "Actual Loops": 4,
              "Plans": [
                {
                  "Node Type": "Seq Scan",
                  "Parent Relationship": "Outer",
                  "Parallel Aware": true,
                  "Relation Name": "movie_keyword",
                  "Alias": "mk",
                  "Startup Cost": 0.0,
                  "Total Cost": 42695.65,
                  "Plan Rows": 1449056,
                  "Plan Width": 0,
                  "Actual Startup Time": 0.055,
                  "Actual Total Time": 122.297,
                  "Actual Rows": 1124193,
                  "Actual Loops": 4,
                  "Filter": "(keyword_id > 23)",
                  "Rows Removed by Filter": 6790
                }
              ]
            }
          ]
        }
      ]
    },
    "Planning Time": 0.277,
    "Triggers": [],
    "Execution Time": 186.323
  }
]