{
  "Plan": {
    "Node Type": "Aggregate",
    "Strategy": "Plain",
    "Partial Mode": "Finalize",
    "Parallel Aware": false,
    "Startup Cost": 1012623.71,
    "Total Cost": 1012623.72,
    "Plan Rows": 1,
    "Plan Width": 8,
    "Actual Startup Time": 5071.878,
    "Actual Total Time": 5176.573,
    "Actual Rows": 1,
    "Actual Loops": 1,
    "Plans": [
      {
        "Node Type": "Gather",
        "Parent Relationship": "Outer",
        "Parallel Aware": false,
        "Startup Cost": 1012623.59,
        "Total Cost": 1012623.7,
        "Plan Rows": 1,
        "Plan Width": 8,
        "Actual Startup Time": 5067.775,
        "Actual Total Time": 5176.562,
        "Actual Rows": 2,
        "Actual Loops": 1,
        "Workers Planned": 1,
        "Workers Launched": 1,
        "Single Copy": false,
        "Plans": [
          {
            "Node Type": "Aggregate",
            "Strategy": "Plain",
            "Partial Mode": "Partial",
            "Parent Relationship": "Outer",
            "Parallel Aware": false,
            "Startup Cost": 1011623.59,
            "Total Cost": 1011623.6,
            "Plan Rows": 1,
            "Plan Width": 8,
            "Actual Startup Time": 5056.288,
            "Actual Total Time": 5056.591,
            "Actual Rows": 1,
            "Actual Loops": 2,
            "Plans": [
              {
                "Node Type": "Hash Join",
                "Parent Relationship": "Outer",
                "Parallel Aware": true,
                "Join Type": "Inner",
                "Startup Cost": 659524.91,
                "Total Cost": 993829.8,
                "Plan Rows": 7117519,
                "Plan Width": 0,
                "Actual Startup Time": 2353.992,
                "Actual Total Time": 4806.86,
                "Actual Rows": 5903908,
                "Actual Loops": 2,
                "Inner Unique": false,
                "Hash Cond": "(mi.movie_id = t.id)",
                "Plans": [
                  {
                    "Node Type": "Seq Scan",
                    "Parent Relationship": "Outer",
                    "Parallel Aware": true,
                    "Relation Name": "movie_info",
                    "Alias": "mi",
                    "Startup Cost": 0.0,
                    "Total Cost": 248955.74,
                    "Plan Rows": 8696274,
                    "Plan Width": 4,
                    "Actual Startup Time": 0.015,
                    "Actual Total Time": 623.067,
                    "Actual Rows": 7417860,
                    "Actual Loops": 2
                  },
                  {
                    "Node Type": "Hash",
                    "Parent Relationship": "Inner",
                    "Parallel Aware": true,
                    "Startup Cost": 644309.49,
                    "Total Cost": 644309.49,
                    "Plan Rows": 1217234,
                    "Plan Width": 8,
                    "Actual Startup Time": 2337.054,
                    "Actual Total Time": 2337.355,
                    "Actual Rows": 403662,
                    "Actual Loops": 2,
                    "Hash Buckets": 2097152,
                    "Original Hash Buckets": 2097152,
                    "Hash Batches": 1,
                    "Original Hash Batches": 1,
                    "Peak Memory Usage": 48000,
                    "Plans": [
                      {
                        "Node Type": "Hash Join",
                        "Parent Relationship": "Outer",
                        "Parallel Aware": true,
                        "Join Type": "Inner",
                        "Startup Cost": 59266.83,
                        "Total Cost": 644309.49,
                        "Plan Rows": 1217234,
                        "Plan Width": 8,
                        "Actual Startup Time": 792.644,
                        "Actual Total Time": 2205.08,
                        "Actual Rows": 403662,
                        "Actual Loops": 2,
                        "Inner Unique": true,
                        "Hash Cond": "(ci.movie_id = t.id)",
                        "Plans": [
                          {
                            "Node Type": "Seq Scan",
                            "Parent Relationship": "Outer",
                            "Parallel Aware": true,
                            "Relation Name": "cast_info",
                            "Alias": "ci",
                            "Startup Cost": 0.0,
                            "Total Cost": 572345.93,
                            "Plan Rows": 4836841,
                            "Plan Width": 4,
                            "Actual Startup Time": 528.652,
                            "Actual Total Time": 1503.766,
                            "Actual Rows": 1735638,
                            "Actual Loops": 2,
                            "Filter": "((person_id < 1235435) AND (role_id > 1))",
                            "Rows Removed by Filter": 16386534
                          },
                          {
                            "Node Type": "Hash",
                            "Parent Relationship": "Inner",
                            "Parallel Aware": true,
                            "Startup Cost": 54588.39,
                            "Total Cost": 54588.39,
                            "Plan Rows": 374275,
                            "Plan Width": 4,
                            "Actual Startup Time": 233.654,
                            "Actual Total Time": 233.655,
                            "Actual Rows": 321486,
                            "Actual Loops": 2,
                            "Hash Buckets": 1048576,
                            "Original Hash Buckets": 1048576,
                            "Hash Batches": 1,
                            "Original Hash Batches": 1,
                            "Peak Memory Usage": 33376,
                            "Plans": [
                              {
                                "Node Type": "Seq Scan",
                                "Parent Relationship": "Outer",
                                "Parallel Aware": true,
                                "Relation Name": "title",
                                "Alias": "t",
                                "Startup Cost": 0.0,
                                "Total Cost": 54588.39,
                                "Plan Rows": 374275,
                                "Plan Width": 4,
                                "Actual Startup Time": 0.029,
                                "Actual Total Time": 147.835,
                                "Actual Rows": 321486,
                                "Actual Loops": 2,
                                "Filter": "(production_year < 1988)",
                                "Rows Removed by Filter": 942670
                              }
                            ]
                          }
                        ]
                      }
                    ]
                  }
                ]
              }
            ]
          }
        ]
      }
    ]
  },
  "Planning Time": 0.937,
  "Triggers": [],
  "Execution Time": 5176.674
}