[
  {
    "Plan": {
      "Node Type": "Aggregate",
      "Strategy": "Plain",
      "Partial Mode": "Finalize",
      "Parallel Aware": false,
      "Startup Cost": 55834.69,
      "Total Cost": 55834.7,
      "Plan Rows": 1,
      "Plan Width": 8,
      "Actual Startup Time": 302.772,
      "Actual Total Time": 364.912,
      "Actual Rows": 1,
      "Actual Loops": 1,
      "Plans": [
        {
          "Node Type": "Gather",
          "Parent Relationship": "Outer",
          "Parallel Aware": false,
          "Startup Cost": 55834.37,
          "Total Cost": 55834.68,
          "Plan Rows": 3,
          "Plan Width": 8,
          "Actual Startup Time": 302.279,
          "Actual Total Time": 364.902,
          "Actual Rows": 4,
          "Actual Loops": 1,
          "Workers Planned": 3,
          "Workers Launched": 3,
          "Single Copy": false,
          "Plans": [
            {
              "Node Type": "Aggregate",
              "Strategy": "Plain",
              "Partial Mode": "Partial",
              "Parent Relationship": "Outer",
              "Parallel Aware": false,
              "Startup Cost": 54834.37,
              "Total Cost": 54834.38,
              "Plan Rows": 1,
              "Plan Width": 8,
              "Actual Startup Time": 296.399,
              "Actual Total Time": 296.401,
              "Actual Rows": 1,
              "Actual Loops": 4,
              "Plans": [
                {
                  "Node Type": "Nested Loop",
                  "Parent Relationship": "Outer",
                  "Parallel Aware": false,
                  "Join Type": "Inner",
                  "Startup Cost": 276.77,
                  "Total Cost": 54812.39,
                  "Plan Rows": 8792,
                  "Plan Width": 0,
                  "Actual Startup Time": 1.438,
                  "Actual Total Time": 294.867,
                  "Actual Rows": 17784,
                  "Actual Loops": 4,
                  "Inner Unique": false,
                  "Plans": [
                    {
                      "Node Type": "Nested Loop",
                      "Parent Relationship": "Outer",
                      "Parallel Aware": false,
                      "Join Type": "Inner",
                      "Startup Cost": 276.2,
                      "Total Cost": 46870.86,
                      "Plan Rows": 4135,
                      "Plan Width": 8,
                      "Actual Startup Time": 0.992,
                      "Actual Total Time": 33.587,
                      "Actual Rows": 3591,
                      "Actual Loops": 4,
                      "Inner Unique": true,
                      "Plans": [
                        {
                          "Node Type": "Bitmap Heap Scan",
                          "Parent Relationship": "Outer",
                          "Parallel Aware": true,
                          "Relation Name": "movie_keyword",
                          "Alias": "mk",
                          "Startup Cost": 275.77,
                          "Total Cost": 21317.58,
                          "Plan Rows": 4135,
                          "Plan Width": 4,
                          "Actual Startup Time": 0.872,
                          "Actual Total Time": 8.517,
                          "Actual Rows": 3591,
                          "Actual Loops": 4,
                          "Recheck Cond": "(keyword_id = 1)",
                          "Rows Removed by Index Recheck": 0,
                          "Exact Heap Blocks": 2397,
                          "Lossy Heap Blocks": 0,
                          "Plans": [
                            {
                              "Node Type": "Bitmap Index Scan",
                              "Parent Relationship": "Outer",
                              "Parallel Aware": false,
                              "Index Name": "keyword_id_movie_keyword",
                              "Startup Cost": 0.0,
                              "Total Cost": 272.57,
                              "Plan Rows": 12818,
                              "Plan Width": 0,
                              "Actual Startup Time": 2.078,
                              "Actual Total Time": 2.079,
                              "Actual Rows": 14364,
                              "Actual Loops": 1,
                              "Index Cond": "(keyword_id = 1)"
                            }
                          ]
                        },
                        {
                          "Node Type": "Index Only Scan",
                          "Parent Relationship": "Inner",
                          "Parallel Aware": false,
                          "Scan Direction": "Forward",
                          "Index Name": "title_pkey",
                          "Relation Name": "title",
                          "Alias": "t",
                          "Startup Cost": 0.43,
                          "Total Cost": 6.18,
                          "Plan Rows": 1,
                          "Plan Width": 4,
                          "Actual Startup Time": 0.006,
                          "Actual Total Time": 0.006,
                          "Actual Rows": 1,
                          "Actual Loops": 14364,
                          "Index Cond": "(id = mk.movie_id)",
                          "Rows Removed by Index Recheck": 0,
                          "Heap Fetches": 14364
                        }
                      ]
                    },
                    {
                      "Node Type": "Index Scan",
                      "Parent Relationship": "Inner",
                      "Parallel Aware": false,
                      "Scan Direction": "Forward",
                      "Index Name": "movie_id_cast_info",
                      "Relation Name": "cast_info",
                      "Alias": "ci",
                      "Startup Cost": 0.56,
                      "Total Cost": 1.87,
                      "Plan Rows": 5,
                      "Plan Width": 4,
                      "Actual Startup Time": 0.013,
                      "Actual Total Time": 0.072,
                      "Actual Rows": 5,
                      "Actual Loops": 14364,
                      "Index Cond": "(movie_id = t.id)",
                      "Rows Removed by Index Recheck": 0,
                      "Filter": "(person_id < 535148)",
                      "Rows Removed by Filter": 24
                    }
                  ]
                }
              ]
            }
          ]
        }
      ]
    },
    "Planning Time": 0.576,
    "Triggers": [],
    "Execution Time": 364.989
  }
]