[
  {
    "Plan": {
      "Node Type": "Aggregate",
      "Strategy": "Plain",
      "Partial Mode": "Finalize",
      "Parallel Aware": false,
      "Startup Cost": 348924.37,
      "Total Cost": 348924.38,
      "Plan Rows": 1,
      "Plan Width": 8,
      "Actual Startup Time": 746.024,
      "Actual Total Time": 807.242,
      "Actual Rows": 1,
      "Actual Loops": 1,
      "Plans": [
        {
          "Node Type": "Gather",
          "Parent Relationship": "Outer",
          "Parallel Aware": false,
          "Startup Cost": 348923.74,
          "Total Cost": 348924.35,
          "Plan Rows": 6,
          "Plan Width": 8,
          "Actual Startup Time": 745.888,
          "Actual Total Time": 807.231,
          "Actual Rows": 7,
          "Actual Loops": 1,
          "Workers Planned": 6,
          "Workers Launched": 6,
          "Single Copy": false,
          "Plans": [
            {
              "Node Type": "Aggregate",
              "Strategy": "Plain",
              "Partial Mode": "Partial",
              "Parent Relationship": "Outer",
              "Parallel Aware": false,
              "Startup Cost": 347923.74,
              "Total Cost": 347923.75,
              "Plan Rows": 1,
              "Plan Width": 8,
              "Actual Startup Time": 736.023,
              "Actual Total Time": 736.024,
              "Actual Rows": 1,
              "Actual Loops": 7,
              "Plans": [
                {
                  "Node Type": "Seq Scan",
                  "Parent Relationship": "Outer",
                  "Parallel Aware": true,
                  "Relation Name": "cast_info",
                  "Alias": "ci",
                  "Startup Cost": 0.0,
                  "Total Cost": 343257.03,
                  "Plan Rows": 1866685,
                  "Plan Width": 0,
                  "Actual Startup Time": 382.756,
                  "Actual Total Time": 693.643,
                  "Actual Rows": 832003,
                  "Actual Loops": 7,
                  "Filter": "((person_id < 2559154) AND (role_id > 2))",
                  "Rows Removed by Filter": 4345760
                }
              ]
            }
          ]
        }
      ]
    },
    "Planning Time": 0.259,
    "Triggers": [],
    "Execution Time": 807.315
  }
]