[
  {
    "Plan": {
      "Node Type": "Aggregate",
      "Strategy": "Plain",
      "Partial Mode": "Finalize",
      "Parallel Aware": false,
      "Startup Cost": 93736.97,
      "Total Cost": 93736.98,
      "Plan Rows": 1,
      "Plan Width": 8,
      "Actual Startup Time": 413.901,
      "Actual Total Time": 431.069,
      "Actual Rows": 1,
      "Actual Loops": 1,
      "Plans": [
        {
          "Node Type": "Gather",
          "Parent Relationship": "Outer",
          "Parallel Aware": false,
          "Startup Cost": 93736.75,
          "Total Cost": 93736.96,
          "Plan Rows": 2,
          "Plan Width": 8,
          "Actual Startup Time": 412.577,
          "Actual Total Time": 431.059,
          "Actual Rows": 3,
          "Actual Loops": 1,
          "Workers Planned": 2,
          "Workers Launched": 2,
          "Single Copy": false,
          "Plans": [
            {
              "Node Type": "Aggregate",
              "Strategy": "Plain",
              "Partial Mode": "Partial",
              "Parent Relationship": "Outer",
              "Parallel Aware": false,
              "Startup Cost": 92736.75,
              "Total Cost": 92736.76,
              "Plan Rows": 1,
              "Plan Width": 8,
              "Actual Startup Time": 407.542,
              "Actual Total Time": 407.673,
              "Actual Rows": 1,
              "Actual Loops": 3,
              "Plans": [
                {
                  "Node Type": "Hash Join",
                  "Parent Relationship": "Outer",
                  "Parallel Aware": true,
                  "Join Type": "Inner",
                  "Startup Cost": 76825.23,
                  "Total Cost": 92697.51,
                  "Plan Rows": 15696,
                  "Plan Width": 0,
                  "Actual Startup Time": 340.033,
                  "Actual Total Time": 406.949,
                  "Actual Rows": 13606,
                  "Actual Loops": 3,
                  "Inner Unique": false,
                  "Hash Cond": "(mi_idx.movie_id = t.id)",
                  "Plans": [
                    {
                      "Node Type": "Seq Scan",
                      "Parent Relationship": "Outer",
                      "Parallel Aware": true,
                      "Relation Name": "movie_info_idx",
                      "Alias": "mi_idx",
                      "Startup Cost": 0.0,
                      "Total Cost": 15122.68,
                      "Plan Rows": 189429,
                      "Plan Width": 4,
                      "Actual Startup Time": 0.033,
                      "Actual Total Time": 41.496,
                      "Actual Rows": 153308,
                      "Actual Loops": 3,
                      "Filter": "(info_type_id = 99)",
                      "Rows Removed by Filter": 306703
                    },
                    {
                      "Node Type": "Hash",
                      "Parent Relationship": "Inner",
                      "Parallel Aware": true,
                      "Startup Cost": 76170.57,
                      "Total Cost": 76170.57,
                      "Plan Rows": 52373,
                      "Plan Width": 8,
                      "Actual Startup Time": 337.656,
                      "Actual Total Time": 337.784,
                      "Actual Rows": 31824,
                      "Actual Loops": 3,
                      "Hash Buckets": 262144,
                      "Original Hash Buckets": 262144,
                      "Hash Batches": 1,
                      "Original Hash Batches": 1,
                      "Peak Memory Usage": 5824,
                      "Plans": [
                        {
                          "Node Type": "Hash Join",
                          "Parent Relationship": "Outer",
                          "Parallel Aware": true,
                          "Join Type": "Inner",
                          "Startup Cost": 30522.53,
                          "Total Cost": 76170.57,
                          "Plan Rows": 52373,
                          "Plan Width": 8,
                          "Actual Startup Time": 107.518,
                          "Actual Total Time": 324.865,
                          "Actual Rows": 31824,
                          "Actual Loops": 3,
                          "Inner Unique": false,
                          "Hash Cond": "(t.id = mc.movie_id)",
                          "Plans": [
                            {
                              "Node Type": "Seq Scan",
                              "Parent Relationship": "Outer",
                              "Parallel Aware": true,
                              "Relation Name": "title",
                              "Alias": "t",
                              "Startup Cost": 0.0,
                              "Total Cost": 42318.73,
                              "Plan Rows": 632073,
                              "Plan Width": 4,
                              "Actual Startup Time": 0.012,
                              "Actual Total Time": 99.058,
                              "Actual Rows": 842771,
                              "Actual Loops": 3
                            },
                            {
                              "Node Type": "Hash",
                              "Parent Relationship": "Inner",
                              "Parallel Aware": true,
                              "Startup Cost": 29677.8,
                              "Total Cost": 29677.8,
                              "Plan Rows": 67578,
                              "Plan Width": 4,
                              "Actual Startup Time": 106.185,
                              "Actual Total Time": 106.187,
                              "Actual Rows": 31824,
                              "Actual Loops": 3,
                              "Hash Buckets": 262144,
                              "Original Hash Buckets": 262144,
                              "Hash Batches": 1,
                              "Original Hash Batches": 1,
                              "Peak Memory Usage": 5824,
                              "Plans": [
                                {
                                  "Node Type": "Bitmap Heap Scan",
                                  "Parent Relationship": "Outer",
                                  "Parallel Aware": true,
                                  "Relation Name": "movie_companies",
                                  "Alias": "mc",
                                  "Startup Cost": 8891.33,
                                  "Total Cost": 29677.8,
                                  "Plan Rows": 67578,
                                  "Plan Width": 4,
                                  "Actual Startup Time": 78.068,
                                  "Actual Total Time": 94.721,
                                  "Actual Rows": 31824,
                                  "Actual Loops": 3,
                                  "Recheck Cond": "(company_id < 264)",
                                  "Rows Removed by Index Recheck": 0,
                                  "Filter": "(company_type_id > 1)",
                                  "Rows Removed by Filter": 104531,
                                  "Exact Heap Blocks": 8882,
                                  "Lossy Heap Blocks": 0,
                                  "Plans": [
                                    {
                                      "Node Type": "Bitmap Index Scan",
                                      "Parent Relationship": "Outer",
                                      "Parallel Aware": false,
                                      "Index Name": "company_id_movie_companies",
                                      "Startup Cost": 0.0,
                                      "Total Cost": 8838.96,
                                      "Plan Rows": 412604,
                                      "Plan Width": 0,
                                      "Actual Startup Time": 29.265,
                                      "Actual Total Time": 29.265,
                                      "Actual Rows": 409066,
                                      "Actual Loops": 1,
                                      "Index Cond": "(company_id < 264)"
                                    }
                                  ]
                                }
                              ]
                            }
                          ]
                        }
                      ]
                    }
                  ]
                }
              ]
            }
          ]
        }
      ]
    },
    "Planning Time": 1.183,
    "Triggers": [],
    "Execution Time": 431.162
  }
]