{
  "Plan": {
    "Node Type": "Aggregate",
    "Strategy": "Plain",
    "Partial Mode": "Finalize",
    "Parallel Aware": false,
    "Startup Cost": 608588.02,
    "Total Cost": 608588.03,
    "Plan Rows": 1,
    "Plan Width": 8,
    "Actual Startup Time": 1827.571,
    "Actual Total Time": 1863.189,
    "Actual Rows": 1,
    "Actual Loops": 1,
    "Plans": [
      {
        "Node Type": "Gather",
        "Parent Relationship": "Outer",
        "Parallel Aware": false,
        "Startup Cost": 608587.91,
        "Total Cost": 608588.02,
        "Plan Rows": 1,
        "Plan Width": 8,
        "Actual Startup Time": 1823.183,
        "Actual Total Time": 1863.18,
        "Actual Rows": 2,
        "Actual Loops": 1,
        "Workers Planned": 1,
        "Workers Launched": 1,
        "Single Copy": false,
        "Plans": [
          {
            "Node Type": "Aggregate",
            "Strategy": "Plain",
            "Partial Mode": "Partial",
            "Parent Relationship": "Outer",
            "Parallel Aware": false,
            "Startup Cost": 607587.91,
            "Total Cost": 607587.92,
            "Plan Rows": 1,
            "Plan Width": 8,
            "Actual Startup Time": 1814.768,
            "Actual Total Time": 1814.772,
            "Actual Rows": 1,
            "Actual Loops": 2,
            "Plans": [
              {
                "Node Type": "Hash Join",
                "Parent Relationship": "Outer",
                "Parallel Aware": true,
                "Join Type": "Inner",
                "Startup Cost": 262000.57,
                "Total Cost": 602363.62,
                "Plan Rows": 2089715,
                "Plan Width": 0,
                "Actual Startup Time": 1101.536,
                "Actual Total Time": 1781.044,
                "Actual Rows": 732976,
                "Actual Loops": 2,
                "Inner Unique": true,
                "Hash Cond": "(ci.movie_id = t.id)",
                "Plans": [
                  {
                    "Node Type": "Bitmap Heap Scan",
                    "Parent Relationship": "Outer",
                    "Parallel Aware": true,
                    "Relation Name": "cast_info",
                    "Alias": "ci",
                    "Startup Cost": 196111.7,
                    "Total Cost": 527450.56,
                    "Plan Rows": 3437785,
                    "Plan Width": 4,
                    "Actual Startup Time": 709.479,
                    "Actual Total Time": 942.598,
                    "Actual Rows": 1266078,
                    "Actual Loops": 2,
                    "Recheck Cond": "(person_id < 891454)",
                    "Rows Removed by Index Recheck": 0,
                    "Filter": "(role_id > 1)",
                    "Rows Removed by Filter": 3261291,
                    "Exact Heap Blocks": 51545,
                    "Lossy Heap Blocks": 0,
                    "Plans": [
                      {
                        "Node Type": "Bitmap Index Scan",
                        "Parent Relationship": "Outer",
                        "Parallel Aware": false,
                        "Index Name": "person_id_cast_info",
                        "Startup Cost": 0.0,
                        "Total Cost": 194650.64,
                        "Plan Rows": 8913877,
                        "Plan Width": 0,
                        "Actual Startup Time": 365.255,
                        "Actual Total Time": 365.256,
                        "Actual Rows": 9054739,
                        "Actual Loops": 1,
                        "Index Cond": "(person_id < 891454)"
                      }
                    ]
                  },
                  {
                    "Node Type": "Hash",
                    "Parent Relationship": "Inner",
                    "Parallel Aware": true,
                    "Startup Cost": 54588.39,
                    "Total Cost": 54588.39,
                    "Plan Rows": 904038,
                    "Plan Width": 4,
                    "Actual Startup Time": 377.051,
                    "Actual Total Time": 377.052,
                    "Actual Rows": 771632,
                    "Actual Loops": 2,
                    "Hash Buckets": 2097152,
                    "Original Hash Buckets": 2097152,
                    "Hash Batches": 1,
                    "Original Hash Batches": 1,
                    "Peak Memory Usage": 76768,
                    "Plans": [
                      {
                        "Node Type": "Seq Scan",
                        "Parent Relationship": "Outer",
                        "Parallel Aware": true,
                        "Relation Name": "title",
                        "Alias": "t",
                        "Startup Cost": 0.0,
                        "Total Cost": 54588.39,
                        "Plan Rows": 904038,
                        "Plan Width": 4,
                        "Actual Startup Time": 0.03,
                        "Actual Total Time": 166.624,
                        "Actual Rows": 771632,
                        "Actual Loops": 2,
                        "Filter": "(kind_id = 7)",
                        "Rows Removed by Filter": 492524
                      }
                    ]
                  }
                ]
              }
            ]
          }
        ]
      }
    ]
  },
  "Planning Time": 0.679,
  "Triggers": [],
  "Execution Time": 1863.284
}