[
  {
    "Plan": {
      "Node Type": "Aggregate",
      "Strategy": "Plain",
      "Partial Mode": "Finalize",
      "Parallel Aware": false,
      "Startup Cost": 70366.93,
      "Total Cost": 70366.94,
      "Plan Rows": 1,
      "Plan Width": 8,
      "Actual Startup Time": 189.165,
      "Actual Total Time": 204.021,
      "Actual Rows": 1,
      "Actual Loops": 1,
      "Plans": [
        {
          "Node Type": "Gather",
          "Parent Relationship": "Outer",
          "Parallel Aware": false,
          "Startup Cost": 70366.61,
          "Total Cost": 70366.92,
          "Plan Rows": 3,
          "Plan Width": 8,
          "Actual Startup Time": 187.681,
          "Actual Total Time": 204.013,
          "Actual Rows": 4,
          "Actual Loops": 1,
          "Workers Planned": 3,
          "Workers Launched": 3,
          "Single Copy": false,
          "Plans": [
            {
              "Node Type": "Aggregate",
              "Strategy": "Plain",
              "Partial Mode": "Partial",
              "Parent Relationship": "Outer",
              "Parallel Aware": false,
              "Startup Cost": 69366.61,
              "Total Cost": 69366.62,
              "Plan Rows": 1,
              "Plan Width": 8,
              "Actual Startup Time": 182.399,
              "Actual Total Time": 182.404,
              "Actual Rows": 1,
              "Actual Loops": 4,
              "Plans": [
                {
                  "Node Type": "Hash Join",
                  "Parent Relationship": "Outer",
                  "Parallel Aware": true,
                  "Join Type": "Inner",
                  "Startup Cost": 49431.69,
                  "Total Cost": 69354.75,
                  "Plan Rows": 4742,
                  "Plan Width": 0,
                  "Actual Startup Time": 148.893,
                  "Actual Total Time": 182.081,
                  "Actual Rows": 3326,
                  "Actual Loops": 4,
                  "Inner Unique": true,
                  "Hash Cond": "(mc.movie_id = t.id)",
                  "Plans": [
                    {
                      "Node Type": "Bitmap Heap Scan",
                      "Parent Relationship": "Outer",
                      "Parallel Aware": true,
                      "Relation Name": "movie_companies",
                      "Alias": "mc",
                      "Startup Cost": 5032.22,
                      "Total Cost": 24758.64,
                      "Plan Rows": 74913,
                      "Plan Width": 4,
                      "Actual Startup Time": 16.048,
                      "Actual Total Time": 33.813,
                      "Actual Rows": 57390,
                      "Actual Loops": 4,
                      "Recheck Cond": "(company_id > 105554)",
                      "Rows Removed by Index Recheck": 0,
                      "Exact Heap Blocks": 1442,
                      "Lossy Heap Blocks": 0,
                      "Plans": [
                        {
                          "Node Type": "Bitmap Index Scan",
                          "Parent Relationship": "Outer",
                          "Parallel Aware": false,
                          "Index Name": "company_id_movie_companies",
                          "Startup Cost": 0.0,
                          "Total Cost": 4974.16,
                          "Plan Rows": 232231,
                          "Plan Width": 0,
                          "Actual Startup Time": 14.977,
                          "Actual Total Time": 14.979,
                          "Actual Rows": 229560,
                          "Actual Loops": 1,
                          "Index Cond": "(company_id > 105554)"
                        }
                      ]
                    },
                    {
                      "Node Type": "Hash",
                      "Parent Relationship": "Inner",
                      "Parallel Aware": true,
                      "Startup Cost": 43899.32,
                      "Total Cost": 43899.32,
                      "Plan Rows": 40012,
                      "Plan Width": 4,
                      "Actual Startup Time": 131.724,
                      "Actual Total Time": 131.725,
                      "Actual Rows": 41077,
                      "Actual Loops": 4,
                      "Hash Buckets": 262144,
                      "Original Hash Buckets": 262144,
                      "Hash Batches": 1,
                      "Original Hash Batches": 1,
                      "Peak Memory Usage": 8512,
                      "Plans": [
                        {
                          "Node Type": "Seq Scan",
                          "Parent Relationship": "Outer",
                          "Parallel Aware": true,
                          "Relation Name": "title",
                          "Alias": "t",
                          "Startup Cost": 0.0,
                          "Total Cost": 43899.32,
                          "Plan Rows": 40012,
                          "Plan Width": 4,
                          "Actual Startup Time": 0.045,
                          "Actual Total Time": 113.26,
                          "Actual Rows": 41077,
                          "Actual Loops": 4,
                          "Filter": "(production_year = 2012)",
                          "Rows Removed by Filter": 591001
                        }
                      ]
                    }
                  ]
                }
              ]
            }
          ]
        }
      ]
    },
    "Planning Time": 0.273,
    "Triggers": [],
    "Execution Time": 204.069
  }
]