[
    {
        "Bao": {
            "Bao prediction": 794.732,
            "Bao recommended hint": "SET enable_nestloop TO off; "
        }
    },
    {
        "Plan": {
            "Node Type": "Aggregate",
            "Strategy": "Plain",
            "Partial Mode": "Finalize",
            "Parallel Aware": false,
            "Startup Cost": 428979.2,
            "Total Cost": 428979.21,
            "Plan Rows": 1,
            "Plan Width": 8,
            "Actual Startup Time": 1734.038,
            "Actual Total Time": 1789.445,
            "Actual Rows": 1,
            "Actual Loops": 1,
            "Output": [
                "count(*)"
            ],
            "Plans": [
                {
                    "Node Type": "Gather",
                    "Parent Relationship": "Outer",
                    "Parallel Aware": false,
                    "Startup Cost": 428978.57,
                    "Total Cost": 428979.18,
                    "Plan Rows": 6,
                    "Plan Width": 8,
                    "Actual Startup Time": 1733.857,
                    "Actual Total Time": 1789.435,
                    "Actual Rows": 7,
                    "Actual Loops": 1,
                    "Output": [
                        "(PARTIAL count(*))"
                    ],
                    "Workers Planned": 6,
                    "Workers Launched": 6,
                    "Single Copy": false,
                    "Plans": [
                        {
                            "Node Type": "Aggregate",
                            "Strategy": "Plain",
                            "Partial Mode": "Partial",
                            "Parent Relationship": "Outer",
                            "Parallel Aware": false,
                            "Startup Cost": 427978.57,
                            "Total Cost": 427978.58,
                            "Plan Rows": 1,
                            "Plan Width": 8,
                            "Actual Startup Time": 1723.034,
                            "Actual Total Time": 1723.038,
                            "Actual Rows": 1,
                            "Actual Loops": 7,
                            "Output": [
                                "PARTIAL count(*)"
                            ],
                            "Workers": [
                                {
                                    "Worker Number": 0,
                                    "Actual Startup Time": 1720.921,
                                    "Actual Total Time": 1720.924,
                                    "Actual Rows": 1,
                                    "Actual Loops": 1
                                },
                                {
                                    "Worker Number": 1,
                                    "Actual Startup Time": 1721.105,
                                    "Actual Total Time": 1721.109,
                                    "Actual Rows": 1,
                                    "Actual Loops": 1
                                },
                                {
                                    "Worker Number": 2,
                                    "Actual Startup Time": 1721.28,
                                    "Actual Total Time": 1721.284,
                                    "Actual Rows": 1,
                                    "Actual Loops": 1
                                },
                                {
                                    "Worker Number": 3,
                                    "Actual Startup Time": 1721.291,
                                    "Actual Total Time": 1721.296,
                                    "Actual Rows": 1,
                                    "Actual Loops": 1
                                },
                                {
                                    "Worker Number": 4,
                                    "Actual Startup Time": 1721.867,
                                    "Actual Total Time": 1721.872,
                                    "Actual Rows": 1,
                                    "Actual Loops": 1
                                },
                                {
                                    "Worker Number": 5,
                                    "Actual Startup Time": 1721.956,
                                    "Actual Total Time": 1721.961,
                                    "Actual Rows": 1,
                                    "Actual Loops": 1
                                }
                            ],
                            "Plans": [
                                {
                                    "Node Type": "Hash Join",
                                    "Parent Relationship": "Outer",
                                    "Parallel Aware": true,
                                    "Join Type": "Inner",
                                    "Startup Cost": 92209.67,
                                    "Total Cost": 427977.11,
                                    "Plan Rows": 583,
                                    "Plan Width": 0,
                                    "Actual Startup Time": 345.505,
                                    "Actual Total Time": 1721.273,
                                    "Actual Rows": 11639,
                                    "Actual Loops": 7,
                                    "Inner Unique": false,
                                    "Hash Cond": "(ci.movie_id = t.id)",
                                    "Workers": [
                                        {
                                            "Worker Number": 0,
                                            "Actual Startup Time": 343.277,
                                            "Actual Total Time": 1719.076,
                                            "Actual Rows": 12114,
                                            "Actual Loops": 1
                                        },
                                        {
                                            "Worker Number": 1,
                                            "Actual Startup Time": 343.58,
                                            "Actual Total Time": 1719.259,
                                            "Actual Rows": 11018,
                                            "Actual Loops": 1
                                        },
                                        {
                                            "Worker Number": 2,
                                            "Actual Startup Time": 343.953,
                                            "Actual Total Time": 1719.374,
                                            "Actual Rows": 10876,
                                            "Actual Loops": 1
                                        },
                                        {
                                            "Worker Number": 3,
                                            "Actual Startup Time": 343.872,
                                            "Actual Total Time": 1719.447,
                                            "Actual Rows": 10568,
                                            "Actual Loops": 1
                                        },
                                        {
                                            "Worker Number": 4,
                                            "Actual Startup Time": 344.392,
                                            "Actual Total Time": 1719.978,
                                            "Actual Rows": 11008,
                                            "Actual Loops": 1
                                        },
                                        {
                                            "Worker Number": 5,
                                            "Actual Startup Time": 344.288,
                                            "Actual Total Time": 1720.142,
                                            "Actual Rows": 12064,
                                            "Actual Loops": 1
                                        }
                                    ],
                                    "Plans": [
                                        {
                                            "Node Type": "Seq Scan",
                                            "Parent Relationship": "Outer",
                                            "Parallel Aware": true,
                                            "Relation Name": "cast_info",
                                            "Schema": "public",
                                            "Alias": "ci",
                                            "Startup Cost": 0.0,
                                            "Total Cost": 313108.29,
                                            "Plan Rows": 6042129,
                                            "Plan Width": 4,
                                            "Actual Startup Time": 0.026,
                                            "Actual Total Time": 666.925,
                                            "Actual Rows": 5177763,
                                            "Actual Loops": 7,
                                            "Output": [
                                                "ci.id",
                                                "ci.person_id",
                                                "ci.movie_id",
                                                "ci.person_role_id",
                                                "ci.note",
                                                "ci.nr_order",
                                                "ci.role_id"
                                            ],
                                            "Workers": [
                                                {
                                                    "Worker Number": 0,
                                                    "Actual Startup Time": 0.025,
                                                    "Actual Total Time": 684.665,
                                                    "Actual Rows": 5218370,
                                                    "Actual Loops": 1
                                                },
                                                {
                                                    "Worker Number": 1,
                                                    "Actual Startup Time": 0.027,
                                                    "Actual Total Time": 682.331,
                                                    "Actual Rows": 4988341,
                                                    "Actual Loops": 1
                                                },
                                                {
                                                    "Worker Number": 2,
                                                    "Actual Startup Time": 0.031,
                                                    "Actual Total Time": 681.056,
                                                    "Actual Rows": 4907040,
                                                    "Actual Loops": 1
                                                },
                                                {
                                                    "Worker Number": 3,
                                                    "Actual Startup Time": 0.027,
                                                    "Actual Total Time": 680.578,
                                                    "Actual Rows": 4909995,
                                                    "Actual Loops": 1
                                                },
                                                {
                                                    "Worker Number": 4,
                                                    "Actual Startup Time": 0.03,
                                                    "Actual Total Time": 680.566,
                                                    "Actual Rows": 4966974,
                                                    "Actual Loops": 1
                                                },
                                                {
                                                    "Worker Number": 5,
                                                    "Actual Startup Time": 0.035,
                                                    "Actual Total Time": 683.584,
                                                    "Actual Rows": 5150465,
                                                    "Actual Loops": 1
                                                }
                                            ]
                                        },
                                        {
                                            "Node Type": "Hash",
                                            "Parent Relationship": "Inner",
                                            "Parallel Aware": true,
                                            "Startup Cost": 92209.05,
                                            "Total Cost": 92209.05,
                                            "Plan Rows": 49,
                                            "Plan Width": 8,
                                            "Actual Startup Time": 344.253,
                                            "Actual Total Time": 344.256,
                                            "Actual Rows": 219,
                                            "Actual Loops": 7,
                                            "Output": [
                                                "t.id",
                                                "mk.movie_id"
                                            ],
                                            "Hash Buckets": 1024,
                                            "Original Hash Buckets": 1024,
                                            "Hash Batches": 1,
                                            "Original Hash Batches": 1,
                                            "Peak Memory Usage": 232,
                                            "Workers": [
                                                {
                                                    "Worker Number": 0,
                                                    "Actual Startup Time": 342.616,
                                                    "Actual Total Time": 342.619,
                                                    "Actual Rows": 186,
                                                    "Actual Loops": 1
                                                },
                                                {
                                                    "Worker Number": 1,
                                                    "Actual Startup Time": 342.816,
                                                    "Actual Total Time": 342.818,
                                                    "Actual Rows": 212,
                                                    "Actual Loops": 1
                                                },
                                                {
                                                    "Worker Number": 2,
                                                    "Actual Startup Time": 342.974,
                                                    "Actual Total Time": 342.977,
                                                    "Actual Rows": 249,
                                                    "Actual Loops": 1
                                                },
                                                {
                                                    "Worker Number": 3,
                                                    "Actual Startup Time": 343.063,
                                                    "Actual Total Time": 343.066,
                                                    "Actual Rows": 219,
                                                    "Actual Loops": 1
                                                },
                                                {
                                                    "Worker Number": 4,
                                                    "Actual Startup Time": 343.525,
                                                    "Actual Total Time": 343.529,
                                                    "Actual Rows": 215,
                                                    "Actual Loops": 1
                                                },
                                                {
                                                    "Worker Number": 5,
                                                    "Actual Startup Time": 343.806,
                                                    "Actual Total Time": 343.809,
                                                    "Actual Rows": 209,
                                                    "Actual Loops": 1
                                                }
                                            ],
                                            "Plans": [
                                                {
                                                    "Node Type": "Merge Join",
                                                    "Parent Relationship": "Outer",
                                                    "Parallel Aware": false,
                                                    "Join Type": "Inner",
                                                    "Startup Cost": 939.23,
                                                    "Total Cost": 92209.05,
                                                    "Plan Rows": 49,
                                                    "Plan Width": 8,
                                                    "Actual Startup Time": 36.62,
                                                    "Actual Total Time": 343.906,
                                                    "Actual Rows": 219,
                                                    "Actual Loops": 7,
                                                    "Output": [
                                                        "t.id",
                                                        "mk.movie_id"
                                                    ],
                                                    "Inner Unique": false,
                                                    "Merge Cond": "(t.id = mk.movie_id)",
                                                    "Workers": [
                                                        {
                                                            "Worker Number": 0,
                                                            "Actual Startup Time": 58.939,
                                                            "Actual Total Time": 342.38,
                                                            "Actual Rows": 186,
                                                            "Actual Loops": 1
                                                        },
                                                        {
                                                            "Worker Number": 1,
                                                            "Actual Startup Time": 26.329,
                                                            "Actual Total Time": 342.487,
                                                            "Actual Rows": 212,
                                                            "Actual Loops": 1
                                                        },
                                                        {
                                                            "Worker Number": 2,
                                                            "Actual Startup Time": 34.574,
                                                            "Actual Total Time": 342.658,
                                                            "Actual Rows": 249,
                                                            "Actual Loops": 1
                                                        },
                                                        {
                                                            "Worker Number": 3,
                                                            "Actual Startup Time": 26.533,
                                                            "Actual Total Time": 342.583,
                                                            "Actual Rows": 219,
                                                            "Actual Loops": 1
                                                        },
                                                        {
                                                            "Worker Number": 4,
                                                            "Actual Startup Time": 44.299,
                                                            "Actual Total Time": 343.215,
                                                            "Actual Rows": 215,
                                                            "Actual Loops": 1
                                                        },
                                                        {
                                                            "Worker Number": 5,
                                                            "Actual Startup Time": 35.776,
                                                            "Actual Total Time": 343.328,
                                                            "Actual Rows": 209,
                                                            "Actual Loops": 1
                                                        }
                                                    ],
                                                    "Plans": [
                                                        {
                                                            "Node Type": "Index Only Scan",
                                                            "Parent Relationship": "Outer",
                                                            "Parallel Aware": true,
                                                            "Scan Direction": "Forward",
                                                            "Index Name": "title_pkey",
                                                            "Relation Name": "title",
                                                            "Schema": "public",
                                                            "Alias": "t",
                                                            "Startup Cost": 0.43,
                                                            "Total Cost": 90115.52,
                                                            "Plan Rows": 505664,
                                                            "Plan Width": 4,
                                                            "Actual Startup Time": 0.142,
                                                            "Actual Total Time": 297.225,
                                                            "Actual Rows": 360791,
                                                            "Actual Loops": 7,
                                                            "Output": [
                                                                "t.id"
                                                            ],
                                                            "Heap Fetches": 2525534,
                                                            "Workers": [
                                                                {
                                                                    "Worker Number": 0,
                                                                    "Actual Startup Time": 0.132,
                                                                    "Actual Total Time": 294.058,
                                                                    "Actual Rows": 358301,
                                                                    "Actual Loops": 1
                                                                },
                                                                {
                                                                    "Worker Number": 1,
                                                                    "Actual Startup Time": 0.115,
                                                                    "Actual Total Time": 296.523,
                                                                    "Actual Rows": 332779,
                                                                    "Actual Loops": 1
                                                                },
                                                                {
                                                                    "Worker Number": 2,
                                                                    "Actual Startup Time": 0.232,
                                                                    "Actual Total Time": 293.849,
                                                                    "Actual Rows": 360780,
                                                                    "Actual Loops": 1
                                                                },
                                                                {
                                                                    "Worker Number": 3,
                                                                    "Actual Startup Time": 0.159,
                                                                    "Actual Total Time": 293.904,
                                                                    "Actual Rows": 359777,
                                                                    "Actual Loops": 1
                                                                },
                                                                {
                                                                    "Worker Number": 4,
                                                                    "Actual Startup Time": 0.135,
                                                                    "Actual Total Time": 296.538,
                                                                    "Actual Rows": 334040,
                                                                    "Actual Loops": 1
                                                                },
                                                                {
                                                                    "Worker Number": 5,
                                                                    "Actual Startup Time": 0.164,
                                                                    "Actual Total Time": 294.08,
                                                                    "Actual Rows": 353971,
                                                                    "Actual Loops": 1
                                                                }
                                                            ]
                                                        },
                                                        {
                                                            "Node Type": "Sort",
                                                            "Parent Relationship": "Inner",
                                                            "Parallel Aware": false,
                                                            "Startup Cost": 918.38,
                                                            "Total Cost": 918.99,
                                                            "Plan Rows": 244,
                                                            "Plan Width": 4,
                                                            "Actual Startup Time": 19.219,
                                                            "Actual Total Time": 19.447,
                                                            "Actual Rows": 1531,
                                                            "Actual Loops": 7,
                                                            "Output": [
                                                                "mk.movie_id"
                                                            ],
                                                            "Sort Key": [
                                                                "mk.movie_id"
                                                            ],
                                                            "Sort Method": "quicksort",
                                                            "Sort Space Used": 120,
                                                            "Sort Space Type": "Memory",
                                                            "Workers": [
                                                                {
                                                                    "Worker Number": 0,
                                                                    "Actual Startup Time": 21.273,
                                                                    "Actual Total Time": 21.505,
                                                                    "Actual Rows": 1531,
                                                                    "Actual Loops": 1
                                                                },
                                                                {
                                                                    "Worker Number": 1,
                                                                    "Actual Startup Time": 20.753,
                                                                    "Actual Total Time": 20.969,
                                                                    "Actual Rows": 1531,
                                                                    "Actual Loops": 1
                                                                },
                                                                {
                                                                    "Worker Number": 2,
                                                                    "Actual Startup Time": 21.519,
                                                                    "Actual Total Time": 21.754,
                                                                    "Actual Rows": 1531,
                                                                    "Actual Loops": 1
                                                                },
                                                                {
                                                                    "Worker Number": 3,
                                                                    "Actual Startup Time": 21.606,
                                                                    "Actual Total Time": 21.838,
                                                                    "Actual Rows": 1531,
                                                                    "Actual Loops": 1
                                                                },
                                                                {
                                                                    "Worker Number": 4,
                                                                    "Actual Startup Time": 21.342,
                                                                    "Actual Total Time": 21.558,
                                                                    "Actual Rows": 1531,
                                                                    "Actual Loops": 1
                                                                },
                                                                {
                                                                    "Worker Number": 5,
                                                                    "Actual Startup Time": 22.255,
                                                                    "Actual Total Time": 22.488,
                                                                    "Actual Rows": 1531,
                                                                    "Actual Loops": 1
                                                                }
                                                            ],
                                                            "Plans": [
                                                                {
                                                                    "Node Type": "Bitmap Heap Scan",
                                                                    "Parent Relationship": "Outer",
                                                                    "Parallel Aware": false,
                                                                    "Relation Name": "movie_keyword",
                                                                    "Schema": "public",
                                                                    "Alias": "mk",
                                                                    "Startup Cost": 6.32,
                                                                    "Total Cost": 908.7,
                                                                    "Plan Rows": 244,
                                                                    "Plan Width": 4,
                                                                    "Actual Startup Time": 1.499,
                                                                    "Actual Total Time": 17.97,
                                                                    "Actual Rows": 1531,
                                                                    "Actual Loops": 7,
                                                                    "Output": [
                                                                        "mk.movie_id"
                                                                    ],
                                                                    "Recheck Cond": "(mk.keyword_id = 3741)",
                                                                    "Rows Removed by Index Recheck": 0,
                                                                    "Exact Heap Blocks": 1433,
                                                                    "Lossy Heap Blocks": 0,
                                                                    "Workers": [
                                                                        {
                                                                            "Worker Number": 0,
                                                                            "Actual Startup Time": 1.545,
                                                                            "Actual Total Time": 19.952,
                                                                            "Actual Rows": 1531,
                                                                            "Actual Loops": 1
                                                                        },
                                                                        {
                                                                            "Worker Number": 1,
                                                                            "Actual Startup Time": 1.567,
                                                                            "Actual Total Time": 19.463,
                                                                            "Actual Rows": 1531,
                                                                            "Actual Loops": 1
                                                                        },
                                                                        {
                                                                            "Worker Number": 2,
                                                                            "Actual Startup Time": 1.528,
                                                                            "Actual Total Time": 20.183,
                                                                            "Actual Rows": 1531,
                                                                            "Actual Loops": 1
                                                                        },
                                                                        {
                                                                            "Worker Number": 3,
                                                                            "Actual Startup Time": 1.55,
                                                                            "Actual Total Time": 20.286,
                                                                            "Actual Rows": 1531,
                                                                            "Actual Loops": 1
                                                                        },
                                                                        {
                                                                            "Worker Number": 4,
                                                                            "Actual Startup Time": 1.6,
                                                                            "Actual Total Time": 20.063,
                                                                            "Actual Rows": 1531,
                                                                            "Actual Loops": 1
                                                                        },
                                                                        {
                                                                            "Worker Number": 5,
                                                                            "Actual Startup Time": 1.651,
                                                                            "Actual Total Time": 20.895,
                                                                            "Actual Rows": 1531,
                                                                            "Actual Loops": 1
                                                                        }
                                                                    ],
                                                                    "Plans": [
                                                                        {
                                                                            "Node Type": "Bitmap Index Scan",
                                                                            "Parent Relationship": "Outer",
                                                                            "Parallel Aware": false,
                                                                            "Index Name": "keyword_id_movie_keyword",
                                                                            "Startup Cost": 0.0,
                                                                            "Total Cost": 6.26,
                                                                            "Plan Rows": 244,
                                                                            "Plan Width": 0,
                                                                            "Actual Startup Time": 0.931,
                                                                            "Actual Total Time": 0.932,
                                                                            "Actual Rows": 1531,
                                                                            "Actual Loops": 7,
                                                                            "Index Cond": "(mk.keyword_id = 3741)",
                                                                            "Workers": [
                                                                                {
                                                                                    "Worker Number": 0,
                                                                                    "Actual Startup Time": 0.976,
                                                                                    "Actual Total Time": 0.976,
                                                                                    "Actual Rows": 1531,
                                                                                    "Actual Loops": 1
                                                                                },
                                                                                {
                                                                                    "Worker Number": 1,
                                                                                    "Actual Startup Time": 0.985,
                                                                                    "Actual Total Time": 0.986,
                                                                                    "Actual Rows": 1531,
                                                                                    "Actual Loops": 1
                                                                                },
                                                                                {
                                                                                    "Worker Number": 2,
                                                                                    "Actual Startup Time": 0.957,
                                                                                    "Actual Total Time": 0.957,
                                                                                    "Actual Rows": 1531,
                                                                                    "Actual Loops": 1
                                                                                },
                                                                                {
                                                                                    "Worker Number": 3,
                                                                                    "Actual Startup Time": 0.977,
                                                                                    "Actual Total Time": 0.978,
                                                                                    "Actual Rows": 1531,
                                                                                    "Actual Loops": 1
                                                                                },
                                                                                {
                                                                                    "Worker Number": 4,
                                                                                    "Actual Startup Time": 1.024,
                                                                                    "Actual Total Time": 1.024,
                                                                                    "Actual Rows": 1531,
                                                                                    "Actual Loops": 1
                                                                                },
                                                                                {
                                                                                    "Worker Number": 5,
                                                                                    "Actual Startup Time": 1.083,
                                                                                    "Actual Total Time": 1.083,
                                                                                    "Actual Rows": 1531,
                                                                                    "Actual Loops": 1
                                                                                }
                                                                            ]
                                                                        }
                                                                    ]
                                                                }
                                                            ]
                                                        }
                                                    ]
                                                }
                                            ]
                                        }
                                    ]
                                }
                            ]
                        }
                    ]
                }
            ]
        },
        "Planning Time": 4501.148,
        "Triggers": [],
        "Execution Time": 1789.644
    }
]