[
  {
    "Plan": {
      "Node Type": "Aggregate",
      "Strategy": "Plain",
      "Partial Mode": "Finalize",
      "Parallel Aware": false,
      "Startup Cost": 31302.19,
      "Total Cost": 31302.2,
      "Plan Rows": 1,
      "Plan Width": 8,
      "Actual Startup Time": 96.082,
      "Actual Total Time": 103.795,
      "Actual Rows": 1,
      "Actual Loops": 1,
      "Plans": [
        {
          "Node Type": "Gather",
          "Parent Relationship": "Outer",
          "Parallel Aware": false,
          "Startup Cost": 31301.87,
          "Total Cost": 31302.18,
          "Plan Rows": 3,
          "Plan Width": 8,
          "Actual Startup Time": 95.96,
          "Actual Total Time": 103.787,
          "Actual Rows": 4,
          "Actual Loops": 1,
          "Workers Planned": 3,
          "Workers Launched": 3,
          "Single Copy": false,
          "Plans": [
            {
              "Node Type": "Aggregate",
              "Strategy": "Plain",
              "Partial Mode": "Partial",
              "Parent Relationship": "Outer",
              "Parallel Aware": false,
              "Startup Cost": 30301.87,
              "Total Cost": 30301.88,
              "Plan Rows": 1,
              "Plan Width": 8,
              "Actual Startup Time": 90.527,
              "Actual Total Time": 90.528,
              "Actual Rows": 1,
              "Actual Loops": 4,
              "Plans": [
                {
                  "Node Type": "Seq Scan",
                  "Parent Relationship": "Outer",
                  "Parallel Aware": true,
                  "Relation Name": "movie_companies",
                  "Alias": "mc",
                  "Startup Cost": 0.0,
                  "Total Cost": 29310.68,
                  "Plan Rows": 396475,
                  "Plan Width": 0,
                  "Actual Startup Time": 0.026,
                  "Actual Total Time": 74.207,
                  "Actual Rows": 310230,
                  "Actual Loops": 4,
                  "Filter": "(company_id < 11147)",
                  "Rows Removed by Filter": 342052
                }
              ]
            }
          ]
        }
      ]
    },
    "Planning Time": 0.195,
    "Triggers": [],
    "Execution Time": 103.849
  }
]