[
  {
    "Plan": {
      "Node Type": "Aggregate",
      "Strategy": "Plain",
      "Partial Mode": "Finalize",
      "Parallel Aware": false,
      "Startup Cost": 40340.68,
      "Total Cost": 40340.69,
      "Plan Rows": 1,
      "Plan Width": 8,
      "Actual Startup Time": 132.329,
      "Actual Total Time": 138.868,
      "Actual Rows": 1,
      "Actual Loops": 1,
      "Plans": [
        {
          "Node Type": "Gather",
          "Parent Relationship": "Outer",
          "Parallel Aware": false,
          "Startup Cost": 40340.36,
          "Total Cost": 40340.67,
          "Plan Rows": 3,
          "Plan Width": 8,
          "Actual Startup Time": 132.098,
          "Actual Total Time": 138.859,
          "Actual Rows": 4,
          "Actual Loops": 1,
          "Workers Planned": 3,
          "Workers Launched": 3,
          "Single Copy": false,
          "Plans": [
            {
              "Node Type": "Aggregate",
              "Strategy": "Plain",
              "Partial Mode": "Partial",
              "Parent Relationship": "Outer",
              "Parallel Aware": false,
              "Startup Cost": 39340.36,
              "Total Cost": 39340.37,
              "Plan Rows": 1,
              "Plan Width": 8,
              "Actual Startup Time": 123.415,
              "Actual Total Time": 123.416,
              "Actual Rows": 1,
              "Actual Loops": 4,
              "Plans": [
                {
                  "Node Type": "Bitmap Heap Scan",
                  "Parent Relationship": "Outer",
                  "Parallel Aware": true,
                  "Relation Name": "movie_keyword",
                  "Alias": "mk",
                  "Startup Cost": 12121.24,
                  "Total Cost": 38879.51,
                  "Plan Rows": 184342,
                  "Plan Width": 0,
                  "Actual Startup Time": 49.978,
                  "Actual Total Time": 115.435,
                  "Actual Rows": 142774,
                  "Actual Loops": 4,
                  "Recheck Cond": "(keyword_id > 32174)",
                  "Rows Removed by Index Recheck": 0,
                  "Exact Heap Blocks": 10429,
                  "Lossy Heap Blocks": 0,
                  "Plans": [
                    {
                      "Node Type": "Bitmap Index Scan",
                      "Parent Relationship": "Outer",
                      "Parallel Aware": false,
                      "Index Name": "keyword_id_movie_keyword",
                      "Startup Cost": 0.0,
                      "Total Cost": 11978.38,
                      "Plan Rows": 571459,
                      "Plan Width": 0,
                      "Actual Startup Time": 54.483,
                      "Actual Total Time": 54.484,
                      "Actual Rows": 571094,
                      "Actual Loops": 1,
                      "Index Cond": "(keyword_id > 32174)"
                    }
                  ]
                }
              ]
            }
          ]
        }
      ]
    },
    "Planning Time": 0.24,
    "Triggers": [],
    "Execution Time": 138.944
  }
]