[
  {
    "Plan": {
      "Node Type": "Aggregate",
      "Strategy": "Plain",
      "Partial Mode": "Finalize",
      "Parallel Aware": false,
      "Startup Cost": 140160.86,
      "Total Cost": 140160.87,
      "Plan Rows": 1,
      "Plan Width": 8,
      "Actual Startup Time": 547.988,
      "Actual Total Time": 572.937,
      "Actual Rows": 1,
      "Actual Loops": 1,
      "Plans": [
        {
          "Node Type": "Gather",
          "Parent Relationship": "Outer",
          "Parallel Aware": false,
          "Startup Cost": 140160.44,
          "Total Cost": 140160.85,
          "Plan Rows": 4,
          "Plan Width": 8,
          "Actual Startup Time": 536.74,
          "Actual Total Time": 572.927,
          "Actual Rows": 5,
          "Actual Loops": 1,
          "Workers Planned": 4,
          "Workers Launched": 4,
          "Single Copy": false,
          "Plans": [
            {
              "Node Type": "Aggregate",
              "Strategy": "Plain",
              "Partial Mode": "Partial",
              "Parent Relationship": "Outer",
              "Parallel Aware": false,
              "Startup Cost": 139160.44,
              "Total Cost": 139160.45,
              "Plan Rows": 1,
              "Plan Width": 8,
              "Actual Startup Time": 529.709,
              "Actual Total Time": 529.715,
              "Actual Rows": 1,
              "Actual Loops": 5,
              "Plans": [
                {
                  "Node Type": "Hash Join",
                  "Parent Relationship": "Outer",
                  "Parallel Aware": true,
                  "Join Type": "Inner",
                  "Startup Cost": 89177.36,
                  "Total Cost": 139011.79,
                  "Plan Rows": 59461,
                  "Plan Width": 0,
                  "Actual Startup Time": 402.913,
                  "Actual Total Time": 528.897,
                  "Actual Rows": 13200,
                  "Actual Loops": 5,
                  "Inner Unique": false,
                  "Hash Cond": "(ci.movie_id = t.id)",
                  "Plans": [
                    {
                      "Node Type": "Index Scan",
                      "Parent Relationship": "Outer",
                      "Parallel Aware": true,
                      "Scan Direction": "Forward",
                      "Index Name": "role_id_cast_info",
                      "Relation Name": "cast_info",
                      "Alias": "ci",
                      "Startup Cost": 0.56,
                      "Total Cost": 47993.72,
                      "Plan Rows": 439854,
                      "Plan Width": 4,
                      "Actual Startup Time": 0.321,
                      "Actual Total Time": 73.202,
                      "Actual Rows": 340709,
                      "Actual Loops": 5,
                      "Index Cond": "(role_id = 8)",
                      "Rows Removed by Index Recheck": 0
                    },
                    {
                      "Node Type": "Hash",
                      "Parent Relationship": "Inner",
                      "Parallel Aware": true,
                      "Startup Cost": 87798.57,
                      "Total Cost": 87798.57,
                      "Plan Rows": 110258,
                      "Plan Width": 8,
                      "Actual Startup Time": 400.32,
                      "Actual Total Time": 400.324,
                      "Actual Rows": 14829,
                      "Actual Loops": 5,
                      "Hash Buckets": 524288,
                      "Original Hash Buckets": 524288,
                      "Hash Batches": 1,
                      "Original Hash Batches": 1,
                      "Peak Memory Usage": 7072,
                      "Plans": [
                        {
                          "Node Type": "Hash Join",
                          "Parent Relationship": "Outer",
                          "Parallel Aware": true,
                          "Join Type": "Inner",
                          "Startup Cost": 60609.97,
                          "Total Cost": 87798.57,
                          "Plan Rows": 110258,
                          "Plan Width": 8,
                          "Actual Startup Time": 293.767,
                          "Actual Total Time": 391.275,
                          "Actual Rows": 14829,
                          "Actual Loops": 5,
                          "Inner Unique": true,
                          "Hash Cond": "(mk.movie_id = t.id)",
                          "Plans": [
                            {
                              "Node Type": "Bitmap Heap Scan",
                              "Parent Relationship": "Outer",
                              "Parallel Aware": true,
                              "Relation Name": "movie_keyword",
                              "Alias": "mk",
                              "Startup Cost": 11892.16,
                              "Total Cost": 38606.16,
                              "Plan Rows": 180800,
                              "Plan Width": 4,
                              "Actual Startup Time": 54.939,
                              "Actual Total Time": 115.822,
                              "Actual Rows": 112007,
                              "Actual Loops": 5,
                              "Recheck Cond": "(keyword_id > 32850)",
                              "Rows Removed by Index Recheck": 0,
                              "Exact Heap Blocks": 6539,
                              "Lossy Heap Blocks": 0,
                              "Plans": [
                                {
                                  "Node Type": "Bitmap Index Scan",
                                  "Parent Relationship": "Outer",
                                  "Parallel Aware": false,
                                  "Index Name": "keyword_id_movie_keyword",
                                  "Startup Cost": 0.0,
                                  "Total Cost": 11752.04,
                                  "Plan Rows": 560481,
                                  "Plan Width": 0,
                                  "Actual Startup Time": 49.333,
                                  "Actual Total Time": 49.333,
                                  "Actual Rows": 560037,
                                  "Actual Loops": 1,
                                  "Index Cond": "(keyword_id > 32850)"
                                }
                              ]
                            },
                            {
                              "Node Type": "Hash",
                              "Parent Relationship": "Inner",
                              "Parallel Aware": true,
                              "Startup Cost": 43899.32,
                              "Total Cost": 43899.32,
                              "Plan Rows": 385479,
                              "Plan Width": 4,
                              "Actual Startup Time": 235.596,
                              "Actual Total Time": 235.597,
                              "Actual Rows": 308653,
                              "Actual Loops": 5,
                              "Hash Buckets": 2097152,
                              "Original Hash Buckets": 2097152,
                              "Hash Batches": 1,
                              "Original Hash Batches": 1,
                              "Peak Memory Usage": 76832,
                              "Plans": [
                                {
                                  "Node Type": "Seq Scan",
                                  "Parent Relationship": "Outer",
                                  "Parallel Aware": true,
                                  "Relation Name": "title",
                                  "Alias": "t",
                                  "Startup Cost": 0.0,
                                  "Total Cost": 43899.32,
                                  "Plan Rows": 385479,
                                  "Plan Width": 4,
                                  "Actual Startup Time": 0.033,
                                  "Actual Total Time": 103.022,
                                  "Actual Rows": 308653,
                                  "Actual Loops": 5,
                                  "Filter": "(kind_id = 7)",
                                  "Rows Removed by Filter": 197010
                                }
                              ]
                            }
                          ]
                        }
                      ]
                    }
                  ]
                }
              ]
            }
          ]
        }
      ]
    },
    "Planning Time": 0.509,
    "Triggers": [],
    "Execution Time": 573.002
  }
]