[
  {
    "Plan": {
      "Node Type": "Aggregate",
      "Strategy": "Plain",
      "Partial Mode": "Finalize",
      "Parallel Aware": false,
      "Startup Cost": 139155.39,
      "Total Cost": 139155.4,
      "Plan Rows": 1,
      "Plan Width": 8,
      "Actual Startup Time": 480.919,
      "Actual Total Time": 499.151,
      "Actual Rows": 1,
      "Actual Loops": 1,
      "Plans": [
        {
          "Node Type": "Gather",
          "Parent Relationship": "Outer",
          "Parallel Aware": false,
          "Startup Cost": 139154.97,
          "Total Cost": 139155.38,
          "Plan Rows": 4,
          "Plan Width": 8,
          "Actual Startup Time": 470.789,
          "Actual Total Time": 499.14,
          "Actual Rows": 5,
          "Actual Loops": 1,
          "Workers Planned": 4,
          "Workers Launched": 4,
          "Single Copy": false,
          "Plans": [
            {
              "Node Type": "Aggregate",
              "Strategy": "Plain",
              "Partial Mode": "Partial",
              "Parent Relationship": "Outer",
              "Parallel Aware": false,
              "Startup Cost": 138154.97,
              "Total Cost": 138154.98,
              "Plan Rows": 1,
              "Plan Width": 8,
              "Actual Startup Time": 460.674,
              "Actual Total Time": 460.681,
              "Actual Rows": 1,
              "Actual Loops": 5,
              "Plans": [
                {
                  "Node Type": "Hash Join",
                  "Parent Relationship": "Outer",
                  "Parallel Aware": true,
                  "Join Type": "Inner",
                  "Startup Cost": 89448.02,
                  "Total Cost": 138008.0,
                  "Plan Rows": 58789,
                  "Plan Width": 0,
                  "Actual Startup Time": 361.327,
                  "Actual Total Time": 460.036,
                  "Actual Rows": 13200,
                  "Actual Loops": 5,
                  "Inner Unique": false,
                  "Hash Cond": "(ci.movie_id = t.id)",
                  "Plans": [
                    {
                      "Node Type": "Index Scan",
                      "Parent Relationship": "Outer",
                      "Parallel Aware": true,
                      "Scan Direction": "Forward",
                      "Index Name": "role_id_cast_info",
                      "Relation Name": "cast_info",
                      "Alias": "ci",
                      "Startup Cost": 0.56,
                      "Total Cost": 46764.42,
                      "Plan Rows": 428396,
                      "Plan Width": 4,
                      "Actual Startup Time": 0.226,
                      "Actual Total Time": 55.618,
                      "Actual Rows": 340709,
                      "Actual Loops": 5,
                      "Index Cond": "(role_id = 8)",
                      "Rows Removed by Index Recheck": 0
                    },
                    {
                      "Node Type": "Hash",
                      "Parent Relationship": "Inner",
                      "Parallel Aware": true,
                      "Startup Cost": 88048.43,
                      "Total Cost": 88048.43,
                      "Plan Rows": 111922,
                      "Plan Width": 8,
                      "Actual Startup Time": 357.848,
                      "Actual Total Time": 357.852,
                      "Actual Rows": 14829,
                      "Actual Loops": 5,
                      "Hash Buckets": 524288,
                      "Original Hash Buckets": 524288,
                      "Hash Batches": 1,
                      "Original Hash Batches": 1,
                      "Peak Memory Usage": 7040,
                      "Plans": [
                        {
                          "Node Type": "Hash Join",
                          "Parent Relationship": "Outer",
                          "Parallel Aware": true,
                          "Join Type": "Inner",
                          "Startup Cost": 60809.59,
                          "Total Cost": 88048.43,
                          "Plan Rows": 111922,
                          "Plan Width": 8,
                          "Actual Startup Time": 264.995,
                          "Actual Total Time": 350.996,
                          "Actual Rows": 14829,
                          "Actual Loops": 5,
                          "Inner Unique": true,
                          "Hash Cond": "(mk.movie_id = t.id)",
                          "Plans": [
                            {
                              "Node Type": "Bitmap Heap Scan",
                              "Parent Relationship": "Outer",
                              "Parallel Aware": true,
                              "Relation Name": "movie_keyword",
                              "Alias": "mk",
                              "Startup Cost": 12107.97,
                              "Total Cost": 38863.5,
                              "Plan Rows": 184122,
                              "Plan Width": 4,
                              "Actual Startup Time": 36.455,
                              "Actual Total Time": 91.651,
                              "Actual Rows": 112007,
                              "Actual Loops": 5,
                              "Recheck Cond": "(keyword_id > 32850)",
                              "Rows Removed by Index Recheck": 0,
                              "Exact Heap Blocks": 6187,
                              "Lossy Heap Blocks": 0,
                              "Plans": [
                                {
                                  "Node Type": "Bitmap Index Scan",
                                  "Parent Relationship": "Outer",
                                  "Parallel Aware": false,
                                  "Index Name": "keyword_id_movie_keyword",
                                  "Startup Cost": 0.0,
                                  "Total Cost": 11965.27,
                                  "Plan Rows": 570779,
                                  "Plan Width": 0,
                                  "Actual Startup Time": 32.951,
                                  "Actual Total Time": 32.952,
                                  "Actual Rows": 560037,
                                  "Actual Loops": 1,
                                  "Index Cond": "(keyword_id > 32850)"
                                }
                              ]
                            },
                            {
                              "Node Type": "Hash",
                              "Parent Relationship": "Inner",
                              "Parallel Aware": true,
                              "Startup Cost": 43898.92,
                              "Total Cost": 43898.92,
                              "Plan Rows": 384216,
                              "Plan Width": 4,
                              "Actual Startup Time": 224.207,
                              "Actual Total Time": 224.208,
                              "Actual Rows": 308653,
                              "Actual Loops": 5,
                              "Hash Buckets": 2097152,
                              "Original Hash Buckets": 2097152,
                              "Hash Batches": 1,
                              "Original Hash Batches": 1,
                              "Peak Memory Usage": 76800,
                              "Plans": [
                                {
                                  "Node Type": "Seq Scan",
                                  "Parent Relationship": "Outer",
                                  "Parallel Aware": true,
                                  "Relation Name": "title",
                                  "Alias": "t",
                                  "Startup Cost": 0.0,
                                  "Total Cost": 43898.92,
                                  "Plan Rows": 384216,
                                  "Plan Width": 4,
                                  "Actual Startup Time": 0.047,
                                  "Actual Total Time": 91.121,
                                  "Actual Rows": 308653,
                                  "Actual Loops": 5,
                                  "Filter": "(kind_id = 7)",
                                  "Rows Removed by Filter": 197010
                                }
                              ]
                            }
                          ]
                        }
                      ]
                    }
                  ]
                }
              ]
            }
          ]
        }
      ]
    },
    "Planning Time": 1.307,
    "Triggers": [],
    "Execution Time": 499.272
  }
]