[
  {
    "Plan": {
      "Node Type": "Aggregate",
      "Strategy": "Plain",
      "Partial Mode": "Finalize",
      "Parallel Aware": false,
      "Startup Cost": 78146.96,
      "Total Cost": 78146.97,
      "Plan Rows": 1,
      "Plan Width": 8,
      "Actual Startup Time": 263.863,
      "Actual Total Time": 273.02,
      "Actual Rows": 1,
      "Actual Loops": 1,
      "Plans": [
        {
          "Node Type": "Gather",
          "Parent Relationship": "Outer",
          "Parallel Aware": false,
          "Startup Cost": 78146.54,
          "Total Cost": 78146.95,
          "Plan Rows": 4,
          "Plan Width": 8,
          "Actual Startup Time": 260.003,
          "Actual Total Time": 273.008,
          "Actual Rows": 5,
          "Actual Loops": 1,
          "Workers Planned": 4,
          "Workers Launched": 4,
          "Single Copy": false,
          "Plans": [
            {
              "Node Type": "Aggregate",
              "Strategy": "Plain",
              "Partial Mode": "Partial",
              "Parent Relationship": "Outer",
              "Parallel Aware": false,
              "Startup Cost": 77146.54,
              "Total Cost": 77146.55,
              "Plan Rows": 1,
              "Plan Width": 8,
              "Actual Startup Time": 254.123,
              "Actual Total Time": 254.126,
              "Actual Rows": 1,
              "Actual Loops": 5,
              "Plans": [
                {
                  "Node Type": "Hash Join",
                  "Parent Relationship": "Outer",
                  "Parallel Aware": true,
                  "Join Type": "Inner",
                  "Startup Cost": 31356.41,
                  "Total Cost": 77010.78,
                  "Plan Rows": 54304,
                  "Plan Width": 0,
                  "Actual Startup Time": 93.17,
                  "Actual Total Time": 250.332,
                  "Actual Rows": 66726,
                  "Actual Loops": 5,
                  "Inner Unique": false,
                  "Hash Cond": "(t.id = mc.movie_id)",
                  "Plans": [
                    {
                      "Node Type": "Seq Scan",
                      "Parent Relationship": "Outer",
                      "Parallel Aware": true,
                      "Relation Name": "title",
                      "Alias": "t",
                      "Startup Cost": 0.0,
                      "Total Cost": 42318.81,
                      "Plan Rows": 632080,
                      "Plan Width": 4,
                      "Actual Startup Time": 0.006,
                      "Actual Total Time": 63.159,
                      "Actual Rows": 505662,
                      "Actual Loops": 5
                    },
                    {
                      "Node Type": "Hash",
                      "Parent Relationship": "Inner",
                      "Parallel Aware": true,
                      "Startup Cost": 30480.55,
                      "Total Cost": 30480.55,
                      "Plan Rows": 70069,
                      "Plan Width": 4,
                      "Actual Startup Time": 92.386,
                      "Actual Total Time": 92.388,
                      "Actual Rows": 66726,
                      "Actual Loops": 5,
                      "Hash Buckets": 524288,
                      "Original Hash Buckets": 262144,
                      "Hash Batches": 1,
                      "Original Hash Batches": 1,
                      "Peak Memory Usage": 19264,
                      "Plans": [
                        {
                          "Node Type": "Bitmap Heap Scan",
                          "Parent Relationship": "Outer",
                          "Parallel Aware": true,
                          "Relation Name": "movie_companies",
                          "Alias": "mc",
                          "Startup Cost": 9546.31,
                          "Total Cost": 30480.55,
                          "Plan Rows": 70069,
                          "Plan Width": 4,
                          "Actual Startup Time": 17.647,
                          "Actual Total Time": 62.817,
                          "Actual Rows": 66726,
                          "Actual Loops": 5,
                          "Recheck Cond": "(company_id < 323)",
                          "Rows Removed by Index Recheck": 0,
                          "Filter": "(company_type_id < 2)",
                          "Rows Removed by Filter": 20881,
                          "Exact Heap Blocks": 6648,
                          "Lossy Heap Blocks": 0,
                          "Plans": [
                            {
                              "Node Type": "Bitmap Index Scan",
                              "Parent Relationship": "Outer",
                              "Parallel Aware": false,
                              "Index Name": "company_id_movie_companies",
                              "Startup Cost": 0.0,
                              "Total Cost": 9492.0,
                              "Plan Rows": 443143,
                              "Plan Width": 0,
                              "Actual Startup Time": 18.567,
                              "Actual Total Time": 18.567,
                              "Actual Rows": 438037,
                              "Actual Loops": 1,
                              "Index Cond": "(company_id < 323)"
                            }
                          ]
                        }
                      ]
                    }
                  ]
                }
              ]
            }
          ]
        }
      ]
    },
    "Planning Time": 0.174,
    "Triggers": [],
    "Execution Time": 273.054
  }
]