[
    {
        "Bao": {
            "Bao prediction": "NaN",
            "Bao recommended hint": "(no hint)"
        }
    },
    {
        "Plan": {
            "Node Type": "Aggregate",
            "Strategy": "Plain",
            "Partial Mode": "Finalize",
            "Parallel Aware": false,
            "Startup Cost": 37612.43,
            "Total Cost": 37612.44,
            "Plan Rows": 1,
            "Plan Width": 8,
            "Actual Startup Time": 108.899,
            "Actual Total Time": 114.592,
            "Actual Rows": 1,
            "Actual Loops": 1,
            "Output": [
                "count(*)"
            ],
            "Plans": [
                {
                    "Node Type": "Gather",
                    "Parent Relationship": "Outer",
                    "Parallel Aware": false,
                    "Startup Cost": 37612.11,
                    "Total Cost": 37612.42,
                    "Plan Rows": 3,
                    "Plan Width": 8,
                    "Actual Startup Time": 108.654,
                    "Actual Total Time": 114.584,
                    "Actual Rows": 4,
                    "Actual Loops": 1,
                    "Output": [
                        "(PARTIAL count(*))"
                    ],
                    "Workers Planned": 3,
                    "Workers Launched": 3,
                    "Single Copy": false,
                    "Plans": [
                        {
                            "Node Type": "Aggregate",
                            "Strategy": "Plain",
                            "Partial Mode": "Partial",
                            "Parent Relationship": "Outer",
                            "Parallel Aware": false,
                            "Startup Cost": 36612.11,
                            "Total Cost": 36612.12,
                            "Plan Rows": 1,
                            "Plan Width": 8,
                            "Actual Startup Time": 100.328,
                            "Actual Total Time": 100.329,
                            "Actual Rows": 1,
                            "Actual Loops": 4,
                            "Output": [
                                "PARTIAL count(*)"
                            ],
                            "Workers": [
                                {
                                    "Worker Number": 0,
                                    "Actual Startup Time": 97.4,
                                    "Actual Total Time": 97.402,
                                    "Actual Rows": 1,
                                    "Actual Loops": 1
                                },
                                {
                                    "Worker Number": 1,
                                    "Actual Startup Time": 97.697,
                                    "Actual Total Time": 97.699,
                                    "Actual Rows": 1,
                                    "Actual Loops": 1
                                },
                                {
                                    "Worker Number": 2,
                                    "Actual Startup Time": 97.834,
                                    "Actual Total Time": 97.835,
                                    "Actual Rows": 1,
                                    "Actual Loops": 1
                                }
                            ],
                            "Plans": [
                                {
                                    "Node Type": "Bitmap Heap Scan",
                                    "Parent Relationship": "Outer",
                                    "Parallel Aware": true,
                                    "Relation Name": "movie_keyword",
                                    "Schema": "public",
                                    "Alias": "mk",
                                    "Startup Cost": 9900.45,
                                    "Total Cost": 36235.83,
                                    "Plan Rows": 150511,
                                    "Plan Width": 0,
                                    "Actual Startup Time": 25.245,
                                    "Actual Total Time": 93.589,
                                    "Actual Rows": 114507,
                                    "Actual Loops": 4,
                                    "Recheck Cond": "(mk.keyword_id > 38731)",
                                    "Rows Removed by Index Recheck": 0,
                                    "Exact Heap Blocks": 10489,
                                    "Lossy Heap Blocks": 0,
                                    "Workers": [
                                        {
                                            "Worker Number": 0,
                                            "Actual Startup Time": 22.421,
                                            "Actual Total Time": 91.651,
                                            "Actual Rows": 82487,
                                            "Actual Loops": 1
                                        },
                                        {
                                            "Worker Number": 1,
                                            "Actual Startup Time": 22.648,
                                            "Actual Total Time": 91.787,
                                            "Actual Rows": 81442,
                                            "Actual Loops": 1
                                        },
                                        {
                                            "Worker Number": 2,
                                            "Actual Startup Time": 22.878,
                                            "Actual Total Time": 91.869,
                                            "Actual Rows": 85547,
                                            "Actual Loops": 1
                                        }
                                    ],
                                    "Plans": [
                                        {
                                            "Node Type": "Bitmap Index Scan",
                                            "Parent Relationship": "Outer",
                                            "Parallel Aware": false,
                                            "Index Name": "keyword_id_movie_keyword",
                                            "Startup Cost": 0.0,
                                            "Total Cost": 9783.81,
                                            "Plan Rows": 466583,
                                            "Plan Width": 0,
                                            "Actual Startup Time": 29.65,
                                            "Actual Total Time": 29.651,
                                            "Actual Rows": 458029,
                                            "Actual Loops": 1,
                                            "Index Cond": "(mk.keyword_id > 38731)"
                                        }
                                    ]
                                }
                            ]
                        }
                    ]
                }
            ]
        },
        "Planning Time": 189.275,
        "Triggers": [],
        "Execution Time": 114.645
    }
]