[
    {
        "Bao": {
            "Bao prediction": "NaN",
            "Bao recommended hint": "(no hint)"
        }
    },
    {
        "Plan": {
            "Node Type": "Aggregate",
            "Strategy": "Plain",
            "Partial Mode": "Finalize",
            "Parallel Aware": false,
            "Startup Cost": 82640.72,
            "Total Cost": 82640.73,
            "Plan Rows": 1,
            "Plan Width": 8,
            "Actual Startup Time": 412.658,
            "Actual Total Time": 430.933,
            "Actual Rows": 1,
            "Actual Loops": 1,
            "Output": [
                "count(*)"
            ],
            "Plans": [
                {
                    "Node Type": "Gather",
                    "Parent Relationship": "Outer",
                    "Parallel Aware": false,
                    "Startup Cost": 82640.4,
                    "Total Cost": 82640.71,
                    "Plan Rows": 3,
                    "Plan Width": 8,
                    "Actual Startup Time": 404.202,
                    "Actual Total Time": 430.924,
                    "Actual Rows": 4,
                    "Actual Loops": 1,
                    "Output": [
                        "(PARTIAL count(*))"
                    ],
                    "Workers Planned": 3,
                    "Workers Launched": 3,
                    "Single Copy": false,
                    "Plans": [
                        {
                            "Node Type": "Aggregate",
                            "Strategy": "Plain",
                            "Partial Mode": "Partial",
                            "Parent Relationship": "Outer",
                            "Parallel Aware": false,
                            "Startup Cost": 81640.4,
                            "Total Cost": 81640.41,
                            "Plan Rows": 1,
                            "Plan Width": 8,
                            "Actual Startup Time": 393.3,
                            "Actual Total Time": 393.303,
                            "Actual Rows": 1,
                            "Actual Loops": 4,
                            "Output": [
                                "PARTIAL count(*)"
                            ],
                            "Workers": [
                                {
                                    "Worker Number": 0,
                                    "Actual Startup Time": 391.351,
                                    "Actual Total Time": 391.355,
                                    "Actual Rows": 1,
                                    "Actual Loops": 1
                                },
                                {
                                    "Worker Number": 1,
                                    "Actual Startup Time": 388.978,
                                    "Actual Total Time": 388.982,
                                    "Actual Rows": 1,
                                    "Actual Loops": 1
                                },
                                {
                                    "Worker Number": 2,
                                    "Actual Startup Time": 388.971,
                                    "Actual Total Time": 388.975,
                                    "Actual Rows": 1,
                                    "Actual Loops": 1
                                }
                            ],
                            "Plans": [
                                {
                                    "Node Type": "Hash Join",
                                    "Parent Relationship": "Outer",
                                    "Parallel Aware": true,
                                    "Join Type": "Inner",
                                    "Startup Cost": 55714.55,
                                    "Total Cost": 81431.63,
                                    "Plan Rows": 83509,
                                    "Plan Width": 0,
                                    "Actual Startup Time": 330.035,
                                    "Actual Total Time": 390.03,
                                    "Actual Rows": 64123,
                                    "Actual Loops": 4,
                                    "Inner Unique": true,
                                    "Hash Cond": "(mk.movie_id = t.id)",
                                    "Workers": [
                                        {
                                            "Worker Number": 0,
                                            "Actual Startup Time": 326.374,
                                            "Actual Total Time": 388.398,
                                            "Actual Rows": 53425,
                                            "Actual Loops": 1
                                        },
                                        {
                                            "Worker Number": 1,
                                            "Actual Startup Time": 326.336,
                                            "Actual Total Time": 385.754,
                                            "Actual Rows": 58807,
                                            "Actual Loops": 1
                                        },
                                        {
                                            "Worker Number": 2,
                                            "Actual Startup Time": 326.336,
                                            "Actual Total Time": 385.76,
                                            "Actual Rows": 58992,
                                            "Actual Loops": 1
                                        }
                                    ],
                                    "Plans": [
                                        {
                                            "Node Type": "Bitmap Heap Scan",
                                            "Parent Relationship": "Outer",
                                            "Parallel Aware": true,
                                            "Relation Name": "movie_keyword",
                                            "Schema": "public",
                                            "Alias": "mk",
                                            "Startup Cost": 5494.74,
                                            "Total Cost": 30992.61,
                                            "Plan Rows": 83509,
                                            "Plan Width": 4,
                                            "Actual Startup Time": 17.492,
                                            "Actual Total Time": 55.108,
                                            "Actual Rows": 64123,
                                            "Actual Loops": 4,
                                            "Output": [
                                                "mk.id",
                                                "mk.movie_id",
                                                "mk.keyword_id"
                                            ],
                                            "Recheck Cond": "(mk.keyword_id > 59902)",
                                            "Rows Removed by Index Recheck": 0,
                                            "Exact Heap Blocks": 7130,
                                            "Lossy Heap Blocks": 0,
                                            "Workers": [
                                                {
                                                    "Worker Number": 0,
                                                    "Actual Startup Time": 17.6,
                                                    "Actual Total Time": 57.438,
                                                    "Actual Rows": 53425,
                                                    "Actual Loops": 1
                                                },
                                                {
                                                    "Worker Number": 1,
                                                    "Actual Startup Time": 17.496,
                                                    "Actual Total Time": 55.985,
                                                    "Actual Rows": 58807,
                                                    "Actual Loops": 1
                                                },
                                                {
                                                    "Worker Number": 2,
                                                    "Actual Startup Time": 17.514,
                                                    "Actual Total Time": 56.148,
                                                    "Actual Rows": 58992,
                                                    "Actual Loops": 1
                                                }
                                            ],
                                            "Plans": [
                                                {
                                                    "Node Type": "Bitmap Index Scan",
                                                    "Parent Relationship": "Outer",
                                                    "Parallel Aware": false,
                                                    "Index Name": "keyword_id_movie_keyword",
                                                    "Startup Cost": 0.0,
                                                    "Total Cost": 5430.02,
                                                    "Plan Rows": 258879,
                                                    "Plan Width": 0,
                                                    "Actual Startup Time": 14.288,
                                                    "Actual Total Time": 14.289,
                                                    "Actual Rows": 256492,
                                                    "Actual Loops": 1,
                                                    "Index Cond": "(mk.keyword_id > 59902)"
                                                }
                                            ]
                                        },
                                        {
                                            "Node Type": "Hash",
                                            "Parent Relationship": "Inner",
                                            "Parallel Aware": true,
                                            "Startup Cost": 42318.81,
                                            "Total Cost": 42318.81,
                                            "Plan Rows": 632080,
                                            "Plan Width": 4,
                                            "Actual Startup Time": 305.177,
                                            "Actual Total Time": 305.178,
                                            "Actual Rows": 632078,
                                            "Actual Loops": 4,
                                            "Output": [
                                                "t.id"
                                            ],
                                            "Hash Buckets": 4194304,
                                            "Original Hash Buckets": 4194304,
                                            "Hash Batches": 1,
                                            "Original Hash Batches": 1,
                                            "Peak Memory Usage": 131744,
                                            "Workers": [
                                                {
                                                    "Worker Number": 0,
                                                    "Actual Startup Time": 308.245,
                                                    "Actual Total Time": 308.246,
                                                    "Actual Rows": 564660,
                                                    "Actual Loops": 1
                                                },
                                                {
                                                    "Worker Number": 1,
                                                    "Actual Startup Time": 308.287,
                                                    "Actual Total Time": 308.288,
                                                    "Actual Rows": 609768,
                                                    "Actual Loops": 1
                                                },
                                                {
                                                    "Worker Number": 2,
                                                    "Actual Startup Time": 308.29,
                                                    "Actual Total Time": 308.291,
                                                    "Actual Rows": 609792,
                                                    "Actual Loops": 1
                                                }
                                            ],
                                            "Plans": [
                                                {
                                                    "Node Type": "Seq Scan",
                                                    "Parent Relationship": "Outer",
                                                    "Parallel Aware": true,
                                                    "Relation Name": "title",
                                                    "Schema": "public",
                                                    "Alias": "t",
                                                    "Startup Cost": 0.0,
                                                    "Total Cost": 42318.81,
                                                    "Plan Rows": 632080,
                                                    "Plan Width": 4,
                                                    "Actual Startup Time": 0.037,
                                                    "Actual Total Time": 87.315,
                                                    "Actual Rows": 632078,
                                                    "Actual Loops": 4,
                                                    "Output": [
                                                        "t.id"
                                                    ],
                                                    "Workers": [
                                                        {
                                                            "Worker Number": 0,
                                                            "Actual Startup Time": 0.04,
                                                            "Actual Total Time": 88.611,
                                                            "Actual Rows": 564660,
                                                            "Actual Loops": 1
                                                        },
                                                        {
                                                            "Worker Number": 1,
                                                            "Actual Startup Time": 0.052,
                                                            "Actual Total Time": 91.419,
                                                            "Actual Rows": 609768,
                                                            "Actual Loops": 1
                                                        },
                                                        {
                                                            "Worker Number": 2,
                                                            "Actual Startup Time": 0.044,
                                                            "Actual Total Time": 91.538,
                                                            "Actual Rows": 609792,
                                                            "Actual Loops": 1
                                                        }
                                                    ]
                                                }
                                            ]
                                        }
                                    ]
                                }
                            ]
                        }
                    ]
                }
            ]
        },
        "Planning Time": 195.67,
        "Triggers": [],
        "Execution Time": 430.992
    }
]