[
  {
    "Plan": {
      "Node Type": "Aggregate",
      "Strategy": "Plain",
      "Partial Mode": "Finalize",
      "Parallel Aware": false,
      "Startup Cost": 77054.42,
      "Total Cost": 77054.43,
      "Plan Rows": 1,
      "Plan Width": 8,
      "Actual Startup Time": 238.956,
      "Actual Total Time": 250.821,
      "Actual Rows": 1,
      "Actual Loops": 1,
      "Plans": [
        {
          "Node Type": "Gather",
          "Parent Relationship": "Outer",
          "Parallel Aware": false,
          "Startup Cost": 77054.1,
          "Total Cost": 77054.41,
          "Plan Rows": 3,
          "Plan Width": 8,
          "Actual Startup Time": 236.786,
          "Actual Total Time": 250.811,
          "Actual Rows": 4,
          "Actual Loops": 1,
          "Workers Planned": 3,
          "Workers Launched": 3,
          "Single Copy": false,
          "Plans": [
            {
              "Node Type": "Aggregate",
              "Strategy": "Plain",
              "Partial Mode": "Partial",
              "Parent Relationship": "Outer",
              "Parallel Aware": false,
              "Startup Cost": 76054.1,
              "Total Cost": 76054.11,
              "Plan Rows": 1,
              "Plan Width": 8,
              "Actual Startup Time": 229.294,
              "Actual Total Time": 229.302,
              "Actual Rows": 1,
              "Actual Loops": 4,
              "Plans": [
                {
                  "Node Type": "Hash Join",
                  "Parent Relationship": "Outer",
                  "Parallel Aware": true,
                  "Join Type": "Inner",
                  "Startup Cost": 50691.95,
                  "Total Cost": 76028.73,
                  "Plan Rows": 10151,
                  "Plan Width": 0,
                  "Actual Startup Time": 175.69,
                  "Actual Total Time": 227.705,
                  "Actual Rows": 26047,
                  "Actual Loops": 4,
                  "Inner Unique": true,
                  "Hash Cond": "(mk.movie_id = t.id)",
                  "Plans": [
                    {
                      "Node Type": "Bitmap Heap Scan",
                      "Parent Relationship": "Outer",
                      "Parallel Aware": true,
                      "Relation Name": "movie_keyword",
                      "Alias": "mk",
                      "Startup Cost": 3838.66,
                      "Total Cost": 29022.23,
                      "Plan Rows": 58365,
                      "Plan Width": 4,
                      "Actual Startup Time": 17.126,
                      "Actual Total Time": 55.581,
                      "Actual Rows": 43650,
                      "Actual Loops": 4,
                      "Recheck Cond": "(keyword_id > 71922)",
                      "Rows Removed by Index Recheck": 0,
                      "Exact Heap Blocks": 5783,
                      "Lossy Heap Blocks": 0,
                      "Plans": [
                        {
                          "Node Type": "Bitmap Index Scan",
                          "Parent Relationship": "Outer",
                          "Parallel Aware": false,
                          "Index Name": "keyword_id_movie_keyword",
                          "Startup Cost": 0.0,
                          "Total Cost": 3793.43,
                          "Plan Rows": 180933,
                          "Plan Width": 0,
                          "Actual Startup Time": 14.051,
                          "Actual Total Time": 14.052,
                          "Actual Rows": 174598,
                          "Actual Loops": 1,
                          "Index Cond": "(keyword_id > 71922)"
                        }
                      ]
                    },
                    {
                      "Node Type": "Hash",
                      "Parent Relationship": "Inner",
                      "Parallel Aware": true,
                      "Startup Cost": 45479.1,
                      "Total Cost": 45479.1,
                      "Plan Rows": 109935,
                      "Plan Width": 4,
                      "Actual Startup Time": 155.569,
                      "Actual Total Time": 155.57,
                      "Actual Rows": 134215,
                      "Actual Loops": 4,
                      "Hash Buckets": 1048576,
                      "Original Hash Buckets": 524288,
                      "Hash Batches": 1,
                      "Original Hash Batches": 1,
                      "Peak Memory Usage": 33376,
                      "Plans": [
                        {
                          "Node Type": "Seq Scan",
                          "Parent Relationship": "Outer",
                          "Parallel Aware": true,
                          "Relation Name": "title",
                          "Alias": "t",
                          "Startup Cost": 0.0,
                          "Total Cost": 45479.1,
                          "Plan Rows": 109935,
                          "Plan Width": 4,
                          "Actual Startup Time": 0.056,
                          "Actual Total Time": 100.752,
                          "Actual Rows": 134215,
                          "Actual Loops": 4,
                          "Filter": "((kind_id < 7) AND (production_year < 2002))",
                          "Rows Removed by Filter": 497863
                        }
                      ]
                    }
                  ]
                }
              ]
            }
          ]
        }
      ]
    },
    "Planning Time": 0.649,
    "Triggers": [],
    "Execution Time": 250.926
  }
]