{
  "Plan": {
    "Node Type": "Aggregate",
    "Strategy": "Plain",
    "Partial Mode": "Finalize",
    "Parallel Aware": false,
    "Startup Cost": 244336.75,
    "Total Cost": 244336.76,
    "Plan Rows": 1,
    "Plan Width": 8,
    "Actual Startup Time": 924.826,
    "Actual Total Time": 952.405,
    "Actual Rows": 1,
    "Actual Loops": 1,
    "Plans": [
      {
        "Node Type": "Gather",
        "Parent Relationship": "Outer",
        "Parallel Aware": false,
        "Startup Cost": 244336.64,
        "Total Cost": 244336.75,
        "Plan Rows": 1,
        "Plan Width": 8,
        "Actual Startup Time": 924.524,
        "Actual Total Time": 952.397,
        "Actual Rows": 2,
        "Actual Loops": 1,
        "Workers Planned": 1,
        "Workers Launched": 1,
        "Single Copy": false,
        "Plans": [
          {
            "Node Type": "Aggregate",
            "Strategy": "Plain",
            "Partial Mode": "Partial",
            "Parent Relationship": "Outer",
            "Parallel Aware": false,
            "Startup Cost": 243336.64,
            "Total Cost": 243336.65,
            "Plan Rows": 1,
            "Plan Width": 8,
            "Actual Startup Time": 918.506,
            "Actual Total Time": 918.51,
            "Actual Rows": 1,
            "Actual Loops": 2,
            "Plans": [
              {
                "Node Type": "Hash Join",
                "Parent Relationship": "Outer",
                "Parallel Aware": true,
                "Join Type": "Inner",
                "Startup Cost": 58367.37,
                "Total Cost": 243309.23,
                "Plan Rows": 10961,
                "Plan Width": 0,
                "Actual Startup Time": 163.845,
                "Actual Total Time": 918.272,
                "Actual Rows": 2700,
                "Actual Loops": 2,
                "Inner Unique": true,
                "Hash Cond": "(ci.movie_id = t.id)",
                "Plans": [
                  {
                    "Node Type": "Index Scan",
                    "Parent Relationship": "Outer",
                    "Parallel Aware": true,
                    "Scan Direction": "Forward",
                    "Index Name": "role_id_cast_info",
                    "Relation Name": "cast_info",
                    "Alias": "ci",
                    "Startup Cost": 0.56,
                    "Total Cost": 176077.74,
                    "Plan Rows": 3377019,
                    "Plan Width": 4,
                    "Actual Startup Time": 0.111,
                    "Actual Total Time": 460.892,
                    "Actual Rows": 2866347,
                    "Actual Loops": 2,
                    "Index Cond": "(role_id > 8)",
                    "Rows Removed by Index Recheck": 0
                  },
                  {
                    "Node Type": "Hash",
                    "Parent Relationship": "Inner",
                    "Parallel Aware": true,
                    "Startup Cost": 58306.47,
                    "Total Cost": 58306.47,
                    "Plan Rows": 4827,
                    "Plan Width": 4,
                    "Actual Startup Time": 159.68,
                    "Actual Total Time": 159.68,
                    "Actual Rows": 3872,
                    "Actual Loops": 2,
                    "Hash Buckets": 16384,
                    "Original Hash Buckets": 16384,
                    "Hash Batches": 1,
                    "Original Hash Batches": 1,
                    "Peak Memory Usage": 480,
                    "Plans": [
                      {
                        "Node Type": "Seq Scan",
                        "Parent Relationship": "Outer",
                        "Parallel Aware": true,
                        "Relation Name": "title",
                        "Alias": "t",
                        "Startup Cost": 0.0,
                        "Total Cost": 58306.47,
                        "Plan Rows": 4827,
                        "Plan Width": 4,
                        "Actual Startup Time": 0.127,
                        "Actual Total Time": 157.833,
                        "Actual Rows": 3872,
                        "Actual Loops": 2,
                        "Filter": "((kind_id > 1) AND (production_year = 1961))",
                        "Rows Removed by Filter": 1260284
                      }
                    ]
                  }
                ]
              }
            ]
          }
        ]
      }
    ]
  },
  "Planning Time": 0.525,
  "Triggers": [],
  "Execution Time": 952.485
}