[
  {
    "Plan": {
      "Node Type": "Aggregate",
      "Strategy": "Plain",
      "Partial Mode": "Finalize",
      "Parallel Aware": false,
      "Startup Cost": 416657.68,
      "Total Cost": 416657.69,
      "Plan Rows": 1,
      "Plan Width": 8,
      "Actual Startup Time": 1758.625,
      "Actual Total Time": 1798.053,
      "Actual Rows": 1,
      "Actual Loops": 1,
      "Plans": [
        {
          "Node Type": "Gather",
          "Parent Relationship": "Outer",
          "Parallel Aware": false,
          "Startup Cost": 416657.36,
          "Total Cost": 416657.67,
          "Plan Rows": 3,
          "Plan Width": 8,
          "Actual Startup Time": 1736.496,
          "Actual Total Time": 1798.044,
          "Actual Rows": 4,
          "Actual Loops": 1,
          "Workers Planned": 3,
          "Workers Launched": 3,
          "Single Copy": false,
          "Plans": [
            {
              "Node Type": "Aggregate",
              "Strategy": "Plain",
              "Partial Mode": "Partial",
              "Parent Relationship": "Outer",
              "Parallel Aware": false,
              "Startup Cost": 415657.36,
              "Total Cost": 415657.37,
              "Plan Rows": 1,
              "Plan Width": 8,
              "Actual Startup Time": 1723.782,
              "Actual Total Time": 1723.976,
              "Actual Rows": 1,
              "Actual Loops": 4,
              "Plans": [
                {
                  "Node Type": "Hash Join",
                  "Parent Relationship": "Outer",
                  "Parallel Aware": true,
                  "Join Type": "Inner",
                  "Startup Cost": 383741.88,
                  "Total Cost": 414725.72,
                  "Plan Rows": 372654,
                  "Plan Width": 0,
                  "Actual Startup Time": 1296.856,
                  "Actual Total Time": 1667.235,
                  "Actual Rows": 1296477,
                  "Actual Loops": 4,
                  "Inner Unique": false,
                  "Hash Cond": "(mc.movie_id = t.id)",
                  "Plans": [
                    {
                      "Node Type": "Seq Scan",
                      "Parent Relationship": "Outer",
                      "Parallel Aware": true,
                      "Relation Name": "movie_companies",
                      "Alias": "mc",
                      "Startup Cost": 0.0,
                      "Total Cost": 27206.55,
                      "Plan Rows": 841655,
                      "Plan Width": 4,
                      "Actual Startup Time": 0.012,
                      "Actual Total Time": 60.082,
                      "Actual Rows": 652282,
                      "Actual Loops": 4
                    },
                    {
                      "Node Type": "Hash",
                      "Parent Relationship": "Inner",
                      "Parallel Aware": true,
                      "Startup Cost": 381409.61,
                      "Total Cost": 381409.61,
                      "Plan Rows": 186582,
                      "Plan Width": 8,
                      "Actual Startup Time": 1288.978,
                      "Actual Total Time": 1289.17,
                      "Actual Rows": 595477,
                      "Actual Loops": 4,
                      "Hash Buckets": 4194304,
                      "Original Hash Buckets": 2097152,
                      "Hash Batches": 1,
                      "Original Hash Batches": 1,
                      "Peak Memory Usage": 142400,
                      "Plans": [
                        {
                          "Node Type": "Hash Join",
                          "Parent Relationship": "Outer",
                          "Parallel Aware": true,
                          "Join Type": "Inner",
                          "Startup Cost": 120244.83,
                          "Total Cost": 381409.61,
                          "Plan Rows": 186582,
                          "Plan Width": 8,
                          "Actual Startup Time": 477.025,
                          "Actual Total Time": 974.197,
                          "Actual Rows": 595477,
                          "Actual Loops": 4,
                          "Inner Unique": true,
                          "Hash Cond": "(ci.movie_id = t.id)",
                          "Plans": [
                            {
                              "Node Type": "Bitmap Heap Scan",
                              "Parent Relationship": "Outer",
                              "Parallel Aware": true,
                              "Relation Name": "cast_info",
                              "Alias": "ci",
                              "Startup Cost": 70024.45,
                              "Total Cost": 330699.45,
                              "Plan Rows": 186582,
                              "Plan Width": 4,
                              "Actual Startup Time": 120.162,
                              "Actual Total Time": 290.733,
                              "Actual Rows": 595477,
                              "Actual Loops": 4,
                              "Recheck Cond": "(person_id < 318638)",
                              "Rows Removed by Index Recheck": 0,
                              "Filter": "(role_id < 2)",
                              "Rows Removed by Filter": 231434,
                              "Exact Heap Blocks": 11877,
                              "Lossy Heap Blocks": 0,
                              "Plans": [
                                {
                                  "Node Type": "Bitmap Index Scan",
                                  "Parent Relationship": "Outer",
                                  "Parallel Aware": false,
                                  "Index Name": "person_id_cast_info",
                                  "Startup Cost": 0.0,
                                  "Total Cost": 69744.57,
                                  "Plan Rows": 3195201,
                                  "Plan Width": 0,
                                  "Actual Startup Time": 114.496,
                                  "Actual Total Time": 114.496,
                                  "Actual Rows": 3307644,
                                  "Actual Loops": 1,
                                  "Index Cond": "(person_id < 318638)"
                                }
                              ]
                            },
                            {
                              "Node Type": "Hash",
                              "Parent Relationship": "Inner",
                              "Parallel Aware": true,
                              "Startup Cost": 42319.06,
                              "Total Cost": 42319.06,
                              "Plan Rows": 632106,
                              "Plan Width": 4,
                              "Actual Startup Time": 349.807,
                              "Actual Total Time": 349.808,
                              "Actual Rows": 632078,
                              "Actual Loops": 4,
                              "Hash Buckets": 4194304,
                              "Original Hash Buckets": 4194304,
                              "Hash Batches": 1,
                              "Original Hash Batches": 1,
                              "Peak Memory Usage": 131744,
                              "Plans": [
                                {
                                  "Node Type": "Seq Scan",
                                  "Parent Relationship": "Outer",
                                  "Parallel Aware": true,
                                  "Relation Name": "title",
                                  "Alias": "t",
                                  "Startup Cost": 0.0,
                                  "Total Cost": 42319.06,
                                  "Plan Rows": 632106,
                                  "Plan Width": 4,
                                  "Actual Startup Time": 0.053,
                                  "Actual Total Time": 101.053,
                                  "Actual Rows": 632078,
                                  "Actual Loops": 4
                                }
                              ]
                            }
                          ]
                        }
                      ]
                    }
                  ]
                }
              ]
            }
          ]
        }
      ]
    },
    "Planning Time": 1.412,
    "Triggers": [],
    "Execution Time": 1798.204
  }
]