[
    {
        "Bao": {
            "Bao prediction": "NaN",
            "Bao recommended hint": "(no hint)"
        }
    },
    {
        "Plan": {
            "Node Type": "Aggregate",
            "Strategy": "Plain",
            "Partial Mode": "Finalize",
            "Parallel Aware": false,
            "Startup Cost": 397504.43,
            "Total Cost": 397504.44,
            "Plan Rows": 1,
            "Plan Width": 8,
            "Actual Startup Time": 1257.747,
            "Actual Total Time": 1296.786,
            "Actual Rows": 1,
            "Actual Loops": 1,
            "Output": [
                "count(*)"
            ],
            "Plans": [
                {
                    "Node Type": "Gather",
                    "Parent Relationship": "Outer",
                    "Parallel Aware": false,
                    "Startup Cost": 397503.81,
                    "Total Cost": 397504.42,
                    "Plan Rows": 6,
                    "Plan Width": 8,
                    "Actual Startup Time": 1239.305,
                    "Actual Total Time": 1296.773,
                    "Actual Rows": 7,
                    "Actual Loops": 1,
                    "Output": [
                        "(PARTIAL count(*))"
                    ],
                    "Workers Planned": 6,
                    "Workers Launched": 6,
                    "Single Copy": false,
                    "Plans": [
                        {
                            "Node Type": "Aggregate",
                            "Strategy": "Plain",
                            "Partial Mode": "Partial",
                            "Parent Relationship": "Outer",
                            "Parallel Aware": false,
                            "Startup Cost": 396503.81,
                            "Total Cost": 396503.82,
                            "Plan Rows": 1,
                            "Plan Width": 8,
                            "Actual Startup Time": 1219.809,
                            "Actual Total Time": 1219.812,
                            "Actual Rows": 1,
                            "Actual Loops": 7,
                            "Output": [
                                "PARTIAL count(*)"
                            ],
                            "Workers": [
                                {
                                    "Worker Number": 0,
                                    "Actual Startup Time": 1216.244,
                                    "Actual Total Time": 1216.247,
                                    "Actual Rows": 1,
                                    "Actual Loops": 1
                                },
                                {
                                    "Worker Number": 1,
                                    "Actual Startup Time": 1216.276,
                                    "Actual Total Time": 1216.278,
                                    "Actual Rows": 1,
                                    "Actual Loops": 1
                                },
                                {
                                    "Worker Number": 2,
                                    "Actual Startup Time": 1216.28,
                                    "Actual Total Time": 1216.283,
                                    "Actual Rows": 1,
                                    "Actual Loops": 1
                                },
                                {
                                    "Worker Number": 3,
                                    "Actual Startup Time": 1216.478,
                                    "Actual Total Time": 1216.481,
                                    "Actual Rows": 1,
                                    "Actual Loops": 1
                                },
                                {
                                    "Worker Number": 4,
                                    "Actual Startup Time": 1218.169,
                                    "Actual Total Time": 1218.172,
                                    "Actual Rows": 1,
                                    "Actual Loops": 1
                                },
                                {
                                    "Worker Number": 5,
                                    "Actual Startup Time": 1216.496,
                                    "Actual Total Time": 1216.499,
                                    "Actual Rows": 1,
                                    "Actual Loops": 1
                                }
                            ],
                            "Plans": [
                                {
                                    "Node Type": "Hash Join",
                                    "Parent Relationship": "Outer",
                                    "Parallel Aware": true,
                                    "Join Type": "Inner",
                                    "Startup Cost": 50219.81,
                                    "Total Cost": 395057.44,
                                    "Plan Rows": 578549,
                                    "Plan Width": 0,
                                    "Actual Startup Time": 573.432,
                                    "Actual Total Time": 1204.147,
                                    "Actual Rows": 217656,
                                    "Actual Loops": 7,
                                    "Inner Unique": true,
                                    "Hash Cond": "(ci.movie_id = t.id)",
                                    "Workers": [
                                        {
                                            "Worker Number": 0,
                                            "Actual Startup Time": 568.952,
                                            "Actual Total Time": 1200.624,
                                            "Actual Rows": 211746,
                                            "Actual Loops": 1
                                        },
                                        {
                                            "Worker Number": 1,
                                            "Actual Startup Time": 567.792,
                                            "Actual Total Time": 1200.605,
                                            "Actual Rows": 212727,
                                            "Actual Loops": 1
                                        },
                                        {
                                            "Worker Number": 2,
                                            "Actual Startup Time": 567.968,
                                            "Actual Total Time": 1200.485,
                                            "Actual Rows": 214986,
                                            "Actual Loops": 1
                                        },
                                        {
                                            "Worker Number": 3,
                                            "Actual Startup Time": 580.071,
                                            "Actual Total Time": 1200.73,
                                            "Actual Rows": 214078,
                                            "Actual Loops": 1
                                        },
                                        {
                                            "Worker Number": 4,
                                            "Actual Startup Time": 567.551,
                                            "Actual Total Time": 1202.275,
                                            "Actual Rows": 215396,
                                            "Actual Loops": 1
                                        },
                                        {
                                            "Worker Number": 5,
                                            "Actual Startup Time": 570.032,
                                            "Actual Total Time": 1200.753,
                                            "Actual Rows": 213495,
                                            "Actual Loops": 1
                                        }
                                    ],
                                    "Plans": [
                                        {
                                            "Node Type": "Seq Scan",
                                            "Parent Relationship": "Outer",
                                            "Parallel Aware": true,
                                            "Relation Name": "cast_info",
                                            "Schema": "public",
                                            "Alias": "ci",
                                            "Startup Cost": 0.0,
                                            "Total Cost": 343318.94,
                                            "Plan Rows": 578549,
                                            "Plan Width": 4,
                                            "Actual Startup Time": 285.352,
                                            "Actual Total Time": 782.047,
                                            "Actual Rows": 217656,
                                            "Actual Loops": 7,
                                            "Output": [
                                                "ci.id",
                                                "ci.person_id",
                                                "ci.movie_id",
                                                "ci.person_role_id",
                                                "ci.note",
                                                "ci.nr_order",
                                                "ci.role_id"
                                            ],
                                            "Filter": "((ci.person_id < 530256) AND (ci.role_id > 1))",
                                            "Rows Removed by Filter": 4960107,
                                            "Workers": [
                                                {
                                                    "Worker Number": 0,
                                                    "Actual Startup Time": 284.158,
                                                    "Actual Total Time": 782.656,
                                                    "Actual Rows": 211746,
                                                    "Actual Loops": 1
                                                },
                                                {
                                                    "Worker Number": 1,
                                                    "Actual Startup Time": 282.971,
                                                    "Actual Total Time": 783.792,
                                                    "Actual Rows": 212727,
                                                    "Actual Loops": 1
                                                },
                                                {
                                                    "Worker Number": 2,
                                                    "Actual Startup Time": 283.148,
                                                    "Actual Total Time": 783.44,
                                                    "Actual Rows": 214986,
                                                    "Actual Loops": 1
                                                },
                                                {
                                                    "Worker Number": 3,
                                                    "Actual Startup Time": 295.049,
                                                    "Actual Total Time": 784.837,
                                                    "Actual Rows": 214078,
                                                    "Actual Loops": 1
                                                },
                                                {
                                                    "Worker Number": 4,
                                                    "Actual Startup Time": 282.721,
                                                    "Actual Total Time": 784.695,
                                                    "Actual Rows": 215396,
                                                    "Actual Loops": 1
                                                },
                                                {
                                                    "Worker Number": 5,
                                                    "Actual Startup Time": 285.0,
                                                    "Actual Total Time": 784.296,
                                                    "Actual Rows": 213495,
                                                    "Actual Loops": 1
                                                }
                                            ]
                                        },
                                        {
                                            "Node Type": "Hash",
                                            "Parent Relationship": "Inner",
                                            "Parallel Aware": true,
                                            "Startup Cost": 42318.81,
                                            "Total Cost": 42318.81,
                                            "Plan Rows": 632080,
                                            "Plan Width": 4,
                                            "Actual Startup Time": 281.31,
                                            "Actual Total Time": 281.311,
                                            "Actual Rows": 361187,
                                            "Actual Loops": 7,
                                            "Output": [
                                                "t.id"
                                            ],
                                            "Hash Buckets": 4194304,
                                            "Original Hash Buckets": 4194304,
                                            "Hash Batches": 1,
                                            "Original Hash Batches": 1,
                                            "Peak Memory Usage": 131840,
                                            "Workers": [
                                                {
                                                    "Worker Number": 0,
                                                    "Actual Startup Time": 283.953,
                                                    "Actual Total Time": 283.954,
                                                    "Actual Rows": 345447,
                                                    "Actual Loops": 1
                                                },
                                                {
                                                    "Worker Number": 1,
                                                    "Actual Startup Time": 283.997,
                                                    "Actual Total Time": 283.998,
                                                    "Actual Rows": 349616,
                                                    "Actual Loops": 1
                                                },
                                                {
                                                    "Worker Number": 2,
                                                    "Actual Startup Time": 284.009,
                                                    "Actual Total Time": 284.01,
                                                    "Actual Rows": 346387,
                                                    "Actual Loops": 1
                                                },
                                                {
                                                    "Worker Number": 3,
                                                    "Actual Startup Time": 284.072,
                                                    "Actual Total Time": 284.073,
                                                    "Actual Rows": 341207,
                                                    "Actual Loops": 1
                                                },
                                                {
                                                    "Worker Number": 4,
                                                    "Actual Startup Time": 283.995,
                                                    "Actual Total Time": 283.996,
                                                    "Actual Rows": 352852,
                                                    "Actual Loops": 1
                                                },
                                                {
                                                    "Worker Number": 5,
                                                    "Actual Startup Time": 284.249,
                                                    "Actual Total Time": 284.25,
                                                    "Actual Rows": 349406,
                                                    "Actual Loops": 1
                                                }
                                            ],
                                            "Plans": [
                                                {
                                                    "Node Type": "Seq Scan",
                                                    "Parent Relationship": "Outer",
                                                    "Parallel Aware": true,
                                                    "Relation Name": "title",
                                                    "Schema": "public",
                                                    "Alias": "t",
                                                    "Startup Cost": 0.0,
                                                    "Total Cost": 42318.81,
                                                    "Plan Rows": 632080,
                                                    "Plan Width": 4,
                                                    "Actual Startup Time": 0.042,
                                                    "Actual Total Time": 84.473,
                                                    "Actual Rows": 361187,
                                                    "Actual Loops": 7,
                                                    "Output": [
                                                        "t.id"
                                                    ],
                                                    "Workers": [
                                                        {
                                                            "Worker Number": 0,
                                                            "Actual Startup Time": 0.045,
                                                            "Actual Total Time": 87.894,
                                                            "Actual Rows": 345447,
                                                            "Actual Loops": 1
                                                        },
                                                        {
                                                            "Worker Number": 1,
                                                            "Actual Startup Time": 0.044,
                                                            "Actual Total Time": 87.158,
                                                            "Actual Rows": 349616,
                                                            "Actual Loops": 1
                                                        },
                                                        {
                                                            "Worker Number": 2,
                                                            "Actual Startup Time": 0.057,
                                                            "Actual Total Time": 87.29,
                                                            "Actual Rows": 346387,
                                                            "Actual Loops": 1
                                                        },
                                                        {
                                                            "Worker Number": 3,
                                                            "Actual Startup Time": 0.07,
                                                            "Actual Total Time": 87.172,
                                                            "Actual Rows": 341207,
                                                            "Actual Loops": 1
                                                        },
                                                        {
                                                            "Worker Number": 4,
                                                            "Actual Startup Time": 0.025,
                                                            "Actual Total Time": 87.502,
                                                            "Actual Rows": 352852,
                                                            "Actual Loops": 1
                                                        },
                                                        {
                                                            "Worker Number": 5,
                                                            "Actual Startup Time": 0.042,
                                                            "Actual Total Time": 87.386,
                                                            "Actual Rows": 349406,
                                                            "Actual Loops": 1
                                                        }
                                                    ]
                                                }
                                            ]
                                        }
                                    ]
                                }
                            ]
                        }
                    ]
                }
            ]
        },
        "Planning Time": 302.193,
        "Triggers": [],
        "Execution Time": 1296.885
    }
]