[
  {
    "Plan": {
      "Node Type": "Aggregate",
      "Strategy": "Plain",
      "Partial Mode": "Finalize",
      "Parallel Aware": false,
      "Startup Cost": 239070.54,
      "Total Cost": 239070.55,
      "Plan Rows": 1,
      "Plan Width": 8,
      "Actual Startup Time": 265.139,
      "Actual Total Time": 277.56,
      "Actual Rows": 1,
      "Actual Loops": 1,
      "Plans": [
        {
          "Node Type": "Gather",
          "Parent Relationship": "Outer",
          "Parallel Aware": false,
          "Startup Cost": 239070.02,
          "Total Cost": 239070.53,
          "Plan Rows": 5,
          "Plan Width": 8,
          "Actual Startup Time": 261.844,
          "Actual Total Time": 277.549,
          "Actual Rows": 6,
          "Actual Loops": 1,
          "Workers Planned": 5,
          "Workers Launched": 5,
          "Single Copy": false,
          "Plans": [
            {
              "Node Type": "Aggregate",
              "Strategy": "Plain",
              "Partial Mode": "Partial",
              "Parent Relationship": "Outer",
              "Parallel Aware": false,
              "Startup Cost": 238070.02,
              "Total Cost": 238070.03,
              "Plan Rows": 1,
              "Plan Width": 8,
              "Actual Startup Time": 253.405,
              "Actual Total Time": 253.41,
              "Actual Rows": 1,
              "Actual Loops": 6,
              "Plans": [
                {
                  "Node Type": "Hash Join",
                  "Parent Relationship": "Outer",
                  "Parallel Aware": true,
                  "Join Type": "Inner",
                  "Startup Cost": 71764.48,
                  "Total Cost": 237972.98,
                  "Plan Rows": 38816,
                  "Plan Width": 0,
                  "Actual Startup Time": 169.255,
                  "Actual Total Time": 252.007,
                  "Actual Rows": 24416,
                  "Actual Loops": 6,
                  "Inner Unique": true,
                  "Hash Cond": "(mi.movie_id = t.id)",
                  "Plans": [
                    {
                      "Node Type": "Bitmap Heap Scan",
                      "Parent Relationship": "Outer",
                      "Parallel Aware": true,
                      "Relation Name": "movie_info",
                      "Alias": "mi",
                      "Startup Cost": 25184.48,
                      "Total Cost": 190661.36,
                      "Plan Rows": 278711,
                      "Plan Width": 4,
                      "Actual Startup Time": 66.839,
                      "Actual Total Time": 107.748,
                      "Actual Rows": 233650,
                      "Actual Loops": 6,
                      "Recheck Cond": "(info_type_id = 7)",
                      "Rows Removed by Index Recheck": 0,
                      "Exact Heap Blocks": 2385,
                      "Lossy Heap Blocks": 0,
                      "Plans": [
                        {
                          "Node Type": "Bitmap Index Scan",
                          "Parent Relationship": "Outer",
                          "Parallel Aware": false,
                          "Index Name": "info_type_id_movie_info",
                          "Startup Cost": 0.0,
                          "Total Cost": 24836.09,
                          "Plan Rows": 1393554,
                          "Plan Width": 0,
                          "Actual Startup Time": 65.059,
                          "Actual Total Time": 65.059,
                          "Actual Rows": 1401902,
                          "Actual Loops": 1,
                          "Index Cond": "(info_type_id = 7)"
                        }
                      ]
                    },
                    {
                      "Node Type": "Hash",
                      "Parent Relationship": "Inner",
                      "Parallel Aware": true,
                      "Startup Cost": 45479.59,
                      "Total Cost": 45479.59,
                      "Plan Rows": 88033,
                      "Plan Width": 4,
                      "Actual Startup Time": 100.682,
                      "Actual Total Time": 100.683,
                      "Actual Rows": 50348,
                      "Actual Loops": 6,
                      "Hash Buckets": 524288,
                      "Original Hash Buckets": 524288,
                      "Hash Batches": 1,
                      "Original Hash Batches": 1,
                      "Peak Memory Usage": 16000,
                      "Plans": [
                        {
                          "Node Type": "Seq Scan",
                          "Parent Relationship": "Outer",
                          "Parallel Aware": true,
                          "Relation Name": "title",
                          "Alias": "t",
                          "Startup Cost": 0.0,
                          "Total Cost": 45479.59,
                          "Plan Rows": 88033,
                          "Plan Width": 4,
                          "Actual Startup Time": 0.046,
                          "Actual Total Time": 79.64,
                          "Actual Rows": 50348,
                          "Actual Loops": 6,
                          "Filter": "((kind_id < 7) AND (production_year > 2006))",
                          "Rows Removed by Filter": 371037
                        }
                      ]
                    }
                  ]
                }
              ]
            }
          ]
        }
      ]
    },
    "Planning Time": 0.318,
    "Triggers": [],
    "Execution Time": 277.616
  }
]