{
  "Plan": {
    "Node Type": "Aggregate",
    "Strategy": "Plain",
    "Partial Mode": "Finalize",
    "Parallel Aware": false,
    "Startup Cost": 178529.16,
    "Total Cost": 178529.17,
    "Plan Rows": 1,
    "Plan Width": 8,
    "Actual Startup Time": 1042.318,
    "Actual Total Time": 1110.823,
    "Actual Rows": 1,
    "Actual Loops": 1,
    "Plans": [
      {
        "Node Type": "Gather",
        "Parent Relationship": "Outer",
        "Parallel Aware": false,
        "Startup Cost": 178529.05,
        "Total Cost": 178529.16,
        "Plan Rows": 1,
        "Plan Width": 8,
        "Actual Startup Time": 1042.101,
        "Actual Total Time": 1110.816,
        "Actual Rows": 2,
        "Actual Loops": 1,
        "Workers Planned": 1,
        "Workers Launched": 1,
        "Single Copy": false,
        "Plans": [
          {
            "Node Type": "Aggregate",
            "Strategy": "Plain",
            "Partial Mode": "Partial",
            "Parent Relationship": "Outer",
            "Parallel Aware": false,
            "Startup Cost": 177529.05,
            "Total Cost": 177529.06,
            "Plan Rows": 1,
            "Plan Width": 8,
            "Actual Startup Time": 1035.863,
            "Actual Total Time": 1035.866,
            "Actual Rows": 1,
            "Actual Loops": 2,
            "Plans": [
              {
                "Node Type": "Nested Loop",
                "Parent Relationship": "Outer",
                "Parallel Aware": false,
                "Join Type": "Inner",
                "Startup Cost": 58707.83,
                "Total Cost": 177271.92,
                "Plan Rows": 102851,
                "Plan Width": 0,
                "Actual Startup Time": 147.059,
                "Actual Total Time": 1009.979,
                "Actual Rows": 577506,
                "Actual Loops": 2,
                "Inner Unique": false,
                "Join Filter": "(t.id = ci.movie_id)",
                "Rows Removed by Join Filter": 0,
                "Plans": [
                  {
                    "Node Type": "Hash Join",
                    "Parent Relationship": "Outer",
                    "Parallel Aware": true,
                    "Join Type": "Inner",
                    "Startup Cost": 58707.27,
                    "Total Cost": 119470.13,
                    "Plan Rows": 25006,
                    "Plan Width": 8,
                    "Actual Startup Time": 146.97,
                    "Actual Total Time": 387.345,
                    "Actual Rows": 15503,
                    "Actual Loops": 2,
                    "Inner Unique": true,
                    "Hash Cond": "(mk.movie_id = t.id)",
                    "Plans": [
                      {
                        "Node Type": "Seq Scan",
                        "Parent Relationship": "Outer",
                        "Parallel Aware": true,
                        "Relation Name": "movie_keyword",
                        "Alias": "mk",
                        "Startup Cost": 0.0,
                        "Total Cost": 57718.19,
                        "Plan Rows": 1159873,
                        "Plan Width": 4,
                        "Actual Startup Time": 0.571,
                        "Actual Total Time": 167.71,
                        "Actual Rows": 987728,
                        "Actual Loops": 2,
                        "Filter": "(keyword_id > 6418)",
                        "Rows Removed by Filter": 1274236
                      },
                      {
                        "Node Type": "Hash",
                        "Parent Relationship": "Inner",
                        "Parallel Aware": true,
                        "Startup Cost": 58306.47,
                        "Total Cost": 58306.47,
                        "Plan Rows": 32064,
                        "Plan Width": 4,
                        "Actual Startup Time": 144.979,
                        "Actual Total Time": 144.98,
                        "Actual Rows": 24171,
                        "Actual Loops": 2,
                        "Hash Buckets": 65536,
                        "Original Hash Buckets": 65536,
                        "Hash Batches": 1,
                        "Original Hash Batches": 1,
                        "Peak Memory Usage": 2432,
                        "Plans": [
                          {
                            "Node Type": "Seq Scan",
                            "Parent Relationship": "Outer",
                            "Parallel Aware": true,
                            "Relation Name": "title",
                            "Alias": "t",
                            "Startup Cost": 0.0,
                            "Total Cost": 58306.47,
                            "Plan Rows": 32064,
                            "Plan Width": 4,
                            "Actual Startup Time": 0.094,
                            "Actual Total Time": 138.761,
                            "Actual Rows": 24171,
                            "Actual Loops": 2,
                            "Filter": "((kind_id < 4) AND (production_year = 2012))",
                            "Rows Removed by Filter": 1239985
                          }
                        ]
                      }
                    ]
                  },
                  {
                    "Node Type": "Index Scan",
                    "Parent Relationship": "Inner",
                    "Parallel Aware": false,
                    "Scan Direction": "Forward",
                    "Index Name": "movie_id_cast_info",
                    "Relation Name": "cast_info",
                    "Alias": "ci",
                    "Startup Cost": 0.56,
                    "Total Cost": 2.17,
                    "Plan Rows": 11,
                    "Plan Width": 4,
                    "Actual Startup Time": 0.019,
                    "Actual Total Time": 0.037,
                    "Actual Rows": 37,
                    "Actual Loops": 31006,
                    "Index Cond": "(movie_id = mk.movie_id)",
                    "Rows Removed by Index Recheck": 0,
                    "Filter": "((person_id > 1306710) AND (role_id > 2))",
                    "Rows Removed by Filter": 45
                  }
                ]
              }
            ]
          }
        ]
      }
    ]
  },
  "Planning Time": 1.034,
  "Triggers": [],
  "Execution Time": 1110.93
}