{
  "Plan": {
    "Node Type": "Aggregate",
    "Strategy": "Plain",
    "Partial Mode": "Finalize",
    "Parallel Aware": false,
    "Startup Cost": 168495.47,
    "Total Cost": 168495.48,
    "Plan Rows": 1,
    "Plan Width": 8,
    "Actual Startup Time": 732.743,
    "Actual Total Time": 794.381,
    "Actual Rows": 1,
    "Actual Loops": 1,
    "Plans": [
      {
        "Node Type": "Gather",
        "Parent Relationship": "Outer",
        "Parallel Aware": false,
        "Startup Cost": 168495.36,
        "Total Cost": 168495.47,
        "Plan Rows": 1,
        "Plan Width": 8,
        "Actual Startup Time": 731.993,
        "Actual Total Time": 794.37,
        "Actual Rows": 2,
        "Actual Loops": 1,
        "Workers Planned": 1,
        "Workers Launched": 1,
        "Single Copy": false,
        "Plans": [
          {
            "Node Type": "Aggregate",
            "Strategy": "Plain",
            "Partial Mode": "Partial",
            "Parent Relationship": "Outer",
            "Parallel Aware": false,
            "Startup Cost": 167495.36,
            "Total Cost": 167495.37,
            "Plan Rows": 1,
            "Plan Width": 8,
            "Actual Startup Time": 725.674,
            "Actual Total Time": 725.679,
            "Actual Rows": 1,
            "Actual Loops": 2,
            "Plans": [
              {
                "Node Type": "Nested Loop",
                "Parent Relationship": "Outer",
                "Parallel Aware": false,
                "Join Type": "Inner",
                "Startup Cost": 24750.26,
                "Total Cost": 167383.9,
                "Plan Rows": 44582,
                "Plan Width": 0,
                "Actual Startup Time": 86.487,
                "Actual Total Time": 720.373,
                "Actual Rows": 77656,
                "Actual Loops": 2,
                "Inner Unique": false,
                "Plans": [
                  {
                    "Node Type": "Hash Join",
                    "Parent Relationship": "Outer",
                    "Parallel Aware": true,
                    "Join Type": "Inner",
                    "Startup Cost": 24749.82,
                    "Total Cost": 83205.49,
                    "Plan Rows": 37795,
                    "Plan Width": 8,
                    "Actual Startup Time": 86.392,
                    "Actual Total Time": 341.209,
                    "Actual Rows": 19220,
                    "Actual Loops": 2,
                    "Inner Unique": false,
                    "Hash Cond": "(t.id = mc.movie_id)",
                    "Plans": [
                      {
                        "Node Type": "Seq Scan",
                        "Parent Relationship": "Outer",
                        "Parallel Aware": true,
                        "Relation Name": "title",
                        "Alias": "t",
                        "Startup Cost": 0.0,
                        "Total Cost": 54588.39,
                        "Plan Rows": 583193,
                        "Plan Width": 4,
                        "Actual Startup Time": 0.013,
                        "Actual Total Time": 149.015,
                        "Actual Rows": 492524,
                        "Actual Loops": 2,
                        "Filter": "(kind_id < 7)",
                        "Rows Removed by Filter": 771632
                      },
                      {
                        "Node Type": "Hash",
                        "Parent Relationship": "Inner",
                        "Parallel Aware": true,
                        "Startup Cost": 23545.05,
                        "Total Cost": 23545.05,
                        "Plan Rows": 96382,
                        "Plan Width": 4,
                        "Actual Startup Time": 82.911,
                        "Actual Total Time": 82.913,
                        "Actual Rows": 83854,
                        "Actual Loops": 2,
                        "Hash Buckets": 262144,
                        "Original Hash Buckets": 262144,
                        "Hash Batches": 1,
                        "Original Hash Batches": 1,
                        "Peak Memory Usage": 8640,
                        "Plans": [
                          {
                            "Node Type": "Bitmap Heap Scan",
                            "Parent Relationship": "Outer",
                            "Parallel Aware": true,
                            "Relation Name": "movie_companies",
                            "Alias": "mc",
                            "Startup Cost": 3550.27,
                            "Total Cost": 23545.05,
                            "Plan Rows": 96382,
                            "Plan Width": 4,
                            "Actual Startup Time": 18.504,
                            "Actual Total Time": 59.186,
                            "Actual Rows": 83854,
                            "Actual Loops": 2,
                            "Recheck Cond": "(company_id < 34)",
                            "Rows Removed by Index Recheck": 0,
                            "Exact Heap Blocks": 8929,
                            "Lossy Heap Blocks": 0,
                            "Plans": [
                              {
                                "Node Type": "Bitmap Index Scan",
                                "Parent Relationship": "Outer",
                                "Parallel Aware": false,
                                "Index Name": "company_id_movie_companies",
                                "Startup Cost": 0.0,
                                "Total Cost": 3509.3,
                                "Plan Rows": 163850,
                                "Plan Width": 0,
                                "Actual Startup Time": 17.474,
                                "Actual Total Time": 17.475,
                                "Actual Rows": 167708,
                                "Actual Loops": 1,
                                "Index Cond": "(company_id < 34)"
                              }
                            ]
                          }
                        ]
                      }
                    ]
                  },
                  {
                    "Node Type": "Index Scan",
                    "Parent Relationship": "Inner",
                    "Parallel Aware": false,
                    "Scan Direction": "Forward",
                    "Index Name": "movie_id_movie_info",
                    "Relation Name": "movie_info",
                    "Alias": "mi",
                    "Startup Cost": 0.43,
                    "Total Cost": 2.15,
                    "Plan Rows": 8,
                    "Plan Width": 4,
                    "Actual Startup Time": 0.01,
                    "Actual Total Time": 0.019,
                    "Actual Rows": 4,
                    "Actual Loops": 38441,
                    "Index Cond": "(movie_id = t.id)",
                    "Rows Removed by Index Recheck": 0,
                    "Filter": "(info_type_id = 16)",
                    "Rows Removed by Filter": 29
                  }
                ]
              }
            ]
          }
        ]
      }
    ]
  },
  "Planning Time": 1.063,
  "Triggers": [],
  "Execution Time": 794.506
}