[
  {
    "Plan": {
      "Node Type": "Aggregate",
      "Strategy": "Plain",
      "Partial Mode": "Finalize",
      "Parallel Aware": false,
      "Startup Cost": 94620.87,
      "Total Cost": 94620.88,
      "Plan Rows": 1,
      "Plan Width": 8,
      "Actual Startup Time": 389.077,
      "Actual Total Time": 403.996,
      "Actual Rows": 1,
      "Actual Loops": 1,
      "Plans": [
        {
          "Node Type": "Gather",
          "Parent Relationship": "Outer",
          "Parallel Aware": false,
          "Startup Cost": 94620.56,
          "Total Cost": 94620.87,
          "Plan Rows": 3,
          "Plan Width": 8,
          "Actual Startup Time": 385.699,
          "Actual Total Time": 403.987,
          "Actual Rows": 4,
          "Actual Loops": 1,
          "Workers Planned": 3,
          "Workers Launched": 3,
          "Single Copy": false,
          "Plans": [
            {
              "Node Type": "Aggregate",
              "Strategy": "Plain",
              "Partial Mode": "Partial",
              "Parent Relationship": "Outer",
              "Parallel Aware": false,
              "Startup Cost": 93620.56,
              "Total Cost": 93620.57,
              "Plan Rows": 1,
              "Plan Width": 8,
              "Actual Startup Time": 372.87,
              "Actual Total Time": 372.873,
              "Actual Rows": 1,
              "Actual Loops": 4,
              "Plans": [
                {
                  "Node Type": "Hash Join",
                  "Parent Relationship": "Outer",
                  "Parallel Aware": true,
                  "Join Type": "Inner",
                  "Startup Cost": 48930.0,
                  "Total Cost": 93034.51,
                  "Plan Rows": 234419,
                  "Plan Width": 0,
                  "Actual Startup Time": 213.62,
                  "Actual Total Time": 369.779,
                  "Actual Rows": 71714,
                  "Actual Loops": 4,
                  "Inner Unique": true,
                  "Hash Cond": "(mk.movie_id = t.id)",
                  "Plans": [
                    {
                      "Node Type": "Seq Scan",
                      "Parent Relationship": "Outer",
                      "Parallel Aware": true,
                      "Relation Name": "movie_keyword",
                      "Alias": "mk",
                      "Startup Cost": 0.0,
                      "Total Cost": 42695.65,
                      "Plan Rows": 536707,
                      "Plan Width": 4,
                      "Actual Startup Time": 0.025,
                      "Actual Total Time": 95.875,
                      "Actual Rows": 420418,
                      "Actual Loops": 4,
                      "Filter": "(keyword_id < 2603)",
                      "Rows Removed by Filter": 710565
                    },
                    {
                      "Node Type": "Hash",
                      "Parent Relationship": "Inner",
                      "Parallel Aware": true,
                      "Startup Cost": 45479.1,
                      "Total Cost": 45479.1,
                      "Plan Rows": 276072,
                      "Plan Width": 4,
                      "Actual Startup Time": 205.495,
                      "Actual Total Time": 205.496,
                      "Actual Rows": 262713,
                      "Actual Loops": 4,
                      "Hash Buckets": 2097152,
                      "Original Hash Buckets": 2097152,
                      "Hash Batches": 1,
                      "Original Hash Batches": 1,
                      "Peak Memory Usage": 57536,
                      "Plans": [
                        {
                          "Node Type": "Seq Scan",
                          "Parent Relationship": "Outer",
                          "Parallel Aware": true,
                          "Relation Name": "title",
                          "Alias": "t",
                          "Startup Cost": 0.0,
                          "Total Cost": 45479.1,
                          "Plan Rows": 276072,
                          "Plan Width": 4,
                          "Actual Startup Time": 0.042,
                          "Actual Total Time": 102.61,
                          "Actual Rows": 262713,
                          "Actual Loops": 4,
                          "Filter": "((kind_id > 3) AND (production_year < 2008))",
                          "Rows Removed by Filter": 369365
                        }
                      ]
                    }
                  ]
                }
              ]
            }
          ]
        }
      ]
    },
    "Planning Time": 0.634,
    "Triggers": [],
    "Execution Time": 404.061
  }
]