[
  {
    "Plan": {
      "Node Type": "Aggregate",
      "Strategy": "Plain",
      "Partial Mode": "Finalize",
      "Parallel Aware": false,
      "Startup Cost": 81759.86,
      "Total Cost": 81759.87,
      "Plan Rows": 1,
      "Plan Width": 8,
      "Actual Startup Time": 548.348,
      "Actual Total Time": 564.51,
      "Actual Rows": 1,
      "Actual Loops": 1,
      "Plans": [
        {
          "Node Type": "Gather",
          "Parent Relationship": "Outer",
          "Parallel Aware": false,
          "Startup Cost": 81759.55,
          "Total Cost": 81759.86,
          "Plan Rows": 3,
          "Plan Width": 8,
          "Actual Startup Time": 537.773,
          "Actual Total Time": 564.495,
          "Actual Rows": 4,
          "Actual Loops": 1,
          "Workers Planned": 3,
          "Workers Launched": 3,
          "Single Copy": false,
          "Plans": [
            {
              "Node Type": "Aggregate",
              "Strategy": "Plain",
              "Partial Mode": "Partial",
              "Parent Relationship": "Outer",
              "Parallel Aware": false,
              "Startup Cost": 80759.55,
              "Total Cost": 80759.56,
              "Plan Rows": 1,
              "Plan Width": 8,
              "Actual Startup Time": 524.838,
              "Actual Total Time": 524.842,
              "Actual Rows": 1,
              "Actual Loops": 4,
              "Plans": [
                {
                  "Node Type": "Hash Join",
                  "Parent Relationship": "Outer",
                  "Parallel Aware": true,
                  "Join Type": "Inner",
                  "Startup Cost": 50110.45,
                  "Total Cost": 79526.34,
                  "Plan Rows": 493283,
                  "Plan Width": 0,
                  "Actual Startup Time": 276.27,
                  "Actual Total Time": 513.739,
                  "Actual Rows": 261586,
                  "Actual Loops": 4,
                  "Inner Unique": true,
                  "Hash Cond": "(mc.movie_id = t.id)",
                  "Plans": [
                    {
                      "Node Type": "Seq Scan",
                      "Parent Relationship": "Outer",
                      "Parallel Aware": true,
                      "Relation Name": "movie_companies",
                      "Alias": "mc",
                      "Startup Cost": 0.0,
                      "Total Cost": 27206.55,
                      "Plan Rows": 841655,
                      "Plan Width": 4,
                      "Actual Startup Time": 0.01,
                      "Actual Total Time": 57.348,
                      "Actual Rows": 652282,
                      "Actual Loops": 4
                    },
                    {
                      "Node Type": "Hash",
                      "Parent Relationship": "Inner",
                      "Parallel Aware": true,
                      "Startup Cost": 45479.59,
                      "Total Cost": 45479.59,
                      "Plan Rows": 370469,
                      "Plan Width": 4,
                      "Actual Startup Time": 268.021,
                      "Actual Total Time": 268.022,
                      "Actual Rows": 397823,
                      "Actual Loops": 4,
                      "Hash Buckets": 2097152,
                      "Original Hash Buckets": 2097152,
                      "Hash Batches": 1,
                      "Original Hash Batches": 1,
                      "Peak Memory Usage": 78688,
                      "Plans": [
                        {
                          "Node Type": "Seq Scan",
                          "Parent Relationship": "Outer",
                          "Parallel Aware": true,
                          "Relation Name": "title",
                          "Alias": "t",
                          "Startup Cost": 0.0,
                          "Total Cost": 45479.59,
                          "Plan Rows": 370469,
                          "Plan Width": 4,
                          "Actual Startup Time": 0.047,
                          "Actual Total Time": 113.602,
                          "Actual Rows": 397823,
                          "Actual Loops": 4,
                          "Filter": "((kind_id > 1) AND (production_year > 1976))",
                          "Rows Removed by Filter": 234255
                        }
                      ]
                    }
                  ]
                }
              ]
            }
          ]
        }
      ]
    },
    "Planning Time": 0.739,
    "Triggers": [],
    "Execution Time": 564.593
  }
]