{
  "Plan": {
    "Node Type": "Aggregate",
    "Strategy": "Plain",
    "Partial Mode": "Finalize",
    "Parallel Aware": false,
    "Startup Cost": 85851.9,
    "Total Cost": 85851.91,
    "Plan Rows": 1,
    "Plan Width": 8,
    "Actual Startup Time": 330.53,
    "Actual Total Time": 342.78,
    "Actual Rows": 1,
    "Actual Loops": 1,
    "Plans": [
      {
        "Node Type": "Gather",
        "Parent Relationship": "Outer",
        "Parallel Aware": false,
        "Startup Cost": 85851.78,
        "Total Cost": 85851.89,
        "Plan Rows": 1,
        "Plan Width": 8,
        "Actual Startup Time": 329.887,
        "Actual Total Time": 342.773,
        "Actual Rows": 2,
        "Actual Loops": 1,
        "Workers Planned": 1,
        "Workers Launched": 1,
        "Single Copy": false,
        "Plans": [
          {
            "Node Type": "Aggregate",
            "Strategy": "Plain",
            "Partial Mode": "Partial",
            "Parent Relationship": "Outer",
            "Parallel Aware": false,
            "Startup Cost": 84851.78,
            "Total Cost": 84851.79,
            "Plan Rows": 1,
            "Plan Width": 8,
            "Actual Startup Time": 326.877,
            "Actual Total Time": 326.88,
            "Actual Rows": 1,
            "Actual Loops": 2,
            "Plans": [
              {
                "Node Type": "Hash Join",
                "Parent Relationship": "Outer",
                "Parallel Aware": true,
                "Join Type": "Inner",
                "Startup Cost": 23982.7,
                "Total Cost": 84641.94,
                "Plan Rows": 83936,
                "Plan Width": 0,
                "Actual Startup Time": 224.855,
                "Actual Total Time": 324.008,
                "Actual Rows": 69728,
                "Actual Loops": 2,
                "Inner Unique": false,
                "Hash Cond": "(t.id = mc.movie_id)",
                "Plans": [
                  {
                    "Node Type": "Seq Scan",
                    "Parent Relationship": "Outer",
                    "Parallel Aware": true,
                    "Relation Name": "title",
                    "Alias": "t",
                    "Startup Cost": 0.0,
                    "Total Cost": 50870.31,
                    "Plan Rows": 1487231,
                    "Plan Width": 4,
                    "Actual Startup Time": 0.01,
                    "Actual Total Time": 116.487,
                    "Actual Rows": 1264156,
                    "Actual Loops": 2
                  },
                  {
                    "Node Type": "Hash",
                    "Parent Relationship": "Inner",
                    "Parallel Aware": true,
                    "Startup Cost": 22933.5,
                    "Total Cost": 22933.5,
                    "Plan Rows": 83936,
                    "Plan Width": 4,
                    "Actual Startup Time": 49.017,
                    "Actual Total Time": 49.018,
                    "Actual Rows": 69728,
                    "Actual Loops": 2,
                    "Hash Buckets": 262144,
                    "Original Hash Buckets": 262144,
                    "Hash Batches": 1,
                    "Original Hash Batches": 1,
                    "Peak Memory Usage": 7552,
                    "Plans": [
                      {
                        "Node Type": "Bitmap Heap Scan",
                        "Parent Relationship": "Outer",
                        "Parallel Aware": true,
                        "Relation Name": "movie_companies",
                        "Alias": "mc",
                        "Startup Cost": 3094.29,
                        "Total Cost": 22933.5,
                        "Plan Rows": 83936,
                        "Plan Width": 4,
                        "Actual Startup Time": 10.054,
                        "Actual Total Time": 32.233,
                        "Actual Rows": 69728,
                        "Actual Loops": 2,
                        "Recheck Cond": "(company_id > 136631)",
                        "Rows Removed by Index Recheck": 0,
                        "Exact Heap Blocks": 2712,
                        "Lossy Heap Blocks": 0,
                        "Plans": [
                          {
                            "Node Type": "Bitmap Index Scan",
                            "Parent Relationship": "Outer",
                            "Parallel Aware": false,
                            "Index Name": "company_id_movie_companies",
                            "Startup Cost": 0.0,
                            "Total Cost": 3058.62,
                            "Plan Rows": 142692,
                            "Plan Width": 0,
                            "Actual Startup Time": 9.954,
                            "Actual Total Time": 9.955,
                            "Actual Rows": 139456,
                            "Actual Loops": 1,
                            "Index Cond": "(company_id > 136631)"
                          }
                        ]
                      }
                    ]
                  }
                ]
              }
            ]
          }
        ]
      }
    ]
  },
  "Planning Time": 0.297,
  "Triggers": [],
  "Execution Time": 342.833
}