[
  {
    "Plan": {
      "Node Type": "Aggregate",
      "Strategy": "Plain",
      "Partial Mode": "Finalize",
      "Parallel Aware": false,
      "Startup Cost": 70791.98,
      "Total Cost": 70791.99,
      "Plan Rows": 1,
      "Plan Width": 8,
      "Actual Startup Time": 117.28,
      "Actual Total Time": 134.95,
      "Actual Rows": 1,
      "Actual Loops": 1,
      "Plans": [
        {
          "Node Type": "Gather",
          "Parent Relationship": "Outer",
          "Parallel Aware": false,
          "Startup Cost": 70791.56,
          "Total Cost": 70791.97,
          "Plan Rows": 4,
          "Plan Width": 8,
          "Actual Startup Time": 117.159,
          "Actual Total Time": 134.942,
          "Actual Rows": 5,
          "Actual Loops": 1,
          "Workers Planned": 4,
          "Workers Launched": 4,
          "Single Copy": false,
          "Plans": [
            {
              "Node Type": "Aggregate",
              "Strategy": "Plain",
              "Partial Mode": "Partial",
              "Parent Relationship": "Outer",
              "Parallel Aware": false,
              "Startup Cost": 69791.56,
              "Total Cost": 69791.57,
              "Plan Rows": 1,
              "Plan Width": 8,
              "Actual Startup Time": 107.378,
              "Actual Total Time": 107.379,
              "Actual Rows": 1,
              "Actual Loops": 5,
              "Plans": [
                {
                  "Node Type": "Nested Loop",
                  "Parent Relationship": "Outer",
                  "Parallel Aware": false,
                  "Join Type": "Inner",
                  "Startup Cost": 0.43,
                  "Total Cost": 69789.32,
                  "Plan Rows": 896,
                  "Plan Width": 0,
                  "Actual Startup Time": 60.135,
                  "Actual Total Time": 106.835,
                  "Actual Rows": 6626,
                  "Actual Loops": 5,
                  "Inner Unique": false,
                  "Plans": [
                    {
                      "Node Type": "Seq Scan",
                      "Parent Relationship": "Outer",
                      "Parallel Aware": true,
                      "Relation Name": "title",
                      "Alias": "t",
                      "Startup Cost": 0.0,
                      "Total Cost": 45479.1,
                      "Plan Rows": 153,
                      "Plan Width": 4,
                      "Actual Startup Time": 60.039,
                      "Actual Total Time": 83.426,
                      "Actual Rows": 583,
                      "Actual Loops": 5,
                      "Filter": "((kind_id < 4) AND (production_year = 1927))",
                      "Rows Removed by Filter": 505079
                    },
                    {
                      "Node Type": "Index Only Scan",
                      "Parent Relationship": "Inner",
                      "Parallel Aware": false,
                      "Scan Direction": "Forward",
                      "Index Name": "movie_id_movie_info",
                      "Relation Name": "movie_info",
                      "Alias": "mi",
                      "Startup Cost": 0.43,
                      "Total Cost": 158.47,
                      "Plan Rows": 42,
                      "Plan Width": 4,
                      "Actual Startup Time": 0.014,
                      "Actual Total Time": 0.039,
                      "Actual Rows": 11,
                      "Actual Loops": 2915,
                      "Index Cond": "(movie_id = t.id)",
                      "Rows Removed by Index Recheck": 0,
                      "Heap Fetches": 33131
                    }
                  ]
                }
              ]
            }
          ]
        }
      ]
    },
    "Planning Time": 0.625,
    "Triggers": [],
    "Execution Time": 135.024
  }
]