[
  {
    "Plan": {
      "Node Type": "Aggregate",
      "Strategy": "Plain",
      "Partial Mode": "Finalize",
      "Parallel Aware": false,
      "Startup Cost": 32201.88,
      "Total Cost": 32201.89,
      "Plan Rows": 1,
      "Plan Width": 8,
      "Actual Startup Time": 123.786,
      "Actual Total Time": 129.828,
      "Actual Rows": 1,
      "Actual Loops": 1,
      "Plans": [
        {
          "Node Type": "Gather",
          "Parent Relationship": "Outer",
          "Parallel Aware": false,
          "Startup Cost": 32201.56,
          "Total Cost": 32201.87,
          "Plan Rows": 3,
          "Plan Width": 8,
          "Actual Startup Time": 123.624,
          "Actual Total Time": 129.818,
          "Actual Rows": 4,
          "Actual Loops": 1,
          "Workers Planned": 3,
          "Workers Launched": 3,
          "Single Copy": false,
          "Plans": [
            {
              "Node Type": "Aggregate",
              "Strategy": "Plain",
              "Partial Mode": "Partial",
              "Parent Relationship": "Outer",
              "Parallel Aware": false,
              "Startup Cost": 31201.56,
              "Total Cost": 31201.57,
              "Plan Rows": 1,
              "Plan Width": 8,
              "Actual Startup Time": 118.542,
              "Actual Total Time": 118.543,
              "Actual Rows": 1,
              "Actual Loops": 4,
              "Plans": [
                {
                  "Node Type": "Seq Scan",
                  "Parent Relationship": "Outer",
                  "Parallel Aware": true,
                  "Relation Name": "movie_companies",
                  "Alias": "mc",
                  "Startup Cost": 0.0,
                  "Total Cost": 29310.68,
                  "Plan Rows": 756351,
                  "Plan Width": 0,
                  "Actual Startup Time": 0.046,
                  "Actual Total Time": 88.116,
                  "Actual Rows": 586694,
                  "Actual Loops": 4,
                  "Filter": "(company_id > 133)",
                  "Rows Removed by Filter": 65588
                }
              ]
            }
          ]
        }
      ]
    },
    "Planning Time": 0.123,
    "Triggers": [],
    "Execution Time": 129.869
  }
]