[
  {
    "Plan": {
      "Node Type": "Aggregate",
      "Strategy": "Plain",
      "Partial Mode": "Simple",
      "Parallel Aware": false,
      "Startup Cost": 8164.81,
      "Total Cost": 8164.82,
      "Plan Rows": 1,
      "Plan Width": 8,
      "Actual Startup Time": 4.685,
      "Actual Total Time": 4.686,
      "Actual Rows": 1,
      "Actual Loops": 1,
      "Plans": [
        {
          "Node Type": "Index Scan",
          "Parent Relationship": "Outer",
          "Parallel Aware": false,
          "Scan Direction": "Forward",
          "Index Name": "company_id_movie_companies",
          "Relation Name": "movie_companies",
          "Alias": "mc",
          "Startup Cost": 0.43,
          "Total Cost": 8160.64,
          "Plan Rows": 1670,
          "Plan Width": 0,
          "Actual Startup Time": 0.036,
          "Actual Total Time": 4.4,
          "Actual Rows": 3005,
          "Actual Loops": 1,
          "Index Cond": "(company_id = 139)",
          "Rows Removed by Index Recheck": 0,
          "Filter": "(company_type_id < 2)",
          "Rows Removed by Filter": 717
        }
      ]
    },
    "Planning Time": 0.12,
    "Triggers": [],
    "Execution Time": 4.715
  }
]