[
  {
    "Plan": {
      "Node Type": "Aggregate",
      "Strategy": "Plain",
      "Partial Mode": "Finalize",
      "Parallel Aware": false,
      "Startup Cost": 185921.99,
      "Total Cost": 185922.0,
      "Plan Rows": 1,
      "Plan Width": 8,
      "Actual Startup Time": 156.454,
      "Actual Total Time": 167.622,
      "Actual Rows": 1,
      "Actual Loops": 1,
      "Plans": [
        {
          "Node Type": "Gather",
          "Parent Relationship": "Outer",
          "Parallel Aware": false,
          "Startup Cost": 185921.47,
          "Total Cost": 185921.98,
          "Plan Rows": 5,
          "Plan Width": 8,
          "Actual Startup Time": 155.523,
          "Actual Total Time": 167.603,
          "Actual Rows": 6,
          "Actual Loops": 1,
          "Workers Planned": 5,
          "Workers Launched": 5,
          "Single Copy": false,
          "Plans": [
            {
              "Node Type": "Aggregate",
              "Strategy": "Plain",
              "Partial Mode": "Partial",
              "Parent Relationship": "Outer",
              "Parallel Aware": false,
              "Startup Cost": 184921.47,
              "Total Cost": 184921.48,
              "Plan Rows": 1,
              "Plan Width": 8,
              "Actual Startup Time": 148.674,
              "Actual Total Time": 148.677,
              "Actual Rows": 1,
              "Actual Loops": 6,
              "Plans": [
                {
                  "Node Type": "Bitmap Heap Scan",
                  "Parent Relationship": "Outer",
                  "Parallel Aware": true,
                  "Relation Name": "movie_info",
                  "Alias": "mi",
                  "Startup Cost": 19664.46,
                  "Total Cost": 184377.47,
                  "Plan Rows": 217601,
                  "Plan Width": 0,
                  "Actual Startup Time": 49.964,
                  "Actual Total Time": 135.317,
                  "Actual Rows": 180528,
                  "Actual Loops": 6,
                  "Recheck Cond": "(info_type_id > 70)",
                  "Rows Removed by Index Recheck": 0,
                  "Exact Heap Blocks": 8071,
                  "Lossy Heap Blocks": 0,
                  "Plans": [
                    {
                      "Node Type": "Bitmap Index Scan",
                      "Parent Relationship": "Outer",
                      "Parallel Aware": false,
                      "Index Name": "info_type_id_movie_info",
                      "Startup Cost": 0.0,
                      "Total Cost": 19392.46,
                      "Plan Rows": 1088003,
                      "Plan Width": 0,
                      "Actual Startup Time": 50.424,
                      "Actual Total Time": 50.424,
                      "Actual Rows": 1083166,
                      "Actual Loops": 1,
                      "Index Cond": "(info_type_id > 70)"
                    }
                  ]
                }
              ]
            }
          ]
        }
      ]
    },
    "Planning Time": 0.093,
    "Triggers": [],
    "Execution Time": 167.665
  }
]