[
  {
    "Plan": {
      "Node Type": "Aggregate",
      "Strategy": "Plain",
      "Partial Mode": "Finalize",
      "Parallel Aware": false,
      "Startup Cost": 186843.78,
      "Total Cost": 186843.79,
      "Plan Rows": 1,
      "Plan Width": 8,
      "Actual Startup Time": 155.48,
      "Actual Total Time": 165.999,
      "Actual Rows": 1,
      "Actual Loops": 1,
      "Plans": [
        {
          "Node Type": "Gather",
          "Parent Relationship": "Outer",
          "Parallel Aware": false,
          "Startup Cost": 186843.26,
          "Total Cost": 186843.77,
          "Plan Rows": 5,
          "Plan Width": 8,
          "Actual Startup Time": 154.807,
          "Actual Total Time": 165.99,
          "Actual Rows": 6,
          "Actual Loops": 1,
          "Workers Planned": 5,
          "Workers Launched": 5,
          "Single Copy": false,
          "Plans": [
            {
              "Node Type": "Aggregate",
              "Strategy": "Plain",
              "Partial Mode": "Partial",
              "Parent Relationship": "Outer",
              "Parallel Aware": false,
              "Startup Cost": 185843.26,
              "Total Cost": 185843.27,
              "Plan Rows": 1,
              "Plan Width": 8,
              "Actual Startup Time": 144.347,
              "Actual Total Time": 144.348,
              "Actual Rows": 1,
              "Actual Loops": 6,
              "Plans": [
                {
                  "Node Type": "Bitmap Heap Scan",
                  "Parent Relationship": "Outer",
                  "Parallel Aware": true,
                  "Relation Name": "movie_info",
                  "Alias": "mi",
                  "Startup Cost": 20461.84,
                  "Total Cost": 185278.52,
                  "Plan Rows": 225894,
                  "Plan Width": 0,
                  "Actual Startup Time": 56.537,
                  "Actual Total Time": 132.996,
                  "Actual Rows": 180528,
                  "Actual Loops": 6,
                  "Recheck Cond": "(info_type_id > 70)",
                  "Rows Removed by Index Recheck": 0,
                  "Exact Heap Blocks": 10608,
                  "Lossy Heap Blocks": 0,
                  "Plans": [
                    {
                      "Node Type": "Bitmap Index Scan",
                      "Parent Relationship": "Outer",
                      "Parallel Aware": false,
                      "Index Name": "info_type_id_movie_info",
                      "Startup Cost": 0.0,
                      "Total Cost": 20179.48,
                      "Plan Rows": 1129472,
                      "Plan Width": 0,
                      "Actual Startup Time": 60.448,
                      "Actual Total Time": 60.448,
                      "Actual Rows": 1083166,
                      "Actual Loops": 1,
                      "Index Cond": "(info_type_id > 70)"
                    }
                  ]
                }
              ]
            }
          ]
        }
      ]
    },
    "Planning Time": 0.185,
    "Triggers": [],
    "Execution Time": 166.077
  }
]