[
  {
    "Plan": {
      "Node Type": "Aggregate",
      "Strategy": "Plain",
      "Partial Mode": "Finalize",
      "Parallel Aware": false,
      "Startup Cost": 70947.48,
      "Total Cost": 70947.49,
      "Plan Rows": 1,
      "Plan Width": 8,
      "Actual Startup Time": 184.902,
      "Actual Total Time": 198.23,
      "Actual Rows": 1,
      "Actual Loops": 1,
      "Plans": [
        {
          "Node Type": "Gather",
          "Parent Relationship": "Outer",
          "Parallel Aware": false,
          "Startup Cost": 70947.06,
          "Total Cost": 70947.47,
          "Plan Rows": 4,
          "Plan Width": 8,
          "Actual Startup Time": 182.813,
          "Actual Total Time": 198.218,
          "Actual Rows": 5,
          "Actual Loops": 1,
          "Workers Planned": 4,
          "Workers Launched": 4,
          "Single Copy": false,
          "Plans": [
            {
              "Node Type": "Aggregate",
              "Strategy": "Plain",
              "Partial Mode": "Partial",
              "Parent Relationship": "Outer",
              "Parallel Aware": false,
              "Startup Cost": 69947.06,
              "Total Cost": 69947.07,
              "Plan Rows": 1,
              "Plan Width": 8,
              "Actual Startup Time": 172.83,
              "Actual Total Time": 172.834,
              "Actual Rows": 1,
              "Actual Loops": 5,
              "Plans": [
                {
                  "Node Type": "Hash Join",
                  "Parent Relationship": "Outer",
                  "Parallel Aware": true,
                  "Join Type": "Inner",
                  "Startup Cost": 24112.06,
                  "Total Cost": 69940.82,
                  "Plan Rows": 2495,
                  "Plan Width": 0,
                  "Actual Startup Time": 79.367,
                  "Actual Total Time": 172.461,
                  "Actual Rows": 4040,
                  "Actual Loops": 5,
                  "Inner Unique": false,
                  "Hash Cond": "(t.id = mc.movie_id)",
                  "Plans": [
                    {
                      "Node Type": "Seq Scan",
                      "Parent Relationship": "Outer",
                      "Parallel Aware": true,
                      "Relation Name": "title",
                      "Alias": "t",
                      "Startup Cost": 0.0,
                      "Total Cost": 45479.1,
                      "Plan Rows": 68322,
                      "Plan Width": 4,
                      "Actual Startup Time": 0.018,
                      "Actual Total Time": 74.994,
                      "Actual Rows": 82878,
                      "Actual Loops": 5,
                      "Filter": "((kind_id < 4) AND (production_year < 1995))",
                      "Rows Removed by Filter": 422785
                    },
                    {
                      "Node Type": "Hash",
                      "Parent Relationship": "Inner",
                      "Parallel Aware": true,
                      "Startup Cost": 23739.76,
                      "Total Cost": 23739.76,
                      "Plan Rows": 29784,
                      "Plan Width": 4,
                      "Actual Startup Time": 77.72,
                      "Actual Total Time": 77.722,
                      "Actual Rows": 29386,
                      "Actual Loops": 5,
                      "Hash Buckets": 262144,
                      "Original Hash Buckets": 131072,
                      "Hash Batches": 1,
                      "Original Hash Batches": 1,
                      "Peak Memory Usage": 8896,
                      "Plans": [
                        {
                          "Node Type": "Bitmap Heap Scan",
                          "Parent Relationship": "Outer",
                          "Parallel Aware": true,
                          "Relation Name": "movie_companies",
                          "Alias": "mc",
                          "Startup Cost": 4042.21,
                          "Total Cost": 23739.76,
                          "Plan Rows": 29784,
                          "Plan Width": 4,
                          "Actual Startup Time": 21.589,
                          "Actual Total Time": 58.949,
                          "Actual Rows": 29386,
                          "Actual Loops": 5,
                          "Recheck Cond": "(company_id < 49)",
                          "Rows Removed by Index Recheck": 0,
                          "Filter": "(company_type_id = 1)",
                          "Rows Removed by Filter": 7823,
                          "Exact Heap Blocks": 6641,
                          "Lossy Heap Blocks": 0,
                          "Plans": [
                            {
                              "Node Type": "Bitmap Index Scan",
                              "Parent Relationship": "Outer",
                              "Parallel Aware": false,
                              "Index Name": "company_id_movie_companies",
                              "Startup Cost": 0.0,
                              "Total Cost": 4019.13,
                              "Plan Rows": 187560,
                              "Plan Width": 0,
                              "Actual Startup Time": 22.244,
                              "Actual Total Time": 22.244,
                              "Actual Rows": 186044,
                              "Actual Loops": 1,
                              "Index Cond": "(company_id < 49)"
                            }
                          ]
                        }
                      ]
                    }
                  ]
                }
              ]
            }
          ]
        }
      ]
    },
    "Planning Time": 0.762,
    "Triggers": [],
    "Execution Time": 198.326
  }
]