[
    {
        "Bao": {
            "Bao prediction": 472.413,
            "Bao recommended hint": "SET enable_mergejoin TO off; SET enable_indexscan TO off; "
        }
    },
    {
        "Plan": {
            "Node Type": "Aggregate",
            "Strategy": "Plain",
            "Partial Mode": "Finalize",
            "Parallel Aware": false,
            "Startup Cost": 347598.14,
            "Total Cost": 347598.15,
            "Plan Rows": 1,
            "Plan Width": 8,
            "Actual Startup Time": 756.471,
            "Actual Total Time": 798.992,
            "Actual Rows": 1,
            "Actual Loops": 1,
            "Output": [
                "count(*)"
            ],
            "Plans": [
                {
                    "Node Type": "Gather",
                    "Parent Relationship": "Outer",
                    "Parallel Aware": false,
                    "Startup Cost": 347597.52,
                    "Total Cost": 347598.12,
                    "Plan Rows": 6,
                    "Plan Width": 8,
                    "Actual Startup Time": 756.398,
                    "Actual Total Time": 798.983,
                    "Actual Rows": 7,
                    "Actual Loops": 1,
                    "Output": [
                        "(PARTIAL count(*))"
                    ],
                    "Workers Planned": 6,
                    "Workers Launched": 6,
                    "Single Copy": false,
                    "Plans": [
                        {
                            "Node Type": "Aggregate",
                            "Strategy": "Plain",
                            "Partial Mode": "Partial",
                            "Parent Relationship": "Outer",
                            "Parallel Aware": false,
                            "Startup Cost": 346597.52,
                            "Total Cost": 346597.53,
                            "Plan Rows": 1,
                            "Plan Width": 8,
                            "Actual Startup Time": 747.036,
                            "Actual Total Time": 747.037,
                            "Actual Rows": 1,
                            "Actual Loops": 7,
                            "Output": [
                                "PARTIAL count(*)"
                            ],
                            "Workers": [
                                {
                                    "Worker Number": 0,
                                    "Actual Startup Time": 745.05,
                                    "Actual Total Time": 745.051,
                                    "Actual Rows": 1,
                                    "Actual Loops": 1
                                },
                                {
                                    "Worker Number": 1,
                                    "Actual Startup Time": 745.032,
                                    "Actual Total Time": 745.033,
                                    "Actual Rows": 1,
                                    "Actual Loops": 1
                                },
                                {
                                    "Worker Number": 2,
                                    "Actual Startup Time": 745.388,
                                    "Actual Total Time": 745.388,
                                    "Actual Rows": 1,
                                    "Actual Loops": 1
                                },
                                {
                                    "Worker Number": 3,
                                    "Actual Startup Time": 745.762,
                                    "Actual Total Time": 745.763,
                                    "Actual Rows": 1,
                                    "Actual Loops": 1
                                },
                                {
                                    "Worker Number": 4,
                                    "Actual Startup Time": 746.05,
                                    "Actual Total Time": 746.051,
                                    "Actual Rows": 1,
                                    "Actual Loops": 1
                                },
                                {
                                    "Worker Number": 5,
                                    "Actual Startup Time": 746.335,
                                    "Actual Total Time": 746.336,
                                    "Actual Rows": 1,
                                    "Actual Loops": 1
                                }
                            ],
                            "Plans": [
                                {
                                    "Node Type": "Seq Scan",
                                    "Parent Relationship": "Outer",
                                    "Parallel Aware": true,
                                    "Relation Name": "cast_info",
                                    "Schema": "public",
                                    "Alias": "ci",
                                    "Startup Cost": 0.0,
                                    "Total Cost": 343318.94,
                                    "Plan Rows": 1311430,
                                    "Plan Width": 0,
                                    "Actual Startup Time": 424.553,
                                    "Actual Total Time": 674.054,
                                    "Actual Rows": 1371223,
                                    "Actual Loops": 7,
                                    "Output": [
                                        "id",
                                        "person_id",
                                        "movie_id",
                                        "person_role_id",
                                        "note",
                                        "nr_order",
                                        "role_id"
                                    ],
                                    "Filter": "((ci.person_id > 1234325) AND (ci.role_id > 3))",
                                    "Rows Removed by Filter": 3806540,
                                    "Workers": [
                                        {
                                            "Worker Number": 0,
                                            "Actual Startup Time": 422.584,
                                            "Actual Total Time": 672.64,
                                            "Actual Rows": 1091309,
                                            "Actual Loops": 1
                                        },
                                        {
                                            "Worker Number": 1,
                                            "Actual Startup Time": 422.57,
                                            "Actual Total Time": 673.14,
                                            "Actual Rows": 1086772,
                                            "Actual Loops": 1
                                        },
                                        {
                                            "Worker Number": 2,
                                            "Actual Startup Time": 422.909,
                                            "Actual Total Time": 676.218,
                                            "Actual Rows": 1696206,
                                            "Actual Loops": 1
                                        },
                                        {
                                            "Worker Number": 3,
                                            "Actual Startup Time": 423.279,
                                            "Actual Total Time": 673.418,
                                            "Actual Rows": 1656616,
                                            "Actual Loops": 1
                                        },
                                        {
                                            "Worker Number": 4,
                                            "Actual Startup Time": 423.54,
                                            "Actual Total Time": 674.983,
                                            "Actual Rows": 1060376,
                                            "Actual Loops": 1
                                        },
                                        {
                                            "Worker Number": 5,
                                            "Actual Startup Time": 423.855,
                                            "Actual Total Time": 674.045,
                                            "Actual Rows": 1656670,
                                            "Actual Loops": 1
                                        }
                                    ]
                                }
                            ]
                        }
                    ]
                }
            ]
        },
        "Planning Time": 622.756,
        "Triggers": [],
        "Execution Time": 799.096
    }
]