{
  "Plan": {
    "Node Type": "Aggregate",
    "Strategy": "Plain",
    "Partial Mode": "Finalize",
    "Parallel Aware": false,
    "Startup Cost": 586923.43,
    "Total Cost": 586923.44,
    "Plan Rows": 1,
    "Plan Width": 8,
    "Actual Startup Time": 3595.822,
    "Actual Total Time": 3634.856,
    "Actual Rows": 1,
    "Actual Loops": 1,
    "Plans": [
      {
        "Node Type": "Gather",
        "Parent Relationship": "Outer",
        "Parallel Aware": false,
        "Startup Cost": 586923.31,
        "Total Cost": 586923.42,
        "Plan Rows": 1,
        "Plan Width": 8,
        "Actual Startup Time": 3588.939,
        "Actual Total Time": 3634.846,
        "Actual Rows": 2,
        "Actual Loops": 1,
        "Workers Planned": 1,
        "Workers Launched": 1,
        "Single Copy": false,
        "Plans": [
          {
            "Node Type": "Aggregate",
            "Strategy": "Plain",
            "Partial Mode": "Partial",
            "Parent Relationship": "Outer",
            "Parallel Aware": false,
            "Startup Cost": 585923.31,
            "Total Cost": 585923.32,
            "Plan Rows": 1,
            "Plan Width": 8,
            "Actual Startup Time": 3577.579,
            "Actual Total Time": 3577.583,
            "Actual Rows": 1,
            "Actual Loops": 2,
            "Plans": [
              {
                "Node Type": "Hash Join",
                "Parent Relationship": "Outer",
                "Parallel Aware": true,
                "Join Type": "Inner",
                "Startup Cost": 246384.64,
                "Total Cost": 578169.71,
                "Plan Rows": 3101442,
                "Plan Width": 0,
                "Actual Startup Time": 1137.229,
                "Actual Total Time": 3395.775,
                "Actual Rows": 3982645,
                "Actual Loops": 2,
                "Inner Unique": true,
                "Hash Cond": "(ci.movie_id = t.id)",
                "Plans": [
                  {
                    "Node Type": "Bitmap Heap Scan",
                    "Parent Relationship": "Outer",
                    "Parallel Aware": true,
                    "Relation Name": "cast_info",
                    "Alias": "ci",
                    "Startup Cost": 176923.94,
                    "Total Cost": 500567.71,
                    "Plan Rows": 3101442,
                    "Plan Width": 4,
                    "Actual Startup Time": 539.066,
                    "Actual Total Time": 1151.945,
                    "Actual Rows": 3982645,
                    "Actual Loops": 2,
                    "Recheck Cond": "(person_id > 2883046)",
                    "Rows Removed by Index Recheck": 0,
                    "Filter": "(role_id > 1)",
                    "Rows Removed by Filter": 0,
                    "Exact Heap Blocks": 51908,
                    "Lossy Heap Blocks": 0,
                    "Plans": [
                      {
                        "Node Type": "Bitmap Index Scan",
                        "Parent Relationship": "Outer",
                        "Parallel Aware": false,
                        "Index Name": "person_id_cast_info",
                        "Startup Cost": 0.0,
                        "Total Cost": 175605.83,
                        "Plan Rows": 8041768,
                        "Plan Width": 0,
                        "Actual Startup Time": 511.654,
                        "Actual Total Time": 511.655,
                        "Actual Rows": 7965290,
                        "Actual Loops": 1,
                        "Index Cond": "(person_id > 2883046)"
                      }
                    ]
                  },
                  {
                    "Node Type": "Hash",
                    "Parent Relationship": "Inner",
                    "Parallel Aware": true,
                    "Startup Cost": 50870.31,
                    "Total Cost": 50870.31,
                    "Plan Rows": 1487231,
                    "Plan Width": 4,
                    "Actual Startup Time": 575.948,
                    "Actual Total Time": 575.949,
                    "Actual Rows": 1264156,
                    "Actual Loops": 2,
                    "Hash Buckets": 4194304,
                    "Original Hash Buckets": 4194304,
                    "Hash Batches": 1,
                    "Original Hash Batches": 1,
                    "Peak Memory Usage": 131712,
                    "Plans": [
                      {
                        "Node Type": "Seq Scan",
                        "Parent Relationship": "Outer",
                        "Parallel Aware": true,
                        "Relation Name": "title",
                        "Alias": "t",
                        "Startup Cost": 0.0,
                        "Total Cost": 50870.31,
                        "Plan Rows": 1487231,
                        "Plan Width": 4,
                        "Actual Startup Time": 0.025,
                        "Actual Total Time": 180.011,
                        "Actual Rows": 1264156,
                        "Actual Loops": 2
                      }
                    ]
                  }
                ]
              }
            ]
          }
        ]
      }
    ]
  },
  "Planning Time": 0.488,
  "Triggers": [],
  "Execution Time": 3634.934
}