[
  {
    "Plan": {
      "Node Type": "Aggregate",
      "Strategy": "Plain",
      "Partial Mode": "Finalize",
      "Parallel Aware": false,
      "Startup Cost": 70213.49,
      "Total Cost": 70213.5,
      "Plan Rows": 1,
      "Plan Width": 8,
      "Actual Startup Time": 150.242,
      "Actual Total Time": 165.202,
      "Actual Rows": 1,
      "Actual Loops": 1,
      "Plans": [
        {
          "Node Type": "Gather",
          "Parent Relationship": "Outer",
          "Parallel Aware": false,
          "Startup Cost": 70213.18,
          "Total Cost": 70213.49,
          "Plan Rows": 3,
          "Plan Width": 8,
          "Actual Startup Time": 149.813,
          "Actual Total Time": 165.194,
          "Actual Rows": 4,
          "Actual Loops": 1,
          "Workers Planned": 3,
          "Workers Launched": 3,
          "Single Copy": false,
          "Plans": [
            {
              "Node Type": "Aggregate",
              "Strategy": "Plain",
              "Partial Mode": "Partial",
              "Parent Relationship": "Outer",
              "Parallel Aware": false,
              "Startup Cost": 69213.18,
              "Total Cost": 69213.19,
              "Plan Rows": 1,
              "Plan Width": 8,
              "Actual Startup Time": 140.927,
              "Actual Total Time": 140.931,
              "Actual Rows": 1,
              "Actual Loops": 4,
              "Plans": [
                {
                  "Node Type": "Hash Join",
                  "Parent Relationship": "Outer",
                  "Parallel Aware": true,
                  "Join Type": "Inner",
                  "Startup Cost": 49529.29,
                  "Total Cost": 69211.6,
                  "Plan Rows": 630,
                  "Plan Width": 0,
                  "Actual Startup Time": 109.534,
                  "Actual Total Time": 140.908,
                  "Actual Rows": 106,
                  "Actual Loops": 4,
                  "Inner Unique": true,
                  "Hash Cond": "(mc.movie_id = t.id)",
                  "Plans": [
                    {
                      "Node Type": "Bitmap Heap Scan",
                      "Parent Relationship": "Outer",
                      "Parallel Aware": true,
                      "Relation Name": "movie_companies",
                      "Alias": "mc",
                      "Startup Cost": 3965.81,
                      "Total Cost": 23493.26,
                      "Plan Rows": 58996,
                      "Plan Width": 4,
                      "Actual Startup Time": 11.946,
                      "Actual Total Time": 36.491,
                      "Actual Rows": 45604,
                      "Actual Loops": 4,
                      "Recheck Cond": "(company_id < 46)",
                      "Rows Removed by Index Recheck": 0,
                      "Exact Heap Blocks": 6147,
                      "Lossy Heap Blocks": 0,
                      "Plans": [
                        {
                          "Node Type": "Bitmap Index Scan",
                          "Parent Relationship": "Outer",
                          "Parallel Aware": false,
                          "Index Name": "company_id_movie_companies",
                          "Startup Cost": 0.0,
                          "Total Cost": 3920.09,
                          "Plan Rows": 182888,
                          "Plan Width": 0,
                          "Actual Startup Time": 9.743,
                          "Actual Total Time": 9.743,
                          "Actual Rows": 182418,
                          "Actual Loops": 1,
                          "Index Cond": "(company_id < 46)"
                        }
                      ]
                    },
                    {
                      "Node Type": "Hash",
                      "Parent Relationship": "Inner",
                      "Parallel Aware": true,
                      "Startup Cost": 45479.1,
                      "Total Cost": 45479.1,
                      "Plan Rows": 6750,
                      "Plan Width": 4,
                      "Actual Startup Time": 95.771,
                      "Actual Total Time": 95.772,
                      "Actual Rows": 6771,
                      "Actual Loops": 4,
                      "Hash Buckets": 32768,
                      "Original Hash Buckets": 32768,
                      "Hash Batches": 1,
                      "Original Hash Batches": 1,
                      "Peak Memory Usage": 1376,
                      "Plans": [
                        {
                          "Node Type": "Seq Scan",
                          "Parent Relationship": "Outer",
                          "Parallel Aware": true,
                          "Relation Name": "title",
                          "Alias": "t",
                          "Startup Cost": 0.0,
                          "Total Cost": 45479.1,
                          "Plan Rows": 6750,
                          "Plan Width": 4,
                          "Actual Startup Time": 0.174,
                          "Actual Total Time": 93.005,
                          "Actual Rows": 6771,
                          "Actual Loops": 4,
                          "Filter": "((kind_id < 7) AND (production_year > 2012))",
                          "Rows Removed by Filter": 625307
                        }
                      ]
                    }
                  ]
                }
              ]
            }
          ]
        }
      ]
    },
    "Planning Time": 0.744,
    "Triggers": [],
    "Execution Time": 165.29
  }
]