[
    {
        "Bao": {
            "Bao prediction": "NaN",
            "Bao recommended hint": "(no hint)"
        }
    },
    {
        "Plan": {
            "Node Type": "Aggregate",
            "Strategy": "Plain",
            "Partial Mode": "Finalize",
            "Parallel Aware": false,
            "Startup Cost": 32624.27,
            "Total Cost": 32624.28,
            "Plan Rows": 1,
            "Plan Width": 8,
            "Actual Startup Time": 76.39,
            "Actual Total Time": 82.289,
            "Actual Rows": 1,
            "Actual Loops": 1,
            "Output": [
                "count(*)"
            ],
            "Plans": [
                {
                    "Node Type": "Gather",
                    "Parent Relationship": "Outer",
                    "Parallel Aware": false,
                    "Startup Cost": 32623.95,
                    "Total Cost": 32624.26,
                    "Plan Rows": 3,
                    "Plan Width": 8,
                    "Actual Startup Time": 76.301,
                    "Actual Total Time": 82.282,
                    "Actual Rows": 4,
                    "Actual Loops": 1,
                    "Output": [
                        "(PARTIAL count(*))"
                    ],
                    "Workers Planned": 3,
                    "Workers Launched": 3,
                    "Single Copy": false,
                    "Plans": [
                        {
                            "Node Type": "Aggregate",
                            "Strategy": "Plain",
                            "Partial Mode": "Partial",
                            "Parent Relationship": "Outer",
                            "Parallel Aware": false,
                            "Startup Cost": 31623.95,
                            "Total Cost": 31623.96,
                            "Plan Rows": 1,
                            "Plan Width": 8,
                            "Actual Startup Time": 68.33,
                            "Actual Total Time": 68.331,
                            "Actual Rows": 1,
                            "Actual Loops": 4,
                            "Output": [
                                "PARTIAL count(*)"
                            ],
                            "Workers": [
                                {
                                    "Worker Number": 0,
                                    "Actual Startup Time": 65.434,
                                    "Actual Total Time": 65.436,
                                    "Actual Rows": 1,
                                    "Actual Loops": 1
                                },
                                {
                                    "Worker Number": 1,
                                    "Actual Startup Time": 65.719,
                                    "Actual Total Time": 65.72,
                                    "Actual Rows": 1,
                                    "Actual Loops": 1
                                },
                                {
                                    "Worker Number": 2,
                                    "Actual Startup Time": 66.098,
                                    "Actual Total Time": 66.099,
                                    "Actual Rows": 1,
                                    "Actual Loops": 1
                                }
                            ],
                            "Plans": [
                                {
                                    "Node Type": "Seq Scan",
                                    "Parent Relationship": "Outer",
                                    "Parallel Aware": true,
                                    "Relation Name": "movie_companies",
                                    "Schema": "public",
                                    "Alias": "mc",
                                    "Startup Cost": 0.0,
                                    "Total Cost": 31414.82,
                                    "Plan Rows": 83652,
                                    "Plan Width": 0,
                                    "Actual Startup Time": 40.557,
                                    "Actual Total Time": 66.846,
                                    "Actual Rows": 34087,
                                    "Actual Loops": 4,
                                    "Output": [
                                        "id",
                                        "movie_id",
                                        "company_id",
                                        "company_type_id",
                                        "note"
                                    ],
                                    "Filter": "((mc.company_id < 451) AND (mc.company_type_id = 2))",
                                    "Rows Removed by Filter": 618195,
                                    "Workers": [
                                        {
                                            "Worker Number": 0,
                                            "Actual Startup Time": 37.671,
                                            "Actual Total Time": 64.015,
                                            "Actual Rows": 31073,
                                            "Actual Loops": 1
                                        },
                                        {
                                            "Worker Number": 1,
                                            "Actual Startup Time": 37.951,
                                            "Actual Total Time": 64.256,
                                            "Actual Rows": 32781,
                                            "Actual Loops": 1
                                        },
                                        {
                                            "Worker Number": 2,
                                            "Actual Startup Time": 38.319,
                                            "Actual Total Time": 64.697,
                                            "Actual Rows": 30791,
                                            "Actual Loops": 1
                                        }
                                    ]
                                }
                            ]
                        }
                    ]
                }
            ]
        },
        "Planning Time": 179.334,
        "Triggers": [],
        "Execution Time": 82.332
    }
]