{
  "Plan": {
    "Node Type": "Aggregate",
    "Strategy": "Plain",
    "Partial Mode": "Finalize",
    "Parallel Aware": false,
    "Startup Cost": 121283.15,
    "Total Cost": 121283.16,
    "Plan Rows": 1,
    "Plan Width": 8,
    "Actual Startup Time": 407.323,
    "Actual Total Time": 421.148,
    "Actual Rows": 1,
    "Actual Loops": 1,
    "Plans": [
      {
        "Node Type": "Gather",
        "Parent Relationship": "Outer",
        "Parallel Aware": false,
        "Startup Cost": 121283.03,
        "Total Cost": 121283.14,
        "Plan Rows": 1,
        "Plan Width": 8,
        "Actual Startup Time": 406.874,
        "Actual Total Time": 421.138,
        "Actual Rows": 2,
        "Actual Loops": 1,
        "Workers Planned": 1,
        "Workers Launched": 1,
        "Single Copy": false,
        "Plans": [
          {
            "Node Type": "Aggregate",
            "Strategy": "Plain",
            "Partial Mode": "Partial",
            "Parent Relationship": "Outer",
            "Parallel Aware": false,
            "Startup Cost": 120283.03,
            "Total Cost": 120283.04,
            "Plan Rows": 1,
            "Plan Width": 8,
            "Actual Startup Time": 401.179,
            "Actual Total Time": 401.182,
            "Actual Rows": 1,
            "Actual Loops": 2,
            "Plans": [
              {
                "Node Type": "Hash Join",
                "Parent Relationship": "Outer",
                "Parallel Aware": true,
                "Join Type": "Inner",
                "Startup Cost": 59333.79,
                "Total Cost": 120121.49,
                "Plan Rows": 64619,
                "Plan Width": 0,
                "Actual Startup Time": 155.014,
                "Actual Total Time": 400.823,
                "Actual Rows": 8230,
                "Actual Loops": 2,
                "Inner Unique": true,
                "Hash Cond": "(mk.movie_id = t.id)",
                "Plans": [
                  {
                    "Node Type": "Seq Scan",
                    "Parent Relationship": "Outer",
                    "Parallel Aware": true,
                    "Relation Name": "movie_keyword",
                    "Alias": "mk",
                    "Startup Cost": 0.0,
                    "Total Cost": 57718.19,
                    "Plan Rows": 1169334,
                    "Plan Width": 4,
                    "Actual Startup Time": 0.013,
                    "Actual Total Time": 168.71,
                    "Actual Rows": 999678,
                    "Actual Loops": 2,
                    "Filter": "(keyword_id < 3537)",
                    "Rows Removed by Filter": 1262287
                  },
                  {
                    "Node Type": "Hash",
                    "Parent Relationship": "Inner",
                    "Parallel Aware": true,
                    "Startup Cost": 58306.47,
                    "Total Cost": 58306.47,
                    "Plan Rows": 82186,
                    "Plan Width": 4,
                    "Actual Startup Time": 151.124,
                    "Actual Total Time": 151.125,
                    "Actual Rows": 75330,
                    "Actual Loops": 2,
                    "Hash Buckets": 262144,
                    "Original Hash Buckets": 262144,
                    "Hash Batches": 1,
                    "Original Hash Batches": 1,
                    "Peak Memory Usage": 7968,
                    "Plans": [
                      {
                        "Node Type": "Seq Scan",
                        "Parent Relationship": "Outer",
                        "Parallel Aware": true,
                        "Relation Name": "title",
                        "Alias": "t",
                        "Startup Cost": 0.0,
                        "Total Cost": 58306.47,
                        "Plan Rows": 82186,
                        "Plan Width": 4,
                        "Actual Startup Time": 0.033,
                        "Actual Total Time": 131.746,
                        "Actual Rows": 75330,
                        "Actual Loops": 2,
                        "Filter": "((production_year > 2011) AND (kind_id = 7))",
                        "Rows Removed by Filter": 1188826
                      }
                    ]
                  }
                ]
              }
            ]
          }
        ]
      }
    ]
  },
  "Planning Time": 0.464,
  "Triggers": [],
  "Execution Time": 421.217
}