[
  {
    "Plan": {
      "Node Type": "Aggregate",
      "Strategy": "Plain",
      "Partial Mode": "Finalize",
      "Parallel Aware": false,
      "Startup Cost": 33228.66,
      "Total Cost": 33228.67,
      "Plan Rows": 1,
      "Plan Width": 8,
      "Actual Startup Time": 104.877,
      "Actual Total Time": 112.702,
      "Actual Rows": 1,
      "Actual Loops": 1,
      "Plans": [
        {
          "Node Type": "Gather",
          "Parent Relationship": "Outer",
          "Parallel Aware": false,
          "Startup Cost": 33228.34,
          "Total Cost": 33228.65,
          "Plan Rows": 3,
          "Plan Width": 8,
          "Actual Startup Time": 104.732,
          "Actual Total Time": 112.694,
          "Actual Rows": 4,
          "Actual Loops": 1,
          "Workers Planned": 3,
          "Workers Launched": 3,
          "Single Copy": false,
          "Plans": [
            {
              "Node Type": "Aggregate",
              "Strategy": "Plain",
              "Partial Mode": "Partial",
              "Parent Relationship": "Outer",
              "Parallel Aware": false,
              "Startup Cost": 32228.34,
              "Total Cost": 32228.35,
              "Plan Rows": 1,
              "Plan Width": 8,
              "Actual Startup Time": 98.044,
              "Actual Total Time": 98.045,
              "Actual Rows": 1,
              "Actual Loops": 4,
              "Plans": [
                {
                  "Node Type": "Seq Scan",
                  "Parent Relationship": "Outer",
                  "Parallel Aware": true,
                  "Relation Name": "movie_companies",
                  "Alias": "mc",
                  "Startup Cost": 0.0,
                  "Total Cost": 31414.82,
                  "Plan Rows": 325408,
                  "Plan Width": 0,
                  "Actual Startup Time": 44.209,
                  "Actual Total Time": 84.449,
                  "Actual Rows": 289888,
                  "Actual Loops": 4,
                  "Filter": "((company_id > 819) AND (company_type_id = 2))",
                  "Rows Removed by Filter": 362394
                }
              ]
            }
          ]
        }
      ]
    },
    "Planning Time": 0.121,
    "Triggers": [],
    "Execution Time": 112.736
  }
]