[
  {
    "Plan": {
      "Node Type": "Aggregate",
      "Strategy": "Plain",
      "Partial Mode": "Finalize",
      "Parallel Aware": false,
      "Startup Cost": 82796.8,
      "Total Cost": 82796.81,
      "Plan Rows": 1,
      "Plan Width": 8,
      "Actual Startup Time": 377.188,
      "Actual Total Time": 428.629,
      "Actual Rows": 1,
      "Actual Loops": 1,
      "Plans": [
        {
          "Node Type": "Gather",
          "Parent Relationship": "Outer",
          "Parallel Aware": false,
          "Startup Cost": 82796.48,
          "Total Cost": 82796.79,
          "Plan Rows": 3,
          "Plan Width": 8,
          "Actual Startup Time": 376.936,
          "Actual Total Time": 428.619,
          "Actual Rows": 4,
          "Actual Loops": 1,
          "Workers Planned": 3,
          "Workers Launched": 3,
          "Single Copy": false,
          "Plans": [
            {
              "Node Type": "Aggregate",
              "Strategy": "Plain",
              "Partial Mode": "Partial",
              "Parent Relationship": "Outer",
              "Parallel Aware": false,
              "Startup Cost": 81796.48,
              "Total Cost": 81796.49,
              "Plan Rows": 1,
              "Plan Width": 8,
              "Actual Startup Time": 368.408,
              "Actual Total Time": 368.41,
              "Actual Rows": 1,
              "Actual Loops": 4,
              "Plans": [
                {
                  "Node Type": "Nested Loop",
                  "Parent Relationship": "Outer",
                  "Parallel Aware": false,
                  "Join Type": "Inner",
                  "Startup Cost": 604.44,
                  "Total Cost": 81475.88,
                  "Plan Rows": 128240,
                  "Plan Width": 0,
                  "Actual Startup Time": 6.277,
                  "Actual Total Time": 357.45,
                  "Actual Rows": 138219,
                  "Actual Loops": 4,
                  "Inner Unique": false,
                  "Plans": [
                    {
                      "Node Type": "Nested Loop",
                      "Parent Relationship": "Outer",
                      "Parallel Aware": false,
                      "Join Type": "Inner",
                      "Startup Cost": 603.88,
                      "Total Cost": 61892.43,
                      "Plan Rows": 8950,
                      "Plan Width": 8,
                      "Actual Startup Time": 6.05,
                      "Actual Total Time": 64.603,
                      "Actual Rows": 6826,
                      "Actual Loops": 4,
                      "Inner Unique": true,
                      "Plans": [
                        {
                          "Node Type": "Bitmap Heap Scan",
                          "Parent Relationship": "Outer",
                          "Parallel Aware": true,
                          "Relation Name": "movie_companies",
                          "Alias": "mc",
                          "Startup Cost": 603.45,
                          "Total Cost": 20427.89,
                          "Plan Rows": 8950,
                          "Plan Width": 4,
                          "Actual Startup Time": 5.846,
                          "Actual Total Time": 15.983,
                          "Actual Rows": 6826,
                          "Actual Loops": 4,
                          "Recheck Cond": "(company_id = 27)",
                          "Rows Removed by Index Recheck": 0,
                          "Exact Heap Blocks": 2638,
                          "Lossy Heap Blocks": 0,
                          "Plans": [
                            {
                              "Node Type": "Bitmap Index Scan",
                              "Parent Relationship": "Outer",
                              "Parallel Aware": false,
                              "Index Name": "company_id_movie_companies",
                              "Startup Cost": 0.0,
                              "Total Cost": 596.51,
                              "Plan Rows": 27744,
                              "Plan Width": 0,
                              "Actual Startup Time": 10.43,
                              "Actual Total Time": 10.431,
                              "Actual Rows": 27303,
                              "Actual Loops": 1,
                              "Index Cond": "(company_id = 27)"
                            }
                          ]
                        },
                        {
                          "Node Type": "Index Only Scan",
                          "Parent Relationship": "Inner",
                          "Parallel Aware": false,
                          "Scan Direction": "Forward",
                          "Index Name": "title_pkey",
                          "Relation Name": "title",
                          "Alias": "t",
                          "Startup Cost": 0.43,
                          "Total Cost": 4.63,
                          "Plan Rows": 1,
                          "Plan Width": 4,
                          "Actual Startup Time": 0.007,
                          "Actual Total Time": 0.007,
                          "Actual Rows": 1,
                          "Actual Loops": 27303,
                          "Index Cond": "(id = mc.movie_id)",
                          "Rows Removed by Index Recheck": 0,
                          "Heap Fetches": 27303
                        }
                      ]
                    },
                    {
                      "Node Type": "Index Only Scan",
                      "Parent Relationship": "Inner",
                      "Parallel Aware": false,
                      "Scan Direction": "Forward",
                      "Index Name": "movie_id_cast_info",
                      "Relation Name": "cast_info",
                      "Alias": "ci",
                      "Startup Cost": 0.56,
                      "Total Cost": 1.82,
                      "Plan Rows": 37,
                      "Plan Width": 4,
                      "Actual Startup Time": 0.008,
                      "Actual Total Time": 0.04,
                      "Actual Rows": 20,
                      "Actual Loops": 27303,
                      "Index Cond": "(movie_id = t.id)",
                      "Rows Removed by Index Recheck": 0,
                      "Heap Fetches": 552877
                    }
                  ]
                }
              ]
            }
          ]
        }
      ]
    },
    "Planning Time": 1.461,
    "Triggers": [],
    "Execution Time": 428.745
  }
]