{
  "Plan": {
    "Node Type": "Aggregate",
    "Strategy": "Plain",
    "Partial Mode": "Finalize",
    "Parallel Aware": false,
    "Startup Cost": 327761.95,
    "Total Cost": 327761.96,
    "Plan Rows": 1,
    "Plan Width": 8,
    "Actual Startup Time": 1417.798,
    "Actual Total Time": 1455.43,
    "Actual Rows": 1,
    "Actual Loops": 1,
    "Plans": [
      {
        "Node Type": "Gather",
        "Parent Relationship": "Outer",
        "Parallel Aware": false,
        "Startup Cost": 327761.84,
        "Total Cost": 327761.95,
        "Plan Rows": 1,
        "Plan Width": 8,
        "Actual Startup Time": 1417.572,
        "Actual Total Time": 1455.421,
        "Actual Rows": 2,
        "Actual Loops": 1,
        "Workers Planned": 1,
        "Workers Launched": 1,
        "Single Copy": false,
        "Plans": [
          {
            "Node Type": "Aggregate",
            "Strategy": "Plain",
            "Partial Mode": "Partial",
            "Parent Relationship": "Outer",
            "Parallel Aware": false,
            "Startup Cost": 326761.84,
            "Total Cost": 326761.85,
            "Plan Rows": 1,
            "Plan Width": 8,
            "Actual Startup Time": 1412.045,
            "Actual Total Time": 1412.048,
            "Actual Rows": 1,
            "Actual Loops": 2,
            "Plans": [
              {
                "Node Type": "Hash Join",
                "Parent Relationship": "Outer",
                "Parallel Aware": true,
                "Join Type": "Inner",
                "Startup Cost": 54768.14,
                "Total Cost": 326551.63,
                "Plan Rows": 84084,
                "Plan Width": 0,
                "Actual Startup Time": 154.67,
                "Actual Total Time": 1405.761,
                "Actual Rows": 145886,
                "Actual Loops": 2,
                "Inner Unique": true,
                "Hash Cond": "(mi.movie_id = t.id)",
                "Plans": [
                  {
                    "Node Type": "Seq Scan",
                    "Parent Relationship": "Outer",
                    "Parallel Aware": true,
                    "Relation Name": "movie_info",
                    "Alias": "mi",
                    "Startup Cost": 0.0,
                    "Total Cost": 248955.74,
                    "Plan Rows": 8696274,
                    "Plan Width": 4,
                    "Actual Startup Time": 0.009,
                    "Actual Total Time": 606.777,
                    "Actual Rows": 7417860,
                    "Actual Loops": 2
                  },
                  {
                    "Node Type": "Hash",
                    "Parent Relationship": "Inner",
                    "Parallel Aware": true,
                    "Startup Cost": 54588.39,
                    "Total Cost": 54588.39,
                    "Plan Rows": 14380,
                    "Plan Width": 4,
                    "Actual Startup Time": 135.515,
                    "Actual Total Time": 135.516,
                    "Actual Rows": 14552,
                    "Actual Loops": 2,
                    "Hash Buckets": 32768,
                    "Original Hash Buckets": 32768,
                    "Hash Batches": 1,
                    "Original Hash Batches": 1,
                    "Peak Memory Usage": 1408,
                    "Plans": [
                      {
                        "Node Type": "Seq Scan",
                        "Parent Relationship": "Outer",
                        "Parallel Aware": true,
                        "Relation Name": "title",
                        "Alias": "t",
                        "Startup Cost": 0.0,
                        "Total Cost": 54588.39,
                        "Plan Rows": 14380,
                        "Plan Width": 4,
                        "Actual Startup Time": 72.204,
                        "Actual Total Time": 132.222,
                        "Actual Rows": 14552,
                        "Actual Loops": 2,
                        "Filter": "(production_year < 1911)",
                        "Rows Removed by Filter": 1249604
                      }
                    ]
                  }
                ]
              }
            ]
          }
        ]
      }
    ]
  },
  "Planning Time": 0.424,
  "Triggers": [],
  "Execution Time": 1455.511
}