[
    {
        "Bao": {
            "Bao prediction": "NaN",
            "Bao recommended hint": "(no hint)"
        }
    },
    {
        "Plan": {
            "Node Type": "Aggregate",
            "Strategy": "Plain",
            "Partial Mode": "Finalize",
            "Parallel Aware": false,
            "Startup Cost": 32724.92,
            "Total Cost": 32724.93,
            "Plan Rows": 1,
            "Plan Width": 8,
            "Actual Startup Time": 83.606,
            "Actual Total Time": 88.609,
            "Actual Rows": 1,
            "Actual Loops": 1,
            "Output": [
                "count(*)"
            ],
            "Plans": [
                {
                    "Node Type": "Gather",
                    "Parent Relationship": "Outer",
                    "Parallel Aware": false,
                    "Startup Cost": 32724.6,
                    "Total Cost": 32724.91,
                    "Plan Rows": 3,
                    "Plan Width": 8,
                    "Actual Startup Time": 83.511,
                    "Actual Total Time": 88.602,
                    "Actual Rows": 4,
                    "Actual Loops": 1,
                    "Output": [
                        "(PARTIAL count(*))"
                    ],
                    "Workers Planned": 3,
                    "Workers Launched": 3,
                    "Single Copy": false,
                    "Plans": [
                        {
                            "Node Type": "Aggregate",
                            "Strategy": "Plain",
                            "Partial Mode": "Partial",
                            "Parent Relationship": "Outer",
                            "Parallel Aware": false,
                            "Startup Cost": 31724.6,
                            "Total Cost": 31724.61,
                            "Plan Rows": 1,
                            "Plan Width": 8,
                            "Actual Startup Time": 75.174,
                            "Actual Total Time": 75.175,
                            "Actual Rows": 1,
                            "Actual Loops": 4,
                            "Output": [
                                "PARTIAL count(*)"
                            ],
                            "Workers": [
                                {
                                    "Worker Number": 0,
                                    "Actual Startup Time": 72.492,
                                    "Actual Total Time": 72.494,
                                    "Actual Rows": 1,
                                    "Actual Loops": 1
                                },
                                {
                                    "Worker Number": 1,
                                    "Actual Startup Time": 72.566,
                                    "Actual Total Time": 72.567,
                                    "Actual Rows": 1,
                                    "Actual Loops": 1
                                },
                                {
                                    "Worker Number": 2,
                                    "Actual Startup Time": 72.743,
                                    "Actual Total Time": 72.744,
                                    "Actual Rows": 1,
                                    "Actual Loops": 1
                                }
                            ],
                            "Plans": [
                                {
                                    "Node Type": "Seq Scan",
                                    "Parent Relationship": "Outer",
                                    "Parallel Aware": true,
                                    "Relation Name": "movie_companies",
                                    "Schema": "public",
                                    "Alias": "mc",
                                    "Startup Cost": 0.0,
                                    "Total Cost": 31414.82,
                                    "Plan Rows": 123913,
                                    "Plan Width": 0,
                                    "Actual Startup Time": 26.574,
                                    "Actual Total Time": 74.236,
                                    "Actual Rows": 16674,
                                    "Actual Loops": 4,
                                    "Output": [
                                        "id",
                                        "movie_id",
                                        "company_id",
                                        "company_type_id",
                                        "note"
                                    ],
                                    "Filter": "((mc.company_id > 31996) AND (mc.company_type_id = 1))",
                                    "Rows Removed by Filter": 635608,
                                    "Workers": [
                                        {
                                            "Worker Number": 0,
                                            "Actual Startup Time": 23.893,
                                            "Actual Total Time": 71.561,
                                            "Actual Rows": 12120,
                                            "Actual Loops": 1
                                        },
                                        {
                                            "Worker Number": 1,
                                            "Actual Startup Time": 23.96,
                                            "Actual Total Time": 71.637,
                                            "Actual Rows": 16057,
                                            "Actual Loops": 1
                                        },
                                        {
                                            "Worker Number": 2,
                                            "Actual Startup Time": 24.165,
                                            "Actual Total Time": 71.88,
                                            "Actual Rows": 13631,
                                            "Actual Loops": 1
                                        }
                                    ]
                                }
                            ]
                        }
                    ]
                }
            ]
        },
        "Planning Time": 333.137,
        "Triggers": [],
        "Execution Time": 88.701
    }
]