[
  {
    "Plan": {
      "Node Type": "Aggregate",
      "Strategy": "Plain",
      "Partial Mode": "Finalize",
      "Parallel Aware": false,
      "Startup Cost": 45125.3,
      "Total Cost": 45125.31,
      "Plan Rows": 1,
      "Plan Width": 8,
      "Actual Startup Time": 150.983,
      "Actual Total Time": 159.774,
      "Actual Rows": 1,
      "Actual Loops": 1,
      "Plans": [
        {
          "Node Type": "Gather",
          "Parent Relationship": "Outer",
          "Parallel Aware": false,
          "Startup Cost": 45124.99,
          "Total Cost": 45125.3,
          "Plan Rows": 3,
          "Plan Width": 8,
          "Actual Startup Time": 150.876,
          "Actual Total Time": 159.765,
          "Actual Rows": 4,
          "Actual Loops": 1,
          "Workers Planned": 3,
          "Workers Launched": 3,
          "Single Copy": false,
          "Plans": [
            {
              "Node Type": "Aggregate",
              "Strategy": "Plain",
              "Partial Mode": "Partial",
              "Parent Relationship": "Outer",
              "Parallel Aware": false,
              "Startup Cost": 44124.99,
              "Total Cost": 44125.0,
              "Plan Rows": 1,
              "Plan Width": 8,
              "Actual Startup Time": 142.202,
              "Actual Total Time": 142.203,
              "Actual Rows": 1,
              "Actual Loops": 4,
              "Plans": [
                {
                  "Node Type": "Seq Scan",
                  "Parent Relationship": "Outer",
                  "Parallel Aware": true,
                  "Relation Name": "movie_keyword",
                  "Alias": "mk",
                  "Startup Cost": 0.0,
                  "Total Cost": 42695.65,
                  "Plan Rows": 571733,
                  "Plan Width": 0,
                  "Actual Startup Time": 1.184,
                  "Actual Total Time": 118.54,
                  "Actual Rows": 444120,
                  "Actual Loops": 4,
                  "Filter": "(keyword_id > 7788)",
                  "Rows Removed by Filter": 686862
                }
              ]
            }
          ]
        }
      ]
    },
    "Planning Time": 0.157,
    "Triggers": [],
    "Execution Time": 159.824
  }
]