[
  {
    "Plan": {
      "Node Type": "Aggregate",
      "Strategy": "Plain",
      "Partial Mode": "Finalize",
      "Parallel Aware": false,
      "Startup Cost": 425415.89,
      "Total Cost": 425415.9,
      "Plan Rows": 1,
      "Plan Width": 8,
      "Actual Startup Time": 1211.849,
      "Actual Total Time": 1241.007,
      "Actual Rows": 1,
      "Actual Loops": 1,
      "Plans": [
        {
          "Node Type": "Gather",
          "Parent Relationship": "Outer",
          "Parallel Aware": false,
          "Startup Cost": 425415.26,
          "Total Cost": 425415.87,
          "Plan Rows": 6,
          "Plan Width": 8,
          "Actual Startup Time": 1203.482,
          "Actual Total Time": 1240.994,
          "Actual Rows": 7,
          "Actual Loops": 1,
          "Workers Planned": 6,
          "Workers Launched": 6,
          "Single Copy": false,
          "Plans": [
            {
              "Node Type": "Aggregate",
              "Strategy": "Plain",
              "Partial Mode": "Partial",
              "Parent Relationship": "Outer",
              "Parallel Aware": false,
              "Startup Cost": 424415.26,
              "Total Cost": 424415.27,
              "Plan Rows": 1,
              "Plan Width": 8,
              "Actual Startup Time": 1188.315,
              "Actual Total Time": 1188.662,
              "Actual Rows": 1,
              "Actual Loops": 7,
              "Plans": [
                {
                  "Node Type": "Hash Join",
                  "Parent Relationship": "Outer",
                  "Parallel Aware": true,
                  "Join Type": "Inner",
                  "Startup Cost": 85813.46,
                  "Total Cost": 423790.19,
                  "Plan Rows": 250030,
                  "Plan Width": 0,
                  "Actual Startup Time": 417.957,
                  "Actual Total Time": 1153.776,
                  "Actual Rows": 820110,
                  "Actual Loops": 7,
                  "Inner Unique": false,
                  "Hash Cond": "(ci.movie_id = t.id)",
                  "Plans": [
                    {
                      "Node Type": "Index Scan",
                      "Parent Relationship": "Outer",
                      "Parallel Aware": true,
                      "Scan Direction": "Forward",
                      "Index Name": "role_id_cast_info",
                      "Relation Name": "cast_info",
                      "Alias": "ci",
                      "Startup Cost": 0.56,
                      "Total Cost": 335235.55,
                      "Plan Rows": 564445,
                      "Plan Width": 4,
                      "Actual Startup Time": 0.387,
                      "Actual Total Time": 364.384,
                      "Actual Rows": 1017776,
                      "Actual Loops": 7,
                      "Index Cond": "(role_id < 2)",
                      "Rows Removed by Index Recheck": 0,
                      "Filter": "(person_id < 974793)",
                      "Rows Removed by Filter": 792322
                    },
                    {
                      "Node Type": "Hash",
                      "Parent Relationship": "Inner",
                      "Parallel Aware": true,
                      "Startup Cost": 82313.04,
                      "Total Cost": 82313.04,
                      "Plan Rows": 279988,
                      "Plan Width": 8,
                      "Actual Startup Time": 412.951,
                      "Actual Total Time": 413.295,
                      "Actual Rows": 177241,
                      "Actual Loops": 7,
                      "Hash Buckets": 2097152,
                      "Original Hash Buckets": 2097152,
                      "Hash Batches": 1,
                      "Original Hash Batches": 1,
                      "Peak Memory Usage": 65024,
                      "Plans": [
                        {
                          "Node Type": "Hash Join",
                          "Parent Relationship": "Outer",
                          "Parallel Aware": true,
                          "Join Type": "Inner",
                          "Startup Cost": 35930.76,
                          "Total Cost": 82313.04,
                          "Plan Rows": 279988,
                          "Plan Width": 8,
                          "Actual Startup Time": 139.775,
                          "Actual Total Time": 334.213,
                          "Actual Rows": 177241,
                          "Actual Loops": 7,
                          "Inner Unique": false,
                          "Hash Cond": "(t.id = mc.movie_id)",
                          "Plans": [
                            {
                              "Node Type": "Seq Scan",
                              "Parent Relationship": "Outer",
                              "Parallel Aware": true,
                              "Relation Name": "title",
                              "Alias": "t",
                              "Startup Cost": 0.0,
                              "Total Cost": 42318.73,
                              "Plan Rows": 632073,
                              "Plan Width": 4,
                              "Actual Startup Time": 0.017,
                              "Actual Total Time": 57.21,
                              "Actual Rows": 361187,
                              "Actual Loops": 7
                            },
                            {
                              "Node Type": "Hash",
                              "Parent Relationship": "Inner",
                              "Parallel Aware": true,
                              "Startup Cost": 31414.82,
                              "Total Cost": 31414.82,
                              "Plan Rows": 361275,
                              "Plan Width": 4,
                              "Actual Startup Time": 137.542,
                              "Actual Total Time": 137.543,
                              "Actual Rows": 177241,
                              "Actual Loops": 7,
                              "Hash Buckets": 2097152,
                              "Original Hash Buckets": 2097152,
                              "Hash Batches": 1,
                              "Original Hash Batches": 1,
                              "Peak Memory Usage": 65024,
                              "Plans": [
                                {
                                  "Node Type": "Seq Scan",
                                  "Parent Relationship": "Outer",
                                  "Parallel Aware": true,
                                  "Relation Name": "movie_companies",
                                  "Alias": "mc",
                                  "Startup Cost": 0.0,
                                  "Total Cost": 31414.82,
                                  "Plan Rows": 361275,
                                  "Plan Width": 4,
                                  "Actual Startup Time": 38.555,
                                  "Actual Total Time": 66.817,
                                  "Actual Rows": 177241,
                                  "Actual Loops": 7,
                                  "Filter": "((company_id > 252) AND (company_type_id = 2))",
                                  "Rows Removed by Filter": 195492
                                }
                              ]
                            }
                          ]
                        }
                      ]
                    }
                  ]
                }
              ]
            }
          ]
        }
      ]
    },
    "Planning Time": 1.495,
    "Triggers": [],
    "Execution Time": 1241.102
  }
]