[
  {
    "Plan": {
      "Node Type": "Aggregate",
      "Strategy": "Plain",
      "Partial Mode": "Finalize",
      "Parallel Aware": false,
      "Startup Cost": 32741.59,
      "Total Cost": 32741.6,
      "Plan Rows": 1,
      "Plan Width": 8,
      "Actual Startup Time": 96.669,
      "Actual Total Time": 105.086,
      "Actual Rows": 1,
      "Actual Loops": 1,
      "Plans": [
        {
          "Node Type": "Gather",
          "Parent Relationship": "Outer",
          "Parallel Aware": false,
          "Startup Cost": 32741.27,
          "Total Cost": 32741.58,
          "Plan Rows": 3,
          "Plan Width": 8,
          "Actual Startup Time": 96.558,
          "Actual Total Time": 105.079,
          "Actual Rows": 4,
          "Actual Loops": 1,
          "Workers Planned": 3,
          "Workers Launched": 3,
          "Single Copy": false,
          "Plans": [
            {
              "Node Type": "Aggregate",
              "Strategy": "Plain",
              "Partial Mode": "Partial",
              "Parent Relationship": "Outer",
              "Parallel Aware": false,
              "Startup Cost": 31741.27,
              "Total Cost": 31741.28,
              "Plan Rows": 1,
              "Plan Width": 8,
              "Actual Startup Time": 89.38,
              "Actual Total Time": 89.381,
              "Actual Rows": 1,
              "Actual Loops": 4,
              "Plans": [
                {
                  "Node Type": "Seq Scan",
                  "Parent Relationship": "Outer",
                  "Parallel Aware": true,
                  "Relation Name": "movie_companies",
                  "Alias": "mc",
                  "Startup Cost": 0.0,
                  "Total Cost": 31414.82,
                  "Plan Rows": 130581,
                  "Plan Width": 0,
                  "Actual Startup Time": 45.755,
                  "Actual Total Time": 81.553,
                  "Actual Rows": 183767,
                  "Actual Loops": 4,
                  "Filter": "((company_id > 29052) AND (company_type_id = 2))",
                  "Rows Removed by Filter": 468515
                }
              ]
            }
          ]
        }
      ]
    },
    "Planning Time": 0.221,
    "Triggers": [],
    "Execution Time": 105.141
  }
]