[
    {
        "Bao": {
            "Bao prediction": "NaN",
            "Bao recommended hint": "(no hint)"
        }
    },
    {
        "Plan": {
            "Node Type": "Aggregate",
            "Strategy": "Plain",
            "Partial Mode": "Finalize",
            "Parallel Aware": false,
            "Startup Cost": 29481.87,
            "Total Cost": 29481.88,
            "Plan Rows": 1,
            "Plan Width": 8,
            "Actual Startup Time": 80.477,
            "Actual Total Time": 87.03,
            "Actual Rows": 1,
            "Actual Loops": 1,
            "Output": [
                "count(*)"
            ],
            "Plans": [
                {
                    "Node Type": "Gather",
                    "Parent Relationship": "Outer",
                    "Parallel Aware": false,
                    "Startup Cost": 29481.55,
                    "Total Cost": 29481.86,
                    "Plan Rows": 3,
                    "Plan Width": 8,
                    "Actual Startup Time": 80.091,
                    "Actual Total Time": 87.017,
                    "Actual Rows": 4,
                    "Actual Loops": 1,
                    "Output": [
                        "(PARTIAL count(*))"
                    ],
                    "Workers Planned": 3,
                    "Workers Launched": 3,
                    "Single Copy": false,
                    "Plans": [
                        {
                            "Node Type": "Aggregate",
                            "Strategy": "Plain",
                            "Partial Mode": "Partial",
                            "Parent Relationship": "Outer",
                            "Parallel Aware": false,
                            "Startup Cost": 28481.55,
                            "Total Cost": 28481.56,
                            "Plan Rows": 1,
                            "Plan Width": 8,
                            "Actual Startup Time": 70.714,
                            "Actual Total Time": 70.716,
                            "Actual Rows": 1,
                            "Actual Loops": 4,
                            "Output": [
                                "PARTIAL count(*)"
                            ],
                            "Workers": [
                                {
                                    "Worker Number": 0,
                                    "Actual Startup Time": 67.588,
                                    "Actual Total Time": 67.59,
                                    "Actual Rows": 1,
                                    "Actual Loops": 1
                                },
                                {
                                    "Worker Number": 1,
                                    "Actual Startup Time": 67.802,
                                    "Actual Total Time": 67.803,
                                    "Actual Rows": 1,
                                    "Actual Loops": 1
                                },
                                {
                                    "Worker Number": 2,
                                    "Actual Startup Time": 67.799,
                                    "Actual Total Time": 67.8,
                                    "Actual Rows": 1,
                                    "Actual Loops": 1
                                }
                            ],
                            "Plans": [
                                {
                                    "Node Type": "Bitmap Heap Scan",
                                    "Parent Relationship": "Outer",
                                    "Parallel Aware": true,
                                    "Relation Name": "movie_companies",
                                    "Schema": "public",
                                    "Alias": "mc",
                                    "Startup Cost": 7922.26,
                                    "Total Cost": 28186.67,
                                    "Plan Rows": 117953,
                                    "Plan Width": 0,
                                    "Actual Startup Time": 20.257,
                                    "Actual Total Time": 63.109,
                                    "Actual Rows": 92586,
                                    "Actual Loops": 4,
                                    "Recheck Cond": "(mc.company_id > 85446)",
                                    "Rows Removed by Index Recheck": 0,
                                    "Exact Heap Blocks": 2618,
                                    "Lossy Heap Blocks": 0,
                                    "Workers": [
                                        {
                                            "Worker Number": 0,
                                            "Actual Startup Time": 17.49,
                                            "Actual Total Time": 60.707,
                                            "Actual Rows": 73273,
                                            "Actual Loops": 1
                                        },
                                        {
                                            "Worker Number": 1,
                                            "Actual Startup Time": 17.324,
                                            "Actual Total Time": 60.886,
                                            "Actual Rows": 68995,
                                            "Actual Loops": 1
                                        },
                                        {
                                            "Worker Number": 2,
                                            "Actual Startup Time": 17.475,
                                            "Actual Total Time": 60.981,
                                            "Actual Rows": 69519,
                                            "Actual Loops": 1
                                        }
                                    ],
                                    "Plans": [
                                        {
                                            "Node Type": "Bitmap Index Scan",
                                            "Parent Relationship": "Outer",
                                            "Parallel Aware": false,
                                            "Index Name": "company_id_movie_companies",
                                            "Startup Cost": 0.0,
                                            "Total Cost": 7830.84,
                                            "Plan Rows": 365655,
                                            "Plan Width": 0,
                                            "Actual Startup Time": 27.501,
                                            "Actual Total Time": 27.502,
                                            "Actual Rows": 370343,
                                            "Actual Loops": 1,
                                            "Index Cond": "(mc.company_id > 85446)"
                                        }
                                    ]
                                }
                            ]
                        }
                    ]
                }
            ]
        },
        "Planning Time": 354.51,
        "Triggers": [],
        "Execution Time": 87.126
    }
]