[
  {
    "Bao": {
      "Bao prediction": 206.832,
      "Bao recommended hint": "SET enable_nestloop TO off; SET enable_hashjoin TO off; "
    }
  },
  {
    "Plan": {
      "Node Type": "Aggregate",
      "Strategy": "Plain",
      "Partial Mode": "Simple",
      "Parallel Aware": false,
      "Startup Cost": 361176.72,
      "Total Cost": 361176.73,
      "Plan Rows": 1,
      "Plan Width": 32,
      "Actual Startup Time": 1305.601,
      "Actual Total Time": 1380.15,
      "Actual Rows": 1,
      "Actual Loops": 1,
      "Plans": [
        {
          "Node Type": "Merge Join",
          "Parent Relationship": "Outer",
          "Parallel Aware": false,
          "Join Type": "Inner",
          "Startup Cost": 361176.13,
          "Total Cost": 361176.72,
          "Plan Rows": 2,
          "Plan Width": 17,
          "Actual Startup Time": 1305.595,
          "Actual Total Time": 1380.143,
          "Actual Rows": 0,
          "Actual Loops": 1,
          "Inner Unique": true,
          "Merge Cond": "(mi.info_type_id = it.id)",
          "Plans": [
            {
              "Node Type": "Sort",
              "Parent Relationship": "Outer",
              "Parallel Aware": false,
              "Startup Cost": 361170.15,
              "Total Cost": 361170.15,
              "Plan Rows": 2,
              "Plan Width": 21,
              "Actual Startup Time": 1305.593,
              "Actual Total Time": 1380.139,
              "Actual Rows": 0,
              "Actual Loops": 1,
              "Sort Key": [
                "mi.info_type_id"
              ],
              "Sort Method": "quicksort",
              "Sort Space Used": 25,
              "Sort Space Type": "Memory",
              "Plans": [
                {
                  "Node Type": "Merge Join",
                  "Parent Relationship": "Outer",
                  "Parallel Aware": false,
                  "Join Type": "Inner",
                  "Startup Cost": 348125.67,
                  "Total Cost": 361170.14,
                  "Plan Rows": 2,
                  "Plan Width": 21,
                  "Actual Startup Time": 1305.582,
                  "Actual Total Time": 1380.127,
                  "Actual Rows": 0,
                  "Actual Loops": 1,
                  "Inner Unique": false,
                  "Merge Cond": "(t.id = mc.movie_id)",
                  "Plans": [
                    {
                      "Node Type": "Gather Merge",
                      "Parent Relationship": "Outer",
                      "Parallel Aware": false,
                      "Startup Cost": 313603.17,
                      "Total Cost": 326450.69,
                      "Plan Rows": 84381,
                      "Plan Width": 29,
                      "Actual Startup Time": 1110.423,
                      "Actual Total Time": 1184.797,
                      "Actual Rows": 1,
                      "Actual Loops": 1,
                      "Workers Planned": 5,
                      "Workers Launched": 5,
                      "Plans": [
                        {
                          "Node Type": "Merge Join",
                          "Parent Relationship": "Outer",
                          "Parallel Aware": false,
                          "Join Type": "Inner",
                          "Startup Cost": 312603.09,
                          "Total Cost": 315289.04,
                          "Plan Rows": 16876,
                          "Plan Width": 29,
                          "Actual Startup Time": 1053.572,
                          "Actual Total Time": 1087.107,
                          "Actual Rows": 851,
                          "Actual Loops": 6,
                          "Inner Unique": true,
                          "Merge Cond": "(mi.movie_id = t.id)",
                          "Plans": [
                            {
                              "Node Type": "Sort",
                              "Parent Relationship": "Outer",
                              "Parallel Aware": false,
                              "Startup Cost": 208168.27,
                              "Total Cost": 208437.58,
                              "Plan Rows": 107723,
                              "Plan Width": 8,
                              "Actual Startup Time": 503.446,
                              "Actual Total Time": 503.849,
                              "Actual Rows": 6638,
                              "Actual Loops": 6,
                              "Sort Key": [
                                "mi.movie_id"
                              ],
                              "Sort Method": "quicksort",
                              "Sort Space Used": 7203,
                              "Sort Space Type": "Memory",
                              "Workers": [
                                {
                                  "Worker Number": 0,
                                  "Sort Method": "quicksort",
                                  "Sort Space Used": 7182,
                                  "Sort Space Type": "Memory"
                                },
                                {
                                  "Worker Number": 1,
                                  "Sort Method": "quicksort",
                                  "Sort Space Used": 6345,
                                  "Sort Space Type": "Memory"
                                },
                                {
                                  "Worker Number": 2,
                                  "Sort Method": "quicksort",
                                  "Sort Space Used": 7145,
                                  "Sort Space Type": "Memory"
                                },
                                {
                                  "Worker Number": 3,
                                  "Sort Method": "quicksort",
                                  "Sort Space Used": 6949,
                                  "Sort Space Type": "Memory"
                                },
                                {
                                  "Worker Number": 4,
                                  "Sort Method": "quicksort",
                                  "Sort Space Used": 12595,
                                  "Sort Space Type": "Memory"
                                }
                              ],
                              "Plans": [
                                {
                                  "Node Type": "Seq Scan",
                                  "Parent Relationship": "Outer",
                                  "Parallel Aware": true,
                                  "Relation Name": "movie_info",
                                  "Alias": "mi",
                                  "Startup Cost": 0.0,
                                  "Total Cost": 199164.27,
                                  "Plan Rows": 107723,
                                  "Plan Width": 8,
                                  "Actual Startup Time": 42.15,
                                  "Actual Total Time": 474.717,
                                  "Actual Rows": 92130,
                                  "Actual Loops": 6,
                                  "Filter": "(info = ANY ('{USA,America}'::text[]))",
                                  "Rows Removed by Filter": 2380490
                                }
                              ]
                            },
                            {
                              "Node Type": "Sort",
                              "Parent Relationship": "Inner",
                              "Parallel Aware": false,
                              "Startup Cost": 104434.76,
                              "Total Cost": 105425.06,
                              "Plan Rows": 396120,
                              "Plan Width": 21,
                              "Actual Startup Time": 549.931,
                              "Actual Total Time": 567.839,
                              "Actual Rows": 97107,
                              "Actual Loops": 6,
                              "Sort Key": [
                                "t.id"
                              ],
                              "Sort Method": "quicksort",
                              "Sort Space Used": 39792,
                              "Sort Space Type": "Memory",
                              "Workers": [
                                {
                                  "Worker Number": 0,
                                  "Sort Method": "quicksort",
                                  "Sort Space Used": 39792,
                                  "Sort Space Type": "Memory"
                                },
                                {
                                  "Worker Number": 1,
                                  "Sort Method": "quicksort",
                                  "Sort Space Used": 39792,
                                  "Sort Space Type": "Memory"
                                },
                                {
                                  "Worker Number": 2,
                                  "Sort Method": "quicksort",
                                  "Sort Space Used": 39792,
                                  "Sort Space Type": "Memory"
                                },
                                {
                                  "Worker Number": 3,
                                  "Sort Method": "quicksort",
                                  "Sort Space Used": 39792,
                                  "Sort Space Type": "Memory"
                                },
                                {
                                  "Worker Number": 4,
                                  "Sort Method": "quicksort",
                                  "Sort Space Used": 39792,
                                  "Sort Space Type": "Memory"
                                }
                              ],
                              "Plans": [
                                {
                                  "Node Type": "Seq Scan",
                                  "Parent Relationship": "Outer",
                                  "Parallel Aware": false,
                                  "Relation Name": "title",
                                  "Alias": "t",
                                  "Startup Cost": 0.0,
                                  "Total Cost": 67604.36,
                                  "Plan Rows": 396120,
                                  "Plan Width": 21,
                                  "Actual Startup Time": 0.041,
                                  "Actual Total Time": 358.731,
                                  "Actual Rows": 391666,
                                  "Actual Loops": 6,
                                  "Filter": "(production_year > 2010)",
                                  "Rows Removed by Filter": 2136646
                                }
                              ]
                            }
                          ]
                        }
                      ]
                    },
                    {
                      "Node Type": "Sort",
                      "Parent Relationship": "Inner",
                      "Parallel Aware": false,
                      "Startup Cost": 34522.19,
                      "Total Cost": 34522.23,
                      "Plan Rows": 14,
                      "Plan Width": 4,
                      "Actual Startup Time": 195.153,
                      "Actual Total Time": 195.32,
                      "Actual Rows": 0,
                      "Actual Loops": 1,
                      "Sort Key": [
                        "mc.movie_id"
                      ],
                      "Sort Method": "quicksort",
                      "Sort Space Used": 25,
                      "Sort Space Type": "Memory",
                      "Plans": [
                        {
                          "Node Type": "Gather",
                          "Parent Relationship": "Outer",
                          "Parallel Aware": false,
                          "Startup Cost": 34520.39,
                          "Total Cost": 34521.93,
                          "Plan Rows": 14,
                          "Plan Width": 4,
                          "Actual Startup Time": 195.135,
                          "Actual Total Time": 195.301,
                          "Actual Rows": 0,
                          "Actual Loops": 1,
                          "Workers Planned": 3,
                          "Workers Launched": 2,
                          "Single Copy": false,
                          "Plans": [
                            {
                              "Node Type": "Merge Join",
                              "Parent Relationship": "Outer",
                              "Parallel Aware": false,
                              "Join Type": "Inner",
                              "Startup Cost": 33520.39,
                              "Total Cost": 33520.53,
                              "Plan Rows": 5,
                              "Plan Width": 4,
                              "Actual Startup Time": 185.073,
                              "Actual Total Time": 185.077,
                              "Actual Rows": 0,
                              "Actual Loops": 3,
                              "Inner Unique": true,
                              "Merge Cond": "(mc.company_type_id = ct.id)",
                              "Plans": [
                                {
                                  "Node Type": "Sort",
                                  "Parent Relationship": "Outer",
                                  "Parallel Aware": false,
                                  "Startup Cost": 33519.33,
                                  "Total Cost": 33519.37,
                                  "Plan Rows": 18,
                                  "Plan Width": 8,
                                  "Actual Startup Time": 184.899,
                                  "Actual Total Time": 184.927,
                                  "Actual Rows": 473,
                                  "Actual Loops": 3,
                                  "Sort Key": [
                                    "mc.company_type_id"
                                  ],
                                  "Sort Method": "quicksort",
                                  "Sort Space Used": 48,
                                  "Sort Space Type": "Memory",
                                  "Workers": [
                                    {
                                      "Worker Number": 0,
                                      "Sort Method": "quicksort",
                                      "Sort Space Used": 44,
                                      "Sort Space Type": "Memory"
                                    },
                                    {
                                      "Worker Number": 1,
                                      "Sort Method": "quicksort",
                                      "Sort Space Used": 48,
                                      "Sort Space Type": "Memory"
                                    }
                                  ],
                                  "Plans": [
                                    {
                                      "Node Type": "Seq Scan",
                                      "Parent Relationship": "Outer",
                                      "Parallel Aware": true,
                                      "Relation Name": "movie_companies",
                                      "Alias": "mc",
                                      "Startup Cost": 0.0,
                                      "Total Cost": 33518.95,
                                      "Plan Rows": 18,
                                      "Plan Width": 8,
                                      "Actual Startup Time": 3.599,
                                      "Actual Total Time": 184.51,
                                      "Actual Rows": 473,
                                      "Actual Loops": 3,
                                      "Filter": "((note ~~ '%(VHS)%'::text) AND (note ~~ '%(USA)%'::text) AND (note ~~ '%(1994)%'::text))",
                                      "Rows Removed by Filter": 869237
                                    }
                                  ]
                                },
                                {
                                  "Node Type": "Sort",
                                  "Parent Relationship": "Inner",
                                  "Parallel Aware": false,
                                  "Startup Cost": 1.06,
                                  "Total Cost": 1.06,
                                  "Plan Rows": 1,
                                  "Plan Width": 4,
                                  "Actual Startup Time": 0.102,
                                  "Actual Total Time": 0.103,
                                  "Actual Rows": 1,
                                  "Actual Loops": 3,
                                  "Sort Key": [
                                    "ct.id"
                                  ],
                                  "Sort Method": "quicksort",
                                  "Sort Space Used": 25,
                                  "Sort Space Type": "Memory",
                                  "Workers": [
                                    {
                                      "Worker Number": 0,
                                      "Sort Method": "quicksort",
                                      "Sort Space Used": 25,
                                      "Sort Space Type": "Memory"
                                    },
                                    {
                                      "Worker Number": 1,
                                      "Sort Method": "quicksort",
                                      "Sort Space Used": 25,
                                      "Sort Space Type": "Memory"
                                    }
                                  ],
                                  "Plans": [
                                    {
                                      "Node Type": "Seq Scan",
                                      "Parent Relationship": "Outer",
                                      "Parallel Aware": false,
                                      "Relation Name": "company_type",
                                      "Alias": "ct",
                                      "Startup Cost": 0.0,
                                      "Total Cost": 1.05,
                                      "Plan Rows": 1,
                                      "Plan Width": 4,
                                      "Actual Startup Time": 0.056,
                                      "Actual Total Time": 0.058,
                                      "Actual Rows": 1,
                                      "Actual Loops": 3,
                                      "Filter": "((kind)::text = 'production companies'::text)",
                                      "Rows Removed by Filter": 3
                                    }
                                  ]
                                }
                              ]
                            }
                          ]
                        }
                      ]
                    }
                  ]
                }
              ]
            },
            {
              "Node Type": "Sort",
              "Parent Relationship": "Inner",
              "Parallel Aware": false,
              "Startup Cost": 5.98,
              "Total Cost": 6.27,
              "Plan Rows": 113,
              "Plan Width": 4,
              "Actual Startup Time": 0.0,
              "Actual Total Time": 0.0,
              "Actual Rows": 0,
              "Actual Loops": 0,
              "Sort Key": [
                "it.id"
              ],
              "Plans": [
                {
                  "Node Type": "Seq Scan",
                  "Parent Relationship": "Outer",
                  "Parallel Aware": false,
                  "Relation Name": "info_type",
                  "Alias": "it",
                  "Startup Cost": 0.0,
                  "Total Cost": 2.13,
                  "Plan Rows": 113,
                  "Plan Width": 4,
                  "Actual Startup Time": 0.0,
                  "Actual Total Time": 0.0,
                  "Actual Rows": 0,
                  "Actual Loops": 0
                }
              ]
            }
          ]
        }
      ]
    },
    "Planning Time": 405.506,
    "Triggers": [],
    "Execution Time": 1388.337
  }
]