[
  {
    "Plan": {
      "Node Type": "Aggregate",
      "Strategy": "Plain",
      "Partial Mode": "Finalize",
      "Parallel Aware": false,
      "Startup Cost": 89473.98,
      "Total Cost": 89473.99,
      "Plan Rows": 1,
      "Plan Width": 8,
      "Actual Startup Time": 234.192,
      "Actual Total Time": 257.816,
      "Actual Rows": 1,
      "Actual Loops": 1,
      "Plans": [
        {
          "Node Type": "Gather",
          "Parent Relationship": "Outer",
          "Parallel Aware": false,
          "Startup Cost": 89473.66,
          "Total Cost": 89473.97,
          "Plan Rows": 3,
          "Plan Width": 8,
          "Actual Startup Time": 232.955,
          "Actual Total Time": 257.806,
          "Actual Rows": 4,
          "Actual Loops": 1,
          "Workers Planned": 3,
          "Workers Launched": 3,
          "Single Copy": false,
          "Plans": [
            {
              "Node Type": "Aggregate",
              "Strategy": "Plain",
              "Partial Mode": "Partial",
              "Parent Relationship": "Outer",
              "Parallel Aware": false,
              "Startup Cost": 88473.66,
              "Total Cost": 88473.67,
              "Plan Rows": 1,
              "Plan Width": 8,
              "Actual Startup Time": 227.447,
              "Actual Total Time": 227.451,
              "Actual Rows": 1,
              "Actual Loops": 4,
              "Plans": [
                {
                  "Node Type": "Nested Loop",
                  "Parent Relationship": "Outer",
                  "Parallel Aware": false,
                  "Join Type": "Inner",
                  "Startup Cost": 47591.26,
                  "Total Cost": 88390.56,
                  "Plan Rows": 33241,
                  "Plan Width": 0,
                  "Actual Startup Time": 128.037,
                  "Actual Total Time": 223.78,
                  "Actual Rows": 66617,
                  "Actual Loops": 4,
                  "Inner Unique": false,
                  "Plans": [
                    {
                      "Node Type": "Hash Join",
                      "Parent Relationship": "Outer",
                      "Parallel Aware": true,
                      "Join Type": "Inner",
                      "Startup Cost": 47590.83,
                      "Total Cost": 66938.36,
                      "Plan Rows": 5661,
                      "Plan Width": 8,
                      "Actual Startup Time": 127.934,
                      "Actual Total Time": 145.303,
                      "Actual Rows": 5055,
                      "Actual Loops": 4,
                      "Inner Unique": true,
                      "Hash Cond": "(mc.movie_id = t.id)",
                      "Plans": [
                        {
                          "Node Type": "Bitmap Heap Scan",
                          "Parent Relationship": "Outer",
                          "Parallel Aware": true,
                          "Relation Name": "movie_companies",
                          "Alias": "mc",
                          "Startup Cost": 2478.03,
                          "Total Cost": 21728.8,
                          "Plan Rows": 36862,
                          "Plan Width": 4,
                          "Actual Startup Time": 5.59,
                          "Actual Total Time": 12.526,
                          "Actual Rows": 28134,
                          "Actual Loops": 4,
                          "Recheck Cond": "(company_id > 150483)",
                          "Rows Removed by Index Recheck": 0,
                          "Exact Heap Blocks": 1243,
                          "Lossy Heap Blocks": 0,
                          "Plans": [
                            {
                              "Node Type": "Bitmap Index Scan",
                              "Parent Relationship": "Outer",
                              "Parallel Aware": false,
                              "Index Name": "company_id_movie_companies",
                              "Startup Cost": 0.0,
                              "Total Cost": 2449.46,
                              "Plan Rows": 114271,
                              "Plan Width": 0,
                              "Actual Startup Time": 5.145,
                              "Actual Total Time": 5.146,
                              "Actual Rows": 112537,
                              "Actual Loops": 1,
                              "Index Cond": "(company_id > 150483)"
                            }
                          ]
                        },
                        {
                          "Node Type": "Hash",
                          "Parent Relationship": "Inner",
                          "Parallel Aware": true,
                          "Startup Cost": 43899.32,
                          "Total Cost": 43899.32,
                          "Plan Rows": 97078,
                          "Plan Width": 4,
                          "Actual Startup Time": 119.125,
                          "Actual Total Time": 119.126,
                          "Actual Rows": 97916,
                          "Actual Loops": 4,
                          "Hash Buckets": 524288,
                          "Original Hash Buckets": 524288,
                          "Hash Batches": 1,
                          "Original Hash Batches": 1,
                          "Peak Memory Usage": 19488,
                          "Plans": [
                            {
                              "Node Type": "Seq Scan",
                              "Parent Relationship": "Outer",
                              "Parallel Aware": true,
                              "Relation Name": "title",
                              "Alias": "t",
                              "Startup Cost": 0.0,
                              "Total Cost": 43899.32,
                              "Plan Rows": 97078,
                              "Plan Width": 4,
                              "Actual Startup Time": 0.023,
                              "Actual Total Time": 84.886,
                              "Actual Rows": 97916,
                              "Actual Loops": 4,
                              "Filter": "(production_year > 2010)",
                              "Rows Removed by Filter": 534162
                            }
                          ]
                        }
                      ]
                    },
                    {
                      "Node Type": "Index Only Scan",
                      "Parent Relationship": "Inner",
                      "Parallel Aware": false,
                      "Scan Direction": "Forward",
                      "Index Name": "movie_id_movie_info",
                      "Relation Name": "movie_info",
                      "Alias": "mi",
                      "Startup Cost": 0.43,
                      "Total Cost": 3.38,
                      "Plan Rows": 41,
                      "Plan Width": 4,
                      "Actual Startup Time": 0.005,
                      "Actual Total Time": 0.014,
                      "Actual Rows": 13,
                      "Actual Loops": 20220,
                      "Index Cond": "(movie_id = t.id)",
                      "Rows Removed by Index Recheck": 0,
                      "Heap Fetches": 266467
                    }
                  ]
                }
              ]
            }
          ]
        }
      ]
    },
    "Planning Time": 1.56,
    "Triggers": [],
    "Execution Time": 257.928
  }
]