[
  {
    "Plan": {
      "Node Type": "Aggregate",
      "Strategy": "Plain",
      "Partial Mode": "Finalize",
      "Parallel Aware": false,
      "Startup Cost": 67786.37,
      "Total Cost": 67786.38,
      "Plan Rows": 1,
      "Plan Width": 8,
      "Actual Startup Time": 189.435,
      "Actual Total Time": 204.609,
      "Actual Rows": 1,
      "Actual Loops": 1,
      "Plans": [
        {
          "Node Type": "Gather",
          "Parent Relationship": "Outer",
          "Parallel Aware": false,
          "Startup Cost": 67785.95,
          "Total Cost": 67786.36,
          "Plan Rows": 4,
          "Plan Width": 8,
          "Actual Startup Time": 188.617,
          "Actual Total Time": 204.596,
          "Actual Rows": 5,
          "Actual Loops": 1,
          "Workers Planned": 4,
          "Workers Launched": 4,
          "Single Copy": false,
          "Plans": [
            {
              "Node Type": "Aggregate",
              "Strategy": "Plain",
              "Partial Mode": "Partial",
              "Parent Relationship": "Outer",
              "Parallel Aware": false,
              "Startup Cost": 66785.95,
              "Total Cost": 66785.96,
              "Plan Rows": 1,
              "Plan Width": 8,
              "Actual Startup Time": 178.91,
              "Actual Total Time": 178.914,
              "Actual Rows": 1,
              "Actual Loops": 5,
              "Plans": [
                {
                  "Node Type": "Hash Join",
                  "Parent Relationship": "Outer",
                  "Parallel Aware": true,
                  "Join Type": "Inner",
                  "Startup Cost": 21191.28,
                  "Total Cost": 66735.49,
                  "Plan Rows": 20185,
                  "Plan Width": 0,
                  "Actual Startup Time": 47.446,
                  "Actual Total Time": 177.833,
                  "Actual Rows": 16814,
                  "Actual Loops": 5,
                  "Inner Unique": false,
                  "Hash Cond": "(t.id = mc.movie_id)",
                  "Plans": [
                    {
                      "Node Type": "Seq Scan",
                      "Parent Relationship": "Outer",
                      "Parallel Aware": true,
                      "Relation Name": "title",
                      "Alias": "t",
                      "Startup Cost": 0.0,
                      "Total Cost": 42318.73,
                      "Plan Rows": 632073,
                      "Plan Width": 4,
                      "Actual Startup Time": 0.015,
                      "Actual Total Time": 65.086,
                      "Actual Rows": 505662,
                      "Actual Loops": 5
                    },
                    {
                      "Node Type": "Hash",
                      "Parent Relationship": "Inner",
                      "Parallel Aware": true,
                      "Startup Cost": 20865.72,
                      "Total Cost": 20865.72,
                      "Plan Rows": 26045,
                      "Plan Width": 4,
                      "Actual Startup Time": 45.821,
                      "Actual Total Time": 45.822,
                      "Actual Rows": 16814,
                      "Actual Loops": 5,
                      "Hash Buckets": 131072,
                      "Original Hash Buckets": 131072,
                      "Hash Batches": 1,
                      "Original Hash Batches": 1,
                      "Peak Memory Usage": 4352,
                      "Plans": [
                        {
                          "Node Type": "Bitmap Heap Scan",
                          "Parent Relationship": "Outer",
                          "Parallel Aware": true,
                          "Relation Name": "movie_companies",
                          "Alias": "mc",
                          "Startup Cost": 1750.16,
                          "Total Cost": 20865.72,
                          "Plan Rows": 26045,
                          "Plan Width": 4,
                          "Actual Startup Time": 11.845,
                          "Actual Total Time": 35.533,
                          "Actual Rows": 16814,
                          "Actual Loops": 5,
                          "Recheck Cond": "(company_id < 19)",
                          "Rows Removed by Index Recheck": 0,
                          "Exact Heap Blocks": 5044,
                          "Lossy Heap Blocks": 0,
                          "Plans": [
                            {
                              "Node Type": "Bitmap Index Scan",
                              "Parent Relationship": "Outer",
                              "Parallel Aware": false,
                              "Index Name": "company_id_movie_companies",
                              "Startup Cost": 0.0,
                              "Total Cost": 1729.97,
                              "Plan Rows": 80739,
                              "Plan Width": 0,
                              "Actual Startup Time": 13.161,
                              "Actual Total Time": 13.161,
                              "Actual Rows": 84071,
                              "Actual Loops": 1,
                              "Index Cond": "(company_id < 19)"
                            }
                          ]
                        }
                      ]
                    }
                  ]
                }
              ]
            }
          ]
        }
      ]
    },
    "Planning Time": 0.675,
    "Triggers": [],
    "Execution Time": 204.703
  }
]