{
  "Plan": {
    "Node Type": "Aggregate",
    "Strategy": "Plain",
    "Partial Mode": "Finalize",
    "Parallel Aware": false,
    "Startup Cost": 136757.02,
    "Total Cost": 136757.03,
    "Plan Rows": 1,
    "Plan Width": 8,
    "Actual Startup Time": 911.258,
    "Actual Total Time": 931.035,
    "Actual Rows": 1,
    "Actual Loops": 1,
    "Plans": [
      {
        "Node Type": "Gather",
        "Parent Relationship": "Outer",
        "Parallel Aware": false,
        "Startup Cost": 136756.9,
        "Total Cost": 136757.01,
        "Plan Rows": 1,
        "Plan Width": 8,
        "Actual Startup Time": 906.325,
        "Actual Total Time": 931.025,
        "Actual Rows": 2,
        "Actual Loops": 1,
        "Workers Planned": 1,
        "Workers Launched": 1,
        "Single Copy": false,
        "Plans": [
          {
            "Node Type": "Aggregate",
            "Strategy": "Plain",
            "Partial Mode": "Partial",
            "Parent Relationship": "Outer",
            "Parallel Aware": false,
            "Startup Cost": 135756.9,
            "Total Cost": 135756.91,
            "Plan Rows": 1,
            "Plan Width": 8,
            "Actual Startup Time": 898.891,
            "Actual Total Time": 898.895,
            "Actual Rows": 1,
            "Actual Loops": 2,
            "Plans": [
              {
                "Node Type": "Hash Join",
                "Parent Relationship": "Outer",
                "Parallel Aware": true,
                "Join Type": "Inner",
                "Startup Cost": 68554.53,
                "Total Cost": 132491.84,
                "Plan Rows": 1306026,
                "Plan Width": 0,
                "Actual Startup Time": 424.305,
                "Actual Total Time": 885.09,
                "Actual Rows": 288418,
                "Actual Loops": 2,
                "Inner Unique": true,
                "Hash Cond": "(mk.movie_id = t.id)",
                "Plans": [
                  {
                    "Node Type": "Seq Scan",
                    "Parent Relationship": "Outer",
                    "Parallel Aware": true,
                    "Relation Name": "movie_keyword",
                    "Alias": "mk",
                    "Startup Cost": 0.0,
                    "Total Cost": 57718.19,
                    "Plan Rows": 2369183,
                    "Plan Width": 4,
                    "Actual Startup Time": 0.017,
                    "Actual Total Time": 234.767,
                    "Actual Rows": 2020370,
                    "Actual Loops": 2,
                    "Filter": "(keyword_id < 37100)",
                    "Rows Removed by Filter": 241595
                  },
                  {
                    "Node Type": "Hash",
                    "Parent Relationship": "Inner",
                    "Parallel Aware": true,
                    "Startup Cost": 58306.47,
                    "Total Cost": 58306.47,
                    "Plan Rows": 819845,
                    "Plan Width": 4,
                    "Actual Startup Time": 409.088,
                    "Actual Total Time": 409.089,
                    "Actual Rows": 737212,
                    "Actual Loops": 2,
                    "Hash Buckets": 2097152,
                    "Original Hash Buckets": 2097152,
                    "Hash Batches": 1,
                    "Original Hash Batches": 1,
                    "Peak Memory Usage": 74080,
                    "Plans": [
                      {
                        "Node Type": "Seq Scan",
                        "Parent Relationship": "Outer",
                        "Parallel Aware": true,
                        "Relation Name": "title",
                        "Alias": "t",
                        "Startup Cost": 0.0,
                        "Total Cost": 58306.47,
                        "Plan Rows": 819845,
                        "Plan Width": 4,
                        "Actual Startup Time": 0.037,
                        "Actual Total Time": 201.82,
                        "Actual Rows": 737212,
                        "Actual Loops": 2,
                        "Filter": "((production_year > 1950) AND (kind_id = 7))",
                        "Rows Removed by Filter": 526944
                      }
                    ]
                  }
                ]
              }
            ]
          }
        ]
      }
    ]
  },
  "Planning Time": 0.675,
  "Triggers": [],
  "Execution Time": 931.102
}