[
  {
    "Plan": {
      "Node Type": "Aggregate",
      "Strategy": "Plain",
      "Partial Mode": "Finalize",
      "Parallel Aware": false,
      "Startup Cost": 299716.65,
      "Total Cost": 299716.66,
      "Plan Rows": 1,
      "Plan Width": 8,
      "Actual Startup Time": 145.647,
      "Actual Total Time": 150.124,
      "Actual Rows": 1,
      "Actual Loops": 1,
      "Plans": [
        {
          "Node Type": "Gather",
          "Parent Relationship": "Outer",
          "Parallel Aware": false,
          "Startup Cost": 299716.03,
          "Total Cost": 299716.64,
          "Plan Rows": 6,
          "Plan Width": 8,
          "Actual Startup Time": 145.178,
          "Actual Total Time": 150.119,
          "Actual Rows": 7,
          "Actual Loops": 1,
          "Workers Planned": 6,
          "Workers Launched": 6,
          "Single Copy": false,
          "Plans": [
            {
              "Node Type": "Aggregate",
              "Strategy": "Plain",
              "Partial Mode": "Partial",
              "Parent Relationship": "Outer",
              "Parallel Aware": false,
              "Startup Cost": 298716.03,
              "Total Cost": 298716.04,
              "Plan Rows": 1,
              "Plan Width": 8,
              "Actual Startup Time": 139.585,
              "Actual Total Time": 139.587,
              "Actual Rows": 1,
              "Actual Loops": 7,
              "Plans": [
                {
                  "Node Type": "Bitmap Heap Scan",
                  "Parent Relationship": "Outer",
                  "Parallel Aware": true,
                  "Relation Name": "cast_info",
                  "Alias": "ci",
                  "Startup Cost": 41082.63,
                  "Total Cost": 298457.22,
                  "Plan Rows": 103523,
                  "Plan Width": 0,
                  "Actual Startup Time": 117.997,
                  "Actual Total Time": 136.785,
                  "Actual Rows": 55739,
                  "Actual Loops": 7,
                  "Recheck Cond": "(person_id < 187054)",
                  "Rows Removed by Index Recheck": 0,
                  "Filter": "(role_id > 3)",
                  "Rows Removed by Filter": 216232,
                  "Exact Heap Blocks": 5329,
                  "Lossy Heap Blocks": 0,
                  "Plans": [
                    {
                      "Node Type": "Bitmap Index Scan",
                      "Parent Relationship": "Outer",
                      "Parallel Aware": false,
                      "Index Name": "person_id_cast_info",
                      "Startup Cost": 0.0,
                      "Total Cost": 40927.34,
                      "Plan Rows": 1875037,
                      "Plan Width": 0,
                      "Actual Startup Time": 64.838,
                      "Actual Total Time": 64.838,
                      "Actual Rows": 1903795,
                      "Actual Loops": 1,
                      "Index Cond": "(person_id < 187054)"
                    }
                  ]
                }
              ]
            }
          ]
        }
      ]
    },
    "Planning Time": 0.075,
    "Triggers": [],
    "Execution Time": 150.154
  }
]