[
  {
    "Plan": {
      "Node Type": "Aggregate",
      "Strategy": "Plain",
      "Partial Mode": "Finalize",
      "Parallel Aware": false,
      "Startup Cost": 30701.52,
      "Total Cost": 30701.53,
      "Plan Rows": 1,
      "Plan Width": 8,
      "Actual Startup Time": 77.755,
      "Actual Total Time": 84.455,
      "Actual Rows": 1,
      "Actual Loops": 1,
      "Plans": [
        {
          "Node Type": "Gather",
          "Parent Relationship": "Outer",
          "Parallel Aware": false,
          "Startup Cost": 30701.2,
          "Total Cost": 30701.51,
          "Plan Rows": 3,
          "Plan Width": 8,
          "Actual Startup Time": 77.62,
          "Actual Total Time": 84.447,
          "Actual Rows": 4,
          "Actual Loops": 1,
          "Workers Planned": 3,
          "Workers Launched": 3,
          "Single Copy": false,
          "Plans": [
            {
              "Node Type": "Aggregate",
              "Strategy": "Plain",
              "Partial Mode": "Partial",
              "Parent Relationship": "Outer",
              "Parallel Aware": false,
              "Startup Cost": 29701.2,
              "Total Cost": 29701.21,
              "Plan Rows": 1,
              "Plan Width": 8,
              "Actual Startup Time": 71.281,
              "Actual Total Time": 71.282,
              "Actual Rows": 1,
              "Actual Loops": 4,
              "Plans": [
                {
                  "Node Type": "Seq Scan",
                  "Parent Relationship": "Outer",
                  "Parallel Aware": true,
                  "Relation Name": "movie_companies",
                  "Alias": "mc",
                  "Startup Cost": 0.0,
                  "Total Cost": 29310.68,
                  "Plan Rows": 156208,
                  "Plan Width": 0,
                  "Actual Startup Time": 37.58,
                  "Actual Total Time": 66.198,
                  "Actual Rows": 120604,
                  "Actual Loops": 4,
                  "Filter": "(company_id > 75107)",
                  "Rows Removed by Filter": 531679
                }
              ]
            }
          ]
        }
      ]
    },
    "Planning Time": 0.086,
    "Triggers": [],
    "Execution Time": 84.489
  }
]