[
    {
        "Bao": {
            "Bao prediction": "NaN",
            "Bao recommended hint": "(no hint)"
        }
    },
    {
        "Plan": {
            "Node Type": "Aggregate",
            "Strategy": "Plain",
            "Partial Mode": "Finalize",
            "Parallel Aware": false,
            "Startup Cost": 350265.7,
            "Total Cost": 350265.71,
            "Plan Rows": 1,
            "Plan Width": 8,
            "Actual Startup Time": 729.289,
            "Actual Total Time": 760.32,
            "Actual Rows": 1,
            "Actual Loops": 1,
            "Output": [
                "count(*)"
            ],
            "Plans": [
                {
                    "Node Type": "Gather",
                    "Parent Relationship": "Outer",
                    "Parallel Aware": false,
                    "Startup Cost": 350265.07,
                    "Total Cost": 350265.68,
                    "Plan Rows": 6,
                    "Plan Width": 8,
                    "Actual Startup Time": 729.179,
                    "Actual Total Time": 760.313,
                    "Actual Rows": 7,
                    "Actual Loops": 1,
                    "Output": [
                        "(PARTIAL count(*))"
                    ],
                    "Workers Planned": 6,
                    "Workers Launched": 6,
                    "Single Copy": false,
                    "Plans": [
                        {
                            "Node Type": "Aggregate",
                            "Strategy": "Plain",
                            "Partial Mode": "Partial",
                            "Parent Relationship": "Outer",
                            "Parallel Aware": false,
                            "Startup Cost": 349265.07,
                            "Total Cost": 349265.08,
                            "Plan Rows": 1,
                            "Plan Width": 8,
                            "Actual Startup Time": 719.461,
                            "Actual Total Time": 719.463,
                            "Actual Rows": 1,
                            "Actual Loops": 7,
                            "Output": [
                                "PARTIAL count(*)"
                            ],
                            "Workers": [
                                {
                                    "Worker Number": 0,
                                    "Actual Startup Time": 717.083,
                                    "Actual Total Time": 717.085,
                                    "Actual Rows": 1,
                                    "Actual Loops": 1
                                },
                                {
                                    "Worker Number": 1,
                                    "Actual Startup Time": 717.548,
                                    "Actual Total Time": 717.549,
                                    "Actual Rows": 1,
                                    "Actual Loops": 1
                                },
                                {
                                    "Worker Number": 2,
                                    "Actual Startup Time": 717.781,
                                    "Actual Total Time": 717.782,
                                    "Actual Rows": 1,
                                    "Actual Loops": 1
                                },
                                {
                                    "Worker Number": 3,
                                    "Actual Startup Time": 718.214,
                                    "Actual Total Time": 718.215,
                                    "Actual Rows": 1,
                                    "Actual Loops": 1
                                },
                                {
                                    "Worker Number": 4,
                                    "Actual Startup Time": 718.442,
                                    "Actual Total Time": 718.444,
                                    "Actual Rows": 1,
                                    "Actual Loops": 1
                                },
                                {
                                    "Worker Number": 5,
                                    "Actual Startup Time": 718.533,
                                    "Actual Total Time": 718.535,
                                    "Actual Rows": 1,
                                    "Actual Loops": 1
                                }
                            ],
                            "Plans": [
                                {
                                    "Node Type": "Seq Scan",
                                    "Parent Relationship": "Outer",
                                    "Parallel Aware": true,
                                    "Relation Name": "cast_info",
                                    "Schema": "public",
                                    "Alias": "ci",
                                    "Startup Cost": 0.0,
                                    "Total Cost": 343318.94,
                                    "Plan Rows": 2378453,
                                    "Plan Width": 0,
                                    "Actual Startup Time": 222.702,
                                    "Actual Total Time": 652.258,
                                    "Actual Rows": 1322249,
                                    "Actual Loops": 7,
                                    "Output": [
                                        "id",
                                        "person_id",
                                        "movie_id",
                                        "person_role_id",
                                        "note",
                                        "nr_order",
                                        "role_id"
                                    ],
                                    "Filter": "((ci.person_id < 2230846) AND (ci.role_id > 1))",
                                    "Rows Removed by Filter": 3855514,
                                    "Workers": [
                                        {
                                            "Worker Number": 0,
                                            "Actual Startup Time": 220.328,
                                            "Actual Total Time": 650.532,
                                            "Actual Rows": 943136,
                                            "Actual Loops": 1
                                        },
                                        {
                                            "Worker Number": 1,
                                            "Actual Startup Time": 220.792,
                                            "Actual Total Time": 650.65,
                                            "Actual Rows": 990746,
                                            "Actual Loops": 1
                                        },
                                        {
                                            "Worker Number": 2,
                                            "Actual Startup Time": 221.016,
                                            "Actual Total Time": 651.039,
                                            "Actual Rows": 993136,
                                            "Actual Loops": 1
                                        },
                                        {
                                            "Worker Number": 3,
                                            "Actual Startup Time": 221.457,
                                            "Actual Total Time": 653.402,
                                            "Actual Rows": 1568810,
                                            "Actual Loops": 1
                                        },
                                        {
                                            "Worker Number": 4,
                                            "Actual Startup Time": 221.685,
                                            "Actual Total Time": 652.0,
                                            "Actual Rows": 1586285,
                                            "Actual Loops": 1
                                        },
                                        {
                                            "Worker Number": 5,
                                            "Actual Startup Time": 221.77,
                                            "Actual Total Time": 652.476,
                                            "Actual Rows": 1223414,
                                            "Actual Loops": 1
                                        }
                                    ]
                                }
                            ]
                        }
                    ]
                }
            ]
        },
        "Planning Time": 206.423,
        "Triggers": [],
        "Execution Time": 760.381
    }
]