[
  {
    "Plan": {
      "Node Type": "Aggregate",
      "Strategy": "Plain",
      "Partial Mode": "Finalize",
      "Parallel Aware": false,
      "Startup Cost": 267197.92,
      "Total Cost": 267197.93,
      "Plan Rows": 1,
      "Plan Width": 8,
      "Actual Startup Time": 80.092,
      "Actual Total Time": 83.811,
      "Actual Rows": 1,
      "Actual Loops": 1,
      "Plans": [
        {
          "Node Type": "Gather",
          "Parent Relationship": "Outer",
          "Parallel Aware": false,
          "Startup Cost": 267197.29,
          "Total Cost": 267197.9,
          "Plan Rows": 6,
          "Plan Width": 8,
          "Actual Startup Time": 79.846,
          "Actual Total Time": 83.805,
          "Actual Rows": 7,
          "Actual Loops": 1,
          "Workers Planned": 6,
          "Workers Launched": 6,
          "Single Copy": false,
          "Plans": [
            {
              "Node Type": "Aggregate",
              "Strategy": "Plain",
              "Partial Mode": "Partial",
              "Parent Relationship": "Outer",
              "Parallel Aware": false,
              "Startup Cost": 266197.29,
              "Total Cost": 266197.3,
              "Plan Rows": 1,
              "Plan Width": 8,
              "Actual Startup Time": 71.394,
              "Actual Total Time": 71.396,
              "Actual Rows": 1,
              "Actual Loops": 7,
              "Plans": [
                {
                  "Node Type": "Bitmap Heap Scan",
                  "Parent Relationship": "Outer",
                  "Parallel Aware": true,
                  "Relation Name": "cast_info",
                  "Alias": "ci",
                  "Startup Cost": 11974.2,
                  "Total Cost": 266019.52,
                  "Plan Rows": 71110,
                  "Plan Width": 0,
                  "Actual Startup Time": 32.386,
                  "Actual Total Time": 65.65,
                  "Actual Rows": 67404,
                  "Actual Loops": 7,
                  "Recheck Cond": "(person_id < 58109)",
                  "Rows Removed by Index Recheck": 0,
                  "Filter": "(role_id < 7)",
                  "Rows Removed by Filter": 7664,
                  "Exact Heap Blocks": 2089,
                  "Lossy Heap Blocks": 0,
                  "Plans": [
                    {
                      "Node Type": "Bitmap Index Scan",
                      "Parent Relationship": "Outer",
                      "Parallel Aware": false,
                      "Index Name": "person_id_cast_info",
                      "Startup Cost": 0.0,
                      "Total Cost": 11867.53,
                      "Plan Rows": 543329,
                      "Plan Width": 0,
                      "Actual Startup Time": 38.934,
                      "Actual Total Time": 38.935,
                      "Actual Rows": 525482,
                      "Actual Loops": 1,
                      "Index Cond": "(person_id < 58109)"
                    }
                  ]
                }
              ]
            }
          ]
        }
      ]
    },
    "Planning Time": 0.182,
    "Triggers": [],
    "Execution Time": 83.874
  }
]