[
  {
    "Plan": {
      "Node Type": "Aggregate",
      "Strategy": "Plain",
      "Partial Mode": "Finalize",
      "Parallel Aware": false,
      "Startup Cost": 80803.48,
      "Total Cost": 80803.49,
      "Plan Rows": 1,
      "Plan Width": 8,
      "Actual Startup Time": 205.947,
      "Actual Total Time": 226.63,
      "Actual Rows": 1,
      "Actual Loops": 1,
      "Plans": [
        {
          "Node Type": "Gather",
          "Parent Relationship": "Outer",
          "Parallel Aware": false,
          "Startup Cost": 80803.06,
          "Total Cost": 80803.47,
          "Plan Rows": 4,
          "Plan Width": 8,
          "Actual Startup Time": 205.06,
          "Actual Total Time": 226.62,
          "Actual Rows": 5,
          "Actual Loops": 1,
          "Workers Planned": 4,
          "Workers Launched": 4,
          "Single Copy": false,
          "Plans": [
            {
              "Node Type": "Aggregate",
              "Strategy": "Plain",
              "Partial Mode": "Partial",
              "Parent Relationship": "Outer",
              "Parallel Aware": false,
              "Startup Cost": 79803.06,
              "Total Cost": 79803.07,
              "Plan Rows": 1,
              "Plan Width": 8,
              "Actual Startup Time": 193.731,
              "Actual Total Time": 193.735,
              "Actual Rows": 1,
              "Actual Loops": 5,
              "Plans": [
                {
                  "Node Type": "Nested Loop",
                  "Parent Relationship": "Outer",
                  "Parallel Aware": false,
                  "Join Type": "Inner",
                  "Startup Cost": 44291.17,
                  "Total Cost": 79796.46,
                  "Plan Rows": 2638,
                  "Plan Width": 0,
                  "Actual Startup Time": 115.319,
                  "Actual Total Time": 193.496,
                  "Actual Rows": 2248,
                  "Actual Loops": 5,
                  "Inner Unique": false,
                  "Join Filter": "(t.id = mc.movie_id)",
                  "Rows Removed by Join Filter": 0,
                  "Plans": [
                    {
                      "Node Type": "Hash Join",
                      "Parent Relationship": "Outer",
                      "Parallel Aware": true,
                      "Join Type": "Inner",
                      "Startup Cost": 44290.74,
                      "Total Cost": 74537.21,
                      "Plan Rows": 6953,
                      "Plan Width": 8,
                      "Actual Startup Time": 115.242,
                      "Actual Total Time": 169.656,
                      "Actual Rows": 3095,
                      "Actual Loops": 5,
                      "Inner Unique": true,
                      "Hash Cond": "(ci.movie_id = t.id)",
                      "Plans": [
                        {
                          "Node Type": "Index Scan",
                          "Parent Relationship": "Outer",
                          "Parallel Aware": true,
                          "Scan Direction": "Forward",
                          "Index Name": "role_id_cast_info",
                          "Relation Name": "cast_info",
                          "Alias": "ci",
                          "Startup Cost": 0.56,
                          "Total Cost": 29878.05,
                          "Plan Rows": 140566,
                          "Plan Width": 4,
                          "Actual Startup Time": 0.156,
                          "Actual Total Time": 41.844,
                          "Actual Rows": 46351,
                          "Actual Loops": 5,
                          "Index Cond": "(role_id = 9)",
                          "Rows Removed by Index Recheck": 0,
                          "Filter": "(person_id < 1922395)",
                          "Rows Removed by Filter": 172360
                        },
                        {
                          "Node Type": "Hash",
                          "Parent Relationship": "Inner",
                          "Parallel Aware": true,
                          "Startup Cost": 43899.32,
                          "Total Cost": 43899.32,
                          "Plan Rows": 31268,
                          "Plan Width": 4,
                          "Actual Startup Time": 113.215,
                          "Actual Total Time": 113.216,
                          "Actual Rows": 24572,
                          "Actual Loops": 5,
                          "Hash Buckets": 131072,
                          "Original Hash Buckets": 131072,
                          "Hash Batches": 1,
                          "Original Hash Batches": 1,
                          "Peak Memory Usage": 5920,
                          "Plans": [
                            {
                              "Node Type": "Seq Scan",
                              "Parent Relationship": "Outer",
                              "Parallel Aware": true,
                              "Relation Name": "title",
                              "Alias": "t",
                              "Startup Cost": 0.0,
                              "Total Cost": 43899.32,
                              "Plan Rows": 31268,
                              "Plan Width": 4,
                              "Actual Startup Time": 0.08,
                              "Actual Total Time": 101.257,
                              "Actual Rows": 24572,
                              "Actual Loops": 5,
                              "Filter": "(production_year = 2008)",
                              "Rows Removed by Filter": 481090
                            }
                          ]
                        }
                      ]
                    },
                    {
                      "Node Type": "Index Scan",
                      "Parent Relationship": "Inner",
                      "Parallel Aware": false,
                      "Scan Direction": "Forward",
                      "Index Name": "movie_id_movie_companies",
                      "Relation Name": "movie_companies",
                      "Alias": "mc",
                      "Startup Cost": 0.43,
                      "Total Cost": 0.73,
                      "Plan Rows": 2,
                      "Plan Width": 4,
                      "Actual Startup Time": 0.007,
                      "Actual Total Time": 0.007,
                      "Actual Rows": 1,
                      "Actual Loops": 15474,
                      "Index Cond": "(movie_id = ci.movie_id)",
                      "Rows Removed by Index Recheck": 0,
                      "Filter": "(company_id > 18562)",
                      "Rows Removed by Filter": 1
                    }
                  ]
                }
              ]
            }
          ]
        }
      ]
    },
    "Planning Time": 1.502,
    "Triggers": [],
    "Execution Time": 226.725
  }
]