[
  {
    "Plan": {
      "Node Type": "Aggregate",
      "Strategy": "Plain",
      "Partial Mode": "Finalize",
      "Parallel Aware": false,
      "Startup Cost": 221050.26,
      "Total Cost": 221050.27,
      "Plan Rows": 1,
      "Plan Width": 8,
      "Actual Startup Time": 194.67,
      "Actual Total Time": 226.784,
      "Actual Rows": 1,
      "Actual Loops": 1,
      "Plans": [
        {
          "Node Type": "Gather",
          "Parent Relationship": "Outer",
          "Parallel Aware": false,
          "Startup Cost": 221049.84,
          "Total Cost": 221050.25,
          "Plan Rows": 4,
          "Plan Width": 8,
          "Actual Startup Time": 194.307,
          "Actual Total Time": 226.747,
          "Actual Rows": 5,
          "Actual Loops": 1,
          "Workers Planned": 4,
          "Workers Launched": 4,
          "Single Copy": false,
          "Plans": [
            {
              "Node Type": "Aggregate",
              "Strategy": "Plain",
              "Partial Mode": "Partial",
              "Parent Relationship": "Outer",
              "Parallel Aware": false,
              "Startup Cost": 220049.84,
              "Total Cost": 220049.85,
              "Plan Rows": 1,
              "Plan Width": 8,
              "Actual Startup Time": 183.622,
              "Actual Total Time": 183.625,
              "Actual Rows": 1,
              "Actual Loops": 5,
              "Plans": [
                {
                  "Node Type": "Nested Loop",
                  "Parent Relationship": "Outer",
                  "Parallel Aware": false,
                  "Join Type": "Inner",
                  "Startup Cost": 0.43,
                  "Total Cost": 220045.34,
                  "Plan Rows": 1800,
                  "Plan Width": 0,
                  "Actual Startup Time": 1.286,
                  "Actual Total Time": 183.193,
                  "Actual Rows": 2426,
                  "Actual Loops": 5,
                  "Inner Unique": false,
                  "Plans": [
                    {
                      "Node Type": "Seq Scan",
                      "Parent Relationship": "Outer",
                      "Parallel Aware": true,
                      "Relation Name": "title",
                      "Alias": "t",
                      "Startup Cost": 0.0,
                      "Total Cost": 45479.59,
                      "Plan Rows": 2940,
                      "Plan Width": 4,
                      "Actual Startup Time": 0.702,
                      "Actual Total Time": 98.132,
                      "Actual Rows": 1924,
                      "Actual Loops": 5,
                      "Filter": "((kind_id < 4) AND (production_year = 1996))",
                      "Rows Removed by Filter": 503739
                    },
                    {
                      "Node Type": "Index Scan",
                      "Parent Relationship": "Inner",
                      "Parallel Aware": false,
                      "Scan Direction": "Forward",
                      "Index Name": "movie_id_movie_info",
                      "Relation Name": "movie_info",
                      "Alias": "mi",
                      "Startup Cost": 0.43,
                      "Total Cost": 59.34,
                      "Plan Rows": 4,
                      "Plan Width": 4,
                      "Actual Startup Time": 0.042,
                      "Actual Total Time": 0.043,
                      "Actual Rows": 1,
                      "Actual Loops": 9619,
                      "Index Cond": "(movie_id = t.id)",
                      "Rows Removed by Index Recheck": 0,
                      "Filter": "(info_type_id = 3)",
                      "Rows Removed by Filter": 11
                    }
                  ]
                }
              ]
            }
          ]
        }
      ]
    },
    "Planning Time": 0.647,
    "Triggers": [],
    "Execution Time": 226.867
  }
]