[
    {
        "Bao": {
            "Bao prediction": "NaN",
            "Bao recommended hint": "(no hint)"
        }
    },
    {
        "Plan": {
            "Node Type": "Aggregate",
            "Strategy": "Plain",
            "Partial Mode": "Finalize",
            "Parallel Aware": false,
            "Startup Cost": 32663.94,
            "Total Cost": 32663.95,
            "Plan Rows": 1,
            "Plan Width": 8,
            "Actual Startup Time": 82.989,
            "Actual Total Time": 92.357,
            "Actual Rows": 1,
            "Actual Loops": 1,
            "Output": [
                "count(*)"
            ],
            "Plans": [
                {
                    "Node Type": "Gather",
                    "Parent Relationship": "Outer",
                    "Parallel Aware": false,
                    "Startup Cost": 32663.62,
                    "Total Cost": 32663.93,
                    "Plan Rows": 3,
                    "Plan Width": 8,
                    "Actual Startup Time": 82.895,
                    "Actual Total Time": 92.35,
                    "Actual Rows": 4,
                    "Actual Loops": 1,
                    "Output": [
                        "(PARTIAL count(*))"
                    ],
                    "Workers Planned": 3,
                    "Workers Launched": 3,
                    "Single Copy": false,
                    "Plans": [
                        {
                            "Node Type": "Aggregate",
                            "Strategy": "Plain",
                            "Partial Mode": "Partial",
                            "Parent Relationship": "Outer",
                            "Parallel Aware": false,
                            "Startup Cost": 31663.62,
                            "Total Cost": 31663.63,
                            "Plan Rows": 1,
                            "Plan Width": 8,
                            "Actual Startup Time": 74.918,
                            "Actual Total Time": 74.919,
                            "Actual Rows": 1,
                            "Actual Loops": 4,
                            "Output": [
                                "PARTIAL count(*)"
                            ],
                            "Workers": [
                                {
                                    "Worker Number": 0,
                                    "Actual Startup Time": 71.729,
                                    "Actual Total Time": 71.73,
                                    "Actual Rows": 1,
                                    "Actual Loops": 1
                                },
                                {
                                    "Worker Number": 1,
                                    "Actual Startup Time": 72.442,
                                    "Actual Total Time": 72.443,
                                    "Actual Rows": 1,
                                    "Actual Loops": 1
                                },
                                {
                                    "Worker Number": 2,
                                    "Actual Startup Time": 72.834,
                                    "Actual Total Time": 72.835,
                                    "Actual Rows": 1,
                                    "Actual Loops": 1
                                }
                            ],
                            "Plans": [
                                {
                                    "Node Type": "Seq Scan",
                                    "Parent Relationship": "Outer",
                                    "Parallel Aware": true,
                                    "Relation Name": "movie_companies",
                                    "Schema": "public",
                                    "Alias": "mc",
                                    "Startup Cost": 0.0,
                                    "Total Cost": 31414.82,
                                    "Plan Rows": 99521,
                                    "Plan Width": 0,
                                    "Actual Startup Time": 38.063,
                                    "Actual Total Time": 68.912,
                                    "Actual Rows": 149692,
                                    "Actual Loops": 4,
                                    "Output": [
                                        "id",
                                        "movie_id",
                                        "company_id",
                                        "company_type_id",
                                        "note"
                                    ],
                                    "Filter": "((mc.company_id > 66589) AND (mc.company_type_id = 2))",
                                    "Rows Removed by Filter": 502590,
                                    "Workers": [
                                        {
                                            "Worker Number": 0,
                                            "Actual Startup Time": 34.879,
                                            "Actual Total Time": 65.904,
                                            "Actual Rows": 141255,
                                            "Actual Loops": 1
                                        },
                                        {
                                            "Worker Number": 1,
                                            "Actual Startup Time": 35.588,
                                            "Actual Total Time": 66.611,
                                            "Actual Rows": 141072,
                                            "Actual Loops": 1
                                        },
                                        {
                                            "Worker Number": 2,
                                            "Actual Startup Time": 35.974,
                                            "Actual Total Time": 67.012,
                                            "Actual Rows": 141165,
                                            "Actual Loops": 1
                                        }
                                    ]
                                }
                            ]
                        }
                    ]
                }
            ]
        },
        "Planning Time": 188.588,
        "Triggers": [],
        "Execution Time": 92.394
    }
]