{
  "Plan": {
    "Node Type": "Aggregate",
    "Strategy": "Plain",
    "Partial Mode": "Finalize",
    "Parallel Aware": false,
    "Startup Cost": 354121.91,
    "Total Cost": 354121.92,
    "Plan Rows": 1,
    "Plan Width": 8,
    "Actual Startup Time": 3104.56,
    "Actual Total Time": 3151.838,
    "Actual Rows": 1,
    "Actual Loops": 1,
    "Plans": [
      {
        "Node Type": "Gather",
        "Parent Relationship": "Outer",
        "Parallel Aware": false,
        "Startup Cost": 354121.8,
        "Total Cost": 354121.91,
        "Plan Rows": 1,
        "Plan Width": 8,
        "Actual Startup Time": 3100.441,
        "Actual Total Time": 3151.829,
        "Actual Rows": 2,
        "Actual Loops": 1,
        "Workers Planned": 1,
        "Workers Launched": 1,
        "Single Copy": false,
        "Plans": [
          {
            "Node Type": "Aggregate",
            "Strategy": "Plain",
            "Partial Mode": "Partial",
            "Parent Relationship": "Outer",
            "Parallel Aware": false,
            "Startup Cost": 353121.8,
            "Total Cost": 353121.81,
            "Plan Rows": 1,
            "Plan Width": 8,
            "Actual Startup Time": 3093.145,
            "Actual Total Time": 3093.15,
            "Actual Rows": 1,
            "Actual Loops": 2,
            "Plans": [
              {
                "Node Type": "Hash Join",
                "Parent Relationship": "Outer",
                "Parallel Aware": true,
                "Join Type": "Inner",
                "Startup Cost": 68922.87,
                "Total Cost": 340706.36,
                "Plan Rows": 4966176,
                "Plan Width": 0,
                "Actual Startup Time": 434.238,
                "Actual Total Time": 2986.414,
                "Actual Rows": 2649574,
                "Actual Loops": 2,
                "Inner Unique": true,
                "Hash Cond": "(mi.movie_id = t.id)",
                "Plans": [
                  {
                    "Node Type": "Seq Scan",
                    "Parent Relationship": "Outer",
                    "Parallel Aware": true,
                    "Relation Name": "movie_info",
                    "Alias": "mi",
                    "Startup Cost": 0.0,
                    "Total Cost": 248955.74,
                    "Plan Rows": 8696274,
                    "Plan Width": 4,
                    "Actual Startup Time": 0.02,
                    "Actual Total Time": 673.225,
                    "Actual Rows": 7417860,
                    "Actual Loops": 2
                  },
                  {
                    "Node Type": "Hash",
                    "Parent Relationship": "Inner",
                    "Parallel Aware": true,
                    "Startup Cost": 58306.47,
                    "Total Cost": 58306.47,
                    "Plan Rows": 849312,
                    "Plan Width": 4,
                    "Actual Startup Time": 419.806,
                    "Actual Total Time": 419.807,
                    "Actual Rows": 780344,
                    "Actual Loops": 2,
                    "Hash Buckets": 2097152,
                    "Original Hash Buckets": 2097152,
                    "Hash Batches": 1,
                    "Original Hash Batches": 1,
                    "Peak Memory Usage": 77472,
                    "Plans": [
                      {
                        "Node Type": "Seq Scan",
                        "Parent Relationship": "Outer",
                        "Parallel Aware": true,
                        "Relation Name": "title",
                        "Alias": "t",
                        "Startup Cost": 0.0,
                        "Total Cost": 58306.47,
                        "Plan Rows": 849312,
                        "Plan Width": 4,
                        "Actual Startup Time": 0.034,
                        "Actual Total Time": 181.402,
                        "Actual Rows": 780344,
                        "Actual Loops": 2,
                        "Filter": "((kind_id > 1) AND (production_year > 1979))",
                        "Rows Removed by Filter": 483812
                      }
                    ]
                  }
                ]
              }
            ]
          }
        ]
      }
    ]
  },
  "Planning Time": 0.595,
  "Triggers": [],
  "Execution Time": 3151.912
}