[
  {
    "Plan": {
      "Node Type": "Aggregate",
      "Strategy": "Plain",
      "Partial Mode": "Finalize",
      "Parallel Aware": false,
      "Startup Cost": 32701.42,
      "Total Cost": 32701.43,
      "Plan Rows": 1,
      "Plan Width": 8,
      "Actual Startup Time": 97.332,
      "Actual Total Time": 107.017,
      "Actual Rows": 1,
      "Actual Loops": 1,
      "Plans": [
        {
          "Node Type": "Gather",
          "Parent Relationship": "Outer",
          "Parallel Aware": false,
          "Startup Cost": 32701.11,
          "Total Cost": 32701.42,
          "Plan Rows": 3,
          "Plan Width": 8,
          "Actual Startup Time": 97.178,
          "Actual Total Time": 107.008,
          "Actual Rows": 4,
          "Actual Loops": 1,
          "Workers Planned": 3,
          "Workers Launched": 3,
          "Single Copy": false,
          "Plans": [
            {
              "Node Type": "Aggregate",
              "Strategy": "Plain",
              "Partial Mode": "Partial",
              "Parent Relationship": "Outer",
              "Parallel Aware": false,
              "Startup Cost": 31701.11,
              "Total Cost": 31701.12,
              "Plan Rows": 1,
              "Plan Width": 8,
              "Actual Startup Time": 93.051,
              "Actual Total Time": 93.052,
              "Actual Rows": 1,
              "Actual Loops": 4,
              "Plans": [
                {
                  "Node Type": "Seq Scan",
                  "Parent Relationship": "Outer",
                  "Parallel Aware": true,
                  "Relation Name": "movie_companies",
                  "Alias": "mc",
                  "Startup Cost": 0.0,
                  "Total Cost": 31414.82,
                  "Plan Rows": 114515,
                  "Plan Width": 0,
                  "Actual Startup Time": 0.025,
                  "Actual Total Time": 85.048,
                  "Actual Rows": 127194,
                  "Actual Loops": 4,
                  "Filter": "((company_id < 1395) AND (company_type_id = 1))",
                  "Rows Removed by Filter": 525088
                }
              ]
            }
          ]
        }
      ]
    },
    "Planning Time": 0.121,
    "Triggers": [],
    "Execution Time": 107.053
  }
]