[
  {
    "Plan": {
      "Node Type": "Aggregate",
      "Strategy": "Plain",
      "Partial Mode": "Finalize",
      "Parallel Aware": false,
      "Startup Cost": 127133.5,
      "Total Cost": 127133.51,
      "Plan Rows": 1,
      "Plan Width": 8,
      "Actual Startup Time": 579.022,
      "Actual Total Time": 601.191,
      "Actual Rows": 1,
      "Actual Loops": 1,
      "Plans": [
        {
          "Node Type": "Gather",
          "Parent Relationship": "Outer",
          "Parallel Aware": false,
          "Startup Cost": 127133.18,
          "Total Cost": 127133.49,
          "Plan Rows": 3,
          "Plan Width": 8,
          "Actual Startup Time": 573.688,
          "Actual Total Time": 601.18,
          "Actual Rows": 4,
          "Actual Loops": 1,
          "Workers Planned": 3,
          "Workers Launched": 3,
          "Single Copy": false,
          "Plans": [
            {
              "Node Type": "Aggregate",
              "Strategy": "Plain",
              "Partial Mode": "Partial",
              "Parent Relationship": "Outer",
              "Parallel Aware": false,
              "Startup Cost": 126133.18,
              "Total Cost": 126133.19,
              "Plan Rows": 1,
              "Plan Width": 8,
              "Actual Startup Time": 566.997,
              "Actual Total Time": 567.194,
              "Actual Rows": 1,
              "Actual Loops": 4,
              "Plans": [
                {
                  "Node Type": "Hash Join",
                  "Parent Relationship": "Outer",
                  "Parallel Aware": true,
                  "Join Type": "Inner",
                  "Startup Cost": 80568.2,
                  "Total Cost": 125676.84,
                  "Plan Rows": 182535,
                  "Plan Width": 0,
                  "Actual Startup Time": 380.127,
                  "Actual Total Time": 563.788,
                  "Actual Rows": 76867,
                  "Actual Loops": 4,
                  "Inner Unique": false,
                  "Hash Cond": "(mk.movie_id = t.id)",
                  "Plans": [
                    {
                      "Node Type": "Seq Scan",
                      "Parent Relationship": "Outer",
                      "Parallel Aware": true,
                      "Relation Name": "movie_keyword",
                      "Alias": "mk",
                      "Startup Cost": 0.0,
                      "Total Cost": 39047.32,
                      "Plan Rows": 1459332,
                      "Plan Width": 4,
                      "Actual Startup Time": 0.062,
                      "Actual Total Time": 88.706,
                      "Actual Rows": 1130982,
                      "Actual Loops": 4
                    },
                    {
                      "Node Type": "Hash",
                      "Parent Relationship": "Inner",
                      "Parallel Aware": true,
                      "Startup Cost": 79292.97,
                      "Total Cost": 79292.97,
                      "Plan Rows": 102019,
                      "Plan Width": 8,
                      "Actual Startup Time": 376.675,
                      "Actual Total Time": 376.869,
                      "Actual Rows": 35652,
                      "Actual Loops": 4,
                      "Hash Buckets": 524288,
                      "Original Hash Buckets": 524288,
                      "Hash Batches": 1,
                      "Original Hash Batches": 1,
                      "Peak Memory Usage": 9760,
                      "Plans": [
                        {
                          "Node Type": "Hash Join",
                          "Parent Relationship": "Outer",
                          "Parallel Aware": true,
                          "Join Type": "Inner",
                          "Startup Cost": 49449.25,
                          "Total Cost": 79292.97,
                          "Plan Rows": 102019,
                          "Plan Width": 8,
                          "Actual Startup Time": 272.565,
                          "Actual Total Time": 361.125,
                          "Actual Rows": 35652,
                          "Actual Loops": 4,
                          "Inner Unique": true,
                          "Hash Cond": "(mc.movie_id = t.id)",
                          "Plans": [
                            {
                              "Node Type": "Seq Scan",
                              "Parent Relationship": "Outer",
                              "Parallel Aware": true,
                              "Relation Name": "movie_companies",
                              "Alias": "mc",
                              "Startup Cost": 0.0,
                              "Total Cost": 29310.68,
                              "Plan Rows": 203061,
                              "Plan Width": 4,
                              "Actual Startup Time": 23.752,
                              "Actual Total Time": 63.158,
                              "Actual Rows": 156270,
                              "Actual Loops": 4,
                              "Filter": "(company_id > 61092)",
                              "Rows Removed by Filter": 496012
                            },
                            {
                              "Node Type": "Hash",
                              "Parent Relationship": "Inner",
                              "Parallel Aware": true,
                              "Startup Cost": 45479.59,
                              "Total Cost": 45479.59,
                              "Plan Rows": 317573,
                              "Plan Width": 4,
                              "Actual Startup Time": 242.923,
                              "Actual Total Time": 242.924,
                              "Actual Rows": 308256,
                              "Actual Loops": 4,
                              "Hash Buckets": 2097152,
                              "Original Hash Buckets": 2097152,
                              "Hash Batches": 1,
                              "Original Hash Batches": 1,
                              "Peak Memory Usage": 64672,
                              "Plans": [
                                {
                                  "Node Type": "Seq Scan",
                                  "Parent Relationship": "Outer",
                                  "Parallel Aware": true,
                                  "Relation Name": "title",
                                  "Alias": "t",
                                  "Startup Cost": 0.0,
                                  "Total Cost": 45479.59,
                                  "Plan Rows": 317573,
                                  "Plan Width": 4,
                                  "Actual Startup Time": 0.055,
                                  "Actual Total Time": 113.36,
                                  "Actual Rows": 308256,
                                  "Actual Loops": 4,
                                  "Filter": "((kind_id > 4) AND (production_year < 2011))",
                                  "Rows Removed by Filter": 323822
                                }
                              ]
                            }
                          ]
                        }
                      ]
                    }
                  ]
                }
              ]
            }
          ]
        }
      ]
    },
    "Planning Time": 1.422,
    "Triggers": [],
    "Execution Time": 601.305
  }
]