[
  {
    "Plan": {
      "Node Type": "Aggregate",
      "Strategy": "Plain",
      "Partial Mode": "Finalize",
      "Parallel Aware": false,
      "Startup Cost": 107266.13,
      "Total Cost": 107266.14,
      "Plan Rows": 1,
      "Plan Width": 8,
      "Actual Startup Time": 514.954,
      "Actual Total Time": 531.394,
      "Actual Rows": 1,
      "Actual Loops": 1,
      "Plans": [
        {
          "Node Type": "Gather",
          "Parent Relationship": "Outer",
          "Parallel Aware": false,
          "Startup Cost": 107265.92,
          "Total Cost": 107266.13,
          "Plan Rows": 2,
          "Plan Width": 8,
          "Actual Startup Time": 511.036,
          "Actual Total Time": 531.385,
          "Actual Rows": 3,
          "Actual Loops": 1,
          "Workers Planned": 2,
          "Workers Launched": 2,
          "Single Copy": false,
          "Plans": [
            {
              "Node Type": "Aggregate",
              "Strategy": "Plain",
              "Partial Mode": "Partial",
              "Parent Relationship": "Outer",
              "Parallel Aware": false,
              "Startup Cost": 106265.92,
              "Total Cost": 106265.93,
              "Plan Rows": 1,
              "Plan Width": 8,
              "Actual Startup Time": 503.988,
              "Actual Total Time": 504.312,
              "Actual Rows": 1,
              "Actual Loops": 3,
              "Plans": [
                {
                  "Node Type": "Hash Join",
                  "Parent Relationship": "Outer",
                  "Parallel Aware": true,
                  "Join Type": "Inner",
                  "Startup Cost": 90111.07,
                  "Total Cost": 106129.08,
                  "Plan Rows": 54735,
                  "Plan Width": 0,
                  "Actual Startup Time": 388.767,
                  "Actual Total Time": 491.735,
                  "Actual Rows": 286608,
                  "Actual Loops": 3,
                  "Inner Unique": false,
                  "Hash Cond": "(mi_idx.movie_id = t.id)",
                  "Plans": [
                    {
                      "Node Type": "Seq Scan",
                      "Parent Relationship": "Outer",
                      "Parallel Aware": true,
                      "Relation Name": "movie_info_idx",
                      "Alias": "mi_idx",
                      "Startup Cost": 0.0,
                      "Total Cost": 13685.15,
                      "Plan Rows": 575015,
                      "Plan Width": 4,
                      "Actual Startup Time": 0.036,
                      "Actual Total Time": 36.904,
                      "Actual Rows": 460012,
                      "Actual Loops": 3
                    },
                    {
                      "Node Type": "Hash",
                      "Parent Relationship": "Inner",
                      "Parallel Aware": true,
                      "Startup Cost": 89140.64,
                      "Total Cost": 89140.64,
                      "Plan Rows": 77634,
                      "Plan Width": 8,
                      "Actual Startup Time": 383.86,
                      "Actual Total Time": 384.183,
                      "Actual Rows": 115754,
                      "Actual Loops": 3,
                      "Hash Buckets": 524288,
                      "Original Hash Buckets": 262144,
                      "Hash Batches": 1,
                      "Original Hash Batches": 1,
                      "Peak Memory Usage": 19808,
                      "Plans": [
                        {
                          "Node Type": "Hash Join",
                          "Parent Relationship": "Outer",
                          "Parallel Aware": true,
                          "Join Type": "Inner",
                          "Startup Cost": 45274.43,
                          "Total Cost": 89140.64,
                          "Plan Rows": 77634,
                          "Plan Width": 8,
                          "Actual Startup Time": 161.558,
                          "Actual Total Time": 354.769,
                          "Actual Rows": 115754,
                          "Actual Loops": 3,
                          "Inner Unique": true,
                          "Hash Cond": "(mk.movie_id = t.id)",
                          "Plans": [
                            {
                              "Node Type": "Seq Scan",
                              "Parent Relationship": "Outer",
                              "Parallel Aware": true,
                              "Relation Name": "movie_keyword",
                              "Alias": "mk",
                              "Startup Cost": 0.0,
                              "Total Cost": 42695.65,
                              "Plan Rows": 445929,
                              "Plan Width": 4,
                              "Actual Startup Time": 1.0,
                              "Actual Total Time": 131.083,
                              "Actual Rows": 462641,
                              "Actual Loops": 3,
                              "Filter": "(keyword_id > 12015)",
                              "Rows Removed by Filter": 1045335
                            },
                            {
                              "Node Type": "Hash",
                              "Parent Relationship": "Inner",
                              "Parallel Aware": true,
                              "Startup Cost": 43898.92,
                              "Total Cost": 43898.92,
                              "Plan Rows": 110041,
                              "Plan Width": 4,
                              "Actual Startup Time": 157.966,
                              "Actual Total Time": 157.967,
                              "Actual Rows": 150523,
                              "Actual Loops": 3,
                              "Hash Buckets": 524288,
                              "Original Hash Buckets": 524288,
                              "Hash Batches": 1,
                              "Original Hash Batches": 1,
                              "Peak Memory Usage": 21824,
                              "Plans": [
                                {
                                  "Node Type": "Seq Scan",
                                  "Parent Relationship": "Outer",
                                  "Parallel Aware": true,
                                  "Relation Name": "title",
                                  "Alias": "t",
                                  "Startup Cost": 0.0,
                                  "Total Cost": 43898.92,
                                  "Plan Rows": 110041,
                                  "Plan Width": 4,
                                  "Actual Startup Time": 0.061,
                                  "Actual Total Time": 118.019,
                                  "Actual Rows": 150523,
                                  "Actual Loops": 3,
                                  "Filter": "(production_year < 1976)",
                                  "Rows Removed by Filter": 692248
                                }
                              ]
                            }
                          ]
                        }
                      ]
                    }
                  ]
                }
              ]
            }
          ]
        }
      ]
    },
    "Planning Time": 1.364,
    "Triggers": [],
    "Execution Time": 531.477
  }
]