[
  {
    "Plan": {
      "Node Type": "Aggregate",
      "Strategy": "Plain",
      "Partial Mode": "Finalize",
      "Parallel Aware": false,
      "Startup Cost": 78601.47,
      "Total Cost": 78601.48,
      "Plan Rows": 1,
      "Plan Width": 8,
      "Actual Startup Time": 181.108,
      "Actual Total Time": 197.342,
      "Actual Rows": 1,
      "Actual Loops": 1,
      "Plans": [
        {
          "Node Type": "Gather",
          "Parent Relationship": "Outer",
          "Parallel Aware": false,
          "Startup Cost": 78601.15,
          "Total Cost": 78601.46,
          "Plan Rows": 3,
          "Plan Width": 8,
          "Actual Startup Time": 180.574,
          "Actual Total Time": 197.333,
          "Actual Rows": 4,
          "Actual Loops": 1,
          "Workers Planned": 3,
          "Workers Launched": 3,
          "Single Copy": false,
          "Plans": [
            {
              "Node Type": "Aggregate",
              "Strategy": "Plain",
              "Partial Mode": "Partial",
              "Parent Relationship": "Outer",
              "Parallel Aware": false,
              "Startup Cost": 77601.15,
              "Total Cost": 77601.16,
              "Plan Rows": 1,
              "Plan Width": 8,
              "Actual Startup Time": 171.951,
              "Actual Total Time": 171.954,
              "Actual Rows": 1,
              "Actual Loops": 4,
              "Plans": [
                {
                  "Node Type": "Hash Join",
                  "Parent Relationship": "Outer",
                  "Parallel Aware": true,
                  "Join Type": "Inner",
                  "Startup Cost": 45784.87,
                  "Total Cost": 77586.88,
                  "Plan Rows": 5708,
                  "Plan Width": 0,
                  "Actual Startup Time": 132.23,
                  "Actual Total Time": 171.837,
                  "Actual Rows": 2287,
                  "Actual Loops": 4,
                  "Inner Unique": true,
                  "Hash Cond": "(mc.movie_id = t.id)",
                  "Plans": [
                    {
                      "Node Type": "Seq Scan",
                      "Parent Relationship": "Outer",
                      "Parallel Aware": true,
                      "Relation Name": "movie_companies",
                      "Alias": "mc",
                      "Startup Cost": 0.0,
                      "Total Cost": 31414.82,
                      "Plan Rows": 147501,
                      "Plan Width": 4,
                      "Actual Startup Time": 30.263,
                      "Actual Total Time": 58.48,
                      "Actual Rows": 65406,
                      "Actual Loops": 4,
                      "Filter": "((company_id < 2840) AND (company_type_id = 2))",
                      "Rows Removed by Filter": 586876
                    },
                    {
                      "Node Type": "Hash",
                      "Parent Relationship": "Inner",
                      "Parallel Aware": true,
                      "Startup Cost": 45479.1,
                      "Total Cost": 45479.1,
                      "Plan Rows": 24462,
                      "Plan Width": 4,
                      "Actual Startup Time": 100.682,
                      "Actual Total Time": 100.683,
                      "Actual Rows": 27600,
                      "Actual Loops": 4,
                      "Hash Buckets": 131072,
                      "Original Hash Buckets": 131072,
                      "Hash Batches": 1,
                      "Original Hash Batches": 1,
                      "Peak Memory Usage": 5408,
                      "Plans": [
                        {
                          "Node Type": "Seq Scan",
                          "Parent Relationship": "Outer",
                          "Parallel Aware": true,
                          "Relation Name": "title",
                          "Alias": "t",
                          "Startup Cost": 0.0,
                          "Total Cost": 45479.1,
                          "Plan Rows": 24462,
                          "Plan Width": 4,
                          "Actual Startup Time": 0.044,
                          "Actual Total Time": 91.042,
                          "Actual Rows": 27600,
                          "Actual Loops": 4,
                          "Filter": "((kind_id = 7) AND (production_year = 2012))",
                          "Rows Removed by Filter": 604478
                        }
                      ]
                    }
                  ]
                }
              ]
            }
          ]
        }
      ]
    },
    "Planning Time": 0.369,
    "Triggers": [],
    "Execution Time": 197.388
  }
]