[
  {
    "Plan": {
      "Node Type": "Aggregate",
      "Strategy": "Plain",
      "Partial Mode": "Finalize",
      "Parallel Aware": false,
      "Startup Cost": 45253.48,
      "Total Cost": 45253.49,
      "Plan Rows": 1,
      "Plan Width": 8,
      "Actual Startup Time": 155.612,
      "Actual Total Time": 165.618,
      "Actual Rows": 1,
      "Actual Loops": 1,
      "Plans": [
        {
          "Node Type": "Gather",
          "Parent Relationship": "Outer",
          "Parallel Aware": false,
          "Startup Cost": 45253.16,
          "Total Cost": 45253.47,
          "Plan Rows": 3,
          "Plan Width": 8,
          "Actual Startup Time": 155.507,
          "Actual Total Time": 165.61,
          "Actual Rows": 4,
          "Actual Loops": 1,
          "Workers Planned": 3,
          "Workers Launched": 3,
          "Single Copy": false,
          "Plans": [
            {
              "Node Type": "Aggregate",
              "Strategy": "Plain",
              "Partial Mode": "Partial",
              "Parent Relationship": "Outer",
              "Parallel Aware": false,
              "Startup Cost": 44253.16,
              "Total Cost": 44253.17,
              "Plan Rows": 1,
              "Plan Width": 8,
              "Actual Startup Time": 147.284,
              "Actual Total Time": 147.285,
              "Actual Rows": 1,
              "Actual Loops": 4,
              "Plans": [
                {
                  "Node Type": "Seq Scan",
                  "Parent Relationship": "Outer",
                  "Parallel Aware": true,
                  "Relation Name": "movie_keyword",
                  "Alias": "mk",
                  "Startup Cost": 0.0,
                  "Total Cost": 42695.65,
                  "Plan Rows": 623004,
                  "Plan Width": 0,
                  "Actual Startup Time": 0.06,
                  "Actual Total Time": 122.026,
                  "Actual Rows": 484016,
                  "Actual Loops": 4,
                  "Filter": "(keyword_id < 3328)",
                  "Rows Removed by Filter": 646966
                }
              ]
            }
          ]
        }
      ]
    },
    "Planning Time": 0.149,
    "Triggers": [],
    "Execution Time": 165.672
  }
]