[
  {
    "Plan": {
      "Node Type": "Aggregate",
      "Strategy": "Plain",
      "Partial Mode": "Finalize",
      "Parallel Aware": false,
      "Startup Cost": 248471.38,
      "Total Cost": 248471.39,
      "Plan Rows": 1,
      "Plan Width": 8,
      "Actual Startup Time": 151.646,
      "Actual Total Time": 178.952,
      "Actual Rows": 1,
      "Actual Loops": 1,
      "Plans": [
        {
          "Node Type": "Gather",
          "Parent Relationship": "Outer",
          "Parallel Aware": false,
          "Startup Cost": 248470.96,
          "Total Cost": 248471.37,
          "Plan Rows": 4,
          "Plan Width": 8,
          "Actual Startup Time": 151.509,
          "Actual Total Time": 178.941,
          "Actual Rows": 5,
          "Actual Loops": 1,
          "Workers Planned": 4,
          "Workers Launched": 4,
          "Single Copy": false,
          "Plans": [
            {
              "Node Type": "Aggregate",
              "Strategy": "Plain",
              "Partial Mode": "Partial",
              "Parent Relationship": "Outer",
              "Parallel Aware": false,
              "Startup Cost": 247470.96,
              "Total Cost": 247470.97,
              "Plan Rows": 1,
              "Plan Width": 8,
              "Actual Startup Time": 145.699,
              "Actual Total Time": 145.701,
              "Actual Rows": 1,
              "Actual Loops": 5,
              "Plans": [
                {
                  "Node Type": "Nested Loop",
                  "Parent Relationship": "Outer",
                  "Parallel Aware": false,
                  "Join Type": "Inner",
                  "Startup Cost": 0.56,
                  "Total Cost": 247443.52,
                  "Plan Rows": 10974,
                  "Plan Width": 0,
                  "Actual Startup Time": 0.265,
                  "Actual Total Time": 144.878,
                  "Actual Rows": 8272,
                  "Actual Loops": 5,
                  "Inner Unique": false,
                  "Plans": [
                    {
                      "Node Type": "Seq Scan",
                      "Parent Relationship": "Outer",
                      "Parallel Aware": true,
                      "Relation Name": "title",
                      "Alias": "t",
                      "Startup Cost": 0.0,
                      "Total Cost": 45479.59,
                      "Plan Rows": 2184,
                      "Plan Width": 4,
                      "Actual Startup Time": 0.115,
                      "Actual Total Time": 73.397,
                      "Actual Rows": 1565,
                      "Actual Loops": 5,
                      "Filter": "((kind_id = 7) AND (production_year = 1965))",
                      "Rows Removed by Filter": 504098
                    },
                    {
                      "Node Type": "Index Scan",
                      "Parent Relationship": "Inner",
                      "Parallel Aware": false,
                      "Scan Direction": "Forward",
                      "Index Name": "movie_id_cast_info",
                      "Relation Name": "cast_info",
                      "Alias": "ci",
                      "Startup Cost": 0.56,
                      "Total Cost": 92.35,
                      "Plan Rows": 12,
                      "Plan Width": 4,
                      "Actual Startup Time": 0.01,
                      "Actual Total Time": 0.045,
                      "Actual Rows": 5,
                      "Actual Loops": 7824,
                      "Index Cond": "(movie_id = t.id)",
                      "Rows Removed by Index Recheck": 0,
                      "Filter": "(role_id = 1)",
                      "Rows Removed by Filter": 6
                    }
                  ]
                }
              ]
            }
          ]
        }
      ]
    },
    "Planning Time": 0.331,
    "Triggers": [],
    "Execution Time": 179.007
  }
]