[
  {
    "Plan": {
      "Node Type": "Aggregate",
      "Strategy": "Plain",
      "Partial Mode": "Finalize",
      "Parallel Aware": false,
      "Startup Cost": 46873.62,
      "Total Cost": 46873.63,
      "Plan Rows": 1,
      "Plan Width": 8,
      "Actual Startup Time": 150.328,
      "Actual Total Time": 159.986,
      "Actual Rows": 1,
      "Actual Loops": 1,
      "Plans": [
        {
          "Node Type": "Gather",
          "Parent Relationship": "Outer",
          "Parallel Aware": false,
          "Startup Cost": 46873.3,
          "Total Cost": 46873.61,
          "Plan Rows": 3,
          "Plan Width": 8,
          "Actual Startup Time": 150.169,
          "Actual Total Time": 159.975,
          "Actual Rows": 4,
          "Actual Loops": 1,
          "Workers Planned": 3,
          "Workers Launched": 3,
          "Single Copy": false,
          "Plans": [
            {
              "Node Type": "Aggregate",
              "Strategy": "Plain",
              "Partial Mode": "Partial",
              "Parent Relationship": "Outer",
              "Parallel Aware": false,
              "Startup Cost": 45873.3,
              "Total Cost": 45873.31,
              "Plan Rows": 1,
              "Plan Width": 8,
              "Actual Startup Time": 147.039,
              "Actual Total Time": 147.04,
              "Actual Rows": 1,
              "Actual Loops": 4,
              "Plans": [
                {
                  "Node Type": "Seq Scan",
                  "Parent Relationship": "Outer",
                  "Parallel Aware": true,
                  "Relation Name": "movie_keyword",
                  "Alias": "mk",
                  "Startup Cost": 0.0,
                  "Total Cost": 42695.65,
                  "Plan Rows": 1271060,
                  "Plan Width": 0,
                  "Actual Startup Time": 0.037,
                  "Actual Total Time": 108.456,
                  "Actual Rows": 981804,
                  "Actual Loops": 4,
                  "Filter": "(keyword_id > 434)",
                  "Rows Removed by Filter": 149178
                }
              ]
            }
          ]
        }
      ]
    },
    "Planning Time": 0.085,
    "Triggers": [],
    "Execution Time": 160.014
  }
]