[
  {
    "Plan": {
      "Node Type": "Aggregate",
      "Strategy": "Plain",
      "Partial Mode": "Simple",
      "Parallel Aware": false,
      "Startup Cost": 3192.06,
      "Total Cost": 3192.07,
      "Plan Rows": 1,
      "Plan Width": 8,
      "Actual Startup Time": 21.122,
      "Actual Total Time": 21.124,
      "Actual Rows": 1,
      "Actual Loops": 1,
      "Plans": [
        {
          "Node Type": "Nested Loop",
          "Parent Relationship": "Outer",
          "Parallel Aware": false,
          "Join Type": "Inner",
          "Startup Cost": 7.23,
          "Total Cost": 3191.82,
          "Plan Rows": 95,
          "Plan Width": 0,
          "Actual Startup Time": 2.132,
          "Actual Total Time": 20.91,
          "Actual Rows": 949,
          "Actual Loops": 1,
          "Inner Unique": false,
          "Plans": [
            {
              "Node Type": "Nested Loop",
              "Parent Relationship": "Outer",
              "Parallel Aware": false,
              "Join Type": "Inner",
              "Startup Cost": 6.79,
              "Total Cost": 3018.6,
              "Plan Rows": 65,
              "Plan Width": 8,
              "Actual Startup Time": 2.101,
              "Actual Total Time": 5.75,
              "Actual Rows": 227,
              "Actual Loops": 1,
              "Inner Unique": true,
              "Plans": [
                {
                  "Node Type": "Bitmap Heap Scan",
                  "Parent Relationship": "Outer",
                  "Parallel Aware": false,
                  "Relation Name": "movie_keyword",
                  "Alias": "mk",
                  "Startup Cost": 6.36,
                  "Total Cost": 926.55,
                  "Plan Rows": 249,
                  "Plan Width": 4,
                  "Actual Startup Time": 0.849,
                  "Actual Total Time": 2.002,
                  "Actual Rows": 340,
                  "Actual Loops": 1,
                  "Recheck Cond": "(keyword_id = 21135)",
                  "Rows Removed by Index Recheck": 0,
                  "Exact Heap Blocks": 329,
                  "Lossy Heap Blocks": 0,
                  "Plans": [
                    {
                      "Node Type": "Bitmap Index Scan",
                      "Parent Relationship": "Outer",
                      "Parallel Aware": false,
                      "Index Name": "keyword_id_movie_keyword",
                      "Startup Cost": 0.0,
                      "Total Cost": 6.3,
                      "Plan Rows": 249,
                      "Plan Width": 0,
                      "Actual Startup Time": 0.732,
                      "Actual Total Time": 0.733,
                      "Actual Rows": 340,
                      "Actual Loops": 1,
                      "Index Cond": "(keyword_id = 21135)"
                    }
                  ]
                },
                {
                  "Node Type": "Index Scan",
                  "Parent Relationship": "Inner",
                  "Parallel Aware": false,
                  "Scan Direction": "Forward",
                  "Index Name": "title_pkey",
                  "Relation Name": "title",
                  "Alias": "t",
                  "Startup Cost": 0.43,
                  "Total Cost": 8.4,
                  "Plan Rows": 1,
                  "Plan Width": 4,
                  "Actual Startup Time": 0.01,
                  "Actual Total Time": 0.01,
                  "Actual Rows": 1,
                  "Actual Loops": 340,
                  "Index Cond": "(id = mk.movie_id)",
                  "Rows Removed by Index Recheck": 0,
                  "Filter": "(kind_id = 1)",
                  "Rows Removed by Filter": 0
                }
              ]
            },
            {
              "Node Type": "Index Scan",
              "Parent Relationship": "Inner",
              "Parallel Aware": false,
              "Scan Direction": "Forward",
              "Index Name": "movie_id_movie_info",
              "Relation Name": "movie_info",
              "Alias": "mi",
              "Startup Cost": 0.43,
              "Total Cost": 2.56,
              "Plan Rows": 10,
              "Plan Width": 4,
              "Actual Startup Time": 0.022,
              "Actual Total Time": 0.064,
              "Actual Rows": 4,
              "Actual Loops": 227,
              "Index Cond": "(movie_id = t.id)",
              "Rows Removed by Index Recheck": 0,
              "Filter": "(info_type_id < 4)",
              "Rows Removed by Filter": 46
            }
          ]
        }
      ]
    },
    "Planning Time": 1.524,
    "Triggers": [],
    "Execution Time": 21.216
  }
]