[
  {
    "Plan": {
      "Node Type": "Aggregate",
      "Strategy": "Plain",
      "Partial Mode": "Finalize",
      "Parallel Aware": false,
      "Startup Cost": 32736.7,
      "Total Cost": 32736.71,
      "Plan Rows": 1,
      "Plan Width": 8,
      "Actual Startup Time": 89.646,
      "Actual Total Time": 99.063,
      "Actual Rows": 1,
      "Actual Loops": 1,
      "Plans": [
        {
          "Node Type": "Gather",
          "Parent Relationship": "Outer",
          "Parallel Aware": false,
          "Startup Cost": 32736.39,
          "Total Cost": 32736.7,
          "Plan Rows": 3,
          "Plan Width": 8,
          "Actual Startup Time": 89.517,
          "Actual Total Time": 99.054,
          "Actual Rows": 4,
          "Actual Loops": 1,
          "Workers Planned": 3,
          "Workers Launched": 3,
          "Single Copy": false,
          "Plans": [
            {
              "Node Type": "Aggregate",
              "Strategy": "Plain",
              "Partial Mode": "Partial",
              "Parent Relationship": "Outer",
              "Parallel Aware": false,
              "Startup Cost": 31736.39,
              "Total Cost": 31736.4,
              "Plan Rows": 1,
              "Plan Width": 8,
              "Actual Startup Time": 82.825,
              "Actual Total Time": 82.826,
              "Actual Rows": 1,
              "Actual Loops": 4,
              "Plans": [
                {
                  "Node Type": "Seq Scan",
                  "Parent Relationship": "Outer",
                  "Parallel Aware": true,
                  "Relation Name": "movie_companies",
                  "Alias": "mc",
                  "Startup Cost": 0.0,
                  "Total Cost": 31414.82,
                  "Plan Rows": 128627,
                  "Plan Width": 0,
                  "Actual Startup Time": 19.722,
                  "Actual Total Time": 81.605,
                  "Actual Rows": 18444,
                  "Actual Loops": 4,
                  "Filter": "((company_id > 29881) AND (company_type_id < 2))",
                  "Rows Removed by Filter": 633838
                }
              ]
            }
          ]
        }
      ]
    },
    "Planning Time": 0.11,
    "Triggers": [],
    "Execution Time": 99.097
  }
]