[
  {
    "Plan": {
      "Node Type": "Aggregate",
      "Strategy": "Plain",
      "Partial Mode": "Finalize",
      "Parallel Aware": false,
      "Startup Cost": 92468.8,
      "Total Cost": 92468.81,
      "Plan Rows": 1,
      "Plan Width": 8,
      "Actual Startup Time": 367.215,
      "Actual Total Time": 382.385,
      "Actual Rows": 1,
      "Actual Loops": 1,
      "Plans": [
        {
          "Node Type": "Gather",
          "Parent Relationship": "Outer",
          "Parallel Aware": false,
          "Startup Cost": 92468.38,
          "Total Cost": 92468.79,
          "Plan Rows": 4,
          "Plan Width": 8,
          "Actual Startup Time": 357.814,
          "Actual Total Time": 382.372,
          "Actual Rows": 5,
          "Actual Loops": 1,
          "Workers Planned": 4,
          "Workers Launched": 4,
          "Single Copy": false,
          "Plans": [
            {
              "Node Type": "Aggregate",
              "Strategy": "Plain",
              "Partial Mode": "Partial",
              "Parent Relationship": "Outer",
              "Parallel Aware": false,
              "Startup Cost": 91468.38,
              "Total Cost": 91468.39,
              "Plan Rows": 1,
              "Plan Width": 8,
              "Actual Startup Time": 347.988,
              "Actual Total Time": 348.156,
              "Actual Rows": 1,
              "Actual Loops": 5,
              "Plans": [
                {
                  "Node Type": "Hash Join",
                  "Parent Relationship": "Outer",
                  "Parallel Aware": true,
                  "Join Type": "Inner",
                  "Startup Cost": 46446.88,
                  "Total Cost": 91391.14,
                  "Plan Rows": 30897,
                  "Plan Width": 0,
                  "Actual Startup Time": 213.175,
                  "Actual Total Time": 346.539,
                  "Actual Rows": 33323,
                  "Actual Loops": 5,
                  "Inner Unique": false,
                  "Hash Cond": "(t.id = mc.movie_id)",
                  "Plans": [
                    {
                      "Node Type": "Seq Scan",
                      "Parent Relationship": "Outer",
                      "Parallel Aware": true,
                      "Relation Name": "title",
                      "Alias": "t",
                      "Startup Cost": 0.0,
                      "Total Cost": 42318.73,
                      "Plan Rows": 632073,
                      "Plan Width": 4,
                      "Actual Startup Time": 0.022,
                      "Actual Total Time": 64.851,
                      "Actual Rows": 505662,
                      "Actual Loops": 5
                    },
                    {
                      "Node Type": "Hash",
                      "Parent Relationship": "Inner",
                      "Parallel Aware": true,
                      "Startup Cost": 45170.59,
                      "Total Cost": 45170.59,
                      "Plan Rows": 102103,
                      "Plan Width": 8,
                      "Actual Startup Time": 210.168,
                      "Actual Total Time": 210.334,
                      "Actual Rows": 33323,
                      "Actual Loops": 5,
                      "Hash Buckets": 524288,
                      "Original Hash Buckets": 524288,
                      "Hash Batches": 1,
                      "Original Hash Batches": 1,
                      "Peak Memory Usage": 10688,
                      "Plans": [
                        {
                          "Node Type": "Hash Join",
                          "Parent Relationship": "Outer",
                          "Parallel Aware": true,
                          "Join Type": "Inner",
                          "Startup Cost": 35775.32,
                          "Total Cost": 45170.59,
                          "Plan Rows": 102103,
                          "Plan Width": 8,
                          "Actual Startup Time": 172.097,
                          "Actual Total Time": 199.271,
                          "Actual Rows": 33323,
                          "Actual Loops": 5,
                          "Inner Unique": false,
                          "Hash Cond": "(ci.movie_id = mc.movie_id)",
                          "Plans": [
                            {
                              "Node Type": "Index Scan",
                              "Parent Relationship": "Outer",
                              "Parallel Aware": true,
                              "Scan Direction": "Forward",
                              "Index Name": "role_id_cast_info",
                              "Relation Name": "cast_info",
                              "Alias": "ci",
                              "Startup Cost": 0.56,
                              "Total Cost": 8600.37,
                              "Plan Rows": 93220,
                              "Plan Width": 4,
                              "Actual Startup Time": 0.121,
                              "Actual Total Time": 10.975,
                              "Actual Rows": 29733,
                              "Actual Loops": 5,
                              "Index Cond": "(role_id > 10)",
                              "Rows Removed by Index Recheck": 0,
                              "Filter": "(person_id < 3849499)",
                              "Rows Removed by Filter": 33491
                            },
                            {
                              "Node Type": "Hash",
                              "Parent Relationship": "Inner",
                              "Parallel Aware": true,
                              "Startup Cost": 31414.82,
                              "Total Cost": 31414.82,
                              "Plan Rows": 348795,
                              "Plan Width": 4,
                              "Actual Startup Time": 167.464,
                              "Actual Total Time": 167.465,
                              "Actual Rows": 242261,
                              "Actual Loops": 5,
                              "Hash Buckets": 2097152,
                              "Original Hash Buckets": 2097152,
                              "Hash Batches": 1,
                              "Original Hash Batches": 1,
                              "Peak Memory Usage": 63872,
                              "Plans": [
                                {
                                  "Node Type": "Seq Scan",
                                  "Parent Relationship": "Outer",
                                  "Parallel Aware": true,
                                  "Relation Name": "movie_companies",
                                  "Alias": "mc",
                                  "Startup Cost": 0.0,
                                  "Total Cost": 31414.82,
                                  "Plan Rows": 348795,
                                  "Plan Width": 4,
                                  "Actual Startup Time": 44.543,
                                  "Actual Total Time": 79.169,
                                  "Actual Rows": 242261,
                                  "Actual Loops": 5,
                                  "Filter": "((company_id > 419) AND (company_type_id = 2))",
                                  "Rows Removed by Filter": 279564
                                }
                              ]
                            }
                          ]
                        }
                      ]
                    }
                  ]
                }
              ]
            }
          ]
        }
      ]
    },
    "Planning Time": 1.488,
    "Triggers": [],
    "Execution Time": 382.48
  }
]