[
  {
    "Plan": {
      "Node Type": "Aggregate",
      "Strategy": "Plain",
      "Partial Mode": "Finalize",
      "Parallel Aware": false,
      "Startup Cost": 349659.65,
      "Total Cost": 349659.66,
      "Plan Rows": 1,
      "Plan Width": 8,
      "Actual Startup Time": 826.188,
      "Actual Total Time": 878.135,
      "Actual Rows": 1,
      "Actual Loops": 1,
      "Plans": [
        {
          "Node Type": "Gather",
          "Parent Relationship": "Outer",
          "Parallel Aware": false,
          "Startup Cost": 349659.02,
          "Total Cost": 349659.63,
          "Plan Rows": 6,
          "Plan Width": 8,
          "Actual Startup Time": 826.031,
          "Actual Total Time": 878.121,
          "Actual Rows": 7,
          "Actual Loops": 1,
          "Workers Planned": 6,
          "Workers Launched": 6,
          "Single Copy": false,
          "Plans": [
            {
              "Node Type": "Aggregate",
              "Strategy": "Plain",
              "Partial Mode": "Partial",
              "Parent Relationship": "Outer",
              "Parallel Aware": false,
              "Startup Cost": 348659.02,
              "Total Cost": 348659.03,
              "Plan Rows": 1,
              "Plan Width": 8,
              "Actual Startup Time": 817.813,
              "Actual Total Time": 817.815,
              "Actual Rows": 1,
              "Actual Loops": 7,
              "Plans": [
                {
                  "Node Type": "Seq Scan",
                  "Parent Relationship": "Outer",
                  "Parallel Aware": true,
                  "Relation Name": "cast_info",
                  "Alias": "ci",
                  "Startup Cost": 0.0,
                  "Total Cost": 343316.27,
                  "Plan Rows": 2137100,
                  "Plan Width": 0,
                  "Actual Startup Time": 280.066,
                  "Actual Total Time": 733.09,
                  "Actual Rows": 1462292,
                  "Actual Loops": 7,
                  "Filter": "((person_id > 1978796) AND (role_id < 6))",
                  "Rows Removed by Filter": 3715471
                }
              ]
            }
          ]
        }
      ]
    },
    "Planning Time": 0.227,
    "Triggers": [],
    "Execution Time": 878.211
  }
]