{
  "Plan": {
    "Node Type": "Aggregate",
    "Strategy": "Plain",
    "Partial Mode": "Finalize",
    "Parallel Aware": false,
    "Startup Cost": 114790.24,
    "Total Cost": 114790.25,
    "Plan Rows": 1,
    "Plan Width": 8,
    "Actual Startup Time": 802.285,
    "Actual Total Time": 824.176,
    "Actual Rows": 1,
    "Actual Loops": 1,
    "Plans": [
      {
        "Node Type": "Gather",
        "Parent Relationship": "Outer",
        "Parallel Aware": false,
        "Startup Cost": 114790.12,
        "Total Cost": 114790.23,
        "Plan Rows": 1,
        "Plan Width": 8,
        "Actual Startup Time": 798.404,
        "Actual Total Time": 824.166,
        "Actual Rows": 2,
        "Actual Loops": 1,
        "Workers Planned": 1,
        "Workers Launched": 1,
        "Single Copy": false,
        "Plans": [
          {
            "Node Type": "Aggregate",
            "Strategy": "Plain",
            "Partial Mode": "Partial",
            "Parent Relationship": "Outer",
            "Parallel Aware": false,
            "Startup Cost": 113790.12,
            "Total Cost": 113790.13,
            "Plan Rows": 1,
            "Plan Width": 8,
            "Actual Startup Time": 790.51,
            "Actual Total Time": 790.516,
            "Actual Rows": 1,
            "Actual Loops": 2,
            "Plans": [
              {
                "Node Type": "Hash Join",
                "Parent Relationship": "Outer",
                "Parallel Aware": true,
                "Join Type": "Inner",
                "Startup Cost": 82810.87,
                "Total Cost": 112864.56,
                "Plan Rows": 370227,
                "Plan Width": 0,
                "Actual Startup Time": 592.501,
                "Actual Total Time": 775.948,
                "Actual Rows": 320863,
                "Actual Loops": 2,
                "Inner Unique": true,
                "Hash Cond": "(mk.movie_id = t.id)",
                "Plans": [
                  {
                    "Node Type": "Bitmap Heap Scan",
                    "Parent Relationship": "Outer",
                    "Parallel Aware": true,
                    "Relation Name": "movie_keyword",
                    "Alias": "mk",
                    "Startup Cost": 13350.17,
                    "Total Cost": 42432.01,
                    "Plan Rows": 370227,
                    "Plan Width": 4,
                    "Actual Startup Time": 36.556,
                    "Actual Total Time": 117.141,
                    "Actual Rows": 320863,
                    "Actual Loops": 2,
                    "Recheck Cond": "(keyword_id < 498)",
                    "Rows Removed by Index Recheck": 0,
                    "Exact Heap Blocks": 12619,
                    "Lossy Heap Blocks": 0,
                    "Plans": [
                      {
                        "Node Type": "Bitmap Index Scan",
                        "Parent Relationship": "Outer",
                        "Parallel Aware": false,
                        "Index Name": "keyword_id_movie_keyword",
                        "Startup Cost": 0.0,
                        "Total Cost": 13192.83,
                        "Plan Rows": 629386,
                        "Plan Width": 0,
                        "Actual Startup Time": 32.888,
                        "Actual Total Time": 32.889,
                        "Actual Rows": 641726,
                        "Actual Loops": 1,
                        "Index Cond": "(keyword_id < 498)"
                      }
                    ]
                  },
                  {
                    "Node Type": "Hash",
                    "Parent Relationship": "Inner",
                    "Parallel Aware": true,
                    "Startup Cost": 50870.31,
                    "Total Cost": 50870.31,
                    "Plan Rows": 1487231,
                    "Plan Width": 4,
                    "Actual Startup Time": 540.061,
                    "Actual Total Time": 540.063,
                    "Actual Rows": 1264156,
                    "Actual Loops": 2,
                    "Hash Buckets": 4194304,
                    "Original Hash Buckets": 4194304,
                    "Hash Batches": 1,
                    "Original Hash Batches": 1,
                    "Peak Memory Usage": 131712,
                    "Plans": [
                      {
                        "Node Type": "Seq Scan",
                        "Parent Relationship": "Outer",
                        "Parallel Aware": true,
                        "Relation Name": "title",
                        "Alias": "t",
                        "Startup Cost": 0.0,
                        "Total Cost": 50870.31,
                        "Plan Rows": 1487231,
                        "Plan Width": 4,
                        "Actual Startup Time": 0.018,
                        "Actual Total Time": 152.512,
                        "Actual Rows": 1264156,
                        "Actual Loops": 2
                      }
                    ]
                  }
                ]
              }
            ]
          }
        ]
      }
    ]
  },
  "Planning Time": 0.323,
  "Triggers": [],
  "Execution Time": 824.224
}