[
  {
    "Plan": {
      "Node Type": "Aggregate",
      "Strategy": "Plain",
      "Partial Mode": "Finalize",
      "Parallel Aware": false,
      "Startup Cost": 147740.99,
      "Total Cost": 147741.0,
      "Plan Rows": 1,
      "Plan Width": 8,
      "Actual Startup Time": 211.989,
      "Actual Total Time": 233.204,
      "Actual Rows": 1,
      "Actual Loops": 1,
      "Plans": [
        {
          "Node Type": "Gather",
          "Parent Relationship": "Outer",
          "Parallel Aware": false,
          "Startup Cost": 147740.46,
          "Total Cost": 147740.97,
          "Plan Rows": 5,
          "Plan Width": 8,
          "Actual Startup Time": 211.644,
          "Actual Total Time": 233.193,
          "Actual Rows": 6,
          "Actual Loops": 1,
          "Workers Planned": 5,
          "Workers Launched": 5,
          "Single Copy": false,
          "Plans": [
            {
              "Node Type": "Aggregate",
              "Strategy": "Plain",
              "Partial Mode": "Partial",
              "Parent Relationship": "Outer",
              "Parallel Aware": false,
              "Startup Cost": 146740.46,
              "Total Cost": 146740.47,
              "Plan Rows": 1,
              "Plan Width": 8,
              "Actual Startup Time": 204.876,
              "Actual Total Time": 204.88,
              "Actual Rows": 1,
              "Actual Loops": 6,
              "Plans": [
                {
                  "Node Type": "Hash Join",
                  "Parent Relationship": "Outer",
                  "Parallel Aware": true,
                  "Join Type": "Inner",
                  "Startup Cost": 38166.95,
                  "Total Cost": 146728.17,
                  "Plan Rows": 4916,
                  "Plan Width": 0,
                  "Actual Startup Time": 34.496,
                  "Actual Total Time": 204.743,
                  "Actual Rows": 1596,
                  "Actual Loops": 6,
                  "Inner Unique": true,
                  "Hash Cond": "(ci.movie_id = t.id)",
                  "Plans": [
                    {
                      "Node Type": "Index Scan",
                      "Parent Relationship": "Outer",
                      "Parallel Aware": true,
                      "Scan Direction": "Forward",
                      "Index Name": "role_id_cast_info",
                      "Relation Name": "cast_info",
                      "Alias": "ci",
                      "Startup Cost": 0.56,
                      "Total Cost": 107159.34,
                      "Plan Rows": 534268,
                      "Plan Width": 4,
                      "Actual Startup Time": 0.356,
                      "Actual Total Time": 134.01,
                      "Actual Rows": 271324,
                      "Actual Loops": 6,
                      "Index Cond": "(role_id = 3)",
                      "Rows Removed by Index Recheck": 0,
                      "Filter": "(person_id < 2551008)",
                      "Rows Removed by Filter": 396682
                    },
                    {
                      "Node Type": "Hash",
                      "Parent Relationship": "Inner",
                      "Parallel Aware": true,
                      "Startup Cost": 38093.68,
                      "Total Cost": 38093.68,
                      "Plan Rows": 5816,
                      "Plan Width": 4,
                      "Actual Startup Time": 33.036,
                      "Actual Total Time": 33.038,
                      "Actual Rows": 5208,
                      "Actual Loops": 6,
                      "Hash Buckets": 32768,
                      "Original Hash Buckets": 32768,
                      "Hash Batches": 1,
                      "Original Hash Batches": 1,
                      "Peak Memory Usage": 1568,
                      "Plans": [
                        {
                          "Node Type": "Bitmap Heap Scan",
                          "Parent Relationship": "Outer",
                          "Parallel Aware": true,
                          "Relation Name": "title",
                          "Alias": "t",
                          "Startup Cost": 1732.54,
                          "Total Cost": 38093.68,
                          "Plan Rows": 5816,
                          "Plan Width": 4,
                          "Actual Startup Time": 5.708,
                          "Actual Total Time": 30.886,
                          "Actual Rows": 5208,
                          "Actual Loops": 6,
                          "Recheck Cond": "(kind_id = 3)",
                          "Rows Removed by Index Recheck": 0,
                          "Filter": "(production_year < 1987)",
                          "Rows Removed by Filter": 11549,
                          "Exact Heap Blocks": 5169,
                          "Lossy Heap Blocks": 0,
                          "Plans": [
                            {
                              "Node Type": "Bitmap Index Scan",
                              "Parent Relationship": "Outer",
                              "Parallel Aware": false,
                              "Index Name": "kind_id_title",
                              "Startup Cost": 0.0,
                              "Total Cost": 1726.72,
                              "Plan Rows": 96839,
                              "Plan Width": 0,
                              "Actual Startup Time": 8.831,
                              "Actual Total Time": 8.831,
                              "Actual Rows": 100537,
                              "Actual Loops": 1,
                              "Index Cond": "(kind_id = 3)"
                            }
                          ]
                        }
                      ]
                    }
                  ]
                }
              ]
            }
          ]
        }
      ]
    },
    "Planning Time": 0.279,
    "Triggers": [],
    "Execution Time": 233.256
  }
]