[
  {
    "Plan": {
      "Node Type": "Aggregate",
      "Strategy": "Plain",
      "Partial Mode": "Finalize",
      "Parallel Aware": false,
      "Startup Cost": 127330.6,
      "Total Cost": 127330.61,
      "Plan Rows": 1,
      "Plan Width": 8,
      "Actual Startup Time": 564.417,
      "Actual Total Time": 591.246,
      "Actual Rows": 1,
      "Actual Loops": 1,
      "Plans": [
        {
          "Node Type": "Gather",
          "Parent Relationship": "Outer",
          "Parallel Aware": false,
          "Startup Cost": 127330.28,
          "Total Cost": 127330.59,
          "Plan Rows": 3,
          "Plan Width": 8,
          "Actual Startup Time": 561.166,
          "Actual Total Time": 591.237,
          "Actual Rows": 4,
          "Actual Loops": 1,
          "Workers Planned": 3,
          "Workers Launched": 3,
          "Single Copy": false,
          "Plans": [
            {
              "Node Type": "Aggregate",
              "Strategy": "Plain",
              "Partial Mode": "Partial",
              "Parent Relationship": "Outer",
              "Parallel Aware": false,
              "Startup Cost": 126330.28,
              "Total Cost": 126330.29,
              "Plan Rows": 1,
              "Plan Width": 8,
              "Actual Startup Time": 557.022,
              "Actual Total Time": 557.225,
              "Actual Rows": 1,
              "Actual Loops": 4,
              "Plans": [
                {
                  "Node Type": "Hash Join",
                  "Parent Relationship": "Outer",
                  "Parallel Aware": true,
                  "Join Type": "Inner",
                  "Startup Cost": 81115.75,
                  "Total Cost": 126026.96,
                  "Plan Rows": 121329,
                  "Plan Width": 0,
                  "Actual Startup Time": 317.451,
                  "Actual Total Time": 537.859,
                  "Actual Rows": 419731,
                  "Actual Loops": 4,
                  "Inner Unique": false,
                  "Hash Cond": "(mk.movie_id = t.id)",
                  "Plans": [
                    {
                      "Node Type": "Seq Scan",
                      "Parent Relationship": "Outer",
                      "Parallel Aware": true,
                      "Relation Name": "movie_keyword",
                      "Alias": "mk",
                      "Startup Cost": 0.0,
                      "Total Cost": 39047.32,
                      "Plan Rows": 1459332,
                      "Plan Width": 4,
                      "Actual Startup Time": 0.04,
                      "Actual Total Time": 91.759,
                      "Actual Rows": 1130982,
                      "Actual Loops": 4
                    },
                    {
                      "Node Type": "Hash",
                      "Parent Relationship": "Inner",
                      "Parallel Aware": true,
                      "Startup Cost": 80268.12,
                      "Total Cost": 80268.12,
                      "Plan Rows": 67811,
                      "Plan Width": 8,
                      "Actual Startup Time": 315.757,
                      "Actual Total Time": 315.958,
                      "Actual Rows": 44975,
                      "Actual Loops": 4,
                      "Hash Buckets": 262144,
                      "Original Hash Buckets": 262144,
                      "Hash Batches": 1,
                      "Original Hash Batches": 1,
                      "Peak Memory Usage": 9120,
                      "Plans": [
                        {
                          "Node Type": "Hash Join",
                          "Parent Relationship": "Outer",
                          "Parallel Aware": true,
                          "Join Type": "Inner",
                          "Startup Cost": 48366.04,
                          "Total Cost": 80268.12,
                          "Plan Rows": 67811,
                          "Plan Width": 8,
                          "Actual Startup Time": 228.215,
                          "Actual Total Time": 300.619,
                          "Actual Rows": 44975,
                          "Actual Loops": 4,
                          "Inner Unique": true,
                          "Hash Cond": "(mc.movie_id = t.id)",
                          "Plans": [
                            {
                              "Node Type": "Seq Scan",
                              "Parent Relationship": "Outer",
                              "Parallel Aware": true,
                              "Relation Name": "movie_companies",
                              "Alias": "mc",
                              "Startup Cost": 0.0,
                              "Total Cost": 31414.82,
                              "Plan Rows": 185624,
                              "Plan Width": 4,
                              "Actual Startup Time": 36.083,
                              "Actual Total Time": 69.895,
                              "Actual Rows": 91863,
                              "Actual Loops": 4,
                              "Filter": "((company_id < 8339) AND (company_type_id > 1))",
                              "Rows Removed by Filter": 560419
                            },
                            {
                              "Node Type": "Hash",
                              "Parent Relationship": "Inner",
                              "Parallel Aware": true,
                              "Startup Cost": 45479.59,
                              "Total Cost": 45479.59,
                              "Plan Rows": 230916,
                              "Plan Width": 4,
                              "Actual Startup Time": 189.318,
                              "Actual Total Time": 189.319,
                              "Actual Rows": 222127,
                              "Actual Loops": 4,
                              "Hash Buckets": 1048576,
                              "Original Hash Buckets": 1048576,
                              "Hash Batches": 1,
                              "Original Hash Batches": 1,
                              "Peak Memory Usage": 43040,
                              "Plans": [
                                {
                                  "Node Type": "Seq Scan",
                                  "Parent Relationship": "Outer",
                                  "Parallel Aware": true,
                                  "Relation Name": "title",
                                  "Alias": "t",
                                  "Startup Cost": 0.0,
                                  "Total Cost": 45479.59,
                                  "Plan Rows": 230916,
                                  "Plan Width": 4,
                                  "Actual Startup Time": 0.037,
                                  "Actual Total Time": 107.26,
                                  "Actual Rows": 222127,
                                  "Actual Loops": 4,
                                  "Filter": "((kind_id < 7) AND (production_year > 1920))",
                                  "Rows Removed by Filter": 409951
                                }
                              ]
                            }
                          ]
                        }
                      ]
                    }
                  ]
                }
              ]
            }
          ]
        }
      ]
    },
    "Planning Time": 0.767,
    "Triggers": [],
    "Execution Time": 591.314
  }
]