[
    {
        "Bao": {
            "Bao prediction": 611.494,
            "Bao recommended hint": "(no hint)"
        }
    },
    {
        "Plan": {
            "Node Type": "Aggregate",
            "Strategy": "Plain",
            "Partial Mode": "Simple",
            "Parallel Aware": false,
            "Startup Cost": 27731.17,
            "Total Cost": 27731.18,
            "Plan Rows": 1,
            "Plan Width": 8,
            "Actual Startup Time": 76.332,
            "Actual Total Time": 76.334,
            "Actual Rows": 1,
            "Actual Loops": 1,
            "Output": [
                "count(*)"
            ],
            "Plans": [
                {
                    "Node Type": "Bitmap Heap Scan",
                    "Parent Relationship": "Outer",
                    "Parallel Aware": false,
                    "Relation Name": "movie_keyword",
                    "Schema": "public",
                    "Alias": "mk",
                    "Startup Cost": 1921.08,
                    "Total Cost": 27505.15,
                    "Plan Rows": 90406,
                    "Plan Width": 0,
                    "Actual Startup Time": 26.81,
                    "Actual Total Time": 70.097,
                    "Actual Rows": 93622,
                    "Actual Loops": 1,
                    "Recheck Cond": "(mk.keyword_id < 84)",
                    "Rows Removed by Index Recheck": 0,
                    "Exact Heap Blocks": 21257,
                    "Lossy Heap Blocks": 0,
                    "Plans": [
                        {
                            "Node Type": "Bitmap Index Scan",
                            "Parent Relationship": "Outer",
                            "Parallel Aware": false,
                            "Index Name": "keyword_id_movie_keyword",
                            "Startup Cost": 0.0,
                            "Total Cost": 1898.48,
                            "Plan Rows": 90406,
                            "Plan Width": 0,
                            "Actual Startup Time": 19.782,
                            "Actual Total Time": 19.782,
                            "Actual Rows": 93622,
                            "Actual Loops": 1,
                            "Index Cond": "(mk.keyword_id < 84)"
                        }
                    ]
                }
            ]
        },
        "Planning Time": 1549.366,
        "Triggers": [],
        "Execution Time": 76.429
    }
]