{
  "Plan": {
    "Node Type": "Aggregate",
    "Strategy": "Plain",
    "Partial Mode": "Finalize",
    "Parallel Aware": false,
    "Startup Cost": 649902.79,
    "Total Cost": 649902.8,
    "Plan Rows": 1,
    "Plan Width": 8,
    "Actual Startup Time": 3394.084,
    "Actual Total Time": 3460.881,
    "Actual Rows": 1,
    "Actual Loops": 1,
    "Plans": [
      {
        "Node Type": "Gather",
        "Parent Relationship": "Outer",
        "Parallel Aware": false,
        "Startup Cost": 649902.67,
        "Total Cost": 649902.78,
        "Plan Rows": 1,
        "Plan Width": 8,
        "Actual Startup Time": 3392.065,
        "Actual Total Time": 3460.874,
        "Actual Rows": 2,
        "Actual Loops": 1,
        "Workers Planned": 1,
        "Workers Launched": 1,
        "Single Copy": false,
        "Plans": [
          {
            "Node Type": "Aggregate",
            "Strategy": "Plain",
            "Partial Mode": "Partial",
            "Parent Relationship": "Outer",
            "Parallel Aware": false,
            "Startup Cost": 648902.67,
            "Total Cost": 648902.68,
            "Plan Rows": 1,
            "Plan Width": 8,
            "Actual Startup Time": 3387.359,
            "Actual Total Time": 3387.362,
            "Actual Rows": 1,
            "Actual Loops": 2,
            "Plans": [
              {
                "Node Type": "Hash Join",
                "Parent Relationship": "Outer",
                "Parallel Aware": true,
                "Join Type": "Inner",
                "Startup Cost": 61878.3,
                "Total Cost": 644911.44,
                "Plan Rows": 1596495,
                "Plan Width": 0,
                "Actual Startup Time": 1041.252,
                "Actual Total Time": 3300.369,
                "Actual Rows": 2100988,
                "Actual Loops": 2,
                "Inner Unique": true,
                "Hash Cond": "(ci.movie_id = t.id)",
                "Plans": [
                  {
                    "Node Type": "Seq Scan",
                    "Parent Relationship": "Outer",
                    "Parallel Aware": true,
                    "Relation Name": "cast_info",
                    "Alias": "ci",
                    "Startup Cost": 0.0,
                    "Total Cost": 572345.93,
                    "Plan Rows": 4071308,
                    "Plan Width": 4,
                    "Actual Startup Time": 763.88,
                    "Actual Total Time": 1580.575,
                    "Actual Rows": 5219292,
                    "Actual Loops": 2,
                    "Filter": "((person_id > 2666009) AND (role_id > 1))",
                    "Rows Removed by Filter": 12902880
                  },
                  {
                    "Node Type": "Hash",
                    "Parent Relationship": "Inner",
                    "Parallel Aware": true,
                    "Startup Cost": 54588.39,
                    "Total Cost": 54588.39,
                    "Plan Rows": 583193,
                    "Plan Width": 4,
                    "Actual Startup Time": 268.209,
                    "Actual Total Time": 268.21,
                    "Actual Rows": 492524,
                    "Actual Loops": 2,
                    "Hash Buckets": 1048576,
                    "Original Hash Buckets": 1048576,
                    "Hash Batches": 1,
                    "Original Hash Batches": 1,
                    "Peak Memory Usage": 46784,
                    "Plans": [
                      {
                        "Node Type": "Seq Scan",
                        "Parent Relationship": "Outer",
                        "Parallel Aware": true,
                        "Relation Name": "title",
                        "Alias": "t",
                        "Startup Cost": 0.0,
                        "Total Cost": 54588.39,
                        "Plan Rows": 583193,
                        "Plan Width": 4,
                        "Actual Startup Time": 0.025,
                        "Actual Total Time": 152.098,
                        "Actual Rows": 492524,
                        "Actual Loops": 2,
                        "Filter": "(kind_id < 7)",
                        "Rows Removed by Filter": 771632
                      }
                    ]
                  }
                ]
              }
            ]
          }
        ]
      }
    ]
  },
  "Planning Time": 0.709,
  "Triggers": [],
  "Execution Time": 3460.997
}