[
  {
    "Plan": {
      "Node Type": "Aggregate",
      "Strategy": "Plain",
      "Partial Mode": "Finalize",
      "Parallel Aware": false,
      "Startup Cost": 32919.51,
      "Total Cost": 32919.52,
      "Plan Rows": 1,
      "Plan Width": 8,
      "Actual Startup Time": 91.004,
      "Actual Total Time": 96.976,
      "Actual Rows": 1,
      "Actual Loops": 1,
      "Plans": [
        {
          "Node Type": "Gather",
          "Parent Relationship": "Outer",
          "Parallel Aware": false,
          "Startup Cost": 32919.19,
          "Total Cost": 32919.5,
          "Plan Rows": 3,
          "Plan Width": 8,
          "Actual Startup Time": 90.883,
          "Actual Total Time": 96.968,
          "Actual Rows": 4,
          "Actual Loops": 1,
          "Workers Planned": 3,
          "Workers Launched": 3,
          "Single Copy": false,
          "Plans": [
            {
              "Node Type": "Aggregate",
              "Strategy": "Plain",
              "Partial Mode": "Partial",
              "Parent Relationship": "Outer",
              "Parallel Aware": false,
              "Startup Cost": 31919.19,
              "Total Cost": 31919.2,
              "Plan Rows": 1,
              "Plan Width": 8,
              "Actual Startup Time": 84.492,
              "Actual Total Time": 84.493,
              "Actual Rows": 1,
              "Actual Loops": 4,
              "Plans": [
                {
                  "Node Type": "Seq Scan",
                  "Parent Relationship": "Outer",
                  "Parallel Aware": true,
                  "Relation Name": "movie_companies",
                  "Alias": "mc",
                  "Startup Cost": 0.0,
                  "Total Cost": 31414.82,
                  "Plan Rows": 201748,
                  "Plan Width": 0,
                  "Actual Startup Time": 0.031,
                  "Actual Total Time": 72.923,
                  "Actual Rows": 217200,
                  "Actual Loops": 4,
                  "Filter": "((company_id < 11253) AND (company_type_id = 1))",
                  "Rows Removed by Filter": 435082
                }
              ]
            }
          ]
        }
      ]
    },
    "Planning Time": 0.069,
    "Triggers": [],
    "Execution Time": 97.008
  }
]