{
  "Plan": {
    "Node Type": "Aggregate",
    "Strategy": "Plain",
    "Partial Mode": "Finalize",
    "Parallel Aware": false,
    "Startup Cost": 457256.02,
    "Total Cost": 457256.03,
    "Plan Rows": 1,
    "Plan Width": 8,
    "Actual Startup Time": 1047.555,
    "Actual Total Time": 1071.538,
    "Actual Rows": 1,
    "Actual Loops": 1,
    "Plans": [
      {
        "Node Type": "Gather",
        "Parent Relationship": "Outer",
        "Parallel Aware": false,
        "Startup Cost": 457255.91,
        "Total Cost": 457256.02,
        "Plan Rows": 1,
        "Plan Width": 8,
        "Actual Startup Time": 1045.378,
        "Actual Total Time": 1071.529,
        "Actual Rows": 2,
        "Actual Loops": 1,
        "Workers Planned": 1,
        "Workers Launched": 1,
        "Single Copy": false,
        "Plans": [
          {
            "Node Type": "Aggregate",
            "Strategy": "Plain",
            "Partial Mode": "Partial",
            "Parent Relationship": "Outer",
            "Parallel Aware": false,
            "Startup Cost": 456255.91,
            "Total Cost": 456255.92,
            "Plan Rows": 1,
            "Plan Width": 8,
            "Actual Startup Time": 1038.919,
            "Actual Total Time": 1039.242,
            "Actual Rows": 1,
            "Actual Loops": 2,
            "Plans": [
              {
                "Node Type": "Hash Join",
                "Parent Relationship": "Outer",
                "Parallel Aware": true,
                "Join Type": "Inner",
                "Startup Cost": 178097.5,
                "Total Cost": 455792.85,
                "Plan Rows": 185221,
                "Plan Width": 0,
                "Actual Startup Time": 896.653,
                "Actual Total Time": 1034.975,
                "Actual Rows": 87538,
                "Actual Loops": 2,
                "Inner Unique": false,
                "Hash Cond": "(ci.movie_id = t.id)",
                "Plans": [
                  {
                    "Node Type": "Bitmap Heap Scan",
                    "Parent Relationship": "Outer",
                    "Parallel Aware": true,
                    "Relation Name": "cast_info",
                    "Alias": "ci",
                    "Startup Cost": 53457.33,
                    "Total Cost": 327632.97,
                    "Plan Rows": 648049,
                    "Plan Width": 4,
                    "Actual Startup Time": 193.443,
                    "Actual Total Time": 267.203,
                    "Actual Rows": 349354,
                    "Actual Loops": 2,
                    "Recheck Cond": "(person_id < 239007)",
                    "Rows Removed by Index Recheck": 0,
                    "Filter": "(role_id > 2)",
                    "Rows Removed by Filter": 883110,
                    "Exact Heap Blocks": 17092,
                    "Lossy Heap Blocks": 0,
                    "Plans": [
                      {
                        "Node Type": "Bitmap Index Scan",
                        "Parent Relationship": "Outer",
                        "Parallel Aware": false,
                        "Index Name": "person_id_cast_info",
                        "Startup Cost": 0.0,
                        "Total Cost": 53181.91,
                        "Plan Rows": 2435379,
                        "Plan Width": 0,
                        "Actual Startup Time": 81.019,
                        "Actual Total Time": 81.02,
                        "Actual Rows": 2464927,
                        "Actual Loops": 1,
                        "Index Cond": "(person_id < 239007)"
                      }
                    ]
                  },
                  {
                    "Node Type": "Hash",
                    "Parent Relationship": "Inner",
                    "Parallel Aware": true,
                    "Startup Cost": 119326.8,
                    "Total Cost": 119326.8,
                    "Plan Rows": 425070,
                    "Plan Width": 8,
                    "Actual Startup Time": 693.68,
                    "Actual Total Time": 694.001,
                    "Actual Rows": 88407,
                    "Actual Loops": 2,
                    "Hash Buckets": 1048576,
                    "Original Hash Buckets": 1048576,
                    "Hash Batches": 1,
                    "Original Hash Batches": 1,
                    "Peak Memory Usage": 15136,
                    "Plans": [
                      {
                        "Node Type": "Hash Join",
                        "Parent Relationship": "Outer",
                        "Parallel Aware": true,
                        "Join Type": "Inner",
                        "Startup Cost": 61275.96,
                        "Total Cost": 119326.8,
                        "Plan Rows": 425070,
                        "Plan Width": 8,
                        "Actual Startup Time": 244.659,
                        "Actual Total Time": 671.696,
                        "Actual Rows": 88407,
                        "Actual Loops": 2,
                        "Inner Unique": true,
                        "Hash Cond": "(mk.movie_id = t.id)",
                        "Plans": [
                          {
                            "Node Type": "Seq Scan",
                            "Parent Relationship": "Outer",
                            "Parallel Aware": true,
                            "Relation Name": "movie_keyword",
                            "Alias": "mk",
                            "Startup Cost": 0.0,
                            "Total Cost": 51065.35,
                            "Plan Rows": 2661135,
                            "Plan Width": 4,
                            "Actual Startup Time": 0.017,
                            "Actual Total Time": 184.661,
                            "Actual Rows": 2261965,
                            "Actual Loops": 2
                          },
                          {
                            "Node Type": "Hash",
                            "Parent Relationship": "Inner",
                            "Parallel Aware": true,
                            "Startup Cost": 58306.47,
                            "Total Cost": 58306.47,
                            "Plan Rows": 237559,
                            "Plan Width": 4,
                            "Actual Startup Time": 241.449,
                            "Actual Total Time": 241.451,
                            "Actual Rows": 217109,
                            "Actual Loops": 2,
                            "Hash Buckets": 524288,
                            "Original Hash Buckets": 524288,
                            "Hash Batches": 1,
                            "Original Hash Batches": 1,
                            "Peak Memory Usage": 21120,
                            "Plans": [
                              {
                                "Node Type": "Seq Scan",
                                "Parent Relationship": "Outer",
                                "Parallel Aware": true,
                                "Relation Name": "title",
                                "Alias": "t",
                                "Startup Cost": 0.0,
                                "Total Cost": 58306.47,
                                "Plan Rows": 237559,
                                "Plan Width": 4,
                                "Actual Startup Time": 0.039,
                                "Actual Total Time": 169.711,
                                "Actual Rows": 217109,
                                "Actual Loops": 2,
                                "Filter": "((production_year > 2008) AND (kind_id = 7))",
                                "Rows Removed by Filter": 1047047
                              }
                            ]
                          }
                        ]
                      }
                    ]
                  }
                ]
              }
            ]
          }
        ]
      }
    ]
  },
  "Planning Time": 0.996,
  "Triggers": [],
  "Execution Time": 1071.648
}