[
  {
    "Plan": {
      "Node Type": "Aggregate",
      "Strategy": "Plain",
      "Partial Mode": "Finalize",
      "Parallel Aware": false,
      "Startup Cost": 33884.03,
      "Total Cost": 33884.04,
      "Plan Rows": 1,
      "Plan Width": 8,
      "Actual Startup Time": 89.754,
      "Actual Total Time": 95.882,
      "Actual Rows": 1,
      "Actual Loops": 1,
      "Plans": [
        {
          "Node Type": "Gather",
          "Parent Relationship": "Outer",
          "Parallel Aware": false,
          "Startup Cost": 33883.71,
          "Total Cost": 33884.02,
          "Plan Rows": 3,
          "Plan Width": 8,
          "Actual Startup Time": 89.531,
          "Actual Total Time": 95.876,
          "Actual Rows": 4,
          "Actual Loops": 1,
          "Workers Planned": 3,
          "Workers Launched": 3,
          "Single Copy": false,
          "Plans": [
            {
              "Node Type": "Aggregate",
              "Strategy": "Plain",
              "Partial Mode": "Partial",
              "Parent Relationship": "Outer",
              "Parallel Aware": false,
              "Startup Cost": 32883.71,
              "Total Cost": 32883.72,
              "Plan Rows": 1,
              "Plan Width": 8,
              "Actual Startup Time": 86.69,
              "Actual Total Time": 86.691,
              "Actual Rows": 1,
              "Actual Loops": 4,
              "Plans": [
                {
                  "Node Type": "Bitmap Heap Scan",
                  "Parent Relationship": "Outer",
                  "Parallel Aware": true,
                  "Relation Name": "movie_keyword",
                  "Alias": "mk",
                  "Startup Cost": 6864.07,
                  "Total Cost": 32622.77,
                  "Plan Rows": 104376,
                  "Plan Width": 0,
                  "Actual Startup Time": 26.898,
                  "Actual Total Time": 81.994,
                  "Actual Rows": 80051,
                  "Actual Loops": 4,
                  "Recheck Cond": "(keyword_id > 51006)",
                  "Rows Removed by Index Recheck": 0,
                  "Exact Heap Blocks": 10721,
                  "Lossy Heap Blocks": 0,
                  "Plans": [
                    {
                      "Node Type": "Bitmap Index Scan",
                      "Parent Relationship": "Outer",
                      "Parallel Aware": false,
                      "Index Name": "keyword_id_movie_keyword",
                      "Startup Cost": 0.0,
                      "Total Cost": 6783.18,
                      "Plan Rows": 323566,
                      "Plan Width": 0,
                      "Actual Startup Time": 25.878,
                      "Actual Total Time": 25.878,
                      "Actual Rows": 320203,
                      "Actual Loops": 1,
                      "Index Cond": "(keyword_id > 51006)"
                    }
                  ]
                }
              ]
            }
          ]
        }
      ]
    },
    "Planning Time": 0.074,
    "Triggers": [],
    "Execution Time": 95.915
  }
]