[
  {
    "Plan": {
      "Node Type": "Aggregate",
      "Strategy": "Plain",
      "Partial Mode": "Finalize",
      "Parallel Aware": false,
      "Startup Cost": 162287.82,
      "Total Cost": 162287.83,
      "Plan Rows": 1,
      "Plan Width": 8,
      "Actual Startup Time": 458.566,
      "Actual Total Time": 481.196,
      "Actual Rows": 1,
      "Actual Loops": 1,
      "Plans": [
        {
          "Node Type": "Gather",
          "Parent Relationship": "Outer",
          "Parallel Aware": false,
          "Startup Cost": 162287.3,
          "Total Cost": 162287.81,
          "Plan Rows": 5,
          "Plan Width": 8,
          "Actual Startup Time": 455.275,
          "Actual Total Time": 481.187,
          "Actual Rows": 6,
          "Actual Loops": 1,
          "Workers Planned": 5,
          "Workers Launched": 5,
          "Single Copy": false,
          "Plans": [
            {
              "Node Type": "Aggregate",
              "Strategy": "Plain",
              "Partial Mode": "Partial",
              "Parent Relationship": "Outer",
              "Parallel Aware": false,
              "Startup Cost": 161287.3,
              "Total Cost": 161287.31,
              "Plan Rows": 1,
              "Plan Width": 8,
              "Actual Startup Time": 444.099,
              "Actual Total Time": 444.185,
              "Actual Rows": 1,
              "Actual Loops": 6,
              "Plans": [
                {
                  "Node Type": "Hash Join",
                  "Parent Relationship": "Outer",
                  "Parallel Aware": true,
                  "Join Type": "Inner",
                  "Startup Cost": 82098.53,
                  "Total Cost": 160919.16,
                  "Plan Rows": 147258,
                  "Plan Width": 0,
                  "Actual Startup Time": 276.307,
                  "Actual Total Time": 439.612,
                  "Actual Rows": 110552,
                  "Actual Loops": 6,
                  "Inner Unique": false,
                  "Hash Cond": "(ci.movie_id = t.id)",
                  "Plans": [
                    {
                      "Node Type": "Index Scan",
                      "Parent Relationship": "Outer",
                      "Parallel Aware": true,
                      "Scan Direction": "Forward",
                      "Index Name": "role_id_cast_info",
                      "Relation Name": "cast_info",
                      "Alias": "ci",
                      "Startup Cost": 0.56,
                      "Total Cost": 76316.49,
                      "Plan Rows": 569746,
                      "Plan Width": 4,
                      "Actual Startup Time": 0.217,
                      "Actual Total Time": 74.235,
                      "Actual Rows": 454824,
                      "Actual Loops": 6,
                      "Index Cond": "(role_id = 4)",
                      "Rows Removed by Index Recheck": 0
                    },
                    {
                      "Node Type": "Hash",
                      "Parent Relationship": "Inner",
                      "Parallel Aware": true,
                      "Startup Cost": 80055.87,
                      "Total Cost": 80055.87,
                      "Plan Rows": 163368,
                      "Plan Width": 8,
                      "Actual Startup Time": 272.492,
                      "Actual Total Time": 272.576,
                      "Actual Rows": 69131,
                      "Actual Loops": 6,
                      "Hash Buckets": 1048576,
                      "Original Hash Buckets": 1048576,
                      "Hash Batches": 1,
                      "Original Hash Batches": 1,
                      "Peak Memory Usage": 24480,
                      "Plans": [
                        {
                          "Node Type": "Hash Join",
                          "Parent Relationship": "Outer",
                          "Parallel Aware": true,
                          "Join Type": "Inner",
                          "Startup Cost": 34049.78,
                          "Total Cost": 80055.87,
                          "Plan Rows": 163368,
                          "Plan Width": 8,
                          "Actual Startup Time": 178.239,
                          "Actual Total Time": 244.645,
                          "Actual Rows": 69131,
                          "Actual Loops": 6,
                          "Inner Unique": false,
                          "Hash Cond": "(t.id = mc.movie_id)",
                          "Plans": [
                            {
                              "Node Type": "Seq Scan",
                              "Parent Relationship": "Outer",
                              "Parallel Aware": true,
                              "Relation Name": "title",
                              "Alias": "t",
                              "Startup Cost": 0.0,
                              "Total Cost": 42318.73,
                              "Plan Rows": 632073,
                              "Plan Width": 4,
                              "Actual Startup Time": 0.014,
                              "Actual Total Time": 58.781,
                              "Actual Rows": 421385,
                              "Actual Loops": 6
                            },
                            {
                              "Node Type": "Hash",
                              "Parent Relationship": "Inner",
                              "Parallel Aware": true,
                              "Startup Cost": 31414.82,
                              "Total Cost": 31414.82,
                              "Plan Rows": 210797,
                              "Plan Width": 4,
                              "Actual Startup Time": 96.016,
                              "Actual Total Time": 96.017,
                              "Actual Rows": 69131,
                              "Actual Loops": 6,
                              "Hash Buckets": 1048576,
                              "Original Hash Buckets": 1048576,
                              "Hash Batches": 1,
                              "Original Hash Batches": 1,
                              "Peak Memory Usage": 24544,
                              "Plans": [
                                {
                                  "Node Type": "Seq Scan",
                                  "Parent Relationship": "Outer",
                                  "Parallel Aware": true,
                                  "Relation Name": "movie_companies",
                                  "Alias": "mc",
                                  "Startup Cost": 0.0,
                                  "Total Cost": 31414.82,
                                  "Plan Rows": 210797,
                                  "Plan Width": 4,
                                  "Actual Startup Time": 17.006,
                                  "Actual Total Time": 63.357,
                                  "Actual Rows": 69131,
                                  "Actual Loops": 6,
                                  "Filter": "((company_id > 11203) AND (company_type_id < 2))",
                                  "Rows Removed by Filter": 365724
                                }
                              ]
                            }
                          ]
                        }
                      ]
                    }
                  ]
                }
              ]
            }
          ]
        }
      ]
    },
    "Planning Time": 1.4,
    "Triggers": [],
    "Execution Time": 481.287
  }
]