[
  {
    "Plan": {
      "Node Type": "Aggregate",
      "Strategy": "Plain",
      "Partial Mode": "Finalize",
      "Parallel Aware": false,
      "Startup Cost": 78998.21,
      "Total Cost": 78998.22,
      "Plan Rows": 1,
      "Plan Width": 8,
      "Actual Startup Time": 323.172,
      "Actual Total Time": 341.265,
      "Actual Rows": 1,
      "Actual Loops": 1,
      "Plans": [
        {
          "Node Type": "Gather",
          "Parent Relationship": "Outer",
          "Parallel Aware": false,
          "Startup Cost": 78997.9,
          "Total Cost": 78998.21,
          "Plan Rows": 3,
          "Plan Width": 8,
          "Actual Startup Time": 319.778,
          "Actual Total Time": 341.255,
          "Actual Rows": 4,
          "Actual Loops": 1,
          "Workers Planned": 3,
          "Workers Launched": 3,
          "Single Copy": false,
          "Plans": [
            {
              "Node Type": "Aggregate",
              "Strategy": "Plain",
              "Partial Mode": "Partial",
              "Parent Relationship": "Outer",
              "Parallel Aware": false,
              "Startup Cost": 77997.9,
              "Total Cost": 77997.91,
              "Plan Rows": 1,
              "Plan Width": 8,
              "Actual Startup Time": 315.422,
              "Actual Total Time": 315.426,
              "Actual Rows": 1,
              "Actual Loops": 4,
              "Plans": [
                {
                  "Node Type": "Hash Join",
                  "Parent Relationship": "Outer",
                  "Parallel Aware": true,
                  "Join Type": "Inner",
                  "Startup Cost": 46877.86,
                  "Total Cost": 77736.93,
                  "Plan Rows": 104386,
                  "Plan Width": 0,
                  "Actual Startup Time": 154.407,
                  "Actual Total Time": 308.455,
                  "Actual Rows": 134752,
                  "Actual Loops": 4,
                  "Inner Unique": true,
                  "Hash Cond": "(mc.movie_id = t.id)",
                  "Plans": [
                    {
                      "Node Type": "Seq Scan",
                      "Parent Relationship": "Outer",
                      "Parallel Aware": true,
                      "Relation Name": "movie_companies",
                      "Alias": "mc",
                      "Startup Cost": 0.0,
                      "Total Cost": 29310.68,
                      "Plan Rows": 589862,
                      "Plan Width": 4,
                      "Actual Startup Time": 0.518,
                      "Actual Total Time": 84.614,
                      "Actual Rows": 458484,
                      "Actual Loops": 4,
                      "Filter": "(company_id > 1680)",
                      "Rows Removed by Filter": 193798
                    },
                    {
                      "Node Type": "Hash",
                      "Parent Relationship": "Inner",
                      "Parallel Aware": true,
                      "Startup Cost": 45479.59,
                      "Total Cost": 45479.59,
                      "Plan Rows": 111862,
                      "Plan Width": 4,
                      "Actual Startup Time": 136.958,
                      "Actual Total Time": 136.959,
                      "Actual Rows": 81272,
                      "Actual Loops": 4,
                      "Hash Buckets": 524288,
                      "Original Hash Buckets": 524288,
                      "Hash Batches": 1,
                      "Original Hash Batches": 1,
                      "Peak Memory Usage": 16896,
                      "Plans": [
                        {
                          "Node Type": "Seq Scan",
                          "Parent Relationship": "Outer",
                          "Parallel Aware": true,
                          "Relation Name": "title",
                          "Alias": "t",
                          "Startup Cost": 0.0,
                          "Total Cost": 45479.59,
                          "Plan Rows": 111862,
                          "Plan Width": 4,
                          "Actual Startup Time": 46.067,
                          "Actual Total Time": 108.095,
                          "Actual Rows": 81272,
                          "Actual Loops": 4,
                          "Filter": "((production_year > 1992) AND (kind_id = 1))",
                          "Rows Removed by Filter": 550806
                        }
                      ]
                    }
                  ]
                }
              ]
            }
          ]
        }
      ]
    },
    "Planning Time": 0.459,
    "Triggers": [],
    "Execution Time": 341.308
  }
]