[
  {
    "Plan": {
      "Node Type": "Aggregate",
      "Strategy": "Plain",
      "Partial Mode": "Finalize",
      "Parallel Aware": false,
      "Startup Cost": 78988.59,
      "Total Cost": 78988.6,
      "Plan Rows": 1,
      "Plan Width": 8,
      "Actual Startup Time": 278.983,
      "Actual Total Time": 294.936,
      "Actual Rows": 1,
      "Actual Loops": 1,
      "Plans": [
        {
          "Node Type": "Gather",
          "Parent Relationship": "Outer",
          "Parallel Aware": false,
          "Startup Cost": 78988.28,
          "Total Cost": 78988.59,
          "Plan Rows": 3,
          "Plan Width": 8,
          "Actual Startup Time": 277.549,
          "Actual Total Time": 294.926,
          "Actual Rows": 4,
          "Actual Loops": 1,
          "Workers Planned": 3,
          "Workers Launched": 3,
          "Single Copy": false,
          "Plans": [
            {
              "Node Type": "Aggregate",
              "Strategy": "Plain",
              "Partial Mode": "Partial",
              "Parent Relationship": "Outer",
              "Parallel Aware": false,
              "Startup Cost": 77988.28,
              "Total Cost": 77988.29,
              "Plan Rows": 1,
              "Plan Width": 8,
              "Actual Startup Time": 268.998,
              "Actual Total Time": 269.001,
              "Actual Rows": 1,
              "Actual Loops": 4,
              "Plans": [
                {
                  "Node Type": "Hash Join",
                  "Parent Relationship": "Outer",
                  "Parallel Aware": true,
                  "Join Type": "Inner",
                  "Startup Cost": 46876.05,
                  "Total Cost": 77728.64,
                  "Plan Rows": 103856,
                  "Plan Width": 0,
                  "Actual Startup Time": 138.102,
                  "Actual Total Time": 263.73,
                  "Actual Rows": 134752,
                  "Actual Loops": 4,
                  "Inner Unique": true,
                  "Hash Cond": "(mc.movie_id = t.id)",
                  "Plans": [
                    {
                      "Node Type": "Seq Scan",
                      "Parent Relationship": "Outer",
                      "Parallel Aware": true,
                      "Relation Name": "movie_companies",
                      "Alias": "mc",
                      "Startup Cost": 0.0,
                      "Total Cost": 29310.68,
                      "Plan Rows": 587393,
                      "Plan Width": 4,
                      "Actual Startup Time": 0.472,
                      "Actual Total Time": 66.104,
                      "Actual Rows": 458484,
                      "Actual Loops": 4,
                      "Filter": "(company_id > 1680)",
                      "Rows Removed by Filter": 193798
                    },
                    {
                      "Node Type": "Hash",
                      "Parent Relationship": "Inner",
                      "Parallel Aware": true,
                      "Startup Cost": 45479.1,
                      "Total Cost": 45479.1,
                      "Plan Rows": 111756,
                      "Plan Width": 4,
                      "Actual Startup Time": 121.637,
                      "Actual Total Time": 121.638,
                      "Actual Rows": 81272,
                      "Actual Loops": 4,
                      "Hash Buckets": 524288,
                      "Original Hash Buckets": 524288,
                      "Hash Batches": 1,
                      "Original Hash Batches": 1,
                      "Peak Memory Usage": 16864,
                      "Plans": [
                        {
                          "Node Type": "Seq Scan",
                          "Parent Relationship": "Outer",
                          "Parallel Aware": true,
                          "Relation Name": "title",
                          "Alias": "t",
                          "Startup Cost": 0.0,
                          "Total Cost": 45479.1,
                          "Plan Rows": 111756,
                          "Plan Width": 4,
                          "Actual Startup Time": 46.492,
                          "Actual Total Time": 98.033,
                          "Actual Rows": 81272,
                          "Actual Loops": 4,
                          "Filter": "((production_year > 1992) AND (kind_id = 1))",
                          "Rows Removed by Filter": 550806
                        }
                      ]
                    }
                  ]
                }
              ]
            }
          ]
        }
      ]
    },
    "Planning Time": 0.69,
    "Triggers": [],
    "Execution Time": 295.003
  }
]