[
  {
    "Plan": {
      "Node Type": "Aggregate",
      "Strategy": "Plain",
      "Partial Mode": "Simple",
      "Parallel Aware": false,
      "Startup Cost": 27024.8,
      "Total Cost": 27024.81,
      "Plan Rows": 1,
      "Plan Width": 68,
      "Actual Startup Time": 1.699,
      "Actual Total Time": 1.705,
      "Actual Rows": 1,
      "Actual Loops": 1,
      "Plans": [
        {
          "Node Type": "Hash Join",
          "Parent Relationship": "Outer",
          "Parallel Aware": false,
          "Join Type": "Inner",
          "Startup Cost": 5004.7,
          "Total Cost": 27018.94,
          "Plan Rows": 781,
          "Plan Width": 45,
          "Actual Startup Time": 1.694,
          "Actual Total Time": 1.699,
          "Actual Rows": 0,
          "Actual Loops": 1,
          "Inner Unique": true,
          "Hash Cond": "(mc.company_type_id = ct.id)",
          "Plans": [
            {
              "Node Type": "Nested Loop",
              "Parent Relationship": "Outer",
              "Parallel Aware": false,
              "Join Type": "Inner",
              "Startup Cost": 4992.48,
              "Total Cost": 26989.84,
              "Plan Rows": 3123,
              "Plan Width": 49,
              "Actual Startup Time": 1.554,
              "Actual Total Time": 1.558,
              "Actual Rows": 0,
              "Actual Loops": 1,
              "Inner Unique": false,
              "Join Filter": "(t.id = mc.movie_id)",
              "Rows Removed by Join Filter": 0,
              "Plans": [
                {
                  "Node Type": "Nested Loop",
                  "Parent Relationship": "Outer",
                  "Parallel Aware": false,
                  "Join Type": "Inner",
                  "Startup Cost": 4992.05,
                  "Total Cost": 26239.6,
                  "Plan Rows": 1155,
                  "Plan Width": 29,
                  "Actual Startup Time": 1.553,
                  "Actual Total Time": 1.556,
                  "Actual Rows": 0,
                  "Actual Loops": 1,
                  "Inner Unique": true,
                  "Plans": [
                    {
                      "Node Type": "Nested Loop",
                      "Parent Relationship": "Outer",
                      "Parallel Aware": false,
                      "Join Type": "Inner",
                      "Startup Cost": 4991.62,
                      "Total Cost": 19150.76,
                      "Plan Rows": 12213,
                      "Plan Width": 4,
                      "Actual Startup Time": 0.257,
                      "Actual Total Time": 0.272,
                      "Actual Rows": 10,
                      "Actual Loops": 1,
                      "Inner Unique": false,
                      "Plans": [
                        {
                          "Node Type": "Index Scan",
                          "Parent Relationship": "Outer",
                          "Parallel Aware": false,
                          "Scan Direction": "Forward",
                          "Index Name": "info_type_pkey",
                          "Relation Name": "info_type",
                          "Alias": "it",
                          "Startup Cost": 0.14,
                          "Total Cost": 14.12,
                          "Plan Rows": 1,
                          "Plan Width": 4,
                          "Actual Startup Time": 0.07,
                          "Actual Total Time": 0.072,
                          "Actual Rows": 1,
                          "Actual Loops": 1,
                          "Filter": "((info)::text = 'bottom 10 rank'::text)",
                          "Rows Removed by Filter": 112
                        },
                        {
                          "Node Type": "Bitmap Heap Scan",
                          "Parent Relationship": "Inner",
                          "Parallel Aware": false,
                          "Relation Name": "movie_info_idx",
                          "Alias": "mi_idx",
                          "Startup Cost": 4991.48,
                          "Total Cost": 16376.57,
                          "Plan Rows": 276007,
                          "Plan Width": 8,
                          "Actual Startup Time": 0.177,
                          "Actual Total Time": 0.183,
                          "Actual Rows": 10,
                          "Actual Loops": 1,
                          "Recheck Cond": "(info_type_id = it.id)",
                          "Rows Removed by Index Recheck": 0,
                          "Exact Heap Blocks": 1,
                          "Lossy Heap Blocks": 0,
                          "Plans": [
                            {
                              "Node Type": "Bitmap Index Scan",
                              "Parent Relationship": "Outer",
                              "Parallel Aware": false,
                              "Index Name": "info_type_id_movie_info_idx",
                              "Startup Cost": 0.0,
                              "Total Cost": 4922.48,
                              "Plan Rows": 276007,
                              "Plan Width": 0,
                              "Actual Startup Time": 0.115,
                              "Actual Total Time": 0.115,
                              "Actual Rows": 10,
                              "Actual Loops": 1,
                              "Index Cond": "(info_type_id = it.id)"
                            }
                          ]
                        }
                      ]
                    },
                    {
                      "Node Type": "Index Scan",
                      "Parent Relationship": "Inner",
                      "Parallel Aware": false,
                      "Scan Direction": "Forward",
                      "Index Name": "title_pkey",
                      "Relation Name": "title",
                      "Alias": "t",
                      "Startup Cost": 0.43,
                      "Total Cost": 0.58,
                      "Plan Rows": 1,
                      "Plan Width": 25,
                      "Actual Startup Time": 0.127,
                      "Actual Total Time": 0.127,
                      "Actual Rows": 0,
                      "Actual Loops": 10,
                      "Index Cond": "(id = mi_idx.movie_id)",
                      "Rows Removed by Index Recheck": 0,
                      "Filter": "(production_year < 1960)",
                      "Rows Removed by Filter": 1
                    }
                  ]
                },
                {
                  "Node Type": "Index Scan",
                  "Parent Relationship": "Inner",
                  "Parallel Aware": false,
                  "Scan Direction": "Forward",
                  "Index Name": "movie_id_movie_companies",
                  "Relation Name": "movie_companies",
                  "Alias": "mc",
                  "Startup Cost": 0.43,
                  "Total Cost": 0.61,
                  "Plan Rows": 3,
                  "Plan Width": 32,
                  "Actual Startup Time": 0.0,
                  "Actual Total Time": 0.0,
                  "Actual Rows": 0,
                  "Actual Loops": 0,
                  "Index Cond": "(movie_id = mi_idx.movie_id)",
                  "Rows Removed by Index Recheck": 0,
                  "Filter": "(note !~~ '%(as Metro-Goldwyn-Mayer Pictures)%'::text)",
                  "Rows Removed by Filter": 0
                }
              ]
            },
            {
              "Node Type": "Hash",
              "Parent Relationship": "Inner",
              "Parallel Aware": false,
              "Startup Cost": 12.2,
              "Total Cost": 12.2,
              "Plan Rows": 1,
              "Plan Width": 4,
              "Actual Startup Time": 0.074,
              "Actual Total Time": 0.074,
              "Actual Rows": 1,
              "Actual Loops": 1,
              "Hash Buckets": 1024,
              "Original Hash Buckets": 1024,
              "Hash Batches": 1,
              "Original Hash Batches": 1,
              "Peak Memory Usage": 9,
              "Plans": [
                {
                  "Node Type": "Index Scan",
                  "Parent Relationship": "Outer",
                  "Parallel Aware": false,
                  "Scan Direction": "Forward",
                  "Index Name": "company_type_pkey",
                  "Relation Name": "company_type",
                  "Alias": "ct",
                  "Startup Cost": 0.13,
                  "Total Cost": 12.2,
                  "Plan Rows": 1,
                  "Plan Width": 4,
                  "Actual Startup Time": 0.051,
                  "Actual Total Time": 0.056,
                  "Actual Rows": 1,
                  "Actual Loops": 1,
                  "Filter": "((kind)::text = 'production companies'::text)",
                  "Rows Removed by Filter": 3
                }
              ]
            }
          ]
        }
      ]
    },
    "Planning Time": 5.392,
    "Triggers": [],
    "Execution Time": 2.175
  }
]