{
  "Plan": {
    "Node Type": "Aggregate",
    "Strategy": "Plain",
    "Partial Mode": "Finalize",
    "Parallel Aware": false,
    "Startup Cost": 32834.04,
    "Total Cost": 32834.05,
    "Plan Rows": 1,
    "Plan Width": 8,
    "Actual Startup Time": 37.255,
    "Actual Total Time": 42.114,
    "Actual Rows": 1,
    "Actual Loops": 1,
    "Plans": [
      {
        "Node Type": "Gather",
        "Parent Relationship": "Outer",
        "Parallel Aware": false,
        "Startup Cost": 32833.93,
        "Total Cost": 32834.04,
        "Plan Rows": 1,
        "Plan Width": 8,
        "Actual Startup Time": 37.046,
        "Actual Total Time": 42.107,
        "Actual Rows": 2,
        "Actual Loops": 1,
        "Workers Planned": 1,
        "Workers Launched": 1,
        "Single Copy": false,
        "Plans": [
          {
            "Node Type": "Aggregate",
            "Strategy": "Plain",
            "Partial Mode": "Partial",
            "Parent Relationship": "Outer",
            "Parallel Aware": false,
            "Startup Cost": 31833.93,
            "Total Cost": 31833.94,
            "Plan Rows": 1,
            "Plan Width": 8,
            "Actual Startup Time": 30.846,
            "Actual Total Time": 30.848,
            "Actual Rows": 1,
            "Actual Loops": 2,
            "Plans": [
              {
                "Node Type": "Nested Loop",
                "Parent Relationship": "Outer",
                "Parallel Aware": false,
                "Join Type": "Inner",
                "Startup Cost": 172.53,
                "Total Cost": 31828.27,
                "Plan Rows": 2266,
                "Plan Width": 0,
                "Actual Startup Time": 2.891,
                "Actual Total Time": 30.452,
                "Actual Rows": 2175,
                "Actual Loops": 2,
                "Inner Unique": true,
                "Plans": [
                  {
                    "Node Type": "Bitmap Heap Scan",
                    "Parent Relationship": "Outer",
                    "Parallel Aware": true,
                    "Relation Name": "movie_companies",
                    "Alias": "mc",
                    "Startup Cost": 172.1,
                    "Total Cost": 14742.27,
                    "Plan Rows": 2266,
                    "Plan Width": 4,
                    "Actual Startup Time": 2.743,
                    "Actual Total Time": 10.828,
                    "Actual Rows": 2175,
                    "Actual Loops": 2,
                    "Recheck Cond": "(company_id = 225)",
                    "Rows Removed by Index Recheck": 0,
                    "Filter": "(company_type_id < 2)",
                    "Rows Removed by Filter": 2338,
                    "Exact Heap Blocks": 2664,
                    "Lossy Heap Blocks": 0,
                    "Plans": [
                      {
                        "Node Type": "Bitmap Index Scan",
                        "Parent Relationship": "Outer",
                        "Parallel Aware": false,
                        "Index Name": "company_id_movie_companies",
                        "Startup Cost": 0.0,
                        "Total Cost": 171.13,
                        "Plan Rows": 7827,
                        "Plan Width": 0,
                        "Actual Startup Time": 3.858,
                        "Actual Total Time": 3.858,
                        "Actual Rows": 9025,
                        "Actual Loops": 1,
                        "Index Cond": "(company_id = 225)"
                      }
                    ]
                  },
                  {
                    "Node Type": "Index Only Scan",
                    "Parent Relationship": "Inner",
                    "Parallel Aware": false,
                    "Scan Direction": "Forward",
                    "Index Name": "title_pkey",
                    "Relation Name": "title",
                    "Alias": "t",
                    "Startup Cost": 0.43,
                    "Total Cost": 7.54,
                    "Plan Rows": 1,
                    "Plan Width": 4,
                    "Actual Startup Time": 0.008,
                    "Actual Total Time": 0.008,
                    "Actual Rows": 1,
                    "Actual Loops": 4350,
                    "Index Cond": "(id = mc.movie_id)",
                    "Rows Removed by Index Recheck": 0,
                    "Heap Fetches": 4350
                  }
                ]
              }
            ]
          }
        ]
      }
    ]
  },
  "Planning Time": 0.693,
  "Triggers": [],
  "Execution Time": 42.197
}