{
  "Plan": {
    "Node Type": "Aggregate",
    "Strategy": "Plain",
    "Partial Mode": "Finalize",
    "Parallel Aware": false,
    "Startup Cost": 41214.31,
    "Total Cost": 41214.32,
    "Plan Rows": 1,
    "Plan Width": 8,
    "Actual Startup Time": 42.062,
    "Actual Total Time": 48.483,
    "Actual Rows": 1,
    "Actual Loops": 1,
    "Plans": [
      {
        "Node Type": "Gather",
        "Parent Relationship": "Outer",
        "Parallel Aware": false,
        "Startup Cost": 41214.2,
        "Total Cost": 41214.31,
        "Plan Rows": 1,
        "Plan Width": 8,
        "Actual Startup Time": 41.944,
        "Actual Total Time": 48.478,
        "Actual Rows": 2,
        "Actual Loops": 1,
        "Workers Planned": 1,
        "Workers Launched": 1,
        "Single Copy": false,
        "Plans": [
          {
            "Node Type": "Aggregate",
            "Strategy": "Plain",
            "Partial Mode": "Partial",
            "Parent Relationship": "Outer",
            "Parallel Aware": false,
            "Startup Cost": 40214.2,
            "Total Cost": 40214.21,
            "Plan Rows": 1,
            "Plan Width": 8,
            "Actual Startup Time": 35.775,
            "Actual Total Time": 35.776,
            "Actual Rows": 1,
            "Actual Loops": 2,
            "Plans": [
              {
                "Node Type": "Nested Loop",
                "Parent Relationship": "Outer",
                "Parallel Aware": false,
                "Join Type": "Inner",
                "Startup Cost": 132.78,
                "Total Cost": 40209.98,
                "Plan Rows": 1688,
                "Plan Width": 0,
                "Actual Startup Time": 3.796,
                "Actual Total Time": 35.724,
                "Actual Rows": 174,
                "Actual Loops": 2,
                "Inner Unique": true,
                "Plans": [
                  {
                    "Node Type": "Bitmap Heap Scan",
                    "Parent Relationship": "Outer",
                    "Parallel Aware": true,
                    "Relation Name": "movie_keyword",
                    "Alias": "mk",
                    "Startup Cost": 132.35,
                    "Total Cost": 14334.04,
                    "Plan Rows": 3637,
                    "Plan Width": 4,
                    "Actual Startup Time": 3.654,
                    "Actual Total Time": 13.123,
                    "Actual Rows": 2724,
                    "Actual Loops": 2,
                    "Recheck Cond": "(keyword_id = 1559)",
                    "Rows Removed by Index Recheck": 0,
                    "Exact Heap Blocks": 4215,
                    "Lossy Heap Blocks": 0,
                    "Plans": [
                      {
                        "Node Type": "Bitmap Index Scan",
                        "Parent Relationship": "Outer",
                        "Parallel Aware": false,
                        "Index Name": "keyword_id_movie_keyword",
                        "Startup Cost": 0.0,
                        "Total Cost": 130.81,
                        "Plan Rows": 6183,
                        "Plan Width": 0,
                        "Actual Startup Time": 4.546,
                        "Actual Total Time": 4.546,
                        "Actual Rows": 5449,
                        "Actual Loops": 1,
                        "Index Cond": "(keyword_id = 1559)"
                      }
                    ]
                  },
                  {
                    "Node Type": "Index Scan",
                    "Parent Relationship": "Inner",
                    "Parallel Aware": false,
                    "Scan Direction": "Forward",
                    "Index Name": "title_pkey",
                    "Relation Name": "title",
                    "Alias": "t",
                    "Startup Cost": 0.43,
                    "Total Cost": 7.11,
                    "Plan Rows": 1,
                    "Plan Width": 4,
                    "Actual Startup Time": 0.008,
                    "Actual Total Time": 0.008,
                    "Actual Rows": 0,
                    "Actual Loops": 5449,
                    "Index Cond": "(id = mk.movie_id)",
                    "Rows Removed by Index Recheck": 0,
                    "Filter": "((production_year > 1981) AND (kind_id = 7))",
                    "Rows Removed by Filter": 1
                  }
                ]
              }
            ]
          }
        ]
      }
    ]
  },
  "Planning Time": 0.472,
  "Triggers": [],
  "Execution Time": 48.572
}