[
  {
    "Plan": {
      "Node Type": "Aggregate",
      "Strategy": "Plain",
      "Partial Mode": "Finalize",
      "Parallel Aware": false,
      "Startup Cost": 45627.51,
      "Total Cost": 45627.52,
      "Plan Rows": 1,
      "Plan Width": 8,
      "Actual Startup Time": 190.997,
      "Actual Total Time": 201.627,
      "Actual Rows": 1,
      "Actual Loops": 1,
      "Plans": [
        {
          "Node Type": "Gather",
          "Parent Relationship": "Outer",
          "Parallel Aware": false,
          "Startup Cost": 45627.19,
          "Total Cost": 45627.5,
          "Plan Rows": 3,
          "Plan Width": 8,
          "Actual Startup Time": 190.88,
          "Actual Total Time": 201.617,
          "Actual Rows": 4,
          "Actual Loops": 1,
          "Workers Planned": 3,
          "Workers Launched": 3,
          "Single Copy": false,
          "Plans": [
            {
              "Node Type": "Aggregate",
              "Strategy": "Plain",
              "Partial Mode": "Partial",
              "Parent Relationship": "Outer",
              "Parallel Aware": false,
              "Startup Cost": 44627.19,
              "Total Cost": 44627.2,
              "Plan Rows": 1,
              "Plan Width": 8,
              "Actual Startup Time": 182.713,
              "Actual Total Time": 182.715,
              "Actual Rows": 1,
              "Actual Loops": 4,
              "Plans": [
                {
                  "Node Type": "Seq Scan",
                  "Parent Relationship": "Outer",
                  "Parallel Aware": true,
                  "Relation Name": "movie_keyword",
                  "Alias": "mk",
                  "Startup Cost": 0.0,
                  "Total Cost": 42695.65,
                  "Plan Rows": 772615,
                  "Plan Width": 0,
                  "Actual Startup Time": 0.698,
                  "Actual Total Time": 146.676,
                  "Actual Rows": 597264,
                  "Actual Loops": 4,
                  "Filter": "(keyword_id > 3945)",
                  "Rows Removed by Filter": 533718
                }
              ]
            }
          ]
        }
      ]
    },
    "Planning Time": 0.39,
    "Triggers": [],
    "Execution Time": 201.68
  }
]