[
  {
    "Plan": {
      "Node Type": "Aggregate",
      "Strategy": "Plain",
      "Partial Mode": "Finalize",
      "Parallel Aware": false,
      "Startup Cost": 348647.71,
      "Total Cost": 348647.72,
      "Plan Rows": 1,
      "Plan Width": 8,
      "Actual Startup Time": 521.882,
      "Actual Total Time": 539.791,
      "Actual Rows": 1,
      "Actual Loops": 1,
      "Plans": [
        {
          "Node Type": "Gather",
          "Parent Relationship": "Outer",
          "Parallel Aware": false,
          "Startup Cost": 348647.08,
          "Total Cost": 348647.69,
          "Plan Rows": 6,
          "Plan Width": 8,
          "Actual Startup Time": 510.739,
          "Actual Total Time": 539.777,
          "Actual Rows": 7,
          "Actual Loops": 1,
          "Workers Planned": 6,
          "Workers Launched": 6,
          "Single Copy": false,
          "Plans": [
            {
              "Node Type": "Aggregate",
              "Strategy": "Plain",
              "Partial Mode": "Partial",
              "Parent Relationship": "Outer",
              "Parallel Aware": false,
              "Startup Cost": 347647.08,
              "Total Cost": 347647.09,
              "Plan Rows": 1,
              "Plan Width": 8,
              "Actual Startup Time": 494.607,
              "Actual Total Time": 494.611,
              "Actual Rows": 1,
              "Actual Loops": 7,
              "Plans": [
                {
                  "Node Type": "Hash Join",
                  "Parent Relationship": "Outer",
                  "Parallel Aware": true,
                  "Join Type": "Inner",
                  "Startup Cost": 89825.59,
                  "Total Cost": 347089.08,
                  "Plan Rows": 223202,
                  "Plan Width": 0,
                  "Actual Startup Time": 299.0,
                  "Actual Total Time": 483.293,
                  "Actual Rows": 190199,
                  "Actual Loops": 7,
                  "Inner Unique": true,
                  "Hash Cond": "(ci.movie_id = t.id)",
                  "Plans": [
                    {
                      "Node Type": "Bitmap Heap Scan",
                      "Parent Relationship": "Outer",
                      "Parallel Aware": true,
                      "Relation Name": "cast_info",
                      "Alias": "ci",
                      "Startup Cost": 40098.43,
                      "Total Cost": 296567.66,
                      "Plan Rows": 302578,
                      "Plan Width": 4,
                      "Actual Startup Time": 71.171,
                      "Actual Total Time": 136.154,
                      "Actual Rows": 250984,
                      "Actual Loops": 7,
                      "Recheck Cond": "(person_id > 3713861)",
                      "Rows Removed by Index Recheck": 0,
                      "Exact Heap Blocks": 3611,
                      "Lossy Heap Blocks": 0,
                      "Plans": [
                        {
                          "Node Type": "Bitmap Index Scan",
                          "Parent Relationship": "Outer",
                          "Parallel Aware": false,
                          "Index Name": "person_id_cast_info",
                          "Startup Cost": 0.0,
                          "Total Cost": 39644.57,
                          "Plan Rows": 1815467,
                          "Plan Width": 0,
                          "Actual Startup Time": 67.206,
                          "Actual Total Time": 67.206,
                          "Actual Rows": 1756886,
                          "Actual Loops": 1,
                          "Index Cond": "(person_id > 3713861)"
                        }
                      ]
                    },
                    {
                      "Node Type": "Hash",
                      "Parent Relationship": "Inner",
                      "Parallel Aware": true,
                      "Startup Cost": 43898.92,
                      "Total Cost": 43898.92,
                      "Plan Rows": 466259,
                      "Plan Width": 4,
                      "Actual Startup Time": 223.142,
                      "Actual Total Time": 223.143,
                      "Actual Rows": 266498,
                      "Actual Loops": 7,
                      "Hash Buckets": 2097152,
                      "Original Hash Buckets": 2097152,
                      "Hash Batches": 1,
                      "Original Hash Batches": 1,
                      "Peak Memory Usage": 89472,
                      "Plans": [
                        {
                          "Node Type": "Seq Scan",
                          "Parent Relationship": "Outer",
                          "Parallel Aware": true,
                          "Relation Name": "title",
                          "Alias": "t",
                          "Startup Cost": 0.0,
                          "Total Cost": 43898.92,
                          "Plan Rows": 466259,
                          "Plan Width": 4,
                          "Actual Startup Time": 0.04,
                          "Actual Total Time": 91.688,
                          "Actual Rows": 266498,
                          "Actual Loops": 7,
                          "Filter": "(kind_id > 1)",
                          "Rows Removed by Filter": 94689
                        }
                      ]
                    }
                  ]
                }
              ]
            }
          ]
        }
      ]
    },
    "Planning Time": 0.58,
    "Triggers": [],
    "Execution Time": 539.878
  }
]