[
  {
    "Plan": {
      "Node Type": "Aggregate",
      "Strategy": "Plain",
      "Partial Mode": "Finalize",
      "Parallel Aware": false,
      "Startup Cost": 45618.52,
      "Total Cost": 45618.53,
      "Plan Rows": 1,
      "Plan Width": 8,
      "Actual Startup Time": 158.19,
      "Actual Total Time": 168.32,
      "Actual Rows": 1,
      "Actual Loops": 1,
      "Plans": [
        {
          "Node Type": "Gather",
          "Parent Relationship": "Outer",
          "Parallel Aware": false,
          "Startup Cost": 45618.21,
          "Total Cost": 45618.52,
          "Plan Rows": 3,
          "Plan Width": 8,
          "Actual Startup Time": 158.059,
          "Actual Total Time": 168.311,
          "Actual Rows": 4,
          "Actual Loops": 1,
          "Workers Planned": 3,
          "Workers Launched": 3,
          "Single Copy": false,
          "Plans": [
            {
              "Node Type": "Aggregate",
              "Strategy": "Plain",
              "Partial Mode": "Partial",
              "Parent Relationship": "Outer",
              "Parallel Aware": false,
              "Startup Cost": 44618.21,
              "Total Cost": 44618.22,
              "Plan Rows": 1,
              "Plan Width": 8,
              "Actual Startup Time": 149.837,
              "Actual Total Time": 149.838,
              "Actual Rows": 1,
              "Actual Loops": 4,
              "Plans": [
                {
                  "Node Type": "Seq Scan",
                  "Parent Relationship": "Outer",
                  "Parallel Aware": true,
                  "Relation Name": "movie_keyword",
                  "Alias": "mk",
                  "Startup Cost": 0.0,
                  "Total Cost": 42695.65,
                  "Plan Rows": 769021,
                  "Plan Width": 0,
                  "Actual Startup Time": 0.653,
                  "Actual Total Time": 120.262,
                  "Actual Rows": 592368,
                  "Actual Loops": 4,
                  "Filter": "(keyword_id > 4068)",
                  "Rows Removed by Filter": 538614
                }
              ]
            }
          ]
        }
      ]
    },
    "Planning Time": 0.18,
    "Triggers": [],
    "Execution Time": 168.372
  }
]