[
  {
    "Plan": {
      "Node Type": "Aggregate",
      "Strategy": "Plain",
      "Partial Mode": "Simple",
      "Parallel Aware": false,
      "Startup Cost": 26630.69,
      "Total Cost": 26630.7,
      "Plan Rows": 1,
      "Plan Width": 8,
      "Actual Startup Time": 46.465,
      "Actual Total Time": 46.467,
      "Actual Rows": 1,
      "Actual Loops": 1,
      "Plans": [
        {
          "Node Type": "Bitmap Heap Scan",
          "Parent Relationship": "Outer",
          "Parallel Aware": false,
          "Relation Name": "movie_keyword",
          "Alias": "mk",
          "Startup Cost": 932.03,
          "Total Cost": 26521.14,
          "Plan Rows": 43819,
          "Plan Width": 0,
          "Actual Startup Time": 14.51,
          "Actual Total Time": 43.093,
          "Actual Rows": 34728,
          "Actual Loops": 1,
          "Recheck Cond": "(keyword_id < 42)",
          "Rows Removed by Index Recheck": 0,
          "Exact Heap Blocks": 12307,
          "Lossy Heap Blocks": 0,
          "Plans": [
            {
              "Node Type": "Bitmap Index Scan",
              "Parent Relationship": "Outer",
              "Parallel Aware": false,
              "Index Name": "keyword_id_movie_keyword",
              "Startup Cost": 0.0,
              "Total Cost": 921.07,
              "Plan Rows": 43819,
              "Plan Width": 0,
              "Actual Startup Time": 8.718,
              "Actual Total Time": 8.718,
              "Actual Rows": 34728,
              "Actual Loops": 1,
              "Index Cond": "(keyword_id < 42)"
            }
          ]
        }
      ]
    },
    "Planning Time": 0.269,
    "Triggers": [],
    "Execution Time": 46.527
  }
]