[
  {
    "Plan": {
      "Node Type": "Aggregate",
      "Strategy": "Plain",
      "Partial Mode": "Finalize",
      "Parallel Aware": false,
      "Startup Cost": 74693.66,
      "Total Cost": 74693.67,
      "Plan Rows": 1,
      "Plan Width": 8,
      "Actual Startup Time": 232.494,
      "Actual Total Time": 248.551,
      "Actual Rows": 1,
      "Actual Loops": 1,
      "Plans": [
        {
          "Node Type": "Gather",
          "Parent Relationship": "Outer",
          "Parallel Aware": false,
          "Startup Cost": 74693.34,
          "Total Cost": 74693.65,
          "Plan Rows": 3,
          "Plan Width": 8,
          "Actual Startup Time": 232.035,
          "Actual Total Time": 248.541,
          "Actual Rows": 4,
          "Actual Loops": 1,
          "Workers Planned": 3,
          "Workers Launched": 3,
          "Single Copy": false,
          "Plans": [
            {
              "Node Type": "Aggregate",
              "Strategy": "Plain",
              "Partial Mode": "Partial",
              "Parent Relationship": "Outer",
              "Parallel Aware": false,
              "Startup Cost": 73693.34,
              "Total Cost": 73693.35,
              "Plan Rows": 1,
              "Plan Width": 8,
              "Actual Startup Time": 223.471,
              "Actual Total Time": 223.473,
              "Actual Rows": 1,
              "Actual Loops": 4,
              "Plans": [
                {
                  "Node Type": "Hash Join",
                  "Parent Relationship": "Outer",
                  "Parallel Aware": true,
                  "Join Type": "Inner",
                  "Startup Cost": 44197.84,
                  "Total Cost": 73613.73,
                  "Plan Rows": 31843,
                  "Plan Width": 0,
                  "Actual Startup Time": 117.807,
                  "Actual Total Time": 221.415,
                  "Actual Rows": 46656,
                  "Actual Loops": 4,
                  "Inner Unique": true,
                  "Hash Cond": "(mc.movie_id = t.id)",
                  "Plans": [
                    {
                      "Node Type": "Seq Scan",
                      "Parent Relationship": "Outer",
                      "Parallel Aware": true,
                      "Relation Name": "movie_companies",
                      "Alias": "mc",
                      "Startup Cost": 0.0,
                      "Total Cost": 27206.55,
                      "Plan Rows": 841655,
                      "Plan Width": 4,
                      "Actual Startup Time": 0.017,
                      "Actual Total Time": 53.515,
                      "Actual Rows": 652282,
                      "Actual Loops": 4
                    },
                    {
                      "Node Type": "Hash",
                      "Parent Relationship": "Inner",
                      "Parallel Aware": true,
                      "Startup Cost": 43898.92,
                      "Total Cost": 43898.92,
                      "Plan Rows": 23914,
                      "Plan Width": 4,
                      "Actual Startup Time": 94.52,
                      "Actual Total Time": 94.521,
                      "Actual Rows": 24645,
                      "Actual Loops": 4,
                      "Hash Buckets": 131072,
                      "Original Hash Buckets": 131072,
                      "Hash Batches": 1,
                      "Original Hash Batches": 1,
                      "Peak Memory Usage": 4928,
                      "Plans": [
                        {
                          "Node Type": "Seq Scan",
                          "Parent Relationship": "Outer",
                          "Parallel Aware": true,
                          "Relation Name": "title",
                          "Alias": "t",
                          "Startup Cost": 0.0,
                          "Total Cost": 43898.92,
                          "Plan Rows": 23914,
                          "Plan Width": 4,
                          "Actual Startup Time": 50.523,
                          "Actual Total Time": 88.585,
                          "Actual Rows": 24645,
                          "Actual Loops": 4,
                          "Filter": "(production_year < 1924)",
                          "Rows Removed by Filter": 607433
                        }
                      ]
                    }
                  ]
                }
              ]
            }
          ]
        }
      ]
    },
    "Planning Time": 0.605,
    "Triggers": [],
    "Execution Time": 248.618
  }
]