[
  {
    "Plan": {
      "Node Type": "Aggregate",
      "Strategy": "Plain",
      "Partial Mode": "Finalize",
      "Parallel Aware": false,
      "Startup Cost": 90781.23,
      "Total Cost": 90781.24,
      "Plan Rows": 1,
      "Plan Width": 8,
      "Actual Startup Time": 120.623,
      "Actual Total Time": 140.211,
      "Actual Rows": 1,
      "Actual Loops": 1,
      "Plans": [
        {
          "Node Type": "Gather",
          "Parent Relationship": "Outer",
          "Parallel Aware": false,
          "Startup Cost": 90780.81,
          "Total Cost": 90781.22,
          "Plan Rows": 4,
          "Plan Width": 8,
          "Actual Startup Time": 120.511,
          "Actual Total Time": 140.205,
          "Actual Rows": 5,
          "Actual Loops": 1,
          "Workers Planned": 4,
          "Workers Launched": 4,
          "Single Copy": false,
          "Plans": [
            {
              "Node Type": "Aggregate",
              "Strategy": "Plain",
              "Partial Mode": "Partial",
              "Parent Relationship": "Outer",
              "Parallel Aware": false,
              "Startup Cost": 89780.81,
              "Total Cost": 89780.82,
              "Plan Rows": 1,
              "Plan Width": 8,
              "Actual Startup Time": 110.525,
              "Actual Total Time": 110.526,
              "Actual Rows": 1,
              "Actual Loops": 5,
              "Plans": [
                {
                  "Node Type": "Nested Loop",
                  "Parent Relationship": "Outer",
                  "Parallel Aware": false,
                  "Join Type": "Inner",
                  "Startup Cost": 0.56,
                  "Total Cost": 89775.77,
                  "Plan Rows": 2016,
                  "Plan Width": 0,
                  "Actual Startup Time": 58.69,
                  "Actual Total Time": 110.304,
                  "Actual Rows": 2181,
                  "Actual Loops": 5,
                  "Inner Unique": false,
                  "Plans": [
                    {
                      "Node Type": "Seq Scan",
                      "Parent Relationship": "Outer",
                      "Parallel Aware": true,
                      "Relation Name": "title",
                      "Alias": "t",
                      "Startup Cost": 0.0,
                      "Total Cost": 45479.1,
                      "Plan Rows": 314,
                      "Plan Width": 4,
                      "Actual Startup Time": 58.518,
                      "Actual Total Time": 79.851,
                      "Actual Rows": 802,
                      "Actual Loops": 5,
                      "Filter": "((kind_id < 7) AND (production_year = 1920))",
                      "Rows Removed by Filter": 504860
                    },
                    {
                      "Node Type": "Index Scan",
                      "Parent Relationship": "Inner",
                      "Parallel Aware": false,
                      "Scan Direction": "Forward",
                      "Index Name": "movie_id_cast_info",
                      "Relation Name": "cast_info",
                      "Alias": "ci",
                      "Startup Cost": 0.56,
                      "Total Cost": 140.91,
                      "Plan Rows": 16,
                      "Plan Width": 4,
                      "Actual Startup Time": 0.024,
                      "Actual Total Time": 0.037,
                      "Actual Rows": 3,
                      "Actual Loops": 4012,
                      "Index Cond": "(movie_id = t.id)",
                      "Rows Removed by Index Recheck": 0,
                      "Filter": "((person_id < 2558606) AND (role_id > 1))",
                      "Rows Removed by Filter": 5
                    }
                  ]
                }
              ]
            }
          ]
        }
      ]
    },
    "Planning Time": 0.608,
    "Triggers": [],
    "Execution Time": 140.281
  }
]