[
  {
    "Plan": {
      "Node Type": "Aggregate",
      "Strategy": "Plain",
      "Partial Mode": "Simple",
      "Parallel Aware": false,
      "Startup Cost": 23182.45,
      "Total Cost": 23182.46,
      "Plan Rows": 1,
      "Plan Width": 8,
      "Actual Startup Time": 50.868,
      "Actual Total Time": 50.869,
      "Actual Rows": 1,
      "Actual Loops": 1,
      "Plans": [
        {
          "Node Type": "Bitmap Heap Scan",
          "Parent Relationship": "Outer",
          "Parallel Aware": false,
          "Relation Name": "movie_companies",
          "Alias": "mc",
          "Startup Cost": 2596.39,
          "Total Cost": 22883.1,
          "Plan Rows": 119737,
          "Plan Width": 0,
          "Actual Startup Time": 19.19,
          "Actual Total Time": 44.123,
          "Actual Rows": 115096,
          "Actual Loops": 1,
          "Recheck Cond": "(company_id > 149038)",
          "Rows Removed by Index Recheck": 0,
          "Exact Heap Blocks": 3417,
          "Lossy Heap Blocks": 0,
          "Plans": [
            {
              "Node Type": "Bitmap Index Scan",
              "Parent Relationship": "Outer",
              "Parallel Aware": false,
              "Index Name": "company_id_movie_companies",
              "Startup Cost": 0.0,
              "Total Cost": 2566.46,
              "Plan Rows": 119737,
              "Plan Width": 0,
              "Actual Startup Time": 18.253,
              "Actual Total Time": 18.254,
              "Actual Rows": 115096,
              "Actual Loops": 1,
              "Index Cond": "(company_id > 149038)"
            }
          ]
        }
      ]
    },
    "Planning Time": 0.167,
    "Triggers": [],
    "Execution Time": 50.93
  }
]