[
  {
    "Plan": {
      "Node Type": "Aggregate",
      "Strategy": "Plain",
      "Partial Mode": "Finalize",
      "Parallel Aware": false,
      "Startup Cost": 176098.19,
      "Total Cost": 176098.2,
      "Plan Rows": 1,
      "Plan Width": 8,
      "Actual Startup Time": 375.922,
      "Actual Total Time": 390.617,
      "Actual Rows": 1,
      "Actual Loops": 1,
      "Plans": [
        {
          "Node Type": "Gather",
          "Parent Relationship": "Outer",
          "Parallel Aware": false,
          "Startup Cost": 176097.87,
          "Total Cost": 176098.18,
          "Plan Rows": 3,
          "Plan Width": 8,
          "Actual Startup Time": 372.321,
          "Actual Total Time": 390.608,
          "Actual Rows": 4,
          "Actual Loops": 1,
          "Workers Planned": 3,
          "Workers Launched": 3,
          "Single Copy": false,
          "Plans": [
            {
              "Node Type": "Aggregate",
              "Strategy": "Plain",
              "Partial Mode": "Partial",
              "Parent Relationship": "Outer",
              "Parallel Aware": false,
              "Startup Cost": 175097.87,
              "Total Cost": 175097.88,
              "Plan Rows": 1,
              "Plan Width": 8,
              "Actual Startup Time": 358.073,
              "Actual Total Time": 358.077,
              "Actual Rows": 1,
              "Actual Loops": 4,
              "Plans": [
                {
                  "Node Type": "Nested Loop",
                  "Parent Relationship": "Outer",
                  "Parallel Aware": false,
                  "Join Type": "Inner",
                  "Startup Cost": 53497.94,
                  "Total Cost": 174450.07,
                  "Plan Rows": 259120,
                  "Plan Width": 0,
                  "Actual Startup Time": 281.402,
                  "Actual Total Time": 356.908,
                  "Actual Rows": 19002,
                  "Actual Loops": 4,
                  "Inner Unique": false,
                  "Plans": [
                    {
                      "Node Type": "Hash Join",
                      "Parent Relationship": "Outer",
                      "Parallel Aware": true,
                      "Join Type": "Inner",
                      "Startup Cost": 53497.51,
                      "Total Cost": 79054.15,
                      "Plan Rows": 44315,
                      "Plan Width": 8,
                      "Actual Startup Time": 281.312,
                      "Actual Total Time": 337.243,
                      "Actual Rows": 1674,
                      "Actual Loops": 4,
                      "Inner Unique": true,
                      "Hash Cond": "(mk.movie_id = t.id)",
                      "Plans": [
                        {
                          "Node Type": "Bitmap Heap Scan",
                          "Parent Relationship": "Outer",
                          "Parallel Aware": true,
                          "Relation Name": "movie_keyword",
                          "Alias": "mk",
                          "Startup Cost": 4795.89,
                          "Total Cost": 30161.16,
                          "Plan Rows": 72902,
                          "Plan Width": 4,
                          "Actual Startup Time": 16.656,
                          "Actual Total Time": 54.286,
                          "Actual Rows": 54171,
                          "Actual Loops": 4,
                          "Recheck Cond": "(keyword_id > 65362)",
                          "Rows Removed by Index Recheck": 0,
                          "Exact Heap Blocks": 5016,
                          "Lossy Heap Blocks": 0,
                          "Plans": [
                            {
                              "Node Type": "Bitmap Index Scan",
                              "Parent Relationship": "Outer",
                              "Parallel Aware": false,
                              "Index Name": "keyword_id_movie_keyword",
                              "Startup Cost": 0.0,
                              "Total Cost": 4739.39,
                              "Plan Rows": 225995,
                              "Plan Width": 0,
                              "Actual Startup Time": 13.576,
                              "Actual Total Time": 13.577,
                              "Actual Rows": 216684,
                              "Actual Loops": 1,
                              "Index Cond": "(keyword_id > 65362)"
                            }
                          ]
                        },
                        {
                          "Node Type": "Hash",
                          "Parent Relationship": "Inner",
                          "Parallel Aware": true,
                          "Startup Cost": 43898.92,
                          "Total Cost": 43898.92,
                          "Plan Rows": 384216,
                          "Plan Width": 4,
                          "Actual Startup Time": 257.033,
                          "Actual Total Time": 257.034,
                          "Actual Rows": 385816,
                          "Actual Loops": 4,
                          "Hash Buckets": 2097152,
                          "Original Hash Buckets": 2097152,
                          "Hash Batches": 1,
                          "Original Hash Batches": 1,
                          "Peak Memory Usage": 76800,
                          "Plans": [
                            {
                              "Node Type": "Seq Scan",
                              "Parent Relationship": "Outer",
                              "Parallel Aware": true,
                              "Relation Name": "title",
                              "Alias": "t",
                              "Startup Cost": 0.0,
                              "Total Cost": 43898.92,
                              "Plan Rows": 384216,
                              "Plan Width": 4,
                              "Actual Startup Time": 0.043,
                              "Actual Total Time": 105.183,
                              "Actual Rows": 385816,
                              "Actual Loops": 4,
                              "Filter": "(kind_id = 7)",
                              "Rows Removed by Filter": 246262
                            }
                          ]
                        }
                      ]
                    },
                    {
                      "Node Type": "Index Only Scan",
                      "Parent Relationship": "Inner",
                      "Parallel Aware": false,
                      "Scan Direction": "Forward",
                      "Index Name": "movie_id_movie_info",
                      "Relation Name": "movie_info",
                      "Alias": "mi",
                      "Startup Cost": 0.43,
                      "Total Cost": 1.73,
                      "Plan Rows": 42,
                      "Plan Width": 4,
                      "Actual Startup Time": 0.004,
                      "Actual Total Time": 0.01,
                      "Actual Rows": 11,
                      "Actual Loops": 6695,
                      "Index Cond": "(movie_id = t.id)",
                      "Rows Removed by Index Recheck": 0,
                      "Heap Fetches": 76008
                    }
                  ]
                }
              ]
            }
          ]
        }
      ]
    },
    "Planning Time": 1.354,
    "Triggers": [],
    "Execution Time": 390.724
  }
]