[
  {
    "Plan": {
      "Node Type": "Aggregate",
      "Strategy": "Plain",
      "Partial Mode": "Finalize",
      "Parallel Aware": false,
      "Startup Cost": 228098.77,
      "Total Cost": 228098.78,
      "Plan Rows": 1,
      "Plan Width": 8,
      "Actual Startup Time": 1604.727,
      "Actual Total Time": 1656.445,
      "Actual Rows": 1,
      "Actual Loops": 1,
      "Plans": [
        {
          "Node Type": "Gather",
          "Parent Relationship": "Outer",
          "Parallel Aware": false,
          "Startup Cost": 228098.45,
          "Total Cost": 228098.76,
          "Plan Rows": 3,
          "Plan Width": 8,
          "Actual Startup Time": 1595.477,
          "Actual Total Time": 1656.435,
          "Actual Rows": 4,
          "Actual Loops": 1,
          "Workers Planned": 3,
          "Workers Launched": 3,
          "Single Copy": false,
          "Plans": [
            {
              "Node Type": "Aggregate",
              "Strategy": "Plain",
              "Partial Mode": "Partial",
              "Parent Relationship": "Outer",
              "Parallel Aware": false,
              "Startup Cost": 227098.45,
              "Total Cost": 227098.46,
              "Plan Rows": 1,
              "Plan Width": 8,
              "Actual Startup Time": 1577.81,
              "Actual Total Time": 1577.814,
              "Actual Rows": 1,
              "Actual Loops": 4,
              "Plans": [
                {
                  "Node Type": "Nested Loop",
                  "Parent Relationship": "Outer",
                  "Parallel Aware": false,
                  "Join Type": "Inner",
                  "Startup Cost": 56055.44,
                  "Total Cost": 227048.83,
                  "Plan Rows": 19846,
                  "Plan Width": 0,
                  "Actual Startup Time": 360.913,
                  "Actual Total Time": 1549.594,
                  "Actual Rows": 586026,
                  "Actual Loops": 4,
                  "Inner Unique": false,
                  "Plans": [
                    {
                      "Node Type": "Hash Join",
                      "Parent Relationship": "Outer",
                      "Parallel Aware": true,
                      "Join Type": "Inner",
                      "Startup Cost": 56055.01,
                      "Total Cost": 81850.54,
                      "Plan Rows": 88696,
                      "Plan Width": 8,
                      "Actual Startup Time": 360.582,
                      "Actual Total Time": 429.908,
                      "Actual Rows": 67740,
                      "Actual Loops": 4,
                      "Inner Unique": true,
                      "Hash Cond": "(mk.movie_id = t.id)",
                      "Plans": [
                        {
                          "Node Type": "Bitmap Heap Scan",
                          "Parent Relationship": "Outer",
                          "Parallel Aware": true,
                          "Relation Name": "movie_keyword",
                          "Alias": "mk",
                          "Startup Cost": 5835.36,
                          "Total Cost": 31398.07,
                          "Plan Rows": 88696,
                          "Plan Width": 4,
                          "Actual Startup Time": 19.183,
                          "Actual Total Time": 56.519,
                          "Actual Rows": 67740,
                          "Actual Loops": 4,
                          "Recheck Cond": "(keyword_id > 58176)",
                          "Rows Removed by Index Recheck": 0,
                          "Exact Heap Blocks": 6646,
                          "Lossy Heap Blocks": 0,
                          "Plans": [
                            {
                              "Node Type": "Bitmap Index Scan",
                              "Parent Relationship": "Outer",
                              "Parallel Aware": false,
                              "Index Name": "keyword_id_movie_keyword",
                              "Startup Cost": 0.0,
                              "Total Cost": 5766.62,
                              "Plan Rows": 274959,
                              "Plan Width": 0,
                              "Actual Startup Time": 15.98,
                              "Actual Total Time": 15.981,
                              "Actual Rows": 270959,
                              "Actual Loops": 1,
                              "Index Cond": "(keyword_id > 58176)"
                            }
                          ]
                        },
                        {
                          "Node Type": "Hash",
                          "Parent Relationship": "Inner",
                          "Parallel Aware": true,
                          "Startup Cost": 42318.73,
                          "Total Cost": 42318.73,
                          "Plan Rows": 632073,
                          "Plan Width": 4,
                          "Actual Startup Time": 330.629,
                          "Actual Total Time": 330.63,
                          "Actual Rows": 632078,
                          "Actual Loops": 4,
                          "Hash Buckets": 4194304,
                          "Original Hash Buckets": 4194304,
                          "Hash Batches": 1,
                          "Original Hash Batches": 1,
                          "Peak Memory Usage": 131744,
                          "Plans": [
                            {
                              "Node Type": "Seq Scan",
                              "Parent Relationship": "Outer",
                              "Parallel Aware": true,
                              "Relation Name": "title",
                              "Alias": "t",
                              "Startup Cost": 0.0,
                              "Total Cost": 42318.73,
                              "Plan Rows": 632073,
                              "Plan Width": 4,
                              "Actual Startup Time": 0.04,
                              "Actual Total Time": 101.566,
                              "Actual Rows": 632078,
                              "Actual Loops": 4
                            }
                          ]
                        }
                      ]
                    },
                    {
                      "Node Type": "Index Scan",
                      "Parent Relationship": "Inner",
                      "Parallel Aware": false,
                      "Scan Direction": "Forward",
                      "Index Name": "movie_id_movie_info",
                      "Relation Name": "movie_info",
                      "Alias": "mi",
                      "Startup Cost": 0.43,
                      "Total Cost": 1.62,
                      "Plan Rows": 2,
                      "Plan Width": 4,
                      "Actual Startup Time": 0.012,
                      "Actual Total Time": 0.016,
                      "Actual Rows": 9,
                      "Actual Loops": 270959,
                      "Index Cond": "(movie_id = t.id)",
                      "Rows Removed by Index Recheck": 0,
                      "Filter": "(info_type_id > 98)",
                      "Rows Removed by Filter": 50
                    }
                  ]
                }
              ]
            }
          ]
        }
      ]
    },
    "Planning Time": 1.37,
    "Triggers": [],
    "Execution Time": 1656.563
  }
]