[
  {
    "Plan": {
      "Node Type": "Aggregate",
      "Strategy": "Plain",
      "Partial Mode": "Finalize",
      "Parallel Aware": false,
      "Startup Cost": 336053.2,
      "Total Cost": 336053.21,
      "Plan Rows": 1,
      "Plan Width": 8,
      "Actual Startup Time": 753.843,
      "Actual Total Time": 813.735,
      "Actual Rows": 1,
      "Actual Loops": 1,
      "Plans": [
        {
          "Node Type": "Gather",
          "Parent Relationship": "Outer",
          "Parallel Aware": false,
          "Startup Cost": 336052.58,
          "Total Cost": 336053.18,
          "Plan Rows": 6,
          "Plan Width": 8,
          "Actual Startup Time": 753.703,
          "Actual Total Time": 813.722,
          "Actual Rows": 7,
          "Actual Loops": 1,
          "Workers Planned": 6,
          "Workers Launched": 6,
          "Single Copy": false,
          "Plans": [
            {
              "Node Type": "Aggregate",
              "Strategy": "Plain",
              "Partial Mode": "Partial",
              "Parent Relationship": "Outer",
              "Parallel Aware": false,
              "Startup Cost": 335052.58,
              "Total Cost": 335052.59,
              "Plan Rows": 1,
              "Plan Width": 8,
              "Actual Startup Time": 744.174,
              "Actual Total Time": 744.175,
              "Actual Rows": 1,
              "Actual Loops": 7,
              "Plans": [
                {
                  "Node Type": "Seq Scan",
                  "Parent Relationship": "Outer",
                  "Parallel Aware": true,
                  "Relation Name": "cast_info",
                  "Alias": "ci",
                  "Startup Cost": 0.0,
                  "Total Cost": 328162.03,
                  "Plan Rows": 2756220,
                  "Plan Width": 0,
                  "Actual Startup Time": 233.656,
                  "Actual Total Time": 632.284,
                  "Actual Rows": 2355607,
                  "Actual Loops": 7,
                  "Filter": "(person_id > 1980711)",
                  "Rows Removed by Filter": 2822156
                }
              ]
            }
          ]
        }
      ]
    },
    "Planning Time": 0.205,
    "Triggers": [],
    "Execution Time": 813.811
  }
]