[
  {
    "Plan": {
      "Node Type": "Aggregate",
      "Strategy": "Plain",
      "Partial Mode": "Finalize",
      "Parallel Aware": false,
      "Startup Cost": 113578.38,
      "Total Cost": 113578.39,
      "Plan Rows": 1,
      "Plan Width": 8,
      "Actual Startup Time": 449.754,
      "Actual Total Time": 467.913,
      "Actual Rows": 1,
      "Actual Loops": 1,
      "Plans": [
        {
          "Node Type": "Gather",
          "Parent Relationship": "Outer",
          "Parallel Aware": false,
          "Startup Cost": 113578.07,
          "Total Cost": 113578.38,
          "Plan Rows": 3,
          "Plan Width": 8,
          "Actual Startup Time": 446.895,
          "Actual Total Time": 467.905,
          "Actual Rows": 4,
          "Actual Loops": 1,
          "Workers Planned": 3,
          "Workers Launched": 3,
          "Single Copy": false,
          "Plans": [
            {
              "Node Type": "Aggregate",
              "Strategy": "Plain",
              "Partial Mode": "Partial",
              "Parent Relationship": "Outer",
              "Parallel Aware": false,
              "Startup Cost": 112578.07,
              "Total Cost": 112578.08,
              "Plan Rows": 1,
              "Plan Width": 8,
              "Actual Startup Time": 438.395,
              "Actual Total Time": 438.588,
              "Actual Rows": 1,
              "Actual Loops": 4,
              "Plans": [
                {
                  "Node Type": "Hash Join",
                  "Parent Relationship": "Outer",
                  "Parallel Aware": true,
                  "Join Type": "Inner",
                  "Startup Cost": 65154.25,
                  "Total Cost": 112181.44,
                  "Plan Rows": 158651,
                  "Plan Width": 0,
                  "Actual Startup Time": 259.544,
                  "Actual Total Time": 429.967,
                  "Actual Rows": 216832,
                  "Actual Loops": 4,
                  "Inner Unique": false,
                  "Hash Cond": "(mk.movie_id = t.id)",
                  "Plans": [
                    {
                      "Node Type": "Seq Scan",
                      "Parent Relationship": "Outer",
                      "Parallel Aware": true,
                      "Relation Name": "movie_keyword",
                      "Alias": "mk",
                      "Startup Cost": 0.0,
                      "Total Cost": 42695.65,
                      "Plan Rows": 978797,
                      "Plan Width": 4,
                      "Actual Startup Time": 0.028,
                      "Actual Total Time": 100.287,
                      "Actual Rows": 755857,
                      "Actual Loops": 4,
                      "Filter": "(keyword_id < 10833)",
                      "Rows Removed by Filter": 375126
                    },
                    {
                      "Node Type": "Hash",
                      "Parent Relationship": "Inner",
                      "Parallel Aware": true,
                      "Startup Cost": 63019.85,
                      "Total Cost": 63019.85,
                      "Plan Rows": 170752,
                      "Plan Width": 8,
                      "Actual Startup Time": 255.938,
                      "Actual Total Time": 256.129,
                      "Actual Rows": 80948,
                      "Actual Loops": 4,
                      "Hash Buckets": 524288,
                      "Original Hash Buckets": 524288,
                      "Hash Batches": 1,
                      "Original Hash Batches": 1,
                      "Peak Memory Usage": 16832,
                      "Plans": [
                        {
                          "Node Type": "Hash Join",
                          "Parent Relationship": "Outer",
                          "Parallel Aware": true,
                          "Join Type": "Inner",
                          "Startup Cost": 47825.29,
                          "Total Cost": 63019.85,
                          "Plan Rows": 170752,
                          "Plan Width": 8,
                          "Actual Startup Time": 161.265,
                          "Actual Total Time": 238.957,
                          "Actual Rows": 80948,
                          "Actual Loops": 4,
                          "Inner Unique": true,
                          "Hash Cond": "(mi_idx.movie_id = t.id)",
                          "Plans": [
                            {
                              "Node Type": "Seq Scan",
                              "Parent Relationship": "Outer",
                              "Parallel Aware": true,
                              "Relation Name": "movie_info_idx",
                              "Alias": "mi_idx",
                              "Startup Cost": 0.0,
                              "Total Cost": 13685.15,
                              "Plan Rows": 575015,
                              "Plan Width": 4,
                              "Actual Startup Time": 0.02,
                              "Actual Total Time": 26.878,
                              "Actual Rows": 345009,
                              "Actual Loops": 4
                            },
                            {
                              "Node Type": "Hash",
                              "Parent Relationship": "Inner",
                              "Parallel Aware": true,
                              "Startup Cost": 45479.1,
                              "Total Cost": 45479.1,
                              "Plan Rows": 187695,
                              "Plan Width": 4,
                              "Actual Startup Time": 158.025,
                              "Actual Total Time": 158.026,
                              "Actual Rows": 161889,
                              "Actual Loops": 4,
                              "Hash Buckets": 1048576,
                              "Original Hash Buckets": 1048576,
                              "Hash Batches": 1,
                              "Original Hash Batches": 1,
                              "Peak Memory Usage": 33568,
                              "Plans": [
                                {
                                  "Node Type": "Seq Scan",
                                  "Parent Relationship": "Outer",
                                  "Parallel Aware": true,
                                  "Relation Name": "title",
                                  "Alias": "t",
                                  "Startup Cost": 0.0,
                                  "Total Cost": 45479.1,
                                  "Plan Rows": 187695,
                                  "Plan Width": 4,
                                  "Actual Startup Time": 0.048,
                                  "Actual Total Time": 98.019,
                                  "Actual Rows": 161889,
                                  "Actual Loops": 4,
                                  "Filter": "((kind_id > 1) AND (production_year < 2000))",
                                  "Rows Removed by Filter": 470189
                                }
                              ]
                            }
                          ]
                        }
                      ]
                    }
                  ]
                }
              ]
            }
          ]
        }
      ]
    },
    "Planning Time": 1.297,
    "Triggers": [],
    "Execution Time": 467.988
  }
]