{
  "Plan": {
    "Node Type": "Aggregate",
    "Strategy": "Plain",
    "Partial Mode": "Finalize",
    "Parallel Aware": false,
    "Startup Cost": 137906.71,
    "Total Cost": 137906.72,
    "Plan Rows": 1,
    "Plan Width": 8,
    "Actual Startup Time": 417.821,
    "Actual Total Time": 436.854,
    "Actual Rows": 1,
    "Actual Loops": 1,
    "Plans": [
      {
        "Node Type": "Gather",
        "Parent Relationship": "Outer",
        "Parallel Aware": false,
        "Startup Cost": 137906.6,
        "Total Cost": 137906.71,
        "Plan Rows": 1,
        "Plan Width": 8,
        "Actual Startup Time": 417.621,
        "Actual Total Time": 436.848,
        "Actual Rows": 2,
        "Actual Loops": 1,
        "Workers Planned": 1,
        "Workers Launched": 1,
        "Single Copy": false,
        "Plans": [
          {
            "Node Type": "Aggregate",
            "Strategy": "Plain",
            "Partial Mode": "Partial",
            "Parent Relationship": "Outer",
            "Parallel Aware": false,
            "Startup Cost": 136906.6,
            "Total Cost": 136906.61,
            "Plan Rows": 1,
            "Plan Width": 8,
            "Actual Startup Time": 408.686,
            "Actual Total Time": 408.69,
            "Actual Rows": 1,
            "Actual Loops": 2,
            "Plans": [
              {
                "Node Type": "Nested Loop",
                "Parent Relationship": "Outer",
                "Parallel Aware": false,
                "Join Type": "Inner",
                "Startup Cost": 20797.87,
                "Total Cost": 136807.05,
                "Plan Rows": 39818,
                "Plan Width": 0,
                "Actual Startup Time": 195.338,
                "Actual Total Time": 402.227,
                "Actual Rows": 154672,
                "Actual Loops": 2,
                "Inner Unique": false,
                "Plans": [
                  {
                    "Node Type": "Hash Join",
                    "Parent Relationship": "Outer",
                    "Parallel Aware": true,
                    "Join Type": "Inner",
                    "Startup Cost": 20797.43,
                    "Total Cost": 81153.86,
                    "Plan Rows": 32456,
                    "Plan Width": 8,
                    "Actual Startup Time": 195.268,
                    "Actual Total Time": 287.109,
                    "Actual Rows": 26312,
                    "Actual Loops": 2,
                    "Inner Unique": false,
                    "Hash Cond": "(t.id = mc.movie_id)",
                    "Plans": [
                      {
                        "Node Type": "Seq Scan",
                        "Parent Relationship": "Outer",
                        "Parallel Aware": true,
                        "Relation Name": "title",
                        "Alias": "t",
                        "Startup Cost": 0.0,
                        "Total Cost": 50870.31,
                        "Plan Rows": 1487231,
                        "Plan Width": 4,
                        "Actual Startup Time": 0.009,
                        "Actual Total Time": 114.542,
                        "Actual Rows": 1264156,
                        "Actual Loops": 2
                      },
                      {
                        "Node Type": "Hash",
                        "Parent Relationship": "Inner",
                        "Parallel Aware": true,
                        "Startup Cost": 20391.73,
                        "Total Cost": 20391.73,
                        "Plan Rows": 32456,
                        "Plan Width": 4,
                        "Actual Startup Time": 29.01,
                        "Actual Total Time": 29.012,
                        "Actual Rows": 26312,
                        "Actual Loops": 2,
                        "Hash Buckets": 65536,
                        "Original Hash Buckets": 65536,
                        "Hash Batches": 1,
                        "Original Hash Batches": 1,
                        "Peak Memory Usage": 2624,
                        "Plans": [
                          {
                            "Node Type": "Bitmap Heap Scan",
                            "Parent Relationship": "Outer",
                            "Parallel Aware": true,
                            "Relation Name": "movie_companies",
                            "Alias": "mc",
                            "Startup Cost": 1196.04,
                            "Total Cost": 20391.73,
                            "Plan Rows": 32456,
                            "Plan Width": 4,
                            "Actual Startup Time": 6.71,
                            "Actual Total Time": 20.001,
                            "Actual Rows": 26312,
                            "Actual Loops": 2,
                            "Recheck Cond": "(company_id > 189412)",
                            "Rows Removed by Index Recheck": 0,
                            "Exact Heap Blocks": 1308,
                            "Lossy Heap Blocks": 0,
                            "Plans": [
                              {
                                "Node Type": "Bitmap Index Scan",
                                "Parent Relationship": "Outer",
                                "Parallel Aware": false,
                                "Index Name": "company_id_movie_companies",
                                "Startup Cost": 0.0,
                                "Total Cost": 1182.24,
                                "Plan Rows": 55175,
                                "Plan Width": 0,
                                "Actual Startup Time": 12.611,
                                "Actual Total Time": 12.611,
                                "Actual Rows": 52624,
                                "Actual Loops": 1,
                                "Index Cond": "(company_id > 189412)"
                              }
                            ]
                          }
                        ]
                      }
                    ]
                  },
                  {
                    "Node Type": "Index Scan",
                    "Parent Relationship": "Inner",
                    "Parallel Aware": false,
                    "Scan Direction": "Forward",
                    "Index Name": "movie_id_movie_keyword",
                    "Relation Name": "movie_keyword",
                    "Alias": "mk",
                    "Startup Cost": 0.43,
                    "Total Cost": 1.4,
                    "Plan Rows": 31,
                    "Plan Width": 4,
                    "Actual Startup Time": 0.003,
                    "Actual Total Time": 0.004,
                    "Actual Rows": 6,
                    "Actual Loops": 52624,
                    "Index Cond": "(movie_id = t.id)",
                    "Rows Removed by Index Recheck": 0,
                    "Filter": "(keyword_id < 11694)",
                    "Rows Removed by Filter": 3
                  }
                ]
              }
            ]
          }
        ]
      }
    ]
  },
  "Planning Time": 0.917,
  "Triggers": [],
  "Execution Time": 436.961
}