{
  "Plan": {
    "Node Type": "Aggregate",
    "Strategy": "Plain",
    "Partial Mode": "Finalize",
    "Parallel Aware": false,
    "Startup Cost": 611669.08,
    "Total Cost": 611669.09,
    "Plan Rows": 1,
    "Plan Width": 8,
    "Actual Startup Time": 256.787,
    "Actual Total Time": 287.208,
    "Actual Rows": 1,
    "Actual Loops": 1,
    "Plans": [
      {
        "Node Type": "Gather",
        "Parent Relationship": "Outer",
        "Parallel Aware": false,
        "Startup Cost": 611668.97,
        "Total Cost": 611669.08,
        "Plan Rows": 1,
        "Plan Width": 8,
        "Actual Startup Time": 256.687,
        "Actual Total Time": 287.201,
        "Actual Rows": 2,
        "Actual Loops": 1,
        "Workers Planned": 1,
        "Workers Launched": 1,
        "Single Copy": false,
        "Plans": [
          {
            "Node Type": "Aggregate",
            "Strategy": "Plain",
            "Partial Mode": "Partial",
            "Parent Relationship": "Outer",
            "Parallel Aware": false,
            "Startup Cost": 610668.97,
            "Total Cost": 610668.98,
            "Plan Rows": 1,
            "Plan Width": 8,
            "Actual Startup Time": 250.773,
            "Actual Total Time": 250.774,
            "Actual Rows": 1,
            "Actual Loops": 2,
            "Plans": [
              {
                "Node Type": "Nested Loop",
                "Parent Relationship": "Outer",
                "Parallel Aware": false,
                "Join Type": "Inner",
                "Startup Cost": 0.56,
                "Total Cost": 610522.96,
                "Plan Rows": 58406,
                "Plan Width": 0,
                "Actual Startup Time": 0.506,
                "Actual Total Time": 248.77,
                "Actual Rows": 29840,
                "Actual Loops": 2,
                "Inner Unique": false,
                "Plans": [
                  {
                    "Node Type": "Seq Scan",
                    "Parent Relationship": "Outer",
                    "Parallel Aware": true,
                    "Relation Name": "title",
                    "Alias": "t",
                    "Startup Cost": 0.0,
                    "Total Cost": 58306.47,
                    "Plan Rows": 6217,
                    "Plan Width": 4,
                    "Actual Startup Time": 0.052,
                    "Actual Total Time": 122.482,
                    "Actual Rows": 5197,
                    "Actual Loops": 2,
                    "Filter": "((kind_id > 1) AND (production_year = 1970))",
                    "Rows Removed by Filter": 1258959
                  },
                  {
                    "Node Type": "Index Scan",
                    "Parent Relationship": "Inner",
                    "Parallel Aware": false,
                    "Scan Direction": "Forward",
                    "Index Name": "movie_id_cast_info",
                    "Relation Name": "cast_info",
                    "Alias": "ci",
                    "Startup Cost": 0.56,
                    "Total Cost": 88.58,
                    "Plan Rows": 24,
                    "Plan Width": 4,
                    "Actual Startup Time": 0.016,
                    "Actual Total Time": 0.023,
                    "Actual Rows": 6,
                    "Actual Loops": 10394,
                    "Index Cond": "(movie_id = t.id)",
                    "Rows Removed by Index Recheck": 0,
                    "Filter": "(role_id > 1)",
                    "Rows Removed by Filter": 5
                  }
                ]
              }
            ]
          }
        ]
      }
    ]
  },
  "Planning Time": 0.482,
  "Triggers": [],
  "Execution Time": 287.292
}