[
  {
    "Plan": {
      "Node Type": "Aggregate",
      "Strategy": "Plain",
      "Partial Mode": "Finalize",
      "Parallel Aware": false,
      "Startup Cost": 30881.02,
      "Total Cost": 30881.03,
      "Plan Rows": 1,
      "Plan Width": 8,
      "Actual Startup Time": 93.101,
      "Actual Total Time": 98.534,
      "Actual Rows": 1,
      "Actual Loops": 1,
      "Plans": [
        {
          "Node Type": "Gather",
          "Parent Relationship": "Outer",
          "Parallel Aware": false,
          "Startup Cost": 30880.71,
          "Total Cost": 30881.02,
          "Plan Rows": 3,
          "Plan Width": 8,
          "Actual Startup Time": 93.006,
          "Actual Total Time": 98.524,
          "Actual Rows": 4,
          "Actual Loops": 1,
          "Workers Planned": 3,
          "Workers Launched": 3,
          "Single Copy": false,
          "Plans": [
            {
              "Node Type": "Aggregate",
              "Strategy": "Plain",
              "Partial Mode": "Partial",
              "Parent Relationship": "Outer",
              "Parallel Aware": false,
              "Startup Cost": 29880.71,
              "Total Cost": 29880.72,
              "Plan Rows": 1,
              "Plan Width": 8,
              "Actual Startup Time": 87.496,
              "Actual Total Time": 87.497,
              "Actual Rows": 1,
              "Actual Loops": 4,
              "Plans": [
                {
                  "Node Type": "Seq Scan",
                  "Parent Relationship": "Outer",
                  "Parallel Aware": true,
                  "Relation Name": "movie_companies",
                  "Alias": "mc",
                  "Startup Cost": 0.0,
                  "Total Cost": 29310.68,
                  "Plan Rows": 228010,
                  "Plan Width": 0,
                  "Actual Startup Time": 26.99,
                  "Actual Total Time": 78.217,
                  "Actual Rows": 175128,
                  "Actual Loops": 4,
                  "Filter": "(company_id > 45484)",
                  "Rows Removed by Filter": 477155
                }
              ]
            }
          ]
        }
      ]
    },
    "Planning Time": 0.09,
    "Triggers": [],
    "Execution Time": 98.568
  }
]