[
  {
    "Plan": {
      "Node Type": "Aggregate",
      "Strategy": "Plain",
      "Partial Mode": "Finalize",
      "Parallel Aware": false,
      "Startup Cost": 350858.53,
      "Total Cost": 350858.54,
      "Plan Rows": 1,
      "Plan Width": 8,
      "Actual Startup Time": 865.256,
      "Actual Total Time": 916.731,
      "Actual Rows": 1,
      "Actual Loops": 1,
      "Plans": [
        {
          "Node Type": "Gather",
          "Parent Relationship": "Outer",
          "Parallel Aware": false,
          "Startup Cost": 350857.9,
          "Total Cost": 350858.51,
          "Plan Rows": 6,
          "Plan Width": 8,
          "Actual Startup Time": 865.054,
          "Actual Total Time": 916.7,
          "Actual Rows": 7,
          "Actual Loops": 1,
          "Workers Planned": 6,
          "Workers Launched": 6,
          "Single Copy": false,
          "Plans": [
            {
              "Node Type": "Aggregate",
              "Strategy": "Plain",
              "Partial Mode": "Partial",
              "Parent Relationship": "Outer",
              "Parallel Aware": false,
              "Startup Cost": 349857.9,
              "Total Cost": 349857.91,
              "Plan Rows": 1,
              "Plan Width": 8,
              "Actual Startup Time": 856.573,
              "Actual Total Time": 856.575,
              "Actual Rows": 1,
              "Actual Loops": 7,
              "Plans": [
                {
                  "Node Type": "Seq Scan",
                  "Parent Relationship": "Outer",
                  "Parallel Aware": true,
                  "Relation Name": "cast_info",
                  "Alias": "ci",
                  "Startup Cost": 0.0,
                  "Total Cost": 343316.27,
                  "Plan Rows": 2616652,
                  "Plan Width": 0,
                  "Actual Startup Time": 0.07,
                  "Actual Total Time": 725.169,
                  "Actual Rows": 2543831,
                  "Actual Loops": 7,
                  "Filter": "((person_id < 1876914) AND (role_id < 9))",
                  "Rows Removed by Filter": 2633932
                }
              ]
            }
          ]
        }
      ]
    },
    "Planning Time": 0.189,
    "Triggers": [],
    "Execution Time": 916.793
  }
]