[
    {
        "Bao": {
            "Bao prediction": "NaN",
            "Bao recommended hint": "(no hint)"
        }
    },
    {
        "Plan": {
            "Node Type": "Aggregate",
            "Strategy": "Plain",
            "Partial Mode": "Finalize",
            "Parallel Aware": false,
            "Startup Cost": 297470.92,
            "Total Cost": 297470.93,
            "Plan Rows": 1,
            "Plan Width": 8,
            "Actual Startup Time": 1939.686,
            "Actual Total Time": 1965.939,
            "Actual Rows": 1,
            "Actual Loops": 1,
            "Output": [
                "count(*)"
            ],
            "Plans": [
                {
                    "Node Type": "Gather",
                    "Parent Relationship": "Outer",
                    "Parallel Aware": false,
                    "Startup Cost": 297470.39,
                    "Total Cost": 297470.9,
                    "Plan Rows": 5,
                    "Plan Width": 8,
                    "Actual Startup Time": 1927.367,
                    "Actual Total Time": 1965.929,
                    "Actual Rows": 6,
                    "Actual Loops": 1,
                    "Output": [
                        "(PARTIAL count(*))"
                    ],
                    "Workers Planned": 5,
                    "Workers Launched": 5,
                    "Single Copy": false,
                    "Plans": [
                        {
                            "Node Type": "Aggregate",
                            "Strategy": "Plain",
                            "Partial Mode": "Partial",
                            "Parent Relationship": "Outer",
                            "Parallel Aware": false,
                            "Startup Cost": 296470.39,
                            "Total Cost": 296470.4,
                            "Plan Rows": 1,
                            "Plan Width": 8,
                            "Actual Startup Time": 1915.514,
                            "Actual Total Time": 1916.184,
                            "Actual Rows": 1,
                            "Actual Loops": 6,
                            "Output": [
                                "PARTIAL count(*)"
                            ],
                            "Workers": [
                                {
                                    "Worker Number": 0,
                                    "Actual Startup Time": 1912.75,
                                    "Actual Total Time": 1912.754,
                                    "Actual Rows": 1,
                                    "Actual Loops": 1
                                },
                                {
                                    "Worker Number": 1,
                                    "Actual Startup Time": 1912.75,
                                    "Actual Total Time": 1912.755,
                                    "Actual Rows": 1,
                                    "Actual Loops": 1
                                },
                                {
                                    "Worker Number": 2,
                                    "Actual Startup Time": 1912.815,
                                    "Actual Total Time": 1912.819,
                                    "Actual Rows": 1,
                                    "Actual Loops": 1
                                },
                                {
                                    "Worker Number": 3,
                                    "Actual Startup Time": 1913.09,
                                    "Actual Total Time": 1913.094,
                                    "Actual Rows": 1,
                                    "Actual Loops": 1
                                },
                                {
                                    "Worker Number": 4,
                                    "Actual Startup Time": 1914.944,
                                    "Actual Total Time": 1914.948,
                                    "Actual Rows": 1,
                                    "Actual Loops": 1
                                }
                            ],
                            "Plans": [
                                {
                                    "Node Type": "Hash Join",
                                    "Parent Relationship": "Outer",
                                    "Parallel Aware": true,
                                    "Join Type": "Inner",
                                    "Startup Cost": 85765.97,
                                    "Total Cost": 294282.54,
                                    "Plan Rows": 875141,
                                    "Plan Width": 0,
                                    "Actual Startup Time": 458.51,
                                    "Actual Total Time": 1609.409,
                                    "Actual Rows": 7070691,
                                    "Actual Loops": 6,
                                    "Inner Unique": false,
                                    "Hash Cond": "(mi.movie_id = t.id)",
                                    "Workers": [
                                        {
                                            "Worker Number": 0,
                                            "Actual Startup Time": 456.046,
                                            "Actual Total Time": 1605.446,
                                            "Actual Rows": 7377753,
                                            "Actual Loops": 1
                                        },
                                        {
                                            "Worker Number": 1,
                                            "Actual Startup Time": 456.044,
                                            "Actual Total Time": 1605.945,
                                            "Actual Rows": 7363984,
                                            "Actual Loops": 1
                                        },
                                        {
                                            "Worker Number": 2,
                                            "Actual Startup Time": 456.104,
                                            "Actual Total Time": 1592.555,
                                            "Actual Rows": 4900253,
                                            "Actual Loops": 1
                                        },
                                        {
                                            "Worker Number": 3,
                                            "Actual Startup Time": 456.383,
                                            "Actual Total Time": 1611.923,
                                            "Actual Rows": 7469967,
                                            "Actual Loops": 1
                                        },
                                        {
                                            "Worker Number": 4,
                                            "Actual Startup Time": 456.444,
                                            "Actual Total Time": 1606.366,
                                            "Actual Rows": 7403972,
                                            "Actual Loops": 1
                                        }
                                    ],
                                    "Plans": [
                                        {
                                            "Node Type": "Seq Scan",
                                            "Parent Relationship": "Outer",
                                            "Parallel Aware": true,
                                            "Relation Name": "movie_info",
                                            "Schema": "public",
                                            "Alias": "mi",
                                            "Startup Cost": 0.0,
                                            "Total Cost": 198880.74,
                                            "Plan Rows": 1986127,
                                            "Plan Width": 4,
                                            "Actual Startup Time": 14.35,
                                            "Actual Total Time": 306.356,
                                            "Actual Rows": 1651959,
                                            "Actual Loops": 6,
                                            "Output": [
                                                "mi.id",
                                                "mi.movie_id",
                                                "mi.info_type_id",
                                                "mi.info",
                                                "mi.note"
                                            ],
                                            "Filter": "(mi.info_type_id > 4)",
                                            "Rows Removed by Filter": 820661,
                                            "Workers": [
                                                {
                                                    "Worker Number": 0,
                                                    "Actual Startup Time": 14.35,
                                                    "Actual Total Time": 307.381,
                                                    "Actual Rows": 1711169,
                                                    "Actual Loops": 1
                                                },
                                                {
                                                    "Worker Number": 1,
                                                    "Actual Startup Time": 14.373,
                                                    "Actual Total Time": 309.086,
                                                    "Actual Rows": 1721194,
                                                    "Actual Loops": 1
                                                },
                                                {
                                                    "Worker Number": 2,
                                                    "Actual Startup Time": 14.363,
                                                    "Actual Total Time": 321.327,
                                                    "Actual Rows": 1177955,
                                                    "Actual Loops": 1
                                                },
                                                {
                                                    "Worker Number": 3,
                                                    "Actual Startup Time": 14.299,
                                                    "Actual Total Time": 319.517,
                                                    "Actual Rows": 1725343,
                                                    "Actual Loops": 1
                                                },
                                                {
                                                    "Worker Number": 4,
                                                    "Actual Startup Time": 14.358,
                                                    "Actual Total Time": 307.91,
                                                    "Actual Rows": 1725059,
                                                    "Actual Loops": 1
                                                }
                                            ]
                                        },
                                        {
                                            "Node Type": "Hash",
                                            "Parent Relationship": "Inner",
                                            "Parallel Aware": true,
                                            "Startup Cost": 82284.57,
                                            "Total Cost": 82284.57,
                                            "Plan Rows": 278512,
                                            "Plan Width": 8,
                                            "Actual Startup Time": 439.161,
                                            "Actual Total Time": 439.828,
                                            "Actual Rows": 212374,
                                            "Actual Loops": 6,
                                            "Output": [
                                                "t.id",
                                                "mc.movie_id"
                                            ],
                                            "Hash Buckets": 2097152,
                                            "Original Hash Buckets": 2097152,
                                            "Hash Batches": 1,
                                            "Original Hash Batches": 1,
                                            "Peak Memory Usage": 66304,
                                            "Workers": [
                                                {
                                                    "Worker Number": 0,
                                                    "Actual Startup Time": 440.941,
                                                    "Actual Total Time": 440.944,
                                                    "Actual Rows": 218993,
                                                    "Actual Loops": 1
                                                },
                                                {
                                                    "Worker Number": 1,
                                                    "Actual Startup Time": 440.859,
                                                    "Actual Total Time": 440.862,
                                                    "Actual Rows": 219799,
                                                    "Actual Loops": 1
                                                },
                                                {
                                                    "Worker Number": 2,
                                                    "Actual Startup Time": 440.989,
                                                    "Actual Total Time": 440.992,
                                                    "Actual Rows": 161837,
                                                    "Actual Loops": 1
                                                },
                                                {
                                                    "Worker Number": 3,
                                                    "Actual Startup Time": 441.118,
                                                    "Actual Total Time": 441.122,
                                                    "Actual Rows": 215719,
                                                    "Actual Loops": 1
                                                },
                                                {
                                                    "Worker Number": 4,
                                                    "Actual Startup Time": 441.302,
                                                    "Actual Total Time": 441.305,
                                                    "Actual Rows": 223536,
                                                    "Actual Loops": 1
                                                }
                                            ],
                                            "Plans": [
                                                {
                                                    "Node Type": "Hash Join",
                                                    "Parent Relationship": "Outer",
                                                    "Parallel Aware": true,
                                                    "Join Type": "Inner",
                                                    "Startup Cost": 35906.94,
                                                    "Total Cost": 82284.57,
                                                    "Plan Rows": 278512,
                                                    "Plan Width": 8,
                                                    "Actual Startup Time": 162.39,
                                                    "Actual Total Time": 364.185,
                                                    "Actual Rows": 212374,
                                                    "Actual Loops": 6,
                                                    "Output": [
                                                        "t.id",
                                                        "mc.movie_id"
                                                    ],
                                                    "Inner Unique": false,
                                                    "Hash Cond": "(t.id = mc.movie_id)",
                                                    "Workers": [
                                                        {
                                                            "Worker Number": 0,
                                                            "Actual Startup Time": 162.292,
                                                            "Actual Total Time": 363.5,
                                                            "Actual Rows": 218993,
                                                            "Actual Loops": 1
                                                        },
                                                        {
                                                            "Worker Number": 1,
                                                            "Actual Startup Time": 162.442,
                                                            "Actual Total Time": 363.555,
                                                            "Actual Rows": 219799,
                                                            "Actual Loops": 1
                                                        },
                                                        {
                                                            "Worker Number": 2,
                                                            "Actual Startup Time": 162.459,
                                                            "Actual Total Time": 363.427,
                                                            "Actual Rows": 161837,
                                                            "Actual Loops": 1
                                                        },
                                                        {
                                                            "Worker Number": 3,
                                                            "Actual Startup Time": 162.363,
                                                            "Actual Total Time": 364.711,
                                                            "Actual Rows": 215719,
                                                            "Actual Loops": 1
                                                        },
                                                        {
                                                            "Worker Number": 4,
                                                            "Actual Startup Time": 162.422,
                                                            "Actual Total Time": 363.82,
                                                            "Actual Rows": 223536,
                                                            "Actual Loops": 1
                                                        }
                                                    ],
                                                    "Plans": [
                                                        {
                                                            "Node Type": "Seq Scan",
                                                            "Parent Relationship": "Outer",
                                                            "Parallel Aware": true,
                                                            "Relation Name": "title",
                                                            "Schema": "public",
                                                            "Alias": "t",
                                                            "Startup Cost": 0.0,
                                                            "Total Cost": 42318.81,
                                                            "Plan Rows": 632080,
                                                            "Plan Width": 4,
                                                            "Actual Startup Time": 0.016,
                                                            "Actual Total Time": 53.595,
                                                            "Actual Rows": 421385,
                                                            "Actual Loops": 6,
                                                            "Output": [
                                                                "t.id",
                                                                "t.title",
                                                                "t.imdb_index",
                                                                "t.kind_id",
                                                                "t.production_year",
                                                                "t.imdb_id",
                                                                "t.phonetic_code",
                                                                "t.episode_of_id",
                                                                "t.season_nr",
                                                                "t.episode_nr",
                                                                "t.series_years",
                                                                "t.md5sum"
                                                            ],
                                                            "Workers": [
                                                                {
                                                                    "Worker Number": 0,
                                                                    "Actual Startup Time": 0.015,
                                                                    "Actual Total Time": 54.242,
                                                                    "Actual Rows": 434478,
                                                                    "Actual Loops": 1
                                                                },
                                                                {
                                                                    "Worker Number": 1,
                                                                    "Actual Startup Time": 0.015,
                                                                    "Actual Total Time": 54.497,
                                                                    "Actual Rows": 435542,
                                                                    "Actual Loops": 1
                                                                },
                                                                {
                                                                    "Worker Number": 2,
                                                                    "Actual Startup Time": 0.02,
                                                                    "Actual Total Time": 61.327,
                                                                    "Actual Rows": 316100,
                                                                    "Actual Loops": 1
                                                                },
                                                                {
                                                                    "Worker Number": 3,
                                                                    "Actual Startup Time": 0.015,
                                                                    "Actual Total Time": 55.216,
                                                                    "Actual Rows": 428402,
                                                                    "Actual Loops": 1
                                                                },
                                                                {
                                                                    "Worker Number": 4,
                                                                    "Actual Startup Time": 0.024,
                                                                    "Actual Total Time": 54.676,
                                                                    "Actual Rows": 441900,
                                                                    "Actual Loops": 1
                                                                }
                                                            ]
                                                        },
                                                        {
                                                            "Node Type": "Hash",
                                                            "Parent Relationship": "Inner",
                                                            "Parallel Aware": true,
                                                            "Startup Cost": 31414.82,
                                                            "Total Cost": 31414.82,
                                                            "Plan Rows": 359370,
                                                            "Plan Width": 4,
                                                            "Actual Startup Time": 158.201,
                                                            "Actual Total Time": 158.202,
                                                            "Actual Rows": 212374,
                                                            "Actual Loops": 6,
                                                            "Output": [
                                                                "mc.movie_id"
                                                            ],
                                                            "Hash Buckets": 2097152,
                                                            "Original Hash Buckets": 2097152,
                                                            "Hash Batches": 1,
                                                            "Original Hash Batches": 1,
                                                            "Peak Memory Usage": 66368,
                                                            "Workers": [
                                                                {
                                                                    "Worker Number": 0,
                                                                    "Actual Startup Time": 162.136,
                                                                    "Actual Total Time": 162.137,
                                                                    "Actual Rows": 205842,
                                                                    "Actual Loops": 1
                                                                },
                                                                {
                                                                    "Worker Number": 1,
                                                                    "Actual Startup Time": 162.154,
                                                                    "Actual Total Time": 162.155,
                                                                    "Actual Rows": 201299,
                                                                    "Actual Loops": 1
                                                                },
                                                                {
                                                                    "Worker Number": 2,
                                                                    "Actual Startup Time": 162.131,
                                                                    "Actual Total Time": 162.133,
                                                                    "Actual Rows": 157976,
                                                                    "Actual Loops": 1
                                                                },
                                                                {
                                                                    "Worker Number": 3,
                                                                    "Actual Startup Time": 162.141,
                                                                    "Actual Total Time": 162.143,
                                                                    "Actual Rows": 195559,
                                                                    "Actual Loops": 1
                                                                },
                                                                {
                                                                    "Worker Number": 4,
                                                                    "Actual Startup Time": 162.117,
                                                                    "Actual Total Time": 162.119,
                                                                    "Actual Rows": 210758,
                                                                    "Actual Loops": 1
                                                                }
                                                            ],
                                                            "Plans": [
                                                                {
                                                                    "Node Type": "Seq Scan",
                                                                    "Parent Relationship": "Outer",
                                                                    "Parallel Aware": true,
                                                                    "Relation Name": "movie_companies",
                                                                    "Schema": "public",
                                                                    "Alias": "mc",
                                                                    "Startup Cost": 0.0,
                                                                    "Total Cost": 31414.82,
                                                                    "Plan Rows": 359370,
                                                                    "Plan Width": 4,
                                                                    "Actual Startup Time": 0.086,
                                                                    "Actual Total Time": 62.443,
                                                                    "Actual Rows": 212374,
                                                                    "Actual Loops": 6,
                                                                    "Output": [
                                                                        "mc.movie_id"
                                                                    ],
                                                                    "Filter": "((mc.company_id < 89087) AND (mc.company_type_id < 2))",
                                                                    "Rows Removed by Filter": 222480,
                                                                    "Workers": [
                                                                        {
                                                                            "Worker Number": 0,
                                                                            "Actual Startup Time": 0.121,
                                                                            "Actual Total Time": 62.35,
                                                                            "Actual Rows": 205842,
                                                                            "Actual Loops": 1
                                                                        },
                                                                        {
                                                                            "Worker Number": 1,
                                                                            "Actual Startup Time": 0.1,
                                                                            "Actual Total Time": 62.452,
                                                                            "Actual Rows": 201299,
                                                                            "Actual Loops": 1
                                                                        },
                                                                        {
                                                                            "Worker Number": 2,
                                                                            "Actual Startup Time": 0.084,
                                                                            "Actual Total Time": 64.527,
                                                                            "Actual Rows": 157976,
                                                                            "Actual Loops": 1
                                                                        },
                                                                        {
                                                                            "Worker Number": 3,
                                                                            "Actual Startup Time": 0.124,
                                                                            "Actual Total Time": 63.816,
                                                                            "Actual Rows": 195559,
                                                                            "Actual Loops": 1
                                                                        },
                                                                        {
                                                                            "Worker Number": 4,
                                                                            "Actual Startup Time": 0.068,
                                                                            "Actual Total Time": 62.646,
                                                                            "Actual Rows": 210758,
                                                                            "Actual Loops": 1
                                                                        }
                                                                    ]
                                                                }
                                                            ]
                                                        }
                                                    ]
                                                }
                                            ]
                                        }
                                    ]
                                }
                            ]
                        }
                    ]
                }
            ]
        },
        "Planning Time": 209.907,
        "Triggers": [],
        "Execution Time": 1966.062
    }
]