[
    {
        "Bao": {
            "Bao prediction": "NaN",
            "Bao recommended hint": "(no hint)"
        }
    },
    {
        "Plan": {
            "Node Type": "Aggregate",
            "Strategy": "Plain",
            "Partial Mode": "Finalize",
            "Parallel Aware": false,
            "Startup Cost": 43791.93,
            "Total Cost": 43791.94,
            "Plan Rows": 1,
            "Plan Width": 8,
            "Actual Startup Time": 183.108,
            "Actual Total Time": 190.265,
            "Actual Rows": 1,
            "Actual Loops": 1,
            "Output": [
                "count(*)"
            ],
            "Plans": [
                {
                    "Node Type": "Gather",
                    "Parent Relationship": "Outer",
                    "Parallel Aware": false,
                    "Startup Cost": 43791.61,
                    "Total Cost": 43791.92,
                    "Plan Rows": 3,
                    "Plan Width": 8,
                    "Actual Startup Time": 182.751,
                    "Actual Total Time": 190.255,
                    "Actual Rows": 4,
                    "Actual Loops": 1,
                    "Output": [
                        "(PARTIAL count(*))"
                    ],
                    "Workers Planned": 3,
                    "Workers Launched": 3,
                    "Single Copy": false,
                    "Plans": [
                        {
                            "Node Type": "Aggregate",
                            "Strategy": "Plain",
                            "Partial Mode": "Partial",
                            "Parent Relationship": "Outer",
                            "Parallel Aware": false,
                            "Startup Cost": 42791.61,
                            "Total Cost": 42791.62,
                            "Plan Rows": 1,
                            "Plan Width": 8,
                            "Actual Startup Time": 173.491,
                            "Actual Total Time": 173.493,
                            "Actual Rows": 1,
                            "Actual Loops": 4,
                            "Output": [
                                "PARTIAL count(*)"
                            ],
                            "Workers": [
                                {
                                    "Worker Number": 0,
                                    "Actual Startup Time": 169.788,
                                    "Actual Total Time": 169.79,
                                    "Actual Rows": 1,
                                    "Actual Loops": 1
                                },
                                {
                                    "Worker Number": 1,
                                    "Actual Startup Time": 170.897,
                                    "Actual Total Time": 170.898,
                                    "Actual Rows": 1,
                                    "Actual Loops": 1
                                },
                                {
                                    "Worker Number": 2,
                                    "Actual Startup Time": 170.999,
                                    "Actual Total Time": 171.001,
                                    "Actual Rows": 1,
                                    "Actual Loops": 1
                                }
                            ],
                            "Plans": [
                                {
                                    "Node Type": "Bitmap Heap Scan",
                                    "Parent Relationship": "Outer",
                                    "Parallel Aware": true,
                                    "Relation Name": "movie_keyword",
                                    "Schema": "public",
                                    "Alias": "mk",
                                    "Startup Cost": 14931.65,
                                    "Total Cost": 42223.95,
                                    "Plan Rows": 227064,
                                    "Plan Width": 0,
                                    "Actual Startup Time": 63.447,
                                    "Actual Total Time": 161.422,
                                    "Actual Rows": 172692,
                                    "Actual Loops": 4,
                                    "Recheck Cond": "(mk.keyword_id > 27274)",
                                    "Rows Removed by Index Recheck": 0,
                                    "Exact Heap Blocks": 8154,
                                    "Lossy Heap Blocks": 0,
                                    "Workers": [
                                        {
                                            "Worker Number": 0,
                                            "Actual Startup Time": 59.981,
                                            "Actual Total Time": 159.337,
                                            "Actual Rows": 125258,
                                            "Actual Loops": 1
                                        },
                                        {
                                            "Worker Number": 1,
                                            "Actual Startup Time": 60.937,
                                            "Actual Total Time": 159.53,
                                            "Actual Rows": 135619,
                                            "Actual Loops": 1
                                        },
                                        {
                                            "Worker Number": 2,
                                            "Actual Startup Time": 61.024,
                                            "Actual Total Time": 160.187,
                                            "Actual Rows": 188193,
                                            "Actual Loops": 1
                                        }
                                    ],
                                    "Plans": [
                                        {
                                            "Node Type": "Bitmap Index Scan",
                                            "Parent Relationship": "Outer",
                                            "Parallel Aware": false,
                                            "Index Name": "keyword_id_movie_keyword",
                                            "Startup Cost": 0.0,
                                            "Total Cost": 14755.68,
                                            "Plan Rows": 703899,
                                            "Plan Width": 0,
                                            "Actual Startup Time": 66.213,
                                            "Actual Total Time": 66.214,
                                            "Actual Rows": 690768,
                                            "Actual Loops": 1,
                                            "Index Cond": "(mk.keyword_id > 27274)"
                                        }
                                    ]
                                }
                            ]
                        }
                    ]
                }
            ]
        },
        "Planning Time": 305.439,
        "Triggers": [],
        "Execution Time": 190.36
    }
]