[
  {
    "Plan": {
      "Node Type": "Aggregate",
      "Strategy": "Plain",
      "Partial Mode": "Finalize",
      "Parallel Aware": false,
      "Startup Cost": 347986.49,
      "Total Cost": 347986.5,
      "Plan Rows": 1,
      "Plan Width": 8,
      "Actual Startup Time": 431.311,
      "Actual Total Time": 499.753,
      "Actual Rows": 1,
      "Actual Loops": 1,
      "Plans": [
        {
          "Node Type": "Gather",
          "Parent Relationship": "Outer",
          "Parallel Aware": false,
          "Startup Cost": 347986.07,
          "Total Cost": 347986.48,
          "Plan Rows": 4,
          "Plan Width": 8,
          "Actual Startup Time": 431.137,
          "Actual Total Time": 499.743,
          "Actual Rows": 5,
          "Actual Loops": 1,
          "Workers Planned": 4,
          "Workers Launched": 4,
          "Single Copy": false,
          "Plans": [
            {
              "Node Type": "Aggregate",
              "Strategy": "Plain",
              "Partial Mode": "Partial",
              "Parent Relationship": "Outer",
              "Parallel Aware": false,
              "Startup Cost": 346986.07,
              "Total Cost": 346986.08,
              "Plan Rows": 1,
              "Plan Width": 8,
              "Actual Startup Time": 424.536,
              "Actual Total Time": 424.538,
              "Actual Rows": 1,
              "Actual Loops": 5,
              "Plans": [
                {
                  "Node Type": "Nested Loop",
                  "Parent Relationship": "Outer",
                  "Parallel Aware": false,
                  "Join Type": "Inner",
                  "Startup Cost": 0.56,
                  "Total Cost": 346639.25,
                  "Plan Rows": 138731,
                  "Plan Width": 0,
                  "Actual Startup Time": 0.257,
                  "Actual Total Time": 415.579,
                  "Actual Rows": 109596,
                  "Actual Loops": 5,
                  "Inner Unique": false,
                  "Plans": [
                    {
                      "Node Type": "Seq Scan",
                      "Parent Relationship": "Outer",
                      "Parallel Aware": true,
                      "Relation Name": "title",
                      "Alias": "t",
                      "Startup Cost": 0.0,
                      "Total Cost": 45479.59,
                      "Plan Rows": 9676,
                      "Plan Width": 4,
                      "Actual Startup Time": 0.094,
                      "Actual Total Time": 69.439,
                      "Actual Rows": 6451,
                      "Actual Loops": 5,
                      "Filter": "((kind_id < 7) AND (production_year = 2005))",
                      "Rows Removed by Filter": 499212
                    },
                    {
                      "Node Type": "Index Only Scan",
                      "Parent Relationship": "Inner",
                      "Parallel Aware": false,
                      "Scan Direction": "Forward",
                      "Index Name": "movie_id_cast_info",
                      "Relation Name": "cast_info",
                      "Alias": "ci",
                      "Startup Cost": 0.56,
                      "Total Cost": 30.77,
                      "Plan Rows": 35,
                      "Plan Width": 4,
                      "Actual Startup Time": 0.012,
                      "Actual Total Time": 0.051,
                      "Actual Rows": 17,
                      "Actual Loops": 32253,
                      "Index Cond": "(movie_id = t.id)",
                      "Rows Removed by Index Recheck": 0,
                      "Heap Fetches": 547979
                    }
                  ]
                }
              ]
            }
          ]
        }
      ]
    },
    "Planning Time": 0.66,
    "Triggers": [],
    "Execution Time": 499.851
  }
]