{
  "Plan": {
    "Node Type": "Aggregate",
    "Strategy": "Plain",
    "Partial Mode": "Finalize",
    "Parallel Aware": false,
    "Startup Cost": 254538.23,
    "Total Cost": 254538.24,
    "Plan Rows": 1,
    "Plan Width": 8,
    "Actual Startup Time": 699.869,
    "Actual Total Time": 711.456,
    "Actual Rows": 1,
    "Actual Loops": 1,
    "Plans": [
      {
        "Node Type": "Gather",
        "Parent Relationship": "Outer",
        "Parallel Aware": false,
        "Startup Cost": 254538.12,
        "Total Cost": 254538.23,
        "Plan Rows": 1,
        "Plan Width": 8,
        "Actual Startup Time": 697.379,
        "Actual Total Time": 711.447,
        "Actual Rows": 2,
        "Actual Loops": 1,
        "Workers Planned": 1,
        "Workers Launched": 1,
        "Single Copy": false,
        "Plans": [
          {
            "Node Type": "Aggregate",
            "Strategy": "Plain",
            "Partial Mode": "Partial",
            "Parent Relationship": "Outer",
            "Parallel Aware": false,
            "Startup Cost": 253538.12,
            "Total Cost": 253538.13,
            "Plan Rows": 1,
            "Plan Width": 8,
            "Actual Startup Time": 691.365,
            "Actual Total Time": 691.649,
            "Actual Rows": 1,
            "Actual Loops": 2,
            "Plans": [
              {
                "Node Type": "Hash Join",
                "Parent Relationship": "Outer",
                "Parallel Aware": true,
                "Join Type": "Inner",
                "Startup Cost": 106813.05,
                "Total Cost": 253510.7,
                "Plan Rows": 10966,
                "Plan Width": 0,
                "Actual Startup Time": 668.948,
                "Actual Total Time": 690.827,
                "Actual Rows": 18612,
                "Actual Loops": 2,
                "Inner Unique": false,
                "Hash Cond": "(ci.movie_id = t.id)",
                "Plans": [
                  {
                    "Node Type": "Index Scan",
                    "Parent Relationship": "Outer",
                    "Parallel Aware": true,
                    "Scan Direction": "Forward",
                    "Index Name": "person_id_cast_info",
                    "Relation Name": "cast_info",
                    "Alias": "ci",
                    "Startup Cost": 0.56,
                    "Total Cost": 146457.59,
                    "Plan Rows": 46964,
                    "Plan Width": 4,
                    "Actual Startup Time": 0.042,
                    "Actual Total Time": 7.285,
                    "Actual Rows": 42218,
                    "Actual Loops": 2,
                    "Index Cond": "(person_id < 9664)",
                    "Rows Removed by Index Recheck": 0
                  },
                  {
                    "Node Type": "Hash",
                    "Parent Relationship": "Inner",
                    "Parallel Aware": true,
                    "Startup Cost": 102471.63,
                    "Total Cost": 102471.63,
                    "Plan Rows": 347268,
                    "Plan Width": 8,
                    "Actual Startup Time": 660.231,
                    "Actual Total Time": 660.514,
                    "Actual Rows": 301770,
                    "Actual Loops": 2,
                    "Hash Buckets": 1048576,
                    "Original Hash Buckets": 1048576,
                    "Hash Batches": 1,
                    "Original Hash Batches": 1,
                    "Peak Memory Usage": 31840,
                    "Plans": [
                      {
                        "Node Type": "Hash Join",
                        "Parent Relationship": "Outer",
                        "Parallel Aware": true,
                        "Join Type": "Inner",
                        "Startup Cost": 40263.38,
                        "Total Cost": 102471.63,
                        "Plan Rows": 347268,
                        "Plan Width": 8,
                        "Actual Startup Time": 159.212,
                        "Actual Total Time": 578.272,
                        "Actual Rows": 301770,
                        "Actual Loops": 2,
                        "Inner Unique": false,
                        "Hash Cond": "(t.id = mc.movie_id)",
                        "Plans": [
                          {
                            "Node Type": "Seq Scan",
                            "Parent Relationship": "Outer",
                            "Parallel Aware": true,
                            "Relation Name": "title",
                            "Alias": "t",
                            "Startup Cost": 0.0,
                            "Total Cost": 50870.31,
                            "Plan Rows": 1487231,
                            "Plan Width": 4,
                            "Actual Startup Time": 0.009,
                            "Actual Total Time": 114.057,
                            "Actual Rows": 1264156,
                            "Actual Loops": 2
                          },
                          {
                            "Node Type": "Hash",
                            "Parent Relationship": "Inner",
                            "Parallel Aware": true,
                            "Startup Cost": 35922.53,
                            "Total Cost": 35922.53,
                            "Plan Rows": 347268,
                            "Plan Width": 4,
                            "Actual Startup Time": 153.815,
                            "Actual Total Time": 153.817,
                            "Actual Rows": 301770,
                            "Actual Loops": 2,
                            "Hash Buckets": 1048576,
                            "Original Hash Buckets": 1048576,
                            "Hash Batches": 1,
                            "Original Hash Batches": 1,
                            "Peak Memory Usage": 31840,
                            "Plans": [
                              {
                                "Node Type": "Bitmap Heap Scan",
                                "Parent Relationship": "Outer",
                                "Parallel Aware": true,
                                "Relation Name": "movie_companies",
                                "Alias": "mc",
                                "Startup Cost": 12791.68,
                                "Total Cost": 35922.53,
                                "Plan Rows": 347268,
                                "Plan Width": 4,
                                "Actual Startup Time": 33.795,
                                "Actual Total Time": 84.48,
                                "Actual Rows": 301770,
                                "Actual Loops": 2,
                                "Recheck Cond": "(company_id > 66583)",
                                "Rows Removed by Index Recheck": 0,
                                "Exact Heap Blocks": 5196,
                                "Lossy Heap Blocks": 0,
                                "Plans": [
                                  {
                                    "Node Type": "Bitmap Index Scan",
                                    "Parent Relationship": "Outer",
                                    "Parallel Aware": false,
                                    "Index Name": "company_id_movie_companies",
                                    "Startup Cost": 0.0,
                                    "Total Cost": 12644.09,
                                    "Plan Rows": 590355,
                                    "Plan Width": 0,
                                    "Actual Startup Time": 32.487,
                                    "Actual Total Time": 32.487,
                                    "Actual Rows": 603541,
                                    "Actual Loops": 1,
                                    "Index Cond": "(company_id > 66583)"
                                  }
                                ]
                              }
                            ]
                          }
                        ]
                      }
                    ]
                  }
                ]
              }
            ]
          }
        ]
      }
    ]
  },
  "Planning Time": 1.896,
  "Triggers": [],
  "Execution Time": 711.564
}