[
  {
    "Plan": {
      "Node Type": "Aggregate",
      "Strategy": "Plain",
      "Partial Mode": "Finalize",
      "Parallel Aware": false,
      "Startup Cost": 32236.32,
      "Total Cost": 32236.33,
      "Plan Rows": 1,
      "Plan Width": 8,
      "Actual Startup Time": 121.374,
      "Actual Total Time": 129.173,
      "Actual Rows": 1,
      "Actual Loops": 1,
      "Plans": [
        {
          "Node Type": "Gather",
          "Parent Relationship": "Outer",
          "Parallel Aware": false,
          "Startup Cost": 32236.0,
          "Total Cost": 32236.31,
          "Plan Rows": 3,
          "Plan Width": 8,
          "Actual Startup Time": 121.242,
          "Actual Total Time": 129.165,
          "Actual Rows": 4,
          "Actual Loops": 1,
          "Workers Planned": 3,
          "Workers Launched": 3,
          "Single Copy": false,
          "Plans": [
            {
              "Node Type": "Aggregate",
              "Strategy": "Plain",
              "Partial Mode": "Partial",
              "Parent Relationship": "Outer",
              "Parallel Aware": false,
              "Startup Cost": 31236.0,
              "Total Cost": 31236.01,
              "Plan Rows": 1,
              "Plan Width": 8,
              "Actual Startup Time": 114.683,
              "Actual Total Time": 114.684,
              "Actual Rows": 1,
              "Actual Loops": 4,
              "Plans": [
                {
                  "Node Type": "Seq Scan",
                  "Parent Relationship": "Outer",
                  "Parallel Aware": true,
                  "Relation Name": "movie_companies",
                  "Alias": "mc",
                  "Startup Cost": 0.0,
                  "Total Cost": 29310.68,
                  "Plan Rows": 770128,
                  "Plan Width": 0,
                  "Actual Startup Time": 0.04,
                  "Actual Total Time": 85.516,
                  "Actual Rows": 597549,
                  "Actual Loops": 4,
                  "Filter": "(company_id < 108256)",
                  "Rows Removed by Filter": 54733
                }
              ]
            }
          ]
        }
      ]
    },
    "Planning Time": 0.191,
    "Triggers": [],
    "Execution Time": 129.231
  }
]