{
  "Plan": {
    "Node Type": "Aggregate",
    "Strategy": "Plain",
    "Partial Mode": "Finalize",
    "Parallel Aware": false,
    "Startup Cost": 202158.24,
    "Total Cost": 202158.25,
    "Plan Rows": 1,
    "Plan Width": 8,
    "Actual Startup Time": 502.693,
    "Actual Total Time": 524.15,
    "Actual Rows": 1,
    "Actual Loops": 1,
    "Plans": [
      {
        "Node Type": "Gather",
        "Parent Relationship": "Outer",
        "Parallel Aware": false,
        "Startup Cost": 202158.13,
        "Total Cost": 202158.24,
        "Plan Rows": 1,
        "Plan Width": 8,
        "Actual Startup Time": 502.546,
        "Actual Total Time": 524.142,
        "Actual Rows": 2,
        "Actual Loops": 1,
        "Workers Planned": 1,
        "Workers Launched": 1,
        "Single Copy": false,
        "Plans": [
          {
            "Node Type": "Aggregate",
            "Strategy": "Plain",
            "Partial Mode": "Partial",
            "Parent Relationship": "Outer",
            "Parallel Aware": false,
            "Startup Cost": 201158.13,
            "Total Cost": 201158.14,
            "Plan Rows": 1,
            "Plan Width": 8,
            "Actual Startup Time": 497.859,
            "Actual Total Time": 497.863,
            "Actual Rows": 1,
            "Actual Loops": 2,
            "Plans": [
              {
                "Node Type": "Hash Join",
                "Parent Relationship": "Outer",
                "Parallel Aware": true,
                "Join Type": "Inner",
                "Startup Cost": 54619.32,
                "Total Cost": 201149.36,
                "Plan Rows": 3506,
                "Plan Width": 0,
                "Actual Startup Time": 146.567,
                "Actual Total Time": 497.833,
                "Actual Rows": 173,
                "Actual Loops": 2,
                "Inner Unique": true,
                "Hash Cond": "(ci.movie_id = t.id)",
                "Plans": [
                  {
                    "Node Type": "Index Scan",
                    "Parent Relationship": "Outer",
                    "Parallel Aware": true,
                    "Scan Direction": "Forward",
                    "Index Name": "role_id_cast_info",
                    "Relation Name": "cast_info",
                    "Alias": "ci",
                    "Startup Cost": 0.56,
                    "Total Cost": 140896.75,
                    "Plan Rows": 2146226,
                    "Plan Width": 4,
                    "Actual Startup Time": 0.087,
                    "Actual Total Time": 299.345,
                    "Actual Rows": 846394,
                    "Actual Loops": 2,
                    "Index Cond": "(role_id = 10)",
                    "Rows Removed by Index Recheck": 0,
                    "Filter": "(person_id < 3055898)",
                    "Rows Removed by Filter": 1315116
                  },
                  {
                    "Node Type": "Hash",
                    "Parent Relationship": "Inner",
                    "Parallel Aware": true,
                    "Startup Cost": 54588.39,
                    "Total Cost": 54588.39,
                    "Plan Rows": 2429,
                    "Plan Width": 4,
                    "Actual Startup Time": 129.401,
                    "Actual Total Time": 129.402,
                    "Actual Rows": 1890,
                    "Actual Loops": 2,
                    "Hash Buckets": 8192,
                    "Original Hash Buckets": 8192,
                    "Hash Batches": 1,
                    "Original Hash Batches": 1,
                    "Peak Memory Usage": 256,
                    "Plans": [
                      {
                        "Node Type": "Seq Scan",
                        "Parent Relationship": "Outer",
                        "Parallel Aware": true,
                        "Relation Name": "title",
                        "Alias": "t",
                        "Startup Cost": 0.0,
                        "Total Cost": 54588.39,
                        "Plan Rows": 2429,
                        "Plan Width": 4,
                        "Actual Startup Time": 87.968,
                        "Actual Total Time": 128.687,
                        "Actual Rows": 1890,
                        "Actual Loops": 2,
                        "Filter": "(production_year = 1918)",
                        "Rows Removed by Filter": 1262266
                      }
                    ]
                  }
                ]
              }
            ]
          }
        ]
      }
    ]
  },
  "Planning Time": 0.628,
  "Triggers": [],
  "Execution Time": 524.214
}