{
  "Plan": {
    "Node Type": "Aggregate",
    "Strategy": "Plain",
    "Partial Mode": "Finalize",
    "Parallel Aware": false,
    "Startup Cost": 128052.78,
    "Total Cost": 128052.79,
    "Plan Rows": 1,
    "Plan Width": 8,
    "Actual Startup Time": 748.111,
    "Actual Total Time": 761.173,
    "Actual Rows": 1,
    "Actual Loops": 1,
    "Plans": [
      {
        "Node Type": "Gather",
        "Parent Relationship": "Outer",
        "Parallel Aware": false,
        "Startup Cost": 128052.67,
        "Total Cost": 128052.78,
        "Plan Rows": 1,
        "Plan Width": 8,
        "Actual Startup Time": 746.285,
        "Actual Total Time": 761.166,
        "Actual Rows": 2,
        "Actual Loops": 1,
        "Workers Planned": 1,
        "Workers Launched": 1,
        "Single Copy": false,
        "Plans": [
          {
            "Node Type": "Aggregate",
            "Strategy": "Plain",
            "Partial Mode": "Partial",
            "Parent Relationship": "Outer",
            "Parallel Aware": false,
            "Startup Cost": 127052.67,
            "Total Cost": 127052.68,
            "Plan Rows": 1,
            "Plan Width": 8,
            "Actual Startup Time": 738.506,
            "Actual Total Time": 738.51,
            "Actual Rows": 1,
            "Actual Loops": 2,
            "Plans": [
              {
                "Node Type": "Hash Join",
                "Parent Relationship": "Outer",
                "Parallel Aware": true,
                "Join Type": "Inner",
                "Startup Cost": 62449.63,
                "Total Cost": 125076.0,
                "Plan Rows": 790667,
                "Plan Width": 0,
                "Actual Startup Time": 323.803,
                "Actual Total Time": 702.771,
                "Actual Rows": 882140,
                "Actual Loops": 2,
                "Inner Unique": true,
                "Hash Cond": "(mk.movie_id = t.id)",
                "Plans": [
                  {
                    "Node Type": "Seq Scan",
                    "Parent Relationship": "Outer",
                    "Parallel Aware": true,
                    "Relation Name": "movie_keyword",
                    "Alias": "mk",
                    "Startup Cost": 0.0,
                    "Total Cost": 57718.19,
                    "Plan Rows": 1869781,
                    "Plan Width": 4,
                    "Actual Startup Time": 0.137,
                    "Actual Total Time": 187.432,
                    "Actual Rows": 1581584,
                    "Actual Loops": 2,
                    "Filter": "(keyword_id > 1772)",
                    "Rows Removed by Filter": 680380
                  },
                  {
                    "Node Type": "Hash",
                    "Parent Relationship": "Inner",
                    "Parallel Aware": true,
                    "Startup Cost": 54588.39,
                    "Total Cost": 54588.39,
                    "Plan Rows": 628899,
                    "Plan Width": 4,
                    "Actual Startup Time": 309.177,
                    "Actual Total Time": 309.178,
                    "Actual Rows": 537382,
                    "Actual Loops": 2,
                    "Hash Buckets": 2097152,
                    "Original Hash Buckets": 2097152,
                    "Hash Batches": 1,
                    "Original Hash Batches": 1,
                    "Peak Memory Usage": 58464,
                    "Plans": [
                      {
                        "Node Type": "Seq Scan",
                        "Parent Relationship": "Outer",
                        "Parallel Aware": true,
                        "Relation Name": "title",
                        "Alias": "t",
                        "Startup Cost": 0.0,
                        "Total Cost": 54588.39,
                        "Plan Rows": 628899,
                        "Plan Width": 4,
                        "Actual Startup Time": 0.022,
                        "Actual Total Time": 155.002,
                        "Actual Rows": 537382,
                        "Actual Loops": 2,
                        "Filter": "(production_year < 2001)",
                        "Rows Removed by Filter": 726774
                      }
                    ]
                  }
                ]
              }
            ]
          }
        ]
      }
    ]
  },
  "Planning Time": 0.609,
  "Triggers": [],
  "Execution Time": 761.238
}