[
  {
    "Plan": {
      "Node Type": "Aggregate",
      "Strategy": "Plain",
      "Partial Mode": "Finalize",
      "Parallel Aware": false,
      "Startup Cost": 123891.51,
      "Total Cost": 123891.52,
      "Plan Rows": 1,
      "Plan Width": 8,
      "Actual Startup Time": 824.368,
      "Actual Total Time": 846.196,
      "Actual Rows": 1,
      "Actual Loops": 1,
      "Plans": [
        {
          "Node Type": "Gather",
          "Parent Relationship": "Outer",
          "Parallel Aware": false,
          "Startup Cost": 123891.19,
          "Total Cost": 123891.5,
          "Plan Rows": 3,
          "Plan Width": 8,
          "Actual Startup Time": 813.053,
          "Actual Total Time": 846.185,
          "Actual Rows": 4,
          "Actual Loops": 1,
          "Workers Planned": 3,
          "Workers Launched": 3,
          "Single Copy": false,
          "Plans": [
            {
              "Node Type": "Aggregate",
              "Strategy": "Plain",
              "Partial Mode": "Partial",
              "Parent Relationship": "Outer",
              "Parallel Aware": false,
              "Startup Cost": 122891.19,
              "Total Cost": 122891.2,
              "Plan Rows": 1,
              "Plan Width": 8,
              "Actual Startup Time": 805.751,
              "Actual Total Time": 805.874,
              "Actual Rows": 1,
              "Actual Loops": 4,
              "Plans": [
                {
                  "Node Type": "Hash Join",
                  "Parent Relationship": "Outer",
                  "Parallel Aware": true,
                  "Join Type": "Inner",
                  "Startup Cost": 91466.01,
                  "Total Cost": 122427.31,
                  "Plan Rows": 185550,
                  "Plan Width": 0,
                  "Actual Startup Time": 544.348,
                  "Actual Total Time": 760.602,
                  "Actual Rows": 1123642,
                  "Actual Loops": 4,
                  "Inner Unique": false,
                  "Hash Cond": "(mc.movie_id = t.id)",
                  "Plans": [
                    {
                      "Node Type": "Seq Scan",
                      "Parent Relationship": "Outer",
                      "Parallel Aware": true,
                      "Relation Name": "movie_companies",
                      "Alias": "mc",
                      "Startup Cost": 0.0,
                      "Total Cost": 27206.55,
                      "Plan Rows": 841655,
                      "Plan Width": 4,
                      "Actual Startup Time": 0.014,
                      "Actual Total Time": 54.602,
                      "Actual Rows": 652282,
                      "Actual Loops": 4
                    },
                    {
                      "Node Type": "Hash",
                      "Parent Relationship": "Inner",
                      "Parallel Aware": true,
                      "Startup Cost": 89218.39,
                      "Total Cost": 89218.39,
                      "Plan Rows": 179810,
                      "Plan Width": 8,
                      "Actual Startup Time": 532.323,
                      "Actual Total Time": 532.445,
                      "Actual Rows": 138983,
                      "Actual Loops": 4,
                      "Hash Buckets": 1048576,
                      "Original Hash Buckets": 1048576,
                      "Hash Batches": 1,
                      "Original Hash Batches": 1,
                      "Peak Memory Usage": 29984,
                      "Plans": [
                        {
                          "Node Type": "Hash Join",
                          "Parent Relationship": "Outer",
                          "Parallel Aware": true,
                          "Join Type": "Inner",
                          "Startup Cost": 62044.76,
                          "Total Cost": 89218.39,
                          "Plan Rows": 179810,
                          "Plan Width": 8,
                          "Actual Startup Time": 389.694,
                          "Actual Total Time": 489.46,
                          "Actual Rows": 138983,
                          "Actual Loops": 4,
                          "Inner Unique": true,
                          "Hash Cond": "(mk.movie_id = t.id)",
                          "Plans": [
                            {
                              "Node Type": "Bitmap Heap Scan",
                              "Parent Relationship": "Outer",
                              "Parallel Aware": true,
                              "Relation Name": "movie_keyword",
                              "Alias": "mk",
                              "Startup Cost": 11824.38,
                              "Total Cost": 38526.0,
                              "Plan Rows": 179810,
                              "Plan Width": 4,
                              "Actual Startup Time": 39.163,
                              "Actual Total Time": 90.885,
                              "Actual Rows": 138983,
                              "Actual Loops": 4,
                              "Recheck Cond": "(keyword_id > 33039)",
                              "Rows Removed by Index Recheck": 0,
                              "Exact Heap Blocks": 6412,
                              "Lossy Heap Blocks": 0,
                              "Plans": [
                                {
                                  "Node Type": "Bitmap Index Scan",
                                  "Parent Relationship": "Outer",
                                  "Parallel Aware": false,
                                  "Index Name": "keyword_id_movie_keyword",
                                  "Startup Cost": 0.0,
                                  "Total Cost": 11685.02,
                                  "Plan Rows": 557412,
                                  "Plan Width": 0,
                                  "Actual Startup Time": 35.691,
                                  "Actual Total Time": 35.692,
                                  "Actual Rows": 555933,
                                  "Actual Loops": 1,
                                  "Index Cond": "(keyword_id > 33039)"
                                }
                              ]
                            },
                            {
                              "Node Type": "Hash",
                              "Parent Relationship": "Inner",
                              "Parallel Aware": true,
                              "Startup Cost": 42319.06,
                              "Total Cost": 42319.06,
                              "Plan Rows": 632106,
                              "Plan Width": 4,
                              "Actual Startup Time": 342.526,
                              "Actual Total Time": 342.527,
                              "Actual Rows": 632078,
                              "Actual Loops": 4,
                              "Hash Buckets": 4194304,
                              "Original Hash Buckets": 4194304,
                              "Hash Batches": 1,
                              "Original Hash Batches": 1,
                              "Peak Memory Usage": 131744,
                              "Plans": [
                                {
                                  "Node Type": "Seq Scan",
                                  "Parent Relationship": "Outer",
                                  "Parallel Aware": true,
                                  "Relation Name": "title",
                                  "Alias": "t",
                                  "Startup Cost": 0.0,
                                  "Total Cost": 42319.06,
                                  "Plan Rows": 632106,
                                  "Plan Width": 4,
                                  "Actual Startup Time": 0.054,
                                  "Actual Total Time": 95.21,
                                  "Actual Rows": 632078,
                                  "Actual Loops": 4
                                }
                              ]
                            }
                          ]
                        }
                      ]
                    }
                  ]
                }
              ]
            }
          ]
        }
      ]
    },
    "Planning Time": 0.999,
    "Triggers": [],
    "Execution Time": 846.276
  }
]