{
    "Plan": {
        "Node Type": "Aggregate",
        "Strategy": "Plain",
        "Partial Mode": "Finalize",
        "Parallel Aware": false,
        "Startup Cost": 275041.82,
        "Total Cost": 275041.83,
        "Plan Rows": 1,
        "Plan Width": 8,
        "Actual Startup Time": 538.232,
        "Actual Total Time": 593.13,
        "Actual Rows": 1,
        "Actual Loops": 1,
        "Output": [
            "count(*)"
        ],
        "Plans": [
            {
                "Node Type": "Gather",
                "Parent Relationship": "Outer",
                "Parallel Aware": false,
                "Startup Cost": 275041.3,
                "Total Cost": 275041.81,
                "Plan Rows": 5,
                "Plan Width": 8,
                "Actual Startup Time": 534.309,
                "Actual Total Time": 593.118,
                "Actual Rows": 6,
                "Actual Loops": 1,
                "Output": [
                    "(PARTIAL count(*))"
                ],
                "Workers Planned": 5,
                "Workers Launched": 5,
                "Single Copy": false,
                "Plans": [
                    {
                        "Node Type": "Aggregate",
                        "Strategy": "Plain",
                        "Partial Mode": "Partial",
                        "Parent Relationship": "Outer",
                        "Parallel Aware": false,
                        "Startup Cost": 274041.3,
                        "Total Cost": 274041.31,
                        "Plan Rows": 1,
                        "Plan Width": 8,
                        "Actual Startup Time": 519.798,
                        "Actual Total Time": 519.804,
                        "Actual Rows": 1,
                        "Actual Loops": 6,
                        "Output": [
                            "PARTIAL count(*)"
                        ],
                        "Workers": [
                            {
                                "Worker Number": 0,
                                "Actual Startup Time": 516.677,
                                "Actual Total Time": 516.681,
                                "Actual Rows": 1,
                                "Actual Loops": 1
                            },
                            {
                                "Worker Number": 1,
                                "Actual Startup Time": 516.714,
                                "Actual Total Time": 516.718,
                                "Actual Rows": 1,
                                "Actual Loops": 1
                            },
                            {
                                "Worker Number": 2,
                                "Actual Startup Time": 518.39,
                                "Actual Total Time": 518.395,
                                "Actual Rows": 1,
                                "Actual Loops": 1
                            },
                            {
                                "Worker Number": 3,
                                "Actual Startup Time": 516.723,
                                "Actual Total Time": 516.727,
                                "Actual Rows": 1,
                                "Actual Loops": 1
                            },
                            {
                                "Worker Number": 4,
                                "Actual Startup Time": 516.87,
                                "Actual Total Time": 516.875,
                                "Actual Rows": 1,
                                "Actual Loops": 1
                            }
                        ],
                        "Plans": [
                            {
                                "Node Type": "Nested Loop",
                                "Parent Relationship": "Outer",
                                "Parallel Aware": false,
                                "Join Type": "Inner",
                                "Startup Cost": 48781.53,
                                "Total Cost": 273989.88,
                                "Plan Rows": 20568,
                                "Plan Width": 0,
                                "Actual Startup Time": 390.345,
                                "Actual Total Time": 519.088,
                                "Actual Rows": 10711,
                                "Actual Loops": 6,
                                "Inner Unique": false,
                                "Workers": [
                                    {
                                        "Worker Number": 0,
                                        "Actual Startup Time": 387.401,
                                        "Actual Total Time": 516.001,
                                        "Actual Rows": 12485,
                                        "Actual Loops": 1
                                    },
                                    {
                                        "Worker Number": 1,
                                        "Actual Startup Time": 387.516,
                                        "Actual Total Time": 516.09,
                                        "Actual Rows": 11000,
                                        "Actual Loops": 1
                                    },
                                    {
                                        "Worker Number": 2,
                                        "Actual Startup Time": 387.773,
                                        "Actual Total Time": 517.613,
                                        "Actual Rows": 5950,
                                        "Actual Loops": 1
                                    },
                                    {
                                        "Worker Number": 3,
                                        "Actual Startup Time": 387.514,
                                        "Actual Total Time": 516.079,
                                        "Actual Rows": 11752,
                                        "Actual Loops": 1
                                    },
                                    {
                                        "Worker Number": 4,
                                        "Actual Startup Time": 387.679,
                                        "Actual Total Time": 516.101,
                                        "Actual Rows": 8899,
                                        "Actual Loops": 1
                                    }
                                ],
                                "Plans": [
                                    {
                                        "Node Type": "Hash Join",
                                        "Parent Relationship": "Outer",
                                        "Parallel Aware": true,
                                        "Join Type": "Inner",
                                        "Startup Cost": 48781.1,
                                        "Total Cost": 247907.39,
                                        "Plan Rows": 39094,
                                        "Plan Width": 8,
                                        "Actual Startup Time": 390.219,
                                        "Actual Total Time": 491.565,
                                        "Actual Rows": 7488,
                                        "Actual Loops": 6,
                                        "Output": [
                                            "t.id",
                                            "mi.movie_id"
                                        ],
                                        "Inner Unique": true,
                                        "Hash Cond": "(mi.movie_id = t.id)",
                                        "Workers": [
                                            {
                                                "Worker Number": 0,
                                                "Actual Startup Time": 387.324,
                                                "Actual Total Time": 488.176,
                                                "Actual Rows": 8469,
                                                "Actual Loops": 1
                                            },
                                            {
                                                "Worker Number": 1,
                                                "Actual Startup Time": 387.357,
                                                "Actual Total Time": 488.64,
                                                "Actual Rows": 8077,
                                                "Actual Loops": 1
                                            },
                                            {
                                                "Worker Number": 2,
                                                "Actual Startup Time": 387.672,
                                                "Actual Total Time": 490.835,
                                                "Actual Rows": 3965,
                                                "Actual Loops": 1
                                            },
                                            {
                                                "Worker Number": 3,
                                                "Actual Startup Time": 387.398,
                                                "Actual Total Time": 488.487,
                                                "Actual Rows": 8620,
                                                "Actual Loops": 1
                                            },
                                            {
                                                "Worker Number": 4,
                                                "Actual Startup Time": 387.527,
                                                "Actual Total Time": 488.073,
                                                "Actual Rows": 5633,
                                                "Actual Loops": 1
                                            }
                                        ],
                                        "Plans": [
                                            {
                                                "Node Type": "Seq Scan",
                                                "Parent Relationship": "Outer",
                                                "Parallel Aware": true,
                                                "Relation Name": "movie_info",
                                                "Schema": "public",
                                                "Alias": "mi",
                                                "Startup Cost": 0.0,
                                                "Total Cost": 198880.74,
                                                "Plan Rows": 93547,
                                                "Plan Width": 4,
                                                "Actual Startup Time": 210.051,
                                                "Actual Total Time": 290.863,
                                                "Actual Rows": 81092,
                                                "Actual Loops": 6,
                                                "Output": [
                                                    "mi.id",
                                                    "mi.movie_id",
                                                    "mi.info_type_id",
                                                    "mi.info",
                                                    "mi.note"
                                                ],
                                                "Filter": "(mi.info_type_id = 5)",
                                                "Rows Removed by Filter": 2391528,
                                                "Workers": [
                                                    {
                                                        "Worker Number": 0,
                                                        "Actual Startup Time": 210.013,
                                                        "Actual Total Time": 290.933,
                                                        "Actual Rows": 93102,
                                                        "Actual Loops": 1
                                                    },
                                                    {
                                                        "Worker Number": 1,
                                                        "Actual Startup Time": 210.018,
                                                        "Actual Total Time": 290.919,
                                                        "Actual Rows": 79566,
                                                        "Actual Loops": 1
                                                    },
                                                    {
                                                        "Worker Number": 2,
                                                        "Actual Startup Time": 210.203,
                                                        "Actual Total Time": 291.608,
                                                        "Actual Rows": 56907,
                                                        "Actual Loops": 1
                                                    },
                                                    {
                                                        "Worker Number": 3,
                                                        "Actual Startup Time": 210.029,
                                                        "Actual Total Time": 291.005,
                                                        "Actual Rows": 92344,
                                                        "Actual Loops": 1
                                                    },
                                                    {
                                                        "Worker Number": 4,
                                                        "Actual Startup Time": 210.029,
                                                        "Actual Total Time": 291.342,
                                                        "Actual Rows": 59053,
                                                        "Actual Loops": 1
                                                    }
                                                ]
                                            },
                                            {
                                                "Node Type": "Hash",
                                                "Parent Relationship": "Inner",
                                                "Parallel Aware": true,
                                                "Startup Cost": 45479.21,
                                                "Total Cost": 45479.21,
                                                "Plan Rows": 264151,
                                                "Plan Width": 4,
                                                "Actual Startup Time": 174.918,
                                                "Actual Total Time": 174.919,
                                                "Actual Rows": 193879,
                                                "Actual Loops": 6,
                                                "Output": [
                                                    "t.id"
                                                ],
                                                "Hash Buckets": 2097152,
                                                "Original Hash Buckets": 2097152,
                                                "Hash Batches": 1,
                                                "Original Hash Batches": 1,
                                                "Peak Memory Usage": 62016,
                                                "Workers": [
                                                    {
                                                        "Worker Number": 0,
                                                        "Actual Startup Time": 176.736,
                                                        "Actual Total Time": 176.737,
                                                        "Actual Rows": 189855,
                                                        "Actual Loops": 1
                                                    },
                                                    {
                                                        "Worker Number": 1,
                                                        "Actual Startup Time": 176.723,
                                                        "Actual Total Time": 176.724,
                                                        "Actual Rows": 178521,
                                                        "Actual Loops": 1
                                                    },
                                                    {
                                                        "Worker Number": 2,
                                                        "Actual Startup Time": 177.084,
                                                        "Actual Total Time": 177.086,
                                                        "Actual Rows": 180915,
                                                        "Actual Loops": 1
                                                    },
                                                    {
                                                        "Worker Number": 3,
                                                        "Actual Startup Time": 176.778,
                                                        "Actual Total Time": 176.78,
                                                        "Actual Rows": 187836,
                                                        "Actual Loops": 1
                                                    },
                                                    {
                                                        "Worker Number": 4,
                                                        "Actual Startup Time": 176.833,
                                                        "Actual Total Time": 176.834,
                                                        "Actual Rows": 139162,
                                                        "Actual Loops": 1
                                                    }
                                                ],
                                                "Plans": [
                                                    {
                                                        "Node Type": "Seq Scan",
                                                        "Parent Relationship": "Outer",
                                                        "Parallel Aware": true,
                                                        "Relation Name": "title",
                                                        "Schema": "public",
                                                        "Alias": "t",
                                                        "Startup Cost": 0.0,
                                                        "Total Cost": 45479.21,
                                                        "Plan Rows": 264151,
                                                        "Plan Width": 4,
                                                        "Actual Startup Time": 0.058,
                                                        "Actual Total Time": 83.328,
                                                        "Actual Rows": 193879,
                                                        "Actual Loops": 6,
                                                        "Output": [
                                                            "t.id"
                                                        ],
                                                        "Filter": "((t.production_year > 1990) AND (t.kind_id = 7))",
                                                        "Rows Removed by Filter": 227506,
                                                        "Workers": [
                                                            {
                                                                "Worker Number": 0,
                                                                "Actual Startup Time": 0.066,
                                                                "Actual Total Time": 85.864,
                                                                "Actual Rows": 189855,
                                                                "Actual Loops": 1
                                                            },
                                                            {
                                                                "Worker Number": 1,
                                                                "Actual Startup Time": 0.064,
                                                                "Actual Total Time": 83.804,
                                                                "Actual Rows": 178521,
                                                                "Actual Loops": 1
                                                            },
                                                            {
                                                                "Worker Number": 2,
                                                                "Actual Startup Time": 0.062,
                                                                "Actual Total Time": 84.005,
                                                                "Actual Rows": 180915,
                                                                "Actual Loops": 1
                                                            },
                                                            {
                                                                "Worker Number": 3,
                                                                "Actual Startup Time": 0.072,
                                                                "Actual Total Time": 85.602,
                                                                "Actual Rows": 187836,
                                                                "Actual Loops": 1
                                                            },
                                                            {
                                                                "Worker Number": 4,
                                                                "Actual Startup Time": 0.069,
                                                                "Actual Total Time": 86.394,
                                                                "Actual Rows": 139162,
                                                                "Actual Loops": 1
                                                            }
                                                        ]
                                                    }
                                                ]
                                            }
                                        ]
                                    },
                                    {
                                        "Node Type": "Index Scan",
                                        "Parent Relationship": "Inner",
                                        "Parallel Aware": false,
                                        "Scan Direction": "Forward",
                                        "Index Name": "movie_id_movie_companies",
                                        "Relation Name": "movie_companies",
                                        "Schema": "public",
                                        "Alias": "mc",
                                        "Startup Cost": 0.43,
                                        "Total Cost": 0.64,
                                        "Plan Rows": 3,
                                        "Plan Width": 4,
                                        "Actual Startup Time": 0.003,
                                        "Actual Total Time": 0.003,
                                        "Actual Rows": 1,
                                        "Actual Loops": 44930,
                                        "Output": [
                                            "mc.id",
                                            "mc.movie_id",
                                            "mc.company_id",
                                            "mc.company_type_id",
                                            "mc.note"
                                        ],
                                        "Index Cond": "(mc.movie_id = t.id)",
                                        "Rows Removed by Index Recheck": 0,
                                        "Filter": "(mc.company_type_id > 1)",
                                        "Rows Removed by Filter": 2,
                                        "Workers": [
                                            {
                                                "Worker Number": 0,
                                                "Actual Startup Time": 0.003,
                                                "Actual Total Time": 0.003,
                                                "Actual Rows": 1,
                                                "Actual Loops": 8469
                                            },
                                            {
                                                "Worker Number": 1,
                                                "Actual Startup Time": 0.003,
                                                "Actual Total Time": 0.003,
                                                "Actual Rows": 1,
                                                "Actual Loops": 8077
                                            },
                                            {
                                                "Worker Number": 2,
                                                "Actual Startup Time": 0.006,
                                                "Actual Total Time": 0.006,
                                                "Actual Rows": 2,
                                                "Actual Loops": 3965
                                            },
                                            {
                                                "Worker Number": 3,
                                                "Actual Startup Time": 0.003,
                                                "Actual Total Time": 0.003,
                                                "Actual Rows": 1,
                                                "Actual Loops": 8620
                                            },
                                            {
                                                "Worker Number": 4,
                                                "Actual Startup Time": 0.004,
                                                "Actual Total Time": 0.004,
                                                "Actual Rows": 2,
                                                "Actual Loops": 5633
                                            }
                                        ]
                                    }
                                ]
                            }
                        ]
                    }
                ]
            }
        ]
    },
    "Planning Time": 1.699,
    "Triggers": [],
    "Execution Time": 593.233
}