{
  "Plan": {
    "Node Type": "Aggregate",
    "Strategy": "Plain",
    "Partial Mode": "Finalize",
    "Parallel Aware": false,
    "Startup Cost": 100768.83,
    "Total Cost": 100768.84,
    "Plan Rows": 1,
    "Plan Width": 8,
    "Actual Startup Time": 291.809,
    "Actual Total Time": 324.717,
    "Actual Rows": 1,
    "Actual Loops": 1,
    "Plans": [
      {
        "Node Type": "Gather",
        "Parent Relationship": "Outer",
        "Parallel Aware": false,
        "Startup Cost": 100768.72,
        "Total Cost": 100768.83,
        "Plan Rows": 1,
        "Plan Width": 8,
        "Actual Startup Time": 290.818,
        "Actual Total Time": 324.71,
        "Actual Rows": 2,
        "Actual Loops": 1,
        "Workers Planned": 1,
        "Workers Launched": 1,
        "Single Copy": false,
        "Plans": [
          {
            "Node Type": "Aggregate",
            "Strategy": "Plain",
            "Partial Mode": "Partial",
            "Parent Relationship": "Outer",
            "Parallel Aware": false,
            "Startup Cost": 99768.72,
            "Total Cost": 99768.73,
            "Plan Rows": 1,
            "Plan Width": 8,
            "Actual Startup Time": 284.593,
            "Actual Total Time": 284.597,
            "Actual Rows": 1,
            "Actual Loops": 2,
            "Plans": [
              {
                "Node Type": "Nested Loop",
                "Parent Relationship": "Outer",
                "Parallel Aware": false,
                "Join Type": "Inner",
                "Startup Cost": 57512.79,
                "Total Cost": 99682.76,
                "Plan Rows": 34381,
                "Plan Width": 0,
                "Actual Startup Time": 191.936,
                "Actual Total Time": 282.716,
                "Actual Rows": 31804,
                "Actual Loops": 2,
                "Inner Unique": false,
                "Plans": [
                  {
                    "Node Type": "Hash Join",
                    "Parent Relationship": "Outer",
                    "Parallel Aware": true,
                    "Join Type": "Inner",
                    "Startup Cost": 57512.23,
                    "Total Cost": 83534.62,
                    "Plan Rows": 2399,
                    "Plan Width": 8,
                    "Actual Startup Time": 191.859,
                    "Actual Total Time": 214.346,
                    "Actual Rows": 1332,
                    "Actual Loops": 2,
                    "Inner Unique": true,
                    "Hash Cond": "(mk.movie_id = t.id)",
                    "Plans": [
                      {
                        "Node Type": "Bitmap Heap Scan",
                        "Parent Relationship": "Outer",
                        "Parallel Aware": true,
                        "Relation Name": "movie_keyword",
                        "Alias": "mk",
                        "Startup Cost": 737.23,
                        "Total Cost": 26706.06,
                        "Plan Rows": 20402,
                        "Plan Width": 4,
                        "Actual Startup Time": 8.074,
                        "Actual Total Time": 24.242,
                        "Actual Rows": 17355,
                        "Actual Loops": 2,
                        "Recheck Cond": "(keyword_id = 2488)",
                        "Rows Removed by Index Recheck": 0,
                        "Exact Heap Blocks": 10780,
                        "Lossy Heap Blocks": 0,
                        "Plans": [
                          {
                            "Node Type": "Bitmap Index Scan",
                            "Parent Relationship": "Outer",
                            "Parallel Aware": false,
                            "Index Name": "keyword_id_movie_keyword",
                            "Startup Cost": 0.0,
                            "Total Cost": 728.55,
                            "Plan Rows": 34683,
                            "Plan Width": 0,
                            "Actual Startup Time": 5.956,
                            "Actual Total Time": 5.956,
                            "Actual Rows": 34710,
                            "Actual Loops": 1,
                            "Index Cond": "(keyword_id = 2488)"
                          }
                        ]
                      },
                      {
                        "Node Type": "Hash",
                        "Parent Relationship": "Inner",
                        "Parallel Aware": true,
                        "Startup Cost": 54588.39,
                        "Total Cost": 54588.39,
                        "Plan Rows": 174929,
                        "Plan Width": 4,
                        "Actual Startup Time": 177.847,
                        "Actual Total Time": 177.847,
                        "Actual Rows": 154767,
                        "Actual Loops": 2,
                        "Hash Buckets": 524288,
                        "Original Hash Buckets": 524288,
                        "Hash Batches": 1,
                        "Original Hash Batches": 1,
                        "Peak Memory Usage": 16224,
                        "Plans": [
                          {
                            "Node Type": "Seq Scan",
                            "Parent Relationship": "Outer",
                            "Parallel Aware": true,
                            "Relation Name": "title",
                            "Alias": "t",
                            "Startup Cost": 0.0,
                            "Total Cost": 54588.39,
                            "Plan Rows": 174929,
                            "Plan Width": 4,
                            "Actual Startup Time": 0.036,
                            "Actual Total Time": 138.975,
                            "Actual Rows": 154767,
                            "Actual Loops": 2,
                            "Filter": "(production_year < 1966)",
                            "Rows Removed by Filter": 1109389
                          }
                        ]
                      }
                    ]
                  },
                  {
                    "Node Type": "Index Only Scan",
                    "Parent Relationship": "Inner",
                    "Parallel Aware": false,
                    "Scan Direction": "Forward",
                    "Index Name": "movie_id_cast_info",
                    "Relation Name": "cast_info",
                    "Alias": "ci",
                    "Startup Cost": 0.56,
                    "Total Cost": 6.36,
                    "Plan Rows": 37,
                    "Plan Width": 4,
                    "Actual Startup Time": 0.008,
                    "Actual Total Time": 0.049,
                    "Actual Rows": 24,
                    "Actual Loops": 2665,
                    "Index Cond": "(movie_id = t.id)",
                    "Rows Removed by Index Recheck": 0,
                    "Heap Fetches": 63607
                  }
                ]
              }
            ]
          }
        ]
      }
    ]
  },
  "Planning Time": 1.256,
  "Triggers": [],
  "Execution Time": 324.828
}