[
  {
    "Plan": {
      "Node Type": "Aggregate",
      "Strategy": "Plain",
      "Partial Mode": "Finalize",
      "Parallel Aware": false,
      "Startup Cost": 33141.31,
      "Total Cost": 33141.32,
      "Plan Rows": 1,
      "Plan Width": 8,
      "Actual Startup Time": 105.487,
      "Actual Total Time": 116.207,
      "Actual Rows": 1,
      "Actual Loops": 1,
      "Plans": [
        {
          "Node Type": "Gather",
          "Parent Relationship": "Outer",
          "Parallel Aware": false,
          "Startup Cost": 33141.0,
          "Total Cost": 33141.31,
          "Plan Rows": 3,
          "Plan Width": 8,
          "Actual Startup Time": 105.219,
          "Actual Total Time": 116.197,
          "Actual Rows": 4,
          "Actual Loops": 1,
          "Workers Planned": 3,
          "Workers Launched": 3,
          "Single Copy": false,
          "Plans": [
            {
              "Node Type": "Aggregate",
              "Strategy": "Plain",
              "Partial Mode": "Partial",
              "Parent Relationship": "Outer",
              "Parallel Aware": false,
              "Startup Cost": 32141.0,
              "Total Cost": 32141.01,
              "Plan Rows": 1,
              "Plan Width": 8,
              "Actual Startup Time": 99.384,
              "Actual Total Time": 99.385,
              "Actual Rows": 1,
              "Actual Loops": 4,
              "Plans": [
                {
                  "Node Type": "Seq Scan",
                  "Parent Relationship": "Outer",
                  "Parallel Aware": true,
                  "Relation Name": "movie_companies",
                  "Alias": "mc",
                  "Startup Cost": 0.0,
                  "Total Cost": 31414.82,
                  "Plan Rows": 290471,
                  "Plan Width": 0,
                  "Actual Startup Time": 47.726,
                  "Actual Total Time": 90.822,
                  "Actual Rows": 146427,
                  "Actual Loops": 4,
                  "Filter": "((company_id < 26559) AND (company_type_id > 1))",
                  "Rows Removed by Filter": 505855
                }
              ]
            }
          ]
        }
      ]
    },
    "Planning Time": 0.225,
    "Triggers": [],
    "Execution Time": 116.272
  }
]