[
    {
        "Bao": {
            "Bao prediction": "NaN",
            "Bao recommended hint": "(no hint)"
        }
    },
    {
        "Plan": {
            "Node Type": "Aggregate",
            "Strategy": "Plain",
            "Partial Mode": "Finalize",
            "Parallel Aware": false,
            "Startup Cost": 348839.15,
            "Total Cost": 348839.16,
            "Plan Rows": 1,
            "Plan Width": 8,
            "Actual Startup Time": 676.06,
            "Actual Total Time": 702.018,
            "Actual Rows": 1,
            "Actual Loops": 1,
            "Output": [
                "count(*)"
            ],
            "Plans": [
                {
                    "Node Type": "Gather",
                    "Parent Relationship": "Outer",
                    "Parallel Aware": false,
                    "Startup Cost": 348838.53,
                    "Total Cost": 348839.14,
                    "Plan Rows": 6,
                    "Plan Width": 8,
                    "Actual Startup Time": 675.965,
                    "Actual Total Time": 702.01,
                    "Actual Rows": 7,
                    "Actual Loops": 1,
                    "Output": [
                        "(PARTIAL count(*))"
                    ],
                    "Workers Planned": 6,
                    "Workers Launched": 6,
                    "Single Copy": false,
                    "Plans": [
                        {
                            "Node Type": "Aggregate",
                            "Strategy": "Plain",
                            "Partial Mode": "Partial",
                            "Parent Relationship": "Outer",
                            "Parallel Aware": false,
                            "Startup Cost": 347838.53,
                            "Total Cost": 347838.54,
                            "Plan Rows": 1,
                            "Plan Width": 8,
                            "Actual Startup Time": 666.375,
                            "Actual Total Time": 666.375,
                            "Actual Rows": 1,
                            "Actual Loops": 7,
                            "Output": [
                                "PARTIAL count(*)"
                            ],
                            "Workers": [
                                {
                                    "Worker Number": 0,
                                    "Actual Startup Time": 664.159,
                                    "Actual Total Time": 664.16,
                                    "Actual Rows": 1,
                                    "Actual Loops": 1
                                },
                                {
                                    "Worker Number": 1,
                                    "Actual Startup Time": 664.284,
                                    "Actual Total Time": 664.285,
                                    "Actual Rows": 1,
                                    "Actual Loops": 1
                                },
                                {
                                    "Worker Number": 2,
                                    "Actual Startup Time": 664.828,
                                    "Actual Total Time": 664.828,
                                    "Actual Rows": 1,
                                    "Actual Loops": 1
                                },
                                {
                                    "Worker Number": 3,
                                    "Actual Startup Time": 665.019,
                                    "Actual Total Time": 665.02,
                                    "Actual Rows": 1,
                                    "Actual Loops": 1
                                },
                                {
                                    "Worker Number": 4,
                                    "Actual Startup Time": 665.268,
                                    "Actual Total Time": 665.269,
                                    "Actual Rows": 1,
                                    "Actual Loops": 1
                                },
                                {
                                    "Worker Number": 5,
                                    "Actual Startup Time": 665.465,
                                    "Actual Total Time": 665.466,
                                    "Actual Rows": 1,
                                    "Actual Loops": 1
                                }
                            ],
                            "Plans": [
                                {
                                    "Node Type": "Seq Scan",
                                    "Parent Relationship": "Outer",
                                    "Parallel Aware": true,
                                    "Relation Name": "cast_info",
                                    "Schema": "public",
                                    "Alias": "ci",
                                    "Startup Cost": 0.0,
                                    "Total Cost": 343318.94,
                                    "Plan Rows": 1807835,
                                    "Plan Width": 0,
                                    "Actual Startup Time": 305.83,
                                    "Actual Total Time": 587.311,
                                    "Actual Rows": 1835730,
                                    "Actual Loops": 7,
                                    "Output": [
                                        "id",
                                        "person_id",
                                        "movie_id",
                                        "person_role_id",
                                        "note",
                                        "nr_order",
                                        "role_id"
                                    ],
                                    "Filter": "((ci.person_id > 1154547) AND (ci.role_id > 2))",
                                    "Rows Removed by Filter": 3342034,
                                    "Workers": [
                                        {
                                            "Worker Number": 0,
                                            "Actual Startup Time": 303.63,
                                            "Actual Total Time": 584.473,
                                            "Actual Rows": 1200603,
                                            "Actual Loops": 1
                                        },
                                        {
                                            "Worker Number": 1,
                                            "Actual Startup Time": 303.746,
                                            "Actual Total Time": 587.266,
                                            "Actual Rows": 1879927,
                                            "Actual Loops": 1
                                        },
                                        {
                                            "Worker Number": 2,
                                            "Actual Startup Time": 304.276,
                                            "Actual Total Time": 587.646,
                                            "Actual Rows": 1885036,
                                            "Actual Loops": 1
                                        },
                                        {
                                            "Worker Number": 3,
                                            "Actual Startup Time": 304.463,
                                            "Actual Total Time": 587.96,
                                            "Actual Rows": 1883434,
                                            "Actual Loops": 1
                                        },
                                        {
                                            "Worker Number": 4,
                                            "Actual Startup Time": 304.717,
                                            "Actual Total Time": 588.36,
                                            "Actual Rows": 1875619,
                                            "Actual Loops": 1
                                        },
                                        {
                                            "Worker Number": 5,
                                            "Actual Startup Time": 304.929,
                                            "Actual Total Time": 589.568,
                                            "Actual Rows": 1856704,
                                            "Actual Loops": 1
                                        }
                                    ]
                                }
                            ]
                        }
                    ]
                }
            ]
        },
        "Planning Time": 191.037,
        "Triggers": [],
        "Execution Time": 702.066
    }
]