[
  {
    "Plan": {
      "Node Type": "Aggregate",
      "Strategy": "Plain",
      "Partial Mode": "Finalize",
      "Parallel Aware": false,
      "Startup Cost": 30721.49,
      "Total Cost": 30721.5,
      "Plan Rows": 1,
      "Plan Width": 8,
      "Actual Startup Time": 84.529,
      "Actual Total Time": 92.092,
      "Actual Rows": 1,
      "Actual Loops": 1,
      "Plans": [
        {
          "Node Type": "Gather",
          "Parent Relationship": "Outer",
          "Parallel Aware": false,
          "Startup Cost": 30721.17,
          "Total Cost": 30721.48,
          "Plan Rows": 3,
          "Plan Width": 8,
          "Actual Startup Time": 84.408,
          "Actual Total Time": 92.085,
          "Actual Rows": 4,
          "Actual Loops": 1,
          "Workers Planned": 3,
          "Workers Launched": 3,
          "Single Copy": false,
          "Plans": [
            {
              "Node Type": "Aggregate",
              "Strategy": "Plain",
              "Partial Mode": "Partial",
              "Parent Relationship": "Outer",
              "Parallel Aware": false,
              "Startup Cost": 29721.17,
              "Total Cost": 29721.18,
              "Plan Rows": 1,
              "Plan Width": 8,
              "Actual Startup Time": 79.187,
              "Actual Total Time": 79.188,
              "Actual Rows": 1,
              "Actual Loops": 4,
              "Plans": [
                {
                  "Node Type": "Seq Scan",
                  "Parent Relationship": "Outer",
                  "Parallel Aware": true,
                  "Relation Name": "movie_companies",
                  "Alias": "mc",
                  "Startup Cost": 0.0,
                  "Total Cost": 29310.68,
                  "Plan Rows": 164195,
                  "Plan Width": 0,
                  "Actual Startup Time": 0.036,
                  "Actual Total Time": 71.974,
                  "Actual Rows": 125358,
                  "Actual Loops": 4,
                  "Filter": "(company_id < 452)",
                  "Rows Removed by Filter": 526924
                }
              ]
            }
          ]
        }
      ]
    },
    "Planning Time": 0.091,
    "Triggers": [],
    "Execution Time": 92.119
  }
]