[
  {
    "Plan": {
      "Node Type": "Aggregate",
      "Strategy": "Plain",
      "Partial Mode": "Finalize",
      "Parallel Aware": false,
      "Startup Cost": 125909.01,
      "Total Cost": 125909.02,
      "Plan Rows": 1,
      "Plan Width": 8,
      "Actual Startup Time": 1152.286,
      "Actual Total Time": 1211.705,
      "Actual Rows": 1,
      "Actual Loops": 1,
      "Plans": [
        {
          "Node Type": "Gather",
          "Parent Relationship": "Outer",
          "Parallel Aware": false,
          "Startup Cost": 125908.69,
          "Total Cost": 125909.0,
          "Plan Rows": 3,
          "Plan Width": 8,
          "Actual Startup Time": 1149.542,
          "Actual Total Time": 1211.695,
          "Actual Rows": 4,
          "Actual Loops": 1,
          "Workers Planned": 3,
          "Workers Launched": 3,
          "Single Copy": false,
          "Plans": [
            {
              "Node Type": "Aggregate",
              "Strategy": "Plain",
              "Partial Mode": "Partial",
              "Parent Relationship": "Outer",
              "Parallel Aware": false,
              "Startup Cost": 124908.69,
              "Total Cost": 124908.7,
              "Plan Rows": 1,
              "Plan Width": 8,
              "Actual Startup Time": 1140.108,
              "Actual Total Time": 1140.187,
              "Actual Rows": 1,
              "Actual Loops": 4,
              "Plans": [
                {
                  "Node Type": "Nested Loop",
                  "Parent Relationship": "Outer",
                  "Parallel Aware": false,
                  "Join Type": "Inner",
                  "Startup Cost": 53286.39,
                  "Total Cost": 124754.57,
                  "Plan Rows": 61648,
                  "Plan Width": 0,
                  "Actual Startup Time": 196.186,
                  "Actual Total Time": 1059.6,
                  "Actual Rows": 1391010,
                  "Actual Loops": 4,
                  "Inner Unique": false,
                  "Join Filter": "(t.id = mi.movie_id)",
                  "Rows Removed by Join Filter": 0,
                  "Plans": [
                    {
                      "Node Type": "Hash Join",
                      "Parent Relationship": "Outer",
                      "Parallel Aware": true,
                      "Join Type": "Inner",
                      "Startup Cost": 53285.96,
                      "Total Cost": 79355.85,
                      "Plan Rows": 10543,
                      "Plan Width": 8,
                      "Actual Startup Time": 196.05,
                      "Actual Total Time": 265.735,
                      "Actual Rows": 29583,
                      "Actual Loops": 4,
                      "Inner Unique": true,
                      "Hash Cond": "(mk.movie_id = t.id)",
                      "Plans": [
                        {
                          "Node Type": "Bitmap Heap Scan",
                          "Parent Relationship": "Outer",
                          "Parallel Aware": true,
                          "Relation Name": "movie_keyword",
                          "Alias": "mk",
                          "Startup Cost": 7027.17,
                          "Total Cost": 32816.62,
                          "Plan Rows": 106836,
                          "Plan Width": 4,
                          "Actual Startup Time": 32.624,
                          "Actual Total Time": 75.447,
                          "Actual Rows": 80830,
                          "Actual Loops": 4,
                          "Recheck Cond": "(keyword_id > 50669)",
                          "Rows Removed by Index Recheck": 0,
                          "Exact Heap Blocks": 8178,
                          "Lossy Heap Blocks": 0,
                          "Plans": [
                            {
                              "Node Type": "Bitmap Index Scan",
                              "Parent Relationship": "Outer",
                              "Parallel Aware": false,
                              "Index Name": "keyword_id_movie_keyword",
                              "Startup Cost": 0.0,
                              "Total Cost": 6944.37,
                              "Plan Rows": 331192,
                              "Plan Width": 0,
                              "Actual Startup Time": 27.333,
                              "Actual Total Time": 27.333,
                              "Actual Rows": 323322,
                              "Actual Loops": 1,
                              "Index Cond": "(keyword_id > 50669)"
                            }
                          ]
                        },
                        {
                          "Node Type": "Hash",
                          "Parent Relationship": "Inner",
                          "Parallel Aware": true,
                          "Startup Cost": 45479.1,
                          "Total Cost": 45479.1,
                          "Plan Rows": 62375,
                          "Plan Width": 4,
                          "Actual Startup Time": 161.09,
                          "Actual Total Time": 161.09,
                          "Actual Rows": 91406,
                          "Actual Loops": 4,
                          "Hash Buckets": 524288,
                          "Original Hash Buckets": 262144,
                          "Hash Batches": 1,
                          "Original Hash Batches": 1,
                          "Peak Memory Usage": 20512,
                          "Plans": [
                            {
                              "Node Type": "Seq Scan",
                              "Parent Relationship": "Outer",
                              "Parallel Aware": true,
                              "Relation Name": "title",
                              "Alias": "t",
                              "Startup Cost": 0.0,
                              "Total Cost": 45479.1,
                              "Plan Rows": 62375,
                              "Plan Width": 4,
                              "Actual Startup Time": 0.051,
                              "Actual Total Time": 117.586,
                              "Actual Rows": 91406,
                              "Actual Loops": 4,
                              "Filter": "((kind_id < 7) AND (production_year < 1988))",
                              "Rows Removed by Filter": 540672
                            }
                          ]
                        }
                      ]
                    },
                    {
                      "Node Type": "Index Only Scan",
                      "Parent Relationship": "Inner",
                      "Parallel Aware": false,
                      "Scan Direction": "Forward",
                      "Index Name": "movie_id_movie_info",
                      "Relation Name": "movie_info",
                      "Alias": "mi",
                      "Startup Cost": 0.43,
                      "Total Cost": 3.78,
                      "Plan Rows": 42,
                      "Plan Width": 4,
                      "Actual Startup Time": 0.005,
                      "Actual Total Time": 0.021,
                      "Actual Rows": 47,
                      "Actual Loops": 118331,
                      "Index Cond": "(movie_id = mk.movie_id)",
                      "Rows Removed by Index Recheck": 0,
                      "Heap Fetches": 5564038
                    }
                  ]
                }
              ]
            }
          ]
        }
      ]
    },
    "Planning Time": 1.394,
    "Triggers": [],
    "Execution Time": 1211.829
  }
]