[
    {
        "Bao": {
            "Bao prediction": "NaN",
            "Bao recommended hint": "(no hint)"
        }
    },
    {
        "Plan": {
            "Node Type": "Aggregate",
            "Strategy": "Plain",
            "Partial Mode": "Finalize",
            "Parallel Aware": false,
            "Startup Cost": 232262.88,
            "Total Cost": 232262.89,
            "Plan Rows": 1,
            "Plan Width": 8,
            "Actual Startup Time": 568.829,
            "Actual Total Time": 588.133,
            "Actual Rows": 1,
            "Actual Loops": 1,
            "Output": [
                "count(*)"
            ],
            "Plans": [
                {
                    "Node Type": "Gather",
                    "Parent Relationship": "Outer",
                    "Parallel Aware": false,
                    "Startup Cost": 232262.36,
                    "Total Cost": 232262.87,
                    "Plan Rows": 5,
                    "Plan Width": 8,
                    "Actual Startup Time": 568.51,
                    "Actual Total Time": 588.126,
                    "Actual Rows": 6,
                    "Actual Loops": 1,
                    "Output": [
                        "(PARTIAL count(*))"
                    ],
                    "Workers Planned": 5,
                    "Workers Launched": 5,
                    "Single Copy": false,
                    "Plans": [
                        {
                            "Node Type": "Aggregate",
                            "Strategy": "Plain",
                            "Partial Mode": "Partial",
                            "Parent Relationship": "Outer",
                            "Parallel Aware": false,
                            "Startup Cost": 231262.36,
                            "Total Cost": 231262.37,
                            "Plan Rows": 1,
                            "Plan Width": 8,
                            "Actual Startup Time": 556.894,
                            "Actual Total Time": 556.897,
                            "Actual Rows": 1,
                            "Actual Loops": 6,
                            "Output": [
                                "PARTIAL count(*)"
                            ],
                            "Workers": [
                                {
                                    "Worker Number": 0,
                                    "Actual Startup Time": 551.627,
                                    "Actual Total Time": 551.63,
                                    "Actual Rows": 1,
                                    "Actual Loops": 1
                                },
                                {
                                    "Worker Number": 1,
                                    "Actual Startup Time": 556.148,
                                    "Actual Total Time": 556.151,
                                    "Actual Rows": 1,
                                    "Actual Loops": 1
                                },
                                {
                                    "Worker Number": 2,
                                    "Actual Startup Time": 556.172,
                                    "Actual Total Time": 556.175,
                                    "Actual Rows": 1,
                                    "Actual Loops": 1
                                },
                                {
                                    "Worker Number": 3,
                                    "Actual Startup Time": 556.498,
                                    "Actual Total Time": 556.501,
                                    "Actual Rows": 1,
                                    "Actual Loops": 1
                                },
                                {
                                    "Worker Number": 4,
                                    "Actual Startup Time": 552.746,
                                    "Actual Total Time": 552.749,
                                    "Actual Rows": 1,
                                    "Actual Loops": 1
                                }
                            ],
                            "Plans": [
                                {
                                    "Node Type": "Hash Join",
                                    "Parent Relationship": "Outer",
                                    "Parallel Aware": true,
                                    "Join Type": "Inner",
                                    "Startup Cost": 25128.25,
                                    "Total Cost": 231229.35,
                                    "Plan Rows": 13203,
                                    "Plan Width": 0,
                                    "Actual Startup Time": 23.642,
                                    "Actual Total Time": 555.658,
                                    "Actual Rows": 18760,
                                    "Actual Loops": 6,
                                    "Inner Unique": true,
                                    "Hash Cond": "(mi.movie_id = t.id)",
                                    "Workers": [
                                        {
                                            "Worker Number": 0,
                                            "Actual Startup Time": 18.356,
                                            "Actual Total Time": 550.324,
                                            "Actual Rows": 12000,
                                            "Actual Loops": 1
                                        },
                                        {
                                            "Worker Number": 1,
                                            "Actual Startup Time": 22.929,
                                            "Actual Total Time": 554.87,
                                            "Actual Rows": 19279,
                                            "Actual Loops": 1
                                        },
                                        {
                                            "Worker Number": 2,
                                            "Actual Startup Time": 22.86,
                                            "Actual Total Time": 554.957,
                                            "Actual Rows": 18114,
                                            "Actual Loops": 1
                                        },
                                        {
                                            "Worker Number": 3,
                                            "Actual Startup Time": 23.248,
                                            "Actual Total Time": 555.262,
                                            "Actual Rows": 19052,
                                            "Actual Loops": 1
                                        },
                                        {
                                            "Worker Number": 4,
                                            "Actual Startup Time": 19.574,
                                            "Actual Total Time": 551.487,
                                            "Actual Rows": 18365,
                                            "Actual Loops": 1
                                        }
                                    ],
                                    "Plans": [
                                        {
                                            "Node Type": "Seq Scan",
                                            "Parent Relationship": "Outer",
                                            "Parallel Aware": true,
                                            "Relation Name": "movie_info",
                                            "Schema": "public",
                                            "Alias": "mi",
                                            "Startup Cost": 0.0,
                                            "Total Cost": 198880.74,
                                            "Plan Rows": 2750612,
                                            "Plan Width": 4,
                                            "Actual Startup Time": 0.057,
                                            "Actual Total Time": 354.93,
                                            "Actual Rows": 2306410,
                                            "Actual Loops": 6,
                                            "Output": [
                                                "mi.id",
                                                "mi.movie_id",
                                                "mi.info_type_id",
                                                "mi.info",
                                                "mi.note"
                                            ],
                                            "Filter": "(mi.info_type_id < 90)",
                                            "Rows Removed by Filter": 166210,
                                            "Workers": [
                                                {
                                                    "Worker Number": 0,
                                                    "Actual Startup Time": 0.06,
                                                    "Actual Total Time": 356.729,
                                                    "Actual Rows": 1438567,
                                                    "Actual Loops": 1
                                                },
                                                {
                                                    "Worker Number": 1,
                                                    "Actual Startup Time": 0.068,
                                                    "Actual Total Time": 355.823,
                                                    "Actual Rows": 2395639,
                                                    "Actual Loops": 1
                                                },
                                                {
                                                    "Worker Number": 2,
                                                    "Actual Startup Time": 0.091,
                                                    "Actual Total Time": 355.72,
                                                    "Actual Rows": 2386851,
                                                    "Actual Loops": 1
                                                },
                                                {
                                                    "Worker Number": 3,
                                                    "Actual Startup Time": 0.051,
                                                    "Actual Total Time": 357.633,
                                                    "Actual Rows": 2418701,
                                                    "Actual Loops": 1
                                                },
                                                {
                                                    "Worker Number": 4,
                                                    "Actual Startup Time": 0.063,
                                                    "Actual Total Time": 359.967,
                                                    "Actual Rows": 2122039,
                                                    "Actual Loops": 1
                                                }
                                            ]
                                        },
                                        {
                                            "Node Type": "Hash",
                                            "Parent Relationship": "Inner",
                                            "Parallel Aware": true,
                                            "Startup Cost": 25079.31,
                                            "Total Cost": 25079.31,
                                            "Plan Rows": 3915,
                                            "Plan Width": 4,
                                            "Actual Startup Time": 9.397,
                                            "Actual Total Time": 9.399,
                                            "Actual Rows": 2100,
                                            "Actual Loops": 6,
                                            "Output": [
                                                "t.id"
                                            ],
                                            "Hash Buckets": 16384,
                                            "Original Hash Buckets": 16384,
                                            "Hash Batches": 1,
                                            "Original Hash Batches": 1,
                                            "Peak Memory Usage": 768,
                                            "Workers": [
                                                {
                                                    "Worker Number": 0,
                                                    "Actual Startup Time": 4.165,
                                                    "Actual Total Time": 4.166,
                                                    "Actual Rows": 72,
                                                    "Actual Loops": 1
                                                },
                                                {
                                                    "Worker Number": 1,
                                                    "Actual Startup Time": 8.724,
                                                    "Actual Total Time": 8.725,
                                                    "Actual Rows": 274,
                                                    "Actual Loops": 1
                                                },
                                                {
                                                    "Worker Number": 2,
                                                    "Actual Startup Time": 8.713,
                                                    "Actual Total Time": 8.714,
                                                    "Actual Rows": 243,
                                                    "Actual Loops": 1
                                                },
                                                {
                                                    "Worker Number": 3,
                                                    "Actual Startup Time": 8.976,
                                                    "Actual Total Time": 8.977,
                                                    "Actual Rows": 327,
                                                    "Actual Loops": 1
                                                },
                                                {
                                                    "Worker Number": 4,
                                                    "Actual Startup Time": 5.124,
                                                    "Actual Total Time": 5.125,
                                                    "Actual Rows": 98,
                                                    "Actual Loops": 1
                                                }
                                            ],
                                            "Plans": [
                                                {
                                                    "Node Type": "Bitmap Heap Scan",
                                                    "Parent Relationship": "Outer",
                                                    "Parallel Aware": true,
                                                    "Relation Name": "title",
                                                    "Schema": "public",
                                                    "Alias": "t",
                                                    "Startup Cost": 222.48,
                                                    "Total Cost": 25079.31,
                                                    "Plan Rows": 3915,
                                                    "Plan Width": 4,
                                                    "Actual Startup Time": 0.833,
                                                    "Actual Total Time": 8.663,
                                                    "Actual Rows": 2100,
                                                    "Actual Loops": 6,
                                                    "Output": [
                                                        "t.id"
                                                    ],
                                                    "Recheck Cond": "(t.kind_id = 6)",
                                                    "Rows Removed by Index Recheck": 0,
                                                    "Exact Heap Blocks": 7279,
                                                    "Lossy Heap Blocks": 0,
                                                    "Workers": [
                                                        {
                                                            "Worker Number": 0,
                                                            "Actual Startup Time": 0.132,
                                                            "Actual Total Time": 3.781,
                                                            "Actual Rows": 72,
                                                            "Actual Loops": 1
                                                        },
                                                        {
                                                            "Worker Number": 1,
                                                            "Actual Startup Time": 0.216,
                                                            "Actual Total Time": 8.057,
                                                            "Actual Rows": 274,
                                                            "Actual Loops": 1
                                                        },
                                                        {
                                                            "Worker Number": 2,
                                                            "Actual Startup Time": 0.227,
                                                            "Actual Total Time": 8.144,
                                                            "Actual Rows": 243,
                                                            "Actual Loops": 1
                                                        },
                                                        {
                                                            "Worker Number": 3,
                                                            "Actual Startup Time": 0.137,
                                                            "Actual Total Time": 8.49,
                                                            "Actual Rows": 327,
                                                            "Actual Loops": 1
                                                        },
                                                        {
                                                            "Worker Number": 4,
                                                            "Actual Startup Time": 0.17,
                                                            "Actual Total Time": 4.737,
                                                            "Actual Rows": 98,
                                                            "Actual Loops": 1
                                                        }
                                                    ],
                                                    "Plans": [
                                                        {
                                                            "Node Type": "Bitmap Index Scan",
                                                            "Parent Relationship": "Outer",
                                                            "Parallel Aware": false,
                                                            "Index Name": "kind_id_title",
                                                            "Startup Cost": 0.0,
                                                            "Total Cost": 219.45,
                                                            "Plan Rows": 12136,
                                                            "Plan Width": 0,
                                                            "Actual Startup Time": 2.643,
                                                            "Actual Total Time": 2.643,
                                                            "Actual Rows": 12600,
                                                            "Actual Loops": 1,
                                                            "Index Cond": "(t.kind_id = 6)"
                                                        }
                                                    ]
                                                }
                                            ]
                                        }
                                    ]
                                }
                            ]
                        }
                    ]
                }
            ]
        },
        "Planning Time": 191.959,
        "Triggers": [],
        "Execution Time": 588.199
    }
]