{
    "Plan": {
        "Node Type": "Aggregate",
        "Strategy": "Plain",
        "Partial Mode": "Finalize",
        "Parallel Aware": false,
        "Startup Cost": 179299.05,
        "Total Cost": 179299.06,
        "Plan Rows": 1,
        "Plan Width": 8,
        "Actual Startup Time": 493.767,
        "Actual Total Time": 517.556,
        "Actual Rows": 1,
        "Actual Loops": 1,
        "Output": [
            "count(*)"
        ],
        "Plans": [
            {
                "Node Type": "Gather",
                "Parent Relationship": "Outer",
                "Parallel Aware": false,
                "Startup Cost": 179298.63,
                "Total Cost": 179299.04,
                "Plan Rows": 4,
                "Plan Width": 8,
                "Actual Startup Time": 491.226,
                "Actual Total Time": 517.547,
                "Actual Rows": 5,
                "Actual Loops": 1,
                "Output": [
                    "(PARTIAL count(*))"
                ],
                "Workers Planned": 4,
                "Workers Launched": 4,
                "Single Copy": false,
                "Plans": [
                    {
                        "Node Type": "Aggregate",
                        "Strategy": "Plain",
                        "Partial Mode": "Partial",
                        "Parent Relationship": "Outer",
                        "Parallel Aware": false,
                        "Startup Cost": 178298.63,
                        "Total Cost": 178298.64,
                        "Plan Rows": 1,
                        "Plan Width": 8,
                        "Actual Startup Time": 480.822,
                        "Actual Total Time": 480.827,
                        "Actual Rows": 1,
                        "Actual Loops": 5,
                        "Output": [
                            "PARTIAL count(*)"
                        ],
                        "Workers": [
                            {
                                "Worker Number": 0,
                                "Actual Startup Time": 478.584,
                                "Actual Total Time": 478.588,
                                "Actual Rows": 1,
                                "Actual Loops": 1
                            },
                            {
                                "Worker Number": 1,
                                "Actual Startup Time": 478.312,
                                "Actual Total Time": 478.316,
                                "Actual Rows": 1,
                                "Actual Loops": 1
                            },
                            {
                                "Worker Number": 2,
                                "Actual Startup Time": 478.392,
                                "Actual Total Time": 478.396,
                                "Actual Rows": 1,
                                "Actual Loops": 1
                            },
                            {
                                "Worker Number": 3,
                                "Actual Startup Time": 478.52,
                                "Actual Total Time": 478.525,
                                "Actual Rows": 1,
                                "Actual Loops": 1
                            }
                        ],
                        "Plans": [
                            {
                                "Node Type": "Nested Loop",
                                "Parent Relationship": "Outer",
                                "Parallel Aware": false,
                                "Join Type": "Inner",
                                "Startup Cost": 17512.54,
                                "Total Cost": 177581.09,
                                "Plan Rows": 287017,
                                "Plan Width": 0,
                                "Actual Startup Time": 75.942,
                                "Actual Total Time": 469.686,
                                "Actual Rows": 195054,
                                "Actual Loops": 5,
                                "Inner Unique": false,
                                "Workers": [
                                    {
                                        "Worker Number": 0,
                                        "Actual Startup Time": 73.538,
                                        "Actual Total Time": 466.248,
                                        "Actual Rows": 150811,
                                        "Actual Loops": 1
                                    },
                                    {
                                        "Worker Number": 1,
                                        "Actual Startup Time": 73.599,
                                        "Actual Total Time": 466.334,
                                        "Actual Rows": 147604,
                                        "Actual Loops": 1
                                    },
                                    {
                                        "Worker Number": 2,
                                        "Actual Startup Time": 73.529,
                                        "Actual Total Time": 467.788,
                                        "Actual Rows": 221948,
                                        "Actual Loops": 1
                                    },
                                    {
                                        "Worker Number": 3,
                                        "Actual Startup Time": 73.655,
                                        "Actual Total Time": 469.442,
                                        "Actual Rows": 177874,
                                        "Actual Loops": 1
                                    }
                                ],
                                "Plans": [
                                    {
                                        "Node Type": "Hash Join",
                                        "Parent Relationship": "Outer",
                                        "Parallel Aware": true,
                                        "Join Type": "Inner",
                                        "Startup Cost": 17512.11,
                                        "Total Cost": 64212.64,
                                        "Plan Rows": 49181,
                                        "Plan Width": 8,
                                        "Actual Startup Time": 75.818,
                                        "Actual Total Time": 238.26,
                                        "Actual Rows": 21913,
                                        "Actual Loops": 5,
                                        "Output": [
                                            "t.id",
                                            "mi_idx.movie_id"
                                        ],
                                        "Inner Unique": false,
                                        "Hash Cond": "(t.id = mi_idx.movie_id)",
                                        "Workers": [
                                            {
                                                "Worker Number": 0,
                                                "Actual Startup Time": 73.36,
                                                "Actual Total Time": 230.125,
                                                "Actual Rows": 16762,
                                                "Actual Loops": 1
                                            },
                                            {
                                                "Worker Number": 1,
                                                "Actual Startup Time": 73.446,
                                                "Actual Total Time": 230.108,
                                                "Actual Rows": 16521,
                                                "Actual Loops": 1
                                            },
                                            {
                                                "Worker Number": 2,
                                                "Actual Startup Time": 73.393,
                                                "Actual Total Time": 239.075,
                                                "Actual Rows": 25054,
                                                "Actual Loops": 1
                                            },
                                            {
                                                "Worker Number": 3,
                                                "Actual Startup Time": 73.527,
                                                "Actual Total Time": 234.418,
                                                "Actual Rows": 19999,
                                                "Actual Loops": 1
                                            }
                                        ],
                                        "Plans": [
                                            {
                                                "Node Type": "Seq Scan",
                                                "Parent Relationship": "Outer",
                                                "Parallel Aware": true,
                                                "Relation Name": "title",
                                                "Schema": "public",
                                                "Alias": "t",
                                                "Startup Cost": 0.0,
                                                "Total Cost": 45479.21,
                                                "Plan Rows": 271042,
                                                "Plan Width": 4,
                                                "Actual Startup Time": 0.033,
                                                "Actual Total Time": 84.858,
                                                "Actual Rows": 208844,
                                                "Actual Loops": 5,
                                                "Output": [
                                                    "t.id",
                                                    "t.title",
                                                    "t.imdb_index",
                                                    "t.kind_id",
                                                    "t.production_year",
                                                    "t.imdb_id",
                                                    "t.phonetic_code",
                                                    "t.episode_of_id",
                                                    "t.season_nr",
                                                    "t.episode_nr",
                                                    "t.series_years",
                                                    "t.md5sum"
                                                ],
                                                "Filter": "((t.production_year < 2009) AND (t.kind_id = 7))",
                                                "Rows Removed by Filter": 296818,
                                                "Workers": [
                                                    {
                                                        "Worker Number": 0,
                                                        "Actual Startup Time": 0.043,
                                                        "Actual Total Time": 87.971,
                                                        "Actual Rows": 159002,
                                                        "Actual Loops": 1
                                                    },
                                                    {
                                                        "Worker Number": 1,
                                                        "Actual Startup Time": 0.044,
                                                        "Actual Total Time": 87.977,
                                                        "Actual Rows": 158142,
                                                        "Actual Loops": 1
                                                    },
                                                    {
                                                        "Worker Number": 2,
                                                        "Actual Startup Time": 0.037,
                                                        "Actual Total Time": 86.885,
                                                        "Actual Rows": 236707,
                                                        "Actual Loops": 1
                                                    },
                                                    {
                                                        "Worker Number": 3,
                                                        "Actual Startup Time": 0.028,
                                                        "Actual Total Time": 82.249,
                                                        "Actual Rows": 193128,
                                                        "Actual Loops": 1
                                                    }
                                                ]
                                            },
                                            {
                                                "Node Type": "Hash",
                                                "Parent Relationship": "Inner",
                                                "Parallel Aware": true,
                                                "Startup Cost": 15122.68,
                                                "Total Cost": 15122.68,
                                                "Plan Rows": 191154,
                                                "Plan Width": 4,
                                                "Actual Startup Time": 72.825,
                                                "Actual Total Time": 72.826,
                                                "Actual Rows": 92037,
                                                "Actual Loops": 5,
                                                "Output": [
                                                    "mi_idx.movie_id"
                                                ],
                                                "Hash Buckets": 524288,
                                                "Original Hash Buckets": 524288,
                                                "Hash Batches": 1,
                                                "Original Hash Batches": 1,
                                                "Peak Memory Usage": 22208,
                                                "Workers": [
                                                    {
                                                        "Worker Number": 0,
                                                        "Actual Startup Time": 72.655,
                                                        "Actual Total Time": 72.656,
                                                        "Actual Rows": 75604,
                                                        "Actual Loops": 1
                                                    },
                                                    {
                                                        "Worker Number": 1,
                                                        "Actual Startup Time": 72.801,
                                                        "Actual Total Time": 72.802,
                                                        "Actual Rows": 76076,
                                                        "Actual Loops": 1
                                                    },
                                                    {
                                                        "Worker Number": 2,
                                                        "Actual Startup Time": 72.972,
                                                        "Actual Total Time": 72.973,
                                                        "Actual Rows": 102894,
                                                        "Actual Loops": 1
                                                    },
                                                    {
                                                        "Worker Number": 3,
                                                        "Actual Startup Time": 72.982,
                                                        "Actual Total Time": 72.984,
                                                        "Actual Rows": 81253,
                                                        "Actual Loops": 1
                                                    }
                                                ],
                                                "Plans": [
                                                    {
                                                        "Node Type": "Seq Scan",
                                                        "Parent Relationship": "Outer",
                                                        "Parallel Aware": true,
                                                        "Relation Name": "movie_info_idx",
                                                        "Schema": "public",
                                                        "Alias": "mi_idx",
                                                        "Startup Cost": 0.0,
                                                        "Total Cost": 15122.68,
                                                        "Plan Rows": 191154,
                                                        "Plan Width": 4,
                                                        "Actual Startup Time": 0.035,
                                                        "Actual Total Time": 38.606,
                                                        "Actual Rows": 92037,
                                                        "Actual Loops": 5,
                                                        "Output": [
                                                            "mi_idx.movie_id"
                                                        ],
                                                        "Filter": "(mi_idx.info_type_id > 100)",
                                                        "Rows Removed by Filter": 183970,
                                                        "Workers": [
                                                            {
                                                                "Worker Number": 0,
                                                                "Actual Startup Time": 0.043,
                                                                "Actual Total Time": 40.136,
                                                                "Actual Rows": 75604,
                                                                "Actual Loops": 1
                                                            },
                                                            {
                                                                "Worker Number": 1,
                                                                "Actual Startup Time": 0.036,
                                                                "Actual Total Time": 40.455,
                                                                "Actual Rows": 76076,
                                                                "Actual Loops": 1
                                                            },
                                                            {
                                                                "Worker Number": 2,
                                                                "Actual Startup Time": 0.036,
                                                                "Actual Total Time": 39.074,
                                                                "Actual Rows": 102894,
                                                                "Actual Loops": 1
                                                            },
                                                            {
                                                                "Worker Number": 3,
                                                                "Actual Startup Time": 0.036,
                                                                "Actual Total Time": 37.355,
                                                                "Actual Rows": 81253,
                                                                "Actual Loops": 1
                                                            }
                                                        ]
                                                    }
                                                ]
                                            }
                                        ]
                                    },
                                    {
                                        "Node Type": "Index Only Scan",
                                        "Parent Relationship": "Inner",
                                        "Parallel Aware": false,
                                        "Scan Direction": "Forward",
                                        "Index Name": "movie_id_movie_info",
                                        "Relation Name": "movie_info",
                                        "Schema": "public",
                                        "Alias": "mi",
                                        "Startup Cost": 0.43,
                                        "Total Cost": 1.92,
                                        "Plan Rows": 39,
                                        "Plan Width": 4,
                                        "Actual Startup Time": 0.004,
                                        "Actual Total Time": 0.01,
                                        "Actual Rows": 9,
                                        "Actual Loops": 109567,
                                        "Output": [
                                            "mi.movie_id"
                                        ],
                                        "Index Cond": "(mi.movie_id = t.id)",
                                        "Rows Removed by Index Recheck": 0,
                                        "Heap Fetches": 975270,
                                        "Workers": [
                                            {
                                                "Worker Number": 0,
                                                "Actual Startup Time": 0.005,
                                                "Actual Total Time": 0.013,
                                                "Actual Rows": 9,
                                                "Actual Loops": 16762
                                            },
                                            {
                                                "Worker Number": 1,
                                                "Actual Startup Time": 0.005,
                                                "Actual Total Time": 0.013,
                                                "Actual Rows": 9,
                                                "Actual Loops": 16521
                                            },
                                            {
                                                "Worker Number": 2,
                                                "Actual Startup Time": 0.003,
                                                "Actual Total Time": 0.008,
                                                "Actual Rows": 9,
                                                "Actual Loops": 25054
                                            },
                                            {
                                                "Worker Number": 3,
                                                "Actual Startup Time": 0.005,
                                                "Actual Total Time": 0.011,
                                                "Actual Rows": 9,
                                                "Actual Loops": 19999
                                            }
                                        ]
                                    }
                                ]
                            }
                        ]
                    }
                ]
            }
        ]
    },
    "Planning Time": 1.483,
    "Triggers": [],
    "Execution Time": 517.65
}