{
  "Plan": {
    "Node Type": "Aggregate",
    "Strategy": "Plain",
    "Partial Mode": "Finalize",
    "Parallel Aware": false,
    "Startup Cost": 133758.14,
    "Total Cost": 133758.15,
    "Plan Rows": 1,
    "Plan Width": 8,
    "Actual Startup Time": 738.651,
    "Actual Total Time": 751.649,
    "Actual Rows": 1,
    "Actual Loops": 1,
    "Plans": [
      {
        "Node Type": "Gather",
        "Parent Relationship": "Outer",
        "Parallel Aware": false,
        "Startup Cost": 133758.03,
        "Total Cost": 133758.14,
        "Plan Rows": 1,
        "Plan Width": 8,
        "Actual Startup Time": 736.552,
        "Actual Total Time": 751.643,
        "Actual Rows": 2,
        "Actual Loops": 1,
        "Workers Planned": 1,
        "Workers Launched": 1,
        "Single Copy": false,
        "Plans": [
          {
            "Node Type": "Aggregate",
            "Strategy": "Plain",
            "Partial Mode": "Partial",
            "Parent Relationship": "Outer",
            "Parallel Aware": false,
            "Startup Cost": 132758.03,
            "Total Cost": 132758.04,
            "Plan Rows": 1,
            "Plan Width": 8,
            "Actual Startup Time": 728.325,
            "Actual Total Time": 728.328,
            "Actual Rows": 1,
            "Actual Loops": 2,
            "Plans": [
              {
                "Node Type": "Hash Join",
                "Parent Relationship": "Outer",
                "Parallel Aware": true,
                "Join Type": "Inner",
                "Startup Cost": 67056.83,
                "Total Cost": 130287.09,
                "Plan Rows": 988375,
                "Plan Width": 0,
                "Actual Startup Time": 348.332,
                "Actual Total Time": 710.422,
                "Actual Rows": 434828,
                "Actual Loops": 2,
                "Inner Unique": true,
                "Hash Cond": "(mk.movie_id = t.id)",
                "Plans": [
                  {
                    "Node Type": "Seq Scan",
                    "Parent Relationship": "Outer",
                    "Parallel Aware": true,
                    "Relation Name": "movie_keyword",
                    "Alias": "mk",
                    "Startup Cost": 0.0,
                    "Total Cost": 57718.19,
                    "Plan Rows": 2099831,
                    "Plan Width": 4,
                    "Actual Startup Time": 0.067,
                    "Actual Total Time": 188.878,
                    "Actual Rows": 1782981,
                    "Actual Loops": 2,
                    "Filter": "(keyword_id > 895)",
                    "Rows Removed by Filter": 478984
                  },
                  {
                    "Node Type": "Hash",
                    "Parent Relationship": "Inner",
                    "Parallel Aware": true,
                    "Startup Cost": 58306.47,
                    "Total Cost": 58306.47,
                    "Plan Rows": 700029,
                    "Plan Width": 4,
                    "Actual Startup Time": 333.402,
                    "Actual Total Time": 333.403,
                    "Actual Rows": 648990,
                    "Actual Loops": 2,
                    "Hash Buckets": 2097152,
                    "Original Hash Buckets": 2097152,
                    "Hash Batches": 1,
                    "Original Hash Batches": 1,
                    "Peak Memory Usage": 67200,
                    "Plans": [
                      {
                        "Node Type": "Seq Scan",
                        "Parent Relationship": "Outer",
                        "Parallel Aware": true,
                        "Relation Name": "title",
                        "Alias": "t",
                        "Startup Cost": 0.0,
                        "Total Cost": 58306.47,
                        "Plan Rows": 700029,
                        "Plan Width": 4,
                        "Actual Startup Time": 0.03,
                        "Actual Total Time": 162.447,
                        "Actual Rows": 648990,
                        "Actual Loops": 2,
                        "Filter": "((kind_id > 1) AND (production_year > 1995))",
                        "Rows Removed by Filter": 615166
                      }
                    ]
                  }
                ]
              }
            ]
          }
        ]
      }
    ]
  },
  "Planning Time": 0.458,
  "Triggers": [],
  "Execution Time": 751.719
}