{
  "Plan": {
    "Node Type": "Aggregate",
    "Strategy": "Plain",
    "Partial Mode": "Finalize",
    "Parallel Aware": false,
    "Startup Cost": 414383.51,
    "Total Cost": 414383.52,
    "Plan Rows": 1,
    "Plan Width": 8,
    "Actual Startup Time": 3586.316,
    "Actual Total Time": 3635.905,
    "Actual Rows": 1,
    "Actual Loops": 1,
    "Plans": [
      {
        "Node Type": "Gather",
        "Parent Relationship": "Outer",
        "Parallel Aware": false,
        "Startup Cost": 414383.4,
        "Total Cost": 414383.51,
        "Plan Rows": 1,
        "Plan Width": 8,
        "Actual Startup Time": 3583.138,
        "Actual Total Time": 3635.888,
        "Actual Rows": 2,
        "Actual Loops": 1,
        "Workers Planned": 1,
        "Workers Launched": 1,
        "Single Copy": false,
        "Plans": [
          {
            "Node Type": "Aggregate",
            "Strategy": "Plain",
            "Partial Mode": "Partial",
            "Parent Relationship": "Outer",
            "Parallel Aware": false,
            "Startup Cost": 413383.4,
            "Total Cost": 413383.41,
            "Plan Rows": 1,
            "Plan Width": 8,
            "Actual Startup Time": 3575.28,
            "Actual Total Time": 3575.886,
            "Actual Rows": 1,
            "Actual Loops": 2,
            "Plans": [
              {
                "Node Type": "Hash Join",
                "Parent Relationship": "Outer",
                "Parallel Aware": true,
                "Join Type": "Inner",
                "Startup Cost": 105934.29,
                "Total Cost": 411775.98,
                "Plan Rows": 642968,
                "Plan Width": 0,
                "Actual Startup Time": 448.652,
                "Actual Total Time": 2989.12,
                "Actual Rows": 15476946,
                "Actual Loops": 2,
                "Inner Unique": false,
                "Hash Cond": "(mi.movie_id = t.id)",
                "Plans": [
                  {
                    "Node Type": "Seq Scan",
                    "Parent Relationship": "Outer",
                    "Parallel Aware": true,
                    "Relation Name": "movie_info",
                    "Alias": "mi",
                    "Startup Cost": 0.0,
                    "Total Cost": 270696.42,
                    "Plan Rows": 8363496,
                    "Plan Width": 4,
                    "Actual Startup Time": 0.019,
                    "Actual Total Time": 782.6,
                    "Actual Rows": 7146176,
                    "Actual Loops": 2,
                    "Filter": "(info_type_id < 102)",
                    "Rows Removed by Filter": 271684
                  },
                  {
                    "Node Type": "Hash",
                    "Parent Relationship": "Inner",
                    "Parallel Aware": true,
                    "Startup Cost": 104505.11,
                    "Total Cost": 104505.11,
                    "Plan Rows": 114335,
                    "Plan Width": 8,
                    "Actual Startup Time": 420.165,
                    "Actual Total Time": 420.769,
                    "Actual Rows": 244548,
                    "Actual Loops": 2,
                    "Hash Buckets": 524288,
                    "Original Hash Buckets": 262144,
                    "Hash Batches": 1,
                    "Original Hash Batches": 1,
                    "Peak Memory Usage": 25312,
                    "Plans": [
                      {
                        "Node Type": "Hash Join",
                        "Parent Relationship": "Outer",
                        "Parallel Aware": true,
                        "Join Type": "Inner",
                        "Startup Cost": 73459.04,
                        "Total Cost": 104505.11,
                        "Plan Rows": 114335,
                        "Plan Width": 8,
                        "Actual Startup Time": 246.388,
                        "Actual Total Time": 371.105,
                        "Actual Rows": 244548,
                        "Actual Loops": 2,
                        "Inner Unique": true,
                        "Hash Cond": "(mk.movie_id = t.id)",
                        "Plans": [
                          {
                            "Node Type": "Bitmap Heap Scan",
                            "Parent Relationship": "Outer",
                            "Parallel Aware": true,
                            "Relation Name": "movie_keyword",
                            "Alias": "mk",
                            "Startup Cost": 15718.61,
                            "Total Cost": 45620.59,
                            "Plan Rows": 435839,
                            "Plan Width": 4,
                            "Actual Startup Time": 41.668,
                            "Actual Total Time": 122.305,
                            "Actual Rows": 366661,
                            "Actual Loops": 2,
                            "Recheck Cond": "(keyword_id > 25658)",
                            "Rows Removed by Index Recheck": 0,
                            "Exact Heap Blocks": 13634,
                            "Lossy Heap Blocks": 0,
                            "Plans": [
                              {
                                "Node Type": "Bitmap Index Scan",
                                "Parent Relationship": "Outer",
                                "Parallel Aware": false,
                                "Index Name": "keyword_id_movie_keyword",
                                "Startup Cost": 0.0,
                                "Total Cost": 15533.38,
                                "Plan Rows": 740926,
                                "Plan Width": 0,
                                "Actual Startup Time": 38.133,
                                "Actual Total Time": 38.134,
                                "Actual Rows": 733322,
                                "Actual Loops": 1,
                                "Index Cond": "(keyword_id > 25658)"
                              }
                            ]
                          },
                          {
                            "Node Type": "Hash",
                            "Parent Relationship": "Inner",
                            "Parallel Aware": true,
                            "Startup Cost": 52863.55,
                            "Total Cost": 52863.55,
                            "Plan Rows": 390151,
                            "Plan Width": 4,
                            "Actual Startup Time": 166.506,
                            "Actual Total Time": 166.508,
                            "Actual Rows": 331412,
                            "Actual Loops": 2,
                            "Hash Buckets": 1048576,
                            "Original Hash Buckets": 1048576,
                            "Hash Batches": 1,
                            "Original Hash Batches": 1,
                            "Peak Memory Usage": 34144,
                            "Plans": [
                              {
                                "Node Type": "Bitmap Heap Scan",
                                "Parent Relationship": "Outer",
                                "Parallel Aware": true,
                                "Relation Name": "title",
                                "Alias": "t",
                                "Startup Cost": 11988.66,
                                "Total Cost": 52863.55,
                                "Plan Rows": 390151,
                                "Plan Width": 4,
                                "Actual Startup Time": 30.385,
                                "Actual Total Time": 91.384,
                                "Actual Rows": 331412,
                                "Actual Loops": 2,
                                "Recheck Cond": "(kind_id = 1)",
                                "Rows Removed by Index Recheck": 0,
                                "Exact Heap Blocks": 7842,
                                "Lossy Heap Blocks": 0,
                                "Plans": [
                                  {
                                    "Node Type": "Bitmap Index Scan",
                                    "Parent Relationship": "Outer",
                                    "Parallel Aware": false,
                                    "Index Name": "kind_id_title",
                                    "Startup Cost": 0.0,
                                    "Total Cost": 11822.85,
                                    "Plan Rows": 663256,
                                    "Plan Width": 0,
                                    "Actual Startup Time": 28.56,
                                    "Actual Total Time": 28.56,
                                    "Actual Rows": 662825,
                                    "Actual Loops": 1,
                                    "Index Cond": "(kind_id = 1)"
                                  }
                                ]
                              }
                            ]
                          }
                        ]
                      }
                    ]
                  }
                ]
              }
            ]
          }
        ]
      }
    ]
  },
  "Planning Time": 1.036,
  "Triggers": [],
  "Execution Time": 3636.075
}