{
  "Plan": {
    "Node Type": "Aggregate",
    "Strategy": "Plain",
    "Partial Mode": "Finalize",
    "Parallel Aware": false,
    "Startup Cost": 99619.23,
    "Total Cost": 99619.24,
    "Plan Rows": 1,
    "Plan Width": 8,
    "Actual Startup Time": 310.625,
    "Actual Total Time": 326.58,
    "Actual Rows": 1,
    "Actual Loops": 1,
    "Plans": [
      {
        "Node Type": "Gather",
        "Parent Relationship": "Outer",
        "Parallel Aware": false,
        "Startup Cost": 99619.12,
        "Total Cost": 99619.23,
        "Plan Rows": 1,
        "Plan Width": 8,
        "Actual Startup Time": 310.391,
        "Actual Total Time": 326.573,
        "Actual Rows": 2,
        "Actual Loops": 1,
        "Workers Planned": 1,
        "Workers Launched": 1,
        "Single Copy": false,
        "Plans": [
          {
            "Node Type": "Aggregate",
            "Strategy": "Plain",
            "Partial Mode": "Partial",
            "Parent Relationship": "Outer",
            "Parallel Aware": false,
            "Startup Cost": 98619.12,
            "Total Cost": 98619.13,
            "Plan Rows": 1,
            "Plan Width": 8,
            "Actual Startup Time": 304.554,
            "Actual Total Time": 304.557,
            "Actual Rows": 1,
            "Actual Loops": 2,
            "Plans": [
              {
                "Node Type": "Hash Join",
                "Parent Relationship": "Outer",
                "Parallel Aware": true,
                "Join Type": "Inner",
                "Startup Cost": 55094.65,
                "Total Cost": 98575.82,
                "Plan Rows": 17319,
                "Plan Width": 0,
                "Actual Startup Time": 202.062,
                "Actual Total Time": 304.102,
                "Actual Rows": 8904,
                "Actual Loops": 2,
                "Inner Unique": true,
                "Hash Cond": "(mc.movie_id = t.id)",
                "Plans": [
                  {
                    "Node Type": "Seq Scan",
                    "Parent Relationship": "Outer",
                    "Parallel Aware": true,
                    "Relation Name": "movie_companies",
                    "Alias": "mc",
                    "Startup Cost": 0.0,
                    "Total Cost": 41811.73,
                    "Plan Rows": 635979,
                    "Plan Width": 4,
                    "Actual Startup Time": 49.771,
                    "Actual Total Time": 111.192,
                    "Actual Rows": 424124,
                    "Actual Loops": 2,
                    "Filter": "((company_id < 74864) AND (company_type_id > 1))",
                    "Rows Removed by Filter": 880440
                  },
                  {
                    "Node Type": "Hash",
                    "Parent Relationship": "Inner",
                    "Parallel Aware": true,
                    "Startup Cost": 54588.39,
                    "Total Cost": 54588.39,
                    "Plan Rows": 40501,
                    "Plan Width": 4,
                    "Actual Startup Time": 149.661,
                    "Actual Total Time": 149.662,
                    "Actual Rows": 33671,
                    "Actual Loops": 2,
                    "Hash Buckets": 131072,
                    "Original Hash Buckets": 131072,
                    "Hash Batches": 1,
                    "Original Hash Batches": 1,
                    "Peak Memory Usage": 3680,
                    "Plans": [
                      {
                        "Node Type": "Seq Scan",
                        "Parent Relationship": "Outer",
                        "Parallel Aware": true,
                        "Relation Name": "title",
                        "Alias": "t",
                        "Startup Cost": 0.0,
                        "Total Cost": 54588.39,
                        "Plan Rows": 40501,
                        "Plan Width": 4,
                        "Actual Startup Time": 0.063,
                        "Actual Total Time": 139.232,
                        "Actual Rows": 33671,
                        "Actual Loops": 2,
                        "Filter": "(production_year > 2012)",
                        "Rows Removed by Filter": 1230485
                      }
                    ]
                  }
                ]
              }
            ]
          }
        ]
      }
    ]
  },
  "Planning Time": 0.487,
  "Triggers": [],
  "Execution Time": 326.657
}