[
  {
    "Plan": {
      "Node Type": "Aggregate",
      "Strategy": "Plain",
      "Partial Mode": "Finalize",
      "Parallel Aware": false,
      "Startup Cost": 199190.2,
      "Total Cost": 199190.21,
      "Plan Rows": 1,
      "Plan Width": 8,
      "Actual Startup Time": 252.568,
      "Actual Total Time": 267.143,
      "Actual Rows": 1,
      "Actual Loops": 1,
      "Plans": [
        {
          "Node Type": "Gather",
          "Parent Relationship": "Outer",
          "Parallel Aware": false,
          "Startup Cost": 199189.57,
          "Total Cost": 199190.18,
          "Plan Rows": 6,
          "Plan Width": 8,
          "Actual Startup Time": 252.464,
          "Actual Total Time": 267.132,
          "Actual Rows": 7,
          "Actual Loops": 1,
          "Workers Planned": 6,
          "Workers Launched": 6,
          "Single Copy": false,
          "Plans": [
            {
              "Node Type": "Aggregate",
              "Strategy": "Plain",
              "Partial Mode": "Partial",
              "Parent Relationship": "Outer",
              "Parallel Aware": false,
              "Startup Cost": 198189.57,
              "Total Cost": 198189.58,
              "Plan Rows": 1,
              "Plan Width": 8,
              "Actual Startup Time": 242.311,
              "Actual Total Time": 242.312,
              "Actual Rows": 1,
              "Actual Loops": 7,
              "Plans": [
                {
                  "Node Type": "Index Scan",
                  "Parent Relationship": "Outer",
                  "Parallel Aware": true,
                  "Scan Direction": "Forward",
                  "Index Name": "role_id_cast_info",
                  "Relation Name": "cast_info",
                  "Alias": "ci",
                  "Startup Cost": 0.56,
                  "Total Cost": 197877.72,
                  "Plan Rows": 124739,
                  "Plan Width": 0,
                  "Actual Startup Time": 9.277,
                  "Actual Total Time": 242.291,
                  "Actual Rows": 133,
                  "Actual Loops": 7,
                  "Index Cond": "(role_id = 2)",
                  "Rows Removed by Index Recheck": 0,
                  "Filter": "(person_id < 365133)",
                  "Rows Removed by Filter": 1064435
                }
              ]
            }
          ]
        }
      ]
    },
    "Planning Time": 0.192,
    "Triggers": [],
    "Execution Time": 267.196
  }
]