{
  "Plan": {
    "Node Type": "Aggregate",
    "Strategy": "Plain",
    "Partial Mode": "Finalize",
    "Parallel Aware": false,
    "Startup Cost": 93011.3,
    "Total Cost": 93011.31,
    "Plan Rows": 1,
    "Plan Width": 8,
    "Actual Startup Time": 462.366,
    "Actual Total Time": 472.259,
    "Actual Rows": 1,
    "Actual Loops": 1,
    "Plans": [
      {
        "Node Type": "Gather",
        "Parent Relationship": "Outer",
        "Parallel Aware": false,
        "Startup Cost": 93011.19,
        "Total Cost": 93011.3,
        "Plan Rows": 1,
        "Plan Width": 8,
        "Actual Startup Time": 461.47,
        "Actual Total Time": 472.253,
        "Actual Rows": 2,
        "Actual Loops": 1,
        "Workers Planned": 1,
        "Workers Launched": 1,
        "Single Copy": false,
        "Plans": [
          {
            "Node Type": "Aggregate",
            "Strategy": "Plain",
            "Partial Mode": "Partial",
            "Parent Relationship": "Outer",
            "Parallel Aware": false,
            "Startup Cost": 92011.19,
            "Total Cost": 92011.2,
            "Plan Rows": 1,
            "Plan Width": 8,
            "Actual Startup Time": 455.44,
            "Actual Total Time": 455.444,
            "Actual Rows": 1,
            "Actual Loops": 2,
            "Plans": [
              {
                "Node Type": "Hash Join",
                "Parent Relationship": "Outer",
                "Parallel Aware": true,
                "Join Type": "Inner",
                "Startup Cost": 30952.82,
                "Total Cost": 91744.89,
                "Plan Rows": 106517,
                "Plan Width": 0,
                "Actual Startup Time": 124.304,
                "Actual Total Time": 447.772,
                "Actual Rows": 179346,
                "Actual Loops": 2,
                "Inner Unique": false,
                "Hash Cond": "(t.id = mc.movie_id)",
                "Plans": [
                  {
                    "Node Type": "Seq Scan",
                    "Parent Relationship": "Outer",
                    "Parallel Aware": true,
                    "Relation Name": "title",
                    "Alias": "t",
                    "Startup Cost": 0.0,
                    "Total Cost": 50870.31,
                    "Plan Rows": 1487231,
                    "Plan Width": 4,
                    "Actual Startup Time": 0.01,
                    "Actual Total Time": 112.387,
                    "Actual Rows": 1264156,
                    "Actual Loops": 2
                  },
                  {
                    "Node Type": "Hash",
                    "Parent Relationship": "Inner",
                    "Parallel Aware": true,
                    "Startup Cost": 29621.36,
                    "Total Cost": 29621.36,
                    "Plan Rows": 106517,
                    "Plan Width": 4,
                    "Actual Startup Time": 113.882,
                    "Actual Total Time": 113.883,
                    "Actual Rows": 179346,
                    "Actual Loops": 2,
                    "Hash Buckets": 524288,
                    "Original Hash Buckets": 262144,
                    "Hash Batches": 1,
                    "Original Hash Batches": 1,
                    "Peak Memory Usage": 20192,
                    "Plans": [
                      {
                        "Node Type": "Bitmap Heap Scan",
                        "Parent Relationship": "Outer",
                        "Parallel Aware": true,
                        "Relation Name": "movie_companies",
                        "Alias": "mc",
                        "Startup Cost": 7684.51,
                        "Total Cost": 29621.36,
                        "Plan Rows": 106517,
                        "Plan Width": 4,
                        "Actual Startup Time": 30.27,
                        "Actual Total Time": 71.88,
                        "Actual Rows": 179346,
                        "Actual Loops": 2,
                        "Recheck Cond": "(company_id > 87203)",
                        "Rows Removed by Index Recheck": 0,
                        "Filter": "(company_type_id > 1)",
                        "Rows Removed by Filter": 0,
                        "Exact Heap Blocks": 3547,
                        "Lossy Heap Blocks": 0,
                        "Plans": [
                          {
                            "Node Type": "Bitmap Index Scan",
                            "Parent Relationship": "Outer",
                            "Parallel Aware": false,
                            "Index Name": "company_id_movie_companies",
                            "Startup Cost": 0.0,
                            "Total Cost": 7639.25,
                            "Plan Rows": 356642,
                            "Plan Width": 0,
                            "Actual Startup Time": 31.531,
                            "Actual Total Time": 31.532,
                            "Actual Rows": 358691,
                            "Actual Loops": 1,
                            "Index Cond": "(company_id > 87203)"
                          }
                        ]
                      }
                    ]
                  }
                ]
              }
            ]
          }
        ]
      }
    ]
  },
  "Planning Time": 0.765,
  "Triggers": [],
  "Execution Time": 472.348
}