{
  "Plan": {
    "Node Type": "Aggregate",
    "Strategy": "Plain",
    "Partial Mode": "Finalize",
    "Parallel Aware": false,
    "Startup Cost": 119019.85,
    "Total Cost": 119019.86,
    "Plan Rows": 1,
    "Plan Width": 8,
    "Actual Startup Time": 659.184,
    "Actual Total Time": 668.745,
    "Actual Rows": 1,
    "Actual Loops": 1,
    "Plans": [
      {
        "Node Type": "Gather",
        "Parent Relationship": "Outer",
        "Parallel Aware": false,
        "Startup Cost": 119019.74,
        "Total Cost": 119019.85,
        "Plan Rows": 1,
        "Plan Width": 8,
        "Actual Startup Time": 658.134,
        "Actual Total Time": 668.738,
        "Actual Rows": 2,
        "Actual Loops": 1,
        "Workers Planned": 1,
        "Workers Launched": 1,
        "Single Copy": false,
        "Plans": [
          {
            "Node Type": "Aggregate",
            "Strategy": "Plain",
            "Partial Mode": "Partial",
            "Parent Relationship": "Outer",
            "Parallel Aware": false,
            "Startup Cost": 118019.74,
            "Total Cost": 118019.75,
            "Plan Rows": 1,
            "Plan Width": 8,
            "Actual Startup Time": 652.035,
            "Actual Total Time": 652.039,
            "Actual Rows": 1,
            "Actual Loops": 2,
            "Plans": [
              {
                "Node Type": "Hash Join",
                "Parent Relationship": "Outer",
                "Parallel Aware": true,
                "Join Type": "Inner",
                "Startup Cost": 58350.18,
                "Total Cost": 116401.02,
                "Plan Rows": 647487,
                "Plan Width": 0,
                "Actual Startup Time": 234.514,
                "Actual Total Time": 598.649,
                "Actual Rows": 1388114,
                "Actual Loops": 2,
                "Inner Unique": true,
                "Hash Cond": "(mk.movie_id = t.id)",
                "Plans": [
                  {
                    "Node Type": "Seq Scan",
                    "Parent Relationship": "Outer",
                    "Parallel Aware": true,
                    "Relation Name": "movie_keyword",
                    "Alias": "mk",
                    "Startup Cost": 0.0,
                    "Total Cost": 51065.35,
                    "Plan Rows": 2661135,
                    "Plan Width": 4,
                    "Actual Startup Time": 0.013,
                    "Actual Total Time": 147.623,
                    "Actual Rows": 2261965,
                    "Actual Loops": 2
                  },
                  {
                    "Node Type": "Hash",
                    "Parent Relationship": "Inner",
                    "Parallel Aware": true,
                    "Startup Cost": 53826.9,
                    "Total Cost": 53826.9,
                    "Plan Rows": 361862,
                    "Plan Width": 4,
                    "Actual Startup Time": 161.383,
                    "Actual Total Time": 161.384,
                    "Actual Rows": 270500,
                    "Actual Loops": 2,
                    "Hash Buckets": 1048576,
                    "Original Hash Buckets": 1048576,
                    "Hash Batches": 1,
                    "Original Hash Batches": 1,
                    "Peak Memory Usage": 29408,
                    "Plans": [
                      {
                        "Node Type": "Bitmap Heap Scan",
                        "Parent Relationship": "Outer",
                        "Parallel Aware": true,
                        "Relation Name": "title",
                        "Alias": "t",
                        "Startup Cost": 11976.64,
                        "Total Cost": 53826.9,
                        "Plan Rows": 361862,
                        "Plan Width": 4,
                        "Actual Startup Time": 30.075,
                        "Actual Total Time": 95.676,
                        "Actual Rows": 270500,
                        "Actual Loops": 2,
                        "Recheck Cond": "(kind_id = 1)",
                        "Rows Removed by Index Recheck": 0,
                        "Filter": "(production_year > 1929)",
                        "Rows Removed by Filter": 60912,
                        "Exact Heap Blocks": 7726,
                        "Lossy Heap Blocks": 0,
                        "Plans": [
                          {
                            "Node Type": "Bitmap Index Scan",
                            "Parent Relationship": "Outer",
                            "Parallel Aware": false,
                            "Index Name": "kind_id_title",
                            "Startup Cost": 0.0,
                            "Total Cost": 11822.85,
                            "Plan Rows": 663256,
                            "Plan Width": 0,
                            "Actual Startup Time": 28.24,
                            "Actual Total Time": 28.241,
                            "Actual Rows": 662825,
                            "Actual Loops": 1,
                            "Index Cond": "(kind_id = 1)"
                          }
                        ]
                      }
                    ]
                  }
                ]
              }
            ]
          }
        ]
      }
    ]
  },
  "Planning Time": 0.673,
  "Triggers": [],
  "Execution Time": 668.832
}