[
  {
    "Plan": {
      "Node Type": "Aggregate",
      "Strategy": "Plain",
      "Partial Mode": "Finalize",
      "Parallel Aware": false,
      "Startup Cost": 32969.44,
      "Total Cost": 32969.45,
      "Plan Rows": 1,
      "Plan Width": 8,
      "Actual Startup Time": 103.91,
      "Actual Total Time": 112.218,
      "Actual Rows": 1,
      "Actual Loops": 1,
      "Plans": [
        {
          "Node Type": "Gather",
          "Parent Relationship": "Outer",
          "Parallel Aware": false,
          "Startup Cost": 32969.12,
          "Total Cost": 32969.43,
          "Plan Rows": 3,
          "Plan Width": 8,
          "Actual Startup Time": 103.805,
          "Actual Total Time": 112.208,
          "Actual Rows": 4,
          "Actual Loops": 1,
          "Workers Planned": 3,
          "Workers Launched": 3,
          "Single Copy": false,
          "Plans": [
            {
              "Node Type": "Aggregate",
              "Strategy": "Plain",
              "Partial Mode": "Partial",
              "Parent Relationship": "Outer",
              "Parallel Aware": false,
              "Startup Cost": 31969.12,
              "Total Cost": 31969.13,
              "Plan Rows": 1,
              "Plan Width": 8,
              "Actual Startup Time": 95.416,
              "Actual Total Time": 95.417,
              "Actual Rows": 1,
              "Actual Loops": 4,
              "Plans": [
                {
                  "Node Type": "Seq Scan",
                  "Parent Relationship": "Outer",
                  "Parallel Aware": true,
                  "Relation Name": "movie_companies",
                  "Alias": "mc",
                  "Startup Cost": 0.0,
                  "Total Cost": 31414.82,
                  "Plan Rows": 221722,
                  "Plan Width": 0,
                  "Actual Startup Time": 0.05,
                  "Actual Total Time": 81.197,
                  "Actual Rows": 235870,
                  "Actual Loops": 4,
                  "Filter": "((company_id < 12094) AND (company_type_id < 2))",
                  "Rows Removed by Filter": 416413
                }
              ]
            }
          ]
        }
      ]
    },
    "Planning Time": 0.252,
    "Triggers": [],
    "Execution Time": 112.285
  }
]