{
    "Plan": {
        "Node Type": "Aggregate",
        "Strategy": "Plain",
        "Partial Mode": "Finalize",
        "Parallel Aware": false,
        "Startup Cost": 130186.98,
        "Total Cost": 130186.99,
        "Plan Rows": 1,
        "Plan Width": 8,
        "Actual Startup Time": 630.585,
        "Actual Total Time": 657.071,
        "Actual Rows": 1,
        "Actual Loops": 1,
        "Output": [
            "count(*)"
        ],
        "Plans": [
            {
                "Node Type": "Gather",
                "Parent Relationship": "Outer",
                "Parallel Aware": false,
                "Startup Cost": 130186.67,
                "Total Cost": 130186.98,
                "Plan Rows": 3,
                "Plan Width": 8,
                "Actual Startup Time": 619.967,
                "Actual Total Time": 657.059,
                "Actual Rows": 4,
                "Actual Loops": 1,
                "Output": [
                    "(PARTIAL count(*))"
                ],
                "Workers Planned": 3,
                "Workers Launched": 3,
                "Single Copy": false,
                "Plans": [
                    {
                        "Node Type": "Aggregate",
                        "Strategy": "Plain",
                        "Partial Mode": "Partial",
                        "Parent Relationship": "Outer",
                        "Parallel Aware": false,
                        "Startup Cost": 129186.67,
                        "Total Cost": 129186.68,
                        "Plan Rows": 1,
                        "Plan Width": 8,
                        "Actual Startup Time": 610.487,
                        "Actual Total Time": 610.833,
                        "Actual Rows": 1,
                        "Actual Loops": 4,
                        "Output": [
                            "PARTIAL count(*)"
                        ],
                        "Workers": [
                            {
                                "Worker Number": 0,
                                "Actual Startup Time": 609.02,
                                "Actual Total Time": 609.024,
                                "Actual Rows": 1,
                                "Actual Loops": 1
                            },
                            {
                                "Worker Number": 1,
                                "Actual Startup Time": 607.721,
                                "Actual Total Time": 607.728,
                                "Actual Rows": 1,
                                "Actual Loops": 1
                            },
                            {
                                "Worker Number": 2,
                                "Actual Startup Time": 607.392,
                                "Actual Total Time": 607.397,
                                "Actual Rows": 1,
                                "Actual Loops": 1
                            }
                        ],
                        "Plans": [
                            {
                                "Node Type": "Hash Join",
                                "Parent Relationship": "Outer",
                                "Parallel Aware": true,
                                "Join Type": "Inner",
                                "Startup Cost": 82441.76,
                                "Total Cost": 128604.54,
                                "Plan Rows": 232851,
                                "Plan Width": 0,
                                "Actual Startup Time": 436.938,
                                "Actual Total Time": 606.785,
                                "Actual Rows": 103294,
                                "Actual Loops": 4,
                                "Inner Unique": false,
                                "Hash Cond": "(mk.movie_id = t.id)",
                                "Workers": [
                                    {
                                        "Worker Number": 0,
                                        "Actual Startup Time": 435.109,
                                        "Actual Total Time": 605.119,
                                        "Actual Rows": 99649,
                                        "Actual Loops": 1
                                    },
                                    {
                                        "Worker Number": 1,
                                        "Actual Startup Time": 434.301,
                                        "Actual Total Time": 604.07,
                                        "Actual Rows": 93036,
                                        "Actual Loops": 1
                                    },
                                    {
                                        "Worker Number": 2,
                                        "Actual Startup Time": 433.953,
                                        "Actual Total Time": 603.49,
                                        "Actual Rows": 99991,
                                        "Actual Loops": 1
                                    }
                                ],
                                "Plans": [
                                    {
                                        "Node Type": "Seq Scan",
                                        "Parent Relationship": "Outer",
                                        "Parallel Aware": true,
                                        "Relation Name": "movie_keyword",
                                        "Schema": "public",
                                        "Alias": "mk",
                                        "Startup Cost": 0.0,
                                        "Total Cost": 42695.65,
                                        "Plan Rows": 724265,
                                        "Plan Width": 4,
                                        "Actual Startup Time": 0.235,
                                        "Actual Total Time": 113.084,
                                        "Actual Rows": 560584,
                                        "Actual Loops": 4,
                                        "Output": [
                                            "mk.id",
                                            "mk.movie_id",
                                            "mk.keyword_id"
                                        ],
                                        "Filter": "(mk.keyword_id > 4836)",
                                        "Rows Removed by Filter": 570399,
                                        "Workers": [
                                            {
                                                "Worker Number": 0,
                                                "Actual Startup Time": 0.264,
                                                "Actual Total Time": 115.736,
                                                "Actual Rows": 536046,
                                                "Actual Loops": 1
                                            },
                                            {
                                                "Worker Number": 1,
                                                "Actual Startup Time": 0.176,
                                                "Actual Total Time": 115.416,
                                                "Actual Rows": 501690,
                                                "Actual Loops": 1
                                            },
                                            {
                                                "Worker Number": 2,
                                                "Actual Startup Time": 0.252,
                                                "Actual Total Time": 115.627,
                                                "Actual Rows": 534001,
                                                "Actual Loops": 1
                                            }
                                        ]
                                    },
                                    {
                                        "Node Type": "Hash",
                                        "Parent Relationship": "Inner",
                                        "Parallel Aware": true,
                                        "Startup Cost": 79164.12,
                                        "Total Cost": 79164.12,
                                        "Plan Rows": 262211,
                                        "Plan Width": 8,
                                        "Actual Startup Time": 432.071,
                                        "Actual Total Time": 432.416,
                                        "Actual Rows": 103435,
                                        "Actual Loops": 4,
                                        "Output": [
                                            "t.id",
                                            "mc.movie_id"
                                        ],
                                        "Hash Buckets": 1048576,
                                        "Original Hash Buckets": 1048576,
                                        "Hash Batches": 1,
                                        "Original Hash Batches": 1,
                                        "Peak Memory Usage": 24448,
                                        "Workers": [
                                            {
                                                "Worker Number": 0,
                                                "Actual Startup Time": 434.213,
                                                "Actual Total Time": 434.216,
                                                "Actual Rows": 105884,
                                                "Actual Loops": 1
                                            },
                                            {
                                                "Worker Number": 1,
                                                "Actual Startup Time": 433.334,
                                                "Actual Total Time": 433.338,
                                                "Actual Rows": 92666,
                                                "Actual Loops": 1
                                            },
                                            {
                                                "Worker Number": 2,
                                                "Actual Startup Time": 433.094,
                                                "Actual Total Time": 433.098,
                                                "Actual Rows": 104429,
                                                "Actual Loops": 1
                                            }
                                        ],
                                        "Plans": [
                                            {
                                                "Node Type": "Hash Join",
                                                "Parent Relationship": "Outer",
                                                "Parallel Aware": true,
                                                "Join Type": "Inner",
                                                "Startup Cost": 48727.04,
                                                "Total Cost": 79164.12,
                                                "Plan Rows": 262211,
                                                "Plan Width": 8,
                                                "Actual Startup Time": 272.137,
                                                "Actual Total Time": 399.614,
                                                "Actual Rows": 103435,
                                                "Actual Loops": 4,
                                                "Output": [
                                                    "t.id",
                                                    "mc.movie_id"
                                                ],
                                                "Inner Unique": true,
                                                "Hash Cond": "(mc.movie_id = t.id)",
                                                "Workers": [
                                                    {
                                                        "Worker Number": 0,
                                                        "Actual Startup Time": 272.127,
                                                        "Actual Total Time": 399.072,
                                                        "Actual Rows": 105884,
                                                        "Actual Loops": 1
                                                    },
                                                    {
                                                        "Worker Number": 1,
                                                        "Actual Startup Time": 272.108,
                                                        "Actual Total Time": 399.944,
                                                        "Actual Rows": 92666,
                                                        "Actual Loops": 1
                                                    },
                                                    {
                                                        "Worker Number": 2,
                                                        "Actual Startup Time": 272.063,
                                                        "Actual Total Time": 399.041,
                                                        "Actual Rows": 104429,
                                                        "Actual Loops": 1
                                                    }
                                                ],
                                                "Plans": [
                                                    {
                                                        "Node Type": "Seq Scan",
                                                        "Parent Relationship": "Outer",
                                                        "Parallel Aware": true,
                                                        "Relation Name": "movie_companies",
                                                        "Schema": "public",
                                                        "Alias": "mc",
                                                        "Startup Cost": 0.0,
                                                        "Total Cost": 29310.68,
                                                        "Plan Rows": 429104,
                                                        "Plan Width": 4,
                                                        "Actual Startup Time": 28.049,
                                                        "Actual Total Time": 63.915,
                                                        "Actual Rows": 333721,
                                                        "Actual Loops": 4,
                                                        "Output": [
                                                            "mc.id",
                                                            "mc.movie_id",
                                                            "mc.company_id",
                                                            "mc.company_type_id",
                                                            "mc.note"
                                                        ],
                                                        "Filter": "(mc.company_type_id > 1)",
                                                        "Rows Removed by Filter": 318562,
                                                        "Workers": [
                                                            {
                                                                "Worker Number": 0,
                                                                "Actual Startup Time": 28.118,
                                                                "Actual Total Time": 65.181,
                                                                "Actual Rows": 339259,
                                                                "Actual Loops": 1
                                                            },
                                                            {
                                                                "Worker Number": 1,
                                                                "Actual Startup Time": 28.136,
                                                                "Actual Total Time": 63.002,
                                                                "Actual Rows": 296937,
                                                                "Actual Loops": 1
                                                            },
                                                            {
                                                                "Worker Number": 2,
                                                                "Actual Startup Time": 27.986,
                                                                "Actual Total Time": 65.037,
                                                                "Actual Rows": 337184,
                                                                "Actual Loops": 1
                                                            }
                                                        ]
                                                    },
                                                    {
                                                        "Node Type": "Hash",
                                                        "Parent Relationship": "Inner",
                                                        "Parallel Aware": true,
                                                        "Startup Cost": 43899.01,
                                                        "Total Cost": 43899.01,
                                                        "Plan Rows": 386243,
                                                        "Plan Width": 4,
                                                        "Actual Startup Time": 239.718,
                                                        "Actual Total Time": 239.719,
                                                        "Actual Rows": 388966,
                                                        "Actual Loops": 4,
                                                        "Output": [
                                                            "t.id"
                                                        ],
                                                        "Hash Buckets": 2097152,
                                                        "Original Hash Buckets": 2097152,
                                                        "Hash Batches": 1,
                                                        "Original Hash Batches": 1,
                                                        "Peak Memory Usage": 77312,
                                                        "Workers": [
                                                            {
                                                                "Worker Number": 0,
                                                                "Actual Startup Time": 243.898,
                                                                "Actual Total Time": 243.898,
                                                                "Actual Rows": 366738,
                                                                "Actual Loops": 1
                                                            },
                                                            {
                                                                "Worker Number": 1,
                                                                "Actual Startup Time": 243.895,
                                                                "Actual Total Time": 243.896,
                                                                "Actual Rows": 319596,
                                                                "Actual Loops": 1
                                                            },
                                                            {
                                                                "Worker Number": 2,
                                                                "Actual Startup Time": 243.801,
                                                                "Actual Total Time": 243.802,
                                                                "Actual Rows": 366324,
                                                                "Actual Loops": 1
                                                            }
                                                        ],
                                                        "Plans": [
                                                            {
                                                                "Node Type": "Seq Scan",
                                                                "Parent Relationship": "Outer",
                                                                "Parallel Aware": true,
                                                                "Relation Name": "title",
                                                                "Schema": "public",
                                                                "Alias": "t",
                                                                "Startup Cost": 0.0,
                                                                "Total Cost": 43899.01,
                                                                "Plan Rows": 386243,
                                                                "Plan Width": 4,
                                                                "Actual Startup Time": 0.075,
                                                                "Actual Total Time": 103.109,
                                                                "Actual Rows": 388966,
                                                                "Actual Loops": 4,
                                                                "Output": [
                                                                    "t.id"
                                                                ],
                                                                "Filter": "(t.kind_id > 4)",
                                                                "Rows Removed by Filter": 243112,
                                                                "Workers": [
                                                                    {
                                                                        "Worker Number": 0,
                                                                        "Actual Startup Time": 0.081,
                                                                        "Actual Total Time": 107.25,
                                                                        "Actual Rows": 366738,
                                                                        "Actual Loops": 1
                                                                    },
                                                                    {
                                                                        "Worker Number": 1,
                                                                        "Actual Startup Time": 0.091,
                                                                        "Actual Total Time": 104.246,
                                                                        "Actual Rows": 319596,
                                                                        "Actual Loops": 1
                                                                    },
                                                                    {
                                                                        "Worker Number": 2,
                                                                        "Actual Startup Time": 0.11,
                                                                        "Actual Total Time": 107.451,
                                                                        "Actual Rows": 366324,
                                                                        "Actual Loops": 1
                                                                    }
                                                                ]
                                                            }
                                                        ]
                                                    }
                                                ]
                                            }
                                        ]
                                    }
                                ]
                            }
                        ]
                    }
                ]
            }
        ]
    },
    "Planning Time": 1.591,
    "Triggers": [],
    "Execution Time": 657.159
}