{
    "Plan": {
        "Node Type": "Aggregate",
        "Strategy": "Plain",
        "Partial Mode": "Finalize",
        "Parallel Aware": false,
        "Startup Cost": 77611.22,
        "Total Cost": 77611.23,
        "Plan Rows": 1,
        "Plan Width": 8,
        "Actual Startup Time": 215.658,
        "Actual Total Time": 231.242,
        "Actual Rows": 1,
        "Actual Loops": 1,
        "Output": [
            "count(*)"
        ],
        "Plans": [
            {
                "Node Type": "Gather",
                "Parent Relationship": "Outer",
                "Parallel Aware": false,
                "Startup Cost": 77610.9,
                "Total Cost": 77611.21,
                "Plan Rows": 3,
                "Plan Width": 8,
                "Actual Startup Time": 214.66,
                "Actual Total Time": 231.233,
                "Actual Rows": 4,
                "Actual Loops": 1,
                "Output": [
                    "(PARTIAL count(*))"
                ],
                "Workers Planned": 3,
                "Workers Launched": 3,
                "Single Copy": false,
                "Plans": [
                    {
                        "Node Type": "Aggregate",
                        "Strategy": "Plain",
                        "Partial Mode": "Partial",
                        "Parent Relationship": "Outer",
                        "Parallel Aware": false,
                        "Startup Cost": 76610.9,
                        "Total Cost": 76610.91,
                        "Plan Rows": 1,
                        "Plan Width": 8,
                        "Actual Startup Time": 205.891,
                        "Actual Total Time": 205.895,
                        "Actual Rows": 1,
                        "Actual Loops": 4,
                        "Output": [
                            "PARTIAL count(*)"
                        ],
                        "Workers": [
                            {
                                "Worker Number": 0,
                                "Actual Startup Time": 203.032,
                                "Actual Total Time": 203.035,
                                "Actual Rows": 1,
                                "Actual Loops": 1
                            },
                            {
                                "Worker Number": 1,
                                "Actual Startup Time": 202.876,
                                "Actual Total Time": 202.88,
                                "Actual Rows": 1,
                                "Actual Loops": 1
                            },
                            {
                                "Worker Number": 2,
                                "Actual Startup Time": 203.595,
                                "Actual Total Time": 203.599,
                                "Actual Rows": 1,
                                "Actual Loops": 1
                            }
                        ],
                        "Plans": [
                            {
                                "Node Type": "Hash Join",
                                "Parent Relationship": "Outer",
                                "Parallel Aware": true,
                                "Join Type": "Inner",
                                "Startup Cost": 44394.13,
                                "Total Cost": 76565.73,
                                "Plan Rows": 18067,
                                "Plan Width": 0,
                                "Actual Startup Time": 115.071,
                                "Actual Total Time": 205.447,
                                "Actual Rows": 7440,
                                "Actual Loops": 4,
                                "Inner Unique": true,
                                "Hash Cond": "(mc.movie_id = t.id)",
                                "Workers": [
                                    {
                                        "Worker Number": 0,
                                        "Actual Startup Time": 112.081,
                                        "Actual Total Time": 202.535,
                                        "Actual Rows": 5207,
                                        "Actual Loops": 1
                                    },
                                    {
                                        "Worker Number": 1,
                                        "Actual Startup Time": 112.212,
                                        "Actual Total Time": 202.48,
                                        "Actual Rows": 6994,
                                        "Actual Loops": 1
                                    },
                                    {
                                        "Worker Number": 2,
                                        "Actual Startup Time": 112.746,
                                        "Actual Total Time": 203.13,
                                        "Actual Rows": 8077,
                                        "Actual Loops": 1
                                    }
                                ],
                                "Plans": [
                                    {
                                        "Node Type": "Seq Scan",
                                        "Parent Relationship": "Outer",
                                        "Parallel Aware": true,
                                        "Relation Name": "movie_companies",
                                        "Schema": "public",
                                        "Alias": "mc",
                                        "Startup Cost": 0.0,
                                        "Total Cost": 31414.82,
                                        "Plan Rows": 288299,
                                        "Plan Width": 4,
                                        "Actual Startup Time": 0.507,
                                        "Actual Total Time": 66.176,
                                        "Actual Rows": 180964,
                                        "Actual Loops": 4,
                                        "Output": [
                                            "mc.id",
                                            "mc.movie_id",
                                            "mc.company_id",
                                            "mc.company_type_id",
                                            "mc.note"
                                        ],
                                        "Filter": "((mc.company_id > 1685) AND (mc.company_type_id < 2))",
                                        "Rows Removed by Filter": 471318,
                                        "Workers": [
                                            {
                                                "Worker Number": 0,
                                                "Actual Startup Time": 0.456,
                                                "Actual Total Time": 67.91,
                                                "Actual Rows": 126360,
                                                "Actual Loops": 1
                                            },
                                            {
                                                "Worker Number": 1,
                                                "Actual Startup Time": 0.458,
                                                "Actual Total Time": 65.136,
                                                "Actual Rows": 174844,
                                                "Actual Loops": 1
                                            },
                                            {
                                                "Worker Number": 2,
                                                "Actual Startup Time": 0.535,
                                                "Actual Total Time": 66.503,
                                                "Actual Rows": 192126,
                                                "Actual Loops": 1
                                            }
                                        ]
                                    },
                                    {
                                        "Node Type": "Hash",
                                        "Parent Relationship": "Inner",
                                        "Parallel Aware": true,
                                        "Startup Cost": 43899.01,
                                        "Total Cost": 43899.01,
                                        "Plan Rows": 39610,
                                        "Plan Width": 4,
                                        "Actual Startup Time": 112.179,
                                        "Actual Total Time": 112.18,
                                        "Actual Rows": 40004,
                                        "Actual Loops": 4,
                                        "Output": [
                                            "t.id"
                                        ],
                                        "Hash Buckets": 262144,
                                        "Original Hash Buckets": 262144,
                                        "Hash Batches": 1,
                                        "Original Hash Batches": 1,
                                        "Peak Memory Usage": 8384,
                                        "Workers": [
                                            {
                                                "Worker Number": 0,
                                                "Actual Startup Time": 110.802,
                                                "Actual Total Time": 110.803,
                                                "Actual Rows": 28304,
                                                "Actual Loops": 1
                                            },
                                            {
                                                "Worker Number": 1,
                                                "Actual Startup Time": 110.771,
                                                "Actual Total Time": 110.772,
                                                "Actual Rows": 35400,
                                                "Actual Loops": 1
                                            },
                                            {
                                                "Worker Number": 2,
                                                "Actual Startup Time": 111.485,
                                                "Actual Total Time": 111.486,
                                                "Actual Rows": 38958,
                                                "Actual Loops": 1
                                            }
                                        ],
                                        "Plans": [
                                            {
                                                "Node Type": "Seq Scan",
                                                "Parent Relationship": "Outer",
                                                "Parallel Aware": true,
                                                "Relation Name": "title",
                                                "Schema": "public",
                                                "Alias": "t",
                                                "Startup Cost": 0.0,
                                                "Total Cost": 43899.01,
                                                "Plan Rows": 39610,
                                                "Plan Width": 4,
                                                "Actual Startup Time": 0.054,
                                                "Actual Total Time": 96.796,
                                                "Actual Rows": 40004,
                                                "Actual Loops": 4,
                                                "Output": [
                                                    "t.id"
                                                ],
                                                "Filter": "(t.production_year = 2011)",
                                                "Rows Removed by Filter": 592074,
                                                "Workers": [
                                                    {
                                                        "Worker Number": 0,
                                                        "Actual Startup Time": 0.067,
                                                        "Actual Total Time": 96.869,
                                                        "Actual Rows": 28304,
                                                        "Actual Loops": 1
                                                    },
                                                    {
                                                        "Worker Number": 1,
                                                        "Actual Startup Time": 0.057,
                                                        "Actual Total Time": 95.656,
                                                        "Actual Rows": 35400,
                                                        "Actual Loops": 1
                                                    },
                                                    {
                                                        "Worker Number": 2,
                                                        "Actual Startup Time": 0.07,
                                                        "Actual Total Time": 97.294,
                                                        "Actual Rows": 38958,
                                                        "Actual Loops": 1
                                                    }
                                                ]
                                            }
                                        ]
                                    }
                                ]
                            }
                        ]
                    }
                ]
            }
        ]
    },
    "Planning Time": 0.662,
    "Triggers": [],
    "Execution Time": 231.305
}