[
  {
    "Plan": {
      "Node Type": "Aggregate",
      "Strategy": "Plain",
      "Partial Mode": "Finalize",
      "Parallel Aware": false,
      "Startup Cost": 119692.74,
      "Total Cost": 119692.75,
      "Plan Rows": 1,
      "Plan Width": 8,
      "Actual Startup Time": 175.128,
      "Actual Total Time": 192.613,
      "Actual Rows": 1,
      "Actual Loops": 1,
      "Plans": [
        {
          "Node Type": "Gather",
          "Parent Relationship": "Outer",
          "Parallel Aware": false,
          "Startup Cost": 119692.22,
          "Total Cost": 119692.73,
          "Plan Rows": 5,
          "Plan Width": 8,
          "Actual Startup Time": 174.998,
          "Actual Total Time": 192.6,
          "Actual Rows": 6,
          "Actual Loops": 1,
          "Workers Planned": 5,
          "Workers Launched": 5,
          "Single Copy": false,
          "Plans": [
            {
              "Node Type": "Aggregate",
              "Strategy": "Plain",
              "Partial Mode": "Partial",
              "Parent Relationship": "Outer",
              "Parallel Aware": false,
              "Startup Cost": 118692.22,
              "Total Cost": 118692.23,
              "Plan Rows": 1,
              "Plan Width": 8,
              "Actual Startup Time": 170.364,
              "Actual Total Time": 170.365,
              "Actual Rows": 1,
              "Actual Loops": 6,
              "Plans": [
                {
                  "Node Type": "Index Scan",
                  "Parent Relationship": "Outer",
                  "Parallel Aware": true,
                  "Scan Direction": "Forward",
                  "Index Name": "role_id_cast_info",
                  "Relation Name": "cast_info",
                  "Alias": "ci",
                  "Startup Cost": 0.56,
                  "Total Cost": 118067.1,
                  "Plan Rows": 250047,
                  "Plan Width": 0,
                  "Actual Startup Time": 0.193,
                  "Actual Total Time": 166.23,
                  "Actual Rows": 68078,
                  "Actual Loops": 6,
                  "Index Cond": "(role_id = 10)",
                  "Rows Removed by Index Recheck": 0,
                  "Filter": "(person_id < 1028627)",
                  "Rows Removed by Filter": 652425
                }
              ]
            }
          ]
        }
      ]
    },
    "Planning Time": 0.241,
    "Triggers": [],
    "Execution Time": 192.678
  }
]