[
  {
    "Plan": {
      "Node Type": "Aggregate",
      "Strategy": "Plain",
      "Partial Mode": "Finalize",
      "Parallel Aware": false,
      "Startup Cost": 76785.85,
      "Total Cost": 76785.86,
      "Plan Rows": 1,
      "Plan Width": 8,
      "Actual Startup Time": 481.565,
      "Actual Total Time": 502.615,
      "Actual Rows": 1,
      "Actual Loops": 1,
      "Plans": [
        {
          "Node Type": "Gather",
          "Parent Relationship": "Outer",
          "Parallel Aware": false,
          "Startup Cost": 76785.53,
          "Total Cost": 76785.84,
          "Plan Rows": 3,
          "Plan Width": 8,
          "Actual Startup Time": 468.353,
          "Actual Total Time": 502.607,
          "Actual Rows": 4,
          "Actual Loops": 1,
          "Workers Planned": 3,
          "Workers Launched": 3,
          "Single Copy": false,
          "Plans": [
            {
              "Node Type": "Aggregate",
              "Strategy": "Plain",
              "Partial Mode": "Partial",
              "Parent Relationship": "Outer",
              "Parallel Aware": false,
              "Startup Cost": 75785.53,
              "Total Cost": 75785.54,
              "Plan Rows": 1,
              "Plan Width": 8,
              "Actual Startup Time": 455.288,
              "Actual Total Time": 455.292,
              "Actual Rows": 1,
              "Actual Loops": 4,
              "Plans": [
                {
                  "Node Type": "Hash Join",
                  "Parent Relationship": "Outer",
                  "Parallel Aware": true,
                  "Join Type": "Inner",
                  "Startup Cost": 55581.94,
                  "Total Cost": 75683.02,
                  "Plan Rows": 41003,
                  "Plan Width": 0,
                  "Actual Startup Time": 402.34,
                  "Actual Total Time": 451.778,
                  "Actual Rows": 61050,
                  "Actual Loops": 4,
                  "Inner Unique": true,
                  "Hash Cond": "(mc.movie_id = t.id)",
                  "Plans": [
                    {
                      "Node Type": "Bitmap Heap Scan",
                      "Parent Relationship": "Outer",
                      "Parallel Aware": true,
                      "Relation Name": "movie_companies",
                      "Alias": "mc",
                      "Startup Cost": 5361.55,
                      "Total Cost": 25355.0,
                      "Plan Rows": 41003,
                      "Plan Width": 4,
                      "Actual Startup Time": 17.064,
                      "Actual Total Time": 35.829,
                      "Actual Rows": 61050,
                      "Actual Loops": 4,
                      "Recheck Cond": "(company_id > 102166)",
                      "Rows Removed by Index Recheck": 0,
                      "Filter": "(company_type_id > 1)",
                      "Rows Removed by Filter": 0,
                      "Exact Heap Blocks": 1307,
                      "Lossy Heap Blocks": 0,
                      "Plans": [
                        {
                          "Node Type": "Bitmap Index Scan",
                          "Parent Relationship": "Outer",
                          "Parallel Aware": false,
                          "Index Name": "company_id_movie_companies",
                          "Startup Cost": 0.0,
                          "Total Cost": 5329.78,
                          "Plan Rows": 248713,
                          "Plan Width": 0,
                          "Actual Startup Time": 15.911,
                          "Actual Total Time": 15.912,
                          "Actual Rows": 244199,
                          "Actual Loops": 1,
                          "Index Cond": "(company_id > 102166)"
                        }
                      ]
                    },
                    {
                      "Node Type": "Hash",
                      "Parent Relationship": "Inner",
                      "Parallel Aware": true,
                      "Startup Cost": 42319.06,
                      "Total Cost": 42319.06,
                      "Plan Rows": 632106,
                      "Plan Width": 4,
                      "Actual Startup Time": 376.422,
                      "Actual Total Time": 376.424,
                      "Actual Rows": 632078,
                      "Actual Loops": 4,
                      "Hash Buckets": 4194304,
                      "Original Hash Buckets": 4194304,
                      "Hash Batches": 1,
                      "Original Hash Batches": 1,
                      "Peak Memory Usage": 131744,
                      "Plans": [
                        {
                          "Node Type": "Seq Scan",
                          "Parent Relationship": "Outer",
                          "Parallel Aware": true,
                          "Relation Name": "title",
                          "Alias": "t",
                          "Startup Cost": 0.0,
                          "Total Cost": 42319.06,
                          "Plan Rows": 632106,
                          "Plan Width": 4,
                          "Actual Startup Time": 0.037,
                          "Actual Total Time": 112.279,
                          "Actual Rows": 632078,
                          "Actual Loops": 4
                        }
                      ]
                    }
                  ]
                }
              ]
            }
          ]
        }
      ]
    },
    "Planning Time": 0.292,
    "Triggers": [],
    "Execution Time": 502.664
  }
]