[
  {
    "Plan": {
      "Node Type": "Aggregate",
      "Strategy": "Plain",
      "Partial Mode": "Finalize",
      "Parallel Aware": false,
      "Startup Cost": 32032.19,
      "Total Cost": 32032.2,
      "Plan Rows": 1,
      "Plan Width": 8,
      "Actual Startup Time": 117.98,
      "Actual Total Time": 126.591,
      "Actual Rows": 1,
      "Actual Loops": 1,
      "Plans": [
        {
          "Node Type": "Gather",
          "Parent Relationship": "Outer",
          "Parallel Aware": false,
          "Startup Cost": 32031.87,
          "Total Cost": 32032.18,
          "Plan Rows": 3,
          "Plan Width": 8,
          "Actual Startup Time": 117.849,
          "Actual Total Time": 126.581,
          "Actual Rows": 4,
          "Actual Loops": 1,
          "Workers Planned": 3,
          "Workers Launched": 3,
          "Single Copy": false,
          "Plans": [
            {
              "Node Type": "Aggregate",
              "Strategy": "Plain",
              "Partial Mode": "Partial",
              "Parent Relationship": "Outer",
              "Parallel Aware": false,
              "Startup Cost": 31031.87,
              "Total Cost": 31031.88,
              "Plan Rows": 1,
              "Plan Width": 8,
              "Actual Startup Time": 109.464,
              "Actual Total Time": 109.465,
              "Actual Rows": 1,
              "Actual Loops": 4,
              "Plans": [
                {
                  "Node Type": "Seq Scan",
                  "Parent Relationship": "Outer",
                  "Parallel Aware": true,
                  "Relation Name": "movie_companies",
                  "Alias": "mc",
                  "Startup Cost": 0.0,
                  "Total Cost": 29310.68,
                  "Plan Rows": 688476,
                  "Plan Width": 0,
                  "Actual Startup Time": 0.046,
                  "Actual Total Time": 83.021,
                  "Actual Rows": 532087,
                  "Actual Loops": 4,
                  "Filter": "(company_id < 75184)",
                  "Rows Removed by Filter": 120196
                }
              ]
            }
          ]
        }
      ]
    },
    "Planning Time": 0.164,
    "Triggers": [],
    "Execution Time": 126.65
  }
]