[
  {
    "Plan": {
      "Node Type": "Aggregate",
      "Strategy": "Plain",
      "Partial Mode": "Finalize",
      "Parallel Aware": false,
      "Startup Cost": 348794.04,
      "Total Cost": 348794.05,
      "Plan Rows": 1,
      "Plan Width": 8,
      "Actual Startup Time": 806.287,
      "Actual Total Time": 873.258,
      "Actual Rows": 1,
      "Actual Loops": 1,
      "Plans": [
        {
          "Node Type": "Gather",
          "Parent Relationship": "Outer",
          "Parallel Aware": false,
          "Startup Cost": 348793.41,
          "Total Cost": 348794.02,
          "Plan Rows": 6,
          "Plan Width": 8,
          "Actual Startup Time": 806.202,
          "Actual Total Time": 873.248,
          "Actual Rows": 7,
          "Actual Loops": 1,
          "Workers Planned": 6,
          "Workers Launched": 6,
          "Single Copy": false,
          "Plans": [
            {
              "Node Type": "Aggregate",
              "Strategy": "Plain",
              "Partial Mode": "Partial",
              "Parent Relationship": "Outer",
              "Parallel Aware": false,
              "Startup Cost": 347793.41,
              "Total Cost": 347793.42,
              "Plan Rows": 1,
              "Plan Width": 8,
              "Actual Startup Time": 796.305,
              "Actual Total Time": 796.306,
              "Actual Rows": 1,
              "Actual Loops": 7,
              "Plans": [
                {
                  "Node Type": "Seq Scan",
                  "Parent Relationship": "Outer",
                  "Parallel Aware": true,
                  "Relation Name": "cast_info",
                  "Alias": "ci",
                  "Startup Cost": 0.0,
                  "Total Cost": 343257.03,
                  "Plan Rows": 1814554,
                  "Plan Width": 0,
                  "Actual Startup Time": 365.25,
                  "Actual Total Time": 708.547,
                  "Actual Rows": 1821325,
                  "Actual Loops": 7,
                  "Filter": "((person_id > 1196010) AND (role_id > 2))",
                  "Rows Removed by Filter": 3356438
                }
              ]
            }
          ]
        }
      ]
    },
    "Planning Time": 0.256,
    "Triggers": [],
    "Execution Time": 873.333
  }
]