{
  "Plan": {
    "Node Type": "Aggregate",
    "Strategy": "Plain",
    "Partial Mode": "Finalize",
    "Parallel Aware": false,
    "Startup Cost": 420232.11,
    "Total Cost": 420232.12,
    "Plan Rows": 1,
    "Plan Width": 8,
    "Actual Startup Time": 1389.978,
    "Actual Total Time": 1405.665,
    "Actual Rows": 1,
    "Actual Loops": 1,
    "Plans": [
      {
        "Node Type": "Gather",
        "Parent Relationship": "Outer",
        "Parallel Aware": false,
        "Startup Cost": 420232.0,
        "Total Cost": 420232.11,
        "Plan Rows": 1,
        "Plan Width": 8,
        "Actual Startup Time": 1387.097,
        "Actual Total Time": 1405.654,
        "Actual Rows": 2,
        "Actual Loops": 1,
        "Workers Planned": 1,
        "Workers Launched": 1,
        "Single Copy": false,
        "Plans": [
          {
            "Node Type": "Aggregate",
            "Strategy": "Plain",
            "Partial Mode": "Partial",
            "Parent Relationship": "Outer",
            "Parallel Aware": false,
            "Startup Cost": 419232.0,
            "Total Cost": 419232.01,
            "Plan Rows": 1,
            "Plan Width": 8,
            "Actual Startup Time": 1376.335,
            "Actual Total Time": 1376.345,
            "Actual Rows": 1,
            "Actual Loops": 2,
            "Plans": [
              {
                "Node Type": "Merge Join",
                "Parent Relationship": "Outer",
                "Parallel Aware": false,
                "Join Type": "Inner",
                "Startup Cost": 402055.93,
                "Total Cost": 418034.65,
                "Plan Rows": 478940,
                "Plan Width": 0,
                "Actual Startup Time": 1287.561,
                "Actual Total Time": 1368.13,
                "Actual Rows": 191452,
                "Actual Loops": 2,
                "Inner Unique": false,
                "Merge Cond": "(t.id = mc.movie_id)",
                "Plans": [
                  {
                    "Node Type": "Sort",
                    "Parent Relationship": "Outer",
                    "Parallel Aware": false,
                    "Startup Cost": 220960.18,
                    "Total Cost": 223245.34,
                    "Plan Rows": 914065,
                    "Plan Width": 8,
                    "Actual Startup Time": 779.453,
                    "Actual Total Time": 786.295,
                    "Actual Rows": 180563,
                    "Actual Loops": 2,
                    "Sort Key": [
                      "t.id"
                    ],
                    "Sort Method": "quicksort",
                    "Sort Space Used": 14675,
                    "Sort Space Type": "Memory",
                    "Workers": [
                      {
                        "Worker Number": 0,
                        "Sort Method": "quicksort",
                        "Sort Space Used": 14542,
                        "Sort Space Type": "Memory"
                      }
                    ],
                    "Plans": [
                      {
                        "Node Type": "Hash Join",
                        "Parent Relationship": "Outer",
                        "Parallel Aware": true,
                        "Join Type": "Inner",
                        "Startup Cost": 68258.63,
                        "Total Cost": 130458.89,
                        "Plan Rows": 914065,
                        "Plan Width": 8,
                        "Actual Startup Time": 386.889,
                        "Actual Total Time": 747.178,
                        "Actual Rows": 180563,
                        "Actual Loops": 2,
                        "Inner Unique": true,
                        "Hash Cond": "(mk.movie_id = t.id)",
                        "Plans": [
                          {
                            "Node Type": "Seq Scan",
                            "Parent Relationship": "Outer",
                            "Parallel Aware": true,
                            "Relation Name": "movie_keyword",
                            "Alias": "mk",
                            "Startup Cost": 0.0,
                            "Total Cost": 57718.19,
                            "Plan Rows": 1707451,
                            "Plan Width": 4,
                            "Actual Startup Time": 0.015,
                            "Actual Total Time": 195.069,
                            "Actual Rows": 1448970,
                            "Actual Loops": 2,
                            "Filter": "(keyword_id < 9195)",
                            "Rows Removed by Filter": 812995
                          },
                          {
                            "Node Type": "Hash",
                            "Parent Relationship": "Inner",
                            "Parallel Aware": true,
                            "Startup Cost": 58306.47,
                            "Total Cost": 58306.47,
                            "Plan Rows": 796173,
                            "Plan Width": 4,
                            "Actual Startup Time": 373.241,
                            "Actual Total Time": 373.243,
                            "Actual Rows": 663890,
                            "Actual Loops": 2,
                            "Hash Buckets": 2097152,
                            "Original Hash Buckets": 2097152,
                            "Hash Batches": 1,
                            "Original Hash Batches": 1,
                            "Peak Memory Usage": 68352,
                            "Plans": [
                              {
                                "Node Type": "Seq Scan",
                                "Parent Relationship": "Outer",
                                "Parallel Aware": true,
                                "Relation Name": "title",
                                "Alias": "t",
                                "Startup Cost": 0.0,
                                "Total Cost": 58306.47,
                                "Plan Rows": 796173,
                                "Plan Width": 4,
                                "Actual Startup Time": 0.03,
                                "Actual Total Time": 171.631,
                                "Actual Rows": 663890,
                                "Actual Loops": 2,
                                "Filter": "((production_year < 2012) AND (kind_id = 7))",
                                "Rows Removed by Filter": 600266
                              }
                            ]
                          }
                        ]
                      }
                    ]
                  },
                  {
                    "Node Type": "Sort",
                    "Parent Relationship": "Inner",
                    "Parallel Aware": false,
                    "Startup Cost": 181095.66,
                    "Total Cost": 184407.51,
                    "Plan Rows": 1324742,
                    "Plan Width": 4,
                    "Actual Startup Time": 508.086,
                    "Actual Total Time": 532.091,
                    "Actual Rows": 655272,
                    "Actual Loops": 2,
                    "Sort Key": [
                      "mc.movie_id"
                    ],
                    "Sort Method": "quicksort",
                    "Sort Space Used": 111725,
                    "Sort Space Type": "Memory",
                    "Workers": [
                      {
                        "Worker Number": 0,
                        "Sort Method": "quicksort",
                        "Sort Space Used": 111725,
                        "Sort Space Type": "Memory"
                      }
                    ],
                    "Plans": [
                      {
                        "Node Type": "Index Scan",
                        "Parent Relationship": "Outer",
                        "Parallel Aware": false,
                        "Scan Direction": "Forward",
                        "Index Name": "company_type_id_movie_companies",
                        "Relation Name": "movie_companies",
                        "Alias": "mc",
                        "Startup Cost": 0.43,
                        "Total Cost": 46387.42,
                        "Plan Rows": 1324742,
                        "Plan Width": 4,
                        "Actual Startup Time": 0.098,
                        "Actual Total Time": 233.189,
                        "Actual Rows": 1334883,
                        "Actual Loops": 2,
                        "Index Cond": "(company_type_id > 1)",
                        "Rows Removed by Index Recheck": 0
                      }
                    ]
                  }
                ]
              }
            ]
          }
        ]
      }
    ]
  },
  "Planning Time": 1.217,
  "Triggers": [],
  "Execution Time": 1410.035
}