[
  {
    "Plan": {
      "Node Type": "Aggregate",
      "Strategy": "Plain",
      "Partial Mode": "Finalize",
      "Parallel Aware": false,
      "Startup Cost": 21035.8,
      "Total Cost": 21035.81,
      "Plan Rows": 1,
      "Plan Width": 8,
      "Actual Startup Time": 41.656,
      "Actual Total Time": 52.703,
      "Actual Rows": 1,
      "Actual Loops": 1,
      "Plans": [
        {
          "Node Type": "Gather",
          "Parent Relationship": "Outer",
          "Parallel Aware": false,
          "Startup Cost": 21035.69,
          "Total Cost": 21035.8,
          "Plan Rows": 1,
          "Plan Width": 8,
          "Actual Startup Time": 41.37,
          "Actual Total Time": 52.696,
          "Actual Rows": 2,
          "Actual Loops": 1,
          "Workers Planned": 1,
          "Workers Launched": 1,
          "Single Copy": false,
          "Plans": [
            {
              "Node Type": "Aggregate",
              "Strategy": "Plain",
              "Partial Mode": "Partial",
              "Parent Relationship": "Outer",
              "Parallel Aware": false,
              "Startup Cost": 20035.69,
              "Total Cost": 20035.7,
              "Plan Rows": 1,
              "Plan Width": 8,
              "Actual Startup Time": 38.569,
              "Actual Total Time": 38.571,
              "Actual Rows": 1,
              "Actual Loops": 2,
              "Plans": [
                {
                  "Node Type": "Nested Loop",
                  "Parent Relationship": "Outer",
                  "Parallel Aware": false,
                  "Join Type": "Inner",
                  "Startup Cost": 56.3,
                  "Total Cost": 20032.4,
                  "Plan Rows": 1316,
                  "Plan Width": 0,
                  "Actual Startup Time": 1.074,
                  "Actual Total Time": 38.409,
                  "Actual Rows": 1660,
                  "Actual Loops": 2,
                  "Inner Unique": false,
                  "Plans": [
                    {
                      "Node Type": "Nested Loop",
                      "Parent Relationship": "Outer",
                      "Parallel Aware": false,
                      "Join Type": "Inner",
                      "Startup Cost": 55.73,
                      "Total Cost": 18059.95,
                      "Plan Rows": 847,
                      "Plan Width": 8,
                      "Actual Startup Time": 0.851,
                      "Actual Total Time": 10.397,
                      "Actual Rows": 454,
                      "Actual Loops": 2,
                      "Inner Unique": true,
                      "Plans": [
                        {
                          "Node Type": "Bitmap Heap Scan",
                          "Parent Relationship": "Outer",
                          "Parallel Aware": true,
                          "Relation Name": "movie_companies",
                          "Alias": "mc",
                          "Startup Cost": 55.3,
                          "Total Cost": 6827.58,
                          "Plan Rows": 1432,
                          "Plan Width": 4,
                          "Actual Startup Time": 0.777,
                          "Actual Total Time": 2.942,
                          "Actual Rows": 930,
                          "Actual Loops": 2,
                          "Recheck Cond": "(company_id = 594)",
                          "Rows Removed by Index Recheck": 0,
                          "Exact Heap Blocks": 884,
                          "Lossy Heap Blocks": 0,
                          "Plans": [
                            {
                              "Node Type": "Bitmap Index Scan",
                              "Parent Relationship": "Outer",
                              "Parallel Aware": false,
                              "Index Name": "company_id_movie_companies",
                              "Startup Cost": 0.0,
                              "Total Cost": 54.69,
                              "Plan Rows": 2435,
                              "Plan Width": 0,
                              "Actual Startup Time": 1.285,
                              "Actual Total Time": 1.286,
                              "Actual Rows": 1859,
                              "Actual Loops": 1,
                              "Index Cond": "(company_id = 594)"
                            }
                          ]
                        },
                        {
                          "Node Type": "Index Scan",
                          "Parent Relationship": "Inner",
                          "Parallel Aware": false,
                          "Scan Direction": "Forward",
                          "Index Name": "title_pkey",
                          "Relation Name": "title",
                          "Alias": "t",
                          "Startup Cost": 0.43,
                          "Total Cost": 7.84,
                          "Plan Rows": 1,
                          "Plan Width": 4,
                          "Actual Startup Time": 0.008,
                          "Actual Total Time": 0.008,
                          "Actual Rows": 0,
                          "Actual Loops": 1859,
                          "Index Cond": "(id = mc.movie_id)",
                          "Rows Removed by Index Recheck": 0,
                          "Filter": "(production_year > 1998)",
                          "Rows Removed by Filter": 1
                        }
                      ]
                    },
                    {
                      "Node Type": "Index Scan",
                      "Parent Relationship": "Inner",
                      "Parallel Aware": false,
                      "Scan Direction": "Forward",
                      "Index Name": "movie_id_cast_info",
                      "Relation Name": "cast_info",
                      "Alias": "ci",
                      "Startup Cost": 0.56,
                      "Total Cost": 2.29,
                      "Plan Rows": 4,
                      "Plan Width": 4,
                      "Actual Startup Time": 0.04,
                      "Actual Total Time": 0.061,
                      "Actual Rows": 4,
                      "Actual Loops": 907,
                      "Index Cond": "(movie_id = t.id)",
                      "Rows Removed by Index Recheck": 0,
                      "Filter": "(role_id = 3)",
                      "Rows Removed by Filter": 18
                    }
                  ]
                }
              ]
            }
          ]
        }
      ]
    },
    "Planning Time": 0.85,
    "Triggers": [],
    "Execution Time": 52.776
  }
]