[
  {
    "Plan": {
      "Node Type": "Aggregate",
      "Strategy": "Plain",
      "Partial Mode": "Simple",
      "Parallel Aware": false,
      "Startup Cost": 26946.64,
      "Total Cost": 26946.65,
      "Plan Rows": 1,
      "Plan Width": 8,
      "Actual Startup Time": 38.532,
      "Actual Total Time": 38.533,
      "Actual Rows": 1,
      "Actual Loops": 1,
      "Plans": [
        {
          "Node Type": "Bitmap Heap Scan",
          "Parent Relationship": "Outer",
          "Parallel Aware": false,
          "Relation Name": "movie_keyword",
          "Alias": "mk",
          "Startup Cost": 697.84,
          "Total Cost": 26864.89,
          "Plan Rows": 32698,
          "Plan Width": 0,
          "Actual Startup Time": 11.162,
          "Actual Total Time": 35.39,
          "Actual Rows": 32639,
          "Actual Loops": 1,
          "Recheck Cond": "(keyword_id > 108871)",
          "Rows Removed by Index Recheck": 0,
          "Exact Heap Blocks": 9120,
          "Lossy Heap Blocks": 0,
          "Plans": [
            {
              "Node Type": "Bitmap Index Scan",
              "Parent Relationship": "Outer",
              "Parallel Aware": false,
              "Index Name": "keyword_id_movie_keyword",
              "Startup Cost": 0.0,
              "Total Cost": 689.67,
              "Plan Rows": 32698,
              "Plan Width": 0,
              "Actual Startup Time": 6.648,
              "Actual Total Time": 6.649,
              "Actual Rows": 32639,
              "Actual Loops": 1,
              "Index Cond": "(keyword_id > 108871)"
            }
          ]
        }
      ]
    },
    "Planning Time": 0.205,
    "Triggers": [],
    "Execution Time": 38.58
  }
]