[
  {
    "Plan": {
      "Node Type": "Aggregate",
      "Strategy": "Plain",
      "Partial Mode": "Finalize",
      "Parallel Aware": false,
      "Startup Cost": 45283.2,
      "Total Cost": 45283.21,
      "Plan Rows": 1,
      "Plan Width": 8,
      "Actual Startup Time": 146.766,
      "Actual Total Time": 156.569,
      "Actual Rows": 1,
      "Actual Loops": 1,
      "Plans": [
        {
          "Node Type": "Gather",
          "Parent Relationship": "Outer",
          "Parallel Aware": false,
          "Startup Cost": 45282.89,
          "Total Cost": 45283.2,
          "Plan Rows": 3,
          "Plan Width": 8,
          "Actual Startup Time": 146.663,
          "Actual Total Time": 156.556,
          "Actual Rows": 4,
          "Actual Loops": 1,
          "Workers Planned": 3,
          "Workers Launched": 3,
          "Single Copy": false,
          "Plans": [
            {
              "Node Type": "Aggregate",
              "Strategy": "Plain",
              "Partial Mode": "Partial",
              "Parent Relationship": "Outer",
              "Parallel Aware": false,
              "Startup Cost": 44282.89,
              "Total Cost": 44282.9,
              "Plan Rows": 1,
              "Plan Width": 8,
              "Actual Startup Time": 139.332,
              "Actual Total Time": 139.333,
              "Actual Rows": 1,
              "Actual Loops": 4,
              "Plans": [
                {
                  "Node Type": "Seq Scan",
                  "Parent Relationship": "Outer",
                  "Parallel Aware": true,
                  "Relation Name": "movie_keyword",
                  "Alias": "mk",
                  "Startup Cost": 0.0,
                  "Total Cost": 42695.65,
                  "Plan Rows": 634893,
                  "Plan Width": 0,
                  "Actual Startup Time": 0.051,
                  "Actual Total Time": 114.729,
                  "Actual Rows": 493606,
                  "Actual Loops": 4,
                  "Filter": "(keyword_id < 3463)",
                  "Rows Removed by Filter": 637377
                }
              ]
            }
          ]
        }
      ]
    },
    "Planning Time": 0.126,
    "Triggers": [],
    "Execution Time": 156.605
  }
]