[
  {
    "Plan": {
      "Node Type": "Aggregate",
      "Strategy": "Plain",
      "Partial Mode": "Finalize",
      "Parallel Aware": false,
      "Startup Cost": 444865.52,
      "Total Cost": 444865.53,
      "Plan Rows": 1,
      "Plan Width": 8,
      "Actual Startup Time": 1569.085,
      "Actual Total Time": 1637.503,
      "Actual Rows": 1,
      "Actual Loops": 1,
      "Plans": [
        {
          "Node Type": "Gather",
          "Parent Relationship": "Outer",
          "Parallel Aware": false,
          "Startup Cost": 444864.9,
          "Total Cost": 444865.51,
          "Plan Rows": 6,
          "Plan Width": 8,
          "Actual Startup Time": 1546.512,
          "Actual Total Time": 1637.478,
          "Actual Rows": 7,
          "Actual Loops": 1,
          "Workers Planned": 6,
          "Workers Launched": 6,
          "Single Copy": false,
          "Plans": [
            {
              "Node Type": "Aggregate",
              "Strategy": "Plain",
              "Partial Mode": "Partial",
              "Parent Relationship": "Outer",
              "Parallel Aware": false,
              "Startup Cost": 443864.9,
              "Total Cost": 443864.91,
              "Plan Rows": 1,
              "Plan Width": 8,
              "Actual Startup Time": 1535.32,
              "Actual Total Time": 1535.427,
              "Actual Rows": 1,
              "Actual Loops": 7,
              "Plans": [
                {
                  "Node Type": "Hash Join",
                  "Parent Relationship": "Outer",
                  "Parallel Aware": true,
                  "Join Type": "Inner",
                  "Startup Cost": 96324.52,
                  "Total Cost": 443298.85,
                  "Plan Rows": 226418,
                  "Plan Width": 0,
                  "Actual Startup Time": 776.299,
                  "Actual Total Time": 1469.704,
                  "Actual Rows": 1452266,
                  "Actual Loops": 7,
                  "Inner Unique": false,
                  "Hash Cond": "(ci.movie_id = t.id)",
                  "Plans": [
                    {
                      "Node Type": "Seq Scan",
                      "Parent Relationship": "Outer",
                      "Parallel Aware": true,
                      "Relation Name": "cast_info",
                      "Alias": "ci",
                      "Startup Cost": 0.0,
                      "Total Cost": 343257.03,
                      "Plan Rows": 796511,
                      "Plan Width": 4,
                      "Actual Startup Time": 331.462,
                      "Actual Total Time": 651.767,
                      "Actual Rows": 1455563,
                      "Actual Loops": 7,
                      "Filter": "((person_id > 2665089) AND (role_id > 2))",
                      "Rows Removed by Filter": 3722200
                    },
                    {
                      "Node Type": "Hash",
                      "Parent Relationship": "Inner",
                      "Parallel Aware": true,
                      "Startup Cost": 93426.55,
                      "Total Cost": 93426.55,
                      "Plan Rows": 231838,
                      "Plan Width": 8,
                      "Actual Startup Time": 441.652,
                      "Actual Total Time": 441.758,
                      "Actual Rows": 101655,
                      "Actual Loops": 7,
                      "Hash Buckets": 1048576,
                      "Original Hash Buckets": 1048576,
                      "Hash Batches": 1,
                      "Original Hash Batches": 1,
                      "Peak Memory Usage": 36192,
                      "Plans": [
                        {
                          "Node Type": "Hash Join",
                          "Parent Relationship": "Outer",
                          "Parallel Aware": true,
                          "Join Type": "Inner",
                          "Startup Cost": 65465.99,
                          "Total Cost": 93426.55,
                          "Plan Rows": 231838,
                          "Plan Width": 8,
                          "Actual Startup Time": 304.82,
                          "Actual Total Time": 396.849,
                          "Actual Rows": 101655,
                          "Actual Loops": 7,
                          "Inner Unique": true,
                          "Hash Cond": "(mk.movie_id = t.id)",
                          "Plans": [
                            {
                              "Node Type": "Bitmap Heap Scan",
                              "Parent Relationship": "Outer",
                              "Parallel Aware": true,
                              "Relation Name": "movie_keyword",
                              "Alias": "mk",
                              "Startup Cost": 15246.35,
                              "Total Cost": 42598.33,
                              "Plan Rows": 231838,
                              "Plan Width": 4,
                              "Actual Startup Time": 41.884,
                              "Actual Total Time": 94.06,
                              "Actual Rows": 101655,
                              "Actual Loops": 7,
                              "Recheck Cond": "(keyword_id > 26557)",
                              "Rows Removed by Index Recheck": 0,
                              "Exact Heap Blocks": 5138,
                              "Lossy Heap Blocks": 0,
                              "Plans": [
                                {
                                  "Node Type": "Bitmap Index Scan",
                                  "Parent Relationship": "Outer",
                                  "Parallel Aware": false,
                                  "Index Name": "keyword_id_movie_keyword",
                                  "Startup Cost": 0.0,
                                  "Total Cost": 15066.68,
                                  "Plan Rows": 718699,
                                  "Plan Width": 0,
                                  "Actual Startup Time": 38.235,
                                  "Actual Total Time": 38.236,
                                  "Actual Rows": 711586,
                                  "Actual Loops": 1,
                                  "Index Cond": "(keyword_id > 26557)"
                                }
                              ]
                            },
                            {
                              "Node Type": "Hash",
                              "Parent Relationship": "Inner",
                              "Parallel Aware": true,
                              "Startup Cost": 42318.73,
                              "Total Cost": 42318.73,
                              "Plan Rows": 632073,
                              "Plan Width": 4,
                              "Actual Startup Time": 258.472,
                              "Actual Total Time": 258.473,
                              "Actual Rows": 361187,
                              "Actual Loops": 7,
                              "Hash Buckets": 4194304,
                              "Original Hash Buckets": 4194304,
                              "Hash Batches": 1,
                              "Original Hash Batches": 1,
                              "Peak Memory Usage": 131808,
                              "Plans": [
                                {
                                  "Node Type": "Seq Scan",
                                  "Parent Relationship": "Outer",
                                  "Parallel Aware": true,
                                  "Relation Name": "title",
                                  "Alias": "t",
                                  "Startup Cost": 0.0,
                                  "Total Cost": 42318.73,
                                  "Plan Rows": 632073,
                                  "Plan Width": 4,
                                  "Actual Startup Time": 0.049,
                                  "Actual Total Time": 75.043,
                                  "Actual Rows": 361187,
                                  "Actual Loops": 7
                                }
                              ]
                            }
                          ]
                        }
                      ]
                    }
                  ]
                }
              ]
            }
          ]
        }
      ]
    },
    "Planning Time": 1.371,
    "Triggers": [],
    "Execution Time": 1637.622
  }
]