{
  "Plan": {
    "Node Type": "Aggregate",
    "Strategy": "Plain",
    "Partial Mode": "Finalize",
    "Parallel Aware": false,
    "Startup Cost": 139524.57,
    "Total Cost": 139524.58,
    "Plan Rows": 1,
    "Plan Width": 8,
    "Actual Startup Time": 689.198,
    "Actual Total Time": 705.928,
    "Actual Rows": 1,
    "Actual Loops": 1,
    "Plans": [
      {
        "Node Type": "Gather",
        "Parent Relationship": "Outer",
        "Parallel Aware": false,
        "Startup Cost": 139524.46,
        "Total Cost": 139524.57,
        "Plan Rows": 1,
        "Plan Width": 8,
        "Actual Startup Time": 687.29,
        "Actual Total Time": 705.919,
        "Actual Rows": 2,
        "Actual Loops": 1,
        "Workers Planned": 1,
        "Workers Launched": 1,
        "Single Copy": false,
        "Plans": [
          {
            "Node Type": "Aggregate",
            "Strategy": "Plain",
            "Partial Mode": "Partial",
            "Parent Relationship": "Outer",
            "Parallel Aware": false,
            "Startup Cost": 138524.46,
            "Total Cost": 138524.47,
            "Plan Rows": 1,
            "Plan Width": 8,
            "Actual Startup Time": 679.852,
            "Actual Total Time": 679.858,
            "Actual Rows": 1,
            "Actual Loops": 2,
            "Plans": [
              {
                "Node Type": "Hash Join",
                "Parent Relationship": "Outer",
                "Parallel Aware": true,
                "Join Type": "Inner",
                "Startup Cost": 103467.06,
                "Total Cost": 138520.36,
                "Plan Rows": 1642,
                "Plan Width": 0,
                "Actual Startup Time": 415.13,
                "Actual Total Time": 679.827,
                "Actual Rows": 222,
                "Actual Loops": 2,
                "Inner Unique": false,
                "Hash Cond": "(t.id = mc.movie_id)",
                "Plans": [
                  {
                    "Node Type": "Hash Join",
                    "Parent Relationship": "Outer",
                    "Parallel Aware": true,
                    "Join Type": "Inner",
                    "Startup Cost": 83604.82,
                    "Total Cost": 117171.8,
                    "Plan Rows": 236265,
                    "Plan Width": 8,
                    "Actual Startup Time": 389.641,
                    "Actual Total Time": 633.86,
                    "Actual Rows": 451260,
                    "Actual Loops": 2,
                    "Inner Unique": true,
                    "Hash Cond": "(mk.movie_id = t.id)",
                    "Plans": [
                      {
                        "Node Type": "Bitmap Heap Scan",
                        "Parent Relationship": "Outer",
                        "Parallel Aware": true,
                        "Relation Name": "movie_keyword",
                        "Alias": "mk",
                        "Startup Cost": 21726.52,
                        "Total Cost": 53711.91,
                        "Plan Rows": 602511,
                        "Plan Width": 4,
                        "Actual Startup Time": 63.219,
                        "Actual Total Time": 166.742,
                        "Actual Rows": 514850,
                        "Actual Loops": 2,
                        "Recheck Cond": "(keyword_id < 1013)",
                        "Rows Removed by Index Recheck": 0,
                        "Exact Heap Blocks": 12812,
                        "Lossy Heap Blocks": 0,
                        "Plans": [
                          {
                            "Node Type": "Bitmap Index Scan",
                            "Parent Relationship": "Outer",
                            "Parallel Aware": false,
                            "Index Name": "keyword_id_movie_keyword",
                            "Startup Cost": 0.0,
                            "Total Cost": 21470.45,
                            "Plan Rows": 1024269,
                            "Plan Width": 0,
                            "Actual Startup Time": 59.476,
                            "Actual Total Time": 59.477,
                            "Actual Rows": 1029701,
                            "Actual Loops": 1,
                            "Index Cond": "(keyword_id < 1013)"
                          }
                        ]
                      },
                      {
                        "Node Type": "Hash",
                        "Parent Relationship": "Inner",
                        "Parallel Aware": true,
                        "Startup Cost": 54588.39,
                        "Total Cost": 54588.39,
                        "Plan Rows": 583193,
                        "Plan Width": 4,
                        "Actual Startup Time": 319.704,
                        "Actual Total Time": 319.704,
                        "Actual Rows": 492524,
                        "Actual Loops": 2,
                        "Hash Buckets": 1048576,
                        "Original Hash Buckets": 1048576,
                        "Hash Batches": 1,
                        "Original Hash Batches": 1,
                        "Peak Memory Usage": 46784,
                        "Plans": [
                          {
                            "Node Type": "Seq Scan",
                            "Parent Relationship": "Outer",
                            "Parallel Aware": true,
                            "Relation Name": "title",
                            "Alias": "t",
                            "Startup Cost": 0.0,
                            "Total Cost": 54588.39,
                            "Plan Rows": 583193,
                            "Plan Width": 4,
                            "Actual Startup Time": 0.05,
                            "Actual Total Time": 170.113,
                            "Actual Rows": 492524,
                            "Actual Loops": 2,
                            "Filter": "(kind_id < 7)",
                            "Rows Removed by Filter": 771632
                          }
                        ]
                      }
                    ]
                  },
                  {
                    "Node Type": "Hash",
                    "Parent Relationship": "Inner",
                    "Parallel Aware": true,
                    "Startup Cost": 19733.06,
                    "Total Cost": 19733.06,
                    "Plan Rows": 10334,
                    "Plan Width": 4,
                    "Actual Startup Time": 11.649,
                    "Actual Total Time": 11.65,
                    "Actual Rows": 8110,
                    "Actual Loops": 2,
                    "Hash Buckets": 32768,
                    "Original Hash Buckets": 32768,
                    "Hash Batches": 1,
                    "Original Hash Batches": 1,
                    "Peak Memory Usage": 928,
                    "Plans": [
                      {
                        "Node Type": "Bitmap Heap Scan",
                        "Parent Relationship": "Outer",
                        "Parallel Aware": true,
                        "Relation Name": "movie_companies",
                        "Alias": "mc",
                        "Startup Cost": 384.58,
                        "Total Cost": 19733.06,
                        "Plan Rows": 10334,
                        "Plan Width": 4,
                        "Actual Startup Time": 1.344,
                        "Actual Total Time": 7.015,
                        "Actual Rows": 8110,
                        "Actual Loops": 2,
                        "Recheck Cond": "(company_id = 166)",
                        "Rows Removed by Index Recheck": 0,
                        "Exact Heap Blocks": 490,
                        "Lossy Heap Blocks": 0,
                        "Plans": [
                          {
                            "Node Type": "Bitmap Index Scan",
                            "Parent Relationship": "Outer",
                            "Parallel Aware": false,
                            "Index Name": "company_id_movie_companies",
                            "Startup Cost": 0.0,
                            "Total Cost": 380.19,
                            "Plan Rows": 17568,
                            "Plan Width": 0,
                            "Actual Startup Time": 2.313,
                            "Actual Total Time": 2.313,
                            "Actual Rows": 16220,
                            "Actual Loops": 1,
                            "Index Cond": "(company_id = 166)"
                          }
                        ]
                      }
                    ]
                  }
                ]
              }
            ]
          }
        ]
      }
    ]
  },
  "Planning Time": 1.261,
  "Triggers": [],
  "Execution Time": 706.069
}