[
  {
    "Plan": {
      "Node Type": "Aggregate",
      "Strategy": "Plain",
      "Partial Mode": "Finalize",
      "Parallel Aware": false,
      "Startup Cost": 39691.43,
      "Total Cost": 39691.44,
      "Plan Rows": 1,
      "Plan Width": 8,
      "Actual Startup Time": 63.275,
      "Actual Total Time": 68.38,
      "Actual Rows": 1,
      "Actual Loops": 1,
      "Plans": [
        {
          "Node Type": "Gather",
          "Parent Relationship": "Outer",
          "Parallel Aware": false,
          "Startup Cost": 39691.01,
          "Total Cost": 39691.42,
          "Plan Rows": 4,
          "Plan Width": 8,
          "Actual Startup Time": 62.961,
          "Actual Total Time": 68.374,
          "Actual Rows": 5,
          "Actual Loops": 1,
          "Workers Planned": 4,
          "Workers Launched": 4,
          "Single Copy": false,
          "Plans": [
            {
              "Node Type": "Aggregate",
              "Strategy": "Plain",
              "Partial Mode": "Partial",
              "Parent Relationship": "Outer",
              "Parallel Aware": false,
              "Startup Cost": 38691.01,
              "Total Cost": 38691.02,
              "Plan Rows": 1,
              "Plan Width": 8,
              "Actual Startup Time": 53.467,
              "Actual Total Time": 53.468,
              "Actual Rows": 1,
              "Actual Loops": 5,
              "Plans": [
                {
                  "Node Type": "Bitmap Heap Scan",
                  "Parent Relationship": "Outer",
                  "Parallel Aware": true,
                  "Relation Name": "title",
                  "Alias": "t",
                  "Startup Cost": 2196.32,
                  "Total Cost": 38652.57,
                  "Plan Rows": 15378,
                  "Plan Width": 0,
                  "Actual Startup Time": 15.754,
                  "Actual Total Time": 51.938,
                  "Actual Rows": 15716,
                  "Actual Loops": 5,
                  "Recheck Cond": "(kind_id = 4)",
                  "Rows Removed by Index Recheck": 0,
                  "Filter": "(production_year > 2002)",
                  "Rows Removed by Filter": 7931,
                  "Exact Heap Blocks": 7172,
                  "Lossy Heap Blocks": 0,
                  "Plans": [
                    {
                      "Node Type": "Bitmap Index Scan",
                      "Parent Relationship": "Outer",
                      "Parallel Aware": false,
                      "Index Name": "kind_id_title",
                      "Startup Cost": 0.0,
                      "Total Cost": 2180.94,
                      "Plan Rows": 122201,
                      "Plan Width": 0,
                      "Actual Startup Time": 19.529,
                      "Actual Total Time": 19.529,
                      "Actual Rows": 118234,
                      "Actual Loops": 1,
                      "Index Cond": "(kind_id = 4)"
                    }
                  ]
                }
              ]
            }
          ]
        }
      ]
    },
    "Planning Time": 0.168,
    "Triggers": [],
    "Execution Time": 68.449
  }
]