[
  {
    "Plan": {
      "Node Type": "Aggregate",
      "Strategy": "Plain",
      "Partial Mode": "Finalize",
      "Parallel Aware": false,
      "Startup Cost": 23238.44,
      "Total Cost": 23238.45,
      "Plan Rows": 1,
      "Plan Width": 8,
      "Actual Startup Time": 56.784,
      "Actual Total Time": 61.793,
      "Actual Rows": 1,
      "Actual Loops": 1,
      "Plans": [
        {
          "Node Type": "Gather",
          "Parent Relationship": "Outer",
          "Parallel Aware": false,
          "Startup Cost": 23238.12,
          "Total Cost": 23238.43,
          "Plan Rows": 3,
          "Plan Width": 8,
          "Actual Startup Time": 56.518,
          "Actual Total Time": 61.787,
          "Actual Rows": 4,
          "Actual Loops": 1,
          "Workers Planned": 3,
          "Workers Launched": 3,
          "Single Copy": false,
          "Plans": [
            {
              "Node Type": "Aggregate",
              "Strategy": "Plain",
              "Partial Mode": "Partial",
              "Parent Relationship": "Outer",
              "Parallel Aware": false,
              "Startup Cost": 22238.12,
              "Total Cost": 22238.13,
              "Plan Rows": 1,
              "Plan Width": 8,
              "Actual Startup Time": 47.179,
              "Actual Total Time": 47.181,
              "Actual Rows": 1,
              "Actual Loops": 4,
              "Plans": [
                {
                  "Node Type": "Bitmap Heap Scan",
                  "Parent Relationship": "Outer",
                  "Parallel Aware": true,
                  "Relation Name": "movie_companies",
                  "Alias": "mc",
                  "Startup Cost": 2773.98,
                  "Total Cost": 22187.01,
                  "Plan Rows": 20446,
                  "Plan Width": 0,
                  "Actual Startup Time": 14.125,
                  "Actual Total Time": 44.453,
                  "Actual Rows": 27296,
                  "Actual Loops": 4,
                  "Recheck Cond": "(company_id < 21)",
                  "Rows Removed by Index Recheck": 0,
                  "Filter": "(company_type_id < 2)",
                  "Rows Removed by Filter": 5742,
                  "Exact Heap Blocks": 7390,
                  "Lossy Heap Blocks": 0,
                  "Plans": [
                    {
                      "Node Type": "Bitmap Index Scan",
                      "Parent Relationship": "Outer",
                      "Parallel Aware": false,
                      "Index Name": "company_id_movie_companies",
                      "Startup Cost": 0.0,
                      "Total Cost": 2758.13,
                      "Plan Rows": 128760,
                      "Plan Width": 0,
                      "Actual Startup Time": 19.097,
                      "Actual Total Time": 19.097,
                      "Actual Rows": 132152,
                      "Actual Loops": 1,
                      "Index Cond": "(company_id < 21)"
                    }
                  ]
                }
              ]
            }
          ]
        }
      ]
    },
    "Planning Time": 0.236,
    "Triggers": [],
    "Execution Time": 61.85
  }
]