{
    "Plan": {
        "Node Type": "Aggregate",
        "Strategy": "Plain",
        "Partial Mode": "Finalize",
        "Parallel Aware": false,
        "Startup Cost": 340666.53,
        "Total Cost": 340666.54,
        "Plan Rows": 1,
        "Plan Width": 8,
        "Actual Startup Time": 1159.734,
        "Actual Total Time": 1228.758,
        "Actual Rows": 1,
        "Actual Loops": 1,
        "Output": [
            "count(*)"
        ],
        "Plans": [
            {
                "Node Type": "Gather",
                "Parent Relationship": "Outer",
                "Parallel Aware": false,
                "Startup Cost": 340665.9,
                "Total Cost": 340666.51,
                "Plan Rows": 6,
                "Plan Width": 8,
                "Actual Startup Time": 1159.585,
                "Actual Total Time": 1228.747,
                "Actual Rows": 7,
                "Actual Loops": 1,
                "Output": [
                    "(PARTIAL count(*))"
                ],
                "Workers Planned": 6,
                "Workers Launched": 6,
                "Single Copy": false,
                "Plans": [
                    {
                        "Node Type": "Aggregate",
                        "Strategy": "Plain",
                        "Partial Mode": "Partial",
                        "Parent Relationship": "Outer",
                        "Parallel Aware": false,
                        "Startup Cost": 339665.9,
                        "Total Cost": 339665.91,
                        "Plan Rows": 1,
                        "Plan Width": 8,
                        "Actual Startup Time": 1148.372,
                        "Actual Total Time": 1148.373,
                        "Actual Rows": 1,
                        "Actual Loops": 7,
                        "Output": [
                            "PARTIAL count(*)"
                        ],
                        "Workers": [
                            {
                                "Worker Number": 0,
                                "Actual Startup Time": 1145.668,
                                "Actual Total Time": 1145.669,
                                "Actual Rows": 1,
                                "Actual Loops": 1
                            },
                            {
                                "Worker Number": 1,
                                "Actual Startup Time": 1146.236,
                                "Actual Total Time": 1146.237,
                                "Actual Rows": 1,
                                "Actual Loops": 1
                            },
                            {
                                "Worker Number": 2,
                                "Actual Startup Time": 1146.383,
                                "Actual Total Time": 1146.384,
                                "Actual Rows": 1,
                                "Actual Loops": 1
                            },
                            {
                                "Worker Number": 3,
                                "Actual Startup Time": 1146.544,
                                "Actual Total Time": 1146.546,
                                "Actual Rows": 1,
                                "Actual Loops": 1
                            },
                            {
                                "Worker Number": 4,
                                "Actual Startup Time": 1147.627,
                                "Actual Total Time": 1147.628,
                                "Actual Rows": 1,
                                "Actual Loops": 1
                            },
                            {
                                "Worker Number": 5,
                                "Actual Startup Time": 1147.624,
                                "Actual Total Time": 1147.625,
                                "Actual Rows": 1,
                                "Actual Loops": 1
                            }
                        ],
                        "Plans": [
                            {
                                "Node Type": "Seq Scan",
                                "Parent Relationship": "Outer",
                                "Parallel Aware": true,
                                "Relation Name": "cast_info",
                                "Schema": "public",
                                "Alias": "ci",
                                "Startup Cost": 0.0,
                                "Total Cost": 328213.62,
                                "Plan Rows": 4580915,
                                "Plan Width": 0,
                                "Actual Startup Time": 0.083,
                                "Actual Total Time": 899.267,
                                "Actual Rows": 3929371,
                                "Actual Loops": 7,
                                "Output": [
                                    "id",
                                    "person_id",
                                    "movie_id",
                                    "person_role_id",
                                    "note",
                                    "nr_order",
                                    "role_id"
                                ],
                                "Filter": "(ci.person_id < 2816973)",
                                "Rows Removed by Filter": 1248393,
                                "Workers": [
                                    {
                                        "Worker Number": 0,
                                        "Actual Startup Time": 0.115,
                                        "Actual Total Time": 896.894,
                                        "Actual Rows": 3994508,
                                        "Actual Loops": 1
                                    },
                                    {
                                        "Worker Number": 1,
                                        "Actual Startup Time": 0.06,
                                        "Actual Total Time": 892.686,
                                        "Actual Rows": 3861568,
                                        "Actual Loops": 1
                                    },
                                    {
                                        "Worker Number": 2,
                                        "Actual Startup Time": 0.116,
                                        "Actual Total Time": 898.041,
                                        "Actual Rows": 3984222,
                                        "Actual Loops": 1
                                    },
                                    {
                                        "Worker Number": 3,
                                        "Actual Startup Time": 0.091,
                                        "Actual Total Time": 898.01,
                                        "Actual Rows": 3988905,
                                        "Actual Loops": 1
                                    },
                                    {
                                        "Worker Number": 4,
                                        "Actual Startup Time": 0.074,
                                        "Actual Total Time": 908.133,
                                        "Actual Rows": 3843322,
                                        "Actual Loops": 1
                                    },
                                    {
                                        "Worker Number": 5,
                                        "Actual Startup Time": 0.091,
                                        "Actual Total Time": 904.266,
                                        "Actual Rows": 3820018,
                                        "Actual Loops": 1
                                    }
                                ]
                            }
                        ]
                    }
                ]
            }
        ]
    },
    "Planning Time": 2.042,
    "Triggers": [],
    "Execution Time": 1229.135
}