[
  {
    "Plan": {
      "Node Type": "Aggregate",
      "Strategy": "Plain",
      "Partial Mode": "Finalize",
      "Parallel Aware": false,
      "Startup Cost": 79928.75,
      "Total Cost": 79928.76,
      "Plan Rows": 1,
      "Plan Width": 8,
      "Actual Startup Time": 137.492,
      "Actual Total Time": 145.956,
      "Actual Rows": 1,
      "Actual Loops": 1,
      "Plans": [
        {
          "Node Type": "Gather",
          "Parent Relationship": "Outer",
          "Parallel Aware": false,
          "Startup Cost": 79928.23,
          "Total Cost": 79928.74,
          "Plan Rows": 5,
          "Plan Width": 8,
          "Actual Startup Time": 137.44,
          "Actual Total Time": 145.929,
          "Actual Rows": 6,
          "Actual Loops": 1,
          "Workers Planned": 5,
          "Workers Launched": 5,
          "Single Copy": false,
          "Plans": [
            {
              "Node Type": "Aggregate",
              "Strategy": "Plain",
              "Partial Mode": "Partial",
              "Parent Relationship": "Outer",
              "Parallel Aware": false,
              "Startup Cost": 78928.23,
              "Total Cost": 78928.24,
              "Plan Rows": 1,
              "Plan Width": 8,
              "Actual Startup Time": 126.96,
              "Actual Total Time": 126.961,
              "Actual Rows": 1,
              "Actual Loops": 6,
              "Plans": [
                {
                  "Node Type": "Index Scan",
                  "Parent Relationship": "Outer",
                  "Parallel Aware": true,
                  "Scan Direction": "Forward",
                  "Index Name": "role_id_cast_info",
                  "Relation Name": "cast_info",
                  "Alias": "ci",
                  "Startup Cost": 0.56,
                  "Total Cost": 77740.85,
                  "Plan Rows": 474950,
                  "Plan Width": 0,
                  "Actual Startup Time": 0.13,
                  "Actual Total Time": 107.895,
                  "Actual Rows": 383100,
                  "Actual Loops": 6,
                  "Index Cond": "(role_id = 4)",
                  "Rows Removed by Index Recheck": 0,
                  "Filter": "(person_id > 598685)",
                  "Rows Removed by Filter": 71724
                }
              ]
            }
          ]
        }
      ]
    },
    "Planning Time": 0.212,
    "Triggers": [],
    "Execution Time": 146.028
  }
]