[
  {
    "Plan": {
      "Node Type": "Aggregate",
      "Strategy": "Plain",
      "Partial Mode": "Finalize",
      "Parallel Aware": false,
      "Startup Cost": 90433.94,
      "Total Cost": 90433.95,
      "Plan Rows": 1,
      "Plan Width": 8,
      "Actual Startup Time": 233.264,
      "Actual Total Time": 252.561,
      "Actual Rows": 1,
      "Actual Loops": 1,
      "Plans": [
        {
          "Node Type": "Gather",
          "Parent Relationship": "Outer",
          "Parallel Aware": false,
          "Startup Cost": 90433.62,
          "Total Cost": 90433.93,
          "Plan Rows": 3,
          "Plan Width": 8,
          "Actual Startup Time": 232.796,
          "Actual Total Time": 252.552,
          "Actual Rows": 4,
          "Actual Loops": 1,
          "Workers Planned": 3,
          "Workers Launched": 3,
          "Single Copy": false,
          "Plans": [
            {
              "Node Type": "Aggregate",
              "Strategy": "Plain",
              "Partial Mode": "Partial",
              "Parent Relationship": "Outer",
              "Parallel Aware": false,
              "Startup Cost": 89433.62,
              "Total Cost": 89433.63,
              "Plan Rows": 1,
              "Plan Width": 8,
              "Actual Startup Time": 225.43,
              "Actual Total Time": 225.433,
              "Actual Rows": 1,
              "Actual Loops": 4,
              "Plans": [
                {
                  "Node Type": "Hash Join",
                  "Parent Relationship": "Outer",
                  "Parallel Aware": true,
                  "Join Type": "Inner",
                  "Startup Cost": 45784.87,
                  "Total Cost": 89399.74,
                  "Plan Rows": 13552,
                  "Plan Width": 0,
                  "Actual Startup Time": 110.243,
                  "Actual Total Time": 225.327,
                  "Actual Rows": 2124,
                  "Actual Loops": 4,
                  "Inner Unique": true,
                  "Hash Cond": "(mk.movie_id = t.id)",
                  "Plans": [
                    {
                      "Node Type": "Seq Scan",
                      "Parent Relationship": "Outer",
                      "Parallel Aware": true,
                      "Relation Name": "movie_keyword",
                      "Alias": "mk",
                      "Startup Cost": 0.0,
                      "Total Cost": 42695.65,
                      "Plan Rows": 350177,
                      "Plan Width": 4,
                      "Actual Startup Time": 1.177,
                      "Actual Total Time": 90.946,
                      "Actual Rows": 272059,
                      "Actual Loops": 4,
                      "Filter": "(keyword_id > 16264)",
                      "Rows Removed by Filter": 858923
                    },
                    {
                      "Node Type": "Hash",
                      "Parent Relationship": "Inner",
                      "Parallel Aware": true,
                      "Startup Cost": 45479.1,
                      "Total Cost": 45479.1,
                      "Plan Rows": 24462,
                      "Plan Width": 4,
                      "Actual Startup Time": 106.648,
                      "Actual Total Time": 106.649,
                      "Actual Rows": 27600,
                      "Actual Loops": 4,
                      "Hash Buckets": 131072,
                      "Original Hash Buckets": 131072,
                      "Hash Batches": 1,
                      "Original Hash Batches": 1,
                      "Peak Memory Usage": 5408,
                      "Plans": [
                        {
                          "Node Type": "Seq Scan",
                          "Parent Relationship": "Outer",
                          "Parallel Aware": true,
                          "Relation Name": "title",
                          "Alias": "t",
                          "Startup Cost": 0.0,
                          "Total Cost": 45479.1,
                          "Plan Rows": 24462,
                          "Plan Width": 4,
                          "Actual Startup Time": 0.041,
                          "Actual Total Time": 95.572,
                          "Actual Rows": 27600,
                          "Actual Loops": 4,
                          "Filter": "((kind_id = 7) AND (production_year = 2012))",
                          "Rows Removed by Filter": 604478
                        }
                      ]
                    }
                  ]
                }
              ]
            }
          ]
        }
      ]
    },
    "Planning Time": 0.53,
    "Triggers": [],
    "Execution Time": 252.629
  }
]