[
  {
    "Plan": {
      "Node Type": "Aggregate",
      "Strategy": "Plain",
      "Partial Mode": "Finalize",
      "Parallel Aware": false,
      "Startup Cost": 31356.24,
      "Total Cost": 31356.25,
      "Plan Rows": 1,
      "Plan Width": 8,
      "Actual Startup Time": 106.77,
      "Actual Total Time": 112.29,
      "Actual Rows": 1,
      "Actual Loops": 1,
      "Plans": [
        {
          "Node Type": "Gather",
          "Parent Relationship": "Outer",
          "Parallel Aware": false,
          "Startup Cost": 31355.92,
          "Total Cost": 31356.23,
          "Plan Rows": 3,
          "Plan Width": 8,
          "Actual Startup Time": 106.622,
          "Actual Total Time": 112.281,
          "Actual Rows": 4,
          "Actual Loops": 1,
          "Workers Planned": 3,
          "Workers Launched": 3,
          "Single Copy": false,
          "Plans": [
            {
              "Node Type": "Aggregate",
              "Strategy": "Plain",
              "Partial Mode": "Partial",
              "Parent Relationship": "Outer",
              "Parallel Aware": false,
              "Startup Cost": 30355.92,
              "Total Cost": 30355.93,
              "Plan Rows": 1,
              "Plan Width": 8,
              "Actual Startup Time": 99.604,
              "Actual Total Time": 99.605,
              "Actual Rows": 1,
              "Actual Loops": 4,
              "Plans": [
                {
                  "Node Type": "Seq Scan",
                  "Parent Relationship": "Outer",
                  "Parallel Aware": true,
                  "Relation Name": "movie_companies",
                  "Alias": "mc",
                  "Startup Cost": 0.0,
                  "Total Cost": 29310.68,
                  "Plan Rows": 418096,
                  "Plan Width": 0,
                  "Actual Startup Time": 0.044,
                  "Actual Total Time": 80.519,
                  "Actual Rows": 322384,
                  "Actual Loops": 4,
                  "Filter": "(company_id < 11245)",
                  "Rows Removed by Filter": 329898
                }
              ]
            }
          ]
        }
      ]
    },
    "Planning Time": 0.116,
    "Triggers": [],
    "Execution Time": 112.324
  }
]