[
    {
        "Bao": {
            "Bao prediction": 669.604,
            "Bao recommended hint": "(no hint)"
        }
    },
    {
        "Plan": {
            "Node Type": "Aggregate",
            "Strategy": "Plain",
            "Partial Mode": "Finalize",
            "Parallel Aware": false,
            "Startup Cost": 89829.89,
            "Total Cost": 89829.9,
            "Plan Rows": 1,
            "Plan Width": 8,
            "Actual Startup Time": 412.236,
            "Actual Total Time": 424.366,
            "Actual Rows": 1,
            "Actual Loops": 1,
            "Output": [
                "count(*)"
            ],
            "Plans": [
                {
                    "Node Type": "Gather",
                    "Parent Relationship": "Outer",
                    "Parallel Aware": false,
                    "Startup Cost": 89829.58,
                    "Total Cost": 89829.89,
                    "Plan Rows": 3,
                    "Plan Width": 8,
                    "Actual Startup Time": 404.625,
                    "Actual Total Time": 424.356,
                    "Actual Rows": 4,
                    "Actual Loops": 1,
                    "Output": [
                        "(PARTIAL count(*))"
                    ],
                    "Workers Planned": 3,
                    "Workers Launched": 3,
                    "Single Copy": false,
                    "Plans": [
                        {
                            "Node Type": "Aggregate",
                            "Strategy": "Plain",
                            "Partial Mode": "Partial",
                            "Parent Relationship": "Outer",
                            "Parallel Aware": false,
                            "Startup Cost": 88829.58,
                            "Total Cost": 88829.59,
                            "Plan Rows": 1,
                            "Plan Width": 8,
                            "Actual Startup Time": 391.025,
                            "Actual Total Time": 391.028,
                            "Actual Rows": 1,
                            "Actual Loops": 4,
                            "Output": [
                                "PARTIAL count(*)"
                            ],
                            "Workers": [
                                {
                                    "Worker Number": 0,
                                    "Actual Startup Time": 387.409,
                                    "Actual Total Time": 387.412,
                                    "Actual Rows": 1,
                                    "Actual Loops": 1
                                },
                                {
                                    "Worker Number": 1,
                                    "Actual Startup Time": 386.582,
                                    "Actual Total Time": 386.585,
                                    "Actual Rows": 1,
                                    "Actual Loops": 1
                                },
                                {
                                    "Worker Number": 2,
                                    "Actual Startup Time": 386.258,
                                    "Actual Total Time": 386.262,
                                    "Actual Rows": 1,
                                    "Actual Loops": 1
                                }
                            ],
                            "Plans": [
                                {
                                    "Node Type": "Hash Join",
                                    "Parent Relationship": "Outer",
                                    "Parallel Aware": true,
                                    "Join Type": "Inner",
                                    "Startup Cost": 61403.75,
                                    "Total Cost": 88600.09,
                                    "Plan Rows": 91794,
                                    "Plan Width": 0,
                                    "Actual Startup Time": 294.371,
                                    "Actual Total Time": 388.527,
                                    "Actual Rows": 32204,
                                    "Actual Loops": 4,
                                    "Inner Unique": true,
                                    "Hash Cond": "(mk.movie_id = t.id)",
                                    "Workers": [
                                        {
                                            "Worker Number": 0,
                                            "Actual Startup Time": 290.139,
                                            "Actual Total Time": 384.877,
                                            "Actual Rows": 21249,
                                            "Actual Loops": 1
                                        },
                                        {
                                            "Worker Number": 1,
                                            "Actual Startup Time": 290.431,
                                            "Actual Total Time": 384.128,
                                            "Actual Rows": 25740,
                                            "Actual Loops": 1
                                        },
                                        {
                                            "Worker Number": 2,
                                            "Actual Startup Time": 289.548,
                                            "Actual Total Time": 383.89,
                                            "Actual Rows": 49722,
                                            "Actual Loops": 1
                                        }
                                    ],
                                    "Plans": [
                                        {
                                            "Node Type": "Bitmap Heap Scan",
                                            "Parent Relationship": "Outer",
                                            "Parallel Aware": true,
                                            "Relation Name": "movie_keyword",
                                            "Schema": "public",
                                            "Alias": "mk",
                                            "Startup Cost": 11924.44,
                                            "Total Cost": 38644.84,
                                            "Plan Rows": 181312,
                                            "Plan Width": 4,
                                            "Actual Startup Time": 46.705,
                                            "Actual Total Time": 105.259,
                                            "Actual Rows": 139206,
                                            "Actual Loops": 4,
                                            "Output": [
                                                "mk.id",
                                                "mk.movie_id",
                                                "mk.keyword_id"
                                            ],
                                            "Recheck Cond": "(mk.keyword_id > 32988)",
                                            "Rows Removed by Index Recheck": 0,
                                            "Exact Heap Blocks": 6792,
                                            "Lossy Heap Blocks": 0,
                                            "Workers": [
                                                {
                                                    "Worker Number": 0,
                                                    "Actual Startup Time": 46.773,
                                                    "Actual Total Time": 107.38,
                                                    "Actual Rows": 95977,
                                                    "Actual Loops": 1
                                                },
                                                {
                                                    "Worker Number": 1,
                                                    "Actual Startup Time": 46.951,
                                                    "Actual Total Time": 106.343,
                                                    "Actual Rows": 130534,
                                                    "Actual Loops": 1
                                                },
                                                {
                                                    "Worker Number": 2,
                                                    "Actual Startup Time": 46.452,
                                                    "Actual Total Time": 106.862,
                                                    "Actual Rows": 168862,
                                                    "Actual Loops": 1
                                                }
                                            ],
                                            "Plans": [
                                                {
                                                    "Node Type": "Bitmap Index Scan",
                                                    "Parent Relationship": "Outer",
                                                    "Parallel Aware": false,
                                                    "Index Name": "keyword_id_movie_keyword",
                                                    "Startup Cost": 0.0,
                                                    "Total Cost": 11783.93,
                                                    "Plan Rows": 562066,
                                                    "Plan Width": 0,
                                                    "Actual Startup Time": 43.019,
                                                    "Actual Total Time": 43.02,
                                                    "Actual Rows": 556825,
                                                    "Actual Loops": 1,
                                                    "Index Cond": "(mk.keyword_id > 32988)",
                                                    "Workers": [
                                                        {
                                                            "Worker Number": 2,
                                                            "Actual Startup Time": 43.019,
                                                            "Actual Total Time": 43.02,
                                                            "Actual Rows": 556825,
                                                            "Actual Loops": 1
                                                        }
                                                    ]
                                                }
                                            ]
                                        },
                                        {
                                            "Node Type": "Hash",
                                            "Parent Relationship": "Inner",
                                            "Parallel Aware": true,
                                            "Startup Cost": 45479.21,
                                            "Total Cost": 45479.21,
                                            "Plan Rows": 320008,
                                            "Plan Width": 4,
                                            "Actual Startup Time": 239.461,
                                            "Actual Total Time": 239.462,
                                            "Actual Rows": 353437,
                                            "Actual Loops": 4,
                                            "Output": [
                                                "t.id"
                                            ],
                                            "Hash Buckets": 2097152,
                                            "Original Hash Buckets": 2097152,
                                            "Hash Batches": 1,
                                            "Original Hash Batches": 1,
                                            "Peak Memory Usage": 71744,
                                            "Workers": [
                                                {
                                                    "Worker Number": 0,
                                                    "Actual Startup Time": 242.928,
                                                    "Actual Total Time": 242.929,
                                                    "Actual Rows": 263948,
                                                    "Actual Loops": 1
                                                },
                                                {
                                                    "Worker Number": 1,
                                                    "Actual Startup Time": 243.049,
                                                    "Actual Total Time": 243.049,
                                                    "Actual Rows": 366231,
                                                    "Actual Loops": 1
                                                },
                                                {
                                                    "Worker Number": 2,
                                                    "Actual Startup Time": 242.611,
                                                    "Actual Total Time": 242.611,
                                                    "Actual Rows": 327742,
                                                    "Actual Loops": 1
                                                }
                                            ],
                                            "Plans": [
                                                {
                                                    "Node Type": "Seq Scan",
                                                    "Parent Relationship": "Outer",
                                                    "Parallel Aware": true,
                                                    "Relation Name": "title",
                                                    "Schema": "public",
                                                    "Alias": "t",
                                                    "Startup Cost": 0.0,
                                                    "Total Cost": 45479.21,
                                                    "Plan Rows": 320008,
                                                    "Plan Width": 4,
                                                    "Actual Startup Time": 0.039,
                                                    "Actual Total Time": 107.592,
                                                    "Actual Rows": 353437,
                                                    "Actual Loops": 4,
                                                    "Output": [
                                                        "t.id"
                                                    ],
                                                    "Filter": "((t.kind_id > 1) AND (t.production_year > 1990))",
                                                    "Rows Removed by Filter": 278641,
                                                    "Workers": [
                                                        {
                                                            "Worker Number": 0,
                                                            "Actual Startup Time": 0.042,
                                                            "Actual Total Time": 116.407,
                                                            "Actual Rows": 263948,
                                                            "Actual Loops": 1
                                                        },
                                                        {
                                                            "Worker Number": 1,
                                                            "Actual Startup Time": 0.042,
                                                            "Actual Total Time": 110.492,
                                                            "Actual Rows": 366231,
                                                            "Actual Loops": 1
                                                        },
                                                        {
                                                            "Worker Number": 2,
                                                            "Actual Startup Time": 0.051,
                                                            "Actual Total Time": 103.063,
                                                            "Actual Rows": 327742,
                                                            "Actual Loops": 1
                                                        }
                                                    ]
                                                }
                                            ]
                                        }
                                    ]
                                }
                            ]
                        }
                    ]
                }
            ]
        },
        "Planning Time": 1580.555,
        "Triggers": [],
        "Execution Time": 424.533
    }
]