[
  {
    "Plan": {
      "Node Type": "Aggregate",
      "Strategy": "Plain",
      "Partial Mode": "Finalize",
      "Parallel Aware": false,
      "Startup Cost": 160894.52,
      "Total Cost": 160894.53,
      "Plan Rows": 1,
      "Plan Width": 8,
      "Actual Startup Time": 871.63,
      "Actual Total Time": 901.102,
      "Actual Rows": 1,
      "Actual Loops": 1,
      "Plans": [
        {
          "Node Type": "Gather",
          "Parent Relationship": "Outer",
          "Parallel Aware": false,
          "Startup Cost": 160894.0,
          "Total Cost": 160894.51,
          "Plan Rows": 5,
          "Plan Width": 8,
          "Actual Startup Time": 849.872,
          "Actual Total Time": 901.09,
          "Actual Rows": 6,
          "Actual Loops": 1,
          "Workers Planned": 5,
          "Workers Launched": 5,
          "Single Copy": false,
          "Plans": [
            {
              "Node Type": "Aggregate",
              "Strategy": "Plain",
              "Partial Mode": "Partial",
              "Parent Relationship": "Outer",
              "Parallel Aware": false,
              "Startup Cost": 159894.0,
              "Total Cost": 159894.01,
              "Plan Rows": 1,
              "Plan Width": 8,
              "Actual Startup Time": 838.165,
              "Actual Total Time": 838.169,
              "Actual Rows": 1,
              "Actual Loops": 6,
              "Plans": [
                {
                  "Node Type": "Hash Join",
                  "Parent Relationship": "Outer",
                  "Parallel Aware": true,
                  "Join Type": "Inner",
                  "Startup Cost": 49738.17,
                  "Total Cost": 158656.08,
                  "Plan Rows": 495170,
                  "Plan Width": 0,
                  "Actual Startup Time": 266.012,
                  "Actual Total Time": 806.728,
                  "Actual Rows": 511863,
                  "Actual Loops": 6,
                  "Inner Unique": true,
                  "Hash Cond": "(ci.movie_id = t.id)",
                  "Plans": [
                    {
                      "Node Type": "Index Scan",
                      "Parent Relationship": "Outer",
                      "Parallel Aware": true,
                      "Scan Direction": "Forward",
                      "Index Name": "role_id_cast_info",
                      "Relation Name": "cast_info",
                      "Alias": "ci",
                      "Startup Cost": 0.56,
                      "Total Cost": 107159.34,
                      "Plan Rows": 670145,
                      "Plan Width": 4,
                      "Actual Startup Time": 0.361,
                      "Actual Total Time": 203.265,
                      "Actual Rows": 668006,
                      "Actual Loops": 6,
                      "Index Cond": "(role_id = 3)",
                      "Rows Removed by Index Recheck": 0,
                      "Filter": "(person_id < 3133267)",
                      "Rows Removed by Filter": 0
                    },
                    {
                      "Node Type": "Hash",
                      "Parent Relationship": "Inner",
                      "Parallel Aware": true,
                      "Startup Cost": 43899.32,
                      "Total Cost": 43899.32,
                      "Plan Rows": 467063,
                      "Plan Width": 4,
                      "Actual Startup Time": 261.478,
                      "Actual Total Time": 261.479,
                      "Actual Rows": 310914,
                      "Actual Loops": 6,
                      "Hash Buckets": 2097152,
                      "Original Hash Buckets": 2097152,
                      "Hash Batches": 1,
                      "Original Hash Batches": 1,
                      "Peak Memory Usage": 89472,
                      "Plans": [
                        {
                          "Node Type": "Seq Scan",
                          "Parent Relationship": "Outer",
                          "Parallel Aware": true,
                          "Relation Name": "title",
                          "Alias": "t",
                          "Startup Cost": 0.0,
                          "Total Cost": 43899.32,
                          "Plan Rows": 467063,
                          "Plan Width": 4,
                          "Actual Startup Time": 0.048,
                          "Actual Total Time": 106.558,
                          "Actual Rows": 310914,
                          "Actual Loops": 6,
                          "Filter": "(kind_id > 1)",
                          "Rows Removed by Filter": 110471
                        }
                      ]
                    }
                  ]
                }
              ]
            }
          ]
        }
      ]
    },
    "Planning Time": 0.48,
    "Triggers": [],
    "Execution Time": 901.148
  }
]