{
  "Plan": {
    "Node Type": "Aggregate",
    "Strategy": "Plain",
    "Partial Mode": "Finalize",
    "Parallel Aware": false,
    "Startup Cost": 103876.72,
    "Total Cost": 103876.73,
    "Plan Rows": 1,
    "Plan Width": 8,
    "Actual Startup Time": 580.598,
    "Actual Total Time": 596.682,
    "Actual Rows": 1,
    "Actual Loops": 1,
    "Plans": [
      {
        "Node Type": "Gather",
        "Parent Relationship": "Outer",
        "Parallel Aware": false,
        "Startup Cost": 103876.61,
        "Total Cost": 103876.72,
        "Plan Rows": 1,
        "Plan Width": 8,
        "Actual Startup Time": 578.058,
        "Actual Total Time": 596.673,
        "Actual Rows": 2,
        "Actual Loops": 1,
        "Workers Planned": 1,
        "Workers Launched": 1,
        "Single Copy": false,
        "Plans": [
          {
            "Node Type": "Aggregate",
            "Strategy": "Plain",
            "Partial Mode": "Partial",
            "Parent Relationship": "Outer",
            "Parallel Aware": false,
            "Startup Cost": 102876.61,
            "Total Cost": 102876.62,
            "Plan Rows": 1,
            "Plan Width": 8,
            "Actual Startup Time": 573.652,
            "Actual Total Time": 573.655,
            "Actual Rows": 1,
            "Actual Loops": 2,
            "Plans": [
              {
                "Node Type": "Hash Join",
                "Parent Relationship": "Outer",
                "Parallel Aware": true,
                "Join Type": "Inner",
                "Startup Cost": 62072.04,
                "Total Cost": 102092.37,
                "Plan Rows": 313695,
                "Plan Width": 0,
                "Actual Startup Time": 347.729,
                "Actual Total Time": 560.496,
                "Actual Rows": 335301,
                "Actual Loops": 2,
                "Inner Unique": true,
                "Hash Cond": "(mc.movie_id = t.id)",
                "Plans": [
                  {
                    "Node Type": "Seq Scan",
                    "Parent Relationship": "Outer",
                    "Parallel Aware": true,
                    "Relation Name": "movie_companies",
                    "Alias": "mc",
                    "Startup Cost": 0.0,
                    "Total Cost": 37974.77,
                    "Plan Rows": 779260,
                    "Plan Width": 4,
                    "Actual Startup Time": 46.463,
                    "Actual Total Time": 111.33,
                    "Actual Rows": 667442,
                    "Actual Loops": 2,
                    "Filter": "(company_type_id = 2)",
                    "Rows Removed by Filter": 637123
                  },
                  {
                    "Node Type": "Hash",
                    "Parent Relationship": "Inner",
                    "Parallel Aware": true,
                    "Startup Cost": 54588.39,
                    "Total Cost": 54588.39,
                    "Plan Rows": 598692,
                    "Plan Width": 4,
                    "Actual Startup Time": 289.967,
                    "Actual Total Time": 289.968,
                    "Actual Rows": 510876,
                    "Actual Loops": 2,
                    "Hash Buckets": 1048576,
                    "Original Hash Buckets": 1048576,
                    "Hash Batches": 1,
                    "Original Hash Batches": 1,
                    "Peak Memory Usage": 48192,
                    "Plans": [
                      {
                        "Node Type": "Seq Scan",
                        "Parent Relationship": "Outer",
                        "Parallel Aware": true,
                        "Relation Name": "title",
                        "Alias": "t",
                        "Startup Cost": 0.0,
                        "Total Cost": 54588.39,
                        "Plan Rows": 598692,
                        "Plan Width": 4,
                        "Actual Startup Time": 0.05,
                        "Actual Total Time": 165.82,
                        "Actual Rows": 510876,
                        "Actual Loops": 2,
                        "Filter": "(production_year < 2000)",
                        "Rows Removed by Filter": 753280
                      }
                    ]
                  }
                ]
              }
            ]
          }
        ]
      }
    ]
  },
  "Planning Time": 0.493,
  "Triggers": [],
  "Execution Time": 596.74
}