{
  "Plan": {
    "Node Type": "Aggregate",
    "Strategy": "Plain",
    "Partial Mode": "Finalize",
    "Parallel Aware": false,
    "Startup Cost": 925411.09,
    "Total Cost": 925411.1,
    "Plan Rows": 1,
    "Plan Width": 8,
    "Actual Startup Time": 5032.765,
    "Actual Total Time": 5114.424,
    "Actual Rows": 1,
    "Actual Loops": 1,
    "Plans": [
      {
        "Node Type": "Gather",
        "Parent Relationship": "Outer",
        "Parallel Aware": false,
        "Startup Cost": 925410.98,
        "Total Cost": 925411.09,
        "Plan Rows": 1,
        "Plan Width": 8,
        "Actual Startup Time": 5032.374,
        "Actual Total Time": 5114.416,
        "Actual Rows": 2,
        "Actual Loops": 1,
        "Workers Planned": 1,
        "Workers Launched": 1,
        "Single Copy": false,
        "Plans": [
          {
            "Node Type": "Aggregate",
            "Strategy": "Plain",
            "Partial Mode": "Partial",
            "Parent Relationship": "Outer",
            "Parallel Aware": false,
            "Startup Cost": 924410.98,
            "Total Cost": 924410.99,
            "Plan Rows": 1,
            "Plan Width": 8,
            "Actual Startup Time": 5026.407,
            "Actual Total Time": 5026.411,
            "Actual Rows": 1,
            "Actual Loops": 2,
            "Plans": [
              {
                "Node Type": "Nested Loop",
                "Parent Relationship": "Outer",
                "Parallel Aware": false,
                "Join Type": "Inner",
                "Startup Cost": 58480.12,
                "Total Cost": 921508.41,
                "Plan Rows": 1161028,
                "Plan Width": 0,
                "Actual Startup Time": 147.783,
                "Actual Total Time": 4960.996,
                "Actual Rows": 1450326,
                "Actual Loops": 2,
                "Inner Unique": false,
                "Join Filter": "(t.id = mi.movie_id)",
                "Rows Removed by Join Filter": 0,
                "Plans": [
                  {
                    "Node Type": "Hash Join",
                    "Parent Relationship": "Outer",
                    "Parallel Aware": true,
                    "Join Type": "Inner",
                    "Startup Cost": 58479.68,
                    "Total Cost": 580213.03,
                    "Plan Rows": 198558,
                    "Plan Width": 8,
                    "Actual Startup Time": 147.711,
                    "Actual Total Time": 3426.097,
                    "Actual Rows": 120058,
                    "Actual Loops": 2,
                    "Inner Unique": true,
                    "Hash Cond": "(ci.movie_id = t.id)",
                    "Plans": [
                      {
                        "Node Type": "Seq Scan",
                        "Parent Relationship": "Outer",
                        "Parallel Aware": true,
                        "Relation Name": "cast_info",
                        "Alias": "ci",
                        "Startup Cost": 0.0,
                        "Total Cost": 465792.95,
                        "Plan Rows": 21310595,
                        "Plan Width": 4,
                        "Actual Startup Time": 0.016,
                        "Actual Total Time": 1266.218,
                        "Actual Rows": 18122172,
                        "Actual Loops": 2
                      },
                      {
                        "Node Type": "Hash",
                        "Parent Relationship": "Inner",
                        "Parallel Aware": true,
                        "Startup Cost": 58306.47,
                        "Total Cost": 58306.47,
                        "Plan Rows": 13857,
                        "Plan Width": 4,
                        "Actual Startup Time": 146.211,
                        "Actual Total Time": 146.212,
                        "Actual Rows": 36676,
                        "Actual Loops": 2,
                        "Hash Buckets": 131072,
                        "Original Hash Buckets": 32768,
                        "Hash Batches": 1,
                        "Original Hash Batches": 1,
                        "Peak Memory Usage": 4704,
                        "Plans": [
                          {
                            "Node Type": "Seq Scan",
                            "Parent Relationship": "Outer",
                            "Parallel Aware": true,
                            "Relation Name": "title",
                            "Alias": "t",
                            "Startup Cost": 0.0,
                            "Total Cost": 58306.47,
                            "Plan Rows": 13857,
                            "Plan Width": 4,
                            "Actual Startup Time": 85.704,
                            "Actual Total Time": 136.712,
                            "Actual Rows": 36676,
                            "Actual Loops": 2,
                            "Filter": "((kind_id < 4) AND (production_year < 1917))",
                            "Rows Removed by Filter": 1227480
                          }
                        ]
                      }
                    ]
                  },
                  {
                    "Node Type": "Index Only Scan",
                    "Parent Relationship": "Inner",
                    "Parallel Aware": false,
                    "Scan Direction": "Forward",
                    "Index Name": "movie_id_movie_info",
                    "Relation Name": "movie_info",
                    "Alias": "mi",
                    "Startup Cost": 0.43,
                    "Total Cost": 1.19,
                    "Plan Rows": 42,
                    "Plan Width": 4,
                    "Actual Startup Time": 0.005,
                    "Actual Total Time": 0.012,
                    "Actual Rows": 12,
                    "Actual Loops": 240116,
                    "Index Cond": "(movie_id = ci.movie_id)",
                    "Rows Removed by Index Recheck": 0,
                    "Heap Fetches": 2900652
                  }
                ]
              }
            ]
          }
        ]
      }
    ]
  },
  "Planning Time": 0.993,
  "Triggers": [],
  "Execution Time": 5114.531
}