[
  {
    "Plan": {
      "Node Type": "Aggregate",
      "Strategy": "Plain",
      "Partial Mode": "Finalize",
      "Parallel Aware": false,
      "Startup Cost": 326016.61,
      "Total Cost": 326016.62,
      "Plan Rows": 1,
      "Plan Width": 8,
      "Actual Startup Time": 290.433,
      "Actual Total Time": 342.393,
      "Actual Rows": 1,
      "Actual Loops": 1,
      "Plans": [
        {
          "Node Type": "Gather",
          "Parent Relationship": "Outer",
          "Parallel Aware": false,
          "Startup Cost": 326016.19,
          "Total Cost": 326016.6,
          "Plan Rows": 4,
          "Plan Width": 8,
          "Actual Startup Time": 289.921,
          "Actual Total Time": 342.383,
          "Actual Rows": 5,
          "Actual Loops": 1,
          "Workers Planned": 4,
          "Workers Launched": 4,
          "Single Copy": false,
          "Plans": [
            {
              "Node Type": "Aggregate",
              "Strategy": "Plain",
              "Partial Mode": "Partial",
              "Parent Relationship": "Outer",
              "Parallel Aware": false,
              "Startup Cost": 325016.19,
              "Total Cost": 325016.2,
              "Plan Rows": 1,
              "Plan Width": 8,
              "Actual Startup Time": 280.432,
              "Actual Total Time": 280.434,
              "Actual Rows": 1,
              "Actual Loops": 5,
              "Plans": [
                {
                  "Node Type": "Nested Loop",
                  "Parent Relationship": "Outer",
                  "Parallel Aware": false,
                  "Join Type": "Inner",
                  "Startup Cost": 0.56,
                  "Total Cost": 324950.62,
                  "Plan Rows": 26228,
                  "Plan Width": 0,
                  "Actual Startup Time": 0.91,
                  "Actual Total Time": 278.878,
                  "Actual Rows": 18264,
                  "Actual Loops": 5,
                  "Inner Unique": false,
                  "Plans": [
                    {
                      "Node Type": "Seq Scan",
                      "Parent Relationship": "Outer",
                      "Parallel Aware": true,
                      "Relation Name": "title",
                      "Alias": "t",
                      "Startup Cost": 0.0,
                      "Total Cost": 45479.1,
                      "Plan Rows": 5122,
                      "Plan Width": 4,
                      "Actual Startup Time": 0.27,
                      "Actual Total Time": 62.32,
                      "Actual Rows": 3778,
                      "Actual Loops": 5,
                      "Filter": "((kind_id < 7) AND (production_year = 2001))",
                      "Rows Removed by Filter": 501884
                    },
                    {
                      "Node Type": "Index Scan",
                      "Parent Relationship": "Inner",
                      "Parallel Aware": false,
                      "Scan Direction": "Forward",
                      "Index Name": "movie_id_cast_info",
                      "Relation Name": "cast_info",
                      "Alias": "ci",
                      "Startup Cost": 0.56,
                      "Total Cost": 54.43,
                      "Plan Rows": 13,
                      "Plan Width": 4,
                      "Actual Startup Time": 0.029,
                      "Actual Total Time": 0.056,
                      "Actual Rows": 5,
                      "Actual Loops": 18892,
                      "Index Cond": "(movie_id = t.id)",
                      "Rows Removed by Index Recheck": 0,
                      "Filter": "((person_id > 1936002) AND (role_id < 6))",
                      "Rows Removed by Filter": 13
                    }
                  ]
                }
              ]
            }
          ]
        }
      ]
    },
    "Planning Time": 0.651,
    "Triggers": [],
    "Execution Time": 342.483
  }
]