{
  "Plan": {
    "Node Type": "Aggregate",
    "Strategy": "Plain",
    "Partial Mode": "Finalize",
    "Parallel Aware": false,
    "Startup Cost": 111335.13,
    "Total Cost": 111335.14,
    "Plan Rows": 1,
    "Plan Width": 8,
    "Actual Startup Time": 543.705,
    "Actual Total Time": 556.038,
    "Actual Rows": 1,
    "Actual Loops": 1,
    "Plans": [
      {
        "Node Type": "Gather",
        "Parent Relationship": "Outer",
        "Parallel Aware": false,
        "Startup Cost": 111335.02,
        "Total Cost": 111335.13,
        "Plan Rows": 1,
        "Plan Width": 8,
        "Actual Startup Time": 541.626,
        "Actual Total Time": 556.031,
        "Actual Rows": 2,
        "Actual Loops": 1,
        "Workers Planned": 1,
        "Workers Launched": 1,
        "Single Copy": false,
        "Plans": [
          {
            "Node Type": "Aggregate",
            "Strategy": "Plain",
            "Partial Mode": "Partial",
            "Parent Relationship": "Outer",
            "Parallel Aware": false,
            "Startup Cost": 110335.02,
            "Total Cost": 110335.03,
            "Plan Rows": 1,
            "Plan Width": 8,
            "Actual Startup Time": 533.544,
            "Actual Total Time": 533.548,
            "Actual Rows": 1,
            "Actual Loops": 2,
            "Plans": [
              {
                "Node Type": "Hash Join",
                "Parent Relationship": "Outer",
                "Parallel Aware": true,
                "Join Type": "Inner",
                "Startup Cost": 66406.37,
                "Total Cost": 109714.2,
                "Plan Rows": 248327,
                "Plan Width": 0,
                "Actual Startup Time": 389.81,
                "Actual Total Time": 529.227,
                "Actual Rows": 101012,
                "Actual Loops": 2,
                "Inner Unique": true,
                "Hash Cond": "(mc.movie_id = t.id)",
                "Plans": [
                  {
                    "Node Type": "Seq Scan",
                    "Parent Relationship": "Outer",
                    "Parallel Aware": true,
                    "Relation Name": "movie_companies",
                    "Alias": "mc",
                    "Startup Cost": 0.0,
                    "Total Cost": 41811.73,
                    "Plan Rows": 569945,
                    "Plan Width": 4,
                    "Actual Startup Time": 48.147,
                    "Actual Total Time": 105.46,
                    "Actual Rows": 328775,
                    "Actual Loops": 2,
                    "Filter": "((company_id < 43198) AND (company_type_id = 2))",
                    "Rows Removed by Filter": 975790
                  },
                  {
                    "Node Type": "Hash",
                    "Parent Relationship": "Inner",
                    "Parallel Aware": true,
                    "Startup Cost": 58306.47,
                    "Total Cost": 58306.47,
                    "Plan Rows": 647992,
                    "Plan Width": 4,
                    "Actual Startup Time": 326.514,
                    "Actual Total Time": 326.515,
                    "Actual Rows": 597668,
                    "Actual Loops": 2,
                    "Hash Buckets": 2097152,
                    "Original Hash Buckets": 2097152,
                    "Hash Batches": 1,
                    "Original Hash Batches": 1,
                    "Peak Memory Usage": 63168,
                    "Plans": [
                      {
                        "Node Type": "Seq Scan",
                        "Parent Relationship": "Outer",
                        "Parallel Aware": true,
                        "Relation Name": "title",
                        "Alias": "t",
                        "Startup Cost": 0.0,
                        "Total Cost": 58306.47,
                        "Plan Rows": 647992,
                        "Plan Width": 4,
                        "Actual Startup Time": 0.032,
                        "Actual Total Time": 163.329,
                        "Actual Rows": 597668,
                        "Actual Loops": 2,
                        "Filter": "((kind_id > 1) AND (production_year > 1998))",
                        "Rows Removed by Filter": 666488
                      }
                    ]
                  }
                ]
              }
            ]
          }
        ]
      }
    ]
  },
  "Planning Time": 0.499,
  "Triggers": [],
  "Execution Time": 556.111
}