{
  "Plan": {
    "Node Type": "Aggregate",
    "Strategy": "Plain",
    "Partial Mode": "Finalize",
    "Parallel Aware": false,
    "Startup Cost": 128434.13,
    "Total Cost": 128434.14,
    "Plan Rows": 1,
    "Plan Width": 8,
    "Actual Startup Time": 842.027,
    "Actual Total Time": 856.372,
    "Actual Rows": 1,
    "Actual Loops": 1,
    "Plans": [
      {
        "Node Type": "Gather",
        "Parent Relationship": "Outer",
        "Parallel Aware": false,
        "Startup Cost": 128434.02,
        "Total Cost": 128434.13,
        "Plan Rows": 1,
        "Plan Width": 8,
        "Actual Startup Time": 840.599,
        "Actual Total Time": 856.364,
        "Actual Rows": 2,
        "Actual Loops": 1,
        "Workers Planned": 1,
        "Workers Launched": 1,
        "Single Copy": false,
        "Plans": [
          {
            "Node Type": "Aggregate",
            "Strategy": "Plain",
            "Partial Mode": "Partial",
            "Parent Relationship": "Outer",
            "Parallel Aware": false,
            "Startup Cost": 127434.02,
            "Total Cost": 127434.03,
            "Plan Rows": 1,
            "Plan Width": 8,
            "Actual Startup Time": 834.136,
            "Actual Total Time": 834.143,
            "Actual Rows": 1,
            "Actual Loops": 2,
            "Plans": [
              {
                "Node Type": "Hash Join",
                "Parent Relationship": "Outer",
                "Parallel Aware": true,
                "Join Type": "Inner",
                "Startup Cost": 62754.84,
                "Total Cost": 127267.16,
                "Plan Rows": 66746,
                "Plan Width": 0,
                "Actual Startup Time": 287.269,
                "Actual Total Time": 826.918,
                "Actual Rows": 159744,
                "Actual Loops": 2,
                "Inner Unique": false,
                "Hash Cond": "(t.id = mi_idx.movie_id)",
                "Plans": [
                  {
                    "Node Type": "Hash Join",
                    "Parent Relationship": "Outer",
                    "Parallel Aware": true,
                    "Join Type": "Inner",
                    "Startup Cost": 41257.61,
                    "Total Cost": 103560.52,
                    "Plan Rows": 363358,
                    "Plan Width": 8,
                    "Actual Startup Time": 163.693,
                    "Actual Total Time": 604.121,
                    "Actual Rows": 306554,
                    "Actual Loops": 2,
                    "Inner Unique": false,
                    "Hash Cond": "(t.id = mc.movie_id)",
                    "Plans": [
                      {
                        "Node Type": "Seq Scan",
                        "Parent Relationship": "Outer",
                        "Parallel Aware": true,
                        "Relation Name": "title",
                        "Alias": "t",
                        "Startup Cost": 0.0,
                        "Total Cost": 50870.31,
                        "Plan Rows": 1487231,
                        "Plan Width": 4,
                        "Actual Startup Time": 0.01,
                        "Actual Total Time": 115.941,
                        "Actual Rows": 1264156,
                        "Actual Loops": 2
                      },
                      {
                        "Node Type": "Hash",
                        "Parent Relationship": "Inner",
                        "Parallel Aware": true,
                        "Startup Cost": 36715.64,
                        "Total Cost": 36715.64,
                        "Plan Rows": 363358,
                        "Plan Width": 4,
                        "Actual Startup Time": 160.902,
                        "Actual Total Time": 160.903,
                        "Actual Rows": 306554,
                        "Actual Loops": 2,
                        "Hash Buckets": 1048576,
                        "Original Hash Buckets": 1048576,
                        "Hash Batches": 1,
                        "Original Hash Batches": 1,
                        "Peak Memory Usage": 32192,
                        "Plans": [
                          {
                            "Node Type": "Bitmap Heap Scan",
                            "Parent Relationship": "Outer",
                            "Parallel Aware": true,
                            "Relation Name": "movie_companies",
                            "Alias": "mc",
                            "Startup Cost": 13383.67,
                            "Total Cost": 36715.64,
                            "Plan Rows": 363358,
                            "Plan Width": 4,
                            "Actual Startup Time": 29.124,
                            "Actual Total Time": 92.09,
                            "Actual Rows": 306554,
                            "Actual Loops": 2,
                            "Recheck Cond": "(company_id < 741)",
                            "Rows Removed by Index Recheck": 0,
                            "Exact Heap Blocks": 10351,
                            "Lossy Heap Blocks": 0,
                            "Plans": [
                              {
                                "Node Type": "Bitmap Index Scan",
                                "Parent Relationship": "Outer",
                                "Parallel Aware": false,
                                "Index Name": "company_id_movie_companies",
                                "Startup Cost": 0.0,
                                "Total Cost": 13229.24,
                                "Plan Rows": 617708,
                                "Plan Width": 0,
                                "Actual Startup Time": 26.393,
                                "Actual Total Time": 26.393,
                                "Actual Rows": 613107,
                                "Actual Loops": 1,
                                "Index Cond": "(company_id < 741)"
                              }
                            ]
                          }
                        ]
                      }
                    ]
                  },
                  {
                    "Node Type": "Hash",
                    "Parent Relationship": "Inner",
                    "Parallel Aware": true,
                    "Startup Cost": 18082.32,
                    "Total Cost": 18082.32,
                    "Plan Rows": 273193,
                    "Plan Width": 4,
                    "Actual Startup Time": 118.163,
                    "Actual Total Time": 118.163,
                    "Actual Rows": 229962,
                    "Actual Loops": 2,
                    "Hash Buckets": 524288,
                    "Original Hash Buckets": 524288,
                    "Hash Batches": 1,
                    "Original Hash Batches": 1,
                    "Peak Memory Usage": 22112,
                    "Plans": [
                      {
                        "Node Type": "Seq Scan",
                        "Parent Relationship": "Outer",
                        "Parallel Aware": true,
                        "Relation Name": "movie_info_idx",
                        "Alias": "mi_idx",
                        "Startup Cost": 0.0,
                        "Total Cost": 18082.32,
                        "Plan Rows": 273193,
                        "Plan Width": 4,
                        "Actual Startup Time": 0.076,
                        "Actual Total Time": 68.399,
                        "Actual Rows": 229962,
                        "Actual Loops": 2,
                        "Filter": "(info_type_id = 100)",
                        "Rows Removed by Filter": 460055
                      }
                    ]
                  }
                ]
              }
            ]
          }
        ]
      }
    ]
  },
  "Planning Time": 0.898,
  "Triggers": [],
  "Execution Time": 856.47
}