{
  "Plan": {
    "Node Type": "Aggregate",
    "Strategy": "Plain",
    "Partial Mode": "Finalize",
    "Parallel Aware": false,
    "Startup Cost": 854340.98,
    "Total Cost": 854340.99,
    "Plan Rows": 1,
    "Plan Width": 8,
    "Actual Startup Time": 10945.773,
    "Actual Total Time": 11063.431,
    "Actual Rows": 1,
    "Actual Loops": 1,
    "Plans": [
      {
        "Node Type": "Gather",
        "Parent Relationship": "Outer",
        "Parallel Aware": false,
        "Startup Cost": 854340.87,
        "Total Cost": 854340.98,
        "Plan Rows": 1,
        "Plan Width": 8,
        "Actual Startup Time": 10926.473,
        "Actual Total Time": 11063.423,
        "Actual Rows": 2,
        "Actual Loops": 1,
        "Workers Planned": 1,
        "Workers Launched": 1,
        "Single Copy": false,
        "Plans": [
          {
            "Node Type": "Aggregate",
            "Strategy": "Plain",
            "Partial Mode": "Partial",
            "Parent Relationship": "Outer",
            "Parallel Aware": false,
            "Startup Cost": 853340.87,
            "Total Cost": 853340.88,
            "Plan Rows": 1,
            "Plan Width": 8,
            "Actual Startup Time": 10896.72,
            "Actual Total Time": 10896.727,
            "Actual Rows": 1,
            "Actual Loops": 2,
            "Plans": [
              {
                "Node Type": "Hash Join",
                "Parent Relationship": "Outer",
                "Parallel Aware": true,
                "Join Type": "Inner",
                "Startup Cost": 731016.84,
                "Total Cost": 838035.88,
                "Plan Rows": 6121998,
                "Plan Width": 0,
                "Actual Startup Time": 8510.985,
                "Actual Total Time": 10191.592,
                "Actual Rows": 17023366,
                "Actual Loops": 2,
                "Inner Unique": false,
                "Hash Cond": "(mk.movie_id = t.id)",
                "Plans": [
                  {
                    "Node Type": "Seq Scan",
                    "Parent Relationship": "Outer",
                    "Parallel Aware": true,
                    "Relation Name": "movie_keyword",
                    "Alias": "mk",
                    "Startup Cost": 0.0,
                    "Total Cost": 57718.19,
                    "Plan Rows": 966480,
                    "Plan Width": 4,
                    "Actual Startup Time": 0.769,
                    "Actual Total Time": 175.467,
                    "Actual Rows": 822734,
                    "Actual Loops": 2,
                    "Filter": "(keyword_id > 8937)",
                    "Rows Removed by Filter": 1439231
                  },
                  {
                    "Node Type": "Hash",
                    "Parent Relationship": "Inner",
                    "Parallel Aware": true,
                    "Startup Cost": 613259.27,
                    "Total Cost": 613259.27,
                    "Plan Rows": 9420605,
                    "Plan Width": 8,
                    "Actual Startup Time": 8455.631,
                    "Actual Total Time": 8455.636,
                    "Actual Rows": 7993845,
                    "Actual Loops": 2,
                    "Hash Buckets": 16777216,
                    "Original Hash Buckets": 16777216,
                    "Hash Batches": 1,
                    "Original Hash Batches": 1,
                    "Peak Memory Usage": 756544,
                    "Plans": [
                      {
                        "Node Type": "Hash Join",
                        "Parent Relationship": "Outer",
                        "Parallel Aware": true,
                        "Join Type": "Inner",
                        "Startup Cost": 69460.7,
                        "Total Cost": 613259.27,
                        "Plan Rows": 9420605,
                        "Plan Width": 8,
                        "Actual Startup Time": 1106.077,
                        "Actual Total Time": 5823.874,
                        "Actual Rows": 7993845,
                        "Actual Loops": 2,
                        "Inner Unique": true,
                        "Hash Cond": "(ci.movie_id = t.id)",
                        "Plans": [
                          {
                            "Node Type": "Seq Scan",
                            "Parent Relationship": "Outer",
                            "Parallel Aware": true,
                            "Relation Name": "cast_info",
                            "Alias": "ci",
                            "Startup Cost": 0.0,
                            "Total Cost": 519069.44,
                            "Plan Rows": 9420605,
                            "Plan Width": 4,
                            "Actual Startup Time": 546.356,
                            "Actual Total Time": 1589.99,
                            "Actual Rows": 7993845,
                            "Actual Loops": 2,
                            "Filter": "(person_id > 2035500)",
                            "Rows Removed by Filter": 10128327
                          },
                          {
                            "Node Type": "Hash",
                            "Parent Relationship": "Inner",
                            "Parallel Aware": true,
                            "Startup Cost": 50870.31,
                            "Total Cost": 50870.31,
                            "Plan Rows": 1487231,
                            "Plan Width": 4,
                            "Actual Startup Time": 548.685,
                            "Actual Total Time": 548.686,
                            "Actual Rows": 1264156,
                            "Actual Loops": 2,
                            "Hash Buckets": 4194304,
                            "Original Hash Buckets": 4194304,
                            "Hash Batches": 1,
                            "Original Hash Batches": 1,
                            "Peak Memory Usage": 131712,
                            "Plans": [
                              {
                                "Node Type": "Seq Scan",
                                "Parent Relationship": "Outer",
                                "Parallel Aware": true,
                                "Relation Name": "title",
                                "Alias": "t",
                                "Startup Cost": 0.0,
                                "Total Cost": 50870.31,
                                "Plan Rows": 1487231,
                                "Plan Width": 4,
                                "Actual Startup Time": 0.039,
                                "Actual Total Time": 177.393,
                                "Actual Rows": 1264156,
                                "Actual Loops": 2
                              }
                            ]
                          }
                        ]
                      }
                    ]
                  }
                ]
              }
            ]
          }
        ]
      }
    ]
  },
  "Planning Time": 1.026,
  "Triggers": [],
  "Execution Time": 11063.534
}