[
  {
    "Plan": {
      "Node Type": "Aggregate",
      "Strategy": "Plain",
      "Partial Mode": "Finalize",
      "Parallel Aware": false,
      "Startup Cost": 92896.46,
      "Total Cost": 92896.47,
      "Plan Rows": 1,
      "Plan Width": 8,
      "Actual Startup Time": 552.431,
      "Actual Total Time": 573.598,
      "Actual Rows": 1,
      "Actual Loops": 1,
      "Plans": [
        {
          "Node Type": "Gather",
          "Parent Relationship": "Outer",
          "Parallel Aware": false,
          "Startup Cost": 92896.14,
          "Total Cost": 92896.45,
          "Plan Rows": 3,
          "Plan Width": 8,
          "Actual Startup Time": 543.569,
          "Actual Total Time": 573.586,
          "Actual Rows": 4,
          "Actual Loops": 1,
          "Workers Planned": 3,
          "Workers Launched": 3,
          "Single Copy": false,
          "Plans": [
            {
              "Node Type": "Aggregate",
              "Strategy": "Plain",
              "Partial Mode": "Partial",
              "Parent Relationship": "Outer",
              "Parallel Aware": false,
              "Startup Cost": 91896.14,
              "Total Cost": 91896.15,
              "Plan Rows": 1,
              "Plan Width": 8,
              "Actual Startup Time": 525.586,
              "Actual Total Time": 525.59,
              "Actual Rows": 1,
              "Actual Loops": 4,
              "Plans": [
                {
                  "Node Type": "Hash Join",
                  "Parent Relationship": "Outer",
                  "Parallel Aware": true,
                  "Join Type": "Inner",
                  "Startup Cost": 63802.01,
                  "Total Cost": 91379.81,
                  "Plan Rows": 206532,
                  "Plan Width": 0,
                  "Actual Startup Time": 403.439,
                  "Actual Total Time": 516.943,
                  "Actual Rows": 155332,
                  "Actual Loops": 4,
                  "Inner Unique": true,
                  "Hash Cond": "(mk.movie_id = t.id)",
                  "Plans": [
                    {
                      "Node Type": "Bitmap Heap Scan",
                      "Parent Relationship": "Outer",
                      "Parallel Aware": true,
                      "Relation Name": "movie_keyword",
                      "Alias": "mk",
                      "Startup Cost": 13582.37,
                      "Total Cost": 40618.02,
                      "Plan Rows": 206532,
                      "Plan Width": 4,
                      "Actual Startup Time": 39.605,
                      "Actual Total Time": 101.432,
                      "Actual Rows": 155332,
                      "Actual Loops": 4,
                      "Recheck Cond": "(keyword_id > 29352)",
                      "Rows Removed by Index Recheck": 0,
                      "Exact Heap Blocks": 4995,
                      "Lossy Heap Blocks": 0,
                      "Plans": [
                        {
                          "Node Type": "Bitmap Index Scan",
                          "Parent Relationship": "Outer",
                          "Parallel Aware": false,
                          "Index Name": "keyword_id_movie_keyword",
                          "Startup Cost": 0.0,
                          "Total Cost": 13422.31,
                          "Plan Rows": 640250,
                          "Plan Width": 0,
                          "Actual Startup Time": 35.989,
                          "Actual Total Time": 35.99,
                          "Actual Rows": 621327,
                          "Actual Loops": 1,
                          "Index Cond": "(keyword_id > 29352)"
                        }
                      ]
                    },
                    {
                      "Node Type": "Hash",
                      "Parent Relationship": "Inner",
                      "Parallel Aware": true,
                      "Startup Cost": 42318.73,
                      "Total Cost": 42318.73,
                      "Plan Rows": 632073,
                      "Plan Width": 4,
                      "Actual Startup Time": 352.157,
                      "Actual Total Time": 352.158,
                      "Actual Rows": 632078,
                      "Actual Loops": 4,
                      "Hash Buckets": 4194304,
                      "Original Hash Buckets": 4194304,
                      "Hash Batches": 1,
                      "Original Hash Batches": 1,
                      "Peak Memory Usage": 131712,
                      "Plans": [
                        {
                          "Node Type": "Seq Scan",
                          "Parent Relationship": "Outer",
                          "Parallel Aware": true,
                          "Relation Name": "title",
                          "Alias": "t",
                          "Startup Cost": 0.0,
                          "Total Cost": 42318.73,
                          "Plan Rows": 632073,
                          "Plan Width": 4,
                          "Actual Startup Time": 0.043,
                          "Actual Total Time": 105.874,
                          "Actual Rows": 632078,
                          "Actual Loops": 4
                        }
                      ]
                    }
                  ]
                }
              ]
            }
          ]
        }
      ]
    },
    "Planning Time": 0.589,
    "Triggers": [],
    "Execution Time": 573.691
  }
]