[
  {
    "Plan": {
      "Node Type": "Aggregate",
      "Strategy": "Plain",
      "Partial Mode": "Finalize",
      "Parallel Aware": false,
      "Startup Cost": 125369.97,
      "Total Cost": 125369.98,
      "Plan Rows": 1,
      "Plan Width": 8,
      "Actual Startup Time": 625.872,
      "Actual Total Time": 643.212,
      "Actual Rows": 1,
      "Actual Loops": 1,
      "Plans": [
        {
          "Node Type": "Gather",
          "Parent Relationship": "Outer",
          "Parallel Aware": false,
          "Startup Cost": 125369.66,
          "Total Cost": 125369.97,
          "Plan Rows": 3,
          "Plan Width": 8,
          "Actual Startup Time": 617.277,
          "Actual Total Time": 643.202,
          "Actual Rows": 4,
          "Actual Loops": 1,
          "Workers Planned": 3,
          "Workers Launched": 3,
          "Single Copy": false,
          "Plans": [
            {
              "Node Type": "Aggregate",
              "Strategy": "Plain",
              "Partial Mode": "Partial",
              "Parent Relationship": "Outer",
              "Parallel Aware": false,
              "Startup Cost": 124369.66,
              "Total Cost": 124369.67,
              "Plan Rows": 1,
              "Plan Width": 8,
              "Actual Startup Time": 608.389,
              "Actual Total Time": 608.49,
              "Actual Rows": 1,
              "Actual Loops": 4,
              "Plans": [
                {
                  "Node Type": "Hash Join",
                  "Parent Relationship": "Outer",
                  "Parallel Aware": true,
                  "Join Type": "Inner",
                  "Startup Cost": 91014.57,
                  "Total Cost": 124160.64,
                  "Plan Rows": 83608,
                  "Plan Width": 0,
                  "Actual Startup Time": 513.516,
                  "Actual Total Time": 598.907,
                  "Actual Rows": 251751,
                  "Actual Loops": 4,
                  "Inner Unique": false,
                  "Hash Cond": "(mc.movie_id = t.id)",
                  "Plans": [
                    {
                      "Node Type": "Seq Scan",
                      "Parent Relationship": "Outer",
                      "Parallel Aware": true,
                      "Relation Name": "movie_companies",
                      "Alias": "mc",
                      "Startup Cost": 0.0,
                      "Total Cost": 31414.82,
                      "Plan Rows": 389746,
                      "Plan Width": 4,
                      "Actual Startup Time": 27.856,
                      "Actual Total Time": 63.154,
                      "Actual Rows": 320453,
                      "Actual Loops": 4,
                      "Filter": "((company_id > 91) AND (company_type_id = 2))",
                      "Rows Removed by Filter": 331829
                    },
                    {
                      "Node Type": "Hash",
                      "Parent Relationship": "Inner",
                      "Parallel Aware": true,
                      "Startup Cost": 88827.62,
                      "Total Cost": 88827.62,
                      "Plan Rows": 174956,
                      "Plan Width": 8,
                      "Actual Startup Time": 472.23,
                      "Actual Total Time": 472.33,
                      "Actual Rows": 131360,
                      "Actual Loops": 4,
                      "Hash Buckets": 1048576,
                      "Original Hash Buckets": 1048576,
                      "Hash Batches": 1,
                      "Original Hash Batches": 1,
                      "Peak Memory Usage": 28800,
                      "Plans": [
                        {
                          "Node Type": "Hash Join",
                          "Parent Relationship": "Outer",
                          "Parallel Aware": true,
                          "Join Type": "Inner",
                          "Startup Cost": 61727.41,
                          "Total Cost": 88827.62,
                          "Plan Rows": 174956,
                          "Plan Width": 8,
                          "Actual Startup Time": 346.649,
                          "Actual Total Time": 434.308,
                          "Actual Rows": 131360,
                          "Actual Loops": 4,
                          "Inner Unique": true,
                          "Hash Cond": "(mk.movie_id = t.id)",
                          "Plans": [
                            {
                              "Node Type": "Bitmap Heap Scan",
                              "Parent Relationship": "Outer",
                              "Parallel Aware": true,
                              "Relation Name": "movie_keyword",
                              "Alias": "mk",
                              "Startup Cost": 11507.76,
                              "Total Cost": 38148.72,
                              "Plan Rows": 174956,
                              "Plan Width": 4,
                              "Actual Startup Time": 29.824,
                              "Actual Total Time": 75.27,
                              "Actual Rows": 131360,
                              "Actual Loops": 4,
                              "Recheck Cond": "(keyword_id > 34582)",
                              "Rows Removed by Index Recheck": 0,
                              "Exact Heap Blocks": 7188,
                              "Lossy Heap Blocks": 0,
                              "Plans": [
                                {
                                  "Node Type": "Bitmap Index Scan",
                                  "Parent Relationship": "Outer",
                                  "Parallel Aware": false,
                                  "Index Name": "keyword_id_movie_keyword",
                                  "Startup Cost": 0.0,
                                  "Total Cost": 11372.17,
                                  "Plan Rows": 542365,
                                  "Plan Width": 0,
                                  "Actual Startup Time": 26.303,
                                  "Actual Total Time": 26.303,
                                  "Actual Rows": 525440,
                                  "Actual Loops": 1,
                                  "Index Cond": "(keyword_id > 34582)"
                                }
                              ]
                            },
                            {
                              "Node Type": "Hash",
                              "Parent Relationship": "Inner",
                              "Parallel Aware": true,
                              "Startup Cost": 42318.73,
                              "Total Cost": 42318.73,
                              "Plan Rows": 632073,
                              "Plan Width": 4,
                              "Actual Startup Time": 309.293,
                              "Actual Total Time": 309.293,
                              "Actual Rows": 632078,
                              "Actual Loops": 4,
                              "Hash Buckets": 4194304,
                              "Original Hash Buckets": 4194304,
                              "Hash Batches": 1,
                              "Original Hash Batches": 1,
                              "Peak Memory Usage": 131712,
                              "Plans": [
                                {
                                  "Node Type": "Seq Scan",
                                  "Parent Relationship": "Outer",
                                  "Parallel Aware": true,
                                  "Relation Name": "title",
                                  "Alias": "t",
                                  "Startup Cost": 0.0,
                                  "Total Cost": 42318.73,
                                  "Plan Rows": 632073,
                                  "Plan Width": 4,
                                  "Actual Startup Time": 0.045,
                                  "Actual Total Time": 89.56,
                                  "Actual Rows": 632078,
                                  "Actual Loops": 4
                                }
                              ]
                            }
                          ]
                        }
                      ]
                    }
                  ]
                }
              ]
            }
          ]
        }
      ]
    },
    "Planning Time": 1.167,
    "Triggers": [],
    "Execution Time": 643.3
  }
]