{
  "Plan": {
    "Node Type": "Aggregate",
    "Strategy": "Plain",
    "Partial Mode": "Simple",
    "Parallel Aware": false,
    "Startup Cost": 162160.66,
    "Total Cost": 162160.67,
    "Plan Rows": 1,
    "Plan Width": 96,
    "Actual Startup Time": 2669.073,
    "Actual Total Time": 2669.08,
    "Actual Rows": 1,
    "Actual Loops": 1,
    "Plans": [
      {
        "Node Type": "Hash Join",
        "Parent Relationship": "Outer",
        "Parallel Aware": false,
        "Join Type": "Inner",
        "Startup Cost": 149387.42,
        "Total Cost": 162147.98,
        "Plan Rows": 1691,
        "Plan Width": 48,
        "Actual Startup Time": 1625.135,
        "Actual Total Time": 2626.19,
        "Actual Rows": 400101,
        "Actual Loops": 1,
        "Inner Unique": true,
        "Hash Cond": "(ci.person_id = n.id)",
        "Plans": [
          {
            "Node Type": "Nested Loop",
            "Parent Relationship": "Outer",
            "Parallel Aware": false,
            "Join Type": "Inner",
            "Startup Cost": 11.81,
            "Total Cost": 12767.93,
            "Plan Rows": 1691,
            "Plan Width": 37,
            "Actual Startup Time": 0.908,
            "Actual Total Time": 748.547,
            "Actual Rows": 400101,
            "Actual Loops": 1,
            "Inner Unique": false,
            "Join Filter": "(t.id = ci.movie_id)",
            "Rows Removed by Join Filter": 0,
            "Plans": [
              {
                "Node Type": "Nested Loop",
                "Parent Relationship": "Outer",
                "Parallel Aware": false,
                "Join Type": "Inner",
                "Startup Cost": 11.25,
                "Total Cost": 12540.97,
                "Plan Rows": 118,
                "Plan Width": 41,
                "Actual Startup Time": 0.886,
                "Actual Total Time": 183.935,
                "Actual Rows": 6809,
                "Actual Loops": 1,
                "Inner Unique": true,
                "Plans": [
                  {
                    "Node Type": "Nested Loop",
                    "Parent Relationship": "Outer",
                    "Parallel Aware": false,
                    "Join Type": "Inner",
                    "Startup Cost": 10.82,
                    "Total Cost": 12408.72,
                    "Plan Rows": 270,
                    "Plan Width": 20,
                    "Actual Startup Time": 0.85,
                    "Actual Total Time": 67.791,
                    "Actual Rows": 41417,
                    "Actual Loops": 1,
                    "Inner Unique": false,
                    "Plans": [
                      {
                        "Node Type": "Seq Scan",
                        "Parent Relationship": "Outer",
                        "Parallel Aware": false,
                        "Relation Name": "keyword",
                        "Alias": "k",
                        "Startup Cost": 0.0,
                        "Total Cost": 3632.4,
                        "Plan Rows": 8,
                        "Plan Width": 20,
                        "Actual Startup Time": 0.167,
                        "Actual Total Time": 19.895,
                        "Actual Rows": 7,
                        "Actual Loops": 1,
                        "Filter": "(keyword = ANY ('{fight,based-on-novel,marvel-cinematic-universe,gore,based-on-comic,based-on-comic,magnet,marvel-comics}'::text[]))",
                        "Rows Removed by Filter": 134163
                      },
                      {
                        "Node Type": "Bitmap Heap Scan",
                        "Parent Relationship": "Inner",
                        "Parallel Aware": false,
                        "Relation Name": "movie_keyword",
                        "Alias": "mk",
                        "Startup Cost": 10.82,
                        "Total Cost": 1093.96,
                        "Plan Rows": 308,
                        "Plan Width": 8,
                        "Actual Startup Time": 0.832,
                        "Actual Total Time": 6.302,
                        "Actual Rows": 5917,
                        "Actual Loops": 7,
                        "Recheck Cond": "(keyword_id = k.id)",
                        "Rows Removed by Index Recheck": 0,
                        "Exact Heap Blocks": 21693,
                        "Lossy Heap Blocks": 0,
                        "Plans": [
                          {
                            "Node Type": "Bitmap Index Scan",
                            "Parent Relationship": "Outer",
                            "Parallel Aware": false,
                            "Index Name": "keyword_id_movie_keyword",
                            "Startup Cost": 0.0,
                            "Total Cost": 10.74,
                            "Plan Rows": 308,
                            "Plan Width": 0,
                            "Actual Startup Time": 0.457,
                            "Actual Total Time": 0.457,
                            "Actual Rows": 5917,
                            "Actual Loops": 7,
                            "Index Cond": "(keyword_id = k.id)"
                          }
                        ]
                      }
                    ]
                  },
                  {
                    "Node Type": "Index Scan",
                    "Parent Relationship": "Inner",
                    "Parallel Aware": false,
                    "Scan Direction": "Forward",
                    "Index Name": "title_pkey",
                    "Relation Name": "title",
                    "Alias": "t",
                    "Startup Cost": 0.43,
                    "Total Cost": 0.49,
                    "Plan Rows": 1,
                    "Plan Width": 21,
                    "Actual Startup Time": 0.003,
                    "Actual Total Time": 0.003,
                    "Actual Rows": 0,
                    "Actual Loops": 41417,
                    "Index Cond": "(id = mk.movie_id)",
                    "Rows Removed by Index Recheck": 0,
                    "Filter": "(production_year > 2004)",
                    "Rows Removed by Filter": 1
                  }
                ]
              },
              {
                "Node Type": "Index Scan",
                "Parent Relationship": "Inner",
                "Parallel Aware": false,
                "Scan Direction": "Forward",
                "Index Name": "movie_id_cast_info",
                "Relation Name": "cast_info",
                "Alias": "ci",
                "Startup Cost": 0.56,
                "Total Cost": 1.5,
                "Plan Rows": 34,
                "Plan Width": 8,
                "Actual Startup Time": 0.006,
                "Actual Total Time": 0.076,
                "Actual Rows": 59,
                "Actual Loops": 6809,
                "Index Cond": "(movie_id = mk.movie_id)",
                "Rows Removed by Index Recheck": 0
              }
            ]
          },
          {
            "Node Type": "Hash",
            "Parent Relationship": "Inner",
            "Parallel Aware": false,
            "Startup Cost": 97285.27,
            "Total Cost": 97285.27,
            "Plan Rows": 4167227,
            "Plan Width": 19,
            "Actual Startup Time": 1617.415,
            "Actual Total Time": 1617.416,
            "Actual Rows": 4167491,
            "Actual Loops": 1,
            "Hash Buckets": 4194304,
            "Original Hash Buckets": 4194304,
            "Hash Batches": 1,
            "Original Hash Batches": 1,
            "Peak Memory Usage": 248744,
            "Plans": [
              {
                "Node Type": "Seq Scan",
                "Parent Relationship": "Outer",
                "Parallel Aware": false,
                "Relation Name": "name",
                "Alias": "n",
                "Startup Cost": 0.0,
                "Total Cost": 97285.27,
                "Plan Rows": 4167227,
                "Plan Width": 19,
                "Actual Startup Time": 0.022,
                "Actual Total Time": 467.693,
                "Actual Rows": 4167491,
                "Actual Loops": 1
              }
            ]
          }
        ]
      }
    ]
  },
  "Planning Time": 0.892,
  "Triggers": [],
  "Execution Time": 2670.82
}