{
  "Plan": {
    "Node Type": "Aggregate",
    "Strategy": "Plain",
    "Partial Mode": "Finalize",
    "Parallel Aware": false,
    "Startup Cost": 763282.68,
    "Total Cost": 763282.69,
    "Plan Rows": 1,
    "Plan Width": 8,
    "Actual Startup Time": 7050.59,
    "Actual Total Time": 7124.473,
    "Actual Rows": 1,
    "Actual Loops": 1,
    "Plans": [
      {
        "Node Type": "Gather",
        "Parent Relationship": "Outer",
        "Parallel Aware": false,
        "Startup Cost": 763282.57,
        "Total Cost": 763282.68,
        "Plan Rows": 1,
        "Plan Width": 8,
        "Actual Startup Time": 7044.264,
        "Actual Total Time": 7124.462,
        "Actual Rows": 2,
        "Actual Loops": 1,
        "Workers Planned": 1,
        "Workers Launched": 1,
        "Single Copy": false,
        "Plans": [
          {
            "Node Type": "Aggregate",
            "Strategy": "Plain",
            "Partial Mode": "Partial",
            "Parent Relationship": "Outer",
            "Parallel Aware": false,
            "Startup Cost": 762282.57,
            "Total Cost": 762282.58,
            "Plan Rows": 1,
            "Plan Width": 8,
            "Actual Startup Time": 7039.154,
            "Actual Total Time": 7040.713,
            "Actual Rows": 1,
            "Actual Loops": 2,
            "Plans": [
              {
                "Node Type": "Hash Join",
                "Parent Relationship": "Outer",
                "Parallel Aware": true,
                "Join Type": "Inner",
                "Startup Cost": 128281.98,
                "Total Cost": 754838.97,
                "Plan Rows": 2977439,
                "Plan Width": 0,
                "Actual Startup Time": 1324.637,
                "Actual Total Time": 6185.088,
                "Actual Rows": 22420582,
                "Actual Loops": 2,
                "Inner Unique": false,
                "Hash Cond": "(ci.movie_id = t.id)",
                "Plans": [
                  {
                    "Node Type": "Seq Scan",
                    "Parent Relationship": "Outer",
                    "Parallel Aware": true,
                    "Relation Name": "cast_info",
                    "Alias": "ci",
                    "Startup Cost": 0.0,
                    "Total Cost": 572345.93,
                    "Plan Rows": 9785792,
                    "Plan Width": 4,
                    "Actual Startup Time": 495.926,
                    "Actual Total Time": 1782.933,
                    "Actual Rows": 10264800,
                    "Actual Loops": 2,
                    "Filter": "((person_id > 1067634) AND (role_id > 1))",
                    "Rows Removed by Filter": 7857372
                  },
                  {
                    "Node Type": "Hash",
                    "Parent Relationship": "Inner",
                    "Parallel Aware": true,
                    "Startup Cost": 122625.64,
                    "Total Cost": 122625.64,
                    "Plan Rows": 452507,
                    "Plan Width": 8,
                    "Actual Startup Time": 818.865,
                    "Actual Total Time": 820.423,
                    "Actual Rows": 855191,
                    "Actual Loops": 2,
                    "Hash Buckets": 2097152,
                    "Original Hash Buckets": 1048576,
                    "Hash Batches": 1,
                    "Original Hash Batches": 1,
                    "Peak Memory Usage": 91520,
                    "Plans": [
                      {
                        "Node Type": "Hash Join",
                        "Parent Relationship": "Outer",
                        "Parallel Aware": true,
                        "Join Type": "Inner",
                        "Startup Cost": 61878.3,
                        "Total Cost": 122625.64,
                        "Plan Rows": 452507,
                        "Plan Width": 8,
                        "Actual Startup Time": 266.656,
                        "Actual Total Time": 644.202,
                        "Actual Rows": 855191,
                        "Actual Loops": 2,
                        "Inner Unique": true,
                        "Hash Cond": "(mk.movie_id = t.id)",
                        "Plans": [
                          {
                            "Node Type": "Seq Scan",
                            "Parent Relationship": "Outer",
                            "Parallel Aware": true,
                            "Relation Name": "movie_keyword",
                            "Alias": "mk",
                            "Startup Cost": 0.0,
                            "Total Cost": 57718.19,
                            "Plan Rows": 1153962,
                            "Plan Width": 4,
                            "Actual Startup Time": 0.022,
                            "Actual Total Time": 187.381,
                            "Actual Rows": 986372,
                            "Actual Loops": 2,
                            "Filter": "(keyword_id < 3458)",
                            "Rows Removed by Filter": 1275592
                          },
                          {
                            "Node Type": "Hash",
                            "Parent Relationship": "Inner",
                            "Parallel Aware": true,
                            "Startup Cost": 54588.39,
                            "Total Cost": 54588.39,
                            "Plan Rows": 583193,
                            "Plan Width": 4,
                            "Actual Startup Time": 261.107,
                            "Actual Total Time": 261.109,
                            "Actual Rows": 492524,
                            "Actual Loops": 2,
                            "Hash Buckets": 1048576,
                            "Original Hash Buckets": 1048576,
                            "Hash Batches": 1,
                            "Original Hash Batches": 1,
                            "Peak Memory Usage": 46752,
                            "Plans": [
                              {
                                "Node Type": "Seq Scan",
                                "Parent Relationship": "Outer",
                                "Parallel Aware": true,
                                "Relation Name": "title",
                                "Alias": "t",
                                "Startup Cost": 0.0,
                                "Total Cost": 54588.39,
                                "Plan Rows": 583193,
                                "Plan Width": 4,
                                "Actual Startup Time": 0.031,
                                "Actual Total Time": 149.544,
                                "Actual Rows": 492524,
                                "Actual Loops": 2,
                                "Filter": "(kind_id < 7)",
                                "Rows Removed by Filter": 771632
                              }
                            ]
                          }
                        ]
                      }
                    ]
                  }
                ]
              }
            ]
          }
        ]
      }
    ]
  },
  "Planning Time": 0.967,
  "Triggers": [],
  "Execution Time": 7124.57
}