[
  {
    "Plan": {
      "Node Type": "Aggregate",
      "Strategy": "Plain",
      "Partial Mode": "Finalize",
      "Parallel Aware": false,
      "Startup Cost": 110756.83,
      "Total Cost": 110756.84,
      "Plan Rows": 1,
      "Plan Width": 8,
      "Actual Startup Time": 554.502,
      "Actual Total Time": 574.485,
      "Actual Rows": 1,
      "Actual Loops": 1,
      "Plans": [
        {
          "Node Type": "Gather",
          "Parent Relationship": "Outer",
          "Parallel Aware": false,
          "Startup Cost": 110756.51,
          "Total Cost": 110756.82,
          "Plan Rows": 3,
          "Plan Width": 8,
          "Actual Startup Time": 550.213,
          "Actual Total Time": 574.475,
          "Actual Rows": 4,
          "Actual Loops": 1,
          "Workers Planned": 3,
          "Workers Launched": 3,
          "Single Copy": false,
          "Plans": [
            {
              "Node Type": "Aggregate",
              "Strategy": "Plain",
              "Partial Mode": "Partial",
              "Parent Relationship": "Outer",
              "Parallel Aware": false,
              "Startup Cost": 109756.51,
              "Total Cost": 109756.52,
              "Plan Rows": 1,
              "Plan Width": 8,
              "Actual Startup Time": 543.981,
              "Actual Total Time": 544.218,
              "Actual Rows": 1,
              "Actual Loops": 4,
              "Plans": [
                {
                  "Node Type": "Hash Join",
                  "Parent Relationship": "Outer",
                  "Parallel Aware": true,
                  "Join Type": "Inner",
                  "Startup Cost": 64444.66,
                  "Total Cost": 109459.5,
                  "Plan Rows": 118805,
                  "Plan Width": 0,
                  "Actual Startup Time": 271.375,
                  "Actual Total Time": 515.399,
                  "Actual Rows": 636679,
                  "Actual Loops": 4,
                  "Inner Unique": false,
                  "Hash Cond": "(mk.movie_id = t.id)",
                  "Plans": [
                    {
                      "Node Type": "Seq Scan",
                      "Parent Relationship": "Outer",
                      "Parallel Aware": true,
                      "Relation Name": "movie_keyword",
                      "Alias": "mk",
                      "Startup Cost": 0.0,
                      "Total Cost": 39047.32,
                      "Plan Rows": 1459332,
                      "Plan Width": 4,
                      "Actual Startup Time": 0.029,
                      "Actual Total Time": 94.204,
                      "Actual Rows": 1130982,
                      "Actual Loops": 4
                    },
                    {
                      "Node Type": "Hash",
                      "Parent Relationship": "Inner",
                      "Parallel Aware": true,
                      "Startup Cost": 63372.58,
                      "Total Cost": 63372.58,
                      "Plan Rows": 85767,
                      "Plan Width": 8,
                      "Actual Startup Time": 269.926,
                      "Actual Total Time": 270.161,
                      "Actual Rows": 76780,
                      "Actual Loops": 4,
                      "Hash Buckets": 524288,
                      "Original Hash Buckets": 262144,
                      "Hash Batches": 1,
                      "Original Hash Batches": 1,
                      "Peak Memory Usage": 18240,
                      "Plans": [
                        {
                          "Node Type": "Hash Join",
                          "Parent Relationship": "Outer",
                          "Parallel Aware": true,
                          "Join Type": "Inner",
                          "Startup Cost": 47238.59,
                          "Total Cost": 63372.58,
                          "Plan Rows": 85767,
                          "Plan Width": 8,
                          "Actual Startup Time": 153.7,
                          "Actual Total Time": 238.434,
                          "Actual Rows": 76780,
                          "Actual Loops": 4,
                          "Inner Unique": true,
                          "Hash Cond": "(mi_idx.movie_id = t.id)",
                          "Plans": [
                            {
                              "Node Type": "Seq Scan",
                              "Parent Relationship": "Outer",
                              "Parallel Aware": true,
                              "Relation Name": "movie_info_idx",
                              "Alias": "mi_idx",
                              "Startup Cost": 0.0,
                              "Total Cost": 15122.68,
                              "Plan Rows": 385260,
                              "Plan Width": 4,
                              "Actual Startup Time": 0.01,
                              "Actual Total Time": 37.918,
                              "Actual Rows": 230028,
                              "Actual Loops": 4,
                              "Filter": "(info_type_id > 99)",
                              "Rows Removed by Filter": 114981
                            },
                            {
                              "Node Type": "Hash",
                              "Parent Relationship": "Inner",
                              "Parallel Aware": true,
                              "Startup Cost": 45479.59,
                              "Total Cost": 45479.59,
                              "Plan Rows": 140720,
                              "Plan Width": 4,
                              "Actual Startup Time": 151.461,
                              "Actual Total Time": 151.462,
                              "Actual Rows": 119292,
                              "Actual Loops": 4,
                              "Hash Buckets": 1048576,
                              "Original Hash Buckets": 1048576,
                              "Hash Batches": 1,
                              "Original Hash Batches": 1,
                              "Peak Memory Usage": 26944,
                              "Plans": [
                                {
                                  "Node Type": "Seq Scan",
                                  "Parent Relationship": "Outer",
                                  "Parallel Aware": true,
                                  "Relation Name": "title",
                                  "Alias": "t",
                                  "Startup Cost": 0.0,
                                  "Total Cost": 45479.59,
                                  "Plan Rows": 140720,
                                  "Plan Width": 4,
                                  "Actual Startup Time": 0.024,
                                  "Actual Total Time": 102.409,
                                  "Actual Rows": 119292,
                                  "Actual Loops": 4,
                                  "Filter": "((kind_id < 7) AND (production_year > 1999))",
                                  "Rows Removed by Filter": 512786
                                }
                              ]
                            }
                          ]
                        }
                      ]
                    }
                  ]
                }
              ]
            }
          ]
        }
      ]
    },
    "Planning Time": 0.54,
    "Triggers": [],
    "Execution Time": 574.534
  }
]