[
    {
        "Bao": {
            "Bao prediction": "NaN",
            "Bao recommended hint": "(no hint)"
        }
    },
    {
        "Plan": {
            "Node Type": "Aggregate",
            "Strategy": "Plain",
            "Partial Mode": "Finalize",
            "Parallel Aware": false,
            "Startup Cost": 76347.73,
            "Total Cost": 76347.74,
            "Plan Rows": 1,
            "Plan Width": 8,
            "Actual Startup Time": 210.924,
            "Actual Total Time": 227.933,
            "Actual Rows": 1,
            "Actual Loops": 1,
            "Output": [
                "count(*)"
            ],
            "Plans": [
                {
                    "Node Type": "Gather",
                    "Parent Relationship": "Outer",
                    "Parallel Aware": false,
                    "Startup Cost": 76347.31,
                    "Total Cost": 76347.72,
                    "Plan Rows": 4,
                    "Plan Width": 8,
                    "Actual Startup Time": 210.341,
                    "Actual Total Time": 227.923,
                    "Actual Rows": 5,
                    "Actual Loops": 1,
                    "Output": [
                        "(PARTIAL count(*))"
                    ],
                    "Workers Planned": 4,
                    "Workers Launched": 4,
                    "Single Copy": false,
                    "Plans": [
                        {
                            "Node Type": "Aggregate",
                            "Strategy": "Plain",
                            "Partial Mode": "Partial",
                            "Parent Relationship": "Outer",
                            "Parallel Aware": false,
                            "Startup Cost": 75347.31,
                            "Total Cost": 75347.32,
                            "Plan Rows": 1,
                            "Plan Width": 8,
                            "Actual Startup Time": 200.294,
                            "Actual Total Time": 200.298,
                            "Actual Rows": 1,
                            "Actual Loops": 5,
                            "Output": [
                                "PARTIAL count(*)"
                            ],
                            "Workers": [
                                {
                                    "Worker Number": 0,
                                    "Actual Startup Time": 197.115,
                                    "Actual Total Time": 197.119,
                                    "Actual Rows": 1,
                                    "Actual Loops": 1
                                },
                                {
                                    "Worker Number": 1,
                                    "Actual Startup Time": 197.396,
                                    "Actual Total Time": 197.399,
                                    "Actual Rows": 1,
                                    "Actual Loops": 1
                                },
                                {
                                    "Worker Number": 2,
                                    "Actual Startup Time": 198.563,
                                    "Actual Total Time": 198.565,
                                    "Actual Rows": 1,
                                    "Actual Loops": 1
                                },
                                {
                                    "Worker Number": 3,
                                    "Actual Startup Time": 198.451,
                                    "Actual Total Time": 198.455,
                                    "Actual Rows": 1,
                                    "Actual Loops": 1
                                }
                            ],
                            "Plans": [
                                {
                                    "Node Type": "Nested Loop",
                                    "Parent Relationship": "Outer",
                                    "Parallel Aware": false,
                                    "Join Type": "Inner",
                                    "Startup Cost": 21345.31,
                                    "Total Cost": 75330.47,
                                    "Plan Rows": 6736,
                                    "Plan Width": 0,
                                    "Actual Startup Time": 80.77,
                                    "Actual Total Time": 195.882,
                                    "Actual Rows": 88616,
                                    "Actual Loops": 5,
                                    "Inner Unique": false,
                                    "Workers": [
                                        {
                                            "Worker Number": 0,
                                            "Actual Startup Time": 82.788,
                                            "Actual Total Time": 193.206,
                                            "Actual Rows": 53862,
                                            "Actual Loops": 1
                                        },
                                        {
                                            "Worker Number": 1,
                                            "Actual Startup Time": 81.188,
                                            "Actual Total Time": 193.417,
                                            "Actual Rows": 90386,
                                            "Actual Loops": 1
                                        },
                                        {
                                            "Worker Number": 2,
                                            "Actual Startup Time": 74.075,
                                            "Actual Total Time": 194.2,
                                            "Actual Rows": 100468,
                                            "Actual Loops": 1
                                        },
                                        {
                                            "Worker Number": 3,
                                            "Actual Startup Time": 72.97,
                                            "Actual Total Time": 194.23,
                                            "Actual Rows": 58459,
                                            "Actual Loops": 1
                                        }
                                    ],
                                    "Plans": [
                                        {
                                            "Node Type": "Hash Join",
                                            "Parent Relationship": "Outer",
                                            "Parallel Aware": true,
                                            "Join Type": "Inner",
                                            "Startup Cost": 21344.88,
                                            "Total Cost": 67390.24,
                                            "Plan Rows": 3764,
                                            "Plan Width": 8,
                                            "Actual Startup Time": 79.11,
                                            "Actual Total Time": 117.249,
                                            "Actual Rows": 10129,
                                            "Actual Loops": 5,
                                            "Output": [
                                                "t.id",
                                                "mc.movie_id"
                                            ],
                                            "Inner Unique": false,
                                            "Hash Cond": "(t.id = mc.movie_id)",
                                            "Workers": [
                                                {
                                                    "Worker Number": 0,
                                                    "Actual Startup Time": 82.648,
                                                    "Actual Total Time": 112.426,
                                                    "Actual Rows": 6483,
                                                    "Actual Loops": 1
                                                },
                                                {
                                                    "Worker Number": 1,
                                                    "Actual Startup Time": 80.288,
                                                    "Actual Total Time": 114.078,
                                                    "Actual Rows": 10961,
                                                    "Actual Loops": 1
                                                },
                                                {
                                                    "Worker Number": 2,
                                                    "Actual Startup Time": 73.996,
                                                    "Actual Total Time": 114.223,
                                                    "Actual Rows": 10646,
                                                    "Actual Loops": 1
                                                },
                                                {
                                                    "Worker Number": 3,
                                                    "Actual Startup Time": 72.83,
                                                    "Actual Total Time": 114.194,
                                                    "Actual Rows": 6890,
                                                    "Actual Loops": 1
                                                }
                                            ],
                                            "Plans": [
                                                {
                                                    "Node Type": "Seq Scan",
                                                    "Parent Relationship": "Outer",
                                                    "Parallel Aware": true,
                                                    "Relation Name": "title",
                                                    "Schema": "public",
                                                    "Alias": "t",
                                                    "Startup Cost": 0.0,
                                                    "Total Cost": 45479.21,
                                                    "Plan Rows": 110803,
                                                    "Plan Width": 4,
                                                    "Actual Startup Time": 34.699,
                                                    "Actual Total Time": 77.393,
                                                    "Actual Rows": 64004,
                                                    "Actual Loops": 5,
                                                    "Output": [
                                                        "t.id",
                                                        "t.title",
                                                        "t.imdb_index",
                                                        "t.kind_id",
                                                        "t.production_year",
                                                        "t.imdb_id",
                                                        "t.phonetic_code",
                                                        "t.episode_of_id",
                                                        "t.season_nr",
                                                        "t.episode_nr",
                                                        "t.series_years",
                                                        "t.md5sum"
                                                    ],
                                                    "Filter": "((t.production_year > 1993) AND (t.kind_id = 1))",
                                                    "Rows Removed by Filter": 441658,
                                                    "Workers": [
                                                        {
                                                            "Worker Number": 0,
                                                            "Actual Startup Time": 42.349,
                                                            "Actual Total Time": 76.948,
                                                            "Actual Rows": 42443,
                                                            "Actual Loops": 1
                                                        },
                                                        {
                                                            "Worker Number": 1,
                                                            "Actual Startup Time": 42.5,
                                                            "Actual Total Time": 77.682,
                                                            "Actual Rows": 69802,
                                                            "Actual Loops": 1
                                                        },
                                                        {
                                                            "Worker Number": 2,
                                                            "Actual Startup Time": 3.429,
                                                            "Actual Total Time": 77.072,
                                                            "Actual Rows": 69144,
                                                            "Actual Loops": 1
                                                        },
                                                        {
                                                            "Worker Number": 3,
                                                            "Actual Startup Time": 42.623,
                                                            "Actual Total Time": 77.807,
                                                            "Actual Rows": 45060,
                                                            "Actual Loops": 1
                                                        }
                                                    ]
                                                },
                                                {
                                                    "Node Type": "Hash",
                                                    "Parent Relationship": "Inner",
                                                    "Parallel Aware": true,
                                                    "Startup Cost": 20998.51,
                                                    "Total Cost": 20998.51,
                                                    "Plan Rows": 27709,
                                                    "Plan Width": 4,
                                                    "Actual Startup Time": 23.576,
                                                    "Actual Total Time": 23.577,
                                                    "Actual Rows": 17569,
                                                    "Actual Loops": 5,
                                                    "Output": [
                                                        "mc.movie_id"
                                                    ],
                                                    "Hash Buckets": 131072,
                                                    "Original Hash Buckets": 131072,
                                                    "Hash Batches": 1,
                                                    "Original Hash Batches": 1,
                                                    "Peak Memory Usage": 4544,
                                                    "Workers": [
                                                        {
                                                            "Worker Number": 0,
                                                            "Actual Startup Time": 20.602,
                                                            "Actual Total Time": 20.603,
                                                            "Actual Rows": 10270,
                                                            "Actual Loops": 1
                                                        },
                                                        {
                                                            "Worker Number": 1,
                                                            "Actual Startup Time": 20.875,
                                                            "Actual Total Time": 20.876,
                                                            "Actual Rows": 9308,
                                                            "Actual Loops": 1
                                                        },
                                                        {
                                                            "Worker Number": 2,
                                                            "Actual Startup Time": 21.794,
                                                            "Actual Total Time": 21.795,
                                                            "Actual Rows": 9513,
                                                            "Actual Loops": 1
                                                        },
                                                        {
                                                            "Worker Number": 3,
                                                            "Actual Startup Time": 21.947,
                                                            "Actual Total Time": 21.948,
                                                            "Actual Rows": 9844,
                                                            "Actual Loops": 1
                                                        }
                                                    ],
                                                    "Plans": [
                                                        {
                                                            "Node Type": "Bitmap Heap Scan",
                                                            "Parent Relationship": "Outer",
                                                            "Parallel Aware": true,
                                                            "Relation Name": "movie_companies",
                                                            "Schema": "public",
                                                            "Alias": "mc",
                                                            "Startup Cost": 1862.15,
                                                            "Total Cost": 20998.51,
                                                            "Plan Rows": 27709,
                                                            "Plan Width": 4,
                                                            "Actual Startup Time": 1.27,
                                                            "Actual Total Time": 15.74,
                                                            "Actual Rows": 17569,
                                                            "Actual Loops": 5,
                                                            "Output": [
                                                                "mc.movie_id"
                                                            ],
                                                            "Recheck Cond": "(mc.company_id > 165047)",
                                                            "Rows Removed by Index Recheck": 0,
                                                            "Exact Heap Blocks": 1642,
                                                            "Lossy Heap Blocks": 0,
                                                            "Workers": [
                                                                {
                                                                    "Worker Number": 0,
                                                                    "Actual Startup Time": 0.116,
                                                                    "Actual Total Time": 14.47,
                                                                    "Actual Rows": 10270,
                                                                    "Actual Loops": 1
                                                                },
                                                                {
                                                                    "Worker Number": 1,
                                                                    "Actual Startup Time": 0.114,
                                                                    "Actual Total Time": 14.177,
                                                                    "Actual Rows": 9308,
                                                                    "Actual Loops": 1
                                                                },
                                                                {
                                                                    "Worker Number": 2,
                                                                    "Actual Startup Time": 0.113,
                                                                    "Actual Total Time": 14.913,
                                                                    "Actual Rows": 9513,
                                                                    "Actual Loops": 1
                                                                },
                                                                {
                                                                    "Worker Number": 3,
                                                                    "Actual Startup Time": 0.111,
                                                                    "Actual Total Time": 15.103,
                                                                    "Actual Rows": 9844,
                                                                    "Actual Loops": 1
                                                                }
                                                            ],
                                                            "Plans": [
                                                                {
                                                                    "Node Type": "Bitmap Index Scan",
                                                                    "Parent Relationship": "Outer",
                                                                    "Parallel Aware": false,
                                                                    "Index Name": "company_id_movie_companies",
                                                                    "Startup Cost": 0.0,
                                                                    "Total Cost": 1840.67,
                                                                    "Plan Rows": 85899,
                                                                    "Plan Width": 0,
                                                                    "Actual Startup Time": 5.291,
                                                                    "Actual Total Time": 5.292,
                                                                    "Actual Rows": 87847,
                                                                    "Actual Loops": 1,
                                                                    "Index Cond": "(mc.company_id > 165047)"
                                                                }
                                                            ]
                                                        }
                                                    ]
                                                }
                                            ]
                                        },
                                        {
                                            "Node Type": "Index Only Scan",
                                            "Parent Relationship": "Inner",
                                            "Parallel Aware": false,
                                            "Scan Direction": "Forward",
                                            "Index Name": "movie_id_movie_keyword",
                                            "Relation Name": "movie_keyword",
                                            "Schema": "public",
                                            "Alias": "mk",
                                            "Startup Cost": 0.43,
                                            "Total Cost": 1.65,
                                            "Plan Rows": 46,
                                            "Plan Width": 4,
                                            "Actual Startup Time": 0.005,
                                            "Actual Total Time": 0.007,
                                            "Actual Rows": 9,
                                            "Actual Loops": 50646,
                                            "Output": [
                                                "mk.movie_id"
                                            ],
                                            "Index Cond": "(mk.movie_id = t.id)",
                                            "Rows Removed by Index Recheck": 0,
                                            "Heap Fetches": 443080,
                                            "Workers": [
                                                {
                                                    "Worker Number": 0,
                                                    "Actual Startup Time": 0.009,
                                                    "Actual Total Time": 0.011,
                                                    "Actual Rows": 8,
                                                    "Actual Loops": 6483
                                                },
                                                {
                                                    "Worker Number": 1,
                                                    "Actual Startup Time": 0.005,
                                                    "Actual Total Time": 0.006,
                                                    "Actual Rows": 8,
                                                    "Actual Loops": 10961
                                                },
                                                {
                                                    "Worker Number": 2,
                                                    "Actual Startup Time": 0.005,
                                                    "Actual Total Time": 0.007,
                                                    "Actual Rows": 9,
                                                    "Actual Loops": 10646
                                                },
                                                {
                                                    "Worker Number": 3,
                                                    "Actual Startup Time": 0.008,
                                                    "Actual Total Time": 0.01,
                                                    "Actual Rows": 8,
                                                    "Actual Loops": 6890
                                                }
                                            ]
                                        }
                                    ]
                                }
                            ]
                        }
                    ]
                }
            ]
        },
        "Planning Time": 196.704,
        "Triggers": [],
        "Execution Time": 228.02
    }
]