[
  {
    "Plan": {
      "Node Type": "Aggregate",
      "Strategy": "Plain",
      "Partial Mode": "Finalize",
      "Parallel Aware": false,
      "Startup Cost": 336966.38,
      "Total Cost": 336966.39,
      "Plan Rows": 1,
      "Plan Width": 8,
      "Actual Startup Time": 720.382,
      "Actual Total Time": 766.087,
      "Actual Rows": 1,
      "Actual Loops": 1,
      "Plans": [
        {
          "Node Type": "Gather",
          "Parent Relationship": "Outer",
          "Parallel Aware": false,
          "Startup Cost": 336965.76,
          "Total Cost": 336966.37,
          "Plan Rows": 6,
          "Plan Width": 8,
          "Actual Startup Time": 720.198,
          "Actual Total Time": 766.079,
          "Actual Rows": 7,
          "Actual Loops": 1,
          "Workers Planned": 6,
          "Workers Launched": 6,
          "Single Copy": false,
          "Plans": [
            {
              "Node Type": "Aggregate",
              "Strategy": "Plain",
              "Partial Mode": "Partial",
              "Parent Relationship": "Outer",
              "Parallel Aware": false,
              "Startup Cost": 335965.76,
              "Total Cost": 335965.77,
              "Plan Rows": 1,
              "Plan Width": 8,
              "Actual Startup Time": 709.703,
              "Actual Total Time": 709.704,
              "Actual Rows": 1,
              "Actual Loops": 7,
              "Plans": [
                {
                  "Node Type": "Seq Scan",
                  "Parent Relationship": "Outer",
                  "Parallel Aware": true,
                  "Relation Name": "cast_info",
                  "Alias": "ci",
                  "Startup Cost": 0.0,
                  "Total Cost": 328211.39,
                  "Plan Rows": 3101746,
                  "Plan Width": 0,
                  "Actual Startup Time": 197.25,
                  "Actual Total Time": 584.906,
                  "Actual Rows": 2638117,
                  "Actual Loops": 7,
                  "Filter": "(person_id > 1761069)",
                  "Rows Removed by Filter": 2539646
                }
              ]
            }
          ]
        }
      ]
    },
    "Planning Time": 0.166,
    "Triggers": [],
    "Execution Time": 766.152
  }
]