[
  {
    "Plan": {
      "Node Type": "Aggregate",
      "Strategy": "Plain",
      "Partial Mode": "Finalize",
      "Parallel Aware": false,
      "Startup Cost": 295440.41,
      "Total Cost": 295440.42,
      "Plan Rows": 1,
      "Plan Width": 8,
      "Actual Startup Time": 1435.773,
      "Actual Total Time": 1485.828,
      "Actual Rows": 1,
      "Actual Loops": 1,
      "Plans": [
        {
          "Node Type": "Gather",
          "Parent Relationship": "Outer",
          "Parallel Aware": false,
          "Startup Cost": 295439.88,
          "Total Cost": 295440.39,
          "Plan Rows": 5,
          "Plan Width": 8,
          "Actual Startup Time": 1422.164,
          "Actual Total Time": 1485.806,
          "Actual Rows": 6,
          "Actual Loops": 1,
          "Workers Planned": 5,
          "Workers Launched": 5,
          "Single Copy": false,
          "Plans": [
            {
              "Node Type": "Aggregate",
              "Strategy": "Plain",
              "Partial Mode": "Partial",
              "Parent Relationship": "Outer",
              "Parallel Aware": false,
              "Startup Cost": 294439.88,
              "Total Cost": 294439.89,
              "Plan Rows": 1,
              "Plan Width": 8,
              "Actual Startup Time": 1412.39,
              "Actual Total Time": 1412.4,
              "Actual Rows": 1,
              "Actual Loops": 6,
              "Plans": [
                {
                  "Node Type": "Hash Join",
                  "Parent Relationship": "Outer",
                  "Parallel Aware": true,
                  "Join Type": "Inner",
                  "Startup Cost": 88528.2,
                  "Total Cost": 293089.89,
                  "Plan Rows": 539996,
                  "Plan Width": 0,
                  "Actual Startup Time": 414.854,
                  "Actual Total Time": 1281.543,
                  "Actual Rows": 2995048,
                  "Actual Loops": 6,
                  "Inner Unique": false,
                  "Hash Cond": "(mi.movie_id = t.id)",
                  "Plans": [
                    {
                      "Node Type": "Seq Scan",
                      "Parent Relationship": "Outer",
                      "Parallel Aware": true,
                      "Relation Name": "movie_info",
                      "Alias": "mi",
                      "Startup Cost": 0.0,
                      "Total Cost": 191685.19,
                      "Plan Rows": 2969219,
                      "Plan Width": 4,
                      "Actual Startup Time": 0.031,
                      "Actual Total Time": 289.859,
                      "Actual Rows": 2472620,
                      "Actual Loops": 6
                    },
                    {
                      "Node Type": "Hash",
                      "Parent Relationship": "Inner",
                      "Parallel Aware": true,
                      "Startup Cost": 86674.04,
                      "Total Cost": 86674.04,
                      "Plan Rows": 148333,
                      "Plan Width": 8,
                      "Actual Startup Time": 412.714,
                      "Actual Total Time": 412.721,
                      "Actual Rows": 76954,
                      "Actual Loops": 6,
                      "Hash Buckets": 524288,
                      "Original Hash Buckets": 524288,
                      "Hash Batches": 1,
                      "Original Hash Batches": 1,
                      "Peak Memory Usage": 22240,
                      "Plans": [
                        {
                          "Node Type": "Hash Join",
                          "Parent Relationship": "Outer",
                          "Parallel Aware": true,
                          "Join Type": "Inner",
                          "Startup Cost": 59976.51,
                          "Total Cost": 86674.04,
                          "Plan Rows": 148333,
                          "Plan Width": 8,
                          "Actual Startup Time": 303.999,
                          "Actual Total Time": 384.933,
                          "Actual Rows": 76954,
                          "Actual Loops": 6,
                          "Inner Unique": true,
                          "Hash Cond": "(mk.movie_id = t.id)",
                          "Plans": [
                            {
                              "Node Type": "Bitmap Heap Scan",
                              "Parent Relationship": "Outer",
                              "Parallel Aware": true,
                              "Relation Name": "movie_keyword",
                              "Alias": "mk",
                              "Startup Cost": 9756.12,
                              "Total Cost": 36064.28,
                              "Plan Rows": 148333,
                              "Plan Width": 4,
                              "Actual Startup Time": 26.461,
                              "Actual Total Time": 70.838,
                              "Actual Rows": 76954,
                              "Actual Loops": 6,
                              "Recheck Cond": "(keyword_id < 349)",
                              "Rows Removed by Index Recheck": 0,
                              "Exact Heap Blocks": 5708,
                              "Lossy Heap Blocks": 0,
                              "Plans": [
                                {
                                  "Node Type": "Bitmap Index Scan",
                                  "Parent Relationship": "Outer",
                                  "Parallel Aware": false,
                                  "Index Name": "keyword_id_movie_keyword",
                                  "Startup Cost": 0.0,
                                  "Total Cost": 9641.17,
                                  "Plan Rows": 459831,
                                  "Plan Width": 0,
                                  "Actual Startup Time": 22.824,
                                  "Actual Total Time": 22.825,
                                  "Actual Rows": 461727,
                                  "Actual Loops": 1,
                                  "Index Cond": "(keyword_id < 349)"
                                }
                              ]
                            },
                            {
                              "Node Type": "Hash",
                              "Parent Relationship": "Inner",
                              "Parallel Aware": true,
                              "Startup Cost": 42319.06,
                              "Total Cost": 42319.06,
                              "Plan Rows": 632106,
                              "Plan Width": 4,
                              "Actual Startup Time": 272.948,
                              "Actual Total Time": 272.951,
                              "Actual Rows": 421385,
                              "Actual Loops": 6,
                              "Hash Buckets": 4194304,
                              "Original Hash Buckets": 4194304,
                              "Hash Batches": 1,
                              "Original Hash Batches": 1,
                              "Peak Memory Usage": 131776,
                              "Plans": [
                                {
                                  "Node Type": "Seq Scan",
                                  "Parent Relationship": "Outer",
                                  "Parallel Aware": true,
                                  "Relation Name": "title",
                                  "Alias": "t",
                                  "Startup Cost": 0.0,
                                  "Total Cost": 42319.06,
                                  "Plan Rows": 632106,
                                  "Plan Width": 4,
                                  "Actual Startup Time": 0.032,
                                  "Actual Total Time": 81.728,
                                  "Actual Rows": 421385,
                                  "Actual Loops": 6
                                }
                              ]
                            }
                          ]
                        }
                      ]
                    }
                  ]
                }
              ]
            }
          ]
        }
      ]
    },
    "Planning Time": 0.387,
    "Triggers": [],
    "Execution Time": 1485.886
  }
]