[
  {
    "Plan": {
      "Node Type": "Aggregate",
      "Strategy": "Plain",
      "Partial Mode": "Finalize",
      "Parallel Aware": false,
      "Startup Cost": 294742.64,
      "Total Cost": 294742.65,
      "Plan Rows": 1,
      "Plan Width": 8,
      "Actual Startup Time": 1509.443,
      "Actual Total Time": 1557.707,
      "Actual Rows": 1,
      "Actual Loops": 1,
      "Plans": [
        {
          "Node Type": "Gather",
          "Parent Relationship": "Outer",
          "Parallel Aware": false,
          "Startup Cost": 294742.12,
          "Total Cost": 294742.63,
          "Plan Rows": 5,
          "Plan Width": 8,
          "Actual Startup Time": 1480.879,
          "Actual Total Time": 1557.68,
          "Actual Rows": 6,
          "Actual Loops": 1,
          "Workers Planned": 5,
          "Workers Launched": 5,
          "Single Copy": false,
          "Plans": [
            {
              "Node Type": "Aggregate",
              "Strategy": "Plain",
              "Partial Mode": "Partial",
              "Parent Relationship": "Outer",
              "Parallel Aware": false,
              "Startup Cost": 293742.12,
              "Total Cost": 293742.13,
              "Plan Rows": 1,
              "Plan Width": 8,
              "Actual Startup Time": 1469.857,
              "Actual Total Time": 1469.863,
              "Actual Rows": 1,
              "Actual Loops": 6,
              "Plans": [
                {
                  "Node Type": "Hash Join",
                  "Parent Relationship": "Outer",
                  "Parallel Aware": true,
                  "Join Type": "Inner",
                  "Startup Cost": 88107.99,
                  "Total Cost": 292438.35,
                  "Plan Rows": 521507,
                  "Plan Width": 0,
                  "Actual Startup Time": 446.812,
                  "Actual Total Time": 1338.678,
                  "Actual Rows": 2995048,
                  "Actual Loops": 6,
                  "Inner Unique": false,
                  "Hash Cond": "(mi.movie_id = t.id)",
                  "Plans": [
                    {
                      "Node Type": "Seq Scan",
                      "Parent Relationship": "Outer",
                      "Parallel Aware": true,
                      "Relation Name": "movie_info",
                      "Alias": "mi",
                      "Startup Cost": 0.0,
                      "Total Cost": 191560.33,
                      "Plan Rows": 2956733,
                      "Plan Width": 4,
                      "Actual Startup Time": 0.031,
                      "Actual Total Time": 303.456,
                      "Actual Rows": 2472620,
                      "Actual Loops": 6
                    },
                    {
                      "Node Type": "Hash",
                      "Parent Relationship": "Inner",
                      "Parallel Aware": true,
                      "Startup Cost": 86309.85,
                      "Total Cost": 86309.85,
                      "Plan Rows": 143851,
                      "Plan Width": 8,
                      "Actual Startup Time": 443.555,
                      "Actual Total Time": 443.56,
                      "Actual Rows": 76954,
                      "Actual Loops": 6,
                      "Hash Buckets": 524288,
                      "Original Hash Buckets": 524288,
                      "Hash Batches": 1,
                      "Original Hash Batches": 1,
                      "Peak Memory Usage": 22272,
                      "Plans": [
                        {
                          "Node Type": "Hash Join",
                          "Parent Relationship": "Outer",
                          "Parallel Aware": true,
                          "Join Type": "Inner",
                          "Startup Cost": 59680.1,
                          "Total Cost": 86309.85,
                          "Plan Rows": 143851,
                          "Plan Width": 8,
                          "Actual Startup Time": 325.871,
                          "Actual Total Time": 416.187,
                          "Actual Rows": 76954,
                          "Actual Loops": 6,
                          "Inner Unique": true,
                          "Hash Cond": "(mk.movie_id = t.id)",
                          "Plans": [
                            {
                              "Node Type": "Bitmap Heap Scan",
                              "Parent Relationship": "Outer",
                              "Parallel Aware": true,
                              "Relation Name": "movie_keyword",
                              "Alias": "mk",
                              "Startup Cost": 9460.46,
                              "Total Cost": 35712.6,
                              "Plan Rows": 143851,
                              "Plan Width": 4,
                              "Actual Startup Time": 42.593,
                              "Actual Total Time": 90.772,
                              "Actual Rows": 76954,
                              "Actual Loops": 6,
                              "Recheck Cond": "(keyword_id < 349)",
                              "Rows Removed by Index Recheck": 0,
                              "Exact Heap Blocks": 4943,
                              "Lossy Heap Blocks": 0,
                              "Plans": [
                                {
                                  "Node Type": "Bitmap Index Scan",
                                  "Parent Relationship": "Outer",
                                  "Parallel Aware": false,
                                  "Index Name": "keyword_id_movie_keyword",
                                  "Startup Cost": 0.0,
                                  "Total Cost": 9348.98,
                                  "Plan Rows": 445939,
                                  "Plan Width": 0,
                                  "Actual Startup Time": 36.45,
                                  "Actual Total Time": 36.45,
                                  "Actual Rows": 461727,
                                  "Actual Loops": 1,
                                  "Index Cond": "(keyword_id < 349)"
                                }
                              ]
                            },
                            {
                              "Node Type": "Hash",
                              "Parent Relationship": "Inner",
                              "Parallel Aware": true,
                              "Startup Cost": 42318.73,
                              "Total Cost": 42318.73,
                              "Plan Rows": 632073,
                              "Plan Width": 4,
                              "Actual Startup Time": 277.196,
                              "Actual Total Time": 277.197,
                              "Actual Rows": 421385,
                              "Actual Loops": 6,
                              "Hash Buckets": 4194304,
                              "Original Hash Buckets": 4194304,
                              "Hash Batches": 1,
                              "Original Hash Batches": 1,
                              "Peak Memory Usage": 131776,
                              "Plans": [
                                {
                                  "Node Type": "Seq Scan",
                                  "Parent Relationship": "Outer",
                                  "Parallel Aware": true,
                                  "Relation Name": "title",
                                  "Alias": "t",
                                  "Startup Cost": 0.0,
                                  "Total Cost": 42318.73,
                                  "Plan Rows": 632073,
                                  "Plan Width": 4,
                                  "Actual Startup Time": 0.043,
                                  "Actual Total Time": 77.378,
                                  "Actual Rows": 421385,
                                  "Actual Loops": 6
                                }
                              ]
                            }
                          ]
                        }
                      ]
                    }
                  ]
                }
              ]
            }
          ]
        }
      ]
    },
    "Planning Time": 1.287,
    "Triggers": [],
    "Execution Time": 1557.817
  }
]