[
  {
    "Plan": {
      "Node Type": "Aggregate",
      "Strategy": "Plain",
      "Partial Mode": "Simple",
      "Parallel Aware": false,
      "Startup Cost": 7415.61,
      "Total Cost": 7415.62,
      "Plan Rows": 1,
      "Plan Width": 96,
      "Actual Startup Time": 6402.241,
      "Actual Total Time": 6402.938,
      "Actual Rows": 1,
      "Actual Loops": 1,
      "Output": [
        "min(cn.name)",
        "min(mi_idx.info)",
        "min(t.title)"
      ],
      "Plans": [
        {
          "Node Type": "Nested Loop",
          "Parent Relationship": "Outer",
          "Parallel Aware": false,
          "Join Type": "Inner",
          "Startup Cost": 13.58,
          "Total Cost": 7415.61,
          "Plan Rows": 1,
          "Plan Width": 41,
          "Actual Startup Time": 67.76,
          "Actual Total Time": 6401.93,
          "Actual Rows": 148,
          "Actual Loops": 1,
          "Output": [
            "cn.name",
            "mi_idx.info",
            "t.title"
          ],
          "Inner Unique": true,
          "Plans": [
            {
              "Node Type": "Nested Loop",
              "Parent Relationship": "Outer",
              "Parallel Aware": false,
              "Join Type": "Inner",
              "Startup Cost": 13.45,
              "Total Cost": 7415.45,
              "Plan Rows": 1,
              "Plan Width": 45,
              "Actual Startup Time": 67.748,
              "Actual Total Time": 6400.991,
              "Actual Rows": 240,
              "Actual Loops": 1,
              "Output": [
                "cc.status_id",
                "cn.name",
                "mi_idx.info",
                "t.title"
              ],
              "Inner Unique": true,
              "Plans": [
                {
                  "Node Type": "Nested Loop",
                  "Parent Relationship": "Outer",
                  "Parallel Aware": false,
                  "Join Type": "Inner",
                  "Startup Cost": 13.32,
                  "Total Cost": 7415.28,
                  "Plan Rows": 1,
                  "Plan Width": 49,
                  "Actual Startup Time": 67.398,
                  "Actual Total Time": 6388.307,
                  "Actual Rows": 2056,
                  "Actual Loops": 1,
                  "Output": [
                    "cc.subject_id",
                    "cc.status_id",
                    "cn.name",
                    "mi_idx.info",
                    "t.title"
                  ],
                  "Inner Unique": true,
                  "Plans": [
                    {
                      "Node Type": "Nested Loop",
                      "Parent Relationship": "Outer",
                      "Parallel Aware": false,
                      "Join Type": "Inner",
                      "Startup Cost": 12.9,
                      "Total Cost": 7414.73,
                      "Plan Rows": 1,
                      "Plan Width": 34,
                      "Actual Startup Time": 66.587,
                      "Actual Total Time": 6197.589,
                      "Actual Rows": 2133,
                      "Actual Loops": 1,
                      "Output": [
                        "cc.subject_id",
                        "cc.status_id",
                        "mc.company_id",
                        "mi_idx.info",
                        "t.title"
                      ],
                      "Inner Unique": true,
                      "Join Filter": "(t.kind_id = kt.id)",
                      "Rows Removed by Join Filter": 72,
                      "Plans": [
                        {
                          "Node Type": "Nested Loop",
                          "Parent Relationship": "Outer",
                          "Parallel Aware": false,
                          "Join Type": "Inner",
                          "Startup Cost": 12.9,
                          "Total Cost": 7413.62,
                          "Plan Rows": 1,
                          "Plan Width": 38,
                          "Actual Startup Time": 66.544,
                          "Actual Total Time": 6182.745,
                          "Actual Rows": 2159,
                          "Actual Loops": 1,
                          "Output": [
                            "cc.subject_id",
                            "cc.status_id",
                            "mc.company_id",
                            "mi_idx.info",
                            "t.title",
                            "t.kind_id"
                          ],
                          "Inner Unique": true,
                          "Join Filter": "(mi.info_type_id = it1.id)",
                          "Rows Removed by Join Filter": 1062,
                          "Plans": [
                            {
                              "Node Type": "Nested Loop",
                              "Parent Relationship": "Outer",
                              "Parallel Aware": false,
                              "Join Type": "Inner",
                              "Startup Cost": 12.9,
                              "Total Cost": 7411.19,
                              "Plan Rows": 1,
                              "Plan Width": 42,
                              "Actual Startup Time": 66.525,
                              "Actual Total Time": 6151.724,
                              "Actual Rows": 3221,
                              "Actual Loops": 1,
                              "Output": [
                                "cc.subject_id",
                                "cc.status_id",
                                "mc.company_id",
                                "mi.info_type_id",
                                "mi_idx.info",
                                "t.title",
                                "t.kind_id"
                              ],
                              "Inner Unique": false,
                              "Join Filter": "(t.id = mi.movie_id)",
                              "Rows Removed by Join Filter": 0,
                              "Plans": [
                                {
                                  "Node Type": "Nested Loop",
                                  "Parent Relationship": "Outer",
                                  "Parallel Aware": false,
                                  "Join Type": "Inner",
                                  "Startup Cost": 12.46,
                                  "Total Cost": 7409.68,
                                  "Plan Rows": 1,
                                  "Plan Width": 58,
                                  "Actual Startup Time": 44.84,
                                  "Actual Total Time": 4942.878,
                                  "Actual Rows": 9918,
                                  "Actual Loops": 1,
                                  "Output": [
                                    "cc.movie_id",
                                    "cc.subject_id",
                                    "cc.status_id",
                                    "mc.movie_id",
                                    "mc.company_id",
                                    "mi_idx.info",
                                    "mi_idx.movie_id",
                                    "mk.movie_id",
                                    "t.title",
                                    "t.kind_id",
                                    "t.id"
                                  ],
                                  "Inner Unique": true,
                                  "Plans": [
                                    {
                                      "Node Type": "Nested Loop",
                                      "Parent Relationship": "Outer",
                                      "Parallel Aware": false,
                                      "Join Type": "Inner",
                                      "Startup Cost": 12.03,
                                      "Total Cost": 7409.19,
                                      "Plan Rows": 1,
                                      "Plan Width": 33,
                                      "Actual Startup Time": 35.604,
                                      "Actual Total Time": 4387.587,
                                      "Actual Rows": 43624,
                                      "Actual Loops": 1,
                                      "Output": [
                                        "cc.movie_id",
                                        "cc.subject_id",
                                        "cc.status_id",
                                        "mc.movie_id",
                                        "mc.company_id",
                                        "mi_idx.info",
                                        "mi_idx.movie_id",
                                        "mk.movie_id"
                                      ],
                                      "Inner Unique": true,
                                      "Join Filter": "(mc.company_type_id = ct.id)",
                                      "Rows Removed by Join Filter": 10,
                                      "Plans": [
                                        {
                                          "Node Type": "Nested Loop",
                                          "Parent Relationship": "Outer",
                                          "Parallel Aware": false,
                                          "Join Type": "Inner",
                                          "Startup Cost": 12.03,
                                          "Total Cost": 7408.1,
                                          "Plan Rows": 1,
                                          "Plan Width": 37,
                                          "Actual Startup Time": 35.545,
                                          "Actual Total Time": 4203.264,
                                          "Actual Rows": 43624,
                                          "Actual Loops": 1,
                                          "Output": [
                                            "cc.movie_id",
                                            "cc.subject_id",
                                            "cc.status_id",
                                            "mc.movie_id",
                                            "mc.company_type_id",
                                            "mc.company_id",
                                            "mi_idx.info",
                                            "mi_idx.movie_id",
                                            "mk.movie_id"
                                          ],
                                          "Inner Unique": false,
                                          "Plans": [
                                            {
                                              "Node Type": "Nested Loop",
                                              "Parent Relationship": "Outer",
                                              "Parallel Aware": false,
                                              "Join Type": "Inner",
                                              "Startup Cost": 11.6,
                                              "Total Cost": 7407.52,
                                              "Plan Rows": 1,
                                              "Plan Width": 25,
                                              "Actual Startup Time": 34.043,
                                              "Actual Total Time": 3398.007,
                                              "Actual Rows": 8532,
                                              "Actual Loops": 1,
                                              "Output": [
                                                "cc.movie_id",
                                                "cc.subject_id",
                                                "cc.status_id",
                                                "mi_idx.info",
                                                "mi_idx.movie_id",
                                                "mk.movie_id"
                                              ],
                                              "Inner Unique": false,
                                              "Plans": [
                                                {
                                                  "Node Type": "Nested Loop",
                                                  "Parent Relationship": "Outer",
                                                  "Parallel Aware": false,
                                                  "Join Type": "Inner",
                                                  "Startup Cost": 11.18,
                                                  "Total Cost": 7407.05,
                                                  "Plan Rows": 1,
                                                  "Plan Width": 13,
                                                  "Actual Startup Time": 20.208,
                                                  "Actual Total Time": 3142.302,
                                                  "Actual Rows": 11708,
                                                  "Actual Loops": 1,
                                                  "Output": [
                                                    "mi_idx.info",
                                                    "mi_idx.movie_id",
                                                    "mk.movie_id"
                                                  ],
                                                  "Inner Unique": false,
                                                  "Join Filter": "(mi_idx.info_type_id = it2.id)",
                                                  "Rows Removed by Join Filter": 6993,
                                                  "Plans": [
                                                    {
                                                      "Node Type": "Seq Scan",
                                                      "Parent Relationship": "Outer",
                                                      "Parallel Aware": false,
                                                      "Relation Name": "info_type",
                                                      "Schema": "public",
                                                      "Alias": "it2",
                                                      "Startup Cost": 0.0,
                                                      "Total Cost": 2.41,
                                                      "Plan Rows": 1,
                                                      "Plan Width": 4,
                                                      "Actual Startup Time": 0.712,
                                                      "Actual Total Time": 0.782,
                                                      "Actual Rows": 1,
                                                      "Actual Loops": 1,
                                                      "Output": [
                                                        "it2.id",
                                                        "it2.info"
                                                      ],
                                                      "Filter": "((it2.info)::text = 'rating'::text)",
                                                      "Rows Removed by Filter": 112
                                                    },
                                                    {
                                                      "Node Type": "Nested Loop",
                                                      "Parent Relationship": "Inner",
                                                      "Parallel Aware": false,
                                                      "Join Type": "Inner",
                                                      "Startup Cost": 11.18,
                                                      "Total Cost": 7403.57,
                                                      "Plan Rows": 85,
                                                      "Plan Width": 17,
                                                      "Actual Startup Time": 19.473,
                                                      "Actual Total Time": 3135.079,
                                                      "Actual Rows": 18701,
                                                      "Actual Loops": 1,
                                                      "Output": [
                                                        "mk.movie_id",
                                                        "mi_idx.info",
                                                        "mi_idx.movie_id",
                                                        "mi_idx.info_type_id"
                                                      ],
                                                      "Inner Unique": false,
                                                      "Plans": [
                                                        {
                                                          "Node Type": "Nested Loop",
                                                          "Parent Relationship": "Outer",
                                                          "Parallel Aware": false,
                                                          "Join Type": "Inner",
                                                          "Startup Cost": 10.76,
                                                          "Total Cost": 7334.72,
                                                          "Plan Rows": 135,
                                                          "Plan Width": 4,
                                                          "Actual Startup Time": 19.148,
                                                          "Actual Total Time": 1623.104,
                                                          "Actual Rows": 37091,
                                                          "Actual Loops": 1,
                                                          "Output": [
                                                            "mk.movie_id"
                                                          ],
                                                          "Inner Unique": false,
                                                          "Plans": [
                                                            {
                                                              "Node Type": "Seq Scan",
                                                              "Parent Relationship": "Outer",
                                                              "Parallel Aware": false,
                                                              "Relation Name": "keyword",
                                                              "Schema": "public",
                                                              "Alias": "k",
                                                              "Startup Cost": 0.0,
                                                              "Total Cost": 2961.55,
                                                              "Plan Rows": 4,
                                                              "Plan Width": 4,
                                                              "Actual Startup Time": 5.962,
                                                              "Actual Total Time": 71.334,
                                                              "Actual Rows": 3,
                                                              "Actual Loops": 1,
                                                              "Output": [
                                                                "k.id",
                                                                "k.keyword",
                                                                "k.phonetic_code"
                                                              ],
                                                              "Filter": "(k.keyword = ANY ('{murder,murder-in-title,blood,violence}'::text[]))",
                                                              "Rows Removed by Filter": 134167
                                                            },
                                                            {
                                                              "Node Type": "Bitmap Heap Scan",
                                                              "Parent Relationship": "Inner",
                                                              "Parallel Aware": false,
                                                              "Relation Name": "movie_keyword",
                                                              "Schema": "public",
                                                              "Alias": "mk",
                                                              "Startup Cost": 10.76,
                                                              "Total Cost": 1090.29,
                                                              "Plan Rows": 300,
                                                              "Plan Width": 8,
                                                              "Actual Startup Time": 9.448,
                                                              "Actual Total Time": 512.881,
                                                              "Actual Rows": 12364,
                                                              "Actual Loops": 3,
                                                              "Output": [
                                                                "mk.id",
                                                                "mk.movie_id",
                                                                "mk.keyword_id"
                                                              ],
                                                              "Recheck Cond": "(mk.keyword_id = k.id)",
                                                              "Rows Removed by Index Recheck": 0,
                                                              "Exact Heap Blocks": 26312,
                                                              "Lossy Heap Blocks": 0,
                                                              "Plans": [
                                                                {
                                                                  "Node Type": "Bitmap Index Scan",
                                                                  "Parent Relationship": "Outer",
                                                                  "Parallel Aware": false,
                                                                  "Index Name": "keyword_id_movie_keyword",
                                                                  "Startup Cost": 0.0,
                                                                  "Total Cost": 10.68,
                                                                  "Plan Rows": 300,
                                                                  "Plan Width": 0,
                                                                  "Actual Startup Time": 7.833,
                                                                  "Actual Total Time": 7.835,
                                                                  "Actual Rows": 12364,
                                                                  "Actual Loops": 3,
                                                                  "Index Cond": "(mk.keyword_id = k.id)"
                                                                }
                                                              ]
                                                            }
                                                          ]
                                                        },
                                                        {
                                                          "Node Type": "Index Scan",
                                                          "Parent Relationship": "Inner",
                                                          "Parallel Aware": false,
                                                          "Scan Direction": "Forward",
                                                          "Index Name": "movie_id_movie_info_idx",
                                                          "Relation Name": "movie_info_idx",
                                                          "Schema": "public",
                                                          "Alias": "mi_idx",
                                                          "Startup Cost": 0.43,
                                                          "Total Cost": 0.5,
                                                          "Plan Rows": 1,
                                                          "Plan Width": 13,
                                                          "Actual Startup Time": 0.039,
                                                          "Actual Total Time": 0.04,
                                                          "Actual Rows": 1,
                                                          "Actual Loops": 37091,
                                                          "Output": [
                                                            "mi_idx.id",
                                                            "mi_idx.movie_id",
                                                            "mi_idx.info_type_id",
                                                            "mi_idx.info",
                                                            "mi_idx.note"
                                                          ],
                                                          "Index Cond": "(mi_idx.movie_id = mk.movie_id)",
                                                          "Rows Removed by Index Recheck": 0,
                                                          "Filter": "(mi_idx.info > '6.5'::text)",
                                                          "Rows Removed by Filter": 2
                                                        }
                                                      ]
                                                    }
                                                  ]
                                                },
                                                {
                                                  "Node Type": "Index Scan",
                                                  "Parent Relationship": "Inner",
                                                  "Parallel Aware": false,
                                                  "Scan Direction": "Forward",
                                                  "Index Name": "movie_id_complete_cast",
                                                  "Relation Name": "complete_cast",
                                                  "Schema": "public",
                                                  "Alias": "cc",
                                                  "Startup Cost": 0.42,
                                                  "Total Cost": 0.46,
                                                  "Plan Rows": 2,
                                                  "Plan Width": 12,
                                                  "Actual Startup Time": 0.016,
                                                  "Actual Total Time": 0.02,
                                                  "Actual Rows": 1,
                                                  "Actual Loops": 11708,
                                                  "Output": [
                                                    "cc.id",
                                                    "cc.movie_id",
                                                    "cc.subject_id",
                                                    "cc.status_id"
                                                  ],
                                                  "Index Cond": "(cc.movie_id = mk.movie_id)",
                                                  "Rows Removed by Index Recheck": 0
                                                }
                                              ]
                                            },
                                            {
                                              "Node Type": "Index Scan",
                                              "Parent Relationship": "Inner",
                                              "Parallel Aware": false,
                                              "Scan Direction": "Forward",
                                              "Index Name": "movie_id_movie_companies",
                                              "Relation Name": "movie_companies",
                                              "Schema": "public",
                                              "Alias": "mc",
                                              "Startup Cost": 0.43,
                                              "Total Cost": 0.57,
                                              "Plan Rows": 1,
                                              "Plan Width": 12,
                                              "Actual Startup Time": 0.06,
                                              "Actual Total Time": 0.092,
                                              "Actual Rows": 5,
                                              "Actual Loops": 8532,
                                              "Output": [
                                                "mc.id",
                                                "mc.movie_id",
                                                "mc.company_id",
                                                "mc.company_type_id",
                                                "mc.note"
                                              ],
                                              "Index Cond": "(mc.movie_id = mk.movie_id)",
                                              "Rows Removed by Index Recheck": 0,
                                              "Filter": "((mc.note !~~ '%(USA)%'::text) AND (mc.note ~~ '%(200%)%'::text))",
                                              "Rows Removed by Filter": 12
                                            }
                                          ]
                                        },
                                        {
                                          "Node Type": "Seq Scan",
                                          "Parent Relationship": "Inner",
                                          "Parallel Aware": false,
                                          "Relation Name": "company_type",
                                          "Schema": "public",
                                          "Alias": "ct",
                                          "Startup Cost": 0.0,
                                          "Total Cost": 1.04,
                                          "Plan Rows": 4,
                                          "Plan Width": 4,
                                          "Actual Startup Time": 0.001,
                                          "Actual Total Time": 0.001,
                                          "Actual Rows": 1,
                                          "Actual Loops": 43624,
                                          "Output": [
                                            "ct.id",
                                            "ct.kind"
                                          ]
                                        }
                                      ]
                                    },
                                    {
                                      "Node Type": "Index Scan",
                                      "Parent Relationship": "Inner",
                                      "Parallel Aware": false,
                                      "Scan Direction": "Forward",
                                      "Index Name": "title_pkey",
                                      "Relation Name": "title",
                                      "Schema": "public",
                                      "Alias": "t",
                                      "Startup Cost": 0.43,
                                      "Total Cost": 0.49,
                                      "Plan Rows": 1,
                                      "Plan Width": 25,
                                      "Actual Startup Time": 0.012,
                                      "Actual Total Time": 0.012,
                                      "Actual Rows": 0,
                                      "Actual Loops": 43624,
                                      "Output": [
                                        "t.id",
                                        "t.title",
                                        "t.imdb_index",
                                        "t.kind_id",
                                        "t.production_year",
                                        "t.imdb_id",
                                        "t.phonetic_code",
                                        "t.episode_of_id",
                                        "t.season_nr",
                                        "t.episode_nr",
                                        "t.series_years",
                                        "t.md5sum"
                                      ],
                                      "Index Cond": "(t.id = mk.movie_id)",
                                      "Rows Removed by Index Recheck": 0,
                                      "Filter": "(t.production_year > 2005)",
                                      "Rows Removed by Filter": 1
                                    }
                                  ]
                                },
                                {
                                  "Node Type": "Index Scan",
                                  "Parent Relationship": "Inner",
                                  "Parallel Aware": false,
                                  "Scan Direction": "Forward",
                                  "Index Name": "movie_id_movie_info",
                                  "Relation Name": "movie_info",
                                  "Schema": "public",
                                  "Alias": "mi",
                                  "Startup Cost": 0.43,
                                  "Total Cost": 1.5,
                                  "Plan Rows": 1,
                                  "Plan Width": 8,
                                  "Actual Startup Time": 0.108,
                                  "Actual Total Time": 0.12,
                                  "Actual Rows": 0,
                                  "Actual Loops": 9918,
                                  "Output": [
                                    "mi.id",
                                    "mi.movie_id",
                                    "mi.info_type_id",
                                    "mi.info",
                                    "mi.note"
                                  ],
                                  "Index Cond": "(mi.movie_id = mk.movie_id)",
                                  "Rows Removed by Index Recheck": 0,
                                  "Filter": "(mi.info = ANY ('{Sweden,Germany,Swedish,German}'::text[]))",
                                  "Rows Removed by Filter": 290
                                }
                              ]
                            },
                            {
                              "Node Type": "Seq Scan",
                              "Parent Relationship": "Inner",
                              "Parallel Aware": false,
                              "Relation Name": "info_type",
                              "Schema": "public",
                              "Alias": "it1",
                              "Startup Cost": 0.0,
                              "Total Cost": 2.41,
                              "Plan Rows": 1,
                              "Plan Width": 4,
                              "Actual Startup Time": 0.004,
                              "Actual Total Time": 0.006,
                              "Actual Rows": 1,
                              "Actual Loops": 3221,
                              "Output": [
                                "it1.id",
                                "it1.info"
                              ],
                              "Filter": "((it1.info)::text = 'countries'::text)",
                              "Rows Removed by Filter": 42
                            }
                          ]
                        },
                        {
                          "Node Type": "Seq Scan",
                          "Parent Relationship": "Inner",
                          "Parallel Aware": false,
                          "Relation Name": "kind_type",
                          "Schema": "public",
                          "Alias": "kt",
                          "Startup Cost": 0.0,
                          "Total Cost": 1.09,
                          "Plan Rows": 2,
                          "Plan Width": 4,
                          "Actual Startup Time": 0.003,
                          "Actual Total Time": 0.003,
                          "Actual Rows": 1,
                          "Actual Loops": 2159,
                          "Output": [
                            "kt.id",
                            "kt.kind"
                          ],
                          "Filter": "((kt.kind)::text = ANY ('{movie,episode}'::text[]))",
                          "Rows Removed by Filter": 0
                        }
                      ]
                    },
                    {
                      "Node Type": "Index Scan",
                      "Parent Relationship": "Inner",
                      "Parallel Aware": false,
                      "Scan Direction": "Forward",
                      "Index Name": "company_name_pkey",
                      "Relation Name": "company_name",
                      "Schema": "public",
                      "Alias": "cn",
                      "Startup Cost": 0.42,
                      "Total Cost": 0.54,
                      "Plan Rows": 1,
                      "Plan Width": 23,
                      "Actual Startup Time": 0.086,
                      "Actual Total Time": 0.086,
                      "Actual Rows": 1,
                      "Actual Loops": 2133,
                      "Output": [
                        "cn.id",
                        "cn.name",
                        "cn.country_code",
                        "cn.imdb_id",
                        "cn.name_pcode_nf",
                        "cn.name_pcode_sf",
                        "cn.md5sum"
                      ],
                      "Index Cond": "(cn.id = mc.company_id)",
                      "Rows Removed by Index Recheck": 0,
                      "Filter": "((cn.country_code)::text <> '[us]'::text)",
                      "Rows Removed by Filter": 0
                    }
                  ]
                },
                {
                  "Node Type": "Index Scan",
                  "Parent Relationship": "Inner",
                  "Parallel Aware": false,
                  "Scan Direction": "Forward",
                  "Index Name": "comp_cast_type_pkey",
                  "Relation Name": "comp_cast_type",
                  "Schema": "public",
                  "Alias": "cct1",
                  "Startup Cost": 0.13,
                  "Total Cost": 0.15,
                  "Plan Rows": 1,
                  "Plan Width": 4,
                  "Actual Startup Time": 0.003,
                  "Actual Total Time": 0.003,
                  "Actual Rows": 0,
                  "Actual Loops": 2056,
                  "Output": [
                    "cct1.id",
                    "cct1.kind"
                  ],
                  "Index Cond": "(cct1.id = cc.subject_id)",
                  "Rows Removed by Index Recheck": 0,
                  "Filter": "((cct1.kind)::text = 'crew'::text)",
                  "Rows Removed by Filter": 1
                }
              ]
            },
            {
              "Node Type": "Index Scan",
              "Parent Relationship": "Inner",
              "Parallel Aware": false,
              "Scan Direction": "Forward",
              "Index Name": "comp_cast_type_pkey",
              "Relation Name": "comp_cast_type",
              "Schema": "public",
              "Alias": "cct2",
              "Startup Cost": 0.13,
              "Total Cost": 0.15,
              "Plan Rows": 1,
              "Plan Width": 4,
              "Actual Startup Time": 0.001,
              "Actual Total Time": 0.001,
              "Actual Rows": 1,
              "Actual Loops": 240,
              "Output": [
                "cct2.id",
                "cct2.kind"
              ],
              "Index Cond": "(cct2.id = cc.status_id)",
              "Rows Removed by Index Recheck": 0,
              "Filter": "((cct2.kind)::text <> 'complete+verified'::text)",
              "Rows Removed by Filter": 0
            }
          ]
        }
      ]
    },
    "Planning Time": 1024.67,
    "Triggers": [],
    "Execution Time": 6409.434
  }
]