[
  {
    "Plan": {
      "Node Type": "Aggregate",
      "Strategy": "Plain",
      "Partial Mode": "Simple",
      "Parallel Aware": false,
      "Startup Cost": 11381.12,
      "Total Cost": 11381.13,
      "Plan Rows": 1,
      "Plan Width": 96,
      "Actual Startup Time": 3542.384,
      "Actual Total Time": 3542.627,
      "Actual Rows": 1,
      "Actual Loops": 1,
      "Output": [
        "min(cn.name)",
        "min(mi_idx.info)",
        "min(t.title)"
      ],
      "Plans": [
        {
          "Node Type": "Nested Loop",
          "Parent Relationship": "Outer",
          "Parallel Aware": false,
          "Join Type": "Inner",
          "Startup Cost": 3786.03,
          "Total Cost": 11381.11,
          "Plan Rows": 1,
          "Plan Width": 41,
          "Actual Startup Time": 246.185,
          "Actual Total Time": 3542.039,
          "Actual Rows": 148,
          "Actual Loops": 1,
          "Output": [
            "cn.name",
            "mi_idx.info",
            "t.title"
          ],
          "Inner Unique": true,
          "Plans": [
            {
              "Node Type": "Nested Loop",
              "Parent Relationship": "Outer",
              "Parallel Aware": false,
              "Join Type": "Inner",
              "Startup Cost": 3785.9,
              "Total Cost": 11380.94,
              "Plan Rows": 1,
              "Plan Width": 45,
              "Actual Startup Time": 242.505,
              "Actual Total Time": 3535.67,
              "Actual Rows": 161,
              "Actual Loops": 1,
              "Output": [
                "cn.name",
                "mi_idx.info",
                "t.title",
                "t.kind_id"
              ],
              "Inner Unique": true,
              "Plans": [
                {
                  "Node Type": "Nested Loop",
                  "Parent Relationship": "Outer",
                  "Parallel Aware": false,
                  "Join Type": "Inner",
                  "Startup Cost": 3785.76,
                  "Total Cost": 11380.76,
                  "Plan Rows": 1,
                  "Plan Width": 49,
                  "Actual Startup Time": 241.186,
                  "Actual Total Time": 3533.002,
                  "Actual Rows": 175,
                  "Actual Loops": 1,
                  "Output": [
                    "cn.name",
                    "mi.info_type_id",
                    "mi_idx.info",
                    "t.title",
                    "t.kind_id"
                  ],
                  "Inner Unique": false,
                  "Join Filter": "(t.id = mi.movie_id)",
                  "Rows Removed by Join Filter": 0,
                  "Plans": [
                    {
                      "Node Type": "Nested Loop",
                      "Parent Relationship": "Outer",
                      "Parallel Aware": false,
                      "Join Type": "Inner",
                      "Startup Cost": 3785.32,
                      "Total Cost": 11379.24,
                      "Plan Rows": 1,
                      "Plan Width": 65,
                      "Actual Startup Time": 230.5,
                      "Actual Total Time": 3277.208,
                      "Actual Rows": 1404,
                      "Actual Loops": 1,
                      "Output": [
                        "cc.movie_id",
                        "mc.movie_id",
                        "cn.name",
                        "mi_idx.info",
                        "mi_idx.movie_id",
                        "mk.movie_id",
                        "t.title",
                        "t.kind_id",
                        "t.id"
                      ],
                      "Inner Unique": true,
                      "Plans": [
                        {
                          "Node Type": "Nested Loop",
                          "Parent Relationship": "Outer",
                          "Parallel Aware": false,
                          "Join Type": "Inner",
                          "Startup Cost": 3784.89,
                          "Total Cost": 11378.75,
                          "Plan Rows": 1,
                          "Plan Width": 40,
                          "Actual Startup Time": 229.777,
                          "Actual Total Time": 3135.177,
                          "Actual Rows": 6376,
                          "Actual Loops": 1,
                          "Output": [
                            "cc.movie_id",
                            "mc.movie_id",
                            "cn.name",
                            "mi_idx.info",
                            "mi_idx.movie_id",
                            "mk.movie_id"
                          ],
                          "Inner Unique": true,
                          "Plans": [
                            {
                              "Node Type": "Nested Loop",
                              "Parent Relationship": "Outer",
                              "Parallel Aware": false,
                              "Join Type": "Inner",
                              "Startup Cost": 3784.76,
                              "Total Cost": 11378.6,
                              "Plan Rows": 1,
                              "Plan Width": 44,
                              "Actual Startup Time": 229.305,
                              "Actual Total Time": 3099.314,
                              "Actual Rows": 6376,
                              "Actual Loops": 1,
                              "Output": [
                                "cc.movie_id",
                                "mc.movie_id",
                                "mc.company_type_id",
                                "cn.name",
                                "mi_idx.info",
                                "mi_idx.movie_id",
                                "mk.movie_id"
                              ],
                              "Inner Unique": true,
                              "Plans": [
                                {
                                  "Node Type": "Nested Loop",
                                  "Parent Relationship": "Outer",
                                  "Parallel Aware": false,
                                  "Join Type": "Inner",
                                  "Startup Cost": 3784.34,
                                  "Total Cost": 11378.06,
                                  "Plan Rows": 1,
                                  "Plan Width": 29,
                                  "Actual Startup Time": 228.985,
                                  "Actual Total Time": 2755.352,
                                  "Actual Rows": 6570,
                                  "Actual Loops": 1,
                                  "Output": [
                                    "cc.movie_id",
                                    "mc.movie_id",
                                    "mc.company_type_id",
                                    "mc.company_id",
                                    "mi_idx.info",
                                    "mi_idx.movie_id",
                                    "mk.movie_id"
                                  ],
                                  "Inner Unique": false,
                                  "Plans": [
                                    {
                                      "Node Type": "Nested Loop",
                                      "Parent Relationship": "Outer",
                                      "Parallel Aware": false,
                                      "Join Type": "Inner",
                                      "Startup Cost": 3783.91,
                                      "Total Cost": 11377.48,
                                      "Plan Rows": 1,
                                      "Plan Width": 17,
                                      "Actual Startup Time": 228.35,
                                      "Actual Total Time": 2523.768,
                                      "Actual Rows": 1591,
                                      "Actual Loops": 1,
                                      "Output": [
                                        "cc.movie_id",
                                        "mi_idx.info",
                                        "mi_idx.movie_id",
                                        "mk.movie_id"
                                      ],
                                      "Inner Unique": true,
                                      "Plans": [
                                        {
                                          "Node Type": "Nested Loop",
                                          "Parent Relationship": "Outer",
                                          "Parallel Aware": false,
                                          "Join Type": "Inner",
                                          "Startup Cost": 3783.77,
                                          "Total Cost": 11376.81,
                                          "Plan Rows": 4,
                                          "Plan Width": 21,
                                          "Actual Startup Time": 228.154,
                                          "Actual Total Time": 2505.54,
                                          "Actual Rows": 2396,
                                          "Actual Loops": 1,
                                          "Output": [
                                            "cc.movie_id",
                                            "mi_idx.info",
                                            "mi_idx.movie_id",
                                            "mi_idx.info_type_id",
                                            "mk.movie_id"
                                          ],
                                          "Inner Unique": false,
                                          "Plans": [
                                            {
                                              "Node Type": "Hash Join",
                                              "Parent Relationship": "Outer",
                                              "Parallel Aware": false,
                                              "Join Type": "Inner",
                                              "Startup Cost": 3783.34,
                                              "Total Cost": 11359.47,
                                              "Plan Rows": 34,
                                              "Plan Width": 8,
                                              "Actual Startup Time": 226.839,
                                              "Actual Total Time": 2043.779,
                                              "Actual Rows": 3832,
                                              "Actual Loops": 1,
                                              "Output": [
                                                "cc.movie_id",
                                                "mk.movie_id"
                                              ],
                                              "Inner Unique": true,
                                              "Hash Cond": "(cc.status_id = cct2.id)",
                                              "Plans": [
                                                {
                                                  "Node Type": "Hash Join",
                                                  "Parent Relationship": "Outer",
                                                  "Parallel Aware": false,
                                                  "Join Type": "Inner",
                                                  "Startup Cost": 3782.26,
                                                  "Total Cost": 11358.13,
                                                  "Plan Rows": 46,
                                                  "Plan Width": 12,
                                                  "Actual Startup Time": 225.432,
                                                  "Actual Total Time": 2037.686,
                                                  "Actual Rows": 6216,
                                                  "Actual Loops": 1,
                                                  "Output": [
                                                    "cc.movie_id",
                                                    "cc.status_id",
                                                    "mk.movie_id"
                                                  ],
                                                  "Inner Unique": true,
                                                  "Hash Cond": "(cc.subject_id = cct1.id)",
                                                  "Plans": [
                                                    {
                                                      "Node Type": "Hash Join",
                                                      "Parent Relationship": "Outer",
                                                      "Parallel Aware": false,
                                                      "Join Type": "Inner",
                                                      "Startup Cost": 3781.19,
                                                      "Total Cost": 11356.07,
                                                      "Plan Rows": 183,
                                                      "Plan Width": 16,
                                                      "Actual Startup Time": 222.793,
                                                      "Actual Total Time": 2027.813,
                                                      "Actual Rows": 20024,
                                                      "Actual Loops": 1,
                                                      "Output": [
                                                        "cc.movie_id",
                                                        "cc.subject_id",
                                                        "cc.status_id",
                                                        "mk.movie_id"
                                                      ],
                                                      "Inner Unique": false,
                                                      "Hash Cond": "(mk.movie_id = cc.movie_id)",
                                                      "Plans": [
                                                        {
                                                          "Node Type": "Nested Loop",
                                                          "Parent Relationship": "Outer",
                                                          "Parallel Aware": false,
                                                          "Join Type": "Inner",
                                                          "Startup Cost": 10.76,
                                                          "Total Cost": 7334.72,
                                                          "Plan Rows": 13500,
                                                          "Plan Width": 4,
                                                          "Actual Startup Time": 20.057,
                                                          "Actual Total Time": 1514.039,
                                                          "Actual Rows": 37091,
                                                          "Actual Loops": 1,
                                                          "Output": [
                                                            "mk.movie_id"
                                                          ],
                                                          "Inner Unique": false,
                                                          "Plans": [
                                                            {
                                                              "Node Type": "Seq Scan",
                                                              "Parent Relationship": "Outer",
                                                              "Parallel Aware": false,
                                                              "Relation Name": "keyword",
                                                              "Schema": "public",
                                                              "Alias": "k",
                                                              "Startup Cost": 0.0,
                                                              "Total Cost": 2961.55,
                                                              "Plan Rows": 4,
                                                              "Plan Width": 4,
                                                              "Actual Startup Time": 8.045,
                                                              "Actual Total Time": 62.243,
                                                              "Actual Rows": 3,
                                                              "Actual Loops": 1,
                                                              "Output": [
                                                                "k.id",
                                                                "k.keyword",
                                                                "k.phonetic_code"
                                                              ],
                                                              "Filter": "(k.keyword = ANY ('{murder,murder-in-title,blood,violence}'::text[]))",
                                                              "Rows Removed by Filter": 134167
                                                            },
                                                            {
                                                              "Node Type": "Bitmap Heap Scan",
                                                              "Parent Relationship": "Inner",
                                                              "Parallel Aware": false,
                                                              "Relation Name": "movie_keyword",
                                                              "Schema": "public",
                                                              "Alias": "mk",
                                                              "Startup Cost": 10.76,
                                                              "Total Cost": 1090.29,
                                                              "Plan Rows": 300,
                                                              "Plan Width": 8,
                                                              "Actual Startup Time": 9.421,
                                                              "Actual Total Time": 478.543,
                                                              "Actual Rows": 12364,
                                                              "Actual Loops": 3,
                                                              "Output": [
                                                                "mk.id",
                                                                "mk.movie_id",
                                                                "mk.keyword_id"
                                                              ],
                                                              "Recheck Cond": "(mk.keyword_id = k.id)",
                                                              "Rows Removed by Index Recheck": 0,
                                                              "Exact Heap Blocks": 26312,
                                                              "Lossy Heap Blocks": 0,
                                                              "Plans": [
                                                                {
                                                                  "Node Type": "Bitmap Index Scan",
                                                                  "Parent Relationship": "Outer",
                                                                  "Parallel Aware": false,
                                                                  "Index Name": "keyword_id_movie_keyword",
                                                                  "Startup Cost": 0.0,
                                                                  "Total Cost": 10.68,
                                                                  "Plan Rows": 300,
                                                                  "Plan Width": 0,
                                                                  "Actual Startup Time": 7.576,
                                                                  "Actual Total Time": 7.58,
                                                                  "Actual Rows": 12364,
                                                                  "Actual Loops": 3,
                                                                  "Index Cond": "(mk.keyword_id = k.id)"
                                                                }
                                                              ]
                                                            }
                                                          ]
                                                        },
                                                        {
                                                          "Node Type": "Hash",
                                                          "Parent Relationship": "Inner",
                                                          "Parallel Aware": false,
                                                          "Startup Cost": 2081.86,
                                                          "Total Cost": 2081.86,
                                                          "Plan Rows": 135086,
                                                          "Plan Width": 12,
                                                          "Actual Startup Time": 190.333,
                                                          "Actual Total Time": 190.339,
                                                          "Actual Rows": 135086,
                                                          "Actual Loops": 1,
                                                          "Output": [
                                                            "cc.movie_id",
                                                            "cc.subject_id",
                                                            "cc.status_id"
                                                          ],
                                                          "Hash Buckets": 262144,
                                                          "Original Hash Buckets": 262144,
                                                          "Hash Batches": 1,
                                                          "Original Hash Batches": 1,
                                                          "Peak Memory Usage": 7853,
                                                          "Plans": [
                                                            {
                                                              "Node Type": "Seq Scan",
                                                              "Parent Relationship": "Outer",
                                                              "Parallel Aware": false,
                                                              "Relation Name": "complete_cast",
                                                              "Schema": "public",
                                                              "Alias": "cc",
                                                              "Startup Cost": 0.0,
                                                              "Total Cost": 2081.86,
                                                              "Plan Rows": 135086,
                                                              "Plan Width": 12,
                                                              "Actual Startup Time": 0.171,
                                                              "Actual Total Time": 106.318,
                                                              "Actual Rows": 135086,
                                                              "Actual Loops": 1,
                                                              "Output": [
                                                                "cc.movie_id",
                                                                "cc.subject_id",
                                                                "cc.status_id"
                                                              ]
                                                            }
                                                          ]
                                                        }
                                                      ]
                                                    },
                                                    {
                                                      "Node Type": "Hash",
                                                      "Parent Relationship": "Inner",
                                                      "Parallel Aware": false,
                                                      "Startup Cost": 1.05,
                                                      "Total Cost": 1.05,
                                                      "Plan Rows": 1,
                                                      "Plan Width": 4,
                                                      "Actual Startup Time": 0.033,
                                                      "Actual Total Time": 0.036,
                                                      "Actual Rows": 1,
                                                      "Actual Loops": 1,
                                                      "Output": [
                                                        "cct1.id"
                                                      ],
                                                      "Hash Buckets": 1024,
                                                      "Original Hash Buckets": 1024,
                                                      "Hash Batches": 1,
                                                      "Original Hash Batches": 1,
                                                      "Peak Memory Usage": 9,
                                                      "Plans": [
                                                        {
                                                          "Node Type": "Seq Scan",
                                                          "Parent Relationship": "Outer",
                                                          "Parallel Aware": false,
                                                          "Relation Name": "comp_cast_type",
                                                          "Schema": "public",
                                                          "Alias": "cct1",
                                                          "Startup Cost": 0.0,
                                                          "Total Cost": 1.05,
                                                          "Plan Rows": 1,
                                                          "Plan Width": 4,
                                                          "Actual Startup Time": 0.015,
                                                          "Actual Total Time": 0.018,
                                                          "Actual Rows": 1,
                                                          "Actual Loops": 1,
                                                          "Output": [
                                                            "cct1.id"
                                                          ],
                                                          "Filter": "((cct1.kind)::text = 'crew'::text)",
                                                          "Rows Removed by Filter": 3
                                                        }
                                                      ]
                                                    }
                                                  ]
                                                },
                                                {
                                                  "Node Type": "Hash",
                                                  "Parent Relationship": "Inner",
                                                  "Parallel Aware": false,
                                                  "Startup Cost": 1.05,
                                                  "Total Cost": 1.05,
                                                  "Plan Rows": 3,
                                                  "Plan Width": 4,
                                                  "Actual Startup Time": 0.895,
                                                  "Actual Total Time": 0.896,
                                                  "Actual Rows": 3,
                                                  "Actual Loops": 1,
                                                  "Output": [
                                                    "cct2.id"
                                                  ],
                                                  "Hash Buckets": 1024,
                                                  "Original Hash Buckets": 1024,
                                                  "Hash Batches": 1,
                                                  "Original Hash Batches": 1,
                                                  "Peak Memory Usage": 9,
                                                  "Plans": [
                                                    {
                                                      "Node Type": "Seq Scan",
                                                      "Parent Relationship": "Outer",
                                                      "Parallel Aware": false,
                                                      "Relation Name": "comp_cast_type",
                                                      "Schema": "public",
                                                      "Alias": "cct2",
                                                      "Startup Cost": 0.0,
                                                      "Total Cost": 1.05,
                                                      "Plan Rows": 3,
                                                      "Plan Width": 4,
                                                      "Actual Startup Time": 0.653,
                                                      "Actual Total Time": 0.67,
                                                      "Actual Rows": 3,
                                                      "Actual Loops": 1,
                                                      "Output": [
                                                        "cct2.id"
                                                      ],
                                                      "Filter": "((cct2.kind)::text <> 'complete+verified'::text)",
                                                      "Rows Removed by Filter": 1
                                                    }
                                                  ]
                                                }
                                              ]
                                            },
                                            {
                                              "Node Type": "Index Scan",
                                              "Parent Relationship": "Inner",
                                              "Parallel Aware": false,
                                              "Scan Direction": "Forward",
                                              "Index Name": "movie_id_movie_info_idx",
                                              "Relation Name": "movie_info_idx",
                                              "Schema": "public",
                                              "Alias": "mi_idx",
                                              "Startup Cost": 0.43,
                                              "Total Cost": 0.5,
                                              "Plan Rows": 1,
                                              "Plan Width": 13,
                                              "Actual Startup Time": 0.116,
                                              "Actual Total Time": 0.117,
                                              "Actual Rows": 1,
                                              "Actual Loops": 3832,
                                              "Output": [
                                                "mi_idx.id",
                                                "mi_idx.movie_id",
                                                "mi_idx.info_type_id",
                                                "mi_idx.info",
                                                "mi_idx.note"
                                              ],
                                              "Index Cond": "(mi_idx.movie_id = mk.movie_id)",
                                              "Rows Removed by Index Recheck": 0,
                                              "Filter": "(mi_idx.info > '6.5'::text)",
                                              "Rows Removed by Filter": 2
                                            }
                                          ]
                                        },
                                        {
                                          "Node Type": "Index Scan",
                                          "Parent Relationship": "Inner",
                                          "Parallel Aware": false,
                                          "Scan Direction": "Forward",
                                          "Index Name": "info_type_pkey",
                                          "Relation Name": "info_type",
                                          "Schema": "public",
                                          "Alias": "it2",
                                          "Startup Cost": 0.14,
                                          "Total Cost": 0.16,
                                          "Plan Rows": 1,
                                          "Plan Width": 4,
                                          "Actual Startup Time": 0.005,
                                          "Actual Total Time": 0.005,
                                          "Actual Rows": 1,
                                          "Actual Loops": 2396,
                                          "Output": [
                                            "it2.id",
                                            "it2.info"
                                          ],
                                          "Index Cond": "(it2.id = mi_idx.info_type_id)",
                                          "Rows Removed by Index Recheck": 0,
                                          "Filter": "((it2.info)::text = 'rating'::text)",
                                          "Rows Removed by Filter": 0
                                        }
                                      ]
                                    },
                                    {
                                      "Node Type": "Index Scan",
                                      "Parent Relationship": "Inner",
                                      "Parallel Aware": false,
                                      "Scan Direction": "Forward",
                                      "Index Name": "movie_id_movie_companies",
                                      "Relation Name": "movie_companies",
                                      "Schema": "public",
                                      "Alias": "mc",
                                      "Startup Cost": 0.43,
                                      "Total Cost": 0.57,
                                      "Plan Rows": 1,
                                      "Plan Width": 12,
                                      "Actual Startup Time": 0.106,
                                      "Actual Total Time": 0.142,
                                      "Actual Rows": 4,
                                      "Actual Loops": 1591,
                                      "Output": [
                                        "mc.id",
                                        "mc.movie_id",
                                        "mc.company_id",
                                        "mc.company_type_id",
                                        "mc.note"
                                      ],
                                      "Index Cond": "(mc.movie_id = mk.movie_id)",
                                      "Rows Removed by Index Recheck": 0,
                                      "Filter": "((mc.note !~~ '%(USA)%'::text) AND (mc.note ~~ '%(200%)%'::text))",
                                      "Rows Removed by Filter": 10
                                    }
                                  ]
                                },
                                {
                                  "Node Type": "Index Scan",
                                  "Parent Relationship": "Inner",
                                  "Parallel Aware": false,
                                  "Scan Direction": "Forward",
                                  "Index Name": "company_name_pkey",
                                  "Relation Name": "company_name",
                                  "Schema": "public",
                                  "Alias": "cn",
                                  "Startup Cost": 0.42,
                                  "Total Cost": 0.54,
                                  "Plan Rows": 1,
                                  "Plan Width": 23,
                                  "Actual Startup Time": 0.051,
                                  "Actual Total Time": 0.051,
                                  "Actual Rows": 1,
                                  "Actual Loops": 6570,
                                  "Output": [
                                    "cn.id",
                                    "cn.name",
                                    "cn.country_code",
                                    "cn.imdb_id",
                                    "cn.name_pcode_nf",
                                    "cn.name_pcode_sf",
                                    "cn.md5sum"
                                  ],
                                  "Index Cond": "(cn.id = mc.company_id)",
                                  "Rows Removed by Index Recheck": 0,
                                  "Filter": "((cn.country_code)::text <> '[us]'::text)",
                                  "Rows Removed by Filter": 0
                                }
                              ]
                            },
                            {
                              "Node Type": "Index Only Scan",
                              "Parent Relationship": "Inner",
                              "Parallel Aware": false,
                              "Scan Direction": "Forward",
                              "Index Name": "company_type_pkey",
                              "Relation Name": "company_type",
                              "Schema": "public",
                              "Alias": "ct",
                              "Startup Cost": 0.13,
                              "Total Cost": 0.15,
                              "Plan Rows": 1,
                              "Plan Width": 4,
                              "Actual Startup Time": 0.003,
                              "Actual Total Time": 0.003,
                              "Actual Rows": 1,
                              "Actual Loops": 6376,
                              "Output": [
                                "ct.id"
                              ],
                              "Index Cond": "(ct.id = mc.company_type_id)",
                              "Rows Removed by Index Recheck": 0,
                              "Heap Fetches": 6376
                            }
                          ]
                        },
                        {
                          "Node Type": "Index Scan",
                          "Parent Relationship": "Inner",
                          "Parallel Aware": false,
                          "Scan Direction": "Forward",
                          "Index Name": "title_pkey",
                          "Relation Name": "title",
                          "Schema": "public",
                          "Alias": "t",
                          "Startup Cost": 0.43,
                          "Total Cost": 0.49,
                          "Plan Rows": 1,
                          "Plan Width": 25,
                          "Actual Startup Time": 0.021,
                          "Actual Total Time": 0.021,
                          "Actual Rows": 0,
                          "Actual Loops": 6376,
                          "Output": [
                            "t.id",
                            "t.title",
                            "t.imdb_index",
                            "t.kind_id",
                            "t.production_year",
                            "t.imdb_id",
                            "t.phonetic_code",
                            "t.episode_of_id",
                            "t.season_nr",
                            "t.episode_nr",
                            "t.series_years",
                            "t.md5sum"
                          ],
                          "Index Cond": "(t.id = mk.movie_id)",
                          "Rows Removed by Index Recheck": 0,
                          "Filter": "(t.production_year > 2005)",
                          "Rows Removed by Filter": 1
                        }
                      ]
                    },
                    {
                      "Node Type": "Index Scan",
                      "Parent Relationship": "Inner",
                      "Parallel Aware": false,
                      "Scan Direction": "Forward",
                      "Index Name": "movie_id_movie_info",
                      "Relation Name": "movie_info",
                      "Schema": "public",
                      "Alias": "mi",
                      "Startup Cost": 0.43,
                      "Total Cost": 1.5,
                      "Plan Rows": 1,
                      "Plan Width": 8,
                      "Actual Startup Time": 0.178,
                      "Actual Total Time": 0.18,
                      "Actual Rows": 0,
                      "Actual Loops": 1404,
                      "Output": [
                        "mi.id",
                        "mi.movie_id",
                        "mi.info_type_id",
                        "mi.info",
                        "mi.note"
                      ],
                      "Index Cond": "(mi.movie_id = mk.movie_id)",
                      "Rows Removed by Index Recheck": 0,
                      "Filter": "(mi.info = ANY ('{Sweden,Germany,Swedish,German}'::text[]))",
                      "Rows Removed by Filter": 332
                    }
                  ]
                },
                {
                  "Node Type": "Index Scan",
                  "Parent Relationship": "Inner",
                  "Parallel Aware": false,
                  "Scan Direction": "Forward",
                  "Index Name": "info_type_pkey",
                  "Relation Name": "info_type",
                  "Schema": "public",
                  "Alias": "it1",
                  "Startup Cost": 0.14,
                  "Total Cost": 0.16,
                  "Plan Rows": 1,
                  "Plan Width": 4,
                  "Actual Startup Time": 0.009,
                  "Actual Total Time": 0.01,
                  "Actual Rows": 1,
                  "Actual Loops": 175,
                  "Output": [
                    "it1.id",
                    "it1.info"
                  ],
                  "Index Cond": "(it1.id = mi.info_type_id)",
                  "Rows Removed by Index Recheck": 0,
                  "Filter": "((it1.info)::text = 'countries'::text)",
                  "Rows Removed by Filter": 0
                }
              ]
            },
            {
              "Node Type": "Index Scan",
              "Parent Relationship": "Inner",
              "Parallel Aware": false,
              "Scan Direction": "Forward",
              "Index Name": "kind_type_pkey",
              "Relation Name": "kind_type",
              "Schema": "public",
              "Alias": "kt",
              "Startup Cost": 0.13,
              "Total Cost": 0.15,
              "Plan Rows": 1,
              "Plan Width": 4,
              "Actual Startup Time": 0.032,
              "Actual Total Time": 0.032,
              "Actual Rows": 1,
              "Actual Loops": 161,
              "Output": [
                "kt.id",
                "kt.kind"
              ],
              "Index Cond": "(kt.id = t.kind_id)",
              "Rows Removed by Index Recheck": 0,
              "Filter": "((kt.kind)::text = ANY ('{movie,episode}'::text[]))",
              "Rows Removed by Filter": 0
            }
          ]
        }
      ]
    },
    "Planning Time": 101624.331,
    "Triggers": [],
    "Execution Time": 3551.956
  }
]