[
  {
    "Plan": {
      "Node Type": "Aggregate",
      "Strategy": "Plain",
      "Partial Mode": "Finalize",
      "Parallel Aware": false,
      "Startup Cost": 346595.41,
      "Total Cost": 346595.42,
      "Plan Rows": 1,
      "Plan Width": 8,
      "Actual Startup Time": 554.191,
      "Actual Total Time": 586.003,
      "Actual Rows": 1,
      "Actual Loops": 1,
      "Plans": [
        {
          "Node Type": "Gather",
          "Parent Relationship": "Outer",
          "Parallel Aware": false,
          "Startup Cost": 346594.78,
          "Total Cost": 346595.39,
          "Plan Rows": 6,
          "Plan Width": 8,
          "Actual Startup Time": 554.051,
          "Actual Total Time": 585.992,
          "Actual Rows": 7,
          "Actual Loops": 1,
          "Workers Planned": 6,
          "Workers Launched": 6,
          "Single Copy": false,
          "Plans": [
            {
              "Node Type": "Aggregate",
              "Strategy": "Plain",
              "Partial Mode": "Partial",
              "Parent Relationship": "Outer",
              "Parallel Aware": false,
              "Startup Cost": 345594.78,
              "Total Cost": 345594.79,
              "Plan Rows": 1,
              "Plan Width": 8,
              "Actual Startup Time": 542.268,
              "Actual Total Time": 542.269,
              "Actual Rows": 1,
              "Actual Loops": 7,
              "Plans": [
                {
                  "Node Type": "Index Scan",
                  "Parent Relationship": "Outer",
                  "Parallel Aware": true,
                  "Scan Direction": "Forward",
                  "Index Name": "role_id_cast_info",
                  "Relation Name": "cast_info",
                  "Alias": "ci",
                  "Startup Cost": 0.56,
                  "Total Cost": 341155.22,
                  "Plan Rows": 1775825,
                  "Plan Width": 0,
                  "Actual Startup Time": 158.78,
                  "Actual Total Time": 468.219,
                  "Actual Rows": 1185761,
                  "Actual Loops": 7,
                  "Index Cond": "(role_id = 1)",
                  "Rows Removed by Index Recheck": 0,
                  "Filter": "(person_id > 584150)",
                  "Rows Removed by Filter": 624338
                }
              ]
            }
          ]
        }
      ]
    },
    "Planning Time": 0.119,
    "Triggers": [],
    "Execution Time": 586.047
  }
]