[
  {
    "Plan": {
      "Node Type": "Aggregate",
      "Strategy": "Plain",
      "Partial Mode": "Finalize",
      "Parallel Aware": false,
      "Startup Cost": 45610.43,
      "Total Cost": 45610.44,
      "Plan Rows": 1,
      "Plan Width": 8,
      "Actual Startup Time": 181.392,
      "Actual Total Time": 194.391,
      "Actual Rows": 1,
      "Actual Loops": 1,
      "Plans": [
        {
          "Node Type": "Gather",
          "Parent Relationship": "Outer",
          "Parallel Aware": false,
          "Startup Cost": 45610.11,
          "Total Cost": 45610.42,
          "Plan Rows": 3,
          "Plan Width": 8,
          "Actual Startup Time": 181.15,
          "Actual Total Time": 194.38,
          "Actual Rows": 4,
          "Actual Loops": 1,
          "Workers Planned": 3,
          "Workers Launched": 3,
          "Single Copy": false,
          "Plans": [
            {
              "Node Type": "Aggregate",
              "Strategy": "Plain",
              "Partial Mode": "Partial",
              "Parent Relationship": "Outer",
              "Parallel Aware": false,
              "Startup Cost": 44610.11,
              "Total Cost": 44610.12,
              "Plan Rows": 1,
              "Plan Width": 8,
              "Actual Startup Time": 176.316,
              "Actual Total Time": 176.317,
              "Actual Rows": 1,
              "Actual Loops": 4,
              "Plans": [
                {
                  "Node Type": "Seq Scan",
                  "Parent Relationship": "Outer",
                  "Parallel Aware": true,
                  "Relation Name": "movie_keyword",
                  "Alias": "mk",
                  "Startup Cost": 0.0,
                  "Total Cost": 42695.65,
                  "Plan Rows": 765782,
                  "Plan Width": 0,
                  "Actual Startup Time": 0.04,
                  "Actual Total Time": 141.314,
                  "Actual Rows": 593450,
                  "Actual Loops": 4,
                  "Filter": "(keyword_id < 5398)",
                  "Rows Removed by Filter": 537532
                }
              ]
            }
          ]
        }
      ]
    },
    "Planning Time": 0.175,
    "Triggers": [],
    "Execution Time": 194.445
  }
]