[
    {
        "Bao": {
            "Bao prediction": 317.897,
            "Bao recommended hint": "SET enable_mergejoin TO off; SET enable_indexscan TO off; "
        }
    },
    {
        "Plan": {
            "Node Type": "Aggregate",
            "Strategy": "Plain",
            "Partial Mode": "Simple",
            "Parallel Aware": false,
            "Startup Cost": 62467.62,
            "Total Cost": 62467.63,
            "Plan Rows": 1,
            "Plan Width": 64,
            "Actual Startup Time": 230.87,
            "Actual Total Time": 245.503,
            "Actual Rows": 1,
            "Actual Loops": 1,
            "Output": [
                "min((kt.kind)::text)",
                "min(t.title)"
            ],
            "Plans": [
                {
                    "Node Type": "Gather",
                    "Parent Relationship": "Outer",
                    "Parallel Aware": false,
                    "Startup Cost": 4242.09,
                    "Total Cost": 62467.6,
                    "Plan Rows": 3,
                    "Plan Width": 27,
                    "Actual Startup Time": 230.351,
                    "Actual Total Time": 245.37,
                    "Actual Rows": 612,
                    "Actual Loops": 1,
                    "Output": [
                        "kt.kind",
                        "t.title"
                    ],
                    "Workers Planned": 4,
                    "Workers Launched": 4,
                    "Single Copy": false,
                    "Plans": [
                        {
                            "Node Type": "Nested Loop",
                            "Parent Relationship": "Outer",
                            "Parallel Aware": false,
                            "Join Type": "Inner",
                            "Startup Cost": 3242.09,
                            "Total Cost": 61467.3,
                            "Plan Rows": 1,
                            "Plan Width": 27,
                            "Actual Startup Time": 213.133,
                            "Actual Total Time": 216.967,
                            "Actual Rows": 122,
                            "Actual Loops": 5,
                            "Output": [
                                "kt.kind",
                                "t.title"
                            ],
                            "Inner Unique": true,
                            "Workers": [
                                {
                                    "Worker Number": 0,
                                    "Actual Startup Time": 214.243,
                                    "Actual Total Time": 214.257,
                                    "Actual Rows": 0,
                                    "Actual Loops": 1
                                },
                                {
                                    "Worker Number": 1,
                                    "Actual Startup Time": 214.292,
                                    "Actual Total Time": 214.304,
                                    "Actual Rows": 0,
                                    "Actual Loops": 1
                                },
                                {
                                    "Worker Number": 2,
                                    "Actual Startup Time": 214.312,
                                    "Actual Total Time": 214.33,
                                    "Actual Rows": 0,
                                    "Actual Loops": 1
                                },
                                {
                                    "Worker Number": 3,
                                    "Actual Startup Time": 194.703,
                                    "Actual Total Time": 213.812,
                                    "Actual Rows": 612,
                                    "Actual Loops": 1
                                }
                            ],
                            "Plans": [
                                {
                                    "Node Type": "Nested Loop",
                                    "Parent Relationship": "Outer",
                                    "Parallel Aware": false,
                                    "Join Type": "Inner",
                                    "Startup Cost": 3241.66,
                                    "Total Cost": 61462.86,
                                    "Plan Rows": 1,
                                    "Plan Width": 31,
                                    "Actual Startup Time": 213.119,
                                    "Actual Total Time": 215.851,
                                    "Actual Rows": 122,
                                    "Actual Loops": 5,
                                    "Output": [
                                        "mk.keyword_id",
                                        "t.title",
                                        "kt.kind"
                                    ],
                                    "Inner Unique": true,
                                    "Join Filter": "(mc.company_type_id = ct.id)",
                                    "Rows Removed by Join Filter": 122,
                                    "Workers": [
                                        {
                                            "Worker Number": 0,
                                            "Actual Startup Time": 214.242,
                                            "Actual Total Time": 214.254,
                                            "Actual Rows": 0,
                                            "Actual Loops": 1
                                        },
                                        {
                                            "Worker Number": 1,
                                            "Actual Startup Time": 214.291,
                                            "Actual Total Time": 214.302,
                                            "Actual Rows": 0,
                                            "Actual Loops": 1
                                        },
                                        {
                                            "Worker Number": 2,
                                            "Actual Startup Time": 214.311,
                                            "Actual Total Time": 214.328,
                                            "Actual Rows": 0,
                                            "Actual Loops": 1
                                        },
                                        {
                                            "Worker Number": 3,
                                            "Actual Startup Time": 194.636,
                                            "Actual Total Time": 208.242,
                                            "Actual Rows": 612,
                                            "Actual Loops": 1
                                        }
                                    ],
                                    "Plans": [
                                        {
                                            "Node Type": "Nested Loop",
                                            "Parent Relationship": "Outer",
                                            "Parallel Aware": false,
                                            "Join Type": "Inner",
                                            "Startup Cost": 3241.66,
                                            "Total Cost": 61461.77,
                                            "Plan Rows": 1,
                                            "Plan Width": 35,
                                            "Actual Startup Time": 213.111,
                                            "Actual Total Time": 215.359,
                                            "Actual Rows": 122,
                                            "Actual Loops": 5,
                                            "Output": [
                                                "mc.company_type_id",
                                                "mk.keyword_id",
                                                "t.title",
                                                "kt.kind"
                                            ],
                                            "Inner Unique": true,
                                            "Workers": [
                                                {
                                                    "Worker Number": 0,
                                                    "Actual Startup Time": 214.241,
                                                    "Actual Total Time": 214.253,
                                                    "Actual Rows": 0,
                                                    "Actual Loops": 1
                                                },
                                                {
                                                    "Worker Number": 1,
                                                    "Actual Startup Time": 214.29,
                                                    "Actual Total Time": 214.301,
                                                    "Actual Rows": 0,
                                                    "Actual Loops": 1
                                                },
                                                {
                                                    "Worker Number": 2,
                                                    "Actual Startup Time": 214.31,
                                                    "Actual Total Time": 214.327,
                                                    "Actual Rows": 0,
                                                    "Actual Loops": 1
                                                },
                                                {
                                                    "Worker Number": 3,
                                                    "Actual Startup Time": 194.601,
                                                    "Actual Total Time": 205.785,
                                                    "Actual Rows": 612,
                                                    "Actual Loops": 1
                                                }
                                            ],
                                            "Plans": [
                                                {
                                                    "Node Type": "Nested Loop",
                                                    "Parent Relationship": "Outer",
                                                    "Parallel Aware": false,
                                                    "Join Type": "Inner",
                                                    "Startup Cost": 3241.23,
                                                    "Total Cost": 61457.33,
                                                    "Plan Rows": 1,
                                                    "Plan Width": 39,
                                                    "Actual Startup Time": 213.096,
                                                    "Actual Total Time": 214.459,
                                                    "Actual Rows": 122,
                                                    "Actual Loops": 5,
                                                    "Output": [
                                                        "mc.company_id",
                                                        "mc.company_type_id",
                                                        "mk.keyword_id",
                                                        "t.title",
                                                        "kt.kind"
                                                    ],
                                                    "Inner Unique": false,
                                                    "Join Filter": "(t.id = mc.movie_id)",
                                                    "Rows Removed by Join Filter": 0,
                                                    "Workers": [
                                                        {
                                                            "Worker Number": 0,
                                                            "Actual Startup Time": 214.241,
                                                            "Actual Total Time": 214.252,
                                                            "Actual Rows": 0,
                                                            "Actual Loops": 1
                                                        },
                                                        {
                                                            "Worker Number": 1,
                                                            "Actual Startup Time": 214.29,
                                                            "Actual Total Time": 214.299,
                                                            "Actual Rows": 0,
                                                            "Actual Loops": 1
                                                        },
                                                        {
                                                            "Worker Number": 2,
                                                            "Actual Startup Time": 214.31,
                                                            "Actual Total Time": 214.326,
                                                            "Actual Rows": 0,
                                                            "Actual Loops": 1
                                                        },
                                                        {
                                                            "Worker Number": 3,
                                                            "Actual Startup Time": 194.529,
                                                            "Actual Total Time": 201.29,
                                                            "Actual Rows": 612,
                                                            "Actual Loops": 1
                                                        }
                                                    ],
                                                    "Plans": [
                                                        {
                                                            "Node Type": "Nested Loop",
                                                            "Parent Relationship": "Outer",
                                                            "Parallel Aware": false,
                                                            "Join Type": "Inner",
                                                            "Startup Cost": 3240.75,
                                                            "Total Cost": 61452.73,
                                                            "Plan Rows": 1,
                                                            "Plan Width": 47,
                                                            "Actual Startup Time": 213.078,
                                                            "Actual Total Time": 213.532,
                                                            "Actual Rows": 122,
                                                            "Actual Loops": 5,
                                                            "Output": [
                                                                "cc.movie_id",
                                                                "mi.movie_id",
                                                                "mk.movie_id",
                                                                "mk.keyword_id",
                                                                "t.title",
                                                                "t.id",
                                                                "kt.kind"
                                                            ],
                                                            "Inner Unique": false,
                                                            "Workers": [
                                                                {
                                                                    "Worker Number": 0,
                                                                    "Actual Startup Time": 214.239,
                                                                    "Actual Total Time": 214.249,
                                                                    "Actual Rows": 0,
                                                                    "Actual Loops": 1
                                                                },
                                                                {
                                                                    "Worker Number": 1,
                                                                    "Actual Startup Time": 214.289,
                                                                    "Actual Total Time": 214.298,
                                                                    "Actual Rows": 0,
                                                                    "Actual Loops": 1
                                                                },
                                                                {
                                                                    "Worker Number": 2,
                                                                    "Actual Startup Time": 214.309,
                                                                    "Actual Total Time": 214.323,
                                                                    "Actual Rows": 0,
                                                                    "Actual Loops": 1
                                                                },
                                                                {
                                                                    "Worker Number": 3,
                                                                    "Actual Startup Time": 194.443,
                                                                    "Actual Total Time": 196.664,
                                                                    "Actual Rows": 612,
                                                                    "Actual Loops": 1
                                                                }
                                                            ],
                                                            "Plans": [
                                                                {
                                                                    "Node Type": "Hash Join",
                                                                    "Parent Relationship": "Outer",
                                                                    "Parallel Aware": false,
                                                                    "Join Type": "Inner",
                                                                    "Startup Cost": 3239.89,
                                                                    "Total Cost": 61446.83,
                                                                    "Plan Rows": 1,
                                                                    "Plan Width": 39,
                                                                    "Actual Startup Time": 213.052,
                                                                    "Actual Total Time": 213.435,
                                                                    "Actual Rows": 1,
                                                                    "Actual Loops": 5,
                                                                    "Output": [
                                                                        "cc.movie_id",
                                                                        "mi.movie_id",
                                                                        "t.title",
                                                                        "t.id",
                                                                        "kt.kind"
                                                                    ],
                                                                    "Inner Unique": true,
                                                                    "Hash Cond": "(mi.info_type_id = it1.id)",
                                                                    "Workers": [
                                                                        {
                                                                            "Worker Number": 0,
                                                                            "Actual Startup Time": 214.238,
                                                                            "Actual Total Time": 214.246,
                                                                            "Actual Rows": 0,
                                                                            "Actual Loops": 1
                                                                        },
                                                                        {
                                                                            "Worker Number": 1,
                                                                            "Actual Startup Time": 214.288,
                                                                            "Actual Total Time": 214.296,
                                                                            "Actual Rows": 0,
                                                                            "Actual Loops": 1
                                                                        },
                                                                        {
                                                                            "Worker Number": 2,
                                                                            "Actual Startup Time": 214.308,
                                                                            "Actual Total Time": 214.32,
                                                                            "Actual Rows": 0,
                                                                            "Actual Loops": 1
                                                                        },
                                                                        {
                                                                            "Worker Number": 3,
                                                                            "Actual Startup Time": 194.318,
                                                                            "Actual Total Time": 196.191,
                                                                            "Actual Rows": 4,
                                                                            "Actual Loops": 1
                                                                        }
                                                                    ],
                                                                    "Plans": [
                                                                        {
                                                                            "Node Type": "Nested Loop",
                                                                            "Parent Relationship": "Outer",
                                                                            "Parallel Aware": false,
                                                                            "Join Type": "Inner",
                                                                            "Startup Cost": 3237.47,
                                                                            "Total Cost": 61444.4,
                                                                            "Plan Rows": 2,
                                                                            "Plan Width": 43,
                                                                            "Actual Startup Time": 212.286,
                                                                            "Actual Total Time": 212.666,
                                                                            "Actual Rows": 1,
                                                                            "Actual Loops": 5,
                                                                            "Output": [
                                                                                "cc.movie_id",
                                                                                "mi.movie_id",
                                                                                "mi.info_type_id",
                                                                                "t.title",
                                                                                "t.id",
                                                                                "kt.kind"
                                                                            ],
                                                                            "Inner Unique": false,
                                                                            "Workers": [
                                                                                {
                                                                                    "Worker Number": 0,
                                                                                    "Actual Startup Time": 213.272,
                                                                                    "Actual Total Time": 213.279,
                                                                                    "Actual Rows": 0,
                                                                                    "Actual Loops": 1
                                                                                },
                                                                                {
                                                                                    "Worker Number": 1,
                                                                                    "Actual Startup Time": 213.282,
                                                                                    "Actual Total Time": 213.288,
                                                                                    "Actual Rows": 0,
                                                                                    "Actual Loops": 1
                                                                                },
                                                                                {
                                                                                    "Worker Number": 2,
                                                                                    "Actual Startup Time": 213.282,
                                                                                    "Actual Total Time": 213.292,
                                                                                    "Actual Rows": 0,
                                                                                    "Actual Loops": 1
                                                                                },
                                                                                {
                                                                                    "Worker Number": 3,
                                                                                    "Actual Startup Time": 193.703,
                                                                                    "Actual Total Time": 195.57,
                                                                                    "Actual Rows": 4,
                                                                                    "Actual Loops": 1
                                                                                }
                                                                            ],
                                                                            "Plans": [
                                                                                {
                                                                                    "Node Type": "Hash Join",
                                                                                    "Parent Relationship": "Outer",
                                                                                    "Parallel Aware": false,
                                                                                    "Join Type": "Inner",
                                                                                    "Startup Cost": 3236.54,
                                                                                    "Total Cost": 48313.68,
                                                                                    "Plan Rows": 2282,
                                                                                    "Plan Width": 35,
                                                                                    "Actual Startup Time": 142.658,
                                                                                    "Actual Total Time": 187.77,
                                                                                    "Actual Rows": 123,
                                                                                    "Actual Loops": 5,
                                                                                    "Output": [
                                                                                        "cc.movie_id",
                                                                                        "t.title",
                                                                                        "t.id",
                                                                                        "kt.kind"
                                                                                    ],
                                                                                    "Inner Unique": true,
                                                                                    "Hash Cond": "(t.kind_id = kt.id)",
                                                                                    "Workers": [
                                                                                        {
                                                                                            "Worker Number": 0,
                                                                                            "Actual Startup Time": 139.617,
                                                                                            "Actual Total Time": 186.298,
                                                                                            "Actual Rows": 121,
                                                                                            "Actual Loops": 1
                                                                                        },
                                                                                        {
                                                                                            "Worker Number": 1,
                                                                                            "Actual Startup Time": 139.069,
                                                                                            "Actual Total Time": 186.998,
                                                                                            "Actual Rows": 173,
                                                                                            "Actual Loops": 1
                                                                                        },
                                                                                        {
                                                                                            "Worker Number": 2,
                                                                                            "Actual Startup Time": 140.794,
                                                                                            "Actual Total Time": 187.573,
                                                                                            "Actual Rows": 116,
                                                                                            "Actual Loops": 1
                                                                                        },
                                                                                        {
                                                                                            "Worker Number": 3,
                                                                                            "Actual Startup Time": 140.111,
                                                                                            "Actual Total Time": 175.779,
                                                                                            "Actual Rows": 89,
                                                                                            "Actual Loops": 1
                                                                                        }
                                                                                    ],
                                                                                    "Plans": [
                                                                                        {
                                                                                            "Node Type": "Hash Join",
                                                                                            "Parent Relationship": "Outer",
                                                                                            "Parallel Aware": false,
                                                                                            "Join Type": "Inner",
                                                                                            "Startup Cost": 3235.39,
                                                                                            "Total Cost": 48295.7,
                                                                                            "Plan Rows": 3993,
                                                                                            "Plan Width": 29,
                                                                                            "Actual Startup Time": 46.526,
                                                                                            "Actual Total Time": 187.577,
                                                                                            "Actual Rows": 295,
                                                                                            "Actual Loops": 5,
                                                                                            "Output": [
                                                                                                "cc.movie_id",
                                                                                                "t.title",
                                                                                                "t.kind_id",
                                                                                                "t.id"
                                                                                            ],
                                                                                            "Inner Unique": false,
                                                                                            "Hash Cond": "(t.id = cc.movie_id)",
                                                                                            "Workers": [
                                                                                                {
                                                                                                    "Worker Number": 0,
                                                                                                    "Actual Startup Time": 46.078,
                                                                                                    "Actual Total Time": 186.096,
                                                                                                    "Actual Rows": 272,
                                                                                                    "Actual Loops": 1
                                                                                                },
                                                                                                {
                                                                                                    "Worker Number": 1,
                                                                                                    "Actual Startup Time": 40.452,
                                                                                                    "Actual Total Time": 186.808,
                                                                                                    "Actual Rows": 397,
                                                                                                    "Actual Loops": 1
                                                                                                },
                                                                                                {
                                                                                                    "Worker Number": 2,
                                                                                                    "Actual Startup Time": 46.177,
                                                                                                    "Actual Total Time": 187.373,
                                                                                                    "Actual Rows": 290,
                                                                                                    "Actual Loops": 1
                                                                                                },
                                                                                                {
                                                                                                    "Worker Number": 3,
                                                                                                    "Actual Startup Time": 47.897,
                                                                                                    "Actual Total Time": 175.603,
                                                                                                    "Actual Rows": 231,
                                                                                                    "Actual Loops": 1
                                                                                                }
                                                                                            ],
                                                                                            "Plans": [
                                                                                                {
                                                                                                    "Node Type": "Seq Scan",
                                                                                                    "Parent Relationship": "Outer",
                                                                                                    "Parallel Aware": true,
                                                                                                    "Relation Name": "title",
                                                                                                    "Schema": "public",
                                                                                                    "Alias": "t",
                                                                                                    "Startup Cost": 0.0,
                                                                                                    "Total Cost": 43899.32,
                                                                                                    "Plan Rows": 298950,
                                                                                                    "Plan Width": 25,
                                                                                                    "Actual Startup Time": 0.053,
                                                                                                    "Actual Total Time": 103.589,
                                                                                                    "Actual Rows": 238504,
                                                                                                    "Actual Loops": 5,
                                                                                                    "Output": [
                                                                                                        "t.id",
                                                                                                        "t.title",
                                                                                                        "t.imdb_index",
                                                                                                        "t.kind_id",
                                                                                                        "t.production_year",
                                                                                                        "t.imdb_id",
                                                                                                        "t.phonetic_code",
                                                                                                        "t.episode_of_id",
                                                                                                        "t.season_nr",
                                                                                                        "t.episode_nr",
                                                                                                        "t.series_years",
                                                                                                        "t.md5sum"
                                                                                                    ],
                                                                                                    "Filter": "(t.production_year > 2003)",
                                                                                                    "Rows Removed by Filter": 267159,
                                                                                                    "Workers": [
                                                                                                        {
                                                                                                            "Worker Number": 0,
                                                                                                            "Actual Startup Time": 0.055,
                                                                                                            "Actual Total Time": 101.809,
                                                                                                            "Actual Rows": 212317,
                                                                                                            "Actual Loops": 1
                                                                                                        },
                                                                                                        {
                                                                                                            "Worker Number": 1,
                                                                                                            "Actual Startup Time": 0.063,
                                                                                                            "Actual Total Time": 107.923,
                                                                                                            "Actual Rows": 337801,
                                                                                                            "Actual Loops": 1
                                                                                                        },
                                                                                                        {
                                                                                                            "Worker Number": 2,
                                                                                                            "Actual Startup Time": 0.061,
                                                                                                            "Actual Total Time": 102.488,
                                                                                                            "Actual Rows": 212917,
                                                                                                            "Actual Loops": 1
                                                                                                        },
                                                                                                        {
                                                                                                            "Worker Number": 3,
                                                                                                            "Actual Startup Time": 0.055,
                                                                                                            "Actual Total Time": 94.365,
                                                                                                            "Actual Rows": 196551,
                                                                                                            "Actual Loops": 1
                                                                                                        }
                                                                                                    ]
                                                                                                },
                                                                                                {
                                                                                                    "Node Type": "Hash",
                                                                                                    "Parent Relationship": "Inner",
                                                                                                    "Parallel Aware": false,
                                                                                                    "Startup Cost": 2813.24,
                                                                                                    "Total Cost": 2813.24,
                                                                                                    "Plan Rows": 33772,
                                                                                                    "Plan Width": 4,
                                                                                                    "Actual Startup Time": 44.997,
                                                                                                    "Actual Total Time": 45.001,
                                                                                                    "Actual Rows": 24592,
                                                                                                    "Actual Loops": 5,
                                                                                                    "Output": [
                                                                                                        "cc.movie_id"
                                                                                                    ],
                                                                                                    "Hash Buckets": 65536,
                                                                                                    "Original Hash Buckets": 65536,
                                                                                                    "Hash Batches": 1,
                                                                                                    "Original Hash Batches": 1,
                                                                                                    "Peak Memory Usage": 1377,
                                                                                                    "Workers": [
                                                                                                        {
                                                                                                            "Worker Number": 0,
                                                                                                            "Actual Startup Time": 44.954,
                                                                                                            "Actual Total Time": 44.958,
                                                                                                            "Actual Rows": 24592,
                                                                                                            "Actual Loops": 1
                                                                                                        },
                                                                                                        {
                                                                                                            "Worker Number": 1,
                                                                                                            "Actual Startup Time": 39.115,
                                                                                                            "Actual Total Time": 39.119,
                                                                                                            "Actual Rows": 24592,
                                                                                                            "Actual Loops": 1
                                                                                                        },
                                                                                                        {
                                                                                                            "Worker Number": 2,
                                                                                                            "Actual Startup Time": 45.004,
                                                                                                            "Actual Total Time": 45.011,
                                                                                                            "Actual Rows": 24592,
                                                                                                            "Actual Loops": 1
                                                                                                        },
                                                                                                        {
                                                                                                            "Worker Number": 3,
                                                                                                            "Actual Startup Time": 44.984,
                                                                                                            "Actual Total Time": 44.987,
                                                                                                            "Actual Rows": 24592,
                                                                                                            "Actual Loops": 1
                                                                                                        }
                                                                                                    ],
                                                                                                    "Plans": [
                                                                                                        {
                                                                                                            "Node Type": "Hash Join",
                                                                                                            "Parent Relationship": "Outer",
                                                                                                            "Parallel Aware": false,
                                                                                                            "Join Type": "Inner",
                                                                                                            "Startup Cost": 1.06,
                                                                                                            "Total Cost": 2813.24,
                                                                                                            "Plan Rows": 33772,
                                                                                                            "Plan Width": 4,
                                                                                                            "Actual Startup Time": 0.202,
                                                                                                            "Actual Total Time": 38.34,
                                                                                                            "Actual Rows": 24592,
                                                                                                            "Actual Loops": 5,
                                                                                                            "Output": [
                                                                                                                "cc.movie_id"
                                                                                                            ],
                                                                                                            "Inner Unique": true,
                                                                                                            "Hash Cond": "(cc.status_id = cct1.id)",
                                                                                                            "Workers": [
                                                                                                                {
                                                                                                                    "Worker Number": 0,
                                                                                                                    "Actual Startup Time": 0.203,
                                                                                                                    "Actual Total Time": 38.14,
                                                                                                                    "Actual Rows": 24592,
                                                                                                                    "Actual Loops": 1
                                                                                                                },
                                                                                                                {
                                                                                                                    "Worker Number": 1,
                                                                                                                    "Actual Startup Time": 0.198,
                                                                                                                    "Actual Total Time": 33.15,
                                                                                                                    "Actual Rows": 24592,
                                                                                                                    "Actual Loops": 1
                                                                                                                },
                                                                                                                {
                                                                                                                    "Worker Number": 2,
                                                                                                                    "Actual Startup Time": 0.199,
                                                                                                                    "Actual Total Time": 38.361,
                                                                                                                    "Actual Rows": 24592,
                                                                                                                    "Actual Loops": 1
                                                                                                                },
                                                                                                                {
                                                                                                                    "Worker Number": 3,
                                                                                                                    "Actual Startup Time": 0.219,
                                                                                                                    "Actual Total Time": 38.465,
                                                                                                                    "Actual Rows": 24592,
                                                                                                                    "Actual Loops": 1
                                                                                                                }
                                                                                                            ],
                                                                                                            "Plans": [
                                                                                                                {
                                                                                                                    "Node Type": "Seq Scan",
                                                                                                                    "Parent Relationship": "Outer",
                                                                                                                    "Parallel Aware": false,
                                                                                                                    "Relation Name": "complete_cast",
                                                                                                                    "Schema": "public",
                                                                                                                    "Alias": "cc",
                                                                                                                    "Startup Cost": 0.0,
                                                                                                                    "Total Cost": 2081.86,
                                                                                                                    "Plan Rows": 135086,
                                                                                                                    "Plan Width": 8,
                                                                                                                    "Actual Startup Time": 0.054,
                                                                                                                    "Actual Total Time": 18.254,
                                                                                                                    "Actual Rows": 135086,
                                                                                                                    "Actual Loops": 5,
                                                                                                                    "Output": [
                                                                                                                        "cc.id",
                                                                                                                        "cc.movie_id",
                                                                                                                        "cc.subject_id",
                                                                                                                        "cc.status_id"
                                                                                                                    ],
                                                                                                                    "Workers": [
                                                                                                                        {
                                                                                                                            "Worker Number": 0,
                                                                                                                            "Actual Startup Time": 0.058,
                                                                                                                            "Actual Total Time": 17.911,
                                                                                                                            "Actual Rows": 135086,
                                                                                                                            "Actual Loops": 1
                                                                                                                        },
                                                                                                                        {
                                                                                                                            "Worker Number": 1,
                                                                                                                            "Actual Startup Time": 0.057,
                                                                                                                            "Actual Total Time": 15.968,
                                                                                                                            "Actual Rows": 135086,
                                                                                                                            "Actual Loops": 1
                                                                                                                        },
                                                                                                                        {
                                                                                                                            "Worker Number": 2,
                                                                                                                            "Actual Startup Time": 0.057,
                                                                                                                            "Actual Total Time": 18.007,
                                                                                                                            "Actual Rows": 135086,
                                                                                                                            "Actual Loops": 1
                                                                                                                        },
                                                                                                                        {
                                                                                                                            "Worker Number": 3,
                                                                                                                            "Actual Startup Time": 0.066,
                                                                                                                            "Actual Total Time": 18.35,
                                                                                                                            "Actual Rows": 135086,
                                                                                                                            "Actual Loops": 1
                                                                                                                        }
                                                                                                                    ]
                                                                                                                },
                                                                                                                {
                                                                                                                    "Node Type": "Hash",
                                                                                                                    "Parent Relationship": "Inner",
                                                                                                                    "Parallel Aware": false,
                                                                                                                    "Startup Cost": 1.05,
                                                                                                                    "Total Cost": 1.05,
                                                                                                                    "Plan Rows": 1,
                                                                                                                    "Plan Width": 4,
                                                                                                                    "Actual Startup Time": 0.071,
                                                                                                                    "Actual Total Time": 0.073,
                                                                                                                    "Actual Rows": 1,
                                                                                                                    "Actual Loops": 5,
                                                                                                                    "Output": [
                                                                                                                        "cct1.id"
                                                                                                                    ],
                                                                                                                    "Hash Buckets": 1024,
                                                                                                                    "Original Hash Buckets": 1024,
                                                                                                                    "Hash Batches": 1,
                                                                                                                    "Original Hash Batches": 1,
                                                                                                                    "Peak Memory Usage": 9,
                                                                                                                    "Workers": [
                                                                                                                        {
                                                                                                                            "Worker Number": 0,
                                                                                                                            "Actual Startup Time": 0.081,
                                                                                                                            "Actual Total Time": 0.082,
                                                                                                                            "Actual Rows": 1,
                                                                                                                            "Actual Loops": 1
                                                                                                                        },
                                                                                                                        {
                                                                                                                            "Worker Number": 1,
                                                                                                                            "Actual Startup Time": 0.077,
                                                                                                                            "Actual Total Time": 0.079,
                                                                                                                            "Actual Rows": 1,
                                                                                                                            "Actual Loops": 1
                                                                                                                        },
                                                                                                                        {
                                                                                                                            "Worker Number": 2,
                                                                                                                            "Actual Startup Time": 0.077,
                                                                                                                            "Actual Total Time": 0.082,
                                                                                                                            "Actual Rows": 1,
                                                                                                                            "Actual Loops": 1
                                                                                                                        },
                                                                                                                        {
                                                                                                                            "Worker Number": 3,
                                                                                                                            "Actual Startup Time": 0.084,
                                                                                                                            "Actual Total Time": 0.085,
                                                                                                                            "Actual Rows": 1,
                                                                                                                            "Actual Loops": 1
                                                                                                                        }
                                                                                                                    ],
                                                                                                                    "Plans": [
                                                                                                                        {
                                                                                                                            "Node Type": "Seq Scan",
                                                                                                                            "Parent Relationship": "Outer",
                                                                                                                            "Parallel Aware": false,
                                                                                                                            "Relation Name": "comp_cast_type",
                                                                                                                            "Schema": "public",
                                                                                                                            "Alias": "cct1",
                                                                                                                            "Startup Cost": 0.0,
                                                                                                                            "Total Cost": 1.05,
                                                                                                                            "Plan Rows": 1,
                                                                                                                            "Plan Width": 4,
                                                                                                                            "Actual Startup Time": 0.06,
                                                                                                                            "Actual Total Time": 0.062,
                                                                                                                            "Actual Rows": 1,
                                                                                                                            "Actual Loops": 5,
                                                                                                                            "Output": [
                                                                                                                                "cct1.id"
                                                                                                                            ],
                                                                                                                            "Filter": "((cct1.kind)::text = 'complete+verified'::text)",
                                                                                                                            "Rows Removed by Filter": 3,
                                                                                                                            "Workers": [
                                                                                                                                {
                                                                                                                                    "Worker Number": 0,
                                                                                                                                    "Actual Startup Time": 0.071,
                                                                                                                                    "Actual Total Time": 0.072,
                                                                                                                                    "Actual Rows": 1,
                                                                                                                                    "Actual Loops": 1
                                                                                                                                },
                                                                                                                                {
                                                                                                                                    "Worker Number": 1,
                                                                                                                                    "Actual Startup Time": 0.067,
                                                                                                                                    "Actual Total Time": 0.068,
                                                                                                                                    "Actual Rows": 1,
                                                                                                                                    "Actual Loops": 1
                                                                                                                                },
                                                                                                                                {
                                                                                                                                    "Worker Number": 2,
                                                                                                                                    "Actual Startup Time": 0.068,
                                                                                                                                    "Actual Total Time": 0.069,
                                                                                                                                    "Actual Rows": 1,
                                                                                                                                    "Actual Loops": 1
                                                                                                                                },
                                                                                                                                {
                                                                                                                                    "Worker Number": 3,
                                                                                                                                    "Actual Startup Time": 0.073,
                                                                                                                                    "Actual Total Time": 0.074,
                                                                                                                                    "Actual Rows": 1,
                                                                                                                                    "Actual Loops": 1
                                                                                                                                }
                                                                                                                            ]
                                                                                                                        }
                                                                                                                    ]
                                                                                                                }
                                                                                                            ]
                                                                                                        }
                                                                                                    ]
                                                                                                }
                                                                                            ]
                                                                                        },
                                                                                        {
                                                                                            "Node Type": "Hash",
                                                                                            "Parent Relationship": "Inner",
                                                                                            "Parallel Aware": false,
                                                                                            "Startup Cost": 1.1,
                                                                                            "Total Cost": 1.1,
                                                                                            "Plan Rows": 4,
                                                                                            "Plan Width": 14,
                                                                                            "Actual Startup Time": 0.055,
                                                                                            "Actual Total Time": 0.056,
                                                                                            "Actual Rows": 4,
                                                                                            "Actual Loops": 5,
                                                                                            "Output": [
                                                                                                "kt.kind",
                                                                                                "kt.id"
                                                                                            ],
                                                                                            "Hash Buckets": 1024,
                                                                                            "Original Hash Buckets": 1024,
                                                                                            "Hash Batches": 1,
                                                                                            "Original Hash Batches": 1,
                                                                                            "Peak Memory Usage": 9,
                                                                                            "Workers": [
                                                                                                {
                                                                                                    "Worker Number": 0,
                                                                                                    "Actual Startup Time": 0.061,
                                                                                                    "Actual Total Time": 0.062,
                                                                                                    "Actual Rows": 4,
                                                                                                    "Actual Loops": 1
                                                                                                },
                                                                                                {
                                                                                                    "Worker Number": 1,
                                                                                                    "Actual Startup Time": 0.056,
                                                                                                    "Actual Total Time": 0.057,
                                                                                                    "Actual Rows": 4,
                                                                                                    "Actual Loops": 1
                                                                                                },
                                                                                                {
                                                                                                    "Worker Number": 2,
                                                                                                    "Actual Startup Time": 0.06,
                                                                                                    "Actual Total Time": 0.061,
                                                                                                    "Actual Rows": 4,
                                                                                                    "Actual Loops": 1
                                                                                                },
                                                                                                {
                                                                                                    "Worker Number": 3,
                                                                                                    "Actual Startup Time": 0.058,
                                                                                                    "Actual Total Time": 0.059,
                                                                                                    "Actual Rows": 4,
                                                                                                    "Actual Loops": 1
                                                                                                }
                                                                                            ],
                                                                                            "Plans": [
                                                                                                {
                                                                                                    "Node Type": "Seq Scan",
                                                                                                    "Parent Relationship": "Outer",
                                                                                                    "Parallel Aware": false,
                                                                                                    "Relation Name": "kind_type",
                                                                                                    "Schema": "public",
                                                                                                    "Alias": "kt",
                                                                                                    "Startup Cost": 0.0,
                                                                                                    "Total Cost": 1.1,
                                                                                                    "Plan Rows": 4,
                                                                                                    "Plan Width": 14,
                                                                                                    "Actual Startup Time": 0.038,
                                                                                                    "Actual Total Time": 0.043,
                                                                                                    "Actual Rows": 4,
                                                                                                    "Actual Loops": 5,
                                                                                                    "Output": [
                                                                                                        "kt.kind",
                                                                                                        "kt.id"
                                                                                                    ],
                                                                                                    "Filter": "((kt.kind)::text = ANY ('{movie,\"tv movie\",\"video movie\",\"video game\"}'::text[]))",
                                                                                                    "Rows Removed by Filter": 3,
                                                                                                    "Workers": [
                                                                                                        {
                                                                                                            "Worker Number": 0,
                                                                                                            "Actual Startup Time": 0.044,
                                                                                                            "Actual Total Time": 0.05,
                                                                                                            "Actual Rows": 4,
                                                                                                            "Actual Loops": 1
                                                                                                        },
                                                                                                        {
                                                                                                            "Worker Number": 1,
                                                                                                            "Actual Startup Time": 0.039,
                                                                                                            "Actual Total Time": 0.044,
                                                                                                            "Actual Rows": 4,
                                                                                                            "Actual Loops": 1
                                                                                                        },
                                                                                                        {
                                                                                                            "Worker Number": 2,
                                                                                                            "Actual Startup Time": 0.044,
                                                                                                            "Actual Total Time": 0.049,
                                                                                                            "Actual Rows": 4,
                                                                                                            "Actual Loops": 1
                                                                                                        },
                                                                                                        {
                                                                                                            "Worker Number": 3,
                                                                                                            "Actual Startup Time": 0.041,
                                                                                                            "Actual Total Time": 0.047,
                                                                                                            "Actual Rows": 4,
                                                                                                            "Actual Loops": 1
                                                                                                        }
                                                                                                    ]
                                                                                                }
                                                                                            ]
                                                                                        }
                                                                                    ]
                                                                                },
                                                                                {
                                                                                    "Node Type": "Bitmap Heap Scan",
                                                                                    "Parent Relationship": "Inner",
                                                                                    "Parallel Aware": false,
                                                                                    "Relation Name": "movie_info",
                                                                                    "Schema": "public",
                                                                                    "Alias": "mi",
                                                                                    "Startup Cost": 0.92,
                                                                                    "Total Cost": 5.74,
                                                                                    "Plan Rows": 1,
                                                                                    "Plan Width": 8,
                                                                                    "Actual Startup Time": 0.199,
                                                                                    "Actual Total Time": 0.199,
                                                                                    "Actual Rows": 0,
                                                                                    "Actual Loops": 616,
                                                                                    "Output": [
                                                                                        "mi.id",
                                                                                        "mi.movie_id",
                                                                                        "mi.info_type_id",
                                                                                        "mi.info",
                                                                                        "mi.note"
                                                                                    ],
                                                                                    "Recheck Cond": "(mi.movie_id = t.id)",
                                                                                    "Rows Removed by Index Recheck": 0,
                                                                                    "Filter": "((mi.info IS NOT NULL) AND (mi.note ~~ '%internet%'::text) AND ((mi.info ~~ 'USA:% 199%'::text) OR (mi.info ~~ 'USA:% 200%'::text)))",
                                                                                    "Rows Removed by Filter": 193,
                                                                                    "Exact Heap Blocks": 2532,
                                                                                    "Lossy Heap Blocks": 0,
                                                                                    "Workers": [
                                                                                        {
                                                                                            "Worker Number": 0,
                                                                                            "Actual Startup Time": 0.219,
                                                                                            "Actual Total Time": 0.219,
                                                                                            "Actual Rows": 0,
                                                                                            "Actual Loops": 121
                                                                                        },
                                                                                        {
                                                                                            "Worker Number": 1,
                                                                                            "Actual Startup Time": 0.15,
                                                                                            "Actual Total Time": 0.15,
                                                                                            "Actual Rows": 0,
                                                                                            "Actual Loops": 173
                                                                                        },
                                                                                        {
                                                                                            "Worker Number": 2,
                                                                                            "Actual Startup Time": 0.218,
                                                                                            "Actual Total Time": 0.218,
                                                                                            "Actual Rows": 0,
                                                                                            "Actual Loops": 116
                                                                                        },
                                                                                        {
                                                                                            "Worker Number": 3,
                                                                                            "Actual Startup Time": 0.217,
                                                                                            "Actual Total Time": 0.219,
                                                                                            "Actual Rows": 0,
                                                                                            "Actual Loops": 89
                                                                                        }
                                                                                    ],
                                                                                    "Plans": [
                                                                                        {
                                                                                            "Node Type": "Bitmap Index Scan",
                                                                                            "Parent Relationship": "Outer",
                                                                                            "Parallel Aware": false,
                                                                                            "Index Name": "movie_id_movie_info",
                                                                                            "Startup Cost": 0.0,
                                                                                            "Total Cost": 0.92,
                                                                                            "Plan Rows": 41,
                                                                                            "Plan Width": 0,
                                                                                            "Actual Startup Time": 0.034,
                                                                                            "Actual Total Time": 0.034,
                                                                                            "Actual Rows": 193,
                                                                                            "Actual Loops": 616,
                                                                                            "Index Cond": "(mi.movie_id = t.id)",
                                                                                            "Workers": [
                                                                                                {
                                                                                                    "Worker Number": 0,
                                                                                                    "Actual Startup Time": 0.036,
                                                                                                    "Actual Total Time": 0.036,
                                                                                                    "Actual Rows": 225,
                                                                                                    "Actual Loops": 121
                                                                                                },
                                                                                                {
                                                                                                    "Worker Number": 1,
                                                                                                    "Actual Startup Time": 0.026,
                                                                                                    "Actual Total Time": 0.026,
                                                                                                    "Actual Rows": 172,
                                                                                                    "Actual Loops": 173
                                                                                                },
                                                                                                {
                                                                                                    "Worker Number": 2,
                                                                                                    "Actual Startup Time": 0.038,
                                                                                                    "Actual Total Time": 0.038,
                                                                                                    "Actual Rows": 196,
                                                                                                    "Actual Loops": 116
                                                                                                },
                                                                                                {
                                                                                                    "Worker Number": 3,
                                                                                                    "Actual Startup Time": 0.038,
                                                                                                    "Actual Total Time": 0.038,
                                                                                                    "Actual Rows": 178,
                                                                                                    "Actual Loops": 89
                                                                                                }
                                                                                            ]
                                                                                        }
                                                                                    ]
                                                                                }
                                                                            ]
                                                                        },
                                                                        {
                                                                            "Node Type": "Hash",
                                                                            "Parent Relationship": "Inner",
                                                                            "Parallel Aware": false,
                                                                            "Startup Cost": 2.41,
                                                                            "Total Cost": 2.41,
                                                                            "Plan Rows": 1,
                                                                            "Plan Width": 4,
                                                                            "Actual Startup Time": 0.095,
                                                                            "Actual Total Time": 0.096,
                                                                            "Actual Rows": 1,
                                                                            "Actual Loops": 5,
                                                                            "Output": [
                                                                                "it1.id"
                                                                            ],
                                                                            "Hash Buckets": 1024,
                                                                            "Original Hash Buckets": 1024,
                                                                            "Hash Batches": 1,
                                                                            "Original Hash Batches": 1,
                                                                            "Peak Memory Usage": 9,
                                                                            "Workers": [
                                                                                {
                                                                                    "Worker Number": 0,
                                                                                    "Actual Startup Time": 0.11,
                                                                                    "Actual Total Time": 0.11,
                                                                                    "Actual Rows": 1,
                                                                                    "Actual Loops": 1
                                                                                },
                                                                                {
                                                                                    "Worker Number": 1,
                                                                                    "Actual Startup Time": 0.098,
                                                                                    "Actual Total Time": 0.099,
                                                                                    "Actual Rows": 1,
                                                                                    "Actual Loops": 1
                                                                                },
                                                                                {
                                                                                    "Worker Number": 2,
                                                                                    "Actual Startup Time": 0.099,
                                                                                    "Actual Total Time": 0.099,
                                                                                    "Actual Rows": 1,
                                                                                    "Actual Loops": 1
                                                                                },
                                                                                {
                                                                                    "Worker Number": 3,
                                                                                    "Actual Startup Time": 0.09,
                                                                                    "Actual Total Time": 0.091,
                                                                                    "Actual Rows": 1,
                                                                                    "Actual Loops": 1
                                                                                }
                                                                            ],
                                                                            "Plans": [
                                                                                {
                                                                                    "Node Type": "Seq Scan",
                                                                                    "Parent Relationship": "Outer",
                                                                                    "Parallel Aware": false,
                                                                                    "Relation Name": "info_type",
                                                                                    "Schema": "public",
                                                                                    "Alias": "it1",
                                                                                    "Startup Cost": 0.0,
                                                                                    "Total Cost": 2.41,
                                                                                    "Plan Rows": 1,
                                                                                    "Plan Width": 4,
                                                                                    "Actual Startup Time": 0.057,
                                                                                    "Actual Total Time": 0.073,
                                                                                    "Actual Rows": 1,
                                                                                    "Actual Loops": 5,
                                                                                    "Output": [
                                                                                        "it1.id"
                                                                                    ],
                                                                                    "Filter": "((it1.info)::text = 'release dates'::text)",
                                                                                    "Rows Removed by Filter": 112,
                                                                                    "Workers": [
                                                                                        {
                                                                                            "Worker Number": 0,
                                                                                            "Actual Startup Time": 0.073,
                                                                                            "Actual Total Time": 0.088,
                                                                                            "Actual Rows": 1,
                                                                                            "Actual Loops": 1
                                                                                        },
                                                                                        {
                                                                                            "Worker Number": 1,
                                                                                            "Actual Startup Time": 0.062,
                                                                                            "Actual Total Time": 0.077,
                                                                                            "Actual Rows": 1,
                                                                                            "Actual Loops": 1
                                                                                        },
                                                                                        {
                                                                                            "Worker Number": 2,
                                                                                            "Actual Startup Time": 0.063,
                                                                                            "Actual Total Time": 0.077,
                                                                                            "Actual Rows": 1,
                                                                                            "Actual Loops": 1
                                                                                        },
                                                                                        {
                                                                                            "Worker Number": 3,
                                                                                            "Actual Startup Time": 0.053,
                                                                                            "Actual Total Time": 0.068,
                                                                                            "Actual Rows": 1,
                                                                                            "Actual Loops": 1
                                                                                        }
                                                                                    ]
                                                                                }
                                                                            ]
                                                                        }
                                                                    ]
                                                                },
                                                                {
                                                                    "Node Type": "Bitmap Heap Scan",
                                                                    "Parent Relationship": "Inner",
                                                                    "Parallel Aware": false,
                                                                    "Relation Name": "movie_keyword",
                                                                    "Schema": "public",
                                                                    "Alias": "mk",
                                                                    "Startup Cost": 0.86,
                                                                    "Total Cost": 5.43,
                                                                    "Plan Rows": 46,
                                                                    "Plan Width": 8,
                                                                    "Actual Startup Time": 0.041,
                                                                    "Actual Total Time": 0.071,
                                                                    "Actual Rows": 153,
                                                                    "Actual Loops": 4,
                                                                    "Output": [
                                                                        "mk.id",
                                                                        "mk.movie_id",
                                                                        "mk.keyword_id"
                                                                    ],
                                                                    "Recheck Cond": "(mk.movie_id = t.id)",
                                                                    "Rows Removed by Index Recheck": 0,
                                                                    "Exact Heap Blocks": 0,
                                                                    "Lossy Heap Blocks": 0,
                                                                    "Workers": [
                                                                        {
                                                                            "Worker Number": 3,
                                                                            "Actual Startup Time": 0.041,
                                                                            "Actual Total Time": 0.071,
                                                                            "Actual Rows": 153,
                                                                            "Actual Loops": 4
                                                                        }
                                                                    ],
                                                                    "Plans": [
                                                                        {
                                                                            "Node Type": "Bitmap Index Scan",
                                                                            "Parent Relationship": "Outer",
                                                                            "Parallel Aware": false,
                                                                            "Index Name": "movie_id_movie_keyword",
                                                                            "Startup Cost": 0.0,
                                                                            "Total Cost": 0.85,
                                                                            "Plan Rows": 46,
                                                                            "Plan Width": 0,
                                                                            "Actual Startup Time": 0.031,
                                                                            "Actual Total Time": 0.031,
                                                                            "Actual Rows": 153,
                                                                            "Actual Loops": 4,
                                                                            "Index Cond": "(mk.movie_id = t.id)",
                                                                            "Workers": [
                                                                                {
                                                                                    "Worker Number": 3,
                                                                                    "Actual Startup Time": 0.031,
                                                                                    "Actual Total Time": 0.031,
                                                                                    "Actual Rows": 153,
                                                                                    "Actual Loops": 4
                                                                                }
                                                                            ]
                                                                        }
                                                                    ]
                                                                }
                                                            ]
                                                        },
                                                        {
                                                            "Node Type": "Bitmap Heap Scan",
                                                            "Parent Relationship": "Inner",
                                                            "Parallel Aware": false,
                                                            "Relation Name": "movie_companies",
                                                            "Schema": "public",
                                                            "Alias": "mc",
                                                            "Startup Cost": 0.48,
                                                            "Total Cost": 4.54,
                                                            "Plan Rows": 5,
                                                            "Plan Width": 12,
                                                            "Actual Startup Time": 0.004,
                                                            "Actual Total Time": 0.005,
                                                            "Actual Rows": 1,
                                                            "Actual Loops": 612,
                                                            "Output": [
                                                                "mc.id",
                                                                "mc.movie_id",
                                                                "mc.company_id",
                                                                "mc.company_type_id",
                                                                "mc.note"
                                                            ],
                                                            "Recheck Cond": "(mc.movie_id = mk.movie_id)",
                                                            "Rows Removed by Index Recheck": 0,
                                                            "Exact Heap Blocks": 0,
                                                            "Lossy Heap Blocks": 0,
                                                            "Workers": [
                                                                {
                                                                    "Worker Number": 3,
                                                                    "Actual Startup Time": 0.004,
                                                                    "Actual Total Time": 0.005,
                                                                    "Actual Rows": 1,
                                                                    "Actual Loops": 612
                                                                }
                                                            ],
                                                            "Plans": [
                                                                {
                                                                    "Node Type": "Bitmap Index Scan",
                                                                    "Parent Relationship": "Outer",
                                                                    "Parallel Aware": false,
                                                                    "Index Name": "movie_id_movie_companies",
                                                                    "Startup Cost": 0.0,
                                                                    "Total Cost": 0.48,
                                                                    "Plan Rows": 5,
                                                                    "Plan Width": 0,
                                                                    "Actual Startup Time": 0.003,
                                                                    "Actual Total Time": 0.003,
                                                                    "Actual Rows": 1,
                                                                    "Actual Loops": 612,
                                                                    "Index Cond": "(mc.movie_id = mk.movie_id)",
                                                                    "Workers": [
                                                                        {
                                                                            "Worker Number": 3,
                                                                            "Actual Startup Time": 0.003,
                                                                            "Actual Total Time": 0.003,
                                                                            "Actual Rows": 1,
                                                                            "Actual Loops": 612
                                                                        }
                                                                    ]
                                                                }
                                                            ]
                                                        }
                                                    ]
                                                },
                                                {
                                                    "Node Type": "Bitmap Heap Scan",
                                                    "Parent Relationship": "Inner",
                                                    "Parallel Aware": false,
                                                    "Relation Name": "company_name",
                                                    "Schema": "public",
                                                    "Alias": "cn",
                                                    "Startup Cost": 0.43,
                                                    "Total Cost": 4.44,
                                                    "Plan Rows": 1,
                                                    "Plan Width": 4,
                                                    "Actual Startup Time": 0.005,
                                                    "Actual Total Time": 0.005,
                                                    "Actual Rows": 1,
                                                    "Actual Loops": 612,
                                                    "Output": [
                                                        "cn.id",
                                                        "cn.name",
                                                        "cn.country_code",
                                                        "cn.imdb_id",
                                                        "cn.name_pcode_nf",
                                                        "cn.name_pcode_sf",
                                                        "cn.md5sum"
                                                    ],
                                                    "Recheck Cond": "(cn.id = mc.company_id)",
                                                    "Rows Removed by Index Recheck": 0,
                                                    "Filter": "((cn.country_code)::text = '[us]'::text)",
                                                    "Rows Removed by Filter": 0,
                                                    "Exact Heap Blocks": 0,
                                                    "Lossy Heap Blocks": 0,
                                                    "Workers": [
                                                        {
                                                            "Worker Number": 3,
                                                            "Actual Startup Time": 0.005,
                                                            "Actual Total Time": 0.005,
                                                            "Actual Rows": 1,
                                                            "Actual Loops": 612
                                                        }
                                                    ],
                                                    "Plans": [
                                                        {
                                                            "Node Type": "Bitmap Index Scan",
                                                            "Parent Relationship": "Outer",
                                                            "Parallel Aware": false,
                                                            "Index Name": "company_name_pkey",
                                                            "Startup Cost": 0.0,
                                                            "Total Cost": 0.43,
                                                            "Plan Rows": 1,
                                                            "Plan Width": 0,
                                                            "Actual Startup Time": 0.003,
                                                            "Actual Total Time": 0.003,
                                                            "Actual Rows": 1,
                                                            "Actual Loops": 612,
                                                            "Index Cond": "(cn.id = mc.company_id)",
                                                            "Workers": [
                                                                {
                                                                    "Worker Number": 3,
                                                                    "Actual Startup Time": 0.003,
                                                                    "Actual Total Time": 0.003,
                                                                    "Actual Rows": 1,
                                                                    "Actual Loops": 612
                                                                }
                                                            ]
                                                        }
                                                    ]
                                                }
                                            ]
                                        },
                                        {
                                            "Node Type": "Seq Scan",
                                            "Parent Relationship": "Inner",
                                            "Parallel Aware": false,
                                            "Relation Name": "company_type",
                                            "Schema": "public",
                                            "Alias": "ct",
                                            "Startup Cost": 0.0,
                                            "Total Cost": 1.04,
                                            "Plan Rows": 4,
                                            "Plan Width": 4,
                                            "Actual Startup Time": 0.001,
                                            "Actual Total Time": 0.001,
                                            "Actual Rows": 2,
                                            "Actual Loops": 612,
                                            "Output": [
                                                "ct.id",
                                                "ct.kind"
                                            ],
                                            "Workers": [
                                                {
                                                    "Worker Number": 3,
                                                    "Actual Startup Time": 0.001,
                                                    "Actual Total Time": 0.001,
                                                    "Actual Rows": 2,
                                                    "Actual Loops": 612
                                                }
                                            ]
                                        }
                                    ]
                                },
                                {
                                    "Node Type": "Bitmap Heap Scan",
                                    "Parent Relationship": "Inner",
                                    "Parallel Aware": false,
                                    "Relation Name": "keyword",
                                    "Schema": "public",
                                    "Alias": "k",
                                    "Startup Cost": 0.43,
                                    "Total Cost": 4.44,
                                    "Plan Rows": 1,
                                    "Plan Width": 4,
                                    "Actual Startup Time": 0.006,
                                    "Actual Total Time": 0.006,
                                    "Actual Rows": 1,
                                    "Actual Loops": 612,
                                    "Output": [
                                        "k.id",
                                        "k.keyword",
                                        "k.phonetic_code"
                                    ],
                                    "Recheck Cond": "(k.id = mk.keyword_id)",
                                    "Rows Removed by Index Recheck": 0,
                                    "Exact Heap Blocks": 0,
                                    "Lossy Heap Blocks": 0,
                                    "Workers": [
                                        {
                                            "Worker Number": 3,
                                            "Actual Startup Time": 0.006,
                                            "Actual Total Time": 0.006,
                                            "Actual Rows": 1,
                                            "Actual Loops": 612
                                        }
                                    ],
                                    "Plans": [
                                        {
                                            "Node Type": "Bitmap Index Scan",
                                            "Parent Relationship": "Outer",
                                            "Parallel Aware": false,
                                            "Index Name": "keyword_pkey",
                                            "Startup Cost": 0.0,
                                            "Total Cost": 0.43,
                                            "Plan Rows": 1,
                                            "Plan Width": 0,
                                            "Actual Startup Time": 0.004,
                                            "Actual Total Time": 0.004,
                                            "Actual Rows": 1,
                                            "Actual Loops": 612,
                                            "Index Cond": "(k.id = mk.keyword_id)",
                                            "Workers": [
                                                {
                                                    "Worker Number": 3,
                                                    "Actual Startup Time": 0.004,
                                                    "Actual Total Time": 0.004,
                                                    "Actual Rows": 1,
                                                    "Actual Loops": 612
                                                }
                                            ]
                                        }
                                    ]
                                }
                            ]
                        }
                    ]
                }
            ]
        },
        "Planning Time": 2060.474,
        "Triggers": [],
        "Execution Time": 246.858
    }
]