{
  "Plan": {
    "Node Type": "Aggregate",
    "Strategy": "Plain",
    "Partial Mode": "Finalize",
    "Parallel Aware": false,
    "Startup Cost": 425882.49,
    "Total Cost": 425882.5,
    "Plan Rows": 1,
    "Plan Width": 8,
    "Actual Startup Time": 6991.917,
    "Actual Total Time": 7045.151,
    "Actual Rows": 1,
    "Actual Loops": 1,
    "Plans": [
      {
        "Node Type": "Gather",
        "Parent Relationship": "Outer",
        "Parallel Aware": false,
        "Startup Cost": 425882.38,
        "Total Cost": 425882.49,
        "Plan Rows": 1,
        "Plan Width": 8,
        "Actual Startup Time": 6986.63,
        "Actual Total Time": 7045.141,
        "Actual Rows": 2,
        "Actual Loops": 1,
        "Workers Planned": 1,
        "Workers Launched": 1,
        "Single Copy": false,
        "Plans": [
          {
            "Node Type": "Aggregate",
            "Strategy": "Plain",
            "Partial Mode": "Partial",
            "Parent Relationship": "Outer",
            "Parallel Aware": false,
            "Startup Cost": 424882.38,
            "Total Cost": 424882.39,
            "Plan Rows": 1,
            "Plan Width": 8,
            "Actual Startup Time": 6981.426,
            "Actual Total Time": 6982.352,
            "Actual Rows": 1,
            "Actual Loops": 2,
            "Plans": [
              {
                "Node Type": "Hash Join",
                "Parent Relationship": "Outer",
                "Parallel Aware": true,
                "Join Type": "Inner",
                "Startup Cost": 128290.36,
                "Total Cost": 420401.16,
                "Plan Rows": 1792487,
                "Plan Width": 0,
                "Actual Startup Time": 800.95,
                "Actual Total Time": 5345.325,
                "Actual Rows": 41209554,
                "Actual Loops": 2,
                "Inner Unique": false,
                "Hash Cond": "(mi.movie_id = t.id)",
                "Plans": [
                  {
                    "Node Type": "Seq Scan",
                    "Parent Relationship": "Outer",
                    "Parallel Aware": true,
                    "Relation Name": "movie_info",
                    "Alias": "mi",
                    "Startup Cost": 0.0,
                    "Total Cost": 248955.74,
                    "Plan Rows": 8696274,
                    "Plan Width": 4,
                    "Actual Startup Time": 0.016,
                    "Actual Total Time": 640.399,
                    "Actual Rows": 7417860,
                    "Actual Loops": 2
                  },
                  {
                    "Node Type": "Hash",
                    "Parent Relationship": "Inner",
                    "Parallel Aware": true,
                    "Startup Cost": 124458.48,
                    "Total Cost": 124458.48,
                    "Plan Rows": 306550,
                    "Plan Width": 8,
                    "Actual Startup Time": 794.326,
                    "Actual Total Time": 795.251,
                    "Actual Rows": 819574,
                    "Actual Loops": 2,
                    "Hash Buckets": 2097152,
                    "Original Hash Buckets": 524288,
                    "Hash Batches": 1,
                    "Original Hash Batches": 1,
                    "Peak Memory Usage": 92832,
                    "Plans": [
                      {
                        "Node Type": "Hash Join",
                        "Parent Relationship": "Outer",
                        "Parallel Aware": true,
                        "Join Type": "Inner",
                        "Startup Cost": 60843.28,
                        "Total Cost": 124458.48,
                        "Plan Rows": 306550,
                        "Plan Width": 8,
                        "Actual Startup Time": 201.28,
                        "Actual Total Time": 628.505,
                        "Actual Rows": 819574,
                        "Actual Loops": 2,
                        "Inner Unique": true,
                        "Hash Cond": "(mk.movie_id = t.id)",
                        "Plans": [
                          {
                            "Node Type": "Seq Scan",
                            "Parent Relationship": "Outer",
                            "Parallel Aware": true,
                            "Relation Name": "movie_keyword",
                            "Alias": "mk",
                            "Startup Cost": 0.0,
                            "Total Cost": 57718.19,
                            "Plan Rows": 2246476,
                            "Plan Width": 4,
                            "Actual Startup Time": 0.014,
                            "Actual Total Time": 205.394,
                            "Actual Rows": 1914937,
                            "Actual Loops": 2,
                            "Filter": "(keyword_id < 27126)",
                            "Rows Removed by Filter": 347028
                          },
                          {
                            "Node Type": "Hash",
                            "Parent Relationship": "Inner",
                            "Parallel Aware": true,
                            "Startup Cost": 58306.47,
                            "Total Cost": 58306.47,
                            "Plan Rows": 202945,
                            "Plan Width": 4,
                            "Actual Startup Time": 197.85,
                            "Actual Total Time": 197.851,
                            "Actual Rows": 228701,
                            "Actual Loops": 2,
                            "Hash Buckets": 524288,
                            "Original Hash Buckets": 524288,
                            "Hash Batches": 1,
                            "Original Hash Batches": 1,
                            "Peak Memory Usage": 22016,
                            "Plans": [
                              {
                                "Node Type": "Seq Scan",
                                "Parent Relationship": "Outer",
                                "Parallel Aware": true,
                                "Relation Name": "title",
                                "Alias": "t",
                                "Startup Cost": 0.0,
                                "Total Cost": 58306.47,
                                "Plan Rows": 202945,
                                "Plan Width": 4,
                                "Actual Startup Time": 0.047,
                                "Actual Total Time": 145.707,
                                "Actual Rows": 228701,
                                "Actual Loops": 2,
                                "Filter": "((kind_id < 7) AND (production_year < 1997))",
                                "Rows Removed by Filter": 1035455
                              }
                            ]
                          }
                        ]
                      }
                    ]
                  }
                ]
              }
            ]
          }
        ]
      }
    ]
  },
  "Planning Time": 0.97,
  "Triggers": [],
  "Execution Time": 7045.242
}