[
  {
    "Plan": {
      "Node Type": "Aggregate",
      "Strategy": "Plain",
      "Partial Mode": "Finalize",
      "Parallel Aware": false,
      "Startup Cost": 347742.26,
      "Total Cost": 347742.27,
      "Plan Rows": 1,
      "Plan Width": 8,
      "Actual Startup Time": 785.694,
      "Actual Total Time": 834.216,
      "Actual Rows": 1,
      "Actual Loops": 1,
      "Plans": [
        {
          "Node Type": "Gather",
          "Parent Relationship": "Outer",
          "Parallel Aware": false,
          "Startup Cost": 347741.63,
          "Total Cost": 347742.24,
          "Plan Rows": 6,
          "Plan Width": 8,
          "Actual Startup Time": 785.485,
          "Actual Total Time": 834.196,
          "Actual Rows": 7,
          "Actual Loops": 1,
          "Workers Planned": 6,
          "Workers Launched": 6,
          "Single Copy": false,
          "Plans": [
            {
              "Node Type": "Aggregate",
              "Strategy": "Plain",
              "Partial Mode": "Partial",
              "Parent Relationship": "Outer",
              "Parallel Aware": false,
              "Startup Cost": 346741.63,
              "Total Cost": 346741.64,
              "Plan Rows": 1,
              "Plan Width": 8,
              "Actual Startup Time": 779.193,
              "Actual Total Time": 779.195,
              "Actual Rows": 1,
              "Actual Loops": 7,
              "Plans": [
                {
                  "Node Type": "Seq Scan",
                  "Parent Relationship": "Outer",
                  "Parallel Aware": true,
                  "Relation Name": "cast_info",
                  "Alias": "ci",
                  "Startup Cost": 0.0,
                  "Total Cost": 343316.27,
                  "Plan Rows": 1370144,
                  "Plan Width": 0,
                  "Actual Startup Time": 0.039,
                  "Actual Total Time": 705.317,
                  "Actual Rows": 1298760,
                  "Actual Loops": 7,
                  "Filter": "((person_id < 934815) AND (role_id < 10))",
                  "Rows Removed by Filter": 3879004
                }
              ]
            }
          ]
        }
      ]
    },
    "Planning Time": 0.2,
    "Triggers": [],
    "Execution Time": 834.279
  }
]