[
  {
    "Plan": {
      "Node Type": "Aggregate",
      "Strategy": "Plain",
      "Partial Mode": "Finalize",
      "Parallel Aware": false,
      "Startup Cost": 347671.01,
      "Total Cost": 347671.02,
      "Plan Rows": 1,
      "Plan Width": 8,
      "Actual Startup Time": 715.481,
      "Actual Total Time": 772.436,
      "Actual Rows": 1,
      "Actual Loops": 1,
      "Plans": [
        {
          "Node Type": "Gather",
          "Parent Relationship": "Outer",
          "Parallel Aware": false,
          "Startup Cost": 347670.38,
          "Total Cost": 347670.99,
          "Plan Rows": 6,
          "Plan Width": 8,
          "Actual Startup Time": 715.353,
          "Actual Total Time": 772.425,
          "Actual Rows": 7,
          "Actual Loops": 1,
          "Workers Planned": 6,
          "Workers Launched": 6,
          "Single Copy": false,
          "Plans": [
            {
              "Node Type": "Aggregate",
              "Strategy": "Plain",
              "Partial Mode": "Partial",
              "Parent Relationship": "Outer",
              "Parallel Aware": false,
              "Startup Cost": 346670.38,
              "Total Cost": 346670.39,
              "Plan Rows": 1,
              "Plan Width": 8,
              "Actual Startup Time": 705.144,
              "Actual Total Time": 705.146,
              "Actual Rows": 1,
              "Actual Loops": 7,
              "Plans": [
                {
                  "Node Type": "Seq Scan",
                  "Parent Relationship": "Outer",
                  "Parallel Aware": true,
                  "Relation Name": "cast_info",
                  "Alias": "ci",
                  "Startup Cost": 0.0,
                  "Total Cost": 343257.03,
                  "Plan Rows": 1365342,
                  "Plan Width": 0,
                  "Actual Startup Time": 0.051,
                  "Actual Total Time": 644.879,
                  "Actual Rows": 1298760,
                  "Actual Loops": 7,
                  "Filter": "((person_id < 934815) AND (role_id < 10))",
                  "Rows Removed by Filter": 3879004
                }
              ]
            }
          ]
        }
      ]
    },
    "Planning Time": 0.227,
    "Triggers": [],
    "Execution Time": 772.508
  }
]