[
  {
    "Plan": {
      "Node Type": "Aggregate",
      "Strategy": "Plain",
      "Partial Mode": "Finalize",
      "Parallel Aware": false,
      "Startup Cost": 419082.45,
      "Total Cost": 419082.46,
      "Plan Rows": 1,
      "Plan Width": 8,
      "Actual Startup Time": 1454.59,
      "Actual Total Time": 1520.654,
      "Actual Rows": 1,
      "Actual Loops": 1,
      "Plans": [
        {
          "Node Type": "Gather",
          "Parent Relationship": "Outer",
          "Parallel Aware": false,
          "Startup Cost": 419081.82,
          "Total Cost": 419082.43,
          "Plan Rows": 6,
          "Plan Width": 8,
          "Actual Startup Time": 1445.219,
          "Actual Total Time": 1520.641,
          "Actual Rows": 7,
          "Actual Loops": 1,
          "Workers Planned": 6,
          "Workers Launched": 6,
          "Single Copy": false,
          "Plans": [
            {
              "Node Type": "Aggregate",
              "Strategy": "Plain",
              "Partial Mode": "Partial",
              "Parent Relationship": "Outer",
              "Parallel Aware": false,
              "Startup Cost": 418081.82,
              "Total Cost": 418081.83,
              "Plan Rows": 1,
              "Plan Width": 8,
              "Actual Startup Time": 1433.818,
              "Actual Total Time": 1433.892,
              "Actual Rows": 1,
              "Actual Loops": 7,
              "Plans": [
                {
                  "Node Type": "Hash Join",
                  "Parent Relationship": "Outer",
                  "Parallel Aware": true,
                  "Join Type": "Inner",
                  "Startup Cost": 81869.98,
                  "Total Cost": 417049.03,
                  "Plan Rows": 413119,
                  "Plan Width": 0,
                  "Actual Startup Time": 322.756,
                  "Actual Total Time": 1369.461,
                  "Actual Rows": 1376605,
                  "Actual Loops": 7,
                  "Inner Unique": false,
                  "Hash Cond": "(ci.movie_id = t.id)",
                  "Plans": [
                    {
                      "Node Type": "Seq Scan",
                      "Parent Relationship": "Outer",
                      "Parallel Aware": true,
                      "Relation Name": "cast_info",
                      "Alias": "ci",
                      "Startup Cost": 0.0,
                      "Total Cost": 328162.03,
                      "Plan Rows": 1515834,
                      "Plan Width": 4,
                      "Actual Startup Time": 0.029,
                      "Actual Total Time": 567.763,
                      "Actual Rows": 1320144,
                      "Actual Loops": 7,
                      "Filter": "(person_id < 909363)",
                      "Rows Removed by Filter": 3857619
                    },
                    {
                      "Node Type": "Hash",
                      "Parent Relationship": "Inner",
                      "Parallel Aware": true,
                      "Startup Cost": 79091.56,
                      "Total Cost": 79091.56,
                      "Plan Rows": 222274,
                      "Plan Width": 8,
                      "Actual Startup Time": 319.33,
                      "Actual Total Time": 319.402,
                      "Actual Rows": 143809,
                      "Actual Loops": 7,
                      "Hash Buckets": 1048576,
                      "Original Hash Buckets": 1048576,
                      "Hash Batches": 1,
                      "Original Hash Batches": 1,
                      "Peak Memory Usage": 47680,
                      "Plans": [
                        {
                          "Node Type": "Hash Join",
                          "Parent Relationship": "Outer",
                          "Parallel Aware": true,
                          "Join Type": "Inner",
                          "Startup Cost": 47758.01,
                          "Total Cost": 79091.56,
                          "Plan Rows": 222274,
                          "Plan Width": 8,
                          "Actual Startup Time": 128.96,
                          "Actual Total Time": 265.027,
                          "Actual Rows": 143809,
                          "Actual Loops": 7,
                          "Inner Unique": true,
                          "Hash Cond": "(mc.movie_id = t.id)",
                          "Plans": [
                            {
                              "Node Type": "Seq Scan",
                              "Parent Relationship": "Outer",
                              "Parallel Aware": true,
                              "Relation Name": "movie_companies",
                              "Alias": "mc",
                              "Startup Cost": 0.0,
                              "Total Cost": 29310.68,
                              "Plan Rows": 770616,
                              "Plan Width": 4,
                              "Actual Startup Time": 0.022,
                              "Actual Total Time": 54.259,
                              "Actual Rows": 341689,
                              "Actual Loops": 7,
                              "Filter": "(company_id < 108658)",
                              "Rows Removed by Filter": 31044
                            },
                            {
                              "Node Type": "Hash",
                              "Parent Relationship": "Inner",
                              "Parallel Aware": true,
                              "Startup Cost": 45479.1,
                              "Total Cost": 45479.1,
                              "Plan Rows": 182313,
                              "Plan Width": 4,
                              "Actual Startup Time": 127.357,
                              "Actual Total Time": 127.359,
                              "Actual Rows": 89733,
                              "Actual Loops": 7,
                              "Hash Buckets": 1048576,
                              "Original Hash Buckets": 1048576,
                              "Hash Batches": 1,
                              "Original Hash Batches": 1,
                              "Peak Memory Usage": 32864,
                              "Plans": [
                                {
                                  "Node Type": "Seq Scan",
                                  "Parent Relationship": "Outer",
                                  "Parallel Aware": true,
                                  "Relation Name": "title",
                                  "Alias": "t",
                                  "Startup Cost": 0.0,
                                  "Total Cost": 45479.1,
                                  "Plan Rows": 182313,
                                  "Plan Width": 4,
                                  "Actual Startup Time": 0.048,
                                  "Actual Total Time": 80.599,
                                  "Actual Rows": 89733,
                                  "Actual Loops": 7,
                                  "Filter": "((kind_id < 7) AND (production_year > 1985))",
                                  "Rows Removed by Filter": 271454
                                }
                              ]
                            }
                          ]
                        }
                      ]
                    }
                  ]
                }
              ]
            }
          ]
        }
      ]
    },
    "Planning Time": 1.428,
    "Triggers": [],
    "Execution Time": 1520.761
  }
]