[
  {
    "Plan": {
      "Node Type": "Aggregate",
      "Strategy": "Plain",
      "Partial Mode": "Finalize",
      "Parallel Aware": false,
      "Startup Cost": 325699.02,
      "Total Cost": 325699.03,
      "Plan Rows": 1,
      "Plan Width": 8,
      "Actual Startup Time": 279.612,
      "Actual Total Time": 290.962,
      "Actual Rows": 1,
      "Actual Loops": 1,
      "Plans": [
        {
          "Node Type": "Gather",
          "Parent Relationship": "Outer",
          "Parallel Aware": false,
          "Startup Cost": 325698.5,
          "Total Cost": 325699.01,
          "Plan Rows": 5,
          "Plan Width": 8,
          "Actual Startup Time": 274.984,
          "Actual Total Time": 290.953,
          "Actual Rows": 6,
          "Actual Loops": 1,
          "Workers Planned": 5,
          "Workers Launched": 5,
          "Single Copy": false,
          "Plans": [
            {
              "Node Type": "Aggregate",
              "Strategy": "Plain",
              "Partial Mode": "Partial",
              "Parent Relationship": "Outer",
              "Parallel Aware": false,
              "Startup Cost": 324698.5,
              "Total Cost": 324698.51,
              "Plan Rows": 1,
              "Plan Width": 8,
              "Actual Startup Time": 260.552,
              "Actual Total Time": 260.556,
              "Actual Rows": 1,
              "Actual Loops": 6,
              "Plans": [
                {
                  "Node Type": "Hash Join",
                  "Parent Relationship": "Outer",
                  "Parallel Aware": true,
                  "Join Type": "Inner",
                  "Startup Cost": 58412.81,
                  "Total Cost": 324587.94,
                  "Plan Rows": 44224,
                  "Plan Width": 0,
                  "Actual Startup Time": 217.663,
                  "Actual Total Time": 258.783,
                  "Actual Rows": 33777,
                  "Actual Loops": 6,
                  "Inner Unique": true,
                  "Hash Cond": "(ci.movie_id = t.id)",
                  "Plans": [
                    {
                      "Node Type": "Bitmap Heap Scan",
                      "Parent Relationship": "Outer",
                      "Parallel Aware": true,
                      "Relation Name": "cast_info",
                      "Alias": "ci",
                      "Startup Cost": 8264.07,
                      "Total Cost": 274242.79,
                      "Plan Rows": 74826,
                      "Plan Width": 4,
                      "Actual Startup Time": 14.952,
                      "Actual Total Time": 26.229,
                      "Actual Rows": 61816,
                      "Actual Loops": 6,
                      "Recheck Cond": "(person_id < 42506)",
                      "Rows Removed by Index Recheck": 0,
                      "Exact Heap Blocks": 878,
                      "Lossy Heap Blocks": 0,
                      "Plans": [
                        {
                          "Node Type": "Bitmap Index Scan",
                          "Parent Relationship": "Outer",
                          "Parallel Aware": false,
                          "Index Name": "person_id_cast_info",
                          "Startup Cost": 0.0,
                          "Total Cost": 8170.54,
                          "Plan Rows": 374130,
                          "Plan Width": 0,
                          "Actual Startup Time": 14.279,
                          "Actual Total Time": 14.279,
                          "Actual Rows": 370899,
                          "Actual Loops": 1,
                          "Index Cond": "(person_id < 42506)"
                        }
                      ]
                    },
                    {
                      "Node Type": "Hash",
                      "Parent Relationship": "Inner",
                      "Parallel Aware": true,
                      "Startup Cost": 45479.1,
                      "Total Cost": 45479.1,
                      "Plan Rows": 373571,
                      "Plan Width": 4,
                      "Actual Startup Time": 197.456,
                      "Actual Total Time": 197.457,
                      "Actual Rows": 246407,
                      "Actual Loops": 6,
                      "Hash Buckets": 2097152,
                      "Original Hash Buckets": 2097152,
                      "Hash Batches": 1,
                      "Original Hash Batches": 1,
                      "Peak Memory Usage": 74304,
                      "Plans": [
                        {
                          "Node Type": "Seq Scan",
                          "Parent Relationship": "Outer",
                          "Parallel Aware": true,
                          "Relation Name": "title",
                          "Alias": "t",
                          "Startup Cost": 0.0,
                          "Total Cost": 45479.1,
                          "Plan Rows": 373571,
                          "Plan Width": 4,
                          "Actual Startup Time": 0.05,
                          "Actual Total Time": 89.225,
                          "Actual Rows": 246407,
                          "Actual Loops": 6,
                          "Filter": "((production_year > 0) AND (kind_id = 7))",
                          "Rows Removed by Filter": 174979
                        }
                      ]
                    }
                  ]
                }
              ]
            }
          ]
        }
      ]
    },
    "Planning Time": 0.697,
    "Triggers": [],
    "Execution Time": 291.053
  }
]