[
  {
    "Plan": {
      "Node Type": "Aggregate",
      "Strategy": "Plain",
      "Partial Mode": "Finalize",
      "Parallel Aware": false,
      "Startup Cost": 338380.13,
      "Total Cost": 338380.14,
      "Plan Rows": 1,
      "Plan Width": 8,
      "Actual Startup Time": 848.73,
      "Actual Total Time": 895.76,
      "Actual Rows": 1,
      "Actual Loops": 1,
      "Plans": [
        {
          "Node Type": "Gather",
          "Parent Relationship": "Outer",
          "Parallel Aware": false,
          "Startup Cost": 338379.51,
          "Total Cost": 338380.12,
          "Plan Rows": 6,
          "Plan Width": 8,
          "Actual Startup Time": 848.522,
          "Actual Total Time": 895.748,
          "Actual Rows": 7,
          "Actual Loops": 1,
          "Workers Planned": 6,
          "Workers Launched": 6,
          "Single Copy": false,
          "Plans": [
            {
              "Node Type": "Aggregate",
              "Strategy": "Plain",
              "Partial Mode": "Partial",
              "Parent Relationship": "Outer",
              "Parallel Aware": false,
              "Startup Cost": 337379.51,
              "Total Cost": 337379.52,
              "Plan Rows": 1,
              "Plan Width": 8,
              "Actual Startup Time": 840.814,
              "Actual Total Time": 840.815,
              "Actual Rows": 1,
              "Actual Loops": 7,
              "Plans": [
                {
                  "Node Type": "Seq Scan",
                  "Parent Relationship": "Outer",
                  "Parallel Aware": true,
                  "Relation Name": "cast_info",
                  "Alias": "ci",
                  "Startup Cost": 0.0,
                  "Total Cost": 328211.39,
                  "Plan Rows": 3667247,
                  "Plan Width": 0,
                  "Actual Startup Time": 170.265,
                  "Actual Total Time": 666.176,
                  "Actual Rows": 3122820,
                  "Actual Loops": 7,
                  "Filter": "(person_id > 1416476)",
                  "Rows Removed by Filter": 2054944
                }
              ]
            }
          ]
        }
      ]
    },
    "Planning Time": 0.157,
    "Triggers": [],
    "Execution Time": 895.823
  }
]