[
  {
    "Plan": {
      "Node Type": "Aggregate",
      "Strategy": "Plain",
      "Partial Mode": "Finalize",
      "Parallel Aware": false,
      "Startup Cost": 338266.8,
      "Total Cost": 338266.81,
      "Plan Rows": 1,
      "Plan Width": 8,
      "Actual Startup Time": 765.32,
      "Actual Total Time": 825.385,
      "Actual Rows": 1,
      "Actual Loops": 1,
      "Plans": [
        {
          "Node Type": "Gather",
          "Parent Relationship": "Outer",
          "Parallel Aware": false,
          "Startup Cost": 338266.17,
          "Total Cost": 338266.78,
          "Plan Rows": 6,
          "Plan Width": 8,
          "Actual Startup Time": 765.203,
          "Actual Total Time": 825.376,
          "Actual Rows": 7,
          "Actual Loops": 1,
          "Workers Planned": 6,
          "Workers Launched": 6,
          "Single Copy": false,
          "Plans": [
            {
              "Node Type": "Aggregate",
              "Strategy": "Plain",
              "Partial Mode": "Partial",
              "Parent Relationship": "Outer",
              "Parallel Aware": false,
              "Startup Cost": 337266.17,
              "Total Cost": 337266.18,
              "Plan Rows": 1,
              "Plan Width": 8,
              "Actual Startup Time": 754.705,
              "Actual Total Time": 754.706,
              "Actual Rows": 1,
              "Actual Loops": 7,
              "Plans": [
                {
                  "Node Type": "Seq Scan",
                  "Parent Relationship": "Outer",
                  "Parallel Aware": true,
                  "Relation Name": "cast_info",
                  "Alias": "ci",
                  "Startup Cost": 0.0,
                  "Total Cost": 328162.03,
                  "Plan Rows": 3641658,
                  "Plan Width": 0,
                  "Actual Startup Time": 162.549,
                  "Actual Total Time": 619.56,
                  "Actual Rows": 3122820,
                  "Actual Loops": 7,
                  "Filter": "(person_id > 1416476)",
                  "Rows Removed by Filter": 2054944
                }
              ]
            }
          ]
        }
      ]
    },
    "Planning Time": 0.176,
    "Triggers": [],
    "Execution Time": 825.451
  }
]