[
  {
    "Bao": {
      "Bao prediction": 793.14,
      "Bao recommended hint": "SET enable_nestloop TO off; SET enable_hashjoin TO off; "
    }
  },
  {
    "Plan": {
      "Node Type": "Aggregate",
      "Strategy": "Plain",
      "Partial Mode": "Simple",
      "Parallel Aware": false,
      "Startup Cost": 1117734.32,
      "Total Cost": 1117734.33,
      "Plan Rows": 1,
      "Plan Width": 128,
      "Actual Startup Time": 6886.194,
      "Actual Total Time": 6886.498,
      "Actual Rows": 1,
      "Actual Loops": 1,
      "Plans": [
        {
          "Node Type": "Merge Join",
          "Parent Relationship": "Outer",
          "Parallel Aware": false,
          "Join Type": "Inner",
          "Startup Cost": 929719.37,
          "Total Cost": 1117734.31,
          "Plan Rows": 1,
          "Plan Width": 81,
          "Actual Startup Time": 5337.11,
          "Actual Total Time": 6886.315,
          "Actual Rows": 757,
          "Actual Loops": 1,
          "Inner Unique": false,
          "Merge Cond": "(n.id = ci.person_id)",
          "Plans": [
            {
              "Node Type": "Index Scan",
              "Parent Relationship": "Outer",
              "Parallel Aware": false,
              "Scan Direction": "Forward",
              "Index Name": "name_pkey",
              "Relation Name": "name",
              "Alias": "n",
              "Startup Cost": 0.43,
              "Total Cost": 188589.67,
              "Plan Rows": 1747242,
              "Plan Width": 19,
              "Actual Startup Time": 0.026,
              "Actual Total Time": 1473.11,
              "Actual Rows": 1739579,
              "Actual Loops": 1,
              "Filter": "((gender)::text = 'm'::text)",
              "Rows Removed by Filter": 2427912
            },
            {
              "Node Type": "Sort",
              "Parent Relationship": "Inner",
              "Parallel Aware": false,
              "Startup Cost": 929718.94,
              "Total Cost": 929718.95,
              "Plan Rows": 1,
              "Plan Width": 70,
              "Actual Startup Time": 5334.84,
              "Actual Total Time": 5335.285,
              "Actual Rows": 758,
              "Actual Loops": 1,
              "Sort Key": [
                "ci.person_id"
              ],
              "Sort Method": "quicksort",
              "Sort Space Used": 107,
              "Sort Space Type": "Memory",
              "Plans": [
                {
                  "Node Type": "Merge Join",
                  "Parent Relationship": "Outer",
                  "Parallel Aware": false,
                  "Join Type": "Inner",
                  "Startup Cost": 807323.34,
                  "Total Cost": 929718.93,
                  "Plan Rows": 1,
                  "Plan Width": 70,
                  "Actual Startup Time": 4490.316,
                  "Actual Total Time": 5334.775,
                  "Actual Rows": 1021,
                  "Actual Loops": 1,
                  "Inner Unique": false,
                  "Merge Cond": "(t.id = mi.movie_id)",
                  "Plans": [
                    {
                      "Node Type": "Merge Join",
                      "Parent Relationship": "Outer",
                      "Parallel Aware": false,
                      "Join Type": "Inner",
                      "Startup Cost": 606023.9,
                      "Total Cost": 728416.36,
                      "Plan Rows": 1,
                      "Plan Width": 47,
                      "Actual Startup Time": 3799.362,
                      "Actual Total Time": 4875.016,
                      "Actual Rows": 1736,
                      "Actual Loops": 1,
                      "Inner Unique": false,
                      "Merge Cond": "(t.id = mi_idx.movie_id)",
                      "Plans": [
                        {
                          "Node Type": "Gather Merge",
                          "Parent Relationship": "Outer",
                          "Parallel Aware": false,
                          "Startup Cost": 379111.47,
                          "Total Cost": 501618.5,
                          "Plan Rows": 11175,
                          "Plan Width": 33,
                          "Actual Startup Time": 1315.294,
                          "Actual Total Time": 2557.821,
                          "Actual Rows": 2057,
                          "Actual Loops": 1,
                          "Workers Planned": 6,
                          "Workers Launched": 6,
                          "Plans": [
                            {
                              "Node Type": "Merge Join",
                              "Parent Relationship": "Outer",
                              "Parallel Aware": false,
                              "Join Type": "Inner",
                              "Startup Cost": 378111.37,
                              "Total Cost": 499260.23,
                              "Plan Rows": 1862,
                              "Plan Width": 33,
                              "Actual Startup Time": 1170.892,
                              "Actual Total Time": 2748.115,
                              "Actual Rows": 294,
                              "Actual Loops": 7,
                              "Inner Unique": true,
                              "Merge Cond": "(ci.movie_id = t.id)",
                              "Plans": [
                                {
                                  "Node Type": "Merge Join",
                                  "Parent Relationship": "Outer",
                                  "Parallel Aware": false,
                                  "Join Type": "Inner",
                                  "Startup Cost": 378108.09,
                                  "Total Cost": 379197.91,
                                  "Plan Rows": 3388,
                                  "Plan Width": 12,
                                  "Actual Startup Time": 1122.52,
                                  "Actual Total Time": 1157.943,
                                  "Actual Rows": 2220,
                                  "Actual Loops": 7,
                                  "Inner Unique": false,
                                  "Merge Cond": "(ci.movie_id = cc.movie_id)",
                                  "Plans": [
                                    {
                                      "Node Type": "Sort",
                                      "Parent Relationship": "Outer",
                                      "Parallel Aware": false,
                                      "Startup Cost": 367979.51,
                                      "Total Cost": 368465.97,
                                      "Plan Rows": 194584,
                                      "Plan Width": 8,
                                      "Actual Startup Time": 1047.38,
                                      "Actual Total Time": 1065.833,
                                      "Actual Rows": 177817,
                                      "Actual Loops": 7,
                                      "Sort Key": [
                                        "ci.movie_id"
                                      ],
                                      "Sort Method": "quicksort",
                                      "Sort Space Used": 16940,
                                      "Sort Space Type": "Memory",
                                      "Workers": [
                                        {
                                          "Worker Number": 0,
                                          "Sort Method": "quicksort",
                                          "Sort Space Used": 13546,
                                          "Sort Space Type": "Memory"
                                        },
                                        {
                                          "Worker Number": 1,
                                          "Sort Method": "quicksort",
                                          "Sort Space Used": 13556,
                                          "Sort Space Type": "Memory"
                                        },
                                        {
                                          "Worker Number": 2,
                                          "Sort Method": "quicksort",
                                          "Sort Space Used": 13489,
                                          "Sort Space Type": "Memory"
                                        },
                                        {
                                          "Worker Number": 3,
                                          "Sort Method": "quicksort",
                                          "Sort Space Used": 13451,
                                          "Sort Space Type": "Memory"
                                        },
                                        {
                                          "Worker Number": 4,
                                          "Sort Method": "quicksort",
                                          "Sort Space Used": 13578,
                                          "Sort Space Type": "Memory"
                                        },
                                        {
                                          "Worker Number": 5,
                                          "Sort Method": "quicksort",
                                          "Sort Space Used": 16797,
                                          "Sort Space Type": "Memory"
                                        }
                                      ],
                                      "Plans": [
                                        {
                                          "Node Type": "Seq Scan",
                                          "Parent Relationship": "Outer",
                                          "Parallel Aware": true,
                                          "Relation Name": "cast_info",
                                          "Alias": "ci",
                                          "Startup Cost": 0.0,
                                          "Total Cost": 350885.27,
                                          "Plan Rows": 194584,
                                          "Plan Width": 8,
                                          "Actual Startup Time": 101.246,
                                          "Actual Total Time": 984.24,
                                          "Actual Rows": 177817,
                                          "Actual Loops": 7,
                                          "Filter": "(note = ANY ('{(writer),\"(head writer)\",\"(written by)\",(story),\"(story editor)\"}'::text[]))",
                                          "Rows Removed by Filter": 4999947
                                        }
                                      ]
                                    },
                                    {
                                      "Node Type": "Sort",
                                      "Parent Relationship": "Inner",
                                      "Parallel Aware": false,
                                      "Startup Cost": 10128.47,
                                      "Total Cost": 10170.69,
                                      "Plan Rows": 16886,
                                      "Plan Width": 4,
                                      "Actual Startup Time": 74.915,
                                      "Actual Total Time": 77.185,
                                      "Actual Rows": 24393,
                                      "Actual Loops": 7,
                                      "Sort Key": [
                                        "cc.movie_id"
                                      ],
                                      "Sort Method": "quicksort",
                                      "Sort Space Used": 1921,
                                      "Sort Space Type": "Memory",
                                      "Workers": [
                                        {
                                          "Worker Number": 0,
                                          "Sort Method": "quicksort",
                                          "Sort Space Used": 1921,
                                          "Sort Space Type": "Memory"
                                        },
                                        {
                                          "Worker Number": 1,
                                          "Sort Method": "quicksort",
                                          "Sort Space Used": 1921,
                                          "Sort Space Type": "Memory"
                                        },
                                        {
                                          "Worker Number": 2,
                                          "Sort Method": "quicksort",
                                          "Sort Space Used": 1921,
                                          "Sort Space Type": "Memory"
                                        },
                                        {
                                          "Worker Number": 3,
                                          "Sort Method": "quicksort",
                                          "Sort Space Used": 1921,
                                          "Sort Space Type": "Memory"
                                        },
                                        {
                                          "Worker Number": 4,
                                          "Sort Method": "quicksort",
                                          "Sort Space Used": 1921,
                                          "Sort Space Type": "Memory"
                                        },
                                        {
                                          "Worker Number": 5,
                                          "Sort Method": "quicksort",
                                          "Sort Space Used": 1921,
                                          "Sort Space Type": "Memory"
                                        }
                                      ],
                                      "Plans": [
                                        {
                                          "Node Type": "Merge Join",
                                          "Parent Relationship": "Outer",
                                          "Parallel Aware": false,
                                          "Join Type": "Inner",
                                          "Startup Cost": 8605.05,
                                          "Total Cost": 8942.78,
                                          "Plan Rows": 16886,
                                          "Plan Width": 4,
                                          "Actual Startup Time": 63.531,
                                          "Actual Total Time": 68.282,
                                          "Actual Rows": 24592,
                                          "Actual Loops": 7,
                                          "Inner Unique": true,
                                          "Merge Cond": "(cc.subject_id = cct1.id)",
                                          "Plans": [
                                            {
                                              "Node Type": "Sort",
                                              "Parent Relationship": "Outer",
                                              "Parallel Aware": false,
                                              "Startup Cost": 8603.99,
                                              "Total Cost": 8688.42,
                                              "Plan Rows": 33772,
                                              "Plan Width": 8,
                                              "Actual Startup Time": 63.493,
                                              "Actual Total Time": 64.754,
                                              "Actual Rows": 24592,
                                              "Actual Loops": 7,
                                              "Sort Key": [
                                                "cc.subject_id"
                                              ],
                                              "Sort Method": "quicksort",
                                              "Sort Space Used": 1921,
                                              "Sort Space Type": "Memory",
                                              "Workers": [
                                                {
                                                  "Worker Number": 0,
                                                  "Sort Method": "quicksort",
                                                  "Sort Space Used": 1921,
                                                  "Sort Space Type": "Memory"
                                                },
                                                {
                                                  "Worker Number": 1,
                                                  "Sort Method": "quicksort",
                                                  "Sort Space Used": 1921,
                                                  "Sort Space Type": "Memory"
                                                },
                                                {
                                                  "Worker Number": 2,
                                                  "Sort Method": "quicksort",
                                                  "Sort Space Used": 1921,
                                                  "Sort Space Type": "Memory"
                                                },
                                                {
                                                  "Worker Number": 3,
                                                  "Sort Method": "quicksort",
                                                  "Sort Space Used": 1921,
                                                  "Sort Space Type": "Memory"
                                                },
                                                {
                                                  "Worker Number": 4,
                                                  "Sort Method": "quicksort",
                                                  "Sort Space Used": 1921,
                                                  "Sort Space Type": "Memory"
                                                },
                                                {
                                                  "Worker Number": 5,
                                                  "Sort Method": "quicksort",
                                                  "Sort Space Used": 1921,
                                                  "Sort Space Type": "Memory"
                                                }
                                              ],
                                              "Plans": [
                                                {
                                                  "Node Type": "Merge Join",
                                                  "Parent Relationship": "Outer",
                                                  "Parallel Aware": false,
                                                  "Join Type": "Inner",
                                                  "Startup Cost": 0.55,
                                                  "Total Cost": 6063.74,
                                                  "Plan Rows": 33772,
                                                  "Plan Width": 8,
                                                  "Actual Startup Time": 47.776,
                                                  "Actual Total Time": 58.682,
                                                  "Actual Rows": 24592,
                                                  "Actual Loops": 7,
                                                  "Inner Unique": true,
                                                  "Merge Cond": "(cc.status_id = cct2.id)",
                                                  "Plans": [
                                                    {
                                                      "Node Type": "Index Scan",
                                                      "Parent Relationship": "Outer",
                                                      "Parallel Aware": false,
                                                      "Scan Direction": "Forward",
                                                      "Index Name": "status_id_complete_cast",
                                                      "Relation Name": "complete_cast",
                                                      "Alias": "cc",
                                                      "Startup Cost": 0.42,
                                                      "Total Cost": 5376.1,
                                                      "Plan Rows": 135086,
                                                      "Plan Width": 12,
                                                      "Actual Startup Time": 0.073,
                                                      "Actual Total Time": 44.387,
                                                      "Actual Rows": 135086,
                                                      "Actual Loops": 7
                                                    },
                                                    {
                                                      "Node Type": "Index Scan",
                                                      "Parent Relationship": "Inner",
                                                      "Parallel Aware": false,
                                                      "Scan Direction": "Forward",
                                                      "Index Name": "comp_cast_type_pkey",
                                                      "Relation Name": "comp_cast_type",
                                                      "Alias": "cct2",
                                                      "Startup Cost": 0.13,
                                                      "Total Cost": 12.2,
                                                      "Plan Rows": 1,
                                                      "Plan Width": 4,
                                                      "Actual Startup Time": 0.018,
                                                      "Actual Total Time": 0.018,
                                                      "Actual Rows": 1,
                                                      "Actual Loops": 7,
                                                      "Filter": "((kind)::text = 'complete+verified'::text)",
                                                      "Rows Removed by Filter": 3
                                                    }
                                                  ]
                                                }
                                              ]
                                            },
                                            {
                                              "Node Type": "Sort",
                                              "Parent Relationship": "Inner",
                                              "Parallel Aware": false,
                                              "Startup Cost": 1.06,
                                              "Total Cost": 1.06,
                                              "Plan Rows": 2,
                                              "Plan Width": 4,
                                              "Actual Startup Time": 0.035,
                                              "Actual Total Time": 0.036,
                                              "Actual Rows": 2,
                                              "Actual Loops": 7,
                                              "Sort Key": [
                                                "cct1.id"
                                              ],
                                              "Sort Method": "quicksort",
                                              "Sort Space Used": 25,
                                              "Sort Space Type": "Memory",
                                              "Workers": [
                                                {
                                                  "Worker Number": 0,
                                                  "Sort Method": "quicksort",
                                                  "Sort Space Used": 25,
                                                  "Sort Space Type": "Memory"
                                                },
                                                {
                                                  "Worker Number": 1,
                                                  "Sort Method": "quicksort",
                                                  "Sort Space Used": 25,
                                                  "Sort Space Type": "Memory"
                                                },
                                                {
                                                  "Worker Number": 2,
                                                  "Sort Method": "quicksort",
                                                  "Sort Space Used": 25,
                                                  "Sort Space Type": "Memory"
                                                },
                                                {
                                                  "Worker Number": 3,
                                                  "Sort Method": "quicksort",
                                                  "Sort Space Used": 25,
                                                  "Sort Space Type": "Memory"
                                                },
                                                {
                                                  "Worker Number": 4,
                                                  "Sort Method": "quicksort",
                                                  "Sort Space Used": 25,
                                                  "Sort Space Type": "Memory"
                                                },
                                                {
                                                  "Worker Number": 5,
                                                  "Sort Method": "quicksort",
                                                  "Sort Space Used": 25,
                                                  "Sort Space Type": "Memory"
                                                }
                                              ],
                                              "Plans": [
                                                {
                                                  "Node Type": "Seq Scan",
                                                  "Parent Relationship": "Outer",
                                                  "Parallel Aware": false,
                                                  "Relation Name": "comp_cast_type",
                                                  "Alias": "cct1",
                                                  "Startup Cost": 0.0,
                                                  "Total Cost": 1.05,
                                                  "Plan Rows": 2,
                                                  "Plan Width": 4,
                                                  "Actual Startup Time": 0.027,
                                                  "Actual Total Time": 0.028,
                                                  "Actual Rows": 2,
                                                  "Actual Loops": 7,
                                                  "Filter": "((kind)::text = ANY ('{cast,crew}'::text[]))",
                                                  "Rows Removed by Filter": 2
                                                }
                                              ]
                                            }
                                          ]
                                        }
                                      ]
                                    }
                                  ]
                                },
                                {
                                  "Node Type": "Index Scan",
                                  "Parent Relationship": "Inner",
                                  "Parallel Aware": false,
                                  "Scan Direction": "Forward",
                                  "Index Name": "title_pkey",
                                  "Relation Name": "title",
                                  "Alias": "t",
                                  "Startup Cost": 0.43,
                                  "Total Cost": 116680.33,
                                  "Plan Rows": 1389987,
                                  "Plan Width": 21,
                                  "Actual Startup Time": 0.061,
                                  "Actual Total Time": 1512.439,
                                  "Actual Rows": 1380320,
                                  "Actual Loops": 7,
                                  "Filter": "(production_year > 2000)",
                                  "Rows Removed by Filter": 1143349
                                }
                              ]
                            }
                          ]
                        },
                        {
                          "Node Type": "Sort",
                          "Parent Relationship": "Inner",
                          "Parallel Aware": false,
                          "Startup Cost": 226901.46,
                          "Total Cost": 226901.48,
                          "Plan Rows": 6,
                          "Plan Width": 14,
                          "Actual Startup Time": 2302.848,
                          "Actual Total Time": 2311.768,
                          "Actual Rows": 64225,
                          "Actual Loops": 1,
                          "Sort Key": [
                            "mi_idx.movie_id"
                          ],
                          "Sort Method": "quicksort",
                          "Sort Space Used": 4522,
                          "Sort Space Type": "Memory",
                          "Plans": [
                            {
                              "Node Type": "Gather",
                              "Parent Relationship": "Outer",
                              "Parallel Aware": false,
                              "Startup Cost": 226703.83,
                              "Total Cost": 226901.38,
                              "Plan Rows": 6,
                              "Plan Width": 14,
                              "Actual Startup Time": 2165.029,
                              "Actual Total Time": 2285.716,
                              "Actual Rows": 63701,
                              "Actual Loops": 1,
                              "Workers Planned": 3,
                              "Workers Launched": 1,
                              "Single Copy": false,
                              "Plans": [
                                {
                                  "Node Type": "Merge Join",
                                  "Parent Relationship": "Outer",
                                  "Parallel Aware": false,
                                  "Join Type": "Inner",
                                  "Startup Cost": 225703.83,
                                  "Total Cost": 225900.78,
                                  "Plan Rows": 2,
                                  "Plan Width": 14,
                                  "Actual Startup Time": 2145.928,
                                  "Actual Total Time": 2231.446,
                                  "Actual Rows": 31850,
                                  "Actual Loops": 2,
                                  "Inner Unique": true,
                                  "Merge Cond": "(mk.keyword_id = k.id)",
                                  "Plans": [
                                    {
                                      "Node Type": "Sort",
                                      "Parent Relationship": "Outer",
                                      "Parallel Aware": false,
                                      "Startup Cost": 222238.35,
                                      "Total Cost": 222337.15,
                                      "Plan Rows": 39519,
                                      "Plan Width": 18,
                                      "Actual Startup Time": 2098.407,
                                      "Actual Total Time": 2162.868,
                                      "Actual Rows": 337444,
                                      "Actual Loops": 2,
                                      "Sort Key": [
                                        "mk.keyword_id"
                                      ],
                                      "Sort Method": "quicksort",
                                      "Sort Space Used": 228198,
                                      "Sort Space Type": "Memory",
                                      "Workers": [
                                        {
                                          "Worker Number": 0,
                                          "Sort Method": "quicksort",
                                          "Sort Space Used": 120590,
                                          "Sort Space Type": "Memory"
                                        }
                                      ],
                                      "Plans": [
                                        {
                                          "Node Type": "Merge Join",
                                          "Parent Relationship": "Outer",
                                          "Parallel Aware": false,
                                          "Join Type": "Inner",
                                          "Startup Cost": 68510.37,
                                          "Total Cost": 219221.02,
                                          "Plan Rows": 39519,
                                          "Plan Width": 18,
                                          "Actual Startup Time": 445.734,
                                          "Actual Total Time": 1544.026,
                                          "Actual Rows": 1730896,
                                          "Actual Loops": 2,
                                          "Inner Unique": false,
                                          "Merge Cond": "(mk.movie_id = mi_idx.movie_id)",
                                          "Plans": [
                                            {
                                              "Node Type": "Index Scan",
                                              "Parent Relationship": "Outer",
                                              "Parallel Aware": true,
                                              "Scan Direction": "Forward",
                                              "Index Name": "movie_id_movie_keyword",
                                              "Relation Name": "movie_keyword",
                                              "Alias": "mk",
                                              "Startup Cost": 0.43,
                                              "Total Cost": 146502.5,
                                              "Plan Rows": 1459332,
                                              "Plan Width": 8,
                                              "Actual Startup Time": 0.071,
                                              "Actual Total Time": 513.026,
                                              "Actual Rows": 2261962,
                                              "Actual Loops": 2
                                            },
                                            {
                                              "Node Type": "Sort",
                                              "Parent Relationship": "Inner",
                                              "Parallel Aware": false,
                                              "Startup Cost": 68509.93,
                                              "Total Cost": 68540.46,
                                              "Plan Rows": 12213,
                                              "Plan Width": 10,
                                              "Actual Startup Time": 445.637,
                                              "Actual Total Time": 548.406,
                                              "Actual Rows": 2072898,
                                              "Actual Loops": 2,
                                              "Sort Key": [
                                                "mi_idx.movie_id"
                                              ],
                                              "Sort Method": "quicksort",
                                              "Sort Space Used": 33847,
                                              "Sort Space Type": "Memory",
                                              "Workers": [
                                                {
                                                  "Worker Number": 0,
                                                  "Sort Method": "quicksort",
                                                  "Sort Space Used": 33847,
                                                  "Sort Space Type": "Memory"
                                                }
                                              ],
                                              "Plans": [
                                                {
                                                  "Node Type": "Merge Join",
                                                  "Parent Relationship": "Outer",
                                                  "Parallel Aware": false,
                                                  "Join Type": "Inner",
                                                  "Startup Cost": 2.86,
                                                  "Total Cost": 67680.9,
                                                  "Plan Rows": 12213,
                                                  "Plan Width": 10,
                                                  "Actual Startup Time": 151.065,
                                                  "Actual Total Time": 315.551,
                                                  "Actual Rows": 459925,
                                                  "Actual Loops": 2,
                                                  "Inner Unique": true,
                                                  "Merge Cond": "(mi_idx.info_type_id = it2.id)",
                                                  "Plans": [
                                                    {
                                                      "Node Type": "Index Scan",
                                                      "Parent Relationship": "Outer",
                                                      "Parallel Aware": false,
                                                      "Scan Direction": "Forward",
                                                      "Index Name": "info_type_id_movie_info_idx",
                                                      "Relation Name": "movie_info_idx",
                                                      "Alias": "mi_idx",
                                                      "Startup Cost": 0.43,
                                                      "Total Cost": 64106.25,
                                                      "Plan Rows": 1380035,
                                                      "Plan Width": 14,
                                                      "Actual Startup Time": 0.153,
                                                      "Actual Total Time": 194.937,
                                                      "Actual Rows": 919851,
                                                      "Actual Loops": 2
                                                    },
                                                    {
                                                      "Node Type": "Sort",
                                                      "Parent Relationship": "Inner",
                                                      "Parallel Aware": false,
                                                      "Startup Cost": 2.42,
                                                      "Total Cost": 2.43,
                                                      "Plan Rows": 1,
                                                      "Plan Width": 4,
                                                      "Actual Startup Time": 0.132,
                                                      "Actual Total Time": 0.133,
                                                      "Actual Rows": 1,
                                                      "Actual Loops": 2,
                                                      "Sort Key": [
                                                        "it2.id"
                                                      ],
                                                      "Sort Method": "quicksort",
                                                      "Sort Space Used": 25,
                                                      "Sort Space Type": "Memory",
                                                      "Workers": [
                                                        {
                                                          "Worker Number": 0,
                                                          "Sort Method": "quicksort",
                                                          "Sort Space Used": 25,
                                                          "Sort Space Type": "Memory"
                                                        }
                                                      ],
                                                      "Plans": [
                                                        {
                                                          "Node Type": "Seq Scan",
                                                          "Parent Relationship": "Outer",
                                                          "Parallel Aware": false,
                                                          "Relation Name": "info_type",
                                                          "Alias": "it2",
                                                          "Startup Cost": 0.0,
                                                          "Total Cost": 2.41,
                                                          "Plan Rows": 1,
                                                          "Plan Width": 4,
                                                          "Actual Startup Time": 0.07,
                                                          "Actual Total Time": 0.074,
                                                          "Actual Rows": 1,
                                                          "Actual Loops": 2,
                                                          "Filter": "((info)::text = 'votes'::text)",
                                                          "Rows Removed by Filter": 112
                                                        }
                                                      ]
                                                    }
                                                  ]
                                                }
                                              ]
                                            }
                                          ]
                                        }
                                      ]
                                    },
                                    {
                                      "Node Type": "Sort",
                                      "Parent Relationship": "Inner",
                                      "Parallel Aware": false,
                                      "Startup Cost": 3464.79,
                                      "Total Cost": 3464.8,
                                      "Plan Rows": 7,
                                      "Plan Width": 4,
                                      "Actual Startup Time": 26.893,
                                      "Actual Total Time": 26.898,
                                      "Actual Rows": 7,
                                      "Actual Loops": 2,
                                      "Sort Key": [
                                        "k.id"
                                      ],
                                      "Sort Method": "quicksort",
                                      "Sort Space Used": 25,
                                      "Sort Space Type": "Memory",
                                      "Workers": [
                                        {
                                          "Worker Number": 0,
                                          "Sort Method": "quicksort",
                                          "Sort Space Used": 25,
                                          "Sort Space Type": "Memory"
                                        }
                                      ],
                                      "Plans": [
                                        {
                                          "Node Type": "Seq Scan",
                                          "Parent Relationship": "Outer",
                                          "Parallel Aware": false,
                                          "Relation Name": "keyword",
                                          "Alias": "k",
                                          "Startup Cost": 0.0,
                                          "Total Cost": 3464.69,
                                          "Plan Rows": 7,
                                          "Plan Width": 4,
                                          "Actual Startup Time": 0.83,
                                          "Actual Total Time": 26.871,
                                          "Actual Rows": 7,
                                          "Actual Loops": 2,
                                          "Filter": "(keyword = ANY ('{murder,violence,blood,gore,death,female-nudity,hospital}'::text[]))",
                                          "Rows Removed by Filter": 134163
                                        }
                                      ]
                                    }
                                  ]
                                }
                              ]
                            }
                          ]
                        }
                      ]
                    },
                    {
                      "Node Type": "Sort",
                      "Parent Relationship": "Inner",
                      "Parallel Aware": false,
                      "Startup Cost": 201299.45,
                      "Total Cost": 201301.0,
                      "Plan Rows": 623,
                      "Plan Width": 47,
                      "Actual Startup Time": 452.799,
                      "Actual Total Time": 455.668,
                      "Actual Rows": 72979,
                      "Actual Loops": 1,
                      "Sort Key": [
                        "mi.movie_id"
                      ],
                      "Sort Method": "quicksort",
                      "Sort Space Used": 6460,
                      "Sort Space Type": "Memory",
                      "Plans": [
                        {
                          "Node Type": "Gather",
                          "Parent Relationship": "Outer",
                          "Parallel Aware": false,
                          "Startup Cost": 201136.59,
                          "Total Cost": 201270.53,
                          "Plan Rows": 623,
                          "Plan Width": 47,
                          "Actual Startup Time": 429.513,
                          "Actual Total Time": 438.633,
                          "Actual Rows": 72258,
                          "Actual Loops": 1,
                          "Workers Planned": 5,
                          "Workers Launched": 5,
                          "Single Copy": false,
                          "Plans": [
                            {
                              "Node Type": "Merge Join",
                              "Parent Relationship": "Outer",
                              "Parallel Aware": false,
                              "Join Type": "Inner",
                              "Startup Cost": 200136.59,
                              "Total Cost": 200208.23,
                              "Plan Rows": 125,
                              "Plan Width": 47,
                              "Actual Startup Time": 419.045,
                              "Actual Total Time": 421.061,
                              "Actual Rows": 12043,
                              "Actual Loops": 6,
                              "Inner Unique": true,
                              "Merge Cond": "(mi.info_type_id = it1.id)",
                              "Plans": [
                                {
                                  "Node Type": "Sort",
                                  "Parent Relationship": "Outer",
                                  "Parallel Aware": false,
                                  "Startup Cost": 200134.17,
                                  "Total Cost": 200169.36,
                                  "Plan Rows": 14076,
                                  "Plan Width": 51,
                                  "Actual Startup Time": 418.977,
                                  "Actual Total Time": 419.445,
                                  "Actual Rows": 12044,
                                  "Actual Loops": 6,
                                  "Sort Key": [
                                    "mi.info_type_id"
                                  ],
                                  "Sort Method": "quicksort",
                                  "Sort Space Used": 1252,
                                  "Sort Space Type": "Memory",
                                  "Workers": [
                                    {
                                      "Worker Number": 0,
                                      "Sort Method": "quicksort",
                                      "Sort Space Used": 719,
                                      "Sort Space Type": "Memory"
                                    },
                                    {
                                      "Worker Number": 1,
                                      "Sort Method": "quicksort",
                                      "Sort Space Used": 1223,
                                      "Sort Space Type": "Memory"
                                    },
                                    {
                                      "Worker Number": 2,
                                      "Sort Method": "quicksort",
                                      "Sort Space Used": 1226,
                                      "Sort Space Type": "Memory"
                                    },
                                    {
                                      "Worker Number": 3,
                                      "Sort Method": "quicksort",
                                      "Sort Space Used": 1253,
                                      "Sort Space Type": "Memory"
                                    },
                                    {
                                      "Worker Number": 4,
                                      "Sort Method": "quicksort",
                                      "Sort Space Used": 1185,
                                      "Sort Space Type": "Memory"
                                    }
                                  ],
                                  "Plans": [
                                    {
                                      "Node Type": "Seq Scan",
                                      "Parent Relationship": "Outer",
                                      "Parallel Aware": true,
                                      "Relation Name": "movie_info",
                                      "Alias": "mi",
                                      "Startup Cost": 0.0,
                                      "Total Cost": 199164.27,
                                      "Plan Rows": 14076,
                                      "Plan Width": 51,
                                      "Actual Startup Time": 267.574,
                                      "Actual Total Time": 415.704,
                                      "Actual Rows": 12174,
                                      "Actual Loops": 6,
                                      "Filter": "(info = ANY ('{Horror,Thriller}'::text[]))",
                                      "Rows Removed by Filter": 2460446
                                    }
                                  ]
                                },
                                {
                                  "Node Type": "Sort",
                                  "Parent Relationship": "Inner",
                                  "Parallel Aware": false,
                                  "Startup Cost": 2.42,
                                  "Total Cost": 2.43,
                                  "Plan Rows": 1,
                                  "Plan Width": 4,
                                  "Actual Startup Time": 0.061,
                                  "Actual Total Time": 0.062,
                                  "Actual Rows": 1,
                                  "Actual Loops": 6,
                                  "Sort Key": [
                                    "it1.id"
                                  ],
                                  "Sort Method": "quicksort",
                                  "Sort Space Used": 25,
                                  "Sort Space Type": "Memory",
                                  "Workers": [
                                    {
                                      "Worker Number": 0,
                                      "Sort Method": "quicksort",
                                      "Sort Space Used": 25,
                                      "Sort Space Type": "Memory"
                                    },
                                    {
                                      "Worker Number": 1,
                                      "Sort Method": "quicksort",
                                      "Sort Space Used": 25,
                                      "Sort Space Type": "Memory"
                                    },
                                    {
                                      "Worker Number": 2,
                                      "Sort Method": "quicksort",
                                      "Sort Space Used": 25,
                                      "Sort Space Type": "Memory"
                                    },
                                    {
                                      "Worker Number": 3,
                                      "Sort Method": "quicksort",
                                      "Sort Space Used": 25,
                                      "Sort Space Type": "Memory"
                                    },
                                    {
                                      "Worker Number": 4,
                                      "Sort Method": "quicksort",
                                      "Sort Space Used": 25,
                                      "Sort Space Type": "Memory"
                                    }
                                  ],
                                  "Plans": [
                                    {
                                      "Node Type": "Seq Scan",
                                      "Parent Relationship": "Outer",
                                      "Parallel Aware": false,
                                      "Relation Name": "info_type",
                                      "Alias": "it1",
                                      "Startup Cost": 0.0,
                                      "Total Cost": 2.41,
                                      "Plan Rows": 1,
                                      "Plan Width": 4,
                                      "Actual Startup Time": 0.043,
                                      "Actual Total Time": 0.048,
                                      "Actual Rows": 1,
                                      "Actual Loops": 6,
                                      "Filter": "((info)::text = 'genres'::text)",
                                      "Rows Removed by Filter": 112
                                    }
                                  ]
                                }
                              ]
                            }
                          ]
                        }
                      ]
                    }
                  ]
                }
              ]
            }
          ]
        }
      ]
    },
    "Planning Time": 2142.606,
    "Triggers": [],
    "Execution Time": 6901.253
  }
]