{
    "Plan": {
        "Node Type": "Aggregate",
        "Strategy": "Plain",
        "Partial Mode": "Finalize",
        "Parallel Aware": false,
        "Startup Cost": 76204.88,
        "Total Cost": 76204.89,
        "Plan Rows": 1,
        "Plan Width": 8,
        "Actual Startup Time": 154.629,
        "Actual Total Time": 181.36,
        "Actual Rows": 1,
        "Actual Loops": 1,
        "Output": [
            "count(*)"
        ],
        "Plans": [
            {
                "Node Type": "Gather",
                "Parent Relationship": "Outer",
                "Parallel Aware": false,
                "Startup Cost": 76204.46,
                "Total Cost": 76204.87,
                "Plan Rows": 4,
                "Plan Width": 8,
                "Actual Startup Time": 154.493,
                "Actual Total Time": 181.351,
                "Actual Rows": 5,
                "Actual Loops": 1,
                "Output": [
                    "(PARTIAL count(*))"
                ],
                "Workers Planned": 4,
                "Workers Launched": 4,
                "Single Copy": false,
                "Plans": [
                    {
                        "Node Type": "Aggregate",
                        "Strategy": "Plain",
                        "Partial Mode": "Partial",
                        "Parent Relationship": "Outer",
                        "Parallel Aware": false,
                        "Startup Cost": 75204.46,
                        "Total Cost": 75204.47,
                        "Plan Rows": 1,
                        "Plan Width": 8,
                        "Actual Startup Time": 144.094,
                        "Actual Total Time": 144.096,
                        "Actual Rows": 1,
                        "Actual Loops": 5,
                        "Output": [
                            "PARTIAL count(*)"
                        ],
                        "Workers": [
                            {
                                "Worker Number": 0,
                                "Actual Startup Time": 141.293,
                                "Actual Total Time": 141.294,
                                "Actual Rows": 1,
                                "Actual Loops": 1
                            },
                            {
                                "Worker Number": 1,
                                "Actual Startup Time": 141.23,
                                "Actual Total Time": 141.232,
                                "Actual Rows": 1,
                                "Actual Loops": 1
                            },
                            {
                                "Worker Number": 2,
                                "Actual Startup Time": 141.998,
                                "Actual Total Time": 142.0,
                                "Actual Rows": 1,
                                "Actual Loops": 1
                            },
                            {
                                "Worker Number": 3,
                                "Actual Startup Time": 142.303,
                                "Actual Total Time": 142.305,
                                "Actual Rows": 1,
                                "Actual Loops": 1
                            }
                        ],
                        "Plans": [
                            {
                                "Node Type": "Nested Loop",
                                "Parent Relationship": "Outer",
                                "Parallel Aware": false,
                                "Join Type": "Inner",
                                "Startup Cost": 1.0,
                                "Total Cost": 75203.25,
                                "Plan Rows": 484,
                                "Plan Width": 0,
                                "Actual Startup Time": 50.095,
                                "Actual Total Time": 143.701,
                                "Actual Rows": 5102,
                                "Actual Loops": 5,
                                "Inner Unique": false,
                                "Join Filter": "(t.id = mi.movie_id)",
                                "Rows Removed by Join Filter": 0,
                                "Workers": [
                                    {
                                        "Worker Number": 0,
                                        "Actual Startup Time": 55.961,
                                        "Actual Total Time": 140.938,
                                        "Actual Rows": 3564,
                                        "Actual Loops": 1
                                    },
                                    {
                                        "Worker Number": 1,
                                        "Actual Startup Time": 12.478,
                                        "Actual Total Time": 140.828,
                                        "Actual Rows": 4611,
                                        "Actual Loops": 1
                                    },
                                    {
                                        "Worker Number": 2,
                                        "Actual Startup Time": 56.841,
                                        "Actual Total Time": 141.647,
                                        "Actual Rows": 3550,
                                        "Actual Loops": 1
                                    },
                                    {
                                        "Worker Number": 3,
                                        "Actual Startup Time": 56.93,
                                        "Actual Total Time": 141.939,
                                        "Actual Rows": 3569,
                                        "Actual Loops": 1
                                    }
                                ],
                                "Plans": [
                                    {
                                        "Node Type": "Nested Loop",
                                        "Parent Relationship": "Outer",
                                        "Parallel Aware": false,
                                        "Join Type": "Inner",
                                        "Startup Cost": 0.56,
                                        "Total Cost": 74940.28,
                                        "Plan Rows": 128,
                                        "Plan Width": 8,
                                        "Actual Startup Time": 49.979,
                                        "Actual Total Time": 123.516,
                                        "Actual Rows": 434,
                                        "Actual Loops": 5,
                                        "Output": [
                                            "t.id",
                                            "ci.movie_id"
                                        ],
                                        "Inner Unique": false,
                                        "Workers": [
                                            {
                                                "Worker Number": 0,
                                                "Actual Startup Time": 55.871,
                                                "Actual Total Time": 120.34,
                                                "Actual Rows": 314,
                                                "Actual Loops": 1
                                            },
                                            {
                                                "Worker Number": 1,
                                                "Actual Startup Time": 12.22,
                                                "Actual Total Time": 118.22,
                                                "Actual Rows": 325,
                                                "Actual Loops": 1
                                            },
                                            {
                                                "Worker Number": 2,
                                                "Actual Startup Time": 56.734,
                                                "Actual Total Time": 121.112,
                                                "Actual Rows": 312,
                                                "Actual Loops": 1
                                            },
                                            {
                                                "Worker Number": 3,
                                                "Actual Startup Time": 56.824,
                                                "Actual Total Time": 121.182,
                                                "Actual Rows": 309,
                                                "Actual Loops": 1
                                            }
                                        ],
                                        "Plans": [
                                            {
                                                "Node Type": "Seq Scan",
                                                "Parent Relationship": "Outer",
                                                "Parallel Aware": true,
                                                "Relation Name": "title",
                                                "Schema": "public",
                                                "Alias": "t",
                                                "Startup Cost": 0.0,
                                                "Total Cost": 45479.21,
                                                "Plan Rows": 198,
                                                "Plan Width": 4,
                                                "Actual Startup Time": 48.944,
                                                "Actual Total Time": 81.19,
                                                "Actual Rows": 441,
                                                "Actual Loops": 5,
                                                "Output": [
                                                    "t.id",
                                                    "t.title",
                                                    "t.imdb_index",
                                                    "t.kind_id",
                                                    "t.production_year",
                                                    "t.imdb_id",
                                                    "t.phonetic_code",
                                                    "t.episode_of_id",
                                                    "t.season_nr",
                                                    "t.episode_nr",
                                                    "t.series_years",
                                                    "t.md5sum"
                                                ],
                                                "Filter": "((t.kind_id < 7) AND (t.production_year = 1941))",
                                                "Rows Removed by Filter": 505222,
                                                "Workers": [
                                                    {
                                                        "Worker Number": 0,
                                                        "Actual Startup Time": 55.719,
                                                        "Actual Total Time": 75.11,
                                                        "Actual Rows": 326,
                                                        "Actual Loops": 1
                                                    },
                                                    {
                                                        "Worker Number": 1,
                                                        "Actual Startup Time": 11.849,
                                                        "Actual Total Time": 72.133,
                                                        "Actual Rows": 327,
                                                        "Actual Loops": 1
                                                    },
                                                    {
                                                        "Worker Number": 2,
                                                        "Actual Startup Time": 56.503,
                                                        "Actual Total Time": 76.171,
                                                        "Actual Rows": 316,
                                                        "Actual Loops": 1
                                                    },
                                                    {
                                                        "Worker Number": 3,
                                                        "Actual Startup Time": 56.64,
                                                        "Actual Total Time": 76.242,
                                                        "Actual Rows": 306,
                                                        "Actual Loops": 1
                                                    }
                                                ]
                                            },
                                            {
                                                "Node Type": "Index Scan",
                                                "Parent Relationship": "Inner",
                                                "Parallel Aware": false,
                                                "Scan Direction": "Forward",
                                                "Index Name": "movie_id_cast_info",
                                                "Relation Name": "cast_info",
                                                "Schema": "public",
                                                "Alias": "ci",
                                                "Startup Cost": 0.56,
                                                "Total Cost": 148.77,
                                                "Plan Rows": 2,
                                                "Plan Width": 4,
                                                "Actual Startup Time": 0.09,
                                                "Actual Total Time": 0.095,
                                                "Actual Rows": 1,
                                                "Actual Loops": 2203,
                                                "Output": [
                                                    "ci.id",
                                                    "ci.person_id",
                                                    "ci.movie_id",
                                                    "ci.person_role_id",
                                                    "ci.note",
                                                    "ci.nr_order",
                                                    "ci.role_id"
                                                ],
                                                "Index Cond": "(ci.movie_id = t.id)",
                                                "Rows Removed by Index Recheck": 0,
                                                "Filter": "(ci.role_id = 8)",
                                                "Rows Removed by Filter": 20,
                                                "Workers": [
                                                    {
                                                        "Worker Number": 0,
                                                        "Actual Startup Time": 0.131,
                                                        "Actual Total Time": 0.138,
                                                        "Actual Rows": 1,
                                                        "Actual Loops": 326
                                                    },
                                                    {
                                                        "Worker Number": 1,
                                                        "Actual Startup Time": 0.132,
                                                        "Actual Total Time": 0.14,
                                                        "Actual Rows": 1,
                                                        "Actual Loops": 327
                                                    },
                                                    {
                                                        "Worker Number": 2,
                                                        "Actual Startup Time": 0.133,
                                                        "Actual Total Time": 0.141,
                                                        "Actual Rows": 1,
                                                        "Actual Loops": 316
                                                    },
                                                    {
                                                        "Worker Number": 3,
                                                        "Actual Startup Time": 0.137,
                                                        "Actual Total Time": 0.146,
                                                        "Actual Rows": 1,
                                                        "Actual Loops": 306
                                                    }
                                                ]
                                            }
                                        ]
                                    },
                                    {
                                        "Node Type": "Index Scan",
                                        "Parent Relationship": "Inner",
                                        "Parallel Aware": false,
                                        "Scan Direction": "Forward",
                                        "Index Name": "movie_id_movie_info",
                                        "Relation Name": "movie_info",
                                        "Schema": "public",
                                        "Alias": "mi",
                                        "Startup Cost": 0.43,
                                        "Total Cost": 1.74,
                                        "Plan Rows": 25,
                                        "Plan Width": 4,
                                        "Actual Startup Time": 0.013,
                                        "Actual Total Time": 0.045,
                                        "Actual Rows": 12,
                                        "Actual Loops": 2168,
                                        "Output": [
                                            "mi.id",
                                            "mi.movie_id",
                                            "mi.info_type_id",
                                            "mi.info",
                                            "mi.note"
                                        ],
                                        "Index Cond": "(mi.movie_id = ci.movie_id)",
                                        "Rows Removed by Index Recheck": 0,
                                        "Filter": "(mi.info_type_id < 16)",
                                        "Rows Removed by Filter": 6,
                                        "Workers": [
                                            {
                                                "Worker Number": 0,
                                                "Actual Startup Time": 0.018,
                                                "Actual Total Time": 0.064,
                                                "Actual Rows": 11,
                                                "Actual Loops": 314
                                            },
                                            {
                                                "Worker Number": 1,
                                                "Actual Startup Time": 0.018,
                                                "Actual Total Time": 0.067,
                                                "Actual Rows": 14,
                                                "Actual Loops": 325
                                            },
                                            {
                                                "Worker Number": 2,
                                                "Actual Startup Time": 0.018,
                                                "Actual Total Time": 0.064,
                                                "Actual Rows": 11,
                                                "Actual Loops": 312
                                            },
                                            {
                                                "Worker Number": 3,
                                                "Actual Startup Time": 0.018,
                                                "Actual Total Time": 0.065,
                                                "Actual Rows": 12,
                                                "Actual Loops": 309
                                            }
                                        ]
                                    }
                                ]
                            }
                        ]
                    }
                ]
            }
        ]
    },
    "Planning Time": 1.568,
    "Triggers": [],
    "Execution Time": 181.46
}