[
    {
        "Bao": {
            "Bao prediction": 448.12,
            "Bao recommended hint": "(no hint)"
        }
    },
    {
        "Plan": {
            "Node Type": "Aggregate",
            "Strategy": "Plain",
            "Partial Mode": "Finalize",
            "Parallel Aware": false,
            "Startup Cost": 44435.76,
            "Total Cost": 44435.77,
            "Plan Rows": 1,
            "Plan Width": 8,
            "Actual Startup Time": 155.652,
            "Actual Total Time": 161.687,
            "Actual Rows": 1,
            "Actual Loops": 1,
            "Output": [
                "count(*)"
            ],
            "Plans": [
                {
                    "Node Type": "Gather",
                    "Parent Relationship": "Outer",
                    "Parallel Aware": false,
                    "Startup Cost": 44435.44,
                    "Total Cost": 44435.75,
                    "Plan Rows": 3,
                    "Plan Width": 8,
                    "Actual Startup Time": 155.514,
                    "Actual Total Time": 161.679,
                    "Actual Rows": 4,
                    "Actual Loops": 1,
                    "Output": [
                        "(PARTIAL count(*))"
                    ],
                    "Workers Planned": 3,
                    "Workers Launched": 3,
                    "Single Copy": false,
                    "Plans": [
                        {
                            "Node Type": "Aggregate",
                            "Strategy": "Plain",
                            "Partial Mode": "Partial",
                            "Parent Relationship": "Outer",
                            "Parallel Aware": false,
                            "Startup Cost": 43435.44,
                            "Total Cost": 43435.45,
                            "Plan Rows": 1,
                            "Plan Width": 8,
                            "Actual Startup Time": 147.95,
                            "Actual Total Time": 147.951,
                            "Actual Rows": 1,
                            "Actual Loops": 4,
                            "Output": [
                                "PARTIAL count(*)"
                            ],
                            "Workers": [
                                {
                                    "Worker Number": 0,
                                    "Actual Startup Time": 145.414,
                                    "Actual Total Time": 145.415,
                                    "Actual Rows": 1,
                                    "Actual Loops": 1
                                },
                                {
                                    "Worker Number": 1,
                                    "Actual Startup Time": 145.609,
                                    "Actual Total Time": 145.611,
                                    "Actual Rows": 1,
                                    "Actual Loops": 1
                                },
                                {
                                    "Worker Number": 2,
                                    "Actual Startup Time": 145.855,
                                    "Actual Total Time": 145.856,
                                    "Actual Rows": 1,
                                    "Actual Loops": 1
                                }
                            ],
                            "Plans": [
                                {
                                    "Node Type": "Seq Scan",
                                    "Parent Relationship": "Outer",
                                    "Parallel Aware": true,
                                    "Relation Name": "movie_keyword",
                                    "Schema": "public",
                                    "Alias": "mk",
                                    "Startup Cost": 0.0,
                                    "Total Cost": 42695.65,
                                    "Plan Rows": 295915,
                                    "Plan Width": 0,
                                    "Actual Startup Time": 4.578,
                                    "Actual Total Time": 130.774,
                                    "Actual Rows": 222977,
                                    "Actual Loops": 4,
                                    "Output": [
                                        "id",
                                        "movie_id",
                                        "keyword_id"
                                    ],
                                    "Filter": "(mk.keyword_id > 20647)",
                                    "Rows Removed by Filter": 908006,
                                    "Workers": [
                                        {
                                            "Worker Number": 0,
                                            "Actual Startup Time": 2.063,
                                            "Actual Total Time": 128.851,
                                            "Actual Rows": 211336,
                                            "Actual Loops": 1
                                        },
                                        {
                                            "Worker Number": 1,
                                            "Actual Startup Time": 2.22,
                                            "Actual Total Time": 129.025,
                                            "Actual Rows": 210829,
                                            "Actual Loops": 1
                                        },
                                        {
                                            "Worker Number": 2,
                                            "Actual Startup Time": 2.513,
                                            "Actual Total Time": 129.313,
                                            "Actual Rows": 210382,
                                            "Actual Loops": 1
                                        }
                                    ]
                                }
                            ]
                        }
                    ]
                }
            ]
        },
        "Planning Time": 1202.228,
        "Triggers": [],
        "Execution Time": 161.799
    }
]