{
  "Plan": {
    "Node Type": "Aggregate",
    "Strategy": "Plain",
    "Partial Mode": "Finalize",
    "Parallel Aware": false,
    "Startup Cost": 371474.25,
    "Total Cost": 371474.26,
    "Plan Rows": 1,
    "Plan Width": 8,
    "Actual Startup Time": 1582.8,
    "Actual Total Time": 1610.357,
    "Actual Rows": 1,
    "Actual Loops": 1,
    "Plans": [
      {
        "Node Type": "Gather",
        "Parent Relationship": "Outer",
        "Parallel Aware": false,
        "Startup Cost": 371474.14,
        "Total Cost": 371474.25,
        "Plan Rows": 1,
        "Plan Width": 8,
        "Actual Startup Time": 1579.216,
        "Actual Total Time": 1610.35,
        "Actual Rows": 2,
        "Actual Loops": 1,
        "Workers Planned": 1,
        "Workers Launched": 1,
        "Single Copy": false,
        "Plans": [
          {
            "Node Type": "Aggregate",
            "Strategy": "Plain",
            "Partial Mode": "Partial",
            "Parent Relationship": "Outer",
            "Parallel Aware": false,
            "Startup Cost": 370474.14,
            "Total Cost": 370474.15,
            "Plan Rows": 1,
            "Plan Width": 8,
            "Actual Startup Time": 1573.033,
            "Actual Total Time": 1573.039,
            "Actual Rows": 1,
            "Actual Loops": 2,
            "Plans": [
              {
                "Node Type": "Hash Join",
                "Parent Relationship": "Outer",
                "Parallel Aware": true,
                "Join Type": "Inner",
                "Startup Cost": 109459.14,
                "Total Cost": 368905.22,
                "Plan Rows": 627567,
                "Plan Width": 0,
                "Actual Startup Time": 575.905,
                "Actual Total Time": 1548.79,
                "Actual Rows": 584964,
                "Actual Loops": 2,
                "Inner Unique": false,
                "Hash Cond": "(ci.movie_id = t.id)",
                "Plans": [
                  {
                    "Node Type": "Index Scan",
                    "Parent Relationship": "Outer",
                    "Parallel Aware": true,
                    "Scan Direction": "Forward",
                    "Index Name": "role_id_cast_info",
                    "Relation Name": "cast_info",
                    "Alias": "ci",
                    "Startup Cost": 0.56,
                    "Total Cost": 238594.73,
                    "Plan Rows": 4576095,
                    "Plan Width": 4,
                    "Actual Startup Time": 0.07,
                    "Actual Total Time": 489.246,
                    "Actual Rows": 3856320,
                    "Actual Loops": 2,
                    "Index Cond": "(role_id > 6)",
                    "Rows Removed by Index Recheck": 0
                  },
                  {
                    "Node Type": "Hash",
                    "Parent Relationship": "Inner",
                    "Parallel Aware": true,
                    "Startup Cost": 106909.09,
                    "Total Cost": 106909.09,
                    "Plan Rows": 203959,
                    "Plan Width": 8,
                    "Actual Startup Time": 569.96,
                    "Actual Total Time": 569.964,
                    "Actual Rows": 67451,
                    "Actual Loops": 2,
                    "Hash Buckets": 524288,
                    "Original Hash Buckets": 524288,
                    "Hash Batches": 1,
                    "Original Hash Batches": 1,
                    "Peak Memory Usage": 9408,
                    "Plans": [
                      {
                        "Node Type": "Hash Join",
                        "Parent Relationship": "Outer",
                        "Parallel Aware": true,
                        "Join Type": "Inner",
                        "Startup Cost": 78273.13,
                        "Total Cost": 106909.09,
                        "Plan Rows": 203959,
                        "Plan Width": 8,
                        "Actual Startup Time": 443.421,
                        "Actual Total Time": 554.995,
                        "Actual Rows": 67451,
                        "Actual Loops": 2,
                        "Inner Unique": true,
                        "Hash Cond": "(mk.movie_id = t.id)",
                        "Plans": [
                          {
                            "Node Type": "Bitmap Heap Scan",
                            "Parent Relationship": "Outer",
                            "Parallel Aware": true,
                            "Relation Name": "movie_keyword",
                            "Alias": "mk",
                            "Startup Cost": 9971.23,
                            "Total Cost": 37881.39,
                            "Plan Rows": 276493,
                            "Plan Width": 4,
                            "Actual Startup Time": 30.222,
                            "Actual Total Time": 89.452,
                            "Actual Rows": 229488,
                            "Actual Loops": 2,
                            "Recheck Cond": "(keyword_id > 38677)",
                            "Rows Removed by Index Recheck": 0,
                            "Exact Heap Blocks": 12849,
                            "Lossy Heap Blocks": 0,
                            "Plans": [
                              {
                                "Node Type": "Bitmap Index Scan",
                                "Parent Relationship": "Outer",
                                "Parallel Aware": false,
                                "Index Name": "keyword_id_movie_keyword",
                                "Startup Cost": 0.0,
                                "Total Cost": 9853.72,
                                "Plan Rows": 470038,
                                "Plan Width": 0,
                                "Actual Startup Time": 26.812,
                                "Actual Total Time": 26.812,
                                "Actual Rows": 458977,
                                "Actual Loops": 1,
                                "Index Cond": "(keyword_id > 38677)"
                              }
                            ]
                          },
                          {
                            "Node Type": "Hash",
                            "Parent Relationship": "Inner",
                            "Parallel Aware": true,
                            "Startup Cost": 54588.39,
                            "Total Cost": 54588.39,
                            "Plan Rows": 1097081,
                            "Plan Width": 4,
                            "Actual Startup Time": 402.059,
                            "Actual Total Time": 402.06,
                            "Actual Rows": 932744,
                            "Actual Loops": 2,
                            "Hash Buckets": 2097152,
                            "Original Hash Buckets": 2097152,
                            "Hash Batches": 1,
                            "Original Hash Batches": 1,
                            "Peak Memory Usage": 89376,
                            "Plans": [
                              {
                                "Node Type": "Seq Scan",
                                "Parent Relationship": "Outer",
                                "Parallel Aware": true,
                                "Relation Name": "title",
                                "Alias": "t",
                                "Startup Cost": 0.0,
                                "Total Cost": 54588.39,
                                "Plan Rows": 1097081,
                                "Plan Width": 4,
                                "Actual Startup Time": 0.036,
                                "Actual Total Time": 158.366,
                                "Actual Rows": 932744,
                                "Actual Loops": 2,
                                "Filter": "(kind_id > 1)",
                                "Rows Removed by Filter": 331412
                              }
                            ]
                          }
                        ]
                      }
                    ]
                  }
                ]
              }
            ]
          }
        ]
      }
    ]
  },
  "Planning Time": 1.046,
  "Triggers": [],
  "Execution Time": 1610.467
}