{
    "Plan": {
        "Node Type": "Aggregate",
        "Strategy": "Plain",
        "Partial Mode": "Finalize",
        "Parallel Aware": false,
        "Startup Cost": 249904.97,
        "Total Cost": 249904.98,
        "Plan Rows": 1,
        "Plan Width": 8,
        "Actual Startup Time": 838.558,
        "Actual Total Time": 885.705,
        "Actual Rows": 1,
        "Actual Loops": 1,
        "Output": [
            "count(*)"
        ],
        "Plans": [
            {
                "Node Type": "Gather",
                "Parent Relationship": "Outer",
                "Parallel Aware": false,
                "Startup Cost": 249904.45,
                "Total Cost": 249904.96,
                "Plan Rows": 5,
                "Plan Width": 8,
                "Actual Startup Time": 830.157,
                "Actual Total Time": 885.69,
                "Actual Rows": 6,
                "Actual Loops": 1,
                "Output": [
                    "(PARTIAL count(*))"
                ],
                "Workers Planned": 5,
                "Workers Launched": 5,
                "Single Copy": false,
                "Plans": [
                    {
                        "Node Type": "Aggregate",
                        "Strategy": "Plain",
                        "Partial Mode": "Partial",
                        "Parent Relationship": "Outer",
                        "Parallel Aware": false,
                        "Startup Cost": 248904.45,
                        "Total Cost": 248904.46,
                        "Plan Rows": 1,
                        "Plan Width": 8,
                        "Actual Startup Time": 815.863,
                        "Actual Total Time": 815.868,
                        "Actual Rows": 1,
                        "Actual Loops": 6,
                        "Output": [
                            "PARTIAL count(*)"
                        ],
                        "Workers": [
                            {
                                "Worker Number": 0,
                                "Actual Startup Time": 812.925,
                                "Actual Total Time": 812.928,
                                "Actual Rows": 1,
                                "Actual Loops": 1
                            },
                            {
                                "Worker Number": 1,
                                "Actual Startup Time": 813.328,
                                "Actual Total Time": 813.332,
                                "Actual Rows": 1,
                                "Actual Loops": 1
                            },
                            {
                                "Worker Number": 2,
                                "Actual Startup Time": 813.087,
                                "Actual Total Time": 813.09,
                                "Actual Rows": 1,
                                "Actual Loops": 1
                            },
                            {
                                "Worker Number": 3,
                                "Actual Startup Time": 813.205,
                                "Actual Total Time": 813.208,
                                "Actual Rows": 1,
                                "Actual Loops": 1
                            },
                            {
                                "Worker Number": 4,
                                "Actual Startup Time": 813.28,
                                "Actual Total Time": 813.283,
                                "Actual Rows": 1,
                                "Actual Loops": 1
                            }
                        ],
                        "Plans": [
                            {
                                "Node Type": "Hash Join",
                                "Parent Relationship": "Outer",
                                "Parallel Aware": true,
                                "Join Type": "Inner",
                                "Startup Cost": 47352.58,
                                "Total Cost": 248119.32,
                                "Plan Rows": 314050,
                                "Plan Width": 0,
                                "Actual Startup Time": 252.442,
                                "Actual Total Time": 799.958,
                                "Actual Rows": 247192,
                                "Actual Loops": 6,
                                "Inner Unique": true,
                                "Hash Cond": "(mi.movie_id = t.id)",
                                "Workers": [
                                    {
                                        "Worker Number": 0,
                                        "Actual Startup Time": 249.623,
                                        "Actual Total Time": 797.471,
                                        "Actual Rows": 243057,
                                        "Actual Loops": 1
                                    },
                                    {
                                        "Worker Number": 1,
                                        "Actual Startup Time": 249.266,
                                        "Actual Total Time": 798.099,
                                        "Actual Rows": 241751,
                                        "Actual Loops": 1
                                    },
                                    {
                                        "Worker Number": 2,
                                        "Actual Startup Time": 249.789,
                                        "Actual Total Time": 797.401,
                                        "Actual Rows": 247512,
                                        "Actual Loops": 1
                                    },
                                    {
                                        "Worker Number": 3,
                                        "Actual Startup Time": 249.915,
                                        "Actual Total Time": 797.784,
                                        "Actual Rows": 242460,
                                        "Actual Loops": 1
                                    },
                                    {
                                        "Worker Number": 4,
                                        "Actual Startup Time": 249.992,
                                        "Actual Total Time": 797.802,
                                        "Actual Rows": 243835,
                                        "Actual Loops": 1
                                    }
                                ],
                                "Plans": [
                                    {
                                        "Node Type": "Seq Scan",
                                        "Parent Relationship": "Outer",
                                        "Parallel Aware": true,
                                        "Relation Name": "movie_info",
                                        "Schema": "public",
                                        "Alias": "mi",
                                        "Startup Cost": 0.0,
                                        "Total Cost": 198880.74,
                                        "Plan Rows": 718477,
                                        "Plan Width": 4,
                                        "Actual Startup Time": 36.352,
                                        "Actual Total Time": 386.633,
                                        "Actual Rows": 604163,
                                        "Actual Loops": 6,
                                        "Output": [
                                            "mi.id",
                                            "mi.movie_id",
                                            "mi.info_type_id",
                                            "mi.info",
                                            "mi.note"
                                        ],
                                        "Filter": "(mi.info_type_id < 4)",
                                        "Rows Removed by Filter": 1868457,
                                        "Workers": [
                                            {
                                                "Worker Number": 0,
                                                "Actual Startup Time": 36.494,
                                                "Actual Total Time": 388.076,
                                                "Actual Rows": 591488,
                                                "Actual Loops": 1
                                            },
                                            {
                                                "Worker Number": 1,
                                                "Actual Startup Time": 36.359,
                                                "Actual Total Time": 388.184,
                                                "Actual Rows": 594515,
                                                "Actual Loops": 1
                                            },
                                            {
                                                "Worker Number": 2,
                                                "Actual Startup Time": 36.324,
                                                "Actual Total Time": 388.553,
                                                "Actual Rows": 600266,
                                                "Actual Loops": 1
                                            },
                                            {
                                                "Worker Number": 3,
                                                "Actual Startup Time": 36.329,
                                                "Actual Total Time": 387.847,
                                                "Actual Rows": 591873,
                                                "Actual Loops": 1
                                            },
                                            {
                                                "Worker Number": 4,
                                                "Actual Startup Time": 36.286,
                                                "Actual Total Time": 388.32,
                                                "Actual Rows": 596866,
                                                "Actual Loops": 1
                                            }
                                        ]
                                    },
                                    {
                                        "Node Type": "Hash",
                                        "Parent Relationship": "Inner",
                                        "Parallel Aware": true,
                                        "Startup Cost": 43899.01,
                                        "Total Cost": 43899.01,
                                        "Plan Rows": 276286,
                                        "Plan Width": 4,
                                        "Actual Startup Time": 210.421,
                                        "Actual Total Time": 210.422,
                                        "Actual Rows": 184654,
                                        "Actual Loops": 6,
                                        "Output": [
                                            "t.id"
                                        ],
                                        "Hash Buckets": 2097152,
                                        "Original Hash Buckets": 2097152,
                                        "Hash Batches": 1,
                                        "Original Hash Batches": 1,
                                        "Peak Memory Usage": 59840,
                                        "Workers": [
                                            {
                                                "Worker Number": 0,
                                                "Actual Startup Time": 212.539,
                                                "Actual Total Time": 212.54,
                                                "Actual Rows": 172692,
                                                "Actual Loops": 1
                                            },
                                            {
                                                "Worker Number": 1,
                                                "Actual Startup Time": 211.906,
                                                "Actual Total Time": 211.907,
                                                "Actual Rows": 172269,
                                                "Actual Loops": 1
                                            },
                                            {
                                                "Worker Number": 2,
                                                "Actual Startup Time": 212.659,
                                                "Actual Total Time": 212.66,
                                                "Actual Rows": 172133,
                                                "Actual Loops": 1
                                            },
                                            {
                                                "Worker Number": 3,
                                                "Actual Startup Time": 212.771,
                                                "Actual Total Time": 212.772,
                                                "Actual Rows": 172045,
                                                "Actual Loops": 1
                                            },
                                            {
                                                "Worker Number": 4,
                                                "Actual Startup Time": 212.875,
                                                "Actual Total Time": 212.876,
                                                "Actual Rows": 172529,
                                                "Actual Loops": 1
                                            }
                                        ],
                                        "Plans": [
                                            {
                                                "Node Type": "Seq Scan",
                                                "Parent Relationship": "Outer",
                                                "Parallel Aware": true,
                                                "Relation Name": "title",
                                                "Schema": "public",
                                                "Alias": "t",
                                                "Startup Cost": 0.0,
                                                "Total Cost": 43899.01,
                                                "Plan Rows": 276286,
                                                "Plan Width": 4,
                                                "Actual Startup Time": 0.071,
                                                "Actual Total Time": 103.393,
                                                "Actual Rows": 184654,
                                                "Actual Loops": 6,
                                                "Output": [
                                                    "t.id"
                                                ],
                                                "Filter": "(t.production_year > 2004)",
                                                "Rows Removed by Filter": 236731,
                                                "Workers": [
                                                    {
                                                        "Worker Number": 0,
                                                        "Actual Startup Time": 0.087,
                                                        "Actual Total Time": 105.731,
                                                        "Actual Rows": 172692,
                                                        "Actual Loops": 1
                                                    },
                                                    {
                                                        "Worker Number": 1,
                                                        "Actual Startup Time": 0.088,
                                                        "Actual Total Time": 105.219,
                                                        "Actual Rows": 172269,
                                                        "Actual Loops": 1
                                                    },
                                                    {
                                                        "Worker Number": 2,
                                                        "Actual Startup Time": 0.076,
                                                        "Actual Total Time": 104.696,
                                                        "Actual Rows": 172133,
                                                        "Actual Loops": 1
                                                    },
                                                    {
                                                        "Worker Number": 3,
                                                        "Actual Startup Time": 0.085,
                                                        "Actual Total Time": 105.36,
                                                        "Actual Rows": 172045,
                                                        "Actual Loops": 1
                                                    },
                                                    {
                                                        "Worker Number": 4,
                                                        "Actual Startup Time": 0.073,
                                                        "Actual Total Time": 105.171,
                                                        "Actual Rows": 172529,
                                                        "Actual Loops": 1
                                                    }
                                                ]
                                            }
                                        ]
                                    }
                                ]
                            }
                        ]
                    }
                ]
            }
        ]
    },
    "Planning Time": 0.776,
    "Triggers": [],
    "Execution Time": 885.793
}