[
    {
        "Bao": {
            "Bao prediction": 365.504,
            "Bao recommended hint": "SET enable_nestloop TO off; "
        }
    },
    {
        "Plan": {
            "Node Type": "Aggregate",
            "Strategy": "Plain",
            "Partial Mode": "Finalize",
            "Parallel Aware": false,
            "Startup Cost": 68883.53,
            "Total Cost": 68883.54,
            "Plan Rows": 1,
            "Plan Width": 8,
            "Actual Startup Time": 154.755,
            "Actual Total Time": 165.122,
            "Actual Rows": 1,
            "Actual Loops": 1,
            "Output": [
                "count(*)"
            ],
            "Plans": [
                {
                    "Node Type": "Gather",
                    "Parent Relationship": "Outer",
                    "Parallel Aware": false,
                    "Startup Cost": 68883.21,
                    "Total Cost": 68883.52,
                    "Plan Rows": 3,
                    "Plan Width": 8,
                    "Actual Startup Time": 154.479,
                    "Actual Total Time": 165.112,
                    "Actual Rows": 4,
                    "Actual Loops": 1,
                    "Output": [
                        "(PARTIAL count(*))"
                    ],
                    "Workers Planned": 3,
                    "Workers Launched": 3,
                    "Single Copy": false,
                    "Plans": [
                        {
                            "Node Type": "Aggregate",
                            "Strategy": "Plain",
                            "Partial Mode": "Partial",
                            "Parent Relationship": "Outer",
                            "Parallel Aware": false,
                            "Startup Cost": 67883.21,
                            "Total Cost": 67883.22,
                            "Plan Rows": 1,
                            "Plan Width": 8,
                            "Actual Startup Time": 145.858,
                            "Actual Total Time": 145.863,
                            "Actual Rows": 1,
                            "Actual Loops": 4,
                            "Output": [
                                "PARTIAL count(*)"
                            ],
                            "Workers": [
                                {
                                    "Worker Number": 0,
                                    "Actual Startup Time": 143.204,
                                    "Actual Total Time": 143.208,
                                    "Actual Rows": 1,
                                    "Actual Loops": 1
                                },
                                {
                                    "Worker Number": 1,
                                    "Actual Startup Time": 143.225,
                                    "Actual Total Time": 143.228,
                                    "Actual Rows": 1,
                                    "Actual Loops": 1
                                },
                                {
                                    "Worker Number": 2,
                                    "Actual Startup Time": 143.196,
                                    "Actual Total Time": 143.205,
                                    "Actual Rows": 1,
                                    "Actual Loops": 1
                                }
                            ],
                            "Plans": [
                                {
                                    "Node Type": "Hash Join",
                                    "Parent Relationship": "Outer",
                                    "Parallel Aware": true,
                                    "Join Type": "Inner",
                                    "Startup Cost": 48073.55,
                                    "Total Cost": 67883.15,
                                    "Plan Rows": 26,
                                    "Plan Width": 0,
                                    "Actual Startup Time": 143.348,
                                    "Actual Total Time": 145.855,
                                    "Actual Rows": 2,
                                    "Actual Loops": 4,
                                    "Inner Unique": true,
                                    "Hash Cond": "(mc.movie_id = t.id)",
                                    "Workers": [
                                        {
                                            "Worker Number": 0,
                                            "Actual Startup Time": 137.465,
                                            "Actual Total Time": 143.198,
                                            "Actual Rows": 3,
                                            "Actual Loops": 1
                                        },
                                        {
                                            "Worker Number": 1,
                                            "Actual Startup Time": 142.985,
                                            "Actual Total Time": 143.22,
                                            "Actual Rows": 1,
                                            "Actual Loops": 1
                                        },
                                        {
                                            "Worker Number": 2,
                                            "Actual Startup Time": 143.191,
                                            "Actual Total Time": 143.199,
                                            "Actual Rows": 0,
                                            "Actual Loops": 1
                                        }
                                    ],
                                    "Plans": [
                                        {
                                            "Node Type": "Bitmap Heap Scan",
                                            "Parent Relationship": "Outer",
                                            "Parallel Aware": true,
                                            "Relation Name": "movie_companies",
                                            "Schema": "public",
                                            "Alias": "mc",
                                            "Startup Cost": 4168.01,
                                            "Total Cost": 23894.08,
                                            "Plan Rows": 31816,
                                            "Plan Width": 4,
                                            "Actual Startup Time": 34.423,
                                            "Actual Total Time": 41.76,
                                            "Actual Rows": 9781,
                                            "Actual Loops": 4,
                                            "Output": [
                                                "mc.id",
                                                "mc.movie_id",
                                                "mc.company_id",
                                                "mc.company_type_id",
                                                "mc.note"
                                            ],
                                            "Recheck Cond": "(mc.company_id < 52)",
                                            "Rows Removed by Index Recheck": 0,
                                            "Filter": "(mc.company_type_id = 2)",
                                            "Rows Removed by Filter": 38228,
                                            "Exact Heap Blocks": 5900,
                                            "Lossy Heap Blocks": 0,
                                            "Workers": [
                                                {
                                                    "Worker Number": 0,
                                                    "Actual Startup Time": 34.414,
                                                    "Actual Total Time": 41.873,
                                                    "Actual Rows": 8402,
                                                    "Actual Loops": 1
                                                },
                                                {
                                                    "Worker Number": 1,
                                                    "Actual Startup Time": 34.422,
                                                    "Actual Total Time": 41.875,
                                                    "Actual Rows": 8480,
                                                    "Actual Loops": 1
                                                },
                                                {
                                                    "Worker Number": 2,
                                                    "Actual Startup Time": 34.423,
                                                    "Actual Total Time": 41.864,
                                                    "Actual Rows": 8403,
                                                    "Actual Loops": 1
                                                }
                                            ],
                                            "Plans": [
                                                {
                                                    "Node Type": "Bitmap Index Scan",
                                                    "Parent Relationship": "Outer",
                                                    "Parallel Aware": false,
                                                    "Index Name": "company_id_movie_companies",
                                                    "Startup Cost": 0.0,
                                                    "Total Cost": 4143.35,
                                                    "Plan Rows": 193456,
                                                    "Plan Width": 0,
                                                    "Actual Startup Time": 13.199,
                                                    "Actual Total Time": 13.2,
                                                    "Actual Rows": 192038,
                                                    "Actual Loops": 1,
                                                    "Index Cond": "(mc.company_id < 52)"
                                                }
                                            ]
                                        },
                                        {
                                            "Node Type": "Hash",
                                            "Parent Relationship": "Inner",
                                            "Parallel Aware": true,
                                            "Startup Cost": 43899.01,
                                            "Total Cost": 43899.01,
                                            "Plan Rows": 523,
                                            "Plan Width": 4,
                                            "Actual Startup Time": 101.539,
                                            "Actual Total Time": 101.542,
                                            "Actual Rows": 879,
                                            "Actual Loops": 4,
                                            "Output": [
                                                "t.id"
                                            ],
                                            "Hash Buckets": 4096,
                                            "Original Hash Buckets": 4096,
                                            "Hash Batches": 1,
                                            "Original Hash Batches": 1,
                                            "Peak Memory Usage": 192,
                                            "Workers": [
                                                {
                                                    "Worker Number": 0,
                                                    "Actual Startup Time": 99.549,
                                                    "Actual Total Time": 99.55,
                                                    "Actual Rows": 762,
                                                    "Actual Loops": 1
                                                },
                                                {
                                                    "Worker Number": 1,
                                                    "Actual Startup Time": 99.565,
                                                    "Actual Total Time": 99.566,
                                                    "Actual Rows": 802,
                                                    "Actual Loops": 1
                                                },
                                                {
                                                    "Worker Number": 2,
                                                    "Actual Startup Time": 99.543,
                                                    "Actual Total Time": 99.55,
                                                    "Actual Rows": 809,
                                                    "Actual Loops": 1
                                                }
                                            ],
                                            "Plans": [
                                                {
                                                    "Node Type": "Seq Scan",
                                                    "Parent Relationship": "Outer",
                                                    "Parallel Aware": true,
                                                    "Relation Name": "title",
                                                    "Schema": "public",
                                                    "Alias": "t",
                                                    "Startup Cost": 0.0,
                                                    "Total Cost": 43899.01,
                                                    "Plan Rows": 523,
                                                    "Plan Width": 4,
                                                    "Actual Startup Time": 2.268,
                                                    "Actual Total Time": 100.962,
                                                    "Actual Rows": 879,
                                                    "Actual Loops": 4,
                                                    "Output": [
                                                        "t.id"
                                                    ],
                                                    "Filter": "(t.production_year > 2013)",
                                                    "Rows Removed by Filter": 631199,
                                                    "Workers": [
                                                        {
                                                            "Worker Number": 0,
                                                            "Actual Startup Time": 1.274,
                                                            "Actual Total Time": 98.945,
                                                            "Actual Rows": 762,
                                                            "Actual Loops": 1
                                                        },
                                                        {
                                                            "Worker Number": 1,
                                                            "Actual Startup Time": 4.611,
                                                            "Actual Total Time": 98.941,
                                                            "Actual Rows": 802,
                                                            "Actual Loops": 1
                                                        },
                                                        {
                                                            "Worker Number": 2,
                                                            "Actual Startup Time": 1.979,
                                                            "Actual Total Time": 98.916,
                                                            "Actual Rows": 809,
                                                            "Actual Loops": 1
                                                        }
                                                    ]
                                                }
                                            ]
                                        }
                                    ]
                                }
                            ]
                        }
                    ]
                }
            ]
        },
        "Planning Time": 562.396,
        "Triggers": [],
        "Execution Time": 165.236
    }
]