[
  {
    "Plan": {
      "Node Type": "Aggregate",
      "Strategy": "Plain",
      "Partial Mode": "Finalize",
      "Parallel Aware": false,
      "Startup Cost": 373926.14,
      "Total Cost": 373926.15,
      "Plan Rows": 1,
      "Plan Width": 8,
      "Actual Startup Time": 838.503,
      "Actual Total Time": 865.973,
      "Actual Rows": 1,
      "Actual Loops": 1,
      "Plans": [
        {
          "Node Type": "Gather",
          "Parent Relationship": "Outer",
          "Parallel Aware": false,
          "Startup Cost": 373925.51,
          "Total Cost": 373926.12,
          "Plan Rows": 6,
          "Plan Width": 8,
          "Actual Startup Time": 813.365,
          "Actual Total Time": 865.96,
          "Actual Rows": 7,
          "Actual Loops": 1,
          "Workers Planned": 6,
          "Workers Launched": 6,
          "Single Copy": false,
          "Plans": [
            {
              "Node Type": "Aggregate",
              "Strategy": "Plain",
              "Partial Mode": "Partial",
              "Parent Relationship": "Outer",
              "Parallel Aware": false,
              "Startup Cost": 372925.51,
              "Total Cost": 372925.52,
              "Plan Rows": 1,
              "Plan Width": 8,
              "Actual Startup Time": 792.302,
              "Actual Total Time": 792.309,
              "Actual Rows": 1,
              "Actual Loops": 7,
              "Plans": [
                {
                  "Node Type": "Hash Join",
                  "Parent Relationship": "Outer",
                  "Parallel Aware": true,
                  "Join Type": "Inner",
                  "Startup Cost": 112016.65,
                  "Total Cost": 371759.29,
                  "Plan Rows": 466488,
                  "Plan Width": 0,
                  "Actual Startup Time": 429.488,
                  "Actual Total Time": 768.867,
                  "Actual Rows": 412165,
                  "Actual Loops": 7,
                  "Inner Unique": true,
                  "Hash Cond": "(ci.movie_id = t.id)",
                  "Plans": [
                    {
                      "Node Type": "Bitmap Heap Scan",
                      "Parent Relationship": "Outer",
                      "Parallel Aware": true,
                      "Relation Name": "cast_info",
                      "Alias": "ci",
                      "Startup Cost": 61796.27,
                      "Total Cost": 320314.38,
                      "Plan Rows": 466488,
                      "Plan Width": 4,
                      "Actual Startup Time": 133.872,
                      "Actual Total Time": 223.698,
                      "Actual Rows": 412165,
                      "Actual Loops": 7,
                      "Recheck Cond": "(person_id < 280528)",
                      "Rows Removed by Index Recheck": 0,
                      "Exact Heap Blocks": 5697,
                      "Lossy Heap Blocks": 0,
                      "Plans": [
                        {
                          "Node Type": "Bitmap Index Scan",
                          "Parent Relationship": "Outer",
                          "Parallel Aware": false,
                          "Index Name": "person_id_cast_info",
                          "Startup Cost": 0.0,
                          "Total Cost": 61096.54,
                          "Plan Rows": 2798930,
                          "Plan Width": 0,
                          "Actual Startup Time": 128.714,
                          "Actual Total Time": 128.715,
                          "Actual Rows": 2885155,
                          "Actual Loops": 1,
                          "Index Cond": "(person_id < 280528)"
                        }
                      ]
                    },
                    {
                      "Node Type": "Hash",
                      "Parent Relationship": "Inner",
                      "Parallel Aware": true,
                      "Startup Cost": 42319.06,
                      "Total Cost": 42319.06,
                      "Plan Rows": 632106,
                      "Plan Width": 4,
                      "Actual Startup Time": 289.113,
                      "Actual Total Time": 289.114,
                      "Actual Rows": 361187,
                      "Actual Loops": 7,
                      "Hash Buckets": 4194304,
                      "Original Hash Buckets": 4194304,
                      "Hash Batches": 1,
                      "Original Hash Batches": 1,
                      "Peak Memory Usage": 131808,
                      "Plans": [
                        {
                          "Node Type": "Seq Scan",
                          "Parent Relationship": "Outer",
                          "Parallel Aware": true,
                          "Relation Name": "title",
                          "Alias": "t",
                          "Startup Cost": 0.0,
                          "Total Cost": 42319.06,
                          "Plan Rows": 632106,
                          "Plan Width": 4,
                          "Actual Startup Time": 0.051,
                          "Actual Total Time": 84.469,
                          "Actual Rows": 361187,
                          "Actual Loops": 7
                        }
                      ]
                    }
                  ]
                }
              ]
            }
          ]
        }
      ]
    },
    "Planning Time": 0.56,
    "Triggers": [],
    "Execution Time": 866.045
  }
]