[
  {
    "Plan": {
      "Node Type": "Aggregate",
      "Strategy": "Plain",
      "Partial Mode": "Finalize",
      "Parallel Aware": false,
      "Startup Cost": 45466.69,
      "Total Cost": 45466.7,
      "Plan Rows": 1,
      "Plan Width": 8,
      "Actual Startup Time": 167.409,
      "Actual Total Time": 177.451,
      "Actual Rows": 1,
      "Actual Loops": 1,
      "Plans": [
        {
          "Node Type": "Gather",
          "Parent Relationship": "Outer",
          "Parallel Aware": false,
          "Startup Cost": 45466.37,
          "Total Cost": 45466.68,
          "Plan Rows": 3,
          "Plan Width": 8,
          "Actual Startup Time": 167.284,
          "Actual Total Time": 177.438,
          "Actual Rows": 4,
          "Actual Loops": 1,
          "Workers Planned": 3,
          "Workers Launched": 3,
          "Single Copy": false,
          "Plans": [
            {
              "Node Type": "Aggregate",
              "Strategy": "Plain",
              "Partial Mode": "Partial",
              "Parent Relationship": "Outer",
              "Parallel Aware": false,
              "Startup Cost": 44466.37,
              "Total Cost": 44466.38,
              "Plan Rows": 1,
              "Plan Width": 8,
              "Actual Startup Time": 160.385,
              "Actual Total Time": 160.386,
              "Actual Rows": 1,
              "Actual Loops": 4,
              "Plans": [
                {
                  "Node Type": "Seq Scan",
                  "Parent Relationship": "Outer",
                  "Parallel Aware": true,
                  "Relation Name": "movie_keyword",
                  "Alias": "mk",
                  "Startup Cost": 0.0,
                  "Total Cost": 42695.65,
                  "Plan Rows": 708286,
                  "Plan Width": 0,
                  "Actual Startup Time": 0.61,
                  "Actual Total Time": 130.279,
                  "Actual Rows": 545780,
                  "Actual Loops": 4,
                  "Filter": "(keyword_id > 5186)",
                  "Rows Removed by Filter": 585203
                }
              ]
            }
          ]
        }
      ]
    },
    "Planning Time": 0.159,
    "Triggers": [],
    "Execution Time": 177.5
  }
]