[
  {
    "Plan": {
      "Node Type": "Aggregate",
      "Strategy": "Plain",
      "Partial Mode": "Finalize",
      "Parallel Aware": false,
      "Startup Cost": 89826.18,
      "Total Cost": 89826.19,
      "Plan Rows": 1,
      "Plan Width": 8,
      "Actual Startup Time": 467.09,
      "Actual Total Time": 481.357,
      "Actual Rows": 1,
      "Actual Loops": 1,
      "Plans": [
        {
          "Node Type": "Gather",
          "Parent Relationship": "Outer",
          "Parallel Aware": false,
          "Startup Cost": 89825.97,
          "Total Cost": 89826.18,
          "Plan Rows": 2,
          "Plan Width": 8,
          "Actual Startup Time": 465.019,
          "Actual Total Time": 481.35,
          "Actual Rows": 3,
          "Actual Loops": 1,
          "Workers Planned": 2,
          "Workers Launched": 2,
          "Single Copy": false,
          "Plans": [
            {
              "Node Type": "Aggregate",
              "Strategy": "Plain",
              "Partial Mode": "Partial",
              "Parent Relationship": "Outer",
              "Parallel Aware": false,
              "Startup Cost": 88825.97,
              "Total Cost": 88825.98,
              "Plan Rows": 1,
              "Plan Width": 8,
              "Actual Startup Time": 456.455,
              "Actual Total Time": 456.461,
              "Actual Rows": 1,
              "Actual Loops": 3,
              "Plans": [
                {
                  "Node Type": "Hash Join",
                  "Parent Relationship": "Outer",
                  "Parallel Aware": true,
                  "Join Type": "Inner",
                  "Startup Cost": 72885.82,
                  "Total Cost": 88777.37,
                  "Plan Rows": 19438,
                  "Plan Width": 0,
                  "Actual Startup Time": 407.454,
                  "Actual Total Time": 454.577,
                  "Actual Rows": 40842,
                  "Actual Loops": 3,
                  "Inner Unique": false,
                  "Hash Cond": "(mi_idx.movie_id = t.id)",
                  "Plans": [
                    {
                      "Node Type": "Seq Scan",
                      "Parent Relationship": "Outer",
                      "Parallel Aware": true,
                      "Relation Name": "movie_info_idx",
                      "Alias": "mi_idx",
                      "Startup Cost": 0.0,
                      "Total Cost": 15122.68,
                      "Plan Rows": 192074,
                      "Plan Width": 4,
                      "Actual Startup Time": 0.035,
                      "Actual Total Time": 41.523,
                      "Actual Rows": 153395,
                      "Actual Loops": 3,
                      "Filter": "(info_type_id > 100)",
                      "Rows Removed by Filter": 306617
                    },
                    {
                      "Node Type": "Hash",
                      "Parent Relationship": "Inner",
                      "Parallel Aware": true,
                      "Startup Cost": 72086.25,
                      "Total Cost": 72086.25,
                      "Plan Rows": 63966,
                      "Plan Width": 8,
                      "Actual Startup Time": 371.607,
                      "Actual Total Time": 371.611,
                      "Actual Rows": 84563,
                      "Actual Loops": 3,
                      "Hash Buckets": 262144,
                      "Original Hash Buckets": 262144,
                      "Hash Batches": 1,
                      "Original Hash Batches": 1,
                      "Peak Memory Usage": 12000,
                      "Plans": [
                        {
                          "Node Type": "Hash Join",
                          "Parent Relationship": "Outer",
                          "Parallel Aware": true,
                          "Join Type": "Inner",
                          "Startup Cost": 26400.81,
                          "Total Cost": 72086.25,
                          "Plan Rows": 63966,
                          "Plan Width": 8,
                          "Actual Startup Time": 226.52,
                          "Actual Total Time": 346.77,
                          "Actual Rows": 84563,
                          "Actual Loops": 3,
                          "Inner Unique": false,
                          "Hash Cond": "(t.id = mc.movie_id)",
                          "Plans": [
                            {
                              "Node Type": "Seq Scan",
                              "Parent Relationship": "Outer",
                              "Parallel Aware": true,
                              "Relation Name": "title",
                              "Alias": "t",
                              "Startup Cost": 0.0,
                              "Total Cost": 42318.73,
                              "Plan Rows": 632073,
                              "Plan Width": 4,
                              "Actual Startup Time": 0.009,
                              "Actual Total Time": 99.503,
                              "Actual Rows": 842771,
                              "Actual Loops": 3
                            },
                            {
                              "Node Type": "Hash",
                              "Parent Relationship": "Inner",
                              "Parallel Aware": true,
                              "Startup Cost": 25369.1,
                              "Total Cost": 25369.1,
                              "Plan Rows": 82537,
                              "Plan Width": 4,
                              "Actual Startup Time": 82.031,
                              "Actual Total Time": 82.033,
                              "Actual Rows": 84563,
                              "Actual Loops": 3,
                              "Hash Buckets": 262144,
                              "Original Hash Buckets": 262144,
                              "Hash Batches": 1,
                              "Original Hash Batches": 1,
                              "Peak Memory Usage": 12032,
                              "Plans": [
                                {
                                  "Node Type": "Bitmap Heap Scan",
                                  "Parent Relationship": "Outer",
                                  "Parallel Aware": true,
                                  "Relation Name": "movie_companies",
                                  "Alias": "mc",
                                  "Startup Cost": 5547.38,
                                  "Total Cost": 25369.1,
                                  "Plan Rows": 82537,
                                  "Plan Width": 4,
                                  "Actual Startup Time": 22.304,
                                  "Actual Total Time": 53.343,
                                  "Actual Rows": 84563,
                                  "Actual Loops": 3,
                                  "Recheck Cond": "(company_id > 100492)",
                                  "Rows Removed by Index Recheck": 0,
                                  "Exact Heap Blocks": 2538,
                                  "Lossy Heap Blocks": 0,
                                  "Plans": [
                                    {
                                      "Node Type": "Bitmap Index Scan",
                                      "Parent Relationship": "Outer",
                                      "Parallel Aware": false,
                                      "Index Name": "company_id_movie_companies",
                                      "Startup Cost": 0.0,
                                      "Total Cost": 5483.42,
                                      "Plan Rows": 255865,
                                      "Plan Width": 0,
                                      "Actual Startup Time": 22.17,
                                      "Actual Total Time": 22.171,
                                      "Actual Rows": 253690,
                                      "Actual Loops": 1,
                                      "Index Cond": "(company_id > 100492)"
                                    }
                                  ]
                                }
                              ]
                            }
                          ]
                        }
                      ]
                    }
                  ]
                }
              ]
            }
          ]
        }
      ]
    },
    "Planning Time": 1.422,
    "Triggers": [],
    "Execution Time": 481.468
  }
]