[
  {
    "Plan": {
      "Node Type": "Aggregate",
      "Strategy": "Plain",
      "Partial Mode": "Simple",
      "Parallel Aware": false,
      "Startup Cost": 61852.88,
      "Total Cost": 61852.89,
      "Plan Rows": 1,
      "Plan Width": 8,
      "Actual Startup Time": 1553.89,
      "Actual Total Time": 1655.216,
      "Actual Rows": 1,
      "Actual Loops": 1,
      "Plans": [
        {
          "Node Type": "Gather",
          "Parent Relationship": "Outer",
          "Parallel Aware": false,
          "Startup Cost": 1006.74,
          "Total Cost": 61852.88,
          "Plan Rows": 1,
          "Plan Width": 0,
          "Actual Startup Time": 15.026,
          "Actual Total Time": 1650.72,
          "Actual Rows": 67735,
          "Actual Loops": 1,
          "Workers Planned": 4,
          "Workers Launched": 4,
          "Single Copy": false,
          "Plans": [
            {
              "Node Type": "Nested Loop",
              "Parent Relationship": "Outer",
              "Parallel Aware": false,
              "Join Type": "Inner",
              "Startup Cost": 6.74,
              "Total Cost": 60852.78,
              "Plan Rows": 1,
              "Plan Width": 0,
              "Actual Startup Time": 10.046,
              "Actual Total Time": 1534.354,
              "Actual Rows": 13547,
              "Actual Loops": 5,
              "Inner Unique": true,
              "Plans": [
                {
                  "Node Type": "Hash Join",
                  "Parent Relationship": "Outer",
                  "Parallel Aware": false,
                  "Join Type": "Inner",
                  "Startup Cost": 6.31,
                  "Total Cost": 60852.33,
                  "Plan Rows": 1,
                  "Plan Width": 8,
                  "Actual Startup Time": 9.875,
                  "Actual Total Time": 1452.669,
                  "Actual Rows": 13547,
                  "Actual Loops": 5,
                  "Inner Unique": true,
                  "Hash Cond": "(mi.info_type_id = it1.id)",
                  "Plans": [
                    {
                      "Node Type": "Nested Loop",
                      "Parent Relationship": "Outer",
                      "Parallel Aware": false,
                      "Join Type": "Inner",
                      "Startup Cost": 3.87,
                      "Total Cost": 60847.57,
                      "Plan Rows": 849,
                      "Plan Width": 12,
                      "Actual Startup Time": 7.32,
                      "Actual Total Time": 1440.797,
                      "Actual Rows": 81055,
                      "Actual Loops": 5,
                      "Inner Unique": false,
                      "Plans": [
                        {
                          "Node Type": "Nested Loop",
                          "Parent Relationship": "Outer",
                          "Parallel Aware": false,
                          "Join Type": "Inner",
                          "Startup Cost": 3.43,
                          "Total Cost": 60328.1,
                          "Plan Rows": 388,
                          "Plan Width": 4,
                          "Actual Startup Time": 3.164,
                          "Actual Total Time": 552.142,
                          "Actual Rows": 41812,
                          "Actual Loops": 5,
                          "Inner Unique": false,
                          "Plans": [
                            {
                              "Node Type": "Nested Loop",
                              "Parent Relationship": "Outer",
                              "Parallel Aware": false,
                              "Join Type": "Inner",
                              "Startup Cost": 2.87,
                              "Total Cost": 60313.69,
                              "Plan Rows": 1,
                              "Plan Width": 8,
                              "Actual Startup Time": 2.949,
                              "Actual Total Time": 507.628,
                              "Actual Rows": 934,
                              "Actual Loops": 5,
                              "Inner Unique": true,
                              "Plans": [
                                {
                                  "Node Type": "Hash Join",
                                  "Parent Relationship": "Outer",
                                  "Parallel Aware": false,
                                  "Join Type": "Inner",
                                  "Startup Cost": 2.44,
                                  "Total Cost": 60305.27,
                                  "Plan Rows": 1,
                                  "Plan Width": 4,
                                  "Actual Startup Time": 2.698,
                                  "Actual Total Time": 490.288,
                                  "Actual Rows": 934,
                                  "Actual Loops": 5,
                                  "Inner Unique": true,
                                  "Hash Cond": "(pi.info_type_id = it2.id)",
                                  "Plans": [
                                    {
                                      "Node Type": "Seq Scan",
                                      "Parent Relationship": "Outer",
                                      "Parallel Aware": true,
                                      "Relation Name": "person_info",
                                      "Alias": "pi",
                                      "Startup Cost": 0.0,
                                      "Total Cost": 60302.65,
                                      "Plan Rows": 68,
                                      "Plan Width": 8,
                                      "Actual Startup Time": 1.225,
                                      "Actual Total Time": 489.156,
                                      "Actual Rows": 3270,
                                      "Actual Loops": 5,
                                      "Filter": "(info ~~* '%india%'::text)",
                                      "Rows Removed by Filter": 589463
                                    },
                                    {
                                      "Node Type": "Hash",
                                      "Parent Relationship": "Inner",
                                      "Parallel Aware": false,
                                      "Startup Cost": 2.41,
                                      "Total Cost": 2.41,
                                      "Plan Rows": 2,
                                      "Plan Width": 4,
                                      "Actual Startup Time": 0.107,
                                      "Actual Total Time": 0.108,
                                      "Actual Rows": 3,
                                      "Actual Loops": 5,
                                      "Hash Buckets": 1024,
                                      "Original Hash Buckets": 1024,
                                      "Hash Batches": 1,
                                      "Original Hash Batches": 1,
                                      "Peak Memory Usage": 9,
                                      "Plans": [
                                        {
                                          "Node Type": "Seq Scan",
                                          "Parent Relationship": "Outer",
                                          "Parallel Aware": false,
                                          "Relation Name": "info_type",
                                          "Alias": "it2",
                                          "Startup Cost": 0.0,
                                          "Total Cost": 2.41,
                                          "Plan Rows": 2,
                                          "Plan Width": 4,
                                          "Actual Startup Time": 0.03,
                                          "Actual Total Time": 0.1,
                                          "Actual Rows": 3,
                                          "Actual Loops": 5,
                                          "Filter": "((info)::text ~~* '%birth%'::text)",
                                          "Rows Removed by Filter": 110
                                        }
                                      ]
                                    }
                                  ]
                                },
                                {
                                  "Node Type": "Index Only Scan",
                                  "Parent Relationship": "Inner",
                                  "Parallel Aware": false,
                                  "Scan Direction": "Forward",
                                  "Index Name": "name_pkey",
                                  "Relation Name": "name",
                                  "Alias": "n",
                                  "Startup Cost": 0.43,
                                  "Total Cost": 8.42,
                                  "Plan Rows": 1,
                                  "Plan Width": 4,
                                  "Actual Startup Time": 0.018,
                                  "Actual Total Time": 0.018,
                                  "Actual Rows": 1,
                                  "Actual Loops": 4668,
                                  "Index Cond": "(id = pi.person_id)",
                                  "Rows Removed by Index Recheck": 0,
                                  "Heap Fetches": 4668
                                }
                              ]
                            },
                            {
                              "Node Type": "Index Scan",
                              "Parent Relationship": "Inner",
                              "Parallel Aware": false,
                              "Scan Direction": "Forward",
                              "Index Name": "person_id_cast_info",
                              "Relation Name": "cast_info",
                              "Alias": "ci",
                              "Startup Cost": 0.56,
                              "Total Cost": 9.51,
                              "Plan Rows": 490,
                              "Plan Width": 8,
                              "Actual Startup Time": 0.024,
                              "Actual Total Time": 0.041,
                              "Actual Rows": 45,
                              "Actual Loops": 4668,
                              "Index Cond": "(person_id = n.id)",
                              "Rows Removed by Index Recheck": 0
                            }
                          ]
                        },
                        {
                          "Node Type": "Index Scan",
                          "Parent Relationship": "Inner",
                          "Parallel Aware": false,
                          "Scan Direction": "Forward",
                          "Index Name": "movie_id_movie_info",
                          "Relation Name": "movie_info",
                          "Alias": "mi",
                          "Startup Cost": 0.43,
                          "Total Cost": 1.28,
                          "Plan Rows": 6,
                          "Plan Width": 8,
                          "Actual Startup Time": 0.011,
                          "Actual Total Time": 0.021,
                          "Actual Rows": 2,
                          "Actual Loops": 209061,
                          "Index Cond": "(movie_id = ci.movie_id)",
                          "Rows Removed by Index Recheck": 0,
                          "Filter": "(info ~~* '%usa%'::text)",
                          "Rows Removed by Filter": 11
                        }
                      ]
                    },
                    {
                      "Node Type": "Hash",
                      "Parent Relationship": "Inner",
                      "Parallel Aware": false,
                      "Startup Cost": 2.41,
                      "Total Cost": 2.41,
                      "Plan Rows": 2,
                      "Plan Width": 4,
                      "Actual Startup Time": 0.19,
                      "Actual Total Time": 0.19,
                      "Actual Rows": 3,
                      "Actual Loops": 5,
                      "Hash Buckets": 1024,
                      "Original Hash Buckets": 1024,
                      "Hash Batches": 1,
                      "Original Hash Batches": 1,
                      "Peak Memory Usage": 9,
                      "Plans": [
                        {
                          "Node Type": "Seq Scan",
                          "Parent Relationship": "Outer",
                          "Parallel Aware": false,
                          "Relation Name": "info_type",
                          "Alias": "it1",
                          "Startup Cost": 0.0,
                          "Total Cost": 2.41,
                          "Plan Rows": 2,
                          "Plan Width": 4,
                          "Actual Startup Time": 0.082,
                          "Actual Total Time": 0.168,
                          "Actual Rows": 3,
                          "Actual Loops": 5,
                          "Filter": "((info)::text ~~* '%count%'::text)",
                          "Rows Removed by Filter": 110
                        }
                      ]
                    }
                  ]
                },
                {
                  "Node Type": "Index Only Scan",
                  "Parent Relationship": "Inner",
                  "Parallel Aware": false,
                  "Scan Direction": "Forward",
                  "Index Name": "title_pkey",
                  "Relation Name": "title",
                  "Alias": "t",
                  "Startup Cost": 0.43,
                  "Total Cost": 0.45,
                  "Plan Rows": 1,
                  "Plan Width": 4,
                  "Actual Startup Time": 0.006,
                  "Actual Total Time": 0.006,
                  "Actual Rows": 1,
                  "Actual Loops": 67735,
                  "Index Cond": "(id = ci.movie_id)",
                  "Rows Removed by Index Recheck": 0,
                  "Heap Fetches": 67735
                }
              ]
            }
          ]
        }
      ]
    },
    "Planning Time": 11.183,
    "Triggers": [],
    "Execution Time": 1655.609
  }
]