[
    {
        "Bao": {
            "Bao prediction": "NaN",
            "Bao recommended hint": "(no hint)"
        }
    },
    {
        "Plan": {
            "Node Type": "Aggregate",
            "Strategy": "Plain",
            "Partial Mode": "Finalize",
            "Parallel Aware": false,
            "Startup Cost": 340520.94,
            "Total Cost": 340520.95,
            "Plan Rows": 1,
            "Plan Width": 8,
            "Actual Startup Time": 800.94,
            "Actual Total Time": 839.189,
            "Actual Rows": 1,
            "Actual Loops": 1,
            "Output": [
                "count(*)"
            ],
            "Plans": [
                {
                    "Node Type": "Gather",
                    "Parent Relationship": "Outer",
                    "Parallel Aware": false,
                    "Startup Cost": 340520.31,
                    "Total Cost": 340520.92,
                    "Plan Rows": 6,
                    "Plan Width": 8,
                    "Actual Startup Time": 800.84,
                    "Actual Total Time": 839.177,
                    "Actual Rows": 7,
                    "Actual Loops": 1,
                    "Output": [
                        "(PARTIAL count(*))"
                    ],
                    "Workers Planned": 6,
                    "Workers Launched": 6,
                    "Single Copy": false,
                    "Plans": [
                        {
                            "Node Type": "Aggregate",
                            "Strategy": "Plain",
                            "Partial Mode": "Partial",
                            "Parent Relationship": "Outer",
                            "Parallel Aware": false,
                            "Startup Cost": 339520.31,
                            "Total Cost": 339520.32,
                            "Plan Rows": 1,
                            "Plan Width": 8,
                            "Actual Startup Time": 790.28,
                            "Actual Total Time": 790.281,
                            "Actual Rows": 1,
                            "Actual Loops": 7,
                            "Output": [
                                "PARTIAL count(*)"
                            ],
                            "Workers": [
                                {
                                    "Worker Number": 0,
                                    "Actual Startup Time": 787.517,
                                    "Actual Total Time": 787.518,
                                    "Actual Rows": 1,
                                    "Actual Loops": 1
                                },
                                {
                                    "Worker Number": 1,
                                    "Actual Startup Time": 788.136,
                                    "Actual Total Time": 788.137,
                                    "Actual Rows": 1,
                                    "Actual Loops": 1
                                },
                                {
                                    "Worker Number": 2,
                                    "Actual Startup Time": 788.575,
                                    "Actual Total Time": 788.576,
                                    "Actual Rows": 1,
                                    "Actual Loops": 1
                                },
                                {
                                    "Worker Number": 3,
                                    "Actual Startup Time": 788.843,
                                    "Actual Total Time": 788.844,
                                    "Actual Rows": 1,
                                    "Actual Loops": 1
                                },
                                {
                                    "Worker Number": 4,
                                    "Actual Startup Time": 789.296,
                                    "Actual Total Time": 789.297,
                                    "Actual Rows": 1,
                                    "Actual Loops": 1
                                },
                                {
                                    "Worker Number": 5,
                                    "Actual Startup Time": 789.612,
                                    "Actual Total Time": 789.613,
                                    "Actual Rows": 1,
                                    "Actual Loops": 1
                                }
                            ],
                            "Plans": [
                                {
                                    "Node Type": "Seq Scan",
                                    "Parent Relationship": "Outer",
                                    "Parallel Aware": true,
                                    "Relation Name": "cast_info",
                                    "Schema": "public",
                                    "Alias": "ci",
                                    "Startup Cost": 0.0,
                                    "Total Cost": 328213.62,
                                    "Plan Rows": 4522679,
                                    "Plan Width": 0,
                                    "Actual Startup Time": 109.166,
                                    "Actual Total Time": 611.108,
                                    "Actual Rows": 3866626,
                                    "Actual Loops": 7,
                                    "Output": [
                                        "id",
                                        "person_id",
                                        "movie_id",
                                        "person_role_id",
                                        "note",
                                        "nr_order",
                                        "role_id"
                                    ],
                                    "Filter": "(ci.person_id > 902711)",
                                    "Rows Removed by Filter": 1311137,
                                    "Workers": [
                                        {
                                            "Worker Number": 0,
                                            "Actual Startup Time": 106.404,
                                            "Actual Total Time": 616.218,
                                            "Actual Rows": 4224155,
                                            "Actual Loops": 1
                                        },
                                        {
                                            "Worker Number": 1,
                                            "Actual Startup Time": 107.032,
                                            "Actual Total Time": 609.959,
                                            "Actual Rows": 2697267,
                                            "Actual Loops": 1
                                        },
                                        {
                                            "Worker Number": 2,
                                            "Actual Startup Time": 107.462,
                                            "Actual Total Time": 614.375,
                                            "Actual Rows": 4133010,
                                            "Actual Loops": 1
                                        },
                                        {
                                            "Worker Number": 3,
                                            "Actual Startup Time": 107.726,
                                            "Actual Total Time": 614.589,
                                            "Actual Rows": 4147897,
                                            "Actual Loops": 1
                                        },
                                        {
                                            "Worker Number": 4,
                                            "Actual Startup Time": 108.185,
                                            "Actual Total Time": 618.562,
                                            "Actual Rows": 4218734,
                                            "Actual Loops": 1
                                        },
                                        {
                                            "Worker Number": 5,
                                            "Actual Startup Time": 108.494,
                                            "Actual Total Time": 615.671,
                                            "Actual Rows": 4134218,
                                            "Actual Loops": 1
                                        }
                                    ]
                                }
                            ]
                        }
                    ]
                }
            ]
        },
        "Planning Time": 214.94,
        "Triggers": [],
        "Execution Time": 839.286
    }
]