{
  "Plan": {
    "Node Type": "Aggregate",
    "Strategy": "Plain",
    "Partial Mode": "Finalize",
    "Parallel Aware": false,
    "Startup Cost": 753405.34,
    "Total Cost": 753405.35,
    "Plan Rows": 1,
    "Plan Width": 8,
    "Actual Startup Time": 1461.53,
    "Actual Total Time": 1490.987,
    "Actual Rows": 1,
    "Actual Loops": 1,
    "Plans": [
      {
        "Node Type": "Gather",
        "Parent Relationship": "Outer",
        "Parallel Aware": false,
        "Startup Cost": 753405.22,
        "Total Cost": 753405.33,
        "Plan Rows": 1,
        "Plan Width": 8,
        "Actual Startup Time": 1458.027,
        "Actual Total Time": 1490.978,
        "Actual Rows": 2,
        "Actual Loops": 1,
        "Workers Planned": 1,
        "Workers Launched": 1,
        "Single Copy": false,
        "Plans": [
          {
            "Node Type": "Aggregate",
            "Strategy": "Plain",
            "Partial Mode": "Partial",
            "Parent Relationship": "Outer",
            "Parallel Aware": false,
            "Startup Cost": 752405.22,
            "Total Cost": 752405.23,
            "Plan Rows": 1,
            "Plan Width": 8,
            "Actual Startup Time": 1449.444,
            "Actual Total Time": 1449.449,
            "Actual Rows": 1,
            "Actual Loops": 2,
            "Plans": [
              {
                "Node Type": "Nested Loop",
                "Parent Relationship": "Outer",
                "Parallel Aware": false,
                "Join Type": "Inner",
                "Startup Cost": 67538.78,
                "Total Cost": 750200.76,
                "Plan Rows": 881784,
                "Plan Width": 0,
                "Actual Startup Time": 398.235,
                "Actual Total Time": 1411.942,
                "Actual Rows": 813988,
                "Actual Loops": 2,
                "Inner Unique": false,
                "Plans": [
                  {
                    "Node Type": "Hash Join",
                    "Parent Relationship": "Outer",
                    "Parallel Aware": true,
                    "Join Type": "Inner",
                    "Startup Cost": 67538.35,
                    "Total Cost": 110660.39,
                    "Plan Rows": 292858,
                    "Plan Width": 8,
                    "Actual Startup Time": 398.171,
                    "Actual Total Time": 710.508,
                    "Actual Rows": 136518,
                    "Actual Loops": 2,
                    "Inner Unique": true,
                    "Hash Cond": "(mc.movie_id = t.id)",
                    "Plans": [
                      {
                        "Node Type": "Index Scan",
                        "Parent Relationship": "Outer",
                        "Parallel Aware": true,
                        "Scan Direction": "Forward",
                        "Index Name": "company_type_id_movie_companies",
                        "Relation Name": "movie_companies",
                        "Alias": "mc",
                        "Startup Cost": 0.43,
                        "Total Cost": 41574.35,
                        "Plan Rows": 589760,
                        "Plan Width": 4,
                        "Actual Startup Time": 0.192,
                        "Actual Total Time": 135.929,
                        "Actual Rows": 636790,
                        "Actual Loops": 2,
                        "Index Cond": "(company_type_id = 1)",
                        "Rows Removed by Index Recheck": 0,
                        "Filter": "(company_id < 70245)",
                        "Rows Removed by Filter": 333
                      },
                      {
                        "Node Type": "Hash",
                        "Parent Relationship": "Inner",
                        "Parallel Aware": true,
                        "Startup Cost": 58306.47,
                        "Total Cost": 58306.47,
                        "Plan Rows": 738516,
                        "Plan Width": 4,
                        "Actual Startup Time": 382.728,
                        "Actual Total Time": 382.729,
                        "Actual Rows": 610767,
                        "Actual Loops": 2,
                        "Hash Buckets": 2097152,
                        "Original Hash Buckets": 2097152,
                        "Hash Batches": 1,
                        "Original Hash Batches": 1,
                        "Peak Memory Usage": 64192,
                        "Plans": [
                          {
                            "Node Type": "Seq Scan",
                            "Parent Relationship": "Outer",
                            "Parallel Aware": true,
                            "Relation Name": "title",
                            "Alias": "t",
                            "Startup Cost": 0.0,
                            "Total Cost": 58306.47,
                            "Plan Rows": 738516,
                            "Plan Width": 4,
                            "Actual Startup Time": 0.031,
                            "Actual Total Time": 176.136,
                            "Actual Rows": 610767,
                            "Actual Loops": 2,
                            "Filter": "((production_year < 2011) AND (kind_id = 7))",
                            "Rows Removed by Filter": 653389
                          }
                        ]
                      }
                    ]
                  },
                  {
                    "Node Type": "Index Scan",
                    "Parent Relationship": "Inner",
                    "Parallel Aware": false,
                    "Scan Direction": "Forward",
                    "Index Name": "movie_id_movie_info",
                    "Relation Name": "movie_info",
                    "Alias": "mi",
                    "Startup Cost": 0.43,
                    "Total Cost": 1.96,
                    "Plan Rows": 22,
                    "Plan Width": 4,
                    "Actual Startup Time": 0.002,
                    "Actual Total Time": 0.005,
                    "Actual Rows": 6,
                    "Actual Loops": 273036,
                    "Index Cond": "(movie_id = t.id)",
                    "Rows Removed by Index Recheck": 0,
                    "Filter": "(info_type_id > 7)",
                    "Rows Removed by Filter": 4
                  }
                ]
              }
            ]
          }
        ]
      }
    ]
  },
  "Planning Time": 1.271,
  "Triggers": [],
  "Execution Time": 1491.087
}