{
  "Plan": {
    "Node Type": "Aggregate",
    "Strategy": "Plain",
    "Partial Mode": "Finalize",
    "Parallel Aware": false,
    "Startup Cost": 69504.48,
    "Total Cost": 69504.49,
    "Plan Rows": 1,
    "Plan Width": 8,
    "Actual Startup Time": 61.487,
    "Actual Total Time": 71.115,
    "Actual Rows": 1,
    "Actual Loops": 1,
    "Plans": [
      {
        "Node Type": "Gather",
        "Parent Relationship": "Outer",
        "Parallel Aware": false,
        "Startup Cost": 69504.37,
        "Total Cost": 69504.48,
        "Plan Rows": 1,
        "Plan Width": 8,
        "Actual Startup Time": 61.4,
        "Actual Total Time": 71.11,
        "Actual Rows": 2,
        "Actual Loops": 1,
        "Workers Planned": 1,
        "Workers Launched": 1,
        "Single Copy": false,
        "Plans": [
          {
            "Node Type": "Aggregate",
            "Strategy": "Plain",
            "Partial Mode": "Partial",
            "Parent Relationship": "Outer",
            "Parallel Aware": false,
            "Startup Cost": 68504.37,
            "Total Cost": 68504.38,
            "Plan Rows": 1,
            "Plan Width": 8,
            "Actual Startup Time": 56.7,
            "Actual Total Time": 56.701,
            "Actual Rows": 1,
            "Actual Loops": 2,
            "Plans": [
              {
                "Node Type": "Nested Loop",
                "Parent Relationship": "Outer",
                "Parallel Aware": false,
                "Join Type": "Inner",
                "Startup Cost": 277.37,
                "Total Cost": 68496.89,
                "Plan Rows": 2992,
                "Plan Width": 0,
                "Actual Startup Time": 4.193,
                "Actual Total Time": 56.021,
                "Actual Rows": 6374,
                "Actual Loops": 2,
                "Inner Unique": true,
                "Plans": [
                  {
                    "Node Type": "Bitmap Heap Scan",
                    "Parent Relationship": "Outer",
                    "Parallel Aware": true,
                    "Relation Name": "movie_keyword",
                    "Alias": "mk",
                    "Startup Cost": 276.94,
                    "Total Cost": 21465.18,
                    "Plan Rows": 7629,
                    "Plan Width": 4,
                    "Actual Startup Time": 4.069,
                    "Actual Total Time": 15.738,
                    "Actual Rows": 7182,
                    "Actual Loops": 2,
                    "Recheck Cond": "(keyword_id = 1)",
                    "Rows Removed by Index Recheck": 0,
                    "Exact Heap Blocks": 4418,
                    "Lossy Heap Blocks": 0,
                    "Plans": [
                      {
                        "Node Type": "Bitmap Index Scan",
                        "Parent Relationship": "Outer",
                        "Parallel Aware": false,
                        "Index Name": "keyword_id_movie_keyword",
                        "Startup Cost": 0.0,
                        "Total Cost": 273.7,
                        "Plan Rows": 12969,
                        "Plan Width": 0,
                        "Actual Startup Time": 4.926,
                        "Actual Total Time": 4.926,
                        "Actual Rows": 14364,
                        "Actual Loops": 1,
                        "Index Cond": "(keyword_id = 1)"
                      }
                    ]
                  },
                  {
                    "Node Type": "Index Scan",
                    "Parent Relationship": "Inner",
                    "Parallel Aware": false,
                    "Scan Direction": "Forward",
                    "Index Name": "title_pkey",
                    "Relation Name": "title",
                    "Alias": "t",
                    "Startup Cost": 0.43,
                    "Total Cost": 6.16,
                    "Plan Rows": 1,
                    "Plan Width": 4,
                    "Actual Startup Time": 0.005,
                    "Actual Total Time": 0.005,
                    "Actual Rows": 1,
                    "Actual Loops": 14364,
                    "Index Cond": "(id = mk.movie_id)",
                    "Rows Removed by Index Recheck": 0,
                    "Filter": "(kind_id < 7)",
                    "Rows Removed by Filter": 0
                  }
                ]
              }
            ]
          }
        ]
      }
    ]
  },
  "Planning Time": 0.457,
  "Triggers": [],
  "Execution Time": 71.189
}