[
  {
    "Plan": {
      "Node Type": "Aggregate",
      "Strategy": "Plain",
      "Partial Mode": "Finalize",
      "Parallel Aware": false,
      "Startup Cost": 31282.27,
      "Total Cost": 31282.28,
      "Plan Rows": 1,
      "Plan Width": 8,
      "Actual Startup Time": 123.586,
      "Actual Total Time": 133.57,
      "Actual Rows": 1,
      "Actual Loops": 1,
      "Plans": [
        {
          "Node Type": "Gather",
          "Parent Relationship": "Outer",
          "Parallel Aware": false,
          "Startup Cost": 31281.96,
          "Total Cost": 31282.27,
          "Plan Rows": 3,
          "Plan Width": 8,
          "Actual Startup Time": 123.449,
          "Actual Total Time": 133.562,
          "Actual Rows": 4,
          "Actual Loops": 1,
          "Workers Planned": 3,
          "Workers Launched": 3,
          "Single Copy": false,
          "Plans": [
            {
              "Node Type": "Aggregate",
              "Strategy": "Plain",
              "Partial Mode": "Partial",
              "Parent Relationship": "Outer",
              "Parallel Aware": false,
              "Startup Cost": 30281.96,
              "Total Cost": 30281.97,
              "Plan Rows": 1,
              "Plan Width": 8,
              "Actual Startup Time": 116.243,
              "Actual Total Time": 116.245,
              "Actual Rows": 1,
              "Actual Loops": 4,
              "Plans": [
                {
                  "Node Type": "Seq Scan",
                  "Parent Relationship": "Outer",
                  "Parallel Aware": true,
                  "Relation Name": "movie_companies",
                  "Alias": "mc",
                  "Startup Cost": 0.0,
                  "Total Cost": 29310.68,
                  "Plan Rows": 388510,
                  "Plan Width": 0,
                  "Actual Startup Time": 20.531,
                  "Actual Total Time": 97.866,
                  "Actual Rows": 298872,
                  "Actual Loops": 4,
                  "Filter": "(company_id > 12407)",
                  "Rows Removed by Filter": 353410
                }
              ]
            }
          ]
        }
      ]
    },
    "Planning Time": 0.146,
    "Triggers": [],
    "Execution Time": 133.619
  }
]