[
  {
    "Plan": {
      "Node Type": "Aggregate",
      "Strategy": "Plain",
      "Partial Mode": "Finalize",
      "Parallel Aware": false,
      "Startup Cost": 332206.41,
      "Total Cost": 332206.42,
      "Plan Rows": 1,
      "Plan Width": 8,
      "Actual Startup Time": 98.185,
      "Actual Total Time": 112.54,
      "Actual Rows": 1,
      "Actual Loops": 1,
      "Plans": [
        {
          "Node Type": "Gather",
          "Parent Relationship": "Outer",
          "Parallel Aware": false,
          "Startup Cost": 332205.99,
          "Total Cost": 332206.4,
          "Plan Rows": 4,
          "Plan Width": 8,
          "Actual Startup Time": 97.992,
          "Actual Total Time": 112.529,
          "Actual Rows": 5,
          "Actual Loops": 1,
          "Workers Planned": 4,
          "Workers Launched": 4,
          "Single Copy": false,
          "Plans": [
            {
              "Node Type": "Aggregate",
              "Strategy": "Plain",
              "Partial Mode": "Partial",
              "Parent Relationship": "Outer",
              "Parallel Aware": false,
              "Startup Cost": 331205.99,
              "Total Cost": 331206.0,
              "Plan Rows": 1,
              "Plan Width": 8,
              "Actual Startup Time": 88.224,
              "Actual Total Time": 88.226,
              "Actual Rows": 1,
              "Actual Loops": 5,
              "Plans": [
                {
                  "Node Type": "Nested Loop",
                  "Parent Relationship": "Outer",
                  "Parallel Aware": false,
                  "Join Type": "Inner",
                  "Startup Cost": 0.56,
                  "Total Cost": 330978.59,
                  "Plan Rows": 90958,
                  "Plan Width": 0,
                  "Actual Startup Time": 77.077,
                  "Actual Total Time": 88.218,
                  "Actual Rows": 0,
                  "Actual Loops": 5,
                  "Inner Unique": false,
                  "Plans": [
                    {
                      "Node Type": "Seq Scan",
                      "Parent Relationship": "Outer",
                      "Parallel Aware": true,
                      "Relation Name": "title",
                      "Alias": "t",
                      "Startup Cost": 0.0,
                      "Total Cost": 45479.59,
                      "Plan Rows": 6344,
                      "Plan Width": 4,
                      "Actual Startup Time": 77.069,
                      "Actual Total Time": 88.209,
                      "Actual Rows": 0,
                      "Actual Loops": 5,
                      "Filter": "((production_year < 1913) AND (kind_id = 7))",
                      "Rows Removed by Filter": 505662
                    },
                    {
                      "Node Type": "Index Only Scan",
                      "Parent Relationship": "Inner",
                      "Parallel Aware": false,
                      "Scan Direction": "Forward",
                      "Index Name": "movie_id_cast_info",
                      "Relation Name": "cast_info",
                      "Alias": "ci",
                      "Startup Cost": 0.56,
                      "Total Cost": 44.65,
                      "Plan Rows": 35,
                      "Plan Width": 4,
                      "Actual Startup Time": 0.029,
                      "Actual Total Time": 0.03,
                      "Actual Rows": 1,
                      "Actual Loops": 1,
                      "Index Cond": "(movie_id = t.id)",
                      "Rows Removed by Index Recheck": 0,
                      "Heap Fetches": 1
                    }
                  ]
                }
              ]
            }
          ]
        }
      ]
    },
    "Planning Time": 0.152,
    "Triggers": [],
    "Execution Time": 112.571
  }
]