{
  "Plan": {
    "Node Type": "Aggregate",
    "Strategy": "Plain",
    "Partial Mode": "Finalize",
    "Parallel Aware": false,
    "Startup Cost": 114784.04,
    "Total Cost": 114784.05,
    "Plan Rows": 1,
    "Plan Width": 8,
    "Actual Startup Time": 613.385,
    "Actual Total Time": 629.123,
    "Actual Rows": 1,
    "Actual Loops": 1,
    "Plans": [
      {
        "Node Type": "Gather",
        "Parent Relationship": "Outer",
        "Parallel Aware": false,
        "Startup Cost": 114783.93,
        "Total Cost": 114784.04,
        "Plan Rows": 1,
        "Plan Width": 8,
        "Actual Startup Time": 611.967,
        "Actual Total Time": 629.115,
        "Actual Rows": 2,
        "Actual Loops": 1,
        "Workers Planned": 1,
        "Workers Launched": 1,
        "Single Copy": false,
        "Plans": [
          {
            "Node Type": "Aggregate",
            "Strategy": "Plain",
            "Partial Mode": "Partial",
            "Parent Relationship": "Outer",
            "Parallel Aware": false,
            "Startup Cost": 113783.93,
            "Total Cost": 113783.94,
            "Plan Rows": 1,
            "Plan Width": 8,
            "Actual Startup Time": 608.13,
            "Actual Total Time": 608.134,
            "Actual Rows": 1,
            "Actual Loops": 2,
            "Plans": [
              {
                "Node Type": "Hash Join",
                "Parent Relationship": "Outer",
                "Parallel Aware": true,
                "Join Type": "Inner",
                "Startup Cost": 48879.11,
                "Total Cost": 112370.45,
                "Plan Rows": 565391,
                "Plan Width": 0,
                "Actual Startup Time": 204.593,
                "Actual Total Time": 594.993,
                "Actual Rows": 323993,
                "Actual Loops": 2,
                "Inner Unique": false,
                "Hash Cond": "(t.id = mc.movie_id)",
                "Plans": [
                  {
                    "Node Type": "Seq Scan",
                    "Parent Relationship": "Outer",
                    "Parallel Aware": true,
                    "Relation Name": "title",
                    "Alias": "t",
                    "Startup Cost": 0.0,
                    "Total Cost": 50870.31,
                    "Plan Rows": 1487231,
                    "Plan Width": 4,
                    "Actual Startup Time": 0.009,
                    "Actual Total Time": 117.379,
                    "Actual Rows": 1264156,
                    "Actual Loops": 2
                  },
                  {
                    "Node Type": "Hash",
                    "Parent Relationship": "Inner",
                    "Parallel Aware": true,
                    "Startup Cost": 41811.73,
                    "Total Cost": 41811.73,
                    "Plan Rows": 565391,
                    "Plan Width": 4,
                    "Actual Startup Time": 197.359,
                    "Actual Total Time": 197.36,
                    "Actual Rows": 323993,
                    "Actual Loops": 2,
                    "Hash Buckets": 1048576,
                    "Original Hash Buckets": 1048576,
                    "Hash Batches": 1,
                    "Original Hash Batches": 1,
                    "Peak Memory Usage": 33568,
                    "Plans": [
                      {
                        "Node Type": "Seq Scan",
                        "Parent Relationship": "Outer",
                        "Parallel Aware": true,
                        "Relation Name": "movie_companies",
                        "Alias": "mc",
                        "Startup Cost": 0.0,
                        "Total Cost": 41811.73,
                        "Plan Rows": 565391,
                        "Plan Width": 4,
                        "Actual Startup Time": 66.02,
                        "Actual Total Time": 129.901,
                        "Actual Rows": 323993,
                        "Actual Loops": 2,
                        "Filter": "((company_id < 40474) AND (company_type_id = 2))",
                        "Rows Removed by Filter": 980572
                      }
                    ]
                  }
                ]
              }
            ]
          }
        ]
      }
    ]
  },
  "Planning Time": 0.539,
  "Triggers": [],
  "Execution Time": 629.181
}