[
  {
    "Plan": {
      "Node Type": "Aggregate",
      "Strategy": "Plain",
      "Partial Mode": "Finalize",
      "Parallel Aware": false,
      "Startup Cost": 392566.52,
      "Total Cost": 392566.53,
      "Plan Rows": 1,
      "Plan Width": 8,
      "Actual Startup Time": 1907.501,
      "Actual Total Time": 1967.348,
      "Actual Rows": 1,
      "Actual Loops": 1,
      "Plans": [
        {
          "Node Type": "Gather",
          "Parent Relationship": "Outer",
          "Parallel Aware": false,
          "Startup Cost": 392565.9,
          "Total Cost": 392566.51,
          "Plan Rows": 6,
          "Plan Width": 8,
          "Actual Startup Time": 1902.942,
          "Actual Total Time": 1967.337,
          "Actual Rows": 7,
          "Actual Loops": 1,
          "Workers Planned": 6,
          "Workers Launched": 6,
          "Single Copy": false,
          "Plans": [
            {
              "Node Type": "Aggregate",
              "Strategy": "Plain",
              "Partial Mode": "Partial",
              "Parent Relationship": "Outer",
              "Parallel Aware": false,
              "Startup Cost": 391565.9,
              "Total Cost": 391565.91,
              "Plan Rows": 1,
              "Plan Width": 8,
              "Actual Startup Time": 1887.368,
              "Actual Total Time": 1887.371,
              "Actual Rows": 1,
              "Actual Loops": 7,
              "Plans": [
                {
                  "Node Type": "Hash Join",
                  "Parent Relationship": "Outer",
                  "Parallel Aware": true,
                  "Join Type": "Inner",
                  "Startup Cost": 47403.32,
                  "Total Cost": 386814.15,
                  "Plan Rows": 1900697,
                  "Plan Width": 0,
                  "Actual Startup Time": 282.467,
                  "Actual Total Time": 1823.908,
                  "Actual Rows": 1473093,
                  "Actual Loops": 7,
                  "Inner Unique": true,
                  "Hash Cond": "(ci.movie_id = t.id)",
                  "Plans": [
                    {
                      "Node Type": "Seq Scan",
                      "Parent Relationship": "Outer",
                      "Parallel Aware": true,
                      "Relation Name": "cast_info",
                      "Alias": "ci",
                      "Startup Cost": 0.0,
                      "Total Cost": 328162.03,
                      "Plan Rows": 4285254,
                      "Plan Width": 4,
                      "Actual Startup Time": 109.551,
                      "Actual Total Time": 609.817,
                      "Actual Rows": 3668651,
                      "Actual Loops": 7,
                      "Filter": "(person_id > 1036453)",
                      "Rows Removed by Filter": 1509113
                    },
                    {
                      "Node Type": "Hash",
                      "Parent Relationship": "Inner",
                      "Parallel Aware": true,
                      "Startup Cost": 43898.92,
                      "Total Cost": 43898.92,
                      "Plan Rows": 280352,
                      "Plan Width": 4,
                      "Actual Startup Time": 167.858,
                      "Actual Total Time": 167.859,
                      "Actual Rows": 161908,
                      "Actual Loops": 7,
                      "Hash Buckets": 2097152,
                      "Original Hash Buckets": 2097152,
                      "Hash Batches": 1,
                      "Original Hash Batches": 1,
                      "Peak Memory Usage": 60832,
                      "Plans": [
                        {
                          "Node Type": "Seq Scan",
                          "Parent Relationship": "Outer",
                          "Parallel Aware": true,
                          "Relation Name": "title",
                          "Alias": "t",
                          "Startup Cost": 0.0,
                          "Total Cost": 43898.92,
                          "Plan Rows": 280352,
                          "Plan Width": 4,
                          "Actual Startup Time": 0.042,
                          "Actual Total Time": 79.597,
                          "Actual Rows": 161908,
                          "Actual Loops": 7,
                          "Filter": "(production_year < 2002)",
                          "Rows Removed by Filter": 199280
                        }
                      ]
                    }
                  ]
                }
              ]
            }
          ]
        }
      ]
    },
    "Planning Time": 0.597,
    "Triggers": [],
    "Execution Time": 1967.434
  }
]