{
  "Plan": {
    "Node Type": "Aggregate",
    "Strategy": "Plain",
    "Partial Mode": "Finalize",
    "Parallel Aware": false,
    "Startup Cost": 944478.55,
    "Total Cost": 944478.56,
    "Plan Rows": 1,
    "Plan Width": 8,
    "Actual Startup Time": 6701.054,
    "Actual Total Time": 6808.059,
    "Actual Rows": 1,
    "Actual Loops": 1,
    "Plans": [
      {
        "Node Type": "Gather",
        "Parent Relationship": "Outer",
        "Parallel Aware": false,
        "Startup Cost": 944478.44,
        "Total Cost": 944478.55,
        "Plan Rows": 1,
        "Plan Width": 8,
        "Actual Startup Time": 6694.354,
        "Actual Total Time": 6808.047,
        "Actual Rows": 2,
        "Actual Loops": 1,
        "Workers Planned": 1,
        "Workers Launched": 1,
        "Single Copy": false,
        "Plans": [
          {
            "Node Type": "Aggregate",
            "Strategy": "Plain",
            "Partial Mode": "Partial",
            "Parent Relationship": "Outer",
            "Parallel Aware": false,
            "Startup Cost": 943478.44,
            "Total Cost": 943478.45,
            "Plan Rows": 1,
            "Plan Width": 8,
            "Actual Startup Time": 6682.652,
            "Actual Total Time": 6682.998,
            "Actual Rows": 1,
            "Actual Loops": 2,
            "Plans": [
              {
                "Node Type": "Hash Join",
                "Parent Relationship": "Outer",
                "Parallel Aware": true,
                "Join Type": "Inner",
                "Startup Cost": 601174.63,
                "Total Cost": 933741.29,
                "Plan Rows": 3894858,
                "Plan Width": 0,
                "Actual Startup Time": 4558.249,
                "Actual Total Time": 6405.795,
                "Actual Rows": 7164132,
                "Actual Loops": 2,
                "Inner Unique": false,
                "Hash Cond": "(mi.movie_id = t.id)",
                "Plans": [
                  {
                    "Node Type": "Seq Scan",
                    "Parent Relationship": "Outer",
                    "Parallel Aware": true,
                    "Relation Name": "movie_info",
                    "Alias": "mi",
                    "Startup Cost": 0.0,
                    "Total Cost": 270696.42,
                    "Plan Rows": 3116745,
                    "Plan Width": 4,
                    "Actual Startup Time": 33.709,
                    "Actual Total Time": 645.716,
                    "Actual Rows": 2635284,
                    "Actual Loops": 2,
                    "Filter": "(info_type_id > 15)",
                    "Rows Removed by Filter": 4782576
                  },
                  {
                    "Node Type": "Hash",
                    "Parent Relationship": "Inner",
                    "Parallel Aware": true,
                    "Startup Cost": 577943.04,
                    "Total Cost": 577943.04,
                    "Plan Rows": 1858527,
                    "Plan Width": 8,
                    "Actual Startup Time": 4502.051,
                    "Actual Total Time": 4502.394,
                    "Actual Rows": 1148560,
                    "Actual Loops": 2,
                    "Hash Buckets": 4194304,
                    "Original Hash Buckets": 4194304,
                    "Hash Batches": 1,
                    "Original Hash Batches": 1,
                    "Peak Memory Usage": 122656,
                    "Plans": [
                      {
                        "Node Type": "Hash Join",
                        "Parent Relationship": "Outer",
                        "Parallel Aware": true,
                        "Join Type": "Inner",
                        "Startup Cost": 56209.69,
                        "Total Cost": 577943.04,
                        "Plan Rows": 1858527,
                        "Plan Width": 8,
                        "Actual Startup Time": 162.804,
                        "Actual Total Time": 4122.682,
                        "Actual Rows": 1148560,
                        "Actual Loops": 2,
                        "Inner Unique": true,
                        "Hash Cond": "(ci.movie_id = t.id)",
                        "Plans": [
                          {
                            "Node Type": "Seq Scan",
                            "Parent Relationship": "Outer",
                            "Parallel Aware": true,
                            "Relation Name": "cast_info",
                            "Alias": "ci",
                            "Startup Cost": 0.0,
                            "Total Cost": 465792.95,
                            "Plan Rows": 21310595,
                            "Plan Width": 4,
                            "Actual Startup Time": 0.013,
                            "Actual Total Time": 1321.906,
                            "Actual Rows": 18122172,
                            "Actual Loops": 2
                          },
                          {
                            "Node Type": "Hash",
                            "Parent Relationship": "Inner",
                            "Parallel Aware": true,
                            "Startup Cost": 54588.39,
                            "Total Cost": 54588.39,
                            "Plan Rows": 129704,
                            "Plan Width": 4,
                            "Actual Startup Time": 161.847,
                            "Actual Total Time": 161.848,
                            "Actual Rows": 115442,
                            "Actual Loops": 2,
                            "Hash Buckets": 262144,
                            "Original Hash Buckets": 262144,
                            "Hash Batches": 1,
                            "Original Hash Batches": 1,
                            "Peak Memory Usage": 11104,
                            "Plans": [
                              {
                                "Node Type": "Seq Scan",
                                "Parent Relationship": "Outer",
                                "Parallel Aware": true,
                                "Relation Name": "title",
                                "Alias": "t",
                                "Startup Cost": 0.0,
                                "Total Cost": 54588.39,
                                "Plan Rows": 129704,
                                "Plan Width": 4,
                                "Actual Startup Time": 0.136,
                                "Actual Total Time": 133.884,
                                "Actual Rows": 115442,
                                "Actual Loops": 2,
                                "Filter": "(production_year < 1959)",
                                "Rows Removed by Filter": 1148714
                              }
                            ]
                          }
                        ]
                      }
                    ]
                  }
                ]
              }
            ]
          }
        ]
      }
    ]
  },
  "Planning Time": 0.967,
  "Triggers": [],
  "Execution Time": 6808.159
}