{
  "Plan": {
    "Node Type": "Aggregate",
    "Strategy": "Plain",
    "Partial Mode": "Finalize",
    "Parallel Aware": false,
    "Startup Cost": 486189.11,
    "Total Cost": 486189.12,
    "Plan Rows": 1,
    "Plan Width": 8,
    "Actual Startup Time": 760.11,
    "Actual Total Time": 778.752,
    "Actual Rows": 1,
    "Actual Loops": 1,
    "Plans": [
      {
        "Node Type": "Gather",
        "Parent Relationship": "Outer",
        "Parallel Aware": false,
        "Startup Cost": 486189.0,
        "Total Cost": 486189.11,
        "Plan Rows": 1,
        "Plan Width": 8,
        "Actual Startup Time": 759.548,
        "Actual Total Time": 778.743,
        "Actual Rows": 2,
        "Actual Loops": 1,
        "Workers Planned": 1,
        "Workers Launched": 1,
        "Single Copy": false,
        "Plans": [
          {
            "Node Type": "Aggregate",
            "Strategy": "Plain",
            "Partial Mode": "Partial",
            "Parent Relationship": "Outer",
            "Parallel Aware": false,
            "Startup Cost": 485189.0,
            "Total Cost": 485189.01,
            "Plan Rows": 1,
            "Plan Width": 8,
            "Actual Startup Time": 753.864,
            "Actual Total Time": 753.869,
            "Actual Rows": 1,
            "Actual Loops": 2,
            "Plans": [
              {
                "Node Type": "Hash Join",
                "Parent Relationship": "Outer",
                "Parallel Aware": true,
                "Join Type": "Inner",
                "Startup Cost": 178414.05,
                "Total Cost": 485167.6,
                "Plan Rows": 8561,
                "Plan Width": 0,
                "Actual Startup Time": 523.721,
                "Actual Total Time": 753.526,
                "Actual Rows": 3486,
                "Actual Loops": 2,
                "Inner Unique": true,
                "Hash Cond": "(ci.movie_id = t.id)",
                "Plans": [
                  {
                    "Node Type": "Bitmap Heap Scan",
                    "Parent Relationship": "Outer",
                    "Parallel Aware": true,
                    "Relation Name": "cast_info",
                    "Alias": "ci",
                    "Startup Cost": 124632.03,
                    "Total Cost": 427419.41,
                    "Plan Rows": 1510916,
                    "Plan Width": 4,
                    "Actual Startup Time": 436.503,
                    "Actual Total Time": 599.186,
                    "Actual Rows": 802714,
                    "Actual Loops": 2,
                    "Recheck Cond": "(person_id < 563352)",
                    "Rows Removed by Index Recheck": 0,
                    "Filter": "(role_id > 2)",
                    "Rows Removed by Filter": 2105285,
                    "Exact Heap Blocks": 40928,
                    "Lossy Heap Blocks": 0,
                    "Plans": [
                      {
                        "Node Type": "Bitmap Index Scan",
                        "Parent Relationship": "Outer",
                        "Parallel Aware": false,
                        "Index Name": "person_id_cast_info",
                        "Startup Cost": 0.0,
                        "Total Cost": 123989.89,
                        "Plan Rows": 5678043,
                        "Plan Width": 0,
                        "Actual Startup Time": 193.573,
                        "Actual Total Time": 193.573,
                        "Actual Rows": 5815997,
                        "Actual Loops": 1,
                        "Index Cond": "(person_id < 563352)"
                      }
                    ]
                  },
                  {
                    "Node Type": "Hash",
                    "Parent Relationship": "Inner",
                    "Parallel Aware": true,
                    "Startup Cost": 53676.69,
                    "Total Cost": 53676.69,
                    "Plan Rows": 8427,
                    "Plan Width": 4,
                    "Actual Startup Time": 86.515,
                    "Actual Total Time": 86.517,
                    "Actual Rows": 3789,
                    "Actual Loops": 2,
                    "Hash Buckets": 16384,
                    "Original Hash Buckets": 16384,
                    "Hash Batches": 1,
                    "Original Hash Batches": 1,
                    "Peak Memory Usage": 448,
                    "Plans": [
                      {
                        "Node Type": "Bitmap Heap Scan",
                        "Parent Relationship": "Outer",
                        "Parallel Aware": true,
                        "Relation Name": "title",
                        "Alias": "t",
                        "Startup Cost": 11826.43,
                        "Total Cost": 53676.69,
                        "Plan Rows": 8427,
                        "Plan Width": 4,
                        "Actual Startup Time": 25.641,
                        "Actual Total Time": 85.138,
                        "Actual Rows": 3789,
                        "Actual Loops": 2,
                        "Recheck Cond": "(kind_id = 1)",
                        "Rows Removed by Index Recheck": 0,
                        "Filter": "(production_year = 1999)",
                        "Rows Removed by Filter": 327624,
                        "Exact Heap Blocks": 9817,
                        "Lossy Heap Blocks": 0,
                        "Plans": [
                          {
                            "Node Type": "Bitmap Index Scan",
                            "Parent Relationship": "Outer",
                            "Parallel Aware": false,
                            "Index Name": "kind_id_title",
                            "Startup Cost": 0.0,
                            "Total Cost": 11822.85,
                            "Plan Rows": 663256,
                            "Plan Width": 0,
                            "Actual Startup Time": 28.263,
                            "Actual Total Time": 28.263,
                            "Actual Rows": 662825,
                            "Actual Loops": 1,
                            "Index Cond": "(kind_id = 1)"
                          }
                        ]
                      }
                    ]
                  }
                ]
              }
            ]
          }
        ]
      }
    ]
  },
  "Planning Time": 0.271,
  "Triggers": [],
  "Execution Time": 778.814
}