[
  {
    "Plan": {
      "Node Type": "Aggregate",
      "Strategy": "Plain",
      "Partial Mode": "Finalize",
      "Parallel Aware": false,
      "Startup Cost": 442760.98,
      "Total Cost": 442760.99,
      "Plan Rows": 1,
      "Plan Width": 8,
      "Actual Startup Time": 2372.123,
      "Actual Total Time": 2435.471,
      "Actual Rows": 1,
      "Actual Loops": 1,
      "Plans": [
        {
          "Node Type": "Gather",
          "Parent Relationship": "Outer",
          "Parallel Aware": false,
          "Startup Cost": 442760.35,
          "Total Cost": 442760.96,
          "Plan Rows": 6,
          "Plan Width": 8,
          "Actual Startup Time": 2361.217,
          "Actual Total Time": 2435.459,
          "Actual Rows": 7,
          "Actual Loops": 1,
          "Workers Planned": 6,
          "Workers Launched": 6,
          "Single Copy": false,
          "Plans": [
            {
              "Node Type": "Aggregate",
              "Strategy": "Plain",
              "Partial Mode": "Partial",
              "Parent Relationship": "Outer",
              "Parallel Aware": false,
              "Startup Cost": 441760.35,
              "Total Cost": 441760.36,
              "Plan Rows": 1,
              "Plan Width": 8,
              "Actual Startup Time": 2350.01,
              "Actual Total Time": 2350.381,
              "Actual Rows": 1,
              "Actual Loops": 7,
              "Plans": [
                {
                  "Node Type": "Hash Join",
                  "Parent Relationship": "Outer",
                  "Parallel Aware": true,
                  "Join Type": "Inner",
                  "Startup Cost": 85491.14,
                  "Total Cost": 435936.34,
                  "Plan Rows": 2329606,
                  "Plan Width": 0,
                  "Actual Startup Time": 703.944,
                  "Actual Total Time": 2225.621,
                  "Actual Rows": 2163372,
                  "Actual Loops": 7,
                  "Inner Unique": false,
                  "Hash Cond": "(ci.movie_id = t.id)",
                  "Plans": [
                    {
                      "Node Type": "Seq Scan",
                      "Parent Relationship": "Outer",
                      "Parallel Aware": true,
                      "Relation Name": "cast_info",
                      "Alias": "ci",
                      "Startup Cost": 0.0,
                      "Total Cost": 328211.39,
                      "Plan Rows": 3925053,
                      "Plan Width": 4,
                      "Actual Startup Time": 252.688,
                      "Actual Total Time": 841.069,
                      "Actual Rows": 3367665,
                      "Actual Loops": 7,
                      "Filter": "(role_id > 1)",
                      "Rows Removed by Filter": 1810098
                    },
                    {
                      "Node Type": "Hash",
                      "Parent Relationship": "Inner",
                      "Parallel Aware": true,
                      "Startup Cost": 79440.03,
                      "Total Cost": 79440.03,
                      "Plan Rows": 484089,
                      "Plan Width": 8,
                      "Actual Startup Time": 447.274,
                      "Actual Total Time": 447.643,
                      "Actual Rows": 98719,
                      "Actual Loops": 7,
                      "Hash Buckets": 2097152,
                      "Original Hash Buckets": 2097152,
                      "Hash Batches": 1,
                      "Original Hash Batches": 1,
                      "Peak Memory Usage": 43552,
                      "Plans": [
                        {
                          "Node Type": "Hash Join",
                          "Parent Relationship": "Outer",
                          "Parallel Aware": true,
                          "Join Type": "Inner",
                          "Startup Cost": 50024.14,
                          "Total Cost": 79440.03,
                          "Plan Rows": 484089,
                          "Plan Width": 8,
                          "Actual Startup Time": 219.634,
                          "Actual Total Time": 392.656,
                          "Actual Rows": 98719,
                          "Actual Loops": 7,
                          "Inner Unique": true,
                          "Hash Cond": "(mc.movie_id = t.id)",
                          "Plans": [
                            {
                              "Node Type": "Seq Scan",
                              "Parent Relationship": "Outer",
                              "Parallel Aware": true,
                              "Relation Name": "movie_companies",
                              "Alias": "mc",
                              "Startup Cost": 0.0,
                              "Total Cost": 27206.55,
                              "Plan Rows": 841655,
                              "Plan Width": 4,
                              "Actual Startup Time": 0.013,
                              "Actual Total Time": 49.914,
                              "Actual Rows": 372733,
                              "Actual Loops": 7
                            },
                            {
                              "Node Type": "Hash",
                              "Parent Relationship": "Inner",
                              "Parallel Aware": true,
                              "Startup Cost": 45479.59,
                              "Total Cost": 45479.59,
                              "Plan Rows": 363564,
                              "Plan Width": 4,
                              "Actual Startup Time": 217.507,
                              "Actual Total Time": 217.509,
                              "Actual Rows": 205455,
                              "Actual Loops": 7,
                              "Hash Buckets": 2097152,
                              "Original Hash Buckets": 2097152,
                              "Hash Batches": 1,
                              "Original Hash Batches": 1,
                              "Peak Memory Usage": 72768,
                              "Plans": [
                                {
                                  "Node Type": "Seq Scan",
                                  "Parent Relationship": "Outer",
                                  "Parallel Aware": true,
                                  "Relation Name": "title",
                                  "Alias": "t",
                                  "Startup Cost": 0.0,
                                  "Total Cost": 45479.59,
                                  "Plan Rows": 363564,
                                  "Plan Width": 4,
                                  "Actual Startup Time": 0.055,
                                  "Actual Total Time": 99.43,
                                  "Actual Rows": 205455,
                                  "Actual Loops": 7,
                                  "Filter": "((production_year < 2013) AND (kind_id = 7))",
                                  "Rows Removed by Filter": 155733
                                }
                              ]
                            }
                          ]
                        }
                      ]
                    }
                  ]
                }
              ]
            }
          ]
        }
      ]
    },
    "Planning Time": 1.074,
    "Triggers": [],
    "Execution Time": 2435.539
  }
]