[
  {
    "Plan": {
      "Node Type": "Aggregate",
      "Strategy": "Plain",
      "Partial Mode": "Finalize",
      "Parallel Aware": false,
      "Startup Cost": 27429.3,
      "Total Cost": 27429.31,
      "Plan Rows": 1,
      "Plan Width": 8,
      "Actual Startup Time": 63.329,
      "Actual Total Time": 67.953,
      "Actual Rows": 1,
      "Actual Loops": 1,
      "Plans": [
        {
          "Node Type": "Gather",
          "Parent Relationship": "Outer",
          "Parallel Aware": false,
          "Startup Cost": 27428.99,
          "Total Cost": 27429.3,
          "Plan Rows": 3,
          "Plan Width": 8,
          "Actual Startup Time": 63.011,
          "Actual Total Time": 67.946,
          "Actual Rows": 4,
          "Actual Loops": 1,
          "Workers Planned": 3,
          "Workers Launched": 3,
          "Single Copy": false,
          "Plans": [
            {
              "Node Type": "Aggregate",
              "Strategy": "Plain",
              "Partial Mode": "Partial",
              "Parent Relationship": "Outer",
              "Parallel Aware": false,
              "Startup Cost": 26428.99,
              "Total Cost": 26429.0,
              "Plan Rows": 1,
              "Plan Width": 8,
              "Actual Startup Time": 54.703,
              "Actual Total Time": 54.707,
              "Actual Rows": 1,
              "Actual Loops": 4,
              "Plans": [
                {
                  "Node Type": "Bitmap Heap Scan",
                  "Parent Relationship": "Outer",
                  "Parallel Aware": true,
                  "Relation Name": "movie_companies",
                  "Alias": "mc",
                  "Startup Cost": 6245.05,
                  "Total Cost": 26196.66,
                  "Plan Rows": 92929,
                  "Plan Width": 0,
                  "Actual Startup Time": 14.172,
                  "Actual Total Time": 49.003,
                  "Actual Rows": 70490,
                  "Actual Loops": 4,
                  "Recheck Cond": "(company_id > 95692)",
                  "Rows Removed by Index Recheck": 0,
                  "Exact Heap Blocks": 2614,
                  "Lossy Heap Blocks": 0,
                  "Plans": [
                    {
                      "Node Type": "Bitmap Index Scan",
                      "Parent Relationship": "Outer",
                      "Parallel Aware": false,
                      "Index Name": "company_id_movie_companies",
                      "Startup Cost": 0.0,
                      "Total Cost": 6173.03,
                      "Plan Rows": 288080,
                      "Plan Width": 0,
                      "Actual Startup Time": 21.055,
                      "Actual Total Time": 21.055,
                      "Actual Rows": 281959,
                      "Actual Loops": 1,
                      "Index Cond": "(company_id > 95692)"
                    }
                  ]
                }
              ]
            }
          ]
        }
      ]
    },
    "Planning Time": 0.129,
    "Triggers": [],
    "Execution Time": 68.005
  }
]