{
  "Plan": {
    "Node Type": "Aggregate",
    "Strategy": "Plain",
    "Partial Mode": "Finalize",
    "Parallel Aware": false,
    "Startup Cost": 265225.11,
    "Total Cost": 265225.12,
    "Plan Rows": 1,
    "Plan Width": 8,
    "Actual Startup Time": 320.869,
    "Actual Total Time": 336.351,
    "Actual Rows": 1,
    "Actual Loops": 1,
    "Plans": [
      {
        "Node Type": "Gather",
        "Parent Relationship": "Outer",
        "Parallel Aware": false,
        "Startup Cost": 265225.0,
        "Total Cost": 265225.11,
        "Plan Rows": 1,
        "Plan Width": 8,
        "Actual Startup Time": 320.604,
        "Actual Total Time": 336.343,
        "Actual Rows": 2,
        "Actual Loops": 1,
        "Workers Planned": 1,
        "Workers Launched": 1,
        "Single Copy": false,
        "Plans": [
          {
            "Node Type": "Aggregate",
            "Strategy": "Plain",
            "Partial Mode": "Partial",
            "Parent Relationship": "Outer",
            "Parallel Aware": false,
            "Startup Cost": 264225.0,
            "Total Cost": 264225.01,
            "Plan Rows": 1,
            "Plan Width": 8,
            "Actual Startup Time": 314.29,
            "Actual Total Time": 314.294,
            "Actual Rows": 1,
            "Actual Loops": 2,
            "Plans": [
              {
                "Node Type": "Nested Loop",
                "Parent Relationship": "Outer",
                "Parallel Aware": false,
                "Join Type": "Inner",
                "Startup Cost": 82985.24,
                "Total Cost": 264213.01,
                "Plan Rows": 4795,
                "Plan Width": 0,
                "Actual Startup Time": 186.281,
                "Actual Total Time": 314.195,
                "Actual Rows": 1107,
                "Actual Loops": 2,
                "Inner Unique": false,
                "Join Filter": "(t.id = mi_idx.movie_id)",
                "Rows Removed by Join Filter": 0,
                "Plans": [
                  {
                    "Node Type": "Hash Join",
                    "Parent Relationship": "Outer",
                    "Parallel Aware": true,
                    "Join Type": "Inner",
                    "Startup Cost": 82984.82,
                    "Total Cost": 256947.15,
                    "Plan Rows": 13100,
                    "Plan Width": 8,
                    "Actual Startup Time": 186.206,
                    "Actual Total Time": 310.752,
                    "Actual Rows": 776,
                    "Actual Loops": 2,
                    "Inner Unique": true,
                    "Hash Cond": "(mi.movie_id = t.id)",
                    "Plans": [
                      {
                        "Node Type": "Bitmap Heap Scan",
                        "Parent Relationship": "Outer",
                        "Parallel Aware": true,
                        "Relation Name": "movie_info",
                        "Alias": "mi",
                        "Startup Cost": 24370.61,
                        "Total Cost": 196255.62,
                        "Plan Rows": 791361,
                        "Plan Width": 4,
                        "Actual Startup Time": 43.284,
                        "Actual Total Time": 107.15,
                        "Actual Rows": 700951,
                        "Actual Loops": 2,
                        "Recheck Cond": "(info_type_id = 7)",
                        "Rows Removed by Index Recheck": 0,
                        "Exact Heap Blocks": 4946,
                        "Lossy Heap Blocks": 0,
                        "Plans": [
                          {
                            "Node Type": "Bitmap Index Scan",
                            "Parent Relationship": "Outer",
                            "Parallel Aware": false,
                            "Index Name": "info_type_id_movie_info",
                            "Startup Cost": 0.0,
                            "Total Cost": 24034.28,
                            "Plan Rows": 1345313,
                            "Plan Width": 0,
                            "Actual Startup Time": 41.731,
                            "Actual Total Time": 41.732,
                            "Actual Rows": 1401902,
                            "Actual Loops": 1,
                            "Index Cond": "(info_type_id = 7)"
                          }
                        ]
                      },
                      {
                        "Node Type": "Hash",
                        "Parent Relationship": "Inner",
                        "Parallel Aware": true,
                        "Startup Cost": 58306.47,
                        "Total Cost": 58306.47,
                        "Plan Rows": 24619,
                        "Plan Width": 4,
                        "Actual Startup Time": 141.348,
                        "Actual Total Time": 141.349,
                        "Actual Rows": 20128,
                        "Actual Loops": 2,
                        "Hash Buckets": 65536,
                        "Original Hash Buckets": 65536,
                        "Hash Batches": 1,
                        "Original Hash Batches": 1,
                        "Peak Memory Usage": 2112,
                        "Plans": [
                          {
                            "Node Type": "Seq Scan",
                            "Parent Relationship": "Outer",
                            "Parallel Aware": true,
                            "Relation Name": "title",
                            "Alias": "t",
                            "Startup Cost": 0.0,
                            "Total Cost": 58306.47,
                            "Plan Rows": 24619,
                            "Plan Width": 4,
                            "Actual Startup Time": 0.058,
                            "Actual Total Time": 134.97,
                            "Actual Rows": 20128,
                            "Actual Loops": 2,
                            "Filter": "((production_year > 2012) AND (kind_id = 7))",
                            "Rows Removed by Filter": 1244028
                          }
                        ]
                      }
                    ]
                  },
                  {
                    "Node Type": "Index Scan",
                    "Parent Relationship": "Inner",
                    "Parallel Aware": false,
                    "Scan Direction": "Forward",
                    "Index Name": "movie_id_movie_info_idx",
                    "Relation Name": "movie_info_idx",
                    "Alias": "mi_idx",
                    "Startup Cost": 0.43,
                    "Total Cost": 0.53,
                    "Plan Rows": 2,
                    "Plan Width": 4,
                    "Actual Startup Time": 0.004,
                    "Actual Total Time": 0.004,
                    "Actual Rows": 1,
                    "Actual Loops": 1552,
                    "Index Cond": "(movie_id = mi.movie_id)",
                    "Rows Removed by Index Recheck": 0,
                    "Filter": "(info_type_id > 99)",
                    "Rows Removed by Filter": 1
                  }
                ]
              }
            ]
          }
        ]
      }
    ]
  },
  "Planning Time": 0.987,
  "Triggers": [],
  "Execution Time": 336.461
}