[
    {
        "Bao": {
            "Bao prediction": "NaN",
            "Bao recommended hint": "(no hint)"
        }
    },
    {
        "Plan": {
            "Node Type": "Aggregate",
            "Strategy": "Plain",
            "Partial Mode": "Finalize",
            "Parallel Aware": false,
            "Startup Cost": 31607.91,
            "Total Cost": 31607.92,
            "Plan Rows": 1,
            "Plan Width": 8,
            "Actual Startup Time": 127.009,
            "Actual Total Time": 136.613,
            "Actual Rows": 1,
            "Actual Loops": 1,
            "Output": [
                "count(*)"
            ],
            "Plans": [
                {
                    "Node Type": "Gather",
                    "Parent Relationship": "Outer",
                    "Parallel Aware": false,
                    "Startup Cost": 31607.59,
                    "Total Cost": 31607.9,
                    "Plan Rows": 3,
                    "Plan Width": 8,
                    "Actual Startup Time": 126.883,
                    "Actual Total Time": 136.605,
                    "Actual Rows": 4,
                    "Actual Loops": 1,
                    "Output": [
                        "(PARTIAL count(*))"
                    ],
                    "Workers Planned": 3,
                    "Workers Launched": 3,
                    "Single Copy": false,
                    "Plans": [
                        {
                            "Node Type": "Aggregate",
                            "Strategy": "Plain",
                            "Partial Mode": "Partial",
                            "Parent Relationship": "Outer",
                            "Parallel Aware": false,
                            "Startup Cost": 30607.59,
                            "Total Cost": 30607.6,
                            "Plan Rows": 1,
                            "Plan Width": 8,
                            "Actual Startup Time": 118.255,
                            "Actual Total Time": 118.256,
                            "Actual Rows": 1,
                            "Actual Loops": 4,
                            "Output": [
                                "PARTIAL count(*)"
                            ],
                            "Workers": [
                                {
                                    "Worker Number": 0,
                                    "Actual Startup Time": 115.435,
                                    "Actual Total Time": 115.437,
                                    "Actual Rows": 1,
                                    "Actual Loops": 1
                                },
                                {
                                    "Worker Number": 1,
                                    "Actual Startup Time": 115.628,
                                    "Actual Total Time": 115.629,
                                    "Actual Rows": 1,
                                    "Actual Loops": 1
                                },
                                {
                                    "Worker Number": 2,
                                    "Actual Startup Time": 115.604,
                                    "Actual Total Time": 115.606,
                                    "Actual Rows": 1,
                                    "Actual Loops": 1
                                }
                            ],
                            "Plans": [
                                {
                                    "Node Type": "Seq Scan",
                                    "Parent Relationship": "Outer",
                                    "Parallel Aware": true,
                                    "Relation Name": "movie_companies",
                                    "Schema": "public",
                                    "Alias": "mc",
                                    "Startup Cost": 0.0,
                                    "Total Cost": 29310.68,
                                    "Plan Rows": 518765,
                                    "Plan Width": 0,
                                    "Actual Startup Time": 5.423,
                                    "Actual Total Time": 94.978,
                                    "Actual Rows": 401342,
                                    "Actual Loops": 4,
                                    "Output": [
                                        "id",
                                        "movie_id",
                                        "company_id",
                                        "company_type_id",
                                        "note"
                                    ],
                                    "Filter": "(mc.company_id > 4769)",
                                    "Rows Removed by Filter": 250940,
                                    "Workers": [
                                        {
                                            "Worker Number": 0,
                                            "Actual Startup Time": 2.591,
                                            "Actual Total Time": 92.959,
                                            "Actual Rows": 325570,
                                            "Actual Loops": 1
                                        },
                                        {
                                            "Worker Number": 1,
                                            "Actual Startup Time": 2.812,
                                            "Actual Total Time": 92.724,
                                            "Actual Rows": 330610,
                                            "Actual Loops": 1
                                        },
                                        {
                                            "Worker Number": 2,
                                            "Actual Startup Time": 2.772,
                                            "Actual Total Time": 92.716,
                                            "Actual Rows": 321154,
                                            "Actual Loops": 1
                                        }
                                    ]
                                }
                            ]
                        }
                    ]
                }
            ]
        },
        "Planning Time": 233.932,
        "Triggers": [],
        "Execution Time": 136.685
    }
]