[
  {
    "Plan": {
      "Node Type": "Aggregate",
      "Strategy": "Plain",
      "Partial Mode": "Finalize",
      "Parallel Aware": false,
      "Startup Cost": 340526.1,
      "Total Cost": 340526.11,
      "Plan Rows": 1,
      "Plan Width": 8,
      "Actual Startup Time": 351.521,
      "Actual Total Time": 367.747,
      "Actual Rows": 1,
      "Actual Loops": 1,
      "Plans": [
        {
          "Node Type": "Gather",
          "Parent Relationship": "Outer",
          "Parallel Aware": false,
          "Startup Cost": 340525.47,
          "Total Cost": 340526.08,
          "Plan Rows": 6,
          "Plan Width": 8,
          "Actual Startup Time": 349.207,
          "Actual Total Time": 367.727,
          "Actual Rows": 7,
          "Actual Loops": 1,
          "Workers Planned": 6,
          "Workers Launched": 6,
          "Single Copy": false,
          "Plans": [
            {
              "Node Type": "Aggregate",
              "Strategy": "Plain",
              "Partial Mode": "Partial",
              "Parent Relationship": "Outer",
              "Parallel Aware": false,
              "Startup Cost": 339525.47,
              "Total Cost": 339525.48,
              "Plan Rows": 1,
              "Plan Width": 8,
              "Actual Startup Time": 342.321,
              "Actual Total Time": 342.324,
              "Actual Rows": 1,
              "Actual Loops": 7,
              "Plans": [
                {
                  "Node Type": "Bitmap Heap Scan",
                  "Parent Relationship": "Outer",
                  "Parallel Aware": true,
                  "Relation Name": "cast_info",
                  "Alias": "ci",
                  "Startup Cost": 77121.41,
                  "Total Cost": 338576.17,
                  "Plan Rows": 379722,
                  "Plan Width": 0,
                  "Actual Startup Time": 144.318,
                  "Actual Total Time": 317.526,
                  "Actual Rows": 494248,
                  "Actual Loops": 7,
                  "Recheck Cond": "(person_id > 3430053)",
                  "Rows Removed by Index Recheck": 0,
                  "Filter": "(role_id > 1)",
                  "Rows Removed by Filter": 0,
                  "Exact Heap Blocks": 11647,
                  "Lossy Heap Blocks": 0,
                  "Plans": [
                    {
                      "Node Type": "Bitmap Index Scan",
                      "Parent Relationship": "Outer",
                      "Parallel Aware": false,
                      "Index Name": "person_id_cast_info",
                      "Startup Cost": 0.0,
                      "Total Cost": 76551.83,
                      "Plan Rows": 3507102,
                      "Plan Width": 0,
                      "Actual Startup Time": 141.557,
                      "Actual Total Time": 141.558,
                      "Actual Rows": 3459733,
                      "Actual Loops": 1,
                      "Index Cond": "(person_id > 3430053)"
                    }
                  ]
                }
              ]
            }
          ]
        }
      ]
    },
    "Planning Time": 0.074,
    "Triggers": [],
    "Execution Time": 367.782
  }
]