[
    {
        "Bao": {
            "Bao prediction": "NaN",
            "Bao recommended hint": "(no hint)"
        }
    },
    {
        "Plan": {
            "Node Type": "Aggregate",
            "Strategy": "Plain",
            "Partial Mode": "Finalize",
            "Parallel Aware": false,
            "Startup Cost": 32862.42,
            "Total Cost": 32862.43,
            "Plan Rows": 1,
            "Plan Width": 8,
            "Actual Startup Time": 105.933,
            "Actual Total Time": 114.207,
            "Actual Rows": 1,
            "Actual Loops": 1,
            "Output": [
                "count(*)"
            ],
            "Plans": [
                {
                    "Node Type": "Gather",
                    "Parent Relationship": "Outer",
                    "Parallel Aware": false,
                    "Startup Cost": 32862.1,
                    "Total Cost": 32862.41,
                    "Plan Rows": 3,
                    "Plan Width": 8,
                    "Actual Startup Time": 105.834,
                    "Actual Total Time": 114.2,
                    "Actual Rows": 4,
                    "Actual Loops": 1,
                    "Output": [
                        "(PARTIAL count(*))"
                    ],
                    "Workers Planned": 3,
                    "Workers Launched": 3,
                    "Single Copy": false,
                    "Plans": [
                        {
                            "Node Type": "Aggregate",
                            "Strategy": "Plain",
                            "Partial Mode": "Partial",
                            "Parent Relationship": "Outer",
                            "Parallel Aware": false,
                            "Startup Cost": 31862.1,
                            "Total Cost": 31862.11,
                            "Plan Rows": 1,
                            "Plan Width": 8,
                            "Actual Startup Time": 97.787,
                            "Actual Total Time": 97.788,
                            "Actual Rows": 1,
                            "Actual Loops": 4,
                            "Output": [
                                "PARTIAL count(*)"
                            ],
                            "Workers": [
                                {
                                    "Worker Number": 0,
                                    "Actual Startup Time": 94.967,
                                    "Actual Total Time": 94.968,
                                    "Actual Rows": 1,
                                    "Actual Loops": 1
                                },
                                {
                                    "Worker Number": 1,
                                    "Actual Startup Time": 95.056,
                                    "Actual Total Time": 95.058,
                                    "Actual Rows": 1,
                                    "Actual Loops": 1
                                },
                                {
                                    "Worker Number": 2,
                                    "Actual Startup Time": 95.618,
                                    "Actual Total Time": 95.619,
                                    "Actual Rows": 1,
                                    "Actual Loops": 1
                                }
                            ],
                            "Plans": [
                                {
                                    "Node Type": "Seq Scan",
                                    "Parent Relationship": "Outer",
                                    "Parallel Aware": true,
                                    "Relation Name": "movie_companies",
                                    "Schema": "public",
                                    "Alias": "mc",
                                    "Startup Cost": 0.0,
                                    "Total Cost": 31414.82,
                                    "Plan Rows": 178912,
                                    "Plan Width": 0,
                                    "Actual Startup Time": 43.438,
                                    "Actual Total Time": 86.103,
                                    "Actual Rows": 212096,
                                    "Actual Loops": 4,
                                    "Output": [
                                        "id",
                                        "movie_id",
                                        "company_id",
                                        "company_type_id",
                                        "note"
                                    ],
                                    "Filter": "((mc.company_id > 14198) AND (mc.company_type_id = 2))",
                                    "Rows Removed by Filter": 440186,
                                    "Workers": [
                                        {
                                            "Worker Number": 0,
                                            "Actual Startup Time": 40.621,
                                            "Actual Total Time": 83.457,
                                            "Actual Rows": 174425,
                                            "Actual Loops": 1
                                        },
                                        {
                                            "Worker Number": 1,
                                            "Actual Startup Time": 40.713,
                                            "Actual Total Time": 83.559,
                                            "Actual Rows": 174337,
                                            "Actual Loops": 1
                                        },
                                        {
                                            "Worker Number": 2,
                                            "Actual Startup Time": 41.257,
                                            "Actual Total Time": 84.251,
                                            "Actual Rows": 172109,
                                            "Actual Loops": 1
                                        }
                                    ]
                                }
                            ]
                        }
                    ]
                }
            ]
        },
        "Planning Time": 212.197,
        "Triggers": [],
        "Execution Time": 114.261
    }
]