{
  "Plan": {
    "Node Type": "Aggregate",
    "Strategy": "Plain",
    "Partial Mode": "Finalize",
    "Parallel Aware": false,
    "Startup Cost": 797813.89,
    "Total Cost": 797813.9,
    "Plan Rows": 1,
    "Plan Width": 64,
    "Actual Startup Time": 4755.607,
    "Actual Total Time": 4831.548,
    "Actual Rows": 1,
    "Actual Loops": 1,
    "Plans": [
      {
        "Node Type": "Gather",
        "Parent Relationship": "Outer",
        "Parallel Aware": false,
        "Startup Cost": 797813.77,
        "Total Cost": 797813.88,
        "Plan Rows": 1,
        "Plan Width": 32,
        "Actual Startup Time": 4750.682,
        "Actual Total Time": 4831.532,
        "Actual Rows": 2,
        "Actual Loops": 1,
        "Workers Planned": 1,
        "Workers Launched": 1,
        "Single Copy": false,
        "Plans": [
          {
            "Node Type": "Aggregate",
            "Strategy": "Plain",
            "Partial Mode": "Partial",
            "Parent Relationship": "Outer",
            "Parallel Aware": false,
            "Startup Cost": 796813.77,
            "Total Cost": 796813.78,
            "Plan Rows": 1,
            "Plan Width": 32,
            "Actual Startup Time": 4743.579,
            "Actual Total Time": 4744.195,
            "Actual Rows": 1,
            "Actual Loops": 2,
            "Plans": [
              {
                "Node Type": "Hash Join",
                "Parent Relationship": "Outer",
                "Parallel Aware": true,
                "Join Type": "Inner",
                "Startup Cost": 756920.3,
                "Total Cost": 796813.75,
                "Plan Rows": 9,
                "Plan Width": 15,
                "Actual Startup Time": 4438.825,
                "Actual Total Time": 4736.851,
                "Actual Rows": 129144,
                "Actual Loops": 2,
                "Inner Unique": true,
                "Hash Cond": "(mc.company_id = cn.id)",
                "Plans": [
                  {
                    "Node Type": "Hash Join",
                    "Parent Relationship": "Outer",
                    "Parallel Aware": true,
                    "Join Type": "Inner",
                    "Startup Cost": 751565.53,
                    "Total Cost": 791458.92,
                    "Plan Rows": 24,
                    "Plan Width": 19,
                    "Actual Startup Time": 4394.003,
                    "Actual Total Time": 4657.136,
                    "Actual Rows": 351424,
                    "Actual Loops": 2,
                    "Inner Unique": false,
                    "Hash Cond": "(mc.movie_id = t.id)",
                    "Plans": [
                      {
                        "Node Type": "Seq Scan",
                        "Parent Relationship": "Outer",
                        "Parallel Aware": true,
                        "Relation Name": "movie_companies",
                        "Alias": "mc",
                        "Startup Cost": 0.0,
                        "Total Cost": 34137.82,
                        "Plan Rows": 1534782,
                        "Plan Width": 8,
                        "Actual Startup Time": 0.019,
                        "Actual Total Time": 97.609,
                        "Actual Rows": 1304564,
                        "Actual Loops": 2
                      },
                      {
                        "Node Type": "Hash",
                        "Parent Relationship": "Inner",
                        "Parallel Aware": true,
                        "Startup Cost": 751565.24,
                        "Total Cost": 751565.24,
                        "Plan Rows": 23,
                        "Plan Width": 27,
                        "Actual Startup Time": 4393.354,
                        "Actual Total Time": 4393.967,
                        "Actual Rows": 46658,
                        "Actual Loops": 2,
                        "Hash Buckets": 131072,
                        "Original Hash Buckets": 1024,
                        "Hash Batches": 1,
                        "Original Hash Batches": 1,
                        "Peak Memory Usage": 7832,
                        "Plans": [
                          {
                            "Node Type": "Hash Join",
                            "Parent Relationship": "Outer",
                            "Parallel Aware": true,
                            "Join Type": "Inner",
                            "Startup Cost": 663081.08,
                            "Total Cost": 751565.24,
                            "Plan Rows": 23,
                            "Plan Width": 27,
                            "Actual Startup Time": 4095.635,
                            "Actual Total Time": 4372.858,
                            "Actual Rows": 46658,
                            "Actual Loops": 2,
                            "Inner Unique": false,
                            "Hash Cond": "(n.id = ci.person_id)",
                            "Plans": [
                              {
                                "Node Type": "Seq Scan",
                                "Parent Relationship": "Outer",
                                "Parallel Aware": true,
                                "Relation Name": "name",
                                "Alias": "n",
                                "Startup Cost": 0.0,
                                "Total Cost": 86255.48,
                                "Plan Rows": 198093,
                                "Plan Width": 19,
                                "Actual Startup Time": 3.444,
                                "Actual Total Time": 205.858,
                                "Actual Rows": 171700,
                                "Actual Loops": 2,
                                "Filter": "(name ~~ 'B%'::text)",
                                "Rows Removed by Filter": 1912046
                              },
                              {
                                "Node Type": "Hash",
                                "Parent Relationship": "Inner",
                                "Parallel Aware": true,
                                "Startup Cost": 663077.49,
                                "Total Cost": 663077.49,
                                "Plan Rows": 287,
                                "Plan Width": 16,
                                "Actual Startup Time": 4091.933,
                                "Actual Total Time": 4092.542,
                                "Actual Rows": 519196,
                                "Actual Loops": 2,
                                "Hash Buckets": 1048576,
                                "Original Hash Buckets": 1024,
                                "Hash Batches": 1,
                                "Original Hash Batches": 1,
                                "Peak Memory Usage": 65144,
                                "Plans": [
                                  {
                                    "Node Type": "Hash Join",
                                    "Parent Relationship": "Outer",
                                    "Parallel Aware": true,
                                    "Join Type": "Inner",
                                    "Startup Cost": 117126.99,
                                    "Total Cost": 663077.49,
                                    "Plan Rows": 287,
                                    "Plan Width": 16,
                                    "Actual Startup Time": 631.145,
                                    "Actual Total Time": 3892.583,
                                    "Actual Rows": 519196,
                                    "Actual Loops": 2,
                                    "Inner Unique": false,
                                    "Hash Cond": "(ci.movie_id = t.id)",
                                    "Plans": [
                                      {
                                        "Node Type": "Seq Scan",
                                        "Parent Relationship": "Outer",
                                        "Parallel Aware": true,
                                        "Relation Name": "cast_info",
                                        "Alias": "ci",
                                        "Startup Cost": 0.0,
                                        "Total Cost": 465968.32,
                                        "Plan Rows": 21328132,
                                        "Plan Width": 8,
                                        "Actual Startup Time": 0.016,
                                        "Actual Total Time": 1345.213,
                                        "Actual Rows": 18122172,
                                        "Actual Loops": 2
                                      },
                                      {
                                        "Node Type": "Hash",
                                        "Parent Relationship": "Inner",
                                        "Parallel Aware": true,
                                        "Startup Cost": 117126.74,
                                        "Total Cost": 117126.74,
                                        "Plan Rows": 20,
                                        "Plan Width": 8,
                                        "Actual Startup Time": 631.067,
                                        "Actual Total Time": 631.672,
                                        "Actual Rows": 20920,
                                        "Actual Loops": 2,
                                        "Hash Buckets": 65536,
                                        "Original Hash Buckets": 1024,
                                        "Hash Batches": 1,
                                        "Original Hash Batches": 1,
                                        "Peak Memory Usage": 2712,
                                        "Plans": [
                                          {
                                            "Node Type": "Hash Join",
                                            "Parent Relationship": "Outer",
                                            "Parallel Aware": true,
                                            "Join Type": "Inner",
                                            "Startup Cost": 60677.44,
                                            "Total Cost": 117126.74,
                                            "Plan Rows": 20,
                                            "Plan Width": 8,
                                            "Actual Startup Time": 342.352,
                                            "Actual Total Time": 604.021,
                                            "Actual Rows": 20920,
                                            "Actual Loops": 2,
                                            "Inner Unique": false,
                                            "Hash Cond": "(t.id = mk.movie_id)",
                                            "Plans": [
                                              {
                                                "Node Type": "Seq Scan",
                                                "Parent Relationship": "Outer",
                                                "Parallel Aware": true,
                                                "Relation Name": "title",
                                                "Alias": "t",
                                                "Startup Cost": 0.0,
                                                "Total Cost": 50871.58,
                                                "Plan Rows": 1487358,
                                                "Plan Width": 4,
                                                "Actual Startup Time": 0.007,
                                                "Actual Total Time": 121.418,
                                                "Actual Rows": 1264156,
                                                "Actual Loops": 2
                                              },
                                              {
                                                "Node Type": "Hash",
                                                "Parent Relationship": "Inner",
                                                "Parallel Aware": true,
                                                "Startup Cost": 60677.19,
                                                "Total Cost": 60677.19,
                                                "Plan Rows": 20,
                                                "Plan Width": 4,
                                                "Actual Startup Time": 342.235,
                                                "Actual Total Time": 342.239,
                                                "Actual Rows": 20920,
                                                "Actual Loops": 2,
                                                "Hash Buckets": 65536,
                                                "Original Hash Buckets": 1024,
                                                "Hash Batches": 1,
                                                "Original Hash Batches": 1,
                                                "Peak Memory Usage": 2680,
                                                "Plans": [
                                                  {
                                                    "Node Type": "Hash Join",
                                                    "Parent Relationship": "Outer",
                                                    "Parallel Aware": false,
                                                    "Join Type": "Inner",
                                                    "Startup Cost": 2626.14,
                                                    "Total Cost": 60677.19,
                                                    "Plan Rows": 20,
                                                    "Plan Width": 4,
                                                    "Actual Startup Time": 10.71,
                                                    "Actual Total Time": 313.332,
                                                    "Actual Rows": 20920,
                                                    "Actual Loops": 2,
                                                    "Inner Unique": true,
                                                    "Hash Cond": "(mk.keyword_id = k.id)",
                                                    "Plans": [
                                                      {
                                                        "Node Type": "Seq Scan",
                                                        "Parent Relationship": "Outer",
                                                        "Parallel Aware": true,
                                                        "Relation Name": "movie_keyword",
                                                        "Alias": "mk",
                                                        "Startup Cost": 0.0,
                                                        "Total Cost": 51065.35,
                                                        "Plan Rows": 2661135,
                                                        "Plan Width": 8,
                                                        "Actual Startup Time": 0.015,
                                                        "Actual Total Time": 159.703,
                                                        "Actual Rows": 2261965,
                                                        "Actual Loops": 2
                                                      },
                                                      {
                                                        "Node Type": "Hash",
                                                        "Parent Relationship": "Inner",
                                                        "Parallel Aware": false,
                                                        "Startup Cost": 2626.12,
                                                        "Total Cost": 2626.12,
                                                        "Plan Rows": 1,
                                                        "Plan Width": 4,
                                                        "Actual Startup Time": 10.647,
                                                        "Actual Total Time": 10.649,
                                                        "Actual Rows": 1,
                                                        "Actual Loops": 2,
                                                        "Hash Buckets": 1024,
                                                        "Original Hash Buckets": 1024,
                                                        "Hash Batches": 1,
                                                        "Original Hash Batches": 1,
                                                        "Peak Memory Usage": 9,
                                                        "Plans": [
                                                          {
                                                            "Node Type": "Seq Scan",
                                                            "Parent Relationship": "Outer",
                                                            "Parallel Aware": false,
                                                            "Relation Name": "keyword",
                                                            "Alias": "k",
                                                            "Startup Cost": 0.0,
                                                            "Total Cost": 2626.12,
                                                            "Plan Rows": 1,
                                                            "Plan Width": 4,
                                                            "Actual Startup Time": 0.484,
                                                            "Actual Total Time": 10.633,
                                                            "Actual Rows": 1,
                                                            "Actual Loops": 2,
                                                            "Filter": "(keyword = 'character-name-in-title'::text)",
                                                            "Rows Removed by Filter": 134169
                                                          }
                                                        ]
                                                      }
                                                    ]
                                                  }
                                                ]
                                              }
                                            ]
                                          }
                                        ]
                                      }
                                    ]
                                  }
                                ]
                              }
                            ]
                          }
                        ]
                      }
                    ]
                  },
                  {
                    "Node Type": "Hash",
                    "Parent Relationship": "Inner",
                    "Parallel Aware": true,
                    "Startup Cost": 4722.92,
                    "Total Cost": 4722.92,
                    "Plan Rows": 50548,
                    "Plan Width": 4,
                    "Actual Startup Time": 42.033,
                    "Actual Total Time": 42.034,
                    "Actual Rows": 42422,
                    "Actual Loops": 2,
                    "Hash Buckets": 131072,
                    "Original Hash Buckets": 131072,
                    "Hash Batches": 1,
                    "Original Hash Batches": 1,
                    "Peak Memory Usage": 4352,
                    "Plans": [
                      {
                        "Node Type": "Seq Scan",
                        "Parent Relationship": "Outer",
                        "Parallel Aware": true,
                        "Relation Name": "company_name",
                        "Alias": "cn",
                        "Startup Cost": 0.0,
                        "Total Cost": 4722.92,
                        "Plan Rows": 50548,
                        "Plan Width": 4,
                        "Actual Startup Time": 0.054,
                        "Actual Total Time": 28.287,
                        "Actual Rows": 42422,
                        "Actual Loops": 2,
                        "Filter": "((country_code)::text = '[us]'::text)",
                        "Rows Removed by Filter": 75077
                      }
                    ]
                  }
                ]
              }
            ]
          }
        ]
      }
    ]
  },
  "Planning Time": 1.425,
  "Triggers": [],
  "Execution Time": 4831.726
}