[
  {
    "Plan": {
      "Node Type": "Aggregate",
      "Strategy": "Plain",
      "Partial Mode": "Finalize",
      "Parallel Aware": false,
      "Startup Cost": 348850.85,
      "Total Cost": 348850.86,
      "Plan Rows": 1,
      "Plan Width": 8,
      "Actual Startup Time": 819.025,
      "Actual Total Time": 871.947,
      "Actual Rows": 1,
      "Actual Loops": 1,
      "Plans": [
        {
          "Node Type": "Gather",
          "Parent Relationship": "Outer",
          "Parallel Aware": false,
          "Startup Cost": 348850.23,
          "Total Cost": 348850.84,
          "Plan Rows": 6,
          "Plan Width": 8,
          "Actual Startup Time": 818.807,
          "Actual Total Time": 871.929,
          "Actual Rows": 7,
          "Actual Loops": 1,
          "Workers Planned": 6,
          "Workers Launched": 6,
          "Single Copy": false,
          "Plans": [
            {
              "Node Type": "Aggregate",
              "Strategy": "Plain",
              "Partial Mode": "Partial",
              "Parent Relationship": "Outer",
              "Parallel Aware": false,
              "Startup Cost": 347850.23,
              "Total Cost": 347850.24,
              "Plan Rows": 1,
              "Plan Width": 8,
              "Actual Startup Time": 809.296,
              "Actual Total Time": 809.298,
              "Actual Rows": 1,
              "Actual Loops": 7,
              "Plans": [
                {
                  "Node Type": "Seq Scan",
                  "Parent Relationship": "Outer",
                  "Parallel Aware": true,
                  "Relation Name": "cast_info",
                  "Alias": "ci",
                  "Startup Cost": 0.0,
                  "Total Cost": 343316.27,
                  "Plan Rows": 1813582,
                  "Plan Width": 0,
                  "Actual Startup Time": 417.083,
                  "Actual Total Time": 758.789,
                  "Actual Rows": 829486,
                  "Actual Loops": 7,
                  "Filter": "((person_id < 2544735) AND (role_id > 2))",
                  "Rows Removed by Filter": 4348278
                }
              ]
            }
          ]
        }
      ]
    },
    "Planning Time": 0.119,
    "Triggers": [],
    "Execution Time": 871.996
  }
]