[
  {
    "Plan": {
      "Node Type": "Aggregate",
      "Strategy": "Plain",
      "Partial Mode": "Finalize",
      "Parallel Aware": false,
      "Startup Cost": 348902.42,
      "Total Cost": 348902.43,
      "Plan Rows": 1,
      "Plan Width": 8,
      "Actual Startup Time": 645.854,
      "Actual Total Time": 709.909,
      "Actual Rows": 1,
      "Actual Loops": 1,
      "Plans": [
        {
          "Node Type": "Gather",
          "Parent Relationship": "Outer",
          "Parallel Aware": false,
          "Startup Cost": 348901.79,
          "Total Cost": 348902.4,
          "Plan Rows": 6,
          "Plan Width": 8,
          "Actual Startup Time": 645.743,
          "Actual Total Time": 709.899,
          "Actual Rows": 7,
          "Actual Loops": 1,
          "Workers Planned": 6,
          "Workers Launched": 6,
          "Single Copy": false,
          "Plans": [
            {
              "Node Type": "Aggregate",
              "Strategy": "Plain",
              "Partial Mode": "Partial",
              "Parent Relationship": "Outer",
              "Parallel Aware": false,
              "Startup Cost": 347901.79,
              "Total Cost": 347901.8,
              "Plan Rows": 1,
              "Plan Width": 8,
              "Actual Startup Time": 637.004,
              "Actual Total Time": 637.006,
              "Actual Rows": 1,
              "Actual Loops": 7,
              "Plans": [
                {
                  "Node Type": "Seq Scan",
                  "Parent Relationship": "Outer",
                  "Parallel Aware": true,
                  "Relation Name": "cast_info",
                  "Alias": "ci",
                  "Startup Cost": 0.0,
                  "Total Cost": 343257.03,
                  "Plan Rows": 1857906,
                  "Plan Width": 0,
                  "Actual Startup Time": 326.214,
                  "Actual Total Time": 601.532,
                  "Actual Rows": 829486,
                  "Actual Loops": 7,
                  "Filter": "((person_id < 2544735) AND (role_id > 2))",
                  "Rows Removed by Filter": 4348278
                }
              ]
            }
          ]
        }
      ]
    },
    "Planning Time": 0.215,
    "Triggers": [],
    "Execution Time": 709.981
  }
]