[
  {
    "Plan": {
      "Node Type": "Aggregate",
      "Strategy": "Plain",
      "Partial Mode": "Finalize",
      "Parallel Aware": false,
      "Startup Cost": 130119.99,
      "Total Cost": 130120.0,
      "Plan Rows": 1,
      "Plan Width": 8,
      "Actual Startup Time": 985.292,
      "Actual Total Time": 1003.557,
      "Actual Rows": 1,
      "Actual Loops": 1,
      "Plans": [
        {
          "Node Type": "Gather",
          "Parent Relationship": "Outer",
          "Parallel Aware": false,
          "Startup Cost": 130119.67,
          "Total Cost": 130119.98,
          "Plan Rows": 3,
          "Plan Width": 8,
          "Actual Startup Time": 976.204,
          "Actual Total Time": 1003.545,
          "Actual Rows": 4,
          "Actual Loops": 1,
          "Workers Planned": 3,
          "Workers Launched": 3,
          "Single Copy": false,
          "Plans": [
            {
              "Node Type": "Aggregate",
              "Strategy": "Plain",
              "Partial Mode": "Partial",
              "Parent Relationship": "Outer",
              "Parallel Aware": false,
              "Startup Cost": 129119.67,
              "Total Cost": 129119.68,
              "Plan Rows": 1,
              "Plan Width": 8,
              "Actual Startup Time": 963.318,
              "Actual Total Time": 963.324,
              "Actual Rows": 1,
              "Actual Loops": 4,
              "Plans": [
                {
                  "Node Type": "Hash Join",
                  "Parent Relationship": "Outer",
                  "Parallel Aware": true,
                  "Join Type": "Inner",
                  "Startup Cost": 96653.97,
                  "Total Cost": 128201.48,
                  "Plan Rows": 367276,
                  "Plan Width": 0,
                  "Actual Startup Time": 508.549,
                  "Actual Total Time": 858.248,
                  "Actual Rows": 2737441,
                  "Actual Loops": 4,
                  "Inner Unique": false,
                  "Hash Cond": "(mc.movie_id = t.id)",
                  "Plans": [
                    {
                      "Node Type": "Seq Scan",
                      "Parent Relationship": "Outer",
                      "Parallel Aware": true,
                      "Relation Name": "movie_companies",
                      "Alias": "mc",
                      "Startup Cost": 0.0,
                      "Total Cost": 27206.55,
                      "Plan Rows": 841655,
                      "Plan Width": 4,
                      "Actual Startup Time": 0.018,
                      "Actual Total Time": 55.798,
                      "Actual Rows": 652282,
                      "Actual Loops": 4
                    },
                    {
                      "Node Type": "Hash",
                      "Parent Relationship": "Inner",
                      "Parallel Aware": true,
                      "Startup Cost": 92205.26,
                      "Total Cost": 92205.26,
                      "Plan Rows": 355897,
                      "Plan Width": 8,
                      "Actual Startup Time": 500.127,
                      "Actual Total Time": 500.131,
                      "Actual Rows": 363976,
                      "Actual Loops": 4,
                      "Hash Buckets": 2097152,
                      "Original Hash Buckets": 2097152,
                      "Hash Batches": 1,
                      "Original Hash Batches": 1,
                      "Peak Memory Usage": 73376,
                      "Plans": [
                        {
                          "Node Type": "Hash Join",
                          "Parent Relationship": "Outer",
                          "Parallel Aware": true,
                          "Join Type": "Inner",
                          "Startup Cost": 47403.32,
                          "Total Cost": 92205.26,
                          "Plan Rows": 355897,
                          "Plan Width": 8,
                          "Actual Startup Time": 215.448,
                          "Actual Total Time": 414.192,
                          "Actual Rows": 363976,
                          "Actual Loops": 4,
                          "Inner Unique": true,
                          "Hash Cond": "(mk.movie_id = t.id)",
                          "Plans": [
                            {
                              "Node Type": "Seq Scan",
                              "Parent Relationship": "Outer",
                              "Parallel Aware": true,
                              "Relation Name": "movie_keyword",
                              "Alias": "mk",
                              "Startup Cost": 0.0,
                              "Total Cost": 42695.65,
                              "Plan Rows": 802395,
                              "Plan Width": 4,
                              "Actual Startup Time": 0.244,
                              "Actual Total Time": 108.43,
                              "Actual Rows": 621958,
                              "Actual Loops": 4,
                              "Filter": "(keyword_id > 3636)",
                              "Rows Removed by Filter": 509025
                            },
                            {
                              "Node Type": "Hash",
                              "Parent Relationship": "Inner",
                              "Parallel Aware": true,
                              "Startup Cost": 43898.92,
                              "Total Cost": 43898.92,
                              "Plan Rows": 280352,
                              "Plan Width": 4,
                              "Actual Startup Time": 211.671,
                              "Actual Total Time": 211.672,
                              "Actual Rows": 283339,
                              "Actual Loops": 4,
                              "Hash Buckets": 2097152,
                              "Original Hash Buckets": 2097152,
                              "Hash Batches": 1,
                              "Original Hash Batches": 1,
                              "Peak Memory Usage": 60800,
                              "Plans": [
                                {
                                  "Node Type": "Seq Scan",
                                  "Parent Relationship": "Outer",
                                  "Parallel Aware": true,
                                  "Relation Name": "title",
                                  "Alias": "t",
                                  "Startup Cost": 0.0,
                                  "Total Cost": 43898.92,
                                  "Plan Rows": 280352,
                                  "Plan Width": 4,
                                  "Actual Startup Time": 0.037,
                                  "Actual Total Time": 103.218,
                                  "Actual Rows": 283339,
                                  "Actual Loops": 4,
                                  "Filter": "(production_year < 2002)",
                                  "Rows Removed by Filter": 348739
                                }
                              ]
                            }
                          ]
                        }
                      ]
                    }
                  ]
                }
              ]
            }
          ]
        }
      ]
    },
    "Planning Time": 1.313,
    "Triggers": [],
    "Execution Time": 1003.633
  }
]