[
    {
        "Bao": {
            "Bao prediction": "NaN",
            "Bao recommended hint": "(no hint)"
        }
    },
    {
        "Plan": {
            "Node Type": "Aggregate",
            "Strategy": "Plain",
            "Partial Mode": "Finalize",
            "Parallel Aware": false,
            "Startup Cost": 66599.19,
            "Total Cost": 66599.2,
            "Plan Rows": 1,
            "Plan Width": 8,
            "Actual Startup Time": 102.903,
            "Actual Total Time": 110.437,
            "Actual Rows": 1,
            "Actual Loops": 1,
            "Output": [
                "count(*)"
            ],
            "Plans": [
                {
                    "Node Type": "Gather",
                    "Parent Relationship": "Outer",
                    "Parallel Aware": false,
                    "Startup Cost": 66598.77,
                    "Total Cost": 66599.18,
                    "Plan Rows": 4,
                    "Plan Width": 8,
                    "Actual Startup Time": 102.514,
                    "Actual Total Time": 110.43,
                    "Actual Rows": 5,
                    "Actual Loops": 1,
                    "Output": [
                        "(PARTIAL count(*))"
                    ],
                    "Workers Planned": 4,
                    "Workers Launched": 4,
                    "Single Copy": false,
                    "Plans": [
                        {
                            "Node Type": "Aggregate",
                            "Strategy": "Plain",
                            "Partial Mode": "Partial",
                            "Parent Relationship": "Outer",
                            "Parallel Aware": false,
                            "Startup Cost": 65598.77,
                            "Total Cost": 65598.78,
                            "Plan Rows": 1,
                            "Plan Width": 8,
                            "Actual Startup Time": 92.838,
                            "Actual Total Time": 92.841,
                            "Actual Rows": 1,
                            "Actual Loops": 5,
                            "Output": [
                                "PARTIAL count(*)"
                            ],
                            "Workers": [
                                {
                                    "Worker Number": 0,
                                    "Actual Startup Time": 89.953,
                                    "Actual Total Time": 89.956,
                                    "Actual Rows": 1,
                                    "Actual Loops": 1
                                },
                                {
                                    "Worker Number": 1,
                                    "Actual Startup Time": 90.488,
                                    "Actual Total Time": 90.49,
                                    "Actual Rows": 1,
                                    "Actual Loops": 1
                                },
                                {
                                    "Worker Number": 2,
                                    "Actual Startup Time": 90.632,
                                    "Actual Total Time": 90.634,
                                    "Actual Rows": 1,
                                    "Actual Loops": 1
                                },
                                {
                                    "Worker Number": 3,
                                    "Actual Startup Time": 90.953,
                                    "Actual Total Time": 90.956,
                                    "Actual Rows": 1,
                                    "Actual Loops": 1
                                }
                            ],
                            "Plans": [
                                {
                                    "Node Type": "Hash Join",
                                    "Parent Relationship": "Outer",
                                    "Parallel Aware": true,
                                    "Join Type": "Inner",
                                    "Startup Cost": 20023.04,
                                    "Total Cost": 65598.09,
                                    "Plan Rows": 273,
                                    "Plan Width": 0,
                                    "Actual Startup Time": 17.204,
                                    "Actual Total Time": 92.816,
                                    "Actual Rows": 89,
                                    "Actual Loops": 5,
                                    "Inner Unique": false,
                                    "Hash Cond": "(t.id = mc.movie_id)",
                                    "Workers": [
                                        {
                                            "Worker Number": 0,
                                            "Actual Startup Time": 13.244,
                                            "Actual Total Time": 89.933,
                                            "Actual Rows": 45,
                                            "Actual Loops": 1
                                        },
                                        {
                                            "Worker Number": 1,
                                            "Actual Startup Time": 12.521,
                                            "Actual Total Time": 90.464,
                                            "Actual Rows": 81,
                                            "Actual Loops": 1
                                        },
                                        {
                                            "Worker Number": 2,
                                            "Actual Startup Time": 14.006,
                                            "Actual Total Time": 90.61,
                                            "Actual Rows": 75,
                                            "Actual Loops": 1
                                        },
                                        {
                                            "Worker Number": 3,
                                            "Actual Startup Time": 21.133,
                                            "Actual Total Time": 90.931,
                                            "Actual Rows": 74,
                                            "Actual Loops": 1
                                        }
                                    ],
                                    "Plans": [
                                        {
                                            "Node Type": "Seq Scan",
                                            "Parent Relationship": "Outer",
                                            "Parallel Aware": true,
                                            "Relation Name": "title",
                                            "Schema": "public",
                                            "Alias": "t",
                                            "Startup Cost": 0.0,
                                            "Total Cost": 45479.21,
                                            "Plan Rows": 18992,
                                            "Plan Width": 4,
                                            "Actual Startup Time": 0.028,
                                            "Actual Total Time": 74.721,
                                            "Actual Rows": 17644,
                                            "Actual Loops": 5,
                                            "Output": [
                                                "t.id",
                                                "t.title",
                                                "t.imdb_index",
                                                "t.kind_id",
                                                "t.production_year",
                                                "t.imdb_id",
                                                "t.phonetic_code",
                                                "t.episode_of_id",
                                                "t.season_nr",
                                                "t.episode_nr",
                                                "t.series_years",
                                                "t.md5sum"
                                            ],
                                            "Filter": "((t.kind_id > 2) AND (t.production_year = 2006))",
                                            "Rows Removed by Filter": 488018,
                                            "Workers": [
                                                {
                                                    "Worker Number": 0,
                                                    "Actual Startup Time": 0.032,
                                                    "Actual Total Time": 74.742,
                                                    "Actual Rows": 11152,
                                                    "Actual Loops": 1
                                                },
                                                {
                                                    "Worker Number": 1,
                                                    "Actual Startup Time": 0.036,
                                                    "Actual Total Time": 74.996,
                                                    "Actual Rows": 15710,
                                                    "Actual Loops": 1
                                                },
                                                {
                                                    "Worker Number": 2,
                                                    "Actual Startup Time": 0.028,
                                                    "Actual Total Time": 74.717,
                                                    "Actual Rows": 15028,
                                                    "Actual Loops": 1
                                                },
                                                {
                                                    "Worker Number": 3,
                                                    "Actual Startup Time": 0.033,
                                                    "Actual Total Time": 74.871,
                                                    "Actual Rows": 15799,
                                                    "Actual Loops": 1
                                                }
                                            ]
                                        },
                                        {
                                            "Node Type": "Hash",
                                            "Parent Relationship": "Inner",
                                            "Parallel Aware": true,
                                            "Startup Cost": 19876.46,
                                            "Total Cost": 19876.46,
                                            "Plan Rows": 11727,
                                            "Plan Width": 4,
                                            "Actual Startup Time": 13.091,
                                            "Actual Total Time": 13.092,
                                            "Actual Rows": 7227,
                                            "Actual Loops": 5,
                                            "Output": [
                                                "mc.movie_id"
                                            ],
                                            "Hash Buckets": 65536,
                                            "Original Hash Buckets": 65536,
                                            "Hash Batches": 1,
                                            "Original Hash Batches": 1,
                                            "Peak Memory Usage": 2016,
                                            "Workers": [
                                                {
                                                    "Worker Number": 0,
                                                    "Actual Startup Time": 10.227,
                                                    "Actual Total Time": 10.228,
                                                    "Actual Rows": 1406,
                                                    "Actual Loops": 1
                                                },
                                                {
                                                    "Worker Number": 1,
                                                    "Actual Startup Time": 10.783,
                                                    "Actual Total Time": 10.784,
                                                    "Actual Rows": 1697,
                                                    "Actual Loops": 1
                                                },
                                                {
                                                    "Worker Number": 2,
                                                    "Actual Startup Time": 10.942,
                                                    "Actual Total Time": 10.944,
                                                    "Actual Rows": 1798,
                                                    "Actual Loops": 1
                                                },
                                                {
                                                    "Worker Number": 3,
                                                    "Actual Startup Time": 11.264,
                                                    "Actual Total Time": 11.265,
                                                    "Actual Rows": 2028,
                                                    "Actual Loops": 1
                                                }
                                            ],
                                            "Plans": [
                                                {
                                                    "Node Type": "Bitmap Heap Scan",
                                                    "Parent Relationship": "Outer",
                                                    "Parallel Aware": true,
                                                    "Relation Name": "movie_companies",
                                                    "Schema": "public",
                                                    "Alias": "mc",
                                                    "Startup Cost": 790.17,
                                                    "Total Cost": 19876.46,
                                                    "Plan Rows": 11727,
                                                    "Plan Width": 4,
                                                    "Actual Startup Time": 0.809,
                                                    "Actual Total Time": 10.337,
                                                    "Actual Rows": 7227,
                                                    "Actual Loops": 5,
                                                    "Output": [
                                                        "mc.movie_id"
                                                    ],
                                                    "Recheck Cond": "(mc.company_id = 160)",
                                                    "Rows Removed by Index Recheck": 0,
                                                    "Exact Heap Blocks": 3434,
                                                    "Lossy Heap Blocks": 0,
                                                    "Workers": [
                                                        {
                                                            "Worker Number": 0,
                                                            "Actual Startup Time": 0.165,
                                                            "Actual Total Time": 8.709,
                                                            "Actual Rows": 1406,
                                                            "Actual Loops": 1
                                                        },
                                                        {
                                                            "Worker Number": 1,
                                                            "Actual Startup Time": 0.143,
                                                            "Actual Total Time": 9.067,
                                                            "Actual Rows": 1697,
                                                            "Actual Loops": 1
                                                        },
                                                        {
                                                            "Worker Number": 2,
                                                            "Actual Startup Time": 0.139,
                                                            "Actual Total Time": 9.113,
                                                            "Actual Rows": 1798,
                                                            "Actual Loops": 1
                                                        },
                                                        {
                                                            "Worker Number": 3,
                                                            "Actual Startup Time": 0.16,
                                                            "Actual Total Time": 9.424,
                                                            "Actual Rows": 2028,
                                                            "Actual Loops": 1
                                                        }
                                                    ],
                                                    "Plans": [
                                                        {
                                                            "Node Type": "Bitmap Index Scan",
                                                            "Parent Relationship": "Outer",
                                                            "Parallel Aware": false,
                                                            "Index Name": "company_id_movie_companies",
                                                            "Startup Cost": 0.0,
                                                            "Total Cost": 781.08,
                                                            "Plan Rows": 36354,
                                                            "Plan Width": 0,
                                                            "Actual Startup Time": 2.693,
                                                            "Actual Total Time": 2.693,
                                                            "Actual Rows": 36136,
                                                            "Actual Loops": 1,
                                                            "Index Cond": "(mc.company_id = 160)"
                                                        }
                                                    ]
                                                }
                                            ]
                                        }
                                    ]
                                }
                            ]
                        }
                    ]
                }
            ]
        },
        "Planning Time": 222.293,
        "Triggers": [],
        "Execution Time": 110.498
    }
]