{
  "Plan": {
    "Node Type": "Aggregate",
    "Strategy": "Plain",
    "Partial Mode": "Finalize",
    "Parallel Aware": false,
    "Startup Cost": 59579.52,
    "Total Cost": 59579.53,
    "Plan Rows": 1,
    "Plan Width": 8,
    "Actual Startup Time": 149.931,
    "Actual Total Time": 160.055,
    "Actual Rows": 1,
    "Actual Loops": 1,
    "Plans": [
      {
        "Node Type": "Gather",
        "Parent Relationship": "Outer",
        "Parallel Aware": false,
        "Startup Cost": 59579.41,
        "Total Cost": 59579.52,
        "Plan Rows": 1,
        "Plan Width": 8,
        "Actual Startup Time": 149.8,
        "Actual Total Time": 160.048,
        "Actual Rows": 2,
        "Actual Loops": 1,
        "Workers Planned": 1,
        "Workers Launched": 1,
        "Single Copy": false,
        "Plans": [
          {
            "Node Type": "Aggregate",
            "Strategy": "Plain",
            "Partial Mode": "Partial",
            "Parent Relationship": "Outer",
            "Parallel Aware": false,
            "Startup Cost": 58579.41,
            "Total Cost": 58579.42,
            "Plan Rows": 1,
            "Plan Width": 8,
            "Actual Startup Time": 143.79,
            "Actual Total Time": 143.795,
            "Actual Rows": 1,
            "Actual Loops": 2,
            "Plans": [
              {
                "Node Type": "Hash Join",
                "Parent Relationship": "Outer",
                "Parallel Aware": true,
                "Join Type": "Inner",
                "Startup Cost": 39466.13,
                "Total Cost": 58574.57,
                "Plan Rows": 1936,
                "Plan Width": 0,
                "Actual Startup Time": 44.925,
                "Actual Total Time": 143.416,
                "Actual Rows": 8055,
                "Actual Loops": 2,
                "Inner Unique": false,
                "Hash Cond": "(mi_idx.movie_id = t.id)",
                "Plans": [
                  {
                    "Node Type": "Seq Scan",
                    "Parent Relationship": "Outer",
                    "Parallel Aware": true,
                    "Relation Name": "movie_info_idx",
                    "Alias": "mi_idx",
                    "Startup Cost": 0.0,
                    "Total Cost": 16052.85,
                    "Plan Rows": 811785,
                    "Plan Width": 4,
                    "Actual Startup Time": 0.014,
                    "Actual Total Time": 49.718,
                    "Actual Rows": 690018,
                    "Actual Loops": 2
                  },
                  {
                    "Node Type": "Hash",
                    "Parent Relationship": "Inner",
                    "Parallel Aware": true,
                    "Startup Cost": 39421.78,
                    "Total Cost": 39421.78,
                    "Plan Rows": 3548,
                    "Plan Width": 8,
                    "Actual Startup Time": 43.643,
                    "Actual Total Time": 43.645,
                    "Actual Rows": 3846,
                    "Actual Loops": 2,
                    "Hash Buckets": 8192,
                    "Original Hash Buckets": 8192,
                    "Hash Batches": 1,
                    "Original Hash Batches": 1,
                    "Peak Memory Usage": 384,
                    "Plans": [
                      {
                        "Node Type": "Nested Loop",
                        "Parent Relationship": "Outer",
                        "Parallel Aware": false,
                        "Join Type": "Inner",
                        "Startup Cost": 131.61,
                        "Total Cost": 39421.78,
                        "Plan Rows": 3548,
                        "Plan Width": 8,
                        "Actual Startup Time": 3.18,
                        "Actual Total Time": 42.018,
                        "Actual Rows": 3846,
                        "Actual Loops": 2,
                        "Inner Unique": true,
                        "Plans": [
                          {
                            "Node Type": "Bitmap Heap Scan",
                            "Parent Relationship": "Outer",
                            "Parallel Aware": true,
                            "Relation Name": "movie_keyword",
                            "Alias": "mk",
                            "Startup Cost": 131.18,
                            "Total Cost": 14106.22,
                            "Plan Rows": 3548,
                            "Plan Width": 4,
                            "Actual Startup Time": 3.051,
                            "Actual Total Time": 14.302,
                            "Actual Rows": 3846,
                            "Actual Loops": 2,
                            "Recheck Cond": "(keyword_id = 186)",
                            "Rows Removed by Index Recheck": 0,
                            "Exact Heap Blocks": 4503,
                            "Lossy Heap Blocks": 0,
                            "Plans": [
                              {
                                "Node Type": "Bitmap Index Scan",
                                "Parent Relationship": "Outer",
                                "Parallel Aware": false,
                                "Index Name": "keyword_id_movie_keyword",
                                "Startup Cost": 0.0,
                                "Total Cost": 129.67,
                                "Plan Rows": 6032,
                                "Plan Width": 0,
                                "Actual Startup Time": 3.202,
                                "Actual Total Time": 3.203,
                                "Actual Rows": 7692,
                                "Actual Loops": 1,
                                "Index Cond": "(keyword_id = 186)"
                              }
                            ]
                          },
                          {
                            "Node Type": "Index Only Scan",
                            "Parent Relationship": "Inner",
                            "Parallel Aware": false,
                            "Scan Direction": "Forward",
                            "Index Name": "title_pkey",
                            "Relation Name": "title",
                            "Alias": "t",
                            "Startup Cost": 0.43,
                            "Total Cost": 7.14,
                            "Plan Rows": 1,
                            "Plan Width": 4,
                            "Actual Startup Time": 0.007,
                            "Actual Total Time": 0.007,
                            "Actual Rows": 1,
                            "Actual Loops": 7692,
                            "Index Cond": "(id = mk.movie_id)",
                            "Rows Removed by Index Recheck": 0,
                            "Heap Fetches": 7692
                          }
                        ]
                      }
                    ]
                  }
                ]
              }
            ]
          }
        ]
      }
    ]
  },
  "Planning Time": 1.004,
  "Triggers": [],
  "Execution Time": 160.221
}