[
  {
    "Plan": {
      "Node Type": "Aggregate",
      "Strategy": "Plain",
      "Partial Mode": "Finalize",
      "Parallel Aware": false,
      "Startup Cost": 46886.05,
      "Total Cost": 46886.06,
      "Plan Rows": 1,
      "Plan Width": 8,
      "Actual Startup Time": 113.598,
      "Actual Total Time": 128.693,
      "Actual Rows": 1,
      "Actual Loops": 1,
      "Plans": [
        {
          "Node Type": "Gather",
          "Parent Relationship": "Outer",
          "Parallel Aware": false,
          "Startup Cost": 46885.63,
          "Total Cost": 46886.04,
          "Plan Rows": 4,
          "Plan Width": 8,
          "Actual Startup Time": 113.274,
          "Actual Total Time": 128.683,
          "Actual Rows": 5,
          "Actual Loops": 1,
          "Workers Planned": 4,
          "Workers Launched": 4,
          "Single Copy": false,
          "Plans": [
            {
              "Node Type": "Aggregate",
              "Strategy": "Plain",
              "Partial Mode": "Partial",
              "Parent Relationship": "Outer",
              "Parallel Aware": false,
              "Startup Cost": 45885.63,
              "Total Cost": 45885.64,
              "Plan Rows": 1,
              "Plan Width": 8,
              "Actual Startup Time": 105.337,
              "Actual Total Time": 105.338,
              "Actual Rows": 1,
              "Actual Loops": 5,
              "Plans": [
                {
                  "Node Type": "Seq Scan",
                  "Parent Relationship": "Outer",
                  "Parallel Aware": true,
                  "Relation Name": "title",
                  "Alias": "t",
                  "Startup Cost": 0.0,
                  "Total Cost": 45479.1,
                  "Plan Rows": 162614,
                  "Plan Width": 0,
                  "Actual Startup Time": 0.041,
                  "Actual Total Time": 97.632,
                  "Actual Rows": 137211,
                  "Actual Loops": 5,
                  "Filter": "((kind_id < 4) AND (production_year < 2010))",
                  "Rows Removed by Filter": 368452
                }
              ]
            }
          ]
        }
      ]
    },
    "Planning Time": 0.181,
    "Triggers": [],
    "Execution Time": 128.75
  }
]