[
    {
        "Bao": {
            "Bao prediction": "NaN",
            "Bao recommended hint": "(no hint)"
        }
    },
    {
        "Plan": {
            "Node Type": "Aggregate",
            "Strategy": "Plain",
            "Partial Mode": "Finalize",
            "Parallel Aware": false,
            "Startup Cost": 293091.03,
            "Total Cost": 293091.04,
            "Plan Rows": 1,
            "Plan Width": 8,
            "Actual Startup Time": 1304.848,
            "Actual Total Time": 1333.661,
            "Actual Rows": 1,
            "Actual Loops": 1,
            "Output": [
                "count(*)"
            ],
            "Plans": [
                {
                    "Node Type": "Gather",
                    "Parent Relationship": "Outer",
                    "Parallel Aware": false,
                    "Startup Cost": 293090.51,
                    "Total Cost": 293091.02,
                    "Plan Rows": 5,
                    "Plan Width": 8,
                    "Actual Startup Time": 1286.702,
                    "Actual Total Time": 1333.649,
                    "Actual Rows": 6,
                    "Actual Loops": 1,
                    "Output": [
                        "(PARTIAL count(*))"
                    ],
                    "Workers Planned": 5,
                    "Workers Launched": 5,
                    "Single Copy": false,
                    "Plans": [
                        {
                            "Node Type": "Aggregate",
                            "Strategy": "Plain",
                            "Partial Mode": "Partial",
                            "Parent Relationship": "Outer",
                            "Parallel Aware": false,
                            "Startup Cost": 292090.51,
                            "Total Cost": 292090.52,
                            "Plan Rows": 1,
                            "Plan Width": 8,
                            "Actual Startup Time": 1277.102,
                            "Actual Total Time": 1277.578,
                            "Actual Rows": 1,
                            "Actual Loops": 6,
                            "Output": [
                                "PARTIAL count(*)"
                            ],
                            "Workers": [
                                {
                                    "Worker Number": 0,
                                    "Actual Startup Time": 1274.385,
                                    "Actual Total Time": 1274.389,
                                    "Actual Rows": 1,
                                    "Actual Loops": 1
                                },
                                {
                                    "Worker Number": 1,
                                    "Actual Startup Time": 1274.461,
                                    "Actual Total Time": 1274.466,
                                    "Actual Rows": 1,
                                    "Actual Loops": 1
                                },
                                {
                                    "Worker Number": 2,
                                    "Actual Startup Time": 1275.116,
                                    "Actual Total Time": 1275.121,
                                    "Actual Rows": 1,
                                    "Actual Loops": 1
                                },
                                {
                                    "Worker Number": 3,
                                    "Actual Startup Time": 1276.875,
                                    "Actual Total Time": 1276.88,
                                    "Actual Rows": 1,
                                    "Actual Loops": 1
                                },
                                {
                                    "Worker Number": 4,
                                    "Actual Startup Time": 1275.504,
                                    "Actual Total Time": 1275.51,
                                    "Actual Rows": 1,
                                    "Actual Loops": 1
                                }
                            ],
                            "Plans": [
                                {
                                    "Node Type": "Hash Join",
                                    "Parent Relationship": "Outer",
                                    "Parallel Aware": true,
                                    "Join Type": "Inner",
                                    "Startup Cost": 82943.47,
                                    "Total Cost": 290066.11,
                                    "Plan Rows": 809758,
                                    "Plan Width": 0,
                                    "Actual Startup Time": 406.096,
                                    "Actual Total Time": 1142.084,
                                    "Actual Rows": 3466364,
                                    "Actual Loops": 6,
                                    "Inner Unique": false,
                                    "Hash Cond": "(mi.movie_id = t.id)",
                                    "Workers": [
                                        {
                                            "Worker Number": 0,
                                            "Actual Startup Time": 403.637,
                                            "Actual Total Time": 1139.636,
                                            "Actual Rows": 3429465,
                                            "Actual Loops": 1
                                        },
                                        {
                                            "Worker Number": 1,
                                            "Actual Startup Time": 403.699,
                                            "Actual Total Time": 1139.632,
                                            "Actual Rows": 3435797,
                                            "Actual Loops": 1
                                        },
                                        {
                                            "Worker Number": 2,
                                            "Actual Startup Time": 404.351,
                                            "Actual Total Time": 1141.288,
                                            "Actual Rows": 3445525,
                                            "Actual Loops": 1
                                        },
                                        {
                                            "Worker Number": 3,
                                            "Actual Startup Time": 404.629,
                                            "Actual Total Time": 1144.355,
                                            "Actual Rows": 3414670,
                                            "Actual Loops": 1
                                        },
                                        {
                                            "Worker Number": 4,
                                            "Actual Startup Time": 404.742,
                                            "Actual Total Time": 1140.328,
                                            "Actual Rows": 3439470,
                                            "Actual Loops": 1
                                        }
                                    ],
                                    "Plans": [
                                        {
                                            "Node Type": "Seq Scan",
                                            "Parent Relationship": "Outer",
                                            "Parallel Aware": true,
                                            "Relation Name": "movie_info",
                                            "Schema": "public",
                                            "Alias": "mi",
                                            "Startup Cost": 0.0,
                                            "Total Cost": 198880.74,
                                            "Plan Rows": 1501273,
                                            "Plan Width": 4,
                                            "Actual Startup Time": 14.278,
                                            "Actual Total Time": 285.165,
                                            "Actual Rows": 1258142,
                                            "Actual Loops": 6,
                                            "Output": [
                                                "mi.id",
                                                "mi.movie_id",
                                                "mi.info_type_id",
                                                "mi.info",
                                                "mi.note"
                                            ],
                                            "Filter": "(mi.info_type_id > 7)",
                                            "Rows Removed by Filter": 1214478,
                                            "Workers": [
                                                {
                                                    "Worker Number": 0,
                                                    "Actual Startup Time": 14.288,
                                                    "Actual Total Time": 288.513,
                                                    "Actual Rows": 1241220,
                                                    "Actual Loops": 1
                                                },
                                                {
                                                    "Worker Number": 1,
                                                    "Actual Startup Time": 14.278,
                                                    "Actual Total Time": 288.759,
                                                    "Actual Rows": 1232155,
                                                    "Actual Loops": 1
                                                },
                                                {
                                                    "Worker Number": 2,
                                                    "Actual Startup Time": 14.27,
                                                    "Actual Total Time": 295.678,
                                                    "Actual Rows": 1243496,
                                                    "Actual Loops": 1
                                                },
                                                {
                                                    "Worker Number": 3,
                                                    "Actual Startup Time": 14.274,
                                                    "Actual Total Time": 295.898,
                                                    "Actual Rows": 1231663,
                                                    "Actual Loops": 1
                                                },
                                                {
                                                    "Worker Number": 4,
                                                    "Actual Startup Time": 14.284,
                                                    "Actual Total Time": 288.342,
                                                    "Actual Rows": 1232443,
                                                    "Actual Loops": 1
                                                }
                                            ]
                                        },
                                        {
                                            "Node Type": "Hash",
                                            "Parent Relationship": "Inner",
                                            "Parallel Aware": true,
                                            "Startup Cost": 77444.56,
                                            "Total Cost": 77444.56,
                                            "Plan Rows": 439913,
                                            "Plan Width": 8,
                                            "Actual Startup Time": 388.405,
                                            "Actual Total Time": 388.878,
                                            "Actual Rows": 186232,
                                            "Actual Loops": 6,
                                            "Output": [
                                                "t.id",
                                                "mc.movie_id"
                                            ],
                                            "Hash Buckets": 2097152,
                                            "Original Hash Buckets": 2097152,
                                            "Hash Batches": 1,
                                            "Original Hash Batches": 1,
                                            "Peak Memory Usage": 60160,
                                            "Workers": [
                                                {
                                                    "Worker Number": 0,
                                                    "Actual Startup Time": 388.635,
                                                    "Actual Total Time": 388.638,
                                                    "Actual Rows": 184724,
                                                    "Actual Loops": 1
                                                },
                                                {
                                                    "Worker Number": 1,
                                                    "Actual Startup Time": 388.676,
                                                    "Actual Total Time": 388.68,
                                                    "Actual Rows": 183067,
                                                    "Actual Loops": 1
                                                },
                                                {
                                                    "Worker Number": 2,
                                                    "Actual Startup Time": 389.309,
                                                    "Actual Total Time": 389.312,
                                                    "Actual Rows": 186309,
                                                    "Actual Loops": 1
                                                },
                                                {
                                                    "Worker Number": 3,
                                                    "Actual Startup Time": 389.553,
                                                    "Actual Total Time": 389.557,
                                                    "Actual Rows": 181387,
                                                    "Actual Loops": 1
                                                },
                                                {
                                                    "Worker Number": 4,
                                                    "Actual Startup Time": 389.566,
                                                    "Actual Total Time": 389.57,
                                                    "Actual Rows": 182495,
                                                    "Actual Loops": 1
                                                }
                                            ],
                                            "Plans": [
                                                {
                                                    "Node Type": "Hash Join",
                                                    "Parent Relationship": "Outer",
                                                    "Parallel Aware": true,
                                                    "Join Type": "Inner",
                                                    "Startup Cost": 48028.67,
                                                    "Total Cost": 77444.56,
                                                    "Plan Rows": 439913,
                                                    "Plan Width": 8,
                                                    "Actual Startup Time": 173.349,
                                                    "Actual Total Time": 327.332,
                                                    "Actual Rows": 186232,
                                                    "Actual Loops": 6,
                                                    "Output": [
                                                        "t.id",
                                                        "mc.movie_id"
                                                    ],
                                                    "Inner Unique": true,
                                                    "Hash Cond": "(mc.movie_id = t.id)",
                                                    "Workers": [
                                                        {
                                                            "Worker Number": 0,
                                                            "Actual Startup Time": 173.303,
                                                            "Actual Total Time": 326.851,
                                                            "Actual Rows": 184724,
                                                            "Actual Loops": 1
                                                        },
                                                        {
                                                            "Worker Number": 1,
                                                            "Actual Startup Time": 173.292,
                                                            "Actual Total Time": 327.002,
                                                            "Actual Rows": 183067,
                                                            "Actual Loops": 1
                                                        },
                                                        {
                                                            "Worker Number": 2,
                                                            "Actual Startup Time": 173.443,
                                                            "Actual Total Time": 326.808,
                                                            "Actual Rows": 186309,
                                                            "Actual Loops": 1
                                                        },
                                                        {
                                                            "Worker Number": 3,
                                                            "Actual Startup Time": 173.268,
                                                            "Actual Total Time": 327.331,
                                                            "Actual Rows": 181387,
                                                            "Actual Loops": 1
                                                        },
                                                        {
                                                            "Worker Number": 4,
                                                            "Actual Startup Time": 173.362,
                                                            "Actual Total Time": 327.555,
                                                            "Actual Rows": 182495,
                                                            "Actual Loops": 1
                                                        }
                                                    ],
                                                    "Plans": [
                                                        {
                                                            "Node Type": "Seq Scan",
                                                            "Parent Relationship": "Outer",
                                                            "Parallel Aware": true,
                                                            "Relation Name": "movie_companies",
                                                            "Schema": "public",
                                                            "Alias": "mc",
                                                            "Startup Cost": 0.0,
                                                            "Total Cost": 27206.55,
                                                            "Plan Rows": 841655,
                                                            "Plan Width": 4,
                                                            "Actual Startup Time": 0.018,
                                                            "Actual Total Time": 39.437,
                                                            "Actual Rows": 434855,
                                                            "Actual Loops": 6,
                                                            "Output": [
                                                                "mc.id",
                                                                "mc.movie_id",
                                                                "mc.company_id",
                                                                "mc.company_type_id",
                                                                "mc.note"
                                                            ],
                                                            "Workers": [
                                                                {
                                                                    "Worker Number": 0,
                                                                    "Actual Startup Time": 0.018,
                                                                    "Actual Total Time": 39.792,
                                                                    "Actual Rows": 427410,
                                                                    "Actual Loops": 1
                                                                },
                                                                {
                                                                    "Worker Number": 1,
                                                                    "Actual Startup Time": 0.023,
                                                                    "Actual Total Time": 39.881,
                                                                    "Actual Rows": 425931,
                                                                    "Actual Loops": 1
                                                                },
                                                                {
                                                                    "Worker Number": 2,
                                                                    "Actual Startup Time": 0.02,
                                                                    "Actual Total Time": 41.288,
                                                                    "Actual Rows": 436033,
                                                                    "Actual Loops": 1
                                                                },
                                                                {
                                                                    "Worker Number": 3,
                                                                    "Actual Startup Time": 0.017,
                                                                    "Actual Total Time": 41.23,
                                                                    "Actual Rows": 431191,
                                                                    "Actual Loops": 1
                                                                },
                                                                {
                                                                    "Worker Number": 4,
                                                                    "Actual Startup Time": 0.027,
                                                                    "Actual Total Time": 40.04,
                                                                    "Actual Rows": 425806,
                                                                    "Actual Loops": 1
                                                                }
                                                            ]
                                                        },
                                                        {
                                                            "Node Type": "Hash",
                                                            "Parent Relationship": "Inner",
                                                            "Parallel Aware": true,
                                                            "Startup Cost": 43899.01,
                                                            "Total Cost": 43899.01,
                                                            "Plan Rows": 330373,
                                                            "Plan Width": 4,
                                                            "Actual Startup Time": 171.341,
                                                            "Actual Total Time": 171.342,
                                                            "Actual Rows": 220477,
                                                            "Actual Loops": 6,
                                                            "Output": [
                                                                "t.id"
                                                            ],
                                                            "Hash Buckets": 2097152,
                                                            "Original Hash Buckets": 2097152,
                                                            "Hash Batches": 1,
                                                            "Original Hash Batches": 1,
                                                            "Peak Memory Usage": 68224,
                                                            "Workers": [
                                                                {
                                                                    "Worker Number": 0,
                                                                    "Actual Startup Time": 173.187,
                                                                    "Actual Total Time": 173.188,
                                                                    "Actual Rows": 199010,
                                                                    "Actual Loops": 1
                                                                },
                                                                {
                                                                    "Worker Number": 1,
                                                                    "Actual Startup Time": 173.202,
                                                                    "Actual Total Time": 173.203,
                                                                    "Actual Rows": 197848,
                                                                    "Actual Loops": 1
                                                                },
                                                                {
                                                                    "Worker Number": 2,
                                                                    "Actual Startup Time": 173.215,
                                                                    "Actual Total Time": 173.217,
                                                                    "Actual Rows": 206469,
                                                                    "Actual Loops": 1
                                                                },
                                                                {
                                                                    "Worker Number": 3,
                                                                    "Actual Startup Time": 173.161,
                                                                    "Actual Total Time": 173.163,
                                                                    "Actual Rows": 206625,
                                                                    "Actual Loops": 1
                                                                },
                                                                {
                                                                    "Worker Number": 4,
                                                                    "Actual Startup Time": 173.107,
                                                                    "Actual Total Time": 173.108,
                                                                    "Actual Rows": 199083,
                                                                    "Actual Loops": 1
                                                                }
                                                            ],
                                                            "Plans": [
                                                                {
                                                                    "Node Type": "Seq Scan",
                                                                    "Parent Relationship": "Outer",
                                                                    "Parallel Aware": true,
                                                                    "Relation Name": "title",
                                                                    "Schema": "public",
                                                                    "Alias": "t",
                                                                    "Startup Cost": 0.0,
                                                                    "Total Cost": 43899.01,
                                                                    "Plan Rows": 330373,
                                                                    "Plan Width": 4,
                                                                    "Actual Startup Time": 0.053,
                                                                    "Actual Total Time": 77.659,
                                                                    "Actual Rows": 220477,
                                                                    "Actual Loops": 6,
                                                                    "Output": [
                                                                        "t.id"
                                                                    ],
                                                                    "Filter": "(t.production_year > 2001)",
                                                                    "Rows Removed by Filter": 200908,
                                                                    "Workers": [
                                                                        {
                                                                            "Worker Number": 0,
                                                                            "Actual Startup Time": 0.06,
                                                                            "Actual Total Time": 79.574,
                                                                            "Actual Rows": 199010,
                                                                            "Actual Loops": 1
                                                                        },
                                                                        {
                                                                            "Worker Number": 1,
                                                                            "Actual Startup Time": 0.071,
                                                                            "Actual Total Time": 79.347,
                                                                            "Actual Rows": 197848,
                                                                            "Actual Loops": 1
                                                                        },
                                                                        {
                                                                            "Worker Number": 2,
                                                                            "Actual Startup Time": 0.051,
                                                                            "Actual Total Time": 79.698,
                                                                            "Actual Rows": 206469,
                                                                            "Actual Loops": 1
                                                                        },
                                                                        {
                                                                            "Worker Number": 3,
                                                                            "Actual Startup Time": 0.064,
                                                                            "Actual Total Time": 79.344,
                                                                            "Actual Rows": 206625,
                                                                            "Actual Loops": 1
                                                                        },
                                                                        {
                                                                            "Worker Number": 4,
                                                                            "Actual Startup Time": 0.054,
                                                                            "Actual Total Time": 79.657,
                                                                            "Actual Rows": 199083,
                                                                            "Actual Loops": 1
                                                                        }
                                                                    ]
                                                                }
                                                            ]
                                                        }
                                                    ]
                                                }
                                            ]
                                        }
                                    ]
                                }
                            ]
                        }
                    ]
                }
            ]
        },
        "Planning Time": 178.103,
        "Triggers": [],
        "Execution Time": 1333.727
    }
]