[
  {
    "Plan": {
      "Node Type": "Aggregate",
      "Strategy": "Plain",
      "Partial Mode": "Finalize",
      "Parallel Aware": false,
      "Startup Cost": 246695.5,
      "Total Cost": 246695.51,
      "Plan Rows": 1,
      "Plan Width": 8,
      "Actual Startup Time": 466.503,
      "Actual Total Time": 481.355,
      "Actual Rows": 1,
      "Actual Loops": 1,
      "Plans": [
        {
          "Node Type": "Gather",
          "Parent Relationship": "Outer",
          "Parallel Aware": false,
          "Startup Cost": 246694.98,
          "Total Cost": 246695.49,
          "Plan Rows": 5,
          "Plan Width": 8,
          "Actual Startup Time": 451.589,
          "Actual Total Time": 481.343,
          "Actual Rows": 6,
          "Actual Loops": 1,
          "Workers Planned": 5,
          "Workers Launched": 5,
          "Single Copy": false,
          "Plans": [
            {
              "Node Type": "Aggregate",
              "Strategy": "Plain",
              "Partial Mode": "Partial",
              "Parent Relationship": "Outer",
              "Parallel Aware": false,
              "Startup Cost": 245694.98,
              "Total Cost": 245694.99,
              "Plan Rows": 1,
              "Plan Width": 8,
              "Actual Startup Time": 436.338,
              "Actual Total Time": 436.341,
              "Actual Rows": 1,
              "Actual Loops": 6,
              "Plans": [
                {
                  "Node Type": "Hash Join",
                  "Parent Relationship": "Outer",
                  "Parallel Aware": true,
                  "Join Type": "Inner",
                  "Startup Cost": 78547.57,
                  "Total Cost": 245184.06,
                  "Plan Rows": 204369,
                  "Plan Width": 0,
                  "Actual Startup Time": 305.23,
                  "Actual Total Time": 431.274,
                  "Actual Rows": 70175,
                  "Actual Loops": 6,
                  "Inner Unique": true,
                  "Hash Cond": "(mi.movie_id = t.id)",
                  "Plans": [
                    {
                      "Node Type": "Bitmap Heap Scan",
                      "Parent Relationship": "Outer",
                      "Parallel Aware": true,
                      "Relation Name": "movie_info",
                      "Alias": "mi",
                      "Startup Cost": 27808.97,
                      "Total Cost": 193639.56,
                      "Plan Rows": 307007,
                      "Plan Width": 4,
                      "Actual Startup Time": 66.994,
                      "Actual Total Time": 107.875,
                      "Actual Rows": 255652,
                      "Actual Loops": 6,
                      "Recheck Cond": "(info_type_id = 3)",
                      "Rows Removed by Index Recheck": 0,
                      "Exact Heap Blocks": 1701,
                      "Lossy Heap Blocks": 0,
                      "Plans": [
                        {
                          "Node Type": "Bitmap Index Scan",
                          "Parent Relationship": "Outer",
                          "Parallel Aware": false,
                          "Index Name": "info_type_id_movie_info",
                          "Startup Cost": 0.0,
                          "Total Cost": 27425.21,
                          "Plan Rows": 1535037,
                          "Plan Width": 0,
                          "Actual Startup Time": 64.601,
                          "Actual Total Time": 64.601,
                          "Actual Rows": 1533909,
                          "Actual Loops": 1,
                          "Index Cond": "(info_type_id = 3)"
                        }
                      ]
                    },
                    {
                      "Node Type": "Hash",
                      "Parent Relationship": "Inner",
                      "Parallel Aware": true,
                      "Startup Cost": 45479.1,
                      "Total Cost": 45479.1,
                      "Plan Rows": 420760,
                      "Plan Width": 4,
                      "Actual Startup Time": 233.206,
                      "Actual Total Time": 233.206,
                      "Actual Rows": 297984,
                      "Actual Loops": 6,
                      "Hash Buckets": 2097152,
                      "Original Hash Buckets": 2097152,
                      "Hash Batches": 1,
                      "Original Hash Batches": 1,
                      "Peak Memory Usage": 86368,
                      "Plans": [
                        {
                          "Node Type": "Seq Scan",
                          "Parent Relationship": "Outer",
                          "Parallel Aware": true,
                          "Relation Name": "title",
                          "Alias": "t",
                          "Startup Cost": 0.0,
                          "Total Cost": 45479.1,
                          "Plan Rows": 420760,
                          "Plan Width": 4,
                          "Actual Startup Time": 0.043,
                          "Actual Total Time": 97.222,
                          "Actual Rows": 297984,
                          "Actual Loops": 6,
                          "Filter": "((kind_id > 1) AND (production_year > 1952))",
                          "Rows Removed by Filter": 123402
                        }
                      ]
                    }
                  ]
                }
              ]
            }
          ]
        }
      ]
    },
    "Planning Time": 0.638,
    "Triggers": [],
    "Execution Time": 481.448
  }
]