[
    {
        "Bao": {
            "Bao prediction": "NaN",
            "Bao recommended hint": "(no hint)"
        }
    },
    {
        "Plan": {
            "Node Type": "Aggregate",
            "Strategy": "Plain",
            "Partial Mode": "Finalize",
            "Parallel Aware": false,
            "Startup Cost": 340302.38,
            "Total Cost": 340302.39,
            "Plan Rows": 1,
            "Plan Width": 8,
            "Actual Startup Time": 810.121,
            "Actual Total Time": 838.529,
            "Actual Rows": 1,
            "Actual Loops": 1,
            "Output": [
                "count(*)"
            ],
            "Plans": [
                {
                    "Node Type": "Gather",
                    "Parent Relationship": "Outer",
                    "Parallel Aware": false,
                    "Startup Cost": 340301.76,
                    "Total Cost": 340302.37,
                    "Plan Rows": 6,
                    "Plan Width": 8,
                    "Actual Startup Time": 810.03,
                    "Actual Total Time": 838.521,
                    "Actual Rows": 7,
                    "Actual Loops": 1,
                    "Output": [
                        "(PARTIAL count(*))"
                    ],
                    "Workers Planned": 6,
                    "Workers Launched": 6,
                    "Single Copy": false,
                    "Plans": [
                        {
                            "Node Type": "Aggregate",
                            "Strategy": "Plain",
                            "Partial Mode": "Partial",
                            "Parent Relationship": "Outer",
                            "Parallel Aware": false,
                            "Startup Cost": 339301.76,
                            "Total Cost": 339301.77,
                            "Plan Rows": 1,
                            "Plan Width": 8,
                            "Actual Startup Time": 800.006,
                            "Actual Total Time": 800.007,
                            "Actual Rows": 1,
                            "Actual Loops": 7,
                            "Output": [
                                "PARTIAL count(*)"
                            ],
                            "Workers": [
                                {
                                    "Worker Number": 0,
                                    "Actual Startup Time": 797.844,
                                    "Actual Total Time": 797.845,
                                    "Actual Rows": 1,
                                    "Actual Loops": 1
                                },
                                {
                                    "Worker Number": 1,
                                    "Actual Startup Time": 797.882,
                                    "Actual Total Time": 797.884,
                                    "Actual Rows": 1,
                                    "Actual Loops": 1
                                },
                                {
                                    "Worker Number": 2,
                                    "Actual Startup Time": 798.427,
                                    "Actual Total Time": 798.428,
                                    "Actual Rows": 1,
                                    "Actual Loops": 1
                                },
                                {
                                    "Worker Number": 3,
                                    "Actual Startup Time": 798.344,
                                    "Actual Total Time": 798.345,
                                    "Actual Rows": 1,
                                    "Actual Loops": 1
                                },
                                {
                                    "Worker Number": 4,
                                    "Actual Startup Time": 798.972,
                                    "Actual Total Time": 798.973,
                                    "Actual Rows": 1,
                                    "Actual Loops": 1
                                },
                                {
                                    "Worker Number": 5,
                                    "Actual Startup Time": 799.373,
                                    "Actual Total Time": 799.374,
                                    "Actual Rows": 1,
                                    "Actual Loops": 1
                                }
                            ],
                            "Plans": [
                                {
                                    "Node Type": "Seq Scan",
                                    "Parent Relationship": "Outer",
                                    "Parallel Aware": true,
                                    "Relation Name": "cast_info",
                                    "Schema": "public",
                                    "Alias": "ci",
                                    "Startup Cost": 0.0,
                                    "Total Cost": 328213.62,
                                    "Plan Rows": 4435257,
                                    "Plan Width": 0,
                                    "Actual Startup Time": 114.657,
                                    "Actual Total Time": 619.161,
                                    "Actual Rows": 3793983,
                                    "Actual Loops": 7,
                                    "Output": [
                                        "id",
                                        "person_id",
                                        "movie_id",
                                        "person_role_id",
                                        "note",
                                        "nr_order",
                                        "role_id"
                                    ],
                                    "Filter": "(ci.person_id > 951806)",
                                    "Rows Removed by Filter": 1383780,
                                    "Workers": [
                                        {
                                            "Worker Number": 0,
                                            "Actual Startup Time": 112.48,
                                            "Actual Total Time": 617.255,
                                            "Actual Rows": 2746560,
                                            "Actual Loops": 1
                                        },
                                        {
                                            "Worker Number": 1,
                                            "Actual Startup Time": 112.548,
                                            "Actual Total Time": 625.125,
                                            "Actual Rows": 4246442,
                                            "Actual Loops": 1
                                        },
                                        {
                                            "Worker Number": 2,
                                            "Actual Startup Time": 113.07,
                                            "Actual Total Time": 618.067,
                                            "Actual Rows": 2745332,
                                            "Actual Loops": 1
                                        },
                                        {
                                            "Worker Number": 3,
                                            "Actual Startup Time": 112.989,
                                            "Actual Total Time": 624.223,
                                            "Actual Rows": 4262809,
                                            "Actual Loops": 1
                                        },
                                        {
                                            "Worker Number": 4,
                                            "Actual Startup Time": 113.636,
                                            "Actual Total Time": 617.946,
                                            "Actual Rows": 2753084,
                                            "Actual Loops": 1
                                        },
                                        {
                                            "Worker Number": 5,
                                            "Actual Startup Time": 114.038,
                                            "Actual Total Time": 622.256,
                                            "Actual Rows": 4379140,
                                            "Actual Loops": 1
                                        }
                                    ]
                                }
                            ]
                        }
                    ]
                }
            ]
        },
        "Planning Time": 219.026,
        "Triggers": [],
        "Execution Time": 838.618
    }
]