[
  {
    "Plan": {
      "Node Type": "Aggregate",
      "Strategy": "Plain",
      "Partial Mode": "Finalize",
      "Parallel Aware": false,
      "Startup Cost": 80442.83,
      "Total Cost": 80442.84,
      "Plan Rows": 1,
      "Plan Width": 8,
      "Actual Startup Time": 268.721,
      "Actual Total Time": 284.158,
      "Actual Rows": 1,
      "Actual Loops": 1,
      "Plans": [
        {
          "Node Type": "Gather",
          "Parent Relationship": "Outer",
          "Parallel Aware": false,
          "Startup Cost": 80442.41,
          "Total Cost": 80442.82,
          "Plan Rows": 4,
          "Plan Width": 8,
          "Actual Startup Time": 266.346,
          "Actual Total Time": 284.149,
          "Actual Rows": 5,
          "Actual Loops": 1,
          "Workers Planned": 4,
          "Workers Launched": 4,
          "Single Copy": false,
          "Plans": [
            {
              "Node Type": "Aggregate",
              "Strategy": "Plain",
              "Partial Mode": "Partial",
              "Parent Relationship": "Outer",
              "Parallel Aware": false,
              "Startup Cost": 79442.41,
              "Total Cost": 79442.42,
              "Plan Rows": 1,
              "Plan Width": 8,
              "Actual Startup Time": 257.599,
              "Actual Total Time": 257.602,
              "Actual Rows": 1,
              "Actual Loops": 5,
              "Plans": [
                {
                  "Node Type": "Hash Join",
                  "Parent Relationship": "Outer",
                  "Parallel Aware": true,
                  "Join Type": "Inner",
                  "Startup Cost": 33295.63,
                  "Total Cost": 79150.89,
                  "Plan Rows": 116610,
                  "Plan Width": 0,
                  "Actual Startup Time": 94.984,
                  "Actual Total Time": 254.544,
                  "Actual Rows": 53598,
                  "Actual Loops": 5,
                  "Inner Unique": false,
                  "Hash Cond": "(t.id = mc.movie_id)",
                  "Plans": [
                    {
                      "Node Type": "Seq Scan",
                      "Parent Relationship": "Outer",
                      "Parallel Aware": true,
                      "Relation Name": "title",
                      "Alias": "t",
                      "Startup Cost": 0.0,
                      "Total Cost": 42318.73,
                      "Plan Rows": 632073,
                      "Plan Width": 4,
                      "Actual Startup Time": 0.012,
                      "Actual Total Time": 67.266,
                      "Actual Rows": 505662,
                      "Actual Loops": 5
                    },
                    {
                      "Node Type": "Hash",
                      "Parent Relationship": "Inner",
                      "Parallel Aware": true,
                      "Startup Cost": 31414.82,
                      "Total Cost": 31414.82,
                      "Plan Rows": 150465,
                      "Plan Width": 4,
                      "Actual Startup Time": 92.112,
                      "Actual Total Time": 92.112,
                      "Actual Rows": 53598,
                      "Actual Loops": 5,
                      "Hash Buckets": 524288,
                      "Original Hash Buckets": 524288,
                      "Hash Batches": 1,
                      "Original Hash Batches": 1,
                      "Peak Memory Usage": 14688,
                      "Plans": [
                        {
                          "Node Type": "Seq Scan",
                          "Parent Relationship": "Outer",
                          "Parallel Aware": true,
                          "Relation Name": "movie_companies",
                          "Alias": "mc",
                          "Startup Cost": 0.0,
                          "Total Cost": 31414.82,
                          "Plan Rows": 150465,
                          "Plan Width": 4,
                          "Actual Startup Time": 44.63,
                          "Actual Total Time": 72.002,
                          "Actual Rows": 53598,
                          "Actual Loops": 5,
                          "Filter": "((company_id < 3137) AND (company_type_id = 2))",
                          "Rows Removed by Filter": 468228
                        }
                      ]
                    }
                  ]
                }
              ]
            }
          ]
        }
      ]
    },
    "Planning Time": 0.694,
    "Triggers": [],
    "Execution Time": 284.238
  }
]