{
  "Plan": {
    "Node Type": "Aggregate",
    "Strategy": "Plain",
    "Partial Mode": "Finalize",
    "Parallel Aware": false,
    "Startup Cost": 345169.17,
    "Total Cost": 345169.18,
    "Plan Rows": 1,
    "Plan Width": 8,
    "Actual Startup Time": 900.038,
    "Actual Total Time": 921.564,
    "Actual Rows": 1,
    "Actual Loops": 1,
    "Plans": [
      {
        "Node Type": "Gather",
        "Parent Relationship": "Outer",
        "Parallel Aware": false,
        "Startup Cost": 345169.06,
        "Total Cost": 345169.17,
        "Plan Rows": 1,
        "Plan Width": 8,
        "Actual Startup Time": 898.202,
        "Actual Total Time": 921.552,
        "Actual Rows": 2,
        "Actual Loops": 1,
        "Workers Planned": 1,
        "Workers Launched": 1,
        "Single Copy": false,
        "Plans": [
          {
            "Node Type": "Aggregate",
            "Strategy": "Plain",
            "Partial Mode": "Partial",
            "Parent Relationship": "Outer",
            "Parallel Aware": false,
            "Startup Cost": 344169.06,
            "Total Cost": 344169.07,
            "Plan Rows": 1,
            "Plan Width": 8,
            "Actual Startup Time": 891.102,
            "Actual Total Time": 891.399,
            "Actual Rows": 1,
            "Actual Loops": 2,
            "Plans": [
              {
                "Node Type": "Hash Join",
                "Parent Relationship": "Outer",
                "Parallel Aware": true,
                "Join Type": "Inner",
                "Startup Cost": 102172.24,
                "Total Cost": 343932.6,
                "Plan Rows": 94582,
                "Plan Width": 0,
                "Actual Startup Time": 423.73,
                "Actual Total Time": 891.35,
                "Actual Rows": 672,
                "Actual Loops": 2,
                "Inner Unique": false,
                "Hash Cond": "(ci.movie_id = t.id)",
                "Plans": [
                  {
                    "Node Type": "Index Scan",
                    "Parent Relationship": "Outer",
                    "Parallel Aware": true,
                    "Scan Direction": "Forward",
                    "Index Name": "role_id_cast_info",
                    "Relation Name": "cast_info",
                    "Alias": "ci",
                    "Startup Cost": 0.56,
                    "Total Cost": 236682.84,
                    "Plan Rows": 1205792,
                    "Plan Width": 4,
                    "Actual Startup Time": 0.65,
                    "Actual Total Time": 469.406,
                    "Actual Rows": 840,
                    "Actual Loops": 2,
                    "Index Cond": "(role_id = 2)",
                    "Rows Removed by Index Recheck": 0,
                    "Filter": "(person_id < 997580)",
                    "Rows Removed by Filter": 3725146
                  },
                  {
                    "Node Type": "Hash",
                    "Parent Relationship": "Inner",
                    "Parallel Aware": true,
                    "Startup Cost": 100713.44,
                    "Total Cost": 100713.44,
                    "Plan Rows": 116659,
                    "Plan Width": 8,
                    "Actual Startup Time": 417.577,
                    "Actual Total Time": 417.871,
                    "Actual Rows": 174603,
                    "Actual Loops": 2,
                    "Hash Buckets": 524288,
                    "Original Hash Buckets": 262144,
                    "Hash Batches": 1,
                    "Original Hash Batches": 1,
                    "Peak Memory Usage": 19840,
                    "Plans": [
                      {
                        "Node Type": "Hash Join",
                        "Parent Relationship": "Outer",
                        "Parallel Aware": true,
                        "Join Type": "Inner",
                        "Startup Cost": 57664.6,
                        "Total Cost": 100713.44,
                        "Plan Rows": 116659,
                        "Plan Width": 8,
                        "Actual Startup Time": 219.128,
                        "Actual Total Time": 377.93,
                        "Actual Rows": 174603,
                        "Actual Loops": 2,
                        "Inner Unique": true,
                        "Hash Cond": "(mc.movie_id = t.id)",
                        "Plans": [
                          {
                            "Node Type": "Index Scan",
                            "Parent Relationship": "Outer",
                            "Parallel Aware": true,
                            "Scan Direction": "Forward",
                            "Index Name": "company_type_id_movie_companies",
                            "Relation Name": "movie_companies",
                            "Alias": "mc",
                            "Startup Cost": 0.43,
                            "Total Cost": 41574.35,
                            "Plan Rows": 561872,
                            "Plan Width": 4,
                            "Actual Startup Time": 0.081,
                            "Actual Total Time": 115.913,
                            "Actual Rows": 622728,
                            "Actual Loops": 2,
                            "Index Cond": "(company_type_id = 1)",
                            "Rows Removed by Index Recheck": 0,
                            "Filter": "(company_id < 48495)",
                            "Rows Removed by Filter": 14395
                          },
                          {
                            "Node Type": "Hash",
                            "Parent Relationship": "Inner",
                            "Parallel Aware": true,
                            "Startup Cost": 53804.34,
                            "Total Cost": 53804.34,
                            "Plan Rows": 308786,
                            "Plan Width": 4,
                            "Actual Startup Time": 147.325,
                            "Actual Total Time": 147.327,
                            "Actual Rows": 199682,
                            "Actual Loops": 2,
                            "Hash Buckets": 1048576,
                            "Original Hash Buckets": 1048576,
                            "Hash Batches": 1,
                            "Original Hash Batches": 1,
                            "Peak Memory Usage": 23840,
                            "Plans": [
                              {
                                "Node Type": "Bitmap Heap Scan",
                                "Parent Relationship": "Outer",
                                "Parallel Aware": true,
                                "Relation Name": "title",
                                "Alias": "t",
                                "Startup Cost": 11954.08,
                                "Total Cost": 53804.34,
                                "Plan Rows": 308786,
                                "Plan Width": 4,
                                "Actual Startup Time": 30.893,
                                "Actual Total Time": 96.687,
                                "Actual Rows": 199682,
                                "Actual Loops": 2,
                                "Recheck Cond": "(kind_id < 2)",
                                "Rows Removed by Index Recheck": 0,
                                "Filter": "(production_year > 1976)",
                                "Rows Removed by Filter": 131731,
                                "Exact Heap Blocks": 8066,
                                "Lossy Heap Blocks": 0,
                                "Plans": [
                                  {
                                    "Node Type": "Bitmap Index Scan",
                                    "Parent Relationship": "Outer",
                                    "Parallel Aware": false,
                                    "Index Name": "kind_id_title",
                                    "Startup Cost": 0.0,
                                    "Total Cost": 11822.85,
                                    "Plan Rows": 663256,
                                    "Plan Width": 0,
                                    "Actual Startup Time": 28.926,
                                    "Actual Total Time": 28.927,
                                    "Actual Rows": 662825,
                                    "Actual Loops": 1,
                                    "Index Cond": "(kind_id < 2)"
                                  }
                                ]
                              }
                            ]
                          }
                        ]
                      }
                    ]
                  }
                ]
              }
            ]
          }
        ]
      }
    ]
  },
  "Planning Time": 1.236,
  "Triggers": [],
  "Execution Time": 921.68
}