[
  {
    "Plan": {
      "Node Type": "Aggregate",
      "Strategy": "Plain",
      "Partial Mode": "Finalize",
      "Parallel Aware": false,
      "Startup Cost": 203183.41,
      "Total Cost": 203183.42,
      "Plan Rows": 1,
      "Plan Width": 8,
      "Actual Startup Time": 236.517,
      "Actual Total Time": 256.515,
      "Actual Rows": 1,
      "Actual Loops": 1,
      "Plans": [
        {
          "Node Type": "Gather",
          "Parent Relationship": "Outer",
          "Parallel Aware": false,
          "Startup Cost": 203182.78,
          "Total Cost": 203183.39,
          "Plan Rows": 6,
          "Plan Width": 8,
          "Actual Startup Time": 236.389,
          "Actual Total Time": 256.504,
          "Actual Rows": 7,
          "Actual Loops": 1,
          "Workers Planned": 6,
          "Workers Launched": 6,
          "Single Copy": false,
          "Plans": [
            {
              "Node Type": "Aggregate",
              "Strategy": "Plain",
              "Partial Mode": "Partial",
              "Parent Relationship": "Outer",
              "Parallel Aware": false,
              "Startup Cost": 202182.78,
              "Total Cost": 202182.79,
              "Plan Rows": 1,
              "Plan Width": 8,
              "Actual Startup Time": 229.111,
              "Actual Total Time": 229.112,
              "Actual Rows": 1,
              "Actual Loops": 7,
              "Plans": [
                {
                  "Node Type": "Index Scan",
                  "Parent Relationship": "Outer",
                  "Parallel Aware": true,
                  "Scan Direction": "Forward",
                  "Index Name": "role_id_cast_info",
                  "Relation Name": "cast_info",
                  "Alias": "ci",
                  "Startup Cost": 0.56,
                  "Total Cost": 200748.38,
                  "Plan Rows": 573760,
                  "Plan Width": 0,
                  "Actual Startup Time": 0.113,
                  "Actual Total Time": 216.488,
                  "Actual Rows": 242371,
                  "Actual Loops": 7,
                  "Index Cond": "(role_id > 7)",
                  "Rows Removed by Index Recheck": 0,
                  "Filter": "(person_id < 1669878)",
                  "Rows Removed by Filter": 819948
                }
              ]
            }
          ]
        }
      ]
    },
    "Planning Time": 0.114,
    "Triggers": [],
    "Execution Time": 256.548
  }
]