[
  {
    "Plan": {
      "Node Type": "Aggregate",
      "Strategy": "Plain",
      "Partial Mode": "Finalize",
      "Parallel Aware": false,
      "Startup Cost": 286796.99,
      "Total Cost": 286797.0,
      "Plan Rows": 1,
      "Plan Width": 8,
      "Actual Startup Time": 906.838,
      "Actual Total Time": 957.392,
      "Actual Rows": 1,
      "Actual Loops": 1,
      "Plans": [
        {
          "Node Type": "Gather",
          "Parent Relationship": "Outer",
          "Parallel Aware": false,
          "Startup Cost": 286796.46,
          "Total Cost": 286796.97,
          "Plan Rows": 5,
          "Plan Width": 8,
          "Actual Startup Time": 900.432,
          "Actual Total Time": 957.366,
          "Actual Rows": 6,
          "Actual Loops": 1,
          "Workers Planned": 5,
          "Workers Launched": 5,
          "Single Copy": false,
          "Plans": [
            {
              "Node Type": "Aggregate",
              "Strategy": "Plain",
              "Partial Mode": "Partial",
              "Parent Relationship": "Outer",
              "Parallel Aware": false,
              "Startup Cost": 285796.46,
              "Total Cost": 285796.47,
              "Plan Rows": 1,
              "Plan Width": 8,
              "Actual Startup Time": 890.057,
              "Actual Total Time": 890.255,
              "Actual Rows": 1,
              "Actual Loops": 6,
              "Plans": [
                {
                  "Node Type": "Hash Join",
                  "Parent Relationship": "Outer",
                  "Parallel Aware": true,
                  "Join Type": "Inner",
                  "Startup Cost": 81125.56,
                  "Total Cost": 285358.81,
                  "Plan Rows": 175063,
                  "Plan Width": 0,
                  "Actual Startup Time": 348.398,
                  "Actual Total Time": 864.459,
                  "Actual Rows": 563132,
                  "Actual Loops": 6,
                  "Inner Unique": false,
                  "Hash Cond": "(mi.movie_id = t.id)",
                  "Plans": [
                    {
                      "Node Type": "Seq Scan",
                      "Parent Relationship": "Outer",
                      "Parallel Aware": true,
                      "Relation Name": "movie_info",
                      "Alias": "mi",
                      "Startup Cost": 0.0,
                      "Total Cost": 198952.16,
                      "Plan Rows": 1257696,
                      "Plan Width": 4,
                      "Actual Startup Time": 17.42,
                      "Actual Total Time": 336.688,
                      "Actual Rows": 1037249,
                      "Actual Loops": 6,
                      "Filter": "(info_type_id > 8)",
                      "Rows Removed by Filter": 1435371
                    },
                    {
                      "Node Type": "Hash",
                      "Parent Relationship": "Inner",
                      "Parallel Aware": true,
                      "Startup Cost": 79706.53,
                      "Total Cost": 79706.53,
                      "Plan Rows": 113523,
                      "Plan Width": 8,
                      "Actual Startup Time": 328.104,
                      "Actual Total Time": 328.3,
                      "Actual Rows": 65453,
                      "Actual Loops": 6,
                      "Hash Buckets": 524288,
                      "Original Hash Buckets": 524288,
                      "Hash Batches": 1,
                      "Original Hash Batches": 1,
                      "Peak Memory Usage": 19552,
                      "Plans": [
                        {
                          "Node Type": "Hash Join",
                          "Parent Relationship": "Outer",
                          "Parallel Aware": true,
                          "Join Type": "Inner",
                          "Startup Cost": 47666.84,
                          "Total Cost": 79706.53,
                          "Plan Rows": 113523,
                          "Plan Width": 8,
                          "Actual Startup Time": 220.519,
                          "Actual Total Time": 302.779,
                          "Actual Rows": 65453,
                          "Actual Loops": 6,
                          "Inner Unique": true,
                          "Hash Cond": "(mc.movie_id = t.id)",
                          "Plans": [
                            {
                              "Node Type": "Seq Scan",
                              "Parent Relationship": "Outer",
                              "Parallel Aware": true,
                              "Relation Name": "movie_companies",
                              "Alias": "mc",
                              "Startup Cost": 0.0,
                              "Total Cost": 31414.82,
                              "Plan Rows": 238045,
                              "Plan Width": 4,
                              "Actual Startup Time": 25.189,
                              "Actual Total Time": 54.913,
                              "Actual Rows": 159829,
                              "Actual Loops": 6,
                              "Filter": "((company_id > 9136) AND (company_type_id = 2))",
                              "Rows Removed by Filter": 275026
                            },
                            {
                              "Node Type": "Hash",
                              "Parent Relationship": "Inner",
                              "Parallel Aware": true,
                              "Startup Cost": 43898.92,
                              "Total Cost": 43898.92,
                              "Plan Rows": 301434,
                              "Plan Width": 4,
                              "Actual Startup Time": 191.54,
                              "Actual Total Time": 191.542,
                              "Actual Rows": 198753,
                              "Actual Loops": 6,
                              "Hash Buckets": 2097152,
                              "Original Hash Buckets": 2097152,
                              "Hash Batches": 1,
                              "Original Hash Batches": 1,
                              "Peak Memory Usage": 63136,
                              "Plans": [
                                {
                                  "Node Type": "Seq Scan",
                                  "Parent Relationship": "Outer",
                                  "Parallel Aware": true,
                                  "Relation Name": "title",
                                  "Alias": "t",
                                  "Startup Cost": 0.0,
                                  "Total Cost": 43898.92,
                                  "Plan Rows": 301434,
                                  "Plan Width": 4,
                                  "Actual Startup Time": 0.047,
                                  "Actual Total Time": 89.061,
                                  "Actual Rows": 198753,
                                  "Actual Loops": 6,
                                  "Filter": "(production_year > 2003)",
                                  "Rows Removed by Filter": 222632
                                }
                              ]
                            }
                          ]
                        }
                      ]
                    }
                  ]
                }
              ]
            }
          ]
        }
      ]
    },
    "Planning Time": 1.457,
    "Triggers": [],
    "Execution Time": 957.496
  }
]