{
  "Plan": {
    "Node Type": "Aggregate",
    "Strategy": "Plain",
    "Partial Mode": "Finalize",
    "Parallel Aware": false,
    "Startup Cost": 185753.28,
    "Total Cost": 185753.29,
    "Plan Rows": 1,
    "Plan Width": 8,
    "Actual Startup Time": 1566.013,
    "Actual Total Time": 1590.782,
    "Actual Rows": 1,
    "Actual Loops": 1,
    "Plans": [
      {
        "Node Type": "Gather",
        "Parent Relationship": "Outer",
        "Parallel Aware": false,
        "Startup Cost": 185753.17,
        "Total Cost": 185753.28,
        "Plan Rows": 1,
        "Plan Width": 8,
        "Actual Startup Time": 1562.485,
        "Actual Total Time": 1590.775,
        "Actual Rows": 2,
        "Actual Loops": 1,
        "Workers Planned": 1,
        "Workers Launched": 1,
        "Single Copy": false,
        "Plans": [
          {
            "Node Type": "Aggregate",
            "Strategy": "Plain",
            "Partial Mode": "Partial",
            "Parent Relationship": "Outer",
            "Parallel Aware": false,
            "Startup Cost": 184753.17,
            "Total Cost": 184753.18,
            "Plan Rows": 1,
            "Plan Width": 8,
            "Actual Startup Time": 1555.955,
            "Actual Total Time": 1555.962,
            "Actual Rows": 1,
            "Actual Loops": 2,
            "Plans": [
              {
                "Node Type": "Hash Join",
                "Parent Relationship": "Outer",
                "Parallel Aware": true,
                "Join Type": "Inner",
                "Startup Cost": 113459.31,
                "Total Cost": 183023.83,
                "Plan Rows": 691736,
                "Plan Width": 0,
                "Actual Startup Time": 905.581,
                "Actual Total Time": 1457.673,
                "Actual Rows": 2512614,
                "Actual Loops": 2,
                "Inner Unique": false,
                "Hash Cond": "(mk.movie_id = t.id)",
                "Plans": [
                  {
                    "Node Type": "Seq Scan",
                    "Parent Relationship": "Outer",
                    "Parallel Aware": true,
                    "Relation Name": "movie_keyword",
                    "Alias": "mk",
                    "Startup Cost": 0.0,
                    "Total Cost": 57718.19,
                    "Plan Rows": 2073946,
                    "Plan Width": 4,
                    "Actual Startup Time": 0.021,
                    "Actual Total Time": 202.548,
                    "Actual Rows": 1766378,
                    "Actual Loops": 2,
                    "Filter": "(keyword_id < 18665)",
                    "Rows Removed by Filter": 495587
                  },
                  {
                    "Node Type": "Hash",
                    "Parent Relationship": "Inner",
                    "Parallel Aware": true,
                    "Startup Cost": 107258.75,
                    "Total Cost": 107258.75,
                    "Plan Rows": 496045,
                    "Plan Width": 8,
                    "Actual Startup Time": 896.003,
                    "Actual Total Time": 896.008,
                    "Actual Rows": 428458,
                    "Actual Loops": 2,
                    "Hash Buckets": 1048576,
                    "Original Hash Buckets": 1048576,
                    "Hash Batches": 1,
                    "Original Hash Batches": 1,
                    "Peak Memory Usage": 41760,
                    "Plans": [
                      {
                        "Node Type": "Hash Join",
                        "Parent Relationship": "Outer",
                        "Parallel Aware": true,
                        "Join Type": "Inner",
                        "Startup Cost": 44175.33,
                        "Total Cost": 107258.75,
                        "Plan Rows": 496045,
                        "Plan Width": 8,
                        "Actual Startup Time": 238.58,
                        "Actual Total Time": 780.899,
                        "Actual Rows": 428458,
                        "Actual Loops": 2,
                        "Inner Unique": false,
                        "Hash Cond": "(t.id = mc.movie_id)",
                        "Plans": [
                          {
                            "Node Type": "Seq Scan",
                            "Parent Relationship": "Outer",
                            "Parallel Aware": true,
                            "Relation Name": "title",
                            "Alias": "t",
                            "Startup Cost": 0.0,
                            "Total Cost": 50870.31,
                            "Plan Rows": 1487231,
                            "Plan Width": 4,
                            "Actual Startup Time": 0.015,
                            "Actual Total Time": 131.405,
                            "Actual Rows": 1264156,
                            "Actual Loops": 2
                          },
                          {
                            "Node Type": "Hash",
                            "Parent Relationship": "Inner",
                            "Parallel Aware": true,
                            "Startup Cost": 37974.77,
                            "Total Cost": 37974.77,
                            "Plan Rows": 496045,
                            "Plan Width": 4,
                            "Actual Startup Time": 232.988,
                            "Actual Total Time": 232.989,
                            "Actual Rows": 428458,
                            "Actual Loops": 2,
                            "Hash Buckets": 1048576,
                            "Original Hash Buckets": 1048576,
                            "Hash Batches": 1,
                            "Original Hash Batches": 1,
                            "Peak Memory Usage": 41760,
                            "Plans": [
                              {
                                "Node Type": "Seq Scan",
                                "Parent Relationship": "Outer",
                                "Parallel Aware": true,
                                "Relation Name": "movie_companies",
                                "Alias": "mc",
                                "Startup Cost": 0.0,
                                "Total Cost": 37974.77,
                                "Plan Rows": 496045,
                                "Plan Width": 4,
                                "Actual Startup Time": 31.892,
                                "Actual Total Time": 135.455,
                                "Actual Rows": 428458,
                                "Actual Loops": 2,
                                "Filter": "(company_id > 24615)",
                                "Rows Removed by Filter": 876106
                              }
                            ]
                          }
                        ]
                      }
                    ]
                  }
                ]
              }
            ]
          }
        ]
      }
    ]
  },
  "Planning Time": 0.88,
  "Triggers": [],
  "Execution Time": 1590.866
}