{
  "Plan": {
    "Node Type": "Aggregate",
    "Strategy": "Plain",
    "Partial Mode": "Finalize",
    "Parallel Aware": false,
    "Startup Cost": 46000.89,
    "Total Cost": 46000.9,
    "Plan Rows": 1,
    "Plan Width": 8,
    "Actual Startup Time": 98.736,
    "Actual Total Time": 114.23,
    "Actual Rows": 1,
    "Actual Loops": 1,
    "Plans": [
      {
        "Node Type": "Gather",
        "Parent Relationship": "Outer",
        "Parallel Aware": false,
        "Startup Cost": 46000.77,
        "Total Cost": 46000.88,
        "Plan Rows": 1,
        "Plan Width": 8,
        "Actual Startup Time": 98.568,
        "Actual Total Time": 114.224,
        "Actual Rows": 2,
        "Actual Loops": 1,
        "Workers Planned": 1,
        "Workers Launched": 1,
        "Single Copy": false,
        "Plans": [
          {
            "Node Type": "Aggregate",
            "Strategy": "Plain",
            "Partial Mode": "Partial",
            "Parent Relationship": "Outer",
            "Parallel Aware": false,
            "Startup Cost": 45000.77,
            "Total Cost": 45000.78,
            "Plan Rows": 1,
            "Plan Width": 8,
            "Actual Startup Time": 94.44,
            "Actual Total Time": 94.442,
            "Actual Rows": 1,
            "Actual Loops": 2,
            "Plans": [
              {
                "Node Type": "Nested Loop",
                "Parent Relationship": "Outer",
                "Parallel Aware": false,
                "Join Type": "Inner",
                "Startup Cost": 223.57,
                "Total Cost": 44955.96,
                "Plan Rows": 17924,
                "Plan Width": 0,
                "Actual Startup Time": 12.255,
                "Actual Total Time": 90.138,
                "Actual Rows": 78968,
                "Actual Loops": 2,
                "Inner Unique": false,
                "Plans": [
                  {
                    "Node Type": "Nested Loop",
                    "Parent Relationship": "Outer",
                    "Parallel Aware": false,
                    "Join Type": "Inner",
                    "Startup Cost": 223.14,
                    "Total Cost": 39034.28,
                    "Plan Rows": 3065,
                    "Plan Width": 8,
                    "Actual Startup Time": 12.191,
                    "Actual Total Time": 25.805,
                    "Actual Rows": 1828,
                    "Actual Loops": 2,
                    "Inner Unique": true,
                    "Plans": [
                      {
                        "Node Type": "Bitmap Heap Scan",
                        "Parent Relationship": "Outer",
                        "Parallel Aware": true,
                        "Relation Name": "movie_companies",
                        "Alias": "mc",
                        "Startup Cost": 222.71,
                        "Total Cost": 16718.82,
                        "Plan Rows": 3065,
                        "Plan Width": 4,
                        "Actual Startup Time": 12.107,
                        "Actual Total Time": 15.156,
                        "Actual Rows": 1828,
                        "Actual Loops": 2,
                        "Recheck Cond": "(company_id = 1451)",
                        "Rows Removed by Index Recheck": 0,
                        "Filter": "(company_type_id = 2)",
                        "Rows Removed by Filter": 2905,
                        "Exact Heap Blocks": 4329,
                        "Lossy Heap Blocks": 0,
                        "Plans": [
                          {
                            "Node Type": "Bitmap Index Scan",
                            "Parent Relationship": "Outer",
                            "Parallel Aware": false,
                            "Index Name": "company_id_movie_companies",
                            "Startup Cost": 0.0,
                            "Total Cost": 221.4,
                            "Plan Rows": 10263,
                            "Plan Width": 0,
                            "Actual Startup Time": 4.152,
                            "Actual Total Time": 4.152,
                            "Actual Rows": 9466,
                            "Actual Loops": 1,
                            "Index Cond": "(company_id = 1451)"
                          }
                        ]
                      },
                      {
                        "Node Type": "Index Only Scan",
                        "Parent Relationship": "Inner",
                        "Parallel Aware": false,
                        "Scan Direction": "Forward",
                        "Index Name": "title_pkey",
                        "Relation Name": "title",
                        "Alias": "t",
                        "Startup Cost": 0.43,
                        "Total Cost": 7.28,
                        "Plan Rows": 1,
                        "Plan Width": 4,
                        "Actual Startup Time": 0.005,
                        "Actual Total Time": 0.005,
                        "Actual Rows": 1,
                        "Actual Loops": 3656,
                        "Index Cond": "(id = mc.movie_id)",
                        "Rows Removed by Index Recheck": 0,
                        "Heap Fetches": 3656
                      }
                    ]
                  },
                  {
                    "Node Type": "Index Only Scan",
                    "Parent Relationship": "Inner",
                    "Parallel Aware": false,
                    "Scan Direction": "Forward",
                    "Index Name": "movie_id_movie_info",
                    "Relation Name": "movie_info",
                    "Alias": "mi",
                    "Startup Cost": 0.43,
                    "Total Cost": 1.51,
                    "Plan Rows": 42,
                    "Plan Width": 4,
                    "Actual Startup Time": 0.007,
                    "Actual Total Time": 0.031,
                    "Actual Rows": 43,
                    "Actual Loops": 3656,
                    "Index Cond": "(movie_id = t.id)",
                    "Rows Removed by Index Recheck": 0,
                    "Heap Fetches": 157937
                  }
                ]
              }
            ]
          }
        ]
      }
    ]
  },
  "Planning Time": 0.746,
  "Triggers": [],
  "Execution Time": 114.316
}