{
  "Plan": {
    "Node Type": "Aggregate",
    "Strategy": "Plain",
    "Partial Mode": "Finalize",
    "Parallel Aware": false,
    "Startup Cost": 1086758.4,
    "Total Cost": 1086758.41,
    "Plan Rows": 1,
    "Plan Width": 8,
    "Actual Startup Time": 6077.593,
    "Actual Total Time": 6090.662,
    "Actual Rows": 1,
    "Actual Loops": 1,
    "Plans": [
      {
        "Node Type": "Gather",
        "Parent Relationship": "Outer",
        "Parallel Aware": false,
        "Startup Cost": 1086758.29,
        "Total Cost": 1086758.4,
        "Plan Rows": 1,
        "Plan Width": 8,
        "Actual Startup Time": 6077.583,
        "Actual Total Time": 6090.655,
        "Actual Rows": 2,
        "Actual Loops": 1,
        "Workers Planned": 1,
        "Workers Launched": 1,
        "Single Copy": false,
        "Plans": [
          {
            "Node Type": "Aggregate",
            "Strategy": "Plain",
            "Partial Mode": "Partial",
            "Parent Relationship": "Outer",
            "Parallel Aware": false,
            "Startup Cost": 1085758.29,
            "Total Cost": 1085758.3,
            "Plan Rows": 1,
            "Plan Width": 8,
            "Actual Startup Time": 5980.25,
            "Actual Total Time": 5980.257,
            "Actual Rows": 1,
            "Actual Loops": 2,
            "Plans": [
              {
                "Node Type": "Merge Join",
                "Parent Relationship": "Outer",
                "Parallel Aware": false,
                "Join Type": "Inner",
                "Startup Cost": 1023818.94,
                "Total Cost": 1080092.88,
                "Plan Rows": 2266164,
                "Plan Width": 0,
                "Actual Startup Time": 4241.121,
                "Actual Total Time": 5609.81,
                "Actual Rows": 8453132,
                "Actual Loops": 2,
                "Inner Unique": false,
                "Merge Cond": "(t.id = mc.movie_id)",
                "Plans": [
                  {
                    "Node Type": "Sort",
                    "Parent Relationship": "Outer",
                    "Parallel Aware": false,
                    "Startup Cost": 848526.21,
                    "Total Cost": 859678.47,
                    "Plan Rows": 4460902,
                    "Plan Width": 8,
                    "Actual Startup Time": 3774.854,
                    "Actual Total Time": 3904.078,
                    "Actual Rows": 3295770,
                    "Actual Loops": 2,
                    "Sort Key": [
                      "mi.movie_id"
                    ],
                    "Sort Method": "quicksort",
                    "Sort Space Used": 259985,
                    "Sort Space Type": "Memory",
                    "Workers": [
                      {
                        "Worker Number": 0,
                        "Sort Method": "quicksort",
                        "Sort Space Used": 245627,
                        "Sort Space Type": "Memory"
                      }
                    ],
                    "Plans": [
                      {
                        "Node Type": "Hash Join",
                        "Parent Relationship": "Outer",
                        "Parallel Aware": true,
                        "Join Type": "Inner",
                        "Startup Cost": 65896.2,
                        "Total Cost": 355844.03,
                        "Plan Rows": 4460902,
                        "Plan Width": 8,
                        "Actual Startup Time": 431.858,
                        "Actual Total Time": 3048.413,
                        "Actual Rows": 3296032,
                        "Actual Loops": 2,
                        "Inner Unique": true,
                        "Hash Cond": "(mi.movie_id = t.id)",
                        "Plans": [
                          {
                            "Node Type": "Seq Scan",
                            "Parent Relationship": "Outer",
                            "Parallel Aware": true,
                            "Relation Name": "movie_info",
                            "Alias": "mi",
                            "Startup Cost": 0.0,
                            "Total Cost": 270696.42,
                            "Plan Rows": 7333858,
                            "Plan Width": 4,
                            "Actual Startup Time": 0.013,
                            "Actual Total Time": 845.385,
                            "Actual Rows": 6300935,
                            "Actual Loops": 2,
                            "Filter": "(info_type_id < 17)",
                            "Rows Removed by Filter": 1116925
                          },
                          {
                            "Node Type": "Hash",
                            "Parent Relationship": "Inner",
                            "Parallel Aware": true,
                            "Startup Cost": 54588.39,
                            "Total Cost": 54588.39,
                            "Plan Rows": 904625,
                            "Plan Width": 4,
                            "Actual Startup Time": 416.149,
                            "Actual Total Time": 416.151,
                            "Actual Rows": 765806,
                            "Actual Loops": 2,
                            "Hash Buckets": 2097152,
                            "Original Hash Buckets": 2097152,
                            "Hash Batches": 1,
                            "Original Hash Batches": 1,
                            "Peak Memory Usage": 76352,
                            "Plans": [
                              {
                                "Node Type": "Seq Scan",
                                "Parent Relationship": "Outer",
                                "Parallel Aware": true,
                                "Relation Name": "title",
                                "Alias": "t",
                                "Startup Cost": 0.0,
                                "Total Cost": 54588.39,
                                "Plan Rows": 904625,
                                "Plan Width": 4,
                                "Actual Startup Time": 0.033,
                                "Actual Total Time": 178.536,
                                "Actual Rows": 765806,
                                "Actual Loops": 2,
                                "Filter": "(production_year > 1997)",
                                "Rows Removed by Filter": 498350
                              }
                            ]
                          }
                        ]
                      }
                    ]
                  },
                  {
                    "Node Type": "Sort",
                    "Parent Relationship": "Inner",
                    "Parallel Aware": false,
                    "Startup Cost": 175292.27,
                    "Total Cost": 178503.24,
                    "Plan Rows": 1284387,
                    "Plan Width": 4,
                    "Actual Startup Time": 466.253,
                    "Actual Total Time": 765.354,
                    "Actual Rows": 9147165,
                    "Actual Loops": 2,
                    "Sort Key": [
                      "mc.movie_id"
                    ],
                    "Sort Method": "quicksort",
                    "Sort Space Used": 108883,
                    "Sort Space Type": "Memory",
                    "Workers": [
                      {
                        "Worker Number": 0,
                        "Sort Method": "quicksort",
                        "Sort Space Used": 108883,
                        "Sort Space Type": "Memory"
                      }
                    ],
                    "Plans": [
                      {
                        "Node Type": "Index Scan",
                        "Parent Relationship": "Outer",
                        "Parallel Aware": false,
                        "Scan Direction": "Forward",
                        "Index Name": "company_type_id_movie_companies",
                        "Relation Name": "movie_companies",
                        "Alias": "mc",
                        "Startup Cost": 0.43,
                        "Total Cost": 44974.2,
                        "Plan Rows": 1284387,
                        "Plan Width": 4,
                        "Actual Startup Time": 0.079,
                        "Actual Total Time": 209.199,
                        "Actual Rows": 1274246,
                        "Actual Loops": 2,
                        "Index Cond": "(company_type_id = 1)",
                        "Rows Removed by Index Recheck": 0
                      }
                    ]
                  }
                ]
              }
            ]
          }
        ]
      }
    ]
  },
  "Planning Time": 1.057,
  "Triggers": [],
  "Execution Time": 6110.069
}