[
  {
    "Plan": {
      "Node Type": "Aggregate",
      "Strategy": "Plain",
      "Partial Mode": "Finalize",
      "Parallel Aware": false,
      "Startup Cost": 296375.85,
      "Total Cost": 296375.86,
      "Plan Rows": 1,
      "Plan Width": 8,
      "Actual Startup Time": 181.894,
      "Actual Total Time": 190.446,
      "Actual Rows": 1,
      "Actual Loops": 1,
      "Plans": [
        {
          "Node Type": "Gather",
          "Parent Relationship": "Outer",
          "Parallel Aware": false,
          "Startup Cost": 296375.22,
          "Total Cost": 296375.83,
          "Plan Rows": 6,
          "Plan Width": 8,
          "Actual Startup Time": 181.324,
          "Actual Total Time": 190.431,
          "Actual Rows": 7,
          "Actual Loops": 1,
          "Workers Planned": 6,
          "Workers Launched": 6,
          "Single Copy": false,
          "Plans": [
            {
              "Node Type": "Aggregate",
              "Strategy": "Plain",
              "Partial Mode": "Partial",
              "Parent Relationship": "Outer",
              "Parallel Aware": false,
              "Startup Cost": 295375.22,
              "Total Cost": 295375.23,
              "Plan Rows": 1,
              "Plan Width": 8,
              "Actual Startup Time": 172.731,
              "Actual Total Time": 172.733,
              "Actual Rows": 1,
              "Actual Loops": 7,
              "Plans": [
                {
                  "Node Type": "Bitmap Heap Scan",
                  "Parent Relationship": "Outer",
                  "Parallel Aware": true,
                  "Relation Name": "cast_info",
                  "Alias": "ci",
                  "Startup Cost": 38347.82,
                  "Total Cost": 294651.82,
                  "Plan Rows": 289360,
                  "Plan Width": 0,
                  "Actual Startup Time": 74.572,
                  "Actual Total Time": 156.734,
                  "Actual Rows": 240356,
                  "Actual Loops": 7,
                  "Recheck Cond": "(person_id > 3728294)",
                  "Rows Removed by Index Recheck": 0,
                  "Exact Heap Blocks": 4935,
                  "Lossy Heap Blocks": 0,
                  "Plans": [
                    {
                      "Node Type": "Bitmap Index Scan",
                      "Parent Relationship": "Outer",
                      "Parallel Aware": false,
                      "Index Name": "person_id_cast_info",
                      "Startup Cost": 0.0,
                      "Total Cost": 37913.78,
                      "Plan Rows": 1736162,
                      "Plan Width": 0,
                      "Actual Startup Time": 76.739,
                      "Actual Total Time": 76.74,
                      "Actual Rows": 1682494,
                      "Actual Loops": 1,
                      "Index Cond": "(person_id > 3728294)"
                    }
                  ]
                }
              ]
            }
          ]
        }
      ]
    },
    "Planning Time": 0.096,
    "Triggers": [],
    "Execution Time": 190.506
  }
]