[
  {
    "Plan": {
      "Node Type": "Aggregate",
      "Strategy": "Plain",
      "Partial Mode": "Finalize",
      "Parallel Aware": false,
      "Startup Cost": 151416.39,
      "Total Cost": 151416.4,
      "Plan Rows": 1,
      "Plan Width": 8,
      "Actual Startup Time": 675.234,
      "Actual Total Time": 741.655,
      "Actual Rows": 1,
      "Actual Loops": 1,
      "Plans": [
        {
          "Node Type": "Gather",
          "Parent Relationship": "Outer",
          "Parallel Aware": false,
          "Startup Cost": 151416.08,
          "Total Cost": 151416.39,
          "Plan Rows": 3,
          "Plan Width": 8,
          "Actual Startup Time": 672.726,
          "Actual Total Time": 741.637,
          "Actual Rows": 4,
          "Actual Loops": 1,
          "Workers Planned": 3,
          "Workers Launched": 3,
          "Single Copy": false,
          "Plans": [
            {
              "Node Type": "Aggregate",
              "Strategy": "Plain",
              "Partial Mode": "Partial",
              "Parent Relationship": "Outer",
              "Parallel Aware": false,
              "Startup Cost": 150416.08,
              "Total Cost": 150416.09,
              "Plan Rows": 1,
              "Plan Width": 8,
              "Actual Startup Time": 664.762,
              "Actual Total Time": 664.769,
              "Actual Rows": 1,
              "Actual Loops": 4,
              "Plans": [
                {
                  "Node Type": "Nested Loop",
                  "Parent Relationship": "Outer",
                  "Parallel Aware": false,
                  "Join Type": "Inner",
                  "Startup Cost": 46576.82,
                  "Total Cost": 150410.96,
                  "Plan Rows": 2048,
                  "Plan Width": 0,
                  "Actual Startup Time": 279.977,
                  "Actual Total Time": 662.866,
                  "Actual Rows": 25380,
                  "Actual Loops": 4,
                  "Inner Unique": false,
                  "Join Filter": "(t.id = mi.movie_id)",
                  "Rows Removed by Join Filter": 0,
                  "Plans": [
                    {
                      "Node Type": "Hash Join",
                      "Parent Relationship": "Outer",
                      "Parallel Aware": true,
                      "Join Type": "Inner",
                      "Startup Cost": 46576.39,
                      "Total Cost": 78486.57,
                      "Plan Rows": 26195,
                      "Plan Width": 8,
                      "Actual Startup Time": 279.556,
                      "Actual Total Time": 335.011,
                      "Actual Rows": 12540,
                      "Actual Loops": 4,
                      "Inner Unique": true,
                      "Hash Cond": "(mc.movie_id = t.id)",
                      "Plans": [
                        {
                          "Node Type": "Seq Scan",
                          "Parent Relationship": "Outer",
                          "Parallel Aware": true,
                          "Relation Name": "movie_companies",
                          "Alias": "mc",
                          "Startup Cost": 0.0,
                          "Total Cost": 31414.82,
                          "Plan Rows": 188709,
                          "Plan Width": 4,
                          "Actual Startup Time": 48.833,
                          "Actual Total Time": 98.116,
                          "Actual Rows": 94102,
                          "Actual Loops": 4,
                          "Filter": "((company_id < 9172) AND (company_type_id > 1))",
                          "Rows Removed by Filter": 558181
                        },
                        {
                          "Node Type": "Hash",
                          "Parent Relationship": "Inner",
                          "Parallel Aware": true,
                          "Startup Cost": 45479.59,
                          "Total Cost": 45479.59,
                          "Plan Rows": 87744,
                          "Plan Width": 4,
                          "Actual Startup Time": 185.232,
                          "Actual Total Time": 185.234,
                          "Actual Rows": 106143,
                          "Actual Loops": 4,
                          "Hash Buckets": 524288,
                          "Original Hash Buckets": 524288,
                          "Hash Batches": 1,
                          "Original Hash Batches": 1,
                          "Peak Memory Usage": 20768,
                          "Plans": [
                            {
                              "Node Type": "Seq Scan",
                              "Parent Relationship": "Outer",
                              "Parallel Aware": true,
                              "Relation Name": "title",
                              "Alias": "t",
                              "Startup Cost": 0.0,
                              "Total Cost": 45479.59,
                              "Plan Rows": 87744,
                              "Plan Width": 4,
                              "Actual Startup Time": 75.327,
                              "Actual Total Time": 139.933,
                              "Actual Rows": 106143,
                              "Actual Loops": 4,
                              "Filter": "((production_year < 2005) AND (kind_id = 1))",
                              "Rows Removed by Filter": 525935
                            }
                          ]
                        }
                      ]
                    },
                    {
                      "Node Type": "Index Scan",
                      "Parent Relationship": "Inner",
                      "Parallel Aware": false,
                      "Scan Direction": "Forward",
                      "Index Name": "movie_id_movie_info",
                      "Relation Name": "movie_info",
                      "Alias": "mi",
                      "Startup Cost": 0.43,
                      "Total Cost": 2.73,
                      "Plan Rows": 1,
                      "Plan Width": 4,
                      "Actual Startup Time": 0.022,
                      "Actual Total Time": 0.025,
                      "Actual Rows": 2,
                      "Actual Loops": 50158,
                      "Index Cond": "(movie_id = mc.movie_id)",
                      "Rows Removed by Index Recheck": 0,
                      "Filter": "(info_type_id > 106)",
                      "Rows Removed by Filter": 30
                    }
                  ]
                }
              ]
            }
          ]
        }
      ]
    },
    "Planning Time": 0.795,
    "Triggers": [],
    "Execution Time": 741.752
  }
]