{
  "Plan": {
    "Node Type": "Aggregate",
    "Strategy": "Plain",
    "Partial Mode": "Finalize",
    "Parallel Aware": false,
    "Startup Cost": 295860.87,
    "Total Cost": 295860.88,
    "Plan Rows": 1,
    "Plan Width": 8,
    "Actual Startup Time": 1078.238,
    "Actual Total Time": 1095.516,
    "Actual Rows": 1,
    "Actual Loops": 1,
    "Plans": [
      {
        "Node Type": "Gather",
        "Parent Relationship": "Outer",
        "Parallel Aware": false,
        "Startup Cost": 295860.75,
        "Total Cost": 295860.86,
        "Plan Rows": 1,
        "Plan Width": 8,
        "Actual Startup Time": 1078.229,
        "Actual Total Time": 1095.51,
        "Actual Rows": 2,
        "Actual Loops": 1,
        "Workers Planned": 1,
        "Workers Launched": 1,
        "Single Copy": false,
        "Plans": [
          {
            "Node Type": "Aggregate",
            "Strategy": "Plain",
            "Partial Mode": "Partial",
            "Parent Relationship": "Outer",
            "Parallel Aware": false,
            "Startup Cost": 294860.75,
            "Total Cost": 294860.76,
            "Plan Rows": 1,
            "Plan Width": 8,
            "Actual Startup Time": 1065.418,
            "Actual Total Time": 1065.424,
            "Actual Rows": 1,
            "Actual Loops": 2,
            "Plans": [
              {
                "Node Type": "Merge Join",
                "Parent Relationship": "Outer",
                "Parallel Aware": false,
                "Join Type": "Inner",
                "Startup Cost": 289379.9,
                "Total Cost": 294841.65,
                "Plan Rows": 7642,
                "Plan Width": 0,
                "Actual Startup Time": 965.575,
                "Actual Total Time": 1057.701,
                "Actual Rows": 204720,
                "Actual Loops": 2,
                "Inner Unique": false,
                "Merge Cond": "(t.id = mi.movie_id)",
                "Plans": [
                  {
                    "Node Type": "Sort",
                    "Parent Relationship": "Outer",
                    "Parallel Aware": false,
                    "Startup Cost": 235384.56,
                    "Total Cost": 238033.69,
                    "Plan Rows": 1059652,
                    "Plan Width": 8,
                    "Actual Startup Time": 959.938,
                    "Actual Total Time": 988.682,
                    "Actual Rows": 798121,
                    "Actual Loops": 2,
                    "Sort Key": [
                      "t.id"
                    ],
                    "Sort Method": "quicksort",
                    "Sort Space Used": 63632,
                    "Sort Space Type": "Memory",
                    "Workers": [
                      {
                        "Worker Number": 0,
                        "Sort Method": "quicksort",
                        "Sort Space Used": 60345,
                        "Sort Space Type": "Memory"
                      }
                    ],
                    "Plans": [
                      {
                        "Node Type": "Hash Join",
                        "Parent Relationship": "Outer",
                        "Parallel Aware": true,
                        "Join Type": "Inner",
                        "Startup Cost": 67667.0,
                        "Total Cost": 129339.05,
                        "Plan Rows": 1059652,
                        "Plan Width": 8,
                        "Actual Startup Time": 399.355,
                        "Actual Total Time": 808.266,
                        "Actual Rows": 798121,
                        "Actual Loops": 2,
                        "Inner Unique": true,
                        "Hash Cond": "(mk.movie_id = t.id)",
                        "Plans": [
                          {
                            "Node Type": "Seq Scan",
                            "Parent Relationship": "Outer",
                            "Parallel Aware": true,
                            "Relation Name": "movie_keyword",
                            "Alias": "mk",
                            "Startup Cost": 0.0,
                            "Total Cost": 57718.19,
                            "Plan Rows": 1506225,
                            "Plan Width": 4,
                            "Actual Startup Time": 0.019,
                            "Actual Total Time": 203.863,
                            "Actual Rows": 1282218,
                            "Actual Loops": 2,
                            "Filter": "(keyword_id < 6507)",
                            "Rows Removed by Filter": 979747
                          },
                          {
                            "Node Type": "Hash",
                            "Parent Relationship": "Inner",
                            "Parallel Aware": true,
                            "Startup Cost": 54588.39,
                            "Total Cost": 54588.39,
                            "Plan Rows": 1046289,
                            "Plan Width": 4,
                            "Actual Startup Time": 385.09,
                            "Actual Total Time": 385.091,
                            "Actual Rows": 886036,
                            "Actual Loops": 2,
                            "Hash Buckets": 2097152,
                            "Original Hash Buckets": 2097152,
                            "Hash Batches": 1,
                            "Original Hash Batches": 1,
                            "Peak Memory Usage": 85728,
                            "Plans": [
                              {
                                "Node Type": "Seq Scan",
                                "Parent Relationship": "Outer",
                                "Parallel Aware": true,
                                "Relation Name": "title",
                                "Alias": "t",
                                "Startup Cost": 0.0,
                                "Total Cost": 54588.39,
                                "Plan Rows": 1046289,
                                "Plan Width": 4,
                                "Actual Startup Time": 0.05,
                                "Actual Total Time": 175.56,
                                "Actual Rows": 886036,
                                "Actual Loops": 2,
                                "Filter": "(production_year > 1989)",
                                "Rows Removed by Filter": 378120
                              }
                            ]
                          }
                        ]
                      }
                    ]
                  },
                  {
                    "Node Type": "Sort",
                    "Parent Relationship": "Inner",
                    "Parallel Aware": false,
                    "Startup Cost": 53995.24,
                    "Total Cost": 54040.82,
                    "Plan Rows": 18233,
                    "Plan Width": 4,
                    "Actual Startup Time": 4.316,
                    "Actual Total Time": 11.365,
                    "Actual Rows": 210609,
                    "Actual Loops": 2,
                    "Sort Key": [
                      "mi.movie_id"
                    ],
                    "Sort Method": "quicksort",
                    "Sort Space Used": 1027,
                    "Sort Space Type": "Memory",
                    "Workers": [
                      {
                        "Worker Number": 0,
                        "Sort Method": "quicksort",
                        "Sort Space Used": 1027,
                        "Sort Space Type": "Memory"
                      }
                    ],
                    "Plans": [
                      {
                        "Node Type": "Bitmap Heap Scan",
                        "Parent Relationship": "Outer",
                        "Parallel Aware": false,
                        "Relation Name": "movie_info",
                        "Alias": "mi",
                        "Startup Cost": 333.74,
                        "Total Cost": 52704.86,
                        "Plan Rows": 18233,
                        "Plan Width": 4,
                        "Actual Startup Time": 0.553,
                        "Actual Total Time": 2.12,
                        "Actual Rows": 13698,
                        "Actual Loops": 2,
                        "Recheck Cond": "(info_type_id = 97)",
                        "Rows Removed by Index Recheck": 0,
                        "Exact Heap Blocks": 172,
                        "Lossy Heap Blocks": 0,
                        "Plans": [
                          {
                            "Node Type": "Bitmap Index Scan",
                            "Parent Relationship": "Outer",
                            "Parallel Aware": false,
                            "Index Name": "info_type_id_movie_info",
                            "Startup Cost": 0.0,
                            "Total Cost": 329.18,
                            "Plan Rows": 18233,
                            "Plan Width": 0,
                            "Actual Startup Time": 0.525,
                            "Actual Total Time": 0.525,
                            "Actual Rows": 13698,
                            "Actual Loops": 2,
                            "Index Cond": "(info_type_id = 97)"
                          }
                        ]
                      }
                    ]
                  }
                ]
              }
            ]
          }
        ]
      }
    ]
  },
  "Planning Time": 1.053,
  "Triggers": [],
  "Execution Time": 1100.096
}