[
    {
        "Bao": {
            "Bao prediction": "NaN",
            "Bao recommended hint": "(no hint)"
        }
    },
    {
        "Plan": {
            "Node Type": "Aggregate",
            "Strategy": "Plain",
            "Partial Mode": "Finalize",
            "Parallel Aware": false,
            "Startup Cost": 80179.69,
            "Total Cost": 80179.7,
            "Plan Rows": 1,
            "Plan Width": 8,
            "Actual Startup Time": 392.257,
            "Actual Total Time": 401.4,
            "Actual Rows": 1,
            "Actual Loops": 1,
            "Output": [
                "count(*)"
            ],
            "Plans": [
                {
                    "Node Type": "Gather",
                    "Parent Relationship": "Outer",
                    "Parallel Aware": false,
                    "Startup Cost": 80179.38,
                    "Total Cost": 80179.69,
                    "Plan Rows": 3,
                    "Plan Width": 8,
                    "Actual Startup Time": 389.168,
                    "Actual Total Time": 401.392,
                    "Actual Rows": 4,
                    "Actual Loops": 1,
                    "Output": [
                        "(PARTIAL count(*))"
                    ],
                    "Workers Planned": 3,
                    "Workers Launched": 3,
                    "Single Copy": false,
                    "Plans": [
                        {
                            "Node Type": "Aggregate",
                            "Strategy": "Plain",
                            "Partial Mode": "Partial",
                            "Parent Relationship": "Outer",
                            "Parallel Aware": false,
                            "Startup Cost": 79179.38,
                            "Total Cost": 79179.39,
                            "Plan Rows": 1,
                            "Plan Width": 8,
                            "Actual Startup Time": 380.824,
                            "Actual Total Time": 380.827,
                            "Actual Rows": 1,
                            "Actual Loops": 4,
                            "Output": [
                                "PARTIAL count(*)"
                            ],
                            "Workers": [
                                {
                                    "Worker Number": 0,
                                    "Actual Startup Time": 378.255,
                                    "Actual Total Time": 378.258,
                                    "Actual Rows": 1,
                                    "Actual Loops": 1
                                },
                                {
                                    "Worker Number": 1,
                                    "Actual Startup Time": 377.902,
                                    "Actual Total Time": 377.905,
                                    "Actual Rows": 1,
                                    "Actual Loops": 1
                                },
                                {
                                    "Worker Number": 2,
                                    "Actual Startup Time": 378.273,
                                    "Actual Total Time": 378.277,
                                    "Actual Rows": 1,
                                    "Actual Loops": 1
                                }
                            ],
                            "Plans": [
                                {
                                    "Node Type": "Hash Join",
                                    "Parent Relationship": "Outer",
                                    "Parallel Aware": true,
                                    "Join Type": "Inner",
                                    "Startup Cost": 47252.48,
                                    "Total Cost": 78718.64,
                                    "Plan Rows": 184293,
                                    "Plan Width": 0,
                                    "Actual Startup Time": 153.836,
                                    "Actual Total Time": 365.335,
                                    "Actual Rows": 327475,
                                    "Actual Loops": 4,
                                    "Inner Unique": true,
                                    "Hash Cond": "(mc.movie_id = t.id)",
                                    "Workers": [
                                        {
                                            "Worker Number": 0,
                                            "Actual Startup Time": 150.779,
                                            "Actual Total Time": 361.871,
                                            "Actual Rows": 234581,
                                            "Actual Loops": 1
                                        },
                                        {
                                            "Worker Number": 1,
                                            "Actual Startup Time": 151.174,
                                            "Actual Total Time": 362.631,
                                            "Actual Rows": 356213,
                                            "Actual Loops": 1
                                        },
                                        {
                                            "Worker Number": 2,
                                            "Actual Startup Time": 151.46,
                                            "Actual Total Time": 363.673,
                                            "Actual Rows": 336084,
                                            "Actual Loops": 1
                                        }
                                    ],
                                    "Plans": [
                                        {
                                            "Node Type": "Seq Scan",
                                            "Parent Relationship": "Outer",
                                            "Parallel Aware": true,
                                            "Relation Name": "movie_companies",
                                            "Schema": "public",
                                            "Alias": "mc",
                                            "Startup Cost": 0.0,
                                            "Total Cost": 29310.68,
                                            "Plan Rows": 821135,
                                            "Plan Width": 4,
                                            "Actual Startup Time": 0.024,
                                            "Actual Total Time": 74.734,
                                            "Actual Rows": 635586,
                                            "Actual Loops": 4,
                                            "Output": [
                                                "mc.id",
                                                "mc.movie_id",
                                                "mc.company_id",
                                                "mc.company_type_id",
                                                "mc.note"
                                            ],
                                            "Filter": "(mc.company_id > 6)",
                                            "Rows Removed by Filter": 16697,
                                            "Workers": [
                                                {
                                                    "Worker Number": 0,
                                                    "Actual Startup Time": 0.031,
                                                    "Actual Total Time": 80.002,
                                                    "Actual Rows": 453020,
                                                    "Actual Loops": 1
                                                },
                                                {
                                                    "Worker Number": 1,
                                                    "Actual Startup Time": 0.027,
                                                    "Actual Total Time": 75.674,
                                                    "Actual Rows": 693255,
                                                    "Actual Loops": 1
                                                },
                                                {
                                                    "Worker Number": 2,
                                                    "Actual Startup Time": 0.029,
                                                    "Actual Total Time": 74.039,
                                                    "Actual Rows": 649463,
                                                    "Actual Loops": 1
                                                }
                                            ]
                                        },
                                        {
                                            "Node Type": "Hash",
                                            "Parent Relationship": "Inner",
                                            "Parallel Aware": true,
                                            "Startup Cost": 45479.21,
                                            "Total Cost": 45479.21,
                                            "Plan Rows": 141862,
                                            "Plan Width": 4,
                                            "Actual Startup Time": 150.715,
                                            "Actual Total Time": 150.716,
                                            "Actual Rows": 160446,
                                            "Actual Loops": 4,
                                            "Output": [
                                                "t.id"
                                            ],
                                            "Hash Buckets": 1048576,
                                            "Original Hash Buckets": 1048576,
                                            "Hash Batches": 1,
                                            "Original Hash Batches": 1,
                                            "Peak Memory Usage": 33344,
                                            "Workers": [
                                                {
                                                    "Worker Number": 0,
                                                    "Actual Startup Time": 149.94,
                                                    "Actual Total Time": 149.941,
                                                    "Actual Rows": 114297,
                                                    "Actual Loops": 1
                                                },
                                                {
                                                    "Worker Number": 1,
                                                    "Actual Startup Time": 150.139,
                                                    "Actual Total Time": 150.14,
                                                    "Actual Rows": 169211,
                                                    "Actual Loops": 1
                                                },
                                                {
                                                    "Worker Number": 2,
                                                    "Actual Startup Time": 150.486,
                                                    "Actual Total Time": 150.488,
                                                    "Actual Rows": 162341,
                                                    "Actual Loops": 1
                                                }
                                            ],
                                            "Plans": [
                                                {
                                                    "Node Type": "Seq Scan",
                                                    "Parent Relationship": "Outer",
                                                    "Parallel Aware": true,
                                                    "Relation Name": "title",
                                                    "Schema": "public",
                                                    "Alias": "t",
                                                    "Startup Cost": 0.0,
                                                    "Total Cost": 45479.21,
                                                    "Plan Rows": 141862,
                                                    "Plan Width": 4,
                                                    "Actual Startup Time": 0.04,
                                                    "Actual Total Time": 95.778,
                                                    "Actual Rows": 160446,
                                                    "Actual Loops": 4,
                                                    "Output": [
                                                        "t.id"
                                                    ],
                                                    "Filter": "((t.kind_id < 7) AND (t.production_year < 2006))",
                                                    "Rows Removed by Filter": 471632,
                                                    "Workers": [
                                                        {
                                                            "Worker Number": 0,
                                                            "Actual Startup Time": 0.041,
                                                            "Actual Total Time": 97.485,
                                                            "Actual Rows": 114297,
                                                            "Actual Loops": 1
                                                        },
                                                        {
                                                            "Worker Number": 1,
                                                            "Actual Startup Time": 0.044,
                                                            "Actual Total Time": 96.348,
                                                            "Actual Rows": 169211,
                                                            "Actual Loops": 1
                                                        },
                                                        {
                                                            "Worker Number": 2,
                                                            "Actual Startup Time": 0.06,
                                                            "Actual Total Time": 94.918,
                                                            "Actual Rows": 162341,
                                                            "Actual Loops": 1
                                                        }
                                                    ]
                                                }
                                            ]
                                        }
                                    ]
                                }
                            ]
                        }
                    ]
                }
            ]
        },
        "Planning Time": 182.628,
        "Triggers": [],
        "Execution Time": 401.455
    }
]