{
  "Plan": {
    "Node Type": "Aggregate",
    "Strategy": "Plain",
    "Partial Mode": "Finalize",
    "Parallel Aware": false,
    "Startup Cost": 102564.56,
    "Total Cost": 102564.57,
    "Plan Rows": 1,
    "Plan Width": 8,
    "Actual Startup Time": 302.075,
    "Actual Total Time": 317.074,
    "Actual Rows": 1,
    "Actual Loops": 1,
    "Plans": [
      {
        "Node Type": "Gather",
        "Parent Relationship": "Outer",
        "Parallel Aware": false,
        "Startup Cost": 102564.44,
        "Total Cost": 102564.55,
        "Plan Rows": 1,
        "Plan Width": 8,
        "Actual Startup Time": 301.829,
        "Actual Total Time": 317.064,
        "Actual Rows": 2,
        "Actual Loops": 1,
        "Workers Planned": 1,
        "Workers Launched": 1,
        "Single Copy": false,
        "Plans": [
          {
            "Node Type": "Aggregate",
            "Strategy": "Plain",
            "Partial Mode": "Partial",
            "Parent Relationship": "Outer",
            "Parallel Aware": false,
            "Startup Cost": 101564.44,
            "Total Cost": 101564.45,
            "Plan Rows": 1,
            "Plan Width": 8,
            "Actual Startup Time": 296.289,
            "Actual Total Time": 296.293,
            "Actual Rows": 1,
            "Actual Loops": 2,
            "Plans": [
              {
                "Node Type": "Hash Join",
                "Parent Relationship": "Outer",
                "Parallel Aware": true,
                "Join Type": "Inner",
                "Startup Cost": 58665.32,
                "Total Cost": 101540.55,
                "Plan Rows": 9558,
                "Plan Width": 0,
                "Actual Startup Time": 150.726,
                "Actual Total Time": 295.558,
                "Actual Rows": 11492,
                "Actual Loops": 2,
                "Inner Unique": true,
                "Hash Cond": "(mc.movie_id = t.id)",
                "Plans": [
                  {
                    "Node Type": "Index Scan",
                    "Parent Relationship": "Outer",
                    "Parallel Aware": true,
                    "Scan Direction": "Forward",
                    "Index Name": "company_type_id_movie_companies",
                    "Relation Name": "movie_companies",
                    "Alias": "mc",
                    "Startup Cost": 0.43,
                    "Total Cost": 41574.35,
                    "Plan Rows": 495734,
                    "Plan Width": 4,
                    "Actual Startup Time": 2.976,
                    "Actual Total Time": 113.546,
                    "Actual Rows": 321242,
                    "Actual Loops": 2,
                    "Index Cond": "(company_type_id = 1)",
                    "Rows Removed by Index Recheck": 0,
                    "Filter": "(company_id > 2782)",
                    "Rows Removed by Filter": 315881
                  },
                  {
                    "Node Type": "Hash",
                    "Parent Relationship": "Inner",
                    "Parallel Aware": true,
                    "Startup Cost": 58306.47,
                    "Total Cost": 58306.47,
                    "Plan Rows": 28674,
                    "Plan Width": 4,
                    "Actual Startup Time": 147.07,
                    "Actual Total Time": 147.072,
                    "Actual Rows": 17744,
                    "Actual Loops": 2,
                    "Hash Buckets": 65536,
                    "Original Hash Buckets": 65536,
                    "Hash Batches": 1,
                    "Original Hash Batches": 1,
                    "Peak Memory Usage": 1920,
                    "Plans": [
                      {
                        "Node Type": "Seq Scan",
                        "Parent Relationship": "Outer",
                        "Parallel Aware": true,
                        "Relation Name": "title",
                        "Alias": "t",
                        "Startup Cost": 0.0,
                        "Total Cost": 58306.47,
                        "Plan Rows": 28674,
                        "Plan Width": 4,
                        "Actual Startup Time": 0.103,
                        "Actual Total Time": 141.631,
                        "Actual Rows": 17744,
                        "Actual Loops": 2,
                        "Filter": "((kind_id < 7) AND (production_year = 2007))",
                        "Rows Removed by Filter": 1246412
                      }
                    ]
                  }
                ]
              }
            ]
          }
        ]
      }
    ]
  },
  "Planning Time": 0.271,
  "Triggers": [],
  "Execution Time": 317.123
}