[
    {
        "Bao": {
            "Bao prediction": "NaN",
            "Bao recommended hint": "(no hint)"
        }
    },
    {
        "Plan": {
            "Node Type": "Aggregate",
            "Strategy": "Plain",
            "Partial Mode": "Simple",
            "Parallel Aware": false,
            "Startup Cost": 28594.51,
            "Total Cost": 28594.52,
            "Plan Rows": 1,
            "Plan Width": 8,
            "Actual Startup Time": 71.729,
            "Actual Total Time": 71.731,
            "Actual Rows": 1,
            "Actual Loops": 1,
            "Output": [
                "count(*)"
            ],
            "Plans": [
                {
                    "Node Type": "Bitmap Heap Scan",
                    "Parent Relationship": "Outer",
                    "Parallel Aware": false,
                    "Relation Name": "movie_keyword",
                    "Schema": "public",
                    "Alias": "mk",
                    "Startup Cost": 2426.17,
                    "Total Cost": 28308.78,
                    "Plan Rows": 114289,
                    "Plan Width": 0,
                    "Actual Startup Time": 12.986,
                    "Actual Total Time": 63.589,
                    "Actual Rows": 116146,
                    "Actual Loops": 1,
                    "Recheck Cond": "(mk.keyword_id < 111)",
                    "Rows Removed by Index Recheck": 0,
                    "Exact Heap Blocks": 22479,
                    "Lossy Heap Blocks": 0,
                    "Plans": [
                        {
                            "Node Type": "Bitmap Index Scan",
                            "Parent Relationship": "Outer",
                            "Parallel Aware": false,
                            "Index Name": "keyword_id_movie_keyword",
                            "Startup Cost": 0.0,
                            "Total Cost": 2397.6,
                            "Plan Rows": 114289,
                            "Plan Width": 0,
                            "Actual Startup Time": 8.359,
                            "Actual Total Time": 8.359,
                            "Actual Rows": 116146,
                            "Actual Loops": 1,
                            "Index Cond": "(mk.keyword_id < 111)"
                        }
                    ]
                }
            ]
        },
        "Planning Time": 201.832,
        "Triggers": [],
        "Execution Time": 71.817
    }
]