[
  {
    "Plan": {
      "Node Type": "Aggregate",
      "Strategy": "Plain",
      "Partial Mode": "Simple",
      "Parallel Aware": false,
      "Startup Cost": 28738.22,
      "Total Cost": 28738.23,
      "Plan Rows": 1,
      "Plan Width": 96,
      "Actual Startup Time": 3027.158,
      "Actual Total Time": 3027.164,
      "Actual Rows": 1,
      "Actual Loops": 1,
      "Plans": [
        {
          "Node Type": "Hash Join",
          "Parent Relationship": "Outer",
          "Parallel Aware": false,
          "Join Type": "Inner",
          "Startup Cost": 4997.83,
          "Total Cost": 28738.21,
          "Plan Rows": 1,
          "Plan Width": 42,
          "Actual Startup Time": 33.516,
          "Actual Total Time": 3025.594,
          "Actual Rows": 6187,
          "Actual Loops": 1,
          "Inner Unique": true,
          "Hash Cond": "(mi.info_type_id = it1.id)",
          "Plans": [
            {
              "Node Type": "Nested Loop",
              "Parent Relationship": "Outer",
              "Parallel Aware": false,
              "Join Type": "Inner",
              "Startup Cost": 4983.7,
              "Total Cost": 28723.69,
              "Plan Rows": 143,
              "Plan Width": 46,
              "Actual Startup Time": 33.406,
              "Actual Total Time": 3023.667,
              "Actual Rows": 6266,
              "Actual Loops": 1,
              "Inner Unique": false,
              "Join Filter": "(t.id = mi.movie_id)",
              "Rows Removed by Join Filter": 0,
              "Plans": [
                {
                  "Node Type": "Nested Loop",
                  "Parent Relationship": "Outer",
                  "Parallel Aware": false,
                  "Join Type": "Inner",
                  "Startup Cost": 4983.27,
                  "Total Cost": 27114.87,
                  "Plan Rows": 1032,
                  "Plan Width": 54,
                  "Actual Startup Time": 28.171,
                  "Actual Total Time": 1980.361,
                  "Actual Rows": 68247,
                  "Actual Loops": 1,
                  "Inner Unique": true,
                  "Plans": [
                    {
                      "Node Type": "Hash Join",
                      "Parent Relationship": "Outer",
                      "Parallel Aware": false,
                      "Join Type": "Inner",
                      "Startup Cost": 4982.85,
                      "Total Cost": 25846.6,
                      "Plan Rows": 2844,
                      "Plan Width": 39,
                      "Actual Startup Time": 27.963,
                      "Actual Total Time": 1581.438,
                      "Actual Rows": 166464,
                      "Actual Loops": 1,
                      "Inner Unique": true,
                      "Hash Cond": "(mc.company_type_id = ct.id)",
                      "Plans": [
                        {
                          "Node Type": "Nested Loop",
                          "Parent Relationship": "Outer",
                          "Parallel Aware": false,
                          "Join Type": "Inner",
                          "Startup Cost": 4970.63,
                          "Total Cost": 25772.88,
                          "Plan Rows": 11377,
                          "Plan Width": 43,
                          "Actual Startup Time": 27.883,
                          "Actual Total Time": 1533.106,
                          "Actual Rows": 364353,
                          "Actual Loops": 1,
                          "Inner Unique": false,
                          "Join Filter": "(t.id = mc.movie_id)",
                          "Rows Removed by Join Filter": 0,
                          "Plans": [
                            {
                              "Node Type": "Nested Loop",
                              "Parent Relationship": "Outer",
                              "Parallel Aware": false,
                              "Join Type": "Inner",
                              "Startup Cost": 4970.2,
                              "Total Cost": 24313.91,
                              "Plan Rows": 2084,
                              "Plan Width": 31,
                              "Actual Startup Time": 27.872,
                              "Actual Total Time": 1160.178,
                              "Actual Rows": 131064,
                              "Actual Loops": 1,
                              "Inner Unique": true,
                              "Plans": [
                                {
                                  "Node Type": "Nested Loop",
                                  "Parent Relationship": "Outer",
                                  "Parallel Aware": false,
                                  "Join Type": "Inner",
                                  "Startup Cost": 4969.77,
                                  "Total Cost": 18944.92,
                                  "Plan Rows": 8345,
                                  "Plan Width": 10,
                                  "Actual Startup Time": 27.357,
                                  "Actual Total Time": 169.215,
                                  "Actual Rows": 450291,
                                  "Actual Loops": 1,
                                  "Inner Unique": false,
                                  "Plans": [
                                    {
                                      "Node Type": "Index Scan",
                                      "Parent Relationship": "Outer",
                                      "Parallel Aware": false,
                                      "Scan Direction": "Forward",
                                      "Index Name": "info_type_pkey",
                                      "Relation Name": "info_type",
                                      "Alias": "it2",
                                      "Startup Cost": 0.14,
                                      "Total Cost": 14.12,
                                      "Plan Rows": 1,
                                      "Plan Width": 4,
                                      "Actual Startup Time": 0.037,
                                      "Actual Total Time": 0.049,
                                      "Actual Rows": 1,
                                      "Actual Loops": 1,
                                      "Filter": "((info)::text = 'rating'::text)",
                                      "Rows Removed by Filter": 112
                                    },
                                    {
                                      "Node Type": "Bitmap Heap Scan",
                                      "Parent Relationship": "Inner",
                                      "Parallel Aware": false,
                                      "Relation Name": "movie_info_idx",
                                      "Alias": "mi_idx",
                                      "Startup Cost": 4969.63,
                                      "Total Cost": 17044.74,
                                      "Plan Rows": 188606,
                                      "Plan Width": 14,
                                      "Actual Startup Time": 27.314,
                                      "Actual Total Time": 134.035,
                                      "Actual Rows": 450291,
                                      "Actual Loops": 1,
                                      "Recheck Cond": "(info_type_id = it2.id)",
                                      "Rows Removed by Index Recheck": 0,
                                      "Filter": "(info > '11'::text)",
                                      "Rows Removed by Filter": 9634,
                                      "Exact Heap Blocks": 7934,
                                      "Lossy Heap Blocks": 0,
                                      "Plans": [
                                        {
                                          "Node Type": "Bitmap Index Scan",
                                          "Parent Relationship": "Outer",
                                          "Parallel Aware": false,
                                          "Index Name": "info_type_id_movie_info_idx",
                                          "Startup Cost": 0.0,
                                          "Total Cost": 4922.48,
                                          "Plan Rows": 276007,
                                          "Plan Width": 0,
                                          "Actual Startup Time": 26.419,
                                          "Actual Total Time": 26.42,
                                          "Actual Rows": 459925,
                                          "Actual Loops": 1,
                                          "Index Cond": "(info_type_id = it2.id)"
                                        }
                                      ]
                                    }
                                  ]
                                },
                                {
                                  "Node Type": "Index Scan",
                                  "Parent Relationship": "Inner",
                                  "Parallel Aware": false,
                                  "Scan Direction": "Forward",
                                  "Index Name": "title_pkey",
                                  "Relation Name": "title",
                                  "Alias": "t",
                                  "Startup Cost": 0.43,
                                  "Total Cost": 0.64,
                                  "Plan Rows": 1,
                                  "Plan Width": 21,
                                  "Actual Startup Time": 0.002,
                                  "Actual Total Time": 0.002,
                                  "Actual Rows": 0,
                                  "Actual Loops": 450291,
                                  "Index Cond": "(id = mi_idx.movie_id)",
                                  "Rows Removed by Index Recheck": 0,
                                  "Filter": "((production_year >= 1995) AND (production_year <= 2005))",
                                  "Rows Removed by Filter": 1
                                }
                              ]
                            },
                            {
                              "Node Type": "Index Scan",
                              "Parent Relationship": "Inner",
                              "Parallel Aware": false,
                              "Scan Direction": "Forward",
                              "Index Name": "movie_id_movie_companies",
                              "Relation Name": "movie_companies",
                              "Alias": "mc",
                              "Startup Cost": 0.43,
                              "Total Cost": 0.64,
                              "Plan Rows": 5,
                              "Plan Width": 12,
                              "Actual Startup Time": 0.002,
                              "Actual Total Time": 0.002,
                              "Actual Rows": 3,
                              "Actual Loops": 131064,
                              "Index Cond": "(movie_id = mi_idx.movie_id)",
                              "Rows Removed by Index Recheck": 0
                            }
                          ]
                        },
                        {
                          "Node Type": "Hash",
                          "Parent Relationship": "Inner",
                          "Parallel Aware": false,
                          "Startup Cost": 12.2,
                          "Total Cost": 12.2,
                          "Plan Rows": 1,
                          "Plan Width": 4,
                          "Actual Startup Time": 0.044,
                          "Actual Total Time": 0.044,
                          "Actual Rows": 1,
                          "Actual Loops": 1,
                          "Hash Buckets": 1024,
                          "Original Hash Buckets": 1024,
                          "Hash Batches": 1,
                          "Original Hash Batches": 1,
                          "Peak Memory Usage": 9,
                          "Plans": [
                            {
                              "Node Type": "Index Scan",
                              "Parent Relationship": "Outer",
                              "Parallel Aware": false,
                              "Scan Direction": "Forward",
                              "Index Name": "company_type_pkey",
                              "Relation Name": "company_type",
                              "Alias": "ct",
                              "Startup Cost": 0.13,
                              "Total Cost": 12.2,
                              "Plan Rows": 1,
                              "Plan Width": 4,
                              "Actual Startup Time": 0.018,
                              "Actual Total Time": 0.02,
                              "Actual Rows": 1,
                              "Actual Loops": 1,
                              "Filter": "((kind)::text = 'production companies'::text)",
                              "Rows Removed by Filter": 3
                            }
                          ]
                        }
                      ]
                    },
                    {
                      "Node Type": "Index Scan",
                      "Parent Relationship": "Inner",
                      "Parallel Aware": false,
                      "Scan Direction": "Forward",
                      "Index Name": "company_name_pkey",
                      "Relation Name": "company_name",
                      "Alias": "cn",
                      "Startup Cost": 0.42,
                      "Total Cost": 0.45,
                      "Plan Rows": 1,
                      "Plan Width": 23,
                      "Actual Startup Time": 0.002,
                      "Actual Total Time": 0.002,
                      "Actual Rows": 0,
                      "Actual Loops": 166464,
                      "Index Cond": "(id = mc.company_id)",
                      "Rows Removed by Index Recheck": 0,
                      "Filter": "((country_code)::text = '[us]'::text)",
                      "Rows Removed by Filter": 1
                    }
                  ]
                },
                {
                  "Node Type": "Index Scan",
                  "Parent Relationship": "Inner",
                  "Parallel Aware": false,
                  "Scan Direction": "Forward",
                  "Index Name": "movie_id_movie_info",
                  "Relation Name": "movie_info",
                  "Alias": "mi",
                  "Startup Cost": 0.43,
                  "Total Cost": 1.55,
                  "Plan Rows": 1,
                  "Plan Width": 8,
                  "Actual Startup Time": 0.015,
                  "Actual Total Time": 0.015,
                  "Actual Rows": 0,
                  "Actual Loops": 68247,
                  "Index Cond": "(movie_id = mc.movie_id)",
                  "Rows Removed by Index Recheck": 0,
                  "Filter": "(info = ANY ('{Crime,Horror}'::text[]))",
                  "Rows Removed by Filter": 33
                }
              ]
            },
            {
              "Node Type": "Hash",
              "Parent Relationship": "Inner",
              "Parallel Aware": false,
              "Startup Cost": 14.12,
              "Total Cost": 14.12,
              "Plan Rows": 1,
              "Plan Width": 4,
              "Actual Startup Time": 0.052,
              "Actual Total Time": 0.053,
              "Actual Rows": 1,
              "Actual Loops": 1,
              "Hash Buckets": 1024,
              "Original Hash Buckets": 1024,
              "Hash Batches": 1,
              "Original Hash Batches": 1,
              "Peak Memory Usage": 9,
              "Plans": [
                {
                  "Node Type": "Index Scan",
                  "Parent Relationship": "Outer",
                  "Parallel Aware": false,
                  "Scan Direction": "Forward",
                  "Index Name": "info_type_pkey",
                  "Relation Name": "info_type",
                  "Alias": "it1",
                  "Startup Cost": 0.14,
                  "Total Cost": 14.12,
                  "Plan Rows": 1,
                  "Plan Width": 4,
                  "Actual Startup Time": 0.02,
                  "Actual Total Time": 0.044,
                  "Actual Rows": 1,
                  "Actual Loops": 1,
                  "Filter": "((info)::text = 'genres'::text)",
                  "Rows Removed by Filter": 112
                }
              ]
            }
          ]
        }
      ]
    },
    "Planning Time": 17.554,
    "Triggers": [],
    "Execution Time": 3027.688
  }
]