[
    {
        "Bao": {
            "Bao prediction": "NaN",
            "Bao recommended hint": "(no hint)"
        }
    },
    {
        "Plan": {
            "Node Type": "Aggregate",
            "Strategy": "Plain",
            "Partial Mode": "Finalize",
            "Parallel Aware": false,
            "Startup Cost": 229774.58,
            "Total Cost": 229774.59,
            "Plan Rows": 1,
            "Plan Width": 8,
            "Actual Startup Time": 308.572,
            "Actual Total Time": 322.213,
            "Actual Rows": 1,
            "Actual Loops": 1,
            "Output": [
                "count(*)"
            ],
            "Plans": [
                {
                    "Node Type": "Gather",
                    "Parent Relationship": "Outer",
                    "Parallel Aware": false,
                    "Startup Cost": 229773.96,
                    "Total Cost": 229774.57,
                    "Plan Rows": 6,
                    "Plan Width": 8,
                    "Actual Startup Time": 308.494,
                    "Actual Total Time": 322.205,
                    "Actual Rows": 7,
                    "Actual Loops": 1,
                    "Output": [
                        "(PARTIAL count(*))"
                    ],
                    "Workers Planned": 6,
                    "Workers Launched": 6,
                    "Single Copy": false,
                    "Plans": [
                        {
                            "Node Type": "Aggregate",
                            "Strategy": "Plain",
                            "Partial Mode": "Partial",
                            "Parent Relationship": "Outer",
                            "Parallel Aware": false,
                            "Startup Cost": 228773.96,
                            "Total Cost": 228773.97,
                            "Plan Rows": 1,
                            "Plan Width": 8,
                            "Actual Startup Time": 298.538,
                            "Actual Total Time": 298.539,
                            "Actual Rows": 1,
                            "Actual Loops": 7,
                            "Output": [
                                "PARTIAL count(*)"
                            ],
                            "Workers": [
                                {
                                    "Worker Number": 0,
                                    "Actual Startup Time": 296.47,
                                    "Actual Total Time": 296.471,
                                    "Actual Rows": 1,
                                    "Actual Loops": 1
                                },
                                {
                                    "Worker Number": 1,
                                    "Actual Startup Time": 296.549,
                                    "Actual Total Time": 296.55,
                                    "Actual Rows": 1,
                                    "Actual Loops": 1
                                },
                                {
                                    "Worker Number": 2,
                                    "Actual Startup Time": 296.646,
                                    "Actual Total Time": 296.647,
                                    "Actual Rows": 1,
                                    "Actual Loops": 1
                                },
                                {
                                    "Worker Number": 3,
                                    "Actual Startup Time": 297.124,
                                    "Actual Total Time": 297.125,
                                    "Actual Rows": 1,
                                    "Actual Loops": 1
                                },
                                {
                                    "Worker Number": 4,
                                    "Actual Startup Time": 297.226,
                                    "Actual Total Time": 297.228,
                                    "Actual Rows": 1,
                                    "Actual Loops": 1
                                },
                                {
                                    "Worker Number": 5,
                                    "Actual Startup Time": 297.621,
                                    "Actual Total Time": 297.623,
                                    "Actual Rows": 1,
                                    "Actual Loops": 1
                                }
                            ],
                            "Plans": [
                                {
                                    "Node Type": "Index Scan",
                                    "Parent Relationship": "Outer",
                                    "Parallel Aware": true,
                                    "Scan Direction": "Forward",
                                    "Index Name": "role_id_cast_info",
                                    "Relation Name": "cast_info",
                                    "Schema": "public",
                                    "Alias": "ci",
                                    "Startup Cost": 0.56,
                                    "Total Cost": 226293.54,
                                    "Plan Rows": 992168,
                                    "Plan Width": 0,
                                    "Actual Startup Time": 0.147,
                                    "Actual Total Time": 277.875,
                                    "Actual Rows": 367304,
                                    "Actual Loops": 7,
                                    "Output": [
                                        "id",
                                        "person_id",
                                        "movie_id",
                                        "person_role_id",
                                        "note",
                                        "nr_order",
                                        "role_id"
                                    ],
                                    "Index Cond": "(ci.role_id > 5)",
                                    "Rows Removed by Index Recheck": 0,
                                    "Filter": "(ci.person_id < 2639174)",
                                    "Rows Removed by Filter": 845026,
                                    "Workers": [
                                        {
                                            "Worker Number": 0,
                                            "Actual Startup Time": 0.154,
                                            "Actual Total Time": 275.029,
                                            "Actual Rows": 288360,
                                            "Actual Loops": 1
                                        },
                                        {
                                            "Worker Number": 1,
                                            "Actual Startup Time": 0.152,
                                            "Actual Total Time": 276.553,
                                            "Actual Rows": 408585,
                                            "Actual Loops": 1
                                        },
                                        {
                                            "Worker Number": 2,
                                            "Actual Startup Time": 0.234,
                                            "Actual Total Time": 276.977,
                                            "Actual Rows": 404627,
                                            "Actual Loops": 1
                                        },
                                        {
                                            "Worker Number": 3,
                                            "Actual Startup Time": 0.152,
                                            "Actual Total Time": 277.672,
                                            "Actual Rows": 396210,
                                            "Actual Loops": 1
                                        },
                                        {
                                            "Worker Number": 4,
                                            "Actual Startup Time": 0.141,
                                            "Actual Total Time": 275.136,
                                            "Actual Rows": 294629,
                                            "Actual Loops": 1
                                        },
                                        {
                                            "Worker Number": 5,
                                            "Actual Startup Time": 0.159,
                                            "Actual Total Time": 276.092,
                                            "Actual Rows": 291761,
                                            "Actual Loops": 1
                                        }
                                    ]
                                }
                            ]
                        }
                    ]
                }
            ]
        },
        "Planning Time": 205.444,
        "Triggers": [],
        "Execution Time": 322.27
    }
]