{
  "Plan": {
    "Node Type": "Aggregate",
    "Strategy": "Plain",
    "Partial Mode": "Finalize",
    "Parallel Aware": false,
    "Startup Cost": 105826.0,
    "Total Cost": 105826.01,
    "Plan Rows": 1,
    "Plan Width": 8,
    "Actual Startup Time": 640.897,
    "Actual Total Time": 655.423,
    "Actual Rows": 1,
    "Actual Loops": 1,
    "Plans": [
      {
        "Node Type": "Gather",
        "Parent Relationship": "Outer",
        "Parallel Aware": false,
        "Startup Cost": 105825.88,
        "Total Cost": 105825.99,
        "Plan Rows": 1,
        "Plan Width": 8,
        "Actual Startup Time": 639.366,
        "Actual Total Time": 655.414,
        "Actual Rows": 2,
        "Actual Loops": 1,
        "Workers Planned": 1,
        "Workers Launched": 1,
        "Single Copy": false,
        "Plans": [
          {
            "Node Type": "Aggregate",
            "Strategy": "Plain",
            "Partial Mode": "Partial",
            "Parent Relationship": "Outer",
            "Parallel Aware": false,
            "Startup Cost": 104825.88,
            "Total Cost": 104825.89,
            "Plan Rows": 1,
            "Plan Width": 8,
            "Actual Startup Time": 633.872,
            "Actual Total Time": 633.876,
            "Actual Rows": 1,
            "Actual Loops": 2,
            "Plans": [
              {
                "Node Type": "Hash Join",
                "Parent Relationship": "Outer",
                "Parallel Aware": true,
                "Join Type": "Inner",
                "Startup Cost": 42935.77,
                "Total Cost": 104311.53,
                "Plan Rows": 205743,
                "Plan Width": 0,
                "Actual Startup Time": 170.408,
                "Actual Total Time": 620.908,
                "Actual Rows": 249592,
                "Actual Loops": 2,
                "Inner Unique": false,
                "Hash Cond": "(t.id = mc.movie_id)",
                "Plans": [
                  {
                    "Node Type": "Seq Scan",
                    "Parent Relationship": "Outer",
                    "Parallel Aware": true,
                    "Relation Name": "title",
                    "Alias": "t",
                    "Startup Cost": 0.0,
                    "Total Cost": 50870.31,
                    "Plan Rows": 1487231,
                    "Plan Width": 4,
                    "Actual Startup Time": 0.013,
                    "Actual Total Time": 136.753,
                    "Actual Rows": 1264156,
                    "Actual Loops": 2
                  },
                  {
                    "Node Type": "Hash",
                    "Parent Relationship": "Inner",
                    "Parallel Aware": true,
                    "Startup Cost": 40363.98,
                    "Total Cost": 40363.98,
                    "Plan Rows": 205743,
                    "Plan Width": 4,
                    "Actual Startup Time": 168.465,
                    "Actual Total Time": 168.467,
                    "Actual Rows": 249592,
                    "Actual Loops": 2,
                    "Hash Buckets": 524288,
                    "Original Hash Buckets": 524288,
                    "Hash Batches": 1,
                    "Original Hash Batches": 1,
                    "Peak Memory Usage": 23648,
                    "Plans": [
                      {
                        "Node Type": "Bitmap Heap Scan",
                        "Parent Relationship": "Outer",
                        "Parallel Aware": true,
                        "Relation Name": "movie_companies",
                        "Alias": "mc",
                        "Startup Cost": 15304.73,
                        "Total Cost": 40363.98,
                        "Plan Rows": 205743,
                        "Plan Width": 4,
                        "Actual Startup Time": 27.252,
                        "Actual Total Time": 113.141,
                        "Actual Rows": 249592,
                        "Actual Loops": 2,
                        "Recheck Cond": "(company_id < 1344)",
                        "Rows Removed by Index Recheck": 0,
                        "Filter": "(company_type_id < 2)",
                        "Rows Removed by Filter": 103391,
                        "Exact Heap Blocks": 12904,
                        "Lossy Heap Blocks": 0,
                        "Plans": [
                          {
                            "Node Type": "Bitmap Index Scan",
                            "Parent Relationship": "Outer",
                            "Parallel Aware": false,
                            "Index Name": "company_id_movie_companies",
                            "Startup Cost": 0.0,
                            "Total Cost": 15217.29,
                            "Plan Rows": 710515,
                            "Plan Width": 0,
                            "Actual Startup Time": 28.335,
                            "Actual Total Time": 28.336,
                            "Actual Rows": 705966,
                            "Actual Loops": 1,
                            "Index Cond": "(company_id < 1344)"
                          }
                        ]
                      }
                    ]
                  }
                ]
              }
            ]
          }
        ]
      }
    ]
  },
  "Planning Time": 0.253,
  "Triggers": [],
  "Execution Time": 655.465
}