[
  {
    "Plan": {
      "Node Type": "Aggregate",
      "Strategy": "Plain",
      "Partial Mode": "Finalize",
      "Parallel Aware": false,
      "Startup Cost": 331859.76,
      "Total Cost": 331859.77,
      "Plan Rows": 1,
      "Plan Width": 8,
      "Actual Startup Time": 574.336,
      "Actual Total Time": 629.811,
      "Actual Rows": 1,
      "Actual Loops": 1,
      "Plans": [
        {
          "Node Type": "Gather",
          "Parent Relationship": "Outer",
          "Parallel Aware": false,
          "Startup Cost": 331859.13,
          "Total Cost": 331859.74,
          "Plan Rows": 6,
          "Plan Width": 8,
          "Actual Startup Time": 574.226,
          "Actual Total Time": 629.802,
          "Actual Rows": 7,
          "Actual Loops": 1,
          "Workers Planned": 6,
          "Workers Launched": 6,
          "Single Copy": false,
          "Plans": [
            {
              "Node Type": "Aggregate",
              "Strategy": "Plain",
              "Partial Mode": "Partial",
              "Parent Relationship": "Outer",
              "Parallel Aware": false,
              "Startup Cost": 330859.13,
              "Total Cost": 330859.14,
              "Plan Rows": 1,
              "Plan Width": 8,
              "Actual Startup Time": 565.74,
              "Actual Total Time": 565.741,
              "Actual Rows": 1,
              "Actual Loops": 7,
              "Plans": [
                {
                  "Node Type": "Seq Scan",
                  "Parent Relationship": "Outer",
                  "Parallel Aware": true,
                  "Relation Name": "cast_info",
                  "Alias": "ci",
                  "Startup Cost": 0.0,
                  "Total Cost": 328162.03,
                  "Plan Rows": 1078843,
                  "Plan Width": 0,
                  "Actual Startup Time": 0.047,
                  "Actual Total Time": 521.9,
                  "Actual Rows": 953607,
                  "Actual Loops": 7,
                  "Filter": "(person_id < 644708)",
                  "Rows Removed by Filter": 4224156
                }
              ]
            }
          ]
        }
      ]
    },
    "Planning Time": 0.134,
    "Triggers": [],
    "Execution Time": 629.865
  }
]