[
  {
    "Plan": {
      "Node Type": "Aggregate",
      "Strategy": "Plain",
      "Partial Mode": "Finalize",
      "Parallel Aware": false,
      "Startup Cost": 48409.3,
      "Total Cost": 48409.31,
      "Plan Rows": 1,
      "Plan Width": 8,
      "Actual Startup Time": 97.857,
      "Actual Total Time": 110.5,
      "Actual Rows": 1,
      "Actual Loops": 1,
      "Plans": [
        {
          "Node Type": "Gather",
          "Parent Relationship": "Outer",
          "Parallel Aware": false,
          "Startup Cost": 48408.88,
          "Total Cost": 48409.29,
          "Plan Rows": 4,
          "Plan Width": 8,
          "Actual Startup Time": 97.686,
          "Actual Total Time": 110.487,
          "Actual Rows": 5,
          "Actual Loops": 1,
          "Workers Planned": 4,
          "Workers Launched": 4,
          "Single Copy": false,
          "Plans": [
            {
              "Node Type": "Aggregate",
              "Strategy": "Plain",
              "Partial Mode": "Partial",
              "Parent Relationship": "Outer",
              "Parallel Aware": false,
              "Startup Cost": 47408.88,
              "Total Cost": 47408.89,
              "Plan Rows": 1,
              "Plan Width": 8,
              "Actual Startup Time": 91.733,
              "Actual Total Time": 91.735,
              "Actual Rows": 1,
              "Actual Loops": 5,
              "Plans": [
                {
                  "Node Type": "Nested Loop",
                  "Parent Relationship": "Outer",
                  "Parallel Aware": false,
                  "Join Type": "Inner",
                  "Startup Cost": 0.43,
                  "Total Cost": 47408.49,
                  "Plan Rows": 157,
                  "Plan Width": 0,
                  "Actual Startup Time": 57.048,
                  "Actual Total Time": 91.667,
                  "Actual Rows": 762,
                  "Actual Loops": 5,
                  "Inner Unique": false,
                  "Plans": [
                    {
                      "Node Type": "Seq Scan",
                      "Parent Relationship": "Outer",
                      "Parallel Aware": true,
                      "Relation Name": "title",
                      "Alias": "t",
                      "Startup Cost": 0.0,
                      "Total Cost": 43899.32,
                      "Plan Rows": 379,
                      "Plan Width": 4,
                      "Actual Startup Time": 55.899,
                      "Actual Total Time": 84.953,
                      "Actual Rows": 392,
                      "Actual Loops": 5,
                      "Filter": "(production_year = 1943)",
                      "Rows Removed by Filter": 505270
                    },
                    {
                      "Node Type": "Index Scan",
                      "Parent Relationship": "Inner",
                      "Parallel Aware": false,
                      "Scan Direction": "Forward",
                      "Index Name": "movie_id_movie_keyword",
                      "Relation Name": "movie_keyword",
                      "Alias": "mk",
                      "Startup Cost": 0.43,
                      "Total Cost": 9.15,
                      "Plan Rows": 11,
                      "Plan Width": 4,
                      "Actual Startup Time": 0.015,
                      "Actual Total Time": 0.016,
                      "Actual Rows": 2,
                      "Actual Loops": 1960,
                      "Index Cond": "(movie_id = t.id)",
                      "Rows Removed by Index Recheck": 0,
                      "Filter": "(keyword_id < 1043)",
                      "Rows Removed by Filter": 8
                    }
                  ]
                }
              ]
            }
          ]
        }
      ]
    },
    "Planning Time": 0.595,
    "Triggers": [],
    "Execution Time": 110.566
  }
]