[
  {
    "Plan": {
      "Node Type": "Aggregate",
      "Strategy": "Plain",
      "Partial Mode": "Finalize",
      "Parallel Aware": false,
      "Startup Cost": 33097.81,
      "Total Cost": 33097.82,
      "Plan Rows": 1,
      "Plan Width": 8,
      "Actual Startup Time": 92.392,
      "Actual Total Time": 100.501,
      "Actual Rows": 1,
      "Actual Loops": 1,
      "Plans": [
        {
          "Node Type": "Gather",
          "Parent Relationship": "Outer",
          "Parallel Aware": false,
          "Startup Cost": 33097.49,
          "Total Cost": 33097.8,
          "Plan Rows": 3,
          "Plan Width": 8,
          "Actual Startup Time": 92.151,
          "Actual Total Time": 100.493,
          "Actual Rows": 4,
          "Actual Loops": 1,
          "Workers Planned": 3,
          "Workers Launched": 3,
          "Single Copy": false,
          "Plans": [
            {
              "Node Type": "Aggregate",
              "Strategy": "Plain",
              "Partial Mode": "Partial",
              "Parent Relationship": "Outer",
              "Parallel Aware": false,
              "Startup Cost": 32097.49,
              "Total Cost": 32097.5,
              "Plan Rows": 1,
              "Plan Width": 8,
              "Actual Startup Time": 87.726,
              "Actual Total Time": 87.727,
              "Actual Rows": 1,
              "Actual Loops": 4,
              "Plans": [
                {
                  "Node Type": "Seq Scan",
                  "Parent Relationship": "Outer",
                  "Parallel Aware": true,
                  "Relation Name": "movie_companies",
                  "Alias": "mc",
                  "Startup Cost": 0.0,
                  "Total Cost": 31414.82,
                  "Plan Rows": 273069,
                  "Plan Width": 0,
                  "Actual Startup Time": 41.89,
                  "Actual Total Time": 77.105,
                  "Actual Rows": 263605,
                  "Actual Loops": 4,
                  "Filter": "((company_id > 3749) AND (company_type_id > 1))",
                  "Rows Removed by Filter": 388678
                }
              ]
            }
          ]
        }
      ]
    },
    "Planning Time": 0.179,
    "Triggers": [],
    "Execution Time": 100.549
  }
]