[
  {
    "Plan": {
      "Node Type": "Aggregate",
      "Strategy": "Plain",
      "Partial Mode": "Finalize",
      "Parallel Aware": false,
      "Startup Cost": 33093.44,
      "Total Cost": 33093.45,
      "Plan Rows": 1,
      "Plan Width": 8,
      "Actual Startup Time": 107.47,
      "Actual Total Time": 113.332,
      "Actual Rows": 1,
      "Actual Loops": 1,
      "Plans": [
        {
          "Node Type": "Gather",
          "Parent Relationship": "Outer",
          "Parallel Aware": false,
          "Startup Cost": 33093.12,
          "Total Cost": 33093.43,
          "Plan Rows": 3,
          "Plan Width": 8,
          "Actual Startup Time": 107.337,
          "Actual Total Time": 113.324,
          "Actual Rows": 4,
          "Actual Loops": 1,
          "Workers Planned": 3,
          "Workers Launched": 3,
          "Single Copy": false,
          "Plans": [
            {
              "Node Type": "Aggregate",
              "Strategy": "Plain",
              "Partial Mode": "Partial",
              "Parent Relationship": "Outer",
              "Parallel Aware": false,
              "Startup Cost": 32093.12,
              "Total Cost": 32093.13,
              "Plan Rows": 1,
              "Plan Width": 8,
              "Actual Startup Time": 100.04,
              "Actual Total Time": 100.041,
              "Actual Rows": 1,
              "Actual Loops": 4,
              "Plans": [
                {
                  "Node Type": "Seq Scan",
                  "Parent Relationship": "Outer",
                  "Parallel Aware": true,
                  "Relation Name": "movie_companies",
                  "Alias": "mc",
                  "Startup Cost": 0.0,
                  "Total Cost": 31414.82,
                  "Plan Rows": 271321,
                  "Plan Width": 0,
                  "Actual Startup Time": 51.187,
                  "Actual Total Time": 88.675,
                  "Actual Rows": 263605,
                  "Actual Loops": 4,
                  "Filter": "((company_id > 3749) AND (company_type_id > 1))",
                  "Rows Removed by Filter": 388678
                }
              ]
            }
          ]
        }
      ]
    },
    "Planning Time": 0.214,
    "Triggers": [],
    "Execution Time": 113.389
  }
]