{
    "Plan": {
        "Node Type": "Aggregate",
        "Strategy": "Plain",
        "Partial Mode": "Finalize",
        "Parallel Aware": false,
        "Startup Cost": 419843.41,
        "Total Cost": 419843.42,
        "Plan Rows": 1,
        "Plan Width": 8,
        "Actual Startup Time": 1842.927,
        "Actual Total Time": 1898.527,
        "Actual Rows": 1,
        "Actual Loops": 1,
        "Output": [
            "count(*)"
        ],
        "Plans": [
            {
                "Node Type": "Gather",
                "Parent Relationship": "Outer",
                "Parallel Aware": false,
                "Startup Cost": 419843.09,
                "Total Cost": 419843.4,
                "Plan Rows": 3,
                "Plan Width": 8,
                "Actual Startup Time": 1824.139,
                "Actual Total Time": 1898.515,
                "Actual Rows": 4,
                "Actual Loops": 1,
                "Output": [
                    "(PARTIAL count(*))"
                ],
                "Workers Planned": 3,
                "Workers Launched": 3,
                "Single Copy": false,
                "Plans": [
                    {
                        "Node Type": "Aggregate",
                        "Strategy": "Plain",
                        "Partial Mode": "Partial",
                        "Parent Relationship": "Outer",
                        "Parallel Aware": false,
                        "Startup Cost": 418843.09,
                        "Total Cost": 418843.1,
                        "Plan Rows": 1,
                        "Plan Width": 8,
                        "Actual Startup Time": 1814.904,
                        "Actual Total Time": 1815.49,
                        "Actual Rows": 1,
                        "Actual Loops": 4,
                        "Output": [
                            "PARTIAL count(*)"
                        ],
                        "Workers": [
                            {
                                "Worker Number": 0,
                                "Actual Startup Time": 1811.627,
                                "Actual Total Time": 1811.64,
                                "Actual Rows": 1,
                                "Actual Loops": 1
                            },
                            {
                                "Worker Number": 1,
                                "Actual Startup Time": 1811.194,
                                "Actual Total Time": 1811.201,
                                "Actual Rows": 1,
                                "Actual Loops": 1
                            },
                            {
                                "Worker Number": 2,
                                "Actual Startup Time": 1813.445,
                                "Actual Total Time": 1813.45,
                                "Actual Rows": 1,
                                "Actual Loops": 1
                            }
                        ],
                        "Plans": [
                            {
                                "Node Type": "Hash Join",
                                "Parent Relationship": "Outer",
                                "Parallel Aware": true,
                                "Join Type": "Inner",
                                "Startup Cost": 373264.08,
                                "Total Cost": 418313.49,
                                "Plan Rows": 211838,
                                "Plan Width": 0,
                                "Actual Startup Time": 1176.732,
                                "Actual Total Time": 1659.604,
                                "Actual Rows": 3701917,
                                "Actual Loops": 4,
                                "Inner Unique": false,
                                "Hash Cond": "(mk.movie_id = t.id)",
                                "Workers": [
                                    {
                                        "Worker Number": 0,
                                        "Actual Startup Time": 1174.498,
                                        "Actual Total Time": 1658.441,
                                        "Actual Rows": 4083449,
                                        "Actual Loops": 1
                                    },
                                    {
                                        "Worker Number": 1,
                                        "Actual Startup Time": 1174.058,
                                        "Actual Total Time": 1653.528,
                                        "Actual Rows": 2586902,
                                        "Actual Loops": 1
                                    },
                                    {
                                        "Worker Number": 2,
                                        "Actual Startup Time": 1173.718,
                                        "Actual Total Time": 1661.045,
                                        "Actual Rows": 4027122,
                                        "Actual Loops": 1
                                    }
                                ],
                                "Plans": [
                                    {
                                        "Node Type": "Seq Scan",
                                        "Parent Relationship": "Outer",
                                        "Parallel Aware": true,
                                        "Relation Name": "movie_keyword",
                                        "Schema": "public",
                                        "Alias": "mk",
                                        "Startup Cost": 0.0,
                                        "Total Cost": 39047.32,
                                        "Plan Rows": 1459332,
                                        "Plan Width": 4,
                                        "Actual Startup Time": 0.019,
                                        "Actual Total Time": 96.907,
                                        "Actual Rows": 1130982,
                                        "Actual Loops": 4,
                                        "Output": [
                                            "mk.id",
                                            "mk.movie_id",
                                            "mk.keyword_id"
                                        ],
                                        "Workers": [
                                            {
                                                "Worker Number": 0,
                                                "Actual Startup Time": 0.017,
                                                "Actual Total Time": 101.466,
                                                "Actual Rows": 1235430,
                                                "Actual Loops": 1
                                            },
                                            {
                                                "Worker Number": 1,
                                                "Actual Startup Time": 0.03,
                                                "Actual Total Time": 98.141,
                                                "Actual Rows": 741110,
                                                "Actual Loops": 1
                                            },
                                            {
                                                "Worker Number": 2,
                                                "Actual Startup Time": 0.02,
                                                "Actual Total Time": 103.06,
                                                "Actual Rows": 1243510,
                                                "Actual Loops": 1
                                            }
                                        ]
                                    },
                                    {
                                        "Node Type": "Hash",
                                        "Parent Relationship": "Inner",
                                        "Parallel Aware": true,
                                        "Startup Cost": 372117.17,
                                        "Total Cost": 372117.17,
                                        "Plan Rows": 91753,
                                        "Plan Width": 8,
                                        "Actual Startup Time": 1172.285,
                                        "Actual Total Time": 1172.867,
                                        "Actual Rows": 299426,
                                        "Actual Loops": 4,
                                        "Output": [
                                            "t.id",
                                            "ci.movie_id"
                                        ],
                                        "Hash Buckets": 2097152,
                                        "Original Hash Buckets": 524288,
                                        "Hash Batches": 1,
                                        "Original Hash Batches": 1,
                                        "Peak Memory Usage": 75584,
                                        "Workers": [
                                            {
                                                "Worker Number": 0,
                                                "Actual Startup Time": 1172.086,
                                                "Actual Total Time": 1172.09,
                                                "Actual Rows": 317606,
                                                "Actual Loops": 1
                                            },
                                            {
                                                "Worker Number": 1,
                                                "Actual Startup Time": 1171.71,
                                                "Actual Total Time": 1171.715,
                                                "Actual Rows": 216732,
                                                "Actual Loops": 1
                                            },
                                            {
                                                "Worker Number": 2,
                                                "Actual Startup Time": 1172.699,
                                                "Actual Total Time": 1172.702,
                                                "Actual Rows": 316310,
                                                "Actual Loops": 1
                                            }
                                        ],
                                        "Plans": [
                                            {
                                                "Node Type": "Hash Join",
                                                "Parent Relationship": "Outer",
                                                "Parallel Aware": true,
                                                "Join Type": "Inner",
                                                "Startup Cost": 323324.65,
                                                "Total Cost": 372117.17,
                                                "Plan Rows": 91753,
                                                "Plan Width": 8,
                                                "Actual Startup Time": 693.128,
                                                "Actual Total Time": 1049.943,
                                                "Actual Rows": 299426,
                                                "Actual Loops": 4,
                                                "Output": [
                                                    "t.id",
                                                    "ci.movie_id"
                                                ],
                                                "Inner Unique": false,
                                                "Hash Cond": "(t.id = ci.movie_id)",
                                                "Workers": [
                                                    {
                                                        "Worker Number": 0,
                                                        "Actual Startup Time": 693.011,
                                                        "Actual Total Time": 1050.967,
                                                        "Actual Rows": 317606,
                                                        "Actual Loops": 1
                                                    },
                                                    {
                                                        "Worker Number": 1,
                                                        "Actual Startup Time": 692.594,
                                                        "Actual Total Time": 1048.275,
                                                        "Actual Rows": 216732,
                                                        "Actual Loops": 1
                                                    },
                                                    {
                                                        "Worker Number": 2,
                                                        "Actual Startup Time": 693.408,
                                                        "Actual Total Time": 1050.55,
                                                        "Actual Rows": 316310,
                                                        "Actual Loops": 1
                                                    }
                                                ],
                                                "Plans": [
                                                    {
                                                        "Node Type": "Seq Scan",
                                                        "Parent Relationship": "Outer",
                                                        "Parallel Aware": true,
                                                        "Relation Name": "title",
                                                        "Schema": "public",
                                                        "Alias": "t",
                                                        "Startup Cost": 0.0,
                                                        "Total Cost": 42318.81,
                                                        "Plan Rows": 632080,
                                                        "Plan Width": 4,
                                                        "Actual Startup Time": 0.012,
                                                        "Actual Total Time": 81.845,
                                                        "Actual Rows": 632078,
                                                        "Actual Loops": 4,
                                                        "Output": [
                                                            "t.id",
                                                            "t.title",
                                                            "t.imdb_index",
                                                            "t.kind_id",
                                                            "t.production_year",
                                                            "t.imdb_id",
                                                            "t.phonetic_code",
                                                            "t.episode_of_id",
                                                            "t.season_nr",
                                                            "t.episode_nr",
                                                            "t.series_years",
                                                            "t.md5sum"
                                                        ],
                                                        "Workers": [
                                                            {
                                                                "Worker Number": 0,
                                                                "Actual Startup Time": 0.007,
                                                                "Actual Total Time": 84.779,
                                                                "Actual Rows": 668994,
                                                                "Actual Loops": 1
                                                            },
                                                            {
                                                                "Worker Number": 1,
                                                                "Actual Startup Time": 0.024,
                                                                "Actual Total Time": 90.252,
                                                                "Actual Rows": 452655,
                                                                "Actual Loops": 1
                                                            },
                                                            {
                                                                "Worker Number": 2,
                                                                "Actual Startup Time": 0.013,
                                                                "Actual Total Time": 84.856,
                                                                "Actual Rows": 669200,
                                                                "Actual Loops": 1
                                                            }
                                                        ]
                                                    },
                                                    {
                                                        "Node Type": "Hash",
                                                        "Parent Relationship": "Inner",
                                                        "Parallel Aware": true,
                                                        "Startup Cost": 322560.04,
                                                        "Total Cost": 322560.04,
                                                        "Plan Rows": 61169,
                                                        "Plan Width": 4,
                                                        "Actual Startup Time": 691.263,
                                                        "Actual Total Time": 691.264,
                                                        "Actual Rows": 299426,
                                                        "Actual Loops": 4,
                                                        "Output": [
                                                            "ci.movie_id"
                                                        ],
                                                        "Hash Buckets": 2097152,
                                                        "Original Hash Buckets": 524288,
                                                        "Hash Batches": 1,
                                                        "Original Hash Batches": 1,
                                                        "Peak Memory Usage": 75584,
                                                        "Workers": [
                                                            {
                                                                "Worker Number": 0,
                                                                "Actual Startup Time": 692.932,
                                                                "Actual Total Time": 692.933,
                                                                "Actual Rows": 320022,
                                                                "Actual Loops": 1
                                                            },
                                                            {
                                                                "Worker Number": 1,
                                                                "Actual Startup Time": 692.455,
                                                                "Actual Total Time": 692.456,
                                                                "Actual Rows": 196999,
                                                                "Actual Loops": 1
                                                            },
                                                            {
                                                                "Worker Number": 2,
                                                                "Actual Startup Time": 693.326,
                                                                "Actual Total Time": 693.327,
                                                                "Actual Rows": 314685,
                                                                "Actual Loops": 1
                                                            }
                                                        ],
                                                        "Plans": [
                                                            {
                                                                "Node Type": "Index Scan",
                                                                "Parent Relationship": "Outer",
                                                                "Parallel Aware": true,
                                                                "Scan Direction": "Forward",
                                                                "Index Name": "role_id_cast_info",
                                                                "Relation Name": "cast_info",
                                                                "Schema": "public",
                                                                "Alias": "ci",
                                                                "Startup Cost": 0.56,
                                                                "Total Cost": 322560.04,
                                                                "Plan Rows": 61169,
                                                                "Plan Width": 4,
                                                                "Actual Startup Time": 434.808,
                                                                "Actual Total Time": 550.131,
                                                                "Actual Rows": 299426,
                                                                "Actual Loops": 4,
                                                                "Output": [
                                                                    "ci.movie_id"
                                                                ],
                                                                "Index Cond": "(ci.role_id > 3)",
                                                                "Rows Removed by Index Recheck": 0,
                                                                "Filter": "(ci.person_id > 3829624)",
                                                                "Rows Removed by Filter": 2728986,
                                                                "Workers": [
                                                                    {
                                                                        "Worker Number": 0,
                                                                        "Actual Startup Time": 434.806,
                                                                        "Actual Total Time": 552.071,
                                                                        "Actual Rows": 320022,
                                                                        "Actual Loops": 1
                                                                    },
                                                                    {
                                                                        "Worker Number": 1,
                                                                        "Actual Startup Time": 434.786,
                                                                        "Actual Total Time": 551.815,
                                                                        "Actual Rows": 196999,
                                                                        "Actual Loops": 1
                                                                    },
                                                                    {
                                                                        "Worker Number": 2,
                                                                        "Actual Startup Time": 434.776,
                                                                        "Actual Total Time": 551.869,
                                                                        "Actual Rows": 314685,
                                                                        "Actual Loops": 1
                                                                    }
                                                                ]
                                                            }
                                                        ]
                                                    }
                                                ]
                                            }
                                        ]
                                    }
                                ]
                            }
                        ]
                    }
                ]
            }
        ]
    },
    "Planning Time": 1.55,
    "Triggers": [],
    "Execution Time": 1898.624
}