{
  "Plan": {
    "Node Type": "Aggregate",
    "Strategy": "Plain",
    "Partial Mode": "Finalize",
    "Parallel Aware": false,
    "Startup Cost": 116347.47,
    "Total Cost": 116347.48,
    "Plan Rows": 1,
    "Plan Width": 8,
    "Actual Startup Time": 412.188,
    "Actual Total Time": 429.615,
    "Actual Rows": 1,
    "Actual Loops": 1,
    "Plans": [
      {
        "Node Type": "Gather",
        "Parent Relationship": "Outer",
        "Parallel Aware": false,
        "Startup Cost": 116347.36,
        "Total Cost": 116347.47,
        "Plan Rows": 1,
        "Plan Width": 8,
        "Actual Startup Time": 411.19,
        "Actual Total Time": 429.608,
        "Actual Rows": 2,
        "Actual Loops": 1,
        "Workers Planned": 1,
        "Workers Launched": 1,
        "Single Copy": false,
        "Plans": [
          {
            "Node Type": "Aggregate",
            "Strategy": "Plain",
            "Partial Mode": "Partial",
            "Parent Relationship": "Outer",
            "Parallel Aware": false,
            "Startup Cost": 115347.36,
            "Total Cost": 115347.37,
            "Plan Rows": 1,
            "Plan Width": 8,
            "Actual Startup Time": 405.152,
            "Actual Total Time": 405.156,
            "Actual Rows": 1,
            "Actual Loops": 2,
            "Plans": [
              {
                "Node Type": "Hash Join",
                "Parent Relationship": "Outer",
                "Parallel Aware": true,
                "Join Type": "Inner",
                "Startup Cost": 82138.87,
                "Total Cost": 115075.31,
                "Plan Rows": 108818,
                "Plan Width": 0,
                "Actual Startup Time": 244.199,
                "Actual Total Time": 404.156,
                "Actual Rows": 16424,
                "Actual Loops": 2,
                "Inner Unique": true,
                "Hash Cond": "(mk.movie_id = t.id)",
                "Plans": [
                  {
                    "Node Type": "Bitmap Heap Scan",
                    "Parent Relationship": "Outer",
                    "Parallel Aware": true,
                    "Relation Name": "movie_keyword",
                    "Alias": "mk",
                    "Startup Cost": 20225.27,
                    "Total Cost": 51689.56,
                    "Plan Rows": 560823,
                    "Plan Width": 4,
                    "Actual Startup Time": 48.52,
                    "Actual Total Time": 139.584,
                    "Actual Rows": 477324,
                    "Actual Loops": 2,
                    "Recheck Cond": "(keyword_id < 894)",
                    "Rows Removed by Index Recheck": 0,
                    "Exact Heap Blocks": 13971,
                    "Lossy Heap Blocks": 0,
                    "Plans": [
                      {
                        "Node Type": "Bitmap Index Scan",
                        "Parent Relationship": "Outer",
                        "Parallel Aware": false,
                        "Index Name": "keyword_id_movie_keyword",
                        "Startup Cost": 0.0,
                        "Total Cost": 19986.92,
                        "Plan Rows": 953399,
                        "Plan Width": 0,
                        "Actual Startup Time": 44.804,
                        "Actual Total Time": 44.805,
                        "Actual Rows": 954647,
                        "Actual Loops": 1,
                        "Index Cond": "(keyword_id < 894)"
                      }
                    ]
                  },
                  {
                    "Node Type": "Hash",
                    "Parent Relationship": "Inner",
                    "Parallel Aware": true,
                    "Startup Cost": 58306.47,
                    "Total Cost": 58306.47,
                    "Plan Rows": 288570,
                    "Plan Width": 4,
                    "Actual Startup Time": 189.315,
                    "Actual Total Time": 189.316,
                    "Actual Rows": 189672,
                    "Actual Loops": 2,
                    "Hash Buckets": 524288,
                    "Original Hash Buckets": 524288,
                    "Hash Batches": 1,
                    "Original Hash Batches": 1,
                    "Peak Memory Usage": 18976,
                    "Plans": [
                      {
                        "Node Type": "Seq Scan",
                        "Parent Relationship": "Outer",
                        "Parallel Aware": true,
                        "Relation Name": "title",
                        "Alias": "t",
                        "Startup Cost": 0.0,
                        "Total Cost": 58306.47,
                        "Plan Rows": 288570,
                        "Plan Width": 4,
                        "Actual Startup Time": 0.03,
                        "Actual Total Time": 145.305,
                        "Actual Rows": 189672,
                        "Actual Loops": 2,
                        "Filter": "((production_year < 1995) AND (kind_id = 7))",
                        "Rows Removed by Filter": 1074484
                      }
                    ]
                  }
                ]
              }
            ]
          }
        ]
      }
    ]
  },
  "Planning Time": 0.612,
  "Triggers": [],
  "Execution Time": 429.708
}