[
  {
    "Plan": {
      "Node Type": "Aggregate",
      "Strategy": "Plain",
      "Partial Mode": "Finalize",
      "Parallel Aware": false,
      "Startup Cost": 46109.96,
      "Total Cost": 46109.97,
      "Plan Rows": 1,
      "Plan Width": 8,
      "Actual Startup Time": 172.065,
      "Actual Total Time": 181.477,
      "Actual Rows": 1,
      "Actual Loops": 1,
      "Plans": [
        {
          "Node Type": "Gather",
          "Parent Relationship": "Outer",
          "Parallel Aware": false,
          "Startup Cost": 46109.64,
          "Total Cost": 46109.95,
          "Plan Rows": 3,
          "Plan Width": 8,
          "Actual Startup Time": 171.945,
          "Actual Total Time": 181.466,
          "Actual Rows": 4,
          "Actual Loops": 1,
          "Workers Planned": 3,
          "Workers Launched": 3,
          "Single Copy": false,
          "Plans": [
            {
              "Node Type": "Aggregate",
              "Strategy": "Plain",
              "Partial Mode": "Partial",
              "Parent Relationship": "Outer",
              "Parallel Aware": false,
              "Startup Cost": 45109.64,
              "Total Cost": 45109.65,
              "Plan Rows": 1,
              "Plan Width": 8,
              "Actual Startup Time": 163.429,
              "Actual Total Time": 163.43,
              "Actual Rows": 1,
              "Actual Loops": 4,
              "Plans": [
                {
                  "Node Type": "Seq Scan",
                  "Parent Relationship": "Outer",
                  "Parallel Aware": true,
                  "Relation Name": "movie_keyword",
                  "Alias": "mk",
                  "Startup Cost": 0.0,
                  "Total Cost": 42695.65,
                  "Plan Rows": 965594,
                  "Plan Width": 0,
                  "Actual Startup Time": 0.063,
                  "Actual Total Time": 127.626,
                  "Actual Rows": 747169,
                  "Actual Loops": 4,
                  "Filter": "(keyword_id < 10373)",
                  "Rows Removed by Filter": 383814
                }
              ]
            }
          ]
        }
      ]
    },
    "Planning Time": 0.199,
    "Triggers": [],
    "Execution Time": 181.541
  }
]