[
  {
    "Plan": {
      "Node Type": "Aggregate",
      "Strategy": "Plain",
      "Partial Mode": "Finalize",
      "Parallel Aware": false,
      "Startup Cost": 46372.77,
      "Total Cost": 46372.78,
      "Plan Rows": 1,
      "Plan Width": 8,
      "Actual Startup Time": 150.809,
      "Actual Total Time": 158.764,
      "Actual Rows": 1,
      "Actual Loops": 1,
      "Plans": [
        {
          "Node Type": "Gather",
          "Parent Relationship": "Outer",
          "Parallel Aware": false,
          "Startup Cost": 46372.46,
          "Total Cost": 46372.77,
          "Plan Rows": 3,
          "Plan Width": 8,
          "Actual Startup Time": 150.723,
          "Actual Total Time": 158.758,
          "Actual Rows": 4,
          "Actual Loops": 1,
          "Workers Planned": 3,
          "Workers Launched": 3,
          "Single Copy": false,
          "Plans": [
            {
              "Node Type": "Aggregate",
              "Strategy": "Plain",
              "Partial Mode": "Partial",
              "Parent Relationship": "Outer",
              "Parallel Aware": false,
              "Startup Cost": 45372.46,
              "Total Cost": 45372.47,
              "Plan Rows": 1,
              "Plan Width": 8,
              "Actual Startup Time": 147.239,
              "Actual Total Time": 147.24,
              "Actual Rows": 1,
              "Actual Loops": 4,
              "Plans": [
                {
                  "Node Type": "Seq Scan",
                  "Parent Relationship": "Outer",
                  "Parallel Aware": true,
                  "Relation Name": "movie_keyword",
                  "Alias": "mk",
                  "Startup Cost": 0.0,
                  "Total Cost": 42695.65,
                  "Plan Rows": 1070721,
                  "Plan Width": 0,
                  "Actual Startup Time": 0.02,
                  "Actual Total Time": 109.153,
                  "Actual Rows": 835578,
                  "Actual Loops": 4,
                  "Filter": "(keyword_id < 15782)",
                  "Rows Removed by Filter": 295405
                }
              ]
            }
          ]
        }
      ]
    },
    "Planning Time": 0.101,
    "Triggers": [],
    "Execution Time": 158.792
  }
]