[
  {
    "Plan": {
      "Node Type": "Aggregate",
      "Strategy": "Plain",
      "Partial Mode": "Finalize",
      "Parallel Aware": false,
      "Startup Cost": 339532.81,
      "Total Cost": 339532.82,
      "Plan Rows": 1,
      "Plan Width": 8,
      "Actual Startup Time": 786.975,
      "Actual Total Time": 833.362,
      "Actual Rows": 1,
      "Actual Loops": 1,
      "Plans": [
        {
          "Node Type": "Gather",
          "Parent Relationship": "Outer",
          "Parallel Aware": false,
          "Startup Cost": 339532.19,
          "Total Cost": 339532.8,
          "Plan Rows": 6,
          "Plan Width": 8,
          "Actual Startup Time": 786.782,
          "Actual Total Time": 833.344,
          "Actual Rows": 7,
          "Actual Loops": 1,
          "Workers Planned": 6,
          "Workers Launched": 6,
          "Single Copy": false,
          "Plans": [
            {
              "Node Type": "Aggregate",
              "Strategy": "Plain",
              "Partial Mode": "Partial",
              "Parent Relationship": "Outer",
              "Parallel Aware": false,
              "Startup Cost": 338532.19,
              "Total Cost": 338532.2,
              "Plan Rows": 1,
              "Plan Width": 8,
              "Actual Startup Time": 778.977,
              "Actual Total Time": 778.978,
              "Actual Rows": 1,
              "Actual Loops": 7,
              "Plans": [
                {
                  "Node Type": "Seq Scan",
                  "Parent Relationship": "Outer",
                  "Parallel Aware": true,
                  "Relation Name": "cast_info",
                  "Alias": "ci",
                  "Startup Cost": 0.0,
                  "Total Cost": 328211.39,
                  "Plan Rows": 4128318,
                  "Plan Width": 0,
                  "Actual Startup Time": 0.052,
                  "Actual Total Time": 609.973,
                  "Actual Rows": 3556148,
                  "Actual Loops": 7,
                  "Filter": "(person_id < 2564509)",
                  "Rows Removed by Filter": 1621615
                }
              ]
            }
          ]
        }
      ]
    },
    "Planning Time": 0.107,
    "Triggers": [],
    "Execution Time": 833.407
  }
]