[
    {
        "Bao": {
            "Bao prediction": "NaN",
            "Bao recommended hint": "(no hint)"
        }
    },
    {
        "Plan": {
            "Node Type": "Aggregate",
            "Strategy": "Plain",
            "Partial Mode": "Simple",
            "Parallel Aware": false,
            "Startup Cost": 21885.48,
            "Total Cost": 21885.49,
            "Plan Rows": 1,
            "Plan Width": 8,
            "Actual Startup Time": 31.466,
            "Actual Total Time": 31.468,
            "Actual Rows": 1,
            "Actual Loops": 1,
            "Output": [
                "count(*)"
            ],
            "Plans": [
                {
                    "Node Type": "Bitmap Heap Scan",
                    "Parent Relationship": "Outer",
                    "Parallel Aware": false,
                    "Relation Name": "movie_companies",
                    "Schema": "public",
                    "Alias": "mc",
                    "Startup Cost": 1830.17,
                    "Total Cost": 21674.6,
                    "Plan Rows": 84354,
                    "Plan Width": 0,
                    "Actual Startup Time": 6.967,
                    "Actual Total Time": 26.24,
                    "Actual Rows": 86256,
                    "Actual Loops": 1,
                    "Recheck Cond": "(mc.company_id > 166012)",
                    "Rows Removed by Index Recheck": 0,
                    "Exact Heap Blocks": 2868,
                    "Lossy Heap Blocks": 0,
                    "Plans": [
                        {
                            "Node Type": "Bitmap Index Scan",
                            "Parent Relationship": "Outer",
                            "Parallel Aware": false,
                            "Index Name": "company_id_movie_companies",
                            "Startup Cost": 0.0,
                            "Total Cost": 1809.09,
                            "Plan Rows": 84354,
                            "Plan Width": 0,
                            "Actual Startup Time": 6.265,
                            "Actual Total Time": 6.265,
                            "Actual Rows": 86256,
                            "Actual Loops": 1,
                            "Index Cond": "(mc.company_id > 166012)"
                        }
                    ]
                }
            ]
        },
        "Planning Time": 216.631,
        "Triggers": [],
        "Execution Time": 31.521
    }
]