[
  {
    "Plan": {
      "Node Type": "Aggregate",
      "Strategy": "Plain",
      "Partial Mode": "Finalize",
      "Parallel Aware": false,
      "Startup Cost": 46395.87,
      "Total Cost": 46395.88,
      "Plan Rows": 1,
      "Plan Width": 8,
      "Actual Startup Time": 184.834,
      "Actual Total Time": 192.824,
      "Actual Rows": 1,
      "Actual Loops": 1,
      "Plans": [
        {
          "Node Type": "Gather",
          "Parent Relationship": "Outer",
          "Parallel Aware": false,
          "Startup Cost": 46395.55,
          "Total Cost": 46395.86,
          "Plan Rows": 3,
          "Plan Width": 8,
          "Actual Startup Time": 184.745,
          "Actual Total Time": 192.814,
          "Actual Rows": 4,
          "Actual Loops": 1,
          "Workers Planned": 3,
          "Workers Launched": 3,
          "Single Copy": false,
          "Plans": [
            {
              "Node Type": "Aggregate",
              "Strategy": "Plain",
              "Partial Mode": "Partial",
              "Parent Relationship": "Outer",
              "Parallel Aware": false,
              "Startup Cost": 45395.55,
              "Total Cost": 45395.56,
              "Plan Rows": 1,
              "Plan Width": 8,
              "Actual Startup Time": 177.502,
              "Actual Total Time": 177.503,
              "Actual Rows": 1,
              "Actual Loops": 4,
              "Plans": [
                {
                  "Node Type": "Seq Scan",
                  "Parent Relationship": "Outer",
                  "Parallel Aware": true,
                  "Relation Name": "movie_keyword",
                  "Alias": "mk",
                  "Startup Cost": 0.0,
                  "Total Cost": 42695.65,
                  "Plan Rows": 1079959,
                  "Plan Width": 0,
                  "Actual Startup Time": 0.048,
                  "Actual Total Time": 132.741,
                  "Actual Rows": 834970,
                  "Actual Loops": 4,
                  "Filter": "(keyword_id < 15712)",
                  "Rows Removed by Filter": 296012
                }
              ]
            }
          ]
        }
      ]
    },
    "Planning Time": 0.171,
    "Triggers": [],
    "Execution Time": 192.879
  }
]