[
  {
    "Plan": {
      "Node Type": "Aggregate",
      "Strategy": "Plain",
      "Partial Mode": "Finalize",
      "Parallel Aware": false,
      "Startup Cost": 44989.67,
      "Total Cost": 44989.68,
      "Plan Rows": 1,
      "Plan Width": 8,
      "Actual Startup Time": 92.681,
      "Actual Total Time": 103.714,
      "Actual Rows": 1,
      "Actual Loops": 1,
      "Plans": [
        {
          "Node Type": "Gather",
          "Parent Relationship": "Outer",
          "Parallel Aware": false,
          "Startup Cost": 44989.25,
          "Total Cost": 44989.66,
          "Plan Rows": 4,
          "Plan Width": 8,
          "Actual Startup Time": 92.426,
          "Actual Total Time": 103.707,
          "Actual Rows": 5,
          "Actual Loops": 1,
          "Workers Planned": 4,
          "Workers Launched": 4,
          "Single Copy": false,
          "Plans": [
            {
              "Node Type": "Aggregate",
              "Strategy": "Plain",
              "Partial Mode": "Partial",
              "Parent Relationship": "Outer",
              "Parallel Aware": false,
              "Startup Cost": 43989.25,
              "Total Cost": 43989.26,
              "Plan Rows": 1,
              "Plan Width": 8,
              "Actual Startup Time": 84.715,
              "Actual Total Time": 84.716,
              "Actual Rows": 1,
              "Actual Loops": 5,
              "Plans": [
                {
                  "Node Type": "Seq Scan",
                  "Parent Relationship": "Outer",
                  "Parallel Aware": true,
                  "Relation Name": "title",
                  "Alias": "t",
                  "Startup Cost": 0.0,
                  "Total Cost": 43898.92,
                  "Plan Rows": 36134,
                  "Plan Width": 0,
                  "Actual Startup Time": 0.048,
                  "Actual Total Time": 82.547,
                  "Actual Rows": 28341,
                  "Actual Loops": 5,
                  "Filter": "(production_year = 2010)",
                  "Rows Removed by Filter": 477322
                }
              ]
            }
          ]
        }
      ]
    },
    "Planning Time": 0.121,
    "Triggers": [],
    "Execution Time": 103.762
  }
]