[
  {
    "Plan": {
      "Node Type": "Aggregate",
      "Strategy": "Plain",
      "Partial Mode": "Finalize",
      "Parallel Aware": false,
      "Startup Cost": 347267.14,
      "Total Cost": 347267.15,
      "Plan Rows": 1,
      "Plan Width": 8,
      "Actual Startup Time": 632.227,
      "Actual Total Time": 698.054,
      "Actual Rows": 1,
      "Actual Loops": 1,
      "Plans": [
        {
          "Node Type": "Gather",
          "Parent Relationship": "Outer",
          "Parallel Aware": false,
          "Startup Cost": 347266.51,
          "Total Cost": 347267.12,
          "Plan Rows": 6,
          "Plan Width": 8,
          "Actual Startup Time": 632.095,
          "Actual Total Time": 698.042,
          "Actual Rows": 7,
          "Actual Loops": 1,
          "Workers Planned": 6,
          "Workers Launched": 6,
          "Single Copy": false,
          "Plans": [
            {
              "Node Type": "Aggregate",
              "Strategy": "Plain",
              "Partial Mode": "Partial",
              "Parent Relationship": "Outer",
              "Parallel Aware": false,
              "Startup Cost": 346266.51,
              "Total Cost": 346266.52,
              "Plan Rows": 1,
              "Plan Width": 8,
              "Actual Startup Time": 624.778,
              "Actual Total Time": 624.779,
              "Actual Rows": 1,
              "Actual Loops": 7,
              "Plans": [
                {
                  "Node Type": "Seq Scan",
                  "Parent Relationship": "Outer",
                  "Parallel Aware": true,
                  "Relation Name": "cast_info",
                  "Alias": "ci",
                  "Startup Cost": 0.0,
                  "Total Cost": 343257.03,
                  "Plan Rows": 1203793,
                  "Plan Width": 0,
                  "Actual Startup Time": 225.007,
                  "Actual Total Time": 605.758,
                  "Actual Rows": 440722,
                  "Actual Loops": 7,
                  "Filter": "((person_id < 1083206) AND (role_id > 1))",
                  "Rows Removed by Filter": 4737042
                }
              ]
            }
          ]
        }
      ]
    },
    "Planning Time": 0.271,
    "Triggers": [],
    "Execution Time": 698.132
  }
]