[
  {
    "Plan": {
      "Node Type": "Aggregate",
      "Strategy": "Plain",
      "Partial Mode": "Finalize",
      "Parallel Aware": false,
      "Startup Cost": 93113.11,
      "Total Cost": 93113.12,
      "Plan Rows": 1,
      "Plan Width": 8,
      "Actual Startup Time": 292.52,
      "Actual Total Time": 301.056,
      "Actual Rows": 1,
      "Actual Loops": 1,
      "Plans": [
        {
          "Node Type": "Gather",
          "Parent Relationship": "Outer",
          "Parallel Aware": false,
          "Startup Cost": 93112.79,
          "Total Cost": 93113.1,
          "Plan Rows": 3,
          "Plan Width": 8,
          "Actual Startup Time": 288.601,
          "Actual Total Time": 301.047,
          "Actual Rows": 4,
          "Actual Loops": 1,
          "Workers Planned": 3,
          "Workers Launched": 3,
          "Single Copy": false,
          "Plans": [
            {
              "Node Type": "Aggregate",
              "Strategy": "Plain",
              "Partial Mode": "Partial",
              "Parent Relationship": "Outer",
              "Parallel Aware": false,
              "Startup Cost": 92112.79,
              "Total Cost": 92112.8,
              "Plan Rows": 1,
              "Plan Width": 8,
              "Actual Startup Time": 283.757,
              "Actual Total Time": 283.76,
              "Actual Rows": 1,
              "Actual Loops": 4,
              "Plans": [
                {
                  "Node Type": "Hash Join",
                  "Parent Relationship": "Outer",
                  "Parallel Aware": true,
                  "Join Type": "Inner",
                  "Startup Cost": 48170.66,
                  "Total Cost": 91807.46,
                  "Plan Rows": 122133,
                  "Plan Width": 0,
                  "Actual Startup Time": 143.677,
                  "Actual Total Time": 275.349,
                  "Actual Rows": 181592,
                  "Actual Loops": 4,
                  "Inner Unique": true,
                  "Hash Cond": "(mk.movie_id = t.id)",
                  "Plans": [
                    {
                      "Node Type": "Seq Scan",
                      "Parent Relationship": "Outer",
                      "Parallel Aware": true,
                      "Relation Name": "movie_keyword",
                      "Alias": "mk",
                      "Startup Cost": 0.0,
                      "Total Cost": 42695.65,
                      "Plan Rows": 358532,
                      "Plan Width": 4,
                      "Actual Startup Time": 0.993,
                      "Actual Total Time": 86.287,
                      "Actual Rows": 271128,
                      "Actual Loops": 4,
                      "Filter": "(keyword_id > 16302)",
                      "Rows Removed by Filter": 859854
                    },
                    {
                      "Node Type": "Hash",
                      "Parent Relationship": "Inner",
                      "Parallel Aware": true,
                      "Startup Cost": 45479.21,
                      "Total Cost": 45479.21,
                      "Plan Rows": 215316,
                      "Plan Width": 4,
                      "Actual Startup Time": 140.217,
                      "Actual Total Time": 140.218,
                      "Actual Rows": 193586,
                      "Actual Loops": 4,
                      "Hash Buckets": 1048576,
                      "Original Hash Buckets": 1048576,
                      "Hash Batches": 1,
                      "Original Hash Batches": 1,
                      "Peak Memory Usage": 38560,
                      "Plans": [
                        {
                          "Node Type": "Seq Scan",
                          "Parent Relationship": "Outer",
                          "Parallel Aware": true,
                          "Relation Name": "title",
                          "Alias": "t",
                          "Startup Cost": 0.0,
                          "Total Cost": 45479.21,
                          "Plan Rows": 215316,
                          "Plan Width": 4,
                          "Actual Startup Time": 0.019,
                          "Actual Total Time": 83.594,
                          "Actual Rows": 193586,
                          "Actual Loops": 4,
                          "Filter": "((kind_id < 7) AND (production_year > 1961))",
                          "Rows Removed by Filter": 438492
                        }
                      ]
                    }
                  ]
                }
              ]
            }
          ]
        }
      ]
    },
    "Planning Time": 0.227,
    "Triggers": [],
    "Execution Time": 301.085
  }
]