{
  "Plan": {
    "Node Type": "Aggregate",
    "Strategy": "Plain",
    "Partial Mode": "Finalize",
    "Parallel Aware": false,
    "Startup Cost": 666389.87,
    "Total Cost": 666389.88,
    "Plan Rows": 1,
    "Plan Width": 8,
    "Actual Startup Time": 2184.556,
    "Actual Total Time": 2230.54,
    "Actual Rows": 1,
    "Actual Loops": 1,
    "Plans": [
      {
        "Node Type": "Gather",
        "Parent Relationship": "Outer",
        "Parallel Aware": false,
        "Startup Cost": 666389.76,
        "Total Cost": 666389.87,
        "Plan Rows": 1,
        "Plan Width": 8,
        "Actual Startup Time": 2181.355,
        "Actual Total Time": 2230.529,
        "Actual Rows": 2,
        "Actual Loops": 1,
        "Workers Planned": 1,
        "Workers Launched": 1,
        "Single Copy": false,
        "Plans": [
          {
            "Node Type": "Aggregate",
            "Strategy": "Plain",
            "Partial Mode": "Partial",
            "Parent Relationship": "Outer",
            "Parallel Aware": false,
            "Startup Cost": 665389.76,
            "Total Cost": 665389.77,
            "Plan Rows": 1,
            "Plan Width": 8,
            "Actual Startup Time": 2175.317,
            "Actual Total Time": 2175.944,
            "Actual Rows": 1,
            "Actual Loops": 2,
            "Plans": [
              {
                "Node Type": "Hash Join",
                "Parent Relationship": "Outer",
                "Parallel Aware": true,
                "Join Type": "Inner",
                "Startup Cost": 377707.11,
                "Total Cost": 663527.79,
                "Plan Rows": 744788,
                "Plan Width": 0,
                "Actual Startup Time": 851.912,
                "Actual Total Time": 2112.578,
                "Actual Rows": 1614810,
                "Actual Loops": 2,
                "Inner Unique": false,
                "Hash Cond": "(mi.movie_id = t.id)",
                "Plans": [
                  {
                    "Node Type": "Seq Scan",
                    "Parent Relationship": "Outer",
                    "Parallel Aware": true,
                    "Relation Name": "movie_info",
                    "Alias": "mi",
                    "Startup Cost": 0.0,
                    "Total Cost": 270696.42,
                    "Plan Rows": 2864842,
                    "Plan Width": 4,
                    "Actual Startup Time": 0.035,
                    "Actual Total Time": 670.595,
                    "Actual Rows": 2461983,
                    "Actual Loops": 2,
                    "Filter": "(info_type_id < 5)",
                    "Rows Removed by Filter": 4955877
                  },
                  {
                    "Node Type": "Hash",
                    "Parent Relationship": "Inner",
                    "Parallel Aware": true,
                    "Startup Cost": 372874.07,
                    "Total Cost": 372874.07,
                    "Plan Rows": 386643,
                    "Plan Width": 8,
                    "Actual Startup Time": 840.847,
                    "Actual Total Time": 841.473,
                    "Actual Rows": 296378,
                    "Actual Loops": 2,
                    "Hash Buckets": 1048576,
                    "Original Hash Buckets": 1048576,
                    "Hash Batches": 1,
                    "Original Hash Batches": 1,
                    "Peak Memory Usage": 31424,
                    "Plans": [
                      {
                        "Node Type": "Hash Join",
                        "Parent Relationship": "Outer",
                        "Parallel Aware": true,
                        "Join Type": "Inner",
                        "Startup Cost": 104395.23,
                        "Total Cost": 372874.07,
                        "Plan Rows": 386643,
                        "Plan Width": 8,
                        "Actual Startup Time": 363.758,
                        "Actual Total Time": 745.302,
                        "Actual Rows": 296378,
                        "Actual Loops": 2,
                        "Inner Unique": true,
                        "Hash Cond": "(ci.movie_id = t.id)",
                        "Plans": [
                          {
                            "Node Type": "Bitmap Heap Scan",
                            "Parent Relationship": "Outer",
                            "Parallel Aware": true,
                            "Relation Name": "cast_info",
                            "Alias": "ci",
                            "Startup Cost": 39204.44,
                            "Total Cost": 304942.55,
                            "Plan Rows": 1044089,
                            "Plan Width": 4,
                            "Actual Startup Time": 58.276,
                            "Actual Total Time": 173.741,
                            "Actual Rows": 860285,
                            "Actual Loops": 2,
                            "Recheck Cond": "(person_id > 3720983)",
                            "Rows Removed by Index Recheck": 0,
                            "Exact Heap Blocks": 12955,
                            "Lossy Heap Blocks": 0,
                            "Plans": [
                              {
                                "Node Type": "Bitmap Index Scan",
                                "Parent Relationship": "Outer",
                                "Parallel Aware": false,
                                "Index Name": "person_id_cast_info",
                                "Startup Cost": 0.0,
                                "Total Cost": 38760.7,
                                "Plan Rows": 1774951,
                                "Plan Width": 0,
                                "Actual Startup Time": 54.458,
                                "Actual Total Time": 54.458,
                                "Actual Rows": 1720570,
                                "Actual Loops": 1,
                                "Index Cond": "(person_id > 3720983)"
                              }
                            ]
                          },
                          {
                            "Node Type": "Hash",
                            "Parent Relationship": "Inner",
                            "Parallel Aware": true,
                            "Startup Cost": 58306.47,
                            "Total Cost": 58306.47,
                            "Plan Rows": 550746,
                            "Plan Width": 4,
                            "Actual Startup Time": 300.073,
                            "Actual Total Time": 300.074,
                            "Actual Rows": 475346,
                            "Actual Loops": 2,
                            "Hash Buckets": 1048576,
                            "Original Hash Buckets": 1048576,
                            "Hash Batches": 1,
                            "Original Hash Batches": 1,
                            "Peak Memory Usage": 45408,
                            "Plans": [
                              {
                                "Node Type": "Seq Scan",
                                "Parent Relationship": "Outer",
                                "Parallel Aware": true,
                                "Relation Name": "title",
                                "Alias": "t",
                                "Startup Cost": 0.0,
                                "Total Cost": 58306.47,
                                "Plan Rows": 550746,
                                "Plan Width": 4,
                                "Actual Startup Time": 0.055,
                                "Actual Total Time": 159.835,
                                "Actual Rows": 475346,
                                "Actual Loops": 2,
                                "Filter": "((kind_id < 7) AND (production_year < 2013))",
                                "Rows Removed by Filter": 788810
                              }
                            ]
                          }
                        ]
                      }
                    ]
                  }
                ]
              }
            ]
          }
        ]
      }
    ]
  },
  "Planning Time": 0.968,
  "Triggers": [],
  "Execution Time": 2230.649
}