[
  {
    "Plan": {
      "Node Type": "Aggregate",
      "Strategy": "Plain",
      "Partial Mode": "Finalize",
      "Parallel Aware": false,
      "Startup Cost": 344298.64,
      "Total Cost": 344298.65,
      "Plan Rows": 1,
      "Plan Width": 8,
      "Actual Startup Time": 901.075,
      "Actual Total Time": 945.961,
      "Actual Rows": 1,
      "Actual Loops": 1,
      "Plans": [
        {
          "Node Type": "Gather",
          "Parent Relationship": "Outer",
          "Parallel Aware": false,
          "Startup Cost": 344298.02,
          "Total Cost": 344298.63,
          "Plan Rows": 6,
          "Plan Width": 8,
          "Actual Startup Time": 900.89,
          "Actual Total Time": 945.947,
          "Actual Rows": 7,
          "Actual Loops": 1,
          "Workers Planned": 6,
          "Workers Launched": 6,
          "Single Copy": false,
          "Plans": [
            {
              "Node Type": "Aggregate",
              "Strategy": "Plain",
              "Partial Mode": "Partial",
              "Parent Relationship": "Outer",
              "Parallel Aware": false,
              "Startup Cost": 343298.02,
              "Total Cost": 343298.03,
              "Plan Rows": 1,
              "Plan Width": 8,
              "Actual Startup Time": 893.919,
              "Actual Total Time": 893.921,
              "Actual Rows": 1,
              "Actual Loops": 7,
              "Plans": [
                {
                  "Node Type": "Seq Scan",
                  "Parent Relationship": "Outer",
                  "Parallel Aware": true,
                  "Relation Name": "cast_info",
                  "Alias": "ci",
                  "Startup Cost": 0.0,
                  "Total Cost": 328211.39,
                  "Plan Rows": 6034650,
                  "Plan Width": 0,
                  "Actual Startup Time": 0.04,
                  "Actual Total Time": 652.234,
                  "Actual Rows": 5171075,
                  "Actual Loops": 7,
                  "Filter": "(person_id < 4054805)",
                  "Rows Removed by Filter": 6688
                }
              ]
            }
          ]
        }
      ]
    },
    "Planning Time": 0.269,
    "Triggers": [],
    "Execution Time": 946.027
  }
]