{
    "Plan": {
        "Node Type": "Aggregate",
        "Strategy": "Plain",
        "Partial Mode": "Finalize",
        "Parallel Aware": false,
        "Startup Cost": 503187.44,
        "Total Cost": 503187.45,
        "Plan Rows": 1,
        "Plan Width": 8,
        "Actual Startup Time": 4927.994,
        "Actual Total Time": 4981.619,
        "Actual Rows": 1,
        "Actual Loops": 1,
        "Output": [
            "count(*)"
        ],
        "Plans": [
            {
                "Node Type": "Gather",
                "Parent Relationship": "Outer",
                "Parallel Aware": false,
                "Startup Cost": 503186.81,
                "Total Cost": 503187.42,
                "Plan Rows": 6,
                "Plan Width": 8,
                "Actual Startup Time": 4900.063,
                "Actual Total Time": 4981.604,
                "Actual Rows": 7,
                "Actual Loops": 1,
                "Output": [
                    "(PARTIAL count(*))"
                ],
                "Workers Planned": 6,
                "Workers Launched": 6,
                "Single Copy": false,
                "Plans": [
                    {
                        "Node Type": "Aggregate",
                        "Strategy": "Plain",
                        "Partial Mode": "Partial",
                        "Parent Relationship": "Outer",
                        "Parallel Aware": false,
                        "Startup Cost": 502186.81,
                        "Total Cost": 502186.82,
                        "Plan Rows": 1,
                        "Plan Width": 8,
                        "Actual Startup Time": 4873.753,
                        "Actual Total Time": 4873.759,
                        "Actual Rows": 1,
                        "Actual Loops": 7,
                        "Output": [
                            "PARTIAL count(*)"
                        ],
                        "Workers": [
                            {
                                "Worker Number": 0,
                                "Actual Startup Time": 4869.445,
                                "Actual Total Time": 4869.45,
                                "Actual Rows": 1,
                                "Actual Loops": 1
                            },
                            {
                                "Worker Number": 1,
                                "Actual Startup Time": 4869.33,
                                "Actual Total Time": 4869.335,
                                "Actual Rows": 1,
                                "Actual Loops": 1
                            },
                            {
                                "Worker Number": 2,
                                "Actual Startup Time": 4869.623,
                                "Actual Total Time": 4869.628,
                                "Actual Rows": 1,
                                "Actual Loops": 1
                            },
                            {
                                "Worker Number": 3,
                                "Actual Startup Time": 4869.711,
                                "Actual Total Time": 4869.716,
                                "Actual Rows": 1,
                                "Actual Loops": 1
                            },
                            {
                                "Worker Number": 4,
                                "Actual Startup Time": 4869.557,
                                "Actual Total Time": 4869.563,
                                "Actual Rows": 1,
                                "Actual Loops": 1
                            },
                            {
                                "Worker Number": 5,
                                "Actual Startup Time": 4869.599,
                                "Actual Total Time": 4869.606,
                                "Actual Rows": 1,
                                "Actual Loops": 1
                            }
                        ],
                        "Plans": [
                            {
                                "Node Type": "Hash Join",
                                "Parent Relationship": "Outer",
                                "Parallel Aware": true,
                                "Join Type": "Inner",
                                "Startup Cost": 111485.69,
                                "Total Cost": 487770.64,
                                "Plan Rows": 5766470,
                                "Plan Width": 0,
                                "Actual Startup Time": 943.026,
                                "Actual Total Time": 4120.957,
                                "Actual Rows": 15722136,
                                "Actual Loops": 7,
                                "Inner Unique": false,
                                "Hash Cond": "(ci.movie_id = t.id)",
                                "Workers": [
                                    {
                                        "Worker Number": 0,
                                        "Actual Startup Time": 939.286,
                                        "Actual Total Time": 4119.184,
                                        "Actual Rows": 15618813,
                                        "Actual Loops": 1
                                    },
                                    {
                                        "Worker Number": 1,
                                        "Actual Startup Time": 939.193,
                                        "Actual Total Time": 4117.133,
                                        "Actual Rows": 14800454,
                                        "Actual Loops": 1
                                    },
                                    {
                                        "Worker Number": 2,
                                        "Actual Startup Time": 939.443,
                                        "Actual Total Time": 4116.74,
                                        "Actual Rows": 15479180,
                                        "Actual Loops": 1
                                    },
                                    {
                                        "Worker Number": 3,
                                        "Actual Startup Time": 939.458,
                                        "Actual Total Time": 4130.856,
                                        "Actual Rows": 16767413,
                                        "Actual Loops": 1
                                    },
                                    {
                                        "Worker Number": 4,
                                        "Actual Startup Time": 939.414,
                                        "Actual Total Time": 4137.739,
                                        "Actual Rows": 16620278,
                                        "Actual Loops": 1
                                    },
                                    {
                                        "Worker Number": 5,
                                        "Actual Startup Time": 939.455,
                                        "Actual Total Time": 4097.666,
                                        "Actual Rows": 14067938,
                                        "Actual Loops": 1
                                    }
                                ],
                                "Plans": [
                                    {
                                        "Node Type": "Seq Scan",
                                        "Parent Relationship": "Outer",
                                        "Parallel Aware": true,
                                        "Relation Name": "cast_info",
                                        "Schema": "public",
                                        "Alias": "ci",
                                        "Startup Cost": 0.0,
                                        "Total Cost": 343318.94,
                                        "Plan Rows": 3830530,
                                        "Plan Width": 4,
                                        "Actual Startup Time": 256.996,
                                        "Actual Total Time": 846.97,
                                        "Actual Rows": 3245989,
                                        "Actual Loops": 7,
                                        "Output": [
                                            "ci.id",
                                            "ci.person_id",
                                            "ci.movie_id",
                                            "ci.person_role_id",
                                            "ci.note",
                                            "ci.nr_order",
                                            "ci.role_id"
                                        ],
                                        "Filter": "((ci.person_id < 3898104) AND (ci.role_id > 1))",
                                        "Rows Removed by Filter": 1931775,
                                        "Workers": [
                                            {
                                                "Worker Number": 0,
                                                "Actual Startup Time": 257.012,
                                                "Actual Total Time": 865.152,
                                                "Actual Rows": 3203680,
                                                "Actual Loops": 1
                                            },
                                            {
                                                "Worker Number": 1,
                                                "Actual Startup Time": 256.932,
                                                "Actual Total Time": 860.696,
                                                "Actual Rows": 2898873,
                                                "Actual Loops": 1
                                            },
                                            {
                                                "Worker Number": 2,
                                                "Actual Startup Time": 256.998,
                                                "Actual Total Time": 865.876,
                                                "Actual Rows": 3168796,
                                                "Actual Loops": 1
                                            },
                                            {
                                                "Worker Number": 3,
                                                "Actual Startup Time": 257.002,
                                                "Actual Total Time": 852.483,
                                                "Actual Rows": 3463655,
                                                "Actual Loops": 1
                                            },
                                            {
                                                "Worker Number": 4,
                                                "Actual Startup Time": 257.014,
                                                "Actual Total Time": 853.645,
                                                "Actual Rows": 3463485,
                                                "Actual Loops": 1
                                            },
                                            {
                                                "Worker Number": 5,
                                                "Actual Startup Time": 257.014,
                                                "Actual Total Time": 858.988,
                                                "Actual Rows": 3022886,
                                                "Actual Loops": 1
                                            }
                                        ]
                                    },
                                    {
                                        "Node Type": "Hash",
                                        "Parent Relationship": "Inner",
                                        "Parallel Aware": true,
                                        "Startup Cost": 96138.39,
                                        "Total Cost": 96138.39,
                                        "Plan Rows": 1227784,
                                        "Plan Width": 8,
                                        "Actual Startup Time": 678.923,
                                        "Actual Total Time": 678.928,
                                        "Actual Rows": 544012,
                                        "Actual Loops": 7,
                                        "Output": [
                                            "t.id",
                                            "mk.movie_id"
                                        ],
                                        "Hash Buckets": 4194304,
                                        "Original Hash Buckets": 4194304,
                                        "Hash Batches": 1,
                                        "Original Hash Batches": 1,
                                        "Peak Memory Usage": 181824,
                                        "Workers": [
                                            {
                                                "Worker Number": 0,
                                                "Actual Startup Time": 681.651,
                                                "Actual Total Time": 681.655,
                                                "Actual Rows": 457864,
                                                "Actual Loops": 1
                                            },
                                            {
                                                "Worker Number": 1,
                                                "Actual Startup Time": 681.341,
                                                "Actual Total Time": 681.344,
                                                "Actual Rows": 453097,
                                                "Actual Loops": 1
                                            },
                                            {
                                                "Worker Number": 2,
                                                "Actual Startup Time": 681.731,
                                                "Actual Total Time": 681.735,
                                                "Actual Rows": 456296,
                                                "Actual Loops": 1
                                            },
                                            {
                                                "Worker Number": 3,
                                                "Actual Startup Time": 681.74,
                                                "Actual Total Time": 681.745,
                                                "Actual Rows": 598140,
                                                "Actual Loops": 1
                                            },
                                            {
                                                "Worker Number": 4,
                                                "Actual Startup Time": 681.672,
                                                "Actual Total Time": 681.677,
                                                "Actual Rows": 598885,
                                                "Actual Loops": 1
                                            },
                                            {
                                                "Worker Number": 5,
                                                "Actual Startup Time": 681.738,
                                                "Actual Total Time": 681.742,
                                                "Actual Rows": 597693,
                                                "Actual Loops": 1
                                            }
                                        ],
                                        "Plans": [
                                            {
                                                "Node Type": "Hash Join",
                                                "Parent Relationship": "Outer",
                                                "Parallel Aware": true,
                                                "Join Type": "Inner",
                                                "Startup Cost": 50219.81,
                                                "Total Cost": 96138.39,
                                                "Plan Rows": 1227784,
                                                "Plan Width": 8,
                                                "Actual Startup Time": 277.63,
                                                "Actual Total Time": 507.489,
                                                "Actual Rows": 544012,
                                                "Actual Loops": 7,
                                                "Output": [
                                                    "t.id",
                                                    "mk.movie_id"
                                                ],
                                                "Inner Unique": true,
                                                "Hash Cond": "(mk.movie_id = t.id)",
                                                "Workers": [
                                                    {
                                                        "Worker Number": 0,
                                                        "Actual Startup Time": 277.668,
                                                        "Actual Total Time": 508.481,
                                                        "Actual Rows": 457864,
                                                        "Actual Loops": 1
                                                    },
                                                    {
                                                        "Worker Number": 1,
                                                        "Actual Startup Time": 277.667,
                                                        "Actual Total Time": 509.655,
                                                        "Actual Rows": 453097,
                                                        "Actual Loops": 1
                                                    },
                                                    {
                                                        "Worker Number": 2,
                                                        "Actual Startup Time": 277.658,
                                                        "Actual Total Time": 507.29,
                                                        "Actual Rows": 456296,
                                                        "Actual Loops": 1
                                                    },
                                                    {
                                                        "Worker Number": 3,
                                                        "Actual Startup Time": 277.546,
                                                        "Actual Total Time": 508.245,
                                                        "Actual Rows": 598140,
                                                        "Actual Loops": 1
                                                    },
                                                    {
                                                        "Worker Number": 4,
                                                        "Actual Startup Time": 277.531,
                                                        "Actual Total Time": 508.033,
                                                        "Actual Rows": 598885,
                                                        "Actual Loops": 1
                                                    },
                                                    {
                                                        "Worker Number": 5,
                                                        "Actual Startup Time": 277.594,
                                                        "Actual Total Time": 508.327,
                                                        "Actual Rows": 597693,
                                                        "Actual Loops": 1
                                                    }
                                                ],
                                                "Plans": [
                                                    {
                                                        "Node Type": "Seq Scan",
                                                        "Parent Relationship": "Outer",
                                                        "Parallel Aware": true,
                                                        "Relation Name": "movie_keyword",
                                                        "Schema": "public",
                                                        "Alias": "mk",
                                                        "Startup Cost": 0.0,
                                                        "Total Cost": 42695.65,
                                                        "Plan Rows": 1227784,
                                                        "Plan Width": 4,
                                                        "Actual Startup Time": 0.038,
                                                        "Actual Total Time": 103.412,
                                                        "Actual Rows": 544012,
                                                        "Actual Loops": 7,
                                                        "Output": [
                                                            "mk.id",
                                                            "mk.movie_id",
                                                            "mk.keyword_id"
                                                        ],
                                                        "Filter": "(mk.keyword_id > 613)",
                                                        "Rows Removed by Filter": 102264,
                                                        "Workers": [
                                                            {
                                                                "Worker Number": 0,
                                                                "Actual Startup Time": 0.033,
                                                                "Actual Total Time": 105.514,
                                                                "Actual Rows": 457864,
                                                                "Actual Loops": 1
                                                            },
                                                            {
                                                                "Worker Number": 1,
                                                                "Actual Startup Time": 0.034,
                                                                "Actual Total Time": 105.219,
                                                                "Actual Rows": 453097,
                                                                "Actual Loops": 1
                                                            },
                                                            {
                                                                "Worker Number": 2,
                                                                "Actual Startup Time": 0.033,
                                                                "Actual Total Time": 104.79,
                                                                "Actual Rows": 456296,
                                                                "Actual Loops": 1
                                                            },
                                                            {
                                                                "Worker Number": 3,
                                                                "Actual Startup Time": 0.064,
                                                                "Actual Total Time": 105.64,
                                                                "Actual Rows": 598140,
                                                                "Actual Loops": 1
                                                            },
                                                            {
                                                                "Worker Number": 4,
                                                                "Actual Startup Time": 0.061,
                                                                "Actual Total Time": 105.71,
                                                                "Actual Rows": 598885,
                                                                "Actual Loops": 1
                                                            },
                                                            {
                                                                "Worker Number": 5,
                                                                "Actual Startup Time": 0.028,
                                                                "Actual Total Time": 105.711,
                                                                "Actual Rows": 597693,
                                                                "Actual Loops": 1
                                                            }
                                                        ]
                                                    },
                                                    {
                                                        "Node Type": "Hash",
                                                        "Parent Relationship": "Inner",
                                                        "Parallel Aware": true,
                                                        "Startup Cost": 42318.81,
                                                        "Total Cost": 42318.81,
                                                        "Plan Rows": 632080,
                                                        "Plan Width": 4,
                                                        "Actual Startup Time": 273.465,
                                                        "Actual Total Time": 273.467,
                                                        "Actual Rows": 361187,
                                                        "Actual Loops": 7,
                                                        "Output": [
                                                            "t.id"
                                                        ],
                                                        "Hash Buckets": 4194304,
                                                        "Original Hash Buckets": 4194304,
                                                        "Hash Batches": 1,
                                                        "Original Hash Batches": 1,
                                                        "Peak Memory Usage": 131776,
                                                        "Workers": [
                                                            {
                                                                "Worker Number": 0,
                                                                "Actual Startup Time": 277.287,
                                                                "Actual Total Time": 277.288,
                                                                "Actual Rows": 314042,
                                                                "Actual Loops": 1
                                                            },
                                                            {
                                                                "Worker Number": 1,
                                                                "Actual Startup Time": 277.257,
                                                                "Actual Total Time": 277.259,
                                                                "Actual Rows": 304614,
                                                                "Actual Loops": 1
                                                            },
                                                            {
                                                                "Worker Number": 2,
                                                                "Actual Startup Time": 277.291,
                                                                "Actual Total Time": 277.293,
                                                                "Actual Rows": 311028,
                                                                "Actual Loops": 1
                                                            },
                                                            {
                                                                "Worker Number": 3,
                                                                "Actual Startup Time": 277.419,
                                                                "Actual Total Time": 277.42,
                                                                "Actual Rows": 375436,
                                                                "Actual Loops": 1
                                                            },
                                                            {
                                                                "Worker Number": 4,
                                                                "Actual Startup Time": 277.247,
                                                                "Actual Total Time": 277.248,
                                                                "Actual Rows": 374226,
                                                                "Actual Loops": 1
                                                            },
                                                            {
                                                                "Worker Number": 5,
                                                                "Actual Startup Time": 277.222,
                                                                "Actual Total Time": 277.223,
                                                                "Actual Rows": 377620,
                                                                "Actual Loops": 1
                                                            }
                                                        ],
                                                        "Plans": [
                                                            {
                                                                "Node Type": "Seq Scan",
                                                                "Parent Relationship": "Outer",
                                                                "Parallel Aware": true,
                                                                "Relation Name": "title",
                                                                "Schema": "public",
                                                                "Alias": "t",
                                                                "Startup Cost": 0.0,
                                                                "Total Cost": 42318.81,
                                                                "Plan Rows": 632080,
                                                                "Plan Width": 4,
                                                                "Actual Startup Time": 0.065,
                                                                "Actual Total Time": 81.492,
                                                                "Actual Rows": 361187,
                                                                "Actual Loops": 7,
                                                                "Output": [
                                                                    "t.id"
                                                                ],
                                                                "Workers": [
                                                                    {
                                                                        "Worker Number": 0,
                                                                        "Actual Startup Time": 0.069,
                                                                        "Actual Total Time": 86.204,
                                                                        "Actual Rows": 314042,
                                                                        "Actual Loops": 1
                                                                    },
                                                                    {
                                                                        "Worker Number": 1,
                                                                        "Actual Startup Time": 0.079,
                                                                        "Actual Total Time": 84.937,
                                                                        "Actual Rows": 304614,
                                                                        "Actual Loops": 1
                                                                    },
                                                                    {
                                                                        "Worker Number": 2,
                                                                        "Actual Startup Time": 0.077,
                                                                        "Actual Total Time": 85.093,
                                                                        "Actual Rows": 311028,
                                                                        "Actual Loops": 1
                                                                    },
                                                                    {
                                                                        "Worker Number": 3,
                                                                        "Actual Startup Time": 0.077,
                                                                        "Actual Total Time": 82.411,
                                                                        "Actual Rows": 375436,
                                                                        "Actual Loops": 1
                                                                    },
                                                                    {
                                                                        "Worker Number": 4,
                                                                        "Actual Startup Time": 0.065,
                                                                        "Actual Total Time": 82.084,
                                                                        "Actual Rows": 374226,
                                                                        "Actual Loops": 1
                                                                    },
                                                                    {
                                                                        "Worker Number": 5,
                                                                        "Actual Startup Time": 0.066,
                                                                        "Actual Total Time": 82.639,
                                                                        "Actual Rows": 377620,
                                                                        "Actual Loops": 1
                                                                    }
                                                                ]
                                                            }
                                                        ]
                                                    }
                                                ]
                                            }
                                        ]
                                    }
                                ]
                            }
                        ]
                    }
                ]
            }
        ]
    },
    "Planning Time": 1.646,
    "Triggers": [],
    "Execution Time": 4981.726
}