{
  "Plan": {
    "Node Type": "Aggregate",
    "Strategy": "Plain",
    "Partial Mode": "Finalize",
    "Parallel Aware": false,
    "Startup Cost": 109568.35,
    "Total Cost": 109568.36,
    "Plan Rows": 1,
    "Plan Width": 8,
    "Actual Startup Time": 499.025,
    "Actual Total Time": 517.776,
    "Actual Rows": 1,
    "Actual Loops": 1,
    "Plans": [
      {
        "Node Type": "Gather",
        "Parent Relationship": "Outer",
        "Parallel Aware": false,
        "Startup Cost": 109568.24,
        "Total Cost": 109568.35,
        "Plan Rows": 1,
        "Plan Width": 8,
        "Actual Startup Time": 497.768,
        "Actual Total Time": 517.769,
        "Actual Rows": 2,
        "Actual Loops": 1,
        "Workers Planned": 1,
        "Workers Launched": 1,
        "Single Copy": false,
        "Plans": [
          {
            "Node Type": "Aggregate",
            "Strategy": "Plain",
            "Partial Mode": "Partial",
            "Parent Relationship": "Outer",
            "Parallel Aware": false,
            "Startup Cost": 108568.24,
            "Total Cost": 108568.25,
            "Plan Rows": 1,
            "Plan Width": 8,
            "Actual Startup Time": 491.944,
            "Actual Total Time": 491.948,
            "Actual Rows": 1,
            "Actual Loops": 2,
            "Plans": [
              {
                "Node Type": "Hash Join",
                "Parent Relationship": "Outer",
                "Parallel Aware": true,
                "Join Type": "Inner",
                "Startup Cost": 45757.05,
                "Total Cost": 107779.18,
                "Plan Rows": 315626,
                "Plan Width": 0,
                "Actual Startup Time": 171.646,
                "Actual Total Time": 485.152,
                "Actual Rows": 163584,
                "Actual Loops": 2,
                "Inner Unique": false,
                "Hash Cond": "(t.id = mc.movie_id)",
                "Plans": [
                  {
                    "Node Type": "Seq Scan",
                    "Parent Relationship": "Outer",
                    "Parallel Aware": true,
                    "Relation Name": "title",
                    "Alias": "t",
                    "Startup Cost": 0.0,
                    "Total Cost": 50870.31,
                    "Plan Rows": 1487231,
                    "Plan Width": 4,
                    "Actual Startup Time": 0.009,
                    "Actual Total Time": 114.411,
                    "Actual Rows": 1264156,
                    "Actual Loops": 2
                  },
                  {
                    "Node Type": "Hash",
                    "Parent Relationship": "Inner",
                    "Parallel Aware": true,
                    "Startup Cost": 41811.73,
                    "Total Cost": 41811.73,
                    "Plan Rows": 315626,
                    "Plan Width": 4,
                    "Actual Startup Time": 162.159,
                    "Actual Total Time": 162.16,
                    "Actual Rows": 163584,
                    "Actual Loops": 2,
                    "Hash Buckets": 1048576,
                    "Original Hash Buckets": 1048576,
                    "Hash Batches": 1,
                    "Original Hash Batches": 1,
                    "Peak Memory Usage": 21024,
                    "Plans": [
                      {
                        "Node Type": "Seq Scan",
                        "Parent Relationship": "Outer",
                        "Parallel Aware": true,
                        "Relation Name": "movie_companies",
                        "Alias": "mc",
                        "Startup Cost": 0.0,
                        "Total Cost": 41811.73,
                        "Plan Rows": 315626,
                        "Plan Width": 4,
                        "Actual Startup Time": 68.086,
                        "Actual Total Time": 121.441,
                        "Actual Rows": 163584,
                        "Actual Loops": 2,
                        "Filter": "((company_id < 6227) AND (company_type_id = 2))",
                        "Rows Removed by Filter": 1140980
                      }
                    ]
                  }
                ]
              }
            ]
          }
        ]
      }
    ]
  },
  "Planning Time": 0.709,
  "Triggers": [],
  "Execution Time": 517.841
}