[
  {
    "Plan": {
      "Node Type": "Aggregate",
      "Strategy": "Plain",
      "Partial Mode": "Finalize",
      "Parallel Aware": false,
      "Startup Cost": 46144.69,
      "Total Cost": 46144.7,
      "Plan Rows": 1,
      "Plan Width": 8,
      "Actual Startup Time": 196.189,
      "Actual Total Time": 206.772,
      "Actual Rows": 1,
      "Actual Loops": 1,
      "Plans": [
        {
          "Node Type": "Gather",
          "Parent Relationship": "Outer",
          "Parallel Aware": false,
          "Startup Cost": 46144.37,
          "Total Cost": 46144.68,
          "Plan Rows": 3,
          "Plan Width": 8,
          "Actual Startup Time": 196.035,
          "Actual Total Time": 206.762,
          "Actual Rows": 4,
          "Actual Loops": 1,
          "Workers Planned": 3,
          "Workers Launched": 3,
          "Single Copy": false,
          "Plans": [
            {
              "Node Type": "Aggregate",
              "Strategy": "Plain",
              "Partial Mode": "Partial",
              "Parent Relationship": "Outer",
              "Parallel Aware": false,
              "Startup Cost": 45144.37,
              "Total Cost": 45144.38,
              "Plan Rows": 1,
              "Plan Width": 8,
              "Actual Startup Time": 189.169,
              "Actual Total Time": 189.171,
              "Actual Rows": 1,
              "Actual Loops": 4,
              "Plans": [
                {
                  "Node Type": "Seq Scan",
                  "Parent Relationship": "Outer",
                  "Parallel Aware": true,
                  "Relation Name": "movie_keyword",
                  "Alias": "mk",
                  "Startup Cost": 0.0,
                  "Total Cost": 42695.65,
                  "Plan Rows": 979488,
                  "Plan Width": 0,
                  "Actual Startup Time": 0.054,
                  "Actual Total Time": 145.04,
                  "Actual Rows": 761700,
                  "Actual Loops": 4,
                  "Filter": "(keyword_id < 11125)",
                  "Rows Removed by Filter": 369283
                }
              ]
            }
          ]
        }
      ]
    },
    "Planning Time": 0.182,
    "Triggers": [],
    "Execution Time": 206.831
  }
]