[
  {
    "Plan": {
      "Node Type": "Aggregate",
      "Strategy": "Plain",
      "Partial Mode": "Finalize",
      "Parallel Aware": false,
      "Startup Cost": 46159.56,
      "Total Cost": 46159.57,
      "Plan Rows": 1,
      "Plan Width": 8,
      "Actual Startup Time": 173.955,
      "Actual Total Time": 182.793,
      "Actual Rows": 1,
      "Actual Loops": 1,
      "Plans": [
        {
          "Node Type": "Gather",
          "Parent Relationship": "Outer",
          "Parallel Aware": false,
          "Startup Cost": 46159.24,
          "Total Cost": 46159.55,
          "Plan Rows": 3,
          "Plan Width": 8,
          "Actual Startup Time": 173.859,
          "Actual Total Time": 182.784,
          "Actual Rows": 4,
          "Actual Loops": 1,
          "Workers Planned": 3,
          "Workers Launched": 3,
          "Single Copy": false,
          "Plans": [
            {
              "Node Type": "Aggregate",
              "Strategy": "Plain",
              "Partial Mode": "Partial",
              "Parent Relationship": "Outer",
              "Parallel Aware": false,
              "Startup Cost": 45159.24,
              "Total Cost": 45159.25,
              "Plan Rows": 1,
              "Plan Width": 8,
              "Actual Startup Time": 165.006,
              "Actual Total Time": 165.007,
              "Actual Rows": 1,
              "Actual Loops": 4,
              "Plans": [
                {
                  "Node Type": "Seq Scan",
                  "Parent Relationship": "Outer",
                  "Parallel Aware": true,
                  "Relation Name": "movie_keyword",
                  "Alias": "mk",
                  "Startup Cost": 0.0,
                  "Total Cost": 42695.65,
                  "Plan Rows": 985436,
                  "Plan Width": 0,
                  "Actual Startup Time": 0.062,
                  "Actual Total Time": 127.455,
                  "Actual Rows": 761700,
                  "Actual Loops": 4,
                  "Filter": "(keyword_id < 11125)",
                  "Rows Removed by Filter": 369283
                }
              ]
            }
          ]
        }
      ]
    },
    "Planning Time": 0.156,
    "Triggers": [],
    "Execution Time": 182.845
  }
]