[
  {
    "Plan": {
      "Node Type": "Aggregate",
      "Strategy": "Plain",
      "Partial Mode": "Finalize",
      "Parallel Aware": false,
      "Startup Cost": 275852.89,
      "Total Cost": 275852.9,
      "Plan Rows": 1,
      "Plan Width": 8,
      "Actual Startup Time": 1495.268,
      "Actual Total Time": 1546.5,
      "Actual Rows": 1,
      "Actual Loops": 1,
      "Plans": [
        {
          "Node Type": "Gather",
          "Parent Relationship": "Outer",
          "Parallel Aware": false,
          "Startup Cost": 275852.57,
          "Total Cost": 275852.88,
          "Plan Rows": 3,
          "Plan Width": 8,
          "Actual Startup Time": 1489.585,
          "Actual Total Time": 1546.49,
          "Actual Rows": 4,
          "Actual Loops": 1,
          "Workers Planned": 3,
          "Workers Launched": 3,
          "Single Copy": false,
          "Plans": [
            {
              "Node Type": "Aggregate",
              "Strategy": "Plain",
              "Partial Mode": "Partial",
              "Parent Relationship": "Outer",
              "Parallel Aware": false,
              "Startup Cost": 274852.57,
              "Total Cost": 274852.58,
              "Plan Rows": 1,
              "Plan Width": 8,
              "Actual Startup Time": 1472.222,
              "Actual Total Time": 1472.226,
              "Actual Rows": 1,
              "Actual Loops": 4,
              "Plans": [
                {
                  "Node Type": "Nested Loop",
                  "Parent Relationship": "Outer",
                  "Parallel Aware": false,
                  "Join Type": "Inner",
                  "Startup Cost": 57366.34,
                  "Total Cost": 274329.44,
                  "Plan Rows": 209253,
                  "Plan Width": 0,
                  "Actual Startup Time": 336.087,
                  "Actual Total Time": 1450.668,
                  "Actual Rows": 439533,
                  "Actual Loops": 4,
                  "Inner Unique": false,
                  "Plans": [
                    {
                      "Node Type": "Hash Join",
                      "Parent Relationship": "Outer",
                      "Parallel Aware": true,
                      "Join Type": "Inner",
                      "Startup Cost": 57365.91,
                      "Total Cost": 83462.93,
                      "Plan Rows": 108630,
                      "Plan Width": 8,
                      "Actual Startup Time": 336.01,
                      "Actual Total Time": 404.72,
                      "Actual Rows": 82401,
                      "Actual Loops": 4,
                      "Inner Unique": true,
                      "Hash Cond": "(mk.movie_id = t.id)",
                      "Plans": [
                        {
                          "Node Type": "Bitmap Heap Scan",
                          "Parent Relationship": "Outer",
                          "Parallel Aware": true,
                          "Relation Name": "movie_keyword",
                          "Alias": "mk",
                          "Startup Cost": 7146.26,
                          "Total Cost": 32958.13,
                          "Plan Rows": 108630,
                          "Plan Width": 4,
                          "Actual Startup Time": 20.267,
                          "Actual Total Time": 54.147,
                          "Actual Rows": 82401,
                          "Actual Loops": 4,
                          "Recheck Cond": "(keyword_id > 50100)",
                          "Rows Removed by Index Recheck": 0,
                          "Exact Heap Blocks": 6260,
                          "Lossy Heap Blocks": 0,
                          "Plans": [
                            {
                              "Node Type": "Bitmap Index Scan",
                              "Parent Relationship": "Outer",
                              "Parallel Aware": false,
                              "Index Name": "keyword_id_movie_keyword",
                              "Startup Cost": 0.0,
                              "Total Cost": 7062.07,
                              "Plan Rows": 336752,
                              "Plan Width": 0,
                              "Actual Startup Time": 16.997,
                              "Actual Total Time": 16.997,
                              "Actual Rows": 329604,
                              "Actual Loops": 1,
                              "Index Cond": "(keyword_id > 50100)"
                            }
                          ]
                        },
                        {
                          "Node Type": "Hash",
                          "Parent Relationship": "Inner",
                          "Parallel Aware": true,
                          "Startup Cost": 42318.73,
                          "Total Cost": 42318.73,
                          "Plan Rows": 632073,
                          "Plan Width": 4,
                          "Actual Startup Time": 305.16,
                          "Actual Total Time": 305.16,
                          "Actual Rows": 632078,
                          "Actual Loops": 4,
                          "Hash Buckets": 4194304,
                          "Original Hash Buckets": 4194304,
                          "Hash Batches": 1,
                          "Original Hash Batches": 1,
                          "Peak Memory Usage": 131712,
                          "Plans": [
                            {
                              "Node Type": "Seq Scan",
                              "Parent Relationship": "Outer",
                              "Parallel Aware": true,
                              "Relation Name": "title",
                              "Alias": "t",
                              "Startup Cost": 0.0,
                              "Total Cost": 42318.73,
                              "Plan Rows": 632073,
                              "Plan Width": 4,
                              "Actual Startup Time": 0.03,
                              "Actual Total Time": 91.473,
                              "Actual Rows": 632078,
                              "Actual Loops": 4
                            }
                          ]
                        }
                      ]
                    },
                    {
                      "Node Type": "Index Scan",
                      "Parent Relationship": "Inner",
                      "Parallel Aware": false,
                      "Scan Direction": "Forward",
                      "Index Name": "movie_id_movie_info",
                      "Relation Name": "movie_info",
                      "Alias": "mi",
                      "Startup Cost": 0.43,
                      "Total Cost": 1.62,
                      "Plan Rows": 14,
                      "Plan Width": 4,
                      "Actual Startup Time": 0.003,
                      "Actual Total Time": 0.012,
                      "Actual Rows": 5,
                      "Actual Loops": 329604,
                      "Index Cond": "(movie_id = t.id)",
                      "Rows Removed by Index Recheck": 0,
                      "Filter": "(info_type_id < 5)",
                      "Rows Removed by Filter": 52
                    }
                  ]
                }
              ]
            }
          ]
        }
      ]
    },
    "Planning Time": 1.281,
    "Triggers": [],
    "Execution Time": 1546.621
  }
]