{
  "Plan": {
    "Node Type": "Aggregate",
    "Strategy": "Plain",
    "Partial Mode": "Finalize",
    "Parallel Aware": false,
    "Startup Cost": 124182.89,
    "Total Cost": 124182.9,
    "Plan Rows": 1,
    "Plan Width": 8,
    "Actual Startup Time": 636.551,
    "Actual Total Time": 654.86,
    "Actual Rows": 1,
    "Actual Loops": 1,
    "Plans": [
      {
        "Node Type": "Gather",
        "Parent Relationship": "Outer",
        "Parallel Aware": false,
        "Startup Cost": 124182.77,
        "Total Cost": 124182.88,
        "Plan Rows": 1,
        "Plan Width": 8,
        "Actual Startup Time": 633.335,
        "Actual Total Time": 654.852,
        "Actual Rows": 2,
        "Actual Loops": 1,
        "Workers Planned": 1,
        "Workers Launched": 1,
        "Single Copy": false,
        "Plans": [
          {
            "Node Type": "Aggregate",
            "Strategy": "Plain",
            "Partial Mode": "Partial",
            "Parent Relationship": "Outer",
            "Parallel Aware": false,
            "Startup Cost": 123182.77,
            "Total Cost": 123182.78,
            "Plan Rows": 1,
            "Plan Width": 8,
            "Actual Startup Time": 625.177,
            "Actual Total Time": 625.181,
            "Actual Rows": 1,
            "Actual Loops": 2,
            "Plans": [
              {
                "Node Type": "Hash Join",
                "Parent Relationship": "Outer",
                "Parallel Aware": true,
                "Join Type": "Inner",
                "Startup Cost": 88358.13,
                "Total Cost": 122235.93,
                "Plan Rows": 378738,
                "Plan Width": 0,
                "Actual Startup Time": 430.716,
                "Actual Total Time": 621.534,
                "Actual Rows": 65714,
                "Actual Loops": 2,
                "Inner Unique": true,
                "Hash Cond": "(mk.movie_id = t.id)",
                "Plans": [
                  {
                    "Node Type": "Bitmap Heap Scan",
                    "Parent Relationship": "Outer",
                    "Parallel Aware": true,
                    "Relation Name": "movie_keyword",
                    "Alias": "mk",
                    "Startup Cost": 22469.26,
                    "Total Cost": 54711.53,
                    "Plan Rows": 623061,
                    "Plan Width": 4,
                    "Actual Startup Time": 67.988,
                    "Actual Total Time": 159.44,
                    "Actual Rows": 533216,
                    "Actual Loops": 2,
                    "Recheck Cond": "(keyword_id < 1066)",
                    "Rows Removed by Index Recheck": 0,
                    "Exact Heap Blocks": 12309,
                    "Lossy Heap Blocks": 0,
                    "Plans": [
                      {
                        "Node Type": "Bitmap Index Scan",
                        "Parent Relationship": "Outer",
                        "Parallel Aware": false,
                        "Index Name": "keyword_id_movie_keyword",
                        "Startup Cost": 0.0,
                        "Total Cost": 22204.46,
                        "Plan Rows": 1059204,
                        "Plan Width": 0,
                        "Actual Startup Time": 64.351,
                        "Actual Total Time": 64.352,
                        "Actual Rows": 1066431,
                        "Actual Loops": 1,
                        "Index Cond": "(keyword_id < 1066)"
                      }
                    ]
                  },
                  {
                    "Node Type": "Hash",
                    "Parent Relationship": "Inner",
                    "Parallel Aware": true,
                    "Startup Cost": 54588.39,
                    "Total Cost": 54588.39,
                    "Plan Rows": 904038,
                    "Plan Width": 4,
                    "Actual Startup Time": 348.127,
                    "Actual Total Time": 348.128,
                    "Actual Rows": 771632,
                    "Actual Loops": 2,
                    "Hash Buckets": 2097152,
                    "Original Hash Buckets": 2097152,
                    "Hash Batches": 1,
                    "Original Hash Batches": 1,
                    "Peak Memory Usage": 76800,
                    "Plans": [
                      {
                        "Node Type": "Seq Scan",
                        "Parent Relationship": "Outer",
                        "Parallel Aware": true,
                        "Relation Name": "title",
                        "Alias": "t",
                        "Startup Cost": 0.0,
                        "Total Cost": 54588.39,
                        "Plan Rows": 904038,
                        "Plan Width": 4,
                        "Actual Startup Time": 0.029,
                        "Actual Total Time": 156.429,
                        "Actual Rows": 771632,
                        "Actual Loops": 2,
                        "Filter": "(kind_id = 7)",
                        "Rows Removed by Filter": 492524
                      }
                    ]
                  }
                ]
              }
            ]
          }
        ]
      }
    ]
  },
  "Planning Time": 0.67,
  "Triggers": [],
  "Execution Time": 654.951
}