[
    {
        "Bao": {
            "Bao prediction": "NaN",
            "Bao recommended hint": "(no hint)"
        }
    },
    {
        "Plan": {
            "Node Type": "Aggregate",
            "Strategy": "Plain",
            "Partial Mode": "Finalize",
            "Parallel Aware": false,
            "Startup Cost": 404908.95,
            "Total Cost": 404908.96,
            "Plan Rows": 1,
            "Plan Width": 8,
            "Actual Startup Time": 1453.222,
            "Actual Total Time": 1476.407,
            "Actual Rows": 1,
            "Actual Loops": 1,
            "Output": [
                "count(*)"
            ],
            "Plans": [
                {
                    "Node Type": "Gather",
                    "Parent Relationship": "Outer",
                    "Parallel Aware": false,
                    "Startup Cost": 404908.32,
                    "Total Cost": 404908.93,
                    "Plan Rows": 6,
                    "Plan Width": 8,
                    "Actual Startup Time": 1443.55,
                    "Actual Total Time": 1476.396,
                    "Actual Rows": 7,
                    "Actual Loops": 1,
                    "Output": [
                        "(PARTIAL count(*))"
                    ],
                    "Workers Planned": 6,
                    "Workers Launched": 6,
                    "Single Copy": false,
                    "Plans": [
                        {
                            "Node Type": "Aggregate",
                            "Strategy": "Plain",
                            "Partial Mode": "Partial",
                            "Parent Relationship": "Outer",
                            "Parallel Aware": false,
                            "Startup Cost": 403908.32,
                            "Total Cost": 403908.33,
                            "Plan Rows": 1,
                            "Plan Width": 8,
                            "Actual Startup Time": 1429.706,
                            "Actual Total Time": 1429.709,
                            "Actual Rows": 1,
                            "Actual Loops": 7,
                            "Output": [
                                "PARTIAL count(*)"
                            ],
                            "Workers": [
                                {
                                    "Worker Number": 0,
                                    "Actual Startup Time": 1428.516,
                                    "Actual Total Time": 1428.518,
                                    "Actual Rows": 1,
                                    "Actual Loops": 1
                                },
                                {
                                    "Worker Number": 1,
                                    "Actual Startup Time": 1427.302,
                                    "Actual Total Time": 1427.305,
                                    "Actual Rows": 1,
                                    "Actual Loops": 1
                                },
                                {
                                    "Worker Number": 2,
                                    "Actual Startup Time": 1426.908,
                                    "Actual Total Time": 1426.911,
                                    "Actual Rows": 1,
                                    "Actual Loops": 1
                                },
                                {
                                    "Worker Number": 3,
                                    "Actual Startup Time": 1427.347,
                                    "Actual Total Time": 1427.35,
                                    "Actual Rows": 1,
                                    "Actual Loops": 1
                                },
                                {
                                    "Worker Number": 4,
                                    "Actual Startup Time": 1427.376,
                                    "Actual Total Time": 1427.38,
                                    "Actual Rows": 1,
                                    "Actual Loops": 1
                                },
                                {
                                    "Worker Number": 5,
                                    "Actual Startup Time": 1427.304,
                                    "Actual Total Time": 1427.307,
                                    "Actual Rows": 1,
                                    "Actual Loops": 1
                                }
                            ],
                            "Plans": [
                                {
                                    "Node Type": "Hash Join",
                                    "Parent Relationship": "Outer",
                                    "Parallel Aware": true,
                                    "Join Type": "Inner",
                                    "Startup Cost": 50220.37,
                                    "Total Cost": 398603.89,
                                    "Plan Rows": 2121772,
                                    "Plan Width": 0,
                                    "Actual Startup Time": 229.574,
                                    "Actual Total Time": 1343.41,
                                    "Actual Rows": 1810098,
                                    "Actual Loops": 7,
                                    "Inner Unique": true,
                                    "Hash Cond": "(ci.movie_id = t.id)",
                                    "Workers": [
                                        {
                                            "Worker Number": 0,
                                            "Actual Startup Time": 227.179,
                                            "Actual Total Time": 1347.368,
                                            "Actual Rows": 1818180,
                                            "Actual Loops": 1
                                        },
                                        {
                                            "Worker Number": 1,
                                            "Actual Startup Time": 227.286,
                                            "Actual Total Time": 1343.224,
                                            "Actual Rows": 1901252,
                                            "Actual Loops": 1
                                        },
                                        {
                                            "Worker Number": 2,
                                            "Actual Startup Time": 227.112,
                                            "Actual Total Time": 1341.701,
                                            "Actual Rows": 1873951,
                                            "Actual Loops": 1
                                        },
                                        {
                                            "Worker Number": 3,
                                            "Actual Startup Time": 227.323,
                                            "Actual Total Time": 1343.865,
                                            "Actual Rows": 1889133,
                                            "Actual Loops": 1
                                        },
                                        {
                                            "Worker Number": 4,
                                            "Actual Startup Time": 227.427,
                                            "Actual Total Time": 1342.425,
                                            "Actual Rows": 1866930,
                                            "Actual Loops": 1
                                        },
                                        {
                                            "Worker Number": 5,
                                            "Actual Startup Time": 227.45,
                                            "Actual Total Time": 1328.455,
                                            "Actual Rows": 1366950,
                                            "Actual Loops": 1
                                        }
                                    ],
                                    "Plans": [
                                        {
                                            "Node Type": "Index Scan",
                                            "Parent Relationship": "Outer",
                                            "Parallel Aware": true,
                                            "Scan Direction": "Forward",
                                            "Index Name": "role_id_cast_info",
                                            "Relation Name": "cast_info",
                                            "Schema": "public",
                                            "Alias": "ci",
                                            "Startup Cost": 0.56,
                                            "Total Cost": 342814.42,
                                            "Plan Rows": 2121772,
                                            "Plan Width": 4,
                                            "Actual Startup Time": 0.13,
                                            "Actual Total Time": 362.161,
                                            "Actual Rows": 1810098,
                                            "Actual Loops": 7,
                                            "Output": [
                                                "ci.id",
                                                "ci.person_id",
                                                "ci.movie_id",
                                                "ci.person_role_id",
                                                "ci.note",
                                                "ci.nr_order",
                                                "ci.role_id"
                                            ],
                                            "Index Cond": "(ci.role_id < 2)",
                                            "Rows Removed by Index Recheck": 0,
                                            "Filter": "(ci.person_id < 4043685)",
                                            "Rows Removed by Filter": 0,
                                            "Workers": [
                                                {
                                                    "Worker Number": 0,
                                                    "Actual Startup Time": 0.309,
                                                    "Actual Total Time": 353.092,
                                                    "Actual Rows": 1818180,
                                                    "Actual Loops": 1
                                                },
                                                {
                                                    "Worker Number": 1,
                                                    "Actual Startup Time": 0.065,
                                                    "Actual Total Time": 363.36,
                                                    "Actual Rows": 1901252,
                                                    "Actual Loops": 1
                                                },
                                                {
                                                    "Worker Number": 2,
                                                    "Actual Startup Time": 0.084,
                                                    "Actual Total Time": 362.55,
                                                    "Actual Rows": 1873951,
                                                    "Actual Loops": 1
                                                },
                                                {
                                                    "Worker Number": 3,
                                                    "Actual Startup Time": 0.069,
                                                    "Actual Total Time": 362.432,
                                                    "Actual Rows": 1889133,
                                                    "Actual Loops": 1
                                                },
                                                {
                                                    "Worker Number": 4,
                                                    "Actual Startup Time": 0.077,
                                                    "Actual Total Time": 361.726,
                                                    "Actual Rows": 1866930,
                                                    "Actual Loops": 1
                                                },
                                                {
                                                    "Worker Number": 5,
                                                    "Actual Startup Time": 0.106,
                                                    "Actual Total Time": 404.353,
                                                    "Actual Rows": 1366950,
                                                    "Actual Loops": 1
                                                }
                                            ]
                                        },
                                        {
                                            "Node Type": "Hash",
                                            "Parent Relationship": "Inner",
                                            "Parallel Aware": true,
                                            "Startup Cost": 42318.81,
                                            "Total Cost": 42318.81,
                                            "Plan Rows": 632080,
                                            "Plan Width": 4,
                                            "Actual Startup Time": 224.824,
                                            "Actual Total Time": 224.825,
                                            "Actual Rows": 361187,
                                            "Actual Loops": 7,
                                            "Output": [
                                                "t.id"
                                            ],
                                            "Hash Buckets": 4194304,
                                            "Original Hash Buckets": 4194304,
                                            "Hash Batches": 1,
                                            "Original Hash Batches": 1,
                                            "Peak Memory Usage": 131808,
                                            "Workers": [
                                                {
                                                    "Worker Number": 0,
                                                    "Actual Startup Time": 226.353,
                                                    "Actual Total Time": 226.353,
                                                    "Actual Rows": 357578,
                                                    "Actual Loops": 1
                                                },
                                                {
                                                    "Worker Number": 1,
                                                    "Actual Startup Time": 226.622,
                                                    "Actual Total Time": 226.623,
                                                    "Actual Rows": 354629,
                                                    "Actual Loops": 1
                                                },
                                                {
                                                    "Worker Number": 2,
                                                    "Actual Startup Time": 226.336,
                                                    "Actual Total Time": 226.337,
                                                    "Actual Rows": 351108,
                                                    "Actual Loops": 1
                                                },
                                                {
                                                    "Worker Number": 3,
                                                    "Actual Startup Time": 226.672,
                                                    "Actual Total Time": 226.673,
                                                    "Actual Rows": 352018,
                                                    "Actual Loops": 1
                                                },
                                                {
                                                    "Worker Number": 4,
                                                    "Actual Startup Time": 226.923,
                                                    "Actual Total Time": 226.924,
                                                    "Actual Rows": 360721,
                                                    "Actual Loops": 1
                                                },
                                                {
                                                    "Worker Number": 5,
                                                    "Actual Startup Time": 226.722,
                                                    "Actual Total Time": 226.724,
                                                    "Actual Rows": 266839,
                                                    "Actual Loops": 1
                                                }
                                            ],
                                            "Plans": [
                                                {
                                                    "Node Type": "Seq Scan",
                                                    "Parent Relationship": "Outer",
                                                    "Parallel Aware": true,
                                                    "Relation Name": "title",
                                                    "Schema": "public",
                                                    "Alias": "t",
                                                    "Startup Cost": 0.0,
                                                    "Total Cost": 42318.81,
                                                    "Plan Rows": 632080,
                                                    "Plan Width": 4,
                                                    "Actual Startup Time": 0.05,
                                                    "Actual Total Time": 64.964,
                                                    "Actual Rows": 361187,
                                                    "Actual Loops": 7,
                                                    "Output": [
                                                        "t.id"
                                                    ],
                                                    "Workers": [
                                                        {
                                                            "Worker Number": 0,
                                                            "Actual Startup Time": 0.043,
                                                            "Actual Total Time": 67.156,
                                                            "Actual Rows": 357578,
                                                            "Actual Loops": 1
                                                        },
                                                        {
                                                            "Worker Number": 1,
                                                            "Actual Startup Time": 0.025,
                                                            "Actual Total Time": 65.171,
                                                            "Actual Rows": 354629,
                                                            "Actual Loops": 1
                                                        },
                                                        {
                                                            "Worker Number": 2,
                                                            "Actual Startup Time": 0.082,
                                                            "Actual Total Time": 66.91,
                                                            "Actual Rows": 351108,
                                                            "Actual Loops": 1
                                                        },
                                                        {
                                                            "Worker Number": 3,
                                                            "Actual Startup Time": 0.061,
                                                            "Actual Total Time": 65.477,
                                                            "Actual Rows": 352018,
                                                            "Actual Loops": 1
                                                        },
                                                        {
                                                            "Worker Number": 4,
                                                            "Actual Startup Time": 0.075,
                                                            "Actual Total Time": 67.147,
                                                            "Actual Rows": 360721,
                                                            "Actual Loops": 1
                                                        },
                                                        {
                                                            "Worker Number": 5,
                                                            "Actual Startup Time": 0.052,
                                                            "Actual Total Time": 70.189,
                                                            "Actual Rows": 266839,
                                                            "Actual Loops": 1
                                                        }
                                                    ]
                                                }
                                            ]
                                        }
                                    ]
                                }
                            ]
                        }
                    ]
                }
            ]
        },
        "Planning Time": 183.38,
        "Triggers": [],
        "Execution Time": 1476.47
    }
]