[
    {
        "Bao": {
            "Bao prediction": 857.548,
            "Bao recommended hint": "SET enable_mergejoin TO off; "
        }
    },
    {
        "Plan": {
            "Node Type": "Aggregate",
            "Strategy": "Plain",
            "Partial Mode": "Finalize",
            "Parallel Aware": false,
            "Startup Cost": 77696.67,
            "Total Cost": 77696.68,
            "Plan Rows": 1,
            "Plan Width": 8,
            "Actual Startup Time": 238.389,
            "Actual Total Time": 248.087,
            "Actual Rows": 1,
            "Actual Loops": 1,
            "Output": [
                "count(*)"
            ],
            "Plans": [
                {
                    "Node Type": "Gather",
                    "Parent Relationship": "Outer",
                    "Parallel Aware": false,
                    "Startup Cost": 77696.25,
                    "Total Cost": 77696.66,
                    "Plan Rows": 4,
                    "Plan Width": 8,
                    "Actual Startup Time": 236.553,
                    "Actual Total Time": 248.077,
                    "Actual Rows": 5,
                    "Actual Loops": 1,
                    "Output": [
                        "(PARTIAL count(*))"
                    ],
                    "Workers Planned": 4,
                    "Workers Launched": 4,
                    "Single Copy": false,
                    "Plans": [
                        {
                            "Node Type": "Aggregate",
                            "Strategy": "Plain",
                            "Partial Mode": "Partial",
                            "Parent Relationship": "Outer",
                            "Parallel Aware": false,
                            "Startup Cost": 76696.25,
                            "Total Cost": 76696.26,
                            "Plan Rows": 1,
                            "Plan Width": 8,
                            "Actual Startup Time": 227.394,
                            "Actual Total Time": 227.398,
                            "Actual Rows": 1,
                            "Actual Loops": 5,
                            "Output": [
                                "PARTIAL count(*)"
                            ],
                            "Workers": [
                                {
                                    "Worker Number": 0,
                                    "Actual Startup Time": 225.015,
                                    "Actual Total Time": 225.018,
                                    "Actual Rows": 1,
                                    "Actual Loops": 1
                                },
                                {
                                    "Worker Number": 1,
                                    "Actual Startup Time": 225.126,
                                    "Actual Total Time": 225.129,
                                    "Actual Rows": 1,
                                    "Actual Loops": 1
                                },
                                {
                                    "Worker Number": 2,
                                    "Actual Startup Time": 225.417,
                                    "Actual Total Time": 225.42,
                                    "Actual Rows": 1,
                                    "Actual Loops": 1
                                },
                                {
                                    "Worker Number": 3,
                                    "Actual Startup Time": 225.623,
                                    "Actual Total Time": 225.626,
                                    "Actual Rows": 1,
                                    "Actual Loops": 1
                                }
                            ],
                            "Plans": [
                                {
                                    "Node Type": "Hash Join",
                                    "Parent Relationship": "Outer",
                                    "Parallel Aware": true,
                                    "Join Type": "Inner",
                                    "Startup Cost": 31868.93,
                                    "Total Cost": 76657.34,
                                    "Plan Rows": 15565,
                                    "Plan Width": 0,
                                    "Actual Startup Time": 163.3,
                                    "Actual Total Time": 227.055,
                                    "Actual Rows": 2639,
                                    "Actual Loops": 5,
                                    "Inner Unique": false,
                                    "Hash Cond": "(t.id = mc.movie_id)",
                                    "Workers": [
                                        {
                                            "Worker Number": 0,
                                            "Actual Startup Time": 164.046,
                                            "Actual Total Time": 224.625,
                                            "Actual Rows": 2474,
                                            "Actual Loops": 1
                                        },
                                        {
                                            "Worker Number": 1,
                                            "Actual Startup Time": 158.848,
                                            "Actual Total Time": 224.775,
                                            "Actual Rows": 2454,
                                            "Actual Loops": 1
                                        },
                                        {
                                            "Worker Number": 2,
                                            "Actual Startup Time": 158.138,
                                            "Actual Total Time": 225.05,
                                            "Actual Rows": 2578,
                                            "Actual Loops": 1
                                        },
                                        {
                                            "Worker Number": 3,
                                            "Actual Startup Time": 160.574,
                                            "Actual Total Time": 225.265,
                                            "Actual Rows": 2529,
                                            "Actual Loops": 1
                                        }
                                    ],
                                    "Plans": [
                                        {
                                            "Node Type": "Seq Scan",
                                            "Parent Relationship": "Outer",
                                            "Parallel Aware": true,
                                            "Relation Name": "title",
                                            "Schema": "public",
                                            "Alias": "t",
                                            "Startup Cost": 0.0,
                                            "Total Cost": 43899.01,
                                            "Plan Rows": 167838,
                                            "Plan Width": 4,
                                            "Actual Startup Time": 37.063,
                                            "Actual Total Time": 88.028,
                                            "Actual Rows": 132565,
                                            "Actual Loops": 5,
                                            "Output": [
                                                "t.id",
                                                "t.title",
                                                "t.imdb_index",
                                                "t.kind_id",
                                                "t.production_year",
                                                "t.imdb_id",
                                                "t.phonetic_code",
                                                "t.episode_of_id",
                                                "t.season_nr",
                                                "t.episode_nr",
                                                "t.series_years",
                                                "t.md5sum"
                                            ],
                                            "Filter": "(t.kind_id = 1)",
                                            "Rows Removed by Filter": 373097,
                                            "Workers": [
                                                {
                                                    "Worker Number": 0,
                                                    "Actual Startup Time": 45.632,
                                                    "Actual Total Time": 88.346,
                                                    "Actual Rows": 125958,
                                                    "Actual Loops": 1
                                                },
                                                {
                                                    "Worker Number": 1,
                                                    "Actual Startup Time": 45.601,
                                                    "Actual Total Time": 88.513,
                                                    "Actual Rows": 122888,
                                                    "Actual Loops": 1
                                                },
                                                {
                                                    "Worker Number": 2,
                                                    "Actual Startup Time": 45.591,
                                                    "Actual Total Time": 88.503,
                                                    "Actual Rows": 125970,
                                                    "Actual Loops": 1
                                                },
                                                {
                                                    "Worker Number": 3,
                                                    "Actual Startup Time": 45.568,
                                                    "Actual Total Time": 88.555,
                                                    "Actual Rows": 127488,
                                                    "Actual Loops": 1
                                                }
                                            ]
                                        },
                                        {
                                            "Node Type": "Hash",
                                            "Parent Relationship": "Inner",
                                            "Parallel Aware": true,
                                            "Startup Cost": 30923.5,
                                            "Total Cost": 30923.5,
                                            "Plan Rows": 75635,
                                            "Plan Width": 4,
                                            "Actual Startup Time": 112.501,
                                            "Actual Total Time": 112.503,
                                            "Actual Rows": 21979,
                                            "Actual Loops": 5,
                                            "Output": [
                                                "mc.movie_id"
                                            ],
                                            "Hash Buckets": 262144,
                                            "Original Hash Buckets": 262144,
                                            "Hash Batches": 1,
                                            "Original Hash Batches": 1,
                                            "Peak Memory Usage": 6432,
                                            "Workers": [
                                                {
                                                    "Worker Number": 0,
                                                    "Actual Startup Time": 111.468,
                                                    "Actual Total Time": 111.469,
                                                    "Actual Rows": 20589,
                                                    "Actual Loops": 1
                                                },
                                                {
                                                    "Worker Number": 1,
                                                    "Actual Startup Time": 111.653,
                                                    "Actual Total Time": 111.655,
                                                    "Actual Rows": 20358,
                                                    "Actual Loops": 1
                                                },
                                                {
                                                    "Worker Number": 2,
                                                    "Actual Startup Time": 111.992,
                                                    "Actual Total Time": 111.993,
                                                    "Actual Rows": 20415,
                                                    "Actual Loops": 1
                                                },
                                                {
                                                    "Worker Number": 3,
                                                    "Actual Startup Time": 112.207,
                                                    "Actual Total Time": 112.208,
                                                    "Actual Rows": 19711,
                                                    "Actual Loops": 1
                                                }
                                            ],
                                            "Plans": [
                                                {
                                                    "Node Type": "Bitmap Heap Scan",
                                                    "Parent Relationship": "Outer",
                                                    "Parallel Aware": true,
                                                    "Relation Name": "movie_companies",
                                                    "Schema": "public",
                                                    "Alias": "mc",
                                                    "Startup Cost": 9908.22,
                                                    "Total Cost": 30923.5,
                                                    "Plan Rows": 75635,
                                                    "Plan Width": 4,
                                                    "Actual Startup Time": 87.692,
                                                    "Actual Total Time": 104.02,
                                                    "Actual Rows": 21979,
                                                    "Actual Loops": 5,
                                                    "Output": [
                                                        "mc.movie_id"
                                                    ],
                                                    "Recheck Cond": "(mc.company_id < 376)",
                                                    "Rows Removed by Index Recheck": 0,
                                                    "Filter": "(mc.company_type_id > 1)",
                                                    "Rows Removed by Filter": 68379,
                                                    "Exact Heap Blocks": 6604,
                                                    "Lossy Heap Blocks": 0,
                                                    "Workers": [
                                                        {
                                                            "Worker Number": 0,
                                                            "Actual Startup Time": 86.638,
                                                            "Actual Total Time": 102.836,
                                                            "Actual Rows": 20589,
                                                            "Actual Loops": 1
                                                        },
                                                        {
                                                            "Worker Number": 1,
                                                            "Actual Startup Time": 86.838,
                                                            "Actual Total Time": 103.881,
                                                            "Actual Rows": 20358,
                                                            "Actual Loops": 1
                                                        },
                                                        {
                                                            "Worker Number": 2,
                                                            "Actual Startup Time": 87.184,
                                                            "Actual Total Time": 104.074,
                                                            "Actual Rows": 20415,
                                                            "Actual Loops": 1
                                                        },
                                                        {
                                                            "Worker Number": 3,
                                                            "Actual Startup Time": 87.363,
                                                            "Actual Total Time": 103.447,
                                                            "Actual Rows": 19711,
                                                            "Actual Loops": 1
                                                        }
                                                    ],
                                                    "Plans": [
                                                        {
                                                            "Node Type": "Bitmap Index Scan",
                                                            "Parent Relationship": "Outer",
                                                            "Parallel Aware": false,
                                                            "Index Name": "company_id_movie_companies",
                                                            "Startup Cost": 0.0,
                                                            "Total Cost": 9849.6,
                                                            "Plan Rows": 459890,
                                                            "Plan Width": 0,
                                                            "Actual Startup Time": 43.604,
                                                            "Actual Total Time": 43.605,
                                                            "Actual Rows": 451787,
                                                            "Actual Loops": 1,
                                                            "Index Cond": "(mc.company_id < 376)"
                                                        }
                                                    ]
                                                }
                                            ]
                                        }
                                    ]
                                }
                            ]
                        }
                    ]
                }
            ]
        },
        "Planning Time": 2830.56,
        "Triggers": [],
        "Execution Time": 248.236
    }
]