[
  {
    "Plan": {
      "Node Type": "Aggregate",
      "Strategy": "Plain",
      "Partial Mode": "Finalize",
      "Parallel Aware": false,
      "Startup Cost": 64881.95,
      "Total Cost": 64881.96,
      "Plan Rows": 1,
      "Plan Width": 8,
      "Actual Startup Time": 107.458,
      "Actual Total Time": 122.485,
      "Actual Rows": 1,
      "Actual Loops": 1,
      "Plans": [
        {
          "Node Type": "Gather",
          "Parent Relationship": "Outer",
          "Parallel Aware": false,
          "Startup Cost": 64881.53,
          "Total Cost": 64881.94,
          "Plan Rows": 4,
          "Plan Width": 8,
          "Actual Startup Time": 107.336,
          "Actual Total Time": 122.476,
          "Actual Rows": 5,
          "Actual Loops": 1,
          "Workers Planned": 4,
          "Workers Launched": 4,
          "Single Copy": false,
          "Plans": [
            {
              "Node Type": "Aggregate",
              "Strategy": "Plain",
              "Partial Mode": "Partial",
              "Parent Relationship": "Outer",
              "Parallel Aware": false,
              "Startup Cost": 63881.53,
              "Total Cost": 63881.54,
              "Plan Rows": 1,
              "Plan Width": 8,
              "Actual Startup Time": 97.364,
              "Actual Total Time": 97.365,
              "Actual Rows": 1,
              "Actual Loops": 5,
              "Plans": [
                {
                  "Node Type": "Nested Loop",
                  "Parent Relationship": "Outer",
                  "Parallel Aware": false,
                  "Join Type": "Inner",
                  "Startup Cost": 0.43,
                  "Total Cost": 63878.01,
                  "Plan Rows": 1407,
                  "Plan Width": 0,
                  "Actual Startup Time": 2.136,
                  "Actual Total Time": 97.16,
                  "Actual Rows": 1907,
                  "Actual Loops": 5,
                  "Inner Unique": false,
                  "Plans": [
                    {
                      "Node Type": "Seq Scan",
                      "Parent Relationship": "Outer",
                      "Parallel Aware": true,
                      "Relation Name": "title",
                      "Alias": "t",
                      "Startup Cost": 0.0,
                      "Total Cost": 45479.1,
                      "Plan Rows": 1363,
                      "Plan Width": 4,
                      "Actual Startup Time": 1.94,
                      "Actual Total Time": 83.486,
                      "Actual Rows": 1048,
                      "Actual Loops": 5,
                      "Filter": "((kind_id < 7) AND (production_year = 1965))",
                      "Rows Removed by Filter": 504615
                    },
                    {
                      "Node Type": "Index Only Scan",
                      "Parent Relationship": "Inner",
                      "Parallel Aware": false,
                      "Scan Direction": "Forward",
                      "Index Name": "movie_id_movie_companies",
                      "Relation Name": "movie_companies",
                      "Alias": "mc",
                      "Startup Cost": 0.43,
                      "Total Cost": 13.45,
                      "Plan Rows": 5,
                      "Plan Width": 4,
                      "Actual Startup Time": 0.01,
                      "Actual Total Time": 0.012,
                      "Actual Rows": 2,
                      "Actual Loops": 5239,
                      "Index Cond": "(movie_id = t.id)",
                      "Rows Removed by Index Recheck": 0,
                      "Heap Fetches": 9533
                    }
                  ]
                }
              ]
            }
          ]
        }
      ]
    },
    "Planning Time": 0.6,
    "Triggers": [],
    "Execution Time": 122.554
  }
]