[
  {
    "Plan": {
      "Node Type": "Aggregate",
      "Strategy": "Plain",
      "Partial Mode": "Finalize",
      "Parallel Aware": false,
      "Startup Cost": 127269.26,
      "Total Cost": 127269.27,
      "Plan Rows": 1,
      "Plan Width": 8,
      "Actual Startup Time": 666.067,
      "Actual Total Time": 687.147,
      "Actual Rows": 1,
      "Actual Loops": 1,
      "Plans": [
        {
          "Node Type": "Gather",
          "Parent Relationship": "Outer",
          "Parallel Aware": false,
          "Startup Cost": 127268.94,
          "Total Cost": 127269.25,
          "Plan Rows": 3,
          "Plan Width": 8,
          "Actual Startup Time": 661.379,
          "Actual Total Time": 687.135,
          "Actual Rows": 4,
          "Actual Loops": 1,
          "Workers Planned": 3,
          "Workers Launched": 3,
          "Single Copy": false,
          "Plans": [
            {
              "Node Type": "Aggregate",
              "Strategy": "Plain",
              "Partial Mode": "Partial",
              "Parent Relationship": "Outer",
              "Parallel Aware": false,
              "Startup Cost": 126268.94,
              "Total Cost": 126268.95,
              "Plan Rows": 1,
              "Plan Width": 8,
              "Actual Startup Time": 651.929,
              "Actual Total Time": 652.032,
              "Actual Rows": 1,
              "Actual Loops": 4,
              "Plans": [
                {
                  "Node Type": "Hash Join",
                  "Parent Relationship": "Outer",
                  "Parallel Aware": true,
                  "Join Type": "Inner",
                  "Startup Cost": 79563.99,
                  "Total Cost": 125314.87,
                  "Plan Rows": 381629,
                  "Plan Width": 0,
                  "Actual Startup Time": 411.584,
                  "Actual Total Time": 634.918,
                  "Actual Rows": 390450,
                  "Actual Loops": 4,
                  "Inner Unique": false,
                  "Hash Cond": "(mk.movie_id = t.id)",
                  "Plans": [
                    {
                      "Node Type": "Seq Scan",
                      "Parent Relationship": "Outer",
                      "Parallel Aware": true,
                      "Relation Name": "movie_keyword",
                      "Alias": "mk",
                      "Startup Cost": 0.0,
                      "Total Cost": 39047.32,
                      "Plan Rows": 1459332,
                      "Plan Width": 4,
                      "Actual Startup Time": 0.036,
                      "Actual Total Time": 90.078,
                      "Actual Rows": 1130982,
                      "Actual Loops": 4
                    },
                    {
                      "Node Type": "Hash",
                      "Parent Relationship": "Inner",
                      "Parallel Aware": true,
                      "Startup Cost": 76897.83,
                      "Total Cost": 76897.83,
                      "Plan Rows": 213293,
                      "Plan Width": 8,
                      "Actual Startup Time": 406.139,
                      "Actual Total Time": 406.24,
                      "Actual Rows": 126402,
                      "Actual Loops": 4,
                      "Hash Buckets": 1048576,
                      "Original Hash Buckets": 1048576,
                      "Hash Batches": 1,
                      "Original Hash Batches": 1,
                      "Peak Memory Usage": 28064,
                      "Plans": [
                        {
                          "Node Type": "Hash Join",
                          "Parent Relationship": "Outer",
                          "Parallel Aware": true,
                          "Join Type": "Inner",
                          "Startup Cost": 47481.94,
                          "Total Cost": 76897.83,
                          "Plan Rows": 213293,
                          "Plan Width": 8,
                          "Actual Startup Time": 167.757,
                          "Actual Total Time": 359.668,
                          "Actual Rows": 126402,
                          "Actual Loops": 4,
                          "Inner Unique": true,
                          "Hash Cond": "(mc.movie_id = t.id)",
                          "Plans": [
                            {
                              "Node Type": "Seq Scan",
                              "Parent Relationship": "Outer",
                              "Parallel Aware": true,
                              "Relation Name": "movie_companies",
                              "Alias": "mc",
                              "Startup Cost": 0.0,
                              "Total Cost": 27206.55,
                              "Plan Rows": 841655,
                              "Plan Width": 4,
                              "Actual Startup Time": 0.009,
                              "Actual Total Time": 62.05,
                              "Actual Rows": 652282,
                              "Actual Loops": 4
                            },
                            {
                              "Node Type": "Hash",
                              "Parent Relationship": "Inner",
                              "Parallel Aware": true,
                              "Startup Cost": 45479.59,
                              "Total Cost": 45479.59,
                              "Plan Rows": 160188,
                              "Plan Width": 4,
                              "Actual Startup Time": 164.763,
                              "Actual Total Time": 164.765,
                              "Actual Rows": 133144,
                              "Actual Loops": 4,
                              "Hash Buckets": 1048576,
                              "Original Hash Buckets": 1048576,
                              "Hash Batches": 1,
                              "Original Hash Batches": 1,
                              "Peak Memory Usage": 29088,
                              "Plans": [
                                {
                                  "Node Type": "Seq Scan",
                                  "Parent Relationship": "Outer",
                                  "Parallel Aware": true,
                                  "Relation Name": "title",
                                  "Alias": "t",
                                  "Startup Cost": 0.0,
                                  "Total Cost": 45479.59,
                                  "Plan Rows": 160188,
                                  "Plan Width": 4,
                                  "Actual Startup Time": 0.061,
                                  "Actual Total Time": 107.232,
                                  "Actual Rows": 133144,
                                  "Actual Loops": 4,
                                  "Filter": "((kind_id > 1) AND (production_year < 1997))",
                                  "Rows Removed by Filter": 498934
                                }
                              ]
                            }
                          ]
                        }
                      ]
                    }
                  ]
                }
              ]
            }
          ]
        }
      ]
    },
    "Planning Time": 1.391,
    "Triggers": [],
    "Execution Time": 687.227
  }
]