{
  "Plan": {
    "Node Type": "Aggregate",
    "Strategy": "Plain",
    "Partial Mode": "Finalize",
    "Parallel Aware": false,
    "Startup Cost": 81012.19,
    "Total Cost": 81012.2,
    "Plan Rows": 1,
    "Plan Width": 8,
    "Actual Startup Time": 147.676,
    "Actual Total Time": 159.665,
    "Actual Rows": 1,
    "Actual Loops": 1,
    "Plans": [
      {
        "Node Type": "Gather",
        "Parent Relationship": "Outer",
        "Parallel Aware": false,
        "Startup Cost": 81012.07,
        "Total Cost": 81012.18,
        "Plan Rows": 1,
        "Plan Width": 8,
        "Actual Startup Time": 147.57,
        "Actual Total Time": 159.658,
        "Actual Rows": 2,
        "Actual Loops": 1,
        "Workers Planned": 1,
        "Workers Launched": 1,
        "Single Copy": false,
        "Plans": [
          {
            "Node Type": "Aggregate",
            "Strategy": "Plain",
            "Partial Mode": "Partial",
            "Parent Relationship": "Outer",
            "Parallel Aware": false,
            "Startup Cost": 80012.07,
            "Total Cost": 80012.08,
            "Plan Rows": 1,
            "Plan Width": 8,
            "Actual Startup Time": 141.789,
            "Actual Total Time": 141.791,
            "Actual Rows": 1,
            "Actual Loops": 2,
            "Plans": [
              {
                "Node Type": "Nested Loop",
                "Parent Relationship": "Outer",
                "Parallel Aware": false,
                "Join Type": "Inner",
                "Startup Cost": 0.43,
                "Total Cost": 80010.41,
                "Plan Rows": 664,
                "Plan Width": 0,
                "Actual Startup Time": 1.475,
                "Actual Total Time": 141.758,
                "Actual Rows": 116,
                "Actual Loops": 2,
                "Inner Unique": false,
                "Plans": [
                  {
                    "Node Type": "Seq Scan",
                    "Parent Relationship": "Outer",
                    "Parallel Aware": true,
                    "Relation Name": "title",
                    "Alias": "t",
                    "Startup Cost": 0.0,
                    "Total Cost": 58306.47,
                    "Plan Rows": 1267,
                    "Plan Width": 4,
                    "Actual Startup Time": 1.02,
                    "Actual Total Time": 139.35,
                    "Actual Rows": 149,
                    "Actual Loops": 2,
                    "Filter": "((kind_id > 1) AND (production_year > 2013))",
                    "Rows Removed by Filter": 1264007
                  },
                  {
                    "Node Type": "Index Scan",
                    "Parent Relationship": "Inner",
                    "Parallel Aware": false,
                    "Scan Direction": "Forward",
                    "Index Name": "movie_id_movie_companies",
                    "Relation Name": "movie_companies",
                    "Alias": "mc",
                    "Startup Cost": 0.43,
                    "Total Cost": 17.1,
                    "Plan Rows": 3,
                    "Plan Width": 4,
                    "Actual Startup Time": 0.015,
                    "Actual Total Time": 0.015,
                    "Actual Rows": 1,
                    "Actual Loops": 298,
                    "Index Cond": "(movie_id = t.id)",
                    "Rows Removed by Index Recheck": 0,
                    "Filter": "(company_type_id = 2)",
                    "Rows Removed by Filter": 0
                  }
                ]
              }
            ]
          }
        ]
      }
    ]
  },
  "Planning Time": 0.501,
  "Triggers": [],
  "Execution Time": 159.739
}