[
  {
    "Plan": {
      "Node Type": "Aggregate",
      "Strategy": "Plain",
      "Partial Mode": "Finalize",
      "Parallel Aware": false,
      "Startup Cost": 88512.18,
      "Total Cost": 88512.19,
      "Plan Rows": 1,
      "Plan Width": 8,
      "Actual Startup Time": 237.576,
      "Actual Total Time": 256.0,
      "Actual Rows": 1,
      "Actual Loops": 1,
      "Plans": [
        {
          "Node Type": "Gather",
          "Parent Relationship": "Outer",
          "Parallel Aware": false,
          "Startup Cost": 88511.86,
          "Total Cost": 88512.17,
          "Plan Rows": 3,
          "Plan Width": 8,
          "Actual Startup Time": 237.285,
          "Actual Total Time": 255.991,
          "Actual Rows": 4,
          "Actual Loops": 1,
          "Workers Planned": 3,
          "Workers Launched": 3,
          "Single Copy": false,
          "Plans": [
            {
              "Node Type": "Aggregate",
              "Strategy": "Plain",
              "Partial Mode": "Partial",
              "Parent Relationship": "Outer",
              "Parallel Aware": false,
              "Startup Cost": 87511.86,
              "Total Cost": 87511.87,
              "Plan Rows": 1,
              "Plan Width": 8,
              "Actual Startup Time": 228.39,
              "Actual Total Time": 228.393,
              "Actual Rows": 1,
              "Actual Loops": 4,
              "Plans": [
                {
                  "Node Type": "Hash Join",
                  "Parent Relationship": "Outer",
                  "Parallel Aware": true,
                  "Join Type": "Inner",
                  "Startup Cost": 44059.3,
                  "Total Cost": 87497.51,
                  "Plan Rows": 5742,
                  "Plan Width": 0,
                  "Actual Startup Time": 107.029,
                  "Actual Total Time": 228.021,
                  "Actual Rows": 5614,
                  "Actual Loops": 4,
                  "Inner Unique": true,
                  "Hash Cond": "(mk.movie_id = t.id)",
                  "Plans": [
                    {
                      "Node Type": "Seq Scan",
                      "Parent Relationship": "Outer",
                      "Parallel Aware": true,
                      "Relation Name": "movie_keyword",
                      "Alias": "mk",
                      "Startup Cost": 0.0,
                      "Total Cost": 42695.65,
                      "Plan Rows": 282877,
                      "Plan Width": 4,
                      "Actual Startup Time": 0.029,
                      "Actual Total Time": 97.534,
                      "Actual Rows": 222134,
                      "Actual Loops": 4,
                      "Filter": "(keyword_id < 842)",
                      "Rows Removed by Filter": 908848
                    },
                    {
                      "Node Type": "Hash",
                      "Parent Relationship": "Inner",
                      "Parallel Aware": true,
                      "Startup Cost": 43898.92,
                      "Total Cost": 43898.92,
                      "Plan Rows": 12831,
                      "Plan Width": 4,
                      "Actual Startup Time": 105.205,
                      "Actual Total Time": 105.206,
                      "Actual Rows": 13253,
                      "Actual Loops": 4,
                      "Hash Buckets": 65536,
                      "Original Hash Buckets": 65536,
                      "Hash Batches": 1,
                      "Original Hash Batches": 1,
                      "Peak Memory Usage": 2656,
                      "Plans": [
                        {
                          "Node Type": "Seq Scan",
                          "Parent Relationship": "Outer",
                          "Parallel Aware": true,
                          "Relation Name": "title",
                          "Alias": "t",
                          "Startup Cost": 0.0,
                          "Total Cost": 43898.92,
                          "Plan Rows": 12831,
                          "Plan Width": 4,
                          "Actual Startup Time": 0.051,
                          "Actual Total Time": 98.771,
                          "Actual Rows": 13253,
                          "Actual Loops": 4,
                          "Filter": "(production_year = 2000)",
                          "Rows Removed by Filter": 618825
                        }
                      ]
                    }
                  ]
                }
              ]
            }
          ]
        }
      ]
    },
    "Planning Time": 0.668,
    "Triggers": [],
    "Execution Time": 256.074
  }
]