[
  {
    "Plan": {
      "Node Type": "Aggregate",
      "Strategy": "Plain",
      "Partial Mode": "Finalize",
      "Parallel Aware": false,
      "Startup Cost": 47332.74,
      "Total Cost": 47332.75,
      "Plan Rows": 1,
      "Plan Width": 8,
      "Actual Startup Time": 136.397,
      "Actual Total Time": 156.394,
      "Actual Rows": 1,
      "Actual Loops": 1,
      "Plans": [
        {
          "Node Type": "Gather",
          "Parent Relationship": "Outer",
          "Parallel Aware": false,
          "Startup Cost": 47332.32,
          "Total Cost": 47332.73,
          "Plan Rows": 4,
          "Plan Width": 8,
          "Actual Startup Time": 136.103,
          "Actual Total Time": 156.38,
          "Actual Rows": 5,
          "Actual Loops": 1,
          "Workers Planned": 4,
          "Workers Launched": 4,
          "Single Copy": false,
          "Plans": [
            {
              "Node Type": "Aggregate",
              "Strategy": "Plain",
              "Partial Mode": "Partial",
              "Parent Relationship": "Outer",
              "Parallel Aware": false,
              "Startup Cost": 46332.32,
              "Total Cost": 46332.33,
              "Plan Rows": 1,
              "Plan Width": 8,
              "Actual Startup Time": 131.004,
              "Actual Total Time": 131.006,
              "Actual Rows": 1,
              "Actual Loops": 5,
              "Plans": [
                {
                  "Node Type": "Seq Scan",
                  "Parent Relationship": "Outer",
                  "Parallel Aware": true,
                  "Relation Name": "title",
                  "Alias": "t",
                  "Startup Cost": 0.0,
                  "Total Cost": 45479.59,
                  "Plan Rows": 341095,
                  "Plan Width": 0,
                  "Actual Startup Time": 0.032,
                  "Actual Total Time": 111.764,
                  "Actual Rows": 295628,
                  "Actual Loops": 5,
                  "Filter": "((kind_id > 1) AND (production_year > 1986))",
                  "Rows Removed by Filter": 210034
                }
              ]
            }
          ]
        }
      ]
    },
    "Planning Time": 0.198,
    "Triggers": [],
    "Execution Time": 156.486
  }
]