[
  {
    "Plan": {
      "Node Type": "Aggregate",
      "Strategy": "Plain",
      "Partial Mode": "Finalize",
      "Parallel Aware": false,
      "Startup Cost": 31587.93,
      "Total Cost": 31587.94,
      "Plan Rows": 1,
      "Plan Width": 8,
      "Actual Startup Time": 118.782,
      "Actual Total Time": 127.486,
      "Actual Rows": 1,
      "Actual Loops": 1,
      "Plans": [
        {
          "Node Type": "Gather",
          "Parent Relationship": "Outer",
          "Parallel Aware": false,
          "Startup Cost": 31587.61,
          "Total Cost": 31587.92,
          "Plan Rows": 3,
          "Plan Width": 8,
          "Actual Startup Time": 118.461,
          "Actual Total Time": 127.477,
          "Actual Rows": 4,
          "Actual Loops": 1,
          "Workers Planned": 3,
          "Workers Launched": 3,
          "Single Copy": false,
          "Plans": [
            {
              "Node Type": "Aggregate",
              "Strategy": "Plain",
              "Partial Mode": "Partial",
              "Parent Relationship": "Outer",
              "Parallel Aware": false,
              "Startup Cost": 30587.61,
              "Total Cost": 30587.62,
              "Plan Rows": 1,
              "Plan Width": 8,
              "Actual Startup Time": 109.852,
              "Actual Total Time": 109.854,
              "Actual Rows": 1,
              "Actual Loops": 4,
              "Plans": [
                {
                  "Node Type": "Seq Scan",
                  "Parent Relationship": "Outer",
                  "Parallel Aware": true,
                  "Relation Name": "movie_companies",
                  "Alias": "mc",
                  "Startup Cost": 0.0,
                  "Total Cost": 29310.68,
                  "Plan Rows": 510772,
                  "Plan Width": 0,
                  "Actual Startup Time": 9.024,
                  "Actual Total Time": 90.984,
                  "Actual Rows": 394952,
                  "Actual Loops": 4,
                  "Filter": "(company_id > 5661)",
                  "Rows Removed by Filter": 257331
                }
              ]
            }
          ]
        }
      ]
    },
    "Planning Time": 0.192,
    "Triggers": [],
    "Execution Time": 127.548
  }
]