[
    {
        "Bao": {
            "Bao prediction": "NaN",
            "Bao recommended hint": "(no hint)"
        }
    },
    {
        "Plan": {
            "Node Type": "Aggregate",
            "Strategy": "Plain",
            "Partial Mode": "Simple",
            "Parallel Aware": false,
            "Startup Cost": 235923.91,
            "Total Cost": 235923.92,
            "Plan Rows": 1,
            "Plan Width": 8,
            "Actual Startup Time": 24.797,
            "Actual Total Time": 24.798,
            "Actual Rows": 1,
            "Actual Loops": 1,
            "Output": [
                "count(*)"
            ],
            "Plans": [
                {
                    "Node Type": "Bitmap Heap Scan",
                    "Parent Relationship": "Outer",
                    "Parallel Aware": false,
                    "Relation Name": "cast_info",
                    "Schema": "public",
                    "Alias": "ci",
                    "Startup Cost": 3382.61,
                    "Total Cost": 235674.86,
                    "Plan Rows": 99621,
                    "Plan Width": 0,
                    "Actual Startup Time": 17.513,
                    "Actual Total Time": 23.309,
                    "Actual Rows": 37754,
                    "Actual Loops": 1,
                    "Recheck Cond": "(ci.person_id < 18023)",
                    "Rows Removed by Index Recheck": 0,
                    "Filter": "(ci.role_id > 1)",
                    "Rows Removed by Filter": 108026,
                    "Exact Heap Blocks": 1623,
                    "Lossy Heap Blocks": 0,
                    "Plans": [
                        {
                            "Node Type": "Bitmap Index Scan",
                            "Parent Relationship": "Outer",
                            "Parallel Aware": false,
                            "Index Name": "person_id_cast_info",
                            "Startup Cost": 0.0,
                            "Total Cost": 3357.7,
                            "Plan Rows": 153752,
                            "Plan Width": 0,
                            "Actual Startup Time": 7.289,
                            "Actual Total Time": 7.289,
                            "Actual Rows": 145780,
                            "Actual Loops": 1,
                            "Index Cond": "(ci.person_id < 18023)"
                        }
                    ]
                }
            ]
        },
        "Planning Time": 182.409,
        "Triggers": [],
        "Execution Time": 24.839
    }
]