{
  "Plan": {
    "Node Type": "Aggregate",
    "Strategy": "Plain",
    "Partial Mode": "Finalize",
    "Parallel Aware": false,
    "Startup Cost": 1326153.32,
    "Total Cost": 1326153.33,
    "Plan Rows": 1,
    "Plan Width": 8,
    "Actual Startup Time": 18682.128,
    "Actual Total Time": 18803.78,
    "Actual Rows": 1,
    "Actual Loops": 1,
    "Plans": [
      {
        "Node Type": "Gather",
        "Parent Relationship": "Outer",
        "Parallel Aware": false,
        "Startup Cost": 1326153.2,
        "Total Cost": 1326153.31,
        "Plan Rows": 1,
        "Plan Width": 8,
        "Actual Startup Time": 18660.983,
        "Actual Total Time": 18803.771,
        "Actual Rows": 2,
        "Actual Loops": 1,
        "Workers Planned": 1,
        "Workers Launched": 1,
        "Single Copy": false,
        "Plans": [
          {
            "Node Type": "Aggregate",
            "Strategy": "Plain",
            "Partial Mode": "Partial",
            "Parent Relationship": "Outer",
            "Parallel Aware": false,
            "Startup Cost": 1325153.2,
            "Total Cost": 1325153.21,
            "Plan Rows": 1,
            "Plan Width": 8,
            "Actual Startup Time": 18631.843,
            "Actual Total Time": 18631.892,
            "Actual Rows": 1,
            "Actual Loops": 2,
            "Plans": [
              {
                "Node Type": "Hash Join",
                "Parent Relationship": "Outer",
                "Parallel Aware": true,
                "Join Type": "Inner",
                "Startup Cost": 466786.56,
                "Total Cost": 1245151.76,
                "Plan Rows": 32000579,
                "Plan Width": 0,
                "Actual Startup Time": 6420.364,
                "Actual Total Time": 16372.99,
                "Actual Rows": 59168406,
                "Actual Loops": 2,
                "Inner Unique": false,
                "Hash Cond": "(ci.movie_id = t.id)",
                "Plans": [
                  {
                    "Node Type": "Seq Scan",
                    "Parent Relationship": "Outer",
                    "Parallel Aware": true,
                    "Relation Name": "cast_info",
                    "Alias": "ci",
                    "Startup Cost": 0.0,
                    "Total Cost": 519069.44,
                    "Plan Rows": 5684564,
                    "Plan Width": 4,
                    "Actual Startup Time": 652.324,
                    "Actual Total Time": 1341.546,
                    "Actual Rows": 4786784,
                    "Actual Loops": 2,
                    "Filter": "(person_id > 2749302)",
                    "Rows Removed by Filter": 13335388
                  },
                  {
                    "Node Type": "Hash",
                    "Parent Relationship": "Inner",
                    "Parallel Aware": true,
                    "Startup Cost": 362134.16,
                    "Total Cost": 362134.16,
                    "Plan Rows": 8372192,
                    "Plan Width": 8,
                    "Actual Startup Time": 5713.567,
                    "Actual Total Time": 5713.613,
                    "Actual Rows": 7154478,
                    "Actual Loops": 2,
                    "Hash Buckets": 16777216,
                    "Original Hash Buckets": 16777216,
                    "Hash Batches": 1,
                    "Original Hash Batches": 1,
                    "Peak Memory Usage": 690880,
                    "Plans": [
                      {
                        "Node Type": "Hash Join",
                        "Parent Relationship": "Outer",
                        "Parallel Aware": true,
                        "Join Type": "Inner",
                        "Startup Cost": 69460.7,
                        "Total Cost": 362134.16,
                        "Plan Rows": 8372192,
                        "Plan Width": 8,
                        "Actual Startup Time": 482.281,
                        "Actual Total Time": 3649.159,
                        "Actual Rows": 7154478,
                        "Actual Loops": 2,
                        "Inner Unique": true,
                        "Hash Cond": "(mi.movie_id = t.id)",
                        "Plans": [
                          {
                            "Node Type": "Seq Scan",
                            "Parent Relationship": "Outer",
                            "Parallel Aware": true,
                            "Relation Name": "movie_info",
                            "Alias": "mi",
                            "Startup Cost": 0.0,
                            "Total Cost": 270696.42,
                            "Plan Rows": 8372192,
                            "Plan Width": 4,
                            "Actual Startup Time": 0.012,
                            "Actual Total Time": 876.403,
                            "Actual Rows": 7154478,
                            "Actual Loops": 2,
                            "Filter": "(info_type_id < 103)",
                            "Rows Removed by Filter": 263382
                          },
                          {
                            "Node Type": "Hash",
                            "Parent Relationship": "Inner",
                            "Parallel Aware": true,
                            "Startup Cost": 50870.31,
                            "Total Cost": 50870.31,
                            "Plan Rows": 1487231,
                            "Plan Width": 4,
                            "Actual Startup Time": 471.686,
                            "Actual Total Time": 471.688,
                            "Actual Rows": 1264156,
                            "Actual Loops": 2,
                            "Hash Buckets": 4194304,
                            "Original Hash Buckets": 4194304,
                            "Hash Batches": 1,
                            "Original Hash Batches": 1,
                            "Peak Memory Usage": 131712,
                            "Plans": [
                              {
                                "Node Type": "Seq Scan",
                                "Parent Relationship": "Outer",
                                "Parallel Aware": true,
                                "Relation Name": "title",
                                "Alias": "t",
                                "Startup Cost": 0.0,
                                "Total Cost": 50870.31,
                                "Plan Rows": 1487231,
                                "Plan Width": 4,
                                "Actual Startup Time": 0.057,
                                "Actual Total Time": 153.807,
                                "Actual Rows": 1264156,
                                "Actual Loops": 2
                              }
                            ]
                          }
                        ]
                      }
                    ]
                  }
                ]
              }
            ]
          }
        ]
      }
    ]
  },
  "Planning Time": 1.019,
  "Triggers": [],
  "Execution Time": 18803.869
}