[
  {
    "Plan": {
      "Node Type": "Aggregate",
      "Strategy": "Plain",
      "Partial Mode": "Finalize",
      "Parallel Aware": false,
      "Startup Cost": 75675.63,
      "Total Cost": 75675.64,
      "Plan Rows": 1,
      "Plan Width": 8,
      "Actual Startup Time": 282.517,
      "Actual Total Time": 299.082,
      "Actual Rows": 1,
      "Actual Loops": 1,
      "Plans": [
        {
          "Node Type": "Gather",
          "Parent Relationship": "Outer",
          "Parallel Aware": false,
          "Startup Cost": 75675.32,
          "Total Cost": 75675.63,
          "Plan Rows": 3,
          "Plan Width": 8,
          "Actual Startup Time": 276.607,
          "Actual Total Time": 299.068,
          "Actual Rows": 4,
          "Actual Loops": 1,
          "Workers Planned": 3,
          "Workers Launched": 3,
          "Single Copy": false,
          "Plans": [
            {
              "Node Type": "Aggregate",
              "Strategy": "Plain",
              "Partial Mode": "Partial",
              "Parent Relationship": "Outer",
              "Parallel Aware": false,
              "Startup Cost": 74675.32,
              "Total Cost": 74675.33,
              "Plan Rows": 1,
              "Plan Width": 8,
              "Actual Startup Time": 267.97,
              "Actual Total Time": 267.976,
              "Actual Rows": 1,
              "Actual Loops": 4,
              "Plans": [
                {
                  "Node Type": "Hash Join",
                  "Parent Relationship": "Outer",
                  "Parallel Aware": true,
                  "Join Type": "Inner",
                  "Startup Cost": 49863.02,
                  "Total Cost": 74654.73,
                  "Plan Rows": 8236,
                  "Plan Width": 0,
                  "Actual Startup Time": 226.838,
                  "Actual Total Time": 266.732,
                  "Actual Rows": 17804,
                  "Actual Loops": 4,
                  "Inner Unique": true,
                  "Hash Cond": "(mk.movie_id = t.id)",
                  "Plans": [
                    {
                      "Node Type": "Bitmap Heap Scan",
                      "Parent Relationship": "Outer",
                      "Parallel Aware": true,
                      "Relation Name": "movie_keyword",
                      "Alias": "mk",
                      "Startup Cost": 1468.86,
                      "Total Cost": 26201.95,
                      "Plan Rows": 22328,
                      "Plan Width": 4,
                      "Actual Startup Time": 11.11,
                      "Actual Total Time": 38.312,
                      "Actual Rows": 18124,
                      "Actual Loops": 4,
                      "Recheck Cond": "(keyword_id = 335)",
                      "Rows Removed by Index Recheck": 0,
                      "Exact Heap Blocks": 6857,
                      "Lossy Heap Blocks": 0,
                      "Plans": [
                        {
                          "Node Type": "Bitmap Index Scan",
                          "Parent Relationship": "Outer",
                          "Parallel Aware": false,
                          "Index Name": "keyword_id_movie_keyword",
                          "Startup Cost": 0.0,
                          "Total Cost": 1451.55,
                          "Plan Rows": 69216,
                          "Plan Width": 0,
                          "Actual Startup Time": 7.304,
                          "Actual Total Time": 7.305,
                          "Actual Rows": 72496,
                          "Actual Loops": 1,
                          "Index Cond": "(keyword_id = 335)"
                        }
                      ]
                    },
                    {
                      "Node Type": "Hash",
                      "Parent Relationship": "Inner",
                      "Parallel Aware": true,
                      "Startup Cost": 45479.59,
                      "Total Cost": 45479.59,
                      "Plan Rows": 233166,
                      "Plan Width": 4,
                      "Actual Startup Time": 210.552,
                      "Actual Total Time": 210.555,
                      "Actual Rows": 227566,
                      "Actual Loops": 4,
                      "Hash Buckets": 1048576,
                      "Original Hash Buckets": 1048576,
                      "Hash Batches": 1,
                      "Original Hash Batches": 1,
                      "Peak Memory Usage": 43872,
                      "Plans": [
                        {
                          "Node Type": "Seq Scan",
                          "Parent Relationship": "Outer",
                          "Parallel Aware": true,
                          "Relation Name": "title",
                          "Alias": "t",
                          "Startup Cost": 0.0,
                          "Total Cost": 45479.59,
                          "Plan Rows": 233166,
                          "Plan Width": 4,
                          "Actual Startup Time": 0.049,
                          "Actual Total Time": 119.794,
                          "Actual Rows": 227566,
                          "Actual Loops": 4,
                          "Filter": "((kind_id < 7) AND (production_year > 1915))",
                          "Rows Removed by Filter": 404512
                        }
                      ]
                    }
                  ]
                }
              ]
            }
          ]
        }
      ]
    },
    "Planning Time": 0.558,
    "Triggers": [],
    "Execution Time": 299.163
  }
]