[
    {
        "Bao": {
            "Bao prediction": "NaN",
            "Bao recommended hint": "(no hint)"
        }
    },
    {
        "Plan": {
            "Node Type": "Aggregate",
            "Strategy": "Plain",
            "Partial Mode": "Simple",
            "Parallel Aware": false,
            "Startup Cost": 39887.79,
            "Total Cost": 39887.8,
            "Plan Rows": 1,
            "Plan Width": 8,
            "Actual Startup Time": 38.964,
            "Actual Total Time": 38.965,
            "Actual Rows": 1,
            "Actual Loops": 1,
            "Output": [
                "count(*)"
            ],
            "Plans": [
                {
                    "Node Type": "Bitmap Heap Scan",
                    "Parent Relationship": "Outer",
                    "Parallel Aware": false,
                    "Relation Name": "title",
                    "Schema": "public",
                    "Alias": "t",
                    "Startup Cost": 2107.59,
                    "Total Cost": 39877.95,
                    "Plan Rows": 3939,
                    "Plan Width": 0,
                    "Actual Startup Time": 7.519,
                    "Actual Total Time": 38.572,
                    "Actual Rows": 7727,
                    "Actual Loops": 1,
                    "Recheck Cond": "(t.kind_id = 4)",
                    "Rows Removed by Index Recheck": 0,
                    "Filter": "(t.production_year = 2004)",
                    "Rows Removed by Filter": 110507,
                    "Exact Heap Blocks": 12711,
                    "Lossy Heap Blocks": 0,
                    "Plans": [
                        {
                            "Node Type": "Bitmap Index Scan",
                            "Parent Relationship": "Outer",
                            "Parallel Aware": false,
                            "Index Name": "kind_id_title",
                            "Startup Cost": 0.0,
                            "Total Cost": 2106.61,
                            "Plan Rows": 118157,
                            "Plan Width": 0,
                            "Actual Startup Time": 5.544,
                            "Actual Total Time": 5.544,
                            "Actual Rows": 118234,
                            "Actual Loops": 1,
                            "Index Cond": "(t.kind_id = 4)"
                        }
                    ]
                }
            ]
        },
        "Planning Time": 185.172,
        "Triggers": [],
        "Execution Time": 39.026
    }
]