{
  "Plan": {
    "Node Type": "Aggregate",
    "Strategy": "Plain",
    "Partial Mode": "Finalize",
    "Parallel Aware": false,
    "Startup Cost": 134971.43,
    "Total Cost": 134971.44,
    "Plan Rows": 1,
    "Plan Width": 8,
    "Actual Startup Time": 652.005,
    "Actual Total Time": 669.973,
    "Actual Rows": 1,
    "Actual Loops": 1,
    "Plans": [
      {
        "Node Type": "Gather",
        "Parent Relationship": "Outer",
        "Parallel Aware": false,
        "Startup Cost": 134971.32,
        "Total Cost": 134971.43,
        "Plan Rows": 1,
        "Plan Width": 8,
        "Actual Startup Time": 650.618,
        "Actual Total Time": 669.965,
        "Actual Rows": 2,
        "Actual Loops": 1,
        "Workers Planned": 1,
        "Workers Launched": 1,
        "Single Copy": false,
        "Plans": [
          {
            "Node Type": "Aggregate",
            "Strategy": "Plain",
            "Partial Mode": "Partial",
            "Parent Relationship": "Outer",
            "Parallel Aware": false,
            "Startup Cost": 133971.32,
            "Total Cost": 133971.33,
            "Plan Rows": 1,
            "Plan Width": 8,
            "Actual Startup Time": 644.119,
            "Actual Total Time": 644.396,
            "Actual Rows": 1,
            "Actual Loops": 2,
            "Plans": [
              {
                "Node Type": "Hash Join",
                "Parent Relationship": "Outer",
                "Parallel Aware": true,
                "Join Type": "Inner",
                "Startup Cost": 93167.6,
                "Total Cost": 133699.78,
                "Plan Rows": 108618,
                "Plan Width": 0,
                "Actual Startup Time": 397.098,
                "Actual Total Time": 637.135,
                "Actual Rows": 168532,
                "Actual Loops": 2,
                "Inner Unique": false,
                "Hash Cond": "(mc.movie_id = t.id)",
                "Plans": [
                  {
                    "Node Type": "Seq Scan",
                    "Parent Relationship": "Outer",
                    "Parallel Aware": true,
                    "Relation Name": "movie_companies",
                    "Alias": "mc",
                    "Startup Cost": 0.0,
                    "Total Cost": 34137.82,
                    "Plan Rows": 1534782,
                    "Plan Width": 4,
                    "Actual Startup Time": 0.015,
                    "Actual Total Time": 98.606,
                    "Actual Rows": 1304564,
                    "Actual Loops": 2
                  },
                  {
                    "Node Type": "Hash",
                    "Parent Relationship": "Inner",
                    "Parallel Aware": true,
                    "Startup Cost": 91851.93,
                    "Total Cost": 91851.93,
                    "Plan Rows": 105253,
                    "Plan Width": 8,
                    "Actual Startup Time": 393.268,
                    "Actual Total Time": 393.544,
                    "Actual Rows": 55975,
                    "Actual Loops": 2,
                    "Hash Buckets": 262144,
                    "Original Hash Buckets": 262144,
                    "Hash Batches": 1,
                    "Original Hash Batches": 1,
                    "Peak Memory Usage": 6464,
                    "Plans": [
                      {
                        "Node Type": "Hash Join",
                        "Parent Relationship": "Outer",
                        "Parallel Aware": true,
                        "Join Type": "Inner",
                        "Startup Cost": 57729.82,
                        "Total Cost": 91851.93,
                        "Plan Rows": 105253,
                        "Plan Width": 8,
                        "Actual Startup Time": 201.103,
                        "Actual Total Time": 379.686,
                        "Actual Rows": 55975,
                        "Actual Loops": 2,
                        "Inner Unique": true,
                        "Hash Cond": "(ci.movie_id = t.id)",
                        "Plans": [
                          {
                            "Node Type": "Index Scan",
                            "Parent Relationship": "Outer",
                            "Parallel Aware": true,
                            "Scan Direction": "Forward",
                            "Index Name": "role_id_cast_info",
                            "Relation Name": "cast_info",
                            "Alias": "ci",
                            "Startup Cost": 0.56,
                            "Total Cost": 32487.36,
                            "Plan Rows": 622980,
                            "Plan Width": 4,
                            "Actual Startup Time": 0.15,
                            "Actual Total Time": 71.067,
                            "Actual Rows": 546779,
                            "Actual Loops": 2,
                            "Index Cond": "(role_id = 9)",
                            "Rows Removed by Index Recheck": 0
                          },
                          {
                            "Node Type": "Hash",
                            "Parent Relationship": "Inner",
                            "Parallel Aware": true,
                            "Startup Cost": 54588.39,
                            "Total Cost": 54588.39,
                            "Plan Rows": 251269,
                            "Plan Width": 4,
                            "Actual Startup Time": 196.796,
                            "Actual Total Time": 196.797,
                            "Actual Rows": 218758,
                            "Actual Loops": 2,
                            "Hash Buckets": 524288,
                            "Original Hash Buckets": 524288,
                            "Hash Batches": 1,
                            "Original Hash Batches": 1,
                            "Peak Memory Usage": 21248,
                            "Plans": [
                              {
                                "Node Type": "Seq Scan",
                                "Parent Relationship": "Outer",
                                "Parallel Aware": true,
                                "Relation Name": "title",
                                "Alias": "t",
                                "Startup Cost": 0.0,
                                "Total Cost": 54588.39,
                                "Plan Rows": 251269,
                                "Plan Width": 4,
                                "Actual Startup Time": 0.033,
                                "Actual Total Time": 143.819,
                                "Actual Rows": 218758,
                                "Actual Loops": 2,
                                "Filter": "(production_year < 1975)",
                                "Rows Removed by Filter": 1045398
                              }
                            ]
                          }
                        ]
                      }
                    ]
                  }
                ]
              }
            ]
          }
        ]
      }
    ]
  },
  "Planning Time": 1.226,
  "Triggers": [],
  "Execution Time": 670.152
}