[
  {
    "Plan": {
      "Node Type": "Aggregate",
      "Strategy": "Plain",
      "Partial Mode": "Finalize",
      "Parallel Aware": false,
      "Startup Cost": 44620.13,
      "Total Cost": 44620.14,
      "Plan Rows": 1,
      "Plan Width": 8,
      "Actual Startup Time": 147.838,
      "Actual Total Time": 156.655,
      "Actual Rows": 1,
      "Actual Loops": 1,
      "Plans": [
        {
          "Node Type": "Gather",
          "Parent Relationship": "Outer",
          "Parallel Aware": false,
          "Startup Cost": 44619.81,
          "Total Cost": 44620.12,
          "Plan Rows": 3,
          "Plan Width": 8,
          "Actual Startup Time": 147.726,
          "Actual Total Time": 156.646,
          "Actual Rows": 4,
          "Actual Loops": 1,
          "Workers Planned": 3,
          "Workers Launched": 3,
          "Single Copy": false,
          "Plans": [
            {
              "Node Type": "Aggregate",
              "Strategy": "Plain",
              "Partial Mode": "Partial",
              "Parent Relationship": "Outer",
              "Parallel Aware": false,
              "Startup Cost": 43619.81,
              "Total Cost": 43619.82,
              "Plan Rows": 1,
              "Plan Width": 8,
              "Actual Startup Time": 139.063,
              "Actual Total Time": 139.065,
              "Actual Rows": 1,
              "Actual Loops": 4,
              "Plans": [
                {
                  "Node Type": "Seq Scan",
                  "Parent Relationship": "Outer",
                  "Parallel Aware": true,
                  "Relation Name": "movie_keyword",
                  "Alias": "mk",
                  "Startup Cost": 0.0,
                  "Total Cost": 42695.65,
                  "Plan Rows": 369662,
                  "Plan Width": 0,
                  "Actual Startup Time": 3.341,
                  "Actual Total Time": 122.134,
                  "Actual Rows": 286816,
                  "Actual Loops": 4,
                  "Filter": "(keyword_id > 16236)",
                  "Rows Removed by Filter": 844166
                }
              ]
            }
          ]
        }
      ]
    },
    "Planning Time": 0.157,
    "Triggers": [],
    "Execution Time": 156.705
  }
]