[
  {
    "Plan": {
      "Node Type": "Aggregate",
      "Strategy": "Plain",
      "Partial Mode": "Finalize",
      "Parallel Aware": false,
      "Startup Cost": 33217.85,
      "Total Cost": 33217.86,
      "Plan Rows": 1,
      "Plan Width": 8,
      "Actual Startup Time": 116.215,
      "Actual Total Time": 126.714,
      "Actual Rows": 1,
      "Actual Loops": 1,
      "Plans": [
        {
          "Node Type": "Gather",
          "Parent Relationship": "Outer",
          "Parallel Aware": false,
          "Startup Cost": 33217.53,
          "Total Cost": 33217.84,
          "Plan Rows": 3,
          "Plan Width": 8,
          "Actual Startup Time": 116.089,
          "Actual Total Time": 126.706,
          "Actual Rows": 4,
          "Actual Loops": 1,
          "Workers Planned": 3,
          "Workers Launched": 3,
          "Single Copy": false,
          "Plans": [
            {
              "Node Type": "Aggregate",
              "Strategy": "Plain",
              "Partial Mode": "Partial",
              "Parent Relationship": "Outer",
              "Parallel Aware": false,
              "Startup Cost": 32217.53,
              "Total Cost": 32217.54,
              "Plan Rows": 1,
              "Plan Width": 8,
              "Actual Startup Time": 111.98,
              "Actual Total Time": 111.981,
              "Actual Rows": 1,
              "Actual Loops": 4,
              "Plans": [
                {
                  "Node Type": "Seq Scan",
                  "Parent Relationship": "Outer",
                  "Parallel Aware": true,
                  "Relation Name": "movie_companies",
                  "Alias": "mc",
                  "Startup Cost": 0.0,
                  "Total Cost": 31414.82,
                  "Plan Rows": 321085,
                  "Plan Width": 0,
                  "Actual Startup Time": 45.21,
                  "Actual Total Time": 94.936,
                  "Actual Rows": 287515,
                  "Actual Loops": 4,
                  "Filter": "((company_id > 916) AND (company_type_id = 2))",
                  "Rows Removed by Filter": 364767
                }
              ]
            }
          ]
        }
      ]
    },
    "Planning Time": 0.192,
    "Triggers": [],
    "Execution Time": 126.775
  }
]