[
  {
    "Plan": {
      "Node Type": "Aggregate",
      "Strategy": "Plain",
      "Partial Mode": "Finalize",
      "Parallel Aware": false,
      "Startup Cost": 33214.1,
      "Total Cost": 33214.11,
      "Plan Rows": 1,
      "Plan Width": 8,
      "Actual Startup Time": 97.038,
      "Actual Total Time": 103.07,
      "Actual Rows": 1,
      "Actual Loops": 1,
      "Plans": [
        {
          "Node Type": "Gather",
          "Parent Relationship": "Outer",
          "Parallel Aware": false,
          "Startup Cost": 33213.78,
          "Total Cost": 33214.09,
          "Plan Rows": 3,
          "Plan Width": 8,
          "Actual Startup Time": 96.932,
          "Actual Total Time": 103.061,
          "Actual Rows": 4,
          "Actual Loops": 1,
          "Workers Planned": 3,
          "Workers Launched": 3,
          "Single Copy": false,
          "Plans": [
            {
              "Node Type": "Aggregate",
              "Strategy": "Plain",
              "Partial Mode": "Partial",
              "Parent Relationship": "Outer",
              "Parallel Aware": false,
              "Startup Cost": 32213.78,
              "Total Cost": 32213.79,
              "Plan Rows": 1,
              "Plan Width": 8,
              "Actual Startup Time": 91.032,
              "Actual Total Time": 91.033,
              "Actual Rows": 1,
              "Actual Loops": 4,
              "Plans": [
                {
                  "Node Type": "Seq Scan",
                  "Parent Relationship": "Outer",
                  "Parallel Aware": true,
                  "Relation Name": "movie_companies",
                  "Alias": "mc",
                  "Startup Cost": 0.0,
                  "Total Cost": 31414.82,
                  "Plan Rows": 319584,
                  "Plan Width": 0,
                  "Actual Startup Time": 45.653,
                  "Actual Total Time": 80.104,
                  "Actual Rows": 287515,
                  "Actual Loops": 4,
                  "Filter": "((company_id > 916) AND (company_type_id = 2))",
                  "Rows Removed by Filter": 364767
                }
              ]
            }
          ]
        }
      ]
    },
    "Planning Time": 0.195,
    "Triggers": [],
    "Execution Time": 103.121
  }
]