[
  {
    "Plan": {
      "Node Type": "Aggregate",
      "Strategy": "Plain",
      "Partial Mode": "Finalize",
      "Parallel Aware": false,
      "Startup Cost": 305251.04,
      "Total Cost": 305251.05,
      "Plan Rows": 1,
      "Plan Width": 8,
      "Actual Startup Time": 625.952,
      "Actual Total Time": 656.17,
      "Actual Rows": 1,
      "Actual Loops": 1,
      "Plans": [
        {
          "Node Type": "Gather",
          "Parent Relationship": "Outer",
          "Parallel Aware": false,
          "Startup Cost": 305250.52,
          "Total Cost": 305251.03,
          "Plan Rows": 5,
          "Plan Width": 8,
          "Actual Startup Time": 594.265,
          "Actual Total Time": 656.159,
          "Actual Rows": 6,
          "Actual Loops": 1,
          "Workers Planned": 5,
          "Workers Launched": 5,
          "Single Copy": false,
          "Plans": [
            {
              "Node Type": "Aggregate",
              "Strategy": "Plain",
              "Partial Mode": "Partial",
              "Parent Relationship": "Outer",
              "Parallel Aware": false,
              "Startup Cost": 304250.52,
              "Total Cost": 304250.53,
              "Plan Rows": 1,
              "Plan Width": 8,
              "Actual Startup Time": 584.56,
              "Actual Total Time": 584.566,
              "Actual Rows": 1,
              "Actual Loops": 6,
              "Plans": [
                {
                  "Node Type": "Hash Join",
                  "Parent Relationship": "Outer",
                  "Parallel Aware": true,
                  "Join Type": "Inner",
                  "Startup Cost": 225239.35,
                  "Total Cost": 303940.14,
                  "Plan Rows": 124153,
                  "Plan Width": 0,
                  "Actual Startup Time": 398.036,
                  "Actual Total Time": 575.573,
                  "Actual Rows": 196700,
                  "Actual Loops": 6,
                  "Inner Unique": false,
                  "Hash Cond": "(ci.movie_id = t.id)",
                  "Plans": [
                    {
                      "Node Type": "Index Scan",
                      "Parent Relationship": "Outer",
                      "Parallel Aware": true,
                      "Scan Direction": "Forward",
                      "Index Name": "role_id_cast_info",
                      "Relation Name": "cast_info",
                      "Alias": "ci",
                      "Startup Cost": 0.56,
                      "Total Cost": 76316.49,
                      "Plan Rows": 569746,
                      "Plan Width": 4,
                      "Actual Startup Time": 0.173,
                      "Actual Total Time": 80.175,
                      "Actual Rows": 454824,
                      "Actual Loops": 6,
                      "Index Cond": "(role_id = 4)",
                      "Rows Removed by Index Recheck": 0
                    },
                    {
                      "Node Type": "Hash",
                      "Parent Relationship": "Inner",
                      "Parallel Aware": true,
                      "Startup Cost": 223861.44,
                      "Total Cost": 223861.44,
                      "Plan Rows": 110188,
                      "Plan Width": 8,
                      "Actual Startup Time": 394.74,
                      "Actual Total Time": 394.745,
                      "Actual Rows": 87794,
                      "Actual Loops": 6,
                      "Hash Buckets": 1048576,
                      "Original Hash Buckets": 1048576,
                      "Hash Batches": 1,
                      "Original Hash Batches": 1,
                      "Peak Memory Usage": 28896,
                      "Plans": [
                        {
                          "Node Type": "Hash Join",
                          "Parent Relationship": "Outer",
                          "Parallel Aware": true,
                          "Join Type": "Inner",
                          "Startup Cost": 60201.85,
                          "Total Cost": 223861.44,
                          "Plan Rows": 110188,
                          "Plan Width": 8,
                          "Actual Startup Time": 310.42,
                          "Actual Total Time": 361.857,
                          "Actual Rows": 87794,
                          "Actual Loops": 6,
                          "Inner Unique": true,
                          "Hash Cond": "(mi.movie_id = t.id)",
                          "Plans": [
                            {
                              "Node Type": "Bitmap Heap Scan",
                              "Parent Relationship": "Outer",
                              "Parallel Aware": true,
                              "Relation Name": "movie_info",
                              "Alias": "mi",
                              "Startup Cost": 9982.2,
                              "Total Cost": 173352.55,
                              "Plan Rows": 110188,
                              "Plan Width": 4,
                              "Actual Startup Time": 18.286,
                              "Actual Total Time": 35.316,
                              "Actual Rows": 87794,
                              "Actual Loops": 6,
                              "Recheck Cond": "(info_type_id > 102)",
                              "Rows Removed by Index Recheck": 0,
                              "Exact Heap Blocks": 970,
                              "Lossy Heap Blocks": 0,
                              "Plans": [
                                {
                                  "Node Type": "Bitmap Index Scan",
                                  "Parent Relationship": "Outer",
                                  "Parallel Aware": false,
                                  "Index Name": "info_type_id_movie_info",
                                  "Startup Cost": 0.0,
                                  "Total Cost": 9844.47,
                                  "Plan Rows": 550938,
                                  "Plan Width": 0,
                                  "Actual Startup Time": 17.364,
                                  "Actual Total Time": 17.364,
                                  "Actual Rows": 526764,
                                  "Actual Loops": 1,
                                  "Index Cond": "(info_type_id > 102)"
                                }
                              ]
                            },
                            {
                              "Node Type": "Hash",
                              "Parent Relationship": "Inner",
                              "Parallel Aware": true,
                              "Startup Cost": 42318.73,
                              "Total Cost": 42318.73,
                              "Plan Rows": 632073,
                              "Plan Width": 4,
                              "Actual Startup Time": 286.01,
                              "Actual Total Time": 286.011,
                              "Actual Rows": 421385,
                              "Actual Loops": 6,
                              "Hash Buckets": 4194304,
                              "Original Hash Buckets": 4194304,
                              "Hash Batches": 1,
                              "Original Hash Batches": 1,
                              "Peak Memory Usage": 131776,
                              "Plans": [
                                {
                                  "Node Type": "Seq Scan",
                                  "Parent Relationship": "Outer",
                                  "Parallel Aware": true,
                                  "Relation Name": "title",
                                  "Alias": "t",
                                  "Startup Cost": 0.0,
                                  "Total Cost": 42318.73,
                                  "Plan Rows": 632073,
                                  "Plan Width": 4,
                                  "Actual Startup Time": 0.053,
                                  "Actual Total Time": 79.578,
                                  "Actual Rows": 421385,
                                  "Actual Loops": 6
                                }
                              ]
                            }
                          ]
                        }
                      ]
                    }
                  ]
                }
              ]
            }
          ]
        }
      ]
    },
    "Planning Time": 1.104,
    "Triggers": [],
    "Execution Time": 656.266
  }
]