{
  "Plan": {
    "Node Type": "Aggregate",
    "Strategy": "Plain",
    "Partial Mode": "Finalize",
    "Parallel Aware": false,
    "Startup Cost": 155769.35,
    "Total Cost": 155769.36,
    "Plan Rows": 1,
    "Plan Width": 8,
    "Actual Startup Time": 581.81,
    "Actual Total Time": 598.695,
    "Actual Rows": 1,
    "Actual Loops": 1,
    "Plans": [
      {
        "Node Type": "Gather",
        "Parent Relationship": "Outer",
        "Parallel Aware": false,
        "Startup Cost": 155769.24,
        "Total Cost": 155769.35,
        "Plan Rows": 1,
        "Plan Width": 8,
        "Actual Startup Time": 579.469,
        "Actual Total Time": 598.686,
        "Actual Rows": 2,
        "Actual Loops": 1,
        "Workers Planned": 1,
        "Workers Launched": 1,
        "Single Copy": false,
        "Plans": [
          {
            "Node Type": "Aggregate",
            "Strategy": "Plain",
            "Partial Mode": "Partial",
            "Parent Relationship": "Outer",
            "Parallel Aware": false,
            "Startup Cost": 154769.24,
            "Total Cost": 154769.25,
            "Plan Rows": 1,
            "Plan Width": 8,
            "Actual Startup Time": 573.594,
            "Actual Total Time": 573.596,
            "Actual Rows": 1,
            "Actual Loops": 2,
            "Plans": [
              {
                "Node Type": "Merge Join",
                "Parent Relationship": "Outer",
                "Parallel Aware": false,
                "Join Type": "Inner",
                "Startup Cost": 101584.02,
                "Total Cost": 154482.45,
                "Plan Rows": 114714,
                "Plan Width": 0,
                "Actual Startup Time": 341.874,
                "Actual Total Time": 568.251,
                "Actual Rows": 116875,
                "Actual Loops": 2,
                "Inner Unique": true,
                "Merge Cond": "(mi_idx.movie_id = t.id)",
                "Plans": [
                  {
                    "Node Type": "Index Only Scan",
                    "Parent Relationship": "Outer",
                    "Parallel Aware": true,
                    "Scan Direction": "Forward",
                    "Index Name": "movie_id_movie_info_idx",
                    "Relation Name": "movie_info_idx",
                    "Alias": "mi_idx",
                    "Startup Cost": 0.43,
                    "Total Cost": 47937.73,
                    "Plan Rows": 811785,
                    "Plan Width": 4,
                    "Actual Startup Time": 0.122,
                    "Actual Total Time": 123.808,
                    "Actual Rows": 690018,
                    "Actual Loops": 2,
                    "Heap Fetches": 1380035
                  },
                  {
                    "Node Type": "Sort",
                    "Parent Relationship": "Inner",
                    "Parallel Aware": false,
                    "Startup Cost": 101583.56,
                    "Total Cost": 102476.75,
                    "Plan Rows": 357275,
                    "Plan Width": 4,
                    "Actual Startup Time": 341.673,
                    "Actual Total Time": 376.702,
                    "Actual Rows": 301812,
                    "Actual Loops": 2,
                    "Sort Key": [
                      "t.id"
                    ],
                    "Sort Method": "quicksort",
                    "Sort Space Used": 26449,
                    "Sort Space Type": "Memory",
                    "Workers": [
                      {
                        "Worker Number": 0,
                        "Sort Method": "quicksort",
                        "Sort Space Used": 26449,
                        "Sort Space Type": "Memory"
                      }
                    ],
                    "Plans": [
                      {
                        "Node Type": "Bitmap Heap Scan",
                        "Parent Relationship": "Outer",
                        "Parallel Aware": false,
                        "Relation Name": "title",
                        "Alias": "t",
                        "Startup Cost": 17761.46,
                        "Total Cost": 68630.88,
                        "Plan Rows": 357275,
                        "Plan Width": 4,
                        "Actual Startup Time": 66.257,
                        "Actual Total Time": 251.854,
                        "Actual Rows": 302088,
                        "Actual Loops": 2,
                        "Recheck Cond": "(kind_id < 7)",
                        "Rows Removed by Index Recheck": 0,
                        "Filter": "(production_year > 2006)",
                        "Rows Removed by Filter": 682960,
                        "Exact Heap Blocks": 35472,
                        "Lossy Heap Blocks": 0,
                        "Plans": [
                          {
                            "Node Type": "Bitmap Index Scan",
                            "Parent Relationship": "Outer",
                            "Parallel Aware": false,
                            "Index Name": "kind_id_title",
                            "Startup Cost": 0.0,
                            "Total Cost": 17672.14,
                            "Plan Rows": 991428,
                            "Plan Width": 0,
                            "Actual Startup Time": 59.921,
                            "Actual Total Time": 59.921,
                            "Actual Rows": 985048,
                            "Actual Loops": 2,
                            "Index Cond": "(kind_id < 7)"
                          }
                        ]
                      }
                    ]
                  }
                ]
              }
            ]
          }
        ]
      }
    ]
  },
  "Planning Time": 0.699,
  "Triggers": [],
  "Execution Time": 598.799
}