[
  {
    "Plan": {
      "Node Type": "Aggregate",
      "Strategy": "Plain",
      "Partial Mode": "Finalize",
      "Parallel Aware": false,
      "Startup Cost": 69591.91,
      "Total Cost": 69591.92,
      "Plan Rows": 1,
      "Plan Width": 8,
      "Actual Startup Time": 101.13,
      "Actual Total Time": 115.113,
      "Actual Rows": 1,
      "Actual Loops": 1,
      "Plans": [
        {
          "Node Type": "Gather",
          "Parent Relationship": "Outer",
          "Parallel Aware": false,
          "Startup Cost": 69591.49,
          "Total Cost": 69591.9,
          "Plan Rows": 4,
          "Plan Width": 8,
          "Actual Startup Time": 101.003,
          "Actual Total Time": 115.104,
          "Actual Rows": 5,
          "Actual Loops": 1,
          "Workers Planned": 4,
          "Workers Launched": 4,
          "Single Copy": false,
          "Plans": [
            {
              "Node Type": "Aggregate",
              "Strategy": "Plain",
              "Partial Mode": "Partial",
              "Parent Relationship": "Outer",
              "Parallel Aware": false,
              "Startup Cost": 68591.49,
              "Total Cost": 68591.5,
              "Plan Rows": 1,
              "Plan Width": 8,
              "Actual Startup Time": 91.592,
              "Actual Total Time": 91.593,
              "Actual Rows": 1,
              "Actual Loops": 5,
              "Plans": [
                {
                  "Node Type": "Nested Loop",
                  "Parent Relationship": "Outer",
                  "Parallel Aware": false,
                  "Join Type": "Inner",
                  "Startup Cost": 0.43,
                  "Total Cost": 68589.6,
                  "Plan Rows": 757,
                  "Plan Width": 0,
                  "Actual Startup Time": 0.564,
                  "Actual Total Time": 91.46,
                  "Actual Rows": 946,
                  "Actual Loops": 5,
                  "Inner Unique": false,
                  "Plans": [
                    {
                      "Node Type": "Seq Scan",
                      "Parent Relationship": "Outer",
                      "Parallel Aware": true,
                      "Relation Name": "title",
                      "Alias": "t",
                      "Startup Cost": 0.0,
                      "Total Cost": 45479.1,
                      "Plan Rows": 2080,
                      "Plan Width": 4,
                      "Actual Startup Time": 0.185,
                      "Actual Total Time": 78.936,
                      "Actual Rows": 1648,
                      "Actual Loops": 5,
                      "Filter": "((kind_id > 4) AND (production_year = 1978))",
                      "Rows Removed by Filter": 504014
                    },
                    {
                      "Node Type": "Index Scan",
                      "Parent Relationship": "Inner",
                      "Parallel Aware": false,
                      "Scan Direction": "Forward",
                      "Index Name": "movie_id_movie_companies",
                      "Relation Name": "movie_companies",
                      "Alias": "mc",
                      "Startup Cost": 0.43,
                      "Total Cost": 11.09,
                      "Plan Rows": 2,
                      "Plan Width": 4,
                      "Actual Startup Time": 0.006,
                      "Actual Total Time": 0.007,
                      "Actual Rows": 1,
                      "Actual Loops": 8241,
                      "Index Cond": "(movie_id = t.id)",
                      "Rows Removed by Index Recheck": 0,
                      "Filter": "(company_id < 3171)",
                      "Rows Removed by Filter": 0
                    }
                  ]
                }
              ]
            }
          ]
        }
      ]
    },
    "Planning Time": 0.691,
    "Triggers": [],
    "Execution Time": 115.183
  }
]