{
  "Plan": {
    "Node Type": "Aggregate",
    "Strategy": "Plain",
    "Partial Mode": "Finalize",
    "Parallel Aware": false,
    "Startup Cost": 40434.15,
    "Total Cost": 40434.16,
    "Plan Rows": 1,
    "Plan Width": 8,
    "Actual Startup Time": 50.035,
    "Actual Total Time": 55.001,
    "Actual Rows": 1,
    "Actual Loops": 1,
    "Plans": [
      {
        "Node Type": "Gather",
        "Parent Relationship": "Outer",
        "Parallel Aware": false,
        "Startup Cost": 40434.03,
        "Total Cost": 40434.14,
        "Plan Rows": 1,
        "Plan Width": 8,
        "Actual Startup Time": 49.94,
        "Actual Total Time": 54.996,
        "Actual Rows": 2,
        "Actual Loops": 1,
        "Workers Planned": 1,
        "Workers Launched": 1,
        "Single Copy": false,
        "Plans": [
          {
            "Node Type": "Aggregate",
            "Strategy": "Plain",
            "Partial Mode": "Partial",
            "Parent Relationship": "Outer",
            "Parallel Aware": false,
            "Startup Cost": 39434.03,
            "Total Cost": 39434.04,
            "Plan Rows": 1,
            "Plan Width": 8,
            "Actual Startup Time": 43.911,
            "Actual Total Time": 43.912,
            "Actual Rows": 1,
            "Actual Loops": 2,
            "Plans": [
              {
                "Node Type": "Nested Loop",
                "Parent Relationship": "Outer",
                "Parallel Aware": false,
                "Join Type": "Inner",
                "Startup Cost": 131.61,
                "Total Cost": 39430.65,
                "Plan Rows": 1352,
                "Plan Width": 0,
                "Actual Startup Time": 4.524,
                "Actual Total Time": 43.669,
                "Actual Rows": 1574,
                "Actual Loops": 2,
                "Inner Unique": true,
                "Plans": [
                  {
                    "Node Type": "Bitmap Heap Scan",
                    "Parent Relationship": "Outer",
                    "Parallel Aware": true,
                    "Relation Name": "movie_keyword",
                    "Alias": "mk",
                    "Startup Cost": 131.18,
                    "Total Cost": 14106.22,
                    "Plan Rows": 3548,
                    "Plan Width": 4,
                    "Actual Startup Time": 4.038,
                    "Actual Total Time": 15.052,
                    "Actual Rows": 3834,
                    "Actual Loops": 2,
                    "Recheck Cond": "(keyword_id = 231)",
                    "Rows Removed by Index Recheck": 0,
                    "Exact Heap Blocks": 5423,
                    "Lossy Heap Blocks": 0,
                    "Plans": [
                      {
                        "Node Type": "Bitmap Index Scan",
                        "Parent Relationship": "Outer",
                        "Parallel Aware": false,
                        "Index Name": "keyword_id_movie_keyword",
                        "Startup Cost": 0.0,
                        "Total Cost": 129.67,
                        "Plan Rows": 6032,
                        "Plan Width": 0,
                        "Actual Startup Time": 4.6,
                        "Actual Total Time": 4.601,
                        "Actual Rows": 7668,
                        "Actual Loops": 1,
                        "Index Cond": "(keyword_id = 231)"
                      }
                    ]
                  },
                  {
                    "Node Type": "Index Scan",
                    "Parent Relationship": "Inner",
                    "Parallel Aware": false,
                    "Scan Direction": "Forward",
                    "Index Name": "title_pkey",
                    "Relation Name": "title",
                    "Alias": "t",
                    "Startup Cost": 0.43,
                    "Total Cost": 7.14,
                    "Plan Rows": 1,
                    "Plan Width": 4,
                    "Actual Startup Time": 0.007,
                    "Actual Total Time": 0.007,
                    "Actual Rows": 0,
                    "Actual Loops": 7668,
                    "Index Cond": "(id = mk.movie_id)",
                    "Rows Removed by Index Recheck": 0,
                    "Filter": "(production_year < 1999)",
                    "Rows Removed by Filter": 1
                  }
                ]
              }
            ]
          }
        ]
      }
    ]
  },
  "Planning Time": 0.456,
  "Triggers": [],
  "Execution Time": 55.086
}