[
  {
    "Plan": {
      "Node Type": "Aggregate",
      "Strategy": "Plain",
      "Partial Mode": "Finalize",
      "Parallel Aware": false,
      "Startup Cost": 95830.01,
      "Total Cost": 95830.02,
      "Plan Rows": 1,
      "Plan Width": 8,
      "Actual Startup Time": 502.538,
      "Actual Total Time": 517.685,
      "Actual Rows": 1,
      "Actual Loops": 1,
      "Plans": [
        {
          "Node Type": "Gather",
          "Parent Relationship": "Outer",
          "Parallel Aware": false,
          "Startup Cost": 95829.69,
          "Total Cost": 95830.0,
          "Plan Rows": 3,
          "Plan Width": 8,
          "Actual Startup Time": 494.627,
          "Actual Total Time": 517.677,
          "Actual Rows": 4,
          "Actual Loops": 1,
          "Workers Planned": 3,
          "Workers Launched": 3,
          "Single Copy": false,
          "Plans": [
            {
              "Node Type": "Aggregate",
              "Strategy": "Plain",
              "Partial Mode": "Partial",
              "Parent Relationship": "Outer",
              "Parallel Aware": false,
              "Startup Cost": 94829.69,
              "Total Cost": 94829.7,
              "Plan Rows": 1,
              "Plan Width": 8,
              "Actual Startup Time": 481.533,
              "Actual Total Time": 481.536,
              "Actual Rows": 1,
              "Actual Loops": 4,
              "Plans": [
                {
                  "Node Type": "Hash Join",
                  "Parent Relationship": "Outer",
                  "Parallel Aware": true,
                  "Join Type": "Inner",
                  "Startup Cost": 49906.99,
                  "Total Cost": 92785.07,
                  "Plan Rows": 817850,
                  "Plan Width": 0,
                  "Actual Startup Time": 243.361,
                  "Actual Total Time": 467.336,
                  "Actual Rows": 351109,
                  "Actual Loops": 4,
                  "Inner Unique": true,
                  "Hash Cond": "(mk.movie_id = t.id)",
                  "Plans": [
                    {
                      "Node Type": "Seq Scan",
                      "Parent Relationship": "Outer",
                      "Parallel Aware": true,
                      "Relation Name": "movie_keyword",
                      "Alias": "mk",
                      "Startup Cost": 0.0,
                      "Total Cost": 39047.32,
                      "Plan Rows": 1459332,
                      "Plan Width": 4,
                      "Actual Startup Time": 0.022,
                      "Actual Total Time": 87.718,
                      "Actual Rows": 1130982,
                      "Actual Loops": 4
                    },
                    {
                      "Node Type": "Hash",
                      "Parent Relationship": "Inner",
                      "Parallel Aware": true,
                      "Startup Cost": 45479.1,
                      "Total Cost": 45479.1,
                      "Plan Rows": 354231,
                      "Plan Width": 4,
                      "Actual Startup Time": 235.479,
                      "Actual Total Time": 235.48,
                      "Actual Rows": 349680,
                      "Actual Loops": 4,
                      "Hash Buckets": 2097152,
                      "Original Hash Buckets": 2097152,
                      "Hash Batches": 1,
                      "Original Hash Batches": 1,
                      "Peak Memory Usage": 71168,
                      "Plans": [
                        {
                          "Node Type": "Seq Scan",
                          "Parent Relationship": "Outer",
                          "Parallel Aware": true,
                          "Relation Name": "title",
                          "Alias": "t",
                          "Startup Cost": 0.0,
                          "Total Cost": 45479.1,
                          "Plan Rows": 354231,
                          "Plan Width": 4,
                          "Actual Startup Time": 0.044,
                          "Actual Total Time": 106.144,
                          "Actual Rows": 349680,
                          "Actual Loops": 4,
                          "Filter": "((kind_id > 1) AND (production_year < 2010))",
                          "Rows Removed by Filter": 282398
                        }
                      ]
                    }
                  ]
                }
              ]
            }
          ]
        }
      ]
    },
    "Planning Time": 0.641,
    "Triggers": [],
    "Execution Time": 517.751
  }
]