[
    {
        "Bao": {
            "Bao prediction": "NaN",
            "Bao recommended hint": "(no hint)"
        }
    },
    {
        "Plan": {
            "Node Type": "Aggregate",
            "Strategy": "Plain",
            "Partial Mode": "Finalize",
            "Parallel Aware": false,
            "Startup Cost": 332189.28,
            "Total Cost": 332189.29,
            "Plan Rows": 1,
            "Plan Width": 8,
            "Actual Startup Time": 553.506,
            "Actual Total Time": 574.446,
            "Actual Rows": 1,
            "Actual Loops": 1,
            "Output": [
                "count(*)"
            ],
            "Plans": [
                {
                    "Node Type": "Gather",
                    "Parent Relationship": "Outer",
                    "Parallel Aware": false,
                    "Startup Cost": 332188.66,
                    "Total Cost": 332189.27,
                    "Plan Rows": 6,
                    "Plan Width": 8,
                    "Actual Startup Time": 553.407,
                    "Actual Total Time": 574.436,
                    "Actual Rows": 7,
                    "Actual Loops": 1,
                    "Output": [
                        "(PARTIAL count(*))"
                    ],
                    "Workers Planned": 6,
                    "Workers Launched": 6,
                    "Single Copy": false,
                    "Plans": [
                        {
                            "Node Type": "Aggregate",
                            "Strategy": "Plain",
                            "Partial Mode": "Partial",
                            "Parent Relationship": "Outer",
                            "Parallel Aware": false,
                            "Startup Cost": 331188.66,
                            "Total Cost": 331188.67,
                            "Plan Rows": 1,
                            "Plan Width": 8,
                            "Actual Startup Time": 543.535,
                            "Actual Total Time": 543.536,
                            "Actual Rows": 1,
                            "Actual Loops": 7,
                            "Output": [
                                "PARTIAL count(*)"
                            ],
                            "Workers": [
                                {
                                    "Worker Number": 0,
                                    "Actual Startup Time": 541.196,
                                    "Actual Total Time": 541.198,
                                    "Actual Rows": 1,
                                    "Actual Loops": 1
                                },
                                {
                                    "Worker Number": 1,
                                    "Actual Startup Time": 541.552,
                                    "Actual Total Time": 541.553,
                                    "Actual Rows": 1,
                                    "Actual Loops": 1
                                },
                                {
                                    "Worker Number": 2,
                                    "Actual Startup Time": 541.774,
                                    "Actual Total Time": 541.775,
                                    "Actual Rows": 1,
                                    "Actual Loops": 1
                                },
                                {
                                    "Worker Number": 3,
                                    "Actual Startup Time": 541.677,
                                    "Actual Total Time": 541.679,
                                    "Actual Rows": 1,
                                    "Actual Loops": 1
                                },
                                {
                                    "Worker Number": 4,
                                    "Actual Startup Time": 542.645,
                                    "Actual Total Time": 542.646,
                                    "Actual Rows": 1,
                                    "Actual Loops": 1
                                },
                                {
                                    "Worker Number": 5,
                                    "Actual Startup Time": 542.938,
                                    "Actual Total Time": 542.939,
                                    "Actual Rows": 1,
                                    "Actual Loops": 1
                                }
                            ],
                            "Plans": [
                                {
                                    "Node Type": "Seq Scan",
                                    "Parent Relationship": "Outer",
                                    "Parallel Aware": true,
                                    "Relation Name": "cast_info",
                                    "Schema": "public",
                                    "Alias": "ci",
                                    "Startup Cost": 0.0,
                                    "Total Cost": 328213.62,
                                    "Plan Rows": 1190016,
                                    "Plan Width": 0,
                                    "Actual Startup Time": 310.672,
                                    "Actual Total Time": 502.578,
                                    "Actual Rows": 1015144,
                                    "Actual Loops": 7,
                                    "Output": [
                                        "id",
                                        "person_id",
                                        "movie_id",
                                        "person_role_id",
                                        "note",
                                        "nr_order",
                                        "role_id"
                                    ],
                                    "Filter": "(ci.person_id > 2956314)",
                                    "Rows Removed by Filter": 4162619,
                                    "Workers": [
                                        {
                                            "Worker Number": 0,
                                            "Actual Startup Time": 308.342,
                                            "Actual Total Time": 501.28,
                                            "Actual Rows": 973187,
                                            "Actual Loops": 1
                                        },
                                        {
                                            "Worker Number": 1,
                                            "Actual Startup Time": 308.697,
                                            "Actual Total Time": 502.488,
                                            "Actual Rows": 952228,
                                            "Actual Loops": 1
                                        },
                                        {
                                            "Worker Number": 2,
                                            "Actual Startup Time": 308.904,
                                            "Actual Total Time": 501.621,
                                            "Actual Rows": 975268,
                                            "Actual Loops": 1
                                        },
                                        {
                                            "Worker Number": 3,
                                            "Actual Startup Time": 308.825,
                                            "Actual Total Time": 501.529,
                                            "Actual Rows": 971467,
                                            "Actual Loops": 1
                                        },
                                        {
                                            "Worker Number": 4,
                                            "Actual Startup Time": 309.78,
                                            "Actual Total Time": 503.703,
                                            "Actual Rows": 946784,
                                            "Actual Loops": 1
                                        },
                                        {
                                            "Worker Number": 5,
                                            "Actual Startup Time": 310.068,
                                            "Actual Total Time": 503.672,
                                            "Actual Rows": 957774,
                                            "Actual Loops": 1
                                        }
                                    ]
                                }
                            ]
                        }
                    ]
                }
            ]
        },
        "Planning Time": 202.828,
        "Triggers": [],
        "Execution Time": 574.498
    }
]