[
  {
    "Plan": {
      "Node Type": "Aggregate",
      "Strategy": "Plain",
      "Partial Mode": "Finalize",
      "Parallel Aware": false,
      "Startup Cost": 46003.98,
      "Total Cost": 46003.99,
      "Plan Rows": 1,
      "Plan Width": 8,
      "Actual Startup Time": 137.039,
      "Actual Total Time": 147.892,
      "Actual Rows": 1,
      "Actual Loops": 1,
      "Plans": [
        {
          "Node Type": "Gather",
          "Parent Relationship": "Outer",
          "Parallel Aware": false,
          "Startup Cost": 46003.66,
          "Total Cost": 46003.97,
          "Plan Rows": 3,
          "Plan Width": 8,
          "Actual Startup Time": 136.919,
          "Actual Total Time": 147.882,
          "Actual Rows": 4,
          "Actual Loops": 1,
          "Workers Planned": 3,
          "Workers Launched": 3,
          "Single Copy": false,
          "Plans": [
            {
              "Node Type": "Aggregate",
              "Strategy": "Plain",
              "Partial Mode": "Partial",
              "Parent Relationship": "Outer",
              "Parallel Aware": false,
              "Startup Cost": 45003.66,
              "Total Cost": 45003.67,
              "Plan Rows": 1,
              "Plan Width": 8,
              "Actual Startup Time": 133.609,
              "Actual Total Time": 133.61,
              "Actual Rows": 1,
              "Actual Loops": 4,
              "Plans": [
                {
                  "Node Type": "Seq Scan",
                  "Parent Relationship": "Outer",
                  "Parallel Aware": true,
                  "Relation Name": "movie_keyword",
                  "Alias": "mk",
                  "Startup Cost": 0.0,
                  "Total Cost": 42695.65,
                  "Plan Rows": 923202,
                  "Plan Width": 0,
                  "Actual Startup Time": 0.137,
                  "Actual Total Time": 104.516,
                  "Actual Rows": 715170,
                  "Actual Loops": 4,
                  "Filter": "(keyword_id > 2549)",
                  "Rows Removed by Filter": 415812
                }
              ]
            }
          ]
        }
      ]
    },
    "Planning Time": 0.087,
    "Triggers": [],
    "Execution Time": 147.927
  }
]