{
  "Plan": {
    "Node Type": "Aggregate",
    "Strategy": "Plain",
    "Partial Mode": "Finalize",
    "Parallel Aware": false,
    "Startup Cost": 17715.02,
    "Total Cost": 17715.03,
    "Plan Rows": 1,
    "Plan Width": 8,
    "Actual Startup Time": 27.853,
    "Actual Total Time": 31.246,
    "Actual Rows": 1,
    "Actual Loops": 1,
    "Plans": [
      {
        "Node Type": "Gather",
        "Parent Relationship": "Outer",
        "Parallel Aware": false,
        "Startup Cost": 17714.91,
        "Total Cost": 17715.02,
        "Plan Rows": 1,
        "Plan Width": 8,
        "Actual Startup Time": 27.589,
        "Actual Total Time": 31.238,
        "Actual Rows": 2,
        "Actual Loops": 1,
        "Workers Planned": 1,
        "Workers Launched": 1,
        "Single Copy": false,
        "Plans": [
          {
            "Node Type": "Aggregate",
            "Strategy": "Plain",
            "Partial Mode": "Partial",
            "Parent Relationship": "Outer",
            "Parallel Aware": false,
            "Startup Cost": 16714.91,
            "Total Cost": 16714.92,
            "Plan Rows": 1,
            "Plan Width": 8,
            "Actual Startup Time": 21.383,
            "Actual Total Time": 21.385,
            "Actual Rows": 1,
            "Actual Loops": 2,
            "Plans": [
              {
                "Node Type": "Nested Loop",
                "Parent Relationship": "Outer",
                "Parallel Aware": false,
                "Join Type": "Inner",
                "Startup Cost": 50.14,
                "Total Cost": 16714.84,
                "Plan Rows": 26,
                "Plan Width": 0,
                "Actual Startup Time": 11.657,
                "Actual Total Time": 21.365,
                "Actual Rows": 86,
                "Actual Loops": 2,
                "Inner Unique": false,
                "Plans": [
                  {
                    "Node Type": "Nested Loop",
                    "Parent Relationship": "Outer",
                    "Parallel Aware": false,
                    "Join Type": "Inner",
                    "Startup Cost": 49.71,
                    "Total Cost": 16357.6,
                    "Plan Rows": 7,
                    "Plan Width": 8,
                    "Actual Startup Time": 11.635,
                    "Actual Total Time": 21.239,
                    "Actual Rows": 0,
                    "Actual Loops": 2,
                    "Inner Unique": true,
                    "Plans": [
                      {
                        "Node Type": "Bitmap Heap Scan",
                        "Parent Relationship": "Outer",
                        "Parallel Aware": true,
                        "Relation Name": "movie_companies",
                        "Alias": "mc",
                        "Startup Cost": 49.28,
                        "Total Cost": 6248.97,
                        "Plan Rows": 1279,
                        "Plan Width": 4,
                        "Actual Startup Time": 1.552,
                        "Actual Total Time": 5.252,
                        "Actual Rows": 1380,
                        "Actual Loops": 2,
                        "Recheck Cond": "(company_id = 31)",
                        "Rows Removed by Index Recheck": 0,
                        "Exact Heap Blocks": 1125,
                        "Lossy Heap Blocks": 0,
                        "Plans": [
                          {
                            "Node Type": "Bitmap Index Scan",
                            "Parent Relationship": "Outer",
                            "Parallel Aware": false,
                            "Index Name": "company_id_movie_companies",
                            "Startup Cost": 0.0,
                            "Total Cost": 48.73,
                            "Plan Rows": 2174,
                            "Plan Width": 0,
                            "Actual Startup Time": 2.309,
                            "Actual Total Time": 2.31,
                            "Actual Rows": 2760,
                            "Actual Loops": 1,
                            "Index Cond": "(company_id = 31)"
                          }
                        ]
                      },
                      {
                        "Node Type": "Index Scan",
                        "Parent Relationship": "Inner",
                        "Parallel Aware": false,
                        "Scan Direction": "Forward",
                        "Index Name": "title_pkey",
                        "Relation Name": "title",
                        "Alias": "t",
                        "Startup Cost": 0.43,
                        "Total Cost": 7.9,
                        "Plan Rows": 1,
                        "Plan Width": 4,
                        "Actual Startup Time": 0.011,
                        "Actual Total Time": 0.011,
                        "Actual Rows": 0,
                        "Actual Loops": 2760,
                        "Index Cond": "(id = mc.movie_id)",
                        "Rows Removed by Index Recheck": 0,
                        "Filter": "(production_year = 1965)",
                        "Rows Removed by Filter": 1
                      }
                    ]
                  },
                  {
                    "Node Type": "Index Scan",
                    "Parent Relationship": "Inner",
                    "Parallel Aware": false,
                    "Scan Direction": "Forward",
                    "Index Name": "movie_id_movie_info",
                    "Relation Name": "movie_info",
                    "Alias": "mi",
                    "Startup Cost": 0.43,
                    "Total Cost": 50.76,
                    "Plan Rows": 27,
                    "Plan Width": 4,
                    "Actual Startup Time": 0.038,
                    "Actual Total Time": 0.204,
                    "Actual Rows": 173,
                    "Actual Loops": 1,
                    "Index Cond": "(movie_id = t.id)",
                    "Rows Removed by Index Recheck": 0,
                    "Filter": "(info_type_id < 16)",
                    "Rows Removed by Filter": 37
                  }
                ]
              }
            ]
          }
        ]
      }
    ]
  },
  "Planning Time": 0.977,
  "Triggers": [],
  "Execution Time": 31.344
}