[
  {
    "Plan": {
      "Node Type": "Aggregate",
      "Strategy": "Plain",
      "Partial Mode": "Finalize",
      "Parallel Aware": false,
      "Startup Cost": 36608.32,
      "Total Cost": 36608.33,
      "Plan Rows": 1,
      "Plan Width": 8,
      "Actual Startup Time": 120.456,
      "Actual Total Time": 128.25,
      "Actual Rows": 1,
      "Actual Loops": 1,
      "Plans": [
        {
          "Node Type": "Gather",
          "Parent Relationship": "Outer",
          "Parallel Aware": false,
          "Startup Cost": 36608.0,
          "Total Cost": 36608.31,
          "Plan Rows": 3,
          "Plan Width": 8,
          "Actual Startup Time": 120.174,
          "Actual Total Time": 128.243,
          "Actual Rows": 4,
          "Actual Loops": 1,
          "Workers Planned": 3,
          "Workers Launched": 3,
          "Single Copy": false,
          "Plans": [
            {
              "Node Type": "Aggregate",
              "Strategy": "Plain",
              "Partial Mode": "Partial",
              "Parent Relationship": "Outer",
              "Parallel Aware": false,
              "Startup Cost": 35608.0,
              "Total Cost": 35608.01,
              "Plan Rows": 1,
              "Plan Width": 8,
              "Actual Startup Time": 112.627,
              "Actual Total Time": 112.628,
              "Actual Rows": 1,
              "Actual Loops": 4,
              "Plans": [
                {
                  "Node Type": "Bitmap Heap Scan",
                  "Parent Relationship": "Outer",
                  "Parallel Aware": true,
                  "Relation Name": "movie_keyword",
                  "Alias": "mk",
                  "Startup Cost": 9082.42,
                  "Total Cost": 35262.74,
                  "Plan Rows": 138105,
                  "Plan Width": 0,
                  "Actual Startup Time": 39.746,
                  "Actual Total Time": 106.744,
                  "Actual Rows": 104131,
                  "Actual Loops": 4,
                  "Recheck Cond": "(keyword_id > 41769)",
                  "Rows Removed by Index Recheck": 0,
                  "Exact Heap Blocks": 10084,
                  "Lossy Heap Blocks": 0,
                  "Plans": [
                    {
                      "Node Type": "Bitmap Index Scan",
                      "Parent Relationship": "Outer",
                      "Parallel Aware": false,
                      "Index Name": "keyword_id_movie_keyword",
                      "Startup Cost": 0.0,
                      "Total Cost": 8975.39,
                      "Plan Rows": 428127,
                      "Plan Width": 0,
                      "Actual Startup Time": 43.252,
                      "Actual Total Time": 43.252,
                      "Actual Rows": 416523,
                      "Actual Loops": 1,
                      "Index Cond": "(keyword_id > 41769)"
                    }
                  ]
                }
              ]
            }
          ]
        }
      ]
    },
    "Planning Time": 0.204,
    "Triggers": [],
    "Execution Time": 128.299
  }
]