[
  {
    "Plan": {
      "Node Type": "Aggregate",
      "Strategy": "Plain",
      "Partial Mode": "Finalize",
      "Parallel Aware": false,
      "Startup Cost": 45140.05,
      "Total Cost": 45140.06,
      "Plan Rows": 1,
      "Plan Width": 8,
      "Actual Startup Time": 125.056,
      "Actual Total Time": 135.946,
      "Actual Rows": 1,
      "Actual Loops": 1,
      "Plans": [
        {
          "Node Type": "Gather",
          "Parent Relationship": "Outer",
          "Parallel Aware": false,
          "Startup Cost": 45139.73,
          "Total Cost": 45140.04,
          "Plan Rows": 3,
          "Plan Width": 8,
          "Actual Startup Time": 124.892,
          "Actual Total Time": 135.937,
          "Actual Rows": 4,
          "Actual Loops": 1,
          "Workers Planned": 3,
          "Workers Launched": 3,
          "Single Copy": false,
          "Plans": [
            {
              "Node Type": "Aggregate",
              "Strategy": "Plain",
              "Partial Mode": "Partial",
              "Parent Relationship": "Outer",
              "Parallel Aware": false,
              "Startup Cost": 44139.73,
              "Total Cost": 44139.74,
              "Plan Rows": 1,
              "Plan Width": 8,
              "Actual Startup Time": 119.961,
              "Actual Total Time": 119.963,
              "Actual Rows": 1,
              "Actual Loops": 4,
              "Plans": [
                {
                  "Node Type": "Seq Scan",
                  "Parent Relationship": "Outer",
                  "Parallel Aware": true,
                  "Relation Name": "movie_keyword",
                  "Alias": "mk",
                  "Startup Cost": 0.0,
                  "Total Cost": 42695.65,
                  "Plan Rows": 577632,
                  "Plan Width": 0,
                  "Actual Startup Time": 0.091,
                  "Actual Total Time": 100.135,
                  "Actual Rows": 448468,
                  "Actual Loops": 4,
                  "Filter": "(keyword_id < 2899)",
                  "Rows Removed by Filter": 682514
                }
              ]
            }
          ]
        }
      ]
    },
    "Planning Time": 0.187,
    "Triggers": [],
    "Execution Time": 136.008
  }
]