[
    {
        "Bao": {
            "Bao prediction": "NaN",
            "Bao recommended hint": "(no hint)"
        }
    },
    {
        "Plan": {
            "Node Type": "Aggregate",
            "Strategy": "Plain",
            "Partial Mode": "Finalize",
            "Parallel Aware": false,
            "Startup Cost": 73790.7,
            "Total Cost": 73790.71,
            "Plan Rows": 1,
            "Plan Width": 8,
            "Actual Startup Time": 131.715,
            "Actual Total Time": 138.209,
            "Actual Rows": 1,
            "Actual Loops": 1,
            "Output": [
                "count(*)"
            ],
            "Plans": [
                {
                    "Node Type": "Gather",
                    "Parent Relationship": "Outer",
                    "Parallel Aware": false,
                    "Startup Cost": 73790.18,
                    "Total Cost": 73790.69,
                    "Plan Rows": 5,
                    "Plan Width": 8,
                    "Actual Startup Time": 131.492,
                    "Actual Total Time": 138.201,
                    "Actual Rows": 6,
                    "Actual Loops": 1,
                    "Output": [
                        "(PARTIAL count(*))"
                    ],
                    "Workers Planned": 5,
                    "Workers Launched": 5,
                    "Single Copy": false,
                    "Plans": [
                        {
                            "Node Type": "Aggregate",
                            "Strategy": "Plain",
                            "Partial Mode": "Partial",
                            "Parent Relationship": "Outer",
                            "Parallel Aware": false,
                            "Startup Cost": 72790.18,
                            "Total Cost": 72790.19,
                            "Plan Rows": 1,
                            "Plan Width": 8,
                            "Actual Startup Time": 121.346,
                            "Actual Total Time": 121.347,
                            "Actual Rows": 1,
                            "Actual Loops": 6,
                            "Output": [
                                "PARTIAL count(*)"
                            ],
                            "Workers": [
                                {
                                    "Worker Number": 0,
                                    "Actual Startup Time": 118.637,
                                    "Actual Total Time": 118.638,
                                    "Actual Rows": 1,
                                    "Actual Loops": 1
                                },
                                {
                                    "Worker Number": 1,
                                    "Actual Startup Time": 119.227,
                                    "Actual Total Time": 119.229,
                                    "Actual Rows": 1,
                                    "Actual Loops": 1
                                },
                                {
                                    "Worker Number": 2,
                                    "Actual Startup Time": 119.575,
                                    "Actual Total Time": 119.576,
                                    "Actual Rows": 1,
                                    "Actual Loops": 1
                                },
                                {
                                    "Worker Number": 3,
                                    "Actual Startup Time": 119.568,
                                    "Actual Total Time": 119.57,
                                    "Actual Rows": 1,
                                    "Actual Loops": 1
                                },
                                {
                                    "Worker Number": 4,
                                    "Actual Startup Time": 120.252,
                                    "Actual Total Time": 120.253,
                                    "Actual Rows": 1,
                                    "Actual Loops": 1
                                }
                            ],
                            "Plans": [
                                {
                                    "Node Type": "Index Scan",
                                    "Parent Relationship": "Outer",
                                    "Parallel Aware": true,
                                    "Scan Direction": "Forward",
                                    "Index Name": "role_id_cast_info",
                                    "Relation Name": "cast_info",
                                    "Schema": "public",
                                    "Alias": "ci",
                                    "Startup Cost": 0.56,
                                    "Total Cost": 72121.93,
                                    "Plan Rows": 267301,
                                    "Plan Width": 0,
                                    "Actual Startup Time": 0.147,
                                    "Actual Total Time": 109.165,
                                    "Actual Rows": 206292,
                                    "Actual Loops": 6,
                                    "Output": [
                                        "id",
                                        "person_id",
                                        "movie_id",
                                        "person_role_id",
                                        "note",
                                        "nr_order",
                                        "role_id"
                                    ],
                                    "Index Cond": "(ci.role_id = 4)",
                                    "Rows Removed by Index Recheck": 0,
                                    "Filter": "(ci.person_id < 1808789)",
                                    "Rows Removed by Filter": 248532,
                                    "Workers": [
                                        {
                                            "Worker Number": 0,
                                            "Actual Startup Time": 0.204,
                                            "Actual Total Time": 107.556,
                                            "Actual Rows": 212251,
                                            "Actual Loops": 1
                                        },
                                        {
                                            "Worker Number": 1,
                                            "Actual Startup Time": 0.167,
                                            "Actual Total Time": 107.15,
                                            "Actual Rows": 148464,
                                            "Actual Loops": 1
                                        },
                                        {
                                            "Worker Number": 2,
                                            "Actual Startup Time": 0.192,
                                            "Actual Total Time": 107.512,
                                            "Actual Rows": 157780,
                                            "Actual Loops": 1
                                        },
                                        {
                                            "Worker Number": 3,
                                            "Actual Startup Time": 0.134,
                                            "Actual Total Time": 107.752,
                                            "Actual Rows": 218608,
                                            "Actual Loops": 1
                                        },
                                        {
                                            "Worker Number": 4,
                                            "Actual Startup Time": 0.15,
                                            "Actual Total Time": 108.272,
                                            "Actual Rows": 195603,
                                            "Actual Loops": 1
                                        }
                                    ]
                                }
                            ]
                        }
                    ]
                }
            ]
        },
        "Planning Time": 197.02,
        "Triggers": [],
        "Execution Time": 138.301
    }
]