[
  {
    "Plan": {
      "Node Type": "Aggregate",
      "Strategy": "Plain",
      "Partial Mode": "Finalize",
      "Parallel Aware": false,
      "Startup Cost": 383904.95,
      "Total Cost": 383904.96,
      "Plan Rows": 1,
      "Plan Width": 8,
      "Actual Startup Time": 1127.751,
      "Actual Total Time": 1179.019,
      "Actual Rows": 1,
      "Actual Loops": 1,
      "Plans": [
        {
          "Node Type": "Gather",
          "Parent Relationship": "Outer",
          "Parallel Aware": false,
          "Startup Cost": 383904.33,
          "Total Cost": 383904.94,
          "Plan Rows": 6,
          "Plan Width": 8,
          "Actual Startup Time": 1126.841,
          "Actual Total Time": 1179.008,
          "Actual Rows": 7,
          "Actual Loops": 1,
          "Workers Planned": 6,
          "Workers Launched": 6,
          "Single Copy": false,
          "Plans": [
            {
              "Node Type": "Aggregate",
              "Strategy": "Plain",
              "Partial Mode": "Partial",
              "Parent Relationship": "Outer",
              "Parallel Aware": false,
              "Startup Cost": 382904.33,
              "Total Cost": 382904.34,
              "Plan Rows": 1,
              "Plan Width": 8,
              "Actual Startup Time": 1118.481,
              "Actual Total Time": 1118.484,
              "Actual Rows": 1,
              "Actual Loops": 7,
              "Plans": [
                {
                  "Node Type": "Hash Join",
                  "Parent Relationship": "Outer",
                  "Parallel Aware": true,
                  "Join Type": "Inner",
                  "Startup Cost": 44292.28,
                  "Total Cost": 382433.98,
                  "Plan Rows": 188140,
                  "Plan Width": 0,
                  "Actual Startup Time": 213.038,
                  "Actual Total Time": 1108.105,
                  "Actual Rows": 208370,
                  "Actual Loops": 7,
                  "Inner Unique": true,
                  "Hash Cond": "(ci.movie_id = t.id)",
                  "Plans": [
                    {
                      "Node Type": "Seq Scan",
                      "Parent Relationship": "Outer",
                      "Parallel Aware": true,
                      "Relation Name": "cast_info",
                      "Alias": "ci",
                      "Startup Cost": 0.0,
                      "Total Cost": 328211.39,
                      "Plan Rows": 3782967,
                      "Plan Width": 4,
                      "Actual Startup Time": 134.978,
                      "Actual Total Time": 572.447,
                      "Actual Rows": 3220418,
                      "Actual Loops": 7,
                      "Filter": "(person_id > 1349113)",
                      "Rows Removed by Filter": 1957345
                    },
                    {
                      "Node Type": "Hash",
                      "Parent Relationship": "Inner",
                      "Parallel Aware": true,
                      "Startup Cost": 43899.32,
                      "Total Cost": 43899.32,
                      "Plan Rows": 31437,
                      "Plan Width": 4,
                      "Actual Startup Time": 77.059,
                      "Actual Total Time": 77.06,
                      "Actual Rows": 18385,
                      "Actual Loops": 7,
                      "Hash Buckets": 131072,
                      "Original Hash Buckets": 131072,
                      "Hash Batches": 1,
                      "Original Hash Batches": 1,
                      "Peak Memory Usage": 6144,
                      "Plans": [
                        {
                          "Node Type": "Seq Scan",
                          "Parent Relationship": "Outer",
                          "Parallel Aware": true,
                          "Relation Name": "title",
                          "Alias": "t",
                          "Startup Cost": 0.0,
                          "Total Cost": 43899.32,
                          "Plan Rows": 31437,
                          "Plan Width": 4,
                          "Actual Startup Time": 0.047,
                          "Actual Total Time": 68.772,
                          "Actual Rows": 18385,
                          "Actual Loops": 7,
                          "Filter": "(production_year = 2009)",
                          "Rows Removed by Filter": 342802
                        }
                      ]
                    }
                  ]
                }
              ]
            }
          ]
        }
      ]
    },
    "Planning Time": 0.261,
    "Triggers": [],
    "Execution Time": 1179.069
  }
]