[
  {
    "Plan": {
      "Node Type": "Aggregate",
      "Strategy": "Plain",
      "Partial Mode": "Finalize",
      "Parallel Aware": false,
      "Startup Cost": 383807.85,
      "Total Cost": 383807.86,
      "Plan Rows": 1,
      "Plan Width": 8,
      "Actual Startup Time": 1229.531,
      "Actual Total Time": 1293.597,
      "Actual Rows": 1,
      "Actual Loops": 1,
      "Plans": [
        {
          "Node Type": "Gather",
          "Parent Relationship": "Outer",
          "Parallel Aware": false,
          "Startup Cost": 383807.22,
          "Total Cost": 383807.83,
          "Plan Rows": 6,
          "Plan Width": 8,
          "Actual Startup Time": 1228.473,
          "Actual Total Time": 1293.584,
          "Actual Rows": 7,
          "Actual Loops": 1,
          "Workers Planned": 6,
          "Workers Launched": 6,
          "Single Copy": false,
          "Plans": [
            {
              "Node Type": "Aggregate",
              "Strategy": "Plain",
              "Partial Mode": "Partial",
              "Parent Relationship": "Outer",
              "Parallel Aware": false,
              "Startup Cost": 382807.22,
              "Total Cost": 382807.23,
              "Plan Rows": 1,
              "Plan Width": 8,
              "Actual Startup Time": 1217.937,
              "Actual Total Time": 1217.94,
              "Actual Rows": 1,
              "Actual Loops": 7,
              "Plans": [
                {
                  "Node Type": "Hash Join",
                  "Parent Relationship": "Outer",
                  "Parallel Aware": true,
                  "Join Type": "Inner",
                  "Startup Cost": 44301.07,
                  "Total Cost": 382328.96,
                  "Plan Rows": 191304,
                  "Plan Width": 0,
                  "Actual Startup Time": 224.571,
                  "Actual Total Time": 1206.427,
                  "Actual Rows": 208370,
                  "Actual Loops": 7,
                  "Inner Unique": true,
                  "Hash Cond": "(ci.movie_id = t.id)",
                  "Plans": [
                    {
                      "Node Type": "Seq Scan",
                      "Parent Relationship": "Outer",
                      "Parallel Aware": true,
                      "Relation Name": "cast_info",
                      "Alias": "ci",
                      "Startup Cost": 0.0,
                      "Total Cost": 328162.03,
                      "Plan Rows": 3758423,
                      "Plan Width": 4,
                      "Actual Startup Time": 140.571,
                      "Actual Total Time": 631.444,
                      "Actual Rows": 3220418,
                      "Actual Loops": 7,
                      "Filter": "(person_id > 1349113)",
                      "Rows Removed by Filter": 1957345
                    },
                    {
                      "Node Type": "Hash",
                      "Parent Relationship": "Inner",
                      "Parallel Aware": true,
                      "Startup Cost": 43898.92,
                      "Total Cost": 43898.92,
                      "Plan Rows": 32172,
                      "Plan Width": 4,
                      "Actual Startup Time": 82.272,
                      "Actual Total Time": 82.273,
                      "Actual Rows": 18385,
                      "Actual Loops": 7,
                      "Hash Buckets": 131072,
                      "Original Hash Buckets": 131072,
                      "Hash Batches": 1,
                      "Original Hash Batches": 1,
                      "Peak Memory Usage": 6208,
                      "Plans": [
                        {
                          "Node Type": "Seq Scan",
                          "Parent Relationship": "Outer",
                          "Parallel Aware": true,
                          "Relation Name": "title",
                          "Alias": "t",
                          "Startup Cost": 0.0,
                          "Total Cost": 43898.92,
                          "Plan Rows": 32172,
                          "Plan Width": 4,
                          "Actual Startup Time": 0.042,
                          "Actual Total Time": 73.583,
                          "Actual Rows": 18385,
                          "Actual Loops": 7,
                          "Filter": "(production_year = 2009)",
                          "Rows Removed by Filter": 342802
                        }
                      ]
                    }
                  ]
                }
              ]
            }
          ]
        }
      ]
    },
    "Planning Time": 0.666,
    "Triggers": [],
    "Execution Time": 1293.683
  }
]