[
    {
        "Bao": {
            "Bao prediction": 993.569,
            "Bao recommended hint": "SET enable_nestloop TO off; "
        }
    },
    {
        "Plan": {
            "Node Type": "Aggregate",
            "Strategy": "Plain",
            "Partial Mode": "Finalize",
            "Parallel Aware": false,
            "Startup Cost": 411571.04,
            "Total Cost": 411571.05,
            "Plan Rows": 1,
            "Plan Width": 8,
            "Actual Startup Time": 1635.082,
            "Actual Total Time": 1670.562,
            "Actual Rows": 1,
            "Actual Loops": 1,
            "Output": [
                "count(*)"
            ],
            "Plans": [
                {
                    "Node Type": "Gather",
                    "Parent Relationship": "Outer",
                    "Parallel Aware": false,
                    "Startup Cost": 411570.42,
                    "Total Cost": 411571.03,
                    "Plan Rows": 6,
                    "Plan Width": 8,
                    "Actual Startup Time": 1618.858,
                    "Actual Total Time": 1670.551,
                    "Actual Rows": 7,
                    "Actual Loops": 1,
                    "Output": [
                        "(PARTIAL count(*))"
                    ],
                    "Workers Planned": 6,
                    "Workers Launched": 6,
                    "Single Copy": false,
                    "Plans": [
                        {
                            "Node Type": "Aggregate",
                            "Strategy": "Plain",
                            "Partial Mode": "Partial",
                            "Parent Relationship": "Outer",
                            "Parallel Aware": false,
                            "Startup Cost": 410570.42,
                            "Total Cost": 410570.43,
                            "Plan Rows": 1,
                            "Plan Width": 8,
                            "Actual Startup Time": 1596.684,
                            "Actual Total Time": 1596.689,
                            "Actual Rows": 1,
                            "Actual Loops": 7,
                            "Output": [
                                "PARTIAL count(*)"
                            ],
                            "Workers": [
                                {
                                    "Worker Number": 0,
                                    "Actual Startup Time": 1593.144,
                                    "Actual Total Time": 1593.15,
                                    "Actual Rows": 1,
                                    "Actual Loops": 1
                                },
                                {
                                    "Worker Number": 1,
                                    "Actual Startup Time": 1593.164,
                                    "Actual Total Time": 1593.169,
                                    "Actual Rows": 1,
                                    "Actual Loops": 1
                                },
                                {
                                    "Worker Number": 2,
                                    "Actual Startup Time": 1593.134,
                                    "Actual Total Time": 1593.139,
                                    "Actual Rows": 1,
                                    "Actual Loops": 1
                                },
                                {
                                    "Worker Number": 3,
                                    "Actual Startup Time": 1593.17,
                                    "Actual Total Time": 1593.175,
                                    "Actual Rows": 1,
                                    "Actual Loops": 1
                                },
                                {
                                    "Worker Number": 4,
                                    "Actual Startup Time": 1593.248,
                                    "Actual Total Time": 1593.251,
                                    "Actual Rows": 1,
                                    "Actual Loops": 1
                                },
                                {
                                    "Worker Number": 5,
                                    "Actual Startup Time": 1593.172,
                                    "Actual Total Time": 1593.176,
                                    "Actual Rows": 1,
                                    "Actual Loops": 1
                                }
                            ],
                            "Plans": [
                                {
                                    "Node Type": "Hash Join",
                                    "Parent Relationship": "Outer",
                                    "Parallel Aware": true,
                                    "Join Type": "Inner",
                                    "Startup Cost": 64805.51,
                                    "Total Cost": 410541.23,
                                    "Plan Rows": 11673,
                                    "Plan Width": 0,
                                    "Actual Startup Time": 414.443,
                                    "Actual Total Time": 1592.836,
                                    "Actual Rows": 36205,
                                    "Actual Loops": 7,
                                    "Inner Unique": false,
                                    "Hash Cond": "(ci.movie_id = t.id)",
                                    "Workers": [
                                        {
                                            "Worker Number": 0,
                                            "Actual Startup Time": 410.914,
                                            "Actual Total Time": 1589.26,
                                            "Actual Rows": 34689,
                                            "Actual Loops": 1
                                        },
                                        {
                                            "Worker Number": 1,
                                            "Actual Startup Time": 410.883,
                                            "Actual Total Time": 1589.23,
                                            "Actual Rows": 35108,
                                            "Actual Loops": 1
                                        },
                                        {
                                            "Worker Number": 2,
                                            "Actual Startup Time": 410.872,
                                            "Actual Total Time": 1589.2,
                                            "Actual Rows": 35147,
                                            "Actual Loops": 1
                                        },
                                        {
                                            "Worker Number": 3,
                                            "Actual Startup Time": 410.931,
                                            "Actual Total Time": 1589.204,
                                            "Actual Rows": 35411,
                                            "Actual Loops": 1
                                        },
                                        {
                                            "Worker Number": 4,
                                            "Actual Startup Time": 411.074,
                                            "Actual Total Time": 1589.346,
                                            "Actual Rows": 34780,
                                            "Actual Loops": 1
                                        },
                                        {
                                            "Worker Number": 5,
                                            "Actual Startup Time": 410.98,
                                            "Actual Total Time": 1589.211,
                                            "Actual Rows": 35170,
                                            "Actual Loops": 1
                                        }
                                    ],
                                    "Plans": [
                                        {
                                            "Node Type": "Seq Scan",
                                            "Parent Relationship": "Outer",
                                            "Parallel Aware": true,
                                            "Relation Name": "cast_info",
                                            "Schema": "public",
                                            "Alias": "ci",
                                            "Startup Cost": 0.0,
                                            "Total Cost": 328213.62,
                                            "Plan Rows": 4659591,
                                            "Plan Width": 4,
                                            "Actual Startup Time": 113.574,
                                            "Actual Total Time": 803.33,
                                            "Actual Rows": 3967171,
                                            "Actual Loops": 7,
                                            "Output": [
                                                "ci.id",
                                                "ci.person_id",
                                                "ci.movie_id",
                                                "ci.person_role_id",
                                                "ci.note",
                                                "ci.nr_order",
                                                "ci.role_id"
                                            ],
                                            "Filter": "(ci.person_id > 831549)",
                                            "Rows Removed by Filter": 1210593,
                                            "Workers": [
                                                {
                                                    "Worker Number": 0,
                                                    "Actual Startup Time": 113.518,
                                                    "Actual Total Time": 812.11,
                                                    "Actual Rows": 3844730,
                                                    "Actual Loops": 1
                                                },
                                                {
                                                    "Worker Number": 1,
                                                    "Actual Startup Time": 113.603,
                                                    "Actual Total Time": 813.176,
                                                    "Actual Rows": 3842604,
                                                    "Actual Loops": 1
                                                },
                                                {
                                                    "Worker Number": 2,
                                                    "Actual Startup Time": 113.543,
                                                    "Actual Total Time": 813.323,
                                                    "Actual Rows": 3829831,
                                                    "Actual Loops": 1
                                                },
                                                {
                                                    "Worker Number": 3,
                                                    "Actual Startup Time": 113.604,
                                                    "Actual Total Time": 810.304,
                                                    "Actual Rows": 3856619,
                                                    "Actual Loops": 1
                                                },
                                                {
                                                    "Worker Number": 4,
                                                    "Actual Startup Time": 113.615,
                                                    "Actual Total Time": 809.819,
                                                    "Actual Rows": 3865691,
                                                    "Actual Loops": 1
                                                },
                                                {
                                                    "Worker Number": 5,
                                                    "Actual Startup Time": 113.536,
                                                    "Actual Total Time": 808.354,
                                                    "Actual Rows": 3866387,
                                                    "Actual Loops": 1
                                                }
                                            ]
                                        },
                                        {
                                            "Node Type": "Hash",
                                            "Parent Relationship": "Inner",
                                            "Parallel Aware": true,
                                            "Startup Cost": 64772.52,
                                            "Total Cost": 64772.52,
                                            "Plan Rows": 2639,
                                            "Plan Width": 8,
                                            "Actual Startup Time": 299.684,
                                            "Actual Total Time": 299.688,
                                            "Actual Rows": 770,
                                            "Actual Loops": 7,
                                            "Output": [
                                                "t.id",
                                                "mk.movie_id"
                                            ],
                                            "Hash Buckets": 8192,
                                            "Original Hash Buckets": 8192,
                                            "Hash Batches": 1,
                                            "Original Hash Batches": 1,
                                            "Peak Memory Usage": 320,
                                            "Workers": [
                                                {
                                                    "Worker Number": 0,
                                                    "Actual Startup Time": 296.539,
                                                    "Actual Total Time": 296.543,
                                                    "Actual Rows": 663,
                                                    "Actual Loops": 1
                                                },
                                                {
                                                    "Worker Number": 1,
                                                    "Actual Startup Time": 296.727,
                                                    "Actual Total Time": 296.731,
                                                    "Actual Rows": 628,
                                                    "Actual Loops": 1
                                                },
                                                {
                                                    "Worker Number": 2,
                                                    "Actual Startup Time": 296.538,
                                                    "Actual Total Time": 296.542,
                                                    "Actual Rows": 667,
                                                    "Actual Loops": 1
                                                },
                                                {
                                                    "Worker Number": 3,
                                                    "Actual Startup Time": 296.724,
                                                    "Actual Total Time": 296.727,
                                                    "Actual Rows": 652,
                                                    "Actual Loops": 1
                                                },
                                                {
                                                    "Worker Number": 4,
                                                    "Actual Startup Time": 296.898,
                                                    "Actual Total Time": 296.901,
                                                    "Actual Rows": 671,
                                                    "Actual Loops": 1
                                                },
                                                {
                                                    "Worker Number": 5,
                                                    "Actual Startup Time": 296.641,
                                                    "Actual Total Time": 296.644,
                                                    "Actual Rows": 646,
                                                    "Actual Loops": 1
                                                }
                                            ],
                                            "Plans": [
                                                {
                                                    "Node Type": "Hash Join",
                                                    "Parent Relationship": "Outer",
                                                    "Parallel Aware": true,
                                                    "Join Type": "Inner",
                                                    "Startup Cost": 50357.33,
                                                    "Total Cost": 64772.52,
                                                    "Plan Rows": 2639,
                                                    "Plan Width": 8,
                                                    "Actual Startup Time": 285.465,
                                                    "Actual Total Time": 294.934,
                                                    "Actual Rows": 770,
                                                    "Actual Loops": 7,
                                                    "Output": [
                                                        "t.id",
                                                        "mk.movie_id"
                                                    ],
                                                    "Inner Unique": true,
                                                    "Hash Cond": "(mk.movie_id = t.id)",
                                                    "Workers": [
                                                        {
                                                            "Worker Number": 0,
                                                            "Actual Startup Time": 282.369,
                                                            "Actual Total Time": 295.966,
                                                            "Actual Rows": 663,
                                                            "Actual Loops": 1
                                                        },
                                                        {
                                                            "Worker Number": 1,
                                                            "Actual Startup Time": 282.498,
                                                            "Actual Total Time": 291.29,
                                                            "Actual Rows": 628,
                                                            "Actual Loops": 1
                                                        },
                                                        {
                                                            "Worker Number": 2,
                                                            "Actual Startup Time": 282.33,
                                                            "Actual Total Time": 291.231,
                                                            "Actual Rows": 667,
                                                            "Actual Loops": 1
                                                        },
                                                        {
                                                            "Worker Number": 3,
                                                            "Actual Startup Time": 282.459,
                                                            "Actual Total Time": 291.241,
                                                            "Actual Rows": 652,
                                                            "Actual Loops": 1
                                                        },
                                                        {
                                                            "Worker Number": 4,
                                                            "Actual Startup Time": 282.631,
                                                            "Actual Total Time": 291.431,
                                                            "Actual Rows": 671,
                                                            "Actual Loops": 1
                                                        },
                                                        {
                                                            "Worker Number": 5,
                                                            "Actual Startup Time": 282.469,
                                                            "Actual Total Time": 291.282,
                                                            "Actual Rows": 646,
                                                            "Actual Loops": 1
                                                        }
                                                    ],
                                                    "Plans": [
                                                        {
                                                            "Node Type": "Bitmap Heap Scan",
                                                            "Parent Relationship": "Outer",
                                                            "Parallel Aware": true,
                                                            "Relation Name": "movie_keyword",
                                                            "Schema": "public",
                                                            "Alias": "mk",
                                                            "Startup Cost": 137.52,
                                                            "Total Cost": 14545.79,
                                                            "Plan Rows": 2639,
                                                            "Plan Width": 4,
                                                            "Actual Startup Time": 2.398,
                                                            "Actual Total Time": 8.606,
                                                            "Actual Rows": 770,
                                                            "Actual Loops": 7,
                                                            "Output": [
                                                                "mk.id",
                                                                "mk.movie_id",
                                                                "mk.keyword_id"
                                                            ],
                                                            "Recheck Cond": "(mk.keyword_id = 460)",
                                                            "Rows Removed by Index Recheck": 0,
                                                            "Exact Heap Blocks": 1303,
                                                            "Lossy Heap Blocks": 0,
                                                            "Workers": [
                                                                {
                                                                    "Worker Number": 0,
                                                                    "Actual Startup Time": 2.357,
                                                                    "Actual Total Time": 8.785,
                                                                    "Actual Rows": 663,
                                                                    "Actual Loops": 1
                                                                },
                                                                {
                                                                    "Worker Number": 1,
                                                                    "Actual Startup Time": 2.519,
                                                                    "Actual Total Time": 8.899,
                                                                    "Actual Rows": 628,
                                                                    "Actual Loops": 1
                                                                },
                                                                {
                                                                    "Worker Number": 2,
                                                                    "Actual Startup Time": 2.421,
                                                                    "Actual Total Time": 8.939,
                                                                    "Actual Rows": 667,
                                                                    "Actual Loops": 1
                                                                },
                                                                {
                                                                    "Worker Number": 3,
                                                                    "Actual Startup Time": 2.339,
                                                                    "Actual Total Time": 8.677,
                                                                    "Actual Rows": 652,
                                                                    "Actual Loops": 1
                                                                },
                                                                {
                                                                    "Worker Number": 4,
                                                                    "Actual Startup Time": 2.374,
                                                                    "Actual Total Time": 8.717,
                                                                    "Actual Rows": 671,
                                                                    "Actual Loops": 1
                                                                },
                                                                {
                                                                    "Worker Number": 5,
                                                                    "Actual Startup Time": 2.358,
                                                                    "Actual Total Time": 8.801,
                                                                    "Actual Rows": 646,
                                                                    "Actual Loops": 1
                                                                }
                                                            ],
                                                            "Plans": [
                                                                {
                                                                    "Node Type": "Bitmap Index Scan",
                                                                    "Parent Relationship": "Outer",
                                                                    "Parallel Aware": false,
                                                                    "Index Name": "keyword_id_movie_keyword",
                                                                    "Startup Cost": 0.0,
                                                                    "Total Cost": 135.94,
                                                                    "Plan Rows": 6334,
                                                                    "Plan Width": 0,
                                                                    "Actual Startup Time": 1.401,
                                                                    "Actual Total Time": 1.402,
                                                                    "Actual Rows": 5392,
                                                                    "Actual Loops": 1,
                                                                    "Index Cond": "(mk.keyword_id = 460)",
                                                                    "Workers": [
                                                                        {
                                                                            "Worker Number": 1,
                                                                            "Actual Startup Time": 1.401,
                                                                            "Actual Total Time": 1.402,
                                                                            "Actual Rows": 5392,
                                                                            "Actual Loops": 1
                                                                        }
                                                                    ]
                                                                }
                                                            ]
                                                        },
                                                        {
                                                            "Node Type": "Hash",
                                                            "Parent Relationship": "Inner",
                                                            "Parallel Aware": true,
                                                            "Startup Cost": 42318.81,
                                                            "Total Cost": 42318.81,
                                                            "Plan Rows": 632080,
                                                            "Plan Width": 4,
                                                            "Actual Startup Time": 276.749,
                                                            "Actual Total Time": 276.749,
                                                            "Actual Rows": 361187,
                                                            "Actual Loops": 7,
                                                            "Output": [
                                                                "t.id"
                                                            ],
                                                            "Hash Buckets": 4194304,
                                                            "Original Hash Buckets": 4194304,
                                                            "Hash Batches": 1,
                                                            "Original Hash Batches": 1,
                                                            "Peak Memory Usage": 131840,
                                                            "Workers": [
                                                                {
                                                                    "Worker Number": 0,
                                                                    "Actual Startup Time": 279.699,
                                                                    "Actual Total Time": 279.7,
                                                                    "Actual Rows": 346084,
                                                                    "Actual Loops": 1
                                                                },
                                                                {
                                                                    "Worker Number": 1,
                                                                    "Actual Startup Time": 279.763,
                                                                    "Actual Total Time": 279.764,
                                                                    "Actual Rows": 348162,
                                                                    "Actual Loops": 1
                                                                },
                                                                {
                                                                    "Worker Number": 2,
                                                                    "Actual Startup Time": 279.686,
                                                                    "Actual Total Time": 279.687,
                                                                    "Actual Rows": 351061,
                                                                    "Actual Loops": 1
                                                                },
                                                                {
                                                                    "Worker Number": 3,
                                                                    "Actual Startup Time": 279.832,
                                                                    "Actual Total Time": 279.832,
                                                                    "Actual Rows": 346282,
                                                                    "Actual Loops": 1
                                                                },
                                                                {
                                                                    "Worker Number": 4,
                                                                    "Actual Startup Time": 279.953,
                                                                    "Actual Total Time": 279.953,
                                                                    "Actual Rows": 345333,
                                                                    "Actual Loops": 1
                                                                },
                                                                {
                                                                    "Worker Number": 5,
                                                                    "Actual Startup Time": 279.827,
                                                                    "Actual Total Time": 279.828,
                                                                    "Actual Rows": 344712,
                                                                    "Actual Loops": 1
                                                                }
                                                            ],
                                                            "Plans": [
                                                                {
                                                                    "Node Type": "Seq Scan",
                                                                    "Parent Relationship": "Outer",
                                                                    "Parallel Aware": true,
                                                                    "Relation Name": "title",
                                                                    "Schema": "public",
                                                                    "Alias": "t",
                                                                    "Startup Cost": 0.0,
                                                                    "Total Cost": 42318.81,
                                                                    "Plan Rows": 632080,
                                                                    "Plan Width": 4,
                                                                    "Actual Startup Time": 0.032,
                                                                    "Actual Total Time": 83.741,
                                                                    "Actual Rows": 361187,
                                                                    "Actual Loops": 7,
                                                                    "Output": [
                                                                        "t.id"
                                                                    ],
                                                                    "Workers": [
                                                                        {
                                                                            "Worker Number": 0,
                                                                            "Actual Startup Time": 0.025,
                                                                            "Actual Total Time": 86.482,
                                                                            "Actual Rows": 346084,
                                                                            "Actual Loops": 1
                                                                        },
                                                                        {
                                                                            "Worker Number": 1,
                                                                            "Actual Startup Time": 0.051,
                                                                            "Actual Total Time": 86.576,
                                                                            "Actual Rows": 348162,
                                                                            "Actual Loops": 1
                                                                        },
                                                                        {
                                                                            "Worker Number": 2,
                                                                            "Actual Startup Time": 0.043,
                                                                            "Actual Total Time": 86.689,
                                                                            "Actual Rows": 351061,
                                                                            "Actual Loops": 1
                                                                        },
                                                                        {
                                                                            "Worker Number": 3,
                                                                            "Actual Startup Time": 0.035,
                                                                            "Actual Total Time": 85.285,
                                                                            "Actual Rows": 346282,
                                                                            "Actual Loops": 1
                                                                        },
                                                                        {
                                                                            "Worker Number": 4,
                                                                            "Actual Startup Time": 0.024,
                                                                            "Actual Total Time": 86.301,
                                                                            "Actual Rows": 345333,
                                                                            "Actual Loops": 1
                                                                        },
                                                                        {
                                                                            "Worker Number": 5,
                                                                            "Actual Startup Time": 0.035,
                                                                            "Actual Total Time": 85.983,
                                                                            "Actual Rows": 344712,
                                                                            "Actual Loops": 1
                                                                        }
                                                                    ]
                                                                }
                                                            ]
                                                        }
                                                    ]
                                                }
                                            ]
                                        }
                                    ]
                                }
                            ]
                        }
                    ]
                }
            ]
        },
        "Planning Time": 3954.784,
        "Triggers": [],
        "Execution Time": 1670.728
    }
]