[
  {
    "Plan": {
      "Node Type": "Aggregate",
      "Strategy": "Plain",
      "Partial Mode": "Finalize",
      "Parallel Aware": false,
      "Startup Cost": 234176.13,
      "Total Cost": 234176.14,
      "Plan Rows": 1,
      "Plan Width": 8,
      "Actual Startup Time": 363.918,
      "Actual Total Time": 412.63,
      "Actual Rows": 1,
      "Actual Loops": 1,
      "Plans": [
        {
          "Node Type": "Gather",
          "Parent Relationship": "Outer",
          "Parallel Aware": false,
          "Startup Cost": 234175.61,
          "Total Cost": 234176.12,
          "Plan Rows": 5,
          "Plan Width": 8,
          "Actual Startup Time": 362.28,
          "Actual Total Time": 412.622,
          "Actual Rows": 6,
          "Actual Loops": 1,
          "Workers Planned": 5,
          "Workers Launched": 5,
          "Single Copy": false,
          "Plans": [
            {
              "Node Type": "Aggregate",
              "Strategy": "Plain",
              "Partial Mode": "Partial",
              "Parent Relationship": "Outer",
              "Parallel Aware": false,
              "Startup Cost": 233175.61,
              "Total Cost": 233175.62,
              "Plan Rows": 1,
              "Plan Width": 8,
              "Actual Startup Time": 355.548,
              "Actual Total Time": 355.552,
              "Actual Rows": 1,
              "Actual Loops": 6,
              "Plans": [
                {
                  "Node Type": "Nested Loop",
                  "Parent Relationship": "Outer",
                  "Parallel Aware": false,
                  "Join Type": "Inner",
                  "Startup Cost": 55314.49,
                  "Total Cost": 233053.94,
                  "Plan Rows": 48669,
                  "Plan Width": 0,
                  "Actual Startup Time": 102.743,
                  "Actual Total Time": 347.617,
                  "Actual Rows": 118607,
                  "Actual Loops": 6,
                  "Inner Unique": false,
                  "Join Filter": "(t.id = ci.movie_id)",
                  "Rows Removed by Join Filter": 0,
                  "Plans": [
                    {
                      "Node Type": "Hash Join",
                      "Parent Relationship": "Outer",
                      "Parallel Aware": true,
                      "Join Type": "Inner",
                      "Startup Cost": 55313.93,
                      "Total Cost": 219181.15,
                      "Plan Rows": 3395,
                      "Plan Width": 8,
                      "Actual Startup Time": 102.599,
                      "Actual Total Time": 134.669,
                      "Actual Rows": 3426,
                      "Actual Loops": 6,
                      "Inner Unique": true,
                      "Hash Cond": "(mi.movie_id = t.id)",
                      "Plans": [
                        {
                          "Node Type": "Bitmap Heap Scan",
                          "Parent Relationship": "Outer",
                          "Parallel Aware": true,
                          "Relation Name": "movie_info",
                          "Alias": "mi",
                          "Startup Cost": 11198.16,
                          "Total Cost": 174740.1,
                          "Plan Rows": 123915,
                          "Plan Width": 4,
                          "Actual Startup Time": 26.627,
                          "Actual Total Time": 40.984,
                          "Actual Rows": 110154,
                          "Actual Loops": 6,
                          "Recheck Cond": "(info_type_id = 18)",
                          "Rows Removed by Index Recheck": 0,
                          "Exact Heap Blocks": 2512,
                          "Lossy Heap Blocks": 0,
                          "Plans": [
                            {
                              "Node Type": "Bitmap Index Scan",
                              "Parent Relationship": "Outer",
                              "Parallel Aware": false,
                              "Index Name": "info_type_id_movie_info",
                              "Startup Cost": 0.0,
                              "Total Cost": 11043.26,
                              "Plan Rows": 619577,
                              "Plan Width": 0,
                              "Actual Startup Time": 25.638,
                              "Actual Total Time": 25.639,
                              "Actual Rows": 660923,
                              "Actual Loops": 1,
                              "Index Cond": "(info_type_id = 18)"
                            }
                          ]
                        },
                        {
                          "Node Type": "Hash",
                          "Parent Relationship": "Inner",
                          "Parallel Aware": true,
                          "Startup Cost": 43899.32,
                          "Total Cost": 43899.32,
                          "Plan Rows": 17316,
                          "Plan Width": 4,
                          "Actual Startup Time": 75.108,
                          "Actual Total Time": 75.109,
                          "Actual Rows": 11224,
                          "Actual Loops": 6,
                          "Hash Buckets": 131072,
                          "Original Hash Buckets": 131072,
                          "Hash Batches": 1,
                          "Original Hash Batches": 1,
                          "Peak Memory Usage": 3744,
                          "Plans": [
                            {
                              "Node Type": "Seq Scan",
                              "Parent Relationship": "Outer",
                              "Parallel Aware": true,
                              "Relation Name": "title",
                              "Alias": "t",
                              "Startup Cost": 0.0,
                              "Total Cost": 43899.32,
                              "Plan Rows": 17316,
                              "Plan Width": 4,
                              "Actual Startup Time": 0.048,
                              "Actual Total Time": 69.64,
                              "Actual Rows": 11224,
                              "Actual Loops": 6,
                              "Filter": "(production_year > 2012)",
                              "Rows Removed by Filter": 410162
                            }
                          ]
                        }
                      ]
                    },
                    {
                      "Node Type": "Index Only Scan",
                      "Parent Relationship": "Inner",
                      "Parallel Aware": false,
                      "Scan Direction": "Forward",
                      "Index Name": "movie_id_cast_info",
                      "Relation Name": "cast_info",
                      "Alias": "ci",
                      "Startup Cost": 0.56,
                      "Total Cost": 3.65,
                      "Plan Rows": 35,
                      "Plan Width": 4,
                      "Actual Startup Time": 0.008,
                      "Actual Total Time": 0.058,
                      "Actual Rows": 35,
                      "Actual Loops": 20558,
                      "Index Cond": "(movie_id = mi.movie_id)",
                      "Rows Removed by Index Recheck": 0,
                      "Heap Fetches": 711640
                    }
                  ]
                }
              ]
            }
          ]
        }
      ]
    },
    "Planning Time": 0.665,
    "Triggers": [],
    "Execution Time": 412.712
  }
]