[
  {
    "Plan": {
      "Node Type": "Aggregate",
      "Strategy": "Plain",
      "Partial Mode": "Finalize",
      "Parallel Aware": false,
      "Startup Cost": 106446.98,
      "Total Cost": 106446.99,
      "Plan Rows": 1,
      "Plan Width": 8,
      "Actual Startup Time": 324.912,
      "Actual Total Time": 362.008,
      "Actual Rows": 1,
      "Actual Loops": 1,
      "Plans": [
        {
          "Node Type": "Gather",
          "Parent Relationship": "Outer",
          "Parallel Aware": false,
          "Startup Cost": 106446.56,
          "Total Cost": 106446.97,
          "Plan Rows": 4,
          "Plan Width": 8,
          "Actual Startup Time": 324.089,
          "Actual Total Time": 362.0,
          "Actual Rows": 5,
          "Actual Loops": 1,
          "Workers Planned": 4,
          "Workers Launched": 4,
          "Single Copy": false,
          "Plans": [
            {
              "Node Type": "Aggregate",
              "Strategy": "Plain",
              "Partial Mode": "Partial",
              "Parent Relationship": "Outer",
              "Parallel Aware": false,
              "Startup Cost": 105446.56,
              "Total Cost": 105446.57,
              "Plan Rows": 1,
              "Plan Width": 8,
              "Actual Startup Time": 313.31,
              "Actual Total Time": 313.314,
              "Actual Rows": 1,
              "Actual Loops": 5,
              "Plans": [
                {
                  "Node Type": "Nested Loop",
                  "Parent Relationship": "Outer",
                  "Parallel Aware": false,
                  "Join Type": "Inner",
                  "Startup Cost": 26562.34,
                  "Total Cost": 105247.65,
                  "Plan Rows": 79566,
                  "Plan Width": 0,
                  "Actual Startup Time": 75.021,
                  "Actual Total Time": 308.618,
                  "Actual Rows": 69879,
                  "Actual Loops": 5,
                  "Inner Unique": false,
                  "Plans": [
                    {
                      "Node Type": "Hash Join",
                      "Parent Relationship": "Outer",
                      "Parallel Aware": true,
                      "Join Type": "Inner",
                      "Startup Cost": 26561.9,
                      "Total Cost": 71743.99,
                      "Plan Rows": 13607,
                      "Plan Width": 8,
                      "Actual Startup Time": 74.945,
                      "Actual Total Time": 171.825,
                      "Actual Rows": 5707,
                      "Actual Loops": 5,
                      "Inner Unique": false,
                      "Hash Cond": "(t.id = mc.movie_id)",
                      "Plans": [
                        {
                          "Node Type": "Seq Scan",
                          "Parent Relationship": "Outer",
                          "Parallel Aware": true,
                          "Relation Name": "title",
                          "Alias": "t",
                          "Startup Cost": 0.0,
                          "Total Cost": 43898.92,
                          "Plan Rows": 247857,
                          "Plan Width": 4,
                          "Actual Startup Time": 0.013,
                          "Actual Total Time": 67.416,
                          "Actual Rows": 197010,
                          "Actual Loops": 5,
                          "Filter": "(kind_id < 7)",
                          "Rows Removed by Filter": 308653
                        },
                        {
                          "Node Type": "Hash",
                          "Parent Relationship": "Inner",
                          "Parallel Aware": true,
                          "Startup Cost": 26002.21,
                          "Total Cost": 26002.21,
                          "Plan Rows": 44775,
                          "Plan Width": 4,
                          "Actual Startup Time": 72.911,
                          "Actual Total Time": 72.912,
                          "Actual Rows": 12802,
                          "Actual Loops": 5,
                          "Hash Buckets": 262144,
                          "Original Hash Buckets": 262144,
                          "Hash Batches": 1,
                          "Original Hash Batches": 1,
                          "Peak Memory Usage": 4640,
                          "Plans": [
                            {
                              "Node Type": "Bitmap Heap Scan",
                              "Parent Relationship": "Outer",
                              "Parallel Aware": true,
                              "Relation Name": "movie_companies",
                              "Alias": "mc",
                              "Startup Cost": 5889.44,
                              "Total Cost": 26002.21,
                              "Plan Rows": 44775,
                              "Plan Width": 4,
                              "Actual Startup Time": 56.605,
                              "Actual Total Time": 68.317,
                              "Actual Rows": 12802,
                              "Actual Loops": 5,
                              "Recheck Cond": "(company_id < 145)",
                              "Rows Removed by Index Recheck": 0,
                              "Filter": "(company_type_id = 2)",
                              "Rows Removed by Filter": 41484,
                              "Exact Heap Blocks": 8816,
                              "Lossy Heap Blocks": 0,
                              "Plans": [
                                {
                                  "Node Type": "Bitmap Index Scan",
                                  "Parent Relationship": "Outer",
                                  "Parallel Aware": false,
                                  "Index Name": "company_id_movie_companies",
                                  "Startup Cost": 0.0,
                                  "Total Cost": 5854.74,
                                  "Plan Rows": 273374,
                                  "Plan Width": 0,
                                  "Actual Startup Time": 23.514,
                                  "Actual Total Time": 23.515,
                                  "Actual Rows": 271432,
                                  "Actual Loops": 1,
                                  "Index Cond": "(company_id < 145)"
                                }
                              ]
                            }
                          ]
                        }
                      ]
                    },
                    {
                      "Node Type": "Index Only Scan",
                      "Parent Relationship": "Inner",
                      "Parallel Aware": false,
                      "Scan Direction": "Forward",
                      "Index Name": "movie_id_movie_info",
                      "Relation Name": "movie_info",
                      "Alias": "mi",
                      "Startup Cost": 0.43,
                      "Total Cost": 2.04,
                      "Plan Rows": 42,
                      "Plan Width": 4,
                      "Actual Startup Time": 0.008,
                      "Actual Total Time": 0.023,
                      "Actual Rows": 12,
                      "Actual Loops": 28534,
                      "Index Cond": "(movie_id = t.id)",
                      "Rows Removed by Index Recheck": 0,
                      "Heap Fetches": 349397
                    }
                  ]
                }
              ]
            }
          ]
        }
      ]
    },
    "Planning Time": 1.476,
    "Triggers": [],
    "Execution Time": 362.13
  }
]