[
    {
        "Bao": {
            "Bao prediction": "NaN",
            "Bao recommended hint": "(no hint)"
        }
    },
    {
        "Plan": {
            "Node Type": "Aggregate",
            "Strategy": "Plain",
            "Partial Mode": "Finalize",
            "Parallel Aware": false,
            "Startup Cost": 33155.19,
            "Total Cost": 33155.2,
            "Plan Rows": 1,
            "Plan Width": 8,
            "Actual Startup Time": 108.547,
            "Actual Total Time": 113.209,
            "Actual Rows": 1,
            "Actual Loops": 1,
            "Output": [
                "count(*)"
            ],
            "Plans": [
                {
                    "Node Type": "Gather",
                    "Parent Relationship": "Outer",
                    "Parallel Aware": false,
                    "Startup Cost": 33154.87,
                    "Total Cost": 33155.18,
                    "Plan Rows": 3,
                    "Plan Width": 8,
                    "Actual Startup Time": 108.409,
                    "Actual Total Time": 113.2,
                    "Actual Rows": 4,
                    "Actual Loops": 1,
                    "Output": [
                        "(PARTIAL count(*))"
                    ],
                    "Workers Planned": 3,
                    "Workers Launched": 3,
                    "Single Copy": false,
                    "Plans": [
                        {
                            "Node Type": "Aggregate",
                            "Strategy": "Plain",
                            "Partial Mode": "Partial",
                            "Parent Relationship": "Outer",
                            "Parallel Aware": false,
                            "Startup Cost": 32154.87,
                            "Total Cost": 32154.88,
                            "Plan Rows": 1,
                            "Plan Width": 8,
                            "Actual Startup Time": 100.327,
                            "Actual Total Time": 100.329,
                            "Actual Rows": 1,
                            "Actual Loops": 4,
                            "Output": [
                                "PARTIAL count(*)"
                            ],
                            "Workers": [
                                {
                                    "Worker Number": 0,
                                    "Actual Startup Time": 97.523,
                                    "Actual Total Time": 97.524,
                                    "Actual Rows": 1,
                                    "Actual Loops": 1
                                },
                                {
                                    "Worker Number": 1,
                                    "Actual Startup Time": 97.734,
                                    "Actual Total Time": 97.736,
                                    "Actual Rows": 1,
                                    "Actual Loops": 1
                                },
                                {
                                    "Worker Number": 2,
                                    "Actual Startup Time": 97.963,
                                    "Actual Total Time": 97.964,
                                    "Actual Rows": 1,
                                    "Actual Loops": 1
                                }
                            ],
                            "Plans": [
                                {
                                    "Node Type": "Seq Scan",
                                    "Parent Relationship": "Outer",
                                    "Parallel Aware": true,
                                    "Relation Name": "movie_companies",
                                    "Schema": "public",
                                    "Alias": "mc",
                                    "Startup Cost": 0.0,
                                    "Total Cost": 31414.82,
                                    "Plan Rows": 296022,
                                    "Plan Width": 0,
                                    "Actual Startup Time": 0.45,
                                    "Actual Total Time": 88.217,
                                    "Actual Rows": 188618,
                                    "Actual Loops": 4,
                                    "Output": [
                                        "id",
                                        "movie_id",
                                        "company_id",
                                        "company_type_id",
                                        "note"
                                    ],
                                    "Filter": "((mc.company_id > 1435) AND (mc.company_type_id = 1))",
                                    "Rows Removed by Filter": 463664,
                                    "Workers": [
                                        {
                                            "Worker Number": 0,
                                            "Actual Startup Time": 0.192,
                                            "Actual Total Time": 86.226,
                                            "Actual Rows": 153169,
                                            "Actual Loops": 1
                                        },
                                        {
                                            "Worker Number": 1,
                                            "Actual Startup Time": 0.069,
                                            "Actual Total Time": 86.335,
                                            "Actual Rows": 156836,
                                            "Actual Loops": 1
                                        },
                                        {
                                            "Worker Number": 2,
                                            "Actual Startup Time": 0.067,
                                            "Actual Total Time": 86.598,
                                            "Actual Rows": 219125,
                                            "Actual Loops": 1
                                        }
                                    ]
                                }
                            ]
                        }
                    ]
                }
            ]
        },
        "Planning Time": 287.114,
        "Triggers": [],
        "Execution Time": 113.26
    }
]