[
    {
        "Bao": {
            "Bao prediction": 504.18,
            "Bao recommended hint": "(no hint)"
        }
    },
    {
        "Plan": {
            "Node Type": "Aggregate",
            "Strategy": "Plain",
            "Partial Mode": "Finalize",
            "Parallel Aware": false,
            "Startup Cost": 46683.56,
            "Total Cost": 46683.57,
            "Plan Rows": 1,
            "Plan Width": 8,
            "Actual Startup Time": 216.187,
            "Actual Total Time": 225.646,
            "Actual Rows": 1,
            "Actual Loops": 1,
            "Output": [
                "count(*)"
            ],
            "Plans": [
                {
                    "Node Type": "Gather",
                    "Parent Relationship": "Outer",
                    "Parallel Aware": false,
                    "Startup Cost": 46683.25,
                    "Total Cost": 46683.56,
                    "Plan Rows": 3,
                    "Plan Width": 8,
                    "Actual Startup Time": 216.068,
                    "Actual Total Time": 225.639,
                    "Actual Rows": 4,
                    "Actual Loops": 1,
                    "Output": [
                        "(PARTIAL count(*))"
                    ],
                    "Workers Planned": 3,
                    "Workers Launched": 3,
                    "Single Copy": false,
                    "Plans": [
                        {
                            "Node Type": "Aggregate",
                            "Strategy": "Plain",
                            "Partial Mode": "Partial",
                            "Parent Relationship": "Outer",
                            "Parallel Aware": false,
                            "Startup Cost": 45683.25,
                            "Total Cost": 45683.26,
                            "Plan Rows": 1,
                            "Plan Width": 8,
                            "Actual Startup Time": 208.094,
                            "Actual Total Time": 208.095,
                            "Actual Rows": 1,
                            "Actual Loops": 4,
                            "Output": [
                                "PARTIAL count(*)"
                            ],
                            "Workers": [
                                {
                                    "Worker Number": 0,
                                    "Actual Startup Time": 205.53,
                                    "Actual Total Time": 205.531,
                                    "Actual Rows": 1,
                                    "Actual Loops": 1
                                },
                                {
                                    "Worker Number": 1,
                                    "Actual Startup Time": 205.568,
                                    "Actual Total Time": 205.569,
                                    "Actual Rows": 1,
                                    "Actual Loops": 1
                                },
                                {
                                    "Worker Number": 2,
                                    "Actual Startup Time": 205.814,
                                    "Actual Total Time": 205.815,
                                    "Actual Rows": 1,
                                    "Actual Loops": 1
                                }
                            ],
                            "Plans": [
                                {
                                    "Node Type": "Seq Scan",
                                    "Parent Relationship": "Outer",
                                    "Parallel Aware": true,
                                    "Relation Name": "movie_keyword",
                                    "Schema": "public",
                                    "Alias": "mk",
                                    "Startup Cost": 0.0,
                                    "Total Cost": 42695.65,
                                    "Plan Rows": 1195037,
                                    "Plan Width": 0,
                                    "Actual Startup Time": 0.045,
                                    "Actual Total Time": 149.531,
                                    "Actual Rows": 931022,
                                    "Actual Loops": 4,
                                    "Output": [
                                        "id",
                                        "movie_id",
                                        "keyword_id"
                                    ],
                                    "Filter": "(mk.keyword_id < 23112)",
                                    "Rows Removed by Filter": 199960,
                                    "Workers": [
                                        {
                                            "Worker Number": 0,
                                            "Actual Startup Time": 0.05,
                                            "Actual Total Time": 148.49,
                                            "Actual Rows": 793799,
                                            "Actual Loops": 1
                                        },
                                        {
                                            "Worker Number": 1,
                                            "Actual Startup Time": 0.049,
                                            "Actual Total Time": 148.621,
                                            "Actual Rows": 793219,
                                            "Actual Loops": 1
                                        },
                                        {
                                            "Worker Number": 2,
                                            "Actual Startup Time": 0.058,
                                            "Actual Total Time": 149.563,
                                            "Actual Rows": 790002,
                                            "Actual Loops": 1
                                        }
                                    ]
                                }
                            ]
                        }
                    ]
                }
            ]
        },
        "Planning Time": 1887.087,
        "Triggers": [],
        "Execution Time": 225.737
    }
]