[
  {
    "Plan": {
      "Node Type": "Aggregate",
      "Strategy": "Plain",
      "Partial Mode": "Finalize",
      "Parallel Aware": false,
      "Startup Cost": 409651.37,
      "Total Cost": 409651.38,
      "Plan Rows": 1,
      "Plan Width": 8,
      "Actual Startup Time": 1562.407,
      "Actual Total Time": 1612.426,
      "Actual Rows": 1,
      "Actual Loops": 1,
      "Plans": [
        {
          "Node Type": "Gather",
          "Parent Relationship": "Outer",
          "Parallel Aware": false,
          "Startup Cost": 409650.75,
          "Total Cost": 409651.36,
          "Plan Rows": 6,
          "Plan Width": 8,
          "Actual Startup Time": 1552.063,
          "Actual Total Time": 1612.415,
          "Actual Rows": 7,
          "Actual Loops": 1,
          "Workers Planned": 6,
          "Workers Launched": 6,
          "Single Copy": false,
          "Plans": [
            {
              "Node Type": "Aggregate",
              "Strategy": "Plain",
              "Partial Mode": "Partial",
              "Parent Relationship": "Outer",
              "Parallel Aware": false,
              "Startup Cost": 408650.75,
              "Total Cost": 408650.76,
              "Plan Rows": 1,
              "Plan Width": 8,
              "Actual Startup Time": 1540.097,
              "Actual Total Time": 1540.107,
              "Actual Rows": 1,
              "Actual Loops": 7,
              "Plans": [
                {
                  "Node Type": "Hash Join",
                  "Parent Relationship": "Outer",
                  "Parallel Aware": true,
                  "Join Type": "Inner",
                  "Startup Cost": 69263.95,
                  "Total Cost": 406983.81,
                  "Plan Rows": 666776,
                  "Plan Width": 0,
                  "Actual Startup Time": 617.052,
                  "Actual Total Time": 1480.996,
                  "Actual Rows": 1264532,
                  "Actual Loops": 7,
                  "Inner Unique": false,
                  "Hash Cond": "(ci.movie_id = t.id)",
                  "Plans": [
                    {
                      "Node Type": "Seq Scan",
                      "Parent Relationship": "Outer",
                      "Parallel Aware": true,
                      "Relation Name": "cast_info",
                      "Alias": "ci",
                      "Startup Cost": 0.0,
                      "Total Cost": 328211.39,
                      "Plan Rows": 2091074,
                      "Plan Width": 4,
                      "Actual Startup Time": 268.27,
                      "Actual Total Time": 589.265,
                      "Actual Rows": 1771756,
                      "Actual Loops": 7,
                      "Filter": "(person_id > 2444575)",
                      "Rows Removed by Filter": 3406007
                    },
                    {
                      "Node Type": "Hash",
                      "Parent Relationship": "Inner",
                      "Parallel Aware": true,
                      "Startup Cost": 66744.47,
                      "Total Cost": 66744.47,
                      "Plan Rows": 201558,
                      "Plan Width": 8,
                      "Actual Startup Time": 345.278,
                      "Actual Total Time": 345.285,
                      "Actual Rows": 117420,
                      "Actual Loops": 7,
                      "Hash Buckets": 1048576,
                      "Original Hash Buckets": 1048576,
                      "Hash Batches": 1,
                      "Original Hash Batches": 1,
                      "Peak Memory Usage": 40480,
                      "Plans": [
                        {
                          "Node Type": "Hash Join",
                          "Parent Relationship": "Outer",
                          "Parallel Aware": true,
                          "Join Type": "Inner",
                          "Startup Cost": 19938.43,
                          "Total Cost": 66744.47,
                          "Plan Rows": 201558,
                          "Plan Width": 8,
                          "Actual Startup Time": 107.992,
                          "Actual Total Time": 292.168,
                          "Actual Rows": 117420,
                          "Actual Loops": 7,
                          "Inner Unique": false,
                          "Hash Cond": "(t.id = mi_idx.movie_id)",
                          "Plans": [
                            {
                              "Node Type": "Seq Scan",
                              "Parent Relationship": "Outer",
                              "Parallel Aware": true,
                              "Relation Name": "title",
                              "Alias": "t",
                              "Startup Cost": 0.0,
                              "Total Cost": 43899.32,
                              "Plan Rows": 551170,
                              "Plan Width": 4,
                              "Actual Startup Time": 0.021,
                              "Actual Total Time": 75.659,
                              "Actual Rows": 313232,
                              "Actual Loops": 7,
                              "Filter": "(production_year > 1961)",
                              "Rows Removed by Filter": 47955
                            },
                            {
                              "Node Type": "Hash",
                              "Parent Relationship": "Inner",
                              "Parallel Aware": true,
                              "Startup Cost": 15122.68,
                              "Total Cost": 15122.68,
                              "Plan Rows": 385260,
                              "Plan Width": 4,
                              "Actual Startup Time": 106.25,
                              "Actual Total Time": 106.252,
                              "Actual Rows": 131444,
                              "Actual Loops": 7,
                              "Hash Buckets": 1048576,
                              "Original Hash Buckets": 1048576,
                              "Hash Batches": 1,
                              "Original Hash Batches": 1,
                              "Peak Memory Usage": 44320,
                              "Plans": [
                                {
                                  "Node Type": "Seq Scan",
                                  "Parent Relationship": "Outer",
                                  "Parallel Aware": true,
                                  "Relation Name": "movie_info_idx",
                                  "Alias": "mi_idx",
                                  "Startup Cost": 0.0,
                                  "Total Cost": 15122.68,
                                  "Plan Rows": 385260,
                                  "Plan Width": 4,
                                  "Actual Startup Time": 0.076,
                                  "Actual Total Time": 40.093,
                                  "Actual Rows": 131444,
                                  "Actual Loops": 7,
                                  "Filter": "(info_type_id > 99)",
                                  "Rows Removed by Filter": 65704
                                }
                              ]
                            }
                          ]
                        }
                      ]
                    }
                  ]
                }
              ]
            }
          ]
        }
      ]
    },
    "Planning Time": 1.118,
    "Triggers": [],
    "Execution Time": 1612.526
  }
]