{
    "Plan": {
        "Node Type": "Aggregate",
        "Strategy": "Plain",
        "Partial Mode": "Finalize",
        "Parallel Aware": false,
        "Startup Cost": 598688.96,
        "Total Cost": 598688.97,
        "Plan Rows": 1,
        "Plan Width": 8,
        "Actual Startup Time": 1343.879,
        "Actual Total Time": 1409.067,
        "Actual Rows": 1,
        "Actual Loops": 1,
        "Output": [
            "count(*)"
        ],
        "Plans": [
            {
                "Node Type": "Gather",
                "Parent Relationship": "Outer",
                "Parallel Aware": false,
                "Startup Cost": 598688.33,
                "Total Cost": 598688.94,
                "Plan Rows": 6,
                "Plan Width": 8,
                "Actual Startup Time": 1336.984,
                "Actual Total Time": 1409.049,
                "Actual Rows": 7,
                "Actual Loops": 1,
                "Output": [
                    "(PARTIAL count(*))"
                ],
                "Workers Planned": 6,
                "Workers Launched": 6,
                "Single Copy": false,
                "Plans": [
                    {
                        "Node Type": "Aggregate",
                        "Strategy": "Plain",
                        "Partial Mode": "Partial",
                        "Parent Relationship": "Outer",
                        "Parallel Aware": false,
                        "Startup Cost": 597688.33,
                        "Total Cost": 597688.34,
                        "Plan Rows": 1,
                        "Plan Width": 8,
                        "Actual Startup Time": 1324.469,
                        "Actual Total Time": 1324.658,
                        "Actual Rows": 1,
                        "Actual Loops": 7,
                        "Output": [
                            "PARTIAL count(*)"
                        ],
                        "Workers": [
                            {
                                "Worker Number": 0,
                                "Actual Startup Time": 1323.034,
                                "Actual Total Time": 1323.04,
                                "Actual Rows": 1,
                                "Actual Loops": 1
                            },
                            {
                                "Worker Number": 1,
                                "Actual Startup Time": 1322.815,
                                "Actual Total Time": 1322.829,
                                "Actual Rows": 1,
                                "Actual Loops": 1
                            },
                            {
                                "Worker Number": 2,
                                "Actual Startup Time": 1322.802,
                                "Actual Total Time": 1322.809,
                                "Actual Rows": 1,
                                "Actual Loops": 1
                            },
                            {
                                "Worker Number": 3,
                                "Actual Startup Time": 1322.798,
                                "Actual Total Time": 1322.806,
                                "Actual Rows": 1,
                                "Actual Loops": 1
                            },
                            {
                                "Worker Number": 4,
                                "Actual Startup Time": 1322.793,
                                "Actual Total Time": 1322.799,
                                "Actual Rows": 1,
                                "Actual Loops": 1
                            },
                            {
                                "Worker Number": 5,
                                "Actual Startup Time": 1323.766,
                                "Actual Total Time": 1323.773,
                                "Actual Rows": 1,
                                "Actual Loops": 1
                            }
                        ],
                        "Plans": [
                            {
                                "Node Type": "Hash Join",
                                "Parent Relationship": "Outer",
                                "Parallel Aware": true,
                                "Join Type": "Inner",
                                "Startup Cost": 251315.37,
                                "Total Cost": 597084.34,
                                "Plan Rows": 241596,
                                "Plan Width": 0,
                                "Actual Startup Time": 576.022,
                                "Actual Total Time": 1305.264,
                                "Actual Rows": 432669,
                                "Actual Loops": 7,
                                "Inner Unique": false,
                                "Hash Cond": "(ci.movie_id = t.id)",
                                "Workers": [
                                    {
                                        "Worker Number": 0,
                                        "Actual Startup Time": 574.542,
                                        "Actual Total Time": 1303.808,
                                        "Actual Rows": 451567,
                                        "Actual Loops": 1
                                    },
                                    {
                                        "Worker Number": 1,
                                        "Actual Startup Time": 574.634,
                                        "Actual Total Time": 1301.797,
                                        "Actual Rows": 306195,
                                        "Actual Loops": 1
                                    },
                                    {
                                        "Worker Number": 2,
                                        "Actual Startup Time": 574.642,
                                        "Actual Total Time": 1303.889,
                                        "Actual Rows": 445064,
                                        "Actual Loops": 1
                                    },
                                    {
                                        "Worker Number": 3,
                                        "Actual Startup Time": 574.461,
                                        "Actual Total Time": 1304.144,
                                        "Actual Rows": 432136,
                                        "Actual Loops": 1
                                    },
                                    {
                                        "Worker Number": 4,
                                        "Actual Startup Time": 574.48,
                                        "Actual Total Time": 1304.27,
                                        "Actual Rows": 434446,
                                        "Actual Loops": 1
                                    },
                                    {
                                        "Worker Number": 5,
                                        "Actual Startup Time": 574.522,
                                        "Actual Total Time": 1305.005,
                                        "Actual Rows": 443276,
                                        "Actual Loops": 1
                                    }
                                ],
                                "Plans": [
                                    {
                                        "Node Type": "Index Scan",
                                        "Parent Relationship": "Outer",
                                        "Parallel Aware": true,
                                        "Scan Direction": "Forward",
                                        "Index Name": "role_id_cast_info",
                                        "Relation Name": "cast_info",
                                        "Schema": "public",
                                        "Alias": "ci",
                                        "Startup Cost": 0.56,
                                        "Total Cost": 342814.42,
                                        "Plan Rows": 659180,
                                        "Plan Width": 4,
                                        "Actual Startup Time": 0.262,
                                        "Actual Total Time": 400.594,
                                        "Actual Rows": 1160193,
                                        "Actual Loops": 7,
                                        "Output": [
                                            "ci.id",
                                            "ci.person_id",
                                            "ci.movie_id",
                                            "ci.person_role_id",
                                            "ci.note",
                                            "ci.nr_order",
                                            "ci.role_id"
                                        ],
                                        "Index Cond": "(ci.role_id < 2)",
                                        "Rows Removed by Index Recheck": 0,
                                        "Filter": "(ci.person_id < 1106667)",
                                        "Rows Removed by Filter": 649905,
                                        "Workers": [
                                            {
                                                "Worker Number": 0,
                                                "Actual Startup Time": 0.124,
                                                "Actual Total Time": 403.279,
                                                "Actual Rows": 1193401,
                                                "Actual Loops": 1
                                            },
                                            {
                                                "Worker Number": 1,
                                                "Actual Startup Time": 0.392,
                                                "Actual Total Time": 418.516,
                                                "Actual Rows": 834990,
                                                "Actual Loops": 1
                                            },
                                            {
                                                "Worker Number": 2,
                                                "Actual Startup Time": 0.374,
                                                "Actual Total Time": 400.504,
                                                "Actual Rows": 1164931,
                                                "Actual Loops": 1
                                            },
                                            {
                                                "Worker Number": 3,
                                                "Actual Startup Time": 0.232,
                                                "Actual Total Time": 402.176,
                                                "Actual Rows": 1155570,
                                                "Actual Loops": 1
                                            },
                                            {
                                                "Worker Number": 4,
                                                "Actual Startup Time": 0.264,
                                                "Actual Total Time": 404.933,
                                                "Actual Rows": 1198860,
                                                "Actual Loops": 1
                                            },
                                            {
                                                "Worker Number": 5,
                                                "Actual Startup Time": 0.319,
                                                "Actual Total Time": 403.982,
                                                "Actual Rows": 1190671,
                                                "Actual Loops": 1
                                            }
                                        ]
                                    },
                                    {
                                        "Node Type": "Hash",
                                        "Parent Relationship": "Inner",
                                        "Parallel Aware": true,
                                        "Startup Cost": 248998.17,
                                        "Total Cost": 248998.17,
                                        "Plan Rows": 185331,
                                        "Plan Width": 8,
                                        "Actual Startup Time": 572.846,
                                        "Actual Total Time": 573.033,
                                        "Actual Rows": 104462,
                                        "Actual Loops": 7,
                                        "Output": [
                                            "t.id",
                                            "mi.movie_id"
                                        ],
                                        "Hash Buckets": 1048576,
                                        "Original Hash Buckets": 1048576,
                                        "Hash Batches": 1,
                                        "Original Hash Batches": 1,
                                        "Peak Memory Usage": 36928,
                                        "Workers": [
                                            {
                                                "Worker Number": 0,
                                                "Actual Startup Time": 573.96,
                                                "Actual Total Time": 573.964,
                                                "Actual Rows": 109164,
                                                "Actual Loops": 1
                                            },
                                            {
                                                "Worker Number": 1,
                                                "Actual Startup Time": 573.811,
                                                "Actual Total Time": 573.822,
                                                "Actual Rows": 77999,
                                                "Actual Loops": 1
                                            },
                                            {
                                                "Worker Number": 2,
                                                "Actual Startup Time": 573.7,
                                                "Actual Total Time": 573.705,
                                                "Actual Rows": 105732,
                                                "Actual Loops": 1
                                            },
                                            {
                                                "Worker Number": 3,
                                                "Actual Startup Time": 573.851,
                                                "Actual Total Time": 573.856,
                                                "Actual Rows": 104411,
                                                "Actual Loops": 1
                                            },
                                            {
                                                "Worker Number": 4,
                                                "Actual Startup Time": 573.803,
                                                "Actual Total Time": 573.807,
                                                "Actual Rows": 109173,
                                                "Actual Loops": 1
                                            },
                                            {
                                                "Worker Number": 5,
                                                "Actual Startup Time": 573.788,
                                                "Actual Total Time": 573.793,
                                                "Actual Rows": 106950,
                                                "Actual Loops": 1
                                            }
                                        ],
                                        "Plans": [
                                            {
                                                "Node Type": "Hash Join",
                                                "Parent Relationship": "Outer",
                                                "Parallel Aware": true,
                                                "Join Type": "Inner",
                                                "Startup Cost": 49037.06,
                                                "Total Cost": 248998.17,
                                                "Plan Rows": 185331,
                                                "Plan Width": 8,
                                                "Actual Startup Time": 189.973,
                                                "Actual Total Time": 528.708,
                                                "Actual Rows": 104462,
                                                "Actual Loops": 7,
                                                "Output": [
                                                    "t.id",
                                                    "mi.movie_id"
                                                ],
                                                "Inner Unique": true,
                                                "Hash Cond": "(mi.movie_id = t.id)",
                                                "Workers": [
                                                    {
                                                        "Worker Number": 0,
                                                        "Actual Startup Time": 189.925,
                                                        "Actual Total Time": 527.485,
                                                        "Actual Rows": 109164,
                                                        "Actual Loops": 1
                                                    },
                                                    {
                                                        "Worker Number": 1,
                                                        "Actual Startup Time": 189.897,
                                                        "Actual Total Time": 528.811,
                                                        "Actual Rows": 77999,
                                                        "Actual Loops": 1
                                                    },
                                                    {
                                                        "Worker Number": 2,
                                                        "Actual Startup Time": 189.963,
                                                        "Actual Total Time": 529.44,
                                                        "Actual Rows": 105732,
                                                        "Actual Loops": 1
                                                    },
                                                    {
                                                        "Worker Number": 3,
                                                        "Actual Startup Time": 189.975,
                                                        "Actual Total Time": 529.111,
                                                        "Actual Rows": 104411,
                                                        "Actual Loops": 1
                                                    },
                                                    {
                                                        "Worker Number": 4,
                                                        "Actual Startup Time": 190.134,
                                                        "Actual Total Time": 528.107,
                                                        "Actual Rows": 109173,
                                                        "Actual Loops": 1
                                                    },
                                                    {
                                                        "Worker Number": 5,
                                                        "Actual Startup Time": 189.912,
                                                        "Actual Total Time": 529.501,
                                                        "Actual Rows": 106950,
                                                        "Actual Loops": 1
                                                    }
                                                ],
                                                "Plans": [
                                                    {
                                                        "Node Type": "Seq Scan",
                                                        "Parent Relationship": "Outer",
                                                        "Parallel Aware": true,
                                                        "Relation Name": "movie_info",
                                                        "Schema": "public",
                                                        "Alias": "mi",
                                                        "Startup Cost": 0.0,
                                                        "Total Cost": 198880.74,
                                                        "Plan Rows": 411570,
                                                        "Plan Width": 4,
                                                        "Actual Startup Time": 25.964,
                                                        "Actual Total Time": 267.737,
                                                        "Actual Rows": 298724,
                                                        "Actual Loops": 7,
                                                        "Output": [
                                                            "mi.id",
                                                            "mi.movie_id",
                                                            "mi.info_type_id",
                                                            "mi.info",
                                                            "mi.note"
                                                        ],
                                                        "Filter": "(mi.info_type_id < 3)",
                                                        "Rows Removed by Filter": 1820665,
                                                        "Workers": [
                                                            {
                                                                "Worker Number": 0,
                                                                "Actual Startup Time": 25.87,
                                                                "Actual Total Time": 267.665,
                                                                "Actual Rows": 311707,
                                                                "Actual Loops": 1
                                                            },
                                                            {
                                                                "Worker Number": 1,
                                                                "Actual Startup Time": 25.956,
                                                                "Actual Total Time": 272.864,
                                                                "Actual Rows": 223162,
                                                                "Actual Loops": 1
                                                            },
                                                            {
                                                                "Worker Number": 2,
                                                                "Actual Startup Time": 25.976,
                                                                "Actual Total Time": 267.239,
                                                                "Actual Rows": 298980,
                                                                "Actual Loops": 1
                                                            },
                                                            {
                                                                "Worker Number": 3,
                                                                "Actual Startup Time": 25.977,
                                                                "Actual Total Time": 267.795,
                                                                "Actual Rows": 297935,
                                                                "Actual Loops": 1
                                                            },
                                                            {
                                                                "Worker Number": 4,
                                                                "Actual Startup Time": 26.001,
                                                                "Actual Total Time": 268.123,
                                                                "Actual Rows": 313395,
                                                                "Actual Loops": 1
                                                            },
                                                            {
                                                                "Worker Number": 5,
                                                                "Actual Startup Time": 25.989,
                                                                "Actual Total Time": 267.974,
                                                                "Actual Rows": 307713,
                                                                "Actual Loops": 1
                                                            }
                                                        ]
                                                    },
                                                    {
                                                        "Node Type": "Hash",
                                                        "Parent Relationship": "Inner",
                                                        "Parallel Aware": true,
                                                        "Startup Cost": 45479.21,
                                                        "Total Cost": 45479.21,
                                                        "Plan Rows": 284628,
                                                        "Plan Width": 4,
                                                        "Actual Startup Time": 161.466,
                                                        "Actual Total Time": 161.467,
                                                        "Actual Rows": 156512,
                                                        "Actual Loops": 7,
                                                        "Output": [
                                                            "t.id"
                                                        ],
                                                        "Hash Buckets": 2097152,
                                                        "Original Hash Buckets": 2097152,
                                                        "Hash Batches": 1,
                                                        "Original Hash Batches": 1,
                                                        "Peak Memory Usage": 59328,
                                                        "Workers": [
                                                            {
                                                                "Worker Number": 0,
                                                                "Actual Startup Time": 163.85,
                                                                "Actual Total Time": 163.851,
                                                                "Actual Rows": 154199,
                                                                "Actual Loops": 1
                                                            },
                                                            {
                                                                "Worker Number": 1,
                                                                "Actual Startup Time": 163.837,
                                                                "Actual Total Time": 163.839,
                                                                "Actual Rows": 99622,
                                                                "Actual Loops": 1
                                                            },
                                                            {
                                                                "Worker Number": 2,
                                                                "Actual Startup Time": 163.849,
                                                                "Actual Total Time": 163.851,
                                                                "Actual Rows": 146897,
                                                                "Actual Loops": 1
                                                            },
                                                            {
                                                                "Worker Number": 3,
                                                                "Actual Startup Time": 163.916,
                                                                "Actual Total Time": 163.918,
                                                                "Actual Rows": 144260,
                                                                "Actual Loops": 1
                                                            },
                                                            {
                                                                "Worker Number": 4,
                                                                "Actual Startup Time": 163.844,
                                                                "Actual Total Time": 163.845,
                                                                "Actual Rows": 152556,
                                                                "Actual Loops": 1
                                                            },
                                                            {
                                                                "Worker Number": 5,
                                                                "Actual Startup Time": 163.848,
                                                                "Actual Total Time": 163.849,
                                                                "Actual Rows": 151158,
                                                                "Actual Loops": 1
                                                            }
                                                        ],
                                                        "Plans": [
                                                            {
                                                                "Node Type": "Seq Scan",
                                                                "Parent Relationship": "Outer",
                                                                "Parallel Aware": true,
                                                                "Relation Name": "title",
                                                                "Schema": "public",
                                                                "Alias": "t",
                                                                "Startup Cost": 0.0,
                                                                "Total Cost": 45479.21,
                                                                "Plan Rows": 284628,
                                                                "Plan Width": 4,
                                                                "Actual Startup Time": 0.068,
                                                                "Actual Total Time": 76.763,
                                                                "Actual Rows": 156512,
                                                                "Actual Loops": 7,
                                                                "Output": [
                                                                    "t.id"
                                                                ],
                                                                "Filter": "((t.kind_id > 1) AND (t.production_year < 2007))",
                                                                "Rows Removed by Filter": 204676,
                                                                "Workers": [
                                                                    {
                                                                        "Worker Number": 0,
                                                                        "Actual Startup Time": 0.075,
                                                                        "Actual Total Time": 78.146,
                                                                        "Actual Rows": 154199,
                                                                        "Actual Loops": 1
                                                                    },
                                                                    {
                                                                        "Worker Number": 1,
                                                                        "Actual Startup Time": 0.076,
                                                                        "Actual Total Time": 81.346,
                                                                        "Actual Rows": 99622,
                                                                        "Actual Loops": 1
                                                                    },
                                                                    {
                                                                        "Worker Number": 2,
                                                                        "Actual Startup Time": 0.073,
                                                                        "Actual Total Time": 77.3,
                                                                        "Actual Rows": 146897,
                                                                        "Actual Loops": 1
                                                                    },
                                                                    {
                                                                        "Worker Number": 3,
                                                                        "Actual Startup Time": 0.075,
                                                                        "Actual Total Time": 77.01,
                                                                        "Actual Rows": 144260,
                                                                        "Actual Loops": 1
                                                                    },
                                                                    {
                                                                        "Worker Number": 4,
                                                                        "Actual Startup Time": 0.078,
                                                                        "Actual Total Time": 77.621,
                                                                        "Actual Rows": 152556,
                                                                        "Actual Loops": 1
                                                                    },
                                                                    {
                                                                        "Worker Number": 5,
                                                                        "Actual Startup Time": 0.082,
                                                                        "Actual Total Time": 77.811,
                                                                        "Actual Rows": 151158,
                                                                        "Actual Loops": 1
                                                                    }
                                                                ]
                                                            }
                                                        ]
                                                    }
                                                ]
                                            }
                                        ]
                                    }
                                ]
                            }
                        ]
                    }
                ]
            }
        ]
    },
    "Planning Time": 1.568,
    "Triggers": [],
    "Execution Time": 1409.18
}