[
  {
    "Plan": {
      "Node Type": "Aggregate",
      "Strategy": "Plain",
      "Partial Mode": "Finalize",
      "Parallel Aware": false,
      "Startup Cost": 343858.52,
      "Total Cost": 343858.53,
      "Plan Rows": 1,
      "Plan Width": 8,
      "Actual Startup Time": 903.477,
      "Actual Total Time": 965.023,
      "Actual Rows": 1,
      "Actual Loops": 1,
      "Plans": [
        {
          "Node Type": "Gather",
          "Parent Relationship": "Outer",
          "Parallel Aware": false,
          "Startup Cost": 343857.89,
          "Total Cost": 343858.5,
          "Plan Rows": 6,
          "Plan Width": 8,
          "Actual Startup Time": 903.355,
          "Actual Total Time": 965.013,
          "Actual Rows": 7,
          "Actual Loops": 1,
          "Workers Planned": 6,
          "Workers Launched": 6,
          "Single Copy": false,
          "Plans": [
            {
              "Node Type": "Aggregate",
              "Strategy": "Plain",
              "Partial Mode": "Partial",
              "Parent Relationship": "Outer",
              "Parallel Aware": false,
              "Startup Cost": 342857.89,
              "Total Cost": 342857.9,
              "Plan Rows": 1,
              "Plan Width": 8,
              "Actual Startup Time": 893.305,
              "Actual Total Time": 893.306,
              "Actual Rows": 1,
              "Actual Loops": 7,
              "Plans": [
                {
                  "Node Type": "Seq Scan",
                  "Parent Relationship": "Outer",
                  "Parallel Aware": true,
                  "Relation Name": "cast_info",
                  "Alias": "ci",
                  "Startup Cost": 0.0,
                  "Total Cost": 328162.03,
                  "Plan Rows": 5878346,
                  "Plan Width": 0,
                  "Actual Startup Time": 22.295,
                  "Actual Total Time": 671.005,
                  "Actual Rows": 5041776,
                  "Actual Loops": 7,
                  "Filter": "(person_id > 98590)",
                  "Rows Removed by Filter": 135988
                }
              ]
            }
          ]
        }
      ]
    },
    "Planning Time": 0.177,
    "Triggers": [],
    "Execution Time": 965.096
  }
]