{
  "Plan": {
    "Node Type": "Aggregate",
    "Strategy": "Plain",
    "Partial Mode": "Finalize",
    "Parallel Aware": false,
    "Startup Cost": 738591.72,
    "Total Cost": 738591.73,
    "Plan Rows": 1,
    "Plan Width": 8,
    "Actual Startup Time": 6256.546,
    "Actual Total Time": 6330.371,
    "Actual Rows": 1,
    "Actual Loops": 1,
    "Plans": [
      {
        "Node Type": "Gather",
        "Parent Relationship": "Outer",
        "Parallel Aware": false,
        "Startup Cost": 738591.61,
        "Total Cost": 738591.72,
        "Plan Rows": 1,
        "Plan Width": 8,
        "Actual Startup Time": 6250.335,
        "Actual Total Time": 6330.363,
        "Actual Rows": 2,
        "Actual Loops": 1,
        "Workers Planned": 1,
        "Workers Launched": 1,
        "Single Copy": false,
        "Plans": [
          {
            "Node Type": "Aggregate",
            "Strategy": "Plain",
            "Partial Mode": "Partial",
            "Parent Relationship": "Outer",
            "Parallel Aware": false,
            "Startup Cost": 737591.61,
            "Total Cost": 737591.62,
            "Plan Rows": 1,
            "Plan Width": 8,
            "Actual Startup Time": 6243.857,
            "Actual Total Time": 6243.862,
            "Actual Rows": 1,
            "Actual Loops": 2,
            "Plans": [
              {
                "Node Type": "Hash Join",
                "Parent Relationship": "Outer",
                "Parallel Aware": true,
                "Join Type": "Inner",
                "Startup Cost": 126203.72,
                "Total Cost": 725684.54,
                "Plan Rows": 4762828,
                "Plan Width": 0,
                "Actual Startup Time": 1381.296,
                "Actual Total Time": 5802.609,
                "Actual Rows": 11304514,
                "Actual Loops": 2,
                "Inner Unique": false,
                "Hash Cond": "(ci.movie_id = t.id)",
                "Plans": [
                  {
                    "Node Type": "Seq Scan",
                    "Parent Relationship": "Outer",
                    "Parallel Aware": true,
                    "Relation Name": "cast_info",
                    "Alias": "ci",
                    "Startup Cost": 0.0,
                    "Total Cost": 519069.44,
                    "Plan Rows": 13971936,
                    "Plan Width": 4,
                    "Actual Startup Time": 485.441,
                    "Actual Total Time": 1763.053,
                    "Actual Rows": 11786828,
                    "Actual Loops": 2,
                    "Filter": "(role_id > 1)",
                    "Rows Removed by Filter": 6335344
                  },
                  {
                    "Node Type": "Hash",
                    "Parent Relationship": "Inner",
                    "Parallel Aware": true,
                    "Startup Cost": 119866.53,
                    "Total Cost": 119866.53,
                    "Plan Rows": 506975,
                    "Plan Width": 8,
                    "Actual Startup Time": 886.659,
                    "Actual Total Time": 886.663,
                    "Actual Rows": 433318,
                    "Actual Loops": 2,
                    "Hash Buckets": 1048576,
                    "Original Hash Buckets": 1048576,
                    "Hash Batches": 1,
                    "Original Hash Batches": 1,
                    "Peak Memory Usage": 42144,
                    "Plans": [
                      {
                        "Node Type": "Hash Join",
                        "Parent Relationship": "Outer",
                        "Parallel Aware": true,
                        "Join Type": "Inner",
                        "Startup Cost": 87744.53,
                        "Total Cost": 119866.53,
                        "Plan Rows": 506975,
                        "Plan Width": 8,
                        "Actual Startup Time": 575.987,
                        "Actual Total Time": 788.907,
                        "Actual Rows": 433318,
                        "Actual Loops": 2,
                        "Inner Unique": true,
                        "Hash Cond": "(mk.movie_id = t.id)",
                        "Plans": [
                          {
                            "Node Type": "Bitmap Heap Scan",
                            "Parent Relationship": "Outer",
                            "Parallel Aware": true,
                            "Relation Name": "movie_keyword",
                            "Alias": "mk",
                            "Startup Cost": 18283.83,
                            "Total Cost": 49075.02,
                            "Plan Rows": 506975,
                            "Plan Width": 4,
                            "Actual Startup Time": 48.566,
                            "Actual Total Time": 136.194,
                            "Actual Rows": 433318,
                            "Actual Loops": 2,
                            "Recheck Cond": "(keyword_id < 825)",
                            "Rows Removed by Index Recheck": 0,
                            "Exact Heap Blocks": 12273,
                            "Lossy Heap Blocks": 0,
                            "Plans": [
                              {
                                "Node Type": "Bitmap Index Scan",
                                "Parent Relationship": "Outer",
                                "Parallel Aware": false,
                                "Index Name": "keyword_id_movie_keyword",
                                "Startup Cost": 0.0,
                                "Total Cost": 18068.37,
                                "Plan Rows": 861858,
                                "Plan Width": 0,
                                "Actual Startup Time": 45.009,
                                "Actual Total Time": 45.01,
                                "Actual Rows": 866635,
                                "Actual Loops": 1,
                                "Index Cond": "(keyword_id < 825)"
                              }
                            ]
                          },
                          {
                            "Node Type": "Hash",
                            "Parent Relationship": "Inner",
                            "Parallel Aware": true,
                            "Startup Cost": 50870.31,
                            "Total Cost": 50870.31,
                            "Plan Rows": 1487231,
                            "Plan Width": 4,
                            "Actual Startup Time": 512.23,
                            "Actual Total Time": 512.231,
                            "Actual Rows": 1264156,
                            "Actual Loops": 2,
                            "Hash Buckets": 4194304,
                            "Original Hash Buckets": 4194304,
                            "Hash Batches": 1,
                            "Original Hash Batches": 1,
                            "Peak Memory Usage": 131712,
                            "Plans": [
                              {
                                "Node Type": "Seq Scan",
                                "Parent Relationship": "Outer",
                                "Parallel Aware": true,
                                "Relation Name": "title",
                                "Alias": "t",
                                "Startup Cost": 0.0,
                                "Total Cost": 50870.31,
                                "Plan Rows": 1487231,
                                "Plan Width": 4,
                                "Actual Startup Time": 0.031,
                                "Actual Total Time": 150.095,
                                "Actual Rows": 1264156,
                                "Actual Loops": 2
                              }
                            ]
                          }
                        ]
                      }
                    ]
                  }
                ]
              }
            ]
          }
        ]
      }
    ]
  },
  "Planning Time": 0.936,
  "Triggers": [],
  "Execution Time": 6330.489
}