[
  {
    "Plan": {
      "Node Type": "Aggregate",
      "Strategy": "Plain",
      "Partial Mode": "Finalize",
      "Parallel Aware": false,
      "Startup Cost": 32917.43,
      "Total Cost": 32917.44,
      "Plan Rows": 1,
      "Plan Width": 8,
      "Actual Startup Time": 91.678,
      "Actual Total Time": 99.818,
      "Actual Rows": 1,
      "Actual Loops": 1,
      "Plans": [
        {
          "Node Type": "Gather",
          "Parent Relationship": "Outer",
          "Parallel Aware": false,
          "Startup Cost": 32917.12,
          "Total Cost": 32917.43,
          "Plan Rows": 3,
          "Plan Width": 8,
          "Actual Startup Time": 91.556,
          "Actual Total Time": 99.809,
          "Actual Rows": 4,
          "Actual Loops": 1,
          "Workers Planned": 3,
          "Workers Launched": 3,
          "Single Copy": false,
          "Plans": [
            {
              "Node Type": "Aggregate",
              "Strategy": "Plain",
              "Partial Mode": "Partial",
              "Parent Relationship": "Outer",
              "Parallel Aware": false,
              "Startup Cost": 31917.12,
              "Total Cost": 31917.13,
              "Plan Rows": 1,
              "Plan Width": 8,
              "Actual Startup Time": 84.395,
              "Actual Total Time": 84.396,
              "Actual Rows": 1,
              "Actual Loops": 4,
              "Plans": [
                {
                  "Node Type": "Seq Scan",
                  "Parent Relationship": "Outer",
                  "Parallel Aware": true,
                  "Relation Name": "movie_companies",
                  "Alias": "mc",
                  "Startup Cost": 0.0,
                  "Total Cost": 31414.82,
                  "Plan Rows": 200919,
                  "Plan Width": 0,
                  "Actual Startup Time": 21.402,
                  "Actual Total Time": 79.721,
                  "Actual Rows": 92403,
                  "Actual Loops": 4,
                  "Filter": "((company_id > 11475) AND (company_type_id < 2))",
                  "Rows Removed by Filter": 559879
                }
              ]
            }
          ]
        }
      ]
    },
    "Planning Time": 0.217,
    "Triggers": [],
    "Execution Time": 99.874
  }
]