[
  {
    "Plan": {
      "Node Type": "Aggregate",
      "Strategy": "Plain",
      "Partial Mode": "Finalize",
      "Parallel Aware": false,
      "Startup Cost": 33078.22,
      "Total Cost": 33078.23,
      "Plan Rows": 1,
      "Plan Width": 8,
      "Actual Startup Time": 109.933,
      "Actual Total Time": 118.543,
      "Actual Rows": 1,
      "Actual Loops": 1,
      "Plans": [
        {
          "Node Type": "Gather",
          "Parent Relationship": "Outer",
          "Parallel Aware": false,
          "Startup Cost": 33077.9,
          "Total Cost": 33078.21,
          "Plan Rows": 3,
          "Plan Width": 8,
          "Actual Startup Time": 109.667,
          "Actual Total Time": 118.531,
          "Actual Rows": 4,
          "Actual Loops": 1,
          "Workers Planned": 3,
          "Workers Launched": 3,
          "Single Copy": false,
          "Plans": [
            {
              "Node Type": "Aggregate",
              "Strategy": "Plain",
              "Partial Mode": "Partial",
              "Parent Relationship": "Outer",
              "Parallel Aware": false,
              "Startup Cost": 32077.9,
              "Total Cost": 32077.91,
              "Plan Rows": 1,
              "Plan Width": 8,
              "Actual Startup Time": 102.722,
              "Actual Total Time": 102.724,
              "Actual Rows": 1,
              "Actual Loops": 4,
              "Plans": [
                {
                  "Node Type": "Seq Scan",
                  "Parent Relationship": "Outer",
                  "Parallel Aware": true,
                  "Relation Name": "movie_companies",
                  "Alias": "mc",
                  "Startup Cost": 0.0,
                  "Total Cost": 31414.82,
                  "Plan Rows": 265232,
                  "Plan Width": 0,
                  "Actual Startup Time": 2.19,
                  "Actual Total Time": 92.871,
                  "Actual Rows": 154246,
                  "Actual Loops": 4,
                  "Filter": "((company_id > 3270) AND (company_type_id < 2))",
                  "Rows Removed by Filter": 498036
                }
              ]
            }
          ]
        }
      ]
    },
    "Planning Time": 0.126,
    "Triggers": [],
    "Execution Time": 118.58
  }
]