[
  {
    "Plan": {
      "Node Type": "Aggregate",
      "Strategy": "Plain",
      "Partial Mode": "Finalize",
      "Parallel Aware": false,
      "Startup Cost": 226342.93,
      "Total Cost": 226342.94,
      "Plan Rows": 1,
      "Plan Width": 8,
      "Actual Startup Time": 180.761,
      "Actual Total Time": 210.985,
      "Actual Rows": 1,
      "Actual Loops": 1,
      "Plans": [
        {
          "Node Type": "Gather",
          "Parent Relationship": "Outer",
          "Parallel Aware": false,
          "Startup Cost": 226342.51,
          "Total Cost": 226342.92,
          "Plan Rows": 4,
          "Plan Width": 8,
          "Actual Startup Time": 180.429,
          "Actual Total Time": 210.973,
          "Actual Rows": 5,
          "Actual Loops": 1,
          "Workers Planned": 4,
          "Workers Launched": 4,
          "Single Copy": false,
          "Plans": [
            {
              "Node Type": "Aggregate",
              "Strategy": "Plain",
              "Partial Mode": "Partial",
              "Parent Relationship": "Outer",
              "Parallel Aware": false,
              "Startup Cost": 225342.51,
              "Total Cost": 225342.52,
              "Plan Rows": 1,
              "Plan Width": 8,
              "Actual Startup Time": 173.37,
              "Actual Total Time": 173.372,
              "Actual Rows": 1,
              "Actual Loops": 5,
              "Plans": [
                {
                  "Node Type": "Nested Loop",
                  "Parent Relationship": "Outer",
                  "Parallel Aware": false,
                  "Join Type": "Inner",
                  "Startup Cost": 0.43,
                  "Total Cost": 225285.55,
                  "Plan Rows": 22784,
                  "Plan Width": 0,
                  "Actual Startup Time": 0.613,
                  "Actual Total Time": 170.83,
                  "Actual Rows": 30631,
                  "Actual Loops": 5,
                  "Inner Unique": false,
                  "Plans": [
                    {
                      "Node Type": "Seq Scan",
                      "Parent Relationship": "Outer",
                      "Parallel Aware": true,
                      "Relation Name": "title",
                      "Alias": "t",
                      "Startup Cost": 0.0,
                      "Total Cost": 45479.59,
                      "Plan Rows": 3880,
                      "Plan Width": 4,
                      "Actual Startup Time": 0.402,
                      "Actual Total Time": 79.568,
                      "Actual Rows": 2594,
                      "Actual Loops": 5,
                      "Filter": "((kind_id < 7) AND (production_year = 1997))",
                      "Rows Removed by Filter": 503069
                    },
                    {
                      "Node Type": "Index Only Scan",
                      "Parent Relationship": "Inner",
                      "Parallel Aware": false,
                      "Scan Direction": "Forward",
                      "Index Name": "movie_id_movie_info",
                      "Relation Name": "movie_info",
                      "Alias": "mi",
                      "Startup Cost": 0.43,
                      "Total Cost": 45.93,
                      "Plan Rows": 41,
                      "Plan Width": 4,
                      "Actual Startup Time": 0.012,
                      "Actual Total Time": 0.033,
                      "Actual Rows": 12,
                      "Actual Loops": 12969,
                      "Index Cond": "(movie_id = t.id)",
                      "Rows Removed by Index Recheck": 0,
                      "Heap Fetches": 153155
                    }
                  ]
                }
              ]
            }
          ]
        }
      ]
    },
    "Planning Time": 0.383,
    "Triggers": [],
    "Execution Time": 211.031
  }
]