[
  {
    "Plan": {
      "Node Type": "Aggregate",
      "Strategy": "Plain",
      "Partial Mode": "Finalize",
      "Parallel Aware": false,
      "Startup Cost": 46486.23,
      "Total Cost": 46486.24,
      "Plan Rows": 1,
      "Plan Width": 8,
      "Actual Startup Time": 105.503,
      "Actual Total Time": 117.803,
      "Actual Rows": 1,
      "Actual Loops": 1,
      "Plans": [
        {
          "Node Type": "Gather",
          "Parent Relationship": "Outer",
          "Parallel Aware": false,
          "Startup Cost": 46485.81,
          "Total Cost": 46486.22,
          "Plan Rows": 4,
          "Plan Width": 8,
          "Actual Startup Time": 105.273,
          "Actual Total Time": 117.791,
          "Actual Rows": 5,
          "Actual Loops": 1,
          "Workers Planned": 4,
          "Workers Launched": 4,
          "Single Copy": false,
          "Plans": [
            {
              "Node Type": "Aggregate",
              "Strategy": "Plain",
              "Partial Mode": "Partial",
              "Parent Relationship": "Outer",
              "Parallel Aware": false,
              "Startup Cost": 45485.81,
              "Total Cost": 45485.82,
              "Plan Rows": 1,
              "Plan Width": 8,
              "Actual Startup Time": 95.388,
              "Actual Total Time": 95.39,
              "Actual Rows": 1,
              "Actual Loops": 5,
              "Plans": [
                {
                  "Node Type": "Seq Scan",
                  "Parent Relationship": "Outer",
                  "Parallel Aware": true,
                  "Relation Name": "title",
                  "Alias": "t",
                  "Startup Cost": 0.0,
                  "Total Cost": 45479.59,
                  "Plan Rows": 2491,
                  "Plan Width": 0,
                  "Actual Startup Time": 0.214,
                  "Actual Total Time": 95.105,
                  "Actual Rows": 2028,
                  "Actual Loops": 5,
                  "Filter": "((kind_id > 1) AND (production_year = 1973))",
                  "Rows Removed by Filter": 503634
                }
              ]
            }
          ]
        }
      ]
    },
    "Planning Time": 0.159,
    "Triggers": [],
    "Execution Time": 117.86
  }
]