[
  {
    "Plan": {
      "Node Type": "Aggregate",
      "Strategy": "Plain",
      "Partial Mode": "Finalize",
      "Parallel Aware": false,
      "Startup Cost": 72168.15,
      "Total Cost": 72168.16,
      "Plan Rows": 1,
      "Plan Width": 8,
      "Actual Startup Time": 191.061,
      "Actual Total Time": 213.517,
      "Actual Rows": 1,
      "Actual Loops": 1,
      "Plans": [
        {
          "Node Type": "Gather",
          "Parent Relationship": "Outer",
          "Parallel Aware": false,
          "Startup Cost": 72167.83,
          "Total Cost": 72168.14,
          "Plan Rows": 3,
          "Plan Width": 8,
          "Actual Startup Time": 190.721,
          "Actual Total Time": 213.509,
          "Actual Rows": 4,
          "Actual Loops": 1,
          "Workers Planned": 3,
          "Workers Launched": 3,
          "Single Copy": false,
          "Plans": [
            {
              "Node Type": "Aggregate",
              "Strategy": "Plain",
              "Partial Mode": "Partial",
              "Parent Relationship": "Outer",
              "Parallel Aware": false,
              "Startup Cost": 71167.83,
              "Total Cost": 71167.84,
              "Plan Rows": 1,
              "Plan Width": 8,
              "Actual Startup Time": 180.971,
              "Actual Total Time": 180.977,
              "Actual Rows": 1,
              "Actual Loops": 4,
              "Plans": [
                {
                  "Node Type": "Nested Loop",
                  "Parent Relationship": "Outer",
                  "Parallel Aware": false,
                  "Join Type": "Inner",
                  "Startup Cost": 49566.57,
                  "Total Cost": 71165.96,
                  "Plan Rows": 748,
                  "Plan Width": 0,
                  "Actual Startup Time": 134.552,
                  "Actual Total Time": 180.392,
                  "Actual Rows": 7533,
                  "Actual Loops": 4,
                  "Inner Unique": false,
                  "Join Filter": "(t.id = mi.movie_id)",
                  "Rows Removed by Join Filter": 0,
                  "Plans": [
                    {
                      "Node Type": "Hash Join",
                      "Parent Relationship": "Outer",
                      "Parallel Aware": true,
                      "Join Type": "Inner",
                      "Startup Cost": 49566.14,
                      "Total Cost": 69341.87,
                      "Plan Rows": 169,
                      "Plan Width": 8,
                      "Actual Startup Time": 134.454,
                      "Actual Total Time": 167.921,
                      "Actual Rows": 124,
                      "Actual Loops": 4,
                      "Inner Unique": true,
                      "Hash Cond": "(mc.movie_id = t.id)",
                      "Plans": [
                        {
                          "Node Type": "Bitmap Heap Scan",
                          "Parent Relationship": "Outer",
                          "Parallel Aware": true,
                          "Relation Name": "movie_companies",
                          "Alias": "mc",
                          "Startup Cost": 4042.21,
                          "Total Cost": 23739.76,
                          "Plan Rows": 29784,
                          "Plan Width": 4,
                          "Actual Startup Time": 16.225,
                          "Actual Total Time": 44.168,
                          "Actual Rows": 36733,
                          "Actual Loops": 4,
                          "Recheck Cond": "(company_id < 49)",
                          "Rows Removed by Index Recheck": 0,
                          "Filter": "(company_type_id < 2)",
                          "Rows Removed by Filter": 9778,
                          "Exact Heap Blocks": 6120,
                          "Lossy Heap Blocks": 0,
                          "Plans": [
                            {
                              "Node Type": "Bitmap Index Scan",
                              "Parent Relationship": "Outer",
                              "Parallel Aware": false,
                              "Index Name": "company_id_movie_companies",
                              "Startup Cost": 0.0,
                              "Total Cost": 4019.13,
                              "Plan Rows": 187560,
                              "Plan Width": 0,
                              "Actual Startup Time": 12.793,
                              "Actual Total Time": 12.794,
                              "Actual Rows": 186044,
                              "Actual Loops": 1,
                              "Index Cond": "(company_id < 49)"
                            }
                          ]
                        },
                        {
                          "Node Type": "Hash",
                          "Parent Relationship": "Inner",
                          "Parallel Aware": true,
                          "Startup Cost": 45479.1,
                          "Total Cost": 45479.1,
                          "Plan Rows": 3586,
                          "Plan Width": 4,
                          "Actual Startup Time": 116.44,
                          "Actual Total Time": 116.441,
                          "Actual Rows": 3052,
                          "Actual Loops": 4,
                          "Hash Buckets": 16384,
                          "Original Hash Buckets": 16384,
                          "Hash Batches": 1,
                          "Original Hash Batches": 1,
                          "Peak Memory Usage": 704,
                          "Plans": [
                            {
                              "Node Type": "Seq Scan",
                              "Parent Relationship": "Outer",
                              "Parallel Aware": true,
                              "Relation Name": "title",
                              "Alias": "t",
                              "Startup Cost": 0.0,
                              "Total Cost": 45479.1,
                              "Plan Rows": 3586,
                              "Plan Width": 4,
                              "Actual Startup Time": 0.81,
                              "Actual Total Time": 114.437,
                              "Actual Rows": 3052,
                              "Actual Loops": 4,
                              "Filter": "((kind_id < 7) AND (production_year = 1996))",
                              "Rows Removed by Filter": 629026
                            }
                          ]
                        }
                      ]
                    },
                    {
                      "Node Type": "Index Scan",
                      "Parent Relationship": "Inner",
                      "Parallel Aware": false,
                      "Scan Direction": "Forward",
                      "Index Name": "movie_id_movie_info",
                      "Relation Name": "movie_info",
                      "Alias": "mi",
                      "Startup Cost": 0.43,
                      "Total Cost": 10.39,
                      "Plan Rows": 32,
                      "Plan Width": 4,
                      "Actual Startup Time": 0.026,
                      "Actual Total Time": 0.091,
                      "Actual Rows": 61,
                      "Actual Loops": 498,
                      "Index Cond": "(movie_id = mc.movie_id)",
                      "Rows Removed by Index Recheck": 0,
                      "Filter": "(info_type_id > 3)",
                      "Rows Removed by Filter": 4
                    }
                  ]
                }
              ]
            }
          ]
        }
      ]
    },
    "Planning Time": 1.558,
    "Triggers": [],
    "Execution Time": 213.68
  }
]