[
  {
    "Plan": {
      "Node Type": "Aggregate",
      "Strategy": "Plain",
      "Partial Mode": "Finalize",
      "Parallel Aware": false,
      "Startup Cost": 385241.2,
      "Total Cost": 385241.21,
      "Plan Rows": 1,
      "Plan Width": 8,
      "Actual Startup Time": 785.615,
      "Actual Total Time": 812.706,
      "Actual Rows": 1,
      "Actual Loops": 1,
      "Plans": [
        {
          "Node Type": "Gather",
          "Parent Relationship": "Outer",
          "Parallel Aware": false,
          "Startup Cost": 385240.58,
          "Total Cost": 385241.19,
          "Plan Rows": 6,
          "Plan Width": 8,
          "Actual Startup Time": 779.119,
          "Actual Total Time": 812.698,
          "Actual Rows": 7,
          "Actual Loops": 1,
          "Workers Planned": 6,
          "Workers Launched": 6,
          "Single Copy": false,
          "Plans": [
            {
              "Node Type": "Aggregate",
              "Strategy": "Plain",
              "Partial Mode": "Partial",
              "Parent Relationship": "Outer",
              "Parallel Aware": false,
              "Startup Cost": 384240.58,
              "Total Cost": 384240.59,
              "Plan Rows": 1,
              "Plan Width": 8,
              "Actual Startup Time": 767.608,
              "Actual Total Time": 767.611,
              "Actual Rows": 1,
              "Actual Loops": 7,
              "Plans": [
                {
                  "Node Type": "Hash Join",
                  "Parent Relationship": "Outer",
                  "Parallel Aware": true,
                  "Join Type": "Inner",
                  "Startup Cost": 46909.29,
                  "Total Cost": 383682.5,
                  "Plan Rows": 223230,
                  "Plan Width": 0,
                  "Actual Startup Time": 137.208,
                  "Actual Total Time": 749.597,
                  "Actual Rows": 451973,
                  "Actual Loops": 7,
                  "Inner Unique": true,
                  "Hash Cond": "(ci.movie_id = t.id)",
                  "Plans": [
                    {
                      "Node Type": "Index Scan",
                      "Parent Relationship": "Outer",
                      "Parallel Aware": true,
                      "Scan Direction": "Forward",
                      "Index Name": "role_id_cast_info",
                      "Relation Name": "cast_info",
                      "Alias": "ci",
                      "Startup Cost": 0.56,
                      "Total Cost": 335235.55,
                      "Plan Rows": 585990,
                      "Plan Width": 4,
                      "Actual Startup Time": 0.216,
                      "Actual Total Time": 318.791,
                      "Actual Rows": 1055597,
                      "Actual Loops": 7,
                      "Index Cond": "(role_id < 2)",
                      "Rows Removed by Index Recheck": 0,
                      "Filter": "(person_id < 1009400)",
                      "Rows Removed by Filter": 754501
                    },
                    {
                      "Node Type": "Hash",
                      "Parent Relationship": "Inner",
                      "Parallel Aware": true,
                      "Startup Cost": 43898.92,
                      "Total Cost": 43898.92,
                      "Plan Rows": 240785,
                      "Plan Width": 4,
                      "Actual Startup Time": 133.773,
                      "Actual Total Time": 133.774,
                      "Actual Rows": 138741,
                      "Actual Loops": 7,
                      "Hash Buckets": 1048576,
                      "Original Hash Buckets": 1048576,
                      "Hash Batches": 1,
                      "Original Hash Batches": 1,
                      "Peak Memory Usage": 46336,
                      "Plans": [
                        {
                          "Node Type": "Seq Scan",
                          "Parent Relationship": "Outer",
                          "Parallel Aware": true,
                          "Relation Name": "title",
                          "Alias": "t",
                          "Startup Cost": 0.0,
                          "Total Cost": 43898.92,
                          "Plan Rows": 240785,
                          "Plan Width": 4,
                          "Actual Startup Time": 0.036,
                          "Actual Total Time": 73.694,
                          "Actual Rows": 138741,
                          "Actual Loops": 7,
                          "Filter": "(production_year < 1999)",
                          "Rows Removed by Filter": 222446
                        }
                      ]
                    }
                  ]
                }
              ]
            }
          ]
        }
      ]
    },
    "Planning Time": 0.664,
    "Triggers": [],
    "Execution Time": 812.796
  }
]