[
  {
    "Plan": {
      "Node Type": "Aggregate",
      "Strategy": "Plain",
      "Partial Mode": "Simple",
      "Parallel Aware": false,
      "Startup Cost": 177378.3,
      "Total Cost": 177378.31,
      "Plan Rows": 1,
      "Plan Width": 8,
      "Actual Startup Time": 61.451,
      "Actual Total Time": 61.452,
      "Actual Rows": 1,
      "Actual Loops": 1,
      "Plans": [
        {
          "Node Type": "Bitmap Heap Scan",
          "Parent Relationship": "Outer",
          "Parallel Aware": false,
          "Relation Name": "movie_info",
          "Alias": "mi",
          "Startup Cost": 3705.36,
          "Total Cost": 176867.04,
          "Plan Rows": 204507,
          "Plan Width": 0,
          "Actual Startup Time": 22.836,
          "Actual Total Time": 52.097,
          "Actual Rows": 197754,
          "Actual Loops": 1,
          "Recheck Cond": "(info_type_id > 106)",
          "Rows Removed by Index Recheck": 0,
          "Exact Heap Blocks": 4967,
          "Lossy Heap Blocks": 0,
          "Plans": [
            {
              "Node Type": "Bitmap Index Scan",
              "Parent Relationship": "Outer",
              "Parallel Aware": false,
              "Index Name": "info_type_id_movie_info",
              "Startup Cost": 0.0,
              "Total Cost": 3654.24,
              "Plan Rows": 204507,
              "Plan Width": 0,
              "Actual Startup Time": 21.722,
              "Actual Total Time": 21.723,
              "Actual Rows": 197754,
              "Actual Loops": 1,
              "Index Cond": "(info_type_id > 106)"
            }
          ]
        }
      ]
    },
    "Planning Time": 0.14,
    "Triggers": [],
    "Execution Time": 61.503
  }
]