[
  {
    "Plan": {
      "Node Type": "Aggregate",
      "Strategy": "Plain",
      "Partial Mode": "Finalize",
      "Parallel Aware": false,
      "Startup Cost": 338400.66,
      "Total Cost": 338400.67,
      "Plan Rows": 1,
      "Plan Width": 8,
      "Actual Startup Time": 746.894,
      "Actual Total Time": 806.808,
      "Actual Rows": 1,
      "Actual Loops": 1,
      "Plans": [
        {
          "Node Type": "Gather",
          "Parent Relationship": "Outer",
          "Parallel Aware": false,
          "Startup Cost": 338400.03,
          "Total Cost": 338400.64,
          "Plan Rows": 6,
          "Plan Width": 8,
          "Actual Startup Time": 746.761,
          "Actual Total Time": 806.795,
          "Actual Rows": 7,
          "Actual Loops": 1,
          "Workers Planned": 6,
          "Workers Launched": 6,
          "Single Copy": false,
          "Plans": [
            {
              "Node Type": "Aggregate",
              "Strategy": "Plain",
              "Partial Mode": "Partial",
              "Parent Relationship": "Outer",
              "Parallel Aware": false,
              "Startup Cost": 337400.03,
              "Total Cost": 337400.04,
              "Plan Rows": 1,
              "Plan Width": 8,
              "Actual Startup Time": 736.468,
              "Actual Total Time": 736.469,
              "Actual Rows": 1,
              "Actual Loops": 7,
              "Plans": [
                {
                  "Node Type": "Seq Scan",
                  "Parent Relationship": "Outer",
                  "Parallel Aware": true,
                  "Relation Name": "cast_info",
                  "Alias": "ci",
                  "Startup Cost": 0.0,
                  "Total Cost": 328162.03,
                  "Plan Rows": 3695203,
                  "Plan Width": 0,
                  "Actual Startup Time": 157.592,
                  "Actual Total Time": 605.322,
                  "Actual Rows": 3169871,
                  "Actual Loops": 7,
                  "Filter": "(person_id > 1384858)",
                  "Rows Removed by Filter": 2007892
                }
              ]
            }
          ]
        }
      ]
    },
    "Planning Time": 0.172,
    "Triggers": [],
    "Execution Time": 806.875
  }
]