{
  "Plan": {
    "Node Type": "Aggregate",
    "Strategy": "Plain",
    "Partial Mode": "Finalize",
    "Parallel Aware": false,
    "Startup Cost": 335543.25,
    "Total Cost": 335543.26,
    "Plan Rows": 1,
    "Plan Width": 8,
    "Actual Startup Time": 1811.567,
    "Actual Total Time": 1831.222,
    "Actual Rows": 1,
    "Actual Loops": 1,
    "Plans": [
      {
        "Node Type": "Gather",
        "Parent Relationship": "Outer",
        "Parallel Aware": false,
        "Startup Cost": 335543.14,
        "Total Cost": 335543.25,
        "Plan Rows": 1,
        "Plan Width": 8,
        "Actual Startup Time": 1808.044,
        "Actual Total Time": 1831.215,
        "Actual Rows": 2,
        "Actual Loops": 1,
        "Workers Planned": 1,
        "Workers Launched": 1,
        "Single Copy": false,
        "Plans": [
          {
            "Node Type": "Aggregate",
            "Strategy": "Plain",
            "Partial Mode": "Partial",
            "Parent Relationship": "Outer",
            "Parallel Aware": false,
            "Startup Cost": 334543.14,
            "Total Cost": 334543.15,
            "Plan Rows": 1,
            "Plan Width": 8,
            "Actual Startup Time": 1798.318,
            "Actual Total Time": 1798.325,
            "Actual Rows": 1,
            "Actual Loops": 2,
            "Plans": [
              {
                "Node Type": "Merge Join",
                "Parent Relationship": "Outer",
                "Parallel Aware": false,
                "Join Type": "Inner",
                "Startup Cost": 324144.87,
                "Total Cost": 334003.77,
                "Plan Rows": 215746,
                "Plan Width": 0,
                "Actual Startup Time": 1468.269,
                "Actual Total Time": 1766.772,
                "Actual Rows": 790764,
                "Actual Loops": 2,
                "Inner Unique": false,
                "Merge Cond": "(t.id = mc.movie_id)",
                "Plans": [
                  {
                    "Node Type": "Sort",
                    "Parent Relationship": "Outer",
                    "Parallel Aware": false,
                    "Startup Cost": 221947.61,
                    "Total Cost": 224424.47,
                    "Plan Rows": 990745,
                    "Plan Width": 8,
                    "Actual Startup Time": 1203.869,
                    "Actual Total Time": 1280.058,
                    "Actual Rows": 1923401,
                    "Actual Loops": 2,
                    "Sort Key": [
                      "mk.movie_id"
                    ],
                    "Sort Method": "quicksort",
                    "Sort Space Used": 142539,
                    "Sort Space Type": "Memory",
                    "Workers": [
                      {
                        "Worker Number": 0,
                        "Sort Method": "quicksort",
                        "Sort Space Used": 136087,
                        "Sort Space Type": "Memory"
                      }
                    ],
                    "Plans": [
                      {
                        "Node Type": "Hash Join",
                        "Parent Relationship": "Outer",
                        "Parallel Aware": true,
                        "Join Type": "Inner",
                        "Startup Cost": 65227.71,
                        "Total Cost": 123278.55,
                        "Plan Rows": 990745,
                        "Plan Width": 8,
                        "Actual Startup Time": 302.826,
                        "Actual Total Time": 851.285,
                        "Actual Rows": 1923421,
                        "Actual Loops": 2,
                        "Inner Unique": true,
                        "Hash Cond": "(mk.movie_id = t.id)",
                        "Plans": [
                          {
                            "Node Type": "Seq Scan",
                            "Parent Relationship": "Outer",
                            "Parallel Aware": true,
                            "Relation Name": "movie_keyword",
                            "Alias": "mk",
                            "Startup Cost": 0.0,
                            "Total Cost": 51065.35,
                            "Plan Rows": 2661135,
                            "Plan Width": 4,
                            "Actual Startup Time": 0.019,
                            "Actual Total Time": 166.951,
                            "Actual Rows": 2261965,
                            "Actual Loops": 2
                          },
                          {
                            "Node Type": "Hash",
                            "Parent Relationship": "Inner",
                            "Parallel Aware": true,
                            "Startup Cost": 58306.47,
                            "Total Cost": 58306.47,
                            "Plan Rows": 553699,
                            "Plan Width": 4,
                            "Actual Startup Time": 294.004,
                            "Actual Total Time": 294.005,
                            "Actual Rows": 458966,
                            "Actual Loops": 2,
                            "Hash Buckets": 1048576,
                            "Original Hash Buckets": 1048576,
                            "Hash Batches": 1,
                            "Original Hash Batches": 1,
                            "Peak Memory Usage": 44160,
                            "Plans": [
                              {
                                "Node Type": "Seq Scan",
                                "Parent Relationship": "Outer",
                                "Parallel Aware": true,
                                "Relation Name": "title",
                                "Alias": "t",
                                "Startup Cost": 0.0,
                                "Total Cost": 58306.47,
                                "Plan Rows": 553699,
                                "Plan Width": 4,
                                "Actual Startup Time": 0.053,
                                "Actual Total Time": 161.599,
                                "Actual Rows": 458966,
                                "Actual Loops": 2,
                                "Filter": "((kind_id < 7) AND (production_year > 1914))",
                                "Rows Removed by Filter": 805190
                              }
                            ]
                          }
                        ]
                      }
                    ]
                  },
                  {
                    "Node Type": "Sort",
                    "Parent Relationship": "Inner",
                    "Parallel Aware": false,
                    "Startup Cost": 102197.17,
                    "Total Cost": 103573.58,
                    "Plan Rows": 550565,
                    "Plan Width": 4,
                    "Actual Startup Time": 264.384,
                    "Actual Total Time": 300.331,
                    "Actual Rows": 1083884,
                    "Actual Loops": 2,
                    "Sort Key": [
                      "mc.movie_id"
                    ],
                    "Sort Method": "quicksort",
                    "Sort Space Used": 28261,
                    "Sort Space Type": "Memory",
                    "Workers": [
                      {
                        "Worker Number": 0,
                        "Sort Method": "quicksort",
                        "Sort Space Used": 28261,
                        "Sort Space Type": "Memory"
                      }
                    ],
                    "Plans": [
                      {
                        "Node Type": "Index Scan",
                        "Parent Relationship": "Outer",
                        "Parallel Aware": false,
                        "Scan Direction": "Forward",
                        "Index Name": "company_type_id_movie_companies",
                        "Relation Name": "movie_companies",
                        "Alias": "mc",
                        "Startup Cost": 0.43,
                        "Total Cost": 49699.27,
                        "Plan Rows": 550565,
                        "Plan Width": 4,
                        "Actual Startup Time": 0.103,
                        "Actual Total Time": 195.921,
                        "Actual Rows": 340751,
                        "Actual Loops": 2,
                        "Index Cond": "(company_type_id = 2)",
                        "Rows Removed by Index Recheck": 0,
                        "Filter": "(company_id < 7036)",
                        "Rows Removed by Filter": 994132
                      }
                    ]
                  }
                ]
              }
            ]
          }
        ]
      }
    ]
  },
  "Planning Time": 0.9,
  "Triggers": [],
  "Execution Time": 1841.632
}