[
  {
    "Plan": {
      "Node Type": "Aggregate",
      "Strategy": "Plain",
      "Partial Mode": "Finalize",
      "Parallel Aware": false,
      "Startup Cost": 44912.5,
      "Total Cost": 44912.51,
      "Plan Rows": 1,
      "Plan Width": 8,
      "Actual Startup Time": 98.444,
      "Actual Total Time": 110.767,
      "Actual Rows": 1,
      "Actual Loops": 1,
      "Plans": [
        {
          "Node Type": "Gather",
          "Parent Relationship": "Outer",
          "Parallel Aware": false,
          "Startup Cost": 44912.08,
          "Total Cost": 44912.49,
          "Plan Rows": 4,
          "Plan Width": 8,
          "Actual Startup Time": 98.303,
          "Actual Total Time": 110.757,
          "Actual Rows": 5,
          "Actual Loops": 1,
          "Workers Planned": 4,
          "Workers Launched": 4,
          "Single Copy": false,
          "Plans": [
            {
              "Node Type": "Aggregate",
              "Strategy": "Plain",
              "Partial Mode": "Partial",
              "Parent Relationship": "Outer",
              "Parallel Aware": false,
              "Startup Cost": 43912.08,
              "Total Cost": 43912.09,
              "Plan Rows": 1,
              "Plan Width": 8,
              "Actual Startup Time": 89.829,
              "Actual Total Time": 89.83,
              "Actual Rows": 1,
              "Actual Loops": 5,
              "Plans": [
                {
                  "Node Type": "Seq Scan",
                  "Parent Relationship": "Outer",
                  "Parallel Aware": true,
                  "Relation Name": "title",
                  "Alias": "t",
                  "Startup Cost": 0.0,
                  "Total Cost": 43898.92,
                  "Plan Rows": 5267,
                  "Plan Width": 0,
                  "Actual Startup Time": 0.113,
                  "Actual Total Time": 89.316,
                  "Actual Rows": 3888,
                  "Actual Loops": 5,
                  "Filter": "(production_year = 1986)",
                  "Rows Removed by Filter": 501774
                }
              ]
            }
          ]
        }
      ]
    },
    "Planning Time": 0.16,
    "Triggers": [],
    "Execution Time": 110.83
  }
]