[
  {
    "Plan": {
      "Node Type": "Aggregate",
      "Strategy": "Plain",
      "Partial Mode": "Finalize",
      "Parallel Aware": false,
      "Startup Cost": 337651.63,
      "Total Cost": 337651.64,
      "Plan Rows": 1,
      "Plan Width": 8,
      "Actual Startup Time": 787.673,
      "Actual Total Time": 848.37,
      "Actual Rows": 1,
      "Actual Loops": 1,
      "Plans": [
        {
          "Node Type": "Gather",
          "Parent Relationship": "Outer",
          "Parallel Aware": false,
          "Startup Cost": 337651.01,
          "Total Cost": 337651.62,
          "Plan Rows": 6,
          "Plan Width": 8,
          "Actual Startup Time": 787.539,
          "Actual Total Time": 848.36,
          "Actual Rows": 7,
          "Actual Loops": 1,
          "Workers Planned": 6,
          "Workers Launched": 6,
          "Single Copy": false,
          "Plans": [
            {
              "Node Type": "Aggregate",
              "Strategy": "Plain",
              "Partial Mode": "Partial",
              "Parent Relationship": "Outer",
              "Parallel Aware": false,
              "Startup Cost": 336651.01,
              "Total Cost": 336651.02,
              "Plan Rows": 1,
              "Plan Width": 8,
              "Actual Startup Time": 777.978,
              "Actual Total Time": 777.979,
              "Actual Rows": 1,
              "Actual Loops": 7,
              "Plans": [
                {
                  "Node Type": "Seq Scan",
                  "Parent Relationship": "Outer",
                  "Parallel Aware": true,
                  "Relation Name": "cast_info",
                  "Alias": "ci",
                  "Startup Cost": 0.0,
                  "Total Cost": 328162.03,
                  "Plan Rows": 3395593,
                  "Plan Width": 0,
                  "Actual Startup Time": 0.052,
                  "Actual Total Time": 636.436,
                  "Actual Rows": 2914274,
                  "Actual Loops": 7,
                  "Filter": "(person_id < 2051791)",
                  "Rows Removed by Filter": 2263490
                }
              ]
            }
          ]
        }
      ]
    },
    "Planning Time": 0.173,
    "Triggers": [],
    "Execution Time": 848.439
  }
]