[
  {
    "Plan": {
      "Node Type": "Aggregate",
      "Strategy": "Plain",
      "Partial Mode": "Simple",
      "Parallel Aware": false,
      "Startup Cost": 27138.43,
      "Total Cost": 27138.44,
      "Plan Rows": 1,
      "Plan Width": 8,
      "Actual Startup Time": 60.298,
      "Actual Total Time": 60.299,
      "Actual Rows": 1,
      "Actual Loops": 1,
      "Plans": [
        {
          "Node Type": "Bitmap Heap Scan",
          "Parent Relationship": "Outer",
          "Parallel Aware": false,
          "Relation Name": "movie_keyword",
          "Alias": "mk",
          "Startup Cost": 1574.1,
          "Total Cost": 26953.38,
          "Plan Rows": 74022,
          "Plan Width": 0,
          "Actual Startup Time": 20.106,
          "Actual Total Time": 56.098,
          "Actual Rows": 74452,
          "Actual Loops": 1,
          "Recheck Cond": "(keyword_id > 89575)",
          "Rows Removed by Index Recheck": 0,
          "Exact Heap Blocks": 15312,
          "Lossy Heap Blocks": 0,
          "Plans": [
            {
              "Node Type": "Bitmap Index Scan",
              "Parent Relationship": "Outer",
              "Parallel Aware": false,
              "Index Name": "keyword_id_movie_keyword",
              "Startup Cost": 0.0,
              "Total Cost": 1555.6,
              "Plan Rows": 74022,
              "Plan Width": 0,
              "Actual Startup Time": 14.994,
              "Actual Total Time": 14.995,
              "Actual Rows": 74452,
              "Actual Loops": 1,
              "Index Cond": "(keyword_id > 89575)"
            }
          ]
        }
      ]
    },
    "Planning Time": 0.179,
    "Triggers": [],
    "Execution Time": 60.362
  }
]