{
  "Plan": {
    "Node Type": "Aggregate",
    "Strategy": "Plain",
    "Partial Mode": "Finalize",
    "Parallel Aware": false,
    "Startup Cost": 94256.38,
    "Total Cost": 94256.39,
    "Plan Rows": 1,
    "Plan Width": 8,
    "Actual Startup Time": 157.956,
    "Actual Total Time": 173.291,
    "Actual Rows": 1,
    "Actual Loops": 1,
    "Plans": [
      {
        "Node Type": "Gather",
        "Parent Relationship": "Outer",
        "Parallel Aware": false,
        "Startup Cost": 94256.27,
        "Total Cost": 94256.38,
        "Plan Rows": 1,
        "Plan Width": 8,
        "Actual Startup Time": 157.855,
        "Actual Total Time": 173.284,
        "Actual Rows": 2,
        "Actual Loops": 1,
        "Workers Planned": 1,
        "Workers Launched": 1,
        "Single Copy": false,
        "Plans": [
          {
            "Node Type": "Aggregate",
            "Strategy": "Plain",
            "Partial Mode": "Partial",
            "Parent Relationship": "Outer",
            "Parallel Aware": false,
            "Startup Cost": 93256.27,
            "Total Cost": 93256.28,
            "Plan Rows": 1,
            "Plan Width": 8,
            "Actual Startup Time": 152.055,
            "Actual Total Time": 152.057,
            "Actual Rows": 1,
            "Actual Loops": 2,
            "Plans": [
              {
                "Node Type": "Nested Loop",
                "Parent Relationship": "Outer",
                "Parallel Aware": false,
                "Join Type": "Inner",
                "Startup Cost": 0.43,
                "Total Cost": 93253.19,
                "Plan Rows": 1232,
                "Plan Width": 0,
                "Actual Startup Time": 3.892,
                "Actual Total Time": 151.874,
                "Actual Rows": 1736,
                "Actual Loops": 2,
                "Inner Unique": false,
                "Plans": [
                  {
                    "Node Type": "Seq Scan",
                    "Parent Relationship": "Outer",
                    "Parallel Aware": true,
                    "Relation Name": "title",
                    "Alias": "t",
                    "Startup Cost": 0.0,
                    "Total Cost": 58306.47,
                    "Plan Rows": 2352,
                    "Plan Width": 4,
                    "Actual Startup Time": 3.749,
                    "Actual Total Time": 136.174,
                    "Actual Rows": 1838,
                    "Actual Loops": 2,
                    "Filter": "((kind_id < 7) AND (production_year = 1958))",
                    "Rows Removed by Filter": 1262318
                  },
                  {
                    "Node Type": "Index Scan",
                    "Parent Relationship": "Inner",
                    "Parallel Aware": false,
                    "Scan Direction": "Forward",
                    "Index Name": "movie_id_movie_companies",
                    "Relation Name": "movie_companies",
                    "Alias": "mc",
                    "Startup Cost": 0.43,
                    "Total Cost": 14.83,
                    "Plan Rows": 3,
                    "Plan Width": 4,
                    "Actual Startup Time": 0.008,
                    "Actual Total Time": 0.008,
                    "Actual Rows": 1,
                    "Actual Loops": 3676,
                    "Index Cond": "(movie_id = t.id)",
                    "Rows Removed by Index Recheck": 0,
                    "Filter": "(company_type_id = 2)",
                    "Rows Removed by Filter": 1
                  }
                ]
              }
            ]
          }
        ]
      }
    ]
  },
  "Planning Time": 0.484,
  "Triggers": [],
  "Execution Time": 173.366
}