[
  {
    "Plan": {
      "Node Type": "Aggregate",
      "Strategy": "Plain",
      "Partial Mode": "Finalize",
      "Parallel Aware": false,
      "Startup Cost": 96511.46,
      "Total Cost": 96511.47,
      "Plan Rows": 1,
      "Plan Width": 8,
      "Actual Startup Time": 474.28,
      "Actual Total Time": 491.241,
      "Actual Rows": 1,
      "Actual Loops": 1,
      "Plans": [
        {
          "Node Type": "Gather",
          "Parent Relationship": "Outer",
          "Parallel Aware": false,
          "Startup Cost": 96511.14,
          "Total Cost": 96511.45,
          "Plan Rows": 3,
          "Plan Width": 8,
          "Actual Startup Time": 468.434,
          "Actual Total Time": 491.232,
          "Actual Rows": 4,
          "Actual Loops": 1,
          "Workers Planned": 3,
          "Workers Launched": 3,
          "Single Copy": false,
          "Plans": [
            {
              "Node Type": "Aggregate",
              "Strategy": "Plain",
              "Partial Mode": "Partial",
              "Parent Relationship": "Outer",
              "Parallel Aware": false,
              "Startup Cost": 95511.14,
              "Total Cost": 95511.15,
              "Plan Rows": 1,
              "Plan Width": 8,
              "Actual Startup Time": 456.14,
              "Actual Total Time": 456.143,
              "Actual Rows": 1,
              "Actual Loops": 4,
              "Plans": [
                {
                  "Node Type": "Hash Join",
                  "Parent Relationship": "Outer",
                  "Parallel Aware": true,
                  "Join Type": "Inner",
                  "Startup Cost": 49727.15,
                  "Total Cost": 94236.77,
                  "Plan Rows": 509751,
                  "Plan Width": 0,
                  "Actual Startup Time": 271.661,
                  "Actual Total Time": 448.017,
                  "Actual Rows": 194602,
                  "Actual Loops": 4,
                  "Inner Unique": true,
                  "Hash Cond": "(mk.movie_id = t.id)",
                  "Plans": [
                    {
                      "Node Type": "Seq Scan",
                      "Parent Relationship": "Outer",
                      "Parallel Aware": true,
                      "Relation Name": "movie_keyword",
                      "Alias": "mk",
                      "Startup Cost": 0.0,
                      "Total Cost": 42695.65,
                      "Plan Rows": 691032,
                      "Plan Width": 4,
                      "Actual Startup Time": 0.319,
                      "Actual Total Time": 99.397,
                      "Actual Rows": 535573,
                      "Actual Loops": 4,
                      "Filter": "(keyword_id > 5457)",
                      "Rows Removed by Filter": 595410
                    },
                    {
                      "Node Type": "Hash",
                      "Parent Relationship": "Inner",
                      "Parallel Aware": true,
                      "Startup Cost": 43898.92,
                      "Total Cost": 43898.92,
                      "Plan Rows": 466259,
                      "Plan Width": 4,
                      "Actual Startup Time": 263.407,
                      "Actual Total Time": 263.408,
                      "Actual Rows": 466372,
                      "Actual Loops": 4,
                      "Hash Buckets": 2097152,
                      "Original Hash Buckets": 2097152,
                      "Hash Batches": 1,
                      "Original Hash Batches": 1,
                      "Peak Memory Usage": 89440,
                      "Plans": [
                        {
                          "Node Type": "Seq Scan",
                          "Parent Relationship": "Outer",
                          "Parallel Aware": true,
                          "Relation Name": "title",
                          "Alias": "t",
                          "Startup Cost": 0.0,
                          "Total Cost": 43898.92,
                          "Plan Rows": 466259,
                          "Plan Width": 4,
                          "Actual Startup Time": 0.036,
                          "Actual Total Time": 104.353,
                          "Actual Rows": 466372,
                          "Actual Loops": 4,
                          "Filter": "(kind_id > 1)",
                          "Rows Removed by Filter": 165706
                        }
                      ]
                    }
                  ]
                }
              ]
            }
          ]
        }
      ]
    },
    "Planning Time": 0.592,
    "Triggers": [],
    "Execution Time": 491.309
  }
]