[
    {
        "Bao": {
            "Bao prediction": "NaN",
            "Bao recommended hint": "(no hint)"
        }
    },
    {
        "Plan": {
            "Node Type": "Aggregate",
            "Strategy": "Plain",
            "Partial Mode": "Finalize",
            "Parallel Aware": false,
            "Startup Cost": 330616.34,
            "Total Cost": 330616.35,
            "Plan Rows": 1,
            "Plan Width": 8,
            "Actual Startup Time": 528.171,
            "Actual Total Time": 555.463,
            "Actual Rows": 1,
            "Actual Loops": 1,
            "Output": [
                "count(*)"
            ],
            "Plans": [
                {
                    "Node Type": "Gather",
                    "Parent Relationship": "Outer",
                    "Parallel Aware": false,
                    "Startup Cost": 330615.71,
                    "Total Cost": 330616.32,
                    "Plan Rows": 6,
                    "Plan Width": 8,
                    "Actual Startup Time": 528.074,
                    "Actual Total Time": 555.442,
                    "Actual Rows": 7,
                    "Actual Loops": 1,
                    "Output": [
                        "(PARTIAL count(*))"
                    ],
                    "Workers Planned": 6,
                    "Workers Launched": 6,
                    "Single Copy": false,
                    "Plans": [
                        {
                            "Node Type": "Aggregate",
                            "Strategy": "Plain",
                            "Partial Mode": "Partial",
                            "Parent Relationship": "Outer",
                            "Parallel Aware": false,
                            "Startup Cost": 329615.71,
                            "Total Cost": 329615.72,
                            "Plan Rows": 1,
                            "Plan Width": 8,
                            "Actual Startup Time": 518.238,
                            "Actual Total Time": 518.239,
                            "Actual Rows": 1,
                            "Actual Loops": 7,
                            "Output": [
                                "PARTIAL count(*)"
                            ],
                            "Workers": [
                                {
                                    "Worker Number": 0,
                                    "Actual Startup Time": 516.052,
                                    "Actual Total Time": 516.052,
                                    "Actual Rows": 1,
                                    "Actual Loops": 1
                                },
                                {
                                    "Worker Number": 1,
                                    "Actual Startup Time": 516.392,
                                    "Actual Total Time": 516.393,
                                    "Actual Rows": 1,
                                    "Actual Loops": 1
                                },
                                {
                                    "Worker Number": 2,
                                    "Actual Startup Time": 516.432,
                                    "Actual Total Time": 516.433,
                                    "Actual Rows": 1,
                                    "Actual Loops": 1
                                },
                                {
                                    "Worker Number": 3,
                                    "Actual Startup Time": 516.756,
                                    "Actual Total Time": 516.757,
                                    "Actual Rows": 1,
                                    "Actual Loops": 1
                                },
                                {
                                    "Worker Number": 4,
                                    "Actual Startup Time": 517.022,
                                    "Actual Total Time": 517.023,
                                    "Actual Rows": 1,
                                    "Actual Loops": 1
                                },
                                {
                                    "Worker Number": 5,
                                    "Actual Startup Time": 517.434,
                                    "Actual Total Time": 517.435,
                                    "Actual Rows": 1,
                                    "Actual Loops": 1
                                }
                            ],
                            "Plans": [
                                {
                                    "Node Type": "Seq Scan",
                                    "Parent Relationship": "Outer",
                                    "Parallel Aware": true,
                                    "Relation Name": "cast_info",
                                    "Schema": "public",
                                    "Alias": "ci",
                                    "Startup Cost": 0.0,
                                    "Total Cost": 328213.62,
                                    "Plan Rows": 560838,
                                    "Plan Width": 0,
                                    "Actual Startup Time": 387.218,
                                    "Actual Total Time": 497.374,
                                    "Actual Rows": 485879,
                                    "Actual Loops": 7,
                                    "Output": [
                                        "id",
                                        "person_id",
                                        "movie_id",
                                        "person_role_id",
                                        "note",
                                        "nr_order",
                                        "role_id"
                                    ],
                                    "Filter": "(ci.person_id > 3438478)",
                                    "Rows Removed by Filter": 4691884,
                                    "Workers": [
                                        {
                                            "Worker Number": 0,
                                            "Actual Startup Time": 385.036,
                                            "Actual Total Time": 494.517,
                                            "Actual Rows": 320538,
                                            "Actual Loops": 1
                                        },
                                        {
                                            "Worker Number": 1,
                                            "Actual Startup Time": 385.377,
                                            "Actual Total Time": 496.792,
                                            "Actual Rows": 474301,
                                            "Actual Loops": 1
                                        },
                                        {
                                            "Worker Number": 2,
                                            "Actual Startup Time": 385.41,
                                            "Actual Total Time": 496.75,
                                            "Actual Rows": 474202,
                                            "Actual Loops": 1
                                        },
                                        {
                                            "Worker Number": 3,
                                            "Actual Startup Time": 385.735,
                                            "Actual Total Time": 497.17,
                                            "Actual Rows": 474061,
                                            "Actual Loops": 1
                                        },
                                        {
                                            "Worker Number": 4,
                                            "Actual Startup Time": 386.001,
                                            "Actual Total Time": 497.083,
                                            "Actual Rows": 480582,
                                            "Actual Loops": 1
                                        },
                                        {
                                            "Worker Number": 5,
                                            "Actual Startup Time": 386.418,
                                            "Actual Total Time": 497.647,
                                            "Actual Rows": 479632,
                                            "Actual Loops": 1
                                        }
                                    ]
                                }
                            ]
                        }
                    ]
                }
            ]
        },
        "Planning Time": 202.649,
        "Triggers": [],
        "Execution Time": 555.554
    }
]