[
  {
    "Plan": {
      "Node Type": "Aggregate",
      "Strategy": "Plain",
      "Partial Mode": "Finalize",
      "Parallel Aware": false,
      "Startup Cost": 70073.46,
      "Total Cost": 70073.47,
      "Plan Rows": 1,
      "Plan Width": 8,
      "Actual Startup Time": 273.827,
      "Actual Total Time": 300.895,
      "Actual Rows": 1,
      "Actual Loops": 1,
      "Plans": [
        {
          "Node Type": "Gather",
          "Parent Relationship": "Outer",
          "Parallel Aware": false,
          "Startup Cost": 70073.24,
          "Total Cost": 70073.45,
          "Plan Rows": 2,
          "Plan Width": 8,
          "Actual Startup Time": 273.692,
          "Actual Total Time": 300.878,
          "Actual Rows": 3,
          "Actual Loops": 1,
          "Workers Planned": 2,
          "Workers Launched": 2,
          "Single Copy": false,
          "Plans": [
            {
              "Node Type": "Aggregate",
              "Strategy": "Plain",
              "Partial Mode": "Partial",
              "Parent Relationship": "Outer",
              "Parallel Aware": false,
              "Startup Cost": 69073.24,
              "Total Cost": 69073.25,
              "Plan Rows": 1,
              "Plan Width": 8,
              "Actual Startup Time": 270.638,
              "Actual Total Time": 270.643,
              "Actual Rows": 1,
              "Actual Loops": 3,
              "Plans": [
                {
                  "Node Type": "Nested Loop",
                  "Parent Relationship": "Outer",
                  "Parallel Aware": false,
                  "Join Type": "Inner",
                  "Startup Cost": 45526.89,
                  "Total Cost": 69054.02,
                  "Plan Rows": 7688,
                  "Plan Width": 0,
                  "Actual Startup Time": 109.691,
                  "Actual Total Time": 269.428,
                  "Actual Rows": 18821,
                  "Actual Loops": 3,
                  "Inner Unique": false,
                  "Join Filter": "(t.id = ci.movie_id)",
                  "Rows Removed by Join Filter": 0,
                  "Plans": [
                    {
                      "Node Type": "Hash Join",
                      "Parent Relationship": "Outer",
                      "Parallel Aware": true,
                      "Join Type": "Inner",
                      "Startup Cost": 45526.32,
                      "Total Cost": 60720.88,
                      "Plan Rows": 3402,
                      "Plan Width": 8,
                      "Actual Startup Time": 109.318,
                      "Actual Total Time": 190.126,
                      "Actual Rows": 2184,
                      "Actual Loops": 3,
                      "Inner Unique": true,
                      "Hash Cond": "(mi_idx.movie_id = t.id)",
                      "Plans": [
                        {
                          "Node Type": "Seq Scan",
                          "Parent Relationship": "Outer",
                          "Parallel Aware": true,
                          "Relation Name": "movie_info_idx",
                          "Alias": "mi_idx",
                          "Startup Cost": 0.0,
                          "Total Cost": 13685.15,
                          "Plan Rows": 575015,
                          "Plan Width": 4,
                          "Actual Startup Time": 0.008,
                          "Actual Total Time": 38.717,
                          "Actual Rows": 460012,
                          "Actual Loops": 3
                        },
                        {
                          "Node Type": "Hash",
                          "Parent Relationship": "Inner",
                          "Parallel Aware": true,
                          "Startup Cost": 45479.59,
                          "Total Cost": 45479.59,
                          "Plan Rows": 3739,
                          "Plan Width": 4,
                          "Actual Startup Time": 108.296,
                          "Actual Total Time": 108.297,
                          "Actual Rows": 5416,
                          "Actual Loops": 3,
                          "Hash Buckets": 16384,
                          "Original Hash Buckets": 16384,
                          "Hash Batches": 1,
                          "Original Hash Batches": 1,
                          "Peak Memory Usage": 800,
                          "Plans": [
                            {
                              "Node Type": "Seq Scan",
                              "Parent Relationship": "Outer",
                              "Parallel Aware": true,
                              "Relation Name": "title",
                              "Alias": "t",
                              "Startup Cost": 0.0,
                              "Total Cost": 45479.59,
                              "Plan Rows": 3739,
                              "Plan Width": 4,
                              "Actual Startup Time": 0.025,
                              "Actual Total Time": 105.933,
                              "Actual Rows": 5416,
                              "Actual Loops": 3,
                              "Filter": "((kind_id = 7) AND (production_year = 1993))",
                              "Rows Removed by Filter": 837355
                            }
                          ]
                        }
                      ]
                    },
                    {
                      "Node Type": "Index Scan",
                      "Parent Relationship": "Inner",
                      "Parallel Aware": false,
                      "Scan Direction": "Forward",
                      "Index Name": "movie_id_cast_info",
                      "Relation Name": "cast_info",
                      "Alias": "ci",
                      "Startup Cost": 0.56,
                      "Total Cost": 2.37,
                      "Plan Rows": 6,
                      "Plan Width": 4,
                      "Actual Startup Time": 0.029,
                      "Actual Total Time": 0.035,
                      "Actual Rows": 9,
                      "Actual Loops": 6552,
                      "Index Cond": "(movie_id = mi_idx.movie_id)",
                      "Rows Removed by Index Recheck": 0,
                      "Filter": "(role_id > 8)",
                      "Rows Removed by Filter": 26
                    }
                  ]
                }
              ]
            }
          ]
        }
      ]
    },
    "Planning Time": 0.703,
    "Triggers": [],
    "Execution Time": 300.955
  }
]