[
  {
    "Plan": {
      "Node Type": "Aggregate",
      "Strategy": "Plain",
      "Partial Mode": "Finalize",
      "Parallel Aware": false,
      "Startup Cost": 80368.66,
      "Total Cost": 80368.67,
      "Plan Rows": 1,
      "Plan Width": 8,
      "Actual Startup Time": 366.541,
      "Actual Total Time": 382.129,
      "Actual Rows": 1,
      "Actual Loops": 1,
      "Plans": [
        {
          "Node Type": "Gather",
          "Parent Relationship": "Outer",
          "Parallel Aware": false,
          "Startup Cost": 80368.24,
          "Total Cost": 80368.65,
          "Plan Rows": 4,
          "Plan Width": 8,
          "Actual Startup Time": 362.512,
          "Actual Total Time": 382.123,
          "Actual Rows": 5,
          "Actual Loops": 1,
          "Workers Planned": 4,
          "Workers Launched": 4,
          "Single Copy": false,
          "Plans": [
            {
              "Node Type": "Aggregate",
              "Strategy": "Plain",
              "Partial Mode": "Partial",
              "Parent Relationship": "Outer",
              "Parallel Aware": false,
              "Startup Cost": 79368.24,
              "Total Cost": 79368.25,
              "Plan Rows": 1,
              "Plan Width": 8,
              "Actual Startup Time": 352.51,
              "Actual Total Time": 352.514,
              "Actual Rows": 1,
              "Actual Loops": 5,
              "Plans": [
                {
                  "Node Type": "Hash Join",
                  "Parent Relationship": "Outer",
                  "Parallel Aware": true,
                  "Join Type": "Inner",
                  "Startup Cost": 33240.89,
                  "Total Cost": 79085.2,
                  "Plan Rows": 113217,
                  "Plan Width": 0,
                  "Actual Startup Time": 135.637,
                  "Actual Total Time": 345.583,
                  "Actual Rows": 156508,
                  "Actual Loops": 5,
                  "Inner Unique": false,
                  "Hash Cond": "(t.id = mc.movie_id)",
                  "Plans": [
                    {
                      "Node Type": "Seq Scan",
                      "Parent Relationship": "Outer",
                      "Parallel Aware": true,
                      "Relation Name": "title",
                      "Alias": "t",
                      "Startup Cost": 0.0,
                      "Total Cost": 42318.73,
                      "Plan Rows": 632073,
                      "Plan Width": 4,
                      "Actual Startup Time": 0.014,
                      "Actual Total Time": 64.872,
                      "Actual Rows": 505662,
                      "Actual Loops": 5
                    },
                    {
                      "Node Type": "Hash",
                      "Parent Relationship": "Inner",
                      "Parallel Aware": true,
                      "Startup Cost": 31414.82,
                      "Total Cost": 31414.82,
                      "Plan Rows": 146086,
                      "Plan Width": 4,
                      "Actual Startup Time": 132.567,
                      "Actual Total Time": 132.568,
                      "Actual Rows": 156508,
                      "Actual Loops": 5,
                      "Hash Buckets": 1048576,
                      "Original Hash Buckets": 524288,
                      "Hash Batches": 1,
                      "Original Hash Batches": 1,
                      "Peak Memory Usage": 43008,
                      "Plans": [
                        {
                          "Node Type": "Seq Scan",
                          "Parent Relationship": "Outer",
                          "Parallel Aware": true,
                          "Relation Name": "movie_companies",
                          "Alias": "mc",
                          "Startup Cost": 0.0,
                          "Total Cost": 31414.82,
                          "Plan Rows": 146086,
                          "Plan Width": 4,
                          "Actual Startup Time": 41.352,
                          "Actual Total Time": 72.879,
                          "Actual Rows": 156508,
                          "Actual Loops": 5,
                          "Filter": "((company_id > 21063) AND (company_type_id > 1))",
                          "Rows Removed by Filter": 365318
                        }
                      ]
                    }
                  ]
                }
              ]
            }
          ]
        }
      ]
    },
    "Planning Time": 0.67,
    "Triggers": [],
    "Execution Time": 382.198
  }
]