{
  "Plan": {
    "Node Type": "Aggregate",
    "Strategy": "Plain",
    "Partial Mode": "Finalize",
    "Parallel Aware": false,
    "Startup Cost": 107906.2,
    "Total Cost": 107906.21,
    "Plan Rows": 1,
    "Plan Width": 8,
    "Actual Startup Time": 454.713,
    "Actual Total Time": 467.799,
    "Actual Rows": 1,
    "Actual Loops": 1,
    "Plans": [
      {
        "Node Type": "Gather",
        "Parent Relationship": "Outer",
        "Parallel Aware": false,
        "Startup Cost": 107906.09,
        "Total Cost": 107906.2,
        "Plan Rows": 1,
        "Plan Width": 8,
        "Actual Startup Time": 454.097,
        "Actual Total Time": 467.792,
        "Actual Rows": 2,
        "Actual Loops": 1,
        "Workers Planned": 1,
        "Workers Launched": 1,
        "Single Copy": false,
        "Plans": [
          {
            "Node Type": "Aggregate",
            "Strategy": "Plain",
            "Partial Mode": "Partial",
            "Parent Relationship": "Outer",
            "Parallel Aware": false,
            "Startup Cost": 106906.09,
            "Total Cost": 106906.1,
            "Plan Rows": 1,
            "Plan Width": 8,
            "Actual Startup Time": 448.434,
            "Actual Total Time": 448.438,
            "Actual Rows": 1,
            "Actual Loops": 2,
            "Plans": [
              {
                "Node Type": "Hash Join",
                "Parent Relationship": "Outer",
                "Parallel Aware": true,
                "Join Type": "Inner",
                "Startup Cost": 45261.31,
                "Total Cost": 106486.71,
                "Plan Rows": 167751,
                "Plan Width": 0,
                "Actual Startup Time": 168.557,
                "Actual Total Time": 445.191,
                "Actual Rows": 68030,
                "Actual Loops": 2,
                "Inner Unique": false,
                "Hash Cond": "(t.id = mc.movie_id)",
                "Plans": [
                  {
                    "Node Type": "Seq Scan",
                    "Parent Relationship": "Outer",
                    "Parallel Aware": true,
                    "Relation Name": "title",
                    "Alias": "t",
                    "Startup Cost": 0.0,
                    "Total Cost": 54588.39,
                    "Plan Rows": 904038,
                    "Plan Width": 4,
                    "Actual Startup Time": 0.01,
                    "Actual Total Time": 148.623,
                    "Actual Rows": 771632,
                    "Actual Loops": 2,
                    "Filter": "(kind_id = 7)",
                    "Rows Removed by Filter": 492524
                  },
                  {
                    "Node Type": "Hash",
                    "Parent Relationship": "Inner",
                    "Parallel Aware": true,
                    "Startup Cost": 41811.73,
                    "Total Cost": 41811.73,
                    "Plan Rows": 275967,
                    "Plan Width": 4,
                    "Actual Startup Time": 163.611,
                    "Actual Total Time": 163.612,
                    "Actual Rows": 134358,
                    "Actual Loops": 2,
                    "Hash Buckets": 524288,
                    "Original Hash Buckets": 524288,
                    "Hash Batches": 1,
                    "Original Hash Batches": 1,
                    "Peak Memory Usage": 14624,
                    "Plans": [
                      {
                        "Node Type": "Seq Scan",
                        "Parent Relationship": "Outer",
                        "Parallel Aware": true,
                        "Relation Name": "movie_companies",
                        "Alias": "mc",
                        "Startup Cost": 0.0,
                        "Total Cost": 41811.73,
                        "Plan Rows": 275967,
                        "Plan Width": 4,
                        "Actual Startup Time": 69.023,
                        "Actual Total Time": 127.419,
                        "Actual Rows": 134358,
                        "Actual Loops": 2,
                        "Filter": "((company_id < 3223) AND (company_type_id > 1))",
                        "Rows Removed by Filter": 1170206
                      }
                    ]
                  }
                ]
              }
            ]
          }
        ]
      }
    ]
  },
  "Planning Time": 0.475,
  "Triggers": [],
  "Execution Time": 467.85
}