{
  "Plan": {
    "Node Type": "Aggregate",
    "Strategy": "Plain",
    "Partial Mode": "Finalize",
    "Parallel Aware": false,
    "Startup Cost": 175899.06,
    "Total Cost": 175899.07,
    "Plan Rows": 1,
    "Plan Width": 8,
    "Actual Startup Time": 1272.581,
    "Actual Total Time": 1298.701,
    "Actual Rows": 1,
    "Actual Loops": 1,
    "Plans": [
      {
        "Node Type": "Gather",
        "Parent Relationship": "Outer",
        "Parallel Aware": false,
        "Startup Cost": 175898.95,
        "Total Cost": 175899.06,
        "Plan Rows": 1,
        "Plan Width": 8,
        "Actual Startup Time": 1265.725,
        "Actual Total Time": 1298.693,
        "Actual Rows": 2,
        "Actual Loops": 1,
        "Workers Planned": 1,
        "Workers Launched": 1,
        "Single Copy": false,
        "Plans": [
          {
            "Node Type": "Aggregate",
            "Strategy": "Plain",
            "Partial Mode": "Partial",
            "Parent Relationship": "Outer",
            "Parallel Aware": false,
            "Startup Cost": 174898.95,
            "Total Cost": 174898.96,
            "Plan Rows": 1,
            "Plan Width": 8,
            "Actual Startup Time": 1260.754,
            "Actual Total Time": 1260.76,
            "Actual Rows": 1,
            "Actual Loops": 2,
            "Plans": [
              {
                "Node Type": "Hash Join",
                "Parent Relationship": "Outer",
                "Parallel Aware": true,
                "Join Type": "Inner",
                "Startup Cost": 131415.73,
                "Total Cost": 174127.62,
                "Plan Rows": 308532,
                "Plan Width": 0,
                "Actual Startup Time": 987.15,
                "Actual Total Time": 1225.005,
                "Actual Rows": 877938,
                "Actual Loops": 2,
                "Inner Unique": false,
                "Hash Cond": "(mc.movie_id = t.id)",
                "Plans": [
                  {
                    "Node Type": "Seq Scan",
                    "Parent Relationship": "Outer",
                    "Parallel Aware": true,
                    "Relation Name": "movie_companies",
                    "Alias": "mc",
                    "Startup Cost": 0.0,
                    "Total Cost": 37974.77,
                    "Plan Rows": 779260,
                    "Plan Width": 4,
                    "Actual Startup Time": 46.039,
                    "Actual Total Time": 110.542,
                    "Actual Rows": 667442,
                    "Actual Loops": 2,
                    "Filter": "(company_type_id = 2)",
                    "Rows Removed by Filter": 637123
                  },
                  {
                    "Node Type": "Hash",
                    "Parent Relationship": "Inner",
                    "Parallel Aware": true,
                    "Startup Cost": 124055.25,
                    "Total Cost": 124055.25,
                    "Plan Rows": 588838,
                    "Plan Width": 8,
                    "Actual Startup Time": 932.586,
                    "Actual Total Time": 932.59,
                    "Actual Rows": 502891,
                    "Actual Loops": 2,
                    "Hash Buckets": 1048576,
                    "Original Hash Buckets": 1048576,
                    "Hash Batches": 1,
                    "Original Hash Batches": 1,
                    "Peak Memory Usage": 47584,
                    "Plans": [
                      {
                        "Node Type": "Hash Join",
                        "Parent Relationship": "Outer",
                        "Parallel Aware": true,
                        "Join Type": "Inner",
                        "Startup Cost": 90695.08,
                        "Total Cost": 124055.25,
                        "Plan Rows": 588838,
                        "Plan Width": 8,
                        "Actual Startup Time": 586.954,
                        "Actual Total Time": 824.583,
                        "Actual Rows": 502891,
                        "Actual Loops": 2,
                        "Inner Unique": true,
                        "Hash Cond": "(mk.movie_id = t.id)",
                        "Plans": [
                          {
                            "Node Type": "Bitmap Heap Scan",
                            "Parent Relationship": "Outer",
                            "Parallel Aware": true,
                            "Relation Name": "movie_keyword",
                            "Alias": "mk",
                            "Startup Cost": 21234.38,
                            "Total Cost": 53048.85,
                            "Plan Rows": 588838,
                            "Plan Width": 4,
                            "Actual Startup Time": 53.695,
                            "Actual Total Time": 148.522,
                            "Actual Rows": 502891,
                            "Actual Loops": 2,
                            "Recheck Cond": "(keyword_id < 962)",
                            "Rows Removed by Index Recheck": 0,
                            "Exact Heap Blocks": 13098,
                            "Lossy Heap Blocks": 0,
                            "Plans": [
                              {
                                "Node Type": "Bitmap Index Scan",
                                "Parent Relationship": "Outer",
                                "Parallel Aware": false,
                                "Index Name": "keyword_id_movie_keyword",
                                "Startup Cost": 0.0,
                                "Total Cost": 20984.12,
                                "Plan Rows": 1001025,
                                "Plan Width": 0,
                                "Actual Startup Time": 50.033,
                                "Actual Total Time": 50.033,
                                "Actual Rows": 1005782,
                                "Actual Loops": 1,
                                "Index Cond": "(keyword_id < 962)"
                              }
                            ]
                          },
                          {
                            "Node Type": "Hash",
                            "Parent Relationship": "Inner",
                            "Parallel Aware": true,
                            "Startup Cost": 50870.31,
                            "Total Cost": 50870.31,
                            "Plan Rows": 1487231,
                            "Plan Width": 4,
                            "Actual Startup Time": 517.29,
                            "Actual Total Time": 517.291,
                            "Actual Rows": 1264156,
                            "Actual Loops": 2,
                            "Hash Buckets": 4194304,
                            "Original Hash Buckets": 4194304,
                            "Hash Batches": 1,
                            "Original Hash Batches": 1,
                            "Peak Memory Usage": 131712,
                            "Plans": [
                              {
                                "Node Type": "Seq Scan",
                                "Parent Relationship": "Outer",
                                "Parallel Aware": true,
                                "Relation Name": "title",
                                "Alias": "t",
                                "Startup Cost": 0.0,
                                "Total Cost": 50870.31,
                                "Plan Rows": 1487231,
                                "Plan Width": 4,
                                "Actual Startup Time": 0.027,
                                "Actual Total Time": 150.872,
                                "Actual Rows": 1264156,
                                "Actual Loops": 2
                              }
                            ]
                          }
                        ]
                      }
                    ]
                  }
                ]
              }
            ]
          }
        ]
      }
    ]
  },
  "Planning Time": 0.879,
  "Triggers": [],
  "Execution Time": 1298.807
}