[
  {
    "Plan": {
      "Node Type": "Aggregate",
      "Strategy": "Plain",
      "Partial Mode": "Finalize",
      "Parallel Aware": false,
      "Startup Cost": 57341.79,
      "Total Cost": 57341.8,
      "Plan Rows": 1,
      "Plan Width": 8,
      "Actual Startup Time": 91.443,
      "Actual Total Time": 104.044,
      "Actual Rows": 1,
      "Actual Loops": 1,
      "Plans": [
        {
          "Node Type": "Gather",
          "Parent Relationship": "Outer",
          "Parallel Aware": false,
          "Startup Cost": 57341.37,
          "Total Cost": 57341.78,
          "Plan Rows": 4,
          "Plan Width": 8,
          "Actual Startup Time": 91.268,
          "Actual Total Time": 104.035,
          "Actual Rows": 5,
          "Actual Loops": 1,
          "Workers Planned": 4,
          "Workers Launched": 4,
          "Single Copy": false,
          "Plans": [
            {
              "Node Type": "Aggregate",
              "Strategy": "Plain",
              "Partial Mode": "Partial",
              "Parent Relationship": "Outer",
              "Parallel Aware": false,
              "Startup Cost": 56341.37,
              "Total Cost": 56341.38,
              "Plan Rows": 1,
              "Plan Width": 8,
              "Actual Startup Time": 84.595,
              "Actual Total Time": 84.597,
              "Actual Rows": 1,
              "Actual Loops": 5,
              "Plans": [
                {
                  "Node Type": "Nested Loop",
                  "Parent Relationship": "Outer",
                  "Parallel Aware": false,
                  "Join Type": "Inner",
                  "Startup Cost": 0.43,
                  "Total Cost": 56340.34,
                  "Plan Rows": 411,
                  "Plan Width": 0,
                  "Actual Startup Time": 41.873,
                  "Actual Total Time": 84.516,
                  "Actual Rows": 537,
                  "Actual Loops": 5,
                  "Inner Unique": false,
                  "Plans": [
                    {
                      "Node Type": "Seq Scan",
                      "Parent Relationship": "Outer",
                      "Parallel Aware": true,
                      "Relation Name": "title",
                      "Alias": "t",
                      "Startup Cost": 0.0,
                      "Total Cost": 43899.32,
                      "Plan Rows": 780,
                      "Plan Width": 4,
                      "Actual Startup Time": 35.236,
                      "Actual Total Time": 75.401,
                      "Actual Rows": 559,
                      "Actual Loops": 5,
                      "Filter": "(production_year = 1937)",
                      "Rows Removed by Filter": 505103
                    },
                    {
                      "Node Type": "Index Scan",
                      "Parent Relationship": "Inner",
                      "Parallel Aware": false,
                      "Scan Direction": "Forward",
                      "Index Name": "movie_id_movie_companies",
                      "Relation Name": "movie_companies",
                      "Alias": "mc",
                      "Startup Cost": 0.43,
                      "Total Cost": 15.92,
                      "Plan Rows": 3,
                      "Plan Width": 4,
                      "Actual Startup Time": 0.016,
                      "Actual Total Time": 0.016,
                      "Actual Rows": 1,
                      "Actual Loops": 2795,
                      "Index Cond": "(movie_id = t.id)",
                      "Rows Removed by Index Recheck": 0,
                      "Filter": "(company_type_id = 2)",
                      "Rows Removed by Filter": 2
                    }
                  ]
                }
              ]
            }
          ]
        }
      ]
    },
    "Planning Time": 0.25,
    "Triggers": [],
    "Execution Time": 104.078
  }
]