{
    "Plan": {
        "Node Type": "Aggregate",
        "Strategy": "Plain",
        "Partial Mode": "Finalize",
        "Parallel Aware": false,
        "Startup Cost": 384349.58,
        "Total Cost": 384349.59,
        "Plan Rows": 1,
        "Plan Width": 8,
        "Actual Startup Time": 1120.239,
        "Actual Total Time": 1170.417,
        "Actual Rows": 1,
        "Actual Loops": 1,
        "Output": [
            "count(*)"
        ],
        "Plans": [
            {
                "Node Type": "Gather",
                "Parent Relationship": "Outer",
                "Parallel Aware": false,
                "Startup Cost": 384348.96,
                "Total Cost": 384349.57,
                "Plan Rows": 6,
                "Plan Width": 8,
                "Actual Startup Time": 1117.749,
                "Actual Total Time": 1170.395,
                "Actual Rows": 7,
                "Actual Loops": 1,
                "Output": [
                    "(PARTIAL count(*))"
                ],
                "Workers Planned": 6,
                "Workers Launched": 6,
                "Single Copy": false,
                "Plans": [
                    {
                        "Node Type": "Aggregate",
                        "Strategy": "Plain",
                        "Partial Mode": "Partial",
                        "Parent Relationship": "Outer",
                        "Parallel Aware": false,
                        "Startup Cost": 383348.96,
                        "Total Cost": 383348.97,
                        "Plan Rows": 1,
                        "Plan Width": 8,
                        "Actual Startup Time": 1107.559,
                        "Actual Total Time": 1107.563,
                        "Actual Rows": 1,
                        "Actual Loops": 7,
                        "Output": [
                            "PARTIAL count(*)"
                        ],
                        "Workers": [
                            {
                                "Worker Number": 0,
                                "Actual Startup Time": 1105.416,
                                "Actual Total Time": 1105.419,
                                "Actual Rows": 1,
                                "Actual Loops": 1
                            },
                            {
                                "Worker Number": 1,
                                "Actual Startup Time": 1105.654,
                                "Actual Total Time": 1105.656,
                                "Actual Rows": 1,
                                "Actual Loops": 1
                            },
                            {
                                "Worker Number": 2,
                                "Actual Startup Time": 1105.645,
                                "Actual Total Time": 1105.649,
                                "Actual Rows": 1,
                                "Actual Loops": 1
                            },
                            {
                                "Worker Number": 3,
                                "Actual Startup Time": 1105.963,
                                "Actual Total Time": 1105.966,
                                "Actual Rows": 1,
                                "Actual Loops": 1
                            },
                            {
                                "Worker Number": 4,
                                "Actual Startup Time": 1106.627,
                                "Actual Total Time": 1106.629,
                                "Actual Rows": 1,
                                "Actual Loops": 1
                            },
                            {
                                "Worker Number": 5,
                                "Actual Startup Time": 1106.345,
                                "Actual Total Time": 1106.348,
                                "Actual Rows": 1,
                                "Actual Loops": 1
                            }
                        ],
                        "Plans": [
                            {
                                "Node Type": "Hash Join",
                                "Parent Relationship": "Outer",
                                "Parallel Aware": true,
                                "Join Type": "Inner",
                                "Startup Cost": 46916.22,
                                "Total Cost": 382135.47,
                                "Plan Rows": 485396,
                                "Plan Width": 0,
                                "Actual Startup Time": 407.375,
                                "Actual Total Time": 1096.678,
                                "Actual Rows": 241325,
                                "Actual Loops": 7,
                                "Inner Unique": true,
                                "Hash Cond": "(ci.movie_id = t.id)",
                                "Workers": [
                                    {
                                        "Worker Number": 0,
                                        "Actual Startup Time": 405.18,
                                        "Actual Total Time": 1093.841,
                                        "Actual Rows": 170577,
                                        "Actual Loops": 1
                                    },
                                    {
                                        "Worker Number": 1,
                                        "Actual Startup Time": 405.39,
                                        "Actual Total Time": 1095.02,
                                        "Actual Rows": 247909,
                                        "Actual Loops": 1
                                    },
                                    {
                                        "Worker Number": 2,
                                        "Actual Startup Time": 405.588,
                                        "Actual Total Time": 1095.323,
                                        "Actual Rows": 239321,
                                        "Actual Loops": 1
                                    },
                                    {
                                        "Worker Number": 3,
                                        "Actual Startup Time": 406.272,
                                        "Actual Total Time": 1095.572,
                                        "Actual Rows": 250012,
                                        "Actual Loops": 1
                                    },
                                    {
                                        "Worker Number": 4,
                                        "Actual Startup Time": 406.056,
                                        "Actual Total Time": 1095.837,
                                        "Actual Rows": 251305,
                                        "Actual Loops": 1
                                    },
                                    {
                                        "Worker Number": 5,
                                        "Actual Startup Time": 405.982,
                                        "Actual Total Time": 1095.841,
                                        "Actual Rows": 244836,
                                        "Actual Loops": 1
                                    }
                                ],
                                "Plans": [
                                    {
                                        "Node Type": "Seq Scan",
                                        "Parent Relationship": "Outer",
                                        "Parallel Aware": true,
                                        "Relation Name": "cast_info",
                                        "Schema": "public",
                                        "Alias": "ci",
                                        "Startup Cost": 0.0,
                                        "Total Cost": 328213.62,
                                        "Plan Rows": 2668808,
                                        "Plan Width": 4,
                                        "Actual Startup Time": 314.965,
                                        "Actual Total Time": 631.599,
                                        "Actual Rows": 2303098,
                                        "Actual Loops": 7,
                                        "Output": [
                                            "ci.id",
                                            "ci.person_id",
                                            "ci.movie_id",
                                            "ci.person_role_id",
                                            "ci.note",
                                            "ci.nr_order",
                                            "ci.role_id"
                                        ],
                                        "Filter": "(ci.role_id > 2)",
                                        "Rows Removed by Filter": 2874666,
                                        "Workers": [
                                            {
                                                "Worker Number": 0,
                                                "Actual Startup Time": 314.958,
                                                "Actual Total Time": 643.318,
                                                "Actual Rows": 1630870,
                                                "Actual Loops": 1
                                            },
                                            {
                                                "Worker Number": 1,
                                                "Actual Startup Time": 314.93,
                                                "Actual Total Time": 635.761,
                                                "Actual Rows": 2334949,
                                                "Actual Loops": 1
                                            },
                                            {
                                                "Worker Number": 2,
                                                "Actual Startup Time": 314.929,
                                                "Actual Total Time": 637.173,
                                                "Actual Rows": 2336746,
                                                "Actual Loops": 1
                                            },
                                            {
                                                "Worker Number": 3,
                                                "Actual Startup Time": 314.989,
                                                "Actual Total Time": 624.425,
                                                "Actual Rows": 2393883,
                                                "Actual Loops": 1
                                            },
                                            {
                                                "Worker Number": 4,
                                                "Actual Startup Time": 314.944,
                                                "Actual Total Time": 640.038,
                                                "Actual Rows": 2367166,
                                                "Actual Loops": 1
                                            },
                                            {
                                                "Worker Number": 5,
                                                "Actual Startup Time": 314.941,
                                                "Actual Total Time": 636.781,
                                                "Actual Rows": 2331066,
                                                "Actual Loops": 1
                                            }
                                        ]
                                    },
                                    {
                                        "Node Type": "Hash",
                                        "Parent Relationship": "Inner",
                                        "Parallel Aware": true,
                                        "Startup Cost": 45479.21,
                                        "Total Cost": 45479.21,
                                        "Plan Rows": 114961,
                                        "Plan Width": 4,
                                        "Actual Startup Time": 90.175,
                                        "Actual Total Time": 90.176,
                                        "Actual Rows": 49173,
                                        "Actual Loops": 7,
                                        "Output": [
                                            "t.id"
                                        ],
                                        "Hash Buckets": 524288,
                                        "Original Hash Buckets": 524288,
                                        "Hash Batches": 1,
                                        "Original Hash Batches": 1,
                                        "Peak Memory Usage": 17664,
                                        "Workers": [
                                            {
                                                "Worker Number": 0,
                                                "Actual Startup Time": 89.311,
                                                "Actual Total Time": 89.312,
                                                "Actual Rows": 35211,
                                                "Actual Loops": 1
                                            },
                                            {
                                                "Worker Number": 1,
                                                "Actual Startup Time": 89.485,
                                                "Actual Total Time": 89.486,
                                                "Actual Rows": 44554,
                                                "Actual Loops": 1
                                            },
                                            {
                                                "Worker Number": 2,
                                                "Actual Startup Time": 89.477,
                                                "Actual Total Time": 89.479,
                                                "Actual Rows": 44546,
                                                "Actual Loops": 1
                                            },
                                            {
                                                "Worker Number": 3,
                                                "Actual Startup Time": 89.827,
                                                "Actual Total Time": 89.828,
                                                "Actual Rows": 46190,
                                                "Actual Loops": 1
                                            },
                                            {
                                                "Worker Number": 4,
                                                "Actual Startup Time": 90.199,
                                                "Actual Total Time": 90.2,
                                                "Actual Rows": 46606,
                                                "Actual Loops": 1
                                            },
                                            {
                                                "Worker Number": 5,
                                                "Actual Startup Time": 90.2,
                                                "Actual Total Time": 90.201,
                                                "Actual Rows": 44979,
                                                "Actual Loops": 1
                                            }
                                        ],
                                        "Plans": [
                                            {
                                                "Node Type": "Seq Scan",
                                                "Parent Relationship": "Outer",
                                                "Parallel Aware": true,
                                                "Relation Name": "title",
                                                "Schema": "public",
                                                "Alias": "t",
                                                "Startup Cost": 0.0,
                                                "Total Cost": 45479.21,
                                                "Plan Rows": 114961,
                                                "Plan Width": 4,
                                                "Actual Startup Time": 0.055,
                                                "Actual Total Time": 68.337,
                                                "Actual Rows": 49173,
                                                "Actual Loops": 7,
                                                "Output": [
                                                    "t.id"
                                                ],
                                                "Filter": "((t.production_year < 1993) AND (t.kind_id = 7))",
                                                "Rows Removed by Filter": 312014,
                                                "Workers": [
                                                    {
                                                        "Worker Number": 0,
                                                        "Actual Startup Time": 0.069,
                                                        "Actual Total Time": 69.488,
                                                        "Actual Rows": 35211,
                                                        "Actual Loops": 1
                                                    },
                                                    {
                                                        "Worker Number": 1,
                                                        "Actual Startup Time": 0.061,
                                                        "Actual Total Time": 68.716,
                                                        "Actual Rows": 44554,
                                                        "Actual Loops": 1
                                                    },
                                                    {
                                                        "Worker Number": 2,
                                                        "Actual Startup Time": 0.07,
                                                        "Actual Total Time": 67.608,
                                                        "Actual Rows": 44546,
                                                        "Actual Loops": 1
                                                    },
                                                    {
                                                        "Worker Number": 3,
                                                        "Actual Startup Time": 0.051,
                                                        "Actual Total Time": 68.866,
                                                        "Actual Rows": 46190,
                                                        "Actual Loops": 1
                                                    },
                                                    {
                                                        "Worker Number": 4,
                                                        "Actual Startup Time": 0.057,
                                                        "Actual Total Time": 69.797,
                                                        "Actual Rows": 46606,
                                                        "Actual Loops": 1
                                                    },
                                                    {
                                                        "Worker Number": 5,
                                                        "Actual Startup Time": 0.064,
                                                        "Actual Total Time": 68.906,
                                                        "Actual Rows": 44979,
                                                        "Actual Loops": 1
                                                    }
                                                ]
                                            }
                                        ]
                                    }
                                ]
                            }
                        ]
                    }
                ]
            }
        ]
    },
    "Planning Time": 0.4,
    "Triggers": [],
    "Execution Time": 1170.473
}