[
  {
    "Plan": {
      "Node Type": "Aggregate",
      "Strategy": "Plain",
      "Partial Mode": "Finalize",
      "Parallel Aware": false,
      "Startup Cost": 82975.37,
      "Total Cost": 82975.38,
      "Plan Rows": 1,
      "Plan Width": 8,
      "Actual Startup Time": 417.019,
      "Actual Total Time": 440.447,
      "Actual Rows": 1,
      "Actual Loops": 1,
      "Plans": [
        {
          "Node Type": "Gather",
          "Parent Relationship": "Outer",
          "Parallel Aware": false,
          "Startup Cost": 82975.05,
          "Total Cost": 82975.36,
          "Plan Rows": 3,
          "Plan Width": 8,
          "Actual Startup Time": 409.987,
          "Actual Total Time": 440.432,
          "Actual Rows": 4,
          "Actual Loops": 1,
          "Workers Planned": 3,
          "Workers Launched": 3,
          "Single Copy": false,
          "Plans": [
            {
              "Node Type": "Aggregate",
              "Strategy": "Plain",
              "Partial Mode": "Partial",
              "Parent Relationship": "Outer",
              "Parallel Aware": false,
              "Startup Cost": 81975.05,
              "Total Cost": 81975.06,
              "Plan Rows": 1,
              "Plan Width": 8,
              "Actual Startup Time": 399.29,
              "Actual Total Time": 399.293,
              "Actual Rows": 1,
              "Actual Loops": 4,
              "Plans": [
                {
                  "Node Type": "Hash Join",
                  "Parent Relationship": "Outer",
                  "Parallel Aware": true,
                  "Join Type": "Inner",
                  "Startup Cost": 49695.15,
                  "Total Cost": 81683.59,
                  "Plan Rows": 116587,
                  "Plan Width": 0,
                  "Actual Startup Time": 298.986,
                  "Actual Total Time": 398.206,
                  "Actual Rows": 19186,
                  "Actual Loops": 4,
                  "Inner Unique": true,
                  "Hash Cond": "(mc.movie_id = t.id)",
                  "Plans": [
                    {
                      "Node Type": "Seq Scan",
                      "Parent Relationship": "Outer",
                      "Parallel Aware": true,
                      "Relation Name": "movie_companies",
                      "Alias": "mc",
                      "Startup Cost": 0.0,
                      "Total Cost": 31414.82,
                      "Plan Rows": 218522,
                      "Plan Width": 4,
                      "Actual Startup Time": 11.0,
                      "Actual Total Time": 74.494,
                      "Actual Rows": 110157,
                      "Actual Loops": 4,
                      "Filter": "((company_id > 11145) AND (company_type_id = 1))",
                      "Rows Removed by Filter": 542125
                    },
                    {
                      "Node Type": "Hash",
                      "Parent Relationship": "Inner",
                      "Parallel Aware": true,
                      "Startup Cost": 45479.59,
                      "Total Cost": 45479.59,
                      "Plan Rows": 337245,
                      "Plan Width": 4,
                      "Actual Startup Time": 280.939,
                      "Actual Total Time": 280.94,
                      "Actual Rows": 365675,
                      "Actual Loops": 4,
                      "Hash Buckets": 2097152,
                      "Original Hash Buckets": 2097152,
                      "Hash Batches": 1,
                      "Original Hash Batches": 1,
                      "Peak Memory Usage": 73664,
                      "Plans": [
                        {
                          "Node Type": "Seq Scan",
                          "Parent Relationship": "Outer",
                          "Parallel Aware": true,
                          "Relation Name": "title",
                          "Alias": "t",
                          "Startup Cost": 0.0,
                          "Total Cost": 45479.59,
                          "Plan Rows": 337245,
                          "Plan Width": 4,
                          "Actual Startup Time": 0.034,
                          "Actual Total Time": 129.743,
                          "Actual Rows": 365675,
                          "Actual Loops": 4,
                          "Filter": "((kind_id > 1) AND (production_year > 1987))",
                          "Rows Removed by Filter": 266403
                        }
                      ]
                    }
                  ]
                }
              ]
            }
          ]
        }
      ]
    },
    "Planning Time": 0.464,
    "Triggers": [],
    "Execution Time": 440.503
  }
]