[
  {
    "Plan": {
      "Node Type": "Aggregate",
      "Strategy": "Plain",
      "Partial Mode": "Finalize",
      "Parallel Aware": false,
      "Startup Cost": 82792.25,
      "Total Cost": 82792.26,
      "Plan Rows": 1,
      "Plan Width": 8,
      "Actual Startup Time": 264.049,
      "Actual Total Time": 278.774,
      "Actual Rows": 1,
      "Actual Loops": 1,
      "Plans": [
        {
          "Node Type": "Gather",
          "Parent Relationship": "Outer",
          "Parallel Aware": false,
          "Startup Cost": 82791.83,
          "Total Cost": 82792.24,
          "Plan Rows": 4,
          "Plan Width": 8,
          "Actual Startup Time": 261.249,
          "Actual Total Time": 278.764,
          "Actual Rows": 5,
          "Actual Loops": 1,
          "Workers Planned": 4,
          "Workers Launched": 4,
          "Single Copy": false,
          "Plans": [
            {
              "Node Type": "Aggregate",
              "Strategy": "Plain",
              "Partial Mode": "Partial",
              "Parent Relationship": "Outer",
              "Parallel Aware": false,
              "Startup Cost": 81791.83,
              "Total Cost": 81791.84,
              "Plan Rows": 1,
              "Plan Width": 8,
              "Actual Startup Time": 251.992,
              "Actual Total Time": 251.995,
              "Actual Rows": 1,
              "Actual Loops": 5,
              "Plans": [
                {
                  "Node Type": "Hash Join",
                  "Parent Relationship": "Outer",
                  "Parallel Aware": true,
                  "Join Type": "Inner",
                  "Startup Cost": 34123.64,
                  "Total Cost": 81568.85,
                  "Plan Rows": 89192,
                  "Plan Width": 0,
                  "Actual Startup Time": 202.819,
                  "Actual Total Time": 251.193,
                  "Actual Rows": 15348,
                  "Actual Loops": 5,
                  "Inner Unique": false,
                  "Hash Cond": "(t.id = mc.movie_id)",
                  "Plans": [
                    {
                      "Node Type": "Seq Scan",
                      "Parent Relationship": "Outer",
                      "Parallel Aware": true,
                      "Relation Name": "title",
                      "Alias": "t",
                      "Startup Cost": 0.0,
                      "Total Cost": 45479.1,
                      "Plan Rows": 335677,
                      "Plan Width": 4,
                      "Actual Startup Time": 0.012,
                      "Actual Total Time": 80.315,
                      "Actual Rows": 292540,
                      "Actual Loops": 5,
                      "Filter": "((kind_id > 1) AND (production_year > 1987))",
                      "Rows Removed by Filter": 213122
                    },
                    {
                      "Node Type": "Hash",
                      "Parent Relationship": "Inner",
                      "Parallel Aware": true,
                      "Startup Cost": 31414.82,
                      "Total Cost": 31414.82,
                      "Plan Rows": 216706,
                      "Plan Width": 4,
                      "Actual Startup Time": 105.058,
                      "Actual Total Time": 105.059,
                      "Actual Rows": 88126,
                      "Actual Loops": 5,
                      "Hash Buckets": 1048576,
                      "Original Hash Buckets": 1048576,
                      "Hash Batches": 1,
                      "Original Hash Batches": 1,
                      "Peak Memory Usage": 25536,
                      "Plans": [
                        {
                          "Node Type": "Seq Scan",
                          "Parent Relationship": "Outer",
                          "Parallel Aware": true,
                          "Relation Name": "movie_companies",
                          "Alias": "mc",
                          "Startup Cost": 0.0,
                          "Total Cost": 31414.82,
                          "Plan Rows": 216706,
                          "Plan Width": 4,
                          "Actual Startup Time": 19.95,
                          "Actual Total Time": 71.572,
                          "Actual Rows": 88126,
                          "Actual Loops": 5,
                          "Filter": "((company_id > 11145) AND (company_type_id = 1))",
                          "Rows Removed by Filter": 433700
                        }
                      ]
                    }
                  ]
                }
              ]
            }
          ]
        }
      ]
    },
    "Planning Time": 0.751,
    "Triggers": [],
    "Execution Time": 278.848
  }
]