[
  {
    "Plan": {
      "Node Type": "Aggregate",
      "Strategy": "Plain",
      "Partial Mode": "Finalize",
      "Parallel Aware": false,
      "Startup Cost": 46297.51,
      "Total Cost": 46297.52,
      "Plan Rows": 1,
      "Plan Width": 8,
      "Actual Startup Time": 155.991,
      "Actual Total Time": 176.053,
      "Actual Rows": 1,
      "Actual Loops": 1,
      "Plans": [
        {
          "Node Type": "Gather",
          "Parent Relationship": "Outer",
          "Parallel Aware": false,
          "Startup Cost": 46297.09,
          "Total Cost": 46297.5,
          "Plan Rows": 4,
          "Plan Width": 8,
          "Actual Startup Time": 155.703,
          "Actual Total Time": 176.033,
          "Actual Rows": 5,
          "Actual Loops": 1,
          "Workers Planned": 4,
          "Workers Launched": 4,
          "Single Copy": false,
          "Plans": [
            {
              "Node Type": "Aggregate",
              "Strategy": "Plain",
              "Partial Mode": "Partial",
              "Parent Relationship": "Outer",
              "Parallel Aware": false,
              "Startup Cost": 45297.09,
              "Total Cost": 45297.1,
              "Plan Rows": 1,
              "Plan Width": 8,
              "Actual Startup Time": 145.159,
              "Actual Total Time": 145.161,
              "Actual Rows": 1,
              "Actual Loops": 5,
              "Plans": [
                {
                  "Node Type": "Seq Scan",
                  "Parent Relationship": "Outer",
                  "Parallel Aware": true,
                  "Relation Name": "title",
                  "Alias": "t",
                  "Startup Cost": 0.0,
                  "Total Cost": 43899.32,
                  "Plan Rows": 559109,
                  "Plan Width": 0,
                  "Actual Startup Time": 0.056,
                  "Actual Total Time": 117.649,
                  "Actual Rows": 445067,
                  "Actual Loops": 5,
                  "Filter": "(production_year > 1958)",
                  "Rows Removed by Filter": 60595
                }
              ]
            }
          ]
        }
      ]
    },
    "Planning Time": 0.179,
    "Triggers": [],
    "Execution Time": 176.115
  }
]