[
  {
    "Plan": {
      "Node Type": "Aggregate",
      "Strategy": "Plain",
      "Partial Mode": "Finalize",
      "Parallel Aware": false,
      "Startup Cost": 174404.65,
      "Total Cost": 174404.66,
      "Plan Rows": 1,
      "Plan Width": 8,
      "Actual Startup Time": 654.057,
      "Actual Total Time": 677.138,
      "Actual Rows": 1,
      "Actual Loops": 1,
      "Plans": [
        {
          "Node Type": "Gather",
          "Parent Relationship": "Outer",
          "Parallel Aware": false,
          "Startup Cost": 174404.33,
          "Total Cost": 174404.64,
          "Plan Rows": 3,
          "Plan Width": 8,
          "Actual Startup Time": 649.002,
          "Actual Total Time": 677.13,
          "Actual Rows": 4,
          "Actual Loops": 1,
          "Workers Planned": 3,
          "Workers Launched": 3,
          "Single Copy": false,
          "Plans": [
            {
              "Node Type": "Aggregate",
              "Strategy": "Plain",
              "Partial Mode": "Partial",
              "Parent Relationship": "Outer",
              "Parallel Aware": false,
              "Startup Cost": 173404.33,
              "Total Cost": 173404.34,
              "Plan Rows": 1,
              "Plan Width": 8,
              "Actual Startup Time": 638.673,
              "Actual Total Time": 638.678,
              "Actual Rows": 1,
              "Actual Loops": 4,
              "Plans": [
                {
                  "Node Type": "Hash Join",
                  "Parent Relationship": "Outer",
                  "Parallel Aware": true,
                  "Join Type": "Inner",
                  "Startup Cost": 128486.33,
                  "Total Cost": 173131.58,
                  "Plan Rows": 109100,
                  "Plan Width": 0,
                  "Actual Startup Time": 468.341,
                  "Actual Total Time": 626.868,
                  "Actual Rows": 305318,
                  "Actual Loops": 4,
                  "Inner Unique": false,
                  "Hash Cond": "(mk.movie_id = t.id)",
                  "Plans": [
                    {
                      "Node Type": "Seq Scan",
                      "Parent Relationship": "Outer",
                      "Parallel Aware": true,
                      "Relation Name": "movie_keyword",
                      "Alias": "mk",
                      "Startup Cost": 0.0,
                      "Total Cost": 42695.65,
                      "Plan Rows": 461706,
                      "Plan Width": 4,
                      "Actual Startup Time": 0.976,
                      "Actual Total Time": 94.333,
                      "Actual Rows": 359224,
                      "Actual Loops": 4,
                      "Filter": "(keyword_id > 11640)",
                      "Rows Removed by Filter": 771759
                    },
                    {
                      "Node Type": "Hash",
                      "Parent Relationship": "Inner",
                      "Parallel Aware": true,
                      "Startup Cost": 126992.77,
                      "Total Cost": 126992.77,
                      "Plan Rows": 119485,
                      "Plan Width": 8,
                      "Actual Startup Time": 461.95,
                      "Actual Total Time": 461.954,
                      "Actual Rows": 107025,
                      "Actual Loops": 4,
                      "Hash Buckets": 1048576,
                      "Original Hash Buckets": 1048576,
                      "Hash Batches": 1,
                      "Original Hash Batches": 1,
                      "Peak Memory Usage": 25024,
                      "Plans": [
                        {
                          "Node Type": "Hash Join",
                          "Parent Relationship": "Outer",
                          "Parallel Aware": true,
                          "Join Type": "Inner",
                          "Startup Cost": 48405.5,
                          "Total Cost": 126992.77,
                          "Plan Rows": 119485,
                          "Plan Width": 8,
                          "Actual Startup Time": 193.41,
                          "Actual Total Time": 420.177,
                          "Actual Rows": 107025,
                          "Actual Loops": 4,
                          "Inner Unique": true,
                          "Hash Cond": "(ci.movie_id = t.id)",
                          "Plans": [
                            {
                              "Node Type": "Index Scan",
                              "Parent Relationship": "Outer",
                              "Parallel Aware": true,
                              "Scan Direction": "Forward",
                              "Index Name": "role_id_cast_info",
                              "Relation Name": "cast_info",
                              "Alias": "ci",
                              "Startup Cost": 0.56,
                              "Total Cost": 77740.85,
                              "Plan Rows": 322658,
                              "Plan Width": 4,
                              "Actual Startup Time": 0.219,
                              "Actual Total Time": 112.743,
                              "Actual Rows": 324591,
                              "Actual Loops": 4,
                              "Index Cond": "(role_id = 4)",
                              "Rows Removed by Index Recheck": 0,
                              "Filter": "(person_id < 2067610)",
                              "Rows Removed by Filter": 357645
                            },
                            {
                              "Node Type": "Hash",
                              "Parent Relationship": "Inner",
                              "Parallel Aware": true,
                              "Startup Cost": 45479.1,
                              "Total Cost": 45479.1,
                              "Plan Rows": 234067,
                              "Plan Width": 4,
                              "Actual Startup Time": 190.486,
                              "Actual Total Time": 190.487,
                              "Actual Rows": 237673,
                              "Actual Loops": 4,
                              "Hash Buckets": 1048576,
                              "Original Hash Buckets": 1048576,
                              "Hash Batches": 1,
                              "Original Hash Batches": 1,
                              "Peak Memory Usage": 45440,
                              "Plans": [
                                {
                                  "Node Type": "Seq Scan",
                                  "Parent Relationship": "Outer",
                                  "Parallel Aware": true,
                                  "Relation Name": "title",
                                  "Alias": "t",
                                  "Startup Cost": 0.0,
                                  "Total Cost": 45479.1,
                                  "Plan Rows": 234067,
                                  "Plan Width": 4,
                                  "Actual Startup Time": 0.053,
                                  "Actual Total Time": 104.723,
                                  "Actual Rows": 237673,
                                  "Actual Loops": 4,
                                  "Filter": "((kind_id < 7) AND (production_year < 2013))",
                                  "Rows Removed by Filter": 394405
                                }
                              ]
                            }
                          ]
                        }
                      ]
                    }
                  ]
                }
              ]
            }
          ]
        }
      ]
    },
    "Planning Time": 1.377,
    "Triggers": [],
    "Execution Time": 677.234
  }
]