[
  {
    "Plan": {
      "Node Type": "Aggregate",
      "Strategy": "Plain",
      "Partial Mode": "Finalize",
      "Parallel Aware": false,
      "Startup Cost": 95312.8,
      "Total Cost": 95312.81,
      "Plan Rows": 1,
      "Plan Width": 8,
      "Actual Startup Time": 367.065,
      "Actual Total Time": 375.784,
      "Actual Rows": 1,
      "Actual Loops": 1,
      "Plans": [
        {
          "Node Type": "Gather",
          "Parent Relationship": "Outer",
          "Parallel Aware": false,
          "Startup Cost": 95312.59,
          "Total Cost": 95312.8,
          "Plan Rows": 2,
          "Plan Width": 8,
          "Actual Startup Time": 364.971,
          "Actual Total Time": 375.778,
          "Actual Rows": 3,
          "Actual Loops": 1,
          "Workers Planned": 2,
          "Workers Launched": 2,
          "Single Copy": false,
          "Plans": [
            {
              "Node Type": "Aggregate",
              "Strategy": "Plain",
              "Partial Mode": "Partial",
              "Parent Relationship": "Outer",
              "Parallel Aware": false,
              "Startup Cost": 94312.59,
              "Total Cost": 94312.6,
              "Plan Rows": 1,
              "Plan Width": 8,
              "Actual Startup Time": 360.371,
              "Actual Total Time": 360.54,
              "Actual Rows": 1,
              "Actual Loops": 3,
              "Plans": [
                {
                  "Node Type": "Hash Join",
                  "Parent Relationship": "Outer",
                  "Parallel Aware": true,
                  "Join Type": "Inner",
                  "Startup Cost": 78237.97,
                  "Total Cost": 94210.79,
                  "Plan Rows": 40721,
                  "Plan Width": 0,
                  "Actual Startup Time": 280.32,
                  "Actual Total Time": 358.676,
                  "Actual Rows": 45063,
                  "Actual Loops": 3,
                  "Inner Unique": false,
                  "Hash Cond": "(mi_idx.movie_id = t.id)",
                  "Plans": [
                    {
                      "Node Type": "Seq Scan",
                      "Parent Relationship": "Outer",
                      "Parallel Aware": true,
                      "Relation Name": "movie_info_idx",
                      "Alias": "mi_idx",
                      "Startup Cost": 0.0,
                      "Total Cost": 13685.15,
                      "Plan Rows": 575015,
                      "Plan Width": 4,
                      "Actual Startup Time": 0.022,
                      "Actual Total Time": 34.28,
                      "Actual Rows": 460012,
                      "Actual Loops": 3
                    },
                    {
                      "Node Type": "Hash",
                      "Parent Relationship": "Inner",
                      "Parallel Aware": true,
                      "Startup Cost": 77516.0,
                      "Total Cost": 77516.0,
                      "Plan Rows": 57758,
                      "Plan Width": 8,
                      "Actual Startup Time": 279.172,
                      "Actual Total Time": 279.34,
                      "Actual Rows": 42157,
                      "Actual Loops": 3,
                      "Hash Buckets": 262144,
                      "Original Hash Buckets": 262144,
                      "Hash Batches": 1,
                      "Original Hash Batches": 1,
                      "Peak Memory Usage": 7072,
                      "Plans": [
                        {
                          "Node Type": "Hash Join",
                          "Parent Relationship": "Outer",
                          "Parallel Aware": true,
                          "Join Type": "Inner",
                          "Startup Cost": 45120.48,
                          "Total Cost": 77516.0,
                          "Plan Rows": 57758,
                          "Plan Width": 8,
                          "Actual Startup Time": 170.209,
                          "Actual Total Time": 268.571,
                          "Actual Rows": 42157,
                          "Actual Loops": 3,
                          "Inner Unique": true,
                          "Hash Cond": "(mc.movie_id = t.id)",
                          "Plans": [
                            {
                              "Node Type": "Seq Scan",
                              "Parent Relationship": "Outer",
                              "Parallel Aware": true,
                              "Relation Name": "movie_companies",
                              "Alias": "mc",
                              "Startup Cost": 0.0,
                              "Total Cost": 31414.82,
                              "Plan Rows": 373600,
                              "Plan Width": 4,
                              "Actual Startup Time": 33.849,
                              "Actual Total Time": 78.319,
                              "Actual Rows": 330412,
                              "Actual Loops": 3,
                              "Filter": "((company_id < 88922) AND (company_type_id > 1))",
                              "Rows Removed by Filter": 539298
                            },
                            {
                              "Node Type": "Hash",
                              "Parent Relationship": "Inner",
                              "Parallel Aware": true,
                              "Startup Cost": 43899.01,
                              "Total Cost": 43899.01,
                              "Plan Rows": 97718,
                              "Plan Width": 4,
                              "Actual Startup Time": 135.161,
                              "Actual Total Time": 135.163,
                              "Actual Rows": 130555,
                              "Actual Loops": 3,
                              "Hash Buckets": 524288,
                              "Original Hash Buckets": 524288,
                              "Hash Batches": 1,
                              "Original Hash Batches": 1,
                              "Peak Memory Usage": 19456,
                              "Plans": [
                                {
                                  "Node Type": "Seq Scan",
                                  "Parent Relationship": "Outer",
                                  "Parallel Aware": true,
                                  "Relation Name": "title",
                                  "Alias": "t",
                                  "Startup Cost": 0.0,
                                  "Total Cost": 43899.01,
                                  "Plan Rows": 97718,
                                  "Plan Width": 4,
                                  "Actual Startup Time": 0.023,
                                  "Actual Total Time": 97.475,
                                  "Actual Rows": 130555,
                                  "Actual Loops": 3,
                                  "Filter": "(production_year > 2010)",
                                  "Rows Removed by Filter": 712215
                                }
                              ]
                            }
                          ]
                        }
                      ]
                    }
                  ]
                }
              ]
            }
          ]
        }
      ]
    },
    "Planning Time": 0.427,
    "Triggers": [],
    "Execution Time": 375.819
  }
]