[
  {
    "Plan": {
      "Node Type": "Aggregate",
      "Strategy": "Plain",
      "Partial Mode": "Finalize",
      "Parallel Aware": false,
      "Startup Cost": 274768.96,
      "Total Cost": 274768.97,
      "Plan Rows": 1,
      "Plan Width": 8,
      "Actual Startup Time": 103.881,
      "Actual Total Time": 108.297,
      "Actual Rows": 1,
      "Actual Loops": 1,
      "Plans": [
        {
          "Node Type": "Gather",
          "Parent Relationship": "Outer",
          "Parallel Aware": false,
          "Startup Cost": 274768.34,
          "Total Cost": 274768.95,
          "Plan Rows": 6,
          "Plan Width": 8,
          "Actual Startup Time": 103.565,
          "Actual Total Time": 108.289,
          "Actual Rows": 7,
          "Actual Loops": 1,
          "Workers Planned": 6,
          "Workers Launched": 6,
          "Single Copy": false,
          "Plans": [
            {
              "Node Type": "Aggregate",
              "Strategy": "Plain",
              "Partial Mode": "Partial",
              "Parent Relationship": "Outer",
              "Parallel Aware": false,
              "Startup Cost": 273768.34,
              "Total Cost": 273768.35,
              "Plan Rows": 1,
              "Plan Width": 8,
              "Actual Startup Time": 92.937,
              "Actual Total Time": 92.938,
              "Actual Rows": 1,
              "Actual Loops": 7,
              "Plans": [
                {
                  "Node Type": "Bitmap Heap Scan",
                  "Parent Relationship": "Outer",
                  "Parallel Aware": true,
                  "Relation Name": "cast_info",
                  "Alias": "ci",
                  "Startup Cost": 18813.28,
                  "Total Cost": 273645.23,
                  "Plan Rows": 49243,
                  "Plan Width": 0,
                  "Actual Startup Time": 41.12,
                  "Actual Total Time": 85.839,
                  "Actual Rows": 88557,
                  "Actual Loops": 7,
                  "Recheck Cond": "(person_id < 88289)",
                  "Rows Removed by Index Recheck": 0,
                  "Filter": "(role_id < 2)",
                  "Rows Removed by Filter": 31171,
                  "Exact Heap Blocks": 2862,
                  "Lossy Heap Blocks": 0,
                  "Plans": [
                    {
                      "Node Type": "Bitmap Index Scan",
                      "Parent Relationship": "Outer",
                      "Parallel Aware": false,
                      "Index Name": "person_id_cast_info",
                      "Startup Cost": 0.0,
                      "Total Cost": 18739.41,
                      "Plan Rows": 857980,
                      "Plan Width": 0,
                      "Actual Startup Time": 49.391,
                      "Actual Total Time": 49.391,
                      "Actual Rows": 838101,
                      "Actual Loops": 1,
                      "Index Cond": "(person_id < 88289)"
                    }
                  ]
                }
              ]
            }
          ]
        }
      ]
    },
    "Planning Time": 0.208,
    "Triggers": [],
    "Execution Time": 108.378
  }
]