[
  {
    "Plan": {
      "Node Type": "Aggregate",
      "Strategy": "Plain",
      "Partial Mode": "Finalize",
      "Parallel Aware": false,
      "Startup Cost": 122590.75,
      "Total Cost": 122590.76,
      "Plan Rows": 1,
      "Plan Width": 8,
      "Actual Startup Time": 756.671,
      "Actual Total Time": 777.992,
      "Actual Rows": 1,
      "Actual Loops": 1,
      "Plans": [
        {
          "Node Type": "Gather",
          "Parent Relationship": "Outer",
          "Parallel Aware": false,
          "Startup Cost": 122590.43,
          "Total Cost": 122590.74,
          "Plan Rows": 3,
          "Plan Width": 8,
          "Actual Startup Time": 747.925,
          "Actual Total Time": 777.981,
          "Actual Rows": 4,
          "Actual Loops": 1,
          "Workers Planned": 3,
          "Workers Launched": 3,
          "Single Copy": false,
          "Plans": [
            {
              "Node Type": "Aggregate",
              "Strategy": "Plain",
              "Partial Mode": "Partial",
              "Parent Relationship": "Outer",
              "Parallel Aware": false,
              "Startup Cost": 121590.43,
              "Total Cost": 121590.44,
              "Plan Rows": 1,
              "Plan Width": 8,
              "Actual Startup Time": 738.982,
              "Actual Total Time": 739.101,
              "Actual Rows": 1,
              "Actual Loops": 4,
              "Plans": [
                {
                  "Node Type": "Hash Join",
                  "Parent Relationship": "Outer",
                  "Parallel Aware": true,
                  "Join Type": "Inner",
                  "Startup Cost": 90344.26,
                  "Total Cost": 121204.71,
                  "Plan Rows": 154289,
                  "Plan Width": 0,
                  "Actual Startup Time": 505.589,
                  "Actual Total Time": 702.685,
                  "Actual Rows": 952060,
                  "Actual Loops": 4,
                  "Inner Unique": false,
                  "Hash Cond": "(mc.movie_id = t.id)",
                  "Plans": [
                    {
                      "Node Type": "Seq Scan",
                      "Parent Relationship": "Outer",
                      "Parallel Aware": true,
                      "Relation Name": "movie_companies",
                      "Alias": "mc",
                      "Startup Cost": 0.0,
                      "Total Cost": 27206.55,
                      "Plan Rows": 841655,
                      "Plan Width": 4,
                      "Actual Startup Time": 0.026,
                      "Actual Total Time": 55.039,
                      "Actual Rows": 652282,
                      "Actual Loops": 4
                    },
                    {
                      "Node Type": "Hash",
                      "Parent Relationship": "Inner",
                      "Parallel Aware": true,
                      "Startup Cost": 88475.41,
                      "Total Cost": 88475.41,
                      "Plan Rows": 149508,
                      "Plan Width": 8,
                      "Actual Startup Time": 493.551,
                      "Actual Total Time": 493.668,
                      "Actual Rows": 115836,
                      "Actual Loops": 4,
                      "Hash Buckets": 524288,
                      "Original Hash Buckets": 524288,
                      "Hash Batches": 1,
                      "Original Hash Batches": 1,
                      "Peak Memory Usage": 22304,
                      "Plans": [
                        {
                          "Node Type": "Hash Join",
                          "Parent Relationship": "Outer",
                          "Parallel Aware": true,
                          "Join Type": "Inner",
                          "Startup Cost": 61695.65,
                          "Total Cost": 88475.41,
                          "Plan Rows": 149508,
                          "Plan Width": 8,
                          "Actual Startup Time": 373.151,
                          "Actual Total Time": 463.224,
                          "Actual Rows": 115836,
                          "Actual Loops": 4,
                          "Inner Unique": true,
                          "Hash Cond": "(mk.movie_id = t.id)",
                          "Plans": [
                            {
                              "Node Type": "Bitmap Heap Scan",
                              "Parent Relationship": "Outer",
                              "Parallel Aware": true,
                              "Relation Name": "movie_keyword",
                              "Alias": "mk",
                              "Startup Cost": 10114.73,
                              "Total Cost": 36490.85,
                              "Plan Rows": 153769,
                              "Plan Width": 4,
                              "Actual Startup Time": 28.15,
                              "Actual Total Time": 77.705,
                              "Actual Rows": 116466,
                              "Actual Loops": 4,
                              "Recheck Cond": "(keyword_id > 38238)",
                              "Rows Removed by Index Recheck": 0,
                              "Exact Heap Blocks": 7352,
                              "Lossy Heap Blocks": 0,
                              "Plans": [
                                {
                                  "Node Type": "Bitmap Index Scan",
                                  "Parent Relationship": "Outer",
                                  "Parallel Aware": false,
                                  "Index Name": "keyword_id_movie_keyword",
                                  "Startup Cost": 0.0,
                                  "Total Cost": 9995.56,
                                  "Plan Rows": 476684,
                                  "Plan Width": 0,
                                  "Actual Startup Time": 24.79,
                                  "Actual Total Time": 24.791,
                                  "Actual Rows": 465863,
                                  "Actual Loops": 1,
                                  "Index Cond": "(keyword_id > 38238)"
                                }
                              ]
                            },
                            {
                              "Node Type": "Hash",
                              "Parent Relationship": "Inner",
                              "Parallel Aware": true,
                              "Startup Cost": 43898.92,
                              "Total Cost": 43898.92,
                              "Plan Rows": 614560,
                              "Plan Width": 4,
                              "Actual Startup Time": 336.256,
                              "Actual Total Time": 336.256,
                              "Actual Rows": 614054,
                              "Actual Loops": 4,
                              "Hash Buckets": 4194304,
                              "Original Hash Buckets": 4194304,
                              "Hash Batches": 1,
                              "Original Hash Batches": 1,
                              "Peak Memory Usage": 128896,
                              "Plans": [
                                {
                                  "Node Type": "Seq Scan",
                                  "Parent Relationship": "Outer",
                                  "Parallel Aware": true,
                                  "Relation Name": "title",
                                  "Alias": "t",
                                  "Startup Cost": 0.0,
                                  "Total Cost": 43898.92,
                                  "Plan Rows": 614560,
                                  "Plan Width": 4,
                                  "Actual Startup Time": 0.048,
                                  "Actual Total Time": 108.453,
                                  "Actual Rows": 614054,
                                  "Actual Loops": 4,
                                  "Filter": "(production_year > 0)",
                                  "Rows Removed by Filter": 18024
                                }
                              ]
                            }
                          ]
                        }
                      ]
                    }
                  ]
                }
              ]
            }
          ]
        }
      ]
    },
    "Planning Time": 1.387,
    "Triggers": [],
    "Execution Time": 778.095
  }
]