{
  "Plan": {
    "Node Type": "Aggregate",
    "Strategy": "Plain",
    "Partial Mode": "Finalize",
    "Parallel Aware": false,
    "Startup Cost": 162323.41,
    "Total Cost": 162323.42,
    "Plan Rows": 1,
    "Plan Width": 8,
    "Actual Startup Time": 757.267,
    "Actual Total Time": 778.897,
    "Actual Rows": 1,
    "Actual Loops": 1,
    "Plans": [
      {
        "Node Type": "Gather",
        "Parent Relationship": "Outer",
        "Parallel Aware": false,
        "Startup Cost": 162323.29,
        "Total Cost": 162323.4,
        "Plan Rows": 1,
        "Plan Width": 8,
        "Actual Startup Time": 753.277,
        "Actual Total Time": 778.888,
        "Actual Rows": 2,
        "Actual Loops": 1,
        "Workers Planned": 1,
        "Workers Launched": 1,
        "Single Copy": false,
        "Plans": [
          {
            "Node Type": "Aggregate",
            "Strategy": "Plain",
            "Partial Mode": "Partial",
            "Parent Relationship": "Outer",
            "Parallel Aware": false,
            "Startup Cost": 161323.29,
            "Total Cost": 161323.3,
            "Plan Rows": 1,
            "Plan Width": 8,
            "Actual Startup Time": 746.895,
            "Actual Total Time": 746.901,
            "Actual Rows": 1,
            "Actual Loops": 2,
            "Plans": [
              {
                "Node Type": "Hash Join",
                "Parent Relationship": "Outer",
                "Parallel Aware": true,
                "Join Type": "Inner",
                "Startup Cost": 115948.82,
                "Total Cost": 161020.8,
                "Plan Rows": 120998,
                "Plan Width": 0,
                "Actual Startup Time": 630.554,
                "Actual Total Time": 744.998,
                "Actual Rows": 47632,
                "Actual Loops": 2,
                "Inner Unique": false,
                "Hash Cond": "(mc.movie_id = t.id)",
                "Plans": [
                  {
                    "Node Type": "Seq Scan",
                    "Parent Relationship": "Outer",
                    "Parallel Aware": true,
                    "Relation Name": "movie_companies",
                    "Alias": "mc",
                    "Startup Cost": 0.0,
                    "Total Cost": 41811.73,
                    "Plan Rows": 679601,
                    "Plan Width": 4,
                    "Actual Startup Time": 48.612,
                    "Actual Total Time": 113.979,
                    "Actual Rows": 632886,
                    "Actual Loops": 2,
                    "Filter": "((company_id > 160) AND (company_type_id = 2))",
                    "Rows Removed by Filter": 671679
                  },
                  {
                    "Node Type": "Hash",
                    "Parent Relationship": "Inner",
                    "Parallel Aware": true,
                    "Startup Cost": 112638.94,
                    "Total Cost": 112638.94,
                    "Plan Rows": 264790,
                    "Plan Width": 8,
                    "Actual Startup Time": 569.753,
                    "Actual Total Time": 569.758,
                    "Actual Rows": 59000,
                    "Actual Loops": 2,
                    "Hash Buckets": 524288,
                    "Original Hash Buckets": 524288,
                    "Hash Batches": 1,
                    "Original Hash Batches": 1,
                    "Peak Memory Usage": 8736,
                    "Plans": [
                      {
                        "Node Type": "Hash Join",
                        "Parent Relationship": "Outer",
                        "Parallel Aware": true,
                        "Join Type": "Inner",
                        "Startup Cost": 81596.4,
                        "Total Cost": 112638.94,
                        "Plan Rows": 264790,
                        "Plan Width": 8,
                        "Actual Startup Time": 412.268,
                        "Actual Total Time": 556.691,
                        "Actual Rows": 59000,
                        "Actual Loops": 2,
                        "Inner Unique": true,
                        "Hash Cond": "(mk.movie_id = t.id)",
                        "Plans": [
                          {
                            "Node Type": "Bitmap Heap Scan",
                            "Parent Relationship": "Outer",
                            "Parallel Aware": true,
                            "Relation Name": "movie_keyword",
                            "Alias": "mk",
                            "Startup Cost": 15707.54,
                            "Total Cost": 45606.61,
                            "Plan Rows": 435606,
                            "Plan Width": 4,
                            "Actual Startup Time": 49.176,
                            "Actual Total Time": 126.809,
                            "Actual Rows": 366486,
                            "Actual Loops": 2,
                            "Recheck Cond": "(keyword_id > 25672)",
                            "Rows Removed by Index Recheck": 0,
                            "Exact Heap Blocks": 13850,
                            "Lossy Heap Blocks": 0,
                            "Plans": [
                              {
                                "Node Type": "Bitmap Index Scan",
                                "Parent Relationship": "Outer",
                                "Parallel Aware": false,
                                "Index Name": "keyword_id_movie_keyword",
                                "Startup Cost": 0.0,
                                "Total Cost": 15522.41,
                                "Plan Rows": 740530,
                                "Plan Width": 0,
                                "Actual Startup Time": 45.628,
                                "Actual Total Time": 45.629,
                                "Actual Rows": 732971,
                                "Actual Loops": 1,
                                "Index Cond": "(keyword_id > 25672)"
                              }
                            ]
                          },
                          {
                            "Node Type": "Hash",
                            "Parent Relationship": "Inner",
                            "Parallel Aware": true,
                            "Startup Cost": 54588.39,
                            "Total Cost": 54588.39,
                            "Plan Rows": 904038,
                            "Plan Width": 4,
                            "Actual Startup Time": 352.2,
                            "Actual Total Time": 352.201,
                            "Actual Rows": 771632,
                            "Actual Loops": 2,
                            "Hash Buckets": 2097152,
                            "Original Hash Buckets": 2097152,
                            "Hash Batches": 1,
                            "Original Hash Batches": 1,
                            "Peak Memory Usage": 76768,
                            "Plans": [
                              {
                                "Node Type": "Seq Scan",
                                "Parent Relationship": "Outer",
                                "Parallel Aware": true,
                                "Relation Name": "title",
                                "Alias": "t",
                                "Startup Cost": 0.0,
                                "Total Cost": 54588.39,
                                "Plan Rows": 904038,
                                "Plan Width": 4,
                                "Actual Startup Time": 0.039,
                                "Actual Total Time": 157.057,
                                "Actual Rows": 771632,
                                "Actual Loops": 2,
                                "Filter": "(kind_id = 7)",
                                "Rows Removed by Filter": 492524
                              }
                            ]
                          }
                        ]
                      }
                    ]
                  }
                ]
              }
            ]
          }
        ]
      }
    ]
  },
  "Planning Time": 1.111,
  "Triggers": [],
  "Execution Time": 779.003
}