{
  "Plan": {
    "Node Type": "Aggregate",
    "Strategy": "Plain",
    "Partial Mode": "Finalize",
    "Parallel Aware": false,
    "Startup Cost": 398721.04,
    "Total Cost": 398721.05,
    "Plan Rows": 1,
    "Plan Width": 8,
    "Actual Startup Time": 263.579,
    "Actual Total Time": 306.121,
    "Actual Rows": 1,
    "Actual Loops": 1,
    "Plans": [
      {
        "Node Type": "Gather",
        "Parent Relationship": "Outer",
        "Parallel Aware": false,
        "Startup Cost": 398720.92,
        "Total Cost": 398721.03,
        "Plan Rows": 1,
        "Plan Width": 8,
        "Actual Startup Time": 263.473,
        "Actual Total Time": 306.113,
        "Actual Rows": 2,
        "Actual Loops": 1,
        "Workers Planned": 1,
        "Workers Launched": 1,
        "Single Copy": false,
        "Plans": [
          {
            "Node Type": "Aggregate",
            "Strategy": "Plain",
            "Partial Mode": "Partial",
            "Parent Relationship": "Outer",
            "Parallel Aware": false,
            "Startup Cost": 397720.92,
            "Total Cost": 397720.93,
            "Plan Rows": 1,
            "Plan Width": 8,
            "Actual Startup Time": 259.255,
            "Actual Total Time": 259.256,
            "Actual Rows": 1,
            "Actual Loops": 2,
            "Plans": [
              {
                "Node Type": "Nested Loop",
                "Parent Relationship": "Outer",
                "Parallel Aware": false,
                "Join Type": "Inner",
                "Startup Cost": 0.56,
                "Total Cost": 397613.69,
                "Plan Rows": 42894,
                "Plan Width": 0,
                "Actual Startup Time": 1.5,
                "Actual Total Time": 256.337,
                "Actual Rows": 45368,
                "Actual Loops": 2,
                "Inner Unique": false,
                "Plans": [
                  {
                    "Node Type": "Seq Scan",
                    "Parent Relationship": "Outer",
                    "Parallel Aware": true,
                    "Relation Name": "title",
                    "Alias": "t",
                    "Startup Cost": 0.0,
                    "Total Cost": 58306.47,
                    "Plan Rows": 2994,
                    "Plan Width": 4,
                    "Actual Startup Time": 1.105,
                    "Actual Total Time": 130.207,
                    "Actual Rows": 3098,
                    "Actual Loops": 2,
                    "Filter": "((kind_id < 7) AND (production_year = 1975))",
                    "Rows Removed by Filter": 1261058
                  },
                  {
                    "Node Type": "Index Only Scan",
                    "Parent Relationship": "Inner",
                    "Parallel Aware": false,
                    "Scan Direction": "Forward",
                    "Index Name": "movie_id_cast_info",
                    "Relation Name": "cast_info",
                    "Alias": "ci",
                    "Startup Cost": 0.56,
                    "Total Cost": 112.96,
                    "Plan Rows": 37,
                    "Plan Width": 4,
                    "Actual Startup Time": 0.009,
                    "Actual Total Time": 0.039,
                    "Actual Rows": 15,
                    "Actual Loops": 6196,
                    "Index Cond": "(movie_id = t.id)",
                    "Rows Removed by Index Recheck": 0,
                    "Heap Fetches": 90736
                  }
                ]
              }
            ]
          }
        ]
      }
    ]
  },
  "Planning Time": 0.393,
  "Triggers": [],
  "Execution Time": 306.197
}