[
    {
        "Bao": {
            "Bao prediction": "NaN",
            "Bao recommended hint": "(no hint)"
        }
    },
    {
        "Plan": {
            "Node Type": "Aggregate",
            "Strategy": "Plain",
            "Partial Mode": "Simple",
            "Parallel Aware": false,
            "Startup Cost": 1039.59,
            "Total Cost": 1039.6,
            "Plan Rows": 1,
            "Plan Width": 8,
            "Actual Startup Time": 0.35,
            "Actual Total Time": 0.351,
            "Actual Rows": 1,
            "Actual Loops": 1,
            "Output": [
                "count(*)"
            ],
            "Plans": [
                {
                    "Node Type": "Index Only Scan",
                    "Parent Relationship": "Outer",
                    "Parallel Aware": false,
                    "Scan Direction": "Forward",
                    "Index Name": "person_id_cast_info",
                    "Relation Name": "cast_info",
                    "Schema": "public",
                    "Alias": "ci",
                    "Startup Cost": 0.56,
                    "Total Cost": 1038.33,
                    "Plan Rows": 504,
                    "Plan Width": 0,
                    "Actual Startup Time": 0.065,
                    "Actual Total Time": 0.277,
                    "Actual Rows": 542,
                    "Actual Loops": 1,
                    "Output": [
                        "person_id"
                    ],
                    "Index Cond": "(ci.person_id = 919226)",
                    "Rows Removed by Index Recheck": 0,
                    "Heap Fetches": 542
                }
            ]
        },
        "Planning Time": 308.311,
        "Triggers": [],
        "Execution Time": 0.404
    }
]