{
  "Plan": {
    "Node Type": "Aggregate",
    "Strategy": "Plain",
    "Partial Mode": "Finalize",
    "Parallel Aware": false,
    "Startup Cost": 621945.15,
    "Total Cost": 621945.16,
    "Plan Rows": 1,
    "Plan Width": 8,
    "Actual Startup Time": 3289.975,
    "Actual Total Time": 3319.935,
    "Actual Rows": 1,
    "Actual Loops": 1,
    "Plans": [
      {
        "Node Type": "Gather",
        "Parent Relationship": "Outer",
        "Parallel Aware": false,
        "Startup Cost": 621945.04,
        "Total Cost": 621945.15,
        "Plan Rows": 1,
        "Plan Width": 8,
        "Actual Startup Time": 3288.014,
        "Actual Total Time": 3319.925,
        "Actual Rows": 2,
        "Actual Loops": 1,
        "Workers Planned": 1,
        "Workers Launched": 1,
        "Single Copy": false,
        "Plans": [
          {
            "Node Type": "Aggregate",
            "Strategy": "Plain",
            "Partial Mode": "Partial",
            "Parent Relationship": "Outer",
            "Parallel Aware": false,
            "Startup Cost": 620945.04,
            "Total Cost": 620945.05,
            "Plan Rows": 1,
            "Plan Width": 8,
            "Actual Startup Time": 3281.578,
            "Actual Total Time": 3281.583,
            "Actual Rows": 1,
            "Actual Loops": 2,
            "Plans": [
              {
                "Node Type": "Merge Join",
                "Parent Relationship": "Outer",
                "Parallel Aware": false,
                "Join Type": "Inner",
                "Startup Cost": 449291.61,
                "Total Cost": 620024.63,
                "Plan Rows": 368164,
                "Plan Width": 0,
                "Actual Startup Time": 2673.18,
                "Actual Total Time": 3250.01,
                "Actual Rows": 830816,
                "Actual Loops": 2,
                "Inner Unique": false,
                "Merge Cond": "(mk.movie_id = t.id)",
                "Plans": [
                  {
                    "Node Type": "Index Only Scan",
                    "Parent Relationship": "Outer",
                    "Parallel Aware": true,
                    "Scan Direction": "Forward",
                    "Index Name": "movie_id_movie_keyword",
                    "Relation Name": "movie_keyword",
                    "Alias": "mk",
                    "Startup Cost": 0.43,
                    "Total Cost": 158560.11,
                    "Plan Rows": 2661135,
                    "Plan Width": 4,
                    "Actual Startup Time": 0.105,
                    "Actual Total Time": 400.406,
                    "Actual Rows": 2261957,
                    "Actual Loops": 2,
                    "Heap Fetches": 4523914
                  },
                  {
                    "Node Type": "Sort",
                    "Parent Relationship": "Inner",
                    "Parallel Aware": false,
                    "Startup Cost": 449290.99,
                    "Total Cost": 450165.45,
                    "Plan Rows": 349785,
                    "Plan Width": 8,
                    "Actual Startup Time": 2570.769,
                    "Actual Total Time": 2648.173,
                    "Actual Rows": 1069046,
                    "Actual Loops": 2,
                    "Sort Key": [
                      "ci.movie_id"
                    ],
                    "Sort Method": "quicksort",
                    "Sort Space Used": 27207,
                    "Sort Space Type": "Memory",
                    "Workers": [
                      {
                        "Worker Number": 0,
                        "Sort Method": "quicksort",
                        "Sort Space Used": 27207,
                        "Sort Space Type": "Memory"
                      }
                    ],
                    "Plans": [
                      {
                        "Node Type": "Hash Join",
                        "Parent Relationship": "Outer",
                        "Parallel Aware": false,
                        "Join Type": "Inner",
                        "Startup Cost": 40402.93,
                        "Total Cost": 417082.59,
                        "Plan Rows": 349785,
                        "Plan Width": 8,
                        "Actual Startup Time": 76.519,
                        "Actual Total Time": 2483.579,
                        "Actual Rows": 318271,
                        "Actual Loops": 2,
                        "Inner Unique": true,
                        "Hash Cond": "(ci.movie_id = t.id)",
                        "Plans": [
                          {
                            "Node Type": "Index Scan",
                            "Parent Relationship": "Outer",
                            "Parallel Aware": false,
                            "Scan Direction": "Forward",
                            "Index Name": "role_id_cast_info",
                            "Relation Name": "cast_info",
                            "Alias": "ci",
                            "Startup Cost": 0.56,
                            "Total Cost": 353971.51,
                            "Plan Rows": 8650930,
                            "Plan Width": 4,
                            "Actual Startup Time": 0.225,
                            "Actual Total Time": 1511.64,
                            "Actual Rows": 6277478,
                            "Actual Loops": 2,
                            "Index Cond": "(role_id > 4)",
                            "Rows Removed by Index Recheck": 0,
                            "Filter": "(person_id < 3489526)",
                            "Rows Removed by Filter": 3107225
                          },
                          {
                            "Node Type": "Hash",
                            "Parent Relationship": "Inner",
                            "Parallel Aware": false,
                            "Startup Cost": 39124.53,
                            "Total Cost": 39124.53,
                            "Plan Rows": 102227,
                            "Plan Width": 4,
                            "Actual Startup Time": 75.143,
                            "Actual Total Time": 75.145,
                            "Actual Rows": 100537,
                            "Actual Loops": 2,
                            "Hash Buckets": 131072,
                            "Original Hash Buckets": 131072,
                            "Hash Batches": 1,
                            "Original Hash Batches": 1,
                            "Peak Memory Usage": 4559,
                            "Plans": [
                              {
                                "Node Type": "Bitmap Heap Scan",
                                "Parent Relationship": "Outer",
                                "Parallel Aware": false,
                                "Relation Name": "title",
                                "Alias": "t",
                                "Startup Cost": 1848.69,
                                "Total Cost": 39124.53,
                                "Plan Rows": 102227,
                                "Plan Width": 4,
                                "Actual Startup Time": 17.988,
                                "Actual Total Time": 58.837,
                                "Actual Rows": 100537,
                                "Actual Loops": 2,
                                "Recheck Cond": "(kind_id = 3)",
                                "Rows Removed by Index Recheck": 0,
                                "Exact Heap Blocks": 12707,
                                "Lossy Heap Blocks": 0,
                                "Plans": [
                                  {
                                    "Node Type": "Bitmap Index Scan",
                                    "Parent Relationship": "Outer",
                                    "Parallel Aware": false,
                                    "Index Name": "kind_id_title",
                                    "Startup Cost": 0.0,
                                    "Total Cost": 1823.13,
                                    "Plan Rows": 102227,
                                    "Plan Width": 0,
                                    "Actual Startup Time": 14.401,
                                    "Actual Total Time": 14.402,
                                    "Actual Rows": 100537,
                                    "Actual Loops": 2,
                                    "Index Cond": "(kind_id = 3)"
                                  }
                                ]
                              }
                            ]
                          }
                        ]
                      }
                    ]
                  }
                ]
              }
            ]
          }
        ]
      }
    ]
  },
  "Planning Time": 1.139,
  "Triggers": [],
  "Execution Time": 3320.131
}