[
  {
    "Plan": {
      "Node Type": "Aggregate",
      "Strategy": "Plain",
      "Partial Mode": "Finalize",
      "Parallel Aware": false,
      "Startup Cost": 45552.11,
      "Total Cost": 45552.12,
      "Plan Rows": 1,
      "Plan Width": 8,
      "Actual Startup Time": 147.855,
      "Actual Total Time": 158.457,
      "Actual Rows": 1,
      "Actual Loops": 1,
      "Plans": [
        {
          "Node Type": "Gather",
          "Parent Relationship": "Outer",
          "Parallel Aware": false,
          "Startup Cost": 45551.79,
          "Total Cost": 45552.1,
          "Plan Rows": 3,
          "Plan Width": 8,
          "Actual Startup Time": 147.719,
          "Actual Total Time": 158.445,
          "Actual Rows": 4,
          "Actual Loops": 1,
          "Workers Planned": 3,
          "Workers Launched": 3,
          "Single Copy": false,
          "Plans": [
            {
              "Node Type": "Aggregate",
              "Strategy": "Plain",
              "Partial Mode": "Partial",
              "Parent Relationship": "Outer",
              "Parallel Aware": false,
              "Startup Cost": 44551.79,
              "Total Cost": 44551.8,
              "Plan Rows": 1,
              "Plan Width": 8,
              "Actual Startup Time": 139.593,
              "Actual Total Time": 139.594,
              "Actual Rows": 1,
              "Actual Loops": 4,
              "Plans": [
                {
                  "Node Type": "Seq Scan",
                  "Parent Relationship": "Outer",
                  "Parallel Aware": true,
                  "Relation Name": "movie_keyword",
                  "Alias": "mk",
                  "Startup Cost": 0.0,
                  "Total Cost": 42695.65,
                  "Plan Rows": 742455,
                  "Plan Width": 0,
                  "Actual Startup Time": 0.676,
                  "Actual Total Time": 112.748,
                  "Actual Rows": 569696,
                  "Actual Loops": 4,
                  "Filter": "(keyword_id > 4620)",
                  "Rows Removed by Filter": 561286
                }
              ]
            }
          ]
        }
      ]
    },
    "Planning Time": 0.223,
    "Triggers": [],
    "Execution Time": 158.518
  }
]