[
  {
    "Plan": {
      "Node Type": "Aggregate",
      "Strategy": "Plain",
      "Partial Mode": "Finalize",
      "Parallel Aware": false,
      "Startup Cost": 345718.82,
      "Total Cost": 345718.83,
      "Plan Rows": 1,
      "Plan Width": 8,
      "Actual Startup Time": 618.613,
      "Actual Total Time": 683.889,
      "Actual Rows": 1,
      "Actual Loops": 1,
      "Plans": [
        {
          "Node Type": "Gather",
          "Parent Relationship": "Outer",
          "Parallel Aware": false,
          "Startup Cost": 345718.19,
          "Total Cost": 345718.8,
          "Plan Rows": 6,
          "Plan Width": 8,
          "Actual Startup Time": 618.488,
          "Actual Total Time": 683.878,
          "Actual Rows": 7,
          "Actual Loops": 1,
          "Workers Planned": 6,
          "Workers Launched": 6,
          "Single Copy": false,
          "Plans": [
            {
              "Node Type": "Aggregate",
              "Strategy": "Plain",
              "Partial Mode": "Partial",
              "Parent Relationship": "Outer",
              "Parallel Aware": false,
              "Startup Cost": 344718.19,
              "Total Cost": 344718.2,
              "Plan Rows": 1,
              "Plan Width": 8,
              "Actual Startup Time": 608.373,
              "Actual Total Time": 608.374,
              "Actual Rows": 1,
              "Actual Loops": 7,
              "Plans": [
                {
                  "Node Type": "Seq Scan",
                  "Parent Relationship": "Outer",
                  "Parallel Aware": true,
                  "Relation Name": "cast_info",
                  "Alias": "ci",
                  "Startup Cost": 0.0,
                  "Total Cost": 343257.03,
                  "Plan Rows": 584465,
                  "Plan Width": 0,
                  "Actual Startup Time": 0.052,
                  "Actual Total Time": 578.066,
                  "Actual Rows": 679510,
                  "Actual Loops": 7,
                  "Filter": "((person_id < 637768) AND (role_id < 3))",
                  "Rows Removed by Filter": 4498253
                }
              ]
            }
          ]
        }
      ]
    },
    "Planning Time": 0.206,
    "Triggers": [],
    "Execution Time": 683.949
  }
]