[
  {
    "Plan": {
      "Node Type": "Aggregate",
      "Strategy": "Plain",
      "Partial Mode": "Finalize",
      "Parallel Aware": false,
      "Startup Cost": 335316.19,
      "Total Cost": 335316.2,
      "Plan Rows": 1,
      "Plan Width": 8,
      "Actual Startup Time": 738.525,
      "Actual Total Time": 800.677,
      "Actual Rows": 1,
      "Actual Loops": 1,
      "Plans": [
        {
          "Node Type": "Gather",
          "Parent Relationship": "Outer",
          "Parallel Aware": false,
          "Startup Cost": 335315.56,
          "Total Cost": 335316.17,
          "Plan Rows": 6,
          "Plan Width": 8,
          "Actual Startup Time": 738.306,
          "Actual Total Time": 800.664,
          "Actual Rows": 7,
          "Actual Loops": 1,
          "Workers Planned": 6,
          "Workers Launched": 6,
          "Single Copy": false,
          "Plans": [
            {
              "Node Type": "Aggregate",
              "Strategy": "Plain",
              "Partial Mode": "Partial",
              "Parent Relationship": "Outer",
              "Parallel Aware": false,
              "Startup Cost": 334315.56,
              "Total Cost": 334315.57,
              "Plan Rows": 1,
              "Plan Width": 8,
              "Actual Startup Time": 727.756,
              "Actual Total Time": 727.758,
              "Actual Rows": 1,
              "Actual Loops": 7,
              "Plans": [
                {
                  "Node Type": "Seq Scan",
                  "Parent Relationship": "Outer",
                  "Parallel Aware": true,
                  "Relation Name": "cast_info",
                  "Alias": "ci",
                  "Startup Cost": 0.0,
                  "Total Cost": 328211.39,
                  "Plan Rows": 2441668,
                  "Plan Width": 0,
                  "Actual Startup Time": 0.065,
                  "Actual Total Time": 628.567,
                  "Actual Rows": 2111925,
                  "Actual Loops": 7,
                  "Filter": "(person_id < 1457748)",
                  "Rows Removed by Filter": 3065838
                }
              ]
            }
          ]
        }
      ]
    },
    "Planning Time": 0.206,
    "Triggers": [],
    "Execution Time": 800.752
  }
]