[
  {
    "Plan": {
      "Node Type": "Aggregate",
      "Strategy": "Plain",
      "Partial Mode": "Finalize",
      "Parallel Aware": false,
      "Startup Cost": 335324.73,
      "Total Cost": 335324.74,
      "Plan Rows": 1,
      "Plan Width": 8,
      "Actual Startup Time": 712.953,
      "Actual Total Time": 769.93,
      "Actual Rows": 1,
      "Actual Loops": 1,
      "Plans": [
        {
          "Node Type": "Gather",
          "Parent Relationship": "Outer",
          "Parallel Aware": false,
          "Startup Cost": 335324.11,
          "Total Cost": 335324.72,
          "Plan Rows": 6,
          "Plan Width": 8,
          "Actual Startup Time": 712.817,
          "Actual Total Time": 769.919,
          "Actual Rows": 7,
          "Actual Loops": 1,
          "Workers Planned": 6,
          "Workers Launched": 6,
          "Single Copy": false,
          "Plans": [
            {
              "Node Type": "Aggregate",
              "Strategy": "Plain",
              "Partial Mode": "Partial",
              "Parent Relationship": "Outer",
              "Parallel Aware": false,
              "Startup Cost": 334324.11,
              "Total Cost": 334324.12,
              "Plan Rows": 1,
              "Plan Width": 8,
              "Actual Startup Time": 704.239,
              "Actual Total Time": 704.24,
              "Actual Rows": 1,
              "Actual Loops": 7,
              "Plans": [
                {
                  "Node Type": "Seq Scan",
                  "Parent Relationship": "Outer",
                  "Parallel Aware": true,
                  "Relation Name": "cast_info",
                  "Alias": "ci",
                  "Startup Cost": 0.0,
                  "Total Cost": 328162.03,
                  "Plan Rows": 2464832,
                  "Plan Width": 0,
                  "Actual Startup Time": 0.044,
                  "Actual Total Time": 602.161,
                  "Actual Rows": 2111925,
                  "Actual Loops": 7,
                  "Filter": "(person_id < 1457748)",
                  "Rows Removed by Filter": 3065838
                }
              ]
            }
          ]
        }
      ]
    },
    "Planning Time": 0.194,
    "Triggers": [],
    "Execution Time": 770.004
  }
]