[
  {
    "Plan": {
      "Node Type": "Aggregate",
      "Strategy": "Plain",
      "Partial Mode": "Finalize",
      "Parallel Aware": false,
      "Startup Cost": 109509.53,
      "Total Cost": 109509.54,
      "Plan Rows": 1,
      "Plan Width": 8,
      "Actual Startup Time": 307.851,
      "Actual Total Time": 326.425,
      "Actual Rows": 1,
      "Actual Loops": 1,
      "Plans": [
        {
          "Node Type": "Gather",
          "Parent Relationship": "Outer",
          "Parallel Aware": false,
          "Startup Cost": 109509.11,
          "Total Cost": 109509.52,
          "Plan Rows": 4,
          "Plan Width": 8,
          "Actual Startup Time": 306.329,
          "Actual Total Time": 326.417,
          "Actual Rows": 5,
          "Actual Loops": 1,
          "Workers Planned": 4,
          "Workers Launched": 4,
          "Single Copy": false,
          "Plans": [
            {
              "Node Type": "Aggregate",
              "Strategy": "Plain",
              "Partial Mode": "Partial",
              "Parent Relationship": "Outer",
              "Parallel Aware": false,
              "Startup Cost": 108509.11,
              "Total Cost": 108509.12,
              "Plan Rows": 1,
              "Plan Width": 8,
              "Actual Startup Time": 301.716,
              "Actual Total Time": 301.763,
              "Actual Rows": 1,
              "Actual Loops": 5,
              "Plans": [
                {
                  "Node Type": "Nested Loop",
                  "Parent Relationship": "Outer",
                  "Parallel Aware": false,
                  "Join Type": "Inner",
                  "Startup Cost": 26351.65,
                  "Total Cost": 108437.72,
                  "Plan Rows": 28557,
                  "Plan Width": 0,
                  "Actual Startup Time": 66.293,
                  "Actual Total Time": 298.179,
                  "Actual Rows": 65657,
                  "Actual Loops": 5,
                  "Inner Unique": false,
                  "Plans": [
                    {
                      "Node Type": "Hash Join",
                      "Parent Relationship": "Outer",
                      "Parallel Aware": true,
                      "Join Type": "Inner",
                      "Startup Cost": 26351.21,
                      "Total Cost": 73688.67,
                      "Plan Rows": 18588,
                      "Plan Width": 8,
                      "Actual Startup Time": 66.097,
                      "Actual Total Time": 190.706,
                      "Actual Rows": 29497,
                      "Actual Loops": 5,
                      "Inner Unique": false,
                      "Hash Cond": "(t.id = mc.movie_id)",
                      "Plans": [
                        {
                          "Node Type": "Seq Scan",
                          "Parent Relationship": "Outer",
                          "Parallel Aware": true,
                          "Relation Name": "title",
                          "Alias": "t",
                          "Startup Cost": 0.0,
                          "Total Cost": 45479.21,
                          "Plan Rows": 359658,
                          "Plan Width": 4,
                          "Actual Startup Time": 0.007,
                          "Actual Total Time": 73.686,
                          "Actual Rows": 285956,
                          "Actual Loops": 5,
                          "Filter": "((kind_id > 2) AND (production_year < 2011))",
                          "Rows Removed by Filter": 219706
                        },
                        {
                          "Node Type": "Hash",
                          "Parent Relationship": "Inner",
                          "Parallel Aware": true,
                          "Startup Cost": 25824.33,
                          "Total Cost": 25824.33,
                          "Plan Rows": 42151,
                          "Plan Width": 4,
                          "Actual Startup Time": 65.668,
                          "Actual Total Time": 65.669,
                          "Actual Rows": 40234,
                          "Actual Loops": 5,
                          "Hash Buckets": 262144,
                          "Original Hash Buckets": 131072,
                          "Hash Batches": 1,
                          "Original Hash Batches": 1,
                          "Peak Memory Usage": 11008,
                          "Plans": [
                            {
                              "Node Type": "Bitmap Heap Scan",
                              "Parent Relationship": "Outer",
                              "Parallel Aware": true,
                              "Relation Name": "movie_companies",
                              "Alias": "mc",
                              "Startup Cost": 5744.43,
                              "Total Cost": 25824.33,
                              "Plan Rows": 42151,
                              "Plan Width": 4,
                              "Actual Startup Time": 11.84,
                              "Actual Total Time": 47.08,
                              "Actual Rows": 40234,
                              "Actual Loops": 5,
                              "Recheck Cond": "(company_id < 137)",
                              "Rows Removed by Index Recheck": 0,
                              "Filter": "(company_type_id < 2)",
                              "Rows Removed by Filter": 12333,
                              "Exact Heap Blocks": 6452,
                              "Lossy Heap Blocks": 0,
                              "Plans": [
                                {
                                  "Node Type": "Bitmap Index Scan",
                                  "Parent Relationship": "Outer",
                                  "Parallel Aware": false,
                                  "Index Name": "company_id_movie_companies",
                                  "Startup Cost": 0.0,
                                  "Total Cost": 5711.77,
                                  "Plan Rows": 266578,
                                  "Plan Width": 0,
                                  "Actual Startup Time": 12.829,
                                  "Actual Total Time": 12.829,
                                  "Actual Rows": 262833,
                                  "Actual Loops": 1,
                                  "Index Cond": "(company_id < 137)"
                                }
                              ]
                            }
                          ]
                        }
                      ]
                    },
                    {
                      "Node Type": "Index Scan",
                      "Parent Relationship": "Inner",
                      "Parallel Aware": false,
                      "Scan Direction": "Forward",
                      "Index Name": "movie_id_movie_keyword",
                      "Relation Name": "movie_keyword",
                      "Alias": "mk",
                      "Startup Cost": 0.43,
                      "Total Cost": 1.48,
                      "Plan Rows": 39,
                      "Plan Width": 4,
                      "Actual Startup Time": 0.003,
                      "Actual Total Time": 0.003,
                      "Actual Rows": 2,
                      "Actual Loops": 147484,
                      "Index Cond": "(movie_id = t.id)",
                      "Rows Removed by Index Recheck": 0,
                      "Filter": "(keyword_id < 29320)",
                      "Rows Removed by Filter": 0
                    }
                  ]
                }
              ]
            }
          ]
        }
      ]
    },
    "Planning Time": 0.44,
    "Triggers": [],
    "Execution Time": 326.472
  }
]