[
  {
    "Plan": {
      "Node Type": "Aggregate",
      "Strategy": "Plain",
      "Partial Mode": "Finalize",
      "Parallel Aware": false,
      "Startup Cost": 40277.99,
      "Total Cost": 40278.0,
      "Plan Rows": 1,
      "Plan Width": 8,
      "Actual Startup Time": 157.577,
      "Actual Total Time": 166.391,
      "Actual Rows": 1,
      "Actual Loops": 1,
      "Plans": [
        {
          "Node Type": "Gather",
          "Parent Relationship": "Outer",
          "Parallel Aware": false,
          "Startup Cost": 40277.67,
          "Total Cost": 40277.98,
          "Plan Rows": 3,
          "Plan Width": 8,
          "Actual Startup Time": 157.246,
          "Actual Total Time": 166.38,
          "Actual Rows": 4,
          "Actual Loops": 1,
          "Workers Planned": 3,
          "Workers Launched": 3,
          "Single Copy": false,
          "Plans": [
            {
              "Node Type": "Aggregate",
              "Strategy": "Plain",
              "Partial Mode": "Partial",
              "Parent Relationship": "Outer",
              "Parallel Aware": false,
              "Startup Cost": 39277.67,
              "Total Cost": 39277.68,
              "Plan Rows": 1,
              "Plan Width": 8,
              "Actual Startup Time": 150.196,
              "Actual Total Time": 150.197,
              "Actual Rows": 1,
              "Actual Loops": 4,
              "Plans": [
                {
                  "Node Type": "Bitmap Heap Scan",
                  "Parent Relationship": "Outer",
                  "Parallel Aware": true,
                  "Relation Name": "movie_keyword",
                  "Alias": "mk",
                  "Startup Cost": 12070.35,
                  "Total Cost": 38818.78,
                  "Plan Rows": 183555,
                  "Plan Width": 0,
                  "Actual Startup Time": 58.089,
                  "Actual Total Time": 140.532,
                  "Actual Rows": 145863,
                  "Actual Loops": 4,
                  "Recheck Cond": "(keyword_id < 414)",
                  "Rows Removed by Index Recheck": 0,
                  "Exact Heap Blocks": 7974,
                  "Lossy Heap Blocks": 0,
                  "Plans": [
                    {
                      "Node Type": "Bitmap Index Scan",
                      "Parent Relationship": "Outer",
                      "Parallel Aware": false,
                      "Index Name": "keyword_id_movie_keyword",
                      "Startup Cost": 0.0,
                      "Total Cost": 11928.09,
                      "Plan Rows": 569021,
                      "Plan Width": 0,
                      "Actual Startup Time": 58.613,
                      "Actual Total Time": 58.614,
                      "Actual Rows": 583452,
                      "Actual Loops": 1,
                      "Index Cond": "(keyword_id < 414)"
                    }
                  ]
                }
              ]
            }
          ]
        }
      ]
    },
    "Planning Time": 0.188,
    "Triggers": [],
    "Execution Time": 166.464
  }
]