[
  {
    "Plan": {
      "Node Type": "Aggregate",
      "Strategy": "Plain",
      "Partial Mode": "Finalize",
      "Parallel Aware": false,
      "Startup Cost": 46842.47,
      "Total Cost": 46842.48,
      "Plan Rows": 1,
      "Plan Width": 8,
      "Actual Startup Time": 209.646,
      "Actual Total Time": 220.038,
      "Actual Rows": 1,
      "Actual Loops": 1,
      "Plans": [
        {
          "Node Type": "Gather",
          "Parent Relationship": "Outer",
          "Parallel Aware": false,
          "Startup Cost": 46842.15,
          "Total Cost": 46842.46,
          "Plan Rows": 3,
          "Plan Width": 8,
          "Actual Startup Time": 209.518,
          "Actual Total Time": 220.029,
          "Actual Rows": 4,
          "Actual Loops": 1,
          "Workers Planned": 3,
          "Workers Launched": 3,
          "Single Copy": false,
          "Plans": [
            {
              "Node Type": "Aggregate",
              "Strategy": "Plain",
              "Partial Mode": "Partial",
              "Parent Relationship": "Outer",
              "Parallel Aware": false,
              "Startup Cost": 45842.15,
              "Total Cost": 45842.16,
              "Plan Rows": 1,
              "Plan Width": 8,
              "Actual Startup Time": 203.661,
              "Actual Total Time": 203.662,
              "Actual Rows": 1,
              "Actual Loops": 4,
              "Plans": [
                {
                  "Node Type": "Seq Scan",
                  "Parent Relationship": "Outer",
                  "Parallel Aware": true,
                  "Relation Name": "movie_keyword",
                  "Alias": "mk",
                  "Startup Cost": 0.0,
                  "Total Cost": 42695.65,
                  "Plan Rows": 1258598,
                  "Plan Width": 0,
                  "Actual Startup Time": 0.042,
                  "Actual Total Time": 151.236,
                  "Actual Rows": 975966,
                  "Actual Loops": 4,
                  "Filter": "(keyword_id < 29414)",
                  "Rows Removed by Filter": 155017
                }
              ]
            }
          ]
        }
      ]
    },
    "Planning Time": 0.19,
    "Triggers": [],
    "Execution Time": 220.094
  }
]