[
  {
    "Plan": {
      "Node Type": "Aggregate",
      "Strategy": "Plain",
      "Partial Mode": "Finalize",
      "Parallel Aware": false,
      "Startup Cost": 46828.92,
      "Total Cost": 46828.93,
      "Plan Rows": 1,
      "Plan Width": 8,
      "Actual Startup Time": 173.906,
      "Actual Total Time": 183.656,
      "Actual Rows": 1,
      "Actual Loops": 1,
      "Plans": [
        {
          "Node Type": "Gather",
          "Parent Relationship": "Outer",
          "Parallel Aware": false,
          "Startup Cost": 46828.6,
          "Total Cost": 46828.91,
          "Plan Rows": 3,
          "Plan Width": 8,
          "Actual Startup Time": 173.81,
          "Actual Total Time": 183.648,
          "Actual Rows": 4,
          "Actual Loops": 1,
          "Workers Planned": 3,
          "Workers Launched": 3,
          "Single Copy": false,
          "Plans": [
            {
              "Node Type": "Aggregate",
              "Strategy": "Plain",
              "Partial Mode": "Partial",
              "Parent Relationship": "Outer",
              "Parallel Aware": false,
              "Startup Cost": 45828.6,
              "Total Cost": 45828.61,
              "Plan Rows": 1,
              "Plan Width": 8,
              "Actual Startup Time": 165.505,
              "Actual Total Time": 165.506,
              "Actual Rows": 1,
              "Actual Loops": 4,
              "Plans": [
                {
                  "Node Type": "Seq Scan",
                  "Parent Relationship": "Outer",
                  "Parallel Aware": true,
                  "Relation Name": "movie_keyword",
                  "Alias": "mk",
                  "Startup Cost": 0.0,
                  "Total Cost": 42695.65,
                  "Plan Rows": 1253180,
                  "Plan Width": 0,
                  "Actual Startup Time": 0.061,
                  "Actual Total Time": 121.486,
                  "Actual Rows": 975966,
                  "Actual Loops": 4,
                  "Filter": "(keyword_id < 29414)",
                  "Rows Removed by Filter": 155017
                }
              ]
            }
          ]
        }
      ]
    },
    "Planning Time": 0.23,
    "Triggers": [],
    "Execution Time": 183.714
  }
]