[
  {
    "Plan": {
      "Node Type": "Aggregate",
      "Strategy": "Plain",
      "Partial Mode": "Finalize",
      "Parallel Aware": false,
      "Startup Cost": 79267.02,
      "Total Cost": 79267.03,
      "Plan Rows": 1,
      "Plan Width": 8,
      "Actual Startup Time": 127.003,
      "Actual Total Time": 134.933,
      "Actual Rows": 1,
      "Actual Loops": 1,
      "Plans": [
        {
          "Node Type": "Gather",
          "Parent Relationship": "Outer",
          "Parallel Aware": false,
          "Startup Cost": 79266.49,
          "Total Cost": 79267.0,
          "Plan Rows": 5,
          "Plan Width": 8,
          "Actual Startup Time": 126.9,
          "Actual Total Time": 134.92,
          "Actual Rows": 6,
          "Actual Loops": 1,
          "Workers Planned": 5,
          "Workers Launched": 5,
          "Single Copy": false,
          "Plans": [
            {
              "Node Type": "Aggregate",
              "Strategy": "Plain",
              "Partial Mode": "Partial",
              "Parent Relationship": "Outer",
              "Parallel Aware": false,
              "Startup Cost": 78266.49,
              "Total Cost": 78266.5,
              "Plan Rows": 1,
              "Plan Width": 8,
              "Actual Startup Time": 117.445,
              "Actual Total Time": 117.446,
              "Actual Rows": 1,
              "Actual Loops": 6,
              "Plans": [
                {
                  "Node Type": "Index Scan",
                  "Parent Relationship": "Outer",
                  "Parallel Aware": true,
                  "Scan Direction": "Forward",
                  "Index Name": "role_id_cast_info",
                  "Relation Name": "cast_info",
                  "Alias": "ci",
                  "Startup Cost": 0.56,
                  "Total Cost": 77740.85,
                  "Plan Rows": 210256,
                  "Plan Width": 0,
                  "Actual Startup Time": 0.265,
                  "Actual Total Time": 106.333,
                  "Actual Rows": 228292,
                  "Actual Loops": 6,
                  "Index Cond": "(role_id = 4)",
                  "Rows Removed by Index Recheck": 0,
                  "Filter": "(person_id > 2339106)",
                  "Rows Removed by Filter": 226531
                }
              ]
            }
          ]
        }
      ]
    },
    "Planning Time": 0.233,
    "Triggers": [],
    "Execution Time": 135.007
  }
]