[
    {
        "Bao": {
            "Bao prediction": 633.667,
            "Bao recommended hint": "(no hint)"
        }
    },
    {
        "Plan": {
            "Node Type": "Aggregate",
            "Strategy": "Plain",
            "Partial Mode": "Finalize",
            "Parallel Aware": false,
            "Startup Cost": 29462.38,
            "Total Cost": 29462.39,
            "Plan Rows": 1,
            "Plan Width": 8,
            "Actual Startup Time": 84.175,
            "Actual Total Time": 89.509,
            "Actual Rows": 1,
            "Actual Loops": 1,
            "Output": [
                "count(*)"
            ],
            "Plans": [
                {
                    "Node Type": "Gather",
                    "Parent Relationship": "Outer",
                    "Parallel Aware": false,
                    "Startup Cost": 29462.06,
                    "Total Cost": 29462.37,
                    "Plan Rows": 3,
                    "Plan Width": 8,
                    "Actual Startup Time": 83.839,
                    "Actual Total Time": 89.501,
                    "Actual Rows": 4,
                    "Actual Loops": 1,
                    "Output": [
                        "(PARTIAL count(*))"
                    ],
                    "Workers Planned": 3,
                    "Workers Launched": 3,
                    "Single Copy": false,
                    "Plans": [
                        {
                            "Node Type": "Aggregate",
                            "Strategy": "Plain",
                            "Partial Mode": "Partial",
                            "Parent Relationship": "Outer",
                            "Parallel Aware": false,
                            "Startup Cost": 28462.06,
                            "Total Cost": 28462.07,
                            "Plan Rows": 1,
                            "Plan Width": 8,
                            "Actual Startup Time": 75.636,
                            "Actual Total Time": 75.637,
                            "Actual Rows": 1,
                            "Actual Loops": 4,
                            "Output": [
                                "PARTIAL count(*)"
                            ],
                            "Workers": [
                                {
                                    "Worker Number": 0,
                                    "Actual Startup Time": 72.959,
                                    "Actual Total Time": 72.96,
                                    "Actual Rows": 1,
                                    "Actual Loops": 1
                                },
                                {
                                    "Worker Number": 1,
                                    "Actual Startup Time": 72.848,
                                    "Actual Total Time": 72.85,
                                    "Actual Rows": 1,
                                    "Actual Loops": 1
                                },
                                {
                                    "Worker Number": 2,
                                    "Actual Startup Time": 73.489,
                                    "Actual Total Time": 73.491,
                                    "Actual Rows": 1,
                                    "Actual Loops": 1
                                }
                            ],
                            "Plans": [
                                {
                                    "Node Type": "Bitmap Heap Scan",
                                    "Parent Relationship": "Outer",
                                    "Parallel Aware": true,
                                    "Relation Name": "movie_keyword",
                                    "Schema": "public",
                                    "Alias": "mk",
                                    "Startup Cost": 3264.06,
                                    "Total Cost": 28338.06,
                                    "Plan Rows": 49600,
                                    "Plan Width": 0,
                                    "Actual Startup Time": 24.633,
                                    "Actual Total Time": 72.889,
                                    "Actual Rows": 36438,
                                    "Actual Loops": 4,
                                    "Recheck Cond": "(mk.keyword_id > 74287)",
                                    "Rows Removed by Index Recheck": 0,
                                    "Exact Heap Blocks": 11779,
                                    "Lossy Heap Blocks": 0,
                                    "Workers": [
                                        {
                                            "Worker Number": 0,
                                            "Actual Startup Time": 21.972,
                                            "Actual Total Time": 70.608,
                                            "Actual Rows": 18546,
                                            "Actual Loops": 1
                                        },
                                        {
                                            "Worker Number": 1,
                                            "Actual Startup Time": 21.849,
                                            "Actual Total Time": 70.518,
                                            "Actual Rows": 19477,
                                            "Actual Loops": 1
                                        },
                                        {
                                            "Worker Number": 2,
                                            "Actual Startup Time": 22.693,
                                            "Actual Total Time": 71.15,
                                            "Actual Rows": 18259,
                                            "Actual Loops": 1
                                        }
                                    ],
                                    "Plans": [
                                        {
                                            "Node Type": "Bitmap Index Scan",
                                            "Parent Relationship": "Outer",
                                            "Parallel Aware": false,
                                            "Index Name": "keyword_id_movie_keyword",
                                            "Startup Cost": 0.0,
                                            "Total Cost": 3225.62,
                                            "Plan Rows": 153759,
                                            "Plan Width": 0,
                                            "Actual Startup Time": 26.232,
                                            "Actual Total Time": 26.233,
                                            "Actual Rows": 145754,
                                            "Actual Loops": 1,
                                            "Index Cond": "(mk.keyword_id > 74287)"
                                        }
                                    ]
                                }
                            ]
                        }
                    ]
                }
            ]
        },
        "Planning Time": 694.217,
        "Triggers": [],
        "Execution Time": 89.623
    }
]