[
  {
    "Plan": {
      "Node Type": "Aggregate",
      "Strategy": "Plain",
      "Partial Mode": "Finalize",
      "Parallel Aware": false,
      "Startup Cost": 47349.03,
      "Total Cost": 47349.04,
      "Plan Rows": 1,
      "Plan Width": 8,
      "Actual Startup Time": 144.911,
      "Actual Total Time": 161.136,
      "Actual Rows": 1,
      "Actual Loops": 1,
      "Plans": [
        {
          "Node Type": "Gather",
          "Parent Relationship": "Outer",
          "Parallel Aware": false,
          "Startup Cost": 47348.61,
          "Total Cost": 47349.02,
          "Plan Rows": 4,
          "Plan Width": 8,
          "Actual Startup Time": 144.705,
          "Actual Total Time": 161.121,
          "Actual Rows": 5,
          "Actual Loops": 1,
          "Workers Planned": 4,
          "Workers Launched": 4,
          "Single Copy": false,
          "Plans": [
            {
              "Node Type": "Aggregate",
              "Strategy": "Plain",
              "Partial Mode": "Partial",
              "Parent Relationship": "Outer",
              "Parallel Aware": false,
              "Startup Cost": 46348.61,
              "Total Cost": 46348.62,
              "Plan Rows": 1,
              "Plan Width": 8,
              "Actual Startup Time": 138.835,
              "Actual Total Time": 138.837,
              "Actual Rows": 1,
              "Actual Loops": 5,
              "Plans": [
                {
                  "Node Type": "Seq Scan",
                  "Parent Relationship": "Outer",
                  "Parallel Aware": true,
                  "Relation Name": "title",
                  "Alias": "t",
                  "Startup Cost": 0.0,
                  "Total Cost": 45479.59,
                  "Plan Rows": 347611,
                  "Plan Width": 0,
                  "Actual Startup Time": 0.028,
                  "Actual Total Time": 119.074,
                  "Actual Rows": 292909,
                  "Actual Loops": 5,
                  "Filter": "((production_year > 1953) AND (kind_id = 7))",
                  "Rows Removed by Filter": 212753
                }
              ]
            }
          ]
        }
      ]
    },
    "Planning Time": 0.11,
    "Triggers": [],
    "Execution Time": 161.181
  }
]