{
  "Plan": {
    "Node Type": "Aggregate",
    "Strategy": "Plain",
    "Partial Mode": "Finalize",
    "Parallel Aware": false,
    "Startup Cost": 1410565.2,
    "Total Cost": 1410565.21,
    "Plan Rows": 1,
    "Plan Width": 8,
    "Actual Startup Time": 3656.229,
    "Actual Total Time": 3697.498,
    "Actual Rows": 1,
    "Actual Loops": 1,
    "Plans": [
      {
        "Node Type": "Gather",
        "Parent Relationship": "Outer",
        "Parallel Aware": false,
        "Startup Cost": 1410565.08,
        "Total Cost": 1410565.19,
        "Plan Rows": 1,
        "Plan Width": 8,
        "Actual Startup Time": 3656.135,
        "Actual Total Time": 3697.49,
        "Actual Rows": 2,
        "Actual Loops": 1,
        "Workers Planned": 1,
        "Workers Launched": 1,
        "Single Copy": false,
        "Plans": [
          {
            "Node Type": "Aggregate",
            "Strategy": "Plain",
            "Partial Mode": "Partial",
            "Parent Relationship": "Outer",
            "Parallel Aware": false,
            "Startup Cost": 1409565.08,
            "Total Cost": 1409565.09,
            "Plan Rows": 1,
            "Plan Width": 8,
            "Actual Startup Time": 3650.088,
            "Actual Total Time": 3650.09,
            "Actual Rows": 1,
            "Actual Loops": 2,
            "Plans": [
              {
                "Node Type": "Merge Join",
                "Parent Relationship": "Outer",
                "Parallel Aware": false,
                "Join Type": "Inner",
                "Startup Cost": 9.89,
                "Total Cost": 1397677.53,
                "Plan Rows": 4755021,
                "Plan Width": 0,
                "Actual Startup Time": 7.449,
                "Actual Total Time": 3533.507,
                "Actual Rows": 2735636,
                "Actual Loops": 2,
                "Inner Unique": false,
                "Merge Cond": "(mi.movie_id = t.id)",
                "Plans": [
                  {
                    "Node Type": "Index Only Scan",
                    "Parent Relationship": "Outer",
                    "Parallel Aware": true,
                    "Scan Direction": "Forward",
                    "Index Name": "movie_id_movie_info",
                    "Relation Name": "movie_info",
                    "Alias": "mi",
                    "Startup Cost": 0.43,
                    "Total Cost": 1018223.42,
                    "Plan Rows": 8696274,
                    "Plan Width": 4,
                    "Actual Startup Time": 0.108,
                    "Actual Total Time": 732.728,
                    "Actual Rows": 2366103,
                    "Actual Loops": 2,
                    "Heap Fetches": 4732206
                  },
                  {
                    "Node Type": "Materialize",
                    "Parent Relationship": "Inner",
                    "Parallel Aware": false,
                    "Startup Cost": 3.41,
                    "Total Cost": 290065.45,
                    "Plan Rows": 1382441,
                    "Plan Width": 8,
                    "Actual Startup Time": 1.003,
                    "Actual Total Time": 2384.185,
                    "Actual Rows": 3048065,
                    "Actual Loops": 2,
                    "Plans": [
                      {
                        "Node Type": "Merge Join",
                        "Parent Relationship": "Outer",
                        "Parallel Aware": false,
                        "Join Type": "Inner",
                        "Startup Cost": 3.41,
                        "Total Cost": 286609.35,
                        "Plan Rows": 1382441,
                        "Plan Width": 8,
                        "Actual Startup Time": 0.978,
                        "Actual Total Time": 2203.595,
                        "Actual Rows": 624850,
                        "Actual Loops": 2,
                        "Inner Unique": true,
                        "Merge Cond": "(mc.movie_id = t.id)",
                        "Plans": [
                          {
                            "Node Type": "Index Only Scan",
                            "Parent Relationship": "Outer",
                            "Parallel Aware": false,
                            "Scan Direction": "Forward",
                            "Index Name": "movie_id_movie_companies",
                            "Relation Name": "movie_companies",
                            "Alias": "mc",
                            "Startup Cost": 0.43,
                            "Total Cost": 140059.44,
                            "Plan Rows": 2609129,
                            "Plan Width": 4,
                            "Actual Startup Time": 0.149,
                            "Actual Total Time": 731.924,
                            "Actual Rows": 2609129,
                            "Actual Loops": 2,
                            "Heap Fetches": 5218258
                          },
                          {
                            "Node Type": "Index Scan",
                            "Parent Relationship": "Inner",
                            "Parallel Aware": false,
                            "Scan Direction": "Forward",
                            "Index Name": "title_pkey",
                            "Relation Name": "title",
                            "Alias": "t",
                            "Startup Cost": 0.43,
                            "Total Cost": 122981.43,
                            "Plan Rows": 1339610,
                            "Plan Width": 4,
                            "Actual Startup Time": 0.135,
                            "Actual Total Time": 1225.917,
                            "Actual Rows": 1418268,
                            "Actual Loops": 2,
                            "Filter": "((production_year > 1961) AND (kind_id = 7))",
                            "Rows Removed by Filter": 1107478
                          }
                        ]
                      }
                    ]
                  }
                ]
              }
            ]
          }
        ]
      }
    ]
  },
  "Planning Time": 1.024,
  "Triggers": [],
  "Execution Time": 3697.592
}