{
  "Plan": {
    "Node Type": "Aggregate",
    "Strategy": "Plain",
    "Partial Mode": "Finalize",
    "Parallel Aware": false,
    "Startup Cost": 329237.73,
    "Total Cost": 329237.74,
    "Plan Rows": 1,
    "Plan Width": 8,
    "Actual Startup Time": 1656.127,
    "Actual Total Time": 1704.201,
    "Actual Rows": 1,
    "Actual Loops": 1,
    "Plans": [
      {
        "Node Type": "Gather",
        "Parent Relationship": "Outer",
        "Parallel Aware": false,
        "Startup Cost": 329237.61,
        "Total Cost": 329237.72,
        "Plan Rows": 1,
        "Plan Width": 8,
        "Actual Startup Time": 1655.668,
        "Actual Total Time": 1704.191,
        "Actual Rows": 2,
        "Actual Loops": 1,
        "Workers Planned": 1,
        "Workers Launched": 1,
        "Single Copy": false,
        "Plans": [
          {
            "Node Type": "Aggregate",
            "Strategy": "Plain",
            "Partial Mode": "Partial",
            "Parent Relationship": "Outer",
            "Parallel Aware": false,
            "Startup Cost": 328237.61,
            "Total Cost": 328237.62,
            "Plan Rows": 1,
            "Plan Width": 8,
            "Actual Startup Time": 1650.088,
            "Actual Total Time": 1650.093,
            "Actual Rows": 1,
            "Actual Loops": 2,
            "Plans": [
              {
                "Node Type": "Hash Join",
                "Parent Relationship": "Outer",
                "Parallel Aware": true,
                "Join Type": "Inner",
                "Startup Cost": 55448.39,
                "Total Cost": 327231.88,
                "Plan Rows": 402294,
                "Plan Width": 0,
                "Actual Startup Time": 186.893,
                "Actual Total Time": 1624.64,
                "Actual Rows": 638922,
                "Actual Loops": 2,
                "Inner Unique": true,
                "Hash Cond": "(mi.movie_id = t.id)",
                "Plans": [
                  {
                    "Node Type": "Seq Scan",
                    "Parent Relationship": "Outer",
                    "Parallel Aware": true,
                    "Relation Name": "movie_info",
                    "Alias": "mi",
                    "Startup Cost": 0.0,
                    "Total Cost": 248955.74,
                    "Plan Rows": 8696274,
                    "Plan Width": 4,
                    "Actual Startup Time": 0.009,
                    "Actual Total Time": 639.24,
                    "Actual Rows": 7417860,
                    "Actual Loops": 2
                  },
                  {
                    "Node Type": "Hash",
                    "Parent Relationship": "Inner",
                    "Parallel Aware": true,
                    "Startup Cost": 54588.39,
                    "Total Cost": 54588.39,
                    "Plan Rows": 68800,
                    "Plan Width": 4,
                    "Actual Startup Time": 159.244,
                    "Actual Total Time": 159.245,
                    "Actual Rows": 58929,
                    "Actual Loops": 2,
                    "Hash Buckets": 131072,
                    "Original Hash Buckets": 131072,
                    "Hash Batches": 1,
                    "Original Hash Batches": 1,
                    "Peak Memory Usage": 5664,
                    "Plans": [
                      {
                        "Node Type": "Seq Scan",
                        "Parent Relationship": "Outer",
                        "Parallel Aware": true,
                        "Relation Name": "title",
                        "Alias": "t",
                        "Startup Cost": 0.0,
                        "Total Cost": 54588.39,
                        "Plan Rows": 68800,
                        "Plan Width": 4,
                        "Actual Startup Time": 57.204,
                        "Actual Total Time": 142.683,
                        "Actual Rows": 58929,
                        "Actual Loops": 2,
                        "Filter": "(production_year < 1931)",
                        "Rows Removed by Filter": 1205227
                      }
                    ]
                  }
                ]
              }
            ]
          }
        ]
      }
    ]
  },
  "Planning Time": 0.435,
  "Triggers": [],
  "Execution Time": 1704.278
}