[
    {
        "Bao": {
            "Bao prediction": "NaN",
            "Bao recommended hint": "(no hint)"
        }
    },
    {
        "Plan": {
            "Node Type": "Aggregate",
            "Strategy": "Plain",
            "Partial Mode": "Finalize",
            "Parallel Aware": false,
            "Startup Cost": 185763.66,
            "Total Cost": 185763.67,
            "Plan Rows": 1,
            "Plan Width": 8,
            "Actual Startup Time": 159.621,
            "Actual Total Time": 166.569,
            "Actual Rows": 1,
            "Actual Loops": 1,
            "Output": [
                "count(*)"
            ],
            "Plans": [
                {
                    "Node Type": "Gather",
                    "Parent Relationship": "Outer",
                    "Parallel Aware": false,
                    "Startup Cost": 185763.14,
                    "Total Cost": 185763.65,
                    "Plan Rows": 5,
                    "Plan Width": 8,
                    "Actual Startup Time": 158.944,
                    "Actual Total Time": 166.56,
                    "Actual Rows": 6,
                    "Actual Loops": 1,
                    "Output": [
                        "(PARTIAL count(*))"
                    ],
                    "Workers Planned": 5,
                    "Workers Launched": 5,
                    "Single Copy": false,
                    "Plans": [
                        {
                            "Node Type": "Aggregate",
                            "Strategy": "Plain",
                            "Partial Mode": "Partial",
                            "Parent Relationship": "Outer",
                            "Parallel Aware": false,
                            "Startup Cost": 184763.14,
                            "Total Cost": 184763.15,
                            "Plan Rows": 1,
                            "Plan Width": 8,
                            "Actual Startup Time": 149.31,
                            "Actual Total Time": 149.311,
                            "Actual Rows": 1,
                            "Actual Loops": 6,
                            "Output": [
                                "PARTIAL count(*)"
                            ],
                            "Workers": [
                                {
                                    "Worker Number": 0,
                                    "Actual Startup Time": 149.782,
                                    "Actual Total Time": 149.783,
                                    "Actual Rows": 1,
                                    "Actual Loops": 1
                                },
                                {
                                    "Worker Number": 1,
                                    "Actual Startup Time": 146.61,
                                    "Actual Total Time": 146.611,
                                    "Actual Rows": 1,
                                    "Actual Loops": 1
                                },
                                {
                                    "Worker Number": 2,
                                    "Actual Startup Time": 146.633,
                                    "Actual Total Time": 146.634,
                                    "Actual Rows": 1,
                                    "Actual Loops": 1
                                },
                                {
                                    "Worker Number": 3,
                                    "Actual Startup Time": 147.126,
                                    "Actual Total Time": 147.128,
                                    "Actual Rows": 1,
                                    "Actual Loops": 1
                                },
                                {
                                    "Worker Number": 4,
                                    "Actual Startup Time": 147.536,
                                    "Actual Total Time": 147.537,
                                    "Actual Rows": 1,
                                    "Actual Loops": 1
                                }
                            ],
                            "Plans": [
                                {
                                    "Node Type": "Bitmap Heap Scan",
                                    "Parent Relationship": "Outer",
                                    "Parallel Aware": true,
                                    "Relation Name": "movie_info",
                                    "Schema": "public",
                                    "Alias": "mi",
                                    "Startup Cost": 19538.04,
                                    "Total Cost": 184224.46,
                                    "Plan Rows": 215474,
                                    "Plan Width": 0,
                                    "Actual Startup Time": 59.834,
                                    "Actual Total Time": 137.427,
                                    "Actual Rows": 181585,
                                    "Actual Loops": 6,
                                    "Recheck Cond": "(mi.info_type_id > 67)",
                                    "Rows Removed by Index Recheck": 0,
                                    "Exact Heap Blocks": 11397,
                                    "Lossy Heap Blocks": 0,
                                    "Workers": [
                                        {
                                            "Worker Number": 0,
                                            "Actual Startup Time": 60.254,
                                            "Actual Total Time": 138.071,
                                            "Actual Rows": 139894,
                                            "Actual Loops": 1
                                        },
                                        {
                                            "Worker Number": 1,
                                            "Actual Startup Time": 57.234,
                                            "Actual Total Time": 135.777,
                                            "Actual Rows": 145052,
                                            "Actual Loops": 1
                                        },
                                        {
                                            "Worker Number": 2,
                                            "Actual Startup Time": 57.223,
                                            "Actual Total Time": 135.74,
                                            "Actual Rows": 142182,
                                            "Actual Loops": 1
                                        },
                                        {
                                            "Worker Number": 3,
                                            "Actual Startup Time": 57.62,
                                            "Actual Total Time": 135.658,
                                            "Actual Rows": 120083,
                                            "Actual Loops": 1
                                        },
                                        {
                                            "Worker Number": 4,
                                            "Actual Startup Time": 58.328,
                                            "Actual Total Time": 136.247,
                                            "Actual Rows": 148947,
                                            "Actual Loops": 1
                                        }
                                    ],
                                    "Plans": [
                                        {
                                            "Node Type": "Bitmap Index Scan",
                                            "Parent Relationship": "Outer",
                                            "Parallel Aware": false,
                                            "Index Name": "info_type_id_movie_info",
                                            "Startup Cost": 0.0,
                                            "Total Cost": 19268.69,
                                            "Plan Rows": 1077368,
                                            "Plan Width": 0,
                                            "Actual Startup Time": 62.963,
                                            "Actual Total Time": 62.964,
                                            "Actual Rows": 1089512,
                                            "Actual Loops": 1,
                                            "Index Cond": "(mi.info_type_id > 67)"
                                        }
                                    ]
                                }
                            ]
                        }
                    ]
                }
            ]
        },
        "Planning Time": 191.131,
        "Triggers": [],
        "Execution Time": 166.67
    }
]