[
  {
    "Plan": {
      "Node Type": "Aggregate",
      "Strategy": "Plain",
      "Partial Mode": "Finalize",
      "Parallel Aware": false,
      "Startup Cost": 117185.67,
      "Total Cost": 117185.68,
      "Plan Rows": 1,
      "Plan Width": 8,
      "Actual Startup Time": 367.065,
      "Actual Total Time": 398.2,
      "Actual Rows": 1,
      "Actual Loops": 1,
      "Plans": [
        {
          "Node Type": "Gather",
          "Parent Relationship": "Outer",
          "Parallel Aware": false,
          "Startup Cost": 117185.35,
          "Total Cost": 117185.66,
          "Plan Rows": 3,
          "Plan Width": 8,
          "Actual Startup Time": 366.689,
          "Actual Total Time": 398.19,
          "Actual Rows": 4,
          "Actual Loops": 1,
          "Workers Planned": 3,
          "Workers Launched": 3,
          "Single Copy": false,
          "Plans": [
            {
              "Node Type": "Aggregate",
              "Strategy": "Plain",
              "Partial Mode": "Partial",
              "Parent Relationship": "Outer",
              "Parallel Aware": false,
              "Startup Cost": 116185.35,
              "Total Cost": 116185.36,
              "Plan Rows": 1,
              "Plan Width": 8,
              "Actual Startup Time": 358.05,
              "Actual Total Time": 358.054,
              "Actual Rows": 1,
              "Actual Loops": 4,
              "Plans": [
                {
                  "Node Type": "Nested Loop",
                  "Parent Relationship": "Outer",
                  "Parallel Aware": false,
                  "Join Type": "Inner",
                  "Startup Cost": 44029.79,
                  "Total Cost": 115986.87,
                  "Plan Rows": 79395,
                  "Plan Width": 0,
                  "Actual Startup Time": 151.198,
                  "Actual Total Time": 356.292,
                  "Actual Rows": 22699,
                  "Actual Loops": 4,
                  "Inner Unique": false,
                  "Join Filter": "(t.id = mi.movie_id)",
                  "Rows Removed by Join Filter": 0,
                  "Plans": [
                    {
                      "Node Type": "Hash Join",
                      "Parent Relationship": "Outer",
                      "Parallel Aware": true,
                      "Join Type": "Inner",
                      "Startup Cost": 44029.36,
                      "Total Cost": 88881.76,
                      "Plan Rows": 13522,
                      "Plan Width": 8,
                      "Actual Startup Time": 151.075,
                      "Actual Total Time": 311.564,
                      "Actual Rows": 1762,
                      "Actual Loops": 4,
                      "Inner Unique": true,
                      "Hash Cond": "(mk.movie_id = t.id)",
                      "Plans": [
                        {
                          "Node Type": "Seq Scan",
                          "Parent Relationship": "Outer",
                          "Parallel Aware": true,
                          "Relation Name": "movie_keyword",
                          "Alias": "mk",
                          "Startup Cost": 0.0,
                          "Total Cost": 42695.65,
                          "Plan Rows": 821617,
                          "Plan Width": 4,
                          "Actual Startup Time": 0.037,
                          "Actual Total Time": 137.597,
                          "Actual Rows": 638348,
                          "Actual Loops": 4,
                          "Filter": "(keyword_id < 6428)",
                          "Rows Removed by Filter": 492635
                        },
                        {
                          "Node Type": "Hash",
                          "Parent Relationship": "Inner",
                          "Parallel Aware": true,
                          "Startup Cost": 43899.32,
                          "Total Cost": 43899.32,
                          "Plan Rows": 10403,
                          "Plan Width": 4,
                          "Actual Startup Time": 112.614,
                          "Actual Total Time": 112.615,
                          "Actual Rows": 10705,
                          "Actual Loops": 4,
                          "Hash Buckets": 65536,
                          "Original Hash Buckets": 65536,
                          "Hash Batches": 1,
                          "Original Hash Batches": 1,
                          "Peak Memory Usage": 2240,
                          "Plans": [
                            {
                              "Node Type": "Seq Scan",
                              "Parent Relationship": "Outer",
                              "Parallel Aware": true,
                              "Relation Name": "title",
                              "Alias": "t",
                              "Startup Cost": 0.0,
                              "Total Cost": 43899.32,
                              "Plan Rows": 10403,
                              "Plan Width": 4,
                              "Actual Startup Time": 63.713,
                              "Actual Total Time": 107.868,
                              "Actual Rows": 10705,
                              "Actual Loops": 4,
                              "Filter": "(production_year < 1913)",
                              "Rows Removed by Filter": 621373
                            }
                          ]
                        }
                      ]
                    },
                    {
                      "Node Type": "Index Only Scan",
                      "Parent Relationship": "Inner",
                      "Parallel Aware": false,
                      "Scan Direction": "Forward",
                      "Index Name": "movie_id_movie_info",
                      "Relation Name": "movie_info",
                      "Alias": "mi",
                      "Startup Cost": 0.43,
                      "Total Cost": 1.49,
                      "Plan Rows": 41,
                      "Plan Width": 4,
                      "Actual Startup Time": 0.008,
                      "Actual Total Time": 0.023,
                      "Actual Rows": 13,
                      "Actual Loops": 7046,
                      "Index Cond": "(movie_id = mk.movie_id)",
                      "Rows Removed by Index Recheck": 0,
                      "Heap Fetches": 90796
                    }
                  ]
                }
              ]
            }
          ]
        }
      ]
    },
    "Planning Time": 0.555,
    "Triggers": [],
    "Execution Time": 398.251
  }
]