[
  {
    "Plan": {
      "Node Type": "Aggregate",
      "Strategy": "Plain",
      "Partial Mode": "Finalize",
      "Parallel Aware": false,
      "Startup Cost": 31594.41,
      "Total Cost": 31594.42,
      "Plan Rows": 1,
      "Plan Width": 8,
      "Actual Startup Time": 115.168,
      "Actual Total Time": 123.461,
      "Actual Rows": 1,
      "Actual Loops": 1,
      "Plans": [
        {
          "Node Type": "Gather",
          "Parent Relationship": "Outer",
          "Parallel Aware": false,
          "Startup Cost": 31594.09,
          "Total Cost": 31594.4,
          "Plan Rows": 3,
          "Plan Width": 8,
          "Actual Startup Time": 114.913,
          "Actual Total Time": 123.451,
          "Actual Rows": 4,
          "Actual Loops": 1,
          "Workers Planned": 3,
          "Workers Launched": 3,
          "Single Copy": false,
          "Plans": [
            {
              "Node Type": "Aggregate",
              "Strategy": "Plain",
              "Partial Mode": "Partial",
              "Parent Relationship": "Outer",
              "Parallel Aware": false,
              "Startup Cost": 30594.09,
              "Total Cost": 30594.1,
              "Plan Rows": 1,
              "Plan Width": 8,
              "Actual Startup Time": 107.128,
              "Actual Total Time": 107.13,
              "Actual Rows": 1,
              "Actual Loops": 4,
              "Plans": [
                {
                  "Node Type": "Seq Scan",
                  "Parent Relationship": "Outer",
                  "Parallel Aware": true,
                  "Relation Name": "movie_companies",
                  "Alias": "mc",
                  "Startup Cost": 0.0,
                  "Total Cost": 29310.68,
                  "Plan Rows": 513363,
                  "Plan Width": 0,
                  "Actual Startup Time": 6.802,
                  "Actual Total Time": 88.044,
                  "Actual Rows": 397239,
                  "Actual Loops": 4,
                  "Filter": "(company_id > 5376)",
                  "Rows Removed by Filter": 255044
                }
              ]
            }
          ]
        }
      ]
    },
    "Planning Time": 0.189,
    "Triggers": [],
    "Execution Time": 123.508
  }
]