[
  {
    "Plan": {
      "Node Type": "Aggregate",
      "Strategy": "Plain",
      "Partial Mode": "Finalize",
      "Parallel Aware": false,
      "Startup Cost": 113970.64,
      "Total Cost": 113970.65,
      "Plan Rows": 1,
      "Plan Width": 8,
      "Actual Startup Time": 407.163,
      "Actual Total Time": 447.739,
      "Actual Rows": 1,
      "Actual Loops": 1,
      "Plans": [
        {
          "Node Type": "Gather",
          "Parent Relationship": "Outer",
          "Parallel Aware": false,
          "Startup Cost": 113970.32,
          "Total Cost": 113970.63,
          "Plan Rows": 3,
          "Plan Width": 8,
          "Actual Startup Time": 406.287,
          "Actual Total Time": 447.728,
          "Actual Rows": 4,
          "Actual Loops": 1,
          "Workers Planned": 3,
          "Workers Launched": 3,
          "Single Copy": false,
          "Plans": [
            {
              "Node Type": "Aggregate",
              "Strategy": "Plain",
              "Partial Mode": "Partial",
              "Parent Relationship": "Outer",
              "Parallel Aware": false,
              "Startup Cost": 112970.32,
              "Total Cost": 112970.33,
              "Plan Rows": 1,
              "Plan Width": 8,
              "Actual Startup Time": 398.896,
              "Actual Total Time": 398.901,
              "Actual Rows": 1,
              "Actual Loops": 4,
              "Plans": [
                {
                  "Node Type": "Nested Loop",
                  "Parent Relationship": "Outer",
                  "Parallel Aware": false,
                  "Join Type": "Inner",
                  "Startup Cost": 44277.71,
                  "Total Cost": 112960.96,
                  "Plan Rows": 3745,
                  "Plan Width": 0,
                  "Actual Startup Time": 105.16,
                  "Actual Total Time": 398.349,
                  "Actual Rows": 6838,
                  "Actual Loops": 4,
                  "Inner Unique": false,
                  "Join Filter": "(t.id = mi.movie_id)",
                  "Rows Removed by Join Filter": 0,
                  "Plans": [
                    {
                      "Node Type": "Hash Join",
                      "Parent Relationship": "Outer",
                      "Parallel Aware": true,
                      "Join Type": "Inner",
                      "Startup Cost": 44277.27,
                      "Total Cost": 74668.17,
                      "Plan Rows": 19684,
                      "Plan Width": 8,
                      "Actual Startup Time": 104.488,
                      "Actual Total Time": 210.823,
                      "Actual Rows": 12760,
                      "Actual Loops": 4,
                      "Inner Unique": true,
                      "Hash Cond": "(mc.movie_id = t.id)",
                      "Plans": [
                        {
                          "Node Type": "Seq Scan",
                          "Parent Relationship": "Outer",
                          "Parallel Aware": true,
                          "Relation Name": "movie_companies",
                          "Alias": "mc",
                          "Startup Cost": 0.0,
                          "Total Cost": 29310.68,
                          "Plan Rows": 411513,
                          "Plan Width": 4,
                          "Actual Startup Time": 0.013,
                          "Actual Total Time": 64.223,
                          "Actual Rows": 318562,
                          "Actual Loops": 4,
                          "Filter": "(company_type_id = 1)",
                          "Rows Removed by Filter": 333721
                        },
                        {
                          "Node Type": "Hash",
                          "Parent Relationship": "Inner",
                          "Parallel Aware": true,
                          "Startup Cost": 43899.32,
                          "Total Cost": 43899.32,
                          "Plan Rows": 30236,
                          "Plan Width": 4,
                          "Actual Startup Time": 103.543,
                          "Actual Total Time": 103.544,
                          "Actual Rows": 29891,
                          "Actual Loops": 4,
                          "Hash Buckets": 131072,
                          "Original Hash Buckets": 131072,
                          "Hash Batches": 1,
                          "Original Hash Batches": 1,
                          "Peak Memory Usage": 5792,
                          "Plans": [
                            {
                              "Node Type": "Seq Scan",
                              "Parent Relationship": "Outer",
                              "Parallel Aware": true,
                              "Relation Name": "title",
                              "Alias": "t",
                              "Startup Cost": 0.0,
                              "Total Cost": 43899.32,
                              "Plan Rows": 30236,
                              "Plan Width": 4,
                              "Actual Startup Time": 0.043,
                              "Actual Total Time": 92.57,
                              "Actual Rows": 29891,
                              "Actual Loops": 4,
                              "Filter": "(production_year = 2007)",
                              "Rows Removed by Filter": 602187
                            }
                          ]
                        }
                      ]
                    },
                    {
                      "Node Type": "Index Scan",
                      "Parent Relationship": "Inner",
                      "Parallel Aware": false,
                      "Scan Direction": "Forward",
                      "Index Name": "movie_id_movie_info",
                      "Relation Name": "movie_info",
                      "Alias": "mi",
                      "Startup Cost": 0.43,
                      "Total Cost": 1.93,
                      "Plan Rows": 1,
                      "Plan Width": 4,
                      "Actual Startup Time": 0.01,
                      "Actual Total Time": 0.014,
                      "Actual Rows": 1,
                      "Actual Loops": 51042,
                      "Index Cond": "(movie_id = mc.movie_id)",
                      "Rows Removed by Index Recheck": 0,
                      "Filter": "(info_type_id = 6)",
                      "Rows Removed by Filter": 37
                    }
                  ]
                }
              ]
            }
          ]
        }
      ]
    },
    "Planning Time": 0.728,
    "Triggers": [],
    "Execution Time": 447.804
  }
]