{
  "Plan": {
    "Node Type": "Aggregate",
    "Strategy": "Plain",
    "Partial Mode": "Finalize",
    "Parallel Aware": false,
    "Startup Cost": 159476.79,
    "Total Cost": 159476.8,
    "Plan Rows": 1,
    "Plan Width": 8,
    "Actual Startup Time": 1630.017,
    "Actual Total Time": 1668.236,
    "Actual Rows": 1,
    "Actual Loops": 1,
    "Plans": [
      {
        "Node Type": "Gather",
        "Parent Relationship": "Outer",
        "Parallel Aware": false,
        "Startup Cost": 159476.68,
        "Total Cost": 159476.79,
        "Plan Rows": 1,
        "Plan Width": 8,
        "Actual Startup Time": 1624.962,
        "Actual Total Time": 1668.228,
        "Actual Rows": 2,
        "Actual Loops": 1,
        "Workers Planned": 1,
        "Workers Launched": 1,
        "Single Copy": false,
        "Plans": [
          {
            "Node Type": "Aggregate",
            "Strategy": "Plain",
            "Partial Mode": "Partial",
            "Parent Relationship": "Outer",
            "Parallel Aware": false,
            "Startup Cost": 158476.68,
            "Total Cost": 158476.69,
            "Plan Rows": 1,
            "Plan Width": 8,
            "Actual Startup Time": 1620.485,
            "Actual Total Time": 1620.493,
            "Actual Rows": 1,
            "Actual Loops": 2,
            "Plans": [
              {
                "Node Type": "Hash Join",
                "Parent Relationship": "Outer",
                "Parallel Aware": true,
                "Join Type": "Inner",
                "Startup Cost": 115633.35,
                "Total Cost": 157596.83,
                "Plan Rows": 351938,
                "Plan Width": 0,
                "Actual Startup Time": 973.142,
                "Actual Total Time": 1529.293,
                "Actual Rows": 1775387,
                "Actual Loops": 2,
                "Inner Unique": false,
                "Hash Cond": "(mc.movie_id = t.id)",
                "Plans": [
                  {
                    "Node Type": "Seq Scan",
                    "Parent Relationship": "Outer",
                    "Parallel Aware": true,
                    "Relation Name": "movie_companies",
                    "Alias": "mc",
                    "Startup Cost": 0.0,
                    "Total Cost": 34137.82,
                    "Plan Rows": 1534782,
                    "Plan Width": 4,
                    "Actual Startup Time": 0.015,
                    "Actual Total Time": 126.839,
                    "Actual Rows": 1304564,
                    "Actual Loops": 2
                  },
                  {
                    "Node Type": "Hash",
                    "Parent Relationship": "Inner",
                    "Parallel Aware": true,
                    "Startup Cost": 111370.41,
                    "Total Cost": 111370.41,
                    "Plan Rows": 341035,
                    "Plan Width": 8,
                    "Actual Startup Time": 967.598,
                    "Actual Total Time": 967.603,
                    "Actual Rows": 293917,
                    "Actual Loops": 2,
                    "Hash Buckets": 1048576,
                    "Original Hash Buckets": 1048576,
                    "Hash Batches": 1,
                    "Original Hash Batches": 1,
                    "Peak Memory Usage": 31200,
                    "Plans": [
                      {
                        "Node Type": "Hash Join",
                        "Parent Relationship": "Outer",
                        "Parallel Aware": true,
                        "Join Type": "Inner",
                        "Startup Cost": 81758.26,
                        "Total Cost": 111370.41,
                        "Plan Rows": 341035,
                        "Plan Width": 8,
                        "Actual Startup Time": 664.285,
                        "Actual Total Time": 874.634,
                        "Actual Rows": 293917,
                        "Actual Loops": 2,
                        "Inner Unique": true,
                        "Hash Cond": "(mk.movie_id = t.id)",
                        "Plans": [
                          {
                            "Node Type": "Bitmap Heap Scan",
                            "Parent Relationship": "Outer",
                            "Parallel Aware": true,
                            "Relation Name": "movie_keyword",
                            "Alias": "mk",
                            "Startup Cost": 12297.56,
                            "Total Cost": 41014.5,
                            "Plan Rows": 341035,
                            "Plan Width": 4,
                            "Actual Startup Time": 33.185,
                            "Actual Total Time": 124.465,
                            "Actual Rows": 293917,
                            "Actual Loops": 2,
                            "Recheck Cond": "(keyword_id < 429)",
                            "Rows Removed by Index Recheck": 0,
                            "Exact Heap Blocks": 10535,
                            "Lossy Heap Blocks": 0,
                            "Plans": [
                              {
                                "Node Type": "Bitmap Index Scan",
                                "Parent Relationship": "Outer",
                                "Parallel Aware": false,
                                "Index Name": "keyword_id_movie_keyword",
                                "Startup Cost": 0.0,
                                "Total Cost": 12152.63,
                                "Plan Rows": 579759,
                                "Plan Width": 0,
                                "Actual Startup Time": 29.566,
                                "Actual Total Time": 29.566,
                                "Actual Rows": 587834,
                                "Actual Loops": 1,
                                "Index Cond": "(keyword_id < 429)"
                              }
                            ]
                          },
                          {
                            "Node Type": "Hash",
                            "Parent Relationship": "Inner",
                            "Parallel Aware": true,
                            "Startup Cost": 50870.31,
                            "Total Cost": 50870.31,
                            "Plan Rows": 1487231,
                            "Plan Width": 4,
                            "Actual Startup Time": 617.225,
                            "Actual Total Time": 617.226,
                            "Actual Rows": 1264156,
                            "Actual Loops": 2,
                            "Hash Buckets": 4194304,
                            "Original Hash Buckets": 4194304,
                            "Hash Batches": 1,
                            "Original Hash Batches": 1,
                            "Peak Memory Usage": 131712,
                            "Plans": [
                              {
                                "Node Type": "Seq Scan",
                                "Parent Relationship": "Outer",
                                "Parallel Aware": true,
                                "Relation Name": "title",
                                "Alias": "t",
                                "Startup Cost": 0.0,
                                "Total Cost": 50870.31,
                                "Plan Rows": 1487231,
                                "Plan Width": 4,
                                "Actual Startup Time": 0.031,
                                "Actual Total Time": 176.435,
                                "Actual Rows": 1264156,
                                "Actual Loops": 2
                              }
                            ]
                          }
                        ]
                      }
                    ]
                  }
                ]
              }
            ]
          }
        ]
      }
    ]
  },
  "Planning Time": 0.597,
  "Triggers": [],
  "Execution Time": 1668.305
}