[
  {
    "Plan": {
      "Node Type": "Aggregate",
      "Strategy": "Plain",
      "Partial Mode": "Finalize",
      "Parallel Aware": false,
      "Startup Cost": 91101.67,
      "Total Cost": 91101.68,
      "Plan Rows": 1,
      "Plan Width": 8,
      "Actual Startup Time": 96.58,
      "Actual Total Time": 109.529,
      "Actual Rows": 1,
      "Actual Loops": 1,
      "Plans": [
        {
          "Node Type": "Gather",
          "Parent Relationship": "Outer",
          "Parallel Aware": false,
          "Startup Cost": 91101.35,
          "Total Cost": 91101.66,
          "Plan Rows": 3,
          "Plan Width": 8,
          "Actual Startup Time": 96.335,
          "Actual Total Time": 109.522,
          "Actual Rows": 4,
          "Actual Loops": 1,
          "Workers Planned": 3,
          "Workers Launched": 3,
          "Single Copy": false,
          "Plans": [
            {
              "Node Type": "Aggregate",
              "Strategy": "Plain",
              "Partial Mode": "Partial",
              "Parent Relationship": "Outer",
              "Parallel Aware": false,
              "Startup Cost": 90101.35,
              "Total Cost": 90101.36,
              "Plan Rows": 1,
              "Plan Width": 8,
              "Actual Startup Time": 86.893,
              "Actual Total Time": 86.895,
              "Actual Rows": 1,
              "Actual Loops": 4,
              "Plans": [
                {
                  "Node Type": "Nested Loop",
                  "Parent Relationship": "Outer",
                  "Parallel Aware": false,
                  "Join Type": "Inner",
                  "Startup Cost": 738.22,
                  "Total Cost": 90065.93,
                  "Plan Rows": 14166,
                  "Plan Width": 0,
                  "Actual Startup Time": 14.922,
                  "Actual Total Time": 86.837,
                  "Actual Rows": 217,
                  "Actual Loops": 4,
                  "Inner Unique": false,
                  "Plans": [
                    {
                      "Node Type": "Nested Loop",
                      "Parent Relationship": "Outer",
                      "Parallel Aware": false,
                      "Join Type": "Inner",
                      "Startup Cost": 737.66,
                      "Total Cost": 73445.89,
                      "Plan Rows": 6801,
                      "Plan Width": 8,
                      "Actual Startup Time": 13.828,
                      "Actual Total Time": 76.063,
                      "Actual Rows": 42,
                      "Actual Loops": 4,
                      "Inner Unique": true,
                      "Plans": [
                        {
                          "Node Type": "Bitmap Heap Scan",
                          "Parent Relationship": "Outer",
                          "Parallel Aware": true,
                          "Relation Name": "movie_keyword",
                          "Alias": "mk",
                          "Startup Cost": 737.23,
                          "Total Cost": 26590.89,
                          "Plan Rows": 11188,
                          "Plan Width": 4,
                          "Actual Startup Time": 13.581,
                          "Actual Total Time": 31.854,
                          "Actual Rows": 8678,
                          "Actual Loops": 4,
                          "Recheck Cond": "(keyword_id = 2488)",
                          "Rows Removed by Index Recheck": 0,
                          "Exact Heap Blocks": 8134,
                          "Lossy Heap Blocks": 0,
                          "Plans": [
                            {
                              "Node Type": "Bitmap Index Scan",
                              "Parent Relationship": "Outer",
                              "Parallel Aware": false,
                              "Index Name": "keyword_id_movie_keyword",
                              "Startup Cost": 0.0,
                              "Total Cost": 728.55,
                              "Plan Rows": 34683,
                              "Plan Width": 0,
                              "Actual Startup Time": 16.955,
                              "Actual Total Time": 16.955,
                              "Actual Rows": 34710,
                              "Actual Loops": 1,
                              "Index Cond": "(keyword_id = 2488)"
                            }
                          ]
                        },
                        {
                          "Node Type": "Index Scan",
                          "Parent Relationship": "Inner",
                          "Parallel Aware": false,
                          "Scan Direction": "Forward",
                          "Index Name": "title_pkey",
                          "Relation Name": "title",
                          "Alias": "t",
                          "Startup Cost": 0.43,
                          "Total Cost": 4.19,
                          "Plan Rows": 1,
                          "Plan Width": 4,
                          "Actual Startup Time": 0.005,
                          "Actual Total Time": 0.005,
                          "Actual Rows": 0,
                          "Actual Loops": 34710,
                          "Index Cond": "(id = mk.movie_id)",
                          "Rows Removed by Index Recheck": 0,
                          "Filter": "(kind_id = 7)",
                          "Rows Removed by Filter": 1
                        }
                      ]
                    },
                    {
                      "Node Type": "Index Scan",
                      "Parent Relationship": "Inner",
                      "Parallel Aware": false,
                      "Scan Direction": "Forward",
                      "Index Name": "movie_id_cast_info",
                      "Relation Name": "cast_info",
                      "Alias": "ci",
                      "Startup Cost": 0.56,
                      "Total Cost": 2.39,
                      "Plan Rows": 5,
                      "Plan Width": 4,
                      "Actual Startup Time": 0.128,
                      "Actual Total Time": 0.254,
                      "Actual Rows": 5,
                      "Actual Loops": 168,
                      "Index Cond": "(movie_id = t.id)",
                      "Rows Removed by Index Recheck": 0,
                      "Filter": "((person_id > 1019160) AND (role_id = 2))",
                      "Rows Removed by Filter": 24
                    }
                  ]
                }
              ]
            }
          ]
        }
      ]
    },
    "Planning Time": 1.352,
    "Triggers": [],
    "Execution Time": 109.671
  }
]