[
    {
        "Bao": {
            "Bao prediction": "NaN",
            "Bao recommended hint": "(no hint)"
        }
    },
    {
        "Plan": {
            "Node Type": "Aggregate",
            "Strategy": "Plain",
            "Partial Mode": "Finalize",
            "Parallel Aware": false,
            "Startup Cost": 31470.43,
            "Total Cost": 31470.44,
            "Plan Rows": 1,
            "Plan Width": 8,
            "Actual Startup Time": 116.566,
            "Actual Total Time": 122.261,
            "Actual Rows": 1,
            "Actual Loops": 1,
            "Output": [
                "count(*)"
            ],
            "Plans": [
                {
                    "Node Type": "Gather",
                    "Parent Relationship": "Outer",
                    "Parallel Aware": false,
                    "Startup Cost": 31470.11,
                    "Total Cost": 31470.42,
                    "Plan Rows": 3,
                    "Plan Width": 8,
                    "Actual Startup Time": 116.468,
                    "Actual Total Time": 122.255,
                    "Actual Rows": 4,
                    "Actual Loops": 1,
                    "Output": [
                        "(PARTIAL count(*))"
                    ],
                    "Workers Planned": 3,
                    "Workers Launched": 3,
                    "Single Copy": false,
                    "Plans": [
                        {
                            "Node Type": "Aggregate",
                            "Strategy": "Plain",
                            "Partial Mode": "Partial",
                            "Parent Relationship": "Outer",
                            "Parallel Aware": false,
                            "Startup Cost": 30470.11,
                            "Total Cost": 30470.12,
                            "Plan Rows": 1,
                            "Plan Width": 8,
                            "Actual Startup Time": 108.272,
                            "Actual Total Time": 108.273,
                            "Actual Rows": 1,
                            "Actual Loops": 4,
                            "Output": [
                                "PARTIAL count(*)"
                            ],
                            "Workers": [
                                {
                                    "Worker Number": 0,
                                    "Actual Startup Time": 105.402,
                                    "Actual Total Time": 105.403,
                                    "Actual Rows": 1,
                                    "Actual Loops": 1
                                },
                                {
                                    "Worker Number": 1,
                                    "Actual Startup Time": 105.586,
                                    "Actual Total Time": 105.587,
                                    "Actual Rows": 1,
                                    "Actual Loops": 1
                                },
                                {
                                    "Worker Number": 2,
                                    "Actual Startup Time": 106.038,
                                    "Actual Total Time": 106.039,
                                    "Actual Rows": 1,
                                    "Actual Loops": 1
                                }
                            ],
                            "Plans": [
                                {
                                    "Node Type": "Seq Scan",
                                    "Parent Relationship": "Outer",
                                    "Parallel Aware": true,
                                    "Relation Name": "movie_companies",
                                    "Schema": "public",
                                    "Alias": "mc",
                                    "Startup Cost": 0.0,
                                    "Total Cost": 29310.68,
                                    "Plan Rows": 463771,
                                    "Plan Width": 0,
                                    "Actual Startup Time": 16.589,
                                    "Actual Total Time": 88.972,
                                    "Actual Rows": 360148,
                                    "Actual Loops": 4,
                                    "Output": [
                                        "id",
                                        "movie_id",
                                        "company_id",
                                        "company_type_id",
                                        "note"
                                    ],
                                    "Filter": "(mc.company_id > 9749)",
                                    "Rows Removed by Filter": 292134,
                                    "Workers": [
                                        {
                                            "Worker Number": 0,
                                            "Actual Startup Time": 13.713,
                                            "Actual Total Time": 86.621,
                                            "Actual Rows": 271325,
                                            "Actual Loops": 1
                                        },
                                        {
                                            "Worker Number": 1,
                                            "Actual Startup Time": 13.936,
                                            "Actual Total Time": 87.119,
                                            "Actual Rows": 411887,
                                            "Actual Loops": 1
                                        },
                                        {
                                            "Worker Number": 2,
                                            "Actual Startup Time": 14.354,
                                            "Actual Total Time": 87.218,
                                            "Actual Rows": 271582,
                                            "Actual Loops": 1
                                        }
                                    ]
                                }
                            ]
                        }
                    ]
                }
            ]
        },
        "Planning Time": 222.371,
        "Triggers": [],
        "Execution Time": 122.317
    }
]