[
  {
    "Plan": {
      "Node Type": "Aggregate",
      "Strategy": "Plain",
      "Partial Mode": "Finalize",
      "Parallel Aware": false,
      "Startup Cost": 30916.03,
      "Total Cost": 30916.04,
      "Plan Rows": 1,
      "Plan Width": 8,
      "Actual Startup Time": 98.034,
      "Actual Total Time": 106.922,
      "Actual Rows": 1,
      "Actual Loops": 1,
      "Plans": [
        {
          "Node Type": "Gather",
          "Parent Relationship": "Outer",
          "Parallel Aware": false,
          "Startup Cost": 30915.71,
          "Total Cost": 30916.02,
          "Plan Rows": 3,
          "Plan Width": 8,
          "Actual Startup Time": 97.781,
          "Actual Total Time": 106.913,
          "Actual Rows": 4,
          "Actual Loops": 1,
          "Workers Planned": 3,
          "Workers Launched": 3,
          "Single Copy": false,
          "Plans": [
            {
              "Node Type": "Aggregate",
              "Strategy": "Plain",
              "Partial Mode": "Partial",
              "Parent Relationship": "Outer",
              "Parallel Aware": false,
              "Startup Cost": 29915.71,
              "Total Cost": 29915.72,
              "Plan Rows": 1,
              "Plan Width": 8,
              "Actual Startup Time": 88.993,
              "Actual Total Time": 88.994,
              "Actual Rows": 1,
              "Actual Loops": 4,
              "Plans": [
                {
                  "Node Type": "Seq Scan",
                  "Parent Relationship": "Outer",
                  "Parallel Aware": true,
                  "Relation Name": "movie_companies",
                  "Alias": "mc",
                  "Startup Cost": 0.0,
                  "Total Cost": 29310.68,
                  "Plan Rows": 242011,
                  "Plan Width": 0,
                  "Actual Startup Time": 0.036,
                  "Actual Total Time": 76.444,
                  "Actual Rows": 187032,
                  "Actual Loops": 4,
                  "Filter": "(company_id < 1454)",
                  "Rows Removed by Filter": 465250
                }
              ]
            }
          ]
        }
      ]
    },
    "Planning Time": 0.199,
    "Triggers": [],
    "Execution Time": 106.976
  }
]