[
  {
    "Plan": {
      "Node Type": "Aggregate",
      "Strategy": "Plain",
      "Partial Mode": "Finalize",
      "Parallel Aware": false,
      "Startup Cost": 30919.13,
      "Total Cost": 30919.14,
      "Plan Rows": 1,
      "Plan Width": 8,
      "Actual Startup Time": 88.681,
      "Actual Total Time": 97.097,
      "Actual Rows": 1,
      "Actual Loops": 1,
      "Plans": [
        {
          "Node Type": "Gather",
          "Parent Relationship": "Outer",
          "Parallel Aware": false,
          "Startup Cost": 30918.82,
          "Total Cost": 30919.13,
          "Plan Rows": 3,
          "Plan Width": 8,
          "Actual Startup Time": 88.567,
          "Actual Total Time": 97.088,
          "Actual Rows": 4,
          "Actual Loops": 1,
          "Workers Planned": 3,
          "Workers Launched": 3,
          "Single Copy": false,
          "Plans": [
            {
              "Node Type": "Aggregate",
              "Strategy": "Plain",
              "Partial Mode": "Partial",
              "Parent Relationship": "Outer",
              "Parallel Aware": false,
              "Startup Cost": 29918.82,
              "Total Cost": 29918.83,
              "Plan Rows": 1,
              "Plan Width": 8,
              "Actual Startup Time": 84.21,
              "Actual Total Time": 84.211,
              "Actual Rows": 1,
              "Actual Loops": 4,
              "Plans": [
                {
                  "Node Type": "Seq Scan",
                  "Parent Relationship": "Outer",
                  "Parallel Aware": true,
                  "Relation Name": "movie_companies",
                  "Alias": "mc",
                  "Startup Cost": 0.0,
                  "Total Cost": 29310.68,
                  "Plan Rows": 243254,
                  "Plan Width": 0,
                  "Actual Startup Time": 0.031,
                  "Actual Total Time": 73.422,
                  "Actual Rows": 187032,
                  "Actual Loops": 4,
                  "Filter": "(company_id < 1454)",
                  "Rows Removed by Filter": 465250
                }
              ]
            }
          ]
        }
      ]
    },
    "Planning Time": 0.126,
    "Triggers": [],
    "Execution Time": 97.137
  }
]