[
  {
    "Plan": {
      "Node Type": "Aggregate",
      "Strategy": "Plain",
      "Partial Mode": "Finalize",
      "Parallel Aware": false,
      "Startup Cost": 31958.49,
      "Total Cost": 31958.5,
      "Plan Rows": 1,
      "Plan Width": 8,
      "Actual Startup Time": 117.977,
      "Actual Total Time": 125.916,
      "Actual Rows": 1,
      "Actual Loops": 1,
      "Plans": [
        {
          "Node Type": "Gather",
          "Parent Relationship": "Outer",
          "Parallel Aware": false,
          "Startup Cost": 31958.17,
          "Total Cost": 31958.48,
          "Plan Rows": 3,
          "Plan Width": 8,
          "Actual Startup Time": 117.883,
          "Actual Total Time": 125.907,
          "Actual Rows": 4,
          "Actual Loops": 1,
          "Workers Planned": 3,
          "Workers Launched": 3,
          "Single Copy": false,
          "Plans": [
            {
              "Node Type": "Aggregate",
              "Strategy": "Plain",
              "Partial Mode": "Partial",
              "Parent Relationship": "Outer",
              "Parallel Aware": false,
              "Startup Cost": 30958.17,
              "Total Cost": 30958.18,
              "Plan Rows": 1,
              "Plan Width": 8,
              "Actual Startup Time": 109.06,
              "Actual Total Time": 109.06,
              "Actual Rows": 1,
              "Actual Loops": 4,
              "Plans": [
                {
                  "Node Type": "Seq Scan",
                  "Parent Relationship": "Outer",
                  "Parallel Aware": true,
                  "Relation Name": "movie_companies",
                  "Alias": "mc",
                  "Startup Cost": 0.0,
                  "Total Cost": 29310.68,
                  "Plan Rows": 658996,
                  "Plan Width": 0,
                  "Actual Startup Time": 0.389,
                  "Actual Total Time": 85.902,
                  "Actual Rows": 512319,
                  "Actual Loops": 4,
                  "Filter": "(company_id > 594)",
                  "Rows Removed by Filter": 139963
                }
              ]
            }
          ]
        }
      ]
    },
    "Planning Time": 0.188,
    "Triggers": [],
    "Execution Time": 125.972
  }
]