[
  {
    "Plan": {
      "Node Type": "Aggregate",
      "Strategy": "Plain",
      "Partial Mode": "Finalize",
      "Parallel Aware": false,
      "Startup Cost": 46866.66,
      "Total Cost": 46866.67,
      "Plan Rows": 1,
      "Plan Width": 8,
      "Actual Startup Time": 164.59,
      "Actual Total Time": 174.395,
      "Actual Rows": 1,
      "Actual Loops": 1,
      "Plans": [
        {
          "Node Type": "Gather",
          "Parent Relationship": "Outer",
          "Parallel Aware": false,
          "Startup Cost": 46866.34,
          "Total Cost": 46866.65,
          "Plan Rows": 3,
          "Plan Width": 8,
          "Actual Startup Time": 164.487,
          "Actual Total Time": 174.386,
          "Actual Rows": 4,
          "Actual Loops": 1,
          "Workers Planned": 3,
          "Workers Launched": 3,
          "Single Copy": false,
          "Plans": [
            {
              "Node Type": "Aggregate",
              "Strategy": "Plain",
              "Partial Mode": "Partial",
              "Parent Relationship": "Outer",
              "Parallel Aware": false,
              "Startup Cost": 45866.34,
              "Total Cost": 45866.35,
              "Plan Rows": 1,
              "Plan Width": 8,
              "Actual Startup Time": 159.452,
              "Actual Total Time": 159.454,
              "Actual Rows": 1,
              "Actual Loops": 4,
              "Plans": [
                {
                  "Node Type": "Seq Scan",
                  "Parent Relationship": "Outer",
                  "Parallel Aware": true,
                  "Relation Name": "movie_keyword",
                  "Alias": "mk",
                  "Startup Cost": 0.0,
                  "Total Cost": 42695.65,
                  "Plan Rows": 1268274,
                  "Plan Width": 0,
                  "Actual Startup Time": 0.036,
                  "Actual Total Time": 118.678,
                  "Actual Rows": 986002,
                  "Actual Loops": 4,
                  "Filter": "(keyword_id < 31619)",
                  "Rows Removed by Filter": 144980
                }
              ]
            }
          ]
        }
      ]
    },
    "Planning Time": 0.147,
    "Triggers": [],
    "Execution Time": 174.445
  }
]