[
  {
    "Plan": {
      "Node Type": "Aggregate",
      "Strategy": "Plain",
      "Partial Mode": "Finalize",
      "Parallel Aware": false,
      "Startup Cost": 47736.82,
      "Total Cost": 47736.83,
      "Plan Rows": 1,
      "Plan Width": 8,
      "Actual Startup Time": 194.137,
      "Actual Total Time": 201.957,
      "Actual Rows": 1,
      "Actual Loops": 1,
      "Plans": [
        {
          "Node Type": "Gather",
          "Parent Relationship": "Outer",
          "Parallel Aware": false,
          "Startup Cost": 47736.61,
          "Total Cost": 47736.82,
          "Plan Rows": 2,
          "Plan Width": 8,
          "Actual Startup Time": 189.638,
          "Actual Total Time": 201.95,
          "Actual Rows": 3,
          "Actual Loops": 1,
          "Workers Planned": 2,
          "Workers Launched": 2,
          "Single Copy": false,
          "Plans": [
            {
              "Node Type": "Aggregate",
              "Strategy": "Plain",
              "Partial Mode": "Partial",
              "Parent Relationship": "Outer",
              "Parallel Aware": false,
              "Startup Cost": 46736.61,
              "Total Cost": 46736.62,
              "Plan Rows": 1,
              "Plan Width": 8,
              "Actual Startup Time": 184.579,
              "Actual Total Time": 184.584,
              "Actual Rows": 1,
              "Actual Loops": 3,
              "Plans": [
                {
                  "Node Type": "Nested Loop",
                  "Parent Relationship": "Outer",
                  "Parallel Aware": false,
                  "Join Type": "Inner",
                  "Startup Cost": 21080.49,
                  "Total Cost": 46731.12,
                  "Plan Rows": 2195,
                  "Plan Width": 0,
                  "Actual Startup Time": 153.708,
                  "Actual Total Time": 184.176,
                  "Actual Rows": 5370,
                  "Actual Loops": 3,
                  "Inner Unique": true,
                  "Plans": [
                    {
                      "Node Type": "Hash Join",
                      "Parent Relationship": "Outer",
                      "Parallel Aware": true,
                      "Join Type": "Inner",
                      "Startup Cost": 21080.06,
                      "Total Cost": 39556.64,
                      "Plan Rows": 12414,
                      "Plan Width": 8,
                      "Actual Startup Time": 153.646,
                      "Actual Total Time": 165.253,
                      "Actual Rows": 5370,
                      "Actual Loops": 3,
                      "Inner Unique": false,
                      "Hash Cond": "(mk.movie_id = mi_idx.movie_id)",
                      "Plans": [
                        {
                          "Node Type": "Bitmap Heap Scan",
                          "Parent Relationship": "Outer",
                          "Parallel Aware": true,
                          "Relation Name": "movie_keyword",
                          "Alias": "mk",
                          "Startup Cost": 207.23,
                          "Total Cost": 18617.01,
                          "Plan Rows": 4021,
                          "Plan Width": 4,
                          "Actual Startup Time": 1.956,
                          "Actual Total Time": 9.336,
                          "Actual Rows": 2564,
                          "Actual Loops": 3,
                          "Recheck Cond": "(keyword_id = 186)",
                          "Rows Removed by Index Recheck": 0,
                          "Exact Heap Blocks": 2776,
                          "Lossy Heap Blocks": 0,
                          "Plans": [
                            {
                              "Node Type": "Bitmap Index Scan",
                              "Parent Relationship": "Outer",
                              "Parallel Aware": false,
                              "Index Name": "keyword_id_movie_keyword",
                              "Startup Cost": 0.0,
                              "Total Cost": 204.81,
                              "Plan Rows": 9651,
                              "Plan Width": 0,
                              "Actual Startup Time": 1.22,
                              "Actual Total Time": 1.22,
                              "Actual Rows": 7692,
                              "Actual Loops": 1,
                              "Index Cond": "(keyword_id = 186)"
                            }
                          ]
                        },
                        {
                          "Node Type": "Hash",
                          "Parent Relationship": "Inner",
                          "Parallel Aware": true,
                          "Startup Cost": 13685.15,
                          "Total Cost": 13685.15,
                          "Plan Rows": 575015,
                          "Plan Width": 4,
                          "Actual Startup Time": 145.813,
                          "Actual Total Time": 145.814,
                          "Actual Rows": 460012,
                          "Actual Loops": 3,
                          "Hash Buckets": 2097152,
                          "Original Hash Buckets": 2097152,
                          "Hash Batches": 1,
                          "Original Hash Batches": 1,
                          "Peak Memory Usage": 70432,
                          "Plans": [
                            {
                              "Node Type": "Seq Scan",
                              "Parent Relationship": "Outer",
                              "Parallel Aware": true,
                              "Relation Name": "movie_info_idx",
                              "Alias": "mi_idx",
                              "Startup Cost": 0.0,
                              "Total Cost": 13685.15,
                              "Plan Rows": 575015,
                              "Plan Width": 4,
                              "Actual Startup Time": 0.024,
                              "Actual Total Time": 49.433,
                              "Actual Rows": 460012,
                              "Actual Loops": 3
                            }
                          ]
                        }
                      ]
                    },
                    {
                      "Node Type": "Index Only Scan",
                      "Parent Relationship": "Inner",
                      "Parallel Aware": false,
                      "Scan Direction": "Forward",
                      "Index Name": "title_pkey",
                      "Relation Name": "title",
                      "Alias": "t",
                      "Startup Cost": 0.43,
                      "Total Cost": 0.58,
                      "Plan Rows": 1,
                      "Plan Width": 4,
                      "Actual Startup Time": 0.003,
                      "Actual Total Time": 0.003,
                      "Actual Rows": 1,
                      "Actual Loops": 16110,
                      "Index Cond": "(id = mi_idx.movie_id)",
                      "Rows Removed by Index Recheck": 0,
                      "Heap Fetches": 16110
                    }
                  ]
                }
              ]
            }
          ]
        }
      ]
    },
    "Planning Time": 0.438,
    "Triggers": [],
    "Execution Time": 202.005
  }
]