[
  {
    "Plan": {
      "Node Type": "Aggregate",
      "Strategy": "Plain",
      "Partial Mode": "Finalize",
      "Parallel Aware": false,
      "Startup Cost": 254162.61,
      "Total Cost": 254162.62,
      "Plan Rows": 1,
      "Plan Width": 8,
      "Actual Startup Time": 198.192,
      "Actual Total Time": 237.832,
      "Actual Rows": 1,
      "Actual Loops": 1,
      "Plans": [
        {
          "Node Type": "Gather",
          "Parent Relationship": "Outer",
          "Parallel Aware": false,
          "Startup Cost": 254162.19,
          "Total Cost": 254162.6,
          "Plan Rows": 4,
          "Plan Width": 8,
          "Actual Startup Time": 197.899,
          "Actual Total Time": 237.82,
          "Actual Rows": 5,
          "Actual Loops": 1,
          "Workers Planned": 4,
          "Workers Launched": 4,
          "Single Copy": false,
          "Plans": [
            {
              "Node Type": "Aggregate",
              "Strategy": "Plain",
              "Partial Mode": "Partial",
              "Parent Relationship": "Outer",
              "Parallel Aware": false,
              "Startup Cost": 253162.19,
              "Total Cost": 253162.2,
              "Plan Rows": 1,
              "Plan Width": 8,
              "Actual Startup Time": 189.052,
              "Actual Total Time": 189.055,
              "Actual Rows": 1,
              "Actual Loops": 5,
              "Plans": [
                {
                  "Node Type": "Nested Loop",
                  "Parent Relationship": "Outer",
                  "Parallel Aware": false,
                  "Join Type": "Inner",
                  "Startup Cost": 0.56,
                  "Total Cost": 253138.86,
                  "Plan Rows": 9332,
                  "Plan Width": 0,
                  "Actual Startup Time": 59.616,
                  "Actual Total Time": 188.566,
                  "Actual Rows": 4009,
                  "Actual Loops": 5,
                  "Inner Unique": false,
                  "Plans": [
                    {
                      "Node Type": "Seq Scan",
                      "Parent Relationship": "Outer",
                      "Parallel Aware": true,
                      "Relation Name": "title",
                      "Alias": "t",
                      "Startup Cost": 0.0,
                      "Total Cost": 45479.59,
                      "Plan Rows": 2278,
                      "Plan Width": 4,
                      "Actual Startup Time": 58.099,
                      "Actual Total Time": 84.069,
                      "Actual Rows": 1172,
                      "Actual Loops": 5,
                      "Filter": "((kind_id = 1) AND (production_year = 1996))",
                      "Rows Removed by Filter": 504490
                    },
                    {
                      "Node Type": "Index Scan",
                      "Parent Relationship": "Inner",
                      "Parallel Aware": false,
                      "Scan Direction": "Forward",
                      "Index Name": "movie_id_cast_info",
                      "Relation Name": "cast_info",
                      "Alias": "ci",
                      "Startup Cost": 0.56,
                      "Total Cost": 91.06,
                      "Plan Rows": 10,
                      "Plan Width": 4,
                      "Actual Startup Time": 0.044,
                      "Actual Total Time": 0.088,
                      "Actual Rows": 3,
                      "Actual Loops": 5862,
                      "Index Cond": "(movie_id = t.id)",
                      "Rows Removed by Index Recheck": 0,
                      "Filter": "((person_id > 1764921) AND (role_id < 3))",
                      "Rows Removed by Filter": 17
                    }
                  ]
                }
              ]
            }
          ]
        }
      ]
    },
    "Planning Time": 0.407,
    "Triggers": [],
    "Execution Time": 237.894
  }
]