[
  {
    "Plan": {
      "Node Type": "Aggregate",
      "Strategy": "Plain",
      "Partial Mode": "Finalize",
      "Parallel Aware": false,
      "Startup Cost": 33001.65,
      "Total Cost": 33001.66,
      "Plan Rows": 1,
      "Plan Width": 8,
      "Actual Startup Time": 129.186,
      "Actual Total Time": 155.042,
      "Actual Rows": 1,
      "Actual Loops": 1,
      "Plans": [
        {
          "Node Type": "Gather",
          "Parent Relationship": "Outer",
          "Parallel Aware": false,
          "Startup Cost": 33001.44,
          "Total Cost": 33001.65,
          "Plan Rows": 2,
          "Plan Width": 8,
          "Actual Startup Time": 127.435,
          "Actual Total Time": 155.033,
          "Actual Rows": 3,
          "Actual Loops": 1,
          "Workers Planned": 2,
          "Workers Launched": 2,
          "Single Copy": false,
          "Plans": [
            {
              "Node Type": "Aggregate",
              "Strategy": "Plain",
              "Partial Mode": "Partial",
              "Parent Relationship": "Outer",
              "Parallel Aware": false,
              "Startup Cost": 32001.44,
              "Total Cost": 32001.45,
              "Plan Rows": 1,
              "Plan Width": 8,
              "Actual Startup Time": 119.8,
              "Actual Total Time": 119.802,
              "Actual Rows": 1,
              "Actual Loops": 3,
              "Plans": [
                {
                  "Node Type": "Nested Loop",
                  "Parent Relationship": "Outer",
                  "Parallel Aware": false,
                  "Join Type": "Inner",
                  "Startup Cost": 83.8,
                  "Total Cost": 31963.77,
                  "Plan Rows": 15068,
                  "Plan Width": 0,
                  "Actual Startup Time": 1.639,
                  "Actual Total Time": 116.124,
                  "Actual Rows": 48270,
                  "Actual Loops": 3,
                  "Inner Unique": false,
                  "Plans": [
                    {
                      "Node Type": "Nested Loop",
                      "Parent Relationship": "Outer",
                      "Parallel Aware": false,
                      "Join Type": "Inner",
                      "Startup Cost": 83.24,
                      "Total Cost": 29179.4,
                      "Plan Rows": 1052,
                      "Plan Width": 8,
                      "Actual Startup Time": 1.41,
                      "Actual Total Time": 14.008,
                      "Actual Rows": 996,
                      "Actual Loops": 3,
                      "Inner Unique": true,
                      "Plans": [
                        {
                          "Node Type": "Bitmap Heap Scan",
                          "Parent Relationship": "Outer",
                          "Parallel Aware": true,
                          "Relation Name": "movie_info",
                          "Alias": "mi",
                          "Startup Cost": 82.81,
                          "Total Cost": 15452.21,
                          "Plan Rows": 1848,
                          "Plan Width": 4,
                          "Actual Startup Time": 1.258,
                          "Actual Total Time": 3.806,
                          "Actual Rows": 1446,
                          "Actual Loops": 3,
                          "Recheck Cond": "(info_type_id = 35)",
                          "Rows Removed by Index Recheck": 0,
                          "Exact Heap Blocks": 1106,
                          "Lossy Heap Blocks": 0,
                          "Plans": [
                            {
                              "Node Type": "Bitmap Index Scan",
                              "Parent Relationship": "Outer",
                              "Parallel Aware": false,
                              "Index Name": "info_type_id_movie_info",
                              "Startup Cost": 0.0,
                              "Total Cost": 81.7,
                              "Plan Rows": 4435,
                              "Plan Width": 0,
                              "Actual Startup Time": 2.747,
                              "Actual Total Time": 2.747,
                              "Actual Rows": 4339,
                              "Actual Loops": 1,
                              "Index Cond": "(info_type_id = 35)"
                            }
                          ]
                        },
                        {
                          "Node Type": "Index Scan",
                          "Parent Relationship": "Inner",
                          "Parallel Aware": false,
                          "Scan Direction": "Forward",
                          "Index Name": "title_pkey",
                          "Relation Name": "title",
                          "Alias": "t",
                          "Startup Cost": 0.43,
                          "Total Cost": 7.43,
                          "Plan Rows": 1,
                          "Plan Width": 4,
                          "Actual Startup Time": 0.007,
                          "Actual Total Time": 0.007,
                          "Actual Rows": 1,
                          "Actual Loops": 4339,
                          "Index Cond": "(id = mi.movie_id)",
                          "Rows Removed by Index Recheck": 0,
                          "Filter": "(production_year > 1999)",
                          "Rows Removed by Filter": 0
                        }
                      ]
                    },
                    {
                      "Node Type": "Index Only Scan",
                      "Parent Relationship": "Inner",
                      "Parallel Aware": false,
                      "Scan Direction": "Forward",
                      "Index Name": "movie_id_cast_info",
                      "Relation Name": "cast_info",
                      "Alias": "ci",
                      "Startup Cost": 0.56,
                      "Total Cost": 2.28,
                      "Plan Rows": 37,
                      "Plan Width": 4,
                      "Actual Startup Time": 0.01,
                      "Actual Total Time": 0.098,
                      "Actual Rows": 48,
                      "Actual Loops": 2988,
                      "Index Cond": "(movie_id = t.id)",
                      "Rows Removed by Index Recheck": 0,
                      "Heap Fetches": 144809
                    }
                  ]
                }
              ]
            }
          ]
        }
      ]
    },
    "Planning Time": 1.309,
    "Triggers": [],
    "Execution Time": 155.147
  }
]