{
  "Plan": {
    "Node Type": "Aggregate",
    "Strategy": "Plain",
    "Partial Mode": "Finalize",
    "Parallel Aware": false,
    "Startup Cost": 437761.11,
    "Total Cost": 437761.12,
    "Plan Rows": 1,
    "Plan Width": 8,
    "Actual Startup Time": 3426.817,
    "Actual Total Time": 3473.469,
    "Actual Rows": 1,
    "Actual Loops": 1,
    "Plans": [
      {
        "Node Type": "Gather",
        "Parent Relationship": "Outer",
        "Parallel Aware": false,
        "Startup Cost": 437761.0,
        "Total Cost": 437761.11,
        "Plan Rows": 1,
        "Plan Width": 8,
        "Actual Startup Time": 3416.012,
        "Actual Total Time": 3473.459,
        "Actual Rows": 2,
        "Actual Loops": 1,
        "Workers Planned": 1,
        "Workers Launched": 1,
        "Single Copy": false,
        "Plans": [
          {
            "Node Type": "Aggregate",
            "Strategy": "Plain",
            "Partial Mode": "Partial",
            "Parent Relationship": "Outer",
            "Parallel Aware": false,
            "Startup Cost": 436761.0,
            "Total Cost": 436761.01,
            "Plan Rows": 1,
            "Plan Width": 8,
            "Actual Startup Time": 3404.041,
            "Actual Total Time": 3404.668,
            "Actual Rows": 1,
            "Actual Loops": 2,
            "Plans": [
              {
                "Node Type": "Hash Join",
                "Parent Relationship": "Outer",
                "Parallel Aware": true,
                "Join Type": "Inner",
                "Startup Cost": 354888.66,
                "Total Cost": 431687.35,
                "Plan Rows": 2029461,
                "Plan Width": 0,
                "Actual Startup Time": 2422.803,
                "Actual Total Time": 3178.784,
                "Actual Rows": 4754825,
                "Actual Loops": 2,
                "Inner Unique": false,
                "Hash Cond": "(mk.movie_id = t.id)",
                "Plans": [
                  {
                    "Node Type": "Seq Scan",
                    "Parent Relationship": "Outer",
                    "Parallel Aware": true,
                    "Relation Name": "movie_keyword",
                    "Alias": "mk",
                    "Startup Cost": 0.0,
                    "Total Cost": 57718.19,
                    "Plan Rows": 1428497,
                    "Plan Width": 4,
                    "Actual Startup Time": 0.027,
                    "Actual Total Time": 210.045,
                    "Actual Rows": 1213700,
                    "Actual Loops": 2,
                    "Filter": "(keyword_id < 5758)",
                    "Rows Removed by Filter": 1048265
                  },
                  {
                    "Node Type": "Hash",
                    "Parent Relationship": "Inner",
                    "Parallel Aware": true,
                    "Startup Cost": 328477.35,
                    "Total Cost": 328477.35,
                    "Plan Rows": 2112905,
                    "Plan Width": 8,
                    "Actual Startup Time": 2400.656,
                    "Actual Total Time": 2401.281,
                    "Actual Rows": 1812488,
                    "Actual Loops": 2,
                    "Hash Buckets": 4194304,
                    "Original Hash Buckets": 4194304,
                    "Hash Batches": 1,
                    "Original Hash Batches": 1,
                    "Peak Memory Usage": 174592,
                    "Plans": [
                      {
                        "Node Type": "Hash Join",
                        "Parent Relationship": "Outer",
                        "Parallel Aware": true,
                        "Join Type": "Inner",
                        "Startup Cost": 134526.65,
                        "Total Cost": 328477.35,
                        "Plan Rows": 2112905,
                        "Plan Width": 8,
                        "Actual Startup Time": 775.195,
                        "Actual Total Time": 1797.651,
                        "Actual Rows": 1812488,
                        "Actual Loops": 2,
                        "Inner Unique": true,
                        "Hash Cond": "(mi.movie_id = t.id)",
                        "Plans": [
                          {
                            "Node Type": "Bitmap Heap Scan",
                            "Parent Relationship": "Outer",
                            "Parallel Aware": true,
                            "Relation Name": "movie_info",
                            "Alias": "mi",
                            "Startup Cost": 65065.95,
                            "Total Cost": 253470.26,
                            "Plan Rows": 2112905,
                            "Plan Width": 4,
                            "Actual Startup Time": 125.609,
                            "Actual Total Time": 334.556,
                            "Actual Rows": 1812488,
                            "Actual Loops": 2,
                            "Recheck Cond": "(info_type_id < 4)",
                            "Rows Removed by Index Recheck": 0,
                            "Exact Heap Blocks": 14034,
                            "Lossy Heap Blocks": 0,
                            "Plans": [
                              {
                                "Node Type": "Bitmap Index Scan",
                                "Parent Relationship": "Outer",
                                "Parallel Aware": false,
                                "Index Name": "info_type_id_movie_info",
                                "Startup Cost": 0.0,
                                "Total Cost": 64167.97,
                                "Plan Rows": 3591938,
                                "Plan Width": 0,
                                "Actual Startup Time": 122.068,
                                "Actual Total Time": 122.068,
                                "Actual Rows": 3624977,
                                "Actual Loops": 1,
                                "Index Cond": "(info_type_id < 4)"
                              }
                            ]
                          },
                          {
                            "Node Type": "Hash",
                            "Parent Relationship": "Inner",
                            "Parallel Aware": true,
                            "Startup Cost": 50870.31,
                            "Total Cost": 50870.31,
                            "Plan Rows": 1487231,
                            "Plan Width": 4,
                            "Actual Startup Time": 637.509,
                            "Actual Total Time": 637.51,
                            "Actual Rows": 1264156,
                            "Actual Loops": 2,
                            "Hash Buckets": 4194304,
                            "Original Hash Buckets": 4194304,
                            "Hash Batches": 1,
                            "Original Hash Batches": 1,
                            "Peak Memory Usage": 131712,
                            "Plans": [
                              {
                                "Node Type": "Seq Scan",
                                "Parent Relationship": "Outer",
                                "Parallel Aware": true,
                                "Relation Name": "title",
                                "Alias": "t",
                                "Startup Cost": 0.0,
                                "Total Cost": 50870.31,
                                "Plan Rows": 1487231,
                                "Plan Width": 4,
                                "Actual Startup Time": 0.039,
                                "Actual Total Time": 194.271,
                                "Actual Rows": 1264156,
                                "Actual Loops": 2
                              }
                            ]
                          }
                        ]
                      }
                    ]
                  }
                ]
              }
            ]
          }
        ]
      }
    ]
  },
  "Planning Time": 1.077,
  "Triggers": [],
  "Execution Time": 3473.578
}