[
    {
        "Bao": {
            "Bao prediction": "NaN",
            "Bao recommended hint": "(no hint)"
        }
    },
    {
        "Plan": {
            "Node Type": "Aggregate",
            "Strategy": "Plain",
            "Partial Mode": "Finalize",
            "Parallel Aware": false,
            "Startup Cost": 44147.6,
            "Total Cost": 44147.61,
            "Plan Rows": 1,
            "Plan Width": 8,
            "Actual Startup Time": 139.42,
            "Actual Total Time": 146.863,
            "Actual Rows": 1,
            "Actual Loops": 1,
            "Output": [
                "count(*)"
            ],
            "Plans": [
                {
                    "Node Type": "Gather",
                    "Parent Relationship": "Outer",
                    "Parallel Aware": false,
                    "Startup Cost": 44147.28,
                    "Total Cost": 44147.59,
                    "Plan Rows": 3,
                    "Plan Width": 8,
                    "Actual Startup Time": 139.169,
                    "Actual Total Time": 146.854,
                    "Actual Rows": 4,
                    "Actual Loops": 1,
                    "Output": [
                        "(PARTIAL count(*))"
                    ],
                    "Workers Planned": 3,
                    "Workers Launched": 3,
                    "Single Copy": false,
                    "Plans": [
                        {
                            "Node Type": "Aggregate",
                            "Strategy": "Plain",
                            "Partial Mode": "Partial",
                            "Parent Relationship": "Outer",
                            "Parallel Aware": false,
                            "Startup Cost": 43147.28,
                            "Total Cost": 43147.29,
                            "Plan Rows": 1,
                            "Plan Width": 8,
                            "Actual Startup Time": 130.511,
                            "Actual Total Time": 130.513,
                            "Actual Rows": 1,
                            "Actual Loops": 4,
                            "Output": [
                                "PARTIAL count(*)"
                            ],
                            "Workers": [
                                {
                                    "Worker Number": 0,
                                    "Actual Startup Time": 127.655,
                                    "Actual Total Time": 127.657,
                                    "Actual Rows": 1,
                                    "Actual Loops": 1
                                },
                                {
                                    "Worker Number": 1,
                                    "Actual Startup Time": 127.563,
                                    "Actual Total Time": 127.565,
                                    "Actual Rows": 1,
                                    "Actual Loops": 1
                                },
                                {
                                    "Worker Number": 2,
                                    "Actual Startup Time": 127.933,
                                    "Actual Total Time": 127.934,
                                    "Actual Rows": 1,
                                    "Actual Loops": 1
                                }
                            ],
                            "Plans": [
                                {
                                    "Node Type": "Bitmap Heap Scan",
                                    "Parent Relationship": "Outer",
                                    "Parallel Aware": true,
                                    "Relation Name": "movie_keyword",
                                    "Schema": "public",
                                    "Alias": "mk",
                                    "Startup Cost": 15221.34,
                                    "Total Cost": 42568.63,
                                    "Plan Rows": 231463,
                                    "Plan Width": 0,
                                    "Actual Startup Time": 41.984,
                                    "Actual Total Time": 121.061,
                                    "Actual Rows": 176302,
                                    "Actual Loops": 4,
                                    "Recheck Cond": "(mk.keyword_id > 26753)",
                                    "Rows Removed by Index Recheck": 0,
                                    "Exact Heap Blocks": 9550,
                                    "Lossy Heap Blocks": 0,
                                    "Workers": [
                                        {
                                            "Worker Number": 0,
                                            "Actual Startup Time": 39.201,
                                            "Actual Total Time": 118.87,
                                            "Actual Rows": 141886,
                                            "Actual Loops": 1
                                        },
                                        {
                                            "Worker Number": 1,
                                            "Actual Startup Time": 39.352,
                                            "Actual Total Time": 119.147,
                                            "Actual Rows": 135173,
                                            "Actual Loops": 1
                                        },
                                        {
                                            "Worker Number": 2,
                                            "Actual Startup Time": 39.448,
                                            "Actual Total Time": 119.152,
                                            "Actual Rows": 139925,
                                            "Actual Loops": 1
                                        }
                                    ],
                                    "Plans": [
                                        {
                                            "Node Type": "Bitmap Index Scan",
                                            "Parent Relationship": "Outer",
                                            "Parallel Aware": false,
                                            "Index Name": "keyword_id_movie_keyword",
                                            "Startup Cost": 0.0,
                                            "Total Cost": 15041.95,
                                            "Plan Rows": 717536,
                                            "Plan Width": 0,
                                            "Actual Startup Time": 46.458,
                                            "Actual Total Time": 46.459,
                                            "Actual Rows": 705207,
                                            "Actual Loops": 1,
                                            "Index Cond": "(mk.keyword_id > 26753)"
                                        }
                                    ]
                                }
                            ]
                        }
                    ]
                }
            ]
        },
        "Planning Time": 188.648,
        "Triggers": [],
        "Execution Time": 146.925
    }
]