[
  {
    "Plan": {
      "Node Type": "Aggregate",
      "Strategy": "Plain",
      "Partial Mode": "Finalize",
      "Parallel Aware": false,
      "Startup Cost": 102976.82,
      "Total Cost": 102976.83,
      "Plan Rows": 1,
      "Plan Width": 8,
      "Actual Startup Time": 318.251,
      "Actual Total Time": 355.325,
      "Actual Rows": 1,
      "Actual Loops": 1,
      "Plans": [
        {
          "Node Type": "Gather",
          "Parent Relationship": "Outer",
          "Parallel Aware": false,
          "Startup Cost": 102976.4,
          "Total Cost": 102976.81,
          "Plan Rows": 4,
          "Plan Width": 8,
          "Actual Startup Time": 317.633,
          "Actual Total Time": 355.317,
          "Actual Rows": 5,
          "Actual Loops": 1,
          "Workers Planned": 4,
          "Workers Launched": 4,
          "Single Copy": false,
          "Plans": [
            {
              "Node Type": "Aggregate",
              "Strategy": "Plain",
              "Partial Mode": "Partial",
              "Parent Relationship": "Outer",
              "Parallel Aware": false,
              "Startup Cost": 101976.4,
              "Total Cost": 101976.41,
              "Plan Rows": 1,
              "Plan Width": 8,
              "Actual Startup Time": 307.224,
              "Actual Total Time": 307.227,
              "Actual Rows": 1,
              "Actual Loops": 5,
              "Plans": [
                {
                  "Node Type": "Nested Loop",
                  "Parent Relationship": "Outer",
                  "Parallel Aware": false,
                  "Join Type": "Inner",
                  "Startup Cost": 25914.51,
                  "Total Cost": 101794.12,
                  "Plan Rows": 72910,
                  "Plan Width": 0,
                  "Actual Startup Time": 76.349,
                  "Actual Total Time": 302.702,
                  "Actual Rows": 61869,
                  "Actual Loops": 5,
                  "Inner Unique": false,
                  "Plans": [
                    {
                      "Node Type": "Hash Join",
                      "Parent Relationship": "Outer",
                      "Parallel Aware": true,
                      "Join Type": "Inner",
                      "Startup Cost": 25914.07,
                      "Total Cost": 71092.49,
                      "Plan Rows": 12469,
                      "Plan Width": 8,
                      "Actual Startup Time": 76.268,
                      "Actual Total Time": 176.459,
                      "Actual Rows": 4983,
                      "Actual Loops": 5,
                      "Inner Unique": false,
                      "Hash Cond": "(t.id = mc.movie_id)",
                      "Plans": [
                        {
                          "Node Type": "Seq Scan",
                          "Parent Relationship": "Outer",
                          "Parallel Aware": true,
                          "Relation Name": "title",
                          "Alias": "t",
                          "Startup Cost": 0.0,
                          "Total Cost": 43898.92,
                          "Plan Rows": 247857,
                          "Plan Width": 4,
                          "Actual Startup Time": 0.013,
                          "Actual Total Time": 71.067,
                          "Actual Rows": 197010,
                          "Actual Loops": 5,
                          "Filter": "(kind_id < 7)",
                          "Rows Removed by Filter": 308653
                        },
                        {
                          "Node Type": "Hash",
                          "Parent Relationship": "Inner",
                          "Parallel Aware": true,
                          "Startup Cost": 25401.2,
                          "Total Cost": 25401.2,
                          "Plan Rows": 41030,
                          "Plan Width": 4,
                          "Actual Startup Time": 74.681,
                          "Actual Total Time": 74.683,
                          "Actual Rows": 11658,
                          "Actual Loops": 5,
                          "Hash Buckets": 131072,
                          "Original Hash Buckets": 131072,
                          "Hash Batches": 1,
                          "Original Hash Batches": 1,
                          "Peak Memory Usage": 3360,
                          "Plans": [
                            {
                              "Node Type": "Bitmap Heap Scan",
                              "Parent Relationship": "Outer",
                              "Parallel Aware": true,
                              "Relation Name": "movie_companies",
                              "Alias": "mc",
                              "Startup Cost": 5399.05,
                              "Total Cost": 25401.2,
                              "Plan Rows": 41030,
                              "Plan Width": 4,
                              "Actual Startup Time": 59.052,
                              "Actual Total Time": 70.616,
                              "Actual Rows": 11658,
                              "Actual Loops": 5,
                              "Recheck Cond": "(company_id < 119)",
                              "Rows Removed by Index Recheck": 0,
                              "Filter": "(company_type_id > 1)",
                              "Rows Removed by Filter": 38126,
                              "Exact Heap Blocks": 8730,
                              "Lossy Heap Blocks": 0,
                              "Plans": [
                                {
                                  "Node Type": "Bitmap Index Scan",
                                  "Parent Relationship": "Outer",
                                  "Parallel Aware": false,
                                  "Index Name": "company_id_movie_companies",
                                  "Startup Cost": 0.0,
                                  "Total Cost": 5367.26,
                                  "Plan Rows": 250510,
                                  "Plan Width": 0,
                                  "Actual Startup Time": 26.901,
                                  "Actual Total Time": 26.902,
                                  "Actual Rows": 248921,
                                  "Actual Loops": 1,
                                  "Index Cond": "(company_id < 119)"
                                }
                              ]
                            }
                          ]
                        }
                      ]
                    },
                    {
                      "Node Type": "Index Only Scan",
                      "Parent Relationship": "Inner",
                      "Parallel Aware": false,
                      "Scan Direction": "Forward",
                      "Index Name": "movie_id_movie_info",
                      "Relation Name": "movie_info",
                      "Alias": "mi",
                      "Startup Cost": 0.43,
                      "Total Cost": 2.04,
                      "Plan Rows": 42,
                      "Plan Width": 4,
                      "Actual Startup Time": 0.008,
                      "Actual Total Time": 0.024,
                      "Actual Rows": 12,
                      "Actual Loops": 24917,
                      "Index Cond": "(movie_id = t.id)",
                      "Rows Removed by Index Recheck": 0,
                      "Heap Fetches": 309345
                    }
                  ]
                }
              ]
            }
          ]
        }
      ]
    },
    "Planning Time": 1.507,
    "Triggers": [],
    "Execution Time": 355.449
  }
]