[
  {
    "Plan": {
      "Node Type": "Aggregate",
      "Strategy": "Plain",
      "Partial Mode": "Finalize",
      "Parallel Aware": false,
      "Startup Cost": 339860.07,
      "Total Cost": 339860.08,
      "Plan Rows": 1,
      "Plan Width": 8,
      "Actual Startup Time": 725.439,
      "Actual Total Time": 767.525,
      "Actual Rows": 1,
      "Actual Loops": 1,
      "Plans": [
        {
          "Node Type": "Gather",
          "Parent Relationship": "Outer",
          "Parallel Aware": false,
          "Startup Cost": 339859.45,
          "Total Cost": 339860.06,
          "Plan Rows": 6,
          "Plan Width": 8,
          "Actual Startup Time": 725.268,
          "Actual Total Time": 767.514,
          "Actual Rows": 7,
          "Actual Loops": 1,
          "Workers Planned": 6,
          "Workers Launched": 6,
          "Single Copy": false,
          "Plans": [
            {
              "Node Type": "Aggregate",
              "Strategy": "Plain",
              "Partial Mode": "Partial",
              "Parent Relationship": "Outer",
              "Parallel Aware": false,
              "Startup Cost": 338859.45,
              "Total Cost": 338859.46,
              "Plan Rows": 1,
              "Plan Width": 8,
              "Actual Startup Time": 718.954,
              "Actual Total Time": 718.955,
              "Actual Rows": 1,
              "Actual Loops": 7,
              "Plans": [
                {
                  "Node Type": "Seq Scan",
                  "Parent Relationship": "Outer",
                  "Parallel Aware": true,
                  "Relation Name": "cast_info",
                  "Alias": "ci",
                  "Startup Cost": 0.0,
                  "Total Cost": 328211.39,
                  "Plan Rows": 4259222,
                  "Plan Width": 0,
                  "Actual Startup Time": 110.834,
                  "Actual Total Time": 563.847,
                  "Actual Rows": 3644729,
                  "Actual Loops": 7,
                  "Filter": "(person_id > 1052880)",
                  "Rows Removed by Filter": 1533035
                }
              ]
            }
          ]
        }
      ]
    },
    "Planning Time": 0.091,
    "Triggers": [],
    "Execution Time": 767.559
  }
]