[
    {
        "Bao": {
            "Bao prediction": "NaN",
            "Bao recommended hint": "(no hint)"
        }
    },
    {
        "Plan": {
            "Node Type": "Aggregate",
            "Strategy": "Plain",
            "Partial Mode": "Finalize",
            "Parallel Aware": false,
            "Startup Cost": 242003.64,
            "Total Cost": 242003.65,
            "Plan Rows": 1,
            "Plan Width": 8,
            "Actual Startup Time": 530.772,
            "Actual Total Time": 544.318,
            "Actual Rows": 1,
            "Actual Loops": 1,
            "Output": [
                "count(*)"
            ],
            "Plans": [
                {
                    "Node Type": "Gather",
                    "Parent Relationship": "Outer",
                    "Parallel Aware": false,
                    "Startup Cost": 242003.43,
                    "Total Cost": 242003.64,
                    "Plan Rows": 2,
                    "Plan Width": 8,
                    "Actual Startup Time": 523.827,
                    "Actual Total Time": 544.308,
                    "Actual Rows": 3,
                    "Actual Loops": 1,
                    "Output": [
                        "(PARTIAL count(*))"
                    ],
                    "Workers Planned": 2,
                    "Workers Launched": 2,
                    "Single Copy": false,
                    "Plans": [
                        {
                            "Node Type": "Aggregate",
                            "Strategy": "Plain",
                            "Partial Mode": "Partial",
                            "Parent Relationship": "Outer",
                            "Parallel Aware": false,
                            "Startup Cost": 241003.43,
                            "Total Cost": 241003.44,
                            "Plan Rows": 1,
                            "Plan Width": 8,
                            "Actual Startup Time": 515.254,
                            "Actual Total Time": 515.434,
                            "Actual Rows": 1,
                            "Actual Loops": 3,
                            "Output": [
                                "PARTIAL count(*)"
                            ],
                            "Workers": [
                                {
                                    "Worker Number": 0,
                                    "Actual Startup Time": 511.288,
                                    "Actual Total Time": 511.293,
                                    "Actual Rows": 1,
                                    "Actual Loops": 1
                                },
                                {
                                    "Worker Number": 1,
                                    "Actual Startup Time": 510.934,
                                    "Actual Total Time": 510.938,
                                    "Actual Rows": 1,
                                    "Actual Loops": 1
                                }
                            ],
                            "Plans": [
                                {
                                    "Node Type": "Hash Join",
                                    "Parent Relationship": "Outer",
                                    "Parallel Aware": true,
                                    "Join Type": "Inner",
                                    "Startup Cost": 224199.35,
                                    "Total Cost": 240869.02,
                                    "Plan Rows": 53762,
                                    "Plan Width": 0,
                                    "Actual Startup Time": 418.451,
                                    "Actual Total Time": 507.673,
                                    "Actual Rows": 191021,
                                    "Actual Loops": 3,
                                    "Inner Unique": false,
                                    "Hash Cond": "(mi_idx.movie_id = t.id)",
                                    "Workers": [
                                        {
                                            "Worker Number": 0,
                                            "Actual Startup Time": 414.263,
                                            "Actual Total Time": 503.637,
                                            "Actual Rows": 187250,
                                            "Actual Loops": 1
                                        },
                                        {
                                            "Worker Number": 1,
                                            "Actual Startup Time": 414.258,
                                            "Actual Total Time": 503.302,
                                            "Actual Rows": 174832,
                                            "Actual Loops": 1
                                        }
                                    ],
                                    "Plans": [
                                        {
                                            "Node Type": "Seq Scan",
                                            "Parent Relationship": "Outer",
                                            "Parallel Aware": true,
                                            "Relation Name": "movie_info_idx",
                                            "Schema": "public",
                                            "Alias": "mi_idx",
                                            "Startup Cost": 0.0,
                                            "Total Cost": 15122.68,
                                            "Plan Rows": 383860,
                                            "Plan Width": 4,
                                            "Actual Startup Time": 0.021,
                                            "Actual Total Time": 41.528,
                                            "Actual Rows": 306617,
                                            "Actual Loops": 3,
                                            "Output": [
                                                "mi_idx.id",
                                                "mi_idx.movie_id",
                                                "mi_idx.info_type_id",
                                                "mi_idx.info",
                                                "mi_idx.note"
                                            ],
                                            "Filter": "(mi_idx.info_type_id < 101)",
                                            "Rows Removed by Filter": 153395,
                                            "Workers": [
                                                {
                                                    "Worker Number": 0,
                                                    "Actual Startup Time": 0.024,
                                                    "Actual Total Time": 42.929,
                                                    "Actual Rows": 307368,
                                                    "Actual Loops": 1
                                                },
                                                {
                                                    "Worker Number": 1,
                                                    "Actual Startup Time": 0.024,
                                                    "Actual Total Time": 41.512,
                                                    "Actual Rows": 270504,
                                                    "Actual Loops": 1
                                                }
                                            ]
                                        },
                                        {
                                            "Node Type": "Hash",
                                            "Parent Relationship": "Inner",
                                            "Parallel Aware": true,
                                            "Startup Cost": 223314.08,
                                            "Total Cost": 223314.08,
                                            "Plan Rows": 70821,
                                            "Plan Width": 8,
                                            "Actual Startup Time": 416.527,
                                            "Actual Total Time": 416.705,
                                            "Actual Rows": 101544,
                                            "Actual Loops": 3,
                                            "Output": [
                                                "t.id",
                                                "mi.movie_id"
                                            ],
                                            "Hash Buckets": 524288,
                                            "Original Hash Buckets": 524288,
                                            "Hash Batches": 1,
                                            "Original Hash Batches": 1,
                                            "Peak Memory Usage": 16064,
                                            "Workers": [
                                                {
                                                    "Worker Number": 0,
                                                    "Actual Startup Time": 413.722,
                                                    "Actual Total Time": 413.725,
                                                    "Actual Rows": 93765,
                                                    "Actual Loops": 1
                                                },
                                                {
                                                    "Worker Number": 1,
                                                    "Actual Startup Time": 413.716,
                                                    "Actual Total Time": 413.719,
                                                    "Actual Rows": 89697,
                                                    "Actual Loops": 1
                                                }
                                            ],
                                            "Plans": [
                                                {
                                                    "Node Type": "Hash Join",
                                                    "Parent Relationship": "Outer",
                                                    "Parallel Aware": true,
                                                    "Join Type": "Inner",
                                                    "Startup Cost": 59492.57,
                                                    "Total Cost": 223314.08,
                                                    "Plan Rows": 70821,
                                                    "Plan Width": 8,
                                                    "Actual Startup Time": 307.632,
                                                    "Actual Total Time": 396.387,
                                                    "Actual Rows": 101544,
                                                    "Actual Loops": 3,
                                                    "Output": [
                                                        "t.id",
                                                        "mi.movie_id"
                                                    ],
                                                    "Inner Unique": true,
                                                    "Hash Cond": "(mi.movie_id = t.id)",
                                                    "Workers": [
                                                        {
                                                            "Worker Number": 0,
                                                            "Actual Startup Time": 304.788,
                                                            "Actual Total Time": 393.848,
                                                            "Actual Rows": 93765,
                                                            "Actual Loops": 1
                                                        },
                                                        {
                                                            "Worker Number": 1,
                                                            "Actual Startup Time": 305.063,
                                                            "Actual Total Time": 393.741,
                                                            "Actual Rows": 89697,
                                                            "Actual Loops": 1
                                                        }
                                                    ],
                                                    "Plans": [
                                                        {
                                                            "Node Type": "Bitmap Heap Scan",
                                                            "Parent Relationship": "Outer",
                                                            "Parallel Aware": true,
                                                            "Relation Name": "movie_info",
                                                            "Schema": "public",
                                                            "Alias": "mi",
                                                            "Startup Cost": 10965.05,
                                                            "Total Cost": 174469.22,
                                                            "Plan Rows": 120893,
                                                            "Plan Width": 4,
                                                            "Actual Startup Time": 21.926,
                                                            "Actual Total Time": 70.24,
                                                            "Actual Rows": 199486,
                                                            "Actual Loops": 3,
                                                            "Output": [
                                                                "mi.id",
                                                                "mi.movie_id",
                                                                "mi.info_type_id",
                                                                "mi.info",
                                                                "mi.note"
                                                            ],
                                                            "Recheck Cond": "(mi.info_type_id = 15)",
                                                            "Rows Removed by Index Recheck": 0,
                                                            "Exact Heap Blocks": 8570,
                                                            "Lossy Heap Blocks": 0,
                                                            "Workers": [
                                                                {
                                                                    "Worker Number": 0,
                                                                    "Actual Startup Time": 21.972,
                                                                    "Actual Total Time": 72.241,
                                                                    "Actual Rows": 182692,
                                                                    "Actual Loops": 1
                                                                },
                                                                {
                                                                    "Worker Number": 1,
                                                                    "Actual Startup Time": 22.007,
                                                                    "Actual Total Time": 71.423,
                                                                    "Actual Rows": 174388,
                                                                    "Actual Loops": 1
                                                                }
                                                            ],
                                                            "Plans": [
                                                                {
                                                                    "Node Type": "Bitmap Index Scan",
                                                                    "Parent Relationship": "Outer",
                                                                    "Parallel Aware": false,
                                                                    "Index Name": "info_type_id_movie_info",
                                                                    "Startup Cost": 0.0,
                                                                    "Total Cost": 10813.94,
                                                                    "Plan Rows": 604467,
                                                                    "Plan Width": 0,
                                                                    "Actual Startup Time": 18.722,
                                                                    "Actual Total Time": 18.723,
                                                                    "Actual Rows": 598457,
                                                                    "Actual Loops": 1,
                                                                    "Index Cond": "(mi.info_type_id = 15)"
                                                                }
                                                            ]
                                                        },
                                                        {
                                                            "Node Type": "Hash",
                                                            "Parent Relationship": "Inner",
                                                            "Parallel Aware": true,
                                                            "Startup Cost": 43899.01,
                                                            "Total Cost": 43899.01,
                                                            "Plan Rows": 370281,
                                                            "Plan Width": 4,
                                                            "Actual Startup Time": 281.1,
                                                            "Actual Total Time": 281.101,
                                                            "Actual Rows": 495010,
                                                            "Actual Loops": 3,
                                                            "Output": [
                                                                "t.id"
                                                            ],
                                                            "Hash Buckets": 2097152,
                                                            "Original Hash Buckets": 2097152,
                                                            "Hash Batches": 1,
                                                            "Original Hash Batches": 1,
                                                            "Peak Memory Usage": 74528,
                                                            "Workers": [
                                                                {
                                                                    "Worker Number": 0,
                                                                    "Actual Startup Time": 282.741,
                                                                    "Actual Total Time": 282.741,
                                                                    "Actual Rows": 464051,
                                                                    "Actual Loops": 1
                                                                },
                                                                {
                                                                    "Worker Number": 1,
                                                                    "Actual Startup Time": 282.746,
                                                                    "Actual Total Time": 282.747,
                                                                    "Actual Rows": 431818,
                                                                    "Actual Loops": 1
                                                                }
                                                            ],
                                                            "Plans": [
                                                                {
                                                                    "Node Type": "Seq Scan",
                                                                    "Parent Relationship": "Outer",
                                                                    "Parallel Aware": true,
                                                                    "Relation Name": "title",
                                                                    "Schema": "public",
                                                                    "Alias": "t",
                                                                    "Startup Cost": 0.0,
                                                                    "Total Cost": 43899.01,
                                                                    "Plan Rows": 370281,
                                                                    "Plan Width": 4,
                                                                    "Actual Startup Time": 0.026,
                                                                    "Actual Total Time": 120.945,
                                                                    "Actual Rows": 495010,
                                                                    "Actual Loops": 3,
                                                                    "Output": [
                                                                        "t.id"
                                                                    ],
                                                                    "Filter": "(t.production_year > 1998)",
                                                                    "Rows Removed by Filter": 347761,
                                                                    "Workers": [
                                                                        {
                                                                            "Worker Number": 0,
                                                                            "Actual Startup Time": 0.037,
                                                                            "Actual Total Time": 126.468,
                                                                            "Actual Rows": 464051,
                                                                            "Actual Loops": 1
                                                                        },
                                                                        {
                                                                            "Worker Number": 1,
                                                                            "Actual Startup Time": 0.029,
                                                                            "Actual Total Time": 121.648,
                                                                            "Actual Rows": 431818,
                                                                            "Actual Loops": 1
                                                                        }
                                                                    ]
                                                                }
                                                            ]
                                                        }
                                                    ]
                                                }
                                            ]
                                        }
                                    ]
                                }
                            ]
                        }
                    ]
                }
            ]
        },
        "Planning Time": 174.688,
        "Triggers": [],
        "Execution Time": 544.39
    }
]