[
  {
    "Plan": {
      "Node Type": "Aggregate",
      "Strategy": "Plain",
      "Partial Mode": "Finalize",
      "Parallel Aware": false,
      "Startup Cost": 63910.98,
      "Total Cost": 63910.99,
      "Plan Rows": 1,
      "Plan Width": 8,
      "Actual Startup Time": 290.649,
      "Actual Total Time": 304.802,
      "Actual Rows": 1,
      "Actual Loops": 1,
      "Plans": [
        {
          "Node Type": "Gather",
          "Parent Relationship": "Outer",
          "Parallel Aware": false,
          "Startup Cost": 63910.77,
          "Total Cost": 63910.98,
          "Plan Rows": 2,
          "Plan Width": 8,
          "Actual Startup Time": 288.156,
          "Actual Total Time": 304.794,
          "Actual Rows": 3,
          "Actual Loops": 1,
          "Workers Planned": 2,
          "Workers Launched": 2,
          "Single Copy": false,
          "Plans": [
            {
              "Node Type": "Aggregate",
              "Strategy": "Plain",
              "Partial Mode": "Partial",
              "Parent Relationship": "Outer",
              "Parallel Aware": false,
              "Startup Cost": 62910.77,
              "Total Cost": 62910.78,
              "Plan Rows": 1,
              "Plan Width": 8,
              "Actual Startup Time": 284.948,
              "Actual Total Time": 284.951,
              "Actual Rows": 1,
              "Actual Loops": 3,
              "Plans": [
                {
                  "Node Type": "Hash Join",
                  "Parent Relationship": "Outer",
                  "Parallel Aware": true,
                  "Join Type": "Inner",
                  "Startup Cost": 47371.92,
                  "Total Cost": 62566.48,
                  "Plan Rows": 137714,
                  "Plan Width": 0,
                  "Actual Startup Time": 205.217,
                  "Actual Total Time": 277.203,
                  "Actual Rows": 189715,
                  "Actual Loops": 3,
                  "Inner Unique": true,
                  "Hash Cond": "(mi_idx.movie_id = t.id)",
                  "Plans": [
                    {
                      "Node Type": "Seq Scan",
                      "Parent Relationship": "Outer",
                      "Parallel Aware": true,
                      "Relation Name": "movie_info_idx",
                      "Alias": "mi_idx",
                      "Startup Cost": 0.0,
                      "Total Cost": 13685.15,
                      "Plan Rows": 575015,
                      "Plan Width": 4,
                      "Actual Startup Time": 0.011,
                      "Actual Total Time": 37.233,
                      "Actual Rows": 460012,
                      "Actual Loops": 3
                    },
                    {
                      "Node Type": "Hash",
                      "Parent Relationship": "Inner",
                      "Parallel Aware": true,
                      "Startup Cost": 45479.59,
                      "Total Cost": 45479.59,
                      "Plan Rows": 151387,
                      "Plan Width": 4,
                      "Actual Startup Time": 166.924,
                      "Actual Total Time": 166.925,
                      "Actual Rows": 170376,
                      "Actual Loops": 3,
                      "Hash Buckets": 1048576,
                      "Original Hash Buckets": 1048576,
                      "Hash Batches": 1,
                      "Original Hash Batches": 1,
                      "Peak Memory Usage": 28256,
                      "Plans": [
                        {
                          "Node Type": "Seq Scan",
                          "Parent Relationship": "Outer",
                          "Parallel Aware": true,
                          "Relation Name": "title",
                          "Alias": "t",
                          "Startup Cost": 0.0,
                          "Total Cost": 45479.59,
                          "Plan Rows": 151387,
                          "Plan Width": 4,
                          "Actual Startup Time": 39.637,
                          "Actual Total Time": 109.045,
                          "Actual Rows": 170376,
                          "Actual Loops": 3,
                          "Filter": "((production_year > 1941) AND (kind_id = 1))",
                          "Rows Removed by Filter": 672394
                        }
                      ]
                    }
                  ]
                }
              ]
            }
          ]
        }
      ]
    },
    "Planning Time": 0.239,
    "Triggers": [],
    "Execution Time": 304.835
  }
]