[
  {
    "Plan": {
      "Node Type": "Aggregate",
      "Strategy": "Plain",
      "Partial Mode": "Finalize",
      "Parallel Aware": false,
      "Startup Cost": 348395.57,
      "Total Cost": 348395.58,
      "Plan Rows": 1,
      "Plan Width": 8,
      "Actual Startup Time": 672.908,
      "Actual Total Time": 720.172,
      "Actual Rows": 1,
      "Actual Loops": 1,
      "Plans": [
        {
          "Node Type": "Gather",
          "Parent Relationship": "Outer",
          "Parallel Aware": false,
          "Startup Cost": 348394.94,
          "Total Cost": 348395.55,
          "Plan Rows": 6,
          "Plan Width": 8,
          "Actual Startup Time": 672.681,
          "Actual Total Time": 720.159,
          "Actual Rows": 7,
          "Actual Loops": 1,
          "Workers Planned": 6,
          "Workers Launched": 6,
          "Single Copy": false,
          "Plans": [
            {
              "Node Type": "Aggregate",
              "Strategy": "Plain",
              "Partial Mode": "Partial",
              "Parent Relationship": "Outer",
              "Parallel Aware": false,
              "Startup Cost": 347394.94,
              "Total Cost": 347394.95,
              "Plan Rows": 1,
              "Plan Width": 8,
              "Actual Startup Time": 665.752,
              "Actual Total Time": 665.756,
              "Actual Rows": 1,
              "Actual Loops": 7,
              "Plans": [
                {
                  "Node Type": "Seq Scan",
                  "Parent Relationship": "Outer",
                  "Parallel Aware": true,
                  "Relation Name": "cast_info",
                  "Alias": "ci",
                  "Startup Cost": 0.0,
                  "Total Cost": 343316.27,
                  "Plan Rows": 1631468,
                  "Plan Width": 0,
                  "Actual Startup Time": 345.697,
                  "Actual Total Time": 627.316,
                  "Actual Rows": 787996,
                  "Actual Loops": 7,
                  "Filter": "((person_id < 2286563) AND (role_id > 2))",
                  "Rows Removed by Filter": 4389768
                }
              ]
            }
          ]
        }
      ]
    },
    "Planning Time": 0.231,
    "Triggers": [],
    "Execution Time": 720.244
  }
]