[
  {
    "Plan": {
      "Node Type": "Aggregate",
      "Strategy": "Plain",
      "Partial Mode": "Finalize",
      "Parallel Aware": false,
      "Startup Cost": 348475.93,
      "Total Cost": 348475.95,
      "Plan Rows": 1,
      "Plan Width": 8,
      "Actual Startup Time": 666.937,
      "Actual Total Time": 729.197,
      "Actual Rows": 1,
      "Actual Loops": 1,
      "Plans": [
        {
          "Node Type": "Gather",
          "Parent Relationship": "Outer",
          "Parallel Aware": false,
          "Startup Cost": 348475.31,
          "Total Cost": 348475.92,
          "Plan Rows": 6,
          "Plan Width": 8,
          "Actual Startup Time": 666.829,
          "Actual Total Time": 729.185,
          "Actual Rows": 7,
          "Actual Loops": 1,
          "Workers Planned": 6,
          "Workers Launched": 6,
          "Single Copy": false,
          "Plans": [
            {
              "Node Type": "Aggregate",
              "Strategy": "Plain",
              "Partial Mode": "Partial",
              "Parent Relationship": "Outer",
              "Parallel Aware": false,
              "Startup Cost": 347475.31,
              "Total Cost": 347475.32,
              "Plan Rows": 1,
              "Plan Width": 8,
              "Actual Startup Time": 656.798,
              "Actual Total Time": 656.799,
              "Actual Rows": 1,
              "Actual Loops": 7,
              "Plans": [
                {
                  "Node Type": "Seq Scan",
                  "Parent Relationship": "Outer",
                  "Parallel Aware": true,
                  "Relation Name": "cast_info",
                  "Alias": "ci",
                  "Startup Cost": 0.0,
                  "Total Cost": 343257.03,
                  "Plan Rows": 1687312,
                  "Plan Width": 0,
                  "Actual Startup Time": 347.164,
                  "Actual Total Time": 622.685,
                  "Actual Rows": 787996,
                  "Actual Loops": 7,
                  "Filter": "((person_id < 2286563) AND (role_id > 2))",
                  "Rows Removed by Filter": 4389768
                }
              ]
            }
          ]
        }
      ]
    },
    "Planning Time": 0.223,
    "Triggers": [],
    "Execution Time": 729.27
  }
]