[
  {
    "Plan": {
      "Node Type": "Aggregate",
      "Strategy": "Plain",
      "Partial Mode": "Finalize",
      "Parallel Aware": false,
      "Startup Cost": 76995.56,
      "Total Cost": 76995.57,
      "Plan Rows": 1,
      "Plan Width": 8,
      "Actual Startup Time": 221.811,
      "Actual Total Time": 236.754,
      "Actual Rows": 1,
      "Actual Loops": 1,
      "Plans": [
        {
          "Node Type": "Gather",
          "Parent Relationship": "Outer",
          "Parallel Aware": false,
          "Startup Cost": 76995.24,
          "Total Cost": 76995.55,
          "Plan Rows": 3,
          "Plan Width": 8,
          "Actual Startup Time": 221.5,
          "Actual Total Time": 236.745,
          "Actual Rows": 4,
          "Actual Loops": 1,
          "Workers Planned": 3,
          "Workers Launched": 3,
          "Single Copy": false,
          "Plans": [
            {
              "Node Type": "Aggregate",
              "Strategy": "Plain",
              "Partial Mode": "Partial",
              "Parent Relationship": "Outer",
              "Parallel Aware": false,
              "Startup Cost": 75995.24,
              "Total Cost": 75995.25,
              "Plan Rows": 1,
              "Plan Width": 8,
              "Actual Startup Time": 212.602,
              "Actual Total Time": 212.606,
              "Actual Rows": 1,
              "Actual Loops": 4,
              "Plans": [
                {
                  "Node Type": "Hash Join",
                  "Parent Relationship": "Outer",
                  "Parallel Aware": true,
                  "Join Type": "Inner",
                  "Startup Cost": 45583.31,
                  "Total Cost": 75981.58,
                  "Plan Rows": 5465,
                  "Plan Width": 0,
                  "Actual Startup Time": 109.54,
                  "Actual Total Time": 212.218,
                  "Actual Rows": 5944,
                  "Actual Loops": 4,
                  "Inner Unique": true,
                  "Hash Cond": "(mc.movie_id = t.id)",
                  "Plans": [
                    {
                      "Node Type": "Seq Scan",
                      "Parent Relationship": "Outer",
                      "Parallel Aware": true,
                      "Relation Name": "movie_companies",
                      "Alias": "mc",
                      "Startup Cost": 0.0,
                      "Total Cost": 29310.68,
                      "Plan Rows": 414318,
                      "Plan Width": 4,
                      "Actual Startup Time": 0.019,
                      "Actual Total Time": 73.535,
                      "Actual Rows": 318562,
                      "Actual Loops": 4,
                      "Filter": "(company_type_id = 1)",
                      "Rows Removed by Filter": 333721
                    },
                    {
                      "Node Type": "Hash",
                      "Parent Relationship": "Inner",
                      "Parallel Aware": true,
                      "Startup Cost": 45479.1,
                      "Total Cost": 45479.1,
                      "Plan Rows": 8337,
                      "Plan Width": 4,
                      "Actual Startup Time": 107.972,
                      "Actual Total Time": 107.973,
                      "Actual Rows": 5052,
                      "Actual Loops": 4,
                      "Hash Buckets": 65536,
                      "Original Hash Buckets": 65536,
                      "Hash Batches": 1,
                      "Original Hash Batches": 1,
                      "Peak Memory Usage": 1344,
                      "Plans": [
                        {
                          "Node Type": "Seq Scan",
                          "Parent Relationship": "Outer",
                          "Parallel Aware": true,
                          "Relation Name": "title",
                          "Alias": "t",
                          "Startup Cost": 0.0,
                          "Total Cost": 45479.1,
                          "Plan Rows": 8337,
                          "Plan Width": 4,
                          "Actual Startup Time": 0.2,
                          "Actual Total Time": 105.105,
                          "Actual Rows": 5052,
                          "Actual Loops": 4,
                          "Filter": "((kind_id < 3) AND (production_year = 2006))",
                          "Rows Removed by Filter": 627026
                        }
                      ]
                    }
                  ]
                }
              ]
            }
          ]
        }
      ]
    },
    "Planning Time": 0.667,
    "Triggers": [],
    "Execution Time": 236.831
  }
]