[
  {
    "Plan": {
      "Node Type": "Aggregate",
      "Strategy": "Plain",
      "Partial Mode": "Finalize",
      "Parallel Aware": false,
      "Startup Cost": 31353.27,
      "Total Cost": 31353.28,
      "Plan Rows": 1,
      "Plan Width": 8,
      "Actual Startup Time": 95.698,
      "Actual Total Time": 103.734,
      "Actual Rows": 1,
      "Actual Loops": 1,
      "Plans": [
        {
          "Node Type": "Gather",
          "Parent Relationship": "Outer",
          "Parallel Aware": false,
          "Startup Cost": 31352.95,
          "Total Cost": 31353.26,
          "Plan Rows": 3,
          "Plan Width": 8,
          "Actual Startup Time": 95.6,
          "Actual Total Time": 103.726,
          "Actual Rows": 4,
          "Actual Loops": 1,
          "Workers Planned": 3,
          "Workers Launched": 3,
          "Single Copy": false,
          "Plans": [
            {
              "Node Type": "Aggregate",
              "Strategy": "Plain",
              "Partial Mode": "Partial",
              "Parent Relationship": "Outer",
              "Parallel Aware": false,
              "Startup Cost": 30352.95,
              "Total Cost": 30352.96,
              "Plan Rows": 1,
              "Plan Width": 8,
              "Actual Startup Time": 90.652,
              "Actual Total Time": 90.653,
              "Actual Rows": 1,
              "Actual Loops": 4,
              "Plans": [
                {
                  "Node Type": "Seq Scan",
                  "Parent Relationship": "Outer",
                  "Parallel Aware": true,
                  "Relation Name": "movie_companies",
                  "Alias": "mc",
                  "Startup Cost": 0.0,
                  "Total Cost": 29310.68,
                  "Plan Rows": 416908,
                  "Plan Width": 0,
                  "Actual Startup Time": 18.731,
                  "Actual Total Time": 77.141,
                  "Actual Rows": 324434,
                  "Actual Loops": 4,
                  "Filter": "(company_id > 11342)",
                  "Rows Removed by Filter": 327848
                }
              ]
            }
          ]
        }
      ]
    },
    "Planning Time": 0.193,
    "Triggers": [],
    "Execution Time": 103.792
  }
]