[
  {
    "Plan": {
      "Node Type": "Aggregate",
      "Strategy": "Plain",
      "Partial Mode": "Finalize",
      "Parallel Aware": false,
      "Startup Cost": 131723.18,
      "Total Cost": 131723.19,
      "Plan Rows": 1,
      "Plan Width": 8,
      "Actual Startup Time": 864.901,
      "Actual Total Time": 884.33,
      "Actual Rows": 1,
      "Actual Loops": 1,
      "Plans": [
        {
          "Node Type": "Gather",
          "Parent Relationship": "Outer",
          "Parallel Aware": false,
          "Startup Cost": 131722.86,
          "Total Cost": 131723.17,
          "Plan Rows": 3,
          "Plan Width": 8,
          "Actual Startup Time": 858.787,
          "Actual Total Time": 884.318,
          "Actual Rows": 4,
          "Actual Loops": 1,
          "Workers Planned": 3,
          "Workers Launched": 3,
          "Single Copy": false,
          "Plans": [
            {
              "Node Type": "Aggregate",
              "Strategy": "Plain",
              "Partial Mode": "Partial",
              "Parent Relationship": "Outer",
              "Parallel Aware": false,
              "Startup Cost": 130722.86,
              "Total Cost": 130722.87,
              "Plan Rows": 1,
              "Plan Width": 8,
              "Actual Startup Time": 850.214,
              "Actual Total Time": 850.502,
              "Actual Rows": 1,
              "Actual Loops": 4,
              "Plans": [
                {
                  "Node Type": "Hash Join",
                  "Parent Relationship": "Outer",
                  "Parallel Aware": true,
                  "Join Type": "Inner",
                  "Startup Cost": 84962.73,
                  "Total Cost": 130189.26,
                  "Plan Rows": 213439,
                  "Plan Width": 0,
                  "Actual Startup Time": 479.47,
                  "Actual Total Time": 766.222,
                  "Actual Rows": 2090016,
                  "Actual Loops": 4,
                  "Inner Unique": false,
                  "Hash Cond": "(mk.movie_id = t.id)",
                  "Plans": [
                    {
                      "Node Type": "Seq Scan",
                      "Parent Relationship": "Outer",
                      "Parallel Aware": true,
                      "Relation Name": "movie_keyword",
                      "Alias": "mk",
                      "Startup Cost": 0.0,
                      "Total Cost": 42695.65,
                      "Plan Rows": 532608,
                      "Plan Width": 4,
                      "Actual Startup Time": 0.552,
                      "Actual Total Time": 94.633,
                      "Actual Rows": 412947,
                      "Actual Loops": 4,
                      "Filter": "(keyword_id > 8857)",
                      "Rows Removed by Filter": 718036
                    },
                    {
                      "Node Type": "Hash",
                      "Parent Relationship": "Inner",
                      "Parallel Aware": true,
                      "Startup Cost": 81796.48,
                      "Total Cost": 81796.48,
                      "Plan Rows": 253300,
                      "Plan Width": 8,
                      "Actual Startup Time": 473.821,
                      "Actual Total Time": 474.108,
                      "Actual Rows": 217533,
                      "Actual Loops": 4,
                      "Hash Buckets": 1048576,
                      "Original Hash Buckets": 1048576,
                      "Hash Batches": 1,
                      "Original Hash Batches": 1,
                      "Peak Memory Usage": 42304,
                      "Plans": [
                        {
                          "Node Type": "Hash Join",
                          "Parent Relationship": "Outer",
                          "Parallel Aware": true,
                          "Join Type": "Inner",
                          "Startup Cost": 35500.29,
                          "Total Cost": 81796.48,
                          "Plan Rows": 253300,
                          "Plan Width": 8,
                          "Actual Startup Time": 152.844,
                          "Actual Total Time": 408.314,
                          "Actual Rows": 217533,
                          "Actual Loops": 4,
                          "Inner Unique": false,
                          "Hash Cond": "(t.id = mc.movie_id)",
                          "Plans": [
                            {
                              "Node Type": "Seq Scan",
                              "Parent Relationship": "Outer",
                              "Parallel Aware": true,
                              "Relation Name": "title",
                              "Alias": "t",
                              "Startup Cost": 0.0,
                              "Total Cost": 42318.73,
                              "Plan Rows": 632073,
                              "Plan Width": 4,
                              "Actual Startup Time": 0.012,
                              "Actual Total Time": 76.446,
                              "Actual Rows": 632078,
                              "Actual Loops": 4
                            },
                            {
                              "Node Type": "Hash",
                              "Parent Relationship": "Inner",
                              "Parallel Aware": true,
                              "Startup Cost": 31414.82,
                              "Total Cost": 31414.82,
                              "Plan Rows": 326838,
                              "Plan Width": 4,
                              "Actual Startup Time": 150.02,
                              "Actual Total Time": 150.022,
                              "Actual Rows": 217533,
                              "Actual Loops": 4,
                              "Hash Buckets": 1048576,
                              "Original Hash Buckets": 1048576,
                              "Hash Batches": 1,
                              "Original Hash Batches": 1,
                              "Peak Memory Usage": 42304,
                              "Plans": [
                                {
                                  "Node Type": "Seq Scan",
                                  "Parent Relationship": "Outer",
                                  "Parallel Aware": true,
                                  "Relation Name": "movie_companies",
                                  "Alias": "mc",
                                  "Startup Cost": 0.0,
                                  "Total Cost": 31414.82,
                                  "Plan Rows": 326838,
                                  "Plan Width": 4,
                                  "Actual Startup Time": 0.369,
                                  "Actual Total Time": 80.691,
                                  "Actual Rows": 217533,
                                  "Actual Loops": 4,
                                  "Filter": "((company_id > 547) AND (company_type_id = 1))",
                                  "Rows Removed by Filter": 434749
                                }
                              ]
                            }
                          ]
                        }
                      ]
                    }
                  ]
                }
              ]
            }
          ]
        }
      ]
    },
    "Planning Time": 1.416,
    "Triggers": [],
    "Execution Time": 884.425
  }
]