{
  "Plan": {
    "Node Type": "Aggregate",
    "Strategy": "Plain",
    "Partial Mode": "Finalize",
    "Parallel Aware": false,
    "Startup Cost": 373324.97,
    "Total Cost": 373324.98,
    "Plan Rows": 1,
    "Plan Width": 64,
    "Actual Startup Time": 6951.278,
    "Actual Total Time": 7012.606,
    "Actual Rows": 1,
    "Actual Loops": 1,
    "Plans": [
      {
        "Node Type": "Gather",
        "Parent Relationship": "Outer",
        "Parallel Aware": false,
        "Startup Cost": 373324.85,
        "Total Cost": 373324.96,
        "Plan Rows": 1,
        "Plan Width": 64,
        "Actual Startup Time": 6931.313,
        "Actual Total Time": 7012.593,
        "Actual Rows": 2,
        "Actual Loops": 1,
        "Workers Planned": 1,
        "Workers Launched": 1,
        "Single Copy": false,
        "Plans": [
          {
            "Node Type": "Aggregate",
            "Strategy": "Plain",
            "Partial Mode": "Partial",
            "Parent Relationship": "Outer",
            "Parallel Aware": false,
            "Startup Cost": 372324.85,
            "Total Cost": 372324.86,
            "Plan Rows": 1,
            "Plan Width": 64,
            "Actual Startup Time": 6926.226,
            "Actual Total Time": 6926.384,
            "Actual Rows": 1,
            "Actual Loops": 2,
            "Plans": [
              {
                "Node Type": "Nested Loop",
                "Parent Relationship": "Outer",
                "Parallel Aware": false,
                "Join Type": "Inner",
                "Startup Cost": 290108.15,
                "Total Cost": 372313.62,
                "Plan Rows": 2247,
                "Plan Width": 33,
                "Actual Startup Time": 4734.622,
                "Actual Total Time": 6921.044,
                "Actual Rows": 40019,
                "Actual Loops": 2,
                "Inner Unique": false,
                "Join Filter": "(n1.id = a1.person_id)",
                "Rows Removed by Join Filter": 0,
                "Plans": [
                  {
                    "Node Type": "Nested Loop",
                    "Parent Relationship": "Outer",
                    "Parallel Aware": false,
                    "Join Type": "Inner",
                    "Startup Cost": 290107.72,
                    "Total Cost": 367258.65,
                    "Plan Rows": 10388,
                    "Plan Width": 25,
                    "Actual Startup Time": 4729.803,
                    "Actual Total Time": 6750.851,
                    "Actual Rows": 59045,
                    "Actual Loops": 2,
                    "Inner Unique": true,
                    "Plans": [
                      {
                        "Node Type": "Hash Join",
                        "Parent Relationship": "Outer",
                        "Parallel Aware": true,
                        "Join Type": "Inner",
                        "Startup Cost": 290107.29,
                        "Total Cost": 362529.02,
                        "Plan Rows": 10388,
                        "Plan Width": 21,
                        "Actual Startup Time": 4729.673,
                        "Actual Total Time": 6485.703,
                        "Actual Rows": 59045,
                        "Actual Loops": 2,
                        "Inner Unique": true,
                        "Hash Cond": "(mc.company_id = cn.id)",
                        "Plans": [
                          {
                            "Node Type": "Hash Join",
                            "Parent Relationship": "Outer",
                            "Parallel Aware": true,
                            "Join Type": "Inner",
                            "Startup Cost": 285374.57,
                            "Total Cost": 352985.17,
                            "Plan Rows": 1832779,
                            "Plan Width": 25,
                            "Actual Startup Time": 4695.904,
                            "Actual Total Time": 5982.223,
                            "Actual Rows": 8864414,
                            "Actual Loops": 2,
                            "Inner Unique": false,
                            "Hash Cond": "(mc.movie_id = ci.movie_id)",
                            "Plans": [
                              {
                                "Node Type": "Seq Scan",
                                "Parent Relationship": "Outer",
                                "Parallel Aware": true,
                                "Relation Name": "movie_companies",
                                "Alias": "mc",
                                "Startup Cost": 0.0,
                                "Total Cost": 34137.82,
                                "Plan Rows": 1534782,
                                "Plan Width": 8,
                                "Actual Startup Time": 0.016,
                                "Actual Total Time": 113.025,
                                "Actual Rows": 1304564,
                                "Actual Loops": 2
                              },
                              {
                                "Node Type": "Hash",
                                "Parent Relationship": "Inner",
                                "Parallel Aware": true,
                                "Startup Cost": 263175.46,
                                "Total Cost": 263175.46,
                                "Plan Rows": 1775929,
                                "Plan Width": 29,
                                "Actual Startup Time": 4677.649,
                                "Actual Total Time": 4677.655,
                                "Actual Rows": 2161509,
                                "Actual Loops": 2,
                                "Hash Buckets": 8388608,
                                "Original Hash Buckets": 4194304,
                                "Hash Batches": 1,
                                "Original Hash Batches": 1,
                                "Peak Memory Usage": 380160,
                                "Plans": [
                                  {
                                    "Node Type": "Hash Join",
                                    "Parent Relationship": "Outer",
                                    "Parallel Aware": false,
                                    "Join Type": "Inner",
                                    "Startup Cost": 185251.58,
                                    "Total Cost": 263175.46,
                                    "Plan Rows": 1775929,
                                    "Plan Width": 29,
                                    "Actual Startup Time": 2698.006,
                                    "Actual Total Time": 3836.098,
                                    "Actual Rows": 2161509,
                                    "Actual Loops": 2,
                                    "Inner Unique": false,
                                    "Hash Cond": "(t.id = ci.movie_id)",
                                    "Plans": [
                                      {
                                        "Node Type": "Seq Scan",
                                        "Parent Relationship": "Outer",
                                        "Parallel Aware": true,
                                        "Relation Name": "title",
                                        "Alias": "t",
                                        "Startup Cost": 0.0,
                                        "Total Cost": 50869.75,
                                        "Plan Rows": 1487175,
                                        "Plan Width": 21,
                                        "Actual Startup Time": 0.057,
                                        "Actual Total Time": 144.629,
                                        "Actual Rows": 1264156,
                                        "Actual Loops": 2
                                      },
                                      {
                                        "Node Type": "Hash",
                                        "Parent Relationship": "Inner",
                                        "Parallel Aware": false,
                                        "Startup Cost": 147513.09,
                                        "Total Cost": 147513.09,
                                        "Plan Rows": 3019079,
                                        "Plan Width": 8,
                                        "Actual Startup Time": 2666.174,
                                        "Actual Total Time": 2666.177,
                                        "Actual Rows": 4323018,
                                        "Actual Loops": 2,
                                        "Hash Buckets": 8388608,
                                        "Original Hash Buckets": 4194304,
                                        "Hash Batches": 1,
                                        "Original Hash Batches": 1,
                                        "Peak Memory Usage": 234404,
                                        "Plans": [
                                          {
                                            "Node Type": "Nested Loop",
                                            "Parent Relationship": "Outer",
                                            "Parallel Aware": false,
                                            "Join Type": "Inner",
                                            "Startup Cost": 0.56,
                                            "Total Cost": 147513.09,
                                            "Plan Rows": 3019079,
                                            "Plan Width": 8,
                                            "Actual Startup Time": 9.363,
                                            "Actual Total Time": 1338.106,
                                            "Actual Rows": 4323018,
                                            "Actual Loops": 2,
                                            "Inner Unique": false,
                                            "Plans": [
                                              {
                                                "Node Type": "Seq Scan",
                                                "Parent Relationship": "Outer",
                                                "Parallel Aware": false,
                                                "Relation Name": "role_type",
                                                "Alias": "rt",
                                                "Startup Cost": 0.0,
                                                "Total Cost": 1.15,
                                                "Plan Rows": 1,
                                                "Plan Width": 4,
                                                "Actual Startup Time": 0.054,
                                                "Actual Total Time": 0.06,
                                                "Actual Rows": 1,
                                                "Actual Loops": 2,
                                                "Filter": "((role)::text = 'miscellaneous crew'::text)",
                                                "Rows Removed by Filter": 11
                                              },
                                              {
                                                "Node Type": "Index Scan",
                                                "Parent Relationship": "Inner",
                                                "Parallel Aware": false,
                                                "Scan Direction": "Forward",
                                                "Index Name": "role_id_cast_info",
                                                "Relation Name": "cast_info",
                                                "Alias": "ci",
                                                "Startup Cost": 0.56,
                                                "Total Cost": 114576.53,
                                                "Plan Rows": 3293541,
                                                "Plan Width": 12,
                                                "Actual Startup Time": 9.295,
                                                "Actual Total Time": 851.397,
                                                "Actual Rows": 4323018,
                                                "Actual Loops": 2,
                                                "Index Cond": "(role_id = rt.id)",
                                                "Rows Removed by Index Recheck": 0
                                              }
                                            ]
                                          }
                                        ]
                                      }
                                    ]
                                  }
                                ]
                              }
                            ]
                          },
                          {
                            "Node Type": "Hash",
                            "Parent Relationship": "Inner",
                            "Parallel Aware": true,
                            "Startup Cost": 4722.92,
                            "Total Cost": 4722.92,
                            "Plan Rows": 784,
                            "Plan Width": 4,
                            "Actual Startup Time": 15.931,
                            "Actual Total Time": 15.932,
                            "Actual Rows": 680,
                            "Actual Loops": 2,
                            "Hash Buckets": 2048,
                            "Original Hash Buckets": 2048,
                            "Hash Batches": 1,
                            "Original Hash Batches": 1,
                            "Peak Memory Usage": 112,
                            "Plans": [
                              {
                                "Node Type": "Seq Scan",
                                "Parent Relationship": "Outer",
                                "Parallel Aware": true,
                                "Relation Name": "company_name",
                                "Alias": "cn",
                                "Startup Cost": 0.0,
                                "Total Cost": 4722.92,
                                "Plan Rows": 784,
                                "Plan Width": 4,
                                "Actual Startup Time": 0.078,
                                "Actual Total Time": 15.601,
                                "Actual Rows": 680,
                                "Actual Loops": 2,
                                "Filter": "((country_code)::text = '[ru]'::text)",
                                "Rows Removed by Filter": 116818
                              }
                            ]
                          }
                        ]
                      },
                      {
                        "Node Type": "Index Only Scan",
                        "Parent Relationship": "Inner",
                        "Parallel Aware": false,
                        "Scan Direction": "Forward",
                        "Index Name": "name_pkey",
                        "Relation Name": "name",
                        "Alias": "n1",
                        "Startup Cost": 0.43,
                        "Total Cost": 0.46,
                        "Plan Rows": 1,
                        "Plan Width": 4,
                        "Actual Startup Time": 0.004,
                        "Actual Total Time": 0.004,
                        "Actual Rows": 1,
                        "Actual Loops": 118090,
                        "Index Cond": "(id = ci.person_id)",
                        "Rows Removed by Index Recheck": 0,
                        "Heap Fetches": 118090
                      }
                    ]
                  },
                  {
                    "Node Type": "Index Scan",
                    "Parent Relationship": "Inner",
                    "Parallel Aware": false,
                    "Scan Direction": "Forward",
                    "Index Name": "person_id_aka_name",
                    "Relation Name": "aka_name",
                    "Alias": "a1",
                    "Startup Cost": 0.42,
                    "Total Cost": 0.46,
                    "Plan Rows": 2,
                    "Plan Width": 20,
                    "Actual Startup Time": 0.002,
                    "Actual Total Time": 0.003,
                    "Actual Rows": 1,
                    "Actual Loops": 118090,
                    "Index Cond": "(person_id = ci.person_id)",
                    "Rows Removed by Index Recheck": 0
                  }
                ]
              }
            ]
          }
        ]
      }
    ]
  },
  "Planning Time": 0.69,
  "Triggers": [],
  "Execution Time": 7014.337
}