[
    {
        "Bao": {
            "Bao prediction": "NaN",
            "Bao recommended hint": "(no hint)"
        }
    },
    {
        "Plan": {
            "Node Type": "Aggregate",
            "Strategy": "Plain",
            "Partial Mode": "Finalize",
            "Parallel Aware": false,
            "Startup Cost": 78920.44,
            "Total Cost": 78920.45,
            "Plan Rows": 1,
            "Plan Width": 8,
            "Actual Startup Time": 195.093,
            "Actual Total Time": 201.972,
            "Actual Rows": 1,
            "Actual Loops": 1,
            "Output": [
                "count(*)"
            ],
            "Plans": [
                {
                    "Node Type": "Gather",
                    "Parent Relationship": "Outer",
                    "Parallel Aware": false,
                    "Startup Cost": 78920.12,
                    "Total Cost": 78920.43,
                    "Plan Rows": 3,
                    "Plan Width": 8,
                    "Actual Startup Time": 193.758,
                    "Actual Total Time": 201.963,
                    "Actual Rows": 4,
                    "Actual Loops": 1,
                    "Output": [
                        "(PARTIAL count(*))"
                    ],
                    "Workers Planned": 3,
                    "Workers Launched": 3,
                    "Single Copy": false,
                    "Plans": [
                        {
                            "Node Type": "Aggregate",
                            "Strategy": "Plain",
                            "Partial Mode": "Partial",
                            "Parent Relationship": "Outer",
                            "Parallel Aware": false,
                            "Startup Cost": 77920.12,
                            "Total Cost": 77920.13,
                            "Plan Rows": 1,
                            "Plan Width": 8,
                            "Actual Startup Time": 185.615,
                            "Actual Total Time": 185.686,
                            "Actual Rows": 1,
                            "Actual Loops": 4,
                            "Output": [
                                "PARTIAL count(*)"
                            ],
                            "Workers": [
                                {
                                    "Worker Number": 0,
                                    "Actual Startup Time": 183.01,
                                    "Actual Total Time": 183.012,
                                    "Actual Rows": 1,
                                    "Actual Loops": 1
                                },
                                {
                                    "Worker Number": 1,
                                    "Actual Startup Time": 182.865,
                                    "Actual Total Time": 182.868,
                                    "Actual Rows": 1,
                                    "Actual Loops": 1
                                },
                                {
                                    "Worker Number": 2,
                                    "Actual Startup Time": 183.179,
                                    "Actual Total Time": 183.181,
                                    "Actual Rows": 1,
                                    "Actual Loops": 1
                                }
                            ],
                            "Plans": [
                                {
                                    "Node Type": "Hash Join",
                                    "Parent Relationship": "Outer",
                                    "Parallel Aware": true,
                                    "Join Type": "Inner",
                                    "Startup Cost": 45835.16,
                                    "Total Cost": 77892.55,
                                    "Plan Rows": 11028,
                                    "Plan Width": 0,
                                    "Actual Startup Time": 156.167,
                                    "Actual Total Time": 184.889,
                                    "Actual Rows": 17230,
                                    "Actual Loops": 4,
                                    "Inner Unique": true,
                                    "Hash Cond": "(mc.movie_id = t.id)",
                                    "Workers": [
                                        {
                                            "Worker Number": 0,
                                            "Actual Startup Time": 153.398,
                                            "Actual Total Time": 182.223,
                                            "Actual Rows": 16505,
                                            "Actual Loops": 1
                                        },
                                        {
                                            "Worker Number": 1,
                                            "Actual Startup Time": 153.473,
                                            "Actual Total Time": 182.061,
                                            "Actual Rows": 16925,
                                            "Actual Loops": 1
                                        },
                                        {
                                            "Worker Number": 2,
                                            "Actual Startup Time": 153.798,
                                            "Actual Total Time": 182.458,
                                            "Actual Rows": 15674,
                                            "Actual Loops": 1
                                        }
                                    ],
                                    "Plans": [
                                        {
                                            "Node Type": "Seq Scan",
                                            "Parent Relationship": "Outer",
                                            "Parallel Aware": true,
                                            "Relation Name": "movie_companies",
                                            "Schema": "public",
                                            "Alias": "mc",
                                            "Startup Cost": 0.0,
                                            "Total Cost": 31414.82,
                                            "Plan Rows": 244791,
                                            "Plan Width": 4,
                                            "Actual Startup Time": 27.616,
                                            "Actual Total Time": 57.28,
                                            "Actual Rows": 118640,
                                            "Actual Loops": 4,
                                            "Output": [
                                                "mc.id",
                                                "mc.movie_id",
                                                "mc.company_id",
                                                "mc.company_type_id",
                                                "mc.note"
                                            ],
                                            "Filter": "((mc.company_id < 13631) AND (mc.company_type_id = 2))",
                                            "Rows Removed by Filter": 533643,
                                            "Workers": [
                                                {
                                                    "Worker Number": 0,
                                                    "Actual Startup Time": 27.628,
                                                    "Actual Total Time": 57.847,
                                                    "Actual Rows": 116596,
                                                    "Actual Loops": 1
                                                },
                                                {
                                                    "Worker Number": 1,
                                                    "Actual Startup Time": 27.584,
                                                    "Actual Total Time": 57.905,
                                                    "Actual Rows": 118326,
                                                    "Actual Loops": 1
                                                },
                                                {
                                                    "Worker Number": 2,
                                                    "Actual Startup Time": 27.613,
                                                    "Actual Total Time": 56.43,
                                                    "Actual Rows": 105642,
                                                    "Actual Loops": 1
                                                }
                                            ]
                                        },
                                        {
                                            "Node Type": "Hash",
                                            "Parent Relationship": "Inner",
                                            "Parallel Aware": true,
                                            "Startup Cost": 45479.21,
                                            "Total Cost": 45479.21,
                                            "Plan Rows": 28476,
                                            "Plan Width": 4,
                                            "Actual Startup Time": 104.013,
                                            "Actual Total Time": 104.014,
                                            "Actual Rows": 61010,
                                            "Actual Loops": 4,
                                            "Output": [
                                                "t.id"
                                            ],
                                            "Hash Buckets": 262144,
                                            "Original Hash Buckets": 131072,
                                            "Hash Batches": 1,
                                            "Original Hash Batches": 1,
                                            "Peak Memory Usage": 12704,
                                            "Workers": [
                                                {
                                                    "Worker Number": 0,
                                                    "Actual Startup Time": 101.324,
                                                    "Actual Total Time": 101.324,
                                                    "Actual Rows": 59938,
                                                    "Actual Loops": 1
                                                },
                                                {
                                                    "Worker Number": 1,
                                                    "Actual Startup Time": 101.4,
                                                    "Actual Total Time": 101.401,
                                                    "Actual Rows": 59331,
                                                    "Actual Loops": 1
                                                },
                                                {
                                                    "Worker Number": 2,
                                                    "Actual Startup Time": 101.713,
                                                    "Actual Total Time": 101.714,
                                                    "Actual Rows": 51855,
                                                    "Actual Loops": 1
                                                }
                                            ],
                                            "Plans": [
                                                {
                                                    "Node Type": "Seq Scan",
                                                    "Parent Relationship": "Outer",
                                                    "Parallel Aware": true,
                                                    "Relation Name": "title",
                                                    "Schema": "public",
                                                    "Alias": "t",
                                                    "Startup Cost": 0.0,
                                                    "Total Cost": 45479.21,
                                                    "Plan Rows": 28476,
                                                    "Plan Width": 4,
                                                    "Actual Startup Time": 49.717,
                                                    "Actual Total Time": 83.545,
                                                    "Actual Rows": 61010,
                                                    "Actual Loops": 4,
                                                    "Output": [
                                                        "t.id"
                                                    ],
                                                    "Filter": "((t.production_year < 1974) AND (t.kind_id = 1))",
                                                    "Rows Removed by Filter": 571068,
                                                    "Workers": [
                                                        {
                                                            "Worker Number": 0,
                                                            "Actual Startup Time": 46.824,
                                                            "Actual Total Time": 81.873,
                                                            "Actual Rows": 59938,
                                                            "Actual Loops": 1
                                                        },
                                                        {
                                                            "Worker Number": 1,
                                                            "Actual Startup Time": 46.865,
                                                            "Actual Total Time": 81.559,
                                                            "Actual Rows": 59331,
                                                            "Actual Loops": 1
                                                        },
                                                        {
                                                            "Worker Number": 2,
                                                            "Actual Startup Time": 48.248,
                                                            "Actual Total Time": 81.189,
                                                            "Actual Rows": 51855,
                                                            "Actual Loops": 1
                                                        }
                                                    ]
                                                }
                                            ]
                                        }
                                    ]
                                }
                            ]
                        }
                    ]
                }
            ]
        },
        "Planning Time": 186.211,
        "Triggers": [],
        "Execution Time": 202.069
    }
]