[
  {
    "Plan": {
      "Node Type": "Aggregate",
      "Strategy": "Plain",
      "Partial Mode": "Finalize",
      "Parallel Aware": false,
      "Startup Cost": 356430.28,
      "Total Cost": 356430.29,
      "Plan Rows": 1,
      "Plan Width": 8,
      "Actual Startup Time": 597.817,
      "Actual Total Time": 619.821,
      "Actual Rows": 1,
      "Actual Loops": 1,
      "Plans": [
        {
          "Node Type": "Gather",
          "Parent Relationship": "Outer",
          "Parallel Aware": false,
          "Startup Cost": 356429.65,
          "Total Cost": 356430.26,
          "Plan Rows": 6,
          "Plan Width": 8,
          "Actual Startup Time": 578.623,
          "Actual Total Time": 619.81,
          "Actual Rows": 7,
          "Actual Loops": 1,
          "Workers Planned": 6,
          "Workers Launched": 6,
          "Single Copy": false,
          "Plans": [
            {
              "Node Type": "Aggregate",
              "Strategy": "Plain",
              "Partial Mode": "Partial",
              "Parent Relationship": "Outer",
              "Parallel Aware": false,
              "Startup Cost": 355429.65,
              "Total Cost": 355429.66,
              "Plan Rows": 1,
              "Plan Width": 8,
              "Actual Startup Time": 558.161,
              "Actual Total Time": 558.165,
              "Actual Rows": 1,
              "Actual Loops": 7,
              "Plans": [
                {
                  "Node Type": "Hash Join",
                  "Parent Relationship": "Outer",
                  "Parallel Aware": true,
                  "Join Type": "Inner",
                  "Startup Cost": 96577.56,
                  "Total Cost": 354555.17,
                  "Plan Rows": 349792,
                  "Plan Width": 0,
                  "Actual Startup Time": 331.422,
                  "Actual Total Time": 544.434,
                  "Actual Rows": 287779,
                  "Actual Loops": 7,
                  "Inner Unique": true,
                  "Hash Cond": "(ci.movie_id = t.id)",
                  "Plans": [
                    {
                      "Node Type": "Bitmap Heap Scan",
                      "Parent Relationship": "Outer",
                      "Parallel Aware": true,
                      "Relation Name": "cast_info",
                      "Alias": "ci",
                      "Startup Cost": 46357.92,
                      "Total Cost": 303417.32,
                      "Plan Rows": 349792,
                      "Plan Width": 4,
                      "Actual Startup Time": 78.52,
                      "Actual Total Time": 143.813,
                      "Actual Rows": 287779,
                      "Actual Loops": 7,
                      "Recheck Cond": "(person_id > 3666252)",
                      "Rows Removed by Index Recheck": 0,
                      "Exact Heap Blocks": 4643,
                      "Lossy Heap Blocks": 0,
                      "Plans": [
                        {
                          "Node Type": "Bitmap Index Scan",
                          "Parent Relationship": "Outer",
                          "Parallel Aware": false,
                          "Index Name": "person_id_cast_info",
                          "Startup Cost": 0.0,
                          "Total Cost": 45833.23,
                          "Plan Rows": 2098755,
                          "Plan Width": 0,
                          "Actual Startup Time": 73.448,
                          "Actual Total Time": 73.449,
                          "Actual Rows": 2014451,
                          "Actual Loops": 1,
                          "Index Cond": "(person_id > 3666252)"
                        }
                      ]
                    },
                    {
                      "Node Type": "Hash",
                      "Parent Relationship": "Inner",
                      "Parallel Aware": true,
                      "Startup Cost": 42318.73,
                      "Total Cost": 42318.73,
                      "Plan Rows": 632073,
                      "Plan Width": 4,
                      "Actual Startup Time": 246.747,
                      "Actual Total Time": 246.748,
                      "Actual Rows": 361187,
                      "Actual Loops": 7,
                      "Hash Buckets": 4194304,
                      "Original Hash Buckets": 4194304,
                      "Hash Batches": 1,
                      "Original Hash Batches": 1,
                      "Peak Memory Usage": 131776,
                      "Plans": [
                        {
                          "Node Type": "Seq Scan",
                          "Parent Relationship": "Outer",
                          "Parallel Aware": true,
                          "Relation Name": "title",
                          "Alias": "t",
                          "Startup Cost": 0.0,
                          "Total Cost": 42318.73,
                          "Plan Rows": 632073,
                          "Plan Width": 4,
                          "Actual Startup Time": 0.04,
                          "Actual Total Time": 71.951,
                          "Actual Rows": 361187,
                          "Actual Loops": 7
                        }
                      ]
                    }
                  ]
                }
              ]
            }
          ]
        }
      ]
    },
    "Planning Time": 0.557,
    "Triggers": [],
    "Execution Time": 619.898
  }
]