[
  {
    "Plan": {
      "Node Type": "Aggregate",
      "Strategy": "Plain",
      "Partial Mode": "Finalize",
      "Parallel Aware": false,
      "Startup Cost": 44906.33,
      "Total Cost": 44906.34,
      "Plan Rows": 1,
      "Plan Width": 8,
      "Actual Startup Time": 97.639,
      "Actual Total Time": 110.571,
      "Actual Rows": 1,
      "Actual Loops": 1,
      "Plans": [
        {
          "Node Type": "Gather",
          "Parent Relationship": "Outer",
          "Parallel Aware": false,
          "Startup Cost": 44905.91,
          "Total Cost": 44906.32,
          "Plan Rows": 4,
          "Plan Width": 8,
          "Actual Startup Time": 97.196,
          "Actual Total Time": 110.562,
          "Actual Rows": 5,
          "Actual Loops": 1,
          "Workers Planned": 4,
          "Workers Launched": 4,
          "Single Copy": false,
          "Plans": [
            {
              "Node Type": "Aggregate",
              "Strategy": "Plain",
              "Partial Mode": "Partial",
              "Parent Relationship": "Outer",
              "Parallel Aware": false,
              "Startup Cost": 43905.91,
              "Total Cost": 43905.92,
              "Plan Rows": 1,
              "Plan Width": 8,
              "Actual Startup Time": 87.755,
              "Actual Total Time": 87.756,
              "Actual Rows": 1,
              "Actual Loops": 5,
              "Plans": [
                {
                  "Node Type": "Seq Scan",
                  "Parent Relationship": "Outer",
                  "Parallel Aware": true,
                  "Relation Name": "title",
                  "Alias": "t",
                  "Startup Cost": 0.0,
                  "Total Cost": 43899.32,
                  "Plan Rows": 2634,
                  "Plan Width": 0,
                  "Actual Startup Time": 0.228,
                  "Actual Total Time": 87.481,
                  "Actual Rows": 2103,
                  "Actual Loops": 5,
                  "Filter": "(production_year = 1959)",
                  "Rows Removed by Filter": 503559
                }
              ]
            }
          ]
        }
      ]
    },
    "Planning Time": 0.149,
    "Triggers": [],
    "Execution Time": 110.623
  }
]