[
  {
    "Plan": {
      "Node Type": "Aggregate",
      "Strategy": "Plain",
      "Partial Mode": "Finalize",
      "Parallel Aware": false,
      "Startup Cost": 72030.42,
      "Total Cost": 72030.43,
      "Plan Rows": 1,
      "Plan Width": 8,
      "Actual Startup Time": 120.52,
      "Actual Total Time": 135.931,
      "Actual Rows": 1,
      "Actual Loops": 1,
      "Plans": [
        {
          "Node Type": "Gather",
          "Parent Relationship": "Outer",
          "Parallel Aware": false,
          "Startup Cost": 72030.0,
          "Total Cost": 72030.41,
          "Plan Rows": 4,
          "Plan Width": 8,
          "Actual Startup Time": 120.403,
          "Actual Total Time": 135.925,
          "Actual Rows": 5,
          "Actual Loops": 1,
          "Workers Planned": 4,
          "Workers Launched": 4,
          "Single Copy": false,
          "Plans": [
            {
              "Node Type": "Aggregate",
              "Strategy": "Plain",
              "Partial Mode": "Partial",
              "Parent Relationship": "Outer",
              "Parallel Aware": false,
              "Startup Cost": 71030.0,
              "Total Cost": 71030.01,
              "Plan Rows": 1,
              "Plan Width": 8,
              "Actual Startup Time": 111.001,
              "Actual Total Time": 111.002,
              "Actual Rows": 1,
              "Actual Loops": 5,
              "Plans": [
                {
                  "Node Type": "Nested Loop",
                  "Parent Relationship": "Outer",
                  "Parallel Aware": false,
                  "Join Type": "Inner",
                  "Startup Cost": 0.43,
                  "Total Cost": 71020.05,
                  "Plan Rows": 3978,
                  "Plan Width": 0,
                  "Actual Startup Time": 64.953,
                  "Actual Total Time": 110.93,
                  "Actual Rows": 624,
                  "Actual Loops": 5,
                  "Inner Unique": false,
                  "Plans": [
                    {
                      "Node Type": "Seq Scan",
                      "Parent Relationship": "Outer",
                      "Parallel Aware": true,
                      "Relation Name": "title",
                      "Alias": "t",
                      "Startup Cost": 0.0,
                      "Total Cost": 43898.92,
                      "Plan Rows": 3503,
                      "Plan Width": 4,
                      "Actual Startup Time": 59.394,
                      "Actual Total Time": 91.195,
                      "Actual Rows": 3158,
                      "Actual Loops": 5,
                      "Filter": "(production_year < 1906)",
                      "Rows Removed by Filter": 502505
                    },
                    {
                      "Node Type": "Index Scan",
                      "Parent Relationship": "Inner",
                      "Parallel Aware": false,
                      "Scan Direction": "Forward",
                      "Index Name": "movie_id_movie_keyword",
                      "Relation Name": "movie_keyword",
                      "Alias": "mk",
                      "Startup Cost": 0.43,
                      "Total Cost": 7.45,
                      "Plan Rows": 29,
                      "Plan Width": 4,
                      "Actual Startup Time": 0.006,
                      "Actual Total Time": 0.006,
                      "Actual Rows": 0,
                      "Actual Loops": 15788,
                      "Index Cond": "(movie_id = t.id)",
                      "Rows Removed by Index Recheck": 0,
                      "Filter": "(keyword_id > 2551)",
                      "Rows Removed by Filter": 0
                    }
                  ]
                }
              ]
            }
          ]
        }
      ]
    },
    "Planning Time": 0.591,
    "Triggers": [],
    "Execution Time": 136.001
  }
]