{
  "Plan": {
    "Node Type": "Aggregate",
    "Strategy": "Plain",
    "Partial Mode": "Finalize",
    "Parallel Aware": false,
    "Startup Cost": 122353.68,
    "Total Cost": 122353.69,
    "Plan Rows": 1,
    "Plan Width": 8,
    "Actual Startup Time": 1002.083,
    "Actual Total Time": 1026.948,
    "Actual Rows": 1,
    "Actual Loops": 1,
    "Plans": [
      {
        "Node Type": "Gather",
        "Parent Relationship": "Outer",
        "Parallel Aware": false,
        "Startup Cost": 122353.57,
        "Total Cost": 122353.68,
        "Plan Rows": 1,
        "Plan Width": 8,
        "Actual Startup Time": 993.66,
        "Actual Total Time": 1026.932,
        "Actual Rows": 2,
        "Actual Loops": 1,
        "Workers Planned": 1,
        "Workers Launched": 1,
        "Single Copy": false,
        "Plans": [
          {
            "Node Type": "Aggregate",
            "Strategy": "Plain",
            "Partial Mode": "Partial",
            "Parent Relationship": "Outer",
            "Parallel Aware": false,
            "Startup Cost": 121353.57,
            "Total Cost": 121353.58,
            "Plan Rows": 1,
            "Plan Width": 8,
            "Actual Startup Time": 981.767,
            "Actual Total Time": 981.774,
            "Actual Rows": 1,
            "Actual Loops": 2,
            "Plans": [
              {
                "Node Type": "Hash Join",
                "Parent Relationship": "Outer",
                "Parallel Aware": true,
                "Join Type": "Inner",
                "Startup Cost": 87891.11,
                "Total Cost": 120075.78,
                "Plan Rows": 511118,
                "Plan Width": 0,
                "Actual Startup Time": 726.959,
                "Actual Total Time": 958.978,
                "Actual Rows": 432009,
                "Actual Loops": 2,
                "Inner Unique": true,
                "Hash Cond": "(mk.movie_id = t.id)",
                "Plans": [
                  {
                    "Node Type": "Bitmap Heap Scan",
                    "Parent Relationship": "Outer",
                    "Parallel Aware": true,
                    "Relation Name": "movie_keyword",
                    "Alias": "mk",
                    "Startup Cost": 18430.42,
                    "Total Cost": 49273.39,
                    "Plan Rows": 511118,
                    "Plan Width": 4,
                    "Actual Startup Time": 66.083,
                    "Actual Total Time": 175.76,
                    "Actual Rows": 432009,
                    "Actual Loops": 2,
                    "Recheck Cond": "(keyword_id > 21304)",
                    "Rows Removed by Index Recheck": 0,
                    "Exact Heap Blocks": 15106,
                    "Lossy Heap Blocks": 0,
                    "Plans": [
                      {
                        "Node Type": "Bitmap Index Scan",
                        "Parent Relationship": "Outer",
                        "Parallel Aware": false,
                        "Index Name": "keyword_id_movie_keyword",
                        "Startup Cost": 0.0,
                        "Total Cost": 18213.19,
                        "Plan Rows": 868901,
                        "Plan Width": 0,
                        "Actual Startup Time": 62.498,
                        "Actual Total Time": 62.499,
                        "Actual Rows": 864018,
                        "Actual Loops": 1,
                        "Index Cond": "(keyword_id > 21304)"
                      }
                    ]
                  },
                  {
                    "Node Type": "Hash",
                    "Parent Relationship": "Inner",
                    "Parallel Aware": true,
                    "Startup Cost": 50870.31,
                    "Total Cost": 50870.31,
                    "Plan Rows": 1487231,
                    "Plan Width": 4,
                    "Actual Startup Time": 639.152,
                    "Actual Total Time": 639.153,
                    "Actual Rows": 1264156,
                    "Actual Loops": 2,
                    "Hash Buckets": 4194304,
                    "Original Hash Buckets": 4194304,
                    "Hash Batches": 1,
                    "Original Hash Batches": 1,
                    "Peak Memory Usage": 131712,
                    "Plans": [
                      {
                        "Node Type": "Seq Scan",
                        "Parent Relationship": "Outer",
                        "Parallel Aware": true,
                        "Relation Name": "title",
                        "Alias": "t",
                        "Startup Cost": 0.0,
                        "Total Cost": 50870.31,
                        "Plan Rows": 1487231,
                        "Plan Width": 4,
                        "Actual Startup Time": 0.021,
                        "Actual Total Time": 186.754,
                        "Actual Rows": 1264156,
                        "Actual Loops": 2
                      }
                    ]
                  }
                ]
              }
            ]
          }
        ]
      }
    ]
  },
  "Planning Time": 0.771,
  "Triggers": [],
  "Execution Time": 1027.043
}