[
    {
        "Bao": {
            "Bao prediction": 1200.32,
            "Bao recommended hint": "(no hint)"
        }
    },
    {
        "Plan": {
            "Node Type": "Aggregate",
            "Strategy": "Plain",
            "Partial Mode": "Finalize",
            "Parallel Aware": false,
            "Startup Cost": 118881.21,
            "Total Cost": 118881.22,
            "Plan Rows": 1,
            "Plan Width": 8,
            "Actual Startup Time": 607.765,
            "Actual Total Time": 626.273,
            "Actual Rows": 1,
            "Actual Loops": 1,
            "Output": [
                "count(*)"
            ],
            "Plans": [
                {
                    "Node Type": "Gather",
                    "Parent Relationship": "Outer",
                    "Parallel Aware": false,
                    "Startup Cost": 118880.89,
                    "Total Cost": 118881.2,
                    "Plan Rows": 3,
                    "Plan Width": 8,
                    "Actual Startup Time": 601.842,
                    "Actual Total Time": 626.262,
                    "Actual Rows": 4,
                    "Actual Loops": 1,
                    "Output": [
                        "(PARTIAL count(*))"
                    ],
                    "Workers Planned": 3,
                    "Workers Launched": 3,
                    "Single Copy": false,
                    "Plans": [
                        {
                            "Node Type": "Aggregate",
                            "Strategy": "Plain",
                            "Partial Mode": "Partial",
                            "Parent Relationship": "Outer",
                            "Parallel Aware": false,
                            "Startup Cost": 117880.89,
                            "Total Cost": 117880.9,
                            "Plan Rows": 1,
                            "Plan Width": 8,
                            "Actual Startup Time": 592.794,
                            "Actual Total Time": 592.934,
                            "Actual Rows": 1,
                            "Actual Loops": 4,
                            "Output": [
                                "PARTIAL count(*)"
                            ],
                            "Workers": [
                                {
                                    "Worker Number": 0,
                                    "Actual Startup Time": 589.903,
                                    "Actual Total Time": 589.91,
                                    "Actual Rows": 1,
                                    "Actual Loops": 1
                                },
                                {
                                    "Worker Number": 1,
                                    "Actual Startup Time": 589.911,
                                    "Actual Total Time": 589.917,
                                    "Actual Rows": 1,
                                    "Actual Loops": 1
                                },
                                {
                                    "Worker Number": 2,
                                    "Actual Startup Time": 590.463,
                                    "Actual Total Time": 590.468,
                                    "Actual Rows": 1,
                                    "Actual Loops": 1
                                }
                            ],
                            "Plans": [
                                {
                                    "Node Type": "Hash Join",
                                    "Parent Relationship": "Outer",
                                    "Parallel Aware": true,
                                    "Join Type": "Inner",
                                    "Startup Cost": 90624.54,
                                    "Total Cost": 117808.38,
                                    "Plan Rows": 29005,
                                    "Plan Width": 0,
                                    "Actual Startup Time": 494.967,
                                    "Actual Total Time": 591.843,
                                    "Actual Rows": 8462,
                                    "Actual Loops": 4,
                                    "Inner Unique": false,
                                    "Hash Cond": "(mk.movie_id = t.id)",
                                    "Workers": [
                                        {
                                            "Worker Number": 0,
                                            "Actual Startup Time": 491.952,
                                            "Actual Total Time": 588.924,
                                            "Actual Rows": 13755,
                                            "Actual Loops": 1
                                        },
                                        {
                                            "Worker Number": 1,
                                            "Actual Startup Time": 492.312,
                                            "Actual Total Time": 588.818,
                                            "Actual Rows": 6233,
                                            "Actual Loops": 1
                                        },
                                        {
                                            "Worker Number": 2,
                                            "Actual Startup Time": 492.433,
                                            "Actual Total Time": 589.4,
                                            "Actual Rows": 6182,
                                            "Actual Loops": 1
                                        }
                                    ],
                                    "Plans": [
                                        {
                                            "Node Type": "Bitmap Heap Scan",
                                            "Parent Relationship": "Outer",
                                            "Parallel Aware": true,
                                            "Relation Name": "movie_keyword",
                                            "Schema": "public",
                                            "Alias": "mk",
                                            "Startup Cost": 10753.19,
                                            "Total Cost": 37251.28,
                                            "Plan Rows": 163528,
                                            "Plan Width": 4,
                                            "Actual Startup Time": 64.088,
                                            "Actual Total Time": 134.084,
                                            "Actual Rows": 124422,
                                            "Actual Loops": 4,
                                            "Output": [
                                                "mk.id",
                                                "mk.movie_id",
                                                "mk.keyword_id"
                                            ],
                                            "Recheck Cond": "(mk.keyword_id > 36233)",
                                            "Rows Removed by Index Recheck": 0,
                                            "Exact Heap Blocks": 6651,
                                            "Lossy Heap Blocks": 0,
                                            "Workers": [
                                                {
                                                    "Worker Number": 0,
                                                    "Actual Startup Time": 63.926,
                                                    "Actual Total Time": 134.819,
                                                    "Actual Rows": 134670,
                                                    "Actual Loops": 1
                                                },
                                                {
                                                    "Worker Number": 1,
                                                    "Actual Startup Time": 64.187,
                                                    "Actual Total Time": 135.72,
                                                    "Actual Rows": 110012,
                                                    "Actual Loops": 1
                                                },
                                                {
                                                    "Worker Number": 2,
                                                    "Actual Startup Time": 64.108,
                                                    "Actual Total Time": 135.988,
                                                    "Actual Rows": 109934,
                                                    "Actual Loops": 1
                                                }
                                            ],
                                            "Plans": [
                                                {
                                                    "Node Type": "Bitmap Index Scan",
                                                    "Parent Relationship": "Outer",
                                                    "Parallel Aware": false,
                                                    "Index Name": "keyword_id_movie_keyword",
                                                    "Startup Cost": 0.0,
                                                    "Total Cost": 10626.45,
                                                    "Plan Rows": 506936,
                                                    "Plan Width": 0,
                                                    "Actual Startup Time": 58.553,
                                                    "Actual Total Time": 58.553,
                                                    "Actual Rows": 497687,
                                                    "Actual Loops": 1,
                                                    "Index Cond": "(mk.keyword_id > 36233)",
                                                    "Workers": [
                                                        {
                                                            "Worker Number": 0,
                                                            "Actual Startup Time": 58.553,
                                                            "Actual Total Time": 58.553,
                                                            "Actual Rows": 497687,
                                                            "Actual Loops": 1
                                                        }
                                                    ]
                                                }
                                            ]
                                        },
                                        {
                                            "Node Type": "Hash",
                                            "Parent Relationship": "Inner",
                                            "Parallel Aware": true,
                                            "Startup Cost": 78469.97,
                                            "Total Cost": 78469.97,
                                            "Plan Rows": 112111,
                                            "Plan Width": 8,
                                            "Actual Startup Time": 427.615,
                                            "Actual Total Time": 427.752,
                                            "Actual Rows": 46410,
                                            "Actual Loops": 4,
                                            "Output": [
                                                "t.id",
                                                "mc.movie_id"
                                            ],
                                            "Hash Buckets": 524288,
                                            "Original Hash Buckets": 524288,
                                            "Hash Batches": 1,
                                            "Original Hash Batches": 1,
                                            "Peak Memory Usage": 11424,
                                            "Workers": [
                                                {
                                                    "Worker Number": 0,
                                                    "Actual Startup Time": 427.652,
                                                    "Actual Total Time": 427.656,
                                                    "Actual Rows": 45192,
                                                    "Actual Loops": 1
                                                },
                                                {
                                                    "Worker Number": 1,
                                                    "Actual Startup Time": 427.577,
                                                    "Actual Total Time": 427.58,
                                                    "Actual Rows": 45707,
                                                    "Actual Loops": 1
                                                },
                                                {
                                                    "Worker Number": 2,
                                                    "Actual Startup Time": 427.869,
                                                    "Actual Total Time": 427.872,
                                                    "Actual Rows": 43537,
                                                    "Actual Loops": 1
                                                }
                                            ],
                                            "Plans": [
                                                {
                                                    "Node Type": "Hash Join",
                                                    "Parent Relationship": "Outer",
                                                    "Parallel Aware": true,
                                                    "Join Type": "Inner",
                                                    "Startup Cost": 32293.27,
                                                    "Total Cost": 78469.97,
                                                    "Plan Rows": 112111,
                                                    "Plan Width": 8,
                                                    "Actual Startup Time": 178.419,
                                                    "Actual Total Time": 408.525,
                                                    "Actual Rows": 46410,
                                                    "Actual Loops": 4,
                                                    "Output": [
                                                        "t.id",
                                                        "mc.movie_id"
                                                    ],
                                                    "Inner Unique": false,
                                                    "Hash Cond": "(t.id = mc.movie_id)",
                                                    "Workers": [
                                                        {
                                                            "Worker Number": 0,
                                                            "Actual Startup Time": 178.317,
                                                            "Actual Total Time": 407.062,
                                                            "Actual Rows": 45192,
                                                            "Actual Loops": 1
                                                        },
                                                        {
                                                            "Worker Number": 1,
                                                            "Actual Startup Time": 178.381,
                                                            "Actual Total Time": 408.668,
                                                            "Actual Rows": 45707,
                                                            "Actual Loops": 1
                                                        },
                                                        {
                                                            "Worker Number": 2,
                                                            "Actual Startup Time": 178.481,
                                                            "Actual Total Time": 409.722,
                                                            "Actual Rows": 43537,
                                                            "Actual Loops": 1
                                                        }
                                                    ],
                                                    "Plans": [
                                                        {
                                                            "Node Type": "Seq Scan",
                                                            "Parent Relationship": "Outer",
                                                            "Parallel Aware": true,
                                                            "Relation Name": "title",
                                                            "Schema": "public",
                                                            "Alias": "t",
                                                            "Startup Cost": 0.0,
                                                            "Total Cost": 43899.01,
                                                            "Plan Rows": 383209,
                                                            "Plan Width": 4,
                                                            "Actual Startup Time": 0.012,
                                                            "Actual Total Time": 110.817,
                                                            "Actual Rows": 385816,
                                                            "Actual Loops": 4,
                                                            "Output": [
                                                                "t.id",
                                                                "t.title",
                                                                "t.imdb_index",
                                                                "t.kind_id",
                                                                "t.production_year",
                                                                "t.imdb_id",
                                                                "t.phonetic_code",
                                                                "t.episode_of_id",
                                                                "t.season_nr",
                                                                "t.episode_nr",
                                                                "t.series_years",
                                                                "t.md5sum"
                                                            ],
                                                            "Filter": "(t.kind_id = 7)",
                                                            "Rows Removed by Filter": 246262,
                                                            "Workers": [
                                                                {
                                                                    "Worker Number": 0,
                                                                    "Actual Startup Time": 0.013,
                                                                    "Actual Total Time": 113.778,
                                                                    "Actual Rows": 379037,
                                                                    "Actual Loops": 1
                                                                },
                                                                {
                                                                    "Worker Number": 1,
                                                                    "Actual Startup Time": 0.012,
                                                                    "Actual Total Time": 114.056,
                                                                    "Actual Rows": 381349,
                                                                    "Actual Loops": 1
                                                                },
                                                                {
                                                                    "Worker Number": 2,
                                                                    "Actual Startup Time": 0.013,
                                                                    "Actual Total Time": 110.748,
                                                                    "Actual Rows": 358168,
                                                                    "Actual Loops": 1
                                                                }
                                                            ]
                                                        },
                                                        {
                                                            "Node Type": "Hash",
                                                            "Parent Relationship": "Inner",
                                                            "Parallel Aware": true,
                                                            "Startup Cost": 29310.68,
                                                            "Total Cost": 29310.68,
                                                            "Plan Rows": 238607,
                                                            "Plan Width": 4,
                                                            "Actual Startup Time": 175.096,
                                                            "Actual Total Time": 175.097,
                                                            "Actual Rows": 185278,
                                                            "Actual Loops": 4,
                                                            "Output": [
                                                                "mc.movie_id"
                                                            ],
                                                            "Hash Buckets": 1048576,
                                                            "Original Hash Buckets": 1048576,
                                                            "Hash Batches": 1,
                                                            "Original Hash Batches": 1,
                                                            "Peak Memory Usage": 37216,
                                                            "Workers": [
                                                                {
                                                                    "Worker Number": 0,
                                                                    "Actual Startup Time": 178.19,
                                                                    "Actual Total Time": 178.191,
                                                                    "Actual Rows": 181354,
                                                                    "Actual Loops": 1
                                                                },
                                                                {
                                                                    "Worker Number": 1,
                                                                    "Actual Startup Time": 178.045,
                                                                    "Actual Total Time": 178.047,
                                                                    "Actual Rows": 182402,
                                                                    "Actual Loops": 1
                                                                },
                                                                {
                                                                    "Worker Number": 2,
                                                                    "Actual Startup Time": 178.092,
                                                                    "Actual Total Time": 178.093,
                                                                    "Actual Rows": 172890,
                                                                    "Actual Loops": 1
                                                                }
                                                            ],
                                                            "Plans": [
                                                                {
                                                                    "Node Type": "Seq Scan",
                                                                    "Parent Relationship": "Outer",
                                                                    "Parallel Aware": true,
                                                                    "Relation Name": "movie_companies",
                                                                    "Schema": "public",
                                                                    "Alias": "mc",
                                                                    "Startup Cost": 0.0,
                                                                    "Total Cost": 29310.68,
                                                                    "Plan Rows": 238607,
                                                                    "Plan Width": 4,
                                                                    "Actual Startup Time": 31.082,
                                                                    "Actual Total Time": 102.733,
                                                                    "Actual Rows": 185278,
                                                                    "Actual Loops": 4,
                                                                    "Output": [
                                                                        "mc.movie_id"
                                                                    ],
                                                                    "Filter": "(mc.company_id > 38548)",
                                                                    "Rows Removed by Filter": 467004,
                                                                    "Workers": [
                                                                        {
                                                                            "Worker Number": 0,
                                                                            "Actual Startup Time": 31.062,
                                                                            "Actual Total Time": 104.177,
                                                                            "Actual Rows": 181354,
                                                                            "Actual Loops": 1
                                                                        },
                                                                        {
                                                                            "Worker Number": 1,
                                                                            "Actual Startup Time": 31.064,
                                                                            "Actual Total Time": 104.569,
                                                                            "Actual Rows": 182402,
                                                                            "Actual Loops": 1
                                                                        },
                                                                        {
                                                                            "Worker Number": 2,
                                                                            "Actual Startup Time": 31.085,
                                                                            "Actual Total Time": 101.124,
                                                                            "Actual Rows": 172890,
                                                                            "Actual Loops": 1
                                                                        }
                                                                    ]
                                                                }
                                                            ]
                                                        }
                                                    ]
                                                }
                                            ]
                                        }
                                    ]
                                }
                            ]
                        }
                    ]
                }
            ]
        },
        "Planning Time": 2122.017,
        "Triggers": [],
        "Execution Time": 626.51
    }
]