[
  {
    "Plan": {
      "Node Type": "Aggregate",
      "Strategy": "Plain",
      "Partial Mode": "Finalize",
      "Parallel Aware": false,
      "Startup Cost": 46091.81,
      "Total Cost": 46091.82,
      "Plan Rows": 1,
      "Plan Width": 8,
      "Actual Startup Time": 172.767,
      "Actual Total Time": 179.187,
      "Actual Rows": 1,
      "Actual Loops": 1,
      "Plans": [
        {
          "Node Type": "Gather",
          "Parent Relationship": "Outer",
          "Parallel Aware": false,
          "Startup Cost": 46091.49,
          "Total Cost": 46091.8,
          "Plan Rows": 3,
          "Plan Width": 8,
          "Actual Startup Time": 172.629,
          "Actual Total Time": 179.177,
          "Actual Rows": 4,
          "Actual Loops": 1,
          "Workers Planned": 3,
          "Workers Launched": 3,
          "Single Copy": false,
          "Plans": [
            {
              "Node Type": "Aggregate",
              "Strategy": "Plain",
              "Partial Mode": "Partial",
              "Parent Relationship": "Outer",
              "Parallel Aware": false,
              "Startup Cost": 45091.49,
              "Total Cost": 45091.5,
              "Plan Rows": 1,
              "Plan Width": 8,
              "Actual Startup Time": 167.223,
              "Actual Total Time": 167.225,
              "Actual Rows": 1,
              "Actual Loops": 4,
              "Plans": [
                {
                  "Node Type": "Seq Scan",
                  "Parent Relationship": "Outer",
                  "Parallel Aware": true,
                  "Relation Name": "movie_keyword",
                  "Alias": "mk",
                  "Startup Cost": 0.0,
                  "Total Cost": 42695.65,
                  "Plan Rows": 958334,
                  "Plan Width": 0,
                  "Actual Startup Time": 0.036,
                  "Actual Total Time": 127.215,
                  "Actual Rows": 745413,
                  "Actual Loops": 4,
                  "Filter": "(keyword_id < 10279)",
                  "Rows Removed by Filter": 385570
                }
              ]
            }
          ]
        }
      ]
    },
    "Planning Time": 0.188,
    "Triggers": [],
    "Execution Time": 179.249
  }
]