{
    "Plan": {
        "Node Type": "Aggregate",
        "Strategy": "Plain",
        "Partial Mode": "Finalize",
        "Parallel Aware": false,
        "Startup Cost": 309940.83,
        "Total Cost": 309940.84,
        "Plan Rows": 1,
        "Plan Width": 8,
        "Actual Startup Time": 1062.008,
        "Actual Total Time": 1093.744,
        "Actual Rows": 1,
        "Actual Loops": 1,
        "Output": [
            "count(*)"
        ],
        "Plans": [
            {
                "Node Type": "Gather",
                "Parent Relationship": "Outer",
                "Parallel Aware": false,
                "Startup Cost": 309940.2,
                "Total Cost": 309940.81,
                "Plan Rows": 6,
                "Plan Width": 8,
                "Actual Startup Time": 1038.041,
                "Actual Total Time": 1093.73,
                "Actual Rows": 7,
                "Actual Loops": 1,
                "Output": [
                    "(PARTIAL count(*))"
                ],
                "Workers Planned": 6,
                "Workers Launched": 6,
                "Single Copy": false,
                "Plans": [
                    {
                        "Node Type": "Aggregate",
                        "Strategy": "Plain",
                        "Partial Mode": "Partial",
                        "Parent Relationship": "Outer",
                        "Parallel Aware": false,
                        "Startup Cost": 308940.2,
                        "Total Cost": 308940.21,
                        "Plan Rows": 1,
                        "Plan Width": 8,
                        "Actual Startup Time": 1022.668,
                        "Actual Total Time": 1022.672,
                        "Actual Rows": 1,
                        "Actual Loops": 7,
                        "Output": [
                            "PARTIAL count(*)"
                        ],
                        "Workers": [
                            {
                                "Worker Number": 0,
                                "Actual Startup Time": 1019.807,
                                "Actual Total Time": 1019.81,
                                "Actual Rows": 1,
                                "Actual Loops": 1
                            },
                            {
                                "Worker Number": 1,
                                "Actual Startup Time": 1019.844,
                                "Actual Total Time": 1019.848,
                                "Actual Rows": 1,
                                "Actual Loops": 1
                            },
                            {
                                "Worker Number": 2,
                                "Actual Startup Time": 1020.008,
                                "Actual Total Time": 1020.01,
                                "Actual Rows": 1,
                                "Actual Loops": 1
                            },
                            {
                                "Worker Number": 3,
                                "Actual Startup Time": 1021.367,
                                "Actual Total Time": 1021.369,
                                "Actual Rows": 1,
                                "Actual Loops": 1
                            },
                            {
                                "Worker Number": 4,
                                "Actual Startup Time": 1019.873,
                                "Actual Total Time": 1019.876,
                                "Actual Rows": 1,
                                "Actual Loops": 1
                            },
                            {
                                "Worker Number": 5,
                                "Actual Startup Time": 1020.204,
                                "Actual Total Time": 1020.206,
                                "Actual Rows": 1,
                                "Actual Loops": 1
                            }
                        ],
                        "Plans": [
                            {
                                "Node Type": "Hash Join",
                                "Parent Relationship": "Outer",
                                "Parallel Aware": true,
                                "Join Type": "Inner",
                                "Startup Cost": 50220.37,
                                "Total Cost": 305439.7,
                                "Plan Rows": 1400201,
                                "Plan Width": 0,
                                "Actual Startup Time": 256.825,
                                "Actual Total Time": 985.324,
                                "Actual Rows": 804966,
                                "Actual Loops": 7,
                                "Inner Unique": true,
                                "Hash Cond": "(ci.movie_id = t.id)",
                                "Workers": [
                                    {
                                        "Worker Number": 0,
                                        "Actual Startup Time": 254.018,
                                        "Actual Total Time": 979.467,
                                        "Actual Rows": 613118,
                                        "Actual Loops": 1
                                    },
                                    {
                                        "Worker Number": 1,
                                        "Actual Startup Time": 254.228,
                                        "Actual Total Time": 984.212,
                                        "Actual Rows": 869390,
                                        "Actual Loops": 1
                                    },
                                    {
                                        "Worker Number": 2,
                                        "Actual Startup Time": 254.364,
                                        "Actual Total Time": 984.011,
                                        "Actual Rows": 876135,
                                        "Actual Loops": 1
                                    },
                                    {
                                        "Worker Number": 3,
                                        "Actual Startup Time": 254.361,
                                        "Actual Total Time": 986.3,
                                        "Actual Rows": 766657,
                                        "Actual Loops": 1
                                    },
                                    {
                                        "Worker Number": 4,
                                        "Actual Startup Time": 254.341,
                                        "Actual Total Time": 984.157,
                                        "Actual Rows": 765171,
                                        "Actual Loops": 1
                                    },
                                    {
                                        "Worker Number": 5,
                                        "Actual Startup Time": 254.632,
                                        "Actual Total Time": 984.056,
                                        "Actual Rows": 878221,
                                        "Actual Loops": 1
                                    }
                                ],
                                "Plans": [
                                    {
                                        "Node Type": "Index Scan",
                                        "Parent Relationship": "Outer",
                                        "Parallel Aware": true,
                                        "Scan Direction": "Forward",
                                        "Index Name": "role_id_cast_info",
                                        "Relation Name": "cast_info",
                                        "Schema": "public",
                                        "Alias": "ci",
                                        "Startup Cost": 0.56,
                                        "Total Cost": 251544.36,
                                        "Plan Rows": 1400201,
                                        "Plan Width": 4,
                                        "Actual Startup Time": 0.357,
                                        "Actual Total Time": 302.181,
                                        "Actual Rows": 804966,
                                        "Actual Loops": 7,
                                        "Output": [
                                            "ci.id",
                                            "ci.person_id",
                                            "ci.movie_id",
                                            "ci.person_role_id",
                                            "ci.note",
                                            "ci.nr_order",
                                            "ci.role_id"
                                        ],
                                        "Index Cond": "(ci.role_id > 4)",
                                        "Rows Removed by Index Recheck": 0,
                                        "Filter": "(ci.person_id < 3377131)",
                                        "Rows Removed by Filter": 535705,
                                        "Workers": [
                                            {
                                                "Worker Number": 0,
                                                "Actual Startup Time": 0.095,
                                                "Actual Total Time": 323.936,
                                                "Actual Rows": 613118,
                                                "Actual Loops": 1
                                            },
                                            {
                                                "Worker Number": 1,
                                                "Actual Startup Time": 0.336,
                                                "Actual Total Time": 304.898,
                                                "Actual Rows": 869390,
                                                "Actual Loops": 1
                                            },
                                            {
                                                "Worker Number": 2,
                                                "Actual Startup Time": 0.375,
                                                "Actual Total Time": 304.261,
                                                "Actual Rows": 876135,
                                                "Actual Loops": 1
                                            },
                                            {
                                                "Worker Number": 3,
                                                "Actual Startup Time": 0.531,
                                                "Actual Total Time": 305.014,
                                                "Actual Rows": 766657,
                                                "Actual Loops": 1
                                            },
                                            {
                                                "Worker Number": 4,
                                                "Actual Startup Time": 0.494,
                                                "Actual Total Time": 308.105,
                                                "Actual Rows": 765171,
                                                "Actual Loops": 1
                                            },
                                            {
                                                "Worker Number": 5,
                                                "Actual Startup Time": 0.387,
                                                "Actual Total Time": 302.866,
                                                "Actual Rows": 878221,
                                                "Actual Loops": 1
                                            }
                                        ]
                                    },
                                    {
                                        "Node Type": "Hash",
                                        "Parent Relationship": "Inner",
                                        "Parallel Aware": true,
                                        "Startup Cost": 42318.81,
                                        "Total Cost": 42318.81,
                                        "Plan Rows": 632080,
                                        "Plan Width": 4,
                                        "Actual Startup Time": 250.65,
                                        "Actual Total Time": 250.651,
                                        "Actual Rows": 361187,
                                        "Actual Loops": 7,
                                        "Output": [
                                            "t.id"
                                        ],
                                        "Hash Buckets": 4194304,
                                        "Original Hash Buckets": 4194304,
                                        "Hash Batches": 1,
                                        "Original Hash Batches": 1,
                                        "Peak Memory Usage": 131808,
                                        "Workers": [
                                            {
                                                "Worker Number": 0,
                                                "Actual Startup Time": 253.264,
                                                "Actual Total Time": 253.264,
                                                "Actual Rows": 280774,
                                                "Actual Loops": 1
                                            },
                                            {
                                                "Worker Number": 1,
                                                "Actual Startup Time": 253.479,
                                                "Actual Total Time": 253.48,
                                                "Actual Rows": 380964,
                                                "Actual Loops": 1
                                            },
                                            {
                                                "Worker Number": 2,
                                                "Actual Startup Time": 253.379,
                                                "Actual Total Time": 253.38,
                                                "Actual Rows": 383159,
                                                "Actual Loops": 1
                                            },
                                            {
                                                "Worker Number": 3,
                                                "Actual Startup Time": 253.403,
                                                "Actual Total Time": 253.404,
                                                "Actual Rows": 332686,
                                                "Actual Loops": 1
                                            },
                                            {
                                                "Worker Number": 4,
                                                "Actual Startup Time": 253.45,
                                                "Actual Total Time": 253.451,
                                                "Actual Rows": 331387,
                                                "Actual Loops": 1
                                            },
                                            {
                                                "Worker Number": 5,
                                                "Actual Startup Time": 253.865,
                                                "Actual Total Time": 253.865,
                                                "Actual Rows": 380856,
                                                "Actual Loops": 1
                                            }
                                        ],
                                        "Plans": [
                                            {
                                                "Node Type": "Seq Scan",
                                                "Parent Relationship": "Outer",
                                                "Parallel Aware": true,
                                                "Relation Name": "title",
                                                "Schema": "public",
                                                "Alias": "t",
                                                "Startup Cost": 0.0,
                                                "Total Cost": 42318.81,
                                                "Plan Rows": 632080,
                                                "Plan Width": 4,
                                                "Actual Startup Time": 0.059,
                                                "Actual Total Time": 72.174,
                                                "Actual Rows": 361187,
                                                "Actual Loops": 7,
                                                "Output": [
                                                    "t.id"
                                                ],
                                                "Workers": [
                                                    {
                                                        "Worker Number": 0,
                                                        "Actual Startup Time": 0.072,
                                                        "Actual Total Time": 77.284,
                                                        "Actual Rows": 280774,
                                                        "Actual Loops": 1
                                                    },
                                                    {
                                                        "Worker Number": 1,
                                                        "Actual Startup Time": 0.068,
                                                        "Actual Total Time": 72.843,
                                                        "Actual Rows": 380964,
                                                        "Actual Loops": 1
                                                    },
                                                    {
                                                        "Worker Number": 2,
                                                        "Actual Startup Time": 0.071,
                                                        "Actual Total Time": 72.38,
                                                        "Actual Rows": 383159,
                                                        "Actual Loops": 1
                                                    },
                                                    {
                                                        "Worker Number": 3,
                                                        "Actual Startup Time": 0.061,
                                                        "Actual Total Time": 75.14,
                                                        "Actual Rows": 332686,
                                                        "Actual Loops": 1
                                                    },
                                                    {
                                                        "Worker Number": 4,
                                                        "Actual Startup Time": 0.058,
                                                        "Actual Total Time": 74.343,
                                                        "Actual Rows": 331387,
                                                        "Actual Loops": 1
                                                    },
                                                    {
                                                        "Worker Number": 5,
                                                        "Actual Startup Time": 0.067,
                                                        "Actual Total Time": 72.595,
                                                        "Actual Rows": 380856,
                                                        "Actual Loops": 1
                                                    }
                                                ]
                                            }
                                        ]
                                    }
                                ]
                            }
                        ]
                    }
                ]
            }
        ]
    },
    "Planning Time": 0.397,
    "Triggers": [],
    "Execution Time": 1093.81
}