[
    {
        "Bao": {
            "Bao prediction": "NaN",
            "Bao recommended hint": "(no hint)"
        }
    },
    {
        "Plan": {
            "Node Type": "Aggregate",
            "Strategy": "Plain",
            "Partial Mode": "Finalize",
            "Parallel Aware": false,
            "Startup Cost": 272962.78,
            "Total Cost": 272962.79,
            "Plan Rows": 1,
            "Plan Width": 8,
            "Actual Startup Time": 757.883,
            "Actual Total Time": 811.89,
            "Actual Rows": 1,
            "Actual Loops": 1,
            "Output": [
                "count(*)"
            ],
            "Plans": [
                {
                    "Node Type": "Gather",
                    "Parent Relationship": "Outer",
                    "Parallel Aware": false,
                    "Startup Cost": 272962.26,
                    "Total Cost": 272962.77,
                    "Plan Rows": 5,
                    "Plan Width": 8,
                    "Actual Startup Time": 757.034,
                    "Actual Total Time": 811.88,
                    "Actual Rows": 6,
                    "Actual Loops": 1,
                    "Output": [
                        "(PARTIAL count(*))"
                    ],
                    "Workers Planned": 5,
                    "Workers Launched": 5,
                    "Single Copy": false,
                    "Plans": [
                        {
                            "Node Type": "Aggregate",
                            "Strategy": "Plain",
                            "Partial Mode": "Partial",
                            "Parent Relationship": "Outer",
                            "Parallel Aware": false,
                            "Startup Cost": 271962.26,
                            "Total Cost": 271962.27,
                            "Plan Rows": 1,
                            "Plan Width": 8,
                            "Actual Startup Time": 746.516,
                            "Actual Total Time": 746.52,
                            "Actual Rows": 1,
                            "Actual Loops": 6,
                            "Output": [
                                "PARTIAL count(*)"
                            ],
                            "Workers": [
                                {
                                    "Worker Number": 0,
                                    "Actual Startup Time": 744.153,
                                    "Actual Total Time": 744.156,
                                    "Actual Rows": 1,
                                    "Actual Loops": 1
                                },
                                {
                                    "Worker Number": 1,
                                    "Actual Startup Time": 744.153,
                                    "Actual Total Time": 744.157,
                                    "Actual Rows": 1,
                                    "Actual Loops": 1
                                },
                                {
                                    "Worker Number": 2,
                                    "Actual Startup Time": 744.554,
                                    "Actual Total Time": 744.558,
                                    "Actual Rows": 1,
                                    "Actual Loops": 1
                                },
                                {
                                    "Worker Number": 3,
                                    "Actual Startup Time": 744.46,
                                    "Actual Total Time": 744.465,
                                    "Actual Rows": 1,
                                    "Actual Loops": 1
                                },
                                {
                                    "Worker Number": 4,
                                    "Actual Startup Time": 745.572,
                                    "Actual Total Time": 745.576,
                                    "Actual Rows": 1,
                                    "Actual Loops": 1
                                }
                            ],
                            "Plans": [
                                {
                                    "Node Type": "Nested Loop",
                                    "Parent Relationship": "Outer",
                                    "Parallel Aware": false,
                                    "Join Type": "Inner",
                                    "Startup Cost": 44102.62,
                                    "Total Cost": 271551.66,
                                    "Plan Rows": 164238,
                                    "Plan Width": 0,
                                    "Actual Startup Time": 91.057,
                                    "Actual Total Time": 731.754,
                                    "Actual Rows": 273858,
                                    "Actual Loops": 6,
                                    "Inner Unique": false,
                                    "Join Filter": "(t.id = ci.movie_id)",
                                    "Rows Removed by Join Filter": 0,
                                    "Workers": [
                                        {
                                            "Worker Number": 0,
                                            "Actual Startup Time": 88.596,
                                            "Actual Total Time": 729.922,
                                            "Actual Rows": 261634,
                                            "Actual Loops": 1
                                        },
                                        {
                                            "Worker Number": 1,
                                            "Actual Startup Time": 88.757,
                                            "Actual Total Time": 729.834,
                                            "Actual Rows": 264691,
                                            "Actual Loops": 1
                                        },
                                        {
                                            "Worker Number": 2,
                                            "Actual Startup Time": 89.197,
                                            "Actual Total Time": 728.807,
                                            "Actual Rows": 178438,
                                            "Actual Loops": 1
                                        },
                                        {
                                            "Worker Number": 3,
                                            "Actual Startup Time": 89.089,
                                            "Actual Total Time": 730.517,
                                            "Actual Rows": 276313,
                                            "Actual Loops": 1
                                        },
                                        {
                                            "Worker Number": 4,
                                            "Actual Startup Time": 90.075,
                                            "Actual Total Time": 731.631,
                                            "Actual Rows": 256496,
                                            "Actual Loops": 1
                                        }
                                    ],
                                    "Plans": [
                                        {
                                            "Node Type": "Hash Join",
                                            "Parent Relationship": "Outer",
                                            "Parallel Aware": true,
                                            "Join Type": "Inner",
                                            "Startup Cost": 44102.06,
                                            "Total Cost": 244152.72,
                                            "Plan Rows": 11454,
                                            "Plan Width": 8,
                                            "Actual Startup Time": 90.973,
                                            "Actual Total Time": 387.911,
                                            "Actual Rows": 7189,
                                            "Actual Loops": 6,
                                            "Output": [
                                                "t.id",
                                                "mi.movie_id"
                                            ],
                                            "Inner Unique": true,
                                            "Hash Cond": "(mi.movie_id = t.id)",
                                            "Workers": [
                                                {
                                                    "Worker Number": 0,
                                                    "Actual Startup Time": 88.497,
                                                    "Actual Total Time": 382.903,
                                                    "Actual Rows": 6838,
                                                    "Actual Loops": 1
                                                },
                                                {
                                                    "Worker Number": 1,
                                                    "Actual Startup Time": 88.673,
                                                    "Actual Total Time": 381.648,
                                                    "Actual Rows": 7009,
                                                    "Actual Loops": 1
                                                },
                                                {
                                                    "Worker Number": 2,
                                                    "Actual Startup Time": 89.088,
                                                    "Actual Total Time": 380.85,
                                                    "Actual Rows": 4540,
                                                    "Actual Loops": 1
                                                },
                                                {
                                                    "Worker Number": 3,
                                                    "Actual Startup Time": 88.987,
                                                    "Actual Total Time": 378.243,
                                                    "Actual Rows": 6916,
                                                    "Actual Loops": 1
                                                },
                                                {
                                                    "Worker Number": 4,
                                                    "Actual Startup Time": 89.989,
                                                    "Actual Total Time": 388.739,
                                                    "Actual Rows": 6730,
                                                    "Actual Loops": 1
                                                }
                                            ],
                                            "Plans": [
                                                {
                                                    "Node Type": "Seq Scan",
                                                    "Parent Relationship": "Outer",
                                                    "Parallel Aware": true,
                                                    "Relation Name": "movie_info",
                                                    "Schema": "public",
                                                    "Alias": "mi",
                                                    "Startup Cost": 0.0,
                                                    "Total Cost": 198880.74,
                                                    "Plan Rows": 445687,
                                                    "Plan Width": 4,
                                                    "Actual Startup Time": 14.475,
                                                    "Actual Total Time": 268.359,
                                                    "Actual Rows": 372308,
                                                    "Actual Loops": 6,
                                                    "Output": [
                                                        "mi.id",
                                                        "mi.movie_id",
                                                        "mi.info_type_id",
                                                        "mi.info",
                                                        "mi.note"
                                                    ],
                                                    "Filter": "(mi.info_type_id > 16)",
                                                    "Rows Removed by Filter": 2100312,
                                                    "Workers": [
                                                        {
                                                            "Worker Number": 0,
                                                            "Actual Startup Time": 14.495,
                                                            "Actual Total Time": 267.14,
                                                            "Actual Rows": 358850,
                                                            "Actual Loops": 1
                                                        },
                                                        {
                                                            "Worker Number": 1,
                                                            "Actual Startup Time": 14.498,
                                                            "Actual Total Time": 265.576,
                                                            "Actual Rows": 358948,
                                                            "Actual Loops": 1
                                                        },
                                                        {
                                                            "Worker Number": 2,
                                                            "Actual Startup Time": 14.477,
                                                            "Actual Total Time": 268.249,
                                                            "Actual Rows": 239079,
                                                            "Actual Loops": 1
                                                        },
                                                        {
                                                            "Worker Number": 3,
                                                            "Actual Startup Time": 14.469,
                                                            "Actual Total Time": 266.452,
                                                            "Actual Rows": 341816,
                                                            "Actual Loops": 1
                                                        },
                                                        {
                                                            "Worker Number": 4,
                                                            "Actual Startup Time": 14.394,
                                                            "Actual Total Time": 269.518,
                                                            "Actual Rows": 376790,
                                                            "Actual Loops": 1
                                                        }
                                                    ]
                                                },
                                                {
                                                    "Node Type": "Hash",
                                                    "Parent Relationship": "Inner",
                                                    "Parallel Aware": true,
                                                    "Startup Cost": 43899.01,
                                                    "Total Cost": 43899.01,
                                                    "Plan Rows": 16244,
                                                    "Plan Width": 4,
                                                    "Actual Startup Time": 75.76,
                                                    "Actual Total Time": 75.761,
                                                    "Actual Rows": 10638,
                                                    "Actual Loops": 6,
                                                    "Output": [
                                                        "t.id"
                                                    ],
                                                    "Hash Buckets": 65536,
                                                    "Original Hash Buckets": 65536,
                                                    "Hash Batches": 1,
                                                    "Original Hash Batches": 1,
                                                    "Peak Memory Usage": 3104,
                                                    "Workers": [
                                                        {
                                                            "Worker Number": 0,
                                                            "Actual Startup Time": 73.436,
                                                            "Actual Total Time": 73.437,
                                                            "Actual Rows": 7966,
                                                            "Actual Loops": 1
                                                        },
                                                        {
                                                            "Worker Number": 1,
                                                            "Actual Startup Time": 73.442,
                                                            "Actual Total Time": 73.443,
                                                            "Actual Rows": 8234,
                                                            "Actual Loops": 1
                                                        },
                                                        {
                                                            "Worker Number": 2,
                                                            "Actual Startup Time": 73.717,
                                                            "Actual Total Time": 73.718,
                                                            "Actual Rows": 6304,
                                                            "Actual Loops": 1
                                                        },
                                                        {
                                                            "Worker Number": 3,
                                                            "Actual Startup Time": 73.711,
                                                            "Actual Total Time": 73.713,
                                                            "Actual Rows": 8430,
                                                            "Actual Loops": 1
                                                        },
                                                        {
                                                            "Worker Number": 4,
                                                            "Actual Startup Time": 74.923,
                                                            "Actual Total Time": 74.924,
                                                            "Actual Rows": 8541,
                                                            "Actual Loops": 1
                                                        }
                                                    ],
                                                    "Plans": [
                                                        {
                                                            "Node Type": "Seq Scan",
                                                            "Parent Relationship": "Outer",
                                                            "Parallel Aware": true,
                                                            "Relation Name": "title",
                                                            "Schema": "public",
                                                            "Alias": "t",
                                                            "Startup Cost": 0.0,
                                                            "Total Cost": 43899.01,
                                                            "Plan Rows": 16244,
                                                            "Plan Width": 4,
                                                            "Actual Startup Time": 0.063,
                                                            "Actual Total Time": 70.756,
                                                            "Actual Rows": 10638,
                                                            "Actual Loops": 6,
                                                            "Output": [
                                                                "t.id"
                                                            ],
                                                            "Filter": "(t.production_year = 2013)",
                                                            "Rows Removed by Filter": 410748,
                                                            "Workers": [
                                                                {
                                                                    "Worker Number": 0,
                                                                    "Actual Startup Time": 0.077,
                                                                    "Actual Total Time": 69.027,
                                                                    "Actual Rows": 7966,
                                                                    "Actual Loops": 1
                                                                },
                                                                {
                                                                    "Worker Number": 1,
                                                                    "Actual Startup Time": 0.054,
                                                                    "Actual Total Time": 69.017,
                                                                    "Actual Rows": 8234,
                                                                    "Actual Loops": 1
                                                                },
                                                                {
                                                                    "Worker Number": 2,
                                                                    "Actual Startup Time": 0.065,
                                                                    "Actual Total Time": 68.981,
                                                                    "Actual Rows": 6304,
                                                                    "Actual Loops": 1
                                                                },
                                                                {
                                                                    "Worker Number": 3,
                                                                    "Actual Startup Time": 0.094,
                                                                    "Actual Total Time": 69.331,
                                                                    "Actual Rows": 8430,
                                                                    "Actual Loops": 1
                                                                },
                                                                {
                                                                    "Worker Number": 4,
                                                                    "Actual Startup Time": 0.056,
                                                                    "Actual Total Time": 70.228,
                                                                    "Actual Rows": 8541,
                                                                    "Actual Loops": 1
                                                                }
                                                            ]
                                                        }
                                                    ]
                                                }
                                            ]
                                        },
                                        {
                                            "Node Type": "Index Only Scan",
                                            "Parent Relationship": "Inner",
                                            "Parallel Aware": false,
                                            "Scan Direction": "Forward",
                                            "Index Name": "movie_id_cast_info",
                                            "Relation Name": "cast_info",
                                            "Schema": "public",
                                            "Alias": "ci",
                                            "Startup Cost": 0.56,
                                            "Total Cost": 1.92,
                                            "Plan Rows": 38,
                                            "Plan Width": 4,
                                            "Actual Startup Time": 0.009,
                                            "Actual Total Time": 0.044,
                                            "Actual Rows": 38,
                                            "Actual Loops": 43136,
                                            "Output": [
                                                "ci.movie_id"
                                            ],
                                            "Index Cond": "(ci.movie_id = mi.movie_id)",
                                            "Rows Removed by Index Recheck": 0,
                                            "Heap Fetches": 1643149,
                                            "Workers": [
                                                {
                                                    "Worker Number": 0,
                                                    "Actual Startup Time": 0.01,
                                                    "Actual Total Time": 0.047,
                                                    "Actual Rows": 38,
                                                    "Actual Loops": 6838
                                                },
                                                {
                                                    "Worker Number": 1,
                                                    "Actual Startup Time": 0.009,
                                                    "Actual Total Time": 0.046,
                                                    "Actual Rows": 38,
                                                    "Actual Loops": 7009
                                                },
                                                {
                                                    "Worker Number": 2,
                                                    "Actual Startup Time": 0.014,
                                                    "Actual Total Time": 0.07,
                                                    "Actual Rows": 39,
                                                    "Actual Loops": 4540
                                                },
                                                {
                                                    "Worker Number": 3,
                                                    "Actual Startup Time": 0.01,
                                                    "Actual Total Time": 0.047,
                                                    "Actual Rows": 40,
                                                    "Actual Loops": 6916
                                                },
                                                {
                                                    "Worker Number": 4,
                                                    "Actual Startup Time": 0.01,
                                                    "Actual Total Time": 0.047,
                                                    "Actual Rows": 38,
                                                    "Actual Loops": 6730
                                                }
                                            ]
                                        }
                                    ]
                                }
                            ]
                        }
                    ]
                }
            ]
        },
        "Planning Time": 184.296,
        "Triggers": [],
        "Execution Time": 812.027
    }
]