{
    "Plan": {
        "Node Type": "Aggregate",
        "Strategy": "Plain",
        "Partial Mode": "Finalize",
        "Parallel Aware": false,
        "Startup Cost": 79173.63,
        "Total Cost": 79173.64,
        "Plan Rows": 1,
        "Plan Width": 8,
        "Actual Startup Time": 207.094,
        "Actual Total Time": 221.381,
        "Actual Rows": 1,
        "Actual Loops": 1,
        "Output": [
            "count(*)"
        ],
        "Plans": [
            {
                "Node Type": "Gather",
                "Parent Relationship": "Outer",
                "Parallel Aware": false,
                "Startup Cost": 79173.31,
                "Total Cost": 79173.62,
                "Plan Rows": 3,
                "Plan Width": 8,
                "Actual Startup Time": 206.678,
                "Actual Total Time": 221.373,
                "Actual Rows": 4,
                "Actual Loops": 1,
                "Output": [
                    "(PARTIAL count(*))"
                ],
                "Workers Planned": 3,
                "Workers Launched": 3,
                "Single Copy": false,
                "Plans": [
                    {
                        "Node Type": "Aggregate",
                        "Strategy": "Plain",
                        "Partial Mode": "Partial",
                        "Parent Relationship": "Outer",
                        "Parallel Aware": false,
                        "Startup Cost": 78173.31,
                        "Total Cost": 78173.32,
                        "Plan Rows": 1,
                        "Plan Width": 8,
                        "Actual Startup Time": 198.061,
                        "Actual Total Time": 198.064,
                        "Actual Rows": 1,
                        "Actual Loops": 4,
                        "Output": [
                            "PARTIAL count(*)"
                        ],
                        "Workers": [
                            {
                                "Worker Number": 0,
                                "Actual Startup Time": 195.108,
                                "Actual Total Time": 195.11,
                                "Actual Rows": 1,
                                "Actual Loops": 1
                            },
                            {
                                "Worker Number": 1,
                                "Actual Startup Time": 195.61,
                                "Actual Total Time": 195.611,
                                "Actual Rows": 1,
                                "Actual Loops": 1
                            },
                            {
                                "Worker Number": 2,
                                "Actual Startup Time": 195.612,
                                "Actual Total Time": 195.615,
                                "Actual Rows": 1,
                                "Actual Loops": 1
                            }
                        ],
                        "Plans": [
                            {
                                "Node Type": "Hash Join",
                                "Parent Relationship": "Outer",
                                "Parallel Aware": true,
                                "Join Type": "Inner",
                                "Startup Cost": 45814.66,
                                "Total Cost": 78136.63,
                                "Plan Rows": 14672,
                                "Plan Width": 0,
                                "Actual Startup Time": 153.838,
                                "Actual Total Time": 197.333,
                                "Actual Rows": 17121,
                                "Actual Loops": 4,
                                "Inner Unique": true,
                                "Hash Cond": "(mc.movie_id = t.id)",
                                "Workers": [
                                    {
                                        "Worker Number": 0,
                                        "Actual Startup Time": 150.919,
                                        "Actual Total Time": 194.397,
                                        "Actual Rows": 16434,
                                        "Actual Loops": 1
                                    },
                                    {
                                        "Worker Number": 1,
                                        "Actual Startup Time": 151.333,
                                        "Actual Total Time": 194.877,
                                        "Actual Rows": 16678,
                                        "Actual Loops": 1
                                    },
                                    {
                                        "Worker Number": 2,
                                        "Actual Startup Time": 151.403,
                                        "Actual Total Time": 194.885,
                                        "Actual Rows": 16918,
                                        "Actual Loops": 1
                                    }
                                ],
                                "Plans": [
                                    {
                                        "Node Type": "Seq Scan",
                                        "Parent Relationship": "Outer",
                                        "Parallel Aware": true,
                                        "Relation Name": "movie_companies",
                                        "Schema": "public",
                                        "Alias": "mc",
                                        "Startup Cost": 0.0,
                                        "Total Cost": 31414.82,
                                        "Plan Rows": 345582,
                                        "Plan Width": 4,
                                        "Actual Startup Time": 27.081,
                                        "Actual Total Time": 61.051,
                                        "Actual Rows": 299634,
                                        "Actual Loops": 4,
                                        "Output": [
                                            "mc.id",
                                            "mc.movie_id",
                                            "mc.company_id",
                                            "mc.company_type_id",
                                            "mc.note"
                                        ],
                                        "Filter": "((mc.company_id > 448) AND (mc.company_type_id = 2))",
                                        "Rows Removed by Filter": 352648,
                                        "Workers": [
                                            {
                                                "Worker Number": 0,
                                                "Actual Startup Time": 27.086,
                                                "Actual Total Time": 60.785,
                                                "Actual Rows": 288126,
                                                "Actual Loops": 1
                                            },
                                            {
                                                "Worker Number": 1,
                                                "Actual Startup Time": 27.089,
                                                "Actual Total Time": 61.071,
                                                "Actual Rows": 289384,
                                                "Actual Loops": 1
                                            },
                                            {
                                                "Worker Number": 2,
                                                "Actual Startup Time": 27.058,
                                                "Actual Total Time": 60.985,
                                                "Actual Rows": 288409,
                                                "Actual Loops": 1
                                            }
                                        ]
                                    },
                                    {
                                        "Node Type": "Hash",
                                        "Parent Relationship": "Inner",
                                        "Parallel Aware": true,
                                        "Startup Cost": 45479.21,
                                        "Total Cost": 45479.21,
                                        "Plan Rows": 26836,
                                        "Plan Width": 4,
                                        "Actual Startup Time": 100.298,
                                        "Actual Total Time": 100.299,
                                        "Actual Rows": 29480,
                                        "Actual Loops": 4,
                                        "Output": [
                                            "t.id"
                                        ],
                                        "Hash Buckets": 131072,
                                        "Original Hash Buckets": 131072,
                                        "Hash Batches": 1,
                                        "Original Hash Batches": 1,
                                        "Peak Memory Usage": 5696,
                                        "Workers": [
                                            {
                                                "Worker Number": 0,
                                                "Actual Startup Time": 98.601,
                                                "Actual Total Time": 98.601,
                                                "Actual Rows": 27651,
                                                "Actual Loops": 1
                                            },
                                            {
                                                "Worker Number": 1,
                                                "Actual Startup Time": 98.974,
                                                "Actual Total Time": 98.974,
                                                "Actual Rows": 27144,
                                                "Actual Loops": 1
                                            },
                                            {
                                                "Worker Number": 2,
                                                "Actual Startup Time": 99.044,
                                                "Actual Total Time": 99.046,
                                                "Actual Rows": 28044,
                                                "Actual Loops": 1
                                            }
                                        ],
                                        "Plans": [
                                            {
                                                "Node Type": "Seq Scan",
                                                "Parent Relationship": "Outer",
                                                "Parallel Aware": true,
                                                "Relation Name": "title",
                                                "Schema": "public",
                                                "Alias": "t",
                                                "Startup Cost": 0.0,
                                                "Total Cost": 45479.21,
                                                "Plan Rows": 26836,
                                                "Plan Width": 4,
                                                "Actual Startup Time": 58.642,
                                                "Actual Total Time": 92.941,
                                                "Actual Rows": 29480,
                                                "Actual Loops": 4,
                                                "Output": [
                                                    "t.id"
                                                ],
                                                "Filter": "((t.production_year > 1947) AND (t.kind_id = 4))",
                                                "Rows Removed by Filter": 602598,
                                                "Workers": [
                                                    {
                                                        "Worker Number": 0,
                                                        "Actual Startup Time": 57.1,
                                                        "Actual Total Time": 91.675,
                                                        "Actual Rows": 27651,
                                                        "Actual Loops": 1
                                                    },
                                                    {
                                                        "Worker Number": 1,
                                                        "Actual Startup Time": 57.382,
                                                        "Actual Total Time": 91.453,
                                                        "Actual Rows": 27144,
                                                        "Actual Loops": 1
                                                    },
                                                    {
                                                        "Worker Number": 2,
                                                        "Actual Startup Time": 57.507,
                                                        "Actual Total Time": 91.907,
                                                        "Actual Rows": 28044,
                                                        "Actual Loops": 1
                                                    }
                                                ]
                                            }
                                        ]
                                    }
                                ]
                            }
                        ]
                    }
                ]
            }
        ]
    },
    "Planning Time": 0.791,
    "Triggers": [],
    "Execution Time": 221.453
}