[
  {
    "Plan": {
      "Node Type": "Aggregate",
      "Strategy": "Plain",
      "Partial Mode": "Finalize",
      "Parallel Aware": false,
      "Startup Cost": 31846.91,
      "Total Cost": 31846.92,
      "Plan Rows": 1,
      "Plan Width": 8,
      "Actual Startup Time": 111.315,
      "Actual Total Time": 118.927,
      "Actual Rows": 1,
      "Actual Loops": 1,
      "Plans": [
        {
          "Node Type": "Gather",
          "Parent Relationship": "Outer",
          "Parallel Aware": false,
          "Startup Cost": 31846.59,
          "Total Cost": 31846.9,
          "Plan Rows": 3,
          "Plan Width": 8,
          "Actual Startup Time": 111.027,
          "Actual Total Time": 118.92,
          "Actual Rows": 4,
          "Actual Loops": 1,
          "Workers Planned": 3,
          "Workers Launched": 3,
          "Single Copy": false,
          "Plans": [
            {
              "Node Type": "Aggregate",
              "Strategy": "Plain",
              "Partial Mode": "Partial",
              "Parent Relationship": "Outer",
              "Parallel Aware": false,
              "Startup Cost": 30846.59,
              "Total Cost": 30846.6,
              "Plan Rows": 1,
              "Plan Width": 8,
              "Actual Startup Time": 102.045,
              "Actual Total Time": 102.046,
              "Actual Rows": 1,
              "Actual Loops": 4,
              "Plans": [
                {
                  "Node Type": "Bitmap Heap Scan",
                  "Parent Relationship": "Outer",
                  "Parallel Aware": true,
                  "Relation Name": "movie_keyword",
                  "Alias": "mk",
                  "Startup Cost": 5205.6,
                  "Total Cost": 30648.76,
                  "Plan Rows": 79133,
                  "Plan Width": 0,
                  "Actual Startup Time": 30.334,
                  "Actual Total Time": 97.18,
                  "Actual Rows": 58830,
                  "Actual Loops": 4,
                  "Recheck Cond": "(keyword_id > 62609)",
                  "Rows Removed by Index Recheck": 0,
                  "Exact Heap Blocks": 7604,
                  "Lossy Heap Blocks": 0,
                  "Plans": [
                    {
                      "Node Type": "Bitmap Index Scan",
                      "Parent Relationship": "Outer",
                      "Parallel Aware": false,
                      "Index Name": "keyword_id_movie_keyword",
                      "Startup Cost": 0.0,
                      "Total Cost": 5144.27,
                      "Plan Rows": 245312,
                      "Plan Width": 0,
                      "Actual Startup Time": 33.459,
                      "Actual Total Time": 33.46,
                      "Actual Rows": 235321,
                      "Actual Loops": 1,
                      "Index Cond": "(keyword_id > 62609)"
                    }
                  ]
                }
              ]
            }
          ]
        }
      ]
    },
    "Planning Time": 0.155,
    "Triggers": [],
    "Execution Time": 118.998
  }
]