[
  {
    "Plan": {
      "Node Type": "Aggregate",
      "Strategy": "Plain",
      "Partial Mode": "Finalize",
      "Parallel Aware": false,
      "Startup Cost": 32707.7,
      "Total Cost": 32707.71,
      "Plan Rows": 1,
      "Plan Width": 8,
      "Actual Startup Time": 74.071,
      "Actual Total Time": 81.18,
      "Actual Rows": 1,
      "Actual Loops": 1,
      "Plans": [
        {
          "Node Type": "Gather",
          "Parent Relationship": "Outer",
          "Parallel Aware": false,
          "Startup Cost": 32707.38,
          "Total Cost": 32707.69,
          "Plan Rows": 3,
          "Plan Width": 8,
          "Actual Startup Time": 73.613,
          "Actual Total Time": 81.171,
          "Actual Rows": 4,
          "Actual Loops": 1,
          "Workers Planned": 3,
          "Workers Launched": 3,
          "Single Copy": false,
          "Plans": [
            {
              "Node Type": "Aggregate",
              "Strategy": "Plain",
              "Partial Mode": "Partial",
              "Parent Relationship": "Outer",
              "Parallel Aware": false,
              "Startup Cost": 31707.38,
              "Total Cost": 31707.39,
              "Plan Rows": 1,
              "Plan Width": 8,
              "Actual Startup Time": 68.503,
              "Actual Total Time": 68.504,
              "Actual Rows": 1,
              "Actual Loops": 4,
              "Plans": [
                {
                  "Node Type": "Seq Scan",
                  "Parent Relationship": "Outer",
                  "Parallel Aware": true,
                  "Relation Name": "movie_companies",
                  "Alias": "mc",
                  "Startup Cost": 0.0,
                  "Total Cost": 31414.82,
                  "Plan Rows": 117026,
                  "Plan Width": 0,
                  "Actual Startup Time": 19.667,
                  "Actual Total Time": 67.809,
                  "Actual Rows": 11576,
                  "Actual Loops": 4,
                  "Filter": "((company_id > 39432) AND (company_type_id = 1))",
                  "Rows Removed by Filter": 640706
                }
              ]
            }
          ]
        }
      ]
    },
    "Planning Time": 0.107,
    "Triggers": [],
    "Execution Time": 81.211
  }
]