[
  {
    "Plan": {
      "Node Type": "Aggregate",
      "Strategy": "Plain",
      "Partial Mode": "Finalize",
      "Parallel Aware": false,
      "Startup Cost": 123898.08,
      "Total Cost": 123898.09,
      "Plan Rows": 1,
      "Plan Width": 8,
      "Actual Startup Time": 469.978,
      "Actual Total Time": 491.432,
      "Actual Rows": 1,
      "Actual Loops": 1,
      "Plans": [
        {
          "Node Type": "Gather",
          "Parent Relationship": "Outer",
          "Parallel Aware": false,
          "Startup Cost": 123897.76,
          "Total Cost": 123898.07,
          "Plan Rows": 3,
          "Plan Width": 8,
          "Actual Startup Time": 468.52,
          "Actual Total Time": 491.422,
          "Actual Rows": 4,
          "Actual Loops": 1,
          "Workers Planned": 3,
          "Workers Launched": 3,
          "Single Copy": false,
          "Plans": [
            {
              "Node Type": "Aggregate",
              "Strategy": "Plain",
              "Partial Mode": "Partial",
              "Parent Relationship": "Outer",
              "Parallel Aware": false,
              "Startup Cost": 122897.76,
              "Total Cost": 122897.77,
              "Plan Rows": 1,
              "Plan Width": 8,
              "Actual Startup Time": 459.882,
              "Actual Total Time": 459.983,
              "Actual Rows": 1,
              "Actual Loops": 4,
              "Plans": [
                {
                  "Node Type": "Hash Join",
                  "Parent Relationship": "Outer",
                  "Parallel Aware": true,
                  "Join Type": "Inner",
                  "Startup Cost": 77267.43,
                  "Total Cost": 122412.88,
                  "Plan Rows": 193950,
                  "Plan Width": 0,
                  "Actual Startup Time": 283.728,
                  "Actual Total Time": 456.036,
                  "Actual Rows": 97139,
                  "Actual Loops": 4,
                  "Inner Unique": false,
                  "Hash Cond": "(mk.movie_id = t.id)",
                  "Plans": [
                    {
                      "Node Type": "Seq Scan",
                      "Parent Relationship": "Outer",
                      "Parallel Aware": true,
                      "Relation Name": "movie_keyword",
                      "Alias": "mk",
                      "Startup Cost": 0.0,
                      "Total Cost": 39047.32,
                      "Plan Rows": 1459332,
                      "Plan Width": 4,
                      "Actual Startup Time": 0.028,
                      "Actual Total Time": 83.497,
                      "Actual Rows": 1130982,
                      "Actual Loops": 4
                    },
                    {
                      "Node Type": "Hash",
                      "Parent Relationship": "Inner",
                      "Parallel Aware": true,
                      "Startup Cost": 75912.51,
                      "Total Cost": 75912.51,
                      "Plan Rows": 108393,
                      "Plan Width": 8,
                      "Actual Startup Time": 280.327,
                      "Actual Total Time": 280.427,
                      "Actual Rows": 36367,
                      "Actual Loops": 4,
                      "Hash Buckets": 524288,
                      "Original Hash Buckets": 524288,
                      "Hash Batches": 1,
                      "Original Hash Batches": 1,
                      "Peak Memory Usage": 9856,
                      "Plans": [
                        {
                          "Node Type": "Hash Join",
                          "Parent Relationship": "Outer",
                          "Parallel Aware": true,
                          "Join Type": "Inner",
                          "Startup Cost": 46496.62,
                          "Total Cost": 75912.51,
                          "Plan Rows": 108393,
                          "Plan Width": 8,
                          "Actual Startup Time": 125.926,
                          "Actual Total Time": 270.7,
                          "Actual Rows": 36367,
                          "Actual Loops": 4,
                          "Inner Unique": true,
                          "Hash Cond": "(mc.movie_id = t.id)",
                          "Plans": [
                            {
                              "Node Type": "Seq Scan",
                              "Parent Relationship": "Outer",
                              "Parallel Aware": true,
                              "Relation Name": "movie_companies",
                              "Alias": "mc",
                              "Startup Cost": 0.0,
                              "Total Cost": 27206.55,
                              "Plan Rows": 841655,
                              "Plan Width": 4,
                              "Actual Startup Time": 0.014,
                              "Actual Total Time": 53.639,
                              "Actual Rows": 652282,
                              "Actual Loops": 4
                            },
                            {
                              "Node Type": "Hash",
                              "Parent Relationship": "Inner",
                              "Parallel Aware": true,
                              "Startup Cost": 45479.1,
                              "Total Cost": 45479.1,
                              "Plan Rows": 81402,
                              "Plan Width": 4,
                              "Actual Startup Time": 124.05,
                              "Actual Total Time": 124.052,
                              "Actual Rows": 87384,
                              "Actual Loops": 4,
                              "Hash Buckets": 524288,
                              "Original Hash Buckets": 524288,
                              "Hash Batches": 1,
                              "Original Hash Batches": 1,
                              "Peak Memory Usage": 17856,
                              "Plans": [
                                {
                                  "Node Type": "Seq Scan",
                                  "Parent Relationship": "Outer",
                                  "Parallel Aware": true,
                                  "Relation Name": "title",
                                  "Alias": "t",
                                  "Startup Cost": 0.0,
                                  "Total Cost": 45479.1,
                                  "Plan Rows": 81402,
                                  "Plan Width": 4,
                                  "Actual Startup Time": 0.047,
                                  "Actual Total Time": 92.479,
                                  "Actual Rows": 87384,
                                  "Actual Loops": 4,
                                  "Filter": "((production_year > 2009) AND (kind_id = 7))",
                                  "Rows Removed by Filter": 544694
                                }
                              ]
                            }
                          ]
                        }
                      ]
                    }
                  ]
                }
              ]
            }
          ]
        }
      ]
    },
    "Planning Time": 1.465,
    "Triggers": [],
    "Execution Time": 491.518
  }
]