{
  "Plan": {
    "Node Type": "Aggregate",
    "Strategy": "Plain",
    "Partial Mode": "Finalize",
    "Parallel Aware": false,
    "Startup Cost": 108406.74,
    "Total Cost": 108406.75,
    "Plan Rows": 1,
    "Plan Width": 8,
    "Actual Startup Time": 625.11,
    "Actual Total Time": 641.305,
    "Actual Rows": 1,
    "Actual Loops": 1,
    "Plans": [
      {
        "Node Type": "Gather",
        "Parent Relationship": "Outer",
        "Parallel Aware": false,
        "Startup Cost": 108406.63,
        "Total Cost": 108406.74,
        "Plan Rows": 1,
        "Plan Width": 8,
        "Actual Startup Time": 623.879,
        "Actual Total Time": 641.296,
        "Actual Rows": 2,
        "Actual Loops": 1,
        "Workers Planned": 1,
        "Workers Launched": 1,
        "Single Copy": false,
        "Plans": [
          {
            "Node Type": "Aggregate",
            "Strategy": "Plain",
            "Partial Mode": "Partial",
            "Parent Relationship": "Outer",
            "Parallel Aware": false,
            "Startup Cost": 107406.63,
            "Total Cost": 107406.64,
            "Plan Rows": 1,
            "Plan Width": 8,
            "Actual Startup Time": 617.948,
            "Actual Total Time": 618.113,
            "Actual Rows": 1,
            "Actual Loops": 2,
            "Plans": [
              {
                "Node Type": "Hash Join",
                "Parent Relationship": "Outer",
                "Parallel Aware": true,
                "Join Type": "Inner",
                "Startup Cost": 87805.02,
                "Total Cost": 107256.15,
                "Plan Rows": 60194,
                "Plan Width": 0,
                "Actual Startup Time": 526.295,
                "Actual Total Time": 611.467,
                "Actual Rows": 132651,
                "Actual Loops": 2,
                "Inner Unique": false,
                "Hash Cond": "(mi_idx.movie_id = t.id)",
                "Plans": [
                  {
                    "Node Type": "Seq Scan",
                    "Parent Relationship": "Outer",
                    "Parallel Aware": true,
                    "Relation Name": "movie_info_idx",
                    "Alias": "mi_idx",
                    "Startup Cost": 0.0,
                    "Total Cost": 16052.85,
                    "Plan Rows": 811785,
                    "Plan Width": 4,
                    "Actual Startup Time": 0.03,
                    "Actual Total Time": 57.801,
                    "Actual Rows": 690018,
                    "Actual Loops": 2
                  },
                  {
                    "Node Type": "Hash",
                    "Parent Relationship": "Inner",
                    "Parallel Aware": true,
                    "Startup Cost": 86426.53,
                    "Total Cost": 86426.53,
                    "Plan Rows": 110279,
                    "Plan Width": 8,
                    "Actual Startup Time": 461.307,
                    "Actual Total Time": 461.47,
                    "Actual Rows": 91265,
                    "Actual Loops": 2,
                    "Hash Buckets": 262144,
                    "Original Hash Buckets": 262144,
                    "Hash Batches": 1,
                    "Original Hash Batches": 1,
                    "Peak Memory Usage": 9216,
                    "Plans": [
                      {
                        "Node Type": "Hash Join",
                        "Parent Relationship": "Outer",
                        "Parallel Aware": true,
                        "Join Type": "Inner",
                        "Startup Cost": 25612.33,
                        "Total Cost": 86426.53,
                        "Plan Rows": 110279,
                        "Plan Width": 8,
                        "Actual Startup Time": 293.336,
                        "Actual Total Time": 437.978,
                        "Actual Rows": 91265,
                        "Actual Loops": 2,
                        "Inner Unique": false,
                        "Hash Cond": "(t.id = mc.movie_id)",
                        "Plans": [
                          {
                            "Node Type": "Seq Scan",
                            "Parent Relationship": "Outer",
                            "Parallel Aware": true,
                            "Relation Name": "title",
                            "Alias": "t",
                            "Startup Cost": 0.0,
                            "Total Cost": 50870.31,
                            "Plan Rows": 1487231,
                            "Plan Width": 4,
                            "Actual Startup Time": 0.017,
                            "Actual Total Time": 144.494,
                            "Actual Rows": 1264156,
                            "Actual Loops": 2
                          },
                          {
                            "Node Type": "Hash",
                            "Parent Relationship": "Inner",
                            "Parallel Aware": true,
                            "Startup Cost": 24233.84,
                            "Total Cost": 24233.84,
                            "Plan Rows": 110279,
                            "Plan Width": 4,
                            "Actual Startup Time": 62.509,
                            "Actual Total Time": 62.511,
                            "Actual Rows": 91265,
                            "Actual Loops": 2,
                            "Hash Buckets": 262144,
                            "Original Hash Buckets": 262144,
                            "Hash Batches": 1,
                            "Original Hash Batches": 1,
                            "Peak Memory Usage": 9216,
                            "Plans": [
                              {
                                "Node Type": "Bitmap Heap Scan",
                                "Parent Relationship": "Outer",
                                "Parallel Aware": true,
                                "Relation Name": "movie_companies",
                                "Alias": "mc",
                                "Startup Cost": 4065.35,
                                "Total Cost": 24233.84,
                                "Plan Rows": 110279,
                                "Plan Width": 4,
                                "Actual Startup Time": 11.025,
                                "Actual Total Time": 39.873,
                                "Actual Rows": 91265,
                                "Actual Loops": 2,
                                "Recheck Cond": "(company_id > 119338)",
                                "Rows Removed by Index Recheck": 0,
                                "Exact Heap Blocks": 3170,
                                "Lossy Heap Blocks": 0,
                                "Plans": [
                                  {
                                    "Node Type": "Bitmap Index Scan",
                                    "Parent Relationship": "Outer",
                                    "Parallel Aware": false,
                                    "Index Name": "company_id_movie_companies",
                                    "Startup Cost": 0.0,
                                    "Total Cost": 4018.48,
                                    "Plan Rows": 187474,
                                    "Plan Width": 0,
                                    "Actual Startup Time": 13.477,
                                    "Actual Total Time": 13.477,
                                    "Actual Rows": 182530,
                                    "Actual Loops": 1,
                                    "Index Cond": "(company_id > 119338)"
                                  }
                                ]
                              }
                            ]
                          }
                        ]
                      }
                    ]
                  }
                ]
              }
            ]
          }
        ]
      }
    ]
  },
  "Planning Time": 0.544,
  "Triggers": [],
  "Execution Time": 641.37
}