{
  "Plan": {
    "Node Type": "Aggregate",
    "Strategy": "Plain",
    "Partial Mode": "Finalize",
    "Parallel Aware": false,
    "Startup Cost": 156213.41,
    "Total Cost": 156213.42,
    "Plan Rows": 1,
    "Plan Width": 8,
    "Actual Startup Time": 1134.458,
    "Actual Total Time": 1190.453,
    "Actual Rows": 1,
    "Actual Loops": 1,
    "Plans": [
      {
        "Node Type": "Gather",
        "Parent Relationship": "Outer",
        "Parallel Aware": false,
        "Startup Cost": 156213.3,
        "Total Cost": 156213.41,
        "Plan Rows": 1,
        "Plan Width": 8,
        "Actual Startup Time": 1130.957,
        "Actual Total Time": 1190.443,
        "Actual Rows": 2,
        "Actual Loops": 1,
        "Workers Planned": 1,
        "Workers Launched": 1,
        "Single Copy": false,
        "Plans": [
          {
            "Node Type": "Aggregate",
            "Strategy": "Plain",
            "Partial Mode": "Partial",
            "Parent Relationship": "Outer",
            "Parallel Aware": false,
            "Startup Cost": 155213.3,
            "Total Cost": 155213.31,
            "Plan Rows": 1,
            "Plan Width": 8,
            "Actual Startup Time": 1124.741,
            "Actual Total Time": 1124.746,
            "Actual Rows": 1,
            "Actual Loops": 2,
            "Plans": [
              {
                "Node Type": "Nested Loop",
                "Parent Relationship": "Outer",
                "Parallel Aware": false,
                "Join Type": "Inner",
                "Startup Cost": 64687.31,
                "Total Cost": 155109.73,
                "Plan Rows": 41429,
                "Plan Width": 0,
                "Actual Startup Time": 394.611,
                "Actual Total Time": 1115.338,
                "Actual Rows": 145934,
                "Actual Loops": 2,
                "Inner Unique": false,
                "Plans": [
                  {
                    "Node Type": "Hash Join",
                    "Parent Relationship": "Outer",
                    "Parallel Aware": true,
                    "Join Type": "Inner",
                    "Startup Cost": 64686.88,
                    "Total Cost": 90236.54,
                    "Plan Rows": 29161,
                    "Plan Width": 8,
                    "Actual Startup Time": 394.509,
                    "Actual Total Time": 466.46,
                    "Actual Rows": 31486,
                    "Actual Loops": 2,
                    "Inner Unique": true,
                    "Hash Cond": "(mk.movie_id = t.id)",
                    "Plans": [
                      {
                        "Node Type": "Bitmap Heap Scan",
                        "Parent Relationship": "Outer",
                        "Parallel Aware": true,
                        "Relation Name": "movie_keyword",
                        "Alias": "mk",
                        "Startup Cost": 2614.84,
                        "Total Cost": 27974.34,
                        "Plan Rows": 72441,
                        "Plan Width": 4,
                        "Actual Startup Time": 20.166,
                        "Actual Total Time": 64.567,
                        "Actual Rows": 60093,
                        "Actual Loops": 2,
                        "Recheck Cond": "(keyword_id > 78026)",
                        "Rows Removed by Index Recheck": 0,
                        "Exact Heap Blocks": 12433,
                        "Lossy Heap Blocks": 0,
                        "Plans": [
                          {
                            "Node Type": "Bitmap Index Scan",
                            "Parent Relationship": "Outer",
                            "Parallel Aware": false,
                            "Index Name": "keyword_id_movie_keyword",
                            "Startup Cost": 0.0,
                            "Total Cost": 2584.05,
                            "Plan Rows": 123149,
                            "Plan Width": 0,
                            "Actual Startup Time": 15.768,
                            "Actual Total Time": 15.769,
                            "Actual Rows": 120186,
                            "Actual Loops": 1,
                            "Index Cond": "(keyword_id > 78026)"
                          }
                        ]
                      },
                      {
                        "Node Type": "Hash",
                        "Parent Relationship": "Inner",
                        "Parallel Aware": true,
                        "Startup Cost": 54588.39,
                        "Total Cost": 54588.39,
                        "Plan Rows": 598692,
                        "Plan Width": 4,
                        "Actual Startup Time": 365.121,
                        "Actual Total Time": 365.122,
                        "Actual Rows": 510876,
                        "Actual Loops": 2,
                        "Hash Buckets": 1048576,
                        "Original Hash Buckets": 1048576,
                        "Hash Batches": 1,
                        "Original Hash Batches": 1,
                        "Peak Memory Usage": 48192,
                        "Plans": [
                          {
                            "Node Type": "Seq Scan",
                            "Parent Relationship": "Outer",
                            "Parallel Aware": true,
                            "Relation Name": "title",
                            "Alias": "t",
                            "Startup Cost": 0.0,
                            "Total Cost": 54588.39,
                            "Plan Rows": 598692,
                            "Plan Width": 4,
                            "Actual Startup Time": 0.074,
                            "Actual Total Time": 195.094,
                            "Actual Rows": 510876,
                            "Actual Loops": 2,
                            "Filter": "(production_year < 2000)",
                            "Rows Removed by Filter": 753280
                          }
                        ]
                      }
                    ]
                  },
                  {
                    "Node Type": "Index Scan",
                    "Parent Relationship": "Inner",
                    "Parallel Aware": false,
                    "Scan Direction": "Forward",
                    "Index Name": "movie_id_movie_info",
                    "Relation Name": "movie_info",
                    "Alias": "mi",
                    "Startup Cost": 0.43,
                    "Total Cost": 2.12,
                    "Plan Rows": 10,
                    "Plan Width": 4,
                    "Actual Startup Time": 0.006,
                    "Actual Total Time": 0.02,
                    "Actual Rows": 5,
                    "Actual Loops": 62972,
                    "Index Cond": "(movie_id = t.id)",
                    "Rows Removed by Index Recheck": 0,
                    "Filter": "(info_type_id < 4)",
                    "Rows Removed by Filter": 55
                  }
                ]
              }
            ]
          }
        ]
      }
    ]
  },
  "Planning Time": 1.075,
  "Triggers": [],
  "Execution Time": 1190.579
}