[
  {
    "Plan": {
      "Node Type": "Aggregate",
      "Strategy": "Plain",
      "Partial Mode": "Finalize",
      "Parallel Aware": false,
      "Startup Cost": 30986.56,
      "Total Cost": 30986.57,
      "Plan Rows": 1,
      "Plan Width": 8,
      "Actual Startup Time": 102.161,
      "Actual Total Time": 108.837,
      "Actual Rows": 1,
      "Actual Loops": 1,
      "Plans": [
        {
          "Node Type": "Gather",
          "Parent Relationship": "Outer",
          "Parallel Aware": false,
          "Startup Cost": 30986.24,
          "Total Cost": 30986.55,
          "Plan Rows": 3,
          "Plan Width": 8,
          "Actual Startup Time": 101.918,
          "Actual Total Time": 108.83,
          "Actual Rows": 4,
          "Actual Loops": 1,
          "Workers Planned": 3,
          "Workers Launched": 3,
          "Single Copy": false,
          "Plans": [
            {
              "Node Type": "Aggregate",
              "Strategy": "Plain",
              "Partial Mode": "Partial",
              "Parent Relationship": "Outer",
              "Parallel Aware": false,
              "Startup Cost": 29986.24,
              "Total Cost": 29986.25,
              "Plan Rows": 1,
              "Plan Width": 8,
              "Actual Startup Time": 93.923,
              "Actual Total Time": 93.924,
              "Actual Rows": 1,
              "Actual Loops": 4,
              "Plans": [
                {
                  "Node Type": "Bitmap Heap Scan",
                  "Parent Relationship": "Outer",
                  "Parallel Aware": true,
                  "Relation Name": "movie_companies",
                  "Alias": "mc",
                  "Startup Cost": 9003.31,
                  "Total Cost": 29815.15,
                  "Plan Rows": 68437,
                  "Plan Width": 0,
                  "Actual Startup Time": 78.484,
                  "Actual Total Time": 92.749,
                  "Actual Rows": 24594,
                  "Actual Loops": 4,
                  "Recheck Cond": "(company_id < 291)",
                  "Rows Removed by Index Recheck": 0,
                  "Filter": "(company_type_id = 2)",
                  "Rows Removed by Filter": 79643,
                  "Exact Heap Blocks": 9444,
                  "Lossy Heap Blocks": 0,
                  "Plans": [
                    {
                      "Node Type": "Bitmap Index Scan",
                      "Parent Relationship": "Outer",
                      "Parallel Aware": false,
                      "Index Name": "company_id_movie_companies",
                      "Startup Cost": 0.0,
                      "Total Cost": 8950.27,
                      "Plan Rows": 417846,
                      "Plan Width": 0,
                      "Actual Startup Time": 42.56,
                      "Actual Total Time": 42.56,
                      "Actual Rows": 416945,
                      "Actual Loops": 1,
                      "Index Cond": "(company_id < 291)"
                    }
                  ]
                }
              ]
            }
          ]
        }
      ]
    },
    "Planning Time": 0.229,
    "Triggers": [],
    "Execution Time": 108.915
  }
]