[
  {
    "Plan": {
      "Node Type": "Aggregate",
      "Strategy": "Plain",
      "Partial Mode": "Finalize",
      "Parallel Aware": false,
      "Startup Cost": 41019.74,
      "Total Cost": 41019.75,
      "Plan Rows": 1,
      "Plan Width": 8,
      "Actual Startup Time": 145.449,
      "Actual Total Time": 151.545,
      "Actual Rows": 1,
      "Actual Loops": 1,
      "Plans": [
        {
          "Node Type": "Gather",
          "Parent Relationship": "Outer",
          "Parallel Aware": false,
          "Startup Cost": 41019.52,
          "Total Cost": 41019.73,
          "Plan Rows": 2,
          "Plan Width": 8,
          "Actual Startup Time": 145.264,
          "Actual Total Time": 151.538,
          "Actual Rows": 3,
          "Actual Loops": 1,
          "Workers Planned": 2,
          "Workers Launched": 2,
          "Single Copy": false,
          "Plans": [
            {
              "Node Type": "Aggregate",
              "Strategy": "Plain",
              "Partial Mode": "Partial",
              "Parent Relationship": "Outer",
              "Parallel Aware": false,
              "Startup Cost": 40019.52,
              "Total Cost": 40019.53,
              "Plan Rows": 1,
              "Plan Width": 8,
              "Actual Startup Time": 139.667,
              "Actual Total Time": 139.669,
              "Actual Rows": 1,
              "Actual Loops": 3,
              "Plans": [
                {
                  "Node Type": "Nested Loop",
                  "Parent Relationship": "Outer",
                  "Parallel Aware": false,
                  "Join Type": "Inner",
                  "Startup Cost": 175.97,
                  "Total Cost": 40011.04,
                  "Plan Rows": 3393,
                  "Plan Width": 0,
                  "Actual Startup Time": 94.899,
                  "Actual Total Time": 139.068,
                  "Actual Rows": 3075,
                  "Actual Loops": 3,
                  "Inner Unique": true,
                  "Plans": [
                    {
                      "Node Type": "Bitmap Heap Scan",
                      "Parent Relationship": "Outer",
                      "Parallel Aware": true,
                      "Relation Name": "movie_keyword",
                      "Alias": "mk",
                      "Startup Cost": 175.54,
                      "Total Cost": 16952.14,
                      "Plan Rows": 3393,
                      "Plan Width": 4,
                      "Actual Startup Time": 94.724,
                      "Actual Total Time": 108.439,
                      "Actual Rows": 3075,
                      "Actual Loops": 3,
                      "Recheck Cond": "(keyword_id = 875)",
                      "Rows Removed by Index Recheck": 0,
                      "Exact Heap Blocks": 5077,
                      "Lossy Heap Blocks": 0,
                      "Plans": [
                        {
                          "Node Type": "Bitmap Index Scan",
                          "Parent Relationship": "Outer",
                          "Parallel Aware": false,
                          "Index Name": "keyword_id_movie_keyword",
                          "Startup Cost": 0.0,
                          "Total Cost": 173.5,
                          "Plan Rows": 8143,
                          "Plan Width": 0,
                          "Actual Startup Time": 95.377,
                          "Actual Total Time": 95.377,
                          "Actual Rows": 9226,
                          "Actual Loops": 1,
                          "Index Cond": "(keyword_id = 875)"
                        }
                      ]
                    },
                    {
                      "Node Type": "Index Only Scan",
                      "Parent Relationship": "Inner",
                      "Parallel Aware": false,
                      "Scan Direction": "Forward",
                      "Index Name": "title_pkey",
                      "Relation Name": "title",
                      "Alias": "t",
                      "Startup Cost": 0.43,
                      "Total Cost": 6.8,
                      "Plan Rows": 1,
                      "Plan Width": 4,
                      "Actual Startup Time": 0.009,
                      "Actual Total Time": 0.009,
                      "Actual Rows": 1,
                      "Actual Loops": 9226,
                      "Index Cond": "(id = mk.movie_id)",
                      "Rows Removed by Index Recheck": 0,
                      "Heap Fetches": 9226
                    }
                  ]
                }
              ]
            }
          ]
        }
      ]
    },
    "Planning Time": 0.636,
    "Triggers": [],
    "Execution Time": 151.631
  }
]