[
  {
    "Plan": {
      "Node Type": "Aggregate",
      "Strategy": "Plain",
      "Partial Mode": "Finalize",
      "Parallel Aware": false,
      "Startup Cost": 46572.17,
      "Total Cost": 46572.18,
      "Plan Rows": 1,
      "Plan Width": 8,
      "Actual Startup Time": 164.583,
      "Actual Total Time": 173.679,
      "Actual Rows": 1,
      "Actual Loops": 1,
      "Plans": [
        {
          "Node Type": "Gather",
          "Parent Relationship": "Outer",
          "Parallel Aware": false,
          "Startup Cost": 46571.86,
          "Total Cost": 46572.17,
          "Plan Rows": 3,
          "Plan Width": 8,
          "Actual Startup Time": 164.468,
          "Actual Total Time": 173.671,
          "Actual Rows": 4,
          "Actual Loops": 1,
          "Workers Planned": 3,
          "Workers Launched": 3,
          "Single Copy": false,
          "Plans": [
            {
              "Node Type": "Aggregate",
              "Strategy": "Plain",
              "Partial Mode": "Partial",
              "Parent Relationship": "Outer",
              "Parallel Aware": false,
              "Startup Cost": 45571.86,
              "Total Cost": 45571.87,
              "Plan Rows": 1,
              "Plan Width": 8,
              "Actual Startup Time": 157.522,
              "Actual Total Time": 157.523,
              "Actual Rows": 1,
              "Actual Loops": 4,
              "Plans": [
                {
                  "Node Type": "Seq Scan",
                  "Parent Relationship": "Outer",
                  "Parallel Aware": true,
                  "Relation Name": "movie_keyword",
                  "Alias": "mk",
                  "Startup Cost": 0.0,
                  "Total Cost": 42695.65,
                  "Plan Rows": 1150481,
                  "Plan Width": 0,
                  "Actual Startup Time": 0.054,
                  "Actual Total Time": 118.751,
                  "Actual Rows": 892256,
                  "Actual Loops": 4,
                  "Filter": "(keyword_id < 19864)",
                  "Rows Removed by Filter": 238727
                }
              ]
            }
          ]
        }
      ]
    },
    "Planning Time": 0.177,
    "Triggers": [],
    "Execution Time": 173.733
  }
]