{
  "Plan": {
    "Node Type": "Aggregate",
    "Strategy": "Plain",
    "Partial Mode": "Finalize",
    "Parallel Aware": false,
    "Startup Cost": 90624.52,
    "Total Cost": 90624.53,
    "Plan Rows": 1,
    "Plan Width": 8,
    "Actual Startup Time": 378.589,
    "Actual Total Time": 388.328,
    "Actual Rows": 1,
    "Actual Loops": 1,
    "Plans": [
      {
        "Node Type": "Gather",
        "Parent Relationship": "Outer",
        "Parallel Aware": false,
        "Startup Cost": 90624.4,
        "Total Cost": 90624.51,
        "Plan Rows": 1,
        "Plan Width": 8,
        "Actual Startup Time": 378.092,
        "Actual Total Time": 388.32,
        "Actual Rows": 2,
        "Actual Loops": 1,
        "Workers Planned": 1,
        "Workers Launched": 1,
        "Single Copy": false,
        "Plans": [
          {
            "Node Type": "Aggregate",
            "Strategy": "Plain",
            "Partial Mode": "Partial",
            "Parent Relationship": "Outer",
            "Parallel Aware": false,
            "Startup Cost": 89624.4,
            "Total Cost": 89624.41,
            "Plan Rows": 1,
            "Plan Width": 8,
            "Actual Startup Time": 372.089,
            "Actual Total Time": 372.093,
            "Actual Rows": 1,
            "Actual Loops": 2,
            "Plans": [
              {
                "Node Type": "Hash Join",
                "Parent Relationship": "Outer",
                "Parallel Aware": true,
                "Join Type": "Inner",
                "Startup Cost": 27697.01,
                "Total Cost": 89480.58,
                "Plan Rows": 57531,
                "Plan Width": 0,
                "Actual Startup Time": 280.485,
                "Actual Total Time": 371.142,
                "Actual Rows": 19611,
                "Actual Loops": 2,
                "Inner Unique": false,
                "Hash Cond": "(t.id = mc.movie_id)",
                "Plans": [
                  {
                    "Node Type": "Seq Scan",
                    "Parent Relationship": "Outer",
                    "Parallel Aware": true,
                    "Relation Name": "title",
                    "Alias": "t",
                    "Startup Cost": 0.0,
                    "Total Cost": 54588.39,
                    "Plan Rows": 1097081,
                    "Plan Width": 4,
                    "Actual Startup Time": 0.011,
                    "Actual Total Time": 135.933,
                    "Actual Rows": 932744,
                    "Actual Loops": 2,
                    "Filter": "(kind_id > 1)",
                    "Rows Removed by Filter": 331412
                  },
                  {
                    "Node Type": "Hash",
                    "Parent Relationship": "Inner",
                    "Parallel Aware": true,
                    "Startup Cost": 26722.12,
                    "Total Cost": 26722.12,
                    "Plan Rows": 77991,
                    "Plan Width": 4,
                    "Actual Startup Time": 89.313,
                    "Actual Total Time": 89.315,
                    "Actual Rows": 129610,
                    "Actual Loops": 2,
                    "Hash Buckets": 262144,
                    "Original Hash Buckets": 262144,
                    "Hash Batches": 1,
                    "Original Hash Batches": 1,
                    "Peak Memory Usage": 12224,
                    "Plans": [
                      {
                        "Node Type": "Bitmap Heap Scan",
                        "Parent Relationship": "Outer",
                        "Parallel Aware": true,
                        "Relation Name": "movie_companies",
                        "Alias": "mc",
                        "Startup Cost": 5628.04,
                        "Total Cost": 26722.12,
                        "Plan Rows": 77991,
                        "Plan Width": 4,
                        "Actual Startup Time": 24.497,
                        "Actual Total Time": 60.283,
                        "Actual Rows": 129610,
                        "Actual Loops": 2,
                        "Recheck Cond": "(company_id > 99536)",
                        "Rows Removed by Index Recheck": 0,
                        "Filter": "(company_type_id = 2)",
                        "Rows Removed by Filter": 0,
                        "Exact Heap Blocks": 3117,
                        "Lossy Heap Blocks": 0,
                        "Plans": [
                          {
                            "Node Type": "Bitmap Index Scan",
                            "Parent Relationship": "Outer",
                            "Parallel Aware": false,
                            "Index Name": "company_id_movie_companies",
                            "Startup Cost": 0.0,
                            "Total Cost": 5594.9,
                            "Plan Rows": 261129,
                            "Plan Width": 0,
                            "Actual Startup Time": 26.078,
                            "Actual Total Time": 26.078,
                            "Actual Rows": 259221,
                            "Actual Loops": 1,
                            "Index Cond": "(company_id > 99536)"
                          }
                        ]
                      }
                    ]
                  }
                ]
              }
            ]
          }
        ]
      }
    ]
  },
  "Planning Time": 0.717,
  "Triggers": [],
  "Execution Time": 388.425
}