[
  {
    "Plan": {
      "Node Type": "Aggregate",
      "Strategy": "Plain",
      "Partial Mode": "Finalize",
      "Parallel Aware": false,
      "Startup Cost": 387301.1,
      "Total Cost": 387301.11,
      "Plan Rows": 1,
      "Plan Width": 8,
      "Actual Startup Time": 1289.0,
      "Actual Total Time": 1320.082,
      "Actual Rows": 1,
      "Actual Loops": 1,
      "Plans": [
        {
          "Node Type": "Gather",
          "Parent Relationship": "Outer",
          "Parallel Aware": false,
          "Startup Cost": 387300.47,
          "Total Cost": 387301.08,
          "Plan Rows": 6,
          "Plan Width": 8,
          "Actual Startup Time": 1285.984,
          "Actual Total Time": 1320.071,
          "Actual Rows": 7,
          "Actual Loops": 1,
          "Workers Planned": 6,
          "Workers Launched": 6,
          "Single Copy": false,
          "Plans": [
            {
              "Node Type": "Aggregate",
              "Strategy": "Plain",
              "Partial Mode": "Partial",
              "Parent Relationship": "Outer",
              "Parallel Aware": false,
              "Startup Cost": 386300.47,
              "Total Cost": 386300.48,
              "Plan Rows": 1,
              "Plan Width": 8,
              "Actual Startup Time": 1279.938,
              "Actual Total Time": 1279.941,
              "Actual Rows": 1,
              "Actual Loops": 7,
              "Plans": [
                {
                  "Node Type": "Hash Join",
                  "Parent Relationship": "Outer",
                  "Parallel Aware": true,
                  "Join Type": "Inner",
                  "Startup Cost": 46520.43,
                  "Total Cost": 385010.68,
                  "Plan Rows": 515919,
                  "Plan Width": 0,
                  "Actual Startup Time": 295.183,
                  "Actual Total Time": 1255.307,
                  "Actual Rows": 450714,
                  "Actual Loops": 7,
                  "Inner Unique": true,
                  "Hash Cond": "(ci.movie_id = t.id)",
                  "Plans": [
                    {
                      "Node Type": "Seq Scan",
                      "Parent Relationship": "Outer",
                      "Parallel Aware": true,
                      "Relation Name": "cast_info",
                      "Alias": "ci",
                      "Startup Cost": 0.0,
                      "Total Cost": 328213.62,
                      "Plan Rows": 3914897,
                      "Plan Width": 4,
                      "Actual Startup Time": 204.739,
                      "Actual Total Time": 679.309,
                      "Actual Rows": 3367665,
                      "Actual Loops": 7,
                      "Filter": "(role_id > 1)",
                      "Rows Removed by Filter": 1810098
                    },
                    {
                      "Node Type": "Hash",
                      "Parent Relationship": "Inner",
                      "Parallel Aware": true,
                      "Startup Cost": 45479.21,
                      "Total Cost": 45479.21,
                      "Plan Rows": 83298,
                      "Plan Width": 4,
                      "Actual Startup Time": 88.8,
                      "Actual Total Time": 88.801,
                      "Actual Rows": 36510,
                      "Actual Loops": 7,
                      "Hash Buckets": 524288,
                      "Original Hash Buckets": 524288,
                      "Hash Batches": 1,
                      "Original Hash Batches": 1,
                      "Peak Memory Usage": 14304,
                      "Plans": [
                        {
                          "Node Type": "Seq Scan",
                          "Parent Relationship": "Outer",
                          "Parallel Aware": true,
                          "Relation Name": "title",
                          "Alias": "t",
                          "Startup Cost": 0.0,
                          "Total Cost": 45479.21,
                          "Plan Rows": 83298,
                          "Plan Width": 4,
                          "Actual Startup Time": 36.015,
                          "Actual Total Time": 71.411,
                          "Actual Rows": 36510,
                          "Actual Loops": 7,
                          "Filter": "((production_year > 2002) AND (kind_id = 1))",
                          "Rows Removed by Filter": 324677
                        }
                      ]
                    }
                  ]
                }
              ]
            }
          ]
        }
      ]
    },
    "Planning Time": 0.345,
    "Triggers": [],
    "Execution Time": 1320.128
  }
]