[
  {
    "Plan": {
      "Node Type": "Aggregate",
      "Strategy": "Plain",
      "Partial Mode": "Finalize",
      "Parallel Aware": false,
      "Startup Cost": 387383.61,
      "Total Cost": 387383.62,
      "Plan Rows": 1,
      "Plan Width": 8,
      "Actual Startup Time": 1438.693,
      "Actual Total Time": 1506.076,
      "Actual Rows": 1,
      "Actual Loops": 1,
      "Plans": [
        {
          "Node Type": "Gather",
          "Parent Relationship": "Outer",
          "Parallel Aware": false,
          "Startup Cost": 387382.99,
          "Total Cost": 387383.6,
          "Plan Rows": 6,
          "Plan Width": 8,
          "Actual Startup Time": 1435.851,
          "Actual Total Time": 1506.052,
          "Actual Rows": 7,
          "Actual Loops": 1,
          "Workers Planned": 6,
          "Workers Launched": 6,
          "Single Copy": false,
          "Plans": [
            {
              "Node Type": "Aggregate",
              "Strategy": "Plain",
              "Partial Mode": "Partial",
              "Parent Relationship": "Outer",
              "Parallel Aware": false,
              "Startup Cost": 386382.99,
              "Total Cost": 386383.0,
              "Plan Rows": 1,
              "Plan Width": 8,
              "Actual Startup Time": 1425.432,
              "Actual Total Time": 1425.435,
              "Actual Rows": 1,
              "Actual Loops": 7,
              "Plans": [
                {
                  "Node Type": "Hash Join",
                  "Parent Relationship": "Outer",
                  "Parallel Aware": true,
                  "Join Type": "Inner",
                  "Startup Cost": 46522.42,
                  "Total Cost": 385076.1,
                  "Plan Rows": 522756,
                  "Plan Width": 0,
                  "Actual Startup Time": 320.995,
                  "Actual Total Time": 1401.34,
                  "Actual Rows": 450714,
                  "Actual Loops": 7,
                  "Inner Unique": true,
                  "Hash Cond": "(ci.movie_id = t.id)",
                  "Plans": [
                    {
                      "Node Type": "Seq Scan",
                      "Parent Relationship": "Outer",
                      "Parallel Aware": true,
                      "Relation Name": "cast_info",
                      "Alias": "ci",
                      "Startup Cost": 0.0,
                      "Total Cost": 328162.03,
                      "Plan Rows": 3958715,
                      "Plan Width": 4,
                      "Actual Startup Time": 218.279,
                      "Actual Total Time": 755.967,
                      "Actual Rows": 3367665,
                      "Actual Loops": 7,
                      "Filter": "(role_id > 1)",
                      "Rows Removed by Filter": 1810098
                    },
                    {
                      "Node Type": "Hash",
                      "Parent Relationship": "Inner",
                      "Parallel Aware": true,
                      "Startup Cost": 45479.1,
                      "Total Cost": 45479.1,
                      "Plan Rows": 83466,
                      "Plan Width": 4,
                      "Actual Startup Time": 100.029,
                      "Actual Total Time": 100.03,
                      "Actual Rows": 36510,
                      "Actual Loops": 7,
                      "Hash Buckets": 524288,
                      "Original Hash Buckets": 524288,
                      "Hash Batches": 1,
                      "Original Hash Batches": 1,
                      "Peak Memory Usage": 14304,
                      "Plans": [
                        {
                          "Node Type": "Seq Scan",
                          "Parent Relationship": "Outer",
                          "Parallel Aware": true,
                          "Relation Name": "title",
                          "Alias": "t",
                          "Startup Cost": 0.0,
                          "Total Cost": 45479.1,
                          "Plan Rows": 83466,
                          "Plan Width": 4,
                          "Actual Startup Time": 44.773,
                          "Actual Total Time": 81.999,
                          "Actual Rows": 36510,
                          "Actual Loops": 7,
                          "Filter": "((production_year > 2002) AND (kind_id = 1))",
                          "Rows Removed by Filter": 324677
                        }
                      ]
                    }
                  ]
                }
              ]
            }
          ]
        }
      ]
    },
    "Planning Time": 0.586,
    "Triggers": [],
    "Execution Time": 1506.16
  }
]