[
  {
    "Plan": {
      "Node Type": "Aggregate",
      "Strategy": "Plain",
      "Partial Mode": "Finalize",
      "Parallel Aware": false,
      "Startup Cost": 68545.43,
      "Total Cost": 68545.44,
      "Plan Rows": 1,
      "Plan Width": 8,
      "Actual Startup Time": 169.201,
      "Actual Total Time": 183.965,
      "Actual Rows": 1,
      "Actual Loops": 1,
      "Plans": [
        {
          "Node Type": "Gather",
          "Parent Relationship": "Outer",
          "Parallel Aware": false,
          "Startup Cost": 68545.01,
          "Total Cost": 68545.42,
          "Plan Rows": 4,
          "Plan Width": 8,
          "Actual Startup Time": 168.123,
          "Actual Total Time": 183.952,
          "Actual Rows": 5,
          "Actual Loops": 1,
          "Workers Planned": 4,
          "Workers Launched": 4,
          "Single Copy": false,
          "Plans": [
            {
              "Node Type": "Aggregate",
              "Strategy": "Plain",
              "Partial Mode": "Partial",
              "Parent Relationship": "Outer",
              "Parallel Aware": false,
              "Startup Cost": 67545.01,
              "Total Cost": 67545.02,
              "Plan Rows": 1,
              "Plan Width": 8,
              "Actual Startup Time": 157.759,
              "Actual Total Time": 157.763,
              "Actual Rows": 1,
              "Actual Loops": 5,
              "Plans": [
                {
                  "Node Type": "Hash Join",
                  "Parent Relationship": "Outer",
                  "Parallel Aware": true,
                  "Join Type": "Inner",
                  "Startup Cost": 23437.53,
                  "Total Cost": 67541.8,
                  "Plan Rows": 1284,
                  "Plan Width": 0,
                  "Actual Startup Time": 70.38,
                  "Actual Total Time": 157.68,
                  "Actual Rows": 546,
                  "Actual Loops": 5,
                  "Inner Unique": false,
                  "Hash Cond": "(t.id = mc.movie_id)",
                  "Plans": [
                    {
                      "Node Type": "Seq Scan",
                      "Parent Relationship": "Outer",
                      "Parallel Aware": true,
                      "Relation Name": "title",
                      "Alias": "t",
                      "Startup Cost": 0.0,
                      "Total Cost": 43898.92,
                      "Plan Rows": 40242,
                      "Plan Width": 4,
                      "Actual Startup Time": 0.013,
                      "Actual Total Time": 76.764,
                      "Actual Rows": 32861,
                      "Actual Loops": 5,
                      "Filter": "(production_year = 2012)",
                      "Rows Removed by Filter": 472801
                    },
                    {
                      "Node Type": "Hash",
                      "Parent Relationship": "Inner",
                      "Parallel Aware": true,
                      "Startup Cost": 23112.29,
                      "Total Cost": 23112.29,
                      "Plan Rows": 26019,
                      "Plan Width": 4,
                      "Actual Startup Time": 68.634,
                      "Actual Total Time": 68.635,
                      "Actual Rows": 25911,
                      "Actual Loops": 5,
                      "Hash Buckets": 131072,
                      "Original Hash Buckets": 131072,
                      "Hash Batches": 1,
                      "Original Hash Batches": 1,
                      "Peak Memory Usage": 6176,
                      "Plans": [
                        {
                          "Node Type": "Bitmap Heap Scan",
                          "Parent Relationship": "Outer",
                          "Parallel Aware": true,
                          "Relation Name": "movie_companies",
                          "Alias": "mc",
                          "Startup Cost": 3529.47,
                          "Total Cost": 23112.29,
                          "Plan Rows": 26019,
                          "Plan Width": 4,
                          "Actual Startup Time": 17.539,
                          "Actual Total Time": 55.184,
                          "Actual Rows": 25911,
                          "Actual Loops": 5,
                          "Recheck Cond": "(company_id < 34)",
                          "Rows Removed by Index Recheck": 0,
                          "Filter": "(company_type_id = 1)",
                          "Rows Removed by Filter": 7631,
                          "Exact Heap Blocks": 6000,
                          "Lossy Heap Blocks": 0,
                          "Plans": [
                            {
                              "Node Type": "Bitmap Index Scan",
                              "Parent Relationship": "Outer",
                              "Parallel Aware": false,
                              "Index Name": "company_id_movie_companies",
                              "Startup Cost": 0.0,
                              "Total Cost": 3509.3,
                              "Plan Rows": 163850,
                              "Plan Width": 0,
                              "Actual Startup Time": 18.681,
                              "Actual Total Time": 18.681,
                              "Actual Rows": 167708,
                              "Actual Loops": 1,
                              "Index Cond": "(company_id < 34)"
                            }
                          ]
                        }
                      ]
                    }
                  ]
                }
              ]
            }
          ]
        }
      ]
    },
    "Planning Time": 0.789,
    "Triggers": [],
    "Execution Time": 184.093
  }
]