[
  {
    "Plan": {
      "Node Type": "Aggregate",
      "Strategy": "Plain",
      "Partial Mode": "Finalize",
      "Parallel Aware": false,
      "Startup Cost": 46334.85,
      "Total Cost": 46334.86,
      "Plan Rows": 1,
      "Plan Width": 8,
      "Actual Startup Time": 145.327,
      "Actual Total Time": 154.389,
      "Actual Rows": 1,
      "Actual Loops": 1,
      "Plans": [
        {
          "Node Type": "Gather",
          "Parent Relationship": "Outer",
          "Parallel Aware": false,
          "Startup Cost": 46334.53,
          "Total Cost": 46334.84,
          "Plan Rows": 3,
          "Plan Width": 8,
          "Actual Startup Time": 145.177,
          "Actual Total Time": 154.381,
          "Actual Rows": 4,
          "Actual Loops": 1,
          "Workers Planned": 3,
          "Workers Launched": 3,
          "Single Copy": false,
          "Plans": [
            {
              "Node Type": "Aggregate",
              "Strategy": "Plain",
              "Partial Mode": "Partial",
              "Parent Relationship": "Outer",
              "Parallel Aware": false,
              "Startup Cost": 45334.53,
              "Total Cost": 45334.54,
              "Plan Rows": 1,
              "Plan Width": 8,
              "Actual Startup Time": 140.556,
              "Actual Total Time": 140.557,
              "Actual Rows": 1,
              "Actual Loops": 4,
              "Plans": [
                {
                  "Node Type": "Seq Scan",
                  "Parent Relationship": "Outer",
                  "Parallel Aware": true,
                  "Relation Name": "movie_keyword",
                  "Alias": "mk",
                  "Startup Cost": 0.0,
                  "Total Cost": 42695.65,
                  "Plan Rows": 1055551,
                  "Plan Width": 0,
                  "Actual Startup Time": 0.035,
                  "Actual Total Time": 106.684,
                  "Actual Rows": 817369,
                  "Actual Loops": 4,
                  "Filter": "(keyword_id < 14350)",
                  "Rows Removed by Filter": 313614
                }
              ]
            }
          ]
        }
      ]
    },
    "Planning Time": 0.088,
    "Triggers": [],
    "Execution Time": 154.417
  }
]