[
  {
    "Plan": {
      "Node Type": "Aggregate",
      "Strategy": "Plain",
      "Partial Mode": "Finalize",
      "Parallel Aware": false,
      "Startup Cost": 17201.23,
      "Total Cost": 17201.24,
      "Plan Rows": 1,
      "Plan Width": 8,
      "Actual Startup Time": 27.903,
      "Actual Total Time": 33.473,
      "Actual Rows": 1,
      "Actual Loops": 1,
      "Plans": [
        {
          "Node Type": "Gather",
          "Parent Relationship": "Outer",
          "Parallel Aware": false,
          "Startup Cost": 17201.12,
          "Total Cost": 17201.23,
          "Plan Rows": 1,
          "Plan Width": 8,
          "Actual Startup Time": 27.794,
          "Actual Total Time": 33.468,
          "Actual Rows": 2,
          "Actual Loops": 1,
          "Workers Planned": 1,
          "Workers Launched": 1,
          "Single Copy": false,
          "Plans": [
            {
              "Node Type": "Aggregate",
              "Strategy": "Plain",
              "Partial Mode": "Partial",
              "Parent Relationship": "Outer",
              "Parallel Aware": false,
              "Startup Cost": 16201.12,
              "Total Cost": 16201.13,
              "Plan Rows": 1,
              "Plan Width": 8,
              "Actual Startup Time": 25.758,
              "Actual Total Time": 25.759,
              "Actual Rows": 1,
              "Actual Loops": 2,
              "Plans": [
                {
                  "Node Type": "Nested Loop",
                  "Parent Relationship": "Outer",
                  "Parallel Aware": false,
                  "Join Type": "Inner",
                  "Startup Cost": 63.3,
                  "Total Cost": 16171.54,
                  "Plan Rows": 11833,
                  "Plan Width": 0,
                  "Actual Startup Time": 0.524,
                  "Actual Total Time": 24.871,
                  "Actual Rows": 16484,
                  "Actual Loops": 2,
                  "Inner Unique": false,
                  "Plans": [
                    {
                      "Node Type": "Nested Loop",
                      "Parent Relationship": "Outer",
                      "Parallel Aware": false,
                      "Join Type": "Inner",
                      "Startup Cost": 62.74,
                      "Total Cost": 14411.76,
                      "Plan Rows": 825,
                      "Plan Width": 8,
                      "Actual Startup Time": 0.462,
                      "Actual Total Time": 2.502,
                      "Actual Rows": 264,
                      "Actual Loops": 2,
                      "Inner Unique": true,
                      "Plans": [
                        {
                          "Node Type": "Bitmap Heap Scan",
                          "Parent Relationship": "Outer",
                          "Parallel Aware": true,
                          "Relation Name": "movie_companies",
                          "Alias": "mc",
                          "Startup Cost": 62.31,
                          "Total Cost": 7741.29,
                          "Plan Rows": 825,
                          "Plan Width": 4,
                          "Actual Startup Time": 0.4,
                          "Actual Total Time": 1.005,
                          "Actual Rows": 264,
                          "Actual Loops": 2,
                          "Recheck Cond": "(company_id = 2042)",
                          "Rows Removed by Index Recheck": 0,
                          "Filter": "(company_type_id < 2)",
                          "Rows Removed by Filter": 874,
                          "Exact Heap Blocks": 207,
                          "Lossy Heap Blocks": 0,
                          "Plans": [
                            {
                              "Node Type": "Bitmap Index Scan",
                              "Parent Relationship": "Outer",
                              "Parallel Aware": false,
                              "Index Name": "company_id_movie_companies",
                              "Startup Cost": 0.0,
                              "Total Cost": 61.95,
                              "Plan Rows": 2870,
                              "Plan Width": 0,
                              "Actual Startup Time": 0.725,
                              "Actual Total Time": 0.726,
                              "Actual Rows": 2274,
                              "Actual Loops": 1,
                              "Index Cond": "(company_id = 2042)"
                            }
                          ]
                        },
                        {
                          "Node Type": "Index Only Scan",
                          "Parent Relationship": "Inner",
                          "Parallel Aware": false,
                          "Scan Direction": "Forward",
                          "Index Name": "title_pkey",
                          "Relation Name": "title",
                          "Alias": "t",
                          "Startup Cost": 0.43,
                          "Total Cost": 8.09,
                          "Plan Rows": 1,
                          "Plan Width": 4,
                          "Actual Startup Time": 0.005,
                          "Actual Total Time": 0.005,
                          "Actual Rows": 1,
                          "Actual Loops": 527,
                          "Index Cond": "(id = mc.movie_id)",
                          "Rows Removed by Index Recheck": 0,
                          "Heap Fetches": 527
                        }
                      ]
                    },
                    {
                      "Node Type": "Index Only Scan",
                      "Parent Relationship": "Inner",
                      "Parallel Aware": false,
                      "Scan Direction": "Forward",
                      "Index Name": "movie_id_cast_info",
                      "Relation Name": "cast_info",
                      "Alias": "ci",
                      "Startup Cost": 0.56,
                      "Total Cost": 1.78,
                      "Plan Rows": 35,
                      "Plan Width": 4,
                      "Actual Startup Time": 0.008,
                      "Actual Total Time": 0.079,
                      "Actual Rows": 63,
                      "Actual Loops": 527,
                      "Index Cond": "(movie_id = t.id)",
                      "Rows Removed by Index Recheck": 0,
                      "Heap Fetches": 32969
                    }
                  ]
                }
              ]
            }
          ]
        }
      ]
    },
    "Planning Time": 0.487,
    "Triggers": [],
    "Execution Time": 33.515
  }
]