{
  "Plan": {
    "Node Type": "Aggregate",
    "Strategy": "Plain",
    "Partial Mode": "Finalize",
    "Parallel Aware": false,
    "Startup Cost": 331480.17,
    "Total Cost": 331480.18,
    "Plan Rows": 1,
    "Plan Width": 8,
    "Actual Startup Time": 1356.866,
    "Actual Total Time": 1407.295,
    "Actual Rows": 1,
    "Actual Loops": 1,
    "Plans": [
      {
        "Node Type": "Gather",
        "Parent Relationship": "Outer",
        "Parallel Aware": false,
        "Startup Cost": 331480.06,
        "Total Cost": 331480.17,
        "Plan Rows": 1,
        "Plan Width": 8,
        "Actual Startup Time": 1356.627,
        "Actual Total Time": 1407.277,
        "Actual Rows": 2,
        "Actual Loops": 1,
        "Workers Planned": 1,
        "Workers Launched": 1,
        "Single Copy": false,
        "Plans": [
          {
            "Node Type": "Aggregate",
            "Strategy": "Plain",
            "Partial Mode": "Partial",
            "Parent Relationship": "Outer",
            "Parallel Aware": false,
            "Startup Cost": 330480.06,
            "Total Cost": 330480.07,
            "Plan Rows": 1,
            "Plan Width": 8,
            "Actual Startup Time": 1351.194,
            "Actual Total Time": 1351.197,
            "Actual Rows": 1,
            "Actual Loops": 2,
            "Plans": [
              {
                "Node Type": "Hash Join",
                "Parent Relationship": "Outer",
                "Parallel Aware": true,
                "Join Type": "Inner",
                "Startup Cost": 58486.28,
                "Total Cost": 330269.77,
                "Plan Rows": 84115,
                "Plan Width": 0,
                "Actual Startup Time": 134.482,
                "Actual Total Time": 1345.238,
                "Actual Rows": 129554,
                "Actual Loops": 2,
                "Inner Unique": true,
                "Hash Cond": "(mi.movie_id = t.id)",
                "Plans": [
                  {
                    "Node Type": "Seq Scan",
                    "Parent Relationship": "Outer",
                    "Parallel Aware": true,
                    "Relation Name": "movie_info",
                    "Alias": "mi",
                    "Startup Cost": 0.0,
                    "Total Cost": 248955.74,
                    "Plan Rows": 8696274,
                    "Plan Width": 4,
                    "Actual Startup Time": 0.009,
                    "Actual Total Time": 602.33,
                    "Actual Rows": 7417860,
                    "Actual Loops": 2
                  },
                  {
                    "Node Type": "Hash",
                    "Parent Relationship": "Inner",
                    "Parallel Aware": true,
                    "Startup Cost": 58306.47,
                    "Total Cost": 58306.47,
                    "Plan Rows": 14385,
                    "Plan Width": 4,
                    "Actual Startup Time": 133.059,
                    "Actual Total Time": 133.06,
                    "Actual Rows": 10316,
                    "Actual Loops": 2,
                    "Hash Buckets": 32768,
                    "Original Hash Buckets": 32768,
                    "Hash Batches": 1,
                    "Original Hash Batches": 1,
                    "Peak Memory Usage": 1088,
                    "Plans": [
                      {
                        "Node Type": "Seq Scan",
                        "Parent Relationship": "Outer",
                        "Parallel Aware": true,
                        "Relation Name": "title",
                        "Alias": "t",
                        "Startup Cost": 0.0,
                        "Total Cost": 58306.47,
                        "Plan Rows": 14385,
                        "Plan Width": 4,
                        "Actual Startup Time": 0.463,
                        "Actual Total Time": 130.109,
                        "Actual Rows": 10316,
                        "Actual Loops": 2,
                        "Filter": "((kind_id < 7) AND (production_year = 2002))",
                        "Rows Removed by Filter": 1253840
                      }
                    ]
                  }
                ]
              }
            ]
          }
        ]
      }
    ]
  },
  "Planning Time": 0.404,
  "Triggers": [],
  "Execution Time": 1407.356
}