{
  "Plan": {
    "Node Type": "Aggregate",
    "Strategy": "Plain",
    "Partial Mode": "Finalize",
    "Parallel Aware": false,
    "Startup Cost": 383904.52,
    "Total Cost": 383904.53,
    "Plan Rows": 1,
    "Plan Width": 8,
    "Actual Startup Time": 2322.195,
    "Actual Total Time": 2363.491,
    "Actual Rows": 1,
    "Actual Loops": 1,
    "Plans": [
      {
        "Node Type": "Gather",
        "Parent Relationship": "Outer",
        "Parallel Aware": false,
        "Startup Cost": 383904.41,
        "Total Cost": 383904.52,
        "Plan Rows": 1,
        "Plan Width": 8,
        "Actual Startup Time": 2320.776,
        "Actual Total Time": 2363.48,
        "Actual Rows": 2,
        "Actual Loops": 1,
        "Workers Planned": 1,
        "Workers Launched": 1,
        "Single Copy": false,
        "Plans": [
          {
            "Node Type": "Aggregate",
            "Strategy": "Plain",
            "Partial Mode": "Partial",
            "Parent Relationship": "Outer",
            "Parallel Aware": false,
            "Startup Cost": 382904.41,
            "Total Cost": 382904.42,
            "Plan Rows": 1,
            "Plan Width": 8,
            "Actual Startup Time": 2314.762,
            "Actual Total Time": 2314.919,
            "Actual Rows": 1,
            "Actual Loops": 2,
            "Plans": [
              {
                "Node Type": "Hash Join",
                "Parent Relationship": "Outer",
                "Parallel Aware": true,
                "Join Type": "Inner",
                "Startup Cost": 92849.93,
                "Total Cost": 380372.98,
                "Plan Rows": 1012572,
                "Plan Width": 0,
                "Actual Startup Time": 484.737,
                "Actual Total Time": 2206.078,
                "Actual Rows": 2620362,
                "Actual Loops": 2,
                "Inner Unique": false,
                "Hash Cond": "(mi.movie_id = t.id)",
                "Plans": [
                  {
                    "Node Type": "Seq Scan",
                    "Parent Relationship": "Outer",
                    "Parallel Aware": true,
                    "Relation Name": "movie_info",
                    "Alias": "mi",
                    "Startup Cost": 0.0,
                    "Total Cost": 248955.74,
                    "Plan Rows": 8696274,
                    "Plan Width": 4,
                    "Actual Startup Time": 0.015,
                    "Actual Total Time": 604.604,
                    "Actual Rows": 7417860,
                    "Actual Loops": 2
                  },
                  {
                    "Node Type": "Hash",
                    "Parent Relationship": "Inner",
                    "Parallel Aware": true,
                    "Startup Cost": 90685.31,
                    "Total Cost": 90685.31,
                    "Plan Rows": 173169,
                    "Plan Width": 8,
                    "Actual Startup Time": 452.589,
                    "Actual Total Time": 452.744,
                    "Actual Rows": 146955,
                    "Actual Loops": 2,
                    "Hash Buckets": 524288,
                    "Original Hash Buckets": 524288,
                    "Hash Batches": 1,
                    "Original Hash Batches": 1,
                    "Peak Memory Usage": 15616,
                    "Plans": [
                      {
                        "Node Type": "Hash Join",
                        "Parent Relationship": "Outer",
                        "Parallel Aware": true,
                        "Join Type": "Inner",
                        "Startup Cost": 29501.17,
                        "Total Cost": 90685.31,
                        "Plan Rows": 173169,
                        "Plan Width": 8,
                        "Actual Startup Time": 257.112,
                        "Actual Total Time": 417.043,
                        "Actual Rows": 146955,
                        "Actual Loops": 2,
                        "Inner Unique": false,
                        "Hash Cond": "(t.id = mc.movie_id)",
                        "Plans": [
                          {
                            "Node Type": "Seq Scan",
                            "Parent Relationship": "Outer",
                            "Parallel Aware": true,
                            "Relation Name": "title",
                            "Alias": "t",
                            "Startup Cost": 0.0,
                            "Total Cost": 50870.31,
                            "Plan Rows": 1487231,
                            "Plan Width": 4,
                            "Actual Startup Time": 0.01,
                            "Actual Total Time": 115.401,
                            "Actual Rows": 1264156,
                            "Actual Loops": 2
                          },
                          {
                            "Node Type": "Hash",
                            "Parent Relationship": "Inner",
                            "Parallel Aware": true,
                            "Startup Cost": 27336.55,
                            "Total Cost": 27336.55,
                            "Plan Rows": 173169,
                            "Plan Width": 4,
                            "Actual Startup Time": 87.368,
                            "Actual Total Time": 87.369,
                            "Actual Rows": 146955,
                            "Actual Loops": 2,
                            "Hash Buckets": 524288,
                            "Original Hash Buckets": 524288,
                            "Hash Batches": 1,
                            "Original Hash Batches": 1,
                            "Peak Memory Usage": 15616,
                            "Plans": [
                              {
                                "Node Type": "Bitmap Heap Scan",
                                "Parent Relationship": "Outer",
                                "Parallel Aware": true,
                                "Relation Name": "movie_companies",
                                "Alias": "mc",
                                "Startup Cost": 6381.94,
                                "Total Cost": 27336.55,
                                "Plan Rows": 173169,
                                "Plan Width": 4,
                                "Actual Startup Time": 21.378,
                                "Actual Total Time": 54.225,
                                "Actual Rows": 146955,
                                "Actual Loops": 2,
                                "Recheck Cond": "(company_id > 94773)",
                                "Rows Removed by Index Recheck": 0,
                                "Exact Heap Blocks": 3182,
                                "Lossy Heap Blocks": 0,
                                "Plans": [
                                  {
                                    "Node Type": "Bitmap Index Scan",
                                    "Parent Relationship": "Outer",
                                    "Parallel Aware": false,
                                    "Index Name": "company_id_movie_companies",
                                    "Startup Cost": 0.0,
                                    "Total Cost": 6308.34,
                                    "Plan Rows": 294388,
                                    "Plan Width": 0,
                                    "Actual Startup Time": 20.427,
                                    "Actual Total Time": 20.428,
                                    "Actual Rows": 293910,
                                    "Actual Loops": 1,
                                    "Index Cond": "(company_id > 94773)"
                                  }
                                ]
                              }
                            ]
                          }
                        ]
                      }
                    ]
                  }
                ]
              }
            ]
          }
        ]
      }
    ]
  },
  "Planning Time": 0.878,
  "Triggers": [],
  "Execution Time": 2363.602
}