[
    {
        "Bao": {
            "Bao prediction": "NaN",
            "Bao recommended hint": "(no hint)"
        }
    },
    {
        "Plan": {
            "Node Type": "Aggregate",
            "Strategy": "Plain",
            "Partial Mode": "Finalize",
            "Parallel Aware": false,
            "Startup Cost": 250953.55,
            "Total Cost": 250953.56,
            "Plan Rows": 1,
            "Plan Width": 8,
            "Actual Startup Time": 581.621,
            "Actual Total Time": 602.204,
            "Actual Rows": 1,
            "Actual Loops": 1,
            "Output": [
                "count(*)"
            ],
            "Plans": [
                {
                    "Node Type": "Gather",
                    "Parent Relationship": "Outer",
                    "Parallel Aware": false,
                    "Startup Cost": 250953.03,
                    "Total Cost": 250953.54,
                    "Plan Rows": 5,
                    "Plan Width": 8,
                    "Actual Startup Time": 578.538,
                    "Actual Total Time": 602.195,
                    "Actual Rows": 6,
                    "Actual Loops": 1,
                    "Output": [
                        "(PARTIAL count(*))"
                    ],
                    "Workers Planned": 5,
                    "Workers Launched": 5,
                    "Single Copy": false,
                    "Plans": [
                        {
                            "Node Type": "Aggregate",
                            "Strategy": "Plain",
                            "Partial Mode": "Partial",
                            "Parent Relationship": "Outer",
                            "Parallel Aware": false,
                            "Startup Cost": 249953.03,
                            "Total Cost": 249953.04,
                            "Plan Rows": 1,
                            "Plan Width": 8,
                            "Actual Startup Time": 569.335,
                            "Actual Total Time": 569.338,
                            "Actual Rows": 1,
                            "Actual Loops": 6,
                            "Output": [
                                "PARTIAL count(*)"
                            ],
                            "Workers": [
                                {
                                    "Worker Number": 0,
                                    "Actual Startup Time": 566.071,
                                    "Actual Total Time": 566.074,
                                    "Actual Rows": 1,
                                    "Actual Loops": 1
                                },
                                {
                                    "Worker Number": 1,
                                    "Actual Startup Time": 567.218,
                                    "Actual Total Time": 567.22,
                                    "Actual Rows": 1,
                                    "Actual Loops": 1
                                },
                                {
                                    "Worker Number": 2,
                                    "Actual Startup Time": 566.989,
                                    "Actual Total Time": 566.992,
                                    "Actual Rows": 1,
                                    "Actual Loops": 1
                                },
                                {
                                    "Worker Number": 3,
                                    "Actual Startup Time": 569.955,
                                    "Actual Total Time": 569.958,
                                    "Actual Rows": 1,
                                    "Actual Loops": 1
                                },
                                {
                                    "Worker Number": 4,
                                    "Actual Startup Time": 567.558,
                                    "Actual Total Time": 567.561,
                                    "Actual Rows": 1,
                                    "Actual Loops": 1
                                }
                            ],
                            "Plans": [
                                {
                                    "Node Type": "Hash Join",
                                    "Parent Relationship": "Outer",
                                    "Parallel Aware": true,
                                    "Join Type": "Inner",
                                    "Startup Cost": 47171.37,
                                    "Total Cost": 249292.15,
                                    "Plan Rows": 264351,
                                    "Plan Width": 0,
                                    "Actual Startup Time": 126.361,
                                    "Actual Total Time": 551.295,
                                    "Actual Rows": 399973,
                                    "Actual Loops": 6,
                                    "Inner Unique": true,
                                    "Hash Cond": "(mi.movie_id = t.id)",
                                    "Workers": [
                                        {
                                            "Worker Number": 0,
                                            "Actual Startup Time": 123.183,
                                            "Actual Total Time": 548.085,
                                            "Actual Rows": 377315,
                                            "Actual Loops": 1
                                        },
                                        {
                                            "Worker Number": 1,
                                            "Actual Startup Time": 123.928,
                                            "Actual Total Time": 549.201,
                                            "Actual Rows": 386567,
                                            "Actual Loops": 1
                                        },
                                        {
                                            "Worker Number": 2,
                                            "Actual Startup Time": 124.085,
                                            "Actual Total Time": 549.084,
                                            "Actual Rows": 383319,
                                            "Actual Loops": 1
                                        },
                                        {
                                            "Worker Number": 3,
                                            "Actual Startup Time": 127.04,
                                            "Actual Total Time": 552.118,
                                            "Actual Rows": 383134,
                                            "Actual Loops": 1
                                        },
                                        {
                                            "Worker Number": 4,
                                            "Actual Startup Time": 124.652,
                                            "Actual Total Time": 550.187,
                                            "Actual Rows": 388584,
                                            "Actual Loops": 1
                                        }
                                    ],
                                    "Plans": [
                                        {
                                            "Node Type": "Seq Scan",
                                            "Parent Relationship": "Outer",
                                            "Parallel Aware": true,
                                            "Relation Name": "movie_info",
                                            "Schema": "public",
                                            "Alias": "mi",
                                            "Startup Cost": 0.0,
                                            "Total Cost": 198880.74,
                                            "Plan Rows": 1234303,
                                            "Plan Width": 4,
                                            "Actual Startup Time": 14.038,
                                            "Actual Total Time": 283.114,
                                            "Actual Rows": 1037249,
                                            "Actual Loops": 6,
                                            "Output": [
                                                "mi.id",
                                                "mi.movie_id",
                                                "mi.info_type_id",
                                                "mi.info",
                                                "mi.note"
                                            ],
                                            "Filter": "(mi.info_type_id > 8)",
                                            "Rows Removed by Filter": 1435371,
                                            "Workers": [
                                                {
                                                    "Worker Number": 0,
                                                    "Actual Startup Time": 14.03,
                                                    "Actual Total Time": 287.027,
                                                    "Actual Rows": 980882,
                                                    "Actual Loops": 1
                                                },
                                                {
                                                    "Worker Number": 1,
                                                    "Actual Startup Time": 14.036,
                                                    "Actual Total Time": 286.292,
                                                    "Actual Rows": 996606,
                                                    "Actual Loops": 1
                                                },
                                                {
                                                    "Worker Number": 2,
                                                    "Actual Startup Time": 14.039,
                                                    "Actual Total Time": 286.83,
                                                    "Actual Rows": 995966,
                                                    "Actual Loops": 1
                                                },
                                                {
                                                    "Worker Number": 3,
                                                    "Actual Startup Time": 14.031,
                                                    "Actual Total Time": 286.865,
                                                    "Actual Rows": 994390,
                                                    "Actual Loops": 1
                                                },
                                                {
                                                    "Worker Number": 4,
                                                    "Actual Startup Time": 14.046,
                                                    "Actual Total Time": 289.94,
                                                    "Actual Rows": 996568,
                                                    "Actual Loops": 1
                                                }
                                            ]
                                        },
                                        {
                                            "Node Type": "Hash",
                                            "Parent Relationship": "Inner",
                                            "Parallel Aware": true,
                                            "Startup Cost": 45479.21,
                                            "Total Cost": 45479.21,
                                            "Plan Rows": 135373,
                                            "Plan Width": 4,
                                            "Actual Startup Time": 97.861,
                                            "Actual Total Time": 97.862,
                                            "Actual Rows": 69402,
                                            "Actual Loops": 6,
                                            "Output": [
                                                "t.id"
                                            ],
                                            "Hash Buckets": 1048576,
                                            "Original Hash Buckets": 1048576,
                                            "Hash Batches": 1,
                                            "Original Hash Batches": 1,
                                            "Peak Memory Usage": 24576,
                                            "Workers": [
                                                {
                                                    "Worker Number": 0,
                                                    "Actual Startup Time": 96.267,
                                                    "Actual Total Time": 96.268,
                                                    "Actual Rows": 66351,
                                                    "Actual Loops": 1
                                                },
                                                {
                                                    "Worker Number": 1,
                                                    "Actual Startup Time": 97.003,
                                                    "Actual Total Time": 97.004,
                                                    "Actual Rows": 68956,
                                                    "Actual Loops": 1
                                                },
                                                {
                                                    "Worker Number": 2,
                                                    "Actual Startup Time": 97.139,
                                                    "Actual Total Time": 97.14,
                                                    "Actual Rows": 67717,
                                                    "Actual Loops": 1
                                                },
                                                {
                                                    "Worker Number": 3,
                                                    "Actual Startup Time": 100.38,
                                                    "Actual Total Time": 100.38,
                                                    "Actual Rows": 67753,
                                                    "Actual Loops": 1
                                                },
                                                {
                                                    "Worker Number": 4,
                                                    "Actual Startup Time": 97.694,
                                                    "Actual Total Time": 97.695,
                                                    "Actual Rows": 65496,
                                                    "Actual Loops": 1
                                                }
                                            ],
                                            "Plans": [
                                                {
                                                    "Node Type": "Seq Scan",
                                                    "Parent Relationship": "Outer",
                                                    "Parallel Aware": true,
                                                    "Relation Name": "title",
                                                    "Schema": "public",
                                                    "Alias": "t",
                                                    "Startup Cost": 0.0,
                                                    "Total Cost": 45479.21,
                                                    "Plan Rows": 135373,
                                                    "Plan Width": 4,
                                                    "Actual Startup Time": 38.107,
                                                    "Actual Total Time": 73.957,
                                                    "Actual Rows": 69402,
                                                    "Actual Loops": 6,
                                                    "Output": [
                                                        "t.id"
                                                    ],
                                                    "Filter": "((t.production_year > 1972) AND (t.kind_id = 1))",
                                                    "Rows Removed by Filter": 351983,
                                                    "Workers": [
                                                        {
                                                            "Worker Number": 0,
                                                            "Actual Startup Time": 43.829,
                                                            "Actual Total Time": 73.175,
                                                            "Actual Rows": 66351,
                                                            "Actual Loops": 1
                                                        },
                                                        {
                                                            "Worker Number": 1,
                                                            "Actual Startup Time": 44.379,
                                                            "Actual Total Time": 74.258,
                                                            "Actual Rows": 68956,
                                                            "Actual Loops": 1
                                                        },
                                                        {
                                                            "Worker Number": 2,
                                                            "Actual Startup Time": 44.459,
                                                            "Actual Total Time": 74.031,
                                                            "Actual Rows": 67717,
                                                            "Actual Loops": 1
                                                        },
                                                        {
                                                            "Worker Number": 3,
                                                            "Actual Startup Time": 46.008,
                                                            "Actual Total Time": 75.642,
                                                            "Actual Rows": 67753,
                                                            "Actual Loops": 1
                                                        },
                                                        {
                                                            "Worker Number": 4,
                                                            "Actual Startup Time": 45.0,
                                                            "Actual Total Time": 74.445,
                                                            "Actual Rows": 65496,
                                                            "Actual Loops": 1
                                                        }
                                                    ]
                                                }
                                            ]
                                        }
                                    ]
                                }
                            ]
                        }
                    ]
                }
            ]
        },
        "Planning Time": 174.917,
        "Triggers": [],
        "Execution Time": 602.256
    }
]