[
  {
    "Plan": {
      "Node Type": "Aggregate",
      "Strategy": "Plain",
      "Partial Mode": "Finalize",
      "Parallel Aware": false,
      "Startup Cost": 225783.16,
      "Total Cost": 225783.17,
      "Plan Rows": 1,
      "Plan Width": 8,
      "Actual Startup Time": 136.79,
      "Actual Total Time": 160.069,
      "Actual Rows": 1,
      "Actual Loops": 1,
      "Plans": [
        {
          "Node Type": "Gather",
          "Parent Relationship": "Outer",
          "Parallel Aware": false,
          "Startup Cost": 225782.74,
          "Total Cost": 225783.15,
          "Plan Rows": 4,
          "Plan Width": 8,
          "Actual Startup Time": 136.486,
          "Actual Total Time": 160.056,
          "Actual Rows": 5,
          "Actual Loops": 1,
          "Workers Planned": 4,
          "Workers Launched": 4,
          "Single Copy": false,
          "Plans": [
            {
              "Node Type": "Aggregate",
              "Strategy": "Plain",
              "Partial Mode": "Partial",
              "Parent Relationship": "Outer",
              "Parallel Aware": false,
              "Startup Cost": 224782.74,
              "Total Cost": 224782.75,
              "Plan Rows": 1,
              "Plan Width": 8,
              "Actual Startup Time": 131.399,
              "Actual Total Time": 131.403,
              "Actual Rows": 1,
              "Actual Loops": 5,
              "Plans": [
                {
                  "Node Type": "Nested Loop",
                  "Parent Relationship": "Outer",
                  "Parallel Aware": false,
                  "Join Type": "Inner",
                  "Startup Cost": 0.43,
                  "Total Cost": 224770.88,
                  "Plan Rows": 4744,
                  "Plan Width": 0,
                  "Actual Startup Time": 46.906,
                  "Actual Total Time": 131.03,
                  "Actual Rows": 5912,
                  "Actual Loops": 5,
                  "Inner Unique": false,
                  "Plans": [
                    {
                      "Node Type": "Seq Scan",
                      "Parent Relationship": "Outer",
                      "Parallel Aware": true,
                      "Relation Name": "title",
                      "Alias": "t",
                      "Startup Cost": 0.0,
                      "Total Cost": 45479.59,
                      "Plan Rows": 3956,
                      "Plan Width": 4,
                      "Actual Startup Time": 46.743,
                      "Actual Total Time": 71.237,
                      "Actual Rows": 1941,
                      "Actual Loops": 5,
                      "Filter": "((kind_id = 1) AND (production_year = 2002))",
                      "Rows Removed by Filter": 503722
                    },
                    {
                      "Node Type": "Index Scan",
                      "Parent Relationship": "Inner",
                      "Parallel Aware": false,
                      "Scan Direction": "Forward",
                      "Index Name": "movie_id_movie_info",
                      "Relation Name": "movie_info",
                      "Alias": "mi",
                      "Startup Cost": 0.43,
                      "Total Cost": 45.24,
                      "Plan Rows": 8,
                      "Plan Width": 4,
                      "Actual Startup Time": 0.018,
                      "Actual Total Time": 0.03,
                      "Actual Rows": 3,
                      "Actual Loops": 9704,
                      "Index Cond": "(movie_id = t.id)",
                      "Rows Removed by Index Recheck": 0,
                      "Filter": "(info_type_id = 16)",
                      "Rows Removed by Filter": 14
                    }
                  ]
                }
              ]
            }
          ]
        }
      ]
    },
    "Planning Time": 0.213,
    "Triggers": [],
    "Execution Time": 160.111
  }
]