[
  {
    "Plan": {
      "Node Type": "Aggregate",
      "Strategy": "Plain",
      "Partial Mode": "Finalize",
      "Parallel Aware": false,
      "Startup Cost": 31416.04,
      "Total Cost": 31416.05,
      "Plan Rows": 1,
      "Plan Width": 8,
      "Actual Startup Time": 104.804,
      "Actual Total Time": 110.85,
      "Actual Rows": 1,
      "Actual Loops": 1,
      "Plans": [
        {
          "Node Type": "Gather",
          "Parent Relationship": "Outer",
          "Parallel Aware": false,
          "Startup Cost": 31415.72,
          "Total Cost": 31416.03,
          "Plan Rows": 3,
          "Plan Width": 8,
          "Actual Startup Time": 104.655,
          "Actual Total Time": 110.84,
          "Actual Rows": 4,
          "Actual Loops": 1,
          "Workers Planned": 3,
          "Workers Launched": 3,
          "Single Copy": false,
          "Plans": [
            {
              "Node Type": "Aggregate",
              "Strategy": "Plain",
              "Partial Mode": "Partial",
              "Parent Relationship": "Outer",
              "Parallel Aware": false,
              "Startup Cost": 30415.72,
              "Total Cost": 30415.73,
              "Plan Rows": 1,
              "Plan Width": 8,
              "Actual Startup Time": 99.173,
              "Actual Total Time": 99.174,
              "Actual Rows": 1,
              "Actual Loops": 4,
              "Plans": [
                {
                  "Node Type": "Seq Scan",
                  "Parent Relationship": "Outer",
                  "Parallel Aware": true,
                  "Relation Name": "movie_companies",
                  "Alias": "mc",
                  "Startup Cost": 0.0,
                  "Total Cost": 29310.68,
                  "Plan Rows": 442016,
                  "Plan Width": 0,
                  "Actual Startup Time": 17.858,
                  "Actual Total Time": 82.023,
                  "Actual Rows": 339459,
                  "Actual Loops": 4,
                  "Filter": "(company_id > 11151)",
                  "Rows Removed by Filter": 312823
                }
              ]
            }
          ]
        }
      ]
    },
    "Planning Time": 0.158,
    "Triggers": [],
    "Execution Time": 110.921
  }
]