[
  {
    "Plan": {
      "Node Type": "Aggregate",
      "Strategy": "Plain",
      "Partial Mode": "Finalize",
      "Parallel Aware": false,
      "Startup Cost": 355697.21,
      "Total Cost": 355697.22,
      "Plan Rows": 1,
      "Plan Width": 8,
      "Actual Startup Time": 871.788,
      "Actual Total Time": 931.27,
      "Actual Rows": 1,
      "Actual Loops": 1,
      "Plans": [
        {
          "Node Type": "Gather",
          "Parent Relationship": "Outer",
          "Parallel Aware": false,
          "Startup Cost": 355696.58,
          "Total Cost": 355697.19,
          "Plan Rows": 6,
          "Plan Width": 8,
          "Actual Startup Time": 871.652,
          "Actual Total Time": 931.261,
          "Actual Rows": 7,
          "Actual Loops": 1,
          "Workers Planned": 6,
          "Workers Launched": 6,
          "Single Copy": false,
          "Plans": [
            {
              "Node Type": "Aggregate",
              "Strategy": "Plain",
              "Partial Mode": "Partial",
              "Parent Relationship": "Outer",
              "Parallel Aware": false,
              "Startup Cost": 354696.58,
              "Total Cost": 354696.59,
              "Plan Rows": 1,
              "Plan Width": 8,
              "Actual Startup Time": 861.834,
              "Actual Total Time": 861.836,
              "Actual Rows": 1,
              "Actual Loops": 7,
              "Plans": [
                {
                  "Node Type": "Seq Scan",
                  "Parent Relationship": "Outer",
                  "Parallel Aware": true,
                  "Relation Name": "cast_info",
                  "Alias": "ci",
                  "Startup Cost": 0.0,
                  "Total Cost": 343257.03,
                  "Plan Rows": 4575821,
                  "Plan Width": 0,
                  "Actual Startup Time": 0.055,
                  "Actual Total Time": 689.8,
                  "Actual Rows": 4115444,
                  "Actual Loops": 7,
                  "Filter": "((person_id < 3742710) AND (role_id < 8))",
                  "Rows Removed by Filter": 1062320
                }
              ]
            }
          ]
        }
      ]
    },
    "Planning Time": 0.205,
    "Triggers": [],
    "Execution Time": 931.331
  }
]