{
  "Plan": {
    "Node Type": "Aggregate",
    "Strategy": "Plain",
    "Partial Mode": "Finalize",
    "Parallel Aware": false,
    "Startup Cost": 85130.45,
    "Total Cost": 85130.46,
    "Plan Rows": 1,
    "Plan Width": 8,
    "Actual Startup Time": 217.902,
    "Actual Total Time": 229.94,
    "Actual Rows": 1,
    "Actual Loops": 1,
    "Plans": [
      {
        "Node Type": "Gather",
        "Parent Relationship": "Outer",
        "Parallel Aware": false,
        "Startup Cost": 85130.33,
        "Total Cost": 85130.44,
        "Plan Rows": 1,
        "Plan Width": 8,
        "Actual Startup Time": 216.901,
        "Actual Total Time": 229.932,
        "Actual Rows": 2,
        "Actual Loops": 1,
        "Workers Planned": 1,
        "Workers Launched": 1,
        "Single Copy": false,
        "Plans": [
          {
            "Node Type": "Aggregate",
            "Strategy": "Plain",
            "Partial Mode": "Partial",
            "Parent Relationship": "Outer",
            "Parallel Aware": false,
            "Startup Cost": 84130.33,
            "Total Cost": 84130.34,
            "Plan Rows": 1,
            "Plan Width": 8,
            "Actual Startup Time": 210.703,
            "Actual Total Time": 210.708,
            "Actual Rows": 1,
            "Actual Loops": 2,
            "Plans": [
              {
                "Node Type": "Nested Loop",
                "Parent Relationship": "Outer",
                "Parallel Aware": false,
                "Join Type": "Inner",
                "Startup Cost": 57769.7,
                "Total Cost": 84128.81,
                "Plan Rows": 608,
                "Plan Width": 0,
                "Actual Startup Time": 155.904,
                "Actual Total Time": 209.731,
                "Actual Rows": 19595,
                "Actual Loops": 2,
                "Inner Unique": false,
                "Plans": [
                  {
                    "Node Type": "Hash Join",
                    "Parent Relationship": "Outer",
                    "Parallel Aware": true,
                    "Join Type": "Inner",
                    "Startup Cost": 57769.27,
                    "Total Cost": 82343.27,
                    "Plan Rows": 2268,
                    "Plan Width": 8,
                    "Actual Startup Time": 155.827,
                    "Actual Total Time": 175.651,
                    "Actual Rows": 3706,
                    "Actual Loops": 2,
                    "Inner Unique": true,
                    "Hash Cond": "(mk.movie_id = t.id)",
                    "Plans": [
                      {
                        "Node Type": "Bitmap Heap Scan",
                        "Parent Relationship": "Outer",
                        "Parallel Aware": true,
                        "Relation Name": "movie_keyword",
                        "Alias": "mk",
                        "Startup Cost": 429.04,
                        "Total Cost": 24971.84,
                        "Plan Rows": 11886,
                        "Plan Width": 4,
                        "Actual Startup Time": 3.926,
                        "Actual Total Time": 21.542,
                        "Actual Rows": 9764,
                        "Actual Loops": 2,
                        "Recheck Cond": "(keyword_id = 137)",
                        "Rows Removed by Index Recheck": 0,
                        "Exact Heap Blocks": 8012,
                        "Lossy Heap Blocks": 0,
                        "Plans": [
                          {
                            "Node Type": "Bitmap Index Scan",
                            "Parent Relationship": "Outer",
                            "Parallel Aware": false,
                            "Index Name": "keyword_id_movie_keyword",
                            "Startup Cost": 0.0,
                            "Total Cost": 423.99,
                            "Plan Rows": 20207,
                            "Plan Width": 0,
                            "Actual Startup Time": 2.196,
                            "Actual Total Time": 2.197,
                            "Actual Rows": 19528,
                            "Actual Loops": 1,
                            "Index Cond": "(keyword_id = 137)"
                          }
                        ]
                      },
                      {
                        "Node Type": "Hash",
                        "Parent Relationship": "Inner",
                        "Parallel Aware": true,
                        "Startup Cost": 53793.69,
                        "Total Cost": 53793.69,
                        "Plan Rows": 283723,
                        "Plan Width": 4,
                        "Actual Startup Time": 143.639,
                        "Actual Total Time": 143.641,
                        "Actual Rows": 177614,
                        "Actual Loops": 2,
                        "Hash Buckets": 524288,
                        "Original Hash Buckets": 524288,
                        "Hash Batches": 1,
                        "Original Hash Batches": 1,
                        "Peak Memory Usage": 18016,
                        "Plans": [
                          {
                            "Node Type": "Bitmap Heap Scan",
                            "Parent Relationship": "Outer",
                            "Parallel Aware": true,
                            "Relation Name": "title",
                            "Alias": "t",
                            "Startup Cost": 11943.43,
                            "Total Cost": 53793.69,
                            "Plan Rows": 283723,
                            "Plan Width": 4,
                            "Actual Startup Time": 35.079,
                            "Actual Total Time": 102.921,
                            "Actual Rows": 177614,
                            "Actual Loops": 2,
                            "Recheck Cond": "(kind_id = 1)",
                            "Rows Removed by Index Recheck": 0,
                            "Filter": "(production_year > 1986)",
                            "Rows Removed by Filter": 153799,
                            "Exact Heap Blocks": 7877,
                            "Lossy Heap Blocks": 0,
                            "Plans": [
                              {
                                "Node Type": "Bitmap Index Scan",
                                "Parent Relationship": "Outer",
                                "Parallel Aware": false,
                                "Index Name": "kind_id_title",
                                "Startup Cost": 0.0,
                                "Total Cost": 11822.85,
                                "Plan Rows": 663256,
                                "Plan Width": 0,
                                "Actual Startup Time": 34.008,
                                "Actual Total Time": 34.009,
                                "Actual Rows": 662825,
                                "Actual Loops": 1,
                                "Index Cond": "(kind_id = 1)"
                              }
                            ]
                          }
                        ]
                      }
                    ]
                  },
                  {
                    "Node Type": "Index Scan",
                    "Parent Relationship": "Inner",
                    "Parallel Aware": false,
                    "Scan Direction": "Forward",
                    "Index Name": "movie_id_movie_companies",
                    "Relation Name": "movie_companies",
                    "Alias": "mc",
                    "Startup Cost": 0.43,
                    "Total Cost": 0.78,
                    "Plan Rows": 1,
                    "Plan Width": 4,
                    "Actual Startup Time": 0.006,
                    "Actual Total Time": 0.009,
                    "Actual Rows": 5,
                    "Actual Loops": 7412,
                    "Index Cond": "(movie_id = t.id)",
                    "Rows Removed by Index Recheck": 0,
                    "Filter": "((company_id < 11826) AND (company_type_id < 2))",
                    "Rows Removed by Filter": 5
                  }
                ]
              }
            ]
          }
        ]
      }
    ]
  },
  "Planning Time": 1.258,
  "Triggers": [],
  "Execution Time": 230.063
}