{
  "Plan": {
    "Node Type": "Aggregate",
    "Strategy": "Plain",
    "Partial Mode": "Finalize",
    "Parallel Aware": false,
    "Startup Cost": 819334.63,
    "Total Cost": 819334.64,
    "Plan Rows": 1,
    "Plan Width": 64,
    "Actual Startup Time": 3437.762,
    "Actual Total Time": 3511.305,
    "Actual Rows": 1,
    "Actual Loops": 1,
    "Plans": [
      {
        "Node Type": "Gather",
        "Parent Relationship": "Outer",
        "Parallel Aware": false,
        "Startup Cost": 819334.51,
        "Total Cost": 819334.62,
        "Plan Rows": 1,
        "Plan Width": 64,
        "Actual Startup Time": 3437.381,
        "Actual Total Time": 3511.295,
        "Actual Rows": 2,
        "Actual Loops": 1,
        "Workers Planned": 1,
        "Workers Launched": 1,
        "Single Copy": false,
        "Plans": [
          {
            "Node Type": "Aggregate",
            "Strategy": "Plain",
            "Partial Mode": "Partial",
            "Parent Relationship": "Outer",
            "Parallel Aware": false,
            "Startup Cost": 818334.51,
            "Total Cost": 818334.52,
            "Plan Rows": 1,
            "Plan Width": 64,
            "Actual Startup Time": 3429.899,
            "Actual Total Time": 3429.915,
            "Actual Rows": 1,
            "Actual Loops": 2,
            "Plans": [
              {
                "Node Type": "Hash Join",
                "Parent Relationship": "Outer",
                "Parallel Aware": true,
                "Join Type": "Inner",
                "Startup Cost": 778441.05,
                "Total Cost": 818334.48,
                "Plan Rows": 7,
                "Plan Width": 33,
                "Actual Startup Time": 3258.063,
                "Actual Total Time": 3429.879,
                "Actual Rows": 192,
                "Actual Loops": 2,
                "Inner Unique": true,
                "Hash Cond": "(mc.company_id = cn.id)",
                "Plans": [
                  {
                    "Node Type": "Hash Join",
                    "Parent Relationship": "Outer",
                    "Parallel Aware": true,
                    "Join Type": "Inner",
                    "Startup Cost": 773086.28,
                    "Total Cost": 812979.65,
                    "Plan Rows": 20,
                    "Plan Width": 37,
                    "Actual Startup Time": 3214.746,
                    "Actual Total Time": 3386.457,
                    "Actual Rows": 449,
                    "Actual Loops": 2,
                    "Inner Unique": false,
                    "Hash Cond": "(mc.movie_id = t.id)",
                    "Plans": [
                      {
                        "Node Type": "Seq Scan",
                        "Parent Relationship": "Outer",
                        "Parallel Aware": true,
                        "Relation Name": "movie_companies",
                        "Alias": "mc",
                        "Startup Cost": 0.0,
                        "Total Cost": 34137.82,
                        "Plan Rows": 1534782,
                        "Plan Width": 8,
                        "Actual Startup Time": 0.014,
                        "Actual Total Time": 88.411,
                        "Actual Rows": 1304564,
                        "Actual Loops": 2
                      },
                      {
                        "Node Type": "Hash",
                        "Parent Relationship": "Inner",
                        "Parallel Aware": true,
                        "Startup Cost": 773086.05,
                        "Total Cost": 773086.05,
                        "Plan Rows": 19,
                        "Plan Width": 45,
                        "Actual Startup Time": 3210.444,
                        "Actual Total Time": 3210.457,
                        "Actual Rows": 466,
                        "Actual Loops": 2,
                        "Hash Buckets": 1024,
                        "Original Hash Buckets": 1024,
                        "Hash Batches": 1,
                        "Original Hash Batches": 1,
                        "Peak Memory Usage": 136,
                        "Plans": [
                          {
                            "Node Type": "Hash Join",
                            "Parent Relationship": "Outer",
                            "Parallel Aware": true,
                            "Join Type": "Inner",
                            "Startup Cost": 683766.21,
                            "Total Cost": 773086.05,
                            "Plan Rows": 19,
                            "Plan Width": 45,
                            "Actual Startup Time": 2890.448,
                            "Actual Total Time": 3210.221,
                            "Actual Rows": 466,
                            "Actual Loops": 2,
                            "Inner Unique": false,
                            "Hash Cond": "(n.id = an.person_id)",
                            "Plans": [
                              {
                                "Node Type": "Seq Scan",
                                "Parent Relationship": "Outer",
                                "Parallel Aware": true,
                                "Relation Name": "name",
                                "Alias": "n",
                                "Startup Cost": 0.0,
                                "Total Cost": 80126.98,
                                "Plan Rows": 2451398,
                                "Plan Width": 4,
                                "Actual Startup Time": 0.008,
                                "Actual Total Time": 170.777,
                                "Actual Rows": 2083746,
                                "Actual Loops": 2
                              },
                              {
                                "Node Type": "Hash",
                                "Parent Relationship": "Inner",
                                "Parallel Aware": true,
                                "Startup Cost": 683765.97,
                                "Total Cost": 683765.97,
                                "Plan Rows": 19,
                                "Plan Width": 53,
                                "Actual Startup Time": 2890.111,
                                "Actual Total Time": 2890.122,
                                "Actual Rows": 466,
                                "Actual Loops": 2,
                                "Hash Buckets": 1024,
                                "Original Hash Buckets": 1024,
                                "Hash Batches": 1,
                                "Original Hash Batches": 1,
                                "Peak Memory Usage": 136,
                                "Plans": [
                                  {
                                    "Node Type": "Hash Join",
                                    "Parent Relationship": "Outer",
                                    "Parallel Aware": true,
                                    "Join Type": "Inner",
                                    "Startup Cost": 665079.59,
                                    "Total Cost": 683765.97,
                                    "Plan Rows": 19,
                                    "Plan Width": 53,
                                    "Actual Startup Time": 2817.214,
                                    "Actual Total Time": 2889.874,
                                    "Actual Rows": 466,
                                    "Actual Loops": 2,
                                    "Inner Unique": false,
                                    "Hash Cond": "(an.person_id = ci.person_id)",
                                    "Plans": [
                                      {
                                        "Node Type": "Seq Scan",
                                        "Parent Relationship": "Outer",
                                        "Parallel Aware": true,
                                        "Relation Name": "aka_name",
                                        "Alias": "an",
                                        "Startup Cost": 0.0,
                                        "Total Cost": 16698.02,
                                        "Plan Rows": 530202,
                                        "Plan Width": 20,
                                        "Actual Startup Time": 0.006,
                                        "Actual Total Time": 38.156,
                                        "Actual Rows": 450672,
                                        "Actual Loops": 2
                                      },
                                      {
                                        "Node Type": "Hash",
                                        "Parent Relationship": "Inner",
                                        "Parallel Aware": true,
                                        "Startup Cost": 665079.49,
                                        "Total Cost": 665079.49,
                                        "Plan Rows": 8,
                                        "Plan Width": 33,
                                        "Actual Startup Time": 2816.96,
                                        "Actual Total Time": 2816.968,
                                        "Actual Rows": 586,
                                        "Actual Loops": 2,
                                        "Hash Buckets": 1024,
                                        "Original Hash Buckets": 1024,
                                        "Hash Batches": 1,
                                        "Original Hash Batches": 1,
                                        "Peak Memory Usage": 136,
                                        "Plans": [
                                          {
                                            "Node Type": "Hash Join",
                                            "Parent Relationship": "Outer",
                                            "Parallel Aware": true,
                                            "Join Type": "Inner",
                                            "Startup Cost": 119130.6,
                                            "Total Cost": 665079.49,
                                            "Plan Rows": 8,
                                            "Plan Width": 33,
                                            "Actual Startup Time": 467.366,
                                            "Actual Total Time": 2816.427,
                                            "Actual Rows": 586,
                                            "Actual Loops": 2,
                                            "Inner Unique": false,
                                            "Hash Cond": "(ci.movie_id = t.id)",
                                            "Plans": [
                                              {
                                                "Node Type": "Seq Scan",
                                                "Parent Relationship": "Outer",
                                                "Parallel Aware": true,
                                                "Relation Name": "cast_info",
                                                "Alias": "ci",
                                                "Startup Cost": 0.0,
                                                "Total Cost": 465968.32,
                                                "Plan Rows": 21328132,
                                                "Plan Width": 8,
                                                "Actual Startup Time": 0.014,
                                                "Actual Total Time": 1203.232,
                                                "Actual Rows": 18122172,
                                                "Actual Loops": 2
                                              },
                                              {
                                                "Node Type": "Hash",
                                                "Parent Relationship": "Inner",
                                                "Parallel Aware": true,
                                                "Startup Cost": 119130.58,
                                                "Total Cost": 119130.58,
                                                "Plan Rows": 1,
                                                "Plan Width": 25,
                                                "Actual Startup Time": 464.873,
                                                "Actual Total Time": 464.879,
                                                "Actual Rows": 73,
                                                "Actual Loops": 2,
                                                "Hash Buckets": 1024,
                                                "Original Hash Buckets": 1024,
                                                "Hash Batches": 1,
                                                "Original Hash Batches": 1,
                                                "Peak Memory Usage": 72,
                                                "Plans": [
                                                  {
                                                    "Node Type": "Hash Join",
                                                    "Parent Relationship": "Outer",
                                                    "Parallel Aware": true,
                                                    "Join Type": "Inner",
                                                    "Startup Cost": 60677.44,
                                                    "Total Cost": 119130.58,
                                                    "Plan Rows": 1,
                                                    "Plan Width": 25,
                                                    "Actual Startup Time": 328.951,
                                                    "Actual Total Time": 464.774,
                                                    "Actual Rows": 73,
                                                    "Actual Loops": 2,
                                                    "Inner Unique": false,
                                                    "Hash Cond": "(t.id = mk.movie_id)",
                                                    "Plans": [
                                                      {
                                                        "Node Type": "Seq Scan",
                                                        "Parent Relationship": "Outer",
                                                        "Parallel Aware": true,
                                                        "Relation Name": "title",
                                                        "Alias": "t",
                                                        "Startup Cost": 0.0,
                                                        "Total Cost": 58308.37,
                                                        "Plan Rows": 38602,
                                                        "Plan Width": 21,
                                                        "Actual Startup Time": 0.01,
                                                        "Actual Total Time": 129.171,
                                                        "Actual Rows": 34122,
                                                        "Actual Loops": 2,
                                                        "Filter": "((episode_nr >= 50) AND (episode_nr < 100))",
                                                        "Rows Removed by Filter": 1230034
                                                      },
                                                      {
                                                        "Node Type": "Hash",
                                                        "Parent Relationship": "Inner",
                                                        "Parallel Aware": true,
                                                        "Startup Cost": 60677.19,
                                                        "Total Cost": 60677.19,
                                                        "Plan Rows": 20,
                                                        "Plan Width": 4,
                                                        "Actual Startup Time": 328.807,
                                                        "Actual Total Time": 328.81,
                                                        "Actual Rows": 20920,
                                                        "Actual Loops": 2,
                                                        "Hash Buckets": 65536,
                                                        "Original Hash Buckets": 1024,
                                                        "Hash Batches": 1,
                                                        "Original Hash Batches": 1,
                                                        "Peak Memory Usage": 2680,
                                                        "Plans": [
                                                          {
                                                            "Node Type": "Hash Join",
                                                            "Parent Relationship": "Outer",
                                                            "Parallel Aware": false,
                                                            "Join Type": "Inner",
                                                            "Startup Cost": 2626.14,
                                                            "Total Cost": 60677.19,
                                                            "Plan Rows": 20,
                                                            "Plan Width": 4,
                                                            "Actual Startup Time": 9.93,
                                                            "Actual Total Time": 306.054,
                                                            "Actual Rows": 20920,
                                                            "Actual Loops": 2,
                                                            "Inner Unique": true,
                                                            "Hash Cond": "(mk.keyword_id = k.id)",
                                                            "Plans": [
                                                              {
                                                                "Node Type": "Seq Scan",
                                                                "Parent Relationship": "Outer",
                                                                "Parallel Aware": true,
                                                                "Relation Name": "movie_keyword",
                                                                "Alias": "mk",
                                                                "Startup Cost": 0.0,
                                                                "Total Cost": 51065.35,
                                                                "Plan Rows": 2661135,
                                                                "Plan Width": 8,
                                                                "Actual Startup Time": 0.013,
                                                                "Actual Total Time": 152.563,
                                                                "Actual Rows": 2261965,
                                                                "Actual Loops": 2
                                                              },
                                                              {
                                                                "Node Type": "Hash",
                                                                "Parent Relationship": "Inner",
                                                                "Parallel Aware": false,
                                                                "Startup Cost": 2626.12,
                                                                "Total Cost": 2626.12,
                                                                "Plan Rows": 1,
                                                                "Plan Width": 4,
                                                                "Actual Startup Time": 9.805,
                                                                "Actual Total Time": 9.806,
                                                                "Actual Rows": 1,
                                                                "Actual Loops": 2,
                                                                "Hash Buckets": 1024,
                                                                "Original Hash Buckets": 1024,
                                                                "Hash Batches": 1,
                                                                "Original Hash Batches": 1,
                                                                "Peak Memory Usage": 9,
                                                                "Plans": [
                                                                  {
                                                                    "Node Type": "Seq Scan",
                                                                    "Parent Relationship": "Outer",
                                                                    "Parallel Aware": false,
                                                                    "Relation Name": "keyword",
                                                                    "Alias": "k",
                                                                    "Startup Cost": 0.0,
                                                                    "Total Cost": 2626.12,
                                                                    "Plan Rows": 1,
                                                                    "Plan Width": 4,
                                                                    "Actual Startup Time": 0.441,
                                                                    "Actual Total Time": 9.8,
                                                                    "Actual Rows": 1,
                                                                    "Actual Loops": 2,
                                                                    "Filter": "(keyword = 'character-name-in-title'::text)",
                                                                    "Rows Removed by Filter": 134169
                                                                  }
                                                                ]
                                                              }
                                                            ]
                                                          }
                                                        ]
                                                      }
                                                    ]
                                                  }
                                                ]
                                              }
                                            ]
                                          }
                                        ]
                                      }
                                    ]
                                  }
                                ]
                              }
                            ]
                          }
                        ]
                      }
                    ]
                  },
                  {
                    "Node Type": "Hash",
                    "Parent Relationship": "Inner",
                    "Parallel Aware": true,
                    "Startup Cost": 4722.92,
                    "Total Cost": 4722.92,
                    "Plan Rows": 50548,
                    "Plan Width": 4,
                    "Actual Startup Time": 40.765,
                    "Actual Total Time": 40.765,
                    "Actual Rows": 42422,
                    "Actual Loops": 2,
                    "Hash Buckets": 131072,
                    "Original Hash Buckets": 131072,
                    "Hash Batches": 1,
                    "Original Hash Batches": 1,
                    "Peak Memory Usage": 4384,
                    "Plans": [
                      {
                        "Node Type": "Seq Scan",
                        "Parent Relationship": "Outer",
                        "Parallel Aware": true,
                        "Relation Name": "company_name",
                        "Alias": "cn",
                        "Startup Cost": 0.0,
                        "Total Cost": 4722.92,
                        "Plan Rows": 50548,
                        "Plan Width": 4,
                        "Actual Startup Time": 0.038,
                        "Actual Total Time": 27.69,
                        "Actual Rows": 42422,
                        "Actual Loops": 2,
                        "Filter": "((country_code)::text = '[us]'::text)",
                        "Rows Removed by Filter": 75077
                      }
                    ]
                  }
                ]
              }
            ]
          }
        ]
      }
    ]
  },
  "Planning Time": 1.651,
  "Triggers": [],
  "Execution Time": 3511.477
}