[
  {
    "Plan": {
      "Node Type": "Aggregate",
      "Strategy": "Plain",
      "Partial Mode": "Finalize",
      "Parallel Aware": false,
      "Startup Cost": 31183.22,
      "Total Cost": 31183.23,
      "Plan Rows": 1,
      "Plan Width": 8,
      "Actual Startup Time": 69.839,
      "Actual Total Time": 74.571,
      "Actual Rows": 1,
      "Actual Loops": 1,
      "Plans": [
        {
          "Node Type": "Gather",
          "Parent Relationship": "Outer",
          "Parallel Aware": false,
          "Startup Cost": 31182.8,
          "Total Cost": 31183.21,
          "Plan Rows": 4,
          "Plan Width": 8,
          "Actual Startup Time": 69.707,
          "Actual Total Time": 74.557,
          "Actual Rows": 5,
          "Actual Loops": 1,
          "Workers Planned": 4,
          "Workers Launched": 4,
          "Single Copy": false,
          "Plans": [
            {
              "Node Type": "Aggregate",
              "Strategy": "Plain",
              "Partial Mode": "Partial",
              "Parent Relationship": "Outer",
              "Parallel Aware": false,
              "Startup Cost": 30182.8,
              "Total Cost": 30182.81,
              "Plan Rows": 1,
              "Plan Width": 8,
              "Actual Startup Time": 64.057,
              "Actual Total Time": 64.058,
              "Actual Rows": 1,
              "Actual Loops": 5,
              "Plans": [
                {
                  "Node Type": "Index Scan",
                  "Parent Relationship": "Outer",
                  "Parallel Aware": true,
                  "Scan Direction": "Forward",
                  "Index Name": "role_id_cast_info",
                  "Relation Name": "cast_info",
                  "Alias": "ci",
                  "Startup Cost": 0.56,
                  "Total Cost": 29567.14,
                  "Plan Rows": 246262,
                  "Plan Width": 0,
                  "Actual Startup Time": 0.107,
                  "Actual Total Time": 52.603,
                  "Actual Rows": 211842,
                  "Actual Loops": 5,
                  "Index Cond": "(role_id = 9)",
                  "Rows Removed by Index Recheck": 0,
                  "Filter": "(person_id > 247374)",
                  "Rows Removed by Filter": 6870
                }
              ]
            }
          ]
        }
      ]
    },
    "Planning Time": 0.123,
    "Triggers": [],
    "Execution Time": 74.609
  }
]