[
  {
    "Plan": {
      "Node Type": "Aggregate",
      "Strategy": "Plain",
      "Partial Mode": "Finalize",
      "Parallel Aware": false,
      "Startup Cost": 75982.4,
      "Total Cost": 75982.41,
      "Plan Rows": 1,
      "Plan Width": 8,
      "Actual Startup Time": 267.766,
      "Actual Total Time": 289.828,
      "Actual Rows": 1,
      "Actual Loops": 1,
      "Plans": [
        {
          "Node Type": "Gather",
          "Parent Relationship": "Outer",
          "Parallel Aware": false,
          "Startup Cost": 75982.08,
          "Total Cost": 75982.39,
          "Plan Rows": 3,
          "Plan Width": 8,
          "Actual Startup Time": 267.296,
          "Actual Total Time": 289.809,
          "Actual Rows": 4,
          "Actual Loops": 1,
          "Workers Planned": 3,
          "Workers Launched": 3,
          "Single Copy": false,
          "Plans": [
            {
              "Node Type": "Aggregate",
              "Strategy": "Plain",
              "Partial Mode": "Partial",
              "Parent Relationship": "Outer",
              "Parallel Aware": false,
              "Startup Cost": 74982.08,
              "Total Cost": 74982.09,
              "Plan Rows": 1,
              "Plan Width": 8,
              "Actual Startup Time": 259.705,
              "Actual Total Time": 259.708,
              "Actual Rows": 1,
              "Actual Loops": 4,
              "Plans": [
                {
                  "Node Type": "Hash Join",
                  "Parent Relationship": "Outer",
                  "Parallel Aware": true,
                  "Join Type": "Inner",
                  "Startup Cost": 45547.87,
                  "Total Cost": 74963.76,
                  "Plan Rows": 7327,
                  "Plan Width": 0,
                  "Actual Startup Time": 134.188,
                  "Actual Total Time": 258.087,
                  "Actual Rows": 29086,
                  "Actual Loops": 4,
                  "Inner Unique": true,
                  "Hash Cond": "(mc.movie_id = t.id)",
                  "Plans": [
                    {
                      "Node Type": "Seq Scan",
                      "Parent Relationship": "Outer",
                      "Parallel Aware": true,
                      "Relation Name": "movie_companies",
                      "Alias": "mc",
                      "Startup Cost": 0.0,
                      "Total Cost": 27206.55,
                      "Plan Rows": 841655,
                      "Plan Width": 4,
                      "Actual Startup Time": 0.021,
                      "Actual Total Time": 64.768,
                      "Actual Rows": 652282,
                      "Actual Loops": 4
                    },
                    {
                      "Node Type": "Hash",
                      "Parent Relationship": "Inner",
                      "Parallel Aware": true,
                      "Startup Cost": 45479.1,
                      "Total Cost": 45479.1,
                      "Plan Rows": 5502,
                      "Plan Width": 4,
                      "Actual Startup Time": 107.123,
                      "Actual Total Time": 107.124,
                      "Actual Rows": 14962,
                      "Actual Loops": 4,
                      "Hash Buckets": 65536,
                      "Original Hash Buckets": 32768,
                      "Hash Batches": 1,
                      "Original Hash Batches": 1,
                      "Peak Memory Usage": 3200,
                      "Plans": [
                        {
                          "Node Type": "Seq Scan",
                          "Parent Relationship": "Outer",
                          "Parallel Aware": true,
                          "Relation Name": "title",
                          "Alias": "t",
                          "Startup Cost": 0.0,
                          "Total Cost": 45479.1,
                          "Plan Rows": 5502,
                          "Plan Width": 4,
                          "Actual Startup Time": 66.436,
                          "Actual Total Time": 100.256,
                          "Actual Rows": 14962,
                          "Actual Loops": 4,
                          "Filter": "((kind_id < 7) AND (production_year < 1915))",
                          "Rows Removed by Filter": 617116
                        }
                      ]
                    }
                  ]
                }
              ]
            }
          ]
        }
      ]
    },
    "Planning Time": 0.491,
    "Triggers": [],
    "Execution Time": 289.888
  }
]