[
  {
    "Plan": {
      "Node Type": "Aggregate",
      "Strategy": "Plain",
      "Partial Mode": "Finalize",
      "Parallel Aware": false,
      "Startup Cost": 30151.5,
      "Total Cost": 30151.51,
      "Plan Rows": 1,
      "Plan Width": 8,
      "Actual Startup Time": 71.259,
      "Actual Total Time": 79.224,
      "Actual Rows": 1,
      "Actual Loops": 1,
      "Plans": [
        {
          "Node Type": "Gather",
          "Parent Relationship": "Outer",
          "Parallel Aware": false,
          "Startup Cost": 30151.18,
          "Total Cost": 30151.49,
          "Plan Rows": 3,
          "Plan Width": 8,
          "Actual Startup Time": 70.985,
          "Actual Total Time": 79.219,
          "Actual Rows": 4,
          "Actual Loops": 1,
          "Workers Planned": 3,
          "Workers Launched": 3,
          "Single Copy": false,
          "Plans": [
            {
              "Node Type": "Aggregate",
              "Strategy": "Plain",
              "Partial Mode": "Partial",
              "Parent Relationship": "Outer",
              "Parallel Aware": false,
              "Startup Cost": 29151.18,
              "Total Cost": 29151.19,
              "Plan Rows": 1,
              "Plan Width": 8,
              "Actual Startup Time": 62.836,
              "Actual Total Time": 62.837,
              "Actual Rows": 1,
              "Actual Loops": 4,
              "Plans": [
                {
                  "Node Type": "Bitmap Heap Scan",
                  "Parent Relationship": "Outer",
                  "Parallel Aware": true,
                  "Relation Name": "movie_keyword",
                  "Alias": "mk",
                  "Startup Cost": 3825.15,
                  "Total Cost": 29005.84,
                  "Plan Rows": 58136,
                  "Plan Width": 0,
                  "Actual Startup Time": 8.197,
                  "Actual Total Time": 59.76,
                  "Actual Rows": 45418,
                  "Actual Loops": 4,
                  "Recheck Cond": "(keyword_id < 133)",
                  "Rows Removed by Index Recheck": 0,
                  "Exact Heap Blocks": 13878,
                  "Lossy Heap Blocks": 0,
                  "Plans": [
                    {
                      "Node Type": "Bitmap Index Scan",
                      "Parent Relationship": "Outer",
                      "Parallel Aware": false,
                      "Index Name": "keyword_id_movie_keyword",
                      "Startup Cost": 0.0,
                      "Total Cost": 3780.09,
                      "Plan Rows": 180221,
                      "Plan Width": 0,
                      "Actual Startup Time": 12.23,
                      "Actual Total Time": 12.23,
                      "Actual Rows": 181674,
                      "Actual Loops": 1,
                      "Index Cond": "(keyword_id < 133)"
                    }
                  ]
                }
              ]
            }
          ]
        }
      ]
    },
    "Planning Time": 0.047,
    "Triggers": [],
    "Execution Time": 79.247
  }
]