{
  "Plan": {
    "Node Type": "Aggregate",
    "Strategy": "Plain",
    "Partial Mode": "Finalize",
    "Parallel Aware": false,
    "Startup Cost": 168155.94,
    "Total Cost": 168155.95,
    "Plan Rows": 1,
    "Plan Width": 8,
    "Actual Startup Time": 1270.658,
    "Actual Total Time": 1288.063,
    "Actual Rows": 1,
    "Actual Loops": 1,
    "Plans": [
      {
        "Node Type": "Gather",
        "Parent Relationship": "Outer",
        "Parallel Aware": false,
        "Startup Cost": 168155.83,
        "Total Cost": 168155.94,
        "Plan Rows": 1,
        "Plan Width": 8,
        "Actual Startup Time": 1268.39,
        "Actual Total Time": 1288.055,
        "Actual Rows": 2,
        "Actual Loops": 1,
        "Workers Planned": 1,
        "Workers Launched": 1,
        "Single Copy": false,
        "Plans": [
          {
            "Node Type": "Aggregate",
            "Strategy": "Plain",
            "Partial Mode": "Partial",
            "Parent Relationship": "Outer",
            "Parallel Aware": false,
            "Startup Cost": 167155.83,
            "Total Cost": 167155.84,
            "Plan Rows": 1,
            "Plan Width": 8,
            "Actual Startup Time": 1261.9,
            "Actual Total Time": 1261.905,
            "Actual Rows": 1,
            "Actual Loops": 2,
            "Plans": [
              {
                "Node Type": "Hash Join",
                "Parent Relationship": "Outer",
                "Parallel Aware": true,
                "Join Type": "Inner",
                "Startup Cost": 104717.0,
                "Total Cost": 166740.01,
                "Plan Rows": 166329,
                "Plan Width": 0,
                "Actual Startup Time": 643.807,
                "Actual Total Time": 1173.255,
                "Actual Rows": 2258260,
                "Actual Loops": 2,
                "Inner Unique": false,
                "Hash Cond": "(mk.movie_id = t.id)",
                "Plans": [
                  {
                    "Node Type": "Seq Scan",
                    "Parent Relationship": "Outer",
                    "Parallel Aware": true,
                    "Relation Name": "movie_keyword",
                    "Alias": "mk",
                    "Startup Cost": 0.0,
                    "Total Cost": 51065.35,
                    "Plan Rows": 2661135,
                    "Plan Width": 4,
                    "Actual Startup Time": 0.016,
                    "Actual Total Time": 162.517,
                    "Actual Rows": 2261965,
                    "Actual Loops": 2
                  },
                  {
                    "Node Type": "Hash",
                    "Parent Relationship": "Inner",
                    "Parallel Aware": true,
                    "Startup Cost": 103555.05,
                    "Total Cost": 103555.05,
                    "Plan Rows": 92956,
                    "Plan Width": 8,
                    "Actual Startup Time": 639.601,
                    "Actual Total Time": 639.604,
                    "Actual Rows": 270839,
                    "Actual Loops": 2,
                    "Hash Buckets": 1048576,
                    "Original Hash Buckets": 262144,
                    "Hash Batches": 1,
                    "Original Hash Batches": 1,
                    "Peak Memory Usage": 35552,
                    "Plans": [
                      {
                        "Node Type": "Hash Join",
                        "Parent Relationship": "Outer",
                        "Parallel Aware": true,
                        "Join Type": "Inner",
                        "Startup Cost": 44774.9,
                        "Total Cost": 103555.05,
                        "Plan Rows": 92956,
                        "Plan Width": 8,
                        "Actual Startup Time": 231.527,
                        "Actual Total Time": 547.243,
                        "Actual Rows": 270839,
                        "Actual Loops": 2,
                        "Inner Unique": false,
                        "Hash Cond": "(t.id = mc.movie_id)",
                        "Plans": [
                          {
                            "Node Type": "Seq Scan",
                            "Parent Relationship": "Outer",
                            "Parallel Aware": true,
                            "Relation Name": "title",
                            "Alias": "t",
                            "Startup Cost": 0.0,
                            "Total Cost": 54588.39,
                            "Plan Rows": 583193,
                            "Plan Width": 4,
                            "Actual Startup Time": 0.014,
                            "Actual Total Time": 134.445,
                            "Actual Rows": 492524,
                            "Actual Loops": 2,
                            "Filter": "(kind_id < 7)",
                            "Rows Removed by Filter": 771632
                          },
                          {
                            "Node Type": "Hash",
                            "Parent Relationship": "Inner",
                            "Parallel Aware": true,
                            "Startup Cost": 41811.73,
                            "Total Cost": 41811.73,
                            "Plan Rows": 237054,
                            "Plan Width": 4,
                            "Actual Startup Time": 227.228,
                            "Actual Total Time": 227.229,
                            "Actual Rows": 366468,
                            "Actual Loops": 2,
                            "Hash Buckets": 1048576,
                            "Original Hash Buckets": 524288,
                            "Hash Batches": 1,
                            "Original Hash Batches": 1,
                            "Peak Memory Usage": 40992,
                            "Plans": [
                              {
                                "Node Type": "Seq Scan",
                                "Parent Relationship": "Outer",
                                "Parallel Aware": true,
                                "Relation Name": "movie_companies",
                                "Alias": "mc",
                                "Startup Cost": 0.0,
                                "Total Cost": 41811.73,
                                "Plan Rows": 237054,
                                "Plan Width": 4,
                                "Actual Startup Time": 63.902,
                                "Actual Total Time": 130.318,
                                "Actual Rows": 366468,
                                "Actual Loops": 2,
                                "Filter": "((company_id > 29485) AND (company_type_id > 1))",
                                "Rows Removed by Filter": 938096
                              }
                            ]
                          }
                        ]
                      }
                    ]
                  }
                ]
              }
            ]
          }
        ]
      }
    ]
  },
  "Planning Time": 0.939,
  "Triggers": [],
  "Execution Time": 1288.144
}