[
  {
    "Plan": {
      "Node Type": "Aggregate",
      "Strategy": "Plain",
      "Partial Mode": "Finalize",
      "Parallel Aware": false,
      "Startup Cost": 312215.78,
      "Total Cost": 312215.79,
      "Plan Rows": 1,
      "Plan Width": 8,
      "Actual Startup Time": 4754.223,
      "Actual Total Time": 4796.089,
      "Actual Rows": 1,
      "Actual Loops": 1,
      "Plans": [
        {
          "Node Type": "Gather",
          "Parent Relationship": "Outer",
          "Parallel Aware": false,
          "Startup Cost": 312215.26,
          "Total Cost": 312215.77,
          "Plan Rows": 5,
          "Plan Width": 8,
          "Actual Startup Time": 4738.671,
          "Actual Total Time": 4796.078,
          "Actual Rows": 6,
          "Actual Loops": 1,
          "Workers Planned": 5,
          "Workers Launched": 5,
          "Single Copy": false,
          "Plans": [
            {
              "Node Type": "Aggregate",
              "Strategy": "Plain",
              "Partial Mode": "Partial",
              "Parent Relationship": "Outer",
              "Parallel Aware": false,
              "Startup Cost": 311215.26,
              "Total Cost": 311215.27,
              "Plan Rows": 1,
              "Plan Width": 8,
              "Actual Startup Time": 4724.684,
              "Actual Total Time": 4725.292,
              "Actual Rows": 1,
              "Actual Loops": 6,
              "Plans": [
                {
                  "Node Type": "Hash Join",
                  "Parent Relationship": "Outer",
                  "Parallel Aware": true,
                  "Join Type": "Inner",
                  "Startup Cost": 99614.57,
                  "Total Cost": 307306.37,
                  "Plan Rows": 1563554,
                  "Plan Width": 0,
                  "Actual Startup Time": 538.492,
                  "Actual Total Time": 3480.998,
                  "Actual Rows": 30022072,
                  "Actual Loops": 6,
                  "Inner Unique": false,
                  "Hash Cond": "(mi.movie_id = t.id)",
                  "Plans": [
                    {
                      "Node Type": "Seq Scan",
                      "Parent Relationship": "Outer",
                      "Parallel Aware": true,
                      "Relation Name": "movie_info",
                      "Alias": "mi",
                      "Startup Cost": 0.0,
                      "Total Cost": 191560.33,
                      "Plan Rows": 2956733,
                      "Plan Width": 4,
                      "Actual Startup Time": 0.052,
                      "Actual Total Time": 302.596,
                      "Actual Rows": 2472620,
                      "Actual Loops": 6
                    },
                    {
                      "Node Type": "Hash",
                      "Parent Relationship": "Inner",
                      "Parallel Aware": true,
                      "Startup Cost": 94223.49,
                      "Total Cost": 94223.49,
                      "Plan Rows": 431287,
                      "Plan Width": 8,
                      "Actual Startup Time": 532.123,
                      "Actual Total Time": 532.729,
                      "Actual Rows": 448438,
                      "Actual Loops": 6,
                      "Hash Buckets": 4194304,
                      "Original Hash Buckets": 2097152,
                      "Hash Batches": 1,
                      "Original Hash Batches": 1,
                      "Peak Memory Usage": 154528,
                      "Plans": [
                        {
                          "Node Type": "Hash Join",
                          "Parent Relationship": "Outer",
                          "Parallel Aware": true,
                          "Join Type": "Inner",
                          "Startup Cost": 48054.12,
                          "Total Cost": 94223.49,
                          "Plan Rows": 431287,
                          "Plan Width": 8,
                          "Actual Startup Time": 146.047,
                          "Actual Total Time": 354.04,
                          "Actual Rows": 448438,
                          "Actual Loops": 6,
                          "Inner Unique": true,
                          "Hash Cond": "(mk.movie_id = t.id)",
                          "Plans": [
                            {
                              "Node Type": "Seq Scan",
                              "Parent Relationship": "Outer",
                              "Parallel Aware": true,
                              "Relation Name": "movie_keyword",
                              "Alias": "mk",
                              "Startup Cost": 0.0,
                              "Total Cost": 42695.65,
                              "Plan Rows": 1323314,
                              "Plan Width": 4,
                              "Actual Startup Time": 0.034,
                              "Actual Total Time": 97.255,
                              "Actual Rows": 681290,
                              "Actual Loops": 6,
                              "Filter": "(keyword_id > 335)",
                              "Rows Removed by Filter": 72698
                            },
                            {
                              "Node Type": "Hash",
                              "Parent Relationship": "Inner",
                              "Parallel Aware": true,
                              "Startup Cost": 45479.1,
                              "Total Cost": 45479.1,
                              "Plan Rows": 206002,
                              "Plan Width": 4,
                              "Actual Startup Time": 144.514,
                              "Actual Total Time": 144.515,
                              "Actual Rows": 122022,
                              "Actual Loops": 6,
                              "Hash Buckets": 1048576,
                              "Original Hash Buckets": 1048576,
                              "Hash Batches": 1,
                              "Original Hash Batches": 1,
                              "Peak Memory Usage": 36928,
                              "Plans": [
                                {
                                  "Node Type": "Seq Scan",
                                  "Parent Relationship": "Outer",
                                  "Parallel Aware": true,
                                  "Relation Name": "title",
                                  "Alias": "t",
                                  "Startup Cost": 0.0,
                                  "Total Cost": 45479.1,
                                  "Plan Rows": 206002,
                                  "Plan Width": 4,
                                  "Actual Startup Time": 0.044,
                                  "Actual Total Time": 86.975,
                                  "Actual Rows": 122022,
                                  "Actual Loops": 6,
                                  "Filter": "((kind_id < 7) AND (production_year > 1969))",
                                  "Rows Removed by Filter": 299363
                                }
                              ]
                            }
                          ]
                        }
                      ]
                    }
                  ]
                }
              ]
            }
          ]
        }
      ]
    },
    "Planning Time": 1.4,
    "Triggers": [],
    "Execution Time": 4796.198
  }
]