[
  {
    "Plan": {
      "Node Type": "Aggregate",
      "Strategy": "Plain",
      "Partial Mode": "Finalize",
      "Parallel Aware": false,
      "Startup Cost": 91586.92,
      "Total Cost": 91586.93,
      "Plan Rows": 1,
      "Plan Width": 8,
      "Actual Startup Time": 430.533,
      "Actual Total Time": 476.383,
      "Actual Rows": 1,
      "Actual Loops": 1,
      "Plans": [
        {
          "Node Type": "Gather",
          "Parent Relationship": "Outer",
          "Parallel Aware": false,
          "Startup Cost": 91586.6,
          "Total Cost": 91586.91,
          "Plan Rows": 3,
          "Plan Width": 8,
          "Actual Startup Time": 425.236,
          "Actual Total Time": 476.365,
          "Actual Rows": 4,
          "Actual Loops": 1,
          "Workers Planned": 3,
          "Workers Launched": 3,
          "Single Copy": false,
          "Plans": [
            {
              "Node Type": "Aggregate",
              "Strategy": "Plain",
              "Partial Mode": "Partial",
              "Parent Relationship": "Outer",
              "Parallel Aware": false,
              "Startup Cost": 90586.6,
              "Total Cost": 90586.61,
              "Plan Rows": 1,
              "Plan Width": 8,
              "Actual Startup Time": 414.94,
              "Actual Total Time": 414.949,
              "Actual Rows": 1,
              "Actual Loops": 4,
              "Plans": [
                {
                  "Node Type": "Nested Loop",
                  "Parent Relationship": "Outer",
                  "Parallel Aware": false,
                  "Join Type": "Inner",
                  "Startup Cost": 50556.62,
                  "Total Cost": 90534.97,
                  "Plan Rows": 20652,
                  "Plan Width": 0,
                  "Actual Startup Time": 245.112,
                  "Actual Total Time": 414.499,
                  "Actual Rows": 4540,
                  "Actual Loops": 4,
                  "Inner Unique": false,
                  "Plans": [
                    {
                      "Node Type": "Hash Join",
                      "Parent Relationship": "Outer",
                      "Parallel Aware": true,
                      "Join Type": "Inner",
                      "Startup Cost": 50556.05,
                      "Total Cost": 69960.85,
                      "Plan Rows": 6235,
                      "Plan Width": 8,
                      "Actual Startup Time": 244.921,
                      "Actual Total Time": 266.81,
                      "Actual Rows": 2152,
                      "Actual Loops": 4,
                      "Inner Unique": true,
                      "Hash Cond": "(mc.movie_id = t.id)",
                      "Plans": [
                        {
                          "Node Type": "Bitmap Heap Scan",
                          "Parent Relationship": "Outer",
                          "Parallel Aware": true,
                          "Relation Name": "movie_companies",
                          "Alias": "mc",
                          "Startup Cost": 2514.04,
                          "Total Cost": 21868.37,
                          "Plan Rows": 19227,
                          "Plan Width": 4,
                          "Actual Startup Time": 16.108,
                          "Actual Total Time": 24.649,
                          "Actual Rows": 28659,
                          "Actual Loops": 4,
                          "Recheck Cond": "(company_id > 149287)",
                          "Rows Removed by Index Recheck": 0,
                          "Filter": "(company_type_id > 1)",
                          "Rows Removed by Filter": 0,
                          "Exact Heap Blocks": 1639,
                          "Lossy Heap Blocks": 0,
                          "Plans": [
                            {
                              "Node Type": "Bitmap Index Scan",
                              "Parent Relationship": "Outer",
                              "Parallel Aware": false,
                              "Index Name": "company_id_movie_companies",
                              "Startup Cost": 0.0,
                              "Total Cost": 2499.14,
                              "Plan Rows": 116628,
                              "Plan Width": 0,
                              "Actual Startup Time": 15.511,
                              "Actual Total Time": 15.512,
                              "Actual Rows": 114636,
                              "Actual Loops": 1,
                              "Index Cond": "(company_id > 149287)"
                            }
                          ]
                        },
                        {
                          "Node Type": "Hash",
                          "Parent Relationship": "Inner",
                          "Parallel Aware": true,
                          "Startup Cost": 45479.59,
                          "Total Cost": 45479.59,
                          "Plan Rows": 204994,
                          "Plan Width": 4,
                          "Actual Startup Time": 223.911,
                          "Actual Total Time": 223.913,
                          "Actual Rows": 219046,
                          "Actual Loops": 4,
                          "Hash Buckets": 1048576,
                          "Original Hash Buckets": 1048576,
                          "Hash Batches": 1,
                          "Original Hash Batches": 1,
                          "Peak Memory Usage": 42528,
                          "Plans": [
                            {
                              "Node Type": "Seq Scan",
                              "Parent Relationship": "Outer",
                              "Parallel Aware": true,
                              "Relation Name": "title",
                              "Alias": "t",
                              "Startup Cost": 0.0,
                              "Total Cost": 45479.59,
                              "Plan Rows": 204994,
                              "Plan Width": 4,
                              "Actual Startup Time": 0.042,
                              "Actual Total Time": 116.417,
                              "Actual Rows": 219046,
                              "Actual Loops": 4,
                              "Filter": "((kind_id > 1) AND (production_year > 2004))",
                              "Rows Removed by Filter": 413032
                            }
                          ]
                        }
                      ]
                    },
                    {
                      "Node Type": "Index Scan",
                      "Parent Relationship": "Inner",
                      "Parallel Aware": false,
                      "Scan Direction": "Forward",
                      "Index Name": "movie_id_cast_info",
                      "Relation Name": "cast_info",
                      "Alias": "ci",
                      "Startup Cost": 0.56,
                      "Total Cost": 3.22,
                      "Plan Rows": 8,
                      "Plan Width": 4,
                      "Actual Startup Time": 0.033,
                      "Actual Total Time": 0.068,
                      "Actual Rows": 2,
                      "Actual Loops": 8607,
                      "Index Cond": "(movie_id = t.id)",
                      "Rows Removed by Index Recheck": 0,
                      "Filter": "((person_id > 1229289) AND (role_id = 1))",
                      "Rows Removed by Filter": 20
                    }
                  ]
                }
              ]
            }
          ]
        }
      ]
    },
    "Planning Time": 0.731,
    "Triggers": [],
    "Execution Time": 476.465
  }
]