[
  {
    "Plan": {
      "Node Type": "Aggregate",
      "Strategy": "Plain",
      "Partial Mode": "Finalize",
      "Parallel Aware": false,
      "Startup Cost": 95665.56,
      "Total Cost": 95665.57,
      "Plan Rows": 1,
      "Plan Width": 8,
      "Actual Startup Time": 589.103,
      "Actual Total Time": 612.243,
      "Actual Rows": 1,
      "Actual Loops": 1,
      "Plans": [
        {
          "Node Type": "Gather",
          "Parent Relationship": "Outer",
          "Parallel Aware": false,
          "Startup Cost": 95665.24,
          "Total Cost": 95665.55,
          "Plan Rows": 3,
          "Plan Width": 8,
          "Actual Startup Time": 581.515,
          "Actual Total Time": 612.234,
          "Actual Rows": 4,
          "Actual Loops": 1,
          "Workers Planned": 3,
          "Workers Launched": 3,
          "Single Copy": false,
          "Plans": [
            {
              "Node Type": "Aggregate",
              "Strategy": "Plain",
              "Partial Mode": "Partial",
              "Parent Relationship": "Outer",
              "Parallel Aware": false,
              "Startup Cost": 94665.24,
              "Total Cost": 94665.25,
              "Plan Rows": 1,
              "Plan Width": 8,
              "Actual Startup Time": 561.838,
              "Actual Total Time": 561.842,
              "Actual Rows": 1,
              "Actual Loops": 4,
              "Plans": [
                {
                  "Node Type": "Hash Join",
                  "Parent Relationship": "Outer",
                  "Parallel Aware": true,
                  "Join Type": "Inner",
                  "Startup Cost": 50220.38,
                  "Total Cost": 93811.97,
                  "Plan Rows": 341308,
                  "Plan Width": 0,
                  "Actual Startup Time": 375.281,
                  "Actual Total Time": 548.894,
                  "Actual Rows": 266944,
                  "Actual Loops": 4,
                  "Inner Unique": true,
                  "Hash Cond": "(mk.movie_id = t.id)",
                  "Plans": [
                    {
                      "Node Type": "Seq Scan",
                      "Parent Relationship": "Outer",
                      "Parallel Aware": true,
                      "Relation Name": "movie_keyword",
                      "Alias": "mk",
                      "Startup Cost": 0.0,
                      "Total Cost": 42695.65,
                      "Plan Rows": 341308,
                      "Plan Width": 4,
                      "Actual Startup Time": 0.036,
                      "Actual Total Time": 96.311,
                      "Actual Rows": 266944,
                      "Actual Loops": 4,
                      "Filter": "(keyword_id < 1070)",
                      "Rows Removed by Filter": 864038
                    },
                    {
                      "Node Type": "Hash",
                      "Parent Relationship": "Inner",
                      "Parallel Aware": true,
                      "Startup Cost": 42319.06,
                      "Total Cost": 42319.06,
                      "Plan Rows": 632106,
                      "Plan Width": 4,
                      "Actual Startup Time": 362.965,
                      "Actual Total Time": 362.966,
                      "Actual Rows": 632078,
                      "Actual Loops": 4,
                      "Hash Buckets": 4194304,
                      "Original Hash Buckets": 4194304,
                      "Hash Batches": 1,
                      "Original Hash Batches": 1,
                      "Peak Memory Usage": 131744,
                      "Plans": [
                        {
                          "Node Type": "Seq Scan",
                          "Parent Relationship": "Outer",
                          "Parallel Aware": true,
                          "Relation Name": "title",
                          "Alias": "t",
                          "Startup Cost": 0.0,
                          "Total Cost": 42319.06,
                          "Plan Rows": 632106,
                          "Plan Width": 4,
                          "Actual Startup Time": 0.036,
                          "Actual Total Time": 104.086,
                          "Actual Rows": 632078,
                          "Actual Loops": 4
                        }
                      ]
                    }
                  ]
                }
              ]
            }
          ]
        }
      ]
    },
    "Planning Time": 0.588,
    "Triggers": [],
    "Execution Time": 612.309
  }
]