[
  {
    "Plan": {
      "Node Type": "Aggregate",
      "Strategy": "Plain",
      "Partial Mode": "Finalize",
      "Parallel Aware": false,
      "Startup Cost": 376967.99,
      "Total Cost": 376968.0,
      "Plan Rows": 1,
      "Plan Width": 8,
      "Actual Startup Time": 714.448,
      "Actual Total Time": 775.706,
      "Actual Rows": 1,
      "Actual Loops": 1,
      "Plans": [
        {
          "Node Type": "Gather",
          "Parent Relationship": "Outer",
          "Parallel Aware": false,
          "Startup Cost": 376967.36,
          "Total Cost": 376967.97,
          "Plan Rows": 6,
          "Plan Width": 8,
          "Actual Startup Time": 713.212,
          "Actual Total Time": 775.694,
          "Actual Rows": 7,
          "Actual Loops": 1,
          "Workers Planned": 6,
          "Workers Launched": 6,
          "Single Copy": false,
          "Plans": [
            {
              "Node Type": "Aggregate",
              "Strategy": "Plain",
              "Partial Mode": "Partial",
              "Parent Relationship": "Outer",
              "Parallel Aware": false,
              "Startup Cost": 375967.36,
              "Total Cost": 375967.37,
              "Plan Rows": 1,
              "Plan Width": 8,
              "Actual Startup Time": 702.71,
              "Actual Total Time": 702.712,
              "Actual Rows": 1,
              "Actual Loops": 7,
              "Plans": [
                {
                  "Node Type": "Hash Join",
                  "Parent Relationship": "Outer",
                  "Parallel Aware": true,
                  "Join Type": "Inner",
                  "Startup Cost": 45775.75,
                  "Total Cost": 375897.29,
                  "Plan Rows": 28028,
                  "Plan Width": 0,
                  "Actual Startup Time": 468.519,
                  "Actual Total Time": 700.905,
                  "Actual Rows": 33503,
                  "Actual Loops": 7,
                  "Inner Unique": true,
                  "Hash Cond": "(ci.movie_id = t.id)",
                  "Plans": [
                    {
                      "Node Type": "Seq Scan",
                      "Parent Relationship": "Outer",
                      "Parallel Aware": true,
                      "Relation Name": "cast_info",
                      "Alias": "ci",
                      "Startup Cost": 0.0,
                      "Total Cost": 328162.03,
                      "Plan Rows": 746484,
                      "Plan Width": 4,
                      "Actual Startup Time": 383.174,
                      "Actual Total Time": 525.495,
                      "Actual Rows": 612176,
                      "Actual Loops": 7,
                      "Filter": "(person_id > 3276163)",
                      "Rows Removed by Filter": 4565588
                    },
                    {
                      "Node Type": "Hash",
                      "Parent Relationship": "Inner",
                      "Parallel Aware": true,
                      "Startup Cost": 45479.1,
                      "Total Cost": 45479.1,
                      "Plan Rows": 23732,
                      "Plan Width": 4,
                      "Actual Startup Time": 83.651,
                      "Actual Total Time": 83.652,
                      "Actual Rows": 14370,
                      "Actual Loops": 7,
                      "Hash Buckets": 131072,
                      "Original Hash Buckets": 131072,
                      "Hash Batches": 1,
                      "Original Hash Batches": 1,
                      "Peak Memory Usage": 5120,
                      "Plans": [
                        {
                          "Node Type": "Seq Scan",
                          "Parent Relationship": "Outer",
                          "Parallel Aware": true,
                          "Relation Name": "title",
                          "Alias": "t",
                          "Startup Cost": 0.0,
                          "Total Cost": 45479.1,
                          "Plan Rows": 23732,
                          "Plan Width": 4,
                          "Actual Startup Time": 0.046,
                          "Actual Total Time": 76.175,
                          "Actual Rows": 14370,
                          "Actual Loops": 7,
                          "Filter": "((kind_id > 1) AND (production_year = 2009))",
                          "Rows Removed by Filter": 346817
                        }
                      ]
                    }
                  ]
                }
              ]
            }
          ]
        }
      ]
    },
    "Planning Time": 0.609,
    "Triggers": [],
    "Execution Time": 775.789
  }
]