[
  {
    "Plan": {
      "Node Type": "Aggregate",
      "Strategy": "Plain",
      "Partial Mode": "Finalize",
      "Parallel Aware": false,
      "Startup Cost": 96507.59,
      "Total Cost": 96507.6,
      "Plan Rows": 1,
      "Plan Width": 8,
      "Actual Startup Time": 490.033,
      "Actual Total Time": 506.274,
      "Actual Rows": 1,
      "Actual Loops": 1,
      "Plans": [
        {
          "Node Type": "Gather",
          "Parent Relationship": "Outer",
          "Parallel Aware": false,
          "Startup Cost": 96507.37,
          "Total Cost": 96507.58,
          "Plan Rows": 2,
          "Plan Width": 8,
          "Actual Startup Time": 488.24,
          "Actual Total Time": 506.261,
          "Actual Rows": 3,
          "Actual Loops": 1,
          "Workers Planned": 2,
          "Workers Launched": 2,
          "Single Copy": false,
          "Plans": [
            {
              "Node Type": "Aggregate",
              "Strategy": "Plain",
              "Partial Mode": "Partial",
              "Parent Relationship": "Outer",
              "Parallel Aware": false,
              "Startup Cost": 95507.37,
              "Total Cost": 95507.38,
              "Plan Rows": 1,
              "Plan Width": 8,
              "Actual Startup Time": 480.176,
              "Actual Total Time": 480.509,
              "Actual Rows": 1,
              "Actual Loops": 3,
              "Plans": [
                {
                  "Node Type": "Hash Join",
                  "Parent Relationship": "Outer",
                  "Parallel Aware": true,
                  "Join Type": "Inner",
                  "Startup Cost": 79319.56,
                  "Total Cost": 95334.19,
                  "Plan Rows": 69273,
                  "Plan Width": 0,
                  "Actual Startup Time": 378.06,
                  "Actual Total Time": 477.16,
                  "Actual Rows": 69868,
                  "Actual Loops": 3,
                  "Inner Unique": false,
                  "Hash Cond": "(mi_idx.movie_id = t.id)",
                  "Plans": [
                    {
                      "Node Type": "Seq Scan",
                      "Parent Relationship": "Outer",
                      "Parallel Aware": true,
                      "Relation Name": "movie_info_idx",
                      "Alias": "mi_idx",
                      "Startup Cost": 0.0,
                      "Total Cost": 13685.15,
                      "Plan Rows": 575015,
                      "Plan Width": 4,
                      "Actual Startup Time": 0.031,
                      "Actual Total Time": 40.08,
                      "Actual Rows": 460012,
                      "Actual Loops": 3
                    },
                    {
                      "Node Type": "Hash",
                      "Parent Relationship": "Inner",
                      "Parallel Aware": true,
                      "Startup Cost": 78367.72,
                      "Total Cost": 78367.72,
                      "Plan Rows": 76147,
                      "Plan Width": 8,
                      "Actual Startup Time": 373.619,
                      "Actual Total Time": 373.95,
                      "Actual Rows": 55099,
                      "Actual Loops": 3,
                      "Hash Buckets": 524288,
                      "Original Hash Buckets": 524288,
                      "Hash Batches": 1,
                      "Original Hash Batches": 1,
                      "Peak Memory Usage": 10624,
                      "Plans": [
                        {
                          "Node Type": "Hash Join",
                          "Parent Relationship": "Outer",
                          "Parallel Aware": true,
                          "Join Type": "Inner",
                          "Startup Cost": 32642.99,
                          "Total Cost": 78367.72,
                          "Plan Rows": 76147,
                          "Plan Width": 8,
                          "Actual Startup Time": 121.0,
                          "Actual Total Time": 353.335,
                          "Actual Rows": 55099,
                          "Actual Loops": 3,
                          "Inner Unique": false,
                          "Hash Cond": "(t.id = mc.movie_id)",
                          "Plans": [
                            {
                              "Node Type": "Seq Scan",
                              "Parent Relationship": "Outer",
                              "Parallel Aware": true,
                              "Relation Name": "title",
                              "Alias": "t",
                              "Startup Cost": 0.0,
                              "Total Cost": 42318.73,
                              "Plan Rows": 632073,
                              "Plan Width": 4,
                              "Actual Startup Time": 0.012,
                              "Actual Total Time": 98.296,
                              "Actual Rows": 842771,
                              "Actual Loops": 3
                            },
                            {
                              "Node Type": "Hash",
                              "Parent Relationship": "Inner",
                              "Parallel Aware": true,
                              "Startup Cost": 31414.82,
                              "Total Cost": 31414.82,
                              "Plan Rows": 98254,
                              "Plan Width": 4,
                              "Actual Startup Time": 118.506,
                              "Actual Total Time": 118.507,
                              "Actual Rows": 55099,
                              "Actual Loops": 3,
                              "Hash Buckets": 524288,
                              "Original Hash Buckets": 524288,
                              "Hash Batches": 1,
                              "Original Hash Batches": 1,
                              "Peak Memory Usage": 10624,
                              "Plans": [
                                {
                                  "Node Type": "Seq Scan",
                                  "Parent Relationship": "Outer",
                                  "Parallel Aware": true,
                                  "Relation Name": "movie_companies",
                                  "Alias": "mc",
                                  "Startup Cost": 0.0,
                                  "Total Cost": 31414.82,
                                  "Plan Rows": 98254,
                                  "Plan Width": 4,
                                  "Actual Startup Time": 56.747,
                                  "Actual Total Time": 96.508,
                                  "Actual Rows": 55099,
                                  "Actual Loops": 3,
                                  "Filter": "((company_id < 686) AND (company_type_id = 2))",
                                  "Rows Removed by Filter": 814611
                                }
                              ]
                            }
                          ]
                        }
                      ]
                    }
                  ]
                }
              ]
            }
          ]
        }
      ]
    },
    "Planning Time": 1.394,
    "Triggers": [],
    "Execution Time": 506.359
  }
]