[
  {
    "Plan": {
      "Node Type": "Aggregate",
      "Strategy": "Plain",
      "Partial Mode": "Finalize",
      "Parallel Aware": false,
      "Startup Cost": 46985.12,
      "Total Cost": 46985.13,
      "Plan Rows": 1,
      "Plan Width": 8,
      "Actual Startup Time": 171.327,
      "Actual Total Time": 180.131,
      "Actual Rows": 1,
      "Actual Loops": 1,
      "Plans": [
        {
          "Node Type": "Gather",
          "Parent Relationship": "Outer",
          "Parallel Aware": false,
          "Startup Cost": 46984.8,
          "Total Cost": 46985.11,
          "Plan Rows": 3,
          "Plan Width": 8,
          "Actual Startup Time": 171.093,
          "Actual Total Time": 180.122,
          "Actual Rows": 4,
          "Actual Loops": 1,
          "Workers Planned": 3,
          "Workers Launched": 3,
          "Single Copy": false,
          "Plans": [
            {
              "Node Type": "Aggregate",
              "Strategy": "Plain",
              "Partial Mode": "Partial",
              "Parent Relationship": "Outer",
              "Parallel Aware": false,
              "Startup Cost": 45984.8,
              "Total Cost": 45984.81,
              "Plan Rows": 1,
              "Plan Width": 8,
              "Actual Startup Time": 164.403,
              "Actual Total Time": 164.404,
              "Actual Rows": 1,
              "Actual Loops": 4,
              "Plans": [
                {
                  "Node Type": "Seq Scan",
                  "Parent Relationship": "Outer",
                  "Parallel Aware": true,
                  "Relation Name": "movie_keyword",
                  "Alias": "mk",
                  "Startup Cost": 0.0,
                  "Total Cost": 42695.65,
                  "Plan Rows": 1315658,
                  "Plan Width": 0,
                  "Actual Startup Time": 0.047,
                  "Actual Total Time": 120.928,
                  "Actual Rows": 1022458,
                  "Actual Loops": 4,
                  "Filter": "(keyword_id < 40405)",
                  "Rows Removed by Filter": 108525
                }
              ]
            }
          ]
        }
      ]
    },
    "Planning Time": 0.15,
    "Triggers": [],
    "Execution Time": 180.177
  }
]