[
    {
        "Bao": {
            "Bao prediction": "NaN",
            "Bao recommended hint": "(no hint)"
        }
    },
    {
        "Plan": {
            "Node Type": "Aggregate",
            "Strategy": "Plain",
            "Partial Mode": "Finalize",
            "Parallel Aware": false,
            "Startup Cost": 117891.61,
            "Total Cost": 117891.62,
            "Plan Rows": 1,
            "Plan Width": 8,
            "Actual Startup Time": 440.39,
            "Actual Total Time": 453.681,
            "Actual Rows": 1,
            "Actual Loops": 1,
            "Output": [
                "count(*)"
            ],
            "Plans": [
                {
                    "Node Type": "Gather",
                    "Parent Relationship": "Outer",
                    "Parallel Aware": false,
                    "Startup Cost": 117891.29,
                    "Total Cost": 117891.6,
                    "Plan Rows": 3,
                    "Plan Width": 8,
                    "Actual Startup Time": 431.486,
                    "Actual Total Time": 453.671,
                    "Actual Rows": 4,
                    "Actual Loops": 1,
                    "Output": [
                        "(PARTIAL count(*))"
                    ],
                    "Workers Planned": 3,
                    "Workers Launched": 3,
                    "Single Copy": false,
                    "Plans": [
                        {
                            "Node Type": "Aggregate",
                            "Strategy": "Plain",
                            "Partial Mode": "Partial",
                            "Parent Relationship": "Outer",
                            "Parallel Aware": false,
                            "Startup Cost": 116891.29,
                            "Total Cost": 116891.3,
                            "Plan Rows": 1,
                            "Plan Width": 8,
                            "Actual Startup Time": 422.383,
                            "Actual Total Time": 422.391,
                            "Actual Rows": 1,
                            "Actual Loops": 4,
                            "Output": [
                                "PARTIAL count(*)"
                            ],
                            "Workers": [
                                {
                                    "Worker Number": 0,
                                    "Actual Startup Time": 419.419,
                                    "Actual Total Time": 419.424,
                                    "Actual Rows": 1,
                                    "Actual Loops": 1
                                },
                                {
                                    "Worker Number": 1,
                                    "Actual Startup Time": 419.481,
                                    "Actual Total Time": 419.486,
                                    "Actual Rows": 1,
                                    "Actual Loops": 1
                                },
                                {
                                    "Worker Number": 2,
                                    "Actual Startup Time": 419.479,
                                    "Actual Total Time": 419.492,
                                    "Actual Rows": 1,
                                    "Actual Loops": 1
                                }
                            ],
                            "Plans": [
                                {
                                    "Node Type": "Hash Join",
                                    "Parent Relationship": "Outer",
                                    "Parallel Aware": true,
                                    "Join Type": "Inner",
                                    "Startup Cost": 84242.03,
                                    "Total Cost": 116826.12,
                                    "Plan Rows": 26070,
                                    "Plan Width": 0,
                                    "Actual Startup Time": 375.126,
                                    "Actual Total Time": 420.565,
                                    "Actual Rows": 39082,
                                    "Actual Loops": 4,
                                    "Inner Unique": false,
                                    "Hash Cond": "(mc.movie_id = t.id)",
                                    "Workers": [
                                        {
                                            "Worker Number": 0,
                                            "Actual Startup Time": 372.04,
                                            "Actual Total Time": 417.758,
                                            "Actual Rows": 38221,
                                            "Actual Loops": 1
                                        },
                                        {
                                            "Worker Number": 1,
                                            "Actual Startup Time": 372.255,
                                            "Actual Total Time": 417.782,
                                            "Actual Rows": 39103,
                                            "Actual Loops": 1
                                        },
                                        {
                                            "Worker Number": 2,
                                            "Actual Startup Time": 372.214,
                                            "Actual Total Time": 417.652,
                                            "Actual Rows": 42297,
                                            "Actual Loops": 1
                                        }
                                    ],
                                    "Plans": [
                                        {
                                            "Node Type": "Seq Scan",
                                            "Parent Relationship": "Outer",
                                            "Parallel Aware": true,
                                            "Relation Name": "movie_companies",
                                            "Schema": "public",
                                            "Alias": "mc",
                                            "Startup Cost": 0.0,
                                            "Total Cost": 31414.82,
                                            "Plan Rows": 289377,
                                            "Plan Width": 4,
                                            "Actual Startup Time": 26.601,
                                            "Actual Total Time": 58.961,
                                            "Actual Rows": 144766,
                                            "Actual Loops": 4,
                                            "Output": [
                                                "mc.id",
                                                "mc.movie_id",
                                                "mc.company_id",
                                                "mc.company_type_id",
                                                "mc.note"
                                            ],
                                            "Filter": "((mc.company_id < 25022) AND (mc.company_type_id = 2))",
                                            "Rows Removed by Filter": 507516,
                                            "Workers": [
                                                {
                                                    "Worker Number": 0,
                                                    "Actual Startup Time": 26.63,
                                                    "Actual Total Time": 58.415,
                                                    "Actual Rows": 138981,
                                                    "Actual Loops": 1
                                                },
                                                {
                                                    "Worker Number": 1,
                                                    "Actual Startup Time": 26.624,
                                                    "Actual Total Time": 59.473,
                                                    "Actual Rows": 154046,
                                                    "Actual Loops": 1
                                                },
                                                {
                                                    "Worker Number": 2,
                                                    "Actual Startup Time": 26.639,
                                                    "Actual Total Time": 59.267,
                                                    "Actual Rows": 153470,
                                                    "Actual Loops": 1
                                                }
                                            ]
                                        },
                                        {
                                            "Node Type": "Hash",
                                            "Parent Relationship": "Inner",
                                            "Parallel Aware": true,
                                            "Startup Cost": 83323.57,
                                            "Total Cost": 83323.57,
                                            "Plan Rows": 73477,
                                            "Plan Width": 8,
                                            "Actual Startup Time": 338.13,
                                            "Actual Total Time": 338.136,
                                            "Actual Rows": 44666,
                                            "Actual Loops": 4,
                                            "Output": [
                                                "t.id",
                                                "mk.movie_id"
                                            ],
                                            "Hash Buckets": 262144,
                                            "Original Hash Buckets": 262144,
                                            "Hash Batches": 1,
                                            "Original Hash Batches": 1,
                                            "Peak Memory Usage": 9088,
                                            "Workers": [
                                                {
                                                    "Worker Number": 0,
                                                    "Actual Startup Time": 336.044,
                                                    "Actual Total Time": 336.048,
                                                    "Actual Rows": 48875,
                                                    "Actual Loops": 1
                                                },
                                                {
                                                    "Worker Number": 1,
                                                    "Actual Startup Time": 336.202,
                                                    "Actual Total Time": 336.206,
                                                    "Actual Rows": 38918,
                                                    "Actual Loops": 1
                                                },
                                                {
                                                    "Worker Number": 2,
                                                    "Actual Startup Time": 336.245,
                                                    "Actual Total Time": 336.256,
                                                    "Actual Rows": 39421,
                                                    "Actual Loops": 1
                                                }
                                            ],
                                            "Plans": [
                                                {
                                                    "Node Type": "Hash Join",
                                                    "Parent Relationship": "Outer",
                                                    "Parallel Aware": true,
                                                    "Join Type": "Inner",
                                                    "Startup Cost": 56906.77,
                                                    "Total Cost": 83323.57,
                                                    "Plan Rows": 73477,
                                                    "Plan Width": 8,
                                                    "Actual Startup Time": 251.201,
                                                    "Actual Total Time": 326.789,
                                                    "Actual Rows": 44666,
                                                    "Actual Loops": 4,
                                                    "Output": [
                                                        "t.id",
                                                        "mk.movie_id"
                                                    ],
                                                    "Inner Unique": true,
                                                    "Hash Cond": "(mk.movie_id = t.id)",
                                                    "Workers": [
                                                        {
                                                            "Worker Number": 0,
                                                            "Actual Startup Time": 248.893,
                                                            "Actual Total Time": 324.938,
                                                            "Actual Rows": 48875,
                                                            "Actual Loops": 1
                                                        },
                                                        {
                                                            "Worker Number": 1,
                                                            "Actual Startup Time": 249.316,
                                                            "Actual Total Time": 324.99,
                                                            "Actual Rows": 38918,
                                                            "Actual Loops": 1
                                                        },
                                                        {
                                                            "Worker Number": 2,
                                                            "Actual Startup Time": 249.261,
                                                            "Actual Total Time": 324.876,
                                                            "Actual Rows": 39421,
                                                            "Actual Loops": 1
                                                        }
                                                    ],
                                                    "Plans": [
                                                        {
                                                            "Node Type": "Bitmap Heap Scan",
                                                            "Parent Relationship": "Outer",
                                                            "Parallel Aware": true,
                                                            "Relation Name": "movie_keyword",
                                                            "Schema": "public",
                                                            "Alias": "mk",
                                                            "Startup Cost": 8534.21,
                                                            "Total Cost": 34610.36,
                                                            "Plan Rows": 129772,
                                                            "Plan Width": 4,
                                                            "Actual Startup Time": 39.467,
                                                            "Actual Total Time": 86.432,
                                                            "Actual Rows": 98711,
                                                            "Actual Loops": 4,
                                                            "Output": [
                                                                "mk.id",
                                                                "mk.movie_id",
                                                                "mk.keyword_id"
                                                            ],
                                                            "Recheck Cond": "(mk.keyword_id > 43704)",
                                                            "Rows Removed by Index Recheck": 0,
                                                            "Exact Heap Blocks": 6535,
                                                            "Lossy Heap Blocks": 0,
                                                            "Workers": [
                                                                {
                                                                    "Worker Number": 0,
                                                                    "Actual Startup Time": 39.374,
                                                                    "Actual Total Time": 89.078,
                                                                    "Actual Rows": 104675,
                                                                    "Actual Loops": 1
                                                                },
                                                                {
                                                                    "Worker Number": 1,
                                                                    "Actual Startup Time": 39.576,
                                                                    "Actual Total Time": 87.572,
                                                                    "Actual Rows": 88506,
                                                                    "Actual Loops": 1
                                                                },
                                                                {
                                                                    "Worker Number": 2,
                                                                    "Actual Startup Time": 39.487,
                                                                    "Actual Total Time": 87.429,
                                                                    "Actual Rows": 87654,
                                                                    "Actual Loops": 1
                                                                }
                                                            ],
                                                            "Plans": [
                                                                {
                                                                    "Node Type": "Bitmap Index Scan",
                                                                    "Parent Relationship": "Outer",
                                                                    "Parallel Aware": false,
                                                                    "Index Name": "keyword_id_movie_keyword",
                                                                    "Startup Cost": 0.0,
                                                                    "Total Cost": 8433.64,
                                                                    "Plan Rows": 402294,
                                                                    "Plan Width": 0,
                                                                    "Actual Startup Time": 36.099,
                                                                    "Actual Total Time": 36.099,
                                                                    "Actual Rows": 394843,
                                                                    "Actual Loops": 1,
                                                                    "Index Cond": "(mk.keyword_id > 43704)",
                                                                    "Workers": [
                                                                        {
                                                                            "Worker Number": 0,
                                                                            "Actual Startup Time": 36.099,
                                                                            "Actual Total Time": 36.099,
                                                                            "Actual Rows": 394843,
                                                                            "Actual Loops": 1
                                                                        }
                                                                    ]
                                                                }
                                                            ]
                                                        },
                                                        {
                                                            "Node Type": "Hash",
                                                            "Parent Relationship": "Inner",
                                                            "Parallel Aware": true,
                                                            "Startup Cost": 43899.01,
                                                            "Total Cost": 43899.01,
                                                            "Plan Rows": 357884,
                                                            "Plan Width": 4,
                                                            "Actual Startup Time": 208.372,
                                                            "Actual Total Time": 208.372,
                                                            "Actual Rows": 358616,
                                                            "Actual Loops": 4,
                                                            "Output": [
                                                                "t.id"
                                                            ],
                                                            "Hash Buckets": 2097152,
                                                            "Original Hash Buckets": 2097152,
                                                            "Hash Batches": 1,
                                                            "Original Hash Batches": 1,
                                                            "Peak Memory Usage": 72544,
                                                            "Workers": [
                                                                {
                                                                    "Worker Number": 0,
                                                                    "Actual Startup Time": 209.409,
                                                                    "Actual Total Time": 209.41,
                                                                    "Actual Rows": 309000,
                                                                    "Actual Loops": 1
                                                                },
                                                                {
                                                                    "Worker Number": 1,
                                                                    "Actual Startup Time": 209.486,
                                                                    "Actual Total Time": 209.486,
                                                                    "Actual Rows": 340016,
                                                                    "Actual Loops": 1
                                                                },
                                                                {
                                                                    "Worker Number": 2,
                                                                    "Actual Startup Time": 209.497,
                                                                    "Actual Total Time": 209.498,
                                                                    "Actual Rows": 337651,
                                                                    "Actual Loops": 1
                                                                }
                                                            ],
                                                            "Plans": [
                                                                {
                                                                    "Node Type": "Seq Scan",
                                                                    "Parent Relationship": "Outer",
                                                                    "Parallel Aware": true,
                                                                    "Relation Name": "title",
                                                                    "Schema": "public",
                                                                    "Alias": "t",
                                                                    "Startup Cost": 0.0,
                                                                    "Total Cost": 43899.01,
                                                                    "Plan Rows": 357884,
                                                                    "Plan Width": 4,
                                                                    "Actual Startup Time": 0.035,
                                                                    "Actual Total Time": 97.444,
                                                                    "Actual Rows": 358616,
                                                                    "Actual Loops": 4,
                                                                    "Output": [
                                                                        "t.id"
                                                                    ],
                                                                    "Filter": "(t.production_year > 1999)",
                                                                    "Rows Removed by Filter": 273462,
                                                                    "Workers": [
                                                                        {
                                                                            "Worker Number": 0,
                                                                            "Actual Startup Time": 0.063,
                                                                            "Actual Total Time": 96.213,
                                                                            "Actual Rows": 309000,
                                                                            "Actual Loops": 1
                                                                        },
                                                                        {
                                                                            "Worker Number": 1,
                                                                            "Actual Startup Time": 0.031,
                                                                            "Actual Total Time": 101.282,
                                                                            "Actual Rows": 340016,
                                                                            "Actual Loops": 1
                                                                        },
                                                                        {
                                                                            "Worker Number": 2,
                                                                            "Actual Startup Time": 0.031,
                                                                            "Actual Total Time": 101.525,
                                                                            "Actual Rows": 337651,
                                                                            "Actual Loops": 1
                                                                        }
                                                                    ]
                                                                }
                                                            ]
                                                        }
                                                    ]
                                                }
                                            ]
                                        }
                                    ]
                                }
                            ]
                        }
                    ]
                }
            ]
        },
        "Planning Time": 189.061,
        "Triggers": [],
        "Execution Time": 453.757
    }
]