[
  {
    "Plan": {
      "Node Type": "Aggregate",
      "Strategy": "Plain",
      "Partial Mode": "Finalize",
      "Parallel Aware": false,
      "Startup Cost": 125227.14,
      "Total Cost": 125227.15,
      "Plan Rows": 1,
      "Plan Width": 8,
      "Actual Startup Time": 457.433,
      "Actual Total Time": 480.214,
      "Actual Rows": 1,
      "Actual Loops": 1,
      "Plans": [
        {
          "Node Type": "Gather",
          "Parent Relationship": "Outer",
          "Parallel Aware": false,
          "Startup Cost": 125226.83,
          "Total Cost": 125227.14,
          "Plan Rows": 3,
          "Plan Width": 8,
          "Actual Startup Time": 456.433,
          "Actual Total Time": 480.204,
          "Actual Rows": 4,
          "Actual Loops": 1,
          "Workers Planned": 3,
          "Workers Launched": 3,
          "Single Copy": false,
          "Plans": [
            {
              "Node Type": "Aggregate",
              "Strategy": "Plain",
              "Partial Mode": "Partial",
              "Parent Relationship": "Outer",
              "Parallel Aware": false,
              "Startup Cost": 124226.83,
              "Total Cost": 124226.84,
              "Plan Rows": 1,
              "Plan Width": 8,
              "Actual Startup Time": 447.641,
              "Actual Total Time": 447.764,
              "Actual Rows": 1,
              "Actual Loops": 4,
              "Plans": [
                {
                  "Node Type": "Hash Join",
                  "Parent Relationship": "Outer",
                  "Parallel Aware": true,
                  "Join Type": "Inner",
                  "Startup Cost": 78958.73,
                  "Total Cost": 123852.69,
                  "Plan Rows": 149655,
                  "Plan Width": 0,
                  "Actual Startup Time": 258.418,
                  "Actual Total Time": 442.355,
                  "Actual Rows": 126638,
                  "Actual Loops": 4,
                  "Inner Unique": false,
                  "Hash Cond": "(mk.movie_id = t.id)",
                  "Plans": [
                    {
                      "Node Type": "Seq Scan",
                      "Parent Relationship": "Outer",
                      "Parallel Aware": true,
                      "Relation Name": "movie_keyword",
                      "Alias": "mk",
                      "Startup Cost": 0.0,
                      "Total Cost": 39047.32,
                      "Plan Rows": 1459332,
                      "Plan Width": 4,
                      "Actual Startup Time": 0.031,
                      "Actual Total Time": 90.015,
                      "Actual Rows": 1130982,
                      "Actual Loops": 4
                    },
                    {
                      "Node Type": "Hash",
                      "Parent Relationship": "Inner",
                      "Parallel Aware": true,
                      "Startup Cost": 78148.48,
                      "Total Cost": 78148.48,
                      "Plan Rows": 64820,
                      "Plan Width": 8,
                      "Actual Startup Time": 256.018,
                      "Actual Total Time": 256.14,
                      "Actual Rows": 34114,
                      "Actual Loops": 4,
                      "Hash Buckets": 262144,
                      "Original Hash Buckets": 262144,
                      "Hash Batches": 1,
                      "Original Hash Batches": 1,
                      "Peak Memory Usage": 7456,
                      "Plans": [
                        {
                          "Node Type": "Hash Join",
                          "Parent Relationship": "Outer",
                          "Parallel Aware": true,
                          "Join Type": "Inner",
                          "Startup Cost": 32460.29,
                          "Total Cost": 78148.48,
                          "Plan Rows": 64820,
                          "Plan Width": 8,
                          "Actual Startup Time": 84.097,
                          "Actual Total Time": 244.248,
                          "Actual Rows": 34114,
                          "Actual Loops": 4,
                          "Inner Unique": false,
                          "Hash Cond": "(t.id = mc.movie_id)",
                          "Plans": [
                            {
                              "Node Type": "Seq Scan",
                              "Parent Relationship": "Outer",
                              "Parallel Aware": true,
                              "Relation Name": "title",
                              "Alias": "t",
                              "Startup Cost": 0.0,
                              "Total Cost": 42318.73,
                              "Plan Rows": 632073,
                              "Plan Width": 4,
                              "Actual Startup Time": 0.011,
                              "Actual Total Time": 72.996,
                              "Actual Rows": 632078,
                              "Actual Loops": 4
                            },
                            {
                              "Node Type": "Hash",
                              "Parent Relationship": "Inner",
                              "Parallel Aware": true,
                              "Startup Cost": 31414.82,
                              "Total Cost": 31414.82,
                              "Plan Rows": 83638,
                              "Plan Width": 4,
                              "Actual Startup Time": 82.967,
                              "Actual Total Time": 82.968,
                              "Actual Rows": 34114,
                              "Actual Loops": 4,
                              "Hash Buckets": 262144,
                              "Original Hash Buckets": 262144,
                              "Hash Batches": 1,
                              "Original Hash Batches": 1,
                              "Peak Memory Usage": 7424,
                              "Plans": [
                                {
                                  "Node Type": "Seq Scan",
                                  "Parent Relationship": "Outer",
                                  "Parallel Aware": true,
                                  "Relation Name": "movie_companies",
                                  "Alias": "mc",
                                  "Startup Cost": 0.0,
                                  "Total Cost": 31414.82,
                                  "Plan Rows": 83638,
                                  "Plan Width": 4,
                                  "Actual Startup Time": 45.535,
                                  "Actual Total Time": 73.179,
                                  "Actual Rows": 34114,
                                  "Actual Loops": 4,
                                  "Filter": "((company_id < 465) AND (company_type_id > 1))",
                                  "Rows Removed by Filter": 618168
                                }
                              ]
                            }
                          ]
                        }
                      ]
                    }
                  ]
                }
              ]
            }
          ]
        }
      ]
    },
    "Planning Time": 1.496,
    "Triggers": [],
    "Execution Time": 480.312
  }
]