[
  {
    "Plan": {
      "Node Type": "Aggregate",
      "Strategy": "Plain",
      "Partial Mode": "Finalize",
      "Parallel Aware": false,
      "Startup Cost": 300895.13,
      "Total Cost": 300895.14,
      "Plan Rows": 1,
      "Plan Width": 8,
      "Actual Startup Time": 2751.085,
      "Actual Total Time": 2794.04,
      "Actual Rows": 1,
      "Actual Loops": 1,
      "Plans": [
        {
          "Node Type": "Gather",
          "Parent Relationship": "Outer",
          "Parallel Aware": false,
          "Startup Cost": 300894.82,
          "Total Cost": 300895.13,
          "Plan Rows": 3,
          "Plan Width": 8,
          "Actual Startup Time": 2736.802,
          "Actual Total Time": 2794.029,
          "Actual Rows": 4,
          "Actual Loops": 1,
          "Workers Planned": 3,
          "Workers Launched": 3,
          "Single Copy": false,
          "Plans": [
            {
              "Node Type": "Aggregate",
              "Strategy": "Plain",
              "Partial Mode": "Partial",
              "Parent Relationship": "Outer",
              "Parallel Aware": false,
              "Startup Cost": 299894.82,
              "Total Cost": 299894.83,
              "Plan Rows": 1,
              "Plan Width": 8,
              "Actual Startup Time": 2724.332,
              "Actual Total Time": 2724.617,
              "Actual Rows": 1,
              "Actual Loops": 4,
              "Plans": [
                {
                  "Node Type": "Hash Join",
                  "Parent Relationship": "Outer",
                  "Parallel Aware": true,
                  "Join Type": "Inner",
                  "Startup Cost": 251656.85,
                  "Total Cost": 297829.18,
                  "Plan Rows": 826254,
                  "Plan Width": 0,
                  "Actual Startup Time": 1154.827,
                  "Actual Total Time": 2206.067,
                  "Actual Rows": 10565488,
                  "Actual Loops": 4,
                  "Inner Unique": false,
                  "Hash Cond": "(mk.movie_id = t.id)",
                  "Plans": [
                    {
                      "Node Type": "Seq Scan",
                      "Parent Relationship": "Outer",
                      "Parallel Aware": true,
                      "Relation Name": "movie_keyword",
                      "Alias": "mk",
                      "Startup Cost": 0.0,
                      "Total Cost": 39047.32,
                      "Plan Rows": 1459332,
                      "Plan Width": 4,
                      "Actual Startup Time": 0.035,
                      "Actual Total Time": 92.25,
                      "Actual Rows": 1130982,
                      "Actual Loops": 4
                    },
                    {
                      "Node Type": "Hash",
                      "Parent Relationship": "Inner",
                      "Parallel Aware": true,
                      "Startup Cost": 248077.95,
                      "Total Cost": 248077.95,
                      "Plan Rows": 286312,
                      "Plan Width": 8,
                      "Actual Startup Time": 1146.601,
                      "Actual Total Time": 1146.884,
                      "Actual Rows": 399567,
                      "Actual Loops": 4,
                      "Hash Buckets": 2097152,
                      "Original Hash Buckets": 2097152,
                      "Hash Batches": 1,
                      "Original Hash Batches": 1,
                      "Peak Memory Usage": 78944,
                      "Plans": [
                        {
                          "Node Type": "Hash Join",
                          "Parent Relationship": "Outer",
                          "Parallel Aware": true,
                          "Join Type": "Inner",
                          "Startup Cost": 45735.35,
                          "Total Cost": 248077.95,
                          "Plan Rows": 286312,
                          "Plan Width": 8,
                          "Actual Startup Time": 205.551,
                          "Actual Total Time": 999.867,
                          "Actual Rows": 399567,
                          "Actual Loops": 4,
                          "Inner Unique": true,
                          "Hash Cond": "(mi.movie_id = t.id)",
                          "Plans": [
                            {
                              "Node Type": "Seq Scan",
                              "Parent Relationship": "Outer",
                              "Parallel Aware": true,
                              "Relation Name": "movie_info",
                              "Alias": "mi",
                              "Startup Cost": 0.0,
                              "Total Cost": 199108.24,
                              "Plan Rows": 1232139,
                              "Plan Width": 4,
                              "Actual Startup Time": 24.555,
                              "Actual Total Time": 491.306,
                              "Actual Rows": 1555874,
                              "Actual Loops": 4,
                              "Filter": "(info_type_id > 8)",
                              "Rows Removed by Filter": 2153056
                            },
                            {
                              "Node Type": "Hash",
                              "Parent Relationship": "Inner",
                              "Parallel Aware": true,
                              "Startup Cost": 43899.32,
                              "Total Cost": 43899.32,
                              "Plan Rows": 146882,
                              "Plan Width": 4,
                              "Actual Startup Time": 178.637,
                              "Actual Total Time": 178.638,
                              "Actual Rows": 150853,
                              "Actual Loops": 4,
                              "Hash Buckets": 1048576,
                              "Original Hash Buckets": 1048576,
                              "Hash Batches": 1,
                              "Original Hash Batches": 1,
                              "Peak Memory Usage": 31872,
                              "Plans": [
                                {
                                  "Node Type": "Seq Scan",
                                  "Parent Relationship": "Outer",
                                  "Parallel Aware": true,
                                  "Relation Name": "title",
                                  "Alias": "t",
                                  "Startup Cost": 0.0,
                                  "Total Cost": 43899.32,
                                  "Plan Rows": 146882,
                                  "Plan Width": 4,
                                  "Actual Startup Time": 0.048,
                                  "Actual Total Time": 113.659,
                                  "Actual Rows": 150853,
                                  "Actual Loops": 4,
                                  "Filter": "(production_year < 1986)",
                                  "Rows Removed by Filter": 481225
                                }
                              ]
                            }
                          ]
                        }
                      ]
                    }
                  ]
                }
              ]
            }
          ]
        }
      ]
    },
    "Planning Time": 1.426,
    "Triggers": [],
    "Execution Time": 2794.132
  }
]