[
  {
    "Plan": {
      "Node Type": "Aggregate",
      "Strategy": "Plain",
      "Partial Mode": "Finalize",
      "Parallel Aware": false,
      "Startup Cost": 621425.44,
      "Total Cost": 621425.45,
      "Plan Rows": 1,
      "Plan Width": 8,
      "Actual Startup Time": 2152.842,
      "Actual Total Time": 2249.224,
      "Actual Rows": 1,
      "Actual Loops": 1,
      "Plans": [
        {
          "Node Type": "Gather",
          "Parent Relationship": "Outer",
          "Parallel Aware": false,
          "Startup Cost": 621424.92,
          "Total Cost": 621425.43,
          "Plan Rows": 5,
          "Plan Width": 8,
          "Actual Startup Time": 2138.162,
          "Actual Total Time": 2249.202,
          "Actual Rows": 6,
          "Actual Loops": 1,
          "Workers Planned": 5,
          "Workers Launched": 5,
          "Single Copy": false,
          "Plans": [
            {
              "Node Type": "Aggregate",
              "Strategy": "Plain",
              "Partial Mode": "Partial",
              "Parent Relationship": "Outer",
              "Parallel Aware": false,
              "Startup Cost": 620424.92,
              "Total Cost": 620424.93,
              "Plan Rows": 1,
              "Plan Width": 8,
              "Actual Startup Time": 2124.942,
              "Actual Total Time": 2125.423,
              "Actual Rows": 1,
              "Actual Loops": 6,
              "Plans": [
                {
                  "Node Type": "Hash Join",
                  "Parent Relationship": "Outer",
                  "Parallel Aware": true,
                  "Join Type": "Inner",
                  "Startup Cost": 399351.71,
                  "Total Cost": 613380.92,
                  "Plan Rows": 2817599,
                  "Plan Width": 0,
                  "Actual Startup Time": 1181.298,
                  "Actual Total Time": 2106.012,
                  "Actual Rows": 321349,
                  "Actual Loops": 6,
                  "Inner Unique": false,
                  "Hash Cond": "(mi.movie_id = t.id)",
                  "Plans": [
                    {
                      "Node Type": "Seq Scan",
                      "Parent Relationship": "Outer",
                      "Parallel Aware": true,
                      "Relation Name": "movie_info",
                      "Alias": "mi",
                      "Startup Cost": 0.0,
                      "Total Cost": 199108.24,
                      "Plan Rows": 2726660,
                      "Plan Width": 4,
                      "Actual Startup Time": 0.032,
                      "Actual Total Time": 448.01,
                      "Actual Rows": 2271835,
                      "Actual Loops": 6,
                      "Filter": "(info_type_id < 35)",
                      "Rows Removed by Filter": 200785
                    },
                    {
                      "Node Type": "Hash",
                      "Parent Relationship": "Inner",
                      "Parallel Aware": true,
                      "Startup Cost": 393908.49,
                      "Total Cost": 393908.49,
                      "Plan Rows": 435458,
                      "Plan Width": 8,
                      "Actual Startup Time": 1175.636,
                      "Actual Total Time": 1176.115,
                      "Actual Rows": 93261,
                      "Actual Loops": 6,
                      "Hash Buckets": 4194304,
                      "Original Hash Buckets": 4194304,
                      "Hash Batches": 1,
                      "Original Hash Batches": 1,
                      "Peak Memory Usage": 54784,
                      "Plans": [
                        {
                          "Node Type": "Hash Join",
                          "Parent Relationship": "Outer",
                          "Parallel Aware": true,
                          "Join Type": "Inner",
                          "Startup Cost": 48717.81,
                          "Total Cost": 393908.49,
                          "Plan Rows": 435458,
                          "Plan Width": 8,
                          "Actual Startup Time": 760.168,
                          "Actual Total Time": 1115.178,
                          "Actual Rows": 93261,
                          "Actual Loops": 6,
                          "Inner Unique": true,
                          "Hash Cond": "(ci.movie_id = t.id)",
                          "Plans": [
                            {
                              "Node Type": "Seq Scan",
                              "Parent Relationship": "Outer",
                              "Parallel Aware": true,
                              "Relation Name": "cast_info",
                              "Alias": "ci",
                              "Startup Cost": 0.0,
                              "Total Cost": 343316.27,
                              "Plan Rows": 714061,
                              "Plan Width": 4,
                              "Actual Startup Time": 539.619,
                              "Actual Total Time": 797.507,
                              "Actual Rows": 189371,
                              "Actual Loops": 6,
                              "Filter": "((person_id > 3099303) AND (role_id < 6))",
                              "Rows Removed by Filter": 5851353
                            },
                            {
                              "Node Type": "Hash",
                              "Parent Relationship": "Inner",
                              "Parallel Aware": true,
                              "Startup Cost": 43899.32,
                              "Total Cost": 43899.32,
                              "Plan Rows": 385479,
                              "Plan Width": 4,
                              "Actual Startup Time": 218.146,
                              "Actual Total Time": 218.148,
                              "Actual Rows": 257211,
                              "Actual Loops": 6,
                              "Hash Buckets": 2097152,
                              "Original Hash Buckets": 2097152,
                              "Hash Batches": 1,
                              "Original Hash Batches": 1,
                              "Peak Memory Usage": 76832,
                              "Plans": [
                                {
                                  "Node Type": "Seq Scan",
                                  "Parent Relationship": "Outer",
                                  "Parallel Aware": true,
                                  "Relation Name": "title",
                                  "Alias": "t",
                                  "Startup Cost": 0.0,
                                  "Total Cost": 43899.32,
                                  "Plan Rows": 385479,
                                  "Plan Width": 4,
                                  "Actual Startup Time": 0.057,
                                  "Actual Total Time": 95.496,
                                  "Actual Rows": 257211,
                                  "Actual Loops": 6,
                                  "Filter": "(kind_id = 7)",
                                  "Rows Removed by Filter": 164175
                                }
                              ]
                            }
                          ]
                        }
                      ]
                    }
                  ]
                }
              ]
            }
          ]
        }
      ]
    },
    "Planning Time": 0.532,
    "Triggers": [],
    "Execution Time": 2249.286
  }
]