{
  "Plan": {
    "Node Type": "Aggregate",
    "Strategy": "Plain",
    "Partial Mode": "Finalize",
    "Parallel Aware": false,
    "Startup Cost": 625933.36,
    "Total Cost": 625933.37,
    "Plan Rows": 1,
    "Plan Width": 8,
    "Actual Startup Time": 4568.402,
    "Actual Total Time": 4626.28,
    "Actual Rows": 1,
    "Actual Loops": 1,
    "Plans": [
      {
        "Node Type": "Gather",
        "Parent Relationship": "Outer",
        "Parallel Aware": false,
        "Startup Cost": 625933.24,
        "Total Cost": 625933.35,
        "Plan Rows": 1,
        "Plan Width": 8,
        "Actual Startup Time": 4563.028,
        "Actual Total Time": 4626.269,
        "Actual Rows": 2,
        "Actual Loops": 1,
        "Workers Planned": 1,
        "Workers Launched": 1,
        "Single Copy": false,
        "Plans": [
          {
            "Node Type": "Aggregate",
            "Strategy": "Plain",
            "Partial Mode": "Partial",
            "Parent Relationship": "Outer",
            "Parallel Aware": false,
            "Startup Cost": 624933.24,
            "Total Cost": 624933.25,
            "Plan Rows": 1,
            "Plan Width": 8,
            "Actual Startup Time": 4551.678,
            "Actual Total Time": 4551.682,
            "Actual Rows": 1,
            "Actual Loops": 2,
            "Plans": [
              {
                "Node Type": "Hash Join",
                "Parent Relationship": "Outer",
                "Parallel Aware": true,
                "Join Type": "Inner",
                "Startup Cost": 69460.7,
                "Total Cost": 607175.65,
                "Plan Rows": 7103038,
                "Plan Width": 0,
                "Actual Startup Time": 1094.333,
                "Actual Total Time": 4304.963,
                "Actual Rows": 6019089,
                "Actual Loops": 2,
                "Inner Unique": true,
                "Hash Cond": "(ci.movie_id = t.id)",
                "Plans": [
                  {
                    "Node Type": "Seq Scan",
                    "Parent Relationship": "Outer",
                    "Parallel Aware": true,
                    "Relation Name": "cast_info",
                    "Alias": "ci",
                    "Startup Cost": 0.0,
                    "Total Cost": 519069.44,
                    "Plan Rows": 7103038,
                    "Plan Width": 4,
                    "Actual Startup Time": 572.48,
                    "Actual Total Time": 1321.55,
                    "Actual Rows": 6019089,
                    "Actual Loops": 2,
                    "Filter": "(person_id > 2484070)",
                    "Rows Removed by Filter": 12103083
                  },
                  {
                    "Node Type": "Hash",
                    "Parent Relationship": "Inner",
                    "Parallel Aware": true,
                    "Startup Cost": 50870.31,
                    "Total Cost": 50870.31,
                    "Plan Rows": 1487231,
                    "Plan Width": 4,
                    "Actual Startup Time": 499.841,
                    "Actual Total Time": 499.842,
                    "Actual Rows": 1264156,
                    "Actual Loops": 2,
                    "Hash Buckets": 4194304,
                    "Original Hash Buckets": 4194304,
                    "Hash Batches": 1,
                    "Original Hash Batches": 1,
                    "Peak Memory Usage": 131712,
                    "Plans": [
                      {
                        "Node Type": "Seq Scan",
                        "Parent Relationship": "Outer",
                        "Parallel Aware": true,
                        "Relation Name": "title",
                        "Alias": "t",
                        "Startup Cost": 0.0,
                        "Total Cost": 50870.31,
                        "Plan Rows": 1487231,
                        "Plan Width": 4,
                        "Actual Startup Time": 0.024,
                        "Actual Total Time": 147.231,
                        "Actual Rows": 1264156,
                        "Actual Loops": 2
                      }
                    ]
                  }
                ]
              }
            ]
          }
        ]
      }
    ]
  },
  "Planning Time": 0.674,
  "Triggers": [],
  "Execution Time": 4626.36
}