{
  "Plan": {
    "Node Type": "Aggregate",
    "Strategy": "Plain",
    "Partial Mode": "Finalize",
    "Parallel Aware": false,
    "Startup Cost": 173597.09,
    "Total Cost": 173597.1,
    "Plan Rows": 1,
    "Plan Width": 8,
    "Actual Startup Time": 1066.097,
    "Actual Total Time": 1088.333,
    "Actual Rows": 1,
    "Actual Loops": 1,
    "Plans": [
      {
        "Node Type": "Gather",
        "Parent Relationship": "Outer",
        "Parallel Aware": false,
        "Startup Cost": 173596.98,
        "Total Cost": 173597.09,
        "Plan Rows": 1,
        "Plan Width": 8,
        "Actual Startup Time": 1060.49,
        "Actual Total Time": 1088.324,
        "Actual Rows": 2,
        "Actual Loops": 1,
        "Workers Planned": 1,
        "Workers Launched": 1,
        "Single Copy": false,
        "Plans": [
          {
            "Node Type": "Aggregate",
            "Strategy": "Plain",
            "Partial Mode": "Partial",
            "Parent Relationship": "Outer",
            "Parallel Aware": false,
            "Startup Cost": 172596.98,
            "Total Cost": 172596.99,
            "Plan Rows": 1,
            "Plan Width": 8,
            "Actual Startup Time": 1053.689,
            "Actual Total Time": 1054.599,
            "Actual Rows": 1,
            "Actual Loops": 2,
            "Plans": [
              {
                "Node Type": "Hash Join",
                "Parent Relationship": "Outer",
                "Parallel Aware": true,
                "Join Type": "Inner",
                "Startup Cost": 126114.66,
                "Total Cost": 171887.04,
                "Plan Rows": 283978,
                "Plan Width": 0,
                "Actual Startup Time": 853.514,
                "Actual Total Time": 1029.593,
                "Actual Rows": 643709,
                "Actual Loops": 2,
                "Inner Unique": false,
                "Hash Cond": "(mc.movie_id = t.id)",
                "Plans": [
                  {
                    "Node Type": "Seq Scan",
                    "Parent Relationship": "Outer",
                    "Parallel Aware": true,
                    "Relation Name": "movie_companies",
                    "Alias": "mc",
                    "Startup Cost": 0.0,
                    "Total Cost": 41811.73,
                    "Plan Rows": 610718,
                    "Plan Width": 4,
                    "Actual Startup Time": 49.058,
                    "Actual Total Time": 109.188,
                    "Actual Rows": 373862,
                    "Actual Loops": 2,
                    "Filter": "((company_id < 70905) AND (company_type_id = 2))",
                    "Rows Removed by Filter": 930703
                  },
                  {
                    "Node Type": "Hash",
                    "Parent Relationship": "Inner",
                    "Parallel Aware": true,
                    "Startup Cost": 117470.31,
                    "Total Cost": 117470.31,
                    "Plan Rows": 691548,
                    "Plan Width": 8,
                    "Actual Startup Time": 789.967,
                    "Actual Total Time": 790.875,
                    "Actual Rows": 825206,
                    "Actual Loops": 2,
                    "Hash Buckets": 2097152,
                    "Original Hash Buckets": 2097152,
                    "Hash Batches": 1,
                    "Original Hash Batches": 1,
                    "Peak Memory Usage": 80960,
                    "Plans": [
                      {
                        "Node Type": "Hash Join",
                        "Parent Relationship": "Outer",
                        "Parallel Aware": true,
                        "Join Type": "Inner",
                        "Startup Cost": 59419.46,
                        "Total Cost": 117470.31,
                        "Plan Rows": 691548,
                        "Plan Width": 8,
                        "Actual Startup Time": 235.817,
                        "Actual Total Time": 649.653,
                        "Actual Rows": 825206,
                        "Actual Loops": 2,
                        "Inner Unique": true,
                        "Hash Cond": "(mk.movie_id = t.id)",
                        "Plans": [
                          {
                            "Node Type": "Seq Scan",
                            "Parent Relationship": "Outer",
                            "Parallel Aware": true,
                            "Relation Name": "movie_keyword",
                            "Alias": "mk",
                            "Startup Cost": 0.0,
                            "Total Cost": 51065.35,
                            "Plan Rows": 2661135,
                            "Plan Width": 4,
                            "Actual Startup Time": 0.013,
                            "Actual Total Time": 153.246,
                            "Actual Rows": 2261965,
                            "Actual Loops": 2
                          },
                          {
                            "Node Type": "Hash",
                            "Parent Relationship": "Inner",
                            "Parallel Aware": true,
                            "Startup Cost": 54588.39,
                            "Total Cost": 54588.39,
                            "Plan Rows": 386486,
                            "Plan Width": 4,
                            "Actual Startup Time": 231.788,
                            "Actual Total Time": 231.789,
                            "Actual Rows": 331417,
                            "Actual Loops": 2,
                            "Hash Buckets": 1048576,
                            "Original Hash Buckets": 1048576,
                            "Hash Batches": 1,
                            "Original Hash Batches": 1,
                            "Peak Memory Usage": 34144,
                            "Plans": [
                              {
                                "Node Type": "Seq Scan",
                                "Parent Relationship": "Outer",
                                "Parallel Aware": true,
                                "Relation Name": "title",
                                "Alias": "t",
                                "Startup Cost": 0.0,
                                "Total Cost": 54588.39,
                                "Plan Rows": 386486,
                                "Plan Width": 4,
                                "Actual Startup Time": 0.028,
                                "Actual Total Time": 145.501,
                                "Actual Rows": 331417,
                                "Actual Loops": 2,
                                "Filter": "(production_year < 1989)",
                                "Rows Removed by Filter": 932739
                              }
                            ]
                          }
                        ]
                      }
                    ]
                  }
                ]
              }
            ]
          }
        ]
      }
    ]
  },
  "Planning Time": 0.98,
  "Triggers": [],
  "Execution Time": 1088.411
}