{
  "Plan": {
    "Node Type": "Aggregate",
    "Strategy": "Plain",
    "Partial Mode": "Finalize",
    "Parallel Aware": false,
    "Startup Cost": 464259.51,
    "Total Cost": 464259.52,
    "Plan Rows": 1,
    "Plan Width": 8,
    "Actual Startup Time": 1231.666,
    "Actual Total Time": 1264.164,
    "Actual Rows": 1,
    "Actual Loops": 1,
    "Plans": [
      {
        "Node Type": "Gather",
        "Parent Relationship": "Outer",
        "Parallel Aware": false,
        "Startup Cost": 464259.4,
        "Total Cost": 464259.51,
        "Plan Rows": 1,
        "Plan Width": 8,
        "Actual Startup Time": 1231.475,
        "Actual Total Time": 1264.155,
        "Actual Rows": 2,
        "Actual Loops": 1,
        "Workers Planned": 1,
        "Workers Launched": 1,
        "Single Copy": false,
        "Plans": [
          {
            "Node Type": "Aggregate",
            "Strategy": "Plain",
            "Partial Mode": "Partial",
            "Parent Relationship": "Outer",
            "Parallel Aware": false,
            "Startup Cost": 463259.4,
            "Total Cost": 463259.41,
            "Plan Rows": 1,
            "Plan Width": 8,
            "Actual Startup Time": 1225.722,
            "Actual Total Time": 1225.725,
            "Actual Rows": 1,
            "Actual Loops": 2,
            "Plans": [
              {
                "Node Type": "Hash Join",
                "Parent Relationship": "Outer",
                "Parallel Aware": true,
                "Join Type": "Inner",
                "Startup Cost": 58486.85,
                "Total Cost": 463224.75,
                "Plan Rows": 13858,
                "Plan Width": 0,
                "Actual Startup Time": 136.223,
                "Actual Total Time": 1224.25,
                "Actual Rows": 24050,
                "Actual Loops": 2,
                "Inner Unique": true,
                "Hash Cond": "(ci.movie_id = t.id)",
                "Plans": [
                  {
                    "Node Type": "Index Scan",
                    "Parent Relationship": "Outer",
                    "Parallel Aware": true,
                    "Scan Direction": "Forward",
                    "Index Name": "role_id_cast_info",
                    "Relation Name": "cast_info",
                    "Alias": "ci",
                    "Startup Cost": 0.56,
                    "Total Cost": 400977.7,
                    "Plan Rows": 1432671,
                    "Plan Width": 4,
                    "Actual Startup Time": 0.134,
                    "Actual Total Time": 846.668,
                    "Actual Rows": 2615968,
                    "Actual Loops": 2,
                    "Index Cond": "(role_id = 1)",
                    "Rows Removed by Index Recheck": 0,
                    "Filter": "(person_id < 701218)",
                    "Rows Removed by Filter": 3719376
                  },
                  {
                    "Node Type": "Hash",
                    "Parent Relationship": "Inner",
                    "Parallel Aware": true,
                    "Startup Cost": 58306.47,
                    "Total Cost": 58306.47,
                    "Plan Rows": 14385,
                    "Plan Width": 4,
                    "Actual Startup Time": 134.972,
                    "Actual Total Time": 134.974,
                    "Actual Rows": 10316,
                    "Actual Loops": 2,
                    "Hash Buckets": 32768,
                    "Original Hash Buckets": 32768,
                    "Hash Batches": 1,
                    "Original Hash Batches": 1,
                    "Peak Memory Usage": 1120,
                    "Plans": [
                      {
                        "Node Type": "Seq Scan",
                        "Parent Relationship": "Outer",
                        "Parallel Aware": true,
                        "Relation Name": "title",
                        "Alias": "t",
                        "Startup Cost": 0.0,
                        "Total Cost": 58306.47,
                        "Plan Rows": 14385,
                        "Plan Width": 4,
                        "Actual Startup Time": 0.117,
                        "Actual Total Time": 131.82,
                        "Actual Rows": 10316,
                        "Actual Loops": 2,
                        "Filter": "((kind_id < 7) AND (production_year = 2002))",
                        "Rows Removed by Filter": 1253840
                      }
                    ]
                  }
                ]
              }
            ]
          }
        ]
      }
    ]
  },
  "Planning Time": 0.506,
  "Triggers": [],
  "Execution Time": 1264.248
}