{
  "Plan": {
    "Node Type": "Aggregate",
    "Strategy": "Plain",
    "Partial Mode": "Simple",
    "Parallel Aware": false,
    "Startup Cost": 1379230.75,
    "Total Cost": 1379230.76,
    "Plan Rows": 1,
    "Plan Width": 32,
    "Actual Startup Time": 6866.732,
    "Actual Total Time": 6866.861,
    "Actual Rows": 1,
    "Actual Loops": 1,
    "Plans": [
      {
        "Node Type": "Hash Join",
        "Parent Relationship": "Outer",
        "Parallel Aware": false,
        "Join Type": "Inner",
        "Startup Cost": 1374870.13,
        "Total Cost": 1379229.18,
        "Plan Rows": 627,
        "Plan Width": 17,
        "Actual Startup Time": 6848.35,
        "Actual Total Time": 6866.078,
        "Actual Rows": 11580,
        "Actual Loops": 1,
        "Inner Unique": false,
        "Hash Cond": "(k.id = mk.keyword_id)",
        "Plans": [
          {
            "Node Type": "Seq Scan",
            "Parent Relationship": "Outer",
            "Parallel Aware": false,
            "Relation Name": "keyword",
            "Alias": "k",
            "Startup Cost": 0.0,
            "Total Cost": 2626.12,
            "Plan Rows": 13,
            "Plan Width": 4,
            "Actual Startup Time": 3.587,
            "Actual Total Time": 17.866,
            "Actual Rows": 30,
            "Actual Loops": 1,
            "Filter": "(keyword ~~ '%sequel%'::text)",
            "Rows Removed by Filter": 134140
          },
          {
            "Node Type": "Hash",
            "Parent Relationship": "Inner",
            "Parallel Aware": false,
            "Startup Cost": 1293884.79,
            "Total Cost": 1293884.79,
            "Plan Rows": 6478827,
            "Plan Width": 21,
            "Actual Startup Time": 6797.313,
            "Actual Total Time": 6797.439,
            "Actual Rows": 3734452,
            "Actual Loops": 1,
            "Hash Buckets": 8388608,
            "Original Hash Buckets": 8388608,
            "Hash Batches": 1,
            "Original Hash Batches": 1,
            "Peak Memory Usage": 262773,
            "Plans": [
              {
                "Node Type": "Merge Join",
                "Parent Relationship": "Outer",
                "Parallel Aware": false,
                "Join Type": "Inner",
                "Startup Cost": 933731.07,
                "Total Cost": 1293884.79,
                "Plan Rows": 6478827,
                "Plan Width": 21,
                "Actual Startup Time": 2288.451,
                "Actual Total Time": 5952.11,
                "Actual Rows": 3734452,
                "Actual Loops": 1,
                "Inner Unique": false,
                "Merge Cond": "(t.id = mi.movie_id)",
                "Plans": [
                  {
                    "Node Type": "Index Scan",
                    "Parent Relationship": "Outer",
                    "Parallel Aware": false,
                    "Scan Direction": "Forward",
                    "Index Name": "title_pkey",
                    "Relation Name": "title",
                    "Alias": "t",
                    "Startup Cost": 0.43,
                    "Total Cost": 116680.33,
                    "Plan Rows": 1920413,
                    "Plan Width": 21,
                    "Actual Startup Time": 0.022,
                    "Actual Total Time": 1561.864,
                    "Actual Rows": 1921860,
                    "Actual Loops": 1,
                    "Filter": "(production_year < 2010)",
                    "Rows Removed by Filter": 603922
                  },
                  {
                    "Node Type": "Materialize",
                    "Parent Relationship": "Inner",
                    "Parallel Aware": false,
                    "Startup Cost": 933727.42,
                    "Total Cost": 1086410.07,
                    "Plan Rows": 8530338,
                    "Plan Width": 12,
                    "Actual Startup Time": 2288.384,
                    "Actual Total Time": 3847.111,
                    "Actual Rows": 4060930,
                    "Actual Loops": 1,
                    "Plans": [
                      {
                        "Node Type": "Merge Join",
                        "Parent Relationship": "Outer",
                        "Parallel Aware": false,
                        "Join Type": "Inner",
                        "Startup Cost": 933727.42,
                        "Total Cost": 1065084.23,
                        "Plan Rows": 8530338,
                        "Plan Width": 12,
                        "Actual Startup Time": 2288.376,
                        "Actual Total Time": 3206.029,
                        "Actual Rows": 4060930,
                        "Actual Loops": 1,
                        "Inner Unique": false,
                        "Merge Cond": "(mi.movie_id = mk.movie_id)",
                        "Plans": [
                          {
                            "Node Type": "Sort",
                            "Parent Relationship": "Outer",
                            "Parallel Aware": false,
                            "Startup Cost": 363932.8,
                            "Total Cost": 365634.71,
                            "Plan Rows": 680764,
                            "Plan Width": 4,
                            "Actual Startup Time": 956.345,
                            "Actual Total Time": 1016.353,
                            "Actual Rows": 706674,
                            "Actual Loops": 1,
                            "Sort Key": [
                              "mi.movie_id"
                            ],
                            "Sort Method": "quicksort",
                            "Sort Space Used": 57702,
                            "Sort Space Type": "Memory",
                            "Plans": [
                              {
                                "Node Type": "Gather",
                                "Parent Relationship": "Outer",
                                "Parallel Aware": false,
                                "Startup Cost": 1000.0,
                                "Total Cost": 297977.68,
                                "Plan Rows": 680764,
                                "Plan Width": 4,
                                "Actual Startup Time": 1.978,
                                "Actual Total Time": 815.935,
                                "Actual Rows": 706674,
                                "Actual Loops": 1,
                                "Workers Planned": 5,
                                "Workers Launched": 5,
                                "Single Copy": false,
                                "Plans": [
                                  {
                                    "Node Type": "Seq Scan",
                                    "Parent Relationship": "Outer",
                                    "Parallel Aware": true,
                                    "Relation Name": "movie_info",
                                    "Alias": "mi",
                                    "Startup Cost": 0.0,
                                    "Total Cost": 228901.28,
                                    "Plan Rows": 136153,
                                    "Plan Width": 4,
                                    "Actual Startup Time": 0.428,
                                    "Actual Total Time": 822.746,
                                    "Actual Rows": 117779,
                                    "Actual Loops": 6,
                                    "Filter": "(info = ANY ('{Sweden,Norway,Germany,Denmark,Swedish,Denish,Norwegian,German,USA,American}'::text[]))",
                                    "Rows Removed by Filter": 2354841
                                  }
                                ]
                              }
                            ]
                          },
                          {
                            "Node Type": "Sort",
                            "Parent Relationship": "Inner",
                            "Parallel Aware": false,
                            "Startup Cost": 569794.43,
                            "Total Cost": 581104.25,
                            "Plan Rows": 4523930,
                            "Plan Width": 8,
                            "Actual Startup Time": 1332.019,
                            "Actual Total Time": 1619.27,
                            "Actual Rows": 5699046,
                            "Actual Loops": 1,
                            "Sort Key": [
                              "mk.movie_id"
                            ],
                            "Sort Method": "quicksort",
                            "Sort Space Used": 408668,
                            "Sort Space Type": "Memory",
                            "Plans": [
                              {
                                "Node Type": "Seq Scan",
                                "Parent Relationship": "Outer",
                                "Parallel Aware": false,
                                "Relation Name": "movie_keyword",
                                "Alias": "mk",
                                "Startup Cost": 0.0,
                                "Total Cost": 69693.3,
                                "Plan Rows": 4523930,
                                "Plan Width": 8,
                                "Actual Startup Time": 0.019,
                                "Actual Total Time": 426.143,
                                "Actual Rows": 4523930,
                                "Actual Loops": 1
                              }
                            ]
                          }
                        ]
                      }
                    ]
                  }
                ]
              }
            ]
          }
        ]
      }
    ]
  },
  "Planning Time": 6.807,
  "Triggers": [],
  "Execution Time": 6949.223
}