[
  {
    "Plan": {
      "Node Type": "Aggregate",
      "Strategy": "Plain",
      "Partial Mode": "Simple",
      "Parallel Aware": false,
      "Startup Cost": 987.96,
      "Total Cost": 987.97,
      "Plan Rows": 1,
      "Plan Width": 8,
      "Actual Startup Time": 6.939,
      "Actual Total Time": 6.939,
      "Actual Rows": 1,
      "Actual Loops": 1,
      "Plans": [
        {
          "Node Type": "Index Scan",
          "Parent Relationship": "Outer",
          "Parallel Aware": false,
          "Scan Direction": "Forward",
          "Index Name": "person_id_cast_info",
          "Relation Name": "cast_info",
          "Alias": "ci",
          "Startup Cost": 0.56,
          "Total Cost": 987.07,
          "Plan Rows": 358,
          "Plan Width": 0,
          "Actual Startup Time": 6.931,
          "Actual Total Time": 6.936,
          "Actual Rows": 5,
          "Actual Loops": 1,
          "Index Cond": "(person_id = 3124713)",
          "Rows Removed by Index Recheck": 0,
          "Filter": "(role_id < 5)",
          "Rows Removed by Filter": 1
        }
      ]
    },
    "Planning Time": 0.088,
    "Triggers": [],
    "Execution Time": 6.958
  }
]