[
  {
    "Plan": {
      "Node Type": "Aggregate",
      "Strategy": "Plain",
      "Partial Mode": "Finalize",
      "Parallel Aware": false,
      "Startup Cost": 334359.46,
      "Total Cost": 334359.47,
      "Plan Rows": 1,
      "Plan Width": 8,
      "Actual Startup Time": 633.06,
      "Actual Total Time": 681.669,
      "Actual Rows": 1,
      "Actual Loops": 1,
      "Plans": [
        {
          "Node Type": "Gather",
          "Parent Relationship": "Outer",
          "Parallel Aware": false,
          "Startup Cost": 334358.84,
          "Total Cost": 334359.45,
          "Plan Rows": 6,
          "Plan Width": 8,
          "Actual Startup Time": 632.738,
          "Actual Total Time": 681.655,
          "Actual Rows": 7,
          "Actual Loops": 1,
          "Workers Planned": 6,
          "Workers Launched": 6,
          "Single Copy": false,
          "Plans": [
            {
              "Node Type": "Aggregate",
              "Strategy": "Plain",
              "Partial Mode": "Partial",
              "Parent Relationship": "Outer",
              "Parallel Aware": false,
              "Startup Cost": 333358.84,
              "Total Cost": 333358.85,
              "Plan Rows": 1,
              "Plan Width": 8,
              "Actual Startup Time": 625.488,
              "Actual Total Time": 625.49,
              "Actual Rows": 1,
              "Actual Loops": 7,
              "Plans": [
                {
                  "Node Type": "Seq Scan",
                  "Parent Relationship": "Outer",
                  "Parallel Aware": true,
                  "Relation Name": "cast_info",
                  "Alias": "ci",
                  "Startup Cost": 0.0,
                  "Total Cost": 328211.39,
                  "Plan Rows": 2058978,
                  "Plan Width": 0,
                  "Actual Startup Time": 258.933,
                  "Actual Total Time": 547.688,
                  "Actual Rows": 1741067,
                  "Actual Loops": 7,
                  "Filter": "(person_id > 2467429)",
                  "Rows Removed by Filter": 3436696
                }
              ]
            }
          ]
        }
      ]
    },
    "Planning Time": 0.107,
    "Triggers": [],
    "Execution Time": 681.746
  }
]