[
    {
        "Bao": {
            "Bao prediction": 2449.439,
            "Bao recommended hint": "(no hint)"
        }
    },
    {
        "Plan": {
            "Node Type": "Aggregate",
            "Strategy": "Plain",
            "Partial Mode": "Finalize",
            "Parallel Aware": false,
            "Startup Cost": 191076.15,
            "Total Cost": 191076.16,
            "Plan Rows": 1,
            "Plan Width": 64,
            "Actual Startup Time": 4795.564,
            "Actual Total Time": 5058.961,
            "Actual Rows": 1,
            "Actual Loops": 1,
            "Output": [
                "min(an1.name)",
                "min(t.title)"
            ],
            "Plans": [
                {
                    "Node Type": "Gather",
                    "Parent Relationship": "Outer",
                    "Parallel Aware": false,
                    "Startup Cost": 191075.82,
                    "Total Cost": 191076.13,
                    "Plan Rows": 3,
                    "Plan Width": 64,
                    "Actual Startup Time": 4776.731,
                    "Actual Total Time": 5058.948,
                    "Actual Rows": 4,
                    "Actual Loops": 1,
                    "Output": [
                        "(PARTIAL min(an1.name))",
                        "(PARTIAL min(t.title))"
                    ],
                    "Workers Planned": 3,
                    "Workers Launched": 3,
                    "Single Copy": false,
                    "Plans": [
                        {
                            "Node Type": "Aggregate",
                            "Strategy": "Plain",
                            "Partial Mode": "Partial",
                            "Parent Relationship": "Outer",
                            "Parallel Aware": false,
                            "Startup Cost": 190075.82,
                            "Total Cost": 190075.83,
                            "Plan Rows": 1,
                            "Plan Width": 64,
                            "Actual Startup Time": 4765.291,
                            "Actual Total Time": 4765.308,
                            "Actual Rows": 1,
                            "Actual Loops": 4,
                            "Output": [
                                "PARTIAL min(an1.name)",
                                "PARTIAL min(t.title)"
                            ],
                            "Workers": [
                                {
                                    "Worker Number": 0,
                                    "Actual Startup Time": 4760.228,
                                    "Actual Total Time": 4760.241,
                                    "Actual Rows": 1,
                                    "Actual Loops": 1
                                },
                                {
                                    "Worker Number": 1,
                                    "Actual Startup Time": 4760.31,
                                    "Actual Total Time": 4760.323,
                                    "Actual Rows": 1,
                                    "Actual Loops": 1
                                },
                                {
                                    "Worker Number": 2,
                                    "Actual Startup Time": 4765.697,
                                    "Actual Total Time": 4765.71,
                                    "Actual Rows": 1,
                                    "Actual Loops": 1
                                }
                            ],
                            "Plans": [
                                {
                                    "Node Type": "Hash Join",
                                    "Parent Relationship": "Outer",
                                    "Parallel Aware": true,
                                    "Join Type": "Inner",
                                    "Startup Cost": 173437.63,
                                    "Total Cost": 188899.9,
                                    "Plan Rows": 235184,
                                    "Plan Width": 33,
                                    "Actual Startup Time": 4531.17,
                                    "Actual Total Time": 4724.524,
                                    "Actual Rows": 482220,
                                    "Actual Loops": 4,
                                    "Output": [
                                        "an1.name",
                                        "t.title"
                                    ],
                                    "Inner Unique": false,
                                    "Hash Cond": "(an1.person_id = n1.id)",
                                    "Workers": [
                                        {
                                            "Worker Number": 0,
                                            "Actual Startup Time": 4526.439,
                                            "Actual Total Time": 4720.941,
                                            "Actual Rows": 509689,
                                            "Actual Loops": 1
                                        },
                                        {
                                            "Worker Number": 1,
                                            "Actual Startup Time": 4526.555,
                                            "Actual Total Time": 4721.617,
                                            "Actual Rows": 519379,
                                            "Actual Loops": 1
                                        },
                                        {
                                            "Worker Number": 2,
                                            "Actual Startup Time": 4531.949,
                                            "Actual Total Time": 4719.27,
                                            "Actual Rows": 382013,
                                            "Actual Loops": 1
                                        }
                                    ],
                                    "Plans": [
                                        {
                                            "Node Type": "Seq Scan",
                                            "Parent Relationship": "Outer",
                                            "Parallel Aware": true,
                                            "Relation Name": "aka_name",
                                            "Schema": "public",
                                            "Alias": "an1",
                                            "Startup Cost": 0.0,
                                            "Total Cost": 14303.56,
                                            "Plan Rows": 290756,
                                            "Plan Width": 20,
                                            "Actual Startup Time": 0.031,
                                            "Actual Total Time": 31.316,
                                            "Actual Rows": 225336,
                                            "Actual Loops": 4,
                                            "Output": [
                                                "an1.id",
                                                "an1.person_id",
                                                "an1.name",
                                                "an1.imdb_index",
                                                "an1.name_pcode_cf",
                                                "an1.name_pcode_nf",
                                                "an1.surname_pcode",
                                                "an1.md5sum"
                                            ],
                                            "Workers": [
                                                {
                                                    "Worker Number": 0,
                                                    "Actual Startup Time": 0.043,
                                                    "Actual Total Time": 30.461,
                                                    "Actual Rows": 235197,
                                                    "Actual Loops": 1
                                                },
                                                {
                                                    "Worker Number": 1,
                                                    "Actual Startup Time": 0.035,
                                                    "Actual Total Time": 30.873,
                                                    "Actual Rows": 239259,
                                                    "Actual Loops": 1
                                                },
                                                {
                                                    "Worker Number": 2,
                                                    "Actual Startup Time": 0.038,
                                                    "Actual Total Time": 32.718,
                                                    "Actual Rows": 179930,
                                                    "Actual Loops": 1
                                                }
                                            ]
                                        },
                                        {
                                            "Node Type": "Hash",
                                            "Parent Relationship": "Inner",
                                            "Parallel Aware": true,
                                            "Startup Cost": 172212.44,
                                            "Total Cost": 172212.44,
                                            "Plan Rows": 98015,
                                            "Plan Width": 25,
                                            "Actual Startup Time": 4527.625,
                                            "Actual Total Time": 4527.639,
                                            "Actual Rows": 425116,
                                            "Actual Loops": 4,
                                            "Output": [
                                                "ci.person_id",
                                                "n1.id",
                                                "t.title"
                                            ],
                                            "Hash Buckets": 2097152,
                                            "Original Hash Buckets": 524288,
                                            "Hash Batches": 1,
                                            "Original Hash Batches": 1,
                                            "Peak Memory Usage": 132416,
                                            "Workers": [
                                                {
                                                    "Worker Number": 0,
                                                    "Actual Startup Time": 4526.049,
                                                    "Actual Total Time": 4526.06,
                                                    "Actual Rows": 445054,
                                                    "Actual Loops": 1
                                                },
                                                {
                                                    "Worker Number": 1,
                                                    "Actual Startup Time": 4526.105,
                                                    "Actual Total Time": 4526.117,
                                                    "Actual Rows": 444674,
                                                    "Actual Loops": 1
                                                },
                                                {
                                                    "Worker Number": 2,
                                                    "Actual Startup Time": 4531.674,
                                                    "Actual Total Time": 4531.685,
                                                    "Actual Rows": 374686,
                                                    "Actual Loops": 1
                                                }
                                            ],
                                            "Plans": [
                                                {
                                                    "Node Type": "Nested Loop",
                                                    "Parent Relationship": "Outer",
                                                    "Parallel Aware": false,
                                                    "Join Type": "Inner",
                                                    "Startup Cost": 4794.62,
                                                    "Total Cost": 172212.44,
                                                    "Plan Rows": 98015,
                                                    "Plan Width": 25,
                                                    "Actual Startup Time": 20.022,
                                                    "Actual Total Time": 4196.018,
                                                    "Actual Rows": 425116,
                                                    "Actual Loops": 4,
                                                    "Output": [
                                                        "ci.person_id",
                                                        "n1.id",
                                                        "t.title"
                                                    ],
                                                    "Inner Unique": true,
                                                    "Workers": [
                                                        {
                                                            "Worker Number": 0,
                                                            "Actual Startup Time": 19.726,
                                                            "Actual Total Time": 4187.963,
                                                            "Actual Rows": 445054,
                                                            "Actual Loops": 1
                                                        },
                                                        {
                                                            "Worker Number": 1,
                                                            "Actual Startup Time": 19.697,
                                                            "Actual Total Time": 4197.795,
                                                            "Actual Rows": 444674,
                                                            "Actual Loops": 1
                                                        },
                                                        {
                                                            "Worker Number": 2,
                                                            "Actual Startup Time": 20.398,
                                                            "Actual Total Time": 4201.594,
                                                            "Actual Rows": 374686,
                                                            "Actual Loops": 1
                                                        }
                                                    ],
                                                    "Plans": [
                                                        {
                                                            "Node Type": "Hash Join",
                                                            "Parent Relationship": "Outer",
                                                            "Parallel Aware": false,
                                                            "Join Type": "Inner",
                                                            "Startup Cost": 4794.19,
                                                            "Total Cost": 127586.94,
                                                            "Plan Rows": 98015,
                                                            "Plan Width": 21,
                                                            "Actual Startup Time": 19.884,
                                                            "Actual Total Time": 2531.38,
                                                            "Actual Rows": 425116,
                                                            "Actual Loops": 4,
                                                            "Output": [
                                                                "ci.person_id",
                                                                "t.title"
                                                            ],
                                                            "Inner Unique": true,
                                                            "Hash Cond": "(ci.role_id = rt.id)",
                                                            "Workers": [
                                                                {
                                                                    "Worker Number": 0,
                                                                    "Actual Startup Time": 19.589,
                                                                    "Actual Total Time": 2534.93,
                                                                    "Actual Rows": 445054,
                                                                    "Actual Loops": 1
                                                                },
                                                                {
                                                                    "Worker Number": 1,
                                                                    "Actual Startup Time": 19.492,
                                                                    "Actual Total Time": 2531.809,
                                                                    "Actual Rows": 444674,
                                                                    "Actual Loops": 1
                                                                },
                                                                {
                                                                    "Worker Number": 2,
                                                                    "Actual Startup Time": 20.249,
                                                                    "Actual Total Time": 2534.495,
                                                                    "Actual Rows": 374686,
                                                                    "Actual Loops": 1
                                                                }
                                                            ],
                                                            "Plans": [
                                                                {
                                                                    "Node Type": "Nested Loop",
                                                                    "Parent Relationship": "Outer",
                                                                    "Parallel Aware": false,
                                                                    "Join Type": "Inner",
                                                                    "Startup Cost": 4793.03,
                                                                    "Total Cost": 123407.88,
                                                                    "Plan Rows": 1176182,
                                                                    "Plan Width": 25,
                                                                    "Actual Startup Time": 19.693,
                                                                    "Actual Total Time": 2361.658,
                                                                    "Actual Rows": 1221719,
                                                                    "Actual Loops": 4,
                                                                    "Output": [
                                                                        "ci.person_id",
                                                                        "ci.role_id",
                                                                        "t.title"
                                                                    ],
                                                                    "Inner Unique": false,
                                                                    "Workers": [
                                                                        {
                                                                            "Worker Number": 0,
                                                                            "Actual Startup Time": 19.323,
                                                                            "Actual Total Time": 2371.751,
                                                                            "Actual Rows": 1281873,
                                                                            "Actual Loops": 1
                                                                        },
                                                                        {
                                                                            "Worker Number": 1,
                                                                            "Actual Startup Time": 19.361,
                                                                            "Actual Total Time": 2373.879,
                                                                            "Actual Rows": 1282542,
                                                                            "Actual Loops": 1
                                                                        },
                                                                        {
                                                                            "Worker Number": 2,
                                                                            "Actual Startup Time": 20.029,
                                                                            "Actual Total Time": 2348.358,
                                                                            "Actual Rows": 1080819,
                                                                            "Actual Loops": 1
                                                                        }
                                                                    ],
                                                                    "Plans": [
                                                                        {
                                                                            "Node Type": "Nested Loop",
                                                                            "Parent Relationship": "Outer",
                                                                            "Parallel Aware": false,
                                                                            "Join Type": "Inner",
                                                                            "Startup Cost": 4792.46,
                                                                            "Total Cost": 51596.12,
                                                                            "Plan Rows": 33666,
                                                                            "Plan Width": 25,
                                                                            "Actual Startup Time": 19.586,
                                                                            "Actual Total Time": 369.292,
                                                                            "Actual Rows": 37033,
                                                                            "Actual Loops": 4,
                                                                            "Output": [
                                                                                "mc.movie_id",
                                                                                "t.title",
                                                                                "t.id"
                                                                            ],
                                                                            "Inner Unique": true,
                                                                            "Workers": [
                                                                                {
                                                                                    "Worker Number": 0,
                                                                                    "Actual Startup Time": 19.199,
                                                                                    "Actual Total Time": 365.778,
                                                                                    "Actual Rows": 39366,
                                                                                    "Actual Loops": 1
                                                                                },
                                                                                {
                                                                                    "Worker Number": 1,
                                                                                    "Actual Startup Time": 19.246,
                                                                                    "Actual Total Time": 369.237,
                                                                                    "Actual Rows": 38351,
                                                                                    "Actual Loops": 1
                                                                                },
                                                                                {
                                                                                    "Worker Number": 2,
                                                                                    "Actual Startup Time": 19.921,
                                                                                    "Actual Total Time": 378.095,
                                                                                    "Actual Rows": 32347,
                                                                                    "Actual Loops": 1
                                                                                }
                                                                            ],
                                                                            "Plans": [
                                                                                {
                                                                                    "Node Type": "Hash Join",
                                                                                    "Parent Relationship": "Outer",
                                                                                    "Parallel Aware": true,
                                                                                    "Join Type": "Inner",
                                                                                    "Startup Cost": 4792.03,
                                                                                    "Total Cost": 34207.97,
                                                                                    "Plan Rows": 33666,
                                                                                    "Plan Width": 4,
                                                                                    "Actual Startup Time": 19.471,
                                                                                    "Actual Total Time": 195.775,
                                                                                    "Actual Rows": 37033,
                                                                                    "Actual Loops": 4,
                                                                                    "Output": [
                                                                                        "mc.movie_id"
                                                                                    ],
                                                                                    "Inner Unique": true,
                                                                                    "Hash Cond": "(mc.company_id = cn.id)",
                                                                                    "Workers": [
                                                                                        {
                                                                                            "Worker Number": 0,
                                                                                            "Actual Startup Time": 19.098,
                                                                                            "Actual Total Time": 194.737,
                                                                                            "Actual Rows": 39366,
                                                                                            "Actual Loops": 1
                                                                                        },
                                                                                        {
                                                                                            "Worker Number": 1,
                                                                                            "Actual Startup Time": 19.103,
                                                                                            "Actual Total Time": 193.558,
                                                                                            "Actual Rows": 38351,
                                                                                            "Actual Loops": 1
                                                                                        },
                                                                                        {
                                                                                            "Worker Number": 2,
                                                                                            "Actual Startup Time": 19.795,
                                                                                            "Actual Total Time": 203.158,
                                                                                            "Actual Rows": 32347,
                                                                                            "Actual Loops": 1
                                                                                        }
                                                                                    ],
                                                                                    "Plans": [
                                                                                        {
                                                                                            "Node Type": "Seq Scan",
                                                                                            "Parent Relationship": "Outer",
                                                                                            "Parallel Aware": true,
                                                                                            "Relation Name": "movie_companies",
                                                                                            "Schema": "public",
                                                                                            "Alias": "mc",
                                                                                            "Startup Cost": 0.0,
                                                                                            "Total Cost": 27206.55,
                                                                                            "Plan Rows": 841655,
                                                                                            "Plan Width": 8,
                                                                                            "Actual Startup Time": 0.024,
                                                                                            "Actual Total Time": 72.27,
                                                                                            "Actual Rows": 652282,
                                                                                            "Actual Loops": 4,
                                                                                            "Output": [
                                                                                                "mc.id",
                                                                                                "mc.movie_id",
                                                                                                "mc.company_id",
                                                                                                "mc.company_type_id",
                                                                                                "mc.note"
                                                                                            ],
                                                                                            "Workers": [
                                                                                                {
                                                                                                    "Worker Number": 0,
                                                                                                    "Actual Startup Time": 0.022,
                                                                                                    "Actual Total Time": 72.141,
                                                                                                    "Actual Rows": 697811,
                                                                                                    "Actual Loops": 1
                                                                                                },
                                                                                                {
                                                                                                    "Worker Number": 1,
                                                                                                    "Actual Startup Time": 0.044,
                                                                                                    "Actual Total Time": 70.415,
                                                                                                    "Actual Rows": 703114,
                                                                                                    "Actual Loops": 1
                                                                                                },
                                                                                                {
                                                                                                    "Worker Number": 2,
                                                                                                    "Actual Startup Time": 0.023,
                                                                                                    "Actual Total Time": 75.541,
                                                                                                    "Actual Rows": 550166,
                                                                                                    "Actual Loops": 1
                                                                                                }
                                                                                            ]
                                                                                        },
                                                                                        {
                                                                                            "Node Type": "Hash",
                                                                                            "Parent Relationship": "Inner",
                                                                                            "Parallel Aware": true,
                                                                                            "Startup Cost": 4722.92,
                                                                                            "Total Cost": 4722.92,
                                                                                            "Plan Rows": 5529,
                                                                                            "Plan Width": 4,
                                                                                            "Actual Startup Time": 19.306,
                                                                                            "Actual Total Time": 19.308,
                                                                                            "Actual Rows": 2444,
                                                                                            "Actual Loops": 4,
                                                                                            "Output": [
                                                                                                "cn.id"
                                                                                            ],
                                                                                            "Hash Buckets": 16384,
                                                                                            "Original Hash Buckets": 16384,
                                                                                            "Hash Batches": 1,
                                                                                            "Original Hash Batches": 1,
                                                                                            "Peak Memory Usage": 544,
                                                                                            "Workers": [
                                                                                                {
                                                                                                    "Worker Number": 0,
                                                                                                    "Actual Startup Time": 18.92,
                                                                                                    "Actual Total Time": 18.921,
                                                                                                    "Actual Rows": 2092,
                                                                                                    "Actual Loops": 1
                                                                                                },
                                                                                                {
                                                                                                    "Worker Number": 1,
                                                                                                    "Actual Startup Time": 18.988,
                                                                                                    "Actual Total Time": 18.989,
                                                                                                    "Actual Rows": 2033,
                                                                                                    "Actual Loops": 1
                                                                                                },
                                                                                                {
                                                                                                    "Worker Number": 2,
                                                                                                    "Actual Startup Time": 19.712,
                                                                                                    "Actual Total Time": 19.713,
                                                                                                    "Actual Rows": 3217,
                                                                                                    "Actual Loops": 1
                                                                                                }
                                                                                            ],
                                                                                            "Plans": [
                                                                                                {
                                                                                                    "Node Type": "Seq Scan",
                                                                                                    "Parent Relationship": "Outer",
                                                                                                    "Parallel Aware": true,
                                                                                                    "Relation Name": "company_name",
                                                                                                    "Schema": "public",
                                                                                                    "Alias": "cn",
                                                                                                    "Startup Cost": 0.0,
                                                                                                    "Total Cost": 4722.92,
                                                                                                    "Plan Rows": 5529,
                                                                                                    "Plan Width": 4,
                                                                                                    "Actual Startup Time": 0.039,
                                                                                                    "Actual Total Time": 17.793,
                                                                                                    "Actual Rows": 2444,
                                                                                                    "Actual Loops": 4,
                                                                                                    "Output": [
                                                                                                        "cn.id"
                                                                                                    ],
                                                                                                    "Filter": "((cn.country_code)::text = '[de]'::text)",
                                                                                                    "Rows Removed by Filter": 56306,
                                                                                                    "Workers": [
                                                                                                        {
                                                                                                            "Worker Number": 0,
                                                                                                            "Actual Startup Time": 0.051,
                                                                                                            "Actual Total Time": 17.433,
                                                                                                            "Actual Rows": 2092,
                                                                                                            "Actual Loops": 1
                                                                                                        },
                                                                                                        {
                                                                                                            "Worker Number": 1,
                                                                                                            "Actual Startup Time": 0.055,
                                                                                                            "Actual Total Time": 17.466,
                                                                                                            "Actual Rows": 2033,
                                                                                                            "Actual Loops": 1
                                                                                                        },
                                                                                                        {
                                                                                                            "Worker Number": 2,
                                                                                                            "Actual Startup Time": 0.027,
                                                                                                            "Actual Total Time": 18.221,
                                                                                                            "Actual Rows": 3217,
                                                                                                            "Actual Loops": 1
                                                                                                        }
                                                                                                    ]
                                                                                                }
                                                                                            ]
                                                                                        }
                                                                                    ]
                                                                                },
                                                                                {
                                                                                    "Node Type": "Index Scan",
                                                                                    "Parent Relationship": "Inner",
                                                                                    "Parallel Aware": false,
                                                                                    "Scan Direction": "Forward",
                                                                                    "Index Name": "title_pkey",
                                                                                    "Relation Name": "title",
                                                                                    "Schema": "public",
                                                                                    "Alias": "t",
                                                                                    "Startup Cost": 0.43,
                                                                                    "Total Cost": 0.52,
                                                                                    "Plan Rows": 1,
                                                                                    "Plan Width": 21,
                                                                                    "Actual Startup Time": 0.004,
                                                                                    "Actual Total Time": 0.004,
                                                                                    "Actual Rows": 1,
                                                                                    "Actual Loops": 148132,
                                                                                    "Output": [
                                                                                        "t.id",
                                                                                        "t.title",
                                                                                        "t.imdb_index",
                                                                                        "t.kind_id",
                                                                                        "t.production_year",
                                                                                        "t.imdb_id",
                                                                                        "t.phonetic_code",
                                                                                        "t.episode_of_id",
                                                                                        "t.season_nr",
                                                                                        "t.episode_nr",
                                                                                        "t.series_years",
                                                                                        "t.md5sum"
                                                                                    ],
                                                                                    "Index Cond": "(t.id = mc.movie_id)",
                                                                                    "Rows Removed by Index Recheck": 0,
                                                                                    "Workers": [
                                                                                        {
                                                                                            "Worker Number": 0,
                                                                                            "Actual Startup Time": 0.004,
                                                                                            "Actual Total Time": 0.004,
                                                                                            "Actual Rows": 1,
                                                                                            "Actual Loops": 39366
                                                                                        },
                                                                                        {
                                                                                            "Worker Number": 1,
                                                                                            "Actual Startup Time": 0.004,
                                                                                            "Actual Total Time": 0.004,
                                                                                            "Actual Rows": 1,
                                                                                            "Actual Loops": 38351
                                                                                        },
                                                                                        {
                                                                                            "Worker Number": 2,
                                                                                            "Actual Startup Time": 0.005,
                                                                                            "Actual Total Time": 0.005,
                                                                                            "Actual Rows": 1,
                                                                                            "Actual Loops": 32347
                                                                                        }
                                                                                    ]
                                                                                }
                                                                            ]
                                                                        },
                                                                        {
                                                                            "Node Type": "Index Scan",
                                                                            "Parent Relationship": "Inner",
                                                                            "Parallel Aware": false,
                                                                            "Scan Direction": "Forward",
                                                                            "Index Name": "movie_id_cast_info",
                                                                            "Relation Name": "cast_info",
                                                                            "Schema": "public",
                                                                            "Alias": "ci",
                                                                            "Startup Cost": 0.56,
                                                                            "Total Cost": 1.78,
                                                                            "Plan Rows": 35,
                                                                            "Plan Width": 12,
                                                                            "Actual Startup Time": 0.008,
                                                                            "Actual Total Time": 0.048,
                                                                            "Actual Rows": 33,
                                                                            "Actual Loops": 148132,
                                                                            "Output": [
                                                                                "ci.id",
                                                                                "ci.person_id",
                                                                                "ci.movie_id",
                                                                                "ci.person_role_id",
                                                                                "ci.note",
                                                                                "ci.nr_order",
                                                                                "ci.role_id"
                                                                            ],
                                                                            "Index Cond": "(ci.movie_id = t.id)",
                                                                            "Rows Removed by Index Recheck": 0,
                                                                            "Workers": [
                                                                                {
                                                                                    "Worker Number": 0,
                                                                                    "Actual Startup Time": 0.007,
                                                                                    "Actual Total Time": 0.046,
                                                                                    "Actual Rows": 33,
                                                                                    "Actual Loops": 39366
                                                                                },
                                                                                {
                                                                                    "Worker Number": 1,
                                                                                    "Actual Startup Time": 0.008,
                                                                                    "Actual Total Time": 0.047,
                                                                                    "Actual Rows": 33,
                                                                                    "Actual Loops": 38351
                                                                                },
                                                                                {
                                                                                    "Worker Number": 2,
                                                                                    "Actual Startup Time": 0.009,
                                                                                    "Actual Total Time": 0.054,
                                                                                    "Actual Rows": 33,
                                                                                    "Actual Loops": 32347
                                                                                }
                                                                            ]
                                                                        }
                                                                    ]
                                                                },
                                                                {
                                                                    "Node Type": "Hash",
                                                                    "Parent Relationship": "Inner",
                                                                    "Parallel Aware": false,
                                                                    "Startup Cost": 1.15,
                                                                    "Total Cost": 1.15,
                                                                    "Plan Rows": 1,
                                                                    "Plan Width": 4,
                                                                    "Actual Startup Time": 0.074,
                                                                    "Actual Total Time": 0.074,
                                                                    "Actual Rows": 1,
                                                                    "Actual Loops": 4,
                                                                    "Output": [
                                                                        "rt.id"
                                                                    ],
                                                                    "Hash Buckets": 1024,
                                                                    "Original Hash Buckets": 1024,
                                                                    "Hash Batches": 1,
                                                                    "Original Hash Batches": 1,
                                                                    "Peak Memory Usage": 9,
                                                                    "Workers": [
                                                                        {
                                                                            "Worker Number": 0,
                                                                            "Actual Startup Time": 0.098,
                                                                            "Actual Total Time": 0.099,
                                                                            "Actual Rows": 1,
                                                                            "Actual Loops": 1
                                                                        },
                                                                        {
                                                                            "Worker Number": 1,
                                                                            "Actual Startup Time": 0.094,
                                                                            "Actual Total Time": 0.095,
                                                                            "Actual Rows": 1,
                                                                            "Actual Loops": 1
                                                                        },
                                                                        {
                                                                            "Worker Number": 2,
                                                                            "Actual Startup Time": 0.059,
                                                                            "Actual Total Time": 0.059,
                                                                            "Actual Rows": 1,
                                                                            "Actual Loops": 1
                                                                        }
                                                                    ],
                                                                    "Plans": [
                                                                        {
                                                                            "Node Type": "Seq Scan",
                                                                            "Parent Relationship": "Outer",
                                                                            "Parallel Aware": false,
                                                                            "Relation Name": "role_type",
                                                                            "Schema": "public",
                                                                            "Alias": "rt",
                                                                            "Startup Cost": 0.0,
                                                                            "Total Cost": 1.15,
                                                                            "Plan Rows": 1,
                                                                            "Plan Width": 4,
                                                                            "Actual Startup Time": 0.051,
                                                                            "Actual Total Time": 0.056,
                                                                            "Actual Rows": 1,
                                                                            "Actual Loops": 4,
                                                                            "Output": [
                                                                                "rt.id"
                                                                            ],
                                                                            "Filter": "((rt.role)::text = 'actor'::text)",
                                                                            "Rows Removed by Filter": 11,
                                                                            "Workers": [
                                                                                {
                                                                                    "Worker Number": 0,
                                                                                    "Actual Startup Time": 0.069,
                                                                                    "Actual Total Time": 0.074,
                                                                                    "Actual Rows": 1,
                                                                                    "Actual Loops": 1
                                                                                },
                                                                                {
                                                                                    "Worker Number": 1,
                                                                                    "Actual Startup Time": 0.067,
                                                                                    "Actual Total Time": 0.072,
                                                                                    "Actual Rows": 1,
                                                                                    "Actual Loops": 1
                                                                                },
                                                                                {
                                                                                    "Worker Number": 2,
                                                                                    "Actual Startup Time": 0.044,
                                                                                    "Actual Total Time": 0.046,
                                                                                    "Actual Rows": 1,
                                                                                    "Actual Loops": 1
                                                                                }
                                                                            ]
                                                                        }
                                                                    ]
                                                                }
                                                            ]
                                                        },
                                                        {
                                                            "Node Type": "Index Only Scan",
                                                            "Parent Relationship": "Inner",
                                                            "Parallel Aware": false,
                                                            "Scan Direction": "Forward",
                                                            "Index Name": "name_pkey",
                                                            "Relation Name": "name",
                                                            "Schema": "public",
                                                            "Alias": "n1",
                                                            "Startup Cost": 0.43,
                                                            "Total Cost": 0.46,
                                                            "Plan Rows": 1,
                                                            "Plan Width": 4,
                                                            "Actual Startup Time": 0.004,
                                                            "Actual Total Time": 0.004,
                                                            "Actual Rows": 1,
                                                            "Actual Loops": 1700463,
                                                            "Output": [
                                                                "n1.id"
                                                            ],
                                                            "Index Cond": "(n1.id = ci.person_id)",
                                                            "Rows Removed by Index Recheck": 0,
                                                            "Heap Fetches": 1700463,
                                                            "Workers": [
                                                                {
                                                                    "Worker Number": 0,
                                                                    "Actual Startup Time": 0.003,
                                                                    "Actual Total Time": 0.003,
                                                                    "Actual Rows": 1,
                                                                    "Actual Loops": 445054
                                                                },
                                                                {
                                                                    "Worker Number": 1,
                                                                    "Actual Startup Time": 0.003,
                                                                    "Actual Total Time": 0.003,
                                                                    "Actual Rows": 1,
                                                                    "Actual Loops": 444674
                                                                },
                                                                {
                                                                    "Worker Number": 2,
                                                                    "Actual Startup Time": 0.004,
                                                                    "Actual Total Time": 0.004,
                                                                    "Actual Rows": 1,
                                                                    "Actual Loops": 374686
                                                                }
                                                            ]
                                                        }
                                                    ]
                                                }
                                            ]
                                        }
                                    ]
                                }
                            ]
                        }
                    ]
                }
            ]
        },
        "Planning Time": 781.58,
        "Triggers": [],
        "Execution Time": 5059.951
    }
]