[
  {
    "Plan": {
      "Node Type": "Aggregate",
      "Strategy": "Plain",
      "Partial Mode": "Finalize",
      "Parallel Aware": false,
      "Startup Cost": 357349.47,
      "Total Cost": 357349.48,
      "Plan Rows": 1,
      "Plan Width": 8,
      "Actual Startup Time": 918.505,
      "Actual Total Time": 960.7,
      "Actual Rows": 1,
      "Actual Loops": 1,
      "Plans": [
        {
          "Node Type": "Gather",
          "Parent Relationship": "Outer",
          "Parallel Aware": false,
          "Startup Cost": 357348.85,
          "Total Cost": 357349.46,
          "Plan Rows": 6,
          "Plan Width": 8,
          "Actual Startup Time": 918.302,
          "Actual Total Time": 960.678,
          "Actual Rows": 7,
          "Actual Loops": 1,
          "Workers Planned": 6,
          "Workers Launched": 6,
          "Single Copy": false,
          "Plans": [
            {
              "Node Type": "Aggregate",
              "Strategy": "Plain",
              "Partial Mode": "Partial",
              "Parent Relationship": "Outer",
              "Parallel Aware": false,
              "Startup Cost": 356348.85,
              "Total Cost": 356348.86,
              "Plan Rows": 1,
              "Plan Width": 8,
              "Actual Startup Time": 909.991,
              "Actual Total Time": 909.993,
              "Actual Rows": 1,
              "Actual Loops": 7,
              "Plans": [
                {
                  "Node Type": "Seq Scan",
                  "Parent Relationship": "Outer",
                  "Parallel Aware": true,
                  "Relation Name": "cast_info",
                  "Alias": "ci",
                  "Startup Cost": 0.0,
                  "Total Cost": 343316.27,
                  "Plan Rows": 5213031,
                  "Plan Width": 0,
                  "Actual Startup Time": 7.793,
                  "Actual Total Time": 709.929,
                  "Actual Rows": 4459864,
                  "Actual Loops": 7,
                  "Filter": "((person_id > 45617) AND (role_id < 10))",
                  "Rows Removed by Filter": 717900
                }
              ]
            }
          ]
        }
      ]
    },
    "Planning Time": 0.118,
    "Triggers": [],
    "Execution Time": 960.745
  }
]