[
  {
    "Plan": {
      "Node Type": "Aggregate",
      "Strategy": "Plain",
      "Partial Mode": "Finalize",
      "Parallel Aware": false,
      "Startup Cost": 357254.33,
      "Total Cost": 357254.34,
      "Plan Rows": 1,
      "Plan Width": 8,
      "Actual Startup Time": 1075.366,
      "Actual Total Time": 1133.536,
      "Actual Rows": 1,
      "Actual Loops": 1,
      "Plans": [
        {
          "Node Type": "Gather",
          "Parent Relationship": "Outer",
          "Parallel Aware": false,
          "Startup Cost": 357253.7,
          "Total Cost": 357254.31,
          "Plan Rows": 6,
          "Plan Width": 8,
          "Actual Startup Time": 1075.243,
          "Actual Total Time": 1133.513,
          "Actual Rows": 7,
          "Actual Loops": 1,
          "Workers Planned": 6,
          "Workers Launched": 6,
          "Single Copy": false,
          "Plans": [
            {
              "Node Type": "Aggregate",
              "Strategy": "Plain",
              "Partial Mode": "Partial",
              "Parent Relationship": "Outer",
              "Parallel Aware": false,
              "Startup Cost": 356253.7,
              "Total Cost": 356253.71,
              "Plan Rows": 1,
              "Plan Width": 8,
              "Actual Startup Time": 1064.053,
              "Actual Total Time": 1064.054,
              "Actual Rows": 1,
              "Actual Loops": 7,
              "Plans": [
                {
                  "Node Type": "Seq Scan",
                  "Parent Relationship": "Outer",
                  "Parallel Aware": true,
                  "Relation Name": "cast_info",
                  "Alias": "ci",
                  "Startup Cost": 0.0,
                  "Total Cost": 343257.03,
                  "Plan Rows": 5198669,
                  "Plan Width": 0,
                  "Actual Startup Time": 13.785,
                  "Actual Total Time": 840.257,
                  "Actual Rows": 4459864,
                  "Actual Loops": 7,
                  "Filter": "((person_id > 45617) AND (role_id < 10))",
                  "Rows Removed by Filter": 717900
                }
              ]
            }
          ]
        }
      ]
    },
    "Planning Time": 0.219,
    "Triggers": [],
    "Execution Time": 1133.611
  }
]