[
  {
    "Plan": {
      "Node Type": "Aggregate",
      "Strategy": "Plain",
      "Partial Mode": "Finalize",
      "Parallel Aware": false,
      "Startup Cost": 81958.88,
      "Total Cost": 81958.89,
      "Plan Rows": 1,
      "Plan Width": 8,
      "Actual Startup Time": 365.861,
      "Actual Total Time": 381.189,
      "Actual Rows": 1,
      "Actual Loops": 1,
      "Plans": [
        {
          "Node Type": "Gather",
          "Parent Relationship": "Outer",
          "Parallel Aware": false,
          "Startup Cost": 81958.57,
          "Total Cost": 81958.88,
          "Plan Rows": 3,
          "Plan Width": 8,
          "Actual Startup Time": 361.346,
          "Actual Total Time": 381.176,
          "Actual Rows": 4,
          "Actual Loops": 1,
          "Workers Planned": 3,
          "Workers Launched": 3,
          "Single Copy": false,
          "Plans": [
            {
              "Node Type": "Aggregate",
              "Strategy": "Plain",
              "Partial Mode": "Partial",
              "Parent Relationship": "Outer",
              "Parallel Aware": false,
              "Startup Cost": 80958.57,
              "Total Cost": 80958.58,
              "Plan Rows": 1,
              "Plan Width": 8,
              "Actual Startup Time": 350.461,
              "Actual Total Time": 350.465,
              "Actual Rows": 1,
              "Actual Loops": 4,
              "Plans": [
                {
                  "Node Type": "Hash Join",
                  "Parent Relationship": "Outer",
                  "Parallel Aware": true,
                  "Join Type": "Inner",
                  "Startup Cost": 48789.34,
                  "Total Cost": 80743.43,
                  "Plan Rows": 86055,
                  "Plan Width": 0,
                  "Actual Startup Time": 257.158,
                  "Actual Total Time": 349.246,
                  "Actual Rows": 29894,
                  "Actual Loops": 4,
                  "Inner Unique": true,
                  "Hash Cond": "(mc.movie_id = t.id)",
                  "Plans": [
                    {
                      "Node Type": "Seq Scan",
                      "Parent Relationship": "Outer",
                      "Parallel Aware": true,
                      "Relation Name": "movie_companies",
                      "Alias": "mc",
                      "Startup Cost": 0.0,
                      "Total Cost": 31414.82,
                      "Plan Rows": 205438,
                      "Plan Width": 4,
                      "Actual Startup Time": 30.765,
                      "Actual Total Time": 65.504,
                      "Actual Rows": 222682,
                      "Actual Loops": 4,
                      "Filter": "((company_id > 11820) AND (company_type_id = 2))",
                      "Rows Removed by Filter": 429600
                    },
                    {
                      "Node Type": "Hash",
                      "Parent Relationship": "Inner",
                      "Parallel Aware": true,
                      "Startup Cost": 45479.59,
                      "Total Cost": 45479.59,
                      "Plan Rows": 264780,
                      "Plan Width": 4,
                      "Actual Startup Time": 218.897,
                      "Actual Total Time": 218.899,
                      "Actual Rows": 287237,
                      "Actual Loops": 4,
                      "Hash Buckets": 2097152,
                      "Original Hash Buckets": 2097152,
                      "Hash Batches": 1,
                      "Original Hash Batches": 1,
                      "Peak Memory Usage": 61408,
                      "Plans": [
                        {
                          "Node Type": "Seq Scan",
                          "Parent Relationship": "Outer",
                          "Parallel Aware": true,
                          "Relation Name": "title",
                          "Alias": "t",
                          "Startup Cost": 0.0,
                          "Total Cost": 45479.59,
                          "Plan Rows": 264780,
                          "Plan Width": 4,
                          "Actual Startup Time": 0.037,
                          "Actual Total Time": 107.314,
                          "Actual Rows": 287237,
                          "Actual Loops": 4,
                          "Filter": "((production_year > 1991) AND (kind_id = 7))",
                          "Rows Removed by Filter": 344841
                        }
                      ]
                    }
                  ]
                }
              ]
            }
          ]
        }
      ]
    },
    "Planning Time": 0.677,
    "Triggers": [],
    "Execution Time": 381.257
  }
]