{
    "Plan": {
        "Node Type": "Aggregate",
        "Strategy": "Plain",
        "Partial Mode": "Finalize",
        "Parallel Aware": false,
        "Startup Cost": 251270.64,
        "Total Cost": 251270.65,
        "Plan Rows": 1,
        "Plan Width": 8,
        "Actual Startup Time": 656.581,
        "Actual Total Time": 695.686,
        "Actual Rows": 1,
        "Actual Loops": 1,
        "Output": [
            "count(*)"
        ],
        "Plans": [
            {
                "Node Type": "Gather",
                "Parent Relationship": "Outer",
                "Parallel Aware": false,
                "Startup Cost": 251270.11,
                "Total Cost": 251270.62,
                "Plan Rows": 5,
                "Plan Width": 8,
                "Actual Startup Time": 654.699,
                "Actual Total Time": 695.675,
                "Actual Rows": 6,
                "Actual Loops": 1,
                "Output": [
                    "(PARTIAL count(*))"
                ],
                "Workers Planned": 5,
                "Workers Launched": 5,
                "Single Copy": false,
                "Plans": [
                    {
                        "Node Type": "Aggregate",
                        "Strategy": "Plain",
                        "Partial Mode": "Partial",
                        "Parent Relationship": "Outer",
                        "Parallel Aware": false,
                        "Startup Cost": 250270.11,
                        "Total Cost": 250270.12,
                        "Plan Rows": 1,
                        "Plan Width": 8,
                        "Actual Startup Time": 644.929,
                        "Actual Total Time": 644.973,
                        "Actual Rows": 1,
                        "Actual Loops": 6,
                        "Output": [
                            "PARTIAL count(*)"
                        ],
                        "Workers": [
                            {
                                "Worker Number": 0,
                                "Actual Startup Time": 642.409,
                                "Actual Total Time": 642.412,
                                "Actual Rows": 1,
                                "Actual Loops": 1
                            },
                            {
                                "Worker Number": 1,
                                "Actual Startup Time": 642.774,
                                "Actual Total Time": 642.777,
                                "Actual Rows": 1,
                                "Actual Loops": 1
                            },
                            {
                                "Worker Number": 2,
                                "Actual Startup Time": 643.146,
                                "Actual Total Time": 643.149,
                                "Actual Rows": 1,
                                "Actual Loops": 1
                            },
                            {
                                "Worker Number": 3,
                                "Actual Startup Time": 643.237,
                                "Actual Total Time": 643.239,
                                "Actual Rows": 1,
                                "Actual Loops": 1
                            },
                            {
                                "Worker Number": 4,
                                "Actual Startup Time": 644.183,
                                "Actual Total Time": 644.186,
                                "Actual Rows": 1,
                                "Actual Loops": 1
                            }
                        ],
                        "Plans": [
                            {
                                "Node Type": "Hash Join",
                                "Parent Relationship": "Outer",
                                "Parallel Aware": true,
                                "Join Type": "Inner",
                                "Startup Cost": 46068.47,
                                "Total Cost": 249917.24,
                                "Plan Rows": 141150,
                                "Plan Width": 0,
                                "Actual Startup Time": 123.031,
                                "Actual Total Time": 627.145,
                                "Actual Rows": 413911,
                                "Actual Loops": 6,
                                "Inner Unique": true,
                                "Hash Cond": "(mi.movie_id = t.id)",
                                "Workers": [
                                    {
                                        "Worker Number": 0,
                                        "Actual Startup Time": 120.575,
                                        "Actual Total Time": 625.249,
                                        "Actual Rows": 428127,
                                        "Actual Loops": 1
                                    },
                                    {
                                        "Worker Number": 1,
                                        "Actual Startup Time": 120.943,
                                        "Actual Total Time": 625.798,
                                        "Actual Rows": 426962,
                                        "Actual Loops": 1
                                    },
                                    {
                                        "Worker Number": 2,
                                        "Actual Startup Time": 121.318,
                                        "Actual Total Time": 626.124,
                                        "Actual Rows": 424590,
                                        "Actual Loops": 1
                                    },
                                    {
                                        "Worker Number": 3,
                                        "Actual Startup Time": 121.409,
                                        "Actual Total Time": 625.949,
                                        "Actual Rows": 429783,
                                        "Actual Loops": 1
                                    },
                                    {
                                        "Worker Number": 4,
                                        "Actual Startup Time": 121.948,
                                        "Actual Total Time": 626.164,
                                        "Actual Rows": 273626,
                                        "Actual Loops": 1
                                    }
                                ],
                                "Plans": [
                                    {
                                        "Node Type": "Seq Scan",
                                        "Parent Relationship": "Outer",
                                        "Parallel Aware": true,
                                        "Relation Name": "movie_info",
                                        "Schema": "public",
                                        "Alias": "mi",
                                        "Startup Cost": 0.0,
                                        "Total Cost": 198880.74,
                                        "Plan Rows": 1892579,
                                        "Plan Width": 4,
                                        "Actual Startup Time": 14.227,
                                        "Actual Total Time": 299.277,
                                        "Actual Rows": 1570867,
                                        "Actual Loops": 6,
                                        "Output": [
                                            "mi.id",
                                            "mi.movie_id",
                                            "mi.info_type_id",
                                            "mi.info",
                                            "mi.note"
                                        ],
                                        "Filter": "(mi.info_type_id > 5)",
                                        "Rows Removed by Filter": 901753,
                                        "Workers": [
                                            {
                                                "Worker Number": 0,
                                                "Actual Startup Time": 14.231,
                                                "Actual Total Time": 303.166,
                                                "Actual Rows": 1610448,
                                                "Actual Loops": 1
                                            },
                                            {
                                                "Worker Number": 1,
                                                "Actual Startup Time": 14.218,
                                                "Actual Total Time": 302.892,
                                                "Actual Rows": 1611808,
                                                "Actual Loops": 1
                                            },
                                            {
                                                "Worker Number": 2,
                                                "Actual Startup Time": 14.231,
                                                "Actual Total Time": 302.615,
                                                "Actual Rows": 1598608,
                                                "Actual Loops": 1
                                            },
                                            {
                                                "Worker Number": 3,
                                                "Actual Startup Time": 14.227,
                                                "Actual Total Time": 302.523,
                                                "Actual Rows": 1613643,
                                                "Actual Loops": 1
                                            },
                                            {
                                                "Worker Number": 4,
                                                "Actual Startup Time": 14.227,
                                                "Actual Total Time": 309.368,
                                                "Actual Rows": 1033768,
                                                "Actual Loops": 1
                                            }
                                        ]
                                    },
                                    {
                                        "Node Type": "Hash",
                                        "Parent Relationship": "Inner",
                                        "Parallel Aware": true,
                                        "Startup Cost": 45479.21,
                                        "Total Cost": 45479.21,
                                        "Plan Rows": 47141,
                                        "Plan Width": 4,
                                        "Actual Startup Time": 95.201,
                                        "Actual Total Time": 95.202,
                                        "Actual Rows": 53504,
                                        "Actual Loops": 6,
                                        "Output": [
                                            "t.id"
                                        ],
                                        "Hash Buckets": 524288,
                                        "Original Hash Buckets": 262144,
                                        "Hash Batches": 1,
                                        "Original Hash Batches": 1,
                                        "Peak Memory Usage": 18816,
                                        "Workers": [
                                            {
                                                "Worker Number": 0,
                                                "Actual Startup Time": 94.092,
                                                "Actual Total Time": 94.092,
                                                "Actual Rows": 54307,
                                                "Actual Loops": 1
                                            },
                                            {
                                                "Worker Number": 1,
                                                "Actual Startup Time": 94.469,
                                                "Actual Total Time": 94.47,
                                                "Actual Rows": 54267,
                                                "Actual Loops": 1
                                            },
                                            {
                                                "Worker Number": 2,
                                                "Actual Startup Time": 94.825,
                                                "Actual Total Time": 94.826,
                                                "Actual Rows": 54556,
                                                "Actual Loops": 1
                                            },
                                            {
                                                "Worker Number": 3,
                                                "Actual Startup Time": 94.889,
                                                "Actual Total Time": 94.89,
                                                "Actual Rows": 55003,
                                                "Actual Loops": 1
                                            },
                                            {
                                                "Worker Number": 4,
                                                "Actual Startup Time": 95.472,
                                                "Actual Total Time": 95.473,
                                                "Actual Rows": 36222,
                                                "Actual Loops": 1
                                            }
                                        ],
                                        "Plans": [
                                            {
                                                "Node Type": "Seq Scan",
                                                "Parent Relationship": "Outer",
                                                "Parallel Aware": true,
                                                "Relation Name": "title",
                                                "Schema": "public",
                                                "Alias": "t",
                                                "Startup Cost": 0.0,
                                                "Total Cost": 45479.21,
                                                "Plan Rows": 47141,
                                                "Plan Width": 4,
                                                "Actual Startup Time": 47.223,
                                                "Actual Total Time": 74.77,
                                                "Actual Rows": 53504,
                                                "Actual Loops": 6,
                                                "Output": [
                                                    "t.id"
                                                ],
                                                "Filter": "((t.production_year < 1991) AND (t.kind_id = 1))",
                                                "Rows Removed by Filter": 367881,
                                                "Workers": [
                                                    {
                                                        "Worker Number": 0,
                                                        "Actual Startup Time": 45.989,
                                                        "Actual Total Time": 73.854,
                                                        "Actual Rows": 54307,
                                                        "Actual Loops": 1
                                                    },
                                                    {
                                                        "Worker Number": 1,
                                                        "Actual Startup Time": 46.428,
                                                        "Actual Total Time": 74.383,
                                                        "Actual Rows": 54267,
                                                        "Actual Loops": 1
                                                    },
                                                    {
                                                        "Worker Number": 2,
                                                        "Actual Startup Time": 46.72,
                                                        "Actual Total Time": 74.759,
                                                        "Actual Rows": 54556,
                                                        "Actual Loops": 1
                                                    },
                                                    {
                                                        "Worker Number": 3,
                                                        "Actual Startup Time": 46.876,
                                                        "Actual Total Time": 74.766,
                                                        "Actual Rows": 55003,
                                                        "Actual Loops": 1
                                                    },
                                                    {
                                                        "Worker Number": 4,
                                                        "Actual Startup Time": 47.359,
                                                        "Actual Total Time": 75.429,
                                                        "Actual Rows": 36222,
                                                        "Actual Loops": 1
                                                    }
                                                ]
                                            }
                                        ]
                                    }
                                ]
                            }
                        ]
                    }
                ]
            }
        ]
    },
    "Planning Time": 0.835,
    "Triggers": [],
    "Execution Time": 695.767
}