[
  {
    "Plan": {
      "Node Type": "Aggregate",
      "Strategy": "Plain",
      "Partial Mode": "Finalize",
      "Parallel Aware": false,
      "Startup Cost": 45625.34,
      "Total Cost": 45625.35,
      "Plan Rows": 1,
      "Plan Width": 8,
      "Actual Startup Time": 142.792,
      "Actual Total Time": 151.967,
      "Actual Rows": 1,
      "Actual Loops": 1,
      "Plans": [
        {
          "Node Type": "Gather",
          "Parent Relationship": "Outer",
          "Parallel Aware": false,
          "Startup Cost": 45625.02,
          "Total Cost": 45625.33,
          "Plan Rows": 3,
          "Plan Width": 8,
          "Actual Startup Time": 142.644,
          "Actual Total Time": 151.954,
          "Actual Rows": 4,
          "Actual Loops": 1,
          "Workers Planned": 3,
          "Workers Launched": 3,
          "Single Copy": false,
          "Plans": [
            {
              "Node Type": "Aggregate",
              "Strategy": "Plain",
              "Partial Mode": "Partial",
              "Parent Relationship": "Outer",
              "Parallel Aware": false,
              "Startup Cost": 44625.02,
              "Total Cost": 44625.03,
              "Plan Rows": 1,
              "Plan Width": 8,
              "Actual Startup Time": 136.237,
              "Actual Total Time": 136.238,
              "Actual Rows": 1,
              "Actual Loops": 4,
              "Plans": [
                {
                  "Node Type": "Seq Scan",
                  "Parent Relationship": "Outer",
                  "Parallel Aware": true,
                  "Relation Name": "movie_keyword",
                  "Alias": "mk",
                  "Startup Cost": 0.0,
                  "Total Cost": 42695.65,
                  "Plan Rows": 771746,
                  "Plan Width": 0,
                  "Actual Startup Time": 0.045,
                  "Actual Total Time": 110.362,
                  "Actual Rows": 601772,
                  "Actual Loops": 4,
                  "Filter": "(keyword_id < 5620)",
                  "Rows Removed by Filter": 529210
                }
              ]
            }
          ]
        }
      ]
    },
    "Planning Time": 0.076,
    "Triggers": [],
    "Execution Time": 151.994
  }
]