{
  "Plan": {
    "Node Type": "Aggregate",
    "Strategy": "Plain",
    "Partial Mode": "Finalize",
    "Parallel Aware": false,
    "Startup Cost": 88379.75,
    "Total Cost": 88379.76,
    "Plan Rows": 1,
    "Plan Width": 8,
    "Actual Startup Time": 307.058,
    "Actual Total Time": 327.26,
    "Actual Rows": 1,
    "Actual Loops": 1,
    "Plans": [
      {
        "Node Type": "Gather",
        "Parent Relationship": "Outer",
        "Parallel Aware": false,
        "Startup Cost": 88379.64,
        "Total Cost": 88379.75,
        "Plan Rows": 1,
        "Plan Width": 8,
        "Actual Startup Time": 306.063,
        "Actual Total Time": 327.25,
        "Actual Rows": 2,
        "Actual Loops": 1,
        "Workers Planned": 1,
        "Workers Launched": 1,
        "Single Copy": false,
        "Plans": [
          {
            "Node Type": "Aggregate",
            "Strategy": "Plain",
            "Partial Mode": "Partial",
            "Parent Relationship": "Outer",
            "Parallel Aware": false,
            "Startup Cost": 87379.64,
            "Total Cost": 87379.65,
            "Plan Rows": 1,
            "Plan Width": 8,
            "Actual Startup Time": 299.997,
            "Actual Total Time": 300.001,
            "Actual Rows": 1,
            "Actual Loops": 2,
            "Plans": [
              {
                "Node Type": "Hash Join",
                "Parent Relationship": "Outer",
                "Parallel Aware": true,
                "Join Type": "Inner",
                "Startup Cost": 60941.56,
                "Total Cost": 87350.26,
                "Plan Rows": 11749,
                "Plan Width": 0,
                "Actual Startup Time": 217.308,
                "Actual Total Time": 299.73,
                "Actual Rows": 3003,
                "Actual Loops": 2,
                "Inner Unique": true,
                "Hash Cond": "(mk.movie_id = t.id)",
                "Plans": [
                  {
                    "Node Type": "Bitmap Heap Scan",
                    "Parent Relationship": "Outer",
                    "Parallel Aware": true,
                    "Relation Name": "movie_keyword",
                    "Alias": "mk",
                    "Startup Cost": 4663.12,
                    "Total Cost": 30732.58,
                    "Plan Rows": 129236,
                    "Plan Width": 4,
                    "Actual Startup Time": 17.244,
                    "Actual Total Time": 73.302,
                    "Actual Rows": 113464,
                    "Actual Loops": 2,
                    "Recheck Cond": "(keyword_id < 186)",
                    "Rows Removed by Index Recheck": 0,
                    "Exact Heap Blocks": 16894,
                    "Lossy Heap Blocks": 0,
                    "Plans": [
                      {
                        "Node Type": "Bitmap Index Scan",
                        "Parent Relationship": "Outer",
                        "Parallel Aware": false,
                        "Index Name": "keyword_id_movie_keyword",
                        "Startup Cost": 0.0,
                        "Total Cost": 4608.2,
                        "Plan Rows": 219702,
                        "Plan Width": 0,
                        "Actual Startup Time": 13.717,
                        "Actual Total Time": 13.718,
                        "Actual Rows": 226927,
                        "Actual Loops": 1,
                        "Index Cond": "(keyword_id < 186)"
                      }
                    ]
                  },
                  {
                    "Node Type": "Hash",
                    "Parent Relationship": "Inner",
                    "Parallel Aware": true,
                    "Startup Cost": 54588.39,
                    "Total Cost": 54588.39,
                    "Plan Rows": 135204,
                    "Plan Width": 4,
                    "Actual Startup Time": 196.354,
                    "Actual Total Time": 196.355,
                    "Actual Rows": 115824,
                    "Actual Loops": 2,
                    "Hash Buckets": 262144,
                    "Original Hash Buckets": 262144,
                    "Hash Batches": 1,
                    "Original Hash Batches": 1,
                    "Peak Memory Usage": 11168,
                    "Plans": [
                      {
                        "Node Type": "Seq Scan",
                        "Parent Relationship": "Outer",
                        "Parallel Aware": true,
                        "Relation Name": "title",
                        "Alias": "t",
                        "Startup Cost": 0.0,
                        "Total Cost": 54588.39,
                        "Plan Rows": 135204,
                        "Plan Width": 4,
                        "Actual Startup Time": 0.037,
                        "Actual Total Time": 162.819,
                        "Actual Rows": 115824,
                        "Actual Loops": 2,
                        "Filter": "(production_year > 2011)",
                        "Rows Removed by Filter": 1148332
                      }
                    ]
                  }
                ]
              }
            ]
          }
        ]
      }
    ]
  },
  "Planning Time": 0.457,
  "Triggers": [],
  "Execution Time": 327.381
}