[
    {
        "Bao": {
            "Bao prediction": "NaN",
            "Bao recommended hint": "(no hint)"
        }
    },
    {
        "Plan": {
            "Node Type": "Aggregate",
            "Strategy": "Plain",
            "Partial Mode": "Finalize",
            "Parallel Aware": false,
            "Startup Cost": 36282.42,
            "Total Cost": 36282.43,
            "Plan Rows": 1,
            "Plan Width": 8,
            "Actual Startup Time": 123.427,
            "Actual Total Time": 129.124,
            "Actual Rows": 1,
            "Actual Loops": 1,
            "Output": [
                "count(*)"
            ],
            "Plans": [
                {
                    "Node Type": "Gather",
                    "Parent Relationship": "Outer",
                    "Parallel Aware": false,
                    "Startup Cost": 36282.1,
                    "Total Cost": 36282.41,
                    "Plan Rows": 3,
                    "Plan Width": 8,
                    "Actual Startup Time": 123.143,
                    "Actual Total Time": 129.115,
                    "Actual Rows": 4,
                    "Actual Loops": 1,
                    "Output": [
                        "(PARTIAL count(*))"
                    ],
                    "Workers Planned": 3,
                    "Workers Launched": 3,
                    "Single Copy": false,
                    "Plans": [
                        {
                            "Node Type": "Aggregate",
                            "Strategy": "Plain",
                            "Partial Mode": "Partial",
                            "Parent Relationship": "Outer",
                            "Parallel Aware": false,
                            "Startup Cost": 35282.1,
                            "Total Cost": 35282.11,
                            "Plan Rows": 1,
                            "Plan Width": 8,
                            "Actual Startup Time": 110.68,
                            "Actual Total Time": 110.682,
                            "Actual Rows": 1,
                            "Actual Loops": 4,
                            "Output": [
                                "PARTIAL count(*)"
                            ],
                            "Workers": [
                                {
                                    "Worker Number": 0,
                                    "Actual Startup Time": 106.143,
                                    "Actual Total Time": 106.145,
                                    "Actual Rows": 1,
                                    "Actual Loops": 1
                                },
                                {
                                    "Worker Number": 1,
                                    "Actual Startup Time": 107.171,
                                    "Actual Total Time": 107.172,
                                    "Actual Rows": 1,
                                    "Actual Loops": 1
                                },
                                {
                                    "Worker Number": 2,
                                    "Actual Startup Time": 106.656,
                                    "Actual Total Time": 106.658,
                                    "Actual Rows": 1,
                                    "Actual Loops": 1
                                }
                            ],
                            "Plans": [
                                {
                                    "Node Type": "Bitmap Heap Scan",
                                    "Parent Relationship": "Outer",
                                    "Parallel Aware": true,
                                    "Relation Name": "movie_keyword",
                                    "Schema": "public",
                                    "Alias": "mk",
                                    "Startup Cost": 8817.21,
                                    "Total Cost": 34946.95,
                                    "Plan Rows": 134059,
                                    "Plan Width": 0,
                                    "Actual Startup Time": 37.262,
                                    "Actual Total Time": 104.058,
                                    "Actual Rows": 101657,
                                    "Actual Loops": 4,
                                    "Recheck Cond": "(mk.keyword_id > 42627)",
                                    "Rows Removed by Index Recheck": 0,
                                    "Exact Heap Blocks": 7625,
                                    "Lossy Heap Blocks": 0,
                                    "Workers": [
                                        {
                                            "Worker Number": 0,
                                            "Actual Startup Time": 32.909,
                                            "Actual Total Time": 100.451,
                                            "Actual Rows": 84001,
                                            "Actual Loops": 1
                                        },
                                        {
                                            "Worker Number": 1,
                                            "Actual Startup Time": 33.698,
                                            "Actual Total Time": 101.456,
                                            "Actual Rows": 103459,
                                            "Actual Loops": 1
                                        },
                                        {
                                            "Worker Number": 2,
                                            "Actual Startup Time": 33.407,
                                            "Actual Total Time": 100.993,
                                            "Actual Rows": 83094,
                                            "Actual Loops": 1
                                        }
                                    ],
                                    "Plans": [
                                        {
                                            "Node Type": "Bitmap Index Scan",
                                            "Parent Relationship": "Outer",
                                            "Parallel Aware": false,
                                            "Index Name": "keyword_id_movie_keyword",
                                            "Startup Cost": 0.0,
                                            "Total Cost": 8713.31,
                                            "Plan Rows": 415584,
                                            "Plan Width": 0,
                                            "Actual Startup Time": 43.74,
                                            "Actual Total Time": 43.741,
                                            "Actual Rows": 406627,
                                            "Actual Loops": 1,
                                            "Index Cond": "(mk.keyword_id > 42627)"
                                        }
                                    ]
                                }
                            ]
                        }
                    ]
                }
            ]
        },
        "Planning Time": 272.374,
        "Triggers": [],
        "Execution Time": 129.213
    }
]