{
  "Plan": {
    "Node Type": "Gather",
    "Parallel Aware": false,
    "Startup Cost": 63022.92,
    "Total Cost": 109593.23,
    "Plan Rows": 262758,
    "Plan Width": 4,
    "Actual Startup Time": 1803.654,
    "Actual Total Time": 2090.659,
    "Actual Rows": 259406,
    "Actual Loops": 1,
    "Workers Planned": 3,
    "Workers Launched": 0,
    "Single Copy": false,
    "Plans": [
      {
        "Node Type": "Hash Join",
        "Parent Relationship": "Outer",
        "Parallel Aware": true,
        "Join Type": "Inner",
        "Startup Cost": 62022.92,
        "Total Cost": 82317.43,
        "Plan Rows": 84761,
        "Plan Width": 4,
        "Actual Startup Time": 1802.788,
        "Actual Total Time": 2054.048,
        "Actual Rows": 259406,
        "Actual Loops": 1,
        "Inner Unique": true,
        "Hash Cond": "(mc.company_id = cn.id)",
        "Plans": [
          {
            "Node Type": "Hash Join",
            "Parent Relationship": "Outer",
            "Parallel Aware": true,
            "Join Type": "Inner",
            "Startup Cost": 55917.66,
            "Total Cost": 75989.67,
            "Plan Rows": 84761,
            "Plan Width": 4,
            "Actual Startup Time": 1675.095,
            "Actual Total Time": 1891.775,
            "Actual Rows": 259406,
            "Actual Loops": 1,
            "Inner Unique": true,
            "Hash Cond": "(mc.movie_id = t.id)",
            "Plans": [
              {
                "Node Type": "Bitmap Heap Scan",
                "Parent Relationship": "Outer",
                "Parallel Aware": true,
                "Relation Name": "movie_companies",
                "Alias": "mc",
                "Startup Cost": 5696.8,
                "Total Cost": 25546.31,
                "Plan Rows": 84761,
                "Plan Width": 8,
                "Actual Startup Time": 14.394,
                "Actual Total Time": 79.301,
                "Actual Rows": 259406,
                "Actual Loops": 1,
                "Recheck Cond": "(company_id < 133)",
                "Rows Removed by Index Recheck": 0,
                "Exact Heap Blocks": 17059,
                "Lossy Heap Blocks": 0,
                "Plans": [
                  {
                    "Node Type": "Bitmap Index Scan",
                    "Parent Relationship": "Outer",
                    "Parallel Aware": false,
                    "Index Name": "company_id_movie_companies",
                    "Startup Cost": 0.0,
                    "Total Cost": 5631.11,
                    "Plan Rows": 262758,
                    "Plan Width": 0,
                    "Actual Startup Time": 11.785,
                    "Actual Total Time": 11.786,
                    "Actual Rows": 259406,
                    "Actual Loops": 1,
                    "Index Cond": "(company_id < 133)"
                  }
                ]
              },
              {
                "Node Type": "Hash",
                "Parent Relationship": "Inner",
                "Parallel Aware": true,
                "Startup Cost": 42319.27,
                "Total Cost": 42319.27,
                "Plan Rows": 632127,
                "Plan Width": 4,
                "Actual Startup Time": 1563.84,
                "Actual Total Time": 1563.842,
                "Actual Rows": 2528312,
                "Actual Loops": 1,
                "Hash Buckets": 4194304,
                "Original Hash Buckets": 4194304,
                "Hash Batches": 1,
                "Original Hash Batches": 1,
                "Peak Memory Usage": 131680,
                "Plans": [
                  {
                    "Node Type": "Seq Scan",
                    "Parent Relationship": "Outer",
                    "Parallel Aware": true,
                    "Relation Name": "title",
                    "Alias": "t",
                    "Startup Cost": 0.0,
                    "Total Cost": 42319.27,
                    "Plan Rows": 632127,
                    "Plan Width": 4,
                    "Actual Startup Time": 0.041,
                    "Actual Total Time": 454.321,
                    "Actual Rows": 2528312,
                    "Actual Loops": 1
                  }
                ]
              }
            ]
          },
          {
            "Node Type": "Hash",
            "Parent Relationship": "Inner",
            "Parallel Aware": true,
            "Startup Cost": 4377.34,
            "Total Cost": 4377.34,
            "Plan Rows": 138234,
            "Plan Width": 4,
            "Actual Startup Time": 120.976,
            "Actual Total Time": 120.977,
            "Actual Rows": 234997,
            "Actual Loops": 1,
            "Hash Buckets": 262144,
            "Original Hash Buckets": 262144,
            "Hash Batches": 1,
            "Original Hash Batches": 1,
            "Peak Memory Usage": 11264,
            "Plans": [
              {
                "Node Type": "Seq Scan",
                "Parent Relationship": "Outer",
                "Parallel Aware": true,
                "Relation Name": "company_name",
                "Alias": "cn",
                "Startup Cost": 0.0,
                "Total Cost": 4377.34,
                "Plan Rows": 138234,
                "Plan Width": 4,
                "Actual Startup Time": 0.031,
                "Actual Total Time": 52.919,
                "Actual Rows": 234997,
                "Actual Loops": 1
              }
            ]
          }
        ]
      }
    ]
  },
  "Planning Time": 0.673,
  "Triggers": [],
  "Execution Time": 2098.676
}