{
  "Plan": {
    "Node Type": "Aggregate",
    "Strategy": "Plain",
    "Partial Mode": "Finalize",
    "Parallel Aware": false,
    "Startup Cost": 153845.24,
    "Total Cost": 153845.25,
    "Plan Rows": 1,
    "Plan Width": 8,
    "Actual Startup Time": 611.662,
    "Actual Total Time": 652.965,
    "Actual Rows": 1,
    "Actual Loops": 1,
    "Plans": [
      {
        "Node Type": "Gather",
        "Parent Relationship": "Outer",
        "Parallel Aware": false,
        "Startup Cost": 153845.13,
        "Total Cost": 153845.24,
        "Plan Rows": 1,
        "Plan Width": 8,
        "Actual Startup Time": 611.244,
        "Actual Total Time": 652.956,
        "Actual Rows": 2,
        "Actual Loops": 1,
        "Workers Planned": 1,
        "Workers Launched": 1,
        "Single Copy": false,
        "Plans": [
          {
            "Node Type": "Aggregate",
            "Strategy": "Plain",
            "Partial Mode": "Partial",
            "Parent Relationship": "Outer",
            "Parallel Aware": false,
            "Startup Cost": 152845.13,
            "Total Cost": 152845.14,
            "Plan Rows": 1,
            "Plan Width": 8,
            "Actual Startup Time": 605.113,
            "Actual Total Time": 605.117,
            "Actual Rows": 1,
            "Actual Loops": 2,
            "Plans": [
              {
                "Node Type": "Nested Loop",
                "Parent Relationship": "Outer",
                "Parallel Aware": false,
                "Join Type": "Inner",
                "Startup Cost": 21059.17,
                "Total Cost": 152308.91,
                "Plan Rows": 214485,
                "Plan Width": 0,
                "Actual Startup Time": 38.003,
                "Actual Total Time": 589.571,
                "Actual Rows": 344800,
                "Actual Loops": 2,
                "Inner Unique": false,
                "Plans": [
                  {
                    "Node Type": "Hash Join",
                    "Parent Relationship": "Outer",
                    "Parallel Aware": true,
                    "Join Type": "Inner",
                    "Startup Cost": 21058.73,
                    "Total Cost": 81440.01,
                    "Plan Rows": 36681,
                    "Plan Width": 8,
                    "Actual Startup Time": 37.92,
                    "Actual Total Time": 311.245,
                    "Actual Rows": 31038,
                    "Actual Loops": 2,
                    "Inner Unique": false,
                    "Hash Cond": "(t.id = mc.movie_id)",
                    "Plans": [
                      {
                        "Node Type": "Seq Scan",
                        "Parent Relationship": "Outer",
                        "Parallel Aware": true,
                        "Relation Name": "title",
                        "Alias": "t",
                        "Startup Cost": 0.0,
                        "Total Cost": 50870.31,
                        "Plan Rows": 1487231,
                        "Plan Width": 4,
                        "Actual Startup Time": 0.01,
                        "Actual Total Time": 113.293,
                        "Actual Rows": 1264156,
                        "Actual Loops": 2
                      },
                      {
                        "Node Type": "Hash",
                        "Parent Relationship": "Inner",
                        "Parallel Aware": true,
                        "Startup Cost": 20600.22,
                        "Total Cost": 20600.22,
                        "Plan Rows": 36681,
                        "Plan Width": 4,
                        "Actual Startup Time": 36.555,
                        "Actual Total Time": 36.556,
                        "Actual Rows": 31038,
                        "Actual Loops": 2,
                        "Hash Buckets": 65536,
                        "Original Hash Buckets": 65536,
                        "Hash Batches": 1,
                        "Original Hash Batches": 1,
                        "Peak Memory Usage": 2976,
                        "Plans": [
                          {
                            "Node Type": "Bitmap Heap Scan",
                            "Parent Relationship": "Outer",
                            "Parallel Aware": true,
                            "Relation Name": "movie_companies",
                            "Alias": "mc",
                            "Startup Cost": 1351.7,
                            "Total Cost": 20600.22,
                            "Plan Rows": 36681,
                            "Plan Width": 4,
                            "Actual Startup Time": 6.99,
                            "Actual Total Time": 25.733,
                            "Actual Rows": 31038,
                            "Actual Loops": 2,
                            "Recheck Cond": "(company_id = 6)",
                            "Rows Removed by Index Recheck": 0,
                            "Exact Heap Blocks": 4177,
                            "Lossy Heap Blocks": 0,
                            "Plans": [
                              {
                                "Node Type": "Bitmap Index Scan",
                                "Parent Relationship": "Outer",
                                "Parallel Aware": false,
                                "Index Name": "company_id_movie_companies",
                                "Startup Cost": 0.0,
                                "Total Cost": 1336.12,
                                "Plan Rows": 62358,
                                "Plan Width": 0,
                                "Actual Startup Time": 9.322,
                                "Actual Total Time": 9.322,
                                "Actual Rows": 62075,
                                "Actual Loops": 1,
                                "Index Cond": "(company_id = 6)"
                              }
                            ]
                          }
                        ]
                      }
                    ]
                  },
                  {
                    "Node Type": "Index Only Scan",
                    "Parent Relationship": "Inner",
                    "Parallel Aware": false,
                    "Scan Direction": "Forward",
                    "Index Name": "movie_id_movie_info",
                    "Relation Name": "movie_info",
                    "Alias": "mi",
                    "Startup Cost": 0.43,
                    "Total Cost": 1.51,
                    "Plan Rows": 42,
                    "Plan Width": 4,
                    "Actual Startup Time": 0.003,
                    "Actual Total Time": 0.008,
                    "Actual Rows": 11,
                    "Actual Loops": 62075,
                    "Index Cond": "(movie_id = t.id)",
                    "Rows Removed by Index Recheck": 0,
                    "Heap Fetches": 689600
                  }
                ]
              }
            ]
          }
        ]
      }
    ]
  },
  "Planning Time": 0.957,
  "Triggers": [],
  "Execution Time": 653.078
}