[
  {
    "Plan": {
      "Node Type": "Aggregate",
      "Strategy": "Plain",
      "Partial Mode": "Simple",
      "Parallel Aware": false,
      "Startup Cost": 5727.76,
      "Total Cost": 5727.77,
      "Plan Rows": 1,
      "Plan Width": 8,
      "Actual Startup Time": 17.646,
      "Actual Total Time": 17.648,
      "Actual Rows": 1,
      "Actual Loops": 1,
      "Plans": [
        {
          "Node Type": "Nested Loop",
          "Parent Relationship": "Outer",
          "Parallel Aware": false,
          "Join Type": "Inner",
          "Startup Cost": 12.68,
          "Total Cost": 5724.36,
          "Plan Rows": 1361,
          "Plan Width": 0,
          "Actual Startup Time": 0.163,
          "Actual Total Time": 15.897,
          "Actual Rows": 11291,
          "Actual Loops": 1,
          "Inner Unique": false,
          "Plans": [
            {
              "Node Type": "Nested Loop",
              "Parent Relationship": "Outer",
              "Parallel Aware": false,
              "Join Type": "Inner",
              "Startup Cost": 12.24,
              "Total Cost": 5212.61,
              "Plan Rows": 232,
              "Plan Width": 8,
              "Actual Startup Time": 0.142,
              "Actual Total Time": 2.808,
              "Actual Rows": 227,
              "Actual Loops": 1,
              "Inner Unique": true,
              "Plans": [
                {
                  "Node Type": "Bitmap Heap Scan",
                  "Parent Relationship": "Outer",
                  "Parallel Aware": false,
                  "Relation Name": "movie_keyword",
                  "Alias": "mk",
                  "Startup Cost": 11.81,
                  "Total Cost": 1576.41,
                  "Plan Rows": 436,
                  "Plan Width": 4,
                  "Actual Startup Time": 0.098,
                  "Actual Total Time": 0.614,
                  "Actual Rows": 352,
                  "Actual Loops": 1,
                  "Recheck Cond": "(keyword_id > 133823)",
                  "Rows Removed by Index Recheck": 0,
                  "Exact Heap Blocks": 115,
                  "Lossy Heap Blocks": 0,
                  "Plans": [
                    {
                      "Node Type": "Bitmap Index Scan",
                      "Parent Relationship": "Outer",
                      "Parallel Aware": false,
                      "Index Name": "keyword_id_movie_keyword",
                      "Startup Cost": 0.0,
                      "Total Cost": 11.7,
                      "Plan Rows": 436,
                      "Plan Width": 0,
                      "Actual Startup Time": 0.055,
                      "Actual Total Time": 0.056,
                      "Actual Rows": 352,
                      "Actual Loops": 1,
                      "Index Cond": "(keyword_id > 133823)"
                    }
                  ]
                },
                {
                  "Node Type": "Index Scan",
                  "Parent Relationship": "Inner",
                  "Parallel Aware": false,
                  "Scan Direction": "Forward",
                  "Index Name": "title_pkey",
                  "Relation Name": "title",
                  "Alias": "t",
                  "Startup Cost": 0.43,
                  "Total Cost": 8.34,
                  "Plan Rows": 1,
                  "Plan Width": 4,
                  "Actual Startup Time": 0.005,
                  "Actual Total Time": 0.005,
                  "Actual Rows": 1,
                  "Actual Loops": 352,
                  "Index Cond": "(id = mk.movie_id)",
                  "Rows Removed by Index Recheck": 0,
                  "Filter": "(production_year < 2005)",
                  "Rows Removed by Filter": 0
                }
              ]
            },
            {
              "Node Type": "Index Only Scan",
              "Parent Relationship": "Inner",
              "Parallel Aware": false,
              "Scan Direction": "Forward",
              "Index Name": "movie_id_movie_info",
              "Relation Name": "movie_info",
              "Alias": "mi",
              "Startup Cost": 0.43,
              "Total Cost": 1.8,
              "Plan Rows": 41,
              "Plan Width": 4,
              "Actual Startup Time": 0.011,
              "Actual Total Time": 0.045,
              "Actual Rows": 50,
              "Actual Loops": 227,
              "Index Cond": "(movie_id = t.id)",
              "Rows Removed by Index Recheck": 0,
              "Heap Fetches": 11291
            }
          ]
        }
      ]
    },
    "Planning Time": 1.281,
    "Triggers": [],
    "Execution Time": 17.727
  }
]