[
  {
    "Plan": {
      "Node Type": "Aggregate",
      "Strategy": "Plain",
      "Partial Mode": "Finalize",
      "Parallel Aware": false,
      "Startup Cost": 59460.39,
      "Total Cost": 59460.4,
      "Plan Rows": 1,
      "Plan Width": 8,
      "Actual Startup Time": 92.188,
      "Actual Total Time": 105.633,
      "Actual Rows": 1,
      "Actual Loops": 1,
      "Plans": [
        {
          "Node Type": "Gather",
          "Parent Relationship": "Outer",
          "Parallel Aware": false,
          "Startup Cost": 59459.97,
          "Total Cost": 59460.38,
          "Plan Rows": 4,
          "Plan Width": 8,
          "Actual Startup Time": 92.034,
          "Actual Total Time": 105.625,
          "Actual Rows": 5,
          "Actual Loops": 1,
          "Workers Planned": 4,
          "Workers Launched": 4,
          "Single Copy": false,
          "Plans": [
            {
              "Node Type": "Aggregate",
              "Strategy": "Plain",
              "Partial Mode": "Partial",
              "Parent Relationship": "Outer",
              "Parallel Aware": false,
              "Startup Cost": 58459.97,
              "Total Cost": 58459.98,
              "Plan Rows": 1,
              "Plan Width": 8,
              "Actual Startup Time": 85.482,
              "Actual Total Time": 85.483,
              "Actual Rows": 1,
              "Actual Loops": 5,
              "Plans": [
                {
                  "Node Type": "Nested Loop",
                  "Parent Relationship": "Outer",
                  "Parallel Aware": false,
                  "Join Type": "Inner",
                  "Startup Cost": 0.43,
                  "Total Cost": 58456.95,
                  "Plan Rows": 1209,
                  "Plan Width": 0,
                  "Actual Startup Time": 48.226,
                  "Actual Total Time": 85.336,
                  "Actual Rows": 2704,
                  "Actual Loops": 5,
                  "Inner Unique": false,
                  "Plans": [
                    {
                      "Node Type": "Seq Scan",
                      "Parent Relationship": "Outer",
                      "Parallel Aware": true,
                      "Relation Name": "title",
                      "Alias": "t",
                      "Startup Cost": 0.0,
                      "Total Cost": 45479.59,
                      "Plan Rows": 1502,
                      "Plan Width": 4,
                      "Actual Startup Time": 47.008,
                      "Actual Total Time": 73.669,
                      "Actual Rows": 1038,
                      "Actual Loops": 5,
                      "Filter": "((kind_id = 1) AND (production_year = 1992))",
                      "Rows Removed by Filter": 504624
                    },
                    {
                      "Node Type": "Index Scan",
                      "Parent Relationship": "Inner",
                      "Parallel Aware": false,
                      "Scan Direction": "Forward",
                      "Index Name": "movie_id_movie_keyword",
                      "Relation Name": "movie_keyword",
                      "Alias": "mk",
                      "Startup Cost": 0.43,
                      "Total Cost": 8.43,
                      "Plan Rows": 21,
                      "Plan Width": 4,
                      "Actual Startup Time": 0.01,
                      "Actual Total Time": 0.011,
                      "Actual Rows": 3,
                      "Actual Loops": 5190,
                      "Index Cond": "(movie_id = t.id)",
                      "Rows Removed by Index Recheck": 0,
                      "Filter": "(keyword_id > 6141)",
                      "Rows Removed by Filter": 3
                    }
                  ]
                }
              ]
            }
          ]
        }
      ]
    },
    "Planning Time": 0.322,
    "Triggers": [],
    "Execution Time": 105.686
  }
]