[
  {
    "Plan": {
      "Node Type": "Aggregate",
      "Strategy": "Plain",
      "Partial Mode": "Finalize",
      "Parallel Aware": false,
      "Startup Cost": 215405.94,
      "Total Cost": 215405.95,
      "Plan Rows": 1,
      "Plan Width": 8,
      "Actual Startup Time": 977.953,
      "Actual Total Time": 1014.65,
      "Actual Rows": 1,
      "Actual Loops": 1,
      "Plans": [
        {
          "Node Type": "Gather",
          "Parent Relationship": "Outer",
          "Parallel Aware": false,
          "Startup Cost": 215405.63,
          "Total Cost": 215405.94,
          "Plan Rows": 3,
          "Plan Width": 8,
          "Actual Startup Time": 972.745,
          "Actual Total Time": 1014.636,
          "Actual Rows": 4,
          "Actual Loops": 1,
          "Workers Planned": 3,
          "Workers Launched": 3,
          "Single Copy": false,
          "Plans": [
            {
              "Node Type": "Aggregate",
              "Strategy": "Plain",
              "Partial Mode": "Partial",
              "Parent Relationship": "Outer",
              "Parallel Aware": false,
              "Startup Cost": 214405.63,
              "Total Cost": 214405.64,
              "Plan Rows": 1,
              "Plan Width": 8,
              "Actual Startup Time": 965.656,
              "Actual Total Time": 965.961,
              "Actual Rows": 1,
              "Actual Loops": 4,
              "Plans": [
                {
                  "Node Type": "Hash Join",
                  "Parent Relationship": "Outer",
                  "Parallel Aware": true,
                  "Join Type": "Inner",
                  "Startup Cost": 167084.53,
                  "Total Cost": 213770.41,
                  "Plan Rows": 254087,
                  "Plan Width": 0,
                  "Actual Startup Time": 705.603,
                  "Actual Total Time": 943.407,
                  "Actual Rows": 457100,
                  "Actual Loops": 4,
                  "Inner Unique": false,
                  "Hash Cond": "(mk.movie_id = t.id)",
                  "Plans": [
                    {
                      "Node Type": "Seq Scan",
                      "Parent Relationship": "Outer",
                      "Parallel Aware": true,
                      "Relation Name": "movie_keyword",
                      "Alias": "mk",
                      "Startup Cost": 0.0,
                      "Total Cost": 42695.65,
                      "Plan Rows": 928545,
                      "Plan Width": 4,
                      "Actual Startup Time": 0.183,
                      "Actual Total Time": 129.791,
                      "Actual Rows": 720758,
                      "Actual Loops": 4,
                      "Filter": "(keyword_id > 2488)",
                      "Rows Removed by Filter": 410225
                    },
                    {
                      "Node Type": "Hash",
                      "Parent Relationship": "Inner",
                      "Parallel Aware": true,
                      "Startup Cost": 165354.83,
                      "Total Cost": 165354.83,
                      "Plan Rows": 138376,
                      "Plan Width": 8,
                      "Actual Startup Time": 701.097,
                      "Actual Total Time": 701.401,
                      "Actual Rows": 57934,
                      "Actual Loops": 4,
                      "Hash Buckets": 1048576,
                      "Original Hash Buckets": 1048576,
                      "Hash Batches": 1,
                      "Original Hash Batches": 1,
                      "Peak Memory Usage": 17312,
                      "Plans": [
                        {
                          "Node Type": "Hash Join",
                          "Parent Relationship": "Outer",
                          "Parallel Aware": true,
                          "Join Type": "Inner",
                          "Startup Cost": 45577.67,
                          "Total Cost": 165354.83,
                          "Plan Rows": 138376,
                          "Plan Width": 8,
                          "Actual Startup Time": 180.216,
                          "Actual Total Time": 671.754,
                          "Actual Rows": 57934,
                          "Actual Loops": 4,
                          "Inner Unique": true,
                          "Hash Cond": "(ci.movie_id = t.id)",
                          "Plans": [
                            {
                              "Node Type": "Index Scan",
                              "Parent Relationship": "Outer",
                              "Parallel Aware": true,
                              "Scan Direction": "Forward",
                              "Index Name": "role_id_cast_info",
                              "Relation Name": "cast_info",
                              "Alias": "ci",
                              "Startup Cost": 0.56,
                              "Total Cost": 118067.1,
                              "Plan Rows": 651664,
                              "Plan Width": 4,
                              "Actual Startup Time": 0.102,
                              "Actual Total Time": 265.653,
                              "Actual Rows": 993247,
                              "Actual Loops": 4,
                              "Index Cond": "(role_id = 10)",
                              "Rows Removed by Index Recheck": 0,
                              "Filter": "(person_id > 885254)",
                              "Rows Removed by Filter": 87507
                            },
                            {
                              "Node Type": "Hash",
                              "Parent Relationship": "Inner",
                              "Parallel Aware": true,
                              "Startup Cost": 43899.32,
                              "Total Cost": 43899.32,
                              "Plan Rows": 134223,
                              "Plan Width": 4,
                              "Actual Startup Time": 177.531,
                              "Actual Total Time": 177.535,
                              "Actual Rows": 138240,
                              "Actual Loops": 4,
                              "Hash Buckets": 1048576,
                              "Original Hash Buckets": 1048576,
                              "Hash Batches": 1,
                              "Original Hash Batches": 1,
                              "Peak Memory Usage": 29888,
                              "Plans": [
                                {
                                  "Node Type": "Seq Scan",
                                  "Parent Relationship": "Outer",
                                  "Parallel Aware": true,
                                  "Relation Name": "title",
                                  "Alias": "t",
                                  "Startup Cost": 0.0,
                                  "Total Cost": 43899.32,
                                  "Plan Rows": 134223,
                                  "Plan Width": 4,
                                  "Actual Startup Time": 0.053,
                                  "Actual Total Time": 113.468,
                                  "Actual Rows": 138240,
                                  "Actual Loops": 4,
                                  "Filter": "(production_year < 1983)",
                                  "Rows Removed by Filter": 493838
                                }
                              ]
                            }
                          ]
                        }
                      ]
                    }
                  ]
                }
              ]
            }
          ]
        }
      ]
    },
    "Planning Time": 1.144,
    "Triggers": [],
    "Execution Time": 1014.74
  }
]