{
  "Plan": {
    "Node Type": "Aggregate",
    "Strategy": "Plain",
    "Partial Mode": "Finalize",
    "Parallel Aware": false,
    "Startup Cost": 100085.86,
    "Total Cost": 100085.87,
    "Plan Rows": 1,
    "Plan Width": 8,
    "Actual Startup Time": 555.943,
    "Actual Total Time": 577.829,
    "Actual Rows": 1,
    "Actual Loops": 1,
    "Plans": [
      {
        "Node Type": "Gather",
        "Parent Relationship": "Outer",
        "Parallel Aware": false,
        "Startup Cost": 100085.75,
        "Total Cost": 100085.86,
        "Plan Rows": 1,
        "Plan Width": 8,
        "Actual Startup Time": 552.028,
        "Actual Total Time": 577.813,
        "Actual Rows": 2,
        "Actual Loops": 1,
        "Workers Planned": 1,
        "Workers Launched": 1,
        "Single Copy": false,
        "Plans": [
          {
            "Node Type": "Aggregate",
            "Strategy": "Plain",
            "Partial Mode": "Partial",
            "Parent Relationship": "Outer",
            "Parallel Aware": false,
            "Startup Cost": 99085.75,
            "Total Cost": 99085.76,
            "Plan Rows": 1,
            "Plan Width": 8,
            "Actual Startup Time": 543.97,
            "Actual Total Time": 543.978,
            "Actual Rows": 1,
            "Actual Loops": 2,
            "Plans": [
              {
                "Node Type": "Nested Loop",
                "Parent Relationship": "Outer",
                "Parallel Aware": false,
                "Join Type": "Inner",
                "Startup Cost": 66324.22,
                "Total Cost": 99068.95,
                "Plan Rows": 6718,
                "Plan Width": 0,
                "Actual Startup Time": 466.898,
                "Actual Total Time": 543.076,
                "Actual Rows": 12274,
                "Actual Loops": 2,
                "Inner Unique": false,
                "Plans": [
                  {
                    "Node Type": "Hash Join",
                    "Parent Relationship": "Outer",
                    "Parallel Aware": true,
                    "Join Type": "Inner",
                    "Startup Cost": 66323.79,
                    "Total Cost": 92324.55,
                    "Plan Rows": 12308,
                    "Plan Width": 8,
                    "Actual Startup Time": 466.824,
                    "Actual Total Time": 503.604,
                    "Actual Rows": 6932,
                    "Actual Loops": 2,
                    "Inner Unique": true,
                    "Hash Cond": "(mk.movie_id = t.id)",
                    "Plans": [
                      {
                        "Node Type": "Bitmap Heap Scan",
                        "Parent Relationship": "Outer",
                        "Parallel Aware": true,
                        "Relation Name": "movie_keyword",
                        "Alias": "mk",
                        "Startup Cost": 754.98,
                        "Total Cost": 26701.04,
                        "Plan Rows": 20838,
                        "Plan Width": 4,
                        "Actual Startup Time": 7.833,
                        "Actual Total Time": 33.056,
                        "Actual Rows": 13924,
                        "Actual Loops": 2,
                        "Recheck Cond": "(keyword_id < 31)",
                        "Rows Removed by Index Recheck": 0,
                        "Exact Heap Blocks": 7257,
                        "Lossy Heap Blocks": 0,
                        "Plans": [
                          {
                            "Node Type": "Bitmap Index Scan",
                            "Parent Relationship": "Outer",
                            "Parallel Aware": false,
                            "Index Name": "keyword_id_movie_keyword",
                            "Startup Cost": 0.0,
                            "Total Cost": 746.12,
                            "Plan Rows": 35425,
                            "Plan Width": 0,
                            "Actual Startup Time": 6.45,
                            "Actual Total Time": 6.452,
                            "Actual Rows": 27848,
                            "Actual Loops": 1,
                            "Index Cond": "(keyword_id < 31)"
                          }
                        ]
                      },
                      {
                        "Node Type": "Hash",
                        "Parent Relationship": "Inner",
                        "Parallel Aware": true,
                        "Startup Cost": 54588.39,
                        "Total Cost": 54588.39,
                        "Plan Rows": 878434,
                        "Plan Width": 4,
                        "Actual Startup Time": 444.637,
                        "Actual Total Time": 444.639,
                        "Actual Rows": 742515,
                        "Actual Loops": 2,
                        "Hash Buckets": 2097152,
                        "Original Hash Buckets": 2097152,
                        "Hash Batches": 1,
                        "Original Hash Batches": 1,
                        "Peak Memory Usage": 74528,
                        "Plans": [
                          {
                            "Node Type": "Seq Scan",
                            "Parent Relationship": "Outer",
                            "Parallel Aware": true,
                            "Relation Name": "title",
                            "Alias": "t",
                            "Startup Cost": 0.0,
                            "Total Cost": 54588.39,
                            "Plan Rows": 878434,
                            "Plan Width": 4,
                            "Actual Startup Time": 0.05,
                            "Actual Total Time": 204.121,
                            "Actual Rows": 742515,
                            "Actual Loops": 2,
                            "Filter": "(production_year > 1998)",
                            "Rows Removed by Filter": 521641
                          }
                        ]
                      }
                    ]
                  },
                  {
                    "Node Type": "Index Only Scan",
                    "Parent Relationship": "Inner",
                    "Parallel Aware": false,
                    "Scan Direction": "Forward",
                    "Index Name": "movie_id_movie_info_idx",
                    "Relation Name": "movie_info_idx",
                    "Alias": "mi_idx",
                    "Startup Cost": 0.43,
                    "Total Cost": 0.52,
                    "Plan Rows": 3,
                    "Plan Width": 4,
                    "Actual Startup Time": 0.005,
                    "Actual Total Time": 0.005,
                    "Actual Rows": 2,
                    "Actual Loops": 13864,
                    "Index Cond": "(movie_id = t.id)",
                    "Rows Removed by Index Recheck": 0,
                    "Heap Fetches": 24547
                  }
                ]
              }
            ]
          }
        ]
      }
    ]
  },
  "Planning Time": 1.159,
  "Triggers": [],
  "Execution Time": 577.958
}