{
  "Plan": {
    "Node Type": "Aggregate",
    "Strategy": "Plain",
    "Partial Mode": "Finalize",
    "Parallel Aware": false,
    "Startup Cost": 37706.69,
    "Total Cost": 37706.7,
    "Plan Rows": 1,
    "Plan Width": 8,
    "Actual Startup Time": 48.955,
    "Actual Total Time": 56.231,
    "Actual Rows": 1,
    "Actual Loops": 1,
    "Plans": [
      {
        "Node Type": "Gather",
        "Parent Relationship": "Outer",
        "Parallel Aware": false,
        "Startup Cost": 37706.58,
        "Total Cost": 37706.69,
        "Plan Rows": 1,
        "Plan Width": 8,
        "Actual Startup Time": 48.865,
        "Actual Total Time": 56.226,
        "Actual Rows": 2,
        "Actual Loops": 1,
        "Workers Planned": 1,
        "Workers Launched": 1,
        "Single Copy": false,
        "Plans": [
          {
            "Node Type": "Aggregate",
            "Strategy": "Plain",
            "Partial Mode": "Partial",
            "Parent Relationship": "Outer",
            "Parallel Aware": false,
            "Startup Cost": 36706.58,
            "Total Cost": 36706.59,
            "Plan Rows": 1,
            "Plan Width": 8,
            "Actual Startup Time": 42.72,
            "Actual Total Time": 42.721,
            "Actual Rows": 1,
            "Actual Loops": 2,
            "Plans": [
              {
                "Node Type": "Nested Loop",
                "Parent Relationship": "Outer",
                "Parallel Aware": false,
                "Join Type": "Inner",
                "Startup Cost": 119.36,
                "Total Cost": 36705.66,
                "Plan Rows": 369,
                "Plan Width": 0,
                "Actual Startup Time": 4.273,
                "Actual Total Time": 42.634,
                "Actual Rows": 535,
                "Actual Loops": 2,
                "Inner Unique": false,
                "Plans": [
                  {
                    "Node Type": "Nested Loop",
                    "Parent Relationship": "Outer",
                    "Parallel Aware": false,
                    "Join Type": "Inner",
                    "Startup Cost": 118.94,
                    "Total Cost": 36289.34,
                    "Plan Rows": 676,
                    "Plan Width": 8,
                    "Actual Startup Time": 4.101,
                    "Actual Total Time": 39.18,
                    "Actual Rows": 319,
                    "Actual Loops": 2,
                    "Inner Unique": true,
                    "Plans": [
                      {
                        "Node Type": "Bitmap Heap Scan",
                        "Parent Relationship": "Outer",
                        "Parallel Aware": true,
                        "Relation Name": "movie_keyword",
                        "Alias": "mk",
                        "Startup Cost": 118.51,
                        "Total Cost": 13152.38,
                        "Plan Rows": 3194,
                        "Plan Width": 4,
                        "Actual Startup Time": 3.735,
                        "Actual Total Time": 13.723,
                        "Actual Rows": 3143,
                        "Actual Loops": 2,
                        "Recheck Cond": "(keyword_id = 2276)",
                        "Rows Removed by Index Recheck": 0,
                        "Exact Heap Blocks": 4427,
                        "Lossy Heap Blocks": 0,
                        "Plans": [
                          {
                            "Node Type": "Bitmap Index Scan",
                            "Parent Relationship": "Outer",
                            "Parallel Aware": false,
                            "Index Name": "keyword_id_movie_keyword",
                            "Startup Cost": 0.0,
                            "Total Cost": 117.15,
                            "Plan Rows": 5429,
                            "Plan Width": 0,
                            "Actual Startup Time": 4.664,
                            "Actual Total Time": 4.665,
                            "Actual Rows": 6286,
                            "Actual Loops": 1,
                            "Index Cond": "(keyword_id = 2276)"
                          }
                        ]
                      },
                      {
                        "Node Type": "Index Scan",
                        "Parent Relationship": "Inner",
                        "Parallel Aware": false,
                        "Scan Direction": "Forward",
                        "Index Name": "title_pkey",
                        "Relation Name": "title",
                        "Alias": "t",
                        "Startup Cost": 0.43,
                        "Total Cost": 7.24,
                        "Plan Rows": 1,
                        "Plan Width": 4,
                        "Actual Startup Time": 0.008,
                        "Actual Total Time": 0.008,
                        "Actual Rows": 0,
                        "Actual Loops": 6286,
                        "Index Cond": "(id = mk.movie_id)",
                        "Rows Removed by Index Recheck": 0,
                        "Filter": "(production_year > 2009)",
                        "Rows Removed by Filter": 1
                      }
                    ]
                  },
                  {
                    "Node Type": "Index Only Scan",
                    "Parent Relationship": "Inner",
                    "Parallel Aware": false,
                    "Scan Direction": "Forward",
                    "Index Name": "movie_id_movie_info_idx",
                    "Relation Name": "movie_info_idx",
                    "Alias": "mi_idx",
                    "Startup Cost": 0.43,
                    "Total Cost": 0.59,
                    "Plan Rows": 3,
                    "Plan Width": 4,
                    "Actual Startup Time": 0.009,
                    "Actual Total Time": 0.01,
                    "Actual Rows": 2,
                    "Actual Loops": 638,
                    "Index Cond": "(movie_id = t.id)",
                    "Rows Removed by Index Recheck": 0,
                    "Heap Fetches": 1070
                  }
                ]
              }
            ]
          }
        ]
      }
    ]
  },
  "Planning Time": 1.057,
  "Triggers": [],
  "Execution Time": 56.326
}