[
    {
        "Bao": {
            "Bao prediction": 671.393,
            "Bao recommended hint": "(no hint)"
        }
    },
    {
        "Plan": {
            "Node Type": "Aggregate",
            "Strategy": "Plain",
            "Partial Mode": "Finalize",
            "Parallel Aware": false,
            "Startup Cost": 41900.9,
            "Total Cost": 41900.91,
            "Plan Rows": 1,
            "Plan Width": 8,
            "Actual Startup Time": 176.492,
            "Actual Total Time": 182.428,
            "Actual Rows": 1,
            "Actual Loops": 1,
            "Output": [
                "count(*)"
            ],
            "Plans": [
                {
                    "Node Type": "Gather",
                    "Parent Relationship": "Outer",
                    "Parallel Aware": false,
                    "Startup Cost": 41900.58,
                    "Total Cost": 41900.89,
                    "Plan Rows": 3,
                    "Plan Width": 8,
                    "Actual Startup Time": 176.257,
                    "Actual Total Time": 182.419,
                    "Actual Rows": 4,
                    "Actual Loops": 1,
                    "Output": [
                        "(PARTIAL count(*))"
                    ],
                    "Workers Planned": 3,
                    "Workers Launched": 3,
                    "Single Copy": false,
                    "Plans": [
                        {
                            "Node Type": "Aggregate",
                            "Strategy": "Plain",
                            "Partial Mode": "Partial",
                            "Parent Relationship": "Outer",
                            "Parallel Aware": false,
                            "Startup Cost": 40900.58,
                            "Total Cost": 40900.59,
                            "Plan Rows": 1,
                            "Plan Width": 8,
                            "Actual Startup Time": 168.157,
                            "Actual Total Time": 168.158,
                            "Actual Rows": 1,
                            "Actual Loops": 4,
                            "Output": [
                                "PARTIAL count(*)"
                            ],
                            "Workers": [
                                {
                                    "Worker Number": 0,
                                    "Actual Startup Time": 165.561,
                                    "Actual Total Time": 165.563,
                                    "Actual Rows": 1,
                                    "Actual Loops": 1
                                },
                                {
                                    "Worker Number": 1,
                                    "Actual Startup Time": 165.596,
                                    "Actual Total Time": 165.598,
                                    "Actual Rows": 1,
                                    "Actual Loops": 1
                                },
                                {
                                    "Worker Number": 2,
                                    "Actual Startup Time": 165.791,
                                    "Actual Total Time": 165.793,
                                    "Actual Rows": 1,
                                    "Actual Loops": 1
                                }
                            ],
                            "Plans": [
                                {
                                    "Node Type": "Bitmap Heap Scan",
                                    "Parent Relationship": "Outer",
                                    "Parallel Aware": true,
                                    "Relation Name": "movie_keyword",
                                    "Schema": "public",
                                    "Alias": "mk",
                                    "Startup Cost": 13392.33,
                                    "Total Cost": 40391.54,
                                    "Plan Rows": 203617,
                                    "Plan Width": 0,
                                    "Actual Startup Time": 68.562,
                                    "Actual Total Time": 156.151,
                                    "Actual Rows": 158212,
                                    "Actual Loops": 4,
                                    "Recheck Cond": "(mk.keyword_id < 495)",
                                    "Rows Removed by Index Recheck": 0,
                                    "Exact Heap Blocks": 8665,
                                    "Lossy Heap Blocks": 0,
                                    "Workers": [
                                        {
                                            "Worker Number": 0,
                                            "Actual Startup Time": 66.024,
                                            "Actual Total Time": 154.464,
                                            "Actual Rows": 135084,
                                            "Actual Loops": 1
                                        },
                                        {
                                            "Worker Number": 1,
                                            "Actual Startup Time": 66.198,
                                            "Actual Total Time": 154.385,
                                            "Actual Rows": 136506,
                                            "Actual Loops": 1
                                        },
                                        {
                                            "Worker Number": 2,
                                            "Actual Startup Time": 66.247,
                                            "Actual Total Time": 154.608,
                                            "Actual Rows": 136762,
                                            "Actual Loops": 1
                                        }
                                    ],
                                    "Plans": [
                                        {
                                            "Node Type": "Bitmap Index Scan",
                                            "Parent Relationship": "Outer",
                                            "Parallel Aware": false,
                                            "Index Name": "keyword_id_movie_keyword",
                                            "Startup Cost": 0.0,
                                            "Total Cost": 13234.52,
                                            "Plan Rows": 631212,
                                            "Plan Width": 0,
                                            "Actual Startup Time": 70.117,
                                            "Actual Total Time": 70.118,
                                            "Actual Rows": 632848,
                                            "Actual Loops": 1,
                                            "Index Cond": "(mk.keyword_id < 495)"
                                        }
                                    ]
                                }
                            ]
                        }
                    ]
                }
            ]
        },
        "Planning Time": 3954.899,
        "Triggers": [],
        "Execution Time": 182.55
    }
]