[
  {
    "Plan": {
      "Node Type": "Aggregate",
      "Strategy": "Plain",
      "Partial Mode": "Finalize",
      "Parallel Aware": false,
      "Startup Cost": 33002.13,
      "Total Cost": 33002.14,
      "Plan Rows": 1,
      "Plan Width": 8,
      "Actual Startup Time": 28.673,
      "Actual Total Time": 31.358,
      "Actual Rows": 1,
      "Actual Loops": 1,
      "Plans": [
        {
          "Node Type": "Gather",
          "Parent Relationship": "Outer",
          "Parallel Aware": false,
          "Startup Cost": 33001.92,
          "Total Cost": 33002.13,
          "Plan Rows": 2,
          "Plan Width": 8,
          "Actual Startup Time": 28.25,
          "Actual Total Time": 31.349,
          "Actual Rows": 3,
          "Actual Loops": 1,
          "Workers Planned": 2,
          "Workers Launched": 2,
          "Single Copy": false,
          "Plans": [
            {
              "Node Type": "Aggregate",
              "Strategy": "Plain",
              "Partial Mode": "Partial",
              "Parent Relationship": "Outer",
              "Parallel Aware": false,
              "Startup Cost": 32001.92,
              "Total Cost": 32001.93,
              "Plan Rows": 1,
              "Plan Width": 8,
              "Actual Startup Time": 20.059,
              "Actual Total Time": 20.062,
              "Actual Rows": 1,
              "Actual Loops": 3,
              "Plans": [
                {
                  "Node Type": "Nested Loop",
                  "Parent Relationship": "Outer",
                  "Parallel Aware": false,
                  "Join Type": "Inner",
                  "Startup Cost": 131.8,
                  "Total Cost": 32001.83,
                  "Plan Rows": 37,
                  "Plan Width": 0,
                  "Actual Startup Time": 3.347,
                  "Actual Total Time": 20.025,
                  "Actual Rows": 125,
                  "Actual Loops": 3,
                  "Inner Unique": false,
                  "Plans": [
                    {
                      "Node Type": "Nested Loop",
                      "Parent Relationship": "Outer",
                      "Parallel Aware": false,
                      "Join Type": "Inner",
                      "Startup Cost": 131.37,
                      "Total Cost": 31910.89,
                      "Plan Rows": 68,
                      "Plan Width": 8,
                      "Actual Startup Time": 3.147,
                      "Actual Total Time": 18.937,
                      "Actual Rows": 90,
                      "Actual Loops": 3,
                      "Inner Unique": true,
                      "Plans": [
                        {
                          "Node Type": "Bitmap Heap Scan",
                          "Parent Relationship": "Outer",
                          "Parallel Aware": true,
                          "Relation Name": "movie_keyword",
                          "Alias": "mk",
                          "Startup Cost": 130.94,
                          "Total Cost": 14047.43,
                          "Plan Rows": 2500,
                          "Plan Width": 4,
                          "Actual Startup Time": 1.344,
                          "Actual Total Time": 5.703,
                          "Actual Rows": 1658,
                          "Actual Loops": 3,
                          "Recheck Cond": "(keyword_id > 129527)",
                          "Rows Removed by Index Recheck": 0,
                          "Exact Heap Blocks": 1270,
                          "Lossy Heap Blocks": 0,
                          "Plans": [
                            {
                              "Node Type": "Bitmap Index Scan",
                              "Parent Relationship": "Outer",
                              "Parallel Aware": false,
                              "Index Name": "keyword_id_movie_keyword",
                              "Startup Cost": 0.0,
                              "Total Cost": 129.44,
                              "Plan Rows": 6001,
                              "Plan Width": 0,
                              "Actual Startup Time": 2.866,
                              "Actual Total Time": 2.867,
                              "Actual Rows": 4975,
                              "Actual Loops": 1,
                              "Index Cond": "(keyword_id > 129527)"
                            }
                          ]
                        },
                        {
                          "Node Type": "Index Scan",
                          "Parent Relationship": "Inner",
                          "Parallel Aware": false,
                          "Scan Direction": "Forward",
                          "Index Name": "title_pkey",
                          "Relation Name": "title",
                          "Alias": "t",
                          "Startup Cost": 0.43,
                          "Total Cost": 7.15,
                          "Plan Rows": 1,
                          "Plan Width": 4,
                          "Actual Startup Time": 0.007,
                          "Actual Total Time": 0.007,
                          "Actual Rows": 0,
                          "Actual Loops": 4975,
                          "Index Cond": "(id = mk.movie_id)",
                          "Rows Removed by Index Recheck": 0,
                          "Filter": "((kind_id < 3) AND (production_year > 2011))",
                          "Rows Removed by Filter": 1
                        }
                      ]
                    },
                    {
                      "Node Type": "Index Only Scan",
                      "Parent Relationship": "Inner",
                      "Parallel Aware": false,
                      "Scan Direction": "Forward",
                      "Index Name": "movie_id_movie_info_idx",
                      "Relation Name": "movie_info_idx",
                      "Alias": "mi_idx",
                      "Startup Cost": 0.43,
                      "Total Cost": 1.31,
                      "Plan Rows": 3,
                      "Plan Width": 4,
                      "Actual Startup Time": 0.01,
                      "Actual Total Time": 0.011,
                      "Actual Rows": 1,
                      "Actual Loops": 269,
                      "Index Cond": "(movie_id = t.id)",
                      "Rows Removed by Index Recheck": 0,
                      "Heap Fetches": 375
                    }
                  ]
                }
              ]
            }
          ]
        }
      ]
    },
    "Planning Time": 1.462,
    "Triggers": [],
    "Execution Time": 31.456
  }
]