[
  {
    "Plan": {
      "Node Type": "Aggregate",
      "Strategy": "Plain",
      "Partial Mode": "Finalize",
      "Parallel Aware": false,
      "Startup Cost": 49659.64,
      "Total Cost": 49659.65,
      "Plan Rows": 1,
      "Plan Width": 8,
      "Actual Startup Time": 95.743,
      "Actual Total Time": 109.126,
      "Actual Rows": 1,
      "Actual Loops": 1,
      "Plans": [
        {
          "Node Type": "Gather",
          "Parent Relationship": "Outer",
          "Parallel Aware": false,
          "Startup Cost": 49659.22,
          "Total Cost": 49659.63,
          "Plan Rows": 4,
          "Plan Width": 8,
          "Actual Startup Time": 95.61,
          "Actual Total Time": 109.118,
          "Actual Rows": 5,
          "Actual Loops": 1,
          "Workers Planned": 4,
          "Workers Launched": 4,
          "Single Copy": false,
          "Plans": [
            {
              "Node Type": "Aggregate",
              "Strategy": "Plain",
              "Partial Mode": "Partial",
              "Parent Relationship": "Outer",
              "Parallel Aware": false,
              "Startup Cost": 48659.22,
              "Total Cost": 48659.23,
              "Plan Rows": 1,
              "Plan Width": 8,
              "Actual Startup Time": 86.011,
              "Actual Total Time": 86.013,
              "Actual Rows": 1,
              "Actual Loops": 5,
              "Plans": [
                {
                  "Node Type": "Nested Loop",
                  "Parent Relationship": "Outer",
                  "Parallel Aware": false,
                  "Join Type": "Inner",
                  "Startup Cost": 0.43,
                  "Total Cost": 48657.73,
                  "Plan Rows": 597,
                  "Plan Width": 0,
                  "Actual Startup Time": 62.445,
                  "Actual Total Time": 86.006,
                  "Actual Rows": 1,
                  "Actual Loops": 5,
                  "Inner Unique": false,
                  "Plans": [
                    {
                      "Node Type": "Seq Scan",
                      "Parent Relationship": "Outer",
                      "Parallel Aware": true,
                      "Relation Name": "title",
                      "Alias": "t",
                      "Startup Cost": 0.0,
                      "Total Cost": 45479.1,
                      "Plan Rows": 334,
                      "Plan Width": 4,
                      "Actual Startup Time": 42.05,
                      "Actual Total Time": 85.923,
                      "Actual Rows": 1,
                      "Actual Loops": 5,
                      "Filter": "((kind_id > 1) AND (production_year = 1941))",
                      "Rows Removed by Filter": 505661
                    },
                    {
                      "Node Type": "Index Only Scan",
                      "Parent Relationship": "Inner",
                      "Parallel Aware": false,
                      "Scan Direction": "Forward",
                      "Index Name": "movie_id_movie_keyword",
                      "Relation Name": "movie_keyword",
                      "Alias": "mk",
                      "Startup Cost": 0.43,
                      "Total Cost": 9.07,
                      "Plan Rows": 45,
                      "Plan Width": 4,
                      "Actual Startup Time": 0.06,
                      "Actual Total Time": 0.061,
                      "Actual Rows": 1,
                      "Actual Loops": 6,
                      "Index Cond": "(movie_id = t.id)",
                      "Rows Removed by Index Recheck": 0,
                      "Heap Fetches": 6
                    }
                  ]
                }
              ]
            }
          ]
        }
      ]
    },
    "Planning Time": 0.551,
    "Triggers": [],
    "Execution Time": 109.193
  }
]