[
    {
        "Bao": {
            "Bao prediction": 511.324,
            "Bao recommended hint": "(no hint)"
        }
    },
    {
        "Plan": {
            "Node Type": "Aggregate",
            "Strategy": "Plain",
            "Partial Mode": "Finalize",
            "Parallel Aware": false,
            "Startup Cost": 339412.95,
            "Total Cost": 339412.96,
            "Plan Rows": 1,
            "Plan Width": 8,
            "Actual Startup Time": 785.219,
            "Actual Total Time": 813.049,
            "Actual Rows": 1,
            "Actual Loops": 1,
            "Output": [
                "count(*)"
            ],
            "Plans": [
                {
                    "Node Type": "Gather",
                    "Parent Relationship": "Outer",
                    "Parallel Aware": false,
                    "Startup Cost": 339412.32,
                    "Total Cost": 339412.93,
                    "Plan Rows": 6,
                    "Plan Width": 8,
                    "Actual Startup Time": 785.128,
                    "Actual Total Time": 813.041,
                    "Actual Rows": 7,
                    "Actual Loops": 1,
                    "Output": [
                        "(PARTIAL count(*))"
                    ],
                    "Workers Planned": 6,
                    "Workers Launched": 6,
                    "Single Copy": false,
                    "Plans": [
                        {
                            "Node Type": "Aggregate",
                            "Strategy": "Plain",
                            "Partial Mode": "Partial",
                            "Parent Relationship": "Outer",
                            "Parallel Aware": false,
                            "Startup Cost": 338412.32,
                            "Total Cost": 338412.33,
                            "Plan Rows": 1,
                            "Plan Width": 8,
                            "Actual Startup Time": 775.885,
                            "Actual Total Time": 775.886,
                            "Actual Rows": 1,
                            "Actual Loops": 7,
                            "Output": [
                                "PARTIAL count(*)"
                            ],
                            "Workers": [
                                {
                                    "Worker Number": 0,
                                    "Actual Startup Time": 773.886,
                                    "Actual Total Time": 773.887,
                                    "Actual Rows": 1,
                                    "Actual Loops": 1
                                },
                                {
                                    "Worker Number": 1,
                                    "Actual Startup Time": 773.889,
                                    "Actual Total Time": 773.89,
                                    "Actual Rows": 1,
                                    "Actual Loops": 1
                                },
                                {
                                    "Worker Number": 2,
                                    "Actual Startup Time": 774.231,
                                    "Actual Total Time": 774.232,
                                    "Actual Rows": 1,
                                    "Actual Loops": 1
                                },
                                {
                                    "Worker Number": 3,
                                    "Actual Startup Time": 774.8,
                                    "Actual Total Time": 774.801,
                                    "Actual Rows": 1,
                                    "Actual Loops": 1
                                },
                                {
                                    "Worker Number": 4,
                                    "Actual Startup Time": 774.896,
                                    "Actual Total Time": 774.897,
                                    "Actual Rows": 1,
                                    "Actual Loops": 1
                                },
                                {
                                    "Worker Number": 5,
                                    "Actual Startup Time": 775.195,
                                    "Actual Total Time": 775.195,
                                    "Actual Rows": 1,
                                    "Actual Loops": 1
                                }
                            ],
                            "Plans": [
                                {
                                    "Node Type": "Seq Scan",
                                    "Parent Relationship": "Outer",
                                    "Parallel Aware": true,
                                    "Relation Name": "cast_info",
                                    "Schema": "public",
                                    "Alias": "ci",
                                    "Startup Cost": 0.0,
                                    "Total Cost": 328213.62,
                                    "Plan Rows": 4079482,
                                    "Plan Width": 0,
                                    "Actual Startup Time": 0.063,
                                    "Actual Total Time": 598.999,
                                    "Actual Rows": 3478713,
                                    "Actual Loops": 7,
                                    "Output": [
                                        "id",
                                        "person_id",
                                        "movie_id",
                                        "person_role_id",
                                        "note",
                                        "nr_order",
                                        "role_id"
                                    ],
                                    "Filter": "(ci.person_id < 2501137)",
                                    "Rows Removed by Filter": 1699050,
                                    "Workers": [
                                        {
                                            "Worker Number": 0,
                                            "Actual Startup Time": 0.085,
                                            "Actual Total Time": 597.678,
                                            "Actual Rows": 2599295,
                                            "Actual Loops": 1
                                        },
                                        {
                                            "Worker Number": 1,
                                            "Actual Startup Time": 0.096,
                                            "Actual Total Time": 599.126,
                                            "Actual Rows": 3562003,
                                            "Actual Loops": 1
                                        },
                                        {
                                            "Worker Number": 2,
                                            "Actual Startup Time": 0.06,
                                            "Actual Total Time": 603.434,
                                            "Actual Rows": 2541757,
                                            "Actual Loops": 1
                                        },
                                        {
                                            "Worker Number": 3,
                                            "Actual Startup Time": 0.058,
                                            "Actual Total Time": 600.364,
                                            "Actual Rows": 3560485,
                                            "Actual Loops": 1
                                        },
                                        {
                                            "Worker Number": 4,
                                            "Actual Startup Time": 0.057,
                                            "Actual Total Time": 600.319,
                                            "Actual Rows": 3560674,
                                            "Actual Loops": 1
                                        },
                                        {
                                            "Worker Number": 5,
                                            "Actual Startup Time": 0.06,
                                            "Actual Total Time": 600.701,
                                            "Actual Rows": 3557527,
                                            "Actual Loops": 1
                                        }
                                    ]
                                }
                            ]
                        }
                    ]
                }
            ]
        },
        "Planning Time": 550.089,
        "Triggers": [],
        "Execution Time": 813.137
    }
]