[
  {
    "Plan": {
      "Node Type": "Aggregate",
      "Strategy": "Plain",
      "Partial Mode": "Finalize",
      "Parallel Aware": false,
      "Startup Cost": 327898.27,
      "Total Cost": 327898.28,
      "Plan Rows": 1,
      "Plan Width": 8,
      "Actual Startup Time": 284.952,
      "Actual Total Time": 295.165,
      "Actual Rows": 1,
      "Actual Loops": 1,
      "Plans": [
        {
          "Node Type": "Gather",
          "Parent Relationship": "Outer",
          "Parallel Aware": false,
          "Startup Cost": 327897.64,
          "Total Cost": 327898.25,
          "Plan Rows": 6,
          "Plan Width": 8,
          "Actual Startup Time": 283.812,
          "Actual Total Time": 295.157,
          "Actual Rows": 7,
          "Actual Loops": 1,
          "Workers Planned": 6,
          "Workers Launched": 6,
          "Single Copy": false,
          "Plans": [
            {
              "Node Type": "Aggregate",
              "Strategy": "Plain",
              "Partial Mode": "Partial",
              "Parent Relationship": "Outer",
              "Parallel Aware": false,
              "Startup Cost": 326897.64,
              "Total Cost": 326897.65,
              "Plan Rows": 1,
              "Plan Width": 8,
              "Actual Startup Time": 274.918,
              "Actual Total Time": 274.92,
              "Actual Rows": 1,
              "Actual Loops": 7,
              "Plans": [
                {
                  "Node Type": "Bitmap Heap Scan",
                  "Parent Relationship": "Outer",
                  "Parallel Aware": true,
                  "Relation Name": "cast_info",
                  "Alias": "ci",
                  "Startup Cost": 66664.77,
                  "Total Cost": 325640.0,
                  "Plan Rows": 503058,
                  "Plan Width": 0,
                  "Actual Startup Time": 156.26,
                  "Actual Total Time": 252.328,
                  "Actual Rows": 440346,
                  "Actual Loops": 7,
                  "Recheck Cond": "(person_id < 298787)",
                  "Rows Removed by Index Recheck": 0,
                  "Exact Heap Blocks": 7446,
                  "Lossy Heap Blocks": 0,
                  "Plans": [
                    {
                      "Node Type": "Bitmap Index Scan",
                      "Parent Relationship": "Outer",
                      "Parallel Aware": false,
                      "Index Name": "person_id_cast_info",
                      "Startup Cost": 0.0,
                      "Total Cost": 65910.18,
                      "Plan Rows": 3018349,
                      "Plan Width": 0,
                      "Actual Startup Time": 158.932,
                      "Actual Total Time": 158.932,
                      "Actual Rows": 3082423,
                      "Actual Loops": 1,
                      "Index Cond": "(person_id < 298787)"
                    }
                  ]
                }
              ]
            }
          ]
        }
      ]
    },
    "Planning Time": 0.161,
    "Triggers": [],
    "Execution Time": 295.228
  }
]