[
    {
        "Bao": {
            "Bao prediction": "NaN",
            "Bao recommended hint": "(no hint)"
        }
    },
    {
        "Plan": {
            "Node Type": "Aggregate",
            "Strategy": "Plain",
            "Partial Mode": "Finalize",
            "Parallel Aware": false,
            "Startup Cost": 71644.21,
            "Total Cost": 71644.22,
            "Plan Rows": 1,
            "Plan Width": 8,
            "Actual Startup Time": 169.152,
            "Actual Total Time": 178.444,
            "Actual Rows": 1,
            "Actual Loops": 1,
            "Output": [
                "count(*)"
            ],
            "Plans": [
                {
                    "Node Type": "Gather",
                    "Parent Relationship": "Outer",
                    "Parallel Aware": false,
                    "Startup Cost": 71643.79,
                    "Total Cost": 71644.2,
                    "Plan Rows": 4,
                    "Plan Width": 8,
                    "Actual Startup Time": 168.706,
                    "Actual Total Time": 178.436,
                    "Actual Rows": 5,
                    "Actual Loops": 1,
                    "Output": [
                        "(PARTIAL count(*))"
                    ],
                    "Workers Planned": 4,
                    "Workers Launched": 4,
                    "Single Copy": false,
                    "Plans": [
                        {
                            "Node Type": "Aggregate",
                            "Strategy": "Plain",
                            "Partial Mode": "Partial",
                            "Parent Relationship": "Outer",
                            "Parallel Aware": false,
                            "Startup Cost": 70643.79,
                            "Total Cost": 70643.8,
                            "Plan Rows": 1,
                            "Plan Width": 8,
                            "Actual Startup Time": 159.103,
                            "Actual Total Time": 159.107,
                            "Actual Rows": 1,
                            "Actual Loops": 5,
                            "Output": [
                                "PARTIAL count(*)"
                            ],
                            "Workers": [
                                {
                                    "Worker Number": 0,
                                    "Actual Startup Time": 156.328,
                                    "Actual Total Time": 156.337,
                                    "Actual Rows": 1,
                                    "Actual Loops": 1
                                },
                                {
                                    "Worker Number": 1,
                                    "Actual Startup Time": 156.642,
                                    "Actual Total Time": 156.645,
                                    "Actual Rows": 1,
                                    "Actual Loops": 1
                                },
                                {
                                    "Worker Number": 2,
                                    "Actual Startup Time": 157.017,
                                    "Actual Total Time": 157.019,
                                    "Actual Rows": 1,
                                    "Actual Loops": 1
                                },
                                {
                                    "Worker Number": 3,
                                    "Actual Startup Time": 157.343,
                                    "Actual Total Time": 157.346,
                                    "Actual Rows": 1,
                                    "Actual Loops": 1
                                }
                            ],
                            "Plans": [
                                {
                                    "Node Type": "Hash Join",
                                    "Parent Relationship": "Outer",
                                    "Parallel Aware": true,
                                    "Join Type": "Inner",
                                    "Startup Cost": 25433.33,
                                    "Total Cost": 70614.49,
                                    "Plan Rows": 11718,
                                    "Plan Width": 0,
                                    "Actual Startup Time": 70.646,
                                    "Actual Total Time": 158.723,
                                    "Actual Rows": 4449,
                                    "Actual Loops": 5,
                                    "Inner Unique": false,
                                    "Hash Cond": "(t.id = mc.movie_id)",
                                    "Workers": [
                                        {
                                            "Worker Number": 0,
                                            "Actual Startup Time": 67.856,
                                            "Actual Total Time": 155.92,
                                            "Actual Rows": 4086,
                                            "Actual Loops": 1
                                        },
                                        {
                                            "Worker Number": 1,
                                            "Actual Startup Time": 68.213,
                                            "Actual Total Time": 156.237,
                                            "Actual Rows": 4193,
                                            "Actual Loops": 1
                                        },
                                        {
                                            "Worker Number": 2,
                                            "Actual Startup Time": 68.525,
                                            "Actual Total Time": 156.618,
                                            "Actual Rows": 3982,
                                            "Actual Loops": 1
                                        },
                                        {
                                            "Worker Number": 3,
                                            "Actual Startup Time": 68.921,
                                            "Actual Total Time": 156.946,
                                            "Actual Rows": 3880,
                                            "Actual Loops": 1
                                        }
                                    ],
                                    "Plans": [
                                        {
                                            "Node Type": "Seq Scan",
                                            "Parent Relationship": "Outer",
                                            "Parallel Aware": true,
                                            "Relation Name": "title",
                                            "Schema": "public",
                                            "Alias": "t",
                                            "Startup Cost": 0.0,
                                            "Total Cost": 43899.01,
                                            "Plan Rows": 248871,
                                            "Plan Width": 4,
                                            "Actual Startup Time": 0.01,
                                            "Actual Total Time": 65.586,
                                            "Actual Rows": 197010,
                                            "Actual Loops": 5,
                                            "Output": [
                                                "t.id",
                                                "t.title",
                                                "t.imdb_index",
                                                "t.kind_id",
                                                "t.production_year",
                                                "t.imdb_id",
                                                "t.phonetic_code",
                                                "t.episode_of_id",
                                                "t.season_nr",
                                                "t.episode_nr",
                                                "t.series_years",
                                                "t.md5sum"
                                            ],
                                            "Filter": "(t.kind_id < 7)",
                                            "Rows Removed by Filter": 308653,
                                            "Workers": [
                                                {
                                                    "Worker Number": 0,
                                                    "Actual Startup Time": 0.008,
                                                    "Actual Total Time": 66.293,
                                                    "Actual Rows": 183470,
                                                    "Actual Loops": 1
                                                },
                                                {
                                                    "Worker Number": 1,
                                                    "Actual Startup Time": 0.01,
                                                    "Actual Total Time": 66.436,
                                                    "Actual Rows": 186524,
                                                    "Actual Loops": 1
                                                },
                                                {
                                                    "Worker Number": 2,
                                                    "Actual Startup Time": 0.013,
                                                    "Actual Total Time": 66.012,
                                                    "Actual Rows": 181508,
                                                    "Actual Loops": 1
                                                },
                                                {
                                                    "Worker Number": 3,
                                                    "Actual Startup Time": 0.009,
                                                    "Actual Total Time": 66.094,
                                                    "Actual Rows": 182577,
                                                    "Actual Loops": 1
                                                }
                                            ]
                                        },
                                        {
                                            "Node Type": "Hash",
                                            "Parent Relationship": "Inner",
                                            "Parallel Aware": true,
                                            "Startup Cost": 24953.31,
                                            "Total Cost": 24953.31,
                                            "Plan Rows": 38402,
                                            "Plan Width": 4,
                                            "Actual Startup Time": 69.471,
                                            "Actual Total Time": 69.472,
                                            "Actual Rows": 10878,
                                            "Actual Loops": 5,
                                            "Output": [
                                                "mc.movie_id"
                                            ],
                                            "Hash Buckets": 131072,
                                            "Original Hash Buckets": 131072,
                                            "Hash Batches": 1,
                                            "Original Hash Batches": 1,
                                            "Peak Memory Usage": 3232,
                                            "Workers": [
                                                {
                                                    "Worker Number": 0,
                                                    "Actual Startup Time": 67.428,
                                                    "Actual Total Time": 67.429,
                                                    "Actual Rows": 9065,
                                                    "Actual Loops": 1
                                                },
                                                {
                                                    "Worker Number": 1,
                                                    "Actual Startup Time": 67.717,
                                                    "Actual Total Time": 67.718,
                                                    "Actual Rows": 8916,
                                                    "Actual Loops": 1
                                                },
                                                {
                                                    "Worker Number": 2,
                                                    "Actual Startup Time": 68.014,
                                                    "Actual Total Time": 68.015,
                                                    "Actual Rows": 8475,
                                                    "Actual Loops": 1
                                                },
                                                {
                                                    "Worker Number": 3,
                                                    "Actual Startup Time": 68.411,
                                                    "Actual Total Time": 68.413,
                                                    "Actual Rows": 8605,
                                                    "Actual Loops": 1
                                                }
                                            ],
                                            "Plans": [
                                                {
                                                    "Node Type": "Bitmap Heap Scan",
                                                    "Parent Relationship": "Outer",
                                                    "Parallel Aware": true,
                                                    "Relation Name": "movie_companies",
                                                    "Schema": "public",
                                                    "Alias": "mc",
                                                    "Startup Cost": 5033.46,
                                                    "Total Cost": 24953.31,
                                                    "Plan Rows": 38402,
                                                    "Plan Width": 4,
                                                    "Actual Startup Time": 54.175,
                                                    "Actual Total Time": 66.011,
                                                    "Actual Rows": 10878,
                                                    "Actual Loops": 5,
                                                    "Output": [
                                                        "mc.movie_id"
                                                    ],
                                                    "Recheck Cond": "(mc.company_id < 93)",
                                                    "Rows Removed by Index Recheck": 0,
                                                    "Filter": "(mc.company_type_id > 1)",
                                                    "Rows Removed by Filter": 35655,
                                                    "Exact Heap Blocks": 8954,
                                                    "Lossy Heap Blocks": 0,
                                                    "Workers": [
                                                        {
                                                            "Worker Number": 0,
                                                            "Actual Startup Time": 52.107,
                                                            "Actual Total Time": 64.199,
                                                            "Actual Rows": 9065,
                                                            "Actual Loops": 1
                                                        },
                                                        {
                                                            "Worker Number": 1,
                                                            "Actual Startup Time": 52.429,
                                                            "Actual Total Time": 64.601,
                                                            "Actual Rows": 8916,
                                                            "Actual Loops": 1
                                                        },
                                                        {
                                                            "Worker Number": 2,
                                                            "Actual Startup Time": 52.703,
                                                            "Actual Total Time": 64.649,
                                                            "Actual Rows": 8475,
                                                            "Actual Loops": 1
                                                        },
                                                        {
                                                            "Worker Number": 3,
                                                            "Actual Startup Time": 53.102,
                                                            "Actual Total Time": 64.966,
                                                            "Actual Rows": 8605,
                                                            "Actual Loops": 1
                                                        }
                                                    ],
                                                    "Plans": [
                                                        {
                                                            "Node Type": "Bitmap Index Scan",
                                                            "Parent Relationship": "Outer",
                                                            "Parallel Aware": false,
                                                            "Index Name": "company_id_movie_companies",
                                                            "Startup Cost": 0.0,
                                                            "Total Cost": 5003.69,
                                                            "Plan Rows": 233502,
                                                            "Plan Width": 0,
                                                            "Actual Startup Time": 23.033,
                                                            "Actual Total Time": 23.034,
                                                            "Actual Rows": 232665,
                                                            "Actual Loops": 1,
                                                            "Index Cond": "(mc.company_id < 93)"
                                                        }
                                                    ]
                                                }
                                            ]
                                        }
                                    ]
                                }
                            ]
                        }
                    ]
                }
            ]
        },
        "Planning Time": 218.381,
        "Triggers": [],
        "Execution Time": 178.533
    }
]