[
  {
    "Plan": {
      "Node Type": "Aggregate",
      "Strategy": "Plain",
      "Partial Mode": "Finalize",
      "Parallel Aware": false,
      "Startup Cost": 345202.02,
      "Total Cost": 345202.03,
      "Plan Rows": 1,
      "Plan Width": 8,
      "Actual Startup Time": 278.006,
      "Actual Total Time": 296.301,
      "Actual Rows": 1,
      "Actual Loops": 1,
      "Plans": [
        {
          "Node Type": "Gather",
          "Parent Relationship": "Outer",
          "Parallel Aware": false,
          "Startup Cost": 345201.4,
          "Total Cost": 345202.01,
          "Plan Rows": 6,
          "Plan Width": 8,
          "Actual Startup Time": 276.714,
          "Actual Total Time": 296.292,
          "Actual Rows": 7,
          "Actual Loops": 1,
          "Workers Planned": 6,
          "Workers Launched": 6,
          "Single Copy": false,
          "Plans": [
            {
              "Node Type": "Aggregate",
              "Strategy": "Plain",
              "Partial Mode": "Partial",
              "Parent Relationship": "Outer",
              "Parallel Aware": false,
              "Startup Cost": 344201.4,
              "Total Cost": 344201.41,
              "Plan Rows": 1,
              "Plan Width": 8,
              "Actual Startup Time": 268.356,
              "Actual Total Time": 268.36,
              "Actual Rows": 1,
              "Actual Loops": 7,
              "Plans": [
                {
                  "Node Type": "Hash Join",
                  "Parent Relationship": "Outer",
                  "Parallel Aware": true,
                  "Join Type": "Inner",
                  "Startup Cost": 86533.16,
                  "Total Cost": 344169.68,
                  "Plan Rows": 12687,
                  "Plan Width": 0,
                  "Actual Startup Time": 224.193,
                  "Actual Total Time": 267.97,
                  "Actual Rows": 7535,
                  "Actual Loops": 7,
                  "Inner Unique": true,
                  "Hash Cond": "(ci.movie_id = t.id)",
                  "Plans": [
                    {
                      "Node Type": "Bitmap Heap Scan",
                      "Parent Relationship": "Outer",
                      "Parallel Aware": true,
                      "Relation Name": "cast_info",
                      "Alias": "ci",
                      "Startup Cost": 40313.55,
                      "Total Cost": 297594.48,
                      "Plan Rows": 135460,
                      "Plan Width": 4,
                      "Actual Startup Time": 132.602,
                      "Actual Total Time": 158.584,
                      "Actual Rows": 76772,
                      "Actual Loops": 7,
                      "Recheck Cond": "(person_id < 186641)",
                      "Rows Removed by Index Recheck": 0,
                      "Filter": "(role_id > 2)",
                      "Rows Removed by Filter": 194134,
                      "Exact Heap Blocks": 4868,
                      "Lossy Heap Blocks": 0,
                      "Plans": [
                        {
                          "Node Type": "Bitmap Index Scan",
                          "Parent Relationship": "Outer",
                          "Parallel Aware": false,
                          "Index Name": "person_id_cast_info",
                          "Startup Cost": 0.0,
                          "Total Cost": 40110.36,
                          "Plan Rows": 1837573,
                          "Plan Width": 0,
                          "Actual Startup Time": 79.084,
                          "Actual Total Time": 79.085,
                          "Actual Rows": 1896341,
                          "Actual Loops": 1,
                          "Index Cond": "(person_id < 186641)"
                        }
                      ]
                    },
                    {
                      "Node Type": "Hash",
                      "Parent Relationship": "Inner",
                      "Parallel Aware": true,
                      "Startup Cost": 45479.59,
                      "Total Cost": 45479.59,
                      "Plan Rows": 59202,
                      "Plan Width": 4,
                      "Actual Startup Time": 90.218,
                      "Actual Total Time": 90.219,
                      "Actual Rows": 36701,
                      "Actual Loops": 7,
                      "Hash Buckets": 262144,
                      "Original Hash Buckets": 262144,
                      "Hash Batches": 1,
                      "Original Hash Batches": 1,
                      "Peak Memory Usage": 12256,
                      "Plans": [
                        {
                          "Node Type": "Seq Scan",
                          "Parent Relationship": "Outer",
                          "Parallel Aware": true,
                          "Relation Name": "title",
                          "Alias": "t",
                          "Startup Cost": 0.0,
                          "Total Cost": 45479.59,
                          "Plan Rows": 59202,
                          "Plan Width": 4,
                          "Actual Startup Time": 0.041,
                          "Actual Total Time": 73.792,
                          "Actual Rows": 36701,
                          "Actual Loops": 7,
                          "Filter": "((production_year > 2010) AND (kind_id = 7))",
                          "Rows Removed by Filter": 324487
                        }
                      ]
                    }
                  ]
                }
              ]
            }
          ]
        }
      ]
    },
    "Planning Time": 0.292,
    "Triggers": [],
    "Execution Time": 296.368
  }
]