{
  "Plan": {
    "Node Type": "Aggregate",
    "Strategy": "Plain",
    "Partial Mode": "Finalize",
    "Parallel Aware": false,
    "Startup Cost": 734963.02,
    "Total Cost": 734963.03,
    "Plan Rows": 1,
    "Plan Width": 8,
    "Actual Startup Time": 6303.273,
    "Actual Total Time": 6353.43,
    "Actual Rows": 1,
    "Actual Loops": 1,
    "Plans": [
      {
        "Node Type": "Gather",
        "Parent Relationship": "Outer",
        "Parallel Aware": false,
        "Startup Cost": 734962.9,
        "Total Cost": 734963.01,
        "Plan Rows": 1,
        "Plan Width": 8,
        "Actual Startup Time": 6294.803,
        "Actual Total Time": 6353.42,
        "Actual Rows": 2,
        "Actual Loops": 1,
        "Workers Planned": 1,
        "Workers Launched": 1,
        "Single Copy": false,
        "Plans": [
          {
            "Node Type": "Aggregate",
            "Strategy": "Plain",
            "Partial Mode": "Partial",
            "Parent Relationship": "Outer",
            "Parallel Aware": false,
            "Startup Cost": 733962.9,
            "Total Cost": 733962.91,
            "Plan Rows": 1,
            "Plan Width": 8,
            "Actual Startup Time": 6290.492,
            "Actual Total Time": 6290.796,
            "Actual Rows": 1,
            "Actual Loops": 2,
            "Plans": [
              {
                "Node Type": "Hash Join",
                "Parent Relationship": "Outer",
                "Parallel Aware": true,
                "Join Type": "Inner",
                "Startup Cost": 422829.73,
                "Total Cost": 725144.85,
                "Plan Rows": 3527220,
                "Plan Width": 0,
                "Actual Startup Time": 1866.192,
                "Actual Total Time": 5722.148,
                "Actual Rows": 13867292,
                "Actual Loops": 2,
                "Inner Unique": false,
                "Hash Cond": "(mi.movie_id = t.id)",
                "Plans": [
                  {
                    "Node Type": "Seq Scan",
                    "Parent Relationship": "Outer",
                    "Parallel Aware": true,
                    "Relation Name": "movie_info",
                    "Alias": "mi",
                    "Startup Cost": 0.0,
                    "Total Cost": 248955.74,
                    "Plan Rows": 8696274,
                    "Plan Width": 4,
                    "Actual Startup Time": 0.017,
                    "Actual Total Time": 682.856,
                    "Actual Rows": 7417860,
                    "Actual Loops": 2
                  },
                  {
                    "Node Type": "Hash",
                    "Parent Relationship": "Inner",
                    "Parallel Aware": true,
                    "Startup Cost": 415289.44,
                    "Total Cost": 415289.44,
                    "Plan Rows": 603223,
                    "Plan Width": 8,
                    "Actual Startup Time": 1860.59,
                    "Actual Total Time": 1860.892,
                    "Actual Rows": 1093944,
                    "Actual Loops": 2,
                    "Hash Buckets": 4194304,
                    "Original Hash Buckets": 1048576,
                    "Hash Batches": 1,
                    "Original Hash Batches": 1,
                    "Peak Memory Usage": 142976,
                    "Plans": [
                      {
                        "Node Type": "Hash Join",
                        "Parent Relationship": "Outer",
                        "Parallel Aware": true,
                        "Join Type": "Inner",
                        "Startup Cost": 134743.66,
                        "Total Cost": 415289.44,
                        "Plan Rows": 603223,
                        "Plan Width": 8,
                        "Actual Startup Time": 680.271,
                        "Actual Total Time": 1453.748,
                        "Actual Rows": 1093944,
                        "Actual Loops": 2,
                        "Inner Unique": true,
                        "Hash Cond": "(ci.movie_id = t.id)",
                        "Plans": [
                          {
                            "Node Type": "Bitmap Heap Scan",
                            "Parent Relationship": "Outer",
                            "Parallel Aware": true,
                            "Relation Name": "cast_info",
                            "Alias": "ci",
                            "Startup Cost": 65282.96,
                            "Total Cost": 344245.28,
                            "Plan Rows": 603223,
                            "Plan Width": 4,
                            "Actual Startup Time": 105.36,
                            "Actual Total Time": 329.213,
                            "Actual Rows": 1093944,
                            "Actual Loops": 2,
                            "Recheck Cond": "(person_id < 294751)",
                            "Rows Removed by Index Recheck": 0,
                            "Filter": "(role_id < 2)",
                            "Rows Removed by Filter": 424676,
                            "Exact Heap Blocks": 15979,
                            "Lossy Heap Blocks": 0,
                            "Plans": [
                              {
                                "Node Type": "Bitmap Index Scan",
                                "Parent Relationship": "Outer",
                                "Parallel Aware": false,
                                "Index Name": "person_id_cast_info",
                                "Startup Cost": 0.0,
                                "Total Cost": 65026.59,
                                "Plan Rows": 2977870,
                                "Plan Width": 0,
                                "Actual Startup Time": 100.094,
                                "Actual Total Time": 100.094,
                                "Actual Rows": 3037238,
                                "Actual Loops": 1,
                                "Index Cond": "(person_id < 294751)"
                              }
                            ]
                          },
                          {
                            "Node Type": "Hash",
                            "Parent Relationship": "Inner",
                            "Parallel Aware": true,
                            "Startup Cost": 50870.31,
                            "Total Cost": 50870.31,
                            "Plan Rows": 1487231,
                            "Plan Width": 4,
                            "Actual Startup Time": 561.207,
                            "Actual Total Time": 561.208,
                            "Actual Rows": 1264156,
                            "Actual Loops": 2,
                            "Hash Buckets": 4194304,
                            "Original Hash Buckets": 4194304,
                            "Hash Batches": 1,
                            "Original Hash Batches": 1,
                            "Peak Memory Usage": 131712,
                            "Plans": [
                              {
                                "Node Type": "Seq Scan",
                                "Parent Relationship": "Outer",
                                "Parallel Aware": true,
                                "Relation Name": "title",
                                "Alias": "t",
                                "Startup Cost": 0.0,
                                "Total Cost": 50870.31,
                                "Plan Rows": 1487231,
                                "Plan Width": 4,
                                "Actual Startup Time": 0.026,
                                "Actual Total Time": 160.075,
                                "Actual Rows": 1264156,
                                "Actual Loops": 2
                              }
                            ]
                          }
                        ]
                      }
                    ]
                  }
                ]
              }
            ]
          }
        ]
      }
    ]
  },
  "Planning Time": 0.501,
  "Triggers": [],
  "Execution Time": 6353.502
}