[
  {
    "Plan": {
      "Node Type": "Aggregate",
      "Strategy": "Plain",
      "Partial Mode": "Finalize",
      "Parallel Aware": false,
      "Startup Cost": 380956.78,
      "Total Cost": 380956.79,
      "Plan Rows": 1,
      "Plan Width": 8,
      "Actual Startup Time": 1999.335,
      "Actual Total Time": 2069.425,
      "Actual Rows": 1,
      "Actual Loops": 1,
      "Plans": [
        {
          "Node Type": "Gather",
          "Parent Relationship": "Outer",
          "Parallel Aware": false,
          "Startup Cost": 380956.15,
          "Total Cost": 380956.76,
          "Plan Rows": 6,
          "Plan Width": 8,
          "Actual Startup Time": 1993.596,
          "Actual Total Time": 2069.409,
          "Actual Rows": 7,
          "Actual Loops": 1,
          "Workers Planned": 6,
          "Workers Launched": 6,
          "Single Copy": false,
          "Plans": [
            {
              "Node Type": "Aggregate",
              "Strategy": "Plain",
              "Partial Mode": "Partial",
              "Parent Relationship": "Outer",
              "Parallel Aware": false,
              "Startup Cost": 379956.15,
              "Total Cost": 379956.16,
              "Plan Rows": 1,
              "Plan Width": 8,
              "Actual Startup Time": 1984.922,
              "Actual Total Time": 1984.925,
              "Actual Rows": 1,
              "Actual Loops": 7,
              "Plans": [
                {
                  "Node Type": "Hash Join",
                  "Parent Relationship": "Outer",
                  "Parallel Aware": true,
                  "Join Type": "Inner",
                  "Startup Cost": 47371.92,
                  "Total Cost": 376338.58,
                  "Plan Rows": 1447028,
                  "Plan Width": 0,
                  "Actual Startup Time": 118.478,
                  "Actual Total Time": 1918.517,
                  "Actual Rows": 1318836,
                  "Actual Loops": 7,
                  "Inner Unique": true,
                  "Hash Cond": "(ci.movie_id = t.id)",
                  "Plans": [
                    {
                      "Node Type": "Seq Scan",
                      "Parent Relationship": "Outer",
                      "Parallel Aware": true,
                      "Relation Name": "cast_info",
                      "Alias": "ci",
                      "Startup Cost": 0.0,
                      "Total Cost": 313106.51,
                      "Plan Rows": 6041951,
                      "Plan Width": 4,
                      "Actual Startup Time": 0.023,
                      "Actual Total Time": 606.262,
                      "Actual Rows": 5177763,
                      "Actual Loops": 7
                    },
                    {
                      "Node Type": "Hash",
                      "Parent Relationship": "Inner",
                      "Parallel Aware": true,
                      "Startup Cost": 45479.59,
                      "Total Cost": 45479.59,
                      "Plan Rows": 151387,
                      "Plan Width": 4,
                      "Actual Startup Time": 116.114,
                      "Actual Total Time": 116.115,
                      "Actual Rows": 73018,
                      "Actual Loops": 7,
                      "Hash Buckets": 1048576,
                      "Original Hash Buckets": 1048576,
                      "Hash Batches": 1,
                      "Original Hash Batches": 1,
                      "Peak Memory Usage": 28288,
                      "Plans": [
                        {
                          "Node Type": "Seq Scan",
                          "Parent Relationship": "Outer",
                          "Parallel Aware": true,
                          "Relation Name": "title",
                          "Alias": "t",
                          "Startup Cost": 0.0,
                          "Total Cost": 45479.59,
                          "Plan Rows": 151387,
                          "Plan Width": 4,
                          "Actual Startup Time": 42.157,
                          "Actual Total Time": 81.571,
                          "Actual Rows": 73018,
                          "Actual Loops": 7,
                          "Filter": "((production_year > 1941) AND (kind_id = 1))",
                          "Rows Removed by Filter": 288169
                        }
                      ]
                    }
                  ]
                }
              ]
            }
          ]
        }
      ]
    },
    "Planning Time": 0.254,
    "Triggers": [],
    "Execution Time": 2069.478
  }
]