{
  "Plan": {
    "Node Type": "Aggregate",
    "Strategy": "Plain",
    "Partial Mode": "Finalize",
    "Parallel Aware": false,
    "Startup Cost": 141496.91,
    "Total Cost": 141496.92,
    "Plan Rows": 1,
    "Plan Width": 8,
    "Actual Startup Time": 833.233,
    "Actual Total Time": 858.462,
    "Actual Rows": 1,
    "Actual Loops": 1,
    "Plans": [
      {
        "Node Type": "Gather",
        "Parent Relationship": "Outer",
        "Parallel Aware": false,
        "Startup Cost": 141496.8,
        "Total Cost": 141496.91,
        "Plan Rows": 1,
        "Plan Width": 8,
        "Actual Startup Time": 819.965,
        "Actual Total Time": 858.45,
        "Actual Rows": 2,
        "Actual Loops": 1,
        "Workers Planned": 1,
        "Workers Launched": 1,
        "Single Copy": false,
        "Plans": [
          {
            "Node Type": "Aggregate",
            "Strategy": "Plain",
            "Partial Mode": "Partial",
            "Parent Relationship": "Outer",
            "Parallel Aware": false,
            "Startup Cost": 140496.8,
            "Total Cost": 140496.81,
            "Plan Rows": 1,
            "Plan Width": 8,
            "Actual Startup Time": 813.39,
            "Actual Total Time": 813.4,
            "Actual Rows": 1,
            "Actual Loops": 2,
            "Plans": [
              {
                "Node Type": "Merge Join",
                "Parent Relationship": "Outer",
                "Parallel Aware": false,
                "Join Type": "Inner",
                "Startup Cost": 138510.56,
                "Total Cost": 140464.61,
                "Plan Rows": 12877,
                "Plan Width": 0,
                "Actual Startup Time": 781.84,
                "Actual Total Time": 812.255,
                "Actual Rows": 25962,
                "Actual Loops": 2,
                "Inner Unique": false,
                "Merge Cond": "(t.id = mc.movie_id)",
                "Plans": [
                  {
                    "Node Type": "Sort",
                    "Parent Relationship": "Outer",
                    "Parallel Aware": false,
                    "Startup Cost": 93891.28,
                    "Total Cost": 94277.59,
                    "Plan Rows": 154522,
                    "Plan Width": 8,
                    "Actual Startup Time": 694.871,
                    "Actual Total Time": 705.097,
                    "Actual Rows": 141836,
                    "Actual Loops": 2,
                    "Sort Key": [
                      "ci.movie_id"
                    ],
                    "Sort Method": "quicksort",
                    "Sort Space Used": 12841,
                    "Sort Space Type": "Memory",
                    "Workers": [
                      {
                        "Worker Number": 0,
                        "Sort Method": "quicksort",
                        "Sort Space Used": 12745,
                        "Sort Space Type": "Memory"
                      }
                    ],
                    "Plans": [
                      {
                        "Node Type": "Hash Join",
                        "Parent Relationship": "Outer",
                        "Parallel Aware": true,
                        "Join Type": "Inner",
                        "Startup Cost": 70961.23,
                        "Total Cost": 80573.45,
                        "Plan Rows": 154522,
                        "Plan Width": 8,
                        "Actual Startup Time": 553.796,
                        "Actual Total Time": 663.29,
                        "Actual Rows": 141837,
                        "Actual Loops": 2,
                        "Inner Unique": true,
                        "Hash Cond": "(ci.movie_id = t.id)",
                        "Plans": [
                          {
                            "Node Type": "Index Scan",
                            "Parent Relationship": "Outer",
                            "Parallel Aware": true,
                            "Scan Direction": "Forward",
                            "Index Name": "role_id_cast_info",
                            "Relation Name": "cast_info",
                            "Alias": "ci",
                            "Startup Cost": 0.56,
                            "Total Cost": 9152.21,
                            "Plan Rows": 175457,
                            "Plan Width": 4,
                            "Actual Startup Time": 0.057,
                            "Actual Total Time": 27.599,
                            "Actual Rows": 158059,
                            "Actual Loops": 2,
                            "Index Cond": "(role_id > 10)",
                            "Rows Removed by Index Recheck": 0
                          },
                          {
                            "Node Type": "Hash",
                            "Parent Relationship": "Inner",
                            "Parallel Aware": true,
                            "Startup Cost": 54588.39,
                            "Total Cost": 54588.39,
                            "Plan Rows": 1309782,
                            "Plan Width": 4,
                            "Actual Startup Time": 534.468,
                            "Actual Total Time": 534.471,
                            "Actual Rows": 1112284,
                            "Actual Loops": 2,
                            "Hash Buckets": 4194304,
                            "Original Hash Buckets": 4194304,
                            "Hash Batches": 1,
                            "Original Hash Batches": 1,
                            "Peak Memory Usage": 119840,
                            "Plans": [
                              {
                                "Node Type": "Seq Scan",
                                "Parent Relationship": "Outer",
                                "Parallel Aware": true,
                                "Relation Name": "title",
                                "Alias": "t",
                                "Startup Cost": 0.0,
                                "Total Cost": 54588.39,
                                "Plan Rows": 1309782,
                                "Plan Width": 4,
                                "Actual Startup Time": 0.021,
                                "Actual Total Time": 184.004,
                                "Actual Rows": 1112284,
                                "Actual Loops": 2,
                                "Filter": "(production_year < 2012)",
                                "Rows Removed by Filter": 151872
                              }
                            ]
                          }
                        ]
                      }
                    ]
                  },
                  {
                    "Node Type": "Sort",
                    "Parent Relationship": "Inner",
                    "Parallel Aware": false,
                    "Startup Cost": 44619.26,
                    "Total Cost": 45146.0,
                    "Plan Rows": 210693,
                    "Plan Width": 4,
                    "Actual Startup Time": 77.708,
                    "Actual Total Time": 85.48,
                    "Actual Rows": 207382,
                    "Actual Loops": 2,
                    "Sort Key": [
                      "mc.movie_id"
                    ],
                    "Sort Method": "quicksort",
                    "Sort Space Used": 15796,
                    "Sort Space Type": "Memory",
                    "Workers": [
                      {
                        "Worker Number": 0,
                        "Sort Method": "quicksort",
                        "Sort Space Used": 15796,
                        "Sort Space Type": "Memory"
                      }
                    ],
                    "Plans": [
                      {
                        "Node Type": "Bitmap Heap Scan",
                        "Parent Relationship": "Outer",
                        "Parallel Aware": false,
                        "Relation Name": "movie_companies",
                        "Alias": "mc",
                        "Startup Cost": 4565.3,
                        "Total Cost": 25988.96,
                        "Plan Rows": 210693,
                        "Plan Width": 4,
                        "Actual Startup Time": 8.704,
                        "Actual Total Time": 42.268,
                        "Actual Rows": 205906,
                        "Actual Loops": 2,
                        "Recheck Cond": "(company_id > 111759)",
                        "Rows Removed by Index Recheck": 0,
                        "Exact Heap Blocks": 4388,
                        "Lossy Heap Blocks": 0,
                        "Plans": [
                          {
                            "Node Type": "Bitmap Index Scan",
                            "Parent Relationship": "Outer",
                            "Parallel Aware": false,
                            "Index Name": "company_id_movie_companies",
                            "Startup Cost": 0.0,
                            "Total Cost": 4512.63,
                            "Plan Rows": 210693,
                            "Plan Width": 0,
                            "Actual Startup Time": 8.224,
                            "Actual Total Time": 8.225,
                            "Actual Rows": 205906,
                            "Actual Loops": 2,
                            "Index Cond": "(company_id > 111759)"
                          }
                        ]
                      }
                    ]
                  }
                ]
              }
            ]
          }
        ]
      }
    ]
  },
  "Planning Time": 0.595,
  "Triggers": [],
  "Execution Time": 858.585
}