[
  {
    "Plan": {
      "Node Type": "Aggregate",
      "Strategy": "Plain",
      "Partial Mode": "Finalize",
      "Parallel Aware": false,
      "Startup Cost": 45757.72,
      "Total Cost": 45757.73,
      "Plan Rows": 1,
      "Plan Width": 8,
      "Actual Startup Time": 154.353,
      "Actual Total Time": 163.684,
      "Actual Rows": 1,
      "Actual Loops": 1,
      "Plans": [
        {
          "Node Type": "Gather",
          "Parent Relationship": "Outer",
          "Parallel Aware": false,
          "Startup Cost": 45757.4,
          "Total Cost": 45757.71,
          "Plan Rows": 3,
          "Plan Width": 8,
          "Actual Startup Time": 154.234,
          "Actual Total Time": 163.676,
          "Actual Rows": 4,
          "Actual Loops": 1,
          "Workers Planned": 3,
          "Workers Launched": 3,
          "Single Copy": false,
          "Plans": [
            {
              "Node Type": "Aggregate",
              "Strategy": "Plain",
              "Partial Mode": "Partial",
              "Parent Relationship": "Outer",
              "Parallel Aware": false,
              "Startup Cost": 44757.4,
              "Total Cost": 44757.41,
              "Plan Rows": 1,
              "Plan Width": 8,
              "Actual Startup Time": 145.587,
              "Actual Total Time": 145.588,
              "Actual Rows": 1,
              "Actual Loops": 4,
              "Plans": [
                {
                  "Node Type": "Seq Scan",
                  "Parent Relationship": "Outer",
                  "Parallel Aware": true,
                  "Relation Name": "movie_keyword",
                  "Alias": "mk",
                  "Startup Cost": 0.0,
                  "Total Cost": 42695.65,
                  "Plan Rows": 824698,
                  "Plan Width": 0,
                  "Actual Startup Time": 0.556,
                  "Actual Total Time": 117.22,
                  "Actual Rows": 636432,
                  "Actual Loops": 4,
                  "Filter": "(keyword_id > 3481)",
                  "Rows Removed by Filter": 494550
                }
              ]
            }
          ]
        }
      ]
    },
    "Planning Time": 0.179,
    "Triggers": [],
    "Execution Time": 163.738
  }
]