[
  {
    "Plan": {
      "Node Type": "Aggregate",
      "Strategy": "Plain",
      "Partial Mode": "Finalize",
      "Parallel Aware": false,
      "Startup Cost": 332412.2,
      "Total Cost": 332412.21,
      "Plan Rows": 1,
      "Plan Width": 8,
      "Actual Startup Time": 300.01,
      "Actual Total Time": 314.665,
      "Actual Rows": 1,
      "Actual Loops": 1,
      "Plans": [
        {
          "Node Type": "Gather",
          "Parent Relationship": "Outer",
          "Parallel Aware": false,
          "Startup Cost": 332411.58,
          "Total Cost": 332412.19,
          "Plan Rows": 6,
          "Plan Width": 8,
          "Actual Startup Time": 296.598,
          "Actual Total Time": 314.656,
          "Actual Rows": 7,
          "Actual Loops": 1,
          "Workers Planned": 6,
          "Workers Launched": 6,
          "Single Copy": false,
          "Plans": [
            {
              "Node Type": "Aggregate",
              "Strategy": "Plain",
              "Partial Mode": "Partial",
              "Parent Relationship": "Outer",
              "Parallel Aware": false,
              "Startup Cost": 331411.58,
              "Total Cost": 331411.59,
              "Plan Rows": 1,
              "Plan Width": 8,
              "Actual Startup Time": 285.285,
              "Actual Total Time": 285.299,
              "Actual Rows": 1,
              "Actual Loops": 7,
              "Plans": [
                {
                  "Node Type": "Hash Join",
                  "Parent Relationship": "Outer",
                  "Parallel Aware": true,
                  "Join Type": "Inner",
                  "Startup Cost": 75370.92,
                  "Total Cost": 331325.31,
                  "Plan Rows": 34506,
                  "Plan Width": 0,
                  "Actual Startup Time": 176.592,
                  "Actual Total Time": 281.988,
                  "Actual Rows": 51303,
                  "Actual Loops": 7,
                  "Inner Unique": true,
                  "Hash Cond": "(ci.movie_id = t.id)",
                  "Plans": [
                    {
                      "Node Type": "Bitmap Heap Scan",
                      "Parent Relationship": "Outer",
                      "Parallel Aware": true,
                      "Relation Name": "cast_info",
                      "Alias": "ci",
                      "Startup Cost": 28629.78,
                      "Total Cost": 284017.11,
                      "Plan Rows": 216026,
                      "Plan Width": 4,
                      "Actual Startup Time": 68.864,
                      "Actual Total Time": 118.049,
                      "Actual Rows": 182802,
                      "Actual Loops": 7,
                      "Recheck Cond": "(person_id > 3814207)",
                      "Rows Removed by Index Recheck": 0,
                      "Exact Heap Blocks": 3097,
                      "Lossy Heap Blocks": 0,
                      "Plans": [
                        {
                          "Node Type": "Bitmap Index Scan",
                          "Parent Relationship": "Outer",
                          "Parallel Aware": false,
                          "Index Name": "person_id_cast_info",
                          "Startup Cost": 0.0,
                          "Total Cost": 28305.74,
                          "Plan Rows": 1296157,
                          "Plan Width": 0,
                          "Actual Startup Time": 65.757,
                          "Actual Total Time": 65.758,
                          "Actual Rows": 1279612,
                          "Actual Loops": 1,
                          "Index Cond": "(person_id > 3814207)"
                        }
                      ]
                    },
                    {
                      "Node Type": "Hash",
                      "Parent Relationship": "Inner",
                      "Parallel Aware": true,
                      "Startup Cost": 45479.1,
                      "Total Cost": 45479.1,
                      "Plan Rows": 100963,
                      "Plan Width": 4,
                      "Actual Startup Time": 105.346,
                      "Actual Total Time": 105.347,
                      "Actual Rows": 62031,
                      "Actual Loops": 7,
                      "Hash Buckets": 524288,
                      "Original Hash Buckets": 524288,
                      "Hash Batches": 1,
                      "Original Hash Batches": 1,
                      "Peak Memory Usage": 21216,
                      "Plans": [
                        {
                          "Node Type": "Seq Scan",
                          "Parent Relationship": "Outer",
                          "Parallel Aware": true,
                          "Relation Name": "title",
                          "Alias": "t",
                          "Startup Cost": 0.0,
                          "Total Cost": 45479.1,
                          "Plan Rows": 100963,
                          "Plan Width": 4,
                          "Actual Startup Time": 0.047,
                          "Actual Total Time": 75.958,
                          "Actual Rows": 62031,
                          "Actual Loops": 7,
                          "Filter": "((production_year > 2008) AND (kind_id = 7))",
                          "Rows Removed by Filter": 299156
                        }
                      ]
                    }
                  ]
                }
              ]
            }
          ]
        }
      ]
    },
    "Planning Time": 0.766,
    "Triggers": [],
    "Execution Time": 314.765
  }
]