[
    {
        "Bao": {
            "Bao prediction": "NaN",
            "Bao recommended hint": "(no hint)"
        }
    },
    {
        "Plan": {
            "Node Type": "Aggregate",
            "Strategy": "Plain",
            "Partial Mode": "Finalize",
            "Parallel Aware": false,
            "Startup Cost": 29019.74,
            "Total Cost": 29019.75,
            "Plan Rows": 1,
            "Plan Width": 8,
            "Actual Startup Time": 66.271,
            "Actual Total Time": 71.017,
            "Actual Rows": 1,
            "Actual Loops": 1,
            "Output": [
                "count(*)"
            ],
            "Plans": [
                {
                    "Node Type": "Gather",
                    "Parent Relationship": "Outer",
                    "Parallel Aware": false,
                    "Startup Cost": 29019.42,
                    "Total Cost": 29019.73,
                    "Plan Rows": 3,
                    "Plan Width": 8,
                    "Actual Startup Time": 65.961,
                    "Actual Total Time": 71.01,
                    "Actual Rows": 4,
                    "Actual Loops": 1,
                    "Output": [
                        "(PARTIAL count(*))"
                    ],
                    "Workers Planned": 3,
                    "Workers Launched": 3,
                    "Single Copy": false,
                    "Plans": [
                        {
                            "Node Type": "Aggregate",
                            "Strategy": "Plain",
                            "Partial Mode": "Partial",
                            "Parent Relationship": "Outer",
                            "Parallel Aware": false,
                            "Startup Cost": 28019.42,
                            "Total Cost": 28019.43,
                            "Plan Rows": 1,
                            "Plan Width": 8,
                            "Actual Startup Time": 57.543,
                            "Actual Total Time": 57.544,
                            "Actual Rows": 1,
                            "Actual Loops": 4,
                            "Output": [
                                "PARTIAL count(*)"
                            ],
                            "Workers": [
                                {
                                    "Worker Number": 0,
                                    "Actual Startup Time": 54.541,
                                    "Actual Total Time": 54.543,
                                    "Actual Rows": 1,
                                    "Actual Loops": 1
                                },
                                {
                                    "Worker Number": 1,
                                    "Actual Startup Time": 54.668,
                                    "Actual Total Time": 54.669,
                                    "Actual Rows": 1,
                                    "Actual Loops": 1
                                },
                                {
                                    "Worker Number": 2,
                                    "Actual Startup Time": 55.266,
                                    "Actual Total Time": 55.268,
                                    "Actual Rows": 1,
                                    "Actual Loops": 1
                                }
                            ],
                            "Plans": [
                                {
                                    "Node Type": "Bitmap Heap Scan",
                                    "Parent Relationship": "Outer",
                                    "Parallel Aware": true,
                                    "Relation Name": "movie_keyword",
                                    "Schema": "public",
                                    "Alias": "mk",
                                    "Startup Cost": 2903.93,
                                    "Total Cost": 27909.17,
                                    "Plan Rows": 44100,
                                    "Plan Width": 0,
                                    "Actual Startup Time": 10.304,
                                    "Actual Total Time": 55.19,
                                    "Actual Rows": 32173,
                                    "Actual Loops": 4,
                                    "Recheck Cond": "(mk.keyword_id > 76601)",
                                    "Rows Removed by Index Recheck": 0,
                                    "Exact Heap Blocks": 11772,
                                    "Lossy Heap Blocks": 0,
                                    "Workers": [
                                        {
                                            "Worker Number": 0,
                                            "Actual Startup Time": 7.476,
                                            "Actual Total Time": 52.617,
                                            "Actual Rows": 15838,
                                            "Actual Loops": 1
                                        },
                                        {
                                            "Worker Number": 1,
                                            "Actual Startup Time": 7.53,
                                            "Actual Total Time": 52.722,
                                            "Actual Rows": 15680,
                                            "Actual Loops": 1
                                        },
                                        {
                                            "Worker Number": 2,
                                            "Actual Startup Time": 8.03,
                                            "Actual Total Time": 53.302,
                                            "Actual Rows": 16170,
                                            "Actual Loops": 1
                                        }
                                    ],
                                    "Plans": [
                                        {
                                            "Node Type": "Bitmap Index Scan",
                                            "Parent Relationship": "Outer",
                                            "Parallel Aware": false,
                                            "Index Name": "keyword_id_movie_keyword",
                                            "Startup Cost": 0.0,
                                            "Total Cost": 2869.75,
                                            "Plan Rows": 136709,
                                            "Plan Width": 0,
                                            "Actual Startup Time": 14.523,
                                            "Actual Total Time": 14.524,
                                            "Actual Rows": 128691,
                                            "Actual Loops": 1,
                                            "Index Cond": "(mk.keyword_id > 76601)"
                                        }
                                    ]
                                }
                            ]
                        }
                    ]
                }
            ]
        },
        "Planning Time": 193.77,
        "Triggers": [],
        "Execution Time": 71.073
    }
]