[
  {
    "Plan": {
      "Node Type": "Aggregate",
      "Strategy": "Plain",
      "Partial Mode": "Finalize",
      "Parallel Aware": false,
      "Startup Cost": 140611.11,
      "Total Cost": 140611.12,
      "Plan Rows": 1,
      "Plan Width": 8,
      "Actual Startup Time": 619.641,
      "Actual Total Time": 639.112,
      "Actual Rows": 1,
      "Actual Loops": 1,
      "Plans": [
        {
          "Node Type": "Gather",
          "Parent Relationship": "Outer",
          "Parallel Aware": false,
          "Startup Cost": 140610.99,
          "Total Cost": 140611.1,
          "Plan Rows": 1,
          "Plan Width": 8,
          "Actual Startup Time": 613.904,
          "Actual Total Time": 639.1,
          "Actual Rows": 2,
          "Actual Loops": 1,
          "Workers Planned": 1,
          "Workers Launched": 1,
          "Single Copy": false,
          "Plans": [
            {
              "Node Type": "Aggregate",
              "Strategy": "Plain",
              "Partial Mode": "Partial",
              "Parent Relationship": "Outer",
              "Parallel Aware": false,
              "Startup Cost": 139610.99,
              "Total Cost": 139611.0,
              "Plan Rows": 1,
              "Plan Width": 8,
              "Actual Startup Time": 601.81,
              "Actual Total Time": 601.817,
              "Actual Rows": 1,
              "Actual Loops": 2,
              "Plans": [
                {
                  "Node Type": "Hash Join",
                  "Parent Relationship": "Outer",
                  "Parallel Aware": true,
                  "Join Type": "Inner",
                  "Startup Cost": 50220.21,
                  "Total Cost": 139543.53,
                  "Plan Rows": 26985,
                  "Plan Width": 0,
                  "Actual Startup Time": 575.422,
                  "Actual Total Time": 600.635,
                  "Actual Rows": 27046,
                  "Actual Loops": 2,
                  "Inner Unique": true,
                  "Hash Cond": "(ci.movie_id = t.id)",
                  "Plans": [
                    {
                      "Node Type": "Index Scan",
                      "Parent Relationship": "Outer",
                      "Parallel Aware": true,
                      "Scan Direction": "Forward",
                      "Index Name": "person_id_cast_info",
                      "Relation Name": "cast_info",
                      "Alias": "ci",
                      "Startup Cost": 0.56,
                      "Total Cost": 89253.05,
                      "Plan Rows": 26985,
                      "Plan Width": 4,
                      "Actual Startup Time": 0.189,
                      "Actual Total Time": 5.127,
                      "Actual Rows": 27046,
                      "Actual Loops": 2,
                      "Index Cond": "(person_id > 4053656)",
                      "Rows Removed by Index Recheck": 0
                    },
                    {
                      "Node Type": "Hash",
                      "Parent Relationship": "Inner",
                      "Parallel Aware": true,
                      "Startup Cost": 42318.73,
                      "Total Cost": 42318.73,
                      "Plan Rows": 632073,
                      "Plan Width": 4,
                      "Actual Startup Time": 552.506,
                      "Actual Total Time": 552.507,
                      "Actual Rows": 1264156,
                      "Actual Loops": 2,
                      "Hash Buckets": 4194304,
                      "Original Hash Buckets": 4194304,
                      "Hash Batches": 1,
                      "Original Hash Batches": 1,
                      "Peak Memory Usage": 131712,
                      "Plans": [
                        {
                          "Node Type": "Seq Scan",
                          "Parent Relationship": "Outer",
                          "Parallel Aware": true,
                          "Relation Name": "title",
                          "Alias": "t",
                          "Startup Cost": 0.0,
                          "Total Cost": 42318.73,
                          "Plan Rows": 632073,
                          "Plan Width": 4,
                          "Actual Startup Time": 0.026,
                          "Actual Total Time": 157.936,
                          "Actual Rows": 1264156,
                          "Actual Loops": 2
                        }
                      ]
                    }
                  ]
                }
              ]
            }
          ]
        }
      ]
    },
    "Planning Time": 0.848,
    "Triggers": [],
    "Execution Time": 639.193
  }
]