[
  {
    "Plan": {
      "Node Type": "Aggregate",
      "Strategy": "Plain",
      "Partial Mode": "Finalize",
      "Parallel Aware": false,
      "Startup Cost": 91744.2,
      "Total Cost": 91744.21,
      "Plan Rows": 1,
      "Plan Width": 8,
      "Actual Startup Time": 346.458,
      "Actual Total Time": 362.903,
      "Actual Rows": 1,
      "Actual Loops": 1,
      "Plans": [
        {
          "Node Type": "Gather",
          "Parent Relationship": "Outer",
          "Parallel Aware": false,
          "Startup Cost": 91743.89,
          "Total Cost": 91744.2,
          "Plan Rows": 3,
          "Plan Width": 8,
          "Actual Startup Time": 345.067,
          "Actual Total Time": 362.893,
          "Actual Rows": 4,
          "Actual Loops": 1,
          "Workers Planned": 3,
          "Workers Launched": 3,
          "Single Copy": false,
          "Plans": [
            {
              "Node Type": "Aggregate",
              "Strategy": "Plain",
              "Partial Mode": "Partial",
              "Parent Relationship": "Outer",
              "Parallel Aware": false,
              "Startup Cost": 90743.89,
              "Total Cost": 90743.9,
              "Plan Rows": 1,
              "Plan Width": 8,
              "Actual Startup Time": 331.965,
              "Actual Total Time": 331.968,
              "Actual Rows": 1,
              "Actual Loops": 4,
              "Plans": [
                {
                  "Node Type": "Hash Join",
                  "Parent Relationship": "Outer",
                  "Parallel Aware": true,
                  "Join Type": "Inner",
                  "Startup Cost": 45274.43,
                  "Total Cost": 90349.39,
                  "Plan Rows": 157800,
                  "Plan Width": 0,
                  "Actual Startup Time": 132.418,
                  "Actual Total Time": 323.951,
                  "Actual Rows": 179018,
                  "Actual Loops": 4,
                  "Inner Unique": true,
                  "Hash Cond": "(mk.movie_id = t.id)",
                  "Plans": [
                    {
                      "Node Type": "Seq Scan",
                      "Parent Relationship": "Outer",
                      "Parallel Aware": true,
                      "Relation Name": "movie_keyword",
                      "Alias": "mk",
                      "Startup Cost": 0.0,
                      "Total Cost": 42695.65,
                      "Plan Rows": 906402,
                      "Plan Width": 4,
                      "Actual Startup Time": 0.028,
                      "Actual Total Time": 111.783,
                      "Actual Rows": 701678,
                      "Actual Loops": 4,
                      "Filter": "(keyword_id < 8275)",
                      "Rows Removed by Filter": 429305
                    },
                    {
                      "Node Type": "Hash",
                      "Parent Relationship": "Inner",
                      "Parallel Aware": true,
                      "Startup Cost": 43898.92,
                      "Total Cost": 43898.92,
                      "Plan Rows": 110041,
                      "Plan Width": 4,
                      "Actual Startup Time": 127.211,
                      "Actual Total Time": 127.212,
                      "Actual Rows": 112892,
                      "Actual Loops": 4,
                      "Hash Buckets": 524288,
                      "Original Hash Buckets": 524288,
                      "Hash Batches": 1,
                      "Original Hash Batches": 1,
                      "Peak Memory Usage": 21824,
                      "Plans": [
                        {
                          "Node Type": "Seq Scan",
                          "Parent Relationship": "Outer",
                          "Parallel Aware": true,
                          "Relation Name": "title",
                          "Alias": "t",
                          "Startup Cost": 0.0,
                          "Total Cost": 43898.92,
                          "Plan Rows": 110041,
                          "Plan Width": 4,
                          "Actual Startup Time": 0.036,
                          "Actual Total Time": 93.9,
                          "Actual Rows": 112892,
                          "Actual Loops": 4,
                          "Filter": "(production_year < 1976)",
                          "Rows Removed by Filter": 519186
                        }
                      ]
                    }
                  ]
                }
              ]
            }
          ]
        }
      ]
    },
    "Planning Time": 0.594,
    "Triggers": [],
    "Execution Time": 362.982
  }
]