[
  {
    "Plan": {
      "Node Type": "Aggregate",
      "Strategy": "Plain",
      "Partial Mode": "Finalize",
      "Parallel Aware": false,
      "Startup Cost": 32046.02,
      "Total Cost": 32046.03,
      "Plan Rows": 1,
      "Plan Width": 8,
      "Actual Startup Time": 107.276,
      "Actual Total Time": 112.603,
      "Actual Rows": 1,
      "Actual Loops": 1,
      "Plans": [
        {
          "Node Type": "Gather",
          "Parent Relationship": "Outer",
          "Parallel Aware": false,
          "Startup Cost": 32045.7,
          "Total Cost": 32046.01,
          "Plan Rows": 3,
          "Plan Width": 8,
          "Actual Startup Time": 107.117,
          "Actual Total Time": 112.593,
          "Actual Rows": 4,
          "Actual Loops": 1,
          "Workers Planned": 3,
          "Workers Launched": 3,
          "Single Copy": false,
          "Plans": [
            {
              "Node Type": "Aggregate",
              "Strategy": "Plain",
              "Partial Mode": "Partial",
              "Parent Relationship": "Outer",
              "Parallel Aware": false,
              "Startup Cost": 31045.7,
              "Total Cost": 31045.71,
              "Plan Rows": 1,
              "Plan Width": 8,
              "Actual Startup Time": 102.677,
              "Actual Total Time": 102.678,
              "Actual Rows": 1,
              "Actual Loops": 4,
              "Plans": [
                {
                  "Node Type": "Seq Scan",
                  "Parent Relationship": "Outer",
                  "Parallel Aware": true,
                  "Relation Name": "movie_companies",
                  "Alias": "mc",
                  "Startup Cost": 0.0,
                  "Total Cost": 29310.68,
                  "Plan Rows": 694007,
                  "Plan Width": 0,
                  "Actual Startup Time": 0.086,
                  "Actual Total Time": 77.312,
                  "Actual Rows": 539924,
                  "Actual Loops": 4,
                  "Filter": "(company_id > 358)",
                  "Rows Removed by Filter": 112358
                }
              ]
            }
          ]
        }
      ]
    },
    "Planning Time": 0.101,
    "Triggers": [],
    "Execution Time": 112.633
  }
]