{
  "Plan": {
    "Node Type": "Aggregate",
    "Strategy": "Plain",
    "Partial Mode": "Simple",
    "Parallel Aware": false,
    "Startup Cost": 962757.84,
    "Total Cost": 962757.85,
    "Plan Rows": 1,
    "Plan Width": 64,
    "Actual Startup Time": 3083.327,
    "Actual Total Time": 3093.49,
    "Actual Rows": 1,
    "Actual Loops": 1,
    "Plans": [
      {
        "Node Type": "Hash Join",
        "Parent Relationship": "Outer",
        "Parallel Aware": false,
        "Join Type": "Inner",
        "Startup Cost": 956395.69,
        "Total Cost": 962757.83,
        "Plan Rows": 2,
        "Plan Width": 32,
        "Actual Startup Time": 3046.563,
        "Actual Total Time": 3093.168,
        "Actual Rows": 3575,
        "Actual Loops": 1,
        "Inner Unique": false,
        "Hash Cond": "(cn.id = mc.company_id)",
        "Plans": [
          {
            "Node Type": "Seq Scan",
            "Parent Relationship": "Outer",
            "Parallel Aware": false,
            "Relation Name": "company_name",
            "Alias": "cn",
            "Startup Cost": 0.0,
            "Total Cost": 5932.46,
            "Plan Rows": 85931,
            "Plan Width": 4,
            "Actual Startup Time": 0.045,
            "Actual Total Time": 29.354,
            "Actual Rows": 84843,
            "Actual Loops": 1,
            "Filter": "((country_code)::text = '[us]'::text)",
            "Rows Removed by Filter": 150154
          },
          {
            "Node Type": "Hash",
            "Parent Relationship": "Inner",
            "Parallel Aware": false,
            "Startup Cost": 956395.63,
            "Total Cost": 956395.63,
            "Plan Rows": 5,
            "Plan Width": 36,
            "Actual Startup Time": 3046.373,
            "Actual Total Time": 3056.532,
            "Actual Rows": 11692,
            "Actual Loops": 1,
            "Hash Buckets": 16384,
            "Original Hash Buckets": 1024,
            "Hash Batches": 1,
            "Original Hash Batches": 1,
            "Peak Memory Usage": 964,
            "Plans": [
              {
                "Node Type": "Hash Join",
                "Parent Relationship": "Outer",
                "Parallel Aware": false,
                "Join Type": "Inner",
                "Startup Cost": 861067.88,
                "Total Cost": 956395.63,
                "Plan Rows": 5,
                "Plan Width": 36,
                "Actual Startup Time": 2547.432,
                "Actual Total Time": 3053.409,
                "Actual Rows": 11692,
                "Actual Loops": 1,
                "Inner Unique": false,
                "Hash Cond": "(chn.id = ci.person_role_id)",
                "Plans": [
                  {
                    "Node Type": "Seq Scan",
                    "Parent Relationship": "Outer",
                    "Parallel Aware": false,
                    "Relation Name": "char_name",
                    "Alias": "chn",
                    "Startup Cost": 0.0,
                    "Total Cost": 67850.52,
                    "Plan Rows": 3140252,
                    "Plan Width": 4,
                    "Actual Startup Time": 0.03,
                    "Actual Total Time": 287.254,
                    "Actual Rows": 3140339,
                    "Actual Loops": 1
                  },
                  {
                    "Node Type": "Hash",
                    "Parent Relationship": "Inner",
                    "Parallel Aware": false,
                    "Startup Cost": 861067.82,
                    "Total Cost": 861067.82,
                    "Plan Rows": 5,
                    "Plan Width": 40,
                    "Actual Startup Time": 2546.9,
                    "Actual Total Time": 2557.058,
                    "Actual Rows": 11692,
                    "Actual Loops": 1,
                    "Hash Buckets": 16384,
                    "Original Hash Buckets": 1024,
                    "Hash Batches": 1,
                    "Original Hash Batches": 1,
                    "Peak Memory Usage": 1010,
                    "Plans": [
                      {
                        "Node Type": "Hash Join",
                        "Parent Relationship": "Outer",
                        "Parallel Aware": false,
                        "Join Type": "Inner",
                        "Startup Cost": 861048.68,
                        "Total Cost": 861067.82,
                        "Plan Rows": 5,
                        "Plan Width": 40,
                        "Actual Startup Time": 2541.732,
                        "Actual Total Time": 2554.561,
                        "Actual Rows": 12363,
                        "Actual Loops": 1,
                        "Inner Unique": true,
                        "Hash Cond": "(mi.info_type_id = it.id)",
                        "Plans": [
                          {
                            "Node Type": "Hash Join",
                            "Parent Relationship": "Outer",
                            "Parallel Aware": false,
                            "Join Type": "Inner",
                            "Startup Cost": 861046.25,
                            "Total Cost": 861063.63,
                            "Plan Rows": 649,
                            "Plan Width": 44,
                            "Actual Startup Time": 2541.671,
                            "Actual Total Time": 2552.998,
                            "Actual Rows": 12363,
                            "Actual Loops": 1,
                            "Inner Unique": false,
                            "Hash Cond": "(rt.id = ci.role_id)",
                            "Plans": [
                              {
                                "Node Type": "Seq Scan",
                                "Parent Relationship": "Outer",
                                "Parallel Aware": false,
                                "Relation Name": "role_type",
                                "Alias": "rt",
                                "Startup Cost": 0.0,
                                "Total Cost": 1.15,
                                "Plan Rows": 1,
                                "Plan Width": 4,
                                "Actual Startup Time": 0.038,
                                "Actual Total Time": 0.043,
                                "Actual Rows": 1,
                                "Actual Loops": 1,
                                "Filter": "((role)::text = 'actress'::text)",
                                "Rows Removed by Filter": 11
                              },
                              {
                                "Node Type": "Hash",
                                "Parent Relationship": "Inner",
                                "Parallel Aware": false,
                                "Startup Cost": 860948.95,
                                "Total Cost": 860948.95,
                                "Plan Rows": 7784,
                                "Plan Width": 48,
                                "Actual Startup Time": 2541.554,
                                "Actual Total Time": 2551.707,
                                "Actual Rows": 12363,
                                "Actual Loops": 1,
                                "Hash Buckets": 16384,
                                "Original Hash Buckets": 8192,
                                "Hash Batches": 1,
                                "Original Hash Batches": 1,
                                "Peak Memory Usage": 1149,
                                "Plans": [
                                  {
                                    "Node Type": "Gather",
                                    "Parent Relationship": "Outer",
                                    "Parallel Aware": false,
                                    "Startup Cost": 829806.51,
                                    "Total Cost": 860948.95,
                                    "Plan Rows": 7784,
                                    "Plan Width": 48,
                                    "Actual Startup Time": 2430.111,
                                    "Actual Total Time": 2549.069,
                                    "Actual Rows": 12363,
                                    "Actual Loops": 1,
                                    "Workers Planned": 3,
                                    "Workers Launched": 3,
                                    "Single Copy": false,
                                    "Plans": [
                                      {
                                        "Node Type": "Hash Join",
                                        "Parent Relationship": "Outer",
                                        "Parallel Aware": true,
                                        "Join Type": "Inner",
                                        "Startup Cost": 828806.51,
                                        "Total Cost": 859170.55,
                                        "Plan Rows": 2511,
                                        "Plan Width": 48,
                                        "Actual Startup Time": 2415.353,
                                        "Actual Total Time": 2524.506,
                                        "Actual Rows": 3091,
                                        "Actual Loops": 4,
                                        "Inner Unique": false,
                                        "Hash Cond": "(mc.movie_id = t.id)",
                                        "Plans": [
                                          {
                                            "Node Type": "Seq Scan",
                                            "Parent Relationship": "Outer",
                                            "Parallel Aware": true,
                                            "Relation Name": "movie_companies",
                                            "Alias": "mc",
                                            "Startup Cost": 0.0,
                                            "Total Cost": 27206.55,
                                            "Plan Rows": 841655,
                                            "Plan Width": 8,
                                            "Actual Startup Time": 0.029,
                                            "Actual Total Time": 61.853,
                                            "Actual Rows": 652282,
                                            "Actual Loops": 4
                                          },
                                          {
                                            "Node Type": "Hash",
                                            "Parent Relationship": "Inner",
                                            "Parallel Aware": true,
                                            "Startup Cost": 828801.65,
                                            "Total Cost": 828801.65,
                                            "Plan Rows": 389,
                                            "Plan Width": 56,
                                            "Actual Startup Time": 2412.297,
                                            "Actual Total Time": 2412.309,
                                            "Actual Rows": 929,
                                            "Actual Loops": 4,
                                            "Hash Buckets": 4096,
                                            "Original Hash Buckets": 2048,
                                            "Hash Batches": 1,
                                            "Original Hash Batches": 1,
                                            "Peak Memory Usage": 496,
                                            "Plans": [
                                              {
                                                "Node Type": "Hash Join",
                                                "Parent Relationship": "Outer",
                                                "Parallel Aware": true,
                                                "Join Type": "Inner",
                                                "Startup Cost": 779688.95,
                                                "Total Cost": 828801.65,
                                                "Plan Rows": 389,
                                                "Plan Width": 56,
                                                "Actual Startup Time": 2259.771,
                                                "Actual Total Time": 2385.371,
                                                "Actual Rows": 929,
                                                "Actual Loops": 4,
                                                "Inner Unique": false,
                                                "Hash Cond": "(t.id = mi.movie_id)",
                                                "Plans": [
                                                  {
                                                    "Node Type": "Seq Scan",
                                                    "Parent Relationship": "Outer",
                                                    "Parallel Aware": true,
                                                    "Relation Name": "title",
                                                    "Alias": "t",
                                                    "Startup Cost": 0.0,
                                                    "Total Cost": 43899.59,
                                                    "Plan Rows": 347497,
                                                    "Plan Width": 21,
                                                    "Actual Startup Time": 0.016,
                                                    "Actual Total Time": 98.931,
                                                    "Actual Rows": 345363,
                                                    "Actual Loops": 4,
                                                    "Filter": "(production_year > 2000)",
                                                    "Rows Removed by Filter": 286715
                                                  },
                                                  {
                                                    "Node Type": "Hash",
                                                    "Parent Relationship": "Inner",
                                                    "Parallel Aware": true,
                                                    "Startup Cost": 779683.05,
                                                    "Total Cost": 779683.05,
                                                    "Plan Rows": 472,
                                                    "Plan Width": 35,
                                                    "Actual Startup Time": 2258.897,
                                                    "Actual Total Time": 2258.907,
                                                    "Actual Rows": 1004,
                                                    "Actual Loops": 4,
                                                    "Hash Buckets": 4096,
                                                    "Original Hash Buckets": 4096,
                                                    "Hash Batches": 1,
                                                    "Original Hash Batches": 1,
                                                    "Peak Memory Usage": 384,
                                                    "Plans": [
                                                      {
                                                        "Node Type": "Hash Join",
                                                        "Parent Relationship": "Outer",
                                                        "Parallel Aware": true,
                                                        "Join Type": "Inner",
                                                        "Startup Cost": 297167.28,
                                                        "Total Cost": 779683.05,
                                                        "Plan Rows": 472,
                                                        "Plan Width": 35,
                                                        "Actual Startup Time": 1495.988,
                                                        "Actual Total Time": 2257.612,
                                                        "Actual Rows": 1004,
                                                        "Actual Loops": 4,
                                                        "Inner Unique": true,
                                                        "Hash Cond": "(ci.person_id = n.id)",
                                                        "Plans": [
                                                          {
                                                            "Node Type": "Hash Join",
                                                            "Parent Relationship": "Outer",
                                                            "Parallel Aware": true,
                                                            "Join Type": "Inner",
                                                            "Startup Cost": 225896.38,
                                                            "Total Cost": 707878.67,
                                                            "Plan Rows": 203231,
                                                            "Plan Width": 28,
                                                            "Actual Startup Time": 784.073,
                                                            "Actual Total Time": 2018.176,
                                                            "Actual Rows": 222158,
                                                            "Actual Loops": 4,
                                                            "Inner Unique": false,
                                                            "Hash Cond": "(ci.person_id = an.person_id)",
                                                            "Plans": [
                                                              {
                                                                "Node Type": "Hash Join",
                                                                "Parent Relationship": "Outer",
                                                                "Parallel Aware": true,
                                                                "Join Type": "Inner",
                                                                "Startup Cost": 207958.37,
                                                                "Total Cost": 683946.96,
                                                                "Plan Rows": 85410,
                                                                "Plan Width": 24,
                                                                "Actual Startup Time": 675.861,
                                                                "Actual Total Time": 1872.588,
                                                                "Actual Rows": 102381,
                                                                "Actual Loops": 4,
                                                                "Inner Unique": false,
                                                                "Hash Cond": "(ci.movie_id = mi.movie_id)",
                                                                "Plans": [
                                                                  {
                                                                    "Node Type": "Seq Scan",
                                                                    "Parent Relationship": "Outer",
                                                                    "Parallel Aware": true,
                                                                    "Relation Name": "cast_info",
                                                                    "Alias": "ci",
                                                                    "Startup Cost": 0.0,
                                                                    "Total Cost": 343331.56,
                                                                    "Plan Rows": 152283,
                                                                    "Plan Width": 16,
                                                                    "Actual Startup Time": 0.028,
                                                                    "Actual Total Time": 1121.566,
                                                                    "Actual Rows": 216869,
                                                                    "Actual Loops": 4,
                                                                    "Filter": "(note = ANY ('{(voice),\"(voice: Japanese version)\",\"(voice) (uncredited)\",\"(voice: English version)\"}'::text[]))",
                                                                    "Rows Removed by Filter": 8844217
                                                                  },
                                                                  {
                                                                    "Node Type": "Hash",
                                                                    "Parent Relationship": "Inner",
                                                                    "Parallel Aware": true,
                                                                    "Startup Cost": 206598.52,
                                                                    "Total Cost": 206598.52,
                                                                    "Plan Rows": 108788,
                                                                    "Plan Width": 8,
                                                                    "Actual Startup Time": 674.045,
                                                                    "Actual Total Time": 674.046,
                                                                    "Actual Rows": 112776,
                                                                    "Actual Loops": 4,
                                                                    "Hash Buckets": 1048576,
                                                                    "Original Hash Buckets": 1048576,
                                                                    "Hash Batches": 1,
                                                                    "Original Hash Batches": 1,
                                                                    "Peak Memory Usage": 25888,
                                                                    "Plans": [
                                                                      {
                                                                        "Node Type": "Seq Scan",
                                                                        "Parent Relationship": "Outer",
                                                                        "Parallel Aware": true,
                                                                        "Relation Name": "movie_info",
                                                                        "Alias": "mi",
                                                                        "Startup Cost": 0.0,
                                                                        "Total Cost": 206598.52,
                                                                        "Plan Rows": 108788,
                                                                        "Plan Width": 8,
                                                                        "Actual Startup Time": 66.448,
                                                                        "Actual Total Time": 627.102,
                                                                        "Actual Rows": 112776,
                                                                        "Actual Loops": 4,
                                                                        "Filter": "((info IS NOT NULL) AND ((info ~~ 'Japan:%200%'::text) OR (info ~~ 'USA:%200%'::text)))",
                                                                        "Rows Removed by Filter": 3596154
                                                                      }
                                                                    ]
                                                                  }
                                                                ]
                                                              },
                                                              {
                                                                "Node Type": "Hash",
                                                                "Parent Relationship": "Inner",
                                                                "Parallel Aware": true,
                                                                "Startup Cost": 14303.56,
                                                                "Total Cost": 14303.56,
                                                                "Plan Rows": 290756,
                                                                "Plan Width": 4,
                                                                "Actual Startup Time": 106.46,
                                                                "Actual Total Time": 106.462,
                                                                "Actual Rows": 225336,
                                                                "Actual Loops": 4,
                                                                "Hash Buckets": 1048576,
                                                                "Original Hash Buckets": 1048576,
                                                                "Hash Batches": 1,
                                                                "Original Hash Batches": 1,
                                                                "Peak Memory Usage": 43520,
                                                                "Plans": [
                                                                  {
                                                                    "Node Type": "Seq Scan",
                                                                    "Parent Relationship": "Outer",
                                                                    "Parallel Aware": true,
                                                                    "Relation Name": "aka_name",
                                                                    "Alias": "an",
                                                                    "Startup Cost": 0.0,
                                                                    "Total Cost": 14303.56,
                                                                    "Plan Rows": 290756,
                                                                    "Plan Width": 4,
                                                                    "Actual Startup Time": 0.041,
                                                                    "Actual Total Time": 36.898,
                                                                    "Actual Rows": 225336,
                                                                    "Actual Loops": 4
                                                                  }
                                                                ]
                                                              }
                                                            ]
                                                          },
                                                          {
                                                            "Node Type": "Hash",
                                                            "Parent Relationship": "Inner",
                                                            "Parallel Aware": true,
                                                            "Startup Cost": 71240.66,
                                                            "Total Cost": 71240.66,
                                                            "Plan Rows": 2419,
                                                            "Plan Width": 19,
                                                            "Actual Startup Time": 223.869,
                                                            "Actual Total Time": 223.869,
                                                            "Actual Rows": 12503,
                                                            "Actual Loops": 4,
                                                            "Hash Buckets": 65536,
                                                            "Original Hash Buckets": 16384,
                                                            "Hash Batches": 1,
                                                            "Original Hash Batches": 1,
                                                            "Peak Memory Usage": 3680,
                                                            "Plans": [
                                                              {
                                                                "Node Type": "Seq Scan",
                                                                "Parent Relationship": "Outer",
                                                                "Parallel Aware": true,
                                                                "Relation Name": "name",
                                                                "Alias": "n",
                                                                "Startup Cost": 0.0,
                                                                "Total Cost": 71240.66,
                                                                "Plan Rows": 2419,
                                                                "Plan Width": 19,
                                                                "Actual Startup Time": 107.937,
                                                                "Actual Total Time": 215.419,
                                                                "Actual Rows": 12503,
                                                                "Actual Loops": 4,
                                                                "Filter": "((name ~~ '%An%'::text) AND ((gender)::text = 'f'::text))",
                                                                "Rows Removed by Filter": 1029370
                                                              }
                                                            ]
                                                          }
                                                        ]
                                                      }
                                                    ]
                                                  }
                                                ]
                                              }
                                            ]
                                          }
                                        ]
                                      }
                                    ]
                                  }
                                ]
                              }
                            ]
                          },
                          {
                            "Node Type": "Hash",
                            "Parent Relationship": "Inner",
                            "Parallel Aware": false,
                            "Startup Cost": 2.41,
                            "Total Cost": 2.41,
                            "Plan Rows": 1,
                            "Plan Width": 4,
                            "Actual Startup Time": 0.04,
                            "Actual Total Time": 0.041,
                            "Actual Rows": 1,
                            "Actual Loops": 1,
                            "Hash Buckets": 1024,
                            "Original Hash Buckets": 1024,
                            "Hash Batches": 1,
                            "Original Hash Batches": 1,
                            "Peak Memory Usage": 9,
                            "Plans": [
                              {
                                "Node Type": "Seq Scan",
                                "Parent Relationship": "Outer",
                                "Parallel Aware": false,
                                "Relation Name": "info_type",
                                "Alias": "it",
                                "Startup Cost": 0.0,
                                "Total Cost": 2.41,
                                "Plan Rows": 1,
                                "Plan Width": 4,
                                "Actual Startup Time": 0.025,
                                "Actual Total Time": 0.032,
                                "Actual Rows": 1,
                                "Actual Loops": 1,
                                "Filter": "((info)::text = 'release dates'::text)",
                                "Rows Removed by Filter": 112
                              }
                            ]
                          }
                        ]
                      }
                    ]
                  }
                ]
              }
            ]
          }
        ]
      }
    ]
  },
  "Planning Time": 33.297,
  "Triggers": [],
  "Execution Time": 3093.958
}