[
  {
    "Plan": {
      "Node Type": "Aggregate",
      "Strategy": "Plain",
      "Partial Mode": "Finalize",
      "Parallel Aware": false,
      "Startup Cost": 80569.72,
      "Total Cost": 80569.73,
      "Plan Rows": 1,
      "Plan Width": 8,
      "Actual Startup Time": 290.572,
      "Actual Total Time": 306.943,
      "Actual Rows": 1,
      "Actual Loops": 1,
      "Plans": [
        {
          "Node Type": "Gather",
          "Parent Relationship": "Outer",
          "Parallel Aware": false,
          "Startup Cost": 80569.4,
          "Total Cost": 80569.71,
          "Plan Rows": 3,
          "Plan Width": 8,
          "Actual Startup Time": 288.636,
          "Actual Total Time": 306.911,
          "Actual Rows": 4,
          "Actual Loops": 1,
          "Workers Planned": 3,
          "Workers Launched": 3,
          "Single Copy": false,
          "Plans": [
            {
              "Node Type": "Aggregate",
              "Strategy": "Plain",
              "Partial Mode": "Partial",
              "Parent Relationship": "Outer",
              "Parallel Aware": false,
              "Startup Cost": 79569.4,
              "Total Cost": 79569.41,
              "Plan Rows": 1,
              "Plan Width": 8,
              "Actual Startup Time": 281.192,
              "Actual Total Time": 281.195,
              "Actual Rows": 1,
              "Actual Loops": 4,
              "Plans": [
                {
                  "Node Type": "Hash Join",
                  "Parent Relationship": "Outer",
                  "Parallel Aware": true,
                  "Join Type": "Inner",
                  "Startup Cost": 47258.47,
                  "Total Cost": 79411.19,
                  "Plan Rows": 63287,
                  "Plan Width": 0,
                  "Actual Startup Time": 186.178,
                  "Actual Total Time": 277.229,
                  "Actual Rows": 97355,
                  "Actual Loops": 4,
                  "Inner Unique": true,
                  "Hash Cond": "(mc.movie_id = t.id)",
                  "Plans": [
                    {
                      "Node Type": "Seq Scan",
                      "Parent Relationship": "Outer",
                      "Parallel Aware": true,
                      "Relation Name": "movie_companies",
                      "Alias": "mc",
                      "Startup Cost": 0.0,
                      "Total Cost": 31414.82,
                      "Plan Rows": 281103,
                      "Plan Width": 4,
                      "Actual Startup Time": 33.562,
                      "Actual Total Time": 70.388,
                      "Actual Rows": 267816,
                      "Actual Loops": 4,
                      "Filter": "((company_id > 2929) AND (company_type_id = 2))",
                      "Rows Removed by Filter": 384466
                    },
                    {
                      "Node Type": "Hash",
                      "Parent Relationship": "Inner",
                      "Parallel Aware": true,
                      "Startup Cost": 45479.59,
                      "Total Cost": 45479.59,
                      "Plan Rows": 142311,
                      "Plan Width": 4,
                      "Actual Startup Time": 147.899,
                      "Actual Total Time": 147.9,
                      "Actual Rows": 110380,
                      "Actual Loops": 4,
                      "Hash Buckets": 1048576,
                      "Original Hash Buckets": 1048576,
                      "Hash Batches": 1,
                      "Original Hash Batches": 1,
                      "Peak Memory Usage": 25536,
                      "Plans": [
                        {
                          "Node Type": "Seq Scan",
                          "Parent Relationship": "Outer",
                          "Parallel Aware": true,
                          "Relation Name": "title",
                          "Alias": "t",
                          "Startup Cost": 0.0,
                          "Total Cost": 45479.59,
                          "Plan Rows": 142311,
                          "Plan Width": 4,
                          "Actual Startup Time": 0.03,
                          "Actual Total Time": 102.478,
                          "Actual Rows": 110380,
                          "Actual Loops": 4,
                          "Filter": "((kind_id < 4) AND (production_year > 1993))",
                          "Rows Removed by Filter": 521698
                        }
                      ]
                    }
                  ]
                }
              ]
            }
          ]
        }
      ]
    },
    "Planning Time": 0.611,
    "Triggers": [],
    "Execution Time": 307.003
  }
]