[
  {
    "Plan": {
      "Node Type": "Aggregate",
      "Strategy": "Plain",
      "Partial Mode": "Finalize",
      "Parallel Aware": false,
      "Startup Cost": 32782.08,
      "Total Cost": 32782.09,
      "Plan Rows": 1,
      "Plan Width": 8,
      "Actual Startup Time": 150.726,
      "Actual Total Time": 166.707,
      "Actual Rows": 1,
      "Actual Loops": 1,
      "Plans": [
        {
          "Node Type": "Gather",
          "Parent Relationship": "Outer",
          "Parallel Aware": false,
          "Startup Cost": 32781.76,
          "Total Cost": 32782.07,
          "Plan Rows": 3,
          "Plan Width": 8,
          "Actual Startup Time": 150.265,
          "Actual Total Time": 166.691,
          "Actual Rows": 4,
          "Actual Loops": 1,
          "Workers Planned": 3,
          "Workers Launched": 3,
          "Single Copy": false,
          "Plans": [
            {
              "Node Type": "Aggregate",
              "Strategy": "Plain",
              "Partial Mode": "Partial",
              "Parent Relationship": "Outer",
              "Parallel Aware": false,
              "Startup Cost": 31781.76,
              "Total Cost": 31781.77,
              "Plan Rows": 1,
              "Plan Width": 8,
              "Actual Startup Time": 142.244,
              "Actual Total Time": 142.246,
              "Actual Rows": 1,
              "Actual Loops": 4,
              "Plans": [
                {
                  "Node Type": "Bitmap Heap Scan",
                  "Parent Relationship": "Outer",
                  "Parallel Aware": true,
                  "Relation Name": "movie_keyword",
                  "Alias": "mk",
                  "Startup Cost": 5967.35,
                  "Total Cost": 31555.03,
                  "Plan Rows": 90694,
                  "Plan Width": 0,
                  "Actual Startup Time": 31.219,
                  "Actual Total Time": 136.374,
                  "Actual Rows": 68112,
                  "Actual Loops": 4,
                  "Recheck Cond": "(keyword_id < 231)",
                  "Rows Removed by Index Recheck": 0,
                  "Exact Heap Blocks": 9586,
                  "Lossy Heap Blocks": 0,
                  "Plans": [
                    {
                      "Node Type": "Bitmap Index Scan",
                      "Parent Relationship": "Outer",
                      "Parallel Aware": false,
                      "Index Name": "keyword_id_movie_keyword",
                      "Startup Cost": 0.0,
                      "Total Cost": 5897.06,
                      "Plan Rows": 281151,
                      "Plan Width": 0,
                      "Actual Startup Time": 32.703,
                      "Actual Total Time": 32.703,
                      "Actual Rows": 272446,
                      "Actual Loops": 1,
                      "Index Cond": "(keyword_id < 231)"
                    }
                  ]
                }
              ]
            }
          ]
        }
      ]
    },
    "Planning Time": 0.176,
    "Triggers": [],
    "Execution Time": 166.782
  }
]