[
  {
    "Plan": {
      "Node Type": "Aggregate",
      "Strategy": "Plain",
      "Partial Mode": "Finalize",
      "Parallel Aware": false,
      "Startup Cost": 47001.26,
      "Total Cost": 47001.27,
      "Plan Rows": 1,
      "Plan Width": 8,
      "Actual Startup Time": 170.669,
      "Actual Total Time": 180.389,
      "Actual Rows": 1,
      "Actual Loops": 1,
      "Plans": [
        {
          "Node Type": "Gather",
          "Parent Relationship": "Outer",
          "Parallel Aware": false,
          "Startup Cost": 47000.95,
          "Total Cost": 47001.26,
          "Plan Rows": 3,
          "Plan Width": 8,
          "Actual Startup Time": 170.559,
          "Actual Total Time": 180.381,
          "Actual Rows": 4,
          "Actual Loops": 1,
          "Workers Planned": 3,
          "Workers Launched": 3,
          "Single Copy": false,
          "Plans": [
            {
              "Node Type": "Aggregate",
              "Strategy": "Plain",
              "Partial Mode": "Partial",
              "Parent Relationship": "Outer",
              "Parallel Aware": false,
              "Startup Cost": 46000.95,
              "Total Cost": 46000.96,
              "Plan Rows": 1,
              "Plan Width": 8,
              "Actual Startup Time": 164.099,
              "Actual Total Time": 164.1,
              "Actual Rows": 1,
              "Actual Loops": 4,
              "Plans": [
                {
                  "Node Type": "Seq Scan",
                  "Parent Relationship": "Outer",
                  "Parallel Aware": true,
                  "Relation Name": "movie_keyword",
                  "Alias": "mk",
                  "Startup Cost": 0.0,
                  "Total Cost": 42695.65,
                  "Plan Rows": 1322117,
                  "Plan Width": 0,
                  "Actual Startup Time": 0.05,
                  "Actual Total Time": 120.242,
                  "Actual Rows": 1027744,
                  "Actual Loops": 4,
                  "Filter": "(keyword_id < 42033)",
                  "Rows Removed by Filter": 103238
                }
              ]
            }
          ]
        }
      ]
    },
    "Planning Time": 0.187,
    "Triggers": [],
    "Execution Time": 180.443
  }
]