[
  {
    "Plan": {
      "Node Type": "Aggregate",
      "Strategy": "Plain",
      "Partial Mode": "Finalize",
      "Parallel Aware": false,
      "Startup Cost": 32919.5,
      "Total Cost": 32919.51,
      "Plan Rows": 1,
      "Plan Width": 8,
      "Actual Startup Time": 80.533,
      "Actual Total Time": 86.129,
      "Actual Rows": 1,
      "Actual Loops": 1,
      "Plans": [
        {
          "Node Type": "Gather",
          "Parent Relationship": "Outer",
          "Parallel Aware": false,
          "Startup Cost": 32919.18,
          "Total Cost": 32919.49,
          "Plan Rows": 3,
          "Plan Width": 8,
          "Actual Startup Time": 80.41,
          "Actual Total Time": 86.121,
          "Actual Rows": 4,
          "Actual Loops": 1,
          "Workers Planned": 3,
          "Workers Launched": 3,
          "Single Copy": false,
          "Plans": [
            {
              "Node Type": "Aggregate",
              "Strategy": "Plain",
              "Partial Mode": "Partial",
              "Parent Relationship": "Outer",
              "Parallel Aware": false,
              "Startup Cost": 31919.18,
              "Total Cost": 31919.19,
              "Plan Rows": 1,
              "Plan Width": 8,
              "Actual Startup Time": 75.576,
              "Actual Total Time": 75.577,
              "Actual Rows": 1,
              "Actual Loops": 4,
              "Plans": [
                {
                  "Node Type": "Seq Scan",
                  "Parent Relationship": "Outer",
                  "Parallel Aware": true,
                  "Relation Name": "movie_companies",
                  "Alias": "mc",
                  "Startup Cost": 0.0,
                  "Total Cost": 31414.82,
                  "Plan Rows": 201745,
                  "Plan Width": 0,
                  "Actual Startup Time": 39.876,
                  "Actual Total Time": 70.74,
                  "Actual Rows": 100559,
                  "Actual Loops": 4,
                  "Filter": "((company_id < 11146) AND (company_type_id > 1))",
                  "Rows Removed by Filter": 551723
                }
              ]
            }
          ]
        }
      ]
    },
    "Planning Time": 0.115,
    "Triggers": [],
    "Execution Time": 86.163
  }
]