[
  {
    "Plan": {
      "Node Type": "Aggregate",
      "Strategy": "Plain",
      "Partial Mode": "Finalize",
      "Parallel Aware": false,
      "Startup Cost": 225556.59,
      "Total Cost": 225556.6,
      "Plan Rows": 1,
      "Plan Width": 8,
      "Actual Startup Time": 147.016,
      "Actual Total Time": 169.895,
      "Actual Rows": 1,
      "Actual Loops": 1,
      "Plans": [
        {
          "Node Type": "Gather",
          "Parent Relationship": "Outer",
          "Parallel Aware": false,
          "Startup Cost": 225556.17,
          "Total Cost": 225556.58,
          "Plan Rows": 4,
          "Plan Width": 8,
          "Actual Startup Time": 146.894,
          "Actual Total Time": 169.886,
          "Actual Rows": 5,
          "Actual Loops": 1,
          "Workers Planned": 4,
          "Workers Launched": 4,
          "Single Copy": false,
          "Plans": [
            {
              "Node Type": "Aggregate",
              "Strategy": "Plain",
              "Partial Mode": "Partial",
              "Parent Relationship": "Outer",
              "Parallel Aware": false,
              "Startup Cost": 224556.17,
              "Total Cost": 224556.18,
              "Plan Rows": 1,
              "Plan Width": 8,
              "Actual Startup Time": 137.424,
              "Actual Total Time": 137.426,
              "Actual Rows": 1,
              "Actual Loops": 5,
              "Plans": [
                {
                  "Node Type": "Nested Loop",
                  "Parent Relationship": "Outer",
                  "Parallel Aware": false,
                  "Join Type": "Inner",
                  "Startup Cost": 0.43,
                  "Total Cost": 224520.52,
                  "Plan Rows": 14258,
                  "Plan Width": 0,
                  "Actual Startup Time": 0.288,
                  "Actual Total Time": 136.516,
                  "Actual Rows": 8114,
                  "Actual Loops": 5,
                  "Inner Unique": false,
                  "Plans": [
                    {
                      "Node Type": "Seq Scan",
                      "Parent Relationship": "Outer",
                      "Parallel Aware": true,
                      "Relation Name": "title",
                      "Alias": "t",
                      "Startup Cost": 0.0,
                      "Total Cost": 45479.1,
                      "Plan Rows": 3823,
                      "Plan Width": 4,
                      "Actual Startup Time": 0.091,
                      "Actual Total Time": 78.54,
                      "Actual Rows": 3000,
                      "Actual Loops": 5,
                      "Filter": "((kind_id > 1) AND (production_year = 1988))",
                      "Rows Removed by Filter": 502662
                    },
                    {
                      "Node Type": "Index Scan",
                      "Parent Relationship": "Inner",
                      "Parallel Aware": false,
                      "Scan Direction": "Forward",
                      "Index Name": "movie_id_movie_info",
                      "Relation Name": "movie_info",
                      "Alias": "mi",
                      "Startup Cost": 0.43,
                      "Total Cost": 46.56,
                      "Plan Rows": 27,
                      "Plan Width": 4,
                      "Actual Startup Time": 0.011,
                      "Actual Total Time": 0.018,
                      "Actual Rows": 3,
                      "Actual Loops": 15001,
                      "Index Cond": "(movie_id = t.id)",
                      "Rows Removed by Index Recheck": 0,
                      "Filter": "(info_type_id > 5)",
                      "Rows Removed by Filter": 2
                    }
                  ]
                }
              ]
            }
          ]
        }
      ]
    },
    "Planning Time": 0.631,
    "Triggers": [],
    "Execution Time": 170.007
  }
]