[
  {
    "Plan": {
      "Node Type": "Aggregate",
      "Strategy": "Plain",
      "Partial Mode": "Finalize",
      "Parallel Aware": false,
      "Startup Cost": 276924.59,
      "Total Cost": 276924.6,
      "Plan Rows": 1,
      "Plan Width": 8,
      "Actual Startup Time": 99.416,
      "Actual Total Time": 106.875,
      "Actual Rows": 1,
      "Actual Loops": 1,
      "Plans": [
        {
          "Node Type": "Gather",
          "Parent Relationship": "Outer",
          "Parallel Aware": false,
          "Startup Cost": 276923.97,
          "Total Cost": 276924.58,
          "Plan Rows": 6,
          "Plan Width": 8,
          "Actual Startup Time": 98.994,
          "Actual Total Time": 106.861,
          "Actual Rows": 7,
          "Actual Loops": 1,
          "Workers Planned": 6,
          "Workers Launched": 6,
          "Single Copy": false,
          "Plans": [
            {
              "Node Type": "Aggregate",
              "Strategy": "Plain",
              "Partial Mode": "Partial",
              "Parent Relationship": "Outer",
              "Parallel Aware": false,
              "Startup Cost": 275923.97,
              "Total Cost": 275923.98,
              "Plan Rows": 1,
              "Plan Width": 8,
              "Actual Startup Time": 92.034,
              "Actual Total Time": 92.035,
              "Actual Rows": 1,
              "Actual Loops": 7,
              "Plans": [
                {
                  "Node Type": "Bitmap Heap Scan",
                  "Parent Relationship": "Outer",
                  "Parallel Aware": true,
                  "Relation Name": "cast_info",
                  "Alias": "ci",
                  "Startup Cost": 20734.01,
                  "Total Cost": 275785.87,
                  "Plan Rows": 55238,
                  "Plan Width": 0,
                  "Actual Startup Time": 31.06,
                  "Actual Total Time": 84.203,
                  "Actual Rows": 103132,
                  "Actual Loops": 7,
                  "Recheck Cond": "(person_id < 101008)",
                  "Rows Removed by Index Recheck": 0,
                  "Filter": "(role_id < 2)",
                  "Rows Removed by Filter": 38085,
                  "Exact Heap Blocks": 3325,
                  "Lossy Heap Blocks": 0,
                  "Plans": [
                    {
                      "Node Type": "Bitmap Index Scan",
                      "Parent Relationship": "Outer",
                      "Parallel Aware": false,
                      "Index Name": "person_id_cast_info",
                      "Startup Cost": 0.0,
                      "Total Cost": 20651.15,
                      "Plan Rows": 945945,
                      "Plan Width": 0,
                      "Actual Startup Time": 36.017,
                      "Actual Total Time": 36.019,
                      "Actual Rows": 988521,
                      "Actual Loops": 1,
                      "Index Cond": "(person_id < 101008)"
                    }
                  ]
                }
              ]
            }
          ]
        }
      ]
    },
    "Planning Time": 0.101,
    "Triggers": [],
    "Execution Time": 106.91
  }
]