{
  "Plan": {
    "Node Type": "Aggregate",
    "Strategy": "Plain",
    "Partial Mode": "Finalize",
    "Parallel Aware": false,
    "Startup Cost": 110673.93,
    "Total Cost": 110673.94,
    "Plan Rows": 1,
    "Plan Width": 8,
    "Actual Startup Time": 850.787,
    "Actual Total Time": 869.087,
    "Actual Rows": 1,
    "Actual Loops": 1,
    "Plans": [
      {
        "Node Type": "Gather",
        "Parent Relationship": "Outer",
        "Parallel Aware": false,
        "Startup Cost": 110673.82,
        "Total Cost": 110673.93,
        "Plan Rows": 1,
        "Plan Width": 8,
        "Actual Startup Time": 848.528,
        "Actual Total Time": 869.081,
        "Actual Rows": 2,
        "Actual Loops": 1,
        "Workers Planned": 1,
        "Workers Launched": 1,
        "Single Copy": false,
        "Plans": [
          {
            "Node Type": "Aggregate",
            "Strategy": "Plain",
            "Partial Mode": "Partial",
            "Parent Relationship": "Outer",
            "Parallel Aware": false,
            "Startup Cost": 109673.82,
            "Total Cost": 109673.83,
            "Plan Rows": 1,
            "Plan Width": 8,
            "Actual Startup Time": 845.451,
            "Actual Total Time": 845.455,
            "Actual Rows": 1,
            "Actual Loops": 2,
            "Plans": [
              {
                "Node Type": "Hash Join",
                "Parent Relationship": "Outer",
                "Parallel Aware": true,
                "Join Type": "Inner",
                "Startup Cost": 46418.84,
                "Total Cost": 108752.39,
                "Plan Rows": 368569,
                "Plan Width": 0,
                "Actual Startup Time": 270.795,
                "Actual Total Time": 822.868,
                "Actual Rows": 445368,
                "Actual Loops": 2,
                "Inner Unique": false,
                "Hash Cond": "(t.id = mc.movie_id)",
                "Plans": [
                  {
                    "Node Type": "Seq Scan",
                    "Parent Relationship": "Outer",
                    "Parallel Aware": true,
                    "Relation Name": "title",
                    "Alias": "t",
                    "Startup Cost": 0.0,
                    "Total Cost": 50870.31,
                    "Plan Rows": 1487231,
                    "Plan Width": 4,
                    "Actual Startup Time": 0.011,
                    "Actual Total Time": 140.299,
                    "Actual Rows": 1264156,
                    "Actual Loops": 2
                  },
                  {
                    "Node Type": "Hash",
                    "Parent Relationship": "Inner",
                    "Parallel Aware": true,
                    "Startup Cost": 41811.73,
                    "Total Cost": 41811.73,
                    "Plan Rows": 368569,
                    "Plan Width": 4,
                    "Actual Startup Time": 264.63,
                    "Actual Total Time": 264.631,
                    "Actual Rows": 445368,
                    "Actual Loops": 2,
                    "Hash Buckets": 1048576,
                    "Original Hash Buckets": 1048576,
                    "Hash Batches": 1,
                    "Original Hash Batches": 1,
                    "Peak Memory Usage": 43072,
                    "Plans": [
                      {
                        "Node Type": "Seq Scan",
                        "Parent Relationship": "Outer",
                        "Parallel Aware": true,
                        "Relation Name": "movie_companies",
                        "Alias": "mc",
                        "Startup Cost": 0.0,
                        "Total Cost": 41811.73,
                        "Plan Rows": 368569,
                        "Plan Width": 4,
                        "Actual Startup Time": 63.968,
                        "Actual Total Time": 153.366,
                        "Actual Rows": 445368,
                        "Actual Loops": 2,
                        "Filter": "((company_id > 11817) AND (company_type_id > 1))",
                        "Rows Removed by Filter": 859196
                      }
                    ]
                  }
                ]
              }
            ]
          }
        ]
      }
    ]
  },
  "Planning Time": 0.351,
  "Triggers": [],
  "Execution Time": 869.133
}