[
  {
    "Plan": {
      "Node Type": "Aggregate",
      "Strategy": "Plain",
      "Partial Mode": "Finalize",
      "Parallel Aware": false,
      "Startup Cost": 47321.01,
      "Total Cost": 47321.02,
      "Plan Rows": 1,
      "Plan Width": 8,
      "Actual Startup Time": 109.895,
      "Actual Total Time": 120.42,
      "Actual Rows": 1,
      "Actual Loops": 1,
      "Plans": [
        {
          "Node Type": "Gather",
          "Parent Relationship": "Outer",
          "Parallel Aware": false,
          "Startup Cost": 47320.59,
          "Total Cost": 47321.0,
          "Plan Rows": 4,
          "Plan Width": 8,
          "Actual Startup Time": 109.762,
          "Actual Total Time": 120.413,
          "Actual Rows": 5,
          "Actual Loops": 1,
          "Workers Planned": 4,
          "Workers Launched": 4,
          "Single Copy": false,
          "Plans": [
            {
              "Node Type": "Aggregate",
              "Strategy": "Plain",
              "Partial Mode": "Partial",
              "Parent Relationship": "Outer",
              "Parallel Aware": false,
              "Startup Cost": 46320.59,
              "Total Cost": 46320.6,
              "Plan Rows": 1,
              "Plan Width": 8,
              "Actual Startup Time": 100.658,
              "Actual Total Time": 100.659,
              "Actual Rows": 1,
              "Actual Loops": 5,
              "Plans": [
                {
                  "Node Type": "Seq Scan",
                  "Parent Relationship": "Outer",
                  "Parallel Aware": true,
                  "Relation Name": "title",
                  "Alias": "t",
                  "Startup Cost": 0.0,
                  "Total Cost": 45479.1,
                  "Plan Rows": 336597,
                  "Plan Width": 0,
                  "Actual Startup Time": 0.039,
                  "Actual Total Time": 85.516,
                  "Actual Rows": 285003,
                  "Actual Loops": 5,
                  "Filter": "((production_year > 1960) AND (kind_id = 7))",
                  "Rows Removed by Filter": 220660
                }
              ]
            }
          ]
        }
      ]
    },
    "Planning Time": 0.171,
    "Triggers": [],
    "Execution Time": 120.477
  }
]