[
    {
        "Bao": {
            "Bao prediction": 506.719,
            "Bao recommended hint": "(no hint)"
        }
    },
    {
        "Plan": {
            "Node Type": "Aggregate",
            "Strategy": "Plain",
            "Partial Mode": "Finalize",
            "Parallel Aware": false,
            "Startup Cost": 338014.12,
            "Total Cost": 338014.13,
            "Plan Rows": 1,
            "Plan Width": 8,
            "Actual Startup Time": 819.86,
            "Actual Total Time": 850.657,
            "Actual Rows": 1,
            "Actual Loops": 1,
            "Output": [
                "count(*)"
            ],
            "Plans": [
                {
                    "Node Type": "Gather",
                    "Parent Relationship": "Outer",
                    "Parallel Aware": false,
                    "Startup Cost": 338013.49,
                    "Total Cost": 338014.1,
                    "Plan Rows": 6,
                    "Plan Width": 8,
                    "Actual Startup Time": 819.769,
                    "Actual Total Time": 850.648,
                    "Actual Rows": 7,
                    "Actual Loops": 1,
                    "Output": [
                        "(PARTIAL count(*))"
                    ],
                    "Workers Planned": 6,
                    "Workers Launched": 6,
                    "Single Copy": false,
                    "Plans": [
                        {
                            "Node Type": "Aggregate",
                            "Strategy": "Plain",
                            "Partial Mode": "Partial",
                            "Parent Relationship": "Outer",
                            "Parallel Aware": false,
                            "Startup Cost": 337013.49,
                            "Total Cost": 337013.5,
                            "Plan Rows": 1,
                            "Plan Width": 8,
                            "Actual Startup Time": 810.605,
                            "Actual Total Time": 810.606,
                            "Actual Rows": 1,
                            "Actual Loops": 7,
                            "Output": [
                                "PARTIAL count(*)"
                            ],
                            "Workers": [
                                {
                                    "Worker Number": 0,
                                    "Actual Startup Time": 808.433,
                                    "Actual Total Time": 808.434,
                                    "Actual Rows": 1,
                                    "Actual Loops": 1
                                },
                                {
                                    "Worker Number": 1,
                                    "Actual Startup Time": 808.61,
                                    "Actual Total Time": 808.611,
                                    "Actual Rows": 1,
                                    "Actual Loops": 1
                                },
                                {
                                    "Worker Number": 2,
                                    "Actual Startup Time": 809.208,
                                    "Actual Total Time": 809.209,
                                    "Actual Rows": 1,
                                    "Actual Loops": 1
                                },
                                {
                                    "Worker Number": 3,
                                    "Actual Startup Time": 809.492,
                                    "Actual Total Time": 809.493,
                                    "Actual Rows": 1,
                                    "Actual Loops": 1
                                },
                                {
                                    "Worker Number": 4,
                                    "Actual Startup Time": 809.682,
                                    "Actual Total Time": 809.683,
                                    "Actual Rows": 1,
                                    "Actual Loops": 1
                                },
                                {
                                    "Worker Number": 5,
                                    "Actual Startup Time": 809.834,
                                    "Actual Total Time": 809.836,
                                    "Actual Rows": 1,
                                    "Actual Loops": 1
                                }
                            ],
                            "Plans": [
                                {
                                    "Node Type": "Seq Scan",
                                    "Parent Relationship": "Outer",
                                    "Parallel Aware": true,
                                    "Relation Name": "cast_info",
                                    "Schema": "public",
                                    "Alias": "ci",
                                    "Startup Cost": 0.0,
                                    "Total Cost": 328213.62,
                                    "Plan Rows": 3519951,
                                    "Plan Width": 0,
                                    "Actual Startup Time": 172.663,
                                    "Actual Total Time": 644.313,
                                    "Actual Rows": 3022186,
                                    "Actual Loops": 7,
                                    "Output": [
                                        "id",
                                        "person_id",
                                        "movie_id",
                                        "person_role_id",
                                        "note",
                                        "nr_order",
                                        "role_id"
                                    ],
                                    "Filter": "(ci.person_id > 1488742)",
                                    "Rows Removed by Filter": 2155578,
                                    "Workers": [
                                        {
                                            "Worker Number": 0,
                                            "Actual Startup Time": 170.513,
                                            "Actual Total Time": 650.15,
                                            "Actual Rows": 2400750,
                                            "Actual Loops": 1
                                        },
                                        {
                                            "Worker Number": 1,
                                            "Actual Startup Time": 170.673,
                                            "Actual Total Time": 650.212,
                                            "Actual Rows": 2403826,
                                            "Actual Loops": 1
                                        },
                                        {
                                            "Worker Number": 2,
                                            "Actual Startup Time": 171.239,
                                            "Actual Total Time": 646.052,
                                            "Actual Rows": 2477289,
                                            "Actual Loops": 1
                                        },
                                        {
                                            "Worker Number": 3,
                                            "Actual Startup Time": 171.546,
                                            "Actual Total Time": 645.292,
                                            "Actual Rows": 3564148,
                                            "Actual Loops": 1
                                        },
                                        {
                                            "Worker Number": 4,
                                            "Actual Startup Time": 171.734,
                                            "Actual Total Time": 645.749,
                                            "Actual Rows": 3562990,
                                            "Actual Loops": 1
                                        },
                                        {
                                            "Worker Number": 5,
                                            "Actual Startup Time": 171.907,
                                            "Actual Total Time": 647.128,
                                            "Actual Rows": 2471672,
                                            "Actual Loops": 1
                                        }
                                    ]
                                }
                            ]
                        }
                    ]
                }
            ]
        },
        "Planning Time": 933.203,
        "Triggers": [],
        "Execution Time": 850.799
    }
]