[
    {
        "Bao": {
            "Bao prediction": "NaN",
            "Bao recommended hint": "(no hint)"
        }
    },
    {
        "Plan": {
            "Node Type": "Aggregate",
            "Strategy": "Plain",
            "Partial Mode": "Finalize",
            "Parallel Aware": false,
            "Startup Cost": 272822.89,
            "Total Cost": 272822.9,
            "Plan Rows": 1,
            "Plan Width": 8,
            "Actual Startup Time": 108.367,
            "Actual Total Time": 113.194,
            "Actual Rows": 1,
            "Actual Loops": 1,
            "Output": [
                "count(*)"
            ],
            "Plans": [
                {
                    "Node Type": "Gather",
                    "Parent Relationship": "Outer",
                    "Parallel Aware": false,
                    "Startup Cost": 272822.26,
                    "Total Cost": 272822.87,
                    "Plan Rows": 6,
                    "Plan Width": 8,
                    "Actual Startup Time": 108.07,
                    "Actual Total Time": 113.186,
                    "Actual Rows": 7,
                    "Actual Loops": 1,
                    "Output": [
                        "(PARTIAL count(*))"
                    ],
                    "Workers Planned": 6,
                    "Workers Launched": 6,
                    "Single Copy": false,
                    "Plans": [
                        {
                            "Node Type": "Aggregate",
                            "Strategy": "Plain",
                            "Partial Mode": "Partial",
                            "Parent Relationship": "Outer",
                            "Parallel Aware": false,
                            "Startup Cost": 271822.26,
                            "Total Cost": 271822.27,
                            "Plan Rows": 1,
                            "Plan Width": 8,
                            "Actual Startup Time": 97.78,
                            "Actual Total Time": 97.781,
                            "Actual Rows": 1,
                            "Actual Loops": 7,
                            "Output": [
                                "PARTIAL count(*)"
                            ],
                            "Workers": [
                                {
                                    "Worker Number": 0,
                                    "Actual Startup Time": 95.484,
                                    "Actual Total Time": 95.485,
                                    "Actual Rows": 1,
                                    "Actual Loops": 1
                                },
                                {
                                    "Worker Number": 1,
                                    "Actual Startup Time": 95.747,
                                    "Actual Total Time": 95.748,
                                    "Actual Rows": 1,
                                    "Actual Loops": 1
                                },
                                {
                                    "Worker Number": 2,
                                    "Actual Startup Time": 95.944,
                                    "Actual Total Time": 95.945,
                                    "Actual Rows": 1,
                                    "Actual Loops": 1
                                },
                                {
                                    "Worker Number": 3,
                                    "Actual Startup Time": 96.089,
                                    "Actual Total Time": 96.09,
                                    "Actual Rows": 1,
                                    "Actual Loops": 1
                                },
                                {
                                    "Worker Number": 4,
                                    "Actual Startup Time": 96.58,
                                    "Actual Total Time": 96.581,
                                    "Actual Rows": 1,
                                    "Actual Loops": 1
                                },
                                {
                                    "Worker Number": 5,
                                    "Actual Startup Time": 96.946,
                                    "Actual Total Time": 96.948,
                                    "Actual Rows": 1,
                                    "Actual Loops": 1
                                }
                            ],
                            "Plans": [
                                {
                                    "Node Type": "Bitmap Heap Scan",
                                    "Parent Relationship": "Outer",
                                    "Parallel Aware": true,
                                    "Relation Name": "cast_info",
                                    "Schema": "public",
                                    "Alias": "ci",
                                    "Startup Cost": 17079.04,
                                    "Total Cost": 271714.68,
                                    "Plan Rows": 43035,
                                    "Plan Width": 0,
                                    "Actual Startup Time": 33.014,
                                    "Actual Total Time": 88.584,
                                    "Actual Rows": 121235,
                                    "Actual Loops": 7,
                                    "Recheck Cond": "(ci.person_id > 3898377)",
                                    "Rows Removed by Index Recheck": 0,
                                    "Filter": "(ci.role_id > 3)",
                                    "Rows Removed by Filter": 0,
                                    "Exact Heap Blocks": 2591,
                                    "Lossy Heap Blocks": 0,
                                    "Workers": [
                                        {
                                            "Worker Number": 0,
                                            "Actual Startup Time": 30.734,
                                            "Actual Total Time": 86.412,
                                            "Actual Rows": 85518,
                                            "Actual Loops": 1
                                        },
                                        {
                                            "Worker Number": 1,
                                            "Actual Startup Time": 31.366,
                                            "Actual Total Time": 87.052,
                                            "Actual Rows": 95428,
                                            "Actual Loops": 1
                                        },
                                        {
                                            "Worker Number": 2,
                                            "Actual Startup Time": 31.087,
                                            "Actual Total Time": 87.33,
                                            "Actual Rows": 123072,
                                            "Actual Loops": 1
                                        },
                                        {
                                            "Worker Number": 3,
                                            "Actual Startup Time": 31.399,
                                            "Actual Total Time": 87.421,
                                            "Actual Rows": 123328,
                                            "Actual Loops": 1
                                        },
                                        {
                                            "Worker Number": 4,
                                            "Actual Startup Time": 31.816,
                                            "Actual Total Time": 87.711,
                                            "Actual Rows": 121646,
                                            "Actual Loops": 1
                                        },
                                        {
                                            "Worker Number": 5,
                                            "Actual Startup Time": 32.183,
                                            "Actual Total Time": 88.059,
                                            "Actual Rows": 120992,
                                            "Actual Loops": 1
                                        }
                                    ],
                                    "Plans": [
                                        {
                                            "Node Type": "Bitmap Index Scan",
                                            "Parent Relationship": "Outer",
                                            "Parallel Aware": false,
                                            "Index Name": "person_id_cast_info",
                                            "Startup Cost": 0.0,
                                            "Total Cost": 17014.48,
                                            "Plan Rows": 779456,
                                            "Plan Width": 0,
                                            "Actual Startup Time": 39.894,
                                            "Actual Total Time": 39.894,
                                            "Actual Rows": 848642,
                                            "Actual Loops": 1,
                                            "Index Cond": "(ci.person_id > 3898377)"
                                        }
                                    ]
                                }
                            ]
                        }
                    ]
                }
            ]
        },
        "Planning Time": 297.802,
        "Triggers": [],
        "Execution Time": 113.251
    }
]