{
  "Plan": {
    "Node Type": "Aggregate",
    "Strategy": "Plain",
    "Partial Mode": "Finalize",
    "Parallel Aware": false,
    "Startup Cost": 1076077.9,
    "Total Cost": 1076077.91,
    "Plan Rows": 1,
    "Plan Width": 8,
    "Actual Startup Time": 7416.687,
    "Actual Total Time": 7521.504,
    "Actual Rows": 1,
    "Actual Loops": 1,
    "Plans": [
      {
        "Node Type": "Gather",
        "Parent Relationship": "Outer",
        "Parallel Aware": false,
        "Startup Cost": 1076077.78,
        "Total Cost": 1076077.89,
        "Plan Rows": 1,
        "Plan Width": 8,
        "Actual Startup Time": 7413.751,
        "Actual Total Time": 7521.496,
        "Actual Rows": 2,
        "Actual Loops": 1,
        "Workers Planned": 1,
        "Workers Launched": 1,
        "Single Copy": false,
        "Plans": [
          {
            "Node Type": "Aggregate",
            "Strategy": "Plain",
            "Partial Mode": "Partial",
            "Parent Relationship": "Outer",
            "Parallel Aware": false,
            "Startup Cost": 1075077.78,
            "Total Cost": 1075077.79,
            "Plan Rows": 1,
            "Plan Width": 8,
            "Actual Startup Time": 7405.649,
            "Actual Total Time": 7405.655,
            "Actual Rows": 1,
            "Actual Loops": 2,
            "Plans": [
              {
                "Node Type": "Hash Join",
                "Parent Relationship": "Outer",
                "Parallel Aware": true,
                "Join Type": "Inner",
                "Startup Cost": 360559.64,
                "Total Cost": 1048464.74,
                "Plan Rows": 10645216,
                "Plan Width": 0,
                "Actual Startup Time": 2540.372,
                "Actual Total Time": 7188.638,
                "Actual Rows": 5263730,
                "Actual Loops": 2,
                "Inner Unique": false,
                "Hash Cond": "(ci.movie_id = t.id)",
                "Plans": [
                  {
                    "Node Type": "Seq Scan",
                    "Parent Relationship": "Outer",
                    "Parallel Aware": true,
                    "Relation Name": "cast_info",
                    "Alias": "ci",
                    "Startup Cost": 0.0,
                    "Total Cost": 519069.44,
                    "Plan Rows": 16994684,
                    "Plan Width": 4,
                    "Actual Startup Time": 202.389,
                    "Actual Total Time": 1681.553,
                    "Actual Rows": 14355650,
                    "Actual Loops": 2,
                    "Filter": "(person_id > 730397)",
                    "Rows Removed by Filter": 3766522
                  },
                  {
                    "Node Type": "Hash",
                    "Parent Relationship": "Inner",
                    "Parallel Aware": true,
                    "Startup Cost": 348914.9,
                    "Total Cost": 348914.9,
                    "Plan Rows": 931579,
                    "Plan Width": 8,
                    "Actual Startup Time": 2323.578,
                    "Actual Total Time": 2323.582,
                    "Actual Rows": 460490,
                    "Actual Loops": 2,
                    "Hash Buckets": 2097152,
                    "Original Hash Buckets": 2097152,
                    "Hash Batches": 1,
                    "Original Hash Batches": 1,
                    "Peak Memory Usage": 52448,
                    "Plans": [
                      {
                        "Node Type": "Hash Join",
                        "Parent Relationship": "Outer",
                        "Parallel Aware": true,
                        "Join Type": "Inner",
                        "Startup Cost": 60937.11,
                        "Total Cost": 348914.9,
                        "Plan Rows": 931579,
                        "Plan Width": 8,
                        "Actual Startup Time": 237.883,
                        "Actual Total Time": 2146.021,
                        "Actual Rows": 460490,
                        "Actual Loops": 2,
                        "Inner Unique": true,
                        "Hash Cond": "(mi.movie_id = t.id)",
                        "Plans": [
                          {
                            "Node Type": "Seq Scan",
                            "Parent Relationship": "Outer",
                            "Parallel Aware": true,
                            "Relation Name": "movie_info",
                            "Alias": "mi",
                            "Startup Cost": 0.0,
                            "Total Cost": 270696.42,
                            "Plan Rows": 6583369,
                            "Plan Width": 4,
                            "Actual Startup Time": 0.013,
                            "Actual Total Time": 1006.996,
                            "Actual Rows": 5605372,
                            "Actual Loops": 2,
                            "Filter": "(info_type_id > 3)",
                            "Rows Removed by Filter": 1812488
                          },
                          {
                            "Node Type": "Hash",
                            "Parent Relationship": "Inner",
                            "Parallel Aware": true,
                            "Startup Cost": 58306.47,
                            "Total Cost": 58306.47,
                            "Plan Rows": 210451,
                            "Plan Width": 4,
                            "Actual Startup Time": 233.724,
                            "Actual Total Time": 233.725,
                            "Actual Rows": 114338,
                            "Actual Loops": 2,
                            "Hash Buckets": 524288,
                            "Original Hash Buckets": 524288,
                            "Hash Batches": 1,
                            "Original Hash Batches": 1,
                            "Peak Memory Usage": 13088,
                            "Plans": [
                              {
                                "Node Type": "Seq Scan",
                                "Parent Relationship": "Outer",
                                "Parallel Aware": true,
                                "Relation Name": "title",
                                "Alias": "t",
                                "Startup Cost": 0.0,
                                "Total Cost": 58306.47,
                                "Plan Rows": 210451,
                                "Plan Width": 4,
                                "Actual Startup Time": 0.031,
                                "Actual Total Time": 190.913,
                                "Actual Rows": 114338,
                                "Actual Loops": 2,
                                "Filter": "((kind_id > 1) AND (production_year < 1979))",
                                "Rows Removed by Filter": 1149818
                              }
                            ]
                          }
                        ]
                      }
                    ]
                  }
                ]
              }
            ]
          }
        ]
      }
    ]
  },
  "Planning Time": 0.958,
  "Triggers": [],
  "Execution Time": 7521.601
}