[
  {
    "Plan": {
      "Node Type": "Aggregate",
      "Strategy": "Plain",
      "Partial Mode": "Finalize",
      "Parallel Aware": false,
      "Startup Cost": 170897.42,
      "Total Cost": 170897.43,
      "Plan Rows": 1,
      "Plan Width": 8,
      "Actual Startup Time": 503.024,
      "Actual Total Time": 537.634,
      "Actual Rows": 1,
      "Actual Loops": 1,
      "Plans": [
        {
          "Node Type": "Gather",
          "Parent Relationship": "Outer",
          "Parallel Aware": false,
          "Startup Cost": 170897.1,
          "Total Cost": 170897.41,
          "Plan Rows": 3,
          "Plan Width": 8,
          "Actual Startup Time": 493.145,
          "Actual Total Time": 537.62,
          "Actual Rows": 4,
          "Actual Loops": 1,
          "Workers Planned": 3,
          "Workers Launched": 3,
          "Single Copy": false,
          "Plans": [
            {
              "Node Type": "Aggregate",
              "Strategy": "Plain",
              "Partial Mode": "Partial",
              "Parent Relationship": "Outer",
              "Parallel Aware": false,
              "Startup Cost": 169897.1,
              "Total Cost": 169897.11,
              "Plan Rows": 1,
              "Plan Width": 8,
              "Actual Startup Time": 481.363,
              "Actual Total Time": 481.368,
              "Actual Rows": 1,
              "Actual Loops": 4,
              "Plans": [
                {
                  "Node Type": "Nested Loop",
                  "Parent Relationship": "Outer",
                  "Parallel Aware": false,
                  "Join Type": "Inner",
                  "Startup Cost": 53757.63,
                  "Total Cost": 169622.17,
                  "Plan Rows": 109972,
                  "Plan Width": 0,
                  "Actual Startup Time": 310.672,
                  "Actual Total Time": 478.528,
                  "Actual Rows": 40645,
                  "Actual Loops": 4,
                  "Inner Unique": false,
                  "Plans": [
                    {
                      "Node Type": "Hash Join",
                      "Parent Relationship": "Outer",
                      "Parallel Aware": true,
                      "Join Type": "Inner",
                      "Startup Cost": 53757.19,
                      "Total Cost": 79273.16,
                      "Plan Rows": 46551,
                      "Plan Width": 8,
                      "Actual Startup Time": 310.463,
                      "Actual Total Time": 361.024,
                      "Actual Rows": 8270,
                      "Actual Loops": 4,
                      "Inner Unique": true,
                      "Hash Cond": "(mk.movie_id = t.id)",
                      "Plans": [
                        {
                          "Node Type": "Bitmap Heap Scan",
                          "Parent Relationship": "Outer",
                          "Parallel Aware": true,
                          "Relation Name": "movie_keyword",
                          "Alias": "mk",
                          "Startup Cost": 4619.3,
                          "Total Cost": 29950.96,
                          "Plan Rows": 70213,
                          "Plan Width": 4,
                          "Actual Startup Time": 24.958,
                          "Actual Total Time": 55.61,
                          "Actual Rows": 55467,
                          "Actual Loops": 4,
                          "Recheck Cond": "(keyword_id > 64368)",
                          "Rows Removed by Index Recheck": 0,
                          "Exact Heap Blocks": 8983,
                          "Lossy Heap Blocks": 0,
                          "Plans": [
                            {
                              "Node Type": "Bitmap Index Scan",
                              "Parent Relationship": "Outer",
                              "Parallel Aware": false,
                              "Index Name": "keyword_id_movie_keyword",
                              "Startup Cost": 0.0,
                              "Total Cost": 4564.88,
                              "Plan Rows": 217660,
                              "Plan Width": 0,
                              "Actual Startup Time": 20.187,
                              "Actual Total Time": 20.187,
                              "Actual Rows": 221867,
                              "Actual Loops": 1,
                              "Index Cond": "(keyword_id > 64368)"
                            }
                          ]
                        },
                        {
                          "Node Type": "Hash",
                          "Parent Relationship": "Inner",
                          "Parallel Aware": true,
                          "Startup Cost": 43899.32,
                          "Total Cost": 43899.32,
                          "Plan Rows": 419086,
                          "Plan Width": 4,
                          "Actual Startup Time": 277.901,
                          "Actual Total Time": 277.903,
                          "Actual Rows": 418524,
                          "Actual Loops": 4,
                          "Hash Buckets": 2097152,
                          "Original Hash Buckets": 2097152,
                          "Hash Batches": 1,
                          "Original Hash Batches": 1,
                          "Peak Memory Usage": 81920,
                          "Plans": [
                            {
                              "Node Type": "Seq Scan",
                              "Parent Relationship": "Outer",
                              "Parallel Aware": true,
                              "Relation Name": "title",
                              "Alias": "t",
                              "Startup Cost": 0.0,
                              "Total Cost": 43899.32,
                              "Plan Rows": 419086,
                              "Plan Width": 4,
                              "Actual Startup Time": 0.044,
                              "Actual Total Time": 113.036,
                              "Actual Rows": 418524,
                              "Actual Loops": 4,
                              "Filter": "(kind_id > 3)",
                              "Rows Removed by Filter": 213554
                            }
                          ]
                        }
                      ]
                    },
                    {
                      "Node Type": "Index Scan",
                      "Parent Relationship": "Inner",
                      "Parallel Aware": false,
                      "Scan Direction": "Forward",
                      "Index Name": "movie_id_movie_info",
                      "Relation Name": "movie_info",
                      "Alias": "mi",
                      "Startup Cost": 0.43,
                      "Total Cost": 1.77,
                      "Plan Rows": 17,
                      "Plan Width": 4,
                      "Actual Startup Time": 0.005,
                      "Actual Total Time": 0.013,
                      "Actual Rows": 5,
                      "Actual Loops": 33078,
                      "Index Cond": "(movie_id = t.id)",
                      "Rows Removed by Index Recheck": 0,
                      "Filter": "(info_type_id < 7)",
                      "Rows Removed by Filter": 8
                    }
                  ]
                }
              ]
            }
          ]
        }
      ]
    },
    "Planning Time": 1.38,
    "Triggers": [],
    "Execution Time": 537.748
  }
]