[
    {
        "Bao": {
            "Bao prediction": "NaN",
            "Bao recommended hint": "(no hint)"
        }
    },
    {
        "Plan": {
            "Node Type": "Aggregate",
            "Strategy": "Plain",
            "Partial Mode": "Finalize",
            "Parallel Aware": false,
            "Startup Cost": 47049.87,
            "Total Cost": 47049.88,
            "Plan Rows": 1,
            "Plan Width": 8,
            "Actual Startup Time": 197.107,
            "Actual Total Time": 203.021,
            "Actual Rows": 1,
            "Actual Loops": 1,
            "Output": [
                "count(*)"
            ],
            "Plans": [
                {
                    "Node Type": "Gather",
                    "Parent Relationship": "Outer",
                    "Parallel Aware": false,
                    "Startup Cost": 47049.55,
                    "Total Cost": 47049.86,
                    "Plan Rows": 3,
                    "Plan Width": 8,
                    "Actual Startup Time": 197.03,
                    "Actual Total Time": 203.012,
                    "Actual Rows": 4,
                    "Actual Loops": 1,
                    "Output": [
                        "(PARTIAL count(*))"
                    ],
                    "Workers Planned": 3,
                    "Workers Launched": 3,
                    "Single Copy": false,
                    "Plans": [
                        {
                            "Node Type": "Aggregate",
                            "Strategy": "Plain",
                            "Partial Mode": "Partial",
                            "Parent Relationship": "Outer",
                            "Parallel Aware": false,
                            "Startup Cost": 46049.55,
                            "Total Cost": 46049.56,
                            "Plan Rows": 1,
                            "Plan Width": 8,
                            "Actual Startup Time": 188.874,
                            "Actual Total Time": 188.875,
                            "Actual Rows": 1,
                            "Actual Loops": 4,
                            "Output": [
                                "PARTIAL count(*)"
                            ],
                            "Workers": [
                                {
                                    "Worker Number": 0,
                                    "Actual Startup Time": 186.07,
                                    "Actual Total Time": 186.071,
                                    "Actual Rows": 1,
                                    "Actual Loops": 1
                                },
                                {
                                    "Worker Number": 1,
                                    "Actual Startup Time": 186.374,
                                    "Actual Total Time": 186.375,
                                    "Actual Rows": 1,
                                    "Actual Loops": 1
                                },
                                {
                                    "Worker Number": 2,
                                    "Actual Startup Time": 186.63,
                                    "Actual Total Time": 186.631,
                                    "Actual Rows": 1,
                                    "Actual Loops": 1
                                }
                            ],
                            "Plans": [
                                {
                                    "Node Type": "Seq Scan",
                                    "Parent Relationship": "Outer",
                                    "Parallel Aware": true,
                                    "Relation Name": "movie_keyword",
                                    "Schema": "public",
                                    "Alias": "mk",
                                    "Startup Cost": 0.0,
                                    "Total Cost": 42695.65,
                                    "Plan Rows": 1341558,
                                    "Plan Width": 0,
                                    "Actual Startup Time": 0.051,
                                    "Actual Total Time": 132.464,
                                    "Actual Rows": 1040725,
                                    "Actual Loops": 4,
                                    "Output": [
                                        "id",
                                        "movie_id",
                                        "keyword_id"
                                    ],
                                    "Filter": "(mk.keyword_id < 46185)",
                                    "Rows Removed by Filter": 90258,
                                    "Workers": [
                                        {
                                            "Worker Number": 0,
                                            "Actual Startup Time": 0.047,
                                            "Actual Total Time": 130.902,
                                            "Actual Rows": 1168628,
                                            "Actual Loops": 1
                                        },
                                        {
                                            "Worker Number": 1,
                                            "Actual Startup Time": 0.048,
                                            "Actual Total Time": 130.974,
                                            "Actual Rows": 1172861,
                                            "Actual Loops": 1
                                        },
                                        {
                                            "Worker Number": 2,
                                            "Actual Startup Time": 0.081,
                                            "Actual Total Time": 131.402,
                                            "Actual Rows": 774570,
                                            "Actual Loops": 1
                                        }
                                    ]
                                }
                            ]
                        }
                    ]
                }
            ]
        },
        "Planning Time": 217.873,
        "Triggers": [],
        "Execution Time": 203.101
    }
]