{
  "Plan": {
    "Node Type": "Aggregate",
    "Strategy": "Plain",
    "Partial Mode": "Finalize",
    "Parallel Aware": false,
    "Startup Cost": 518277.57,
    "Total Cost": 518277.58,
    "Plan Rows": 1,
    "Plan Width": 8,
    "Actual Startup Time": 1809.277,
    "Actual Total Time": 1826.629,
    "Actual Rows": 1,
    "Actual Loops": 1,
    "Plans": [
      {
        "Node Type": "Gather",
        "Parent Relationship": "Outer",
        "Parallel Aware": false,
        "Startup Cost": 518277.46,
        "Total Cost": 518277.57,
        "Plan Rows": 1,
        "Plan Width": 8,
        "Actual Startup Time": 1802.396,
        "Actual Total Time": 1826.623,
        "Actual Rows": 2,
        "Actual Loops": 1,
        "Workers Planned": 1,
        "Workers Launched": 1,
        "Single Copy": false,
        "Plans": [
          {
            "Node Type": "Aggregate",
            "Strategy": "Plain",
            "Partial Mode": "Partial",
            "Parent Relationship": "Outer",
            "Parallel Aware": false,
            "Startup Cost": 517277.46,
            "Total Cost": 517277.47,
            "Plan Rows": 1,
            "Plan Width": 8,
            "Actual Startup Time": 1796.224,
            "Actual Total Time": 1796.229,
            "Actual Rows": 1,
            "Actual Loops": 2,
            "Plans": [
              {
                "Node Type": "Merge Join",
                "Parent Relationship": "Outer",
                "Parallel Aware": false,
                "Join Type": "Inner",
                "Startup Cost": 373835.05,
                "Total Cost": 516036.4,
                "Plan Rows": 496422,
                "Plan Width": 0,
                "Actual Startup Time": 1320.135,
                "Actual Total Time": 1779.693,
                "Actual Rows": 402390,
                "Actual Loops": 2,
                "Inner Unique": false,
                "Merge Cond": "(mc.movie_id = t.id)",
                "Plans": [
                  {
                    "Node Type": "Index Only Scan",
                    "Parent Relationship": "Outer",
                    "Parallel Aware": true,
                    "Scan Direction": "Forward",
                    "Index Name": "movie_id_movie_companies",
                    "Relation Name": "movie_companies",
                    "Alias": "mc",
                    "Startup Cost": 0.43,
                    "Total Cost": 129315.97,
                    "Plan Rows": 1534782,
                    "Plan Width": 4,
                    "Actual Startup Time": 0.094,
                    "Actual Total Time": 316.391,
                    "Actual Rows": 1304482,
                    "Actual Loops": 2,
                    "Heap Fetches": 2608965
                  },
                  {
                    "Node Type": "Sort",
                    "Parent Relationship": "Inner",
                    "Parallel Aware": false,
                    "Startup Cost": 373834.54,
                    "Total Cost": 375878.96,
                    "Plan Rows": 817771,
                    "Plan Width": 8,
                    "Actual Startup Time": 1319.999,
                    "Actual Total Time": 1342.47,
                    "Actual Rows": 564566,
                    "Actual Loops": 2,
                    "Sort Key": [
                      "t.id"
                    ],
                    "Sort Method": "quicksort",
                    "Sort Space Used": 26797,
                    "Sort Space Type": "Memory",
                    "Workers": [
                      {
                        "Worker Number": 0,
                        "Sort Method": "quicksort",
                        "Sort Space Used": 26797,
                        "Sort Space Type": "Memory"
                      }
                    ],
                    "Plans": [
                      {
                        "Node Type": "Hash Join",
                        "Parent Relationship": "Outer",
                        "Parallel Aware": false,
                        "Join Type": "Inner",
                        "Startup Cost": 111183.09,
                        "Total Cost": 293523.96,
                        "Plan Rows": 817771,
                        "Plan Width": 8,
                        "Actual Startup Time": 798.23,
                        "Actual Total Time": 1237.86,
                        "Actual Rows": 309514,
                        "Actual Loops": 2,
                        "Inner Unique": true,
                        "Hash Cond": "(mi.movie_id = t.id)",
                        "Plans": [
                          {
                            "Node Type": "Bitmap Heap Scan",
                            "Parent Relationship": "Outer",
                            "Parallel Aware": false,
                            "Relation Name": "movie_info",
                            "Alias": "mi",
                            "Startup Cost": 24370.61,
                            "Total Cost": 203180.02,
                            "Plan Rows": 1345313,
                            "Plan Width": 4,
                            "Actual Startup Time": 70.574,
                            "Actual Total Time": 221.682,
                            "Actual Rows": 1401902,
                            "Actual Loops": 2,
                            "Recheck Cond": "(info_type_id = 7)",
                            "Rows Removed by Index Recheck": 0,
                            "Exact Heap Blocks": 10036,
                            "Lossy Heap Blocks": 0,
                            "Plans": [
                              {
                                "Node Type": "Bitmap Index Scan",
                                "Parent Relationship": "Outer",
                                "Parallel Aware": false,
                                "Index Name": "info_type_id_movie_info",
                                "Startup Cost": 0.0,
                                "Total Cost": 24034.28,
                                "Plan Rows": 1345313,
                                "Plan Width": 0,
                                "Actual Startup Time": 69.051,
                                "Actual Total Time": 69.052,
                                "Actual Rows": 1401902,
                                "Actual Loops": 2,
                                "Index Cond": "(info_type_id = 7)"
                              }
                            ]
                          },
                          {
                            "Node Type": "Hash",
                            "Parent Relationship": "Inner",
                            "Parallel Aware": false,
                            "Startup Cost": 67601.66,
                            "Total Cost": 67601.66,
                            "Plan Rows": 1536865,
                            "Plan Width": 4,
                            "Actual Startup Time": 720.878,
                            "Actual Total Time": 720.879,
                            "Actual Rows": 1543264,
                            "Actual Loops": 2,
                            "Hash Buckets": 2097152,
                            "Original Hash Buckets": 2097152,
                            "Hash Batches": 1,
                            "Original Hash Batches": 1,
                            "Peak Memory Usage": 70640,
                            "Plans": [
                              {
                                "Node Type": "Seq Scan",
                                "Parent Relationship": "Outer",
                                "Parallel Aware": false,
                                "Relation Name": "title",
                                "Alias": "t",
                                "Startup Cost": 0.0,
                                "Total Cost": 67601.66,
                                "Plan Rows": 1536865,
                                "Plan Width": 4,
                                "Actual Startup Time": 0.032,
                                "Actual Total Time": 346.066,
                                "Actual Rows": 1543264,
                                "Actual Loops": 2,
                                "Filter": "(kind_id = 7)",
                                "Rows Removed by Filter": 985048
                              }
                            ]
                          }
                        ]
                      }
                    ]
                  }
                ]
              }
            ]
          }
        ]
      }
    ]
  },
  "Planning Time": 1.04,
  "Triggers": [],
  "Execution Time": 1830.228
}