[
  {
    "Plan": {
      "Node Type": "Aggregate",
      "Strategy": "Plain",
      "Partial Mode": "Finalize",
      "Parallel Aware": false,
      "Startup Cost": 340600.82,
      "Total Cost": 340600.83,
      "Plan Rows": 1,
      "Plan Width": 8,
      "Actual Startup Time": 992.318,
      "Actual Total Time": 1040.922,
      "Actual Rows": 1,
      "Actual Loops": 1,
      "Plans": [
        {
          "Node Type": "Gather",
          "Parent Relationship": "Outer",
          "Parallel Aware": false,
          "Startup Cost": 340600.19,
          "Total Cost": 340600.8,
          "Plan Rows": 6,
          "Plan Width": 8,
          "Actual Startup Time": 992.051,
          "Actual Total Time": 1040.904,
          "Actual Rows": 7,
          "Actual Loops": 1,
          "Workers Planned": 6,
          "Workers Launched": 6,
          "Single Copy": false,
          "Plans": [
            {
              "Node Type": "Aggregate",
              "Strategy": "Plain",
              "Partial Mode": "Partial",
              "Parent Relationship": "Outer",
              "Parallel Aware": false,
              "Startup Cost": 339600.19,
              "Total Cost": 339600.2,
              "Plan Rows": 1,
              "Plan Width": 8,
              "Actual Startup Time": 984.279,
              "Actual Total Time": 984.28,
              "Actual Rows": 1,
              "Actual Loops": 7,
              "Plans": [
                {
                  "Node Type": "Seq Scan",
                  "Parent Relationship": "Outer",
                  "Parallel Aware": true,
                  "Relation Name": "cast_info",
                  "Alias": "ci",
                  "Startup Cost": 0.0,
                  "Total Cost": 328211.39,
                  "Plan Rows": 4555520,
                  "Plan Width": 0,
                  "Actual Startup Time": 115.697,
                  "Actual Total Time": 750.89,
                  "Actual Rows": 3898201,
                  "Actual Loops": 7,
                  "Filter": "(person_id > 881183)",
                  "Rows Removed by Filter": 1279562
                }
              ]
            }
          ]
        }
      ]
    },
    "Planning Time": 0.066,
    "Triggers": [],
    "Execution Time": 1040.964
  }
]