{
    "Plan": {
        "Node Type": "Aggregate",
        "Strategy": "Plain",
        "Partial Mode": "Finalize",
        "Parallel Aware": false,
        "Startup Cost": 251504.92,
        "Total Cost": 251504.93,
        "Plan Rows": 1,
        "Plan Width": 8,
        "Actual Startup Time": 515.352,
        "Actual Total Time": 543.25,
        "Actual Rows": 1,
        "Actual Loops": 1,
        "Output": [
            "count(*)"
        ],
        "Plans": [
            {
                "Node Type": "Gather",
                "Parent Relationship": "Outer",
                "Parallel Aware": false,
                "Startup Cost": 251504.3,
                "Total Cost": 251504.91,
                "Plan Rows": 6,
                "Plan Width": 8,
                "Actual Startup Time": 513.684,
                "Actual Total Time": 543.237,
                "Actual Rows": 7,
                "Actual Loops": 1,
                "Output": [
                    "(PARTIAL count(*))"
                ],
                "Workers Planned": 6,
                "Workers Launched": 6,
                "Single Copy": false,
                "Plans": [
                    {
                        "Node Type": "Aggregate",
                        "Strategy": "Plain",
                        "Partial Mode": "Partial",
                        "Parent Relationship": "Outer",
                        "Parallel Aware": false,
                        "Startup Cost": 250504.3,
                        "Total Cost": 250504.31,
                        "Plan Rows": 1,
                        "Plan Width": 8,
                        "Actual Startup Time": 505.046,
                        "Actual Total Time": 505.05,
                        "Actual Rows": 1,
                        "Actual Loops": 7,
                        "Output": [
                            "PARTIAL count(*)"
                        ],
                        "Workers": [
                            {
                                "Worker Number": 0,
                                "Actual Startup Time": 503.7,
                                "Actual Total Time": 503.704,
                                "Actual Rows": 1,
                                "Actual Loops": 1
                            },
                            {
                                "Worker Number": 1,
                                "Actual Startup Time": 503.895,
                                "Actual Total Time": 503.898,
                                "Actual Rows": 1,
                                "Actual Loops": 1
                            },
                            {
                                "Worker Number": 2,
                                "Actual Startup Time": 504.254,
                                "Actual Total Time": 504.257,
                                "Actual Rows": 1,
                                "Actual Loops": 1
                            },
                            {
                                "Worker Number": 3,
                                "Actual Startup Time": 503.197,
                                "Actual Total Time": 503.2,
                                "Actual Rows": 1,
                                "Actual Loops": 1
                            },
                            {
                                "Worker Number": 4,
                                "Actual Startup Time": 503.633,
                                "Actual Total Time": 503.636,
                                "Actual Rows": 1,
                                "Actual Loops": 1
                            },
                            {
                                "Worker Number": 5,
                                "Actual Startup Time": 503.861,
                                "Actual Total Time": 503.864,
                                "Actual Rows": 1,
                                "Actual Loops": 1
                            }
                        ],
                        "Plans": [
                            {
                                "Node Type": "Hash Join",
                                "Parent Relationship": "Outer",
                                "Parallel Aware": true,
                                "Join Type": "Inner",
                                "Startup Cost": 46624.55,
                                "Total Cost": 250132.56,
                                "Plan Rows": 148694,
                                "Plan Width": 0,
                                "Actual Startup Time": 88.548,
                                "Actual Total Time": 499.628,
                                "Actual Rows": 111516,
                                "Actual Loops": 7,
                                "Inner Unique": true,
                                "Hash Cond": "(ci.movie_id = t.id)",
                                "Workers": [
                                    {
                                        "Worker Number": 0,
                                        "Actual Startup Time": 87.232,
                                        "Actual Total Time": 498.422,
                                        "Actual Rows": 115192,
                                        "Actual Loops": 1
                                    },
                                    {
                                        "Worker Number": 1,
                                        "Actual Startup Time": 87.445,
                                        "Actual Total Time": 498.404,
                                        "Actual Rows": 119646,
                                        "Actual Loops": 1
                                    },
                                    {
                                        "Worker Number": 2,
                                        "Actual Startup Time": 87.526,
                                        "Actual Total Time": 498.458,
                                        "Actual Rows": 76966,
                                        "Actual Loops": 1
                                    },
                                    {
                                        "Worker Number": 3,
                                        "Actual Startup Time": 86.632,
                                        "Actual Total Time": 498.095,
                                        "Actual Rows": 108428,
                                        "Actual Loops": 1
                                    },
                                    {
                                        "Worker Number": 4,
                                        "Actual Startup Time": 87.09,
                                        "Actual Total Time": 498.42,
                                        "Actual Rows": 111137,
                                        "Actual Loops": 1
                                    },
                                    {
                                        "Worker Number": 5,
                                        "Actual Startup Time": 87.759,
                                        "Actual Total Time": 498.687,
                                        "Actual Rows": 110738,
                                        "Actual Loops": 1
                                    }
                                ],
                                "Plans": [
                                    {
                                        "Node Type": "Index Scan",
                                        "Parent Relationship": "Outer",
                                        "Parallel Aware": true,
                                        "Scan Direction": "Forward",
                                        "Index Name": "role_id_cast_info",
                                        "Relation Name": "cast_info",
                                        "Schema": "public",
                                        "Alias": "ci",
                                        "Startup Cost": 0.56,
                                        "Total Cost": 200814.65,
                                        "Plan Rows": 1026257,
                                        "Plan Width": 4,
                                        "Actual Startup Time": 0.199,
                                        "Actual Total Time": 241.813,
                                        "Actual Rows": 1064379,
                                        "Actual Loops": 7,
                                        "Output": [
                                            "ci.id",
                                            "ci.person_id",
                                            "ci.movie_id",
                                            "ci.person_role_id",
                                            "ci.note",
                                            "ci.nr_order",
                                            "ci.role_id"
                                        ],
                                        "Index Cond": "(ci.role_id = 2)",
                                        "Rows Removed by Index Recheck": 0,
                                        "Filter": "(ci.person_id > 637003)",
                                        "Rows Removed by Filter": 189,
                                        "Workers": [
                                            {
                                                "Worker Number": 0,
                                                "Actual Startup Time": 0.148,
                                                "Actual Total Time": 245.716,
                                                "Actual Rows": 1110483,
                                                "Actual Loops": 1
                                            },
                                            {
                                                "Worker Number": 1,
                                                "Actual Startup Time": 0.27,
                                                "Actual Total Time": 244.952,
                                                "Actual Rows": 1111559,
                                                "Actual Loops": 1
                                            },
                                            {
                                                "Worker Number": 2,
                                                "Actual Startup Time": 0.346,
                                                "Actual Total Time": 250.103,
                                                "Actual Rows": 740883,
                                                "Actual Loops": 1
                                            },
                                            {
                                                "Worker Number": 3,
                                                "Actual Startup Time": 0.115,
                                                "Actual Total Time": 241.338,
                                                "Actual Rows": 1051631,
                                                "Actual Loops": 1
                                            },
                                            {
                                                "Worker Number": 4,
                                                "Actual Startup Time": 0.087,
                                                "Actual Total Time": 241.026,
                                                "Actual Rows": 1050549,
                                                "Actual Loops": 1
                                            },
                                            {
                                                "Worker Number": 5,
                                                "Actual Startup Time": 0.39,
                                                "Actual Total Time": 241.937,
                                                "Actual Rows": 1055966,
                                                "Actual Loops": 1
                                            }
                                        ]
                                    },
                                    {
                                        "Node Type": "Hash",
                                        "Parent Relationship": "Inner",
                                        "Parallel Aware": true,
                                        "Startup Cost": 45479.21,
                                        "Total Cost": 45479.21,
                                        "Plan Rows": 91582,
                                        "Plan Width": 4,
                                        "Actual Startup Time": 86.238,
                                        "Actual Total Time": 86.239,
                                        "Actual Rows": 39145,
                                        "Actual Loops": 7,
                                        "Output": [
                                            "t.id"
                                        ],
                                        "Hash Buckets": 524288,
                                        "Original Hash Buckets": 524288,
                                        "Hash Batches": 1,
                                        "Original Hash Batches": 1,
                                        "Peak Memory Usage": 14976,
                                        "Workers": [
                                            {
                                                "Worker Number": 0,
                                                "Actual Startup Time": 86.705,
                                                "Actual Total Time": 86.706,
                                                "Actual Rows": 39598,
                                                "Actual Loops": 1
                                            },
                                            {
                                                "Worker Number": 1,
                                                "Actual Startup Time": 86.803,
                                                "Actual Total Time": 86.804,
                                                "Actual Rows": 39852,
                                                "Actual Loops": 1
                                            },
                                            {
                                                "Worker Number": 2,
                                                "Actual Startup Time": 86.823,
                                                "Actual Total Time": 86.824,
                                                "Actual Rows": 28705,
                                                "Actual Loops": 1
                                            },
                                            {
                                                "Worker Number": 3,
                                                "Actual Startup Time": 86.144,
                                                "Actual Total Time": 86.145,
                                                "Actual Rows": 38542,
                                                "Actual Loops": 1
                                            },
                                            {
                                                "Worker Number": 4,
                                                "Actual Startup Time": 86.543,
                                                "Actual Total Time": 86.545,
                                                "Actual Rows": 38543,
                                                "Actual Loops": 1
                                            },
                                            {
                                                "Worker Number": 5,
                                                "Actual Startup Time": 86.779,
                                                "Actual Total Time": 86.78,
                                                "Actual Rows": 38683,
                                                "Actual Loops": 1
                                            }
                                        ],
                                        "Plans": [
                                            {
                                                "Node Type": "Seq Scan",
                                                "Parent Relationship": "Outer",
                                                "Parallel Aware": true,
                                                "Relation Name": "title",
                                                "Schema": "public",
                                                "Alias": "t",
                                                "Startup Cost": 0.0,
                                                "Total Cost": 45479.21,
                                                "Plan Rows": 91582,
                                                "Plan Width": 4,
                                                "Actual Startup Time": 38.464,
                                                "Actual Total Time": 69.721,
                                                "Actual Rows": 39145,
                                                "Actual Loops": 7,
                                                "Output": [
                                                    "t.id"
                                                ],
                                                "Filter": "((t.kind_id < 2) AND (t.production_year > 2000))",
                                                "Rows Removed by Filter": 322042,
                                                "Workers": [
                                                    {
                                                        "Worker Number": 0,
                                                        "Actual Startup Time": 43.881,
                                                        "Actual Total Time": 69.692,
                                                        "Actual Rows": 39598,
                                                        "Actual Loops": 1
                                                    },
                                                    {
                                                        "Worker Number": 1,
                                                        "Actual Startup Time": 5.633,
                                                        "Actual Total Time": 69.749,
                                                        "Actual Rows": 39852,
                                                        "Actual Loops": 1
                                                    },
                                                    {
                                                        "Worker Number": 2,
                                                        "Actual Startup Time": 43.797,
                                                        "Actual Total Time": 70.826,
                                                        "Actual Rows": 28705,
                                                        "Actual Loops": 1
                                                    },
                                                    {
                                                        "Worker Number": 3,
                                                        "Actual Startup Time": 43.76,
                                                        "Actual Total Time": 70.031,
                                                        "Actual Rows": 38542,
                                                        "Actual Loops": 1
                                                    },
                                                    {
                                                        "Worker Number": 4,
                                                        "Actual Startup Time": 44.26,
                                                        "Actual Total Time": 70.046,
                                                        "Actual Rows": 38543,
                                                        "Actual Loops": 1
                                                    },
                                                    {
                                                        "Worker Number": 5,
                                                        "Actual Startup Time": 43.915,
                                                        "Actual Total Time": 69.945,
                                                        "Actual Rows": 38683,
                                                        "Actual Loops": 1
                                                    }
                                                ]
                                            }
                                        ]
                                    }
                                ]
                            }
                        ]
                    }
                ]
            }
        ]
    },
    "Planning Time": 0.929,
    "Triggers": [],
    "Execution Time": 543.343
}