[
  {
    "Plan": {
      "Node Type": "Aggregate",
      "Strategy": "Plain",
      "Partial Mode": "Finalize",
      "Parallel Aware": false,
      "Startup Cost": 33164.89,
      "Total Cost": 33164.9,
      "Plan Rows": 1,
      "Plan Width": 8,
      "Actual Startup Time": 106.206,
      "Actual Total Time": 114.161,
      "Actual Rows": 1,
      "Actual Loops": 1,
      "Plans": [
        {
          "Node Type": "Gather",
          "Parent Relationship": "Outer",
          "Parallel Aware": false,
          "Startup Cost": 33164.57,
          "Total Cost": 33164.88,
          "Plan Rows": 3,
          "Plan Width": 8,
          "Actual Startup Time": 106.065,
          "Actual Total Time": 114.15,
          "Actual Rows": 4,
          "Actual Loops": 1,
          "Workers Planned": 3,
          "Workers Launched": 3,
          "Single Copy": false,
          "Plans": [
            {
              "Node Type": "Aggregate",
              "Strategy": "Plain",
              "Partial Mode": "Partial",
              "Parent Relationship": "Outer",
              "Parallel Aware": false,
              "Startup Cost": 32164.57,
              "Total Cost": 32164.58,
              "Plan Rows": 1,
              "Plan Width": 8,
              "Actual Startup Time": 99.409,
              "Actual Total Time": 99.411,
              "Actual Rows": 1,
              "Actual Loops": 4,
              "Plans": [
                {
                  "Node Type": "Seq Scan",
                  "Parent Relationship": "Outer",
                  "Parallel Aware": true,
                  "Relation Name": "movie_companies",
                  "Alias": "mc",
                  "Startup Cost": 0.0,
                  "Total Cost": 31414.82,
                  "Plan Rows": 299900,
                  "Plan Width": 0,
                  "Actual Startup Time": 0.038,
                  "Actual Total Time": 82.557,
                  "Actual Rows": 310008,
                  "Actual Loops": 4,
                  "Filter": "((company_id < 45383) AND (company_type_id < 2))",
                  "Rows Removed by Filter": 342275
                }
              ]
            }
          ]
        }
      ]
    },
    "Planning Time": 0.124,
    "Triggers": [],
    "Execution Time": 114.199
  }
]