[
    {
        "Bao": {
            "Bao prediction": "NaN",
            "Bao recommended hint": "(no hint)"
        }
    },
    {
        "Plan": {
            "Node Type": "Aggregate",
            "Strategy": "Plain",
            "Partial Mode": "Finalize",
            "Parallel Aware": false,
            "Startup Cost": 81112.31,
            "Total Cost": 81112.32,
            "Plan Rows": 1,
            "Plan Width": 8,
            "Actual Startup Time": 289.821,
            "Actual Total Time": 300.484,
            "Actual Rows": 1,
            "Actual Loops": 1,
            "Output": [
                "count(*)"
            ],
            "Plans": [
                {
                    "Node Type": "Gather",
                    "Parent Relationship": "Outer",
                    "Parallel Aware": false,
                    "Startup Cost": 81111.99,
                    "Total Cost": 81112.3,
                    "Plan Rows": 3,
                    "Plan Width": 8,
                    "Actual Startup Time": 284.946,
                    "Actual Total Time": 300.473,
                    "Actual Rows": 4,
                    "Actual Loops": 1,
                    "Output": [
                        "(PARTIAL count(*))"
                    ],
                    "Workers Planned": 3,
                    "Workers Launched": 3,
                    "Single Copy": false,
                    "Plans": [
                        {
                            "Node Type": "Aggregate",
                            "Strategy": "Plain",
                            "Partial Mode": "Partial",
                            "Parent Relationship": "Outer",
                            "Parallel Aware": false,
                            "Startup Cost": 80111.99,
                            "Total Cost": 80112.0,
                            "Plan Rows": 1,
                            "Plan Width": 8,
                            "Actual Startup Time": 276.323,
                            "Actual Total Time": 276.326,
                            "Actual Rows": 1,
                            "Actual Loops": 4,
                            "Output": [
                                "PARTIAL count(*)"
                            ],
                            "Workers": [
                                {
                                    "Worker Number": 0,
                                    "Actual Startup Time": 273.834,
                                    "Actual Total Time": 273.837,
                                    "Actual Rows": 1,
                                    "Actual Loops": 1
                                },
                                {
                                    "Worker Number": 1,
                                    "Actual Startup Time": 273.32,
                                    "Actual Total Time": 273.323,
                                    "Actual Rows": 1,
                                    "Actual Loops": 1
                                },
                                {
                                    "Worker Number": 2,
                                    "Actual Startup Time": 273.72,
                                    "Actual Total Time": 273.724,
                                    "Actual Rows": 1,
                                    "Actual Loops": 1
                                }
                            ],
                            "Plans": [
                                {
                                    "Node Type": "Hash Join",
                                    "Parent Relationship": "Outer",
                                    "Parallel Aware": true,
                                    "Join Type": "Inner",
                                    "Startup Cost": 54240.73,
                                    "Total Cost": 80029.42,
                                    "Plan Rows": 33026,
                                    "Plan Width": 0,
                                    "Actual Startup Time": 206.203,
                                    "Actual Total Time": 272.74,
                                    "Actual Rows": 63356,
                                    "Actual Loops": 4,
                                    "Inner Unique": true,
                                    "Hash Cond": "(mk.movie_id = t.id)",
                                    "Workers": [
                                        {
                                            "Worker Number": 0,
                                            "Actual Startup Time": 203.534,
                                            "Actual Total Time": 270.165,
                                            "Actual Rows": 44576,
                                            "Actual Loops": 1
                                        },
                                        {
                                            "Worker Number": 1,
                                            "Actual Startup Time": 203.117,
                                            "Actual Total Time": 270.149,
                                            "Actual Rows": 64843,
                                            "Actual Loops": 1
                                        },
                                        {
                                            "Worker Number": 2,
                                            "Actual Startup Time": 203.693,
                                            "Actual Total Time": 270.184,
                                            "Actual Rows": 59111,
                                            "Actual Loops": 1
                                        }
                                    ],
                                    "Plans": [
                                        {
                                            "Node Type": "Bitmap Heap Scan",
                                            "Parent Relationship": "Outer",
                                            "Parallel Aware": true,
                                            "Relation Name": "movie_keyword",
                                            "Schema": "public",
                                            "Alias": "mk",
                                            "Startup Cost": 5804.5,
                                            "Total Cost": 31361.55,
                                            "Plan Rows": 88244,
                                            "Plan Width": 4,
                                            "Actual Startup Time": 25.941,
                                            "Actual Total Time": 68.67,
                                            "Actual Rows": 68006,
                                            "Actual Loops": 4,
                                            "Output": [
                                                "mk.id",
                                                "mk.movie_id",
                                                "mk.keyword_id"
                                            ],
                                            "Recheck Cond": "(mk.keyword_id > 57945)",
                                            "Rows Removed by Index Recheck": 0,
                                            "Exact Heap Blocks": 7151,
                                            "Lossy Heap Blocks": 0,
                                            "Workers": [
                                                {
                                                    "Worker Number": 0,
                                                    "Actual Startup Time": 26.159,
                                                    "Actual Total Time": 70.492,
                                                    "Actual Rows": 47668,
                                                    "Actual Loops": 1
                                                },
                                                {
                                                    "Worker Number": 1,
                                                    "Actual Startup Time": 25.699,
                                                    "Actual Total Time": 70.227,
                                                    "Actual Rows": 71409,
                                                    "Actual Loops": 1
                                                },
                                                {
                                                    "Worker Number": 2,
                                                    "Actual Startup Time": 25.881,
                                                    "Actual Total Time": 70.005,
                                                    "Actual Rows": 62750,
                                                    "Actual Loops": 1
                                                }
                                            ],
                                            "Plans": [
                                                {
                                                    "Node Type": "Bitmap Index Scan",
                                                    "Parent Relationship": "Outer",
                                                    "Parallel Aware": false,
                                                    "Index Name": "keyword_id_movie_keyword",
                                                    "Startup Cost": 0.0,
                                                    "Total Cost": 5736.11,
                                                    "Plan Rows": 273557,
                                                    "Plan Width": 0,
                                                    "Actual Startup Time": 22.603,
                                                    "Actual Total Time": 22.603,
                                                    "Actual Rows": 272022,
                                                    "Actual Loops": 1,
                                                    "Index Cond": "(mk.keyword_id > 57945)",
                                                    "Workers": [
                                                        {
                                                            "Worker Number": 1,
                                                            "Actual Startup Time": 22.603,
                                                            "Actual Total Time": 22.603,
                                                            "Actual Rows": 272022,
                                                            "Actual Loops": 1
                                                        }
                                                    ]
                                                }
                                            ]
                                        },
                                        {
                                            "Node Type": "Hash",
                                            "Parent Relationship": "Inner",
                                            "Parallel Aware": true,
                                            "Startup Cost": 45479.21,
                                            "Total Cost": 45479.21,
                                            "Plan Rows": 236562,
                                            "Plan Width": 4,
                                            "Actual Startup Time": 176.434,
                                            "Actual Total Time": 176.435,
                                            "Actual Rows": 231514,
                                            "Actual Loops": 4,
                                            "Output": [
                                                "t.id"
                                            ],
                                            "Hash Buckets": 1048576,
                                            "Original Hash Buckets": 1048576,
                                            "Hash Batches": 1,
                                            "Original Hash Batches": 1,
                                            "Peak Memory Usage": 44480,
                                            "Workers": [
                                                {
                                                    "Worker Number": 0,
                                                    "Actual Startup Time": 176.753,
                                                    "Actual Total Time": 176.754,
                                                    "Actual Rows": 172117,
                                                    "Actual Loops": 1
                                                },
                                                {
                                                    "Worker Number": 1,
                                                    "Actual Startup Time": 176.934,
                                                    "Actual Total Time": 176.935,
                                                    "Actual Rows": 218396,
                                                    "Actual Loops": 1
                                                },
                                                {
                                                    "Worker Number": 2,
                                                    "Actual Startup Time": 177.33,
                                                    "Actual Total Time": 177.332,
                                                    "Actual Rows": 250486,
                                                    "Actual Loops": 1
                                                }
                                            ],
                                            "Plans": [
                                                {
                                                    "Node Type": "Seq Scan",
                                                    "Parent Relationship": "Outer",
                                                    "Parallel Aware": true,
                                                    "Relation Name": "title",
                                                    "Schema": "public",
                                                    "Alias": "t",
                                                    "Startup Cost": 0.0,
                                                    "Total Cost": 45479.21,
                                                    "Plan Rows": 236562,
                                                    "Plan Width": 4,
                                                    "Actual Startup Time": 0.045,
                                                    "Actual Total Time": 100.594,
                                                    "Actual Rows": 231514,
                                                    "Actual Loops": 4,
                                                    "Output": [
                                                        "t.id"
                                                    ],
                                                    "Filter": "((t.kind_id < 7) AND (t.production_year > 1913))",
                                                    "Rows Removed by Filter": 400564,
                                                    "Workers": [
                                                        {
                                                            "Worker Number": 0,
                                                            "Actual Startup Time": 0.058,
                                                            "Actual Total Time": 104.088,
                                                            "Actual Rows": 172117,
                                                            "Actual Loops": 1
                                                        },
                                                        {
                                                            "Worker Number": 1,
                                                            "Actual Startup Time": 0.055,
                                                            "Actual Total Time": 97.748,
                                                            "Actual Rows": 218396,
                                                            "Actual Loops": 1
                                                        },
                                                        {
                                                            "Worker Number": 2,
                                                            "Actual Startup Time": 0.046,
                                                            "Actual Total Time": 102.23,
                                                            "Actual Rows": 250486,
                                                            "Actual Loops": 1
                                                        }
                                                    ]
                                                }
                                            ]
                                        }
                                    ]
                                }
                            ]
                        }
                    ]
                }
            ]
        },
        "Planning Time": 224.785,
        "Triggers": [],
        "Execution Time": 300.615
    }
]