[
  {
    "Plan": {
      "Node Type": "Aggregate",
      "Strategy": "Plain",
      "Partial Mode": "Finalize",
      "Parallel Aware": false,
      "Startup Cost": 45826.14,
      "Total Cost": 45826.15,
      "Plan Rows": 1,
      "Plan Width": 8,
      "Actual Startup Time": 202.632,
      "Actual Total Time": 212.911,
      "Actual Rows": 1,
      "Actual Loops": 1,
      "Plans": [
        {
          "Node Type": "Gather",
          "Parent Relationship": "Outer",
          "Parallel Aware": false,
          "Startup Cost": 45825.82,
          "Total Cost": 45826.13,
          "Plan Rows": 3,
          "Plan Width": 8,
          "Actual Startup Time": 202.48,
          "Actual Total Time": 212.899,
          "Actual Rows": 4,
          "Actual Loops": 1,
          "Workers Planned": 3,
          "Workers Launched": 3,
          "Single Copy": false,
          "Plans": [
            {
              "Node Type": "Aggregate",
              "Strategy": "Plain",
              "Partial Mode": "Partial",
              "Parent Relationship": "Outer",
              "Parallel Aware": false,
              "Startup Cost": 44825.82,
              "Total Cost": 44825.83,
              "Plan Rows": 1,
              "Plan Width": 8,
              "Actual Startup Time": 194.437,
              "Actual Total Time": 194.438,
              "Actual Rows": 1,
              "Actual Loops": 4,
              "Plans": [
                {
                  "Node Type": "Seq Scan",
                  "Parent Relationship": "Outer",
                  "Parallel Aware": true,
                  "Relation Name": "movie_keyword",
                  "Alias": "mk",
                  "Startup Cost": 0.0,
                  "Total Cost": 42695.65,
                  "Plan Rows": 852067,
                  "Plan Width": 0,
                  "Actual Startup Time": 0.058,
                  "Actual Total Time": 154.191,
                  "Actual Rows": 663543,
                  "Actual Loops": 4,
                  "Filter": "(keyword_id < 7365)",
                  "Rows Removed by Filter": 467440
                }
              ]
            }
          ]
        }
      ]
    },
    "Planning Time": 0.1,
    "Triggers": [],
    "Execution Time": 212.945
  }
]