{
  "Plan": {
    "Node Type": "Aggregate",
    "Strategy": "Plain",
    "Partial Mode": "Simple",
    "Parallel Aware": false,
    "Startup Cost": 94181.46,
    "Total Cost": 94181.47,
    "Plan Rows": 1,
    "Plan Width": 8,
    "Actual Startup Time": 804.922,
    "Actual Total Time": 804.924,
    "Actual Rows": 1,
    "Actual Loops": 1,
    "Plans": [
      {
        "Node Type": "Nested Loop",
        "Parent Relationship": "Outer",
        "Parallel Aware": false,
        "Join Type": "Inner",
        "Startup Cost": 92885.59,
        "Total Cost": 94181.23,
        "Plan Rows": 92,
        "Plan Width": 0,
        "Actual Startup Time": 804.887,
        "Actual Total Time": 804.917,
        "Actual Rows": 3,
        "Actual Loops": 1,
        "Inner Unique": false,
        "Plans": [
          {
            "Node Type": "Hash Join",
            "Parent Relationship": "Outer",
            "Parallel Aware": false,
            "Join Type": "Inner",
            "Startup Cost": 92885.16,
            "Total Cost": 93945.3,
            "Plan Rows": 395,
            "Plan Width": 8,
            "Actual Startup Time": 804.81,
            "Actual Total Time": 804.845,
            "Actual Rows": 36,
            "Actual Loops": 1,
            "Inner Unique": true,
            "Hash Cond": "(ci.movie_id = t.id)",
            "Plans": [
              {
                "Node Type": "Index Scan",
                "Parent Relationship": "Outer",
                "Parallel Aware": false,
                "Scan Direction": "Forward",
                "Index Name": "person_id_cast_info",
                "Relation Name": "cast_info",
                "Alias": "ci",
                "Startup Cost": 0.56,
                "Total Cost": 1059.67,
                "Plan Rows": 395,
                "Plan Width": 4,
                "Actual Startup Time": 0.195,
                "Actual Total Time": 0.206,
                "Actual Rows": 36,
                "Actual Loops": 1,
                "Index Cond": "(person_id = 3000482)",
                "Rows Removed by Index Recheck": 0,
                "Filter": "(role_id < 8)",
                "Rows Removed by Filter": 0
              },
              {
                "Node Type": "Hash",
                "Parent Relationship": "Inner",
                "Parallel Aware": false,
                "Startup Cost": 61280.93,
                "Total Cost": 61280.93,
                "Plan Rows": 2528293,
                "Plan Width": 4,
                "Actual Startup Time": 770.366,
                "Actual Total Time": 770.366,
                "Actual Rows": 2528312,
                "Actual Loops": 1,
                "Hash Buckets": 4194304,
                "Original Hash Buckets": 4194304,
                "Hash Batches": 1,
                "Original Hash Batches": 1,
                "Peak Memory Usage": 121654,
                "Plans": [
                  {
                    "Node Type": "Seq Scan",
                    "Parent Relationship": "Outer",
                    "Parallel Aware": false,
                    "Relation Name": "title",
                    "Alias": "t",
                    "Startup Cost": 0.0,
                    "Total Cost": 61280.93,
                    "Plan Rows": 2528293,
                    "Plan Width": 4,
                    "Actual Startup Time": 0.013,
                    "Actual Total Time": 240.543,
                    "Actual Rows": 2528312,
                    "Actual Loops": 1
                  }
                ]
              }
            ]
          },
          {
            "Node Type": "Index Scan",
            "Parent Relationship": "Inner",
            "Parallel Aware": false,
            "Scan Direction": "Forward",
            "Index Name": "movie_id_movie_companies",
            "Relation Name": "movie_companies",
            "Alias": "mc",
            "Startup Cost": 0.43,
            "Total Cost": 0.59,
            "Plan Rows": 1,
            "Plan Width": 4,
            "Actual Startup Time": 0.002,
            "Actual Total Time": 0.002,
            "Actual Rows": 0,
            "Actual Loops": 36,
            "Index Cond": "(movie_id = t.id)",
            "Rows Removed by Index Recheck": 0,
            "Filter": "((company_id > 12948) AND (company_type_id > 1))",
            "Rows Removed by Filter": 0
          }
        ]
      }
    ]
  },
  "Planning Time": 0.899,
  "Triggers": [],
  "Execution Time": 808.322
}