[
  {
    "Plan": {
      "Node Type": "Aggregate",
      "Strategy": "Plain",
      "Partial Mode": "Finalize",
      "Parallel Aware": false,
      "Startup Cost": 338137.62,
      "Total Cost": 338137.63,
      "Plan Rows": 1,
      "Plan Width": 8,
      "Actual Startup Time": 823.463,
      "Actual Total Time": 878.427,
      "Actual Rows": 1,
      "Actual Loops": 1,
      "Plans": [
        {
          "Node Type": "Gather",
          "Parent Relationship": "Outer",
          "Parallel Aware": false,
          "Startup Cost": 338137.0,
          "Total Cost": 338137.61,
          "Plan Rows": 6,
          "Plan Width": 8,
          "Actual Startup Time": 823.26,
          "Actual Total Time": 878.414,
          "Actual Rows": 7,
          "Actual Loops": 1,
          "Workers Planned": 6,
          "Workers Launched": 6,
          "Single Copy": false,
          "Plans": [
            {
              "Node Type": "Aggregate",
              "Strategy": "Plain",
              "Partial Mode": "Partial",
              "Parent Relationship": "Outer",
              "Parallel Aware": false,
              "Startup Cost": 337137.0,
              "Total Cost": 337137.01,
              "Plan Rows": 1,
              "Plan Width": 8,
              "Actual Startup Time": 815.109,
              "Actual Total Time": 815.111,
              "Actual Rows": 1,
              "Actual Loops": 7,
              "Plans": [
                {
                  "Node Type": "Seq Scan",
                  "Parent Relationship": "Outer",
                  "Parallel Aware": true,
                  "Relation Name": "cast_info",
                  "Alias": "ci",
                  "Startup Cost": 0.0,
                  "Total Cost": 328211.39,
                  "Plan Rows": 3570242,
                  "Plan Width": 0,
                  "Actual Startup Time": 0.037,
                  "Actual Total Time": 650.092,
                  "Actual Rows": 3094697,
                  "Actual Loops": 7,
                  "Filter": "(person_id < 2200040)",
                  "Rows Removed by Filter": 2083067
                }
              ]
            }
          ]
        }
      ]
    },
    "Planning Time": 0.117,
    "Triggers": [],
    "Execution Time": 878.477
  }
]