{
  "Plan": {
    "Node Type": "Aggregate",
    "Strategy": "Plain",
    "Partial Mode": "Finalize",
    "Parallel Aware": false,
    "Startup Cost": 401733.03,
    "Total Cost": 401733.04,
    "Plan Rows": 1,
    "Plan Width": 8,
    "Actual Startup Time": 2808.456,
    "Actual Total Time": 2861.61,
    "Actual Rows": 1,
    "Actual Loops": 1,
    "Plans": [
      {
        "Node Type": "Gather",
        "Parent Relationship": "Outer",
        "Parallel Aware": false,
        "Startup Cost": 401732.92,
        "Total Cost": 401733.03,
        "Plan Rows": 1,
        "Plan Width": 8,
        "Actual Startup Time": 2805.286,
        "Actual Total Time": 2861.6,
        "Actual Rows": 2,
        "Actual Loops": 1,
        "Workers Planned": 1,
        "Workers Launched": 1,
        "Single Copy": false,
        "Plans": [
          {
            "Node Type": "Aggregate",
            "Strategy": "Plain",
            "Partial Mode": "Partial",
            "Parent Relationship": "Outer",
            "Parallel Aware": false,
            "Startup Cost": 400732.92,
            "Total Cost": 400732.93,
            "Plan Rows": 1,
            "Plan Width": 8,
            "Actual Startup Time": 2799.585,
            "Actual Total Time": 2799.897,
            "Actual Rows": 1,
            "Actual Loops": 2,
            "Plans": [
              {
                "Node Type": "Hash Join",
                "Parent Relationship": "Outer",
                "Parallel Aware": true,
                "Join Type": "Inner",
                "Startup Cost": 109654.1,
                "Total Cost": 397895.99,
                "Plan Rows": 1134770,
                "Plan Width": 0,
                "Actual Startup Time": 655.167,
                "Actual Total Time": 2640.174,
                "Actual Rows": 3981320,
                "Actual Loops": 2,
                "Inner Unique": false,
                "Hash Cond": "(mi.movie_id = t.id)",
                "Plans": [
                  {
                    "Node Type": "Seq Scan",
                    "Parent Relationship": "Outer",
                    "Parallel Aware": true,
                    "Relation Name": "movie_info",
                    "Alias": "mi",
                    "Startup Cost": 0.0,
                    "Total Cost": 248955.74,
                    "Plan Rows": 8696274,
                    "Plan Width": 4,
                    "Actual Startup Time": 0.015,
                    "Actual Total Time": 625.018,
                    "Actual Rows": 7417860,
                    "Actual Loops": 2
                  },
                  {
                    "Node Type": "Hash",
                    "Parent Relationship": "Inner",
                    "Parallel Aware": true,
                    "Startup Cost": 107228.25,
                    "Total Cost": 107228.25,
                    "Plan Rows": 194068,
                    "Plan Width": 8,
                    "Actual Startup Time": 647.685,
                    "Actual Total Time": 647.995,
                    "Actual Rows": 236028,
                    "Actual Loops": 2,
                    "Hash Buckets": 524288,
                    "Original Hash Buckets": 524288,
                    "Hash Batches": 1,
                    "Original Hash Batches": 1,
                    "Peak Memory Usage": 22592,
                    "Plans": [
                      {
                        "Node Type": "Hash Join",
                        "Parent Relationship": "Outer",
                        "Parallel Aware": true,
                        "Join Type": "Inner",
                        "Startup Cost": 45701.75,
                        "Total Cost": 107228.25,
                        "Plan Rows": 194068,
                        "Plan Width": 8,
                        "Actual Startup Time": 222.661,
                        "Actual Total Time": 590.949,
                        "Actual Rows": 236028,
                        "Actual Loops": 2,
                        "Inner Unique": false,
                        "Hash Cond": "(t.id = mc.movie_id)",
                        "Plans": [
                          {
                            "Node Type": "Seq Scan",
                            "Parent Relationship": "Outer",
                            "Parallel Aware": true,
                            "Relation Name": "title",
                            "Alias": "t",
                            "Startup Cost": 0.0,
                            "Total Cost": 54588.39,
                            "Plan Rows": 927446,
                            "Plan Width": 4,
                            "Actual Startup Time": 0.012,
                            "Actual Total Time": 150.97,
                            "Actual Rows": 785284,
                            "Actual Loops": 2,
                            "Filter": "(production_year > 1996)",
                            "Rows Removed by Filter": 478872
                          },
                          {
                            "Node Type": "Hash",
                            "Parent Relationship": "Inner",
                            "Parallel Aware": true,
                            "Startup Cost": 41811.73,
                            "Total Cost": 41811.73,
                            "Plan Rows": 311202,
                            "Plan Width": 4,
                            "Actual Startup Time": 215.842,
                            "Actual Total Time": 215.843,
                            "Actual Rows": 417450,
                            "Actual Loops": 2,
                            "Hash Buckets": 1048576,
                            "Original Hash Buckets": 1048576,
                            "Hash Batches": 1,
                            "Original Hash Batches": 1,
                            "Peak Memory Usage": 40896,
                            "Plans": [
                              {
                                "Node Type": "Seq Scan",
                                "Parent Relationship": "Outer",
                                "Parallel Aware": true,
                                "Relation Name": "movie_companies",
                                "Alias": "mc",
                                "Startup Cost": 0.0,
                                "Total Cost": 41811.73,
                                "Plan Rows": 311202,
                                "Plan Width": 4,
                                "Actual Startup Time": 63.342,
                                "Actual Total Time": 130.588,
                                "Actual Rows": 417450,
                                "Actual Loops": 2,
                                "Filter": "((company_id > 14920) AND (company_type_id > 1))",
                                "Rows Removed by Filter": 887114
                              }
                            ]
                          }
                        ]
                      }
                    ]
                  }
                ]
              }
            ]
          }
        ]
      }
    ]
  },
  "Planning Time": 0.963,
  "Triggers": [],
  "Execution Time": 2861.705
}