{
  "Plan": {
    "Node Type": "Aggregate",
    "Strategy": "Plain",
    "Partial Mode": "Finalize",
    "Parallel Aware": false,
    "Startup Cost": 145290.46,
    "Total Cost": 145290.47,
    "Plan Rows": 1,
    "Plan Width": 8,
    "Actual Startup Time": 1015.338,
    "Actual Total Time": 1037.605,
    "Actual Rows": 1,
    "Actual Loops": 1,
    "Plans": [
      {
        "Node Type": "Gather",
        "Parent Relationship": "Outer",
        "Parallel Aware": false,
        "Startup Cost": 145290.34,
        "Total Cost": 145290.45,
        "Plan Rows": 1,
        "Plan Width": 8,
        "Actual Startup Time": 1009.243,
        "Actual Total Time": 1037.594,
        "Actual Rows": 2,
        "Actual Loops": 1,
        "Workers Planned": 1,
        "Workers Launched": 1,
        "Single Copy": false,
        "Plans": [
          {
            "Node Type": "Aggregate",
            "Strategy": "Plain",
            "Partial Mode": "Partial",
            "Parent Relationship": "Outer",
            "Parallel Aware": false,
            "Startup Cost": 144290.34,
            "Total Cost": 144290.35,
            "Plan Rows": 1,
            "Plan Width": 8,
            "Actual Startup Time": 995.052,
            "Actual Total Time": 995.357,
            "Actual Rows": 1,
            "Actual Loops": 2,
            "Plans": [
              {
                "Node Type": "Hash Join",
                "Parent Relationship": "Outer",
                "Parallel Aware": true,
                "Join Type": "Inner",
                "Startup Cost": 103143.55,
                "Total Cost": 143916.48,
                "Plan Rows": 149545,
                "Plan Width": 0,
                "Actual Startup Time": 661.549,
                "Actual Total Time": 964.231,
                "Actual Rows": 761544,
                "Actual Loops": 2,
                "Inner Unique": false,
                "Hash Cond": "(mc.movie_id = t.id)",
                "Plans": [
                  {
                    "Node Type": "Seq Scan",
                    "Parent Relationship": "Outer",
                    "Parallel Aware": true,
                    "Relation Name": "movie_companies",
                    "Alias": "mc",
                    "Startup Cost": 0.0,
                    "Total Cost": 34137.82,
                    "Plan Rows": 1534782,
                    "Plan Width": 4,
                    "Actual Startup Time": 0.015,
                    "Actual Total Time": 95.504,
                    "Actual Rows": 1304564,
                    "Actual Loops": 2
                  },
                  {
                    "Node Type": "Hash",
                    "Parent Relationship": "Inner",
                    "Parallel Aware": true,
                    "Startup Cost": 101332.15,
                    "Total Cost": 101332.15,
                    "Plan Rows": 144912,
                    "Plan Width": 8,
                    "Actual Startup Time": 657.984,
                    "Actual Total Time": 658.287,
                    "Actual Rows": 127236,
                    "Actual Loops": 2,
                    "Hash Buckets": 262144,
                    "Original Hash Buckets": 262144,
                    "Hash Batches": 1,
                    "Original Hash Batches": 1,
                    "Peak Memory Usage": 12032,
                    "Plans": [
                      {
                        "Node Type": "Hash Join",
                        "Parent Relationship": "Outer",
                        "Parallel Aware": true,
                        "Join Type": "Inner",
                        "Startup Cost": 74686.35,
                        "Total Cost": 101332.15,
                        "Plan Rows": 144912,
                        "Plan Width": 8,
                        "Actual Startup Time": 526.882,
                        "Actual Total Time": 630.918,
                        "Actual Rows": 127236,
                        "Actual Loops": 2,
                        "Inner Unique": true,
                        "Hash Cond": "(mk.movie_id = t.id)",
                        "Plans": [
                          {
                            "Node Type": "Bitmap Heap Scan",
                            "Parent Relationship": "Outer",
                            "Parallel Aware": true,
                            "Relation Name": "movie_keyword",
                            "Alias": "mk",
                            "Startup Cost": 5225.65,
                            "Total Cost": 31491.06,
                            "Plan Rows": 144912,
                            "Plan Width": 4,
                            "Actual Startup Time": 15.658,
                            "Actual Total Time": 67.84,
                            "Actual Rows": 127236,
                            "Actual Loops": 2,
                            "Recheck Cond": "(keyword_id < 224)",
                            "Rows Removed by Index Recheck": 0,
                            "Exact Heap Blocks": 13633,
                            "Lossy Heap Blocks": 0,
                            "Plans": [
                              {
                                "Node Type": "Bitmap Index Scan",
                                "Parent Relationship": "Outer",
                                "Parallel Aware": false,
                                "Index Name": "keyword_id_movie_keyword",
                                "Startup Cost": 0.0,
                                "Total Cost": 5164.06,
                                "Plan Rows": 246351,
                                "Plan Width": 0,
                                "Actual Startup Time": 12.15,
                                "Actual Total Time": 12.15,
                                "Actual Rows": 254471,
                                "Actual Loops": 1,
                                "Index Cond": "(keyword_id < 224)"
                              }
                            ]
                          },
                          {
                            "Node Type": "Hash",
                            "Parent Relationship": "Inner",
                            "Parallel Aware": true,
                            "Startup Cost": 50870.31,
                            "Total Cost": 50870.31,
                            "Plan Rows": 1487231,
                            "Plan Width": 4,
                            "Actual Startup Time": 491.647,
                            "Actual Total Time": 491.649,
                            "Actual Rows": 1264156,
                            "Actual Loops": 2,
                            "Hash Buckets": 4194304,
                            "Original Hash Buckets": 4194304,
                            "Hash Batches": 1,
                            "Original Hash Batches": 1,
                            "Peak Memory Usage": 131712,
                            "Plans": [
                              {
                                "Node Type": "Seq Scan",
                                "Parent Relationship": "Outer",
                                "Parallel Aware": true,
                                "Relation Name": "title",
                                "Alias": "t",
                                "Startup Cost": 0.0,
                                "Total Cost": 50870.31,
                                "Plan Rows": 1487231,
                                "Plan Width": 4,
                                "Actual Startup Time": 0.028,
                                "Actual Total Time": 149.984,
                                "Actual Rows": 1264156,
                                "Actual Loops": 2
                              }
                            ]
                          }
                        ]
                      }
                    ]
                  }
                ]
              }
            ]
          }
        ]
      }
    ]
  },
  "Planning Time": 1.027,
  "Triggers": [],
  "Execution Time": 1037.706
}