[
  {
    "Plan": {
      "Node Type": "Aggregate",
      "Strategy": "Plain",
      "Partial Mode": "Finalize",
      "Parallel Aware": false,
      "Startup Cost": 21619.3,
      "Total Cost": 21619.31,
      "Plan Rows": 1,
      "Plan Width": 8,
      "Actual Startup Time": 42.173,
      "Actual Total Time": 46.618,
      "Actual Rows": 1,
      "Actual Loops": 1,
      "Plans": [
        {
          "Node Type": "Gather",
          "Parent Relationship": "Outer",
          "Parallel Aware": false,
          "Startup Cost": 21619.09,
          "Total Cost": 21619.3,
          "Plan Rows": 2,
          "Plan Width": 8,
          "Actual Startup Time": 42.056,
          "Actual Total Time": 46.61,
          "Actual Rows": 3,
          "Actual Loops": 1,
          "Workers Planned": 2,
          "Workers Launched": 2,
          "Single Copy": false,
          "Plans": [
            {
              "Node Type": "Aggregate",
              "Strategy": "Plain",
              "Partial Mode": "Partial",
              "Parent Relationship": "Outer",
              "Parallel Aware": false,
              "Startup Cost": 20619.09,
              "Total Cost": 20619.1,
              "Plan Rows": 1,
              "Plan Width": 8,
              "Actual Startup Time": 34.232,
              "Actual Total Time": 34.233,
              "Actual Rows": 1,
              "Actual Loops": 3,
              "Plans": [
                {
                  "Node Type": "Nested Loop",
                  "Parent Relationship": "Outer",
                  "Parallel Aware": false,
                  "Join Type": "Inner",
                  "Startup Cost": 117.06,
                  "Total Cost": 20617.63,
                  "Plan Rows": 584,
                  "Plan Width": 0,
                  "Actual Startup Time": 1.755,
                  "Actual Total Time": 33.598,
                  "Actual Rows": 4683,
                  "Actual Loops": 3,
                  "Inner Unique": false,
                  "Plans": [
                    {
                      "Node Type": "Nested Loop",
                      "Parent Relationship": "Outer",
                      "Parallel Aware": false,
                      "Join Type": "Inner",
                      "Startup Cost": 116.64,
                      "Total Cost": 20047.93,
                      "Plan Rows": 1070,
                      "Plan Width": 8,
                      "Actual Startup Time": 1.566,
                      "Actual Total Time": 20.895,
                      "Actual Rows": 1719,
                      "Actual Loops": 3,
                      "Inner Unique": true,
                      "Plans": [
                        {
                          "Node Type": "Bitmap Heap Scan",
                          "Parent Relationship": "Outer",
                          "Parallel Aware": true,
                          "Relation Name": "movie_companies",
                          "Alias": "mc",
                          "Startup Cost": 116.21,
                          "Total Cost": 11688.84,
                          "Plan Rows": 1070,
                          "Plan Width": 4,
                          "Actual Startup Time": 1.394,
                          "Actual Total Time": 3.895,
                          "Actual Rows": 1719,
                          "Actual Loops": 3,
                          "Recheck Cond": "(company_id = 49)",
                          "Rows Removed by Index Recheck": 0,
                          "Filter": "(company_type_id = 1)",
                          "Rows Removed by Filter": 3,
                          "Exact Heap Blocks": 657,
                          "Lossy Heap Blocks": 0,
                          "Plans": [
                            {
                              "Node Type": "Bitmap Index Scan",
                              "Parent Relationship": "Outer",
                              "Parallel Aware": false,
                              "Index Name": "company_id_movie_companies",
                              "Startup Cost": 0.0,
                              "Total Cost": 115.56,
                              "Plan Rows": 5218,
                              "Plan Width": 0,
                              "Actual Startup Time": 3.474,
                              "Actual Total Time": 3.475,
                              "Actual Rows": 5166,
                              "Actual Loops": 1,
                              "Index Cond": "(company_id = 49)"
                            }
                          ]
                        },
                        {
                          "Node Type": "Index Only Scan",
                          "Parent Relationship": "Inner",
                          "Parallel Aware": false,
                          "Scan Direction": "Forward",
                          "Index Name": "title_pkey",
                          "Relation Name": "title",
                          "Alias": "t",
                          "Startup Cost": 0.43,
                          "Total Cost": 7.81,
                          "Plan Rows": 1,
                          "Plan Width": 4,
                          "Actual Startup Time": 0.009,
                          "Actual Total Time": 0.009,
                          "Actual Rows": 1,
                          "Actual Loops": 5156,
                          "Index Cond": "(id = mc.movie_id)",
                          "Rows Removed by Index Recheck": 0,
                          "Heap Fetches": 5156
                        }
                      ]
                    },
                    {
                      "Node Type": "Index Only Scan",
                      "Parent Relationship": "Inner",
                      "Parallel Aware": false,
                      "Scan Direction": "Forward",
                      "Index Name": "movie_id_movie_info_idx",
                      "Relation Name": "movie_info_idx",
                      "Alias": "mi_idx",
                      "Startup Cost": 0.43,
                      "Total Cost": 0.5,
                      "Plan Rows": 3,
                      "Plan Width": 4,
                      "Actual Startup Time": 0.006,
                      "Actual Total Time": 0.006,
                      "Actual Rows": 3,
                      "Actual Loops": 5156,
                      "Index Cond": "(movie_id = t.id)",
                      "Rows Removed by Index Recheck": 0,
                      "Heap Fetches": 14049
                    }
                  ]
                }
              ]
            }
          ]
        }
      ]
    },
    "Planning Time": 1.386,
    "Triggers": [],
    "Execution Time": 46.718
  }
]