[
  {
    "Plan": {
      "Node Type": "Aggregate",
      "Strategy": "Plain",
      "Partial Mode": "Finalize",
      "Parallel Aware": false,
      "Startup Cost": 216400.02,
      "Total Cost": 216400.03,
      "Plan Rows": 1,
      "Plan Width": 8,
      "Actual Startup Time": 233.526,
      "Actual Total Time": 251.111,
      "Actual Rows": 1,
      "Actual Loops": 1,
      "Plans": [
        {
          "Node Type": "Gather",
          "Parent Relationship": "Outer",
          "Parallel Aware": false,
          "Startup Cost": 216399.5,
          "Total Cost": 216400.01,
          "Plan Rows": 5,
          "Plan Width": 8,
          "Actual Startup Time": 226.644,
          "Actual Total Time": 251.103,
          "Actual Rows": 6,
          "Actual Loops": 1,
          "Workers Planned": 5,
          "Workers Launched": 5,
          "Single Copy": false,
          "Plans": [
            {
              "Node Type": "Aggregate",
              "Strategy": "Plain",
              "Partial Mode": "Partial",
              "Parent Relationship": "Outer",
              "Parallel Aware": false,
              "Startup Cost": 215399.5,
              "Total Cost": 215399.51,
              "Plan Rows": 1,
              "Plan Width": 8,
              "Actual Startup Time": 215.293,
              "Actual Total Time": 215.297,
              "Actual Rows": 1,
              "Actual Loops": 6,
              "Plans": [
                {
                  "Node Type": "Hash Join",
                  "Parent Relationship": "Outer",
                  "Parallel Aware": true,
                  "Join Type": "Inner",
                  "Startup Cost": 52303.77,
                  "Total Cost": 215353.67,
                  "Plan Rows": 18331,
                  "Plan Width": 0,
                  "Actual Startup Time": 177.366,
                  "Actual Total Time": 214.016,
                  "Actual Rows": 28247,
                  "Actual Loops": 6,
                  "Inner Unique": true,
                  "Hash Cond": "(mi.movie_id = t.id)",
                  "Plans": [
                    {
                      "Node Type": "Bitmap Heap Scan",
                      "Parent Relationship": "Outer",
                      "Parallel Aware": true,
                      "Relation Name": "movie_info",
                      "Alias": "mi",
                      "Startup Cost": 6332.18,
                      "Total Cost": 169198.65,
                      "Plan Rows": 69877,
                      "Plan Width": 4,
                      "Actual Startup Time": 20.98,
                      "Actual Total Time": 58.926,
                      "Actual Rows": 54810,
                      "Actual Loops": 6,
                      "Recheck Cond": "(info_type_id = 98)",
                      "Rows Removed by Index Recheck": 0,
                      "Exact Heap Blocks": 5951,
                      "Lossy Heap Blocks": 0,
                      "Plans": [
                        {
                          "Node Type": "Bitmap Index Scan",
                          "Parent Relationship": "Outer",
                          "Parallel Aware": false,
                          "Index Name": "info_type_id_movie_info",
                          "Startup Cost": 0.0,
                          "Total Cost": 6244.84,
                          "Plan Rows": 349387,
                          "Plan Width": 0,
                          "Actual Startup Time": 17.096,
                          "Actual Total Time": 17.097,
                          "Actual Rows": 328857,
                          "Actual Loops": 1,
                          "Index Cond": "(info_type_id = 98)"
                        }
                      ]
                    },
                    {
                      "Node Type": "Hash",
                      "Parent Relationship": "Inner",
                      "Parallel Aware": true,
                      "Startup Cost": 43898.92,
                      "Total Cost": 43898.92,
                      "Plan Rows": 165814,
                      "Plan Width": 4,
                      "Actual Startup Time": 128.308,
                      "Actual Total Time": 128.309,
                      "Actual Rows": 110471,
                      "Actual Loops": 6,
                      "Hash Buckets": 1048576,
                      "Original Hash Buckets": 1048576,
                      "Hash Batches": 1,
                      "Original Hash Batches": 1,
                      "Peak Memory Usage": 34208,
                      "Plans": [
                        {
                          "Node Type": "Seq Scan",
                          "Parent Relationship": "Outer",
                          "Parallel Aware": true,
                          "Relation Name": "title",
                          "Alias": "t",
                          "Startup Cost": 0.0,
                          "Total Cost": 43898.92,
                          "Plan Rows": 165814,
                          "Plan Width": 4,
                          "Actual Startup Time": 44.534,
                          "Actual Total Time": 83.478,
                          "Actual Rows": 110471,
                          "Actual Loops": 6,
                          "Filter": "(kind_id = 1)",
                          "Rows Removed by Filter": 310914
                        }
                      ]
                    }
                  ]
                }
              ]
            }
          ]
        }
      ]
    },
    "Planning Time": 0.619,
    "Triggers": [],
    "Execution Time": 251.205
  }
]