[
  {
    "Plan": {
      "Node Type": "Aggregate",
      "Strategy": "Plain",
      "Partial Mode": "Finalize",
      "Parallel Aware": false,
      "Startup Cost": 54991.57,
      "Total Cost": 54991.58,
      "Plan Rows": 1,
      "Plan Width": 8,
      "Actual Startup Time": 202.307,
      "Actual Total Time": 236.37,
      "Actual Rows": 1,
      "Actual Loops": 1,
      "Plans": [
        {
          "Node Type": "Gather",
          "Parent Relationship": "Outer",
          "Parallel Aware": false,
          "Startup Cost": 54991.35,
          "Total Cost": 54991.56,
          "Plan Rows": 2,
          "Plan Width": 8,
          "Actual Startup Time": 202.083,
          "Actual Total Time": 236.362,
          "Actual Rows": 3,
          "Actual Loops": 1,
          "Workers Planned": 2,
          "Workers Launched": 2,
          "Single Copy": false,
          "Plans": [
            {
              "Node Type": "Aggregate",
              "Strategy": "Plain",
              "Partial Mode": "Partial",
              "Parent Relationship": "Outer",
              "Parallel Aware": false,
              "Startup Cost": 53991.35,
              "Total Cost": 53991.36,
              "Plan Rows": 1,
              "Plan Width": 8,
              "Actual Startup Time": 196.572,
              "Actual Total Time": 196.573,
              "Actual Rows": 1,
              "Actual Loops": 3,
              "Plans": [
                {
                  "Node Type": "Nested Loop",
                  "Parent Relationship": "Outer",
                  "Parallel Aware": false,
                  "Join Type": "Inner",
                  "Startup Cost": 214.43,
                  "Total Cost": 53930.48,
                  "Plan Rows": 24350,
                  "Plan Width": 0,
                  "Actual Startup Time": 1.523,
                  "Actual Total Time": 187.609,
                  "Actual Rows": 181274,
                  "Actual Loops": 3,
                  "Inner Unique": false,
                  "Plans": [
                    {
                      "Node Type": "Nested Loop",
                      "Parent Relationship": "Outer",
                      "Parallel Aware": false,
                      "Join Type": "Inner",
                      "Startup Cost": 214.0,
                      "Total Cost": 46032.45,
                      "Plan Rows": 4147,
                      "Plan Width": 8,
                      "Actual Startup Time": 1.372,
                      "Actual Total Time": 39.103,
                      "Actual Rows": 4215,
                      "Actual Loops": 3,
                      "Inner Unique": true,
                      "Plans": [
                        {
                          "Node Type": "Bitmap Heap Scan",
                          "Parent Relationship": "Outer",
                          "Parallel Aware": true,
                          "Relation Name": "movie_keyword",
                          "Alias": "mk",
                          "Startup Cost": 213.57,
                          "Total Cost": 18918.84,
                          "Plan Rows": 4147,
                          "Plan Width": 4,
                          "Actual Startup Time": 1.228,
                          "Actual Total Time": 12.964,
                          "Actual Rows": 4215,
                          "Actual Loops": 3,
                          "Recheck Cond": "(keyword_id = 245)",
                          "Rows Removed by Index Recheck": 0,
                          "Exact Heap Blocks": 4784,
                          "Lossy Heap Blocks": 0,
                          "Plans": [
                            {
                              "Node Type": "Bitmap Index Scan",
                              "Parent Relationship": "Outer",
                              "Parallel Aware": false,
                              "Index Name": "keyword_id_movie_keyword",
                              "Startup Cost": 0.0,
                              "Total Cost": 211.08,
                              "Plan Rows": 9953,
                              "Plan Width": 0,
                              "Actual Startup Time": 2.211,
                              "Actual Total Time": 2.212,
                              "Actual Rows": 12645,
                              "Actual Loops": 1,
                              "Index Cond": "(keyword_id = 245)"
                            }
                          ]
                        },
                        {
                          "Node Type": "Index Only Scan",
                          "Parent Relationship": "Inner",
                          "Parallel Aware": false,
                          "Scan Direction": "Forward",
                          "Index Name": "title_pkey",
                          "Relation Name": "title",
                          "Alias": "t",
                          "Startup Cost": 0.43,
                          "Total Cost": 6.54,
                          "Plan Rows": 1,
                          "Plan Width": 4,
                          "Actual Startup Time": 0.006,
                          "Actual Total Time": 0.006,
                          "Actual Rows": 1,
                          "Actual Loops": 12645,
                          "Index Cond": "(id = mk.movie_id)",
                          "Rows Removed by Index Recheck": 0,
                          "Heap Fetches": 12645
                        }
                      ]
                    },
                    {
                      "Node Type": "Index Only Scan",
                      "Parent Relationship": "Inner",
                      "Parallel Aware": false,
                      "Scan Direction": "Forward",
                      "Index Name": "movie_id_movie_info",
                      "Relation Name": "movie_info",
                      "Alias": "mi",
                      "Startup Cost": 0.43,
                      "Total Cost": 1.49,
                      "Plan Rows": 41,
                      "Plan Width": 4,
                      "Actual Startup Time": 0.008,
                      "Actual Total Time": 0.032,
                      "Actual Rows": 43,
                      "Actual Loops": 12645,
                      "Index Cond": "(movie_id = t.id)",
                      "Rows Removed by Index Recheck": 0,
                      "Heap Fetches": 543823
                    }
                  ]
                }
              ]
            }
          ]
        }
      ]
    },
    "Planning Time": 0.659,
    "Triggers": [],
    "Execution Time": 236.428
  }
]