[
  {
    "Plan": {
      "Node Type": "Aggregate",
      "Strategy": "Plain",
      "Partial Mode": "Finalize",
      "Parallel Aware": false,
      "Startup Cost": 58035.49,
      "Total Cost": 58035.5,
      "Plan Rows": 1,
      "Plan Width": 8,
      "Actual Startup Time": 193.52,
      "Actual Total Time": 220.914,
      "Actual Rows": 1,
      "Actual Loops": 1,
      "Plans": [
        {
          "Node Type": "Gather",
          "Parent Relationship": "Outer",
          "Parallel Aware": false,
          "Startup Cost": 58035.17,
          "Total Cost": 58035.48,
          "Plan Rows": 3,
          "Plan Width": 8,
          "Actual Startup Time": 193.248,
          "Actual Total Time": 220.905,
          "Actual Rows": 4,
          "Actual Loops": 1,
          "Workers Planned": 3,
          "Workers Launched": 3,
          "Single Copy": false,
          "Plans": [
            {
              "Node Type": "Aggregate",
              "Strategy": "Plain",
              "Partial Mode": "Partial",
              "Parent Relationship": "Outer",
              "Parallel Aware": false,
              "Startup Cost": 57035.17,
              "Total Cost": 57035.18,
              "Plan Rows": 1,
              "Plan Width": 8,
              "Actual Startup Time": 184.118,
              "Actual Total Time": 184.12,
              "Actual Rows": 1,
              "Actual Loops": 4,
              "Plans": [
                {
                  "Node Type": "Nested Loop",
                  "Parent Relationship": "Outer",
                  "Parallel Aware": false,
                  "Join Type": "Inner",
                  "Startup Cost": 290.48,
                  "Total Cost": 56971.17,
                  "Plan Rows": 25600,
                  "Plan Width": 0,
                  "Actual Startup Time": 6.077,
                  "Actual Total Time": 176.645,
                  "Actual Rows": 135956,
                  "Actual Loops": 4,
                  "Inner Unique": false,
                  "Plans": [
                    {
                      "Node Type": "Nested Loop",
                      "Parent Relationship": "Outer",
                      "Parallel Aware": false,
                      "Join Type": "Inner",
                      "Startup Cost": 290.05,
                      "Total Cost": 48512.73,
                      "Plan Rows": 4378,
                      "Plan Width": 8,
                      "Actual Startup Time": 5.916,
                      "Actual Total Time": 43.261,
                      "Actual Rows": 3161,
                      "Actual Loops": 4,
                      "Inner Unique": true,
                      "Plans": [
                        {
                          "Node Type": "Bitmap Heap Scan",
                          "Parent Relationship": "Outer",
                          "Parallel Aware": true,
                          "Relation Name": "movie_keyword",
                          "Alias": "mk",
                          "Startup Cost": 289.62,
                          "Total Cost": 21832.65,
                          "Plan Rows": 4378,
                          "Plan Width": 4,
                          "Actual Startup Time": 5.705,
                          "Actual Total Time": 16.764,
                          "Actual Rows": 3161,
                          "Actual Loops": 4,
                          "Recheck Cond": "(keyword_id = 245)",
                          "Rows Removed by Index Recheck": 0,
                          "Exact Heap Blocks": 3718,
                          "Lossy Heap Blocks": 0,
                          "Plans": [
                            {
                              "Node Type": "Bitmap Index Scan",
                              "Parent Relationship": "Outer",
                              "Parallel Aware": false,
                              "Index Name": "keyword_id_movie_keyword",
                              "Startup Cost": 0.0,
                              "Total Cost": 286.22,
                              "Plan Rows": 13572,
                              "Plan Width": 0,
                              "Actual Startup Time": 9.579,
                              "Actual Total Time": 9.58,
                              "Actual Rows": 12645,
                              "Actual Loops": 1,
                              "Index Cond": "(keyword_id = 245)"
                            }
                          ]
                        },
                        {
                          "Node Type": "Index Only Scan",
                          "Parent Relationship": "Inner",
                          "Parallel Aware": false,
                          "Scan Direction": "Forward",
                          "Index Name": "title_pkey",
                          "Relation Name": "title",
                          "Alias": "t",
                          "Startup Cost": 0.43,
                          "Total Cost": 6.09,
                          "Plan Rows": 1,
                          "Plan Width": 4,
                          "Actual Startup Time": 0.008,
                          "Actual Total Time": 0.008,
                          "Actual Rows": 1,
                          "Actual Loops": 12645,
                          "Index Cond": "(id = mk.movie_id)",
                          "Rows Removed by Index Recheck": 0,
                          "Heap Fetches": 12645
                        }
                      ]
                    },
                    {
                      "Node Type": "Index Only Scan",
                      "Parent Relationship": "Inner",
                      "Parallel Aware": false,
                      "Scan Direction": "Forward",
                      "Index Name": "movie_id_movie_info",
                      "Relation Name": "movie_info",
                      "Alias": "mi",
                      "Startup Cost": 0.43,
                      "Total Cost": 1.51,
                      "Plan Rows": 42,
                      "Plan Width": 4,
                      "Actual Startup Time": 0.009,
                      "Actual Total Time": 0.039,
                      "Actual Rows": 43,
                      "Actual Loops": 12645,
                      "Index Cond": "(movie_id = t.id)",
                      "Rows Removed by Index Recheck": 0,
                      "Heap Fetches": 543823
                    }
                  ]
                }
              ]
            }
          ]
        }
      ]
    },
    "Planning Time": 1.335,
    "Triggers": [],
    "Execution Time": 221.028
  }
]