[
  {
    "Plan": {
      "Node Type": "Aggregate",
      "Strategy": "Plain",
      "Partial Mode": "Finalize",
      "Parallel Aware": false,
      "Startup Cost": 69091.69,
      "Total Cost": 69091.7,
      "Plan Rows": 1,
      "Plan Width": 8,
      "Actual Startup Time": 198.237,
      "Actual Total Time": 213.787,
      "Actual Rows": 1,
      "Actual Loops": 1,
      "Plans": [
        {
          "Node Type": "Gather",
          "Parent Relationship": "Outer",
          "Parallel Aware": false,
          "Startup Cost": 69091.27,
          "Total Cost": 69091.68,
          "Plan Rows": 4,
          "Plan Width": 8,
          "Actual Startup Time": 197.565,
          "Actual Total Time": 213.777,
          "Actual Rows": 5,
          "Actual Loops": 1,
          "Workers Planned": 4,
          "Workers Launched": 4,
          "Single Copy": false,
          "Plans": [
            {
              "Node Type": "Aggregate",
              "Strategy": "Plain",
              "Partial Mode": "Partial",
              "Parent Relationship": "Outer",
              "Parallel Aware": false,
              "Startup Cost": 68091.27,
              "Total Cost": 68091.28,
              "Plan Rows": 1,
              "Plan Width": 8,
              "Actual Startup Time": 187.642,
              "Actual Total Time": 187.645,
              "Actual Rows": 1,
              "Actual Loops": 5,
              "Plans": [
                {
                  "Node Type": "Hash Join",
                  "Parent Relationship": "Outer",
                  "Parallel Aware": true,
                  "Join Type": "Inner",
                  "Startup Cost": 22516.9,
                  "Total Cost": 68049.67,
                  "Plan Rows": 16640,
                  "Plan Width": 0,
                  "Actual Startup Time": 141.686,
                  "Actual Total Time": 186.54,
                  "Actual Rows": 25403,
                  "Actual Loops": 5,
                  "Inner Unique": false,
                  "Hash Cond": "(t.id = mc.movie_id)",
                  "Plans": [
                    {
                      "Node Type": "Seq Scan",
                      "Parent Relationship": "Outer",
                      "Parallel Aware": true,
                      "Relation Name": "title",
                      "Alias": "t",
                      "Startup Cost": 0.0,
                      "Total Cost": 42318.73,
                      "Plan Rows": 632073,
                      "Plan Width": 4,
                      "Actual Startup Time": 0.014,
                      "Actual Total Time": 65.163,
                      "Actual Rows": 505662,
                      "Actual Loops": 5
                    },
                    {
                      "Node Type": "Hash",
                      "Parent Relationship": "Inner",
                      "Parallel Aware": true,
                      "Startup Cost": 22248.53,
                      "Total Cost": 22248.53,
                      "Plan Rows": 21470,
                      "Plan Width": 4,
                      "Actual Startup Time": 45.202,
                      "Actual Total Time": 45.203,
                      "Actual Rows": 25403,
                      "Actual Loops": 5,
                      "Hash Buckets": 131072,
                      "Original Hash Buckets": 131072,
                      "Hash Batches": 1,
                      "Original Hash Batches": 1,
                      "Peak Memory Usage": 6080,
                      "Plans": [
                        {
                          "Node Type": "Bitmap Heap Scan",
                          "Parent Relationship": "Outer",
                          "Parallel Aware": true,
                          "Relation Name": "movie_companies",
                          "Alias": "mc",
                          "Startup Cost": 2824.23,
                          "Total Cost": 22248.53,
                          "Plan Rows": 21470,
                          "Plan Width": 4,
                          "Actual Startup Time": 10.024,
                          "Actual Total Time": 32.034,
                          "Actual Rows": 25403,
                          "Actual Loops": 5,
                          "Recheck Cond": "(company_id > 142725)",
                          "Rows Removed by Index Recheck": 0,
                          "Filter": "(company_type_id = 2)",
                          "Rows Removed by Filter": 0,
                          "Exact Heap Blocks": 1524,
                          "Lossy Heap Blocks": 0,
                          "Plans": [
                            {
                              "Node Type": "Bitmap Index Scan",
                              "Parent Relationship": "Outer",
                              "Parallel Aware": false,
                              "Index Name": "company_id_movie_companies",
                              "Startup Cost": 0.0,
                              "Total Cost": 2807.59,
                              "Plan Rows": 131088,
                              "Plan Width": 0,
                              "Actual Startup Time": 13.454,
                              "Actual Total Time": 13.454,
                              "Actual Rows": 127013,
                              "Actual Loops": 1,
                              "Index Cond": "(company_id > 142725)"
                            }
                          ]
                        }
                      ]
                    }
                  ]
                }
              ]
            }
          ]
        }
      ]
    },
    "Planning Time": 0.649,
    "Triggers": [],
    "Execution Time": 213.888
  }
]