[
  {
    "Plan": {
      "Node Type": "Aggregate",
      "Strategy": "Plain",
      "Partial Mode": "Finalize",
      "Parallel Aware": false,
      "Startup Cost": 421142.73,
      "Total Cost": 421142.74,
      "Plan Rows": 1,
      "Plan Width": 8,
      "Actual Startup Time": 1110.737,
      "Actual Total Time": 1141.062,
      "Actual Rows": 1,
      "Actual Loops": 1,
      "Plans": [
        {
          "Node Type": "Gather",
          "Parent Relationship": "Outer",
          "Parallel Aware": false,
          "Startup Cost": 421142.11,
          "Total Cost": 421142.72,
          "Plan Rows": 6,
          "Plan Width": 8,
          "Actual Startup Time": 1097.503,
          "Actual Total Time": 1141.047,
          "Actual Rows": 7,
          "Actual Loops": 1,
          "Workers Planned": 6,
          "Workers Launched": 6,
          "Single Copy": false,
          "Plans": [
            {
              "Node Type": "Aggregate",
              "Strategy": "Plain",
              "Partial Mode": "Partial",
              "Parent Relationship": "Outer",
              "Parallel Aware": false,
              "Startup Cost": 420142.11,
              "Total Cost": 420142.12,
              "Plan Rows": 1,
              "Plan Width": 8,
              "Actual Startup Time": 1085.666,
              "Actual Total Time": 1086.039,
              "Actual Rows": 1,
              "Actual Loops": 7,
              "Plans": [
                {
                  "Node Type": "Hash Join",
                  "Parent Relationship": "Outer",
                  "Parallel Aware": true,
                  "Join Type": "Inner",
                  "Startup Cost": 83072.56,
                  "Total Cost": 419875.79,
                  "Plan Rows": 106528,
                  "Plan Width": 0,
                  "Actual Startup Time": 421.486,
                  "Actual Total Time": 1065.245,
                  "Actual Rows": 405029,
                  "Actual Loops": 7,
                  "Inner Unique": false,
                  "Hash Cond": "(ci.movie_id = t.id)",
                  "Plans": [
                    {
                      "Node Type": "Index Scan",
                      "Parent Relationship": "Outer",
                      "Parallel Aware": true,
                      "Scan Direction": "Forward",
                      "Index Name": "role_id_cast_info",
                      "Relation Name": "cast_info",
                      "Alias": "ci",
                      "Startup Cost": 0.56,
                      "Total Cost": 335235.55,
                      "Plan Rows": 347180,
                      "Plan Width": 4,
                      "Actual Startup Time": 0.544,
                      "Actual Total Time": 395.826,
                      "Actual Rows": 641981,
                      "Actual Loops": 7,
                      "Index Cond": "(role_id = 1)",
                      "Rows Removed by Index Recheck": 0,
                      "Filter": "(person_id < 601000)",
                      "Rows Removed by Filter": 1168117
                    },
                    {
                      "Node Type": "Hash",
                      "Parent Relationship": "Inner",
                      "Parallel Aware": true,
                      "Startup Cost": 80647.68,
                      "Total Cost": 80647.68,
                      "Plan Rows": 193945,
                      "Plan Width": 8,
                      "Actual Startup Time": 417.614,
                      "Actual Total Time": 417.985,
                      "Actual Rows": 142294,
                      "Actual Loops": 7,
                      "Hash Buckets": 1048576,
                      "Original Hash Buckets": 1048576,
                      "Hash Batches": 1,
                      "Original Hash Batches": 1,
                      "Peak Memory Usage": 47264,
                      "Plans": [
                        {
                          "Node Type": "Hash Join",
                          "Parent Relationship": "Outer",
                          "Parallel Aware": true,
                          "Join Type": "Inner",
                          "Startup Cost": 34542.96,
                          "Total Cost": 80647.68,
                          "Plan Rows": 193945,
                          "Plan Width": 8,
                          "Actual Startup Time": 139.711,
                          "Actual Total Time": 353.509,
                          "Actual Rows": 142294,
                          "Actual Loops": 7,
                          "Inner Unique": false,
                          "Hash Cond": "(t.id = mc.movie_id)",
                          "Plans": [
                            {
                              "Node Type": "Seq Scan",
                              "Parent Relationship": "Outer",
                              "Parallel Aware": true,
                              "Relation Name": "title",
                              "Alias": "t",
                              "Startup Cost": 0.0,
                              "Total Cost": 42318.73,
                              "Plan Rows": 632073,
                              "Plan Width": 4,
                              "Actual Startup Time": 0.019,
                              "Actual Total Time": 62.71,
                              "Actual Rows": 361187,
                              "Actual Loops": 7
                            },
                            {
                              "Node Type": "Hash",
                              "Parent Relationship": "Inner",
                              "Parallel Aware": true,
                              "Startup Cost": 31414.82,
                              "Total Cost": 31414.82,
                              "Plan Rows": 250251,
                              "Plan Width": 4,
                              "Actual Startup Time": 138.068,
                              "Actual Total Time": 138.07,
                              "Actual Rows": 142294,
                              "Actual Loops": 7,
                              "Hash Buckets": 1048576,
                              "Original Hash Buckets": 1048576,
                              "Hash Batches": 1,
                              "Original Hash Batches": 1,
                              "Peak Memory Usage": 47264,
                              "Plans": [
                                {
                                  "Node Type": "Seq Scan",
                                  "Parent Relationship": "Outer",
                                  "Parallel Aware": true,
                                  "Relation Name": "movie_companies",
                                  "Alias": "mc",
                                  "Startup Cost": 0.0,
                                  "Total Cost": 31414.82,
                                  "Plan Rows": 250251,
                                  "Plan Width": 4,
                                  "Actual Startup Time": 42.819,
                                  "Actual Total Time": 74.099,
                                  "Actual Rows": 142294,
                                  "Actual Loops": 7,
                                  "Filter": "((company_id > 6926) AND (company_type_id > 1))",
                                  "Rows Removed by Filter": 230439
                                }
                              ]
                            }
                          ]
                        }
                      ]
                    }
                  ]
                }
              ]
            }
          ]
        }
      ]
    },
    "Planning Time": 1.442,
    "Triggers": [],
    "Execution Time": 1141.16
  }
]