[
  {
    "Plan": {
      "Node Type": "Aggregate",
      "Strategy": "Plain",
      "Partial Mode": "Finalize",
      "Parallel Aware": false,
      "Startup Cost": 401994.45,
      "Total Cost": 401994.46,
      "Plan Rows": 1,
      "Plan Width": 8,
      "Actual Startup Time": 1663.642,
      "Actual Total Time": 1731.726,
      "Actual Rows": 1,
      "Actual Loops": 1,
      "Plans": [
        {
          "Node Type": "Gather",
          "Parent Relationship": "Outer",
          "Parallel Aware": false,
          "Startup Cost": 401993.83,
          "Total Cost": 401994.44,
          "Plan Rows": 6,
          "Plan Width": 8,
          "Actual Startup Time": 1655.34,
          "Actual Total Time": 1731.713,
          "Actual Rows": 7,
          "Actual Loops": 1,
          "Workers Planned": 6,
          "Workers Launched": 6,
          "Single Copy": false,
          "Plans": [
            {
              "Node Type": "Aggregate",
              "Strategy": "Plain",
              "Partial Mode": "Partial",
              "Parent Relationship": "Outer",
              "Parallel Aware": false,
              "Startup Cost": 400993.83,
              "Total Cost": 400993.84,
              "Plan Rows": 1,
              "Plan Width": 8,
              "Actual Startup Time": 1639.904,
              "Actual Total Time": 1639.908,
              "Actual Rows": 1,
              "Actual Loops": 7,
              "Plans": [
                {
                  "Node Type": "Hash Join",
                  "Parent Relationship": "Outer",
                  "Parallel Aware": true,
                  "Join Type": "Inner",
                  "Startup Cost": 48767.32,
                  "Total Cost": 398447.81,
                  "Plan Rows": 1018408,
                  "Plan Width": 0,
                  "Actual Startup Time": 166.406,
                  "Actual Total Time": 1589.163,
                  "Actual Rows": 1180913,
                  "Actual Loops": 7,
                  "Inner Unique": true,
                  "Hash Cond": "(ci.movie_id = t.id)",
                  "Plans": [
                    {
                      "Node Type": "Seq Scan",
                      "Parent Relationship": "Outer",
                      "Parallel Aware": true,
                      "Relation Name": "cast_info",
                      "Alias": "ci",
                      "Startup Cost": 0.0,
                      "Total Cost": 343257.03,
                      "Plan Rows": 2447026,
                      "Plan Width": 4,
                      "Actual Startup Time": 0.027,
                      "Actual Total Time": 666.589,
                      "Actual Rows": 2621787,
                      "Actual Loops": 7,
                      "Filter": "((person_id < 2274095) AND (role_id < 4))",
                      "Rows Removed by Filter": 2555976
                    },
                    {
                      "Node Type": "Hash",
                      "Parent Relationship": "Inner",
                      "Parallel Aware": true,
                      "Startup Cost": 45479.1,
                      "Total Cost": 45479.1,
                      "Plan Rows": 263058,
                      "Plan Width": 4,
                      "Actual Startup Time": 161.364,
                      "Actual Total Time": 161.365,
                      "Actual Rows": 164135,
                      "Actual Loops": 7,
                      "Hash Buckets": 2097152,
                      "Original Hash Buckets": 2097152,
                      "Hash Batches": 1,
                      "Original Hash Batches": 1,
                      "Peak Memory Usage": 61408,
                      "Plans": [
                        {
                          "Node Type": "Seq Scan",
                          "Parent Relationship": "Outer",
                          "Parallel Aware": true,
                          "Relation Name": "title",
                          "Alias": "t",
                          "Startup Cost": 0.0,
                          "Total Cost": 45479.1,
                          "Plan Rows": 263058,
                          "Plan Width": 4,
                          "Actual Startup Time": 0.04,
                          "Actual Total Time": 78.088,
                          "Actual Rows": 164135,
                          "Actual Loops": 7,
                          "Filter": "((production_year > 1991) AND (kind_id = 7))",
                          "Rows Removed by Filter": 197052
                        }
                      ]
                    }
                  ]
                }
              ]
            }
          ]
        }
      ]
    },
    "Planning Time": 0.652,
    "Triggers": [],
    "Execution Time": 1731.819
  }
]