[
  {
    "Plan": {
      "Node Type": "Aggregate",
      "Strategy": "Plain",
      "Partial Mode": "Finalize",
      "Parallel Aware": false,
      "Startup Cost": 36372.68,
      "Total Cost": 36372.69,
      "Plan Rows": 1,
      "Plan Width": 8,
      "Actual Startup Time": 107.511,
      "Actual Total Time": 128.138,
      "Actual Rows": 1,
      "Actual Loops": 1,
      "Plans": [
        {
          "Node Type": "Gather",
          "Parent Relationship": "Outer",
          "Parallel Aware": false,
          "Startup Cost": 36372.46,
          "Total Cost": 36372.67,
          "Plan Rows": 2,
          "Plan Width": 8,
          "Actual Startup Time": 107.322,
          "Actual Total Time": 128.13,
          "Actual Rows": 3,
          "Actual Loops": 1,
          "Workers Planned": 2,
          "Workers Launched": 2,
          "Single Copy": false,
          "Plans": [
            {
              "Node Type": "Aggregate",
              "Strategy": "Plain",
              "Partial Mode": "Partial",
              "Parent Relationship": "Outer",
              "Parallel Aware": false,
              "Startup Cost": 35372.46,
              "Total Cost": 35372.47,
              "Plan Rows": 1,
              "Plan Width": 8,
              "Actual Startup Time": 103.915,
              "Actual Total Time": 103.917,
              "Actual Rows": 1,
              "Actual Loops": 3,
              "Plans": [
                {
                  "Node Type": "Nested Loop",
                  "Parent Relationship": "Outer",
                  "Parallel Aware": false,
                  "Join Type": "Inner",
                  "Startup Cost": 125.71,
                  "Total Cost": 35337.42,
                  "Plan Rows": 14019,
                  "Plan Width": 0,
                  "Actual Startup Time": 3.433,
                  "Actual Total Time": 99.85,
                  "Actual Rows": 73210,
                  "Actual Loops": 3,
                  "Inner Unique": false,
                  "Plans": [
                    {
                      "Node Type": "Nested Loop",
                      "Parent Relationship": "Outer",
                      "Parallel Aware": false,
                      "Join Type": "Inner",
                      "Startup Cost": 125.27,
                      "Total Cost": 30789.43,
                      "Plan Rows": 2388,
                      "Plan Width": 8,
                      "Actual Startup Time": 3.341,
                      "Actual Total Time": 22.926,
                      "Actual Rows": 1442,
                      "Actual Loops": 3,
                      "Inner Unique": true,
                      "Plans": [
                        {
                          "Node Type": "Bitmap Heap Scan",
                          "Parent Relationship": "Outer",
                          "Parallel Aware": true,
                          "Relation Name": "movie_keyword",
                          "Alias": "mk",
                          "Startup Cost": 124.84,
                          "Total Cost": 13625.77,
                          "Plan Rows": 2388,
                          "Plan Width": 4,
                          "Actual Startup Time": 3.242,
                          "Actual Total Time": 9.275,
                          "Actual Rows": 1442,
                          "Actual Loops": 3,
                          "Recheck Cond": "(keyword_id = 585)",
                          "Rows Removed by Index Recheck": 0,
                          "Exact Heap Blocks": 1823,
                          "Lossy Heap Blocks": 0,
                          "Plans": [
                            {
                              "Node Type": "Bitmap Index Scan",
                              "Parent Relationship": "Outer",
                              "Parallel Aware": false,
                              "Index Name": "keyword_id_movie_keyword",
                              "Startup Cost": 0.0,
                              "Total Cost": 123.41,
                              "Plan Rows": 5730,
                              "Plan Width": 0,
                              "Actual Startup Time": 4.155,
                              "Actual Total Time": 4.155,
                              "Actual Rows": 4326,
                              "Actual Loops": 1,
                              "Index Cond": "(keyword_id = 585)"
                            }
                          ]
                        },
                        {
                          "Node Type": "Index Only Scan",
                          "Parent Relationship": "Inner",
                          "Parallel Aware": false,
                          "Scan Direction": "Forward",
                          "Index Name": "title_pkey",
                          "Relation Name": "title",
                          "Alias": "t",
                          "Startup Cost": 0.43,
                          "Total Cost": 7.19,
                          "Plan Rows": 1,
                          "Plan Width": 4,
                          "Actual Startup Time": 0.009,
                          "Actual Total Time": 0.009,
                          "Actual Rows": 1,
                          "Actual Loops": 4326,
                          "Index Cond": "(id = mk.movie_id)",
                          "Rows Removed by Index Recheck": 0,
                          "Heap Fetches": 4326
                        }
                      ]
                    },
                    {
                      "Node Type": "Index Only Scan",
                      "Parent Relationship": "Inner",
                      "Parallel Aware": false,
                      "Scan Direction": "Forward",
                      "Index Name": "movie_id_movie_info",
                      "Relation Name": "movie_info",
                      "Alias": "mi",
                      "Startup Cost": 0.43,
                      "Total Cost": 1.49,
                      "Plan Rows": 41,
                      "Plan Width": 4,
                      "Actual Startup Time": 0.011,
                      "Actual Total Time": 0.049,
                      "Actual Rows": 51,
                      "Actual Loops": 4326,
                      "Index Cond": "(movie_id = t.id)",
                      "Rows Removed by Index Recheck": 0,
                      "Heap Fetches": 219631
                    }
                  ]
                }
              ]
            }
          ]
        }
      ]
    },
    "Planning Time": 1.372,
    "Triggers": [],
    "Execution Time": 128.24
  }
]