[
    {
        "Bao": {
            "Bao prediction": "NaN",
            "Bao recommended hint": "(no hint)"
        }
    },
    {
        "Plan": {
            "Node Type": "Aggregate",
            "Strategy": "Plain",
            "Partial Mode": "Finalize",
            "Parallel Aware": false,
            "Startup Cost": 421593.64,
            "Total Cost": 421593.65,
            "Plan Rows": 1,
            "Plan Width": 8,
            "Actual Startup Time": 2622.012,
            "Actual Total Time": 2656.031,
            "Actual Rows": 1,
            "Actual Loops": 1,
            "Output": [
                "count(*)"
            ],
            "Plans": [
                {
                    "Node Type": "Gather",
                    "Parent Relationship": "Outer",
                    "Parallel Aware": false,
                    "Startup Cost": 421593.01,
                    "Total Cost": 421593.62,
                    "Plan Rows": 6,
                    "Plan Width": 8,
                    "Actual Startup Time": 2610.983,
                    "Actual Total Time": 2655.8,
                    "Actual Rows": 7,
                    "Actual Loops": 1,
                    "Output": [
                        "(PARTIAL count(*))"
                    ],
                    "Workers Planned": 6,
                    "Workers Launched": 6,
                    "Single Copy": false,
                    "Plans": [
                        {
                            "Node Type": "Aggregate",
                            "Strategy": "Plain",
                            "Partial Mode": "Partial",
                            "Parent Relationship": "Outer",
                            "Parallel Aware": false,
                            "Startup Cost": 420593.01,
                            "Total Cost": 420593.02,
                            "Plan Rows": 1,
                            "Plan Width": 8,
                            "Actual Startup Time": 2599.08,
                            "Actual Total Time": 2599.086,
                            "Actual Rows": 1,
                            "Actual Loops": 7,
                            "Output": [
                                "PARTIAL count(*)"
                            ],
                            "Workers": [
                                {
                                    "Worker Number": 0,
                                    "Actual Startup Time": 2596.518,
                                    "Actual Total Time": 2596.522,
                                    "Actual Rows": 1,
                                    "Actual Loops": 1
                                },
                                {
                                    "Worker Number": 1,
                                    "Actual Startup Time": 2596.569,
                                    "Actual Total Time": 2596.573,
                                    "Actual Rows": 1,
                                    "Actual Loops": 1
                                },
                                {
                                    "Worker Number": 2,
                                    "Actual Startup Time": 2597.0,
                                    "Actual Total Time": 2597.004,
                                    "Actual Rows": 1,
                                    "Actual Loops": 1
                                },
                                {
                                    "Worker Number": 3,
                                    "Actual Startup Time": 2597.603,
                                    "Actual Total Time": 2597.607,
                                    "Actual Rows": 1,
                                    "Actual Loops": 1
                                },
                                {
                                    "Worker Number": 4,
                                    "Actual Startup Time": 2597.627,
                                    "Actual Total Time": 2597.632,
                                    "Actual Rows": 1,
                                    "Actual Loops": 1
                                },
                                {
                                    "Worker Number": 5,
                                    "Actual Startup Time": 2597.954,
                                    "Actual Total Time": 2597.959,
                                    "Actual Rows": 1,
                                    "Actual Loops": 1
                                }
                            ],
                            "Plans": [
                                {
                                    "Node Type": "Hash Join",
                                    "Parent Relationship": "Outer",
                                    "Parallel Aware": true,
                                    "Join Type": "Inner",
                                    "Startup Cost": 79699.01,
                                    "Total Cost": 418354.15,
                                    "Plan Rows": 895546,
                                    "Plan Width": 0,
                                    "Actual Startup Time": 312.117,
                                    "Actual Total Time": 2383.293,
                                    "Actual Rows": 3983666,
                                    "Actual Loops": 7,
                                    "Inner Unique": false,
                                    "Hash Cond": "(ci.movie_id = t.id)",
                                    "Workers": [
                                        {
                                            "Worker Number": 0,
                                            "Actual Startup Time": 309.805,
                                            "Actual Total Time": 2381.477,
                                            "Actual Rows": 4024197,
                                            "Actual Loops": 1
                                        },
                                        {
                                            "Worker Number": 1,
                                            "Actual Startup Time": 309.857,
                                            "Actual Total Time": 2379.806,
                                            "Actual Rows": 4034141,
                                            "Actual Loops": 1
                                        },
                                        {
                                            "Worker Number": 2,
                                            "Actual Startup Time": 310.2,
                                            "Actual Total Time": 2384.3,
                                            "Actual Rows": 3625004,
                                            "Actual Loops": 1
                                        },
                                        {
                                            "Worker Number": 3,
                                            "Actual Startup Time": 310.767,
                                            "Actual Total Time": 2384.816,
                                            "Actual Rows": 4029376,
                                            "Actual Loops": 1
                                        },
                                        {
                                            "Worker Number": 4,
                                            "Actual Startup Time": 310.814,
                                            "Actual Total Time": 2399.969,
                                            "Actual Rows": 4997670,
                                            "Actual Loops": 1
                                        },
                                        {
                                            "Worker Number": 5,
                                            "Actual Startup Time": 311.316,
                                            "Actual Total Time": 2378.15,
                                            "Actual Rows": 3433681,
                                            "Actual Loops": 1
                                        }
                                    ],
                                    "Plans": [
                                        {
                                            "Node Type": "Seq Scan",
                                            "Parent Relationship": "Outer",
                                            "Parallel Aware": true,
                                            "Relation Name": "cast_info",
                                            "Schema": "public",
                                            "Alias": "ci",
                                            "Startup Cost": 0.0,
                                            "Total Cost": 313108.29,
                                            "Plan Rows": 6042129,
                                            "Plan Width": 4,
                                            "Actual Startup Time": 0.043,
                                            "Actual Total Time": 614.738,
                                            "Actual Rows": 5177763,
                                            "Actual Loops": 7,
                                            "Output": [
                                                "ci.id",
                                                "ci.person_id",
                                                "ci.movie_id",
                                                "ci.person_role_id",
                                                "ci.note",
                                                "ci.nr_order",
                                                "ci.role_id"
                                            ],
                                            "Workers": [
                                                {
                                                    "Worker Number": 0,
                                                    "Actual Startup Time": 0.062,
                                                    "Actual Total Time": 631.441,
                                                    "Actual Rows": 5074821,
                                                    "Actual Loops": 1
                                                },
                                                {
                                                    "Worker Number": 1,
                                                    "Actual Startup Time": 0.064,
                                                    "Actual Total Time": 629.213,
                                                    "Actual Rows": 5070418,
                                                    "Actual Loops": 1
                                                },
                                                {
                                                    "Worker Number": 2,
                                                    "Actual Startup Time": 0.039,
                                                    "Actual Total Time": 635.694,
                                                    "Actual Rows": 4648021,
                                                    "Actual Loops": 1
                                                },
                                                {
                                                    "Worker Number": 3,
                                                    "Actual Startup Time": 0.029,
                                                    "Actual Total Time": 633.281,
                                                    "Actual Rows": 4991304,
                                                    "Actual Loops": 1
                                                },
                                                {
                                                    "Worker Number": 4,
                                                    "Actual Startup Time": 0.03,
                                                    "Actual Total Time": 611.312,
                                                    "Actual Rows": 6657911,
                                                    "Actual Loops": 1
                                                },
                                                {
                                                    "Worker Number": 5,
                                                    "Actual Startup Time": 0.06,
                                                    "Actual Total Time": 636.264,
                                                    "Actual Rows": 4615367,
                                                    "Actual Loops": 1
                                                }
                                            ]
                                        },
                                        {
                                            "Node Type": "Hash",
                                            "Parent Relationship": "Inner",
                                            "Parallel Aware": true,
                                            "Startup Cost": 78187.96,
                                            "Total Cost": 78187.96,
                                            "Plan Rows": 120884,
                                            "Plan Width": 8,
                                            "Actual Startup Time": 309.58,
                                            "Actual Total Time": 309.584,
                                            "Actual Rows": 83735,
                                            "Actual Loops": 7,
                                            "Output": [
                                                "t.id",
                                                "mc.movie_id"
                                            ],
                                            "Hash Buckets": 1048576,
                                            "Original Hash Buckets": 524288,
                                            "Hash Batches": 1,
                                            "Original Hash Batches": 1,
                                            "Peak Memory Usage": 35328,
                                            "Workers": [
                                                {
                                                    "Worker Number": 0,
                                                    "Actual Startup Time": 308.684,
                                                    "Actual Total Time": 308.687,
                                                    "Actual Rows": 78052,
                                                    "Actual Loops": 1
                                                },
                                                {
                                                    "Worker Number": 1,
                                                    "Actual Startup Time": 308.569,
                                                    "Actual Total Time": 308.573,
                                                    "Actual Rows": 77966,
                                                    "Actual Loops": 1
                                                },
                                                {
                                                    "Worker Number": 2,
                                                    "Actual Startup Time": 309.04,
                                                    "Actual Total Time": 309.043,
                                                    "Actual Rows": 77549,
                                                    "Actual Loops": 1
                                                },
                                                {
                                                    "Worker Number": 3,
                                                    "Actual Startup Time": 309.687,
                                                    "Actual Total Time": 309.691,
                                                    "Actual Rows": 79297,
                                                    "Actual Loops": 1
                                                },
                                                {
                                                    "Worker Number": 4,
                                                    "Actual Startup Time": 309.704,
                                                    "Actual Total Time": 309.707,
                                                    "Actual Rows": 110807,
                                                    "Actual Loops": 1
                                                },
                                                {
                                                    "Worker Number": 5,
                                                    "Actual Startup Time": 310.201,
                                                    "Actual Total Time": 310.204,
                                                    "Actual Rows": 77311,
                                                    "Actual Loops": 1
                                                }
                                            ],
                                            "Plans": [
                                                {
                                                    "Node Type": "Hash Join",
                                                    "Parent Relationship": "Outer",
                                                    "Parallel Aware": true,
                                                    "Join Type": "Inner",
                                                    "Startup Cost": 47794.33,
                                                    "Total Cost": 78187.96,
                                                    "Plan Rows": 120884,
                                                    "Plan Width": 8,
                                                    "Actual Startup Time": 150.382,
                                                    "Actual Total Time": 258.865,
                                                    "Actual Rows": 83735,
                                                    "Actual Loops": 7,
                                                    "Output": [
                                                        "t.id",
                                                        "mc.movie_id"
                                                    ],
                                                    "Inner Unique": true,
                                                    "Hash Cond": "(mc.movie_id = t.id)",
                                                    "Workers": [
                                                        {
                                                            "Worker Number": 0,
                                                            "Actual Startup Time": 149.581,
                                                            "Actual Total Time": 257.826,
                                                            "Actual Rows": 78052,
                                                            "Actual Loops": 1
                                                        },
                                                        {
                                                            "Worker Number": 1,
                                                            "Actual Startup Time": 149.397,
                                                            "Actual Total Time": 258.316,
                                                            "Actual Rows": 77966,
                                                            "Actual Loops": 1
                                                        },
                                                        {
                                                            "Worker Number": 2,
                                                            "Actual Startup Time": 149.956,
                                                            "Actual Total Time": 259.27,
                                                            "Actual Rows": 77549,
                                                            "Actual Loops": 1
                                                        },
                                                        {
                                                            "Worker Number": 3,
                                                            "Actual Startup Time": 150.378,
                                                            "Actual Total Time": 259.081,
                                                            "Actual Rows": 79297,
                                                            "Actual Loops": 1
                                                        },
                                                        {
                                                            "Worker Number": 4,
                                                            "Actual Startup Time": 150.554,
                                                            "Actual Total Time": 258.438,
                                                            "Actual Rows": 110807,
                                                            "Actual Loops": 1
                                                        },
                                                        {
                                                            "Worker Number": 5,
                                                            "Actual Startup Time": 150.798,
                                                            "Actual Total Time": 259.76,
                                                            "Actual Rows": 77311,
                                                            "Actual Loops": 1
                                                        }
                                                    ],
                                                    "Plans": [
                                                        {
                                                            "Node Type": "Seq Scan",
                                                            "Parent Relationship": "Outer",
                                                            "Parallel Aware": true,
                                                            "Relation Name": "movie_companies",
                                                            "Schema": "public",
                                                            "Alias": "mc",
                                                            "Startup Cost": 0.0,
                                                            "Total Cost": 29310.68,
                                                            "Plan Rows": 412551,
                                                            "Plan Width": 4,
                                                            "Actual Startup Time": 0.04,
                                                            "Actual Total Time": 56.689,
                                                            "Actual Rows": 182035,
                                                            "Actual Loops": 7,
                                                            "Output": [
                                                                "mc.id",
                                                                "mc.movie_id",
                                                                "mc.company_id",
                                                                "mc.company_type_id",
                                                                "mc.note"
                                                            ],
                                                            "Filter": "(mc.company_type_id = 1)",
                                                            "Rows Removed by Filter": 190698,
                                                            "Workers": [
                                                                {
                                                                    "Worker Number": 0,
                                                                    "Actual Startup Time": 0.045,
                                                                    "Actual Total Time": 57.664,
                                                                    "Actual Rows": 168302,
                                                                    "Actual Loops": 1
                                                                },
                                                                {
                                                                    "Worker Number": 1,
                                                                    "Actual Startup Time": 0.042,
                                                                    "Actual Total Time": 57.668,
                                                                    "Actual Rows": 168024,
                                                                    "Actual Loops": 1
                                                                },
                                                                {
                                                                    "Worker Number": 2,
                                                                    "Actual Startup Time": 0.037,
                                                                    "Actual Total Time": 58.203,
                                                                    "Actual Rows": 167829,
                                                                    "Actual Loops": 1
                                                                },
                                                                {
                                                                    "Worker Number": 3,
                                                                    "Actual Startup Time": 0.065,
                                                                    "Actual Total Time": 58.161,
                                                                    "Actual Rows": 171571,
                                                                    "Actual Loops": 1
                                                                },
                                                                {
                                                                    "Worker Number": 4,
                                                                    "Actual Startup Time": 0.03,
                                                                    "Actual Total Time": 54.875,
                                                                    "Actual Rows": 241674,
                                                                    "Actual Loops": 1
                                                                },
                                                                {
                                                                    "Worker Number": 5,
                                                                    "Actual Startup Time": 0.044,
                                                                    "Actual Total Time": 57.617,
                                                                    "Actual Rows": 168561,
                                                                    "Actual Loops": 1
                                                                }
                                                            ]
                                                        },
                                                        {
                                                            "Node Type": "Hash",
                                                            "Parent Relationship": "Inner",
                                                            "Parallel Aware": true,
                                                            "Startup Cost": 45479.21,
                                                            "Total Cost": 45479.21,
                                                            "Plan Rows": 185210,
                                                            "Plan Width": 4,
                                                            "Actual Startup Time": 148.599,
                                                            "Actual Total Time": 148.601,
                                                            "Actual Rows": 91891,
                                                            "Actual Loops": 7,
                                                            "Output": [
                                                                "t.id"
                                                            ],
                                                            "Hash Buckets": 1048576,
                                                            "Original Hash Buckets": 1048576,
                                                            "Hash Batches": 1,
                                                            "Original Hash Batches": 1,
                                                            "Peak Memory Usage": 33472,
                                                            "Workers": [
                                                                {
                                                                    "Worker Number": 0,
                                                                    "Actual Startup Time": 149.093,
                                                                    "Actual Total Time": 149.094,
                                                                    "Actual Rows": 84629,
                                                                    "Actual Loops": 1
                                                                },
                                                                {
                                                                    "Worker Number": 1,
                                                                    "Actual Startup Time": 149.079,
                                                                    "Actual Total Time": 149.081,
                                                                    "Actual Rows": 82079,
                                                                    "Actual Loops": 1
                                                                },
                                                                {
                                                                    "Worker Number": 2,
                                                                    "Actual Startup Time": 149.573,
                                                                    "Actual Total Time": 149.574,
                                                                    "Actual Rows": 81809,
                                                                    "Actual Loops": 1
                                                                },
                                                                {
                                                                    "Worker Number": 3,
                                                                    "Actual Startup Time": 150.235,
                                                                    "Actual Total Time": 150.237,
                                                                    "Actual Rows": 81445,
                                                                    "Actual Loops": 1
                                                                },
                                                                {
                                                                    "Worker Number": 4,
                                                                    "Actual Startup Time": 150.262,
                                                                    "Actual Total Time": 150.263,
                                                                    "Actual Rows": 117205,
                                                                    "Actual Loops": 1
                                                                },
                                                                {
                                                                    "Worker Number": 5,
                                                                    "Actual Startup Time": 150.473,
                                                                    "Actual Total Time": 150.475,
                                                                    "Actual Rows": 82509,
                                                                    "Actual Loops": 1
                                                                }
                                                            ],
                                                            "Plans": [
                                                                {
                                                                    "Node Type": "Seq Scan",
                                                                    "Parent Relationship": "Outer",
                                                                    "Parallel Aware": true,
                                                                    "Relation Name": "title",
                                                                    "Schema": "public",
                                                                    "Alias": "t",
                                                                    "Startup Cost": 0.0,
                                                                    "Total Cost": 45479.21,
                                                                    "Plan Rows": 185210,
                                                                    "Plan Width": 4,
                                                                    "Actual Startup Time": 0.052,
                                                                    "Actual Total Time": 91.894,
                                                                    "Actual Rows": 91891,
                                                                    "Actual Loops": 7,
                                                                    "Output": [
                                                                        "t.id"
                                                                    ],
                                                                    "Filter": "((t.kind_id < 7) AND (t.production_year > 1983))",
                                                                    "Rows Removed by Filter": 269296,
                                                                    "Workers": [
                                                                        {
                                                                            "Worker Number": 0,
                                                                            "Actual Startup Time": 0.054,
                                                                            "Actual Total Time": 93.771,
                                                                            "Actual Rows": 84629,
                                                                            "Actual Loops": 1
                                                                        },
                                                                        {
                                                                            "Worker Number": 1,
                                                                            "Actual Startup Time": 0.047,
                                                                            "Actual Total Time": 93.462,
                                                                            "Actual Rows": 82079,
                                                                            "Actual Loops": 1
                                                                        },
                                                                        {
                                                                            "Worker Number": 2,
                                                                            "Actual Startup Time": 0.065,
                                                                            "Actual Total Time": 93.311,
                                                                            "Actual Rows": 81809,
                                                                            "Actual Loops": 1
                                                                        },
                                                                        {
                                                                            "Worker Number": 3,
                                                                            "Actual Startup Time": 0.066,
                                                                            "Actual Total Time": 92.098,
                                                                            "Actual Rows": 81445,
                                                                            "Actual Loops": 1
                                                                        },
                                                                        {
                                                                            "Worker Number": 4,
                                                                            "Actual Startup Time": 0.063,
                                                                            "Actual Total Time": 90.283,
                                                                            "Actual Rows": 117205,
                                                                            "Actual Loops": 1
                                                                        },
                                                                        {
                                                                            "Worker Number": 5,
                                                                            "Actual Startup Time": 0.053,
                                                                            "Actual Total Time": 93.219,
                                                                            "Actual Rows": 82509,
                                                                            "Actual Loops": 1
                                                                        }
                                                                    ]
                                                                }
                                                            ]
                                                        }
                                                    ]
                                                }
                                            ]
                                        }
                                    ]
                                }
                            ]
                        }
                    ]
                }
            ]
        },
        "Planning Time": 273.582,
        "Triggers": [],
        "Execution Time": 2656.134
    }
]