[
  {
    "Plan": {
      "Node Type": "Aggregate",
      "Strategy": "Plain",
      "Partial Mode": "Finalize",
      "Parallel Aware": false,
      "Startup Cost": 75981.65,
      "Total Cost": 75981.66,
      "Plan Rows": 1,
      "Plan Width": 8,
      "Actual Startup Time": 225.126,
      "Actual Total Time": 239.931,
      "Actual Rows": 1,
      "Actual Loops": 1,
      "Plans": [
        {
          "Node Type": "Gather",
          "Parent Relationship": "Outer",
          "Parallel Aware": false,
          "Startup Cost": 75981.34,
          "Total Cost": 75981.65,
          "Plan Rows": 3,
          "Plan Width": 8,
          "Actual Startup Time": 223.647,
          "Actual Total Time": 239.921,
          "Actual Rows": 4,
          "Actual Loops": 1,
          "Workers Planned": 3,
          "Workers Launched": 3,
          "Single Copy": false,
          "Plans": [
            {
              "Node Type": "Aggregate",
              "Strategy": "Plain",
              "Partial Mode": "Partial",
              "Parent Relationship": "Outer",
              "Parallel Aware": false,
              "Startup Cost": 74981.34,
              "Total Cost": 74981.35,
              "Plan Rows": 1,
              "Plan Width": 8,
              "Actual Startup Time": 214.513,
              "Actual Total Time": 214.516,
              "Actual Rows": 1,
              "Actual Loops": 4,
              "Plans": [
                {
                  "Node Type": "Hash Join",
                  "Parent Relationship": "Outer",
                  "Parallel Aware": true,
                  "Join Type": "Inner",
                  "Startup Cost": 54145.82,
                  "Total Cost": 74922.19,
                  "Plan Rows": 23658,
                  "Plan Width": 0,
                  "Actual Startup Time": 151.617,
                  "Actual Total Time": 212.862,
                  "Actual Rows": 31258,
                  "Actual Loops": 4,
                  "Inner Unique": true,
                  "Hash Cond": "(mc.movie_id = t.id)",
                  "Plans": [
                    {
                      "Node Type": "Bitmap Heap Scan",
                      "Parent Relationship": "Outer",
                      "Parallel Aware": true,
                      "Relation Name": "movie_companies",
                      "Alias": "mc",
                      "Startup Cost": 8823.63,
                      "Total Cost": 29255.26,
                      "Plan Rows": 131330,
                      "Plan Width": 4,
                      "Actual Startup Time": 21.161,
                      "Actual Total Time": 53.107,
                      "Actual Rows": 100915,
                      "Actual Loops": 4,
                      "Recheck Cond": "(company_id < 258)",
                      "Rows Removed by Index Recheck": 0,
                      "Exact Heap Blocks": 6079,
                      "Lossy Heap Blocks": 0,
                      "Plans": [
                        {
                          "Node Type": "Bitmap Index Scan",
                          "Parent Relationship": "Outer",
                          "Parallel Aware": false,
                          "Index Name": "company_id_movie_companies",
                          "Startup Cost": 0.0,
                          "Total Cost": 8721.85,
                          "Plan Rows": 407123,
                          "Plan Width": 0,
                          "Actual Startup Time": 18.335,
                          "Actual Total Time": 18.336,
                          "Actual Rows": 403659,
                          "Actual Loops": 1,
                          "Index Cond": "(company_id < 258)"
                        }
                      ]
                    },
                    {
                      "Node Type": "Hash",
                      "Parent Relationship": "Inner",
                      "Parallel Aware": true,
                      "Startup Cost": 43898.92,
                      "Total Cost": 43898.92,
                      "Plan Rows": 113862,
                      "Plan Width": 4,
                      "Actual Startup Time": 126.904,
                      "Actual Total Time": 126.904,
                      "Actual Rows": 116391,
                      "Actual Loops": 4,
                      "Hash Buckets": 524288,
                      "Original Hash Buckets": 524288,
                      "Hash Batches": 1,
                      "Original Hash Batches": 1,
                      "Peak Memory Usage": 22368,
                      "Plans": [
                        {
                          "Node Type": "Seq Scan",
                          "Parent Relationship": "Outer",
                          "Parallel Aware": true,
                          "Relation Name": "title",
                          "Alias": "t",
                          "Startup Cost": 0.0,
                          "Total Cost": 43898.92,
                          "Plan Rows": 113862,
                          "Plan Width": 4,
                          "Actual Startup Time": 0.042,
                          "Actual Total Time": 92.342,
                          "Actual Rows": 116391,
                          "Actual Loops": 4,
                          "Filter": "(production_year < 1977)",
                          "Rows Removed by Filter": 515687
                        }
                      ]
                    }
                  ]
                }
              ]
            }
          ]
        }
      ]
    },
    "Planning Time": 0.695,
    "Triggers": [],
    "Execution Time": 240.021
  }
]