[
    {
        "Bao": {
            "Bao prediction": "NaN",
            "Bao recommended hint": "(no hint)"
        }
    },
    {
        "Plan": {
            "Node Type": "Aggregate",
            "Strategy": "Plain",
            "Partial Mode": "Finalize",
            "Parallel Aware": false,
            "Startup Cost": 32286.58,
            "Total Cost": 32286.59,
            "Plan Rows": 1,
            "Plan Width": 8,
            "Actual Startup Time": 101.799,
            "Actual Total Time": 108.498,
            "Actual Rows": 1,
            "Actual Loops": 1,
            "Output": [
                "count(*)"
            ],
            "Plans": [
                {
                    "Node Type": "Gather",
                    "Parent Relationship": "Outer",
                    "Parallel Aware": false,
                    "Startup Cost": 32286.26,
                    "Total Cost": 32286.57,
                    "Plan Rows": 3,
                    "Plan Width": 8,
                    "Actual Startup Time": 101.484,
                    "Actual Total Time": 108.49,
                    "Actual Rows": 4,
                    "Actual Loops": 1,
                    "Output": [
                        "(PARTIAL count(*))"
                    ],
                    "Workers Planned": 3,
                    "Workers Launched": 3,
                    "Single Copy": false,
                    "Plans": [
                        {
                            "Node Type": "Aggregate",
                            "Strategy": "Plain",
                            "Partial Mode": "Partial",
                            "Parent Relationship": "Outer",
                            "Parallel Aware": false,
                            "Startup Cost": 31286.26,
                            "Total Cost": 31286.27,
                            "Plan Rows": 1,
                            "Plan Width": 8,
                            "Actual Startup Time": 92.483,
                            "Actual Total Time": 92.484,
                            "Actual Rows": 1,
                            "Actual Loops": 4,
                            "Output": [
                                "PARTIAL count(*)"
                            ],
                            "Workers": [
                                {
                                    "Worker Number": 0,
                                    "Actual Startup Time": 89.595,
                                    "Actual Total Time": 89.597,
                                    "Actual Rows": 1,
                                    "Actual Loops": 1
                                },
                                {
                                    "Worker Number": 1,
                                    "Actual Startup Time": 89.645,
                                    "Actual Total Time": 89.647,
                                    "Actual Rows": 1,
                                    "Actual Loops": 1
                                },
                                {
                                    "Worker Number": 2,
                                    "Actual Startup Time": 89.864,
                                    "Actual Total Time": 89.865,
                                    "Actual Rows": 1,
                                    "Actual Loops": 1
                                }
                            ],
                            "Plans": [
                                {
                                    "Node Type": "Bitmap Heap Scan",
                                    "Parent Relationship": "Outer",
                                    "Parallel Aware": true,
                                    "Relation Name": "movie_keyword",
                                    "Schema": "public",
                                    "Alias": "mk",
                                    "Startup Cost": 5563.91,
                                    "Total Cost": 31074.87,
                                    "Plan Rows": 84557,
                                    "Plan Width": 0,
                                    "Actual Startup Time": 32.935,
                                    "Actual Total Time": 88.237,
                                    "Actual Rows": 64671,
                                    "Actual Loops": 4,
                                    "Recheck Cond": "(mk.keyword_id > 59469)",
                                    "Rows Removed by Index Recheck": 0,
                                    "Exact Heap Blocks": 11177,
                                    "Lossy Heap Blocks": 0,
                                    "Workers": [
                                        {
                                            "Worker Number": 0,
                                            "Actual Startup Time": 30.358,
                                            "Actual Total Time": 86.022,
                                            "Actual Rows": 39981,
                                            "Actual Loops": 1
                                        },
                                        {
                                            "Worker Number": 1,
                                            "Actual Startup Time": 30.058,
                                            "Actual Total Time": 86.099,
                                            "Actual Rows": 40652,
                                            "Actual Loops": 1
                                        },
                                        {
                                            "Worker Number": 2,
                                            "Actual Startup Time": 30.39,
                                            "Actual Total Time": 86.453,
                                            "Actual Rows": 42345,
                                            "Actual Loops": 1
                                        }
                                    ],
                                    "Plans": [
                                        {
                                            "Node Type": "Bitmap Index Scan",
                                            "Parent Relationship": "Outer",
                                            "Parallel Aware": false,
                                            "Index Name": "keyword_id_movie_keyword",
                                            "Startup Cost": 0.0,
                                            "Total Cost": 5498.38,
                                            "Plan Rows": 262126,
                                            "Plan Width": 0,
                                            "Actual Startup Time": 36.573,
                                            "Actual Total Time": 36.573,
                                            "Actual Rows": 258684,
                                            "Actual Loops": 1,
                                            "Index Cond": "(mk.keyword_id > 59469)"
                                        }
                                    ]
                                }
                            ]
                        }
                    ]
                }
            ]
        },
        "Planning Time": 217.849,
        "Triggers": [],
        "Execution Time": 108.608
    }
]