[
  {
    "Plan": {
      "Node Type": "Aggregate",
      "Strategy": "Plain",
      "Partial Mode": "Finalize",
      "Parallel Aware": false,
      "Startup Cost": 33172.83,
      "Total Cost": 33172.84,
      "Plan Rows": 1,
      "Plan Width": 8,
      "Actual Startup Time": 112.656,
      "Actual Total Time": 120.323,
      "Actual Rows": 1,
      "Actual Loops": 1,
      "Plans": [
        {
          "Node Type": "Gather",
          "Parent Relationship": "Outer",
          "Parallel Aware": false,
          "Startup Cost": 33172.52,
          "Total Cost": 33172.83,
          "Plan Rows": 3,
          "Plan Width": 8,
          "Actual Startup Time": 112.553,
          "Actual Total Time": 120.314,
          "Actual Rows": 4,
          "Actual Loops": 1,
          "Workers Planned": 3,
          "Workers Launched": 3,
          "Single Copy": false,
          "Plans": [
            {
              "Node Type": "Aggregate",
              "Strategy": "Plain",
              "Partial Mode": "Partial",
              "Parent Relationship": "Outer",
              "Parallel Aware": false,
              "Startup Cost": 32172.52,
              "Total Cost": 32172.53,
              "Plan Rows": 1,
              "Plan Width": 8,
              "Actual Startup Time": 104.305,
              "Actual Total Time": 104.306,
              "Actual Rows": 1,
              "Actual Loops": 4,
              "Plans": [
                {
                  "Node Type": "Seq Scan",
                  "Parent Relationship": "Outer",
                  "Parallel Aware": true,
                  "Relation Name": "movie_companies",
                  "Alias": "mc",
                  "Startup Cost": 0.0,
                  "Total Cost": 31414.82,
                  "Plan Rows": 303079,
                  "Plan Width": 0,
                  "Actual Startup Time": 49.989,
                  "Actual Total Time": 91.206,
                  "Actual Rows": 277930,
                  "Actual Loops": 4,
                  "Filter": "((company_id > 1471) AND (company_type_id > 1))",
                  "Rows Removed by Filter": 374353
                }
              ]
            }
          ]
        }
      ]
    },
    "Planning Time": 0.143,
    "Triggers": [],
    "Execution Time": 120.366
  }
]