{
  "Plan": {
    "Node Type": "Aggregate",
    "Strategy": "Plain",
    "Partial Mode": "Finalize",
    "Parallel Aware": false,
    "Startup Cost": 165179.1,
    "Total Cost": 165179.11,
    "Plan Rows": 1,
    "Plan Width": 8,
    "Actual Startup Time": 1265.112,
    "Actual Total Time": 1293.964,
    "Actual Rows": 1,
    "Actual Loops": 1,
    "Plans": [
      {
        "Node Type": "Gather",
        "Parent Relationship": "Outer",
        "Parallel Aware": false,
        "Startup Cost": 165178.99,
        "Total Cost": 165179.1,
        "Plan Rows": 1,
        "Plan Width": 8,
        "Actual Startup Time": 1256.611,
        "Actual Total Time": 1293.954,
        "Actual Rows": 2,
        "Actual Loops": 1,
        "Workers Planned": 1,
        "Workers Launched": 1,
        "Single Copy": false,
        "Plans": [
          {
            "Node Type": "Aggregate",
            "Strategy": "Plain",
            "Partial Mode": "Partial",
            "Parent Relationship": "Outer",
            "Parallel Aware": false,
            "Startup Cost": 164178.99,
            "Total Cost": 164179.0,
            "Plan Rows": 1,
            "Plan Width": 8,
            "Actual Startup Time": 1250.611,
            "Actual Total Time": 1250.624,
            "Actual Rows": 1,
            "Actual Loops": 2,
            "Plans": [
              {
                "Node Type": "Hash Join",
                "Parent Relationship": "Outer",
                "Parallel Aware": true,
                "Join Type": "Inner",
                "Startup Cost": 121387.35,
                "Total Cost": 163613.92,
                "Plan Rows": 226028,
                "Plan Width": 0,
                "Actual Startup Time": 992.091,
                "Actual Total Time": 1217.468,
                "Actual Rows": 684086,
                "Actual Loops": 2,
                "Inner Unique": false,
                "Hash Cond": "(mc.movie_id = t.id)",
                "Plans": [
                  {
                    "Node Type": "Seq Scan",
                    "Parent Relationship": "Outer",
                    "Parallel Aware": true,
                    "Relation Name": "movie_companies",
                    "Alias": "mc",
                    "Startup Cost": 0.0,
                    "Total Cost": 37974.77,
                    "Plan Rows": 779260,
                    "Plan Width": 4,
                    "Actual Startup Time": 55.242,
                    "Actual Total Time": 133.874,
                    "Actual Rows": 667442,
                    "Actual Loops": 2,
                    "Filter": "(company_type_id = 2)",
                    "Rows Removed by Filter": 637123
                  },
                  {
                    "Node Type": "Hash",
                    "Parent Relationship": "Inner",
                    "Parallel Aware": true,
                    "Startup Cost": 115995.12,
                    "Total Cost": 115995.12,
                    "Plan Rows": 431378,
                    "Plan Width": 8,
                    "Actual Startup Time": 916.734,
                    "Actual Total Time": 916.739,
                    "Actual Rows": 360894,
                    "Actual Loops": 2,
                    "Hash Buckets": 1048576,
                    "Original Hash Buckets": 1048576,
                    "Hash Batches": 1,
                    "Original Hash Batches": 1,
                    "Peak Memory Usage": 36480,
                    "Plans": [
                      {
                        "Node Type": "Hash Join",
                        "Parent Relationship": "Outer",
                        "Parallel Aware": true,
                        "Join Type": "Inner",
                        "Startup Cost": 85016.53,
                        "Total Cost": 115995.12,
                        "Plan Rows": 431378,
                        "Plan Width": 8,
                        "Actual Startup Time": 633.263,
                        "Actual Total Time": 827.125,
                        "Actual Rows": 360894,
                        "Actual Loops": 2,
                        "Inner Unique": true,
                        "Hash Cond": "(mk.movie_id = t.id)",
                        "Plans": [
                          {
                            "Node Type": "Bitmap Heap Scan",
                            "Parent Relationship": "Outer",
                            "Parallel Aware": true,
                            "Relation Name": "movie_keyword",
                            "Alias": "mk",
                            "Startup Cost": 15555.83,
                            "Total Cost": 45402.05,
                            "Plan Rows": 431378,
                            "Plan Width": 4,
                            "Actual Startup Time": 46.777,
                            "Actual Total Time": 137.542,
                            "Actual Rows": 360894,
                            "Actual Loops": 2,
                            "Recheck Cond": "(keyword_id > 25963)",
                            "Rows Removed by Index Recheck": 0,
                            "Exact Heap Blocks": 15332,
                            "Lossy Heap Blocks": 0,
                            "Plans": [
                              {
                                "Node Type": "Bitmap Index Scan",
                                "Parent Relationship": "Outer",
                                "Parallel Aware": false,
                                "Index Name": "keyword_id_movie_keyword",
                                "Startup Cost": 0.0,
                                "Total Cost": 15372.5,
                                "Plan Rows": 733342,
                                "Plan Width": 0,
                                "Actual Startup Time": 43.174,
                                "Actual Total Time": 43.174,
                                "Actual Rows": 721788,
                                "Actual Loops": 1,
                                "Index Cond": "(keyword_id > 25963)"
                              }
                            ]
                          },
                          {
                            "Node Type": "Hash",
                            "Parent Relationship": "Inner",
                            "Parallel Aware": true,
                            "Startup Cost": 50870.31,
                            "Total Cost": 50870.31,
                            "Plan Rows": 1487231,
                            "Plan Width": 4,
                            "Actual Startup Time": 571.288,
                            "Actual Total Time": 571.289,
                            "Actual Rows": 1264156,
                            "Actual Loops": 2,
                            "Hash Buckets": 4194304,
                            "Original Hash Buckets": 4194304,
                            "Hash Batches": 1,
                            "Original Hash Batches": 1,
                            "Peak Memory Usage": 131680,
                            "Plans": [
                              {
                                "Node Type": "Seq Scan",
                                "Parent Relationship": "Outer",
                                "Parallel Aware": true,
                                "Relation Name": "title",
                                "Alias": "t",
                                "Startup Cost": 0.0,
                                "Total Cost": 50870.31,
                                "Plan Rows": 1487231,
                                "Plan Width": 4,
                                "Actual Startup Time": 0.034,
                                "Actual Total Time": 176.411,
                                "Actual Rows": 1264156,
                                "Actual Loops": 2
                              }
                            ]
                          }
                        ]
                      }
                    ]
                  }
                ]
              }
            ]
          }
        ]
      }
    ]
  },
  "Planning Time": 0.872,
  "Triggers": [],
  "Execution Time": 1294.063
}