[
  {
    "Plan": {
      "Node Type": "Aggregate",
      "Strategy": "Plain",
      "Partial Mode": "Finalize",
      "Parallel Aware": false,
      "Startup Cost": 208347.6,
      "Total Cost": 208347.61,
      "Plan Rows": 1,
      "Plan Width": 8,
      "Actual Startup Time": 369.425,
      "Actual Total Time": 392.508,
      "Actual Rows": 1,
      "Actual Loops": 1,
      "Plans": [
        {
          "Node Type": "Gather",
          "Parent Relationship": "Outer",
          "Parallel Aware": false,
          "Startup Cost": 208347.29,
          "Total Cost": 208347.6,
          "Plan Rows": 3,
          "Plan Width": 8,
          "Actual Startup Time": 367.134,
          "Actual Total Time": 392.499,
          "Actual Rows": 4,
          "Actual Loops": 1,
          "Workers Planned": 3,
          "Workers Launched": 3,
          "Single Copy": false,
          "Plans": [
            {
              "Node Type": "Aggregate",
              "Strategy": "Plain",
              "Partial Mode": "Partial",
              "Parent Relationship": "Outer",
              "Parallel Aware": false,
              "Startup Cost": 207347.29,
              "Total Cost": 207347.3,
              "Plan Rows": 1,
              "Plan Width": 8,
              "Actual Startup Time": 357.746,
              "Actual Total Time": 357.753,
              "Actual Rows": 1,
              "Actual Loops": 4,
              "Plans": [
                {
                  "Node Type": "Nested Loop",
                  "Parent Relationship": "Outer",
                  "Parallel Aware": false,
                  "Join Type": "Inner",
                  "Startup Cost": 57464.04,
                  "Total Cost": 206736.81,
                  "Plan Rows": 244190,
                  "Plan Width": 0,
                  "Actual Startup Time": 203.756,
                  "Actual Total Time": 354.299,
                  "Actual Rows": 59152,
                  "Actual Loops": 4,
                  "Inner Unique": false,
                  "Plans": [
                    {
                      "Node Type": "Hash Join",
                      "Parent Relationship": "Outer",
                      "Parallel Aware": true,
                      "Join Type": "Inner",
                      "Startup Cost": 57463.6,
                      "Total Cost": 84122.24,
                      "Plan Rows": 44232,
                      "Plan Width": 8,
                      "Actual Startup Time": 203.673,
                      "Actual Total Time": 284.069,
                      "Actual Rows": 7014,
                      "Actual Loops": 4,
                      "Inner Unique": true,
                      "Hash Cond": "(mk.movie_id = t.id)",
                      "Plans": [
                        {
                          "Node Type": "Bitmap Heap Scan",
                          "Parent Relationship": "Outer",
                          "Parallel Aware": true,
                          "Relation Name": "movie_keyword",
                          "Alias": "mk",
                          "Startup Cost": 9586.34,
                          "Total Cost": 35862.35,
                          "Plan Rows": 145761,
                          "Plan Width": 4,
                          "Actual Startup Time": 29.926,
                          "Actual Total Time": 80.127,
                          "Actual Rows": 113332,
                          "Actual Loops": 4,
                          "Recheck Cond": "(keyword_id < 348)",
                          "Rows Removed by Index Recheck": 0,
                          "Exact Heap Blocks": 7181,
                          "Lossy Heap Blocks": 0,
                          "Plans": [
                            {
                              "Node Type": "Bitmap Index Scan",
                              "Parent Relationship": "Outer",
                              "Parallel Aware": false,
                              "Index Name": "keyword_id_movie_keyword",
                              "Startup Cost": 0.0,
                              "Total Cost": 9473.38,
                              "Plan Rows": 451859,
                              "Plan Width": 0,
                              "Actual Startup Time": 26.393,
                              "Actual Total Time": 26.394,
                              "Actual Rows": 453330,
                              "Actual Loops": 1,
                              "Index Cond": "(keyword_id < 348)"
                            }
                          ]
                        },
                        {
                          "Node Type": "Hash",
                          "Parent Relationship": "Inner",
                          "Parallel Aware": true,
                          "Startup Cost": 45479.59,
                          "Total Cost": 45479.59,
                          "Plan Rows": 191814,
                          "Plan Width": 4,
                          "Actual Startup Time": 168.503,
                          "Actual Total Time": 168.506,
                          "Actual Rows": 170570,
                          "Actual Loops": 4,
                          "Hash Buckets": 1048576,
                          "Original Hash Buckets": 1048576,
                          "Hash Batches": 1,
                          "Original Hash Batches": 1,
                          "Peak Memory Usage": 34976,
                          "Plans": [
                            {
                              "Node Type": "Seq Scan",
                              "Parent Relationship": "Outer",
                              "Parallel Aware": true,
                              "Relation Name": "title",
                              "Alias": "t",
                              "Startup Cost": 0.0,
                              "Total Cost": 45479.59,
                              "Plan Rows": 191814,
                              "Plan Width": 4,
                              "Actual Startup Time": 0.051,
                              "Actual Total Time": 101.208,
                              "Actual Rows": 170570,
                              "Actual Loops": 4,
                              "Filter": "((production_year < 2004) AND (kind_id = 7))",
                              "Rows Removed by Filter": 461508
                            }
                          ]
                        }
                      ]
                    },
                    {
                      "Node Type": "Index Scan",
                      "Parent Relationship": "Inner",
                      "Parallel Aware": false,
                      "Scan Direction": "Forward",
                      "Index Name": "movie_id_movie_info",
                      "Relation Name": "movie_info",
                      "Alias": "mi",
                      "Startup Cost": 0.43,
                      "Total Cost": 2.38,
                      "Plan Rows": 39,
                      "Plan Width": 4,
                      "Actual Startup Time": 0.004,
                      "Actual Total Time": 0.009,
                      "Actual Rows": 8,
                      "Actual Loops": 28058,
                      "Index Cond": "(movie_id = t.id)",
                      "Rows Removed by Index Recheck": 0,
                      "Filter": "(info_type_id < 98)",
                      "Rows Removed by Filter": 1
                    }
                  ]
                }
              ]
            }
          ]
        }
      ]
    },
    "Planning Time": 1.56,
    "Triggers": [],
    "Execution Time": 392.638
  }
]