{
  "Plan": {
    "Node Type": "Aggregate",
    "Strategy": "Plain",
    "Partial Mode": "Finalize",
    "Parallel Aware": false,
    "Startup Cost": 71622.41,
    "Total Cost": 71622.42,
    "Plan Rows": 1,
    "Plan Width": 8,
    "Actual Startup Time": 69.798,
    "Actual Total Time": 80.158,
    "Actual Rows": 1,
    "Actual Loops": 1,
    "Plans": [
      {
        "Node Type": "Gather",
        "Parent Relationship": "Outer",
        "Parallel Aware": false,
        "Startup Cost": 71622.3,
        "Total Cost": 71622.41,
        "Plan Rows": 1,
        "Plan Width": 8,
        "Actual Startup Time": 69.633,
        "Actual Total Time": 80.152,
        "Actual Rows": 2,
        "Actual Loops": 1,
        "Workers Planned": 1,
        "Workers Launched": 1,
        "Single Copy": false,
        "Plans": [
          {
            "Node Type": "Aggregate",
            "Strategy": "Plain",
            "Partial Mode": "Partial",
            "Parent Relationship": "Outer",
            "Parallel Aware": false,
            "Startup Cost": 70622.3,
            "Total Cost": 70622.31,
            "Plan Rows": 1,
            "Plan Width": 8,
            "Actual Startup Time": 63.811,
            "Actual Total Time": 63.813,
            "Actual Rows": 1,
            "Actual Loops": 2,
            "Plans": [
              {
                "Node Type": "Nested Loop",
                "Parent Relationship": "Outer",
                "Parallel Aware": false,
                "Join Type": "Inner",
                "Startup Cost": 600.46,
                "Total Cost": 70606.76,
                "Plan Rows": 6217,
                "Plan Width": 0,
                "Actual Startup Time": 19.43,
                "Actual Total Time": 63.364,
                "Actual Rows": 4078,
                "Actual Loops": 2,
                "Inner Unique": true,
                "Plans": [
                  {
                    "Node Type": "Bitmap Heap Scan",
                    "Parent Relationship": "Outer",
                    "Parallel Aware": true,
                    "Relation Name": "movie_companies",
                    "Alias": "mc",
                    "Startup Cost": 600.03,
                    "Total Cost": 20557.4,
                    "Plan Rows": 8286,
                    "Plan Width": 4,
                    "Actual Startup Time": 19.346,
                    "Actual Total Time": 26.041,
                    "Actual Rows": 7235,
                    "Actual Loops": 2,
                    "Recheck Cond": "(company_id = 27)",
                    "Rows Removed by Index Recheck": 0,
                    "Filter": "(company_type_id > 1)",
                    "Rows Removed by Filter": 6416,
                    "Exact Heap Blocks": 6307,
                    "Lossy Heap Blocks": 0,
                    "Plans": [
                      {
                        "Node Type": "Bitmap Index Scan",
                        "Parent Relationship": "Outer",
                        "Parallel Aware": false,
                        "Index Name": "company_id_movie_companies",
                        "Startup Cost": 0.0,
                        "Total Cost": 596.51,
                        "Plan Rows": 27744,
                        "Plan Width": 0,
                        "Actual Startup Time": 8.879,
                        "Actual Total Time": 8.88,
                        "Actual Rows": 27303,
                        "Actual Loops": 1,
                        "Index Cond": "(company_id = 27)"
                      }
                    ]
                  },
                  {
                    "Node Type": "Index Scan",
                    "Parent Relationship": "Inner",
                    "Parallel Aware": false,
                    "Scan Direction": "Forward",
                    "Index Name": "title_pkey",
                    "Relation Name": "title",
                    "Alias": "t",
                    "Startup Cost": 0.43,
                    "Total Cost": 6.04,
                    "Plan Rows": 1,
                    "Plan Width": 4,
                    "Actual Startup Time": 0.005,
                    "Actual Total Time": 0.005,
                    "Actual Rows": 1,
                    "Actual Loops": 14470,
                    "Index Cond": "(id = mc.movie_id)",
                    "Rows Removed by Index Recheck": 0,
                    "Filter": "(production_year > 1983)",
                    "Rows Removed by Filter": 0
                  }
                ]
              }
            ]
          }
        ]
      }
    ]
  },
  "Planning Time": 0.563,
  "Triggers": [],
  "Execution Time": 80.233
}