[
  {
    "Plan": {
      "Node Type": "Aggregate",
      "Strategy": "Plain",
      "Partial Mode": "Finalize",
      "Parallel Aware": false,
      "Startup Cost": 77630.75,
      "Total Cost": 77630.76,
      "Plan Rows": 1,
      "Plan Width": 8,
      "Actual Startup Time": 241.948,
      "Actual Total Time": 264.105,
      "Actual Rows": 1,
      "Actual Loops": 1,
      "Plans": [
        {
          "Node Type": "Gather",
          "Parent Relationship": "Outer",
          "Parallel Aware": false,
          "Startup Cost": 77630.43,
          "Total Cost": 77630.74,
          "Plan Rows": 3,
          "Plan Width": 8,
          "Actual Startup Time": 240.689,
          "Actual Total Time": 264.094,
          "Actual Rows": 4,
          "Actual Loops": 1,
          "Workers Planned": 3,
          "Workers Launched": 3,
          "Single Copy": false,
          "Plans": [
            {
              "Node Type": "Aggregate",
              "Strategy": "Plain",
              "Partial Mode": "Partial",
              "Parent Relationship": "Outer",
              "Parallel Aware": false,
              "Startup Cost": 76630.43,
              "Total Cost": 76630.44,
              "Plan Rows": 1,
              "Plan Width": 8,
              "Actual Startup Time": 231.444,
              "Actual Total Time": 231.448,
              "Actual Rows": 1,
              "Actual Loops": 4,
              "Plans": [
                {
                  "Node Type": "Hash Join",
                  "Parent Relationship": "Outer",
                  "Parallel Aware": true,
                  "Join Type": "Inner",
                  "Startup Cost": 44469.7,
                  "Total Cost": 76582.45,
                  "Plan Rows": 19193,
                  "Plan Width": 0,
                  "Actual Startup Time": 165.706,
                  "Actual Total Time": 230.28,
                  "Actual Rows": 21950,
                  "Actual Loops": 4,
                  "Inner Unique": true,
                  "Hash Cond": "(mc.movie_id = t.id)",
                  "Plans": [
                    {
                      "Node Type": "Seq Scan",
                      "Parent Relationship": "Outer",
                      "Parallel Aware": true,
                      "Relation Name": "movie_companies",
                      "Alias": "mc",
                      "Startup Cost": 0.0,
                      "Total Cost": 31414.82,
                      "Plan Rows": 265881,
                      "Plan Width": 4,
                      "Actual Startup Time": 37.115,
                      "Actual Total Time": 74.817,
                      "Actual Rows": 130261,
                      "Actual Loops": 4,
                      "Filter": "((company_id < 17072) AND (company_type_id = 2))",
                      "Rows Removed by Filter": 522022
                    },
                    {
                      "Node Type": "Hash",
                      "Parent Relationship": "Inner",
                      "Parallel Aware": true,
                      "Startup Cost": 43899.32,
                      "Total Cost": 43899.32,
                      "Plan Rows": 45630,
                      "Plan Width": 4,
                      "Actual Startup Time": 125.149,
                      "Actual Total Time": 125.15,
                      "Actual Rows": 48747,
                      "Actual Loops": 4,
                      "Hash Buckets": 262144,
                      "Original Hash Buckets": 262144,
                      "Hash Batches": 1,
                      "Original Hash Batches": 1,
                      "Peak Memory Usage": 9728,
                      "Plans": [
                        {
                          "Node Type": "Seq Scan",
                          "Parent Relationship": "Outer",
                          "Parallel Aware": true,
                          "Relation Name": "title",
                          "Alias": "t",
                          "Startup Cost": 0.0,
                          "Total Cost": 43899.32,
                          "Plan Rows": 45630,
                          "Plan Width": 4,
                          "Actual Startup Time": 0.088,
                          "Actual Total Time": 107.09,
                          "Actual Rows": 48747,
                          "Actual Loops": 4,
                          "Filter": "(production_year < 1955)",
                          "Rows Removed by Filter": 583331
                        }
                      ]
                    }
                  ]
                }
              ]
            }
          ]
        }
      ]
    },
    "Planning Time": 0.72,
    "Triggers": [],
    "Execution Time": 264.182
  }
]