[
  {
    "Plan": {
      "Node Type": "Aggregate",
      "Strategy": "Plain",
      "Partial Mode": "Finalize",
      "Parallel Aware": false,
      "Startup Cost": 341922.15,
      "Total Cost": 341922.16,
      "Plan Rows": 1,
      "Plan Width": 8,
      "Actual Startup Time": 350.816,
      "Actual Total Time": 407.283,
      "Actual Rows": 1,
      "Actual Loops": 1,
      "Plans": [
        {
          "Node Type": "Gather",
          "Parent Relationship": "Outer",
          "Parallel Aware": false,
          "Startup Cost": 341921.73,
          "Total Cost": 341922.14,
          "Plan Rows": 4,
          "Plan Width": 8,
          "Actual Startup Time": 350.687,
          "Actual Total Time": 407.275,
          "Actual Rows": 5,
          "Actual Loops": 1,
          "Workers Planned": 4,
          "Workers Launched": 4,
          "Single Copy": false,
          "Plans": [
            {
              "Node Type": "Aggregate",
              "Strategy": "Plain",
              "Partial Mode": "Partial",
              "Parent Relationship": "Outer",
              "Parallel Aware": false,
              "Startup Cost": 340921.73,
              "Total Cost": 340921.74,
              "Plan Rows": 1,
              "Plan Width": 8,
              "Actual Startup Time": 340.772,
              "Actual Total Time": 340.773,
              "Actual Rows": 1,
              "Actual Loops": 5,
              "Plans": [
                {
                  "Node Type": "Nested Loop",
                  "Parent Relationship": "Outer",
                  "Parallel Aware": false,
                  "Join Type": "Inner",
                  "Startup Cost": 0.56,
                  "Total Cost": 340849.45,
                  "Plan Rows": 28909,
                  "Plan Width": 0,
                  "Actual Startup Time": 0.334,
                  "Actual Total Time": 338.532,
                  "Actual Rows": 24429,
                  "Actual Loops": 5,
                  "Inner Unique": false,
                  "Plans": [
                    {
                      "Node Type": "Seq Scan",
                      "Parent Relationship": "Outer",
                      "Parallel Aware": true,
                      "Relation Name": "title",
                      "Alias": "t",
                      "Startup Cost": 0.0,
                      "Total Cost": 43898.92,
                      "Plan Rows": 9039,
                      "Plan Width": 4,
                      "Actual Startup Time": 0.048,
                      "Actual Total Time": 60.983,
                      "Actual Rows": 7287,
                      "Actual Loops": 5,
                      "Filter": "(production_year = 1995)",
                      "Rows Removed by Filter": 498375
                    },
                    {
                      "Node Type": "Index Scan",
                      "Parent Relationship": "Inner",
                      "Parallel Aware": false,
                      "Scan Direction": "Forward",
                      "Index Name": "movie_id_cast_info",
                      "Relation Name": "cast_info",
                      "Alias": "ci",
                      "Startup Cost": 0.56,
                      "Total Cost": 32.77,
                      "Plan Rows": 8,
                      "Plan Width": 4,
                      "Actual Startup Time": 0.01,
                      "Actual Total Time": 0.037,
                      "Actual Rows": 3,
                      "Actual Loops": 36437,
                      "Index Cond": "(movie_id = t.id)",
                      "Rows Removed by Index Recheck": 0,
                      "Filter": "(person_id < 805894)",
                      "Rows Removed by Filter": 11
                    }
                  ]
                }
              ]
            }
          ]
        }
      ]
    },
    "Planning Time": 0.548,
    "Triggers": [],
    "Execution Time": 407.367
  }
]