[
  {
    "Plan": {
      "Node Type": "Aggregate",
      "Strategy": "Plain",
      "Partial Mode": "Finalize",
      "Parallel Aware": false,
      "Startup Cost": 46670.34,
      "Total Cost": 46670.35,
      "Plan Rows": 1,
      "Plan Width": 8,
      "Actual Startup Time": 161.288,
      "Actual Total Time": 171.366,
      "Actual Rows": 1,
      "Actual Loops": 1,
      "Plans": [
        {
          "Node Type": "Gather",
          "Parent Relationship": "Outer",
          "Parallel Aware": false,
          "Startup Cost": 46670.02,
          "Total Cost": 46670.33,
          "Plan Rows": 3,
          "Plan Width": 8,
          "Actual Startup Time": 161.158,
          "Actual Total Time": 171.356,
          "Actual Rows": 4,
          "Actual Loops": 1,
          "Workers Planned": 3,
          "Workers Launched": 3,
          "Single Copy": false,
          "Plans": [
            {
              "Node Type": "Aggregate",
              "Strategy": "Plain",
              "Partial Mode": "Partial",
              "Parent Relationship": "Outer",
              "Parallel Aware": false,
              "Startup Cost": 45670.02,
              "Total Cost": 45670.03,
              "Plan Rows": 1,
              "Plan Width": 8,
              "Actual Startup Time": 156.824,
              "Actual Total Time": 156.825,
              "Actual Rows": 1,
              "Actual Loops": 4,
              "Plans": [
                {
                  "Node Type": "Seq Scan",
                  "Parent Relationship": "Outer",
                  "Parallel Aware": true,
                  "Relation Name": "movie_keyword",
                  "Alias": "mk",
                  "Startup Cost": 0.0,
                  "Total Cost": 42695.65,
                  "Plan Rows": 1189746,
                  "Plan Width": 0,
                  "Actual Startup Time": 0.036,
                  "Actual Total Time": 118.147,
                  "Actual Rows": 925318,
                  "Actual Loops": 4,
                  "Filter": "(keyword_id < 22322)",
                  "Rows Removed by Filter": 205665
                }
              ]
            }
          ]
        }
      ]
    },
    "Planning Time": 0.18,
    "Triggers": [],
    "Execution Time": 171.429
  }
]