[
  {
    "Plan": {
      "Node Type": "Aggregate",
      "Strategy": "Plain",
      "Partial Mode": "Finalize",
      "Parallel Aware": false,
      "Startup Cost": 82246.55,
      "Total Cost": 82246.56,
      "Plan Rows": 1,
      "Plan Width": 8,
      "Actual Startup Time": 374.808,
      "Actual Total Time": 390.471,
      "Actual Rows": 1,
      "Actual Loops": 1,
      "Plans": [
        {
          "Node Type": "Gather",
          "Parent Relationship": "Outer",
          "Parallel Aware": false,
          "Startup Cost": 82246.23,
          "Total Cost": 82246.54,
          "Plan Rows": 3,
          "Plan Width": 8,
          "Actual Startup Time": 369.445,
          "Actual Total Time": 390.459,
          "Actual Rows": 4,
          "Actual Loops": 1,
          "Workers Planned": 3,
          "Workers Launched": 3,
          "Single Copy": false,
          "Plans": [
            {
              "Node Type": "Aggregate",
              "Strategy": "Plain",
              "Partial Mode": "Partial",
              "Parent Relationship": "Outer",
              "Parallel Aware": false,
              "Startup Cost": 81246.23,
              "Total Cost": 81246.24,
              "Plan Rows": 1,
              "Plan Width": 8,
              "Actual Startup Time": 357.05,
              "Actual Total Time": 357.054,
              "Actual Rows": 1,
              "Actual Loops": 4,
              "Plans": [
                {
                  "Node Type": "Hash Join",
                  "Parent Relationship": "Outer",
                  "Parallel Aware": true,
                  "Join Type": "Inner",
                  "Startup Cost": 55492.28,
                  "Total Cost": 81125.74,
                  "Plan Rows": 48197,
                  "Plan Width": 0,
                  "Actual Startup Time": 285.212,
                  "Actual Total Time": 355.746,
                  "Actual Rows": 19074,
                  "Actual Loops": 4,
                  "Inner Unique": true,
                  "Hash Cond": "(mk.movie_id = t.id)",
                  "Plans": [
                    {
                      "Node Type": "Bitmap Heap Scan",
                      "Parent Relationship": "Outer",
                      "Parallel Aware": true,
                      "Relation Name": "movie_keyword",
                      "Alias": "mk",
                      "Startup Cost": 5129.91,
                      "Total Cost": 30558.66,
                      "Plan Rows": 77980,
                      "Plan Width": 4,
                      "Actual Startup Time": 17.083,
                      "Actual Total Time": 61.971,
                      "Actual Rows": 61298,
                      "Actual Loops": 4,
                      "Recheck Cond": "(keyword_id < 212)",
                      "Rows Removed by Index Recheck": 0,
                      "Exact Heap Blocks": 6646,
                      "Lossy Heap Blocks": 0,
                      "Plans": [
                        {
                          "Node Type": "Bitmap Index Scan",
                          "Parent Relationship": "Outer",
                          "Parallel Aware": false,
                          "Index Name": "keyword_id_movie_keyword",
                          "Startup Cost": 0.0,
                          "Total Cost": 5069.47,
                          "Plan Rows": 241739,
                          "Plan Width": 0,
                          "Actual Startup Time": 13.433,
                          "Actual Total Time": 13.433,
                          "Actual Rows": 245191,
                          "Actual Loops": 1,
                          "Index Cond": "(keyword_id < 212)"
                        }
                      ]
                    },
                    {
                      "Node Type": "Hash",
                      "Parent Relationship": "Inner",
                      "Parallel Aware": true,
                      "Startup Cost": 45479.1,
                      "Total Cost": 45479.1,
                      "Plan Rows": 390662,
                      "Plan Width": 4,
                      "Actual Startup Time": 260.154,
                      "Actual Total Time": 260.155,
                      "Actual Rows": 386758,
                      "Actual Loops": 4,
                      "Hash Buckets": 2097152,
                      "Original Hash Buckets": 2097152,
                      "Hash Batches": 1,
                      "Original Hash Batches": 1,
                      "Peak Memory Usage": 76960,
                      "Plans": [
                        {
                          "Node Type": "Seq Scan",
                          "Parent Relationship": "Outer",
                          "Parallel Aware": true,
                          "Relation Name": "title",
                          "Alias": "t",
                          "Startup Cost": 0.0,
                          "Total Cost": 45479.1,
                          "Plan Rows": 390662,
                          "Plan Width": 4,
                          "Actual Startup Time": 0.037,
                          "Actual Total Time": 114.936,
                          "Actual Rows": 386758,
                          "Actual Loops": 4,
                          "Filter": "((kind_id > 2) AND (production_year < 2012))",
                          "Rows Removed by Filter": 245320
                        }
                      ]
                    }
                  ]
                }
              ]
            }
          ]
        }
      ]
    },
    "Planning Time": 0.608,
    "Triggers": [],
    "Execution Time": 390.562
  }
]