[
  {
    "Plan": {
      "Node Type": "Aggregate",
      "Strategy": "Plain",
      "Partial Mode": "Simple",
      "Parallel Aware": false,
      "Startup Cost": 191728.79,
      "Total Cost": 191728.8,
      "Plan Rows": 1,
      "Plan Width": 64,
      "Actual Startup Time": 3265.015,
      "Actual Total Time": 3265.019,
      "Actual Rows": 1,
      "Actual Loops": 1,
      "Output": [
        "min(chn.name)",
        "min(t.title)"
      ],
      "Plans": [
        {
          "Node Type": "Hash Join",
          "Parent Relationship": "Outer",
          "Parallel Aware": false,
          "Join Type": "Inner",
          "Startup Cost": 6983.01,
          "Total Cost": 191640.77,
          "Plan Rows": 17604,
          "Plan Width": 33,
          "Actual Startup Time": 100.985,
          "Actual Total Time": 3259.027,
          "Actual Rows": 35982,
          "Actual Loops": 1,
          "Output": [
            "chn.name",
            "t.title"
          ],
          "Inner Unique": true,
          "Hash Cond": "(mc.company_type_id = ct.id)",
          "Plans": [
            {
              "Node Type": "Hash Join",
              "Parent Relationship": "Outer",
              "Parallel Aware": false,
              "Join Type": "Inner",
              "Startup Cost": 6981.92,
              "Total Cost": 191544.51,
              "Plan Rows": 17604,
              "Plan Width": 37,
              "Actual Startup Time": 100.926,
              "Actual Total Time": 3251.588,
              "Actual Rows": 35982,
              "Actual Loops": 1,
              "Output": [
                "chn.name",
                "mc.company_type_id",
                "t.title"
              ],
              "Inner Unique": true,
              "Hash Cond": "(mc.company_id = cn.id)",
              "Plans": [
                {
                  "Node Type": "Nested Loop",
                  "Parent Relationship": "Outer",
                  "Parallel Aware": false,
                  "Join Type": "Inner",
                  "Startup Cost": 1.85,
                  "Total Cost": 184434.87,
                  "Plan Rows": 49362,
                  "Plan Width": 41,
                  "Actual Startup Time": 2.591,
                  "Actual Total Time": 3127.31,
                  "Actual Rows": 91144,
                  "Actual Loops": 1,
                  "Output": [
                    "chn.name",
                    "mc.company_id",
                    "mc.company_type_id",
                    "t.title"
                  ],
                  "Inner Unique": false,
                  "Join Filter": "(t.id = mc.movie_id)",
                  "Rows Removed by Join Filter": 0,
                  "Plans": [
                    {
                      "Node Type": "Nested Loop",
                      "Parent Relationship": "Outer",
                      "Parallel Aware": false,
                      "Join Type": "Inner",
                      "Startup Cost": 1.42,
                      "Total Cost": 183104.13,
                      "Plan Rows": 1867,
                      "Plan Width": 41,
                      "Actual Startup Time": 2.492,
                      "Actual Total Time": 2908.339,
                      "Actual Rows": 47376,
                      "Actual Loops": 1,
                      "Output": [
                        "chn.name",
                        "ci.movie_id",
                        "t.title",
                        "t.id"
                      ],
                      "Inner Unique": true,
                      "Plans": [
                        {
                          "Node Type": "Nested Loop",
                          "Parent Relationship": "Outer",
                          "Parallel Aware": false,
                          "Join Type": "Inner",
                          "Startup Cost": 0.99,
                          "Total Cost": 170569.37,
                          "Plan Rows": 18677,
                          "Plan Width": 29,
                          "Actual Startup Time": 2.334,
                          "Actual Total Time": 2667.462,
                          "Actual Rows": 51412,
                          "Actual Loops": 1,
                          "Output": [
                            "ci.movie_id",
                            "ci.person_role_id",
                            "t.title",
                            "t.id"
                          ],
                          "Inner Unique": true,
                          "Plans": [
                            {
                              "Node Type": "Nested Loop",
                              "Parent Relationship": "Outer",
                              "Parallel Aware": false,
                              "Join Type": "Inner",
                              "Startup Cost": 0.56,
                              "Total Cost": 123585.19,
                              "Plan Rows": 71075,
                              "Plan Width": 8,
                              "Actual Startup Time": 0.626,
                              "Actual Total Time": 1716.622,
                              "Actual Rows": 242123,
                              "Actual Loops": 1,
                              "Output": [
                                "ci.movie_id",
                                "ci.person_role_id"
                              ],
                              "Inner Unique": false,
                              "Plans": [
                                {
                                  "Node Type": "Seq Scan",
                                  "Parent Relationship": "Outer",
                                  "Parallel Aware": false,
                                  "Relation Name": "role_type",
                                  "Schema": "public",
                                  "Alias": "rt",
                                  "Startup Cost": 0.0,
                                  "Total Cost": 1.15,
                                  "Plan Rows": 1,
                                  "Plan Width": 4,
                                  "Actual Startup Time": 0.013,
                                  "Actual Total Time": 0.018,
                                  "Actual Rows": 1,
                                  "Actual Loops": 1,
                                  "Output": [
                                    "rt.id",
                                    "rt.role"
                                  ],
                                  "Filter": "((rt.role)::text = 'actress'::text)",
                                  "Rows Removed by Filter": 11
                                },
                                {
                                  "Node Type": "Index Scan",
                                  "Parent Relationship": "Inner",
                                  "Parallel Aware": false,
                                  "Scan Direction": "Forward",
                                  "Index Name": "role_id_cast_info",
                                  "Relation Name": "cast_info",
                                  "Schema": "public",
                                  "Alias": "ci",
                                  "Startup Cost": 0.56,
                                  "Total Cost": 122808.68,
                                  "Plan Rows": 77536,
                                  "Plan Width": 12,
                                  "Actual Startup Time": 0.609,
                                  "Actual Total Time": 1691.646,
                                  "Actual Rows": 242123,
                                  "Actual Loops": 1,
                                  "Output": [
                                    "ci.id",
                                    "ci.person_id",
                                    "ci.movie_id",
                                    "ci.person_role_id",
                                    "ci.note",
                                    "ci.nr_order",
                                    "ci.role_id"
                                  ],
                                  "Index Cond": "(ci.role_id = rt.id)",
                                  "Rows Removed by Index Recheck": 0,
                                  "Filter": "(ci.note ~~ '%(voice)%'::text)",
                                  "Rows Removed by Filter": 7209850
                                }
                              ]
                            },
                            {
                              "Node Type": "Index Scan",
                              "Parent Relationship": "Inner",
                              "Parallel Aware": false,
                              "Scan Direction": "Forward",
                              "Index Name": "title_pkey",
                              "Relation Name": "title",
                              "Schema": "public",
                              "Alias": "t",
                              "Startup Cost": 0.43,
                              "Total Cost": 0.66,
                              "Plan Rows": 1,
                              "Plan Width": 21,
                              "Actual Startup Time": 0.004,
                              "Actual Total Time": 0.004,
                              "Actual Rows": 0,
                              "Actual Loops": 242123,
                              "Output": [
                                "t.id",
                                "t.title",
                                "t.imdb_index",
                                "t.kind_id",
                                "t.production_year",
                                "t.imdb_id",
                                "t.phonetic_code",
                                "t.episode_of_id",
                                "t.season_nr",
                                "t.episode_nr",
                                "t.series_years",
                                "t.md5sum"
                              ],
                              "Index Cond": "(t.id = ci.movie_id)",
                              "Rows Removed by Index Recheck": 0,
                              "Filter": "(t.production_year > 2008)",
                              "Rows Removed by Filter": 1
                            }
                          ]
                        },
                        {
                          "Node Type": "Index Scan",
                          "Parent Relationship": "Inner",
                          "Parallel Aware": false,
                          "Scan Direction": "Forward",
                          "Index Name": "char_name_pkey",
                          "Relation Name": "char_name",
                          "Schema": "public",
                          "Alias": "chn",
                          "Startup Cost": 0.43,
                          "Total Cost": 0.67,
                          "Plan Rows": 1,
                          "Plan Width": 20,
                          "Actual Startup Time": 0.004,
                          "Actual Total Time": 0.004,
                          "Actual Rows": 1,
                          "Actual Loops": 51412,
                          "Output": [
                            "chn.id",
                            "chn.name",
                            "chn.imdb_index",
                            "chn.imdb_id",
                            "chn.name_pcode_nf",
                            "chn.surname_pcode",
                            "chn.md5sum"
                          ],
                          "Index Cond": "(chn.id = ci.person_role_id)",
                          "Rows Removed by Index Recheck": 0
                        }
                      ]
                    },
                    {
                      "Node Type": "Index Scan",
                      "Parent Relationship": "Inner",
                      "Parallel Aware": false,
                      "Scan Direction": "Forward",
                      "Index Name": "movie_id_movie_companies",
                      "Relation Name": "movie_companies",
                      "Schema": "public",
                      "Alias": "mc",
                      "Startup Cost": 0.43,
                      "Total Cost": 0.65,
                      "Plan Rows": 5,
                      "Plan Width": 12,
                      "Actual Startup Time": 0.003,
                      "Actual Total Time": 0.004,
                      "Actual Rows": 2,
                      "Actual Loops": 47376,
                      "Output": [
                        "mc.id",
                        "mc.movie_id",
                        "mc.company_id",
                        "mc.company_type_id",
                        "mc.note"
                      ],
                      "Index Cond": "(mc.movie_id = ci.movie_id)",
                      "Rows Removed by Index Recheck": 0
                    }
                  ]
                },
                {
                  "Node Type": "Hash",
                  "Parent Relationship": "Inner",
                  "Parallel Aware": false,
                  "Startup Cost": 5932.46,
                  "Total Cost": 5932.46,
                  "Plan Rows": 83808,
                  "Plan Width": 4,
                  "Actual Startup Time": 97.337,
                  "Actual Total Time": 97.338,
                  "Actual Rows": 84843,
                  "Actual Loops": 1,
                  "Output": [
                    "cn.id"
                  ],
                  "Hash Buckets": 131072,
                  "Original Hash Buckets": 131072,
                  "Hash Batches": 1,
                  "Original Hash Batches": 1,
                  "Peak Memory Usage": 4007,
                  "Plans": [
                    {
                      "Node Type": "Seq Scan",
                      "Parent Relationship": "Outer",
                      "Parallel Aware": false,
                      "Relation Name": "company_name",
                      "Schema": "public",
                      "Alias": "cn",
                      "Startup Cost": 0.0,
                      "Total Cost": 5932.46,
                      "Plan Rows": 83808,
                      "Plan Width": 4,
                      "Actual Startup Time": 0.044,
                      "Actual Total Time": 75.036,
                      "Actual Rows": 84843,
                      "Actual Loops": 1,
                      "Output": [
                        "cn.id"
                      ],
                      "Filter": "((cn.country_code)::text = '[us]'::text)",
                      "Rows Removed by Filter": 150154
                    }
                  ]
                }
              ]
            },
            {
              "Node Type": "Hash",
              "Parent Relationship": "Inner",
              "Parallel Aware": false,
              "Startup Cost": 1.04,
              "Total Cost": 1.04,
              "Plan Rows": 4,
              "Plan Width": 4,
              "Actual Startup Time": 0.022,
              "Actual Total Time": 0.022,
              "Actual Rows": 4,
              "Actual Loops": 1,
              "Output": [
                "ct.id"
              ],
              "Hash Buckets": 1024,
              "Original Hash Buckets": 1024,
              "Hash Batches": 1,
              "Original Hash Batches": 1,
              "Peak Memory Usage": 9,
              "Plans": [
                {
                  "Node Type": "Seq Scan",
                  "Parent Relationship": "Outer",
                  "Parallel Aware": false,
                  "Relation Name": "company_type",
                  "Schema": "public",
                  "Alias": "ct",
                  "Startup Cost": 0.0,
                  "Total Cost": 1.04,
                  "Plan Rows": 4,
                  "Plan Width": 4,
                  "Actual Startup Time": 0.016,
                  "Actual Total Time": 0.017,
                  "Actual Rows": 4,
                  "Actual Loops": 1,
                  "Output": [
                    "ct.id"
                  ]
                }
              ]
            }
          ]
        }
      ]
    },
    "Planning Time": 76171.626,
    "Triggers": [],
    "Execution Time": 3265.39
  }
]