[
  {
    "Plan": {
      "Node Type": "Aggregate",
      "Strategy": "Plain",
      "Partial Mode": "Finalize",
      "Parallel Aware": false,
      "Startup Cost": 46084.63,
      "Total Cost": 46084.64,
      "Plan Rows": 1,
      "Plan Width": 8,
      "Actual Startup Time": 159.916,
      "Actual Total Time": 169.101,
      "Actual Rows": 1,
      "Actual Loops": 1,
      "Plans": [
        {
          "Node Type": "Gather",
          "Parent Relationship": "Outer",
          "Parallel Aware": false,
          "Startup Cost": 46084.31,
          "Total Cost": 46084.62,
          "Plan Rows": 3,
          "Plan Width": 8,
          "Actual Startup Time": 159.786,
          "Actual Total Time": 169.092,
          "Actual Rows": 4,
          "Actual Loops": 1,
          "Workers Planned": 3,
          "Workers Launched": 3,
          "Single Copy": false,
          "Plans": [
            {
              "Node Type": "Aggregate",
              "Strategy": "Plain",
              "Partial Mode": "Partial",
              "Parent Relationship": "Outer",
              "Parallel Aware": false,
              "Startup Cost": 45084.31,
              "Total Cost": 45084.32,
              "Plan Rows": 1,
              "Plan Width": 8,
              "Actual Startup Time": 151.535,
              "Actual Total Time": 151.536,
              "Actual Rows": 1,
              "Actual Loops": 4,
              "Plans": [
                {
                  "Node Type": "Seq Scan",
                  "Parent Relationship": "Outer",
                  "Parallel Aware": true,
                  "Relation Name": "movie_keyword",
                  "Alias": "mk",
                  "Startup Cost": 0.0,
                  "Total Cost": 42695.65,
                  "Plan Rows": 955462,
                  "Plan Width": 0,
                  "Actual Startup Time": 0.059,
                  "Actual Total Time": 118.63,
                  "Actual Rows": 738013,
                  "Actual Loops": 4,
                  "Filter": "(keyword_id < 9980)",
                  "Rows Removed by Filter": 392970
                }
              ]
            }
          ]
        }
      ]
    },
    "Planning Time": 0.158,
    "Triggers": [],
    "Execution Time": 169.15
  }
]