[
  {
    "Plan": {
      "Node Type": "Aggregate",
      "Strategy": "Plain",
      "Partial Mode": "Finalize",
      "Parallel Aware": false,
      "Startup Cost": 46000.34,
      "Total Cost": 46000.35,
      "Plan Rows": 1,
      "Plan Width": 8,
      "Actual Startup Time": 157.088,
      "Actual Total Time": 166.685,
      "Actual Rows": 1,
      "Actual Loops": 1,
      "Plans": [
        {
          "Node Type": "Gather",
          "Parent Relationship": "Outer",
          "Parallel Aware": false,
          "Startup Cost": 46000.02,
          "Total Cost": 46000.33,
          "Plan Rows": 3,
          "Plan Width": 8,
          "Actual Startup Time": 156.964,
          "Actual Total Time": 166.675,
          "Actual Rows": 4,
          "Actual Loops": 1,
          "Workers Planned": 3,
          "Workers Launched": 3,
          "Single Copy": false,
          "Plans": [
            {
              "Node Type": "Aggregate",
              "Strategy": "Plain",
              "Partial Mode": "Partial",
              "Parent Relationship": "Outer",
              "Parallel Aware": false,
              "Startup Cost": 45000.02,
              "Total Cost": 45000.03,
              "Plan Rows": 1,
              "Plan Width": 8,
              "Actual Startup Time": 149.813,
              "Actual Total Time": 149.814,
              "Actual Rows": 1,
              "Actual Loops": 4,
              "Plans": [
                {
                  "Node Type": "Seq Scan",
                  "Parent Relationship": "Outer",
                  "Parallel Aware": true,
                  "Relation Name": "movie_keyword",
                  "Alias": "mk",
                  "Startup Cost": 0.0,
                  "Total Cost": 42695.65,
                  "Plan Rows": 921747,
                  "Plan Width": 0,
                  "Actual Startup Time": 0.056,
                  "Actual Total Time": 117.934,
                  "Actual Rows": 712799,
                  "Actual Loops": 4,
                  "Filter": "(keyword_id < 8708)",
                  "Rows Removed by Filter": 418184
                }
              ]
            }
          ]
        }
      ]
    },
    "Planning Time": 0.187,
    "Triggers": [],
    "Execution Time": 166.741
  }
]