[
  {
    "Plan": {
      "Node Type": "Aggregate",
      "Strategy": "Plain",
      "Partial Mode": "Finalize",
      "Parallel Aware": false,
      "Startup Cost": 86593.56,
      "Total Cost": 86593.57,
      "Plan Rows": 1,
      "Plan Width": 8,
      "Actual Startup Time": 177.977,
      "Actual Total Time": 185.975,
      "Actual Rows": 1,
      "Actual Loops": 1,
      "Plans": [
        {
          "Node Type": "Gather",
          "Parent Relationship": "Outer",
          "Parallel Aware": false,
          "Startup Cost": 86593.24,
          "Total Cost": 86593.55,
          "Plan Rows": 3,
          "Plan Width": 8,
          "Actual Startup Time": 176.578,
          "Actual Total Time": 185.968,
          "Actual Rows": 4,
          "Actual Loops": 1,
          "Workers Planned": 3,
          "Workers Launched": 3,
          "Single Copy": false,
          "Plans": [
            {
              "Node Type": "Aggregate",
              "Strategy": "Plain",
              "Partial Mode": "Partial",
              "Parent Relationship": "Outer",
              "Parallel Aware": false,
              "Startup Cost": 85593.24,
              "Total Cost": 85593.25,
              "Plan Rows": 1,
              "Plan Width": 8,
              "Actual Startup Time": 171.75,
              "Actual Total Time": 171.755,
              "Actual Rows": 1,
              "Actual Loops": 4,
              "Plans": [
                {
                  "Node Type": "Nested Loop",
                  "Parent Relationship": "Outer",
                  "Parallel Aware": false,
                  "Join Type": "Inner",
                  "Startup Cost": 51681.57,
                  "Total Cost": 85575.26,
                  "Plan Rows": 7192,
                  "Plan Width": 0,
                  "Actual Startup Time": 123.224,
                  "Actual Total Time": 171.684,
                  "Actual Rows": 1030,
                  "Actual Loops": 4,
                  "Inner Unique": false,
                  "Plans": [
                    {
                      "Node Type": "Hash Join",
                      "Parent Relationship": "Outer",
                      "Parallel Aware": true,
                      "Join Type": "Inner",
                      "Startup Cost": 51681.14,
                      "Total Cost": 77230.87,
                      "Plan Rows": 13176,
                      "Plan Width": 8,
                      "Actual Startup Time": 123.157,
                      "Actual Total Time": 169.564,
                      "Actual Rows": 554,
                      "Actual Loops": 4,
                      "Inner Unique": true,
                      "Hash Cond": "(mk.movie_id = t.id)",
                      "Plans": [
                        {
                          "Node Type": "Bitmap Heap Scan",
                          "Parent Relationship": "Outer",
                          "Parallel Aware": true,
                          "Relation Name": "movie_keyword",
                          "Alias": "mk",
                          "Startup Cost": 4764.92,
                          "Total Cost": 30124.48,
                          "Plan Rows": 72445,
                          "Plan Width": 4,
                          "Actual Startup Time": 16.289,
                          "Actual Total Time": 51.682,
                          "Actual Rows": 55003,
                          "Actual Loops": 4,
                          "Recheck Cond": "(keyword_id > 64768)",
                          "Rows Removed by Index Recheck": 0,
                          "Exact Heap Blocks": 7311,
                          "Lossy Heap Blocks": 0,
                          "Plans": [
                            {
                              "Node Type": "Bitmap Index Scan",
                              "Parent Relationship": "Outer",
                              "Parallel Aware": false,
                              "Index Name": "keyword_id_movie_keyword",
                              "Startup Cost": 0.0,
                              "Total Cost": 4708.77,
                              "Plan Rows": 224579,
                              "Plan Width": 0,
                              "Actual Startup Time": 13.166,
                              "Actual Total Time": 13.167,
                              "Actual Rows": 220011,
                              "Actual Loops": 1,
                              "Index Cond": "(keyword_id > 64768)"
                            }
                          ]
                        },
                        {
                          "Node Type": "Hash",
                          "Parent Relationship": "Inner",
                          "Parallel Aware": true,
                          "Startup Cost": 45479.21,
                          "Total Cost": 45479.21,
                          "Plan Rows": 114961,
                          "Plan Width": 4,
                          "Actual Startup Time": 105.58,
                          "Actual Total Time": 105.581,
                          "Actual Rows": 86053,
                          "Actual Loops": 4,
                          "Hash Buckets": 524288,
                          "Original Hash Buckets": 524288,
                          "Hash Batches": 1,
                          "Original Hash Batches": 1,
                          "Peak Memory Usage": 17632,
                          "Plans": [
                            {
                              "Node Type": "Seq Scan",
                              "Parent Relationship": "Outer",
                              "Parallel Aware": true,
                              "Relation Name": "title",
                              "Alias": "t",
                              "Startup Cost": 0.0,
                              "Total Cost": 45479.21,
                              "Plan Rows": 114961,
                              "Plan Width": 4,
                              "Actual Startup Time": 0.024,
                              "Actual Total Time": 80.263,
                              "Actual Rows": 86053,
                              "Actual Loops": 4,
                              "Filter": "((production_year < 1993) AND (kind_id = 7))",
                              "Rows Removed by Filter": 546025
                            }
                          ]
                        }
                      ]
                    },
                    {
                      "Node Type": "Index Only Scan",
                      "Parent Relationship": "Inner",
                      "Parallel Aware": false,
                      "Scan Direction": "Forward",
                      "Index Name": "movie_id_movie_info_idx",
                      "Relation Name": "movie_info_idx",
                      "Alias": "mi_idx",
                      "Startup Cost": 0.43,
                      "Total Cost": 0.6,
                      "Plan Rows": 3,
                      "Plan Width": 4,
                      "Actual Startup Time": 0.003,
                      "Actual Total Time": 0.003,
                      "Actual Rows": 2,
                      "Actual Loops": 2215,
                      "Index Cond": "(movie_id = t.id)",
                      "Rows Removed by Index Recheck": 0,
                      "Heap Fetches": 4122
                    }
                  ]
                }
              ]
            }
          ]
        }
      ]
    },
    "Planning Time": 0.366,
    "Triggers": [],
    "Execution Time": 186.013
  }
]