[
  {
    "Plan": {
      "Node Type": "Aggregate",
      "Strategy": "Plain",
      "Partial Mode": "Finalize",
      "Parallel Aware": false,
      "Startup Cost": 128227.81,
      "Total Cost": 128227.82,
      "Plan Rows": 1,
      "Plan Width": 8,
      "Actual Startup Time": 804.824,
      "Actual Total Time": 850.079,
      "Actual Rows": 1,
      "Actual Loops": 1,
      "Plans": [
        {
          "Node Type": "Gather",
          "Parent Relationship": "Outer",
          "Parallel Aware": false,
          "Startup Cost": 128227.5,
          "Total Cost": 128227.81,
          "Plan Rows": 3,
          "Plan Width": 8,
          "Actual Startup Time": 790.937,
          "Actual Total Time": 850.067,
          "Actual Rows": 4,
          "Actual Loops": 1,
          "Workers Planned": 3,
          "Workers Launched": 3,
          "Single Copy": false,
          "Plans": [
            {
              "Node Type": "Aggregate",
              "Strategy": "Plain",
              "Partial Mode": "Partial",
              "Parent Relationship": "Outer",
              "Parallel Aware": false,
              "Startup Cost": 127227.5,
              "Total Cost": 127227.51,
              "Plan Rows": 1,
              "Plan Width": 8,
              "Actual Startup Time": 783.519,
              "Actual Total Time": 783.959,
              "Actual Rows": 1,
              "Actual Loops": 4,
              "Plans": [
                {
                  "Node Type": "Hash Join",
                  "Parent Relationship": "Outer",
                  "Parallel Aware": true,
                  "Join Type": "Inner",
                  "Startup Cost": 94569.21,
                  "Total Cost": 127072.71,
                  "Plan Rows": 61913,
                  "Plan Width": 0,
                  "Actual Startup Time": 599.665,
                  "Actual Total Time": 758.208,
                  "Actual Rows": 589357,
                  "Actual Loops": 4,
                  "Inner Unique": false,
                  "Hash Cond": "(mc.movie_id = t.id)",
                  "Plans": [
                    {
                      "Node Type": "Seq Scan",
                      "Parent Relationship": "Outer",
                      "Parallel Aware": true,
                      "Relation Name": "movie_companies",
                      "Alias": "mc",
                      "Startup Cost": 0.0,
                      "Total Cost": 31414.82,
                      "Plan Rows": 237058,
                      "Plan Width": 4,
                      "Actual Startup Time": 0.014,
                      "Actual Total Time": 69.91,
                      "Actual Rows": 256418,
                      "Actual Loops": 4,
                      "Filter": "((company_id < 14064) AND (company_type_id = 1))",
                      "Rows Removed by Filter": 395864
                    },
                    {
                      "Node Type": "Hash",
                      "Parent Relationship": "Inner",
                      "Parallel Aware": true,
                      "Startup Cost": 91906.48,
                      "Total Cost": 91906.48,
                      "Plan Rows": 213018,
                      "Plan Width": 8,
                      "Actual Startup Time": 596.449,
                      "Actual Total Time": 596.887,
                      "Actual Rows": 166810,
                      "Actual Loops": 4,
                      "Hash Buckets": 1048576,
                      "Original Hash Buckets": 1048576,
                      "Hash Batches": 1,
                      "Original Hash Batches": 1,
                      "Peak Memory Usage": 34400,
                      "Plans": [
                        {
                          "Node Type": "Hash Join",
                          "Parent Relationship": "Outer",
                          "Parallel Aware": true,
                          "Join Type": "Inner",
                          "Startup Cost": 64230.58,
                          "Total Cost": 91906.48,
                          "Plan Rows": 213018,
                          "Plan Width": 8,
                          "Actual Startup Time": 404.76,
                          "Actual Total Time": 536.49,
                          "Actual Rows": 166810,
                          "Actual Loops": 4,
                          "Inner Unique": true,
                          "Hash Cond": "(mk.movie_id = t.id)",
                          "Plans": [
                            {
                              "Node Type": "Bitmap Heap Scan",
                              "Parent Relationship": "Outer",
                              "Parallel Aware": true,
                              "Relation Name": "movie_keyword",
                              "Alias": "mk",
                              "Startup Cost": 14010.2,
                              "Total Cost": 41126.93,
                              "Plan Rows": 213018,
                              "Plan Width": 4,
                              "Actual Startup Time": 42.482,
                              "Actual Total Time": 102.808,
                              "Actual Rows": 166810,
                              "Actual Loops": 4,
                              "Recheck Cond": "(keyword_id < 521)",
                              "Rows Removed by Index Recheck": 0,
                              "Exact Heap Blocks": 6224,
                              "Lossy Heap Blocks": 0,
                              "Plans": [
                                {
                                  "Node Type": "Bitmap Index Scan",
                                  "Parent Relationship": "Outer",
                                  "Parallel Aware": false,
                                  "Index Name": "keyword_id_movie_keyword",
                                  "Startup Cost": 0.0,
                                  "Total Cost": 13845.11,
                                  "Plan Rows": 660357,
                                  "Plan Width": 0,
                                  "Actual Startup Time": 38.745,
                                  "Actual Total Time": 38.745,
                                  "Actual Rows": 667241,
                                  "Actual Loops": 1,
                                  "Index Cond": "(keyword_id < 521)"
                                }
                              ]
                            },
                            {
                              "Node Type": "Hash",
                              "Parent Relationship": "Inner",
                              "Parallel Aware": true,
                              "Startup Cost": 42319.06,
                              "Total Cost": 42319.06,
                              "Plan Rows": 632106,
                              "Plan Width": 4,
                              "Actual Startup Time": 355.215,
                              "Actual Total Time": 355.216,
                              "Actual Rows": 632078,
                              "Actual Loops": 4,
                              "Hash Buckets": 4194304,
                              "Original Hash Buckets": 4194304,
                              "Hash Batches": 1,
                              "Original Hash Batches": 1,
                              "Peak Memory Usage": 131712,
                              "Plans": [
                                {
                                  "Node Type": "Seq Scan",
                                  "Parent Relationship": "Outer",
                                  "Parallel Aware": true,
                                  "Relation Name": "title",
                                  "Alias": "t",
                                  "Startup Cost": 0.0,
                                  "Total Cost": 42319.06,
                                  "Plan Rows": 632106,
                                  "Plan Width": 4,
                                  "Actual Startup Time": 0.053,
                                  "Actual Total Time": 99.353,
                                  "Actual Rows": 632078,
                                  "Actual Loops": 4
                                }
                              ]
                            }
                          ]
                        }
                      ]
                    }
                  ]
                }
              ]
            }
          ]
        }
      ]
    },
    "Planning Time": 0.562,
    "Triggers": [],
    "Execution Time": 850.143
  }
]