[
  {
    "Plan": {
      "Node Type": "Aggregate",
      "Strategy": "Plain",
      "Partial Mode": "Finalize",
      "Parallel Aware": false,
      "Startup Cost": 391554.69,
      "Total Cost": 391554.7,
      "Plan Rows": 1,
      "Plan Width": 8,
      "Actual Startup Time": 1854.25,
      "Actual Total Time": 1900.481,
      "Actual Rows": 1,
      "Actual Loops": 1,
      "Plans": [
        {
          "Node Type": "Gather",
          "Parent Relationship": "Outer",
          "Parallel Aware": false,
          "Startup Cost": 391554.06,
          "Total Cost": 391554.67,
          "Plan Rows": 6,
          "Plan Width": 8,
          "Actual Startup Time": 1845.48,
          "Actual Total Time": 1900.469,
          "Actual Rows": 7,
          "Actual Loops": 1,
          "Workers Planned": 6,
          "Workers Launched": 6,
          "Single Copy": false,
          "Plans": [
            {
              "Node Type": "Aggregate",
              "Strategy": "Plain",
              "Partial Mode": "Partial",
              "Parent Relationship": "Outer",
              "Parallel Aware": false,
              "Startup Cost": 390554.06,
              "Total Cost": 390554.07,
              "Plan Rows": 1,
              "Plan Width": 8,
              "Actual Startup Time": 1836.585,
              "Actual Total Time": 1836.589,
              "Actual Rows": 1,
              "Actual Loops": 7,
              "Plans": [
                {
                  "Node Type": "Hash Join",
                  "Parent Relationship": "Outer",
                  "Parallel Aware": true,
                  "Join Type": "Inner",
                  "Startup Cost": 48206.41,
                  "Total Cost": 387057.17,
                  "Plan Rows": 1398758,
                  "Plan Width": 0,
                  "Actual Startup Time": 277.321,
                  "Actual Total Time": 1770.819,
                  "Actual Rows": 1218110,
                  "Actual Loops": 7,
                  "Inner Unique": true,
                  "Hash Cond": "(ci.movie_id = t.id)",
                  "Plans": [
                    {
                      "Node Type": "Seq Scan",
                      "Parent Relationship": "Outer",
                      "Parallel Aware": true,
                      "Relation Name": "cast_info",
                      "Alias": "ci",
                      "Startup Cost": 0.0,
                      "Total Cost": 328211.39,
                      "Plan Rows": 4053083,
                      "Plan Width": 4,
                      "Actual Startup Time": 139.755,
                      "Actual Total Time": 685.378,
                      "Actual Rows": 3457151,
                      "Actual Loops": 7,
                      "Filter": "(person_id > 1186517)",
                      "Rows Removed by Filter": 1720612
                    },
                    {
                      "Node Type": "Hash",
                      "Parent Relationship": "Inner",
                      "Parallel Aware": true,
                      "Startup Cost": 45479.59,
                      "Total Cost": 45479.59,
                      "Plan Rows": 218146,
                      "Plan Width": 4,
                      "Actual Startup Time": 135.17,
                      "Actual Total Time": 135.171,
                      "Actual Rows": 112377,
                      "Actual Loops": 7,
                      "Hash Buckets": 1048576,
                      "Original Hash Buckets": 1048576,
                      "Hash Batches": 1,
                      "Original Hash Batches": 1,
                      "Peak Memory Usage": 39072,
                      "Plans": [
                        {
                          "Node Type": "Seq Scan",
                          "Parent Relationship": "Outer",
                          "Parallel Aware": true,
                          "Relation Name": "title",
                          "Alias": "t",
                          "Startup Cost": 0.0,
                          "Total Cost": 45479.59,
                          "Plan Rows": 218146,
                          "Plan Width": 4,
                          "Actual Startup Time": 0.045,
                          "Actual Total Time": 82.375,
                          "Actual Rows": 112377,
                          "Actual Loops": 7,
                          "Filter": "((kind_id < 7) AND (production_year > 1958))",
                          "Rows Removed by Filter": 248810
                        }
                      ]
                    }
                  ]
                }
              ]
            }
          ]
        }
      ]
    },
    "Planning Time": 0.393,
    "Triggers": [],
    "Execution Time": 1900.529
  }
]