[
  {
    "Plan": {
      "Node Type": "Aggregate",
      "Strategy": "Plain",
      "Partial Mode": "Finalize",
      "Parallel Aware": false,
      "Startup Cost": 45794.09,
      "Total Cost": 45794.1,
      "Plan Rows": 1,
      "Plan Width": 8,
      "Actual Startup Time": 157.014,
      "Actual Total Time": 166.632,
      "Actual Rows": 1,
      "Actual Loops": 1,
      "Plans": [
        {
          "Node Type": "Gather",
          "Parent Relationship": "Outer",
          "Parallel Aware": false,
          "Startup Cost": 45793.78,
          "Total Cost": 45794.09,
          "Plan Rows": 3,
          "Plan Width": 8,
          "Actual Startup Time": 156.93,
          "Actual Total Time": 166.624,
          "Actual Rows": 4,
          "Actual Loops": 1,
          "Workers Planned": 3,
          "Workers Launched": 3,
          "Single Copy": false,
          "Plans": [
            {
              "Node Type": "Aggregate",
              "Strategy": "Plain",
              "Partial Mode": "Partial",
              "Parent Relationship": "Outer",
              "Parallel Aware": false,
              "Startup Cost": 44793.78,
              "Total Cost": 44793.79,
              "Plan Rows": 1,
              "Plan Width": 8,
              "Actual Startup Time": 148.476,
              "Actual Total Time": 148.478,
              "Actual Rows": 1,
              "Actual Loops": 4,
              "Plans": [
                {
                  "Node Type": "Seq Scan",
                  "Parent Relationship": "Outer",
                  "Parallel Aware": true,
                  "Relation Name": "movie_keyword",
                  "Alias": "mk",
                  "Startup Cost": 0.0,
                  "Total Cost": 42695.65,
                  "Plan Rows": 839249,
                  "Plan Width": 0,
                  "Actual Startup Time": 0.061,
                  "Actual Total Time": 118.945,
                  "Actual Rows": 649540,
                  "Actual Loops": 4,
                  "Filter": "(keyword_id < 6960)",
                  "Rows Removed by Filter": 481443
                }
              ]
            }
          ]
        }
      ]
    },
    "Planning Time": 0.171,
    "Triggers": [],
    "Execution Time": 166.684
  }
]