[
    {
        "Bao": {
            "Bao prediction": "NaN",
            "Bao recommended hint": "(no hint)"
        }
    },
    {
        "Plan": {
            "Node Type": "Aggregate",
            "Strategy": "Plain",
            "Partial Mode": "Finalize",
            "Parallel Aware": false,
            "Startup Cost": 311805.68,
            "Total Cost": 311805.69,
            "Plan Rows": 1,
            "Plan Width": 8,
            "Actual Startup Time": 191.549,
            "Actual Total Time": 197.138,
            "Actual Rows": 1,
            "Actual Loops": 1,
            "Output": [
                "count(*)"
            ],
            "Plans": [
                {
                    "Node Type": "Gather",
                    "Parent Relationship": "Outer",
                    "Parallel Aware": false,
                    "Startup Cost": 311805.05,
                    "Total Cost": 311805.66,
                    "Plan Rows": 6,
                    "Plan Width": 8,
                    "Actual Startup Time": 191.262,
                    "Actual Total Time": 197.129,
                    "Actual Rows": 7,
                    "Actual Loops": 1,
                    "Output": [
                        "(PARTIAL count(*))"
                    ],
                    "Workers Planned": 6,
                    "Workers Launched": 6,
                    "Single Copy": false,
                    "Plans": [
                        {
                            "Node Type": "Aggregate",
                            "Strategy": "Plain",
                            "Partial Mode": "Partial",
                            "Parent Relationship": "Outer",
                            "Parallel Aware": false,
                            "Startup Cost": 310805.05,
                            "Total Cost": 310805.06,
                            "Plan Rows": 1,
                            "Plan Width": 8,
                            "Actual Startup Time": 181.051,
                            "Actual Total Time": 181.052,
                            "Actual Rows": 1,
                            "Actual Loops": 7,
                            "Output": [
                                "PARTIAL count(*)"
                            ],
                            "Workers": [
                                {
                                    "Worker Number": 0,
                                    "Actual Startup Time": 178.422,
                                    "Actual Total Time": 178.423,
                                    "Actual Rows": 1,
                                    "Actual Loops": 1
                                },
                                {
                                    "Worker Number": 1,
                                    "Actual Startup Time": 178.908,
                                    "Actual Total Time": 178.908,
                                    "Actual Rows": 1,
                                    "Actual Loops": 1
                                },
                                {
                                    "Worker Number": 2,
                                    "Actual Startup Time": 179.306,
                                    "Actual Total Time": 179.307,
                                    "Actual Rows": 1,
                                    "Actual Loops": 1
                                },
                                {
                                    "Worker Number": 3,
                                    "Actual Startup Time": 179.486,
                                    "Actual Total Time": 179.487,
                                    "Actual Rows": 1,
                                    "Actual Loops": 1
                                },
                                {
                                    "Worker Number": 4,
                                    "Actual Startup Time": 180.028,
                                    "Actual Total Time": 180.03,
                                    "Actual Rows": 1,
                                    "Actual Loops": 1
                                },
                                {
                                    "Worker Number": 5,
                                    "Actual Startup Time": 180.255,
                                    "Actual Total Time": 180.257,
                                    "Actual Rows": 1,
                                    "Actual Loops": 1
                                }
                            ],
                            "Plans": [
                                {
                                    "Node Type": "Bitmap Heap Scan",
                                    "Parent Relationship": "Outer",
                                    "Parallel Aware": true,
                                    "Relation Name": "cast_info",
                                    "Schema": "public",
                                    "Alias": "ci",
                                    "Startup Cost": 51855.41,
                                    "Total Cost": 310457.94,
                                    "Plan Rows": 138844,
                                    "Plan Width": 0,
                                    "Actual Startup Time": 80.835,
                                    "Actual Total Time": 167.155,
                                    "Actual Rows": 242006,
                                    "Actual Loops": 7,
                                    "Recheck Cond": "(ci.person_id < 230526)",
                                    "Rows Removed by Index Recheck": 0,
                                    "Filter": "(ci.role_id = 1)",
                                    "Rows Removed by Filter": 96426,
                                    "Exact Heap Blocks": 5635,
                                    "Lossy Heap Blocks": 0,
                                    "Workers": [
                                        {
                                            "Worker Number": 0,
                                            "Actual Startup Time": 78.089,
                                            "Actual Total Time": 164.881,
                                            "Actual Rows": 220634,
                                            "Actual Loops": 1
                                        },
                                        {
                                            "Worker Number": 1,
                                            "Actual Startup Time": 79.045,
                                            "Actual Total Time": 165.285,
                                            "Actual Rows": 220236,
                                            "Actual Loops": 1
                                        },
                                        {
                                            "Worker Number": 2,
                                            "Actual Startup Time": 78.991,
                                            "Actual Total Time": 165.646,
                                            "Actual Rows": 209194,
                                            "Actual Loops": 1
                                        },
                                        {
                                            "Worker Number": 3,
                                            "Actual Startup Time": 79.141,
                                            "Actual Total Time": 165.902,
                                            "Actual Rows": 222217,
                                            "Actual Loops": 1
                                        },
                                        {
                                            "Worker Number": 4,
                                            "Actual Startup Time": 80.104,
                                            "Actual Total Time": 166.414,
                                            "Actual Rows": 208702,
                                            "Actual Loops": 1
                                        },
                                        {
                                            "Worker Number": 5,
                                            "Actual Startup Time": 80.228,
                                            "Actual Total Time": 166.535,
                                            "Actual Rows": 210095,
                                            "Actual Loops": 1
                                        }
                                    ],
                                    "Plans": [
                                        {
                                            "Node Type": "Bitmap Index Scan",
                                            "Parent Relationship": "Outer",
                                            "Parallel Aware": false,
                                            "Index Name": "person_id_cast_info",
                                            "Startup Cost": 0.0,
                                            "Total Cost": 51647.15,
                                            "Plan Rows": 2366211,
                                            "Plan Width": 0,
                                            "Actual Startup Time": 86.616,
                                            "Actual Total Time": 86.616,
                                            "Actual Rows": 2369024,
                                            "Actual Loops": 1,
                                            "Index Cond": "(ci.person_id < 230526)"
                                        }
                                    ]
                                }
                            ]
                        }
                    ]
                }
            ]
        },
        "Planning Time": 201.89,
        "Triggers": [],
        "Execution Time": 197.187
    }
]