[
    {
        "Bao": {
            "Bao prediction": "NaN",
            "Bao recommended hint": "(no hint)"
        }
    },
    {
        "Plan": {
            "Node Type": "Aggregate",
            "Strategy": "Plain",
            "Partial Mode": "Finalize",
            "Parallel Aware": false,
            "Startup Cost": 689028.9,
            "Total Cost": 689028.91,
            "Plan Rows": 1,
            "Plan Width": 8,
            "Actual Startup Time": 5251.718,
            "Actual Total Time": 5323.012,
            "Actual Rows": 1,
            "Actual Loops": 1,
            "Output": [
                "count(*)"
            ],
            "Plans": [
                {
                    "Node Type": "Gather",
                    "Parent Relationship": "Outer",
                    "Parallel Aware": false,
                    "Startup Cost": 689028.27,
                    "Total Cost": 689028.88,
                    "Plan Rows": 6,
                    "Plan Width": 8,
                    "Actual Startup Time": 5184.231,
                    "Actual Total Time": 5322.997,
                    "Actual Rows": 7,
                    "Actual Loops": 1,
                    "Output": [
                        "(PARTIAL count(*))"
                    ],
                    "Workers Planned": 6,
                    "Workers Launched": 6,
                    "Single Copy": false,
                    "Plans": [
                        {
                            "Node Type": "Aggregate",
                            "Strategy": "Plain",
                            "Partial Mode": "Partial",
                            "Parent Relationship": "Outer",
                            "Parallel Aware": false,
                            "Startup Cost": 688028.27,
                            "Total Cost": 688028.28,
                            "Plan Rows": 1,
                            "Plan Width": 8,
                            "Actual Startup Time": 5148.943,
                            "Actual Total Time": 5150.321,
                            "Actual Rows": 1,
                            "Actual Loops": 7,
                            "Output": [
                                "PARTIAL count(*)"
                            ],
                            "Workers": [
                                {
                                    "Worker Number": 0,
                                    "Actual Startup Time": 5141.6,
                                    "Actual Total Time": 5141.606,
                                    "Actual Rows": 1,
                                    "Actual Loops": 1
                                },
                                {
                                    "Worker Number": 1,
                                    "Actual Startup Time": 5142.256,
                                    "Actual Total Time": 5142.26,
                                    "Actual Rows": 1,
                                    "Actual Loops": 1
                                },
                                {
                                    "Worker Number": 2,
                                    "Actual Startup Time": 5142.465,
                                    "Actual Total Time": 5142.47,
                                    "Actual Rows": 1,
                                    "Actual Loops": 1
                                },
                                {
                                    "Worker Number": 3,
                                    "Actual Startup Time": 5146.841,
                                    "Actual Total Time": 5146.845,
                                    "Actual Rows": 1,
                                    "Actual Loops": 1
                                },
                                {
                                    "Worker Number": 4,
                                    "Actual Startup Time": 5142.69,
                                    "Actual Total Time": 5142.695,
                                    "Actual Rows": 1,
                                    "Actual Loops": 1
                                },
                                {
                                    "Worker Number": 5,
                                    "Actual Startup Time": 5142.962,
                                    "Actual Total Time": 5142.967,
                                    "Actual Rows": 1,
                                    "Actual Loops": 1
                                }
                            ],
                            "Plans": [
                                {
                                    "Node Type": "Hash Join",
                                    "Parent Relationship": "Outer",
                                    "Parallel Aware": true,
                                    "Join Type": "Inner",
                                    "Startup Cost": 272610.66,
                                    "Total Cost": 650456.32,
                                    "Plan Rows": 15028782,
                                    "Plan Width": 0,
                                    "Actual Startup Time": 1925.694,
                                    "Actual Total Time": 4672.252,
                                    "Actual Rows": 10604416,
                                    "Actual Loops": 7,
                                    "Inner Unique": false,
                                    "Hash Cond": "(ci.movie_id = t.id)",
                                    "Workers": [
                                        {
                                            "Worker Number": 0,
                                            "Actual Startup Time": 1919.025,
                                            "Actual Total Time": 4659.788,
                                            "Actual Rows": 10335398,
                                            "Actual Loops": 1
                                        },
                                        {
                                            "Worker Number": 1,
                                            "Actual Startup Time": 1919.599,
                                            "Actual Total Time": 4654.43,
                                            "Actual Rows": 10450429,
                                            "Actual Loops": 1
                                        },
                                        {
                                            "Worker Number": 2,
                                            "Actual Startup Time": 1919.858,
                                            "Actual Total Time": 4670.407,
                                            "Actual Rows": 10167095,
                                            "Actual Loops": 1
                                        },
                                        {
                                            "Worker Number": 3,
                                            "Actual Startup Time": 1919.97,
                                            "Actual Total Time": 4684.009,
                                            "Actual Rows": 10605525,
                                            "Actual Loops": 1
                                        },
                                        {
                                            "Worker Number": 4,
                                            "Actual Startup Time": 1920.049,
                                            "Actual Total Time": 4661.96,
                                            "Actual Rows": 10469885,
                                            "Actual Loops": 1
                                        },
                                        {
                                            "Worker Number": 5,
                                            "Actual Startup Time": 1920.154,
                                            "Actual Total Time": 4672.854,
                                            "Actual Rows": 10606114,
                                            "Actual Loops": 1
                                        }
                                    ],
                                    "Plans": [
                                        {
                                            "Node Type": "Seq Scan",
                                            "Parent Relationship": "Outer",
                                            "Parallel Aware": true,
                                            "Relation Name": "cast_info",
                                            "Schema": "public",
                                            "Alias": "ci",
                                            "Startup Cost": 0.0,
                                            "Total Cost": 328213.62,
                                            "Plan Rows": 3914897,
                                            "Plan Width": 4,
                                            "Actual Startup Time": 246.195,
                                            "Actual Total Time": 722.39,
                                            "Actual Rows": 3367665,
                                            "Actual Loops": 7,
                                            "Output": [
                                                "ci.id",
                                                "ci.person_id",
                                                "ci.movie_id",
                                                "ci.person_role_id",
                                                "ci.note",
                                                "ci.nr_order",
                                                "ci.role_id"
                                            ],
                                            "Filter": "(ci.role_id > 1)",
                                            "Rows Removed by Filter": 1810098,
                                            "Workers": [
                                                {
                                                    "Worker Number": 0,
                                                    "Actual Startup Time": 246.216,
                                                    "Actual Total Time": 736.101,
                                                    "Actual Rows": 3251131,
                                                    "Actual Loops": 1
                                                },
                                                {
                                                    "Worker Number": 1,
                                                    "Actual Startup Time": 246.182,
                                                    "Actual Total Time": 736.625,
                                                    "Actual Rows": 3318402,
                                                    "Actual Loops": 1
                                                },
                                                {
                                                    "Worker Number": 2,
                                                    "Actual Startup Time": 246.179,
                                                    "Actual Total Time": 742.214,
                                                    "Actual Rows": 3239160,
                                                    "Actual Loops": 1
                                                },
                                                {
                                                    "Worker Number": 3,
                                                    "Actual Startup Time": 246.179,
                                                    "Actual Total Time": 730.525,
                                                    "Actual Rows": 3344104,
                                                    "Actual Loops": 1
                                                },
                                                {
                                                    "Worker Number": 4,
                                                    "Actual Startup Time": 246.197,
                                                    "Actual Total Time": 732.818,
                                                    "Actual Rows": 3323854,
                                                    "Actual Loops": 1
                                                },
                                                {
                                                    "Worker Number": 5,
                                                    "Actual Startup Time": 246.197,
                                                    "Actual Total Time": 738.057,
                                                    "Actual Rows": 3352059,
                                                    "Actual Loops": 1
                                                }
                                            ]
                                        },
                                        {
                                            "Node Type": "Hash",
                                            "Parent Relationship": "Inner",
                                            "Parallel Aware": true,
                                            "Startup Cost": 248345.91,
                                            "Total Cost": 248345.91,
                                            "Plan Rows": 1941180,
                                            "Plan Width": 8,
                                            "Actual Startup Time": 1664.74,
                                            "Actual Total Time": 1666.117,
                                            "Actual Rows": 708769,
                                            "Actual Loops": 7,
                                            "Output": [
                                                "t.id",
                                                "mi.movie_id"
                                            ],
                                            "Hash Buckets": 16777216,
                                            "Original Hash Buckets": 16777216,
                                            "Hash Batches": 1,
                                            "Original Hash Batches": 1,
                                            "Peak Memory Usage": 325248,
                                            "Workers": [
                                                {
                                                    "Worker Number": 0,
                                                    "Actual Startup Time": 1671.812,
                                                    "Actual Total Time": 1671.816,
                                                    "Actual Rows": 662154,
                                                    "Actual Loops": 1
                                                },
                                                {
                                                    "Worker Number": 1,
                                                    "Actual Startup Time": 1672.562,
                                                    "Actual Total Time": 1672.565,
                                                    "Actual Rows": 677083,
                                                    "Actual Loops": 1
                                                },
                                                {
                                                    "Worker Number": 2,
                                                    "Actual Startup Time": 1672.73,
                                                    "Actual Total Time": 1672.734,
                                                    "Actual Rows": 654029,
                                                    "Actual Loops": 1
                                                },
                                                {
                                                    "Worker Number": 3,
                                                    "Actual Startup Time": 1672.805,
                                                    "Actual Total Time": 1672.808,
                                                    "Actual Rows": 655175,
                                                    "Actual Loops": 1
                                                },
                                                {
                                                    "Worker Number": 4,
                                                    "Actual Startup Time": 1672.981,
                                                    "Actual Total Time": 1672.985,
                                                    "Actual Rows": 674395,
                                                    "Actual Loops": 1
                                                },
                                                {
                                                    "Worker Number": 5,
                                                    "Actual Startup Time": 1672.87,
                                                    "Actual Total Time": 1672.873,
                                                    "Actual Rows": 661611,
                                                    "Actual Loops": 1
                                                }
                                            ],
                                            "Plans": [
                                                {
                                                    "Node Type": "Hash Join",
                                                    "Parent Relationship": "Outer",
                                                    "Parallel Aware": true,
                                                    "Join Type": "Inner",
                                                    "Startup Cost": 49096.28,
                                                    "Total Cost": 248345.91,
                                                    "Plan Rows": 1941180,
                                                    "Plan Width": 8,
                                                    "Actual Startup Time": 212.86,
                                                    "Actual Total Time": 1254.579,
                                                    "Actual Rows": 708769,
                                                    "Actual Loops": 7,
                                                    "Output": [
                                                        "t.id",
                                                        "mi.movie_id"
                                                    ],
                                                    "Inner Unique": true,
                                                    "Hash Cond": "(mi.movie_id = t.id)",
                                                    "Workers": [
                                                        {
                                                            "Worker Number": 0,
                                                            "Actual Startup Time": 212.887,
                                                            "Actual Total Time": 1254.001,
                                                            "Actual Rows": 662154,
                                                            "Actual Loops": 1
                                                        },
                                                        {
                                                            "Worker Number": 1,
                                                            "Actual Startup Time": 212.764,
                                                            "Actual Total Time": 1251.052,
                                                            "Actual Rows": 677083,
                                                            "Actual Loops": 1
                                                        },
                                                        {
                                                            "Worker Number": 2,
                                                            "Actual Startup Time": 212.945,
                                                            "Actual Total Time": 1256.44,
                                                            "Actual Rows": 654029,
                                                            "Actual Loops": 1
                                                        },
                                                        {
                                                            "Worker Number": 3,
                                                            "Actual Startup Time": 212.954,
                                                            "Actual Total Time": 1256.986,
                                                            "Actual Rows": 655175,
                                                            "Actual Loops": 1
                                                        },
                                                        {
                                                            "Worker Number": 4,
                                                            "Actual Startup Time": 212.709,
                                                            "Actual Total Time": 1252.062,
                                                            "Actual Rows": 674395,
                                                            "Actual Loops": 1
                                                        },
                                                        {
                                                            "Worker Number": 5,
                                                            "Actual Startup Time": 212.779,
                                                            "Actual Total Time": 1258.268,
                                                            "Actual Rows": 661611,
                                                            "Actual Loops": 1
                                                        }
                                                    ],
                                                    "Plans": [
                                                        {
                                                            "Node Type": "Seq Scan",
                                                            "Parent Relationship": "Outer",
                                                            "Parallel Aware": true,
                                                            "Relation Name": "movie_info",
                                                            "Schema": "public",
                                                            "Alias": "mi",
                                                            "Startup Cost": 0.0,
                                                            "Total Cost": 191503.19,
                                                            "Plan Rows": 2951019,
                                                            "Plan Width": 4,
                                                            "Actual Startup Time": 0.045,
                                                            "Actual Total Time": 336.657,
                                                            "Actual Rows": 2119389,
                                                            "Actual Loops": 7,
                                                            "Output": [
                                                                "mi.id",
                                                                "mi.movie_id",
                                                                "mi.info_type_id",
                                                                "mi.info",
                                                                "mi.note"
                                                            ],
                                                            "Workers": [
                                                                {
                                                                    "Worker Number": 0,
                                                                    "Actual Startup Time": 0.034,
                                                                    "Actual Total Time": 351.164,
                                                                    "Actual Rows": 1950444,
                                                                    "Actual Loops": 1
                                                                },
                                                                {
                                                                    "Worker Number": 1,
                                                                    "Actual Startup Time": 0.031,
                                                                    "Actual Total Time": 350.915,
                                                                    "Actual Rows": 1996705,
                                                                    "Actual Loops": 1
                                                                },
                                                                {
                                                                    "Worker Number": 2,
                                                                    "Actual Startup Time": 0.071,
                                                                    "Actual Total Time": 354.454,
                                                                    "Actual Rows": 1929244,
                                                                    "Actual Loops": 1
                                                                },
                                                                {
                                                                    "Worker Number": 3,
                                                                    "Actual Startup Time": 0.07,
                                                                    "Actual Total Time": 353.597,
                                                                    "Actual Rows": 1928077,
                                                                    "Actual Loops": 1
                                                                },
                                                                {
                                                                    "Worker Number": 4,
                                                                    "Actual Startup Time": 0.032,
                                                                    "Actual Total Time": 349.077,
                                                                    "Actual Rows": 1990670,
                                                                    "Actual Loops": 1
                                                                },
                                                                {
                                                                    "Worker Number": 5,
                                                                    "Actual Startup Time": 0.07,
                                                                    "Actual Total Time": 355.444,
                                                                    "Actual Rows": 1947502,
                                                                    "Actual Loops": 1
                                                                }
                                                            ]
                                                        },
                                                        {
                                                            "Node Type": "Hash",
                                                            "Parent Relationship": "Inner",
                                                            "Parallel Aware": true,
                                                            "Startup Cost": 43899.01,
                                                            "Total Cost": 43899.01,
                                                            "Plan Rows": 415782,
                                                            "Plan Width": 4,
                                                            "Actual Startup Time": 210.976,
                                                            "Actual Total Time": 210.978,
                                                            "Actual Rows": 239157,
                                                            "Actual Loops": 7,
                                                            "Output": [
                                                                "t.id"
                                                            ],
                                                            "Hash Buckets": 2097152,
                                                            "Original Hash Buckets": 2097152,
                                                            "Hash Batches": 1,
                                                            "Original Hash Batches": 1,
                                                            "Peak Memory Usage": 81984,
                                                            "Workers": [
                                                                {
                                                                    "Worker Number": 0,
                                                                    "Actual Startup Time": 212.57,
                                                                    "Actual Total Time": 212.572,
                                                                    "Actual Rows": 221627,
                                                                    "Actual Loops": 1
                                                                },
                                                                {
                                                                    "Worker Number": 1,
                                                                    "Actual Startup Time": 212.514,
                                                                    "Actual Total Time": 212.515,
                                                                    "Actual Rows": 213222,
                                                                    "Actual Loops": 1
                                                                },
                                                                {
                                                                    "Worker Number": 2,
                                                                    "Actual Startup Time": 212.504,
                                                                    "Actual Total Time": 212.505,
                                                                    "Actual Rows": 204463,
                                                                    "Actual Loops": 1
                                                                },
                                                                {
                                                                    "Worker Number": 3,
                                                                    "Actual Startup Time": 212.495,
                                                                    "Actual Total Time": 212.497,
                                                                    "Actual Rows": 205145,
                                                                    "Actual Loops": 1
                                                                },
                                                                {
                                                                    "Worker Number": 4,
                                                                    "Actual Startup Time": 212.469,
                                                                    "Actual Total Time": 212.471,
                                                                    "Actual Rows": 213505,
                                                                    "Actual Loops": 1
                                                                },
                                                                {
                                                                    "Worker Number": 5,
                                                                    "Actual Startup Time": 212.549,
                                                                    "Actual Total Time": 212.55,
                                                                    "Actual Rows": 206966,
                                                                    "Actual Loops": 1
                                                                }
                                                            ],
                                                            "Plans": [
                                                                {
                                                                    "Node Type": "Seq Scan",
                                                                    "Parent Relationship": "Outer",
                                                                    "Parallel Aware": true,
                                                                    "Relation Name": "title",
                                                                    "Schema": "public",
                                                                    "Alias": "t",
                                                                    "Startup Cost": 0.0,
                                                                    "Total Cost": 43899.01,
                                                                    "Plan Rows": 415782,
                                                                    "Plan Width": 4,
                                                                    "Actual Startup Time": 0.051,
                                                                    "Actual Total Time": 88.637,
                                                                    "Actual Rows": 239157,
                                                                    "Actual Loops": 7,
                                                                    "Output": [
                                                                        "t.id"
                                                                    ],
                                                                    "Filter": "(t.kind_id > 3)",
                                                                    "Rows Removed by Filter": 122031,
                                                                    "Workers": [
                                                                        {
                                                                            "Worker Number": 0,
                                                                            "Actual Startup Time": 0.04,
                                                                            "Actual Total Time": 92.87,
                                                                            "Actual Rows": 221627,
                                                                            "Actual Loops": 1
                                                                        },
                                                                        {
                                                                            "Worker Number": 1,
                                                                            "Actual Startup Time": 0.068,
                                                                            "Actual Total Time": 92.228,
                                                                            "Actual Rows": 213222,
                                                                            "Actual Loops": 1
                                                                        },
                                                                        {
                                                                            "Worker Number": 2,
                                                                            "Actual Startup Time": 0.058,
                                                                            "Actual Total Time": 90.191,
                                                                            "Actual Rows": 204463,
                                                                            "Actual Loops": 1
                                                                        },
                                                                        {
                                                                            "Worker Number": 3,
                                                                            "Actual Startup Time": 0.049,
                                                                            "Actual Total Time": 89.985,
                                                                            "Actual Rows": 205145,
                                                                            "Actual Loops": 1
                                                                        },
                                                                        {
                                                                            "Worker Number": 4,
                                                                            "Actual Startup Time": 0.074,
                                                                            "Actual Total Time": 91.61,
                                                                            "Actual Rows": 213505,
                                                                            "Actual Loops": 1
                                                                        },
                                                                        {
                                                                            "Worker Number": 5,
                                                                            "Actual Startup Time": 0.056,
                                                                            "Actual Total Time": 90.098,
                                                                            "Actual Rows": 206966,
                                                                            "Actual Loops": 1
                                                                        }
                                                                    ]
                                                                }
                                                            ]
                                                        }
                                                    ]
                                                }
                                            ]
                                        }
                                    ]
                                }
                            ]
                        }
                    ]
                }
            ]
        },
        "Planning Time": 184.733,
        "Triggers": [],
        "Execution Time": 5323.087
    }
]