[
  {
    "Plan": {
      "Node Type": "Aggregate",
      "Strategy": "Plain",
      "Partial Mode": "Finalize",
      "Parallel Aware": false,
      "Startup Cost": 108862.26,
      "Total Cost": 108862.27,
      "Plan Rows": 1,
      "Plan Width": 8,
      "Actual Startup Time": 417.231,
      "Actual Total Time": 438.324,
      "Actual Rows": 1,
      "Actual Loops": 1,
      "Plans": [
        {
          "Node Type": "Gather",
          "Parent Relationship": "Outer",
          "Parallel Aware": false,
          "Startup Cost": 108861.94,
          "Total Cost": 108862.25,
          "Plan Rows": 3,
          "Plan Width": 8,
          "Actual Startup Time": 415.454,
          "Actual Total Time": 438.302,
          "Actual Rows": 4,
          "Actual Loops": 1,
          "Workers Planned": 3,
          "Workers Launched": 3,
          "Single Copy": false,
          "Plans": [
            {
              "Node Type": "Aggregate",
              "Strategy": "Plain",
              "Partial Mode": "Partial",
              "Parent Relationship": "Outer",
              "Parallel Aware": false,
              "Startup Cost": 107861.94,
              "Total Cost": 107861.95,
              "Plan Rows": 1,
              "Plan Width": 8,
              "Actual Startup Time": 406.754,
              "Actual Total Time": 406.829,
              "Actual Rows": 1,
              "Actual Loops": 4,
              "Plans": [
                {
                  "Node Type": "Hash Join",
                  "Parent Relationship": "Outer",
                  "Parallel Aware": true,
                  "Join Type": "Inner",
                  "Startup Cost": 62964.15,
                  "Total Cost": 107720.2,
                  "Plan Rows": 56695,
                  "Plan Width": 0,
                  "Actual Startup Time": 231.539,
                  "Actual Total Time": 395.712,
                  "Actual Rows": 275586,
                  "Actual Loops": 4,
                  "Inner Unique": false,
                  "Hash Cond": "(mk.movie_id = t.id)",
                  "Plans": [
                    {
                      "Node Type": "Seq Scan",
                      "Parent Relationship": "Outer",
                      "Parallel Aware": true,
                      "Relation Name": "movie_keyword",
                      "Alias": "mk",
                      "Startup Cost": 0.0,
                      "Total Cost": 39047.32,
                      "Plan Rows": 1459332,
                      "Plan Width": 4,
                      "Actual Startup Time": 0.047,
                      "Actual Total Time": 90.016,
                      "Actual Rows": 1130982,
                      "Actual Loops": 4
                    },
                    {
                      "Node Type": "Hash",
                      "Parent Relationship": "Inner",
                      "Parallel Aware": true,
                      "Startup Cost": 62452.57,
                      "Total Cost": 62452.57,
                      "Plan Rows": 40927,
                      "Plan Width": 8,
                      "Actual Startup Time": 195.521,
                      "Actual Total Time": 195.593,
                      "Actual Rows": 29024,
                      "Actual Loops": 4,
                      "Hash Buckets": 131072,
                      "Original Hash Buckets": 131072,
                      "Hash Batches": 1,
                      "Original Hash Batches": 1,
                      "Peak Memory Usage": 5664,
                      "Plans": [
                        {
                          "Node Type": "Hash Join",
                          "Parent Relationship": "Outer",
                          "Parallel Aware": true,
                          "Join Type": "Inner",
                          "Startup Cost": 46317.72,
                          "Total Cost": 62452.57,
                          "Plan Rows": 40927,
                          "Plan Width": 8,
                          "Actual Startup Time": 148.403,
                          "Actual Total Time": 187.588,
                          "Actual Rows": 29024,
                          "Actual Loops": 4,
                          "Inner Unique": true,
                          "Hash Cond": "(mi_idx.movie_id = t.id)",
                          "Plans": [
                            {
                              "Node Type": "Seq Scan",
                              "Parent Relationship": "Outer",
                              "Parallel Aware": true,
                              "Relation Name": "movie_info_idx",
                              "Alias": "mi_idx",
                              "Startup Cost": 0.0,
                              "Total Cost": 15122.68,
                              "Plan Rows": 385585,
                              "Plan Width": 4,
                              "Actual Startup Time": 0.024,
                              "Actual Total Time": 33.219,
                              "Actual Rows": 230028,
                              "Actual Loops": 4,
                              "Filter": "(info_type_id > 99)",
                              "Rows Removed by Filter": 114981
                            },
                            {
                              "Node Type": "Hash",
                              "Parent Relationship": "Inner",
                              "Parallel Aware": true,
                              "Startup Cost": 45479.1,
                              "Total Cost": 45479.1,
                              "Plan Rows": 67090,
                              "Plan Width": 4,
                              "Actual Startup Time": 122.309,
                              "Actual Total Time": 122.31,
                              "Actual Rows": 54070,
                              "Actual Loops": 4,
                              "Hash Buckets": 524288,
                              "Original Hash Buckets": 524288,
                              "Hash Batches": 1,
                              "Original Hash Batches": 1,
                              "Peak Memory Usage": 12608,
                              "Plans": [
                                {
                                  "Node Type": "Seq Scan",
                                  "Parent Relationship": "Outer",
                                  "Parallel Aware": true,
                                  "Relation Name": "title",
                                  "Alias": "t",
                                  "Startup Cost": 0.0,
                                  "Total Cost": 45479.1,
                                  "Plan Rows": 67090,
                                  "Plan Width": 4,
                                  "Actual Startup Time": 49.253,
                                  "Actual Total Time": 102.017,
                                  "Actual Rows": 54070,
                                  "Actual Loops": 4,
                                  "Filter": "((production_year > 2005) AND (kind_id = 1))",
                                  "Rows Removed by Filter": 578008
                                }
                              ]
                            }
                          ]
                        }
                      ]
                    }
                  ]
                }
              ]
            }
          ]
        }
      ]
    },
    "Planning Time": 1.401,
    "Triggers": [],
    "Execution Time": 438.414
  }
]