[
  {
    "Plan": {
      "Node Type": "Aggregate",
      "Strategy": "Plain",
      "Partial Mode": "Finalize",
      "Parallel Aware": false,
      "Startup Cost": 47311.69,
      "Total Cost": 47311.7,
      "Plan Rows": 1,
      "Plan Width": 8,
      "Actual Startup Time": 209.081,
      "Actual Total Time": 219.48,
      "Actual Rows": 1,
      "Actual Loops": 1,
      "Plans": [
        {
          "Node Type": "Gather",
          "Parent Relationship": "Outer",
          "Parallel Aware": false,
          "Startup Cost": 47311.37,
          "Total Cost": 47311.68,
          "Plan Rows": 3,
          "Plan Width": 8,
          "Actual Startup Time": 208.969,
          "Actual Total Time": 219.471,
          "Actual Rows": 4,
          "Actual Loops": 1,
          "Workers Planned": 3,
          "Workers Launched": 3,
          "Single Copy": false,
          "Plans": [
            {
              "Node Type": "Aggregate",
              "Strategy": "Plain",
              "Partial Mode": "Partial",
              "Parent Relationship": "Outer",
              "Parallel Aware": false,
              "Startup Cost": 46311.37,
              "Total Cost": 46311.38,
              "Plan Rows": 1,
              "Plan Width": 8,
              "Actual Startup Time": 201.354,
              "Actual Total Time": 201.355,
              "Actual Rows": 1,
              "Actual Loops": 4,
              "Plans": [
                {
                  "Node Type": "Seq Scan",
                  "Parent Relationship": "Outer",
                  "Parallel Aware": true,
                  "Relation Name": "movie_keyword",
                  "Alias": "mk",
                  "Startup Cost": 0.0,
                  "Total Cost": 42695.65,
                  "Plan Rows": 1446286,
                  "Plan Width": 0,
                  "Actual Startup Time": 0.059,
                  "Actual Total Time": 142.13,
                  "Actual Rows": 1122300,
                  "Actual Loops": 4,
                  "Filter": "(keyword_id > 41)",
                  "Rows Removed by Filter": 8682
                }
              ]
            }
          ]
        }
      ]
    },
    "Planning Time": 0.269,
    "Triggers": [],
    "Execution Time": 219.545
  }
]