{
  "Plan": {
    "Node Type": "Aggregate",
    "Strategy": "Plain",
    "Partial Mode": "Finalize",
    "Parallel Aware": false,
    "Startup Cost": 135718.25,
    "Total Cost": 135718.26,
    "Plan Rows": 1,
    "Plan Width": 8,
    "Actual Startup Time": 920.946,
    "Actual Total Time": 937.13,
    "Actual Rows": 1,
    "Actual Loops": 1,
    "Plans": [
      {
        "Node Type": "Gather",
        "Parent Relationship": "Outer",
        "Parallel Aware": false,
        "Startup Cost": 135718.14,
        "Total Cost": 135718.25,
        "Plan Rows": 1,
        "Plan Width": 8,
        "Actual Startup Time": 917.864,
        "Actual Total Time": 937.123,
        "Actual Rows": 2,
        "Actual Loops": 1,
        "Workers Planned": 1,
        "Workers Launched": 1,
        "Single Copy": false,
        "Plans": [
          {
            "Node Type": "Aggregate",
            "Strategy": "Plain",
            "Partial Mode": "Partial",
            "Parent Relationship": "Outer",
            "Parallel Aware": false,
            "Startup Cost": 134718.14,
            "Total Cost": 134718.15,
            "Plan Rows": 1,
            "Plan Width": 8,
            "Actual Startup Time": 905.47,
            "Actual Total Time": 905.474,
            "Actual Rows": 1,
            "Actual Loops": 2,
            "Plans": [
              {
                "Node Type": "Hash Join",
                "Parent Relationship": "Outer",
                "Parallel Aware": true,
                "Join Type": "Inner",
                "Startup Cost": 70143.75,
                "Total Cost": 131677.52,
                "Plan Rows": 1216246,
                "Plan Width": 0,
                "Actual Startup Time": 499.555,
                "Actual Total Time": 867.441,
                "Actual Rows": 970649,
                "Actual Loops": 2,
                "Inner Unique": true,
                "Hash Cond": "(mk.movie_id = t.id)",
                "Plans": [
                  {
                    "Node Type": "Seq Scan",
                    "Parent Relationship": "Outer",
                    "Parallel Aware": true,
                    "Relation Name": "movie_keyword",
                    "Alias": "mk",
                    "Startup Cost": 0.0,
                    "Total Cost": 57718.19,
                    "Plan Rows": 1453549,
                    "Plan Width": 4,
                    "Actual Startup Time": 0.325,
                    "Actual Total Time": 182.944,
                    "Actual Rows": 1236606,
                    "Actual Loops": 2,
                    "Filter": "(keyword_id > 3658)",
                    "Rows Removed by Filter": 1025358
                  },
                  {
                    "Node Type": "Hash",
                    "Parent Relationship": "Inner",
                    "Parallel Aware": true,
                    "Startup Cost": 54588.39,
                    "Total Cost": 54588.39,
                    "Plan Rows": 1244429,
                    "Plan Width": 4,
                    "Actual Startup Time": 477.365,
                    "Actual Total Time": 477.366,
                    "Actual Rows": 1052068,
                    "Actual Loops": 2,
                    "Hash Buckets": 4194304,
                    "Original Hash Buckets": 4194304,
                    "Hash Batches": 1,
                    "Original Hash Batches": 1,
                    "Peak Memory Usage": 115104,
                    "Plans": [
                      {
                        "Node Type": "Seq Scan",
                        "Parent Relationship": "Outer",
                        "Parallel Aware": true,
                        "Relation Name": "title",
                        "Alias": "t",
                        "Startup Cost": 0.0,
                        "Total Cost": 54588.39,
                        "Plan Rows": 1244429,
                        "Plan Width": 4,
                        "Actual Startup Time": 0.021,
                        "Actual Total Time": 172.399,
                        "Actual Rows": 1052068,
                        "Actual Loops": 2,
                        "Filter": "(production_year > 1968)",
                        "Rows Removed by Filter": 212088
                      }
                    ]
                  }
                ]
              }
            ]
          }
        ]
      }
    ]
  },
  "Planning Time": 0.686,
  "Triggers": [],
  "Execution Time": 937.195
}