[
  {
    "Plan": {
      "Node Type": "Aggregate",
      "Strategy": "Plain",
      "Partial Mode": "Finalize",
      "Parallel Aware": false,
      "Startup Cost": 320898.14,
      "Total Cost": 320898.15,
      "Plan Rows": 1,
      "Plan Width": 8,
      "Actual Startup Time": 1199.364,
      "Actual Total Time": 1245.572,
      "Actual Rows": 1,
      "Actual Loops": 1,
      "Plans": [
        {
          "Node Type": "Gather",
          "Parent Relationship": "Outer",
          "Parallel Aware": false,
          "Startup Cost": 320897.62,
          "Total Cost": 320898.13,
          "Plan Rows": 5,
          "Plan Width": 8,
          "Actual Startup Time": 1191.915,
          "Actual Total Time": 1245.561,
          "Actual Rows": 6,
          "Actual Loops": 1,
          "Workers Planned": 5,
          "Workers Launched": 5,
          "Single Copy": false,
          "Plans": [
            {
              "Node Type": "Aggregate",
              "Strategy": "Plain",
              "Partial Mode": "Partial",
              "Parent Relationship": "Outer",
              "Parallel Aware": false,
              "Startup Cost": 319897.62,
              "Total Cost": 319897.63,
              "Plan Rows": 1,
              "Plan Width": 8,
              "Actual Startup Time": 1180.864,
              "Actual Total Time": 1181.245,
              "Actual Rows": 1,
              "Actual Loops": 6,
              "Plans": [
                {
                  "Node Type": "Hash Join",
                  "Parent Relationship": "Outer",
                  "Parallel Aware": true,
                  "Join Type": "Inner",
                  "Startup Cost": 103669.99,
                  "Total Cost": 314043.48,
                  "Plan Rows": 2341656,
                  "Plan Width": 0,
                  "Actual Startup Time": 414.856,
                  "Actual Total Time": 1139.041,
                  "Actual Rows": 912720,
                  "Actual Loops": 6,
                  "Inner Unique": false,
                  "Hash Cond": "(mi.movie_id = t.id)",
                  "Plans": [
                    {
                      "Node Type": "Seq Scan",
                      "Parent Relationship": "Outer",
                      "Parallel Aware": true,
                      "Relation Name": "movie_info",
                      "Alias": "mi",
                      "Startup Cost": 0.0,
                      "Total Cost": 191685.19,
                      "Plan Rows": 2969219,
                      "Plan Width": 4,
                      "Actual Startup Time": 0.035,
                      "Actual Total Time": 305.667,
                      "Actual Rows": 2472620,
                      "Actual Loops": 6
                    },
                    {
                      "Node Type": "Hash",
                      "Parent Relationship": "Inner",
                      "Parallel Aware": true,
                      "Startup Cost": 95629.56,
                      "Total Cost": 95629.56,
                      "Plan Rows": 643234,
                      "Plan Width": 8,
                      "Actual Startup Time": 409.765,
                      "Actual Total Time": 410.144,
                      "Actual Rows": 85450,
                      "Actual Loops": 6,
                      "Hash Buckets": 2097152,
                      "Original Hash Buckets": 2097152,
                      "Hash Batches": 1,
                      "Original Hash Batches": 1,
                      "Peak Memory Usage": 36512,
                      "Plans": [
                        {
                          "Node Type": "Hash Join",
                          "Parent Relationship": "Outer",
                          "Parallel Aware": true,
                          "Join Type": "Inner",
                          "Startup Cost": 49948.66,
                          "Total Cost": 95629.56,
                          "Plan Rows": 643234,
                          "Plan Width": 8,
                          "Actual Startup Time": 218.227,
                          "Actual Total Time": 375.567,
                          "Actual Rows": 85450,
                          "Actual Loops": 6,
                          "Inner Unique": true,
                          "Hash Cond": "(mk.movie_id = t.id)",
                          "Plans": [
                            {
                              "Node Type": "Seq Scan",
                              "Parent Relationship": "Outer",
                              "Parallel Aware": true,
                              "Relation Name": "movie_keyword",
                              "Alias": "mk",
                              "Startup Cost": 0.0,
                              "Total Cost": 42695.65,
                              "Plan Rows": 1137237,
                              "Plan Width": 4,
                              "Actual Startup Time": 0.06,
                              "Actual Total Time": 85.564,
                              "Actual Rows": 586787,
                              "Actual Loops": 6,
                              "Filter": "(keyword_id > 957)",
                              "Rows Removed by Filter": 167201
                            },
                            {
                              "Node Type": "Hash",
                              "Parent Relationship": "Inner",
                              "Parallel Aware": true,
                              "Startup Cost": 45479.59,
                              "Total Cost": 45479.59,
                              "Plan Rows": 357526,
                              "Plan Width": 4,
                              "Actual Startup Time": 215.469,
                              "Actual Total Time": 215.47,
                              "Actual Rows": 246406,
                              "Actual Loops": 6,
                              "Hash Buckets": 2097152,
                              "Original Hash Buckets": 2097152,
                              "Hash Batches": 1,
                              "Original Hash Batches": 1,
                              "Peak Memory Usage": 74368,
                              "Plans": [
                                {
                                  "Node Type": "Seq Scan",
                                  "Parent Relationship": "Outer",
                                  "Parallel Aware": true,
                                  "Relation Name": "title",
                                  "Alias": "t",
                                  "Startup Cost": 0.0,
                                  "Total Cost": 45479.59,
                                  "Plan Rows": 357526,
                                  "Plan Width": 4,
                                  "Actual Startup Time": 0.055,
                                  "Actual Total Time": 93.691,
                                  "Actual Rows": 246406,
                                  "Actual Loops": 6,
                                  "Filter": "((production_year > 1931) AND (kind_id = 7))",
                                  "Rows Removed by Filter": 174979
                                }
                              ]
                            }
                          ]
                        }
                      ]
                    }
                  ]
                }
              ]
            }
          ]
        }
      ]
    },
    "Planning Time": 0.97,
    "Triggers": [],
    "Execution Time": 1245.642
  }
]