[
  {
    "Plan": {
      "Node Type": "Aggregate",
      "Strategy": "Plain",
      "Partial Mode": "Finalize",
      "Parallel Aware": false,
      "Startup Cost": 335213.75,
      "Total Cost": 335213.76,
      "Plan Rows": 1,
      "Plan Width": 8,
      "Actual Startup Time": 822.408,
      "Actual Total Time": 893.959,
      "Actual Rows": 1,
      "Actual Loops": 1,
      "Plans": [
        {
          "Node Type": "Gather",
          "Parent Relationship": "Outer",
          "Parallel Aware": false,
          "Startup Cost": 335213.12,
          "Total Cost": 335213.73,
          "Plan Rows": 6,
          "Plan Width": 8,
          "Actual Startup Time": 822.32,
          "Actual Total Time": 893.949,
          "Actual Rows": 7,
          "Actual Loops": 1,
          "Workers Planned": 6,
          "Workers Launched": 6,
          "Single Copy": false,
          "Plans": [
            {
              "Node Type": "Aggregate",
              "Strategy": "Plain",
              "Partial Mode": "Partial",
              "Parent Relationship": "Outer",
              "Parallel Aware": false,
              "Startup Cost": 334213.12,
              "Total Cost": 334213.14,
              "Plan Rows": 1,
              "Plan Width": 8,
              "Actual Startup Time": 813.636,
              "Actual Total Time": 813.637,
              "Actual Rows": 1,
              "Actual Loops": 7,
              "Plans": [
                {
                  "Node Type": "Seq Scan",
                  "Parent Relationship": "Outer",
                  "Parallel Aware": true,
                  "Relation Name": "cast_info",
                  "Alias": "ci",
                  "Startup Cost": 0.0,
                  "Total Cost": 328162.03,
                  "Plan Rows": 2420440,
                  "Plan Width": 0,
                  "Actual Startup Time": 285.051,
                  "Actual Total Time": 698.716,
                  "Actual Rows": 2068227,
                  "Actual Loops": 7,
                  "Filter": "(person_id > 2212617)",
                  "Rows Removed by Filter": 3109536
                }
              ]
            }
          ]
        }
      ]
    },
    "Planning Time": 0.166,
    "Triggers": [],
    "Execution Time": 894.028
  }
]