[
  {
    "Plan": {
      "Node Type": "Aggregate",
      "Strategy": "Plain",
      "Partial Mode": "Finalize",
      "Parallel Aware": false,
      "Startup Cost": 77036.43,
      "Total Cost": 77036.44,
      "Plan Rows": 1,
      "Plan Width": 8,
      "Actual Startup Time": 266.55,
      "Actual Total Time": 284.157,
      "Actual Rows": 1,
      "Actual Loops": 1,
      "Plans": [
        {
          "Node Type": "Gather",
          "Parent Relationship": "Outer",
          "Parallel Aware": false,
          "Startup Cost": 77036.11,
          "Total Cost": 77036.42,
          "Plan Rows": 3,
          "Plan Width": 8,
          "Actual Startup Time": 263.784,
          "Actual Total Time": 284.148,
          "Actual Rows": 4,
          "Actual Loops": 1,
          "Workers Planned": 3,
          "Workers Launched": 3,
          "Single Copy": false,
          "Plans": [
            {
              "Node Type": "Aggregate",
              "Strategy": "Plain",
              "Partial Mode": "Partial",
              "Parent Relationship": "Outer",
              "Parallel Aware": false,
              "Startup Cost": 76036.11,
              "Total Cost": 76036.12,
              "Plan Rows": 1,
              "Plan Width": 8,
              "Actual Startup Time": 255.294,
              "Actual Total Time": 255.297,
              "Actual Rows": 1,
              "Actual Loops": 4,
              "Plans": [
                {
                  "Node Type": "Hash Join",
                  "Parent Relationship": "Outer",
                  "Parallel Aware": true,
                  "Join Type": "Inner",
                  "Startup Cost": 46304.72,
                  "Total Cost": 75998.05,
                  "Plan Rows": 15223,
                  "Plan Width": 0,
                  "Actual Startup Time": 205.814,
                  "Actual Total Time": 253.38,
                  "Actual Rows": 38065,
                  "Actual Loops": 4,
                  "Inner Unique": true,
                  "Hash Cond": "(mc.movie_id = t.id)",
                  "Plans": [
                    {
                      "Node Type": "Seq Scan",
                      "Parent Relationship": "Outer",
                      "Parallel Aware": true,
                      "Relation Name": "movie_companies",
                      "Alias": "mc",
                      "Startup Cost": 0.0,
                      "Total Cost": 29310.68,
                      "Plan Rows": 145770,
                      "Plan Width": 4,
                      "Actual Startup Time": 35.577,
                      "Actual Total Time": 68.249,
                      "Actual Rows": 112564,
                      "Actual Loops": 4,
                      "Filter": "(company_id > 77331)",
                      "Rows Removed by Filter": 539719
                    },
                    {
                      "Node Type": "Hash",
                      "Parent Relationship": "Inner",
                      "Parallel Aware": true,
                      "Startup Cost": 45479.59,
                      "Total Cost": 45479.59,
                      "Plan Rows": 66011,
                      "Plan Width": 4,
                      "Actual Startup Time": 150.092,
                      "Actual Total Time": 150.093,
                      "Actual Rows": 93549,
                      "Actual Loops": 4,
                      "Hash Buckets": 524288,
                      "Original Hash Buckets": 524288,
                      "Hash Batches": 1,
                      "Original Hash Batches": 1,
                      "Peak Memory Usage": 18784,
                      "Plans": [
                        {
                          "Node Type": "Seq Scan",
                          "Parent Relationship": "Outer",
                          "Parallel Aware": true,
                          "Relation Name": "title",
                          "Alias": "t",
                          "Startup Cost": 0.0,
                          "Total Cost": 45479.59,
                          "Plan Rows": 66011,
                          "Plan Width": 4,
                          "Actual Startup Time": 67.072,
                          "Actual Total Time": 115.275,
                          "Actual Rows": 93549,
                          "Actual Loops": 4,
                          "Filter": "((production_year < 2000) AND (kind_id = 1))",
                          "Rows Removed by Filter": 538529
                        }
                      ]
                    }
                  ]
                }
              ]
            }
          ]
        }
      ]
    },
    "Planning Time": 0.682,
    "Triggers": [],
    "Execution Time": 284.23
  }
]