[
  {
    "Plan": {
      "Node Type": "Aggregate",
      "Strategy": "Plain",
      "Partial Mode": "Simple",
      "Parallel Aware": false,
      "Startup Cost": 3231.7,
      "Total Cost": 3231.71,
      "Plan Rows": 1,
      "Plan Width": 8,
      "Actual Startup Time": 57.362,
      "Actual Total Time": 57.363,
      "Actual Rows": 1,
      "Actual Loops": 1,
      "Plans": [
        {
          "Node Type": "Nested Loop",
          "Parent Relationship": "Outer",
          "Parallel Aware": false,
          "Join Type": "Inner",
          "Startup Cost": 7.21,
          "Total Cost": 3226.86,
          "Plan Rows": 1936,
          "Plan Width": 0,
          "Actual Startup Time": 0.33,
          "Actual Total Time": 55.998,
          "Actual Rows": 17753,
          "Actual Loops": 1,
          "Inner Unique": false,
          "Plans": [
            {
              "Node Type": "Nested Loop",
              "Parent Relationship": "Outer",
              "Parallel Aware": false,
              "Join Type": "Inner",
              "Startup Cost": 6.64,
              "Total Cost": 2736.83,
              "Plan Rows": 230,
              "Plan Width": 8,
              "Actual Startup Time": 0.098,
              "Actual Total Time": 2.184,
              "Actual Rows": 260,
              "Actual Loops": 1,
              "Inner Unique": true,
              "Plans": [
                {
                  "Node Type": "Bitmap Heap Scan",
                  "Parent Relationship": "Outer",
                  "Parallel Aware": false,
                  "Relation Name": "movie_info_idx",
                  "Alias": "mi_idx",
                  "Startup Cost": 6.21,
                  "Total Cost": 801.9,
                  "Plan Rows": 230,
                  "Plan Width": 4,
                  "Actual Startup Time": 0.069,
                  "Actual Total Time": 0.115,
                  "Actual Rows": 260,
                  "Actual Loops": 1,
                  "Recheck Cond": "(info_type_id > 101)",
                  "Rows Removed by Index Recheck": 0,
                  "Exact Heap Blocks": 2,
                  "Lossy Heap Blocks": 0,
                  "Plans": [
                    {
                      "Node Type": "Bitmap Index Scan",
                      "Parent Relationship": "Outer",
                      "Parallel Aware": false,
                      "Index Name": "info_type_id_movie_info_idx",
                      "Startup Cost": 0.0,
                      "Total Cost": 6.15,
                      "Plan Rows": 230,
                      "Plan Width": 0,
                      "Actual Startup Time": 0.044,
                      "Actual Total Time": 0.044,
                      "Actual Rows": 260,
                      "Actual Loops": 1,
                      "Index Cond": "(info_type_id > 101)"
                    }
                  ]
                },
                {
                  "Node Type": "Index Only Scan",
                  "Parent Relationship": "Inner",
                  "Parallel Aware": false,
                  "Scan Direction": "Forward",
                  "Index Name": "title_pkey",
                  "Relation Name": "title",
                  "Alias": "t",
                  "Startup Cost": 0.43,
                  "Total Cost": 8.41,
                  "Plan Rows": 1,
                  "Plan Width": 4,
                  "Actual Startup Time": 0.007,
                  "Actual Total Time": 0.007,
                  "Actual Rows": 1,
                  "Actual Loops": 260,
                  "Index Cond": "(id = mi_idx.movie_id)",
                  "Rows Removed by Index Recheck": 0,
                  "Heap Fetches": 260
                }
              ]
            },
            {
              "Node Type": "Index Scan",
              "Parent Relationship": "Inner",
              "Parallel Aware": false,
              "Scan Direction": "Forward",
              "Index Name": "movie_id_cast_info",
              "Relation Name": "cast_info",
              "Alias": "ci",
              "Startup Cost": 0.56,
              "Total Cost": 1.91,
              "Plan Rows": 22,
              "Plan Width": 4,
              "Actual Startup Time": 0.073,
              "Actual Total Time": 0.199,
              "Actual Rows": 68,
              "Actual Loops": 260,
              "Index Cond": "(movie_id = t.id)",
              "Rows Removed by Index Recheck": 0,
              "Filter": "(person_id > 1472828)",
              "Rows Removed by Filter": 56
            }
          ]
        }
      ]
    },
    "Planning Time": 1.248,
    "Triggers": [],
    "Execution Time": 57.439
  }
]