[
  {
    "Plan": {
      "Node Type": "Aggregate",
      "Strategy": "Plain",
      "Partial Mode": "Finalize",
      "Parallel Aware": false,
      "Startup Cost": 124260.47,
      "Total Cost": 124260.48,
      "Plan Rows": 1,
      "Plan Width": 8,
      "Actual Startup Time": 579.649,
      "Actual Total Time": 598.648,
      "Actual Rows": 1,
      "Actual Loops": 1,
      "Plans": [
        {
          "Node Type": "Gather",
          "Parent Relationship": "Outer",
          "Parallel Aware": false,
          "Startup Cost": 124260.15,
          "Total Cost": 124260.46,
          "Plan Rows": 3,
          "Plan Width": 8,
          "Actual Startup Time": 576.801,
          "Actual Total Time": 598.627,
          "Actual Rows": 4,
          "Actual Loops": 1,
          "Workers Planned": 3,
          "Workers Launched": 3,
          "Single Copy": false,
          "Plans": [
            {
              "Node Type": "Aggregate",
              "Strategy": "Plain",
              "Partial Mode": "Partial",
              "Parent Relationship": "Outer",
              "Parallel Aware": false,
              "Startup Cost": 123260.15,
              "Total Cost": 123260.16,
              "Plan Rows": 1,
              "Plan Width": 8,
              "Actual Startup Time": 567.485,
              "Actual Total Time": 567.564,
              "Actual Rows": 1,
              "Actual Loops": 4,
              "Plans": [
                {
                  "Node Type": "Hash Join",
                  "Parent Relationship": "Outer",
                  "Parallel Aware": true,
                  "Join Type": "Inner",
                  "Startup Cost": 74311.41,
                  "Total Cost": 122835.18,
                  "Plan Rows": 169987,
                  "Plan Width": 0,
                  "Actual Startup Time": 342.422,
                  "Actual Total Time": 542.032,
                  "Actual Rows": 620146,
                  "Actual Loops": 4,
                  "Inner Unique": false,
                  "Hash Cond": "(mk.movie_id = t.id)",
                  "Plans": [
                    {
                      "Node Type": "Seq Scan",
                      "Parent Relationship": "Outer",
                      "Parallel Aware": true,
                      "Relation Name": "movie_keyword",
                      "Alias": "mk",
                      "Startup Cost": 0.0,
                      "Total Cost": 42695.65,
                      "Plan Rows": 1440839,
                      "Plan Width": 4,
                      "Actual Startup Time": 0.032,
                      "Actual Total Time": 112.865,
                      "Actual Rows": 1117298,
                      "Actual Loops": 4,
                      "Filter": "(keyword_id > 53)",
                      "Rows Removed by Filter": 13684
                    },
                    {
                      "Node Type": "Hash",
                      "Parent Relationship": "Inner",
                      "Parallel Aware": true,
                      "Startup Cost": 73379.27,
                      "Total Cost": 73379.27,
                      "Plan Rows": 74571,
                      "Plan Width": 8,
                      "Actual Startup Time": 298.02,
                      "Actual Total Time": 298.097,
                      "Actual Rows": 74874,
                      "Actual Loops": 4,
                      "Hash Buckets": 524288,
                      "Original Hash Buckets": 524288,
                      "Hash Batches": 1,
                      "Original Hash Batches": 1,
                      "Peak Memory Usage": 15904,
                      "Plans": [
                        {
                          "Node Type": "Hash Join",
                          "Parent Relationship": "Outer",
                          "Parallel Aware": true,
                          "Join Type": "Inner",
                          "Startup Cost": 27659.63,
                          "Total Cost": 73379.27,
                          "Plan Rows": 74571,
                          "Plan Width": 8,
                          "Actual Startup Time": 185.42,
                          "Actual Total Time": 273.452,
                          "Actual Rows": 74874,
                          "Actual Loops": 4,
                          "Inner Unique": false,
                          "Hash Cond": "(t.id = mc.movie_id)",
                          "Plans": [
                            {
                              "Node Type": "Seq Scan",
                              "Parent Relationship": "Outer",
                              "Parallel Aware": true,
                              "Relation Name": "title",
                              "Alias": "t",
                              "Startup Cost": 0.0,
                              "Total Cost": 42318.73,
                              "Plan Rows": 632073,
                              "Plan Width": 4,
                              "Actual Startup Time": 0.01,
                              "Actual Total Time": 75.182,
                              "Actual Rows": 632078,
                              "Actual Loops": 4
                            },
                            {
                              "Node Type": "Hash",
                              "Parent Relationship": "Inner",
                              "Parallel Aware": true,
                              "Startup Cost": 26456.88,
                              "Total Cost": 26456.88,
                              "Plan Rows": 96220,
                              "Plan Width": 4,
                              "Actual Startup Time": 82.405,
                              "Actual Total Time": 82.406,
                              "Actual Rows": 74874,
                              "Actual Loops": 4,
                              "Hash Buckets": 524288,
                              "Original Hash Buckets": 524288,
                              "Hash Batches": 1,
                              "Original Hash Batches": 1,
                              "Peak Memory Usage": 15840,
                              "Plans": [
                                {
                                  "Node Type": "Bitmap Heap Scan",
                                  "Parent Relationship": "Outer",
                                  "Parallel Aware": true,
                                  "Relation Name": "movie_companies",
                                  "Alias": "mc",
                                  "Startup Cost": 6464.12,
                                  "Total Cost": 26456.88,
                                  "Plan Rows": 96220,
                                  "Plan Width": 4,
                                  "Actual Startup Time": 20.676,
                                  "Actual Total Time": 49.639,
                                  "Actual Rows": 74874,
                                  "Actual Loops": 4,
                                  "Recheck Cond": "(company_id > 94407)",
                                  "Rows Removed by Index Recheck": 0,
                                  "Exact Heap Blocks": 2102,
                                  "Lossy Heap Blocks": 0,
                                  "Plans": [
                                    {
                                      "Node Type": "Bitmap Index Scan",
                                      "Parent Relationship": "Outer",
                                      "Parallel Aware": false,
                                      "Index Name": "company_id_movie_companies",
                                      "Startup Cost": 0.0,
                                      "Total Cost": 6389.55,
                                      "Plan Rows": 298283,
                                      "Plan Width": 0,
                                      "Actual Startup Time": 19.682,
                                      "Actual Total Time": 19.682,
                                      "Actual Rows": 299497,
                                      "Actual Loops": 1,
                                      "Index Cond": "(company_id > 94407)"
                                    }
                                  ]
                                }
                              ]
                            }
                          ]
                        }
                      ]
                    }
                  ]
                }
              ]
            }
          ]
        }
      ]
    },
    "Planning Time": 1.434,
    "Triggers": [],
    "Execution Time": 598.751
  }
]