[
  {
    "Plan": {
      "Node Type": "Aggregate",
      "Strategy": "Plain",
      "Partial Mode": "Finalize",
      "Parallel Aware": false,
      "Startup Cost": 349457.15,
      "Total Cost": 349457.16,
      "Plan Rows": 1,
      "Plan Width": 8,
      "Actual Startup Time": 892.436,
      "Actual Total Time": 949.913,
      "Actual Rows": 1,
      "Actual Loops": 1,
      "Plans": [
        {
          "Node Type": "Gather",
          "Parent Relationship": "Outer",
          "Parallel Aware": false,
          "Startup Cost": 349456.53,
          "Total Cost": 349457.14,
          "Plan Rows": 6,
          "Plan Width": 8,
          "Actual Startup Time": 892.318,
          "Actual Total Time": 949.9,
          "Actual Rows": 7,
          "Actual Loops": 1,
          "Workers Planned": 6,
          "Workers Launched": 6,
          "Single Copy": false,
          "Plans": [
            {
              "Node Type": "Aggregate",
              "Strategy": "Plain",
              "Partial Mode": "Partial",
              "Parent Relationship": "Outer",
              "Parallel Aware": false,
              "Startup Cost": 348456.53,
              "Total Cost": 348456.54,
              "Plan Rows": 1,
              "Plan Width": 8,
              "Actual Startup Time": 885.619,
              "Actual Total Time": 885.62,
              "Actual Rows": 1,
              "Actual Loops": 7,
              "Plans": [
                {
                  "Node Type": "Seq Scan",
                  "Parent Relationship": "Outer",
                  "Parallel Aware": true,
                  "Relation Name": "cast_info",
                  "Alias": "ci",
                  "Startup Cost": 0.0,
                  "Total Cost": 343316.27,
                  "Plan Rows": 2056102,
                  "Plan Width": 0,
                  "Actual Startup Time": 222.064,
                  "Actual Total Time": 739.712,
                  "Actual Rows": 2672837,
                  "Actual Loops": 7,
                  "Filter": "((person_id > 1720756) AND (role_id > 1))",
                  "Rows Removed by Filter": 2504926
                }
              ]
            }
          ]
        }
      ]
    },
    "Planning Time": 0.178,
    "Triggers": [],
    "Execution Time": 949.981
  }
]