[
  {
    "Plan": {
      "Node Type": "Aggregate",
      "Strategy": "Plain",
      "Partial Mode": "Finalize",
      "Parallel Aware": false,
      "Startup Cost": 35913.57,
      "Total Cost": 35913.58,
      "Plan Rows": 1,
      "Plan Width": 8,
      "Actual Startup Time": 138.597,
      "Actual Total Time": 161.596,
      "Actual Rows": 1,
      "Actual Loops": 1,
      "Plans": [
        {
          "Node Type": "Gather",
          "Parent Relationship": "Outer",
          "Parallel Aware": false,
          "Startup Cost": 35913.36,
          "Total Cost": 35913.57,
          "Plan Rows": 2,
          "Plan Width": 8,
          "Actual Startup Time": 138.428,
          "Actual Total Time": 161.589,
          "Actual Rows": 3,
          "Actual Loops": 1,
          "Workers Planned": 2,
          "Workers Launched": 2,
          "Single Copy": false,
          "Plans": [
            {
              "Node Type": "Aggregate",
              "Strategy": "Plain",
              "Partial Mode": "Partial",
              "Parent Relationship": "Outer",
              "Parallel Aware": false,
              "Startup Cost": 34913.36,
              "Total Cost": 34913.37,
              "Plan Rows": 1,
              "Plan Width": 8,
              "Actual Startup Time": 130.39,
              "Actual Total Time": 130.392,
              "Actual Rows": 1,
              "Actual Loops": 3,
              "Plans": [
                {
                  "Node Type": "Nested Loop",
                  "Parent Relationship": "Outer",
                  "Parallel Aware": false,
                  "Join Type": "Inner",
                  "Startup Cost": 211.55,
                  "Total Cost": 34884.15,
                  "Plan Rows": 11682,
                  "Plan Width": 0,
                  "Actual Startup Time": 3.487,
                  "Actual Total Time": 123.83,
                  "Actual Rows": 95615,
                  "Actual Loops": 3,
                  "Inner Unique": false,
                  "Plans": [
                    {
                      "Node Type": "Nested Loop",
                      "Parent Relationship": "Outer",
                      "Parallel Aware": false,
                      "Join Type": "Inner",
                      "Startup Cost": 211.12,
                      "Total Cost": 31023.95,
                      "Plan Rows": 1998,
                      "Plan Width": 8,
                      "Actual Startup Time": 3.308,
                      "Actual Total Time": 26.975,
                      "Actual Rows": 2003,
                      "Actual Loops": 3,
                      "Inner Unique": true,
                      "Plans": [
                        {
                          "Node Type": "Bitmap Heap Scan",
                          "Parent Relationship": "Outer",
                          "Parallel Aware": true,
                          "Relation Name": "movie_companies",
                          "Alias": "mc",
                          "Startup Cost": 210.69,
                          "Total Cost": 16324.27,
                          "Plan Rows": 1998,
                          "Plan Width": 4,
                          "Actual Startup Time": 3.103,
                          "Actual Total Time": 11.305,
                          "Actual Rows": 2003,
                          "Actual Loops": 3,
                          "Recheck Cond": "(company_id = 846)",
                          "Rows Removed by Index Recheck": 0,
                          "Filter": "(company_type_id = 1)",
                          "Rows Removed by Filter": 1385,
                          "Exact Heap Blocks": 3912,
                          "Lossy Heap Blocks": 0,
                          "Plans": [
                            {
                              "Node Type": "Bitmap Index Scan",
                              "Parent Relationship": "Outer",
                              "Parallel Aware": false,
                              "Index Name": "company_id_movie_companies",
                              "Startup Cost": 0.0,
                              "Total Cost": 209.49,
                              "Plan Rows": 9741,
                              "Plan Width": 0,
                              "Actual Startup Time": 5.901,
                              "Actual Total Time": 5.902,
                              "Actual Rows": 10163,
                              "Actual Loops": 1,
                              "Index Cond": "(company_id = 846)"
                            }
                          ]
                        },
                        {
                          "Node Type": "Index Only Scan",
                          "Parent Relationship": "Inner",
                          "Parallel Aware": false,
                          "Scan Direction": "Forward",
                          "Index Name": "title_pkey",
                          "Relation Name": "title",
                          "Alias": "t",
                          "Startup Cost": 0.43,
                          "Total Cost": 7.36,
                          "Plan Rows": 1,
                          "Plan Width": 4,
                          "Actual Startup Time": 0.007,
                          "Actual Total Time": 0.007,
                          "Actual Rows": 1,
                          "Actual Loops": 6008,
                          "Index Cond": "(id = mc.movie_id)",
                          "Rows Removed by Index Recheck": 0,
                          "Heap Fetches": 6008
                        }
                      ]
                    },
                    {
                      "Node Type": "Index Only Scan",
                      "Parent Relationship": "Inner",
                      "Parallel Aware": false,
                      "Scan Direction": "Forward",
                      "Index Name": "movie_id_movie_info",
                      "Relation Name": "movie_info",
                      "Alias": "mi",
                      "Startup Cost": 0.43,
                      "Total Cost": 1.51,
                      "Plan Rows": 42,
                      "Plan Width": 4,
                      "Actual Startup Time": 0.01,
                      "Actual Total Time": 0.043,
                      "Actual Rows": 48,
                      "Actual Loops": 6008,
                      "Index Cond": "(movie_id = t.id)",
                      "Rows Removed by Index Recheck": 0,
                      "Heap Fetches": 286844
                    }
                  ]
                }
              ]
            }
          ]
        }
      ]
    },
    "Planning Time": 1.515,
    "Triggers": [],
    "Execution Time": 161.706
  }
]