[
  {
    "Plan": {
      "Node Type": "Aggregate",
      "Strategy": "Plain",
      "Partial Mode": "Finalize",
      "Parallel Aware": false,
      "Startup Cost": 90988.48,
      "Total Cost": 90988.49,
      "Plan Rows": 1,
      "Plan Width": 8,
      "Actual Startup Time": 284.197,
      "Actual Total Time": 303.082,
      "Actual Rows": 1,
      "Actual Loops": 1,
      "Plans": [
        {
          "Node Type": "Gather",
          "Parent Relationship": "Outer",
          "Parallel Aware": false,
          "Startup Cost": 90988.17,
          "Total Cost": 90988.48,
          "Plan Rows": 3,
          "Plan Width": 8,
          "Actual Startup Time": 283.896,
          "Actual Total Time": 303.061,
          "Actual Rows": 4,
          "Actual Loops": 1,
          "Workers Planned": 3,
          "Workers Launched": 3,
          "Single Copy": false,
          "Plans": [
            {
              "Node Type": "Aggregate",
              "Strategy": "Plain",
              "Partial Mode": "Partial",
              "Parent Relationship": "Outer",
              "Parallel Aware": false,
              "Startup Cost": 89988.17,
              "Total Cost": 89988.18,
              "Plan Rows": 1,
              "Plan Width": 8,
              "Actual Startup Time": 275.293,
              "Actual Total Time": 275.296,
              "Actual Rows": 1,
              "Actual Loops": 4,
              "Plans": [
                {
                  "Node Type": "Hash Join",
                  "Parent Relationship": "Outer",
                  "Parallel Aware": true,
                  "Join Type": "Inner",
                  "Startup Cost": 44062.2,
                  "Total Cost": 89925.81,
                  "Plan Rows": 24941,
                  "Plan Width": 0,
                  "Actual Startup Time": 103.083,
                  "Actual Total Time": 274.209,
                  "Actual Rows": 24217,
                  "Actual Loops": 4,
                  "Inner Unique": true,
                  "Hash Cond": "(mk.movie_id = t.id)",
                  "Plans": [
                    {
                      "Node Type": "Seq Scan",
                      "Parent Relationship": "Outer",
                      "Parallel Aware": true,
                      "Relation Name": "movie_keyword",
                      "Alias": "mk",
                      "Startup Cost": 0.0,
                      "Total Cost": 42695.65,
                      "Plan Rows": 1206841,
                      "Plan Width": 4,
                      "Actual Startup Time": 0.028,
                      "Actual Total Time": 108.851,
                      "Actual Rows": 937778,
                      "Actual Loops": 4,
                      "Filter": "(keyword_id < 24382)",
                      "Rows Removed by Filter": 193204
                    },
                    {
                      "Node Type": "Hash",
                      "Parent Relationship": "Inner",
                      "Parallel Aware": true,
                      "Startup Cost": 43898.92,
                      "Total Cost": 43898.92,
                      "Plan Rows": 13063,
                      "Plan Width": 4,
                      "Actual Startup Time": 101.459,
                      "Actual Total Time": 101.46,
                      "Actual Rows": 14648,
                      "Actual Loops": 4,
                      "Hash Buckets": 65536,
                      "Original Hash Buckets": 65536,
                      "Hash Batches": 1,
                      "Original Hash Batches": 1,
                      "Peak Memory Usage": 2848,
                      "Plans": [
                        {
                          "Node Type": "Seq Scan",
                          "Parent Relationship": "Outer",
                          "Parallel Aware": true,
                          "Relation Name": "title",
                          "Alias": "t",
                          "Startup Cost": 0.0,
                          "Total Cost": 43898.92,
                          "Plan Rows": 13063,
                          "Plan Width": 4,
                          "Actual Startup Time": 0.047,
                          "Actual Total Time": 94.615,
                          "Actual Rows": 14648,
                          "Actual Loops": 4,
                          "Filter": "(production_year = 2001)",
                          "Rows Removed by Filter": 617430
                        }
                      ]
                    }
                  ]
                }
              ]
            }
          ]
        }
      ]
    },
    "Planning Time": 0.584,
    "Triggers": [],
    "Execution Time": 303.15
  }
]