{
  "Plan": {
    "Node Type": "Aggregate",
    "Strategy": "Plain",
    "Partial Mode": "Finalize",
    "Parallel Aware": false,
    "Startup Cost": 300645.75,
    "Total Cost": 300645.76,
    "Plan Rows": 1,
    "Plan Width": 8,
    "Actual Startup Time": 2930.073,
    "Actual Total Time": 3002.58,
    "Actual Rows": 1,
    "Actual Loops": 1,
    "Plans": [
      {
        "Node Type": "Gather",
        "Parent Relationship": "Outer",
        "Parallel Aware": false,
        "Startup Cost": 300645.63,
        "Total Cost": 300645.74,
        "Plan Rows": 1,
        "Plan Width": 8,
        "Actual Startup Time": 2925.028,
        "Actual Total Time": 3002.57,
        "Actual Rows": 2,
        "Actual Loops": 1,
        "Workers Planned": 1,
        "Workers Launched": 1,
        "Single Copy": false,
        "Plans": [
          {
            "Node Type": "Aggregate",
            "Strategy": "Plain",
            "Partial Mode": "Partial",
            "Parent Relationship": "Outer",
            "Parallel Aware": false,
            "Startup Cost": 299645.63,
            "Total Cost": 299645.64,
            "Plan Rows": 1,
            "Plan Width": 8,
            "Actual Startup Time": 2924.2,
            "Actual Total Time": 2924.204,
            "Actual Rows": 1,
            "Actual Loops": 2,
            "Plans": [
              {
                "Node Type": "Nested Loop",
                "Parent Relationship": "Outer",
                "Parallel Aware": false,
                "Join Type": "Inner",
                "Startup Cost": 55304.68,
                "Total Cost": 298381.76,
                "Plan Rows": 505551,
                "Plan Width": 0,
                "Actual Startup Time": 158.48,
                "Actual Total Time": 2851.155,
                "Actual Rows": 1617278,
                "Actual Loops": 2,
                "Inner Unique": false,
                "Join Filter": "(t.id = ci.movie_id)",
                "Rows Removed by Join Filter": 0,
                "Plans": [
                  {
                    "Node Type": "Hash Join",
                    "Parent Relationship": "Outer",
                    "Parallel Aware": true,
                    "Join Type": "Inner",
                    "Startup Cost": 55304.11,
                    "Total Cost": 113354.96,
                    "Plan Rows": 102454,
                    "Plan Width": 8,
                    "Actual Startup Time": 158.401,
                    "Actual Total Time": 517.499,
                    "Actual Rows": 87600,
                    "Actual Loops": 2,
                    "Inner Unique": true,
                    "Hash Cond": "(mk.movie_id = t.id)",
                    "Plans": [
                      {
                        "Node Type": "Seq Scan",
                        "Parent Relationship": "Outer",
                        "Parallel Aware": true,
                        "Relation Name": "movie_keyword",
                        "Alias": "mk",
                        "Startup Cost": 0.0,
                        "Total Cost": 51065.35,
                        "Plan Rows": 2661135,
                        "Plan Width": 4,
                        "Actual Startup Time": 0.011,
                        "Actual Total Time": 156.918,
                        "Actual Rows": 2261965,
                        "Actual Loops": 2
                      },
                      {
                        "Node Type": "Hash",
                        "Parent Relationship": "Inner",
                        "Parallel Aware": true,
                        "Startup Cost": 54588.39,
                        "Total Cost": 54588.39,
                        "Plan Rows": 57258,
                        "Plan Width": 4,
                        "Actual Startup Time": 155.954,
                        "Actual Total Time": 155.955,
                        "Actual Rows": 47502,
                        "Actual Loops": 2,
                        "Hash Buckets": 131072,
                        "Original Hash Buckets": 131072,
                        "Hash Batches": 1,
                        "Original Hash Batches": 1,
                        "Peak Memory Usage": 4768,
                        "Plans": [
                          {
                            "Node Type": "Seq Scan",
                            "Parent Relationship": "Outer",
                            "Parallel Aware": true,
                            "Relation Name": "title",
                            "Alias": "t",
                            "Startup Cost": 0.0,
                            "Total Cost": 54588.39,
                            "Plan Rows": 57258,
                            "Plan Width": 4,
                            "Actual Startup Time": 0.025,
                            "Actual Total Time": 139.718,
                            "Actual Rows": 47502,
                            "Actual Loops": 2,
                            "Filter": "(production_year = 2005)",
                            "Rows Removed by Filter": 1216654
                          }
                        ]
                      }
                    ]
                  },
                  {
                    "Node Type": "Index Scan",
                    "Parent Relationship": "Inner",
                    "Parallel Aware": false,
                    "Scan Direction": "Forward",
                    "Index Name": "movie_id_cast_info",
                    "Relation Name": "cast_info",
                    "Alias": "ci",
                    "Startup Cost": 0.56,
                    "Total Cost": 1.64,
                    "Plan Rows": 13,
                    "Plan Width": 4,
                    "Actual Startup Time": 0.003,
                    "Actual Total Time": 0.025,
                    "Actual Rows": 18,
                    "Actual Loops": 175199,
                    "Index Cond": "(movie_id = mk.movie_id)",
                    "Rows Removed by Index Recheck": 0,
                    "Filter": "(role_id = 1)",
                    "Rows Removed by Filter": 42
                  }
                ]
              }
            ]
          }
        ]
      }
    ]
  },
  "Planning Time": 0.811,
  "Triggers": [],
  "Execution Time": 3002.677
}