[
  {
    "Plan": {
      "Node Type": "Aggregate",
      "Strategy": "Plain",
      "Partial Mode": "Finalize",
      "Parallel Aware": false,
      "Startup Cost": 336211.26,
      "Total Cost": 336211.27,
      "Plan Rows": 1,
      "Plan Width": 8,
      "Actual Startup Time": 801.137,
      "Actual Total Time": 866.837,
      "Actual Rows": 1,
      "Actual Loops": 1,
      "Plans": [
        {
          "Node Type": "Gather",
          "Parent Relationship": "Outer",
          "Parallel Aware": false,
          "Startup Cost": 336210.63,
          "Total Cost": 336211.24,
          "Plan Rows": 6,
          "Plan Width": 8,
          "Actual Startup Time": 800.995,
          "Actual Total Time": 866.828,
          "Actual Rows": 7,
          "Actual Loops": 1,
          "Workers Planned": 6,
          "Workers Launched": 6,
          "Single Copy": false,
          "Plans": [
            {
              "Node Type": "Aggregate",
              "Strategy": "Plain",
              "Partial Mode": "Partial",
              "Parent Relationship": "Outer",
              "Parallel Aware": false,
              "Startup Cost": 335210.63,
              "Total Cost": 335210.64,
              "Plan Rows": 1,
              "Plan Width": 8,
              "Actual Startup Time": 792.447,
              "Actual Total Time": 792.448,
              "Actual Rows": 1,
              "Actual Loops": 7,
              "Plans": [
                {
                  "Node Type": "Seq Scan",
                  "Parent Relationship": "Outer",
                  "Parallel Aware": true,
                  "Relation Name": "cast_info",
                  "Alias": "ci",
                  "Startup Cost": 0.0,
                  "Total Cost": 328162.03,
                  "Plan Rows": 2819443,
                  "Plan Width": 0,
                  "Actual Startup Time": 0.052,
                  "Actual Total Time": 666.055,
                  "Actual Rows": 2423360,
                  "Actual Loops": 7,
                  "Filter": "(person_id < 1676676)",
                  "Rows Removed by Filter": 2754403
                }
              ]
            }
          ]
        }
      ]
    },
    "Planning Time": 0.2,
    "Triggers": [],
    "Execution Time": 866.91
  }
]