[
  {
    "Plan": {
      "Node Type": "Aggregate",
      "Strategy": "Plain",
      "Partial Mode": "Finalize",
      "Parallel Aware": false,
      "Startup Cost": 77069.26,
      "Total Cost": 77069.27,
      "Plan Rows": 1,
      "Plan Width": 8,
      "Actual Startup Time": 198.096,
      "Actual Total Time": 214.025,
      "Actual Rows": 1,
      "Actual Loops": 1,
      "Plans": [
        {
          "Node Type": "Gather",
          "Parent Relationship": "Outer",
          "Parallel Aware": false,
          "Startup Cost": 77068.94,
          "Total Cost": 77069.25,
          "Plan Rows": 3,
          "Plan Width": 8,
          "Actual Startup Time": 197.821,
          "Actual Total Time": 214.017,
          "Actual Rows": 4,
          "Actual Loops": 1,
          "Workers Planned": 3,
          "Workers Launched": 3,
          "Single Copy": false,
          "Plans": [
            {
              "Node Type": "Aggregate",
              "Strategy": "Plain",
              "Partial Mode": "Partial",
              "Parent Relationship": "Outer",
              "Parallel Aware": false,
              "Startup Cost": 76068.94,
              "Total Cost": 76068.95,
              "Plan Rows": 1,
              "Plan Width": 8,
              "Actual Startup Time": 192.613,
              "Actual Total Time": 192.621,
              "Actual Rows": 1,
              "Actual Loops": 4,
              "Plans": [
                {
                  "Node Type": "Hash Join",
                  "Parent Relationship": "Outer",
                  "Parallel Aware": true,
                  "Join Type": "Inner",
                  "Startup Cost": 45611.22,
                  "Total Cost": 76051.03,
                  "Plan Rows": 7166,
                  "Plan Width": 0,
                  "Actual Startup Time": 124.009,
                  "Actual Total Time": 192.133,
                  "Actual Rows": 8734,
                  "Actual Loops": 4,
                  "Inner Unique": true,
                  "Hash Cond": "(mc.movie_id = t.id)",
                  "Plans": [
                    {
                      "Node Type": "Seq Scan",
                      "Parent Relationship": "Outer",
                      "Parallel Aware": true,
                      "Relation Name": "movie_companies",
                      "Alias": "mc",
                      "Startup Cost": 0.0,
                      "Total Cost": 29310.68,
                      "Plan Rows": 430142,
                      "Plan Width": 4,
                      "Actual Startup Time": 30.591,
                      "Actual Total Time": 68.183,
                      "Actual Rows": 333721,
                      "Actual Loops": 4,
                      "Filter": "(company_type_id = 2)",
                      "Rows Removed by Filter": 318562
                    },
                    {
                      "Node Type": "Hash",
                      "Parent Relationship": "Inner",
                      "Parallel Aware": true,
                      "Startup Cost": 45479.59,
                      "Total Cost": 45479.59,
                      "Plan Rows": 10531,
                      "Plan Width": 4,
                      "Actual Startup Time": 92.796,
                      "Actual Total Time": 92.797,
                      "Actual Rows": 8476,
                      "Actual Loops": 4,
                      "Hash Buckets": 65536,
                      "Original Hash Buckets": 65536,
                      "Hash Batches": 1,
                      "Original Hash Batches": 1,
                      "Peak Memory Usage": 1920,
                      "Plans": [
                        {
                          "Node Type": "Seq Scan",
                          "Parent Relationship": "Outer",
                          "Parallel Aware": true,
                          "Relation Name": "title",
                          "Alias": "t",
                          "Startup Cost": 0.0,
                          "Total Cost": 45479.59,
                          "Plan Rows": 10531,
                          "Plan Width": 4,
                          "Actual Startup Time": 0.062,
                          "Actual Total Time": 89.497,
                          "Actual Rows": 8476,
                          "Actual Loops": 4,
                          "Filter": "((kind_id < 7) AND (production_year = 2006))",
                          "Rows Removed by Filter": 623602
                        }
                      ]
                    }
                  ]
                }
              ]
            }
          ]
        }
      ]
    },
    "Planning Time": 0.301,
    "Triggers": [],
    "Execution Time": 214.07
  }
]