[
  {
    "Plan": {
      "Node Type": "Aggregate",
      "Strategy": "Plain",
      "Partial Mode": "Finalize",
      "Parallel Aware": false,
      "Startup Cost": 349966.82,
      "Total Cost": 349966.83,
      "Plan Rows": 1,
      "Plan Width": 8,
      "Actual Startup Time": 662.152,
      "Actual Total Time": 719.653,
      "Actual Rows": 1,
      "Actual Loops": 1,
      "Plans": [
        {
          "Node Type": "Gather",
          "Parent Relationship": "Outer",
          "Parallel Aware": false,
          "Startup Cost": 349966.2,
          "Total Cost": 349966.81,
          "Plan Rows": 6,
          "Plan Width": 8,
          "Actual Startup Time": 662.037,
          "Actual Total Time": 719.642,
          "Actual Rows": 7,
          "Actual Loops": 1,
          "Workers Planned": 6,
          "Workers Launched": 6,
          "Single Copy": false,
          "Plans": [
            {
              "Node Type": "Aggregate",
              "Strategy": "Plain",
              "Partial Mode": "Partial",
              "Parent Relationship": "Outer",
              "Parallel Aware": false,
              "Startup Cost": 348966.2,
              "Total Cost": 348966.21,
              "Plan Rows": 1,
              "Plan Width": 8,
              "Actual Startup Time": 653.608,
              "Actual Total Time": 653.609,
              "Actual Rows": 1,
              "Actual Loops": 7,
              "Plans": [
                {
                  "Node Type": "Seq Scan",
                  "Parent Relationship": "Outer",
                  "Parallel Aware": true,
                  "Relation Name": "cast_info",
                  "Alias": "ci",
                  "Startup Cost": 0.0,
                  "Total Cost": 343257.03,
                  "Plan Rows": 2283667,
                  "Plan Width": 0,
                  "Actual Startup Time": 218.085,
                  "Actual Total Time": 606.543,
                  "Actual Rows": 1183429,
                  "Actual Loops": 7,
                  "Filter": "((person_id < 2112960) AND (role_id > 1))",
                  "Rows Removed by Filter": 3994334
                }
              ]
            }
          ]
        }
      ]
    },
    "Planning Time": 0.197,
    "Triggers": [],
    "Execution Time": 719.722
  }
]