[
  {
    "Plan": {
      "Node Type": "Aggregate",
      "Strategy": "Plain",
      "Partial Mode": "Finalize",
      "Parallel Aware": false,
      "Startup Cost": 46546.15,
      "Total Cost": 46546.16,
      "Plan Rows": 1,
      "Plan Width": 8,
      "Actual Startup Time": 93.68,
      "Actual Total Time": 107.213,
      "Actual Rows": 1,
      "Actual Loops": 1,
      "Plans": [
        {
          "Node Type": "Gather",
          "Parent Relationship": "Outer",
          "Parallel Aware": false,
          "Startup Cost": 46545.73,
          "Total Cost": 46546.14,
          "Plan Rows": 4,
          "Plan Width": 8,
          "Actual Startup Time": 93.529,
          "Actual Total Time": 107.204,
          "Actual Rows": 5,
          "Actual Loops": 1,
          "Workers Planned": 4,
          "Workers Launched": 4,
          "Single Copy": false,
          "Plans": [
            {
              "Node Type": "Aggregate",
              "Strategy": "Plain",
              "Partial Mode": "Partial",
              "Parent Relationship": "Outer",
              "Parallel Aware": false,
              "Startup Cost": 45545.73,
              "Total Cost": 45545.74,
              "Plan Rows": 1,
              "Plan Width": 8,
              "Actual Startup Time": 86.394,
              "Actual Total Time": 86.412,
              "Actual Rows": 1,
              "Actual Loops": 5,
              "Plans": [
                {
                  "Node Type": "Seq Scan",
                  "Parent Relationship": "Outer",
                  "Parallel Aware": true,
                  "Relation Name": "title",
                  "Alias": "t",
                  "Startup Cost": 0.0,
                  "Total Cost": 45479.1,
                  "Plan Rows": 26654,
                  "Plan Width": 0,
                  "Actual Startup Time": 0.04,
                  "Actual Total Time": 84.675,
                  "Actual Rows": 21703,
                  "Actual Loops": 5,
                  "Filter": "((kind_id > 1) AND (production_year = 2010))",
                  "Rows Removed by Filter": 483960
                }
              ]
            }
          ]
        }
      ]
    },
    "Planning Time": 0.186,
    "Triggers": [],
    "Execution Time": 107.284
  }
]