[
  {
    "Plan": {
      "Node Type": "Aggregate",
      "Strategy": "Plain",
      "Partial Mode": "Finalize",
      "Parallel Aware": false,
      "Startup Cost": 60424.01,
      "Total Cost": 60424.02,
      "Plan Rows": 1,
      "Plan Width": 8,
      "Actual Startup Time": 74.443,
      "Actual Total Time": 85.134,
      "Actual Rows": 1,
      "Actual Loops": 1,
      "Plans": [
        {
          "Node Type": "Gather",
          "Parent Relationship": "Outer",
          "Parallel Aware": false,
          "Startup Cost": 60423.59,
          "Total Cost": 60424.0,
          "Plan Rows": 4,
          "Plan Width": 8,
          "Actual Startup Time": 73.906,
          "Actual Total Time": 85.128,
          "Actual Rows": 5,
          "Actual Loops": 1,
          "Workers Planned": 4,
          "Workers Launched": 4,
          "Single Copy": false,
          "Plans": [
            {
              "Node Type": "Aggregate",
              "Strategy": "Plain",
              "Partial Mode": "Partial",
              "Parent Relationship": "Outer",
              "Parallel Aware": false,
              "Startup Cost": 59423.59,
              "Total Cost": 59423.6,
              "Plan Rows": 1,
              "Plan Width": 8,
              "Actual Startup Time": 62.809,
              "Actual Total Time": 62.811,
              "Actual Rows": 1,
              "Actual Loops": 5,
              "Plans": [
                {
                  "Node Type": "Nested Loop",
                  "Parent Relationship": "Outer",
                  "Parallel Aware": false,
                  "Join Type": "Inner",
                  "Startup Cost": 1698.02,
                  "Total Cost": 59421.59,
                  "Plan Rows": 800,
                  "Plan Width": 0,
                  "Actual Startup Time": 12.025,
                  "Actual Total Time": 62.621,
                  "Actual Rows": 1276,
                  "Actual Loops": 5,
                  "Inner Unique": false,
                  "Plans": [
                    {
                      "Node Type": "Bitmap Heap Scan",
                      "Parent Relationship": "Outer",
                      "Parallel Aware": true,
                      "Relation Name": "title",
                      "Alias": "t",
                      "Startup Cost": 1697.58,
                      "Total Cost": 38052.09,
                      "Plan Rows": 136,
                      "Plan Width": 4,
                      "Actual Startup Time": 11.797,
                      "Actual Total Time": 54.155,
                      "Actual Rows": 132,
                      "Actual Loops": 5,
                      "Recheck Cond": "(kind_id = 2)",
                      "Rows Removed by Index Recheck": 0,
                      "Filter": "(production_year = 1975)",
                      "Rows Removed by Filter": 18038,
                      "Exact Heap Blocks": 14634,
                      "Lossy Heap Blocks": 0,
                      "Plans": [
                        {
                          "Node Type": "Bitmap Index Scan",
                          "Parent Relationship": "Outer",
                          "Parallel Aware": false,
                          "Index Name": "kind_id_title",
                          "Startup Cost": 0.0,
                          "Total Cost": 1697.45,
                          "Plan Rows": 95069,
                          "Plan Width": 0,
                          "Actual Startup Time": 14.582,
                          "Actual Total Time": 14.583,
                          "Actual Rows": 90852,
                          "Actual Loops": 1,
                          "Index Cond": "(kind_id = 2)"
                        }
                      ]
                    },
                    {
                      "Node Type": "Index Only Scan",
                      "Parent Relationship": "Inner",
                      "Parallel Aware": false,
                      "Scan Direction": "Forward",
                      "Index Name": "movie_id_movie_info",
                      "Relation Name": "movie_info",
                      "Alias": "mi",
                      "Startup Cost": 0.43,
                      "Total Cost": 156.72,
                      "Plan Rows": 41,
                      "Plan Width": 4,
                      "Actual Startup Time": 0.024,
                      "Actual Total Time": 0.062,
                      "Actual Rows": 10,
                      "Actual Loops": 660,
                      "Index Cond": "(movie_id = t.id)",
                      "Rows Removed by Index Recheck": 0,
                      "Heap Fetches": 6380
                    }
                  ]
                }
              ]
            }
          ]
        }
      ]
    },
    "Planning Time": 0.399,
    "Triggers": [],
    "Execution Time": 85.193
  }
]