[
    {
        "Bao": {
            "Bao prediction": "NaN",
            "Bao recommended hint": "(no hint)"
        }
    },
    {
        "Plan": {
            "Node Type": "Aggregate",
            "Strategy": "Plain",
            "Partial Mode": "Simple",
            "Parallel Aware": false,
            "Startup Cost": 22027.8,
            "Total Cost": 22027.81,
            "Plan Rows": 1,
            "Plan Width": 8,
            "Actual Startup Time": 38.134,
            "Actual Total Time": 38.136,
            "Actual Rows": 1,
            "Actual Loops": 1,
            "Output": [
                "count(*)"
            ],
            "Plans": [
                {
                    "Node Type": "Bitmap Heap Scan",
                    "Parent Relationship": "Outer",
                    "Parallel Aware": false,
                    "Relation Name": "movie_companies",
                    "Schema": "public",
                    "Alias": "mc",
                    "Startup Cost": 1845.13,
                    "Total Cost": 21918.73,
                    "Plan Rows": 43628,
                    "Plan Width": 0,
                    "Actual Startup Time": 5.964,
                    "Actual Total Time": 31.603,
                    "Actual Rows": 87552,
                    "Actual Loops": 1,
                    "Recheck Cond": "(mc.company_id > 165251)",
                    "Rows Removed by Index Recheck": 0,
                    "Filter": "(mc.company_type_id > 1)",
                    "Rows Removed by Filter": 0,
                    "Exact Heap Blocks": 2895,
                    "Lossy Heap Blocks": 0,
                    "Plans": [
                        {
                            "Node Type": "Bitmap Index Scan",
                            "Parent Relationship": "Outer",
                            "Parallel Aware": false,
                            "Index Name": "company_id_movie_companies",
                            "Startup Cost": 0.0,
                            "Total Cost": 1834.23,
                            "Plan Rows": 85573,
                            "Plan Width": 0,
                            "Actual Startup Time": 5.492,
                            "Actual Total Time": 5.492,
                            "Actual Rows": 87552,
                            "Actual Loops": 1,
                            "Index Cond": "(mc.company_id > 165251)"
                        }
                    ]
                }
            ]
        },
        "Planning Time": 284.174,
        "Triggers": [],
        "Execution Time": 38.186
    }
]