[
  {
    "Plan": {
      "Node Type": "Aggregate",
      "Strategy": "Plain",
      "Partial Mode": "Finalize",
      "Parallel Aware": false,
      "Startup Cost": 347307.45,
      "Total Cost": 347307.46,
      "Plan Rows": 1,
      "Plan Width": 8,
      "Actual Startup Time": 485.486,
      "Actual Total Time": 522.112,
      "Actual Rows": 1,
      "Actual Loops": 1,
      "Plans": [
        {
          "Node Type": "Gather",
          "Parent Relationship": "Outer",
          "Parallel Aware": false,
          "Startup Cost": 347306.82,
          "Total Cost": 347307.43,
          "Plan Rows": 6,
          "Plan Width": 8,
          "Actual Startup Time": 485.377,
          "Actual Total Time": 522.096,
          "Actual Rows": 7,
          "Actual Loops": 1,
          "Workers Planned": 6,
          "Workers Launched": 6,
          "Single Copy": false,
          "Plans": [
            {
              "Node Type": "Aggregate",
              "Strategy": "Plain",
              "Partial Mode": "Partial",
              "Parent Relationship": "Outer",
              "Parallel Aware": false,
              "Startup Cost": 346306.82,
              "Total Cost": 346306.83,
              "Plan Rows": 1,
              "Plan Width": 8,
              "Actual Startup Time": 479.24,
              "Actual Total Time": 479.242,
              "Actual Rows": 1,
              "Actual Loops": 7,
              "Plans": [
                {
                  "Node Type": "Index Scan",
                  "Parent Relationship": "Outer",
                  "Parallel Aware": true,
                  "Scan Direction": "Forward",
                  "Index Name": "role_id_cast_info",
                  "Relation Name": "cast_info",
                  "Alias": "ci",
                  "Startup Cost": 0.56,
                  "Total Cost": 341155.22,
                  "Plan Rows": 2060641,
                  "Plan Width": 0,
                  "Actual Startup Time": 31.542,
                  "Actual Total Time": 398.407,
                  "Actual Rows": 1705149,
                  "Actual Loops": 7,
                  "Index Cond": "(role_id = 1)",
                  "Rows Removed by Index Recheck": 0,
                  "Filter": "(person_id > 102688)",
                  "Rows Removed by Filter": 104949
                }
              ]
            }
          ]
        }
      ]
    },
    "Planning Time": 0.27,
    "Triggers": [],
    "Execution Time": 522.187
  }
]