[
  {
    "Plan": {
      "Node Type": "Aggregate",
      "Strategy": "Plain",
      "Partial Mode": "Finalize",
      "Parallel Aware": false,
      "Startup Cost": 77214.29,
      "Total Cost": 77214.3,
      "Plan Rows": 1,
      "Plan Width": 8,
      "Actual Startup Time": 354.432,
      "Actual Total Time": 375.286,
      "Actual Rows": 1,
      "Actual Loops": 1,
      "Plans": [
        {
          "Node Type": "Gather",
          "Parent Relationship": "Outer",
          "Parallel Aware": false,
          "Startup Cost": 77213.97,
          "Total Cost": 77214.28,
          "Plan Rows": 3,
          "Plan Width": 8,
          "Actual Startup Time": 350.611,
          "Actual Total Time": 375.273,
          "Actual Rows": 4,
          "Actual Loops": 1,
          "Workers Planned": 3,
          "Workers Launched": 3,
          "Single Copy": false,
          "Plans": [
            {
              "Node Type": "Aggregate",
              "Strategy": "Plain",
              "Partial Mode": "Partial",
              "Parent Relationship": "Outer",
              "Parallel Aware": false,
              "Startup Cost": 76213.97,
              "Total Cost": 76213.98,
              "Plan Rows": 1,
              "Plan Width": 8,
              "Actual Startup Time": 343.071,
              "Actual Total Time": 343.076,
              "Actual Rows": 1,
              "Actual Loops": 4,
              "Plans": [
                {
                  "Node Type": "Hash Join",
                  "Parent Relationship": "Outer",
                  "Parallel Aware": true,
                  "Join Type": "Inner",
                  "Startup Cost": 45991.9,
                  "Total Cost": 76030.4,
                  "Plan Rows": 73430,
                  "Plan Width": 0,
                  "Actual Startup Time": 204.938,
                  "Actual Total Time": 339.066,
                  "Actual Rows": 71738,
                  "Actual Loops": 4,
                  "Inner Unique": true,
                  "Hash Cond": "(mc.movie_id = t.id)",
                  "Plans": [
                    {
                      "Node Type": "Seq Scan",
                      "Parent Relationship": "Outer",
                      "Parallel Aware": true,
                      "Relation Name": "movie_companies",
                      "Alias": "mc",
                      "Startup Cost": 0.0,
                      "Total Cost": 29310.68,
                      "Plan Rows": 277264,
                      "Plan Width": 4,
                      "Actual Startup Time": 14.049,
                      "Actual Total Time": 78.3,
                      "Actual Rows": 212385,
                      "Actual Loops": 4,
                      "Filter": "(company_id > 25295)",
                      "Rows Removed by Filter": 439897
                    },
                    {
                      "Node Type": "Hash",
                      "Parent Relationship": "Inner",
                      "Parallel Aware": true,
                      "Startup Cost": 43899.32,
                      "Total Cost": 43899.32,
                      "Plan Rows": 167406,
                      "Plan Width": 4,
                      "Actual Startup Time": 187.625,
                      "Actual Total Time": 187.626,
                      "Actual Rows": 171036,
                      "Actual Loops": 4,
                      "Hash Buckets": 1048576,
                      "Original Hash Buckets": 1048576,
                      "Hash Batches": 1,
                      "Original Hash Batches": 1,
                      "Peak Memory Usage": 35008,
                      "Plans": [
                        {
                          "Node Type": "Seq Scan",
                          "Parent Relationship": "Outer",
                          "Parallel Aware": true,
                          "Relation Name": "title",
                          "Alias": "t",
                          "Startup Cost": 0.0,
                          "Total Cost": 43899.32,
                          "Plan Rows": 167406,
                          "Plan Width": 4,
                          "Actual Startup Time": 0.04,
                          "Actual Total Time": 114.266,
                          "Actual Rows": 171036,
                          "Actual Loops": 4,
                          "Filter": "(production_year < 1990)",
                          "Rows Removed by Filter": 461042
                        }
                      ]
                    }
                  ]
                }
              ]
            }
          ]
        }
      ]
    },
    "Planning Time": 0.246,
    "Triggers": [],
    "Execution Time": 375.325
  }
]