[
    {
        "Bao": {
            "Bao prediction": "NaN",
            "Bao recommended hint": "(no hint)"
        }
    },
    {
        "Plan": {
            "Node Type": "Aggregate",
            "Strategy": "Plain",
            "Partial Mode": "Finalize",
            "Parallel Aware": false,
            "Startup Cost": 241927.98,
            "Total Cost": 241927.99,
            "Plan Rows": 1,
            "Plan Width": 8,
            "Actual Startup Time": 283.652,
            "Actual Total Time": 293.007,
            "Actual Rows": 1,
            "Actual Loops": 1,
            "Output": [
                "count(*)"
            ],
            "Plans": [
                {
                    "Node Type": "Gather",
                    "Parent Relationship": "Outer",
                    "Parallel Aware": false,
                    "Startup Cost": 241927.46,
                    "Total Cost": 241927.97,
                    "Plan Rows": 5,
                    "Plan Width": 8,
                    "Actual Startup Time": 280.97,
                    "Actual Total Time": 292.998,
                    "Actual Rows": 6,
                    "Actual Loops": 1,
                    "Output": [
                        "(PARTIAL count(*))"
                    ],
                    "Workers Planned": 5,
                    "Workers Launched": 5,
                    "Single Copy": false,
                    "Plans": [
                        {
                            "Node Type": "Aggregate",
                            "Strategy": "Plain",
                            "Partial Mode": "Partial",
                            "Parent Relationship": "Outer",
                            "Parallel Aware": false,
                            "Startup Cost": 240927.46,
                            "Total Cost": 240927.47,
                            "Plan Rows": 1,
                            "Plan Width": 8,
                            "Actual Startup Time": 270.998,
                            "Actual Total Time": 271.001,
                            "Actual Rows": 1,
                            "Actual Loops": 6,
                            "Output": [
                                "PARTIAL count(*)"
                            ],
                            "Workers": [
                                {
                                    "Worker Number": 0,
                                    "Actual Startup Time": 268.222,
                                    "Actual Total Time": 268.225,
                                    "Actual Rows": 1,
                                    "Actual Loops": 1
                                },
                                {
                                    "Worker Number": 1,
                                    "Actual Startup Time": 268.835,
                                    "Actual Total Time": 268.838,
                                    "Actual Rows": 1,
                                    "Actual Loops": 1
                                },
                                {
                                    "Worker Number": 2,
                                    "Actual Startup Time": 269.427,
                                    "Actual Total Time": 269.43,
                                    "Actual Rows": 1,
                                    "Actual Loops": 1
                                },
                                {
                                    "Worker Number": 3,
                                    "Actual Startup Time": 269.525,
                                    "Actual Total Time": 269.528,
                                    "Actual Rows": 1,
                                    "Actual Loops": 1
                                },
                                {
                                    "Worker Number": 4,
                                    "Actual Startup Time": 269.554,
                                    "Actual Total Time": 269.556,
                                    "Actual Rows": 1,
                                    "Actual Loops": 1
                                }
                            ],
                            "Plans": [
                                {
                                    "Node Type": "Hash Join",
                                    "Parent Relationship": "Outer",
                                    "Parallel Aware": true,
                                    "Join Type": "Inner",
                                    "Startup Cost": 74205.39,
                                    "Total Cost": 240840.34,
                                    "Plan Rows": 34848,
                                    "Plan Width": 0,
                                    "Actual Startup Time": 180.701,
                                    "Actual Total Time": 270.038,
                                    "Actual Rows": 8921,
                                    "Actual Loops": 6,
                                    "Inner Unique": true,
                                    "Hash Cond": "(mi.movie_id = t.id)",
                                    "Workers": [
                                        {
                                            "Worker Number": 0,
                                            "Actual Startup Time": 177.813,
                                            "Actual Total Time": 267.26,
                                            "Actual Rows": 7124,
                                            "Actual Loops": 1
                                        },
                                        {
                                            "Worker Number": 1,
                                            "Actual Startup Time": 179.127,
                                            "Actual Total Time": 267.842,
                                            "Actual Rows": 7107,
                                            "Actual Loops": 1
                                        },
                                        {
                                            "Worker Number": 2,
                                            "Actual Startup Time": 179.025,
                                            "Actual Total Time": 268.396,
                                            "Actual Rows": 7391,
                                            "Actual Loops": 1
                                        },
                                        {
                                            "Worker Number": 3,
                                            "Actual Startup Time": 179.227,
                                            "Actual Total Time": 268.493,
                                            "Actual Rows": 7231,
                                            "Actual Loops": 1
                                        },
                                        {
                                            "Worker Number": 4,
                                            "Actual Startup Time": 179.33,
                                            "Actual Total Time": 268.571,
                                            "Actual Rows": 7106,
                                            "Actual Loops": 1
                                        }
                                    ],
                                    "Plans": [
                                        {
                                            "Node Type": "Bitmap Heap Scan",
                                            "Parent Relationship": "Outer",
                                            "Parallel Aware": true,
                                            "Relation Name": "movie_info",
                                            "Schema": "public",
                                            "Alias": "mi",
                                            "Startup Cost": 27829.04,
                                            "Total Cost": 193658.37,
                                            "Plan Rows": 306906,
                                            "Plan Width": 4,
                                            "Actual Startup Time": 78.075,
                                            "Actual Total Time": 118.56,
                                            "Actual Rows": 255652,
                                            "Actual Loops": 6,
                                            "Output": [
                                                "mi.id",
                                                "mi.movie_id",
                                                "mi.info_type_id",
                                                "mi.info",
                                                "mi.note"
                                            ],
                                            "Recheck Cond": "(mi.info_type_id = 3)",
                                            "Rows Removed by Index Recheck": 0,
                                            "Exact Heap Blocks": 2783,
                                            "Lossy Heap Blocks": 0,
                                            "Workers": [
                                                {
                                                    "Worker Number": 0,
                                                    "Actual Startup Time": 78.056,
                                                    "Actual Total Time": 119.056,
                                                    "Actual Rows": 218932,
                                                    "Actual Loops": 1
                                                },
                                                {
                                                    "Worker Number": 1,
                                                    "Actual Startup Time": 78.12,
                                                    "Actual Total Time": 119.205,
                                                    "Actual Rows": 219052,
                                                    "Actual Loops": 1
                                                },
                                                {
                                                    "Worker Number": 2,
                                                    "Actual Startup Time": 78.242,
                                                    "Actual Total Time": 119.258,
                                                    "Actual Rows": 219665,
                                                    "Actual Loops": 1
                                                },
                                                {
                                                    "Worker Number": 3,
                                                    "Actual Startup Time": 78.096,
                                                    "Actual Total Time": 119.08,
                                                    "Actual Rows": 219052,
                                                    "Actual Loops": 1
                                                },
                                                {
                                                    "Worker Number": 4,
                                                    "Actual Startup Time": 78.207,
                                                    "Actual Total Time": 119.36,
                                                    "Actual Rows": 220310,
                                                    "Actual Loops": 1
                                                }
                                            ],
                                            "Plans": [
                                                {
                                                    "Node Type": "Bitmap Index Scan",
                                                    "Parent Relationship": "Outer",
                                                    "Parallel Aware": false,
                                                    "Index Name": "info_type_id_movie_info",
                                                    "Startup Cost": 0.0,
                                                    "Total Cost": 27445.41,
                                                    "Plan Rows": 1534530,
                                                    "Plan Width": 0,
                                                    "Actual Startup Time": 76.365,
                                                    "Actual Total Time": 76.366,
                                                    "Actual Rows": 1533909,
                                                    "Actual Loops": 1,
                                                    "Index Cond": "(mi.info_type_id = 3)"
                                                }
                                            ]
                                        },
                                        {
                                            "Node Type": "Hash",
                                            "Parent Relationship": "Inner",
                                            "Parallel Aware": true,
                                            "Startup Cost": 45479.21,
                                            "Total Cost": 45479.21,
                                            "Plan Rows": 71771,
                                            "Plan Width": 4,
                                            "Actual Startup Time": 101.033,
                                            "Actual Total Time": 101.034,
                                            "Actual Rows": 48779,
                                            "Actual Loops": 6,
                                            "Output": [
                                                "t.id"
                                            ],
                                            "Hash Buckets": 524288,
                                            "Original Hash Buckets": 524288,
                                            "Hash Batches": 1,
                                            "Original Hash Batches": 1,
                                            "Peak Memory Usage": 15648,
                                            "Workers": [
                                                {
                                                    "Worker Number": 0,
                                                    "Actual Startup Time": 99.316,
                                                    "Actual Total Time": 99.317,
                                                    "Actual Rows": 37592,
                                                    "Actual Loops": 1
                                                },
                                                {
                                                    "Worker Number": 1,
                                                    "Actual Startup Time": 99.968,
                                                    "Actual Total Time": 99.969,
                                                    "Actual Rows": 36844,
                                                    "Actual Loops": 1
                                                },
                                                {
                                                    "Worker Number": 2,
                                                    "Actual Startup Time": 100.315,
                                                    "Actual Total Time": 100.317,
                                                    "Actual Rows": 38789,
                                                    "Actual Loops": 1
                                                },
                                                {
                                                    "Worker Number": 3,
                                                    "Actual Startup Time": 100.649,
                                                    "Actual Total Time": 100.65,
                                                    "Actual Rows": 39633,
                                                    "Actual Loops": 1
                                                },
                                                {
                                                    "Worker Number": 4,
                                                    "Actual Startup Time": 100.69,
                                                    "Actual Total Time": 100.691,
                                                    "Actual Rows": 39512,
                                                    "Actual Loops": 1
                                                }
                                            ],
                                            "Plans": [
                                                {
                                                    "Node Type": "Seq Scan",
                                                    "Parent Relationship": "Outer",
                                                    "Parallel Aware": true,
                                                    "Relation Name": "title",
                                                    "Schema": "public",
                                                    "Alias": "t",
                                                    "Startup Cost": 0.0,
                                                    "Total Cost": 45479.21,
                                                    "Plan Rows": 71771,
                                                    "Plan Width": 4,
                                                    "Actual Startup Time": 0.038,
                                                    "Actual Total Time": 81.618,
                                                    "Actual Rows": 48779,
                                                    "Actual Loops": 6,
                                                    "Output": [
                                                        "t.id"
                                                    ],
                                                    "Filter": "((t.kind_id > 1) AND (t.production_year > 2010))",
                                                    "Rows Removed by Filter": 372606,
                                                    "Workers": [
                                                        {
                                                            "Worker Number": 0,
                                                            "Actual Startup Time": 0.048,
                                                            "Actual Total Time": 81.513,
                                                            "Actual Rows": 37592,
                                                            "Actual Loops": 1
                                                        },
                                                        {
                                                            "Worker Number": 1,
                                                            "Actual Startup Time": 0.041,
                                                            "Actual Total Time": 80.184,
                                                            "Actual Rows": 36844,
                                                            "Actual Loops": 1
                                                        },
                                                        {
                                                            "Worker Number": 2,
                                                            "Actual Startup Time": 0.041,
                                                            "Actual Total Time": 82.004,
                                                            "Actual Rows": 38789,
                                                            "Actual Loops": 1
                                                        },
                                                        {
                                                            "Worker Number": 3,
                                                            "Actual Startup Time": 0.045,
                                                            "Actual Total Time": 82.644,
                                                            "Actual Rows": 39633,
                                                            "Actual Loops": 1
                                                        },
                                                        {
                                                            "Worker Number": 4,
                                                            "Actual Startup Time": 0.042,
                                                            "Actual Total Time": 81.986,
                                                            "Actual Rows": 39512,
                                                            "Actual Loops": 1
                                                        }
                                                    ]
                                                }
                                            ]
                                        }
                                    ]
                                }
                            ]
                        }
                    ]
                }
            ]
        },
        "Planning Time": 201.354,
        "Triggers": [],
        "Execution Time": 293.128
    }
]