[
  {
    "Plan": {
      "Node Type": "Aggregate",
      "Strategy": "Plain",
      "Partial Mode": "Finalize",
      "Parallel Aware": false,
      "Startup Cost": 422532.63,
      "Total Cost": 422532.64,
      "Plan Rows": 1,
      "Plan Width": 8,
      "Actual Startup Time": 4792.609,
      "Actual Total Time": 5013.081,
      "Actual Rows": 1,
      "Actual Loops": 1,
      "Plans": [
        {
          "Node Type": "Gather",
          "Parent Relationship": "Outer",
          "Parallel Aware": false,
          "Startup Cost": 422532.31,
          "Total Cost": 422532.62,
          "Plan Rows": 3,
          "Plan Width": 8,
          "Actual Startup Time": 4734.782,
          "Actual Total Time": 5013.064,
          "Actual Rows": 4,
          "Actual Loops": 1,
          "Workers Planned": 3,
          "Workers Launched": 3,
          "Single Copy": false,
          "Plans": [
            {
              "Node Type": "Aggregate",
              "Strategy": "Plain",
              "Partial Mode": "Partial",
              "Parent Relationship": "Outer",
              "Parallel Aware": false,
              "Startup Cost": 421532.31,
              "Total Cost": 421532.32,
              "Plan Rows": 1,
              "Plan Width": 8,
              "Actual Startup Time": 4696.607,
              "Actual Total Time": 4696.618,
              "Actual Rows": 1,
              "Actual Loops": 4,
              "Plans": [
                {
                  "Node Type": "Hash Join",
                  "Parent Relationship": "Outer",
                  "Parallel Aware": true,
                  "Join Type": "Inner",
                  "Startup Cost": 386648.58,
                  "Total Cost": 418819.72,
                  "Plan Rows": 1085034,
                  "Plan Width": 0,
                  "Actual Startup Time": 3172.795,
                  "Actual Total Time": 4507.151,
                  "Actual Rows": 2882719,
                  "Actual Loops": 4,
                  "Inner Unique": false,
                  "Hash Cond": "(mc.movie_id = t.id)",
                  "Plans": [
                    {
                      "Node Type": "Seq Scan",
                      "Parent Relationship": "Outer",
                      "Parallel Aware": true,
                      "Relation Name": "movie_companies",
                      "Alias": "mc",
                      "Startup Cost": 0.0,
                      "Total Cost": 27206.55,
                      "Plan Rows": 841655,
                      "Plan Width": 4,
                      "Actual Startup Time": 0.344,
                      "Actual Total Time": 632.047,
                      "Actual Rows": 652282,
                      "Actual Loops": 4
                    },
                    {
                      "Node Type": "Hash",
                      "Parent Relationship": "Inner",
                      "Parallel Aware": true,
                      "Startup Cost": 379857.83,
                      "Total Cost": 379857.83,
                      "Plan Rows": 543260,
                      "Plan Width": 8,
                      "Actual Startup Time": 3155.42,
                      "Actual Total Time": 3155.428,
                      "Actual Rows": 795302,
                      "Actual Loops": 4,
                      "Hash Buckets": 4194304,
                      "Original Hash Buckets": 4194304,
                      "Hash Batches": 1,
                      "Original Hash Batches": 1,
                      "Peak Memory Usage": 157280,
                      "Plans": [
                        {
                          "Node Type": "Hash Join",
                          "Parent Relationship": "Outer",
                          "Parallel Aware": true,
                          "Join Type": "Inner",
                          "Startup Cost": 50220.38,
                          "Total Cost": 379857.83,
                          "Plan Rows": 543260,
                          "Plan Width": 8,
                          "Actual Startup Time": 1776.944,
                          "Actual Total Time": 2610.188,
                          "Actual Rows": 795302,
                          "Actual Loops": 4,
                          "Inner Unique": true,
                          "Hash Cond": "(ci.movie_id = t.id)",
                          "Plans": [
                            {
                              "Node Type": "Seq Scan",
                              "Parent Relationship": "Outer",
                              "Parallel Aware": true,
                              "Relation Name": "cast_info",
                              "Alias": "ci",
                              "Startup Cost": 0.0,
                              "Total Cost": 328211.39,
                              "Plan Rows": 543260,
                              "Plan Width": 4,
                              "Actual Startup Time": 1096.592,
                              "Actual Total Time": 1383.585,
                              "Actual Rows": 795302,
                              "Actual Loops": 4,
                              "Filter": "(person_id > 3475513)",
                              "Rows Removed by Filter": 8265784
                            },
                            {
                              "Node Type": "Hash",
                              "Parent Relationship": "Inner",
                              "Parallel Aware": true,
                              "Startup Cost": 42319.06,
                              "Total Cost": 42319.06,
                              "Plan Rows": 632106,
                              "Plan Width": 4,
                              "Actual Startup Time": 667.07,
                              "Actual Total Time": 667.073,
                              "Actual Rows": 632078,
                              "Actual Loops": 4,
                              "Hash Buckets": 4194304,
                              "Original Hash Buckets": 4194304,
                              "Hash Batches": 1,
                              "Original Hash Batches": 1,
                              "Peak Memory Usage": 131744,
                              "Plans": [
                                {
                                  "Node Type": "Seq Scan",
                                  "Parent Relationship": "Outer",
                                  "Parallel Aware": true,
                                  "Relation Name": "title",
                                  "Alias": "t",
                                  "Startup Cost": 0.0,
                                  "Total Cost": 42319.06,
                                  "Plan Rows": 632106,
                                  "Plan Width": 4,
                                  "Actual Startup Time": 0.049,
                                  "Actual Total Time": 186.807,
                                  "Actual Rows": 632078,
                                  "Actual Loops": 4
                                }
                              ]
                            }
                          ]
                        }
                      ]
                    }
                  ]
                }
              ]
            }
          ]
        }
      ]
    },
    "Planning Time": 2.391,
    "Triggers": [],
    "Execution Time": 5013.191
  }
]