{
  "Plan": {
    "Node Type": "Aggregate",
    "Strategy": "Plain",
    "Partial Mode": "Finalize",
    "Parallel Aware": false,
    "Startup Cost": 112815.0,
    "Total Cost": 112815.01,
    "Plan Rows": 1,
    "Plan Width": 8,
    "Actual Startup Time": 553.729,
    "Actual Total Time": 569.729,
    "Actual Rows": 1,
    "Actual Loops": 1,
    "Plans": [
      {
        "Node Type": "Gather",
        "Parent Relationship": "Outer",
        "Parallel Aware": false,
        "Startup Cost": 112814.89,
        "Total Cost": 112815.0,
        "Plan Rows": 1,
        "Plan Width": 8,
        "Actual Startup Time": 552.014,
        "Actual Total Time": 569.72,
        "Actual Rows": 2,
        "Actual Loops": 1,
        "Workers Planned": 1,
        "Workers Launched": 1,
        "Single Copy": false,
        "Plans": [
          {
            "Node Type": "Aggregate",
            "Strategy": "Plain",
            "Partial Mode": "Partial",
            "Parent Relationship": "Outer",
            "Parallel Aware": false,
            "Startup Cost": 111814.89,
            "Total Cost": 111814.9,
            "Plan Rows": 1,
            "Plan Width": 8,
            "Actual Startup Time": 546.487,
            "Actual Total Time": 546.491,
            "Actual Rows": 1,
            "Actual Loops": 2,
            "Plans": [
              {
                "Node Type": "Hash Join",
                "Parent Relationship": "Outer",
                "Parallel Aware": true,
                "Join Type": "Inner",
                "Startup Cost": 47537.41,
                "Total Cost": 110970.16,
                "Plan Rows": 337892,
                "Plan Width": 0,
                "Actual Startup Time": 194.399,
                "Actual Total Time": 539.367,
                "Actual Rows": 169945,
                "Actual Loops": 2,
                "Inner Unique": false,
                "Hash Cond": "(t.id = mc.movie_id)",
                "Plans": [
                  {
                    "Node Type": "Seq Scan",
                    "Parent Relationship": "Outer",
                    "Parallel Aware": true,
                    "Relation Name": "title",
                    "Alias": "t",
                    "Startup Cost": 0.0,
                    "Total Cost": 54588.39,
                    "Plan Rows": 1097081,
                    "Plan Width": 4,
                    "Actual Startup Time": 0.01,
                    "Actual Total Time": 143.482,
                    "Actual Rows": 932744,
                    "Actual Loops": 2,
                    "Filter": "(kind_id > 1)",
                    "Rows Removed by Filter": 331412
                  },
                  {
                    "Node Type": "Hash",
                    "Parent Relationship": "Inner",
                    "Parallel Aware": true,
                    "Startup Cost": 41811.73,
                    "Total Cost": 41811.73,
                    "Plan Rows": 458055,
                    "Plan Width": 4,
                    "Actual Startup Time": 184.958,
                    "Actual Total Time": 184.959,
                    "Actual Rows": 244563,
                    "Actual Loops": 2,
                    "Hash Buckets": 1048576,
                    "Original Hash Buckets": 1048576,
                    "Hash Batches": 1,
                    "Original Hash Batches": 1,
                    "Peak Memory Usage": 27360,
                    "Plans": [
                      {
                        "Node Type": "Seq Scan",
                        "Parent Relationship": "Outer",
                        "Parallel Aware": true,
                        "Relation Name": "movie_companies",
                        "Alias": "mc",
                        "Startup Cost": 0.0,
                        "Total Cost": 41811.73,
                        "Plan Rows": 458055,
                        "Plan Width": 4,
                        "Actual Startup Time": 67.383,
                        "Actual Total Time": 126.964,
                        "Actual Rows": 244563,
                        "Actual Loops": 2,
                        "Filter": "((company_id < 14328) AND (company_type_id > 1))",
                        "Rows Removed by Filter": 1060002
                      }
                    ]
                  }
                ]
              }
            ]
          }
        ]
      }
    ]
  },
  "Planning Time": 0.628,
  "Triggers": [],
  "Execution Time": 569.798
}