[
  {
    "Plan": {
      "Node Type": "Aggregate",
      "Strategy": "Plain",
      "Partial Mode": "Finalize",
      "Parallel Aware": false,
      "Startup Cost": 31225.03,
      "Total Cost": 31225.04,
      "Plan Rows": 1,
      "Plan Width": 8,
      "Actual Startup Time": 85.875,
      "Actual Total Time": 95.03,
      "Actual Rows": 1,
      "Actual Loops": 1,
      "Plans": [
        {
          "Node Type": "Gather",
          "Parent Relationship": "Outer",
          "Parallel Aware": false,
          "Startup Cost": 31224.71,
          "Total Cost": 31225.02,
          "Plan Rows": 3,
          "Plan Width": 8,
          "Actual Startup Time": 85.57,
          "Actual Total Time": 95.016,
          "Actual Rows": 4,
          "Actual Loops": 1,
          "Workers Planned": 3,
          "Workers Launched": 3,
          "Single Copy": false,
          "Plans": [
            {
              "Node Type": "Aggregate",
              "Strategy": "Plain",
              "Partial Mode": "Partial",
              "Parent Relationship": "Outer",
              "Parallel Aware": false,
              "Startup Cost": 30224.71,
              "Total Cost": 30224.72,
              "Plan Rows": 1,
              "Plan Width": 8,
              "Actual Startup Time": 81.97,
              "Actual Total Time": 81.972,
              "Actual Rows": 1,
              "Actual Loops": 4,
              "Plans": [
                {
                  "Node Type": "Seq Scan",
                  "Parent Relationship": "Outer",
                  "Parallel Aware": true,
                  "Relation Name": "movie_companies",
                  "Alias": "mc",
                  "Startup Cost": 0.0,
                  "Total Cost": 29310.68,
                  "Plan Rows": 365611,
                  "Plan Width": 0,
                  "Actual Startup Time": 0.026,
                  "Actual Total Time": 68.667,
                  "Actual Rows": 285332,
                  "Actual Loops": 4,
                  "Filter": "(company_id < 8651)",
                  "Rows Removed by Filter": 366950
                }
              ]
            }
          ]
        }
      ]
    },
    "Planning Time": 0.11,
    "Triggers": [],
    "Execution Time": 95.064
  }
]