{
  "Plan": {
    "Node Type": "Aggregate",
    "Strategy": "Plain",
    "Partial Mode": "Finalize",
    "Parallel Aware": false,
    "Startup Cost": 185617.63,
    "Total Cost": 185617.64,
    "Plan Rows": 1,
    "Plan Width": 8,
    "Actual Startup Time": 1273.9,
    "Actual Total Time": 1295.436,
    "Actual Rows": 1,
    "Actual Loops": 1,
    "Plans": [
      {
        "Node Type": "Gather",
        "Parent Relationship": "Outer",
        "Parallel Aware": false,
        "Startup Cost": 185617.52,
        "Total Cost": 185617.63,
        "Plan Rows": 1,
        "Plan Width": 8,
        "Actual Startup Time": 1270.019,
        "Actual Total Time": 1295.427,
        "Actual Rows": 2,
        "Actual Loops": 1,
        "Workers Planned": 1,
        "Workers Launched": 1,
        "Single Copy": false,
        "Plans": [
          {
            "Node Type": "Aggregate",
            "Strategy": "Plain",
            "Partial Mode": "Partial",
            "Parent Relationship": "Outer",
            "Parallel Aware": false,
            "Startup Cost": 184617.52,
            "Total Cost": 184617.53,
            "Plan Rows": 1,
            "Plan Width": 8,
            "Actual Startup Time": 1263.69,
            "Actual Total Time": 1263.695,
            "Actual Rows": 1,
            "Actual Loops": 2,
            "Plans": [
              {
                "Node Type": "Hash Join",
                "Parent Relationship": "Outer",
                "Parallel Aware": false,
                "Join Type": "Inner",
                "Startup Cost": 69667.53,
                "Total Cost": 184617.49,
                "Plan Rows": 12,
                "Plan Width": 0,
                "Actual Startup Time": 372.845,
                "Actual Total Time": 1263.671,
                "Actual Rows": 32,
                "Actual Loops": 2,
                "Inner Unique": false,
                "Hash Cond": "(t.id = ci.movie_id)",
                "Plans": [
                  {
                    "Node Type": "Merge Join",
                    "Parent Relationship": "Outer",
                    "Parallel Aware": false,
                    "Join Type": "Inner",
                    "Startup Cost": 68605.73,
                    "Total Cost": 175469.91,
                    "Plan Rows": 179681,
                    "Plan Width": 8,
                    "Actual Startup Time": 339.822,
                    "Actual Total Time": 1239.455,
                    "Actual Rows": 303629,
                    "Actual Loops": 2,
                    "Inner Unique": false,
                    "Merge Cond": "(t.id = mc.movie_id)",
                    "Plans": [
                      {
                        "Node Type": "Index Only Scan",
                        "Parent Relationship": "Outer",
                        "Parallel Aware": true,
                        "Scan Direction": "Forward",
                        "Index Name": "title_pkey",
                        "Relation Name": "title",
                        "Alias": "t",
                        "Startup Cost": 0.43,
                        "Total Cost": 99929.35,
                        "Plan Rows": 1487231,
                        "Plan Width": 4,
                        "Actual Startup Time": 0.118,
                        "Actual Total Time": 701.774,
                        "Actual Rows": 1262873,
                        "Actual Loops": 2,
                        "Heap Fetches": 2525746
                      },
                      {
                        "Node Type": "Sort",
                        "Parent Relationship": "Inner",
                        "Parallel Aware": false,
                        "Startup Cost": 68603.2,
                        "Total Cost": 69366.85,
                        "Plan Rows": 305458,
                        "Plan Width": 4,
                        "Actual Startup Time": 339.597,
                        "Actual Total Time": 375.907,
                        "Actual Rows": 607258,
                        "Actual Loops": 2,
                        "Sort Key": [
                          "mc.movie_id"
                        ],
                        "Sort Method": "quicksort",
                        "Sort Space Used": 53042,
                        "Sort Space Type": "Memory",
                        "Workers": [
                          {
                            "Worker Number": 0,
                            "Sort Method": "quicksort",
                            "Sort Space Used": 53042,
                            "Sort Space Type": "Memory"
                          }
                        ],
                        "Plans": [
                          {
                            "Node Type": "Bitmap Heap Scan",
                            "Parent Relationship": "Outer",
                            "Parallel Aware": false,
                            "Relation Name": "movie_companies",
                            "Alias": "mc",
                            "Startup Cost": 12960.88,
                            "Total Cost": 40775.04,
                            "Plan Rows": 305458,
                            "Plan Width": 4,
                            "Actual Startup Time": 59.672,
                            "Actual Total Time": 175.749,
                            "Actual Rows": 607258,
                            "Actual Loops": 2,
                            "Recheck Cond": "(company_id > 63406)",
                            "Rows Removed by Index Recheck": 0,
                            "Filter": "(company_type_id > 1)",
                            "Rows Removed by Filter": 8363,
                            "Exact Heap Blocks": 9091,
                            "Lossy Heap Blocks": 0,
                            "Plans": [
                              {
                                "Node Type": "Bitmap Index Scan",
                                "Parent Relationship": "Outer",
                                "Parallel Aware": false,
                                "Index Name": "company_id_movie_companies",
                                "Startup Cost": 0.0,
                                "Total Cost": 12884.51,
                                "Plan Rows": 601611,
                                "Plan Width": 0,
                                "Actual Startup Time": 53.686,
                                "Actual Total Time": 53.686,
                                "Actual Rows": 615621,
                                "Actual Loops": 2,
                                "Index Cond": "(company_id > 63406)"
                              }
                            ]
                          }
                        ]
                      }
                    ]
                  },
                  {
                    "Node Type": "Hash",
                    "Parent Relationship": "Inner",
                    "Parallel Aware": false,
                    "Startup Cost": 1059.67,
                    "Total Cost": 1059.67,
                    "Plan Rows": 171,
                    "Plan Width": 4,
                    "Actual Startup Time": 0.502,
                    "Actual Total Time": 0.503,
                    "Actual Rows": 101,
                    "Actual Loops": 2,
                    "Hash Buckets": 1024,
                    "Original Hash Buckets": 1024,
                    "Hash Batches": 1,
                    "Original Hash Batches": 1,
                    "Peak Memory Usage": 12,
                    "Plans": [
                      {
                        "Node Type": "Index Scan",
                        "Parent Relationship": "Outer",
                        "Parallel Aware": false,
                        "Scan Direction": "Forward",
                        "Index Name": "person_id_cast_info",
                        "Relation Name": "cast_info",
                        "Alias": "ci",
                        "Startup Cost": 0.56,
                        "Total Cost": 1059.67,
                        "Plan Rows": 171,
                        "Plan Width": 4,
                        "Actual Startup Time": 0.22,
                        "Actual Total Time": 0.428,
                        "Actual Rows": 101,
                        "Actual Loops": 2,
                        "Index Cond": "(person_id = 124129)",
                        "Rows Removed by Index Recheck": 0,
                        "Filter": "(role_id < 2)",
                        "Rows Removed by Filter": 68
                      }
                    ]
                  }
                ]
              }
            ]
          }
        ]
      }
    ]
  },
  "Planning Time": 0.944,
  "Triggers": [],
  "Execution Time": 1301.464
}