[
    {
        "Bao": {
            "Bao prediction": "NaN",
            "Bao recommended hint": "(no hint)"
        }
    },
    {
        "Plan": {
            "Node Type": "Aggregate",
            "Strategy": "Plain",
            "Partial Mode": "Finalize",
            "Parallel Aware": false,
            "Startup Cost": 351961.77,
            "Total Cost": 351961.78,
            "Plan Rows": 1,
            "Plan Width": 8,
            "Actual Startup Time": 793.826,
            "Actual Total Time": 826.711,
            "Actual Rows": 1,
            "Actual Loops": 1,
            "Output": [
                "count(*)"
            ],
            "Plans": [
                {
                    "Node Type": "Gather",
                    "Parent Relationship": "Outer",
                    "Parallel Aware": false,
                    "Startup Cost": 351961.15,
                    "Total Cost": 351961.76,
                    "Plan Rows": 6,
                    "Plan Width": 8,
                    "Actual Startup Time": 793.718,
                    "Actual Total Time": 826.701,
                    "Actual Rows": 7,
                    "Actual Loops": 1,
                    "Output": [
                        "(PARTIAL count(*))"
                    ],
                    "Workers Planned": 6,
                    "Workers Launched": 6,
                    "Single Copy": false,
                    "Plans": [
                        {
                            "Node Type": "Aggregate",
                            "Strategy": "Plain",
                            "Partial Mode": "Partial",
                            "Parent Relationship": "Outer",
                            "Parallel Aware": false,
                            "Startup Cost": 350961.15,
                            "Total Cost": 350961.16,
                            "Plan Rows": 1,
                            "Plan Width": 8,
                            "Actual Startup Time": 783.554,
                            "Actual Total Time": 783.555,
                            "Actual Rows": 1,
                            "Actual Loops": 7,
                            "Output": [
                                "PARTIAL count(*)"
                            ],
                            "Workers": [
                                {
                                    "Worker Number": 0,
                                    "Actual Startup Time": 781.155,
                                    "Actual Total Time": 781.156,
                                    "Actual Rows": 1,
                                    "Actual Loops": 1
                                },
                                {
                                    "Worker Number": 1,
                                    "Actual Startup Time": 781.151,
                                    "Actual Total Time": 781.153,
                                    "Actual Rows": 1,
                                    "Actual Loops": 1
                                },
                                {
                                    "Worker Number": 2,
                                    "Actual Startup Time": 782.089,
                                    "Actual Total Time": 782.089,
                                    "Actual Rows": 1,
                                    "Actual Loops": 1
                                },
                                {
                                    "Worker Number": 3,
                                    "Actual Startup Time": 782.335,
                                    "Actual Total Time": 782.336,
                                    "Actual Rows": 1,
                                    "Actual Loops": 1
                                },
                                {
                                    "Worker Number": 4,
                                    "Actual Startup Time": 782.58,
                                    "Actual Total Time": 782.581,
                                    "Actual Rows": 1,
                                    "Actual Loops": 1
                                },
                                {
                                    "Worker Number": 5,
                                    "Actual Startup Time": 782.668,
                                    "Actual Total Time": 782.669,
                                    "Actual Rows": 1,
                                    "Actual Loops": 1
                                }
                            ],
                            "Plans": [
                                {
                                    "Node Type": "Seq Scan",
                                    "Parent Relationship": "Outer",
                                    "Parallel Aware": true,
                                    "Relation Name": "cast_info",
                                    "Schema": "public",
                                    "Alias": "ci",
                                    "Startup Cost": 0.0,
                                    "Total Cost": 343318.94,
                                    "Plan Rows": 3056883,
                                    "Plan Width": 0,
                                    "Actual Startup Time": 211.315,
                                    "Actual Total Time": 652.462,
                                    "Actual Rows": 3044508,
                                    "Actual Loops": 7,
                                    "Output": [
                                        "id",
                                        "person_id",
                                        "movie_id",
                                        "person_role_id",
                                        "note",
                                        "nr_order",
                                        "role_id"
                                    ],
                                    "Filter": "((ci.person_id > 795731) AND (ci.role_id > 1))",
                                    "Rows Removed by Filter": 2133256,
                                    "Workers": [
                                        {
                                            "Worker Number": 0,
                                            "Actual Startup Time": 208.921,
                                            "Actual Total Time": 647.713,
                                            "Actual Rows": 2016812,
                                            "Actual Loops": 1
                                        },
                                        {
                                            "Worker Number": 1,
                                            "Actual Startup Time": 208.926,
                                            "Actual Total Time": 652.069,
                                            "Actual Rows": 3023950,
                                            "Actual Loops": 1
                                        },
                                        {
                                            "Worker Number": 2,
                                            "Actual Startup Time": 209.845,
                                            "Actual Total Time": 654.882,
                                            "Actual Rows": 3118034,
                                            "Actual Loops": 1
                                        },
                                        {
                                            "Worker Number": 3,
                                            "Actual Startup Time": 210.093,
                                            "Actual Total Time": 654.965,
                                            "Actual Rows": 3127367,
                                            "Actual Loops": 1
                                        },
                                        {
                                            "Worker Number": 4,
                                            "Actual Startup Time": 210.331,
                                            "Actual Total Time": 655.484,
                                            "Actual Rows": 3120845,
                                            "Actual Loops": 1
                                        },
                                        {
                                            "Worker Number": 5,
                                            "Actual Startup Time": 210.432,
                                            "Actual Total Time": 653.476,
                                            "Actual Rows": 3025379,
                                            "Actual Loops": 1
                                        }
                                    ]
                                }
                            ]
                        }
                    ]
                }
            ]
        },
        "Planning Time": 270.405,
        "Triggers": [],
        "Execution Time": 826.797
    }
]