[
    {
        "Bao": {
            "Bao prediction": 499.742,
            "Bao recommended hint": "(no hint)"
        }
    },
    {
        "Plan": {
            "Node Type": "Aggregate",
            "Strategy": "Plain",
            "Partial Mode": "Finalize",
            "Parallel Aware": false,
            "Startup Cost": 351459.27,
            "Total Cost": 351459.28,
            "Plan Rows": 1,
            "Plan Width": 8,
            "Actual Startup Time": 871.76,
            "Actual Total Time": 902.493,
            "Actual Rows": 1,
            "Actual Loops": 1,
            "Output": [
                "count(*)"
            ],
            "Plans": [
                {
                    "Node Type": "Gather",
                    "Parent Relationship": "Outer",
                    "Parallel Aware": false,
                    "Startup Cost": 351458.65,
                    "Total Cost": 351459.26,
                    "Plan Rows": 6,
                    "Plan Width": 8,
                    "Actual Startup Time": 871.656,
                    "Actual Total Time": 902.484,
                    "Actual Rows": 7,
                    "Actual Loops": 1,
                    "Output": [
                        "(PARTIAL count(*))"
                    ],
                    "Workers Planned": 6,
                    "Workers Launched": 6,
                    "Single Copy": false,
                    "Plans": [
                        {
                            "Node Type": "Aggregate",
                            "Strategy": "Plain",
                            "Partial Mode": "Partial",
                            "Parent Relationship": "Outer",
                            "Parallel Aware": false,
                            "Startup Cost": 350458.65,
                            "Total Cost": 350458.66,
                            "Plan Rows": 1,
                            "Plan Width": 8,
                            "Actual Startup Time": 862.447,
                            "Actual Total Time": 862.448,
                            "Actual Rows": 1,
                            "Actual Loops": 7,
                            "Output": [
                                "PARTIAL count(*)"
                            ],
                            "Workers": [
                                {
                                    "Worker Number": 0,
                                    "Actual Startup Time": 860.398,
                                    "Actual Total Time": 860.4,
                                    "Actual Rows": 1,
                                    "Actual Loops": 1
                                },
                                {
                                    "Worker Number": 1,
                                    "Actual Startup Time": 860.435,
                                    "Actual Total Time": 860.436,
                                    "Actual Rows": 1,
                                    "Actual Loops": 1
                                },
                                {
                                    "Worker Number": 2,
                                    "Actual Startup Time": 860.952,
                                    "Actual Total Time": 860.953,
                                    "Actual Rows": 1,
                                    "Actual Loops": 1
                                },
                                {
                                    "Worker Number": 3,
                                    "Actual Startup Time": 861.436,
                                    "Actual Total Time": 861.437,
                                    "Actual Rows": 1,
                                    "Actual Loops": 1
                                },
                                {
                                    "Worker Number": 4,
                                    "Actual Startup Time": 861.397,
                                    "Actual Total Time": 861.398,
                                    "Actual Rows": 1,
                                    "Actual Loops": 1
                                },
                                {
                                    "Worker Number": 5,
                                    "Actual Startup Time": 861.683,
                                    "Actual Total Time": 861.685,
                                    "Actual Rows": 1,
                                    "Actual Loops": 1
                                }
                            ],
                            "Plans": [
                                {
                                    "Node Type": "Seq Scan",
                                    "Parent Relationship": "Outer",
                                    "Parallel Aware": true,
                                    "Relation Name": "cast_info",
                                    "Schema": "public",
                                    "Alias": "ci",
                                    "Startup Cost": 0.0,
                                    "Total Cost": 343318.94,
                                    "Plan Rows": 2855883,
                                    "Plan Width": 0,
                                    "Actual Startup Time": 252.066,
                                    "Actual Total Time": 750.677,
                                    "Actual Rows": 1963371,
                                    "Actual Loops": 7,
                                    "Output": [
                                        "id",
                                        "person_id",
                                        "movie_id",
                                        "person_role_id",
                                        "note",
                                        "nr_order",
                                        "role_id"
                                    ],
                                    "Filter": "((ci.person_id < 2728186) AND (ci.role_id > 1))",
                                    "Rows Removed by Filter": 3214393,
                                    "Workers": [
                                        {
                                            "Worker Number": 0,
                                            "Actual Startup Time": 250.023,
                                            "Actual Total Time": 752.782,
                                            "Actual Rows": 1611332,
                                            "Actual Loops": 1
                                        },
                                        {
                                            "Worker Number": 1,
                                            "Actual Startup Time": 250.033,
                                            "Actual Total Time": 751.217,
                                            "Actual Rows": 1636255,
                                            "Actual Loops": 1
                                        },
                                        {
                                            "Worker Number": 2,
                                            "Actual Startup Time": 250.581,
                                            "Actual Total Time": 749.593,
                                            "Actual Rows": 1666139,
                                            "Actual Loops": 1
                                        },
                                        {
                                            "Worker Number": 3,
                                            "Actual Startup Time": 251.028,
                                            "Actual Total Time": 750.515,
                                            "Actual Rows": 1658862,
                                            "Actual Loops": 1
                                        },
                                        {
                                            "Worker Number": 4,
                                            "Actual Startup Time": 251.033,
                                            "Actual Total Time": 749.182,
                                            "Actual Rows": 2394816,
                                            "Actual Loops": 1
                                        },
                                        {
                                            "Worker Number": 5,
                                            "Actual Startup Time": 251.322,
                                            "Actual Total Time": 751.099,
                                            "Actual Rows": 1657471,
                                            "Actual Loops": 1
                                        }
                                    ]
                                }
                            ]
                        }
                    ]
                }
            ]
        },
        "Planning Time": 695.181,
        "Triggers": [],
        "Execution Time": 902.6
    }
]