[
  {
    "Plan": {
      "Node Type": "Aggregate",
      "Strategy": "Plain",
      "Partial Mode": "Finalize",
      "Parallel Aware": false,
      "Startup Cost": 442618.07,
      "Total Cost": 442618.08,
      "Plan Rows": 1,
      "Plan Width": 8,
      "Actual Startup Time": 2703.553,
      "Actual Total Time": 2762.848,
      "Actual Rows": 1,
      "Actual Loops": 1,
      "Plans": [
        {
          "Node Type": "Gather",
          "Parent Relationship": "Outer",
          "Parallel Aware": false,
          "Startup Cost": 442617.44,
          "Total Cost": 442618.05,
          "Plan Rows": 6,
          "Plan Width": 8,
          "Actual Startup Time": 2686.898,
          "Actual Total Time": 2762.835,
          "Actual Rows": 7,
          "Actual Loops": 1,
          "Workers Planned": 6,
          "Workers Launched": 6,
          "Single Copy": false,
          "Plans": [
            {
              "Node Type": "Aggregate",
              "Strategy": "Plain",
              "Partial Mode": "Partial",
              "Parent Relationship": "Outer",
              "Parallel Aware": false,
              "Startup Cost": 441617.44,
              "Total Cost": 441617.45,
              "Plan Rows": 1,
              "Plan Width": 8,
              "Actual Startup Time": 2675.977,
              "Actual Total Time": 2676.238,
              "Actual Rows": 1,
              "Actual Loops": 7,
              "Plans": [
                {
                  "Node Type": "Hash Join",
                  "Parent Relationship": "Outer",
                  "Parallel Aware": true,
                  "Join Type": "Inner",
                  "Startup Cost": 93238.24,
                  "Total Cost": 438635.66,
                  "Plan Rows": 1192714,
                  "Plan Width": 0,
                  "Actual Startup Time": 340.795,
                  "Actual Total Time": 2277.844,
                  "Actual Rows": 9197264,
                  "Actual Loops": 7,
                  "Inner Unique": false,
                  "Hash Cond": "(ci.movie_id = t.id)",
                  "Plans": [
                    {
                      "Node Type": "Seq Scan",
                      "Parent Relationship": "Outer",
                      "Parallel Aware": true,
                      "Relation Name": "cast_info",
                      "Alias": "ci",
                      "Startup Cost": 0.0,
                      "Total Cost": 328162.03,
                      "Plan Rows": 3570112,
                      "Plan Width": 4,
                      "Actual Startup Time": 0.025,
                      "Actual Total Time": 583.056,
                      "Actual Rows": 3063940,
                      "Actual Loops": 7,
                      "Filter": "(person_id < 2173857)",
                      "Rows Removed by Filter": 2113823
                    },
                    {
                      "Node Type": "Hash",
                      "Parent Relationship": "Inner",
                      "Parallel Aware": true,
                      "Startup Cost": 89832.35,
                      "Total Cost": 89832.35,
                      "Plan Rows": 272471,
                      "Plan Width": 8,
                      "Actual Startup Time": 337.372,
                      "Actual Total Time": 337.632,
                      "Actual Rows": 219109,
                      "Actual Loops": 7,
                      "Hash Buckets": 2097152,
                      "Original Hash Buckets": 1048576,
                      "Hash Batches": 1,
                      "Original Hash Batches": 1,
                      "Peak Memory Usage": 84704,
                      "Plans": [
                        {
                          "Node Type": "Hash Join",
                          "Parent Relationship": "Outer",
                          "Parallel Aware": true,
                          "Join Type": "Inner",
                          "Startup Cost": 46954.27,
                          "Total Cost": 89832.35,
                          "Plan Rows": 272471,
                          "Plan Width": 8,
                          "Actual Startup Time": 128.823,
                          "Actual Total Time": 253.199,
                          "Actual Rows": 219109,
                          "Actual Loops": 7,
                          "Inner Unique": true,
                          "Hash Cond": "(mk.movie_id = t.id)",
                          "Plans": [
                            {
                              "Node Type": "Seq Scan",
                              "Parent Relationship": "Outer",
                              "Parallel Aware": true,
                              "Relation Name": "movie_keyword",
                              "Alias": "mk",
                              "Startup Cost": 0.0,
                              "Total Cost": 39047.32,
                              "Plan Rows": 1459332,
                              "Plan Width": 4,
                              "Actual Startup Time": 0.026,
                              "Actual Total Time": 63.14,
                              "Actual Rows": 646276,
                              "Actual Loops": 7
                            },
                            {
                              "Node Type": "Hash",
                              "Parent Relationship": "Inner",
                              "Parallel Aware": true,
                              "Startup Cost": 45479.1,
                              "Total Cost": 45479.1,
                              "Plan Rows": 118014,
                              "Plan Width": 4,
                              "Actual Startup Time": 104.061,
                              "Actual Total Time": 104.062,
                              "Actual Rows": 49384,
                              "Actual Loops": 7,
                              "Hash Buckets": 524288,
                              "Original Hash Buckets": 524288,
                              "Hash Batches": 1,
                              "Original Hash Batches": 1,
                              "Peak Memory Usage": 17760,
                              "Plans": [
                                {
                                  "Node Type": "Seq Scan",
                                  "Parent Relationship": "Outer",
                                  "Parallel Aware": true,
                                  "Relation Name": "title",
                                  "Alias": "t",
                                  "Startup Cost": 0.0,
                                  "Total Cost": 45479.1,
                                  "Plan Rows": 118014,
                                  "Plan Width": 4,
                                  "Actual Startup Time": 45.399,
                                  "Actual Total Time": 81.268,
                                  "Actual Rows": 49384,
                                  "Actual Loops": 7,
                                  "Filter": "((production_year > 1988) AND (kind_id = 1))",
                                  "Rows Removed by Filter": 311804
                                }
                              ]
                            }
                          ]
                        }
                      ]
                    }
                  ]
                }
              ]
            }
          ]
        }
      ]
    },
    "Planning Time": 1.331,
    "Triggers": [],
    "Execution Time": 2762.971
  }
]