[
  {
    "Plan": {
      "Node Type": "Aggregate",
      "Strategy": "Plain",
      "Partial Mode": "Finalize",
      "Parallel Aware": false,
      "Startup Cost": 47410.44,
      "Total Cost": 47410.45,
      "Plan Rows": 1,
      "Plan Width": 8,
      "Actual Startup Time": 123.841,
      "Actual Total Time": 136.944,
      "Actual Rows": 1,
      "Actual Loops": 1,
      "Plans": [
        {
          "Node Type": "Gather",
          "Parent Relationship": "Outer",
          "Parallel Aware": false,
          "Startup Cost": 47410.02,
          "Total Cost": 47410.43,
          "Plan Rows": 4,
          "Plan Width": 8,
          "Actual Startup Time": 123.451,
          "Actual Total Time": 136.93,
          "Actual Rows": 5,
          "Actual Loops": 1,
          "Workers Planned": 4,
          "Workers Launched": 4,
          "Single Copy": false,
          "Plans": [
            {
              "Node Type": "Aggregate",
              "Strategy": "Plain",
              "Partial Mode": "Partial",
              "Parent Relationship": "Outer",
              "Parallel Aware": false,
              "Startup Cost": 46410.02,
              "Total Cost": 46410.03,
              "Plan Rows": 1,
              "Plan Width": 8,
              "Actual Startup Time": 116.389,
              "Actual Total Time": 116.391,
              "Actual Rows": 1,
              "Actual Loops": 5,
              "Plans": [
                {
                  "Node Type": "Seq Scan",
                  "Parent Relationship": "Outer",
                  "Parallel Aware": true,
                  "Relation Name": "title",
                  "Alias": "t",
                  "Startup Cost": 0.0,
                  "Total Cost": 45479.59,
                  "Plan Rows": 372174,
                  "Plan Width": 0,
                  "Actual Startup Time": 0.04,
                  "Actual Total Time": 98.567,
                  "Actual Rows": 315028,
                  "Actual Loops": 5,
                  "Filter": "((kind_id > 3) AND (production_year > 1957))",
                  "Rows Removed by Filter": 190635
                }
              ]
            }
          ]
        }
      ]
    },
    "Planning Time": 0.15,
    "Triggers": [],
    "Execution Time": 136.994
  }
]