[
  {
    "Plan": {
      "Node Type": "Aggregate",
      "Strategy": "Plain",
      "Partial Mode": "Finalize",
      "Parallel Aware": false,
      "Startup Cost": 33108.54,
      "Total Cost": 33108.55,
      "Plan Rows": 1,
      "Plan Width": 8,
      "Actual Startup Time": 105.057,
      "Actual Total Time": 112.997,
      "Actual Rows": 1,
      "Actual Loops": 1,
      "Plans": [
        {
          "Node Type": "Gather",
          "Parent Relationship": "Outer",
          "Parallel Aware": false,
          "Startup Cost": 33108.23,
          "Total Cost": 33108.54,
          "Plan Rows": 3,
          "Plan Width": 8,
          "Actual Startup Time": 104.95,
          "Actual Total Time": 112.987,
          "Actual Rows": 4,
          "Actual Loops": 1,
          "Workers Planned": 3,
          "Workers Launched": 3,
          "Single Copy": false,
          "Plans": [
            {
              "Node Type": "Aggregate",
              "Strategy": "Plain",
              "Partial Mode": "Partial",
              "Parent Relationship": "Outer",
              "Parallel Aware": false,
              "Startup Cost": 32108.23,
              "Total Cost": 32108.24,
              "Plan Rows": 1,
              "Plan Width": 8,
              "Actual Startup Time": 97.068,
              "Actual Total Time": 97.069,
              "Actual Rows": 1,
              "Actual Loops": 4,
              "Plans": [
                {
                  "Node Type": "Seq Scan",
                  "Parent Relationship": "Outer",
                  "Parallel Aware": true,
                  "Relation Name": "movie_companies",
                  "Alias": "mc",
                  "Startup Cost": 0.0,
                  "Total Cost": 31414.82,
                  "Plan Rows": 277363,
                  "Plan Width": 0,
                  "Actual Startup Time": 0.049,
                  "Actual Total Time": 80.943,
                  "Actual Rows": 291662,
                  "Actual Loops": 4,
                  "Filter": "((company_id < 23159) AND (company_type_id < 2))",
                  "Rows Removed by Filter": 360620
                }
              ]
            }
          ]
        }
      ]
    },
    "Planning Time": 0.247,
    "Triggers": [],
    "Execution Time": 113.054
  }
]