[
  {
    "Plan": {
      "Node Type": "Aggregate",
      "Strategy": "Plain",
      "Partial Mode": "Finalize",
      "Parallel Aware": false,
      "Startup Cost": 348746.72,
      "Total Cost": 348746.73,
      "Plan Rows": 1,
      "Plan Width": 8,
      "Actual Startup Time": 713.081,
      "Actual Total Time": 766.926,
      "Actual Rows": 1,
      "Actual Loops": 1,
      "Plans": [
        {
          "Node Type": "Gather",
          "Parent Relationship": "Outer",
          "Parallel Aware": false,
          "Startup Cost": 348746.09,
          "Total Cost": 348746.7,
          "Plan Rows": 6,
          "Plan Width": 8,
          "Actual Startup Time": 712.95,
          "Actual Total Time": 766.917,
          "Actual Rows": 7,
          "Actual Loops": 1,
          "Workers Planned": 6,
          "Workers Launched": 6,
          "Single Copy": false,
          "Plans": [
            {
              "Node Type": "Aggregate",
              "Strategy": "Plain",
              "Partial Mode": "Partial",
              "Parent Relationship": "Outer",
              "Parallel Aware": false,
              "Startup Cost": 347746.09,
              "Total Cost": 347746.1,
              "Plan Rows": 1,
              "Plan Width": 8,
              "Actual Startup Time": 704.232,
              "Actual Total Time": 704.233,
              "Actual Rows": 1,
              "Actual Loops": 7,
              "Plans": [
                {
                  "Node Type": "Seq Scan",
                  "Parent Relationship": "Outer",
                  "Parallel Aware": true,
                  "Relation Name": "cast_info",
                  "Alias": "ci",
                  "Startup Cost": 0.0,
                  "Total Cost": 343257.03,
                  "Plan Rows": 1795625,
                  "Plan Width": 0,
                  "Actual Startup Time": 0.048,
                  "Actual Total Time": 630.292,
                  "Actual Rows": 1688615,
                  "Actual Loops": 7,
                  "Filter": "((person_id < 1217101) AND (role_id < 10))",
                  "Rows Removed by Filter": 3489148
                }
              ]
            }
          ]
        }
      ]
    },
    "Planning Time": 0.226,
    "Triggers": [],
    "Execution Time": 766.999
  }
]