[
  {
    "Plan": {
      "Node Type": "Aggregate",
      "Strategy": "Plain",
      "Partial Mode": "Finalize",
      "Parallel Aware": false,
      "Startup Cost": 585794.31,
      "Total Cost": 585794.32,
      "Plan Rows": 1,
      "Plan Width": 8,
      "Actual Startup Time": 10153.162,
      "Actual Total Time": 10270.496,
      "Actual Rows": 1,
      "Actual Loops": 1,
      "Plans": [
        {
          "Node Type": "Gather",
          "Parent Relationship": "Outer",
          "Parallel Aware": false,
          "Startup Cost": 585793.79,
          "Total Cost": 585794.3,
          "Plan Rows": 5,
          "Plan Width": 8,
          "Actual Startup Time": 10151.216,
          "Actual Total Time": 10270.454,
          "Actual Rows": 6,
          "Actual Loops": 1,
          "Workers Planned": 5,
          "Workers Launched": 5,
          "Single Copy": false,
          "Plans": [
            {
              "Node Type": "Aggregate",
              "Strategy": "Plain",
              "Partial Mode": "Partial",
              "Parent Relationship": "Outer",
              "Parallel Aware": false,
              "Startup Cost": 584793.79,
              "Total Cost": 584793.8,
              "Plan Rows": 1,
              "Plan Width": 8,
              "Actual Startup Time": 10143.101,
              "Actual Total Time": 10143.146,
              "Actual Rows": 1,
              "Actual Loops": 6,
              "Plans": [
                {
                  "Node Type": "Nested Loop",
                  "Parent Relationship": "Outer",
                  "Parallel Aware": false,
                  "Join Type": "Inner",
                  "Startup Cost": 46062.73,
                  "Total Cost": 579705.02,
                  "Plan Rows": 2035505,
                  "Plan Width": 0,
                  "Actual Startup Time": 124.793,
                  "Actual Total Time": 9799.452,
                  "Actual Rows": 7775232,
                  "Actual Loops": 6,
                  "Inner Unique": false,
                  "Join Filter": "(t.id = ci.movie_id)",
                  "Rows Removed by Join Filter": 0,
                  "Plans": [
                    {
                      "Node Type": "Hash Join",
                      "Parent Relationship": "Outer",
                      "Parallel Aware": true,
                      "Join Type": "Inner",
                      "Startup Cost": 46062.16,
                      "Total Cost": 252002.59,
                      "Plan Rows": 191902,
                      "Plan Width": 8,
                      "Actual Startup Time": 124.679,
                      "Actual Total Time": 1048.979,
                      "Actual Rows": 516295,
                      "Actual Loops": 6,
                      "Inner Unique": true,
                      "Hash Cond": "(mi.movie_id = t.id)",
                      "Plans": [
                        {
                          "Node Type": "Seq Scan",
                          "Parent Relationship": "Outer",
                          "Parallel Aware": true,
                          "Relation Name": "movie_info",
                          "Alias": "mi",
                          "Startup Cost": 0.0,
                          "Total Cost": 199108.24,
                          "Plan Rows": 2602732,
                          "Plan Width": 4,
                          "Actual Startup Time": 0.04,
                          "Actual Total Time": 363.176,
                          "Actual Rows": 2161681,
                          "Actual Loops": 6,
                          "Filter": "(info_type_id < 18)",
                          "Rows Removed by Filter": 310939
                        },
                        {
                          "Node Type": "Hash",
                          "Parent Relationship": "Inner",
                          "Parallel Aware": true,
                          "Startup Cost": 45479.59,
                          "Total Cost": 45479.59,
                          "Plan Rows": 46606,
                          "Plan Width": 4,
                          "Actual Startup Time": 122.54,
                          "Actual Total Time": 122.541,
                          "Actual Rows": 50108,
                          "Actual Loops": 6,
                          "Hash Buckets": 524288,
                          "Original Hash Buckets": 262144,
                          "Hash Batches": 1,
                          "Original Hash Batches": 1,
                          "Peak Memory Usage": 17984,
                          "Plans": [
                            {
                              "Node Type": "Seq Scan",
                              "Parent Relationship": "Outer",
                              "Parallel Aware": true,
                              "Relation Name": "title",
                              "Alias": "t",
                              "Startup Cost": 0.0,
                              "Total Cost": 45479.59,
                              "Plan Rows": 46606,
                              "Plan Width": 4,
                              "Actual Startup Time": 0.07,
                              "Actual Total Time": 91.671,
                              "Actual Rows": 50108,
                              "Actual Loops": 6,
                              "Filter": "((kind_id < 7) AND (production_year < 1979))",
                              "Rows Removed by Filter": 371278
                            }
                          ]
                        }
                      ]
                    },
                    {
                      "Node Type": "Index Scan",
                      "Parent Relationship": "Inner",
                      "Parallel Aware": false,
                      "Scan Direction": "Forward",
                      "Index Name": "movie_id_cast_info",
                      "Relation Name": "cast_info",
                      "Alias": "ci",
                      "Startup Cost": 0.56,
                      "Total Cost": 1.38,
                      "Plan Rows": 26,
                      "Plan Width": 4,
                      "Actual Startup Time": 0.003,
                      "Actual Total Time": 0.016,
                      "Actual Rows": 15,
                      "Actual Loops": 3097769,
                      "Index Cond": "(movie_id = mi.movie_id)",
                      "Rows Removed by Index Recheck": 0,
                      "Filter": "(role_id < 5)",
                      "Rows Removed by Filter": 4
                    }
                  ]
                }
              ]
            }
          ]
        }
      ]
    },
    "Planning Time": 0.683,
    "Triggers": [],
    "Execution Time": 10270.605
  }
]