[
  {
    "Plan": {
      "Node Type": "Aggregate",
      "Strategy": "Plain",
      "Partial Mode": "Finalize",
      "Parallel Aware": false,
      "Startup Cost": 77374.37,
      "Total Cost": 77374.38,
      "Plan Rows": 1,
      "Plan Width": 8,
      "Actual Startup Time": 200.98,
      "Actual Total Time": 216.145,
      "Actual Rows": 1,
      "Actual Loops": 1,
      "Plans": [
        {
          "Node Type": "Gather",
          "Parent Relationship": "Outer",
          "Parallel Aware": false,
          "Startup Cost": 77374.06,
          "Total Cost": 77374.37,
          "Plan Rows": 3,
          "Plan Width": 8,
          "Actual Startup Time": 200.448,
          "Actual Total Time": 216.136,
          "Actual Rows": 4,
          "Actual Loops": 1,
          "Workers Planned": 3,
          "Workers Launched": 3,
          "Single Copy": false,
          "Plans": [
            {
              "Node Type": "Aggregate",
              "Strategy": "Plain",
              "Partial Mode": "Partial",
              "Parent Relationship": "Outer",
              "Parallel Aware": false,
              "Startup Cost": 76374.06,
              "Total Cost": 76374.07,
              "Plan Rows": 1,
              "Plan Width": 8,
              "Actual Startup Time": 191.712,
              "Actual Total Time": 191.715,
              "Actual Rows": 1,
              "Actual Loops": 4,
              "Plans": [
                {
                  "Node Type": "Hash Join",
                  "Parent Relationship": "Outer",
                  "Parallel Aware": true,
                  "Join Type": "Inner",
                  "Startup Cost": 45918.22,
                  "Total Cost": 76316.49,
                  "Plan Rows": 23027,
                  "Plan Width": 0,
                  "Actual Startup Time": 123.482,
                  "Actual Total Time": 190.957,
                  "Actual Rows": 17599,
                  "Actual Loops": 4,
                  "Inner Unique": true,
                  "Hash Cond": "(mc.movie_id = t.id)",
                  "Plans": [
                    {
                      "Node Type": "Seq Scan",
                      "Parent Relationship": "Outer",
                      "Parallel Aware": true,
                      "Relation Name": "movie_companies",
                      "Alias": "mc",
                      "Startup Cost": 0.0,
                      "Total Cost": 29310.68,
                      "Plan Rows": 414318,
                      "Plan Width": 4,
                      "Actual Startup Time": 0.017,
                      "Actual Total Time": 58.01,
                      "Actual Rows": 318562,
                      "Actual Loops": 4,
                      "Filter": "(company_type_id < 2)",
                      "Rows Removed by Filter": 333721
                    },
                    {
                      "Node Type": "Hash",
                      "Parent Relationship": "Inner",
                      "Parallel Aware": true,
                      "Startup Cost": 45479.1,
                      "Total Cost": 45479.1,
                      "Plan Rows": 35130,
                      "Plan Width": 4,
                      "Actual Startup Time": 98.42,
                      "Actual Total Time": 98.421,
                      "Actual Rows": 33046,
                      "Actual Loops": 4,
                      "Hash Buckets": 262144,
                      "Original Hash Buckets": 262144,
                      "Hash Batches": 1,
                      "Original Hash Batches": 1,
                      "Peak Memory Usage": 7264,
                      "Plans": [
                        {
                          "Node Type": "Seq Scan",
                          "Parent Relationship": "Outer",
                          "Parallel Aware": true,
                          "Relation Name": "title",
                          "Alias": "t",
                          "Startup Cost": 0.0,
                          "Total Cost": 45479.1,
                          "Plan Rows": 35130,
                          "Plan Width": 4,
                          "Actual Startup Time": 45.144,
                          "Actual Total Time": 90.232,
                          "Actual Rows": 33046,
                          "Actual Loops": 4,
                          "Filter": "((production_year > 2009) AND (kind_id = 1))",
                          "Rows Removed by Filter": 599032
                        }
                      ]
                    }
                  ]
                }
              ]
            }
          ]
        }
      ]
    },
    "Planning Time": 0.714,
    "Triggers": [],
    "Execution Time": 216.224
  }
]