[
  {
    "Plan": {
      "Node Type": "Aggregate",
      "Strategy": "Plain",
      "Partial Mode": "Finalize",
      "Parallel Aware": false,
      "Startup Cost": 351591.84,
      "Total Cost": 351591.85,
      "Plan Rows": 1,
      "Plan Width": 8,
      "Actual Startup Time": 881.6,
      "Actual Total Time": 943.065,
      "Actual Rows": 1,
      "Actual Loops": 1,
      "Plans": [
        {
          "Node Type": "Gather",
          "Parent Relationship": "Outer",
          "Parallel Aware": false,
          "Startup Cost": 351591.22,
          "Total Cost": 351591.83,
          "Plan Rows": 6,
          "Plan Width": 8,
          "Actual Startup Time": 881.477,
          "Actual Total Time": 943.053,
          "Actual Rows": 7,
          "Actual Loops": 1,
          "Workers Planned": 6,
          "Workers Launched": 6,
          "Single Copy": false,
          "Plans": [
            {
              "Node Type": "Aggregate",
              "Strategy": "Plain",
              "Partial Mode": "Partial",
              "Parent Relationship": "Outer",
              "Parallel Aware": false,
              "Startup Cost": 350591.22,
              "Total Cost": 350591.23,
              "Plan Rows": 1,
              "Plan Width": 8,
              "Actual Startup Time": 872.635,
              "Actual Total Time": 872.636,
              "Actual Rows": 1,
              "Actual Loops": 7,
              "Plans": [
                {
                  "Node Type": "Seq Scan",
                  "Parent Relationship": "Outer",
                  "Parallel Aware": true,
                  "Relation Name": "cast_info",
                  "Alias": "ci",
                  "Startup Cost": 0.0,
                  "Total Cost": 343257.03,
                  "Plan Rows": 2933676,
                  "Plan Width": 0,
                  "Actual Startup Time": 261.823,
                  "Actual Total Time": 768.007,
                  "Actual Rows": 2040835,
                  "Actual Loops": 7,
                  "Filter": "((person_id < 2772743) AND (role_id > 1))",
                  "Rows Removed by Filter": 3136928
                }
              ]
            }
          ]
        }
      ]
    },
    "Planning Time": 0.279,
    "Triggers": [],
    "Execution Time": 943.146
  }
]