[
  {
    "Plan": {
      "Node Type": "Aggregate",
      "Strategy": "Plain",
      "Partial Mode": "Finalize",
      "Parallel Aware": false,
      "Startup Cost": 32171.4,
      "Total Cost": 32171.41,
      "Plan Rows": 1,
      "Plan Width": 8,
      "Actual Startup Time": 139.636,
      "Actual Total Time": 148.378,
      "Actual Rows": 1,
      "Actual Loops": 1,
      "Plans": [
        {
          "Node Type": "Gather",
          "Parent Relationship": "Outer",
          "Parallel Aware": false,
          "Startup Cost": 32171.08,
          "Total Cost": 32171.39,
          "Plan Rows": 3,
          "Plan Width": 8,
          "Actual Startup Time": 139.518,
          "Actual Total Time": 148.37,
          "Actual Rows": 4,
          "Actual Loops": 1,
          "Workers Planned": 3,
          "Workers Launched": 3,
          "Single Copy": false,
          "Plans": [
            {
              "Node Type": "Aggregate",
              "Strategy": "Plain",
              "Partial Mode": "Partial",
              "Parent Relationship": "Outer",
              "Parallel Aware": false,
              "Startup Cost": 31171.08,
              "Total Cost": 31171.09,
              "Plan Rows": 1,
              "Plan Width": 8,
              "Actual Startup Time": 131.55,
              "Actual Total Time": 131.551,
              "Actual Rows": 1,
              "Actual Loops": 4,
              "Plans": [
                {
                  "Node Type": "Seq Scan",
                  "Parent Relationship": "Outer",
                  "Parallel Aware": true,
                  "Relation Name": "movie_companies",
                  "Alias": "mc",
                  "Startup Cost": 0.0,
                  "Total Cost": 29310.68,
                  "Plan Rows": 744160,
                  "Plan Width": 0,
                  "Actual Startup Time": 0.049,
                  "Actual Total Time": 98.016,
                  "Actual Rows": 576816,
                  "Actual Loops": 4,
                  "Filter": "(company_id < 93962)",
                  "Rows Removed by Filter": 75466
                }
              ]
            }
          ]
        }
      ]
    },
    "Planning Time": 0.196,
    "Triggers": [],
    "Execution Time": 148.436
  }
]