[
  {
    "Plan": {
      "Node Type": "Aggregate",
      "Strategy": "Plain",
      "Partial Mode": "Finalize",
      "Parallel Aware": false,
      "Startup Cost": 43949.56,
      "Total Cost": 43949.57,
      "Plan Rows": 1,
      "Plan Width": 8,
      "Actual Startup Time": 94.322,
      "Actual Total Time": 105.173,
      "Actual Rows": 1,
      "Actual Loops": 1,
      "Plans": [
        {
          "Node Type": "Gather",
          "Parent Relationship": "Outer",
          "Parallel Aware": false,
          "Startup Cost": 43949.14,
          "Total Cost": 43949.55,
          "Plan Rows": 4,
          "Plan Width": 8,
          "Actual Startup Time": 93.499,
          "Actual Total Time": 105.164,
          "Actual Rows": 5,
          "Actual Loops": 1,
          "Workers Planned": 4,
          "Workers Launched": 4,
          "Single Copy": false,
          "Plans": [
            {
              "Node Type": "Aggregate",
              "Strategy": "Plain",
              "Partial Mode": "Partial",
              "Parent Relationship": "Outer",
              "Parallel Aware": false,
              "Startup Cost": 42949.14,
              "Total Cost": 42949.15,
              "Plan Rows": 1,
              "Plan Width": 8,
              "Actual Startup Time": 83.272,
              "Actual Total Time": 83.274,
              "Actual Rows": 1,
              "Actual Loops": 5,
              "Plans": [
                {
                  "Node Type": "Nested Loop",
                  "Parent Relationship": "Outer",
                  "Parallel Aware": false,
                  "Join Type": "Inner",
                  "Startup Cost": 1617.76,
                  "Total Cost": 42940.56,
                  "Plan Rows": 3432,
                  "Plan Width": 0,
                  "Actual Startup Time": 20.224,
                  "Actual Total Time": 82.486,
                  "Actual Rows": 9981,
                  "Actual Loops": 5,
                  "Inner Unique": false,
                  "Join Filter": "(t.id = ci.movie_id)",
                  "Rows Removed by Join Filter": 0,
                  "Plans": [
                    {
                      "Node Type": "Nested Loop",
                      "Parent Relationship": "Outer",
                      "Parallel Aware": false,
                      "Join Type": "Inner",
                      "Startup Cost": 1617.2,
                      "Total Cost": 42397.72,
                      "Plan Rows": 240,
                      "Plan Width": 8,
                      "Actual Startup Time": 19.775,
                      "Actual Total Time": 54.943,
                      "Actual Rows": 536,
                      "Actual Loops": 5,
                      "Inner Unique": false,
                      "Plans": [
                        {
                          "Node Type": "Bitmap Heap Scan",
                          "Parent Relationship": "Outer",
                          "Parallel Aware": true,
                          "Relation Name": "title",
                          "Alias": "t",
                          "Startup Cost": 1616.77,
                          "Total Cost": 37954.82,
                          "Plan Rows": 232,
                          "Plan Width": 4,
                          "Actual Startup Time": 19.511,
                          "Actual Total Time": 48.903,
                          "Actual Rows": 267,
                          "Actual Loops": 5,
                          "Recheck Cond": "(kind_id = 2)",
                          "Rows Removed by Index Recheck": 0,
                          "Filter": "(production_year = 1993)",
                          "Rows Removed by Filter": 17904,
                          "Exact Heap Blocks": 12106,
                          "Lossy Heap Blocks": 0,
                          "Plans": [
                            {
                              "Node Type": "Bitmap Index Scan",
                              "Parent Relationship": "Outer",
                              "Parallel Aware": false,
                              "Index Name": "kind_id_title",
                              "Startup Cost": 0.0,
                              "Total Cost": 1616.54,
                              "Plan Rows": 90681,
                              "Plan Width": 0,
                              "Actual Startup Time": 19.869,
                              "Actual Total Time": 19.869,
                              "Actual Rows": 90852,
                              "Actual Loops": 1,
                              "Index Cond": "(kind_id = 2)"
                            }
                          ]
                        },
                        {
                          "Node Type": "Index Only Scan",
                          "Parent Relationship": "Inner",
                          "Parallel Aware": false,
                          "Scan Direction": "Forward",
                          "Index Name": "movie_id_movie_companies",
                          "Relation Name": "movie_companies",
                          "Alias": "mc",
                          "Startup Cost": 0.43,
                          "Total Cost": 19.1,
                          "Plan Rows": 5,
                          "Plan Width": 4,
                          "Actual Startup Time": 0.019,
                          "Actual Total Time": 0.022,
                          "Actual Rows": 2,
                          "Actual Loops": 1334,
                          "Index Cond": "(movie_id = t.id)",
                          "Rows Removed by Index Recheck": 0,
                          "Heap Fetches": 2678
                        }
                      ]
                    },
                    {
                      "Node Type": "Index Only Scan",
                      "Parent Relationship": "Inner",
                      "Parallel Aware": false,
                      "Scan Direction": "Forward",
                      "Index Name": "movie_id_cast_info",
                      "Relation Name": "cast_info",
                      "Alias": "ci",
                      "Startup Cost": 0.56,
                      "Total Cost": 1.8,
                      "Plan Rows": 37,
                      "Plan Width": 4,
                      "Actual Startup Time": 0.011,
                      "Actual Total Time": 0.049,
                      "Actual Rows": 19,
                      "Actual Loops": 2678,
                      "Index Cond": "(movie_id = mc.movie_id)",
                      "Rows Removed by Index Recheck": 0,
                      "Heap Fetches": 49906
                    }
                  ]
                }
              ]
            }
          ]
        }
      ]
    },
    "Planning Time": 1.392,
    "Triggers": [],
    "Execution Time": 105.274
  }
]