[
  {
    "Plan": {
      "Node Type": "Aggregate",
      "Strategy": "Plain",
      "Partial Mode": "Finalize",
      "Parallel Aware": false,
      "Startup Cost": 32129.93,
      "Total Cost": 32129.94,
      "Plan Rows": 1,
      "Plan Width": 8,
      "Actual Startup Time": 119.199,
      "Actual Total Time": 127.804,
      "Actual Rows": 1,
      "Actual Loops": 1,
      "Plans": [
        {
          "Node Type": "Gather",
          "Parent Relationship": "Outer",
          "Parallel Aware": false,
          "Startup Cost": 32129.61,
          "Total Cost": 32129.92,
          "Plan Rows": 3,
          "Plan Width": 8,
          "Actual Startup Time": 119.072,
          "Actual Total Time": 127.796,
          "Actual Rows": 4,
          "Actual Loops": 1,
          "Workers Planned": 3,
          "Workers Launched": 3,
          "Single Copy": false,
          "Plans": [
            {
              "Node Type": "Aggregate",
              "Strategy": "Plain",
              "Partial Mode": "Partial",
              "Parent Relationship": "Outer",
              "Parallel Aware": false,
              "Startup Cost": 31129.61,
              "Total Cost": 31129.62,
              "Plan Rows": 1,
              "Plan Width": 8,
              "Actual Startup Time": 114.993,
              "Actual Total Time": 114.995,
              "Actual Rows": 1,
              "Actual Loops": 4,
              "Plans": [
                {
                  "Node Type": "Seq Scan",
                  "Parent Relationship": "Outer",
                  "Parallel Aware": true,
                  "Relation Name": "movie_companies",
                  "Alias": "mc",
                  "Startup Cost": 0.0,
                  "Total Cost": 29310.68,
                  "Plan Rows": 727571,
                  "Plan Width": 0,
                  "Actual Startup Time": 0.018,
                  "Actual Total Time": 86.288,
                  "Actual Rows": 563982,
                  "Actual Loops": 4,
                  "Filter": "(company_id < 87967)",
                  "Rows Removed by Filter": 88300
                }
              ]
            }
          ]
        }
      ]
    },
    "Planning Time": 0.107,
    "Triggers": [],
    "Execution Time": 127.839
  }
]