[
  {
    "Plan": {
      "Node Type": "Aggregate",
      "Strategy": "Plain",
      "Partial Mode": "Finalize",
      "Parallel Aware": false,
      "Startup Cost": 46240.39,
      "Total Cost": 46240.4,
      "Plan Rows": 1,
      "Plan Width": 8,
      "Actual Startup Time": 159.264,
      "Actual Total Time": 168.534,
      "Actual Rows": 1,
      "Actual Loops": 1,
      "Plans": [
        {
          "Node Type": "Gather",
          "Parent Relationship": "Outer",
          "Parallel Aware": false,
          "Startup Cost": 46240.07,
          "Total Cost": 46240.38,
          "Plan Rows": 3,
          "Plan Width": 8,
          "Actual Startup Time": 159.058,
          "Actual Total Time": 168.526,
          "Actual Rows": 4,
          "Actual Loops": 1,
          "Workers Planned": 3,
          "Workers Launched": 3,
          "Single Copy": false,
          "Plans": [
            {
              "Node Type": "Aggregate",
              "Strategy": "Plain",
              "Partial Mode": "Partial",
              "Parent Relationship": "Outer",
              "Parallel Aware": false,
              "Startup Cost": 45240.07,
              "Total Cost": 45240.08,
              "Plan Rows": 1,
              "Plan Width": 8,
              "Actual Startup Time": 153.576,
              "Actual Total Time": 153.577,
              "Actual Rows": 1,
              "Actual Loops": 4,
              "Plans": [
                {
                  "Node Type": "Seq Scan",
                  "Parent Relationship": "Outer",
                  "Parallel Aware": true,
                  "Relation Name": "movie_keyword",
                  "Alias": "mk",
                  "Startup Cost": 0.0,
                  "Total Cost": 42695.65,
                  "Plan Rows": 1017766,
                  "Plan Width": 0,
                  "Actual Startup Time": 0.243,
                  "Actual Total Time": 118.982,
                  "Actual Rows": 785494,
                  "Actual Loops": 4,
                  "Filter": "(keyword_id > 1837)",
                  "Rows Removed by Filter": 345488
                }
              ]
            }
          ]
        }
      ]
    },
    "Planning Time": 0.15,
    "Triggers": [],
    "Execution Time": 168.584
  }
]