[
  {
    "Plan": {
      "Node Type": "Aggregate",
      "Strategy": "Plain",
      "Partial Mode": "Finalize",
      "Parallel Aware": false,
      "Startup Cost": 125588.46,
      "Total Cost": 125588.47,
      "Plan Rows": 1,
      "Plan Width": 8,
      "Actual Startup Time": 424.885,
      "Actual Total Time": 449.587,
      "Actual Rows": 1,
      "Actual Loops": 1,
      "Plans": [
        {
          "Node Type": "Gather",
          "Parent Relationship": "Outer",
          "Parallel Aware": false,
          "Startup Cost": 125588.14,
          "Total Cost": 125588.45,
          "Plan Rows": 3,
          "Plan Width": 8,
          "Actual Startup Time": 423.71,
          "Actual Total Time": 449.578,
          "Actual Rows": 4,
          "Actual Loops": 1,
          "Workers Planned": 3,
          "Workers Launched": 3,
          "Single Copy": false,
          "Plans": [
            {
              "Node Type": "Aggregate",
              "Strategy": "Plain",
              "Partial Mode": "Partial",
              "Parent Relationship": "Outer",
              "Parallel Aware": false,
              "Startup Cost": 124588.14,
              "Total Cost": 124588.15,
              "Plan Rows": 1,
              "Plan Width": 8,
              "Actual Startup Time": 414.485,
              "Actual Total Time": 414.49,
              "Actual Rows": 1,
              "Actual Loops": 4,
              "Plans": [
                {
                  "Node Type": "Hash Join",
                  "Parent Relationship": "Outer",
                  "Parallel Aware": true,
                  "Join Type": "Inner",
                  "Startup Cost": 79223.94,
                  "Total Cost": 124165.95,
                  "Plan Rows": 168878,
                  "Plan Width": 0,
                  "Actual Startup Time": 389.628,
                  "Actual Total Time": 413.862,
                  "Actual Rows": 13664,
                  "Actual Loops": 4,
                  "Inner Unique": false,
                  "Hash Cond": "(mk.movie_id = t.id)",
                  "Plans": [
                    {
                      "Node Type": "Seq Scan",
                      "Parent Relationship": "Outer",
                      "Parallel Aware": true,
                      "Relation Name": "movie_keyword",
                      "Alias": "mk",
                      "Startup Cost": 0.0,
                      "Total Cost": 39047.32,
                      "Plan Rows": 1459332,
                      "Plan Width": 4,
                      "Actual Startup Time": 0.022,
                      "Actual Total Time": 91.605,
                      "Actual Rows": 1130982,
                      "Actual Loops": 4
                    },
                    {
                      "Node Type": "Hash",
                      "Parent Relationship": "Inner",
                      "Parallel Aware": true,
                      "Startup Cost": 78309.63,
                      "Total Cost": 78309.63,
                      "Plan Rows": 73145,
                      "Plan Width": 8,
                      "Actual Startup Time": 232.805,
                      "Actual Total Time": 232.809,
                      "Actual Rows": 1504,
                      "Actual Loops": 4,
                      "Hash Buckets": 524288,
                      "Original Hash Buckets": 524288,
                      "Hash Batches": 1,
                      "Original Hash Batches": 1,
                      "Peak Memory Usage": 4352,
                      "Plans": [
                        {
                          "Node Type": "Hash Join",
                          "Parent Relationship": "Outer",
                          "Parallel Aware": true,
                          "Join Type": "Inner",
                          "Startup Cost": 32594.58,
                          "Total Cost": 78309.63,
                          "Plan Rows": 73145,
                          "Plan Width": 8,
                          "Actual Startup Time": 187.873,
                          "Actual Total Time": 231.66,
                          "Actual Rows": 1504,
                          "Actual Loops": 4,
                          "Inner Unique": false,
                          "Hash Cond": "(t.id = mc.movie_id)",
                          "Plans": [
                            {
                              "Node Type": "Seq Scan",
                              "Parent Relationship": "Outer",
                              "Parallel Aware": true,
                              "Relation Name": "title",
                              "Alias": "t",
                              "Startup Cost": 0.0,
                              "Total Cost": 42318.73,
                              "Plan Rows": 632073,
                              "Plan Width": 4,
                              "Actual Startup Time": 0.011,
                              "Actual Total Time": 76.754,
                              "Actual Rows": 632078,
                              "Actual Loops": 4
                            },
                            {
                              "Node Type": "Hash",
                              "Parent Relationship": "Inner",
                              "Parallel Aware": true,
                              "Startup Cost": 31414.82,
                              "Total Cost": 31414.82,
                              "Plan Rows": 94381,
                              "Plan Width": 4,
                              "Actual Startup Time": 85.167,
                              "Actual Total Time": 85.168,
                              "Actual Rows": 1504,
                              "Actual Loops": 4,
                              "Hash Buckets": 524288,
                              "Original Hash Buckets": 524288,
                              "Hash Batches": 1,
                              "Original Hash Batches": 1,
                              "Peak Memory Usage": 4384,
                              "Plans": [
                                {
                                  "Node Type": "Seq Scan",
                                  "Parent Relationship": "Outer",
                                  "Parallel Aware": true,
                                  "Relation Name": "movie_companies",
                                  "Alias": "mc",
                                  "Startup Cost": 0.0,
                                  "Total Cost": 31414.82,
                                  "Plan Rows": 94381,
                                  "Plan Width": 4,
                                  "Actual Startup Time": 45.571,
                                  "Actual Total Time": 79.07,
                                  "Actual Rows": 1504,
                                  "Actual Loops": 4,
                                  "Filter": "((company_id > 65419) AND (company_type_id < 2))",
                                  "Rows Removed by Filter": 650778
                                }
                              ]
                            }
                          ]
                        }
                      ]
                    }
                  ]
                }
              ]
            }
          ]
        }
      ]
    },
    "Planning Time": 1.41,
    "Triggers": [],
    "Execution Time": 449.667
  }
]