[
  {
    "Plan": {
      "Node Type": "Aggregate",
      "Strategy": "Plain",
      "Partial Mode": "Finalize",
      "Parallel Aware": false,
      "Startup Cost": 92866.53,
      "Total Cost": 92866.54,
      "Plan Rows": 1,
      "Plan Width": 8,
      "Actual Startup Time": 364.42,
      "Actual Total Time": 381.547,
      "Actual Rows": 1,
      "Actual Loops": 1,
      "Plans": [
        {
          "Node Type": "Gather",
          "Parent Relationship": "Outer",
          "Parallel Aware": false,
          "Startup Cost": 92866.21,
          "Total Cost": 92866.52,
          "Plan Rows": 3,
          "Plan Width": 8,
          "Actual Startup Time": 361.826,
          "Actual Total Time": 381.522,
          "Actual Rows": 4,
          "Actual Loops": 1,
          "Workers Planned": 3,
          "Workers Launched": 3,
          "Single Copy": false,
          "Plans": [
            {
              "Node Type": "Aggregate",
              "Strategy": "Plain",
              "Partial Mode": "Partial",
              "Parent Relationship": "Outer",
              "Parallel Aware": false,
              "Startup Cost": 91866.21,
              "Total Cost": 91866.22,
              "Plan Rows": 1,
              "Plan Width": 8,
              "Actual Startup Time": 352.995,
              "Actual Total Time": 352.998,
              "Actual Rows": 1,
              "Actual Loops": 4,
              "Plans": [
                {
                  "Node Type": "Hash Join",
                  "Parent Relationship": "Outer",
                  "Parallel Aware": true,
                  "Join Type": "Inner",
                  "Startup Cost": 48208.0,
                  "Total Cost": 91627.96,
                  "Plan Rows": 95302,
                  "Plan Width": 0,
                  "Actual Startup Time": 209.268,
                  "Actual Total Time": 350.965,
                  "Actual Rows": 35577,
                  "Actual Loops": 4,
                  "Inner Unique": true,
                  "Hash Cond": "(mk.movie_id = t.id)",
                  "Plans": [
                    {
                      "Node Type": "Seq Scan",
                      "Parent Relationship": "Outer",
                      "Parallel Aware": true,
                      "Relation Name": "movie_keyword",
                      "Alias": "mk",
                      "Startup Cost": 0.0,
                      "Total Cost": 42695.65,
                      "Plan Rows": 275926,
                      "Plan Width": 4,
                      "Actual Startup Time": 1.935,
                      "Actual Total Time": 104.735,
                      "Actual Rows": 212004,
                      "Actual Loops": 4,
                      "Filter": "(keyword_id > 21645)",
                      "Rows Removed by Filter": 918978
                    },
                    {
                      "Node Type": "Hash",
                      "Parent Relationship": "Inner",
                      "Parallel Aware": true,
                      "Startup Cost": 45479.1,
                      "Total Cost": 45479.1,
                      "Plan Rows": 218312,
                      "Plan Width": 4,
                      "Actual Startup Time": 202.232,
                      "Actual Total Time": 202.233,
                      "Actual Rows": 198796,
                      "Actual Loops": 4,
                      "Hash Buckets": 1048576,
                      "Original Hash Buckets": 1048576,
                      "Hash Batches": 1,
                      "Original Hash Batches": 1,
                      "Peak Memory Usage": 39360,
                      "Plans": [
                        {
                          "Node Type": "Seq Scan",
                          "Parent Relationship": "Outer",
                          "Parallel Aware": true,
                          "Relation Name": "title",
                          "Alias": "t",
                          "Startup Cost": 0.0,
                          "Total Cost": 45479.1,
                          "Plan Rows": 218312,
                          "Plan Width": 4,
                          "Actual Startup Time": 0.044,
                          "Actual Total Time": 119.336,
                          "Actual Rows": 198796,
                          "Actual Loops": 4,
                          "Filter": "((kind_id > 1) AND (production_year < 2003))",
                          "Rows Removed by Filter": 433282
                        }
                      ]
                    }
                  ]
                }
              ]
            }
          ]
        }
      ]
    },
    "Planning Time": 0.612,
    "Triggers": [],
    "Execution Time": 381.617
  }
]