[
  {
    "Plan": {
      "Node Type": "Aggregate",
      "Strategy": "Plain",
      "Partial Mode": "Finalize",
      "Parallel Aware": false,
      "Startup Cost": 333986.32,
      "Total Cost": 333986.33,
      "Plan Rows": 1,
      "Plan Width": 8,
      "Actual Startup Time": 668.862,
      "Actual Total Time": 712.094,
      "Actual Rows": 1,
      "Actual Loops": 1,
      "Plans": [
        {
          "Node Type": "Gather",
          "Parent Relationship": "Outer",
          "Parallel Aware": false,
          "Startup Cost": 333985.69,
          "Total Cost": 333986.3,
          "Plan Rows": 6,
          "Plan Width": 8,
          "Actual Startup Time": 668.657,
          "Actual Total Time": 712.082,
          "Actual Rows": 7,
          "Actual Loops": 1,
          "Workers Planned": 6,
          "Workers Launched": 6,
          "Single Copy": false,
          "Plans": [
            {
              "Node Type": "Aggregate",
              "Strategy": "Plain",
              "Partial Mode": "Partial",
              "Parent Relationship": "Outer",
              "Parallel Aware": false,
              "Startup Cost": 332985.69,
              "Total Cost": 332985.7,
              "Plan Rows": 1,
              "Plan Width": 8,
              "Actual Startup Time": 659.417,
              "Actual Total Time": 659.418,
              "Actual Rows": 1,
              "Actual Loops": 7,
              "Plans": [
                {
                  "Node Type": "Seq Scan",
                  "Parent Relationship": "Outer",
                  "Parallel Aware": true,
                  "Relation Name": "cast_info",
                  "Alias": "ci",
                  "Startup Cost": 0.0,
                  "Total Cost": 328211.39,
                  "Plan Rows": 1909720,
                  "Plan Width": 0,
                  "Actual Startup Time": 288.21,
                  "Actual Total Time": 580.841,
                  "Actual Rows": 1618336,
                  "Actual Loops": 7,
                  "Filter": "(person_id > 2567035)",
                  "Rows Removed by Filter": 3559428
                }
              ]
            }
          ]
        }
      ]
    },
    "Planning Time": 0.096,
    "Triggers": [],
    "Execution Time": 712.138
  }
]