{
    "Plan": {
        "Node Type": "Aggregate",
        "Strategy": "Plain",
        "Partial Mode": "Simple",
        "Parallel Aware": false,
        "Startup Cost": 10000658918.54,
        "Total Cost": 10000658918.55,
        "Plan Rows": 1,
        "Plan Width": 8,
        "Actual Startup Time": 1726.99,
        "Actual Total Time": 1726.995,
        "Actual Rows": 1,
        "Actual Loops": 1,
        "Output": [
            "count(*)"
        ],
        "Plans": [
            {
                "Node Type": "Nested Loop",
                "Parent Relationship": "Outer",
                "Parallel Aware": false,
                "Join Type": "Inner",
                "Startup Cost": 10000100784.75,
                "Total Cost": 10000658704.0,
                "Plan Rows": 85818,
                "Plan Width": 0,
                "Actual Startup Time": 550.335,
                "Actual Total Time": 1707.557,
                "Actual Rows": 209381,
                "Actual Loops": 1,
                "Inner Unique": false,
                "Join Filter": "(t.id = mc.movie_id)",
                "Rows Removed by Join Filter": 0,
                "Plans": [
                    {
                        "Node Type": "Hash Join",
                        "Parent Relationship": "Outer",
                        "Parallel Aware": false,
                        "Join Type": "Inner",
                        "Startup Cost": 100784.21,
                        "Total Cost": 270424.53,
                        "Plan Rows": 83160,
                        "Plan Width": 8,
                        "Actual Startup Time": 550.266,
                        "Actual Total Time": 805.145,
                        "Actual Rows": 88879,
                        "Actual Loops": 1,
                        "Output": [
                            "t.id",
                            "mi.movie_id"
                        ],
                        "Inner Unique": true,
                        "Hash Cond": "(mi.movie_id = t.id)",
                        "Plans": [
                            {
                                "Node Type": "Bitmap Heap Scan",
                                "Parent Relationship": "Outer",
                                "Parallel Aware": false,
                                "Relation Name": "movie_info",
                                "Schema": "public",
                                "Alias": "mi",
                                "Startup Cost": 9170.9,
                                "Total Cost": 177484.0,
                                "Plan Rows": 505608,
                                "Plan Width": 4,
                                "Actual Startup Time": 33.808,
                                "Actual Total Time": 128.071,
                                "Actual Rows": 474443,
                                "Actual Loops": 1,
                                "Output": [
                                    "mi.id",
                                    "mi.movie_id",
                                    "mi.info_type_id",
                                    "mi.info",
                                    "mi.note"
                                ],
                                "Recheck Cond": "(mi.info_type_id = 6)",
                                "Rows Removed by Index Recheck": 0,
                                "Exact Heap Blocks": 3203,
                                "Lossy Heap Blocks": 0,
                                "Plans": [
                                    {
                                        "Node Type": "Bitmap Index Scan",
                                        "Parent Relationship": "Outer",
                                        "Parallel Aware": false,
                                        "Index Name": "info_type_id_movie_info",
                                        "Startup Cost": 0.0,
                                        "Total Cost": 9044.49,
                                        "Plan Rows": 505608,
                                        "Plan Width": 0,
                                        "Actual Startup Time": 33.291,
                                        "Actual Total Time": 33.292,
                                        "Actual Rows": 474443,
                                        "Actual Loops": 1,
                                        "Index Cond": "(mi.info_type_id = 6)"
                                    }
                                ]
                            },
                            {
                                "Node Type": "Hash",
                                "Parent Relationship": "Inner",
                                "Parallel Aware": false,
                                "Startup Cost": 86415.22,
                                "Total Cost": 86415.22,
                                "Plan Rows": 415847,
                                "Plan Width": 4,
                                "Actual Startup Time": 513.579,
                                "Actual Total Time": 513.58,
                                "Actual Rows": 301535,
                                "Actual Loops": 1,
                                "Output": [
                                    "t.id"
                                ],
                                "Hash Buckets": 524288,
                                "Original Hash Buckets": 524288,
                                "Hash Batches": 1,
                                "Original Hash Batches": 1,
                                "Peak Memory Usage": 14697,
                                "Plans": [
                                    {
                                        "Node Type": "Bitmap Heap Scan",
                                        "Parent Relationship": "Outer",
                                        "Parallel Aware": false,
                                        "Relation Name": "title",
                                        "Schema": "public",
                                        "Alias": "t",
                                        "Startup Cost": 27424.67,
                                        "Total Cost": 86415.22,
                                        "Plan Rows": 415847,
                                        "Plan Width": 4,
                                        "Actual Startup Time": 80.598,
                                        "Actual Total Time": 417.127,
                                        "Actual Rows": 301535,
                                        "Actual Loops": 1,
                                        "Output": [
                                            "t.id"
                                        ],
                                        "Recheck Cond": "(t.kind_id = 7)",
                                        "Rows Removed by Index Recheck": 0,
                                        "Filter": "(t.production_year < 1990)",
                                        "Rows Removed by Filter": 1241729,
                                        "Exact Heap Blocks": 24710,
                                        "Lossy Heap Blocks": 0,
                                        "Plans": [
                                            {
                                                "Node Type": "Bitmap Index Scan",
                                                "Parent Relationship": "Outer",
                                                "Parallel Aware": false,
                                                "Index Name": "kind_id_title",
                                                "Startup Cost": 0.0,
                                                "Total Cost": 27320.71,
                                                "Plan Rows": 1532837,
                                                "Plan Width": 0,
                                                "Actual Startup Time": 75.615,
                                                "Actual Total Time": 75.615,
                                                "Actual Rows": 1543264,
                                                "Actual Loops": 1,
                                                "Index Cond": "(t.kind_id = 7)"
                                            }
                                        ]
                                    }
                                ]
                            }
                        ]
                    },
                    {
                        "Node Type": "Bitmap Heap Scan",
                        "Parent Relationship": "Inner",
                        "Parallel Aware": false,
                        "Relation Name": "movie_companies",
                        "Schema": "public",
                        "Alias": "mc",
                        "Startup Cost": 0.54,
                        "Total Cost": 4.61,
                        "Plan Rows": 5,
                        "Plan Width": 4,
                        "Actual Startup Time": 0.006,
                        "Actual Total Time": 0.007,
                        "Actual Rows": 2,
                        "Actual Loops": 88879,
                        "Output": [
                            "mc.id",
                            "mc.movie_id",
                            "mc.company_id",
                            "mc.company_type_id",
                            "mc.note"
                        ],
                        "Recheck Cond": "(mc.movie_id = mi.movie_id)",
                        "Rows Removed by Index Recheck": 0,
                        "Exact Heap Blocks": 159820,
                        "Lossy Heap Blocks": 0,
                        "Plans": [
                            {
                                "Node Type": "Bitmap Index Scan",
                                "Parent Relationship": "Outer",
                                "Parallel Aware": false,
                                "Index Name": "movie_id_movie_companies",
                                "Startup Cost": 0.0,
                                "Total Cost": 0.54,
                                "Plan Rows": 5,
                                "Plan Width": 0,
                                "Actual Startup Time": 0.004,
                                "Actual Total Time": 0.004,
                                "Actual Rows": 2,
                                "Actual Loops": 88879,
                                "Index Cond": "(mc.movie_id = mi.movie_id)"
                            }
                        ]
                    }
                ]
            }
        ]
    },
    "Planning Time": 3.775,
    "Triggers": [],
    "Execution Time": 1728.373
}