{
    "Plan": {
        "Node Type": "Aggregate",
        "Strategy": "Plain",
        "Partial Mode": "Simple",
        "Parallel Aware": false,
        "Startup Cost": 10000442836.43,
        "Total Cost": 10000442836.44,
        "Plan Rows": 1,
        "Plan Width": 8,
        "Actual Startup Time": 4959.084,
        "Actual Total Time": 4959.088,
        "Actual Rows": 1,
        "Actual Loops": 1,
        "Output": [
            "count(*)"
        ],
        "Plans": [
            {
                "Node Type": "Hash Join",
                "Parent Relationship": "Outer",
                "Parallel Aware": false,
                "Join Type": "Inner",
                "Startup Cost": 10000241448.53,
                "Total Cost": 10000441331.33,
                "Plan Rows": 602039,
                "Plan Width": 0,
                "Actual Startup Time": 3835.102,
                "Actual Total Time": 4908.18,
                "Actual Rows": 1312794,
                "Actual Loops": 1,
                "Inner Unique": false,
                "Hash Cond": "(t.id = mc.movie_id)",
                "Plans": [
                    {
                        "Node Type": "Hash Join",
                        "Parent Relationship": "Outer",
                        "Parallel Aware": false,
                        "Join Type": "Inner",
                        "Startup Cost": 10000166155.6,
                        "Total Cost": 10000348338.13,
                        "Plan Rows": 1334844,
                        "Plan Width": 8,
                        "Actual Startup Time": 3100.084,
                        "Actual Total Time": 3749.857,
                        "Actual Rows": 1325361,
                        "Actual Loops": 1,
                        "Output": [
                            "t.id",
                            "mi.movie_id"
                        ],
                        "Inner Unique": true,
                        "Hash Cond": "(mi.movie_id = t.id)",
                        "Plans": [
                            {
                                "Node Type": "Bitmap Heap Scan",
                                "Parent Relationship": "Outer",
                                "Parallel Aware": false,
                                "Relation Name": "movie_info",
                                "Schema": "public",
                                "Alias": "mi",
                                "Startup Cost": 24209.48,
                                "Total Cost": 202888.03,
                                "Plan Rows": 1334844,
                                "Plan Width": 4,
                                "Actual Startup Time": 189.268,
                                "Actual Total Time": 424.585,
                                "Actual Rows": 1325361,
                                "Actual Loops": 1,
                                "Output": [
                                    "mi.id",
                                    "mi.movie_id",
                                    "mi.info_type_id",
                                    "mi.info",
                                    "mi.note"
                                ],
                                "Recheck Cond": "(mi.info_type_id = 8)",
                                "Rows Removed by Index Recheck": 0,
                                "Exact Heap Blocks": 7852,
                                "Lossy Heap Blocks": 0,
                                "Plans": [
                                    {
                                        "Node Type": "Bitmap Index Scan",
                                        "Parent Relationship": "Outer",
                                        "Parallel Aware": false,
                                        "Index Name": "info_type_id_movie_info",
                                        "Startup Cost": 0.0,
                                        "Total Cost": 23875.77,
                                        "Plan Rows": 1334844,
                                        "Plan Width": 0,
                                        "Actual Startup Time": 187.755,
                                        "Actual Total Time": 187.756,
                                        "Actual Rows": 1325361,
                                        "Actual Loops": 1,
                                        "Index Cond": "(mi.info_type_id = 8)"
                                    }
                                ]
                            },
                            {
                                "Node Type": "Hash",
                                "Parent Relationship": "Inner",
                                "Parallel Aware": false,
                                "Startup Cost": 10000110342.1,
                                "Total Cost": 10000110342.1,
                                "Plan Rows": 2528322,
                                "Plan Width": 4,
                                "Actual Startup Time": 2889.152,
                                "Actual Total Time": 2889.153,
                                "Actual Rows": 2528312,
                                "Actual Loops": 1,
                                "Output": [
                                    "t.id"
                                ],
                                "Hash Buckets": 4194304,
                                "Original Hash Buckets": 4194304,
                                "Hash Batches": 1,
                                "Original Hash Batches": 1,
                                "Peak Memory Usage": 121654,
                                "Plans": [
                                    {
                                        "Node Type": "Index Scan",
                                        "Parent Relationship": "Outer",
                                        "Parallel Aware": false,
                                        "Scan Direction": "Forward",
                                        "Index Name": "title_pkey",
                                        "Relation Name": "title",
                                        "Schema": "public",
                                        "Alias": "t",
                                        "Startup Cost": 10000000000.43,
                                        "Total Cost": 10000110342.1,
                                        "Plan Rows": 2528322,
                                        "Plan Width": 4,
                                        "Actual Startup Time": 0.035,
                                        "Actual Total Time": 2021.062,
                                        "Actual Rows": 2528312,
                                        "Actual Loops": 1,
                                        "Output": [
                                            "t.id"
                                        ]
                                    }
                                ]
                            }
                        ]
                    },
                    {
                        "Node Type": "Hash",
                        "Parent Relationship": "Inner",
                        "Parallel Aware": false,
                        "Startup Cost": 61038.94,
                        "Total Cost": 61038.94,
                        "Plan Rows": 1140319,
                        "Plan Width": 4,
                        "Actual Startup Time": 717.543,
                        "Actual Total Time": 717.544,
                        "Actual Rows": 1274246,
                        "Actual Loops": 1,
                        "Output": [
                            "mc.movie_id"
                        ],
                        "Hash Buckets": 2097152,
                        "Original Hash Buckets": 2097152,
                        "Hash Batches": 1,
                        "Original Hash Batches": 1,
                        "Peak Memory Usage": 61182,
                        "Plans": [
                            {
                                "Node Type": "Bitmap Heap Scan",
                                "Parent Relationship": "Outer",
                                "Parallel Aware": false,
                                "Relation Name": "movie_companies",
                                "Schema": "public",
                                "Alias": "mc",
                                "Startup Cost": 23065.32,
                                "Total Cost": 61038.94,
                                "Plan Rows": 1140319,
                                "Plan Width": 4,
                                "Actual Startup Time": 119.551,
                                "Actual Total Time": 395.59,
                                "Actual Rows": 1274246,
                                "Actual Loops": 1,
                                "Output": [
                                    "mc.movie_id"
                                ],
                                "Recheck Cond": "(mc.company_type_id = 1)",
                                "Rows Removed by Index Recheck": 0,
                                "Filter": "(mc.company_id < 95132)",
                                "Rows Removed by Filter": 0,
                                "Exact Heap Blocks": 11177,
                                "Lossy Heap Blocks": 0,
                                "Plans": [
                                    {
                                        "Node Type": "Bitmap Index Scan",
                                        "Parent Relationship": "Outer",
                                        "Parallel Aware": false,
                                        "Index Name": "company_type_id_movie_companies",
                                        "Startup Cost": 0.0,
                                        "Total Cost": 22780.24,
                                        "Plan Rows": 1278908,
                                        "Plan Width": 0,
                                        "Actual Startup Time": 117.452,
                                        "Actual Total Time": 117.453,
                                        "Actual Rows": 1274246,
                                        "Actual Loops": 1,
                                        "Index Cond": "(mc.company_type_id = 1)"
                                    }
                                ]
                            }
                        ]
                    }
                ]
            }
        ]
    },
    "Planning Time": 3.925,
    "Triggers": [],
    "Execution Time": 4963.58
}