{
  "Plan": {
    "Node Type": "Aggregate",
    "Strategy": "Plain",
    "Partial Mode": "Simple",
    "Parallel Aware": false,
    "Startup Cost": 24055.78,
    "Total Cost": 24055.79,
    "Plan Rows": 1,
    "Plan Width": 64,
    "Actual Startup Time": 1666.774,
    "Actual Total Time": 1666.778,
    "Actual Rows": 1,
    "Actual Loops": 1,
    "Plans": [
      {
        "Node Type": "Nested Loop",
        "Parent Relationship": "Outer",
        "Parallel Aware": false,
        "Join Type": "Inner",
        "Startup Cost": 4936.78,
        "Total Cost": 24055.77,
        "Plan Rows": 1,
        "Plan Width": 23,
        "Actual Startup Time": 34.941,
        "Actual Total Time": 1666.55,
        "Actual Rows": 837,
        "Actual Loops": 1,
        "Inner Unique": true,
        "Plans": [
          {
            "Node Type": "Nested Loop",
            "Parent Relationship": "Outer",
            "Parallel Aware": false,
            "Join Type": "Inner",
            "Startup Cost": 4936.36,
            "Total Cost": 22872.69,
            "Plan Rows": 2681,
            "Plan Width": 27,
            "Actual Startup Time": 26.541,
            "Actual Total Time": 741.058,
            "Actual Rows": 671680,
            "Actual Loops": 1,
            "Inner Unique": false,
            "Plans": [
              {
                "Node Type": "Nested Loop",
                "Parent Relationship": "Outer",
                "Parallel Aware": false,
                "Join Type": "Inner",
                "Startup Cost": 4935.93,
                "Total Cost": 20163.39,
                "Plan Rows": 1498,
                "Plan Width": 31,
                "Actual Startup Time": 26.506,
                "Actual Total Time": 406.085,
                "Actual Rows": 94740,
                "Actual Loops": 1,
                "Inner Unique": true,
                "Plans": [
                  {
                    "Node Type": "Nested Loop",
                    "Parent Relationship": "Outer",
                    "Parallel Aware": false,
                    "Join Type": "Inner",
                    "Startup Cost": 4935.5,
                    "Total Cost": 17533.76,
                    "Plan Rows": 2304,
                    "Plan Width": 10,
                    "Actual Startup Time": 26.491,
                    "Actual Total Time": 106.696,
                    "Actual Rows": 149798,
                    "Actual Loops": 1,
                    "Inner Unique": false,
                    "Plans": [
                      {
                        "Node Type": "Seq Scan",
                        "Parent Relationship": "Outer",
                        "Parallel Aware": false,
                        "Relation Name": "info_type",
                        "Alias": "it",
                        "Startup Cost": 0.0,
                        "Total Cost": 2.41,
                        "Plan Rows": 1,
                        "Plan Width": 4,
                        "Actual Startup Time": 0.028,
                        "Actual Total Time": 0.032,
                        "Actual Rows": 1,
                        "Actual Loops": 1,
                        "Filter": "((info)::text = 'rating'::text)",
                        "Rows Removed by Filter": 112
                      },
                      {
                        "Node Type": "Bitmap Heap Scan",
                        "Parent Relationship": "Inner",
                        "Parallel Aware": false,
                        "Relation Name": "movie_info_idx",
                        "Alias": "mi_idx",
                        "Startup Cost": 4935.5,
                        "Total Cost": 17010.6,
                        "Plan Rows": 52074,
                        "Plan Width": 14,
                        "Actual Startup Time": 26.455,
                        "Actual Total Time": 95.572,
                        "Actual Rows": 149798,
                        "Actual Loops": 1,
                        "Recheck Cond": "(info_type_id = it.id)",
                        "Rows Removed by Index Recheck": 0,
                        "Filter": "(info > '6.8'::text)",
                        "Rows Removed by Filter": 310127,
                        "Exact Heap Blocks": 7934,
                        "Lossy Heap Blocks": 0,
                        "Plans": [
                          {
                            "Node Type": "Bitmap Index Scan",
                            "Parent Relationship": "Outer",
                            "Parallel Aware": false,
                            "Index Name": "info_type_id_movie_info_idx",
                            "Startup Cost": 0.0,
                            "Total Cost": 4922.48,
                            "Plan Rows": 276007,
                            "Plan Width": 0,
                            "Actual Startup Time": 25.167,
                            "Actual Total Time": 25.167,
                            "Actual Rows": 459925,
                            "Actual Loops": 1,
                            "Index Cond": "(info_type_id = it.id)"
                          }
                        ]
                      }
                    ]
                  },
                  {
                    "Node Type": "Index Scan",
                    "Parent Relationship": "Inner",
                    "Parallel Aware": false,
                    "Scan Direction": "Forward",
                    "Index Name": "title_pkey",
                    "Relation Name": "title",
                    "Alias": "t",
                    "Startup Cost": 0.43,
                    "Total Cost": 1.14,
                    "Plan Rows": 1,
                    "Plan Width": 21,
                    "Actual Startup Time": 0.002,
                    "Actual Total Time": 0.002,
                    "Actual Rows": 1,
                    "Actual Loops": 149798,
                    "Index Cond": "(id = mi_idx.movie_id)",
                    "Rows Removed by Index Recheck": 0,
                    "Filter": "(production_year > 1994)",
                    "Rows Removed by Filter": 0
                  }
                ]
              },
              {
                "Node Type": "Index Scan",
                "Parent Relationship": "Inner",
                "Parallel Aware": false,
                "Scan Direction": "Forward",
                "Index Name": "movie_id_movie_keyword",
                "Relation Name": "movie_keyword",
                "Alias": "mk",
                "Startup Cost": 0.43,
                "Total Cost": 1.35,
                "Plan Rows": 46,
                "Plan Width": 8,
                "Actual Startup Time": 0.002,
                "Actual Total Time": 0.003,
                "Actual Rows": 7,
                "Actual Loops": 94740,
                "Index Cond": "(movie_id = t.id)",
                "Rows Removed by Index Recheck": 0
              }
            ]
          },
          {
            "Node Type": "Index Scan",
            "Parent Relationship": "Inner",
            "Parallel Aware": false,
            "Scan Direction": "Forward",
            "Index Name": "keyword_pkey",
            "Relation Name": "keyword",
            "Alias": "k",
            "Startup Cost": 0.42,
            "Total Cost": 0.44,
            "Plan Rows": 1,
            "Plan Width": 4,
            "Actual Startup Time": 0.001,
            "Actual Total Time": 0.001,
            "Actual Rows": 0,
            "Actual Loops": 671680,
            "Index Cond": "(id = mk.keyword_id)",
            "Rows Removed by Index Recheck": 0,
            "Filter": "(keyword ~~ '%sequel%'::text)",
            "Rows Removed by Filter": 1
          }
        ]
      }
    ]
  },
  "Planning Time": 1.049,
  "Triggers": [],
  "Execution Time": 1666.864
}