[
  {
    "Plan": {
      "Node Type": "Aggregate",
      "Strategy": "Plain",
      "Partial Mode": "Finalize",
      "Parallel Aware": false,
      "Startup Cost": 383343.79,
      "Total Cost": 383343.8,
      "Plan Rows": 1,
      "Plan Width": 8,
      "Actual Startup Time": 600.088,
      "Actual Total Time": 628.908,
      "Actual Rows": 1,
      "Actual Loops": 1,
      "Plans": [
        {
          "Node Type": "Gather",
          "Parent Relationship": "Outer",
          "Parallel Aware": false,
          "Startup Cost": 383343.16,
          "Total Cost": 383343.77,
          "Plan Rows": 6,
          "Plan Width": 8,
          "Actual Startup Time": 593.848,
          "Actual Total Time": 628.896,
          "Actual Rows": 7,
          "Actual Loops": 1,
          "Workers Planned": 6,
          "Workers Launched": 6,
          "Single Copy": false,
          "Plans": [
            {
              "Node Type": "Aggregate",
              "Strategy": "Plain",
              "Partial Mode": "Partial",
              "Parent Relationship": "Outer",
              "Parallel Aware": false,
              "Startup Cost": 382343.16,
              "Total Cost": 382343.17,
              "Plan Rows": 1,
              "Plan Width": 8,
              "Actual Startup Time": 581.672,
              "Actual Total Time": 581.676,
              "Actual Rows": 1,
              "Actual Loops": 7,
              "Plans": [
                {
                  "Node Type": "Hash Join",
                  "Parent Relationship": "Outer",
                  "Parallel Aware": true,
                  "Join Type": "Inner",
                  "Startup Cost": 120044.0,
                  "Total Cost": 382062.73,
                  "Plan Rows": 112172,
                  "Plan Width": 0,
                  "Actual Startup Time": 265.766,
                  "Actual Total Time": 570.18,
                  "Actual Rows": 204134,
                  "Actual Loops": 7,
                  "Inner Unique": true,
                  "Hash Cond": "(ci.movie_id = t.id)",
                  "Plans": [
                    {
                      "Node Type": "Bitmap Heap Scan",
                      "Parent Relationship": "Outer",
                      "Parallel Aware": true,
                      "Relation Name": "cast_info",
                      "Alias": "ci",
                      "Startup Cost": 73702.33,
                      "Total Cost": 334768.47,
                      "Plan Rows": 362891,
                      "Plan Width": 4,
                      "Actual Startup Time": 116.565,
                      "Actual Total Time": 269.597,
                      "Actual Rows": 467993,
                      "Actual Loops": 7,
                      "Recheck Cond": "(person_id > 3458600)",
                      "Rows Removed by Index Recheck": 0,
                      "Filter": "(role_id > 1)",
                      "Rows Removed by Filter": 0,
                      "Exact Heap Blocks": 7067,
                      "Lossy Heap Blocks": 0,
                      "Plans": [
                        {
                          "Node Type": "Bitmap Index Scan",
                          "Parent Relationship": "Outer",
                          "Parallel Aware": false,
                          "Index Name": "person_id_cast_info",
                          "Startup Cost": 0.0,
                          "Total Cost": 73157.99,
                          "Plan Rows": 3351657,
                          "Plan Width": 0,
                          "Actual Startup Time": 108.774,
                          "Actual Total Time": 108.774,
                          "Actual Rows": 3275954,
                          "Actual Loops": 1,
                          "Index Cond": "(person_id > 3458600)"
                        }
                      ]
                    },
                    {
                      "Node Type": "Hash",
                      "Parent Relationship": "Inner",
                      "Parallel Aware": true,
                      "Startup Cost": 43899.32,
                      "Total Cost": 43899.32,
                      "Plan Rows": 195388,
                      "Plan Width": 4,
                      "Actual Startup Time": 145.877,
                      "Actual Total Time": 145.878,
                      "Actual Rows": 112132,
                      "Actual Loops": 7,
                      "Hash Buckets": 1048576,
                      "Original Hash Buckets": 1048576,
                      "Hash Batches": 1,
                      "Original Hash Batches": 1,
                      "Peak Memory Usage": 39008,
                      "Plans": [
                        {
                          "Node Type": "Seq Scan",
                          "Parent Relationship": "Outer",
                          "Parallel Aware": true,
                          "Relation Name": "title",
                          "Alias": "t",
                          "Startup Cost": 0.0,
                          "Total Cost": 43899.32,
                          "Plan Rows": 195388,
                          "Plan Width": 4,
                          "Actual Startup Time": 0.047,
                          "Actual Total Time": 84.776,
                          "Actual Rows": 112132,
                          "Actual Loops": 7,
                          "Filter": "(production_year > 2007)",
                          "Rows Removed by Filter": 249055
                        }
                      ]
                    }
                  ]
                }
              ]
            }
          ]
        }
      ]
    },
    "Planning Time": 0.571,
    "Triggers": [],
    "Execution Time": 629.02
  }
]