{
    "Plan": {
        "Node Type": "Aggregate",
        "Strategy": "Plain",
        "Partial Mode": "Finalize",
        "Parallel Aware": false,
        "Startup Cost": 275906.19,
        "Total Cost": 275906.2,
        "Plan Rows": 1,
        "Plan Width": 8,
        "Actual Startup Time": 1141.066,
        "Actual Total Time": 1186.756,
        "Actual Rows": 1,
        "Actual Loops": 1,
        "Output": [
            "count(*)"
        ],
        "Plans": [
            {
                "Node Type": "Gather",
                "Parent Relationship": "Outer",
                "Parallel Aware": false,
                "Startup Cost": 275905.67,
                "Total Cost": 275906.18,
                "Plan Rows": 5,
                "Plan Width": 8,
                "Actual Startup Time": 1130.141,
                "Actual Total Time": 1186.744,
                "Actual Rows": 6,
                "Actual Loops": 1,
                "Output": [
                    "(PARTIAL count(*))"
                ],
                "Workers Planned": 5,
                "Workers Launched": 5,
                "Single Copy": false,
                "Plans": [
                    {
                        "Node Type": "Aggregate",
                        "Strategy": "Plain",
                        "Partial Mode": "Partial",
                        "Parent Relationship": "Outer",
                        "Parallel Aware": false,
                        "Startup Cost": 274905.67,
                        "Total Cost": 274905.68,
                        "Plan Rows": 1,
                        "Plan Width": 8,
                        "Actual Startup Time": 1119.604,
                        "Actual Total Time": 1119.917,
                        "Actual Rows": 1,
                        "Actual Loops": 6,
                        "Output": [
                            "PARTIAL count(*)"
                        ],
                        "Workers": [
                            {
                                "Worker Number": 0,
                                "Actual Startup Time": 1117.085,
                                "Actual Total Time": 1117.091,
                                "Actual Rows": 1,
                                "Actual Loops": 1
                            },
                            {
                                "Worker Number": 1,
                                "Actual Startup Time": 1117.089,
                                "Actual Total Time": 1117.095,
                                "Actual Rows": 1,
                                "Actual Loops": 1
                            },
                            {
                                "Worker Number": 2,
                                "Actual Startup Time": 1117.68,
                                "Actual Total Time": 1117.686,
                                "Actual Rows": 1,
                                "Actual Loops": 1
                            },
                            {
                                "Worker Number": 3,
                                "Actual Startup Time": 1118.78,
                                "Actual Total Time": 1118.785,
                                "Actual Rows": 1,
                                "Actual Loops": 1
                            },
                            {
                                "Worker Number": 4,
                                "Actual Startup Time": 1117.757,
                                "Actual Total Time": 1117.763,
                                "Actual Rows": 1,
                                "Actual Loops": 1
                            }
                        ],
                        "Plans": [
                            {
                                "Node Type": "Hash Join",
                                "Parent Relationship": "Outer",
                                "Parallel Aware": true,
                                "Join Type": "Inner",
                                "Startup Cost": 65845.85,
                                "Total Cost": 273749.95,
                                "Plan Rows": 462287,
                                "Plan Width": 0,
                                "Actual Startup Time": 329.716,
                                "Actual Total Time": 1055.063,
                                "Actual Rows": 1404322,
                                "Actual Loops": 6,
                                "Inner Unique": false,
                                "Hash Cond": "(mi.movie_id = t.id)",
                                "Workers": [
                                    {
                                        "Worker Number": 0,
                                        "Actual Startup Time": 327.439,
                                        "Actual Total Time": 1050.848,
                                        "Actual Rows": 1040069,
                                        "Actual Loops": 1
                                    },
                                    {
                                        "Worker Number": 1,
                                        "Actual Startup Time": 327.401,
                                        "Actual Total Time": 1050.34,
                                        "Actual Rows": 1029182,
                                        "Actual Loops": 1
                                    },
                                    {
                                        "Worker Number": 2,
                                        "Actual Startup Time": 327.896,
                                        "Actual Total Time": 1056.175,
                                        "Actual Rows": 1488136,
                                        "Actual Loops": 1
                                    },
                                    {
                                        "Worker Number": 3,
                                        "Actual Startup Time": 327.919,
                                        "Actual Total Time": 1057.311,
                                        "Actual Rows": 1531597,
                                        "Actual Loops": 1
                                    },
                                    {
                                        "Worker Number": 4,
                                        "Actual Startup Time": 328.17,
                                        "Actual Total Time": 1056.902,
                                        "Actual Rows": 1516236,
                                        "Actual Loops": 1
                                    }
                                ],
                                "Plans": [
                                    {
                                        "Node Type": "Seq Scan",
                                        "Parent Relationship": "Outer",
                                        "Parallel Aware": true,
                                        "Relation Name": "movie_info",
                                        "Schema": "public",
                                        "Alias": "mi",
                                        "Startup Cost": 0.0,
                                        "Total Cost": 198880.74,
                                        "Plan Rows": 1892579,
                                        "Plan Width": 4,
                                        "Actual Startup Time": 16.632,
                                        "Actual Total Time": 356.977,
                                        "Actual Rows": 1570867,
                                        "Actual Loops": 6,
                                        "Output": [
                                            "mi.id",
                                            "mi.movie_id",
                                            "mi.info_type_id",
                                            "mi.info",
                                            "mi.note"
                                        ],
                                        "Filter": "(mi.info_type_id > 5)",
                                        "Rows Removed by Filter": 901753,
                                        "Workers": [
                                            {
                                                "Worker Number": 0,
                                                "Actual Startup Time": 16.634,
                                                "Actual Total Time": 374.448,
                                                "Actual Rows": 1166180,
                                                "Actual Loops": 1
                                            },
                                            {
                                                "Worker Number": 1,
                                                "Actual Startup Time": 16.642,
                                                "Actual Total Time": 373.624,
                                                "Actual Rows": 1152874,
                                                "Actual Loops": 1
                                            },
                                            {
                                                "Worker Number": 2,
                                                "Actual Startup Time": 16.646,
                                                "Actual Total Time": 362.105,
                                                "Actual Rows": 1673608,
                                                "Actual Loops": 1
                                            },
                                            {
                                                "Worker Number": 3,
                                                "Actual Startup Time": 16.569,
                                                "Actual Total Time": 361.386,
                                                "Actual Rows": 1710036,
                                                "Actual Loops": 1
                                            },
                                            {
                                                "Worker Number": 4,
                                                "Actual Startup Time": 16.664,
                                                "Actual Total Time": 361.536,
                                                "Actual Rows": 1694901,
                                                "Actual Loops": 1
                                            }
                                        ]
                                    },
                                    {
                                        "Node Type": "Hash",
                                        "Parent Relationship": "Inner",
                                        "Parallel Aware": true,
                                        "Startup Cost": 62629.32,
                                        "Total Cost": 62629.32,
                                        "Plan Rows": 257323,
                                        "Plan Width": 8,
                                        "Actual Startup Time": 309.294,
                                        "Actual Total Time": 309.605,
                                        "Actual Rows": 125549,
                                        "Actual Loops": 6,
                                        "Output": [
                                            "t.id",
                                            "mi_idx.movie_id"
                                        ],
                                        "Hash Buckets": 1048576,
                                        "Original Hash Buckets": 1048576,
                                        "Hash Batches": 1,
                                        "Original Hash Batches": 1,
                                        "Peak Memory Usage": 37792,
                                        "Workers": [
                                            {
                                                "Worker Number": 0,
                                                "Actual Startup Time": 309.939,
                                                "Actual Total Time": 309.943,
                                                "Actual Rows": 97433,
                                                "Actual Loops": 1
                                            },
                                            {
                                                "Worker Number": 1,
                                                "Actual Startup Time": 309.908,
                                                "Actual Total Time": 309.911,
                                                "Actual Rows": 96480,
                                                "Actual Loops": 1
                                            },
                                            {
                                                "Worker Number": 2,
                                                "Actual Startup Time": 310.68,
                                                "Actual Total Time": 310.683,
                                                "Actual Rows": 136664,
                                                "Actual Loops": 1
                                            },
                                            {
                                                "Worker Number": 3,
                                                "Actual Startup Time": 310.538,
                                                "Actual Total Time": 310.542,
                                                "Actual Rows": 136616,
                                                "Actual Loops": 1
                                            },
                                            {
                                                "Worker Number": 4,
                                                "Actual Startup Time": 310.704,
                                                "Actual Total Time": 310.708,
                                                "Actual Rows": 134763,
                                                "Actual Loops": 1
                                            }
                                        ],
                                        "Plans": [
                                            {
                                                "Node Type": "Hash Join",
                                                "Parent Relationship": "Outer",
                                                "Parallel Aware": true,
                                                "Join Type": "Inner",
                                                "Startup Cost": 47434.76,
                                                "Total Cost": 62629.32,
                                                "Plan Rows": 257323,
                                                "Plan Width": 8,
                                                "Actual Startup Time": 187.488,
                                                "Actual Total Time": 267.62,
                                                "Actual Rows": 125549,
                                                "Actual Loops": 6,
                                                "Output": [
                                                    "t.id",
                                                    "mi_idx.movie_id"
                                                ],
                                                "Inner Unique": true,
                                                "Hash Cond": "(mi_idx.movie_id = t.id)",
                                                "Workers": [
                                                    {
                                                        "Worker Number": 0,
                                                        "Actual Startup Time": 187.506,
                                                        "Actual Total Time": 267.33,
                                                        "Actual Rows": 97433,
                                                        "Actual Loops": 1
                                                    },
                                                    {
                                                        "Worker Number": 1,
                                                        "Actual Startup Time": 187.4,
                                                        "Actual Total Time": 266.902,
                                                        "Actual Rows": 96480,
                                                        "Actual Loops": 1
                                                    },
                                                    {
                                                        "Worker Number": 2,
                                                        "Actual Startup Time": 187.491,
                                                        "Actual Total Time": 267.652,
                                                        "Actual Rows": 136664,
                                                        "Actual Loops": 1
                                                    },
                                                    {
                                                        "Worker Number": 3,
                                                        "Actual Startup Time": 187.43,
                                                        "Actual Total Time": 267.842,
                                                        "Actual Rows": 136616,
                                                        "Actual Loops": 1
                                                    },
                                                    {
                                                        "Worker Number": 4,
                                                        "Actual Startup Time": 187.421,
                                                        "Actual Total Time": 267.414,
                                                        "Actual Rows": 134763,
                                                        "Actual Loops": 1
                                                    }
                                                ],
                                                "Plans": [
                                                    {
                                                        "Node Type": "Seq Scan",
                                                        "Parent Relationship": "Outer",
                                                        "Parallel Aware": true,
                                                        "Relation Name": "movie_info_idx",
                                                        "Schema": "public",
                                                        "Alias": "mi_idx",
                                                        "Startup Cost": 0.0,
                                                        "Total Cost": 13685.15,
                                                        "Plan Rows": 575015,
                                                        "Plan Width": 4,
                                                        "Actual Startup Time": 0.011,
                                                        "Actual Total Time": 23.535,
                                                        "Actual Rows": 230006,
                                                        "Actual Loops": 6,
                                                        "Output": [
                                                            "mi_idx.id",
                                                            "mi_idx.movie_id",
                                                            "mi_idx.info_type_id",
                                                            "mi_idx.info",
                                                            "mi_idx.note"
                                                        ],
                                                        "Workers": [
                                                            {
                                                                "Worker Number": 0,
                                                                "Actual Startup Time": 0.018,
                                                                "Actual Total Time": 25.322,
                                                                "Actual Rows": 179496,
                                                                "Actual Loops": 1
                                                            },
                                                            {
                                                                "Worker Number": 1,
                                                                "Actual Startup Time": 0.009,
                                                                "Actual Total Time": 25.091,
                                                                "Actual Rows": 176547,
                                                                "Actual Loops": 1
                                                            },
                                                            {
                                                                "Worker Number": 2,
                                                                "Actual Startup Time": 0.009,
                                                                "Actual Total Time": 23.594,
                                                                "Actual Rows": 249736,
                                                                "Actual Loops": 1
                                                            },
                                                            {
                                                                "Worker Number": 3,
                                                                "Actual Startup Time": 0.01,
                                                                "Actual Total Time": 23.461,
                                                                "Actual Rows": 248579,
                                                                "Actual Loops": 1
                                                            },
                                                            {
                                                                "Worker Number": 4,
                                                                "Actual Startup Time": 0.009,
                                                                "Actual Total Time": 23.487,
                                                                "Actual Rows": 247477,
                                                                "Actual Loops": 1
                                                            }
                                                        ]
                                                    },
                                                    {
                                                        "Node Type": "Hash",
                                                        "Parent Relationship": "Inner",
                                                        "Parallel Aware": true,
                                                        "Startup Cost": 43899.01,
                                                        "Total Cost": 43899.01,
                                                        "Plan Rows": 282860,
                                                        "Plan Width": 4,
                                                        "Actual Startup Time": 184.336,
                                                        "Actual Total Time": 184.337,
                                                        "Actual Rows": 188892,
                                                        "Actual Loops": 6,
                                                        "Output": [
                                                            "t.id"
                                                        ],
                                                        "Hash Buckets": 2097152,
                                                        "Original Hash Buckets": 2097152,
                                                        "Hash Batches": 1,
                                                        "Original Hash Batches": 1,
                                                        "Peak Memory Usage": 60832,
                                                        "Workers": [
                                                            {
                                                                "Worker Number": 0,
                                                                "Actual Startup Time": 187.292,
                                                                "Actual Total Time": 187.293,
                                                                "Actual Rows": 143982,
                                                                "Actual Loops": 1
                                                            },
                                                            {
                                                                "Worker Number": 1,
                                                                "Actual Startup Time": 187.273,
                                                                "Actual Total Time": 187.274,
                                                                "Actual Rows": 142033,
                                                                "Actual Loops": 1
                                                            },
                                                            {
                                                                "Worker Number": 2,
                                                                "Actual Startup Time": 187.315,
                                                                "Actual Total Time": 187.316,
                                                                "Actual Rows": 187895,
                                                                "Actual Loops": 1
                                                            },
                                                            {
                                                                "Worker Number": 3,
                                                                "Actual Startup Time": 187.336,
                                                                "Actual Total Time": 187.338,
                                                                "Actual Rows": 189982,
                                                                "Actual Loops": 1
                                                            },
                                                            {
                                                                "Worker Number": 4,
                                                                "Actual Startup Time": 187.347,
                                                                "Actual Total Time": 187.349,
                                                                "Actual Rows": 185709,
                                                                "Actual Loops": 1
                                                            }
                                                        ],
                                                        "Plans": [
                                                            {
                                                                "Node Type": "Seq Scan",
                                                                "Parent Relationship": "Outer",
                                                                "Parallel Aware": true,
                                                                "Relation Name": "title",
                                                                "Schema": "public",
                                                                "Alias": "t",
                                                                "Startup Cost": 0.0,
                                                                "Total Cost": 43899.01,
                                                                "Plan Rows": 282860,
                                                                "Plan Width": 4,
                                                                "Actual Startup Time": 0.066,
                                                                "Actual Total Time": 87.166,
                                                                "Actual Rows": 188892,
                                                                "Actual Loops": 6,
                                                                "Output": [
                                                                    "t.id"
                                                                ],
                                                                "Filter": "(t.production_year < 2002)",
                                                                "Rows Removed by Filter": 232493,
                                                                "Workers": [
                                                                    {
                                                                        "Worker Number": 0,
                                                                        "Actual Startup Time": 0.083,
                                                                        "Actual Total Time": 91.225,
                                                                        "Actual Rows": 143982,
                                                                        "Actual Loops": 1
                                                                    },
                                                                    {
                                                                        "Worker Number": 1,
                                                                        "Actual Startup Time": 0.087,
                                                                        "Actual Total Time": 91.407,
                                                                        "Actual Rows": 142033,
                                                                        "Actual Loops": 1
                                                                    },
                                                                    {
                                                                        "Worker Number": 2,
                                                                        "Actual Startup Time": 0.075,
                                                                        "Actual Total Time": 87.916,
                                                                        "Actual Rows": 187895,
                                                                        "Actual Loops": 1
                                                                    },
                                                                    {
                                                                        "Worker Number": 3,
                                                                        "Actual Startup Time": 0.074,
                                                                        "Actual Total Time": 87.87,
                                                                        "Actual Rows": 189982,
                                                                        "Actual Loops": 1
                                                                    },
                                                                    {
                                                                        "Worker Number": 4,
                                                                        "Actual Startup Time": 0.065,
                                                                        "Actual Total Time": 87.792,
                                                                        "Actual Rows": 185709,
                                                                        "Actual Loops": 1
                                                                    }
                                                                ]
                                                            }
                                                        ]
                                                    }
                                                ]
                                            }
                                        ]
                                    }
                                ]
                            }
                        ]
                    }
                ]
            }
        ]
    },
    "Planning Time": 1.524,
    "Triggers": [],
    "Execution Time": 1186.849
}