[
  {
    "Plan": {
      "Node Type": "Aggregate",
      "Strategy": "Plain",
      "Partial Mode": "Simple",
      "Parallel Aware": false,
      "Startup Cost": 154467.49,
      "Total Cost": 154467.5,
      "Plan Rows": 1,
      "Plan Width": 8,
      "Actual Startup Time": 46.466,
      "Actual Total Time": 46.467,
      "Actual Rows": 1,
      "Actual Loops": 1,
      "Plans": [
        {
          "Node Type": "Bitmap Heap Scan",
          "Parent Relationship": "Outer",
          "Parallel Aware": false,
          "Relation Name": "movie_info",
          "Alias": "mi",
          "Startup Cost": 1913.73,
          "Total Cost": 154203.85,
          "Plan Rows": 105457,
          "Plan Width": 0,
          "Actual Startup Time": 15.917,
          "Actual Total Time": 38.978,
          "Actual Rows": 109034,
          "Actual Loops": 1,
          "Recheck Cond": "(info_type_id = 106)",
          "Rows Removed by Index Recheck": 0,
          "Exact Heap Blocks": 4360,
          "Lossy Heap Blocks": 0,
          "Plans": [
            {
              "Node Type": "Bitmap Index Scan",
              "Parent Relationship": "Outer",
              "Parallel Aware": false,
              "Index Name": "info_type_id_movie_info",
              "Startup Cost": 0.0,
              "Total Cost": 1887.36,
              "Plan Rows": 105457,
              "Plan Width": 0,
              "Actual Startup Time": 14.579,
              "Actual Total Time": 14.579,
              "Actual Rows": 109034,
              "Actual Loops": 1,
              "Index Cond": "(info_type_id = 106)"
            }
          ]
        }
      ]
    },
    "Planning Time": 0.165,
    "Triggers": [],
    "Execution Time": 46.524
  }
]