[
  {
    "Plan": {
      "Node Type": "Aggregate",
      "Strategy": "Plain",
      "Partial Mode": "Finalize",
      "Parallel Aware": false,
      "Startup Cost": 307699.78,
      "Total Cost": 307699.79,
      "Plan Rows": 1,
      "Plan Width": 8,
      "Actual Startup Time": 931.346,
      "Actual Total Time": 974.641,
      "Actual Rows": 1,
      "Actual Loops": 1,
      "Plans": [
        {
          "Node Type": "Gather",
          "Parent Relationship": "Outer",
          "Parallel Aware": false,
          "Startup Cost": 307699.25,
          "Total Cost": 307699.76,
          "Plan Rows": 5,
          "Plan Width": 8,
          "Actual Startup Time": 916.53,
          "Actual Total Time": 974.63,
          "Actual Rows": 6,
          "Actual Loops": 1,
          "Workers Planned": 5,
          "Workers Launched": 5,
          "Single Copy": false,
          "Plans": [
            {
              "Node Type": "Aggregate",
              "Strategy": "Plain",
              "Partial Mode": "Partial",
              "Parent Relationship": "Outer",
              "Parallel Aware": false,
              "Startup Cost": 306699.25,
              "Total Cost": 306699.26,
              "Plan Rows": 1,
              "Plan Width": 8,
              "Actual Startup Time": 905.437,
              "Actual Total Time": 906.036,
              "Actual Rows": 1,
              "Actual Loops": 6,
              "Plans": [
                {
                  "Node Type": "Hash Join",
                  "Parent Relationship": "Outer",
                  "Parallel Aware": true,
                  "Join Type": "Inner",
                  "Startup Cost": 101562.33,
                  "Total Cost": 305965.05,
                  "Plan Rows": 293682,
                  "Plan Width": 0,
                  "Actual Startup Time": 418.433,
                  "Actual Total Time": 888.709,
                  "Actual Rows": 428237,
                  "Actual Loops": 6,
                  "Inner Unique": false,
                  "Hash Cond": "(mi.movie_id = t.id)",
                  "Plans": [
                    {
                      "Node Type": "Seq Scan",
                      "Parent Relationship": "Outer",
                      "Parallel Aware": true,
                      "Relation Name": "movie_info",
                      "Alias": "mi",
                      "Startup Cost": 0.0,
                      "Total Cost": 198952.16,
                      "Plan Rows": 1257696,
                      "Plan Width": 4,
                      "Actual Startup Time": 15.16,
                      "Actual Total Time": 293.605,
                      "Actual Rows": 1037249,
                      "Actual Loops": 6,
                      "Filter": "(info_type_id > 8)",
                      "Rows Removed by Filter": 1435371
                    },
                    {
                      "Node Type": "Hash",
                      "Parent Relationship": "Inner",
                      "Parallel Aware": true,
                      "Startup Cost": 99717.4,
                      "Total Cost": 99717.4,
                      "Plan Rows": 147594,
                      "Plan Width": 8,
                      "Actual Startup Time": 399.71,
                      "Actual Total Time": 400.307,
                      "Actual Rows": 95362,
                      "Actual Loops": 6,
                      "Hash Buckets": 1048576,
                      "Original Hash Buckets": 1048576,
                      "Hash Batches": 1,
                      "Original Hash Batches": 1,
                      "Peak Memory Usage": 30656,
                      "Plans": [
                        {
                          "Node Type": "Hash Join",
                          "Parent Relationship": "Outer",
                          "Parallel Aware": true,
                          "Join Type": "Inner",
                          "Startup Cost": 51478.68,
                          "Total Cost": 99717.4,
                          "Plan Rows": 147594,
                          "Plan Width": 8,
                          "Actual Startup Time": 264.414,
                          "Actual Total Time": 364.327,
                          "Actual Rows": 95362,
                          "Actual Loops": 6,
                          "Inner Unique": true,
                          "Hash Cond": "(ci.movie_id = t.id)",
                          "Plans": [
                            {
                              "Node Type": "Index Scan",
                              "Parent Relationship": "Outer",
                              "Parallel Aware": true,
                              "Scan Direction": "Forward",
                              "Index Name": "role_id_cast_info",
                              "Relation Name": "cast_info",
                              "Alias": "ci",
                              "Startup Cost": 0.56,
                              "Total Cost": 47835.41,
                              "Plan Rows": 153859,
                              "Plan Width": 4,
                              "Actual Startup Time": 0.244,
                              "Actual Total Time": 47.168,
                              "Actual Rows": 97324,
                              "Actual Loops": 6,
                              "Index Cond": "(role_id = 8)",
                              "Rows Removed by Index Recheck": 0,
                              "Filter": "(person_id < 1284709)",
                              "Rows Removed by Filter": 186600
                            },
                            {
                              "Node Type": "Hash",
                              "Parent Relationship": "Inner",
                              "Parallel Aware": true,
                              "Startup Cost": 43898.92,
                              "Total Cost": 43898.92,
                              "Plan Rows": 606336,
                              "Plan Width": 4,
                              "Actual Startup Time": 259.226,
                              "Actual Total Time": 259.227,
                              "Actual Rows": 403528,
                              "Actual Loops": 6,
                              "Hash Buckets": 4194304,
                              "Original Hash Buckets": 4194304,
                              "Hash Batches": 1,
                              "Original Hash Batches": 1,
                              "Peak Memory Usage": 127552,
                              "Plans": [
                                {
                                  "Node Type": "Seq Scan",
                                  "Parent Relationship": "Outer",
                                  "Parallel Aware": true,
                                  "Relation Name": "title",
                                  "Alias": "t",
                                  "Startup Cost": 0.0,
                                  "Total Cost": 43898.92,
                                  "Plan Rows": 606336,
                                  "Plan Width": 4,
                                  "Actual Startup Time": 0.042,
                                  "Actual Total Time": 83.968,
                                  "Actual Rows": 403528,
                                  "Actual Loops": 6,
                                  "Filter": "(production_year > 1911)",
                                  "Rows Removed by Filter": 17857
                                }
                              ]
                            }
                          ]
                        }
                      ]
                    }
                  ]
                }
              ]
            }
          ]
        }
      ]
    },
    "Planning Time": 1.376,
    "Triggers": [],
    "Execution Time": 974.738
  }
]