{
  "Plan": {
    "Node Type": "Aggregate",
    "Strategy": "Plain",
    "Partial Mode": "Finalize",
    "Parallel Aware": false,
    "Startup Cost": 31153.35,
    "Total Cost": 31153.36,
    "Plan Rows": 1,
    "Plan Width": 8,
    "Actual Startup Time": 50.711,
    "Actual Total Time": 58.986,
    "Actual Rows": 1,
    "Actual Loops": 1,
    "Plans": [
      {
        "Node Type": "Gather",
        "Parent Relationship": "Outer",
        "Parallel Aware": false,
        "Startup Cost": 31153.24,
        "Total Cost": 31153.35,
        "Plan Rows": 1,
        "Plan Width": 8,
        "Actual Startup Time": 50.402,
        "Actual Total Time": 58.978,
        "Actual Rows": 2,
        "Actual Loops": 1,
        "Workers Planned": 1,
        "Workers Launched": 1,
        "Single Copy": false,
        "Plans": [
          {
            "Node Type": "Aggregate",
            "Strategy": "Plain",
            "Partial Mode": "Partial",
            "Parent Relationship": "Outer",
            "Parallel Aware": false,
            "Startup Cost": 30153.24,
            "Total Cost": 30153.25,
            "Plan Rows": 1,
            "Plan Width": 8,
            "Actual Startup Time": 44.032,
            "Actual Total Time": 44.034,
            "Actual Rows": 1,
            "Actual Loops": 2,
            "Plans": [
              {
                "Node Type": "Nested Loop",
                "Parent Relationship": "Outer",
                "Parallel Aware": false,
                "Join Type": "Inner",
                "Startup Cost": 235.58,
                "Total Cost": 30150.38,
                "Plan Rows": 1146,
                "Plan Width": 0,
                "Actual Startup Time": 7.569,
                "Actual Total Time": 43.393,
                "Actual Rows": 6092,
                "Actual Loops": 2,
                "Inner Unique": false,
                "Join Filter": "(t.id = ci.movie_id)",
                "Rows Removed by Join Filter": 0,
                "Plans": [
                  {
                    "Node Type": "Nested Loop",
                    "Parent Relationship": "Outer",
                    "Parallel Aware": false,
                    "Join Type": "Inner",
                    "Startup Cost": 235.02,
                    "Total Cost": 29750.66,
                    "Plan Rows": 80,
                    "Plan Width": 8,
                    "Actual Startup Time": 7.391,
                    "Actual Total Time": 20.556,
                    "Actual Rows": 104,
                    "Actual Loops": 2,
                    "Inner Unique": false,
                    "Plans": [
                      {
                        "Node Type": "Bitmap Heap Scan",
                        "Parent Relationship": "Outer",
                        "Parallel Aware": true,
                        "Relation Name": "title",
                        "Alias": "t",
                        "Startup Cost": 234.59,
                        "Total Cost": 26193.93,
                        "Plan Rows": 439,
                        "Plan Width": 4,
                        "Actual Startup Time": 7.232,
                        "Actual Total Time": 18.323,
                        "Actual Rows": 220,
                        "Actual Loops": 2,
                        "Recheck Cond": "(kind_id = 6)",
                        "Rows Removed by Index Recheck": 0,
                        "Filter": "(production_year = 2010)",
                        "Rows Removed by Filter": 6080,
                        "Exact Heap Blocks": 7269,
                        "Lossy Heap Blocks": 0,
                        "Plans": [
                          {
                            "Node Type": "Bitmap Index Scan",
                            "Parent Relationship": "Outer",
                            "Parallel Aware": false,
                            "Index Name": "kind_id_title",
                            "Startup Cost": 0.0,
                            "Total Cost": 234.4,
                            "Plan Rows": 13063,
                            "Plan Width": 0,
                            "Actual Startup Time": 8.04,
                            "Actual Total Time": 8.04,
                            "Actual Rows": 12600,
                            "Actual Loops": 1,
                            "Index Cond": "(kind_id = 6)"
                          }
                        ]
                      },
                      {
                        "Node Type": "Index Scan",
                        "Parent Relationship": "Inner",
                        "Parallel Aware": false,
                        "Scan Direction": "Forward",
                        "Index Name": "movie_id_movie_info_idx",
                        "Relation Name": "movie_info_idx",
                        "Alias": "mi_idx",
                        "Startup Cost": 0.43,
                        "Total Cost": 8.09,
                        "Plan Rows": 1,
                        "Plan Width": 4,
                        "Actual Startup Time": 0.009,
                        "Actual Total Time": 0.01,
                        "Actual Rows": 0,
                        "Actual Loops": 440,
                        "Index Cond": "(movie_id = t.id)",
                        "Rows Removed by Index Recheck": 0,
                        "Filter": "(info_type_id > 100)",
                        "Rows Removed by Filter": 1
                      }
                    ]
                  },
                  {
                    "Node Type": "Index Only Scan",
                    "Parent Relationship": "Inner",
                    "Parallel Aware": false,
                    "Scan Direction": "Forward",
                    "Index Name": "movie_id_cast_info",
                    "Relation Name": "cast_info",
                    "Alias": "ci",
                    "Startup Cost": 0.56,
                    "Total Cost": 4.53,
                    "Plan Rows": 37,
                    "Plan Width": 4,
                    "Actual Startup Time": 0.021,
                    "Actual Total Time": 0.208,
                    "Actual Rows": 58,
                    "Actual Loops": 209,
                    "Index Cond": "(movie_id = mi_idx.movie_id)",
                    "Rows Removed by Index Recheck": 0,
                    "Heap Fetches": 12183
                  }
                ]
              }
            ]
          }
        ]
      }
    ]
  },
  "Planning Time": 0.868,
  "Triggers": [],
  "Execution Time": 59.083
}