[
  {
    "Plan": {
      "Node Type": "Aggregate",
      "Strategy": "Plain",
      "Partial Mode": "Finalize",
      "Parallel Aware": false,
      "Startup Cost": 45044.58,
      "Total Cost": 45044.59,
      "Plan Rows": 1,
      "Plan Width": 8,
      "Actual Startup Time": 138.374,
      "Actual Total Time": 147.598,
      "Actual Rows": 1,
      "Actual Loops": 1,
      "Plans": [
        {
          "Node Type": "Gather",
          "Parent Relationship": "Outer",
          "Parallel Aware": false,
          "Startup Cost": 45044.26,
          "Total Cost": 45044.57,
          "Plan Rows": 3,
          "Plan Width": 8,
          "Actual Startup Time": 138.248,
          "Actual Total Time": 147.59,
          "Actual Rows": 4,
          "Actual Loops": 1,
          "Workers Planned": 3,
          "Workers Launched": 3,
          "Single Copy": false,
          "Plans": [
            {
              "Node Type": "Aggregate",
              "Strategy": "Plain",
              "Partial Mode": "Partial",
              "Parent Relationship": "Outer",
              "Parallel Aware": false,
              "Startup Cost": 44044.26,
              "Total Cost": 44044.27,
              "Plan Rows": 1,
              "Plan Width": 8,
              "Actual Startup Time": 129.992,
              "Actual Total Time": 129.993,
              "Actual Rows": 1,
              "Actual Loops": 4,
              "Plans": [
                {
                  "Node Type": "Seq Scan",
                  "Parent Relationship": "Outer",
                  "Parallel Aware": true,
                  "Relation Name": "movie_keyword",
                  "Alias": "mk",
                  "Startup Cost": 0.0,
                  "Total Cost": 42695.65,
                  "Plan Rows": 539442,
                  "Plan Width": 0,
                  "Actual Startup Time": 1.322,
                  "Actual Total Time": 109.615,
                  "Actual Rows": 419773,
                  "Actual Loops": 4,
                  "Filter": "(keyword_id > 8658)",
                  "Rows Removed by Filter": 711210
                }
              ]
            }
          ]
        }
      ]
    },
    "Planning Time": 0.157,
    "Triggers": [],
    "Execution Time": 147.648
  }
]