[
  {
    "Plan": {
      "Node Type": "Aggregate",
      "Strategy": "Plain",
      "Partial Mode": "Finalize",
      "Parallel Aware": false,
      "Startup Cost": 44606.26,
      "Total Cost": 44606.27,
      "Plan Rows": 1,
      "Plan Width": 8,
      "Actual Startup Time": 133.083,
      "Actual Total Time": 143.316,
      "Actual Rows": 1,
      "Actual Loops": 1,
      "Plans": [
        {
          "Node Type": "Gather",
          "Parent Relationship": "Outer",
          "Parallel Aware": false,
          "Startup Cost": 44605.94,
          "Total Cost": 44606.25,
          "Plan Rows": 3,
          "Plan Width": 8,
          "Actual Startup Time": 132.914,
          "Actual Total Time": 143.305,
          "Actual Rows": 4,
          "Actual Loops": 1,
          "Workers Planned": 3,
          "Workers Launched": 3,
          "Single Copy": false,
          "Plans": [
            {
              "Node Type": "Aggregate",
              "Strategy": "Plain",
              "Partial Mode": "Partial",
              "Parent Relationship": "Outer",
              "Parallel Aware": false,
              "Startup Cost": 43605.94,
              "Total Cost": 43605.95,
              "Plan Rows": 1,
              "Plan Width": 8,
              "Actual Startup Time": 126.392,
              "Actual Total Time": 126.393,
              "Actual Rows": 1,
              "Actual Loops": 4,
              "Plans": [
                {
                  "Node Type": "Seq Scan",
                  "Parent Relationship": "Outer",
                  "Parallel Aware": true,
                  "Relation Name": "movie_keyword",
                  "Alias": "mk",
                  "Startup Cost": 0.0,
                  "Total Cost": 42695.65,
                  "Plan Rows": 364116,
                  "Plan Width": 0,
                  "Actual Startup Time": 0.052,
                  "Actual Total Time": 111.407,
                  "Actual Rows": 283974,
                  "Actual Loops": 4,
                  "Filter": "(keyword_id < 1265)",
                  "Rows Removed by Filter": 847008
                }
              ]
            }
          ]
        }
      ]
    },
    "Planning Time": 0.162,
    "Triggers": [],
    "Execution Time": 143.368
  }
]