[
    {
        "Bao": {
            "Bao prediction": "NaN",
            "Bao recommended hint": "(no hint)"
        }
    },
    {
        "Plan": {
            "Node Type": "Aggregate",
            "Strategy": "Plain",
            "Partial Mode": "Finalize",
            "Parallel Aware": false,
            "Startup Cost": 141041.84,
            "Total Cost": 141041.85,
            "Plan Rows": 1,
            "Plan Width": 8,
            "Actual Startup Time": 1182.238,
            "Actual Total Time": 1214.667,
            "Actual Rows": 1,
            "Actual Loops": 1,
            "Output": [
                "count(*)"
            ],
            "Plans": [
                {
                    "Node Type": "Gather",
                    "Parent Relationship": "Outer",
                    "Parallel Aware": false,
                    "Startup Cost": 141041.52,
                    "Total Cost": 141041.83,
                    "Plan Rows": 3,
                    "Plan Width": 8,
                    "Actual Startup Time": 1178.335,
                    "Actual Total Time": 1214.659,
                    "Actual Rows": 4,
                    "Actual Loops": 1,
                    "Output": [
                        "(PARTIAL count(*))"
                    ],
                    "Workers Planned": 3,
                    "Workers Launched": 3,
                    "Single Copy": false,
                    "Plans": [
                        {
                            "Node Type": "Aggregate",
                            "Strategy": "Plain",
                            "Partial Mode": "Partial",
                            "Parent Relationship": "Outer",
                            "Parallel Aware": false,
                            "Startup Cost": 140041.52,
                            "Total Cost": 140041.53,
                            "Plan Rows": 1,
                            "Plan Width": 8,
                            "Actual Startup Time": 1168.218,
                            "Actual Total Time": 1168.222,
                            "Actual Rows": 1,
                            "Actual Loops": 4,
                            "Output": [
                                "PARTIAL count(*)"
                            ],
                            "Workers": [
                                {
                                    "Worker Number": 0,
                                    "Actual Startup Time": 1165.041,
                                    "Actual Total Time": 1165.044,
                                    "Actual Rows": 1,
                                    "Actual Loops": 1
                                },
                                {
                                    "Worker Number": 1,
                                    "Actual Startup Time": 1164.932,
                                    "Actual Total Time": 1164.936,
                                    "Actual Rows": 1,
                                    "Actual Loops": 1
                                },
                                {
                                    "Worker Number": 2,
                                    "Actual Startup Time": 1165.354,
                                    "Actual Total Time": 1165.358,
                                    "Actual Rows": 1,
                                    "Actual Loops": 1
                                }
                            ],
                            "Plans": [
                                {
                                    "Node Type": "Nested Loop",
                                    "Parent Relationship": "Outer",
                                    "Parallel Aware": false,
                                    "Join Type": "Inner",
                                    "Startup Cost": 53006.93,
                                    "Total Cost": 139727.48,
                                    "Plan Rows": 125619,
                                    "Plan Width": 0,
                                    "Actual Startup Time": 197.4,
                                    "Actual Total Time": 1076.421,
                                    "Actual Rows": 2090188,
                                    "Actual Loops": 4,
                                    "Inner Unique": false,
                                    "Workers": [
                                        {
                                            "Worker Number": 0,
                                            "Actual Startup Time": 194.291,
                                            "Actual Total Time": 1074.734,
                                            "Actual Rows": 1999498,
                                            "Actual Loops": 1
                                        },
                                        {
                                            "Worker Number": 1,
                                            "Actual Startup Time": 194.327,
                                            "Actual Total Time": 1074.549,
                                            "Actual Rows": 2003014,
                                            "Actual Loops": 1
                                        },
                                        {
                                            "Worker Number": 2,
                                            "Actual Startup Time": 194.659,
                                            "Actual Total Time": 1078.504,
                                            "Actual Rows": 1982197,
                                            "Actual Loops": 1
                                        }
                                    ],
                                    "Plans": [
                                        {
                                            "Node Type": "Hash Join",
                                            "Parent Relationship": "Outer",
                                            "Parallel Aware": true,
                                            "Join Type": "Inner",
                                            "Startup Cost": 53006.5,
                                            "Total Cost": 78723.26,
                                            "Plan Rows": 21525,
                                            "Plan Width": 8,
                                            "Actual Startup Time": 197.311,
                                            "Actual Total Time": 246.175,
                                            "Actual Rows": 35935,
                                            "Actual Loops": 4,
                                            "Output": [
                                                "t.id",
                                                "mk.movie_id"
                                            ],
                                            "Inner Unique": true,
                                            "Hash Cond": "(mk.movie_id = t.id)",
                                            "Workers": [
                                                {
                                                    "Worker Number": 0,
                                                    "Actual Startup Time": 194.181,
                                                    "Actual Total Time": 244.862,
                                                    "Actual Rows": 34744,
                                                    "Actual Loops": 1
                                                },
                                                {
                                                    "Worker Number": 1,
                                                    "Actual Startup Time": 194.212,
                                                    "Actual Total Time": 245.248,
                                                    "Actual Rows": 34228,
                                                    "Actual Loops": 1
                                                },
                                                {
                                                    "Worker Number": 2,
                                                    "Actual Startup Time": 194.553,
                                                    "Actual Total Time": 244.989,
                                                    "Actual Rows": 34914,
                                                    "Actual Loops": 1
                                                }
                                            ],
                                            "Plans": [
                                                {
                                                    "Node Type": "Bitmap Heap Scan",
                                                    "Parent Relationship": "Outer",
                                                    "Parallel Aware": true,
                                                    "Relation Name": "movie_keyword",
                                                    "Schema": "public",
                                                    "Alias": "mk",
                                                    "Startup Cost": 5490.24,
                                                    "Total Cost": 30987.85,
                                                    "Plan Rows": 83488,
                                                    "Plan Width": 4,
                                                    "Actual Startup Time": 18.892,
                                                    "Actual Total Time": 55.943,
                                                    "Actual Rows": 63618,
                                                    "Actual Loops": 4,
                                                    "Output": [
                                                        "mk.id",
                                                        "mk.movie_id",
                                                        "mk.keyword_id"
                                                    ],
                                                    "Recheck Cond": "(mk.keyword_id < 224)",
                                                    "Rows Removed by Index Recheck": 0,
                                                    "Exact Heap Blocks": 7323,
                                                    "Lossy Heap Blocks": 0,
                                                    "Workers": [
                                                        {
                                                            "Worker Number": 0,
                                                            "Actual Startup Time": 18.886,
                                                            "Actual Total Time": 58.079,
                                                            "Actual Rows": 58188,
                                                            "Actual Loops": 1
                                                        },
                                                        {
                                                            "Worker Number": 1,
                                                            "Actual Startup Time": 19.004,
                                                            "Actual Total Time": 58.181,
                                                            "Actual Rows": 58383,
                                                            "Actual Loops": 1
                                                        },
                                                        {
                                                            "Worker Number": 2,
                                                            "Actual Startup Time": 18.813,
                                                            "Actual Total Time": 57.843,
                                                            "Actual Rows": 59850,
                                                            "Actual Loops": 1
                                                        }
                                                    ],
                                                    "Plans": [
                                                        {
                                                            "Node Type": "Bitmap Index Scan",
                                                            "Parent Relationship": "Outer",
                                                            "Parallel Aware": false,
                                                            "Index Name": "keyword_id_movie_keyword",
                                                            "Startup Cost": 0.0,
                                                            "Total Cost": 5425.54,
                                                            "Plan Rows": 258814,
                                                            "Plan Width": 0,
                                                            "Actual Startup Time": 15.348,
                                                            "Actual Total Time": 15.348,
                                                            "Actual Rows": 254471,
                                                            "Actual Loops": 1,
                                                            "Index Cond": "(mk.keyword_id < 224)"
                                                        }
                                                    ]
                                                },
                                                {
                                                    "Node Type": "Hash",
                                                    "Parent Relationship": "Inner",
                                                    "Parallel Aware": true,
                                                    "Startup Cost": 45479.21,
                                                    "Total Cost": 45479.21,
                                                    "Plan Rows": 162964,
                                                    "Plan Width": 4,
                                                    "Actual Startup Time": 156.663,
                                                    "Actual Total Time": 156.664,
                                                    "Actual Rows": 164078,
                                                    "Actual Loops": 4,
                                                    "Output": [
                                                        "t.id"
                                                    ],
                                                    "Hash Buckets": 1048576,
                                                    "Original Hash Buckets": 1048576,
                                                    "Hash Batches": 1,
                                                    "Original Hash Batches": 1,
                                                    "Peak Memory Usage": 33952,
                                                    "Workers": [
                                                        {
                                                            "Worker Number": 0,
                                                            "Actual Startup Time": 158.325,
                                                            "Actual Total Time": 158.326,
                                                            "Actual Rows": 158605,
                                                            "Actual Loops": 1
                                                        },
                                                        {
                                                            "Worker Number": 1,
                                                            "Actual Startup Time": 158.324,
                                                            "Actual Total Time": 158.325,
                                                            "Actual Rows": 158047,
                                                            "Actual Loops": 1
                                                        },
                                                        {
                                                            "Worker Number": 2,
                                                            "Actual Startup Time": 158.651,
                                                            "Actual Total Time": 158.652,
                                                            "Actual Rows": 158749,
                                                            "Actual Loops": 1
                                                        }
                                                    ],
                                                    "Plans": [
                                                        {
                                                            "Node Type": "Seq Scan",
                                                            "Parent Relationship": "Outer",
                                                            "Parallel Aware": true,
                                                            "Relation Name": "title",
                                                            "Schema": "public",
                                                            "Alias": "t",
                                                            "Startup Cost": 0.0,
                                                            "Total Cost": 45479.21,
                                                            "Plan Rows": 162964,
                                                            "Plan Width": 4,
                                                            "Actual Startup Time": 47.068,
                                                            "Actual Total Time": 101.004,
                                                            "Actual Rows": 164078,
                                                            "Actual Loops": 4,
                                                            "Output": [
                                                                "t.id"
                                                            ],
                                                            "Filter": "((t.production_year > 0) AND (t.kind_id = 1))",
                                                            "Rows Removed by Filter": 468000,
                                                            "Workers": [
                                                                {
                                                                    "Worker Number": 0,
                                                                    "Actual Startup Time": 7.481,
                                                                    "Actual Total Time": 101.465,
                                                                    "Actual Rows": 158605,
                                                                    "Actual Loops": 1
                                                                },
                                                                {
                                                                    "Worker Number": 1,
                                                                    "Actual Startup Time": 60.524,
                                                                    "Actual Total Time": 101.49,
                                                                    "Actual Rows": 158047,
                                                                    "Actual Loops": 1
                                                                },
                                                                {
                                                                    "Worker Number": 2,
                                                                    "Actual Startup Time": 60.088,
                                                                    "Actual Total Time": 102.246,
                                                                    "Actual Rows": 158749,
                                                                    "Actual Loops": 1
                                                                }
                                                            ]
                                                        }
                                                    ]
                                                }
                                            ]
                                        },
                                        {
                                            "Node Type": "Index Only Scan",
                                            "Parent Relationship": "Inner",
                                            "Parallel Aware": false,
                                            "Scan Direction": "Forward",
                                            "Index Name": "movie_id_movie_info",
                                            "Relation Name": "movie_info",
                                            "Schema": "public",
                                            "Alias": "mi",
                                            "Startup Cost": 0.43,
                                            "Total Cost": 2.44,
                                            "Plan Rows": 39,
                                            "Plan Width": 4,
                                            "Actual Startup Time": 0.005,
                                            "Actual Total Time": 0.019,
                                            "Actual Rows": 58,
                                            "Actual Loops": 143741,
                                            "Output": [
                                                "mi.movie_id"
                                            ],
                                            "Index Cond": "(mi.movie_id = t.id)",
                                            "Rows Removed by Index Recheck": 0,
                                            "Heap Fetches": 8360752,
                                            "Workers": [
                                                {
                                                    "Worker Number": 0,
                                                    "Actual Startup Time": 0.005,
                                                    "Actual Total Time": 0.02,
                                                    "Actual Rows": 58,
                                                    "Actual Loops": 34744
                                                },
                                                {
                                                    "Worker Number": 1,
                                                    "Actual Startup Time": 0.005,
                                                    "Actual Total Time": 0.02,
                                                    "Actual Rows": 59,
                                                    "Actual Loops": 34228
                                                },
                                                {
                                                    "Worker Number": 2,
                                                    "Actual Startup Time": 0.005,
                                                    "Actual Total Time": 0.02,
                                                    "Actual Rows": 57,
                                                    "Actual Loops": 34914
                                                }
                                            ]
                                        }
                                    ]
                                }
                            ]
                        }
                    ]
                }
            ]
        },
        "Planning Time": 238.329,
        "Triggers": [],
        "Execution Time": 1214.816
    }
]