[
    {
        "Bao": {
            "Bao prediction": "NaN",
            "Bao recommended hint": "(no hint)"
        }
    },
    {
        "Plan": {
            "Node Type": "Aggregate",
            "Strategy": "Plain",
            "Partial Mode": "Finalize",
            "Parallel Aware": false,
            "Startup Cost": 31003.2,
            "Total Cost": 31003.21,
            "Plan Rows": 1,
            "Plan Width": 8,
            "Actual Startup Time": 74.209,
            "Actual Total Time": 79.766,
            "Actual Rows": 1,
            "Actual Loops": 1,
            "Output": [
                "count(*)"
            ],
            "Plans": [
                {
                    "Node Type": "Gather",
                    "Parent Relationship": "Outer",
                    "Parallel Aware": false,
                    "Startup Cost": 31002.88,
                    "Total Cost": 31003.19,
                    "Plan Rows": 3,
                    "Plan Width": 8,
                    "Actual Startup Time": 73.956,
                    "Actual Total Time": 79.757,
                    "Actual Rows": 4,
                    "Actual Loops": 1,
                    "Output": [
                        "(PARTIAL count(*))"
                    ],
                    "Workers Planned": 3,
                    "Workers Launched": 3,
                    "Single Copy": false,
                    "Plans": [
                        {
                            "Node Type": "Aggregate",
                            "Strategy": "Plain",
                            "Partial Mode": "Partial",
                            "Parent Relationship": "Outer",
                            "Parallel Aware": false,
                            "Startup Cost": 30002.88,
                            "Total Cost": 30002.89,
                            "Plan Rows": 1,
                            "Plan Width": 8,
                            "Actual Startup Time": 65.056,
                            "Actual Total Time": 65.057,
                            "Actual Rows": 1,
                            "Actual Loops": 4,
                            "Output": [
                                "PARTIAL count(*)"
                            ],
                            "Workers": [
                                {
                                    "Worker Number": 0,
                                    "Actual Startup Time": 61.988,
                                    "Actual Total Time": 61.989,
                                    "Actual Rows": 1,
                                    "Actual Loops": 1
                                },
                                {
                                    "Worker Number": 1,
                                    "Actual Startup Time": 62.315,
                                    "Actual Total Time": 62.316,
                                    "Actual Rows": 1,
                                    "Actual Loops": 1
                                },
                                {
                                    "Worker Number": 2,
                                    "Actual Startup Time": 62.57,
                                    "Actual Total Time": 62.572,
                                    "Actual Rows": 1,
                                    "Actual Loops": 1
                                }
                            ],
                            "Plans": [
                                {
                                    "Node Type": "Bitmap Heap Scan",
                                    "Parent Relationship": "Outer",
                                    "Parallel Aware": true,
                                    "Relation Name": "movie_keyword",
                                    "Schema": "public",
                                    "Alias": "mk",
                                    "Startup Cost": 4518.6,
                                    "Total Cost": 29831.17,
                                    "Plan Rows": 68685,
                                    "Plan Width": 0,
                                    "Actual Startup Time": 9.72,
                                    "Actual Total Time": 61.639,
                                    "Actual Rows": 52708,
                                    "Actual Loops": 4,
                                    "Recheck Cond": "(mk.keyword_id > 66579)",
                                    "Rows Removed by Index Recheck": 0,
                                    "Exact Heap Blocks": 11442,
                                    "Lossy Heap Blocks": 0,
                                    "Workers": [
                                        {
                                            "Worker Number": 0,
                                            "Actual Startup Time": 6.787,
                                            "Actual Total Time": 59.032,
                                            "Actual Rows": 27677,
                                            "Actual Loops": 1
                                        },
                                        {
                                            "Worker Number": 1,
                                            "Actual Startup Time": 7.08,
                                            "Actual Total Time": 59.424,
                                            "Actual Rows": 33859,
                                            "Actual Loops": 1
                                        },
                                        {
                                            "Worker Number": 2,
                                            "Actual Startup Time": 7.224,
                                            "Actual Total Time": 59.753,
                                            "Actual Rows": 32073,
                                            "Actual Loops": 1
                                        }
                                    ],
                                    "Plans": [
                                        {
                                            "Node Type": "Bitmap Index Scan",
                                            "Parent Relationship": "Outer",
                                            "Parallel Aware": false,
                                            "Index Name": "keyword_id_movie_keyword",
                                            "Startup Cost": 0.0,
                                            "Total Cost": 4465.37,
                                            "Plan Rows": 212925,
                                            "Plan Width": 0,
                                            "Actual Startup Time": 14.845,
                                            "Actual Total Time": 14.846,
                                            "Actual Rows": 210833,
                                            "Actual Loops": 1,
                                            "Index Cond": "(mk.keyword_id > 66579)"
                                        }
                                    ]
                                }
                            ]
                        }
                    ]
                }
            ]
        },
        "Planning Time": 184.532,
        "Triggers": [],
        "Execution Time": 79.862
    }
]