{
    "Plan": {
        "Node Type": "Aggregate",
        "Strategy": "Plain",
        "Partial Mode": "Finalize",
        "Parallel Aware": false,
        "Startup Cost": 75286.11,
        "Total Cost": 75286.12,
        "Plan Rows": 1,
        "Plan Width": 8,
        "Actual Startup Time": 210.852,
        "Actual Total Time": 226.384,
        "Actual Rows": 1,
        "Actual Loops": 1,
        "Output": [
            "count(*)"
        ],
        "Plans": [
            {
                "Node Type": "Gather",
                "Parent Relationship": "Outer",
                "Parallel Aware": false,
                "Startup Cost": 75285.79,
                "Total Cost": 75286.1,
                "Plan Rows": 3,
                "Plan Width": 8,
                "Actual Startup Time": 209.814,
                "Actual Total Time": 226.375,
                "Actual Rows": 4,
                "Actual Loops": 1,
                "Output": [
                    "(PARTIAL count(*))"
                ],
                "Workers Planned": 3,
                "Workers Launched": 3,
                "Single Copy": false,
                "Plans": [
                    {
                        "Node Type": "Aggregate",
                        "Strategy": "Plain",
                        "Partial Mode": "Partial",
                        "Parent Relationship": "Outer",
                        "Parallel Aware": false,
                        "Startup Cost": 74285.79,
                        "Total Cost": 74285.8,
                        "Plan Rows": 1,
                        "Plan Width": 8,
                        "Actual Startup Time": 200.873,
                        "Actual Total Time": 200.876,
                        "Actual Rows": 1,
                        "Actual Loops": 4,
                        "Output": [
                            "PARTIAL count(*)"
                        ],
                        "Workers": [
                            {
                                "Worker Number": 0,
                                "Actual Startup Time": 197.914,
                                "Actual Total Time": 197.916,
                                "Actual Rows": 1,
                                "Actual Loops": 1
                            },
                            {
                                "Worker Number": 1,
                                "Actual Startup Time": 198.055,
                                "Actual Total Time": 198.057,
                                "Actual Rows": 1,
                                "Actual Loops": 1
                            },
                            {
                                "Worker Number": 2,
                                "Actual Startup Time": 198.355,
                                "Actual Total Time": 198.358,
                                "Actual Rows": 1,
                                "Actual Loops": 1
                            }
                        ],
                        "Plans": [
                            {
                                "Node Type": "Hash Join",
                                "Parent Relationship": "Outer",
                                "Parallel Aware": true,
                                "Join Type": "Inner",
                                "Startup Cost": 44458.67,
                                "Total Cost": 74253.15,
                                "Plan Rows": 13055,
                                "Plan Width": 0,
                                "Actual Startup Time": 144.373,
                                "Actual Total Time": 200.179,
                                "Actual Rows": 14006,
                                "Actual Loops": 4,
                                "Inner Unique": true,
                                "Hash Cond": "(mc.movie_id = t.id)",
                                "Workers": [
                                    {
                                        "Worker Number": 0,
                                        "Actual Startup Time": 140.95,
                                        "Actual Total Time": 197.248,
                                        "Actual Rows": 15123,
                                        "Actual Loops": 1
                                    },
                                    {
                                        "Worker Number": 1,
                                        "Actual Startup Time": 142.026,
                                        "Actual Total Time": 197.307,
                                        "Actual Rows": 10098,
                                        "Actual Loops": 1
                                    },
                                    {
                                        "Worker Number": 2,
                                        "Actual Startup Time": 142.296,
                                        "Actual Total Time": 197.777,
                                        "Actual Rows": 12670,
                                        "Actual Loops": 1
                                    }
                                ],
                                "Plans": [
                                    {
                                        "Node Type": "Seq Scan",
                                        "Parent Relationship": "Outer",
                                        "Parallel Aware": true,
                                        "Relation Name": "movie_companies",
                                        "Schema": "public",
                                        "Alias": "mc",
                                        "Startup Cost": 0.0,
                                        "Total Cost": 29310.68,
                                        "Plan Rows": 184305,
                                        "Plan Width": 4,
                                        "Actual Startup Time": 28.882,
                                        "Actual Total Time": 61.156,
                                        "Actual Rows": 142643,
                                        "Actual Loops": 4,
                                        "Output": [
                                            "mc.id",
                                            "mc.movie_id",
                                            "mc.company_id",
                                            "mc.company_type_id",
                                            "mc.note"
                                        ],
                                        "Filter": "(mc.company_id > 71348)",
                                        "Rows Removed by Filter": 509639,
                                        "Workers": [
                                            {
                                                "Worker Number": 0,
                                                "Actual Startup Time": 28.901,
                                                "Actual Total Time": 61.527,
                                                "Actual Rows": 156040,
                                                "Actual Loops": 1
                                            },
                                            {
                                                "Worker Number": 1,
                                                "Actual Startup Time": 28.867,
                                                "Actual Total Time": 62.926,
                                                "Actual Rows": 102275,
                                                "Actual Loops": 1
                                            },
                                            {
                                                "Worker Number": 2,
                                                "Actual Startup Time": 28.846,
                                                "Actual Total Time": 59.105,
                                                "Actual Rows": 132877,
                                                "Actual Loops": 1
                                            }
                                        ]
                                    },
                                    {
                                        "Node Type": "Hash",
                                        "Parent Relationship": "Inner",
                                        "Parallel Aware": true,
                                        "Startup Cost": 43899.01,
                                        "Total Cost": 43899.01,
                                        "Plan Rows": 44773,
                                        "Plan Width": 4,
                                        "Actual Startup Time": 112.36,
                                        "Actual Total Time": 112.361,
                                        "Actual Rows": 45239,
                                        "Actual Loops": 4,
                                        "Output": [
                                            "t.id"
                                        ],
                                        "Hash Buckets": 262144,
                                        "Original Hash Buckets": 262144,
                                        "Hash Batches": 1,
                                        "Original Hash Batches": 1,
                                        "Peak Memory Usage": 9184,
                                        "Workers": [
                                            {
                                                "Worker Number": 0,
                                                "Actual Startup Time": 110.98,
                                                "Actual Total Time": 110.98,
                                                "Actual Rows": 47613,
                                                "Actual Loops": 1
                                            },
                                            {
                                                "Worker Number": 1,
                                                "Actual Startup Time": 110.991,
                                                "Actual Total Time": 110.992,
                                                "Actual Rows": 34080,
                                                "Actual Loops": 1
                                            },
                                            {
                                                "Worker Number": 2,
                                                "Actual Startup Time": 111.418,
                                                "Actual Total Time": 111.419,
                                                "Actual Rows": 40536,
                                                "Actual Loops": 1
                                            }
                                        ],
                                        "Plans": [
                                            {
                                                "Node Type": "Seq Scan",
                                                "Parent Relationship": "Outer",
                                                "Parallel Aware": true,
                                                "Relation Name": "title",
                                                "Schema": "public",
                                                "Alias": "t",
                                                "Startup Cost": 0.0,
                                                "Total Cost": 43899.01,
                                                "Plan Rows": 44773,
                                                "Plan Width": 4,
                                                "Actual Startup Time": 0.146,
                                                "Actual Total Time": 97.939,
                                                "Actual Rows": 45239,
                                                "Actual Loops": 4,
                                                "Output": [
                                                    "t.id"
                                                ],
                                                "Filter": "(t.production_year < 1953)",
                                                "Rows Removed by Filter": 586839,
                                                "Workers": [
                                                    {
                                                        "Worker Number": 0,
                                                        "Actual Startup Time": 0.187,
                                                        "Actual Total Time": 97.012,
                                                        "Actual Rows": 47613,
                                                        "Actual Loops": 1
                                                    },
                                                    {
                                                        "Worker Number": 1,
                                                        "Actual Startup Time": 0.08,
                                                        "Actual Total Time": 98.132,
                                                        "Actual Rows": 34080,
                                                        "Actual Loops": 1
                                                    },
                                                    {
                                                        "Worker Number": 2,
                                                        "Actual Startup Time": 0.289,
                                                        "Actual Total Time": 96.478,
                                                        "Actual Rows": 40536,
                                                        "Actual Loops": 1
                                                    }
                                                ]
                                            }
                                        ]
                                    }
                                ]
                            }
                        ]
                    }
                ]
            }
        ]
    },
    "Planning Time": 0.796,
    "Triggers": [],
    "Execution Time": 226.453
}