[
  {
    "Plan": {
      "Node Type": "Aggregate",
      "Strategy": "Plain",
      "Partial Mode": "Finalize",
      "Parallel Aware": false,
      "Startup Cost": 82536.1,
      "Total Cost": 82536.11,
      "Plan Rows": 1,
      "Plan Width": 8,
      "Actual Startup Time": 266.33,
      "Actual Total Time": 276.236,
      "Actual Rows": 1,
      "Actual Loops": 1,
      "Plans": [
        {
          "Node Type": "Gather",
          "Parent Relationship": "Outer",
          "Parallel Aware": false,
          "Startup Cost": 82535.78,
          "Total Cost": 82536.09,
          "Plan Rows": 3,
          "Plan Width": 8,
          "Actual Startup Time": 265.917,
          "Actual Total Time": 276.228,
          "Actual Rows": 4,
          "Actual Loops": 1,
          "Workers Planned": 3,
          "Workers Launched": 3,
          "Single Copy": false,
          "Plans": [
            {
              "Node Type": "Aggregate",
              "Strategy": "Plain",
              "Partial Mode": "Partial",
              "Parent Relationship": "Outer",
              "Parallel Aware": false,
              "Startup Cost": 81535.78,
              "Total Cost": 81535.79,
              "Plan Rows": 1,
              "Plan Width": 8,
              "Actual Startup Time": 257.233,
              "Actual Total Time": 257.236,
              "Actual Rows": 1,
              "Actual Loops": 4,
              "Plans": [
                {
                  "Node Type": "Hash Join",
                  "Parent Relationship": "Outer",
                  "Parallel Aware": true,
                  "Join Type": "Inner",
                  "Startup Cost": 38521.96,
                  "Total Cost": 81400.04,
                  "Plan Rows": 54295,
                  "Plan Width": 0,
                  "Actual Startup Time": 100.517,
                  "Actual Total Time": 254.366,
                  "Actual Rows": 62704,
                  "Actual Loops": 4,
                  "Inner Unique": true,
                  "Hash Cond": "(mk.movie_id = t.id)",
                  "Plans": [
                    {
                      "Node Type": "Seq Scan",
                      "Parent Relationship": "Outer",
                      "Parallel Aware": true,
                      "Relation Name": "movie_keyword",
                      "Alias": "mk",
                      "Startup Cost": 0.0,
                      "Total Cost": 39047.32,
                      "Plan Rows": 1459332,
                      "Plan Width": 4,
                      "Actual Startup Time": 0.022,
                      "Actual Total Time": 92.293,
                      "Actual Rows": 1130982,
                      "Actual Loops": 4
                    },
                    {
                      "Node Type": "Hash",
                      "Parent Relationship": "Inner",
                      "Parallel Aware": true,
                      "Startup Cost": 38228.0,
                      "Total Cost": 38228.0,
                      "Plan Rows": 23517,
                      "Plan Width": 4,
                      "Actual Startup Time": 63.126,
                      "Actual Total Time": 63.128,
                      "Actual Rows": 25112,
                      "Actual Loops": 4,
                      "Hash Buckets": 131072,
                      "Original Hash Buckets": 131072,
                      "Hash Batches": 1,
                      "Original Hash Batches": 1,
                      "Peak Memory Usage": 5024,
                      "Plans": [
                        {
                          "Node Type": "Bitmap Heap Scan",
                          "Parent Relationship": "Outer",
                          "Parallel Aware": true,
                          "Relation Name": "title",
                          "Alias": "t",
                          "Startup Cost": 1846.65,
                          "Total Cost": 38228.0,
                          "Plan Rows": 23517,
                          "Plan Width": 4,
                          "Actual Startup Time": 14.027,
                          "Actual Total Time": 51.242,
                          "Actual Rows": 25112,
                          "Actual Loops": 4,
                          "Recheck Cond": "(kind_id = 3)",
                          "Rows Removed by Index Recheck": 0,
                          "Filter": "(production_year > 1936)",
                          "Rows Removed by Filter": 22,
                          "Exact Heap Blocks": 6208,
                          "Lossy Heap Blocks": 0,
                          "Plans": [
                            {
                              "Node Type": "Bitmap Index Scan",
                              "Parent Relationship": "Outer",
                              "Parallel Aware": false,
                              "Index Name": "kind_id_title",
                              "Startup Cost": 0.0,
                              "Total Cost": 1823.13,
                              "Plan Rows": 102227,
                              "Plan Width": 0,
                              "Actual Startup Time": 14.035,
                              "Actual Total Time": 14.035,
                              "Actual Rows": 100537,
                              "Actual Loops": 1,
                              "Index Cond": "(kind_id = 3)"
                            }
                          ]
                        }
                      ]
                    }
                  ]
                }
              ]
            }
          ]
        }
      ]
    },
    "Planning Time": 0.491,
    "Triggers": [],
    "Execution Time": 276.312
  }
]