[
  {
    "Plan": {
      "Node Type": "Aggregate",
      "Strategy": "Plain",
      "Partial Mode": "Finalize",
      "Parallel Aware": false,
      "Startup Cost": 32174.13,
      "Total Cost": 32174.14,
      "Plan Rows": 1,
      "Plan Width": 8,
      "Actual Startup Time": 117.517,
      "Actual Total Time": 126.233,
      "Actual Rows": 1,
      "Actual Loops": 1,
      "Plans": [
        {
          "Node Type": "Gather",
          "Parent Relationship": "Outer",
          "Parallel Aware": false,
          "Startup Cost": 32173.81,
          "Total Cost": 32174.12,
          "Plan Rows": 3,
          "Plan Width": 8,
          "Actual Startup Time": 117.373,
          "Actual Total Time": 126.222,
          "Actual Rows": 4,
          "Actual Loops": 1,
          "Workers Planned": 3,
          "Workers Launched": 3,
          "Single Copy": false,
          "Plans": [
            {
              "Node Type": "Aggregate",
              "Strategy": "Plain",
              "Partial Mode": "Partial",
              "Parent Relationship": "Outer",
              "Parallel Aware": false,
              "Startup Cost": 31173.81,
              "Total Cost": 31173.82,
              "Plan Rows": 1,
              "Plan Width": 8,
              "Actual Startup Time": 113.247,
              "Actual Total Time": 113.248,
              "Actual Rows": 1,
              "Actual Loops": 4,
              "Plans": [
                {
                  "Node Type": "Seq Scan",
                  "Parent Relationship": "Outer",
                  "Parallel Aware": true,
                  "Relation Name": "movie_companies",
                  "Alias": "mc",
                  "Startup Cost": 0.0,
                  "Total Cost": 29310.68,
                  "Plan Rows": 745252,
                  "Plan Width": 0,
                  "Actual Startup Time": 0.017,
                  "Actual Total Time": 84.654,
                  "Actual Rows": 578356,
                  "Actual Loops": 4,
                  "Filter": "(company_id < 94757)",
                  "Rows Removed by Filter": 73926
                }
              ]
            }
          ]
        }
      ]
    },
    "Planning Time": 0.189,
    "Triggers": [],
    "Execution Time": 126.289
  }
]