[
  {
    "Plan": {
      "Node Type": "Aggregate",
      "Strategy": "Plain",
      "Partial Mode": "Finalize",
      "Parallel Aware": false,
      "Startup Cost": 450766.03,
      "Total Cost": 450766.04,
      "Plan Rows": 1,
      "Plan Width": 8,
      "Actual Startup Time": 2340.62,
      "Actual Total Time": 2401.81,
      "Actual Rows": 1,
      "Actual Loops": 1,
      "Plans": [
        {
          "Node Type": "Gather",
          "Parent Relationship": "Outer",
          "Parallel Aware": false,
          "Startup Cost": 450765.41,
          "Total Cost": 450766.02,
          "Plan Rows": 6,
          "Plan Width": 8,
          "Actual Startup Time": 2303.87,
          "Actual Total Time": 2401.797,
          "Actual Rows": 7,
          "Actual Loops": 1,
          "Workers Planned": 6,
          "Workers Launched": 6,
          "Single Copy": false,
          "Plans": [
            {
              "Node Type": "Aggregate",
              "Strategy": "Plain",
              "Partial Mode": "Partial",
              "Parent Relationship": "Outer",
              "Parallel Aware": false,
              "Startup Cost": 449765.41,
              "Total Cost": 449765.42,
              "Plan Rows": 1,
              "Plan Width": 8,
              "Actual Startup Time": 2281.735,
              "Actual Total Time": 2282.695,
              "Actual Rows": 1,
              "Actual Loops": 7,
              "Plans": [
                {
                  "Node Type": "Hash Join",
                  "Parent Relationship": "Outer",
                  "Parallel Aware": true,
                  "Join Type": "Inner",
                  "Startup Cost": 103549.94,
                  "Total Cost": 445285.92,
                  "Plan Rows": 1791797,
                  "Plan Width": 0,
                  "Actual Startup Time": 542.435,
                  "Actual Total Time": 2033.259,
                  "Actual Rows": 5466651,
                  "Actual Loops": 7,
                  "Inner Unique": false,
                  "Hash Cond": "(ci.movie_id = t.id)",
                  "Plans": [
                    {
                      "Node Type": "Seq Scan",
                      "Parent Relationship": "Outer",
                      "Parallel Aware": true,
                      "Relation Name": "cast_info",
                      "Alias": "ci",
                      "Startup Cost": 0.0,
                      "Total Cost": 328162.03,
                      "Plan Rows": 2078389,
                      "Plan Width": 4,
                      "Actual Startup Time": 0.025,
                      "Actual Total Time": 561.645,
                      "Actual Rows": 1777823,
                      "Actual Loops": 7,
                      "Filter": "(person_id < 1227679)",
                      "Rows Removed by Filter": 3399940
                    },
                    {
                      "Node Type": "Hash",
                      "Parent Relationship": "Inner",
                      "Parallel Aware": true,
                      "Startup Cost": 94760.98,
                      "Total Cost": 94760.98,
                      "Plan Rows": 703117,
                      "Plan Width": 8,
                      "Actual Startup Time": 535.389,
                      "Actual Total Time": 536.347,
                      "Actual Rows": 311378,
                      "Actual Loops": 7,
                      "Hash Buckets": 4194304,
                      "Original Hash Buckets": 4194304,
                      "Hash Batches": 1,
                      "Original Hash Batches": 1,
                      "Peak Memory Usage": 118112,
                      "Plans": [
                        {
                          "Node Type": "Hash Join",
                          "Parent Relationship": "Outer",
                          "Parallel Aware": true,
                          "Join Type": "Inner",
                          "Startup Cost": 50219.64,
                          "Total Cost": 94760.98,
                          "Plan Rows": 703117,
                          "Plan Width": 8,
                          "Actual Startup Time": 263.81,
                          "Actual Total Time": 428.538,
                          "Actual Rows": 311378,
                          "Actual Loops": 7,
                          "Inner Unique": true,
                          "Hash Cond": "(mk.movie_id = t.id)",
                          "Plans": [
                            {
                              "Node Type": "Seq Scan",
                              "Parent Relationship": "Outer",
                              "Parallel Aware": true,
                              "Relation Name": "movie_keyword",
                              "Alias": "mk",
                              "Startup Cost": 0.0,
                              "Total Cost": 42695.65,
                              "Plan Rows": 703117,
                              "Plan Width": 4,
                              "Actual Startup Time": 0.248,
                              "Actual Total Time": 84.781,
                              "Actual Rows": 311378,
                              "Actual Loops": 7,
                              "Filter": "(keyword_id > 5215)",
                              "Rows Removed by Filter": 334898
                            },
                            {
                              "Node Type": "Hash",
                              "Parent Relationship": "Inner",
                              "Parallel Aware": true,
                              "Startup Cost": 42318.73,
                              "Total Cost": 42318.73,
                              "Plan Rows": 632073,
                              "Plan Width": 4,
                              "Actual Startup Time": 259.889,
                              "Actual Total Time": 259.89,
                              "Actual Rows": 361187,
                              "Actual Loops": 7,
                              "Hash Buckets": 4194304,
                              "Original Hash Buckets": 4194304,
                              "Hash Batches": 1,
                              "Original Hash Batches": 1,
                              "Peak Memory Usage": 131776,
                              "Plans": [
                                {
                                  "Node Type": "Seq Scan",
                                  "Parent Relationship": "Outer",
                                  "Parallel Aware": true,
                                  "Relation Name": "title",
                                  "Alias": "t",
                                  "Startup Cost": 0.0,
                                  "Total Cost": 42318.73,
                                  "Plan Rows": 632073,
                                  "Plan Width": 4,
                                  "Actual Startup Time": 0.049,
                                  "Actual Total Time": 75.329,
                                  "Actual Rows": 361187,
                                  "Actual Loops": 7
                                }
                              ]
                            }
                          ]
                        }
                      ]
                    }
                  ]
                }
              ]
            }
          ]
        }
      ]
    },
    "Planning Time": 1.292,
    "Triggers": [],
    "Execution Time": 2401.906
  }
]