[
  {
    "Plan": {
      "Node Type": "Aggregate",
      "Strategy": "Plain",
      "Partial Mode": "Finalize",
      "Parallel Aware": false,
      "Startup Cost": 78628.04,
      "Total Cost": 78628.05,
      "Plan Rows": 1,
      "Plan Width": 8,
      "Actual Startup Time": 234.136,
      "Actual Total Time": 249.136,
      "Actual Rows": 1,
      "Actual Loops": 1,
      "Plans": [
        {
          "Node Type": "Gather",
          "Parent Relationship": "Outer",
          "Parallel Aware": false,
          "Startup Cost": 78627.72,
          "Total Cost": 78628.03,
          "Plan Rows": 3,
          "Plan Width": 8,
          "Actual Startup Time": 232.813,
          "Actual Total Time": 249.122,
          "Actual Rows": 4,
          "Actual Loops": 1,
          "Workers Planned": 3,
          "Workers Launched": 3,
          "Single Copy": false,
          "Plans": [
            {
              "Node Type": "Aggregate",
              "Strategy": "Plain",
              "Partial Mode": "Partial",
              "Parent Relationship": "Outer",
              "Parallel Aware": false,
              "Startup Cost": 77627.72,
              "Total Cost": 77627.73,
              "Plan Rows": 1,
              "Plan Width": 8,
              "Actual Startup Time": 224.601,
              "Actual Total Time": 224.604,
              "Actual Rows": 1,
              "Actual Loops": 4,
              "Plans": [
                {
                  "Node Type": "Hash Join",
                  "Parent Relationship": "Outer",
                  "Parallel Aware": true,
                  "Join Type": "Inner",
                  "Startup Cost": 45187.34,
                  "Total Cost": 77489.85,
                  "Plan Rows": 55147,
                  "Plan Width": 0,
                  "Actual Startup Time": 126.647,
                  "Actual Total Time": 221.814,
                  "Actual Rows": 70704,
                  "Actual Loops": 4,
                  "Inner Unique": true,
                  "Hash Cond": "(mc.movie_id = t.id)",
                  "Plans": [
                    {
                      "Node Type": "Seq Scan",
                      "Parent Relationship": "Outer",
                      "Parallel Aware": true,
                      "Relation Name": "movie_companies",
                      "Alias": "mc",
                      "Startup Cost": 0.0,
                      "Total Cost": 31414.82,
                      "Plan Rows": 338170,
                      "Plan Width": 4,
                      "Actual Startup Time": 0.081,
                      "Actual Total Time": 60.122,
                      "Actual Rows": 230691,
                      "Actual Loops": 4,
                      "Filter": "((company_id > 419) AND (company_type_id = 1))",
                      "Rows Removed by Filter": 421591
                    },
                    {
                      "Node Type": "Hash",
                      "Parent Relationship": "Inner",
                      "Parallel Aware": true,
                      "Startup Cost": 43898.92,
                      "Total Cost": 43898.92,
                      "Plan Rows": 103074,
                      "Plan Width": 4,
                      "Actual Startup Time": 122.766,
                      "Actual Total Time": 122.767,
                      "Actual Rows": 105945,
                      "Actual Loops": 4,
                      "Hash Buckets": 524288,
                      "Original Hash Buckets": 524288,
                      "Hash Batches": 1,
                      "Original Hash Batches": 1,
                      "Peak Memory Usage": 20736,
                      "Plans": [
                        {
                          "Node Type": "Seq Scan",
                          "Parent Relationship": "Outer",
                          "Parallel Aware": true,
                          "Relation Name": "title",
                          "Alias": "t",
                          "Startup Cost": 0.0,
                          "Total Cost": 43898.92,
                          "Plan Rows": 103074,
                          "Plan Width": 4,
                          "Actual Startup Time": 0.055,
                          "Actual Total Time": 92.32,
                          "Actual Rows": 105945,
                          "Actual Loops": 4,
                          "Filter": "(production_year < 1974)",
                          "Rows Removed by Filter": 526133
                        }
                      ]
                    }
                  ]
                }
              ]
            }
          ]
        }
      ]
    },
    "Planning Time": 0.64,
    "Triggers": [],
    "Execution Time": 249.211
  }
]