[
  {
    "Plan": {
      "Node Type": "Aggregate",
      "Strategy": "Plain",
      "Partial Mode": "Finalize",
      "Parallel Aware": false,
      "Startup Cost": 282049.18,
      "Total Cost": 282049.19,
      "Plan Rows": 1,
      "Plan Width": 8,
      "Actual Startup Time": 129.892,
      "Actual Total Time": 136.934,
      "Actual Rows": 1,
      "Actual Loops": 1,
      "Plans": [
        {
          "Node Type": "Gather",
          "Parent Relationship": "Outer",
          "Parallel Aware": false,
          "Startup Cost": 282048.55,
          "Total Cost": 282049.16,
          "Plan Rows": 6,
          "Plan Width": 8,
          "Actual Startup Time": 129.446,
          "Actual Total Time": 136.926,
          "Actual Rows": 7,
          "Actual Loops": 1,
          "Workers Planned": 6,
          "Workers Launched": 6,
          "Single Copy": false,
          "Plans": [
            {
              "Node Type": "Aggregate",
              "Strategy": "Plain",
              "Partial Mode": "Partial",
              "Parent Relationship": "Outer",
              "Parallel Aware": false,
              "Startup Cost": 281048.55,
              "Total Cost": 281048.56,
              "Plan Rows": 1,
              "Plan Width": 8,
              "Actual Startup Time": 123.965,
              "Actual Total Time": 123.968,
              "Actual Rows": 1,
              "Actual Loops": 7,
              "Plans": [
                {
                  "Node Type": "Bitmap Heap Scan",
                  "Parent Relationship": "Outer",
                  "Parallel Aware": true,
                  "Relation Name": "cast_info",
                  "Alias": "ci",
                  "Startup Cost": 25312.87,
                  "Total Cost": 280887.82,
                  "Plan Rows": 64292,
                  "Plan Width": 0,
                  "Actual Startup Time": 109.236,
                  "Actual Total Time": 122.344,
                  "Actual Rows": 34163,
                  "Actual Loops": 7,
                  "Recheck Cond": "(person_id < 120803)",
                  "Rows Removed by Index Recheck": 0,
                  "Filter": "(role_id > 3)",
                  "Rows Removed by Filter": 136763,
                  "Exact Heap Blocks": 4249,
                  "Lossy Heap Blocks": 0,
                  "Plans": [
                    {
                      "Node Type": "Bitmap Index Scan",
                      "Parent Relationship": "Outer",
                      "Parallel Aware": false,
                      "Index Name": "person_id_cast_info",
                      "Startup Cost": 0.0,
                      "Total Cost": 25216.43,
                      "Plan Rows": 1155182,
                      "Plan Width": 0,
                      "Actual Startup Time": 68.401,
                      "Actual Total Time": 68.402,
                      "Actual Rows": 1196485,
                      "Actual Loops": 1,
                      "Index Cond": "(person_id < 120803)"
                    }
                  ]
                }
              ]
            }
          ]
        }
      ]
    },
    "Planning Time": 0.23,
    "Triggers": [],
    "Execution Time": 137.009
  }
]