{
  "Plan": {
    "Node Type": "Aggregate",
    "Strategy": "Plain",
    "Partial Mode": "Finalize",
    "Parallel Aware": false,
    "Startup Cost": 117051.44,
    "Total Cost": 117051.45,
    "Plan Rows": 1,
    "Plan Width": 8,
    "Actual Startup Time": 771.626,
    "Actual Total Time": 791.028,
    "Actual Rows": 1,
    "Actual Loops": 1,
    "Plans": [
      {
        "Node Type": "Gather",
        "Parent Relationship": "Outer",
        "Parallel Aware": false,
        "Startup Cost": 117051.33,
        "Total Cost": 117051.44,
        "Plan Rows": 1,
        "Plan Width": 8,
        "Actual Startup Time": 767.361,
        "Actual Total Time": 791.02,
        "Actual Rows": 2,
        "Actual Loops": 1,
        "Workers Planned": 1,
        "Workers Launched": 1,
        "Single Copy": false,
        "Plans": [
          {
            "Node Type": "Aggregate",
            "Strategy": "Plain",
            "Partial Mode": "Partial",
            "Parent Relationship": "Outer",
            "Parallel Aware": false,
            "Startup Cost": 116051.33,
            "Total Cost": 116051.34,
            "Plan Rows": 1,
            "Plan Width": 8,
            "Actual Startup Time": 754.996,
            "Actual Total Time": 755.0,
            "Actual Rows": 1,
            "Actual Loops": 2,
            "Plans": [
              {
                "Node Type": "Hash Join",
                "Parent Relationship": "Outer",
                "Parallel Aware": true,
                "Join Type": "Inner",
                "Startup Cost": 84329.77,
                "Total Cost": 115020.47,
                "Plan Rows": 412344,
                "Plan Width": 0,
                "Actual Startup Time": 579.269,
                "Actual Total Time": 739.494,
                "Actual Rows": 345384,
                "Actual Loops": 2,
                "Inner Unique": true,
                "Hash Cond": "(mk.movie_id = t.id)",
                "Plans": [
                  {
                    "Node Type": "Bitmap Heap Scan",
                    "Parent Relationship": "Outer",
                    "Parallel Aware": true,
                    "Relation Name": "movie_keyword",
                    "Alias": "mk",
                    "Startup Cost": 14869.07,
                    "Total Cost": 44477.37,
                    "Plan Rows": 412344,
                    "Plan Width": 4,
                    "Actual Startup Time": 41.933,
                    "Actual Total Time": 116.894,
                    "Actual Rows": 345384,
                    "Actual Loops": 2,
                    "Recheck Cond": "(keyword_id > 27274)",
                    "Rows Removed by Index Recheck": 0,
                    "Exact Heap Blocks": 13193,
                    "Lossy Heap Blocks": 0,
                    "Plans": [
                      {
                        "Node Type": "Bitmap Index Scan",
                        "Parent Relationship": "Outer",
                        "Parallel Aware": false,
                        "Index Name": "keyword_id_movie_keyword",
                        "Startup Cost": 0.0,
                        "Total Cost": 14693.82,
                        "Plan Rows": 700985,
                        "Plan Width": 0,
                        "Actual Startup Time": 38.392,
                        "Actual Total Time": 38.393,
                        "Actual Rows": 690768,
                        "Actual Loops": 1,
                        "Index Cond": "(keyword_id > 27274)"
                      }
                    ]
                  },
                  {
                    "Node Type": "Hash",
                    "Parent Relationship": "Inner",
                    "Parallel Aware": true,
                    "Startup Cost": 50870.31,
                    "Total Cost": 50870.31,
                    "Plan Rows": 1487231,
                    "Plan Width": 4,
                    "Actual Startup Time": 516.223,
                    "Actual Total Time": 516.224,
                    "Actual Rows": 1264156,
                    "Actual Loops": 2,
                    "Hash Buckets": 4194304,
                    "Original Hash Buckets": 4194304,
                    "Hash Batches": 1,
                    "Original Hash Batches": 1,
                    "Peak Memory Usage": 131712,
                    "Plans": [
                      {
                        "Node Type": "Seq Scan",
                        "Parent Relationship": "Outer",
                        "Parallel Aware": true,
                        "Relation Name": "title",
                        "Alias": "t",
                        "Startup Cost": 0.0,
                        "Total Cost": 50870.31,
                        "Plan Rows": 1487231,
                        "Plan Width": 4,
                        "Actual Startup Time": 0.025,
                        "Actual Total Time": 150.042,
                        "Actual Rows": 1264156,
                        "Actual Loops": 2
                      }
                    ]
                  }
                ]
              }
            ]
          }
        ]
      }
    ]
  },
  "Planning Time": 0.655,
  "Triggers": [],
  "Execution Time": 791.143
}