{
    "Plan": {
        "Node Type": "Aggregate",
        "Strategy": "Plain",
        "Partial Mode": "Finalize",
        "Parallel Aware": false,
        "Startup Cost": 251266.65,
        "Total Cost": 251266.66,
        "Plan Rows": 1,
        "Plan Width": 8,
        "Actual Startup Time": 667.169,
        "Actual Total Time": 707.89,
        "Actual Rows": 1,
        "Actual Loops": 1,
        "Output": [
            "count(*)"
        ],
        "Plans": [
            {
                "Node Type": "Gather",
                "Parent Relationship": "Outer",
                "Parallel Aware": false,
                "Startup Cost": 251266.12,
                "Total Cost": 251266.63,
                "Plan Rows": 5,
                "Plan Width": 8,
                "Actual Startup Time": 666.636,
                "Actual Total Time": 707.881,
                "Actual Rows": 6,
                "Actual Loops": 1,
                "Output": [
                    "(PARTIAL count(*))"
                ],
                "Workers Planned": 5,
                "Workers Launched": 5,
                "Single Copy": false,
                "Plans": [
                    {
                        "Node Type": "Aggregate",
                        "Strategy": "Plain",
                        "Partial Mode": "Partial",
                        "Parent Relationship": "Outer",
                        "Parallel Aware": false,
                        "Startup Cost": 250266.12,
                        "Total Cost": 250266.13,
                        "Plan Rows": 1,
                        "Plan Width": 8,
                        "Actual Startup Time": 655.666,
                        "Actual Total Time": 655.669,
                        "Actual Rows": 1,
                        "Actual Loops": 6,
                        "Output": [
                            "PARTIAL count(*)"
                        ],
                        "Workers": [
                            {
                                "Worker Number": 0,
                                "Actual Startup Time": 654.078,
                                "Actual Total Time": 654.08,
                                "Actual Rows": 1,
                                "Actual Loops": 1
                            },
                            {
                                "Worker Number": 1,
                                "Actual Startup Time": 649.631,
                                "Actual Total Time": 649.635,
                                "Actual Rows": 1,
                                "Actual Loops": 1
                            },
                            {
                                "Worker Number": 2,
                                "Actual Startup Time": 654.778,
                                "Actual Total Time": 654.781,
                                "Actual Rows": 1,
                                "Actual Loops": 1
                            },
                            {
                                "Worker Number": 3,
                                "Actual Startup Time": 654.833,
                                "Actual Total Time": 654.835,
                                "Actual Rows": 1,
                                "Actual Loops": 1
                            },
                            {
                                "Worker Number": 4,
                                "Actual Startup Time": 654.89,
                                "Actual Total Time": 654.892,
                                "Actual Rows": 1,
                                "Actual Loops": 1
                            }
                        ],
                        "Plans": [
                            {
                                "Node Type": "Hash Join",
                                "Parent Relationship": "Outer",
                                "Parallel Aware": true,
                                "Join Type": "Inner",
                                "Startup Cost": 44031.48,
                                "Total Cost": 250150.54,
                                "Plan Rows": 46233,
                                "Plan Width": 0,
                                "Actual Startup Time": 88.155,
                                "Actual Total Time": 651.969,
                                "Actual Rows": 74750,
                                "Actual Loops": 6,
                                "Inner Unique": true,
                                "Hash Cond": "(mi.movie_id = t.id)",
                                "Workers": [
                                    {
                                        "Worker Number": 0,
                                        "Actual Startup Time": 86.498,
                                        "Actual Total Time": 650.445,
                                        "Actual Rows": 76926,
                                        "Actual Loops": 1
                                    },
                                    {
                                        "Worker Number": 1,
                                        "Actual Startup Time": 82.487,
                                        "Actual Total Time": 645.93,
                                        "Actual Rows": 46307,
                                        "Actual Loops": 1
                                    },
                                    {
                                        "Worker Number": 2,
                                        "Actual Startup Time": 87.225,
                                        "Actual Total Time": 651.119,
                                        "Actual Rows": 78467,
                                        "Actual Loops": 1
                                    },
                                    {
                                        "Worker Number": 3,
                                        "Actual Startup Time": 87.225,
                                        "Actual Total Time": 651.247,
                                        "Actual Rows": 76849,
                                        "Actual Loops": 1
                                    },
                                    {
                                        "Worker Number": 4,
                                        "Actual Startup Time": 87.297,
                                        "Actual Total Time": 651.437,
                                        "Actual Rows": 73530,
                                        "Actual Loops": 1
                                    }
                                ],
                                "Plans": [
                                    {
                                        "Node Type": "Seq Scan",
                                        "Parent Relationship": "Outer",
                                        "Parallel Aware": true,
                                        "Relation Name": "movie_info",
                                        "Schema": "public",
                                        "Alias": "mi",
                                        "Startup Cost": 0.0,
                                        "Total Cost": 198880.74,
                                        "Plan Rows": 2757452,
                                        "Plan Width": 4,
                                        "Actual Startup Time": 0.037,
                                        "Actual Total Time": 348.568,
                                        "Actual Rows": 2311226,
                                        "Actual Loops": 6,
                                        "Output": [
                                            "mi.id",
                                            "mi.movie_id",
                                            "mi.info_type_id",
                                            "mi.info",
                                            "mi.note"
                                        ],
                                        "Filter": "(mi.info_type_id < 94)",
                                        "Rows Removed by Filter": 161394,
                                        "Workers": [
                                            {
                                                "Worker Number": 0,
                                                "Actual Startup Time": 0.04,
                                                "Actual Total Time": 349.755,
                                                "Actual Rows": 2366768,
                                                "Actual Loops": 1
                                            },
                                            {
                                                "Worker Number": 1,
                                                "Actual Startup Time": 0.047,
                                                "Actual Total Time": 354.352,
                                                "Actual Rows": 1428314,
                                                "Actual Loops": 1
                                            },
                                            {
                                                "Worker Number": 2,
                                                "Actual Startup Time": 0.031,
                                                "Actual Total Time": 349.039,
                                                "Actual Rows": 2370888,
                                                "Actual Loops": 1
                                            },
                                            {
                                                "Worker Number": 3,
                                                "Actual Startup Time": 0.033,
                                                "Actual Total Time": 348.924,
                                                "Actual Rows": 2365406,
                                                "Actual Loops": 1
                                            },
                                            {
                                                "Worker Number": 4,
                                                "Actual Startup Time": 0.061,
                                                "Actual Total Time": 355.806,
                                                "Actual Rows": 2250557,
                                                "Actual Loops": 1
                                            }
                                        ]
                                    },
                                    {
                                        "Node Type": "Hash",
                                        "Parent Relationship": "Inner",
                                        "Parallel Aware": true,
                                        "Startup Cost": 43899.01,
                                        "Total Cost": 43899.01,
                                        "Plan Rows": 10598,
                                        "Plan Width": 4,
                                        "Actual Startup Time": 77.877,
                                        "Actual Total Time": 77.878,
                                        "Actual Rows": 7137,
                                        "Actual Loops": 6,
                                        "Output": [
                                            "t.id"
                                        ],
                                        "Hash Buckets": 65536,
                                        "Original Hash Buckets": 65536,
                                        "Hash Batches": 1,
                                        "Original Hash Batches": 1,
                                        "Peak Memory Usage": 2272,
                                        "Workers": [
                                            {
                                                "Worker Number": 0,
                                                "Actual Startup Time": 76.946,
                                                "Actual Total Time": 76.946,
                                                "Actual Rows": 7088,
                                                "Actual Loops": 1
                                            },
                                            {
                                                "Worker Number": 1,
                                                "Actual Startup Time": 72.302,
                                                "Actual Total Time": 72.303,
                                                "Actual Rows": 4694,
                                                "Actual Loops": 1
                                            },
                                            {
                                                "Worker Number": 2,
                                                "Actual Startup Time": 77.573,
                                                "Actual Total Time": 77.574,
                                                "Actual Rows": 7067,
                                                "Actual Loops": 1
                                            },
                                            {
                                                "Worker Number": 3,
                                                "Actual Startup Time": 77.568,
                                                "Actual Total Time": 77.568,
                                                "Actual Rows": 6992,
                                                "Actual Loops": 1
                                            },
                                            {
                                                "Worker Number": 4,
                                                "Actual Startup Time": 77.75,
                                                "Actual Total Time": 77.751,
                                                "Actual Rows": 6804,
                                                "Actual Loops": 1
                                            }
                                        ],
                                        "Plans": [
                                            {
                                                "Node Type": "Seq Scan",
                                                "Parent Relationship": "Outer",
                                                "Parallel Aware": true,
                                                "Relation Name": "title",
                                                "Schema": "public",
                                                "Alias": "t",
                                                "Startup Cost": 0.0,
                                                "Total Cost": 43899.01,
                                                "Plan Rows": 10598,
                                                "Plan Width": 4,
                                                "Actual Startup Time": 49.795,
                                                "Actual Total Time": 74.89,
                                                "Actual Rows": 7137,
                                                "Actual Loops": 6,
                                                "Output": [
                                                    "t.id"
                                                ],
                                                "Filter": "(t.production_year < 1913)",
                                                "Rows Removed by Filter": 414249,
                                                "Workers": [
                                                    {
                                                        "Worker Number": 0,
                                                        "Actual Startup Time": 51.898,
                                                        "Actual Total Time": 74.271,
                                                        "Actual Rows": 7088,
                                                        "Actual Loops": 1
                                                    },
                                                    {
                                                        "Worker Number": 1,
                                                        "Actual Startup Time": 47.224,
                                                        "Actual Total Time": 69.62,
                                                        "Actual Rows": 4694,
                                                        "Actual Loops": 1
                                                    },
                                                    {
                                                        "Worker Number": 2,
                                                        "Actual Startup Time": 52.52,
                                                        "Actual Total Time": 74.502,
                                                        "Actual Rows": 7067,
                                                        "Actual Loops": 1
                                                    },
                                                    {
                                                        "Worker Number": 3,
                                                        "Actual Startup Time": 34.378,
                                                        "Actual Total Time": 74.292,
                                                        "Actual Rows": 6992,
                                                        "Actual Loops": 1
                                                    },
                                                    {
                                                        "Worker Number": 4,
                                                        "Actual Startup Time": 52.703,
                                                        "Actual Total Time": 74.853,
                                                        "Actual Rows": 6804,
                                                        "Actual Loops": 1
                                                    }
                                                ]
                                            }
                                        ]
                                    }
                                ]
                            }
                        ]
                    }
                ]
            }
        ]
    },
    "Planning Time": 0.725,
    "Triggers": [],
    "Execution Time": 707.977
}