[
  {
    "Plan": {
      "Node Type": "Aggregate",
      "Strategy": "Plain",
      "Partial Mode": "Finalize",
      "Parallel Aware": false,
      "Startup Cost": 59613.61,
      "Total Cost": 59613.62,
      "Plan Rows": 1,
      "Plan Width": 8,
      "Actual Startup Time": 27.288,
      "Actual Total Time": 31.294,
      "Actual Rows": 1,
      "Actual Loops": 1,
      "Plans": [
        {
          "Node Type": "Gather",
          "Parent Relationship": "Outer",
          "Parallel Aware": false,
          "Startup Cost": 59613.29,
          "Total Cost": 59613.6,
          "Plan Rows": 3,
          "Plan Width": 8,
          "Actual Startup Time": 26.992,
          "Actual Total Time": 31.29,
          "Actual Rows": 4,
          "Actual Loops": 1,
          "Workers Planned": 3,
          "Workers Launched": 3,
          "Single Copy": false,
          "Plans": [
            {
              "Node Type": "Aggregate",
              "Strategy": "Plain",
              "Partial Mode": "Partial",
              "Parent Relationship": "Outer",
              "Parallel Aware": false,
              "Startup Cost": 58613.29,
              "Total Cost": 58613.3,
              "Plan Rows": 1,
              "Plan Width": 8,
              "Actual Startup Time": 18.534,
              "Actual Total Time": 18.535,
              "Actual Rows": 1,
              "Actual Loops": 4,
              "Plans": [
                {
                  "Node Type": "Nested Loop",
                  "Parent Relationship": "Outer",
                  "Parallel Aware": false,
                  "Join Type": "Inner",
                  "Startup Cost": 1027.07,
                  "Total Cost": 58608.18,
                  "Plan Rows": 2044,
                  "Plan Width": 0,
                  "Actual Startup Time": 17.594,
                  "Actual Total Time": 18.53,
                  "Actual Rows": 6,
                  "Actual Loops": 4,
                  "Inner Unique": true,
                  "Plans": [
                    {
                      "Node Type": "Bitmap Heap Scan",
                      "Parent Relationship": "Outer",
                      "Parallel Aware": true,
                      "Relation Name": "movie_companies",
                      "Alias": "mc",
                      "Startup Cost": 1026.64,
                      "Total Cost": 20046.41,
                      "Plan Rows": 7829,
                      "Plan Width": 4,
                      "Actual Startup Time": 6.638,
                      "Actual Total Time": 7.626,
                      "Actual Rows": 1297,
                      "Actual Loops": 4,
                      "Recheck Cond": "(company_id = 19)",
                      "Rows Removed by Index Recheck": 0,
                      "Filter": "(company_type_id > 1)",
                      "Rows Removed by Filter": 10516,
                      "Exact Heap Blocks": 4456,
                      "Lossy Heap Blocks": 0,
                      "Plans": [
                        {
                          "Node Type": "Bitmap Index Scan",
                          "Parent Relationship": "Outer",
                          "Parallel Aware": false,
                          "Index Name": "company_id_movie_companies",
                          "Startup Cost": 0.0,
                          "Total Cost": 1020.57,
                          "Plan Rows": 47486,
                          "Plan Width": 0,
                          "Actual Startup Time": 2.173,
                          "Actual Total Time": 2.174,
                          "Actual Rows": 47252,
                          "Actual Loops": 1,
                          "Index Cond": "(company_id = 19)"
                        }
                      ]
                    },
                    {
                      "Node Type": "Index Scan",
                      "Parent Relationship": "Inner",
                      "Parallel Aware": false,
                      "Scan Direction": "Forward",
                      "Index Name": "title_pkey",
                      "Relation Name": "title",
                      "Alias": "t",
                      "Startup Cost": 0.43,
                      "Total Cost": 4.93,
                      "Plan Rows": 1,
                      "Plan Width": 4,
                      "Actual Startup Time": 0.008,
                      "Actual Total Time": 0.008,
                      "Actual Rows": 0,
                      "Actual Loops": 5188,
                      "Index Cond": "(id = mc.movie_id)",
                      "Rows Removed by Index Recheck": 0,
                      "Filter": "(kind_id = 1)",
                      "Rows Removed by Filter": 1
                    }
                  ]
                }
              ]
            }
          ]
        }
      ]
    },
    "Planning Time": 0.192,
    "Triggers": [],
    "Execution Time": 31.326
  }
]