[
    {
        "Bao": {
            "Bao prediction": 662.064,
            "Bao recommended hint": "(no hint)"
        }
    },
    {
        "Plan": {
            "Node Type": "Aggregate",
            "Strategy": "Plain",
            "Partial Mode": "Finalize",
            "Parallel Aware": false,
            "Startup Cost": 30225.46,
            "Total Cost": 30225.47,
            "Plan Rows": 1,
            "Plan Width": 8,
            "Actual Startup Time": 100.984,
            "Actual Total Time": 107.141,
            "Actual Rows": 1,
            "Actual Loops": 1,
            "Output": [
                "count(*)"
            ],
            "Plans": [
                {
                    "Node Type": "Gather",
                    "Parent Relationship": "Outer",
                    "Parallel Aware": false,
                    "Startup Cost": 30225.15,
                    "Total Cost": 30225.46,
                    "Plan Rows": 3,
                    "Plan Width": 8,
                    "Actual Startup Time": 100.669,
                    "Actual Total Time": 107.132,
                    "Actual Rows": 4,
                    "Actual Loops": 1,
                    "Output": [
                        "(PARTIAL count(*))"
                    ],
                    "Workers Planned": 3,
                    "Workers Launched": 3,
                    "Single Copy": false,
                    "Plans": [
                        {
                            "Node Type": "Aggregate",
                            "Strategy": "Plain",
                            "Partial Mode": "Partial",
                            "Parent Relationship": "Outer",
                            "Parallel Aware": false,
                            "Startup Cost": 29225.15,
                            "Total Cost": 29225.16,
                            "Plan Rows": 1,
                            "Plan Width": 8,
                            "Actual Startup Time": 92.46,
                            "Actual Total Time": 92.461,
                            "Actual Rows": 1,
                            "Actual Loops": 4,
                            "Output": [
                                "PARTIAL count(*)"
                            ],
                            "Workers": [
                                {
                                    "Worker Number": 0,
                                    "Actual Startup Time": 89.689,
                                    "Actual Total Time": 89.691,
                                    "Actual Rows": 1,
                                    "Actual Loops": 1
                                },
                                {
                                    "Worker Number": 1,
                                    "Actual Startup Time": 89.841,
                                    "Actual Total Time": 89.842,
                                    "Actual Rows": 1,
                                    "Actual Loops": 1
                                },
                                {
                                    "Worker Number": 2,
                                    "Actual Startup Time": 90.219,
                                    "Actual Total Time": 90.22,
                                    "Actual Rows": 1,
                                    "Actual Loops": 1
                                }
                            ],
                            "Plans": [
                                {
                                    "Node Type": "Bitmap Heap Scan",
                                    "Parent Relationship": "Outer",
                                    "Parallel Aware": true,
                                    "Relation Name": "movie_companies",
                                    "Schema": "public",
                                    "Alias": "mc",
                                    "Startup Cost": 8530.71,
                                    "Total Cost": 28907.74,
                                    "Plan Rows": 126963,
                                    "Plan Width": 0,
                                    "Actual Startup Time": 35.251,
                                    "Actual Total Time": 85.477,
                                    "Actual Rows": 97750,
                                    "Actual Loops": 4,
                                    "Recheck Cond": "(mc.company_id < 235)",
                                    "Rows Removed by Index Recheck": 0,
                                    "Exact Heap Blocks": 10349,
                                    "Lossy Heap Blocks": 0,
                                    "Workers": [
                                        {
                                            "Worker Number": 0,
                                            "Actual Startup Time": 32.533,
                                            "Actual Total Time": 83.289,
                                            "Actual Rows": 53653,
                                            "Actual Loops": 1
                                        },
                                        {
                                            "Worker Number": 1,
                                            "Actual Startup Time": 32.863,
                                            "Actual Total Time": 83.661,
                                            "Actual Rows": 51855,
                                            "Actual Loops": 1
                                        },
                                        {
                                            "Worker Number": 2,
                                            "Actual Startup Time": 33.044,
                                            "Actual Total Time": 84.05,
                                            "Actual Rows": 51986,
                                            "Actual Loops": 1
                                        }
                                    ],
                                    "Plans": [
                                        {
                                            "Node Type": "Bitmap Index Scan",
                                            "Parent Relationship": "Outer",
                                            "Parallel Aware": false,
                                            "Index Name": "company_id_movie_companies",
                                            "Startup Cost": 0.0,
                                            "Total Cost": 8432.31,
                                            "Plan Rows": 393584,
                                            "Plan Width": 0,
                                            "Actual Startup Time": 39.389,
                                            "Actual Total Time": 39.389,
                                            "Actual Rows": 390999,
                                            "Actual Loops": 1,
                                            "Index Cond": "(mc.company_id < 235)"
                                        }
                                    ]
                                }
                            ]
                        }
                    ]
                }
            ]
        },
        "Planning Time": 319.37,
        "Triggers": [],
        "Execution Time": 107.238
    }
]