[
  {
    "Plan": {
      "Node Type": "Aggregate",
      "Strategy": "Plain",
      "Partial Mode": "Finalize",
      "Parallel Aware": false,
      "Startup Cost": 106244.84,
      "Total Cost": 106244.85,
      "Plan Rows": 1,
      "Plan Width": 8,
      "Actual Startup Time": 415.459,
      "Actual Total Time": 434.791,
      "Actual Rows": 1,
      "Actual Loops": 1,
      "Plans": [
        {
          "Node Type": "Gather",
          "Parent Relationship": "Outer",
          "Parallel Aware": false,
          "Startup Cost": 106244.62,
          "Total Cost": 106244.83,
          "Plan Rows": 2,
          "Plan Width": 8,
          "Actual Startup Time": 414.436,
          "Actual Total Time": 434.785,
          "Actual Rows": 3,
          "Actual Loops": 1,
          "Workers Planned": 2,
          "Workers Launched": 2,
          "Single Copy": false,
          "Plans": [
            {
              "Node Type": "Aggregate",
              "Strategy": "Plain",
              "Partial Mode": "Partial",
              "Parent Relationship": "Outer",
              "Parallel Aware": false,
              "Startup Cost": 105244.62,
              "Total Cost": 105244.63,
              "Plan Rows": 1,
              "Plan Width": 8,
              "Actual Startup Time": 406.23,
              "Actual Total Time": 406.235,
              "Actual Rows": 1,
              "Actual Loops": 3,
              "Plans": [
                {
                  "Node Type": "Hash Join",
                  "Parent Relationship": "Outer",
                  "Parallel Aware": true,
                  "Join Type": "Inner",
                  "Startup Cost": 89264.77,
                  "Total Cost": 105184.2,
                  "Plan Rows": 24170,
                  "Plan Width": 0,
                  "Actual Startup Time": 328.16,
                  "Actual Total Time": 403.486,
                  "Actual Rows": 68141,
                  "Actual Loops": 3,
                  "Inner Unique": false,
                  "Hash Cond": "(mi_idx.movie_id = t.id)",
                  "Plans": [
                    {
                      "Node Type": "Seq Scan",
                      "Parent Relationship": "Outer",
                      "Parallel Aware": true,
                      "Relation Name": "movie_info_idx",
                      "Alias": "mi_idx",
                      "Startup Cost": 0.0,
                      "Total Cost": 13685.15,
                      "Plan Rows": 575015,
                      "Plan Width": 4,
                      "Actual Startup Time": 0.028,
                      "Actual Total Time": 34.47,
                      "Actual Rows": 460012,
                      "Actual Loops": 3
                    },
                    {
                      "Node Type": "Hash",
                      "Parent Relationship": "Inner",
                      "Parallel Aware": true,
                      "Startup Cost": 88836.25,
                      "Total Cost": 88836.25,
                      "Plan Rows": 34282,
                      "Plan Width": 8,
                      "Actual Startup Time": 325.081,
                      "Actual Total Time": 325.085,
                      "Actual Rows": 32745,
                      "Actual Loops": 3,
                      "Hash Buckets": 131072,
                      "Original Hash Buckets": 131072,
                      "Hash Batches": 1,
                      "Original Hash Batches": 1,
                      "Peak Memory Usage": 4928,
                      "Plans": [
                        {
                          "Node Type": "Hash Join",
                          "Parent Relationship": "Outer",
                          "Parallel Aware": true,
                          "Join Type": "Inner",
                          "Startup Cost": 44281.32,
                          "Total Cost": 88836.25,
                          "Plan Rows": 34282,
                          "Plan Width": 8,
                          "Actual Startup Time": 124.415,
                          "Actual Total Time": 317.968,
                          "Actual Rows": 32745,
                          "Actual Loops": 3,
                          "Inner Unique": true,
                          "Hash Cond": "(mk.movie_id = t.id)",
                          "Plans": [
                            {
                              "Node Type": "Seq Scan",
                              "Parent Relationship": "Outer",
                              "Parallel Aware": true,
                              "Relation Name": "movie_keyword",
                              "Alias": "mk",
                              "Startup Cost": 0.0,
                              "Total Cost": 42695.65,
                              "Plan Rows": 708297,
                              "Plan Width": 4,
                              "Actual Startup Time": 0.373,
                              "Actual Total Time": 132.352,
                              "Actual Rows": 731520,
                              "Actual Loops": 3,
                              "Filter": "(keyword_id > 5117)",
                              "Rows Removed by Filter": 776457
                            },
                            {
                              "Node Type": "Hash",
                              "Parent Relationship": "Inner",
                              "Parallel Aware": true,
                              "Startup Cost": 43898.92,
                              "Total Cost": 43898.92,
                              "Plan Rows": 30592,
                              "Plan Width": 4,
                              "Actual Startup Time": 123.063,
                              "Actual Total Time": 123.064,
                              "Actual Rows": 40954,
                              "Actual Loops": 3,
                              "Hash Buckets": 131072,
                              "Original Hash Buckets": 131072,
                              "Hash Batches": 1,
                              "Original Hash Batches": 1,
                              "Peak Memory Usage": 5888,
                              "Plans": [
                                {
                                  "Node Type": "Seq Scan",
                                  "Parent Relationship": "Outer",
                                  "Parallel Aware": true,
                                  "Relation Name": "title",
                                  "Alias": "t",
                                  "Startup Cost": 0.0,
                                  "Total Cost": 43898.92,
                                  "Plan Rows": 30592,
                                  "Plan Width": 4,
                                  "Actual Startup Time": 0.036,
                                  "Actual Total Time": 108.628,
                                  "Actual Rows": 40954,
                                  "Actual Loops": 3,
                                  "Filter": "(production_year = 2008)",
                                  "Rows Removed by Filter": 801817
                                }
                              ]
                            }
                          ]
                        }
                      ]
                    }
                  ]
                }
              ]
            }
          ]
        }
      ]
    },
    "Planning Time": 1.324,
    "Triggers": [],
    "Execution Time": 434.874
  }
]