[
  {
    "Plan": {
      "Node Type": "Aggregate",
      "Strategy": "Plain",
      "Partial Mode": "Finalize",
      "Parallel Aware": false,
      "Startup Cost": 122418.33,
      "Total Cost": 122418.34,
      "Plan Rows": 1,
      "Plan Width": 8,
      "Actual Startup Time": 191.676,
      "Actual Total Time": 202.724,
      "Actual Rows": 1,
      "Actual Loops": 1,
      "Plans": [
        {
          "Node Type": "Gather",
          "Parent Relationship": "Outer",
          "Parallel Aware": false,
          "Startup Cost": 122417.81,
          "Total Cost": 122418.32,
          "Plan Rows": 5,
          "Plan Width": 8,
          "Actual Startup Time": 191.583,
          "Actual Total Time": 202.718,
          "Actual Rows": 6,
          "Actual Loops": 1,
          "Workers Planned": 5,
          "Workers Launched": 5,
          "Single Copy": false,
          "Plans": [
            {
              "Node Type": "Aggregate",
              "Strategy": "Plain",
              "Partial Mode": "Partial",
              "Parent Relationship": "Outer",
              "Parallel Aware": false,
              "Startup Cost": 121417.81,
              "Total Cost": 121417.82,
              "Plan Rows": 1,
              "Plan Width": 8,
              "Actual Startup Time": 181.912,
              "Actual Total Time": 181.913,
              "Actual Rows": 1,
              "Actual Loops": 6,
              "Plans": [
                {
                  "Node Type": "Index Scan",
                  "Parent Relationship": "Outer",
                  "Parallel Aware": true,
                  "Scan Direction": "Forward",
                  "Index Name": "role_id_cast_info",
                  "Relation Name": "cast_info",
                  "Alias": "ci",
                  "Startup Cost": 0.56,
                  "Total Cost": 119623.46,
                  "Plan Rows": 717742,
                  "Plan Width": 0,
                  "Actual Startup Time": 0.216,
                  "Actual Total Time": 166.777,
                  "Actual Rows": 268051,
                  "Actual Loops": 6,
                  "Index Cond": "(role_id = 10)",
                  "Rows Removed by Index Recheck": 0,
                  "Filter": "(person_id < 3014664)",
                  "Rows Removed by Filter": 452452
                }
              ]
            }
          ]
        }
      ]
    },
    "Planning Time": 0.137,
    "Triggers": [],
    "Execution Time": 202.766
  }
]