[
    {
        "Bao": {
            "Bao prediction": "NaN",
            "Bao recommended hint": "(no hint)"
        }
    },
    {
        "Plan": {
            "Node Type": "Aggregate",
            "Strategy": "Plain",
            "Partial Mode": "Finalize",
            "Parallel Aware": false,
            "Startup Cost": 46923.56,
            "Total Cost": 46923.57,
            "Plan Rows": 1,
            "Plan Width": 8,
            "Actual Startup Time": 167.108,
            "Actual Total Time": 175.02,
            "Actual Rows": 1,
            "Actual Loops": 1,
            "Output": [
                "count(*)"
            ],
            "Plans": [
                {
                    "Node Type": "Gather",
                    "Parent Relationship": "Outer",
                    "Parallel Aware": false,
                    "Startup Cost": 46923.25,
                    "Total Cost": 46923.56,
                    "Plan Rows": 3,
                    "Plan Width": 8,
                    "Actual Startup Time": 167.019,
                    "Actual Total Time": 175.014,
                    "Actual Rows": 4,
                    "Actual Loops": 1,
                    "Output": [
                        "(PARTIAL count(*))"
                    ],
                    "Workers Planned": 3,
                    "Workers Launched": 3,
                    "Single Copy": false,
                    "Plans": [
                        {
                            "Node Type": "Aggregate",
                            "Strategy": "Plain",
                            "Partial Mode": "Partial",
                            "Parent Relationship": "Outer",
                            "Parallel Aware": false,
                            "Startup Cost": 45923.25,
                            "Total Cost": 45923.26,
                            "Plan Rows": 1,
                            "Plan Width": 8,
                            "Actual Startup Time": 160.163,
                            "Actual Total Time": 160.164,
                            "Actual Rows": 1,
                            "Actual Loops": 4,
                            "Output": [
                                "PARTIAL count(*)"
                            ],
                            "Workers": [
                                {
                                    "Worker Number": 0,
                                    "Actual Startup Time": 161.277,
                                    "Actual Total Time": 161.278,
                                    "Actual Rows": 1,
                                    "Actual Loops": 1
                                },
                                {
                                    "Worker Number": 1,
                                    "Actual Startup Time": 156.362,
                                    "Actual Total Time": 156.363,
                                    "Actual Rows": 1,
                                    "Actual Loops": 1
                                },
                                {
                                    "Worker Number": 2,
                                    "Actual Startup Time": 156.582,
                                    "Actual Total Time": 156.583,
                                    "Actual Rows": 1,
                                    "Actual Loops": 1
                                }
                            ],
                            "Plans": [
                                {
                                    "Node Type": "Seq Scan",
                                    "Parent Relationship": "Outer",
                                    "Parallel Aware": true,
                                    "Relation Name": "movie_keyword",
                                    "Schema": "public",
                                    "Alias": "mk",
                                    "Startup Cost": 0.0,
                                    "Total Cost": 42695.65,
                                    "Plan Rows": 1291037,
                                    "Plan Width": 0,
                                    "Actual Startup Time": 0.065,
                                    "Actual Total Time": 114.434,
                                    "Actual Rows": 1001433,
                                    "Actual Loops": 4,
                                    "Output": [
                                        "id",
                                        "movie_id",
                                        "keyword_id"
                                    ],
                                    "Filter": "(mk.keyword_id > 377)",
                                    "Rows Removed by Filter": 129550,
                                    "Workers": [
                                        {
                                            "Worker Number": 0,
                                            "Actual Startup Time": 0.023,
                                            "Actual Total Time": 116.535,
                                            "Actual Rows": 1062968,
                                            "Actual Loops": 1
                                        },
                                        {
                                            "Worker Number": 1,
                                            "Actual Startup Time": 0.06,
                                            "Actual Total Time": 112.724,
                                            "Actual Rows": 916044,
                                            "Actual Loops": 1
                                        },
                                        {
                                            "Worker Number": 2,
                                            "Actual Startup Time": 0.051,
                                            "Actual Total Time": 112.798,
                                            "Actual Rows": 917421,
                                            "Actual Loops": 1
                                        }
                                    ]
                                }
                            ]
                        }
                    ]
                }
            ]
        },
        "Planning Time": 257.587,
        "Triggers": [],
        "Execution Time": 175.101
    }
]