[
  {
    "Plan": {
      "Node Type": "Aggregate",
      "Strategy": "Plain",
      "Partial Mode": "Finalize",
      "Parallel Aware": false,
      "Startup Cost": 141779.07,
      "Total Cost": 141779.08,
      "Plan Rows": 1,
      "Plan Width": 8,
      "Actual Startup Time": 401.873,
      "Actual Total Time": 443.333,
      "Actual Rows": 1,
      "Actual Loops": 1,
      "Plans": [
        {
          "Node Type": "Gather",
          "Parent Relationship": "Outer",
          "Parallel Aware": false,
          "Startup Cost": 141778.75,
          "Total Cost": 141779.06,
          "Plan Rows": 3,
          "Plan Width": 8,
          "Actual Startup Time": 400.007,
          "Actual Total Time": 443.324,
          "Actual Rows": 4,
          "Actual Loops": 1,
          "Workers Planned": 3,
          "Workers Launched": 3,
          "Single Copy": false,
          "Plans": [
            {
              "Node Type": "Aggregate",
              "Strategy": "Plain",
              "Partial Mode": "Partial",
              "Parent Relationship": "Outer",
              "Parallel Aware": false,
              "Startup Cost": 140778.75,
              "Total Cost": 140778.76,
              "Plan Rows": 1,
              "Plan Width": 8,
              "Actual Startup Time": 391.031,
              "Actual Total Time": 391.035,
              "Actual Rows": 1,
              "Actual Loops": 4,
              "Plans": [
                {
                  "Node Type": "Nested Loop",
                  "Parent Relationship": "Outer",
                  "Parallel Aware": false,
                  "Join Type": "Inner",
                  "Startup Cost": 44951.54,
                  "Total Cost": 140752.02,
                  "Plan Rows": 10694,
                  "Plan Width": 0,
                  "Actual Startup Time": 164.04,
                  "Actual Total Time": 389.648,
                  "Actual Rows": 13729,
                  "Actual Loops": 4,
                  "Inner Unique": false,
                  "Join Filter": "(t.id = mi.movie_id)",
                  "Rows Removed by Join Filter": 0,
                  "Plans": [
                    {
                      "Node Type": "Hash Join",
                      "Parent Relationship": "Outer",
                      "Parallel Aware": true,
                      "Join Type": "Inner",
                      "Startup Cost": 44951.11,
                      "Total Cost": 76771.59,
                      "Plan Rows": 20572,
                      "Plan Width": 8,
                      "Actual Startup Time": 163.898,
                      "Actual Total Time": 219.501,
                      "Actual Rows": 14127,
                      "Actual Loops": 4,
                      "Inner Unique": true,
                      "Hash Cond": "(mc.movie_id = t.id)",
                      "Plans": [
                        {
                          "Node Type": "Seq Scan",
                          "Parent Relationship": "Outer",
                          "Parallel Aware": true,
                          "Relation Name": "movie_companies",
                          "Alias": "mc",
                          "Startup Cost": 0.0,
                          "Total Cost": 31414.82,
                          "Plan Rows": 154539,
                          "Plan Width": 4,
                          "Actual Startup Time": 32.465,
                          "Actual Total Time": 63.766,
                          "Actual Rows": 68800,
                          "Actual Loops": 4,
                          "Filter": "((company_id < 3451) AND (company_type_id = 2))",
                          "Rows Removed by Filter": 583482
                        },
                        {
                          "Node Type": "Hash",
                          "Parent Relationship": "Inner",
                          "Parallel Aware": true,
                          "Startup Cost": 43899.32,
                          "Total Cost": 43899.32,
                          "Plan Rows": 84143,
                          "Plan Width": 4,
                          "Actual Startup Time": 129.047,
                          "Actual Total Time": 129.048,
                          "Actual Rows": 88020,
                          "Actual Loops": 4,
                          "Hash Buckets": 524288,
                          "Original Hash Buckets": 524288,
                          "Hash Batches": 1,
                          "Original Hash Batches": 1,
                          "Peak Memory Usage": 17920,
                          "Plans": [
                            {
                              "Node Type": "Seq Scan",
                              "Parent Relationship": "Outer",
                              "Parallel Aware": true,
                              "Relation Name": "title",
                              "Alias": "t",
                              "Startup Cost": 0.0,
                              "Total Cost": 43899.32,
                              "Plan Rows": 84143,
                              "Plan Width": 4,
                              "Actual Startup Time": 0.072,
                              "Actual Total Time": 98.083,
                              "Actual Rows": 88020,
                              "Actual Loops": 4,
                              "Filter": "(production_year < 1969)",
                              "Rows Removed by Filter": 544058
                            }
                          ]
                        }
                      ]
                    },
                    {
                      "Node Type": "Index Scan",
                      "Parent Relationship": "Inner",
                      "Parallel Aware": false,
                      "Scan Direction": "Forward",
                      "Index Name": "movie_id_movie_info",
                      "Relation Name": "movie_info",
                      "Alias": "mi",
                      "Startup Cost": 0.43,
                      "Total Cost": 3.06,
                      "Plan Rows": 4,
                      "Plan Width": 4,
                      "Actual Startup Time": 0.01,
                      "Actual Total Time": 0.012,
                      "Actual Rows": 1,
                      "Actual Loops": 56508,
                      "Index Cond": "(movie_id = mc.movie_id)",
                      "Rows Removed by Index Recheck": 0,
                      "Filter": "(info_type_id = 2)",
                      "Rows Removed by Filter": 12
                    }
                  ]
                }
              ]
            }
          ]
        }
      ]
    },
    "Planning Time": 0.77,
    "Triggers": [],
    "Execution Time": 443.397
  }
]