{
  "Plan": {
    "Node Type": "Aggregate",
    "Strategy": "Plain",
    "Partial Mode": "Finalize",
    "Parallel Aware": false,
    "Startup Cost": 643201.33,
    "Total Cost": 643201.34,
    "Plan Rows": 1,
    "Plan Width": 8,
    "Actual Startup Time": 5100.229,
    "Actual Total Time": 5152.351,
    "Actual Rows": 1,
    "Actual Loops": 1,
    "Plans": [
      {
        "Node Type": "Gather",
        "Parent Relationship": "Outer",
        "Parallel Aware": false,
        "Startup Cost": 643201.22,
        "Total Cost": 643201.33,
        "Plan Rows": 1,
        "Plan Width": 8,
        "Actual Startup Time": 5098.913,
        "Actual Total Time": 5152.345,
        "Actual Rows": 2,
        "Actual Loops": 1,
        "Workers Planned": 1,
        "Workers Launched": 1,
        "Single Copy": false,
        "Plans": [
          {
            "Node Type": "Aggregate",
            "Strategy": "Plain",
            "Partial Mode": "Partial",
            "Parent Relationship": "Outer",
            "Parallel Aware": false,
            "Startup Cost": 642201.22,
            "Total Cost": 642201.23,
            "Plan Rows": 1,
            "Plan Width": 8,
            "Actual Startup Time": 5096.373,
            "Actual Total Time": 5096.376,
            "Actual Rows": 1,
            "Actual Loops": 2,
            "Plans": [
              {
                "Node Type": "Hash Join",
                "Parent Relationship": "Outer",
                "Parallel Aware": true,
                "Join Type": "Inner",
                "Startup Cost": 64030.11,
                "Total Cost": 628800.73,
                "Plan Rows": 5360195,
                "Plan Width": 0,
                "Actual Startup Time": 380.211,
                "Actual Total Time": 4906.079,
                "Actual Rows": 4610170,
                "Actual Loops": 2,
                "Inner Unique": true,
                "Hash Cond": "(ci.movie_id = t.id)",
                "Plans": [
                  {
                    "Node Type": "Seq Scan",
                    "Parent Relationship": "Outer",
                    "Parallel Aware": true,
                    "Relation Name": "cast_info",
                    "Alias": "ci",
                    "Startup Cost": 0.0,
                    "Total Cost": 519069.44,
                    "Plan Rows": 17409945,
                    "Plan Width": 4,
                    "Actual Startup Time": 146.467,
                    "Actual Total Time": 1552.169,
                    "Actual Rows": 14707398,
                    "Actual Loops": 2,
                    "Filter": "(person_id > 660331)",
                    "Rows Removed by Filter": 3414774
                  },
                  {
                    "Node Type": "Hash",
                    "Parent Relationship": "Inner",
                    "Parallel Aware": true,
                    "Startup Cost": 58306.47,
                    "Total Cost": 58306.47,
                    "Plan Rows": 457891,
                    "Plan Width": 4,
                    "Actual Startup Time": 228.024,
                    "Actual Total Time": 228.025,
                    "Actual Rows": 341731,
                    "Actual Loops": 2,
                    "Hash Buckets": 1048576,
                    "Original Hash Buckets": 1048576,
                    "Hash Batches": 1,
                    "Original Hash Batches": 1,
                    "Peak Memory Usage": 34976,
                    "Plans": [
                      {
                        "Node Type": "Seq Scan",
                        "Parent Relationship": "Outer",
                        "Parallel Aware": true,
                        "Relation Name": "title",
                        "Alias": "t",
                        "Startup Cost": 0.0,
                        "Total Cost": 58306.47,
                        "Plan Rows": 457891,
                        "Plan Width": 4,
                        "Actual Startup Time": 0.02,
                        "Actual Total Time": 143.872,
                        "Actual Rows": 341731,
                        "Actual Loops": 2,
                        "Filter": "((kind_id < 7) AND (production_year > 1977))",
                        "Rows Removed by Filter": 922425
                      }
                    ]
                  }
                ]
              }
            ]
          }
        ]
      }
    ]
  },
  "Planning Time": 0.381,
  "Triggers": [],
  "Execution Time": 5152.4
}