[
  {
    "Plan": {
      "Node Type": "Aggregate",
      "Strategy": "Plain",
      "Partial Mode": "Finalize",
      "Parallel Aware": false,
      "Startup Cost": 31077.63,
      "Total Cost": 31077.64,
      "Plan Rows": 1,
      "Plan Width": 8,
      "Actual Startup Time": 83.997,
      "Actual Total Time": 89.49,
      "Actual Rows": 1,
      "Actual Loops": 1,
      "Plans": [
        {
          "Node Type": "Gather",
          "Parent Relationship": "Outer",
          "Parallel Aware": false,
          "Startup Cost": 31077.31,
          "Total Cost": 31077.62,
          "Plan Rows": 3,
          "Plan Width": 8,
          "Actual Startup Time": 83.898,
          "Actual Total Time": 89.483,
          "Actual Rows": 4,
          "Actual Loops": 1,
          "Workers Planned": 3,
          "Workers Launched": 3,
          "Single Copy": false,
          "Plans": [
            {
              "Node Type": "Aggregate",
              "Strategy": "Plain",
              "Partial Mode": "Partial",
              "Parent Relationship": "Outer",
              "Parallel Aware": false,
              "Startup Cost": 30077.31,
              "Total Cost": 30077.32,
              "Plan Rows": 1,
              "Plan Width": 8,
              "Actual Startup Time": 78.672,
              "Actual Total Time": 78.673,
              "Actual Rows": 1,
              "Actual Loops": 4,
              "Plans": [
                {
                  "Node Type": "Seq Scan",
                  "Parent Relationship": "Outer",
                  "Parallel Aware": true,
                  "Relation Name": "movie_companies",
                  "Alias": "mc",
                  "Startup Cost": 0.0,
                  "Total Cost": 29310.68,
                  "Plan Rows": 306653,
                  "Plan Width": 0,
                  "Actual Startup Time": 17.558,
                  "Actual Total Time": 68.768,
                  "Actual Rows": 240488,
                  "Actual Loops": 4,
                  "Filter": "(company_id > 18025)",
                  "Rows Removed by Filter": 411794
                }
              ]
            }
          ]
        }
      ]
    },
    "Planning Time": 0.187,
    "Triggers": [],
    "Execution Time": 89.545
  }
]