[
    {
        "Bao": {
            "Bao prediction": "NaN",
            "Bao recommended hint": "(no hint)"
        }
    },
    {
        "Plan": {
            "Node Type": "Aggregate",
            "Strategy": "Plain",
            "Partial Mode": "Finalize",
            "Parallel Aware": false,
            "Startup Cost": 29870.57,
            "Total Cost": 29870.58,
            "Plan Rows": 1,
            "Plan Width": 8,
            "Actual Startup Time": 82.947,
            "Actual Total Time": 87.917,
            "Actual Rows": 1,
            "Actual Loops": 1,
            "Output": [
                "count(*)"
            ],
            "Plans": [
                {
                    "Node Type": "Gather",
                    "Parent Relationship": "Outer",
                    "Parallel Aware": false,
                    "Startup Cost": 29870.26,
                    "Total Cost": 29870.57,
                    "Plan Rows": 3,
                    "Plan Width": 8,
                    "Actual Startup Time": 82.681,
                    "Actual Total Time": 87.908,
                    "Actual Rows": 4,
                    "Actual Loops": 1,
                    "Output": [
                        "(PARTIAL count(*))"
                    ],
                    "Workers Planned": 3,
                    "Workers Launched": 3,
                    "Single Copy": false,
                    "Plans": [
                        {
                            "Node Type": "Aggregate",
                            "Strategy": "Plain",
                            "Partial Mode": "Partial",
                            "Parent Relationship": "Outer",
                            "Parallel Aware": false,
                            "Startup Cost": 28870.26,
                            "Total Cost": 28870.27,
                            "Plan Rows": 1,
                            "Plan Width": 8,
                            "Actual Startup Time": 74.039,
                            "Actual Total Time": 74.04,
                            "Actual Rows": 1,
                            "Actual Loops": 4,
                            "Output": [
                                "PARTIAL count(*)"
                            ],
                            "Workers": [
                                {
                                    "Worker Number": 0,
                                    "Actual Startup Time": 70.909,
                                    "Actual Total Time": 70.911,
                                    "Actual Rows": 1,
                                    "Actual Loops": 1
                                },
                                {
                                    "Worker Number": 1,
                                    "Actual Startup Time": 71.168,
                                    "Actual Total Time": 71.169,
                                    "Actual Rows": 1,
                                    "Actual Loops": 1
                                },
                                {
                                    "Worker Number": 2,
                                    "Actual Startup Time": 71.669,
                                    "Actual Total Time": 71.671,
                                    "Actual Rows": 1,
                                    "Actual Loops": 1
                                }
                            ],
                            "Plans": [
                                {
                                    "Node Type": "Bitmap Heap Scan",
                                    "Parent Relationship": "Outer",
                                    "Parallel Aware": true,
                                    "Relation Name": "movie_companies",
                                    "Schema": "public",
                                    "Alias": "mc",
                                    "Startup Cost": 8239.96,
                                    "Total Cost": 28563.54,
                                    "Plan Rows": 122686,
                                    "Plan Width": 0,
                                    "Actual Startup Time": 19.853,
                                    "Actual Total Time": 67.712,
                                    "Actual Rows": 94156,
                                    "Actual Loops": 4,
                                    "Recheck Cond": "(mc.company_id < 225)",
                                    "Rows Removed by Index Recheck": 0,
                                    "Exact Heap Blocks": 9768,
                                    "Lossy Heap Blocks": 0,
                                    "Workers": [
                                        {
                                            "Worker Number": 0,
                                            "Actual Startup Time": 16.752,
                                            "Actual Total Time": 65.287,
                                            "Actual Rows": 55706,
                                            "Actual Loops": 1
                                        },
                                        {
                                            "Worker Number": 1,
                                            "Actual Startup Time": 17.147,
                                            "Actual Total Time": 65.87,
                                            "Actual Rows": 48298,
                                            "Actual Loops": 1
                                        },
                                        {
                                            "Worker Number": 2,
                                            "Actual Startup Time": 17.533,
                                            "Actual Total Time": 66.004,
                                            "Actual Rows": 48621,
                                            "Actual Loops": 1
                                        }
                                    ],
                                    "Plans": [
                                        {
                                            "Node Type": "Bitmap Index Scan",
                                            "Parent Relationship": "Outer",
                                            "Parallel Aware": false,
                                            "Index Name": "company_id_movie_companies",
                                            "Startup Cost": 0.0,
                                            "Total Cost": 8144.88,
                                            "Plan Rows": 380327,
                                            "Plan Width": 0,
                                            "Actual Startup Time": 25.274,
                                            "Actual Total Time": 25.274,
                                            "Actual Rows": 376622,
                                            "Actual Loops": 1,
                                            "Index Cond": "(mc.company_id < 225)"
                                        }
                                    ]
                                }
                            ]
                        }
                    ]
                }
            ]
        },
        "Planning Time": 189.129,
        "Triggers": [],
        "Execution Time": 87.975
    }
]