[
  {
    "Plan": {
      "Node Type": "Aggregate",
      "Strategy": "Plain",
      "Partial Mode": "Finalize",
      "Parallel Aware": false,
      "Startup Cost": 46975.75,
      "Total Cost": 46975.76,
      "Plan Rows": 1,
      "Plan Width": 8,
      "Actual Startup Time": 222.473,
      "Actual Total Time": 234.513,
      "Actual Rows": 1,
      "Actual Loops": 1,
      "Plans": [
        {
          "Node Type": "Gather",
          "Parent Relationship": "Outer",
          "Parallel Aware": false,
          "Startup Cost": 46975.44,
          "Total Cost": 46975.75,
          "Plan Rows": 3,
          "Plan Width": 8,
          "Actual Startup Time": 222.342,
          "Actual Total Time": 234.506,
          "Actual Rows": 4,
          "Actual Loops": 1,
          "Workers Planned": 3,
          "Workers Launched": 3,
          "Single Copy": false,
          "Plans": [
            {
              "Node Type": "Aggregate",
              "Strategy": "Plain",
              "Partial Mode": "Partial",
              "Parent Relationship": "Outer",
              "Parallel Aware": false,
              "Startup Cost": 45975.44,
              "Total Cost": 45975.45,
              "Plan Rows": 1,
              "Plan Width": 8,
              "Actual Startup Time": 213.567,
              "Actual Total Time": 213.568,
              "Actual Rows": 1,
              "Actual Loops": 4,
              "Plans": [
                {
                  "Node Type": "Seq Scan",
                  "Parent Relationship": "Outer",
                  "Parallel Aware": true,
                  "Relation Name": "movie_keyword",
                  "Alias": "mk",
                  "Startup Cost": 0.0,
                  "Total Cost": 42695.65,
                  "Plan Rows": 1311913,
                  "Plan Width": 0,
                  "Actual Startup Time": 0.06,
                  "Actual Total Time": 153.891,
                  "Actual Rows": 1017874,
                  "Actual Loops": 4,
                  "Filter": "(keyword_id < 39133)",
                  "Rows Removed by Filter": 113109
                }
              ]
            }
          ]
        }
      ]
    },
    "Planning Time": 0.146,
    "Triggers": [],
    "Execution Time": 234.56
  }
]