[
  {
    "Plan": {
      "Node Type": "Aggregate",
      "Strategy": "Plain",
      "Partial Mode": "Finalize",
      "Parallel Aware": false,
      "Startup Cost": 251823.99,
      "Total Cost": 251824.0,
      "Plan Rows": 1,
      "Plan Width": 8,
      "Actual Startup Time": 673.548,
      "Actual Total Time": 721.672,
      "Actual Rows": 1,
      "Actual Loops": 1,
      "Plans": [
        {
          "Node Type": "Gather",
          "Parent Relationship": "Outer",
          "Parallel Aware": false,
          "Startup Cost": 251823.47,
          "Total Cost": 251823.98,
          "Plan Rows": 5,
          "Plan Width": 8,
          "Actual Startup Time": 672.739,
          "Actual Total Time": 721.663,
          "Actual Rows": 6,
          "Actual Loops": 1,
          "Workers Planned": 5,
          "Workers Launched": 5,
          "Single Copy": false,
          "Plans": [
            {
              "Node Type": "Aggregate",
              "Strategy": "Plain",
              "Partial Mode": "Partial",
              "Parent Relationship": "Outer",
              "Parallel Aware": false,
              "Startup Cost": 250823.47,
              "Total Cost": 250823.48,
              "Plan Rows": 1,
              "Plan Width": 8,
              "Actual Startup Time": 665.599,
              "Actual Total Time": 665.603,
              "Actual Rows": 1,
              "Actual Loops": 6,
              "Plans": [
                {
                  "Node Type": "Hash Join",
                  "Parent Relationship": "Outer",
                  "Parallel Aware": true,
                  "Join Type": "Inner",
                  "Startup Cost": 44059.72,
                  "Total Cost": 250678.27,
                  "Plan Rows": 58080,
                  "Plan Width": 0,
                  "Actual Startup Time": 83.766,
                  "Actual Total Time": 663.128,
                  "Actual Rows": 39498,
                  "Actual Loops": 6,
                  "Inner Unique": true,
                  "Hash Cond": "(mi.movie_id = t.id)",
                  "Plans": [
                    {
                      "Node Type": "Seq Scan",
                      "Parent Relationship": "Outer",
                      "Parallel Aware": true,
                      "Relation Name": "movie_info",
                      "Alias": "mi",
                      "Startup Cost": 0.0,
                      "Total Cost": 199108.24,
                      "Plan Rows": 2861065,
                      "Plan Width": 4,
                      "Actual Startup Time": 0.038,
                      "Actual Total Time": 362.574,
                      "Actual Rows": 2382059,
                      "Actual Loops": 6,
                      "Filter": "(info_type_id < 102)",
                      "Rows Removed by Filter": 90561
                    },
                    {
                      "Node Type": "Hash",
                      "Parent Relationship": "Inner",
                      "Parallel Aware": true,
                      "Startup Cost": 43899.32,
                      "Total Cost": 43899.32,
                      "Plan Rows": 12832,
                      "Plan Width": 4,
                      "Actual Startup Time": 82.142,
                      "Actual Total Time": 82.143,
                      "Actual Rows": 7764,
                      "Actual Loops": 6,
                      "Hash Buckets": 65536,
                      "Original Hash Buckets": 65536,
                      "Hash Batches": 1,
                      "Original Hash Batches": 1,
                      "Peak Memory Usage": 2464,
                      "Plans": [
                        {
                          "Node Type": "Seq Scan",
                          "Parent Relationship": "Outer",
                          "Parallel Aware": true,
                          "Relation Name": "title",
                          "Alias": "t",
                          "Startup Cost": 0.0,
                          "Total Cost": 43899.32,
                          "Plan Rows": 12832,
                          "Plan Width": 4,
                          "Actual Startup Time": 0.04,
                          "Actual Total Time": 77.938,
                          "Actual Rows": 7764,
                          "Actual Loops": 6,
                          "Filter": "(production_year = 1998)",
                          "Rows Removed by Filter": 413622
                        }
                      ]
                    }
                  ]
                }
              ]
            }
          ]
        }
      ]
    },
    "Planning Time": 0.66,
    "Triggers": [],
    "Execution Time": 721.754
  }
]