[
  {
    "Plan": {
      "Node Type": "Aggregate",
      "Strategy": "Plain",
      "Partial Mode": "Finalize",
      "Parallel Aware": false,
      "Startup Cost": 45527.11,
      "Total Cost": 45527.12,
      "Plan Rows": 1,
      "Plan Width": 8,
      "Actual Startup Time": 146.15,
      "Actual Total Time": 155.366,
      "Actual Rows": 1,
      "Actual Loops": 1,
      "Plans": [
        {
          "Node Type": "Gather",
          "Parent Relationship": "Outer",
          "Parallel Aware": false,
          "Startup Cost": 45526.8,
          "Total Cost": 45527.11,
          "Plan Rows": 3,
          "Plan Width": 8,
          "Actual Startup Time": 146.013,
          "Actual Total Time": 155.356,
          "Actual Rows": 4,
          "Actual Loops": 1,
          "Workers Planned": 3,
          "Workers Launched": 3,
          "Single Copy": false,
          "Plans": [
            {
              "Node Type": "Aggregate",
              "Strategy": "Plain",
              "Partial Mode": "Partial",
              "Parent Relationship": "Outer",
              "Parallel Aware": false,
              "Startup Cost": 44526.8,
              "Total Cost": 44526.81,
              "Plan Rows": 1,
              "Plan Width": 8,
              "Actual Startup Time": 139.16,
              "Actual Total Time": 139.161,
              "Actual Rows": 1,
              "Actual Loops": 4,
              "Plans": [
                {
                  "Node Type": "Seq Scan",
                  "Parent Relationship": "Outer",
                  "Parallel Aware": true,
                  "Relation Name": "movie_keyword",
                  "Alias": "mk",
                  "Startup Cost": 0.0,
                  "Total Cost": 42695.65,
                  "Plan Rows": 732457,
                  "Plan Width": 0,
                  "Actual Startup Time": 0.062,
                  "Actual Total Time": 113.172,
                  "Actual Rows": 567752,
                  "Actual Loops": 4,
                  "Filter": "(keyword_id < 4776)",
                  "Rows Removed by Filter": 563230
                }
              ]
            }
          ]
        }
      ]
    },
    "Planning Time": 0.174,
    "Triggers": [],
    "Execution Time": 155.422
  }
]