[
  {
    "Plan": {
      "Node Type": "Aggregate",
      "Strategy": "Plain",
      "Partial Mode": "Finalize",
      "Parallel Aware": false,
      "Startup Cost": 213051.91,
      "Total Cost": 213051.92,
      "Plan Rows": 1,
      "Plan Width": 8,
      "Actual Startup Time": 127.997,
      "Actual Total Time": 138.707,
      "Actual Rows": 1,
      "Actual Loops": 1,
      "Plans": [
        {
          "Node Type": "Gather",
          "Parent Relationship": "Outer",
          "Parallel Aware": false,
          "Startup Cost": 213051.39,
          "Total Cost": 213051.9,
          "Plan Rows": 5,
          "Plan Width": 8,
          "Actual Startup Time": 126.185,
          "Actual Total Time": 138.608,
          "Actual Rows": 6,
          "Actual Loops": 1,
          "Workers Planned": 5,
          "Workers Launched": 5,
          "Single Copy": false,
          "Plans": [
            {
              "Node Type": "Aggregate",
              "Strategy": "Plain",
              "Partial Mode": "Partial",
              "Parent Relationship": "Outer",
              "Parallel Aware": false,
              "Startup Cost": 212051.39,
              "Total Cost": 212051.4,
              "Plan Rows": 1,
              "Plan Width": 8,
              "Actual Startup Time": 116.055,
              "Actual Total Time": 116.058,
              "Actual Rows": 1,
              "Actual Loops": 6,
              "Plans": [
                {
                  "Node Type": "Hash Join",
                  "Parent Relationship": "Outer",
                  "Parallel Aware": true,
                  "Join Type": "Inner",
                  "Startup Cost": 48675.12,
                  "Total Cost": 212045.45,
                  "Plan Rows": 2373,
                  "Plan Width": 0,
                  "Actual Startup Time": 104.834,
                  "Actual Total Time": 116.049,
                  "Actual Rows": 5,
                  "Actual Loops": 6,
                  "Inner Unique": true,
                  "Hash Cond": "(mi.movie_id = t.id)",
                  "Plans": [
                    {
                      "Node Type": "Bitmap Heap Scan",
                      "Parent Relationship": "Outer",
                      "Parallel Aware": true,
                      "Relation Name": "movie_info",
                      "Alias": "mi",
                      "Startup Cost": 2521.42,
                      "Total Cost": 165818.8,
                      "Plan Rows": 27793,
                      "Plan Width": 4,
                      "Actual Startup Time": 6.859,
                      "Actual Total Time": 17.087,
                      "Actual Rows": 20310,
                      "Actual Loops": 6,
                      "Recheck Cond": "(info_type_id = 105)",
                      "Rows Removed by Index Recheck": 0,
                      "Exact Heap Blocks": 1116,
                      "Lossy Heap Blocks": 0,
                      "Plans": [
                        {
                          "Node Type": "Bitmap Index Scan",
                          "Parent Relationship": "Outer",
                          "Parallel Aware": false,
                          "Index Name": "info_type_id_movie_info",
                          "Startup Cost": 0.0,
                          "Total Cost": 2486.68,
                          "Plan Rows": 138966,
                          "Plan Width": 0,
                          "Actual Startup Time": 5.818,
                          "Actual Total Time": 5.819,
                          "Actual Rows": 121863,
                          "Actual Loops": 1,
                          "Index Cond": "(info_type_id = 105)"
                        }
                      ]
                    },
                    {
                      "Node Type": "Hash",
                      "Parent Relationship": "Inner",
                      "Parallel Aware": true,
                      "Startup Cost": 45479.1,
                      "Total Cost": 45479.1,
                      "Plan Rows": 53968,
                      "Plan Width": 4,
                      "Actual Startup Time": 91.476,
                      "Actual Total Time": 91.477,
                      "Actual Rows": 20131,
                      "Actual Loops": 6,
                      "Hash Buckets": 262144,
                      "Original Hash Buckets": 262144,
                      "Hash Batches": 1,
                      "Original Hash Batches": 1,
                      "Peak Memory Usage": 6816,
                      "Plans": [
                        {
                          "Node Type": "Seq Scan",
                          "Parent Relationship": "Outer",
                          "Parallel Aware": true,
                          "Relation Name": "title",
                          "Alias": "t",
                          "Startup Cost": 0.0,
                          "Total Cost": 45479.1,
                          "Plan Rows": 53968,
                          "Plan Width": 4,
                          "Actual Startup Time": 0.041,
                          "Actual Total Time": 81.525,
                          "Actual Rows": 20131,
                          "Actual Loops": 6,
                          "Filter": "((production_year < 1970) AND (kind_id = 7))",
                          "Rows Removed by Filter": 401254
                        }
                      ]
                    }
                  ]
                }
              ]
            }
          ]
        }
      ]
    },
    "Planning Time": 0.651,
    "Triggers": [],
    "Execution Time": 138.802
  }
]