[
    {
        "Bao": {
            "Bao prediction": "NaN",
            "Bao recommended hint": "(no hint)"
        }
    },
    {
        "Plan": {
            "Node Type": "Aggregate",
            "Strategy": "Plain",
            "Partial Mode": "Finalize",
            "Parallel Aware": false,
            "Startup Cost": 187105.32,
            "Total Cost": 187105.33,
            "Plan Rows": 1,
            "Plan Width": 8,
            "Actual Startup Time": 146.263,
            "Actual Total Time": 155.304,
            "Actual Rows": 1,
            "Actual Loops": 1,
            "Output": [
                "count(*)"
            ],
            "Plans": [
                {
                    "Node Type": "Gather",
                    "Parent Relationship": "Outer",
                    "Parallel Aware": false,
                    "Startup Cost": 187104.8,
                    "Total Cost": 187105.31,
                    "Plan Rows": 5,
                    "Plan Width": 8,
                    "Actual Startup Time": 145.42,
                    "Actual Total Time": 155.295,
                    "Actual Rows": 6,
                    "Actual Loops": 1,
                    "Output": [
                        "(PARTIAL count(*))"
                    ],
                    "Workers Planned": 5,
                    "Workers Launched": 5,
                    "Single Copy": false,
                    "Plans": [
                        {
                            "Node Type": "Aggregate",
                            "Strategy": "Plain",
                            "Partial Mode": "Partial",
                            "Parent Relationship": "Outer",
                            "Parallel Aware": false,
                            "Startup Cost": 186104.8,
                            "Total Cost": 186104.81,
                            "Plan Rows": 1,
                            "Plan Width": 8,
                            "Actual Startup Time": 135.475,
                            "Actual Total Time": 135.477,
                            "Actual Rows": 1,
                            "Actual Loops": 6,
                            "Output": [
                                "PARTIAL count(*)"
                            ],
                            "Workers": [
                                {
                                    "Worker Number": 0,
                                    "Actual Startup Time": 132.912,
                                    "Actual Total Time": 132.913,
                                    "Actual Rows": 1,
                                    "Actual Loops": 1
                                },
                                {
                                    "Worker Number": 1,
                                    "Actual Startup Time": 133.16,
                                    "Actual Total Time": 133.162,
                                    "Actual Rows": 1,
                                    "Actual Loops": 1
                                },
                                {
                                    "Worker Number": 2,
                                    "Actual Startup Time": 133.349,
                                    "Actual Total Time": 133.35,
                                    "Actual Rows": 1,
                                    "Actual Loops": 1
                                },
                                {
                                    "Worker Number": 3,
                                    "Actual Startup Time": 133.864,
                                    "Actual Total Time": 133.866,
                                    "Actual Rows": 1,
                                    "Actual Loops": 1
                                },
                                {
                                    "Worker Number": 4,
                                    "Actual Startup Time": 134.428,
                                    "Actual Total Time": 134.43,
                                    "Actual Rows": 1,
                                    "Actual Loops": 1
                                }
                            ],
                            "Plans": [
                                {
                                    "Node Type": "Bitmap Heap Scan",
                                    "Parent Relationship": "Outer",
                                    "Parallel Aware": true,
                                    "Relation Name": "movie_info",
                                    "Schema": "public",
                                    "Alias": "mi",
                                    "Startup Cost": 20689.46,
                                    "Total Cost": 185534.41,
                                    "Plan Rows": 228156,
                                    "Plan Width": 0,
                                    "Actual Startup Time": 39.064,
                                    "Actual Total Time": 122.151,
                                    "Actual Rows": 191286,
                                    "Actual Loops": 6,
                                    "Recheck Cond": "(mi.info_type_id > 51)",
                                    "Rows Removed by Index Recheck": 0,
                                    "Exact Heap Blocks": 11266,
                                    "Lossy Heap Blocks": 0,
                                    "Workers": [
                                        {
                                            "Worker Number": 0,
                                            "Actual Startup Time": 37.109,
                                            "Actual Total Time": 120.618,
                                            "Actual Rows": 136669,
                                            "Actual Loops": 1
                                        },
                                        {
                                            "Worker Number": 1,
                                            "Actual Startup Time": 36.496,
                                            "Actual Total Time": 120.683,
                                            "Actual Rows": 137130,
                                            "Actual Loops": 1
                                        },
                                        {
                                            "Worker Number": 2,
                                            "Actual Startup Time": 37.199,
                                            "Actual Total Time": 120.804,
                                            "Actual Rows": 137968,
                                            "Actual Loops": 1
                                        },
                                        {
                                            "Worker Number": 3,
                                            "Actual Startup Time": 37.333,
                                            "Actual Total Time": 121.629,
                                            "Actual Rows": 169121,
                                            "Actual Loops": 1
                                        },
                                        {
                                            "Worker Number": 4,
                                            "Actual Startup Time": 38.081,
                                            "Actual Total Time": 122.1,
                                            "Actual Rows": 173242,
                                            "Actual Loops": 1
                                        }
                                    ],
                                    "Plans": [
                                        {
                                            "Node Type": "Bitmap Index Scan",
                                            "Parent Relationship": "Outer",
                                            "Parallel Aware": false,
                                            "Index Name": "info_type_id_movie_info",
                                            "Startup Cost": 0.0,
                                            "Total Cost": 20404.27,
                                            "Plan Rows": 1140778,
                                            "Plan Width": 0,
                                            "Actual Startup Time": 42.754,
                                            "Actual Total Time": 42.755,
                                            "Actual Rows": 1147717,
                                            "Actual Loops": 1,
                                            "Index Cond": "(mi.info_type_id > 51)"
                                        }
                                    ]
                                }
                            ]
                        }
                    ]
                }
            ]
        },
        "Planning Time": 183.815,
        "Triggers": [],
        "Execution Time": 155.35
    }
]