{
  "Plan": {
    "Node Type": "Aggregate",
    "Strategy": "Plain",
    "Partial Mode": "Finalize",
    "Parallel Aware": false,
    "Startup Cost": 97522.75,
    "Total Cost": 97522.76,
    "Plan Rows": 1,
    "Plan Width": 8,
    "Actual Startup Time": 333.384,
    "Actual Total Time": 349.076,
    "Actual Rows": 1,
    "Actual Loops": 1,
    "Plans": [
      {
        "Node Type": "Gather",
        "Parent Relationship": "Outer",
        "Parallel Aware": false,
        "Startup Cost": 97522.64,
        "Total Cost": 97522.75,
        "Plan Rows": 1,
        "Plan Width": 8,
        "Actual Startup Time": 333.262,
        "Actual Total Time": 349.068,
        "Actual Rows": 2,
        "Actual Loops": 1,
        "Workers Planned": 1,
        "Workers Launched": 1,
        "Single Copy": false,
        "Plans": [
          {
            "Node Type": "Aggregate",
            "Strategy": "Plain",
            "Partial Mode": "Partial",
            "Parent Relationship": "Outer",
            "Parallel Aware": false,
            "Startup Cost": 96522.64,
            "Total Cost": 96522.65,
            "Plan Rows": 1,
            "Plan Width": 8,
            "Actual Startup Time": 329.578,
            "Actual Total Time": 329.581,
            "Actual Rows": 1,
            "Actual Loops": 2,
            "Plans": [
              {
                "Node Type": "Hash Join",
                "Parent Relationship": "Outer",
                "Parallel Aware": true,
                "Join Type": "Inner",
                "Startup Cost": 58347.53,
                "Total Cost": 96514.16,
                "Plan Rows": 3391,
                "Plan Width": 0,
                "Actual Startup Time": 134.265,
                "Actual Total Time": 329.237,
                "Actual Rows": 6330,
                "Actual Loops": 2,
                "Inner Unique": true,
                "Hash Cond": "(mc.movie_id = t.id)",
                "Plans": [
                  {
                    "Node Type": "Seq Scan",
                    "Parent Relationship": "Outer",
                    "Parallel Aware": true,
                    "Relation Name": "movie_companies",
                    "Alias": "mc",
                    "Startup Cost": 0.0,
                    "Total Cost": 34137.82,
                    "Plan Rows": 1534782,
                    "Plan Width": 4,
                    "Actual Startup Time": 0.013,
                    "Actual Total Time": 97.39,
                    "Actual Rows": 1304564,
                    "Actual Loops": 2
                  },
                  {
                    "Node Type": "Hash",
                    "Parent Relationship": "Inner",
                    "Parallel Aware": true,
                    "Startup Cost": 58306.47,
                    "Total Cost": 58306.47,
                    "Plan Rows": 3285,
                    "Plan Width": 4,
                    "Actual Startup Time": 133.496,
                    "Actual Total Time": 133.497,
                    "Actual Rows": 3325,
                    "Actual Loops": 2,
                    "Hash Buckets": 8192,
                    "Original Hash Buckets": 8192,
                    "Hash Batches": 1,
                    "Original Hash Batches": 1,
                    "Peak Memory Usage": 352,
                    "Plans": [
                      {
                        "Node Type": "Seq Scan",
                        "Parent Relationship": "Outer",
                        "Parallel Aware": true,
                        "Relation Name": "title",
                        "Alias": "t",
                        "Startup Cost": 0.0,
                        "Total Cost": 58306.47,
                        "Plan Rows": 3285,
                        "Plan Width": 4,
                        "Actual Startup Time": 0.561,
                        "Actual Total Time": 132.387,
                        "Actual Rows": 3325,
                        "Actual Loops": 2,
                        "Filter": "((kind_id < 7) AND (production_year = 1981))",
                        "Rows Removed by Filter": 1260831
                      }
                    ]
                  }
                ]
              }
            ]
          }
        ]
      }
    ]
  },
  "Planning Time": 0.508,
  "Triggers": [],
  "Execution Time": 349.134
}