[
  {
    "Plan": {
      "Node Type": "Aggregate",
      "Strategy": "Plain",
      "Partial Mode": "Finalize",
      "Parallel Aware": false,
      "Startup Cost": 46526.78,
      "Total Cost": 46526.79,
      "Plan Rows": 1,
      "Plan Width": 8,
      "Actual Startup Time": 95.636,
      "Actual Total Time": 107.918,
      "Actual Rows": 1,
      "Actual Loops": 1,
      "Plans": [
        {
          "Node Type": "Gather",
          "Parent Relationship": "Outer",
          "Parallel Aware": false,
          "Startup Cost": 46526.36,
          "Total Cost": 46526.77,
          "Plan Rows": 4,
          "Plan Width": 8,
          "Actual Startup Time": 95.486,
          "Actual Total Time": 107.911,
          "Actual Rows": 5,
          "Actual Loops": 1,
          "Workers Planned": 4,
          "Workers Launched": 4,
          "Single Copy": false,
          "Plans": [
            {
              "Node Type": "Aggregate",
              "Strategy": "Plain",
              "Partial Mode": "Partial",
              "Parent Relationship": "Outer",
              "Parallel Aware": false,
              "Startup Cost": 45526.36,
              "Total Cost": 45526.37,
              "Plan Rows": 1,
              "Plan Width": 8,
              "Actual Startup Time": 87.175,
              "Actual Total Time": 87.176,
              "Actual Rows": 1,
              "Actual Loops": 5,
              "Plans": [
                {
                  "Node Type": "Seq Scan",
                  "Parent Relationship": "Outer",
                  "Parallel Aware": true,
                  "Relation Name": "title",
                  "Alias": "t",
                  "Startup Cost": 0.0,
                  "Total Cost": 45479.1,
                  "Plan Rows": 18906,
                  "Plan Width": 0,
                  "Actual Startup Time": 59.292,
                  "Actual Total Time": 87.168,
                  "Actual Rows": 1,
                  "Actual Loops": 5,
                  "Filter": "((production_year < 1934) AND (kind_id = 7))",
                  "Rows Removed by Filter": 505662
                }
              ]
            }
          ]
        }
      ]
    },
    "Planning Time": 0.196,
    "Triggers": [],
    "Execution Time": 107.979
  }
]