{
  "Plan": {
    "Node Type": "Aggregate",
    "Strategy": "Plain",
    "Partial Mode": "Finalize",
    "Parallel Aware": false,
    "Startup Cost": 234102.05,
    "Total Cost": 234102.06,
    "Plan Rows": 1,
    "Plan Width": 8,
    "Actual Startup Time": 244.179,
    "Actual Total Time": 256.917,
    "Actual Rows": 1,
    "Actual Loops": 1,
    "Plans": [
      {
        "Node Type": "Gather",
        "Parent Relationship": "Outer",
        "Parallel Aware": false,
        "Startup Cost": 234101.93,
        "Total Cost": 234102.04,
        "Plan Rows": 1,
        "Plan Width": 8,
        "Actual Startup Time": 243.616,
        "Actual Total Time": 256.91,
        "Actual Rows": 2,
        "Actual Loops": 1,
        "Workers Planned": 1,
        "Workers Launched": 1,
        "Single Copy": false,
        "Plans": [
          {
            "Node Type": "Aggregate",
            "Strategy": "Plain",
            "Partial Mode": "Partial",
            "Parent Relationship": "Outer",
            "Parallel Aware": false,
            "Startup Cost": 233101.93,
            "Total Cost": 233101.94,
            "Plan Rows": 1,
            "Plan Width": 8,
            "Actual Startup Time": 237.777,
            "Actual Total Time": 237.781,
            "Actual Rows": 1,
            "Actual Loops": 2,
            "Plans": [
              {
                "Node Type": "Hash Join",
                "Parent Relationship": "Outer",
                "Parallel Aware": true,
                "Join Type": "Inner",
                "Startup Cost": 66022.62,
                "Total Cost": 233048.88,
                "Plan Rows": 21220,
                "Plan Width": 0,
                "Actual Startup Time": 200.6,
                "Actual Total Time": 237.118,
                "Actual Rows": 16122,
                "Actual Loops": 2,
                "Inner Unique": true,
                "Hash Cond": "(mi.movie_id = t.id)",
                "Plans": [
                  {
                    "Node Type": "Bitmap Heap Scan",
                    "Parent Relationship": "Outer",
                    "Parallel Aware": true,
                    "Relation Name": "movie_info",
                    "Alias": "mi",
                    "Startup Cost": 10248.78,
                    "Total Cost": 176401.5,
                    "Plan Rows": 332778,
                    "Plan Width": 4,
                    "Actual Startup Time": 16.496,
                    "Actual Total Time": 44.181,
                    "Actual Rows": 271684,
                    "Actual Loops": 2,
                    "Recheck Cond": "(info_type_id > 98)",
                    "Rows Removed by Index Recheck": 0,
                    "Exact Heap Blocks": 3468,
                    "Lossy Heap Blocks": 0,
                    "Plans": [
                      {
                        "Node Type": "Bitmap Index Scan",
                        "Parent Relationship": "Outer",
                        "Parallel Aware": false,
                        "Index Name": "info_type_id_movie_info",
                        "Startup Cost": 0.0,
                        "Total Cost": 10107.35,
                        "Plan Rows": 565722,
                        "Plan Width": 0,
                        "Actual Startup Time": 15.671,
                        "Actual Total Time": 15.672,
                        "Actual Rows": 543367,
                        "Actual Loops": 1,
                        "Index Cond": "(info_type_id > 98)"
                      }
                    ]
                  },
                  {
                    "Node Type": "Hash",
                    "Parent Relationship": "Inner",
                    "Parallel Aware": true,
                    "Startup Cost": 54588.39,
                    "Total Cost": 54588.39,
                    "Plan Rows": 94836,
                    "Plan Width": 4,
                    "Actual Startup Time": 159.819,
                    "Actual Total Time": 159.82,
                    "Actual Rows": 80008,
                    "Actual Loops": 2,
                    "Hash Buckets": 262144,
                    "Original Hash Buckets": 262144,
                    "Hash Batches": 1,
                    "Original Hash Batches": 1,
                    "Peak Memory Usage": 8352,
                    "Plans": [
                      {
                        "Node Type": "Seq Scan",
                        "Parent Relationship": "Outer",
                        "Parallel Aware": true,
                        "Relation Name": "title",
                        "Alias": "t",
                        "Startup Cost": 0.0,
                        "Total Cost": 54588.39,
                        "Plan Rows": 94836,
                        "Plan Width": 4,
                        "Actual Startup Time": 0.032,
                        "Actual Total Time": 137.884,
                        "Actual Rows": 80008,
                        "Actual Loops": 2,
                        "Filter": "(production_year = 2011)",
                        "Rows Removed by Filter": 1184148
                      }
                    ]
                  }
                ]
              }
            ]
          }
        ]
      }
    ]
  },
  "Planning Time": 0.646,
  "Triggers": [],
  "Execution Time": 257.007
}