[
  {
    "Plan": {
      "Node Type": "Aggregate",
      "Strategy": "Plain",
      "Partial Mode": "Finalize",
      "Parallel Aware": false,
      "Startup Cost": 46084.97,
      "Total Cost": 46084.98,
      "Plan Rows": 1,
      "Plan Width": 8,
      "Actual Startup Time": 121.094,
      "Actual Total Time": 134.359,
      "Actual Rows": 1,
      "Actual Loops": 1,
      "Plans": [
        {
          "Node Type": "Gather",
          "Parent Relationship": "Outer",
          "Parallel Aware": false,
          "Startup Cost": 46084.55,
          "Total Cost": 46084.96,
          "Plan Rows": 4,
          "Plan Width": 8,
          "Actual Startup Time": 120.805,
          "Actual Total Time": 134.351,
          "Actual Rows": 5,
          "Actual Loops": 1,
          "Workers Planned": 4,
          "Workers Launched": 4,
          "Single Copy": false,
          "Plans": [
            {
              "Node Type": "Aggregate",
              "Strategy": "Plain",
              "Partial Mode": "Partial",
              "Parent Relationship": "Outer",
              "Parallel Aware": false,
              "Startup Cost": 45084.55,
              "Total Cost": 45084.56,
              "Plan Rows": 1,
              "Plan Width": 8,
              "Actual Startup Time": 111.636,
              "Actual Total Time": 111.638,
              "Actual Rows": 1,
              "Actual Loops": 5,
              "Plans": [
                {
                  "Node Type": "Seq Scan",
                  "Parent Relationship": "Outer",
                  "Parallel Aware": true,
                  "Relation Name": "title",
                  "Alias": "t",
                  "Startup Cost": 0.0,
                  "Total Cost": 43898.92,
                  "Plan Rows": 474253,
                  "Plan Width": 0,
                  "Actual Startup Time": 0.036,
                  "Actual Total Time": 92.906,
                  "Actual Rows": 377554,
                  "Actual Loops": 5,
                  "Filter": "(production_year > 1983)",
                  "Rows Removed by Filter": 128109
                }
              ]
            }
          ]
        }
      ]
    },
    "Planning Time": 0.132,
    "Triggers": [],
    "Execution Time": 134.414
  }
]