{
  "Plan": {
    "Node Type": "Aggregate",
    "Strategy": "Plain",
    "Partial Mode": "Finalize",
    "Parallel Aware": false,
    "Startup Cost": 98818.96,
    "Total Cost": 98818.97,
    "Plan Rows": 1,
    "Plan Width": 8,
    "Actual Startup Time": 580.034,
    "Actual Total Time": 598.232,
    "Actual Rows": 1,
    "Actual Loops": 1,
    "Plans": [
      {
        "Node Type": "Gather",
        "Parent Relationship": "Outer",
        "Parallel Aware": false,
        "Startup Cost": 98818.85,
        "Total Cost": 98818.96,
        "Plan Rows": 1,
        "Plan Width": 8,
        "Actual Startup Time": 574.322,
        "Actual Total Time": 598.223,
        "Actual Rows": 2,
        "Actual Loops": 1,
        "Workers Planned": 1,
        "Workers Launched": 1,
        "Single Copy": false,
        "Plans": [
          {
            "Node Type": "Aggregate",
            "Strategy": "Plain",
            "Partial Mode": "Partial",
            "Parent Relationship": "Outer",
            "Parallel Aware": false,
            "Startup Cost": 97818.85,
            "Total Cost": 97818.86,
            "Plan Rows": 1,
            "Plan Width": 8,
            "Actual Startup Time": 562.563,
            "Actual Total Time": 562.567,
            "Actual Rows": 1,
            "Actual Loops": 2,
            "Plans": [
              {
                "Node Type": "Hash Join",
                "Parent Relationship": "Outer",
                "Parallel Aware": true,
                "Join Type": "Inner",
                "Startup Cost": 72585.62,
                "Total Cost": 97719.83,
                "Plan Rows": 39607,
                "Plan Width": 0,
                "Actual Startup Time": 517.329,
                "Actual Total Time": 560.865,
                "Actual Rows": 35172,
                "Actual Loops": 2,
                "Inner Unique": true,
                "Hash Cond": "(mk.movie_id = t.id)",
                "Plans": [
                  {
                    "Node Type": "Bitmap Heap Scan",
                    "Parent Relationship": "Outer",
                    "Parallel Aware": true,
                    "Relation Name": "movie_keyword",
                    "Alias": "mk",
                    "Startup Cost": 1624.95,
                    "Total Cost": 26641.11,
                    "Plan Rows": 44973,
                    "Plan Width": 4,
                    "Actual Startup Time": 7.538,
                    "Actual Total Time": 32.804,
                    "Actual Rows": 36248,
                    "Actual Loops": 2,
                    "Recheck Cond": "(keyword_id = 335)",
                    "Rows Removed by Index Recheck": 0,
                    "Exact Heap Blocks": 9911,
                    "Lossy Heap Blocks": 0,
                    "Plans": [
                      {
                        "Node Type": "Bitmap Index Scan",
                        "Parent Relationship": "Outer",
                        "Parallel Aware": false,
                        "Index Name": "keyword_id_movie_keyword",
                        "Startup Cost": 0.0,
                        "Total Cost": 1605.84,
                        "Plan Rows": 76454,
                        "Plan Width": 0,
                        "Actual Startup Time": 5.191,
                        "Actual Total Time": 5.191,
                        "Actual Rows": 72496,
                        "Actual Loops": 1,
                        "Index Cond": "(keyword_id = 335)"
                      }
                    ]
                  },
                  {
                    "Node Type": "Hash",
                    "Parent Relationship": "Inner",
                    "Parallel Aware": true,
                    "Startup Cost": 54588.39,
                    "Total Cost": 54588.39,
                    "Plan Rows": 1309782,
                    "Plan Width": 4,
                    "Actual Startup Time": 487.606,
                    "Actual Total Time": 487.606,
                    "Actual Rows": 1112284,
                    "Actual Loops": 2,
                    "Hash Buckets": 4194304,
                    "Original Hash Buckets": 4194304,
                    "Hash Batches": 1,
                    "Original Hash Batches": 1,
                    "Peak Memory Usage": 119808,
                    "Plans": [
                      {
                        "Node Type": "Seq Scan",
                        "Parent Relationship": "Outer",
                        "Parallel Aware": true,
                        "Relation Name": "title",
                        "Alias": "t",
                        "Startup Cost": 0.0,
                        "Total Cost": 54588.39,
                        "Plan Rows": 1309782,
                        "Plan Width": 4,
                        "Actual Startup Time": 0.026,
                        "Actual Total Time": 178.59,
                        "Actual Rows": 1112284,
                        "Actual Loops": 2,
                        "Filter": "(production_year < 2012)",
                        "Rows Removed by Filter": 151872
                      }
                    ]
                  }
                ]
              }
            ]
          }
        ]
      }
    ]
  },
  "Planning Time": 0.501,
  "Triggers": [],
  "Execution Time": 598.307
}