[
  {
    "Plan": {
      "Node Type": "Aggregate",
      "Strategy": "Plain",
      "Partial Mode": "Finalize",
      "Parallel Aware": false,
      "Startup Cost": 30856.87,
      "Total Cost": 30856.88,
      "Plan Rows": 1,
      "Plan Width": 8,
      "Actual Startup Time": 77.873,
      "Actual Total Time": 85.429,
      "Actual Rows": 1,
      "Actual Loops": 1,
      "Plans": [
        {
          "Node Type": "Gather",
          "Parent Relationship": "Outer",
          "Parallel Aware": false,
          "Startup Cost": 30856.56,
          "Total Cost": 30856.87,
          "Plan Rows": 3,
          "Plan Width": 8,
          "Actual Startup Time": 77.706,
          "Actual Total Time": 85.421,
          "Actual Rows": 4,
          "Actual Loops": 1,
          "Workers Planned": 3,
          "Workers Launched": 3,
          "Single Copy": false,
          "Plans": [
            {
              "Node Type": "Aggregate",
              "Strategy": "Plain",
              "Partial Mode": "Partial",
              "Parent Relationship": "Outer",
              "Parallel Aware": false,
              "Startup Cost": 29856.56,
              "Total Cost": 29856.57,
              "Plan Rows": 1,
              "Plan Width": 8,
              "Actual Startup Time": 74.448,
              "Actual Total Time": 74.45,
              "Actual Rows": 1,
              "Actual Loops": 4,
              "Plans": [
                {
                  "Node Type": "Seq Scan",
                  "Parent Relationship": "Outer",
                  "Parallel Aware": true,
                  "Relation Name": "movie_companies",
                  "Alias": "mc",
                  "Startup Cost": 0.0,
                  "Total Cost": 29310.68,
                  "Plan Rows": 218350,
                  "Plan Width": 0,
                  "Actual Startup Time": 0.014,
                  "Actual Total Time": 66.404,
                  "Actual Rows": 167805,
                  "Actual Loops": 4,
                  "Filter": "(company_id < 1075)",
                  "Rows Removed by Filter": 484478
                }
              ]
            }
          ]
        }
      ]
    },
    "Planning Time": 0.112,
    "Triggers": [],
    "Execution Time": 85.464
  }
]