[
  {
    "Plan": {
      "Node Type": "Aggregate",
      "Strategy": "Plain",
      "Partial Mode": "Finalize",
      "Parallel Aware": false,
      "Startup Cost": 30857.31,
      "Total Cost": 30857.32,
      "Plan Rows": 1,
      "Plan Width": 8,
      "Actual Startup Time": 94.378,
      "Actual Total Time": 102.626,
      "Actual Rows": 1,
      "Actual Loops": 1,
      "Plans": [
        {
          "Node Type": "Gather",
          "Parent Relationship": "Outer",
          "Parallel Aware": false,
          "Startup Cost": 30857.0,
          "Total Cost": 30857.31,
          "Plan Rows": 3,
          "Plan Width": 8,
          "Actual Startup Time": 94.268,
          "Actual Total Time": 102.617,
          "Actual Rows": 4,
          "Actual Loops": 1,
          "Workers Planned": 3,
          "Workers Launched": 3,
          "Single Copy": false,
          "Plans": [
            {
              "Node Type": "Aggregate",
              "Strategy": "Plain",
              "Partial Mode": "Partial",
              "Parent Relationship": "Outer",
              "Parallel Aware": false,
              "Startup Cost": 29857.0,
              "Total Cost": 29857.01,
              "Plan Rows": 1,
              "Plan Width": 8,
              "Actual Startup Time": 85.878,
              "Actual Total Time": 85.879,
              "Actual Rows": 1,
              "Actual Loops": 4,
              "Plans": [
                {
                  "Node Type": "Seq Scan",
                  "Parent Relationship": "Outer",
                  "Parallel Aware": true,
                  "Relation Name": "movie_companies",
                  "Alias": "mc",
                  "Startup Cost": 0.0,
                  "Total Cost": 29310.68,
                  "Plan Rows": 218526,
                  "Plan Width": 0,
                  "Actual Startup Time": 0.047,
                  "Actual Total Time": 73.972,
                  "Actual Rows": 167805,
                  "Actual Loops": 4,
                  "Filter": "(company_id < 1075)",
                  "Rows Removed by Filter": 484478
                }
              ]
            }
          ]
        }
      ]
    },
    "Planning Time": 0.196,
    "Triggers": [],
    "Execution Time": 102.683
  }
]