[
  {
    "Plan": {
      "Node Type": "Aggregate",
      "Strategy": "Plain",
      "Partial Mode": "Finalize",
      "Parallel Aware": false,
      "Startup Cost": 32958.23,
      "Total Cost": 32958.24,
      "Plan Rows": 1,
      "Plan Width": 8,
      "Actual Startup Time": 94.492,
      "Actual Total Time": 102.576,
      "Actual Rows": 1,
      "Actual Loops": 1,
      "Plans": [
        {
          "Node Type": "Gather",
          "Parent Relationship": "Outer",
          "Parallel Aware": false,
          "Startup Cost": 32957.91,
          "Total Cost": 32958.22,
          "Plan Rows": 3,
          "Plan Width": 8,
          "Actual Startup Time": 94.399,
          "Actual Total Time": 102.568,
          "Actual Rows": 4,
          "Actual Loops": 1,
          "Workers Planned": 3,
          "Workers Launched": 3,
          "Single Copy": false,
          "Plans": [
            {
              "Node Type": "Aggregate",
              "Strategy": "Plain",
              "Partial Mode": "Partial",
              "Parent Relationship": "Outer",
              "Parallel Aware": false,
              "Startup Cost": 31957.91,
              "Total Cost": 31957.92,
              "Plan Rows": 1,
              "Plan Width": 8,
              "Actual Startup Time": 85.806,
              "Actual Total Time": 85.807,
              "Actual Rows": 1,
              "Actual Loops": 4,
              "Plans": [
                {
                  "Node Type": "Seq Scan",
                  "Parent Relationship": "Outer",
                  "Parallel Aware": true,
                  "Relation Name": "movie_companies",
                  "Alias": "mc",
                  "Startup Cost": 0.0,
                  "Total Cost": 31414.82,
                  "Plan Rows": 217236,
                  "Plan Width": 0,
                  "Actual Startup Time": 50.813,
                  "Actual Total Time": 81.353,
                  "Actual Rows": 108024,
                  "Actual Loops": 4,
                  "Filter": "((company_id < 11379) AND (company_type_id = 2))",
                  "Rows Removed by Filter": 544259
                }
              ]
            }
          ]
        }
      ]
    },
    "Planning Time": 0.199,
    "Triggers": [],
    "Execution Time": 102.628
  }
]