{
  "Plan": {
    "Node Type": "Aggregate",
    "Strategy": "Plain",
    "Partial Mode": "Finalize",
    "Parallel Aware": false,
    "Startup Cost": 1408366.75,
    "Total Cost": 1408366.76,
    "Plan Rows": 1,
    "Plan Width": 8,
    "Actual Startup Time": 6655.356,
    "Actual Total Time": 6742.673,
    "Actual Rows": 1,
    "Actual Loops": 1,
    "Plans": [
      {
        "Node Type": "Gather",
        "Parent Relationship": "Outer",
        "Parallel Aware": false,
        "Startup Cost": 1408366.64,
        "Total Cost": 1408366.75,
        "Plan Rows": 1,
        "Plan Width": 8,
        "Actual Startup Time": 6652.287,
        "Actual Total Time": 6742.665,
        "Actual Rows": 2,
        "Actual Loops": 1,
        "Workers Planned": 1,
        "Workers Launched": 1,
        "Single Copy": false,
        "Plans": [
          {
            "Node Type": "Aggregate",
            "Strategy": "Plain",
            "Partial Mode": "Partial",
            "Parent Relationship": "Outer",
            "Parallel Aware": false,
            "Startup Cost": 1407366.64,
            "Total Cost": 1407366.65,
            "Plan Rows": 1,
            "Plan Width": 8,
            "Actual Startup Time": 6644.149,
            "Actual Total Time": 6644.153,
            "Actual Rows": 1,
            "Actual Loops": 2,
            "Plans": [
              {
                "Node Type": "Nested Loop",
                "Parent Relationship": "Outer",
                "Parallel Aware": false,
                "Join Type": "Inner",
                "Startup Cost": 70384.32,
                "Total Cost": 1394980.38,
                "Plan Rows": 4954506,
                "Plan Width": 0,
                "Actual Startup Time": 392.728,
                "Actual Total Time": 6330.774,
                "Actual Rows": 7102686,
                "Actual Loops": 2,
                "Inner Unique": false,
                "Plans": [
                  {
                    "Node Type": "Hash Join",
                    "Parent Relationship": "Outer",
                    "Parallel Aware": true,
                    "Join Type": "Inner",
                    "Startup Cost": 70383.76,
                    "Total Cost": 88567.54,
                    "Plan Rows": 527378,
                    "Plan Width": 8,
                    "Actual Startup Time": 392.545,
                    "Actual Total Time": 644.119,
                    "Actual Rows": 353673,
                    "Actual Loops": 2,
                    "Inner Unique": true,
                    "Hash Cond": "(mi_idx.movie_id = t.id)",
                    "Plans": [
                      {
                        "Node Type": "Seq Scan",
                        "Parent Relationship": "Outer",
                        "Parallel Aware": true,
                        "Relation Name": "movie_info_idx",
                        "Alias": "mi_idx",
                        "Startup Cost": 0.0,
                        "Total Cost": 16052.85,
                        "Plan Rows": 811785,
                        "Plan Width": 4,
                        "Actual Startup Time": 0.018,
                        "Actual Total Time": 51.637,
                        "Actual Rows": 690018,
                        "Actual Loops": 2
                      },
                      {
                        "Node Type": "Hash",
                        "Parent Relationship": "Inner",
                        "Parallel Aware": true,
                        "Startup Cost": 58306.47,
                        "Total Cost": 58306.47,
                        "Plan Rows": 966183,
                        "Plan Width": 4,
                        "Actual Startup Time": 377.925,
                        "Actual Total Time": 377.926,
                        "Actual Rows": 814920,
                        "Actual Loops": 2,
                        "Hash Buckets": 2097152,
                        "Original Hash Buckets": 2097152,
                        "Hash Batches": 1,
                        "Original Hash Batches": 1,
                        "Peak Memory Usage": 80160,
                        "Plans": [
                          {
                            "Node Type": "Seq Scan",
                            "Parent Relationship": "Outer",
                            "Parallel Aware": true,
                            "Relation Name": "title",
                            "Alias": "t",
                            "Startup Cost": 0.0,
                            "Total Cost": 58306.47,
                            "Plan Rows": 966183,
                            "Plan Width": 4,
                            "Actual Startup Time": 0.029,
                            "Actual Total Time": 172.275,
                            "Actual Rows": 814920,
                            "Actual Loops": 2,
                            "Filter": "((kind_id > 1) AND (production_year < 2012))",
                            "Rows Removed by Filter": 449236
                          }
                        ]
                      }
                    ]
                  },
                  {
                    "Node Type": "Index Scan",
                    "Parent Relationship": "Inner",
                    "Parallel Aware": false,
                    "Scan Direction": "Forward",
                    "Index Name": "movie_id_cast_info",
                    "Relation Name": "cast_info",
                    "Alias": "ci",
                    "Startup Cost": 0.56,
                    "Total Cost": 2.24,
                    "Plan Rows": 24,
                    "Plan Width": 4,
                    "Actual Startup Time": 0.006,
                    "Actual Total Time": 0.015,
                    "Actual Rows": 20,
                    "Actual Loops": 707346,
                    "Index Cond": "(movie_id = t.id)",
                    "Rows Removed by Index Recheck": 0,
                    "Filter": "(role_id > 1)",
                    "Rows Removed by Filter": 9
                  }
                ]
              }
            ]
          }
        ]
      }
    ]
  },
  "Planning Time": 0.985,
  "Triggers": [],
  "Execution Time": 6742.778
}