[
  {
    "Plan": {
      "Node Type": "Aggregate",
      "Strategy": "Plain",
      "Partial Mode": "Finalize",
      "Parallel Aware": false,
      "Startup Cost": 602147.74,
      "Total Cost": 602147.75,
      "Plan Rows": 1,
      "Plan Width": 8,
      "Actual Startup Time": 1516.855,
      "Actual Total Time": 1619.493,
      "Actual Rows": 1,
      "Actual Loops": 1,
      "Plans": [
        {
          "Node Type": "Gather",
          "Parent Relationship": "Outer",
          "Parallel Aware": false,
          "Startup Cost": 602147.22,
          "Total Cost": 602147.73,
          "Plan Rows": 5,
          "Plan Width": 8,
          "Actual Startup Time": 1513.433,
          "Actual Total Time": 1619.467,
          "Actual Rows": 6,
          "Actual Loops": 1,
          "Workers Planned": 5,
          "Workers Launched": 5,
          "Single Copy": false,
          "Plans": [
            {
              "Node Type": "Aggregate",
              "Strategy": "Plain",
              "Partial Mode": "Partial",
              "Parent Relationship": "Outer",
              "Parallel Aware": false,
              "Startup Cost": 601147.22,
              "Total Cost": 601147.23,
              "Plan Rows": 1,
              "Plan Width": 8,
              "Actual Startup Time": 1502.078,
              "Actual Total Time": 1502.128,
              "Actual Rows": 1,
              "Actual Loops": 6,
              "Plans": [
                {
                  "Node Type": "Hash Join",
                  "Parent Relationship": "Outer",
                  "Parallel Aware": true,
                  "Join Type": "Inner",
                  "Startup Cost": 394328.53,
                  "Total Cost": 598644.85,
                  "Plan Rows": 1000949,
                  "Plan Width": 0,
                  "Actual Startup Time": 864.732,
                  "Actual Total Time": 1487.4,
                  "Actual Rows": 366786,
                  "Actual Loops": 6,
                  "Inner Unique": false,
                  "Hash Cond": "(mi.movie_id = t.id)",
                  "Plans": [
                    {
                      "Node Type": "Seq Scan",
                      "Parent Relationship": "Outer",
                      "Parallel Aware": true,
                      "Relation Name": "movie_info",
                      "Alias": "mi",
                      "Startup Cost": 0.0,
                      "Total Cost": 191560.33,
                      "Plan Rows": 2956733,
                      "Plan Width": 4,
                      "Actual Startup Time": 0.031,
                      "Actual Total Time": 293.424,
                      "Actual Rows": 2472620,
                      "Actual Loops": 6
                    },
                    {
                      "Node Type": "Hash",
                      "Parent Relationship": "Inner",
                      "Parallel Aware": true,
                      "Startup Cost": 392545.39,
                      "Total Cost": 392545.39,
                      "Plan Rows": 142651,
                      "Plan Width": 8,
                      "Actual Startup Time": 859.88,
                      "Actual Total Time": 859.928,
                      "Actual Rows": 45418,
                      "Actual Loops": 6,
                      "Hash Buckets": 1048576,
                      "Original Hash Buckets": 1048576,
                      "Hash Batches": 1,
                      "Original Hash Batches": 1,
                      "Peak Memory Usage": 18944,
                      "Plans": [
                        {
                          "Node Type": "Hash Join",
                          "Parent Relationship": "Outer",
                          "Parallel Aware": true,
                          "Join Type": "Inner",
                          "Startup Cost": 46565.77,
                          "Total Cost": 392545.39,
                          "Plan Rows": 142651,
                          "Plan Width": 8,
                          "Actual Startup Time": 446.782,
                          "Actual Total Time": 836.488,
                          "Actual Rows": 45418,
                          "Actual Loops": 6,
                          "Inner Unique": true,
                          "Hash Cond": "(ci.movie_id = t.id)",
                          "Plans": [
                            {
                              "Node Type": "Seq Scan",
                              "Parent Relationship": "Outer",
                              "Parallel Aware": true,
                              "Relation Name": "cast_info",
                              "Alias": "ci",
                              "Startup Cost": 0.0,
                              "Total Cost": 343257.03,
                              "Plan Rows": 1037176,
                              "Plan Width": 4,
                              "Actual Startup Time": 340.638,
                              "Actual Total Time": 623.909,
                              "Actual Rows": 637270,
                              "Actual Loops": 6,
                              "Filter": "((person_id < 1357346) AND (role_id > 2))",
                              "Rows Removed by Filter": 5403454
                            },
                            {
                              "Node Type": "Hash",
                              "Parent Relationship": "Inner",
                              "Parallel Aware": true,
                              "Startup Cost": 45479.1,
                              "Total Cost": 45479.1,
                              "Plan Rows": 86934,
                              "Plan Width": 4,
                              "Actual Startup Time": 104.509,
                              "Actual Total Time": 104.51,
                              "Actual Rows": 36421,
                              "Actual Loops": 6,
                              "Hash Buckets": 524288,
                              "Original Hash Buckets": 524288,
                              "Hash Batches": 1,
                              "Original Hash Batches": 1,
                              "Peak Memory Usage": 12736,
                              "Plans": [
                                {
                                  "Node Type": "Seq Scan",
                                  "Parent Relationship": "Outer",
                                  "Parallel Aware": true,
                                  "Relation Name": "title",
                                  "Alias": "t",
                                  "Startup Cost": 0.0,
                                  "Total Cost": 45479.1,
                                  "Plan Rows": 86934,
                                  "Plan Width": 4,
                                  "Actual Startup Time": 0.05,
                                  "Actual Total Time": 82.133,
                                  "Actual Rows": 36421,
                                  "Actual Loops": 6,
                                  "Filter": "((kind_id > 1) AND (production_year < 1978))",
                                  "Rows Removed by Filter": 384964
                                }
                              ]
                            }
                          ]
                        }
                      ]
                    }
                  ]
                }
              ]
            }
          ]
        }
      ]
    },
    "Planning Time": 1.392,
    "Triggers": [],
    "Execution Time": 1619.595
  }
]