[
  {
    "Plan": {
      "Node Type": "Aggregate",
      "Strategy": "Plain",
      "Partial Mode": "Finalize",
      "Parallel Aware": false,
      "Startup Cost": 33159.63,
      "Total Cost": 33159.64,
      "Plan Rows": 1,
      "Plan Width": 8,
      "Actual Startup Time": 92.359,
      "Actual Total Time": 100.002,
      "Actual Rows": 1,
      "Actual Loops": 1,
      "Plans": [
        {
          "Node Type": "Gather",
          "Parent Relationship": "Outer",
          "Parallel Aware": false,
          "Startup Cost": 33159.31,
          "Total Cost": 33159.62,
          "Plan Rows": 3,
          "Plan Width": 8,
          "Actual Startup Time": 92.246,
          "Actual Total Time": 99.994,
          "Actual Rows": 4,
          "Actual Loops": 1,
          "Workers Planned": 3,
          "Workers Launched": 3,
          "Single Copy": false,
          "Plans": [
            {
              "Node Type": "Aggregate",
              "Strategy": "Plain",
              "Partial Mode": "Partial",
              "Parent Relationship": "Outer",
              "Parallel Aware": false,
              "Startup Cost": 32159.31,
              "Total Cost": 32159.32,
              "Plan Rows": 1,
              "Plan Width": 8,
              "Actual Startup Time": 86.841,
              "Actual Total Time": 86.842,
              "Actual Rows": 1,
              "Actual Loops": 4,
              "Plans": [
                {
                  "Node Type": "Seq Scan",
                  "Parent Relationship": "Outer",
                  "Parallel Aware": true,
                  "Relation Name": "movie_companies",
                  "Alias": "mc",
                  "Startup Cost": 0.0,
                  "Total Cost": 31414.82,
                  "Plan Rows": 297797,
                  "Plan Width": 0,
                  "Actual Startup Time": 45.156,
                  "Actual Total Time": 79.961,
                  "Actual Rows": 150908,
                  "Actual Loops": 4,
                  "Filter": "((company_id < 29837) AND (company_type_id = 2))",
                  "Rows Removed by Filter": 501374
                }
              ]
            }
          ]
        }
      ]
    },
    "Planning Time": 0.156,
    "Triggers": [],
    "Execution Time": 100.051
  }
]