[
  {
    "Plan": {
      "Node Type": "Aggregate",
      "Strategy": "Plain",
      "Partial Mode": "Finalize",
      "Parallel Aware": false,
      "Startup Cost": 75288.1,
      "Total Cost": 75288.11,
      "Plan Rows": 1,
      "Plan Width": 8,
      "Actual Startup Time": 175.356,
      "Actual Total Time": 200.839,
      "Actual Rows": 1,
      "Actual Loops": 1,
      "Plans": [
        {
          "Node Type": "Gather",
          "Parent Relationship": "Outer",
          "Parallel Aware": false,
          "Startup Cost": 75287.68,
          "Total Cost": 75288.09,
          "Plan Rows": 4,
          "Plan Width": 8,
          "Actual Startup Time": 175.192,
          "Actual Total Time": 200.829,
          "Actual Rows": 5,
          "Actual Loops": 1,
          "Workers Planned": 4,
          "Workers Launched": 4,
          "Single Copy": false,
          "Plans": [
            {
              "Node Type": "Aggregate",
              "Strategy": "Plain",
              "Partial Mode": "Partial",
              "Parent Relationship": "Outer",
              "Parallel Aware": false,
              "Startup Cost": 74287.68,
              "Total Cost": 74287.69,
              "Plan Rows": 1,
              "Plan Width": 8,
              "Actual Startup Time": 169.48,
              "Actual Total Time": 169.482,
              "Actual Rows": 1,
              "Actual Loops": 5,
              "Plans": [
                {
                  "Node Type": "Nested Loop",
                  "Parent Relationship": "Outer",
                  "Parallel Aware": false,
                  "Join Type": "Inner",
                  "Startup Cost": 1.0,
                  "Total Cost": 74226.24,
                  "Plan Rows": 24577,
                  "Plan Width": 0,
                  "Actual Startup Time": 0.916,
                  "Actual Total Time": 167.498,
                  "Actual Rows": 37283,
                  "Actual Loops": 5,
                  "Inner Unique": false,
                  "Join Filter": "(t.id = ci.movie_id)",
                  "Rows Removed by Join Filter": 0,
                  "Plans": [
                    {
                      "Node Type": "Nested Loop",
                      "Parent Relationship": "Outer",
                      "Parallel Aware": false,
                      "Join Type": "Inner",
                      "Startup Cost": 0.43,
                      "Total Cost": 65492.78,
                      "Plan Rows": 4712,
                      "Plan Width": 8,
                      "Actual Startup Time": 0.584,
                      "Actual Total Time": 75.689,
                      "Actual Rows": 3967,
                      "Actual Loops": 5,
                      "Inner Unique": false,
                      "Plans": [
                        {
                          "Node Type": "Seq Scan",
                          "Parent Relationship": "Outer",
                          "Parallel Aware": true,
                          "Relation Name": "title",
                          "Alias": "t",
                          "Startup Cost": 0.0,
                          "Total Cost": 43899.32,
                          "Plan Rows": 2634,
                          "Plan Width": 4,
                          "Actual Startup Time": 0.087,
                          "Actual Total Time": 61.586,
                          "Actual Rows": 2103,
                          "Actual Loops": 5,
                          "Filter": "(production_year = 1959)",
                          "Rows Removed by Filter": 503559
                        },
                        {
                          "Node Type": "Index Only Scan",
                          "Parent Relationship": "Inner",
                          "Parallel Aware": false,
                          "Scan Direction": "Forward",
                          "Index Name": "movie_id_movie_keyword",
                          "Relation Name": "movie_keyword",
                          "Alias": "mk",
                          "Startup Cost": 0.43,
                          "Total Cost": 7.74,
                          "Plan Rows": 46,
                          "Plan Width": 4,
                          "Actual Startup Time": 0.006,
                          "Actual Total Time": 0.006,
                          "Actual Rows": 2,
                          "Actual Loops": 10517,
                          "Index Cond": "(movie_id = t.id)",
                          "Rows Removed by Index Recheck": 0,
                          "Heap Fetches": 19836
                        }
                      ]
                    },
                    {
                      "Node Type": "Index Scan",
                      "Parent Relationship": "Inner",
                      "Parallel Aware": false,
                      "Scan Direction": "Forward",
                      "Index Name": "movie_id_cast_info",
                      "Relation Name": "cast_info",
                      "Alias": "ci",
                      "Startup Cost": 0.56,
                      "Total Cost": 1.69,
                      "Plan Rows": 13,
                      "Plan Width": 4,
                      "Actual Startup Time": 0.011,
                      "Actual Total Time": 0.022,
                      "Actual Rows": 9,
                      "Actual Loops": 19836,
                      "Index Cond": "(movie_id = mk.movie_id)",
                      "Rows Removed by Index Recheck": 0,
                      "Filter": "((person_id > 1255263) AND (role_id < 3))",
                      "Rows Removed by Filter": 21
                    }
                  ]
                }
              ]
            }
          ]
        }
      ]
    },
    "Planning Time": 0.575,
    "Triggers": [],
    "Execution Time": 200.893
  }
]