[
  {
    "Plan": {
      "Node Type": "Aggregate",
      "Strategy": "Plain",
      "Partial Mode": "Finalize",
      "Parallel Aware": false,
      "Startup Cost": 77034.3,
      "Total Cost": 77034.31,
      "Plan Rows": 1,
      "Plan Width": 8,
      "Actual Startup Time": 233.579,
      "Actual Total Time": 252.292,
      "Actual Rows": 1,
      "Actual Loops": 1,
      "Plans": [
        {
          "Node Type": "Gather",
          "Parent Relationship": "Outer",
          "Parallel Aware": false,
          "Startup Cost": 77033.98,
          "Total Cost": 77034.29,
          "Plan Rows": 3,
          "Plan Width": 8,
          "Actual Startup Time": 233.245,
          "Actual Total Time": 252.284,
          "Actual Rows": 4,
          "Actual Loops": 1,
          "Workers Planned": 3,
          "Workers Launched": 3,
          "Single Copy": false,
          "Plans": [
            {
              "Node Type": "Aggregate",
              "Strategy": "Plain",
              "Partial Mode": "Partial",
              "Parent Relationship": "Outer",
              "Parallel Aware": false,
              "Startup Cost": 76033.98,
              "Total Cost": 76033.99,
              "Plan Rows": 1,
              "Plan Width": 8,
              "Actual Startup Time": 226.15,
              "Actual Total Time": 226.153,
              "Actual Rows": 1,
              "Actual Loops": 4,
              "Plans": [
                {
                  "Node Type": "Hash Join",
                  "Parent Relationship": "Outer",
                  "Parallel Aware": true,
                  "Join Type": "Inner",
                  "Startup Cost": 45580.45,
                  "Total Cost": 76020.25,
                  "Plan Rows": 5491,
                  "Plan Width": 0,
                  "Actual Startup Time": 148.131,
                  "Actual Total Time": 226.054,
                  "Actual Rows": 1484,
                  "Actual Loops": 4,
                  "Inner Unique": true,
                  "Hash Cond": "(mc.movie_id = t.id)",
                  "Plans": [
                    {
                      "Node Type": "Seq Scan",
                      "Parent Relationship": "Outer",
                      "Parallel Aware": true,
                      "Relation Name": "movie_companies",
                      "Alias": "mc",
                      "Startup Cost": 0.0,
                      "Total Cost": 29310.68,
                      "Plan Rows": 430142,
                      "Plan Width": 4,
                      "Actual Startup Time": 37.935,
                      "Actual Total Time": 79.721,
                      "Actual Rows": 333721,
                      "Actual Loops": 4,
                      "Filter": "(company_type_id = 2)",
                      "Rows Removed by Filter": 318562
                    },
                    {
                      "Node Type": "Hash",
                      "Parent Relationship": "Inner",
                      "Parallel Aware": true,
                      "Startup Cost": 45479.59,
                      "Total Cost": 45479.59,
                      "Plan Rows": 8069,
                      "Plan Width": 4,
                      "Actual Startup Time": 108.849,
                      "Actual Total Time": 108.85,
                      "Actual Rows": 8693,
                      "Actual Loops": 4,
                      "Hash Buckets": 32768,
                      "Original Hash Buckets": 32768,
                      "Hash Batches": 1,
                      "Original Hash Batches": 1,
                      "Peak Memory Usage": 1664,
                      "Plans": [
                        {
                          "Node Type": "Seq Scan",
                          "Parent Relationship": "Outer",
                          "Parallel Aware": true,
                          "Relation Name": "title",
                          "Alias": "t",
                          "Startup Cost": 0.0,
                          "Total Cost": 45479.59,
                          "Plan Rows": 8069,
                          "Plan Width": 4,
                          "Actual Startup Time": 0.077,
                          "Actual Total Time": 104.552,
                          "Actual Rows": 8693,
                          "Actual Loops": 4,
                          "Filter": "((kind_id = 7) AND (production_year = 1999))",
                          "Rows Removed by Filter": 623385
                        }
                      ]
                    }
                  ]
                }
              ]
            }
          ]
        }
      ]
    },
    "Planning Time": 0.346,
    "Triggers": [],
    "Execution Time": 252.337
  }
]