[
  {
    "Bao": {
      "Bao prediction": 500.232,
      "Bao recommended hint": "SET enable_nestloop TO off; SET enable_hashjoin TO off; "
    }
  },
  {
    "Plan": {
      "Node Type": "Aggregate",
      "Strategy": "Plain",
      "Partial Mode": "Simple",
      "Parallel Aware": false,
      "Startup Cost": 247524.04,
      "Total Cost": 247524.05,
      "Plan Rows": 1,
      "Plan Width": 192,
      "Actual Startup Time": 863.226,
      "Actual Total Time": 863.446,
      "Actual Rows": 1,
      "Actual Loops": 1,
      "Plans": [
        {
          "Node Type": "Merge Join",
          "Parent Relationship": "Outer",
          "Parallel Aware": false,
          "Join Type": "Inner",
          "Startup Cost": 235062.85,
          "Total Cost": 247524.02,
          "Plan Rows": 1,
          "Plan Width": 84,
          "Actual Startup Time": 830.366,
          "Actual Total Time": 863.431,
          "Actual Rows": 4,
          "Actual Loops": 1,
          "Inner Unique": false,
          "Merge Cond": "(cn2.id = mc2.company_id)",
          "Plans": [
            {
              "Node Type": "Index Scan",
              "Parent Relationship": "Outer",
              "Parallel Aware": false,
              "Scan Direction": "Forward",
              "Index Name": "company_name_pkey",
              "Relation Name": "company_name",
              "Alias": "cn2",
              "Startup Cost": 0.42,
              "Total Cost": 11881.93,
              "Plan Rows": 234997,
              "Plan Width": 23,
              "Actual Startup Time": 0.027,
              "Actual Total Time": 28.757,
              "Actual Rows": 71404,
              "Actual Loops": 1
            },
            {
              "Node Type": "Sort",
              "Parent Relationship": "Inner",
              "Parallel Aware": false,
              "Startup Cost": 235062.43,
              "Total Cost": 235062.44,
              "Plan Rows": 1,
              "Plan Width": 69,
              "Actual Startup Time": 830.309,
              "Actual Total Time": 830.528,
              "Actual Rows": 4,
              "Actual Loops": 1,
              "Sort Key": [
                "mc2.company_id"
              ],
              "Sort Method": "quicksort",
              "Sort Space Used": 25,
              "Sort Space Type": "Memory",
              "Plans": [
                {
                  "Node Type": "Merge Join",
                  "Parent Relationship": "Outer",
                  "Parallel Aware": false,
                  "Join Type": "Inner",
                  "Startup Cost": 235062.4,
                  "Total Cost": 235062.42,
                  "Plan Rows": 1,
                  "Plan Width": 69,
                  "Actual Startup Time": 830.279,
                  "Actual Total Time": 830.499,
                  "Actual Rows": 4,
                  "Actual Loops": 1,
                  "Inner Unique": true,
                  "Merge Cond": "(t1.kind_id = kt1.id)",
                  "Plans": [
                    {
                      "Node Type": "Sort",
                      "Parent Relationship": "Outer",
                      "Parallel Aware": false,
                      "Startup Cost": 235061.3,
                      "Total Cost": 235061.3,
                      "Plan Rows": 1,
                      "Plan Width": 73,
                      "Actual Startup Time": 830.247,
                      "Actual Total Time": 830.465,
                      "Actual Rows": 4,
                      "Actual Loops": 1,
                      "Sort Key": [
                        "t1.kind_id"
                      ],
                      "Sort Method": "quicksort",
                      "Sort Space Used": 25,
                      "Sort Space Type": "Memory",
                      "Plans": [
                        {
                          "Node Type": "Merge Join",
                          "Parent Relationship": "Outer",
                          "Parallel Aware": false,
                          "Join Type": "Inner",
                          "Startup Cost": 226216.15,
                          "Total Cost": 235061.29,
                          "Plan Rows": 1,
                          "Plan Width": 73,
                          "Actual Startup Time": 830.217,
                          "Actual Total Time": 830.437,
                          "Actual Rows": 4,
                          "Actual Loops": 1,
                          "Inner Unique": false,
                          "Merge Cond": "(t1.id = ml.movie_id)",
                          "Plans": [
                            {
                              "Node Type": "Index Scan",
                              "Parent Relationship": "Outer",
                              "Parallel Aware": false,
                              "Scan Direction": "Forward",
                              "Index Name": "title_pkey",
                              "Relation Name": "title",
                              "Alias": "t1",
                              "Startup Cost": 0.43,
                              "Total Cost": 110359.06,
                              "Plan Rows": 2528509,
                              "Plan Width": 25,
                              "Actual Startup Time": 0.036,
                              "Actual Total Time": 12.232,
                              "Actual Rows": 22691,
                              "Actual Loops": 1
                            },
                            {
                              "Node Type": "Sort",
                              "Parent Relationship": "Inner",
                              "Parallel Aware": false,
                              "Startup Cost": 226215.72,
                              "Total Cost": 226215.72,
                              "Plan Rows": 1,
                              "Plan Width": 64,
                              "Actual Startup Time": 816.687,
                              "Actual Total Time": 816.904,
                              "Actual Rows": 4,
                              "Actual Loops": 1,
                              "Sort Key": [
                                "mc1.movie_id"
                              ],
                              "Sort Method": "quicksort",
                              "Sort Space Used": 25,
                              "Sort Space Type": "Memory",
                              "Plans": [
                                {
                                  "Node Type": "Merge Join",
                                  "Parent Relationship": "Outer",
                                  "Parallel Aware": false,
                                  "Join Type": "Inner",
                                  "Startup Cost": 221891.11,
                                  "Total Cost": 226215.71,
                                  "Plan Rows": 1,
                                  "Plan Width": 64,
                                  "Actual Startup Time": 736.587,
                                  "Actual Total Time": 816.879,
                                  "Actual Rows": 4,
                                  "Actual Loops": 1,
                                  "Inner Unique": false,
                                  "Merge Cond": "(ml.linked_movie_id = t2.id)",
                                  "Plans": [
                                    {
                                      "Node Type": "Merge Join",
                                      "Parent Relationship": "Outer",
                                      "Parallel Aware": false,
                                      "Join Type": "Inner",
                                      "Startup Cost": 171533.94,
                                      "Total Cost": 175771.24,
                                      "Plan Rows": 1,
                                      "Plan Width": 59,
                                      "Actual Startup Time": 620.599,
                                      "Actual Total Time": 700.105,
                                      "Actual Rows": 10,
                                      "Actual Loops": 1,
                                      "Inner Unique": false,
                                      "Merge Cond": "(ml.linked_movie_id = mi_idx2.movie_id)",
                                      "Plans": [
                                        {
                                          "Node Type": "Gather Merge",
                                          "Parent Relationship": "Outer",
                                          "Parallel Aware": false,
                                          "Startup Cost": 127381.76,
                                          "Total Cost": 131589.01,
                                          "Plan Rows": 10,
                                          "Plan Width": 49,
                                          "Actual Startup Time": 427.157,
                                          "Actual Total Time": 502.09,
                                          "Actual Rows": 2517,
                                          "Actual Loops": 1,
                                          "Workers Planned": 3,
                                          "Workers Launched": 3,
                                          "Plans": [
                                            {
                                              "Node Type": "Merge Join",
                                              "Parent Relationship": "Outer",
                                              "Parallel Aware": false,
                                              "Join Type": "Inner",
                                              "Startup Cost": 126381.72,
                                              "Total Cost": 130587.79,
                                              "Plan Rows": 3,
                                              "Plan Width": 49,
                                              "Actual Startup Time": 406.003,
                                              "Actual Total Time": 484.884,
                                              "Actual Rows": 629,
                                              "Actual Loops": 4,
                                              "Inner Unique": false,
                                              "Merge Cond": "(mc2.movie_id = ml.linked_movie_id)",
                                              "Plans": [
                                                {
                                                  "Node Type": "Sort",
                                                  "Parent Relationship": "Outer",
                                                  "Parallel Aware": false,
                                                  "Startup Cost": 110037.47,
                                                  "Total Cost": 112141.61,
                                                  "Plan Rows": 841655,
                                                  "Plan Width": 8,
                                                  "Actual Startup Time": 300.311,
                                                  "Actual Total Time": 332.278,
                                                  "Actual Rows": 634028,
                                                  "Actual Loops": 4,
                                                  "Sort Key": [
                                                    "mc2.movie_id"
                                                  ],
                                                  "Sort Method": "quicksort",
                                                  "Sort Space Used": 68047,
                                                  "Sort Space Type": "Memory",
                                                  "Workers": [
                                                    {
                                                      "Worker Number": 0,
                                                      "Sort Method": "quicksort",
                                                      "Sort Space Used": 50984,
                                                      "Sort Space Type": "Memory"
                                                    },
                                                    {
                                                      "Worker Number": 1,
                                                      "Sort Method": "quicksort",
                                                      "Sort Space Used": 50719,
                                                      "Sort Space Type": "Memory"
                                                    },
                                                    {
                                                      "Worker Number": 2,
                                                      "Sort Method": "quicksort",
                                                      "Sort Space Used": 50859,
                                                      "Sort Space Type": "Memory"
                                                    }
                                                  ],
                                                  "Plans": [
                                                    {
                                                      "Node Type": "Seq Scan",
                                                      "Parent Relationship": "Outer",
                                                      "Parallel Aware": true,
                                                      "Relation Name": "movie_companies",
                                                      "Alias": "mc2",
                                                      "Startup Cost": 0.0,
                                                      "Total Cost": 27206.55,
                                                      "Plan Rows": 841655,
                                                      "Plan Width": 8,
                                                      "Actual Startup Time": 0.083,
                                                      "Actual Total Time": 109.245,
                                                      "Actual Rows": 652282,
                                                      "Actual Loops": 4
                                                    }
                                                  ]
                                                },
                                                {
                                                  "Node Type": "Sort",
                                                  "Parent Relationship": "Inner",
                                                  "Parallel Aware": false,
                                                  "Startup Cost": 16344.02,
                                                  "Total Cost": 16344.02,
                                                  "Plan Rows": 2,
                                                  "Plan Width": 41,
                                                  "Actual Startup Time": 105.44,
                                                  "Actual Total Time": 105.524,
                                                  "Actual Rows": 943,
                                                  "Actual Loops": 4,
                                                  "Sort Key": [
                                                    "ml.linked_movie_id"
                                                  ],
                                                  "Sort Method": "quicksort",
                                                  "Sort Space Used": 72,
                                                  "Sort Space Type": "Memory",
                                                  "Workers": [
                                                    {
                                                      "Worker Number": 0,
                                                      "Sort Method": "quicksort",
                                                      "Sort Space Used": 72,
                                                      "Sort Space Type": "Memory"
                                                    },
                                                    {
                                                      "Worker Number": 1,
                                                      "Sort Method": "quicksort",
                                                      "Sort Space Used": 72,
                                                      "Sort Space Type": "Memory"
                                                    },
                                                    {
                                                      "Worker Number": 2,
                                                      "Sort Method": "quicksort",
                                                      "Sort Space Used": 72,
                                                      "Sort Space Type": "Memory"
                                                    }
                                                  ],
                                                  "Plans": [
                                                    {
                                                      "Node Type": "Merge Join",
                                                      "Parent Relationship": "Outer",
                                                      "Parallel Aware": false,
                                                      "Join Type": "Inner",
                                                      "Startup Cost": 16331.7,
                                                      "Total Cost": 16344.01,
                                                      "Plan Rows": 2,
                                                      "Plan Width": 41,
                                                      "Actual Startup Time": 103.601,
                                                      "Actual Total Time": 105.301,
                                                      "Actual Rows": 477,
                                                      "Actual Loops": 4,
                                                      "Inner Unique": true,
                                                      "Merge Cond": "(mc1.company_id = cn1.id)",
                                                      "Plans": [
                                                        {
                                                          "Node Type": "Sort",
                                                          "Parent Relationship": "Outer",
                                                          "Parallel Aware": false,
                                                          "Startup Cost": 10274.55,
                                                          "Total Cost": 10275.12,
                                                          "Plan Rows": 226,
                                                          "Plan Width": 26,
                                                          "Actual Startup Time": 68.115,
                                                          "Actual Total Time": 68.79,
                                                          "Actual Rows": 9674,
                                                          "Actual Loops": 4,
                                                          "Sort Key": [
                                                            "mc1.company_id"
                                                          ],
                                                          "Sort Method": "quicksort",
                                                          "Sort Space Used": 1140,
                                                          "Sort Space Type": "Memory",
                                                          "Workers": [
                                                            {
                                                              "Worker Number": 0,
                                                              "Sort Method": "quicksort",
                                                              "Sort Space Used": 1140,
                                                              "Sort Space Type": "Memory"
                                                            },
                                                            {
                                                              "Worker Number": 1,
                                                              "Sort Method": "quicksort",
                                                              "Sort Space Used": 1140,
                                                              "Sort Space Type": "Memory"
                                                            },
                                                            {
                                                              "Worker Number": 2,
                                                              "Sort Method": "quicksort",
                                                              "Sort Space Used": 1140,
                                                              "Sort Space Type": "Memory"
                                                            }
                                                          ],
                                                          "Plans": [
                                                            {
                                                              "Node Type": "Merge Join",
                                                              "Parent Relationship": "Outer",
                                                              "Parallel Aware": false,
                                                              "Join Type": "Inner",
                                                              "Startup Cost": 4524.13,
                                                              "Total Cost": 10265.72,
                                                              "Plan Rows": 226,
                                                              "Plan Width": 26,
                                                              "Actual Startup Time": 29.012,
                                                              "Actual Total Time": 64.828,
                                                              "Actual Rows": 9674,
                                                              "Actual Loops": 4,
                                                              "Inner Unique": false,
                                                              "Merge Cond": "(mc1.movie_id = ml.movie_id)",
                                                              "Plans": [
                                                                {
                                                                  "Node Type": "Index Scan",
                                                                  "Parent Relationship": "Outer",
                                                                  "Parallel Aware": false,
                                                                  "Scan Direction": "Forward",
                                                                  "Index Name": "movie_id_movie_companies",
                                                                  "Relation Name": "movie_companies",
                                                                  "Alias": "mc1",
                                                                  "Startup Cost": 0.43,
                                                                  "Total Cost": 140404.76,
                                                                  "Plan Rows": 2609129,
                                                                  "Plan Width": 8,
                                                                  "Actual Startup Time": 0.064,
                                                                  "Actual Total Time": 25.918,
                                                                  "Actual Rows": 84189,
                                                                  "Actual Loops": 4
                                                                },
                                                                {
                                                                  "Node Type": "Sort",
                                                                  "Parent Relationship": "Inner",
                                                                  "Parallel Aware": false,
                                                                  "Startup Cost": 4523.7,
                                                                  "Total Cost": 4523.81,
                                                                  "Plan Rows": 45,
                                                                  "Plan Width": 18,
                                                                  "Actual Startup Time": 28.859,
                                                                  "Actual Total Time": 29.458,
                                                                  "Actual Rows": 9736,
                                                                  "Actual Loops": 4,
                                                                  "Sort Key": [
                                                                    "mi_idx1.movie_id"
                                                                  ],
                                                                  "Sort Method": "quicksort",
                                                                  "Sort Space Used": 193,
                                                                  "Sort Space Type": "Memory",
                                                                  "Workers": [
                                                                    {
                                                                      "Worker Number": 0,
                                                                      "Sort Method": "quicksort",
                                                                      "Sort Space Used": 193,
                                                                      "Sort Space Type": "Memory"
                                                                    },
                                                                    {
                                                                      "Worker Number": 1,
                                                                      "Sort Method": "quicksort",
                                                                      "Sort Space Used": 193,
                                                                      "Sort Space Type": "Memory"
                                                                    },
                                                                    {
                                                                      "Worker Number": 2,
                                                                      "Sort Method": "quicksort",
                                                                      "Sort Space Used": 193,
                                                                      "Sort Space Type": "Memory"
                                                                    }
                                                                  ],
                                                                  "Plans": [
                                                                    {
                                                                      "Node Type": "Merge Join",
                                                                      "Parent Relationship": "Outer",
                                                                      "Parallel Aware": false,
                                                                      "Join Type": "Inner",
                                                                      "Startup Cost": 4496.53,
                                                                      "Total Cost": 4522.47,
                                                                      "Plan Rows": 45,
                                                                      "Plan Width": 18,
                                                                      "Actual Startup Time": 27.843,
                                                                      "Actual Total Time": 28.331,
                                                                      "Actual Rows": 2064,
                                                                      "Actual Loops": 4,
                                                                      "Inner Unique": true,
                                                                      "Merge Cond": "(mi_idx1.info_type_id = it1.id)",
                                                                      "Plans": [
                                                                        {
                                                                          "Node Type": "Sort",
                                                                          "Parent Relationship": "Outer",
                                                                          "Parallel Aware": false,
                                                                          "Startup Cost": 4494.1,
                                                                          "Total Cost": 4506.84,
                                                                          "Plan Rows": 5098,
                                                                          "Plan Width": 22,
                                                                          "Actual Startup Time": 27.229,
                                                                          "Actual Total Time": 27.564,
                                                                          "Actual Rows": 6192,
                                                                          "Actual Loops": 4,
                                                                          "Sort Key": [
                                                                            "mi_idx1.info_type_id"
                                                                          ],
                                                                          "Sort Method": "quicksort",
                                                                          "Sort Space Used": 676,
                                                                          "Sort Space Type": "Memory",
                                                                          "Workers": [
                                                                            {
                                                                              "Worker Number": 0,
                                                                              "Sort Method": "quicksort",
                                                                              "Sort Space Used": 676,
                                                                              "Sort Space Type": "Memory"
                                                                            },
                                                                            {
                                                                              "Worker Number": 1,
                                                                              "Sort Method": "quicksort",
                                                                              "Sort Space Used": 676,
                                                                              "Sort Space Type": "Memory"
                                                                            },
                                                                            {
                                                                              "Worker Number": 2,
                                                                              "Sort Method": "quicksort",
                                                                              "Sort Space Used": 676,
                                                                              "Sort Space Type": "Memory"
                                                                            }
                                                                          ],
                                                                          "Plans": [
                                                                            {
                                                                              "Node Type": "Merge Join",
                                                                              "Parent Relationship": "Outer",
                                                                              "Parallel Aware": false,
                                                                              "Join Type": "Inner",
                                                                              "Startup Cost": 1618.85,
                                                                              "Total Cost": 4180.17,
                                                                              "Plan Rows": 5098,
                                                                              "Plan Width": 22,
                                                                              "Actual Startup Time": 2.194,
                                                                              "Actual Total Time": 25.331,
                                                                              "Actual Rows": 6192,
                                                                              "Actual Loops": 4,
                                                                              "Inner Unique": false,
                                                                              "Merge Cond": "(mi_idx1.movie_id = ml.movie_id)",
                                                                              "Plans": [
                                                                                {
                                                                                  "Node Type": "Index Scan",
                                                                                  "Parent Relationship": "Outer",
                                                                                  "Parallel Aware": false,
                                                                                  "Scan Direction": "Forward",
                                                                                  "Index Name": "movie_id_movie_info_idx",
                                                                                  "Relation Name": "movie_info_idx",
                                                                                  "Alias": "mi_idx1",
                                                                                  "Startup Cost": 0.43,
                                                                                  "Total Cost": 53622.74,
                                                                                  "Plan Rows": 1380035,
                                                                                  "Plan Width": 14,
                                                                                  "Actual Startup Time": 0.055,
                                                                                  "Actual Total Time": 16.246,
                                                                                  "Actual Rows": 63901,
                                                                                  "Actual Loops": 4
                                                                                },
                                                                                {
                                                                                  "Node Type": "Sort",
                                                                                  "Parent Relationship": "Inner",
                                                                                  "Parallel Aware": false,
                                                                                  "Startup Cost": 1618.42,
                                                                                  "Total Cost": 1622.58,
                                                                                  "Plan Rows": 1666,
                                                                                  "Plan Width": 8,
                                                                                  "Actual Startup Time": 2.11,
                                                                                  "Actual Total Time": 2.509,
                                                                                  "Actual Rows": 6443,
                                                                                  "Actual Loops": 4,
                                                                                  "Sort Key": [
                                                                                    "ml.movie_id"
                                                                                  ],
                                                                                  "Sort Method": "quicksort",
                                                                                  "Sort Space Used": 205,
                                                                                  "Sort Space Type": "Memory",
                                                                                  "Workers": [
                                                                                    {
                                                                                      "Worker Number": 0,
                                                                                      "Sort Method": "quicksort",
                                                                                      "Sort Space Used": 205,
                                                                                      "Sort Space Type": "Memory"
                                                                                    },
                                                                                    {
                                                                                      "Worker Number": 1,
                                                                                      "Sort Method": "quicksort",
                                                                                      "Sort Space Used": 205,
                                                                                      "Sort Space Type": "Memory"
                                                                                    },
                                                                                    {
                                                                                      "Worker Number": 2,
                                                                                      "Sort Method": "quicksort",
                                                                                      "Sort Space Used": 205,
                                                                                      "Sort Space Type": "Memory"
                                                                                    }
                                                                                  ],
                                                                                  "Plans": [
                                                                                    {
                                                                                      "Node Type": "Merge Join",
                                                                                      "Parent Relationship": "Outer",
                                                                                      "Parallel Aware": false,
                                                                                      "Join Type": "Inner",
                                                                                      "Startup Cost": 0.42,
                                                                                      "Total Cost": 1529.27,
                                                                                      "Plan Rows": 1666,
                                                                                      "Plan Width": 8,
                                                                                      "Actual Startup Time": 0.06,
                                                                                      "Actual Total Time": 1.463,
                                                                                      "Actual Rows": 2315,
                                                                                      "Actual Loops": 4,
                                                                                      "Inner Unique": false,
                                                                                      "Merge Cond": "(lt.id = ml.link_type_id)",
                                                                                      "Plans": [
                                                                                        {
                                                                                          "Node Type": "Index Scan",
                                                                                          "Parent Relationship": "Outer",
                                                                                          "Parallel Aware": false,
                                                                                          "Scan Direction": "Forward",
                                                                                          "Index Name": "link_type_pkey",
                                                                                          "Relation Name": "link_type",
                                                                                          "Alias": "lt",
                                                                                          "Startup Cost": 0.14,
                                                                                          "Total Cost": 12.45,
                                                                                          "Plan Rows": 1,
                                                                                          "Plan Width": 4,
                                                                                          "Actual Startup Time": 0.024,
                                                                                          "Actual Total Time": 0.031,
                                                                                          "Actual Rows": 2,
                                                                                          "Actual Loops": 4,
                                                                                          "Filter": "((link)::text ~~ '%follow%'::text)",
                                                                                          "Rows Removed by Filter": 16
                                                                                        },
                                                                                        {
                                                                                          "Node Type": "Index Scan",
                                                                                          "Parent Relationship": "Inner",
                                                                                          "Parallel Aware": false,
                                                                                          "Scan Direction": "Forward",
                                                                                          "Index Name": "link_type_id_movie_link",
                                                                                          "Relation Name": "movie_link",
                                                                                          "Alias": "ml",
                                                                                          "Startup Cost": 0.29,
                                                                                          "Total Cost": 1425.16,
                                                                                          "Plan Rows": 29997,
                                                                                          "Plan Width": 12,
                                                                                          "Actual Startup Time": 0.032,
                                                                                          "Actual Total Time": 1.035,
                                                                                          "Actual Rows": 2316,
                                                                                          "Actual Loops": 4
                                                                                        }
                                                                                      ]
                                                                                    }
                                                                                  ]
                                                                                }
                                                                              ]
                                                                            }
                                                                          ]
                                                                        },
                                                                        {
                                                                          "Node Type": "Sort",
                                                                          "Parent Relationship": "Inner",
                                                                          "Parallel Aware": false,
                                                                          "Startup Cost": 2.42,
                                                                          "Total Cost": 2.43,
                                                                          "Plan Rows": 1,
                                                                          "Plan Width": 4,
                                                                          "Actual Startup Time": 0.056,
                                                                          "Actual Total Time": 0.056,
                                                                          "Actual Rows": 1,
                                                                          "Actual Loops": 4,
                                                                          "Sort Key": [
                                                                            "it1.id"
                                                                          ],
                                                                          "Sort Method": "quicksort",
                                                                          "Sort Space Used": 25,
                                                                          "Sort Space Type": "Memory",
                                                                          "Workers": [
                                                                            {
                                                                              "Worker Number": 0,
                                                                              "Sort Method": "quicksort",
                                                                              "Sort Space Used": 25,
                                                                              "Sort Space Type": "Memory"
                                                                            },
                                                                            {
                                                                              "Worker Number": 1,
                                                                              "Sort Method": "quicksort",
                                                                              "Sort Space Used": 25,
                                                                              "Sort Space Type": "Memory"
                                                                            },
                                                                            {
                                                                              "Worker Number": 2,
                                                                              "Sort Method": "quicksort",
                                                                              "Sort Space Used": 25,
                                                                              "Sort Space Type": "Memory"
                                                                            }
                                                                          ],
                                                                          "Plans": [
                                                                            {
                                                                              "Node Type": "Seq Scan",
                                                                              "Parent Relationship": "Outer",
                                                                              "Parallel Aware": false,
                                                                              "Relation Name": "info_type",
                                                                              "Alias": "it1",
                                                                              "Startup Cost": 0.0,
                                                                              "Total Cost": 2.41,
                                                                              "Plan Rows": 1,
                                                                              "Plan Width": 4,
                                                                              "Actual Startup Time": 0.049,
                                                                              "Actual Total Time": 0.051,
                                                                              "Actual Rows": 1,
                                                                              "Actual Loops": 4,
                                                                              "Filter": "((info)::text = 'rating'::text COLLATE \"C\")",
                                                                              "Rows Removed by Filter": 112
                                                                            }
                                                                          ]
                                                                        }
                                                                      ]
                                                                    }
                                                                  ]
                                                                }
                                                              ]
                                                            }
                                                          ]
                                                        },
                                                        {
                                                          "Node Type": "Sort",
                                                          "Parent Relationship": "Inner",
                                                          "Parallel Aware": false,
                                                          "Startup Cost": 6057.11,
                                                          "Total Cost": 6062.71,
                                                          "Plan Rows": 2240,
                                                          "Plan Width": 23,
                                                          "Actual Startup Time": 35.466,
                                                          "Actual Total Time": 35.549,
                                                          "Actual Rows": 1221,
                                                          "Actual Loops": 4,
                                                          "Sort Key": [
                                                            "cn1.id"
                                                          ],
                                                          "Sort Method": "quicksort",
                                                          "Sort Space Used": 261,
                                                          "Sort Space Type": "Memory",
                                                          "Workers": [
                                                            {
                                                              "Worker Number": 0,
                                                              "Sort Method": "quicksort",
                                                              "Sort Space Used": 261,
                                                              "Sort Space Type": "Memory"
                                                            },
                                                            {
                                                              "Worker Number": 1,
                                                              "Sort Method": "quicksort",
                                                              "Sort Space Used": 261,
                                                              "Sort Space Type": "Memory"
                                                            },
                                                            {
                                                              "Worker Number": 2,
                                                              "Sort Method": "quicksort",
                                                              "Sort Space Used": 261,
                                                              "Sort Space Type": "Memory"
                                                            }
                                                          ],
                                                          "Plans": [
                                                            {
                                                              "Node Type": "Seq Scan",
                                                              "Parent Relationship": "Outer",
                                                              "Parallel Aware": false,
                                                              "Relation Name": "company_name",
                                                              "Alias": "cn1",
                                                              "Startup Cost": 0.0,
                                                              "Total Cost": 5932.46,
                                                              "Plan Rows": 2240,
                                                              "Plan Width": 23,
                                                              "Actual Startup Time": 0.041,
                                                              "Actual Total Time": 34.246,
                                                              "Actual Rows": 2340,
                                                              "Actual Loops": 4,
                                                              "Filter": "((country_code)::text = '[nl]'::text)",
                                                              "Rows Removed by Filter": 232657
                                                            }
                                                          ]
                                                        }
                                                      ]
                                                    }
                                                  ]
                                                }
                                              ]
                                            }
                                          ]
                                        },
                                        {
                                          "Node Type": "Sort",
                                          "Parent Relationship": "Inner",
                                          "Parallel Aware": false,
                                          "Startup Cost": 44152.17,
                                          "Total Cost": 44167.19,
                                          "Plan Rows": 6007,
                                          "Plan Width": 10,
                                          "Actual Startup Time": 192.739,
                                          "Actual Total Time": 196.096,
                                          "Actual Rows": 24778,
                                          "Actual Loops": 1,
                                          "Sort Key": [
                                            "mi_idx2.movie_id"
                                          ],
                                          "Sort Method": "quicksort",
                                          "Sort Space Used": 1968,
                                          "Sort Space Type": "Memory",
                                          "Plans": [
                                            {
                                              "Node Type": "Gather",
                                              "Parent Relationship": "Outer",
                                              "Parallel Aware": false,
                                              "Startup Cost": 41735.26,
                                              "Total Cost": 43775.16,
                                              "Plan Rows": 6007,
                                              "Plan Width": 10,
                                              "Actual Startup Time": 179.675,
                                              "Actual Total Time": 187.146,
                                              "Actual Rows": 25591,
                                              "Actual Loops": 1,
                                              "Workers Planned": 2,
                                              "Workers Launched": 2,
                                              "Single Copy": false,
                                              "Plans": [
                                                {
                                                  "Node Type": "Merge Join",
                                                  "Parent Relationship": "Outer",
                                                  "Parallel Aware": false,
                                                  "Join Type": "Inner",
                                                  "Startup Cost": 40735.26,
                                                  "Total Cost": 42174.46,
                                                  "Plan Rows": 2503,
                                                  "Plan Width": 10,
                                                  "Actual Startup Time": 170.846,
                                                  "Actual Total Time": 173.568,
                                                  "Actual Rows": 8530,
                                                  "Actual Loops": 3,
                                                  "Inner Unique": true,
                                                  "Merge Cond": "(mi_idx2.info_type_id = it2.id)",
                                                  "Plans": [
                                                    {
                                                      "Node Type": "Sort",
                                                      "Parent Relationship": "Outer",
                                                      "Parallel Aware": false,
                                                      "Startup Cost": 40732.83,
                                                      "Total Cost": 41439.91,
                                                      "Plan Rows": 282835,
                                                      "Plan Width": 14,
                                                      "Actual Startup Time": 145.444,
                                                      "Actual Total Time": 157.369,
                                                      "Actual Rows": 224884,
                                                      "Actual Loops": 3,
                                                      "Sort Key": [
                                                        "mi_idx2.info_type_id"
                                                      ],
                                                      "Sort Method": "quicksort",
                                                      "Sort Space Used": 32537,
                                                      "Sort Space Type": "Memory",
                                                      "Workers": [
                                                        {
                                                          "Worker Number": 0,
                                                          "Sort Method": "quicksort",
                                                          "Sort Space Used": 18687,
                                                          "Sort Space Type": "Memory"
                                                        },
                                                        {
                                                          "Worker Number": 1,
                                                          "Sort Method": "quicksort",
                                                          "Sort Space Used": 18653,
                                                          "Sort Space Type": "Memory"
                                                        }
                                                      ],
                                                      "Plans": [
                                                        {
                                                          "Node Type": "Seq Scan",
                                                          "Parent Relationship": "Outer",
                                                          "Parallel Aware": true,
                                                          "Relation Name": "movie_info_idx",
                                                          "Alias": "mi_idx2",
                                                          "Startup Cost": 0.0,
                                                          "Total Cost": 15122.68,
                                                          "Plan Rows": 282835,
                                                          "Plan Width": 14,
                                                          "Actual Startup Time": 0.048,
                                                          "Actual Total Time": 84.581,
                                                          "Actual Rows": 224943,
                                                          "Actual Loops": 3,
                                                          "Filter": "(info < '3.0'::text)",
                                                          "Rows Removed by Filter": 235069
                                                        }
                                                      ]
                                                    },
                                                    {
                                                      "Node Type": "Sort",
                                                      "Parent Relationship": "Inner",
                                                      "Parallel Aware": false,
                                                      "Startup Cost": 2.42,
                                                      "Total Cost": 2.43,
                                                      "Plan Rows": 1,
                                                      "Plan Width": 4,
                                                      "Actual Startup Time": 0.059,
                                                      "Actual Total Time": 0.06,
                                                      "Actual Rows": 1,
                                                      "Actual Loops": 3,
                                                      "Sort Key": [
                                                        "it2.id"
                                                      ],
                                                      "Sort Method": "quicksort",
                                                      "Sort Space Used": 25,
                                                      "Sort Space Type": "Memory",
                                                      "Workers": [
                                                        {
                                                          "Worker Number": 0,
                                                          "Sort Method": "quicksort",
                                                          "Sort Space Used": 25,
                                                          "Sort Space Type": "Memory"
                                                        },
                                                        {
                                                          "Worker Number": 1,
                                                          "Sort Method": "quicksort",
                                                          "Sort Space Used": 25,
                                                          "Sort Space Type": "Memory"
                                                        }
                                                      ],
                                                      "Plans": [
                                                        {
                                                          "Node Type": "Seq Scan",
                                                          "Parent Relationship": "Outer",
                                                          "Parallel Aware": false,
                                                          "Relation Name": "info_type",
                                                          "Alias": "it2",
                                                          "Startup Cost": 0.0,
                                                          "Total Cost": 2.41,
                                                          "Plan Rows": 1,
                                                          "Plan Width": 4,
                                                          "Actual Startup Time": 0.048,
                                                          "Actual Total Time": 0.049,
                                                          "Actual Rows": 1,
                                                          "Actual Loops": 3,
                                                          "Filter": "((info)::text = 'rating'::text COLLATE \"C\")",
                                                          "Rows Removed by Filter": 112
                                                        }
                                                      ]
                                                    }
                                                  ]
                                                }
                                              ]
                                            }
                                          ]
                                        }
                                      ]
                                    },
                                    {
                                      "Node Type": "Sort",
                                      "Parent Relationship": "Inner",
                                      "Parallel Aware": false,
                                      "Startup Cost": 50357.16,
                                      "Total Cost": 50400.87,
                                      "Plan Rows": 17483,
                                      "Plan Width": 21,
                                      "Actual Startup Time": 115.974,
                                      "Actual Total Time": 116.431,
                                      "Actual Rows": 4060,
                                      "Actual Loops": 1,
                                      "Sort Key": [
                                        "t2.id"
                                      ],
                                      "Sort Method": "quicksort",
                                      "Sort Space Used": 384,
                                      "Sort Space Type": "Memory",
                                      "Plans": [
                                        {
                                          "Node Type": "Gather",
                                          "Parent Relationship": "Outer",
                                          "Parallel Aware": false,
                                          "Startup Cost": 47180.17,
                                          "Total Cost": 49125.16,
                                          "Plan Rows": 17483,
                                          "Plan Width": 21,
                                          "Actual Startup Time": 113.891,
                                          "Actual Total Time": 114.981,
                                          "Actual Rows": 4058,
                                          "Actual Loops": 1,
                                          "Workers Planned": 4,
                                          "Workers Launched": 4,
                                          "Single Copy": false,
                                          "Plans": [
                                            {
                                              "Node Type": "Merge Join",
                                              "Parent Relationship": "Outer",
                                              "Parallel Aware": false,
                                              "Join Type": "Inner",
                                              "Startup Cost": 46180.17,
                                              "Total Cost": 46376.86,
                                              "Plan Rows": 4371,
                                              "Plan Width": 21,
                                              "Actual Startup Time": 104.19,
                                              "Actual Total Time": 104.512,
                                              "Actual Rows": 812,
                                              "Actual Loops": 5,
                                              "Inner Unique": true,
                                              "Merge Cond": "(t2.kind_id = kt2.id)",
                                              "Plans": [
                                                {
                                                  "Node Type": "Sort",
                                                  "Parent Relationship": "Outer",
                                                  "Parallel Aware": false,
                                                  "Startup Cost": 46179.07,
                                                  "Total Cost": 46255.56,
                                                  "Plan Rows": 30595,
                                                  "Plan Width": 25,
                                                  "Actual Startup Time": 103.637,
                                                  "Actual Total Time": 104.001,
                                                  "Actual Rows": 4367,
                                                  "Actual Loops": 5,
                                                  "Sort Key": [
                                                    "t2.kind_id"
                                                  ],
                                                  "Sort Method": "quicksort",
                                                  "Sort Space Used": 4873,
                                                  "Sort Space Type": "Memory",
                                                  "Workers": [
                                                    {
                                                      "Worker Number": 0,
                                                      "Sort Method": "quicksort",
                                                      "Sort Space Used": 2183,
                                                      "Sort Space Type": "Memory"
                                                    },
                                                    {
                                                      "Worker Number": 1,
                                                      "Sort Method": "quicksort",
                                                      "Sort Space Used": 2166,
                                                      "Sort Space Type": "Memory"
                                                    },
                                                    {
                                                      "Worker Number": 2,
                                                      "Sort Method": "quicksort",
                                                      "Sort Space Used": 2160,
                                                      "Sort Space Type": "Memory"
                                                    },
                                                    {
                                                      "Worker Number": 3,
                                                      "Sort Method": "quicksort",
                                                      "Sort Space Used": 2180,
                                                      "Sort Space Type": "Memory"
                                                    }
                                                  ],
                                                  "Plans": [
                                                    {
                                                      "Node Type": "Seq Scan",
                                                      "Parent Relationship": "Outer",
                                                      "Parallel Aware": true,
                                                      "Relation Name": "title",
                                                      "Alias": "t2",
                                                      "Startup Cost": 0.0,
                                                      "Total Cost": 43899.59,
                                                      "Plan Rows": 30595,
                                                      "Plan Width": 25,
                                                      "Actual Startup Time": 0.059,
                                                      "Actual Total Time": 92.953,
                                                      "Actual Rows": 23913,
                                                      "Actual Loops": 5,
                                                      "Filter": "(production_year = 2007)",
                                                      "Rows Removed by Filter": 481749
                                                    }
                                                  ]
                                                },
                                                {
                                                  "Node Type": "Sort",
                                                  "Parent Relationship": "Inner",
                                                  "Parallel Aware": false,
                                                  "Startup Cost": 1.1,
                                                  "Total Cost": 1.1,
                                                  "Plan Rows": 1,
                                                  "Plan Width": 4,
                                                  "Actual Startup Time": 0.05,
                                                  "Actual Total Time": 0.051,
                                                  "Actual Rows": 1,
                                                  "Actual Loops": 5,
                                                  "Sort Key": [
                                                    "kt2.id"
                                                  ],
                                                  "Sort Method": "quicksort",
                                                  "Sort Space Used": 25,
                                                  "Sort Space Type": "Memory",
                                                  "Workers": [
                                                    {
                                                      "Worker Number": 0,
                                                      "Sort Method": "quicksort",
                                                      "Sort Space Used": 25,
                                                      "Sort Space Type": "Memory"
                                                    },
                                                    {
                                                      "Worker Number": 1,
                                                      "Sort Method": "quicksort",
                                                      "Sort Space Used": 25,
                                                      "Sort Space Type": "Memory"
                                                    },
                                                    {
                                                      "Worker Number": 2,
                                                      "Sort Method": "quicksort",
                                                      "Sort Space Used": 25,
                                                      "Sort Space Type": "Memory"
                                                    },
                                                    {
                                                      "Worker Number": 3,
                                                      "Sort Method": "quicksort",
                                                      "Sort Space Used": 25,
                                                      "Sort Space Type": "Memory"
                                                    }
                                                  ],
                                                  "Plans": [
                                                    {
                                                      "Node Type": "Seq Scan",
                                                      "Parent Relationship": "Outer",
                                                      "Parallel Aware": false,
                                                      "Relation Name": "kind_type",
                                                      "Alias": "kt2",
                                                      "Startup Cost": 0.0,
                                                      "Total Cost": 1.09,
                                                      "Plan Rows": 1,
                                                      "Plan Width": 4,
                                                      "Actual Startup Time": 0.04,
                                                      "Actual Total Time": 0.041,
                                                      "Actual Rows": 1,
                                                      "Actual Loops": 5,
                                                      "Filter": "((kind)::text = 'tv series'::text COLLATE \"C\")",
                                                      "Rows Removed by Filter": 6
                                                    }
                                                  ]
                                                }
                                              ]
                                            }
                                          ]
                                        }
                                      ]
                                    }
                                  ]
                                }
                              ]
                            }
                          ]
                        }
                      ]
                    },
                    {
                      "Node Type": "Sort",
                      "Parent Relationship": "Inner",
                      "Parallel Aware": false,
                      "Startup Cost": 1.1,
                      "Total Cost": 1.1,
                      "Plan Rows": 1,
                      "Plan Width": 4,
                      "Actual Startup Time": 0.03,
                      "Actual Total Time": 0.03,
                      "Actual Rows": 1,
                      "Actual Loops": 1,
                      "Sort Key": [
                        "kt1.id"
                      ],
                      "Sort Method": "quicksort",
                      "Sort Space Used": 25,
                      "Sort Space Type": "Memory",
                      "Plans": [
                        {
                          "Node Type": "Seq Scan",
                          "Parent Relationship": "Outer",
                          "Parallel Aware": false,
                          "Relation Name": "kind_type",
                          "Alias": "kt1",
                          "Startup Cost": 0.0,
                          "Total Cost": 1.09,
                          "Plan Rows": 1,
                          "Plan Width": 4,
                          "Actual Startup Time": 0.016,
                          "Actual Total Time": 0.017,
                          "Actual Rows": 1,
                          "Actual Loops": 1,
                          "Filter": "((kind)::text = 'tv series'::text COLLATE \"C\")",
                          "Rows Removed by Filter": 6
                        }
                      ]
                    }
                  ]
                }
              ]
            }
          ]
        }
      ]
    },
    "Planning Time": 7986.623,
    "Triggers": [],
    "Execution Time": 869.555
  }
]