[
  {
    "Plan": {
      "Node Type": "Aggregate",
      "Strategy": "Plain",
      "Partial Mode": "Finalize",
      "Parallel Aware": false,
      "Startup Cost": 97965.75,
      "Total Cost": 97965.76,
      "Plan Rows": 1,
      "Plan Width": 8,
      "Actual Startup Time": 580.235,
      "Actual Total Time": 596.719,
      "Actual Rows": 1,
      "Actual Loops": 1,
      "Plans": [
        {
          "Node Type": "Gather",
          "Parent Relationship": "Outer",
          "Parallel Aware": false,
          "Startup Cost": 97965.44,
          "Total Cost": 97965.75,
          "Plan Rows": 3,
          "Plan Width": 8,
          "Actual Startup Time": 570.772,
          "Actual Total Time": 596.707,
          "Actual Rows": 4,
          "Actual Loops": 1,
          "Workers Planned": 3,
          "Workers Launched": 3,
          "Single Copy": false,
          "Plans": [
            {
              "Node Type": "Aggregate",
              "Strategy": "Plain",
              "Partial Mode": "Partial",
              "Parent Relationship": "Outer",
              "Parallel Aware": false,
              "Startup Cost": 96965.44,
              "Total Cost": 96965.45,
              "Plan Rows": 1,
              "Plan Width": 8,
              "Actual Startup Time": 552.204,
              "Actual Total Time": 552.207,
              "Actual Rows": 1,
              "Actual Loops": 4,
              "Plans": [
                {
                  "Node Type": "Hash Join",
                  "Parent Relationship": "Outer",
                  "Parallel Aware": true,
                  "Join Type": "Inner",
                  "Startup Cost": 50509.94,
                  "Total Cost": 95298.0,
                  "Plan Rows": 666974,
                  "Plan Width": 0,
                  "Actual Startup Time": 325.741,
                  "Actual Total Time": 531.692,
                  "Actual Rows": 485324,
                  "Actual Loops": 4,
                  "Inner Unique": true,
                  "Hash Cond": "(mk.movie_id = t.id)",
                  "Plans": [
                    {
                      "Node Type": "Seq Scan",
                      "Parent Relationship": "Outer",
                      "Parallel Aware": true,
                      "Relation Name": "movie_keyword",
                      "Alias": "mk",
                      "Startup Cost": 0.0,
                      "Total Cost": 42695.65,
                      "Plan Rows": 797108,
                      "Plan Width": 4,
                      "Actual Startup Time": 0.265,
                      "Actual Total Time": 105.136,
                      "Actual Rows": 618303,
                      "Actual Loops": 4,
                      "Filter": "(keyword_id > 3658)",
                      "Rows Removed by Filter": 512679
                    },
                    {
                      "Node Type": "Hash",
                      "Parent Relationship": "Inner",
                      "Parallel Aware": true,
                      "Startup Cost": 43898.92,
                      "Total Cost": 43898.92,
                      "Plan Rows": 528882,
                      "Plan Width": 4,
                      "Actual Startup Time": 313.864,
                      "Actual Total Time": 313.865,
                      "Actual Rows": 526034,
                      "Actual Loops": 4,
                      "Hash Buckets": 4194304,
                      "Original Hash Buckets": 4194304,
                      "Hash Batches": 1,
                      "Original Hash Batches": 1,
                      "Peak Memory Usage": 115136,
                      "Plans": [
                        {
                          "Node Type": "Seq Scan",
                          "Parent Relationship": "Outer",
                          "Parallel Aware": true,
                          "Relation Name": "title",
                          "Alias": "t",
                          "Startup Cost": 0.0,
                          "Total Cost": 43898.92,
                          "Plan Rows": 528882,
                          "Plan Width": 4,
                          "Actual Startup Time": 0.033,
                          "Actual Total Time": 112.398,
                          "Actual Rows": 526034,
                          "Actual Loops": 4,
                          "Filter": "(production_year > 1968)",
                          "Rows Removed by Filter": 106044
                        }
                      ]
                    }
                  ]
                }
              ]
            }
          ]
        }
      ]
    },
    "Planning Time": 0.567,
    "Triggers": [],
    "Execution Time": 596.793
  }
]