[
  {
    "Plan": {
      "Node Type": "Aggregate",
      "Strategy": "Plain",
      "Partial Mode": "Finalize",
      "Parallel Aware": false,
      "Startup Cost": 44960.66,
      "Total Cost": 44960.67,
      "Plan Rows": 1,
      "Plan Width": 8,
      "Actual Startup Time": 121.507,
      "Actual Total Time": 131.121,
      "Actual Rows": 1,
      "Actual Loops": 1,
      "Plans": [
        {
          "Node Type": "Gather",
          "Parent Relationship": "Outer",
          "Parallel Aware": false,
          "Startup Cost": 44960.34,
          "Total Cost": 44960.65,
          "Plan Rows": 3,
          "Plan Width": 8,
          "Actual Startup Time": 121.368,
          "Actual Total Time": 131.107,
          "Actual Rows": 4,
          "Actual Loops": 1,
          "Workers Planned": 3,
          "Workers Launched": 3,
          "Single Copy": false,
          "Plans": [
            {
              "Node Type": "Aggregate",
              "Strategy": "Plain",
              "Partial Mode": "Partial",
              "Parent Relationship": "Outer",
              "Parallel Aware": false,
              "Startup Cost": 43960.34,
              "Total Cost": 43960.35,
              "Plan Rows": 1,
              "Plan Width": 8,
              "Actual Startup Time": 117.772,
              "Actual Total Time": 117.773,
              "Actual Rows": 1,
              "Actual Loops": 4,
              "Plans": [
                {
                  "Node Type": "Seq Scan",
                  "Parent Relationship": "Outer",
                  "Parallel Aware": true,
                  "Relation Name": "movie_keyword",
                  "Alias": "mk",
                  "Startup Cost": 0.0,
                  "Total Cost": 42695.65,
                  "Plan Rows": 505874,
                  "Plan Width": 0,
                  "Actual Startup Time": 1.142,
                  "Actual Total Time": 100.709,
                  "Actual Rows": 390246,
                  "Actual Loops": 4,
                  "Filter": "(keyword_id > 10071)",
                  "Rows Removed by Filter": 740737
                }
              ]
            }
          ]
        }
      ]
    },
    "Planning Time": 0.133,
    "Triggers": [],
    "Execution Time": 131.163
  }
]