[
  {
    "Plan": {
      "Node Type": "Aggregate",
      "Strategy": "Plain",
      "Partial Mode": "Finalize",
      "Parallel Aware": false,
      "Startup Cost": 46817.09,
      "Total Cost": 46817.1,
      "Plan Rows": 1,
      "Plan Width": 8,
      "Actual Startup Time": 104.98,
      "Actual Total Time": 118.492,
      "Actual Rows": 1,
      "Actual Loops": 1,
      "Plans": [
        {
          "Node Type": "Gather",
          "Parent Relationship": "Outer",
          "Parallel Aware": false,
          "Startup Cost": 46816.67,
          "Total Cost": 46817.08,
          "Plan Rows": 4,
          "Plan Width": 8,
          "Actual Startup Time": 104.771,
          "Actual Total Time": 118.482,
          "Actual Rows": 5,
          "Actual Loops": 1,
          "Workers Planned": 4,
          "Workers Launched": 4,
          "Single Copy": false,
          "Plans": [
            {
              "Node Type": "Aggregate",
              "Strategy": "Plain",
              "Partial Mode": "Partial",
              "Parent Relationship": "Outer",
              "Parallel Aware": false,
              "Startup Cost": 45816.67,
              "Total Cost": 45816.68,
              "Plan Rows": 1,
              "Plan Width": 8,
              "Actual Startup Time": 97.567,
              "Actual Total Time": 97.569,
              "Actual Rows": 1,
              "Actual Loops": 5,
              "Plans": [
                {
                  "Node Type": "Seq Scan",
                  "Parent Relationship": "Outer",
                  "Parallel Aware": true,
                  "Relation Name": "title",
                  "Alias": "t",
                  "Startup Cost": 0.0,
                  "Total Cost": 45479.59,
                  "Plan Rows": 134834,
                  "Plan Width": 0,
                  "Actual Startup Time": 55.404,
                  "Actual Total Time": 92.669,
                  "Actual Rows": 111464,
                  "Actual Loops": 5,
                  "Filter": "((production_year < 2011) AND (kind_id = 1))",
                  "Rows Removed by Filter": 394199
                }
              ]
            }
          ]
        }
      ]
    },
    "Planning Time": 0.201,
    "Triggers": [],
    "Execution Time": 118.56
  }
]