[
  {
    "Plan": {
      "Node Type": "Aggregate",
      "Strategy": "Plain",
      "Partial Mode": "Finalize",
      "Parallel Aware": false,
      "Startup Cost": 46818.16,
      "Total Cost": 46818.17,
      "Plan Rows": 1,
      "Plan Width": 8,
      "Actual Startup Time": 105.061,
      "Actual Total Time": 118.103,
      "Actual Rows": 1,
      "Actual Loops": 1,
      "Plans": [
        {
          "Node Type": "Gather",
          "Parent Relationship": "Outer",
          "Parallel Aware": false,
          "Startup Cost": 46817.74,
          "Total Cost": 46818.15,
          "Plan Rows": 4,
          "Plan Width": 8,
          "Actual Startup Time": 104.914,
          "Actual Total Time": 118.095,
          "Actual Rows": 5,
          "Actual Loops": 1,
          "Workers Planned": 4,
          "Workers Launched": 4,
          "Single Copy": false,
          "Plans": [
            {
              "Node Type": "Aggregate",
              "Strategy": "Plain",
              "Partial Mode": "Partial",
              "Parent Relationship": "Outer",
              "Parallel Aware": false,
              "Startup Cost": 45817.74,
              "Total Cost": 45817.75,
              "Plan Rows": 1,
              "Plan Width": 8,
              "Actual Startup Time": 98.513,
              "Actual Total Time": 98.514,
              "Actual Rows": 1,
              "Actual Loops": 5,
              "Plans": [
                {
                  "Node Type": "Seq Scan",
                  "Parent Relationship": "Outer",
                  "Parallel Aware": true,
                  "Relation Name": "title",
                  "Alias": "t",
                  "Startup Cost": 0.0,
                  "Total Cost": 45479.1,
                  "Plan Rows": 135455,
                  "Plan Width": 0,
                  "Actual Startup Time": 56.727,
                  "Actual Total Time": 93.411,
                  "Actual Rows": 111464,
                  "Actual Loops": 5,
                  "Filter": "((production_year < 2011) AND (kind_id = 1))",
                  "Rows Removed by Filter": 394199
                }
              ]
            }
          ]
        }
      ]
    },
    "Planning Time": 0.166,
    "Triggers": [],
    "Execution Time": 118.155
  }
]