[
  {
    "Plan": {
      "Node Type": "Aggregate",
      "Strategy": "Plain",
      "Partial Mode": "Finalize",
      "Parallel Aware": false,
      "Startup Cost": 126812.17,
      "Total Cost": 126812.18,
      "Plan Rows": 1,
      "Plan Width": 8,
      "Actual Startup Time": 876.032,
      "Actual Total Time": 897.922,
      "Actual Rows": 1,
      "Actual Loops": 1,
      "Plans": [
        {
          "Node Type": "Gather",
          "Parent Relationship": "Outer",
          "Parallel Aware": false,
          "Startup Cost": 126811.85,
          "Total Cost": 126812.16,
          "Plan Rows": 3,
          "Plan Width": 8,
          "Actual Startup Time": 870.342,
          "Actual Total Time": 897.913,
          "Actual Rows": 4,
          "Actual Loops": 1,
          "Workers Planned": 3,
          "Workers Launched": 3,
          "Single Copy": false,
          "Plans": [
            {
              "Node Type": "Aggregate",
              "Strategy": "Plain",
              "Partial Mode": "Partial",
              "Parent Relationship": "Outer",
              "Parallel Aware": false,
              "Startup Cost": 125811.85,
              "Total Cost": 125811.86,
              "Plan Rows": 1,
              "Plan Width": 8,
              "Actual Startup Time": 861.019,
              "Actual Total Time": 861.494,
              "Actual Rows": 1,
              "Actual Loops": 4,
              "Plans": [
                {
                  "Node Type": "Hash Join",
                  "Parent Relationship": "Outer",
                  "Parallel Aware": true,
                  "Join Type": "Inner",
                  "Startup Cost": 80122.14,
                  "Total Cost": 125226.91,
                  "Plan Rows": 233977,
                  "Plan Width": 0,
                  "Actual Startup Time": 529.114,
                  "Actual Total Time": 813.347,
                  "Actual Rows": 1221184,
                  "Actual Loops": 4,
                  "Inner Unique": false,
                  "Hash Cond": "(mk.movie_id = t.id)",
                  "Plans": [
                    {
                      "Node Type": "Seq Scan",
                      "Parent Relationship": "Outer",
                      "Parallel Aware": true,
                      "Relation Name": "movie_keyword",
                      "Alias": "mk",
                      "Startup Cost": 0.0,
                      "Total Cost": 39047.32,
                      "Plan Rows": 1459332,
                      "Plan Width": 4,
                      "Actual Startup Time": 0.043,
                      "Actual Total Time": 90.721,
                      "Actual Rows": 1130982,
                      "Actual Loops": 4
                    },
                    {
                      "Node Type": "Hash",
                      "Parent Relationship": "Inner",
                      "Parallel Aware": true,
                      "Startup Cost": 78855.36,
                      "Total Cost": 78855.36,
                      "Plan Rows": 101342,
                      "Plan Width": 8,
                      "Actual Startup Time": 524.764,
                      "Actual Total Time": 525.238,
                      "Actual Rows": 183862,
                      "Actual Loops": 4,
                      "Hash Buckets": 1048576,
                      "Original Hash Buckets": 524288,
                      "Hash Batches": 1,
                      "Original Hash Batches": 1,
                      "Peak Memory Usage": 41088,
                      "Plans": [
                        {
                          "Node Type": "Hash Join",
                          "Parent Relationship": "Outer",
                          "Parallel Aware": true,
                          "Join Type": "Inner",
                          "Startup Cost": 33049.36,
                          "Total Cost": 78855.36,
                          "Plan Rows": 101342,
                          "Plan Width": 8,
                          "Actual Startup Time": 169.397,
                          "Actual Total Time": 454.282,
                          "Actual Rows": 183862,
                          "Actual Loops": 4,
                          "Inner Unique": false,
                          "Hash Cond": "(t.id = mc.movie_id)",
                          "Plans": [
                            {
                              "Node Type": "Seq Scan",
                              "Parent Relationship": "Outer",
                              "Parallel Aware": true,
                              "Relation Name": "title",
                              "Alias": "t",
                              "Startup Cost": 0.0,
                              "Total Cost": 42318.73,
                              "Plan Rows": 632073,
                              "Plan Width": 4,
                              "Actual Startup Time": 0.017,
                              "Actual Total Time": 81.938,
                              "Actual Rows": 632078,
                              "Actual Loops": 4
                            },
                            {
                              "Node Type": "Hash",
                              "Parent Relationship": "Inner",
                              "Parallel Aware": true,
                              "Startup Cost": 31414.82,
                              "Total Cost": 31414.82,
                              "Plan Rows": 130763,
                              "Plan Width": 4,
                              "Actual Startup Time": 167.351,
                              "Actual Total Time": 167.353,
                              "Actual Rows": 183862,
                              "Actual Loops": 4,
                              "Hash Buckets": 1048576,
                              "Original Hash Buckets": 524288,
                              "Hash Batches": 1,
                              "Original Hash Batches": 1,
                              "Peak Memory Usage": 41152,
                              "Plans": [
                                {
                                  "Node Type": "Seq Scan",
                                  "Parent Relationship": "Outer",
                                  "Parallel Aware": true,
                                  "Relation Name": "movie_companies",
                                  "Alias": "mc",
                                  "Startup Cost": 0.0,
                                  "Total Cost": 31414.82,
                                  "Plan Rows": 130763,
                                  "Plan Width": 4,
                                  "Actual Startup Time": 50.26,
                                  "Actual Total Time": 92.487,
                                  "Actual Rows": 183862,
                                  "Actual Loops": 4,
                                  "Filter": "((company_id > 28917) AND (company_type_id > 1))",
                                  "Rows Removed by Filter": 468420
                                }
                              ]
                            }
                          ]
                        }
                      ]
                    }
                  ]
                }
              ]
            }
          ]
        }
      ]
    },
    "Planning Time": 1.504,
    "Triggers": [],
    "Execution Time": 898.009
  }
]