{
  "Plan": {
    "Node Type": "Aggregate",
    "Strategy": "Plain",
    "Partial Mode": "Finalize",
    "Parallel Aware": false,
    "Startup Cost": 526866.69,
    "Total Cost": 526866.7,
    "Plan Rows": 1,
    "Plan Width": 8,
    "Actual Startup Time": 4304.957,
    "Actual Total Time": 4345.08,
    "Actual Rows": 1,
    "Actual Loops": 1,
    "Plans": [
      {
        "Node Type": "Gather",
        "Parent Relationship": "Outer",
        "Parallel Aware": false,
        "Startup Cost": 526866.58,
        "Total Cost": 526866.69,
        "Plan Rows": 1,
        "Plan Width": 8,
        "Actual Startup Time": 4300.556,
        "Actual Total Time": 4345.071,
        "Actual Rows": 2,
        "Actual Loops": 1,
        "Workers Planned": 1,
        "Workers Launched": 1,
        "Single Copy": false,
        "Plans": [
          {
            "Node Type": "Aggregate",
            "Strategy": "Plain",
            "Partial Mode": "Partial",
            "Parent Relationship": "Outer",
            "Parallel Aware": false,
            "Startup Cost": 525866.58,
            "Total Cost": 525866.59,
            "Plan Rows": 1,
            "Plan Width": 8,
            "Actual Startup Time": 4294.736,
            "Actual Total Time": 4295.642,
            "Actual Rows": 1,
            "Actual Loops": 2,
            "Plans": [
              {
                "Node Type": "Hash Join",
                "Parent Relationship": "Outer",
                "Parallel Aware": true,
                "Join Type": "Inner",
                "Startup Cost": 93200.34,
                "Total Cost": 519151.35,
                "Plan Rows": 2686094,
                "Plan Width": 0,
                "Actual Startup Time": 904.826,
                "Actual Total Time": 4059.48,
                "Actual Rows": 4804127,
                "Actual Loops": 2,
                "Inner Unique": false,
                "Hash Cond": "(ci.movie_id = t.id)",
                "Plans": [
                  {
                    "Node Type": "Index Scan",
                    "Parent Relationship": "Outer",
                    "Parallel Aware": true,
                    "Scan Direction": "Forward",
                    "Index Name": "role_id_cast_info",
                    "Relation Name": "cast_info",
                    "Alias": "ci",
                    "Startup Cost": 0.56,
                    "Total Cost": 382631.05,
                    "Plan Rows": 7338659,
                    "Plan Width": 4,
                    "Actual Startup Time": 0.184,
                    "Actual Total Time": 937.781,
                    "Actual Rows": 6335344,
                    "Actual Loops": 2,
                    "Index Cond": "(role_id = 1)",
                    "Rows Removed by Index Recheck": 0
                  },
                  {
                    "Node Type": "Hash",
                    "Parent Relationship": "Inner",
                    "Parallel Aware": true,
                    "Startup Cost": 86395.32,
                    "Total Cost": 86395.32,
                    "Plan Rows": 544356,
                    "Plan Width": 8,
                    "Actual Startup Time": 895.218,
                    "Actual Total Time": 896.121,
                    "Actual Rows": 460055,
                    "Actual Loops": 2,
                    "Hash Buckets": 1048576,
                    "Original Hash Buckets": 1048576,
                    "Hash Batches": 1,
                    "Original Hash Batches": 1,
                    "Peak Memory Usage": 44224,
                    "Plans": [
                      {
                        "Node Type": "Hash Join",
                        "Parent Relationship": "Outer",
                        "Parallel Aware": true,
                        "Join Type": "Inner",
                        "Startup Cost": 24886.77,
                        "Total Cost": 86395.32,
                        "Plan Rows": 544356,
                        "Plan Width": 8,
                        "Actual Startup Time": 204.637,
                        "Actual Total Time": 772.111,
                        "Actual Rows": 460055,
                        "Actual Loops": 2,
                        "Inner Unique": false,
                        "Hash Cond": "(t.id = mi_idx.movie_id)",
                        "Plans": [
                          {
                            "Node Type": "Seq Scan",
                            "Parent Relationship": "Outer",
                            "Parallel Aware": true,
                            "Relation Name": "title",
                            "Alias": "t",
                            "Startup Cost": 0.0,
                            "Total Cost": 50870.31,
                            "Plan Rows": 1487231,
                            "Plan Width": 4,
                            "Actual Startup Time": 0.01,
                            "Actual Total Time": 144.837,
                            "Actual Rows": 1264156,
                            "Actual Loops": 2
                          },
                          {
                            "Node Type": "Hash",
                            "Parent Relationship": "Inner",
                            "Parallel Aware": true,
                            "Startup Cost": 18082.32,
                            "Total Cost": 18082.32,
                            "Plan Rows": 544356,
                            "Plan Width": 4,
                            "Actual Startup Time": 199.188,
                            "Actual Total Time": 199.189,
                            "Actual Rows": 460055,
                            "Actual Loops": 2,
                            "Hash Buckets": 1048576,
                            "Original Hash Buckets": 1048576,
                            "Hash Batches": 1,
                            "Original Hash Batches": 1,
                            "Peak Memory Usage": 44224,
                            "Plans": [
                              {
                                "Node Type": "Seq Scan",
                                "Parent Relationship": "Outer",
                                "Parallel Aware": true,
                                "Relation Name": "movie_info_idx",
                                "Alias": "mi_idx",
                                "Startup Cost": 0.0,
                                "Total Cost": 18082.32,
                                "Plan Rows": 544356,
                                "Plan Width": 4,
                                "Actual Startup Time": 0.057,
                                "Actual Total Time": 92.164,
                                "Actual Rows": 460055,
                                "Actual Loops": 2,
                                "Filter": "(info_type_id > 99)",
                                "Rows Removed by Filter": 229962
                              }
                            ]
                          }
                        ]
                      }
                    ]
                  }
                ]
              }
            ]
          }
        ]
      }
    ]
  },
  "Planning Time": 1.02,
  "Triggers": [],
  "Execution Time": 4345.177
}