{
  "Plan": {
    "Node Type": "Aggregate",
    "Strategy": "Plain",
    "Partial Mode": "Finalize",
    "Parallel Aware": false,
    "Startup Cost": 551218.31,
    "Total Cost": 551218.32,
    "Plan Rows": 1,
    "Plan Width": 8,
    "Actual Startup Time": 2238.331,
    "Actual Total Time": 2276.912,
    "Actual Rows": 1,
    "Actual Loops": 1,
    "Plans": [
      {
        "Node Type": "Gather",
        "Parent Relationship": "Outer",
        "Parallel Aware": false,
        "Startup Cost": 551218.2,
        "Total Cost": 551218.31,
        "Plan Rows": 1,
        "Plan Width": 8,
        "Actual Startup Time": 2235.027,
        "Actual Total Time": 2276.906,
        "Actual Rows": 2,
        "Actual Loops": 1,
        "Workers Planned": 1,
        "Workers Launched": 1,
        "Single Copy": false,
        "Plans": [
          {
            "Node Type": "Aggregate",
            "Strategy": "Plain",
            "Partial Mode": "Partial",
            "Parent Relationship": "Outer",
            "Parallel Aware": false,
            "Startup Cost": 550218.2,
            "Total Cost": 550218.21,
            "Plan Rows": 1,
            "Plan Width": 8,
            "Actual Startup Time": 2228.74,
            "Actual Total Time": 2228.742,
            "Actual Rows": 1,
            "Actual Loops": 2,
            "Plans": [
              {
                "Node Type": "Merge Join",
                "Parent Relationship": "Outer",
                "Parallel Aware": false,
                "Join Type": "Inner",
                "Startup Cost": 231418.62,
                "Total Cost": 549148.79,
                "Plan Rows": 427762,
                "Plan Width": 0,
                "Actual Startup Time": 215.338,
                "Actual Total Time": 2220.269,
                "Actual Rows": 184232,
                "Actual Loops": 2,
                "Inner Unique": false,
                "Merge Cond": "(t.id = mi.movie_id)",
                "Plans": [
                  {
                    "Node Type": "Merge Join",
                    "Parent Relationship": "Outer",
                    "Parallel Aware": false,
                    "Join Type": "Inner",
                    "Startup Cost": 14.2,
                    "Total Cost": 306045.09,
                    "Plan Rows": 1963031,
                    "Plan Width": 8,
                    "Actual Startup Time": 5.216,
                    "Actual Total Time": 1857.969,
                    "Actual Rows": 818610,
                    "Actual Loops": 2,
                    "Inner Unique": true,
                    "Merge Cond": "(mk.movie_id = t.id)",
                    "Plans": [
                      {
                        "Node Type": "Index Only Scan",
                        "Parent Relationship": "Outer",
                        "Parallel Aware": true,
                        "Scan Direction": "Forward",
                        "Index Name": "movie_id_movie_keyword",
                        "Relation Name": "movie_keyword",
                        "Alias": "mk",
                        "Startup Cost": 0.43,
                        "Total Cost": 158560.11,
                        "Plan Rows": 2661135,
                        "Plan Width": 4,
                        "Actual Startup Time": 0.104,
                        "Actual Total Time": 435.437,
                        "Actual Rows": 2261850,
                        "Actual Loops": 2,
                        "Heap Fetches": 4523701
                      },
                      {
                        "Node Type": "Index Scan",
                        "Parent Relationship": "Inner",
                        "Parallel Aware": false,
                        "Scan Direction": "Forward",
                        "Index Name": "title_pkey",
                        "Relation Name": "title",
                        "Alias": "t",
                        "Startup Cost": 0.43,
                        "Total Cost": 116660.7,
                        "Plan Rows": 1865037,
                        "Plan Width": 4,
                        "Actual Startup Time": 0.099,
                        "Actual Total Time": 1171.949,
                        "Actual Rows": 1864054,
                        "Actual Loops": 2,
                        "Filter": "(kind_id > 1)",
                        "Rows Removed by Filter": 661588
                      }
                    ]
                  },
                  {
                    "Node Type": "Sort",
                    "Parent Relationship": "Inner",
                    "Parallel Aware": false,
                    "Startup Cost": 231398.08,
                    "Total Cost": 232775.43,
                    "Plan Rows": 550938,
                    "Plan Width": 4,
                    "Actual Startup Time": 210.089,
                    "Actual Total Time": 274.299,
                    "Actual Rows": 695428,
                    "Actual Loops": 2,
                    "Sort Key": [
                      "mi.movie_id"
                    ],
                    "Sort Method": "quicksort",
                    "Sort Space Used": 49269,
                    "Sort Space Type": "Memory",
                    "Workers": [
                      {
                        "Worker Number": 0,
                        "Sort Method": "quicksort",
                        "Sort Space Used": 49269,
                        "Sort Space Type": "Memory"
                      }
                    ],
                    "Plans": [
                      {
                        "Node Type": "Bitmap Heap Scan",
                        "Parent Relationship": "Outer",
                        "Parallel Aware": false,
                        "Relation Name": "movie_info",
                        "Alias": "mi",
                        "Startup Cost": 9982.2,
                        "Total Cost": 178861.93,
                        "Plan Rows": 550938,
                        "Plan Width": 4,
                        "Actual Startup Time": 32.914,
                        "Actual Total Time": 92.836,
                        "Actual Rows": 526764,
                        "Actual Loops": 2,
                        "Recheck Cond": "(info_type_id > 102)",
                        "Rows Removed by Index Recheck": 0,
                        "Exact Heap Blocks": 5769,
                        "Lossy Heap Blocks": 0,
                        "Plans": [
                          {
                            "Node Type": "Bitmap Index Scan",
                            "Parent Relationship": "Outer",
                            "Parallel Aware": false,
                            "Index Name": "info_type_id_movie_info",
                            "Startup Cost": 0.0,
                            "Total Cost": 9844.47,
                            "Plan Rows": 550938,
                            "Plan Width": 0,
                            "Actual Startup Time": 32.11,
                            "Actual Total Time": 32.11,
                            "Actual Rows": 526764,
                            "Actual Loops": 2,
                            "Index Cond": "(info_type_id > 102)"
                          }
                        ]
                      }
                    ]
                  }
                ]
              }
            ]
          }
        ]
      }
    ]
  },
  "Planning Time": 1.139,
  "Triggers": [],
  "Execution Time": 2284.015
}