[
  {
    "Plan": {
      "Node Type": "Aggregate",
      "Strategy": "Plain",
      "Partial Mode": "Finalize",
      "Parallel Aware": false,
      "Startup Cost": 81049.93,
      "Total Cost": 81049.94,
      "Plan Rows": 1,
      "Plan Width": 8,
      "Actual Startup Time": 505.731,
      "Actual Total Time": 525.23,
      "Actual Rows": 1,
      "Actual Loops": 1,
      "Plans": [
        {
          "Node Type": "Gather",
          "Parent Relationship": "Outer",
          "Parallel Aware": false,
          "Startup Cost": 81049.61,
          "Total Cost": 81049.92,
          "Plan Rows": 3,
          "Plan Width": 8,
          "Actual Startup Time": 493.779,
          "Actual Total Time": 525.219,
          "Actual Rows": 4,
          "Actual Loops": 1,
          "Workers Planned": 3,
          "Workers Launched": 3,
          "Single Copy": false,
          "Plans": [
            {
              "Node Type": "Aggregate",
              "Strategy": "Plain",
              "Partial Mode": "Partial",
              "Parent Relationship": "Outer",
              "Parallel Aware": false,
              "Startup Cost": 80049.61,
              "Total Cost": 80049.62,
              "Plan Rows": 1,
              "Plan Width": 8,
              "Actual Startup Time": 474.748,
              "Actual Total Time": 474.752,
              "Actual Rows": 1,
              "Actual Loops": 4,
              "Plans": [
                {
                  "Node Type": "Hash Join",
                  "Parent Relationship": "Outer",
                  "Parallel Aware": true,
                  "Join Type": "Inner",
                  "Startup Cost": 58967.14,
                  "Total Cost": 79889.54,
                  "Plan Rows": 64028,
                  "Plan Width": 0,
                  "Actual Startup Time": 385.979,
                  "Actual Total Time": 470.902,
                  "Actual Rows": 76803,
                  "Actual Loops": 4,
                  "Inner Unique": true,
                  "Hash Cond": "(mc.movie_id = t.id)",
                  "Plans": [
                    {
                      "Node Type": "Bitmap Heap Scan",
                      "Parent Relationship": "Outer",
                      "Parallel Aware": true,
                      "Relation Name": "movie_companies",
                      "Alias": "mc",
                      "Startup Cost": 8746.76,
                      "Total Cost": 29501.09,
                      "Plan Rows": 64028,
                      "Plan Width": 4,
                      "Actual Startup Time": 16.939,
                      "Actual Total Time": 57.66,
                      "Actual Rows": 76803,
                      "Actual Loops": 4,
                      "Recheck Cond": "(company_id < 253)",
                      "Rows Removed by Index Recheck": 0,
                      "Filter": "(company_type_id = 1)",
                      "Rows Removed by Filter": 23550,
                      "Exact Heap Blocks": 6820,
                      "Lossy Heap Blocks": 0,
                      "Plans": [
                        {
                          "Node Type": "Bitmap Index Scan",
                          "Parent Relationship": "Outer",
                          "Parallel Aware": false,
                          "Index Name": "company_id_movie_companies",
                          "Startup Cost": 0.0,
                          "Total Cost": 8697.14,
                          "Plan Rows": 405961,
                          "Plan Width": 0,
                          "Actual Startup Time": 14.228,
                          "Actual Total Time": 14.229,
                          "Actual Rows": 401412,
                          "Actual Loops": 1,
                          "Index Cond": "(company_id < 253)"
                        }
                      ]
                    },
                    {
                      "Node Type": "Hash",
                      "Parent Relationship": "Inner",
                      "Parallel Aware": true,
                      "Startup Cost": 42319.06,
                      "Total Cost": 42319.06,
                      "Plan Rows": 632106,
                      "Plan Width": 4,
                      "Actual Startup Time": 357.4,
                      "Actual Total Time": 357.401,
                      "Actual Rows": 632078,
                      "Actual Loops": 4,
                      "Hash Buckets": 4194304,
                      "Original Hash Buckets": 4194304,
                      "Hash Batches": 1,
                      "Original Hash Batches": 1,
                      "Peak Memory Usage": 131744,
                      "Plans": [
                        {
                          "Node Type": "Seq Scan",
                          "Parent Relationship": "Outer",
                          "Parallel Aware": true,
                          "Relation Name": "title",
                          "Alias": "t",
                          "Startup Cost": 0.0,
                          "Total Cost": 42319.06,
                          "Plan Rows": 632106,
                          "Plan Width": 4,
                          "Actual Startup Time": 0.044,
                          "Actual Total Time": 103.979,
                          "Actual Rows": 632078,
                          "Actual Loops": 4
                        }
                      ]
                    }
                  ]
                }
              ]
            }
          ]
        }
      ]
    },
    "Planning Time": 0.68,
    "Triggers": [],
    "Execution Time": 525.321
  }
]