[
  {
    "Plan": {
      "Node Type": "Aggregate",
      "Strategy": "Plain",
      "Partial Mode": "Finalize",
      "Parallel Aware": false,
      "Startup Cost": 76999.7,
      "Total Cost": 76999.71,
      "Plan Rows": 1,
      "Plan Width": 8,
      "Actual Startup Time": 328.509,
      "Actual Total Time": 342.38,
      "Actual Rows": 1,
      "Actual Loops": 1,
      "Plans": [
        {
          "Node Type": "Gather",
          "Parent Relationship": "Outer",
          "Parallel Aware": false,
          "Startup Cost": 76999.28,
          "Total Cost": 76999.69,
          "Plan Rows": 4,
          "Plan Width": 8,
          "Actual Startup Time": 326.725,
          "Actual Total Time": 342.37,
          "Actual Rows": 5,
          "Actual Loops": 1,
          "Workers Planned": 4,
          "Workers Launched": 4,
          "Single Copy": false,
          "Plans": [
            {
              "Node Type": "Aggregate",
              "Strategy": "Plain",
              "Partial Mode": "Partial",
              "Parent Relationship": "Outer",
              "Parallel Aware": false,
              "Startup Cost": 75999.28,
              "Total Cost": 75999.29,
              "Plan Rows": 1,
              "Plan Width": 8,
              "Actual Startup Time": 317.329,
              "Actual Total Time": 317.333,
              "Actual Rows": 1,
              "Actual Loops": 5,
              "Plans": [
                {
                  "Node Type": "Hash Join",
                  "Parent Relationship": "Outer",
                  "Parallel Aware": true,
                  "Join Type": "Inner",
                  "Startup Cost": 30235.84,
                  "Total Cost": 75875.13,
                  "Plan Rows": 49659,
                  "Plan Width": 0,
                  "Actual Startup Time": 121.926,
                  "Actual Total Time": 313.555,
                  "Actual Rows": 61443,
                  "Actual Loops": 5,
                  "Inner Unique": false,
                  "Hash Cond": "(t.id = mc.movie_id)",
                  "Plans": [
                    {
                      "Node Type": "Seq Scan",
                      "Parent Relationship": "Outer",
                      "Parallel Aware": true,
                      "Relation Name": "title",
                      "Alias": "t",
                      "Startup Cost": 0.0,
                      "Total Cost": 42318.73,
                      "Plan Rows": 632073,
                      "Plan Width": 4,
                      "Actual Startup Time": 0.022,
                      "Actual Total Time": 73.376,
                      "Actual Rows": 505662,
                      "Actual Loops": 5
                    },
                    {
                      "Node Type": "Hash",
                      "Parent Relationship": "Inner",
                      "Parallel Aware": true,
                      "Startup Cost": 29434.89,
                      "Total Cost": 29434.89,
                      "Plan Rows": 64076,
                      "Plan Width": 4,
                      "Actual Startup Time": 120.078,
                      "Actual Total Time": 120.079,
                      "Actual Rows": 61443,
                      "Actual Loops": 5,
                      "Hash Buckets": 524288,
                      "Original Hash Buckets": 262144,
                      "Hash Batches": 1,
                      "Original Hash Batches": 1,
                      "Peak Memory Usage": 18240,
                      "Plans": [
                        {
                          "Node Type": "Bitmap Heap Scan",
                          "Parent Relationship": "Outer",
                          "Parallel Aware": true,
                          "Relation Name": "movie_companies",
                          "Alias": "mc",
                          "Startup Cost": 8692.42,
                          "Total Cost": 29434.89,
                          "Plan Rows": 64076,
                          "Plan Width": 4,
                          "Actual Startup Time": 34.467,
                          "Actual Total Time": 85.441,
                          "Actual Rows": 61443,
                          "Actual Loops": 5,
                          "Recheck Cond": "(company_id < 253)",
                          "Rows Removed by Index Recheck": 0,
                          "Filter": "(company_type_id = 1)",
                          "Rows Removed by Filter": 18840,
                          "Exact Heap Blocks": 5362,
                          "Lossy Heap Blocks": 0,
                          "Plans": [
                            {
                              "Node Type": "Bitmap Index Scan",
                              "Parent Relationship": "Outer",
                              "Parallel Aware": false,
                              "Index Name": "company_id_movie_companies",
                              "Startup Cost": 0.0,
                              "Total Cost": 8642.76,
                              "Plan Rows": 403511,
                              "Plan Width": 0,
                              "Actual Startup Time": 32.625,
                              "Actual Total Time": 32.625,
                              "Actual Rows": 401412,
                              "Actual Loops": 1,
                              "Index Cond": "(company_id < 253)"
                            }
                          ]
                        }
                      ]
                    }
                  ]
                }
              ]
            }
          ]
        }
      ]
    },
    "Planning Time": 0.677,
    "Triggers": [],
    "Execution Time": 342.481
  }
]