{
  "Plan": {
    "Node Type": "Aggregate",
    "Strategy": "Plain",
    "Partial Mode": "Simple",
    "Parallel Aware": false,
    "Startup Cost": 528110.52,
    "Total Cost": 528110.53,
    "Plan Rows": 1,
    "Plan Width": 32,
    "Actual Startup Time": 2754.669,
    "Actual Total Time": 2754.982,
    "Actual Rows": 1,
    "Actual Loops": 1,
    "Plans": [
      {
        "Node Type": "Nested Loop",
        "Parent Relationship": "Outer",
        "Parallel Aware": false,
        "Join Type": "Inner",
        "Startup Cost": 453273.94,
        "Total Cost": 528110.51,
        "Plan Rows": 1,
        "Plan Width": 17,
        "Actual Startup Time": 2754.665,
        "Actual Total Time": 2754.978,
        "Actual Rows": 0,
        "Actual Loops": 1,
        "Inner Unique": false,
        "Join Filter": "(cc.status_id = cct2.id)",
        "Rows Removed by Join Filter": 0,
        "Plans": [
          {
            "Node Type": "Seq Scan",
            "Parent Relationship": "Outer",
            "Parallel Aware": false,
            "Relation Name": "comp_cast_type",
            "Alias": "cct2",
            "Startup Cost": 0.0,
            "Total Cost": 1.05,
            "Plan Rows": 1,
            "Plan Width": 4,
            "Actual Startup Time": 0.011,
            "Actual Total Time": 0.014,
            "Actual Rows": 2,
            "Actual Loops": 1,
            "Filter": "((kind)::text ~~ '%complete%'::text)",
            "Rows Removed by Filter": 2
          },
          {
            "Node Type": "Nested Loop",
            "Parent Relationship": "Inner",
            "Parallel Aware": false,
            "Join Type": "Inner",
            "Startup Cost": 453273.94,
            "Total Cost": 528109.45,
            "Plan Rows": 1,
            "Plan Width": 21,
            "Actual Startup Time": 1377.321,
            "Actual Total Time": 1377.477,
            "Actual Rows": 0,
            "Actual Loops": 2,
            "Inner Unique": false,
            "Join Filter": "(t.kind_id = kt.id)",
            "Rows Removed by Join Filter": 0,
            "Plans": [
              {
                "Node Type": "Seq Scan",
                "Parent Relationship": "Outer",
                "Parallel Aware": false,
                "Relation Name": "kind_type",
                "Alias": "kt",
                "Startup Cost": 0.0,
                "Total Cost": 1.09,
                "Plan Rows": 1,
                "Plan Width": 4,
                "Actual Startup Time": 0.004,
                "Actual Total Time": 0.006,
                "Actual Rows": 1,
                "Actual Loops": 2,
                "Filter": "((kind)::text = 'movie'::text)",
                "Rows Removed by Filter": 6
              },
              {
                "Node Type": "Nested Loop",
                "Parent Relationship": "Inner",
                "Parallel Aware": false,
                "Join Type": "Inner",
                "Startup Cost": 453273.94,
                "Total Cost": 528108.35,
                "Plan Rows": 1,
                "Plan Width": 25,
                "Actual Startup Time": 1377.307,
                "Actual Total Time": 1377.463,
                "Actual Rows": 0,
                "Actual Loops": 2,
                "Inner Unique": false,
                "Join Filter": "(mk.keyword_id = k.id)",
                "Rows Removed by Join Filter": 0,
                "Plans": [
                  {
                    "Node Type": "Seq Scan",
                    "Parent Relationship": "Outer",
                    "Parallel Aware": false,
                    "Relation Name": "keyword",
                    "Alias": "k",
                    "Startup Cost": 0.0,
                    "Total Cost": 3632.4,
                    "Plan Rows": 8,
                    "Plan Width": 4,
                    "Actual Startup Time": 0.115,
                    "Actual Total Time": 20.028,
                    "Actual Rows": 8,
                    "Actual Loops": 2,
                    "Filter": "(keyword = ANY ('{superhero,sequel,second-part,marvel-comics,based-on-comic,tv-special,fight,violence}'::text[]))",
                    "Rows Removed by Filter": 134162
                  },
                  {
                    "Node Type": "Materialize",
                    "Parent Relationship": "Inner",
                    "Parallel Aware": false,
                    "Startup Cost": 453273.94,
                    "Total Cost": 524475.83,
                    "Plan Rows": 1,
                    "Plan Width": 29,
                    "Actual Startup Time": 169.659,
                    "Actual Total Time": 169.679,
                    "Actual Rows": 0,
                    "Actual Loops": 16,
                    "Plans": [
                      {
                        "Node Type": "Nested Loop",
                        "Parent Relationship": "Outer",
                        "Parallel Aware": false,
                        "Join Type": "Inner",
                        "Startup Cost": 453273.94,
                        "Total Cost": 524475.83,
                        "Plan Rows": 1,
                        "Plan Width": 29,
                        "Actual Startup Time": 2714.544,
                        "Actual Total Time": 2714.854,
                        "Actual Rows": 0,
                        "Actual Loops": 1,
                        "Inner Unique": false,
                        "Join Filter": "(cc.subject_id = cct1.id)",
                        "Rows Removed by Join Filter": 0,
                        "Plans": [
                          {
                            "Node Type": "Seq Scan",
                            "Parent Relationship": "Outer",
                            "Parallel Aware": false,
                            "Relation Name": "comp_cast_type",
                            "Alias": "cct1",
                            "Startup Cost": 0.0,
                            "Total Cost": 1.05,
                            "Plan Rows": 1,
                            "Plan Width": 4,
                            "Actual Startup Time": 0.008,
                            "Actual Total Time": 0.012,
                            "Actual Rows": 1,
                            "Actual Loops": 1,
                            "Filter": "((kind)::text = 'cast'::text)",
                            "Rows Removed by Filter": 3
                          },
                          {
                            "Node Type": "Hash Join",
                            "Parent Relationship": "Inner",
                            "Parallel Aware": false,
                            "Join Type": "Inner",
                            "Startup Cost": 453273.94,
                            "Total Cost": 524474.77,
                            "Plan Rows": 1,
                            "Plan Width": 33,
                            "Actual Startup Time": 2714.53,
                            "Actual Total Time": 2714.84,
                            "Actual Rows": 0,
                            "Actual Loops": 1,
                            "Inner Unique": false,
                            "Hash Cond": "(t.id = mk.movie_id)",
                            "Plans": [
                              {
                                "Node Type": "Seq Scan",
                                "Parent Relationship": "Outer",
                                "Parallel Aware": false,
                                "Relation Name": "title",
                                "Alias": "t",
                                "Startup Cost": 0.0,
                                "Total Cost": 67604.36,
                                "Plan Rows": 959055,
                                "Plan Width": 25,
                                "Actual Startup Time": 0.027,
                                "Actual Total Time": 307.967,
                                "Actual Rows": 971188,
                                "Actual Loops": 1,
                                "Filter": "(production_year < 1999)",
                                "Rows Removed by Filter": 1557124
                              },
                              {
                                "Node Type": "Hash",
                                "Parent Relationship": "Inner",
                                "Parallel Aware": false,
                                "Startup Cost": 453273.92,
                                "Total Cost": 453273.92,
                                "Plan Rows": 1,
                                "Plan Width": 24,
                                "Actual Startup Time": 2346.11,
                                "Actual Total Time": 2346.419,
                                "Actual Rows": 698,
                                "Actual Loops": 1,
                                "Hash Buckets": 1024,
                                "Original Hash Buckets": 1024,
                                "Hash Batches": 1,
                                "Original Hash Batches": 1,
                                "Peak Memory Usage": 47,
                                "Plans": [
                                  {
                                    "Node Type": "Nested Loop",
                                    "Parent Relationship": "Outer",
                                    "Parallel Aware": false,
                                    "Join Type": "Inner",
                                    "Startup Cost": 402625.25,
                                    "Total Cost": 453273.92,
                                    "Plan Rows": 1,
                                    "Plan Width": 24,
                                    "Actual Startup Time": 2345.587,
                                    "Actual Total Time": 2346.22,
                                    "Actual Rows": 698,
                                    "Actual Loops": 1,
                                    "Inner Unique": false,
                                    "Plans": [
                                      {
                                        "Node Type": "Hash Join",
                                        "Parent Relationship": "Outer",
                                        "Parallel Aware": false,
                                        "Join Type": "Inner",
                                        "Startup Cost": 402624.81,
                                        "Total Cost": 453272.22,
                                        "Plan Rows": 1,
                                        "Plan Width": 16,
                                        "Actual Startup Time": 2345.489,
                                        "Actual Total Time": 2345.814,
                                        "Actual Rows": 4,
                                        "Actual Loops": 1,
                                        "Inner Unique": false,
                                        "Hash Cond": "(chn.id = ci.person_role_id)",
                                        "Plans": [
                                          {
                                            "Node Type": "Gather",
                                            "Parent Relationship": "Outer",
                                            "Parallel Aware": false,
                                            "Startup Cost": 1000.0,
                                            "Total Cost": 51249.4,
                                            "Plan Rows": 628,
                                            "Plan Width": 4,
                                            "Actual Startup Time": 19.803,
                                            "Actual Total Time": 19.926,
                                            "Actual Rows": 30,
                                            "Actual Loops": 1,
                                            "Workers Planned": 4,
                                            "Workers Launched": 4,
                                            "Single Copy": false,
                                            "Plans": [
                                              {
                                                "Node Type": "Seq Scan",
                                                "Parent Relationship": "Outer",
                                                "Parallel Aware": true,
                                                "Relation Name": "char_name",
                                                "Alias": "chn",
                                                "Startup Cost": 0.0,
                                                "Total Cost": 50186.6,
                                                "Plan Rows": 157,
                                                "Plan Width": 4,
                                                "Actual Startup Time": 35.488,
                                                "Actual Total Time": 190.774,
                                                "Actual Rows": 6,
                                                "Actual Loops": 5,
                                                "Filter": "((name !~~ '%Sherlock%'::text) AND ((name ~~ '%Tony%Stark%'::text) OR (name ~~ '%Iron%Man%'::text)))",
                                                "Rows Removed by Filter": 628062
                                              }
                                            ]
                                          },
                                          {
                                            "Node Type": "Hash",
                                            "Parent Relationship": "Inner",
                                            "Parallel Aware": false,
                                            "Startup Cost": 401618.5,
                                            "Total Cost": 401618.5,
                                            "Plan Rows": 505,
                                            "Plan Width": 20,
                                            "Actual Startup Time": 2325.646,
                                            "Actual Total Time": 2325.846,
                                            "Actual Rows": 103,
                                            "Actual Loops": 1,
                                            "Hash Buckets": 1024,
                                            "Original Hash Buckets": 1024,
                                            "Hash Batches": 1,
                                            "Original Hash Batches": 1,
                                            "Peak Memory Usage": 14,
                                            "Plans": [
                                              {
                                                "Node Type": "Hash Join",
                                                "Parent Relationship": "Outer",
                                                "Parallel Aware": false,
                                                "Join Type": "Inner",
                                                "Startup Cost": 399025.02,
                                                "Total Cost": 401618.5,
                                                "Plan Rows": 505,
                                                "Plan Width": 20,
                                                "Actual Startup Time": 2297.674,
                                                "Actual Total Time": 2325.763,
                                                "Actual Rows": 109,
                                                "Actual Loops": 1,
                                                "Inner Unique": false,
                                                "Hash Cond": "(cc.movie_id = ci.movie_id)",
                                                "Plans": [
                                                  {
                                                    "Node Type": "Seq Scan",
                                                    "Parent Relationship": "Outer",
                                                    "Parallel Aware": false,
                                                    "Relation Name": "complete_cast",
                                                    "Alias": "cc",
                                                    "Startup Cost": 0.0,
                                                    "Total Cost": 2081.86,
                                                    "Plan Rows": 135086,
                                                    "Plan Width": 12,
                                                    "Actual Startup Time": 0.048,
                                                    "Actual Total Time": 14.577,
                                                    "Actual Rows": 135086,
                                                    "Actual Loops": 1
                                                  },
                                                  {
                                                    "Node Type": "Hash",
                                                    "Parent Relationship": "Inner",
                                                    "Parallel Aware": false,
                                                    "Startup Cost": 398979.67,
                                                    "Total Cost": 398979.67,
                                                    "Plan Rows": 3628,
                                                    "Plan Width": 8,
                                                    "Actual Startup Time": 2297.516,
                                                    "Actual Total Time": 2297.713,
                                                    "Actual Rows": 486,
                                                    "Actual Loops": 1,
                                                    "Hash Buckets": 4096,
                                                    "Original Hash Buckets": 4096,
                                                    "Hash Batches": 1,
                                                    "Original Hash Batches": 1,
                                                    "Peak Memory Usage": 51,
                                                    "Plans": [
                                                      {
                                                        "Node Type": "Gather",
                                                        "Parent Relationship": "Outer",
                                                        "Parallel Aware": false,
                                                        "Startup Cost": 69637.35,
                                                        "Total Cost": 398979.67,
                                                        "Plan Rows": 3628,
                                                        "Plan Width": 8,
                                                        "Actual Startup Time": 443.145,
                                                        "Actual Total Time": 2297.549,
                                                        "Actual Rows": 486,
                                                        "Actual Loops": 1,
                                                        "Workers Planned": 6,
                                                        "Workers Launched": 3,
                                                        "Single Copy": false,
                                                        "Plans": [
                                                          {
                                                            "Node Type": "Hash Join",
                                                            "Parent Relationship": "Outer",
                                                            "Parallel Aware": true,
                                                            "Join Type": "Inner",
                                                            "Startup Cost": 68637.35,
                                                            "Total Cost": 397616.87,
                                                            "Plan Rows": 605,
                                                            "Plan Width": 8,
                                                            "Actual Startup Time": 434.251,
                                                            "Actual Total Time": 2288.263,
                                                            "Actual Rows": 122,
                                                            "Actual Loops": 4,
                                                            "Inner Unique": true,
                                                            "Hash Cond": "(ci.person_id = n.id)",
                                                            "Plans": [
                                                              {
                                                                "Node Type": "Seq Scan",
                                                                "Parent Relationship": "Outer",
                                                                "Parallel Aware": true,
                                                                "Relation Name": "cast_info",
                                                                "Alias": "ci",
                                                                "Startup Cost": 0.0,
                                                                "Total Cost": 313116.71,
                                                                "Plan Rows": 6042971,
                                                                "Plan Width": 12,
                                                                "Actual Startup Time": 0.011,
                                                                "Actual Total Time": 1166.042,
                                                                "Actual Rows": 9061086,
                                                                "Actual Loops": 4
                                                              },
                                                              {
                                                                "Node Type": "Hash",
                                                                "Parent Relationship": "Inner",
                                                                "Parallel Aware": true,
                                                                "Startup Cost": 68636.05,
                                                                "Total Cost": 68636.05,
                                                                "Plan Rows": 104,
                                                                "Plan Width": 4,
                                                                "Actual Startup Time": 256.536,
                                                                "Actual Total Time": 256.537,
                                                                "Actual Rows": 0,
                                                                "Actual Loops": 4,
                                                                "Hash Buckets": 1024,
                                                                "Original Hash Buckets": 1024,
                                                                "Hash Batches": 1,
                                                                "Original Hash Batches": 1,
                                                                "Peak Memory Usage": 72,
                                                                "Plans": [
                                                                  {
                                                                    "Node Type": "Seq Scan",
                                                                    "Parent Relationship": "Outer",
                                                                    "Parallel Aware": true,
                                                                    "Relation Name": "name",
                                                                    "Alias": "n",
                                                                    "Startup Cost": 0.0,
                                                                    "Total Cost": 68636.05,
                                                                    "Plan Rows": 104,
                                                                    "Plan Width": 4,
                                                                    "Actual Startup Time": 144.986,
                                                                    "Actual Total Time": 256.453,
                                                                    "Actual Rows": 0,
                                                                    "Actual Loops": 4,
                                                                    "Filter": "(name ~~ '%Downey%Robert%'::text)",
                                                                    "Rows Removed by Filter": 1041872
                                                                  }
                                                                ]
                                                              }
                                                            ]
                                                          }
                                                        ]
                                                      }
                                                    ]
                                                  }
                                                ]
                                              }
                                            ]
                                          }
                                        ]
                                      },
                                      {
                                        "Node Type": "Index Scan",
                                        "Parent Relationship": "Inner",
                                        "Parallel Aware": false,
                                        "Scan Direction": "Forward",
                                        "Index Name": "movie_id_movie_keyword",
                                        "Relation Name": "movie_keyword",
                                        "Alias": "mk",
                                        "Startup Cost": 0.43,
                                        "Total Cost": 1.24,
                                        "Plan Rows": 46,
                                        "Plan Width": 8,
                                        "Actual Startup Time": 0.04,
                                        "Actual Total Time": 0.072,
                                        "Actual Rows": 174,
                                        "Actual Loops": 4,
                                        "Index Cond": "(movie_id = ci.movie_id)",
                                        "Rows Removed by Index Recheck": 0
                                      }
                                    ]
                                  }
                                ]
                              }
                            ]
                          }
                        ]
                      }
                    ]
                  }
                ]
              }
            ]
          }
        ]
      }
    ]
  },
  "Planning Time": 26.569,
  "Triggers": [],
  "Execution Time": 2755.399
}