[
  {
    "Plan": {
      "Node Type": "Aggregate",
      "Strategy": "Plain",
      "Partial Mode": "Finalize",
      "Parallel Aware": false,
      "Startup Cost": 203642.49,
      "Total Cost": 203642.5,
      "Plan Rows": 1,
      "Plan Width": 8,
      "Actual Startup Time": 227.161,
      "Actual Total Time": 253.822,
      "Actual Rows": 1,
      "Actual Loops": 1,
      "Plans": [
        {
          "Node Type": "Gather",
          "Parent Relationship": "Outer",
          "Parallel Aware": false,
          "Startup Cost": 203641.86,
          "Total Cost": 203642.47,
          "Plan Rows": 6,
          "Plan Width": 8,
          "Actual Startup Time": 227.039,
          "Actual Total Time": 253.809,
          "Actual Rows": 7,
          "Actual Loops": 1,
          "Workers Planned": 6,
          "Workers Launched": 6,
          "Single Copy": false,
          "Plans": [
            {
              "Node Type": "Aggregate",
              "Strategy": "Plain",
              "Partial Mode": "Partial",
              "Parent Relationship": "Outer",
              "Parallel Aware": false,
              "Startup Cost": 202641.86,
              "Total Cost": 202641.87,
              "Plan Rows": 1,
              "Plan Width": 8,
              "Actual Startup Time": 220.136,
              "Actual Total Time": 220.138,
              "Actual Rows": 1,
              "Actual Loops": 7,
              "Plans": [
                {
                  "Node Type": "Index Scan",
                  "Parent Relationship": "Outer",
                  "Parallel Aware": true,
                  "Scan Direction": "Forward",
                  "Index Name": "role_id_cast_info",
                  "Relation Name": "cast_info",
                  "Alias": "ci",
                  "Startup Cost": 0.56,
                  "Total Cost": 201884.69,
                  "Plan Rows": 302868,
                  "Plan Width": 0,
                  "Actual Startup Time": 8.819,
                  "Actual Total Time": 220.107,
                  "Actual Rows": 225,
                  "Actual Loops": 7,
                  "Index Cond": "(role_id = 2)",
                  "Rows Removed by Index Recheck": 0,
                  "Filter": "(person_id < 868331)",
                  "Rows Removed by Filter": 1064342
                }
              ]
            }
          ]
        }
      ]
    },
    "Planning Time": 0.091,
    "Triggers": [],
    "Execution Time": 253.852
  }
]