[
  {
    "Plan": {
      "Node Type": "Aggregate",
      "Strategy": "Plain",
      "Partial Mode": "Finalize",
      "Parallel Aware": false,
      "Startup Cost": 342367.13,
      "Total Cost": 342367.14,
      "Plan Rows": 1,
      "Plan Width": 8,
      "Actual Startup Time": 918.291,
      "Actual Total Time": 977.765,
      "Actual Rows": 1,
      "Actual Loops": 1,
      "Plans": [
        {
          "Node Type": "Gather",
          "Parent Relationship": "Outer",
          "Parallel Aware": false,
          "Startup Cost": 342366.51,
          "Total Cost": 342367.11,
          "Plan Rows": 6,
          "Plan Width": 8,
          "Actual Startup Time": 918.18,
          "Actual Total Time": 977.754,
          "Actual Rows": 7,
          "Actual Loops": 1,
          "Workers Planned": 6,
          "Workers Launched": 6,
          "Single Copy": false,
          "Plans": [
            {
              "Node Type": "Aggregate",
              "Strategy": "Plain",
              "Partial Mode": "Partial",
              "Parent Relationship": "Outer",
              "Parallel Aware": false,
              "Startup Cost": 341366.51,
              "Total Cost": 341366.52,
              "Plan Rows": 1,
              "Plan Width": 8,
              "Actual Startup Time": 909.346,
              "Actual Total Time": 909.347,
              "Actual Rows": 1,
              "Actual Loops": 7,
              "Plans": [
                {
                  "Node Type": "Seq Scan",
                  "Parent Relationship": "Outer",
                  "Parallel Aware": true,
                  "Relation Name": "cast_info",
                  "Alias": "ci",
                  "Startup Cost": 0.0,
                  "Total Cost": 328162.03,
                  "Plan Rows": 5281792,
                  "Plan Width": 0,
                  "Actual Startup Time": 65.184,
                  "Actual Total Time": 698.059,
                  "Actual Rows": 4512699,
                  "Actual Loops": 7,
                  "Filter": "(person_id > 450508)",
                  "Rows Removed by Filter": 665064
                }
              ]
            }
          ]
        }
      ]
    },
    "Planning Time": 0.201,
    "Triggers": [],
    "Execution Time": 977.838
  }
]