[
  {
    "Plan": {
      "Node Type": "Aggregate",
      "Strategy": "Plain",
      "Partial Mode": "Finalize",
      "Parallel Aware": false,
      "Startup Cost": 81745.71,
      "Total Cost": 81745.72,
      "Plan Rows": 1,
      "Plan Width": 8,
      "Actual Startup Time": 342.639,
      "Actual Total Time": 363.853,
      "Actual Rows": 1,
      "Actual Loops": 1,
      "Plans": [
        {
          "Node Type": "Gather",
          "Parent Relationship": "Outer",
          "Parallel Aware": false,
          "Startup Cost": 81745.29,
          "Total Cost": 81745.7,
          "Plan Rows": 4,
          "Plan Width": 8,
          "Actual Startup Time": 337.03,
          "Actual Total Time": 363.841,
          "Actual Rows": 5,
          "Actual Loops": 1,
          "Workers Planned": 4,
          "Workers Launched": 4,
          "Single Copy": false,
          "Plans": [
            {
              "Node Type": "Aggregate",
              "Strategy": "Plain",
              "Partial Mode": "Partial",
              "Parent Relationship": "Outer",
              "Parallel Aware": false,
              "Startup Cost": 80745.29,
              "Total Cost": 80745.3,
              "Plan Rows": 1,
              "Plan Width": 8,
              "Actual Startup Time": 327.919,
              "Actual Total Time": 327.922,
              "Actual Rows": 1,
              "Actual Loops": 5,
              "Plans": [
                {
                  "Node Type": "Hash Join",
                  "Parent Relationship": "Outer",
                  "Parallel Aware": true,
                  "Join Type": "Inner",
                  "Startup Cost": 34257.16,
                  "Total Cost": 80304.72,
                  "Plan Rows": 176225,
                  "Plan Width": 0,
                  "Actual Startup Time": 124.431,
                  "Actual Total Time": 322.62,
                  "Actual Rows": 89585,
                  "Actual Loops": 5,
                  "Inner Unique": false,
                  "Hash Cond": "(t.id = mc.movie_id)",
                  "Plans": [
                    {
                      "Node Type": "Seq Scan",
                      "Parent Relationship": "Outer",
                      "Parallel Aware": true,
                      "Relation Name": "title",
                      "Alias": "t",
                      "Startup Cost": 0.0,
                      "Total Cost": 42318.73,
                      "Plan Rows": 632073,
                      "Plan Width": 4,
                      "Actual Startup Time": 0.015,
                      "Actual Total Time": 79.053,
                      "Actual Rows": 505662,
                      "Actual Loops": 5
                    },
                    {
                      "Node Type": "Hash",
                      "Parent Relationship": "Inner",
                      "Parallel Aware": true,
                      "Startup Cost": 31414.82,
                      "Total Cost": 31414.82,
                      "Plan Rows": 227387,
                      "Plan Width": 4,
                      "Actual Startup Time": 120.063,
                      "Actual Total Time": 120.064,
                      "Actual Rows": 89585,
                      "Actual Loops": 5,
                      "Hash Buckets": 1048576,
                      "Original Hash Buckets": 1048576,
                      "Hash Batches": 1,
                      "Original Hash Batches": 1,
                      "Peak Memory Usage": 25792,
                      "Plans": [
                        {
                          "Node Type": "Seq Scan",
                          "Parent Relationship": "Outer",
                          "Parallel Aware": true,
                          "Relation Name": "movie_companies",
                          "Alias": "mc",
                          "Startup Cost": 0.0,
                          "Total Cost": 31414.82,
                          "Plan Rows": 227387,
                          "Plan Width": 4,
                          "Actual Startup Time": 50.807,
                          "Actual Total Time": 84.854,
                          "Actual Rows": 89585,
                          "Actual Loops": 5,
                          "Filter": "((company_id < 11976) AND (company_type_id = 2))",
                          "Rows Removed by Filter": 432241
                        }
                      ]
                    }
                  ]
                }
              ]
            }
          ]
        }
      ]
    },
    "Planning Time": 0.65,
    "Triggers": [],
    "Execution Time": 363.926
  }
]