{
  "Plan": {
    "Node Type": "Aggregate",
    "Strategy": "Plain",
    "Partial Mode": "Simple",
    "Parallel Aware": false,
    "Startup Cost": 58133.27,
    "Total Cost": 58133.28,
    "Plan Rows": 1,
    "Plan Width": 64,
    "Actual Startup Time": 11231.532,
    "Actual Total Time": 11231.535,
    "Actual Rows": 1,
    "Actual Loops": 1,
    "Plans": [
      {
        "Node Type": "Nested Loop",
        "Parent Relationship": "Outer",
        "Parallel Aware": false,
        "Join Type": "Inner",
        "Startup Cost": 2405.46,
        "Total Cost": 58133.26,
        "Plan Rows": 1,
        "Plan Width": 113,
        "Actual Startup Time": 40.611,
        "Actual Total Time": 11225.987,
        "Actual Rows": 14554,
        "Actual Loops": 1,
        "Inner Unique": false,
        "Plans": [
          {
            "Node Type": "Nested Loop",
            "Parent Relationship": "Outer",
            "Parallel Aware": false,
            "Join Type": "Inner",
            "Startup Cost": 2405.46,
            "Total Cost": 58130.84,
            "Plan Rows": 1,
            "Plan Width": 117,
            "Actual Startup Time": 40.601,
            "Actual Total Time": 11113.217,
            "Actual Rows": 14554,
            "Actual Loops": 1,
            "Inner Unique": false,
            "Join Filter": "(t.id = mi.movie_id)",
            "Rows Removed by Join Filter": 0,
            "Plans": [
              {
                "Node Type": "Nested Loop",
                "Parent Relationship": "Outer",
                "Parallel Aware": false,
                "Join Type": "Inner",
                "Startup Cost": 2405.03,
                "Total Cost": 57838.14,
                "Plan Rows": 217,
                "Plan Width": 121,
                "Actual Startup Time": 40.482,
                "Actual Total Time": 2214.455,
                "Actual Rows": 466077,
                "Actual Loops": 1,
                "Inner Unique": true,
                "Plans": [
                  {
                    "Node Type": "Nested Loop",
                    "Parent Relationship": "Outer",
                    "Parallel Aware": false,
                    "Join Type": "Inner",
                    "Startup Cost": 2404.6,
                    "Total Cost": 57739.95,
                    "Plan Rows": 217,
                    "Plan Width": 100,
                    "Actual Startup Time": 40.469,
                    "Actual Total Time": 675.485,
                    "Actual Rows": 466077,
                    "Actual Loops": 1,
                    "Inner Unique": false,
                    "Plans": [
                      {
                        "Node Type": "Nested Loop",
                        "Parent Relationship": "Outer",
                        "Parallel Aware": false,
                        "Join Type": "Inner",
                        "Startup Cost": 2404.03,
                        "Total Cost": 57366.02,
                        "Plan Rows": 25,
                        "Plan Width": 104,
                        "Actual Startup Time": 40.454,
                        "Actual Total Time": 463.739,
                        "Actual Rows": 13909,
                        "Actual Loops": 1,
                        "Inner Unique": true,
                        "Plans": [
                          {
                            "Node Type": "Nested Loop",
                            "Parent Relationship": "Outer",
                            "Parallel Aware": false,
                            "Join Type": "Inner",
                            "Startup Cost": 2403.6,
                            "Total Cost": 57165.82,
                            "Plan Rows": 25,
                            "Plan Width": 100,
                            "Actual Startup Time": 40.439,
                            "Actual Total Time": 404.498,
                            "Actual Rows": 13909,
                            "Actual Loops": 1,
                            "Inner Unique": false,
                            "Plans": [
                              {
                                "Node Type": "Seq Scan",
                                "Parent Relationship": "Outer",
                                "Parallel Aware": false,
                                "Relation Name": "info_type",
                                "Alias": "it1",
                                "Startup Cost": 0.0,
                                "Total Cost": 2.41,
                                "Plan Rows": 1,
                                "Plan Width": 4,
                                "Actual Startup Time": 0.044,
                                "Actual Total Time": 0.062,
                                "Actual Rows": 1,
                                "Actual Loops": 1,
                                "Filter": "((info)::text ~~* 'birth date'::text)",
                                "Rows Removed by Filter": 112
                              },
                              {
                                "Node Type": "Bitmap Heap Scan",
                                "Parent Relationship": "Inner",
                                "Parallel Aware": false,
                                "Relation Name": "person_info",
                                "Alias": "pi",
                                "Startup Cost": 2403.6,
                                "Total Cost": 57162.13,
                                "Plan Rows": 128,
                                "Plan Width": 104,
                                "Actual Startup Time": 40.385,
                                "Actual Total Time": 402.725,
                                "Actual Rows": 13909,
                                "Actual Loops": 1,
                                "Recheck Cond": "(info_type_id = it1.id)",
                                "Rows Removed by Index Recheck": 0,
                                "Filter": "((info ~~* '%189%'::text) OR (info ~~* '188%'::text) OR (info ~~* '187%'::text) OR (info ~~* '186%'::text) OR (info ~~* '185%'::text) OR (info ~~* '184%'::text))",
                                "Rows Removed by Filter": 339373,
                                "Exact Heap Blocks": 46437,
                                "Lossy Heap Blocks": 0,
                                "Plans": [
                                  {
                                    "Node Type": "Bitmap Index Scan",
                                    "Parent Relationship": "Outer",
                                    "Parallel Aware": false,
                                    "Index Name": "info_type_id_person_info",
                                    "Startup Cost": 0.0,
                                    "Total Cost": 2403.57,
                                    "Plan Rows": 134819,
                                    "Plan Width": 0,
                                    "Actual Startup Time": 32.673,
                                    "Actual Total Time": 32.673,
                                    "Actual Rows": 353282,
                                    "Actual Loops": 1,
                                    "Index Cond": "(info_type_id = it1.id)"
                                  }
                                ]
                              }
                            ]
                          },
                          {
                            "Node Type": "Index Only Scan",
                            "Parent Relationship": "Inner",
                            "Parallel Aware": false,
                            "Scan Direction": "Forward",
                            "Index Name": "name_pkey",
                            "Relation Name": "name",
                            "Alias": "n",
                            "Startup Cost": 0.43,
                            "Total Cost": 8.01,
                            "Plan Rows": 1,
                            "Plan Width": 4,
                            "Actual Startup Time": 0.004,
                            "Actual Total Time": 0.004,
                            "Actual Rows": 1,
                            "Actual Loops": 13909,
                            "Index Cond": "(id = pi.person_id)",
                            "Rows Removed by Index Recheck": 0,
                            "Heap Fetches": 13909
                          }
                        ]
                      },
                      {
                        "Node Type": "Index Scan",
                        "Parent Relationship": "Inner",
                        "Parallel Aware": false,
                        "Scan Direction": "Forward",
                        "Index Name": "person_id_cast_info",
                        "Relation Name": "cast_info",
                        "Alias": "ci",
                        "Startup Cost": 0.56,
                        "Total Cost": 9.86,
                        "Plan Rows": 510,
                        "Plan Width": 8,
                        "Actual Startup Time": 0.005,
                        "Actual Total Time": 0.012,
                        "Actual Rows": 34,
                        "Actual Loops": 13909,
                        "Index Cond": "(person_id = n.id)",
                        "Rows Removed by Index Recheck": 0
                      }
                    ]
                  },
                  {
                    "Node Type": "Index Scan",
                    "Parent Relationship": "Inner",
                    "Parallel Aware": false,
                    "Scan Direction": "Forward",
                    "Index Name": "title_pkey",
                    "Relation Name": "title",
                    "Alias": "t",
                    "Startup Cost": 0.43,
                    "Total Cost": 0.45,
                    "Plan Rows": 1,
                    "Plan Width": 21,
                    "Actual Startup Time": 0.003,
                    "Actual Total Time": 0.003,
                    "Actual Rows": 1,
                    "Actual Loops": 466077,
                    "Index Cond": "(id = ci.movie_id)",
                    "Rows Removed by Index Recheck": 0
                  }
                ]
              },
              {
                "Node Type": "Index Scan",
                "Parent Relationship": "Inner",
                "Parallel Aware": false,
                "Scan Direction": "Forward",
                "Index Name": "movie_id_movie_info",
                "Relation Name": "movie_info",
                "Alias": "mi",
                "Startup Cost": 0.43,
                "Total Cost": 1.34,
                "Plan Rows": 1,
                "Plan Width": 8,
                "Actual Startup Time": 0.019,
                "Actual Total Time": 0.019,
                "Actual Rows": 0,
                "Actual Loops": 466077,
                "Index Cond": "(movie_id = ci.movie_id)",
                "Rows Removed by Index Recheck": 0,
                "Filter": "((info ~~* '%documentary%'::text) AND (info_type_id = 3))",
                "Rows Removed by Filter": 19
              }
            ]
          },
          {
            "Node Type": "Seq Scan",
            "Parent Relationship": "Inner",
            "Parallel Aware": false,
            "Relation Name": "info_type",
            "Alias": "it2",
            "Startup Cost": 0.0,
            "Total Cost": 2.41,
            "Plan Rows": 1,
            "Plan Width": 4,
            "Actual Startup Time": 0.002,
            "Actual Total Time": 0.006,
            "Actual Rows": 1,
            "Actual Loops": 14554,
            "Filter": "(id = 3)",
            "Rows Removed by Filter": 112
          }
        ]
      }
    ]
  },
  "Planning Time": 3.585,
  "Triggers": [],
  "Execution Time": 11231.674
}