[
  {
    "Plan": {
      "Node Type": "Aggregate",
      "Strategy": "Plain",
      "Partial Mode": "Finalize",
      "Parallel Aware": false,
      "Startup Cost": 333678.88,
      "Total Cost": 333678.89,
      "Plan Rows": 1,
      "Plan Width": 8,
      "Actual Startup Time": 746.035,
      "Actual Total Time": 792.363,
      "Actual Rows": 1,
      "Actual Loops": 1,
      "Plans": [
        {
          "Node Type": "Gather",
          "Parent Relationship": "Outer",
          "Parallel Aware": false,
          "Startup Cost": 333678.25,
          "Total Cost": 333678.86,
          "Plan Rows": 6,
          "Plan Width": 8,
          "Actual Startup Time": 745.82,
          "Actual Total Time": 792.349,
          "Actual Rows": 7,
          "Actual Loops": 1,
          "Workers Planned": 6,
          "Workers Launched": 6,
          "Single Copy": false,
          "Plans": [
            {
              "Node Type": "Aggregate",
              "Strategy": "Plain",
              "Partial Mode": "Partial",
              "Parent Relationship": "Outer",
              "Parallel Aware": false,
              "Startup Cost": 332678.25,
              "Total Cost": 332678.26,
              "Plan Rows": 1,
              "Plan Width": 8,
              "Actual Startup Time": 737.698,
              "Actual Total Time": 737.7,
              "Actual Rows": 1,
              "Actual Loops": 7,
              "Plans": [
                {
                  "Node Type": "Seq Scan",
                  "Parent Relationship": "Outer",
                  "Parallel Aware": true,
                  "Relation Name": "cast_info",
                  "Alias": "ci",
                  "Startup Cost": 0.0,
                  "Total Cost": 328211.39,
                  "Plan Rows": 1786744,
                  "Plan Width": 0,
                  "Actual Startup Time": 0.059,
                  "Actual Total Time": 644.179,
                  "Actual Rows": 1536993,
                  "Actual Loops": 7,
                  "Filter": "(person_id < 1055917)",
                  "Rows Removed by Filter": 3640771
                }
              ]
            }
          ]
        }
      ]
    },
    "Planning Time": 0.103,
    "Triggers": [],
    "Execution Time": 792.404
  }
]