[
  {
    "Plan": {
      "Node Type": "Aggregate",
      "Strategy": "Plain",
      "Partial Mode": "Finalize",
      "Parallel Aware": false,
      "Startup Cost": 323609.32,
      "Total Cost": 323609.33,
      "Plan Rows": 1,
      "Plan Width": 8,
      "Actual Startup Time": 1434.338,
      "Actual Total Time": 1528.113,
      "Actual Rows": 1,
      "Actual Loops": 1,
      "Plans": [
        {
          "Node Type": "Gather",
          "Parent Relationship": "Outer",
          "Parallel Aware": false,
          "Startup Cost": 323608.9,
          "Total Cost": 323609.31,
          "Plan Rows": 4,
          "Plan Width": 8,
          "Actual Startup Time": 1379.098,
          "Actual Total Time": 1528.094,
          "Actual Rows": 5,
          "Actual Loops": 1,
          "Workers Planned": 4,
          "Workers Launched": 4,
          "Single Copy": false,
          "Plans": [
            {
              "Node Type": "Aggregate",
              "Strategy": "Plain",
              "Partial Mode": "Partial",
              "Parent Relationship": "Outer",
              "Parallel Aware": false,
              "Startup Cost": 322608.9,
              "Total Cost": 322608.91,
              "Plan Rows": 1,
              "Plan Width": 8,
              "Actual Startup Time": 1297.729,
              "Actual Total Time": 1297.733,
              "Actual Rows": 1,
              "Actual Loops": 5,
              "Plans": [
                {
                  "Node Type": "Nested Loop",
                  "Parent Relationship": "Outer",
                  "Parallel Aware": false,
                  "Join Type": "Inner",
                  "Startup Cost": 13.15,
                  "Total Cost": 320962.38,
                  "Plan Rows": 658608,
                  "Plan Width": 0,
                  "Actual Startup Time": 4.612,
                  "Actual Total Time": 1260.532,
                  "Actual Rows": 714694,
                  "Actual Loops": 5,
                  "Inner Unique": false,
                  "Join Filter": "(t.id = ci.movie_id)",
                  "Rows Removed by Join Filter": 0,
                  "Plans": [
                    {
                      "Node Type": "Merge Join",
                      "Parent Relationship": "Outer",
                      "Parallel Aware": false,
                      "Join Type": "Inner",
                      "Startup Cost": 12.58,
                      "Total Cost": 154652.27,
                      "Plan Rows": 49842,
                      "Plan Width": 8,
                      "Actual Startup Time": 4.475,
                      "Actual Total Time": 551.824,
                      "Actual Rows": 18056,
                      "Actual Loops": 5,
                      "Inner Unique": false,
                      "Merge Cond": "(t.id = mi_idx.movie_id)",
                      "Plans": [
                        {
                          "Node Type": "Index Scan",
                          "Parent Relationship": "Outer",
                          "Parallel Aware": true,
                          "Scan Direction": "Forward",
                          "Index Name": "title_pkey",
                          "Relation Name": "title",
                          "Alias": "t",
                          "Startup Cost": 0.43,
                          "Total Cost": 94549.76,
                          "Plan Rows": 137596,
                          "Plan Width": 4,
                          "Actual Startup Time": 0.105,
                          "Actual Total Time": 358.137,
                          "Actual Rows": 120479,
                          "Actual Loops": 5,
                          "Filter": "((production_year > 2006) AND (kind_id = 7))",
                          "Rows Removed by Filter": 385093
                        },
                        {
                          "Node Type": "Index Scan",
                          "Parent Relationship": "Inner",
                          "Parallel Aware": false,
                          "Scan Direction": "Forward",
                          "Index Name": "movie_id_movie_info_idx",
                          "Relation Name": "movie_info_idx",
                          "Alias": "mi_idx",
                          "Startup Cost": 0.43,
                          "Total Cost": 57071.77,
                          "Plan Rows": 915883,
                          "Plan Width": 4,
                          "Actual Startup Time": 0.086,
                          "Actual Total Time": 153.098,
                          "Actual Rows": 583367,
                          "Actual Loops": 5,
                          "Filter": "(info_type_id < 101)",
                          "Rows Removed by Filter": 291787
                        }
                      ]
                    },
                    {
                      "Node Type": "Index Scan",
                      "Parent Relationship": "Inner",
                      "Parallel Aware": false,
                      "Scan Direction": "Forward",
                      "Index Name": "movie_id_cast_info",
                      "Relation Name": "cast_info",
                      "Alias": "ci",
                      "Startup Cost": 0.56,
                      "Total Cost": 2.94,
                      "Plan Rows": 32,
                      "Plan Width": 4,
                      "Actual Startup Time": 0.006,
                      "Actual Total Time": 0.035,
                      "Actual Rows": 40,
                      "Actual Loops": 90282,
                      "Index Cond": "(movie_id = mi_idx.movie_id)",
                      "Rows Removed by Index Recheck": 0,
                      "Filter": "(person_id > 285139)",
                      "Rows Removed by Filter": 3
                    }
                  ]
                }
              ]
            }
          ]
        }
      ]
    },
    "Planning Time": 1.302,
    "Triggers": [],
    "Execution Time": 1528.244
  }
]