[
  {
    "Plan": {
      "Node Type": "Aggregate",
      "Strategy": "Plain",
      "Partial Mode": "Simple",
      "Parallel Aware": false,
      "Startup Cost": 39358.6,
      "Total Cost": 39358.61,
      "Plan Rows": 1,
      "Plan Width": 8,
      "Actual Startup Time": 56.482,
      "Actual Total Time": 56.483,
      "Actual Rows": 1,
      "Actual Loops": 1,
      "Plans": [
        {
          "Node Type": "Bitmap Heap Scan",
          "Parent Relationship": "Outer",
          "Parallel Aware": false,
          "Relation Name": "title",
          "Alias": "t",
          "Startup Cost": 1823.5,
          "Total Cost": 39354.91,
          "Plan Rows": 1479,
          "Plan Width": 0,
          "Actual Startup Time": 20.444,
          "Actual Total Time": 56.324,
          "Actual Rows": 2056,
          "Actual Loops": 1,
          "Recheck Cond": "(kind_id = 3)",
          "Rows Removed by Index Recheck": 0,
          "Filter": "(production_year = 1996)",
          "Rows Removed by Filter": 98481,
          "Exact Heap Blocks": 12707,
          "Lossy Heap Blocks": 0,
          "Plans": [
            {
              "Node Type": "Bitmap Index Scan",
              "Parent Relationship": "Outer",
              "Parallel Aware": false,
              "Index Name": "kind_id_title",
              "Startup Cost": 0.0,
              "Total Cost": 1823.13,
              "Plan Rows": 102227,
              "Plan Width": 0,
              "Actual Startup Time": 15.963,
              "Actual Total Time": 15.964,
              "Actual Rows": 100537,
              "Actual Loops": 1,
              "Index Cond": "(kind_id = 3)"
            }
          ]
        }
      ]
    },
    "Planning Time": 0.218,
    "Triggers": [],
    "Execution Time": 56.569
  }
]