[
  {
    "Plan": {
      "Node Type": "Aggregate",
      "Strategy": "Plain",
      "Partial Mode": "Finalize",
      "Parallel Aware": false,
      "Startup Cost": 94590.09,
      "Total Cost": 94590.1,
      "Plan Rows": 1,
      "Plan Width": 8,
      "Actual Startup Time": 293.871,
      "Actual Total Time": 310.264,
      "Actual Rows": 1,
      "Actual Loops": 1,
      "Plans": [
        {
          "Node Type": "Gather",
          "Parent Relationship": "Outer",
          "Parallel Aware": false,
          "Startup Cost": 94589.67,
          "Total Cost": 94590.08,
          "Plan Rows": 4,
          "Plan Width": 8,
          "Actual Startup Time": 290.463,
          "Actual Total Time": 310.254,
          "Actual Rows": 5,
          "Actual Loops": 1,
          "Workers Planned": 4,
          "Workers Launched": 4,
          "Single Copy": false,
          "Plans": [
            {
              "Node Type": "Aggregate",
              "Strategy": "Plain",
              "Partial Mode": "Partial",
              "Parent Relationship": "Outer",
              "Parallel Aware": false,
              "Startup Cost": 93589.67,
              "Total Cost": 93589.68,
              "Plan Rows": 1,
              "Plan Width": 8,
              "Actual Startup Time": 279.164,
              "Actual Total Time": 279.17,
              "Actual Rows": 1,
              "Actual Loops": 5,
              "Plans": [
                {
                  "Node Type": "Hash Join",
                  "Parent Relationship": "Outer",
                  "Parallel Aware": true,
                  "Join Type": "Inner",
                  "Startup Cost": 48709.35,
                  "Total Cost": 93565.68,
                  "Plan Rows": 9595,
                  "Plan Width": 0,
                  "Actual Startup Time": 199.931,
                  "Actual Total Time": 277.744,
                  "Actual Rows": 32088,
                  "Actual Loops": 5,
                  "Inner Unique": false,
                  "Hash Cond": "(t.id = mi_idx.movie_id)",
                  "Plans": [
                    {
                      "Node Type": "Seq Scan",
                      "Parent Relationship": "Outer",
                      "Parallel Aware": true,
                      "Relation Name": "title",
                      "Alias": "t",
                      "Startup Cost": 0.0,
                      "Total Cost": 42318.73,
                      "Plan Rows": 632073,
                      "Plan Width": 4,
                      "Actual Startup Time": 0.012,
                      "Actual Total Time": 63.352,
                      "Actual Rows": 505662,
                      "Actual Loops": 5
                    },
                    {
                      "Node Type": "Hash",
                      "Parent Relationship": "Inner",
                      "Parallel Aware": true,
                      "Startup Cost": 47872.75,
                      "Total Cost": 47872.75,
                      "Plan Rows": 66928,
                      "Plan Width": 8,
                      "Actual Startup Time": 150.444,
                      "Actual Total Time": 150.449,
                      "Actual Rows": 32088,
                      "Actual Loops": 5,
                      "Hash Buckets": 262144,
                      "Original Hash Buckets": 262144,
                      "Hash Batches": 1,
                      "Original Hash Batches": 1,
                      "Peak Memory Usage": 8384,
                      "Plans": [
                        {
                          "Node Type": "Hash Join",
                          "Parent Relationship": "Outer",
                          "Parallel Aware": true,
                          "Join Type": "Inner",
                          "Startup Cost": 22021.08,
                          "Total Cost": 47872.75,
                          "Plan Rows": 66928,
                          "Plan Width": 8,
                          "Actual Startup Time": 91.506,
                          "Actual Total Time": 140.458,
                          "Actual Rows": 32088,
                          "Actual Loops": 5,
                          "Inner Unique": false,
                          "Hash Cond": "(mk.movie_id = mi_idx.movie_id)",
                          "Plans": [
                            {
                              "Node Type": "Bitmap Heap Scan",
                              "Parent Relationship": "Outer",
                              "Parallel Aware": true,
                              "Relation Name": "movie_keyword",
                              "Alias": "mk",
                              "Startup Cost": 4530.54,
                              "Total Cost": 29845.16,
                              "Plan Rows": 68849,
                              "Plan Width": 4,
                              "Actual Startup Time": 16.286,
                              "Actual Total Time": 51.162,
                              "Actual Rows": 41393,
                              "Actual Loops": 5,
                              "Recheck Cond": "(keyword_id > 67191)",
                              "Rows Removed by Index Recheck": 0,
                              "Exact Heap Blocks": 5434,
                              "Lossy Heap Blocks": 0,
                              "Plans": [
                                {
                                  "Node Type": "Bitmap Index Scan",
                                  "Parent Relationship": "Outer",
                                  "Parallel Aware": false,
                                  "Index Name": "keyword_id_movie_keyword",
                                  "Startup Cost": 0.0,
                                  "Total Cost": 4477.18,
                                  "Plan Rows": 213433,
                                  "Plan Width": 0,
                                  "Actual Startup Time": 12.905,
                                  "Actual Total Time": 12.906,
                                  "Actual Rows": 206965,
                                  "Actual Loops": 1,
                                  "Index Cond": "(keyword_id > 67191)"
                                }
                              ]
                            },
                            {
                              "Node Type": "Hash",
                              "Parent Relationship": "Inner",
                              "Parallel Aware": true,
                              "Startup Cost": 15122.68,
                              "Total Cost": 15122.68,
                              "Plan Rows": 189429,
                              "Plan Width": 4,
                              "Actual Startup Time": 73.774,
                              "Actual Total Time": 73.775,
                              "Actual Rows": 91985,
                              "Actual Loops": 5,
                              "Hash Buckets": 524288,
                              "Original Hash Buckets": 524288,
                              "Hash Batches": 1,
                              "Original Hash Batches": 1,
                              "Peak Memory Usage": 22176,
                              "Plans": [
                                {
                                  "Node Type": "Seq Scan",
                                  "Parent Relationship": "Outer",
                                  "Parallel Aware": true,
                                  "Relation Name": "movie_info_idx",
                                  "Alias": "mi_idx",
                                  "Startup Cost": 0.0,
                                  "Total Cost": 15122.68,
                                  "Plan Rows": 189429,
                                  "Plan Width": 4,
                                  "Actual Startup Time": 0.065,
                                  "Actual Total Time": 37.691,
                                  "Actual Rows": 91985,
                                  "Actual Loops": 5,
                                  "Filter": "(info_type_id = 99)",
                                  "Rows Removed by Filter": 184022
                                }
                              ]
                            }
                          ]
                        }
                      ]
                    }
                  ]
                }
              ]
            }
          ]
        }
      ]
    },
    "Planning Time": 1.287,
    "Triggers": [],
    "Execution Time": 310.365
  }
]