{
    "Plan": {
        "Node Type": "Aggregate",
        "Strategy": "Plain",
        "Partial Mode": "Simple",
        "Parallel Aware": false,
        "Startup Cost": 40000026944.41,
        "Total Cost": 40000026944.42,
        "Plan Rows": 1,
        "Plan Width": 96,
        "Actual Startup Time": 194.602,
        "Actual Total Time": 194.619,
        "Actual Rows": 1,
        "Actual Loops": 1,
        "Output": [
            "min(cn.name)",
            "min((lt.link)::text)",
            "min(t.title)"
        ],
        "Plans": [
            {
                "Node Type": "Nested Loop",
                "Parent Relationship": "Outer",
                "Parallel Aware": false,
                "Join Type": "Inner",
                "Startup Cost": 40000019646.74,
                "Total Cost": 40000026944.4,
                "Plan Rows": 1,
                "Plan Width": 48,
                "Actual Startup Time": 194.596,
                "Actual Total Time": 194.612,
                "Actual Rows": 0,
                "Actual Loops": 1,
                "Output": [
                    "cn.name",
                    "lt.link",
                    "t.title"
                ],
                "Inner Unique": true,
                "Plans": [
                    {
                        "Node Type": "Hash Join",
                        "Parent Relationship": "Outer",
                        "Parallel Aware": false,
                        "Join Type": "Inner",
                        "Startup Cost": 30000019646.6,
                        "Total Cost": 30000026936.23,
                        "Plan Rows": 1,
                        "Plan Width": 52,
                        "Actual Startup Time": 194.594,
                        "Actual Total Time": 194.609,
                        "Actual Rows": 0,
                        "Actual Loops": 1,
                        "Output": [
                            "cn.name",
                            "mc.company_type_id",
                            "lt.link",
                            "t.title"
                        ],
                        "Inner Unique": false,
                        "Hash Cond": "(cn.id = mc.company_id)",
                        "Plans": [
                            {
                                "Node Type": "Seq Scan",
                                "Parent Relationship": "Outer",
                                "Parallel Aware": false,
                                "Relation Name": "company_name",
                                "Schema": "public",
                                "Alias": "cn",
                                "Startup Cost": 0.0,
                                "Total Cost": 7107.45,
                                "Plan Rows": 48580,
                                "Plan Width": 23,
                                "Actual Startup Time": 0.062,
                                "Actual Total Time": 43.251,
                                "Actual Rows": 44276,
                                "Actual Loops": 1,
                                "Output": [
                                    "cn.id",
                                    "cn.name",
                                    "cn.country_code",
                                    "cn.imdb_id",
                                    "cn.name_pcode_nf",
                                    "cn.name_pcode_sf",
                                    "cn.md5sum"
                                ],
                                "Filter": "(((cn.country_code)::text <> '[de]'::text) AND ((cn.name ~~ '%Film%'::text) OR (cn.name ~~ '%Warner%'::text)))",
                                "Rows Removed by Filter": 190721
                            },
                            {
                                "Node Type": "Hash",
                                "Parent Relationship": "Inner",
                                "Parallel Aware": false,
                                "Startup Cost": 30000019646.59,
                                "Total Cost": 30000019646.59,
                                "Plan Rows": 1,
                                "Plan Width": 37,
                                "Actual Startup Time": 148.809,
                                "Actual Total Time": 148.821,
                                "Actual Rows": 3,
                                "Actual Loops": 1,
                                "Output": [
                                    "mc.company_type_id",
                                    "mc.company_id",
                                    "lt.link",
                                    "t.title"
                                ],
                                "Hash Buckets": 1024,
                                "Original Hash Buckets": 1024,
                                "Hash Batches": 1,
                                "Original Hash Batches": 1,
                                "Peak Memory Usage": 9,
                                "Plans": [
                                    {
                                        "Node Type": "Nested Loop",
                                        "Parent Relationship": "Outer",
                                        "Parallel Aware": false,
                                        "Join Type": "Inner",
                                        "Startup Cost": 30000019492.9,
                                        "Total Cost": 30000019646.59,
                                        "Plan Rows": 1,
                                        "Plan Width": 37,
                                        "Actual Startup Time": 148.802,
                                        "Actual Total Time": 148.817,
                                        "Actual Rows": 3,
                                        "Actual Loops": 1,
                                        "Output": [
                                            "mc.company_type_id",
                                            "mc.company_id",
                                            "lt.link",
                                            "t.title"
                                        ],
                                        "Inner Unique": false,
                                        "Join Filter": "(ml.movie_id = mc.movie_id)",
                                        "Rows Removed by Join Filter": 0,
                                        "Plans": [
                                            {
                                                "Node Type": "Merge Join",
                                                "Parent Relationship": "Outer",
                                                "Parallel Aware": false,
                                                "Join Type": "Inner",
                                                "Startup Cost": 20000019492.42,
                                                "Total Cost": 20000019642.01,
                                                "Plan Rows": 1,
                                                "Plan Width": 41,
                                                "Actual Startup Time": 148.779,
                                                "Actual Total Time": 148.79,
                                                "Actual Rows": 1,
                                                "Actual Loops": 1,
                                                "Output": [
                                                    "mk.movie_id",
                                                    "ml.movie_id",
                                                    "lt.link",
                                                    "t.title",
                                                    "t.id"
                                                ],
                                                "Inner Unique": false,
                                                "Merge Cond": "(k.id = mk.keyword_id)",
                                                "Plans": [
                                                    {
                                                        "Node Type": "Sort",
                                                        "Parent Relationship": "Outer",
                                                        "Parallel Aware": false,
                                                        "Startup Cost": 2626.14,
                                                        "Total Cost": 2626.14,
                                                        "Plan Rows": 1,
                                                        "Plan Width": 4,
                                                        "Actual Startup Time": 21.867,
                                                        "Actual Total Time": 21.869,
                                                        "Actual Rows": 1,
                                                        "Actual Loops": 1,
                                                        "Output": [
                                                            "k.id"
                                                        ],
                                                        "Sort Key": [
                                                            "k.id"
                                                        ],
                                                        "Sort Method": "quicksort",
                                                        "Sort Space Used": 25,
                                                        "Sort Space Type": "Memory",
                                                        "Plans": [
                                                            {
                                                                "Node Type": "Seq Scan",
                                                                "Parent Relationship": "Outer",
                                                                "Parallel Aware": false,
                                                                "Relation Name": "keyword",
                                                                "Schema": "public",
                                                                "Alias": "k",
                                                                "Startup Cost": 0.0,
                                                                "Total Cost": 2626.12,
                                                                "Plan Rows": 1,
                                                                "Plan Width": 4,
                                                                "Actual Startup Time": 0.366,
                                                                "Actual Total Time": 21.856,
                                                                "Actual Rows": 1,
                                                                "Actual Loops": 1,
                                                                "Output": [
                                                                    "k.id"
                                                                ],
                                                                "Filter": "(k.keyword = 'member-of-parliament'::text)",
                                                                "Rows Removed by Filter": 134169
                                                            }
                                                        ]
                                                    },
                                                    {
                                                        "Node Type": "Sort",
                                                        "Parent Relationship": "Inner",
                                                        "Parallel Aware": false,
                                                        "Startup Cost": 20000016866.29,
                                                        "Total Cost": 20000016941.07,
                                                        "Plan Rows": 29914,
                                                        "Plan Width": 45,
                                                        "Actual Startup Time": 126.344,
                                                        "Actual Total Time": 126.599,
                                                        "Actual Rows": 5140,
                                                        "Actual Loops": 1,
                                                        "Output": [
                                                            "lt.link",
                                                            "ml.movie_id",
                                                            "mk.movie_id",
                                                            "mk.keyword_id",
                                                            "t.title",
                                                            "t.id"
                                                        ],
                                                        "Sort Key": [
                                                            "mk.keyword_id"
                                                        ],
                                                        "Sort Method": "quicksort",
                                                        "Sort Space Used": 889,
                                                        "Sort Space Type": "Memory",
                                                        "Plans": [
                                                            {
                                                                "Node Type": "Nested Loop",
                                                                "Parent Relationship": "Outer",
                                                                "Parallel Aware": false,
                                                                "Join Type": "Inner",
                                                                "Startup Cost": 20000010656.39,
                                                                "Total Cost": 20000014642.4,
                                                                "Plan Rows": 29914,
                                                                "Plan Width": 45,
                                                                "Actual Startup Time": 117.419,
                                                                "Actual Total Time": 124.352,
                                                                "Actual Rows": 7316,
                                                                "Actual Loops": 1,
                                                                "Output": [
                                                                    "lt.link",
                                                                    "ml.movie_id",
                                                                    "mk.movie_id",
                                                                    "mk.keyword_id",
                                                                    "t.title",
                                                                    "t.id"
                                                                ],
                                                                "Inner Unique": false,
                                                                "Join Filter": "(ml.movie_id = mk.movie_id)",
                                                                "Rows Removed by Join Filter": 0,
                                                                "Plans": [
                                                                    {
                                                                        "Node Type": "Hash Join",
                                                                        "Parent Relationship": "Outer",
                                                                        "Parallel Aware": false,
                                                                        "Join Type": "Inner",
                                                                        "Startup Cost": 10000010655.52,
                                                                        "Total Cost": 10000010678.66,
                                                                        "Plan Rows": 658,
                                                                        "Plan Width": 37,
                                                                        "Actual Startup Time": 117.347,
                                                                        "Actual Total Time": 117.593,
                                                                        "Actual Rows": 1152,
                                                                        "Actual Loops": 1,
                                                                        "Output": [
                                                                            "lt.link",
                                                                            "ml.movie_id",
                                                                            "t.title",
                                                                            "t.id"
                                                                        ],
                                                                        "Inner Unique": false,
                                                                        "Hash Cond": "(lt.id = ml.link_type_id)",
                                                                        "Plans": [
                                                                            {
                                                                                "Node Type": "Index Scan",
                                                                                "Parent Relationship": "Outer",
                                                                                "Parallel Aware": false,
                                                                                "Scan Direction": "Forward",
                                                                                "Index Name": "link_type_pkey",
                                                                                "Relation Name": "link_type",
                                                                                "Schema": "public",
                                                                                "Alias": "lt",
                                                                                "Startup Cost": 0.14,
                                                                                "Total Cost": 12.45,
                                                                                "Plan Rows": 1,
                                                                                "Plan Width": 16,
                                                                                "Actual Startup Time": 0.014,
                                                                                "Actual Total Time": 0.023,
                                                                                "Actual Rows": 2,
                                                                                "Actual Loops": 1,
                                                                                "Output": [
                                                                                    "lt.id",
                                                                                    "lt.link"
                                                                                ],
                                                                                "Filter": "((lt.link)::text ~~ '%follow%'::text)",
                                                                                "Rows Removed by Filter": 16
                                                                            },
                                                                            {
                                                                                "Node Type": "Hash",
                                                                                "Parent Relationship": "Inner",
                                                                                "Parallel Aware": false,
                                                                                "Startup Cost": 10000010507.3,
                                                                                "Total Cost": 10000010507.3,
                                                                                "Plan Rows": 11846,
                                                                                "Plan Width": 29,
                                                                                "Actual Startup Time": 117.291,
                                                                                "Actual Total Time": 117.293,
                                                                                "Actual Rows": 11298,
                                                                                "Actual Loops": 1,
                                                                                "Output": [
                                                                                    "ml.link_type_id",
                                                                                    "ml.movie_id",
                                                                                    "t.title",
                                                                                    "t.id"
                                                                                ],
                                                                                "Hash Buckets": 16384,
                                                                                "Original Hash Buckets": 16384,
                                                                                "Hash Batches": 1,
                                                                                "Original Hash Batches": 1,
                                                                                "Peak Memory Usage": 858,
                                                                                "Plans": [
                                                                                    {
                                                                                        "Node Type": "Merge Join",
                                                                                        "Parent Relationship": "Outer",
                                                                                        "Parallel Aware": false,
                                                                                        "Join Type": "Inner",
                                                                                        "Startup Cost": 10000000001.07,
                                                                                        "Total Cost": 10000010507.3,
                                                                                        "Plan Rows": 11846,
                                                                                        "Plan Width": 29,
                                                                                        "Actual Startup Time": 0.038,
                                                                                        "Actual Total Time": 115.333,
                                                                                        "Actual Rows": 11298,
                                                                                        "Actual Loops": 1,
                                                                                        "Output": [
                                                                                            "ml.link_type_id",
                                                                                            "ml.movie_id",
                                                                                            "t.title",
                                                                                            "t.id"
                                                                                        ],
                                                                                        "Inner Unique": false,
                                                                                        "Merge Cond": "(t.id = ml.movie_id)",
                                                                                        "Plans": [
                                                                                            {
                                                                                                "Node Type": "Index Scan",
                                                                                                "Parent Relationship": "Outer",
                                                                                                "Parallel Aware": false,
                                                                                                "Scan Direction": "Forward",
                                                                                                "Index Name": "title_pkey",
                                                                                                "Relation Name": "title",
                                                                                                "Schema": "public",
                                                                                                "Alias": "t",
                                                                                                "Startup Cost": 10000000000.43,
                                                                                                "Total Cost": 10000122983.71,
                                                                                                "Plan Rows": 998431,
                                                                                                "Plan Width": 21,
                                                                                                "Actual Startup Time": 0.02,
                                                                                                "Actual Total Time": 103.724,
                                                                                                "Actual Rows": 87635,
                                                                                                "Actual Loops": 1,
                                                                                                "Output": [
                                                                                                    "t.id",
                                                                                                    "t.title",
                                                                                                    "t.imdb_index",
                                                                                                    "t.kind_id",
                                                                                                    "t.production_year",
                                                                                                    "t.imdb_id",
                                                                                                    "t.phonetic_code",
                                                                                                    "t.episode_of_id",
                                                                                                    "t.season_nr",
                                                                                                    "t.episode_nr",
                                                                                                    "t.series_years",
                                                                                                    "t.md5sum"
                                                                                                ],
                                                                                                "Filter": "((t.production_year >= 1998) AND (t.production_year <= 2009))",
                                                                                                "Rows Removed by Filter": 98541
                                                                                            },
                                                                                            {
                                                                                                "Node Type": "Index Scan",
                                                                                                "Parent Relationship": "Inner",
                                                                                                "Parallel Aware": false,
                                                                                                "Scan Direction": "Forward",
                                                                                                "Index Name": "movie_id_movie_link",
                                                                                                "Relation Name": "movie_link",
                                                                                                "Schema": "public",
                                                                                                "Alias": "ml",
                                                                                                "Startup Cost": 0.29,
                                                                                                "Total Cost": 1111.51,
                                                                                                "Plan Rows": 29997,
                                                                                                "Plan Width": 8,
                                                                                                "Actual Startup Time": 0.013,
                                                                                                "Actual Total Time": 4.37,
                                                                                                "Actual Rows": 29997,
                                                                                                "Actual Loops": 1,
                                                                                                "Output": [
                                                                                                    "ml.id",
                                                                                                    "ml.movie_id",
                                                                                                    "ml.linked_movie_id",
                                                                                                    "ml.link_type_id"
                                                                                                ]
                                                                                            }
                                                                                        ]
                                                                                    }
                                                                                ]
                                                                            }
                                                                        ]
                                                                    },
                                                                    {
                                                                        "Node Type": "Bitmap Heap Scan",
                                                                        "Parent Relationship": "Inner",
                                                                        "Parallel Aware": false,
                                                                        "Relation Name": "movie_keyword",
                                                                        "Schema": "public",
                                                                        "Alias": "mk",
                                                                        "Startup Cost": 0.87,
                                                                        "Total Cost": 5.45,
                                                                        "Plan Rows": 46,
                                                                        "Plan Width": 8,
                                                                        "Actual Startup Time": 0.003,
                                                                        "Actual Total Time": 0.004,
                                                                        "Actual Rows": 6,
                                                                        "Actual Loops": 1152,
                                                                        "Output": [
                                                                            "mk.id",
                                                                            "mk.movie_id",
                                                                            "mk.keyword_id"
                                                                        ],
                                                                        "Recheck Cond": "(mk.movie_id = t.id)",
                                                                        "Rows Removed by Index Recheck": 0,
                                                                        "Exact Heap Blocks": 870,
                                                                        "Lossy Heap Blocks": 0,
                                                                        "Plans": [
                                                                            {
                                                                                "Node Type": "Bitmap Index Scan",
                                                                                "Parent Relationship": "Outer",
                                                                                "Parallel Aware": false,
                                                                                "Index Name": "movie_id_movie_keyword",
                                                                                "Startup Cost": 0.0,
                                                                                "Total Cost": 0.86,
                                                                                "Plan Rows": 46,
                                                                                "Plan Width": 0,
                                                                                "Actual Startup Time": 0.002,
                                                                                "Actual Total Time": 0.002,
                                                                                "Actual Rows": 6,
                                                                                "Actual Loops": 1152,
                                                                                "Index Cond": "(mk.movie_id = t.id)"
                                                                            }
                                                                        ]
                                                                    }
                                                                ]
                                                            }
                                                        ]
                                                    }
                                                ]
                                            },
                                            {
                                                "Node Type": "Bitmap Heap Scan",
                                                "Parent Relationship": "Inner",
                                                "Parallel Aware": false,
                                                "Relation Name": "movie_companies",
                                                "Schema": "public",
                                                "Alias": "mc",
                                                "Startup Cost": 0.48,
                                                "Total Cost": 4.54,
                                                "Plan Rows": 3,
                                                "Plan Width": 12,
                                                "Actual Startup Time": 0.017,
                                                "Actual Total Time": 0.018,
                                                "Actual Rows": 3,
                                                "Actual Loops": 1,
                                                "Output": [
                                                    "mc.id",
                                                    "mc.movie_id",
                                                    "mc.company_id",
                                                    "mc.company_type_id",
                                                    "mc.note"
                                                ],
                                                "Recheck Cond": "(mc.movie_id = mk.movie_id)",
                                                "Rows Removed by Index Recheck": 0,
                                                "Filter": "(mc.note IS NULL)",
                                                "Rows Removed by Filter": 0,
                                                "Exact Heap Blocks": 1,
                                                "Lossy Heap Blocks": 0,
                                                "Plans": [
                                                    {
                                                        "Node Type": "Bitmap Index Scan",
                                                        "Parent Relationship": "Outer",
                                                        "Parallel Aware": false,
                                                        "Index Name": "movie_id_movie_companies",
                                                        "Startup Cost": 0.0,
                                                        "Total Cost": 0.48,
                                                        "Plan Rows": 5,
                                                        "Plan Width": 0,
                                                        "Actual Startup Time": 0.012,
                                                        "Actual Total Time": 0.013,
                                                        "Actual Rows": 3,
                                                        "Actual Loops": 1,
                                                        "Index Cond": "(mc.movie_id = mk.movie_id)"
                                                    }
                                                ]
                                            }
                                        ]
                                    }
                                ]
                            }
                        ]
                    },
                    {
                        "Node Type": "Bitmap Heap Scan",
                        "Parent Relationship": "Inner",
                        "Parallel Aware": false,
                        "Relation Name": "company_type",
                        "Schema": "public",
                        "Alias": "ct",
                        "Startup Cost": 0.14,
                        "Total Cost": 4.15,
                        "Plan Rows": 1,
                        "Plan Width": 4,
                        "Actual Startup Time": 0.0,
                        "Actual Total Time": 0.0,
                        "Actual Rows": 0,
                        "Actual Loops": 0,
                        "Output": [
                            "ct.id",
                            "ct.kind"
                        ],
                        "Recheck Cond": "(ct.id = mc.company_type_id)",
                        "Rows Removed by Index Recheck": 0,
                        "Filter": "((ct.kind)::text = 'production companies'::text)",
                        "Rows Removed by Filter": 0,
                        "Exact Heap Blocks": 0,
                        "Lossy Heap Blocks": 0,
                        "Plans": [
                            {
                                "Node Type": "Bitmap Index Scan",
                                "Parent Relationship": "Outer",
                                "Parallel Aware": false,
                                "Index Name": "company_type_pkey",
                                "Startup Cost": 0.0,
                                "Total Cost": 0.14,
                                "Plan Rows": 1,
                                "Plan Width": 0,
                                "Actual Startup Time": 0.0,
                                "Actual Total Time": 0.0,
                                "Actual Rows": 0,
                                "Actual Loops": 0,
                                "Index Cond": "(ct.id = mc.company_type_id)"
                            }
                        ]
                    }
                ]
            }
        ]
    },
    "Planning Time": 8.413,
    "Triggers": [],
    "Execution Time": 194.858
}