{
  "Plan": {
    "Node Type": "Aggregate",
    "Strategy": "Plain",
    "Partial Mode": "Finalize",
    "Parallel Aware": false,
    "Startup Cost": 139811.01,
    "Total Cost": 139811.02,
    "Plan Rows": 1,
    "Plan Width": 8,
    "Actual Startup Time": 860.679,
    "Actual Total Time": 883.821,
    "Actual Rows": 1,
    "Actual Loops": 1,
    "Plans": [
      {
        "Node Type": "Gather",
        "Parent Relationship": "Outer",
        "Parallel Aware": false,
        "Startup Cost": 139810.9,
        "Total Cost": 139811.01,
        "Plan Rows": 1,
        "Plan Width": 8,
        "Actual Startup Time": 853.737,
        "Actual Total Time": 883.815,
        "Actual Rows": 2,
        "Actual Loops": 1,
        "Workers Planned": 1,
        "Workers Launched": 1,
        "Single Copy": false,
        "Plans": [
          {
            "Node Type": "Aggregate",
            "Strategy": "Plain",
            "Partial Mode": "Partial",
            "Parent Relationship": "Outer",
            "Parallel Aware": false,
            "Startup Cost": 138810.9,
            "Total Cost": 138810.91,
            "Plan Rows": 1,
            "Plan Width": 8,
            "Actual Startup Time": 844.347,
            "Actual Total Time": 844.352,
            "Actual Rows": 1,
            "Actual Loops": 2,
            "Plans": [
              {
                "Node Type": "Hash Join",
                "Parent Relationship": "Outer",
                "Parallel Aware": true,
                "Join Type": "Inner",
                "Startup Cost": 111538.43,
                "Total Cost": 138773.01,
                "Plan Rows": 15156,
                "Plan Width": 0,
                "Actual Startup Time": 754.844,
                "Actual Total Time": 843.252,
                "Actual Rows": 15444,
                "Actual Loops": 2,
                "Inner Unique": false,
                "Hash Cond": "(mk.movie_id = t.id)",
                "Plans": [
                  {
                    "Node Type": "Bitmap Heap Scan",
                    "Parent Relationship": "Outer",
                    "Parallel Aware": true,
                    "Relation Name": "movie_keyword",
                    "Alias": "mk",
                    "Startup Cost": 5974.56,
                    "Total Cost": 32498.89,
                    "Plan Rows": 165626,
                    "Plan Width": 4,
                    "Actual Startup Time": 29.374,
                    "Actual Total Time": 90.643,
                    "Actual Rows": 148922,
                    "Actual Loops": 2,
                    "Recheck Cond": "(keyword_id < 245)",
                    "Rows Removed by Index Recheck": 0,
                    "Exact Heap Blocks": 16400,
                    "Lossy Heap Blocks": 0,
                    "Plans": [
                      {
                        "Node Type": "Bitmap Index Scan",
                        "Parent Relationship": "Outer",
                        "Parallel Aware": false,
                        "Index Name": "keyword_id_movie_keyword",
                        "Startup Cost": 0.0,
                        "Total Cost": 5904.17,
                        "Plan Rows": 281565,
                        "Plan Width": 0,
                        "Actual Startup Time": 23.583,
                        "Actual Total Time": 23.584,
                        "Actual Rows": 297845,
                        "Actual Loops": 1,
                        "Index Cond": "(keyword_id < 245)"
                      }
                    ]
                  },
                  {
                    "Node Type": "Hash",
                    "Parent Relationship": "Inner",
                    "Parallel Aware": true,
                    "Startup Cost": 103862.75,
                    "Total Cost": 103862.75,
                    "Plan Rows": 136090,
                    "Plan Width": 8,
                    "Actual Startup Time": 723.888,
                    "Actual Total Time": 723.891,
                    "Actual Rows": 51444,
                    "Actual Loops": 2,
                    "Hash Buckets": 262144,
                    "Original Hash Buckets": 262144,
                    "Hash Batches": 1,
                    "Original Hash Batches": 1,
                    "Peak Memory Usage": 6112,
                    "Plans": [
                      {
                        "Node Type": "Hash Join",
                        "Parent Relationship": "Outer",
                        "Parallel Aware": true,
                        "Join Type": "Inner",
                        "Startup Cost": 69461.26,
                        "Total Cost": 103862.75,
                        "Plan Rows": 136090,
                        "Plan Width": 8,
                        "Actual Startup Time": 596.811,
                        "Actual Total Time": 710.406,
                        "Actual Rows": 51444,
                        "Actual Loops": 2,
                        "Inner Unique": true,
                        "Hash Cond": "(ci.movie_id = t.id)",
                        "Plans": [
                          {
                            "Node Type": "Index Scan",
                            "Parent Relationship": "Outer",
                            "Parallel Aware": true,
                            "Scan Direction": "Forward",
                            "Index Name": "role_id_cast_info",
                            "Relation Name": "cast_info",
                            "Alias": "ci",
                            "Startup Cost": 0.56,
                            "Total Cost": 34044.81,
                            "Plan Rows": 136090,
                            "Plan Width": 4,
                            "Actual Startup Time": 0.216,
                            "Actual Total Time": 78.967,
                            "Actual Rows": 51444,
                            "Actual Loops": 2,
                            "Index Cond": "(role_id = 9)",
                            "Rows Removed by Index Recheck": 0,
                            "Filter": "(person_id < 789214)",
                            "Rows Removed by Filter": 495335
                          },
                          {
                            "Node Type": "Hash",
                            "Parent Relationship": "Inner",
                            "Parallel Aware": true,
                            "Startup Cost": 50870.31,
                            "Total Cost": 50870.31,
                            "Plan Rows": 1487231,
                            "Plan Width": 4,
                            "Actual Startup Time": 581.306,
                            "Actual Total Time": 581.307,
                            "Actual Rows": 1264156,
                            "Actual Loops": 2,
                            "Hash Buckets": 4194304,
                            "Original Hash Buckets": 4194304,
                            "Hash Batches": 1,
                            "Original Hash Batches": 1,
                            "Peak Memory Usage": 131680,
                            "Plans": [
                              {
                                "Node Type": "Seq Scan",
                                "Parent Relationship": "Outer",
                                "Parallel Aware": true,
                                "Relation Name": "title",
                                "Alias": "t",
                                "Startup Cost": 0.0,
                                "Total Cost": 50870.31,
                                "Plan Rows": 1487231,
                                "Plan Width": 4,
                                "Actual Startup Time": 0.025,
                                "Actual Total Time": 182.184,
                                "Actual Rows": 1264156,
                                "Actual Loops": 2
                              }
                            ]
                          }
                        ]
                      }
                    ]
                  }
                ]
              }
            ]
          }
        ]
      }
    ]
  },
  "Planning Time": 0.519,
  "Triggers": [],
  "Execution Time": 883.884
}