{
  "Plan": {
    "Node Type": "Aggregate",
    "Strategy": "Plain",
    "Partial Mode": "Finalize",
    "Parallel Aware": false,
    "Startup Cost": 635641.48,
    "Total Cost": 635641.49,
    "Plan Rows": 1,
    "Plan Width": 8,
    "Actual Startup Time": 1758.915,
    "Actual Total Time": 1824.702,
    "Actual Rows": 1,
    "Actual Loops": 1,
    "Plans": [
      {
        "Node Type": "Gather",
        "Parent Relationship": "Outer",
        "Parallel Aware": false,
        "Startup Cost": 635641.37,
        "Total Cost": 635641.48,
        "Plan Rows": 1,
        "Plan Width": 8,
        "Actual Startup Time": 1758.476,
        "Actual Total Time": 1824.693,
        "Actual Rows": 2,
        "Actual Loops": 1,
        "Workers Planned": 1,
        "Workers Launched": 1,
        "Single Copy": false,
        "Plans": [
          {
            "Node Type": "Aggregate",
            "Strategy": "Plain",
            "Partial Mode": "Partial",
            "Parent Relationship": "Outer",
            "Parallel Aware": false,
            "Startup Cost": 634641.37,
            "Total Cost": 634641.38,
            "Plan Rows": 1,
            "Plan Width": 8,
            "Actual Startup Time": 1752.065,
            "Actual Total Time": 1752.069,
            "Actual Rows": 1,
            "Actual Loops": 2,
            "Plans": [
              {
                "Node Type": "Nested Loop",
                "Parent Relationship": "Outer",
                "Parallel Aware": false,
                "Join Type": "Inner",
                "Startup Cost": 53864.89,
                "Total Cost": 634602.43,
                "Plan Rows": 15574,
                "Plan Width": 0,
                "Actual Startup Time": 112.861,
                "Actual Total Time": 1750.522,
                "Actual Rows": 17804,
                "Actual Loops": 2,
                "Inner Unique": false,
                "Join Filter": "(t.id = mi.movie_id)",
                "Rows Removed by Join Filter": 0,
                "Plans": [
                  {
                    "Node Type": "Hash Join",
                    "Parent Relationship": "Outer",
                    "Parallel Aware": true,
                    "Join Type": "Inner",
                    "Startup Cost": 53864.46,
                    "Total Cost": 588740.94,
                    "Plan Rows": 30802,
                    "Plan Width": 8,
                    "Actual Startup Time": 112.801,
                    "Actual Total Time": 1368.558,
                    "Actual Rows": 29686,
                    "Actual Loops": 2,
                    "Inner Unique": true,
                    "Hash Cond": "(ci.movie_id = t.id)",
                    "Plans": [
                      {
                        "Node Type": "Index Scan",
                        "Parent Relationship": "Outer",
                        "Parallel Aware": true,
                        "Scan Direction": "Forward",
                        "Index Name": "role_id_cast_info",
                        "Relation Name": "cast_info",
                        "Alias": "ci",
                        "Startup Cost": 0.56,
                        "Total Cost": 526730.69,
                        "Plan Rows": 3103368,
                        "Plan Width": 4,
                        "Actual Startup Time": 0.19,
                        "Actual Total Time": 1016.226,
                        "Actual Rows": 1625734,
                        "Actual Loops": 2,
                        "Index Cond": "(role_id > 2)",
                        "Rows Removed by Index Recheck": 0,
                        "Filter": "(person_id < 1147057)",
                        "Rows Removed by Filter": 6435108
                      },
                      {
                        "Node Type": "Hash",
                        "Parent Relationship": "Inner",
                        "Parallel Aware": true,
                        "Startup Cost": 53679.38,
                        "Total Cost": 53679.38,
                        "Plan Rows": 14761,
                        "Plan Width": 4,
                        "Actual Startup Time": 109.471,
                        "Actual Total Time": 109.472,
                        "Actual Rows": 49288,
                        "Actual Loops": 2,
                        "Hash Buckets": 131072,
                        "Original Hash Buckets": 32768,
                        "Hash Batches": 1,
                        "Original Hash Batches": 1,
                        "Peak Memory Usage": 5696,
                        "Plans": [
                          {
                            "Node Type": "Bitmap Heap Scan",
                            "Parent Relationship": "Outer",
                            "Parallel Aware": true,
                            "Relation Name": "title",
                            "Alias": "t",
                            "Startup Cost": 11829.12,
                            "Total Cost": 53679.38,
                            "Plan Rows": 14761,
                            "Plan Width": 4,
                            "Actual Startup Time": 38.16,
                            "Actual Total Time": 96.82,
                            "Actual Rows": 49288,
                            "Actual Loops": 2,
                            "Recheck Cond": "(kind_id = 1)",
                            "Rows Removed by Index Recheck": 0,
                            "Filter": "(production_year < 1924)",
                            "Rows Removed by Filter": 282124,
                            "Exact Heap Blocks": 8929,
                            "Lossy Heap Blocks": 0,
                            "Plans": [
                              {
                                "Node Type": "Bitmap Index Scan",
                                "Parent Relationship": "Outer",
                                "Parallel Aware": false,
                                "Index Name": "kind_id_title",
                                "Startup Cost": 0.0,
                                "Total Cost": 11822.85,
                                "Plan Rows": 663256,
                                "Plan Width": 0,
                                "Actual Startup Time": 40.902,
                                "Actual Total Time": 40.902,
                                "Actual Rows": 662825,
                                "Actual Loops": 1,
                                "Index Cond": "(kind_id = 1)"
                              }
                            ]
                          }
                        ]
                      }
                    ]
                  },
                  {
                    "Node Type": "Index Scan",
                    "Parent Relationship": "Inner",
                    "Parallel Aware": false,
                    "Scan Direction": "Forward",
                    "Index Name": "movie_id_movie_info",
                    "Relation Name": "movie_info",
                    "Alias": "mi",
                    "Startup Cost": 0.43,
                    "Total Cost": 1.44,
                    "Plan Rows": 4,
                    "Plan Width": 4,
                    "Actual Startup Time": 0.008,
                    "Actual Total Time": 0.013,
                    "Actual Rows": 1,
                    "Actual Loops": 59371,
                    "Index Cond": "(movie_id = ci.movie_id)",
                    "Rows Removed by Index Recheck": 0,
                    "Filter": "(info_type_id = 4)",
                    "Rows Removed by Filter": 11
                  }
                ]
              }
            ]
          }
        ]
      }
    ]
  },
  "Planning Time": 1.14,
  "Triggers": [],
  "Execution Time": 1824.83
}