[
  {
    "Plan": {
      "Node Type": "Aggregate",
      "Strategy": "Plain",
      "Partial Mode": "Finalize",
      "Parallel Aware": false,
      "Startup Cost": 124035.78,
      "Total Cost": 124035.79,
      "Plan Rows": 1,
      "Plan Width": 8,
      "Actual Startup Time": 1012.515,
      "Actual Total Time": 1051.65,
      "Actual Rows": 1,
      "Actual Loops": 1,
      "Plans": [
        {
          "Node Type": "Gather",
          "Parent Relationship": "Outer",
          "Parallel Aware": false,
          "Startup Cost": 124035.47,
          "Total Cost": 124035.78,
          "Plan Rows": 3,
          "Plan Width": 8,
          "Actual Startup Time": 1000.249,
          "Actual Total Time": 1051.635,
          "Actual Rows": 4,
          "Actual Loops": 1,
          "Workers Planned": 3,
          "Workers Launched": 3,
          "Single Copy": false,
          "Plans": [
            {
              "Node Type": "Aggregate",
              "Strategy": "Plain",
              "Partial Mode": "Partial",
              "Parent Relationship": "Outer",
              "Parallel Aware": false,
              "Startup Cost": 123035.47,
              "Total Cost": 123035.48,
              "Plan Rows": 1,
              "Plan Width": 8,
              "Actual Startup Time": 990.733,
              "Actual Total Time": 990.744,
              "Actual Rows": 1,
              "Actual Loops": 4,
              "Plans": [
                {
                  "Node Type": "Hash Join",
                  "Parent Relationship": "Outer",
                  "Parallel Aware": true,
                  "Join Type": "Inner",
                  "Startup Cost": 91777.23,
                  "Total Cost": 122889.41,
                  "Plan Rows": 58423,
                  "Plan Width": 0,
                  "Actual Startup Time": 761.969,
                  "Actual Total Time": 968.281,
                  "Actual Rows": 359462,
                  "Actual Loops": 4,
                  "Inner Unique": false,
                  "Hash Cond": "(mc.movie_id = t.id)",
                  "Plans": [
                    {
                      "Node Type": "Seq Scan",
                      "Parent Relationship": "Outer",
                      "Parallel Aware": true,
                      "Relation Name": "movie_companies",
                      "Alias": "mc",
                      "Startup Cost": 0.0,
                      "Total Cost": 29310.68,
                      "Plan Rows": 430142,
                      "Plan Width": 4,
                      "Actual Startup Time": 51.096,
                      "Actual Total Time": 111.647,
                      "Actual Rows": 333721,
                      "Actual Loops": 4,
                      "Filter": "(company_type_id > 1)",
                      "Rows Removed by Filter": 318562
                    },
                    {
                      "Node Type": "Hash",
                      "Parent Relationship": "Inner",
                      "Parallel Aware": true,
                      "Startup Cost": 90392.5,
                      "Total Cost": 90392.5,
                      "Plan Rows": 110779,
                      "Plan Width": 8,
                      "Actual Startup Time": 708.004,
                      "Actual Total Time": 708.011,
                      "Actual Rows": 194592,
                      "Actual Loops": 4,
                      "Hash Buckets": 1048576,
                      "Original Hash Buckets": 524288,
                      "Hash Batches": 1,
                      "Original Hash Batches": 1,
                      "Peak Memory Usage": 42816,
                      "Plans": [
                        {
                          "Node Type": "Hash Join",
                          "Parent Relationship": "Outer",
                          "Parallel Aware": true,
                          "Join Type": "Inner",
                          "Startup Cost": 46941.6,
                          "Total Cost": 90392.5,
                          "Plan Rows": 110779,
                          "Plan Width": 8,
                          "Actual Startup Time": 317.349,
                          "Actual Total Time": 589.906,
                          "Actual Rows": 194592,
                          "Actual Loops": 4,
                          "Inner Unique": true,
                          "Hash Cond": "(mk.movie_id = t.id)",
                          "Plans": [
                            {
                              "Node Type": "Seq Scan",
                              "Parent Relationship": "Outer",
                              "Parallel Aware": true,
                              "Relation Name": "movie_keyword",
                              "Alias": "mk",
                              "Startup Cost": 0.0,
                              "Total Cost": 42695.65,
                              "Plan Rows": 287713,
                              "Plan Width": 4,
                              "Actual Startup Time": 0.034,
                              "Actual Total Time": 157.861,
                              "Actual Rows": 224682,
                              "Actual Loops": 4,
                              "Filter": "(keyword_id < 851)",
                              "Rows Removed by Filter": 906300
                            },
                            {
                              "Node Type": "Hash",
                              "Parent Relationship": "Inner",
                              "Parallel Aware": true,
                              "Startup Cost": 43899.32,
                              "Total Cost": 43899.32,
                              "Plan Rows": 243382,
                              "Plan Width": 4,
                              "Actual Startup Time": 314.274,
                              "Actual Total Time": 314.277,
                              "Actual Rows": 243112,
                              "Actual Loops": 4,
                              "Hash Buckets": 1048576,
                              "Original Hash Buckets": 1048576,
                              "Hash Batches": 1,
                              "Original Hash Batches": 1,
                              "Peak Memory Usage": 46304,
                              "Plans": [
                                {
                                  "Node Type": "Seq Scan",
                                  "Parent Relationship": "Outer",
                                  "Parallel Aware": true,
                                  "Relation Name": "title",
                                  "Alias": "t",
                                  "Startup Cost": 0.0,
                                  "Total Cost": 43899.32,
                                  "Plan Rows": 243382,
                                  "Plan Width": 4,
                                  "Actual Startup Time": 0.06,
                                  "Actual Total Time": 161.112,
                                  "Actual Rows": 243112,
                                  "Actual Loops": 4,
                                  "Filter": "(kind_id < 6)",
                                  "Rows Removed by Filter": 388966
                                }
                              ]
                            }
                          ]
                        }
                      ]
                    }
                  ]
                }
              ]
            }
          ]
        }
      ]
    },
    "Planning Time": 1.227,
    "Triggers": [],
    "Execution Time": 1051.734
  }
]