[
  {
    "Plan": {
      "Node Type": "Aggregate",
      "Strategy": "Plain",
      "Partial Mode": "Finalize",
      "Parallel Aware": false,
      "Startup Cost": 45155.05,
      "Total Cost": 45155.06,
      "Plan Rows": 1,
      "Plan Width": 8,
      "Actual Startup Time": 174.21,
      "Actual Total Time": 186.897,
      "Actual Rows": 1,
      "Actual Loops": 1,
      "Plans": [
        {
          "Node Type": "Gather",
          "Parent Relationship": "Outer",
          "Parallel Aware": false,
          "Startup Cost": 45154.73,
          "Total Cost": 45155.04,
          "Plan Rows": 3,
          "Plan Width": 8,
          "Actual Startup Time": 174.08,
          "Actual Total Time": 186.885,
          "Actual Rows": 4,
          "Actual Loops": 1,
          "Workers Planned": 3,
          "Workers Launched": 3,
          "Single Copy": false,
          "Plans": [
            {
              "Node Type": "Aggregate",
              "Strategy": "Plain",
              "Partial Mode": "Partial",
              "Parent Relationship": "Outer",
              "Parallel Aware": false,
              "Startup Cost": 44154.73,
              "Total Cost": 44154.74,
              "Plan Rows": 1,
              "Plan Width": 8,
              "Actual Startup Time": 167.259,
              "Actual Total Time": 167.26,
              "Actual Rows": 1,
              "Actual Loops": 4,
              "Plans": [
                {
                  "Node Type": "Seq Scan",
                  "Parent Relationship": "Outer",
                  "Parallel Aware": true,
                  "Relation Name": "movie_keyword",
                  "Alias": "mk",
                  "Startup Cost": 0.0,
                  "Total Cost": 42695.65,
                  "Plan Rows": 583632,
                  "Plan Width": 0,
                  "Actual Startup Time": 0.052,
                  "Actual Total Time": 139.555,
                  "Actual Rows": 454824,
                  "Actual Loops": 4,
                  "Filter": "(keyword_id < 2987)",
                  "Rows Removed by Filter": 676159
                }
              ]
            }
          ]
        }
      ]
    },
    "Planning Time": 0.188,
    "Triggers": [],
    "Execution Time": 186.955
  }
]