[
  {
    "Plan": {
      "Node Type": "Aggregate",
      "Strategy": "Plain",
      "Partial Mode": "Finalize",
      "Parallel Aware": false,
      "Startup Cost": 42537.98,
      "Total Cost": 42537.99,
      "Plan Rows": 1,
      "Plan Width": 8,
      "Actual Startup Time": 153.254,
      "Actual Total Time": 162.191,
      "Actual Rows": 1,
      "Actual Loops": 1,
      "Plans": [
        {
          "Node Type": "Gather",
          "Parent Relationship": "Outer",
          "Parallel Aware": false,
          "Startup Cost": 42537.67,
          "Total Cost": 42537.98,
          "Plan Rows": 3,
          "Plan Width": 8,
          "Actual Startup Time": 152.996,
          "Actual Total Time": 162.18,
          "Actual Rows": 4,
          "Actual Loops": 1,
          "Workers Planned": 3,
          "Workers Launched": 3,
          "Single Copy": false,
          "Plans": [
            {
              "Node Type": "Aggregate",
              "Strategy": "Plain",
              "Partial Mode": "Partial",
              "Parent Relationship": "Outer",
              "Parallel Aware": false,
              "Startup Cost": 41537.67,
              "Total Cost": 41537.68,
              "Plan Rows": 1,
              "Plan Width": 8,
              "Actual Startup Time": 146.062,
              "Actual Total Time": 146.063,
              "Actual Rows": 1,
              "Actual Loops": 4,
              "Plans": [
                {
                  "Node Type": "Bitmap Heap Scan",
                  "Parent Relationship": "Outer",
                  "Parallel Aware": true,
                  "Relation Name": "movie_keyword",
                  "Alias": "mk",
                  "Startup Cost": 13910.61,
                  "Total Cost": 41008.82,
                  "Plan Rows": 211537,
                  "Plan Width": 0,
                  "Actual Startup Time": 57.674,
                  "Actual Total Time": 136.952,
                  "Actual Rows": 167239,
                  "Actual Loops": 4,
                  "Recheck Cond": "(keyword_id < 523)",
                  "Rows Removed by Index Recheck": 0,
                  "Exact Heap Blocks": 9483,
                  "Lossy Heap Blocks": 0,
                  "Plans": [
                    {
                      "Node Type": "Bitmap Index Scan",
                      "Parent Relationship": "Outer",
                      "Parallel Aware": false,
                      "Index Name": "keyword_id_movie_keyword",
                      "Startup Cost": 0.0,
                      "Total Cost": 13746.67,
                      "Plan Rows": 655765,
                      "Plan Width": 0,
                      "Actual Startup Time": 60.056,
                      "Actual Total Time": 60.056,
                      "Actual Rows": 668955,
                      "Actual Loops": 1,
                      "Index Cond": "(keyword_id < 523)"
                    }
                  ]
                }
              ]
            }
          ]
        }
      ]
    },
    "Planning Time": 0.237,
    "Triggers": [],
    "Execution Time": 162.269
  }
]