[
  {
    "Plan": {
      "Node Type": "Aggregate",
      "Strategy": "Plain",
      "Partial Mode": "Finalize",
      "Parallel Aware": false,
      "Startup Cost": 46657.11,
      "Total Cost": 46657.12,
      "Plan Rows": 1,
      "Plan Width": 8,
      "Actual Startup Time": 192.561,
      "Actual Total Time": 203.301,
      "Actual Rows": 1,
      "Actual Loops": 1,
      "Plans": [
        {
          "Node Type": "Gather",
          "Parent Relationship": "Outer",
          "Parallel Aware": false,
          "Startup Cost": 46656.79,
          "Total Cost": 46657.1,
          "Plan Rows": 3,
          "Plan Width": 8,
          "Actual Startup Time": 192.434,
          "Actual Total Time": 203.283,
          "Actual Rows": 4,
          "Actual Loops": 1,
          "Workers Planned": 3,
          "Workers Launched": 3,
          "Single Copy": false,
          "Plans": [
            {
              "Node Type": "Aggregate",
              "Strategy": "Plain",
              "Partial Mode": "Partial",
              "Parent Relationship": "Outer",
              "Parallel Aware": false,
              "Startup Cost": 45656.79,
              "Total Cost": 45656.8,
              "Plan Rows": 1,
              "Plan Width": 8,
              "Actual Startup Time": 187.653,
              "Actual Total Time": 187.654,
              "Actual Rows": 1,
              "Actual Loops": 4,
              "Plans": [
                {
                  "Node Type": "Seq Scan",
                  "Parent Relationship": "Outer",
                  "Parallel Aware": true,
                  "Relation Name": "movie_keyword",
                  "Alias": "mk",
                  "Startup Cost": 0.0,
                  "Total Cost": 42695.65,
                  "Plan Rows": 1184456,
                  "Plan Width": 0,
                  "Actual Startup Time": 0.036,
                  "Actual Total Time": 138.375,
                  "Actual Rows": 920038,
                  "Actual Loops": 4,
                  "Filter": "(keyword_id < 21735)",
                  "Rows Removed by Filter": 210945
                }
              ]
            }
          ]
        }
      ]
    },
    "Planning Time": 0.107,
    "Triggers": [],
    "Execution Time": 203.337
  }
]