[
  {
    "Plan": {
      "Node Type": "Aggregate",
      "Strategy": "Plain",
      "Partial Mode": "Finalize",
      "Parallel Aware": false,
      "Startup Cost": 46481.12,
      "Total Cost": 46481.13,
      "Plan Rows": 1,
      "Plan Width": 8,
      "Actual Startup Time": 92.851,
      "Actual Total Time": 104.689,
      "Actual Rows": 1,
      "Actual Loops": 1,
      "Plans": [
        {
          "Node Type": "Gather",
          "Parent Relationship": "Outer",
          "Parallel Aware": false,
          "Startup Cost": 46480.7,
          "Total Cost": 46481.11,
          "Plan Rows": 4,
          "Plan Width": 8,
          "Actual Startup Time": 92.602,
          "Actual Total Time": 104.68,
          "Actual Rows": 5,
          "Actual Loops": 1,
          "Workers Planned": 4,
          "Workers Launched": 4,
          "Single Copy": false,
          "Plans": [
            {
              "Node Type": "Aggregate",
              "Strategy": "Plain",
              "Partial Mode": "Partial",
              "Parent Relationship": "Outer",
              "Parallel Aware": false,
              "Startup Cost": 45480.7,
              "Total Cost": 45480.71,
              "Plan Rows": 1,
              "Plan Width": 8,
              "Actual Startup Time": 84.367,
              "Actual Total Time": 84.368,
              "Actual Rows": 1,
              "Actual Loops": 5,
              "Plans": [
                {
                  "Node Type": "Seq Scan",
                  "Parent Relationship": "Outer",
                  "Parallel Aware": true,
                  "Relation Name": "title",
                  "Alias": "t",
                  "Startup Cost": 0.0,
                  "Total Cost": 45479.1,
                  "Plan Rows": 640,
                  "Plan Width": 0,
                  "Actual Startup Time": 0.488,
                  "Actual Total Time": 84.298,
                  "Actual Rows": 409,
                  "Actual Loops": 5,
                  "Filter": "((kind_id = 7) AND (production_year = 1950))",
                  "Rows Removed by Filter": 505254
                }
              ]
            }
          ]
        }
      ]
    },
    "Planning Time": 0.185,
    "Triggers": [],
    "Execution Time": 104.749
  }
]