[
  {
    "Plan": {
      "Node Type": "Aggregate",
      "Strategy": "Plain",
      "Partial Mode": "Finalize",
      "Parallel Aware": false,
      "Startup Cost": 127325.72,
      "Total Cost": 127325.73,
      "Plan Rows": 1,
      "Plan Width": 8,
      "Actual Startup Time": 599.826,
      "Actual Total Time": 622.612,
      "Actual Rows": 1,
      "Actual Loops": 1,
      "Plans": [
        {
          "Node Type": "Gather",
          "Parent Relationship": "Outer",
          "Parallel Aware": false,
          "Startup Cost": 127325.41,
          "Total Cost": 127325.72,
          "Plan Rows": 3,
          "Plan Width": 8,
          "Actual Startup Time": 593.798,
          "Actual Total Time": 622.602,
          "Actual Rows": 4,
          "Actual Loops": 1,
          "Workers Planned": 3,
          "Workers Launched": 3,
          "Single Copy": false,
          "Plans": [
            {
              "Node Type": "Aggregate",
              "Strategy": "Plain",
              "Partial Mode": "Partial",
              "Parent Relationship": "Outer",
              "Parallel Aware": false,
              "Startup Cost": 126325.41,
              "Total Cost": 126325.42,
              "Plan Rows": 1,
              "Plan Width": 8,
              "Actual Startup Time": 580.8,
              "Actual Total Time": 580.805,
              "Actual Rows": 1,
              "Actual Loops": 4,
              "Plans": [
                {
                  "Node Type": "Hash Join",
                  "Parent Relationship": "Outer",
                  "Parallel Aware": true,
                  "Join Type": "Inner",
                  "Startup Cost": 81128.16,
                  "Total Cost": 126029.63,
                  "Plan Rows": 118312,
                  "Plan Width": 0,
                  "Actual Startup Time": 322.508,
                  "Actual Total Time": 561.635,
                  "Actual Rows": 395382,
                  "Actual Loops": 4,
                  "Inner Unique": false,
                  "Hash Cond": "(mk.movie_id = t.id)",
                  "Plans": [
                    {
                      "Node Type": "Seq Scan",
                      "Parent Relationship": "Outer",
                      "Parallel Aware": true,
                      "Relation Name": "movie_keyword",
                      "Alias": "mk",
                      "Startup Cost": 0.0,
                      "Total Cost": 39047.32,
                      "Plan Rows": 1459332,
                      "Plan Width": 4,
                      "Actual Startup Time": 0.027,
                      "Actual Total Time": 99.216,
                      "Actual Rows": 1130982,
                      "Actual Loops": 4
                    },
                    {
                      "Node Type": "Hash",
                      "Parent Relationship": "Inner",
                      "Parallel Aware": true,
                      "Startup Cost": 80301.65,
                      "Total Cost": 80301.65,
                      "Plan Rows": 66121,
                      "Plan Width": 8,
                      "Actual Startup Time": 319.927,
                      "Actual Total Time": 319.931,
                      "Actual Rows": 41536,
                      "Actual Loops": 4,
                      "Hash Buckets": 262144,
                      "Original Hash Buckets": 262144,
                      "Hash Batches": 1,
                      "Original Hash Batches": 1,
                      "Peak Memory Usage": 8576,
                      "Plans": [
                        {
                          "Node Type": "Hash Join",
                          "Parent Relationship": "Outer",
                          "Parallel Aware": true,
                          "Join Type": "Inner",
                          "Startup Cost": 48420.62,
                          "Total Cost": 80301.65,
                          "Plan Rows": 66121,
                          "Plan Width": 8,
                          "Actual Startup Time": 234.665,
                          "Actual Total Time": 305.84,
                          "Actual Rows": 41536,
                          "Actual Loops": 4,
                          "Inner Unique": true,
                          "Hash Cond": "(mc.movie_id = t.id)",
                          "Plans": [
                            {
                              "Node Type": "Seq Scan",
                              "Parent Relationship": "Outer",
                              "Parallel Aware": true,
                              "Relation Name": "movie_companies",
                              "Alias": "mc",
                              "Startup Cost": 0.0,
                              "Total Cost": 31414.82,
                              "Plan Rows": 177602,
                              "Plan Width": 4,
                              "Actual Startup Time": 34.378,
                              "Actual Total Time": 69.555,
                              "Actual Rows": 85188,
                              "Actual Loops": 4,
                              "Filter": "((company_id < 7036) AND (company_type_id = 2))",
                              "Rows Removed by Filter": 567094
                            },
                            {
                              "Node Type": "Hash",
                              "Parent Relationship": "Inner",
                              "Parallel Aware": true,
                              "Startup Cost": 45479.1,
                              "Total Cost": 45479.1,
                              "Plan Rows": 235322,
                              "Plan Width": 4,
                              "Actual Startup Time": 196.671,
                              "Actual Total Time": 196.672,
                              "Actual Rows": 229483,
                              "Actual Loops": 4,
                              "Hash Buckets": 1048576,
                              "Original Hash Buckets": 1048576,
                              "Hash Batches": 1,
                              "Original Hash Batches": 1,
                              "Peak Memory Usage": 44192,
                              "Plans": [
                                {
                                  "Node Type": "Seq Scan",
                                  "Parent Relationship": "Outer",
                                  "Parallel Aware": true,
                                  "Relation Name": "title",
                                  "Alias": "t",
                                  "Startup Cost": 0.0,
                                  "Total Cost": 45479.1,
                                  "Plan Rows": 235322,
                                  "Plan Width": 4,
                                  "Actual Startup Time": 0.043,
                                  "Actual Total Time": 114.335,
                                  "Actual Rows": 229483,
                                  "Actual Loops": 4,
                                  "Filter": "((kind_id < 7) AND (production_year > 1914))",
                                  "Rows Removed by Filter": 402595
                                }
                              ]
                            }
                          ]
                        }
                      ]
                    }
                  ]
                }
              ]
            }
          ]
        }
      ]
    },
    "Planning Time": 1.407,
    "Triggers": [],
    "Execution Time": 622.692
  }
]