[
  {
    "Plan": {
      "Node Type": "Aggregate",
      "Strategy": "Plain",
      "Partial Mode": "Finalize",
      "Parallel Aware": false,
      "Startup Cost": 31649.35,
      "Total Cost": 31649.36,
      "Plan Rows": 1,
      "Plan Width": 8,
      "Actual Startup Time": 105.78,
      "Actual Total Time": 111.251,
      "Actual Rows": 1,
      "Actual Loops": 1,
      "Plans": [
        {
          "Node Type": "Gather",
          "Parent Relationship": "Outer",
          "Parallel Aware": false,
          "Startup Cost": 31649.03,
          "Total Cost": 31649.34,
          "Plan Rows": 3,
          "Plan Width": 8,
          "Actual Startup Time": 105.663,
          "Actual Total Time": 111.244,
          "Actual Rows": 4,
          "Actual Loops": 1,
          "Workers Planned": 3,
          "Workers Launched": 3,
          "Single Copy": false,
          "Plans": [
            {
              "Node Type": "Aggregate",
              "Strategy": "Plain",
              "Partial Mode": "Partial",
              "Parent Relationship": "Outer",
              "Parallel Aware": false,
              "Startup Cost": 30649.03,
              "Total Cost": 30649.04,
              "Plan Rows": 1,
              "Plan Width": 8,
              "Actual Startup Time": 99.211,
              "Actual Total Time": 99.212,
              "Actual Rows": 1,
              "Actual Loops": 4,
              "Plans": [
                {
                  "Node Type": "Seq Scan",
                  "Parent Relationship": "Outer",
                  "Parallel Aware": true,
                  "Relation Name": "movie_companies",
                  "Alias": "mc",
                  "Startup Cost": 0.0,
                  "Total Cost": 29310.68,
                  "Plan Rows": 535340,
                  "Plan Width": 0,
                  "Actual Startup Time": 1.651,
                  "Actual Total Time": 79.63,
                  "Actual Rows": 415204,
                  "Actual Loops": 4,
                  "Filter": "(company_id > 3685)",
                  "Rows Removed by Filter": 237078
                }
              ]
            }
          ]
        }
      ]
    },
    "Planning Time": 0.105,
    "Triggers": [],
    "Execution Time": 111.28
  }
]