[
  {
    "Plan": {
      "Node Type": "Aggregate",
      "Strategy": "Plain",
      "Partial Mode": "Finalize",
      "Parallel Aware": false,
      "Startup Cost": 572490.59,
      "Total Cost": 572490.6,
      "Plan Rows": 1,
      "Plan Width": 8,
      "Actual Startup Time": 4239.602,
      "Actual Total Time": 4328.051,
      "Actual Rows": 1,
      "Actual Loops": 1,
      "Plans": [
        {
          "Node Type": "Gather",
          "Parent Relationship": "Outer",
          "Parallel Aware": false,
          "Startup Cost": 572490.07,
          "Total Cost": 572490.58,
          "Plan Rows": 5,
          "Plan Width": 8,
          "Actual Startup Time": 4224.587,
          "Actual Total Time": 4328.028,
          "Actual Rows": 6,
          "Actual Loops": 1,
          "Workers Planned": 5,
          "Workers Launched": 5,
          "Single Copy": false,
          "Plans": [
            {
              "Node Type": "Aggregate",
              "Strategy": "Plain",
              "Partial Mode": "Partial",
              "Parent Relationship": "Outer",
              "Parallel Aware": false,
              "Startup Cost": 571490.07,
              "Total Cost": 571490.08,
              "Plan Rows": 1,
              "Plan Width": 8,
              "Actual Startup Time": 4202.965,
              "Actual Total Time": 4202.97,
              "Actual Rows": 1,
              "Actual Loops": 6,
              "Plans": [
                {
                  "Node Type": "Nested Loop",
                  "Parent Relationship": "Outer",
                  "Parallel Aware": false,
                  "Join Type": "Inner",
                  "Startup Cost": 65150.4,
                  "Total Cost": 568370.0,
                  "Plan Rows": 1248027,
                  "Plan Width": 0,
                  "Actual Startup Time": 362.568,
                  "Actual Total Time": 4113.35,
                  "Actual Rows": 1361896,
                  "Actual Loops": 6,
                  "Inner Unique": false,
                  "Plans": [
                    {
                      "Node Type": "Hash Join",
                      "Parent Relationship": "Outer",
                      "Parallel Aware": true,
                      "Join Type": "Inner",
                      "Startup Cost": 65149.84,
                      "Total Cost": 229641.3,
                      "Plan Rows": 165188,
                      "Plan Width": 8,
                      "Actual Startup Time": 361.935,
                      "Actual Total Time": 503.318,
                      "Actual Rows": 133690,
                      "Actual Loops": 6,
                      "Inner Unique": true,
                      "Hash Cond": "(mi.movie_id = t.id)",
                      "Plans": [
                        {
                          "Node Type": "Bitmap Heap Scan",
                          "Parent Relationship": "Outer",
                          "Parallel Aware": true,
                          "Relation Name": "movie_info",
                          "Alias": "mi",
                          "Startup Cost": 14929.45,
                          "Total Cost": 178987.3,
                          "Plan Rows": 165188,
                          "Plan Width": 4,
                          "Actual Startup Time": 38.23,
                          "Actual Total Time": 62.813,
                          "Actual Rows": 133690,
                          "Actual Loops": 6,
                          "Recheck Cond": "(info_type_id = 1)",
                          "Rows Removed by Index Recheck": 0,
                          "Exact Heap Blocks": 913,
                          "Lossy Heap Blocks": 0,
                          "Plans": [
                            {
                              "Node Type": "Bitmap Index Scan",
                              "Parent Relationship": "Outer",
                              "Parallel Aware": false,
                              "Index Name": "info_type_id_movie_info",
                              "Startup Cost": 0.0,
                              "Total Cost": 14722.97,
                              "Plan Rows": 825938,
                              "Plan Width": 0,
                              "Actual Startup Time": 37.046,
                              "Actual Total Time": 37.048,
                              "Actual Rows": 802140,
                              "Actual Loops": 1,
                              "Index Cond": "(info_type_id = 1)"
                            }
                          ]
                        },
                        {
                          "Node Type": "Hash",
                          "Parent Relationship": "Inner",
                          "Parallel Aware": true,
                          "Startup Cost": 42319.06,
                          "Total Cost": 42319.06,
                          "Plan Rows": 632106,
                          "Plan Width": 4,
                          "Actual Startup Time": 315.532,
                          "Actual Total Time": 315.533,
                          "Actual Rows": 421385,
                          "Actual Loops": 6,
                          "Hash Buckets": 4194304,
                          "Original Hash Buckets": 4194304,
                          "Hash Batches": 1,
                          "Original Hash Batches": 1,
                          "Peak Memory Usage": 131776,
                          "Plans": [
                            {
                              "Node Type": "Seq Scan",
                              "Parent Relationship": "Outer",
                              "Parallel Aware": true,
                              "Relation Name": "title",
                              "Alias": "t",
                              "Startup Cost": 0.0,
                              "Total Cost": 42319.06,
                              "Plan Rows": 632106,
                              "Plan Width": 4,
                              "Actual Startup Time": 0.055,
                              "Actual Total Time": 96.594,
                              "Actual Rows": 421385,
                              "Actual Loops": 6
                            }
                          ]
                        }
                      ]
                    },
                    {
                      "Node Type": "Index Scan",
                      "Parent Relationship": "Inner",
                      "Parallel Aware": false,
                      "Scan Direction": "Forward",
                      "Index Name": "movie_id_cast_info",
                      "Relation Name": "cast_info",
                      "Alias": "ci",
                      "Startup Cost": 0.56,
                      "Total Cost": 1.87,
                      "Plan Rows": 18,
                      "Plan Width": 4,
                      "Actual Startup Time": 0.012,
                      "Actual Total Time": 0.026,
                      "Actual Rows": 10,
                      "Actual Loops": 802140,
                      "Index Cond": "(movie_id = t.id)",
                      "Rows Removed by Index Recheck": 0,
                      "Filter": "(person_id > 1709572)",
                      "Rows Removed by Filter": 10
                    }
                  ]
                }
              ]
            }
          ]
        }
      ]
    },
    "Planning Time": 1.285,
    "Triggers": [],
    "Execution Time": 4328.175
  }
]