[
    {
        "Bao": {
            "Bao prediction": 437.018,
            "Bao recommended hint": "(no hint)"
        }
    },
    {
        "Plan": {
            "Node Type": "Aggregate",
            "Strategy": "Plain",
            "Partial Mode": "Finalize",
            "Parallel Aware": false,
            "Startup Cost": 32632.27,
            "Total Cost": 32632.28,
            "Plan Rows": 1,
            "Plan Width": 8,
            "Actual Startup Time": 89.335,
            "Actual Total Time": 94.721,
            "Actual Rows": 1,
            "Actual Loops": 1,
            "Output": [
                "count(*)"
            ],
            "Plans": [
                {
                    "Node Type": "Gather",
                    "Parent Relationship": "Outer",
                    "Parallel Aware": false,
                    "Startup Cost": 32631.96,
                    "Total Cost": 32632.27,
                    "Plan Rows": 3,
                    "Plan Width": 8,
                    "Actual Startup Time": 89.245,
                    "Actual Total Time": 94.714,
                    "Actual Rows": 4,
                    "Actual Loops": 1,
                    "Output": [
                        "(PARTIAL count(*))"
                    ],
                    "Workers Planned": 3,
                    "Workers Launched": 3,
                    "Single Copy": false,
                    "Plans": [
                        {
                            "Node Type": "Aggregate",
                            "Strategy": "Plain",
                            "Partial Mode": "Partial",
                            "Parent Relationship": "Outer",
                            "Parallel Aware": false,
                            "Startup Cost": 31631.96,
                            "Total Cost": 31631.97,
                            "Plan Rows": 1,
                            "Plan Width": 8,
                            "Actual Startup Time": 81.541,
                            "Actual Total Time": 81.542,
                            "Actual Rows": 1,
                            "Actual Loops": 4,
                            "Output": [
                                "PARTIAL count(*)"
                            ],
                            "Workers": [
                                {
                                    "Worker Number": 0,
                                    "Actual Startup Time": 78.992,
                                    "Actual Total Time": 78.993,
                                    "Actual Rows": 1,
                                    "Actual Loops": 1
                                },
                                {
                                    "Worker Number": 1,
                                    "Actual Startup Time": 79.031,
                                    "Actual Total Time": 79.032,
                                    "Actual Rows": 1,
                                    "Actual Loops": 1
                                },
                                {
                                    "Worker Number": 2,
                                    "Actual Startup Time": 79.512,
                                    "Actual Total Time": 79.513,
                                    "Actual Rows": 1,
                                    "Actual Loops": 1
                                }
                            ],
                            "Plans": [
                                {
                                    "Node Type": "Seq Scan",
                                    "Parent Relationship": "Outer",
                                    "Parallel Aware": true,
                                    "Relation Name": "movie_companies",
                                    "Schema": "public",
                                    "Alias": "mc",
                                    "Startup Cost": 0.0,
                                    "Total Cost": 31414.82,
                                    "Plan Rows": 86855,
                                    "Plan Width": 0,
                                    "Actual Startup Time": 49.689,
                                    "Actual Total Time": 79.715,
                                    "Actual Rows": 35090,
                                    "Actual Loops": 4,
                                    "Output": [
                                        "id",
                                        "movie_id",
                                        "company_id",
                                        "company_type_id",
                                        "note"
                                    ],
                                    "Filter": "((mc.company_id < 483) AND (mc.company_type_id > 1))",
                                    "Rows Removed by Filter": 617192,
                                    "Workers": [
                                        {
                                            "Worker Number": 0,
                                            "Actual Startup Time": 47.15,
                                            "Actual Total Time": 77.178,
                                            "Actual Rows": 25250,
                                            "Actual Loops": 1
                                        },
                                        {
                                            "Worker Number": 1,
                                            "Actual Startup Time": 47.176,
                                            "Actual Total Time": 77.257,
                                            "Actual Rows": 40901,
                                            "Actual Loops": 1
                                        },
                                        {
                                            "Worker Number": 2,
                                            "Actual Startup Time": 47.657,
                                            "Actual Total Time": 77.752,
                                            "Actual Rows": 24522,
                                            "Actual Loops": 1
                                        }
                                    ]
                                }
                            ]
                        }
                    ]
                }
            ]
        },
        "Planning Time": 454.741,
        "Triggers": [],
        "Execution Time": 94.799
    }
]