{
  "Plan": {
    "Node Type": "Aggregate",
    "Strategy": "Plain",
    "Partial Mode": "Finalize",
    "Parallel Aware": false,
    "Startup Cost": 98276.01,
    "Total Cost": 98276.02,
    "Plan Rows": 1,
    "Plan Width": 8,
    "Actual Startup Time": 534.625,
    "Actual Total Time": 587.736,
    "Actual Rows": 1,
    "Actual Loops": 1,
    "Plans": [
      {
        "Node Type": "Gather",
        "Parent Relationship": "Outer",
        "Parallel Aware": false,
        "Startup Cost": 98275.89,
        "Total Cost": 98276.0,
        "Plan Rows": 1,
        "Plan Width": 8,
        "Actual Startup Time": 534.419,
        "Actual Total Time": 587.727,
        "Actual Rows": 2,
        "Actual Loops": 1,
        "Workers Planned": 1,
        "Workers Launched": 1,
        "Single Copy": false,
        "Plans": [
          {
            "Node Type": "Aggregate",
            "Strategy": "Plain",
            "Partial Mode": "Partial",
            "Parent Relationship": "Outer",
            "Parallel Aware": false,
            "Startup Cost": 97275.89,
            "Total Cost": 97275.9,
            "Plan Rows": 1,
            "Plan Width": 8,
            "Actual Startup Time": 528.413,
            "Actual Total Time": 528.415,
            "Actual Rows": 1,
            "Actual Loops": 2,
            "Plans": [
              {
                "Node Type": "Nested Loop",
                "Parent Relationship": "Outer",
                "Parallel Aware": false,
                "Join Type": "Inner",
                "Startup Cost": 334.05,
                "Total Cost": 96947.93,
                "Plan Rows": 131186,
                "Plan Width": 0,
                "Actual Startup Time": 4.093,
                "Actual Total Time": 499.824,
                "Actual Rows": 464904,
                "Actual Loops": 2,
                "Inner Unique": false,
                "Plans": [
                  {
                    "Node Type": "Nested Loop",
                    "Parent Relationship": "Outer",
                    "Parallel Aware": false,
                    "Join Type": "Inner",
                    "Startup Cost": 333.48,
                    "Total Cost": 76915.91,
                    "Plan Rows": 9155,
                    "Plan Width": 8,
                    "Actual Startup Time": 3.927,
                    "Actual Total Time": 32.245,
                    "Actual Rows": 6839,
                    "Actual Loops": 2,
                    "Inner Unique": true,
                    "Plans": [
                      {
                        "Node Type": "Bitmap Heap Scan",
                        "Parent Relationship": "Outer",
                        "Parallel Aware": true,
                        "Relation Name": "movie_keyword",
                        "Alias": "mk",
                        "Startup Cost": 333.05,
                        "Total Cost": 23063.0,
                        "Plan Rows": 9155,
                        "Plan Width": 4,
                        "Actual Startup Time": 3.783,
                        "Actual Total Time": 11.14,
                        "Actual Rows": 6839,
                        "Actual Loops": 2,
                        "Recheck Cond": "(keyword_id > 122128)",
                        "Rows Removed by Index Recheck": 0,
                        "Exact Heap Blocks": 3114,
                        "Lossy Heap Blocks": 0,
                        "Plans": [
                          {
                            "Node Type": "Bitmap Index Scan",
                            "Parent Relationship": "Outer",
                            "Parallel Aware": false,
                            "Index Name": "keyword_id_movie_keyword",
                            "Startup Cost": 0.0,
                            "Total Cost": 329.16,
                            "Plan Rows": 15564,
                            "Plan Width": 0,
                            "Actual Startup Time": 5.287,
                            "Actual Total Time": 5.288,
                            "Actual Rows": 13678,
                            "Actual Loops": 1,
                            "Index Cond": "(keyword_id > 122128)"
                          }
                        ]
                      },
                      {
                        "Node Type": "Index Only Scan",
                        "Parent Relationship": "Inner",
                        "Parallel Aware": false,
                        "Scan Direction": "Forward",
                        "Index Name": "title_pkey",
                        "Relation Name": "title",
                        "Alias": "t",
                        "Startup Cost": 0.43,
                        "Total Cost": 5.88,
                        "Plan Rows": 1,
                        "Plan Width": 4,
                        "Actual Startup Time": 0.003,
                        "Actual Total Time": 0.003,
                        "Actual Rows": 1,
                        "Actual Loops": 13678,
                        "Index Cond": "(id = mk.movie_id)",
                        "Rows Removed by Index Recheck": 0,
                        "Heap Fetches": 13678
                      }
                    ]
                  },
                  {
                    "Node Type": "Index Only Scan",
                    "Parent Relationship": "Inner",
                    "Parallel Aware": false,
                    "Scan Direction": "Forward",
                    "Index Name": "movie_id_cast_info",
                    "Relation Name": "cast_info",
                    "Alias": "ci",
                    "Startup Cost": 0.56,
                    "Total Cost": 1.82,
                    "Plan Rows": 37,
                    "Plan Width": 4,
                    "Actual Startup Time": 0.006,
                    "Actual Total Time": 0.062,
                    "Actual Rows": 68,
                    "Actual Loops": 13678,
                    "Index Cond": "(movie_id = t.id)",
                    "Rows Removed by Index Recheck": 0,
                    "Heap Fetches": 929808
                  }
                ]
              }
            ]
          }
        ]
      }
    ]
  },
  "Planning Time": 0.959,
  "Triggers": [],
  "Execution Time": 587.854
}