{
    "Plan": {
        "Node Type": "Aggregate",
        "Strategy": "Plain",
        "Partial Mode": "Simple",
        "Parallel Aware": false,
        "Startup Cost": 80008618754.55,
        "Total Cost": 80008618754.56,
        "Plan Rows": 1,
        "Plan Width": 64,
        "Actual Startup Time": 12021.989,
        "Actual Total Time": 12021.999,
        "Actual Rows": 1,
        "Actual Loops": 1,
        "Output": [
            "min(mi_idx.info)",
            "min(t.title)"
        ],
        "Plans": [
            {
                "Node Type": "Nested Loop",
                "Parent Relationship": "Outer",
                "Parallel Aware": false,
                "Join Type": "Inner",
                "Startup Cost": 80000000003.1,
                "Total Cost": 80008618754.54,
                "Plan Rows": 1,
                "Plan Width": 22,
                "Actual Startup Time": 8877.196,
                "Actual Total Time": 12021.981,
                "Actual Rows": 19,
                "Actual Loops": 1,
                "Output": [
                    "mi_idx.info",
                    "t.title"
                ],
                "Inner Unique": true,
                "Plans": [
                    {
                        "Node Type": "Nested Loop",
                        "Parent Relationship": "Outer",
                        "Parallel Aware": false,
                        "Join Type": "Inner",
                        "Startup Cost": 70000000002.95,
                        "Total Cost": 70008618746.36,
                        "Plan Rows": 1,
                        "Plan Width": 26,
                        "Actual Startup Time": 1664.731,
                        "Actual Total Time": 12021.625,
                        "Actual Rows": 85,
                        "Actual Loops": 1,
                        "Output": [
                            "mi_idx.info",
                            "mi.info_type_id",
                            "t.title"
                        ],
                        "Inner Unique": true,
                        "Plans": [
                            {
                                "Node Type": "Nested Loop",
                                "Parent Relationship": "Outer",
                                "Parallel Aware": false,
                                "Join Type": "Inner",
                                "Startup Cost": 60000000002.52,
                                "Total Cost": 60008449185.96,
                                "Plan Rows": 38140,
                                "Plan Width": 30,
                                "Actual Startup Time": 1535.032,
                                "Actual Total Time": 11889.346,
                                "Actual Rows": 28273,
                                "Actual Loops": 1,
                                "Output": [
                                    "mi_idx.info",
                                    "mi.info_type_id",
                                    "mk.keyword_id",
                                    "t.title"
                                ],
                                "Inner Unique": false,
                                "Plans": [
                                    {
                                        "Node Type": "Nested Loop",
                                        "Parent Relationship": "Outer",
                                        "Parallel Aware": false,
                                        "Join Type": "Inner",
                                        "Startup Cost": 50000000001.67,
                                        "Total Cost": 50008430558.46,
                                        "Plan Rows": 3165,
                                        "Plan Width": 38,
                                        "Actual Startup Time": 1534.965,
                                        "Actual Total Time": 11815.154,
                                        "Actual Rows": 14563,
                                        "Actual Loops": 1,
                                        "Output": [
                                            "mi_idx.info",
                                            "mi_idx.movie_id",
                                            "mi.movie_id",
                                            "mi.info_type_id",
                                            "t.title",
                                            "t.id"
                                        ],
                                        "Inner Unique": true,
                                        "Plans": [
                                            {
                                                "Node Type": "Nested Loop",
                                                "Parent Relationship": "Outer",
                                                "Parallel Aware": false,
                                                "Join Type": "Inner",
                                                "Startup Cost": 40000000001.52,
                                                "Total Cost": 40008143145.47,
                                                "Plan Rows": 69001,
                                                "Plan Width": 42,
                                                "Actual Startup Time": 1534.93,
                                                "Actual Total Time": 11520.378,
                                                "Actual Rows": 86184,
                                                "Actual Loops": 1,
                                                "Output": [
                                                    "t.title",
                                                    "t.id",
                                                    "mi.movie_id",
                                                    "mi.info_type_id",
                                                    "mi_idx.info",
                                                    "mi_idx.movie_id",
                                                    "mi_idx.info_type_id"
                                                ],
                                                "Inner Unique": false,
                                                "Plans": [
                                                    {
                                                        "Node Type": "Nested Loop",
                                                        "Parent Relationship": "Outer",
                                                        "Parallel Aware": false,
                                                        "Join Type": "Inner",
                                                        "Startup Cost": 30000000001.05,
                                                        "Total Cost": 30007476290.31,
                                                        "Plan Rows": 147092,
                                                        "Plan Width": 29,
                                                        "Actual Startup Time": 1511.885,
                                                        "Actual Total Time": 10991.618,
                                                        "Actual Rows": 127889,
                                                        "Actual Loops": 1,
                                                        "Output": [
                                                            "t.title",
                                                            "t.id",
                                                            "mi.movie_id",
                                                            "mi.info_type_id"
                                                        ],
                                                        "Inner Unique": true,
                                                        "Plans": [
                                                            {
                                                                "Node Type": "Nested Loop",
                                                                "Parent Relationship": "Outer",
                                                                "Parallel Aware": false,
                                                                "Join Type": "Inner",
                                                                "Startup Cost": 20000000000.91,
                                                                "Total Cost": 20005435016.12,
                                                                "Plan Rows": 514821,
                                                                "Plan Width": 33,
                                                                "Actual Startup Time": 1511.848,
                                                                "Actual Total Time": 9266.373,
                                                                "Actual Rows": 498361,
                                                                "Actual Loops": 1,
                                                                "Output": [
                                                                    "mi.movie_id",
                                                                    "mi.info_type_id",
                                                                    "t.title",
                                                                    "t.kind_id",
                                                                    "t.id"
                                                                ],
                                                                "Inner Unique": true,
                                                                "Plans": [
                                                                    {
                                                                        "Node Type": "Index Scan",
                                                                        "Parent Relationship": "Outer",
                                                                        "Parallel Aware": false,
                                                                        "Scan Direction": "Forward",
                                                                        "Index Name": "info_type_id_movie_info",
                                                                        "Relation Name": "movie_info",
                                                                        "Schema": "public",
                                                                        "Alias": "mi",
                                                                        "Startup Cost": 10000000000.43,
                                                                        "Total Cost": 10001197870.12,
                                                                        "Plan Rows": 943492,
                                                                        "Plan Width": 8,
                                                                        "Actual Startup Time": 1492.944,
                                                                        "Actual Total Time": 4924.363,
                                                                        "Actual Rows": 983819,
                                                                        "Actual Loops": 1,
                                                                        "Output": [
                                                                            "mi.id",
                                                                            "mi.movie_id",
                                                                            "mi.info_type_id",
                                                                            "mi.info",
                                                                            "mi.note"
                                                                        ],
                                                                        "Filter": "(mi.info = ANY ('{Germany,Bulgaria,Sweden,Denmark,English,America,American,Danish,German,Japan}'::text[]))",
                                                                        "Rows Removed by Filter": 13851901
                                                                    },
                                                                    {
                                                                        "Node Type": "Bitmap Heap Scan",
                                                                        "Parent Relationship": "Inner",
                                                                        "Parallel Aware": false,
                                                                        "Relation Name": "title",
                                                                        "Schema": "public",
                                                                        "Alias": "t",
                                                                        "Startup Cost": 0.48,
                                                                        "Total Cost": 4.49,
                                                                        "Plan Rows": 1,
                                                                        "Plan Width": 25,
                                                                        "Actual Startup Time": 0.003,
                                                                        "Actual Total Time": 0.003,
                                                                        "Actual Rows": 1,
                                                                        "Actual Loops": 983819,
                                                                        "Output": [
                                                                            "t.id",
                                                                            "t.title",
                                                                            "t.imdb_index",
                                                                            "t.kind_id",
                                                                            "t.production_year",
                                                                            "t.imdb_id",
                                                                            "t.phonetic_code",
                                                                            "t.episode_of_id",
                                                                            "t.season_nr",
                                                                            "t.episode_nr",
                                                                            "t.series_years",
                                                                            "t.md5sum"
                                                                        ],
                                                                        "Recheck Cond": "(t.id = mi.movie_id)",
                                                                        "Rows Removed by Index Recheck": 0,
                                                                        "Filter": "(t.production_year > 2000)",
                                                                        "Rows Removed by Filter": 0,
                                                                        "Exact Heap Blocks": 983819,
                                                                        "Lossy Heap Blocks": 0,
                                                                        "Plans": [
                                                                            {
                                                                                "Node Type": "Bitmap Index Scan",
                                                                                "Parent Relationship": "Outer",
                                                                                "Parallel Aware": false,
                                                                                "Index Name": "title_pkey",
                                                                                "Startup Cost": 0.0,
                                                                                "Total Cost": 0.48,
                                                                                "Plan Rows": 1,
                                                                                "Plan Width": 0,
                                                                                "Actual Startup Time": 0.002,
                                                                                "Actual Total Time": 0.002,
                                                                                "Actual Rows": 1,
                                                                                "Actual Loops": 983819,
                                                                                "Index Cond": "(t.id = mi.movie_id)"
                                                                            }
                                                                        ]
                                                                    }
                                                                ]
                                                            },
                                                            {
                                                                "Node Type": "Bitmap Heap Scan",
                                                                "Parent Relationship": "Inner",
                                                                "Parallel Aware": false,
                                                                "Relation Name": "kind_type",
                                                                "Schema": "public",
                                                                "Alias": "kt",
                                                                "Startup Cost": 0.14,
                                                                "Total Cost": 4.16,
                                                                "Plan Rows": 1,
                                                                "Plan Width": 4,
                                                                "Actual Startup Time": 0.002,
                                                                "Actual Total Time": 0.002,
                                                                "Actual Rows": 0,
                                                                "Actual Loops": 498361,
                                                                "Output": [
                                                                    "kt.id",
                                                                    "kt.kind"
                                                                ],
                                                                "Recheck Cond": "(kt.id = t.kind_id)",
                                                                "Rows Removed by Index Recheck": 0,
                                                                "Filter": "((kt.kind)::text = ANY ('{\"tv mini series\",episode}'::text[]))",
                                                                "Rows Removed by Filter": 1,
                                                                "Exact Heap Blocks": 498361,
                                                                "Lossy Heap Blocks": 0,
                                                                "Plans": [
                                                                    {
                                                                        "Node Type": "Bitmap Index Scan",
                                                                        "Parent Relationship": "Outer",
                                                                        "Parallel Aware": false,
                                                                        "Index Name": "kind_type_pkey",
                                                                        "Startup Cost": 0.0,
                                                                        "Total Cost": 0.14,
                                                                        "Plan Rows": 1,
                                                                        "Plan Width": 0,
                                                                        "Actual Startup Time": 0.001,
                                                                        "Actual Total Time": 0.001,
                                                                        "Actual Rows": 1,
                                                                        "Actual Loops": 498361,
                                                                        "Index Cond": "(kt.id = t.kind_id)"
                                                                    }
                                                                ]
                                                            }
                                                        ]
                                                    },
                                                    {
                                                        "Node Type": "Bitmap Heap Scan",
                                                        "Parent Relationship": "Inner",
                                                        "Parallel Aware": false,
                                                        "Relation Name": "movie_info_idx",
                                                        "Schema": "public",
                                                        "Alias": "mi_idx",
                                                        "Startup Cost": 0.47,
                                                        "Total Cost": 4.51,
                                                        "Plan Rows": 2,
                                                        "Plan Width": 13,
                                                        "Actual Startup Time": 0.002,
                                                        "Actual Total Time": 0.003,
                                                        "Actual Rows": 1,
                                                        "Actual Loops": 127889,
                                                        "Output": [
                                                            "mi_idx.id",
                                                            "mi_idx.movie_id",
                                                            "mi_idx.info_type_id",
                                                            "mi_idx.info",
                                                            "mi_idx.note"
                                                        ],
                                                        "Recheck Cond": "(mi_idx.movie_id = t.id)",
                                                        "Rows Removed by Index Recheck": 0,
                                                        "Filter": "(mi_idx.info < '7.1'::text)",
                                                        "Rows Removed by Filter": 0,
                                                        "Exact Heap Blocks": 38889,
                                                        "Lossy Heap Blocks": 0,
                                                        "Plans": [
                                                            {
                                                                "Node Type": "Bitmap Index Scan",
                                                                "Parent Relationship": "Outer",
                                                                "Parallel Aware": false,
                                                                "Index Name": "movie_id_movie_info_idx",
                                                                "Startup Cost": 0.0,
                                                                "Total Cost": 0.47,
                                                                "Plan Rows": 3,
                                                                "Plan Width": 0,
                                                                "Actual Startup Time": 0.002,
                                                                "Actual Total Time": 0.002,
                                                                "Actual Rows": 1,
                                                                "Actual Loops": 127889,
                                                                "Index Cond": "(mi_idx.movie_id = t.id)"
                                                            }
                                                        ]
                                                    }
                                                ]
                                            },
                                            {
                                                "Node Type": "Bitmap Heap Scan",
                                                "Parent Relationship": "Inner",
                                                "Parallel Aware": false,
                                                "Relation Name": "info_type",
                                                "Schema": "public",
                                                "Alias": "it2",
                                                "Startup Cost": 0.15,
                                                "Total Cost": 4.17,
                                                "Plan Rows": 1,
                                                "Plan Width": 4,
                                                "Actual Startup Time": 0.002,
                                                "Actual Total Time": 0.002,
                                                "Actual Rows": 0,
                                                "Actual Loops": 86184,
                                                "Output": [
                                                    "it2.id",
                                                    "it2.info"
                                                ],
                                                "Recheck Cond": "(it2.id = mi_idx.info_type_id)",
                                                "Rows Removed by Index Recheck": 0,
                                                "Filter": "((it2.info)::text = 'rating'::text)",
                                                "Rows Removed by Filter": 1,
                                                "Exact Heap Blocks": 86184,
                                                "Lossy Heap Blocks": 0,
                                                "Plans": [
                                                    {
                                                        "Node Type": "Bitmap Index Scan",
                                                        "Parent Relationship": "Outer",
                                                        "Parallel Aware": false,
                                                        "Index Name": "info_type_pkey",
                                                        "Startup Cost": 0.0,
                                                        "Total Cost": 0.15,
                                                        "Plan Rows": 1,
                                                        "Plan Width": 0,
                                                        "Actual Startup Time": 0.001,
                                                        "Actual Total Time": 0.001,
                                                        "Actual Rows": 1,
                                                        "Actual Loops": 86184,
                                                        "Index Cond": "(it2.id = mi_idx.info_type_id)"
                                                    }
                                                ]
                                            }
                                        ]
                                    },
                                    {
                                        "Node Type": "Bitmap Heap Scan",
                                        "Parent Relationship": "Inner",
                                        "Parallel Aware": false,
                                        "Relation Name": "movie_keyword",
                                        "Schema": "public",
                                        "Alias": "mk",
                                        "Startup Cost": 0.85,
                                        "Total Cost": 5.43,
                                        "Plan Rows": 46,
                                        "Plan Width": 8,
                                        "Actual Startup Time": 0.003,
                                        "Actual Total Time": 0.003,
                                        "Actual Rows": 2,
                                        "Actual Loops": 14563,
                                        "Output": [
                                            "mk.id",
                                            "mk.movie_id",
                                            "mk.keyword_id"
                                        ],
                                        "Recheck Cond": "(mk.movie_id = t.id)",
                                        "Rows Removed by Index Recheck": 0,
                                        "Exact Heap Blocks": 4543,
                                        "Lossy Heap Blocks": 0,
                                        "Plans": [
                                            {
                                                "Node Type": "Bitmap Index Scan",
                                                "Parent Relationship": "Outer",
                                                "Parallel Aware": false,
                                                "Index Name": "movie_id_movie_keyword",
                                                "Startup Cost": 0.0,
                                                "Total Cost": 0.84,
                                                "Plan Rows": 46,
                                                "Plan Width": 0,
                                                "Actual Startup Time": 0.002,
                                                "Actual Total Time": 0.002,
                                                "Actual Rows": 2,
                                                "Actual Loops": 14563,
                                                "Index Cond": "(mk.movie_id = t.id)"
                                            }
                                        ]
                                    }
                                ]
                            },
                            {
                                "Node Type": "Bitmap Heap Scan",
                                "Parent Relationship": "Inner",
                                "Parallel Aware": false,
                                "Relation Name": "keyword",
                                "Schema": "public",
                                "Alias": "k",
                                "Startup Cost": 0.43,
                                "Total Cost": 4.45,
                                "Plan Rows": 1,
                                "Plan Width": 4,
                                "Actual Startup Time": 0.003,
                                "Actual Total Time": 0.003,
                                "Actual Rows": 0,
                                "Actual Loops": 28273,
                                "Output": [
                                    "k.id",
                                    "k.keyword",
                                    "k.phonetic_code"
                                ],
                                "Recheck Cond": "(k.id = mk.keyword_id)",
                                "Rows Removed by Index Recheck": 0,
                                "Filter": "((k.keyword IS NOT NULL) AND (k.keyword = ANY ('{marvel-comics,fight,fight,.hack}'::text[])))",
                                "Rows Removed by Filter": 1,
                                "Exact Heap Blocks": 28273,
                                "Lossy Heap Blocks": 0,
                                "Plans": [
                                    {
                                        "Node Type": "Bitmap Index Scan",
                                        "Parent Relationship": "Outer",
                                        "Parallel Aware": false,
                                        "Index Name": "keyword_pkey",
                                        "Startup Cost": 0.0,
                                        "Total Cost": 0.43,
                                        "Plan Rows": 1,
                                        "Plan Width": 0,
                                        "Actual Startup Time": 0.002,
                                        "Actual Total Time": 0.002,
                                        "Actual Rows": 1,
                                        "Actual Loops": 28273,
                                        "Index Cond": "(k.id = mk.keyword_id)"
                                    }
                                ]
                            }
                        ]
                    },
                    {
                        "Node Type": "Bitmap Heap Scan",
                        "Parent Relationship": "Inner",
                        "Parallel Aware": false,
                        "Relation Name": "info_type",
                        "Schema": "public",
                        "Alias": "it1",
                        "Startup Cost": 0.15,
                        "Total Cost": 4.17,
                        "Plan Rows": 1,
                        "Plan Width": 4,
                        "Actual Startup Time": 0.002,
                        "Actual Total Time": 0.002,
                        "Actual Rows": 0,
                        "Actual Loops": 85,
                        "Output": [
                            "it1.id",
                            "it1.info"
                        ],
                        "Recheck Cond": "(it1.id = mi.info_type_id)",
                        "Rows Removed by Index Recheck": 0,
                        "Filter": "((it1.info)::text = 'countries'::text)",
                        "Rows Removed by Filter": 1,
                        "Exact Heap Blocks": 85,
                        "Lossy Heap Blocks": 0,
                        "Plans": [
                            {
                                "Node Type": "Bitmap Index Scan",
                                "Parent Relationship": "Outer",
                                "Parallel Aware": false,
                                "Index Name": "info_type_pkey",
                                "Startup Cost": 0.0,
                                "Total Cost": 0.15,
                                "Plan Rows": 1,
                                "Plan Width": 0,
                                "Actual Startup Time": 0.001,
                                "Actual Total Time": 0.001,
                                "Actual Rows": 1,
                                "Actual Loops": 85,
                                "Index Cond": "(it1.id = mi.info_type_id)"
                            }
                        ]
                    }
                ]
            }
        ]
    },
    "Planning Time": 11.899,
    "Triggers": [],
    "Execution Time": 12022.929
}