{
  "Plan": {
    "Node Type": "Aggregate",
    "Strategy": "Plain",
    "Partial Mode": "Finalize",
    "Parallel Aware": false,
    "Startup Cost": 585398.18,
    "Total Cost": 585398.19,
    "Plan Rows": 1,
    "Plan Width": 8,
    "Actual Startup Time": 14271.832,
    "Actual Total Time": 14368.397,
    "Actual Rows": 1,
    "Actual Loops": 1,
    "Plans": [
      {
        "Node Type": "Gather",
        "Parent Relationship": "Outer",
        "Parallel Aware": false,
        "Startup Cost": 585398.07,
        "Total Cost": 585398.18,
        "Plan Rows": 1,
        "Plan Width": 8,
        "Actual Startup Time": 14248.765,
        "Actual Total Time": 14368.387,
        "Actual Rows": 2,
        "Actual Loops": 1,
        "Workers Planned": 1,
        "Workers Launched": 1,
        "Single Copy": false,
        "Plans": [
          {
            "Node Type": "Aggregate",
            "Strategy": "Plain",
            "Partial Mode": "Partial",
            "Parent Relationship": "Outer",
            "Parallel Aware": false,
            "Startup Cost": 584398.07,
            "Total Cost": 584398.08,
            "Plan Rows": 1,
            "Plan Width": 8,
            "Actual Startup Time": 14223.904,
            "Actual Total Time": 14226.559,
            "Actual Rows": 1,
            "Actual Loops": 2,
            "Plans": [
              {
                "Node Type": "Hash Join",
                "Parent Relationship": "Outer",
                "Parallel Aware": true,
                "Join Type": "Inner",
                "Startup Cost": 424047.71,
                "Total Cost": 561206.97,
                "Plan Rows": 9276439,
                "Plan Width": 0,
                "Actual Startup Time": 4332.242,
                "Actual Total Time": 10767.191,
                "Actual Rows": 90678631,
                "Actual Loops": 2,
                "Inner Unique": false,
                "Hash Cond": "(mk.movie_id = t.id)",
                "Plans": [
                  {
                    "Node Type": "Seq Scan",
                    "Parent Relationship": "Outer",
                    "Parallel Aware": true,
                    "Relation Name": "movie_keyword",
                    "Alias": "mk",
                    "Startup Cost": 0.0,
                    "Total Cost": 57718.19,
                    "Plan Rows": 2487379,
                    "Plan Width": 4,
                    "Actual Startup Time": 0.028,
                    "Actual Total Time": 206.735,
                    "Actual Rows": 2106720,
                    "Actual Loops": 2,
                    "Filter": "(keyword_id > 245)",
                    "Rows Removed by Filter": 155245
                  },
                  {
                    "Node Type": "Hash",
                    "Parent Relationship": "Inner",
                    "Parallel Aware": true,
                    "Startup Cost": 354716.66,
                    "Total Cost": 354716.66,
                    "Plan Rows": 5546484,
                    "Plan Width": 8,
                    "Actual Startup Time": 4276.352,
                    "Actual Total Time": 4279.004,
                    "Actual Rows": 4712600,
                    "Actual Loops": 2,
                    "Hash Buckets": 16777216,
                    "Original Hash Buckets": 16777216,
                    "Hash Batches": 1,
                    "Original Hash Batches": 1,
                    "Peak Memory Usage": 499808,
                    "Plans": [
                      {
                        "Node Type": "Hash Join",
                        "Parent Relationship": "Outer",
                        "Parallel Aware": true,
                        "Join Type": "Inner",
                        "Startup Cost": 69460.7,
                        "Total Cost": 354716.66,
                        "Plan Rows": 5546484,
                        "Plan Width": 8,
                        "Actual Startup Time": 602.181,
                        "Actual Total Time": 2913.304,
                        "Actual Rows": 4712600,
                        "Actual Loops": 2,
                        "Inner Unique": true,
                        "Hash Cond": "(mi.movie_id = t.id)",
                        "Plans": [
                          {
                            "Node Type": "Seq Scan",
                            "Parent Relationship": "Outer",
                            "Parallel Aware": true,
                            "Relation Name": "movie_info",
                            "Alias": "mi",
                            "Startup Cost": 0.0,
                            "Total Cost": 270696.42,
                            "Plan Rows": 5546484,
                            "Plan Width": 4,
                            "Actual Startup Time": 38.952,
                            "Actual Total Time": 837.631,
                            "Actual Rows": 4712600,
                            "Actual Loops": 2,
                            "Filter": "(info_type_id > 5)",
                            "Rows Removed by Filter": 2705260
                          },
                          {
                            "Node Type": "Hash",
                            "Parent Relationship": "Inner",
                            "Parallel Aware": true,
                            "Startup Cost": 50870.31,
                            "Total Cost": 50870.31,
                            "Plan Rows": 1487231,
                            "Plan Width": 4,
                            "Actual Startup Time": 552.756,
                            "Actual Total Time": 552.757,
                            "Actual Rows": 1264156,
                            "Actual Loops": 2,
                            "Hash Buckets": 4194304,
                            "Original Hash Buckets": 4194304,
                            "Hash Batches": 1,
                            "Original Hash Batches": 1,
                            "Peak Memory Usage": 131712,
                            "Plans": [
                              {
                                "Node Type": "Seq Scan",
                                "Parent Relationship": "Outer",
                                "Parallel Aware": true,
                                "Relation Name": "title",
                                "Alias": "t",
                                "Startup Cost": 0.0,
                                "Total Cost": 50870.31,
                                "Plan Rows": 1487231,
                                "Plan Width": 4,
                                "Actual Startup Time": 0.04,
                                "Actual Total Time": 177.852,
                                "Actual Rows": 1264156,
                                "Actual Loops": 2
                              }
                            ]
                          }
                        ]
                      }
                    ]
                  }
                ]
              }
            ]
          }
        ]
      }
    ]
  },
  "Planning Time": 0.92,
  "Triggers": [],
  "Execution Time": 14368.48
}