[
  {
    "Plan": {
      "Node Type": "Aggregate",
      "Strategy": "Plain",
      "Partial Mode": "Finalize",
      "Parallel Aware": false,
      "Startup Cost": 324509.44,
      "Total Cost": 324509.45,
      "Plan Rows": 1,
      "Plan Width": 8,
      "Actual Startup Time": 297.164,
      "Actual Total Time": 347.384,
      "Actual Rows": 1,
      "Actual Loops": 1,
      "Plans": [
        {
          "Node Type": "Gather",
          "Parent Relationship": "Outer",
          "Parallel Aware": false,
          "Startup Cost": 324509.02,
          "Total Cost": 324509.43,
          "Plan Rows": 4,
          "Plan Width": 8,
          "Actual Startup Time": 297.054,
          "Actual Total Time": 347.375,
          "Actual Rows": 5,
          "Actual Loops": 1,
          "Workers Planned": 4,
          "Workers Launched": 4,
          "Single Copy": false,
          "Plans": [
            {
              "Node Type": "Aggregate",
              "Strategy": "Plain",
              "Partial Mode": "Partial",
              "Parent Relationship": "Outer",
              "Parallel Aware": false,
              "Startup Cost": 323509.02,
              "Total Cost": 323509.03,
              "Plan Rows": 1,
              "Plan Width": 8,
              "Actual Startup Time": 286.864,
              "Actual Total Time": 286.865,
              "Actual Rows": 1,
              "Actual Loops": 5,
              "Plans": [
                {
                  "Node Type": "Nested Loop",
                  "Parent Relationship": "Outer",
                  "Parallel Aware": false,
                  "Join Type": "Inner",
                  "Startup Cost": 0.56,
                  "Total Cost": 323425.03,
                  "Plan Rows": 33596,
                  "Plan Width": 0,
                  "Actual Startup Time": 0.465,
                  "Actual Total Time": 284.295,
                  "Actual Rows": 27905,
                  "Actual Loops": 5,
                  "Inner Unique": false,
                  "Plans": [
                    {
                      "Node Type": "Seq Scan",
                      "Parent Relationship": "Outer",
                      "Parallel Aware": true,
                      "Relation Name": "title",
                      "Alias": "t",
                      "Startup Cost": 0.0,
                      "Total Cost": 43898.92,
                      "Plan Rows": 5183,
                      "Plan Width": 4,
                      "Actual Startup Time": 0.098,
                      "Actual Total Time": 63.784,
                      "Actual Rows": 4262,
                      "Actual Loops": 5,
                      "Filter": "(production_year = 1989)",
                      "Rows Removed by Filter": 501400
                    },
                    {
                      "Node Type": "Index Scan",
                      "Parent Relationship": "Inner",
                      "Parallel Aware": false,
                      "Scan Direction": "Forward",
                      "Index Name": "movie_id_cast_info",
                      "Relation Name": "cast_info",
                      "Alias": "ci",
                      "Startup Cost": 0.56,
                      "Total Cost": 53.76,
                      "Plan Rows": 17,
                      "Plan Width": 4,
                      "Actual Startup Time": 0.035,
                      "Actual Total Time": 0.051,
                      "Actual Rows": 7,
                      "Actual Loops": 21312,
                      "Index Cond": "(movie_id = t.id)",
                      "Rows Removed by Index Recheck": 0,
                      "Filter": "(role_id > 2)",
                      "Rows Removed by Filter": 10
                    }
                  ]
                }
              ]
            }
          ]
        }
      ]
    },
    "Planning Time": 0.536,
    "Triggers": [],
    "Execution Time": 347.47
  }
]