[
  {
    "Plan": {
      "Node Type": "Aggregate",
      "Strategy": "Plain",
      "Partial Mode": "Finalize",
      "Parallel Aware": false,
      "Startup Cost": 375202.05,
      "Total Cost": 375202.06,
      "Plan Rows": 1,
      "Plan Width": 8,
      "Actual Startup Time": 1330.732,
      "Actual Total Time": 1394.704,
      "Actual Rows": 1,
      "Actual Loops": 1,
      "Plans": [
        {
          "Node Type": "Gather",
          "Parent Relationship": "Outer",
          "Parallel Aware": false,
          "Startup Cost": 375201.42,
          "Total Cost": 375202.03,
          "Plan Rows": 6,
          "Plan Width": 8,
          "Actual Startup Time": 1329.823,
          "Actual Total Time": 1394.692,
          "Actual Rows": 7,
          "Actual Loops": 1,
          "Workers Planned": 6,
          "Workers Launched": 6,
          "Single Copy": false,
          "Plans": [
            {
              "Node Type": "Aggregate",
              "Strategy": "Plain",
              "Partial Mode": "Partial",
              "Parent Relationship": "Outer",
              "Parallel Aware": false,
              "Startup Cost": 374201.42,
              "Total Cost": 374201.43,
              "Plan Rows": 1,
              "Plan Width": 8,
              "Actual Startup Time": 1319.278,
              "Actual Total Time": 1319.281,
              "Actual Rows": 1,
              "Actual Loops": 7,
              "Plans": [
                {
                  "Node Type": "Hash Join",
                  "Parent Relationship": "Outer",
                  "Parallel Aware": true,
                  "Join Type": "Inner",
                  "Startup Cost": 44375.02,
                  "Total Cost": 373291.81,
                  "Plan Rows": 363843,
                  "Plan Width": 0,
                  "Actual Startup Time": 82.418,
                  "Actual Total Time": 1309.142,
                  "Actual Rows": 196277,
                  "Actual Loops": 7,
                  "Inner Unique": true,
                  "Hash Cond": "(ci.movie_id = t.id)",
                  "Plans": [
                    {
                      "Node Type": "Seq Scan",
                      "Parent Relationship": "Outer",
                      "Parallel Aware": true,
                      "Relation Name": "cast_info",
                      "Alias": "ci",
                      "Startup Cost": 0.0,
                      "Total Cost": 313067.02,
                      "Plan Rows": 6038002,
                      "Plan Width": 4,
                      "Actual Startup Time": 0.019,
                      "Actual Total Time": 534.377,
                      "Actual Rows": 5177763,
                      "Actual Loops": 7
                    },
                    {
                      "Node Type": "Hash",
                      "Parent Relationship": "Inner",
                      "Parallel Aware": true,
                      "Startup Cost": 43898.92,
                      "Total Cost": 43898.92,
                      "Plan Rows": 38088,
                      "Plan Width": 4,
                      "Actual Startup Time": 80.221,
                      "Actual Total Time": 80.222,
                      "Actual Rows": 22500,
                      "Actual Loops": 7,
                      "Hash Buckets": 262144,
                      "Original Hash Buckets": 262144,
                      "Hash Batches": 1,
                      "Original Hash Batches": 1,
                      "Peak Memory Usage": 8288,
                      "Plans": [
                        {
                          "Node Type": "Seq Scan",
                          "Parent Relationship": "Outer",
                          "Parallel Aware": true,
                          "Relation Name": "title",
                          "Alias": "t",
                          "Startup Cost": 0.0,
                          "Total Cost": 43898.92,
                          "Plan Rows": 38088,
                          "Plan Width": 4,
                          "Actual Startup Time": 3.742,
                          "Actual Total Time": 72.238,
                          "Actual Rows": 22500,
                          "Actual Loops": 7,
                          "Filter": "(production_year < 1948)",
                          "Rows Removed by Filter": 338688
                        }
                      ]
                    }
                  ]
                }
              ]
            }
          ]
        }
      ]
    },
    "Planning Time": 0.609,
    "Triggers": [],
    "Execution Time": 1394.786
  }
]