[
  {
    "Plan": {
      "Node Type": "Aggregate",
      "Strategy": "Plain",
      "Partial Mode": "Finalize",
      "Parallel Aware": false,
      "Startup Cost": 33259.94,
      "Total Cost": 33259.95,
      "Plan Rows": 1,
      "Plan Width": 8,
      "Actual Startup Time": 89.175,
      "Actual Total Time": 92.886,
      "Actual Rows": 1,
      "Actual Loops": 1,
      "Plans": [
        {
          "Node Type": "Gather",
          "Parent Relationship": "Outer",
          "Parallel Aware": false,
          "Startup Cost": 33259.63,
          "Total Cost": 33259.94,
          "Plan Rows": 3,
          "Plan Width": 8,
          "Actual Startup Time": 89.08,
          "Actual Total Time": 92.882,
          "Actual Rows": 4,
          "Actual Loops": 1,
          "Workers Planned": 3,
          "Workers Launched": 3,
          "Single Copy": false,
          "Plans": [
            {
              "Node Type": "Aggregate",
              "Strategy": "Plain",
              "Partial Mode": "Partial",
              "Parent Relationship": "Outer",
              "Parallel Aware": false,
              "Startup Cost": 32259.63,
              "Total Cost": 32259.64,
              "Plan Rows": 1,
              "Plan Width": 8,
              "Actual Startup Time": 85.14,
              "Actual Total Time": 85.14,
              "Actual Rows": 1,
              "Actual Loops": 4,
              "Plans": [
                {
                  "Node Type": "Seq Scan",
                  "Parent Relationship": "Outer",
                  "Parallel Aware": true,
                  "Relation Name": "movie_companies",
                  "Alias": "mc",
                  "Startup Cost": 0.0,
                  "Total Cost": 31414.82,
                  "Plan Rows": 337923,
                  "Plan Width": 0,
                  "Actual Startup Time": 37.901,
                  "Actual Total Time": 72.42,
                  "Actual Rows": 297825,
                  "Actual Loops": 4,
                  "Filter": "((company_id > 561) AND (company_type_id > 1))",
                  "Rows Removed by Filter": 354457
                }
              ]
            }
          ]
        }
      ]
    },
    "Planning Time": 0.1,
    "Triggers": [],
    "Execution Time": 92.914
  }
]