[
  {
    "Plan": {
      "Node Type": "Aggregate",
      "Strategy": "Plain",
      "Partial Mode": "Finalize",
      "Parallel Aware": false,
      "Startup Cost": 33255.65,
      "Total Cost": 33255.66,
      "Plan Rows": 1,
      "Plan Width": 8,
      "Actual Startup Time": 99.37,
      "Actual Total Time": 106.965,
      "Actual Rows": 1,
      "Actual Loops": 1,
      "Plans": [
        {
          "Node Type": "Gather",
          "Parent Relationship": "Outer",
          "Parallel Aware": false,
          "Startup Cost": 33255.34,
          "Total Cost": 33255.65,
          "Plan Rows": 3,
          "Plan Width": 8,
          "Actual Startup Time": 99.253,
          "Actual Total Time": 106.958,
          "Actual Rows": 4,
          "Actual Loops": 1,
          "Workers Planned": 3,
          "Workers Launched": 3,
          "Single Copy": false,
          "Plans": [
            {
              "Node Type": "Aggregate",
              "Strategy": "Plain",
              "Partial Mode": "Partial",
              "Parent Relationship": "Outer",
              "Parallel Aware": false,
              "Startup Cost": 32255.34,
              "Total Cost": 32255.35,
              "Plan Rows": 1,
              "Plan Width": 8,
              "Actual Startup Time": 92.922,
              "Actual Total Time": 92.923,
              "Actual Rows": 1,
              "Actual Loops": 4,
              "Plans": [
                {
                  "Node Type": "Seq Scan",
                  "Parent Relationship": "Outer",
                  "Parallel Aware": true,
                  "Relation Name": "movie_companies",
                  "Alias": "mc",
                  "Startup Cost": 0.0,
                  "Total Cost": 31414.82,
                  "Plan Rows": 336207,
                  "Plan Width": 0,
                  "Actual Startup Time": 46.312,
                  "Actual Total Time": 81.625,
                  "Actual Rows": 297825,
                  "Actual Loops": 4,
                  "Filter": "((company_id > 561) AND (company_type_id > 1))",
                  "Rows Removed by Filter": 354457
                }
              ]
            }
          ]
        }
      ]
    },
    "Planning Time": 0.214,
    "Triggers": [],
    "Execution Time": 107.021
  }
]