[
  {
    "Plan": {
      "Node Type": "Aggregate",
      "Strategy": "Plain",
      "Partial Mode": "Finalize",
      "Parallel Aware": false,
      "Startup Cost": 341196.85,
      "Total Cost": 341196.86,
      "Plan Rows": 1,
      "Plan Width": 8,
      "Actual Startup Time": 1038.518,
      "Actual Total Time": 1106.433,
      "Actual Rows": 1,
      "Actual Loops": 1,
      "Plans": [
        {
          "Node Type": "Gather",
          "Parent Relationship": "Outer",
          "Parallel Aware": false,
          "Startup Cost": 341196.22,
          "Total Cost": 341196.83,
          "Plan Rows": 6,
          "Plan Width": 8,
          "Actual Startup Time": 1038.185,
          "Actual Total Time": 1106.418,
          "Actual Rows": 7,
          "Actual Loops": 1,
          "Workers Planned": 6,
          "Workers Launched": 6,
          "Single Copy": false,
          "Plans": [
            {
              "Node Type": "Aggregate",
              "Strategy": "Plain",
              "Partial Mode": "Partial",
              "Parent Relationship": "Outer",
              "Parallel Aware": false,
              "Startup Cost": 340196.22,
              "Total Cost": 340196.23,
              "Plan Rows": 1,
              "Plan Width": 8,
              "Actual Startup Time": 1028.019,
              "Actual Total Time": 1028.023,
              "Actual Rows": 1,
              "Actual Loops": 7,
              "Plans": [
                {
                  "Node Type": "Seq Scan",
                  "Parent Relationship": "Outer",
                  "Parallel Aware": true,
                  "Relation Name": "cast_info",
                  "Alias": "ci",
                  "Startup Cost": 0.0,
                  "Total Cost": 328211.39,
                  "Plan Rows": 4793933,
                  "Plan Width": 0,
                  "Actual Startup Time": 0.07,
                  "Actual Total Time": 794.811,
                  "Actual Rows": 4117802,
                  "Actual Loops": 7,
                  "Filter": "(person_id < 2929093)",
                  "Rows Removed by Filter": 1059961
                }
              ]
            }
          ]
        }
      ]
    },
    "Planning Time": 0.102,
    "Triggers": [],
    "Execution Time": 1106.48
  }
]