[
  {
    "Plan": {
      "Node Type": "Aggregate",
      "Strategy": "Plain",
      "Partial Mode": "Finalize",
      "Parallel Aware": false,
      "Startup Cost": 98866.55,
      "Total Cost": 98866.56,
      "Plan Rows": 1,
      "Plan Width": 8,
      "Actual Startup Time": 531.394,
      "Actual Total Time": 548.42,
      "Actual Rows": 1,
      "Actual Loops": 1,
      "Plans": [
        {
          "Node Type": "Gather",
          "Parent Relationship": "Outer",
          "Parallel Aware": false,
          "Startup Cost": 98866.34,
          "Total Cost": 98866.55,
          "Plan Rows": 2,
          "Plan Width": 8,
          "Actual Startup Time": 528.212,
          "Actual Total Time": 548.414,
          "Actual Rows": 3,
          "Actual Loops": 1,
          "Workers Planned": 2,
          "Workers Launched": 2,
          "Single Copy": false,
          "Plans": [
            {
              "Node Type": "Aggregate",
              "Strategy": "Plain",
              "Partial Mode": "Partial",
              "Parent Relationship": "Outer",
              "Parallel Aware": false,
              "Startup Cost": 97866.34,
              "Total Cost": 97866.35,
              "Plan Rows": 1,
              "Plan Width": 8,
              "Actual Startup Time": 519.641,
              "Actual Total Time": 519.647,
              "Actual Rows": 1,
              "Actual Loops": 3,
              "Plans": [
                {
                  "Node Type": "Hash Join",
                  "Parent Relationship": "Outer",
                  "Parallel Aware": true,
                  "Join Type": "Inner",
                  "Startup Cost": 81552.52,
                  "Total Cost": 97630.16,
                  "Plan Rows": 94473,
                  "Plan Width": 0,
                  "Actual Startup Time": 417.634,
                  "Actual Total Time": 514.493,
                  "Actual Rows": 128875,
                  "Actual Loops": 3,
                  "Inner Unique": false,
                  "Hash Cond": "(mi_idx.movie_id = t.id)",
                  "Plans": [
                    {
                      "Node Type": "Seq Scan",
                      "Parent Relationship": "Outer",
                      "Parallel Aware": true,
                      "Relation Name": "movie_info_idx",
                      "Alias": "mi_idx",
                      "Startup Cost": 0.0,
                      "Total Cost": 13685.15,
                      "Plan Rows": 575015,
                      "Plan Width": 4,
                      "Actual Startup Time": 0.035,
                      "Actual Total Time": 34.786,
                      "Actual Rows": 460012,
                      "Actual Loops": 3
                    },
                    {
                      "Node Type": "Hash",
                      "Parent Relationship": "Inner",
                      "Parallel Aware": true,
                      "Startup Cost": 80254.42,
                      "Total Cost": 80254.42,
                      "Plan Rows": 103848,
                      "Plan Width": 8,
                      "Actual Startup Time": 413.435,
                      "Actual Total Time": 413.439,
                      "Actual Rows": 91561,
                      "Actual Loops": 3,
                      "Hash Buckets": 524288,
                      "Original Hash Buckets": 524288,
                      "Hash Batches": 1,
                      "Original Hash Batches": 1,
                      "Peak Memory Usage": 14880,
                      "Plans": [
                        {
                          "Node Type": "Hash Join",
                          "Parent Relationship": "Outer",
                          "Parallel Aware": true,
                          "Join Type": "Inner",
                          "Startup Cost": 33619.49,
                          "Total Cost": 80254.42,
                          "Plan Rows": 103848,
                          "Plan Width": 8,
                          "Actual Startup Time": 141.105,
                          "Actual Total Time": 385.004,
                          "Actual Rows": 91561,
                          "Actual Loops": 3,
                          "Inner Unique": false,
                          "Hash Cond": "(t.id = mc.movie_id)",
                          "Plans": [
                            {
                              "Node Type": "Seq Scan",
                              "Parent Relationship": "Outer",
                              "Parallel Aware": true,
                              "Relation Name": "title",
                              "Alias": "t",
                              "Startup Cost": 0.0,
                              "Total Cost": 43898.92,
                              "Plan Rows": 480205,
                              "Plan Width": 4,
                              "Actual Startup Time": 0.012,
                              "Actual Total Time": 115.335,
                              "Actual Rows": 640950,
                              "Actual Loops": 3,
                              "Filter": "(production_year < 2010)",
                              "Rows Removed by Filter": 201821
                            },
                            {
                              "Node Type": "Hash",
                              "Parent Relationship": "Inner",
                              "Parallel Aware": true,
                              "Startup Cost": 31414.82,
                              "Total Cost": 31414.82,
                              "Plan Rows": 176374,
                              "Plan Width": 4,
                              "Actual Startup Time": 136.622,
                              "Actual Total Time": 136.623,
                              "Actual Rows": 111849,
                              "Actual Loops": 3,
                              "Hash Buckets": 1048576,
                              "Original Hash Buckets": 1048576,
                              "Hash Batches": 1,
                              "Original Hash Batches": 1,
                              "Peak Memory Usage": 21344,
                              "Plans": [
                                {
                                  "Node Type": "Seq Scan",
                                  "Parent Relationship": "Outer",
                                  "Parallel Aware": true,
                                  "Relation Name": "movie_companies",
                                  "Alias": "mc",
                                  "Startup Cost": 0.0,
                                  "Total Cost": 31414.82,
                                  "Plan Rows": 176374,
                                  "Plan Width": 4,
                                  "Actual Startup Time": 55.806,
                                  "Actual Total Time": 95.481,
                                  "Actual Rows": 111849,
                                  "Actual Loops": 3,
                                  "Filter": "((company_id < 6783) AND (company_type_id > 1))",
                                  "Rows Removed by Filter": 757861
                                }
                              ]
                            }
                          ]
                        }
                      ]
                    }
                  ]
                }
              ]
            }
          ]
        }
      ]
    },
    "Planning Time": 1.481,
    "Triggers": [],
    "Execution Time": 548.507
  }
]