[
  {
    "Plan": {
      "Node Type": "Aggregate",
      "Strategy": "Plain",
      "Partial Mode": "Finalize",
      "Parallel Aware": false,
      "Startup Cost": 77966.28,
      "Total Cost": 77966.29,
      "Plan Rows": 1,
      "Plan Width": 8,
      "Actual Startup Time": 263.805,
      "Actual Total Time": 279.147,
      "Actual Rows": 1,
      "Actual Loops": 1,
      "Plans": [
        {
          "Node Type": "Gather",
          "Parent Relationship": "Outer",
          "Parallel Aware": false,
          "Startup Cost": 77965.97,
          "Total Cost": 77966.28,
          "Plan Rows": 3,
          "Plan Width": 8,
          "Actual Startup Time": 261.174,
          "Actual Total Time": 279.138,
          "Actual Rows": 4,
          "Actual Loops": 1,
          "Workers Planned": 3,
          "Workers Launched": 3,
          "Single Copy": false,
          "Plans": [
            {
              "Node Type": "Aggregate",
              "Strategy": "Plain",
              "Partial Mode": "Partial",
              "Parent Relationship": "Outer",
              "Parallel Aware": false,
              "Startup Cost": 76965.97,
              "Total Cost": 76965.98,
              "Plan Rows": 1,
              "Plan Width": 8,
              "Actual Startup Time": 253.13,
              "Actual Total Time": 253.135,
              "Actual Rows": 1,
              "Actual Loops": 4,
              "Plans": [
                {
                  "Node Type": "Hash Join",
                  "Parent Relationship": "Outer",
                  "Parallel Aware": true,
                  "Join Type": "Inner",
                  "Startup Cost": 51309.4,
                  "Total Cost": 76907.74,
                  "Plan Rows": 23292,
                  "Plan Width": 0,
                  "Actual Startup Time": 195.988,
                  "Actual Total Time": 251.675,
                  "Actual Rows": 26125,
                  "Actual Loops": 4,
                  "Inner Unique": true,
                  "Hash Cond": "(mk.movie_id = t.id)",
                  "Plans": [
                    {
                      "Node Type": "Bitmap Heap Scan",
                      "Parent Relationship": "Outer",
                      "Parallel Aware": true,
                      "Relation Name": "movie_keyword",
                      "Alias": "mk",
                      "Startup Cost": 4978.13,
                      "Total Cost": 30377.87,
                      "Plan Rows": 75659,
                      "Plan Width": 4,
                      "Actual Startup Time": 16.508,
                      "Actual Total Time": 55.803,
                      "Actual Rows": 56067,
                      "Actual Loops": 4,
                      "Recheck Cond": "(keyword_id > 64144)",
                      "Rows Removed by Index Recheck": 0,
                      "Exact Heap Blocks": 7038,
                      "Lossy Heap Blocks": 0,
                      "Plans": [
                        {
                          "Node Type": "Bitmap Index Scan",
                          "Parent Relationship": "Outer",
                          "Parallel Aware": false,
                          "Index Name": "keyword_id_movie_keyword",
                          "Startup Cost": 0.0,
                          "Total Cost": 4919.5,
                          "Plan Rows": 234542,
                          "Plan Width": 0,
                          "Actual Startup Time": 13.295,
                          "Actual Total Time": 13.296,
                          "Actual Rows": 224269,
                          "Actual Loops": 1,
                          "Index Cond": "(keyword_id > 64144)"
                        }
                      ]
                    },
                    {
                      "Node Type": "Hash",
                      "Parent Relationship": "Inner",
                      "Parallel Aware": true,
                      "Startup Cost": 43898.92,
                      "Total Cost": 43898.92,
                      "Plan Rows": 194588,
                      "Plan Width": 4,
                      "Actual Startup Time": 174.815,
                      "Actual Total Time": 174.816,
                      "Actual Rows": 195669,
                      "Actual Loops": 4,
                      "Hash Buckets": 1048576,
                      "Original Hash Buckets": 1048576,
                      "Hash Batches": 1,
                      "Original Hash Batches": 1,
                      "Peak Memory Usage": 38880,
                      "Plans": [
                        {
                          "Node Type": "Seq Scan",
                          "Parent Relationship": "Outer",
                          "Parallel Aware": true,
                          "Relation Name": "title",
                          "Alias": "t",
                          "Startup Cost": 0.0,
                          "Total Cost": 43898.92,
                          "Plan Rows": 194588,
                          "Plan Width": 4,
                          "Actual Startup Time": 0.038,
                          "Actual Total Time": 102.865,
                          "Actual Rows": 195669,
                          "Actual Loops": 4,
                          "Filter": "(production_year < 1994)",
                          "Rows Removed by Filter": 436409
                        }
                      ]
                    }
                  ]
                }
              ]
            }
          ]
        }
      ]
    },
    "Planning Time": 0.649,
    "Triggers": [],
    "Execution Time": 279.234
  }
]