[
  {
    "Plan": {
      "Node Type": "Aggregate",
      "Strategy": "Plain",
      "Partial Mode": "Finalize",
      "Parallel Aware": false,
      "Startup Cost": 239949.57,
      "Total Cost": 239949.58,
      "Plan Rows": 1,
      "Plan Width": 8,
      "Actual Startup Time": 1294.674,
      "Actual Total Time": 1387.165,
      "Actual Rows": 1,
      "Actual Loops": 1,
      "Plans": [
        {
          "Node Type": "Gather",
          "Parent Relationship": "Outer",
          "Parallel Aware": false,
          "Startup Cost": 239949.15,
          "Total Cost": 239949.56,
          "Plan Rows": 4,
          "Plan Width": 8,
          "Actual Startup Time": 1088.065,
          "Actual Total Time": 1387.14,
          "Actual Rows": 5,
          "Actual Loops": 1,
          "Workers Planned": 4,
          "Workers Launched": 4,
          "Single Copy": false,
          "Plans": [
            {
              "Node Type": "Aggregate",
              "Strategy": "Plain",
              "Partial Mode": "Partial",
              "Parent Relationship": "Outer",
              "Parallel Aware": false,
              "Startup Cost": 238949.15,
              "Total Cost": 238949.16,
              "Plan Rows": 1,
              "Plan Width": 8,
              "Actual Startup Time": 1153.742,
              "Actual Total Time": 1153.747,
              "Actual Rows": 1,
              "Actual Loops": 5,
              "Plans": [
                {
                  "Node Type": "Nested Loop",
                  "Parent Relationship": "Outer",
                  "Parallel Aware": false,
                  "Join Type": "Inner",
                  "Startup Cost": 123391.95,
                  "Total Cost": 237956.59,
                  "Plan Rows": 397024,
                  "Plan Width": 0,
                  "Actual Startup Time": 349.473,
                  "Actual Total Time": 1126.816,
                  "Actual Rows": 415312,
                  "Actual Loops": 5,
                  "Inner Unique": false,
                  "Plans": [
                    {
                      "Node Type": "Merge Join",
                      "Parent Relationship": "Outer",
                      "Parallel Aware": false,
                      "Join Type": "Inner",
                      "Startup Cost": 123391.38,
                      "Total Cost": 126713.13,
                      "Plan Rows": 27691,
                      "Plan Width": 8,
                      "Actual Startup Time": 349.365,
                      "Actual Total Time": 433.992,
                      "Actual Rows": 16703,
                      "Actual Loops": 5,
                      "Inner Unique": false,
                      "Merge Cond": "(t.id = mi_idx.movie_id)",
                      "Plans": [
                        {
                          "Node Type": "Sort",
                          "Parent Relationship": "Outer",
                          "Parallel Aware": false,
                          "Startup Cost": 58724.3,
                          "Total Cost": 59108.64,
                          "Plan Rows": 153739,
                          "Plan Width": 4,
                          "Actual Startup Time": 126.884,
                          "Actual Total Time": 143.81,
                          "Actual Rows": 100364,
                          "Actual Loops": 5,
                          "Sort Key": [
                            "t.id"
                          ],
                          "Sort Method": "quicksort",
                          "Sort Space Used": 13321,
                          "Sort Space Type": "Memory",
                          "Workers": [
                            {
                              "Worker Number": 0,
                              "Sort Method": "quicksort",
                              "Sort Space Used": 7579,
                              "Sort Space Type": "Memory"
                            },
                            {
                              "Worker Number": 1,
                              "Sort Method": "quicksort",
                              "Sort Space Used": 7414,
                              "Sort Space Type": "Memory"
                            },
                            {
                              "Worker Number": 2,
                              "Sort Method": "quicksort",
                              "Sort Space Used": 6890,
                              "Sort Space Type": "Memory"
                            },
                            {
                              "Worker Number": 3,
                              "Sort Method": "quicksort",
                              "Sort Space Used": 6758,
                              "Sort Space Type": "Memory"
                            }
                          ],
                          "Plans": [
                            {
                              "Node Type": "Seq Scan",
                              "Parent Relationship": "Outer",
                              "Parallel Aware": true,
                              "Relation Name": "title",
                              "Alias": "t",
                              "Startup Cost": 0.0,
                              "Total Cost": 45479.59,
                              "Plan Rows": 153739,
                              "Plan Width": 4,
                              "Actual Startup Time": 0.043,
                              "Actual Total Time": 95.337,
                              "Actual Rows": 100386,
                              "Actual Loops": 5,
                              "Filter": "((kind_id > 1) AND (production_year < 1996))",
                              "Rows Removed by Filter": 405277
                            }
                          ]
                        },
                        {
                          "Node Type": "Sort",
                          "Parent Relationship": "Inner",
                          "Parallel Aware": false,
                          "Startup Cost": 64666.99,
                          "Total Cost": 65805.52,
                          "Plan Rows": 455412,
                          "Plan Width": 4,
                          "Actual Startup Time": 222.463,
                          "Actual Total Time": 246.438,
                          "Actual Rows": 459925,
                          "Actual Loops": 5,
                          "Sort Key": [
                            "mi_idx.movie_id"
                          ],
                          "Sort Method": "quicksort",
                          "Sort Space Used": 33847,
                          "Sort Space Type": "Memory",
                          "Workers": [
                            {
                              "Worker Number": 0,
                              "Sort Method": "quicksort",
                              "Sort Space Used": 33847,
                              "Sort Space Type": "Memory"
                            },
                            {
                              "Worker Number": 1,
                              "Sort Method": "quicksort",
                              "Sort Space Used": 33847,
                              "Sort Space Type": "Memory"
                            },
                            {
                              "Worker Number": 2,
                              "Sort Method": "quicksort",
                              "Sort Space Used": 33847,
                              "Sort Space Type": "Memory"
                            },
                            {
                              "Worker Number": 3,
                              "Sort Method": "quicksort",
                              "Sort Space Used": 33847,
                              "Sort Space Type": "Memory"
                            }
                          ],
                          "Plans": [
                            {
                              "Node Type": "Bitmap Heap Scan",
                              "Parent Relationship": "Outer",
                              "Parallel Aware": false,
                              "Relation Name": "movie_info_idx",
                              "Alias": "mi_idx",
                              "Startup Cost": 8237.87,
                              "Total Cost": 21865.52,
                              "Plan Rows": 455412,
                              "Plan Width": 4,
                              "Actual Startup Time": 24.78,
                              "Actual Total Time": 104.928,
                              "Actual Rows": 459925,
                              "Actual Loops": 5,
                              "Recheck Cond": "(info_type_id < 100)",
                              "Rows Removed by Index Recheck": 0,
                              "Exact Heap Blocks": 7934,
                              "Lossy Heap Blocks": 0,
                              "Plans": [
                                {
                                  "Node Type": "Bitmap Index Scan",
                                  "Parent Relationship": "Outer",
                                  "Parallel Aware": false,
                                  "Index Name": "info_type_id_movie_info_idx",
                                  "Startup Cost": 0.0,
                                  "Total Cost": 8124.02,
                                  "Plan Rows": 455412,
                                  "Plan Width": 0,
                                  "Actual Startup Time": 23.655,
                                  "Actual Total Time": 23.656,
                                  "Actual Rows": 459925,
                                  "Actual Loops": 5,
                                  "Index Cond": "(info_type_id < 100)"
                                }
                              ]
                            }
                          ]
                        }
                      ]
                    },
                    {
                      "Node Type": "Index Only Scan",
                      "Parent Relationship": "Inner",
                      "Parallel Aware": false,
                      "Scan Direction": "Forward",
                      "Index Name": "movie_id_cast_info",
                      "Relation Name": "cast_info",
                      "Alias": "ci",
                      "Startup Cost": 0.56,
                      "Total Cost": 3.67,
                      "Plan Rows": 35,
                      "Plan Width": 4,
                      "Actual Startup Time": 0.007,
                      "Actual Total Time": 0.039,
                      "Actual Rows": 25,
                      "Actual Loops": 83513,
                      "Index Cond": "(movie_id = t.id)",
                      "Rows Removed by Index Recheck": 0,
                      "Heap Fetches": 2076562
                    }
                  ]
                }
              ]
            }
          ]
        }
      ]
    },
    "Planning Time": 0.643,
    "Triggers": [],
    "Execution Time": 1393.644
  }
]