[
  {
    "Plan": {
      "Node Type": "Aggregate",
      "Strategy": "Plain",
      "Partial Mode": "Finalize",
      "Parallel Aware": false,
      "Startup Cost": 215147.52,
      "Total Cost": 215147.53,
      "Plan Rows": 1,
      "Plan Width": 8,
      "Actual Startup Time": 1047.191,
      "Actual Total Time": 1095.55,
      "Actual Rows": 1,
      "Actual Loops": 1,
      "Plans": [
        {
          "Node Type": "Gather",
          "Parent Relationship": "Outer",
          "Parallel Aware": false,
          "Startup Cost": 215147.1,
          "Total Cost": 215147.51,
          "Plan Rows": 4,
          "Plan Width": 8,
          "Actual Startup Time": 1044.885,
          "Actual Total Time": 1095.541,
          "Actual Rows": 5,
          "Actual Loops": 1,
          "Workers Planned": 4,
          "Workers Launched": 4,
          "Single Copy": false,
          "Plans": [
            {
              "Node Type": "Aggregate",
              "Strategy": "Plain",
              "Partial Mode": "Partial",
              "Parent Relationship": "Outer",
              "Parallel Aware": false,
              "Startup Cost": 214147.1,
              "Total Cost": 214147.11,
              "Plan Rows": 1,
              "Plan Width": 8,
              "Actual Startup Time": 1034.939,
              "Actual Total Time": 1034.942,
              "Actual Rows": 1,
              "Actual Loops": 5,
              "Plans": [
                {
                  "Node Type": "Nested Loop",
                  "Parent Relationship": "Outer",
                  "Parallel Aware": false,
                  "Join Type": "Inner",
                  "Startup Cost": 27409.59,
                  "Total Cost": 213088.08,
                  "Plan Rows": 423607,
                  "Plan Width": 0,
                  "Actual Startup Time": 158.512,
                  "Actual Total Time": 991.382,
                  "Actual Rows": 1025595,
                  "Actual Loops": 5,
                  "Inner Unique": false,
                  "Plans": [
                    {
                      "Node Type": "Hash Join",
                      "Parent Relationship": "Outer",
                      "Parallel Aware": true,
                      "Join Type": "Inner",
                      "Startup Cost": 27409.16,
                      "Total Cost": 73121.94,
                      "Plan Rows": 72445,
                      "Plan Width": 8,
                      "Actual Startup Time": 158.413,
                      "Actual Total Time": 259.549,
                      "Actual Rows": 57300,
                      "Actual Loops": 5,
                      "Inner Unique": false,
                      "Hash Cond": "(t.id = mc.movie_id)",
                      "Plans": [
                        {
                          "Node Type": "Seq Scan",
                          "Parent Relationship": "Outer",
                          "Parallel Aware": true,
                          "Relation Name": "title",
                          "Alias": "t",
                          "Startup Cost": 0.0,
                          "Total Cost": 42318.73,
                          "Plan Rows": 632073,
                          "Plan Width": 4,
                          "Actual Startup Time": 0.012,
                          "Actual Total Time": 64.266,
                          "Actual Rows": 505662,
                          "Actual Loops": 5
                        },
                        {
                          "Node Type": "Hash",
                          "Parent Relationship": "Inner",
                          "Parallel Aware": true,
                          "Startup Cost": 26240.69,
                          "Total Cost": 26240.69,
                          "Plan Rows": 93477,
                          "Plan Width": 4,
                          "Actual Startup Time": 73.827,
                          "Actual Total Time": 73.828,
                          "Actual Rows": 57300,
                          "Actual Loops": 5,
                          "Hash Buckets": 524288,
                          "Original Hash Buckets": 524288,
                          "Hash Batches": 1,
                          "Original Hash Batches": 1,
                          "Peak Memory Usage": 15392,
                          "Plans": [
                            {
                              "Node Type": "Bitmap Heap Scan",
                              "Parent Relationship": "Outer",
                              "Parallel Aware": true,
                              "Relation Name": "movie_companies",
                              "Alias": "mc",
                              "Startup Cost": 6282.23,
                              "Total Cost": 26240.69,
                              "Plan Rows": 93477,
                              "Plan Width": 4,
                              "Actual Startup Time": 22.851,
                              "Actual Total Time": 50.038,
                              "Actual Rows": 57300,
                              "Actual Loops": 5,
                              "Recheck Cond": "(company_id > 95206)",
                              "Rows Removed by Index Recheck": 0,
                              "Exact Heap Blocks": 1980,
                              "Lossy Heap Blocks": 0,
                              "Plans": [
                                {
                                  "Node Type": "Bitmap Index Scan",
                                  "Parent Relationship": "Outer",
                                  "Parallel Aware": false,
                                  "Index Name": "company_id_movie_companies",
                                  "Startup Cost": 0.0,
                                  "Total Cost": 6209.78,
                                  "Plan Rows": 289780,
                                  "Plan Width": 0,
                                  "Actual Startup Time": 22.215,
                                  "Actual Total Time": 22.215,
                                  "Actual Rows": 286499,
                                  "Actual Loops": 1,
                                  "Index Cond": "(company_id > 95206)"
                                }
                              ]
                            }
                          ]
                        }
                      ]
                    },
                    {
                      "Node Type": "Index Only Scan",
                      "Parent Relationship": "Inner",
                      "Parallel Aware": false,
                      "Scan Direction": "Forward",
                      "Index Name": "movie_id_movie_info",
                      "Relation Name": "movie_info",
                      "Alias": "mi",
                      "Startup Cost": 0.43,
                      "Total Cost": 1.51,
                      "Plan Rows": 42,
                      "Plan Width": 4,
                      "Actual Startup Time": 0.004,
                      "Actual Total Time": 0.011,
                      "Actual Rows": 18,
                      "Actual Loops": 286499,
                      "Index Cond": "(movie_id = t.id)",
                      "Rows Removed by Index Recheck": 0,
                      "Heap Fetches": 5127975
                    }
                  ]
                }
              ]
            }
          ]
        }
      ]
    },
    "Planning Time": 1.348,
    "Triggers": [],
    "Execution Time": 1095.675
  }
]