[
  {
    "Plan": {
      "Node Type": "Aggregate",
      "Strategy": "Plain",
      "Partial Mode": "Simple",
      "Parallel Aware": false,
      "Startup Cost": 121868.09,
      "Total Cost": 121868.1,
      "Plan Rows": 1,
      "Plan Width": 96,
      "Actual Startup Time": 31919.952,
      "Actual Total Time": 31920.002,
      "Actual Rows": 1,
      "Actual Loops": 1,
      "Output": [
        "min(cn.name)",
        "min(miidx.info)",
        "min(t.title)"
      ],
      "Plans": [
        {
          "Node Type": "Hash Join",
          "Parent Relationship": "Outer",
          "Parallel Aware": false,
          "Join Type": "Inner",
          "Startup Cost": 99133.36,
          "Total Cost": 121866.4,
          "Plan Rows": 226,
          "Plan Width": 41,
          "Actual Startup Time": 9218.293,
          "Actual Total Time": 31825.579,
          "Actual Rows": 670390,
          "Actual Loops": 1,
          "Output": [
            "cn.name",
            "miidx.info",
            "t.title"
          ],
          "Inner Unique": true,
          "Hash Cond": "(mi.info_type_id = it2.id)",
          "Plans": [
            {
              "Node Type": "Nested Loop",
              "Parent Relationship": "Outer",
              "Parallel Aware": false,
              "Join Type": "Inner",
              "Startup Cost": 99130.94,
              "Total Cost": 121794.49,
              "Plan Rows": 25510,
              "Plan Width": 45,
              "Actual Startup Time": 9216.422,
              "Actual Total Time": 31461.977,
              "Actual Rows": 4316584,
              "Actual Loops": 1,
              "Output": [
                "cn.name",
                "mi.info_type_id",
                "miidx.info",
                "t.title"
              ],
              "Inner Unique": false,
              "Plans": [
                {
                  "Node Type": "Nested Loop",
                  "Parent Relationship": "Outer",
                  "Parallel Aware": false,
                  "Join Type": "Inner",
                  "Startup Cost": 99130.5,
                  "Total Cost": 120246.44,
                  "Plan Rows": 837,
                  "Plan Width": 53,
                  "Actual Startup Time": 9216.263,
                  "Actual Total Time": 24086.518,
                  "Actual Rows": 87293,
                  "Actual Loops": 1,
                  "Output": [
                    "cn.name",
                    "mc.movie_id",
                    "miidx.info",
                    "miidx.movie_id",
                    "t.title",
                    "t.id"
                  ],
                  "Inner Unique": true,
                  "Plans": [
                    {
                      "Node Type": "Hash Join",
                      "Parent Relationship": "Outer",
                      "Parallel Aware": false,
                      "Join Type": "Inner",
                      "Startup Cost": 99130.08,
                      "Total Cost": 119206.05,
                      "Plan Rows": 2333,
                      "Plan Width": 38,
                      "Actual Startup Time": 9215.231,
                      "Actual Total Time": 15265.085,
                      "Actual Rows": 302610,
                      "Actual Loops": 1,
                      "Output": [
                        "mc.movie_id",
                        "mc.company_id",
                        "miidx.info",
                        "miidx.movie_id",
                        "t.title",
                        "t.id"
                      ],
                      "Inner Unique": true,
                      "Hash Cond": "(mc.company_type_id = ct.id)",
                      "Plans": [
                        {
                          "Node Type": "Nested Loop",
                          "Parent Relationship": "Outer",
                          "Parallel Aware": false,
                          "Join Type": "Inner",
                          "Startup Cost": 99129.02,
                          "Total Cost": 119154.54,
                          "Plan Rows": 9331,
                          "Plan Width": 42,
                          "Actual Startup Time": 9215.158,
                          "Actual Total Time": 15145.483,
                          "Actual Rows": 773084,
                          "Actual Loops": 1,
                          "Output": [
                            "miidx.info",
                            "miidx.movie_id",
                            "mc.movie_id",
                            "mc.company_id",
                            "mc.company_type_id",
                            "t.title",
                            "t.id"
                          ],
                          "Inner Unique": false,
                          "Plans": [
                            {
                              "Node Type": "Hash Join",
                              "Parent Relationship": "Outer",
                              "Parallel Aware": false,
                              "Join Type": "Inner",
                              "Startup Cost": 99128.59,
                              "Total Cost": 118086.09,
                              "Plan Rows": 1745,
                              "Plan Width": 30,
                              "Actual Startup Time": 9214.1,
                              "Actual Total Time": 13507.625,
                              "Actual Rows": 209880,
                              "Actual Loops": 1,
                              "Output": [
                                "miidx.info",
                                "miidx.movie_id",
                                "t.title",
                                "t.id"
                              ],
                              "Inner Unique": true,
                              "Hash Cond": "(t.kind_id = kt.id)",
                              "Plans": [
                                {
                                  "Node Type": "Hash Join",
                                  "Parent Relationship": "Outer",
                                  "Parallel Aware": false,
                                  "Join Type": "Inner",
                                  "Startup Cost": 99127.49,
                                  "Total Cost": 118033.52,
                                  "Plan Rows": 12213,
                                  "Plan Width": 34,
                                  "Actual Startup Time": 7757.67,
                                  "Actual Total Time": 13419.605,
                                  "Actual Rows": 459925,
                                  "Actual Loops": 1,
                                  "Output": [
                                    "miidx.info",
                                    "miidx.movie_id",
                                    "t.title",
                                    "t.id",
                                    "t.kind_id"
                                  ],
                                  "Inner Unique": true,
                                  "Hash Cond": "(miidx.movie_id = t.id)",
                                  "Plans": [
                                    {
                                      "Node Type": "Nested Loop",
                                      "Parent Relationship": "Outer",
                                      "Parallel Aware": false,
                                      "Join Type": "Inner",
                                      "Startup Cost": 6242.25,
                                      "Total Cost": 21942.36,
                                      "Plan Rows": 1221300,
                                      "Plan Width": 9,
                                      "Actual Startup Time": 108.576,
                                      "Actual Total Time": 585.682,
                                      "Actual Rows": 459925,
                                      "Actual Loops": 1,
                                      "Output": [
                                        "miidx.info",
                                        "miidx.movie_id"
                                      ],
                                      "Inner Unique": false,
                                      "Plans": [
                                        {
                                          "Node Type": "Seq Scan",
                                          "Parent Relationship": "Outer",
                                          "Parallel Aware": false,
                                          "Relation Name": "info_type",
                                          "Schema": "public",
                                          "Alias": "it",
                                          "Startup Cost": 0.0,
                                          "Total Cost": 2.41,
                                          "Plan Rows": 1,
                                          "Plan Width": 4,
                                          "Actual Startup Time": 0.032,
                                          "Actual Total Time": 0.08,
                                          "Actual Rows": 1,
                                          "Actual Loops": 1,
                                          "Output": [
                                            "it.id",
                                            "it.info"
                                          ],
                                          "Filter": "((it.info)::text = 'rating'::text)",
                                          "Rows Removed by Filter": 112
                                        },
                                        {
                                          "Node Type": "Bitmap Heap Scan",
                                          "Parent Relationship": "Inner",
                                          "Parallel Aware": false,
                                          "Relation Name": "movie_info_idx",
                                          "Schema": "public",
                                          "Alias": "miidx",
                                          "Startup Cost": 6242.25,
                                          "Total Cost": 18489.86,
                                          "Plan Rows": 345009,
                                          "Plan Width": 13,
                                          "Actual Startup Time": 108.477,
                                          "Actual Total Time": 519.708,
                                          "Actual Rows": 459925,
                                          "Actual Loops": 1,
                                          "Output": [
                                            "miidx.id",
                                            "miidx.movie_id",
                                            "miidx.info_type_id",
                                            "miidx.info",
                                            "miidx.note"
                                          ],
                                          "Recheck Cond": "(miidx.info_type_id = it.id)",
                                          "Rows Removed by Index Recheck": 0,
                                          "Exact Heap Blocks": 7934,
                                          "Lossy Heap Blocks": 0,
                                          "Plans": [
                                            {
                                              "Node Type": "Bitmap Index Scan",
                                              "Parent Relationship": "Outer",
                                              "Parallel Aware": false,
                                              "Index Name": "info_type_id_movie_info_idx",
                                              "Startup Cost": 0.0,
                                              "Total Cost": 6155.99,
                                              "Plan Rows": 345009,
                                              "Plan Width": 0,
                                              "Actual Startup Time": 106.195,
                                              "Actual Total Time": 106.201,
                                              "Actual Rows": 459925,
                                              "Actual Loops": 1,
                                              "Index Cond": "(miidx.info_type_id = it.id)"
                                            }
                                          ]
                                        }
                                      ]
                                    },
                                    {
                                      "Node Type": "Hash",
                                      "Parent Relationship": "Inner",
                                      "Parallel Aware": false,
                                      "Startup Cost": 61281.22,
                                      "Total Cost": 61281.22,
                                      "Plan Rows": 2528322,
                                      "Plan Width": 25,
                                      "Actual Startup Time": 7546.904,
                                      "Actual Total Time": 7546.904,
                                      "Actual Rows": 2528312,
                                      "Actual Loops": 1,
                                      "Output": [
                                        "t.title",
                                        "t.id",
                                        "t.kind_id"
                                      ],
                                      "Hash Buckets": 4194304,
                                      "Original Hash Buckets": 4194304,
                                      "Hash Batches": 1,
                                      "Original Hash Batches": 1,
                                      "Peak Memory Usage": 178513,
                                      "Plans": [
                                        {
                                          "Node Type": "Seq Scan",
                                          "Parent Relationship": "Outer",
                                          "Parallel Aware": false,
                                          "Relation Name": "title",
                                          "Schema": "public",
                                          "Alias": "t",
                                          "Startup Cost": 0.0,
                                          "Total Cost": 61281.22,
                                          "Plan Rows": 2528322,
                                          "Plan Width": 25,
                                          "Actual Startup Time": 0.331,
                                          "Actual Total Time": 2453.179,
                                          "Actual Rows": 2528312,
                                          "Actual Loops": 1,
                                          "Output": [
                                            "t.title",
                                            "t.id",
                                            "t.kind_id"
                                          ]
                                        }
                                      ]
                                    }
                                  ]
                                },
                                {
                                  "Node Type": "Hash",
                                  "Parent Relationship": "Inner",
                                  "Parallel Aware": false,
                                  "Startup Cost": 1.09,
                                  "Total Cost": 1.09,
                                  "Plan Rows": 1,
                                  "Plan Width": 4,
                                  "Actual Startup Time": 0.044,
                                  "Actual Total Time": 0.045,
                                  "Actual Rows": 1,
                                  "Actual Loops": 1,
                                  "Output": [
                                    "kt.id"
                                  ],
                                  "Hash Buckets": 1024,
                                  "Original Hash Buckets": 1024,
                                  "Hash Batches": 1,
                                  "Original Hash Batches": 1,
                                  "Peak Memory Usage": 9,
                                  "Plans": [
                                    {
                                      "Node Type": "Seq Scan",
                                      "Parent Relationship": "Outer",
                                      "Parallel Aware": false,
                                      "Relation Name": "kind_type",
                                      "Schema": "public",
                                      "Alias": "kt",
                                      "Startup Cost": 0.0,
                                      "Total Cost": 1.09,
                                      "Plan Rows": 1,
                                      "Plan Width": 4,
                                      "Actual Startup Time": 0.014,
                                      "Actual Total Time": 0.019,
                                      "Actual Rows": 1,
                                      "Actual Loops": 1,
                                      "Output": [
                                        "kt.id"
                                      ],
                                      "Filter": "((kt.kind)::text = 'movie'::text)",
                                      "Rows Removed by Filter": 6
                                    }
                                  ]
                                }
                              ]
                            },
                            {
                              "Node Type": "Index Scan",
                              "Parent Relationship": "Inner",
                              "Parallel Aware": false,
                              "Scan Direction": "Forward",
                              "Index Name": "movie_id_movie_companies",
                              "Relation Name": "movie_companies",
                              "Schema": "public",
                              "Alias": "mc",
                              "Startup Cost": 0.43,
                              "Total Cost": 0.56,
                              "Plan Rows": 5,
                              "Plan Width": 12,
                              "Actual Startup Time": 0.005,
                              "Actual Total Time": 0.007,
                              "Actual Rows": 4,
                              "Actual Loops": 209880,
                              "Output": [
                                "mc.id",
                                "mc.movie_id",
                                "mc.company_id",
                                "mc.company_type_id",
                                "mc.note"
                              ],
                              "Index Cond": "(mc.movie_id = t.id)",
                              "Rows Removed by Index Recheck": 0
                            }
                          ]
                        },
                        {
                          "Node Type": "Hash",
                          "Parent Relationship": "Inner",
                          "Parallel Aware": false,
                          "Startup Cost": 1.05,
                          "Total Cost": 1.05,
                          "Plan Rows": 1,
                          "Plan Width": 4,
                          "Actual Startup Time": 0.017,
                          "Actual Total Time": 0.018,
                          "Actual Rows": 1,
                          "Actual Loops": 1,
                          "Output": [
                            "ct.id"
                          ],
                          "Hash Buckets": 1024,
                          "Original Hash Buckets": 1024,
                          "Hash Batches": 1,
                          "Original Hash Batches": 1,
                          "Peak Memory Usage": 9,
                          "Plans": [
                            {
                              "Node Type": "Seq Scan",
                              "Parent Relationship": "Outer",
                              "Parallel Aware": false,
                              "Relation Name": "company_type",
                              "Schema": "public",
                              "Alias": "ct",
                              "Startup Cost": 0.0,
                              "Total Cost": 1.05,
                              "Plan Rows": 1,
                              "Plan Width": 4,
                              "Actual Startup Time": 0.013,
                              "Actual Total Time": 0.014,
                              "Actual Rows": 1,
                              "Actual Loops": 1,
                              "Output": [
                                "ct.id"
                              ],
                              "Filter": "((ct.kind)::text = 'production companies'::text)",
                              "Rows Removed by Filter": 3
                            }
                          ]
                        }
                      ]
                    },
                    {
                      "Node Type": "Index Scan",
                      "Parent Relationship": "Inner",
                      "Parallel Aware": false,
                      "Scan Direction": "Forward",
                      "Index Name": "company_name_pkey",
                      "Relation Name": "company_name",
                      "Schema": "public",
                      "Alias": "cn",
                      "Startup Cost": 0.42,
                      "Total Cost": 0.45,
                      "Plan Rows": 1,
                      "Plan Width": 23,
                      "Actual Startup Time": 0.029,
                      "Actual Total Time": 0.029,
                      "Actual Rows": 0,
                      "Actual Loops": 302610,
                      "Output": [
                        "cn.id",
                        "cn.name",
                        "cn.country_code",
                        "cn.imdb_id",
                        "cn.name_pcode_nf",
                        "cn.name_pcode_sf",
                        "cn.md5sum"
                      ],
                      "Index Cond": "(cn.id = mc.company_id)",
                      "Rows Removed by Index Recheck": 0,
                      "Filter": "((cn.country_code)::text = '[us]'::text)",
                      "Rows Removed by Filter": 1
                    }
                  ]
                },
                {
                  "Node Type": "Index Scan",
                  "Parent Relationship": "Inner",
                  "Parallel Aware": false,
                  "Scan Direction": "Forward",
                  "Index Name": "movie_id_movie_info",
                  "Relation Name": "movie_info",
                  "Schema": "public",
                  "Alias": "mi",
                  "Startup Cost": 0.43,
                  "Total Cost": 1.46,
                  "Plan Rows": 39,
                  "Plan Width": 8,
                  "Actual Startup Time": 0.016,
                  "Actual Total Time": 0.079,
                  "Actual Rows": 49,
                  "Actual Loops": 87293,
                  "Output": [
                    "mi.id",
                    "mi.movie_id",
                    "mi.info_type_id",
                    "mi.info",
                    "mi.note"
                  ],
                  "Index Cond": "(mi.movie_id = t.id)",
                  "Rows Removed by Index Recheck": 0
                }
              ]
            },
            {
              "Node Type": "Hash",
              "Parent Relationship": "Inner",
              "Parallel Aware": false,
              "Startup Cost": 2.41,
              "Total Cost": 2.41,
              "Plan Rows": 1,
              "Plan Width": 4,
              "Actual Startup Time": 0.131,
              "Actual Total Time": 0.136,
              "Actual Rows": 1,
              "Actual Loops": 1,
              "Output": [
                "it2.id"
              ],
              "Hash Buckets": 1024,
              "Original Hash Buckets": 1024,
              "Hash Batches": 1,
              "Original Hash Batches": 1,
              "Peak Memory Usage": 9,
              "Plans": [
                {
                  "Node Type": "Seq Scan",
                  "Parent Relationship": "Outer",
                  "Parallel Aware": false,
                  "Relation Name": "info_type",
                  "Schema": "public",
                  "Alias": "it2",
                  "Startup Cost": 0.0,
                  "Total Cost": 2.41,
                  "Plan Rows": 1,
                  "Plan Width": 4,
                  "Actual Startup Time": 0.074,
                  "Actual Total Time": 0.093,
                  "Actual Rows": 1,
                  "Actual Loops": 1,
                  "Output": [
                    "it2.id"
                  ],
                  "Filter": "((it2.info)::text = 'release dates'::text)",
                  "Rows Removed by Filter": 112
                }
              ]
            }
          ]
        }
      ]
    },
    "Planning Time": 2204.166,
    "Triggers": [],
    "Execution Time": 31972.817
  }
]