[
  {
    "Plan": {
      "Node Type": "Aggregate",
      "Strategy": "Plain",
      "Partial Mode": "Finalize",
      "Parallel Aware": false,
      "Startup Cost": 80413.21,
      "Total Cost": 80413.22,
      "Plan Rows": 1,
      "Plan Width": 8,
      "Actual Startup Time": 292.036,
      "Actual Total Time": 313.103,
      "Actual Rows": 1,
      "Actual Loops": 1,
      "Plans": [
        {
          "Node Type": "Gather",
          "Parent Relationship": "Outer",
          "Parallel Aware": false,
          "Startup Cost": 80412.79,
          "Total Cost": 80413.2,
          "Plan Rows": 4,
          "Plan Width": 8,
          "Actual Startup Time": 289.235,
          "Actual Total Time": 313.091,
          "Actual Rows": 5,
          "Actual Loops": 1,
          "Workers Planned": 4,
          "Workers Launched": 4,
          "Single Copy": false,
          "Plans": [
            {
              "Node Type": "Aggregate",
              "Strategy": "Plain",
              "Partial Mode": "Partial",
              "Parent Relationship": "Outer",
              "Parallel Aware": false,
              "Startup Cost": 79412.79,
              "Total Cost": 79412.8,
              "Plan Rows": 1,
              "Plan Width": 8,
              "Actual Startup Time": 279.864,
              "Actual Total Time": 279.867,
              "Actual Rows": 1,
              "Actual Loops": 5,
              "Plans": [
                {
                  "Node Type": "Hash Join",
                  "Parent Relationship": "Outer",
                  "Parallel Aware": true,
                  "Join Type": "Inner",
                  "Startup Cost": 33273.77,
                  "Total Cost": 79124.66,
                  "Plan Rows": 115255,
                  "Plan Width": 0,
                  "Actual Startup Time": 95.724,
                  "Actual Total Time": 276.331,
                  "Actual Rows": 52786,
                  "Actual Loops": 5,
                  "Inner Unique": false,
                  "Hash Cond": "(t.id = mc.movie_id)",
                  "Plans": [
                    {
                      "Node Type": "Seq Scan",
                      "Parent Relationship": "Outer",
                      "Parallel Aware": true,
                      "Relation Name": "title",
                      "Alias": "t",
                      "Startup Cost": 0.0,
                      "Total Cost": 42318.73,
                      "Plan Rows": 632073,
                      "Plan Width": 4,
                      "Actual Startup Time": 0.012,
                      "Actual Total Time": 76.261,
                      "Actual Rows": 505662,
                      "Actual Loops": 5
                    },
                    {
                      "Node Type": "Hash",
                      "Parent Relationship": "Inner",
                      "Parallel Aware": true,
                      "Startup Cost": 31414.82,
                      "Total Cost": 31414.82,
                      "Plan Rows": 148716,
                      "Plan Width": 4,
                      "Actual Startup Time": 92.75,
                      "Actual Total Time": 92.751,
                      "Actual Rows": 52786,
                      "Actual Loops": 5,
                      "Hash Buckets": 524288,
                      "Original Hash Buckets": 524288,
                      "Hash Batches": 1,
                      "Original Hash Batches": 1,
                      "Peak Memory Usage": 14496,
                      "Plans": [
                        {
                          "Node Type": "Seq Scan",
                          "Parent Relationship": "Outer",
                          "Parallel Aware": true,
                          "Relation Name": "movie_companies",
                          "Alias": "mc",
                          "Startup Cost": 0.0,
                          "Total Cost": 31414.82,
                          "Plan Rows": 148716,
                          "Plan Width": 4,
                          "Actual Startup Time": 44.364,
                          "Actual Total Time": 74.511,
                          "Actual Rows": 52786,
                          "Actual Loops": 5,
                          "Filter": "((company_id < 2962) AND (company_type_id > 1))",
                          "Rows Removed by Filter": 469040
                        }
                      ]
                    }
                  ]
                }
              ]
            }
          ]
        }
      ]
    },
    "Planning Time": 0.633,
    "Triggers": [],
    "Execution Time": 313.184
  }
]