[
  {
    "Plan": {
      "Node Type": "Aggregate",
      "Strategy": "Plain",
      "Partial Mode": "Finalize",
      "Parallel Aware": false,
      "Startup Cost": 47430.01,
      "Total Cost": 47430.02,
      "Plan Rows": 1,
      "Plan Width": 8,
      "Actual Startup Time": 82.58,
      "Actual Total Time": 97.338,
      "Actual Rows": 1,
      "Actual Loops": 1,
      "Plans": [
        {
          "Node Type": "Gather",
          "Parent Relationship": "Outer",
          "Parallel Aware": false,
          "Startup Cost": 47429.59,
          "Total Cost": 47430.0,
          "Plan Rows": 4,
          "Plan Width": 8,
          "Actual Startup Time": 82.296,
          "Actual Total Time": 97.331,
          "Actual Rows": 5,
          "Actual Loops": 1,
          "Workers Planned": 4,
          "Workers Launched": 4,
          "Single Copy": false,
          "Plans": [
            {
              "Node Type": "Aggregate",
              "Strategy": "Plain",
              "Partial Mode": "Partial",
              "Parent Relationship": "Outer",
              "Parallel Aware": false,
              "Startup Cost": 46429.59,
              "Total Cost": 46429.6,
              "Plan Rows": 1,
              "Plan Width": 8,
              "Actual Startup Time": 78.549,
              "Actual Total Time": 78.55,
              "Actual Rows": 1,
              "Actual Loops": 5,
              "Plans": [
                {
                  "Node Type": "Nested Loop",
                  "Parent Relationship": "Outer",
                  "Parallel Aware": false,
                  "Join Type": "Inner",
                  "Startup Cost": 0.43,
                  "Total Cost": 46429.41,
                  "Plan Rows": 74,
                  "Plan Width": 0,
                  "Actual Startup Time": 48.556,
                  "Actual Total Time": 78.523,
                  "Actual Rows": 254,
                  "Actual Loops": 5,
                  "Inner Unique": false,
                  "Plans": [
                    {
                      "Node Type": "Seq Scan",
                      "Parent Relationship": "Outer",
                      "Parallel Aware": true,
                      "Relation Name": "title",
                      "Alias": "t",
                      "Startup Cost": 0.0,
                      "Total Cost": 45479.59,
                      "Plan Rows": 99,
                      "Plan Width": 4,
                      "Actual Startup Time": 47.148,
                      "Actual Total Time": 72.365,
                      "Actual Rows": 523,
                      "Actual Loops": 5,
                      "Filter": "((kind_id = 1) AND (production_year = 1923))",
                      "Rows Removed by Filter": 505140
                    },
                    {
                      "Node Type": "Index Scan",
                      "Parent Relationship": "Inner",
                      "Parallel Aware": false,
                      "Scan Direction": "Forward",
                      "Index Name": "movie_id_movie_keyword",
                      "Relation Name": "movie_keyword",
                      "Alias": "mk",
                      "Startup Cost": 0.43,
                      "Total Cost": 9.4,
                      "Plan Rows": 19,
                      "Plan Width": 4,
                      "Actual Startup Time": 0.011,
                      "Actual Total Time": 0.011,
                      "Actual Rows": 0,
                      "Actual Loops": 2614,
                      "Index Cond": "(movie_id = t.id)",
                      "Rows Removed by Index Recheck": 0,
                      "Filter": "(keyword_id > 7281)",
                      "Rows Removed by Filter": 1
                    }
                  ]
                }
              ]
            }
          ]
        }
      ]
    },
    "Planning Time": 0.26,
    "Triggers": [],
    "Execution Time": 97.374
  }
]