[
  {
    "Plan": {
      "Node Type": "Aggregate",
      "Strategy": "Plain",
      "Partial Mode": "Finalize",
      "Parallel Aware": false,
      "Startup Cost": 338464.79,
      "Total Cost": 338464.8,
      "Plan Rows": 1,
      "Plan Width": 8,
      "Actual Startup Time": 721.399,
      "Actual Total Time": 778.586,
      "Actual Rows": 1,
      "Actual Loops": 1,
      "Plans": [
        {
          "Node Type": "Gather",
          "Parent Relationship": "Outer",
          "Parallel Aware": false,
          "Startup Cost": 338464.17,
          "Total Cost": 338464.78,
          "Plan Rows": 6,
          "Plan Width": 8,
          "Actual Startup Time": 721.278,
          "Actual Total Time": 778.577,
          "Actual Rows": 7,
          "Actual Loops": 1,
          "Workers Planned": 6,
          "Workers Launched": 6,
          "Single Copy": false,
          "Plans": [
            {
              "Node Type": "Aggregate",
              "Strategy": "Plain",
              "Partial Mode": "Partial",
              "Parent Relationship": "Outer",
              "Parallel Aware": false,
              "Startup Cost": 337464.17,
              "Total Cost": 337464.18,
              "Plan Rows": 1,
              "Plan Width": 8,
              "Actual Startup Time": 713.588,
              "Actual Total Time": 713.589,
              "Actual Rows": 1,
              "Actual Loops": 7,
              "Plans": [
                {
                  "Node Type": "Seq Scan",
                  "Parent Relationship": "Outer",
                  "Parallel Aware": true,
                  "Relation Name": "cast_info",
                  "Alias": "ci",
                  "Startup Cost": 0.0,
                  "Total Cost": 328162.03,
                  "Plan Rows": 3720857,
                  "Plan Width": 0,
                  "Actual Startup Time": 145.456,
                  "Actual Total Time": 585.268,
                  "Actual Rows": 3189904,
                  "Actual Loops": 7,
                  "Filter": "(person_id > 1371364)",
                  "Rows Removed by Filter": 1987859
                }
              ]
            }
          ]
        }
      ]
    },
    "Planning Time": 0.125,
    "Triggers": [],
    "Execution Time": 778.638
  }
]