[
  {
    "Plan": {
      "Node Type": "Aggregate",
      "Strategy": "Plain",
      "Partial Mode": "Finalize",
      "Parallel Aware": false,
      "Startup Cost": 80611.55,
      "Total Cost": 80611.56,
      "Plan Rows": 1,
      "Plan Width": 8,
      "Actual Startup Time": 310.714,
      "Actual Total Time": 332.104,
      "Actual Rows": 1,
      "Actual Loops": 1,
      "Plans": [
        {
          "Node Type": "Gather",
          "Parent Relationship": "Outer",
          "Parallel Aware": false,
          "Startup Cost": 80611.13,
          "Total Cost": 80611.54,
          "Plan Rows": 4,
          "Plan Width": 8,
          "Actual Startup Time": 308.213,
          "Actual Total Time": 332.093,
          "Actual Rows": 5,
          "Actual Loops": 1,
          "Workers Planned": 4,
          "Workers Launched": 4,
          "Single Copy": false,
          "Plans": [
            {
              "Node Type": "Aggregate",
              "Strategy": "Plain",
              "Partial Mode": "Partial",
              "Parent Relationship": "Outer",
              "Parallel Aware": false,
              "Startup Cost": 79611.13,
              "Total Cost": 79611.14,
              "Plan Rows": 1,
              "Plan Width": 8,
              "Actual Startup Time": 298.924,
              "Actual Total Time": 298.927,
              "Actual Rows": 1,
              "Actual Loops": 5,
              "Plans": [
                {
                  "Node Type": "Hash Join",
                  "Parent Relationship": "Outer",
                  "Parallel Aware": true,
                  "Join Type": "Inner",
                  "Startup Cost": 32744.79,
                  "Total Cost": 79442.73,
                  "Plan Rows": 67361,
                  "Plan Width": 0,
                  "Actual Startup Time": 108.829,
                  "Actual Total Time": 294.553,
                  "Actual Rows": 85572,
                  "Actual Loops": 5,
                  "Inner Unique": false,
                  "Hash Cond": "(t.id = mc.movie_id)",
                  "Plans": [
                    {
                      "Node Type": "Seq Scan",
                      "Parent Relationship": "Outer",
                      "Parallel Aware": true,
                      "Relation Name": "title",
                      "Alias": "t",
                      "Startup Cost": 0.0,
                      "Total Cost": 43898.92,
                      "Plan Rows": 516346,
                      "Plan Width": 4,
                      "Actual Startup Time": 0.018,
                      "Actual Total Time": 86.829,
                      "Actual Rows": 412910,
                      "Actual Loops": 5,
                      "Filter": "(production_year < 2011)",
                      "Rows Removed by Filter": 92752
                    },
                    {
                      "Node Type": "Hash",
                      "Parent Relationship": "Inner",
                      "Parallel Aware": true,
                      "Startup Cost": 31414.82,
                      "Total Cost": 31414.82,
                      "Plan Rows": 106398,
                      "Plan Width": 4,
                      "Actual Startup Time": 105.587,
                      "Actual Total Time": 105.588,
                      "Actual Rows": 95211,
                      "Actual Loops": 5,
                      "Hash Buckets": 524288,
                      "Original Hash Buckets": 524288,
                      "Hash Batches": 1,
                      "Original Hash Batches": 1,
                      "Peak Memory Usage": 22816,
                      "Plans": [
                        {
                          "Node Type": "Seq Scan",
                          "Parent Relationship": "Outer",
                          "Parallel Aware": true,
                          "Relation Name": "movie_companies",
                          "Alias": "mc",
                          "Startup Cost": 0.0,
                          "Total Cost": 31414.82,
                          "Plan Rows": 106398,
                          "Plan Width": 4,
                          "Actual Startup Time": 0.058,
                          "Actual Total Time": 69.232,
                          "Actual Rows": 95211,
                          "Actual Loops": 5,
                          "Filter": "((company_id < 1008) AND (company_type_id = 1))",
                          "Rows Removed by Filter": 426615
                        }
                      ]
                    }
                  ]
                }
              ]
            }
          ]
        }
      ]
    },
    "Planning Time": 0.629,
    "Triggers": [],
    "Execution Time": 332.185
  }
]