[
  {
    "Plan": {
      "Node Type": "Aggregate",
      "Strategy": "Plain",
      "Partial Mode": "Finalize",
      "Parallel Aware": false,
      "Startup Cost": 35267.36,
      "Total Cost": 35267.37,
      "Plan Rows": 1,
      "Plan Width": 8,
      "Actual Startup Time": 128.088,
      "Actual Total Time": 136.085,
      "Actual Rows": 1,
      "Actual Loops": 1,
      "Plans": [
        {
          "Node Type": "Gather",
          "Parent Relationship": "Outer",
          "Parallel Aware": false,
          "Startup Cost": 35267.04,
          "Total Cost": 35267.35,
          "Plan Rows": 3,
          "Plan Width": 8,
          "Actual Startup Time": 127.793,
          "Actual Total Time": 136.074,
          "Actual Rows": 4,
          "Actual Loops": 1,
          "Workers Planned": 3,
          "Workers Launched": 3,
          "Single Copy": false,
          "Plans": [
            {
              "Node Type": "Aggregate",
              "Strategy": "Plain",
              "Partial Mode": "Partial",
              "Parent Relationship": "Outer",
              "Parallel Aware": false,
              "Startup Cost": 34267.04,
              "Total Cost": 34267.05,
              "Plan Rows": 1,
              "Plan Width": 8,
              "Actual Startup Time": 120.277,
              "Actual Total Time": 120.279,
              "Actual Rows": 1,
              "Actual Loops": 4,
              "Plans": [
                {
                  "Node Type": "Bitmap Heap Scan",
                  "Parent Relationship": "Outer",
                  "Parallel Aware": true,
                  "Relation Name": "movie_keyword",
                  "Alias": "mk",
                  "Startup Cost": 7990.9,
                  "Total Cost": 33963.35,
                  "Plan Rows": 121476,
                  "Plan Width": 0,
                  "Actual Startup Time": 42.778,
                  "Actual Total Time": 113.887,
                  "Actual Rows": 90080,
                  "Actual Loops": 4,
                  "Recheck Cond": "(keyword_id > 46224)",
                  "Rows Removed by Index Recheck": 0,
                  "Exact Heap Blocks": 8261,
                  "Lossy Heap Blocks": 0,
                  "Plans": [
                    {
                      "Node Type": "Bitmap Index Scan",
                      "Parent Relationship": "Outer",
                      "Parallel Aware": false,
                      "Index Name": "keyword_id_movie_keyword",
                      "Startup Cost": 0.0,
                      "Total Cost": 7896.75,
                      "Plan Rows": 376576,
                      "Plan Width": 0,
                      "Actual Startup Time": 44.059,
                      "Actual Total Time": 44.06,
                      "Actual Rows": 360321,
                      "Actual Loops": 1,
                      "Index Cond": "(keyword_id > 46224)"
                    }
                  ]
                }
              ]
            }
          ]
        }
      ]
    },
    "Planning Time": 0.196,
    "Triggers": [],
    "Execution Time": 136.175
  }
]