{
  "Plan": {
    "Node Type": "Aggregate",
    "Strategy": "Plain",
    "Partial Mode": "Finalize",
    "Parallel Aware": false,
    "Startup Cost": 146389.7,
    "Total Cost": 146389.71,
    "Plan Rows": 1,
    "Plan Width": 8,
    "Actual Startup Time": 533.882,
    "Actual Total Time": 558.648,
    "Actual Rows": 1,
    "Actual Loops": 1,
    "Plans": [
      {
        "Node Type": "Gather",
        "Parent Relationship": "Outer",
        "Parallel Aware": false,
        "Startup Cost": 146389.59,
        "Total Cost": 146389.7,
        "Plan Rows": 1,
        "Plan Width": 8,
        "Actual Startup Time": 533.629,
        "Actual Total Time": 558.641,
        "Actual Rows": 2,
        "Actual Loops": 1,
        "Workers Planned": 1,
        "Workers Launched": 1,
        "Single Copy": false,
        "Plans": [
          {
            "Node Type": "Aggregate",
            "Strategy": "Plain",
            "Partial Mode": "Partial",
            "Parent Relationship": "Outer",
            "Parallel Aware": false,
            "Startup Cost": 145389.59,
            "Total Cost": 145389.6,
            "Plan Rows": 1,
            "Plan Width": 8,
            "Actual Startup Time": 527.561,
            "Actual Total Time": 527.565,
            "Actual Rows": 1,
            "Actual Loops": 2,
            "Plans": [
              {
                "Node Type": "Nested Loop",
                "Parent Relationship": "Outer",
                "Parallel Aware": false,
                "Join Type": "Inner",
                "Startup Cost": 58652.2,
                "Total Cost": 145372.4,
                "Plan Rows": 6876,
                "Plan Width": 0,
                "Actual Startup Time": 149.448,
                "Actual Total Time": 526.657,
                "Actual Rows": 15937,
                "Actual Loops": 2,
                "Inner Unique": false,
                "Join Filter": "(t.id = mc.movie_id)",
                "Rows Removed by Join Filter": 0,
                "Plans": [
                  {
                    "Node Type": "Hash Join",
                    "Parent Relationship": "Outer",
                    "Parallel Aware": true,
                    "Join Type": "Inner",
                    "Startup Cost": 58651.77,
                    "Total Cost": 116702.61,
                    "Plan Rows": 49428,
                    "Plan Width": 8,
                    "Actual Startup Time": 149.325,
                    "Actual Total Time": 456.848,
                    "Actual Rows": 32310,
                    "Actual Loops": 2,
                    "Inner Unique": true,
                    "Hash Cond": "(mk.movie_id = t.id)",
                    "Plans": [
                      {
                        "Node Type": "Seq Scan",
                        "Parent Relationship": "Outer",
                        "Parallel Aware": true,
                        "Relation Name": "movie_keyword",
                        "Alias": "mk",
                        "Startup Cost": 0.0,
                        "Total Cost": 51065.35,
                        "Plan Rows": 2661135,
                        "Plan Width": 4,
                        "Actual Startup Time": 0.013,
                        "Actual Total Time": 150.053,
                        "Actual Rows": 2261965,
                        "Actual Loops": 2
                      },
                      {
                        "Node Type": "Hash",
                        "Parent Relationship": "Inner",
                        "Parallel Aware": true,
                        "Startup Cost": 58306.47,
                        "Total Cost": 58306.47,
                        "Plan Rows": 27624,
                        "Plan Width": 4,
                        "Actual Startup Time": 147.808,
                        "Actual Total Time": 147.809,
                        "Actual Rows": 26968,
                        "Actual Loops": 2,
                        "Hash Buckets": 65536,
                        "Original Hash Buckets": 65536,
                        "Hash Batches": 1,
                        "Original Hash Batches": 1,
                        "Peak Memory Usage": 2656,
                        "Plans": [
                          {
                            "Node Type": "Seq Scan",
                            "Parent Relationship": "Outer",
                            "Parallel Aware": true,
                            "Relation Name": "title",
                            "Alias": "t",
                            "Startup Cost": 0.0,
                            "Total Cost": 58306.47,
                            "Plan Rows": 27624,
                            "Plan Width": 4,
                            "Actual Startup Time": 0.075,
                            "Actual Total Time": 139.855,
                            "Actual Rows": 26968,
                            "Actual Loops": 2,
                            "Filter": "((kind_id > 2) AND (production_year = 2003))",
                            "Rows Removed by Filter": 1237188
                          }
                        ]
                      }
                    ]
                  },
                  {
                    "Node Type": "Index Scan",
                    "Parent Relationship": "Inner",
                    "Parallel Aware": false,
                    "Scan Direction": "Forward",
                    "Index Name": "movie_id_movie_companies",
                    "Relation Name": "movie_companies",
                    "Alias": "mc",
                    "Startup Cost": 0.43,
                    "Total Cost": 0.57,
                    "Plan Rows": 1,
                    "Plan Width": 4,
                    "Actual Startup Time": 0.002,
                    "Actual Total Time": 0.002,
                    "Actual Rows": 0,
                    "Actual Loops": 64619,
                    "Index Cond": "(movie_id = mk.movie_id)",
                    "Rows Removed by Index Recheck": 0,
                    "Filter": "((company_id > 44170) AND (company_type_id > 1))",
                    "Rows Removed by Filter": 2
                  }
                ]
              }
            ]
          }
        ]
      }
    ]
  },
  "Planning Time": 1.029,
  "Triggers": [],
  "Execution Time": 558.736
}