[
  {
    "Plan": {
      "Node Type": "Aggregate",
      "Strategy": "Plain",
      "Partial Mode": "Finalize",
      "Parallel Aware": false,
      "Startup Cost": 31375.03,
      "Total Cost": 31375.04,
      "Plan Rows": 1,
      "Plan Width": 8,
      "Actual Startup Time": 96.281,
      "Actual Total Time": 104.482,
      "Actual Rows": 1,
      "Actual Loops": 1,
      "Plans": [
        {
          "Node Type": "Gather",
          "Parent Relationship": "Outer",
          "Parallel Aware": false,
          "Startup Cost": 31374.71,
          "Total Cost": 31375.02,
          "Plan Rows": 3,
          "Plan Width": 8,
          "Actual Startup Time": 96.163,
          "Actual Total Time": 104.472,
          "Actual Rows": 4,
          "Actual Loops": 1,
          "Workers Planned": 3,
          "Workers Launched": 3,
          "Single Copy": false,
          "Plans": [
            {
              "Node Type": "Aggregate",
              "Strategy": "Plain",
              "Partial Mode": "Partial",
              "Parent Relationship": "Outer",
              "Parallel Aware": false,
              "Startup Cost": 30374.71,
              "Total Cost": 30374.72,
              "Plan Rows": 1,
              "Plan Width": 8,
              "Actual Startup Time": 91.892,
              "Actual Total Time": 91.893,
              "Actual Rows": 1,
              "Actual Loops": 4,
              "Plans": [
                {
                  "Node Type": "Seq Scan",
                  "Parent Relationship": "Outer",
                  "Parallel Aware": true,
                  "Relation Name": "movie_companies",
                  "Alias": "mc",
                  "Startup Cost": 0.0,
                  "Total Cost": 29310.68,
                  "Plan Rows": 425612,
                  "Plan Width": 0,
                  "Actual Startup Time": 0.02,
                  "Actual Total Time": 74.762,
                  "Actual Rows": 332810,
                  "Actual Loops": 4,
                  "Filter": "(company_id < 11393)",
                  "Rows Removed by Filter": 319472
                }
              ]
            }
          ]
        }
      ]
    },
    "Planning Time": 0.2,
    "Triggers": [],
    "Execution Time": 104.539
  }
]