[
  {
    "Plan": {
      "Node Type": "Aggregate",
      "Strategy": "Plain",
      "Partial Mode": "Finalize",
      "Parallel Aware": false,
      "Startup Cost": 344658.91,
      "Total Cost": 344658.92,
      "Plan Rows": 1,
      "Plan Width": 8,
      "Actual Startup Time": 342.915,
      "Actual Total Time": 388.342,
      "Actual Rows": 1,
      "Actual Loops": 1,
      "Plans": [
        {
          "Node Type": "Gather",
          "Parent Relationship": "Outer",
          "Parallel Aware": false,
          "Startup Cost": 344658.49,
          "Total Cost": 344658.9,
          "Plan Rows": 4,
          "Plan Width": 8,
          "Actual Startup Time": 342.758,
          "Actual Total Time": 388.334,
          "Actual Rows": 5,
          "Actual Loops": 1,
          "Workers Planned": 4,
          "Workers Launched": 4,
          "Single Copy": false,
          "Plans": [
            {
              "Node Type": "Aggregate",
              "Strategy": "Plain",
              "Partial Mode": "Partial",
              "Parent Relationship": "Outer",
              "Parallel Aware": false,
              "Startup Cost": 343658.49,
              "Total Cost": 343658.5,
              "Plan Rows": 1,
              "Plan Width": 8,
              "Actual Startup Time": 334.46,
              "Actual Total Time": 334.461,
              "Actual Rows": 1,
              "Actual Loops": 5,
              "Plans": [
                {
                  "Node Type": "Nested Loop",
                  "Parent Relationship": "Outer",
                  "Parallel Aware": false,
                  "Join Type": "Inner",
                  "Startup Cost": 0.56,
                  "Total Cost": 343512.35,
                  "Plan Rows": 58455,
                  "Plan Width": 0,
                  "Actual Startup Time": 54.451,
                  "Actual Total Time": 331.941,
                  "Actual Rows": 31558,
                  "Actual Loops": 5,
                  "Inner Unique": false,
                  "Plans": [
                    {
                      "Node Type": "Seq Scan",
                      "Parent Relationship": "Outer",
                      "Parallel Aware": true,
                      "Relation Name": "title",
                      "Alias": "t",
                      "Startup Cost": 0.0,
                      "Total Cost": 45479.59,
                      "Plan Rows": 9218,
                      "Plan Width": 4,
                      "Actual Startup Time": 54.234,
                      "Actual Total Time": 85.226,
                      "Actual Rows": 19715,
                      "Actual Loops": 5,
                      "Filter": "((kind_id < 7) AND (production_year < 1924))",
                      "Rows Removed by Filter": 485947
                    },
                    {
                      "Node Type": "Index Scan",
                      "Parent Relationship": "Inner",
                      "Parallel Aware": false,
                      "Scan Direction": "Forward",
                      "Index Name": "movie_id_cast_info",
                      "Relation Name": "cast_info",
                      "Alias": "ci",
                      "Startup Cost": 0.56,
                      "Total Cost": 32.18,
                      "Plan Rows": 15,
                      "Plan Width": 4,
                      "Actual Startup Time": 0.01,
                      "Actual Total Time": 0.012,
                      "Actual Rows": 2,
                      "Actual Loops": 98576,
                      "Index Cond": "(movie_id = t.id)",
                      "Rows Removed by Index Recheck": 0,
                      "Filter": "(role_id > 2)",
                      "Rows Removed by Filter": 3
                    }
                  ]
                }
              ]
            }
          ]
        }
      ]
    },
    "Planning Time": 0.204,
    "Triggers": [],
    "Execution Time": 388.39
  }
]