[
  {
    "Plan": {
      "Node Type": "Aggregate",
      "Strategy": "Plain",
      "Partial Mode": "Finalize",
      "Parallel Aware": false,
      "Startup Cost": 96275.33,
      "Total Cost": 96275.34,
      "Plan Rows": 1,
      "Plan Width": 8,
      "Actual Startup Time": 379.726,
      "Actual Total Time": 394.755,
      "Actual Rows": 1,
      "Actual Loops": 1,
      "Plans": [
        {
          "Node Type": "Gather",
          "Parent Relationship": "Outer",
          "Parallel Aware": false,
          "Startup Cost": 96275.02,
          "Total Cost": 96275.33,
          "Plan Rows": 3,
          "Plan Width": 8,
          "Actual Startup Time": 374.85,
          "Actual Total Time": 394.746,
          "Actual Rows": 4,
          "Actual Loops": 1,
          "Workers Planned": 3,
          "Workers Launched": 3,
          "Single Copy": false,
          "Plans": [
            {
              "Node Type": "Aggregate",
              "Strategy": "Plain",
              "Partial Mode": "Partial",
              "Parent Relationship": "Outer",
              "Parallel Aware": false,
              "Startup Cost": 95275.02,
              "Total Cost": 95275.03,
              "Plan Rows": 1,
              "Plan Width": 8,
              "Actual Startup Time": 370.605,
              "Actual Total Time": 370.609,
              "Actual Rows": 1,
              "Actual Loops": 4,
              "Plans": [
                {
                  "Node Type": "Hash Join",
                  "Parent Relationship": "Outer",
                  "Parallel Aware": true,
                  "Join Type": "Inner",
                  "Startup Cost": 48007.17,
                  "Total Cost": 94207.33,
                  "Plan Rows": 427074,
                  "Plan Width": 0,
                  "Actual Startup Time": 166.096,
                  "Actual Total Time": 367.203,
                  "Actual Rows": 85586,
                  "Actual Loops": 4,
                  "Inner Unique": true,
                  "Hash Cond": "(mk.movie_id = t.id)",
                  "Plans": [
                    {
                      "Node Type": "Seq Scan",
                      "Parent Relationship": "Outer",
                      "Parallel Aware": true,
                      "Relation Name": "movie_keyword",
                      "Alias": "mk",
                      "Startup Cost": 0.0,
                      "Total Cost": 42695.65,
                      "Plan Rows": 1335045,
                      "Plan Width": 4,
                      "Actual Startup Time": 0.03,
                      "Actual Total Time": 106.309,
                      "Actual Rows": 1034266,
                      "Actual Loops": 4,
                      "Filter": "(keyword_id < 44482)",
                      "Rows Removed by Filter": 96716
                    },
                    {
                      "Node Type": "Hash",
                      "Parent Relationship": "Inner",
                      "Parallel Aware": true,
                      "Startup Cost": 45479.59,
                      "Total Cost": 45479.59,
                      "Plan Rows": 202207,
                      "Plan Width": 4,
                      "Actual Startup Time": 163.491,
                      "Actual Total Time": 163.492,
                      "Actual Rows": 220486,
                      "Actual Loops": 4,
                      "Hash Buckets": 1048576,
                      "Original Hash Buckets": 1048576,
                      "Hash Batches": 1,
                      "Original Hash Batches": 1,
                      "Peak Memory Usage": 42784,
                      "Plans": [
                        {
                          "Node Type": "Seq Scan",
                          "Parent Relationship": "Outer",
                          "Parallel Aware": true,
                          "Relation Name": "title",
                          "Alias": "t",
                          "Startup Cost": 0.0,
                          "Total Cost": 45479.59,
                          "Plan Rows": 202207,
                          "Plan Width": 4,
                          "Actual Startup Time": 0.021,
                          "Actual Total Time": 95.119,
                          "Actual Rows": 220486,
                          "Actual Loops": 4,
                          "Filter": "((production_year > 2001) AND (kind_id = 7))",
                          "Rows Removed by Filter": 411592
                        }
                      ]
                    }
                  ]
                }
              ]
            }
          ]
        }
      ]
    },
    "Planning Time": 0.608,
    "Triggers": [],
    "Execution Time": 394.818
  }
]