[
  {
    "Plan": {
      "Node Type": "Aggregate",
      "Strategy": "Plain",
      "Partial Mode": "Finalize",
      "Parallel Aware": false,
      "Startup Cost": 46552.8,
      "Total Cost": 46552.81,
      "Plan Rows": 1,
      "Plan Width": 8,
      "Actual Startup Time": 166.872,
      "Actual Total Time": 176.615,
      "Actual Rows": 1,
      "Actual Loops": 1,
      "Plans": [
        {
          "Node Type": "Gather",
          "Parent Relationship": "Outer",
          "Parallel Aware": false,
          "Startup Cost": 46552.49,
          "Total Cost": 46552.8,
          "Plan Rows": 3,
          "Plan Width": 8,
          "Actual Startup Time": 166.743,
          "Actual Total Time": 176.606,
          "Actual Rows": 4,
          "Actual Loops": 1,
          "Workers Planned": 3,
          "Workers Launched": 3,
          "Single Copy": false,
          "Plans": [
            {
              "Node Type": "Aggregate",
              "Strategy": "Plain",
              "Partial Mode": "Partial",
              "Parent Relationship": "Outer",
              "Parallel Aware": false,
              "Startup Cost": 45552.49,
              "Total Cost": 45552.5,
              "Plan Rows": 1,
              "Plan Width": 8,
              "Actual Startup Time": 158.201,
              "Actual Total Time": 158.203,
              "Actual Rows": 1,
              "Actual Loops": 4,
              "Plans": [
                {
                  "Node Type": "Seq Scan",
                  "Parent Relationship": "Outer",
                  "Parallel Aware": true,
                  "Relation Name": "movie_keyword",
                  "Alias": "mk",
                  "Startup Cost": 0.0,
                  "Total Cost": 42695.65,
                  "Plan Rows": 1142733,
                  "Plan Width": 0,
                  "Actual Startup Time": 0.142,
                  "Actual Total Time": 119.382,
                  "Actual Rows": 882905,
                  "Actual Loops": 4,
                  "Filter": "(keyword_id > 931)",
                  "Rows Removed by Filter": 248077
                }
              ]
            }
          ]
        }
      ]
    },
    "Planning Time": 0.189,
    "Triggers": [],
    "Execution Time": 176.676
  }
]