[
  {
    "Plan": {
      "Node Type": "Aggregate",
      "Strategy": "Plain",
      "Partial Mode": "Finalize",
      "Parallel Aware": false,
      "Startup Cost": 126743.6,
      "Total Cost": 126743.61,
      "Plan Rows": 1,
      "Plan Width": 8,
      "Actual Startup Time": 540.639,
      "Actual Total Time": 562.782,
      "Actual Rows": 1,
      "Actual Loops": 1,
      "Plans": [
        {
          "Node Type": "Gather",
          "Parent Relationship": "Outer",
          "Parallel Aware": false,
          "Startup Cost": 126743.28,
          "Total Cost": 126743.59,
          "Plan Rows": 3,
          "Plan Width": 8,
          "Actual Startup Time": 535.901,
          "Actual Total Time": 562.769,
          "Actual Rows": 4,
          "Actual Loops": 1,
          "Workers Planned": 3,
          "Workers Launched": 3,
          "Single Copy": false,
          "Plans": [
            {
              "Node Type": "Aggregate",
              "Strategy": "Plain",
              "Partial Mode": "Partial",
              "Parent Relationship": "Outer",
              "Parallel Aware": false,
              "Startup Cost": 125743.28,
              "Total Cost": 125743.29,
              "Plan Rows": 1,
              "Plan Width": 8,
              "Actual Startup Time": 527.115,
              "Actual Total Time": 527.343,
              "Actual Rows": 1,
              "Actual Loops": 4,
              "Plans": [
                {
                  "Node Type": "Hash Join",
                  "Parent Relationship": "Outer",
                  "Parallel Aware": true,
                  "Join Type": "Inner",
                  "Startup Cost": 79116.98,
                  "Total Cost": 125503.81,
                  "Plan Rows": 95789,
                  "Plan Width": 0,
                  "Actual Startup Time": 345.546,
                  "Actual Total Time": 522.844,
                  "Actual Rows": 103733,
                  "Actual Loops": 4,
                  "Inner Unique": false,
                  "Hash Cond": "(mk.movie_id = t.id)",
                  "Plans": [
                    {
                      "Node Type": "Seq Scan",
                      "Parent Relationship": "Outer",
                      "Parallel Aware": true,
                      "Relation Name": "movie_keyword",
                      "Alias": "mk",
                      "Startup Cost": 0.0,
                      "Total Cost": 42695.65,
                      "Plan Rows": 901914,
                      "Plan Width": 4,
                      "Actual Startup Time": 0.233,
                      "Actual Total Time": 114.836,
                      "Actual Rows": 696095,
                      "Actual Loops": 4,
                      "Filter": "(keyword_id > 2839)",
                      "Rows Removed by Filter": 434887
                    },
                    {
                      "Node Type": "Hash",
                      "Parent Relationship": "Inner",
                      "Parallel Aware": true,
                      "Startup Cost": 78034.23,
                      "Total Cost": 78034.23,
                      "Plan Rows": 86620,
                      "Plan Width": 8,
                      "Actual Startup Time": 341.917,
                      "Actual Total Time": 342.143,
                      "Actual Rows": 45653,
                      "Actual Loops": 4,
                      "Hash Buckets": 524288,
                      "Original Hash Buckets": 524288,
                      "Hash Batches": 1,
                      "Original Hash Batches": 1,
                      "Peak Memory Usage": 11328,
                      "Plans": [
                        {
                          "Node Type": "Hash Join",
                          "Parent Relationship": "Outer",
                          "Parallel Aware": true,
                          "Join Type": "Inner",
                          "Startup Cost": 48015.17,
                          "Total Cost": 78034.23,
                          "Plan Rows": 86620,
                          "Plan Width": 8,
                          "Actual Startup Time": 196.579,
                          "Actual Total Time": 324.991,
                          "Actual Rows": 45653,
                          "Actual Loops": 4,
                          "Inner Unique": true,
                          "Hash Cond": "(mc.movie_id = t.id)",
                          "Plans": [
                            {
                              "Node Type": "Seq Scan",
                              "Parent Relationship": "Outer",
                              "Parallel Aware": true,
                              "Relation Name": "movie_companies",
                              "Alias": "mc",
                              "Startup Cost": 0.0,
                              "Total Cost": 29310.68,
                              "Plan Rows": 269856,
                              "Plan Width": 4,
                              "Actual Startup Time": 0.026,
                              "Actual Total Time": 66.132,
                              "Actual Rows": 208038,
                              "Actual Loops": 4,
                              "Filter": "(company_id < 2075)",
                              "Rows Removed by Filter": 444245
                            },
                            {
                              "Node Type": "Hash",
                              "Parent Relationship": "Inner",
                              "Parallel Aware": true,
                              "Startup Cost": 45479.1,
                              "Total Cost": 45479.1,
                              "Plan Rows": 202886,
                              "Plan Width": 4,
                              "Actual Startup Time": 193.346,
                              "Actual Total Time": 193.347,
                              "Actual Rows": 220486,
                              "Actual Loops": 4,
                              "Hash Buckets": 1048576,
                              "Original Hash Buckets": 1048576,
                              "Hash Batches": 1,
                              "Original Hash Batches": 1,
                              "Peak Memory Usage": 42752,
                              "Plans": [
                                {
                                  "Node Type": "Seq Scan",
                                  "Parent Relationship": "Outer",
                                  "Parallel Aware": true,
                                  "Relation Name": "title",
                                  "Alias": "t",
                                  "Startup Cost": 0.0,
                                  "Total Cost": 45479.1,
                                  "Plan Rows": 202886,
                                  "Plan Width": 4,
                                  "Actual Startup Time": 0.044,
                                  "Actual Total Time": 110.097,
                                  "Actual Rows": 220486,
                                  "Actual Loops": 4,
                                  "Filter": "((production_year > 2001) AND (kind_id = 7))",
                                  "Rows Removed by Filter": 411592
                                }
                              ]
                            }
                          ]
                        }
                      ]
                    }
                  ]
                }
              ]
            }
          ]
        }
      ]
    },
    "Planning Time": 1.464,
    "Triggers": [],
    "Execution Time": 562.868
  }
]