{
  "Plan": {
    "Node Type": "Aggregate",
    "Strategy": "Plain",
    "Partial Mode": "Finalize",
    "Parallel Aware": false,
    "Startup Cost": 87575.94,
    "Total Cost": 87575.95,
    "Plan Rows": 1,
    "Plan Width": 8,
    "Actual Startup Time": 159.398,
    "Actual Total Time": 175.326,
    "Actual Rows": 1,
    "Actual Loops": 1,
    "Plans": [
      {
        "Node Type": "Gather",
        "Parent Relationship": "Outer",
        "Parallel Aware": false,
        "Startup Cost": 87575.83,
        "Total Cost": 87575.94,
        "Plan Rows": 1,
        "Plan Width": 8,
        "Actual Startup Time": 159.274,
        "Actual Total Time": 175.32,
        "Actual Rows": 2,
        "Actual Loops": 1,
        "Workers Planned": 1,
        "Workers Launched": 1,
        "Single Copy": false,
        "Plans": [
          {
            "Node Type": "Aggregate",
            "Strategy": "Plain",
            "Partial Mode": "Partial",
            "Parent Relationship": "Outer",
            "Parallel Aware": false,
            "Startup Cost": 86575.83,
            "Total Cost": 86575.84,
            "Plan Rows": 1,
            "Plan Width": 8,
            "Actual Startup Time": 155.313,
            "Actual Total Time": 155.315,
            "Actual Rows": 1,
            "Actual Loops": 2,
            "Plans": [
              {
                "Node Type": "Nested Loop",
                "Parent Relationship": "Outer",
                "Parallel Aware": false,
                "Join Type": "Inner",
                "Startup Cost": 0.43,
                "Total Cost": 86575.52,
                "Plan Rows": 124,
                "Plan Width": 0,
                "Actual Startup Time": 10.872,
                "Actual Total Time": 155.262,
                "Actual Rows": 255,
                "Actual Loops": 2,
                "Inner Unique": false,
                "Plans": [
                  {
                    "Node Type": "Seq Scan",
                    "Parent Relationship": "Outer",
                    "Parallel Aware": true,
                    "Relation Name": "title",
                    "Alias": "t",
                    "Startup Cost": 0.0,
                    "Total Cost": 58306.47,
                    "Plan Rows": 1769,
                    "Plan Width": 4,
                    "Actual Startup Time": 7.532,
                    "Actual Total Time": 138.944,
                    "Actual Rows": 1823,
                    "Actual Loops": 2,
                    "Filter": "((kind_id < 7) AND (production_year = 1957))",
                    "Rows Removed by Filter": 1262333
                  },
                  {
                    "Node Type": "Index Scan",
                    "Parent Relationship": "Inner",
                    "Parallel Aware": false,
                    "Scan Direction": "Forward",
                    "Index Name": "movie_id_movie_companies",
                    "Relation Name": "movie_companies",
                    "Alias": "mc",
                    "Startup Cost": 0.43,
                    "Total Cost": 15.97,
                    "Plan Rows": 1,
                    "Plan Width": 4,
                    "Actual Startup Time": 0.008,
                    "Actual Total Time": 0.009,
                    "Actual Rows": 0,
                    "Actual Loops": 3646,
                    "Index Cond": "(movie_id = t.id)",
                    "Rows Removed by Index Recheck": 0,
                    "Filter": "((company_id < 180) AND (company_type_id = 1))",
                    "Rows Removed by Filter": 2
                  }
                ]
              }
            ]
          }
        ]
      }
    ]
  },
  "Planning Time": 0.547,
  "Triggers": [],
  "Execution Time": 175.399
}