{
  "Plan": {
    "Node Type": "Aggregate",
    "Strategy": "Plain",
    "Partial Mode": "Finalize",
    "Parallel Aware": false,
    "Startup Cost": 112180.43,
    "Total Cost": 112180.44,
    "Plan Rows": 1,
    "Plan Width": 8,
    "Actual Startup Time": 551.076,
    "Actual Total Time": 566.857,
    "Actual Rows": 1,
    "Actual Loops": 1,
    "Plans": [
      {
        "Node Type": "Gather",
        "Parent Relationship": "Outer",
        "Parallel Aware": false,
        "Startup Cost": 112180.32,
        "Total Cost": 112180.43,
        "Plan Rows": 1,
        "Plan Width": 8,
        "Actual Startup Time": 549.532,
        "Actual Total Time": 566.847,
        "Actual Rows": 2,
        "Actual Loops": 1,
        "Workers Planned": 1,
        "Workers Launched": 1,
        "Single Copy": false,
        "Plans": [
          {
            "Node Type": "Aggregate",
            "Strategy": "Plain",
            "Partial Mode": "Partial",
            "Parent Relationship": "Outer",
            "Parallel Aware": false,
            "Startup Cost": 111180.32,
            "Total Cost": 111180.33,
            "Plan Rows": 1,
            "Plan Width": 8,
            "Actual Startup Time": 543.995,
            "Actual Total Time": 543.999,
            "Actual Rows": 1,
            "Actual Loops": 2,
            "Plans": [
              {
                "Node Type": "Hash Join",
                "Parent Relationship": "Outer",
                "Parallel Aware": true,
                "Join Type": "Inner",
                "Startup Cost": 47320.61,
                "Total Cost": 110078.54,
                "Plan Rows": 440711,
                "Plan Width": 0,
                "Actual Startup Time": 187.016,
                "Actual Total Time": 534.428,
                "Actual Rows": 235053,
                "Actual Loops": 2,
                "Inner Unique": false,
                "Hash Cond": "(t.id = mc.movie_id)",
                "Plans": [
                  {
                    "Node Type": "Seq Scan",
                    "Parent Relationship": "Outer",
                    "Parallel Aware": true,
                    "Relation Name": "title",
                    "Alias": "t",
                    "Startup Cost": 0.0,
                    "Total Cost": 50870.31,
                    "Plan Rows": 1487231,
                    "Plan Width": 4,
                    "Actual Startup Time": 0.008,
                    "Actual Total Time": 115.331,
                    "Actual Rows": 1264156,
                    "Actual Loops": 2
                  },
                  {
                    "Node Type": "Hash",
                    "Parent Relationship": "Inner",
                    "Parallel Aware": true,
                    "Startup Cost": 41811.73,
                    "Total Cost": 41811.73,
                    "Plan Rows": 440711,
                    "Plan Width": 4,
                    "Actual Startup Time": 177.938,
                    "Actual Total Time": 177.939,
                    "Actual Rows": 235053,
                    "Actual Loops": 2,
                    "Hash Buckets": 1048576,
                    "Original Hash Buckets": 1048576,
                    "Hash Batches": 1,
                    "Original Hash Batches": 1,
                    "Peak Memory Usage": 26624,
                    "Plans": [
                      {
                        "Node Type": "Seq Scan",
                        "Parent Relationship": "Outer",
                        "Parallel Aware": true,
                        "Relation Name": "movie_companies",
                        "Alias": "mc",
                        "Startup Cost": 0.0,
                        "Total Cost": 41811.73,
                        "Plan Rows": 440711,
                        "Plan Width": 4,
                        "Actual Startup Time": 66.317,
                        "Actual Total Time": 124.431,
                        "Actual Rows": 235053,
                        "Actual Loops": 2,
                        "Filter": "((company_id < 13411) AND (company_type_id > 1))",
                        "Rows Removed by Filter": 1069512
                      }
                    ]
                  }
                ]
              }
            ]
          }
        ]
      }
    ]
  },
  "Planning Time": 0.734,
  "Triggers": [],
  "Execution Time": 566.925
}