{
    "Plan": {
        "Node Type": "Aggregate",
        "Strategy": "Plain",
        "Partial Mode": "Finalize",
        "Parallel Aware": false,
        "Startup Cost": 254114.3,
        "Total Cost": 254114.31,
        "Plan Rows": 1,
        "Plan Width": 8,
        "Actual Startup Time": 987.015,
        "Actual Total Time": 1029.438,
        "Actual Rows": 1,
        "Actual Loops": 1,
        "Output": [
            "count(*)"
        ],
        "Plans": [
            {
                "Node Type": "Gather",
                "Parent Relationship": "Outer",
                "Parallel Aware": false,
                "Startup Cost": 254113.78,
                "Total Cost": 254114.29,
                "Plan Rows": 5,
                "Plan Width": 8,
                "Actual Startup Time": 981.655,
                "Actual Total Time": 1029.426,
                "Actual Rows": 6,
                "Actual Loops": 1,
                "Output": [
                    "(PARTIAL count(*))"
                ],
                "Workers Planned": 5,
                "Workers Launched": 5,
                "Single Copy": false,
                "Plans": [
                    {
                        "Node Type": "Aggregate",
                        "Strategy": "Plain",
                        "Partial Mode": "Partial",
                        "Parent Relationship": "Outer",
                        "Parallel Aware": false,
                        "Startup Cost": 253113.78,
                        "Total Cost": 253113.79,
                        "Plan Rows": 1,
                        "Plan Width": 8,
                        "Actual Startup Time": 970.96,
                        "Actual Total Time": 970.963,
                        "Actual Rows": 1,
                        "Actual Loops": 6,
                        "Output": [
                            "PARTIAL count(*)"
                        ],
                        "Workers": [
                            {
                                "Worker Number": 0,
                                "Actual Startup Time": 969.136,
                                "Actual Total Time": 969.14,
                                "Actual Rows": 1,
                                "Actual Loops": 1
                            },
                            {
                                "Worker Number": 1,
                                "Actual Startup Time": 968.951,
                                "Actual Total Time": 968.954,
                                "Actual Rows": 1,
                                "Actual Loops": 1
                            },
                            {
                                "Worker Number": 2,
                                "Actual Startup Time": 968.962,
                                "Actual Total Time": 968.965,
                                "Actual Rows": 1,
                                "Actual Loops": 1
                            },
                            {
                                "Worker Number": 3,
                                "Actual Startup Time": 968.974,
                                "Actual Total Time": 968.976,
                                "Actual Rows": 1,
                                "Actual Loops": 1
                            },
                            {
                                "Worker Number": 4,
                                "Actual Startup Time": 968.999,
                                "Actual Total Time": 969.002,
                                "Actual Rows": 1,
                                "Actual Loops": 1
                            }
                        ],
                        "Plans": [
                            {
                                "Node Type": "Hash Join",
                                "Parent Relationship": "Outer",
                                "Parallel Aware": true,
                                "Join Type": "Inner",
                                "Startup Cost": 45996.98,
                                "Total Cost": 251451.38,
                                "Plan Rows": 664961,
                                "Plan Width": 0,
                                "Actual Startup Time": 142.701,
                                "Actual Total Time": 926.22,
                                "Actual Rows": 1125856,
                                "Actual Loops": 6,
                                "Inner Unique": true,
                                "Hash Cond": "(mi.movie_id = t.id)",
                                "Workers": [
                                    {
                                        "Worker Number": 0,
                                        "Actual Startup Time": 140.472,
                                        "Actual Total Time": 926.267,
                                        "Actual Rows": 1082730,
                                        "Actual Loops": 1
                                    },
                                    {
                                        "Worker Number": 1,
                                        "Actual Startup Time": 140.814,
                                        "Actual Total Time": 925.357,
                                        "Actual Rows": 1130255,
                                        "Actual Loops": 1
                                    },
                                    {
                                        "Worker Number": 2,
                                        "Actual Startup Time": 140.771,
                                        "Actual Total Time": 926.283,
                                        "Actual Rows": 1079249,
                                        "Actual Loops": 1
                                    },
                                    {
                                        "Worker Number": 3,
                                        "Actual Startup Time": 140.763,
                                        "Actual Total Time": 925.445,
                                        "Actual Rows": 1128110,
                                        "Actual Loops": 1
                                    },
                                    {
                                        "Worker Number": 4,
                                        "Actual Startup Time": 140.825,
                                        "Actual Total Time": 925.042,
                                        "Actual Rows": 1138287,
                                        "Actual Loops": 1
                                    }
                                ],
                                "Plans": [
                                    {
                                        "Node Type": "Seq Scan",
                                        "Parent Relationship": "Outer",
                                        "Parallel Aware": true,
                                        "Relation Name": "movie_info",
                                        "Schema": "public",
                                        "Alias": "mi",
                                        "Startup Cost": 0.0,
                                        "Total Cost": 198880.74,
                                        "Plan Rows": 2504246,
                                        "Plan Width": 4,
                                        "Actual Startup Time": 0.03,
                                        "Actual Total Time": 340.755,
                                        "Actual Rows": 2100312,
                                        "Actual Loops": 6,
                                        "Output": [
                                            "mi.id",
                                            "mi.movie_id",
                                            "mi.info_type_id",
                                            "mi.info",
                                            "mi.note"
                                        ],
                                        "Filter": "(mi.info_type_id < 17)",
                                        "Rows Removed by Filter": 372308,
                                        "Workers": [
                                            {
                                                "Worker Number": 0,
                                                "Actual Startup Time": 0.035,
                                                "Actual Total Time": 350.666,
                                                "Actual Rows": 2002133,
                                                "Actual Loops": 1
                                            },
                                            {
                                                "Worker Number": 1,
                                                "Actual Startup Time": 0.032,
                                                "Actual Total Time": 343.176,
                                                "Actual Rows": 2105845,
                                                "Actual Loops": 1
                                            },
                                            {
                                                "Worker Number": 2,
                                                "Actual Startup Time": 0.028,
                                                "Actual Total Time": 350.995,
                                                "Actual Rows": 2005750,
                                                "Actual Loops": 1
                                            },
                                            {
                                                "Worker Number": 3,
                                                "Actual Startup Time": 0.038,
                                                "Actual Total Time": 343.689,
                                                "Actual Rows": 2104981,
                                                "Actual Loops": 1
                                            },
                                            {
                                                "Worker Number": 4,
                                                "Actual Startup Time": 0.034,
                                                "Actual Total Time": 344.822,
                                                "Actual Rows": 2119097,
                                                "Actual Loops": 1
                                            }
                                        ]
                                    },
                                    {
                                        "Node Type": "Hash",
                                        "Parent Relationship": "Inner",
                                        "Parallel Aware": true,
                                        "Startup Cost": 43899.01,
                                        "Total Cost": 43899.01,
                                        "Plan Rows": 167838,
                                        "Plan Width": 4,
                                        "Actual Startup Time": 124.894,
                                        "Actual Total Time": 124.895,
                                        "Actual Rows": 110471,
                                        "Actual Loops": 6,
                                        "Output": [
                                            "t.id"
                                        ],
                                        "Hash Buckets": 1048576,
                                        "Original Hash Buckets": 1048576,
                                        "Hash Batches": 1,
                                        "Original Hash Batches": 1,
                                        "Peak Memory Usage": 34208,
                                        "Workers": [
                                            {
                                                "Worker Number": 0,
                                                "Actual Startup Time": 126.006,
                                                "Actual Total Time": 126.007,
                                                "Actual Rows": 104202,
                                                "Actual Loops": 1
                                            },
                                            {
                                                "Worker Number": 1,
                                                "Actual Startup Time": 126.245,
                                                "Actual Total Time": 126.246,
                                                "Actual Rows": 110665,
                                                "Actual Loops": 1
                                            },
                                            {
                                                "Worker Number": 2,
                                                "Actual Startup Time": 126.216,
                                                "Actual Total Time": 126.217,
                                                "Actual Rows": 104643,
                                                "Actual Loops": 1
                                            },
                                            {
                                                "Worker Number": 3,
                                                "Actual Startup Time": 126.253,
                                                "Actual Total Time": 126.254,
                                                "Actual Rows": 110575,
                                                "Actual Loops": 1
                                            },
                                            {
                                                "Worker Number": 4,
                                                "Actual Startup Time": 126.3,
                                                "Actual Total Time": 126.301,
                                                "Actual Rows": 111145,
                                                "Actual Loops": 1
                                            }
                                        ],
                                        "Plans": [
                                            {
                                                "Node Type": "Seq Scan",
                                                "Parent Relationship": "Outer",
                                                "Parallel Aware": true,
                                                "Relation Name": "title",
                                                "Schema": "public",
                                                "Alias": "t",
                                                "Startup Cost": 0.0,
                                                "Total Cost": 43899.01,
                                                "Plan Rows": 167838,
                                                "Plan Width": 4,
                                                "Actual Startup Time": 44.09,
                                                "Actual Total Time": 81.368,
                                                "Actual Rows": 110471,
                                                "Actual Loops": 6,
                                                "Output": [
                                                    "t.id"
                                                ],
                                                "Filter": "(t.kind_id = 1)",
                                                "Rows Removed by Filter": 310914,
                                                "Workers": [
                                                    {
                                                        "Worker Number": 0,
                                                        "Actual Startup Time": 51.519,
                                                        "Actual Total Time": 82.211,
                                                        "Actual Rows": 104202,
                                                        "Actual Loops": 1
                                                    },
                                                    {
                                                        "Worker Number": 1,
                                                        "Actual Startup Time": 51.504,
                                                        "Actual Total Time": 81.447,
                                                        "Actual Rows": 110665,
                                                        "Actual Loops": 1
                                                    },
                                                    {
                                                        "Worker Number": 2,
                                                        "Actual Startup Time": 51.607,
                                                        "Actual Total Time": 82.114,
                                                        "Actual Rows": 104643,
                                                        "Actual Loops": 1
                                                    },
                                                    {
                                                        "Worker Number": 3,
                                                        "Actual Startup Time": 51.531,
                                                        "Actual Total Time": 81.48,
                                                        "Actual Rows": 110575,
                                                        "Actual Loops": 1
                                                    },
                                                    {
                                                        "Worker Number": 4,
                                                        "Actual Startup Time": 51.591,
                                                        "Actual Total Time": 81.54,
                                                        "Actual Rows": 111145,
                                                        "Actual Loops": 1
                                                    }
                                                ]
                                            }
                                        ]
                                    }
                                ]
                            }
                        ]
                    }
                ]
            }
        ]
    },
    "Planning Time": 0.79,
    "Triggers": [],
    "Execution Time": 1029.528
}