{
    "Plan": {
        "Node Type": "Aggregate",
        "Strategy": "Plain",
        "Partial Mode": "Finalize",
        "Parallel Aware": false,
        "Startup Cost": 440565.49,
        "Total Cost": 440565.5,
        "Plan Rows": 1,
        "Plan Width": 8,
        "Actual Startup Time": 1334.968,
        "Actual Total Time": 1384.608,
        "Actual Rows": 1,
        "Actual Loops": 1,
        "Output": [
            "count(*)"
        ],
        "Plans": [
            {
                "Node Type": "Gather",
                "Parent Relationship": "Outer",
                "Parallel Aware": false,
                "Startup Cost": 440565.17,
                "Total Cost": 440565.48,
                "Plan Rows": 3,
                "Plan Width": 8,
                "Actual Startup Time": 1326.067,
                "Actual Total Time": 1384.586,
                "Actual Rows": 4,
                "Actual Loops": 1,
                "Output": [
                    "(PARTIAL count(*))"
                ],
                "Workers Planned": 3,
                "Workers Launched": 3,
                "Single Copy": false,
                "Plans": [
                    {
                        "Node Type": "Aggregate",
                        "Strategy": "Plain",
                        "Partial Mode": "Partial",
                        "Parent Relationship": "Outer",
                        "Parallel Aware": false,
                        "Startup Cost": 439565.17,
                        "Total Cost": 439565.18,
                        "Plan Rows": 1,
                        "Plan Width": 8,
                        "Actual Startup Time": 1316.98,
                        "Actual Total Time": 1317.872,
                        "Actual Rows": 1,
                        "Actual Loops": 4,
                        "Output": [
                            "PARTIAL count(*)"
                        ],
                        "Workers": [
                            {
                                "Worker Number": 0,
                                "Actual Startup Time": 1315.512,
                                "Actual Total Time": 1315.517,
                                "Actual Rows": 1,
                                "Actual Loops": 1
                            },
                            {
                                "Worker Number": 1,
                                "Actual Startup Time": 1313.557,
                                "Actual Total Time": 1313.561,
                                "Actual Rows": 1,
                                "Actual Loops": 1
                            },
                            {
                                "Worker Number": 2,
                                "Actual Startup Time": 1313.578,
                                "Actual Total Time": 1313.582,
                                "Actual Rows": 1,
                                "Actual Loops": 1
                            }
                        ],
                        "Plans": [
                            {
                                "Node Type": "Hash Join",
                                "Parent Relationship": "Outer",
                                "Parallel Aware": true,
                                "Join Type": "Inner",
                                "Startup Cost": 395426.65,
                                "Total Cost": 439369.39,
                                "Plan Rows": 78311,
                                "Plan Width": 0,
                                "Actual Startup Time": 1144.893,
                                "Actual Total Time": 1300.544,
                                "Actual Rows": 432962,
                                "Actual Loops": 4,
                                "Inner Unique": false,
                                "Hash Cond": "(mk.movie_id = t.id)",
                                "Workers": [
                                    {
                                        "Worker Number": 0,
                                        "Actual Startup Time": 1141.966,
                                        "Actual Total Time": 1298.765,
                                        "Actual Rows": 416265,
                                        "Actual Loops": 1
                                    },
                                    {
                                        "Worker Number": 1,
                                        "Actual Startup Time": 1141.968,
                                        "Actual Total Time": 1296.811,
                                        "Actual Rows": 416467,
                                        "Actual Loops": 1
                                    },
                                    {
                                        "Worker Number": 2,
                                        "Actual Startup Time": 1141.974,
                                        "Actual Total Time": 1296.659,
                                        "Actual Rows": 421514,
                                        "Actual Loops": 1
                                    }
                                ],
                                "Plans": [
                                    {
                                        "Node Type": "Seq Scan",
                                        "Parent Relationship": "Outer",
                                        "Parallel Aware": true,
                                        "Relation Name": "movie_keyword",
                                        "Schema": "public",
                                        "Alias": "mk",
                                        "Startup Cost": 0.0,
                                        "Total Cost": 42695.65,
                                        "Plan Rows": 280350,
                                        "Plan Width": 4,
                                        "Actual Startup Time": 1.343,
                                        "Actual Total Time": 90.219,
                                        "Actual Rows": 213177,
                                        "Actual Loops": 4,
                                        "Output": [
                                            "mk.id",
                                            "mk.movie_id",
                                            "mk.keyword_id"
                                        ],
                                        "Filter": "(mk.keyword_id > 21544)",
                                        "Rows Removed by Filter": 917806,
                                        "Workers": [
                                            {
                                                "Worker Number": 0,
                                                "Actual Startup Time": 1.669,
                                                "Actual Total Time": 93.467,
                                                "Actual Rows": 206548,
                                                "Actual Loops": 1
                                            },
                                            {
                                                "Worker Number": 1,
                                                "Actual Startup Time": 1.889,
                                                "Actual Total Time": 92.796,
                                                "Actual Rows": 204319,
                                                "Actual Loops": 1
                                            },
                                            {
                                                "Worker Number": 2,
                                                "Actual Startup Time": 0.9,
                                                "Actual Total Time": 91.771,
                                                "Actual Rows": 204967,
                                                "Actual Loops": 1
                                            }
                                        ]
                                    },
                                    {
                                        "Node Type": "Hash",
                                        "Parent Relationship": "Inner",
                                        "Parallel Aware": true,
                                        "Startup Cost": 393219.64,
                                        "Total Cost": 393219.64,
                                        "Plan Rows": 176561,
                                        "Plan Width": 8,
                                        "Actual Startup Time": 1137.703,
                                        "Actual Total Time": 1138.593,
                                        "Actual Rows": 362386,
                                        "Actual Loops": 4,
                                        "Output": [
                                            "t.id",
                                            "ci.movie_id"
                                        ],
                                        "Hash Buckets": 2097152,
                                        "Original Hash Buckets": 1048576,
                                        "Hash Batches": 1,
                                        "Original Hash Batches": 1,
                                        "Peak Memory Usage": 81376,
                                        "Workers": [
                                            {
                                                "Worker Number": 0,
                                                "Actual Startup Time": 1139.325,
                                                "Actual Total Time": 1139.328,
                                                "Actual Rows": 363272,
                                                "Actual Loops": 1
                                            },
                                            {
                                                "Worker Number": 1,
                                                "Actual Startup Time": 1139.325,
                                                "Actual Total Time": 1139.328,
                                                "Actual Rows": 349721,
                                                "Actual Loops": 1
                                            },
                                            {
                                                "Worker Number": 2,
                                                "Actual Startup Time": 1139.188,
                                                "Actual Total Time": 1139.191,
                                                "Actual Rows": 356011,
                                                "Actual Loops": 1
                                            }
                                        ],
                                        "Plans": [
                                            {
                                                "Node Type": "Hash Join",
                                                "Parent Relationship": "Outer",
                                                "Parallel Aware": true,
                                                "Join Type": "Inner",
                                                "Startup Cost": 344285.76,
                                                "Total Cost": 393219.64,
                                                "Plan Rows": 176561,
                                                "Plan Width": 8,
                                                "Actual Startup Time": 647.802,
                                                "Actual Total Time": 1008.661,
                                                "Actual Rows": 362386,
                                                "Actual Loops": 4,
                                                "Output": [
                                                    "t.id",
                                                    "ci.movie_id"
                                                ],
                                                "Inner Unique": false,
                                                "Hash Cond": "(t.id = ci.movie_id)",
                                                "Workers": [
                                                    {
                                                        "Worker Number": 0,
                                                        "Actual Startup Time": 647.791,
                                                        "Actual Total Time": 1008.591,
                                                        "Actual Rows": 363272,
                                                        "Actual Loops": 1
                                                    },
                                                    {
                                                        "Worker Number": 1,
                                                        "Actual Startup Time": 647.746,
                                                        "Actual Total Time": 1009.088,
                                                        "Actual Rows": 349721,
                                                        "Actual Loops": 1
                                                    },
                                                    {
                                                        "Worker Number": 2,
                                                        "Actual Startup Time": 647.771,
                                                        "Actual Total Time": 1008.811,
                                                        "Actual Rows": 356011,
                                                        "Actual Loops": 1
                                                    }
                                                ],
                                                "Plans": [
                                                    {
                                                        "Node Type": "Seq Scan",
                                                        "Parent Relationship": "Outer",
                                                        "Parallel Aware": true,
                                                        "Relation Name": "title",
                                                        "Schema": "public",
                                                        "Alias": "t",
                                                        "Startup Cost": 0.0,
                                                        "Total Cost": 42318.81,
                                                        "Plan Rows": 632080,
                                                        "Plan Width": 4,
                                                        "Actual Startup Time": 0.017,
                                                        "Actual Total Time": 77.108,
                                                        "Actual Rows": 632078,
                                                        "Actual Loops": 4,
                                                        "Output": [
                                                            "t.id",
                                                            "t.title",
                                                            "t.imdb_index",
                                                            "t.kind_id",
                                                            "t.production_year",
                                                            "t.imdb_id",
                                                            "t.phonetic_code",
                                                            "t.episode_of_id",
                                                            "t.season_nr",
                                                            "t.episode_nr",
                                                            "t.series_years",
                                                            "t.md5sum"
                                                        ],
                                                        "Workers": [
                                                            {
                                                                "Worker Number": 0,
                                                                "Actual Startup Time": 0.019,
                                                                "Actual Total Time": 82.184,
                                                                "Actual Rows": 631369,
                                                                "Actual Loops": 1
                                                            },
                                                            {
                                                                "Worker Number": 1,
                                                                "Actual Startup Time": 0.024,
                                                                "Actual Total Time": 82.082,
                                                                "Actual Rows": 610955,
                                                                "Actual Loops": 1
                                                            },
                                                            {
                                                                "Worker Number": 2,
                                                                "Actual Startup Time": 0.02,
                                                                "Actual Total Time": 82.356,
                                                                "Actual Rows": 621743,
                                                                "Actual Loops": 1
                                                            }
                                                        ]
                                                    },
                                                    {
                                                        "Node Type": "Hash",
                                                        "Parent Relationship": "Inner",
                                                        "Parallel Aware": true,
                                                        "Startup Cost": 342814.42,
                                                        "Total Cost": 342814.42,
                                                        "Plan Rows": 117707,
                                                        "Plan Width": 4,
                                                        "Actual Startup Time": 645.172,
                                                        "Actual Total Time": 645.173,
                                                        "Actual Rows": 362386,
                                                        "Actual Loops": 4,
                                                        "Output": [
                                                            "ci.movie_id"
                                                        ],
                                                        "Hash Buckets": 2097152,
                                                        "Original Hash Buckets": 1048576,
                                                        "Hash Batches": 1,
                                                        "Original Hash Batches": 1,
                                                        "Peak Memory Usage": 81312,
                                                        "Workers": [
                                                            {
                                                                "Worker Number": 0,
                                                                "Actual Startup Time": 647.721,
                                                                "Actual Total Time": 647.722,
                                                                "Actual Rows": 344285,
                                                                "Actual Loops": 1
                                                            },
                                                            {
                                                                "Worker Number": 1,
                                                                "Actual Startup Time": 647.657,
                                                                "Actual Total Time": 647.658,
                                                                "Actual Rows": 321750,
                                                                "Actual Loops": 1
                                                            },
                                                            {
                                                                "Worker Number": 2,
                                                                "Actual Startup Time": 647.693,
                                                                "Actual Total Time": 647.693,
                                                                "Actual Rows": 336960,
                                                                "Actual Loops": 1
                                                            }
                                                        ],
                                                        "Plans": [
                                                            {
                                                                "Node Type": "Index Scan",
                                                                "Parent Relationship": "Outer",
                                                                "Parallel Aware": true,
                                                                "Scan Direction": "Forward",
                                                                "Index Name": "role_id_cast_info",
                                                                "Relation Name": "cast_info",
                                                                "Schema": "public",
                                                                "Alias": "ci",
                                                                "Startup Cost": 0.56,
                                                                "Total Cost": 342814.42,
                                                                "Plan Rows": 117707,
                                                                "Plan Width": 4,
                                                                "Actual Startup Time": 0.252,
                                                                "Actual Total Time": 511.468,
                                                                "Actual Rows": 362386,
                                                                "Actual Loops": 4,
                                                                "Output": [
                                                                    "ci.movie_id"
                                                                ],
                                                                "Index Cond": "(ci.role_id = 1)",
                                                                "Rows Removed by Index Recheck": 0,
                                                                "Filter": "(ci.person_id < 198840)",
                                                                "Rows Removed by Filter": 2805286,
                                                                "Workers": [
                                                                    {
                                                                        "Worker Number": 0,
                                                                        "Actual Startup Time": 0.193,
                                                                        "Actual Total Time": 513.983,
                                                                        "Actual Rows": 344285,
                                                                        "Actual Loops": 1
                                                                    },
                                                                    {
                                                                        "Worker Number": 1,
                                                                        "Actual Startup Time": 0.467,
                                                                        "Actual Total Time": 514.397,
                                                                        "Actual Rows": 321750,
                                                                        "Actual Loops": 1
                                                                    },
                                                                    {
                                                                        "Worker Number": 2,
                                                                        "Actual Startup Time": 0.308,
                                                                        "Actual Total Time": 514.88,
                                                                        "Actual Rows": 336960,
                                                                        "Actual Loops": 1
                                                                    }
                                                                ]
                                                            }
                                                        ]
                                                    }
                                                ]
                                            }
                                        ]
                                    }
                                ]
                            }
                        ]
                    }
                ]
            }
        ]
    },
    "Planning Time": 1.608,
    "Triggers": [],
    "Execution Time": 1384.74
}