[
  {
    "Plan": {
      "Node Type": "Aggregate",
      "Strategy": "Plain",
      "Partial Mode": "Finalize",
      "Parallel Aware": false,
      "Startup Cost": 330882.34,
      "Total Cost": 330882.35,
      "Plan Rows": 1,
      "Plan Width": 8,
      "Actual Startup Time": 592.924,
      "Actual Total Time": 647.208,
      "Actual Rows": 1,
      "Actual Loops": 1,
      "Plans": [
        {
          "Node Type": "Gather",
          "Parent Relationship": "Outer",
          "Parallel Aware": false,
          "Startup Cost": 330881.72,
          "Total Cost": 330882.33,
          "Plan Rows": 6,
          "Plan Width": 8,
          "Actual Startup Time": 592.807,
          "Actual Total Time": 647.2,
          "Actual Rows": 7,
          "Actual Loops": 1,
          "Workers Planned": 6,
          "Workers Launched": 6,
          "Single Copy": false,
          "Plans": [
            {
              "Node Type": "Aggregate",
              "Strategy": "Plain",
              "Partial Mode": "Partial",
              "Parent Relationship": "Outer",
              "Parallel Aware": false,
              "Startup Cost": 329881.72,
              "Total Cost": 329881.73,
              "Plan Rows": 1,
              "Plan Width": 8,
              "Actual Startup Time": 585.409,
              "Actual Total Time": 585.41,
              "Actual Rows": 1,
              "Actual Loops": 7,
              "Plans": [
                {
                  "Node Type": "Seq Scan",
                  "Parent Relationship": "Outer",
                  "Parallel Aware": true,
                  "Relation Name": "cast_info",
                  "Alias": "ci",
                  "Startup Cost": 0.0,
                  "Total Cost": 328162.03,
                  "Plan Rows": 687876,
                  "Plan Width": 0,
                  "Actual Startup Time": 422.134,
                  "Actual Total Time": 560.149,
                  "Actual Rows": 560258,
                  "Actual Loops": 7,
                  "Filter": "(person_id > 3340814)",
                  "Rows Removed by Filter": 4617506
                }
              ]
            }
          ]
        }
      ]
    },
    "Planning Time": 0.164,
    "Triggers": [],
    "Execution Time": 647.27
  }
]