{
  "Plan": {
    "Node Type": "Aggregate",
    "Strategy": "Plain",
    "Partial Mode": "Finalize",
    "Parallel Aware": false,
    "Startup Cost": 234287.82,
    "Total Cost": 234287.83,
    "Plan Rows": 1,
    "Plan Width": 8,
    "Actual Startup Time": 330.822,
    "Actual Total Time": 343.307,
    "Actual Rows": 1,
    "Actual Loops": 1,
    "Plans": [
      {
        "Node Type": "Gather",
        "Parent Relationship": "Outer",
        "Parallel Aware": false,
        "Startup Cost": 234287.71,
        "Total Cost": 234287.82,
        "Plan Rows": 1,
        "Plan Width": 8,
        "Actual Startup Time": 328.731,
        "Actual Total Time": 343.299,
        "Actual Rows": 2,
        "Actual Loops": 1,
        "Workers Planned": 1,
        "Workers Launched": 1,
        "Single Copy": false,
        "Plans": [
          {
            "Node Type": "Aggregate",
            "Strategy": "Plain",
            "Partial Mode": "Partial",
            "Parent Relationship": "Outer",
            "Parallel Aware": false,
            "Startup Cost": 233287.71,
            "Total Cost": 233287.72,
            "Plan Rows": 1,
            "Plan Width": 8,
            "Actual Startup Time": 322.849,
            "Actual Total Time": 322.853,
            "Actual Rows": 1,
            "Actual Loops": 2,
            "Plans": [
              {
                "Node Type": "Hash Join",
                "Parent Relationship": "Outer",
                "Parallel Aware": true,
                "Join Type": "Inner",
                "Startup Cost": 66676.31,
                "Total Cost": 233129.09,
                "Plan Rows": 63449,
                "Plan Width": 0,
                "Actual Startup Time": 283.094,
                "Actual Total Time": 321.666,
                "Actual Rows": 25652,
                "Actual Loops": 2,
                "Inner Unique": true,
                "Hash Cond": "(mi.movie_id = t.id)",
                "Plans": [
                  {
                    "Node Type": "Bitmap Heap Scan",
                    "Parent Relationship": "Outer",
                    "Parallel Aware": true,
                    "Relation Name": "movie_info",
                    "Alias": "mi",
                    "Startup Cost": 5618.66,
                    "Total Cost": 171592.82,
                    "Plan Rows": 182332,
                    "Plan Width": 4,
                    "Actual Startup Time": 11.283,
                    "Actual Total Time": 32.0,
                    "Actual Rows": 153394,
                    "Actual Loops": 2,
                    "Recheck Cond": "(info_type_id > 105)",
                    "Rows Removed by Index Recheck": 0,
                    "Exact Heap Blocks": 2938,
                    "Lossy Heap Blocks": 0,
                    "Plans": [
                      {
                        "Node Type": "Bitmap Index Scan",
                        "Parent Relationship": "Outer",
                        "Parallel Aware": false,
                        "Index Name": "info_type_id_movie_info",
                        "Startup Cost": 0.0,
                        "Total Cost": 5541.16,
                        "Plan Rows": 309964,
                        "Plan Width": 0,
                        "Actual Startup Time": 10.543,
                        "Actual Total Time": 10.544,
                        "Actual Rows": 306788,
                        "Actual Loops": 1,
                        "Index Cond": "(info_type_id > 105)"
                      }
                    ]
                  },
                  {
                    "Node Type": "Hash",
                    "Parent Relationship": "Inner",
                    "Parallel Aware": true,
                    "Startup Cost": 54588.39,
                    "Total Cost": 54588.39,
                    "Plan Rows": 517541,
                    "Plan Width": 4,
                    "Actual Startup Time": 262.678,
                    "Actual Total Time": 262.679,
                    "Actual Rows": 442825,
                    "Actual Loops": 2,
                    "Hash Buckets": 1048576,
                    "Original Hash Buckets": 1048576,
                    "Hash Batches": 1,
                    "Original Hash Batches": 1,
                    "Peak Memory Usage": 42848,
                    "Plans": [
                      {
                        "Node Type": "Seq Scan",
                        "Parent Relationship": "Outer",
                        "Parallel Aware": true,
                        "Relation Name": "title",
                        "Alias": "t",
                        "Startup Cost": 0.0,
                        "Total Cost": 54588.39,
                        "Plan Rows": 517541,
                        "Plan Width": 4,
                        "Actual Startup Time": 0.034,
                        "Actual Total Time": 154.187,
                        "Actual Rows": 442825,
                        "Actual Loops": 2,
                        "Filter": "(production_year < 1997)",
                        "Rows Removed by Filter": 821331
                      }
                    ]
                  }
                ]
              }
            ]
          }
        ]
      }
    ]
  },
  "Planning Time": 0.628,
  "Triggers": [],
  "Execution Time": 343.392
}