[
  {
    "Plan": {
      "Node Type": "Aggregate",
      "Strategy": "Plain",
      "Partial Mode": "Finalize",
      "Parallel Aware": false,
      "Startup Cost": 67008.42,
      "Total Cost": 67008.43,
      "Plan Rows": 1,
      "Plan Width": 8,
      "Actual Startup Time": 150.849,
      "Actual Total Time": 177.197,
      "Actual Rows": 1,
      "Actual Loops": 1,
      "Plans": [
        {
          "Node Type": "Gather",
          "Parent Relationship": "Outer",
          "Parallel Aware": false,
          "Startup Cost": 67008.0,
          "Total Cost": 67008.41,
          "Plan Rows": 4,
          "Plan Width": 8,
          "Actual Startup Time": 150.527,
          "Actual Total Time": 177.181,
          "Actual Rows": 5,
          "Actual Loops": 1,
          "Workers Planned": 4,
          "Workers Launched": 4,
          "Single Copy": false,
          "Plans": [
            {
              "Node Type": "Aggregate",
              "Strategy": "Plain",
              "Partial Mode": "Partial",
              "Parent Relationship": "Outer",
              "Parallel Aware": false,
              "Startup Cost": 66008.0,
              "Total Cost": 66008.01,
              "Plan Rows": 1,
              "Plan Width": 8,
              "Actual Startup Time": 146.008,
              "Actual Total Time": 146.011,
              "Actual Rows": 1,
              "Actual Loops": 5,
              "Plans": [
                {
                  "Node Type": "Nested Loop",
                  "Parent Relationship": "Outer",
                  "Parallel Aware": false,
                  "Join Type": "Inner",
                  "Startup Cost": 0.86,
                  "Total Cost": 65988.45,
                  "Plan Rows": 7821,
                  "Plan Width": 0,
                  "Actual Startup Time": 1.532,
                  "Actual Total Time": 142.767,
                  "Actual Rows": 64768,
                  "Actual Loops": 5,
                  "Inner Unique": false,
                  "Join Filter": "(t.id = mi.movie_id)",
                  "Rows Removed by Join Filter": 0,
                  "Plans": [
                    {
                      "Node Type": "Nested Loop",
                      "Parent Relationship": "Outer",
                      "Parallel Aware": false,
                      "Join Type": "Inner",
                      "Startup Cost": 0.43,
                      "Total Cost": 63329.2,
                      "Plan Rows": 1332,
                      "Plan Width": 8,
                      "Actual Startup Time": 1.419,
                      "Actual Total Time": 85.79,
                      "Actual Rows": 2379,
                      "Actual Loops": 5,
                      "Inner Unique": false,
                      "Plans": [
                        {
                          "Node Type": "Seq Scan",
                          "Parent Relationship": "Outer",
                          "Parallel Aware": true,
                          "Relation Name": "title",
                          "Alias": "t",
                          "Startup Cost": 0.0,
                          "Total Cost": 45479.59,
                          "Plan Rows": 1291,
                          "Plan Width": 4,
                          "Actual Startup Time": 1.028,
                          "Actual Total Time": 71.251,
                          "Actual Rows": 1198,
                          "Actual Loops": 5,
                          "Filter": "((kind_id < 7) AND (production_year = 1972))",
                          "Rows Removed by Filter": 504465
                        },
                        {
                          "Node Type": "Index Only Scan",
                          "Parent Relationship": "Inner",
                          "Parallel Aware": false,
                          "Scan Direction": "Forward",
                          "Index Name": "movie_id_movie_companies",
                          "Relation Name": "movie_companies",
                          "Alias": "mc",
                          "Startup Cost": 0.43,
                          "Total Cost": 13.78,
                          "Plan Rows": 5,
                          "Plan Width": 4,
                          "Actual Startup Time": 0.01,
                          "Actual Total Time": 0.011,
                          "Actual Rows": 2,
                          "Actual Loops": 5989,
                          "Index Cond": "(movie_id = t.id)",
                          "Rows Removed by Index Recheck": 0,
                          "Heap Fetches": 11897
                        }
                      ]
                    },
                    {
                      "Node Type": "Index Only Scan",
                      "Parent Relationship": "Inner",
                      "Parallel Aware": false,
                      "Scan Direction": "Forward",
                      "Index Name": "movie_id_movie_info",
                      "Relation Name": "movie_info",
                      "Alias": "mi",
                      "Startup Cost": 0.43,
                      "Total Cost": 1.48,
                      "Plan Rows": 41,
                      "Plan Width": 4,
                      "Actual Startup Time": 0.007,
                      "Actual Total Time": 0.021,
                      "Actual Rows": 27,
                      "Actual Loops": 11897,
                      "Index Cond": "(movie_id = mc.movie_id)",
                      "Rows Removed by Index Recheck": 0,
                      "Heap Fetches": 323842
                    }
                  ]
                }
              ]
            }
          ]
        }
      ]
    },
    "Planning Time": 0.851,
    "Triggers": [],
    "Execution Time": 177.258
  }
]