[
    {
        "Bao": {
            "Bao prediction": "NaN",
            "Bao recommended hint": "(no hint)"
        }
    },
    {
        "Plan": {
            "Node Type": "Aggregate",
            "Strategy": "Plain",
            "Partial Mode": "Finalize",
            "Parallel Aware": false,
            "Startup Cost": 47545.9,
            "Total Cost": 47545.91,
            "Plan Rows": 1,
            "Plan Width": 8,
            "Actual Startup Time": 122.918,
            "Actual Total Time": 130.837,
            "Actual Rows": 1,
            "Actual Loops": 1,
            "Output": [
                "count(*)"
            ],
            "Plans": [
                {
                    "Node Type": "Gather",
                    "Parent Relationship": "Outer",
                    "Parallel Aware": false,
                    "Startup Cost": 47545.48,
                    "Total Cost": 47545.89,
                    "Plan Rows": 4,
                    "Plan Width": 8,
                    "Actual Startup Time": 122.763,
                    "Actual Total Time": 130.827,
                    "Actual Rows": 5,
                    "Actual Loops": 1,
                    "Output": [
                        "(PARTIAL count(*))"
                    ],
                    "Workers Planned": 4,
                    "Workers Launched": 4,
                    "Single Copy": false,
                    "Plans": [
                        {
                            "Node Type": "Aggregate",
                            "Strategy": "Plain",
                            "Partial Mode": "Partial",
                            "Parent Relationship": "Outer",
                            "Parallel Aware": false,
                            "Startup Cost": 46545.48,
                            "Total Cost": 46545.49,
                            "Plan Rows": 1,
                            "Plan Width": 8,
                            "Actual Startup Time": 113.948,
                            "Actual Total Time": 113.95,
                            "Actual Rows": 1,
                            "Actual Loops": 5,
                            "Output": [
                                "PARTIAL count(*)"
                            ],
                            "Workers": [
                                {
                                    "Worker Number": 0,
                                    "Actual Startup Time": 111.735,
                                    "Actual Total Time": 111.736,
                                    "Actual Rows": 1,
                                    "Actual Loops": 1
                                },
                                {
                                    "Worker Number": 1,
                                    "Actual Startup Time": 111.749,
                                    "Actual Total Time": 111.751,
                                    "Actual Rows": 1,
                                    "Actual Loops": 1
                                },
                                {
                                    "Worker Number": 2,
                                    "Actual Startup Time": 111.806,
                                    "Actual Total Time": 111.807,
                                    "Actual Rows": 1,
                                    "Actual Loops": 1
                                },
                                {
                                    "Worker Number": 3,
                                    "Actual Startup Time": 112.154,
                                    "Actual Total Time": 112.155,
                                    "Actual Rows": 1,
                                    "Actual Loops": 1
                                }
                            ],
                            "Plans": [
                                {
                                    "Node Type": "Seq Scan",
                                    "Parent Relationship": "Outer",
                                    "Parallel Aware": true,
                                    "Relation Name": "title",
                                    "Schema": "public",
                                    "Alias": "t",
                                    "Startup Cost": 0.0,
                                    "Total Cost": 45479.21,
                                    "Plan Rows": 426507,
                                    "Plan Width": 0,
                                    "Actual Startup Time": 0.041,
                                    "Actual Total Time": 92.716,
                                    "Actual Rows": 359975,
                                    "Actual Loops": 5,
                                    "Output": [
                                        "id",
                                        "title",
                                        "imdb_index",
                                        "kind_id",
                                        "production_year",
                                        "imdb_id",
                                        "phonetic_code",
                                        "episode_of_id",
                                        "season_nr",
                                        "episode_nr",
                                        "series_years",
                                        "md5sum"
                                    ],
                                    "Filter": "((t.kind_id > 1) AND (t.production_year > 1936))",
                                    "Rows Removed by Filter": 145687,
                                    "Workers": [
                                        {
                                            "Worker Number": 0,
                                            "Actual Startup Time": 0.037,
                                            "Actual Total Time": 91.724,
                                            "Actual Rows": 259064,
                                            "Actual Loops": 1
                                        },
                                        {
                                            "Worker Number": 1,
                                            "Actual Startup Time": 0.044,
                                            "Actual Total Time": 92.046,
                                            "Actual Rows": 359578,
                                            "Actual Loops": 1
                                        },
                                        {
                                            "Worker Number": 2,
                                            "Actual Startup Time": 0.038,
                                            "Actual Total Time": 92.158,
                                            "Actual Rows": 251799,
                                            "Actual Loops": 1
                                        },
                                        {
                                            "Worker Number": 3,
                                            "Actual Startup Time": 0.068,
                                            "Actual Total Time": 92.323,
                                            "Actual Rows": 359325,
                                            "Actual Loops": 1
                                        }
                                    ]
                                }
                            ]
                        }
                    ]
                }
            ]
        },
        "Planning Time": 254.417,
        "Triggers": [],
        "Execution Time": 130.898
    }
]