[
  {
    "Plan": {
      "Node Type": "Aggregate",
      "Strategy": "Plain",
      "Partial Mode": "Finalize",
      "Parallel Aware": false,
      "Startup Cost": 347904.14,
      "Total Cost": 347904.15,
      "Plan Rows": 1,
      "Plan Width": 8,
      "Actual Startup Time": 634.567,
      "Actual Total Time": 681.184,
      "Actual Rows": 1,
      "Actual Loops": 1,
      "Plans": [
        {
          "Node Type": "Gather",
          "Parent Relationship": "Outer",
          "Parallel Aware": false,
          "Startup Cost": 347903.52,
          "Total Cost": 347904.12,
          "Plan Rows": 6,
          "Plan Width": 8,
          "Actual Startup Time": 634.391,
          "Actual Total Time": 681.176,
          "Actual Rows": 7,
          "Actual Loops": 1,
          "Workers Planned": 6,
          "Workers Launched": 6,
          "Single Copy": false,
          "Plans": [
            {
              "Node Type": "Aggregate",
              "Strategy": "Plain",
              "Partial Mode": "Partial",
              "Parent Relationship": "Outer",
              "Parallel Aware": false,
              "Startup Cost": 346903.52,
              "Total Cost": 346903.53,
              "Plan Rows": 1,
              "Plan Width": 8,
              "Actual Startup Time": 625.951,
              "Actual Total Time": 625.952,
              "Actual Rows": 1,
              "Actual Loops": 7,
              "Plans": [
                {
                  "Node Type": "Seq Scan",
                  "Parent Relationship": "Outer",
                  "Parallel Aware": true,
                  "Relation Name": "cast_info",
                  "Alias": "ci",
                  "Startup Cost": 0.0,
                  "Total Cost": 343316.27,
                  "Plan Rows": 1434898,
                  "Plan Width": 0,
                  "Actual Startup Time": 225.011,
                  "Actual Total Time": 600.373,
                  "Actual Rows": 528807,
                  "Actual Loops": 7,
                  "Filter": "((person_id < 1317620) AND (role_id > 1))",
                  "Rows Removed by Filter": 4648957
                }
              ]
            }
          ]
        }
      ]
    },
    "Planning Time": 0.232,
    "Triggers": [],
    "Execution Time": 681.253
  }
]