[
  {
    "Plan": {
      "Node Type": "Aggregate",
      "Strategy": "Plain",
      "Partial Mode": "Finalize",
      "Parallel Aware": false,
      "Startup Cost": 296031.45,
      "Total Cost": 296031.46,
      "Plan Rows": 1,
      "Plan Width": 8,
      "Actual Startup Time": 1605.318,
      "Actual Total Time": 1647.984,
      "Actual Rows": 1,
      "Actual Loops": 1,
      "Plans": [
        {
          "Node Type": "Gather",
          "Parent Relationship": "Outer",
          "Parallel Aware": false,
          "Startup Cost": 296030.93,
          "Total Cost": 296031.44,
          "Plan Rows": 5,
          "Plan Width": 8,
          "Actual Startup Time": 1592.471,
          "Actual Total Time": 1647.973,
          "Actual Rows": 6,
          "Actual Loops": 1,
          "Workers Planned": 5,
          "Workers Launched": 5,
          "Single Copy": false,
          "Plans": [
            {
              "Node Type": "Aggregate",
              "Strategy": "Plain",
              "Partial Mode": "Partial",
              "Parent Relationship": "Outer",
              "Parallel Aware": false,
              "Startup Cost": 295030.93,
              "Total Cost": 295030.94,
              "Plan Rows": 1,
              "Plan Width": 8,
              "Actual Startup Time": 1581.006,
              "Actual Total Time": 1581.012,
              "Actual Rows": 1,
              "Actual Loops": 6,
              "Plans": [
                {
                  "Node Type": "Hash Join",
                  "Parent Relationship": "Outer",
                  "Parallel Aware": true,
                  "Join Type": "Inner",
                  "Startup Cost": 89162.64,
                  "Total Cost": 293624.92,
                  "Plan Rows": 562403,
                  "Plan Width": 0,
                  "Actual Startup Time": 417.945,
                  "Actual Total Time": 1395.172,
                  "Actual Rows": 4386646,
                  "Actual Loops": 6,
                  "Inner Unique": false,
                  "Hash Cond": "(mi.movie_id = t.id)",
                  "Plans": [
                    {
                      "Node Type": "Seq Scan",
                      "Parent Relationship": "Outer",
                      "Parallel Aware": true,
                      "Relation Name": "movie_info",
                      "Alias": "mi",
                      "Startup Cost": 0.0,
                      "Total Cost": 191560.33,
                      "Plan Rows": 2956733,
                      "Plan Width": 4,
                      "Actual Startup Time": 0.033,
                      "Actual Total Time": 298.73,
                      "Actual Rows": 2472620,
                      "Actual Loops": 6
                    },
                    {
                      "Node Type": "Hash",
                      "Parent Relationship": "Inner",
                      "Parallel Aware": true,
                      "Startup Cost": 87223.49,
                      "Total Cost": 87223.49,
                      "Plan Rows": 155132,
                      "Plan Width": 8,
                      "Actual Startup Time": 414.744,
                      "Actual Total Time": 414.748,
                      "Actual Rows": 78054,
                      "Actual Loops": 6,
                      "Hash Buckets": 524288,
                      "Original Hash Buckets": 524288,
                      "Hash Batches": 1,
                      "Original Hash Batches": 1,
                      "Peak Memory Usage": 22496,
                      "Plans": [
                        {
                          "Node Type": "Hash Join",
                          "Parent Relationship": "Outer",
                          "Parallel Aware": true,
                          "Join Type": "Inner",
                          "Startup Cost": 60423.12,
                          "Total Cost": 87223.49,
                          "Plan Rows": 155132,
                          "Plan Width": 8,
                          "Actual Startup Time": 310.443,
                          "Actual Total Time": 388.89,
                          "Actual Rows": 78054,
                          "Actual Loops": 6,
                          "Inner Unique": true,
                          "Hash Cond": "(mk.movie_id = t.id)",
                          "Plans": [
                            {
                              "Node Type": "Bitmap Heap Scan",
                              "Parent Relationship": "Outer",
                              "Parallel Aware": true,
                              "Relation Name": "movie_keyword",
                              "Alias": "mk",
                              "Startup Cost": 10203.48,
                              "Total Cost": 36596.63,
                              "Plan Rows": 155132,
                              "Plan Width": 4,
                              "Actual Startup Time": 32.27,
                              "Actual Total Time": 78.439,
                              "Actual Rows": 78054,
                              "Actual Loops": 6,
                              "Recheck Cond": "(keyword_id > 37990)",
                              "Rows Removed by Index Recheck": 0,
                              "Exact Heap Blocks": 4499,
                              "Lossy Heap Blocks": 0,
                              "Plans": [
                                {
                                  "Node Type": "Bitmap Index Scan",
                                  "Parent Relationship": "Outer",
                                  "Parallel Aware": false,
                                  "Index Name": "keyword_id_movie_keyword",
                                  "Startup Cost": 0.0,
                                  "Total Cost": 10083.25,
                                  "Plan Rows": 480909,
                                  "Plan Width": 0,
                                  "Actual Startup Time": 28.762,
                                  "Actual Total Time": 28.763,
                                  "Actual Rows": 468321,
                                  "Actual Loops": 1,
                                  "Index Cond": "(keyword_id > 37990)"
                                }
                              ]
                            },
                            {
                              "Node Type": "Hash",
                              "Parent Relationship": "Inner",
                              "Parallel Aware": true,
                              "Startup Cost": 42318.73,
                              "Total Cost": 42318.73,
                              "Plan Rows": 632073,
                              "Plan Width": 4,
                              "Actual Startup Time": 272.474,
                              "Actual Total Time": 272.474,
                              "Actual Rows": 421385,
                              "Actual Loops": 6,
                              "Hash Buckets": 4194304,
                              "Original Hash Buckets": 4194304,
                              "Hash Batches": 1,
                              "Original Hash Batches": 1,
                              "Peak Memory Usage": 131776,
                              "Plans": [
                                {
                                  "Node Type": "Seq Scan",
                                  "Parent Relationship": "Outer",
                                  "Parallel Aware": true,
                                  "Relation Name": "title",
                                  "Alias": "t",
                                  "Startup Cost": 0.0,
                                  "Total Cost": 42318.73,
                                  "Plan Rows": 632073,
                                  "Plan Width": 4,
                                  "Actual Startup Time": 0.059,
                                  "Actual Total Time": 76.654,
                                  "Actual Rows": 421385,
                                  "Actual Loops": 6
                                }
                              ]
                            }
                          ]
                        }
                      ]
                    }
                  ]
                }
              ]
            }
          ]
        }
      ]
    },
    "Planning Time": 1.375,
    "Triggers": [],
    "Execution Time": 1648.109
  }
]