[
  {
    "Plan": {
      "Node Type": "Aggregate",
      "Strategy": "Plain",
      "Partial Mode": "Finalize",
      "Parallel Aware": false,
      "Startup Cost": 80835.39,
      "Total Cost": 80835.4,
      "Plan Rows": 1,
      "Plan Width": 8,
      "Actual Startup Time": 425.34,
      "Actual Total Time": 439.57,
      "Actual Rows": 1,
      "Actual Loops": 1,
      "Plans": [
        {
          "Node Type": "Gather",
          "Parent Relationship": "Outer",
          "Parallel Aware": false,
          "Startup Cost": 80835.07,
          "Total Cost": 80835.38,
          "Plan Rows": 3,
          "Plan Width": 8,
          "Actual Startup Time": 419.179,
          "Actual Total Time": 439.559,
          "Actual Rows": 4,
          "Actual Loops": 1,
          "Workers Planned": 3,
          "Workers Launched": 3,
          "Single Copy": false,
          "Plans": [
            {
              "Node Type": "Aggregate",
              "Strategy": "Plain",
              "Partial Mode": "Partial",
              "Parent Relationship": "Outer",
              "Parallel Aware": false,
              "Startup Cost": 79835.07,
              "Total Cost": 79835.08,
              "Plan Rows": 1,
              "Plan Width": 8,
              "Actual Startup Time": 407.2,
              "Actual Total Time": 407.206,
              "Actual Rows": 1,
              "Actual Loops": 4,
              "Plans": [
                {
                  "Node Type": "Hash Join",
                  "Parent Relationship": "Outer",
                  "Parallel Aware": true,
                  "Join Type": "Inner",
                  "Startup Cost": 54290.88,
                  "Total Cost": 79680.43,
                  "Plan Rows": 61855,
                  "Plan Width": 0,
                  "Actual Startup Time": 349.758,
                  "Actual Total Time": 404.82,
                  "Actual Rows": 49078,
                  "Actual Loops": 4,
                  "Inner Unique": true,
                  "Hash Cond": "(mk.movie_id = t.id)",
                  "Plans": [
                    {
                      "Node Type": "Bitmap Heap Scan",
                      "Parent Relationship": "Outer",
                      "Parallel Aware": true,
                      "Relation Name": "movie_keyword",
                      "Alias": "mk",
                      "Startup Cost": 4070.49,
                      "Total Cost": 29297.68,
                      "Plan Rows": 61855,
                      "Plan Width": 4,
                      "Actual Startup Time": 13.519,
                      "Actual Total Time": 51.095,
                      "Actual Rows": 49078,
                      "Actual Loops": 4,
                      "Recheck Cond": "(keyword_id > 69555)",
                      "Rows Removed by Index Recheck": 0,
                      "Exact Heap Blocks": 6593,
                      "Lossy Heap Blocks": 0,
                      "Plans": [
                        {
                          "Node Type": "Bitmap Index Scan",
                          "Parent Relationship": "Outer",
                          "Parallel Aware": false,
                          "Index Name": "keyword_id_movie_keyword",
                          "Startup Cost": 0.0,
                          "Total Cost": 4022.56,
                          "Plan Rows": 191750,
                          "Plan Width": 0,
                          "Actual Startup Time": 10.657,
                          "Actual Total Time": 10.657,
                          "Actual Rows": 196310,
                          "Actual Loops": 1,
                          "Index Cond": "(keyword_id > 69555)"
                        }
                      ]
                    },
                    {
                      "Node Type": "Hash",
                      "Parent Relationship": "Inner",
                      "Parallel Aware": true,
                      "Startup Cost": 42319.06,
                      "Total Cost": 42319.06,
                      "Plan Rows": 632106,
                      "Plan Width": 4,
                      "Actual Startup Time": 328.361,
                      "Actual Total Time": 328.362,
                      "Actual Rows": 632078,
                      "Actual Loops": 4,
                      "Hash Buckets": 4194304,
                      "Original Hash Buckets": 4194304,
                      "Hash Batches": 1,
                      "Original Hash Batches": 1,
                      "Peak Memory Usage": 131712,
                      "Plans": [
                        {
                          "Node Type": "Seq Scan",
                          "Parent Relationship": "Outer",
                          "Parallel Aware": true,
                          "Relation Name": "title",
                          "Alias": "t",
                          "Startup Cost": 0.0,
                          "Total Cost": 42319.06,
                          "Plan Rows": 632106,
                          "Plan Width": 4,
                          "Actual Startup Time": 0.023,
                          "Actual Total Time": 98.691,
                          "Actual Rows": 632078,
                          "Actual Loops": 4
                        }
                      ]
                    }
                  ]
                }
              ]
            }
          ]
        }
      ]
    },
    "Planning Time": 0.235,
    "Triggers": [],
    "Execution Time": 439.626
  }
]