[
  {
    "Plan": {
      "Node Type": "Aggregate",
      "Strategy": "Plain",
      "Partial Mode": "Finalize",
      "Parallel Aware": false,
      "Startup Cost": 80989.36,
      "Total Cost": 80989.37,
      "Plan Rows": 1,
      "Plan Width": 8,
      "Actual Startup Time": 453.821,
      "Actual Total Time": 470.312,
      "Actual Rows": 1,
      "Actual Loops": 1,
      "Plans": [
        {
          "Node Type": "Gather",
          "Parent Relationship": "Outer",
          "Parallel Aware": false,
          "Startup Cost": 80989.04,
          "Total Cost": 80989.35,
          "Plan Rows": 3,
          "Plan Width": 8,
          "Actual Startup Time": 442.951,
          "Actual Total Time": 470.303,
          "Actual Rows": 4,
          "Actual Loops": 1,
          "Workers Planned": 3,
          "Workers Launched": 3,
          "Single Copy": false,
          "Plans": [
            {
              "Node Type": "Aggregate",
              "Strategy": "Plain",
              "Partial Mode": "Partial",
              "Parent Relationship": "Outer",
              "Parallel Aware": false,
              "Startup Cost": 79989.04,
              "Total Cost": 79989.05,
              "Plan Rows": 1,
              "Plan Width": 8,
              "Actual Startup Time": 424.409,
              "Actual Total Time": 424.413,
              "Actual Rows": 1,
              "Actual Loops": 4,
              "Plans": [
                {
                  "Node Type": "Hash Join",
                  "Parent Relationship": "Outer",
                  "Parallel Aware": true,
                  "Join Type": "Inner",
                  "Startup Cost": 54411.54,
                  "Total Cost": 79829.68,
                  "Plan Rows": 63745,
                  "Plan Width": 0,
                  "Actual Startup Time": 362.419,
                  "Actual Total Time": 421.535,
                  "Actual Rows": 49078,
                  "Actual Loops": 4,
                  "Inner Unique": true,
                  "Hash Cond": "(mk.movie_id = t.id)",
                  "Plans": [
                    {
                      "Node Type": "Bitmap Heap Scan",
                      "Parent Relationship": "Outer",
                      "Parallel Aware": true,
                      "Relation Name": "movie_keyword",
                      "Alias": "mk",
                      "Startup Cost": 4191.89,
                      "Total Cost": 29442.7,
                      "Plan Rows": 63745,
                      "Plan Width": 4,
                      "Actual Startup Time": 14.88,
                      "Actual Total Time": 53.771,
                      "Actual Rows": 49078,
                      "Actual Loops": 4,
                      "Recheck Cond": "(keyword_id > 69555)",
                      "Rows Removed by Index Recheck": 0,
                      "Exact Heap Blocks": 7113,
                      "Lossy Heap Blocks": 0,
                      "Plans": [
                        {
                          "Node Type": "Bitmap Index Scan",
                          "Parent Relationship": "Outer",
                          "Parallel Aware": false,
                          "Index Name": "keyword_id_movie_keyword",
                          "Startup Cost": 0.0,
                          "Total Cost": 4142.49,
                          "Plan Rows": 197608,
                          "Plan Width": 0,
                          "Actual Startup Time": 11.909,
                          "Actual Total Time": 11.91,
                          "Actual Rows": 196310,
                          "Actual Loops": 1,
                          "Index Cond": "(keyword_id > 69555)"
                        }
                      ]
                    },
                    {
                      "Node Type": "Hash",
                      "Parent Relationship": "Inner",
                      "Parallel Aware": true,
                      "Startup Cost": 42318.73,
                      "Total Cost": 42318.73,
                      "Plan Rows": 632073,
                      "Plan Width": 4,
                      "Actual Startup Time": 335.957,
                      "Actual Total Time": 335.958,
                      "Actual Rows": 632078,
                      "Actual Loops": 4,
                      "Hash Buckets": 4194304,
                      "Original Hash Buckets": 4194304,
                      "Hash Batches": 1,
                      "Original Hash Batches": 1,
                      "Peak Memory Usage": 131744,
                      "Plans": [
                        {
                          "Node Type": "Seq Scan",
                          "Parent Relationship": "Outer",
                          "Parallel Aware": true,
                          "Relation Name": "title",
                          "Alias": "t",
                          "Startup Cost": 0.0,
                          "Total Cost": 42318.73,
                          "Plan Rows": 632073,
                          "Plan Width": 4,
                          "Actual Startup Time": 0.032,
                          "Actual Total Time": 98.427,
                          "Actual Rows": 632078,
                          "Actual Loops": 4
                        }
                      ]
                    }
                  ]
                }
              ]
            }
          ]
        }
      ]
    },
    "Planning Time": 0.644,
    "Triggers": [],
    "Execution Time": 470.4
  }
]