{
    "Plan": {
        "Node Type": "Aggregate",
        "Strategy": "Plain",
        "Partial Mode": "Finalize",
        "Parallel Aware": false,
        "Startup Cost": 443503.09,
        "Total Cost": 443503.1,
        "Plan Rows": 1,
        "Plan Width": 8,
        "Actual Startup Time": 2493.729,
        "Actual Total Time": 2538.756,
        "Actual Rows": 1,
        "Actual Loops": 1,
        "Output": [
            "count(*)"
        ],
        "Plans": [
            {
                "Node Type": "Gather",
                "Parent Relationship": "Outer",
                "Parallel Aware": false,
                "Startup Cost": 443502.47,
                "Total Cost": 443503.08,
                "Plan Rows": 6,
                "Plan Width": 8,
                "Actual Startup Time": 2482.494,
                "Actual Total Time": 2538.744,
                "Actual Rows": 7,
                "Actual Loops": 1,
                "Output": [
                    "(PARTIAL count(*))"
                ],
                "Workers Planned": 6,
                "Workers Launched": 6,
                "Single Copy": false,
                "Plans": [
                    {
                        "Node Type": "Aggregate",
                        "Strategy": "Plain",
                        "Partial Mode": "Partial",
                        "Parent Relationship": "Outer",
                        "Parallel Aware": false,
                        "Startup Cost": 442502.47,
                        "Total Cost": 442502.48,
                        "Plan Rows": 1,
                        "Plan Width": 8,
                        "Actual Startup Time": 2470.095,
                        "Actual Total Time": 2470.317,
                        "Actual Rows": 1,
                        "Actual Loops": 7,
                        "Output": [
                            "PARTIAL count(*)"
                        ],
                        "Workers": [
                            {
                                "Worker Number": 0,
                                "Actual Startup Time": 2465.31,
                                "Actual Total Time": 2465.315,
                                "Actual Rows": 1,
                                "Actual Loops": 1
                            },
                            {
                                "Worker Number": 1,
                                "Actual Startup Time": 2468.698,
                                "Actual Total Time": 2468.704,
                                "Actual Rows": 1,
                                "Actual Loops": 1
                            },
                            {
                                "Worker Number": 2,
                                "Actual Startup Time": 2466.332,
                                "Actual Total Time": 2466.336,
                                "Actual Rows": 1,
                                "Actual Loops": 1
                            },
                            {
                                "Worker Number": 3,
                                "Actual Startup Time": 2469.627,
                                "Actual Total Time": 2469.632,
                                "Actual Rows": 1,
                                "Actual Loops": 1
                            },
                            {
                                "Worker Number": 4,
                                "Actual Startup Time": 2469.654,
                                "Actual Total Time": 2469.658,
                                "Actual Rows": 1,
                                "Actual Loops": 1
                            },
                            {
                                "Worker Number": 5,
                                "Actual Startup Time": 2469.579,
                                "Actual Total Time": 2469.584,
                                "Actual Rows": 1,
                                "Actual Loops": 1
                            }
                        ],
                        "Plans": [
                            {
                                "Node Type": "Hash Join",
                                "Parent Relationship": "Outer",
                                "Parallel Aware": true,
                                "Join Type": "Inner",
                                "Startup Cost": 84667.81,
                                "Total Cost": 438362.74,
                                "Plan Rows": 1655892,
                                "Plan Width": 0,
                                "Actual Startup Time": 404.636,
                                "Actual Total Time": 2364.39,
                                "Actual Rows": 2163199,
                                "Actual Loops": 7,
                                "Inner Unique": false,
                                "Hash Cond": "(ci.movie_id = t.id)",
                                "Workers": [
                                    {
                                        "Worker Number": 0,
                                        "Actual Startup Time": 400.002,
                                        "Actual Total Time": 2356.765,
                                        "Actual Rows": 1886557,
                                        "Actual Loops": 1
                                    },
                                    {
                                        "Worker Number": 1,
                                        "Actual Startup Time": 403.361,
                                        "Actual Total Time": 2357.492,
                                        "Actual Rows": 1720899,
                                        "Actual Loops": 1
                                    },
                                    {
                                        "Worker Number": 2,
                                        "Actual Startup Time": 400.102,
                                        "Actual Total Time": 2357.818,
                                        "Actual Rows": 1914809,
                                        "Actual Loops": 1
                                    },
                                    {
                                        "Worker Number": 3,
                                        "Actual Startup Time": 404.254,
                                        "Actual Total Time": 2369.684,
                                        "Actual Rows": 2336639,
                                        "Actual Loops": 1
                                    },
                                    {
                                        "Worker Number": 4,
                                        "Actual Startup Time": 404.267,
                                        "Actual Total Time": 2369.628,
                                        "Actual Rows": 2338270,
                                        "Actual Loops": 1
                                    },
                                    {
                                        "Worker Number": 5,
                                        "Actual Startup Time": 404.354,
                                        "Actual Total Time": 2369.391,
                                        "Actual Rows": 2339817,
                                        "Actual Loops": 1
                                    }
                                ],
                                "Plans": [
                                    {
                                        "Node Type": "Seq Scan",
                                        "Parent Relationship": "Outer",
                                        "Parallel Aware": true,
                                        "Relation Name": "cast_info",
                                        "Schema": "public",
                                        "Alias": "ci",
                                        "Startup Cost": 0.0,
                                        "Total Cost": 328213.62,
                                        "Plan Rows": 5370591,
                                        "Plan Width": 4,
                                        "Actual Startup Time": 44.998,
                                        "Actual Total Time": 710.267,
                                        "Actual Rows": 4596081,
                                        "Actual Loops": 7,
                                        "Output": [
                                            "ci.id",
                                            "ci.person_id",
                                            "ci.movie_id",
                                            "ci.person_role_id",
                                            "ci.note",
                                            "ci.nr_order",
                                            "ci.role_id"
                                        ],
                                        "Filter": "(ci.person_id > 391065)",
                                        "Rows Removed by Filter": 581682,
                                        "Workers": [
                                            {
                                                "Worker Number": 0,
                                                "Actual Startup Time": 44.941,
                                                "Actual Total Time": 734.215,
                                                "Actual Rows": 3975640,
                                                "Actual Loops": 1
                                            },
                                            {
                                                "Worker Number": 1,
                                                "Actual Startup Time": 44.992,
                                                "Actual Total Time": 744.216,
                                                "Actual Rows": 3667681,
                                                "Actual Loops": 1
                                            },
                                            {
                                                "Worker Number": 2,
                                                "Actual Startup Time": 45.02,
                                                "Actual Total Time": 737.467,
                                                "Actual Rows": 4037282,
                                                "Actual Loops": 1
                                            },
                                            {
                                                "Worker Number": 3,
                                                "Actual Startup Time": 45.019,
                                                "Actual Total Time": 709.456,
                                                "Actual Rows": 4981133,
                                                "Actual Loops": 1
                                            },
                                            {
                                                "Worker Number": 4,
                                                "Actual Startup Time": 45.013,
                                                "Actual Total Time": 710.8,
                                                "Actual Rows": 4983632,
                                                "Actual Loops": 1
                                            },
                                            {
                                                "Worker Number": 5,
                                                "Actual Startup Time": 45.021,
                                                "Actual Total Time": 710.12,
                                                "Actual Rows": 4982547,
                                                "Actual Loops": 1
                                            }
                                        ]
                                    },
                                    {
                                        "Node Type": "Hash",
                                        "Parent Relationship": "Inner",
                                        "Parallel Aware": true,
                                        "Startup Cost": 81524.48,
                                        "Total Cost": 81524.48,
                                        "Plan Rows": 251467,
                                        "Plan Width": 8,
                                        "Actual Startup Time": 356.244,
                                        "Actual Total Time": 356.463,
                                        "Actual Rows": 107723,
                                        "Actual Loops": 7,
                                        "Output": [
                                            "t.id",
                                            "mc.movie_id"
                                        ],
                                        "Hash Buckets": 1048576,
                                        "Original Hash Buckets": 1048576,
                                        "Hash Batches": 1,
                                        "Original Hash Batches": 1,
                                        "Peak Memory Usage": 37792,
                                        "Workers": [
                                            {
                                                "Worker Number": 0,
                                                "Actual Startup Time": 354.196,
                                                "Actual Total Time": 354.199,
                                                "Actual Rows": 89624,
                                                "Actual Loops": 1
                                            },
                                            {
                                                "Worker Number": 1,
                                                "Actual Startup Time": 357.706,
                                                "Actual Total Time": 357.71,
                                                "Actual Rows": 88137,
                                                "Actual Loops": 1
                                            },
                                            {
                                                "Worker Number": 2,
                                                "Actual Startup Time": 354.352,
                                                "Actual Total Time": 354.355,
                                                "Actual Rows": 88843,
                                                "Actual Loops": 1
                                            },
                                            {
                                                "Worker Number": 3,
                                                "Actual Startup Time": 358.579,
                                                "Actual Total Time": 358.582,
                                                "Actual Rows": 120841,
                                                "Actual Loops": 1
                                            },
                                            {
                                                "Worker Number": 4,
                                                "Actual Startup Time": 358.584,
                                                "Actual Total Time": 358.587,
                                                "Actual Rows": 120555,
                                                "Actual Loops": 1
                                            },
                                            {
                                                "Worker Number": 5,
                                                "Actual Startup Time": 358.539,
                                                "Actual Total Time": 358.543,
                                                "Actual Rows": 119543,
                                                "Actual Loops": 1
                                            }
                                        ],
                                        "Plans": [
                                            {
                                                "Node Type": "Hash Join",
                                                "Parent Relationship": "Outer",
                                                "Parallel Aware": true,
                                                "Join Type": "Inner",
                                                "Startup Cost": 49108.52,
                                                "Total Cost": 81524.48,
                                                "Plan Rows": 251467,
                                                "Plan Width": 8,
                                                "Actual Startup Time": 229.677,
                                                "Actual Total Time": 314.717,
                                                "Actual Rows": 107723,
                                                "Actual Loops": 7,
                                                "Output": [
                                                    "t.id",
                                                    "mc.movie_id"
                                                ],
                                                "Inner Unique": true,
                                                "Hash Cond": "(mc.movie_id = t.id)",
                                                "Workers": [
                                                    {
                                                        "Worker Number": 0,
                                                        "Actual Startup Time": 229.643,
                                                        "Actual Total Time": 315.135,
                                                        "Actual Rows": 89624,
                                                        "Actual Loops": 1
                                                    },
                                                    {
                                                        "Worker Number": 1,
                                                        "Actual Startup Time": 229.675,
                                                        "Actual Total Time": 313.981,
                                                        "Actual Rows": 88137,
                                                        "Actual Loops": 1
                                                    },
                                                    {
                                                        "Worker Number": 2,
                                                        "Actual Startup Time": 229.631,
                                                        "Actual Total Time": 314.104,
                                                        "Actual Rows": 88843,
                                                        "Actual Loops": 1
                                                    },
                                                    {
                                                        "Worker Number": 3,
                                                        "Actual Startup Time": 229.672,
                                                        "Actual Total Time": 314.423,
                                                        "Actual Rows": 120841,
                                                        "Actual Loops": 1
                                                    },
                                                    {
                                                        "Worker Number": 4,
                                                        "Actual Startup Time": 229.659,
                                                        "Actual Total Time": 314.479,
                                                        "Actual Rows": 120555,
                                                        "Actual Loops": 1
                                                    },
                                                    {
                                                        "Worker Number": 5,
                                                        "Actual Startup Time": 229.693,
                                                        "Actual Total Time": 314.437,
                                                        "Actual Rows": 119543,
                                                        "Actual Loops": 1
                                                    }
                                                ],
                                                "Plans": [
                                                    {
                                                        "Node Type": "Seq Scan",
                                                        "Parent Relationship": "Outer",
                                                        "Parallel Aware": true,
                                                        "Relation Name": "movie_companies",
                                                        "Schema": "public",
                                                        "Alias": "mc",
                                                        "Startup Cost": 0.0,
                                                        "Total Cost": 31414.82,
                                                        "Plan Rows": 381387,
                                                        "Plan Width": 4,
                                                        "Actual Startup Time": 22.338,
                                                        "Actual Total Time": 50.094,
                                                        "Actual Rows": 147962,
                                                        "Actual Loops": 7,
                                                        "Output": [
                                                            "mc.id",
                                                            "mc.movie_id",
                                                            "mc.company_id",
                                                            "mc.company_type_id",
                                                            "mc.note"
                                                        ],
                                                        "Filter": "((mc.company_id < 94484) AND (mc.company_type_id > 1))",
                                                        "Rows Removed by Filter": 224771,
                                                        "Workers": [
                                                            {
                                                                "Worker Number": 0,
                                                                "Actual Startup Time": 22.269,
                                                                "Actual Total Time": 52.102,
                                                                "Actual Rows": 121924,
                                                                "Actual Loops": 1
                                                            },
                                                            {
                                                                "Worker Number": 1,
                                                                "Actual Startup Time": 22.296,
                                                                "Actual Total Time": 51.905,
                                                                "Actual Rows": 119171,
                                                                "Actual Loops": 1
                                                            },
                                                            {
                                                                "Worker Number": 2,
                                                                "Actual Startup Time": 22.269,
                                                                "Actual Total Time": 52.032,
                                                                "Actual Rows": 121529,
                                                                "Actual Loops": 1
                                                            },
                                                            {
                                                                "Worker Number": 3,
                                                                "Actual Startup Time": 22.403,
                                                                "Actual Total Time": 49.274,
                                                                "Actual Rows": 165876,
                                                                "Actual Loops": 1
                                                            },
                                                            {
                                                                "Worker Number": 4,
                                                                "Actual Startup Time": 22.272,
                                                                "Actual Total Time": 49.181,
                                                                "Actual Rows": 166611,
                                                                "Actual Loops": 1
                                                            },
                                                            {
                                                                "Worker Number": 5,
                                                                "Actual Startup Time": 22.433,
                                                                "Actual Total Time": 49.266,
                                                                "Actual Rows": 164853,
                                                                "Actual Loops": 1
                                                            }
                                                        ]
                                                    },
                                                    {
                                                        "Node Type": "Hash",
                                                        "Parent Relationship": "Inner",
                                                        "Parallel Aware": true,
                                                        "Startup Cost": 43899.01,
                                                        "Total Cost": 43899.01,
                                                        "Plan Rows": 416761,
                                                        "Plan Width": 4,
                                                        "Actual Startup Time": 204.647,
                                                        "Actual Total Time": 204.648,
                                                        "Actual Rows": 238756,
                                                        "Actual Loops": 7,
                                                        "Output": [
                                                            "t.id"
                                                        ],
                                                        "Hash Buckets": 2097152,
                                                        "Original Hash Buckets": 2097152,
                                                        "Hash Batches": 1,
                                                        "Original Hash Batches": 1,
                                                        "Peak Memory Usage": 81856,
                                                        "Workers": [
                                                            {
                                                                "Worker Number": 0,
                                                                "Actual Startup Time": 207.066,
                                                                "Actual Total Time": 207.067,
                                                                "Actual Rows": 139180,
                                                                "Actual Loops": 1
                                                            },
                                                            {
                                                                "Worker Number": 1,
                                                                "Actual Startup Time": 207.102,
                                                                "Actual Total Time": 207.103,
                                                                "Actual Rows": 200032,
                                                                "Actual Loops": 1
                                                            },
                                                            {
                                                                "Worker Number": 2,
                                                                "Actual Startup Time": 207.077,
                                                                "Actual Total Time": 207.078,
                                                                "Actual Rows": 161552,
                                                                "Actual Loops": 1
                                                            },
                                                            {
                                                                "Worker Number": 3,
                                                                "Actual Startup Time": 207.136,
                                                                "Actual Total Time": 207.137,
                                                                "Actual Rows": 264989,
                                                                "Actual Loops": 1
                                                            },
                                                            {
                                                                "Worker Number": 4,
                                                                "Actual Startup Time": 207.113,
                                                                "Actual Total Time": 207.113,
                                                                "Actual Rows": 264087,
                                                                "Actual Loops": 1
                                                            },
                                                            {
                                                                "Worker Number": 5,
                                                                "Actual Startup Time": 207.155,
                                                                "Actual Total Time": 207.155,
                                                                "Actual Rows": 263738,
                                                                "Actual Loops": 1
                                                            }
                                                        ],
                                                        "Plans": [
                                                            {
                                                                "Node Type": "Seq Scan",
                                                                "Parent Relationship": "Outer",
                                                                "Parallel Aware": true,
                                                                "Relation Name": "title",
                                                                "Schema": "public",
                                                                "Alias": "t",
                                                                "Startup Cost": 0.0,
                                                                "Total Cost": 43899.01,
                                                                "Plan Rows": 416761,
                                                                "Plan Width": 4,
                                                                "Actual Startup Time": 0.078,
                                                                "Actual Total Time": 88.014,
                                                                "Actual Rows": 238756,
                                                                "Actual Loops": 7,
                                                                "Output": [
                                                                    "t.id"
                                                                ],
                                                                "Filter": "(t.production_year < 2008)",
                                                                "Rows Removed by Filter": 122431,
                                                                "Workers": [
                                                                    {
                                                                        "Worker Number": 0,
                                                                        "Actual Startup Time": 0.115,
                                                                        "Actual Total Time": 94.307,
                                                                        "Actual Rows": 139180,
                                                                        "Actual Loops": 1
                                                                    },
                                                                    {
                                                                        "Worker Number": 1,
                                                                        "Actual Startup Time": 0.089,
                                                                        "Actual Total Time": 91.309,
                                                                        "Actual Rows": 200032,
                                                                        "Actual Loops": 1
                                                                    },
                                                                    {
                                                                        "Worker Number": 2,
                                                                        "Actual Startup Time": 0.115,
                                                                        "Actual Total Time": 93.004,
                                                                        "Actual Rows": 161552,
                                                                        "Actual Loops": 1
                                                                    },
                                                                    {
                                                                        "Worker Number": 3,
                                                                        "Actual Startup Time": 0.075,
                                                                        "Actual Total Time": 87.915,
                                                                        "Actual Rows": 264989,
                                                                        "Actual Loops": 1
                                                                    },
                                                                    {
                                                                        "Worker Number": 4,
                                                                        "Actual Startup Time": 0.068,
                                                                        "Actual Total Time": 87.315,
                                                                        "Actual Rows": 264087,
                                                                        "Actual Loops": 1
                                                                    },
                                                                    {
                                                                        "Worker Number": 5,
                                                                        "Actual Startup Time": 0.067,
                                                                        "Actual Total Time": 87.329,
                                                                        "Actual Rows": 263738,
                                                                        "Actual Loops": 1
                                                                    }
                                                                ]
                                                            }
                                                        ]
                                                    }
                                                ]
                                            }
                                        ]
                                    }
                                ]
                            }
                        ]
                    }
                ]
            }
        ]
    },
    "Planning Time": 1.631,
    "Triggers": [],
    "Execution Time": 2538.859
}