[
  {
    "Plan": {
      "Node Type": "Aggregate",
      "Strategy": "Plain",
      "Partial Mode": "Finalize",
      "Parallel Aware": false,
      "Startup Cost": 80741.28,
      "Total Cost": 80741.29,
      "Plan Rows": 1,
      "Plan Width": 8,
      "Actual Startup Time": 251.885,
      "Actual Total Time": 265.215,
      "Actual Rows": 1,
      "Actual Loops": 1,
      "Plans": [
        {
          "Node Type": "Gather",
          "Parent Relationship": "Outer",
          "Parallel Aware": false,
          "Startup Cost": 80740.96,
          "Total Cost": 80741.27,
          "Plan Rows": 3,
          "Plan Width": 8,
          "Actual Startup Time": 249.986,
          "Actual Total Time": 265.208,
          "Actual Rows": 4,
          "Actual Loops": 1,
          "Workers Planned": 3,
          "Workers Launched": 3,
          "Single Copy": false,
          "Plans": [
            {
              "Node Type": "Aggregate",
              "Strategy": "Plain",
              "Partial Mode": "Partial",
              "Parent Relationship": "Outer",
              "Parallel Aware": false,
              "Startup Cost": 79740.96,
              "Total Cost": 79740.97,
              "Plan Rows": 1,
              "Plan Width": 8,
              "Actual Startup Time": 243.208,
              "Actual Total Time": 243.211,
              "Actual Rows": 1,
              "Actual Loops": 4,
              "Plans": [
                {
                  "Node Type": "Hash Join",
                  "Parent Relationship": "Outer",
                  "Parallel Aware": true,
                  "Join Type": "Inner",
                  "Startup Cost": 47456.86,
                  "Total Cost": 79573.66,
                  "Plan Rows": 66921,
                  "Plan Width": 0,
                  "Actual Startup Time": 129.908,
                  "Actual Total Time": 239.121,
                  "Actual Rows": 99997,
                  "Actual Loops": 4,
                  "Inner Unique": true,
                  "Hash Cond": "(mc.movie_id = t.id)",
                  "Plans": [
                    {
                      "Node Type": "Seq Scan",
                      "Parent Relationship": "Outer",
                      "Parallel Aware": true,
                      "Relation Name": "movie_companies",
                      "Alias": "mc",
                      "Startup Cost": 0.0,
                      "Total Cost": 31414.82,
                      "Plan Rows": 267420,
                      "Plan Width": 4,
                      "Actual Startup Time": 0.01,
                      "Actual Total Time": 62.397,
                      "Actual Rows": 287682,
                      "Actual Loops": 4,
                      "Filter": "((company_id < 21092) AND (company_type_id < 2))",
                      "Rows Removed by Filter": 364600
                    },
                    {
                      "Node Type": "Hash",
                      "Parent Relationship": "Inner",
                      "Parallel Aware": true,
                      "Startup Cost": 45479.59,
                      "Total Cost": 45479.59,
                      "Plan Rows": 158182,
                      "Plan Width": 4,
                      "Actual Startup Time": 127.019,
                      "Actual Total Time": 127.02,
                      "Actual Rows": 133146,
                      "Actual Loops": 4,
                      "Hash Buckets": 1048576,
                      "Original Hash Buckets": 1048576,
                      "Hash Batches": 1,
                      "Original Hash Batches": 1,
                      "Peak Memory Usage": 29088,
                      "Plans": [
                        {
                          "Node Type": "Seq Scan",
                          "Parent Relationship": "Outer",
                          "Parallel Aware": true,
                          "Relation Name": "title",
                          "Alias": "t",
                          "Startup Cost": 0.0,
                          "Total Cost": 45479.59,
                          "Plan Rows": 158182,
                          "Plan Width": 4,
                          "Actual Startup Time": 0.041,
                          "Actual Total Time": 89.009,
                          "Actual Rows": 133146,
                          "Actual Loops": 4,
                          "Filter": "((kind_id < 7) AND (production_year > 1995))",
                          "Rows Removed by Filter": 498932
                        }
                      ]
                    }
                  ]
                }
              ]
            }
          ]
        }
      ]
    },
    "Planning Time": 0.704,
    "Triggers": [],
    "Execution Time": 265.246
  }
]