[
  {
    "Plan": {
      "Node Type": "Aggregate",
      "Strategy": "Plain",
      "Partial Mode": "Finalize",
      "Parallel Aware": false,
      "Startup Cost": 32092.43,
      "Total Cost": 32092.44,
      "Plan Rows": 1,
      "Plan Width": 8,
      "Actual Startup Time": 140.301,
      "Actual Total Time": 146.959,
      "Actual Rows": 1,
      "Actual Loops": 1,
      "Plans": [
        {
          "Node Type": "Gather",
          "Parent Relationship": "Outer",
          "Parallel Aware": false,
          "Startup Cost": 32092.11,
          "Total Cost": 32092.42,
          "Plan Rows": 3,
          "Plan Width": 8,
          "Actual Startup Time": 140.235,
          "Actual Total Time": 146.952,
          "Actual Rows": 4,
          "Actual Loops": 1,
          "Workers Planned": 3,
          "Workers Launched": 3,
          "Single Copy": false,
          "Plans": [
            {
              "Node Type": "Aggregate",
              "Strategy": "Plain",
              "Partial Mode": "Partial",
              "Parent Relationship": "Outer",
              "Parallel Aware": false,
              "Startup Cost": 31092.11,
              "Total Cost": 31092.12,
              "Plan Rows": 1,
              "Plan Width": 8,
              "Actual Startup Time": 132.979,
              "Actual Total Time": 132.98,
              "Actual Rows": 1,
              "Actual Loops": 4,
              "Plans": [
                {
                  "Node Type": "Seq Scan",
                  "Parent Relationship": "Outer",
                  "Parallel Aware": true,
                  "Relation Name": "movie_companies",
                  "Alias": "mc",
                  "Startup Cost": 0.0,
                  "Total Cost": 29310.68,
                  "Plan Rows": 712572,
                  "Plan Width": 0,
                  "Actual Startup Time": 0.049,
                  "Actual Total Time": 97.333,
                  "Actual Rows": 550797,
                  "Actual Loops": 4,
                  "Filter": "(company_id < 81513)",
                  "Rows Removed by Filter": 101485
                }
              ]
            }
          ]
        }
      ]
    },
    "Planning Time": 0.165,
    "Triggers": [],
    "Execution Time": 147.01
  }
]