[
  {
    "Plan": {
      "Node Type": "Aggregate",
      "Strategy": "Plain",
      "Partial Mode": "Finalize",
      "Parallel Aware": false,
      "Startup Cost": 44900.69,
      "Total Cost": 44900.7,
      "Plan Rows": 1,
      "Plan Width": 8,
      "Actual Startup Time": 102.379,
      "Actual Total Time": 115.838,
      "Actual Rows": 1,
      "Actual Loops": 1,
      "Plans": [
        {
          "Node Type": "Gather",
          "Parent Relationship": "Outer",
          "Parallel Aware": false,
          "Startup Cost": 44900.27,
          "Total Cost": 44900.68,
          "Plan Rows": 4,
          "Plan Width": 8,
          "Actual Startup Time": 102.192,
          "Actual Total Time": 115.82,
          "Actual Rows": 5,
          "Actual Loops": 1,
          "Workers Planned": 4,
          "Workers Launched": 4,
          "Single Copy": false,
          "Plans": [
            {
              "Node Type": "Aggregate",
              "Strategy": "Plain",
              "Partial Mode": "Partial",
              "Parent Relationship": "Outer",
              "Parallel Aware": false,
              "Startup Cost": 43900.27,
              "Total Cost": 43900.28,
              "Plan Rows": 1,
              "Plan Width": 8,
              "Actual Startup Time": 95.563,
              "Actual Total Time": 95.565,
              "Actual Rows": 1,
              "Actual Loops": 5,
              "Plans": [
                {
                  "Node Type": "Seq Scan",
                  "Parent Relationship": "Outer",
                  "Parallel Aware": true,
                  "Relation Name": "title",
                  "Alias": "t",
                  "Startup Cost": 0.0,
                  "Total Cost": 43899.32,
                  "Plan Rows": 379,
                  "Plan Width": 0,
                  "Actual Startup Time": 63.873,
                  "Actual Total Time": 95.517,
                  "Actual Rows": 221,
                  "Actual Loops": 5,
                  "Filter": "(production_year = 1906)",
                  "Rows Removed by Filter": 505442
                }
              ]
            }
          ]
        }
      ]
    },
    "Planning Time": 0.114,
    "Triggers": [],
    "Execution Time": 115.883
  }
]