[
  {
    "Plan": {
      "Node Type": "Aggregate",
      "Strategy": "Plain",
      "Partial Mode": "Finalize",
      "Parallel Aware": false,
      "Startup Cost": 24693.45,
      "Total Cost": 24693.46,
      "Plan Rows": 1,
      "Plan Width": 8,
      "Actual Startup Time": 68.726,
      "Actual Total Time": 74.205,
      "Actual Rows": 1,
      "Actual Loops": 1,
      "Plans": [
        {
          "Node Type": "Gather",
          "Parent Relationship": "Outer",
          "Parallel Aware": false,
          "Startup Cost": 24693.13,
          "Total Cost": 24693.44,
          "Plan Rows": 3,
          "Plan Width": 8,
          "Actual Startup Time": 68.475,
          "Actual Total Time": 74.2,
          "Actual Rows": 4,
          "Actual Loops": 1,
          "Workers Planned": 3,
          "Workers Launched": 3,
          "Single Copy": false,
          "Plans": [
            {
              "Node Type": "Aggregate",
              "Strategy": "Plain",
              "Partial Mode": "Partial",
              "Parent Relationship": "Outer",
              "Parallel Aware": false,
              "Startup Cost": 23693.13,
              "Total Cost": 23693.14,
              "Plan Rows": 1,
              "Plan Width": 8,
              "Actual Startup Time": 60.213,
              "Actual Total Time": 60.214,
              "Actual Rows": 1,
              "Actual Loops": 4,
              "Plans": [
                {
                  "Node Type": "Bitmap Heap Scan",
                  "Parent Relationship": "Outer",
                  "Parallel Aware": true,
                  "Relation Name": "movie_companies",
                  "Alias": "mc",
                  "Startup Cost": 3943.3,
                  "Total Cost": 23618.25,
                  "Plan Rows": 29954,
                  "Plan Width": 0,
                  "Actual Startup Time": 50.433,
                  "Actual Total Time": 59.568,
                  "Actual Rows": 9774,
                  "Actual Loops": 4,
                  "Recheck Cond": "(company_id < 46)",
                  "Rows Removed by Index Recheck": 0,
                  "Filter": "(company_type_id > 1)",
                  "Rows Removed by Filter": 35831,
                  "Exact Heap Blocks": 9988,
                  "Lossy Heap Blocks": 0,
                  "Plans": [
                    {
                      "Node Type": "Bitmap Index Scan",
                      "Parent Relationship": "Outer",
                      "Parallel Aware": false,
                      "Index Name": "company_id_movie_companies",
                      "Startup Cost": 0.0,
                      "Total Cost": 3920.09,
                      "Plan Rows": 182888,
                      "Plan Width": 0,
                      "Actual Startup Time": 25.232,
                      "Actual Total Time": 25.232,
                      "Actual Rows": 182418,
                      "Actual Loops": 1,
                      "Index Cond": "(company_id < 46)"
                    }
                  ]
                }
              ]
            }
          ]
        }
      ]
    },
    "Planning Time": 0.382,
    "Triggers": [],
    "Execution Time": 74.278
  }
]