[
  {
    "Plan": {
      "Node Type": "Aggregate",
      "Strategy": "Plain",
      "Partial Mode": "Finalize",
      "Parallel Aware": false,
      "Startup Cost": 353930.02,
      "Total Cost": 353930.03,
      "Plan Rows": 1,
      "Plan Width": 8,
      "Actual Startup Time": 874.06,
      "Actual Total Time": 932.803,
      "Actual Rows": 1,
      "Actual Loops": 1,
      "Plans": [
        {
          "Node Type": "Gather",
          "Parent Relationship": "Outer",
          "Parallel Aware": false,
          "Startup Cost": 353929.39,
          "Total Cost": 353930.0,
          "Plan Rows": 6,
          "Plan Width": 8,
          "Actual Startup Time": 873.943,
          "Actual Total Time": 932.794,
          "Actual Rows": 7,
          "Actual Loops": 1,
          "Workers Planned": 6,
          "Workers Launched": 6,
          "Single Copy": false,
          "Plans": [
            {
              "Node Type": "Aggregate",
              "Strategy": "Plain",
              "Partial Mode": "Partial",
              "Parent Relationship": "Outer",
              "Parallel Aware": false,
              "Startup Cost": 352929.39,
              "Total Cost": 352929.4,
              "Plan Rows": 1,
              "Plan Width": 8,
              "Actual Startup Time": 863.688,
              "Actual Total Time": 863.689,
              "Actual Rows": 1,
              "Actual Loops": 7,
              "Plans": [
                {
                  "Node Type": "Seq Scan",
                  "Parent Relationship": "Outer",
                  "Parallel Aware": true,
                  "Relation Name": "cast_info",
                  "Alias": "ci",
                  "Startup Cost": 0.0,
                  "Total Cost": 343257.03,
                  "Plan Rows": 3868946,
                  "Plan Width": 0,
                  "Actual Startup Time": 230.242,
                  "Actual Total Time": 723.192,
                  "Actual Rows": 3254979,
                  "Actual Loops": 7,
                  "Filter": "((person_id < 3910413) AND (role_id > 1))",
                  "Rows Removed by Filter": 1922784
                }
              ]
            }
          ]
        }
      ]
    },
    "Planning Time": 0.241,
    "Triggers": [],
    "Execution Time": 932.876
  }
]