[
  {
    "Plan": {
      "Node Type": "Aggregate",
      "Strategy": "Plain",
      "Partial Mode": "Finalize",
      "Parallel Aware": false,
      "Startup Cost": 44747.55,
      "Total Cost": 44747.56,
      "Plan Rows": 1,
      "Plan Width": 8,
      "Actual Startup Time": 124.512,
      "Actual Total Time": 134.367,
      "Actual Rows": 1,
      "Actual Loops": 1,
      "Plans": [
        {
          "Node Type": "Gather",
          "Parent Relationship": "Outer",
          "Parallel Aware": false,
          "Startup Cost": 44747.23,
          "Total Cost": 44747.54,
          "Plan Rows": 3,
          "Plan Width": 8,
          "Actual Startup Time": 124.402,
          "Actual Total Time": 134.359,
          "Actual Rows": 4,
          "Actual Loops": 1,
          "Workers Planned": 3,
          "Workers Launched": 3,
          "Single Copy": false,
          "Plans": [
            {
              "Node Type": "Aggregate",
              "Strategy": "Plain",
              "Partial Mode": "Partial",
              "Parent Relationship": "Outer",
              "Parallel Aware": false,
              "Startup Cost": 43747.23,
              "Total Cost": 43747.24,
              "Plan Rows": 1,
              "Plan Width": 8,
              "Actual Startup Time": 118.956,
              "Actual Total Time": 118.957,
              "Actual Rows": 1,
              "Actual Loops": 4,
              "Plans": [
                {
                  "Node Type": "Seq Scan",
                  "Parent Relationship": "Outer",
                  "Parallel Aware": true,
                  "Relation Name": "movie_keyword",
                  "Alias": "mk",
                  "Startup Cost": 0.0,
                  "Total Cost": 42695.65,
                  "Plan Rows": 420631,
                  "Plan Width": 0,
                  "Actual Startup Time": 1.835,
                  "Actual Total Time": 103.209,
                  "Actual Rows": 328900,
                  "Actual Loops": 4,
                  "Filter": "(keyword_id > 13314)",
                  "Rows Removed by Filter": 802083
                }
              ]
            }
          ]
        }
      ]
    },
    "Planning Time": 0.176,
    "Triggers": [],
    "Execution Time": 134.422
  }
]