{
    "Plan": {
        "Node Type": "Aggregate",
        "Strategy": "Plain",
        "Partial Mode": "Finalize",
        "Parallel Aware": false,
        "Startup Cost": 457101.91,
        "Total Cost": 457101.92,
        "Plan Rows": 1,
        "Plan Width": 8,
        "Actual Startup Time": 3022.967,
        "Actual Total Time": 3076.007,
        "Actual Rows": 1,
        "Actual Loops": 1,
        "Output": [
            "count(*)"
        ],
        "Plans": [
            {
                "Node Type": "Gather",
                "Parent Relationship": "Outer",
                "Parallel Aware": false,
                "Startup Cost": 457101.29,
                "Total Cost": 457101.9,
                "Plan Rows": 6,
                "Plan Width": 8,
                "Actual Startup Time": 3007.776,
                "Actual Total Time": 3075.996,
                "Actual Rows": 7,
                "Actual Loops": 1,
                "Output": [
                    "(PARTIAL count(*))"
                ],
                "Workers Planned": 6,
                "Workers Launched": 6,
                "Single Copy": false,
                "Plans": [
                    {
                        "Node Type": "Aggregate",
                        "Strategy": "Plain",
                        "Partial Mode": "Partial",
                        "Parent Relationship": "Outer",
                        "Parallel Aware": false,
                        "Startup Cost": 456101.29,
                        "Total Cost": 456101.3,
                        "Plan Rows": 1,
                        "Plan Width": 8,
                        "Actual Startup Time": 2992.276,
                        "Actual Total Time": 2992.66,
                        "Actual Rows": 1,
                        "Actual Loops": 7,
                        "Output": [
                            "PARTIAL count(*)"
                        ],
                        "Workers": [
                            {
                                "Worker Number": 0,
                                "Actual Startup Time": 2989.528,
                                "Actual Total Time": 2989.534,
                                "Actual Rows": 1,
                                "Actual Loops": 1
                            },
                            {
                                "Worker Number": 1,
                                "Actual Startup Time": 2989.569,
                                "Actual Total Time": 2989.574,
                                "Actual Rows": 1,
                                "Actual Loops": 1
                            },
                            {
                                "Worker Number": 2,
                                "Actual Startup Time": 2989.554,
                                "Actual Total Time": 2989.559,
                                "Actual Rows": 1,
                                "Actual Loops": 1
                            },
                            {
                                "Worker Number": 3,
                                "Actual Startup Time": 2989.619,
                                "Actual Total Time": 2989.624,
                                "Actual Rows": 1,
                                "Actual Loops": 1
                            },
                            {
                                "Worker Number": 4,
                                "Actual Startup Time": 2989.601,
                                "Actual Total Time": 2989.605,
                                "Actual Rows": 1,
                                "Actual Loops": 1
                            },
                            {
                                "Worker Number": 5,
                                "Actual Startup Time": 2991.272,
                                "Actual Total Time": 2991.279,
                                "Actual Rows": 1,
                                "Actual Loops": 1
                            }
                        ],
                        "Plans": [
                            {
                                "Node Type": "Hash Join",
                                "Parent Relationship": "Outer",
                                "Parallel Aware": true,
                                "Join Type": "Inner",
                                "Startup Cost": 99247.72,
                                "Total Cost": 446894.16,
                                "Plan Rows": 3682852,
                                "Plan Width": 0,
                                "Actual Startup Time": 371.16,
                                "Actual Total Time": 2601.123,
                                "Actual Rows": 9750279,
                                "Actual Loops": 7,
                                "Inner Unique": false,
                                "Hash Cond": "(ci.movie_id = t.id)",
                                "Workers": [
                                    {
                                        "Worker Number": 0,
                                        "Actual Startup Time": 368.726,
                                        "Actual Total Time": 2577.029,
                                        "Actual Rows": 8418789,
                                        "Actual Loops": 1
                                    },
                                    {
                                        "Worker Number": 1,
                                        "Actual Startup Time": 368.647,
                                        "Actual Total Time": 2619.102,
                                        "Actual Rows": 9524343,
                                        "Actual Loops": 1
                                    },
                                    {
                                        "Worker Number": 2,
                                        "Actual Startup Time": 368.703,
                                        "Actual Total Time": 2602.254,
                                        "Actual Rows": 10015904,
                                        "Actual Loops": 1
                                    },
                                    {
                                        "Worker Number": 3,
                                        "Actual Startup Time": 368.709,
                                        "Actual Total Time": 2598.413,
                                        "Actual Rows": 10140722,
                                        "Actual Loops": 1
                                    },
                                    {
                                        "Worker Number": 4,
                                        "Actual Startup Time": 368.718,
                                        "Actual Total Time": 2602.067,
                                        "Actual Rows": 10032294,
                                        "Actual Loops": 1
                                    },
                                    {
                                        "Worker Number": 5,
                                        "Actual Startup Time": 368.752,
                                        "Actual Total Time": 2623.102,
                                        "Actual Rows": 9469556,
                                        "Actual Loops": 1
                                    }
                                ],
                                "Plans": [
                                    {
                                        "Node Type": "Seq Scan",
                                        "Parent Relationship": "Outer",
                                        "Parallel Aware": true,
                                        "Relation Name": "cast_info",
                                        "Schema": "public",
                                        "Alias": "ci",
                                        "Startup Cost": 0.0,
                                        "Total Cost": 313108.29,
                                        "Plan Rows": 6042129,
                                        "Plan Width": 4,
                                        "Actual Startup Time": 0.024,
                                        "Actual Total Time": 526.9,
                                        "Actual Rows": 5177763,
                                        "Actual Loops": 7,
                                        "Output": [
                                            "ci.id",
                                            "ci.person_id",
                                            "ci.movie_id",
                                            "ci.person_role_id",
                                            "ci.note",
                                            "ci.nr_order",
                                            "ci.role_id"
                                        ],
                                        "Workers": [
                                            {
                                                "Worker Number": 0,
                                                "Actual Startup Time": 0.026,
                                                "Actual Total Time": 547.809,
                                                "Actual Rows": 4270584,
                                                "Actual Loops": 1
                                            },
                                            {
                                                "Worker Number": 1,
                                                "Actual Startup Time": 0.028,
                                                "Actual Total Time": 536.805,
                                                "Actual Rows": 5036386,
                                                "Actual Loops": 1
                                            },
                                            {
                                                "Worker Number": 2,
                                                "Actual Startup Time": 0.035,
                                                "Actual Total Time": 543.451,
                                                "Actual Rows": 5332347,
                                                "Actual Loops": 1
                                            },
                                            {
                                                "Worker Number": 3,
                                                "Actual Startup Time": 0.023,
                                                "Actual Total Time": 544.212,
                                                "Actual Rows": 5446115,
                                                "Actual Loops": 1
                                            },
                                            {
                                                "Worker Number": 4,
                                                "Actual Startup Time": 0.021,
                                                "Actual Total Time": 545.291,
                                                "Actual Rows": 5375004,
                                                "Actual Loops": 1
                                            },
                                            {
                                                "Worker Number": 5,
                                                "Actual Startup Time": 0.026,
                                                "Actual Total Time": 534.548,
                                                "Actual Rows": 4969581,
                                                "Actual Loops": 1
                                            }
                                        ]
                                    },
                                    {
                                        "Node Type": "Hash",
                                        "Parent Relationship": "Inner",
                                        "Parallel Aware": true,
                                        "Startup Cost": 93033.67,
                                        "Total Cost": 93033.67,
                                        "Plan Rows": 497124,
                                        "Plan Width": 8,
                                        "Actual Startup Time": 366.195,
                                        "Actual Total Time": 366.577,
                                        "Actual Rows": 160306,
                                        "Actual Loops": 7,
                                        "Output": [
                                            "t.id",
                                            "mk.movie_id"
                                        ],
                                        "Hash Buckets": 2097152,
                                        "Original Hash Buckets": 2097152,
                                        "Hash Batches": 1,
                                        "Original Hash Batches": 1,
                                        "Peak Memory Usage": 60416,
                                        "Workers": [
                                            {
                                                "Worker Number": 0,
                                                "Actual Startup Time": 367.89,
                                                "Actual Total Time": 367.895,
                                                "Actual Rows": 111482,
                                                "Actual Loops": 1
                                            },
                                            {
                                                "Worker Number": 1,
                                                "Actual Startup Time": 367.943,
                                                "Actual Total Time": 367.947,
                                                "Actual Rows": 155931,
                                                "Actual Loops": 1
                                            },
                                            {
                                                "Worker Number": 2,
                                                "Actual Startup Time": 367.992,
                                                "Actual Total Time": 367.996,
                                                "Actual Rows": 166022,
                                                "Actual Loops": 1
                                            },
                                            {
                                                "Worker Number": 3,
                                                "Actual Startup Time": 367.982,
                                                "Actual Total Time": 367.985,
                                                "Actual Rows": 171836,
                                                "Actual Loops": 1
                                            },
                                            {
                                                "Worker Number": 4,
                                                "Actual Startup Time": 367.992,
                                                "Actual Total Time": 367.996,
                                                "Actual Rows": 164641,
                                                "Actual Loops": 1
                                            },
                                            {
                                                "Worker Number": 5,
                                                "Actual Startup Time": 368.088,
                                                "Actual Total Time": 368.093,
                                                "Actual Rows": 158200,
                                                "Actual Loops": 1
                                            }
                                        ],
                                        "Plans": [
                                            {
                                                "Node Type": "Hash Join",
                                                "Parent Relationship": "Outer",
                                                "Parallel Aware": true,
                                                "Join Type": "Inner",
                                                "Startup Cost": 47352.58,
                                                "Total Cost": 93033.67,
                                                "Plan Rows": 497124,
                                                "Plan Width": 8,
                                                "Actual Startup Time": 164.852,
                                                "Actual Total Time": 310.457,
                                                "Actual Rows": 160306,
                                                "Actual Loops": 7,
                                                "Output": [
                                                    "t.id",
                                                    "mk.movie_id"
                                                ],
                                                "Inner Unique": true,
                                                "Hash Cond": "(mk.movie_id = t.id)",
                                                "Workers": [
                                                    {
                                                        "Worker Number": 0,
                                                        "Actual Startup Time": 164.93,
                                                        "Actual Total Time": 311.419,
                                                        "Actual Rows": 111482,
                                                        "Actual Loops": 1
                                                    },
                                                    {
                                                        "Worker Number": 1,
                                                        "Actual Startup Time": 164.917,
                                                        "Actual Total Time": 310.555,
                                                        "Actual Rows": 155931,
                                                        "Actual Loops": 1
                                                    },
                                                    {
                                                        "Worker Number": 2,
                                                        "Actual Startup Time": 164.794,
                                                        "Actual Total Time": 310.466,
                                                        "Actual Rows": 166022,
                                                        "Actual Loops": 1
                                                    },
                                                    {
                                                        "Worker Number": 3,
                                                        "Actual Startup Time": 164.793,
                                                        "Actual Total Time": 309.604,
                                                        "Actual Rows": 171836,
                                                        "Actual Loops": 1
                                                    },
                                                    {
                                                        "Worker Number": 4,
                                                        "Actual Startup Time": 164.777,
                                                        "Actual Total Time": 310.45,
                                                        "Actual Rows": 164641,
                                                        "Actual Loops": 1
                                                    },
                                                    {
                                                        "Worker Number": 5,
                                                        "Actual Startup Time": 164.847,
                                                        "Actual Total Time": 309.369,
                                                        "Actual Rows": 158200,
                                                        "Actual Loops": 1
                                                    }
                                                ],
                                                "Plans": [
                                                    {
                                                        "Node Type": "Seq Scan",
                                                        "Parent Relationship": "Outer",
                                                        "Parallel Aware": true,
                                                        "Relation Name": "movie_keyword",
                                                        "Schema": "public",
                                                        "Alias": "mk",
                                                        "Startup Cost": 0.0,
                                                        "Total Cost": 42695.65,
                                                        "Plan Rows": 1137309,
                                                        "Plan Width": 4,
                                                        "Actual Startup Time": 0.04,
                                                        "Actual Total Time": 81.28,
                                                        "Actual Rows": 502759,
                                                        "Actual Loops": 7,
                                                        "Output": [
                                                            "mk.id",
                                                            "mk.movie_id",
                                                            "mk.keyword_id"
                                                        ],
                                                        "Filter": "(mk.keyword_id > 958)",
                                                        "Rows Removed by Filter": 143517,
                                                        "Workers": [
                                                            {
                                                                "Worker Number": 0,
                                                                "Actual Startup Time": 0.058,
                                                                "Actual Total Time": 83.835,
                                                                "Actual Rows": 355055,
                                                                "Actual Loops": 1
                                                            },
                                                            {
                                                                "Worker Number": 1,
                                                                "Actual Startup Time": 0.029,
                                                                "Actual Total Time": 82.528,
                                                                "Actual Rows": 493448,
                                                                "Actual Loops": 1
                                                            },
                                                            {
                                                                "Worker Number": 2,
                                                                "Actual Startup Time": 0.036,
                                                                "Actual Total Time": 83.185,
                                                                "Actual Rows": 524568,
                                                                "Actual Loops": 1
                                                            },
                                                            {
                                                                "Worker Number": 3,
                                                                "Actual Startup Time": 0.025,
                                                                "Actual Total Time": 82.365,
                                                                "Actual Rows": 523454,
                                                                "Actual Loops": 1
                                                            },
                                                            {
                                                                "Worker Number": 4,
                                                                "Actual Startup Time": 0.04,
                                                                "Actual Total Time": 83.141,
                                                                "Actual Rows": 522799,
                                                                "Actual Loops": 1
                                                            },
                                                            {
                                                                "Worker Number": 5,
                                                                "Actual Startup Time": 0.049,
                                                                "Actual Total Time": 81.377,
                                                                "Actual Rows": 482000,
                                                                "Actual Loops": 1
                                                            }
                                                        ]
                                                    },
                                                    {
                                                        "Node Type": "Hash",
                                                        "Parent Relationship": "Inner",
                                                        "Parallel Aware": true,
                                                        "Startup Cost": 43899.01,
                                                        "Total Cost": 43899.01,
                                                        "Plan Rows": 276286,
                                                        "Plan Width": 4,
                                                        "Actual Startup Time": 162.593,
                                                        "Actual Total Time": 162.594,
                                                        "Actual Rows": 158275,
                                                        "Actual Loops": 7,
                                                        "Output": [
                                                            "t.id"
                                                        ],
                                                        "Hash Buckets": 2097152,
                                                        "Original Hash Buckets": 2097152,
                                                        "Hash Batches": 1,
                                                        "Original Hash Batches": 1,
                                                        "Peak Memory Usage": 59840,
                                                        "Workers": [
                                                            {
                                                                "Worker Number": 0,
                                                                "Actual Startup Time": 164.71,
                                                                "Actual Total Time": 164.712,
                                                                "Actual Rows": 118123,
                                                                "Actual Loops": 1
                                                            },
                                                            {
                                                                "Worker Number": 1,
                                                                "Actual Startup Time": 164.691,
                                                                "Actual Total Time": 164.692,
                                                                "Actual Rows": 143419,
                                                                "Actual Loops": 1
                                                            },
                                                            {
                                                                "Worker Number": 2,
                                                                "Actual Startup Time": 164.648,
                                                                "Actual Total Time": 164.65,
                                                                "Actual Rows": 153003,
                                                                "Actual Loops": 1
                                                            },
                                                            {
                                                                "Worker Number": 3,
                                                                "Actual Startup Time": 164.671,
                                                                "Actual Total Time": 164.672,
                                                                "Actual Rows": 154303,
                                                                "Actual Loops": 1
                                                            },
                                                            {
                                                                "Worker Number": 4,
                                                                "Actual Startup Time": 164.656,
                                                                "Actual Total Time": 164.657,
                                                                "Actual Rows": 156018,
                                                                "Actual Loops": 1
                                                            },
                                                            {
                                                                "Worker Number": 5,
                                                                "Actual Startup Time": 164.638,
                                                                "Actual Total Time": 164.639,
                                                                "Actual Rows": 134784,
                                                                "Actual Loops": 1
                                                            }
                                                        ],
                                                        "Plans": [
                                                            {
                                                                "Node Type": "Seq Scan",
                                                                "Parent Relationship": "Outer",
                                                                "Parallel Aware": true,
                                                                "Relation Name": "title",
                                                                "Schema": "public",
                                                                "Alias": "t",
                                                                "Startup Cost": 0.0,
                                                                "Total Cost": 43899.01,
                                                                "Plan Rows": 276286,
                                                                "Plan Width": 4,
                                                                "Actual Startup Time": 0.065,
                                                                "Actual Total Time": 75.686,
                                                                "Actual Rows": 158275,
                                                                "Actual Loops": 7,
                                                                "Output": [
                                                                    "t.id"
                                                                ],
                                                                "Filter": "(t.production_year > 2004)",
                                                                "Rows Removed by Filter": 202912,
                                                                "Workers": [
                                                                    {
                                                                        "Worker Number": 0,
                                                                        "Actual Startup Time": 0.077,
                                                                        "Actual Total Time": 80.186,
                                                                        "Actual Rows": 118123,
                                                                        "Actual Loops": 1
                                                                    },
                                                                    {
                                                                        "Worker Number": 1,
                                                                        "Actual Startup Time": 0.071,
                                                                        "Actual Total Time": 76.385,
                                                                        "Actual Rows": 143419,
                                                                        "Actual Loops": 1
                                                                    },
                                                                    {
                                                                        "Worker Number": 2,
                                                                        "Actual Startup Time": 0.082,
                                                                        "Actual Total Time": 77.482,
                                                                        "Actual Rows": 153003,
                                                                        "Actual Loops": 1
                                                                    },
                                                                    {
                                                                        "Worker Number": 3,
                                                                        "Actual Startup Time": 0.077,
                                                                        "Actual Total Time": 76.329,
                                                                        "Actual Rows": 154303,
                                                                        "Actual Loops": 1
                                                                    },
                                                                    {
                                                                        "Worker Number": 4,
                                                                        "Actual Startup Time": 0.065,
                                                                        "Actual Total Time": 77.59,
                                                                        "Actual Rows": 156018,
                                                                        "Actual Loops": 1
                                                                    },
                                                                    {
                                                                        "Worker Number": 5,
                                                                        "Actual Startup Time": 0.07,
                                                                        "Actual Total Time": 74.995,
                                                                        "Actual Rows": 134784,
                                                                        "Actual Loops": 1
                                                                    }
                                                                ]
                                                            }
                                                        ]
                                                    }
                                                ]
                                            }
                                        ]
                                    }
                                ]
                            }
                        ]
                    }
                ]
            }
        ]
    },
    "Planning Time": 1.423,
    "Triggers": [],
    "Execution Time": 3076.192
}