[
  {
    "Plan": {
      "Node Type": "Aggregate",
      "Strategy": "Plain",
      "Partial Mode": "Finalize",
      "Parallel Aware": false,
      "Startup Cost": 32802.27,
      "Total Cost": 32802.28,
      "Plan Rows": 1,
      "Plan Width": 8,
      "Actual Startup Time": 83.811,
      "Actual Total Time": 90.954,
      "Actual Rows": 1,
      "Actual Loops": 1,
      "Plans": [
        {
          "Node Type": "Gather",
          "Parent Relationship": "Outer",
          "Parallel Aware": false,
          "Startup Cost": 32801.95,
          "Total Cost": 32802.26,
          "Plan Rows": 3,
          "Plan Width": 8,
          "Actual Startup Time": 83.722,
          "Actual Total Time": 90.934,
          "Actual Rows": 4,
          "Actual Loops": 1,
          "Workers Planned": 3,
          "Workers Launched": 3,
          "Single Copy": false,
          "Plans": [
            {
              "Node Type": "Aggregate",
              "Strategy": "Plain",
              "Partial Mode": "Partial",
              "Parent Relationship": "Outer",
              "Parallel Aware": false,
              "Startup Cost": 31801.95,
              "Total Cost": 31801.96,
              "Plan Rows": 1,
              "Plan Width": 8,
              "Actual Startup Time": 78.66,
              "Actual Total Time": 78.661,
              "Actual Rows": 1,
              "Actual Loops": 4,
              "Plans": [
                {
                  "Node Type": "Seq Scan",
                  "Parent Relationship": "Outer",
                  "Parallel Aware": true,
                  "Relation Name": "movie_companies",
                  "Alias": "mc",
                  "Startup Cost": 0.0,
                  "Total Cost": 31414.82,
                  "Plan Rows": 154853,
                  "Plan Width": 0,
                  "Actual Startup Time": 36.038,
                  "Actual Total Time": 70.407,
                  "Actual Rows": 198063,
                  "Actual Loops": 4,
                  "Filter": "((company_id > 19491) AND (company_type_id = 2))",
                  "Rows Removed by Filter": 454220
                }
              ]
            }
          ]
        }
      ]
    },
    "Planning Time": 0.124,
    "Triggers": [],
    "Execution Time": 90.989
  }
]