[
    {
        "Bao": {
            "Bao prediction": "NaN",
            "Bao recommended hint": "(no hint)"
        }
    },
    {
        "Plan": {
            "Node Type": "Aggregate",
            "Strategy": "Plain",
            "Partial Mode": "Finalize",
            "Parallel Aware": false,
            "Startup Cost": 349971.97,
            "Total Cost": 349971.98,
            "Plan Rows": 1,
            "Plan Width": 8,
            "Actual Startup Time": 719.462,
            "Actual Total Time": 749.344,
            "Actual Rows": 1,
            "Actual Loops": 1,
            "Output": [
                "count(*)"
            ],
            "Plans": [
                {
                    "Node Type": "Gather",
                    "Parent Relationship": "Outer",
                    "Parallel Aware": false,
                    "Startup Cost": 349971.35,
                    "Total Cost": 349971.96,
                    "Plan Rows": 6,
                    "Plan Width": 8,
                    "Actual Startup Time": 719.36,
                    "Actual Total Time": 749.335,
                    "Actual Rows": 7,
                    "Actual Loops": 1,
                    "Output": [
                        "(PARTIAL count(*))"
                    ],
                    "Workers Planned": 6,
                    "Workers Launched": 6,
                    "Single Copy": false,
                    "Plans": [
                        {
                            "Node Type": "Aggregate",
                            "Strategy": "Plain",
                            "Partial Mode": "Partial",
                            "Parent Relationship": "Outer",
                            "Parallel Aware": false,
                            "Startup Cost": 348971.35,
                            "Total Cost": 348971.36,
                            "Plan Rows": 1,
                            "Plan Width": 8,
                            "Actual Startup Time": 709.886,
                            "Actual Total Time": 709.887,
                            "Actual Rows": 1,
                            "Actual Loops": 7,
                            "Output": [
                                "PARTIAL count(*)"
                            ],
                            "Workers": [
                                {
                                    "Worker Number": 0,
                                    "Actual Startup Time": 707.552,
                                    "Actual Total Time": 707.553,
                                    "Actual Rows": 1,
                                    "Actual Loops": 1
                                },
                                {
                                    "Worker Number": 1,
                                    "Actual Startup Time": 708.165,
                                    "Actual Total Time": 708.166,
                                    "Actual Rows": 1,
                                    "Actual Loops": 1
                                },
                                {
                                    "Worker Number": 2,
                                    "Actual Startup Time": 708.313,
                                    "Actual Total Time": 708.314,
                                    "Actual Rows": 1,
                                    "Actual Loops": 1
                                },
                                {
                                    "Worker Number": 3,
                                    "Actual Startup Time": 708.419,
                                    "Actual Total Time": 708.42,
                                    "Actual Rows": 1,
                                    "Actual Loops": 1
                                },
                                {
                                    "Worker Number": 4,
                                    "Actual Startup Time": 708.676,
                                    "Actual Total Time": 708.678,
                                    "Actual Rows": 1,
                                    "Actual Loops": 1
                                },
                                {
                                    "Worker Number": 5,
                                    "Actual Startup Time": 709.023,
                                    "Actual Total Time": 709.024,
                                    "Actual Rows": 1,
                                    "Actual Loops": 1
                                }
                            ],
                            "Plans": [
                                {
                                    "Node Type": "Seq Scan",
                                    "Parent Relationship": "Outer",
                                    "Parallel Aware": true,
                                    "Relation Name": "cast_info",
                                    "Schema": "public",
                                    "Alias": "ci",
                                    "Startup Cost": 0.0,
                                    "Total Cost": 343318.94,
                                    "Plan Rows": 2260962,
                                    "Plan Width": 0,
                                    "Actual Startup Time": 219.449,
                                    "Actual Total Time": 649.436,
                                    "Actual Rows": 1166955,
                                    "Actual Loops": 7,
                                    "Output": [
                                        "id",
                                        "person_id",
                                        "movie_id",
                                        "person_role_id",
                                        "note",
                                        "nr_order",
                                        "role_id"
                                    ],
                                    "Filter": "((ci.person_id < 2099967) AND (ci.role_id > 1))",
                                    "Rows Removed by Filter": 4010809,
                                    "Workers": [
                                        {
                                            "Worker Number": 0,
                                            "Actual Startup Time": 217.103,
                                            "Actual Total Time": 648.256,
                                            "Actual Rows": 876127,
                                            "Actual Loops": 1
                                        },
                                        {
                                            "Worker Number": 1,
                                            "Actual Startup Time": 217.726,
                                            "Actual Total Time": 647.663,
                                            "Actual Rows": 896680,
                                            "Actual Loops": 1
                                        },
                                        {
                                            "Worker Number": 2,
                                            "Actual Startup Time": 217.885,
                                            "Actual Total Time": 647.996,
                                            "Actual Rows": 891727,
                                            "Actual Loops": 1
                                        },
                                        {
                                            "Worker Number": 3,
                                            "Actual Startup Time": 217.968,
                                            "Actual Total Time": 647.972,
                                            "Actual Rows": 934940,
                                            "Actual Loops": 1
                                        },
                                        {
                                            "Worker Number": 4,
                                            "Actual Startup Time": 218.247,
                                            "Actual Total Time": 648.183,
                                            "Actual Rows": 1448479,
                                            "Actual Loops": 1
                                        },
                                        {
                                            "Worker Number": 5,
                                            "Actual Startup Time": 218.588,
                                            "Actual Total Time": 651.469,
                                            "Actual Rows": 1392306,
                                            "Actual Loops": 1
                                        }
                                    ]
                                }
                            ]
                        }
                    ]
                }
            ]
        },
        "Planning Time": 195.906,
        "Triggers": [],
        "Execution Time": 749.396
    }
]