[
  {
    "Plan": {
      "Node Type": "Aggregate",
      "Strategy": "Plain",
      "Partial Mode": "Finalize",
      "Parallel Aware": false,
      "Startup Cost": 33168.81,
      "Total Cost": 33168.82,
      "Plan Rows": 1,
      "Plan Width": 8,
      "Actual Startup Time": 103.596,
      "Actual Total Time": 108.455,
      "Actual Rows": 1,
      "Actual Loops": 1,
      "Plans": [
        {
          "Node Type": "Gather",
          "Parent Relationship": "Outer",
          "Parallel Aware": false,
          "Startup Cost": 33168.49,
          "Total Cost": 33168.8,
          "Plan Rows": 3,
          "Plan Width": 8,
          "Actual Startup Time": 103.511,
          "Actual Total Time": 108.449,
          "Actual Rows": 4,
          "Actual Loops": 1,
          "Workers Planned": 3,
          "Workers Launched": 3,
          "Single Copy": false,
          "Plans": [
            {
              "Node Type": "Aggregate",
              "Strategy": "Plain",
              "Partial Mode": "Partial",
              "Parent Relationship": "Outer",
              "Parallel Aware": false,
              "Startup Cost": 32168.49,
              "Total Cost": 32168.5,
              "Plan Rows": 1,
              "Plan Width": 8,
              "Actual Startup Time": 98.011,
              "Actual Total Time": 98.012,
              "Actual Rows": 1,
              "Actual Loops": 4,
              "Plans": [
                {
                  "Node Type": "Seq Scan",
                  "Parent Relationship": "Outer",
                  "Parallel Aware": true,
                  "Relation Name": "movie_companies",
                  "Alias": "mc",
                  "Startup Cost": 0.0,
                  "Total Cost": 31414.82,
                  "Plan Rows": 301468,
                  "Plan Width": 0,
                  "Actual Startup Time": 0.036,
                  "Actual Total Time": 79.822,
                  "Actual Rows": 309930,
                  "Actual Loops": 4,
                  "Filter": "((company_id < 45197) AND (company_type_id < 2))",
                  "Rows Removed by Filter": 342352
                }
              ]
            }
          ]
        }
      ]
    },
    "Planning Time": 0.129,
    "Triggers": [],
    "Execution Time": 108.491
  }
]