[
  {
    "Plan": {
      "Node Type": "Aggregate",
      "Strategy": "Plain",
      "Partial Mode": "Finalize",
      "Parallel Aware": false,
      "Startup Cost": 33178.17,
      "Total Cost": 33178.18,
      "Plan Rows": 1,
      "Plan Width": 8,
      "Actual Startup Time": 107.571,
      "Actual Total Time": 115.863,
      "Actual Rows": 1,
      "Actual Loops": 1,
      "Plans": [
        {
          "Node Type": "Gather",
          "Parent Relationship": "Outer",
          "Parallel Aware": false,
          "Startup Cost": 33177.86,
          "Total Cost": 33178.17,
          "Plan Rows": 3,
          "Plan Width": 8,
          "Actual Startup Time": 107.46,
          "Actual Total Time": 115.855,
          "Actual Rows": 4,
          "Actual Loops": 1,
          "Workers Planned": 3,
          "Workers Launched": 3,
          "Single Copy": false,
          "Plans": [
            {
              "Node Type": "Aggregate",
              "Strategy": "Plain",
              "Partial Mode": "Partial",
              "Parent Relationship": "Outer",
              "Parallel Aware": false,
              "Startup Cost": 32177.86,
              "Total Cost": 32177.87,
              "Plan Rows": 1,
              "Plan Width": 8,
              "Actual Startup Time": 100.431,
              "Actual Total Time": 100.433,
              "Actual Rows": 1,
              "Actual Loops": 4,
              "Plans": [
                {
                  "Node Type": "Seq Scan",
                  "Parent Relationship": "Outer",
                  "Parallel Aware": true,
                  "Relation Name": "movie_companies",
                  "Alias": "mc",
                  "Startup Cost": 0.0,
                  "Total Cost": 31414.82,
                  "Plan Rows": 305215,
                  "Plan Width": 0,
                  "Actual Startup Time": 0.045,
                  "Actual Total Time": 82.97,
                  "Actual Rows": 309930,
                  "Actual Loops": 4,
                  "Filter": "((company_id < 45197) AND (company_type_id < 2))",
                  "Rows Removed by Filter": 342352
                }
              ]
            }
          ]
        }
      ]
    },
    "Planning Time": 0.234,
    "Triggers": [],
    "Execution Time": 115.928
  }
]