{
  "Plan": {
    "Node Type": "Aggregate",
    "Strategy": "Plain",
    "Partial Mode": "Finalize",
    "Parallel Aware": false,
    "Startup Cost": 265354.38,
    "Total Cost": 265354.39,
    "Plan Rows": 1,
    "Plan Width": 8,
    "Actual Startup Time": 700.425,
    "Actual Total Time": 715.691,
    "Actual Rows": 1,
    "Actual Loops": 1,
    "Plans": [
      {
        "Node Type": "Gather",
        "Parent Relationship": "Outer",
        "Parallel Aware": false,
        "Startup Cost": 265354.26,
        "Total Cost": 265354.37,
        "Plan Rows": 1,
        "Plan Width": 8,
        "Actual Startup Time": 696.578,
        "Actual Total Time": 715.684,
        "Actual Rows": 2,
        "Actual Loops": 1,
        "Workers Planned": 1,
        "Workers Launched": 1,
        "Single Copy": false,
        "Plans": [
          {
            "Node Type": "Aggregate",
            "Strategy": "Plain",
            "Partial Mode": "Partial",
            "Parent Relationship": "Outer",
            "Parallel Aware": false,
            "Startup Cost": 264354.26,
            "Total Cost": 264354.27,
            "Plan Rows": 1,
            "Plan Width": 8,
            "Actual Startup Time": 689.59,
            "Actual Total Time": 689.596,
            "Actual Rows": 1,
            "Actual Loops": 2,
            "Plans": [
              {
                "Node Type": "Hash Join",
                "Parent Relationship": "Outer",
                "Parallel Aware": true,
                "Join Type": "Inner",
                "Startup Cost": 244390.96,
                "Total Cost": 264095.9,
                "Plan Rows": 103344,
                "Plan Width": 0,
                "Actual Startup Time": 536.042,
                "Actual Total Time": 673.383,
                "Actual Rows": 426578,
                "Actual Loops": 2,
                "Inner Unique": false,
                "Hash Cond": "(mi_idx.movie_id = t.id)",
                "Plans": [
                  {
                    "Node Type": "Seq Scan",
                    "Parent Relationship": "Outer",
                    "Parallel Aware": true,
                    "Relation Name": "movie_info_idx",
                    "Alias": "mi_idx",
                    "Startup Cost": 0.0,
                    "Total Cost": 16052.85,
                    "Plan Rows": 811785,
                    "Plan Width": 4,
                    "Actual Startup Time": 0.026,
                    "Actual Total Time": 47.709,
                    "Actual Rows": 690018,
                    "Actual Loops": 2
                  },
                  {
                    "Node Type": "Hash",
                    "Parent Relationship": "Inner",
                    "Parallel Aware": true,
                    "Startup Cost": 242024.32,
                    "Total Cost": 242024.32,
                    "Plan Rows": 189331,
                    "Plan Width": 8,
                    "Actual Startup Time": 530.323,
                    "Actual Total Time": 530.327,
                    "Actual Rows": 158702,
                    "Actual Loops": 2,
                    "Hash Buckets": 524288,
                    "Original Hash Buckets": 524288,
                    "Hash Batches": 1,
                    "Original Hash Batches": 1,
                    "Peak Memory Usage": 16544,
                    "Plans": [
                      {
                        "Node Type": "Hash Join",
                        "Parent Relationship": "Outer",
                        "Parallel Aware": true,
                        "Join Type": "Inner",
                        "Startup Cost": 75695.18,
                        "Total Cost": 242024.32,
                        "Plan Rows": 189331,
                        "Plan Width": 8,
                        "Actual Startup Time": 419.186,
                        "Actual Total Time": 499.284,
                        "Actual Rows": 158702,
                        "Actual Loops": 2,
                        "Inner Unique": true,
                        "Hash Cond": "(mi.movie_id = t.id)",
                        "Plans": [
                          {
                            "Node Type": "Bitmap Heap Scan",
                            "Parent Relationship": "Outer",
                            "Parallel Aware": true,
                            "Relation Name": "movie_info",
                            "Alias": "mi",
                            "Startup Cost": 8829.54,
                            "Total Cost": 174406.13,
                            "Plan Rows": 286687,
                            "Plan Width": 4,
                            "Actual Startup Time": 14.187,
                            "Actual Total Time": 40.2,
                            "Actual Rows": 232818,
                            "Actual Loops": 2,
                            "Recheck Cond": "(info_type_id > 103)",
                            "Rows Removed by Index Recheck": 0,
                            "Exact Heap Blocks": 3125,
                            "Lossy Heap Blocks": 0,
                            "Plans": [
                              {
                                "Node Type": "Bitmap Index Scan",
                                "Parent Relationship": "Outer",
                                "Parallel Aware": false,
                                "Index Name": "info_type_id_movie_info",
                                "Startup Cost": 0.0,
                                "Total Cost": 8707.69,
                                "Plan Rows": 487368,
                                "Plan Width": 0,
                                "Actual Startup Time": 13.378,
                                "Actual Total Time": 13.379,
                                "Actual Rows": 465636,
                                "Actual Loops": 1,
                                "Index Cond": "(info_type_id > 103)"
                              }
                            ]
                          },
                          {
                            "Node Type": "Hash",
                            "Parent Relationship": "Inner",
                            "Parallel Aware": true,
                            "Startup Cost": 54588.39,
                            "Total Cost": 54588.39,
                            "Plan Rows": 982180,
                            "Plan Width": 4,
                            "Actual Startup Time": 393.727,
                            "Actual Total Time": 393.727,
                            "Actual Rows": 835646,
                            "Actual Loops": 2,
                            "Hash Buckets": 2097152,
                            "Original Hash Buckets": 2097152,
                            "Hash Batches": 1,
                            "Original Hash Batches": 1,
                            "Peak Memory Usage": 81792,
                            "Plans": [
                              {
                                "Node Type": "Seq Scan",
                                "Parent Relationship": "Outer",
                                "Parallel Aware": true,
                                "Relation Name": "title",
                                "Alias": "t",
                                "Startup Cost": 0.0,
                                "Total Cost": 54588.39,
                                "Plan Rows": 982180,
                                "Plan Width": 4,
                                "Actual Startup Time": 0.033,
                                "Actual Total Time": 174.404,
                                "Actual Rows": 835646,
                                "Actual Loops": 2,
                                "Filter": "(production_year < 2008)",
                                "Rows Removed by Filter": 428510
                              }
                            ]
                          }
                        ]
                      }
                    ]
                  }
                ]
              }
            ]
          }
        ]
      }
    ]
  },
  "Planning Time": 1.058,
  "Triggers": [],
  "Execution Time": 715.793
}