[
  {
    "Plan": {
      "Node Type": "Aggregate",
      "Strategy": "Plain",
      "Partial Mode": "Finalize",
      "Parallel Aware": false,
      "Startup Cost": 77542.36,
      "Total Cost": 77542.37,
      "Plan Rows": 1,
      "Plan Width": 8,
      "Actual Startup Time": 273.655,
      "Actual Total Time": 287.194,
      "Actual Rows": 1,
      "Actual Loops": 1,
      "Plans": [
        {
          "Node Type": "Gather",
          "Parent Relationship": "Outer",
          "Parallel Aware": false,
          "Startup Cost": 77541.94,
          "Total Cost": 77542.35,
          "Plan Rows": 4,
          "Plan Width": 8,
          "Actual Startup Time": 267.956,
          "Actual Total Time": 287.185,
          "Actual Rows": 5,
          "Actual Loops": 1,
          "Workers Planned": 4,
          "Workers Launched": 4,
          "Single Copy": false,
          "Plans": [
            {
              "Node Type": "Aggregate",
              "Strategy": "Plain",
              "Partial Mode": "Partial",
              "Parent Relationship": "Outer",
              "Parallel Aware": false,
              "Startup Cost": 76541.94,
              "Total Cost": 76541.95,
              "Plan Rows": 1,
              "Plan Width": 8,
              "Actual Startup Time": 258.528,
              "Actual Total Time": 258.542,
              "Actual Rows": 1,
              "Actual Loops": 5,
              "Plans": [
                {
                  "Node Type": "Hash Join",
                  "Parent Relationship": "Outer",
                  "Parallel Aware": true,
                  "Join Type": "Inner",
                  "Startup Cost": 46574.99,
                  "Total Cost": 76444.3,
                  "Plan Rows": 39054,
                  "Plan Width": 0,
                  "Actual Startup Time": 156.563,
                  "Actual Total Time": 254.87,
                  "Actual Rows": 75172,
                  "Actual Loops": 5,
                  "Inner Unique": true,
                  "Hash Cond": "(ci.movie_id = t.id)",
                  "Plans": [
                    {
                      "Node Type": "Index Scan",
                      "Parent Relationship": "Outer",
                      "Parallel Aware": true,
                      "Scan Direction": "Forward",
                      "Index Name": "role_id_cast_info",
                      "Relation Name": "cast_info",
                      "Alias": "ci",
                      "Startup Cost": 0.56,
                      "Total Cost": 29567.14,
                      "Plan Rows": 115327,
                      "Plan Width": 4,
                      "Actual Startup Time": 0.264,
                      "Actual Total Time": 43.303,
                      "Actual Rows": 171325,
                      "Actual Loops": 5,
                      "Index Cond": "(role_id = 9)",
                      "Rows Removed by Index Recheck": 0,
                      "Filter": "(person_id > 2059951)",
                      "Rows Removed by Filter": 47387
                    },
                    {
                      "Node Type": "Hash",
                      "Parent Relationship": "Inner",
                      "Parallel Aware": true,
                      "Startup Cost": 43898.92,
                      "Total Cost": 43898.92,
                      "Plan Rows": 214041,
                      "Plan Width": 4,
                      "Actual Startup Time": 152.087,
                      "Actual Total Time": 152.088,
                      "Actual Rows": 170843,
                      "Actual Loops": 5,
                      "Hash Buckets": 1048576,
                      "Original Hash Buckets": 1048576,
                      "Hash Batches": 1,
                      "Original Hash Batches": 1,
                      "Peak Memory Usage": 41696,
                      "Plans": [
                        {
                          "Node Type": "Seq Scan",
                          "Parent Relationship": "Outer",
                          "Parallel Aware": true,
                          "Relation Name": "title",
                          "Alias": "t",
                          "Startup Cost": 0.0,
                          "Total Cost": 43898.92,
                          "Plan Rows": 214041,
                          "Plan Width": 4,
                          "Actual Startup Time": 0.047,
                          "Actual Total Time": 92.677,
                          "Actual Rows": 170843,
                          "Actual Loops": 5,
                          "Filter": "(kind_id < 4)",
                          "Rows Removed by Filter": 334820
                        }
                      ]
                    }
                  ]
                }
              ]
            }
          ]
        }
      ]
    },
    "Planning Time": 0.664,
    "Triggers": [],
    "Execution Time": 287.283
  }
]