[
  {
    "Plan": {
      "Node Type": "Aggregate",
      "Strategy": "Plain",
      "Partial Mode": "Finalize",
      "Parallel Aware": false,
      "Startup Cost": 356794.52,
      "Total Cost": 356794.53,
      "Plan Rows": 1,
      "Plan Width": 8,
      "Actual Startup Time": 384.174,
      "Actual Total Time": 405.662,
      "Actual Rows": 1,
      "Actual Loops": 1,
      "Plans": [
        {
          "Node Type": "Gather",
          "Parent Relationship": "Outer",
          "Parallel Aware": false,
          "Startup Cost": 356793.9,
          "Total Cost": 356794.51,
          "Plan Rows": 6,
          "Plan Width": 8,
          "Actual Startup Time": 381.805,
          "Actual Total Time": 405.649,
          "Actual Rows": 7,
          "Actual Loops": 1,
          "Workers Planned": 6,
          "Workers Launched": 6,
          "Single Copy": false,
          "Plans": [
            {
              "Node Type": "Aggregate",
              "Strategy": "Plain",
              "Partial Mode": "Partial",
              "Parent Relationship": "Outer",
              "Parallel Aware": false,
              "Startup Cost": 355793.9,
              "Total Cost": 355793.91,
              "Plan Rows": 1,
              "Plan Width": 8,
              "Actual Startup Time": 371.842,
              "Actual Total Time": 371.847,
              "Actual Rows": 1,
              "Actual Loops": 7,
              "Plans": [
                {
                  "Node Type": "Hash Join",
                  "Parent Relationship": "Outer",
                  "Parallel Aware": true,
                  "Join Type": "Inner",
                  "Startup Cost": 97193.19,
                  "Total Cost": 355569.42,
                  "Plan Rows": 89792,
                  "Plan Width": 0,
                  "Actual Startup Time": 204.759,
                  "Actual Total Time": 367.659,
                  "Actual Rows": 71722,
                  "Actual Loops": 7,
                  "Inner Unique": true,
                  "Hash Cond": "(ci.movie_id = t.id)",
                  "Plans": [
                    {
                      "Node Type": "Bitmap Heap Scan",
                      "Parent Relationship": "Outer",
                      "Parallel Aware": true,
                      "Relation Name": "cast_info",
                      "Alias": "ci",
                      "Startup Cost": 49827.42,
                      "Total Cost": 307216.27,
                      "Plan Rows": 376148,
                      "Plan Width": 4,
                      "Actual Startup Time": 92.013,
                      "Actual Total Time": 166.605,
                      "Actual Rows": 331708,
                      "Actual Loops": 7,
                      "Recheck Cond": "(person_id < 226278)",
                      "Rows Removed by Index Recheck": 0,
                      "Exact Heap Blocks": 4528,
                      "Lossy Heap Blocks": 0,
                      "Plans": [
                        {
                          "Node Type": "Bitmap Index Scan",
                          "Parent Relationship": "Outer",
                          "Parallel Aware": false,
                          "Index Name": "person_id_cast_info",
                          "Startup Cost": 0.0,
                          "Total Cost": 49263.2,
                          "Plan Rows": 2256885,
                          "Plan Width": 0,
                          "Actual Startup Time": 88.159,
                          "Actual Total Time": 88.16,
                          "Actual Rows": 2321957,
                          "Actual Loops": 1,
                          "Index Cond": "(person_id < 226278)"
                        }
                      ]
                    },
                    {
                      "Node Type": "Hash",
                      "Parent Relationship": "Inner",
                      "Parallel Aware": true,
                      "Startup Cost": 45479.59,
                      "Total Cost": 45479.59,
                      "Plan Rows": 150894,
                      "Plan Width": 4,
                      "Actual Startup Time": 110.714,
                      "Actual Total Time": 110.715,
                      "Actual Rows": 72487,
                      "Actual Loops": 7,
                      "Hash Buckets": 1048576,
                      "Original Hash Buckets": 1048576,
                      "Hash Batches": 1,
                      "Original Hash Batches": 1,
                      "Peak Memory Usage": 28192,
                      "Plans": [
                        {
                          "Node Type": "Seq Scan",
                          "Parent Relationship": "Outer",
                          "Parallel Aware": true,
                          "Relation Name": "title",
                          "Alias": "t",
                          "Startup Cost": 0.0,
                          "Total Cost": 45479.59,
                          "Plan Rows": 150894,
                          "Plan Width": 4,
                          "Actual Startup Time": 0.05,
                          "Actual Total Time": 77.681,
                          "Actual Rows": 72487,
                          "Actual Loops": 7,
                          "Filter": "((kind_id < 7) AND (production_year > 1997))",
                          "Rows Removed by Filter": 288701
                        }
                      ]
                    }
                  ]
                }
              ]
            }
          ]
        }
      ]
    },
    "Planning Time": 0.256,
    "Triggers": [],
    "Execution Time": 405.708
  }
]