[
  {
    "Plan": {
      "Node Type": "Aggregate",
      "Strategy": "Plain",
      "Partial Mode": "Finalize",
      "Parallel Aware": false,
      "Startup Cost": 393898.37,
      "Total Cost": 393898.38,
      "Plan Rows": 1,
      "Plan Width": 8,
      "Actual Startup Time": 2109.539,
      "Actual Total Time": 2167.496,
      "Actual Rows": 1,
      "Actual Loops": 1,
      "Plans": [
        {
          "Node Type": "Gather",
          "Parent Relationship": "Outer",
          "Parallel Aware": false,
          "Startup Cost": 393897.74,
          "Total Cost": 393898.35,
          "Plan Rows": 6,
          "Plan Width": 8,
          "Actual Startup Time": 2104.497,
          "Actual Total Time": 2167.481,
          "Actual Rows": 7,
          "Actual Loops": 1,
          "Workers Planned": 6,
          "Workers Launched": 6,
          "Single Copy": false,
          "Plans": [
            {
              "Node Type": "Aggregate",
              "Strategy": "Plain",
              "Partial Mode": "Partial",
              "Parent Relationship": "Outer",
              "Parallel Aware": false,
              "Startup Cost": 392897.74,
              "Total Cost": 392897.75,
              "Plan Rows": 1,
              "Plan Width": 8,
              "Actual Startup Time": 2096.646,
              "Actual Total Time": 2096.649,
              "Actual Rows": 1,
              "Actual Loops": 7,
              "Plans": [
                {
                  "Node Type": "Hash Join",
                  "Parent Relationship": "Outer",
                  "Parallel Aware": true,
                  "Join Type": "Inner",
                  "Startup Cost": 46259.45,
                  "Total Cost": 388816.7,
                  "Plan Rows": 1632419,
                  "Plan Width": 0,
                  "Actual Startup Time": 173.058,
                  "Actual Total Time": 2022.692,
                  "Actual Rows": 1448019,
                  "Actual Loops": 7,
                  "Inner Unique": true,
                  "Hash Cond": "(ci.movie_id = t.id)",
                  "Plans": [
                    {
                      "Node Type": "Seq Scan",
                      "Parent Relationship": "Outer",
                      "Parallel Aware": true,
                      "Relation Name": "cast_info",
                      "Alias": "ci",
                      "Startup Cost": 0.0,
                      "Total Cost": 328211.39,
                      "Plan Rows": 5465080,
                      "Plan Width": 4,
                      "Actual Startup Time": 42.818,
                      "Actual Total Time": 706.683,
                      "Actual Rows": 4664307,
                      "Actual Loops": 7,
                      "Filter": "(person_id > 344006)",
                      "Rows Removed by Filter": 513456
                    },
                    {
                      "Node Type": "Hash",
                      "Parent Relationship": "Inner",
                      "Parallel Aware": true,
                      "Startup Cost": 43899.32,
                      "Total Cost": 43899.32,
                      "Plan Rows": 188810,
                      "Plan Width": 4,
                      "Actual Startup Time": 127.976,
                      "Actual Total Time": 127.977,
                      "Actual Rows": 107668,
                      "Actual Loops": 7,
                      "Hash Buckets": 1048576,
                      "Original Hash Buckets": 1048576,
                      "Hash Batches": 1,
                      "Original Hash Batches": 1,
                      "Peak Memory Usage": 37792,
                      "Plans": [
                        {
                          "Node Type": "Seq Scan",
                          "Parent Relationship": "Outer",
                          "Parallel Aware": true,
                          "Relation Name": "title",
                          "Alias": "t",
                          "Startup Cost": 0.0,
                          "Total Cost": 43899.32,
                          "Plan Rows": 188810,
                          "Plan Width": 4,
                          "Actual Startup Time": 0.033,
                          "Actual Total Time": 76.166,
                          "Actual Rows": 107668,
                          "Actual Loops": 7,
                          "Filter": "(kind_id < 3)",
                          "Rows Removed by Filter": 253519
                        }
                      ]
                    }
                  ]
                }
              ]
            }
          ]
        }
      ]
    },
    "Planning Time": 0.467,
    "Triggers": [],
    "Execution Time": 2167.547
  }
]