[
  {
    "Plan": {
      "Node Type": "Aggregate",
      "Strategy": "Plain",
      "Partial Mode": "Finalize",
      "Parallel Aware": false,
      "Startup Cost": 97690.86,
      "Total Cost": 97690.87,
      "Plan Rows": 1,
      "Plan Width": 8,
      "Actual Startup Time": 407.384,
      "Actual Total Time": 431.565,
      "Actual Rows": 1,
      "Actual Loops": 1,
      "Plans": [
        {
          "Node Type": "Gather",
          "Parent Relationship": "Outer",
          "Parallel Aware": false,
          "Startup Cost": 97690.44,
          "Total Cost": 97690.85,
          "Plan Rows": 4,
          "Plan Width": 8,
          "Actual Startup Time": 403.795,
          "Actual Total Time": 431.553,
          "Actual Rows": 5,
          "Actual Loops": 1,
          "Workers Planned": 4,
          "Workers Launched": 4,
          "Single Copy": false,
          "Plans": [
            {
              "Node Type": "Aggregate",
              "Strategy": "Plain",
              "Partial Mode": "Partial",
              "Parent Relationship": "Outer",
              "Parallel Aware": false,
              "Startup Cost": 96690.44,
              "Total Cost": 96690.45,
              "Plan Rows": 1,
              "Plan Width": 8,
              "Actual Startup Time": 393.464,
              "Actual Total Time": 393.471,
              "Actual Rows": 1,
              "Actual Loops": 5,
              "Plans": [
                {
                  "Node Type": "Hash Join",
                  "Parent Relationship": "Outer",
                  "Parallel Aware": true,
                  "Join Type": "Inner",
                  "Startup Cost": 51724.75,
                  "Total Cost": 96655.75,
                  "Plan Rows": 13877,
                  "Plan Width": 0,
                  "Actual Startup Time": 228.117,
                  "Actual Total Time": 390.538,
                  "Actual Rows": 47302,
                  "Actual Loops": 5,
                  "Inner Unique": false,
                  "Hash Cond": "(t.id = mi_idx.movie_id)",
                  "Plans": [
                    {
                      "Node Type": "Seq Scan",
                      "Parent Relationship": "Outer",
                      "Parallel Aware": true,
                      "Relation Name": "title",
                      "Alias": "t",
                      "Startup Cost": 0.0,
                      "Total Cost": 42318.73,
                      "Plan Rows": 632073,
                      "Plan Width": 4,
                      "Actual Startup Time": 0.018,
                      "Actual Total Time": 75.147,
                      "Actual Rows": 505662,
                      "Actual Loops": 5
                    },
                    {
                      "Node Type": "Hash",
                      "Parent Relationship": "Inner",
                      "Parallel Aware": true,
                      "Startup Cost": 50514.77,
                      "Total Cost": 50514.77,
                      "Plan Rows": 96798,
                      "Plan Width": 8,
                      "Actual Startup Time": 225.063,
                      "Actual Total Time": 225.068,
                      "Actual Rows": 47302,
                      "Actual Loops": 5,
                      "Hash Buckets": 524288,
                      "Original Hash Buckets": 524288,
                      "Hash Batches": 1,
                      "Original Hash Batches": 1,
                      "Peak Memory Usage": 13408,
                      "Plans": [
                        {
                          "Node Type": "Hash Join",
                          "Parent Relationship": "Outer",
                          "Parallel Aware": true,
                          "Join Type": "Inner",
                          "Startup Cost": 24039.32,
                          "Total Cost": 50514.77,
                          "Plan Rows": 96798,
                          "Plan Width": 8,
                          "Actual Startup Time": 126.338,
                          "Actual Total Time": 206.724,
                          "Actual Rows": 47302,
                          "Actual Loops": 5,
                          "Inner Unique": false,
                          "Hash Cond": "(mk.movie_id = mi_idx.movie_id)",
                          "Plans": [
                            {
                              "Node Type": "Bitmap Heap Scan",
                              "Parent Relationship": "Outer",
                              "Parallel Aware": true,
                              "Relation Name": "movie_keyword",
                              "Alias": "mk",
                              "Startup Cost": 6548.77,
                              "Total Cost": 32247.49,
                              "Plan Rows": 99577,
                              "Plan Width": 4,
                              "Actual Startup Time": 34.78,
                              "Actual Total Time": 86.926,
                              "Actual Rows": 65052,
                              "Actual Loops": 5,
                              "Recheck Cond": "(keyword_id < 263)",
                              "Rows Removed by Index Recheck": 0,
                              "Exact Heap Blocks": 5794,
                              "Lossy Heap Blocks": 0,
                              "Plans": [
                                {
                                  "Node Type": "Bitmap Index Scan",
                                  "Parent Relationship": "Outer",
                                  "Parallel Aware": false,
                                  "Index Name": "keyword_id_movie_keyword",
                                  "Startup Cost": 0.0,
                                  "Total Cost": 6471.6,
                                  "Plan Rows": 308689,
                                  "Plan Width": 0,
                                  "Actual Startup Time": 28.996,
                                  "Actual Total Time": 28.997,
                                  "Actual Rows": 325260,
                                  "Actual Loops": 1,
                                  "Index Cond": "(keyword_id < 263)"
                                }
                              ]
                            },
                            {
                              "Node Type": "Hash",
                              "Parent Relationship": "Inner",
                              "Parallel Aware": true,
                              "Startup Cost": 15122.68,
                              "Total Cost": 15122.68,
                              "Plan Rows": 189429,
                              "Plan Width": 4,
                              "Actual Startup Time": 90.13,
                              "Actual Total Time": 90.131,
                              "Actual Rows": 91985,
                              "Actual Loops": 5,
                              "Hash Buckets": 524288,
                              "Original Hash Buckets": 524288,
                              "Hash Batches": 1,
                              "Original Hash Batches": 1,
                              "Peak Memory Usage": 22176,
                              "Plans": [
                                {
                                  "Node Type": "Seq Scan",
                                  "Parent Relationship": "Outer",
                                  "Parallel Aware": true,
                                  "Relation Name": "movie_info_idx",
                                  "Alias": "mi_idx",
                                  "Startup Cost": 0.0,
                                  "Total Cost": 15122.68,
                                  "Plan Rows": 189429,
                                  "Plan Width": 4,
                                  "Actual Startup Time": 0.074,
                                  "Actual Total Time": 45.466,
                                  "Actual Rows": 91985,
                                  "Actual Loops": 5,
                                  "Filter": "(info_type_id < 100)",
                                  "Rows Removed by Filter": 184022
                                }
                              ]
                            }
                          ]
                        }
                      ]
                    }
                  ]
                }
              ]
            }
          ]
        }
      ]
    },
    "Planning Time": 1.332,
    "Triggers": [],
    "Execution Time": 431.672
  }
]