{
  "Plan": {
    "Node Type": "Aggregate",
    "Strategy": "Plain",
    "Partial Mode": "Finalize",
    "Parallel Aware": false,
    "Startup Cost": 105335.87,
    "Total Cost": 105335.88,
    "Plan Rows": 1,
    "Plan Width": 8,
    "Actual Startup Time": 400.23,
    "Actual Total Time": 413.661,
    "Actual Rows": 1,
    "Actual Loops": 1,
    "Plans": [
      {
        "Node Type": "Gather",
        "Parent Relationship": "Outer",
        "Parallel Aware": false,
        "Startup Cost": 105335.76,
        "Total Cost": 105335.87,
        "Plan Rows": 1,
        "Plan Width": 8,
        "Actual Startup Time": 399.431,
        "Actual Total Time": 413.651,
        "Actual Rows": 2,
        "Actual Loops": 1,
        "Workers Planned": 1,
        "Workers Launched": 1,
        "Single Copy": false,
        "Plans": [
          {
            "Node Type": "Aggregate",
            "Strategy": "Plain",
            "Partial Mode": "Partial",
            "Parent Relationship": "Outer",
            "Parallel Aware": false,
            "Startup Cost": 104335.76,
            "Total Cost": 104335.77,
            "Plan Rows": 1,
            "Plan Width": 8,
            "Actual Startup Time": 393.831,
            "Actual Total Time": 393.835,
            "Actual Rows": 1,
            "Actual Loops": 2,
            "Plans": [
              {
                "Node Type": "Hash Join",
                "Parent Relationship": "Outer",
                "Parallel Aware": true,
                "Join Type": "Inner",
                "Startup Cost": 45209.05,
                "Total Cost": 104069.32,
                "Plan Rows": 106576,
                "Plan Width": 0,
                "Actual Startup Time": 162.558,
                "Actual Total Time": 391.025,
                "Actual Rows": 65414,
                "Actual Loops": 2,
                "Inner Unique": false,
                "Hash Cond": "(t.id = mc.movie_id)",
                "Plans": [
                  {
                    "Node Type": "Seq Scan",
                    "Parent Relationship": "Outer",
                    "Parallel Aware": true,
                    "Relation Name": "title",
                    "Alias": "t",
                    "Startup Cost": 0.0,
                    "Total Cost": 54588.39,
                    "Plan Rows": 583193,
                    "Plan Width": 4,
                    "Actual Startup Time": 0.017,
                    "Actual Total Time": 133.009,
                    "Actual Rows": 492524,
                    "Actual Loops": 2,
                    "Filter": "(kind_id < 7)",
                    "Rows Removed by Filter": 771632
                  },
                  {
                    "Node Type": "Hash",
                    "Parent Relationship": "Inner",
                    "Parallel Aware": true,
                    "Startup Cost": 41811.73,
                    "Total Cost": 41811.73,
                    "Plan Rows": 271786,
                    "Plan Width": 4,
                    "Actual Startup Time": 156.716,
                    "Actual Total Time": 156.717,
                    "Actual Rows": 132102,
                    "Actual Loops": 2,
                    "Hash Buckets": 524288,
                    "Original Hash Buckets": 524288,
                    "Hash Batches": 1,
                    "Original Hash Batches": 1,
                    "Peak Memory Usage": 14464,
                    "Plans": [
                      {
                        "Node Type": "Seq Scan",
                        "Parent Relationship": "Outer",
                        "Parallel Aware": true,
                        "Relation Name": "movie_companies",
                        "Alias": "mc",
                        "Startup Cost": 0.0,
                        "Total Cost": 41811.73,
                        "Plan Rows": 271786,
                        "Plan Width": 4,
                        "Actual Startup Time": 66.928,
                        "Actual Total Time": 120.866,
                        "Actual Rows": 132102,
                        "Actual Loops": 2,
                        "Filter": "((company_id < 2995) AND (company_type_id = 2))",
                        "Rows Removed by Filter": 1172462
                      }
                    ]
                  }
                ]
              }
            ]
          }
        ]
      }
    ]
  },
  "Planning Time": 0.651,
  "Triggers": [],
  "Execution Time": 413.735
}