[
  {
    "Plan": {
      "Node Type": "Aggregate",
      "Strategy": "Plain",
      "Partial Mode": "Finalize",
      "Parallel Aware": false,
      "Startup Cost": 44296.78,
      "Total Cost": 44296.79,
      "Plan Rows": 1,
      "Plan Width": 8,
      "Actual Startup Time": 128.495,
      "Actual Total Time": 138.519,
      "Actual Rows": 1,
      "Actual Loops": 1,
      "Plans": [
        {
          "Node Type": "Gather",
          "Parent Relationship": "Outer",
          "Parallel Aware": false,
          "Startup Cost": 44296.46,
          "Total Cost": 44296.77,
          "Plan Rows": 3,
          "Plan Width": 8,
          "Actual Startup Time": 128.342,
          "Actual Total Time": 138.508,
          "Actual Rows": 4,
          "Actual Loops": 1,
          "Workers Planned": 3,
          "Workers Launched": 3,
          "Single Copy": false,
          "Plans": [
            {
              "Node Type": "Aggregate",
              "Strategy": "Plain",
              "Partial Mode": "Partial",
              "Parent Relationship": "Outer",
              "Parallel Aware": false,
              "Startup Cost": 43296.46,
              "Total Cost": 43296.47,
              "Plan Rows": 1,
              "Plan Width": 8,
              "Actual Startup Time": 119.317,
              "Actual Total Time": 119.319,
              "Actual Rows": 1,
              "Actual Loops": 4,
              "Plans": [
                {
                  "Node Type": "Seq Scan",
                  "Parent Relationship": "Outer",
                  "Parallel Aware": true,
                  "Relation Name": "movie_keyword",
                  "Alias": "mk",
                  "Startup Cost": 0.0,
                  "Total Cost": 42695.65,
                  "Plan Rows": 240324,
                  "Plan Width": 0,
                  "Actual Startup Time": 6.341,
                  "Actual Total Time": 110.167,
                  "Actual Rows": 184537,
                  "Actual Loops": 4,
                  "Filter": "(keyword_id > 25514)",
                  "Rows Removed by Filter": 946446
                }
              ]
            }
          ]
        }
      ]
    },
    "Planning Time": 0.207,
    "Triggers": [],
    "Execution Time": 138.578
  }
]