[
  {
    "Plan": {
      "Node Type": "Aggregate",
      "Strategy": "Plain",
      "Partial Mode": "Finalize",
      "Parallel Aware": false,
      "Startup Cost": 32690.06,
      "Total Cost": 32690.07,
      "Plan Rows": 1,
      "Plan Width": 8,
      "Actual Startup Time": 83.565,
      "Actual Total Time": 91.315,
      "Actual Rows": 1,
      "Actual Loops": 1,
      "Plans": [
        {
          "Node Type": "Gather",
          "Parent Relationship": "Outer",
          "Parallel Aware": false,
          "Startup Cost": 32689.74,
          "Total Cost": 32690.05,
          "Plan Rows": 3,
          "Plan Width": 8,
          "Actual Startup Time": 83.439,
          "Actual Total Time": 91.308,
          "Actual Rows": 4,
          "Actual Loops": 1,
          "Workers Planned": 3,
          "Workers Launched": 3,
          "Single Copy": false,
          "Plans": [
            {
              "Node Type": "Aggregate",
              "Strategy": "Plain",
              "Partial Mode": "Partial",
              "Parent Relationship": "Outer",
              "Parallel Aware": false,
              "Startup Cost": 31689.74,
              "Total Cost": 31689.75,
              "Plan Rows": 1,
              "Plan Width": 8,
              "Actual Startup Time": 74.864,
              "Actual Total Time": 74.865,
              "Actual Rows": 1,
              "Actual Loops": 4,
              "Plans": [
                {
                  "Node Type": "Seq Scan",
                  "Parent Relationship": "Outer",
                  "Parallel Aware": true,
                  "Relation Name": "movie_companies",
                  "Alias": "mc",
                  "Startup Cost": 0.0,
                  "Total Cost": 31414.82,
                  "Plan Rows": 109968,
                  "Plan Width": 0,
                  "Actual Startup Time": 33.177,
                  "Actual Total Time": 74.396,
                  "Actual Rows": 9099,
                  "Actual Loops": 4,
                  "Filter": "((company_id > 44218) AND (company_type_id < 2))",
                  "Rows Removed by Filter": 643184
                }
              ]
            }
          ]
        }
      ]
    },
    "Planning Time": 0.157,
    "Triggers": [],
    "Execution Time": 91.36
  }
]