[
  {
    "Plan": {
      "Node Type": "Aggregate",
      "Strategy": "Plain",
      "Partial Mode": "Finalize",
      "Parallel Aware": false,
      "Startup Cost": 242129.41,
      "Total Cost": 242129.42,
      "Plan Rows": 1,
      "Plan Width": 8,
      "Actual Startup Time": 245.963,
      "Actual Total Time": 261.285,
      "Actual Rows": 1,
      "Actual Loops": 1,
      "Plans": [
        {
          "Node Type": "Gather",
          "Parent Relationship": "Outer",
          "Parallel Aware": false,
          "Startup Cost": 242128.89,
          "Total Cost": 242129.4,
          "Plan Rows": 5,
          "Plan Width": 8,
          "Actual Startup Time": 244.405,
          "Actual Total Time": 261.27,
          "Actual Rows": 6,
          "Actual Loops": 1,
          "Workers Planned": 5,
          "Workers Launched": 5,
          "Single Copy": false,
          "Plans": [
            {
              "Node Type": "Aggregate",
              "Strategy": "Plain",
              "Partial Mode": "Partial",
              "Parent Relationship": "Outer",
              "Parallel Aware": false,
              "Startup Cost": 241128.89,
              "Total Cost": 241128.9,
              "Plan Rows": 1,
              "Plan Width": 8,
              "Actual Startup Time": 233.655,
              "Actual Total Time": 233.66,
              "Actual Rows": 1,
              "Actual Loops": 6,
              "Plans": [
                {
                  "Node Type": "Nested Loop",
                  "Parent Relationship": "Outer",
                  "Parallel Aware": false,
                  "Join Type": "Inner",
                  "Startup Cost": 61420.85,
                  "Total Cost": 241074.34,
                  "Plan Rows": 21818,
                  "Plan Width": 0,
                  "Actual Startup Time": 155.984,
                  "Actual Total Time": 232.831,
                  "Actual Rows": 8612,
                  "Actual Loops": 6,
                  "Inner Unique": false,
                  "Join Filter": "(t.id = mc.movie_id)",
                  "Rows Removed by Join Filter": 0,
                  "Plans": [
                    {
                      "Node Type": "Hash Join",
                      "Parent Relationship": "Outer",
                      "Parallel Aware": true,
                      "Join Type": "Inner",
                      "Startup Cost": 61420.42,
                      "Total Cost": 225911.9,
                      "Plan Rows": 21144,
                      "Plan Width": 8,
                      "Actual Startup Time": 155.254,
                      "Actual Total Time": 210.184,
                      "Actual Rows": 4071,
                      "Actual Loops": 6,
                      "Inner Unique": true,
                      "Hash Cond": "(mi.movie_id = t.id)",
                      "Plans": [
                        {
                          "Node Type": "Bitmap Heap Scan",
                          "Parent Relationship": "Outer",
                          "Parallel Aware": true,
                          "Relation Name": "movie_info",
                          "Alias": "mi",
                          "Startup Cost": 14929.49,
                          "Total Cost": 178987.34,
                          "Plan Rows": 165188,
                          "Plan Width": 4,
                          "Actual Startup Time": 41.711,
                          "Actual Total Time": 62.003,
                          "Actual Rows": 133690,
                          "Actual Loops": 6,
                          "Recheck Cond": "(info_type_id < 2)",
                          "Rows Removed by Index Recheck": 0,
                          "Exact Heap Blocks": 821,
                          "Lossy Heap Blocks": 0,
                          "Plans": [
                            {
                              "Node Type": "Bitmap Index Scan",
                              "Parent Relationship": "Outer",
                              "Parallel Aware": false,
                              "Index Name": "info_type_id_movie_info",
                              "Startup Cost": 0.0,
                              "Total Cost": 14723.0,
                              "Plan Rows": 825942,
                              "Plan Width": 0,
                              "Actual Startup Time": 40.416,
                              "Actual Total Time": 40.417,
                              "Actual Rows": 802140,
                              "Actual Loops": 1,
                              "Index Cond": "(info_type_id < 2)"
                            }
                          ]
                        },
                        {
                          "Node Type": "Hash",
                          "Parent Relationship": "Inner",
                          "Parallel Aware": true,
                          "Startup Cost": 45479.59,
                          "Total Cost": 45479.59,
                          "Plan Rows": 80908,
                          "Plan Width": 4,
                          "Actual Startup Time": 111.523,
                          "Actual Total Time": 111.524,
                          "Actual Rows": 58256,
                          "Actual Loops": 6,
                          "Hash Buckets": 524288,
                          "Original Hash Buckets": 524288,
                          "Hash Batches": 1,
                          "Original Hash Batches": 1,
                          "Peak Memory Usage": 17888,
                          "Plans": [
                            {
                              "Node Type": "Seq Scan",
                              "Parent Relationship": "Outer",
                              "Parallel Aware": true,
                              "Relation Name": "title",
                              "Alias": "t",
                              "Startup Cost": 0.0,
                              "Total Cost": 45479.59,
                              "Plan Rows": 80908,
                              "Plan Width": 4,
                              "Actual Startup Time": 0.058,
                              "Actual Total Time": 85.37,
                              "Actual Rows": 58256,
                              "Actual Loops": 6,
                              "Filter": "((production_year > 2009) AND (kind_id = 7))",
                              "Rows Removed by Filter": 363130
                            }
                          ]
                        }
                      ]
                    },
                    {
                      "Node Type": "Index Only Scan",
                      "Parent Relationship": "Inner",
                      "Parallel Aware": false,
                      "Scan Direction": "Forward",
                      "Index Name": "movie_id_movie_companies",
                      "Relation Name": "movie_companies",
                      "Alias": "mc",
                      "Startup Cost": 0.43,
                      "Total Cost": 0.65,
                      "Plan Rows": 5,
                      "Plan Width": 4,
                      "Actual Startup Time": 0.004,
                      "Actual Total Time": 0.005,
                      "Actual Rows": 2,
                      "Actual Loops": 24428,
                      "Index Cond": "(movie_id = mi.movie_id)",
                      "Rows Removed by Index Recheck": 0,
                      "Heap Fetches": 51669
                    }
                  ]
                }
              ]
            }
          ]
        }
      ]
    },
    "Planning Time": 0.681,
    "Triggers": [],
    "Execution Time": 261.364
  }
]