{
  "Plan": {
    "Node Type": "Aggregate",
    "Strategy": "Plain",
    "Partial Mode": "Finalize",
    "Parallel Aware": false,
    "Startup Cost": 103909.87,
    "Total Cost": 103909.88,
    "Plan Rows": 1,
    "Plan Width": 8,
    "Actual Startup Time": 577.887,
    "Actual Total Time": 590.62,
    "Actual Rows": 1,
    "Actual Loops": 1,
    "Plans": [
      {
        "Node Type": "Gather",
        "Parent Relationship": "Outer",
        "Parallel Aware": false,
        "Startup Cost": 103909.76,
        "Total Cost": 103909.87,
        "Plan Rows": 1,
        "Plan Width": 8,
        "Actual Startup Time": 577.039,
        "Actual Total Time": 590.612,
        "Actual Rows": 2,
        "Actual Loops": 1,
        "Workers Planned": 1,
        "Workers Launched": 1,
        "Single Copy": false,
        "Plans": [
          {
            "Node Type": "Aggregate",
            "Strategy": "Plain",
            "Partial Mode": "Partial",
            "Parent Relationship": "Outer",
            "Parallel Aware": false,
            "Startup Cost": 102909.76,
            "Total Cost": 102909.77,
            "Plan Rows": 1,
            "Plan Width": 8,
            "Actual Startup Time": 571.242,
            "Actual Total Time": 571.246,
            "Actual Rows": 1,
            "Actual Loops": 2,
            "Plans": [
              {
                "Node Type": "Hash Join",
                "Parent Relationship": "Outer",
                "Parallel Aware": true,
                "Join Type": "Inner",
                "Startup Cost": 62454.72,
                "Total Cost": 102475.05,
                "Plan Rows": 173884,
                "Plan Width": 0,
                "Actual Startup Time": 336.828,
                "Actual Total Time": 560.05,
                "Actual Rows": 224900,
                "Actual Loops": 2,
                "Inner Unique": true,
                "Hash Cond": "(mc.movie_id = t.id)",
                "Plans": [
                  {
                    "Node Type": "Seq Scan",
                    "Parent Relationship": "Outer",
                    "Parallel Aware": true,
                    "Relation Name": "movie_companies",
                    "Alias": "mc",
                    "Startup Cost": 0.0,
                    "Total Cost": 37974.77,
                    "Plan Rows": 779260,
                    "Plan Width": 4,
                    "Actual Startup Time": 58.052,
                    "Actual Total Time": 137.292,
                    "Actual Rows": 667442,
                    "Actual Loops": 2,
                    "Filter": "(company_type_id = 2)",
                    "Rows Removed by Filter": 637123
                  },
                  {
                    "Node Type": "Hash",
                    "Parent Relationship": "Inner",
                    "Parallel Aware": true,
                    "Startup Cost": 58306.47,
                    "Total Cost": 58306.47,
                    "Plan Rows": 331860,
                    "Plan Width": 4,
                    "Actual Startup Time": 269.455,
                    "Actual Total Time": 269.456,
                    "Actual Rows": 238584,
                    "Actual Loops": 2,
                    "Hash Buckets": 1048576,
                    "Original Hash Buckets": 1048576,
                    "Hash Batches": 1,
                    "Original Hash Batches": 1,
                    "Peak Memory Usage": 26880,
                    "Plans": [
                      {
                        "Node Type": "Seq Scan",
                        "Parent Relationship": "Outer",
                        "Parallel Aware": true,
                        "Relation Name": "title",
                        "Alias": "t",
                        "Startup Cost": 0.0,
                        "Total Cost": 58306.47,
                        "Plan Rows": 331860,
                        "Plan Width": 4,
                        "Actual Startup Time": 0.038,
                        "Actual Total Time": 182.511,
                        "Actual Rows": 238584,
                        "Actual Loops": 2,
                        "Filter": "((kind_id < 7) AND (production_year > 1999))",
                        "Rows Removed by Filter": 1025572
                      }
                    ]
                  }
                ]
              }
            ]
          }
        ]
      }
    ]
  },
  "Planning Time": 0.716,
  "Triggers": [],
  "Execution Time": 590.692
}