[
  {
    "Plan": {
      "Node Type": "Aggregate",
      "Strategy": "Plain",
      "Partial Mode": "Finalize",
      "Parallel Aware": false,
      "Startup Cost": 230887.09,
      "Total Cost": 230887.1,
      "Plan Rows": 1,
      "Plan Width": 8,
      "Actual Startup Time": 2631.396,
      "Actual Total Time": 2631.515,
      "Actual Rows": 1,
      "Actual Loops": 1,
      "Plans": [
        {
          "Node Type": "Gather",
          "Parent Relationship": "Outer",
          "Parallel Aware": false,
          "Startup Cost": 230886.67,
          "Total Cost": 230887.08,
          "Plan Rows": 4,
          "Plan Width": 8,
          "Actual Startup Time": 2631.38,
          "Actual Total Time": 2631.509,
          "Actual Rows": 5,
          "Actual Loops": 1,
          "Workers Planned": 4,
          "Workers Launched": 4,
          "Single Copy": false,
          "Plans": [
            {
              "Node Type": "Aggregate",
              "Strategy": "Plain",
              "Partial Mode": "Partial",
              "Parent Relationship": "Outer",
              "Parallel Aware": false,
              "Startup Cost": 229886.67,
              "Total Cost": 229886.68,
              "Plan Rows": 1,
              "Plan Width": 8,
              "Actual Startup Time": 2197.806,
              "Actual Total Time": 2197.809,
              "Actual Rows": 1,
              "Actual Loops": 5,
              "Plans": [
                {
                  "Node Type": "Nested Loop",
                  "Parent Relationship": "Outer",
                  "Parallel Aware": false,
                  "Join Type": "Inner",
                  "Startup Cost": 121568.39,
                  "Total Cost": 229086.48,
                  "Plan Rows": 320079,
                  "Plan Width": 0,
                  "Actual Startup Time": 316.771,
                  "Actual Total Time": 2145.109,
                  "Actual Rows": 1117834,
                  "Actual Loops": 5,
                  "Inner Unique": false,
                  "Plans": [
                    {
                      "Node Type": "Merge Join",
                      "Parent Relationship": "Outer",
                      "Parallel Aware": false,
                      "Join Type": "Inner",
                      "Startup Cost": 121567.83,
                      "Total Cost": 124719.15,
                      "Plan Rows": 22324,
                      "Plan Width": 8,
                      "Actual Startup Time": 316.621,
                      "Actual Total Time": 409.102,
                      "Actual Rows": 40637,
                      "Actual Loops": 5,
                      "Inner Unique": false,
                      "Merge Cond": "(t.id = mi_idx.movie_id)",
                      "Plans": [
                        {
                          "Node Type": "Sort",
                          "Parent Relationship": "Outer",
                          "Parallel Aware": false,
                          "Startup Cost": 55750.71,
                          "Total Cost": 56054.73,
                          "Plan Rows": 121610,
                          "Plan Width": 4,
                          "Actual Startup Time": 127.66,
                          "Actual Total Time": 150.796,
                          "Actual Rows": 113881,
                          "Actual Loops": 5,
                          "Sort Key": [
                            "t.id"
                          ],
                          "Sort Method": "quicksort",
                          "Sort Space Used": 13158,
                          "Sort Space Type": "Memory",
                          "Workers": [
                            {
                              "Worker Number": 0,
                              "Sort Method": "quicksort",
                              "Sort Space Used": 7121,
                              "Sort Space Type": "Memory"
                            },
                            {
                              "Worker Number": 1,
                              "Sort Method": "quicksort",
                              "Sort Space Used": 6991,
                              "Sort Space Type": "Memory"
                            },
                            {
                              "Worker Number": 2,
                              "Sort Method": "quicksort",
                              "Sort Space Used": 9172,
                              "Sort Space Type": "Memory"
                            },
                            {
                              "Worker Number": 3,
                              "Sort Method": "quicksort",
                              "Sort Space Used": 8725,
                              "Sort Space Type": "Memory"
                            }
                          ],
                          "Plans": [
                            {
                              "Node Type": "Seq Scan",
                              "Parent Relationship": "Outer",
                              "Parallel Aware": true,
                              "Relation Name": "title",
                              "Alias": "t",
                              "Startup Cost": 0.0,
                              "Total Cost": 45479.59,
                              "Plan Rows": 121610,
                              "Plan Width": 4,
                              "Actual Startup Time": 0.033,
                              "Actual Total Time": 95.026,
                              "Actual Rows": 114055,
                              "Actual Loops": 5,
                              "Filter": "((kind_id < 4) AND (production_year < 2006))",
                              "Rows Removed by Filter": 391607
                            }
                          ]
                        },
                        {
                          "Node Type": "Sort",
                          "Parent Relationship": "Inner",
                          "Parallel Aware": false,
                          "Startup Cost": 65817.04,
                          "Total Cost": 66977.42,
                          "Plan Rows": 464152,
                          "Plan Width": 4,
                          "Actual Startup Time": 188.915,
                          "Actual Total Time": 214.588,
                          "Actual Rows": 460185,
                          "Actual Loops": 5,
                          "Sort Key": [
                            "mi_idx.movie_id"
                          ],
                          "Sort Method": "quicksort",
                          "Sort Space Used": 33860,
                          "Sort Space Type": "Memory",
                          "Workers": [
                            {
                              "Worker Number": 0,
                              "Sort Method": "quicksort",
                              "Sort Space Used": 33860,
                              "Sort Space Type": "Memory"
                            },
                            {
                              "Worker Number": 1,
                              "Sort Method": "quicksort",
                              "Sort Space Used": 33860,
                              "Sort Space Type": "Memory"
                            },
                            {
                              "Worker Number": 2,
                              "Sort Method": "quicksort",
                              "Sort Space Used": 33860,
                              "Sort Space Type": "Memory"
                            },
                            {
                              "Worker Number": 3,
                              "Sort Method": "quicksort",
                              "Sort Space Used": 33860,
                              "Sort Space Type": "Memory"
                            }
                          ],
                          "Plans": [
                            {
                              "Node Type": "Bitmap Heap Scan",
                              "Parent Relationship": "Outer",
                              "Parallel Aware": false,
                              "Relation Name": "movie_info_idx",
                              "Alias": "mi_idx",
                              "Startup Cost": 8393.61,
                              "Total Cost": 22130.51,
                              "Plan Rows": 464152,
                              "Plan Width": 4,
                              "Actual Startup Time": 17.282,
                              "Actual Total Time": 85.796,
                              "Actual Rows": 460185,
                              "Actual Loops": 5,
                              "Recheck Cond": "(info_type_id > 100)",
                              "Rows Removed by Index Recheck": 0,
                              "Exact Heap Blocks": 7935,
                              "Lossy Heap Blocks": 0,
                              "Plans": [
                                {
                                  "Node Type": "Bitmap Index Scan",
                                  "Parent Relationship": "Outer",
                                  "Parallel Aware": false,
                                  "Index Name": "info_type_id_movie_info_idx",
                                  "Startup Cost": 0.0,
                                  "Total Cost": 8277.57,
                                  "Plan Rows": 464152,
                                  "Plan Width": 0,
                                  "Actual Startup Time": 16.264,
                                  "Actual Total Time": 16.264,
                                  "Actual Rows": 460185,
                                  "Actual Loops": 5,
                                  "Index Cond": "(info_type_id > 100)"
                                }
                              ]
                            }
                          ]
                        }
                      ]
                    },
                    {
                      "Node Type": "Index Only Scan",
                      "Parent Relationship": "Inner",
                      "Parallel Aware": false,
                      "Scan Direction": "Forward",
                      "Index Name": "movie_id_cast_info",
                      "Relation Name": "cast_info",
                      "Alias": "ci",
                      "Startup Cost": 0.56,
                      "Total Cost": 4.33,
                      "Plan Rows": 35,
                      "Plan Width": 4,
                      "Actual Startup Time": 0.006,
                      "Actual Total Time": 0.041,
                      "Actual Rows": 28,
                      "Actual Loops": 203184,
                      "Index Cond": "(movie_id = t.id)",
                      "Rows Removed by Index Recheck": 0,
                      "Heap Fetches": 5589171
                    }
                  ]
                }
              ]
            }
          ]
        }
      ]
    },
    "Planning Time": 0.819,
    "Triggers": [],
    "Execution Time": 2633.307
  }
]