[
  {
    "Plan": {
      "Node Type": "Aggregate",
      "Strategy": "Plain",
      "Partial Mode": "Finalize",
      "Parallel Aware": false,
      "Startup Cost": 82981.67,
      "Total Cost": 82981.68,
      "Plan Rows": 1,
      "Plan Width": 8,
      "Actual Startup Time": 374.55,
      "Actual Total Time": 395.068,
      "Actual Rows": 1,
      "Actual Loops": 1,
      "Plans": [
        {
          "Node Type": "Gather",
          "Parent Relationship": "Outer",
          "Parallel Aware": false,
          "Startup Cost": 82981.35,
          "Total Cost": 82981.66,
          "Plan Rows": 3,
          "Plan Width": 8,
          "Actual Startup Time": 370.963,
          "Actual Total Time": 395.059,
          "Actual Rows": 4,
          "Actual Loops": 1,
          "Workers Planned": 3,
          "Workers Launched": 3,
          "Single Copy": false,
          "Plans": [
            {
              "Node Type": "Aggregate",
              "Strategy": "Plain",
              "Partial Mode": "Partial",
              "Parent Relationship": "Outer",
              "Parallel Aware": false,
              "Startup Cost": 81981.35,
              "Total Cost": 81981.36,
              "Plan Rows": 1,
              "Plan Width": 8,
              "Actual Startup Time": 358.086,
              "Actual Total Time": 358.091,
              "Actual Rows": 1,
              "Actual Loops": 4,
              "Plans": [
                {
                  "Node Type": "Nested Loop",
                  "Parent Relationship": "Outer",
                  "Parallel Aware": false,
                  "Join Type": "Inner",
                  "Startup Cost": 49513.33,
                  "Total Cost": 81951.14,
                  "Plan Rows": 12086,
                  "Plan Width": 0,
                  "Actual Startup Time": 270.957,
                  "Actual Total Time": 356.644,
                  "Actual Rows": 20055,
                  "Actual Loops": 4,
                  "Inner Unique": false,
                  "Plans": [
                    {
                      "Node Type": "Hash Join",
                      "Parent Relationship": "Outer",
                      "Parallel Aware": true,
                      "Join Type": "Inner",
                      "Startup Cost": 49512.9,
                      "Total Cost": 74304.61,
                      "Plan Rows": 11712,
                      "Plan Width": 8,
                      "Actual Startup Time": 270.856,
                      "Actual Total Time": 305.803,
                      "Actual Rows": 9645,
                      "Actual Loops": 4,
                      "Inner Unique": true,
                      "Hash Cond": "(mk.movie_id = t.id)",
                      "Plans": [
                        {
                          "Node Type": "Bitmap Heap Scan",
                          "Parent Relationship": "Outer",
                          "Parallel Aware": true,
                          "Relation Name": "movie_keyword",
                          "Alias": "mk",
                          "Startup Cost": 1468.86,
                          "Total Cost": 26201.95,
                          "Plan Rows": 22328,
                          "Plan Width": 4,
                          "Actual Startup Time": 7.131,
                          "Actual Total Time": 28.858,
                          "Actual Rows": 18124,
                          "Actual Loops": 4,
                          "Recheck Cond": "(keyword_id = 335)",
                          "Rows Removed by Index Recheck": 0,
                          "Exact Heap Blocks": 4666,
                          "Lossy Heap Blocks": 0,
                          "Plans": [
                            {
                              "Node Type": "Bitmap Index Scan",
                              "Parent Relationship": "Outer",
                              "Parallel Aware": false,
                              "Index Name": "keyword_id_movie_keyword",
                              "Startup Cost": 0.0,
                              "Total Cost": 1451.55,
                              "Plan Rows": 69216,
                              "Plan Width": 0,
                              "Actual Startup Time": 4.839,
                              "Actual Total Time": 4.84,
                              "Actual Rows": 72496,
                              "Actual Loops": 1,
                              "Index Cond": "(keyword_id = 335)"
                            }
                          ]
                        },
                        {
                          "Node Type": "Hash",
                          "Parent Relationship": "Inner",
                          "Parallel Aware": true,
                          "Startup Cost": 43899.32,
                          "Total Cost": 43899.32,
                          "Plan Rows": 331578,
                          "Plan Width": 4,
                          "Actual Startup Time": 256.035,
                          "Actual Total Time": 256.036,
                          "Actual Rows": 330716,
                          "Actual Loops": 4,
                          "Hash Buckets": 2097152,
                          "Original Hash Buckets": 2097152,
                          "Hash Batches": 1,
                          "Original Hash Batches": 1,
                          "Peak Memory Usage": 68160,
                          "Plans": [
                            {
                              "Node Type": "Seq Scan",
                              "Parent Relationship": "Outer",
                              "Parallel Aware": true,
                              "Relation Name": "title",
                              "Alias": "t",
                              "Startup Cost": 0.0,
                              "Total Cost": 43899.32,
                              "Plan Rows": 331578,
                              "Plan Width": 4,
                              "Actual Startup Time": 0.042,
                              "Actual Total Time": 117.148,
                              "Actual Rows": 330716,
                              "Actual Loops": 4,
                              "Filter": "(production_year > 2001)",
                              "Rows Removed by Filter": 301362
                            }
                          ]
                        }
                      ]
                    },
                    {
                      "Node Type": "Index Only Scan",
                      "Parent Relationship": "Inner",
                      "Parallel Aware": false,
                      "Scan Direction": "Forward",
                      "Index Name": "movie_id_movie_companies",
                      "Relation Name": "movie_companies",
                      "Alias": "mc",
                      "Startup Cost": 0.43,
                      "Total Cost": 0.6,
                      "Plan Rows": 5,
                      "Plan Width": 4,
                      "Actual Startup Time": 0.004,
                      "Actual Total Time": 0.005,
                      "Actual Rows": 2,
                      "Actual Loops": 38581,
                      "Index Cond": "(movie_id = t.id)",
                      "Rows Removed by Index Recheck": 0,
                      "Heap Fetches": 80219
                    }
                  ]
                }
              ]
            }
          ]
        }
      ]
    },
    "Planning Time": 1.439,
    "Triggers": [],
    "Execution Time": 395.182
  }
]