[
  {
    "Plan": {
      "Node Type": "Aggregate",
      "Strategy": "Plain",
      "Partial Mode": "Finalize",
      "Parallel Aware": false,
      "Startup Cost": 30884.43,
      "Total Cost": 30884.44,
      "Plan Rows": 1,
      "Plan Width": 8,
      "Actual Startup Time": 98.076,
      "Actual Total Time": 103.711,
      "Actual Rows": 1,
      "Actual Loops": 1,
      "Plans": [
        {
          "Node Type": "Gather",
          "Parent Relationship": "Outer",
          "Parallel Aware": false,
          "Startup Cost": 30884.11,
          "Total Cost": 30884.42,
          "Plan Rows": 3,
          "Plan Width": 8,
          "Actual Startup Time": 97.911,
          "Actual Total Time": 103.701,
          "Actual Rows": 4,
          "Actual Loops": 1,
          "Workers Planned": 3,
          "Workers Launched": 3,
          "Single Copy": false,
          "Plans": [
            {
              "Node Type": "Aggregate",
              "Strategy": "Plain",
              "Partial Mode": "Partial",
              "Parent Relationship": "Outer",
              "Parallel Aware": false,
              "Startup Cost": 29884.11,
              "Total Cost": 29884.12,
              "Plan Rows": 1,
              "Plan Width": 8,
              "Actual Startup Time": 91.586,
              "Actual Total Time": 91.587,
              "Actual Rows": 1,
              "Actual Loops": 4,
              "Plans": [
                {
                  "Node Type": "Seq Scan",
                  "Parent Relationship": "Outer",
                  "Parallel Aware": true,
                  "Relation Name": "movie_companies",
                  "Alias": "mc",
                  "Startup Cost": 0.0,
                  "Total Cost": 29310.68,
                  "Plan Rows": 229371,
                  "Plan Width": 0,
                  "Actual Startup Time": 25.041,
                  "Actual Total Time": 81.263,
                  "Actual Rows": 175800,
                  "Actual Loops": 4,
                  "Filter": "(company_id > 44900)",
                  "Rows Removed by Filter": 476483
                }
              ]
            }
          ]
        }
      ]
    },
    "Planning Time": 0.102,
    "Triggers": [],
    "Execution Time": 103.745
  }
]