[
  {
    "Plan": {
      "Node Type": "Aggregate",
      "Strategy": "Plain",
      "Partial Mode": "Finalize",
      "Parallel Aware": false,
      "Startup Cost": 78250.02,
      "Total Cost": 78250.03,
      "Plan Rows": 1,
      "Plan Width": 8,
      "Actual Startup Time": 255.005,
      "Actual Total Time": 268.91,
      "Actual Rows": 1,
      "Actual Loops": 1,
      "Plans": [
        {
          "Node Type": "Gather",
          "Parent Relationship": "Outer",
          "Parallel Aware": false,
          "Startup Cost": 78249.7,
          "Total Cost": 78250.01,
          "Plan Rows": 3,
          "Plan Width": 8,
          "Actual Startup Time": 253.557,
          "Actual Total Time": 268.9,
          "Actual Rows": 4,
          "Actual Loops": 1,
          "Workers Planned": 3,
          "Workers Launched": 3,
          "Single Copy": false,
          "Plans": [
            {
              "Node Type": "Aggregate",
              "Strategy": "Plain",
              "Partial Mode": "Partial",
              "Parent Relationship": "Outer",
              "Parallel Aware": false,
              "Startup Cost": 77249.7,
              "Total Cost": 77249.71,
              "Plan Rows": 1,
              "Plan Width": 8,
              "Actual Startup Time": 245.189,
              "Actual Total Time": 245.192,
              "Actual Rows": 1,
              "Actual Loops": 4,
              "Plans": [
                {
                  "Node Type": "Hash Join",
                  "Parent Relationship": "Outer",
                  "Parallel Aware": true,
                  "Join Type": "Inner",
                  "Startup Cost": 46699.91,
                  "Total Cost": 77090.81,
                  "Plan Rows": 63556,
                  "Plan Width": 0,
                  "Actual Startup Time": 152.463,
                  "Actual Total Time": 242.117,
                  "Actual Rows": 60140,
                  "Actual Loops": 4,
                  "Inner Unique": true,
                  "Hash Cond": "(mc.movie_id = t.id)",
                  "Plans": [
                    {
                      "Node Type": "Seq Scan",
                      "Parent Relationship": "Outer",
                      "Parallel Aware": true,
                      "Relation Name": "movie_companies",
                      "Alias": "mc",
                      "Startup Cost": 0.0,
                      "Total Cost": 29310.68,
                      "Plan Rows": 411513,
                      "Plan Width": 4,
                      "Actual Startup Time": 0.01,
                      "Actual Total Time": 71.643,
                      "Actual Rows": 318562,
                      "Actual Loops": 4,
                      "Filter": "(company_type_id < 2)",
                      "Rows Removed by Filter": 333721
                    },
                    {
                      "Node Type": "Hash",
                      "Parent Relationship": "Inner",
                      "Parallel Aware": true,
                      "Startup Cost": 45479.59,
                      "Total Cost": 45479.59,
                      "Plan Rows": 97626,
                      "Plan Width": 4,
                      "Actual Startup Time": 120.899,
                      "Actual Total Time": 120.9,
                      "Actual Rows": 72423,
                      "Actual Loops": 4,
                      "Hash Buckets": 524288,
                      "Original Hash Buckets": 524288,
                      "Hash Batches": 1,
                      "Original Hash Batches": 1,
                      "Peak Memory Usage": 15488,
                      "Plans": [
                        {
                          "Node Type": "Seq Scan",
                          "Parent Relationship": "Outer",
                          "Parallel Aware": true,
                          "Relation Name": "title",
                          "Alias": "t",
                          "Startup Cost": 0.0,
                          "Total Cost": 45479.59,
                          "Plan Rows": 97626,
                          "Plan Width": 4,
                          "Actual Startup Time": 42.93,
                          "Actual Total Time": 98.928,
                          "Actual Rows": 72423,
                          "Actual Loops": 4,
                          "Filter": "((kind_id < 2) AND (production_year > 1998))",
                          "Rows Removed by Filter": 559655
                        }
                      ]
                    }
                  ]
                }
              ]
            }
          ]
        }
      ]
    },
    "Planning Time": 0.418,
    "Triggers": [],
    "Execution Time": 268.943
  }
]