[
  {
    "Bao": {
      "Bao prediction": 404.504,
      "Bao recommended hint": "(no hint)"
    }
  },
  {
    "Plan": {
      "Node Type": "Aggregate",
      "Strategy": "Plain",
      "Partial Mode": "Simple",
      "Parallel Aware": false,
      "Startup Cost": 6209.74,
      "Total Cost": 6209.75,
      "Plan Rows": 1,
      "Plan Width": 96,
      "Actual Startup Time": 189.019,
      "Actual Total Time": 189.029,
      "Actual Rows": 1,
      "Actual Loops": 1,
      "Plans": [
        {
          "Node Type": "Nested Loop",
          "Parent Relationship": "Outer",
          "Parallel Aware": false,
          "Join Type": "Inner",
          "Startup Cost": 14.5,
          "Total Cost": 6209.73,
          "Plan Rows": 1,
          "Plan Width": 48,
          "Actual Startup Time": 189.015,
          "Actual Total Time": 189.024,
          "Actual Rows": 0,
          "Actual Loops": 1,
          "Inner Unique": true,
          "Plans": [
            {
              "Node Type": "Nested Loop",
              "Parent Relationship": "Outer",
              "Parallel Aware": false,
              "Join Type": "Inner",
              "Startup Cost": 14.35,
              "Total Cost": 6209.55,
              "Plan Rows": 1,
              "Plan Width": 52,
              "Actual Startup Time": 189.015,
              "Actual Total Time": 189.023,
              "Actual Rows": 0,
              "Actual Loops": 1,
              "Inner Unique": false,
              "Join Filter": "(t.id = mi.movie_id)",
              "Rows Removed by Join Filter": 0,
              "Plans": [
                {
                  "Node Type": "Nested Loop",
                  "Parent Relationship": "Outer",
                  "Parallel Aware": false,
                  "Join Type": "Inner",
                  "Startup Cost": 13.92,
                  "Total Cost": 6207.96,
                  "Plan Rows": 1,
                  "Plan Width": 64,
                  "Actual Startup Time": 69.373,
                  "Actual Total Time": 188.308,
                  "Actual Rows": 7,
                  "Actual Loops": 1,
                  "Inner Unique": true,
                  "Plans": [
                    {
                      "Node Type": "Nested Loop",
                      "Parent Relationship": "Outer",
                      "Parallel Aware": false,
                      "Join Type": "Inner",
                      "Startup Cost": 13.5,
                      "Total Cost": 6207.52,
                      "Plan Rows": 1,
                      "Plan Width": 68,
                      "Actual Startup Time": 69.321,
                      "Actual Total Time": 187.874,
                      "Actual Rows": 29,
                      "Actual Loops": 1,
                      "Inner Unique": false,
                      "Join Filter": "(t.id = mc.movie_id)",
                      "Rows Removed by Join Filter": 0,
                      "Plans": [
                        {
                          "Node Type": "Nested Loop",
                          "Parent Relationship": "Outer",
                          "Parallel Aware": false,
                          "Join Type": "Inner",
                          "Startup Cost": 13.07,
                          "Total Cost": 6206.91,
                          "Plan Rows": 1,
                          "Plan Width": 60,
                          "Actual Startup Time": 69.275,
                          "Actual Total Time": 187.806,
                          "Actual Rows": 1,
                          "Actual Loops": 1,
                          "Inner Unique": true,
                          "Plans": [
                            {
                              "Node Type": "Nested Loop",
                              "Parent Relationship": "Outer",
                              "Parallel Aware": false,
                              "Join Type": "Inner",
                              "Startup Cost": 12.64,
                              "Total Cost": 6206.25,
                              "Plan Rows": 1,
                              "Plan Width": 48,
                              "Actual Startup Time": 69.241,
                              "Actual Total Time": 187.769,
                              "Actual Rows": 2,
                              "Actual Loops": 1,
                              "Inner Unique": false,
                              "Join Filter": "(n.id = an.person_id)",
                              "Rows Removed by Join Filter": 0,
                              "Plans": [
                                {
                                  "Node Type": "Nested Loop",
                                  "Parent Relationship": "Outer",
                                  "Parallel Aware": false,
                                  "Join Type": "Inner",
                                  "Startup Cost": 12.21,
                                  "Total Cost": 6205.69,
                                  "Plan Rows": 1,
                                  "Plan Width": 56,
                                  "Actual Startup Time": 69.204,
                                  "Actual Total Time": 187.686,
                                  "Actual Rows": 2,
                                  "Actual Loops": 1,
                                  "Inner Unique": true,
                                  "Plans": [
                                    {
                                      "Node Type": "Nested Loop",
                                      "Parent Relationship": "Outer",
                                      "Parallel Aware": false,
                                      "Join Type": "Inner",
                                      "Startup Cost": 11.78,
                                      "Total Cost": 6204.92,
                                      "Plan Rows": 1,
                                      "Plan Width": 37,
                                      "Actual Startup Time": 31.494,
                                      "Actual Total Time": 186.84,
                                      "Actual Rows": 47,
                                      "Actual Loops": 1,
                                      "Inner Unique": false,
                                      "Join Filter": "(ci.role_id = rt.id)",
                                      "Rows Removed by Join Filter": 193,
                                      "Plans": [
                                        {
                                          "Node Type": "Seq Scan",
                                          "Parent Relationship": "Outer",
                                          "Parallel Aware": false,
                                          "Relation Name": "role_type",
                                          "Alias": "rt",
                                          "Startup Cost": 0.0,
                                          "Total Cost": 1.15,
                                          "Plan Rows": 1,
                                          "Plan Width": 4,
                                          "Actual Startup Time": 0.012,
                                          "Actual Total Time": 0.015,
                                          "Actual Rows": 1,
                                          "Actual Loops": 1,
                                          "Filter": "((role)::text = 'actress'::text)",
                                          "Rows Removed by Filter": 11
                                        },
                                        {
                                          "Node Type": "Nested Loop",
                                          "Parent Relationship": "Inner",
                                          "Parallel Aware": false,
                                          "Join Type": "Inner",
                                          "Startup Cost": 11.78,
                                          "Total Cost": 6203.67,
                                          "Plan Rows": 8,
                                          "Plan Width": 41,
                                          "Actual Startup Time": 16.506,
                                          "Actual Total Time": 186.797,
                                          "Actual Rows": 240,
                                          "Actual Loops": 1,
                                          "Inner Unique": false,
                                          "Join Filter": "(t.id = ci.movie_id)",
                                          "Rows Removed by Join Filter": 0,
                                          "Plans": [
                                            {
                                              "Node Type": "Nested Loop",
                                              "Parent Relationship": "Outer",
                                              "Parallel Aware": false,
                                              "Join Type": "Inner",
                                              "Startup Cost": 11.22,
                                              "Total Cost": 6186.63,
                                              "Plan Rows": 10,
                                              "Plan Width": 25,
                                              "Actual Startup Time": 2.257,
                                              "Actual Total Time": 106.503,
                                              "Actual Rows": 620,
                                              "Actual Loops": 1,
                                              "Inner Unique": true,
                                              "Plans": [
                                                {
                                                  "Node Type": "Nested Loop",
                                                  "Parent Relationship": "Outer",
                                                  "Parallel Aware": false,
                                                  "Join Type": "Inner",
                                                  "Startup Cost": 10.79,
                                                  "Total Cost": 6137.16,
                                                  "Plan Rows": 101,
                                                  "Plan Width": 4,
                                                  "Actual Startup Time": 1.074,
                                                  "Actual Total Time": 42.859,
                                                  "Actual Rows": 9696,
                                                  "Actual Loops": 1,
                                                  "Inner Unique": false,
                                                  "Plans": [
                                                    {
                                                      "Node Type": "Seq Scan",
                                                      "Parent Relationship": "Outer",
                                                      "Parallel Aware": false,
                                                      "Relation Name": "keyword",
                                                      "Alias": "k",
                                                      "Startup Cost": 0.0,
                                                      "Total Cost": 2793.84,
                                                      "Plan Rows": 3,
                                                      "Plan Width": 4,
                                                      "Actual Startup Time": 0.029,
                                                      "Actual Total Time": 15.653,
                                                      "Actual Rows": 3,
                                                      "Actual Loops": 1,
                                                      "Filter": "(keyword = ANY ('{hero,martial-arts,hand-to-hand-combat}'::text[]))",
                                                      "Rows Removed by Filter": 134167
                                                    },
                                                    {
                                                      "Node Type": "Bitmap Heap Scan",
                                                      "Parent Relationship": "Inner",
                                                      "Parallel Aware": false,
                                                      "Relation Name": "movie_keyword",
                                                      "Alias": "mk",
                                                      "Startup Cost": 10.79,
                                                      "Total Cost": 1111.4,
                                                      "Plan Rows": 304,
                                                      "Plan Width": 8,
                                                      "Actual Startup Time": 0.818,
                                                      "Actual Total Time": 8.637,
                                                      "Actual Rows": 3232,
                                                      "Actual Loops": 3,
                                                      "Recheck Cond": "(keyword_id = k.id)",
                                                      "Rows Removed by Index Recheck": 0,
                                                      "Exact Heap Blocks": 7446,
                                                      "Lossy Heap Blocks": 0,
                                                      "Plans": [
                                                        {
                                                          "Node Type": "Bitmap Index Scan",
                                                          "Parent Relationship": "Outer",
                                                          "Parallel Aware": false,
                                                          "Index Name": "keyword_id_movie_keyword",
                                                          "Startup Cost": 0.0,
                                                          "Total Cost": 10.71,
                                                          "Plan Rows": 304,
                                                          "Plan Width": 0,
                                                          "Actual Startup Time": 0.575,
                                                          "Actual Total Time": 0.575,
                                                          "Actual Rows": 3232,
                                                          "Actual Loops": 3,
                                                          "Index Cond": "(keyword_id = k.id)"
                                                        }
                                                      ]
                                                    }
                                                  ]
                                                },
                                                {
                                                  "Node Type": "Index Scan",
                                                  "Parent Relationship": "Inner",
                                                  "Parallel Aware": false,
                                                  "Scan Direction": "Forward",
                                                  "Index Name": "title_pkey",
                                                  "Relation Name": "title",
                                                  "Alias": "t",
                                                  "Startup Cost": 0.43,
                                                  "Total Cost": 0.49,
                                                  "Plan Rows": 1,
                                                  "Plan Width": 21,
                                                  "Actual Startup Time": 0.006,
                                                  "Actual Total Time": 0.006,
                                                  "Actual Rows": 0,
                                                  "Actual Loops": 9696,
                                                  "Index Cond": "(id = mk.movie_id)",
                                                  "Rows Removed by Index Recheck": 0,
                                                  "Filter": "(production_year < 1960)",
                                                  "Rows Removed by Filter": 1
                                                }
                                              ]
                                            },
                                            {
                                              "Node Type": "Index Scan",
                                              "Parent Relationship": "Inner",
                                              "Parallel Aware": false,
                                              "Scan Direction": "Forward",
                                              "Index Name": "movie_id_cast_info",
                                              "Relation Name": "cast_info",
                                              "Alias": "ci",
                                              "Startup Cost": 0.56,
                                              "Total Cost": 1.69,
                                              "Plan Rows": 1,
                                              "Plan Width": 16,
                                              "Actual Startup Time": 0.12,
                                              "Actual Total Time": 0.129,
                                              "Actual Rows": 0,
                                              "Actual Loops": 620,
                                              "Index Cond": "(movie_id = mk.movie_id)",
                                              "Rows Removed by Index Recheck": 0,
                                              "Filter": "(note = ANY ('{(voice),\"(voice: Japanese version)\",\"(voice) (uncredited)\",\"(voice: English version)\"}'::text[]))",
                                              "Rows Removed by Filter": 39
                                            }
                                          ]
                                        }
                                      ]
                                    },
                                    {
                                      "Node Type": "Index Scan",
                                      "Parent Relationship": "Inner",
                                      "Parallel Aware": false,
                                      "Scan Direction": "Forward",
                                      "Index Name": "name_pkey",
                                      "Relation Name": "name",
                                      "Alias": "n",
                                      "Startup Cost": 0.43,
                                      "Total Cost": 0.78,
                                      "Plan Rows": 1,
                                      "Plan Width": 19,
                                      "Actual Startup Time": 0.017,
                                      "Actual Total Time": 0.017,
                                      "Actual Rows": 0,
                                      "Actual Loops": 47,
                                      "Index Cond": "(id = ci.person_id)",
                                      "Rows Removed by Index Recheck": 0,
                                      "Filter": "((name ~~ '%An%'::text) AND ((gender)::text = 'f'::text))",
                                      "Rows Removed by Filter": 1
                                    }
                                  ]
                                },
                                {
                                  "Node Type": "Index Only Scan",
                                  "Parent Relationship": "Inner",
                                  "Parallel Aware": false,
                                  "Scan Direction": "Forward",
                                  "Index Name": "person_id_aka_name",
                                  "Relation Name": "aka_name",
                                  "Alias": "an",
                                  "Startup Cost": 0.42,
                                  "Total Cost": 0.53,
                                  "Plan Rows": 2,
                                  "Plan Width": 4,
                                  "Actual Startup Time": 0.039,
                                  "Actual Total Time": 0.039,
                                  "Actual Rows": 1,
                                  "Actual Loops": 2,
                                  "Index Cond": "(person_id = ci.person_id)",
                                  "Rows Removed by Index Recheck": 0,
                                  "Heap Fetches": 2
                                }
                              ]
                            },
                            {
                              "Node Type": "Index Scan",
                              "Parent Relationship": "Inner",
                              "Parallel Aware": false,
                              "Scan Direction": "Forward",
                              "Index Name": "char_name_pkey",
                              "Relation Name": "char_name",
                              "Alias": "chn",
                              "Startup Cost": 0.43,
                              "Total Cost": 0.67,
                              "Plan Rows": 1,
                              "Plan Width": 20,
                              "Actual Startup Time": 0.016,
                              "Actual Total Time": 0.016,
                              "Actual Rows": 0,
                              "Actual Loops": 2,
                              "Index Cond": "(id = ci.person_role_id)",
                              "Rows Removed by Index Recheck": 0
                            }
                          ]
                        },
                        {
                          "Node Type": "Index Scan",
                          "Parent Relationship": "Inner",
                          "Parallel Aware": false,
                          "Scan Direction": "Forward",
                          "Index Name": "movie_id_movie_companies",
                          "Relation Name": "movie_companies",
                          "Alias": "mc",
                          "Startup Cost": 0.43,
                          "Total Cost": 0.54,
                          "Plan Rows": 5,
                          "Plan Width": 8,
                          "Actual Startup Time": 0.044,
                          "Actual Total Time": 0.059,
                          "Actual Rows": 29,
                          "Actual Loops": 1,
                          "Index Cond": "(movie_id = mk.movie_id)",
                          "Rows Removed by Index Recheck": 0
                        }
                      ]
                    },
                    {
                      "Node Type": "Index Scan",
                      "Parent Relationship": "Inner",
                      "Parallel Aware": false,
                      "Scan Direction": "Forward",
                      "Index Name": "company_name_pkey",
                      "Relation Name": "company_name",
                      "Alias": "cn",
                      "Startup Cost": 0.42,
                      "Total Cost": 0.45,
                      "Plan Rows": 1,
                      "Plan Width": 4,
                      "Actual Startup Time": 0.014,
                      "Actual Total Time": 0.015,
                      "Actual Rows": 0,
                      "Actual Loops": 29,
                      "Index Cond": "(id = mc.company_id)",
                      "Rows Removed by Index Recheck": 0,
                      "Filter": "((country_code)::text = '[us]'::text)",
                      "Rows Removed by Filter": 1
                    }
                  ]
                },
                {
                  "Node Type": "Index Scan",
                  "Parent Relationship": "Inner",
                  "Parallel Aware": false,
                  "Scan Direction": "Forward",
                  "Index Name": "movie_id_movie_info",
                  "Relation Name": "movie_info",
                  "Alias": "mi",
                  "Startup Cost": 0.43,
                  "Total Cost": 1.57,
                  "Plan Rows": 1,
                  "Plan Width": 8,
                  "Actual Startup Time": 0.101,
                  "Actual Total Time": 0.101,
                  "Actual Rows": 0,
                  "Actual Loops": 7,
                  "Index Cond": "(movie_id = mk.movie_id)",
                  "Rows Removed by Index Recheck": 0,
                  "Filter": "((info IS NOT NULL) AND ((info ~~ 'Japan:%201%'::text) OR (info ~~ 'USA:%201%'::text)))",
                  "Rows Removed by Filter": 355
                }
              ]
            },
            {
              "Node Type": "Index Scan",
              "Parent Relationship": "Inner",
              "Parallel Aware": false,
              "Scan Direction": "Forward",
              "Index Name": "info_type_pkey",
              "Relation Name": "info_type",
              "Alias": "it",
              "Startup Cost": 0.14,
              "Total Cost": 0.16,
              "Plan Rows": 1,
              "Plan Width": 4,
              "Actual Startup Time": 0.0,
              "Actual Total Time": 0.0,
              "Actual Rows": 0,
              "Actual Loops": 0,
              "Index Cond": "(id = mi.info_type_id)",
              "Rows Removed by Index Recheck": 0,
              "Filter": "((info)::text = 'release dates'::text)",
              "Rows Removed by Filter": 0
            }
          ]
        }
      ]
    },
    "Planning Time": 619.283,
    "Triggers": [],
    "Execution Time": 189.444
  }
]