[
  {
    "Plan": {
      "Node Type": "Aggregate",
      "Strategy": "Plain",
      "Partial Mode": "Finalize",
      "Parallel Aware": false,
      "Startup Cost": 90836.26,
      "Total Cost": 90836.27,
      "Plan Rows": 1,
      "Plan Width": 8,
      "Actual Startup Time": 241.985,
      "Actual Total Time": 258.316,
      "Actual Rows": 1,
      "Actual Loops": 1,
      "Plans": [
        {
          "Node Type": "Gather",
          "Parent Relationship": "Outer",
          "Parallel Aware": false,
          "Startup Cost": 90835.94,
          "Total Cost": 90836.25,
          "Plan Rows": 3,
          "Plan Width": 8,
          "Actual Startup Time": 241.515,
          "Actual Total Time": 258.306,
          "Actual Rows": 4,
          "Actual Loops": 1,
          "Workers Planned": 3,
          "Workers Launched": 3,
          "Single Copy": false,
          "Plans": [
            {
              "Node Type": "Aggregate",
              "Strategy": "Plain",
              "Partial Mode": "Partial",
              "Parent Relationship": "Outer",
              "Parallel Aware": false,
              "Startup Cost": 89835.94,
              "Total Cost": 89835.95,
              "Plan Rows": 1,
              "Plan Width": 8,
              "Actual Startup Time": 233.267,
              "Actual Total Time": 233.302,
              "Actual Rows": 1,
              "Actual Loops": 4,
              "Plans": [
                {
                  "Node Type": "Hash Join",
                  "Parent Relationship": "Outer",
                  "Parallel Aware": true,
                  "Join Type": "Inner",
                  "Startup Cost": 45633.82,
                  "Total Cost": 89808.36,
                  "Plan Rows": 11033,
                  "Plan Width": 0,
                  "Actual Startup Time": 124.776,
                  "Actual Total Time": 232.364,
                  "Actual Rows": 19932,
                  "Actual Loops": 4,
                  "Inner Unique": true,
                  "Hash Cond": "(mk.movie_id = t.id)",
                  "Plans": [
                    {
                      "Node Type": "Seq Scan",
                      "Parent Relationship": "Outer",
                      "Parallel Aware": true,
                      "Relation Name": "movie_keyword",
                      "Alias": "mk",
                      "Startup Cost": 0.0,
                      "Total Cost": 42695.65,
                      "Plan Rows": 563383,
                      "Plan Width": 4,
                      "Actual Startup Time": 0.023,
                      "Actual Total Time": 93.555,
                      "Actual Rows": 439422,
                      "Actual Loops": 4,
                      "Filter": "(keyword_id < 2862)",
                      "Rows Removed by Filter": 691561
                    },
                    {
                      "Node Type": "Hash",
                      "Parent Relationship": "Inner",
                      "Parallel Aware": true,
                      "Startup Cost": 45479.1,
                      "Total Cost": 45479.1,
                      "Plan Rows": 12378,
                      "Plan Width": 4,
                      "Actual Startup Time": 98.927,
                      "Actual Total Time": 98.927,
                      "Actual Rows": 31964,
                      "Actual Loops": 4,
                      "Hash Buckets": 131072,
                      "Original Hash Buckets": 65536,
                      "Hash Batches": 1,
                      "Original Hash Batches": 1,
                      "Peak Memory Usage": 6560,
                      "Plans": [
                        {
                          "Node Type": "Seq Scan",
                          "Parent Relationship": "Outer",
                          "Parallel Aware": true,
                          "Relation Name": "title",
                          "Alias": "t",
                          "Startup Cost": 0.0,
                          "Total Cost": 45479.1,
                          "Plan Rows": 12378,
                          "Plan Width": 4,
                          "Actual Startup Time": 57.877,
                          "Actual Total Time": 90.178,
                          "Actual Rows": 31964,
                          "Actual Loops": 4,
                          "Filter": "((kind_id < 7) AND (production_year < 1935))",
                          "Rows Removed by Filter": 600114
                        }
                      ]
                    }
                  ]
                }
              ]
            }
          ]
        }
      ]
    },
    "Planning Time": 0.687,
    "Triggers": [],
    "Execution Time": 258.387
  }
]