[
  {
    "Plan": {
      "Node Type": "Aggregate",
      "Strategy": "Plain",
      "Partial Mode": "Finalize",
      "Parallel Aware": false,
      "Startup Cost": 119366.62,
      "Total Cost": 119366.63,
      "Plan Rows": 1,
      "Plan Width": 8,
      "Actual Startup Time": 165.723,
      "Actual Total Time": 182.095,
      "Actual Rows": 1,
      "Actual Loops": 1,
      "Plans": [
        {
          "Node Type": "Gather",
          "Parent Relationship": "Outer",
          "Parallel Aware": false,
          "Startup Cost": 119366.1,
          "Total Cost": 119366.61,
          "Plan Rows": 5,
          "Plan Width": 8,
          "Actual Startup Time": 165.603,
          "Actual Total Time": 182.081,
          "Actual Rows": 6,
          "Actual Loops": 1,
          "Workers Planned": 5,
          "Workers Launched": 5,
          "Single Copy": false,
          "Plans": [
            {
              "Node Type": "Aggregate",
              "Strategy": "Plain",
              "Partial Mode": "Partial",
              "Parent Relationship": "Outer",
              "Parallel Aware": false,
              "Startup Cost": 118366.1,
              "Total Cost": 118366.11,
              "Plan Rows": 1,
              "Plan Width": 8,
              "Actual Startup Time": 158.169,
              "Actual Total Time": 158.17,
              "Actual Rows": 1,
              "Actual Loops": 6,
              "Plans": [
                {
                  "Node Type": "Index Scan",
                  "Parent Relationship": "Outer",
                  "Parallel Aware": true,
                  "Scan Direction": "Forward",
                  "Index Name": "role_id_cast_info",
                  "Relation Name": "cast_info",
                  "Alias": "ci",
                  "Startup Cost": 0.56,
                  "Total Cost": 118067.1,
                  "Plan Rows": 119599,
                  "Plan Width": 0,
                  "Actual Startup Time": 0.329,
                  "Actual Total Time": 156.05,
                  "Actual Rows": 33691,
                  "Actual Loops": 6,
                  "Index Cond": "(role_id = 10)",
                  "Rows Removed by Index Recheck": 0,
                  "Filter": "(person_id < 500774)",
                  "Rows Removed by Filter": 686812
                }
              ]
            }
          ]
        }
      ]
    },
    "Planning Time": 0.106,
    "Triggers": [],
    "Execution Time": 182.128
  }
]