{
  "Plan": {
    "Node Type": "Aggregate",
    "Strategy": "Plain",
    "Partial Mode": "Finalize",
    "Parallel Aware": false,
    "Startup Cost": 120514.32,
    "Total Cost": 120514.33,
    "Plan Rows": 1,
    "Plan Width": 8,
    "Actual Startup Time": 426.378,
    "Actual Total Time": 461.634,
    "Actual Rows": 1,
    "Actual Loops": 1,
    "Plans": [
      {
        "Node Type": "Gather",
        "Parent Relationship": "Outer",
        "Parallel Aware": false,
        "Startup Cost": 120514.21,
        "Total Cost": 120514.32,
        "Plan Rows": 1,
        "Plan Width": 8,
        "Actual Startup Time": 425.76,
        "Actual Total Time": 461.625,
        "Actual Rows": 2,
        "Actual Loops": 1,
        "Workers Planned": 1,
        "Workers Launched": 1,
        "Single Copy": false,
        "Plans": [
          {
            "Node Type": "Aggregate",
            "Strategy": "Plain",
            "Partial Mode": "Partial",
            "Parent Relationship": "Outer",
            "Parallel Aware": false,
            "Startup Cost": 119514.21,
            "Total Cost": 119514.22,
            "Plan Rows": 1,
            "Plan Width": 8,
            "Actual Startup Time": 419.67,
            "Actual Total Time": 419.674,
            "Actual Rows": 1,
            "Actual Loops": 2,
            "Plans": [
              {
                "Node Type": "Nested Loop",
                "Parent Relationship": "Outer",
                "Parallel Aware": false,
                "Join Type": "Inner",
                "Startup Cost": 61525.68,
                "Total Cost": 119417.12,
                "Plan Rows": 38833,
                "Plan Width": 0,
                "Actual Startup Time": 176.284,
                "Actual Total Time": 403.518,
                "Actual Rows": 384899,
                "Actual Loops": 2,
                "Inner Unique": false,
                "Join Filter": "(t.id = mi.movie_id)",
                "Rows Removed by Join Filter": 0,
                "Plans": [
                  {
                    "Node Type": "Hash Join",
                    "Parent Relationship": "Outer",
                    "Parallel Aware": true,
                    "Join Type": "Inner",
                    "Startup Cost": 61525.24,
                    "Total Cost": 88588.31,
                    "Plan Rows": 6641,
                    "Plan Width": 8,
                    "Actual Startup Time": 176.21,
                    "Actual Total Time": 246.836,
                    "Actual Rows": 5053,
                    "Actual Loops": 2,
                    "Inner Unique": true,
                    "Hash Cond": "(mk.movie_id = t.id)",
                    "Plans": [
                      {
                        "Node Type": "Bitmap Heap Scan",
                        "Parent Relationship": "Outer",
                        "Parallel Aware": true,
                        "Relation Name": "movie_keyword",
                        "Alias": "mk",
                        "Startup Cost": 6221.13,
                        "Total Cost": 32831.39,
                        "Plan Rows": 172501,
                        "Plan Width": 4,
                        "Actual Startup Time": 21.918,
                        "Actual Total Time": 69.368,
                        "Actual Rows": 145098,
                        "Actual Loops": 2,
                        "Recheck Cond": "(keyword_id > 55405)",
                        "Rows Removed by Index Recheck": 0,
                        "Exact Heap Blocks": 13812,
                        "Lossy Heap Blocks": 0,
                        "Plans": [
                          {
                            "Node Type": "Bitmap Index Scan",
                            "Parent Relationship": "Outer",
                            "Parallel Aware": false,
                            "Index Name": "keyword_id_movie_keyword",
                            "Startup Cost": 0.0,
                            "Total Cost": 6147.81,
                            "Plan Rows": 293251,
                            "Plan Width": 0,
                            "Actual Startup Time": 18.673,
                            "Actual Total Time": 18.673,
                            "Actual Rows": 290196,
                            "Actual Loops": 1,
                            "Index Cond": "(keyword_id > 55405)"
                          }
                        ]
                      },
                      {
                        "Node Type": "Hash",
                        "Parent Relationship": "Inner",
                        "Parallel Aware": true,
                        "Startup Cost": 54588.39,
                        "Total Cost": 54588.39,
                        "Plan Rows": 57258,
                        "Plan Width": 4,
                        "Actual Startup Time": 151.926,
                        "Actual Total Time": 151.927,
                        "Actual Rows": 47502,
                        "Actual Loops": 2,
                        "Hash Buckets": 131072,
                        "Original Hash Buckets": 131072,
                        "Hash Batches": 1,
                        "Original Hash Batches": 1,
                        "Peak Memory Usage": 4768,
                        "Plans": [
                          {
                            "Node Type": "Seq Scan",
                            "Parent Relationship": "Outer",
                            "Parallel Aware": true,
                            "Relation Name": "title",
                            "Alias": "t",
                            "Startup Cost": 0.0,
                            "Total Cost": 54588.39,
                            "Plan Rows": 57258,
                            "Plan Width": 4,
                            "Actual Startup Time": 0.038,
                            "Actual Total Time": 138.772,
                            "Actual Rows": 47502,
                            "Actual Loops": 2,
                            "Filter": "(production_year = 2005)",
                            "Rows Removed by Filter": 1216654
                          }
                        ]
                      }
                    ]
                  },
                  {
                    "Node Type": "Index Only Scan",
                    "Parent Relationship": "Inner",
                    "Parallel Aware": false,
                    "Scan Direction": "Forward",
                    "Index Name": "movie_id_movie_info",
                    "Relation Name": "movie_info",
                    "Alias": "mi",
                    "Startup Cost": 0.43,
                    "Total Cost": 4.12,
                    "Plan Rows": 42,
                    "Plan Width": 4,
                    "Actual Startup Time": 0.006,
                    "Actual Total Time": 0.025,
                    "Actual Rows": 76,
                    "Actual Loops": 10106,
                    "Index Cond": "(movie_id = mk.movie_id)",
                    "Rows Removed by Index Recheck": 0,
                    "Heap Fetches": 769798
                  }
                ]
              }
            ]
          }
        ]
      }
    ]
  },
  "Planning Time": 0.991,
  "Triggers": [],
  "Execution Time": 461.767
}