[
  {
    "Plan": {
      "Node Type": "Aggregate",
      "Strategy": "Plain",
      "Partial Mode": "Finalize",
      "Parallel Aware": false,
      "Startup Cost": 107402.39,
      "Total Cost": 107402.4,
      "Plan Rows": 1,
      "Plan Width": 8,
      "Actual Startup Time": 1031.556,
      "Actual Total Time": 1062.861,
      "Actual Rows": 1,
      "Actual Loops": 1,
      "Plans": [
        {
          "Node Type": "Gather",
          "Parent Relationship": "Outer",
          "Parallel Aware": false,
          "Startup Cost": 107402.08,
          "Total Cost": 107402.39,
          "Plan Rows": 3,
          "Plan Width": 8,
          "Actual Startup Time": 1022.328,
          "Actual Total Time": 1062.847,
          "Actual Rows": 4,
          "Actual Loops": 1,
          "Workers Planned": 3,
          "Workers Launched": 3,
          "Single Copy": false,
          "Plans": [
            {
              "Node Type": "Aggregate",
              "Strategy": "Plain",
              "Partial Mode": "Partial",
              "Parent Relationship": "Outer",
              "Parallel Aware": false,
              "Startup Cost": 106402.08,
              "Total Cost": 106402.09,
              "Plan Rows": 1,
              "Plan Width": 8,
              "Actual Startup Time": 1005.608,
              "Actual Total Time": 1005.615,
              "Actual Rows": 1,
              "Actual Loops": 4,
              "Plans": [
                {
                  "Node Type": "Nested Loop",
                  "Parent Relationship": "Outer",
                  "Parallel Aware": false,
                  "Join Type": "Inner",
                  "Startup Cost": 51266.33,
                  "Total Cost": 106169.24,
                  "Plan Rows": 93136,
                  "Plan Width": 0,
                  "Actual Startup Time": 441.438,
                  "Actual Total Time": 949.176,
                  "Actual Rows": 918966,
                  "Actual Loops": 4,
                  "Inner Unique": false,
                  "Plans": [
                    {
                      "Node Type": "Hash Join",
                      "Parent Relationship": "Outer",
                      "Parallel Aware": true,
                      "Join Type": "Inner",
                      "Startup Cost": 51265.9,
                      "Total Cost": 75959.81,
                      "Plan Rows": 15862,
                      "Plan Width": 8,
                      "Actual Startup Time": 441.301,
                      "Actual Total Time": 469.314,
                      "Actual Rows": 12381,
                      "Actual Loops": 4,
                      "Inner Unique": true,
                      "Hash Cond": "(mk.movie_id = t.id)",
                      "Plans": [
                        {
                          "Node Type": "Bitmap Heap Scan",
                          "Parent Relationship": "Outer",
                          "Parallel Aware": true,
                          "Relation Name": "movie_keyword",
                          "Alias": "mk",
                          "Startup Cost": 1045.52,
                          "Total Cost": 25697.79,
                          "Plan Rows": 15862,
                          "Plan Width": 4,
                          "Actual Startup Time": 8.641,
                          "Actual Total Time": 26.565,
                          "Actual Rows": 12381,
                          "Actual Loops": 4,
                          "Recheck Cond": "(keyword_id > 99795)",
                          "Rows Removed by Index Recheck": 0,
                          "Exact Heap Blocks": 4768,
                          "Lossy Heap Blocks": 0,
                          "Plans": [
                            {
                              "Node Type": "Bitmap Index Scan",
                              "Parent Relationship": "Outer",
                              "Parallel Aware": false,
                              "Index Name": "keyword_id_movie_keyword",
                              "Startup Cost": 0.0,
                              "Total Cost": 1033.22,
                              "Plan Rows": 49172,
                              "Plan Width": 0,
                              "Actual Startup Time": 5.943,
                              "Actual Total Time": 5.944,
                              "Actual Rows": 49524,
                              "Actual Loops": 1,
                              "Index Cond": "(keyword_id > 99795)"
                            }
                          ]
                        },
                        {
                          "Node Type": "Hash",
                          "Parent Relationship": "Inner",
                          "Parallel Aware": true,
                          "Startup Cost": 42319.06,
                          "Total Cost": 42319.06,
                          "Plan Rows": 632106,
                          "Plan Width": 4,
                          "Actual Startup Time": 421.553,
                          "Actual Total Time": 421.554,
                          "Actual Rows": 632078,
                          "Actual Loops": 4,
                          "Hash Buckets": 4194304,
                          "Original Hash Buckets": 4194304,
                          "Hash Batches": 1,
                          "Original Hash Batches": 1,
                          "Peak Memory Usage": 131776,
                          "Plans": [
                            {
                              "Node Type": "Seq Scan",
                              "Parent Relationship": "Outer",
                              "Parallel Aware": true,
                              "Relation Name": "title",
                              "Alias": "t",
                              "Startup Cost": 0.0,
                              "Total Cost": 42319.06,
                              "Plan Rows": 632106,
                              "Plan Width": 4,
                              "Actual Startup Time": 0.03,
                              "Actual Total Time": 129.061,
                              "Actual Rows": 632078,
                              "Actual Loops": 4
                            }
                          ]
                        }
                      ]
                    },
                    {
                      "Node Type": "Index Only Scan",
                      "Parent Relationship": "Inner",
                      "Parallel Aware": false,
                      "Scan Direction": "Forward",
                      "Index Name": "movie_id_movie_info",
                      "Relation Name": "movie_info",
                      "Alias": "mi",
                      "Startup Cost": 0.43,
                      "Total Cost": 1.49,
                      "Plan Rows": 41,
                      "Plan Width": 4,
                      "Actual Startup Time": 0.007,
                      "Actual Total Time": 0.031,
                      "Actual Rows": 74,
                      "Actual Loops": 49524,
                      "Index Cond": "(movie_id = t.id)",
                      "Rows Removed by Index Recheck": 0,
                      "Heap Fetches": 3675863
                    }
                  ]
                }
              ]
            }
          ]
        }
      ]
    },
    "Planning Time": 1.522,
    "Triggers": [],
    "Execution Time": 1062.974
  }
]