[
  {
    "Plan": {
      "Node Type": "Aggregate",
      "Strategy": "Plain",
      "Partial Mode": "Finalize",
      "Parallel Aware": false,
      "Startup Cost": 108766.69,
      "Total Cost": 108766.7,
      "Plan Rows": 1,
      "Plan Width": 8,
      "Actual Startup Time": 1099.195,
      "Actual Total Time": 1134.387,
      "Actual Rows": 1,
      "Actual Loops": 1,
      "Plans": [
        {
          "Node Type": "Gather",
          "Parent Relationship": "Outer",
          "Parallel Aware": false,
          "Startup Cost": 108766.37,
          "Total Cost": 108766.68,
          "Plan Rows": 3,
          "Plan Width": 8,
          "Actual Startup Time": 1086.788,
          "Actual Total Time": 1134.374,
          "Actual Rows": 4,
          "Actual Loops": 1,
          "Workers Planned": 3,
          "Workers Launched": 3,
          "Single Copy": false,
          "Plans": [
            {
              "Node Type": "Aggregate",
              "Strategy": "Plain",
              "Partial Mode": "Partial",
              "Parent Relationship": "Outer",
              "Parallel Aware": false,
              "Startup Cost": 107766.37,
              "Total Cost": 107766.38,
              "Plan Rows": 1,
              "Plan Width": 8,
              "Actual Startup Time": 1068.659,
              "Actual Total Time": 1068.664,
              "Actual Rows": 1,
              "Actual Loops": 4,
              "Plans": [
                {
                  "Node Type": "Nested Loop",
                  "Parent Relationship": "Outer",
                  "Parallel Aware": false,
                  "Join Type": "Inner",
                  "Startup Cost": 51296.61,
                  "Total Cost": 107527.8,
                  "Plan Rows": 95430,
                  "Plan Width": 0,
                  "Actual Startup Time": 444.724,
                  "Actual Total Time": 1006.695,
                  "Actual Rows": 918966,
                  "Actual Loops": 4,
                  "Inner Unique": false,
                  "Plans": [
                    {
                      "Node Type": "Hash Join",
                      "Parent Relationship": "Outer",
                      "Parallel Aware": true,
                      "Join Type": "Inner",
                      "Startup Cost": 51296.17,
                      "Total Cost": 75997.02,
                      "Plan Rows": 16320,
                      "Plan Width": 8,
                      "Actual Startup Time": 444.565,
                      "Actual Total Time": 475.17,
                      "Actual Rows": 12381,
                      "Actual Loops": 4,
                      "Inner Unique": true,
                      "Hash Cond": "(mk.movie_id = t.id)",
                      "Plans": [
                        {
                          "Node Type": "Bitmap Heap Scan",
                          "Parent Relationship": "Outer",
                          "Parallel Aware": true,
                          "Relation Name": "movie_keyword",
                          "Alias": "mk",
                          "Startup Cost": 1076.53,
                          "Total Cost": 25734.53,
                          "Plan Rows": 16320,
                          "Plan Width": 4,
                          "Actual Startup Time": 7.466,
                          "Actual Total Time": 26.516,
                          "Actual Rows": 12381,
                          "Actual Loops": 4,
                          "Recheck Cond": "(keyword_id > 99795)",
                          "Rows Removed by Index Recheck": 0,
                          "Exact Heap Blocks": 3886,
                          "Lossy Heap Blocks": 0,
                          "Plans": [
                            {
                              "Node Type": "Bitmap Index Scan",
                              "Parent Relationship": "Outer",
                              "Parallel Aware": false,
                              "Index Name": "keyword_id_movie_keyword",
                              "Startup Cost": 0.0,
                              "Total Cost": 1063.88,
                              "Plan Rows": 50593,
                              "Plan Width": 0,
                              "Actual Startup Time": 4.764,
                              "Actual Total Time": 4.765,
                              "Actual Rows": 49524,
                              "Actual Loops": 1,
                              "Index Cond": "(keyword_id > 99795)"
                            }
                          ]
                        },
                        {
                          "Node Type": "Hash",
                          "Parent Relationship": "Inner",
                          "Parallel Aware": true,
                          "Startup Cost": 42318.73,
                          "Total Cost": 42318.73,
                          "Plan Rows": 632073,
                          "Plan Width": 4,
                          "Actual Startup Time": 425.358,
                          "Actual Total Time": 425.359,
                          "Actual Rows": 632078,
                          "Actual Loops": 4,
                          "Hash Buckets": 4194304,
                          "Original Hash Buckets": 4194304,
                          "Hash Batches": 1,
                          "Original Hash Batches": 1,
                          "Peak Memory Usage": 131776,
                          "Plans": [
                            {
                              "Node Type": "Seq Scan",
                              "Parent Relationship": "Outer",
                              "Parallel Aware": true,
                              "Relation Name": "title",
                              "Alias": "t",
                              "Startup Cost": 0.0,
                              "Total Cost": 42318.73,
                              "Plan Rows": 632073,
                              "Plan Width": 4,
                              "Actual Startup Time": 0.034,
                              "Actual Total Time": 130.084,
                              "Actual Rows": 632078,
                              "Actual Loops": 4
                            }
                          ]
                        }
                      ]
                    },
                    {
                      "Node Type": "Index Only Scan",
                      "Parent Relationship": "Inner",
                      "Parallel Aware": false,
                      "Scan Direction": "Forward",
                      "Index Name": "movie_id_movie_info",
                      "Relation Name": "movie_info",
                      "Alias": "mi",
                      "Startup Cost": 0.43,
                      "Total Cost": 1.51,
                      "Plan Rows": 42,
                      "Plan Width": 4,
                      "Actual Startup Time": 0.008,
                      "Actual Total Time": 0.035,
                      "Actual Rows": 74,
                      "Actual Loops": 49524,
                      "Index Cond": "(movie_id = t.id)",
                      "Rows Removed by Index Recheck": 0,
                      "Heap Fetches": 3675863
                    }
                  ]
                }
              ]
            }
          ]
        }
      ]
    },
    "Planning Time": 1.172,
    "Triggers": [],
    "Execution Time": 1134.502
  }
]