[
  {
    "Plan": {
      "Node Type": "Aggregate",
      "Strategy": "Plain",
      "Partial Mode": "Finalize",
      "Parallel Aware": false,
      "Startup Cost": 215451.63,
      "Total Cost": 215451.64,
      "Plan Rows": 1,
      "Plan Width": 8,
      "Actual Startup Time": 159.143,
      "Actual Total Time": 171.765,
      "Actual Rows": 1,
      "Actual Loops": 1,
      "Plans": [
        {
          "Node Type": "Gather",
          "Parent Relationship": "Outer",
          "Parallel Aware": false,
          "Startup Cost": 215451.1,
          "Total Cost": 215451.61,
          "Plan Rows": 5,
          "Plan Width": 8,
          "Actual Startup Time": 156.898,
          "Actual Total Time": 171.755,
          "Actual Rows": 6,
          "Actual Loops": 1,
          "Workers Planned": 5,
          "Workers Launched": 5,
          "Single Copy": false,
          "Plans": [
            {
              "Node Type": "Aggregate",
              "Strategy": "Plain",
              "Partial Mode": "Partial",
              "Parent Relationship": "Outer",
              "Parallel Aware": false,
              "Startup Cost": 214451.1,
              "Total Cost": 214451.11,
              "Plan Rows": 1,
              "Plan Width": 8,
              "Actual Startup Time": 145.963,
              "Actual Total Time": 145.966,
              "Actual Rows": 1,
              "Actual Loops": 6,
              "Plans": [
                {
                  "Node Type": "Hash Join",
                  "Parent Relationship": "Outer",
                  "Parallel Aware": true,
                  "Join Type": "Inner",
                  "Startup Cost": 51321.78,
                  "Total Cost": 214434.28,
                  "Plan Rows": 6729,
                  "Plan Width": 0,
                  "Actual Startup Time": 110.808,
                  "Actual Total Time": 145.752,
                  "Actual Rows": 2706,
                  "Actual Loops": 6,
                  "Inner Unique": true,
                  "Hash Cond": "(mi.movie_id = t.id)",
                  "Plans": [
                    {
                      "Node Type": "Bitmap Heap Scan",
                      "Parent Relationship": "Outer",
                      "Parallel Aware": true,
                      "Relation Name": "movie_info",
                      "Alias": "mi",
                      "Startup Cost": 6704.59,
                      "Total Cost": 169622.8,
                      "Plan Rows": 74017,
                      "Plan Width": 4,
                      "Actual Startup Time": 17.308,
                      "Actual Total Time": 40.12,
                      "Actual Rows": 61370,
                      "Actual Loops": 6,
                      "Recheck Cond": "(info_type_id = 17)",
                      "Rows Removed by Index Recheck": 0,
                      "Exact Heap Blocks": 2452,
                      "Lossy Heap Blocks": 0,
                      "Plans": [
                        {
                          "Node Type": "Bitmap Index Scan",
                          "Parent Relationship": "Outer",
                          "Parallel Aware": false,
                          "Index Name": "info_type_id_movie_info",
                          "Startup Cost": 0.0,
                          "Total Cost": 6612.07,
                          "Plan Rows": 370084,
                          "Plan Width": 0,
                          "Actual Startup Time": 15.624,
                          "Actual Total Time": 15.625,
                          "Actual Rows": 368218,
                          "Actual Loops": 1,
                          "Index Cond": "(info_type_id = 17)"
                        }
                      ]
                    },
                    {
                      "Node Type": "Hash",
                      "Parent Relationship": "Inner",
                      "Parallel Aware": true,
                      "Startup Cost": 43898.92,
                      "Total Cost": 43898.92,
                      "Plan Rows": 57462,
                      "Plan Width": 4,
                      "Actual Startup Time": 91.721,
                      "Actual Total Time": 91.722,
                      "Actual Rows": 38608,
                      "Actual Loops": 6,
                      "Hash Buckets": 262144,
                      "Original Hash Buckets": 262144,
                      "Hash Batches": 1,
                      "Original Hash Batches": 1,
                      "Peak Memory Usage": 11168,
                      "Plans": [
                        {
                          "Node Type": "Seq Scan",
                          "Parent Relationship": "Outer",
                          "Parallel Aware": true,
                          "Relation Name": "title",
                          "Alias": "t",
                          "Startup Cost": 0.0,
                          "Total Cost": 43898.92,
                          "Plan Rows": 57462,
                          "Plan Width": 4,
                          "Actual Startup Time": 0.039,
                          "Actual Total Time": 76.167,
                          "Actual Rows": 38608,
                          "Actual Loops": 6,
                          "Filter": "(production_year > 2011)",
                          "Rows Removed by Filter": 382777
                        }
                      ]
                    }
                  ]
                }
              ]
            }
          ]
        }
      ]
    },
    "Planning Time": 0.636,
    "Triggers": [],
    "Execution Time": 171.858
  }
]