{
  "Plan": {
    "Node Type": "Aggregate",
    "Strategy": "Plain",
    "Partial Mode": "Simple",
    "Parallel Aware": false,
    "Startup Cost": 459790.04,
    "Total Cost": 459790.05,
    "Plan Rows": 1,
    "Plan Width": 128,
    "Actual Startup Time": 2022.028,
    "Actual Total Time": 2071.987,
    "Actual Rows": 1,
    "Actual Loops": 1,
    "Plans": [
      {
        "Node Type": "Nested Loop",
        "Parent Relationship": "Outer",
        "Parallel Aware": false,
        "Join Type": "Inner",
        "Startup Cost": 345532.61,
        "Total Cost": 459790.03,
        "Plan Rows": 1,
        "Plan Width": 81,
        "Actual Startup Time": 2022.024,
        "Actual Total Time": 2071.982,
        "Actual Rows": 0,
        "Actual Loops": 1,
        "Inner Unique": true,
        "Plans": [
          {
            "Node Type": "Hash Join",
            "Parent Relationship": "Outer",
            "Parallel Aware": false,
            "Join Type": "Inner",
            "Startup Cost": 345532.46,
            "Total Cost": 459789.84,
            "Plan Rows": 1,
            "Plan Width": 85,
            "Actual Startup Time": 2022.023,
            "Actual Total Time": 2071.98,
            "Actual Rows": 0,
            "Actual Loops": 1,
            "Inner Unique": false,
            "Hash Cond": "(n.id = ci.person_id)",
            "Plans": [
              {
                "Node Type": "Seq Scan",
                "Parent Relationship": "Outer",
                "Parallel Aware": false,
                "Relation Name": "name",
                "Alias": "n",
                "Startup Cost": 0.0,
                "Total Cost": 107705.21,
                "Plan Rows": 1747242,
                "Plan Width": 19,
                "Actual Startup Time": 0.059,
                "Actual Total Time": 0.06,
                "Actual Rows": 1,
                "Actual Loops": 1,
                "Filter": "((gender)::text = 'm'::text)",
                "Rows Removed by Filter": 0
              },
              {
                "Node Type": "Hash",
                "Parent Relationship": "Inner",
                "Parallel Aware": false,
                "Startup Cost": 345532.45,
                "Total Cost": 345532.45,
                "Plan Rows": 1,
                "Plan Width": 74,
                "Actual Startup Time": 2021.9,
                "Actual Total Time": 2071.855,
                "Actual Rows": 0,
                "Actual Loops": 1,
                "Hash Buckets": 1024,
                "Original Hash Buckets": 1024,
                "Hash Batches": 1,
                "Original Hash Batches": 1,
                "Peak Memory Usage": 8,
                "Plans": [
                  {
                    "Node Type": "Nested Loop",
                    "Parent Relationship": "Outer",
                    "Parallel Aware": false,
                    "Join Type": "Inner",
                    "Startup Cost": 345528.46,
                    "Total Cost": 345532.45,
                    "Plan Rows": 1,
                    "Plan Width": 74,
                    "Actual Startup Time": 2021.898,
                    "Actual Total Time": 2071.853,
                    "Actual Rows": 0,
                    "Actual Loops": 1,
                    "Inner Unique": false,
                    "Join Filter": "(t.id = ci.movie_id)",
                    "Rows Removed by Join Filter": 0,
                    "Plans": [
                      {
                        "Node Type": "Nested Loop",
                        "Parent Relationship": "Outer",
                        "Parallel Aware": false,
                        "Join Type": "Inner",
                        "Startup Cost": 345527.9,
                        "Total Cost": 345530.66,
                        "Plan Rows": 1,
                        "Plan Width": 86,
                        "Actual Startup Time": 2021.898,
                        "Actual Total Time": 2071.85,
                        "Actual Rows": 0,
                        "Actual Loops": 1,
                        "Inner Unique": false,
                        "Join Filter": "(mi.info_type_id = it1.id)",
                        "Rows Removed by Join Filter": 0,
                        "Plans": [
                          {
                            "Node Type": "Seq Scan",
                            "Parent Relationship": "Outer",
                            "Parallel Aware": false,
                            "Relation Name": "info_type",
                            "Alias": "it1",
                            "Startup Cost": 0.0,
                            "Total Cost": 2.41,
                            "Plan Rows": 1,
                            "Plan Width": 4,
                            "Actual Startup Time": 0.013,
                            "Actual Total Time": 0.028,
                            "Actual Rows": 1,
                            "Actual Loops": 1,
                            "Filter": "((info)::text = 'genres'::text)",
                            "Rows Removed by Filter": 112
                          },
                          {
                            "Node Type": "Merge Join",
                            "Parent Relationship": "Inner",
                            "Parallel Aware": false,
                            "Join Type": "Inner",
                            "Startup Cost": 345527.9,
                            "Total Cost": 345528.23,
                            "Plan Rows": 1,
                            "Plan Width": 90,
                            "Actual Startup Time": 2021.865,
                            "Actual Total Time": 2071.817,
                            "Actual Rows": 0,
                            "Actual Loops": 1,
                            "Inner Unique": false,
                            "Merge Cond": "(t.id = mi.movie_id)",
                            "Plans": [
                              {
                                "Node Type": "Sort",
                                "Parent Relationship": "Outer",
                                "Parallel Aware": false,
                                "Startup Cost": 46482.6,
                                "Total Cost": 46482.65,
                                "Plan Rows": 22,
                                "Plan Width": 21,
                                "Actual Startup Time": 136.541,
                                "Actual Total Time": 136.659,
                                "Actual Rows": 5,
                                "Actual Loops": 1,
                                "Sort Key": [
                                  "t.id"
                                ],
                                "Sort Method": "quicksort",
                                "Sort Space Used": 25,
                                "Sort Space Type": "Memory",
                                "Plans": [
                                  {
                                    "Node Type": "Gather",
                                    "Parent Relationship": "Outer",
                                    "Parallel Aware": false,
                                    "Startup Cost": 1000.0,
                                    "Total Cost": 46482.11,
                                    "Plan Rows": 22,
                                    "Plan Width": 21,
                                    "Actual Startup Time": 129.834,
                                    "Actual Total Time": 136.572,
                                    "Actual Rows": 5,
                                    "Actual Loops": 1,
                                    "Workers Planned": 4,
                                    "Workers Launched": 4,
                                    "Single Copy": false,
                                    "Plans": [
                                      {
                                        "Node Type": "Seq Scan",
                                        "Parent Relationship": "Outer",
                                        "Parallel Aware": true,
                                        "Relation Name": "title",
                                        "Alias": "t",
                                        "Startup Cost": 0.0,
                                        "Total Cost": 45479.91,
                                        "Plan Rows": 6,
                                        "Plan Width": 21,
                                        "Actual Startup Time": 122.154,
                                        "Actual Total Time": 126.467,
                                        "Actual Rows": 1,
                                        "Actual Loops": 5,
                                        "Filter": "((production_year < 1960) AND (title ~~ 'Vampire%'::text))",
                                        "Rows Removed by Filter": 505661
                                      }
                                    ]
                                  }
                                ]
                              },
                              {
                                "Node Type": "Sort",
                                "Parent Relationship": "Inner",
                                "Parallel Aware": false,
                                "Startup Cost": 299045.3,
                                "Total Cost": 299045.41,
                                "Plan Rows": 43,
                                "Plan Width": 69,
                                "Actual Startup Time": 1880.892,
                                "Actual Total Time": 1932.587,
                                "Actual Rows": 34939,
                                "Actual Loops": 1,
                                "Sort Key": [
                                  "mk.movie_id"
                                ],
                                "Sort Method": "quicksort",
                                "Sort Space Used": 4416,
                                "Sort Space Type": "Memory",
                                "Plans": [
                                  {
                                    "Node Type": "Gather",
                                    "Parent Relationship": "Outer",
                                    "Parallel Aware": false,
                                    "Startup Cost": 99852.87,
                                    "Total Cost": 299044.13,
                                    "Plan Rows": 43,
                                    "Plan Width": 69,
                                    "Actual Startup Time": 1580.617,
                                    "Actual Total Time": 1922.049,
                                    "Actual Rows": 36852,
                                    "Actual Loops": 1,
                                    "Workers Planned": 5,
                                    "Workers Launched": 3,
                                    "Single Copy": false,
                                    "Plans": [
                                      {
                                        "Node Type": "Hash Join",
                                        "Parent Relationship": "Outer",
                                        "Parallel Aware": true,
                                        "Join Type": "Inner",
                                        "Startup Cost": 98852.87,
                                        "Total Cost": 298039.83,
                                        "Plan Rows": 9,
                                        "Plan Width": 69,
                                        "Actual Startup Time": 1573.196,
                                        "Actual Total Time": 1851.562,
                                        "Actual Rows": 9213,
                                        "Actual Loops": 4,
                                        "Inner Unique": false,
                                        "Hash Cond": "(mi.movie_id = mi_idx.movie_id)",
                                        "Plans": [
                                          {
                                            "Node Type": "Seq Scan",
                                            "Parent Relationship": "Outer",
                                            "Parallel Aware": true,
                                            "Relation Name": "movie_info",
                                            "Alias": "mi",
                                            "Startup Cost": 0.0,
                                            "Total Cost": 199164.27,
                                            "Plan Rows": 6047,
                                            "Plan Width": 51,
                                            "Actual Startup Time": 512.052,
                                            "Actual Total Time": 785.21,
                                            "Actual Rows": 7700,
                                            "Actual Loops": 4,
                                            "Filter": "(info = 'Horror'::text)",
                                            "Rows Removed by Filter": 3701230
                                          },
                                          {
                                            "Node Type": "Hash",
                                            "Parent Relationship": "Inner",
                                            "Parallel Aware": true,
                                            "Startup Cost": 98850.78,
                                            "Total Cost": 98850.78,
                                            "Plan Rows": 167,
                                            "Plan Width": 18,
                                            "Actual Startup Time": 1060.159,
                                            "Actual Total Time": 1060.289,
                                            "Actual Rows": 38180,
                                            "Actual Loops": 4,
                                            "Hash Buckets": 262144,
                                            "Original Hash Buckets": 1024,
                                            "Hash Batches": 1,
                                            "Original Hash Batches": 1,
                                            "Peak Memory Usage": 11864,
                                            "Plans": [
                                              {
                                                "Node Type": "Hash Join",
                                                "Parent Relationship": "Outer",
                                                "Parallel Aware": false,
                                                "Join Type": "Inner",
                                                "Startup Cost": 24002.16,
                                                "Total Cost": 98850.78,
                                                "Plan Rows": 167,
                                                "Plan Width": 18,
                                                "Actual Startup Time": 213.366,
                                                "Actual Total Time": 950.64,
                                                "Actual Rows": 38180,
                                                "Actual Loops": 4,
                                                "Inner Unique": true,
                                                "Hash Cond": "(mk.keyword_id = k.id)",
                                                "Plans": [
                                                  {
                                                    "Node Type": "Hash Join",
                                                    "Parent Relationship": "Outer",
                                                    "Parallel Aware": true,
                                                    "Join Type": "Inner",
                                                    "Startup Cost": 20872.83,
                                                    "Total Cost": 83999.06,
                                                    "Plan Rows": 4465535,
                                                    "Plan Width": 22,
                                                    "Actual Startup Time": 184.637,
                                                    "Actual Total Time": 760.491,
                                                    "Actual Rows": 2606156,
                                                    "Actual Loops": 4,
                                                    "Inner Unique": false,
                                                    "Hash Cond": "(mk.movie_id = mi_idx.movie_id)",
                                                    "Plans": [
                                                      {
                                                        "Node Type": "Seq Scan",
                                                        "Parent Relationship": "Outer",
                                                        "Parallel Aware": true,
                                                        "Relation Name": "movie_keyword",
                                                        "Alias": "mk",
                                                        "Startup Cost": 0.0,
                                                        "Total Cost": 39047.32,
                                                        "Plan Rows": 1459332,
                                                        "Plan Width": 8,
                                                        "Actual Startup Time": 0.036,
                                                        "Actual Total Time": 113.37,
                                                        "Actual Rows": 1130982,
                                                        "Actual Loops": 4
                                                      },
                                                      {
                                                        "Node Type": "Hash",
                                                        "Parent Relationship": "Inner",
                                                        "Parallel Aware": true,
                                                        "Startup Cost": 13685.15,
                                                        "Total Cost": 13685.15,
                                                        "Plan Rows": 575015,
                                                        "Plan Width": 14,
                                                        "Actual Startup Time": 179.698,
                                                        "Actual Total Time": 179.699,
                                                        "Actual Rows": 345009,
                                                        "Actual Loops": 4,
                                                        "Hash Buckets": 2097152,
                                                        "Original Hash Buckets": 2097152,
                                                        "Hash Batches": 1,
                                                        "Original Hash Batches": 1,
                                                        "Peak Memory Usage": 84832,
                                                        "Plans": [
                                                          {
                                                            "Node Type": "Seq Scan",
                                                            "Parent Relationship": "Outer",
                                                            "Parallel Aware": true,
                                                            "Relation Name": "movie_info_idx",
                                                            "Alias": "mi_idx",
                                                            "Startup Cost": 0.0,
                                                            "Total Cost": 13685.15,
                                                            "Plan Rows": 575015,
                                                            "Plan Width": 14,
                                                            "Actual Startup Time": 0.037,
                                                            "Actual Total Time": 55.938,
                                                            "Actual Rows": 345009,
                                                            "Actual Loops": 4
                                                          }
                                                        ]
                                                      }
                                                    ]
                                                  },
                                                  {
                                                    "Node Type": "Hash",
                                                    "Parent Relationship": "Inner",
                                                    "Parallel Aware": false,
                                                    "Startup Cost": 3129.26,
                                                    "Total Cost": 3129.26,
                                                    "Plan Rows": 5,
                                                    "Plan Width": 4,
                                                    "Actual Startup Time": 28.47,
                                                    "Actual Total Time": 28.471,
                                                    "Actual Rows": 5,
                                                    "Actual Loops": 4,
                                                    "Hash Buckets": 1024,
                                                    "Original Hash Buckets": 1024,
                                                    "Hash Batches": 1,
                                                    "Original Hash Batches": 1,
                                                    "Peak Memory Usage": 9,
                                                    "Plans": [
                                                      {
                                                        "Node Type": "Seq Scan",
                                                        "Parent Relationship": "Outer",
                                                        "Parallel Aware": false,
                                                        "Relation Name": "keyword",
                                                        "Alias": "k",
                                                        "Startup Cost": 0.0,
                                                        "Total Cost": 3129.26,
                                                        "Plan Rows": 5,
                                                        "Plan Width": 4,
                                                        "Actual Startup Time": 1.365,
                                                        "Actual Total Time": 28.442,
                                                        "Actual Rows": 5,
                                                        "Actual Loops": 4,
                                                        "Filter": "(keyword = ANY ('{murder,blood,gore,death,female-nudity}'::text[]))",
                                                        "Rows Removed by Filter": 134165
                                                      }
                                                    ]
                                                  }
                                                ]
                                              }
                                            ]
                                          }
                                        ]
                                      }
                                    ]
                                  }
                                ]
                              }
                            ]
                          }
                        ]
                      },
                      {
                        "Node Type": "Index Scan",
                        "Parent Relationship": "Inner",
                        "Parallel Aware": false,
                        "Scan Direction": "Forward",
                        "Index Name": "movie_id_cast_info",
                        "Relation Name": "cast_info",
                        "Alias": "ci",
                        "Startup Cost": 0.56,
                        "Total Cost": 1.78,
                        "Plan Rows": 1,
                        "Plan Width": 8,
                        "Actual Startup Time": 0.0,
                        "Actual Total Time": 0.0,
                        "Actual Rows": 0,
                        "Actual Loops": 0,
                        "Index Cond": "(movie_id = mk.movie_id)",
                        "Rows Removed by Index Recheck": 0,
                        "Filter": "(note = ANY ('{(writer),\"(head writer)\",\"(written by)\",(story),\"(story editor)\"}'::text[]))",
                        "Rows Removed by Filter": 0
                      }
                    ]
                  }
                ]
              }
            ]
          },
          {
            "Node Type": "Index Scan",
            "Parent Relationship": "Inner",
            "Parallel Aware": false,
            "Scan Direction": "Forward",
            "Index Name": "info_type_pkey",
            "Relation Name": "info_type",
            "Alias": "it2",
            "Startup Cost": 0.14,
            "Total Cost": 0.16,
            "Plan Rows": 1,
            "Plan Width": 4,
            "Actual Startup Time": 0.0,
            "Actual Total Time": 0.0,
            "Actual Rows": 0,
            "Actual Loops": 0,
            "Index Cond": "(id = mi_idx.info_type_id)",
            "Rows Removed by Index Recheck": 0,
            "Filter": "((info)::text = 'votes'::text)",
            "Rows Removed by Filter": 0
          }
        ]
      }
    ]
  },
  "Planning Time": 23.589,
  "Triggers": [],
  "Execution Time": 2073.003
}