[
  {
    "Plan": {
      "Node Type": "Aggregate",
      "Strategy": "Plain",
      "Partial Mode": "Finalize",
      "Parallel Aware": false,
      "Startup Cost": 32825.84,
      "Total Cost": 32825.85,
      "Plan Rows": 1,
      "Plan Width": 8,
      "Actual Startup Time": 89.916,
      "Actual Total Time": 96.588,
      "Actual Rows": 1,
      "Actual Loops": 1,
      "Plans": [
        {
          "Node Type": "Gather",
          "Parent Relationship": "Outer",
          "Parallel Aware": false,
          "Startup Cost": 32825.52,
          "Total Cost": 32825.83,
          "Plan Rows": 3,
          "Plan Width": 8,
          "Actual Startup Time": 89.802,
          "Actual Total Time": 96.582,
          "Actual Rows": 4,
          "Actual Loops": 1,
          "Workers Planned": 3,
          "Workers Launched": 3,
          "Single Copy": false,
          "Plans": [
            {
              "Node Type": "Aggregate",
              "Strategy": "Plain",
              "Partial Mode": "Partial",
              "Parent Relationship": "Outer",
              "Parallel Aware": false,
              "Startup Cost": 31825.52,
              "Total Cost": 31825.53,
              "Plan Rows": 1,
              "Plan Width": 8,
              "Actual Startup Time": 83.167,
              "Actual Total Time": 83.185,
              "Actual Rows": 1,
              "Actual Loops": 4,
              "Plans": [
                {
                  "Node Type": "Seq Scan",
                  "Parent Relationship": "Outer",
                  "Parallel Aware": true,
                  "Relation Name": "movie_companies",
                  "Alias": "mc",
                  "Startup Cost": 0.0,
                  "Total Cost": 31414.82,
                  "Plan Rows": 164282,
                  "Plan Width": 0,
                  "Actual Startup Time": 43.507,
                  "Actual Total Time": 75.229,
                  "Actual Rows": 206119,
                  "Actual Loops": 4,
                  "Filter": "((company_id > 16199) AND (company_type_id > 1))",
                  "Rows Removed by Filter": 446164
                }
              ]
            }
          ]
        }
      ]
    },
    "Planning Time": 0.175,
    "Triggers": [],
    "Execution Time": 96.636
  }
]