{
    "Plan": {
        "Node Type": "Aggregate",
        "Strategy": "Plain",
        "Partial Mode": "Finalize",
        "Parallel Aware": false,
        "Startup Cost": 209865.13,
        "Total Cost": 209865.14,
        "Plan Rows": 1,
        "Plan Width": 8,
        "Actual Startup Time": 703.288,
        "Actual Total Time": 728.799,
        "Actual Rows": 1,
        "Actual Loops": 1,
        "Output": [
            "count(*)"
        ],
        "Plans": [
            {
                "Node Type": "Gather",
                "Parent Relationship": "Outer",
                "Parallel Aware": false,
                "Startup Cost": 209864.61,
                "Total Cost": 209865.12,
                "Plan Rows": 5,
                "Plan Width": 8,
                "Actual Startup Time": 694.85,
                "Actual Total Time": 728.79,
                "Actual Rows": 6,
                "Actual Loops": 1,
                "Output": [
                    "(PARTIAL count(*))"
                ],
                "Workers Planned": 5,
                "Workers Launched": 5,
                "Single Copy": false,
                "Plans": [
                    {
                        "Node Type": "Aggregate",
                        "Strategy": "Plain",
                        "Partial Mode": "Partial",
                        "Parent Relationship": "Outer",
                        "Parallel Aware": false,
                        "Startup Cost": 208864.61,
                        "Total Cost": 208864.62,
                        "Plan Rows": 1,
                        "Plan Width": 8,
                        "Actual Startup Time": 673.65,
                        "Actual Total Time": 673.653,
                        "Actual Rows": 1,
                        "Actual Loops": 6,
                        "Output": [
                            "PARTIAL count(*)"
                        ],
                        "Workers": [
                            {
                                "Worker Number": 0,
                                "Actual Startup Time": 669.272,
                                "Actual Total Time": 669.275,
                                "Actual Rows": 1,
                                "Actual Loops": 1
                            },
                            {
                                "Worker Number": 1,
                                "Actual Startup Time": 669.2,
                                "Actual Total Time": 669.204,
                                "Actual Rows": 1,
                                "Actual Loops": 1
                            },
                            {
                                "Worker Number": 2,
                                "Actual Startup Time": 669.278,
                                "Actual Total Time": 669.282,
                                "Actual Rows": 1,
                                "Actual Loops": 1
                            },
                            {
                                "Worker Number": 3,
                                "Actual Startup Time": 670.672,
                                "Actual Total Time": 670.675,
                                "Actual Rows": 1,
                                "Actual Loops": 1
                            },
                            {
                                "Worker Number": 4,
                                "Actual Startup Time": 669.514,
                                "Actual Total Time": 669.517,
                                "Actual Rows": 1,
                                "Actual Loops": 1
                            }
                        ],
                        "Plans": [
                            {
                                "Node Type": "Hash Join",
                                "Parent Relationship": "Outer",
                                "Parallel Aware": true,
                                "Join Type": "Inner",
                                "Startup Cost": 50220.37,
                                "Total Cost": 206918.8,
                                "Plan Rows": 778321,
                                "Plan Width": 0,
                                "Actual Startup Time": 302.3,
                                "Actual Total Time": 662.05,
                                "Actual Rows": 214553,
                                "Actual Loops": 6,
                                "Inner Unique": true,
                                "Hash Cond": "(ci.movie_id = t.id)",
                                "Workers": [
                                    {
                                        "Worker Number": 0,
                                        "Actual Startup Time": 298.251,
                                        "Actual Total Time": 656.873,
                                        "Actual Rows": 180862,
                                        "Actual Loops": 1
                                    },
                                    {
                                        "Worker Number": 1,
                                        "Actual Startup Time": 298.196,
                                        "Actual Total Time": 657.654,
                                        "Actual Rows": 169312,
                                        "Actual Loops": 1
                                    },
                                    {
                                        "Worker Number": 2,
                                        "Actual Startup Time": 298.087,
                                        "Actual Total Time": 657.155,
                                        "Actual Rows": 177865,
                                        "Actual Loops": 1
                                    },
                                    {
                                        "Worker Number": 3,
                                        "Actual Startup Time": 298.195,
                                        "Actual Total Time": 659.889,
                                        "Actual Rows": 232301,
                                        "Actual Loops": 1
                                    },
                                    {
                                        "Worker Number": 4,
                                        "Actual Startup Time": 298.452,
                                        "Actual Total Time": 659.809,
                                        "Actual Rows": 228761,
                                        "Actual Loops": 1
                                    }
                                ],
                                "Plans": [
                                    {
                                        "Node Type": "Index Scan",
                                        "Parent Relationship": "Outer",
                                        "Parallel Aware": true,
                                        "Scan Direction": "Forward",
                                        "Index Name": "role_id_cast_info",
                                        "Relation Name": "cast_info",
                                        "Schema": "public",
                                        "Alias": "ci",
                                        "Startup Cost": 0.56,
                                        "Total Cost": 154655.9,
                                        "Plan Rows": 778321,
                                        "Plan Width": 4,
                                        "Actual Startup Time": 0.223,
                                        "Actual Total Time": 223.314,
                                        "Actual Rows": 214553,
                                        "Actual Loops": 6,
                                        "Output": [
                                            "ci.id",
                                            "ci.person_id",
                                            "ci.movie_id",
                                            "ci.person_role_id",
                                            "ci.note",
                                            "ci.nr_order",
                                            "ci.role_id"
                                        ],
                                        "Index Cond": "(ci.role_id > 8)",
                                        "Rows Removed by Index Recheck": 0,
                                        "Filter": "(ci.person_id < 2552330)",
                                        "Rows Removed by Filter": 740896,
                                        "Workers": [
                                            {
                                                "Worker Number": 0,
                                                "Actual Startup Time": 0.329,
                                                "Actual Total Time": 232.351,
                                                "Actual Rows": 180862,
                                                "Actual Loops": 1
                                            },
                                            {
                                                "Worker Number": 1,
                                                "Actual Startup Time": 0.264,
                                                "Actual Total Time": 229.099,
                                                "Actual Rows": 169312,
                                                "Actual Loops": 1
                                            },
                                            {
                                                "Worker Number": 2,
                                                "Actual Startup Time": 0.098,
                                                "Actual Total Time": 233.93,
                                                "Actual Rows": 177865,
                                                "Actual Loops": 1
                                            },
                                            {
                                                "Worker Number": 3,
                                                "Actual Startup Time": 0.328,
                                                "Actual Total Time": 225.937,
                                                "Actual Rows": 232301,
                                                "Actual Loops": 1
                                            },
                                            {
                                                "Worker Number": 4,
                                                "Actual Startup Time": 0.283,
                                                "Actual Total Time": 218.579,
                                                "Actual Rows": 228761,
                                                "Actual Loops": 1
                                            }
                                        ]
                                    },
                                    {
                                        "Node Type": "Hash",
                                        "Parent Relationship": "Inner",
                                        "Parallel Aware": true,
                                        "Startup Cost": 42318.81,
                                        "Total Cost": 42318.81,
                                        "Plan Rows": 632080,
                                        "Plan Width": 4,
                                        "Actual Startup Time": 294.265,
                                        "Actual Total Time": 294.266,
                                        "Actual Rows": 421385,
                                        "Actual Loops": 6,
                                        "Output": [
                                            "t.id"
                                        ],
                                        "Hash Buckets": 4194304,
                                        "Original Hash Buckets": 4194304,
                                        "Hash Batches": 1,
                                        "Original Hash Batches": 1,
                                        "Peak Memory Usage": 131744,
                                        "Workers": [
                                            {
                                                "Worker Number": 0,
                                                "Actual Startup Time": 297.308,
                                                "Actual Total Time": 297.31,
                                                "Actual Rows": 358154,
                                                "Actual Loops": 1
                                            },
                                            {
                                                "Worker Number": 1,
                                                "Actual Startup Time": 297.295,
                                                "Actual Total Time": 297.296,
                                                "Actual Rows": 333515,
                                                "Actual Loops": 1
                                            },
                                            {
                                                "Worker Number": 2,
                                                "Actual Startup Time": 297.318,
                                                "Actual Total Time": 297.319,
                                                "Actual Rows": 356968,
                                                "Actual Loops": 1
                                            },
                                            {
                                                "Worker Number": 3,
                                                "Actual Startup Time": 297.425,
                                                "Actual Total Time": 297.425,
                                                "Actual Rows": 460303,
                                                "Actual Loops": 1
                                            },
                                            {
                                                "Worker Number": 4,
                                                "Actual Startup Time": 297.569,
                                                "Actual Total Time": 297.57,
                                                "Actual Rows": 421219,
                                                "Actual Loops": 1
                                            }
                                        ],
                                        "Plans": [
                                            {
                                                "Node Type": "Seq Scan",
                                                "Parent Relationship": "Outer",
                                                "Parallel Aware": true,
                                                "Relation Name": "title",
                                                "Schema": "public",
                                                "Alias": "t",
                                                "Startup Cost": 0.0,
                                                "Total Cost": 42318.81,
                                                "Plan Rows": 632080,
                                                "Plan Width": 4,
                                                "Actual Startup Time": 0.058,
                                                "Actual Total Time": 84.231,
                                                "Actual Rows": 421385,
                                                "Actual Loops": 6,
                                                "Output": [
                                                    "t.id"
                                                ],
                                                "Workers": [
                                                    {
                                                        "Worker Number": 0,
                                                        "Actual Startup Time": 0.063,
                                                        "Actual Total Time": 90.041,
                                                        "Actual Rows": 358154,
                                                        "Actual Loops": 1
                                                    },
                                                    {
                                                        "Worker Number": 1,
                                                        "Actual Startup Time": 0.073,
                                                        "Actual Total Time": 89.082,
                                                        "Actual Rows": 333515,
                                                        "Actual Loops": 1
                                                    },
                                                    {
                                                        "Worker Number": 2,
                                                        "Actual Startup Time": 0.063,
                                                        "Actual Total Time": 90.413,
                                                        "Actual Rows": 356968,
                                                        "Actual Loops": 1
                                                    },
                                                    {
                                                        "Worker Number": 3,
                                                        "Actual Startup Time": 0.07,
                                                        "Actual Total Time": 84.696,
                                                        "Actual Rows": 460303,
                                                        "Actual Loops": 1
                                                    },
                                                    {
                                                        "Worker Number": 4,
                                                        "Actual Startup Time": 0.068,
                                                        "Actual Total Time": 84.013,
                                                        "Actual Rows": 421219,
                                                        "Actual Loops": 1
                                                    }
                                                ]
                                            }
                                        ]
                                    }
                                ]
                            }
                        ]
                    }
                ]
            }
        ]
    },
    "Planning Time": 0.705,
    "Triggers": [],
    "Execution Time": 728.88
}