[
  {
    "Plan": {
      "Node Type": "Aggregate",
      "Strategy": "Plain",
      "Partial Mode": "Finalize",
      "Parallel Aware": false,
      "Startup Cost": 147221.15,
      "Total Cost": 147221.16,
      "Plan Rows": 1,
      "Plan Width": 8,
      "Actual Startup Time": 176.527,
      "Actual Total Time": 207.991,
      "Actual Rows": 1,
      "Actual Loops": 1,
      "Plans": [
        {
          "Node Type": "Gather",
          "Parent Relationship": "Outer",
          "Parallel Aware": false,
          "Startup Cost": 147220.73,
          "Total Cost": 147221.14,
          "Plan Rows": 4,
          "Plan Width": 8,
          "Actual Startup Time": 176.388,
          "Actual Total Time": 207.983,
          "Actual Rows": 5,
          "Actual Loops": 1,
          "Workers Planned": 4,
          "Workers Launched": 4,
          "Single Copy": false,
          "Plans": [
            {
              "Node Type": "Aggregate",
              "Strategy": "Plain",
              "Partial Mode": "Partial",
              "Parent Relationship": "Outer",
              "Parallel Aware": false,
              "Startup Cost": 146220.73,
              "Total Cost": 146220.74,
              "Plan Rows": 1,
              "Plan Width": 8,
              "Actual Startup Time": 166.353,
              "Actual Total Time": 166.355,
              "Actual Rows": 1,
              "Actual Loops": 5,
              "Plans": [
                {
                  "Node Type": "Nested Loop",
                  "Parent Relationship": "Outer",
                  "Parallel Aware": false,
                  "Join Type": "Inner",
                  "Startup Cost": 1.0,
                  "Total Cost": 146217.85,
                  "Plan Rows": 1154,
                  "Plan Width": 0,
                  "Actual Startup Time": 61.364,
                  "Actual Total Time": 166.26,
                  "Actual Rows": 852,
                  "Actual Loops": 5,
                  "Inner Unique": false,
                  "Join Filter": "(t.id = ci.movie_id)",
                  "Rows Removed by Join Filter": 0,
                  "Plans": [
                    {
                      "Node Type": "Nested Loop",
                      "Parent Relationship": "Outer",
                      "Parallel Aware": false,
                      "Join Type": "Inner",
                      "Startup Cost": 0.43,
                      "Total Cost": 144819.66,
                      "Plan Rows": 666,
                      "Plan Width": 8,
                      "Actual Startup Time": 58.401,
                      "Actual Total Time": 108.873,
                      "Actual Rows": 1187,
                      "Actual Loops": 5,
                      "Inner Unique": false,
                      "Plans": [
                        {
                          "Node Type": "Seq Scan",
                          "Parent Relationship": "Outer",
                          "Parallel Aware": true,
                          "Relation Name": "title",
                          "Alias": "t",
                          "Startup Cost": 0.0,
                          "Total Cost": 45479.1,
                          "Plan Rows": 818,
                          "Plan Width": 4,
                          "Actual Startup Time": 57.507,
                          "Actual Total Time": 81.498,
                          "Actual Rows": 758,
                          "Actual Loops": 5,
                          "Filter": "((kind_id = 1) AND (production_year = 1966))",
                          "Rows Removed by Filter": 504904
                        },
                        {
                          "Node Type": "Index Scan",
                          "Parent Relationship": "Inner",
                          "Parallel Aware": false,
                          "Scan Direction": "Forward",
                          "Index Name": "movie_id_movie_info",
                          "Relation Name": "movie_info",
                          "Alias": "mi",
                          "Startup Cost": 0.43,
                          "Total Cost": 121.38,
                          "Plan Rows": 6,
                          "Plan Width": 4,
                          "Actual Startup Time": 0.019,
                          "Actual Total Time": 0.035,
                          "Actual Rows": 2,
                          "Actual Loops": 3792,
                          "Index Cond": "(movie_id = t.id)",
                          "Rows Removed by Index Recheck": 0,
                          "Filter": "(info_type_id < 3)",
                          "Rows Removed by Filter": 10
                        }
                      ]
                    },
                    {
                      "Node Type": "Index Scan",
                      "Parent Relationship": "Inner",
                      "Parallel Aware": false,
                      "Scan Direction": "Forward",
                      "Index Name": "movie_id_cast_info",
                      "Relation Name": "cast_info",
                      "Alias": "ci",
                      "Startup Cost": 0.56,
                      "Total Cost": 2.05,
                      "Plan Rows": 4,
                      "Plan Width": 4,
                      "Actual Startup Time": 0.047,
                      "Actual Total Time": 0.048,
                      "Actual Rows": 1,
                      "Actual Loops": 5933,
                      "Index Cond": "(movie_id = mi.movie_id)",
                      "Rows Removed by Index Recheck": 0,
                      "Filter": "(role_id = 10)",
                      "Rows Removed by Filter": 18
                    }
                  ]
                }
              ]
            }
          ]
        }
      ]
    },
    "Planning Time": 1.352,
    "Triggers": [],
    "Execution Time": 208.091
  }
]