[
    {
        "Bao": {
            "Bao prediction": "NaN",
            "Bao recommended hint": "(no hint)"
        }
    },
    {
        "Plan": {
            "Node Type": "Aggregate",
            "Strategy": "Plain",
            "Partial Mode": "Simple",
            "Parallel Aware": false,
            "Startup Cost": 200882.65,
            "Total Cost": 200882.66,
            "Plan Rows": 1,
            "Plan Width": 8,
            "Actual Startup Time": 35.723,
            "Actual Total Time": 35.724,
            "Actual Rows": 1,
            "Actual Loops": 1,
            "Output": [
                "count(*)"
            ],
            "Plans": [
                {
                    "Node Type": "Index Only Scan",
                    "Parent Relationship": "Outer",
                    "Parallel Aware": false,
                    "Scan Direction": "Forward",
                    "Index Name": "person_id_cast_info",
                    "Relation Name": "cast_info",
                    "Schema": "public",
                    "Alias": "ci",
                    "Startup Cost": 0.56,
                    "Total Cost": 200581.6,
                    "Plan Rows": 120422,
                    "Plan Width": 0,
                    "Actual Startup Time": 0.015,
                    "Actual Total Time": 28.176,
                    "Actual Rows": 152266,
                    "Actual Loops": 1,
                    "Output": [
                        "person_id"
                    ],
                    "Index Cond": "(ci.person_id > 4038193)",
                    "Rows Removed by Index Recheck": 0,
                    "Heap Fetches": 152266
                }
            ]
        },
        "Planning Time": 201.361,
        "Triggers": [],
        "Execution Time": 35.759
    }
]