[
  {
    "Plan": {
      "Node Type": "Aggregate",
      "Strategy": "Plain",
      "Partial Mode": "Finalize",
      "Parallel Aware": false,
      "Startup Cost": 45235.13,
      "Total Cost": 45235.14,
      "Plan Rows": 1,
      "Plan Width": 8,
      "Actual Startup Time": 139.53,
      "Actual Total Time": 148.688,
      "Actual Rows": 1,
      "Actual Loops": 1,
      "Plans": [
        {
          "Node Type": "Gather",
          "Parent Relationship": "Outer",
          "Parallel Aware": false,
          "Startup Cost": 45234.81,
          "Total Cost": 45235.12,
          "Plan Rows": 3,
          "Plan Width": 8,
          "Actual Startup Time": 139.427,
          "Actual Total Time": 148.677,
          "Actual Rows": 4,
          "Actual Loops": 1,
          "Workers Planned": 3,
          "Workers Launched": 3,
          "Single Copy": false,
          "Plans": [
            {
              "Node Type": "Aggregate",
              "Strategy": "Plain",
              "Partial Mode": "Partial",
              "Parent Relationship": "Outer",
              "Parallel Aware": false,
              "Startup Cost": 44234.81,
              "Total Cost": 44234.82,
              "Plan Rows": 1,
              "Plan Width": 8,
              "Actual Startup Time": 132.792,
              "Actual Total Time": 132.793,
              "Actual Rows": 1,
              "Actual Loops": 4,
              "Plans": [
                {
                  "Node Type": "Seq Scan",
                  "Parent Relationship": "Outer",
                  "Parallel Aware": true,
                  "Relation Name": "movie_keyword",
                  "Alias": "mk",
                  "Startup Cost": 0.0,
                  "Total Cost": 42695.65,
                  "Plan Rows": 615663,
                  "Plan Width": 0,
                  "Actual Startup Time": 0.105,
                  "Actual Total Time": 110.535,
                  "Actual Rows": 477380,
                  "Actual Loops": 4,
                  "Filter": "(keyword_id < 3287)",
                  "Rows Removed by Filter": 653603
                }
              ]
            }
          ]
        }
      ]
    },
    "Planning Time": 0.083,
    "Triggers": [],
    "Execution Time": 148.715
  }
]