[
  {
    "Plan": {
      "Node Type": "Aggregate",
      "Strategy": "Plain",
      "Partial Mode": "Finalize",
      "Parallel Aware": false,
      "Startup Cost": 397411.17,
      "Total Cost": 397411.18,
      "Plan Rows": 1,
      "Plan Width": 8,
      "Actual Startup Time": 2502.836,
      "Actual Total Time": 2562.564,
      "Actual Rows": 1,
      "Actual Loops": 1,
      "Plans": [
        {
          "Node Type": "Gather",
          "Parent Relationship": "Outer",
          "Parallel Aware": false,
          "Startup Cost": 397410.55,
          "Total Cost": 397411.16,
          "Plan Rows": 6,
          "Plan Width": 8,
          "Actual Startup Time": 2498.001,
          "Actual Total Time": 2562.545,
          "Actual Rows": 7,
          "Actual Loops": 1,
          "Workers Planned": 6,
          "Workers Launched": 6,
          "Single Copy": false,
          "Plans": [
            {
              "Node Type": "Aggregate",
              "Strategy": "Plain",
              "Partial Mode": "Partial",
              "Parent Relationship": "Outer",
              "Parallel Aware": false,
              "Startup Cost": 396410.55,
              "Total Cost": 396410.56,
              "Plan Rows": 1,
              "Plan Width": 8,
              "Actual Startup Time": 2486.39,
              "Actual Total Time": 2486.394,
              "Actual Rows": 1,
              "Actual Loops": 7,
              "Plans": [
                {
                  "Node Type": "Hash Join",
                  "Parent Relationship": "Outer",
                  "Parallel Aware": true,
                  "Join Type": "Inner",
                  "Startup Cost": 48918.29,
                  "Total Cost": 390760.74,
                  "Plan Rows": 2259922,
                  "Plan Width": 0,
                  "Actual Startup Time": 250.714,
                  "Actual Total Time": 2371.933,
                  "Actual Rows": 2166381,
                  "Actual Loops": 7,
                  "Inner Unique": true,
                  "Hash Cond": "(ci.movie_id = t.id)",
                  "Plans": [
                    {
                      "Node Type": "Seq Scan",
                      "Parent Relationship": "Outer",
                      "Parallel Aware": true,
                      "Relation Name": "cast_info",
                      "Alias": "ci",
                      "Startup Cost": 0.0,
                      "Total Cost": 328211.39,
                      "Plan Rows": 5192778,
                      "Plan Width": 4,
                      "Actual Startup Time": 63.3,
                      "Actual Total Time": 726.022,
                      "Actual Rows": 4427002,
                      "Actual Loops": 7,
                      "Filter": "(person_id > 508514)",
                      "Rows Removed by Filter": 750762
                    },
                    {
                      "Node Type": "Hash",
                      "Parent Relationship": "Inner",
                      "Parallel Aware": true,
                      "Startup Cost": 45479.59,
                      "Total Cost": 45479.59,
                      "Plan Rows": 275096,
                      "Plan Width": 4,
                      "Actual Startup Time": 183.615,
                      "Actual Total Time": 183.616,
                      "Actual Rows": 169935,
                      "Actual Loops": 7,
                      "Hash Buckets": 2097152,
                      "Original Hash Buckets": 2097152,
                      "Hash Batches": 1,
                      "Original Hash Batches": 1,
                      "Peak Memory Usage": 63040,
                      "Plans": [
                        {
                          "Node Type": "Seq Scan",
                          "Parent Relationship": "Outer",
                          "Parallel Aware": true,
                          "Relation Name": "title",
                          "Alias": "t",
                          "Startup Cost": 0.0,
                          "Total Cost": 45479.59,
                          "Plan Rows": 275096,
                          "Plan Width": 4,
                          "Actual Startup Time": 0.048,
                          "Actual Total Time": 91.779,
                          "Actual Rows": 169935,
                          "Actual Loops": 7,
                          "Filter": "((production_year > 1988) AND (kind_id = 7))",
                          "Rows Removed by Filter": 191252
                        }
                      ]
                    }
                  ]
                }
              ]
            }
          ]
        }
      ]
    },
    "Planning Time": 0.29,
    "Triggers": [],
    "Execution Time": 2562.621
  }
]