[
  {
    "Plan": {
      "Node Type": "Aggregate",
      "Strategy": "Plain",
      "Partial Mode": "Finalize",
      "Parallel Aware": false,
      "Startup Cost": 386562.33,
      "Total Cost": 386562.34,
      "Plan Rows": 1,
      "Plan Width": 8,
      "Actual Startup Time": 704.39,
      "Actual Total Time": 777.544,
      "Actual Rows": 1,
      "Actual Loops": 1,
      "Plans": [
        {
          "Node Type": "Gather",
          "Parent Relationship": "Outer",
          "Parallel Aware": false,
          "Startup Cost": 386561.91,
          "Total Cost": 386562.32,
          "Plan Rows": 4,
          "Plan Width": 8,
          "Actual Startup Time": 704.107,
          "Actual Total Time": 777.535,
          "Actual Rows": 5,
          "Actual Loops": 1,
          "Workers Planned": 4,
          "Workers Launched": 4,
          "Single Copy": false,
          "Plans": [
            {
              "Node Type": "Aggregate",
              "Strategy": "Plain",
              "Partial Mode": "Partial",
              "Parent Relationship": "Outer",
              "Parallel Aware": false,
              "Startup Cost": 385561.91,
              "Total Cost": 385561.92,
              "Plan Rows": 1,
              "Plan Width": 8,
              "Actual Startup Time": 693.983,
              "Actual Total Time": 693.985,
              "Actual Rows": 1,
              "Actual Loops": 5,
              "Plans": [
                {
                  "Node Type": "Nested Loop",
                  "Parent Relationship": "Outer",
                  "Parallel Aware": false,
                  "Join Type": "Inner",
                  "Startup Cost": 1844.21,
                  "Total Cost": 385235.89,
                  "Plan Rows": 130408,
                  "Plan Width": 0,
                  "Actual Startup Time": 14.076,
                  "Actual Total Time": 685.559,
                  "Actual Rows": 135674,
                  "Actual Loops": 5,
                  "Inner Unique": false,
                  "Plans": [
                    {
                      "Node Type": "Bitmap Heap Scan",
                      "Parent Relationship": "Outer",
                      "Parallel Aware": true,
                      "Relation Name": "title",
                      "Alias": "t",
                      "Startup Cost": 1843.65,
                      "Total Cost": 38225.0,
                      "Plan Rows": 20513,
                      "Plan Width": 4,
                      "Actual Startup Time": 13.26,
                      "Actual Total Time": 30.269,
                      "Actual Rows": 16770,
                      "Actual Loops": 5,
                      "Recheck Cond": "(kind_id = 3)",
                      "Rows Removed by Index Recheck": 0,
                      "Filter": "(production_year > 1974)",
                      "Rows Removed by Filter": 3337,
                      "Exact Heap Blocks": 3974,
                      "Lossy Heap Blocks": 0,
                      "Plans": [
                        {
                          "Node Type": "Bitmap Index Scan",
                          "Parent Relationship": "Outer",
                          "Parallel Aware": false,
                          "Index Name": "kind_id_title",
                          "Startup Cost": 0.0,
                          "Total Cost": 1823.13,
                          "Plan Rows": 102227,
                          "Plan Width": 0,
                          "Actual Startup Time": 17.816,
                          "Actual Total Time": 17.817,
                          "Actual Rows": 100537,
                          "Actual Loops": 1,
                          "Index Cond": "(kind_id = 3)"
                        }
                      ]
                    },
                    {
                      "Node Type": "Index Scan",
                      "Parent Relationship": "Inner",
                      "Parallel Aware": false,
                      "Scan Direction": "Forward",
                      "Index Name": "movie_id_cast_info",
                      "Relation Name": "cast_info",
                      "Alias": "ci",
                      "Startup Cost": 0.56,
                      "Total Cost": 16.76,
                      "Plan Rows": 16,
                      "Plan Width": 4,
                      "Actual Startup Time": 0.025,
                      "Actual Total Time": 0.038,
                      "Actual Rows": 8,
                      "Actual Loops": 83850,
                      "Index Cond": "(movie_id = t.id)",
                      "Rows Removed by Index Recheck": 0,
                      "Filter": "((person_id < 3934662) AND (role_id > 2))",
                      "Rows Removed by Filter": 13
                    }
                  ]
                }
              ]
            }
          ]
        }
      ]
    },
    "Planning Time": 0.798,
    "Triggers": [],
    "Execution Time": 777.662
  }
]