[
  {
    "Plan": {
      "Node Type": "Aggregate",
      "Strategy": "Plain",
      "Partial Mode": "Finalize",
      "Parallel Aware": false,
      "Startup Cost": 78122.03,
      "Total Cost": 78122.04,
      "Plan Rows": 1,
      "Plan Width": 32,
      "Actual Startup Time": 458.056,
      "Actual Total Time": 480.34,
      "Actual Rows": 1,
      "Actual Loops": 1,
      "Plans": [
        {
          "Node Type": "Gather",
          "Parent Relationship": "Outer",
          "Parallel Aware": false,
          "Startup Cost": 78121.71,
          "Total Cost": 78122.02,
          "Plan Rows": 3,
          "Plan Width": 32,
          "Actual Startup Time": 457.357,
          "Actual Total Time": 480.273,
          "Actual Rows": 4,
          "Actual Loops": 1,
          "Workers Planned": 3,
          "Workers Launched": 3,
          "Single Copy": false,
          "Plans": [
            {
              "Node Type": "Aggregate",
              "Strategy": "Plain",
              "Partial Mode": "Partial",
              "Parent Relationship": "Outer",
              "Parallel Aware": false,
              "Startup Cost": 77121.71,
              "Total Cost": 77121.72,
              "Plan Rows": 1,
              "Plan Width": 32,
              "Actual Startup Time": 446.262,
              "Actual Total Time": 446.27,
              "Actual Rows": 1,
              "Actual Loops": 4,
              "Plans": [
                {
                  "Node Type": "Nested Loop",
                  "Parent Relationship": "Outer",
                  "Parallel Aware": false,
                  "Join Type": "Inner",
                  "Startup Cost": 1.14,
                  "Total Cost": 77092.51,
                  "Plan Rows": 11680,
                  "Plan Width": 17,
                  "Actual Startup Time": 356.943,
                  "Actual Total Time": 446.185,
                  "Actual Rows": 167,
                  "Actual Loops": 4,
                  "Inner Unique": true,
                  "Plans": [
                    {
                      "Node Type": "Nested Loop",
                      "Parent Relationship": "Outer",
                      "Parallel Aware": false,
                      "Join Type": "Inner",
                      "Startup Cost": 1.0,
                      "Total Cost": 75225.27,
                      "Plan Rows": 11680,
                      "Plan Width": 21,
                      "Actual Startup Time": 356.861,
                      "Actual Total Time": 445.596,
                      "Actual Rows": 167,
                      "Actual Loops": 4,
                      "Inner Unique": false,
                      "Plans": [
                        {
                          "Node Type": "Nested Loop",
                          "Parent Relationship": "Outer",
                          "Parallel Aware": false,
                          "Join Type": "Inner",
                          "Startup Cost": 0.56,
                          "Total Cost": 58177.3,
                          "Plan Rows": 7914,
                          "Plan Width": 25,
                          "Actual Startup Time": 356.75,
                          "Actual Total Time": 424.281,
                          "Actual Rows": 192,
                          "Actual Loops": 4,
                          "Inner Unique": true,
                          "Plans": [
                            {
                              "Node Type": "Nested Loop",
                              "Parent Relationship": "Outer",
                              "Parallel Aware": false,
                              "Join Type": "Inner",
                              "Startup Cost": 0.13,
                              "Total Cost": 38463.43,
                              "Plan Rows": 11549,
                              "Plan Width": 4,
                              "Actual Startup Time": 356.651,
                              "Actual Total Time": 418.688,
                              "Actual Rows": 200,
                              "Actual Loops": 4,
                              "Inner Unique": true,
                              "Plans": [
                                {
                                  "Node Type": "Seq Scan",
                                  "Parent Relationship": "Outer",
                                  "Parallel Aware": true,
                                  "Relation Name": "movie_companies",
                                  "Alias": "mc",
                                  "Startup Cost": 0.0,
                                  "Total Cost": 31414.82,
                                  "Plan Rows": 46195,
                                  "Plan Width": 8,
                                  "Actual Startup Time": 0.177,
                                  "Actual Total Time": 208.308,
                                  "Actual Rows": 73907,
                                  "Actual Loops": 4,
                                  "Filter": "((note !~~ '%(TV)%'::text) AND (note ~~ '%(USA)%'::text))",
                                  "Rows Removed by Filter": 578375
                                },
                                {
                                  "Node Type": "Index Scan",
                                  "Parent Relationship": "Inner",
                                  "Parallel Aware": false,
                                  "Scan Direction": "Forward",
                                  "Index Name": "company_type_pkey",
                                  "Relation Name": "company_type",
                                  "Alias": "ct",
                                  "Startup Cost": 0.13,
                                  "Total Cost": 0.15,
                                  "Plan Rows": 1,
                                  "Plan Width": 4,
                                  "Actual Startup Time": 0.003,
                                  "Actual Total Time": 0.003,
                                  "Actual Rows": 0,
                                  "Actual Loops": 295628,
                                  "Index Cond": "(id = mc.company_type_id)",
                                  "Rows Removed by Index Recheck": 0,
                                  "Filter": "((kind)::text = 'production companies'::text)",
                                  "Rows Removed by Filter": 1
                                }
                              ]
                            },
                            {
                              "Node Type": "Index Scan",
                              "Parent Relationship": "Inner",
                              "Parallel Aware": false,
                              "Scan Direction": "Forward",
                              "Index Name": "title_pkey",
                              "Relation Name": "title",
                              "Alias": "t",
                              "Startup Cost": 0.43,
                              "Total Cost": 1.71,
                              "Plan Rows": 1,
                              "Plan Width": 21,
                              "Actual Startup Time": 0.027,
                              "Actual Total Time": 0.027,
                              "Actual Rows": 1,
                              "Actual Loops": 798,
                              "Index Cond": "(id = mc.movie_id)",
                              "Rows Removed by Index Recheck": 0,
                              "Filter": "(production_year > 1990)",
                              "Rows Removed by Filter": 0
                            }
                          ]
                        },
                        {
                          "Node Type": "Index Scan",
                          "Parent Relationship": "Inner",
                          "Parallel Aware": false,
                          "Scan Direction": "Forward",
                          "Index Name": "movie_id_movie_info",
                          "Relation Name": "movie_info",
                          "Alias": "mi",
                          "Startup Cost": 0.43,
                          "Total Cost": 2.13,
                          "Plan Rows": 2,
                          "Plan Width": 8,
                          "Actual Startup Time": 0.101,
                          "Actual Total Time": 0.11,
                          "Actual Rows": 1,
                          "Actual Loops": 767,
                          "Index Cond": "(movie_id = t.id)",
                          "Rows Removed by Index Recheck": 0,
                          "Filter": "(info = ANY ('{Sweden,Norway,Germany,Denmark,Swedish,Denish,Norwegian,German,USA,American}'::text[]))",
                          "Rows Removed by Filter": 10
                        }
                      ]
                    },
                    {
                      "Node Type": "Index Only Scan",
                      "Parent Relationship": "Inner",
                      "Parallel Aware": false,
                      "Scan Direction": "Forward",
                      "Index Name": "info_type_pkey",
                      "Relation Name": "info_type",
                      "Alias": "it",
                      "Startup Cost": 0.14,
                      "Total Cost": 0.16,
                      "Plan Rows": 1,
                      "Plan Width": 4,
                      "Actual Startup Time": 0.002,
                      "Actual Total Time": 0.002,
                      "Actual Rows": 1,
                      "Actual Loops": 669,
                      "Index Cond": "(id = mi.info_type_id)",
                      "Rows Removed by Index Recheck": 0,
                      "Heap Fetches": 669
                    }
                  ]
                }
              ]
            }
          ]
        }
      ]
    },
    "Planning Time": 3.567,
    "Triggers": [],
    "Execution Time": 480.644
  }
]