[
  {
    "Plan": {
      "Node Type": "Aggregate",
      "Strategy": "Plain",
      "Partial Mode": "Finalize",
      "Parallel Aware": false,
      "Startup Cost": 96657.2,
      "Total Cost": 96657.21,
      "Plan Rows": 1,
      "Plan Width": 8,
      "Actual Startup Time": 538.77,
      "Actual Total Time": 595.448,
      "Actual Rows": 1,
      "Actual Loops": 1,
      "Plans": [
        {
          "Node Type": "Gather",
          "Parent Relationship": "Outer",
          "Parallel Aware": false,
          "Startup Cost": 96656.88,
          "Total Cost": 96657.19,
          "Plan Rows": 3,
          "Plan Width": 8,
          "Actual Startup Time": 537.93,
          "Actual Total Time": 595.437,
          "Actual Rows": 4,
          "Actual Loops": 1,
          "Workers Planned": 3,
          "Workers Launched": 3,
          "Single Copy": false,
          "Plans": [
            {
              "Node Type": "Aggregate",
              "Strategy": "Plain",
              "Partial Mode": "Partial",
              "Parent Relationship": "Outer",
              "Parallel Aware": false,
              "Startup Cost": 95656.88,
              "Total Cost": 95656.89,
              "Plan Rows": 1,
              "Plan Width": 8,
              "Actual Startup Time": 528.603,
              "Actual Total Time": 528.696,
              "Actual Rows": 1,
              "Actual Loops": 4,
              "Plans": [
                {
                  "Node Type": "Nested Loop",
                  "Parent Relationship": "Outer",
                  "Parallel Aware": false,
                  "Join Type": "Inner",
                  "Startup Cost": 45645.74,
                  "Total Cost": 95593.73,
                  "Plan Rows": 25258,
                  "Plan Width": 0,
                  "Actual Startup Time": 178.11,
                  "Actual Total Time": 523.47,
                  "Actual Rows": 82174,
                  "Actual Loops": 4,
                  "Inner Unique": false,
                  "Join Filter": "(t.id = ci.movie_id)",
                  "Rows Removed by Join Filter": 0,
                  "Plans": [
                    {
                      "Node Type": "Hash Join",
                      "Parent Relationship": "Outer",
                      "Parallel Aware": true,
                      "Join Type": "Inner",
                      "Startup Cost": 45645.17,
                      "Total Cost": 77699.24,
                      "Plan Rows": 5119,
                      "Plan Width": 8,
                      "Actual Startup Time": 177.928,
                      "Actual Total Time": 220.042,
                      "Actual Rows": 14696,
                      "Actual Loops": 4,
                      "Inner Unique": true,
                      "Hash Cond": "(mc.movie_id = t.id)",
                      "Plans": [
                        {
                          "Node Type": "Seq Scan",
                          "Parent Relationship": "Outer",
                          "Parallel Aware": true,
                          "Relation Name": "movie_companies",
                          "Alias": "mc",
                          "Startup Cost": 0.0,
                          "Total Cost": 31414.82,
                          "Plan Rows": 243522,
                          "Plan Width": 4,
                          "Actual Startup Time": 33.18,
                          "Actual Total Time": 68.36,
                          "Actual Rows": 118571,
                          "Actual Loops": 4,
                          "Filter": "((company_id < 13614) AND (company_type_id > 1))",
                          "Rows Removed by Filter": 533712
                        },
                        {
                          "Node Type": "Hash",
                          "Parent Relationship": "Inner",
                          "Parallel Aware": true,
                          "Startup Cost": 45479.1,
                          "Total Cost": 45479.1,
                          "Plan Rows": 13286,
                          "Plan Width": 4,
                          "Actual Startup Time": 118.126,
                          "Actual Total Time": 118.127,
                          "Actual Rows": 45032,
                          "Actual Loops": 4,
                          "Hash Buckets": 262144,
                          "Original Hash Buckets": 65536,
                          "Hash Batches": 1,
                          "Original Hash Batches": 1,
                          "Peak Memory Usage": 10688,
                          "Plans": [
                            {
                              "Node Type": "Seq Scan",
                              "Parent Relationship": "Outer",
                              "Parallel Aware": true,
                              "Relation Name": "title",
                              "Alias": "t",
                              "Startup Cost": 0.0,
                              "Total Cost": 45479.1,
                              "Plan Rows": 13286,
                              "Plan Width": 4,
                              "Actual Startup Time": 61.164,
                              "Actual Total Time": 99.18,
                              "Actual Rows": 45032,
                              "Actual Loops": 4,
                              "Filter": "((production_year < 1957) AND (kind_id = 1))",
                              "Rows Removed by Filter": 587046
                            }
                          ]
                        }
                      ]
                    },
                    {
                      "Node Type": "Index Scan",
                      "Parent Relationship": "Inner",
                      "Parallel Aware": false,
                      "Scan Direction": "Forward",
                      "Index Name": "movie_id_cast_info",
                      "Relation Name": "cast_info",
                      "Alias": "ci",
                      "Startup Cost": 0.56,
                      "Total Cost": 3.33,
                      "Plan Rows": 13,
                      "Plan Width": 4,
                      "Actual Startup Time": 0.005,
                      "Actual Total Time": 0.02,
                      "Actual Rows": 6,
                      "Actual Loops": 58785,
                      "Index Cond": "(movie_id = mc.movie_id)",
                      "Rows Removed by Index Recheck": 0,
                      "Filter": "(role_id = 1)",
                      "Rows Removed by Filter": 5
                    }
                  ]
                }
              ]
            }
          ]
        }
      ]
    },
    "Planning Time": 1.522,
    "Triggers": [],
    "Execution Time": 595.556
  }
]