[
  {
    "Plan": {
      "Node Type": "Aggregate",
      "Strategy": "Plain",
      "Partial Mode": "Finalize",
      "Parallel Aware": false,
      "Startup Cost": 100513.8,
      "Total Cost": 100513.81,
      "Plan Rows": 1,
      "Plan Width": 8,
      "Actual Startup Time": 927.578,
      "Actual Total Time": 949.198,
      "Actual Rows": 1,
      "Actual Loops": 1,
      "Plans": [
        {
          "Node Type": "Gather",
          "Parent Relationship": "Outer",
          "Parallel Aware": false,
          "Startup Cost": 100513.58,
          "Total Cost": 100513.79,
          "Plan Rows": 2,
          "Plan Width": 8,
          "Actual Startup Time": 916.68,
          "Actual Total Time": 949.189,
          "Actual Rows": 3,
          "Actual Loops": 1,
          "Workers Planned": 2,
          "Workers Launched": 2,
          "Single Copy": false,
          "Plans": [
            {
              "Node Type": "Aggregate",
              "Strategy": "Plain",
              "Partial Mode": "Partial",
              "Parent Relationship": "Outer",
              "Parallel Aware": false,
              "Startup Cost": 99513.58,
              "Total Cost": 99513.59,
              "Plan Rows": 1,
              "Plan Width": 8,
              "Actual Startup Time": 904.518,
              "Actual Total Time": 904.844,
              "Actual Rows": 1,
              "Actual Loops": 3,
              "Plans": [
                {
                  "Node Type": "Hash Join",
                  "Parent Relationship": "Outer",
                  "Parallel Aware": true,
                  "Join Type": "Inner",
                  "Startup Cost": 83125.2,
                  "Total Cost": 99274.78,
                  "Plan Rows": 95520,
                  "Plan Width": 0,
                  "Actual Startup Time": 734.351,
                  "Actual Total Time": 887.559,
                  "Actual Rows": 305764,
                  "Actual Loops": 3,
                  "Inner Unique": false,
                  "Hash Cond": "(mi_idx.movie_id = t.id)",
                  "Plans": [
                    {
                      "Node Type": "Seq Scan",
                      "Parent Relationship": "Outer",
                      "Parallel Aware": true,
                      "Relation Name": "movie_info_idx",
                      "Alias": "mi_idx",
                      "Startup Cost": 0.0,
                      "Total Cost": 13685.15,
                      "Plan Rows": 575015,
                      "Plan Width": 4,
                      "Actual Startup Time": 0.042,
                      "Actual Total Time": 48.133,
                      "Actual Rows": 460012,
                      "Actual Loops": 3
                    },
                    {
                      "Node Type": "Hash",
                      "Parent Relationship": "Inner",
                      "Parallel Aware": true,
                      "Startup Cost": 81431.58,
                      "Total Cost": 81431.58,
                      "Plan Rows": 135490,
                      "Plan Width": 8,
                      "Actual Startup Time": 731.057,
                      "Actual Total Time": 731.381,
                      "Actual Rows": 215208,
                      "Actual Loops": 3,
                      "Hash Buckets": 1048576,
                      "Original Hash Buckets": 524288,
                      "Hash Batches": 1,
                      "Original Hash Batches": 1,
                      "Peak Memory Usage": 37568,
                      "Plans": [
                        {
                          "Node Type": "Hash Join",
                          "Parent Relationship": "Outer",
                          "Parallel Aware": true,
                          "Join Type": "Inner",
                          "Startup Cost": 49516.47,
                          "Total Cost": 81431.58,
                          "Plan Rows": 135490,
                          "Plan Width": 8,
                          "Actual Startup Time": 456.816,
                          "Actual Total Time": 651.688,
                          "Actual Rows": 215208,
                          "Actual Loops": 3,
                          "Inner Unique": true,
                          "Hash Cond": "(mc.movie_id = t.id)",
                          "Plans": [
                            {
                              "Node Type": "Seq Scan",
                              "Parent Relationship": "Outer",
                              "Parallel Aware": true,
                              "Relation Name": "movie_companies",
                              "Alias": "mc",
                              "Startup Cost": 0.0,
                              "Total Cost": 31414.82,
                              "Plan Rows": 190586,
                              "Plan Width": 4,
                              "Actual Startup Time": 47.676,
                              "Actual Total Time": 110.14,
                              "Actual Rows": 288854,
                              "Actual Loops": 3,
                              "Filter": "((company_id > 13165) AND (company_type_id > 1))",
                              "Rows Removed by Filter": 580856
                            },
                            {
                              "Node Type": "Hash",
                              "Parent Relationship": "Inner",
                              "Parallel Aware": true,
                              "Startup Cost": 43899.32,
                              "Total Cost": 43899.32,
                              "Plan Rows": 449372,
                              "Plan Width": 4,
                              "Actual Startup Time": 402.797,
                              "Actual Total Time": 402.798,
                              "Actual Rows": 598051,
                              "Actual Loops": 3,
                              "Hash Buckets": 2097152,
                              "Original Hash Buckets": 2097152,
                              "Hash Batches": 1,
                              "Original Hash Batches": 1,
                              "Peak Memory Usage": 86624,
                              "Plans": [
                                {
                                  "Node Type": "Seq Scan",
                                  "Parent Relationship": "Outer",
                                  "Parallel Aware": true,
                                  "Relation Name": "title",
                                  "Alias": "t",
                                  "Startup Cost": 0.0,
                                  "Total Cost": 43899.32,
                                  "Plan Rows": 449372,
                                  "Plan Width": 4,
                                  "Actual Startup Time": 0.045,
                                  "Actual Total Time": 172.145,
                                  "Actual Rows": 598051,
                                  "Actual Loops": 3,
                                  "Filter": "(production_year < 2009)",
                                  "Rows Removed by Filter": 244720
                                }
                              ]
                            }
                          ]
                        }
                      ]
                    }
                  ]
                }
              ]
            }
          ]
        }
      ]
    },
    "Planning Time": 0.876,
    "Triggers": [],
    "Execution Time": 949.265
  }
]