{
  "Plan": {
    "Node Type": "Aggregate",
    "Strategy": "Plain",
    "Partial Mode": "Finalize",
    "Parallel Aware": false,
    "Startup Cost": 597898.47,
    "Total Cost": 597898.48,
    "Plan Rows": 1,
    "Plan Width": 8,
    "Actual Startup Time": 3134.45,
    "Actual Total Time": 3165.158,
    "Actual Rows": 1,
    "Actual Loops": 1,
    "Plans": [
      {
        "Node Type": "Gather",
        "Parent Relationship": "Outer",
        "Parallel Aware": false,
        "Startup Cost": 597898.36,
        "Total Cost": 597898.47,
        "Plan Rows": 1,
        "Plan Width": 8,
        "Actual Startup Time": 3130.307,
        "Actual Total Time": 3165.143,
        "Actual Rows": 2,
        "Actual Loops": 1,
        "Workers Planned": 1,
        "Workers Launched": 1,
        "Single Copy": false,
        "Plans": [
          {
            "Node Type": "Aggregate",
            "Strategy": "Plain",
            "Partial Mode": "Partial",
            "Parent Relationship": "Outer",
            "Parallel Aware": false,
            "Startup Cost": 596898.36,
            "Total Cost": 596898.37,
            "Plan Rows": 1,
            "Plan Width": 8,
            "Actual Startup Time": 3122.554,
            "Actual Total Time": 3122.561,
            "Actual Rows": 1,
            "Actual Loops": 2,
            "Plans": [
              {
                "Node Type": "Hash Join",
                "Parent Relationship": "Outer",
                "Parallel Aware": true,
                "Join Type": "Inner",
                "Startup Cost": 258329.68,
                "Total Cost": 587564.95,
                "Plan Rows": 3733361,
                "Plan Width": 0,
                "Actual Startup Time": 890.244,
                "Actual Total Time": 2996.645,
                "Actual Rows": 3011268,
                "Actual Loops": 2,
                "Inner Unique": true,
                "Hash Cond": "(ci.movie_id = t.id)",
                "Plans": [
                  {
                    "Node Type": "Bitmap Heap Scan",
                    "Parent Relationship": "Outer",
                    "Parallel Aware": true,
                    "Relation Name": "cast_info",
                    "Alias": "ci",
                    "Startup Cost": 190027.78,
                    "Total Cost": 505977.8,
                    "Plan Rows": 5061041,
                    "Plan Width": 4,
                    "Actual Startup Time": 424.168,
                    "Actual Total Time": 911.73,
                    "Actual Rows": 4261570,
                    "Actual Loops": 2,
                    "Recheck Cond": "(person_id > 2834280)",
                    "Rows Removed by Index Recheck": 0,
                    "Exact Heap Blocks": 49365,
                    "Lossy Heap Blocks": 0,
                    "Plans": [
                      {
                        "Node Type": "Bitmap Index Scan",
                        "Parent Relationship": "Outer",
                        "Parallel Aware": false,
                        "Index Name": "person_id_cast_info",
                        "Startup Cost": 0.0,
                        "Total Cost": 187876.84,
                        "Plan Rows": 8603770,
                        "Plan Width": 0,
                        "Actual Startup Time": 407.331,
                        "Actual Total Time": 407.332,
                        "Actual Rows": 8523139,
                        "Actual Loops": 1,
                        "Index Cond": "(person_id > 2834280)"
                      }
                    ]
                  },
                  {
                    "Node Type": "Hash",
                    "Parent Relationship": "Inner",
                    "Parallel Aware": true,
                    "Startup Cost": 54588.39,
                    "Total Cost": 54588.39,
                    "Plan Rows": 1097081,
                    "Plan Width": 4,
                    "Actual Startup Time": 451.678,
                    "Actual Total Time": 451.679,
                    "Actual Rows": 932744,
                    "Actual Loops": 2,
                    "Hash Buckets": 2097152,
                    "Original Hash Buckets": 2097152,
                    "Hash Batches": 1,
                    "Original Hash Batches": 1,
                    "Peak Memory Usage": 89408,
                    "Plans": [
                      {
                        "Node Type": "Seq Scan",
                        "Parent Relationship": "Outer",
                        "Parallel Aware": true,
                        "Relation Name": "title",
                        "Alias": "t",
                        "Startup Cost": 0.0,
                        "Total Cost": 54588.39,
                        "Plan Rows": 1097081,
                        "Plan Width": 4,
                        "Actual Startup Time": 0.028,
                        "Actual Total Time": 172.614,
                        "Actual Rows": 932744,
                        "Actual Loops": 2,
                        "Filter": "(kind_id > 1)",
                        "Rows Removed by Filter": 331412
                      }
                    ]
                  }
                ]
              }
            ]
          }
        ]
      }
    ]
  },
  "Planning Time": 0.753,
  "Triggers": [],
  "Execution Time": 3165.273
}