[
  {
    "Plan": {
      "Node Type": "Aggregate",
      "Strategy": "Plain",
      "Partial Mode": "Finalize",
      "Parallel Aware": false,
      "Startup Cost": 255250.55,
      "Total Cost": 255250.56,
      "Plan Rows": 1,
      "Plan Width": 8,
      "Actual Startup Time": 1382.091,
      "Actual Total Time": 1415.624,
      "Actual Rows": 1,
      "Actual Loops": 1,
      "Plans": [
        {
          "Node Type": "Gather",
          "Parent Relationship": "Outer",
          "Parallel Aware": false,
          "Startup Cost": 255250.02,
          "Total Cost": 255250.53,
          "Plan Rows": 5,
          "Plan Width": 8,
          "Actual Startup Time": 1379.429,
          "Actual Total Time": 1415.613,
          "Actual Rows": 6,
          "Actual Loops": 1,
          "Workers Planned": 5,
          "Workers Launched": 5,
          "Single Copy": false,
          "Plans": [
            {
              "Node Type": "Aggregate",
              "Strategy": "Plain",
              "Partial Mode": "Partial",
              "Parent Relationship": "Outer",
              "Parallel Aware": false,
              "Startup Cost": 254250.02,
              "Total Cost": 254250.03,
              "Plan Rows": 1,
              "Plan Width": 8,
              "Actual Startup Time": 1367.183,
              "Actual Total Time": 1367.186,
              "Actual Rows": 1,
              "Actual Loops": 6,
              "Plans": [
                {
                  "Node Type": "Nested Loop",
                  "Parent Relationship": "Outer",
                  "Parallel Aware": false,
                  "Join Type": "Inner",
                  "Startup Cost": 46742.14,
                  "Total Cost": 253813.94,
                  "Plan Rows": 174432,
                  "Plan Width": 0,
                  "Actual Startup Time": 155.087,
                  "Actual Total Time": 1328.935,
                  "Actual Rows": 555216,
                  "Actual Loops": 6,
                  "Inner Unique": false,
                  "Join Filter": "(t.id = mi.movie_id)",
                  "Rows Removed by Join Filter": 0,
                  "Plans": [
                    {
                      "Node Type": "Hash Join",
                      "Parent Relationship": "Outer",
                      "Parallel Aware": true,
                      "Join Type": "Inner",
                      "Startup Cost": 46741.7,
                      "Total Cost": 166929.14,
                      "Plan Rows": 34353,
                      "Plan Width": 8,
                      "Actual Startup Time": 154.987,
                      "Actual Total Time": 544.85,
                      "Actual Rows": 148931,
                      "Actual Loops": 6,
                      "Inner Unique": true,
                      "Hash Cond": "(ci.movie_id = t.id)",
                      "Plans": [
                        {
                          "Node Type": "Index Scan",
                          "Parent Relationship": "Outer",
                          "Parallel Aware": true,
                          "Scan Direction": "Forward",
                          "Index Name": "role_id_cast_info",
                          "Relation Name": "cast_info",
                          "Alias": "ci",
                          "Startup Cost": 0.56,
                          "Total Cost": 119623.46,
                          "Plan Rows": 215067,
                          "Plan Width": 4,
                          "Actual Startup Time": 0.525,
                          "Actual Total Time": 184.756,
                          "Actual Rows": 516859,
                          "Actual Loops": 6,
                          "Index Cond": "(role_id = 10)",
                          "Rows Removed by Index Recheck": 0,
                          "Filter": "(person_id > 2810612)",
                          "Rows Removed by Filter": 203644
                        },
                        {
                          "Node Type": "Hash",
                          "Parent Relationship": "Inner",
                          "Parallel Aware": true,
                          "Startup Cost": 45479.1,
                          "Total Cost": 45479.1,
                          "Plan Rows": 100963,
                          "Plan Width": 4,
                          "Actual Startup Time": 151.631,
                          "Actual Total Time": 151.632,
                          "Actual Rows": 72370,
                          "Actual Loops": 6,
                          "Hash Buckets": 524288,
                          "Original Hash Buckets": 524288,
                          "Hash Batches": 1,
                          "Original Hash Batches": 1,
                          "Peak Memory Usage": 21184,
                          "Plans": [
                            {
                              "Node Type": "Seq Scan",
                              "Parent Relationship": "Outer",
                              "Parallel Aware": true,
                              "Relation Name": "title",
                              "Alias": "t",
                              "Startup Cost": 0.0,
                              "Total Cost": 45479.1,
                              "Plan Rows": 100963,
                              "Plan Width": 4,
                              "Actual Startup Time": 0.038,
                              "Actual Total Time": 109.241,
                              "Actual Rows": 72370,
                              "Actual Loops": 6,
                              "Filter": "((production_year > 2008) AND (kind_id = 7))",
                              "Rows Removed by Filter": 349016
                            }
                          ]
                        }
                      ]
                    },
                    {
                      "Node Type": "Index Scan",
                      "Parent Relationship": "Inner",
                      "Parallel Aware": false,
                      "Scan Direction": "Forward",
                      "Index Name": "movie_id_movie_info",
                      "Relation Name": "movie_info",
                      "Alias": "mi",
                      "Startup Cost": 0.43,
                      "Total Cost": 2.08,
                      "Plan Rows": 36,
                      "Plan Width": 4,
                      "Actual Startup Time": 0.003,
                      "Actual Total Time": 0.005,
                      "Actual Rows": 4,
                      "Actual Loops": 893588,
                      "Index Cond": "(movie_id = ci.movie_id)",
                      "Rows Removed by Index Recheck": 0,
                      "Filter": "(info_type_id < 18)",
                      "Rows Removed by Filter": 1
                    }
                  ]
                }
              ]
            }
          ]
        }
      ]
    },
    "Planning Time": 1.605,
    "Triggers": [],
    "Execution Time": 1415.739
  }
]