{
  "Plan": {
    "Node Type": "Aggregate",
    "Strategy": "Plain",
    "Partial Mode": "Simple",
    "Parallel Aware": false,
    "Startup Cost": 3228.22,
    "Total Cost": 3228.23,
    "Plan Rows": 1,
    "Plan Width": 8,
    "Actual Startup Time": 22.693,
    "Actual Total Time": 22.696,
    "Actual Rows": 1,
    "Actual Loops": 1,
    "Plans": [
      {
        "Node Type": "Nested Loop",
        "Parent Relationship": "Outer",
        "Parallel Aware": false,
        "Join Type": "Inner",
        "Startup Cost": 7.22,
        "Total Cost": 3226.98,
        "Plan Rows": 497,
        "Plan Width": 0,
        "Actual Startup Time": 0.632,
        "Actual Total Time": 20.652,
        "Actual Rows": 13653,
        "Actual Loops": 1,
        "Inner Unique": false,
        "Plans": [
          {
            "Node Type": "Nested Loop",
            "Parent Relationship": "Outer",
            "Parallel Aware": false,
            "Join Type": "Inner",
            "Startup Cost": 6.78,
            "Total Cost": 3007.2,
            "Plan Rows": 85,
            "Plan Width": 8,
            "Actual Startup Time": 0.612,
            "Actual Total Time": 3.525,
            "Actual Rows": 150,
            "Actual Loops": 1,
            "Inner Unique": true,
            "Plans": [
              {
                "Node Type": "Bitmap Heap Scan",
                "Parent Relationship": "Outer",
                "Parallel Aware": false,
                "Relation Name": "movie_keyword",
                "Alias": "mk",
                "Startup Cost": 6.35,
                "Total Cost": 922.98,
                "Plan Rows": 248,
                "Plan Width": 4,
                "Actual Startup Time": 0.351,
                "Actual Total Time": 1.082,
                "Actual Rows": 247,
                "Actual Loops": 1,
                "Recheck Cond": "(keyword_id = 10645)",
                "Rows Removed by Index Recheck": 0,
                "Exact Heap Blocks": 236,
                "Lossy Heap Blocks": 0,
                "Plans": [
                  {
                    "Node Type": "Bitmap Index Scan",
                    "Parent Relationship": "Outer",
                    "Parallel Aware": false,
                    "Index Name": "keyword_id_movie_keyword",
                    "Startup Cost": 0.0,
                    "Total Cost": 6.29,
                    "Plan Rows": 248,
                    "Plan Width": 0,
                    "Actual Startup Time": 0.239,
                    "Actual Total Time": 0.24,
                    "Actual Rows": 247,
                    "Actual Loops": 1,
                    "Index Cond": "(keyword_id = 10645)"
                  }
                ]
              },
              {
                "Node Type": "Index Scan",
                "Parent Relationship": "Inner",
                "Parallel Aware": false,
                "Scan Direction": "Forward",
                "Index Name": "title_pkey",
                "Relation Name": "title",
                "Alias": "t",
                "Startup Cost": 0.43,
                "Total Cost": 8.4,
                "Plan Rows": 1,
                "Plan Width": 4,
                "Actual Startup Time": 0.009,
                "Actual Total Time": 0.009,
                "Actual Rows": 1,
                "Actual Loops": 247,
                "Index Cond": "(id = mk.movie_id)",
                "Rows Removed by Index Recheck": 0,
                "Filter": "((kind_id < 7) AND (production_year > 1960))",
                "Rows Removed by Filter": 0
              }
            ]
          },
          {
            "Node Type": "Index Only Scan",
            "Parent Relationship": "Inner",
            "Parallel Aware": false,
            "Scan Direction": "Forward",
            "Index Name": "movie_id_movie_info",
            "Relation Name": "movie_info",
            "Alias": "mi",
            "Startup Cost": 0.43,
            "Total Cost": 2.17,
            "Plan Rows": 42,
            "Plan Width": 4,
            "Actual Startup Time": 0.018,
            "Actual Total Time": 0.09,
            "Actual Rows": 91,
            "Actual Loops": 150,
            "Index Cond": "(movie_id = t.id)",
            "Rows Removed by Index Recheck": 0,
            "Heap Fetches": 13653
          }
        ]
      }
    ]
  },
  "Planning Time": 0.891,
  "Triggers": [],
  "Execution Time": 22.779
}