[
  {
    "Plan": {
      "Node Type": "Aggregate",
      "Strategy": "Plain",
      "Partial Mode": "Finalize",
      "Parallel Aware": false,
      "Startup Cost": 44579.24,
      "Total Cost": 44579.25,
      "Plan Rows": 1,
      "Plan Width": 8,
      "Actual Startup Time": 122.469,
      "Actual Total Time": 131.771,
      "Actual Rows": 1,
      "Actual Loops": 1,
      "Plans": [
        {
          "Node Type": "Gather",
          "Parent Relationship": "Outer",
          "Parallel Aware": false,
          "Startup Cost": 44578.92,
          "Total Cost": 44579.23,
          "Plan Rows": 3,
          "Plan Width": 8,
          "Actual Startup Time": 122.363,
          "Actual Total Time": 131.764,
          "Actual Rows": 4,
          "Actual Loops": 1,
          "Workers Planned": 3,
          "Workers Launched": 3,
          "Single Copy": false,
          "Plans": [
            {
              "Node Type": "Aggregate",
              "Strategy": "Plain",
              "Partial Mode": "Partial",
              "Parent Relationship": "Outer",
              "Parallel Aware": false,
              "Startup Cost": 43578.92,
              "Total Cost": 43578.93,
              "Plan Rows": 1,
              "Plan Width": 8,
              "Actual Startup Time": 115.892,
              "Actual Total Time": 115.893,
              "Actual Rows": 1,
              "Actual Loops": 4,
              "Plans": [
                {
                  "Node Type": "Seq Scan",
                  "Parent Relationship": "Outer",
                  "Parallel Aware": true,
                  "Relation Name": "movie_keyword",
                  "Alias": "mk",
                  "Startup Cost": 0.0,
                  "Total Cost": 42695.65,
                  "Plan Rows": 353307,
                  "Plan Width": 0,
                  "Actual Startup Time": 0.063,
                  "Actual Total Time": 102.09,
                  "Actual Rows": 277412,
                  "Actual Loops": 4,
                  "Filter": "(keyword_id < 1138)",
                  "Rows Removed by Filter": 853571
                }
              ]
            }
          ]
        }
      ]
    },
    "Planning Time": 0.167,
    "Triggers": [],
    "Execution Time": 131.816
  }
]