{
  "Plan": {
    "Node Type": "Aggregate",
    "Strategy": "Plain",
    "Partial Mode": "Finalize",
    "Parallel Aware": false,
    "Startup Cost": 488795.26,
    "Total Cost": 488795.27,
    "Plan Rows": 1,
    "Plan Width": 8,
    "Actual Startup Time": 7669.98,
    "Actual Total Time": 7710.417,
    "Actual Rows": 1,
    "Actual Loops": 1,
    "Plans": [
      {
        "Node Type": "Gather",
        "Parent Relationship": "Outer",
        "Parallel Aware": false,
        "Startup Cost": 488795.14,
        "Total Cost": 488795.25,
        "Plan Rows": 1,
        "Plan Width": 8,
        "Actual Startup Time": 7669.974,
        "Actual Total Time": 7710.411,
        "Actual Rows": 2,
        "Actual Loops": 1,
        "Workers Planned": 1,
        "Workers Launched": 1,
        "Single Copy": false,
        "Plans": [
          {
            "Node Type": "Aggregate",
            "Strategy": "Plain",
            "Partial Mode": "Partial",
            "Parent Relationship": "Outer",
            "Parallel Aware": false,
            "Startup Cost": 487795.14,
            "Total Cost": 487795.15,
            "Plan Rows": 1,
            "Plan Width": 8,
            "Actual Startup Time": 7663.606,
            "Actual Total Time": 7663.607,
            "Actual Rows": 1,
            "Actual Loops": 2,
            "Plans": [
              {
                "Node Type": "Merge Join",
                "Parent Relationship": "Outer",
                "Parallel Aware": false,
                "Join Type": "Inner",
                "Startup Cost": 21.23,
                "Total Cost": 485149.7,
                "Plan Rows": 1058176,
                "Plan Width": 0,
                "Actual Startup Time": 21.812,
                "Actual Total Time": 7169.207,
                "Actual Rows": 11863614,
                "Actual Loops": 2,
                "Inner Unique": false,
                "Merge Cond": "(t.id = mc.movie_id)",
                "Plans": [
                  {
                    "Node Type": "Merge Join",
                    "Parent Relationship": "Outer",
                    "Parallel Aware": false,
                    "Join Type": "Inner",
                    "Startup Cost": 14.32,
                    "Total Cost": 312842.41,
                    "Plan Rows": 2512407,
                    "Plan Width": 8,
                    "Actual Startup Time": 8.179,
                    "Actual Total Time": 2052.41,
                    "Actual Rows": 2236148,
                    "Actual Loops": 2,
                    "Inner Unique": true,
                    "Merge Cond": "(mk.movie_id = t.id)",
                    "Plans": [
                      {
                        "Node Type": "Index Only Scan",
                        "Parent Relationship": "Outer",
                        "Parallel Aware": true,
                        "Scan Direction": "Forward",
                        "Index Name": "movie_id_movie_keyword",
                        "Relation Name": "movie_keyword",
                        "Alias": "mk",
                        "Startup Cost": 0.43,
                        "Total Cost": 158560.11,
                        "Plan Rows": 2661135,
                        "Plan Width": 4,
                        "Actual Startup Time": 0.094,
                        "Actual Total Time": 460.224,
                        "Actual Rows": 2261934,
                        "Actual Loops": 2,
                        "Heap Fetches": 4523869
                      },
                      {
                        "Node Type": "Index Scan",
                        "Parent Relationship": "Inner",
                        "Parallel Aware": false,
                        "Scan Direction": "Forward",
                        "Index Name": "title_pkey",
                        "Relation Name": "title",
                        "Alias": "t",
                        "Startup Cost": 0.43,
                        "Total Cost": 116660.7,
                        "Plan Rows": 2386989,
                        "Plan Width": 4,
                        "Actual Startup Time": 0.092,
                        "Actual Total Time": 1232.925,
                        "Actual Rows": 2381616,
                        "Actual Loops": 2,
                        "Filter": "(production_year > 1916)",
                        "Rows Removed by Filter": 144022
                      }
                    ]
                  },
                  {
                    "Node Type": "Index Scan",
                    "Parent Relationship": "Inner",
                    "Parallel Aware": false,
                    "Scan Direction": "Forward",
                    "Index Name": "movie_id_movie_companies",
                    "Relation Name": "movie_companies",
                    "Alias": "mc",
                    "Startup Cost": 0.43,
                    "Total Cost": 153105.09,
                    "Plan Rows": 1064867,
                    "Plan Width": 4,
                    "Actual Startup Time": 2.407,
                    "Actual Total Time": 3957.699,
                    "Actual Rows": 12501972,
                    "Actual Loops": 2,
                    "Filter": "((company_id > 329) AND (company_type_id = 1))",
                    "Rows Removed by Filter": 9095494
                  }
                ]
              }
            ]
          }
        ]
      }
    ]
  },
  "Planning Time": 1.066,
  "Triggers": [],
  "Execution Time": 7710.515
}