[
  {
    "Plan": {
      "Node Type": "Aggregate",
      "Strategy": "Plain",
      "Partial Mode": "Finalize",
      "Parallel Aware": false,
      "Startup Cost": 31810.29,
      "Total Cost": 31810.3,
      "Plan Rows": 1,
      "Plan Width": 8,
      "Actual Startup Time": 112.445,
      "Actual Total Time": 121.209,
      "Actual Rows": 1,
      "Actual Loops": 1,
      "Plans": [
        {
          "Node Type": "Gather",
          "Parent Relationship": "Outer",
          "Parallel Aware": false,
          "Startup Cost": 31809.97,
          "Total Cost": 31810.28,
          "Plan Rows": 3,
          "Plan Width": 8,
          "Actual Startup Time": 112.317,
          "Actual Total Time": 121.2,
          "Actual Rows": 4,
          "Actual Loops": 1,
          "Workers Planned": 3,
          "Workers Launched": 3,
          "Single Copy": false,
          "Plans": [
            {
              "Node Type": "Aggregate",
              "Strategy": "Plain",
              "Partial Mode": "Partial",
              "Parent Relationship": "Outer",
              "Parallel Aware": false,
              "Startup Cost": 30809.97,
              "Total Cost": 30809.98,
              "Plan Rows": 1,
              "Plan Width": 8,
              "Actual Startup Time": 108.575,
              "Actual Total Time": 108.576,
              "Actual Rows": 1,
              "Actual Loops": 4,
              "Plans": [
                {
                  "Node Type": "Seq Scan",
                  "Parent Relationship": "Outer",
                  "Parallel Aware": true,
                  "Relation Name": "movie_companies",
                  "Alias": "mc",
                  "Startup Cost": 0.0,
                  "Total Cost": 29310.68,
                  "Plan Rows": 599716,
                  "Plan Width": 0,
                  "Actual Startup Time": 0.014,
                  "Actual Total Time": 84.072,
                  "Actual Rows": 466283,
                  "Actual Loops": 4,
                  "Filter": "(company_id < 38089)",
                  "Rows Removed by Filter": 185999
                }
              ]
            }
          ]
        }
      ]
    },
    "Planning Time": 0.087,
    "Triggers": [],
    "Execution Time": 121.244
  }
]