{
  "Plan": {
    "Node Type": "Aggregate",
    "Strategy": "Plain",
    "Partial Mode": "Finalize",
    "Parallel Aware": false,
    "Startup Cost": 483471.35,
    "Total Cost": 483471.36,
    "Plan Rows": 1,
    "Plan Width": 8,
    "Actual Startup Time": 2935.601,
    "Actual Total Time": 2971.617,
    "Actual Rows": 1,
    "Actual Loops": 1,
    "Plans": [
      {
        "Node Type": "Gather",
        "Parent Relationship": "Outer",
        "Parallel Aware": false,
        "Startup Cost": 483471.24,
        "Total Cost": 483471.35,
        "Plan Rows": 1,
        "Plan Width": 8,
        "Actual Startup Time": 2928.015,
        "Actual Total Time": 2971.609,
        "Actual Rows": 2,
        "Actual Loops": 1,
        "Workers Planned": 1,
        "Workers Launched": 1,
        "Single Copy": false,
        "Plans": [
          {
            "Node Type": "Aggregate",
            "Strategy": "Plain",
            "Partial Mode": "Partial",
            "Parent Relationship": "Outer",
            "Parallel Aware": false,
            "Startup Cost": 482471.24,
            "Total Cost": 482471.25,
            "Plan Rows": 1,
            "Plan Width": 8,
            "Actual Startup Time": 2915.457,
            "Actual Total Time": 2915.463,
            "Actual Rows": 1,
            "Actual Loops": 2,
            "Plans": [
              {
                "Node Type": "Hash Join",
                "Parent Relationship": "Outer",
                "Parallel Aware": true,
                "Join Type": "Inner",
                "Startup Cost": 150045.31,
                "Total Cost": 477087.2,
                "Plan Rows": 2153616,
                "Plan Width": 0,
                "Actual Startup Time": 990.859,
                "Actual Total Time": 2716.958,
                "Actual Rows": 4977160,
                "Actual Loops": 2,
                "Inner Unique": false,
                "Hash Cond": "(ci.movie_id = t.id)",
                "Plans": [
                  {
                    "Node Type": "Index Scan",
                    "Parent Relationship": "Outer",
                    "Parallel Aware": true,
                    "Scan Direction": "Forward",
                    "Index Name": "role_id_cast_info",
                    "Relation Name": "cast_info",
                    "Alias": "ci",
                    "Startup Cost": 0.56,
                    "Total Cost": 305110.75,
                    "Plan Rows": 1852674,
                    "Plan Width": 4,
                    "Actual Startup Time": 0.083,
                    "Actual Total Time": 720.424,
                    "Actual Rows": 3320266,
                    "Actual Loops": 2,
                    "Index Cond": "(role_id > 4)",
                    "Rows Removed by Index Recheck": 0,
                    "Filter": "(person_id > 2490802)",
                    "Rows Removed by Filter": 1372086
                  },
                  {
                    "Node Type": "Hash",
                    "Parent Relationship": "Inner",
                    "Parallel Aware": true,
                    "Startup Cost": 128434.6,
                    "Total Cost": 128434.6,
                    "Plan Rows": 1728812,
                    "Plan Width": 8,
                    "Actual Startup Time": 969.281,
                    "Actual Total Time": 969.285,
                    "Actual Rows": 778112,
                    "Actual Loops": 2,
                    "Hash Buckets": 4194304,
                    "Original Hash Buckets": 4194304,
                    "Hash Batches": 1,
                    "Original Hash Batches": 1,
                    "Peak Memory Usage": 93696,
                    "Plans": [
                      {
                        "Node Type": "Hash Join",
                        "Parent Relationship": "Outer",
                        "Parallel Aware": true,
                        "Join Type": "Inner",
                        "Startup Cost": 70383.76,
                        "Total Cost": 128434.6,
                        "Plan Rows": 1728812,
                        "Plan Width": 8,
                        "Actual Startup Time": 382.306,
                        "Actual Total Time": 816.394,
                        "Actual Rows": 778112,
                        "Actual Loops": 2,
                        "Inner Unique": true,
                        "Hash Cond": "(mk.movie_id = t.id)",
                        "Plans": [
                          {
                            "Node Type": "Seq Scan",
                            "Parent Relationship": "Outer",
                            "Parallel Aware": true,
                            "Relation Name": "movie_keyword",
                            "Alias": "mk",
                            "Startup Cost": 0.0,
                            "Total Cost": 51065.35,
                            "Plan Rows": 2661135,
                            "Plan Width": 4,
                            "Actual Startup Time": 0.01,
                            "Actual Total Time": 154.529,
                            "Actual Rows": 2261965,
                            "Actual Loops": 2
                          },
                          {
                            "Node Type": "Hash",
                            "Parent Relationship": "Inner",
                            "Parallel Aware": true,
                            "Startup Cost": 58306.47,
                            "Total Cost": 58306.47,
                            "Plan Rows": 966183,
                            "Plan Width": 4,
                            "Actual Startup Time": 376.201,
                            "Actual Total Time": 376.202,
                            "Actual Rows": 814920,
                            "Actual Loops": 2,
                            "Hash Buckets": 2097152,
                            "Original Hash Buckets": 2097152,
                            "Hash Batches": 1,
                            "Original Hash Batches": 1,
                            "Peak Memory Usage": 80160,
                            "Plans": [
                              {
                                "Node Type": "Seq Scan",
                                "Parent Relationship": "Outer",
                                "Parallel Aware": true,
                                "Relation Name": "title",
                                "Alias": "t",
                                "Startup Cost": 0.0,
                                "Total Cost": 58306.47,
                                "Plan Rows": 966183,
                                "Plan Width": 4,
                                "Actual Startup Time": 0.031,
                                "Actual Total Time": 174.006,
                                "Actual Rows": 814920,
                                "Actual Loops": 2,
                                "Filter": "((kind_id > 1) AND (production_year < 2012))",
                                "Rows Removed by Filter": 449236
                              }
                            ]
                          }
                        ]
                      }
                    ]
                  }
                ]
              }
            ]
          }
        ]
      }
    ]
  },
  "Planning Time": 1.068,
  "Triggers": [],
  "Execution Time": 2971.703
}