[
  {
    "Plan": {
      "Node Type": "Aggregate",
      "Strategy": "Plain",
      "Partial Mode": "Finalize",
      "Parallel Aware": false,
      "Startup Cost": 81418.62,
      "Total Cost": 81418.63,
      "Plan Rows": 1,
      "Plan Width": 8,
      "Actual Startup Time": 286.057,
      "Actual Total Time": 301.786,
      "Actual Rows": 1,
      "Actual Loops": 1,
      "Plans": [
        {
          "Node Type": "Gather",
          "Parent Relationship": "Outer",
          "Parallel Aware": false,
          "Startup Cost": 81418.2,
          "Total Cost": 81418.61,
          "Plan Rows": 4,
          "Plan Width": 8,
          "Actual Startup Time": 282.313,
          "Actual Total Time": 301.776,
          "Actual Rows": 5,
          "Actual Loops": 1,
          "Workers Planned": 4,
          "Workers Launched": 4,
          "Single Copy": false,
          "Plans": [
            {
              "Node Type": "Aggregate",
              "Strategy": "Plain",
              "Partial Mode": "Partial",
              "Parent Relationship": "Outer",
              "Parallel Aware": false,
              "Startup Cost": 80418.2,
              "Total Cost": 80418.21,
              "Plan Rows": 1,
              "Plan Width": 8,
              "Actual Startup Time": 272.75,
              "Actual Total Time": 272.753,
              "Actual Rows": 1,
              "Actual Loops": 5,
              "Plans": [
                {
                  "Node Type": "Hash Join",
                  "Parent Relationship": "Outer",
                  "Parallel Aware": true,
                  "Join Type": "Inner",
                  "Startup Cost": 34015.77,
                  "Total Cost": 80015.06,
                  "Plan Rows": 161259,
                  "Plan Width": 0,
                  "Actual Startup Time": 107.414,
                  "Actual Total Time": 268.934,
                  "Actual Rows": 82034,
                  "Actual Loops": 5,
                  "Inner Unique": false,
                  "Hash Cond": "(t.id = mc.movie_id)",
                  "Plans": [
                    {
                      "Node Type": "Seq Scan",
                      "Parent Relationship": "Outer",
                      "Parallel Aware": true,
                      "Relation Name": "title",
                      "Alias": "t",
                      "Startup Cost": 0.0,
                      "Total Cost": 42318.73,
                      "Plan Rows": 632073,
                      "Plan Width": 4,
                      "Actual Startup Time": 0.012,
                      "Actual Total Time": 61.424,
                      "Actual Rows": 505662,
                      "Actual Loops": 5
                    },
                    {
                      "Node Type": "Hash",
                      "Parent Relationship": "Inner",
                      "Parallel Aware": true,
                      "Startup Cost": 31414.82,
                      "Total Cost": 31414.82,
                      "Plan Rows": 208076,
                      "Plan Width": 4,
                      "Actual Startup Time": 103.02,
                      "Actual Total Time": 103.021,
                      "Actual Rows": 82034,
                      "Actual Loops": 5,
                      "Hash Buckets": 1048576,
                      "Original Hash Buckets": 1048576,
                      "Hash Batches": 1,
                      "Original Hash Batches": 1,
                      "Peak Memory Usage": 24320,
                      "Plans": [
                        {
                          "Node Type": "Seq Scan",
                          "Parent Relationship": "Outer",
                          "Parallel Aware": true,
                          "Relation Name": "movie_companies",
                          "Alias": "mc",
                          "Startup Cost": 0.0,
                          "Total Cost": 31414.82,
                          "Plan Rows": 208076,
                          "Plan Width": 4,
                          "Actual Startup Time": 46.977,
                          "Actual Total Time": 73.313,
                          "Actual Rows": 82034,
                          "Actual Loops": 5,
                          "Filter": "((company_id < 11203) AND (company_type_id = 2))",
                          "Rows Removed by Filter": 439792
                        }
                      ]
                    }
                  ]
                }
              ]
            }
          ]
        }
      ]
    },
    "Planning Time": 0.632,
    "Triggers": [],
    "Execution Time": 301.855
  }
]