[
  {
    "Plan": {
      "Node Type": "Aggregate",
      "Strategy": "Plain",
      "Partial Mode": "Finalize",
      "Parallel Aware": false,
      "Startup Cost": 330982.59,
      "Total Cost": 330982.6,
      "Plan Rows": 1,
      "Plan Width": 8,
      "Actual Startup Time": 631.321,
      "Actual Total Time": 681.256,
      "Actual Rows": 1,
      "Actual Loops": 1,
      "Plans": [
        {
          "Node Type": "Gather",
          "Parent Relationship": "Outer",
          "Parallel Aware": false,
          "Startup Cost": 330981.96,
          "Total Cost": 330982.57,
          "Plan Rows": 6,
          "Plan Width": 8,
          "Actual Startup Time": 631.142,
          "Actual Total Time": 681.246,
          "Actual Rows": 7,
          "Actual Loops": 1,
          "Workers Planned": 6,
          "Workers Launched": 6,
          "Single Copy": false,
          "Plans": [
            {
              "Node Type": "Aggregate",
              "Strategy": "Plain",
              "Partial Mode": "Partial",
              "Parent Relationship": "Outer",
              "Parallel Aware": false,
              "Startup Cost": 329981.96,
              "Total Cost": 329981.97,
              "Plan Rows": 1,
              "Plan Width": 8,
              "Actual Startup Time": 621.089,
              "Actual Total Time": 621.091,
              "Actual Rows": 1,
              "Actual Loops": 7,
              "Plans": [
                {
                  "Node Type": "Seq Scan",
                  "Parent Relationship": "Outer",
                  "Parallel Aware": true,
                  "Relation Name": "cast_info",
                  "Alias": "ci",
                  "Startup Cost": 0.0,
                  "Total Cost": 328211.39,
                  "Plan Rows": 708228,
                  "Plan Width": 0,
                  "Actual Startup Time": 0.062,
                  "Actual Total Time": 583.892,
                  "Actual Rows": 630695,
                  "Actual Loops": 7,
                  "Filter": "(person_id < 426189)",
                  "Rows Removed by Filter": 4547069
                }
              ]
            }
          ]
        }
      ]
    },
    "Planning Time": 0.204,
    "Triggers": [],
    "Execution Time": 681.328
  }
]