[
    {
        "Bao": {
            "Bao prediction": "NaN",
            "Bao recommended hint": "(no hint)"
        }
    },
    {
        "Plan": {
            "Node Type": "Aggregate",
            "Strategy": "Plain",
            "Partial Mode": "Finalize",
            "Parallel Aware": false,
            "Startup Cost": 320362.6,
            "Total Cost": 320362.61,
            "Plan Rows": 1,
            "Plan Width": 8,
            "Actual Startup Time": 222.714,
            "Actual Total Time": 228.769,
            "Actual Rows": 1,
            "Actual Loops": 1,
            "Output": [
                "count(*)"
            ],
            "Plans": [
                {
                    "Node Type": "Gather",
                    "Parent Relationship": "Outer",
                    "Parallel Aware": false,
                    "Startup Cost": 320361.97,
                    "Total Cost": 320362.58,
                    "Plan Rows": 6,
                    "Plan Width": 8,
                    "Actual Startup Time": 221.707,
                    "Actual Total Time": 228.761,
                    "Actual Rows": 7,
                    "Actual Loops": 1,
                    "Output": [
                        "(PARTIAL count(*))"
                    ],
                    "Workers Planned": 6,
                    "Workers Launched": 6,
                    "Single Copy": false,
                    "Plans": [
                        {
                            "Node Type": "Aggregate",
                            "Strategy": "Plain",
                            "Partial Mode": "Partial",
                            "Parent Relationship": "Outer",
                            "Parallel Aware": false,
                            "Startup Cost": 319361.97,
                            "Total Cost": 319361.98,
                            "Plan Rows": 1,
                            "Plan Width": 8,
                            "Actual Startup Time": 210.966,
                            "Actual Total Time": 210.968,
                            "Actual Rows": 1,
                            "Actual Loops": 7,
                            "Output": [
                                "PARTIAL count(*)"
                            ],
                            "Workers": [
                                {
                                    "Worker Number": 0,
                                    "Actual Startup Time": 208.565,
                                    "Actual Total Time": 208.567,
                                    "Actual Rows": 1,
                                    "Actual Loops": 1
                                },
                                {
                                    "Worker Number": 1,
                                    "Actual Startup Time": 208.963,
                                    "Actual Total Time": 208.964,
                                    "Actual Rows": 1,
                                    "Actual Loops": 1
                                },
                                {
                                    "Worker Number": 2,
                                    "Actual Startup Time": 209.192,
                                    "Actual Total Time": 209.193,
                                    "Actual Rows": 1,
                                    "Actual Loops": 1
                                },
                                {
                                    "Worker Number": 3,
                                    "Actual Startup Time": 209.243,
                                    "Actual Total Time": 209.244,
                                    "Actual Rows": 1,
                                    "Actual Loops": 1
                                },
                                {
                                    "Worker Number": 4,
                                    "Actual Startup Time": 209.74,
                                    "Actual Total Time": 209.742,
                                    "Actual Rows": 1,
                                    "Actual Loops": 1
                                },
                                {
                                    "Worker Number": 5,
                                    "Actual Startup Time": 210.173,
                                    "Actual Total Time": 210.174,
                                    "Actual Rows": 1,
                                    "Actual Loops": 1
                                }
                            ],
                            "Plans": [
                                {
                                    "Node Type": "Bitmap Heap Scan",
                                    "Parent Relationship": "Outer",
                                    "Parallel Aware": true,
                                    "Relation Name": "cast_info",
                                    "Schema": "public",
                                    "Alias": "ci",
                                    "Startup Cost": 59892.92,
                                    "Total Cost": 318231.63,
                                    "Plan Rows": 452137,
                                    "Plan Width": 0,
                                    "Actual Startup Time": 100.792,
                                    "Actual Total Time": 188.543,
                                    "Actual Rows": 395632,
                                    "Actual Loops": 7,
                                    "Recheck Cond": "(ci.person_id < 266141)",
                                    "Rows Removed by Index Recheck": 0,
                                    "Exact Heap Blocks": 6933,
                                    "Lossy Heap Blocks": 0,
                                    "Workers": [
                                        {
                                            "Worker Number": 0,
                                            "Actual Startup Time": 98.33,
                                            "Actual Total Time": 187.145,
                                            "Actual Rows": 268539,
                                            "Actual Loops": 1
                                        },
                                        {
                                            "Worker Number": 1,
                                            "Actual Startup Time": 99.111,
                                            "Actual Total Time": 186.985,
                                            "Actual Rows": 385907,
                                            "Actual Loops": 1
                                        },
                                        {
                                            "Worker Number": 2,
                                            "Actual Startup Time": 99.152,
                                            "Actual Total Time": 187.44,
                                            "Actual Rows": 382787,
                                            "Actual Loops": 1
                                        },
                                        {
                                            "Worker Number": 3,
                                            "Actual Startup Time": 99.041,
                                            "Actual Total Time": 186.901,
                                            "Actual Rows": 279858,
                                            "Actual Loops": 1
                                        },
                                        {
                                            "Worker Number": 4,
                                            "Actual Startup Time": 99.692,
                                            "Actual Total Time": 188.85,
                                            "Actual Rows": 378655,
                                            "Actual Loops": 1
                                        },
                                        {
                                            "Worker Number": 5,
                                            "Actual Startup Time": 99.944,
                                            "Actual Total Time": 188.118,
                                            "Actual Rows": 385603,
                                            "Actual Loops": 1
                                        }
                                    ],
                                    "Plans": [
                                        {
                                            "Node Type": "Bitmap Index Scan",
                                            "Parent Relationship": "Outer",
                                            "Parallel Aware": false,
                                            "Index Name": "person_id_cast_info",
                                            "Startup Cost": 0.0,
                                            "Total Cost": 59214.71,
                                            "Plan Rows": 2712820,
                                            "Plan Width": 0,
                                            "Actual Startup Time": 105.699,
                                            "Actual Total Time": 105.7,
                                            "Actual Rows": 2769421,
                                            "Actual Loops": 1,
                                            "Index Cond": "(ci.person_id < 266141)"
                                        }
                                    ]
                                }
                            ]
                        }
                    ]
                }
            ]
        },
        "Planning Time": 198.421,
        "Triggers": [],
        "Execution Time": 228.88
    }
]