{
  "Plan": {
    "Node Type": "Aggregate",
    "Strategy": "Plain",
    "Partial Mode": "Finalize",
    "Parallel Aware": false,
    "Startup Cost": 113370.93,
    "Total Cost": 113370.94,
    "Plan Rows": 1,
    "Plan Width": 8,
    "Actual Startup Time": 681.806,
    "Actual Total Time": 700.014,
    "Actual Rows": 1,
    "Actual Loops": 1,
    "Plans": [
      {
        "Node Type": "Gather",
        "Parent Relationship": "Outer",
        "Parallel Aware": false,
        "Startup Cost": 113370.82,
        "Total Cost": 113370.93,
        "Plan Rows": 1,
        "Plan Width": 8,
        "Actual Startup Time": 679.647,
        "Actual Total Time": 700.007,
        "Actual Rows": 2,
        "Actual Loops": 1,
        "Workers Planned": 1,
        "Workers Launched": 1,
        "Single Copy": false,
        "Plans": [
          {
            "Node Type": "Aggregate",
            "Strategy": "Plain",
            "Partial Mode": "Partial",
            "Parent Relationship": "Outer",
            "Parallel Aware": false,
            "Startup Cost": 112370.82,
            "Total Cost": 112370.83,
            "Plan Rows": 1,
            "Plan Width": 8,
            "Actual Startup Time": 676.041,
            "Actual Total Time": 676.045,
            "Actual Rows": 1,
            "Actual Loops": 2,
            "Plans": [
              {
                "Node Type": "Hash Join",
                "Parent Relationship": "Outer",
                "Parallel Aware": true,
                "Join Type": "Inner",
                "Startup Cost": 48033.24,
                "Total Cost": 111126.51,
                "Plan Rows": 497721,
                "Plan Width": 0,
                "Actual Startup Time": 218.474,
                "Actual Total Time": 662.436,
                "Actual Rows": 266816,
                "Actual Loops": 2,
                "Inner Unique": false,
                "Hash Cond": "(t.id = mc.movie_id)",
                "Plans": [
                  {
                    "Node Type": "Seq Scan",
                    "Parent Relationship": "Outer",
                    "Parallel Aware": true,
                    "Relation Name": "title",
                    "Alias": "t",
                    "Startup Cost": 0.0,
                    "Total Cost": 50870.31,
                    "Plan Rows": 1487231,
                    "Plan Width": 4,
                    "Actual Startup Time": 0.015,
                    "Actual Total Time": 134.775,
                    "Actual Rows": 1264156,
                    "Actual Loops": 2
                  },
                  {
                    "Node Type": "Hash",
                    "Parent Relationship": "Inner",
                    "Parallel Aware": true,
                    "Startup Cost": 41811.73,
                    "Total Cost": 41811.73,
                    "Plan Rows": 497721,
                    "Plan Width": 4,
                    "Actual Startup Time": 210.843,
                    "Actual Total Time": 210.844,
                    "Actual Rows": 266816,
                    "Actual Loops": 2,
                    "Hash Buckets": 1048576,
                    "Original Hash Buckets": 1048576,
                    "Hash Batches": 1,
                    "Original Hash Batches": 1,
                    "Peak Memory Usage": 29088,
                    "Plans": [
                      {
                        "Node Type": "Seq Scan",
                        "Parent Relationship": "Outer",
                        "Parallel Aware": true,
                        "Relation Name": "movie_companies",
                        "Alias": "mc",
                        "Startup Cost": 0.0,
                        "Total Cost": 41811.73,
                        "Plan Rows": 497721,
                        "Plan Width": 4,
                        "Actual Startup Time": 67.45,
                        "Actual Total Time": 140.323,
                        "Actual Rows": 266816,
                        "Actual Loops": 2,
                        "Filter": "((company_id < 18360) AND (company_type_id > 1))",
                        "Rows Removed by Filter": 1037748
                      }
                    ]
                  }
                ]
              }
            ]
          }
        ]
      }
    ]
  },
  "Planning Time": 0.426,
  "Triggers": [],
  "Execution Time": 700.061
}