[
  {
    "Plan": {
      "Node Type": "Aggregate",
      "Strategy": "Plain",
      "Partial Mode": "Finalize",
      "Parallel Aware": false,
      "Startup Cost": 44785.91,
      "Total Cost": 44785.92,
      "Plan Rows": 1,
      "Plan Width": 8,
      "Actual Startup Time": 122.986,
      "Actual Total Time": 132.229,
      "Actual Rows": 1,
      "Actual Loops": 1,
      "Plans": [
        {
          "Node Type": "Gather",
          "Parent Relationship": "Outer",
          "Parallel Aware": false,
          "Startup Cost": 44785.59,
          "Total Cost": 44785.9,
          "Plan Rows": 3,
          "Plan Width": 8,
          "Actual Startup Time": 122.867,
          "Actual Total Time": 132.223,
          "Actual Rows": 4,
          "Actual Loops": 1,
          "Workers Planned": 3,
          "Workers Launched": 3,
          "Single Copy": false,
          "Plans": [
            {
              "Node Type": "Aggregate",
              "Strategy": "Plain",
              "Partial Mode": "Partial",
              "Parent Relationship": "Outer",
              "Parallel Aware": false,
              "Startup Cost": 43785.59,
              "Total Cost": 43785.6,
              "Plan Rows": 1,
              "Plan Width": 8,
              "Actual Startup Time": 118.034,
              "Actual Total Time": 118.035,
              "Actual Rows": 1,
              "Actual Loops": 4,
              "Plans": [
                {
                  "Node Type": "Seq Scan",
                  "Parent Relationship": "Outer",
                  "Parallel Aware": true,
                  "Relation Name": "movie_keyword",
                  "Alias": "mk",
                  "Startup Cost": 0.0,
                  "Total Cost": 42695.65,
                  "Plan Rows": 435974,
                  "Plan Width": 0,
                  "Actual Startup Time": 0.777,
                  "Actual Total Time": 102.273,
                  "Actual Rows": 337375,
                  "Actual Loops": 4,
                  "Filter": "(keyword_id > 12548)",
                  "Rows Removed by Filter": 793607
                }
              ]
            }
          ]
        }
      ]
    },
    "Planning Time": 0.085,
    "Triggers": [],
    "Execution Time": 132.256
  }
]