{
  "Plan": {
    "Node Type": "Aggregate",
    "Strategy": "Plain",
    "Partial Mode": "Finalize",
    "Parallel Aware": false,
    "Startup Cost": 118499.25,
    "Total Cost": 118499.26,
    "Plan Rows": 1,
    "Plan Width": 8,
    "Actual Startup Time": 794.427,
    "Actual Total Time": 814.745,
    "Actual Rows": 1,
    "Actual Loops": 1,
    "Plans": [
      {
        "Node Type": "Gather",
        "Parent Relationship": "Outer",
        "Parallel Aware": false,
        "Startup Cost": 118499.14,
        "Total Cost": 118499.25,
        "Plan Rows": 1,
        "Plan Width": 8,
        "Actual Startup Time": 789.497,
        "Actual Total Time": 814.735,
        "Actual Rows": 2,
        "Actual Loops": 1,
        "Workers Planned": 1,
        "Workers Launched": 1,
        "Single Copy": false,
        "Plans": [
          {
            "Node Type": "Aggregate",
            "Strategy": "Plain",
            "Partial Mode": "Partial",
            "Parent Relationship": "Outer",
            "Parallel Aware": false,
            "Startup Cost": 117499.14,
            "Total Cost": 117499.15,
            "Plan Rows": 1,
            "Plan Width": 8,
            "Actual Startup Time": 776.358,
            "Actual Total Time": 776.365,
            "Actual Rows": 1,
            "Actual Loops": 2,
            "Plans": [
              {
                "Node Type": "Hash Join",
                "Parent Relationship": "Outer",
                "Parallel Aware": true,
                "Join Type": "Inner",
                "Startup Cost": 98294.94,
                "Total Cost": 117467.82,
                "Plan Rows": 12529,
                "Plan Width": 0,
                "Actual Startup Time": 722.2,
                "Actual Total Time": 774.311,
                "Actual Rows": 48532,
                "Actual Loops": 2,
                "Inner Unique": false,
                "Hash Cond": "(mi_idx.movie_id = t.id)",
                "Plans": [
                  {
                    "Node Type": "Seq Scan",
                    "Parent Relationship": "Outer",
                    "Parallel Aware": true,
                    "Relation Name": "movie_info_idx",
                    "Alias": "mi_idx",
                    "Startup Cost": 0.0,
                    "Total Cost": 18082.32,
                    "Plan Rows": 271164,
                    "Plan Width": 4,
                    "Actual Startup Time": 0.054,
                    "Actual Total Time": 58.354,
                    "Actual Rows": 230092,
                    "Actual Loops": 2,
                    "Filter": "(info_type_id > 100)",
                    "Rows Removed by Filter": 459925
                  },
                  {
                    "Node Type": "Hash",
                    "Parent Relationship": "Inner",
                    "Parallel Aware": true,
                    "Startup Cost": 97435.93,
                    "Total Cost": 97435.93,
                    "Plan Rows": 68721,
                    "Plan Width": 8,
                    "Actual Startup Time": 677.151,
                    "Actual Total Time": 677.156,
                    "Actual Rows": 57671,
                    "Actual Loops": 2,
                    "Hash Buckets": 131072,
                    "Original Hash Buckets": 131072,
                    "Hash Batches": 1,
                    "Original Hash Batches": 1,
                    "Peak Memory Usage": 5568,
                    "Plans": [
                      {
                        "Node Type": "Hash Join",
                        "Parent Relationship": "Outer",
                        "Parallel Aware": true,
                        "Join Type": "Inner",
                        "Startup Cost": 71942.53,
                        "Total Cost": 97435.93,
                        "Plan Rows": 68721,
                        "Plan Width": 8,
                        "Actual Startup Time": 601.772,
                        "Actual Total Time": 664.011,
                        "Actual Rows": 57671,
                        "Actual Loops": 2,
                        "Inner Unique": true,
                        "Hash Cond": "(mk.movie_id = t.id)",
                        "Plans": [
                          {
                            "Node Type": "Bitmap Heap Scan",
                            "Parent Relationship": "Outer",
                            "Parallel Aware": true,
                            "Relation Name": "movie_keyword",
                            "Alias": "mk",
                            "Startup Cost": 2481.83,
                            "Total Cost": 27794.83,
                            "Plan Rows": 68721,
                            "Plan Width": 4,
                            "Actual Startup Time": 13.935,
                            "Actual Total Time": 54.992,
                            "Actual Rows": 57671,
                            "Actual Loops": 2,
                            "Recheck Cond": "(keyword_id > 79017)",
                            "Rows Removed by Index Recheck": 0,
                            "Exact Heap Blocks": 10193,
                            "Lossy Heap Blocks": 0,
                            "Plans": [
                              {
                                "Node Type": "Bitmap Index Scan",
                                "Parent Relationship": "Outer",
                                "Parallel Aware": false,
                                "Index Name": "keyword_id_movie_keyword",
                                "Startup Cost": 0.0,
                                "Total Cost": 2452.62,
                                "Plan Rows": 116825,
                                "Plan Width": 0,
                                "Actual Startup Time": 11.187,
                                "Actual Total Time": 11.187,
                                "Actual Rows": 115342,
                                "Actual Loops": 1,
                                "Index Cond": "(keyword_id > 79017)"
                              }
                            ]
                          },
                          {
                            "Node Type": "Hash",
                            "Parent Relationship": "Inner",
                            "Parallel Aware": true,
                            "Startup Cost": 50870.31,
                            "Total Cost": 50870.31,
                            "Plan Rows": 1487231,
                            "Plan Width": 4,
                            "Actual Startup Time": 568.209,
                            "Actual Total Time": 568.21,
                            "Actual Rows": 1264156,
                            "Actual Loops": 2,
                            "Hash Buckets": 4194304,
                            "Original Hash Buckets": 4194304,
                            "Hash Batches": 1,
                            "Original Hash Batches": 1,
                            "Peak Memory Usage": 131680,
                            "Plans": [
                              {
                                "Node Type": "Seq Scan",
                                "Parent Relationship": "Outer",
                                "Parallel Aware": true,
                                "Relation Name": "title",
                                "Alias": "t",
                                "Startup Cost": 0.0,
                                "Total Cost": 50870.31,
                                "Plan Rows": 1487231,
                                "Plan Width": 4,
                                "Actual Startup Time": 0.026,
                                "Actual Total Time": 160.459,
                                "Actual Rows": 1264156,
                                "Actual Loops": 2
                              }
                            ]
                          }
                        ]
                      }
                    ]
                  }
                ]
              }
            ]
          }
        ]
      }
    ]
  },
  "Planning Time": 0.831,
  "Triggers": [],
  "Execution Time": 814.845
}