[
  {
    "Plan": {
      "Node Type": "Aggregate",
      "Strategy": "Plain",
      "Partial Mode": "Finalize",
      "Parallel Aware": false,
      "Startup Cost": 32242.72,
      "Total Cost": 32242.73,
      "Plan Rows": 1,
      "Plan Width": 8,
      "Actual Startup Time": 111.797,
      "Actual Total Time": 120.649,
      "Actual Rows": 1,
      "Actual Loops": 1,
      "Plans": [
        {
          "Node Type": "Gather",
          "Parent Relationship": "Outer",
          "Parallel Aware": false,
          "Startup Cost": 32242.41,
          "Total Cost": 32242.72,
          "Plan Rows": 3,
          "Plan Width": 8,
          "Actual Startup Time": 111.665,
          "Actual Total Time": 120.64,
          "Actual Rows": 4,
          "Actual Loops": 1,
          "Workers Planned": 3,
          "Workers Launched": 3,
          "Single Copy": false,
          "Plans": [
            {
              "Node Type": "Aggregate",
              "Strategy": "Plain",
              "Partial Mode": "Partial",
              "Parent Relationship": "Outer",
              "Parallel Aware": false,
              "Startup Cost": 31242.41,
              "Total Cost": 31242.42,
              "Plan Rows": 1,
              "Plan Width": 8,
              "Actual Startup Time": 106.198,
              "Actual Total Time": 106.199,
              "Actual Rows": 1,
              "Actual Loops": 4,
              "Plans": [
                {
                  "Node Type": "Seq Scan",
                  "Parent Relationship": "Outer",
                  "Parallel Aware": true,
                  "Relation Name": "movie_companies",
                  "Alias": "mc",
                  "Startup Cost": 0.0,
                  "Total Cost": 29310.68,
                  "Plan Rows": 772690,
                  "Plan Width": 0,
                  "Actual Startup Time": 0.035,
                  "Actual Total Time": 79.837,
                  "Actual Rows": 600539,
                  "Actual Loops": 4,
                  "Filter": "(company_id > 67)",
                  "Rows Removed by Filter": 51743
                }
              ]
            }
          ]
        }
      ]
    },
    "Planning Time": 0.081,
    "Triggers": [],
    "Execution Time": 120.679
  }
]