[
  {
    "Plan": {
      "Node Type": "Aggregate",
      "Strategy": "Plain",
      "Partial Mode": "Finalize",
      "Parallel Aware": false,
      "Startup Cost": 32248.12,
      "Total Cost": 32248.13,
      "Plan Rows": 1,
      "Plan Width": 8,
      "Actual Startup Time": 115.551,
      "Actual Total Time": 122.478,
      "Actual Rows": 1,
      "Actual Loops": 1,
      "Plans": [
        {
          "Node Type": "Gather",
          "Parent Relationship": "Outer",
          "Parallel Aware": false,
          "Startup Cost": 32247.8,
          "Total Cost": 32248.11,
          "Plan Rows": 3,
          "Plan Width": 8,
          "Actual Startup Time": 115.305,
          "Actual Total Time": 122.469,
          "Actual Rows": 4,
          "Actual Loops": 1,
          "Workers Planned": 3,
          "Workers Launched": 3,
          "Single Copy": false,
          "Plans": [
            {
              "Node Type": "Aggregate",
              "Strategy": "Plain",
              "Partial Mode": "Partial",
              "Parent Relationship": "Outer",
              "Parallel Aware": false,
              "Startup Cost": 31247.8,
              "Total Cost": 31247.81,
              "Plan Rows": 1,
              "Plan Width": 8,
              "Actual Startup Time": 109.16,
              "Actual Total Time": 109.161,
              "Actual Rows": 1,
              "Actual Loops": 4,
              "Plans": [
                {
                  "Node Type": "Seq Scan",
                  "Parent Relationship": "Outer",
                  "Parallel Aware": true,
                  "Relation Name": "movie_companies",
                  "Alias": "mc",
                  "Startup Cost": 0.0,
                  "Total Cost": 29310.68,
                  "Plan Rows": 774847,
                  "Plan Width": 0,
                  "Actual Startup Time": 0.056,
                  "Actual Total Time": 82.084,
                  "Actual Rows": 600539,
                  "Actual Loops": 4,
                  "Filter": "(company_id > 67)",
                  "Rows Removed by Filter": 51743
                }
              ]
            }
          ]
        }
      ]
    },
    "Planning Time": 0.145,
    "Triggers": [],
    "Execution Time": 122.52
  }
]