[
    {
        "Bao": {
            "Bao prediction": "NaN",
            "Bao recommended hint": "(no hint)"
        }
    },
    {
        "Plan": {
            "Node Type": "Aggregate",
            "Strategy": "Plain",
            "Partial Mode": "Finalize",
            "Parallel Aware": false,
            "Startup Cost": 43497.95,
            "Total Cost": 43497.96,
            "Plan Rows": 1,
            "Plan Width": 8,
            "Actual Startup Time": 128.173,
            "Actual Total Time": 133.849,
            "Actual Rows": 1,
            "Actual Loops": 1,
            "Output": [
                "count(*)"
            ],
            "Plans": [
                {
                    "Node Type": "Gather",
                    "Parent Relationship": "Outer",
                    "Parallel Aware": false,
                    "Startup Cost": 43497.64,
                    "Total Cost": 43497.95,
                    "Plan Rows": 3,
                    "Plan Width": 8,
                    "Actual Startup Time": 127.899,
                    "Actual Total Time": 133.84,
                    "Actual Rows": 4,
                    "Actual Loops": 1,
                    "Output": [
                        "(PARTIAL count(*))"
                    ],
                    "Workers Planned": 3,
                    "Workers Launched": 3,
                    "Single Copy": false,
                    "Plans": [
                        {
                            "Node Type": "Aggregate",
                            "Strategy": "Plain",
                            "Partial Mode": "Partial",
                            "Parent Relationship": "Outer",
                            "Parallel Aware": false,
                            "Startup Cost": 42497.64,
                            "Total Cost": 42497.65,
                            "Plan Rows": 1,
                            "Plan Width": 8,
                            "Actual Startup Time": 119.298,
                            "Actual Total Time": 119.299,
                            "Actual Rows": 1,
                            "Actual Loops": 4,
                            "Output": [
                                "PARTIAL count(*)"
                            ],
                            "Workers": [
                                {
                                    "Worker Number": 0,
                                    "Actual Startup Time": 116.284,
                                    "Actual Total Time": 116.286,
                                    "Actual Rows": 1,
                                    "Actual Loops": 1
                                },
                                {
                                    "Worker Number": 1,
                                    "Actual Startup Time": 116.454,
                                    "Actual Total Time": 116.456,
                                    "Actual Rows": 1,
                                    "Actual Loops": 1
                                },
                                {
                                    "Worker Number": 2,
                                    "Actual Startup Time": 116.931,
                                    "Actual Total Time": 116.933,
                                    "Actual Rows": 1,
                                    "Actual Loops": 1
                                }
                            ],
                            "Plans": [
                                {
                                    "Node Type": "Bitmap Heap Scan",
                                    "Parent Relationship": "Outer",
                                    "Parallel Aware": true,
                                    "Relation Name": "movie_keyword",
                                    "Schema": "public",
                                    "Alias": "mk",
                                    "Startup Cost": 14692.25,
                                    "Total Cost": 41939.07,
                                    "Plan Rows": 223426,
                                    "Plan Width": 0,
                                    "Actual Startup Time": 35.033,
                                    "Actual Total Time": 109.991,
                                    "Actual Rows": 169114,
                                    "Actual Loops": 4,
                                    "Recheck Cond": "(mk.keyword_id > 27697)",
                                    "Rows Removed by Index Recheck": 0,
                                    "Exact Heap Blocks": 10469,
                                    "Lossy Heap Blocks": 0,
                                    "Workers": [
                                        {
                                            "Worker Number": 0,
                                            "Actual Startup Time": 32.099,
                                            "Actual Total Time": 107.558,
                                            "Actual Rows": 142065,
                                            "Actual Loops": 1
                                        },
                                        {
                                            "Worker Number": 1,
                                            "Actual Startup Time": 32.312,
                                            "Actual Total Time": 108.32,
                                            "Actual Rows": 132971,
                                            "Actual Loops": 1
                                        },
                                        {
                                            "Worker Number": 2,
                                            "Actual Startup Time": 32.766,
                                            "Actual Total Time": 108.349,
                                            "Actual Rows": 98746,
                                            "Actual Loops": 1
                                        }
                                    ],
                                    "Plans": [
                                        {
                                            "Node Type": "Bitmap Index Scan",
                                            "Parent Relationship": "Outer",
                                            "Parallel Aware": false,
                                            "Index Name": "keyword_id_movie_keyword",
                                            "Startup Cost": 0.0,
                                            "Total Cost": 14519.09,
                                            "Plan Rows": 692621,
                                            "Plan Width": 0,
                                            "Actual Startup Time": 39.516,
                                            "Actual Total Time": 39.517,
                                            "Actual Rows": 676458,
                                            "Actual Loops": 1,
                                            "Index Cond": "(mk.keyword_id > 27697)"
                                        }
                                    ]
                                }
                            ]
                        }
                    ]
                }
            ]
        },
        "Planning Time": 217.087,
        "Triggers": [],
        "Execution Time": 133.95
    }
]