{
  "Plan": {
    "Node Type": "Aggregate",
    "Strategy": "Plain",
    "Partial Mode": "Finalize",
    "Parallel Aware": false,
    "Startup Cost": 600397.79,
    "Total Cost": 600397.8,
    "Plan Rows": 1,
    "Plan Width": 8,
    "Actual Startup Time": 6412.758,
    "Actual Total Time": 6467.208,
    "Actual Rows": 1,
    "Actual Loops": 1,
    "Plans": [
      {
        "Node Type": "Gather",
        "Parent Relationship": "Outer",
        "Parallel Aware": false,
        "Startup Cost": 600397.68,
        "Total Cost": 600397.79,
        "Plan Rows": 1,
        "Plan Width": 8,
        "Actual Startup Time": 6411.938,
        "Actual Total Time": 6467.2,
        "Actual Rows": 2,
        "Actual Loops": 1,
        "Workers Planned": 1,
        "Workers Launched": 1,
        "Single Copy": false,
        "Plans": [
          {
            "Node Type": "Aggregate",
            "Strategy": "Plain",
            "Partial Mode": "Partial",
            "Parent Relationship": "Outer",
            "Parallel Aware": false,
            "Startup Cost": 599397.68,
            "Total Cost": 599397.69,
            "Plan Rows": 1,
            "Plan Width": 8,
            "Actual Startup Time": 6406.401,
            "Actual Total Time": 6406.404,
            "Actual Rows": 1,
            "Actual Loops": 2,
            "Plans": [
              {
                "Node Type": "Hash Join",
                "Parent Relationship": "Outer",
                "Parallel Aware": true,
                "Join Type": "Inner",
                "Startup Cost": 63313.92,
                "Total Cost": 585047.27,
                "Plan Rows": 5740163,
                "Plan Width": 0,
                "Actual Startup Time": 280.181,
                "Actual Total Time": 6149.421,
                "Actual Rows": 5727712,
                "Actual Loops": 2,
                "Inner Unique": true,
                "Hash Cond": "(ci.movie_id = t.id)",
                "Plans": [
                  {
                    "Node Type": "Seq Scan",
                    "Parent Relationship": "Outer",
                    "Parallel Aware": true,
                    "Relation Name": "cast_info",
                    "Alias": "ci",
                    "Startup Cost": 0.0,
                    "Total Cost": 465792.95,
                    "Plan Rows": 21310595,
                    "Plan Width": 4,
                    "Actual Startup Time": 0.015,
                    "Actual Total Time": 1395.961,
                    "Actual Rows": 18122172,
                    "Actual Loops": 2
                  },
                  {
                    "Node Type": "Hash",
                    "Parent Relationship": "Inner",
                    "Parallel Aware": true,
                    "Startup Cost": 58306.47,
                    "Total Cost": 58306.47,
                    "Plan Rows": 400596,
                    "Plan Width": 4,
                    "Actual Startup Time": 274.618,
                    "Actual Total Time": 274.619,
                    "Actual Rows": 369840,
                    "Actual Loops": 2,
                    "Hash Buckets": 1048576,
                    "Original Hash Buckets": 1048576,
                    "Hash Batches": 1,
                    "Original Hash Batches": 1,
                    "Peak Memory Usage": 37184,
                    "Plans": [
                      {
                        "Node Type": "Seq Scan",
                        "Parent Relationship": "Outer",
                        "Parallel Aware": true,
                        "Relation Name": "title",
                        "Alias": "t",
                        "Startup Cost": 0.0,
                        "Total Cost": 58306.47,
                        "Plan Rows": 400596,
                        "Plan Width": 4,
                        "Actual Startup Time": 0.024,
                        "Actual Total Time": 174.023,
                        "Actual Rows": 369840,
                        "Actual Loops": 2,
                        "Filter": "((production_year > 2004) AND (kind_id = 7))",
                        "Rows Removed by Filter": 894316
                      }
                    ]
                  }
                ]
              }
            ]
          }
        ]
      }
    ]
  },
  "Planning Time": 0.338,
  "Triggers": [],
  "Execution Time": 6467.261
}