[
    {
        "Bao": {
            "Bao prediction": "NaN",
            "Bao recommended hint": "(no hint)"
        }
    },
    {
        "Plan": {
            "Node Type": "Aggregate",
            "Strategy": "Plain",
            "Partial Mode": "Simple",
            "Parallel Aware": false,
            "Startup Cost": 5654.86,
            "Total Cost": 5654.87,
            "Plan Rows": 1,
            "Plan Width": 8,
            "Actual Startup Time": 1.162,
            "Actual Total Time": 1.162,
            "Actual Rows": 1,
            "Actual Loops": 1,
            "Output": [
                "count(*)"
            ],
            "Plans": [
                {
                    "Node Type": "Index Scan",
                    "Parent Relationship": "Outer",
                    "Parallel Aware": false,
                    "Scan Direction": "Forward",
                    "Index Name": "company_id_movie_companies",
                    "Relation Name": "movie_companies",
                    "Schema": "public",
                    "Alias": "mc",
                    "Startup Cost": 0.43,
                    "Total Cost": 5652.09,
                    "Plan Rows": 1108,
                    "Plan Width": 0,
                    "Actual Startup Time": 0.104,
                    "Actual Total Time": 1.067,
                    "Actual Rows": 1309,
                    "Actual Loops": 1,
                    "Output": [
                        "id",
                        "movie_id",
                        "company_id",
                        "company_type_id",
                        "note"
                    ],
                    "Index Cond": "(mc.company_id = 663)",
                    "Rows Removed by Index Recheck": 0,
                    "Filter": "(mc.company_type_id = 1)",
                    "Rows Removed by Filter": 224
                }
            ]
        },
        "Planning Time": 189.583,
        "Triggers": [],
        "Execution Time": 1.233
    }
]