{
  "Plan": {
    "Node Type": "Aggregate",
    "Strategy": "Plain",
    "Partial Mode": "Finalize",
    "Parallel Aware": false,
    "Startup Cost": 276363.44,
    "Total Cost": 276363.45,
    "Plan Rows": 1,
    "Plan Width": 8,
    "Actual Startup Time": 172.529,
    "Actual Total Time": 196.905,
    "Actual Rows": 1,
    "Actual Loops": 1,
    "Plans": [
      {
        "Node Type": "Gather",
        "Parent Relationship": "Outer",
        "Parallel Aware": false,
        "Startup Cost": 276363.33,
        "Total Cost": 276363.44,
        "Plan Rows": 1,
        "Plan Width": 8,
        "Actual Startup Time": 172.393,
        "Actual Total Time": 196.898,
        "Actual Rows": 2,
        "Actual Loops": 1,
        "Workers Planned": 1,
        "Workers Launched": 1,
        "Single Copy": false,
        "Plans": [
          {
            "Node Type": "Aggregate",
            "Strategy": "Plain",
            "Partial Mode": "Partial",
            "Parent Relationship": "Outer",
            "Parallel Aware": false,
            "Startup Cost": 275363.33,
            "Total Cost": 275363.34,
            "Plan Rows": 1,
            "Plan Width": 8,
            "Actual Startup Time": 169.687,
            "Actual Total Time": 169.688,
            "Actual Rows": 1,
            "Actual Loops": 2,
            "Plans": [
              {
                "Node Type": "Nested Loop",
                "Parent Relationship": "Outer",
                "Parallel Aware": false,
                "Join Type": "Inner",
                "Startup Cost": 11824.16,
                "Total Cost": 275300.89,
                "Plan Rows": 24975,
                "Plan Width": 0,
                "Actual Startup Time": 44.977,
                "Actual Total Time": 167.813,
                "Actual Rows": 26500,
                "Actual Loops": 2,
                "Inner Unique": false,
                "Plans": [
                  {
                    "Node Type": "Bitmap Heap Scan",
                    "Parent Relationship": "Outer",
                    "Parallel Aware": true,
                    "Relation Name": "title",
                    "Alias": "t",
                    "Startup Cost": 11823.59,
                    "Total Cost": 53673.85,
                    "Plan Rows": 1743,
                    "Plan Width": 4,
                    "Actual Startup Time": 43.554,
                    "Actual Total Time": 91.121,
                    "Actual Rows": 1554,
                    "Actual Loops": 2,
                    "Recheck Cond": "(kind_id = 1)",
                    "Rows Removed by Index Recheck": 0,
                    "Filter": "(production_year = 1960)",
                    "Rows Removed by Filter": 329858,
                    "Exact Heap Blocks": 9693,
                    "Lossy Heap Blocks": 0,
                    "Plans": [
                      {
                        "Node Type": "Bitmap Index Scan",
                        "Parent Relationship": "Outer",
                        "Parallel Aware": false,
                        "Index Name": "kind_id_title",
                        "Startup Cost": 0.0,
                        "Total Cost": 11822.85,
                        "Plan Rows": 663256,
                        "Plan Width": 0,
                        "Actual Startup Time": 43.164,
                        "Actual Total Time": 43.165,
                        "Actual Rows": 662825,
                        "Actual Loops": 1,
                        "Index Cond": "(kind_id = 1)"
                      }
                    ]
                  },
                  {
                    "Node Type": "Index Only Scan",
                    "Parent Relationship": "Inner",
                    "Parallel Aware": false,
                    "Scan Direction": "Forward",
                    "Index Name": "movie_id_cast_info",
                    "Relation Name": "cast_info",
                    "Alias": "ci",
                    "Startup Cost": 0.56,
                    "Total Cost": 126.78,
                    "Plan Rows": 37,
                    "Plan Width": 4,
                    "Actual Startup Time": 0.01,
                    "Actual Total Time": 0.047,
                    "Actual Rows": 17,
                    "Actual Loops": 3109,
                    "Index Cond": "(movie_id = t.id)",
                    "Rows Removed by Index Recheck": 0,
                    "Heap Fetches": 53001
                  }
                ]
              }
            ]
          }
        ]
      }
    ]
  },
  "Planning Time": 0.394,
  "Triggers": [],
  "Execution Time": 196.986
}