[
  {
    "Plan": {
      "Node Type": "Aggregate",
      "Strategy": "Plain",
      "Partial Mode": "Finalize",
      "Parallel Aware": false,
      "Startup Cost": 279321.57,
      "Total Cost": 279321.58,
      "Plan Rows": 1,
      "Plan Width": 8,
      "Actual Startup Time": 102.272,
      "Actual Total Time": 110.923,
      "Actual Rows": 1,
      "Actual Loops": 1,
      "Plans": [
        {
          "Node Type": "Gather",
          "Parent Relationship": "Outer",
          "Parallel Aware": false,
          "Startup Cost": 279320.94,
          "Total Cost": 279321.55,
          "Plan Rows": 6,
          "Plan Width": 8,
          "Actual Startup Time": 101.79,
          "Actual Total Time": 110.905,
          "Actual Rows": 7,
          "Actual Loops": 1,
          "Workers Planned": 6,
          "Workers Launched": 6,
          "Single Copy": false,
          "Plans": [
            {
              "Node Type": "Aggregate",
              "Strategy": "Plain",
              "Partial Mode": "Partial",
              "Parent Relationship": "Outer",
              "Parallel Aware": false,
              "Startup Cost": 278320.94,
              "Total Cost": 278320.95,
              "Plan Rows": 1,
              "Plan Width": 8,
              "Actual Startup Time": 93.284,
              "Actual Total Time": 93.287,
              "Actual Rows": 1,
              "Actual Loops": 7,
              "Plans": [
                {
                  "Node Type": "Bitmap Heap Scan",
                  "Parent Relationship": "Outer",
                  "Parallel Aware": true,
                  "Relation Name": "cast_info",
                  "Alias": "ci",
                  "Startup Cost": 23026.78,
                  "Total Cost": 277886.41,
                  "Plan Rows": 173811,
                  "Plan Width": 0,
                  "Actual Startup Time": 33.104,
                  "Actual Total Time": 82.261,
                  "Actual Rows": 154556,
                  "Actual Loops": 7,
                  "Recheck Cond": "(person_id < 110604)",
                  "Rows Removed by Index Recheck": 0,
                  "Exact Heap Blocks": 3716,
                  "Lossy Heap Blocks": 0,
                  "Plans": [
                    {
                      "Node Type": "Bitmap Index Scan",
                      "Parent Relationship": "Outer",
                      "Parallel Aware": false,
                      "Index Name": "person_id_cast_info",
                      "Startup Cost": 0.0,
                      "Total Cost": 22766.06,
                      "Plan Rows": 1042866,
                      "Plan Width": 0,
                      "Actual Startup Time": 39.267,
                      "Actual Total Time": 39.268,
                      "Actual Rows": 1081894,
                      "Actual Loops": 1,
                      "Index Cond": "(person_id < 110604)"
                    }
                  ]
                }
              ]
            }
          ]
        }
      ]
    },
    "Planning Time": 0.108,
    "Triggers": [],
    "Execution Time": 110.967
  }
]