[
  {
    "Plan": {
      "Node Type": "Aggregate",
      "Strategy": "Plain",
      "Partial Mode": "Finalize",
      "Parallel Aware": false,
      "Startup Cost": 280139.63,
      "Total Cost": 280139.64,
      "Plan Rows": 1,
      "Plan Width": 8,
      "Actual Startup Time": 119.06,
      "Actual Total Time": 124.388,
      "Actual Rows": 1,
      "Actual Loops": 1,
      "Plans": [
        {
          "Node Type": "Gather",
          "Parent Relationship": "Outer",
          "Parallel Aware": false,
          "Startup Cost": 280139.01,
          "Total Cost": 280139.62,
          "Plan Rows": 6,
          "Plan Width": 8,
          "Actual Startup Time": 118.806,
          "Actual Total Time": 124.381,
          "Actual Rows": 7,
          "Actual Loops": 1,
          "Workers Planned": 6,
          "Workers Launched": 6,
          "Single Copy": false,
          "Plans": [
            {
              "Node Type": "Aggregate",
              "Strategy": "Plain",
              "Partial Mode": "Partial",
              "Parent Relationship": "Outer",
              "Parallel Aware": false,
              "Startup Cost": 279139.01,
              "Total Cost": 279139.02,
              "Plan Rows": 1,
              "Plan Width": 8,
              "Actual Startup Time": 108.265,
              "Actual Total Time": 108.266,
              "Actual Rows": 1,
              "Actual Loops": 7,
              "Plans": [
                {
                  "Node Type": "Bitmap Heap Scan",
                  "Parent Relationship": "Outer",
                  "Parallel Aware": true,
                  "Relation Name": "cast_info",
                  "Alias": "ci",
                  "Startup Cost": 23762.39,
                  "Total Cost": 278690.74,
                  "Plan Rows": 179308,
                  "Plan Width": 0,
                  "Actual Startup Time": 48.719,
                  "Actual Total Time": 96.781,
                  "Actual Rows": 154556,
                  "Actual Loops": 7,
                  "Recheck Cond": "(person_id < 110604)",
                  "Rows Removed by Index Recheck": 0,
                  "Exact Heap Blocks": 3409,
                  "Lossy Heap Blocks": 0,
                  "Plans": [
                    {
                      "Node Type": "Bitmap Index Scan",
                      "Parent Relationship": "Outer",
                      "Parallel Aware": false,
                      "Index Name": "person_id_cast_info",
                      "Startup Cost": 0.0,
                      "Total Cost": 23493.42,
                      "Plan Rows": 1075848,
                      "Plan Width": 0,
                      "Actual Startup Time": 56.534,
                      "Actual Total Time": 56.534,
                      "Actual Rows": 1081894,
                      "Actual Loops": 1,
                      "Index Cond": "(person_id < 110604)"
                    }
                  ]
                }
              ]
            }
          ]
        }
      ]
    },
    "Planning Time": 0.203,
    "Triggers": [],
    "Execution Time": 124.491
  }
]