[
  {
    "Plan": {
      "Node Type": "Aggregate",
      "Strategy": "Plain",
      "Partial Mode": "Finalize",
      "Parallel Aware": false,
      "Startup Cost": 79484.77,
      "Total Cost": 79484.78,
      "Plan Rows": 1,
      "Plan Width": 8,
      "Actual Startup Time": 287.034,
      "Actual Total Time": 304.093,
      "Actual Rows": 1,
      "Actual Loops": 1,
      "Plans": [
        {
          "Node Type": "Gather",
          "Parent Relationship": "Outer",
          "Parallel Aware": false,
          "Startup Cost": 79484.45,
          "Total Cost": 79484.76,
          "Plan Rows": 3,
          "Plan Width": 8,
          "Actual Startup Time": 285.518,
          "Actual Total Time": 304.063,
          "Actual Rows": 4,
          "Actual Loops": 1,
          "Workers Planned": 3,
          "Workers Launched": 3,
          "Single Copy": false,
          "Plans": [
            {
              "Node Type": "Aggregate",
              "Strategy": "Plain",
              "Partial Mode": "Partial",
              "Parent Relationship": "Outer",
              "Parallel Aware": false,
              "Startup Cost": 78484.45,
              "Total Cost": 78484.46,
              "Plan Rows": 1,
              "Plan Width": 8,
              "Actual Startup Time": 280.383,
              "Actual Total Time": 280.386,
              "Actual Rows": 1,
              "Actual Loops": 4,
              "Plans": [
                {
                  "Node Type": "Hash Join",
                  "Parent Relationship": "Outer",
                  "Parallel Aware": true,
                  "Join Type": "Inner",
                  "Startup Cost": 46937.06,
                  "Total Cost": 78150.23,
                  "Plan Rows": 133688,
                  "Plan Width": 0,
                  "Actual Startup Time": 131.497,
                  "Actual Total Time": 278.649,
                  "Actual Rows": 42071,
                  "Actual Loops": 4,
                  "Inner Unique": true,
                  "Hash Cond": "(mc.movie_id = t.id)",
                  "Plans": [
                    {
                      "Node Type": "Seq Scan",
                      "Parent Relationship": "Outer",
                      "Parallel Aware": true,
                      "Relation Name": "movie_companies",
                      "Alias": "mc",
                      "Startup Cost": 0.0,
                      "Total Cost": 29310.68,
                      "Plan Rows": 724757,
                      "Plan Width": 4,
                      "Actual Startup Time": 0.039,
                      "Actual Total Time": 70.255,
                      "Actual Rows": 562766,
                      "Actual Loops": 4,
                      "Filter": "(company_id > 180)",
                      "Rows Removed by Filter": 89516
                    },
                    {
                      "Node Type": "Hash",
                      "Parent Relationship": "Inner",
                      "Parallel Aware": true,
                      "Startup Cost": 45479.59,
                      "Total Cost": 45479.59,
                      "Plan Rows": 116598,
                      "Plan Width": 4,
                      "Actual Startup Time": 128.058,
                      "Actual Total Time": 128.059,
                      "Actual Rows": 90115,
                      "Actual Loops": 4,
                      "Hash Buckets": 524288,
                      "Original Hash Buckets": 524288,
                      "Hash Batches": 1,
                      "Original Hash Batches": 1,
                      "Peak Memory Usage": 18272,
                      "Plans": [
                        {
                          "Node Type": "Seq Scan",
                          "Parent Relationship": "Outer",
                          "Parallel Aware": true,
                          "Relation Name": "title",
                          "Alias": "t",
                          "Startup Cost": 0.0,
                          "Total Cost": 45479.59,
                          "Plan Rows": 116598,
                          "Plan Width": 4,
                          "Actual Startup Time": 0.025,
                          "Actual Total Time": 92.942,
                          "Actual Rows": 90115,
                          "Actual Loops": 4,
                          "Filter": "((production_year < 1994) AND (kind_id = 7))",
                          "Rows Removed by Filter": 541963
                        }
                      ]
                    }
                  ]
                }
              ]
            }
          ]
        }
      ]
    },
    "Planning Time": 0.615,
    "Triggers": [],
    "Execution Time": 304.158
  }
]