[
  {
    "Plan": {
      "Node Type": "Aggregate",
      "Strategy": "Plain",
      "Partial Mode": "Finalize",
      "Parallel Aware": false,
      "Startup Cost": 122549.44,
      "Total Cost": 122549.45,
      "Plan Rows": 1,
      "Plan Width": 8,
      "Actual Startup Time": 401.29,
      "Actual Total Time": 422.943,
      "Actual Rows": 1,
      "Actual Loops": 1,
      "Plans": [
        {
          "Node Type": "Gather",
          "Parent Relationship": "Outer",
          "Parallel Aware": false,
          "Startup Cost": 122549.12,
          "Total Cost": 122549.43,
          "Plan Rows": 3,
          "Plan Width": 8,
          "Actual Startup Time": 400.655,
          "Actual Total Time": 422.933,
          "Actual Rows": 4,
          "Actual Loops": 1,
          "Workers Planned": 3,
          "Workers Launched": 3,
          "Single Copy": false,
          "Plans": [
            {
              "Node Type": "Aggregate",
              "Strategy": "Plain",
              "Partial Mode": "Partial",
              "Parent Relationship": "Outer",
              "Parallel Aware": false,
              "Startup Cost": 121549.12,
              "Total Cost": 121549.13,
              "Plan Rows": 1,
              "Plan Width": 8,
              "Actual Startup Time": 392.536,
              "Actual Total Time": 392.544,
              "Actual Rows": 1,
              "Actual Loops": 4,
              "Plans": [
                {
                  "Node Type": "Hash Join",
                  "Parent Relationship": "Outer",
                  "Parallel Aware": true,
                  "Join Type": "Inner",
                  "Startup Cost": 89570.34,
                  "Total Cost": 121418.1,
                  "Plan Rows": 52409,
                  "Plan Width": 0,
                  "Actual Startup Time": 278.106,
                  "Actual Total Time": 392.297,
                  "Actual Rows": 5343,
                  "Actual Loops": 4,
                  "Inner Unique": false,
                  "Hash Cond": "(mc.movie_id = t.id)",
                  "Plans": [
                    {
                      "Node Type": "Seq Scan",
                      "Parent Relationship": "Outer",
                      "Parallel Aware": true,
                      "Relation Name": "movie_companies",
                      "Alias": "mc",
                      "Startup Cost": 0.0,
                      "Total Cost": 29310.68,
                      "Plan Rows": 631471,
                      "Plan Width": 4,
                      "Actual Startup Time": 0.018,
                      "Actual Total Time": 74.131,
                      "Actual Rows": 490924,
                      "Actual Loops": 4,
                      "Filter": "(company_id < 55851)",
                      "Rows Removed by Filter": 161358
                    },
                    {
                      "Node Type": "Hash",
                      "Parent Relationship": "Inner",
                      "Parallel Aware": true,
                      "Startup Cost": 88724.18,
                      "Total Cost": 88724.18,
                      "Plan Rows": 67693,
                      "Plan Width": 8,
                      "Actual Startup Time": 274.768,
                      "Actual Total Time": 274.773,
                      "Actual Rows": 3561,
                      "Actual Loops": 4,
                      "Hash Buckets": 262144,
                      "Original Hash Buckets": 262144,
                      "Hash Batches": 1,
                      "Original Hash Batches": 1,
                      "Peak Memory Usage": 2656,
                      "Plans": [
                        {
                          "Node Type": "Hash Join",
                          "Parent Relationship": "Outer",
                          "Parallel Aware": true,
                          "Join Type": "Inner",
                          "Startup Cost": 45846.1,
                          "Total Cost": 88724.18,
                          "Plan Rows": 67693,
                          "Plan Width": 8,
                          "Actual Startup Time": 102.223,
                          "Actual Total Time": 272.576,
                          "Actual Rows": 3561,
                          "Actual Loops": 4,
                          "Inner Unique": true,
                          "Hash Cond": "(mk.movie_id = t.id)",
                          "Plans": [
                            {
                              "Node Type": "Seq Scan",
                              "Parent Relationship": "Outer",
                              "Parallel Aware": true,
                              "Relation Name": "movie_keyword",
                              "Alias": "mk",
                              "Startup Cost": 0.0,
                              "Total Cost": 39047.32,
                              "Plan Rows": 1459332,
                              "Plan Width": 4,
                              "Actual Startup Time": 0.027,
                              "Actual Total Time": 90.173,
                              "Actual Rows": 1130982,
                              "Actual Loops": 4
                            },
                            {
                              "Node Type": "Hash",
                              "Parent Relationship": "Inner",
                              "Parallel Aware": true,
                              "Startup Cost": 45479.59,
                              "Total Cost": 45479.59,
                              "Plan Rows": 29321,
                              "Plan Width": 4,
                              "Actual Startup Time": 100.53,
                              "Actual Total Time": 100.532,
                              "Actual Rows": 5652,
                              "Actual Loops": 4,
                              "Hash Buckets": 131072,
                              "Original Hash Buckets": 131072,
                              "Hash Batches": 1,
                              "Original Hash Batches": 1,
                              "Peak Memory Usage": 1952,
                              "Plans": [
                                {
                                  "Node Type": "Seq Scan",
                                  "Parent Relationship": "Outer",
                                  "Parallel Aware": true,
                                  "Relation Name": "title",
                                  "Alias": "t",
                                  "Startup Cost": 0.0,
                                  "Total Cost": 45479.59,
                                  "Plan Rows": 29321,
                                  "Plan Width": 4,
                                  "Actual Startup Time": 0.075,
                                  "Actual Total Time": 96.932,
                                  "Actual Rows": 5652,
                                  "Actual Loops": 4,
                                  "Filter": "((production_year < 1956) AND (kind_id = 7))",
                                  "Rows Removed by Filter": 626426
                                }
                              ]
                            }
                          ]
                        }
                      ]
                    }
                  ]
                }
              ]
            }
          ]
        }
      ]
    },
    "Planning Time": 1.52,
    "Triggers": [],
    "Execution Time": 423.018
  }
]