{
  "Plan": {
    "Node Type": "Aggregate",
    "Strategy": "Plain",
    "Partial Mode": "Finalize",
    "Parallel Aware": false,
    "Startup Cost": 147584.16,
    "Total Cost": 147584.17,
    "Plan Rows": 1,
    "Plan Width": 8,
    "Actual Startup Time": 1333.795,
    "Actual Total Time": 1362.564,
    "Actual Rows": 1,
    "Actual Loops": 1,
    "Plans": [
      {
        "Node Type": "Gather",
        "Parent Relationship": "Outer",
        "Parallel Aware": false,
        "Startup Cost": 147584.05,
        "Total Cost": 147584.16,
        "Plan Rows": 1,
        "Plan Width": 8,
        "Actual Startup Time": 1327.527,
        "Actual Total Time": 1362.555,
        "Actual Rows": 2,
        "Actual Loops": 1,
        "Workers Planned": 1,
        "Workers Launched": 1,
        "Single Copy": false,
        "Plans": [
          {
            "Node Type": "Aggregate",
            "Strategy": "Plain",
            "Partial Mode": "Partial",
            "Parent Relationship": "Outer",
            "Parallel Aware": false,
            "Startup Cost": 146584.05,
            "Total Cost": 146584.06,
            "Plan Rows": 1,
            "Plan Width": 8,
            "Actual Startup Time": 1320.262,
            "Actual Total Time": 1321.41,
            "Actual Rows": 1,
            "Actual Loops": 2,
            "Plans": [
              {
                "Node Type": "Hash Join",
                "Parent Relationship": "Outer",
                "Parallel Aware": true,
                "Join Type": "Inner",
                "Startup Cost": 98775.77,
                "Total Cost": 145645.61,
                "Plan Rows": 375374,
                "Plan Width": 0,
                "Actual Startup Time": 1024.199,
                "Actual Total Time": 1286.625,
                "Actual Rows": 824409,
                "Actual Loops": 2,
                "Inner Unique": false,
                "Hash Cond": "(mc.movie_id = t.id)",
                "Plans": [
                  {
                    "Node Type": "Seq Scan",
                    "Parent Relationship": "Outer",
                    "Parallel Aware": true,
                    "Relation Name": "movie_companies",
                    "Alias": "mc",
                    "Startup Cost": 0.0,
                    "Total Cost": 41811.73,
                    "Plan Rows": 760011,
                    "Plan Width": 4,
                    "Actual Startup Time": 55.917,
                    "Actual Total Time": 128.486,
                    "Actual Rows": 663781,
                    "Actual Loops": 2,
                    "Filter": "((company_id > 6) AND (company_type_id = 2))",
                    "Rows Removed by Filter": 640784
                  },
                  {
                    "Node Type": "Hash",
                    "Parent Relationship": "Inner",
                    "Parallel Aware": true,
                    "Startup Cost": 89593.87,
                    "Total Cost": 89593.87,
                    "Plan Rows": 734552,
                    "Plan Width": 8,
                    "Actual Startup Time": 953.413,
                    "Actual Total Time": 954.559,
                    "Actual Rows": 644676,
                    "Actual Loops": 2,
                    "Hash Buckets": 2097152,
                    "Original Hash Buckets": 2097152,
                    "Hash Batches": 1,
                    "Original Hash Batches": 1,
                    "Peak Memory Usage": 66880,
                    "Plans": [
                      {
                        "Node Type": "Hash Join",
                        "Parent Relationship": "Outer",
                        "Parallel Aware": true,
                        "Join Type": "Inner",
                        "Startup Cost": 71410.08,
                        "Total Cost": 89593.87,
                        "Plan Rows": 734552,
                        "Plan Width": 8,
                        "Actual Startup Time": 572.648,
                        "Actual Total Time": 810.169,
                        "Actual Rows": 644676,
                        "Actual Loops": 2,
                        "Inner Unique": true,
                        "Hash Cond": "(mi_idx.movie_id = t.id)",
                        "Plans": [
                          {
                            "Node Type": "Seq Scan",
                            "Parent Relationship": "Outer",
                            "Parallel Aware": true,
                            "Relation Name": "movie_info_idx",
                            "Alias": "mi_idx",
                            "Startup Cost": 0.0,
                            "Total Cost": 16052.85,
                            "Plan Rows": 811785,
                            "Plan Width": 4,
                            "Actual Startup Time": 0.019,
                            "Actual Total Time": 53.739,
                            "Actual Rows": 690018,
                            "Actual Loops": 2
                          },
                          {
                            "Node Type": "Hash",
                            "Parent Relationship": "Inner",
                            "Parallel Aware": true,
                            "Startup Cost": 54588.39,
                            "Total Cost": 54588.39,
                            "Plan Rows": 1345735,
                            "Plan Width": 4,
                            "Actual Startup Time": 558.908,
                            "Actual Total Time": 558.909,
                            "Actual Rows": 1140804,
                            "Actual Loops": 2,
                            "Hash Buckets": 4194304,
                            "Original Hash Buckets": 4194304,
                            "Hash Batches": 1,
                            "Original Hash Batches": 1,
                            "Peak Memory Usage": 122048,
                            "Plans": [
                              {
                                "Node Type": "Seq Scan",
                                "Parent Relationship": "Outer",
                                "Parallel Aware": true,
                                "Relation Name": "title",
                                "Alias": "t",
                                "Startup Cost": 0.0,
                                "Total Cost": 54588.39,
                                "Plan Rows": 1345735,
                                "Plan Width": 4,
                                "Actual Startup Time": 0.04,
                                "Actual Total Time": 187.45,
                                "Actual Rows": 1140804,
                                "Actual Loops": 2,
                                "Filter": "(production_year > 1951)",
                                "Rows Removed by Filter": 123352
                              }
                            ]
                          }
                        ]
                      }
                    ]
                  }
                ]
              }
            ]
          }
        ]
      }
    ]
  },
  "Planning Time": 0.925,
  "Triggers": [],
  "Execution Time": 1362.646
}