[
  {
    "Plan": {
      "Node Type": "Aggregate",
      "Strategy": "Plain",
      "Partial Mode": "Finalize",
      "Parallel Aware": false,
      "Startup Cost": 223773.39,
      "Total Cost": 223773.4,
      "Plan Rows": 1,
      "Plan Width": 8,
      "Actual Startup Time": 132.939,
      "Actual Total Time": 151.642,
      "Actual Rows": 1,
      "Actual Loops": 1,
      "Plans": [
        {
          "Node Type": "Gather",
          "Parent Relationship": "Outer",
          "Parallel Aware": false,
          "Startup Cost": 223772.97,
          "Total Cost": 223773.38,
          "Plan Rows": 4,
          "Plan Width": 8,
          "Actual Startup Time": 132.607,
          "Actual Total Time": 151.633,
          "Actual Rows": 5,
          "Actual Loops": 1,
          "Workers Planned": 4,
          "Workers Launched": 4,
          "Single Copy": false,
          "Plans": [
            {
              "Node Type": "Aggregate",
              "Strategy": "Plain",
              "Partial Mode": "Partial",
              "Parent Relationship": "Outer",
              "Parallel Aware": false,
              "Startup Cost": 222772.97,
              "Total Cost": 222772.98,
              "Plan Rows": 1,
              "Plan Width": 8,
              "Actual Startup Time": 122.592,
              "Actual Total Time": 122.594,
              "Actual Rows": 1,
              "Actual Loops": 5,
              "Plans": [
                {
                  "Node Type": "Nested Loop",
                  "Parent Relationship": "Outer",
                  "Parallel Aware": false,
                  "Join Type": "Inner",
                  "Startup Cost": 0.43,
                  "Total Cost": 222742.34,
                  "Plan Rows": 12252,
                  "Plan Width": 0,
                  "Actual Startup Time": 0.331,
                  "Actual Total Time": 121.865,
                  "Actual Rows": 5989,
                  "Actual Loops": 5,
                  "Inner Unique": false,
                  "Plans": [
                    {
                      "Node Type": "Seq Scan",
                      "Parent Relationship": "Outer",
                      "Parallel Aware": true,
                      "Relation Name": "title",
                      "Alias": "t",
                      "Startup Cost": 0.0,
                      "Total Cost": 45479.1,
                      "Plan Rows": 3458,
                      "Plan Width": 4,
                      "Actual Startup Time": 0.129,
                      "Actual Total Time": 83.427,
                      "Actual Rows": 2726,
                      "Actual Loops": 5,
                      "Filter": "((kind_id = 7) AND (production_year = 1990))",
                      "Rows Removed by Filter": 502936
                    },
                    {
                      "Node Type": "Index Scan",
                      "Parent Relationship": "Inner",
                      "Parallel Aware": false,
                      "Scan Direction": "Forward",
                      "Index Name": "movie_id_movie_info",
                      "Relation Name": "movie_info",
                      "Alias": "mi",
                      "Startup Cost": 0.43,
                      "Total Cost": 51.01,
                      "Plan Rows": 25,
                      "Plan Width": 4,
                      "Actual Startup Time": 0.009,
                      "Actual Total Time": 0.013,
                      "Actual Rows": 2,
                      "Actual Loops": 13632,
                      "Index Cond": "(movie_id = t.id)",
                      "Rows Removed by Index Recheck": 0,
                      "Filter": "(info_type_id > 6)",
                      "Rows Removed by Filter": 1
                    }
                  ]
                }
              ]
            }
          ]
        }
      ]
    },
    "Planning Time": 0.65,
    "Triggers": [],
    "Execution Time": 151.726
  }
]