[
  {
    "Plan": {
      "Node Type": "Aggregate",
      "Strategy": "Plain",
      "Partial Mode": "Finalize",
      "Parallel Aware": false,
      "Startup Cost": 69089.12,
      "Total Cost": 69089.13,
      "Plan Rows": 1,
      "Plan Width": 8,
      "Actual Startup Time": 248.022,
      "Actual Total Time": 263.226,
      "Actual Rows": 1,
      "Actual Loops": 1,
      "Plans": [
        {
          "Node Type": "Gather",
          "Parent Relationship": "Outer",
          "Parallel Aware": false,
          "Startup Cost": 69088.7,
          "Total Cost": 69089.11,
          "Plan Rows": 4,
          "Plan Width": 8,
          "Actual Startup Time": 248.013,
          "Actual Total Time": 263.221,
          "Actual Rows": 5,
          "Actual Loops": 1,
          "Workers Planned": 4,
          "Workers Launched": 4,
          "Single Copy": false,
          "Plans": [
            {
              "Node Type": "Aggregate",
              "Strategy": "Plain",
              "Partial Mode": "Partial",
              "Parent Relationship": "Outer",
              "Parallel Aware": false,
              "Startup Cost": 68088.7,
              "Total Cost": 68088.71,
              "Plan Rows": 1,
              "Plan Width": 8,
              "Actual Startup Time": 238.186,
              "Actual Total Time": 238.188,
              "Actual Rows": 1,
              "Actual Loops": 5,
              "Plans": [
                {
                  "Node Type": "Nested Loop",
                  "Parent Relationship": "Outer",
                  "Parallel Aware": false,
                  "Join Type": "Inner",
                  "Startup Cost": 0.87,
                  "Total Cost": 68081.08,
                  "Plan Rows": 3050,
                  "Plan Width": 0,
                  "Actual Startup Time": 57.086,
                  "Actual Total Time": 237.023,
                  "Actual Rows": 15796,
                  "Actual Loops": 5,
                  "Inner Unique": false,
                  "Join Filter": "(t.id = mi.movie_id)",
                  "Rows Removed by Join Filter": 0,
                  "Plans": [
                    {
                      "Node Type": "Nested Loop",
                      "Parent Relationship": "Outer",
                      "Parallel Aware": false,
                      "Join Type": "Inner",
                      "Startup Cost": 0.43,
                      "Total Cost": 62601.89,
                      "Plan Rows": 3602,
                      "Plan Width": 8,
                      "Actual Startup Time": 56.997,
                      "Actual Total Time": 97.992,
                      "Actual Rows": 6966,
                      "Actual Loops": 5,
                      "Inner Unique": false,
                      "Plans": [
                        {
                          "Node Type": "Seq Scan",
                          "Parent Relationship": "Outer",
                          "Parallel Aware": true,
                          "Relation Name": "title",
                          "Alias": "t",
                          "Startup Cost": 0.0,
                          "Total Cost": 45479.59,
                          "Plan Rows": 2014,
                          "Plan Width": 4,
                          "Actual Startup Time": 56.726,
                          "Actual Total Time": 81.263,
                          "Actual Rows": 1067,
                          "Actual Loops": 5,
                          "Filter": "((kind_id < 2) AND (production_year = 1994))",
                          "Rows Removed by Filter": 504595
                        },
                        {
                          "Node Type": "Index Only Scan",
                          "Parent Relationship": "Inner",
                          "Parallel Aware": false,
                          "Scan Direction": "Forward",
                          "Index Name": "movie_id_movie_keyword",
                          "Relation Name": "movie_keyword",
                          "Alias": "mk",
                          "Startup Cost": 0.43,
                          "Total Cost": 8.04,
                          "Plan Rows": 46,
                          "Plan Width": 4,
                          "Actual Startup Time": 0.013,
                          "Actual Total Time": 0.015,
                          "Actual Rows": 7,
                          "Actual Loops": 5336,
                          "Index Cond": "(movie_id = t.id)",
                          "Rows Removed by Index Recheck": 0,
                          "Heap Fetches": 34830
                        }
                      ]
                    },
                    {
                      "Node Type": "Index Scan",
                      "Parent Relationship": "Inner",
                      "Parallel Aware": false,
                      "Scan Direction": "Forward",
                      "Index Name": "movie_id_movie_info",
                      "Relation Name": "movie_info",
                      "Alias": "mi",
                      "Startup Cost": 0.43,
                      "Total Cost": 1.45,
                      "Plan Rows": 6,
                      "Plan Width": 4,
                      "Actual Startup Time": 0.005,
                      "Actual Total Time": 0.019,
                      "Actual Rows": 2,
                      "Actual Loops": 34830,
                      "Index Cond": "(movie_id = mk.movie_id)",
                      "Rows Removed by Index Recheck": 0,
                      "Filter": "(info_type_id < 3)",
                      "Rows Removed by Filter": 96
                    }
                  ]
                }
              ]
            }
          ]
        }
      ]
    },
    "Planning Time": 0.619,
    "Triggers": [],
    "Execution Time": 263.277
  }
]