{
  "Plan": {
    "Node Type": "Aggregate",
    "Strategy": "Plain",
    "Partial Mode": "Finalize",
    "Parallel Aware": false,
    "Startup Cost": 862045.06,
    "Total Cost": 862045.07,
    "Plan Rows": 1,
    "Plan Width": 8,
    "Actual Startup Time": 6301.953,
    "Actual Total Time": 6374.434,
    "Actual Rows": 1,
    "Actual Loops": 1,
    "Plans": [
      {
        "Node Type": "Gather",
        "Parent Relationship": "Outer",
        "Parallel Aware": false,
        "Startup Cost": 862044.95,
        "Total Cost": 862045.06,
        "Plan Rows": 1,
        "Plan Width": 8,
        "Actual Startup Time": 6289.902,
        "Actual Total Time": 6374.423,
        "Actual Rows": 2,
        "Actual Loops": 1,
        "Workers Planned": 1,
        "Workers Launched": 1,
        "Single Copy": false,
        "Plans": [
          {
            "Node Type": "Aggregate",
            "Strategy": "Plain",
            "Partial Mode": "Partial",
            "Parent Relationship": "Outer",
            "Parallel Aware": false,
            "Startup Cost": 861044.95,
            "Total Cost": 861044.96,
            "Plan Rows": 1,
            "Plan Width": 8,
            "Actual Startup Time": 6282.107,
            "Actual Total Time": 6284.519,
            "Actual Rows": 1,
            "Actual Loops": 2,
            "Plans": [
              {
                "Node Type": "Hash Join",
                "Parent Relationship": "Outer",
                "Parallel Aware": true,
                "Join Type": "Inner",
                "Startup Cost": 157640.73,
                "Total Cost": 832805.09,
                "Plan Rows": 11295941,
                "Plan Width": 0,
                "Actual Startup Time": 1964.856,
                "Actual Total Time": 5573.335,
                "Actual Rows": 17638199,
                "Actual Loops": 2,
                "Inner Unique": false,
                "Hash Cond": "(ci.movie_id = t.id)",
                "Plans": [
                  {
                    "Node Type": "Seq Scan",
                    "Parent Relationship": "Outer",
                    "Parallel Aware": true,
                    "Relation Name": "cast_info",
                    "Alias": "ci",
                    "Startup Cost": 0.0,
                    "Total Cost": 572345.93,
                    "Plan Rows": 7274346,
                    "Plan Width": 4,
                    "Actual Startup Time": 583.649,
                    "Actual Total Time": 1564.18,
                    "Actual Rows": 5025896,
                    "Actual Loops": 2,
                    "Filter": "((person_id > 2083170) AND (role_id < 8))",
                    "Rows Removed by Filter": 13096276
                  },
                  {
                    "Node Type": "Hash",
                    "Parent Relationship": "Inner",
                    "Parallel Aware": true,
                    "Startup Cost": 128772.72,
                    "Total Cost": 128772.72,
                    "Plan Rows": 2309441,
                    "Plan Width": 8,
                    "Actual Startup Time": 1363.266,
                    "Actual Total Time": 1365.677,
                    "Actual Rows": 1859924,
                    "Actual Loops": 2,
                    "Hash Buckets": 4194304,
                    "Original Hash Buckets": 4194304,
                    "Hash Batches": 1,
                    "Original Hash Batches": 1,
                    "Peak Memory Usage": 178304,
                    "Plans": [
                      {
                        "Node Type": "Hash Join",
                        "Parent Relationship": "Outer",
                        "Parallel Aware": true,
                        "Join Type": "Inner",
                        "Startup Cost": 70721.88,
                        "Total Cost": 128772.72,
                        "Plan Rows": 2309441,
                        "Plan Width": 8,
                        "Actual Startup Time": 508.879,
                        "Actual Total Time": 1044.526,
                        "Actual Rows": 1859924,
                        "Actual Loops": 2,
                        "Inner Unique": true,
                        "Hash Cond": "(mk.movie_id = t.id)",
                        "Plans": [
                          {
                            "Node Type": "Seq Scan",
                            "Parent Relationship": "Outer",
                            "Parallel Aware": true,
                            "Relation Name": "movie_keyword",
                            "Alias": "mk",
                            "Startup Cost": 0.0,
                            "Total Cost": 51065.35,
                            "Plan Rows": 2661135,
                            "Plan Width": 4,
                            "Actual Startup Time": 0.013,
                            "Actual Total Time": 160.813,
                            "Actual Rows": 2261965,
                            "Actual Loops": 2
                          },
                          {
                            "Node Type": "Hash",
                            "Parent Relationship": "Inner",
                            "Parallel Aware": true,
                            "Startup Cost": 54588.39,
                            "Total Cost": 54588.39,
                            "Plan Rows": 1290679,
                            "Plan Width": 4,
                            "Actual Startup Time": 496.506,
                            "Actual Total Time": 496.507,
                            "Actual Rows": 1091158,
                            "Actual Loops": 2,
                            "Hash Buckets": 4194304,
                            "Original Hash Buckets": 4194304,
                            "Hash Batches": 1,
                            "Original Hash Batches": 1,
                            "Peak Memory Usage": 118176,
                            "Plans": [
                              {
                                "Node Type": "Seq Scan",
                                "Parent Relationship": "Outer",
                                "Parallel Aware": true,
                                "Relation Name": "title",
                                "Alias": "t",
                                "Startup Cost": 0.0,
                                "Total Cost": 54588.39,
                                "Plan Rows": 1290679,
                                "Plan Width": 4,
                                "Actual Startup Time": 0.041,
                                "Actual Total Time": 178.062,
                                "Actual Rows": 1091158,
                                "Actual Loops": 2,
                                "Filter": "(production_year > 1962)",
                                "Rows Removed by Filter": 172998
                              }
                            ]
                          }
                        ]
                      }
                    ]
                  }
                ]
              }
            ]
          }
        ]
      }
    ]
  },
  "Planning Time": 0.472,
  "Triggers": [],
  "Execution Time": 6374.491
}