{
  "Plan": {
    "Node Type": "Aggregate",
    "Strategy": "Plain",
    "Partial Mode": "Finalize",
    "Parallel Aware": false,
    "Startup Cost": 15619.58,
    "Total Cost": 15619.59,
    "Plan Rows": 1,
    "Plan Width": 8,
    "Actual Startup Time": 83.481,
    "Actual Total Time": 96.891,
    "Actual Rows": 1,
    "Actual Loops": 1,
    "Plans": [
      {
        "Node Type": "Gather",
        "Parent Relationship": "Outer",
        "Parallel Aware": false,
        "Startup Cost": 15619.46,
        "Total Cost": 15619.57,
        "Plan Rows": 1,
        "Plan Width": 8,
        "Actual Startup Time": 83.227,
        "Actual Total Time": 96.885,
        "Actual Rows": 2,
        "Actual Loops": 1,
        "Workers Planned": 1,
        "Workers Launched": 1,
        "Single Copy": false,
        "Plans": [
          {
            "Node Type": "Aggregate",
            "Strategy": "Plain",
            "Partial Mode": "Partial",
            "Parent Relationship": "Outer",
            "Parallel Aware": false,
            "Startup Cost": 14619.46,
            "Total Cost": 14619.47,
            "Plan Rows": 1,
            "Plan Width": 8,
            "Actual Startup Time": 77.048,
            "Actual Total Time": 77.05,
            "Actual Rows": 1,
            "Actual Loops": 2,
            "Plans": [
              {
                "Node Type": "Nested Loop",
                "Parent Relationship": "Outer",
                "Parallel Aware": false,
                "Join Type": "Inner",
                "Startup Cost": 62.51,
                "Total Cost": 14617.18,
                "Plan Rows": 915,
                "Plan Width": 0,
                "Actual Startup Time": 2.036,
                "Actual Total Time": 73.579,
                "Actual Rows": 50550,
                "Actual Loops": 2,
                "Inner Unique": false,
                "Plans": [
                  {
                    "Node Type": "Nested Loop",
                    "Parent Relationship": "Outer",
                    "Parallel Aware": false,
                    "Join Type": "Inner",
                    "Startup Cost": 62.08,
                    "Total Cost": 14094.08,
                    "Plan Rows": 156,
                    "Plan Width": 8,
                    "Actual Startup Time": 1.898,
                    "Actual Total Time": 14.723,
                    "Actual Rows": 1684,
                    "Actual Loops": 2,
                    "Inner Unique": true,
                    "Plans": [
                      {
                        "Node Type": "Bitmap Heap Scan",
                        "Parent Relationship": "Outer",
                        "Parallel Aware": true,
                        "Relation Name": "movie_companies",
                        "Alias": "mc",
                        "Startup Cost": 61.65,
                        "Total Cost": 7566.11,
                        "Plan Rows": 806,
                        "Plan Width": 4,
                        "Actual Startup Time": 1.747,
                        "Actual Total Time": 5.061,
                        "Actual Rows": 1708,
                        "Actual Loops": 2,
                        "Recheck Cond": "(company_id = 483)",
                        "Rows Removed by Index Recheck": 0,
                        "Filter": "(company_type_id = 1)",
                        "Rows Removed by Filter": 0,
                        "Exact Heap Blocks": 1127,
                        "Lossy Heap Blocks": 0,
                        "Plans": [
                          {
                            "Node Type": "Bitmap Index Scan",
                            "Parent Relationship": "Outer",
                            "Parallel Aware": false,
                            "Index Name": "company_id_movie_companies",
                            "Startup Cost": 0.0,
                            "Total Cost": 61.3,
                            "Plan Rows": 2783,
                            "Plan Width": 0,
                            "Actual Startup Time": 2.628,
                            "Actual Total Time": 2.629,
                            "Actual Rows": 3417,
                            "Actual Loops": 1,
                            "Index Cond": "(company_id = 483)"
                          }
                        ]
                      },
                      {
                        "Node Type": "Index Scan",
                        "Parent Relationship": "Inner",
                        "Parallel Aware": false,
                        "Scan Direction": "Forward",
                        "Index Name": "title_pkey",
                        "Relation Name": "title",
                        "Alias": "t",
                        "Startup Cost": 0.43,
                        "Total Cost": 8.1,
                        "Plan Rows": 1,
                        "Plan Width": 4,
                        "Actual Startup Time": 0.005,
                        "Actual Total Time": 0.005,
                        "Actual Rows": 1,
                        "Actual Loops": 3417,
                        "Index Cond": "(id = mc.movie_id)",
                        "Rows Removed by Index Recheck": 0,
                        "Filter": "((kind_id < 7) AND (production_year < 2004))",
                        "Rows Removed by Filter": 0
                      }
                    ]
                  },
                  {
                    "Node Type": "Index Only Scan",
                    "Parent Relationship": "Inner",
                    "Parallel Aware": false,
                    "Scan Direction": "Forward",
                    "Index Name": "movie_id_movie_info",
                    "Relation Name": "movie_info",
                    "Alias": "mi",
                    "Startup Cost": 0.43,
                    "Total Cost": 2.93,
                    "Plan Rows": 42,
                    "Plan Width": 4,
                    "Actual Startup Time": 0.008,
                    "Actual Total Time": 0.032,
                    "Actual Rows": 30,
                    "Actual Loops": 3368,
                    "Index Cond": "(movie_id = t.id)",
                    "Rows Removed by Index Recheck": 0,
                    "Heap Fetches": 101099
                  }
                ]
              }
            ]
          }
        ]
      }
    ]
  },
  "Planning Time": 1.12,
  "Triggers": [],
  "Execution Time": 96.987
}