[
    {
        "Bao": {
            "Bao prediction": "NaN",
            "Bao recommended hint": "(no hint)"
        }
    },
    {
        "Plan": {
            "Node Type": "Aggregate",
            "Strategy": "Plain",
            "Partial Mode": "Finalize",
            "Parallel Aware": false,
            "Startup Cost": 82357.62,
            "Total Cost": 82357.63,
            "Plan Rows": 1,
            "Plan Width": 8,
            "Actual Startup Time": 316.423,
            "Actual Total Time": 325.586,
            "Actual Rows": 1,
            "Actual Loops": 1,
            "Output": [
                "count(*)"
            ],
            "Plans": [
                {
                    "Node Type": "Gather",
                    "Parent Relationship": "Outer",
                    "Parallel Aware": false,
                    "Startup Cost": 82357.3,
                    "Total Cost": 82357.61,
                    "Plan Rows": 3,
                    "Plan Width": 8,
                    "Actual Startup Time": 309.03,
                    "Actual Total Time": 325.578,
                    "Actual Rows": 4,
                    "Actual Loops": 1,
                    "Output": [
                        "(PARTIAL count(*))"
                    ],
                    "Workers Planned": 3,
                    "Workers Launched": 3,
                    "Single Copy": false,
                    "Plans": [
                        {
                            "Node Type": "Aggregate",
                            "Strategy": "Plain",
                            "Partial Mode": "Partial",
                            "Parent Relationship": "Outer",
                            "Parallel Aware": false,
                            "Startup Cost": 81357.3,
                            "Total Cost": 81357.31,
                            "Plan Rows": 1,
                            "Plan Width": 8,
                            "Actual Startup Time": 300.31,
                            "Actual Total Time": 300.313,
                            "Actual Rows": 1,
                            "Actual Loops": 4,
                            "Output": [
                                "PARTIAL count(*)"
                            ],
                            "Workers": [
                                {
                                    "Worker Number": 0,
                                    "Actual Startup Time": 297.413,
                                    "Actual Total Time": 297.416,
                                    "Actual Rows": 1,
                                    "Actual Loops": 1
                                },
                                {
                                    "Worker Number": 1,
                                    "Actual Startup Time": 297.326,
                                    "Actual Total Time": 297.33,
                                    "Actual Rows": 1,
                                    "Actual Loops": 1
                                },
                                {
                                    "Worker Number": 2,
                                    "Actual Startup Time": 297.861,
                                    "Actual Total Time": 297.864,
                                    "Actual Rows": 1,
                                    "Actual Loops": 1
                                }
                            ],
                            "Plans": [
                                {
                                    "Node Type": "Hash Join",
                                    "Parent Relationship": "Outer",
                                    "Parallel Aware": true,
                                    "Join Type": "Inner",
                                    "Startup Cost": 55093.5,
                                    "Total Cost": 81220.1,
                                    "Plan Rows": 54883,
                                    "Plan Width": 0,
                                    "Actual Startup Time": 232.554,
                                    "Actual Total Time": 298.528,
                                    "Actual Rows": 32696,
                                    "Actual Loops": 4,
                                    "Inner Unique": true,
                                    "Hash Cond": "(mk.movie_id = t.id)",
                                    "Workers": [
                                        {
                                            "Worker Number": 0,
                                            "Actual Startup Time": 229.291,
                                            "Actual Total Time": 295.7,
                                            "Actual Rows": 28355,
                                            "Actual Loops": 1
                                        },
                                        {
                                            "Worker Number": 1,
                                            "Actual Startup Time": 229.676,
                                            "Actual Total Time": 295.614,
                                            "Actual Rows": 28484,
                                            "Actual Loops": 1
                                        },
                                        {
                                            "Worker Number": 2,
                                            "Actual Startup Time": 230.397,
                                            "Actual Total Time": 296.08,
                                            "Actual Rows": 29618,
                                            "Actual Loops": 1
                                        }
                                    ],
                                    "Plans": [
                                        {
                                            "Node Type": "Bitmap Heap Scan",
                                            "Parent Relationship": "Outer",
                                            "Parallel Aware": true,
                                            "Relation Name": "movie_keyword",
                                            "Schema": "public",
                                            "Alias": "mk",
                                            "Startup Cost": 7273.24,
                                            "Total Cost": 33109.56,
                                            "Plan Rows": 110585,
                                            "Plan Width": 4,
                                            "Actual Startup Time": 23.711,
                                            "Actual Total Time": 67.309,
                                            "Actual Rows": 85200,
                                            "Actual Loops": 4,
                                            "Output": [
                                                "mk.id",
                                                "mk.movie_id",
                                                "mk.keyword_id"
                                            ],
                                            "Recheck Cond": "(mk.keyword_id > 48679)",
                                            "Rows Removed by Index Recheck": 0,
                                            "Exact Heap Blocks": 7326,
                                            "Lossy Heap Blocks": 0,
                                            "Workers": [
                                                {
                                                    "Worker Number": 0,
                                                    "Actual Startup Time": 23.786,
                                                    "Actual Total Time": 68.505,
                                                    "Actual Rows": 74875,
                                                    "Actual Loops": 1
                                                },
                                                {
                                                    "Worker Number": 1,
                                                    "Actual Startup Time": 23.686,
                                                    "Actual Total Time": 68.485,
                                                    "Actual Rows": 75975,
                                                    "Actual Loops": 1
                                                },
                                                {
                                                    "Worker Number": 2,
                                                    "Actual Startup Time": 23.802,
                                                    "Actual Total Time": 68.3,
                                                    "Actual Rows": 77060,
                                                    "Actual Loops": 1
                                                }
                                            ],
                                            "Plans": [
                                                {
                                                    "Node Type": "Bitmap Index Scan",
                                                    "Parent Relationship": "Outer",
                                                    "Parallel Aware": false,
                                                    "Index Name": "keyword_id_movie_keyword",
                                                    "Startup Cost": 0.0,
                                                    "Total Cost": 7187.54,
                                                    "Plan Rows": 342814,
                                                    "Plan Width": 0,
                                                    "Actual Startup Time": 20.365,
                                                    "Actual Total Time": 20.366,
                                                    "Actual Rows": 340799,
                                                    "Actual Loops": 1,
                                                    "Index Cond": "(mk.keyword_id > 48679)"
                                                }
                                            ]
                                        },
                                        {
                                            "Node Type": "Hash",
                                            "Parent Relationship": "Inner",
                                            "Parallel Aware": true,
                                            "Startup Cost": 43899.01,
                                            "Total Cost": 43899.01,
                                            "Plan Rows": 313700,
                                            "Plan Width": 4,
                                            "Actual Startup Time": 204.455,
                                            "Actual Total Time": 204.456,
                                            "Actual Rows": 315074,
                                            "Actual Loops": 4,
                                            "Output": [
                                                "t.id"
                                            ],
                                            "Hash Buckets": 2097152,
                                            "Original Hash Buckets": 2097152,
                                            "Hash Batches": 1,
                                            "Original Hash Batches": 1,
                                            "Peak Memory Usage": 65760,
                                            "Workers": [
                                                {
                                                    "Worker Number": 0,
                                                    "Actual Startup Time": 205.037,
                                                    "Actual Total Time": 205.038,
                                                    "Actual Rows": 287745,
                                                    "Actual Loops": 1
                                                },
                                                {
                                                    "Worker Number": 1,
                                                    "Actual Startup Time": 205.556,
                                                    "Actual Total Time": 205.557,
                                                    "Actual Rows": 289947,
                                                    "Actual Loops": 1
                                                },
                                                {
                                                    "Worker Number": 2,
                                                    "Actual Startup Time": 206.045,
                                                    "Actual Total Time": 206.046,
                                                    "Actual Rows": 286629,
                                                    "Actual Loops": 1
                                                }
                                            ],
                                            "Plans": [
                                                {
                                                    "Node Type": "Seq Scan",
                                                    "Parent Relationship": "Outer",
                                                    "Parallel Aware": true,
                                                    "Relation Name": "title",
                                                    "Schema": "public",
                                                    "Alias": "t",
                                                    "Startup Cost": 0.0,
                                                    "Total Cost": 43899.01,
                                                    "Plan Rows": 313700,
                                                    "Plan Width": 4,
                                                    "Actual Startup Time": 0.05,
                                                    "Actual Total Time": 96.149,
                                                    "Actual Rows": 315074,
                                                    "Actual Loops": 4,
                                                    "Output": [
                                                        "t.id"
                                                    ],
                                                    "Filter": "(t.production_year > 2002)",
                                                    "Rows Removed by Filter": 317004,
                                                    "Workers": [
                                                        {
                                                            "Worker Number": 0,
                                                            "Actual Startup Time": 0.06,
                                                            "Actual Total Time": 98.008,
                                                            "Actual Rows": 287745,
                                                            "Actual Loops": 1
                                                        },
                                                        {
                                                            "Worker Number": 1,
                                                            "Actual Startup Time": 0.042,
                                                            "Actual Total Time": 99.303,
                                                            "Actual Rows": 289947,
                                                            "Actual Loops": 1
                                                        },
                                                        {
                                                            "Worker Number": 2,
                                                            "Actual Startup Time": 0.086,
                                                            "Actual Total Time": 98.103,
                                                            "Actual Rows": 286629,
                                                            "Actual Loops": 1
                                                        }
                                                    ]
                                                }
                                            ]
                                        }
                                    ]
                                }
                            ]
                        }
                    ]
                }
            ]
        },
        "Planning Time": 202.269,
        "Triggers": [],
        "Execution Time": 325.701
    }
]