{
  "Plan": {
    "Node Type": "Aggregate",
    "Strategy": "Plain",
    "Partial Mode": "Finalize",
    "Parallel Aware": false,
    "Startup Cost": 95716.39,
    "Total Cost": 95716.4,
    "Plan Rows": 1,
    "Plan Width": 8,
    "Actual Startup Time": 520.228,
    "Actual Total Time": 533.36,
    "Actual Rows": 1,
    "Actual Loops": 1,
    "Plans": [
      {
        "Node Type": "Gather",
        "Parent Relationship": "Outer",
        "Parallel Aware": false,
        "Startup Cost": 95716.28,
        "Total Cost": 95716.39,
        "Plan Rows": 1,
        "Plan Width": 8,
        "Actual Startup Time": 519.073,
        "Actual Total Time": 533.353,
        "Actual Rows": 2,
        "Actual Loops": 1,
        "Workers Planned": 1,
        "Workers Launched": 1,
        "Single Copy": false,
        "Plans": [
          {
            "Node Type": "Aggregate",
            "Strategy": "Plain",
            "Partial Mode": "Partial",
            "Parent Relationship": "Outer",
            "Parallel Aware": false,
            "Startup Cost": 94716.28,
            "Total Cost": 94716.29,
            "Plan Rows": 1,
            "Plan Width": 8,
            "Actual Startup Time": 515.677,
            "Actual Total Time": 515.681,
            "Actual Rows": 1,
            "Actual Loops": 2,
            "Plans": [
              {
                "Node Type": "Hash Join",
                "Parent Relationship": "Outer",
                "Parallel Aware": true,
                "Join Type": "Inner",
                "Startup Cost": 33472.84,
                "Total Cost": 94394.79,
                "Plan Rows": 128595,
                "Plan Width": 0,
                "Actual Startup Time": 145.313,
                "Actual Total Time": 506.969,
                "Actual Rows": 219163,
                "Actual Loops": 2,
                "Inner Unique": false,
                "Hash Cond": "(t.id = mc.movie_id)",
                "Plans": [
                  {
                    "Node Type": "Seq Scan",
                    "Parent Relationship": "Outer",
                    "Parallel Aware": true,
                    "Relation Name": "title",
                    "Alias": "t",
                    "Startup Cost": 0.0,
                    "Total Cost": 50870.31,
                    "Plan Rows": 1487231,
                    "Plan Width": 4,
                    "Actual Startup Time": 0.017,
                    "Actual Total Time": 121.099,
                    "Actual Rows": 1264156,
                    "Actual Loops": 2
                  },
                  {
                    "Node Type": "Hash",
                    "Parent Relationship": "Inner",
                    "Parallel Aware": true,
                    "Startup Cost": 31865.41,
                    "Total Cost": 31865.41,
                    "Plan Rows": 128595,
                    "Plan Width": 4,
                    "Actual Startup Time": 133.4,
                    "Actual Total Time": 133.402,
                    "Actual Rows": 219163,
                    "Actual Loops": 2,
                    "Hash Buckets": 524288,
                    "Original Hash Buckets": 262144,
                    "Hash Batches": 1,
                    "Original Hash Batches": 1,
                    "Peak Memory Usage": 23328,
                    "Plans": [
                      {
                        "Node Type": "Bitmap Heap Scan",
                        "Parent Relationship": "Outer",
                        "Parallel Aware": true,
                        "Relation Name": "movie_companies",
                        "Alias": "mc",
                        "Startup Cost": 9276.31,
                        "Total Cost": 31865.41,
                        "Plan Rows": 128595,
                        "Plan Width": 4,
                        "Actual Startup Time": 36.843,
                        "Actual Total Time": 85.604,
                        "Actual Rows": 219163,
                        "Actual Loops": 2,
                        "Recheck Cond": "(company_id > 78373)",
                        "Rows Removed by Index Recheck": 0,
                        "Filter": "(company_type_id = 2)",
                        "Rows Removed by Filter": 0,
                        "Exact Heap Blocks": 4355,
                        "Lossy Heap Blocks": 0,
                        "Plans": [
                          {
                            "Node Type": "Bitmap Index Scan",
                            "Parent Relationship": "Outer",
                            "Parallel Aware": false,
                            "Index Name": "company_id_movie_companies",
                            "Startup Cost": 0.0,
                            "Total Cost": 9221.66,
                            "Plan Rows": 430564,
                            "Plan Width": 0,
                            "Actual Startup Time": 35.948,
                            "Actual Total Time": 35.948,
                            "Actual Rows": 438326,
                            "Actual Loops": 1,
                            "Index Cond": "(company_id > 78373)"
                          }
                        ]
                      }
                    ]
                  }
                ]
              }
            ]
          }
        ]
      }
    ]
  },
  "Planning Time": 0.803,
  "Triggers": [],
  "Execution Time": 533.453
}