[
    {
        "Bao": {
            "Bao prediction": "NaN",
            "Bao recommended hint": "(no hint)"
        }
    },
    {
        "Plan": {
            "Node Type": "Aggregate",
            "Strategy": "Plain",
            "Partial Mode": "Finalize",
            "Parallel Aware": false,
            "Startup Cost": 30362.77,
            "Total Cost": 30362.78,
            "Plan Rows": 1,
            "Plan Width": 8,
            "Actual Startup Time": 79.434,
            "Actual Total Time": 82.771,
            "Actual Rows": 1,
            "Actual Loops": 1,
            "Output": [
                "count(*)"
            ],
            "Plans": [
                {
                    "Node Type": "Gather",
                    "Parent Relationship": "Outer",
                    "Parallel Aware": false,
                    "Startup Cost": 30362.45,
                    "Total Cost": 30362.76,
                    "Plan Rows": 3,
                    "Plan Width": 8,
                    "Actual Startup Time": 79.168,
                    "Actual Total Time": 82.764,
                    "Actual Rows": 4,
                    "Actual Loops": 1,
                    "Output": [
                        "(PARTIAL count(*))"
                    ],
                    "Workers Planned": 3,
                    "Workers Launched": 3,
                    "Single Copy": false,
                    "Plans": [
                        {
                            "Node Type": "Aggregate",
                            "Strategy": "Plain",
                            "Partial Mode": "Partial",
                            "Parent Relationship": "Outer",
                            "Parallel Aware": false,
                            "Startup Cost": 29362.45,
                            "Total Cost": 29362.46,
                            "Plan Rows": 1,
                            "Plan Width": 8,
                            "Actual Startup Time": 70.74,
                            "Actual Total Time": 70.743,
                            "Actual Rows": 1,
                            "Actual Loops": 4,
                            "Output": [
                                "PARTIAL count(*)"
                            ],
                            "Workers": [
                                {
                                    "Worker Number": 0,
                                    "Actual Startup Time": 67.891,
                                    "Actual Total Time": 67.893,
                                    "Actual Rows": 1,
                                    "Actual Loops": 1
                                },
                                {
                                    "Worker Number": 1,
                                    "Actual Startup Time": 68.062,
                                    "Actual Total Time": 68.065,
                                    "Actual Rows": 1,
                                    "Actual Loops": 1
                                },
                                {
                                    "Worker Number": 2,
                                    "Actual Startup Time": 68.114,
                                    "Actual Total Time": 68.117,
                                    "Actual Rows": 1,
                                    "Actual Loops": 1
                                }
                            ],
                            "Plans": [
                                {
                                    "Node Type": "Bitmap Heap Scan",
                                    "Parent Relationship": "Outer",
                                    "Parallel Aware": true,
                                    "Relation Name": "movie_companies",
                                    "Schema": "public",
                                    "Alias": "mc",
                                    "Startup Cost": 8505.96,
                                    "Total Cost": 29206.38,
                                    "Plan Rows": 62428,
                                    "Plan Width": 0,
                                    "Actual Startup Time": 15.036,
                                    "Actual Total Time": 65.41,
                                    "Actual Rows": 75032,
                                    "Actual Loops": 4,
                                    "Recheck Cond": "(mc.company_id < 240)",
                                    "Rows Removed by Index Recheck": 0,
                                    "Filter": "(mc.company_type_id = 1)",
                                    "Rows Removed by Filter": 23228,
                                    "Exact Heap Blocks": 8028,
                                    "Lossy Heap Blocks": 0,
                                    "Workers": [
                                        {
                                            "Worker Number": 0,
                                            "Actual Startup Time": 12.247,
                                            "Actual Total Time": 62.963,
                                            "Actual Rows": 41953,
                                            "Actual Loops": 1
                                        },
                                        {
                                            "Worker Number": 1,
                                            "Actual Startup Time": 12.37,
                                            "Actual Total Time": 63.118,
                                            "Actual Rows": 42363,
                                            "Actual Loops": 1
                                        },
                                        {
                                            "Worker Number": 2,
                                            "Actual Startup Time": 12.688,
                                            "Actual Total Time": 63.255,
                                            "Actual Rows": 41944,
                                            "Actual Loops": 1
                                        }
                                    ],
                                    "Plans": [
                                        {
                                            "Node Type": "Bitmap Index Scan",
                                            "Parent Relationship": "Outer",
                                            "Parallel Aware": false,
                                            "Index Name": "company_id_movie_companies",
                                            "Startup Cost": 0.0,
                                            "Total Cost": 8457.58,
                                            "Plan Rows": 394820,
                                            "Plan Width": 0,
                                            "Actual Startup Time": 20.166,
                                            "Actual Total Time": 20.167,
                                            "Actual Rows": 393040,
                                            "Actual Loops": 1,
                                            "Index Cond": "(mc.company_id < 240)"
                                        }
                                    ]
                                }
                            ]
                        }
                    ]
                }
            ]
        },
        "Planning Time": 219.146,
        "Triggers": [],
        "Execution Time": 82.831
    }
]