[
  {
    "Plan": {
      "Node Type": "Aggregate",
      "Strategy": "Plain",
      "Partial Mode": "Finalize",
      "Parallel Aware": false,
      "Startup Cost": 114011.59,
      "Total Cost": 114011.6,
      "Plan Rows": 1,
      "Plan Width": 8,
      "Actual Startup Time": 585.337,
      "Actual Total Time": 609.498,
      "Actual Rows": 1,
      "Actual Loops": 1,
      "Plans": [
        {
          "Node Type": "Gather",
          "Parent Relationship": "Outer",
          "Parallel Aware": false,
          "Startup Cost": 114011.28,
          "Total Cost": 114011.59,
          "Plan Rows": 3,
          "Plan Width": 8,
          "Actual Startup Time": 572.588,
          "Actual Total Time": 609.471,
          "Actual Rows": 4,
          "Actual Loops": 1,
          "Workers Planned": 3,
          "Workers Launched": 3,
          "Single Copy": false,
          "Plans": [
            {
              "Node Type": "Aggregate",
              "Strategy": "Plain",
              "Partial Mode": "Partial",
              "Parent Relationship": "Outer",
              "Parallel Aware": false,
              "Startup Cost": 113011.28,
              "Total Cost": 113011.29,
              "Plan Rows": 1,
              "Plan Width": 8,
              "Actual Startup Time": 562.813,
              "Actual Total Time": 562.927,
              "Actual Rows": 1,
              "Actual Loops": 4,
              "Plans": [
                {
                  "Node Type": "Hash Join",
                  "Parent Relationship": "Outer",
                  "Parallel Aware": true,
                  "Join Type": "Inner",
                  "Startup Cost": 82310.21,
                  "Total Cost": 112863.56,
                  "Plan Rows": 59087,
                  "Plan Width": 0,
                  "Actual Startup Time": 383.239,
                  "Actual Total Time": 544.133,
                  "Actual Rows": 442476,
                  "Actual Loops": 4,
                  "Inner Unique": false,
                  "Hash Cond": "(mc.movie_id = t.id)",
                  "Plans": [
                    {
                      "Node Type": "Seq Scan",
                      "Parent Relationship": "Outer",
                      "Parallel Aware": true,
                      "Relation Name": "movie_companies",
                      "Alias": "mc",
                      "Startup Cost": 0.0,
                      "Total Cost": 27206.55,
                      "Plan Rows": 841655,
                      "Plan Width": 4,
                      "Actual Startup Time": 0.023,
                      "Actual Total Time": 60.457,
                      "Actual Rows": 652282,
                      "Actual Loops": 4
                    },
                    {
                      "Node Type": "Hash",
                      "Parent Relationship": "Inner",
                      "Parallel Aware": true,
                      "Startup Cost": 81594.47,
                      "Total Cost": 81594.47,
                      "Plan Rows": 57259,
                      "Plan Width": 8,
                      "Actual Startup Time": 369.311,
                      "Actual Total Time": 369.424,
                      "Actual Rows": 56608,
                      "Actual Loops": 4,
                      "Hash Buckets": 262144,
                      "Original Hash Buckets": 262144,
                      "Hash Batches": 1,
                      "Original Hash Batches": 1,
                      "Peak Memory Usage": 10976,
                      "Plans": [
                        {
                          "Node Type": "Hash Join",
                          "Parent Relationship": "Outer",
                          "Parallel Aware": true,
                          "Join Type": "Inner",
                          "Startup Cost": 55400.03,
                          "Total Cost": 81594.47,
                          "Plan Rows": 57259,
                          "Plan Width": 8,
                          "Actual Startup Time": 268.083,
                          "Actual Total Time": 349.553,
                          "Actual Rows": 56608,
                          "Actual Loops": 4,
                          "Inner Unique": true,
                          "Hash Cond": "(mk.movie_id = t.id)",
                          "Plans": [
                            {
                              "Node Type": "Bitmap Heap Scan",
                              "Parent Relationship": "Outer",
                              "Parallel Aware": true,
                              "Relation Name": "movie_keyword",
                              "Alias": "mk",
                              "Startup Cost": 7569.0,
                              "Total Cost": 33461.39,
                              "Plan Rows": 115071,
                              "Plan Width": 4,
                              "Actual Startup Time": 27.759,
                              "Actual Total Time": 79.999,
                              "Actual Rows": 88855,
                              "Actual Loops": 4,
                              "Recheck Cond": "(keyword_id > 46981)",
                              "Rows Removed by Index Recheck": 0,
                              "Exact Heap Blocks": 6824,
                              "Lossy Heap Blocks": 0,
                              "Plans": [
                                {
                                  "Node Type": "Bitmap Index Scan",
                                  "Parent Relationship": "Outer",
                                  "Parallel Aware": false,
                                  "Index Name": "keyword_id_movie_keyword",
                                  "Startup Cost": 0.0,
                                  "Total Cost": 7479.82,
                                  "Plan Rows": 356719,
                                  "Plan Width": 0,
                                  "Actual Startup Time": 24.454,
                                  "Actual Total Time": 24.455,
                                  "Actual Rows": 355421,
                                  "Actual Loops": 1,
                                  "Index Cond": "(keyword_id > 46981)"
                                }
                              ]
                            },
                            {
                              "Node Type": "Hash",
                              "Parent Relationship": "Inner",
                              "Parallel Aware": true,
                              "Startup Cost": 43899.32,
                              "Total Cost": 43899.32,
                              "Plan Rows": 314536,
                              "Plan Width": 4,
                              "Actual Startup Time": 236.486,
                              "Actual Total Time": 236.487,
                              "Actual Rows": 315925,
                              "Actual Loops": 4,
                              "Hash Buckets": 2097152,
                              "Original Hash Buckets": 2097152,
                              "Hash Batches": 1,
                              "Original Hash Batches": 1,
                              "Peak Memory Usage": 65920,
                              "Plans": [
                                {
                                  "Node Type": "Seq Scan",
                                  "Parent Relationship": "Outer",
                                  "Parallel Aware": true,
                                  "Relation Name": "title",
                                  "Alias": "t",
                                  "Startup Cost": 0.0,
                                  "Total Cost": 43899.32,
                                  "Plan Rows": 314536,
                                  "Plan Width": 4,
                                  "Actual Startup Time": 0.052,
                                  "Actual Total Time": 115.508,
                                  "Actual Rows": 315925,
                                  "Actual Loops": 4,
                                  "Filter": "(production_year < 2004)",
                                  "Rows Removed by Filter": 316153
                                }
                              ]
                            }
                          ]
                        }
                      ]
                    }
                  ]
                }
              ]
            }
          ]
        }
      ]
    },
    "Planning Time": 0.399,
    "Triggers": [],
    "Execution Time": 609.562
  }
]