[
  {
    "Plan": {
      "Node Type": "Aggregate",
      "Strategy": "Plain",
      "Partial Mode": "Finalize",
      "Parallel Aware": false,
      "Startup Cost": 44667.91,
      "Total Cost": 44667.92,
      "Plan Rows": 1,
      "Plan Width": 8,
      "Actual Startup Time": 131.292,
      "Actual Total Time": 140.934,
      "Actual Rows": 1,
      "Actual Loops": 1,
      "Plans": [
        {
          "Node Type": "Gather",
          "Parent Relationship": "Outer",
          "Parallel Aware": false,
          "Startup Cost": 44667.59,
          "Total Cost": 44667.9,
          "Plan Rows": 3,
          "Plan Width": 8,
          "Actual Startup Time": 131.191,
          "Actual Total Time": 140.926,
          "Actual Rows": 4,
          "Actual Loops": 1,
          "Workers Planned": 3,
          "Workers Launched": 3,
          "Single Copy": false,
          "Plans": [
            {
              "Node Type": "Aggregate",
              "Strategy": "Plain",
              "Partial Mode": "Partial",
              "Parent Relationship": "Outer",
              "Parallel Aware": false,
              "Startup Cost": 43667.59,
              "Total Cost": 43667.6,
              "Plan Rows": 1,
              "Plan Width": 8,
              "Actual Startup Time": 123.46,
              "Actual Total Time": 123.461,
              "Actual Rows": 1,
              "Actual Loops": 4,
              "Plans": [
                {
                  "Node Type": "Seq Scan",
                  "Parent Relationship": "Outer",
                  "Parallel Aware": true,
                  "Relation Name": "movie_keyword",
                  "Alias": "mk",
                  "Startup Cost": 0.0,
                  "Total Cost": 42695.65,
                  "Plan Rows": 388775,
                  "Plan Width": 0,
                  "Actual Startup Time": 3.671,
                  "Actual Total Time": 108.292,
                  "Actual Rows": 302490,
                  "Actual Loops": 4,
                  "Filter": "(keyword_id > 15133)",
                  "Rows Removed by Filter": 828492
                }
              ]
            }
          ]
        }
      ]
    },
    "Planning Time": 0.185,
    "Triggers": [],
    "Execution Time": 140.99
  }
]