{
  "Plan": {
    "Node Type": "Aggregate",
    "Strategy": "Plain",
    "Partial Mode": "Finalize",
    "Parallel Aware": false,
    "Startup Cost": 92848.52,
    "Total Cost": 92848.53,
    "Plan Rows": 1,
    "Plan Width": 8,
    "Actual Startup Time": 251.86,
    "Actual Total Time": 265.061,
    "Actual Rows": 1,
    "Actual Loops": 1,
    "Plans": [
      {
        "Node Type": "Gather",
        "Parent Relationship": "Outer",
        "Parallel Aware": false,
        "Startup Cost": 92848.41,
        "Total Cost": 92848.52,
        "Plan Rows": 1,
        "Plan Width": 8,
        "Actual Startup Time": 251.499,
        "Actual Total Time": 265.054,
        "Actual Rows": 2,
        "Actual Loops": 1,
        "Workers Planned": 1,
        "Workers Launched": 1,
        "Single Copy": false,
        "Plans": [
          {
            "Node Type": "Aggregate",
            "Strategy": "Plain",
            "Partial Mode": "Partial",
            "Parent Relationship": "Outer",
            "Parallel Aware": false,
            "Startup Cost": 91848.41,
            "Total Cost": 91848.42,
            "Plan Rows": 1,
            "Plan Width": 8,
            "Actual Startup Time": 245.429,
            "Actual Total Time": 245.432,
            "Actual Rows": 1,
            "Actual Loops": 2,
            "Plans": [
              {
                "Node Type": "Hash Join",
                "Parent Relationship": "Outer",
                "Parallel Aware": true,
                "Join Type": "Inner",
                "Startup Cost": 67448.92,
                "Total Cost": 91841.47,
                "Plan Rows": 2778,
                "Plan Width": 0,
                "Actual Startup Time": 197.722,
                "Actual Total Time": 245.22,
                "Actual Rows": 3039,
                "Actual Loops": 2,
                "Inner Unique": true,
                "Hash Cond": "(mc.movie_id = t.id)",
                "Plans": [
                  {
                    "Node Type": "Bitmap Heap Scan",
                    "Parent Relationship": "Outer",
                    "Parallel Aware": true,
                    "Relation Name": "movie_companies",
                    "Alias": "mc",
                    "Startup Cost": 12564.01,
                    "Total Cost": 36499.37,
                    "Plan Rows": 174165,
                    "Plan Width": 4,
                    "Actual Startup Time": 27.404,
                    "Actual Total Time": 74.282,
                    "Actual Rows": 297182,
                    "Actual Loops": 2,
                    "Recheck Cond": "(company_id > 68682)",
                    "Rows Removed by Index Recheck": 0,
                    "Filter": "(company_type_id > 1)",
                    "Rows Removed by Filter": 1202,
                    "Exact Heap Blocks": 4753,
                    "Lossy Heap Blocks": 0,
                    "Plans": [
                      {
                        "Node Type": "Bitmap Index Scan",
                        "Parent Relationship": "Outer",
                        "Parallel Aware": false,
                        "Index Name": "company_id_movie_companies",
                        "Startup Cost": 0.0,
                        "Total Cost": 12489.99,
                        "Plan Rows": 583141,
                        "Plan Width": 0,
                        "Actual Startup Time": 25.271,
                        "Actual Total Time": 25.271,
                        "Actual Rows": 596766,
                        "Actual Loops": 1,
                        "Index Cond": "(company_id > 68682)"
                      }
                    ]
                  },
                  {
                    "Node Type": "Hash",
                    "Parent Relationship": "Inner",
                    "Parallel Aware": true,
                    "Startup Cost": 54588.39,
                    "Total Cost": 54588.39,
                    "Plan Rows": 23722,
                    "Plan Width": 4,
                    "Actual Startup Time": 138.87,
                    "Actual Total Time": 138.871,
                    "Actual Rows": 21410,
                    "Actual Loops": 2,
                    "Hash Buckets": 65536,
                    "Original Hash Buckets": 65536,
                    "Hash Batches": 1,
                    "Original Hash Batches": 1,
                    "Peak Memory Usage": 2240,
                    "Plans": [
                      {
                        "Node Type": "Seq Scan",
                        "Parent Relationship": "Outer",
                        "Parallel Aware": true,
                        "Relation Name": "title",
                        "Alias": "t",
                        "Startup Cost": 0.0,
                        "Total Cost": 54588.39,
                        "Plan Rows": 23722,
                        "Plan Width": 4,
                        "Actual Startup Time": 72.803,
                        "Actual Total Time": 133.948,
                        "Actual Rows": 21410,
                        "Actual Loops": 2,
                        "Filter": "(production_year < 1913)",
                        "Rows Removed by Filter": 1242746
                      }
                    ]
                  }
                ]
              }
            ]
          }
        ]
      }
    ]
  },
  "Planning Time": 0.52,
  "Triggers": [],
  "Execution Time": 265.158
}