{
  "Plan": {
    "Node Type": "Aggregate",
    "Strategy": "Plain",
    "Partial Mode": "Finalize",
    "Parallel Aware": false,
    "Startup Cost": 104635.62,
    "Total Cost": 104635.63,
    "Plan Rows": 1,
    "Plan Width": 8,
    "Actual Startup Time": 344.151,
    "Actual Total Time": 363.676,
    "Actual Rows": 1,
    "Actual Loops": 1,
    "Plans": [
      {
        "Node Type": "Gather",
        "Parent Relationship": "Outer",
        "Parallel Aware": false,
        "Startup Cost": 104635.51,
        "Total Cost": 104635.62,
        "Plan Rows": 1,
        "Plan Width": 8,
        "Actual Startup Time": 343.716,
        "Actual Total Time": 363.665,
        "Actual Rows": 2,
        "Actual Loops": 1,
        "Workers Planned": 1,
        "Workers Launched": 1,
        "Single Copy": false,
        "Plans": [
          {
            "Node Type": "Aggregate",
            "Strategy": "Plain",
            "Partial Mode": "Partial",
            "Parent Relationship": "Outer",
            "Parallel Aware": false,
            "Startup Cost": 103635.51,
            "Total Cost": 103635.52,
            "Plan Rows": 1,
            "Plan Width": 8,
            "Actual Startup Time": 336.724,
            "Actual Total Time": 336.73,
            "Actual Rows": 1,
            "Actual Loops": 2,
            "Plans": [
              {
                "Node Type": "Nested Loop",
                "Parent Relationship": "Outer",
                "Parallel Aware": false,
                "Join Type": "Inner",
                "Startup Cost": 20201.9,
                "Total Cost": 103609.29,
                "Plan Rows": 10485,
                "Plan Width": 0,
                "Actual Startup Time": 28.812,
                "Actual Total Time": 335.858,
                "Actual Rows": 13160,
                "Actual Loops": 2,
                "Inner Unique": false,
                "Plans": [
                  {
                    "Node Type": "Hash Join",
                    "Parent Relationship": "Outer",
                    "Parallel Aware": true,
                    "Join Type": "Inner",
                    "Startup Cost": 20201.47,
                    "Total Cost": 83438.32,
                    "Plan Rows": 11931,
                    "Plan Width": 8,
                    "Actual Startup Time": 28.453,
                    "Actual Total Time": 284.191,
                    "Actual Rows": 16326,
                    "Actual Loops": 2,
                    "Inner Unique": false,
                    "Hash Cond": "(t.id = mc.movie_id)",
                    "Plans": [
                      {
                        "Node Type": "Seq Scan",
                        "Parent Relationship": "Outer",
                        "Parallel Aware": true,
                        "Relation Name": "title",
                        "Alias": "t",
                        "Startup Cost": 0.0,
                        "Total Cost": 58306.47,
                        "Plan Rows": 777632,
                        "Plan Width": 4,
                        "Actual Startup Time": 0.011,
                        "Actual Total Time": 176.031,
                        "Actual Rows": 649064,
                        "Actual Loops": 2,
                        "Filter": "((kind_id > 1) AND (production_year < 2009))",
                        "Rows Removed by Filter": 615092
                      },
                      {
                        "Node Type": "Hash",
                        "Parent Relationship": "Inner",
                        "Parallel Aware": true,
                        "Startup Cost": 19916.26,
                        "Total Cost": 19916.26,
                        "Plan Rows": 22817,
                        "Plan Width": 4,
                        "Actual Startup Time": 27.402,
                        "Actual Total Time": 27.404,
                        "Actual Rows": 18068,
                        "Actual Loops": 2,
                        "Hash Buckets": 65536,
                        "Original Hash Buckets": 65536,
                        "Hash Batches": 1,
                        "Original Hash Batches": 1,
                        "Peak Memory Usage": 1952,
                        "Plans": [
                          {
                            "Node Type": "Bitmap Heap Scan",
                            "Parent Relationship": "Outer",
                            "Parallel Aware": true,
                            "Relation Name": "movie_companies",
                            "Alias": "mc",
                            "Startup Cost": 841.04,
                            "Total Cost": 19916.26,
                            "Plan Rows": 22817,
                            "Plan Width": 4,
                            "Actual Startup Time": 4.692,
                            "Actual Total Time": 20.457,
                            "Actual Rows": 18068,
                            "Actual Loops": 2,
                            "Recheck Cond": "(company_id = 160)",
                            "Rows Removed by Index Recheck": 0,
                            "Exact Heap Blocks": 3689,
                            "Lossy Heap Blocks": 0,
                            "Plans": [
                              {
                                "Node Type": "Bitmap Index Scan",
                                "Parent Relationship": "Outer",
                                "Parallel Aware": false,
                                "Index Name": "company_id_movie_companies",
                                "Startup Cost": 0.0,
                                "Total Cost": 831.35,
                                "Plan Rows": 38789,
                                "Plan Width": 0,
                                "Actual Startup Time": 6.921,
                                "Actual Total Time": 6.922,
                                "Actual Rows": 36136,
                                "Actual Loops": 1,
                                "Index Cond": "(company_id = 160)"
                              }
                            ]
                          }
                        ]
                      }
                    ]
                  },
                  {
                    "Node Type": "Index Scan",
                    "Parent Relationship": "Inner",
                    "Parallel Aware": false,
                    "Scan Direction": "Forward",
                    "Index Name": "movie_id_movie_keyword",
                    "Relation Name": "movie_keyword",
                    "Alias": "mk",
                    "Startup Cost": 0.43,
                    "Total Cost": 1.47,
                    "Plan Rows": 22,
                    "Plan Width": 4,
                    "Actual Startup Time": 0.003,
                    "Actual Total Time": 0.003,
                    "Actual Rows": 1,
                    "Actual Loops": 32652,
                    "Index Cond": "(movie_id = t.id)",
                    "Rows Removed by Index Recheck": 0,
                    "Filter": "(keyword_id > 4951)",
                    "Rows Removed by Filter": 1
                  }
                ]
              }
            ]
          }
        ]
      }
    ]
  },
  "Planning Time": 1.12,
  "Triggers": [],
  "Execution Time": 363.792
}