{
  "Plan": {
    "Node Type": "Aggregate",
    "Strategy": "Plain",
    "Partial Mode": "Finalize",
    "Parallel Aware": false,
    "Startup Cost": 353878.71,
    "Total Cost": 353878.72,
    "Plan Rows": 1,
    "Plan Width": 8,
    "Actual Startup Time": 365.009,
    "Actual Total Time": 379.451,
    "Actual Rows": 1,
    "Actual Loops": 1,
    "Plans": [
      {
        "Node Type": "Gather",
        "Parent Relationship": "Outer",
        "Parallel Aware": false,
        "Startup Cost": 353878.59,
        "Total Cost": 353878.7,
        "Plan Rows": 1,
        "Plan Width": 8,
        "Actual Startup Time": 364.66,
        "Actual Total Time": 379.432,
        "Actual Rows": 2,
        "Actual Loops": 1,
        "Workers Planned": 1,
        "Workers Launched": 1,
        "Single Copy": false,
        "Plans": [
          {
            "Node Type": "Aggregate",
            "Strategy": "Plain",
            "Partial Mode": "Partial",
            "Parent Relationship": "Outer",
            "Parallel Aware": false,
            "Startup Cost": 352878.59,
            "Total Cost": 352878.6,
            "Plan Rows": 1,
            "Plan Width": 8,
            "Actual Startup Time": 358.4,
            "Actual Total Time": 358.404,
            "Actual Rows": 1,
            "Actual Loops": 2,
            "Plans": [
              {
                "Node Type": "Nested Loop",
                "Parent Relationship": "Outer",
                "Parallel Aware": false,
                "Join Type": "Inner",
                "Startup Cost": 83773.54,
                "Total Cost": 352871.82,
                "Plan Rows": 2710,
                "Plan Width": 0,
                "Actual Startup Time": 199.795,
                "Actual Total Time": 358.31,
                "Actual Rows": 1122,
                "Actual Loops": 2,
                "Inner Unique": false,
                "Join Filter": "(t.id = mi_idx.movie_id)",
                "Rows Removed by Join Filter": 0,
                "Plans": [
                  {
                    "Node Type": "Hash Join",
                    "Parent Relationship": "Outer",
                    "Parallel Aware": true,
                    "Join Type": "Inner",
                    "Startup Cost": 83773.11,
                    "Total Cost": 350086.73,
                    "Plan Rows": 4965,
                    "Plan Width": 8,
                    "Actual Startup Time": 195.082,
                    "Actual Total Time": 352.822,
                    "Actual Rows": 702,
                    "Actual Loops": 2,
                    "Inner Unique": true,
                    "Hash Cond": "(ci.movie_id = t.id)",
                    "Plans": [
                      {
                        "Node Type": "Bitmap Heap Scan",
                        "Parent Relationship": "Outer",
                        "Parallel Aware": true,
                        "Relation Name": "cast_info",
                        "Alias": "ci",
                        "Startup Cost": 29064.5,
                        "Total Cost": 293362.86,
                        "Plan Rows": 767717,
                        "Plan Width": 4,
                        "Actual Startup Time": 50.497,
                        "Actual Total Time": 157.614,
                        "Actual Rows": 567447,
                        "Actual Loops": 2,
                        "Recheck Cond": "(person_id > 3810042)",
                        "Rows Removed by Index Recheck": 0,
                        "Filter": "(role_id < 11)",
                        "Rows Removed by Filter": 84334,
                        "Exact Heap Blocks": 8734,
                        "Lossy Heap Blocks": 0,
                        "Plans": [
                          {
                            "Node Type": "Bitmap Index Scan",
                            "Parent Relationship": "Outer",
                            "Parallel Aware": false,
                            "Index Name": "person_id_cast_info",
                            "Startup Cost": 0.0,
                            "Total Cost": 28738.22,
                            "Plan Rows": 1315954,
                            "Plan Width": 0,
                            "Actual Startup Time": 47.596,
                            "Actual Total Time": 47.597,
                            "Actual Rows": 1303561,
                            "Actual Loops": 1,
                            "Index Cond": "(person_id > 3810042)"
                          }
                        ]
                      },
                      {
                        "Node Type": "Hash",
                        "Parent Relationship": "Inner",
                        "Parallel Aware": true,
                        "Startup Cost": 54588.39,
                        "Total Cost": 54588.39,
                        "Plan Rows": 9618,
                        "Plan Width": 4,
                        "Actual Startup Time": 142.918,
                        "Actual Total Time": 142.918,
                        "Actual Rows": 7118,
                        "Actual Loops": 2,
                        "Hash Buckets": 16384,
                        "Original Hash Buckets": 16384,
                        "Hash Batches": 1,
                        "Original Hash Batches": 1,
                        "Peak Memory Usage": 704,
                        "Plans": [
                          {
                            "Node Type": "Seq Scan",
                            "Parent Relationship": "Outer",
                            "Parallel Aware": true,
                            "Relation Name": "title",
                            "Alias": "t",
                            "Startup Cost": 0.0,
                            "Total Cost": 54588.39,
                            "Plan Rows": 9618,
                            "Plan Width": 4,
                            "Actual Startup Time": 0.09,
                            "Actual Total Time": 140.002,
                            "Actual Rows": 7118,
                            "Actual Loops": 2,
                            "Filter": "(production_year = 1968)",
                            "Rows Removed by Filter": 1257038
                          }
                        ]
                      }
                    ]
                  },
                  {
                    "Node Type": "Index Only Scan",
                    "Parent Relationship": "Inner",
                    "Parallel Aware": false,
                    "Scan Direction": "Forward",
                    "Index Name": "movie_id_movie_info_idx",
                    "Relation Name": "movie_info_idx",
                    "Alias": "mi_idx",
                    "Startup Cost": 0.43,
                    "Total Cost": 0.52,
                    "Plan Rows": 3,
                    "Plan Width": 4,
                    "Actual Startup Time": 0.007,
                    "Actual Total Time": 0.007,
                    "Actual Rows": 2,
                    "Actual Loops": 1404,
                    "Index Cond": "(movie_id = ci.movie_id)",
                    "Rows Removed by Index Recheck": 0,
                    "Heap Fetches": 2243
                  }
                ]
              }
            ]
          }
        ]
      }
    ]
  },
  "Planning Time": 1.063,
  "Triggers": [],
  "Execution Time": 379.57
}