[
    {
        "Bao": {
            "Bao prediction": 449.936,
            "Bao recommended hint": "(no hint)"
        }
    },
    {
        "Plan": {
            "Node Type": "Aggregate",
            "Strategy": "Plain",
            "Partial Mode": "Finalize",
            "Parallel Aware": false,
            "Startup Cost": 33081.29,
            "Total Cost": 33081.3,
            "Plan Rows": 1,
            "Plan Width": 8,
            "Actual Startup Time": 128.728,
            "Actual Total Time": 137.075,
            "Actual Rows": 1,
            "Actual Loops": 1,
            "Output": [
                "count(*)"
            ],
            "Plans": [
                {
                    "Node Type": "Gather",
                    "Parent Relationship": "Outer",
                    "Parallel Aware": false,
                    "Startup Cost": 33080.97,
                    "Total Cost": 33081.28,
                    "Plan Rows": 3,
                    "Plan Width": 8,
                    "Actual Startup Time": 128.645,
                    "Actual Total Time": 137.067,
                    "Actual Rows": 4,
                    "Actual Loops": 1,
                    "Output": [
                        "(PARTIAL count(*))"
                    ],
                    "Workers Planned": 3,
                    "Workers Launched": 3,
                    "Single Copy": false,
                    "Plans": [
                        {
                            "Node Type": "Aggregate",
                            "Strategy": "Plain",
                            "Partial Mode": "Partial",
                            "Parent Relationship": "Outer",
                            "Parallel Aware": false,
                            "Startup Cost": 32080.97,
                            "Total Cost": 32080.98,
                            "Plan Rows": 1,
                            "Plan Width": 8,
                            "Actual Startup Time": 120.893,
                            "Actual Total Time": 120.894,
                            "Actual Rows": 1,
                            "Actual Loops": 4,
                            "Output": [
                                "PARTIAL count(*)"
                            ],
                            "Workers": [
                                {
                                    "Worker Number": 0,
                                    "Actual Startup Time": 118.198,
                                    "Actual Total Time": 118.199,
                                    "Actual Rows": 1,
                                    "Actual Loops": 1
                                },
                                {
                                    "Worker Number": 1,
                                    "Actual Startup Time": 118.66,
                                    "Actual Total Time": 118.661,
                                    "Actual Rows": 1,
                                    "Actual Loops": 1
                                },
                                {
                                    "Worker Number": 2,
                                    "Actual Startup Time": 118.689,
                                    "Actual Total Time": 118.69,
                                    "Actual Rows": 1,
                                    "Actual Loops": 1
                                }
                            ],
                            "Plans": [
                                {
                                    "Node Type": "Seq Scan",
                                    "Parent Relationship": "Outer",
                                    "Parallel Aware": true,
                                    "Relation Name": "movie_companies",
                                    "Schema": "public",
                                    "Alias": "mc",
                                    "Startup Cost": 0.0,
                                    "Total Cost": 31414.82,
                                    "Plan Rows": 266461,
                                    "Plan Width": 0,
                                    "Actual Startup Time": 53.648,
                                    "Actual Total Time": 104.119,
                                    "Actual Rows": 259896,
                                    "Actual Loops": 4,
                                    "Output": [
                                        "id",
                                        "movie_id",
                                        "company_id",
                                        "company_type_id",
                                        "note"
                                    ],
                                    "Filter": "((mc.company_id > 4548) AND (mc.company_type_id = 2))",
                                    "Rows Removed by Filter": 392386,
                                    "Workers": [
                                        {
                                            "Worker Number": 0,
                                            "Actual Startup Time": 50.96,
                                            "Actual Total Time": 101.859,
                                            "Actual Rows": 249779,
                                            "Actual Loops": 1
                                        },
                                        {
                                            "Worker Number": 1,
                                            "Actual Startup Time": 51.407,
                                            "Actual Total Time": 102.242,
                                            "Actual Rows": 250664,
                                            "Actual Loops": 1
                                        },
                                        {
                                            "Worker Number": 2,
                                            "Actual Startup Time": 51.455,
                                            "Actual Total Time": 102.224,
                                            "Actual Rows": 251923,
                                            "Actual Loops": 1
                                        }
                                    ]
                                }
                            ]
                        }
                    ]
                }
            ]
        },
        "Planning Time": 1824.833,
        "Triggers": [],
        "Execution Time": 137.174
    }
]