[
    {
        "Bao": {
            "Bao prediction": "NaN",
            "Bao recommended hint": "(no hint)"
        }
    },
    {
        "Plan": {
            "Node Type": "Aggregate",
            "Strategy": "Plain",
            "Partial Mode": "Finalize",
            "Parallel Aware": false,
            "Startup Cost": 238194.76,
            "Total Cost": 238194.77,
            "Plan Rows": 1,
            "Plan Width": 8,
            "Actual Startup Time": 261.154,
            "Actual Total Time": 271.393,
            "Actual Rows": 1,
            "Actual Loops": 1,
            "Output": [
                "count(*)"
            ],
            "Plans": [
                {
                    "Node Type": "Gather",
                    "Parent Relationship": "Outer",
                    "Parallel Aware": false,
                    "Startup Cost": 238194.24,
                    "Total Cost": 238194.75,
                    "Plan Rows": 5,
                    "Plan Width": 8,
                    "Actual Startup Time": 257.391,
                    "Actual Total Time": 271.381,
                    "Actual Rows": 6,
                    "Actual Loops": 1,
                    "Output": [
                        "(PARTIAL count(*))"
                    ],
                    "Workers Planned": 5,
                    "Workers Launched": 5,
                    "Single Copy": false,
                    "Plans": [
                        {
                            "Node Type": "Aggregate",
                            "Strategy": "Plain",
                            "Partial Mode": "Partial",
                            "Parent Relationship": "Outer",
                            "Parallel Aware": false,
                            "Startup Cost": 237194.24,
                            "Total Cost": 237194.25,
                            "Plan Rows": 1,
                            "Plan Width": 8,
                            "Actual Startup Time": 247.155,
                            "Actual Total Time": 247.158,
                            "Actual Rows": 1,
                            "Actual Loops": 6,
                            "Output": [
                                "PARTIAL count(*)"
                            ],
                            "Workers": [
                                {
                                    "Worker Number": 0,
                                    "Actual Startup Time": 245.08,
                                    "Actual Total Time": 245.083,
                                    "Actual Rows": 1,
                                    "Actual Loops": 1
                                },
                                {
                                    "Worker Number": 1,
                                    "Actual Startup Time": 244.734,
                                    "Actual Total Time": 244.737,
                                    "Actual Rows": 1,
                                    "Actual Loops": 1
                                },
                                {
                                    "Worker Number": 2,
                                    "Actual Startup Time": 244.765,
                                    "Actual Total Time": 244.769,
                                    "Actual Rows": 1,
                                    "Actual Loops": 1
                                },
                                {
                                    "Worker Number": 3,
                                    "Actual Startup Time": 245.72,
                                    "Actual Total Time": 245.723,
                                    "Actual Rows": 1,
                                    "Actual Loops": 1
                                },
                                {
                                    "Worker Number": 4,
                                    "Actual Startup Time": 245.909,
                                    "Actual Total Time": 245.912,
                                    "Actual Rows": 1,
                                    "Actual Loops": 1
                                }
                            ],
                            "Plans": [
                                {
                                    "Node Type": "Hash Join",
                                    "Parent Relationship": "Outer",
                                    "Parallel Aware": true,
                                    "Join Type": "Inner",
                                    "Startup Cost": 71048.47,
                                    "Total Cost": 237079.37,
                                    "Plan Rows": 45946,
                                    "Plan Width": 0,
                                    "Actual Startup Time": 152.906,
                                    "Actual Total Time": 243.341,
                                    "Actual Rows": 65488,
                                    "Actual Loops": 6,
                                    "Inner Unique": true,
                                    "Hash Cond": "(mi.movie_id = t.id)",
                                    "Workers": [
                                        {
                                            "Worker Number": 0,
                                            "Actual Startup Time": 150.512,
                                            "Actual Total Time": 241.145,
                                            "Actual Rows": 52129,
                                            "Actual Loops": 1
                                        },
                                        {
                                            "Worker Number": 1,
                                            "Actual Startup Time": 150.609,
                                            "Actual Total Time": 240.76,
                                            "Actual Rows": 52760,
                                            "Actual Loops": 1
                                        },
                                        {
                                            "Worker Number": 2,
                                            "Actual Startup Time": 151.025,
                                            "Actual Total Time": 241.023,
                                            "Actual Rows": 71216,
                                            "Actual Loops": 1
                                        },
                                        {
                                            "Worker Number": 3,
                                            "Actual Startup Time": 151.606,
                                            "Actual Total Time": 242.017,
                                            "Actual Rows": 75890,
                                            "Actual Loops": 1
                                        },
                                        {
                                            "Worker Number": 4,
                                            "Actual Startup Time": 151.529,
                                            "Actual Total Time": 241.961,
                                            "Actual Rows": 52539,
                                            "Actual Loops": 1
                                        }
                                    ],
                                    "Plans": [
                                        {
                                            "Node Type": "Bitmap Heap Scan",
                                            "Parent Relationship": "Outer",
                                            "Parallel Aware": true,
                                            "Relation Name": "movie_info",
                                            "Schema": "public",
                                            "Alias": "mi",
                                            "Startup Cost": 24209.48,
                                            "Total Cost": 189539.59,
                                            "Plan Rows": 266969,
                                            "Plan Width": 4,
                                            "Actual Startup Time": 41.822,
                                            "Actual Total Time": 76.067,
                                            "Actual Rows": 220894,
                                            "Actual Loops": 6,
                                            "Output": [
                                                "mi.id",
                                                "mi.movie_id",
                                                "mi.info_type_id",
                                                "mi.info",
                                                "mi.note"
                                            ],
                                            "Recheck Cond": "(mi.info_type_id = 8)",
                                            "Rows Removed by Index Recheck": 0,
                                            "Exact Heap Blocks": 1895,
                                            "Lossy Heap Blocks": 0,
                                            "Workers": [
                                                {
                                                    "Worker Number": 0,
                                                    "Actual Startup Time": 41.914,
                                                    "Actual Total Time": 76.85,
                                                    "Actual Rows": 177002,
                                                    "Actual Loops": 1
                                                },
                                                {
                                                    "Worker Number": 1,
                                                    "Actual Startup Time": 41.855,
                                                    "Actual Total Time": 76.16,
                                                    "Actual Rows": 177810,
                                                    "Actual Loops": 1
                                                },
                                                {
                                                    "Worker Number": 2,
                                                    "Actual Startup Time": 42.06,
                                                    "Actual Total Time": 76.297,
                                                    "Actual Rows": 222775,
                                                    "Actual Loops": 1
                                                },
                                                {
                                                    "Worker Number": 3,
                                                    "Actual Startup Time": 41.716,
                                                    "Actual Total Time": 76.452,
                                                    "Actual Rows": 246585,
                                                    "Actual Loops": 1
                                                },
                                                {
                                                    "Worker Number": 4,
                                                    "Actual Startup Time": 41.777,
                                                    "Actual Total Time": 77.188,
                                                    "Actual Rows": 181539,
                                                    "Actual Loops": 1
                                                }
                                            ],
                                            "Plans": [
                                                {
                                                    "Node Type": "Bitmap Index Scan",
                                                    "Parent Relationship": "Outer",
                                                    "Parallel Aware": false,
                                                    "Index Name": "info_type_id_movie_info",
                                                    "Startup Cost": 0.0,
                                                    "Total Cost": 23875.77,
                                                    "Plan Rows": 1334844,
                                                    "Plan Width": 0,
                                                    "Actual Startup Time": 40.494,
                                                    "Actual Total Time": 40.495,
                                                    "Actual Rows": 1325361,
                                                    "Actual Loops": 1,
                                                    "Index Cond": "(mi.info_type_id = 8)"
                                                }
                                            ]
                                        },
                                        {
                                            "Node Type": "Hash",
                                            "Parent Relationship": "Inner",
                                            "Parallel Aware": true,
                                            "Startup Cost": 45479.21,
                                            "Total Cost": 45479.21,
                                            "Plan Rows": 108783,
                                            "Plan Width": 4,
                                            "Actual Startup Time": 109.038,
                                            "Actual Total Time": 109.039,
                                            "Actual Rows": 61374,
                                            "Actual Loops": 6,
                                            "Output": [
                                                "t.id"
                                            ],
                                            "Hash Buckets": 524288,
                                            "Original Hash Buckets": 524288,
                                            "Hash Batches": 1,
                                            "Original Hash Batches": 1,
                                            "Peak Memory Usage": 18624,
                                            "Workers": [
                                                {
                                                    "Worker Number": 0,
                                                    "Actual Startup Time": 108.105,
                                                    "Actual Total Time": 108.106,
                                                    "Actual Rows": 48393,
                                                    "Actual Loops": 1
                                                },
                                                {
                                                    "Worker Number": 1,
                                                    "Actual Startup Time": 108.071,
                                                    "Actual Total Time": 108.072,
                                                    "Actual Rows": 48137,
                                                    "Actual Loops": 1
                                                },
                                                {
                                                    "Worker Number": 2,
                                                    "Actual Startup Time": 108.135,
                                                    "Actual Total Time": 108.136,
                                                    "Actual Rows": 70948,
                                                    "Actual Loops": 1
                                                },
                                                {
                                                    "Worker Number": 3,
                                                    "Actual Startup Time": 109.111,
                                                    "Actual Total Time": 109.111,
                                                    "Actual Rows": 65627,
                                                    "Actual Loops": 1
                                                },
                                                {
                                                    "Worker Number": 4,
                                                    "Actual Startup Time": 109.266,
                                                    "Actual Total Time": 109.266,
                                                    "Actual Rows": 46764,
                                                    "Actual Loops": 1
                                                }
                                            ],
                                            "Plans": [
                                                {
                                                    "Node Type": "Seq Scan",
                                                    "Parent Relationship": "Outer",
                                                    "Parallel Aware": true,
                                                    "Relation Name": "title",
                                                    "Schema": "public",
                                                    "Alias": "t",
                                                    "Startup Cost": 0.0,
                                                    "Total Cost": 45479.21,
                                                    "Plan Rows": 108783,
                                                    "Plan Width": 4,
                                                    "Actual Startup Time": 0.045,
                                                    "Actual Total Time": 81.839,
                                                    "Actual Rows": 61374,
                                                    "Actual Loops": 6,
                                                    "Output": [
                                                        "t.id"
                                                    ],
                                                    "Filter": "((t.kind_id < 7) AND (t.production_year > 2004))",
                                                    "Rows Removed by Filter": 360011,
                                                    "Workers": [
                                                        {
                                                            "Worker Number": 0,
                                                            "Actual Startup Time": 0.055,
                                                            "Actual Total Time": 82.432,
                                                            "Actual Rows": 48393,
                                                            "Actual Loops": 1
                                                        },
                                                        {
                                                            "Worker Number": 1,
                                                            "Actual Startup Time": 0.052,
                                                            "Actual Total Time": 81.748,
                                                            "Actual Rows": 48137,
                                                            "Actual Loops": 1
                                                        },
                                                        {
                                                            "Worker Number": 2,
                                                            "Actual Startup Time": 0.04,
                                                            "Actual Total Time": 80.711,
                                                            "Actual Rows": 70948,
                                                            "Actual Loops": 1
                                                        },
                                                        {
                                                            "Worker Number": 3,
                                                            "Actual Startup Time": 0.043,
                                                            "Actual Total Time": 81.626,
                                                            "Actual Rows": 65627,
                                                            "Actual Loops": 1
                                                        },
                                                        {
                                                            "Worker Number": 4,
                                                            "Actual Startup Time": 0.047,
                                                            "Actual Total Time": 83.302,
                                                            "Actual Rows": 46764,
                                                            "Actual Loops": 1
                                                        }
                                                    ]
                                                }
                                            ]
                                        }
                                    ]
                                }
                            ]
                        }
                    ]
                }
            ]
        },
        "Planning Time": 255.204,
        "Triggers": [],
        "Execution Time": 271.535
    }
]