{
  "Plan": {
    "Node Type": "Aggregate",
    "Strategy": "Plain",
    "Partial Mode": "Finalize",
    "Parallel Aware": false,
    "Startup Cost": 102561.45,
    "Total Cost": 102561.46,
    "Plan Rows": 1,
    "Plan Width": 8,
    "Actual Startup Time": 287.578,
    "Actual Total Time": 300.661,
    "Actual Rows": 1,
    "Actual Loops": 1,
    "Plans": [
      {
        "Node Type": "Gather",
        "Parent Relationship": "Outer",
        "Parallel Aware": false,
        "Startup Cost": 102561.34,
        "Total Cost": 102561.45,
        "Plan Rows": 1,
        "Plan Width": 8,
        "Actual Startup Time": 287.348,
        "Actual Total Time": 300.654,
        "Actual Rows": 2,
        "Actual Loops": 1,
        "Workers Planned": 1,
        "Workers Launched": 1,
        "Single Copy": false,
        "Plans": [
          {
            "Node Type": "Aggregate",
            "Strategy": "Plain",
            "Partial Mode": "Partial",
            "Parent Relationship": "Outer",
            "Parallel Aware": false,
            "Startup Cost": 101561.34,
            "Total Cost": 101561.35,
            "Plan Rows": 1,
            "Plan Width": 8,
            "Actual Startup Time": 284.31,
            "Actual Total Time": 284.314,
            "Actual Rows": 1,
            "Actual Loops": 2,
            "Plans": [
              {
                "Node Type": "Hash Join",
                "Parent Relationship": "Outer",
                "Parallel Aware": true,
                "Join Type": "Inner",
                "Startup Cost": 70491.95,
                "Total Cost": 101552.38,
                "Plan Rows": 3582,
                "Plan Width": 0,
                "Actual Startup Time": 169.377,
                "Actual Total Time": 284.049,
                "Actual Rows": 4081,
                "Actual Loops": 2,
                "Inner Unique": true,
                "Hash Cond": "(mk.movie_id = t.id)",
                "Plans": [
                  {
                    "Node Type": "Bitmap Heap Scan",
                    "Parent Relationship": "Outer",
                    "Parallel Aware": true,
                    "Relation Name": "movie_keyword",
                    "Alias": "mk",
                    "Startup Cost": 15751.13,
                    "Total Cost": 45664.99,
                    "Plan Rows": 436789,
                    "Plan Width": 4,
                    "Actual Startup Time": 41.307,
                    "Actual Total Time": 122.856,
                    "Actual Rows": 367848,
                    "Actual Loops": 2,
                    "Recheck Cond": "(keyword_id > 25601)",
                    "Rows Removed by Index Recheck": 0,
                    "Exact Heap Blocks": 14515,
                    "Lossy Heap Blocks": 0,
                    "Plans": [
                      {
                        "Node Type": "Bitmap Index Scan",
                        "Parent Relationship": "Outer",
                        "Parallel Aware": false,
                        "Index Name": "keyword_id_movie_keyword",
                        "Startup Cost": 0.0,
                        "Total Cost": 15565.49,
                        "Plan Rows": 742541,
                        "Plan Width": 0,
                        "Actual Startup Time": 37.723,
                        "Actual Total Time": 37.724,
                        "Actual Rows": 735695,
                        "Actual Loops": 1,
                        "Index Cond": "(keyword_id > 25601)"
                      }
                    ]
                  },
                  {
                    "Node Type": "Hash",
                    "Parent Relationship": "Inner",
                    "Parallel Aware": true,
                    "Startup Cost": 54588.39,
                    "Total Cost": 54588.39,
                    "Plan Rows": 12195,
                    "Plan Width": 4,
                    "Actual Startup Time": 126.956,
                    "Actual Total Time": 126.957,
                    "Actual Rows": 10656,
                    "Actual Loops": 2,
                    "Hash Buckets": 32768,
                    "Original Hash Buckets": 32768,
                    "Hash Batches": 1,
                    "Original Hash Batches": 1,
                    "Peak Memory Usage": 1120,
                    "Plans": [
                      {
                        "Node Type": "Seq Scan",
                        "Parent Relationship": "Outer",
                        "Parallel Aware": true,
                        "Relation Name": "title",
                        "Alias": "t",
                        "Startup Cost": 0.0,
                        "Total Cost": 54588.39,
                        "Plan Rows": 12195,
                        "Plan Width": 4,
                        "Actual Startup Time": 0.029,
                        "Actual Total Time": 123.105,
                        "Actual Rows": 10656,
                        "Actual Loops": 2,
                        "Filter": "(production_year = 1989)",
                        "Rows Removed by Filter": 1253500
                      }
                    ]
                  }
                ]
              }
            ]
          }
        ]
      }
    ]
  },
  "Planning Time": 0.229,
  "Triggers": [],
  "Execution Time": 300.714
}