[
  {
    "Plan": {
      "Node Type": "Aggregate",
      "Strategy": "Plain",
      "Partial Mode": "Finalize",
      "Parallel Aware": false,
      "Startup Cost": 46892.03,
      "Total Cost": 46892.04,
      "Plan Rows": 1,
      "Plan Width": 8,
      "Actual Startup Time": 177.65,
      "Actual Total Time": 188.584,
      "Actual Rows": 1,
      "Actual Loops": 1,
      "Plans": [
        {
          "Node Type": "Gather",
          "Parent Relationship": "Outer",
          "Parallel Aware": false,
          "Startup Cost": 46891.71,
          "Total Cost": 46892.02,
          "Plan Rows": 3,
          "Plan Width": 8,
          "Actual Startup Time": 177.567,
          "Actual Total Time": 188.576,
          "Actual Rows": 4,
          "Actual Loops": 1,
          "Workers Planned": 3,
          "Workers Launched": 3,
          "Single Copy": false,
          "Plans": [
            {
              "Node Type": "Aggregate",
              "Strategy": "Plain",
              "Partial Mode": "Partial",
              "Parent Relationship": "Outer",
              "Parallel Aware": false,
              "Startup Cost": 45891.71,
              "Total Cost": 45891.72,
              "Plan Rows": 1,
              "Plan Width": 8,
              "Actual Startup Time": 172.274,
              "Actual Total Time": 172.276,
              "Actual Rows": 1,
              "Actual Loops": 4,
              "Plans": [
                {
                  "Node Type": "Seq Scan",
                  "Parent Relationship": "Outer",
                  "Parallel Aware": true,
                  "Relation Name": "movie_keyword",
                  "Alias": "mk",
                  "Startup Cost": 0.0,
                  "Total Cost": 42695.65,
                  "Plan Rows": 1278424,
                  "Plan Width": 0,
                  "Actual Startup Time": 0.05,
                  "Actual Total Time": 126.21,
                  "Actual Rows": 989211,
                  "Actual Loops": 4,
                  "Filter": "(keyword_id > 400)",
                  "Rows Removed by Filter": 141771
                }
              ]
            }
          ]
        }
      ]
    },
    "Planning Time": 0.056,
    "Triggers": [],
    "Execution Time": 188.61
  }
]