{
  "Plan": {
    "Node Type": "Aggregate",
    "Strategy": "Plain",
    "Partial Mode": "Finalize",
    "Parallel Aware": false,
    "Startup Cost": 160991.31,
    "Total Cost": 160991.32,
    "Plan Rows": 1,
    "Plan Width": 8,
    "Actual Startup Time": 1125.788,
    "Actual Total Time": 1142.485,
    "Actual Rows": 1,
    "Actual Loops": 1,
    "Plans": [
      {
        "Node Type": "Gather",
        "Parent Relationship": "Outer",
        "Parallel Aware": false,
        "Startup Cost": 160991.2,
        "Total Cost": 160991.31,
        "Plan Rows": 1,
        "Plan Width": 8,
        "Actual Startup Time": 1124.286,
        "Actual Total Time": 1142.477,
        "Actual Rows": 2,
        "Actual Loops": 1,
        "Workers Planned": 1,
        "Workers Launched": 1,
        "Single Copy": false,
        "Plans": [
          {
            "Node Type": "Aggregate",
            "Strategy": "Plain",
            "Partial Mode": "Partial",
            "Parent Relationship": "Outer",
            "Parallel Aware": false,
            "Startup Cost": 159991.2,
            "Total Cost": 159991.21,
            "Plan Rows": 1,
            "Plan Width": 8,
            "Actual Startup Time": 1118.694,
            "Actual Total Time": 1119.291,
            "Actual Rows": 1,
            "Actual Loops": 2,
            "Plans": [
              {
                "Node Type": "Hash Join",
                "Parent Relationship": "Outer",
                "Parallel Aware": true,
                "Join Type": "Inner",
                "Startup Cost": 98010.01,
                "Total Cost": 159711.87,
                "Plan Rows": 111732,
                "Plan Width": 0,
                "Actual Startup Time": 497.576,
                "Actual Total Time": 1018.318,
                "Actual Rows": 2493515,
                "Actual Loops": 2,
                "Inner Unique": false,
                "Hash Cond": "(mk.movie_id = t.id)",
                "Plans": [
                  {
                    "Node Type": "Seq Scan",
                    "Parent Relationship": "Outer",
                    "Parallel Aware": true,
                    "Relation Name": "movie_keyword",
                    "Alias": "mk",
                    "Startup Cost": 0.0,
                    "Total Cost": 51065.35,
                    "Plan Rows": 2661135,
                    "Plan Width": 4,
                    "Actual Startup Time": 0.01,
                    "Actual Total Time": 156.629,
                    "Actual Rows": 2261965,
                    "Actual Loops": 2
                  },
                  {
                    "Node Type": "Hash",
                    "Parent Relationship": "Inner",
                    "Parallel Aware": true,
                    "Startup Cost": 97229.46,
                    "Total Cost": 97229.46,
                    "Plan Rows": 62444,
                    "Plan Width": 8,
                    "Actual Startup Time": 494.689,
                    "Actual Total Time": 495.284,
                    "Actual Rows": 220356,
                    "Actual Loops": 2,
                    "Hash Buckets": 524288,
                    "Original Hash Buckets": 131072,
                    "Hash Batches": 1,
                    "Original Hash Batches": 1,
                    "Peak Memory Usage": 24448,
                    "Plans": [
                      {
                        "Node Type": "Hash Join",
                        "Parent Relationship": "Outer",
                        "Parallel Aware": true,
                        "Join Type": "Inner",
                        "Startup Cost": 59062.83,
                        "Total Cost": 97229.46,
                        "Plan Rows": 62444,
                        "Plan Width": 8,
                        "Actual Startup Time": 163.198,
                        "Actual Total Time": 440.628,
                        "Actual Rows": 220356,
                        "Actual Loops": 2,
                        "Inner Unique": true,
                        "Hash Cond": "(mc.movie_id = t.id)",
                        "Plans": [
                          {
                            "Node Type": "Seq Scan",
                            "Parent Relationship": "Outer",
                            "Parallel Aware": true,
                            "Relation Name": "movie_companies",
                            "Alias": "mc",
                            "Startup Cost": 0.0,
                            "Total Cost": 34137.82,
                            "Plan Rows": 1534782,
                            "Plan Width": 4,
                            "Actual Startup Time": 0.012,
                            "Actual Total Time": 97.321,
                            "Actual Rows": 1304564,
                            "Actual Loops": 2
                          },
                          {
                            "Node Type": "Hash",
                            "Parent Relationship": "Inner",
                            "Parallel Aware": true,
                            "Startup Cost": 58306.47,
                            "Total Cost": 58306.47,
                            "Plan Rows": 60509,
                            "Plan Width": 4,
                            "Actual Startup Time": 161.845,
                            "Actual Total Time": 161.846,
                            "Actual Rows": 103912,
                            "Actual Loops": 2,
                            "Hash Buckets": 262144,
                            "Original Hash Buckets": 131072,
                            "Hash Batches": 1,
                            "Original Hash Batches": 1,
                            "Peak Memory Usage": 11232,
                            "Plans": [
                              {
                                "Node Type": "Seq Scan",
                                "Parent Relationship": "Outer",
                                "Parallel Aware": true,
                                "Relation Name": "title",
                                "Alias": "t",
                                "Startup Cost": 0.0,
                                "Total Cost": 58306.47,
                                "Plan Rows": 60509,
                                "Plan Width": 4,
                                "Actual Startup Time": 0.188,
                                "Actual Total Time": 137.558,
                                "Actual Rows": 103912,
                                "Actual Loops": 2,
                                "Filter": "((kind_id < 7) AND (production_year < 1963))",
                                "Rows Removed by Filter": 1160244
                              }
                            ]
                          }
                        ]
                      }
                    ]
                  }
                ]
              }
            ]
          }
        ]
      }
    ]
  },
  "Planning Time": 0.866,
  "Triggers": [],
  "Execution Time": 1142.559
}