[
  {
    "Plan": {
      "Node Type": "Aggregate",
      "Strategy": "Plain",
      "Partial Mode": "Finalize",
      "Parallel Aware": false,
      "Startup Cost": 427714.26,
      "Total Cost": 427714.27,
      "Plan Rows": 1,
      "Plan Width": 8,
      "Actual Startup Time": 2098.689,
      "Actual Total Time": 2166.591,
      "Actual Rows": 1,
      "Actual Loops": 1,
      "Plans": [
        {
          "Node Type": "Gather",
          "Parent Relationship": "Outer",
          "Parallel Aware": false,
          "Startup Cost": 427713.64,
          "Total Cost": 427714.25,
          "Plan Rows": 6,
          "Plan Width": 8,
          "Actual Startup Time": 2090.604,
          "Actual Total Time": 2166.582,
          "Actual Rows": 7,
          "Actual Loops": 1,
          "Workers Planned": 6,
          "Workers Launched": 6,
          "Single Copy": false,
          "Plans": [
            {
              "Node Type": "Aggregate",
              "Strategy": "Plain",
              "Partial Mode": "Partial",
              "Parent Relationship": "Outer",
              "Parallel Aware": false,
              "Startup Cost": 426713.64,
              "Total Cost": 426713.65,
              "Plan Rows": 1,
              "Plan Width": 8,
              "Actual Startup Time": 2078.779,
              "Actual Total Time": 2078.784,
              "Actual Rows": 1,
              "Actual Loops": 7,
              "Plans": [
                {
                  "Node Type": "Hash Join",
                  "Parent Relationship": "Outer",
                  "Parallel Aware": true,
                  "Join Type": "Inner",
                  "Startup Cost": 82539.33,
                  "Total Cost": 422481.25,
                  "Plan Rows": 1692955,
                  "Plan Width": 0,
                  "Actual Startup Time": 277.522,
                  "Actual Total Time": 1972.523,
                  "Actual Rows": 2393010,
                  "Actual Loops": 7,
                  "Inner Unique": false,
                  "Hash Cond": "(ci.movie_id = t.id)",
                  "Plans": [
                    {
                      "Node Type": "Seq Scan",
                      "Parent Relationship": "Outer",
                      "Parallel Aware": true,
                      "Relation Name": "cast_info",
                      "Alias": "ci",
                      "Startup Cost": 0.0,
                      "Total Cost": 313067.02,
                      "Plan Rows": 6038002,
                      "Plan Width": 4,
                      "Actual Startup Time": 0.026,
                      "Actual Total Time": 525.913,
                      "Actual Rows": 5177763,
                      "Actual Loops": 7
                    },
                    {
                      "Node Type": "Hash",
                      "Parent Relationship": "Inner",
                      "Parallel Aware": true,
                      "Startup Cost": 80324.04,
                      "Total Cost": 80324.04,
                      "Plan Rows": 177223,
                      "Plan Width": 8,
                      "Actual Startup Time": 274.029,
                      "Actual Total Time": 274.033,
                      "Actual Rows": 70012,
                      "Actual Loops": 7,
                      "Hash Buckets": 1048576,
                      "Original Hash Buckets": 1048576,
                      "Hash Batches": 1,
                      "Original Hash Batches": 1,
                      "Peak Memory Usage": 27488,
                      "Plans": [
                        {
                          "Node Type": "Hash Join",
                          "Parent Relationship": "Outer",
                          "Parallel Aware": true,
                          "Join Type": "Inner",
                          "Startup Cost": 34273.26,
                          "Total Cost": 80324.04,
                          "Plan Rows": 177223,
                          "Plan Width": 8,
                          "Actual Startup Time": 123.478,
                          "Actual Total Time": 242.056,
                          "Actual Rows": 70012,
                          "Actual Loops": 7,
                          "Inner Unique": false,
                          "Hash Cond": "(t.id = mc.movie_id)",
                          "Plans": [
                            {
                              "Node Type": "Seq Scan",
                              "Parent Relationship": "Outer",
                              "Parallel Aware": true,
                              "Relation Name": "title",
                              "Alias": "t",
                              "Startup Cost": 0.0,
                              "Total Cost": 42318.73,
                              "Plan Rows": 632073,
                              "Plan Width": 4,
                              "Actual Startup Time": 0.017,
                              "Actual Total Time": 53.809,
                              "Actual Rows": 361187,
                              "Actual Loops": 7
                            },
                            {
                              "Node Type": "Hash",
                              "Parent Relationship": "Inner",
                              "Parallel Aware": true,
                              "Startup Cost": 31414.82,
                              "Total Cost": 31414.82,
                              "Plan Rows": 228675,
                              "Plan Width": 4,
                              "Actual Startup Time": 96.853,
                              "Actual Total Time": 96.854,
                              "Actual Rows": 70012,
                              "Actual Loops": 7,
                              "Hash Buckets": 1048576,
                              "Original Hash Buckets": 1048576,
                              "Hash Batches": 1,
                              "Original Hash Batches": 1,
                              "Peak Memory Usage": 27488,
                              "Plans": [
                                {
                                  "Node Type": "Seq Scan",
                                  "Parent Relationship": "Outer",
                                  "Parallel Aware": true,
                                  "Relation Name": "movie_companies",
                                  "Alias": "mc",
                                  "Startup Cost": 0.0,
                                  "Total Cost": 31414.82,
                                  "Plan Rows": 228675,
                                  "Plan Width": 4,
                                  "Actual Startup Time": 13.131,
                                  "Actual Total Time": 60.099,
                                  "Actual Rows": 70012,
                                  "Actual Loops": 7,
                                  "Filter": "((company_id > 9674) AND (company_type_id < 2))",
                                  "Rows Removed by Filter": 302721
                                }
                              ]
                            }
                          ]
                        }
                      ]
                    }
                  ]
                }
              ]
            }
          ]
        }
      ]
    },
    "Planning Time": 1.476,
    "Triggers": [],
    "Execution Time": 2166.709
  }
]