{
  "Plan": {
    "Node Type": "Aggregate",
    "Strategy": "Plain",
    "Partial Mode": "Finalize",
    "Parallel Aware": false,
    "Startup Cost": 731331.3,
    "Total Cost": 731331.31,
    "Plan Rows": 1,
    "Plan Width": 8,
    "Actual Startup Time": 4701.35,
    "Actual Total Time": 4762.179,
    "Actual Rows": 1,
    "Actual Loops": 1,
    "Plans": [
      {
        "Node Type": "Gather",
        "Parent Relationship": "Outer",
        "Parallel Aware": false,
        "Startup Cost": 731331.19,
        "Total Cost": 731331.3,
        "Plan Rows": 1,
        "Plan Width": 8,
        "Actual Startup Time": 4698.821,
        "Actual Total Time": 4762.169,
        "Actual Rows": 2,
        "Actual Loops": 1,
        "Workers Planned": 1,
        "Workers Launched": 1,
        "Single Copy": false,
        "Plans": [
          {
            "Node Type": "Aggregate",
            "Strategy": "Plain",
            "Partial Mode": "Partial",
            "Parent Relationship": "Outer",
            "Parallel Aware": false,
            "Startup Cost": 730331.19,
            "Total Cost": 730331.2,
            "Plan Rows": 1,
            "Plan Width": 8,
            "Actual Startup Time": 4692.958,
            "Actual Total Time": 4693.252,
            "Actual Rows": 1,
            "Actual Loops": 2,
            "Plans": [
              {
                "Node Type": "Hash Join",
                "Parent Relationship": "Outer",
                "Parallel Aware": true,
                "Join Type": "Inner",
                "Startup Cost": 108608.1,
                "Total Cost": 717300.17,
                "Plan Rows": 5212405,
                "Plan Width": 0,
                "Actual Startup Time": 721.265,
                "Actual Total Time": 4551.934,
                "Actual Rows": 3621747,
                "Actual Loops": 2,
                "Inner Unique": false,
                "Hash Cond": "(ci.movie_id = t.id)",
                "Plans": [
                  {
                    "Node Type": "Seq Scan",
                    "Parent Relationship": "Outer",
                    "Parallel Aware": true,
                    "Relation Name": "cast_info",
                    "Alias": "ci",
                    "Startup Cost": 0.0,
                    "Total Cost": 519069.44,
                    "Plan Rows": 15723041,
                    "Plan Width": 4,
                    "Actual Startup Time": 0.017,
                    "Actual Total Time": 1617.737,
                    "Actual Rows": 13414340,
                    "Actual Loops": 2,
                    "Filter": "(person_id < 2762972)",
                    "Rows Removed by Filter": 4707832
                  },
                  {
                    "Node Type": "Hash",
                    "Parent Relationship": "Inner",
                    "Parallel Aware": true,
                    "Startup Cost": 102445.12,
                    "Total Cost": 102445.12,
                    "Plan Rows": 493038,
                    "Plan Width": 8,
                    "Actual Startup Time": 711.827,
                    "Actual Total Time": 712.119,
                    "Actual Rows": 208401,
                    "Actual Loops": 2,
                    "Hash Buckets": 1048576,
                    "Original Hash Buckets": 1048576,
                    "Hash Batches": 1,
                    "Original Hash Batches": 1,
                    "Peak Memory Usage": 24544,
                    "Plans": [
                      {
                        "Node Type": "Hash Join",
                        "Parent Relationship": "Outer",
                        "Parallel Aware": true,
                        "Join Type": "Inner",
                        "Startup Cost": 64278.49,
                        "Total Cost": 102445.12,
                        "Plan Rows": 493038,
                        "Plan Width": 8,
                        "Actual Startup Time": 285.081,
                        "Actual Total Time": 653.871,
                        "Actual Rows": 208401,
                        "Actual Loops": 2,
                        "Inner Unique": true,
                        "Hash Cond": "(mc.movie_id = t.id)",
                        "Plans": [
                          {
                            "Node Type": "Seq Scan",
                            "Parent Relationship": "Outer",
                            "Parallel Aware": true,
                            "Relation Name": "movie_companies",
                            "Alias": "mc",
                            "Startup Cost": 0.0,
                            "Total Cost": 34137.82,
                            "Plan Rows": 1534782,
                            "Plan Width": 4,
                            "Actual Startup Time": 0.019,
                            "Actual Total Time": 103.182,
                            "Actual Rows": 1304564,
                            "Actual Loops": 2
                          },
                          {
                            "Node Type": "Hash",
                            "Parent Relationship": "Inner",
                            "Parallel Aware": true,
                            "Startup Cost": 58306.47,
                            "Total Cost": 58306.47,
                            "Plan Rows": 477762,
                            "Plan Width": 4,
                            "Actual Startup Time": 279.507,
                            "Actual Total Time": 279.508,
                            "Actual Rows": 369380,
                            "Actual Loops": 2,
                            "Hash Buckets": 1048576,
                            "Original Hash Buckets": 1048576,
                            "Hash Batches": 1,
                            "Original Hash Batches": 1,
                            "Peak Memory Usage": 37120,
                            "Plans": [
                              {
                                "Node Type": "Seq Scan",
                                "Parent Relationship": "Outer",
                                "Parallel Aware": true,
                                "Relation Name": "title",
                                "Alias": "t",
                                "Startup Cost": 0.0,
                                "Total Cost": 58306.47,
                                "Plan Rows": 477762,
                                "Plan Width": 4,
                                "Actual Startup Time": 0.054,
                                "Actual Total Time": 164.386,
                                "Actual Rows": 369380,
                                "Actual Loops": 2,
                                "Filter": "((production_year < 2005) AND (kind_id = 7))",
                                "Rows Removed by Filter": 894776
                              }
                            ]
                          }
                        ]
                      }
                    ]
                  }
                ]
              }
            ]
          }
        ]
      }
    ]
  },
  "Planning Time": 1.039,
  "Triggers": [],
  "Execution Time": 4762.275
}