[
  {
    "Plan": {
      "Node Type": "Aggregate",
      "Strategy": "Plain",
      "Partial Mode": "Finalize",
      "Parallel Aware": false,
      "Startup Cost": 82113.5,
      "Total Cost": 82113.51,
      "Plan Rows": 1,
      "Plan Width": 8,
      "Actual Startup Time": 206.889,
      "Actual Total Time": 225.129,
      "Actual Rows": 1,
      "Actual Loops": 1,
      "Plans": [
        {
          "Node Type": "Gather",
          "Parent Relationship": "Outer",
          "Parallel Aware": false,
          "Startup Cost": 82113.18,
          "Total Cost": 82113.49,
          "Plan Rows": 3,
          "Plan Width": 8,
          "Actual Startup Time": 206.262,
          "Actual Total Time": 225.121,
          "Actual Rows": 4,
          "Actual Loops": 1,
          "Workers Planned": 3,
          "Workers Launched": 3,
          "Single Copy": false,
          "Plans": [
            {
              "Node Type": "Aggregate",
              "Strategy": "Plain",
              "Partial Mode": "Partial",
              "Parent Relationship": "Outer",
              "Parallel Aware": false,
              "Startup Cost": 81113.18,
              "Total Cost": 81113.19,
              "Plan Rows": 1,
              "Plan Width": 8,
              "Actual Startup Time": 196.659,
              "Actual Total Time": 196.665,
              "Actual Rows": 1,
              "Actual Loops": 4,
              "Plans": [
                {
                  "Node Type": "Nested Loop",
                  "Parent Relationship": "Outer",
                  "Parallel Aware": false,
                  "Join Type": "Inner",
                  "Startup Cost": 51102.01,
                  "Total Cost": 81097.29,
                  "Plan Rows": 6359,
                  "Plan Width": 0,
                  "Actual Startup Time": 123.695,
                  "Actual Total Time": 195.406,
                  "Actual Rows": 18812,
                  "Actual Loops": 4,
                  "Inner Unique": false,
                  "Join Filter": "(t.id = mi.movie_id)",
                  "Rows Removed by Join Filter": 0,
                  "Plans": [
                    {
                      "Node Type": "Hash Join",
                      "Parent Relationship": "Outer",
                      "Parallel Aware": true,
                      "Join Type": "Inner",
                      "Startup Cost": 51101.57,
                      "Total Cost": 71208.14,
                      "Plan Rows": 1130,
                      "Plan Width": 8,
                      "Actual Startup Time": 123.619,
                      "Actual Total Time": 162.17,
                      "Actual Rows": 1490,
                      "Actual Loops": 4,
                      "Inner Unique": true,
                      "Hash Cond": "(mc.movie_id = t.id)",
                      "Plans": [
                        {
                          "Node Type": "Bitmap Heap Scan",
                          "Parent Relationship": "Outer",
                          "Parallel Aware": true,
                          "Relation Name": "movie_companies",
                          "Alias": "mc",
                          "Startup Cost": 5398.08,
                          "Total Cost": 25400.23,
                          "Plan Rows": 39780,
                          "Plan Width": 4,
                          "Actual Startup Time": 13.965,
                          "Actual Total Time": 42.873,
                          "Actual Rows": 47658,
                          "Actual Loops": 4,
                          "Recheck Cond": "(company_id < 119)",
                          "Rows Removed by Index Recheck": 0,
                          "Filter": "(company_type_id < 2)",
                          "Rows Removed by Filter": 14573,
                          "Exact Heap Blocks": 7731,
                          "Lossy Heap Blocks": 0,
                          "Plans": [
                            {
                              "Node Type": "Bitmap Index Scan",
                              "Parent Relationship": "Outer",
                              "Parallel Aware": false,
                              "Index Name": "company_id_movie_companies",
                              "Startup Cost": 0.0,
                              "Total Cost": 5367.26,
                              "Plan Rows": 250510,
                              "Plan Width": 0,
                              "Actual Startup Time": 11.331,
                              "Actual Total Time": 11.332,
                              "Actual Rows": 248921,
                              "Actual Loops": 1,
                              "Index Cond": "(company_id < 119)"
                            }
                          ]
                        },
                        {
                          "Node Type": "Hash",
                          "Parent Relationship": "Inner",
                          "Parallel Aware": true,
                          "Startup Cost": 45479.1,
                          "Total Cost": 45479.1,
                          "Plan Rows": 17951,
                          "Plan Width": 4,
                          "Actual Startup Time": 108.06,
                          "Actual Total Time": 108.063,
                          "Actual Rows": 19887,
                          "Actual Loops": 4,
                          "Hash Buckets": 131072,
                          "Original Hash Buckets": 131072,
                          "Hash Batches": 1,
                          "Original Hash Batches": 1,
                          "Peak Memory Usage": 4224,
                          "Plans": [
                            {
                              "Node Type": "Seq Scan",
                              "Parent Relationship": "Outer",
                              "Parallel Aware": true,
                              "Relation Name": "title",
                              "Alias": "t",
                              "Startup Cost": 0.0,
                              "Total Cost": 45479.1,
                              "Plan Rows": 17951,
                              "Plan Width": 4,
                              "Actual Startup Time": 0.047,
                              "Actual Total Time": 98.772,
                              "Actual Rows": 19887,
                              "Actual Loops": 4,
                              "Filter": "((kind_id > 1) AND (production_year = 2005))",
                              "Rows Removed by Filter": 612191
                            }
                          ]
                        }
                      ]
                    },
                    {
                      "Node Type": "Index Scan",
                      "Parent Relationship": "Inner",
                      "Parallel Aware": false,
                      "Scan Direction": "Forward",
                      "Index Name": "movie_id_movie_info",
                      "Relation Name": "movie_info",
                      "Alias": "mi",
                      "Startup Cost": 0.43,
                      "Total Cost": 8.25,
                      "Plan Rows": 40,
                      "Plan Width": 4,
                      "Actual Startup Time": 0.007,
                      "Actual Total Time": 0.021,
                      "Actual Rows": 13,
                      "Actual Loops": 5961,
                      "Index Cond": "(movie_id = mc.movie_id)",
                      "Rows Removed by Index Recheck": 0,
                      "Filter": "(info_type_id < 103)",
                      "Rows Removed by Filter": 0
                    }
                  ]
                }
              ]
            }
          ]
        }
      ]
    },
    "Planning Time": 1.531,
    "Triggers": [],
    "Execution Time": 225.247
  }
]