[
  {
    "Plan": {
      "Node Type": "Aggregate",
      "Strategy": "Plain",
      "Partial Mode": "Finalize",
      "Parallel Aware": false,
      "Startup Cost": 75973.6,
      "Total Cost": 75973.61,
      "Plan Rows": 1,
      "Plan Width": 8,
      "Actual Startup Time": 302.031,
      "Actual Total Time": 317.515,
      "Actual Rows": 1,
      "Actual Loops": 1,
      "Plans": [
        {
          "Node Type": "Gather",
          "Parent Relationship": "Outer",
          "Parallel Aware": false,
          "Startup Cost": 75973.29,
          "Total Cost": 75973.6,
          "Plan Rows": 3,
          "Plan Width": 8,
          "Actual Startup Time": 295.267,
          "Actual Total Time": 317.506,
          "Actual Rows": 4,
          "Actual Loops": 1,
          "Workers Planned": 3,
          "Workers Launched": 3,
          "Single Copy": false,
          "Plans": [
            {
              "Node Type": "Aggregate",
              "Strategy": "Plain",
              "Partial Mode": "Partial",
              "Parent Relationship": "Outer",
              "Parallel Aware": false,
              "Startup Cost": 74973.29,
              "Total Cost": 74973.3,
              "Plan Rows": 1,
              "Plan Width": 8,
              "Actual Startup Time": 289.358,
              "Actual Total Time": 289.361,
              "Actual Rows": 1,
              "Actual Loops": 4,
              "Plans": [
                {
                  "Node Type": "Hash Join",
                  "Parent Relationship": "Outer",
                  "Parallel Aware": true,
                  "Join Type": "Inner",
                  "Startup Cost": 49215.84,
                  "Total Cost": 74955.86,
                  "Plan Rows": 6970,
                  "Plan Width": 0,
                  "Actual Startup Time": 259.613,
                  "Actual Total Time": 288.831,
                  "Actual Rows": 6621,
                  "Actual Loops": 4,
                  "Inner Unique": true,
                  "Hash Cond": "(mk.movie_id = t.id)",
                  "Plans": [
                    {
                      "Node Type": "Bitmap Heap Scan",
                      "Parent Relationship": "Outer",
                      "Parallel Aware": true,
                      "Relation Name": "movie_keyword",
                      "Alias": "mk",
                      "Startup Cost": 805.77,
                      "Total Cost": 26513.74,
                      "Plan Rows": 12210,
                      "Plan Width": 4,
                      "Actual Startup Time": 10.617,
                      "Actual Total Time": 31.77,
                      "Actual Rows": 8678,
                      "Actual Loops": 4,
                      "Recheck Cond": "(keyword_id = 2488)",
                      "Rows Removed by Index Recheck": 0,
                      "Exact Heap Blocks": 6719,
                      "Lossy Heap Blocks": 0,
                      "Plans": [
                        {
                          "Node Type": "Bitmap Index Scan",
                          "Parent Relationship": "Outer",
                          "Parallel Aware": false,
                          "Index Name": "keyword_id_movie_keyword",
                          "Startup Cost": 0.0,
                          "Total Cost": 796.31,
                          "Plan Rows": 37850,
                          "Plan Width": 0,
                          "Actual Startup Time": 8.43,
                          "Actual Total Time": 8.431,
                          "Actual Rows": 34710,
                          "Actual Loops": 1,
                          "Index Cond": "(keyword_id = 2488)"
                        }
                      ]
                    },
                    {
                      "Node Type": "Hash",
                      "Parent Relationship": "Inner",
                      "Parallel Aware": true,
                      "Startup Cost": 43899.32,
                      "Total Cost": 43899.32,
                      "Plan Rows": 360860,
                      "Plan Width": 4,
                      "Actual Startup Time": 245.271,
                      "Actual Total Time": 245.272,
                      "Actual Rows": 360824,
                      "Actual Loops": 4,
                      "Hash Buckets": 2097152,
                      "Original Hash Buckets": 2097152,
                      "Hash Batches": 1,
                      "Original Hash Batches": 1,
                      "Peak Memory Usage": 72928,
                      "Plans": [
                        {
                          "Node Type": "Seq Scan",
                          "Parent Relationship": "Outer",
                          "Parallel Aware": true,
                          "Relation Name": "title",
                          "Alias": "t",
                          "Startup Cost": 0.0,
                          "Total Cost": 43899.32,
                          "Plan Rows": 360860,
                          "Plan Width": 4,
                          "Actual Startup Time": 0.042,
                          "Actual Total Time": 111.861,
                          "Actual Rows": 360824,
                          "Actual Loops": 4,
                          "Filter": "(production_year < 2006)",
                          "Rows Removed by Filter": 271254
                        }
                      ]
                    }
                  ]
                }
              ]
            }
          ]
        }
      ]
    },
    "Planning Time": 0.225,
    "Triggers": [],
    "Execution Time": 317.567
  }
]