[
  {
    "Plan": {
      "Node Type": "Aggregate",
      "Strategy": "Plain",
      "Partial Mode": "Finalize",
      "Parallel Aware": false,
      "Startup Cost": 46337.58,
      "Total Cost": 46337.59,
      "Plan Rows": 1,
      "Plan Width": 8,
      "Actual Startup Time": 174.801,
      "Actual Total Time": 185.999,
      "Actual Rows": 1,
      "Actual Loops": 1,
      "Plans": [
        {
          "Node Type": "Gather",
          "Parent Relationship": "Outer",
          "Parallel Aware": false,
          "Startup Cost": 46337.26,
          "Total Cost": 46337.57,
          "Plan Rows": 3,
          "Plan Width": 8,
          "Actual Startup Time": 174.562,
          "Actual Total Time": 185.989,
          "Actual Rows": 4,
          "Actual Loops": 1,
          "Workers Planned": 3,
          "Workers Launched": 3,
          "Single Copy": false,
          "Plans": [
            {
              "Node Type": "Aggregate",
              "Strategy": "Plain",
              "Partial Mode": "Partial",
              "Parent Relationship": "Outer",
              "Parallel Aware": false,
              "Startup Cost": 45337.26,
              "Total Cost": 45337.27,
              "Plan Rows": 1,
              "Plan Width": 8,
              "Actual Startup Time": 166.028,
              "Actual Total Time": 166.029,
              "Actual Rows": 1,
              "Actual Loops": 4,
              "Plans": [
                {
                  "Node Type": "Seq Scan",
                  "Parent Relationship": "Outer",
                  "Parallel Aware": true,
                  "Relation Name": "movie_keyword",
                  "Alias": "mk",
                  "Startup Cost": 0.0,
                  "Total Cost": 42695.65,
                  "Plan Rows": 1056644,
                  "Plan Width": 0,
                  "Actual Startup Time": 0.057,
                  "Actual Total Time": 127.992,
                  "Actual Rows": 816852,
                  "Actual Loops": 4,
                  "Filter": "(keyword_id < 14313)",
                  "Rows Removed by Filter": 314130
                }
              ]
            }
          ]
        }
      ]
    },
    "Planning Time": 0.162,
    "Triggers": [],
    "Execution Time": 186.049
  }
]