[
    {
        "Bao": {
            "Bao prediction": 495.644,
            "Bao recommended hint": "SET enable_mergejoin TO off; SET enable_indexscan TO off; "
        }
    },
    {
        "Plan": {
            "Node Type": "Aggregate",
            "Strategy": "Plain",
            "Partial Mode": "Simple",
            "Parallel Aware": false,
            "Startup Cost": 8061.99,
            "Total Cost": 8062.0,
            "Plan Rows": 1,
            "Plan Width": 96,
            "Actual Startup Time": 2319.002,
            "Actual Total Time": 2319.012,
            "Actual Rows": 1,
            "Actual Loops": 1,
            "Output": [
                "min(cn.name)",
                "min(mi_idx.info)",
                "min(t.title)"
            ],
            "Plans": [
                {
                    "Node Type": "Nested Loop",
                    "Parent Relationship": "Outer",
                    "Parallel Aware": false,
                    "Join Type": "Inner",
                    "Startup Cost": 13.42,
                    "Total Cost": 8061.98,
                    "Plan Rows": 1,
                    "Plan Width": 41,
                    "Actual Startup Time": 33.939,
                    "Actual Total Time": 2314.028,
                    "Actual Rows": 10133,
                    "Actual Loops": 1,
                    "Output": [
                        "cn.name",
                        "mi_idx.info",
                        "t.title"
                    ],
                    "Inner Unique": true,
                    "Join Filter": "(t.kind_id = kt.id)",
                    "Rows Removed by Join Filter": 1281,
                    "Plans": [
                        {
                            "Node Type": "Nested Loop",
                            "Parent Relationship": "Outer",
                            "Parallel Aware": false,
                            "Join Type": "Inner",
                            "Startup Cost": 13.42,
                            "Total Cost": 8060.87,
                            "Plan Rows": 1,
                            "Plan Width": 45,
                            "Actual Startup Time": 27.163,
                            "Actual Total Time": 2270.808,
                            "Actual Rows": 10687,
                            "Actual Loops": 1,
                            "Output": [
                                "cn.name",
                                "mi_idx.info",
                                "t.title",
                                "t.kind_id"
                            ],
                            "Inner Unique": true,
                            "Join Filter": "(mi.info_type_id = it1.id)",
                            "Rows Removed by Join Filter": 1666,
                            "Plans": [
                                {
                                    "Node Type": "Nested Loop",
                                    "Parent Relationship": "Outer",
                                    "Parallel Aware": false,
                                    "Join Type": "Inner",
                                    "Startup Cost": 13.42,
                                    "Total Cost": 8058.44,
                                    "Plan Rows": 1,
                                    "Plan Width": 49,
                                    "Actual Startup Time": 27.149,
                                    "Actual Total Time": 2177.109,
                                    "Actual Rows": 12353,
                                    "Actual Loops": 1,
                                    "Output": [
                                        "cn.name",
                                        "mi.info_type_id",
                                        "mi_idx.info",
                                        "t.title",
                                        "t.kind_id"
                                    ],
                                    "Inner Unique": false,
                                    "Join Filter": "(t.id = mi.movie_id)",
                                    "Rows Removed by Join Filter": 0,
                                    "Plans": [
                                        {
                                            "Node Type": "Nested Loop",
                                            "Parent Relationship": "Outer",
                                            "Parallel Aware": false,
                                            "Join Type": "Inner",
                                            "Startup Cost": 12.63,
                                            "Total Cost": 8052.6,
                                            "Plan Rows": 1,
                                            "Plan Width": 61,
                                            "Actual Startup Time": 14.371,
                                            "Actual Total Time": 1137.806,
                                            "Actual Rows": 11334,
                                            "Actual Loops": 1,
                                            "Output": [
                                                "cn.name",
                                                "mc.movie_id",
                                                "mi_idx.info",
                                                "mi_idx.movie_id",
                                                "mk.movie_id",
                                                "t.title",
                                                "t.kind_id",
                                                "t.id"
                                            ],
                                            "Inner Unique": true,
                                            "Join Filter": "(mc.company_type_id = ct.id)",
                                            "Rows Removed by Join Filter": 0,
                                            "Plans": [
                                                {
                                                    "Node Type": "Nested Loop",
                                                    "Parent Relationship": "Outer",
                                                    "Parallel Aware": false,
                                                    "Join Type": "Inner",
                                                    "Startup Cost": 12.63,
                                                    "Total Cost": 8051.51,
                                                    "Plan Rows": 1,
                                                    "Plan Width": 65,
                                                    "Actual Startup Time": 14.357,
                                                    "Actual Total Time": 1091.646,
                                                    "Actual Rows": 11334,
                                                    "Actual Loops": 1,
                                                    "Output": [
                                                        "cn.name",
                                                        "mc.movie_id",
                                                        "mc.company_type_id",
                                                        "mi_idx.info",
                                                        "mi_idx.movie_id",
                                                        "mk.movie_id",
                                                        "t.title",
                                                        "t.kind_id",
                                                        "t.id"
                                                    ],
                                                    "Inner Unique": true,
                                                    "Plans": [
                                                        {
                                                            "Node Type": "Nested Loop",
                                                            "Parent Relationship": "Outer",
                                                            "Parallel Aware": false,
                                                            "Join Type": "Inner",
                                                            "Startup Cost": 12.17,
                                                            "Total Cost": 8047.04,
                                                            "Plan Rows": 1,
                                                            "Plan Width": 50,
                                                            "Actual Startup Time": 14.283,
                                                            "Actual Total Time": 976.909,
                                                            "Actual Rows": 12479,
                                                            "Actual Loops": 1,
                                                            "Output": [
                                                                "mi_idx.info",
                                                                "mi_idx.movie_id",
                                                                "mc.movie_id",
                                                                "mc.company_type_id",
                                                                "mc.company_id",
                                                                "mk.movie_id",
                                                                "t.title",
                                                                "t.kind_id",
                                                                "t.id"
                                                            ],
                                                            "Inner Unique": false,
                                                            "Join Filter": "(t.id = mc.movie_id)",
                                                            "Rows Removed by Join Filter": 0,
                                                            "Plans": [
                                                                {
                                                                    "Node Type": "Nested Loop",
                                                                    "Parent Relationship": "Outer",
                                                                    "Parallel Aware": false,
                                                                    "Join Type": "Inner",
                                                                    "Startup Cost": 11.7,
                                                                    "Total Cost": 8042.47,
                                                                    "Plan Rows": 1,
                                                                    "Plan Width": 38,
                                                                    "Actual Startup Time": 13.159,
                                                                    "Actual Total Time": 853.259,
                                                                    "Actual Rows": 4945,
                                                                    "Actual Loops": 1,
                                                                    "Output": [
                                                                        "mi_idx.info",
                                                                        "mi_idx.movie_id",
                                                                        "mk.movie_id",
                                                                        "t.title",
                                                                        "t.kind_id",
                                                                        "t.id"
                                                                    ],
                                                                    "Inner Unique": true,
                                                                    "Plans": [
                                                                        {
                                                                            "Node Type": "Nested Loop",
                                                                            "Parent Relationship": "Outer",
                                                                            "Parallel Aware": false,
                                                                            "Join Type": "Inner",
                                                                            "Startup Cost": 11.25,
                                                                            "Total Cost": 8024.62,
                                                                            "Plan Rows": 4,
                                                                            "Plan Width": 13,
                                                                            "Actual Startup Time": 13.078,
                                                                            "Actual Total Time": 533.723,
                                                                            "Actual Rows": 31800,
                                                                            "Actual Loops": 1,
                                                                            "Output": [
                                                                                "mi_idx.info",
                                                                                "mi_idx.movie_id",
                                                                                "mk.movie_id"
                                                                            ],
                                                                            "Inner Unique": false,
                                                                            "Join Filter": "(mi_idx.info_type_id = it2.id)",
                                                                            "Rows Removed by Join Filter": 62093,
                                                                            "Plans": [
                                                                                {
                                                                                    "Node Type": "Seq Scan",
                                                                                    "Parent Relationship": "Outer",
                                                                                    "Parallel Aware": false,
                                                                                    "Relation Name": "info_type",
                                                                                    "Schema": "public",
                                                                                    "Alias": "it2",
                                                                                    "Startup Cost": 0.0,
                                                                                    "Total Cost": 2.41,
                                                                                    "Plan Rows": 1,
                                                                                    "Plan Width": 4,
                                                                                    "Actual Startup Time": 0.047,
                                                                                    "Actual Total Time": 0.05,
                                                                                    "Actual Rows": 1,
                                                                                    "Actual Loops": 1,
                                                                                    "Output": [
                                                                                        "it2.id",
                                                                                        "it2.info"
                                                                                    ],
                                                                                    "Filter": "((it2.info)::text = 'rating'::text)",
                                                                                    "Rows Removed by Filter": 112
                                                                                },
                                                                                {
                                                                                    "Node Type": "Nested Loop",
                                                                                    "Parent Relationship": "Inner",
                                                                                    "Parallel Aware": false,
                                                                                    "Join Type": "Inner",
                                                                                    "Startup Cost": 11.25,
                                                                                    "Total Cost": 8017.15,
                                                                                    "Plan Rows": 405,
                                                                                    "Plan Width": 17,
                                                                                    "Actual Startup Time": 13.023,
                                                                                    "Actual Total Time": 519.073,
                                                                                    "Actual Rows": 93893,
                                                                                    "Actual Loops": 1,
                                                                                    "Output": [
                                                                                        "mk.movie_id",
                                                                                        "mi_idx.info",
                                                                                        "mi_idx.movie_id",
                                                                                        "mi_idx.info_type_id"
                                                                                    ],
                                                                                    "Inner Unique": false,
                                                                                    "Plans": [
                                                                                        {
                                                                                            "Node Type": "Nested Loop",
                                                                                            "Parent Relationship": "Outer",
                                                                                            "Parallel Aware": false,
                                                                                            "Join Type": "Inner",
                                                                                            "Startup Cost": 10.8,
                                                                                            "Total Cost": 7405.43,
                                                                                            "Plan Rows": 135,
                                                                                            "Plan Width": 4,
                                                                                            "Actual Startup Time": 12.936,
                                                                                            "Actual Total Time": 135.79,
                                                                                            "Actual Rows": 37091,
                                                                                            "Actual Loops": 1,
                                                                                            "Output": [
                                                                                                "mk.movie_id"
                                                                                            ],
                                                                                            "Inner Unique": false,
                                                                                            "Plans": [
                                                                                                {
                                                                                                    "Node Type": "Seq Scan",
                                                                                                    "Parent Relationship": "Outer",
                                                                                                    "Parallel Aware": false,
                                                                                                    "Relation Name": "keyword",
                                                                                                    "Schema": "public",
                                                                                                    "Alias": "k",
                                                                                                    "Startup Cost": 0.0,
                                                                                                    "Total Cost": 2961.55,
                                                                                                    "Plan Rows": 4,
                                                                                                    "Plan Width": 4,
                                                                                                    "Actual Startup Time": 3.304,
                                                                                                    "Actual Total Time": 24.902,
                                                                                                    "Actual Rows": 3,
                                                                                                    "Actual Loops": 1,
                                                                                                    "Output": [
                                                                                                        "k.id",
                                                                                                        "k.keyword",
                                                                                                        "k.phonetic_code"
                                                                                                    ],
                                                                                                    "Filter": "(k.keyword = ANY ('{murder,murder-in-title,blood,violence}'::text[]))",
                                                                                                    "Rows Removed by Filter": 134167
                                                                                                },
                                                                                                {
                                                                                                    "Node Type": "Bitmap Heap Scan",
                                                                                                    "Parent Relationship": "Inner",
                                                                                                    "Parallel Aware": false,
                                                                                                    "Relation Name": "movie_keyword",
                                                                                                    "Schema": "public",
                                                                                                    "Alias": "mk",
                                                                                                    "Startup Cost": 10.8,
                                                                                                    "Total Cost": 1107.92,
                                                                                                    "Plan Rows": 305,
                                                                                                    "Plan Width": 8,
                                                                                                    "Actual Startup Time": 5.719,
                                                                                                    "Actual Total Time": 34.225,
                                                                                                    "Actual Rows": 12364,
                                                                                                    "Actual Loops": 3,
                                                                                                    "Output": [
                                                                                                        "mk.id",
                                                                                                        "mk.movie_id",
                                                                                                        "mk.keyword_id"
                                                                                                    ],
                                                                                                    "Recheck Cond": "(mk.keyword_id = k.id)",
                                                                                                    "Rows Removed by Index Recheck": 0,
                                                                                                    "Exact Heap Blocks": 26312,
                                                                                                    "Lossy Heap Blocks": 0,
                                                                                                    "Plans": [
                                                                                                        {
                                                                                                            "Node Type": "Bitmap Index Scan",
                                                                                                            "Parent Relationship": "Outer",
                                                                                                            "Parallel Aware": false,
                                                                                                            "Index Name": "keyword_id_movie_keyword",
                                                                                                            "Startup Cost": 0.0,
                                                                                                            "Total Cost": 10.72,
                                                                                                            "Plan Rows": 305,
                                                                                                            "Plan Width": 0,
                                                                                                            "Actual Startup Time": 3.571,
                                                                                                            "Actual Total Time": 3.571,
                                                                                                            "Actual Rows": 12364,
                                                                                                            "Actual Loops": 3,
                                                                                                            "Index Cond": "(mk.keyword_id = k.id)"
                                                                                                        }
                                                                                                    ]
                                                                                                }
                                                                                            ]
                                                                                        },
                                                                                        {
                                                                                            "Node Type": "Bitmap Heap Scan",
                                                                                            "Parent Relationship": "Inner",
                                                                                            "Parallel Aware": false,
                                                                                            "Relation Name": "movie_info_idx",
                                                                                            "Schema": "public",
                                                                                            "Alias": "mi_idx",
                                                                                            "Startup Cost": 0.46,
                                                                                            "Total Cost": 4.5,
                                                                                            "Plan Rows": 3,
                                                                                            "Plan Width": 13,
                                                                                            "Actual Startup Time": 0.007,
                                                                                            "Actual Total Time": 0.007,
                                                                                            "Actual Rows": 3,
                                                                                            "Actual Loops": 37091,
                                                                                            "Output": [
                                                                                                "mi_idx.id",
                                                                                                "mi_idx.movie_id",
                                                                                                "mi_idx.info_type_id",
                                                                                                "mi_idx.info",
                                                                                                "mi_idx.note"
                                                                                            ],
                                                                                            "Recheck Cond": "(mi_idx.movie_id = mk.movie_id)",
                                                                                            "Rows Removed by Index Recheck": 0,
                                                                                            "Filter": "(mi_idx.info < '8.5'::text)",
                                                                                            "Rows Removed by Filter": 0,
                                                                                            "Exact Heap Blocks": 32895,
                                                                                            "Lossy Heap Blocks": 0,
                                                                                            "Plans": [
                                                                                                {
                                                                                                    "Node Type": "Bitmap Index Scan",
                                                                                                    "Parent Relationship": "Outer",
                                                                                                    "Parallel Aware": false,
                                                                                                    "Index Name": "movie_id_movie_info_idx",
                                                                                                    "Startup Cost": 0.0,
                                                                                                    "Total Cost": 0.46,
                                                                                                    "Plan Rows": 3,
                                                                                                    "Plan Width": 0,
                                                                                                    "Actual Startup Time": 0.004,
                                                                                                    "Actual Total Time": 0.004,
                                                                                                    "Actual Rows": 3,
                                                                                                    "Actual Loops": 37091,
                                                                                                    "Index Cond": "(mi_idx.movie_id = mk.movie_id)"
                                                                                                }
                                                                                            ]
                                                                                        }
                                                                                    ]
                                                                                }
                                                                            ]
                                                                        },
                                                                        {
                                                                            "Node Type": "Bitmap Heap Scan",
                                                                            "Parent Relationship": "Inner",
                                                                            "Parallel Aware": false,
                                                                            "Relation Name": "title",
                                                                            "Schema": "public",
                                                                            "Alias": "t",
                                                                            "Startup Cost": 0.45,
                                                                            "Total Cost": 4.46,
                                                                            "Plan Rows": 1,
                                                                            "Plan Width": 25,
                                                                            "Actual Startup Time": 0.007,
                                                                            "Actual Total Time": 0.007,
                                                                            "Actual Rows": 0,
                                                                            "Actual Loops": 31800,
                                                                            "Output": [
                                                                                "t.id",
                                                                                "t.title",
                                                                                "t.imdb_index",
                                                                                "t.kind_id",
                                                                                "t.production_year",
                                                                                "t.imdb_id",
                                                                                "t.phonetic_code",
                                                                                "t.episode_of_id",
                                                                                "t.season_nr",
                                                                                "t.episode_nr",
                                                                                "t.series_years",
                                                                                "t.md5sum"
                                                                            ],
                                                                            "Recheck Cond": "(t.id = mk.movie_id)",
                                                                            "Rows Removed by Index Recheck": 0,
                                                                            "Filter": "(t.production_year > 2007)",
                                                                            "Rows Removed by Filter": 1,
                                                                            "Exact Heap Blocks": 31800,
                                                                            "Lossy Heap Blocks": 0,
                                                                            "Plans": [
                                                                                {
                                                                                    "Node Type": "Bitmap Index Scan",
                                                                                    "Parent Relationship": "Outer",
                                                                                    "Parallel Aware": false,
                                                                                    "Index Name": "title_pkey",
                                                                                    "Startup Cost": 0.0,
                                                                                    "Total Cost": 0.45,
                                                                                    "Plan Rows": 1,
                                                                                    "Plan Width": 0,
                                                                                    "Actual Startup Time": 0.004,
                                                                                    "Actual Total Time": 0.004,
                                                                                    "Actual Rows": 1,
                                                                                    "Actual Loops": 31800,
                                                                                    "Index Cond": "(t.id = mk.movie_id)"
                                                                                }
                                                                            ]
                                                                        }
                                                                    ]
                                                                },
                                                                {
                                                                    "Node Type": "Bitmap Heap Scan",
                                                                    "Parent Relationship": "Inner",
                                                                    "Parallel Aware": false,
                                                                    "Relation Name": "movie_companies",
                                                                    "Schema": "public",
                                                                    "Alias": "mc",
                                                                    "Startup Cost": 0.48,
                                                                    "Total Cost": 4.56,
                                                                    "Plan Rows": 1,
                                                                    "Plan Width": 12,
                                                                    "Actual Startup Time": 0.018,
                                                                    "Actual Total Time": 0.021,
                                                                    "Actual Rows": 3,
                                                                    "Actual Loops": 4945,
                                                                    "Output": [
                                                                        "mc.id",
                                                                        "mc.movie_id",
                                                                        "mc.company_id",
                                                                        "mc.company_type_id",
                                                                        "mc.note"
                                                                    ],
                                                                    "Recheck Cond": "(mc.movie_id = mk.movie_id)",
                                                                    "Rows Removed by Index Recheck": 0,
                                                                    "Filter": "((mc.note !~~ '%(USA)%'::text) AND (mc.note ~~ '%(200%)%'::text))",
                                                                    "Rows Removed by Filter": 9,
                                                                    "Exact Heap Blocks": 9244,
                                                                    "Lossy Heap Blocks": 0,
                                                                    "Plans": [
                                                                        {
                                                                            "Node Type": "Bitmap Index Scan",
                                                                            "Parent Relationship": "Outer",
                                                                            "Parallel Aware": false,
                                                                            "Index Name": "movie_id_movie_companies",
                                                                            "Startup Cost": 0.0,
                                                                            "Total Cost": 0.48,
                                                                            "Plan Rows": 5,
                                                                            "Plan Width": 0,
                                                                            "Actual Startup Time": 0.009,
                                                                            "Actual Total Time": 0.009,
                                                                            "Actual Rows": 12,
                                                                            "Actual Loops": 4945,
                                                                            "Index Cond": "(mc.movie_id = mk.movie_id)"
                                                                        }
                                                                    ]
                                                                }
                                                            ]
                                                        },
                                                        {
                                                            "Node Type": "Bitmap Heap Scan",
                                                            "Parent Relationship": "Inner",
                                                            "Parallel Aware": false,
                                                            "Relation Name": "company_name",
                                                            "Schema": "public",
                                                            "Alias": "cn",
                                                            "Startup Cost": 0.45,
                                                            "Total Cost": 4.47,
                                                            "Plan Rows": 1,
                                                            "Plan Width": 23,
                                                            "Actual Startup Time": 0.006,
                                                            "Actual Total Time": 0.006,
                                                            "Actual Rows": 1,
                                                            "Actual Loops": 12479,
                                                            "Output": [
                                                                "cn.id",
                                                                "cn.name",
                                                                "cn.country_code",
                                                                "cn.imdb_id",
                                                                "cn.name_pcode_nf",
                                                                "cn.name_pcode_sf",
                                                                "cn.md5sum"
                                                            ],
                                                            "Recheck Cond": "(cn.id = mc.company_id)",
                                                            "Rows Removed by Index Recheck": 0,
                                                            "Filter": "((cn.country_code)::text <> '[us]'::text)",
                                                            "Rows Removed by Filter": 0,
                                                            "Exact Heap Blocks": 12479,
                                                            "Lossy Heap Blocks": 0,
                                                            "Plans": [
                                                                {
                                                                    "Node Type": "Bitmap Index Scan",
                                                                    "Parent Relationship": "Outer",
                                                                    "Parallel Aware": false,
                                                                    "Index Name": "company_name_pkey",
                                                                    "Startup Cost": 0.0,
                                                                    "Total Cost": 0.45,
                                                                    "Plan Rows": 1,
                                                                    "Plan Width": 0,
                                                                    "Actual Startup Time": 0.004,
                                                                    "Actual Total Time": 0.004,
                                                                    "Actual Rows": 1,
                                                                    "Actual Loops": 12479,
                                                                    "Index Cond": "(cn.id = mc.company_id)"
                                                                }
                                                            ]
                                                        }
                                                    ]
                                                },
                                                {
                                                    "Node Type": "Seq Scan",
                                                    "Parent Relationship": "Inner",
                                                    "Parallel Aware": false,
                                                    "Relation Name": "company_type",
                                                    "Schema": "public",
                                                    "Alias": "ct",
                                                    "Startup Cost": 0.0,
                                                    "Total Cost": 1.04,
                                                    "Plan Rows": 4,
                                                    "Plan Width": 4,
                                                    "Actual Startup Time": 0.001,
                                                    "Actual Total Time": 0.001,
                                                    "Actual Rows": 1,
                                                    "Actual Loops": 11334,
                                                    "Output": [
                                                        "ct.id",
                                                        "ct.kind"
                                                    ]
                                                }
                                            ]
                                        },
                                        {
                                            "Node Type": "Bitmap Heap Scan",
                                            "Parent Relationship": "Inner",
                                            "Parallel Aware": false,
                                            "Relation Name": "movie_info",
                                            "Schema": "public",
                                            "Alias": "mi",
                                            "Startup Cost": 0.79,
                                            "Total Cost": 5.82,
                                            "Plan Rows": 2,
                                            "Plan Width": 8,
                                            "Actual Startup Time": 0.074,
                                            "Actual Total Time": 0.089,
                                            "Actual Rows": 1,
                                            "Actual Loops": 11334,
                                            "Output": [
                                                "mi.id",
                                                "mi.movie_id",
                                                "mi.info_type_id",
                                                "mi.info",
                                                "mi.note"
                                            ],
                                            "Recheck Cond": "(mi.movie_id = mk.movie_id)",
                                            "Rows Removed by Index Recheck": 0,
                                            "Filter": "(mi.info = ANY ('{Sweden,Norway,Germany,Denmark,Swedish,Danish,Norwegian,German,USA,American}'::text[]))",
                                            "Rows Removed by Filter": 178,
                                            "Exact Heap Blocks": 231651,
                                            "Lossy Heap Blocks": 0,
                                            "Plans": [
                                                {
                                                    "Node Type": "Bitmap Index Scan",
                                                    "Parent Relationship": "Outer",
                                                    "Parallel Aware": false,
                                                    "Index Name": "movie_id_movie_info",
                                                    "Startup Cost": 0.0,
                                                    "Total Cost": 0.79,
                                                    "Plan Rows": 41,
                                                    "Plan Width": 0,
                                                    "Actual Startup Time": 0.011,
                                                    "Actual Total Time": 0.011,
                                                    "Actual Rows": 179,
                                                    "Actual Loops": 11334,
                                                    "Index Cond": "(mi.movie_id = mk.movie_id)"
                                                }
                                            ]
                                        }
                                    ]
                                },
                                {
                                    "Node Type": "Seq Scan",
                                    "Parent Relationship": "Inner",
                                    "Parallel Aware": false,
                                    "Relation Name": "info_type",
                                    "Schema": "public",
                                    "Alias": "it1",
                                    "Startup Cost": 0.0,
                                    "Total Cost": 2.41,
                                    "Plan Rows": 1,
                                    "Plan Width": 4,
                                    "Actual Startup Time": 0.004,
                                    "Actual Total Time": 0.005,
                                    "Actual Rows": 1,
                                    "Actual Loops": 12353,
                                    "Output": [
                                        "it1.id",
                                        "it1.info"
                                    ],
                                    "Filter": "((it1.info)::text = 'countries'::text)",
                                    "Rows Removed by Filter": 21
                                }
                            ]
                        },
                        {
                            "Node Type": "Seq Scan",
                            "Parent Relationship": "Inner",
                            "Parallel Aware": false,
                            "Relation Name": "kind_type",
                            "Schema": "public",
                            "Alias": "kt",
                            "Startup Cost": 0.0,
                            "Total Cost": 1.09,
                            "Plan Rows": 2,
                            "Plan Width": 4,
                            "Actual Startup Time": 0.002,
                            "Actual Total Time": 0.002,
                            "Actual Rows": 1,
                            "Actual Loops": 10687,
                            "Output": [
                                "kt.id",
                                "kt.kind"
                            ],
                            "Filter": "((kt.kind)::text = ANY ('{movie,episode}'::text[]))",
                            "Rows Removed by Filter": 0
                        }
                    ]
                }
            ]
        },
        "Planning Time": 1452.983,
        "Triggers": [],
        "Execution Time": 2320.223
    }
]