{
  "Plan": {
    "Node Type": "Aggregate",
    "Strategy": "Plain",
    "Partial Mode": "Simple",
    "Parallel Aware": false,
    "Startup Cost": 1794429.34,
    "Total Cost": 1794429.35,
    "Plan Rows": 1,
    "Plan Width": 64,
    "Actual Startup Time": 10936.652,
    "Actual Total Time": 10958.81,
    "Actual Rows": 1,
    "Actual Loops": 1,
    "Plans": [
      {
        "Node Type": "Hash Join",
        "Parent Relationship": "Outer",
        "Parallel Aware": false,
        "Join Type": "Inner",
        "Startup Cost": 1660804.75,
        "Total Cost": 1794429.28,
        "Plan Rows": 11,
        "Plan Width": 32,
        "Actual Startup Time": 10367.33,
        "Actual Total Time": 10958.174,
        "Actual Rows": 4113,
        "Actual Loops": 1,
        "Inner Unique": true,
        "Hash Cond": "(ci.role_id = rt.id)",
        "Plans": [
          {
            "Node Type": "Nested Loop",
            "Parent Relationship": "Outer",
            "Parallel Aware": false,
            "Join Type": "Inner",
            "Startup Cost": 1660803.59,
            "Total Cost": 1794427.67,
            "Plan Rows": 127,
            "Plan Width": 36,
            "Actual Startup Time": 10367.304,
            "Actual Total Time": 10957.391,
            "Actual Rows": 4113,
            "Actual Loops": 1,
            "Inner Unique": true,
            "Plans": [
              {
                "Node Type": "Hash Join",
                "Parent Relationship": "Outer",
                "Parallel Aware": false,
                "Join Type": "Inner",
                "Startup Cost": 1660803.17,
                "Total Cost": 1794271.14,
                "Plan Rows": 351,
                "Plan Width": 40,
                "Actual Startup Time": 10367.167,
                "Actual Total Time": 10932.289,
                "Actual Rows": 13425,
                "Actual Loops": 1,
                "Inner Unique": true,
                "Hash Cond": "(mi.info_type_id = it.id)",
                "Plans": [
                  {
                    "Node Type": "Merge Join",
                    "Parent Relationship": "Outer",
                    "Parallel Aware": false,
                    "Join Type": "Inner",
                    "Startup Cost": 1660800.75,
                    "Total Cost": 1794160.63,
                    "Plan Rows": 39686,
                    "Plan Width": 44,
                    "Actual Startup Time": 10367.134,
                    "Actual Total Time": 10929.899,
                    "Actual Rows": 13425,
                    "Actual Loops": 1,
                    "Inner Unique": false,
                    "Merge Cond": "(n.id = ci.person_id)",
                    "Plans": [
                      {
                        "Node Type": "Sort",
                        "Parent Relationship": "Outer",
                        "Parallel Aware": false,
                        "Startup Cost": 80773.37,
                        "Total Cost": 80893.38,
                        "Plan Rows": 48002,
                        "Plan Width": 19,
                        "Actual Startup Time": 291.156,
                        "Actual Total Time": 296.372,
                        "Actual Rows": 49997,
                        "Actual Loops": 1,
                        "Sort Key": [
                          "n.id"
                        ],
                        "Sort Method": "quicksort",
                        "Sort Space Used": 5246,
                        "Sort Space Type": "Memory",
                        "Plans": [
                          {
                            "Node Type": "Gather",
                            "Parent Relationship": "Outer",
                            "Parallel Aware": false,
                            "Startup Cost": 1000.0,
                            "Total Cost": 77041.02,
                            "Plan Rows": 48002,
                            "Plan Width": 19,
                            "Actual Startup Time": 133.823,
                            "Actual Total Time": 276.806,
                            "Actual Rows": 50011,
                            "Actual Loops": 1,
                            "Workers Planned": 4,
                            "Workers Launched": 4,
                            "Single Copy": false,
                            "Plans": [
                              {
                                "Node Type": "Seq Scan",
                                "Parent Relationship": "Outer",
                                "Parallel Aware": true,
                                "Relation Name": "name",
                                "Alias": "n",
                                "Startup Cost": 0.0,
                                "Total Cost": 71240.82,
                                "Plan Rows": 12000,
                                "Plan Width": 19,
                                "Actual Startup Time": 124.385,
                                "Actual Total Time": 268.62,
                                "Actual Rows": 10002,
                                "Actual Loops": 5,
                                "Filter": "((name ~~ '%An%'::text) AND ((gender)::text = 'f'::text))",
                                "Rows Removed by Filter": 823496
                              }
                            ]
                          }
                        ]
                      },
                      {
                        "Node Type": "Materialize",
                        "Parent Relationship": "Inner",
                        "Parallel Aware": false,
                        "Startup Cost": 1580027.35,
                        "Total Cost": 1704142.75,
                        "Plan Rows": 3445438,
                        "Plan Width": 37,
                        "Actual Startup Time": 8822.097,
                        "Actual Total Time": 10429.999,
                        "Actual Rows": 2649720,
                        "Actual Loops": 1,
                        "Plans": [
                          {
                            "Node Type": "Merge Join",
                            "Parent Relationship": "Outer",
                            "Parallel Aware": false,
                            "Join Type": "Inner",
                            "Startup Cost": 1580027.35,
                            "Total Cost": 1695529.15,
                            "Plan Rows": 3445438,
                            "Plan Width": 37,
                            "Actual Startup Time": 8822.079,
                            "Actual Total Time": 9709.365,
                            "Actual Rows": 2649720,
                            "Actual Loops": 1,
                            "Inner Unique": false,
                            "Merge Cond": "(an.person_id = ci.person_id)",
                            "Plans": [
                              {
                                "Node Type": "Index Only Scan",
                                "Parent Relationship": "Outer",
                                "Parallel Aware": false,
                                "Scan Direction": "Forward",
                                "Index Name": "person_id_aka_name",
                                "Relation Name": "aka_name",
                                "Alias": "an",
                                "Startup Cost": 0.42,
                                "Total Cost": 72006.77,
                                "Plan Rows": 901343,
                                "Plan Width": 4,
                                "Actual Startup Time": 0.043,
                                "Actual Total Time": 212.205,
                                "Actual Rows": 578755,
                                "Actual Loops": 1,
                                "Heap Fetches": 578755
                              },
                              {
                                "Node Type": "Sort",
                                "Parent Relationship": "Inner",
                                "Parallel Aware": false,
                                "Startup Cost": 1580017.36,
                                "Total Cost": 1583613.62,
                                "Plan Rows": 1438501,
                                "Plan Width": 33,
                                "Actual Startup Time": 8822.009,
                                "Actual Total Time": 9089.943,
                                "Actual Rows": 3151391,
                                "Actual Loops": 1,
                                "Sort Key": [
                                  "ci.person_id"
                                ],
                                "Sort Method": "quicksort",
                                "Sort Space Used": 157639,
                                "Sort Space Type": "Memory",
                                "Plans": [
                                  {
                                    "Node Type": "Merge Join",
                                    "Parent Relationship": "Outer",
                                    "Parallel Aware": false,
                                    "Join Type": "Inner",
                                    "Startup Cost": 1419170.55,
                                    "Total Cost": 1432886.51,
                                    "Plan Rows": 1438501,
                                    "Plan Width": 33,
                                    "Actual Startup Time": 7710.125,
                                    "Actual Total Time": 8363.028,
                                    "Actual Rows": 1244127,
                                    "Actual Loops": 1,
                                    "Inner Unique": false,
                                    "Merge Cond": "(t.id = mi.movie_id)",
                                    "Plans": [
                                      {
                                        "Node Type": "Sort",
                                        "Parent Relationship": "Outer",
                                        "Parallel Aware": false,
                                        "Startup Cost": 1136769.67,
                                        "Total Cost": 1141276.16,
                                        "Plan Rows": 1802593,
                                        "Plan Width": 41,
                                        "Actual Startup Time": 6832.834,
                                        "Actual Total Time": 7062.738,
                                        "Actual Rows": 1158642,
                                        "Actual Loops": 1,
                                        "Sort Key": [
                                          "ci.movie_id"
                                        ],
                                        "Sort Method": "quicksort",
                                        "Sort Space Used": 165287,
                                        "Sort Space Type": "Memory",
                                        "Plans": [
                                          {
                                            "Node Type": "Merge Join",
                                            "Parent Relationship": "Outer",
                                            "Parallel Aware": false,
                                            "Join Type": "Inner",
                                            "Startup Cost": 800268.52,
                                            "Total Cost": 949465.46,
                                            "Plan Rows": 1802593,
                                            "Plan Width": 41,
                                            "Actual Startup Time": 3577.707,
                                            "Actual Total Time": 6361.972,
                                            "Actual Rows": 1158642,
                                            "Actual Loops": 1,
                                            "Inner Unique": false,
                                            "Merge Cond": "(chn.id = ci.person_role_id)",
                                            "Plans": [
                                              {
                                                "Node Type": "Index Only Scan",
                                                "Parent Relationship": "Outer",
                                                "Parallel Aware": false,
                                                "Scan Direction": "Forward",
                                                "Index Name": "char_name_pkey",
                                                "Relation Name": "char_name",
                                                "Alias": "chn",
                                                "Startup Cost": 0.43,
                                                "Total Cost": 128716.85,
                                                "Plan Rows": 3140339,
                                                "Plan Width": 4,
                                                "Actual Startup Time": 0.018,
                                                "Actual Total Time": 1946.244,
                                                "Actual Rows": 3139934,
                                                "Actual Loops": 1,
                                                "Heap Fetches": 3139934
                                              },
                                              {
                                                "Node Type": "Sort",
                                                "Parent Relationship": "Inner",
                                                "Parallel Aware": false,
                                                "Startup Cost": 799847.95,
                                                "Total Cost": 804354.43,
                                                "Plan Rows": 1802593,
                                                "Plan Width": 45,
                                                "Actual Startup Time": 3577.664,
                                                "Actual Total Time": 3953.581,
                                                "Actual Rows": 1158643,
                                                "Actual Loops": 1,
                                                "Sort Key": [
                                                  "ci.person_role_id"
                                                ],
                                                "Sort Method": "quicksort",
                                                "Sort Space Used": 185789,
                                                "Sort Space Type": "Memory",
                                                "Plans": [
                                                  {
                                                    "Node Type": "Gather",
                                                    "Parent Relationship": "Outer",
                                                    "Parallel Aware": false,
                                                    "Startup Cost": 396093.25,
                                                    "Total Cost": 612543.73,
                                                    "Plan Rows": 1802593,
                                                    "Plan Width": 45,
                                                    "Actual Startup Time": 2395.824,
                                                    "Actual Total Time": 3120.366,
                                                    "Actual Rows": 1278456,
                                                    "Actual Loops": 1,
                                                    "Workers Planned": 3,
                                                    "Workers Launched": 3,
                                                    "Single Copy": false,
                                                    "Plans": [
                                                      {
                                                        "Node Type": "Hash Join",
                                                        "Parent Relationship": "Outer",
                                                        "Parallel Aware": true,
                                                        "Join Type": "Inner",
                                                        "Startup Cost": 395093.25,
                                                        "Total Cost": 431284.43,
                                                        "Plan Rows": 581482,
                                                        "Plan Width": 45,
                                                        "Actual Startup Time": 2385.999,
                                                        "Actual Total Time": 3100.803,
                                                        "Actual Rows": 319614,
                                                        "Actual Loops": 4,
                                                        "Inner Unique": false,
                                                        "Hash Cond": "(t.id = ci.movie_id)",
                                                        "Plans": [
                                                          {
                                                            "Node Type": "Hash Join",
                                                            "Parent Relationship": "Outer",
                                                            "Parallel Aware": true,
                                                            "Join Type": "Inner",
                                                            "Startup Cost": 49908.71,
                                                            "Total Cost": 79324.6,
                                                            "Plan Rows": 640190,
                                                            "Plan Width": 29,
                                                            "Actual Startup Time": 537.038,
                                                            "Actual Total Time": 1010.124,
                                                            "Actual Rows": 543826,
                                                            "Actual Loops": 4,
                                                            "Inner Unique": true,
                                                            "Hash Cond": "(mc.movie_id = t.id)",
                                                            "Plans": [
                                                              {
                                                                "Node Type": "Seq Scan",
                                                                "Parent Relationship": "Outer",
                                                                "Parallel Aware": true,
                                                                "Relation Name": "movie_companies",
                                                                "Alias": "mc",
                                                                "Startup Cost": 0.0,
                                                                "Total Cost": 27206.55,
                                                                "Plan Rows": 841655,
                                                                "Plan Width": 8,
                                                                "Actual Startup Time": 0.025,
                                                                "Actual Total Time": 125.332,
                                                                "Actual Rows": 652282,
                                                                "Actual Loops": 4
                                                              },
                                                              {
                                                                "Node Type": "Hash",
                                                                "Parent Relationship": "Inner",
                                                                "Parallel Aware": true,
                                                                "Startup Cost": 43898.97,
                                                                "Total Cost": 43898.97,
                                                                "Plan Rows": 480779,
                                                                "Plan Width": 21,
                                                                "Actual Startup Time": 531.641,
                                                                "Actual Total Time": 531.642,
                                                                "Actual Rows": 480712,
                                                                "Actual Loops": 4,
                                                                "Hash Buckets": 2097152,
                                                                "Original Hash Buckets": 2097152,
                                                                "Hash Batches": 1,
                                                                "Original Hash Batches": 1,
                                                                "Peak Memory Usage": 124480,
                                                                "Plans": [
                                                                  {
                                                                    "Node Type": "Seq Scan",
                                                                    "Parent Relationship": "Outer",
                                                                    "Parallel Aware": true,
                                                                    "Relation Name": "title",
                                                                    "Alias": "t",
                                                                    "Startup Cost": 0.0,
                                                                    "Total Cost": 43898.97,
                                                                    "Plan Rows": 480779,
                                                                    "Plan Width": 21,
                                                                    "Actual Startup Time": 0.065,
                                                                    "Actual Total Time": 213.843,
                                                                    "Actual Rows": 480712,
                                                                    "Actual Loops": 4,
                                                                    "Filter": "(production_year < 2010)",
                                                                    "Rows Removed by Filter": 151366
                                                                  }
                                                                ]
                                                              }
                                                            ]
                                                          },
                                                          {
                                                            "Node Type": "Hash",
                                                            "Parent Relationship": "Inner",
                                                            "Parallel Aware": true,
                                                            "Startup Cost": 343341.24,
                                                            "Total Cost": 343341.24,
                                                            "Plan Rows": 147464,
                                                            "Plan Width": 16,
                                                            "Actual Startup Time": 1844.627,
                                                            "Actual Total Time": 1844.628,
                                                            "Actual Rows": 216869,
                                                            "Actual Loops": 4,
                                                            "Hash Buckets": 1048576,
                                                            "Original Hash Buckets": 1048576,
                                                            "Hash Batches": 1,
                                                            "Original Hash Batches": 1,
                                                            "Peak Memory Usage": 48960,
                                                            "Plans": [
                                                              {
                                                                "Node Type": "Seq Scan",
                                                                "Parent Relationship": "Outer",
                                                                "Parallel Aware": true,
                                                                "Relation Name": "cast_info",
                                                                "Alias": "ci",
                                                                "Startup Cost": 0.0,
                                                                "Total Cost": 343341.24,
                                                                "Plan Rows": 147464,
                                                                "Plan Width": 16,
                                                                "Actual Startup Time": 0.168,
                                                                "Actual Total Time": 1744.191,
                                                                "Actual Rows": 216869,
                                                                "Actual Loops": 4,
                                                                "Filter": "(note = ANY ('{(voice),\"(voice: Japanese version)\",\"(voice) (uncredited)\",\"(voice: English version)\"}'::text[]))",
                                                                "Rows Removed by Filter": 8844217
                                                              }
                                                            ]
                                                          }
                                                        ]
                                                      }
                                                    ]
                                                  }
                                                ]
                                              }
                                            ]
                                          }
                                        ]
                                      },
                                      {
                                        "Node Type": "Sort",
                                        "Parent Relationship": "Inner",
                                        "Parallel Aware": false,
                                        "Startup Cost": 282400.78,
                                        "Total Cost": 283371.63,
                                        "Plan Rows": 388337,
                                        "Plan Width": 8,
                                        "Actual Startup Time": 877.192,
                                        "Actual Total Time": 955.725,
                                        "Actual Rows": 1670712,
                                        "Actual Loops": 1,
                                        "Sort Key": [
                                          "mi.movie_id"
                                        ],
                                        "Sort Method": "quicksort",
                                        "Sort Space Used": 33434,
                                        "Sort Space Type": "Memory",
                                        "Plans": [
                                          {
                                            "Node Type": "Gather",
                                            "Parent Relationship": "Outer",
                                            "Parallel Aware": false,
                                            "Startup Cost": 1000.0,
                                            "Total Cost": 246349.62,
                                            "Plan Rows": 388337,
                                            "Plan Width": 8,
                                            "Actual Startup Time": 98.988,
                                            "Actual Total Time": 737.264,
                                            "Actual Rows": 451104,
                                            "Actual Loops": 1,
                                            "Workers Planned": 5,
                                            "Workers Launched": 5,
                                            "Single Copy": false,
                                            "Plans": [
                                              {
                                                "Node Type": "Seq Scan",
                                                "Parent Relationship": "Outer",
                                                "Parallel Aware": true,
                                                "Relation Name": "movie_info",
                                                "Alias": "mi",
                                                "Startup Cost": 0.0,
                                                "Total Cost": 206515.92,
                                                "Plan Rows": 77667,
                                                "Plan Width": 8,
                                                "Actual Startup Time": 88.513,
                                                "Actual Total Time": 738.77,
                                                "Actual Rows": 75184,
                                                "Actual Loops": 6,
                                                "Filter": "((info IS NOT NULL) AND ((info ~~ 'Japan:%200%'::text) OR (info ~~ 'USA:%200%'::text)))",
                                                "Rows Removed by Filter": 2397436
                                              }
                                            ]
                                          }
                                        ]
                                      }
                                    ]
                                  }
                                ]
                              }
                            ]
                          }
                        ]
                      }
                    ]
                  },
                  {
                    "Node Type": "Hash",
                    "Parent Relationship": "Inner",
                    "Parallel Aware": false,
                    "Startup Cost": 2.41,
                    "Total Cost": 2.41,
                    "Plan Rows": 1,
                    "Plan Width": 4,
                    "Actual Startup Time": 0.015,
                    "Actual Total Time": 0.017,
                    "Actual Rows": 1,
                    "Actual Loops": 1,
                    "Hash Buckets": 1024,
                    "Original Hash Buckets": 1024,
                    "Hash Batches": 1,
                    "Original Hash Batches": 1,
                    "Peak Memory Usage": 9,
                    "Plans": [
                      {
                        "Node Type": "Seq Scan",
                        "Parent Relationship": "Outer",
                        "Parallel Aware": false,
                        "Relation Name": "info_type",
                        "Alias": "it",
                        "Startup Cost": 0.0,
                        "Total Cost": 2.41,
                        "Plan Rows": 1,
                        "Plan Width": 4,
                        "Actual Startup Time": 0.009,
                        "Actual Total Time": 0.014,
                        "Actual Rows": 1,
                        "Actual Loops": 1,
                        "Filter": "((info)::text = 'release dates'::text)",
                        "Rows Removed by Filter": 112
                      }
                    ]
                  }
                ]
              },
              {
                "Node Type": "Index Scan",
                "Parent Relationship": "Inner",
                "Parallel Aware": false,
                "Scan Direction": "Forward",
                "Index Name": "company_name_pkey",
                "Relation Name": "company_name",
                "Alias": "cn",
                "Startup Cost": 0.42,
                "Total Cost": 0.45,
                "Plan Rows": 1,
                "Plan Width": 4,
                "Actual Startup Time": 0.002,
                "Actual Total Time": 0.002,
                "Actual Rows": 0,
                "Actual Loops": 13425,
                "Index Cond": "(id = mc.company_id)",
                "Rows Removed by Index Recheck": 0,
                "Filter": "((country_code)::text = '[us]'::text)",
                "Rows Removed by Filter": 1
              }
            ]
          },
          {
            "Node Type": "Hash",
            "Parent Relationship": "Inner",
            "Parallel Aware": false,
            "Startup Cost": 1.15,
            "Total Cost": 1.15,
            "Plan Rows": 1,
            "Plan Width": 4,
            "Actual Startup Time": 0.017,
            "Actual Total Time": 0.017,
            "Actual Rows": 1,
            "Actual Loops": 1,
            "Hash Buckets": 1024,
            "Original Hash Buckets": 1024,
            "Hash Batches": 1,
            "Original Hash Batches": 1,
            "Peak Memory Usage": 9,
            "Plans": [
              {
                "Node Type": "Seq Scan",
                "Parent Relationship": "Outer",
                "Parallel Aware": false,
                "Relation Name": "role_type",
                "Alias": "rt",
                "Startup Cost": 0.0,
                "Total Cost": 1.15,
                "Plan Rows": 1,
                "Plan Width": 4,
                "Actual Startup Time": 0.014,
                "Actual Total Time": 0.015,
                "Actual Rows": 1,
                "Actual Loops": 1,
                "Filter": "((role)::text = 'actress'::text)",
                "Rows Removed by Filter": 11
              }
            ]
          }
        ]
      }
    ]
  },
  "Planning Time": 9.093,
  "Triggers": [],
  "Execution Time": 10994.574
}