[
  {
    "Plan": {
      "Node Type": "Aggregate",
      "Strategy": "Plain",
      "Partial Mode": "Finalize",
      "Parallel Aware": false,
      "Startup Cost": 295941.01,
      "Total Cost": 295941.02,
      "Plan Rows": 1,
      "Plan Width": 8,
      "Actual Startup Time": 1157.701,
      "Actual Total Time": 1208.827,
      "Actual Rows": 1,
      "Actual Loops": 1,
      "Plans": [
        {
          "Node Type": "Gather",
          "Parent Relationship": "Outer",
          "Parallel Aware": false,
          "Startup Cost": 295940.49,
          "Total Cost": 295941.0,
          "Plan Rows": 5,
          "Plan Width": 8,
          "Actual Startup Time": 1152.591,
          "Actual Total Time": 1208.814,
          "Actual Rows": 6,
          "Actual Loops": 1,
          "Workers Planned": 5,
          "Workers Launched": 5,
          "Single Copy": false,
          "Plans": [
            {
              "Node Type": "Aggregate",
              "Strategy": "Plain",
              "Partial Mode": "Partial",
              "Parent Relationship": "Outer",
              "Parallel Aware": false,
              "Startup Cost": 294940.49,
              "Total Cost": 294940.5,
              "Plan Rows": 1,
              "Plan Width": 8,
              "Actual Startup Time": 1142.188,
              "Actual Total Time": 1142.274,
              "Actual Rows": 1,
              "Actual Loops": 6,
              "Plans": [
                {
                  "Node Type": "Hash Join",
                  "Parent Relationship": "Outer",
                  "Parallel Aware": true,
                  "Join Type": "Inner",
                  "Startup Cost": 90499.59,
                  "Total Cost": 294157.71,
                  "Plan Rows": 313112,
                  "Plan Width": 0,
                  "Actual Startup Time": 266.568,
                  "Actual Total Time": 1046.171,
                  "Actual Rows": 2312342,
                  "Actual Loops": 6,
                  "Inner Unique": false,
                  "Hash Cond": "(mi.movie_id = t.id)",
                  "Plans": [
                    {
                      "Node Type": "Seq Scan",
                      "Parent Relationship": "Outer",
                      "Parallel Aware": true,
                      "Relation Name": "movie_info",
                      "Alias": "mi",
                      "Startup Cost": 0.0,
                      "Total Cost": 191560.33,
                      "Plan Rows": 2956733,
                      "Plan Width": 4,
                      "Actual Startup Time": 0.033,
                      "Actual Total Time": 299.339,
                      "Actual Rows": 2472620,
                      "Actual Loops": 6
                    },
                    {
                      "Node Type": "Hash",
                      "Parent Relationship": "Inner",
                      "Parallel Aware": true,
                      "Startup Cost": 89419.99,
                      "Total Cost": 89419.99,
                      "Plan Rows": 86368,
                      "Plan Width": 8,
                      "Actual Startup Time": 262.997,
                      "Actual Total Time": 263.081,
                      "Actual Rows": 62726,
                      "Actual Loops": 6,
                      "Hash Buckets": 524288,
                      "Original Hash Buckets": 524288,
                      "Hash Batches": 1,
                      "Original Hash Batches": 1,
                      "Peak Memory Usage": 18912,
                      "Plans": [
                        {
                          "Node Type": "Hash Join",
                          "Parent Relationship": "Outer",
                          "Parallel Aware": true,
                          "Join Type": "Inner",
                          "Startup Cost": 45763.83,
                          "Total Cost": 89419.99,
                          "Plan Rows": 86368,
                          "Plan Width": 8,
                          "Actual Startup Time": 137.747,
                          "Actual Total Time": 244.508,
                          "Actual Rows": 62726,
                          "Actual Loops": 6,
                          "Inner Unique": true,
                          "Hash Cond": "(mk.movie_id = t.id)",
                          "Plans": [
                            {
                              "Node Type": "Seq Scan",
                              "Parent Relationship": "Outer",
                              "Parallel Aware": true,
                              "Relation Name": "movie_keyword",
                              "Alias": "mk",
                              "Startup Cost": 0.0,
                              "Total Cost": 42695.65,
                              "Plan Rows": 365908,
                              "Plan Width": 4,
                              "Actual Startup Time": 0.026,
                              "Actual Total Time": 70.973,
                              "Actual Rows": 190402,
                              "Actual Loops": 6,
                              "Filter": "(keyword_id < 1301)",
                              "Rows Removed by Filter": 563586
                            },
                            {
                              "Node Type": "Hash",
                              "Parent Relationship": "Inner",
                              "Parallel Aware": true,
                              "Startup Cost": 43898.92,
                              "Total Cost": 43898.92,
                              "Plan Rows": 149193,
                              "Plan Width": 4,
                              "Actual Startup Time": 135.533,
                              "Actual Total Time": 135.534,
                              "Actual Rows": 100568,
                              "Actual Loops": 6,
                              "Hash Buckets": 1048576,
                              "Original Hash Buckets": 1048576,
                              "Hash Batches": 1,
                              "Original Hash Batches": 1,
                              "Peak Memory Usage": 31904,
                              "Plans": [
                                {
                                  "Node Type": "Seq Scan",
                                  "Parent Relationship": "Outer",
                                  "Parallel Aware": true,
                                  "Relation Name": "title",
                                  "Alias": "t",
                                  "Startup Cost": 0.0,
                                  "Total Cost": 43898.92,
                                  "Plan Rows": 149193,
                                  "Plan Width": 4,
                                  "Actual Startup Time": 0.048,
                                  "Actual Total Time": 83.163,
                                  "Actual Rows": 100568,
                                  "Actual Loops": 6,
                                  "Filter": "(production_year < 1986)",
                                  "Rows Removed by Filter": 320817
                                }
                              ]
                            }
                          ]
                        }
                      ]
                    }
                  ]
                }
              ]
            }
          ]
        }
      ]
    },
    "Planning Time": 1.4,
    "Triggers": [],
    "Execution Time": 1208.932
  }
]