[
  {
    "Plan": {
      "Node Type": "Aggregate",
      "Strategy": "Plain",
      "Partial Mode": "Finalize",
      "Parallel Aware": false,
      "Startup Cost": 45202.0,
      "Total Cost": 45202.01,
      "Plan Rows": 1,
      "Plan Width": 8,
      "Actual Startup Time": 141.456,
      "Actual Total Time": 151.079,
      "Actual Rows": 1,
      "Actual Loops": 1,
      "Plans": [
        {
          "Node Type": "Gather",
          "Parent Relationship": "Outer",
          "Parallel Aware": false,
          "Startup Cost": 45201.68,
          "Total Cost": 45201.99,
          "Plan Rows": 3,
          "Plan Width": 8,
          "Actual Startup Time": 141.347,
          "Actual Total Time": 151.071,
          "Actual Rows": 4,
          "Actual Loops": 1,
          "Workers Planned": 3,
          "Workers Launched": 3,
          "Single Copy": false,
          "Plans": [
            {
              "Node Type": "Aggregate",
              "Strategy": "Plain",
              "Partial Mode": "Partial",
              "Parent Relationship": "Outer",
              "Parallel Aware": false,
              "Startup Cost": 44201.68,
              "Total Cost": 44201.69,
              "Plan Rows": 1,
              "Plan Width": 8,
              "Actual Startup Time": 133.358,
              "Actual Total Time": 133.359,
              "Actual Rows": 1,
              "Actual Loops": 4,
              "Plans": [
                {
                  "Node Type": "Seq Scan",
                  "Parent Relationship": "Outer",
                  "Parallel Aware": true,
                  "Relation Name": "movie_keyword",
                  "Alias": "mk",
                  "Startup Cost": 0.0,
                  "Total Cost": 42695.65,
                  "Plan Rows": 602410,
                  "Plan Width": 0,
                  "Actual Startup Time": 0.075,
                  "Actual Total Time": 110.666,
                  "Actual Rows": 468500,
                  "Actual Loops": 4,
                  "Filter": "(keyword_id < 3177)",
                  "Rows Removed by Filter": 662483
                }
              ]
            }
          ]
        }
      ]
    },
    "Planning Time": 0.098,
    "Triggers": [],
    "Execution Time": 151.113
  }
]