[
  {
    "Plan": {
      "Node Type": "Aggregate",
      "Strategy": "Plain",
      "Partial Mode": "Finalize",
      "Parallel Aware": false,
      "Startup Cost": 88447.12,
      "Total Cost": 88447.13,
      "Plan Rows": 1,
      "Plan Width": 8,
      "Actual Startup Time": 258.107,
      "Actual Total Time": 278.566,
      "Actual Rows": 1,
      "Actual Loops": 1,
      "Plans": [
        {
          "Node Type": "Gather",
          "Parent Relationship": "Outer",
          "Parallel Aware": false,
          "Startup Cost": 88446.8,
          "Total Cost": 88447.11,
          "Plan Rows": 3,
          "Plan Width": 8,
          "Actual Startup Time": 256.701,
          "Actual Total Time": 278.557,
          "Actual Rows": 4,
          "Actual Loops": 1,
          "Workers Planned": 3,
          "Workers Launched": 3,
          "Single Copy": false,
          "Plans": [
            {
              "Node Type": "Aggregate",
              "Strategy": "Plain",
              "Partial Mode": "Partial",
              "Parent Relationship": "Outer",
              "Parallel Aware": false,
              "Startup Cost": 87446.8,
              "Total Cost": 87446.81,
              "Plan Rows": 1,
              "Plan Width": 8,
              "Actual Startup Time": 247.406,
              "Actual Total Time": 247.41,
              "Actual Rows": 1,
              "Actual Loops": 4,
              "Plans": [
                {
                  "Node Type": "Nested Loop",
                  "Parent Relationship": "Outer",
                  "Parallel Aware": false,
                  "Join Type": "Inner",
                  "Startup Cost": 46467.98,
                  "Total Cost": 87434.43,
                  "Plan Rows": 4950,
                  "Plan Width": 0,
                  "Actual Startup Time": 159.365,
                  "Actual Total Time": 246.766,
                  "Actual Rows": 8558,
                  "Actual Loops": 4,
                  "Inner Unique": false,
                  "Join Filter": "(t.id = mi_idx.movie_id)",
                  "Rows Removed by Join Filter": 0,
                  "Plans": [
                    {
                      "Node Type": "Hash Join",
                      "Parent Relationship": "Outer",
                      "Parallel Aware": true,
                      "Join Type": "Inner",
                      "Startup Cost": 46467.55,
                      "Total Cost": 78168.07,
                      "Plan Rows": 13616,
                      "Plan Width": 8,
                      "Actual Startup Time": 159.247,
                      "Actual Total Time": 222.575,
                      "Actual Rows": 5049,
                      "Actual Loops": 4,
                      "Inner Unique": true,
                      "Hash Cond": "(mc.movie_id = t.id)",
                      "Plans": [
                        {
                          "Node Type": "Seq Scan",
                          "Parent Relationship": "Outer",
                          "Parallel Aware": true,
                          "Relation Name": "movie_companies",
                          "Alias": "mc",
                          "Startup Cost": 0.0,
                          "Total Cost": 31414.82,
                          "Plan Rows": 108839,
                          "Plan Width": 4,
                          "Actual Startup Time": 0.022,
                          "Actual Total Time": 69.745,
                          "Actual Rows": 121797,
                          "Actual Loops": 4,
                          "Filter": "((company_id < 1153) AND (company_type_id < 2))",
                          "Rows Removed by Filter": 530485
                        },
                        {
                          "Node Type": "Hash",
                          "Parent Relationship": "Inner",
                          "Parallel Aware": true,
                          "Startup Cost": 45479.1,
                          "Total Cost": 45479.1,
                          "Plan Rows": 79076,
                          "Plan Width": 4,
                          "Actual Startup Time": 126.538,
                          "Actual Total Time": 126.539,
                          "Actual Rows": 61197,
                          "Actual Loops": 4,
                          "Hash Buckets": 524288,
                          "Original Hash Buckets": 524288,
                          "Hash Batches": 1,
                          "Original Hash Batches": 1,
                          "Peak Memory Usage": 13728,
                          "Plans": [
                            {
                              "Node Type": "Seq Scan",
                              "Parent Relationship": "Outer",
                              "Parallel Aware": true,
                              "Relation Name": "title",
                              "Alias": "t",
                              "Startup Cost": 0.0,
                              "Total Cost": 45479.1,
                              "Plan Rows": 79076,
                              "Plan Width": 4,
                              "Actual Startup Time": 46.922,
                              "Actual Total Time": 104.325,
                              "Actual Rows": 61197,
                              "Actual Loops": 4,
                              "Filter": "((kind_id < 2) AND (production_year > 2003))",
                              "Rows Removed by Filter": 570881
                            }
                          ]
                        }
                      ]
                    },
                    {
                      "Node Type": "Index Scan",
                      "Parent Relationship": "Inner",
                      "Parallel Aware": false,
                      "Scan Direction": "Forward",
                      "Index Name": "movie_id_movie_info_idx",
                      "Relation Name": "movie_info_idx",
                      "Alias": "mi_idx",
                      "Startup Cost": 0.43,
                      "Total Cost": 0.66,
                      "Plan Rows": 2,
                      "Plan Width": 4,
                      "Actual Startup Time": 0.004,
                      "Actual Total Time": 0.004,
                      "Actual Rows": 2,
                      "Actual Loops": 20195,
                      "Index Cond": "(movie_id = mc.movie_id)",
                      "Rows Removed by Index Recheck": 0,
                      "Filter": "(info_type_id < 101)",
                      "Rows Removed by Filter": 1
                    }
                  ]
                }
              ]
            }
          ]
        }
      ]
    },
    "Planning Time": 1.512,
    "Triggers": [],
    "Execution Time": 278.656
  }
]