[
  {
    "Plan": {
      "Node Type": "Aggregate",
      "Strategy": "Plain",
      "Partial Mode": "Finalize",
      "Parallel Aware": false,
      "Startup Cost": 81089.76,
      "Total Cost": 81089.77,
      "Plan Rows": 1,
      "Plan Width": 8,
      "Actual Startup Time": 500.011,
      "Actual Total Time": 515.5,
      "Actual Rows": 1,
      "Actual Loops": 1,
      "Plans": [
        {
          "Node Type": "Gather",
          "Parent Relationship": "Outer",
          "Parallel Aware": false,
          "Startup Cost": 81089.44,
          "Total Cost": 81089.75,
          "Plan Rows": 3,
          "Plan Width": 8,
          "Actual Startup Time": 494.73,
          "Actual Total Time": 515.488,
          "Actual Rows": 4,
          "Actual Loops": 1,
          "Workers Planned": 3,
          "Workers Launched": 3,
          "Single Copy": false,
          "Plans": [
            {
              "Node Type": "Aggregate",
              "Strategy": "Plain",
              "Partial Mode": "Partial",
              "Parent Relationship": "Outer",
              "Parallel Aware": false,
              "Startup Cost": 80089.44,
              "Total Cost": 80089.45,
              "Plan Rows": 1,
              "Plan Width": 8,
              "Actual Startup Time": 482.376,
              "Actual Total Time": 482.379,
              "Actual Rows": 1,
              "Actual Loops": 4,
              "Plans": [
                {
                  "Node Type": "Hash Join",
                  "Parent Relationship": "Outer",
                  "Parallel Aware": true,
                  "Join Type": "Inner",
                  "Startup Cost": 48100.0,
                  "Total Cost": 79189.02,
                  "Plan Rows": 360168,
                  "Plan Width": 0,
                  "Actual Startup Time": 246.499,
                  "Actual Total Time": 467.915,
                  "Actual Rows": 344684,
                  "Actual Loops": 4,
                  "Inner Unique": true,
                  "Hash Cond": "(mc.movie_id = t.id)",
                  "Plans": [
                    {
                      "Node Type": "Seq Scan",
                      "Parent Relationship": "Outer",
                      "Parallel Aware": true,
                      "Relation Name": "movie_companies",
                      "Alias": "mc",
                      "Startup Cost": 0.0,
                      "Total Cost": 29310.68,
                      "Plan Rows": 677464,
                      "Plan Width": 4,
                      "Actual Startup Time": 0.01,
                      "Actual Total Time": 72.286,
                      "Actual Rows": 525660,
                      "Actual Loops": 4,
                      "Filter": "(company_id < 73942)",
                      "Rows Removed by Filter": 126623
                    },
                    {
                      "Node Type": "Hash",
                      "Parent Relationship": "Inner",
                      "Parallel Aware": true,
                      "Startup Cost": 43899.32,
                      "Total Cost": 43899.32,
                      "Plan Rows": 336054,
                      "Plan Width": 4,
                      "Actual Startup Time": 238.362,
                      "Actual Total Time": 238.363,
                      "Actual Rows": 337073,
                      "Actual Loops": 4,
                      "Hash Buckets": 2097152,
                      "Original Hash Buckets": 2097152,
                      "Hash Batches": 1,
                      "Original Hash Batches": 1,
                      "Peak Memory Usage": 69216,
                      "Plans": [
                        {
                          "Node Type": "Seq Scan",
                          "Parent Relationship": "Outer",
                          "Parallel Aware": true,
                          "Relation Name": "title",
                          "Alias": "t",
                          "Startup Cost": 0.0,
                          "Total Cost": 43899.32,
                          "Plan Rows": 336054,
                          "Plan Width": 4,
                          "Actual Startup Time": 0.039,
                          "Actual Total Time": 107.648,
                          "Actual Rows": 337073,
                          "Actual Loops": 4,
                          "Filter": "(production_year < 2005)",
                          "Rows Removed by Filter": 295005
                        }
                      ]
                    }
                  ]
                }
              ]
            }
          ]
        }
      ]
    },
    "Planning Time": 0.664,
    "Triggers": [],
    "Execution Time": 515.583
  }
]