{
  "Plan": {
    "Node Type": "Aggregate",
    "Strategy": "Plain",
    "Partial Mode": "Finalize",
    "Parallel Aware": false,
    "Startup Cost": 75387.46,
    "Total Cost": 75387.47,
    "Plan Rows": 1,
    "Plan Width": 8,
    "Actual Startup Time": 238.842,
    "Actual Total Time": 251.736,
    "Actual Rows": 1,
    "Actual Loops": 1,
    "Plans": [
      {
        "Node Type": "Gather",
        "Parent Relationship": "Outer",
        "Parallel Aware": false,
        "Startup Cost": 75387.35,
        "Total Cost": 75387.46,
        "Plan Rows": 1,
        "Plan Width": 8,
        "Actual Startup Time": 238.426,
        "Actual Total Time": 251.729,
        "Actual Rows": 2,
        "Actual Loops": 1,
        "Workers Planned": 1,
        "Workers Launched": 1,
        "Single Copy": false,
        "Plans": [
          {
            "Node Type": "Aggregate",
            "Strategy": "Plain",
            "Partial Mode": "Partial",
            "Parent Relationship": "Outer",
            "Parallel Aware": false,
            "Startup Cost": 74387.35,
            "Total Cost": 74387.36,
            "Plan Rows": 1,
            "Plan Width": 8,
            "Actual Startup Time": 232.821,
            "Actual Total Time": 232.824,
            "Actual Rows": 1,
            "Actual Loops": 2,
            "Plans": [
              {
                "Node Type": "Hash Join",
                "Parent Relationship": "Outer",
                "Parallel Aware": true,
                "Join Type": "Inner",
                "Startup Cost": 55557.88,
                "Total Cost": 74352.0,
                "Plan Rows": 14141,
                "Plan Width": 0,
                "Actual Startup Time": 170.269,
                "Actual Total Time": 232.453,
                "Actual Rows": 7570,
                "Actual Loops": 2,
                "Inner Unique": true,
                "Hash Cond": "(mi_idx.movie_id = t.id)",
                "Plans": [
                  {
                    "Node Type": "Seq Scan",
                    "Parent Relationship": "Outer",
                    "Parallel Aware": true,
                    "Relation Name": "movie_info_idx",
                    "Alias": "mi_idx",
                    "Startup Cost": 0.0,
                    "Total Cost": 18082.32,
                    "Plan Rows": 271164,
                    "Plan Width": 4,
                    "Actual Startup Time": 0.019,
                    "Actual Total Time": 50.626,
                    "Actual Rows": 230092,
                    "Actual Loops": 2,
                    "Filter": "(info_type_id > 100)",
                    "Rows Removed by Filter": 459925
                  },
                  {
                    "Node Type": "Hash",
                    "Parent Relationship": "Inner",
                    "Parallel Aware": true,
                    "Startup Cost": 54588.39,
                    "Total Cost": 54588.39,
                    "Plan Rows": 77559,
                    "Plan Width": 4,
                    "Actual Startup Time": 149.763,
                    "Actual Total Time": 149.764,
                    "Actual Rows": 66562,
                    "Actual Loops": 2,
                    "Hash Buckets": 262144,
                    "Original Hash Buckets": 262144,
                    "Hash Batches": 1,
                    "Original Hash Batches": 1,
                    "Peak Memory Usage": 7264,
                    "Plans": [
                      {
                        "Node Type": "Seq Scan",
                        "Parent Relationship": "Outer",
                        "Parallel Aware": true,
                        "Relation Name": "title",
                        "Alias": "t",
                        "Startup Cost": 0.0,
                        "Total Cost": 54588.39,
                        "Plan Rows": 77559,
                        "Plan Width": 4,
                        "Actual Startup Time": 30.017,
                        "Actual Total Time": 135.139,
                        "Actual Rows": 66562,
                        "Actual Loops": 2,
                        "Filter": "(production_year < 1937)",
                        "Rows Removed by Filter": 1197594
                      }
                    ]
                  }
                ]
              }
            ]
          }
        ]
      }
    ]
  },
  "Planning Time": 0.402,
  "Triggers": [],
  "Execution Time": 251.802
}