[
  {
    "Plan": {
      "Node Type": "Aggregate",
      "Strategy": "Plain",
      "Partial Mode": "Finalize",
      "Parallel Aware": false,
      "Startup Cost": 45151.04,
      "Total Cost": 45151.05,
      "Plan Rows": 1,
      "Plan Width": 8,
      "Actual Startup Time": 130.941,
      "Actual Total Time": 140.177,
      "Actual Rows": 1,
      "Actual Loops": 1,
      "Plans": [
        {
          "Node Type": "Gather",
          "Parent Relationship": "Outer",
          "Parallel Aware": false,
          "Startup Cost": 45150.73,
          "Total Cost": 45151.04,
          "Plan Rows": 3,
          "Plan Width": 8,
          "Actual Startup Time": 130.757,
          "Actual Total Time": 140.169,
          "Actual Rows": 4,
          "Actual Loops": 1,
          "Workers Planned": 3,
          "Workers Launched": 3,
          "Single Copy": false,
          "Plans": [
            {
              "Node Type": "Aggregate",
              "Strategy": "Plain",
              "Partial Mode": "Partial",
              "Parent Relationship": "Outer",
              "Parallel Aware": false,
              "Startup Cost": 44150.73,
              "Total Cost": 44150.74,
              "Plan Rows": 1,
              "Plan Width": 8,
              "Actual Startup Time": 123.16,
              "Actual Total Time": 123.161,
              "Actual Rows": 1,
              "Actual Loops": 4,
              "Plans": [
                {
                  "Node Type": "Seq Scan",
                  "Parent Relationship": "Outer",
                  "Parallel Aware": true,
                  "Relation Name": "movie_keyword",
                  "Alias": "mk",
                  "Startup Cost": 0.0,
                  "Total Cost": 42695.65,
                  "Plan Rows": 582029,
                  "Plan Width": 0,
                  "Actual Startup Time": 0.134,
                  "Actual Total Time": 103.494,
                  "Actual Rows": 450726,
                  "Actual Loops": 4,
                  "Filter": "(keyword_id < 2925)",
                  "Rows Removed by Filter": 680256
                }
              ]
            }
          ]
        }
      ]
    },
    "Planning Time": 0.168,
    "Triggers": [],
    "Execution Time": 140.228
  }
]