{
  "Plan": {
    "Node Type": "Aggregate",
    "Strategy": "Plain",
    "Partial Mode": "Finalize",
    "Parallel Aware": false,
    "Startup Cost": 668647.5,
    "Total Cost": 668647.51,
    "Plan Rows": 1,
    "Plan Width": 8,
    "Actual Startup Time": 3614.841,
    "Actual Total Time": 3670.304,
    "Actual Rows": 1,
    "Actual Loops": 1,
    "Plans": [
      {
        "Node Type": "Gather",
        "Parent Relationship": "Outer",
        "Parallel Aware": false,
        "Startup Cost": 668647.38,
        "Total Cost": 668647.49,
        "Plan Rows": 1,
        "Plan Width": 8,
        "Actual Startup Time": 3614.413,
        "Actual Total Time": 3670.298,
        "Actual Rows": 2,
        "Actual Loops": 1,
        "Workers Planned": 1,
        "Workers Launched": 1,
        "Single Copy": false,
        "Plans": [
          {
            "Node Type": "Aggregate",
            "Strategy": "Plain",
            "Partial Mode": "Partial",
            "Parent Relationship": "Outer",
            "Parallel Aware": false,
            "Startup Cost": 667647.38,
            "Total Cost": 667647.39,
            "Plan Rows": 1,
            "Plan Width": 8,
            "Actual Startup Time": 3608.941,
            "Actual Total Time": 3608.946,
            "Actual Rows": 1,
            "Actual Loops": 2,
            "Plans": [
              {
                "Node Type": "Hash Join",
                "Parent Relationship": "Outer",
                "Parallel Aware": true,
                "Join Type": "Inner",
                "Startup Cost": 581306.26,
                "Total Cost": 667297.77,
                "Plan Rows": 139844,
                "Plan Width": 0,
                "Actual Startup Time": 3161.237,
                "Actual Total Time": 3559.405,
                "Actual Rows": 1162824,
                "Actual Loops": 2,
                "Inner Unique": false,
                "Hash Cond": "(mk.movie_id = t.id)",
                "Plans": [
                  {
                    "Node Type": "Seq Scan",
                    "Parent Relationship": "Outer",
                    "Parallel Aware": true,
                    "Relation Name": "movie_keyword",
                    "Alias": "mk",
                    "Startup Cost": 0.0,
                    "Total Cost": 57718.19,
                    "Plan Rows": 2196057,
                    "Plan Width": 4,
                    "Actual Startup Time": 0.009,
                    "Actual Total Time": 187.835,
                    "Actual Rows": 1870254,
                    "Actual Loops": 2,
                    "Filter": "(keyword_id < 24057)",
                    "Rows Removed by Filter": 391711
                  },
                  {
                    "Node Type": "Hash",
                    "Parent Relationship": "Inner",
                    "Parallel Aware": true,
                    "Startup Cost": 580122.43,
                    "Total Cost": 580122.43,
                    "Plan Rows": 94706,
                    "Plan Width": 8,
                    "Actual Startup Time": 3159.232,
                    "Actual Total Time": 3159.236,
                    "Actual Rows": 91470,
                    "Actual Loops": 2,
                    "Hash Buckets": 262144,
                    "Original Hash Buckets": 262144,
                    "Hash Batches": 1,
                    "Original Hash Batches": 1,
                    "Peak Memory Usage": 9216,
                    "Plans": [
                      {
                        "Node Type": "Hash Join",
                        "Parent Relationship": "Outer",
                        "Parallel Aware": true,
                        "Join Type": "Inner",
                        "Startup Cost": 58389.08,
                        "Total Cost": 580122.43,
                        "Plan Rows": 94706,
                        "Plan Width": 8,
                        "Actual Startup Time": 140.9,
                        "Actual Total Time": 3125.987,
                        "Actual Rows": 91470,
                        "Actual Loops": 2,
                        "Inner Unique": true,
                        "Hash Cond": "(ci.movie_id = t.id)",
                        "Plans": [
                          {
                            "Node Type": "Seq Scan",
                            "Parent Relationship": "Outer",
                            "Parallel Aware": true,
                            "Relation Name": "cast_info",
                            "Alias": "ci",
                            "Startup Cost": 0.0,
                            "Total Cost": 465792.95,
                            "Plan Rows": 21310595,
                            "Plan Width": 4,
                            "Actual Startup Time": 0.015,
                            "Actual Total Time": 1359.301,
                            "Actual Rows": 18122172,
                            "Actual Loops": 2
                          },
                          {
                            "Node Type": "Hash",
                            "Parent Relationship": "Inner",
                            "Parallel Aware": true,
                            "Startup Cost": 58306.47,
                            "Total Cost": 58306.47,
                            "Plan Rows": 6609,
                            "Plan Width": 4,
                            "Actual Startup Time": 140.697,
                            "Actual Total Time": 140.698,
                            "Actual Rows": 5570,
                            "Actual Loops": 2,
                            "Hash Buckets": 16384,
                            "Original Hash Buckets": 16384,
                            "Hash Batches": 1,
                            "Original Hash Batches": 1,
                            "Peak Memory Usage": 576,
                            "Plans": [
                              {
                                "Node Type": "Seq Scan",
                                "Parent Relationship": "Outer",
                                "Parallel Aware": true,
                                "Relation Name": "title",
                                "Alias": "t",
                                "Startup Cost": 0.0,
                                "Total Cost": 58306.47,
                                "Plan Rows": 6609,
                                "Plan Width": 4,
                                "Actual Startup Time": 0.428,
                                "Actual Total Time": 138.63,
                                "Actual Rows": 5570,
                                "Actual Loops": 2,
                                "Filter": "((kind_id < 7) AND (production_year = 1994))",
                                "Rows Removed by Filter": 1258586
                              }
                            ]
                          }
                        ]
                      }
                    ]
                  }
                ]
              }
            ]
          }
        ]
      }
    ]
  },
  "Planning Time": 0.524,
  "Triggers": [],
  "Execution Time": 3670.366
}