[
  {
    "Plan": {
      "Node Type": "Aggregate",
      "Strategy": "Plain",
      "Partial Mode": "Simple",
      "Parallel Aware": false,
      "Startup Cost": 9757.23,
      "Total Cost": 9757.24,
      "Plan Rows": 1,
      "Plan Width": 8,
      "Actual Startup Time": 1.232,
      "Actual Total Time": 1.233,
      "Actual Rows": 1,
      "Actual Loops": 1,
      "Plans": [
        {
          "Node Type": "Index Scan",
          "Parent Relationship": "Outer",
          "Parallel Aware": false,
          "Scan Direction": "Forward",
          "Index Name": "company_id_movie_companies",
          "Relation Name": "movie_companies",
          "Alias": "mc",
          "Startup Cost": 0.43,
          "Total Cost": 9752.23,
          "Plan Rows": 1999,
          "Plan Width": 0,
          "Actual Startup Time": 0.031,
          "Actual Total Time": 1.082,
          "Actual Rows": 3415,
          "Actual Loops": 1,
          "Index Cond": "(company_id = 122)",
          "Rows Removed by Index Recheck": 0,
          "Filter": "(company_type_id < 2)",
          "Rows Removed by Filter": 0
        }
      ]
    },
    "Planning Time": 0.085,
    "Triggers": [],
    "Execution Time": 1.251
  }
]