[
  {
    "Plan": {
      "Node Type": "Aggregate",
      "Strategy": "Plain",
      "Partial Mode": "Simple",
      "Parallel Aware": false,
      "Startup Cost": 4660.22,
      "Total Cost": 4660.23,
      "Plan Rows": 1,
      "Plan Width": 32,
      "Actual Startup Time": 8819.398,
      "Actual Total Time": 8819.404,
      "Actual Rows": 1,
      "Actual Loops": 1,
      "Plans": [
        {
          "Node Type": "Nested Loop",
          "Parent Relationship": "Outer",
          "Parallel Aware": false,
          "Join Type": "Inner",
          "Startup Cost": 13.06,
          "Total Cost": 4659.29,
          "Plan Rows": 374,
          "Plan Width": 15,
          "Actual Startup Time": 13.979,
          "Actual Total Time": 8725.584,
          "Actual Rows": 1113120,
          "Actual Loops": 1,
          "Inner Unique": true,
          "Plans": [
            {
              "Node Type": "Nested Loop",
              "Parent Relationship": "Outer",
              "Parallel Aware": false,
              "Join Type": "Inner",
              "Startup Cost": 12.64,
              "Total Cost": 4493.44,
              "Plan Rows": 374,
              "Plan Width": 19,
              "Actual Startup Time": 13.95,
              "Actual Total Time": 7152.631,
              "Actual Rows": 1113120,
              "Actual Loops": 1,
              "Inner Unique": false,
              "Plans": [
                {
                  "Node Type": "Nested Loop",
                  "Parent Relationship": "Outer",
                  "Parallel Aware": false,
                  "Join Type": "Inner",
                  "Startup Cost": 12.21,
                  "Total Cost": 4414.12,
                  "Plan Rows": 139,
                  "Plan Width": 27,
                  "Actual Startup Time": 11.362,
                  "Actual Total Time": 6633.455,
                  "Actual Rows": 149494,
                  "Actual Loops": 1,
                  "Inner Unique": true,
                  "Plans": [
                    {
                      "Node Type": "Nested Loop",
                      "Parent Relationship": "Outer",
                      "Parallel Aware": false,
                      "Join Type": "Inner",
                      "Startup Cost": 11.78,
                      "Total Cost": 3839.6,
                      "Plan Rows": 1255,
                      "Plan Width": 16,
                      "Actual Startup Time": 11.321,
                      "Actual Total Time": 2347.594,
                      "Actual Rows": 1038393,
                      "Actual Loops": 1,
                      "Inner Unique": false,
                      "Join Filter": "(t.id = ci.movie_id)",
                      "Rows Removed by Join Filter": 0,
                      "Plans": [
                        {
                          "Node Type": "Nested Loop",
                          "Parent Relationship": "Outer",
                          "Parallel Aware": false,
                          "Join Type": "Inner",
                          "Startup Cost": 11.22,
                          "Total Cost": 3771.14,
                          "Plan Rows": 34,
                          "Plan Width": 8,
                          "Actual Startup Time": 11.285,
                          "Actual Total Time": 281.743,
                          "Actual Rows": 41840,
                          "Actual Loops": 1,
                          "Inner Unique": true,
                          "Plans": [
                            {
                              "Node Type": "Nested Loop",
                              "Parent Relationship": "Outer",
                              "Parallel Aware": false,
                              "Join Type": "Inner",
                              "Startup Cost": 10.79,
                              "Total Cost": 3754.57,
                              "Plan Rows": 34,
                              "Plan Width": 4,
                              "Actual Startup Time": 11.254,
                              "Actual Total Time": 77.429,
                              "Actual Rows": 41840,
                              "Actual Loops": 1,
                              "Inner Unique": false,
                              "Plans": [
                                {
                                  "Node Type": "Seq Scan",
                                  "Parent Relationship": "Outer",
                                  "Parallel Aware": false,
                                  "Relation Name": "keyword",
                                  "Alias": "k",
                                  "Startup Cost": 0.0,
                                  "Total Cost": 2626.12,
                                  "Plan Rows": 1,
                                  "Plan Width": 4,
                                  "Actual Startup Time": 1.11,
                                  "Actual Total Time": 10.694,
                                  "Actual Rows": 1,
                                  "Actual Loops": 1,
                                  "Filter": "(keyword = 'character-name-in-title'::text)",
                                  "Rows Removed by Filter": 134169
                                },
                                {
                                  "Node Type": "Bitmap Heap Scan",
                                  "Parent Relationship": "Inner",
                                  "Parallel Aware": false,
                                  "Relation Name": "movie_keyword",
                                  "Alias": "mk",
                                  "Startup Cost": 10.79,
                                  "Total Cost": 1125.4,
                                  "Plan Rows": 304,
                                  "Plan Width": 8,
                                  "Actual Startup Time": 10.13,
                                  "Actual Total Time": 60.729,
                                  "Actual Rows": 41840,
                                  "Actual Loops": 1,
                                  "Recheck Cond": "(keyword_id = k.id)",
                                  "Rows Removed by Index Recheck": 0,
                                  "Exact Heap Blocks": 11541,
                                  "Lossy Heap Blocks": 0,
                                  "Plans": [
                                    {
                                      "Node Type": "Bitmap Index Scan",
                                      "Parent Relationship": "Outer",
                                      "Parallel Aware": false,
                                      "Index Name": "keyword_id_movie_keyword",
                                      "Startup Cost": 0.0,
                                      "Total Cost": 10.71,
                                      "Plan Rows": 304,
                                      "Plan Width": 0,
                                      "Actual Startup Time": 8.026,
                                      "Actual Total Time": 8.027,
                                      "Actual Rows": 41840,
                                      "Actual Loops": 1,
                                      "Index Cond": "(keyword_id = k.id)"
                                    }
                                  ]
                                }
                              ]
                            },
                            {
                              "Node Type": "Index Only Scan",
                              "Parent Relationship": "Inner",
                              "Parallel Aware": false,
                              "Scan Direction": "Forward",
                              "Index Name": "title_pkey",
                              "Relation Name": "title",
                              "Alias": "t",
                              "Startup Cost": 0.43,
                              "Total Cost": 0.49,
                              "Plan Rows": 1,
                              "Plan Width": 4,
                              "Actual Startup Time": 0.004,
                              "Actual Total Time": 0.004,
                              "Actual Rows": 1,
                              "Actual Loops": 41840,
                              "Index Cond": "(id = mk.movie_id)",
                              "Rows Removed by Index Recheck": 0,
                              "Heap Fetches": 41840
                            }
                          ]
                        },
                        {
                          "Node Type": "Index Scan",
                          "Parent Relationship": "Inner",
                          "Parallel Aware": false,
                          "Scan Direction": "Forward",
                          "Index Name": "movie_id_cast_info",
                          "Relation Name": "cast_info",
                          "Alias": "ci",
                          "Startup Cost": 0.56,
                          "Total Cost": 1.55,
                          "Plan Rows": 37,
                          "Plan Width": 8,
                          "Actual Startup Time": 0.006,
                          "Actual Total Time": 0.046,
                          "Actual Rows": 25,
                          "Actual Loops": 41840,
                          "Index Cond": "(movie_id = mk.movie_id)",
                          "Rows Removed by Index Recheck": 0
                        }
                      ]
                    },
                    {
                      "Node Type": "Index Scan",
                      "Parent Relationship": "Inner",
                      "Parallel Aware": false,
                      "Scan Direction": "Forward",
                      "Index Name": "name_pkey",
                      "Relation Name": "name",
                      "Alias": "n",
                      "Startup Cost": 0.43,
                      "Total Cost": 0.46,
                      "Plan Rows": 1,
                      "Plan Width": 19,
                      "Actual Startup Time": 0.004,
                      "Actual Total Time": 0.004,
                      "Actual Rows": 0,
                      "Actual Loops": 1038393,
                      "Index Cond": "(id = ci.person_id)",
                      "Rows Removed by Index Recheck": 0,
                      "Filter": "(name ~~ '%B%'::text)",
                      "Rows Removed by Filter": 1
                    }
                  ]
                },
                {
                  "Node Type": "Index Scan",
                  "Parent Relationship": "Inner",
                  "Parallel Aware": false,
                  "Scan Direction": "Forward",
                  "Index Name": "movie_id_movie_companies",
                  "Relation Name": "movie_companies",
                  "Alias": "mc",
                  "Startup Cost": 0.43,
                  "Total Cost": 0.52,
                  "Plan Rows": 5,
                  "Plan Width": 8,
                  "Actual Startup Time": 0.001,
                  "Actual Total Time": 0.003,
                  "Actual Rows": 7,
                  "Actual Loops": 149494,
                  "Index Cond": "(movie_id = ci.movie_id)",
                  "Rows Removed by Index Recheck": 0
                }
              ]
            },
            {
              "Node Type": "Index Only Scan",
              "Parent Relationship": "Inner",
              "Parallel Aware": false,
              "Scan Direction": "Forward",
              "Index Name": "company_name_pkey",
              "Relation Name": "company_name",
              "Alias": "cn",
              "Startup Cost": 0.42,
              "Total Cost": 0.44,
              "Plan Rows": 1,
              "Plan Width": 4,
              "Actual Startup Time": 0.001,
              "Actual Total Time": 0.001,
              "Actual Rows": 1,
              "Actual Loops": 1113120,
              "Index Cond": "(id = mc.company_id)",
              "Rows Removed by Index Recheck": 0,
              "Heap Fetches": 1113120
            }
          ]
        }
      ]
    },
    "Planning Time": 13.476,
    "Triggers": [],
    "Execution Time": 8819.881
  }
]