[
  {
    "Plan": {
      "Node Type": "Aggregate",
      "Strategy": "Plain",
      "Partial Mode": "Finalize",
      "Parallel Aware": false,
      "Startup Cost": 92760.2,
      "Total Cost": 92760.21,
      "Plan Rows": 1,
      "Plan Width": 8,
      "Actual Startup Time": 279.381,
      "Actual Total Time": 287.743,
      "Actual Rows": 1,
      "Actual Loops": 1,
      "Plans": [
        {
          "Node Type": "Gather",
          "Parent Relationship": "Outer",
          "Parallel Aware": false,
          "Startup Cost": 92759.89,
          "Total Cost": 92760.2,
          "Plan Rows": 3,
          "Plan Width": 8,
          "Actual Startup Time": 278.431,
          "Actual Total Time": 287.735,
          "Actual Rows": 4,
          "Actual Loops": 1,
          "Workers Planned": 3,
          "Workers Launched": 3,
          "Single Copy": false,
          "Plans": [
            {
              "Node Type": "Aggregate",
              "Strategy": "Plain",
              "Partial Mode": "Partial",
              "Parent Relationship": "Outer",
              "Parallel Aware": false,
              "Startup Cost": 91759.89,
              "Total Cost": 91759.9,
              "Plan Rows": 1,
              "Plan Width": 8,
              "Actual Startup Time": 274.319,
              "Actual Total Time": 274.375,
              "Actual Rows": 1,
              "Actual Loops": 4,
              "Plans": [
                {
                  "Node Type": "Hash Join",
                  "Parent Relationship": "Outer",
                  "Parallel Aware": true,
                  "Join Type": "Inner",
                  "Startup Cost": 45663.47,
                  "Total Cost": 91685.99,
                  "Plan Rows": 29557,
                  "Plan Width": 0,
                  "Actual Startup Time": 123.494,
                  "Actual Total Time": 268.168,
                  "Actual Rows": 143545,
                  "Actual Loops": 4,
                  "Inner Unique": true,
                  "Hash Cond": "(mk.movie_id = t.id)",
                  "Plans": [
                    {
                      "Node Type": "Seq Scan",
                      "Parent Relationship": "Outer",
                      "Parallel Aware": true,
                      "Relation Name": "movie_keyword",
                      "Alias": "mk",
                      "Startup Cost": 0.0,
                      "Total Cost": 42695.65,
                      "Plan Rows": 1267375,
                      "Plan Width": 4,
                      "Actual Startup Time": 0.023,
                      "Actual Total Time": 102.213,
                      "Actual Rows": 980233,
                      "Actual Loops": 4,
                      "Filter": "(keyword_id > 446)",
                      "Rows Removed by Filter": 150750
                    },
                    {
                      "Node Type": "Hash",
                      "Parent Relationship": "Inner",
                      "Parallel Aware": true,
                      "Startup Cost": 45479.21,
                      "Total Cost": 45479.21,
                      "Plan Rows": 14741,
                      "Plan Width": 4,
                      "Actual Startup Time": 91.414,
                      "Actual Total Time": 91.415,
                      "Actual Rows": 45794,
                      "Actual Loops": 4,
                      "Hash Buckets": 262144,
                      "Original Hash Buckets": 65536,
                      "Hash Batches": 1,
                      "Original Hash Batches": 1,
                      "Peak Memory Usage": 10848,
                      "Plans": [
                        {
                          "Node Type": "Seq Scan",
                          "Parent Relationship": "Outer",
                          "Parallel Aware": true,
                          "Relation Name": "title",
                          "Alias": "t",
                          "Startup Cost": 0.0,
                          "Total Cost": 45479.21,
                          "Plan Rows": 14741,
                          "Plan Width": 4,
                          "Actual Startup Time": 42.343,
                          "Actual Total Time": 74.935,
                          "Actual Rows": 45794,
                          "Actual Loops": 4,
                          "Filter": "((production_year < 1958) AND (kind_id = 1))",
                          "Rows Removed by Filter": 586284
                        }
                      ]
                    }
                  ]
                }
              ]
            }
          ]
        }
      ]
    },
    "Planning Time": 0.237,
    "Triggers": [],
    "Execution Time": 287.774
  }
]