{
  "Plan": {
    "Node Type": "Aggregate",
    "Strategy": "Plain",
    "Partial Mode": "Finalize",
    "Parallel Aware": false,
    "Startup Cost": 1883140.5,
    "Total Cost": 1883140.51,
    "Plan Rows": 1,
    "Plan Width": 8,
    "Actual Startup Time": 9964.003,
    "Actual Total Time": 9972.166,
    "Actual Rows": 1,
    "Actual Loops": 1,
    "Plans": [
      {
        "Node Type": "Gather",
        "Parent Relationship": "Outer",
        "Parallel Aware": false,
        "Startup Cost": 1883140.38,
        "Total Cost": 1883140.49,
        "Plan Rows": 1,
        "Plan Width": 8,
        "Actual Startup Time": 9963.99,
        "Actual Total Time": 9972.158,
        "Actual Rows": 2,
        "Actual Loops": 1,
        "Workers Planned": 1,
        "Workers Launched": 1,
        "Single Copy": false,
        "Plans": [
          {
            "Node Type": "Aggregate",
            "Strategy": "Plain",
            "Partial Mode": "Partial",
            "Parent Relationship": "Outer",
            "Parallel Aware": false,
            "Startup Cost": 1882140.38,
            "Total Cost": 1882140.39,
            "Plan Rows": 1,
            "Plan Width": 8,
            "Actual Startup Time": 9834.441,
            "Actual Total Time": 9834.448,
            "Actual Rows": 1,
            "Actual Loops": 2,
            "Plans": [
              {
                "Node Type": "Merge Join",
                "Parent Relationship": "Outer",
                "Parallel Aware": false,
                "Join Type": "Inner",
                "Startup Cost": 1805899.93,
                "Total Cost": 1877354.83,
                "Plan Rows": 1914222,
                "Plan Width": 0,
                "Actual Startup Time": 8712.315,
                "Actual Total Time": 9819.391,
                "Actual Rows": 350012,
                "Actual Loops": 2,
                "Inner Unique": false,
                "Merge Cond": "(t.id = mi.movie_id)",
                "Plans": [
                  {
                    "Node Type": "Sort",
                    "Parent Relationship": "Outer",
                    "Parallel Aware": false,
                    "Startup Cost": 1572531.77,
                    "Total Cost": 1593919.11,
                    "Plan Rows": 8554934,
                    "Plan Width": 8,
                    "Actual Startup Time": 8514.086,
                    "Actual Total Time": 9073.523,
                    "Actual Rows": 6404472,
                    "Actual Loops": 2,
                    "Sort Key": [
                      "t.id"
                    ],
                    "Sort Method": "quicksort",
                    "Sort Space Used": 517022,
                    "Sort Space Type": "Memory",
                    "Workers": [
                      {
                        "Worker Number": 0,
                        "Sort Method": "quicksort",
                        "Sort Space Used": 476615,
                        "Sort Space Type": "Memory"
                      }
                    ],
                    "Plans": [
                      {
                        "Node Type": "Hash Join",
                        "Parent Relationship": "Outer",
                        "Parallel Aware": true,
                        "Join Type": "Inner",
                        "Startup Cost": 65769.41,
                        "Total Cost": 587502.76,
                        "Plan Rows": 8554934,
                        "Plan Width": 8,
                        "Actual Startup Time": 317.8,
                        "Actual Total Time": 6866.469,
                        "Actual Rows": 6404476,
                        "Actual Loops": 2,
                        "Inner Unique": true,
                        "Hash Cond": "(ci.movie_id = t.id)",
                        "Plans": [
                          {
                            "Node Type": "Seq Scan",
                            "Parent Relationship": "Outer",
                            "Parallel Aware": true,
                            "Relation Name": "cast_info",
                            "Alias": "ci",
                            "Startup Cost": 0.0,
                            "Total Cost": 465792.95,
                            "Plan Rows": 21310595,
                            "Plan Width": 4,
                            "Actual Startup Time": 0.016,
                            "Actual Total Time": 1464.048,
                            "Actual Rows": 18122172,
                            "Actual Loops": 2
                          },
                          {
                            "Node Type": "Hash",
                            "Parent Relationship": "Inner",
                            "Parallel Aware": true,
                            "Startup Cost": 58306.47,
                            "Total Cost": 58306.47,
                            "Plan Rows": 597035,
                            "Plan Width": 4,
                            "Actual Startup Time": 308.478,
                            "Actual Total Time": 308.48,
                            "Actual Rows": 480056,
                            "Actual Loops": 2,
                            "Hash Buckets": 1048576,
                            "Original Hash Buckets": 1048576,
                            "Hash Batches": 1,
                            "Original Hash Batches": 1,
                            "Peak Memory Usage": 45760,
                            "Plans": [
                              {
                                "Node Type": "Seq Scan",
                                "Parent Relationship": "Outer",
                                "Parallel Aware": true,
                                "Relation Name": "title",
                                "Alias": "t",
                                "Startup Cost": 0.0,
                                "Total Cost": 58306.47,
                                "Plan Rows": 597035,
                                "Plan Width": 4,
                                "Actual Startup Time": 0.03,
                                "Actual Total Time": 185.298,
                                "Actual Rows": 480056,
                                "Actual Loops": 2,
                                "Filter": "((production_year < 2008) AND (kind_id = 7))",
                                "Rows Removed by Filter": 784100
                              }
                            ]
                          }
                        ]
                      }
                    ]
                  },
                  {
                    "Node Type": "Sort",
                    "Parent Relationship": "Inner",
                    "Parallel Aware": false,
                    "Startup Cost": 233367.29,
                    "Total Cost": 234781.59,
                    "Plan Rows": 565722,
                    "Plan Width": 4,
                    "Actual Startup Time": 198.1,
                    "Actual Total Time": 252.992,
                    "Actual Rows": 873694,
                    "Actual Loops": 2,
                    "Sort Key": [
                      "mi.movie_id"
                    ],
                    "Sort Method": "quicksort",
                    "Sort Space Used": 50047,
                    "Sort Space Type": "Memory",
                    "Workers": [
                      {
                        "Worker Number": 0,
                        "Sort Method": "quicksort",
                        "Sort Space Used": 50047,
                        "Sort Space Type": "Memory"
                      }
                    ],
                    "Plans": [
                      {
                        "Node Type": "Bitmap Heap Scan",
                        "Parent Relationship": "Outer",
                        "Parallel Aware": false,
                        "Relation Name": "movie_info",
                        "Alias": "mi",
                        "Startup Cost": 10248.78,
                        "Total Cost": 179313.31,
                        "Plan Rows": 565722,
                        "Plan Width": 4,
                        "Actual Startup Time": 17.531,
                        "Actual Total Time": 78.72,
                        "Actual Rows": 543367,
                        "Actual Loops": 2,
                        "Recheck Cond": "(info_type_id > 98)",
                        "Rows Removed by Index Recheck": 0,
                        "Exact Heap Blocks": 5822,
                        "Lossy Heap Blocks": 0,
                        "Plans": [
                          {
                            "Node Type": "Bitmap Index Scan",
                            "Parent Relationship": "Outer",
                            "Parallel Aware": false,
                            "Index Name": "info_type_id_movie_info",
                            "Startup Cost": 0.0,
                            "Total Cost": 10107.35,
                            "Plan Rows": 565722,
                            "Plan Width": 0,
                            "Actual Startup Time": 16.893,
                            "Actual Total Time": 16.894,
                            "Actual Rows": 543367,
                            "Actual Loops": 2,
                            "Index Cond": "(info_type_id > 98)"
                          }
                        ]
                      }
                    ]
                  }
                ]
              }
            ]
          }
        ]
      }
    ]
  },
  "Planning Time": 1.024,
  "Triggers": [],
  "Execution Time": 9999.339
}