[
  {
    "Plan": {
      "Node Type": "Aggregate",
      "Strategy": "Plain",
      "Partial Mode": "Finalize",
      "Parallel Aware": false,
      "Startup Cost": 90370.25,
      "Total Cost": 90370.26,
      "Plan Rows": 1,
      "Plan Width": 8,
      "Actual Startup Time": 202.62,
      "Actual Total Time": 221.588,
      "Actual Rows": 1,
      "Actual Loops": 1,
      "Plans": [
        {
          "Node Type": "Gather",
          "Parent Relationship": "Outer",
          "Parallel Aware": false,
          "Startup Cost": 90369.93,
          "Total Cost": 90370.24,
          "Plan Rows": 3,
          "Plan Width": 8,
          "Actual Startup Time": 202.201,
          "Actual Total Time": 221.579,
          "Actual Rows": 4,
          "Actual Loops": 1,
          "Workers Planned": 3,
          "Workers Launched": 3,
          "Single Copy": false,
          "Plans": [
            {
              "Node Type": "Aggregate",
              "Strategy": "Plain",
              "Partial Mode": "Partial",
              "Parent Relationship": "Outer",
              "Parallel Aware": false,
              "Startup Cost": 89369.93,
              "Total Cost": 89369.94,
              "Plan Rows": 1,
              "Plan Width": 8,
              "Actual Startup Time": 198.897,
              "Actual Total Time": 198.901,
              "Actual Rows": 1,
              "Actual Loops": 4,
              "Plans": [
                {
                  "Node Type": "Hash Join",
                  "Parent Relationship": "Outer",
                  "Parallel Aware": true,
                  "Join Type": "Inner",
                  "Startup Cost": 45612.74,
                  "Total Cost": 89353.16,
                  "Plan Rows": 6707,
                  "Plan Width": 0,
                  "Actual Startup Time": 86.122,
                  "Actual Total Time": 198.827,
                  "Actual Rows": 1424,
                  "Actual Loops": 4,
                  "Inner Unique": true,
                  "Hash Cond": "(mk.movie_id = t.id)",
                  "Plans": [
                    {
                      "Node Type": "Seq Scan",
                      "Parent Relationship": "Outer",
                      "Parallel Aware": true,
                      "Relation Name": "movie_keyword",
                      "Alias": "mk",
                      "Startup Cost": 0.0,
                      "Total Cost": 42695.65,
                      "Plan Rows": 398008,
                      "Plan Width": 4,
                      "Actual Startup Time": 0.028,
                      "Actual Total Time": 87.496,
                      "Actual Rows": 309326,
                      "Actual Loops": 4,
                      "Filter": "(keyword_id < 1574)",
                      "Rows Removed by Filter": 821656
                    },
                    {
                      "Node Type": "Hash",
                      "Parent Relationship": "Inner",
                      "Parallel Aware": true,
                      "Startup Cost": 45479.59,
                      "Total Cost": 45479.59,
                      "Plan Rows": 10652,
                      "Plan Width": 4,
                      "Actual Startup Time": 85.498,
                      "Actual Total Time": 85.499,
                      "Actual Rows": 10963,
                      "Actual Loops": 4,
                      "Hash Buckets": 65536,
                      "Original Hash Buckets": 65536,
                      "Hash Batches": 1,
                      "Original Hash Batches": 1,
                      "Peak Memory Usage": 2272,
                      "Plans": [
                        {
                          "Node Type": "Seq Scan",
                          "Parent Relationship": "Outer",
                          "Parallel Aware": true,
                          "Relation Name": "title",
                          "Alias": "t",
                          "Startup Cost": 0.0,
                          "Total Cost": 45479.59,
                          "Plan Rows": 10652,
                          "Plan Width": 4,
                          "Actual Startup Time": 0.022,
                          "Actual Total Time": 81.67,
                          "Actual Rows": 10963,
                          "Actual Loops": 4,
                          "Filter": "((kind_id = 7) AND (production_year = 2003))",
                          "Rows Removed by Filter": 621115
                        }
                      ]
                    }
                  ]
                }
              ]
            }
          ]
        }
      ]
    },
    "Planning Time": 0.247,
    "Triggers": [],
    "Execution Time": 221.623
  }
]