[
  {
    "Plan": {
      "Node Type": "Aggregate",
      "Strategy": "Plain",
      "Partial Mode": "Finalize",
      "Parallel Aware": false,
      "Startup Cost": 33376.91,
      "Total Cost": 33376.92,
      "Plan Rows": 1,
      "Plan Width": 8,
      "Actual Startup Time": 105.871,
      "Actual Total Time": 114.084,
      "Actual Rows": 1,
      "Actual Loops": 1,
      "Plans": [
        {
          "Node Type": "Gather",
          "Parent Relationship": "Outer",
          "Parallel Aware": false,
          "Startup Cost": 33376.59,
          "Total Cost": 33376.9,
          "Plan Rows": 3,
          "Plan Width": 8,
          "Actual Startup Time": 105.748,
          "Actual Total Time": 114.075,
          "Actual Rows": 4,
          "Actual Loops": 1,
          "Workers Planned": 3,
          "Workers Launched": 3,
          "Single Copy": false,
          "Plans": [
            {
              "Node Type": "Aggregate",
              "Strategy": "Plain",
              "Partial Mode": "Partial",
              "Parent Relationship": "Outer",
              "Parallel Aware": false,
              "Startup Cost": 32376.59,
              "Total Cost": 32376.6,
              "Plan Rows": 1,
              "Plan Width": 8,
              "Actual Startup Time": 97.561,
              "Actual Total Time": 97.563,
              "Actual Rows": 1,
              "Actual Loops": 4,
              "Plans": [
                {
                  "Node Type": "Seq Scan",
                  "Parent Relationship": "Outer",
                  "Parallel Aware": true,
                  "Relation Name": "movie_companies",
                  "Alias": "mc",
                  "Startup Cost": 0.0,
                  "Total Cost": 31414.82,
                  "Plan Rows": 384708,
                  "Plan Width": 0,
                  "Actual Startup Time": 0.084,
                  "Actual Total Time": 82.0,
                  "Actual Rows": 281844,
                  "Actual Loops": 4,
                  "Filter": "((company_id > 46) AND (company_type_id = 1))",
                  "Rows Removed by Filter": 370439
                }
              ]
            }
          ]
        }
      ]
    },
    "Planning Time": 0.255,
    "Triggers": [],
    "Execution Time": 114.141
  }
]