[
  {
    "Plan": {
      "Node Type": "Aggregate",
      "Strategy": "Plain",
      "Partial Mode": "Finalize",
      "Parallel Aware": false,
      "Startup Cost": 386355.3,
      "Total Cost": 386355.31,
      "Plan Rows": 1,
      "Plan Width": 8,
      "Actual Startup Time": 1145.845,
      "Actual Total Time": 1208.942,
      "Actual Rows": 1,
      "Actual Loops": 1,
      "Plans": [
        {
          "Node Type": "Gather",
          "Parent Relationship": "Outer",
          "Parallel Aware": false,
          "Startup Cost": 386354.67,
          "Total Cost": 386355.28,
          "Plan Rows": 6,
          "Plan Width": 8,
          "Actual Startup Time": 1143.727,
          "Actual Total Time": 1208.929,
          "Actual Rows": 7,
          "Actual Loops": 1,
          "Workers Planned": 6,
          "Workers Launched": 6,
          "Single Copy": false,
          "Plans": [
            {
              "Node Type": "Aggregate",
              "Strategy": "Plain",
              "Partial Mode": "Partial",
              "Parent Relationship": "Outer",
              "Parallel Aware": false,
              "Startup Cost": 385354.67,
              "Total Cost": 385354.68,
              "Plan Rows": 1,
              "Plan Width": 8,
              "Actual Startup Time": 1133.283,
              "Actual Total Time": 1133.286,
              "Actual Rows": 1,
              "Actual Loops": 7,
              "Plans": [
                {
                  "Node Type": "Hash Join",
                  "Parent Relationship": "Outer",
                  "Parallel Aware": true,
                  "Join Type": "Inner",
                  "Startup Cost": 46397.54,
                  "Total Cost": 384278.68,
                  "Plan Rows": 430398,
                  "Plan Width": 0,
                  "Actual Startup Time": 225.887,
                  "Actual Total Time": 1116.621,
                  "Actual Rows": 367922,
                  "Actual Loops": 7,
                  "Inner Unique": true,
                  "Hash Cond": "(ci.movie_id = t.id)",
                  "Plans": [
                    {
                      "Node Type": "Seq Scan",
                      "Parent Relationship": "Outer",
                      "Parallel Aware": true,
                      "Relation Name": "cast_info",
                      "Alias": "ci",
                      "Startup Cost": 0.0,
                      "Total Cost": 328162.03,
                      "Plan Rows": 3702517,
                      "Plan Width": 4,
                      "Actual Startup Time": 133.956,
                      "Actual Total Time": 573.339,
                      "Actual Rows": 3175352,
                      "Actual Loops": 7,
                      "Filter": "(person_id > 1381011)",
                      "Rows Removed by Filter": 2002411
                    },
                    {
                      "Node Type": "Hash",
                      "Parent Relationship": "Inner",
                      "Parallel Aware": true,
                      "Startup Cost": 45479.1,
                      "Total Cost": 45479.1,
                      "Plan Rows": 73475,
                      "Plan Width": 4,
                      "Actual Startup Time": 89.396,
                      "Actual Total Time": 89.397,
                      "Actual Rows": 33106,
                      "Actual Loops": 7,
                      "Hash Buckets": 524288,
                      "Original Hash Buckets": 524288,
                      "Hash Batches": 1,
                      "Original Hash Batches": 1,
                      "Peak Memory Usage": 13312,
                      "Plans": [
                        {
                          "Node Type": "Seq Scan",
                          "Parent Relationship": "Outer",
                          "Parallel Aware": true,
                          "Relation Name": "title",
                          "Alias": "t",
                          "Startup Cost": 0.0,
                          "Total Cost": 45479.1,
                          "Plan Rows": 73475,
                          "Plan Width": 4,
                          "Actual Startup Time": 42.461,
                          "Actual Total Time": 75.433,
                          "Actual Rows": 33106,
                          "Actual Loops": 7,
                          "Filter": "((production_year > 2004) AND (kind_id = 1))",
                          "Rows Removed by Filter": 328082
                        }
                      ]
                    }
                  ]
                }
              ]
            }
          ]
        }
      ]
    },
    "Planning Time": 0.624,
    "Triggers": [],
    "Execution Time": 1209.066
  }
]