{
  "Plan": {
    "Node Type": "Aggregate",
    "Strategy": "Plain",
    "Partial Mode": "Finalize",
    "Parallel Aware": false,
    "Startup Cost": 637223.73,
    "Total Cost": 637223.74,
    "Plan Rows": 1,
    "Plan Width": 8,
    "Actual Startup Time": 3903.277,
    "Actual Total Time": 3971.824,
    "Actual Rows": 1,
    "Actual Loops": 1,
    "Plans": [
      {
        "Node Type": "Gather",
        "Parent Relationship": "Outer",
        "Parallel Aware": false,
        "Startup Cost": 637223.62,
        "Total Cost": 637223.73,
        "Plan Rows": 1,
        "Plan Width": 8,
        "Actual Startup Time": 3902.74,
        "Actual Total Time": 3971.812,
        "Actual Rows": 2,
        "Actual Loops": 1,
        "Workers Planned": 1,
        "Workers Launched": 1,
        "Single Copy": false,
        "Plans": [
          {
            "Node Type": "Aggregate",
            "Strategy": "Plain",
            "Partial Mode": "Partial",
            "Parent Relationship": "Outer",
            "Parallel Aware": false,
            "Startup Cost": 636223.62,
            "Total Cost": 636223.63,
            "Plan Rows": 1,
            "Plan Width": 8,
            "Actual Startup Time": 3896.465,
            "Actual Total Time": 3896.612,
            "Actual Rows": 1,
            "Actual Loops": 2,
            "Plans": [
              {
                "Node Type": "Hash Join",
                "Parent Relationship": "Outer",
                "Parallel Aware": true,
                "Join Type": "Inner",
                "Startup Cost": 83586.73,
                "Total Cost": 634157.01,
                "Plan Rows": 826642,
                "Plan Width": 0,
                "Actual Startup Time": 326.481,
                "Actual Total Time": 3845.121,
                "Actual Rows": 1205179,
                "Actual Loops": 2,
                "Inner Unique": false,
                "Hash Cond": "(ci.movie_id = t.id)",
                "Plans": [
                  {
                    "Node Type": "Seq Scan",
                    "Parent Relationship": "Outer",
                    "Parallel Aware": true,
                    "Relation Name": "cast_info",
                    "Alias": "ci",
                    "Startup Cost": 0.0,
                    "Total Cost": 465792.95,
                    "Plan Rows": 21310595,
                    "Plan Width": 4,
                    "Actual Startup Time": 0.025,
                    "Actual Total Time": 1405.742,
                    "Actual Rows": 18122172,
                    "Actual Loops": 2
                  },
                  {
                    "Node Type": "Hash",
                    "Parent Relationship": "Inner",
                    "Parallel Aware": true,
                    "Startup Cost": 82865.6,
                    "Total Cost": 82865.6,
                    "Plan Rows": 57690,
                    "Plan Width": 8,
                    "Actual Startup Time": 323.992,
                    "Actual Total Time": 324.137,
                    "Actual Rows": 46439,
                    "Actual Loops": 2,
                    "Hash Buckets": 131072,
                    "Original Hash Buckets": 131072,
                    "Hash Batches": 1,
                    "Original Hash Batches": 1,
                    "Peak Memory Usage": 4704,
                    "Plans": [
                      {
                        "Node Type": "Hash Join",
                        "Parent Relationship": "Outer",
                        "Parallel Aware": true,
                        "Join Type": "Inner",
                        "Startup Cost": 22360.75,
                        "Total Cost": 82865.6,
                        "Plan Rows": 57690,
                        "Plan Width": 8,
                        "Actual Startup Time": 220.449,
                        "Actual Total Time": 314.133,
                        "Actual Rows": 46439,
                        "Actual Loops": 2,
                        "Inner Unique": false,
                        "Hash Cond": "(t.id = mc.movie_id)",
                        "Plans": [
                          {
                            "Node Type": "Seq Scan",
                            "Parent Relationship": "Outer",
                            "Parallel Aware": true,
                            "Relation Name": "title",
                            "Alias": "t",
                            "Startup Cost": 0.0,
                            "Total Cost": 50870.31,
                            "Plan Rows": 1487231,
                            "Plan Width": 4,
                            "Actual Startup Time": 0.01,
                            "Actual Total Time": 115.525,
                            "Actual Rows": 1264156,
                            "Actual Loops": 2
                          },
                          {
                            "Node Type": "Hash",
                            "Parent Relationship": "Inner",
                            "Parallel Aware": true,
                            "Startup Cost": 21639.62,
                            "Total Cost": 21639.62,
                            "Plan Rows": 57690,
                            "Plan Width": 4,
                            "Actual Startup Time": 46.942,
                            "Actual Total Time": 46.944,
                            "Actual Rows": 46439,
                            "Actual Loops": 2,
                            "Hash Buckets": 131072,
                            "Original Hash Buckets": 131072,
                            "Hash Batches": 1,
                            "Original Hash Batches": 1,
                            "Peak Memory Usage": 4704,
                            "Plans": [
                              {
                                "Node Type": "Bitmap Heap Scan",
                                "Parent Relationship": "Outer",
                                "Parallel Aware": true,
                                "Relation Name": "movie_companies",
                                "Alias": "mc",
                                "Startup Cost": 2128.5,
                                "Total Cost": 21639.62,
                                "Plan Rows": 57690,
                                "Plan Width": 4,
                                "Actual Startup Time": 12.304,
                                "Actual Total Time": 33.597,
                                "Actual Rows": 46439,
                                "Actual Loops": 2,
                                "Recheck Cond": "(company_id > 161905)",
                                "Rows Removed by Index Recheck": 0,
                                "Exact Heap Blocks": 2385,
                                "Lossy Heap Blocks": 0,
                                "Plans": [
                                  {
                                    "Node Type": "Bitmap Index Scan",
                                    "Parent Relationship": "Outer",
                                    "Parallel Aware": false,
                                    "Index Name": "company_id_movie_companies",
                                    "Startup Cost": 0.0,
                                    "Total Cost": 2103.98,
                                    "Plan Rows": 98073,
                                    "Plan Width": 0,
                                    "Actual Startup Time": 13.955,
                                    "Actual Total Time": 13.955,
                                    "Actual Rows": 92878,
                                    "Actual Loops": 1,
                                    "Index Cond": "(company_id > 161905)"
                                  }
                                ]
                              }
                            ]
                          }
                        ]
                      }
                    ]
                  }
                ]
              }
            ]
          }
        ]
      }
    ]
  },
  "Planning Time": 0.818,
  "Triggers": [],
  "Execution Time": 3971.978
}