[
  {
    "Plan": {
      "Node Type": "Aggregate",
      "Strategy": "Plain",
      "Partial Mode": "Finalize",
      "Parallel Aware": false,
      "Startup Cost": 336385.79,
      "Total Cost": 336385.8,
      "Plan Rows": 1,
      "Plan Width": 8,
      "Actual Startup Time": 709.921,
      "Actual Total Time": 757.788,
      "Actual Rows": 1,
      "Actual Loops": 1,
      "Plans": [
        {
          "Node Type": "Gather",
          "Parent Relationship": "Outer",
          "Parallel Aware": false,
          "Startup Cost": 336385.16,
          "Total Cost": 336385.77,
          "Plan Rows": 6,
          "Plan Width": 8,
          "Actual Startup Time": 709.713,
          "Actual Total Time": 757.777,
          "Actual Rows": 7,
          "Actual Loops": 1,
          "Workers Planned": 6,
          "Workers Launched": 6,
          "Single Copy": false,
          "Plans": [
            {
              "Node Type": "Aggregate",
              "Strategy": "Plain",
              "Partial Mode": "Partial",
              "Parent Relationship": "Outer",
              "Parallel Aware": false,
              "Startup Cost": 335385.16,
              "Total Cost": 335385.17,
              "Plan Rows": 1,
              "Plan Width": 8,
              "Actual Startup Time": 702.141,
              "Actual Total Time": 702.142,
              "Actual Rows": 1,
              "Actual Loops": 7,
              "Plans": [
                {
                  "Node Type": "Seq Scan",
                  "Parent Relationship": "Outer",
                  "Parallel Aware": true,
                  "Relation Name": "cast_info",
                  "Alias": "ci",
                  "Startup Cost": 0.0,
                  "Total Cost": 328211.39,
                  "Plan Rows": 2869509,
                  "Plan Width": 0,
                  "Actual Startup Time": 213.109,
                  "Actual Total Time": 586.559,
                  "Actual Rows": 2430048,
                  "Actual Loops": 7,
                  "Filter": "(person_id > 1921938)",
                  "Rows Removed by Filter": 2747716
                }
              ]
            }
          ]
        }
      ]
    },
    "Planning Time": 0.252,
    "Triggers": [],
    "Execution Time": 757.856
  }
]