{
  "Plan": {
    "Node Type": "Aggregate",
    "Strategy": "Plain",
    "Partial Mode": "Finalize",
    "Parallel Aware": false,
    "Startup Cost": 371358.46,
    "Total Cost": 371358.47,
    "Plan Rows": 1,
    "Plan Width": 8,
    "Actual Startup Time": 1595.74,
    "Actual Total Time": 1624.575,
    "Actual Rows": 1,
    "Actual Loops": 1,
    "Plans": [
      {
        "Node Type": "Gather",
        "Parent Relationship": "Outer",
        "Parallel Aware": false,
        "Startup Cost": 371358.34,
        "Total Cost": 371358.45,
        "Plan Rows": 1,
        "Plan Width": 8,
        "Actual Startup Time": 1595.414,
        "Actual Total Time": 1624.568,
        "Actual Rows": 2,
        "Actual Loops": 1,
        "Workers Planned": 1,
        "Workers Launched": 1,
        "Single Copy": false,
        "Plans": [
          {
            "Node Type": "Aggregate",
            "Strategy": "Plain",
            "Partial Mode": "Partial",
            "Parent Relationship": "Outer",
            "Parallel Aware": false,
            "Startup Cost": 370358.34,
            "Total Cost": 370358.35,
            "Plan Rows": 1,
            "Plan Width": 8,
            "Actual Startup Time": 1589.513,
            "Actual Total Time": 1589.515,
            "Actual Rows": 1,
            "Actual Loops": 2,
            "Plans": [
              {
                "Node Type": "Hash Join",
                "Parent Relationship": "Outer",
                "Parallel Aware": true,
                "Join Type": "Inner",
                "Startup Cost": 55488.73,
                "Total Cost": 369928.31,
                "Plan Rows": 172015,
                "Plan Width": 0,
                "Actual Startup Time": 172.347,
                "Actual Total Time": 1576.815,
                "Actual Rows": 234662,
                "Actual Loops": 2,
                "Inner Unique": true,
                "Hash Cond": "(ci.movie_id = t.id)",
                "Plans": [
                  {
                    "Node Type": "Index Scan",
                    "Parent Relationship": "Outer",
                    "Parallel Aware": true,
                    "Scan Direction": "Forward",
                    "Index Name": "role_id_cast_info",
                    "Relation Name": "cast_info",
                    "Alias": "ci",
                    "Startup Cost": 0.56,
                    "Total Cost": 305110.75,
                    "Plan Rows": 3554050,
                    "Plan Width": 4,
                    "Actual Startup Time": 0.199,
                    "Actual Total Time": 835.547,
                    "Actual Rows": 3828097,
                    "Actual Loops": 2,
                    "Index Cond": "(role_id > 4)",
                    "Rows Removed by Index Recheck": 0,
                    "Filter": "(person_id > 1300285)",
                    "Rows Removed by Filter": 864254
                  },
                  {
                    "Node Type": "Hash",
                    "Parent Relationship": "Inner",
                    "Parallel Aware": true,
                    "Startup Cost": 54588.39,
                    "Total Cost": 54588.39,
                    "Plan Rows": 71982,
                    "Plan Width": 4,
                    "Actual Startup Time": 169.898,
                    "Actual Total Time": 169.899,
                    "Actual Rows": 61430,
                    "Actual Loops": 2,
                    "Hash Buckets": 131072,
                    "Original Hash Buckets": 131072,
                    "Hash Batches": 1,
                    "Original Hash Batches": 1,
                    "Peak Memory Usage": 5856,
                    "Plans": [
                      {
                        "Node Type": "Seq Scan",
                        "Parent Relationship": "Outer",
                        "Parallel Aware": true,
                        "Relation Name": "title",
                        "Alias": "t",
                        "Startup Cost": 0.0,
                        "Total Cost": 54588.39,
                        "Plan Rows": 71982,
                        "Plan Width": 4,
                        "Actual Startup Time": 0.048,
                        "Actual Total Time": 152.238,
                        "Actual Rows": 61430,
                        "Actual Loops": 2,
                        "Filter": "(production_year = 2008)",
                        "Rows Removed by Filter": 1202726
                      }
                    ]
                  }
                ]
              }
            ]
          }
        ]
      }
    ]
  },
  "Planning Time": 0.524,
  "Triggers": [],
  "Execution Time": 1624.658
}