[
  {
    "Plan": {
      "Node Type": "Aggregate",
      "Strategy": "Plain",
      "Partial Mode": "Finalize",
      "Parallel Aware": false,
      "Startup Cost": 44618.68,
      "Total Cost": 44618.69,
      "Plan Rows": 1,
      "Plan Width": 8,
      "Actual Startup Time": 121.262,
      "Actual Total Time": 131.051,
      "Actual Rows": 1,
      "Actual Loops": 1,
      "Plans": [
        {
          "Node Type": "Gather",
          "Parent Relationship": "Outer",
          "Parallel Aware": false,
          "Startup Cost": 44618.37,
          "Total Cost": 44618.68,
          "Plan Rows": 3,
          "Plan Width": 8,
          "Actual Startup Time": 121.095,
          "Actual Total Time": 131.04,
          "Actual Rows": 4,
          "Actual Loops": 1,
          "Workers Planned": 3,
          "Workers Launched": 3,
          "Single Copy": false,
          "Plans": [
            {
              "Node Type": "Aggregate",
              "Strategy": "Plain",
              "Partial Mode": "Partial",
              "Parent Relationship": "Outer",
              "Parallel Aware": false,
              "Startup Cost": 43618.37,
              "Total Cost": 43618.38,
              "Plan Rows": 1,
              "Plan Width": 8,
              "Actual Startup Time": 115.685,
              "Actual Total Time": 115.687,
              "Actual Rows": 1,
              "Actual Loops": 4,
              "Plans": [
                {
                  "Node Type": "Seq Scan",
                  "Parent Relationship": "Outer",
                  "Parallel Aware": true,
                  "Relation Name": "movie_keyword",
                  "Alias": "mk",
                  "Startup Cost": 0.0,
                  "Total Cost": 42695.65,
                  "Plan Rows": 369085,
                  "Plan Width": 0,
                  "Actual Startup Time": 1.836,
                  "Actual Total Time": 101.527,
                  "Actual Rows": 286700,
                  "Actual Loops": 4,
                  "Filter": "(keyword_id > 16261)",
                  "Rows Removed by Filter": 844283
                }
              ]
            }
          ]
        }
      ]
    },
    "Planning Time": 0.183,
    "Triggers": [],
    "Execution Time": 131.105
  }
]