[
  {
    "Plan": {
      "Node Type": "Aggregate",
      "Strategy": "Plain",
      "Partial Mode": "Simple",
      "Parallel Aware": false,
      "Startup Cost": 29096.97,
      "Total Cost": 29096.98,
      "Plan Rows": 1,
      "Plan Width": 96,
      "Actual Startup Time": 1004.053,
      "Actual Total Time": 1004.059,
      "Actual Rows": 1,
      "Actual Loops": 1,
      "Plans": [
        {
          "Node Type": "Nested Loop",
          "Parent Relationship": "Outer",
          "Parallel Aware": false,
          "Join Type": "Inner",
          "Startup Cost": 6244.37,
          "Total Cost": 29096.96,
          "Plan Rows": 1,
          "Plan Width": 41,
          "Actual Startup Time": 436.572,
          "Actual Total Time": 1003.966,
          "Actual Rows": 372,
          "Actual Loops": 1,
          "Inner Unique": true,
          "Plans": [
            {
              "Node Type": "Nested Loop",
              "Parent Relationship": "Outer",
              "Parallel Aware": false,
              "Join Type": "Inner",
              "Startup Cost": 6244.22,
              "Total Cost": 29096.13,
              "Plan Rows": 5,
              "Plan Width": 45,
              "Actual Startup Time": 436.516,
              "Actual Total Time": 1001.737,
              "Actual Rows": 2122,
              "Actual Loops": 1,
              "Inner Unique": false,
              "Join Filter": "(t.id = mi.movie_id)",
              "Rows Removed by Join Filter": 0,
              "Plans": [
                {
                  "Node Type": "Nested Loop",
                  "Parent Relationship": "Outer",
                  "Parallel Aware": false,
                  "Join Type": "Inner",
                  "Startup Cost": 6243.79,
                  "Total Cost": 29094.1,
                  "Plan Rows": 1,
                  "Plan Width": 53,
                  "Actual Startup Time": 436.441,
                  "Actual Total Time": 996.759,
                  "Actual Rows": 61,
                  "Actual Loops": 1,
                  "Inner Unique": true,
                  "Plans": [
                    {
                      "Node Type": "Nested Loop",
                      "Parent Relationship": "Outer",
                      "Parallel Aware": false,
                      "Join Type": "Inner",
                      "Startup Cost": 6243.37,
                      "Total Cost": 29093.66,
                      "Plan Rows": 1,
                      "Plan Width": 38,
                      "Actual Startup Time": 433.26,
                      "Actual Total Time": 994.919,
                      "Actual Rows": 117,
                      "Actual Loops": 1,
                      "Inner Unique": true,
                      "Plans": [
                        {
                          "Node Type": "Nested Loop",
                          "Parent Relationship": "Outer",
                          "Parallel Aware": false,
                          "Join Type": "Inner",
                          "Startup Cost": 6243.24,
                          "Total Cost": 29093.34,
                          "Plan Rows": 2,
                          "Plan Width": 42,
                          "Actual Startup Time": 433.247,
                          "Actual Total Time": 994.505,
                          "Actual Rows": 313,
                          "Actual Loops": 1,
                          "Inner Unique": false,
                          "Join Filter": "(t.id = mc.movie_id)",
                          "Rows Removed by Join Filter": 0,
                          "Plans": [
                            {
                              "Node Type": "Nested Loop",
                              "Parent Relationship": "Outer",
                              "Parallel Aware": false,
                              "Join Type": "Inner",
                              "Startup Cost": 6242.81,
                              "Total Cost": 29092.67,
                              "Plan Rows": 1,
                              "Plan Width": 30,
                              "Actual Startup Time": 433.184,
                              "Actual Total Time": 992.72,
                              "Actual Rows": 90,
                              "Actual Loops": 1,
                              "Inner Unique": true,
                              "Plans": [
                                {
                                  "Node Type": "Nested Loop",
                                  "Parent Relationship": "Outer",
                                  "Parallel Aware": false,
                                  "Join Type": "Inner",
                                  "Startup Cost": 6242.68,
                                  "Total Cost": 29092.27,
                                  "Plan Rows": 2,
                                  "Plan Width": 34,
                                  "Actual Startup Time": 25.971,
                                  "Actual Total Time": 992.182,
                                  "Actual Rows": 352,
                                  "Actual Loops": 1,
                                  "Inner Unique": true,
                                  "Plans": [
                                    {
                                      "Node Type": "Nested Loop",
                                      "Parent Relationship": "Outer",
                                      "Parallel Aware": false,
                                      "Join Type": "Inner",
                                      "Startup Cost": 6242.25,
                                      "Total Cost": 21942.36,
                                      "Plan Rows": 12213,
                                      "Plan Width": 9,
                                      "Actual Startup Time": 23.763,
                                      "Actual Total Time": 137.719,
                                      "Actual Rows": 459925,
                                      "Actual Loops": 1,
                                      "Inner Unique": false,
                                      "Plans": [
                                        {
                                          "Node Type": "Seq Scan",
                                          "Parent Relationship": "Outer",
                                          "Parallel Aware": false,
                                          "Relation Name": "info_type",
                                          "Alias": "it",
                                          "Startup Cost": 0.0,
                                          "Total Cost": 2.41,
                                          "Plan Rows": 1,
                                          "Plan Width": 4,
                                          "Actual Startup Time": 0.016,
                                          "Actual Total Time": 0.021,
                                          "Actual Rows": 1,
                                          "Actual Loops": 1,
                                          "Filter": "((info)::text = 'rating'::text)",
                                          "Rows Removed by Filter": 112
                                        },
                                        {
                                          "Node Type": "Bitmap Heap Scan",
                                          "Parent Relationship": "Inner",
                                          "Parallel Aware": false,
                                          "Relation Name": "movie_info_idx",
                                          "Alias": "miidx",
                                          "Startup Cost": 6242.25,
                                          "Total Cost": 18489.86,
                                          "Plan Rows": 345009,
                                          "Plan Width": 13,
                                          "Actual Startup Time": 23.741,
                                          "Actual Total Time": 92.894,
                                          "Actual Rows": 459925,
                                          "Actual Loops": 1,
                                          "Recheck Cond": "(info_type_id = it.id)",
                                          "Rows Removed by Index Recheck": 0,
                                          "Exact Heap Blocks": 7934,
                                          "Lossy Heap Blocks": 0,
                                          "Plans": [
                                            {
                                              "Node Type": "Bitmap Index Scan",
                                              "Parent Relationship": "Outer",
                                              "Parallel Aware": false,
                                              "Index Name": "info_type_id_movie_info_idx",
                                              "Startup Cost": 0.0,
                                              "Total Cost": 6155.99,
                                              "Plan Rows": 345009,
                                              "Plan Width": 0,
                                              "Actual Startup Time": 22.801,
                                              "Actual Total Time": 22.801,
                                              "Actual Rows": 459925,
                                              "Actual Loops": 1,
                                              "Index Cond": "(info_type_id = it.id)"
                                            }
                                          ]
                                        }
                                      ]
                                    },
                                    {
                                      "Node Type": "Index Scan",
                                      "Parent Relationship": "Inner",
                                      "Parallel Aware": false,
                                      "Scan Direction": "Forward",
                                      "Index Name": "title_pkey",
                                      "Relation Name": "title",
                                      "Alias": "t",
                                      "Startup Cost": 0.43,
                                      "Total Cost": 0.59,
                                      "Plan Rows": 1,
                                      "Plan Width": 25,
                                      "Actual Startup Time": 0.002,
                                      "Actual Total Time": 0.002,
                                      "Actual Rows": 0,
                                      "Actual Loops": 459925,
                                      "Index Cond": "(id = miidx.movie_id)",
                                      "Rows Removed by Index Recheck": 0,
                                      "Filter": "((title <> ''::text) AND ((title ~~ '%Champion%'::text) OR (title ~~ '%Loser%'::text)))",
                                      "Rows Removed by Filter": 1
                                    }
                                  ]
                                },
                                {
                                  "Node Type": "Index Scan",
                                  "Parent Relationship": "Inner",
                                  "Parallel Aware": false,
                                  "Scan Direction": "Forward",
                                  "Index Name": "kind_type_pkey",
                                  "Relation Name": "kind_type",
                                  "Alias": "kt",
                                  "Startup Cost": 0.13,
                                  "Total Cost": 0.18,
                                  "Plan Rows": 1,
                                  "Plan Width": 4,
                                  "Actual Startup Time": 0.001,
                                  "Actual Total Time": 0.001,
                                  "Actual Rows": 0,
                                  "Actual Loops": 352,
                                  "Index Cond": "(id = t.kind_id)",
                                  "Rows Removed by Index Recheck": 0,
                                  "Filter": "((kind)::text = 'movie'::text)",
                                  "Rows Removed by Filter": 1
                                }
                              ]
                            },
                            {
                              "Node Type": "Index Scan",
                              "Parent Relationship": "Inner",
                              "Parallel Aware": false,
                              "Scan Direction": "Forward",
                              "Index Name": "movie_id_movie_companies",
                              "Relation Name": "movie_companies",
                              "Alias": "mc",
                              "Startup Cost": 0.43,
                              "Total Cost": 0.6,
                              "Plan Rows": 5,
                              "Plan Width": 12,
                              "Actual Startup Time": 0.016,
                              "Actual Total Time": 0.019,
                              "Actual Rows": 3,
                              "Actual Loops": 90,
                              "Index Cond": "(movie_id = miidx.movie_id)",
                              "Rows Removed by Index Recheck": 0
                            }
                          ]
                        },
                        {
                          "Node Type": "Index Scan",
                          "Parent Relationship": "Inner",
                          "Parallel Aware": false,
                          "Scan Direction": "Forward",
                          "Index Name": "company_type_pkey",
                          "Relation Name": "company_type",
                          "Alias": "ct",
                          "Startup Cost": 0.13,
                          "Total Cost": 0.15,
                          "Plan Rows": 1,
                          "Plan Width": 4,
                          "Actual Startup Time": 0.001,
                          "Actual Total Time": 0.001,
                          "Actual Rows": 0,
                          "Actual Loops": 313,
                          "Index Cond": "(id = mc.company_type_id)",
                          "Rows Removed by Index Recheck": 0,
                          "Filter": "((kind)::text = 'production companies'::text)",
                          "Rows Removed by Filter": 1
                        }
                      ]
                    },
                    {
                      "Node Type": "Index Scan",
                      "Parent Relationship": "Inner",
                      "Parallel Aware": false,
                      "Scan Direction": "Forward",
                      "Index Name": "company_name_pkey",
                      "Relation Name": "company_name",
                      "Alias": "cn",
                      "Startup Cost": 0.42,
                      "Total Cost": 0.45,
                      "Plan Rows": 1,
                      "Plan Width": 23,
                      "Actual Startup Time": 0.015,
                      "Actual Total Time": 0.015,
                      "Actual Rows": 1,
                      "Actual Loops": 117,
                      "Index Cond": "(id = mc.company_id)",
                      "Rows Removed by Index Recheck": 0,
                      "Filter": "((country_code)::text = '[us]'::text)",
                      "Rows Removed by Filter": 0
                    }
                  ]
                },
                {
                  "Node Type": "Index Scan",
                  "Parent Relationship": "Inner",
                  "Parallel Aware": false,
                  "Scan Direction": "Forward",
                  "Index Name": "movie_id_movie_info",
                  "Relation Name": "movie_info",
                  "Alias": "mi",
                  "Startup Cost": 0.43,
                  "Total Cost": 1.5,
                  "Plan Rows": 42,
                  "Plan Width": 8,
                  "Actual Startup Time": 0.02,
                  "Actual Total Time": 0.075,
                  "Actual Rows": 35,
                  "Actual Loops": 61,
                  "Index Cond": "(movie_id = mc.movie_id)",
                  "Rows Removed by Index Recheck": 0
                }
              ]
            },
            {
              "Node Type": "Index Scan",
              "Parent Relationship": "Inner",
              "Parallel Aware": false,
              "Scan Direction": "Forward",
              "Index Name": "info_type_pkey",
              "Relation Name": "info_type",
              "Alias": "it2",
              "Startup Cost": 0.14,
              "Total Cost": 0.16,
              "Plan Rows": 1,
              "Plan Width": 4,
              "Actual Startup Time": 0.001,
              "Actual Total Time": 0.001,
              "Actual Rows": 0,
              "Actual Loops": 2122,
              "Index Cond": "(id = mi.info_type_id)",
              "Rows Removed by Index Recheck": 0,
              "Filter": "((info)::text = 'release dates'::text)",
              "Rows Removed by Filter": 1
            }
          ]
        }
      ]
    },
    "Planning Time": 14.779,
    "Triggers": [],
    "Execution Time": 1004.448
  }
]