{
  "Plan": {
    "Node Type": "Aggregate",
    "Strategy": "Plain",
    "Partial Mode": "Finalize",
    "Parallel Aware": false,
    "Startup Cost": 150771.28,
    "Total Cost": 150771.29,
    "Plan Rows": 1,
    "Plan Width": 8,
    "Actual Startup Time": 761.056,
    "Actual Total Time": 779.457,
    "Actual Rows": 1,
    "Actual Loops": 1,
    "Plans": [
      {
        "Node Type": "Gather",
        "Parent Relationship": "Outer",
        "Parallel Aware": false,
        "Startup Cost": 150771.16,
        "Total Cost": 150771.27,
        "Plan Rows": 1,
        "Plan Width": 8,
        "Actual Startup Time": 759.792,
        "Actual Total Time": 779.449,
        "Actual Rows": 2,
        "Actual Loops": 1,
        "Workers Planned": 1,
        "Workers Launched": 1,
        "Single Copy": false,
        "Plans": [
          {
            "Node Type": "Aggregate",
            "Strategy": "Plain",
            "Partial Mode": "Partial",
            "Parent Relationship": "Outer",
            "Parallel Aware": false,
            "Startup Cost": 149771.16,
            "Total Cost": 149771.17,
            "Plan Rows": 1,
            "Plan Width": 8,
            "Actual Startup Time": 753.593,
            "Actual Total Time": 754.077,
            "Actual Rows": 1,
            "Actual Loops": 2,
            "Plans": [
              {
                "Node Type": "Hash Join",
                "Parent Relationship": "Outer",
                "Parallel Aware": true,
                "Join Type": "Inner",
                "Startup Cost": 88421.17,
                "Total Cost": 149680.08,
                "Plan Rows": 36432,
                "Plan Width": 0,
                "Actual Startup Time": 405.447,
                "Actual Total Time": 720.281,
                "Actual Rows": 847516,
                "Actual Loops": 2,
                "Inner Unique": false,
                "Hash Cond": "(mk.movie_id = t.id)",
                "Plans": [
                  {
                    "Node Type": "Seq Scan",
                    "Parent Relationship": "Outer",
                    "Parallel Aware": true,
                    "Relation Name": "movie_keyword",
                    "Alias": "mk",
                    "Startup Cost": 0.0,
                    "Total Cost": 51065.35,
                    "Plan Rows": 2661135,
                    "Plan Width": 4,
                    "Actual Startup Time": 0.012,
                    "Actual Total Time": 152.856,
                    "Actual Rows": 2261965,
                    "Actual Loops": 2
                  },
                  {
                    "Node Type": "Hash",
                    "Parent Relationship": "Inner",
                    "Parallel Aware": true,
                    "Startup Cost": 88166.65,
                    "Total Cost": 88166.65,
                    "Plan Rows": 20361,
                    "Plan Width": 8,
                    "Actual Startup Time": 333.652,
                    "Actual Total Time": 334.135,
                    "Actual Rows": 86814,
                    "Actual Loops": 2,
                    "Hash Buckets": 262144,
                    "Original Hash Buckets": 65536,
                    "Hash Batches": 1,
                    "Original Hash Batches": 1,
                    "Peak Memory Usage": 10400,
                    "Plans": [
                      {
                        "Node Type": "Hash Join",
                        "Parent Relationship": "Outer",
                        "Parallel Aware": true,
                        "Join Type": "Inner",
                        "Startup Cost": 27156.8,
                        "Total Cost": 88166.65,
                        "Plan Rows": 20361,
                        "Plan Width": 8,
                        "Actual Startup Time": 171.516,
                        "Actual Total Time": 311.744,
                        "Actual Rows": 86814,
                        "Actual Loops": 2,
                        "Inner Unique": false,
                        "Hash Cond": "(t.id = mc.movie_id)",
                        "Plans": [
                          {
                            "Node Type": "Seq Scan",
                            "Parent Relationship": "Outer",
                            "Parallel Aware": true,
                            "Relation Name": "title",
                            "Alias": "t",
                            "Startup Cost": 0.0,
                            "Total Cost": 58306.47,
                            "Plan Rows": 413378,
                            "Plan Width": 4,
                            "Actual Startup Time": 0.011,
                            "Actual Total Time": 138.769,
                            "Actual Rows": 374966,
                            "Actual Loops": 2,
                            "Filter": "((kind_id < 7) AND (production_year < 2009))",
                            "Rows Removed by Filter": 889190
                          },
                          {
                            "Node Type": "Hash",
                            "Parent Relationship": "Inner",
                            "Parallel Aware": true,
                            "Startup Cost": 26241.15,
                            "Total Cost": 26241.15,
                            "Plan Rows": 73252,
                            "Plan Width": 4,
                            "Actual Startup Time": 91.558,
                            "Actual Total Time": 91.56,
                            "Actual Rows": 121564,
                            "Actual Loops": 2,
                            "Hash Buckets": 262144,
                            "Original Hash Buckets": 131072,
                            "Hash Batches": 1,
                            "Original Hash Batches": 1,
                            "Peak Memory Usage": 12608,
                            "Plans": [
                              {
                                "Node Type": "Bitmap Heap Scan",
                                "Parent Relationship": "Outer",
                                "Parallel Aware": true,
                                "Relation Name": "movie_companies",
                                "Alias": "mc",
                                "Startup Cost": 5287.05,
                                "Total Cost": 26241.15,
                                "Plan Rows": 73252,
                                "Plan Width": 4,
                                "Actual Startup Time": 30.072,
                                "Actual Total Time": 64.101,
                                "Actual Rows": 121564,
                                "Actual Loops": 2,
                                "Recheck Cond": "(company_id > 102419)",
                                "Rows Removed by Index Recheck": 0,
                                "Filter": "(company_type_id = 2)",
                                "Rows Removed by Filter": 0,
                                "Exact Heap Blocks": 3210,
                                "Lossy Heap Blocks": 0,
                                "Plans": [
                                  {
                                    "Node Type": "Bitmap Index Scan",
                                    "Parent Relationship": "Outer",
                                    "Parallel Aware": false,
                                    "Index Name": "company_id_movie_companies",
                                    "Startup Cost": 0.0,
                                    "Total Cost": 5255.92,
                                    "Plan Rows": 245265,
                                    "Plan Width": 0,
                                    "Actual Startup Time": 32.748,
                                    "Actual Total Time": 32.748,
                                    "Actual Rows": 243129,
                                    "Actual Loops": 1,
                                    "Index Cond": "(company_id > 102419)"
                                  }
                                ]
                              }
                            ]
                          }
                        ]
                      }
                    ]
                  }
                ]
              }
            ]
          }
        ]
      }
    ]
  },
  "Planning Time": 0.919,
  "Triggers": [],
  "Execution Time": 779.56
}