[
  {
    "Plan": {
      "Node Type": "Aggregate",
      "Strategy": "Plain",
      "Partial Mode": "Finalize",
      "Parallel Aware": false,
      "Startup Cost": 340841.68,
      "Total Cost": 340841.69,
      "Plan Rows": 1,
      "Plan Width": 8,
      "Actual Startup Time": 497.931,
      "Actual Total Time": 519.152,
      "Actual Rows": 1,
      "Actual Loops": 1,
      "Plans": [
        {
          "Node Type": "Gather",
          "Parent Relationship": "Outer",
          "Parallel Aware": false,
          "Startup Cost": 340841.05,
          "Total Cost": 340841.66,
          "Plan Rows": 6,
          "Plan Width": 8,
          "Actual Startup Time": 497.806,
          "Actual Total Time": 519.142,
          "Actual Rows": 7,
          "Actual Loops": 1,
          "Workers Planned": 6,
          "Workers Launched": 6,
          "Single Copy": false,
          "Plans": [
            {
              "Node Type": "Aggregate",
              "Strategy": "Plain",
              "Partial Mode": "Partial",
              "Parent Relationship": "Outer",
              "Parallel Aware": false,
              "Startup Cost": 339841.05,
              "Total Cost": 339841.06,
              "Plan Rows": 1,
              "Plan Width": 8,
              "Actual Startup Time": 488.083,
              "Actual Total Time": 488.084,
              "Actual Rows": 1,
              "Actual Loops": 7,
              "Plans": [
                {
                  "Node Type": "Index Scan",
                  "Parent Relationship": "Outer",
                  "Parallel Aware": true,
                  "Scan Direction": "Forward",
                  "Index Name": "role_id_cast_info",
                  "Relation Name": "cast_info",
                  "Alias": "ci",
                  "Startup Cost": 0.56,
                  "Total Cost": 335235.55,
                  "Plan Rows": 1842202,
                  "Plan Width": 0,
                  "Actual Startup Time": 111.4,
                  "Actual Total Time": 420.886,
                  "Actual Rows": 1372884,
                  "Actual Loops": 7,
                  "Index Cond": "(role_id = 1)",
                  "Rows Removed by Index Recheck": 0,
                  "Filter": "(person_id > 409242)",
                  "Rows Removed by Filter": 437214
                }
              ]
            }
          ]
        }
      ]
    },
    "Planning Time": 0.232,
    "Triggers": [],
    "Execution Time": 519.217
  }
]