[
  {
    "Plan": {
      "Node Type": "Aggregate",
      "Strategy": "Plain",
      "Partial Mode": "Finalize",
      "Parallel Aware": false,
      "Startup Cost": 117145.28,
      "Total Cost": 117145.29,
      "Plan Rows": 1,
      "Plan Width": 8,
      "Actual Startup Time": 751.527,
      "Actual Total Time": 775.071,
      "Actual Rows": 1,
      "Actual Loops": 1,
      "Plans": [
        {
          "Node Type": "Gather",
          "Parent Relationship": "Outer",
          "Parallel Aware": false,
          "Startup Cost": 117144.97,
          "Total Cost": 117145.28,
          "Plan Rows": 3,
          "Plan Width": 8,
          "Actual Startup Time": 749.997,
          "Actual Total Time": 775.057,
          "Actual Rows": 4,
          "Actual Loops": 1,
          "Workers Planned": 3,
          "Workers Launched": 3,
          "Single Copy": false,
          "Plans": [
            {
              "Node Type": "Aggregate",
              "Strategy": "Plain",
              "Partial Mode": "Partial",
              "Parent Relationship": "Outer",
              "Parallel Aware": false,
              "Startup Cost": 116144.97,
              "Total Cost": 116144.98,
              "Plan Rows": 1,
              "Plan Width": 8,
              "Actual Startup Time": 742.608,
              "Actual Total Time": 742.612,
              "Actual Rows": 1,
              "Actual Loops": 4,
              "Plans": [
                {
                  "Node Type": "Nested Loop",
                  "Parent Relationship": "Outer",
                  "Parallel Aware": false,
                  "Join Type": "Inner",
                  "Startup Cost": 45906.44,
                  "Total Cost": 116093.99,
                  "Plan Rows": 20392,
                  "Plan Width": 0,
                  "Actual Startup Time": 148.565,
                  "Actual Total Time": 704.821,
                  "Actual Rows": 930333,
                  "Actual Loops": 4,
                  "Inner Unique": false,
                  "Join Filter": "(t.id = mk.movie_id)",
                  "Rows Removed by Join Filter": 0,
                  "Plans": [
                    {
                      "Node Type": "Hash Join",
                      "Parent Relationship": "Outer",
                      "Parallel Aware": true,
                      "Join Type": "Inner",
                      "Startup Cost": 45906.01,
                      "Total Cost": 78331.11,
                      "Plan Rows": 20771,
                      "Plan Width": 8,
                      "Actual Startup Time": 148.459,
                      "Actual Total Time": 247.125,
                      "Actual Rows": 80466,
                      "Actual Loops": 4,
                      "Inner Unique": true,
                      "Hash Cond": "(mc.movie_id = t.id)",
                      "Plans": [
                        {
                          "Node Type": "Seq Scan",
                          "Parent Relationship": "Outer",
                          "Parallel Aware": true,
                          "Relation Name": "movie_companies",
                          "Alias": "mc",
                          "Startup Cost": 0.0,
                          "Total Cost": 31414.82,
                          "Plan Rows": 384869,
                          "Plan Width": 4,
                          "Actual Startup Time": 0.01,
                          "Actual Total Time": 69.11,
                          "Actual Rows": 318562,
                          "Actual Loops": 4,
                          "Filter": "((company_id < 125945) AND (company_type_id < 2))",
                          "Rows Removed by Filter": 333721
                        },
                        {
                          "Node Type": "Hash",
                          "Parent Relationship": "Inner",
                          "Parallel Aware": true,
                          "Startup Cost": 45479.59,
                          "Total Cost": 45479.59,
                          "Plan Rows": 34114,
                          "Plan Width": 4,
                          "Actual Startup Time": 119.615,
                          "Actual Total Time": 119.616,
                          "Actual Rows": 69598,
                          "Actual Loops": 4,
                          "Hash Buckets": 524288,
                          "Original Hash Buckets": 262144,
                          "Hash Batches": 1,
                          "Original Hash Batches": 1,
                          "Peak Memory Usage": 17056,
                          "Plans": [
                            {
                              "Node Type": "Seq Scan",
                              "Parent Relationship": "Outer",
                              "Parallel Aware": true,
                              "Relation Name": "title",
                              "Alias": "t",
                              "Startup Cost": 0.0,
                              "Total Cost": 45479.59,
                              "Plan Rows": 34114,
                              "Plan Width": 4,
                              "Actual Startup Time": 50.841,
                              "Actual Total Time": 89.987,
                              "Actual Rows": 69598,
                              "Actual Loops": 4,
                              "Filter": "((production_year < 1982) AND (kind_id = 1))",
                              "Rows Removed by Filter": 562480
                            }
                          ]
                        }
                      ]
                    },
                    {
                      "Node Type": "Index Scan",
                      "Parent Relationship": "Inner",
                      "Parallel Aware": false,
                      "Scan Direction": "Forward",
                      "Index Name": "movie_id_movie_keyword",
                      "Relation Name": "movie_keyword",
                      "Alias": "mk",
                      "Startup Cost": 0.43,
                      "Total Cost": 1.51,
                      "Plan Rows": 25,
                      "Plan Width": 4,
                      "Actual Startup Time": 0.002,
                      "Actual Total Time": 0.005,
                      "Actual Rows": 12,
                      "Actual Loops": 321866,
                      "Index Cond": "(movie_id = mc.movie_id)",
                      "Rows Removed by Index Recheck": 0,
                      "Filter": "(keyword_id < 6104)",
                      "Rows Removed by Filter": 11
                    }
                  ]
                }
              ]
            }
          ]
        }
      ]
    },
    "Planning Time": 0.625,
    "Triggers": [],
    "Execution Time": 775.119
  }
]