[
  {
    "Plan": {
      "Node Type": "Aggregate",
      "Strategy": "Plain",
      "Partial Mode": "Simple",
      "Parallel Aware": false,
      "Startup Cost": 3365.4,
      "Total Cost": 3365.41,
      "Plan Rows": 1,
      "Plan Width": 8,
      "Actual Startup Time": 6.009,
      "Actual Total Time": 6.011,
      "Actual Rows": 1,
      "Actual Loops": 1,
      "Plans": [
        {
          "Node Type": "Nested Loop",
          "Parent Relationship": "Outer",
          "Parallel Aware": false,
          "Join Type": "Inner",
          "Startup Cost": 7.23,
          "Total Cost": 3362.96,
          "Plan Rows": 977,
          "Plan Width": 0,
          "Actual Startup Time": 0.131,
          "Actual Total Time": 5.783,
          "Actual Rows": 3626,
          "Actual Loops": 1,
          "Inner Unique": false,
          "Plans": [
            {
              "Node Type": "Nested Loop",
              "Parent Relationship": "Outer",
              "Parallel Aware": false,
              "Join Type": "Inner",
              "Startup Cost": 6.79,
              "Total Cost": 3018.6,
              "Plan Rows": 166,
              "Plan Width": 8,
              "Actual Startup Time": 0.119,
              "Actual Total Time": 2.581,
              "Actual Rows": 85,
              "Actual Loops": 1,
              "Inner Unique": true,
              "Plans": [
                {
                  "Node Type": "Bitmap Heap Scan",
                  "Parent Relationship": "Outer",
                  "Parallel Aware": false,
                  "Relation Name": "movie_keyword",
                  "Alias": "mk",
                  "Startup Cost": 6.36,
                  "Total Cost": 926.55,
                  "Plan Rows": 249,
                  "Plan Width": 4,
                  "Actual Startup Time": 0.107,
                  "Actual Total Time": 0.736,
                  "Actual Rows": 341,
                  "Actual Loops": 1,
                  "Recheck Cond": "(keyword_id = 439)",
                  "Rows Removed by Index Recheck": 0,
                  "Exact Heap Blocks": 333,
                  "Lossy Heap Blocks": 0,
                  "Plans": [
                    {
                      "Node Type": "Bitmap Index Scan",
                      "Parent Relationship": "Outer",
                      "Parallel Aware": false,
                      "Index Name": "keyword_id_movie_keyword",
                      "Startup Cost": 0.0,
                      "Total Cost": 6.3,
                      "Plan Rows": 249,
                      "Plan Width": 0,
                      "Actual Startup Time": 0.07,
                      "Actual Total Time": 0.07,
                      "Actual Rows": 341,
                      "Actual Loops": 1,
                      "Index Cond": "(keyword_id = 439)"
                    }
                  ]
                },
                {
                  "Node Type": "Index Scan",
                  "Parent Relationship": "Inner",
                  "Parallel Aware": false,
                  "Scan Direction": "Forward",
                  "Index Name": "title_pkey",
                  "Relation Name": "title",
                  "Alias": "t",
                  "Startup Cost": 0.43,
                  "Total Cost": 8.4,
                  "Plan Rows": 1,
                  "Plan Width": 4,
                  "Actual Startup Time": 0.005,
                  "Actual Total Time": 0.005,
                  "Actual Rows": 0,
                  "Actual Loops": 341,
                  "Index Cond": "(id = mk.movie_id)",
                  "Rows Removed by Index Recheck": 0,
                  "Filter": "(production_year > 1993)",
                  "Rows Removed by Filter": 1
                }
              ]
            },
            {
              "Node Type": "Index Only Scan",
              "Parent Relationship": "Inner",
              "Parallel Aware": false,
              "Scan Direction": "Forward",
              "Index Name": "movie_id_movie_info",
              "Relation Name": "movie_info",
              "Alias": "mi",
              "Startup Cost": 0.43,
              "Total Cost": 1.66,
              "Plan Rows": 41,
              "Plan Width": 4,
              "Actual Startup Time": 0.009,
              "Actual Total Time": 0.034,
              "Actual Rows": 43,
              "Actual Loops": 85,
              "Index Cond": "(movie_id = t.id)",
              "Rows Removed by Index Recheck": 0,
              "Heap Fetches": 3626
            }
          ]
        }
      ]
    },
    "Planning Time": 0.499,
    "Triggers": [],
    "Execution Time": 6.051
  }
]