[
  {
    "Plan": {
      "Node Type": "Aggregate",
      "Strategy": "Plain",
      "Partial Mode": "Finalize",
      "Parallel Aware": false,
      "Startup Cost": 32757.78,
      "Total Cost": 32757.79,
      "Plan Rows": 1,
      "Plan Width": 8,
      "Actual Startup Time": 105.926,
      "Actual Total Time": 115.514,
      "Actual Rows": 1,
      "Actual Loops": 1,
      "Plans": [
        {
          "Node Type": "Gather",
          "Parent Relationship": "Outer",
          "Parallel Aware": false,
          "Startup Cost": 32757.46,
          "Total Cost": 32757.77,
          "Plan Rows": 3,
          "Plan Width": 8,
          "Actual Startup Time": 105.808,
          "Actual Total Time": 115.506,
          "Actual Rows": 4,
          "Actual Loops": 1,
          "Workers Planned": 3,
          "Workers Launched": 3,
          "Single Copy": false,
          "Plans": [
            {
              "Node Type": "Aggregate",
              "Strategy": "Plain",
              "Partial Mode": "Partial",
              "Parent Relationship": "Outer",
              "Parallel Aware": false,
              "Startup Cost": 31757.46,
              "Total Cost": 31757.47,
              "Plan Rows": 1,
              "Plan Width": 8,
              "Actual Startup Time": 88.607,
              "Actual Total Time": 88.608,
              "Actual Rows": 1,
              "Actual Loops": 4,
              "Plans": [
                {
                  "Node Type": "Seq Scan",
                  "Parent Relationship": "Outer",
                  "Parallel Aware": true,
                  "Relation Name": "movie_companies",
                  "Alias": "mc",
                  "Startup Cost": 0.0,
                  "Total Cost": 31414.82,
                  "Plan Rows": 137058,
                  "Plan Width": 0,
                  "Actual Startup Time": 51.098,
                  "Actual Total Time": 85.257,
                  "Actual Rows": 60798,
                  "Actual Loops": 4,
                  "Filter": "((company_id < 2078) AND (company_type_id > 1))",
                  "Rows Removed by Filter": 591484
                }
              ]
            }
          ]
        }
      ]
    },
    "Planning Time": 0.219,
    "Triggers": [],
    "Execution Time": 115.572
  }
]