[
  {
    "Plan": {
      "Node Type": "Aggregate",
      "Strategy": "Plain",
      "Partial Mode": "Finalize",
      "Parallel Aware": false,
      "Startup Cost": 27985.45,
      "Total Cost": 27985.46,
      "Plan Rows": 1,
      "Plan Width": 8,
      "Actual Startup Time": 72.319,
      "Actual Total Time": 76.371,
      "Actual Rows": 1,
      "Actual Loops": 1,
      "Plans": [
        {
          "Node Type": "Gather",
          "Parent Relationship": "Outer",
          "Parallel Aware": false,
          "Startup Cost": 27985.14,
          "Total Cost": 27985.45,
          "Plan Rows": 3,
          "Plan Width": 8,
          "Actual Startup Time": 72.109,
          "Actual Total Time": 76.363,
          "Actual Rows": 4,
          "Actual Loops": 1,
          "Workers Planned": 3,
          "Workers Launched": 3,
          "Single Copy": false,
          "Plans": [
            {
              "Node Type": "Aggregate",
              "Strategy": "Plain",
              "Partial Mode": "Partial",
              "Parent Relationship": "Outer",
              "Parallel Aware": false,
              "Startup Cost": 26985.14,
              "Total Cost": 26985.15,
              "Plan Rows": 1,
              "Plan Width": 8,
              "Actual Startup Time": 64.461,
              "Actual Total Time": 64.463,
              "Actual Rows": 1,
              "Actual Loops": 4,
              "Plans": [
                {
                  "Node Type": "Bitmap Heap Scan",
                  "Parent Relationship": "Outer",
                  "Parallel Aware": true,
                  "Relation Name": "movie_companies",
                  "Alias": "mc",
                  "Startup Cost": 6699.67,
                  "Total Cost": 26735.89,
                  "Plan Rows": 99698,
                  "Plan Width": 0,
                  "Actual Startup Time": 27.45,
                  "Actual Total Time": 58.898,
                  "Actual Rows": 76804,
                  "Actual Loops": 4,
                  "Recheck Cond": "(company_id > 93047)",
                  "Rows Removed by Index Recheck": 0,
                  "Exact Heap Blocks": 2804,
                  "Lossy Heap Blocks": 0,
                  "Plans": [
                    {
                      "Node Type": "Bitmap Index Scan",
                      "Parent Relationship": "Outer",
                      "Parallel Aware": false,
                      "Index Name": "company_id_movie_companies",
                      "Startup Cost": 0.0,
                      "Total Cost": 6622.4,
                      "Plan Rows": 309063,
                      "Plan Width": 0,
                      "Actual Startup Time": 33.248,
                      "Actual Total Time": 33.249,
                      "Actual Rows": 307218,
                      "Actual Loops": 1,
                      "Index Cond": "(company_id > 93047)"
                    }
                  ]
                }
              ]
            }
          ]
        }
      ]
    },
    "Planning Time": 0.19,
    "Triggers": [],
    "Execution Time": 76.445
  }
]