{
  "Plan": {
    "Node Type": "Aggregate",
    "Strategy": "Plain",
    "Partial Mode": "Finalize",
    "Parallel Aware": false,
    "Startup Cost": 446596.76,
    "Total Cost": 446596.77,
    "Plan Rows": 1,
    "Plan Width": 8,
    "Actual Startup Time": 1823.455,
    "Actual Total Time": 1842.693,
    "Actual Rows": 1,
    "Actual Loops": 1,
    "Plans": [
      {
        "Node Type": "Gather",
        "Parent Relationship": "Outer",
        "Parallel Aware": false,
        "Startup Cost": 446596.65,
        "Total Cost": 446596.76,
        "Plan Rows": 1,
        "Plan Width": 8,
        "Actual Startup Time": 1820.271,
        "Actual Total Time": 1842.681,
        "Actual Rows": 2,
        "Actual Loops": 1,
        "Workers Planned": 1,
        "Workers Launched": 1,
        "Single Copy": false,
        "Plans": [
          {
            "Node Type": "Aggregate",
            "Strategy": "Plain",
            "Partial Mode": "Partial",
            "Parent Relationship": "Outer",
            "Parallel Aware": false,
            "Startup Cost": 445596.65,
            "Total Cost": 445596.66,
            "Plan Rows": 1,
            "Plan Width": 8,
            "Actual Startup Time": 1811.535,
            "Actual Total Time": 1811.541,
            "Actual Rows": 1,
            "Actual Loops": 2,
            "Plans": [
              {
                "Node Type": "Hash Join",
                "Parent Relationship": "Outer",
                "Parallel Aware": true,
                "Join Type": "Inner",
                "Startup Cost": 154123.98,
                "Total Cost": 441381.52,
                "Plan Rows": 1686051,
                "Plan Width": 0,
                "Actual Startup Time": 619.281,
                "Actual Total Time": 1752.254,
                "Actual Rows": 1405602,
                "Actual Loops": 2,
                "Inner Unique": true,
                "Hash Cond": "(ci.movie_id = t.id)",
                "Plans": [
                  {
                    "Node Type": "Bitmap Heap Scan",
                    "Parent Relationship": "Outer",
                    "Parallel Aware": true,
                    "Relation Name": "cast_info",
                    "Alias": "ci",
                    "Startup Cost": 85822.07,
                    "Total Cost": 367079.76,
                    "Plan Rows": 2285655,
                    "Plan Width": 4,
                    "Actual Startup Time": 149.565,
                    "Actual Total Time": 371.914,
                    "Actual Rows": 2006215,
                    "Actual Loops": 2,
                    "Recheck Cond": "(person_id < 384768)",
                    "Rows Removed by Index Recheck": 0,
                    "Exact Heap Blocks": 22842,
                    "Lossy Heap Blocks": 0,
                    "Plans": [
                      {
                        "Node Type": "Bitmap Index Scan",
                        "Parent Relationship": "Outer",
                        "Parallel Aware": false,
                        "Index Name": "person_id_cast_info",
                        "Startup Cost": 0.0,
                        "Total Cost": 84850.67,
                        "Plan Rows": 3885614,
                        "Plan Width": 0,
                        "Actual Startup Time": 142.438,
                        "Actual Total Time": 142.439,
                        "Actual Rows": 4012430,
                        "Actual Loops": 1,
                        "Index Cond": "(person_id < 384768)"
                      }
                    ]
                  },
                  {
                    "Node Type": "Hash",
                    "Parent Relationship": "Inner",
                    "Parallel Aware": true,
                    "Startup Cost": 54588.39,
                    "Total Cost": 54588.39,
                    "Plan Rows": 1097081,
                    "Plan Width": 4,
                    "Actual Startup Time": 455.081,
                    "Actual Total Time": 455.082,
                    "Actual Rows": 932744,
                    "Actual Loops": 2,
                    "Hash Buckets": 2097152,
                    "Original Hash Buckets": 2097152,
                    "Hash Batches": 1,
                    "Original Hash Batches": 1,
                    "Peak Memory Usage": 89376,
                    "Plans": [
                      {
                        "Node Type": "Seq Scan",
                        "Parent Relationship": "Outer",
                        "Parallel Aware": true,
                        "Relation Name": "title",
                        "Alias": "t",
                        "Startup Cost": 0.0,
                        "Total Cost": 54588.39,
                        "Plan Rows": 1097081,
                        "Plan Width": 4,
                        "Actual Startup Time": 0.03,
                        "Actual Total Time": 174.636,
                        "Actual Rows": 932744,
                        "Actual Loops": 2,
                        "Filter": "(kind_id > 1)",
                        "Rows Removed by Filter": 331412
                      }
                    ]
                  }
                ]
              }
            ]
          }
        ]
      }
    ]
  },
  "Planning Time": 0.743,
  "Triggers": [],
  "Execution Time": 1842.809
}