{
  "Plan": {
    "Node Type": "Aggregate",
    "Strategy": "Plain",
    "Partial Mode": "Finalize",
    "Parallel Aware": false,
    "Startup Cost": 738492.37,
    "Total Cost": 738492.38,
    "Plan Rows": 1,
    "Plan Width": 8,
    "Actual Startup Time": 4150.396,
    "Actual Total Time": 4227.467,
    "Actual Rows": 1,
    "Actual Loops": 1,
    "Plans": [
      {
        "Node Type": "Gather",
        "Parent Relationship": "Outer",
        "Parallel Aware": false,
        "Startup Cost": 738492.25,
        "Total Cost": 738492.36,
        "Plan Rows": 1,
        "Plan Width": 8,
        "Actual Startup Time": 4146.435,
        "Actual Total Time": 4227.456,
        "Actual Rows": 2,
        "Actual Loops": 1,
        "Workers Planned": 1,
        "Workers Launched": 1,
        "Single Copy": false,
        "Plans": [
          {
            "Node Type": "Aggregate",
            "Strategy": "Plain",
            "Partial Mode": "Partial",
            "Parent Relationship": "Outer",
            "Parallel Aware": false,
            "Startup Cost": 737492.25,
            "Total Cost": 737492.26,
            "Plan Rows": 1,
            "Plan Width": 8,
            "Actual Startup Time": 4140.625,
            "Actual Total Time": 4141.219,
            "Actual Rows": 1,
            "Actual Loops": 2,
            "Plans": [
              {
                "Node Type": "Hash Join",
                "Parent Relationship": "Outer",
                "Parallel Aware": true,
                "Join Type": "Inner",
                "Startup Cost": 176192.31,
                "Total Cost": 731651.17,
                "Plan Rows": 2336432,
                "Plan Width": 0,
                "Actual Startup Time": 1892.457,
                "Actual Total Time": 3964.804,
                "Actual Rows": 4404111,
                "Actual Loops": 2,
                "Inner Unique": false,
                "Hash Cond": "(ci.movie_id = t.id)",
                "Plans": [
                  {
                    "Node Type": "Seq Scan",
                    "Parent Relationship": "Outer",
                    "Parallel Aware": true,
                    "Relation Name": "cast_info",
                    "Alias": "ci",
                    "Startup Cost": 0.0,
                    "Total Cost": 519069.44,
                    "Plan Rows": 6038857,
                    "Plan Width": 4,
                    "Actual Startup Time": 645.946,
                    "Actual Total Time": 1331.93,
                    "Actual Rows": 5089102,
                    "Actual Loops": 2,
                    "Filter": "(person_id > 2697680)",
                    "Rows Removed by Filter": 13033070
                  },
                  {
                    "Node Type": "Hash",
                    "Parent Relationship": "Inner",
                    "Parallel Aware": true,
                    "Startup Cost": 168999.7,
                    "Total Cost": 168999.7,
                    "Plan Rows": 575409,
                    "Plan Width": 8,
                    "Actual Startup Time": 1237.38,
                    "Actual Total Time": 1237.387,
                    "Actual Rows": 563653,
                    "Actual Loops": 2,
                    "Hash Buckets": 2097152,
                    "Original Hash Buckets": 1048576,
                    "Hash Batches": 1,
                    "Original Hash Batches": 1,
                    "Peak Memory Usage": 68704,
                    "Plans": [
                      {
                        "Node Type": "Merge Join",
                        "Parent Relationship": "Outer",
                        "Parallel Aware": false,
                        "Join Type": "Inner",
                        "Startup Cost": 2.97,
                        "Total Cost": 168999.7,
                        "Plan Rows": 575409,
                        "Plan Width": 8,
                        "Actual Startup Time": 0.343,
                        "Actual Total Time": 1087.99,
                        "Actual Rows": 563653,
                        "Actual Loops": 2,
                        "Inner Unique": false,
                        "Merge Cond": "(t.id = mi_idx.movie_id)",
                        "Plans": [
                          {
                            "Node Type": "Index Scan",
                            "Parent Relationship": "Outer",
                            "Parallel Aware": true,
                            "Scan Direction": "Forward",
                            "Index Name": "title_pkey",
                            "Relation Name": "title",
                            "Alias": "t",
                            "Startup Cost": 0.43,
                            "Total Cost": 103647.43,
                            "Plan Rows": 1054178,
                            "Plan Width": 4,
                            "Actual Startup Time": 0.079,
                            "Actual Total Time": 677.773,
                            "Actual Rows": 896596,
                            "Actual Loops": 2,
                            "Filter": "(production_year < 2009)",
                            "Rows Removed by Filter": 366370
                          },
                          {
                            "Node Type": "Index Only Scan",
                            "Parent Relationship": "Inner",
                            "Parallel Aware": false,
                            "Scan Direction": "Forward",
                            "Index Name": "movie_id_movie_info_idx",
                            "Relation Name": "movie_info_idx",
                            "Alias": "mi_idx",
                            "Startup Cost": 0.43,
                            "Total Cost": 53620.22,
                            "Plan Rows": 1380035,
                            "Plan Width": 4,
                            "Actual Startup Time": 0.144,
                            "Actual Total Time": 267.797,
                            "Actual Rows": 1380035,
                            "Actual Loops": 2,
                            "Heap Fetches": 2760070
                          }
                        ]
                      }
                    ]
                  }
                ]
              }
            ]
          }
        ]
      }
    ]
  },
  "Planning Time": 0.946,
  "Triggers": [],
  "Execution Time": 4227.575
}