{
    "Plan": {
        "Node Type": "Aggregate",
        "Strategy": "Plain",
        "Partial Mode": "Finalize",
        "Parallel Aware": false,
        "Startup Cost": 321280.62,
        "Total Cost": 321280.63,
        "Plan Rows": 1,
        "Plan Width": 8,
        "Actual Startup Time": 2787.851,
        "Actual Total Time": 2832.19,
        "Actual Rows": 1,
        "Actual Loops": 1,
        "Output": [
            "count(*)"
        ],
        "Plans": [
            {
                "Node Type": "Gather",
                "Parent Relationship": "Outer",
                "Parallel Aware": false,
                "Startup Cost": 321280.1,
                "Total Cost": 321280.61,
                "Plan Rows": 5,
                "Plan Width": 8,
                "Actual Startup Time": 2766.445,
                "Actual Total Time": 2832.178,
                "Actual Rows": 6,
                "Actual Loops": 1,
                "Output": [
                    "(PARTIAL count(*))"
                ],
                "Workers Planned": 5,
                "Workers Launched": 5,
                "Single Copy": false,
                "Plans": [
                    {
                        "Node Type": "Aggregate",
                        "Strategy": "Plain",
                        "Partial Mode": "Partial",
                        "Parent Relationship": "Outer",
                        "Parallel Aware": false,
                        "Startup Cost": 320280.1,
                        "Total Cost": 320280.11,
                        "Plan Rows": 1,
                        "Plan Width": 8,
                        "Actual Startup Time": 2751.108,
                        "Actual Total Time": 2751.757,
                        "Actual Rows": 1,
                        "Actual Loops": 6,
                        "Output": [
                            "PARTIAL count(*)"
                        ],
                        "Workers": [
                            {
                                "Worker Number": 0,
                                "Actual Startup Time": 2747.616,
                                "Actual Total Time": 2747.62,
                                "Actual Rows": 1,
                                "Actual Loops": 1
                            },
                            {
                                "Worker Number": 1,
                                "Actual Startup Time": 2747.726,
                                "Actual Total Time": 2747.731,
                                "Actual Rows": 1,
                                "Actual Loops": 1
                            },
                            {
                                "Worker Number": 2,
                                "Actual Startup Time": 2747.971,
                                "Actual Total Time": 2747.975,
                                "Actual Rows": 1,
                                "Actual Loops": 1
                            },
                            {
                                "Worker Number": 3,
                                "Actual Startup Time": 2747.94,
                                "Actual Total Time": 2747.945,
                                "Actual Rows": 1,
                                "Actual Loops": 1
                            },
                            {
                                "Worker Number": 4,
                                "Actual Startup Time": 2749.915,
                                "Actual Total Time": 2749.921,
                                "Actual Rows": 1,
                                "Actual Loops": 1
                            }
                        ],
                        "Plans": [
                            {
                                "Node Type": "Hash Join",
                                "Parent Relationship": "Outer",
                                "Parallel Aware": true,
                                "Join Type": "Inner",
                                "Startup Cost": 101501.22,
                                "Total Cost": 315804.06,
                                "Plan Rows": 1790416,
                                "Plan Width": 0,
                                "Actual Startup Time": 590.829,
                                "Actual Total Time": 2253.411,
                                "Actual Rows": 11221893,
                                "Actual Loops": 6,
                                "Inner Unique": false,
                                "Hash Cond": "(mi.movie_id = t.id)",
                                "Workers": [
                                    {
                                        "Worker Number": 0,
                                        "Actual Startup Time": 587.755,
                                        "Actual Total Time": 2241.097,
                                        "Actual Rows": 9581817,
                                        "Actual Loops": 1
                                    },
                                    {
                                        "Worker Number": 1,
                                        "Actual Startup Time": 587.776,
                                        "Actual Total Time": 2241.53,
                                        "Actual Rows": 9559297,
                                        "Actual Loops": 1
                                    },
                                    {
                                        "Worker Number": 2,
                                        "Actual Startup Time": 588.008,
                                        "Actual Total Time": 2254.498,
                                        "Actual Rows": 12928947,
                                        "Actual Loops": 1
                                    },
                                    {
                                        "Worker Number": 3,
                                        "Actual Startup Time": 588.065,
                                        "Actual Total Time": 2253.776,
                                        "Actual Rows": 12927811,
                                        "Actual Loops": 1
                                    },
                                    {
                                        "Worker Number": 4,
                                        "Actual Startup Time": 587.893,
                                        "Actual Total Time": 2259.299,
                                        "Actual Rows": 9532191,
                                        "Actual Loops": 1
                                    }
                                ],
                                "Plans": [
                                    {
                                        "Node Type": "Seq Scan",
                                        "Parent Relationship": "Outer",
                                        "Parallel Aware": true,
                                        "Relation Name": "movie_info",
                                        "Schema": "public",
                                        "Alias": "mi",
                                        "Startup Cost": 0.0,
                                        "Total Cost": 198880.74,
                                        "Plan Rows": 2572415,
                                        "Plan Width": 4,
                                        "Actual Startup Time": 0.04,
                                        "Actual Total Time": 359.637,
                                        "Actual Rows": 2161681,
                                        "Actual Loops": 6,
                                        "Output": [
                                            "mi.id",
                                            "mi.movie_id",
                                            "mi.info_type_id",
                                            "mi.info",
                                            "mi.note"
                                        ],
                                        "Filter": "(mi.info_type_id < 18)",
                                        "Rows Removed by Filter": 310939,
                                        "Workers": [
                                            {
                                                "Worker Number": 0,
                                                "Actual Startup Time": 0.045,
                                                "Actual Total Time": 370.112,
                                                "Actual Rows": 1914568,
                                                "Actual Loops": 1
                                            },
                                            {
                                                "Worker Number": 1,
                                                "Actual Startup Time": 0.042,
                                                "Actual Total Time": 371.144,
                                                "Actual Rows": 1925042,
                                                "Actual Loops": 1
                                            },
                                            {
                                                "Worker Number": 2,
                                                "Actual Startup Time": 0.043,
                                                "Actual Total Time": 362.362,
                                                "Actual Rows": 2439340,
                                                "Actual Loops": 1
                                            },
                                            {
                                                "Worker Number": 3,
                                                "Actual Startup Time": 0.045,
                                                "Actual Total Time": 362.637,
                                                "Actual Rows": 2450977,
                                                "Actual Loops": 1
                                            },
                                            {
                                                "Worker Number": 4,
                                                "Actual Startup Time": 0.051,
                                                "Actual Total Time": 382.427,
                                                "Actual Rows": 1825033,
                                                "Actual Loops": 1
                                            }
                                        ]
                                    },
                                    {
                                        "Node Type": "Hash",
                                        "Parent Relationship": "Inner",
                                        "Parallel Aware": true,
                                        "Startup Cost": 94405.55,
                                        "Total Cost": 94405.55,
                                        "Plan Rows": 567654,
                                        "Plan Width": 8,
                                        "Actual Startup Time": 584.375,
                                        "Actual Total Time": 585.022,
                                        "Actual Rows": 289638,
                                        "Actual Loops": 6,
                                        "Output": [
                                            "t.id",
                                            "mk.movie_id"
                                        ],
                                        "Hash Buckets": 2097152,
                                        "Original Hash Buckets": 2097152,
                                        "Hash Batches": 1,
                                        "Original Hash Batches": 1,
                                        "Peak Memory Usage": 84480,
                                        "Workers": [
                                            {
                                                "Worker Number": 0,
                                                "Actual Startup Time": 586.22,
                                                "Actual Total Time": 586.223,
                                                "Actual Rows": 235524,
                                                "Actual Loops": 1
                                            },
                                            {
                                                "Worker Number": 1,
                                                "Actual Startup Time": 586.396,
                                                "Actual Total Time": 586.4,
                                                "Actual Rows": 235729,
                                                "Actual Loops": 1
                                            },
                                            {
                                                "Worker Number": 2,
                                                "Actual Startup Time": 586.638,
                                                "Actual Total Time": 586.642,
                                                "Actual Rows": 336079,
                                                "Actual Loops": 1
                                            },
                                            {
                                                "Worker Number": 3,
                                                "Actual Startup Time": 586.553,
                                                "Actual Total Time": 586.556,
                                                "Actual Rows": 336477,
                                                "Actual Loops": 1
                                            },
                                            {
                                                "Worker Number": 4,
                                                "Actual Startup Time": 586.411,
                                                "Actual Total Time": 586.415,
                                                "Actual Rows": 225015,
                                                "Actual Loops": 1
                                            }
                                        ],
                                        "Plans": [
                                            {
                                                "Node Type": "Hash Join",
                                                "Parent Relationship": "Outer",
                                                "Parallel Aware": true,
                                                "Join Type": "Inner",
                                                "Startup Cost": 50219.81,
                                                "Total Cost": 94405.55,
                                                "Plan Rows": 567654,
                                                "Plan Width": 8,
                                                "Actual Startup Time": 303.365,
                                                "Actual Total Time": 480.263,
                                                "Actual Rows": 289638,
                                                "Actual Loops": 6,
                                                "Output": [
                                                    "t.id",
                                                    "mk.movie_id"
                                                ],
                                                "Inner Unique": true,
                                                "Hash Cond": "(mk.movie_id = t.id)",
                                                "Workers": [
                                                    {
                                                        "Worker Number": 0,
                                                        "Actual Startup Time": 303.365,
                                                        "Actual Total Time": 482.477,
                                                        "Actual Rows": 235524,
                                                        "Actual Loops": 1
                                                    },
                                                    {
                                                        "Worker Number": 1,
                                                        "Actual Startup Time": 303.353,
                                                        "Actual Total Time": 480.324,
                                                        "Actual Rows": 235729,
                                                        "Actual Loops": 1
                                                    },
                                                    {
                                                        "Worker Number": 2,
                                                        "Actual Startup Time": 303.334,
                                                        "Actual Total Time": 479.788,
                                                        "Actual Rows": 336079,
                                                        "Actual Loops": 1
                                                    },
                                                    {
                                                        "Worker Number": 3,
                                                        "Actual Startup Time": 303.34,
                                                        "Actual Total Time": 479.734,
                                                        "Actual Rows": 336477,
                                                        "Actual Loops": 1
                                                    },
                                                    {
                                                        "Worker Number": 4,
                                                        "Actual Startup Time": 303.333,
                                                        "Actual Total Time": 480.631,
                                                        "Actual Rows": 225015,
                                                        "Actual Loops": 1
                                                    }
                                                ],
                                                "Plans": [
                                                    {
                                                        "Node Type": "Seq Scan",
                                                        "Parent Relationship": "Outer",
                                                        "Parallel Aware": true,
                                                        "Relation Name": "movie_keyword",
                                                        "Schema": "public",
                                                        "Alias": "mk",
                                                        "Startup Cost": 0.0,
                                                        "Total Cost": 42695.65,
                                                        "Plan Rows": 567654,
                                                        "Plan Width": 4,
                                                        "Actual Startup Time": 0.335,
                                                        "Actual Total Time": 97.719,
                                                        "Actual Rows": 289638,
                                                        "Actual Loops": 6,
                                                        "Output": [
                                                            "mk.id",
                                                            "mk.movie_id",
                                                            "mk.keyword_id"
                                                        ],
                                                        "Filter": "(mk.keyword_id > 8087)",
                                                        "Rows Removed by Filter": 464350,
                                                        "Workers": [
                                                            {
                                                                "Worker Number": 0,
                                                                "Actual Startup Time": 0.365,
                                                                "Actual Total Time": 100.861,
                                                                "Actual Rows": 235524,
                                                                "Actual Loops": 1
                                                            },
                                                            {
                                                                "Worker Number": 1,
                                                                "Actual Startup Time": 0.27,
                                                                "Actual Total Time": 100.751,
                                                                "Actual Rows": 235729,
                                                                "Actual Loops": 1
                                                            },
                                                            {
                                                                "Worker Number": 2,
                                                                "Actual Startup Time": 0.356,
                                                                "Actual Total Time": 99.714,
                                                                "Actual Rows": 336079,
                                                                "Actual Loops": 1
                                                            },
                                                            {
                                                                "Worker Number": 3,
                                                                "Actual Startup Time": 0.351,
                                                                "Actual Total Time": 99.872,
                                                                "Actual Rows": 336477,
                                                                "Actual Loops": 1
                                                            },
                                                            {
                                                                "Worker Number": 4,
                                                                "Actual Startup Time": 0.3,
                                                                "Actual Total Time": 100.662,
                                                                "Actual Rows": 225015,
                                                                "Actual Loops": 1
                                                            }
                                                        ]
                                                    },
                                                    {
                                                        "Node Type": "Hash",
                                                        "Parent Relationship": "Inner",
                                                        "Parallel Aware": true,
                                                        "Startup Cost": 42318.81,
                                                        "Total Cost": 42318.81,
                                                        "Plan Rows": 632080,
                                                        "Plan Width": 4,
                                                        "Actual Startup Time": 298.17,
                                                        "Actual Total Time": 298.171,
                                                        "Actual Rows": 421385,
                                                        "Actual Loops": 6,
                                                        "Output": [
                                                            "t.id"
                                                        ],
                                                        "Hash Buckets": 4194304,
                                                        "Original Hash Buckets": 4194304,
                                                        "Hash Batches": 1,
                                                        "Original Hash Batches": 1,
                                                        "Peak Memory Usage": 131776,
                                                        "Workers": [
                                                            {
                                                                "Worker Number": 0,
                                                                "Actual Startup Time": 302.923,
                                                                "Actual Total Time": 302.925,
                                                                "Actual Rows": 354309,
                                                                "Actual Loops": 1
                                                            },
                                                            {
                                                                "Worker Number": 1,
                                                                "Actual Startup Time": 302.747,
                                                                "Actual Total Time": 302.748,
                                                                "Actual Rows": 357949,
                                                                "Actual Loops": 1
                                                            },
                                                            {
                                                                "Worker Number": 2,
                                                                "Actual Startup Time": 302.868,
                                                                "Actual Total Time": 302.869,
                                                                "Actual Rows": 468350,
                                                                "Actual Loops": 1
                                                            },
                                                            {
                                                                "Worker Number": 3,
                                                                "Actual Startup Time": 302.876,
                                                                "Actual Total Time": 302.877,
                                                                "Actual Rows": 462444,
                                                                "Actual Loops": 1
                                                            },
                                                            {
                                                                "Worker Number": 4,
                                                                "Actual Startup Time": 302.686,
                                                                "Actual Total Time": 302.687,
                                                                "Actual Rows": 331870,
                                                                "Actual Loops": 1
                                                            }
                                                        ],
                                                        "Plans": [
                                                            {
                                                                "Node Type": "Seq Scan",
                                                                "Parent Relationship": "Outer",
                                                                "Parallel Aware": true,
                                                                "Relation Name": "title",
                                                                "Schema": "public",
                                                                "Alias": "t",
                                                                "Startup Cost": 0.0,
                                                                "Total Cost": 42318.81,
                                                                "Plan Rows": 632080,
                                                                "Plan Width": 4,
                                                                "Actual Startup Time": 0.066,
                                                                "Actual Total Time": 83.853,
                                                                "Actual Rows": 421385,
                                                                "Actual Loops": 6,
                                                                "Output": [
                                                                    "t.id"
                                                                ],
                                                                "Workers": [
                                                                    {
                                                                        "Worker Number": 0,
                                                                        "Actual Startup Time": 0.086,
                                                                        "Actual Total Time": 88.893,
                                                                        "Actual Rows": 354309,
                                                                        "Actual Loops": 1
                                                                    },
                                                                    {
                                                                        "Worker Number": 1,
                                                                        "Actual Startup Time": 0.071,
                                                                        "Actual Total Time": 89.089,
                                                                        "Actual Rows": 357949,
                                                                        "Actual Loops": 1
                                                                    },
                                                                    {
                                                                        "Worker Number": 2,
                                                                        "Actual Startup Time": 0.071,
                                                                        "Actual Total Time": 83.458,
                                                                        "Actual Rows": 468350,
                                                                        "Actual Loops": 1
                                                                    },
                                                                    {
                                                                        "Worker Number": 3,
                                                                        "Actual Startup Time": 0.069,
                                                                        "Actual Total Time": 83.557,
                                                                        "Actual Rows": 462444,
                                                                        "Actual Loops": 1
                                                                    },
                                                                    {
                                                                        "Worker Number": 4,
                                                                        "Actual Startup Time": 0.082,
                                                                        "Actual Total Time": 89.74,
                                                                        "Actual Rows": 331870,
                                                                        "Actual Loops": 1
                                                                    }
                                                                ]
                                                            }
                                                        ]
                                                    }
                                                ]
                                            }
                                        ]
                                    }
                                ]
                            }
                        ]
                    }
                ]
            }
        ]
    },
    "Planning Time": 1.574,
    "Triggers": [],
    "Execution Time": 2832.286
}