[
  {
    "Plan": {
      "Node Type": "Aggregate",
      "Strategy": "Plain",
      "Partial Mode": "Finalize",
      "Parallel Aware": false,
      "Startup Cost": 347743.54,
      "Total Cost": 347743.55,
      "Plan Rows": 1,
      "Plan Width": 8,
      "Actual Startup Time": 919.127,
      "Actual Total Time": 965.278,
      "Actual Rows": 1,
      "Actual Loops": 1,
      "Plans": [
        {
          "Node Type": "Gather",
          "Parent Relationship": "Outer",
          "Parallel Aware": false,
          "Startup Cost": 347742.92,
          "Total Cost": 347743.53,
          "Plan Rows": 6,
          "Plan Width": 8,
          "Actual Startup Time": 918.843,
          "Actual Total Time": 965.266,
          "Actual Rows": 7,
          "Actual Loops": 1,
          "Workers Planned": 6,
          "Workers Launched": 6,
          "Single Copy": false,
          "Plans": [
            {
              "Node Type": "Aggregate",
              "Strategy": "Plain",
              "Partial Mode": "Partial",
              "Parent Relationship": "Outer",
              "Parallel Aware": false,
              "Startup Cost": 346742.92,
              "Total Cost": 346742.93,
              "Plan Rows": 1,
              "Plan Width": 8,
              "Actual Startup Time": 911.118,
              "Actual Total Time": 911.119,
              "Actual Rows": 1,
              "Actual Loops": 7,
              "Plans": [
                {
                  "Node Type": "Seq Scan",
                  "Parent Relationship": "Outer",
                  "Parallel Aware": true,
                  "Relation Name": "cast_info",
                  "Alias": "ci",
                  "Startup Cost": 0.0,
                  "Total Cost": 343316.27,
                  "Plan Rows": 1370659,
                  "Plan Width": 0,
                  "Actual Startup Time": 431.712,
                  "Actual Total Time": 815.0,
                  "Actual Rows": 1787000,
                  "Actual Loops": 7,
                  "Filter": "((person_id > 2432289) AND (role_id > 1))",
                  "Rows Removed by Filter": 3390764
                }
              ]
            }
          ]
        }
      ]
    },
    "Planning Time": 0.122,
    "Triggers": [],
    "Execution Time": 965.328
  }
]