[
  {
    "Plan": {
      "Node Type": "Aggregate",
      "Strategy": "Plain",
      "Partial Mode": "Finalize",
      "Parallel Aware": false,
      "Startup Cost": 96165.99,
      "Total Cost": 96166.0,
      "Plan Rows": 1,
      "Plan Width": 8,
      "Actual Startup Time": 206.421,
      "Actual Total Time": 221.149,
      "Actual Rows": 1,
      "Actual Loops": 1,
      "Plans": [
        {
          "Node Type": "Gather",
          "Parent Relationship": "Outer",
          "Parallel Aware": false,
          "Startup Cost": 96165.57,
          "Total Cost": 96165.98,
          "Plan Rows": 4,
          "Plan Width": 8,
          "Actual Startup Time": 206.026,
          "Actual Total Time": 221.143,
          "Actual Rows": 5,
          "Actual Loops": 1,
          "Workers Planned": 4,
          "Workers Launched": 4,
          "Single Copy": false,
          "Plans": [
            {
              "Node Type": "Aggregate",
              "Strategy": "Plain",
              "Partial Mode": "Partial",
              "Parent Relationship": "Outer",
              "Parallel Aware": false,
              "Startup Cost": 95165.57,
              "Total Cost": 95165.58,
              "Plan Rows": 1,
              "Plan Width": 8,
              "Actual Startup Time": 200.378,
              "Actual Total Time": 200.381,
              "Actual Rows": 1,
              "Actual Loops": 5,
              "Plans": [
                {
                  "Node Type": "Nested Loop",
                  "Parent Relationship": "Outer",
                  "Parallel Aware": false,
                  "Join Type": "Inner",
                  "Startup Cost": 22484.88,
                  "Total Cost": 95116.44,
                  "Plan Rows": 19653,
                  "Plan Width": 0,
                  "Actual Startup Time": 28.117,
                  "Actual Total Time": 199.726,
                  "Actual Rows": 7865,
                  "Actual Loops": 5,
                  "Inner Unique": false,
                  "Plans": [
                    {
                      "Node Type": "Hash Join",
                      "Parent Relationship": "Outer",
                      "Parallel Aware": true,
                      "Join Type": "Inner",
                      "Startup Cost": 22484.45,
                      "Total Cost": 68017.05,
                      "Plan Rows": 16554,
                      "Plan Width": 8,
                      "Actual Startup Time": 28.024,
                      "Actual Total Time": 132.618,
                      "Actual Rows": 4708,
                      "Actual Loops": 5,
                      "Inner Unique": false,
                      "Hash Cond": "(t.id = mc.movie_id)",
                      "Plans": [
                        {
                          "Node Type": "Seq Scan",
                          "Parent Relationship": "Outer",
                          "Parallel Aware": true,
                          "Relation Name": "title",
                          "Alias": "t",
                          "Startup Cost": 0.0,
                          "Total Cost": 42318.81,
                          "Plan Rows": 632080,
                          "Plan Width": 4,
                          "Actual Startup Time": 0.01,
                          "Actual Total Time": 55.394,
                          "Actual Rows": 505662,
                          "Actual Loops": 5
                        },
                        {
                          "Node Type": "Hash",
                          "Parent Relationship": "Inner",
                          "Parallel Aware": true,
                          "Startup Cost": 22217.46,
                          "Total Cost": 22217.46,
                          "Plan Rows": 21359,
                          "Plan Width": 4,
                          "Actual Startup Time": 27.534,
                          "Actual Total Time": 27.535,
                          "Actual Rows": 4708,
                          "Actual Loops": 5,
                          "Hash Buckets": 131072,
                          "Original Hash Buckets": 131072,
                          "Hash Batches": 1,
                          "Original Hash Batches": 1,
                          "Peak Memory Usage": 2016,
                          "Plans": [
                            {
                              "Node Type": "Bitmap Heap Scan",
                              "Parent Relationship": "Outer",
                              "Parallel Aware": true,
                              "Relation Name": "movie_companies",
                              "Alias": "mc",
                              "Startup Cost": 2799.04,
                              "Total Cost": 22217.46,
                              "Plan Rows": 21359,
                              "Plan Width": 4,
                              "Actual Startup Time": 21.315,
                              "Actual Total Time": 25.914,
                              "Actual Rows": 4708,
                              "Actual Loops": 5,
                              "Recheck Cond": "(company_id < 27)",
                              "Rows Removed by Index Recheck": 0,
                              "Filter": "(company_type_id > 1)",
                              "Rows Removed by Filter": 22253,
                              "Exact Heap Blocks": 6208,
                              "Lossy Heap Blocks": 0,
                              "Plans": [
                                {
                                  "Node Type": "Bitmap Index Scan",
                                  "Parent Relationship": "Outer",
                                  "Parallel Aware": false,
                                  "Index Name": "company_id_movie_companies",
                                  "Startup Cost": 0.0,
                                  "Total Cost": 2782.48,
                                  "Plan Rows": 129874,
                                  "Plan Width": 0,
                                  "Actual Startup Time": 6.508,
                                  "Actual Total Time": 6.509,
                                  "Actual Rows": 134807,
                                  "Actual Loops": 1,
                                  "Index Cond": "(company_id < 27)"
                                }
                              ]
                            }
                          ]
                        }
                      ]
                    },
                    {
                      "Node Type": "Index Scan",
                      "Parent Relationship": "Inner",
                      "Parallel Aware": false,
                      "Scan Direction": "Forward",
                      "Index Name": "movie_id_movie_info",
                      "Relation Name": "movie_info",
                      "Alias": "mi",
                      "Startup Cost": 0.43,
                      "Total Cost": 1.56,
                      "Plan Rows": 8,
                      "Plan Width": 4,
                      "Actual Startup Time": 0.009,
                      "Actual Total Time": 0.014,
                      "Actual Rows": 2,
                      "Actual Loops": 23541,
                      "Index Cond": "(movie_id = t.id)",
                      "Rows Removed by Index Recheck": 0,
                      "Filter": "(info_type_id = 16)",
                      "Rows Removed by Filter": 10
                    }
                  ]
                }
              ]
            }
          ]
        }
      ]
    },
    "Planning Time": 0.368,
    "Triggers": [],
    "Execution Time": 221.191
  }
]