[
  {
    "Plan": {
      "Node Type": "Aggregate",
      "Strategy": "Plain",
      "Partial Mode": "Finalize",
      "Parallel Aware": false,
      "Startup Cost": 97354.58,
      "Total Cost": 97354.59,
      "Plan Rows": 1,
      "Plan Width": 8,
      "Actual Startup Time": 246.954,
      "Actual Total Time": 273.692,
      "Actual Rows": 1,
      "Actual Loops": 1,
      "Plans": [
        {
          "Node Type": "Gather",
          "Parent Relationship": "Outer",
          "Parallel Aware": false,
          "Startup Cost": 97354.16,
          "Total Cost": 97354.57,
          "Plan Rows": 4,
          "Plan Width": 8,
          "Actual Startup Time": 246.514,
          "Actual Total Time": 273.685,
          "Actual Rows": 5,
          "Actual Loops": 1,
          "Workers Planned": 4,
          "Workers Launched": 4,
          "Single Copy": false,
          "Plans": [
            {
              "Node Type": "Aggregate",
              "Strategy": "Plain",
              "Partial Mode": "Partial",
              "Parent Relationship": "Outer",
              "Parallel Aware": false,
              "Startup Cost": 96354.16,
              "Total Cost": 96354.17,
              "Plan Rows": 1,
              "Plan Width": 8,
              "Actual Startup Time": 236.24,
              "Actual Total Time": 236.244,
              "Actual Rows": 1,
              "Actual Loops": 5,
              "Plans": [
                {
                  "Node Type": "Nested Loop",
                  "Parent Relationship": "Outer",
                  "Parallel Aware": false,
                  "Join Type": "Inner",
                  "Startup Cost": 22522.2,
                  "Total Cost": 96305.07,
                  "Plan Rows": 19637,
                  "Plan Width": 0,
                  "Actual Startup Time": 46.495,
                  "Actual Total Time": 235.607,
                  "Actual Rows": 7865,
                  "Actual Loops": 5,
                  "Inner Unique": false,
                  "Plans": [
                    {
                      "Node Type": "Hash Join",
                      "Parent Relationship": "Outer",
                      "Parallel Aware": true,
                      "Join Type": "Inner",
                      "Startup Cost": 22521.76,
                      "Total Cost": 68054.56,
                      "Plan Rows": 16647,
                      "Plan Width": 8,
                      "Actual Startup Time": 46.339,
                      "Actual Total Time": 160.039,
                      "Actual Rows": 4708,
                      "Actual Loops": 5,
                      "Inner Unique": false,
                      "Hash Cond": "(t.id = mc.movie_id)",
                      "Plans": [
                        {
                          "Node Type": "Seq Scan",
                          "Parent Relationship": "Outer",
                          "Parallel Aware": true,
                          "Relation Name": "title",
                          "Alias": "t",
                          "Startup Cost": 0.0,
                          "Total Cost": 42318.73,
                          "Plan Rows": 632073,
                          "Plan Width": 4,
                          "Actual Startup Time": 0.016,
                          "Actual Total Time": 62.092,
                          "Actual Rows": 505662,
                          "Actual Loops": 5
                        },
                        {
                          "Node Type": "Hash",
                          "Parent Relationship": "Inner",
                          "Parallel Aware": true,
                          "Startup Cost": 22253.26,
                          "Total Cost": 22253.26,
                          "Plan Rows": 21480,
                          "Plan Width": 4,
                          "Actual Startup Time": 44.703,
                          "Actual Total Time": 44.705,
                          "Actual Rows": 4708,
                          "Actual Loops": 5,
                          "Hash Buckets": 131072,
                          "Original Hash Buckets": 131072,
                          "Hash Batches": 1,
                          "Original Hash Batches": 1,
                          "Peak Memory Usage": 2016,
                          "Plans": [
                            {
                              "Node Type": "Bitmap Heap Scan",
                              "Parent Relationship": "Outer",
                              "Parallel Aware": true,
                              "Relation Name": "movie_companies",
                              "Alias": "mc",
                              "Startup Cost": 2828.68,
                              "Total Cost": 22253.26,
                              "Plan Rows": 21480,
                              "Plan Width": 4,
                              "Actual Startup Time": 37.413,
                              "Actual Total Time": 42.682,
                              "Actual Rows": 4708,
                              "Actual Loops": 5,
                              "Recheck Cond": "(company_id < 27)",
                              "Rows Removed by Index Recheck": 0,
                              "Filter": "(company_type_id > 1)",
                              "Rows Removed by Filter": 22253,
                              "Exact Heap Blocks": 6879,
                              "Lossy Heap Blocks": 0,
                              "Plans": [
                                {
                                  "Node Type": "Bitmap Index Scan",
                                  "Parent Relationship": "Outer",
                                  "Parallel Aware": false,
                                  "Index Name": "company_id_movie_companies",
                                  "Startup Cost": 0.0,
                                  "Total Cost": 2812.03,
                                  "Plan Rows": 131147,
                                  "Plan Width": 0,
                                  "Actual Startup Time": 16.076,
                                  "Actual Total Time": 16.076,
                                  "Actual Rows": 134807,
                                  "Actual Loops": 1,
                                  "Index Cond": "(company_id < 27)"
                                }
                              ]
                            }
                          ]
                        }
                      ]
                    },
                    {
                      "Node Type": "Index Scan",
                      "Parent Relationship": "Inner",
                      "Parallel Aware": false,
                      "Scan Direction": "Forward",
                      "Index Name": "movie_id_movie_info",
                      "Relation Name": "movie_info",
                      "Alias": "mi",
                      "Startup Cost": 0.43,
                      "Total Cost": 1.62,
                      "Plan Rows": 8,
                      "Plan Width": 4,
                      "Actual Startup Time": 0.01,
                      "Actual Total Time": 0.016,
                      "Actual Rows": 2,
                      "Actual Loops": 23541,
                      "Index Cond": "(movie_id = t.id)",
                      "Rows Removed by Index Recheck": 0,
                      "Filter": "(info_type_id = 16)",
                      "Rows Removed by Filter": 10
                    }
                  ]
                }
              ]
            }
          ]
        }
      ]
    },
    "Planning Time": 1.606,
    "Triggers": [],
    "Execution Time": 273.807
  }
]