[
  {
    "Plan": {
      "Node Type": "Aggregate",
      "Strategy": "Plain",
      "Partial Mode": "Finalize",
      "Parallel Aware": false,
      "Startup Cost": 33280.71,
      "Total Cost": 33280.72,
      "Plan Rows": 1,
      "Plan Width": 8,
      "Actual Startup Time": 88.265,
      "Actual Total Time": 97.161,
      "Actual Rows": 1,
      "Actual Loops": 1,
      "Plans": [
        {
          "Node Type": "Gather",
          "Parent Relationship": "Outer",
          "Parallel Aware": false,
          "Startup Cost": 33280.39,
          "Total Cost": 33280.7,
          "Plan Rows": 3,
          "Plan Width": 8,
          "Actual Startup Time": 88.117,
          "Actual Total Time": 97.147,
          "Actual Rows": 4,
          "Actual Loops": 1,
          "Workers Planned": 3,
          "Workers Launched": 3,
          "Single Copy": false,
          "Plans": [
            {
              "Node Type": "Aggregate",
              "Strategy": "Plain",
              "Partial Mode": "Partial",
              "Parent Relationship": "Outer",
              "Parallel Aware": false,
              "Startup Cost": 32280.39,
              "Total Cost": 32280.4,
              "Plan Rows": 1,
              "Plan Width": 8,
              "Actual Startup Time": 84.387,
              "Actual Total Time": 84.388,
              "Actual Rows": 1,
              "Actual Loops": 4,
              "Plans": [
                {
                  "Node Type": "Seq Scan",
                  "Parent Relationship": "Outer",
                  "Parallel Aware": true,
                  "Relation Name": "movie_companies",
                  "Alias": "mc",
                  "Startup Cost": 0.0,
                  "Total Cost": 31414.82,
                  "Plan Rows": 346229,
                  "Plan Width": 0,
                  "Actual Startup Time": 40.51,
                  "Actual Total Time": 75.589,
                  "Actual Rows": 207098,
                  "Actual Loops": 4,
                  "Filter": "((company_id < 73942) AND (company_type_id > 1))",
                  "Rows Removed by Filter": 445184
                }
              ]
            }
          ]
        }
      ]
    },
    "Planning Time": 0.135,
    "Triggers": [],
    "Execution Time": 97.203
  }
]