[
  {
    "Plan": {
      "Node Type": "Aggregate",
      "Strategy": "Plain",
      "Partial Mode": "Finalize",
      "Parallel Aware": false,
      "Startup Cost": 46306.77,
      "Total Cost": 46306.78,
      "Plan Rows": 1,
      "Plan Width": 8,
      "Actual Startup Time": 177.526,
      "Actual Total Time": 188.08,
      "Actual Rows": 1,
      "Actual Loops": 1,
      "Plans": [
        {
          "Node Type": "Gather",
          "Parent Relationship": "Outer",
          "Parallel Aware": false,
          "Startup Cost": 46306.45,
          "Total Cost": 46306.76,
          "Plan Rows": 3,
          "Plan Width": 8,
          "Actual Startup Time": 177.351,
          "Actual Total Time": 188.068,
          "Actual Rows": 4,
          "Actual Loops": 1,
          "Workers Planned": 3,
          "Workers Launched": 3,
          "Single Copy": false,
          "Plans": [
            {
              "Node Type": "Aggregate",
              "Strategy": "Plain",
              "Partial Mode": "Partial",
              "Parent Relationship": "Outer",
              "Parallel Aware": false,
              "Startup Cost": 45306.45,
              "Total Cost": 45306.46,
              "Plan Rows": 1,
              "Plan Width": 8,
              "Actual Startup Time": 168.421,
              "Actual Total Time": 168.423,
              "Actual Rows": 1,
              "Actual Loops": 4,
              "Plans": [
                {
                  "Node Type": "Seq Scan",
                  "Parent Relationship": "Outer",
                  "Parallel Aware": true,
                  "Relation Name": "movie_keyword",
                  "Alias": "mk",
                  "Startup Cost": 0.0,
                  "Total Cost": 42695.65,
                  "Plan Rows": 1044319,
                  "Plan Width": 0,
                  "Actual Startup Time": 0.087,
                  "Actual Total Time": 129.512,
                  "Actual Rows": 810254,
                  "Actual Loops": 4,
                  "Filter": "(keyword_id < 13784)",
                  "Rows Removed by Filter": 320728
                }
              ]
            }
          ]
        }
      ]
    },
    "Planning Time": 0.186,
    "Triggers": [],
    "Execution Time": 188.135
  }
]