[
  {
    "Plan": {
      "Node Type": "Aggregate",
      "Strategy": "Plain",
      "Partial Mode": "Finalize",
      "Parallel Aware": false,
      "Startup Cost": 46313.67,
      "Total Cost": 46313.68,
      "Plan Rows": 1,
      "Plan Width": 8,
      "Actual Startup Time": 190.266,
      "Actual Total Time": 203.0,
      "Actual Rows": 1,
      "Actual Loops": 1,
      "Plans": [
        {
          "Node Type": "Gather",
          "Parent Relationship": "Outer",
          "Parallel Aware": false,
          "Startup Cost": 46313.35,
          "Total Cost": 46313.66,
          "Plan Rows": 3,
          "Plan Width": 8,
          "Actual Startup Time": 190.158,
          "Actual Total Time": 202.99,
          "Actual Rows": 4,
          "Actual Loops": 1,
          "Workers Planned": 3,
          "Workers Launched": 3,
          "Single Copy": false,
          "Plans": [
            {
              "Node Type": "Aggregate",
              "Strategy": "Plain",
              "Partial Mode": "Partial",
              "Parent Relationship": "Outer",
              "Parallel Aware": false,
              "Startup Cost": 45313.35,
              "Total Cost": 45313.36,
              "Plan Rows": 1,
              "Plan Width": 8,
              "Actual Startup Time": 181.422,
              "Actual Total Time": 181.423,
              "Actual Rows": 1,
              "Actual Loops": 4,
              "Plans": [
                {
                  "Node Type": "Seq Scan",
                  "Parent Relationship": "Outer",
                  "Parallel Aware": true,
                  "Relation Name": "movie_keyword",
                  "Alias": "mk",
                  "Startup Cost": 0.0,
                  "Total Cost": 42695.65,
                  "Plan Rows": 1047080,
                  "Plan Width": 0,
                  "Actual Startup Time": 0.058,
                  "Actual Total Time": 138.926,
                  "Actual Rows": 810254,
                  "Actual Loops": 4,
                  "Filter": "(keyword_id < 13784)",
                  "Rows Removed by Filter": 320728
                }
              ]
            }
          ]
        }
      ]
    },
    "Planning Time": 0.191,
    "Triggers": [],
    "Execution Time": 203.058
  }
]