[
  {
    "Plan": {
      "Node Type": "Aggregate",
      "Strategy": "Plain",
      "Partial Mode": "Finalize",
      "Parallel Aware": false,
      "Startup Cost": 31309.12,
      "Total Cost": 31309.13,
      "Plan Rows": 1,
      "Plan Width": 8,
      "Actual Startup Time": 89.104,
      "Actual Total Time": 94.71,
      "Actual Rows": 1,
      "Actual Loops": 1,
      "Plans": [
        {
          "Node Type": "Gather",
          "Parent Relationship": "Outer",
          "Parallel Aware": false,
          "Startup Cost": 31308.81,
          "Total Cost": 31309.12,
          "Plan Rows": 3,
          "Plan Width": 8,
          "Actual Startup Time": 88.99,
          "Actual Total Time": 94.701,
          "Actual Rows": 4,
          "Actual Loops": 1,
          "Workers Planned": 3,
          "Workers Launched": 3,
          "Single Copy": false,
          "Plans": [
            {
              "Node Type": "Aggregate",
              "Strategy": "Plain",
              "Partial Mode": "Partial",
              "Parent Relationship": "Outer",
              "Parallel Aware": false,
              "Startup Cost": 30308.81,
              "Total Cost": 30308.82,
              "Plan Rows": 1,
              "Plan Width": 8,
              "Actual Startup Time": 83.895,
              "Actual Total Time": 83.896,
              "Actual Rows": 1,
              "Actual Loops": 4,
              "Plans": [
                {
                  "Node Type": "Seq Scan",
                  "Parent Relationship": "Outer",
                  "Parallel Aware": true,
                  "Relation Name": "movie_companies",
                  "Alias": "mc",
                  "Startup Cost": 0.0,
                  "Total Cost": 29310.68,
                  "Plan Rows": 399250,
                  "Plan Width": 0,
                  "Actual Startup Time": 10.885,
                  "Actual Total Time": 69.793,
                  "Actual Rows": 307292,
                  "Actual Loops": 4,
                  "Filter": "(company_id > 11928)",
                  "Rows Removed by Filter": 344990
                }
              ]
            }
          ]
        }
      ]
    },
    "Planning Time": 0.188,
    "Triggers": [],
    "Execution Time": 94.763
  }
]