[
  {
    "Plan": {
      "Node Type": "Aggregate",
      "Strategy": "Plain",
      "Partial Mode": "Finalize",
      "Parallel Aware": false,
      "Startup Cost": 31300.0,
      "Total Cost": 31300.01,
      "Plan Rows": 1,
      "Plan Width": 8,
      "Actual Startup Time": 102.566,
      "Actual Total Time": 110.377,
      "Actual Rows": 1,
      "Actual Loops": 1,
      "Plans": [
        {
          "Node Type": "Gather",
          "Parent Relationship": "Outer",
          "Parallel Aware": false,
          "Startup Cost": 31299.69,
          "Total Cost": 31300.0,
          "Plan Rows": 3,
          "Plan Width": 8,
          "Actual Startup Time": 102.439,
          "Actual Total Time": 110.368,
          "Actual Rows": 4,
          "Actual Loops": 1,
          "Workers Planned": 3,
          "Workers Launched": 3,
          "Single Copy": false,
          "Plans": [
            {
              "Node Type": "Aggregate",
              "Strategy": "Plain",
              "Partial Mode": "Partial",
              "Parent Relationship": "Outer",
              "Parallel Aware": false,
              "Startup Cost": 30299.69,
              "Total Cost": 30299.7,
              "Plan Rows": 1,
              "Plan Width": 8,
              "Actual Startup Time": 94.052,
              "Actual Total Time": 94.053,
              "Actual Rows": 1,
              "Actual Loops": 4,
              "Plans": [
                {
                  "Node Type": "Seq Scan",
                  "Parent Relationship": "Outer",
                  "Parallel Aware": true,
                  "Relation Name": "movie_companies",
                  "Alias": "mc",
                  "Startup Cost": 0.0,
                  "Total Cost": 29310.68,
                  "Plan Rows": 395602,
                  "Plan Width": 0,
                  "Actual Startup Time": 22.756,
                  "Actual Total Time": 81.225,
                  "Actual Rows": 307292,
                  "Actual Loops": 4,
                  "Filter": "(company_id > 11928)",
                  "Rows Removed by Filter": 344990
                }
              ]
            }
          ]
        }
      ]
    },
    "Planning Time": 0.186,
    "Triggers": [],
    "Execution Time": 110.433
  }
]