[
    {
        "Bao": {
            "Bao prediction": "NaN",
            "Bao recommended hint": "(no hint)"
        }
    },
    {
        "Plan": {
            "Node Type": "Aggregate",
            "Strategy": "Plain",
            "Partial Mode": "Finalize",
            "Parallel Aware": false,
            "Startup Cost": 397030.74,
            "Total Cost": 397030.75,
            "Plan Rows": 1,
            "Plan Width": 8,
            "Actual Startup Time": 1426.393,
            "Actual Total Time": 1458.396,
            "Actual Rows": 1,
            "Actual Loops": 1,
            "Output": [
                "count(*)"
            ],
            "Plans": [
                {
                    "Node Type": "Gather",
                    "Parent Relationship": "Outer",
                    "Parallel Aware": false,
                    "Startup Cost": 397030.11,
                    "Total Cost": 397030.72,
                    "Plan Rows": 6,
                    "Plan Width": 8,
                    "Actual Startup Time": 1411.456,
                    "Actual Total Time": 1458.387,
                    "Actual Rows": 7,
                    "Actual Loops": 1,
                    "Output": [
                        "(PARTIAL count(*))"
                    ],
                    "Workers Planned": 6,
                    "Workers Launched": 6,
                    "Single Copy": false,
                    "Plans": [
                        {
                            "Node Type": "Aggregate",
                            "Strategy": "Plain",
                            "Partial Mode": "Partial",
                            "Parent Relationship": "Outer",
                            "Parallel Aware": false,
                            "Startup Cost": 396030.11,
                            "Total Cost": 396030.12,
                            "Plan Rows": 1,
                            "Plan Width": 8,
                            "Actual Startup Time": 1401.522,
                            "Actual Total Time": 1401.525,
                            "Actual Rows": 1,
                            "Actual Loops": 7,
                            "Output": [
                                "PARTIAL count(*)"
                            ],
                            "Workers": [
                                {
                                    "Worker Number": 0,
                                    "Actual Startup Time": 1398.973,
                                    "Actual Total Time": 1398.976,
                                    "Actual Rows": 1,
                                    "Actual Loops": 1
                                },
                                {
                                    "Worker Number": 1,
                                    "Actual Startup Time": 1400.237,
                                    "Actual Total Time": 1400.24,
                                    "Actual Rows": 1,
                                    "Actual Loops": 1
                                },
                                {
                                    "Worker Number": 2,
                                    "Actual Startup Time": 1399.822,
                                    "Actual Total Time": 1399.824,
                                    "Actual Rows": 1,
                                    "Actual Loops": 1
                                },
                                {
                                    "Worker Number": 3,
                                    "Actual Startup Time": 1399.994,
                                    "Actual Total Time": 1399.997,
                                    "Actual Rows": 1,
                                    "Actual Loops": 1
                                },
                                {
                                    "Worker Number": 4,
                                    "Actual Startup Time": 1400.028,
                                    "Actual Total Time": 1400.03,
                                    "Actual Rows": 1,
                                    "Actual Loops": 1
                                },
                                {
                                    "Worker Number": 5,
                                    "Actual Startup Time": 1400.507,
                                    "Actual Total Time": 1400.51,
                                    "Actual Rows": 1,
                                    "Actual Loops": 1
                                }
                            ],
                            "Plans": [
                                {
                                    "Node Type": "Hash Join",
                                    "Parent Relationship": "Outer",
                                    "Parallel Aware": true,
                                    "Join Type": "Inner",
                                    "Startup Cost": 48727.04,
                                    "Total Cost": 394564.45,
                                    "Plan Rows": 586266,
                                    "Plan Width": 0,
                                    "Actual Startup Time": 498.352,
                                    "Actual Total Time": 1352.744,
                                    "Actual Rows": 914429,
                                    "Actual Loops": 7,
                                    "Inner Unique": true,
                                    "Hash Cond": "(ci.movie_id = t.id)",
                                    "Workers": [
                                        {
                                            "Worker Number": 0,
                                            "Actual Startup Time": 495.923,
                                            "Actual Total Time": 1348.642,
                                            "Actual Rows": 692292,
                                            "Actual Loops": 1
                                        },
                                        {
                                            "Worker Number": 1,
                                            "Actual Startup Time": 495.986,
                                            "Actual Total Time": 1349.529,
                                            "Actual Rows": 696391,
                                            "Actual Loops": 1
                                        },
                                        {
                                            "Worker Number": 2,
                                            "Actual Startup Time": 496.842,
                                            "Actual Total Time": 1353.531,
                                            "Actual Rows": 1030070,
                                            "Actual Loops": 1
                                        },
                                        {
                                            "Worker Number": 3,
                                            "Actual Startup Time": 496.985,
                                            "Actual Total Time": 1353.058,
                                            "Actual Rows": 1044501,
                                            "Actual Loops": 1
                                        },
                                        {
                                            "Worker Number": 4,
                                            "Actual Startup Time": 497.135,
                                            "Actual Total Time": 1353.286,
                                            "Actual Rows": 1038271,
                                            "Actual Loops": 1
                                        },
                                        {
                                            "Worker Number": 5,
                                            "Actual Startup Time": 497.545,
                                            "Actual Total Time": 1346.201,
                                            "Actual Rows": 747278,
                                            "Actual Loops": 1
                                        }
                                    ],
                                    "Plans": [
                                        {
                                            "Node Type": "Seq Scan",
                                            "Parent Relationship": "Outer",
                                            "Parallel Aware": true,
                                            "Relation Name": "cast_info",
                                            "Schema": "public",
                                            "Alias": "ci",
                                            "Startup Cost": 0.0,
                                            "Total Cost": 343318.94,
                                            "Plan Rows": 959415,
                                            "Plan Width": 4,
                                            "Actual Startup Time": 313.596,
                                            "Actual Total Time": 626.768,
                                            "Actual Rows": 1502897,
                                            "Actual Loops": 7,
                                            "Output": [
                                                "ci.id",
                                                "ci.person_id",
                                                "ci.movie_id",
                                                "ci.person_role_id",
                                                "ci.note",
                                                "ci.nr_order",
                                                "ci.role_id"
                                            ],
                                            "Filter": "((ci.person_id > 2360030) AND (ci.role_id > 2))",
                                            "Rows Removed by Filter": 3674866,
                                            "Workers": [
                                                {
                                                    "Worker Number": 0,
                                                    "Actual Startup Time": 313.575,
                                                    "Actual Total Time": 633.273,
                                                    "Actual Rows": 1139513,
                                                    "Actual Loops": 1
                                                },
                                                {
                                                    "Worker Number": 1,
                                                    "Actual Startup Time": 313.606,
                                                    "Actual Total Time": 632.603,
                                                    "Actual Rows": 1138692,
                                                    "Actual Loops": 1
                                                },
                                                {
                                                    "Worker Number": 2,
                                                    "Actual Startup Time": 313.541,
                                                    "Actual Total Time": 621.874,
                                                    "Actual Rows": 1697678,
                                                    "Actual Loops": 1
                                                },
                                                {
                                                    "Worker Number": 3,
                                                    "Actual Startup Time": 313.571,
                                                    "Actual Total Time": 623.695,
                                                    "Actual Rows": 1725644,
                                                    "Actual Loops": 1
                                                },
                                                {
                                                    "Worker Number": 4,
                                                    "Actual Startup Time": 313.543,
                                                    "Actual Total Time": 622.11,
                                                    "Actual Rows": 1706244,
                                                    "Actual Loops": 1
                                                },
                                                {
                                                    "Worker Number": 5,
                                                    "Actual Startup Time": 313.739,
                                                    "Actual Total Time": 655.702,
                                                    "Actual Rows": 1225190,
                                                    "Actual Loops": 1
                                                }
                                            ]
                                        },
                                        {
                                            "Node Type": "Hash",
                                            "Parent Relationship": "Inner",
                                            "Parallel Aware": true,
                                            "Startup Cost": 43899.01,
                                            "Total Cost": 43899.01,
                                            "Plan Rows": 386243,
                                            "Plan Width": 4,
                                            "Actual Startup Time": 181.293,
                                            "Actual Total Time": 181.294,
                                            "Actual Rows": 222266,
                                            "Actual Loops": 7,
                                            "Output": [
                                                "t.id"
                                            ],
                                            "Hash Buckets": 2097152,
                                            "Original Hash Buckets": 2097152,
                                            "Hash Batches": 1,
                                            "Original Hash Batches": 1,
                                            "Peak Memory Usage": 77344,
                                            "Workers": [
                                                {
                                                    "Worker Number": 0,
                                                    "Actual Startup Time": 181.286,
                                                    "Actual Total Time": 181.287,
                                                    "Actual Rows": 162366,
                                                    "Actual Loops": 1
                                                },
                                                {
                                                    "Worker Number": 1,
                                                    "Actual Startup Time": 181.279,
                                                    "Actual Total Time": 181.28,
                                                    "Actual Rows": 163424,
                                                    "Actual Loops": 1
                                                },
                                                {
                                                    "Worker Number": 2,
                                                    "Actual Startup Time": 182.322,
                                                    "Actual Total Time": 182.323,
                                                    "Actual Rows": 235449,
                                                    "Actual Loops": 1
                                                },
                                                {
                                                    "Worker Number": 3,
                                                    "Actual Startup Time": 182.444,
                                                    "Actual Total Time": 182.445,
                                                    "Actual Rows": 233741,
                                                    "Actual Loops": 1
                                                },
                                                {
                                                    "Worker Number": 4,
                                                    "Actual Startup Time": 182.501,
                                                    "Actual Total Time": 182.502,
                                                    "Actual Rows": 232334,
                                                    "Actual Loops": 1
                                                },
                                                {
                                                    "Worker Number": 5,
                                                    "Actual Startup Time": 182.993,
                                                    "Actual Total Time": 182.994,
                                                    "Actual Rows": 174677,
                                                    "Actual Loops": 1
                                                }
                                            ],
                                            "Plans": [
                                                {
                                                    "Node Type": "Seq Scan",
                                                    "Parent Relationship": "Outer",
                                                    "Parallel Aware": true,
                                                    "Relation Name": "title",
                                                    "Schema": "public",
                                                    "Alias": "t",
                                                    "Startup Cost": 0.0,
                                                    "Total Cost": 43899.01,
                                                    "Plan Rows": 386243,
                                                    "Plan Width": 4,
                                                    "Actual Startup Time": 0.043,
                                                    "Actual Total Time": 76.589,
                                                    "Actual Rows": 222266,
                                                    "Actual Loops": 7,
                                                    "Output": [
                                                        "t.id"
                                                    ],
                                                    "Filter": "(t.kind_id > 4)",
                                                    "Rows Removed by Filter": 138921,
                                                    "Workers": [
                                                        {
                                                            "Worker Number": 0,
                                                            "Actual Startup Time": 0.03,
                                                            "Actual Total Time": 77.464,
                                                            "Actual Rows": 162366,
                                                            "Actual Loops": 1
                                                        },
                                                        {
                                                            "Worker Number": 1,
                                                            "Actual Startup Time": 0.067,
                                                            "Actual Total Time": 77.7,
                                                            "Actual Rows": 163424,
                                                            "Actual Loops": 1
                                                        },
                                                        {
                                                            "Worker Number": 2,
                                                            "Actual Startup Time": 0.043,
                                                            "Actual Total Time": 77.288,
                                                            "Actual Rows": 235449,
                                                            "Actual Loops": 1
                                                        },
                                                        {
                                                            "Worker Number": 3,
                                                            "Actual Startup Time": 0.052,
                                                            "Actual Total Time": 77.757,
                                                            "Actual Rows": 233741,
                                                            "Actual Loops": 1
                                                        },
                                                        {
                                                            "Worker Number": 4,
                                                            "Actual Startup Time": 0.042,
                                                            "Actual Total Time": 77.861,
                                                            "Actual Rows": 232334,
                                                            "Actual Loops": 1
                                                        },
                                                        {
                                                            "Worker Number": 5,
                                                            "Actual Startup Time": 0.054,
                                                            "Actual Total Time": 80.433,
                                                            "Actual Rows": 174677,
                                                            "Actual Loops": 1
                                                        }
                                                    ]
                                                }
                                            ]
                                        }
                                    ]
                                }
                            ]
                        }
                    ]
                }
            ]
        },
        "Planning Time": 181.534,
        "Triggers": [],
        "Execution Time": 1458.453
    }
]