{
  "Plan": {
    "Node Type": "Aggregate",
    "Strategy": "Plain",
    "Partial Mode": "Simple",
    "Parallel Aware": false,
    "Startup Cost": 774980.13,
    "Total Cost": 774980.14,
    "Plan Rows": 1,
    "Plan Width": 96,
    "Actual Startup Time": 3303.244,
    "Actual Total Time": 3303.47,
    "Actual Rows": 1,
    "Actual Loops": 1,
    "Plans": [
      {
        "Node Type": "Nested Loop",
        "Parent Relationship": "Outer",
        "Parallel Aware": false,
        "Join Type": "Inner",
        "Startup Cost": 688316.71,
        "Total Cost": 774980.12,
        "Plan Rows": 1,
        "Plan Width": 42,
        "Actual Startup Time": 3303.241,
        "Actual Total Time": 3303.467,
        "Actual Rows": 0,
        "Actual Loops": 1,
        "Inner Unique": true,
        "Plans": [
          {
            "Node Type": "Hash Join",
            "Parent Relationship": "Outer",
            "Parallel Aware": false,
            "Join Type": "Inner",
            "Startup Cost": 688316.29,
            "Total Cost": 774974.34,
            "Plan Rows": 13,
            "Plan Width": 46,
            "Actual Startup Time": 2873.68,
            "Actual Total Time": 3301.469,
            "Actual Rows": 246,
            "Actual Loops": 1,
            "Inner Unique": false,
            "Hash Cond": "(mk.movie_id = t.id)",
            "Plans": [
              {
                "Node Type": "Seq Scan",
                "Parent Relationship": "Outer",
                "Parallel Aware": false,
                "Relation Name": "movie_keyword",
                "Alias": "mk",
                "Startup Cost": 0.0,
                "Total Cost": 69693.3,
                "Plan Rows": 4523930,
                "Plan Width": 8,
                "Actual Startup Time": 0.009,
                "Actual Total Time": 287.538,
                "Actual Rows": 4523930,
                "Actual Loops": 1
              },
              {
                "Node Type": "Hash",
                "Parent Relationship": "Inner",
                "Parallel Aware": false,
                "Startup Cost": 688316.27,
                "Total Cost": 688316.27,
                "Plan Rows": 1,
                "Plan Width": 58,
                "Actual Startup Time": 2756.989,
                "Actual Total Time": 2757.213,
                "Actual Rows": 101,
                "Actual Loops": 1,
                "Hash Buckets": 1024,
                "Original Hash Buckets": 1024,
                "Hash Batches": 1,
                "Original Hash Batches": 1,
                "Peak Memory Usage": 18,
                "Plans": [
                  {
                    "Node Type": "Nested Loop",
                    "Parent Relationship": "Outer",
                    "Parallel Aware": false,
                    "Join Type": "Inner",
                    "Startup Cost": 658099.82,
                    "Total Cost": 688316.27,
                    "Plan Rows": 1,
                    "Plan Width": 58,
                    "Actual Startup Time": 2623.416,
                    "Actual Total Time": 2757.14,
                    "Actual Rows": 101,
                    "Actual Loops": 1,
                    "Inner Unique": true,
                    "Plans": [
                      {
                        "Node Type": "Hash Join",
                        "Parent Relationship": "Outer",
                        "Parallel Aware": false,
                        "Join Type": "Inner",
                        "Startup Cost": 658099.69,
                        "Total Cost": 688316.12,
                        "Plan Rows": 1,
                        "Plan Width": 62,
                        "Actual Startup Time": 2623.39,
                        "Actual Total Time": 2756.926,
                        "Actual Rows": 101,
                        "Actual Loops": 1,
                        "Inner Unique": true,
                        "Hash Cond": "(mi_idx.info_type_id = it2.id)",
                        "Plans": [
                          {
                            "Node Type": "Hash Join",
                            "Parent Relationship": "Outer",
                            "Parallel Aware": false,
                            "Join Type": "Inner",
                            "Startup Cost": 658097.27,
                            "Total Cost": 688313.38,
                            "Plan Rows": 117,
                            "Plan Width": 66,
                            "Actual Startup Time": 2623.341,
                            "Actual Total Time": 2756.824,
                            "Actual Rows": 290,
                            "Actual Loops": 1,
                            "Inner Unique": false,
                            "Hash Cond": "(mi_idx.movie_id = t.id)",
                            "Plans": [
                              {
                                "Node Type": "Seq Scan",
                                "Parent Relationship": "Outer",
                                "Parallel Aware": false,
                                "Relation Name": "movie_info_idx",
                                "Alias": "mi_idx",
                                "Startup Cost": 0.0,
                                "Total Cost": 25185.44,
                                "Plan Rows": 1341456,
                                "Plan Width": 14,
                                "Actual Startup Time": 0.006,
                                "Actual Total Time": 156.836,
                                "Actual Rows": 1337634,
                                "Actual Loops": 1,
                                "Filter": "(info < '8.5'::text)",
                                "Rows Removed by Filter": 42401
                              },
                              {
                                "Node Type": "Hash",
                                "Parent Relationship": "Inner",
                                "Parallel Aware": false,
                                "Startup Cost": 658096.78,
                                "Total Cost": 658096.78,
                                "Plan Rows": 39,
                                "Plan Width": 52,
                                "Actual Startup Time": 2529.026,
                                "Actual Total Time": 2529.245,
                                "Actual Rows": 911,
                                "Actual Loops": 1,
                                "Hash Buckets": 1024,
                                "Original Hash Buckets": 1024,
                                "Hash Batches": 1,
                                "Original Hash Batches": 1,
                                "Peak Memory Usage": 97,
                                "Plans": [
                                  {
                                    "Node Type": "Nested Loop",
                                    "Parent Relationship": "Outer",
                                    "Parallel Aware": false,
                                    "Join Type": "Inner",
                                    "Startup Cost": 613944.89,
                                    "Total Cost": 658096.78,
                                    "Plan Rows": 39,
                                    "Plan Width": 52,
                                    "Actual Startup Time": 2152.318,
                                    "Actual Total Time": 2528.958,
                                    "Actual Rows": 911,
                                    "Actual Loops": 1,
                                    "Inner Unique": false,
                                    "Join Filter": "(mi.info_type_id = it1.id)",
                                    "Rows Removed by Join Filter": 242,
                                    "Plans": [
                                      {
                                        "Node Type": "Seq Scan",
                                        "Parent Relationship": "Outer",
                                        "Parallel Aware": false,
                                        "Relation Name": "info_type",
                                        "Alias": "it1",
                                        "Startup Cost": 0.0,
                                        "Total Cost": 2.41,
                                        "Plan Rows": 1,
                                        "Plan Width": 4,
                                        "Actual Startup Time": 0.004,
                                        "Actual Total Time": 0.011,
                                        "Actual Rows": 1,
                                        "Actual Loops": 1,
                                        "Filter": "((info)::text = 'countries'::text)",
                                        "Rows Removed by Filter": 112
                                      },
                                      {
                                        "Node Type": "Nested Loop",
                                        "Parent Relationship": "Inner",
                                        "Parallel Aware": false,
                                        "Join Type": "Inner",
                                        "Startup Cost": 613944.89,
                                        "Total Cost": 658038.89,
                                        "Plan Rows": 4438,
                                        "Plan Width": 56,
                                        "Actual Startup Time": 2152.312,
                                        "Actual Total Time": 2528.811,
                                        "Actual Rows": 1153,
                                        "Actual Loops": 1,
                                        "Inner Unique": false,
                                        "Join Filter": "(t.kind_id = kt.id)",
                                        "Rows Removed by Join Filter": 1153,
                                        "Plans": [
                                          {
                                            "Node Type": "Seq Scan",
                                            "Parent Relationship": "Outer",
                                            "Parallel Aware": false,
                                            "Relation Name": "kind_type",
                                            "Alias": "kt",
                                            "Startup Cost": 0.0,
                                            "Total Cost": 1.09,
                                            "Plan Rows": 2,
                                            "Plan Width": 4,
                                            "Actual Startup Time": 0.004,
                                            "Actual Total Time": 0.013,
                                            "Actual Rows": 2,
                                            "Actual Loops": 1,
                                            "Filter": "((kind)::text = ANY ('{movie,episode}'::text[]))",
                                            "Rows Removed by Filter": 5
                                          },
                                          {
                                            "Node Type": "Materialize",
                                            "Parent Relationship": "Inner",
                                            "Parallel Aware": false,
                                            "Startup Cost": 613944.89,
                                            "Total Cost": 657610.62,
                                            "Plan Rows": 15534,
                                            "Plan Width": 60,
                                            "Actual Startup Time": 1076.152,
                                            "Actual Total Time": 1264.246,
                                            "Actual Rows": 1153,
                                            "Actual Loops": 2,
                                            "Plans": [
                                              {
                                                "Node Type": "Merge Join",
                                                "Parent Relationship": "Outer",
                                                "Parallel Aware": false,
                                                "Join Type": "Inner",
                                                "Startup Cost": 613944.89,
                                                "Total Cost": 657532.95,
                                                "Plan Rows": 15534,
                                                "Plan Width": 60,
                                                "Actual Startup Time": 2152.299,
                                                "Actual Total Time": 2528.012,
                                                "Actual Rows": 1153,
                                                "Actual Loops": 1,
                                                "Inner Unique": false,
                                                "Merge Cond": "(t.id = mi.movie_id)",
                                                "Plans": [
                                                  {
                                                    "Node Type": "Sort",
                                                    "Parent Relationship": "Outer",
                                                    "Parallel Aware": false,
                                                    "Startup Cost": 48615.37,
                                                    "Total Cost": 48669.38,
                                                    "Plan Rows": 21604,
                                                    "Plan Width": 25,
                                                    "Actual Startup Time": 124.254,
                                                    "Actual Total Time": 126.798,
                                                    "Actual Rows": 24508,
                                                    "Actual Loops": 1,
                                                    "Sort Key": [
                                                      "t.id"
                                                    ],
                                                    "Sort Method": "quicksort",
                                                    "Sort Space Used": 2889,
                                                    "Sort Space Type": "Memory",
                                                    "Plans": [
                                                      {
                                                        "Node Type": "Gather",
                                                        "Parent Relationship": "Outer",
                                                        "Parallel Aware": false,
                                                        "Startup Cost": 1000.0,
                                                        "Total Cost": 47059.99,
                                                        "Plan Rows": 21604,
                                                        "Plan Width": 25,
                                                        "Actual Startup Time": 82.019,
                                                        "Actual Total Time": 117.277,
                                                        "Actual Rows": 24508,
                                                        "Actual Loops": 1,
                                                        "Workers Planned": 4,
                                                        "Workers Launched": 4,
                                                        "Single Copy": false,
                                                        "Plans": [
                                                          {
                                                            "Node Type": "Seq Scan",
                                                            "Parent Relationship": "Outer",
                                                            "Parallel Aware": true,
                                                            "Relation Name": "title",
                                                            "Alias": "t",
                                                            "Startup Cost": 0.0,
                                                            "Total Cost": 43899.59,
                                                            "Plan Rows": 5401,
                                                            "Plan Width": 25,
                                                            "Actual Startup Time": 66.698,
                                                            "Actual Total Time": 108.66,
                                                            "Actual Rows": 4902,
                                                            "Actual Loops": 5,
                                                            "Filter": "(production_year < 1910)",
                                                            "Rows Removed by Filter": 500761
                                                          }
                                                        ]
                                                      }
                                                    ]
                                                  },
                                                  {
                                                    "Node Type": "Materialize",
                                                    "Parent Relationship": "Inner",
                                                    "Parallel Aware": false,
                                                    "Startup Cost": 565329.51,
                                                    "Total Cost": 604109.18,
                                                    "Plan Rows": 1818057,
                                                    "Plan Width": 35,
                                                    "Actual Startup Time": 1914.108,
                                                    "Actual Total Time": 2345.082,
                                                    "Actual Rows": 692376,
                                                    "Actual Loops": 1,
                                                    "Plans": [
                                                      {
                                                        "Node Type": "Merge Join",
                                                        "Parent Relationship": "Outer",
                                                        "Parallel Aware": false,
                                                        "Join Type": "Inner",
                                                        "Startup Cost": 565329.51,
                                                        "Total Cost": 599564.04,
                                                        "Plan Rows": 1818057,
                                                        "Plan Width": 35,
                                                        "Actual Startup Time": 1914.102,
                                                        "Actual Total Time": 2195.72,
                                                        "Actual Rows": 692376,
                                                        "Actual Loops": 1,
                                                        "Inner Unique": false,
                                                        "Merge Cond": "(mc.movie_id = mi.movie_id)",
                                                        "Plans": [
                                                          {
                                                            "Node Type": "Sort",
                                                            "Parent Relationship": "Outer",
                                                            "Parallel Aware": false,
                                                            "Startup Cost": 201396.62,
                                                            "Total Cost": 204879.38,
                                                            "Plan Rows": 1393104,
                                                            "Plan Width": 27,
                                                            "Actual Startup Time": 1116.194,
                                                            "Actual Total Time": 1166.394,
                                                            "Actual Rows": 1343653,
                                                            "Actual Loops": 1,
                                                            "Sort Key": [
                                                              "mc.movie_id"
                                                            ],
                                                            "Sort Method": "quicksort",
                                                            "Sort Space Used": 152556,
                                                            "Sort Space Type": "Memory",
                                                            "Plans": [
                                                              {
                                                                "Node Type": "Hash Join",
                                                                "Parent Relationship": "Outer",
                                                                "Parallel Aware": false,
                                                                "Join Type": "Inner",
                                                                "Startup Cost": 7500.88,
                                                                "Total Cost": 59231.25,
                                                                "Plan Rows": 1393104,
                                                                "Plan Width": 27,
                                                                "Actual Startup Time": 58.96,
                                                                "Actual Total Time": 741.393,
                                                                "Actual Rows": 1343936,
                                                                "Actual Loops": 1,
                                                                "Inner Unique": true,
                                                                "Hash Cond": "(mc.company_id = cn.id)",
                                                                "Plans": [
                                                                  {
                                                                    "Node Type": "Seq Scan",
                                                                    "Parent Relationship": "Outer",
                                                                    "Parallel Aware": false,
                                                                    "Relation Name": "movie_companies",
                                                                    "Alias": "mc",
                                                                    "Startup Cost": 0.0,
                                                                    "Total Cost": 44881.29,
                                                                    "Plan Rows": 2609129,
                                                                    "Plan Width": 12,
                                                                    "Actual Startup Time": 0.012,
                                                                    "Actual Total Time": 219.667,
                                                                    "Actual Rows": 2609129,
                                                                    "Actual Loops": 1
                                                                  },
                                                                  {
                                                                    "Node Type": "Hash",
                                                                    "Parent Relationship": "Inner",
                                                                    "Parallel Aware": false,
                                                                    "Startup Cost": 5932.46,
                                                                    "Total Cost": 5932.46,
                                                                    "Plan Rows": 125473,
                                                                    "Plan Width": 23,
                                                                    "Actual Startup Time": 58.286,
                                                                    "Actual Total Time": 58.287,
                                                                    "Actual Rows": 126230,
                                                                    "Actual Loops": 1,
                                                                    "Hash Buckets": 131072,
                                                                    "Original Hash Buckets": 131072,
                                                                    "Hash Batches": 1,
                                                                    "Original Hash Batches": 1,
                                                                    "Peak Memory Usage": 7968,
                                                                    "Plans": [
                                                                      {
                                                                        "Node Type": "Seq Scan",
                                                                        "Parent Relationship": "Outer",
                                                                        "Parallel Aware": false,
                                                                        "Relation Name": "company_name",
                                                                        "Alias": "cn",
                                                                        "Startup Cost": 0.0,
                                                                        "Total Cost": 5932.46,
                                                                        "Plan Rows": 125473,
                                                                        "Plan Width": 23,
                                                                        "Actual Startup Time": 0.028,
                                                                        "Actual Total Time": 32.168,
                                                                        "Actual Rows": 126230,
                                                                        "Actual Loops": 1,
                                                                        "Filter": "((country_code)::text <> '[us]'::text)",
                                                                        "Rows Removed by Filter": 108767
                                                                      }
                                                                    ]
                                                                  }
                                                                ]
                                                              }
                                                            ]
                                                          },
                                                          {
                                                            "Node Type": "Sort",
                                                            "Parent Relationship": "Inner",
                                                            "Parallel Aware": false,
                                                            "Startup Cost": 363932.8,
                                                            "Total Cost": 365634.71,
                                                            "Plan Rows": 680764,
                                                            "Plan Width": 8,
                                                            "Actual Startup Time": 797.891,
                                                            "Actual Total Time": 839.877,
                                                            "Actual Rows": 1200972,
                                                            "Actual Loops": 1,
                                                            "Sort Key": [
                                                              "mi.movie_id"
                                                            ],
                                                            "Sort Method": "quicksort",
                                                            "Sort Space Used": 58149,
                                                            "Sort Space Type": "Memory",
                                                            "Plans": [
                                                              {
                                                                "Node Type": "Gather",
                                                                "Parent Relationship": "Outer",
                                                                "Parallel Aware": false,
                                                                "Startup Cost": 1000.0,
                                                                "Total Cost": 297977.68,
                                                                "Plan Rows": 680764,
                                                                "Plan Width": 8,
                                                                "Actual Startup Time": 1.593,
                                                                "Actual Total Time": 662.474,
                                                                "Actual Rows": 716210,
                                                                "Actual Loops": 1,
                                                                "Workers Planned": 5,
                                                                "Workers Launched": 5,
                                                                "Single Copy": false,
                                                                "Plans": [
                                                                  {
                                                                    "Node Type": "Seq Scan",
                                                                    "Parent Relationship": "Outer",
                                                                    "Parallel Aware": true,
                                                                    "Relation Name": "movie_info",
                                                                    "Alias": "mi",
                                                                    "Startup Cost": 0.0,
                                                                    "Total Cost": 228901.28,
                                                                    "Plan Rows": 136153,
                                                                    "Plan Width": 8,
                                                                    "Actual Startup Time": 0.501,
                                                                    "Actual Total Time": 662.178,
                                                                    "Actual Rows": 119368,
                                                                    "Actual Loops": 6,
                                                                    "Filter": "(info = ANY ('{Sweden,Norway,Germany,Denmark,Swedish,Danish,Norwegian,German,USA,American}'::text[]))",
                                                                    "Rows Removed by Filter": 2353252
                                                                  }
                                                                ]
                                                              }
                                                            ]
                                                          }
                                                        ]
                                                      }
                                                    ]
                                                  }
                                                ]
                                              }
                                            ]
                                          }
                                        ]
                                      }
                                    ]
                                  }
                                ]
                              }
                            ]
                          },
                          {
                            "Node Type": "Hash",
                            "Parent Relationship": "Inner",
                            "Parallel Aware": false,
                            "Startup Cost": 2.41,
                            "Total Cost": 2.41,
                            "Plan Rows": 1,
                            "Plan Width": 4,
                            "Actual Startup Time": 0.019,
                            "Actual Total Time": 0.019,
                            "Actual Rows": 1,
                            "Actual Loops": 1,
                            "Hash Buckets": 1024,
                            "Original Hash Buckets": 1024,
                            "Hash Batches": 1,
                            "Original Hash Batches": 1,
                            "Peak Memory Usage": 9,
                            "Plans": [
                              {
                                "Node Type": "Seq Scan",
                                "Parent Relationship": "Outer",
                                "Parallel Aware": false,
                                "Relation Name": "info_type",
                                "Alias": "it2",
                                "Startup Cost": 0.0,
                                "Total Cost": 2.41,
                                "Plan Rows": 1,
                                "Plan Width": 4,
                                "Actual Startup Time": 0.012,
                                "Actual Total Time": 0.013,
                                "Actual Rows": 1,
                                "Actual Loops": 1,
                                "Filter": "((info)::text = 'rating'::text)",
                                "Rows Removed by Filter": 112
                              }
                            ]
                          }
                        ]
                      },
                      {
                        "Node Type": "Index Only Scan",
                        "Parent Relationship": "Inner",
                        "Parallel Aware": false,
                        "Scan Direction": "Forward",
                        "Index Name": "company_type_pkey",
                        "Relation Name": "company_type",
                        "Alias": "ct",
                        "Startup Cost": 0.13,
                        "Total Cost": 0.15,
                        "Plan Rows": 1,
                        "Plan Width": 4,
                        "Actual Startup Time": 0.001,
                        "Actual Total Time": 0.001,
                        "Actual Rows": 1,
                        "Actual Loops": 101,
                        "Index Cond": "(id = mc.company_type_id)",
                        "Rows Removed by Index Recheck": 0,
                        "Heap Fetches": 101
                      }
                    ]
                  }
                ]
              }
            ]
          },
          {
            "Node Type": "Index Scan",
            "Parent Relationship": "Inner",
            "Parallel Aware": false,
            "Scan Direction": "Forward",
            "Index Name": "keyword_pkey",
            "Relation Name": "keyword",
            "Alias": "k",
            "Startup Cost": 0.42,
            "Total Cost": 0.44,
            "Plan Rows": 1,
            "Plan Width": 4,
            "Actual Startup Time": 0.008,
            "Actual Total Time": 0.008,
            "Actual Rows": 0,
            "Actual Loops": 246,
            "Index Cond": "(id = mk.keyword_id)",
            "Rows Removed by Index Recheck": 0,
            "Filter": "(keyword = ANY ('{murder,murder-in-title,blood,violence}'::text[]))",
            "Rows Removed by Filter": 1
          }
        ]
      }
    ]
  },
  "Planning Time": 41.072,
  "Triggers": [],
  "Execution Time": 3320.579
}