{
  "Plan": {
    "Node Type": "Aggregate",
    "Strategy": "Plain",
    "Partial Mode": "Simple",
    "Parallel Aware": false,
    "Startup Cost": 556708.11,
    "Total Cost": 556708.12,
    "Plan Rows": 1,
    "Plan Width": 96,
    "Actual Startup Time": 4156.012,
    "Actual Total Time": 4157.752,
    "Actual Rows": 1,
    "Actual Loops": 1,
    "Plans": [
      {
        "Node Type": "Nested Loop",
        "Parent Relationship": "Outer",
        "Parallel Aware": false,
        "Join Type": "Inner",
        "Startup Cost": 453954.6,
        "Total Cost": 556708.1,
        "Plan Rows": 1,
        "Plan Width": 42,
        "Actual Startup Time": 4156.007,
        "Actual Total Time": 4157.746,
        "Actual Rows": 0,
        "Actual Loops": 1,
        "Inner Unique": true,
        "Plans": [
          {
            "Node Type": "Nested Loop",
            "Parent Relationship": "Outer",
            "Parallel Aware": false,
            "Join Type": "Inner",
            "Startup Cost": 453954.46,
            "Total Cost": 556707.93,
            "Plan Rows": 1,
            "Plan Width": 46,
            "Actual Startup Time": 4156.006,
            "Actual Total Time": 4157.745,
            "Actual Rows": 0,
            "Actual Loops": 1,
            "Inner Unique": true,
            "Plans": [
              {
                "Node Type": "Nested Loop",
                "Parent Relationship": "Outer",
                "Parallel Aware": false,
                "Join Type": "Inner",
                "Startup Cost": 453954.04,
                "Total Cost": 556682.19,
                "Plan Rows": 58,
                "Plan Width": 50,
                "Actual Startup Time": 3471.104,
                "Actual Total Time": 4156.282,
                "Actual Rows": 246,
                "Actual Loops": 1,
                "Inner Unique": false,
                "Join Filter": "(mi_idx.info_type_id = it2.id)",
                "Rows Removed by Join Filter": 444,
                "Plans": [
                  {
                    "Node Type": "Seq Scan",
                    "Parent Relationship": "Outer",
                    "Parallel Aware": false,
                    "Relation Name": "info_type",
                    "Alias": "it2",
                    "Startup Cost": 0.0,
                    "Total Cost": 2.41,
                    "Plan Rows": 1,
                    "Plan Width": 4,
                    "Actual Startup Time": 0.034,
                    "Actual Total Time": 0.037,
                    "Actual Rows": 1,
                    "Actual Loops": 1,
                    "Filter": "((info)::text = 'rating'::text)",
                    "Rows Removed by Filter": 112
                  },
                  {
                    "Node Type": "Nested Loop",
                    "Parent Relationship": "Inner",
                    "Parallel Aware": false,
                    "Join Type": "Inner",
                    "Startup Cost": 453954.04,
                    "Total Cost": 556597.92,
                    "Plan Rows": 6548,
                    "Plan Width": 54,
                    "Actual Startup Time": 3471.065,
                    "Actual Total Time": 4156.16,
                    "Actual Rows": 690,
                    "Actual Loops": 1,
                    "Inner Unique": false,
                    "Join Filter": "(mi.info_type_id = it1.id)",
                    "Rows Removed by Join Filter": 654,
                    "Plans": [
                      {
                        "Node Type": "Seq Scan",
                        "Parent Relationship": "Outer",
                        "Parallel Aware": false,
                        "Relation Name": "info_type",
                        "Alias": "it1",
                        "Startup Cost": 0.0,
                        "Total Cost": 2.41,
                        "Plan Rows": 1,
                        "Plan Width": 4,
                        "Actual Startup Time": 0.008,
                        "Actual Total Time": 0.019,
                        "Actual Rows": 1,
                        "Actual Loops": 1,
                        "Filter": "((info)::text = 'countries'::text)",
                        "Rows Removed by Filter": 112
                      },
                      {
                        "Node Type": "Hash Join",
                        "Parent Relationship": "Inner",
                        "Parallel Aware": false,
                        "Join Type": "Inner",
                        "Startup Cost": 453954.04,
                        "Total Cost": 547346.32,
                        "Plan Rows": 739935,
                        "Plan Width": 58,
                        "Actual Startup Time": 3471.053,
                        "Actual Total Time": 4155.966,
                        "Actual Rows": 1344,
                        "Actual Loops": 1,
                        "Inner Unique": false,
                        "Hash Cond": "(mk.movie_id = t.id)",
                        "Plans": [
                          {
                            "Node Type": "Seq Scan",
                            "Parent Relationship": "Outer",
                            "Parallel Aware": false,
                            "Relation Name": "movie_keyword",
                            "Alias": "mk",
                            "Startup Cost": 0.0,
                            "Total Cost": 69693.3,
                            "Plan Rows": 4523930,
                            "Plan Width": 8,
                            "Actual Startup Time": 0.013,
                            "Actual Total Time": 443.819,
                            "Actual Rows": 4523930,
                            "Actual Loops": 1
                          },
                          {
                            "Node Type": "Hash",
                            "Parent Relationship": "Inner",
                            "Parallel Aware": false,
                            "Startup Cost": 453200.03,
                            "Total Cost": 453200.03,
                            "Plan Rows": 60321,
                            "Plan Width": 70,
                            "Actual Startup Time": 3280.733,
                            "Actual Total Time": 3282.467,
                            "Actual Rows": 344,
                            "Actual Loops": 1,
                            "Hash Buckets": 65536,
                            "Original Hash Buckets": 65536,
                            "Hash Batches": 1,
                            "Original Hash Batches": 1,
                            "Peak Memory Usage": 551,
                            "Plans": [
                              {
                                "Node Type": "Gather",
                                "Parent Relationship": "Outer",
                                "Parallel Aware": false,
                                "Startup Cost": 217842.43,
                                "Total Cost": 453200.03,
                                "Plan Rows": 60321,
                                "Plan Width": 70,
                                "Actual Startup Time": 3135.757,
                                "Actual Total Time": 3282.271,
                                "Actual Rows": 344,
                                "Actual Loops": 1,
                                "Workers Planned": 5,
                                "Workers Launched": 5,
                                "Single Copy": false,
                                "Plans": [
                                  {
                                    "Node Type": "Hash Join",
                                    "Parent Relationship": "Outer",
                                    "Parallel Aware": true,
                                    "Join Type": "Inner",
                                    "Startup Cost": 216842.43,
                                    "Total Cost": 446167.93,
                                    "Plan Rows": 12064,
                                    "Plan Width": 70,
                                    "Actual Startup Time": 2538.126,
                                    "Actual Total Time": 3266.779,
                                    "Actual Rows": 57,
                                    "Actual Loops": 6,
                                    "Inner Unique": false,
                                    "Hash Cond": "(mi.movie_id = t.id)",
                                    "Plans": [
                                      {
                                        "Node Type": "Seq Scan",
                                        "Parent Relationship": "Outer",
                                        "Parallel Aware": true,
                                        "Relation Name": "movie_info",
                                        "Alias": "mi",
                                        "Startup Cost": 0.0,
                                        "Total Cost": 228777.37,
                                        "Plan Rows": 143651,
                                        "Plan Width": 8,
                                        "Actual Startup Time": 0.42,
                                        "Actual Total Time": 855.623,
                                        "Actual Rows": 119368,
                                        "Actual Loops": 6,
                                        "Filter": "(info = ANY ('{Sweden,Norway,Germany,Denmark,Swedish,Danish,Norwegian,German,USA,American}'::text[]))",
                                        "Rows Removed by Filter": 2353252
                                      },
                                      {
                                        "Node Type": "Hash",
                                        "Parent Relationship": "Inner",
                                        "Parallel Aware": true,
                                        "Startup Cost": 216634.96,
                                        "Total Cost": 216634.96,
                                        "Plan Rows": 16598,
                                        "Plan Width": 62,
                                        "Actual Startup Time": 2395.274,
                                        "Actual Total Time": 2395.287,
                                        "Actual Rows": 1256,
                                        "Actual Loops": 6,
                                        "Hash Buckets": 65536,
                                        "Original Hash Buckets": 65536,
                                        "Hash Batches": 1,
                                        "Original Hash Batches": 1,
                                        "Peak Memory Usage": 1408,
                                        "Plans": [
                                          {
                                            "Node Type": "Hash Join",
                                            "Parent Relationship": "Outer",
                                            "Parallel Aware": true,
                                            "Join Type": "Inner",
                                            "Startup Cost": 199400.01,
                                            "Total Cost": 216634.96,
                                            "Plan Rows": 16598,
                                            "Plan Width": 62,
                                            "Actual Startup Time": 2352.55,
                                            "Actual Total Time": 2394.058,
                                            "Actual Rows": 1256,
                                            "Actual Loops": 6,
                                            "Inner Unique": false,
                                            "Hash Cond": "(mi_idx.movie_id = t.id)",
                                            "Plans": [
                                              {
                                                "Node Type": "Seq Scan",
                                                "Parent Relationship": "Outer",
                                                "Parallel Aware": true,
                                                "Relation Name": "movie_info_idx",
                                                "Alias": "mi_idx",
                                                "Startup Cost": 0.0,
                                                "Total Cost": 15122.68,
                                                "Plan Rows": 558260,
                                                "Plan Width": 14,
                                                "Actual Startup Time": 0.069,
                                                "Actual Total Time": 52.906,
                                                "Actual Rows": 222939,
                                                "Actual Loops": 6,
                                                "Filter": "(info < '8.5'::text)",
                                                "Rows Removed by Filter": 7067
                                              },
                                              {
                                                "Node Type": "Hash",
                                                "Parent Relationship": "Inner",
                                                "Parallel Aware": true,
                                                "Startup Cost": 199293.63,
                                                "Total Cost": 199293.63,
                                                "Plan Rows": 8511,
                                                "Plan Width": 48,
                                                "Actual Startup Time": 2310.583,
                                                "Actual Total Time": 2310.594,
                                                "Actual Rows": 4220,
                                                "Actual Loops": 6,
                                                "Hash Buckets": 32768,
                                                "Original Hash Buckets": 16384,
                                                "Hash Batches": 1,
                                                "Original Hash Batches": 1,
                                                "Peak Memory Usage": 2848,
                                                "Plans": [
                                                  {
                                                    "Node Type": "Hash Join",
                                                    "Parent Relationship": "Outer",
                                                    "Parallel Aware": true,
                                                    "Join Type": "Inner",
                                                    "Startup Cost": 35455.77,
                                                    "Total Cost": 199293.63,
                                                    "Plan Rows": 8511,
                                                    "Plan Width": 48,
                                                    "Actual Startup Time": 709.048,
                                                    "Actual Total Time": 2082.093,
                                                    "Actual Rows": 4220,
                                                    "Actual Loops": 6,
                                                    "Inner Unique": true,
                                                    "Hash Cond": "(mc.movie_id = t.id)",
                                                    "Plans": [
                                                      {
                                                        "Node Type": "Hash Join",
                                                        "Parent Relationship": "Outer",
                                                        "Parallel Aware": false,
                                                        "Join Type": "Inner",
                                                        "Startup Cost": 50.82,
                                                        "Total Cost": 161724.8,
                                                        "Plan Rows": 824332,
                                                        "Plan Width": 23,
                                                        "Actual Startup Time": 443.438,
                                                        "Actual Total Time": 1987.785,
                                                        "Actual Rows": 223989,
                                                        "Actual Loops": 6,
                                                        "Inner Unique": true,
                                                        "Hash Cond": "(mc.company_type_id = ct.id)",
                                                        "Plans": [
                                                          {
                                                            "Node Type": "Merge Join",
                                                            "Parent Relationship": "Outer",
                                                            "Parallel Aware": false,
                                                            "Join Type": "Inner",
                                                            "Startup Cost": 49.73,
                                                            "Total Cost": 157267.17,
                                                            "Plan Rows": 824332,
                                                            "Plan Width": 27,
                                                            "Actual Startup Time": 443.248,
                                                            "Actual Total Time": 1944.623,
                                                            "Actual Rows": 223989,
                                                            "Actual Loops": 6,
                                                            "Inner Unique": false,
                                                            "Merge Cond": "(cn.id = mc.company_id)",
                                                            "Plans": [
                                                              {
                                                                "Node Type": "Index Scan",
                                                                "Parent Relationship": "Outer",
                                                                "Parallel Aware": true,
                                                                "Scan Direction": "Forward",
                                                                "Index Name": "company_name_pkey",
                                                                "Relation Name": "company_name",
                                                                "Alias": "cn",
                                                                "Startup Cost": 0.42,
                                                                "Total Cost": 11265.25,
                                                                "Plan Rows": 74245,
                                                                "Plan Width": 23,
                                                                "Actual Startup Time": 0.364,
                                                                "Actual Total Time": 50.184,
                                                                "Actual Rows": 21038,
                                                                "Actual Loops": 6,
                                                                "Filter": "((country_code)::text <> '[us]'::text)",
                                                                "Rows Removed by Filter": 18128
                                                              },
                                                              {
                                                                "Node Type": "Index Scan",
                                                                "Parent Relationship": "Inner",
                                                                "Parallel Aware": false,
                                                                "Scan Direction": "Forward",
                                                                "Index Name": "company_id_movie_companies",
                                                                "Relation Name": "movie_companies",
                                                                "Alias": "mc",
                                                                "Startup Cost": 0.43,
                                                                "Total Cost": 131053.9,
                                                                "Plan Rows": 2609129,
                                                                "Plan Width": 12,
                                                                "Actual Startup Time": 0.202,
                                                                "Actual Total Time": 1607.968,
                                                                "Actual Rows": 2579549,
                                                                "Actual Loops": 6
                                                              }
                                                            ]
                                                          },
                                                          {
                                                            "Node Type": "Hash",
                                                            "Parent Relationship": "Inner",
                                                            "Parallel Aware": false,
                                                            "Startup Cost": 1.04,
                                                            "Total Cost": 1.04,
                                                            "Plan Rows": 4,
                                                            "Plan Width": 4,
                                                            "Actual Startup Time": 0.09,
                                                            "Actual Total Time": 0.091,
                                                            "Actual Rows": 4,
                                                            "Actual Loops": 6,
                                                            "Hash Buckets": 1024,
                                                            "Original Hash Buckets": 1024,
                                                            "Hash Batches": 1,
                                                            "Original Hash Batches": 1,
                                                            "Peak Memory Usage": 9,
                                                            "Plans": [
                                                              {
                                                                "Node Type": "Seq Scan",
                                                                "Parent Relationship": "Outer",
                                                                "Parallel Aware": false,
                                                                "Relation Name": "company_type",
                                                                "Alias": "ct",
                                                                "Startup Cost": 0.0,
                                                                "Total Cost": 1.04,
                                                                "Plan Rows": 4,
                                                                "Plan Width": 4,
                                                                "Actual Startup Time": 0.064,
                                                                "Actual Total Time": 0.066,
                                                                "Actual Rows": 4,
                                                                "Actual Loops": 6
                                                              }
                                                            ]
                                                          }
                                                        ]
                                                      },
                                                      {
                                                        "Node Type": "Hash",
                                                        "Parent Relationship": "Inner",
                                                        "Parallel Aware": true,
                                                        "Startup Cost": 35299.69,
                                                        "Total Cost": 35299.69,
                                                        "Plan Rows": 8421,
                                                        "Plan Width": 25,
                                                        "Actual Startup Time": 46.796,
                                                        "Actual Total Time": 46.798,
                                                        "Actual Rows": 4085,
                                                        "Actual Loops": 6,
                                                        "Hash Buckets": 32768,
                                                        "Original Hash Buckets": 32768,
                                                        "Hash Batches": 1,
                                                        "Original Hash Batches": 1,
                                                        "Peak Memory Usage": 2016,
                                                        "Plans": [
                                                          {
                                                            "Node Type": "Bitmap Heap Scan",
                                                            "Parent Relationship": "Outer",
                                                            "Parallel Aware": true,
                                                            "Relation Name": "title",
                                                            "Alias": "t",
                                                            "Startup Cost": 490.74,
                                                            "Total Cost": 35299.69,
                                                            "Plan Rows": 8421,
                                                            "Plan Width": 25,
                                                            "Actual Startup Time": 2.405,
                                                            "Actual Total Time": 41.669,
                                                            "Actual Rows": 4085,
                                                            "Actual Loops": 6,
                                                            "Recheck Cond": "(production_year < 1910)",
                                                            "Rows Removed by Index Recheck": 0,
                                                            "Exact Heap Blocks": 3271,
                                                            "Lossy Heap Blocks": 0,
                                                            "Plans": [
                                                              {
                                                                "Node Type": "Bitmap Index Scan",
                                                                "Parent Relationship": "Outer",
                                                                "Parallel Aware": false,
                                                                "Index Name": "idx_title_production_year",
                                                                "Startup Cost": 0.0,
                                                                "Total Cost": 484.21,
                                                                "Plan Rows": 26104,
                                                                "Plan Width": 0,
                                                                "Actual Startup Time": 5.693,
                                                                "Actual Total Time": 5.693,
                                                                "Actual Rows": 24508,
                                                                "Actual Loops": 1,
                                                                "Index Cond": "(production_year < 1910)"
                                                              }
                                                            ]
                                                          }
                                                        ]
                                                      }
                                                    ]
                                                  }
                                                ]
                                              }
                                            ]
                                          }
                                        ]
                                      }
                                    ]
                                  }
                                ]
                              }
                            ]
                          }
                        ]
                      }
                    ]
                  }
                ]
              },
              {
                "Node Type": "Index Scan",
                "Parent Relationship": "Inner",
                "Parallel Aware": false,
                "Scan Direction": "Forward",
                "Index Name": "keyword_pkey",
                "Relation Name": "keyword",
                "Alias": "k",
                "Startup Cost": 0.42,
                "Total Cost": 0.44,
                "Plan Rows": 1,
                "Plan Width": 4,
                "Actual Startup Time": 0.005,
                "Actual Total Time": 0.005,
                "Actual Rows": 0,
                "Actual Loops": 246,
                "Index Cond": "(id = mk.keyword_id)",
                "Rows Removed by Index Recheck": 0,
                "Filter": "(keyword = ANY ('{murder,murder-in-title,blood,violence}'::text[]))",
                "Rows Removed by Filter": 1
              }
            ]
          },
          {
            "Node Type": "Index Scan",
            "Parent Relationship": "Inner",
            "Parallel Aware": false,
            "Scan Direction": "Forward",
            "Index Name": "kind_type_pkey",
            "Relation Name": "kind_type",
            "Alias": "kt",
            "Startup Cost": 0.13,
            "Total Cost": 0.15,
            "Plan Rows": 1,
            "Plan Width": 4,
            "Actual Startup Time": 0.0,
            "Actual Total Time": 0.0,
            "Actual Rows": 0,
            "Actual Loops": 0,
            "Index Cond": "(id = t.kind_id)",
            "Rows Removed by Index Recheck": 0,
            "Filter": "((kind)::text = ANY ('{movie,episode}'::text[]))",
            "Rows Removed by Filter": 0
          }
        ]
      }
    ]
  },
  "Planning Time": 29.049,
  "Triggers": [],
  "Execution Time": 4158.13
}