{
  "Plan": {
    "Node Type": "Aggregate",
    "Strategy": "Plain",
    "Partial Mode": "Finalize",
    "Parallel Aware": false,
    "Startup Cost": 93050.82,
    "Total Cost": 93050.83,
    "Plan Rows": 1,
    "Plan Width": 8,
    "Actual Startup Time": 247.589,
    "Actual Total Time": 268.979,
    "Actual Rows": 1,
    "Actual Loops": 1,
    "Plans": [
      {
        "Node Type": "Gather",
        "Parent Relationship": "Outer",
        "Parallel Aware": false,
        "Startup Cost": 93050.7,
        "Total Cost": 93050.81,
        "Plan Rows": 1,
        "Plan Width": 8,
        "Actual Startup Time": 247.475,
        "Actual Total Time": 268.972,
        "Actual Rows": 2,
        "Actual Loops": 1,
        "Workers Planned": 1,
        "Workers Launched": 1,
        "Single Copy": false,
        "Plans": [
          {
            "Node Type": "Aggregate",
            "Strategy": "Plain",
            "Partial Mode": "Partial",
            "Parent Relationship": "Outer",
            "Parallel Aware": false,
            "Startup Cost": 92050.7,
            "Total Cost": 92050.71,
            "Plan Rows": 1,
            "Plan Width": 8,
            "Actual Startup Time": 241.303,
            "Actual Total Time": 241.305,
            "Actual Rows": 1,
            "Actual Loops": 2,
            "Plans": [
              {
                "Node Type": "Nested Loop",
                "Parent Relationship": "Outer",
                "Parallel Aware": false,
                "Join Type": "Inner",
                "Startup Cost": 0.86,
                "Total Cost": 92034.91,
                "Plan Rows": 6318,
                "Plan Width": 0,
                "Actual Startup Time": 0.565,
                "Actual Total Time": 235.927,
                "Actual Rows": 128430,
                "Actual Loops": 2,
                "Inner Unique": false,
                "Join Filter": "(t.id = mc.movie_id)",
                "Rows Removed by Join Filter": 0,
                "Plans": [
                  {
                    "Node Type": "Nested Loop",
                    "Parent Relationship": "Outer",
                    "Parallel Aware": false,
                    "Join Type": "Inner",
                    "Startup Cost": 0.43,
                    "Total Cost": 88330.91,
                    "Plan Rows": 6122,
                    "Plan Width": 8,
                    "Actual Startup Time": 0.408,
                    "Actual Total Time": 168.368,
                    "Actual Rows": 16278,
                    "Actual Loops": 2,
                    "Inner Unique": false,
                    "Plans": [
                      {
                        "Node Type": "Seq Scan",
                        "Parent Relationship": "Outer",
                        "Parallel Aware": true,
                        "Relation Name": "title",
                        "Alias": "t",
                        "Startup Cost": 0.0,
                        "Total Cost": 58306.47,
                        "Plan Rows": 3421,
                        "Plan Width": 4,
                        "Actual Startup Time": 0.223,
                        "Actual Total Time": 136.149,
                        "Actual Rows": 3438,
                        "Actual Loops": 2,
                        "Filter": "((kind_id < 7) AND (production_year = 1982))",
                        "Rows Removed by Filter": 1260718
                      },
                      {
                        "Node Type": "Index Only Scan",
                        "Parent Relationship": "Inner",
                        "Parallel Aware": false,
                        "Scan Direction": "Forward",
                        "Index Name": "movie_id_movie_keyword",
                        "Relation Name": "movie_keyword",
                        "Alias": "mk",
                        "Startup Cost": 0.43,
                        "Total Cost": 8.33,
                        "Plan Rows": 45,
                        "Plan Width": 4,
                        "Actual Startup Time": 0.008,
                        "Actual Total Time": 0.009,
                        "Actual Rows": 5,
                        "Actual Loops": 6875,
                        "Index Cond": "(movie_id = t.id)",
                        "Rows Removed by Index Recheck": 0,
                        "Heap Fetches": 32557
                      }
                    ]
                  },
                  {
                    "Node Type": "Index Only Scan",
                    "Parent Relationship": "Inner",
                    "Parallel Aware": false,
                    "Scan Direction": "Forward",
                    "Index Name": "movie_id_movie_companies",
                    "Relation Name": "movie_companies",
                    "Alias": "mc",
                    "Startup Cost": 0.43,
                    "Total Cost": 0.54,
                    "Plan Rows": 5,
                    "Plan Width": 4,
                    "Actual Startup Time": 0.002,
                    "Actual Total Time": 0.003,
                    "Actual Rows": 8,
                    "Actual Loops": 32557,
                    "Index Cond": "(movie_id = mk.movie_id)",
                    "Rows Removed by Index Recheck": 0,
                    "Heap Fetches": 256861
                  }
                ]
              }
            ]
          }
        ]
      }
    ]
  },
  "Planning Time": 1.127,
  "Triggers": [],
  "Execution Time": 269.063
}