[
  {
    "Plan": {
      "Node Type": "Aggregate",
      "Strategy": "Plain",
      "Partial Mode": "Finalize",
      "Parallel Aware": false,
      "Startup Cost": 44737.39,
      "Total Cost": 44737.4,
      "Plan Rows": 1,
      "Plan Width": 8,
      "Actual Startup Time": 124.949,
      "Actual Total Time": 131.791,
      "Actual Rows": 1,
      "Actual Loops": 1,
      "Plans": [
        {
          "Node Type": "Gather",
          "Parent Relationship": "Outer",
          "Parallel Aware": false,
          "Startup Cost": 44737.07,
          "Total Cost": 44737.38,
          "Plan Rows": 3,
          "Plan Width": 8,
          "Actual Startup Time": 124.835,
          "Actual Total Time": 131.782,
          "Actual Rows": 4,
          "Actual Loops": 1,
          "Workers Planned": 3,
          "Workers Launched": 3,
          "Single Copy": false,
          "Plans": [
            {
              "Node Type": "Aggregate",
              "Strategy": "Plain",
              "Partial Mode": "Partial",
              "Parent Relationship": "Outer",
              "Parallel Aware": false,
              "Startup Cost": 43737.07,
              "Total Cost": 43737.08,
              "Plan Rows": 1,
              "Plan Width": 8,
              "Actual Startup Time": 118.604,
              "Actual Total Time": 118.605,
              "Actual Rows": 1,
              "Actual Loops": 4,
              "Plans": [
                {
                  "Node Type": "Seq Scan",
                  "Parent Relationship": "Outer",
                  "Parallel Aware": true,
                  "Relation Name": "movie_keyword",
                  "Alias": "mk",
                  "Startup Cost": 0.0,
                  "Total Cost": 42695.65,
                  "Plan Rows": 416568,
                  "Plan Width": 0,
                  "Actual Startup Time": 1.101,
                  "Actual Total Time": 103.354,
                  "Actual Rows": 325406,
                  "Actual Loops": 4,
                  "Filter": "(keyword_id > 13541)",
                  "Rows Removed by Filter": 805577
                }
              ]
            }
          ]
        }
      ]
    },
    "Planning Time": 0.094,
    "Triggers": [],
    "Execution Time": 131.823
  }
]