[
  {
    "Plan": {
      "Node Type": "Aggregate",
      "Strategy": "Plain",
      "Partial Mode": "Finalize",
      "Parallel Aware": false,
      "Startup Cost": 349034.78,
      "Total Cost": 349034.79,
      "Plan Rows": 1,
      "Plan Width": 8,
      "Actual Startup Time": 923.106,
      "Actual Total Time": 982.927,
      "Actual Rows": 1,
      "Actual Loops": 1,
      "Plans": [
        {
          "Node Type": "Gather",
          "Parent Relationship": "Outer",
          "Parallel Aware": false,
          "Startup Cost": 349034.16,
          "Total Cost": 349034.77,
          "Plan Rows": 6,
          "Plan Width": 8,
          "Actual Startup Time": 922.952,
          "Actual Total Time": 982.918,
          "Actual Rows": 7,
          "Actual Loops": 1,
          "Workers Planned": 6,
          "Workers Launched": 6,
          "Single Copy": false,
          "Plans": [
            {
              "Node Type": "Aggregate",
              "Strategy": "Plain",
              "Partial Mode": "Partial",
              "Parent Relationship": "Outer",
              "Parallel Aware": false,
              "Startup Cost": 348034.16,
              "Total Cost": 348034.17,
              "Plan Rows": 1,
              "Plan Width": 8,
              "Actual Startup Time": 915.627,
              "Actual Total Time": 915.629,
              "Actual Rows": 1,
              "Actual Loops": 7,
              "Plans": [
                {
                  "Node Type": "Seq Scan",
                  "Parent Relationship": "Outer",
                  "Parallel Aware": true,
                  "Relation Name": "cast_info",
                  "Alias": "ci",
                  "Startup Cost": 0.0,
                  "Total Cost": 343316.27,
                  "Plan Rows": 1887155,
                  "Plan Width": 0,
                  "Actual Startup Time": 270.687,
                  "Actual Total Time": 790.452,
                  "Actual Rows": 2462011,
                  "Actual Loops": 7,
                  "Filter": "((person_id > 1897839) AND (role_id > 1))",
                  "Rows Removed by Filter": 2715753
                }
              ]
            }
          ]
        }
      ]
    },
    "Planning Time": 0.067,
    "Triggers": [],
    "Execution Time": 982.966
  }
]