{
  "Plan": {
    "Node Type": "Aggregate",
    "Strategy": "Plain",
    "Partial Mode": "Finalize",
    "Parallel Aware": false,
    "Startup Cost": 111639.29,
    "Total Cost": 111639.3,
    "Plan Rows": 1,
    "Plan Width": 8,
    "Actual Startup Time": 658.916,
    "Actual Total Time": 681.813,
    "Actual Rows": 1,
    "Actual Loops": 1,
    "Plans": [
      {
        "Node Type": "Gather",
        "Parent Relationship": "Outer",
        "Parallel Aware": false,
        "Startup Cost": 111639.18,
        "Total Cost": 111639.29,
        "Plan Rows": 1,
        "Plan Width": 8,
        "Actual Startup Time": 652.198,
        "Actual Total Time": 681.804,
        "Actual Rows": 2,
        "Actual Loops": 1,
        "Workers Planned": 1,
        "Workers Launched": 1,
        "Single Copy": false,
        "Plans": [
          {
            "Node Type": "Aggregate",
            "Strategy": "Plain",
            "Partial Mode": "Partial",
            "Parent Relationship": "Outer",
            "Parallel Aware": false,
            "Startup Cost": 110639.18,
            "Total Cost": 110639.19,
            "Plan Rows": 1,
            "Plan Width": 8,
            "Actual Startup Time": 640.63,
            "Actual Total Time": 640.634,
            "Actual Rows": 1,
            "Actual Loops": 2,
            "Plans": [
              {
                "Node Type": "Nested Loop",
                "Parent Relationship": "Outer",
                "Parallel Aware": false,
                "Join Type": "Inner",
                "Startup Cost": 70330.27,
                "Total Cost": 110617.0,
                "Plan Rows": 8872,
                "Plan Width": 0,
                "Actual Startup Time": 532.261,
                "Actual Total Time": 638.963,
                "Actual Rows": 31533,
                "Actual Loops": 2,
                "Inner Unique": false,
                "Plans": [
                  {
                    "Node Type": "Hash Join",
                    "Parent Relationship": "Outer",
                    "Parallel Aware": true,
                    "Join Type": "Inner",
                    "Startup Cost": 70329.84,
                    "Total Cost": 96018.38,
                    "Plan Rows": 24039,
                    "Plan Width": 8,
                    "Actual Startup Time": 530.431,
                    "Actual Total Time": 566.537,
                    "Actual Rows": 20920,
                    "Actual Loops": 2,
                    "Inner Unique": true,
                    "Hash Cond": "(mk.movie_id = t.id)",
                    "Plans": [
                      {
                        "Node Type": "Bitmap Heap Scan",
                        "Parent Relationship": "Outer",
                        "Parallel Aware": true,
                        "Relation Name": "movie_keyword",
                        "Alias": "mk",
                        "Startup Cost": 869.14,
                        "Total Cost": 26494.58,
                        "Plan Rows": 24039,
                        "Plan Width": 4,
                        "Actual Startup Time": 4.408,
                        "Actual Total Time": 23.652,
                        "Actual Rows": 20920,
                        "Actual Loops": 2,
                        "Recheck Cond": "(keyword_id = 117)",
                        "Rows Removed by Index Recheck": 0,
                        "Exact Heap Blocks": 7363,
                        "Lossy Heap Blocks": 0,
                        "Plans": [
                          {
                            "Node Type": "Bitmap Index Scan",
                            "Parent Relationship": "Outer",
                            "Parallel Aware": false,
                            "Index Name": "keyword_id_movie_keyword",
                            "Startup Cost": 0.0,
                            "Total Cost": 858.93,
                            "Plan Rows": 40866,
                            "Plan Width": 0,
                            "Actual Startup Time": 2.829,
                            "Actual Total Time": 2.83,
                            "Actual Rows": 41840,
                            "Actual Loops": 1,
                            "Index Cond": "(keyword_id = 117)"
                          }
                        ]
                      },
                      {
                        "Node Type": "Hash",
                        "Parent Relationship": "Inner",
                        "Parallel Aware": true,
                        "Startup Cost": 50870.31,
                        "Total Cost": 50870.31,
                        "Plan Rows": 1487231,
                        "Plan Width": 4,
                        "Actual Startup Time": 504.922,
                        "Actual Total Time": 504.923,
                        "Actual Rows": 1264156,
                        "Actual Loops": 2,
                        "Hash Buckets": 4194304,
                        "Original Hash Buckets": 4194304,
                        "Hash Batches": 1,
                        "Original Hash Batches": 1,
                        "Peak Memory Usage": 131712,
                        "Plans": [
                          {
                            "Node Type": "Seq Scan",
                            "Parent Relationship": "Outer",
                            "Parallel Aware": true,
                            "Relation Name": "title",
                            "Alias": "t",
                            "Startup Cost": 0.0,
                            "Total Cost": 50870.31,
                            "Plan Rows": 1487231,
                            "Plan Width": 4,
                            "Actual Startup Time": 0.024,
                            "Actual Total Time": 148.858,
                            "Actual Rows": 1264156,
                            "Actual Loops": 2
                          }
                        ]
                      }
                    ]
                  },
                  {
                    "Node Type": "Index Scan",
                    "Parent Relationship": "Inner",
                    "Parallel Aware": false,
                    "Scan Direction": "Forward",
                    "Index Name": "movie_id_movie_companies",
                    "Relation Name": "movie_companies",
                    "Alias": "mc",
                    "Startup Cost": 0.43,
                    "Total Cost": 0.59,
                    "Plan Rows": 2,
                    "Plan Width": 4,
                    "Actual Startup Time": 0.002,
                    "Actual Total Time": 0.003,
                    "Actual Rows": 2,
                    "Actual Loops": 41840,
                    "Index Cond": "(movie_id = t.id)",
                    "Rows Removed by Index Recheck": 0,
                    "Filter": "((company_id > 1350) AND (company_type_id < 2))",
                    "Rows Removed by Filter": 2
                  }
                ]
              }
            ]
          }
        ]
      }
    ]
  },
  "Planning Time": 1.039,
  "Triggers": [],
  "Execution Time": 681.922
}