[
  {
    "Plan": {
      "Node Type": "Aggregate",
      "Strategy": "Plain",
      "Partial Mode": "Finalize",
      "Parallel Aware": false,
      "Startup Cost": 295366.29,
      "Total Cost": 295366.3,
      "Plan Rows": 1,
      "Plan Width": 8,
      "Actual Startup Time": 1356.525,
      "Actual Total Time": 1381.345,
      "Actual Rows": 1,
      "Actual Loops": 1,
      "Plans": [
        {
          "Node Type": "Gather",
          "Parent Relationship": "Outer",
          "Parallel Aware": false,
          "Startup Cost": 295365.77,
          "Total Cost": 295366.28,
          "Plan Rows": 5,
          "Plan Width": 8,
          "Actual Startup Time": 1348.773,
          "Actual Total Time": 1381.339,
          "Actual Rows": 6,
          "Actual Loops": 1,
          "Workers Planned": 5,
          "Workers Launched": 5,
          "Single Copy": false,
          "Plans": [
            {
              "Node Type": "Aggregate",
              "Strategy": "Plain",
              "Partial Mode": "Partial",
              "Parent Relationship": "Outer",
              "Parallel Aware": false,
              "Startup Cost": 294365.77,
              "Total Cost": 294365.78,
              "Plan Rows": 1,
              "Plan Width": 8,
              "Actual Startup Time": 1338.137,
              "Actual Total Time": 1338.142,
              "Actual Rows": 1,
              "Actual Loops": 6,
              "Plans": [
                {
                  "Node Type": "Hash Join",
                  "Parent Relationship": "Outer",
                  "Parallel Aware": true,
                  "Join Type": "Inner",
                  "Startup Cost": 85921.97,
                  "Total Cost": 291800.94,
                  "Plan Rows": 1025931,
                  "Plan Width": 0,
                  "Actual Startup Time": 388.068,
                  "Actual Total Time": 1238.691,
                  "Actual Rows": 2321502,
                  "Actual Loops": 6,
                  "Inner Unique": false,
                  "Hash Cond": "(mi.movie_id = t.id)",
                  "Plans": [
                    {
                      "Node Type": "Seq Scan",
                      "Parent Relationship": "Outer",
                      "Parallel Aware": true,
                      "Relation Name": "movie_info",
                      "Alias": "mi",
                      "Startup Cost": 0.0,
                      "Total Cost": 191503.19,
                      "Plan Rows": 2951019,
                      "Plan Width": 4,
                      "Actual Startup Time": 0.015,
                      "Actual Total Time": 268.412,
                      "Actual Rows": 2472620,
                      "Actual Loops": 6
                    },
                    {
                      "Node Type": "Hash",
                      "Parent Relationship": "Inner",
                      "Parallel Aware": true,
                      "Startup Cost": 82377.69,
                      "Total Cost": 82377.69,
                      "Plan Rows": 283542,
                      "Plan Width": 8,
                      "Actual Startup Time": 383.535,
                      "Actual Total Time": 383.538,
                      "Actual Rows": 143340,
                      "Actual Loops": 6,
                      "Hash Buckets": 1048576,
                      "Original Hash Buckets": 1048576,
                      "Hash Batches": 1,
                      "Original Hash Batches": 1,
                      "Peak Memory Usage": 41952,
                      "Plans": [
                        {
                          "Node Type": "Hash Join",
                          "Parent Relationship": "Outer",
                          "Parallel Aware": true,
                          "Join Type": "Inner",
                          "Startup Cost": 49998.79,
                          "Total Cost": 82377.69,
                          "Plan Rows": 283542,
                          "Plan Width": 8,
                          "Actual Startup Time": 240.052,
                          "Actual Total Time": 336.544,
                          "Actual Rows": 143340,
                          "Actual Loops": 6,
                          "Inner Unique": true,
                          "Hash Cond": "(mc.movie_id = t.id)",
                          "Plans": [
                            {
                              "Node Type": "Seq Scan",
                              "Parent Relationship": "Outer",
                              "Parallel Aware": true,
                              "Relation Name": "movie_companies",
                              "Alias": "mc",
                              "Startup Cost": 0.0,
                              "Total Cost": 31414.82,
                              "Plan Rows": 367269,
                              "Plan Width": 4,
                              "Actual Startup Time": 22.393,
                              "Actual Total Time": 50.828,
                              "Actual Rows": 208117,
                              "Actual Loops": 6,
                              "Filter": "((company_id > 207) AND (company_type_id > 1))",
                              "Rows Removed by Filter": 226738
                            },
                            {
                              "Node Type": "Hash",
                              "Parent Relationship": "Inner",
                              "Parallel Aware": true,
                              "Startup Cost": 43899.01,
                              "Total Cost": 43899.01,
                              "Plan Rows": 487983,
                              "Plan Width": 4,
                              "Actual Startup Time": 214.582,
                              "Actual Total Time": 214.583,
                              "Actual Rows": 327032,
                              "Actual Loops": 6,
                              "Hash Buckets": 2097152,
                              "Original Hash Buckets": 2097152,
                              "Hash Batches": 1,
                              "Original Hash Batches": 1,
                              "Peak Memory Usage": 93248,
                              "Plans": [
                                {
                                  "Node Type": "Seq Scan",
                                  "Parent Relationship": "Outer",
                                  "Parallel Aware": true,
                                  "Relation Name": "title",
                                  "Alias": "t",
                                  "Startup Cost": 0.0,
                                  "Total Cost": 43899.01,
                                  "Plan Rows": 487983,
                                  "Plan Width": 4,
                                  "Actual Startup Time": 0.044,
                                  "Actual Total Time": 81.242,
                                  "Actual Rows": 327032,
                                  "Actual Loops": 6,
                                  "Filter": "(production_year > 1978)",
                                  "Rows Removed by Filter": 94354
                                }
                              ]
                            }
                          ]
                        }
                      ]
                    }
                  ]
                }
              ]
            }
          ]
        }
      ]
    },
    "Planning Time": 1.342,
    "Triggers": [],
    "Execution Time": 1381.417
  }
]