[
  {
    "Plan": {
      "Node Type": "Aggregate",
      "Strategy": "Plain",
      "Partial Mode": "Finalize",
      "Parallel Aware": false,
      "Startup Cost": 295575.6,
      "Total Cost": 295575.61,
      "Plan Rows": 1,
      "Plan Width": 8,
      "Actual Startup Time": 1660.213,
      "Actual Total Time": 1718.878,
      "Actual Rows": 1,
      "Actual Loops": 1,
      "Plans": [
        {
          "Node Type": "Gather",
          "Parent Relationship": "Outer",
          "Parallel Aware": false,
          "Startup Cost": 295575.08,
          "Total Cost": 295575.59,
          "Plan Rows": 5,
          "Plan Width": 8,
          "Actual Startup Time": 1640.527,
          "Actual Total Time": 1718.865,
          "Actual Rows": 6,
          "Actual Loops": 1,
          "Workers Planned": 5,
          "Workers Launched": 5,
          "Single Copy": false,
          "Plans": [
            {
              "Node Type": "Aggregate",
              "Strategy": "Plain",
              "Partial Mode": "Partial",
              "Parent Relationship": "Outer",
              "Parallel Aware": false,
              "Startup Cost": 294575.08,
              "Total Cost": 294575.09,
              "Plan Rows": 1,
              "Plan Width": 8,
              "Actual Startup Time": 1630.378,
              "Actual Total Time": 1630.904,
              "Actual Rows": 1,
              "Actual Loops": 6,
              "Plans": [
                {
                  "Node Type": "Hash Join",
                  "Parent Relationship": "Outer",
                  "Parallel Aware": true,
                  "Join Type": "Inner",
                  "Startup Cost": 86002.8,
                  "Total Cost": 291988.46,
                  "Plan Rows": 1034650,
                  "Plan Width": 0,
                  "Actual Startup Time": 461.852,
                  "Actual Total Time": 1516.574,
                  "Actual Rows": 2321502,
                  "Actual Loops": 6,
                  "Inner Unique": false,
                  "Hash Cond": "(mi.movie_id = t.id)",
                  "Plans": [
                    {
                      "Node Type": "Seq Scan",
                      "Parent Relationship": "Outer",
                      "Parallel Aware": true,
                      "Relation Name": "movie_info",
                      "Alias": "mi",
                      "Startup Cost": 0.0,
                      "Total Cost": 191560.33,
                      "Plan Rows": 2956733,
                      "Plan Width": 4,
                      "Actual Startup Time": 0.019,
                      "Actual Total Time": 332.96,
                      "Actual Rows": 2472620,
                      "Actual Loops": 6
                    },
                    {
                      "Node Type": "Hash",
                      "Parent Relationship": "Inner",
                      "Parallel Aware": true,
                      "Startup Cost": 82435.36,
                      "Total Cost": 82435.36,
                      "Plan Rows": 285395,
                      "Plan Width": 8,
                      "Actual Startup Time": 456.976,
                      "Actual Total Time": 457.5,
                      "Actual Rows": 143340,
                      "Actual Loops": 6,
                      "Hash Buckets": 1048576,
                      "Original Hash Buckets": 1048576,
                      "Hash Batches": 1,
                      "Original Hash Batches": 1,
                      "Peak Memory Usage": 41888,
                      "Plans": [
                        {
                          "Node Type": "Hash Join",
                          "Parent Relationship": "Outer",
                          "Parallel Aware": true,
                          "Join Type": "Inner",
                          "Startup Cost": 50059.79,
                          "Total Cost": 82435.36,
                          "Plan Rows": 285395,
                          "Plan Width": 8,
                          "Actual Startup Time": 279.268,
                          "Actual Total Time": 399.443,
                          "Actual Rows": 143340,
                          "Actual Loops": 6,
                          "Inner Unique": true,
                          "Hash Cond": "(mc.movie_id = t.id)",
                          "Plans": [
                            {
                              "Node Type": "Seq Scan",
                              "Parent Relationship": "Outer",
                              "Parallel Aware": true,
                              "Relation Name": "movie_companies",
                              "Alias": "mc",
                              "Startup Cost": 0.0,
                              "Total Cost": 31414.82,
                              "Plan Rows": 366001,
                              "Plan Width": 4,
                              "Actual Startup Time": 26.468,
                              "Actual Total Time": 61.004,
                              "Actual Rows": 208117,
                              "Actual Loops": 6,
                              "Filter": "((company_id > 207) AND (company_type_id > 1))",
                              "Rows Removed by Filter": 226738
                            },
                            {
                              "Node Type": "Hash",
                              "Parent Relationship": "Inner",
                              "Parallel Aware": true,
                              "Startup Cost": 43898.92,
                              "Total Cost": 43898.92,
                              "Plan Rows": 492870,
                              "Plan Width": 4,
                              "Actual Startup Time": 249.534,
                              "Actual Total Time": 249.535,
                              "Actual Rows": 327032,
                              "Actual Loops": 6,
                              "Hash Buckets": 2097152,
                              "Original Hash Buckets": 2097152,
                              "Hash Batches": 1,
                              "Original Hash Batches": 1,
                              "Peak Memory Usage": 93216,
                              "Plans": [
                                {
                                  "Node Type": "Seq Scan",
                                  "Parent Relationship": "Outer",
                                  "Parallel Aware": true,
                                  "Relation Name": "title",
                                  "Alias": "t",
                                  "Startup Cost": 0.0,
                                  "Total Cost": 43898.92,
                                  "Plan Rows": 492870,
                                  "Plan Width": 4,
                                  "Actual Startup Time": 0.048,
                                  "Actual Total Time": 97.192,
                                  "Actual Rows": 327032,
                                  "Actual Loops": 6,
                                  "Filter": "(production_year > 1978)",
                                  "Rows Removed by Filter": 94354
                                }
                              ]
                            }
                          ]
                        }
                      ]
                    }
                  ]
                }
              ]
            }
          ]
        }
      ]
    },
    "Planning Time": 1.44,
    "Triggers": [],
    "Execution Time": 1718.978
  }
]