{
  "Plan": {
    "Node Type": "Aggregate",
    "Strategy": "Plain",
    "Partial Mode": "Finalize",
    "Parallel Aware": false,
    "Startup Cost": 235965.5,
    "Total Cost": 235965.51,
    "Plan Rows": 1,
    "Plan Width": 8,
    "Actual Startup Time": 1694.986,
    "Actual Total Time": 1717.026,
    "Actual Rows": 1,
    "Actual Loops": 1,
    "Plans": [
      {
        "Node Type": "Gather",
        "Parent Relationship": "Outer",
        "Parallel Aware": false,
        "Startup Cost": 235965.39,
        "Total Cost": 235965.5,
        "Plan Rows": 1,
        "Plan Width": 8,
        "Actual Startup Time": 1693.95,
        "Actual Total Time": 1717.017,
        "Actual Rows": 2,
        "Actual Loops": 1,
        "Workers Planned": 1,
        "Workers Launched": 1,
        "Single Copy": false,
        "Plans": [
          {
            "Node Type": "Aggregate",
            "Strategy": "Plain",
            "Partial Mode": "Partial",
            "Parent Relationship": "Outer",
            "Parallel Aware": false,
            "Startup Cost": 234965.39,
            "Total Cost": 234965.4,
            "Plan Rows": 1,
            "Plan Width": 8,
            "Actual Startup Time": 1687.908,
            "Actual Total Time": 1687.914,
            "Actual Rows": 1,
            "Actual Loops": 2,
            "Plans": [
              {
                "Node Type": "Hash Join",
                "Parent Relationship": "Outer",
                "Parallel Aware": true,
                "Join Type": "Inner",
                "Startup Cost": 165187.46,
                "Total Cost": 234237.0,
                "Plan Rows": 291355,
                "Plan Width": 0,
                "Actual Startup Time": 1164.337,
                "Actual Total Time": 1624.838,
                "Actual Rows": 1581762,
                "Actual Loops": 2,
                "Inner Unique": false,
                "Hash Cond": "(mk.movie_id = t.id)",
                "Plans": [
                  {
                    "Node Type": "Seq Scan",
                    "Parent Relationship": "Outer",
                    "Parallel Aware": true,
                    "Relation Name": "movie_keyword",
                    "Alias": "mk",
                    "Startup Cost": 0.0,
                    "Total Cost": 57718.19,
                    "Plan Rows": 2564665,
                    "Plan Width": 4,
                    "Actual Startup Time": 0.017,
                    "Actual Total Time": 201.065,
                    "Actual Rows": 2173184,
                    "Actual Loops": 2,
                    "Filter": "(keyword_id > 121)",
                    "Rows Removed by Filter": 88781
                  },
                  {
                    "Node Type": "Hash",
                    "Parent Relationship": "Inner",
                    "Parallel Aware": true,
                    "Startup Cost": 163075.52,
                    "Total Cost": 163075.52,
                    "Plan Rows": 168955,
                    "Plan Width": 8,
                    "Actual Startup Time": 1158.507,
                    "Actual Total Time": 1158.51,
                    "Actual Rows": 169722,
                    "Actual Loops": 2,
                    "Hash Buckets": 524288,
                    "Original Hash Buckets": 524288,
                    "Hash Batches": 1,
                    "Original Hash Batches": 1,
                    "Peak Memory Usage": 17408,
                    "Plans": [
                      {
                        "Node Type": "Merge Join",
                        "Parent Relationship": "Outer",
                        "Parallel Aware": false,
                        "Join Type": "Inner",
                        "Startup Cost": 2.88,
                        "Total Cost": 163075.52,
                        "Plan Rows": 168955,
                        "Plan Width": 8,
                        "Actual Startup Time": 1.49,
                        "Actual Total Time": 1119.139,
                        "Actual Rows": 169722,
                        "Actual Loops": 2,
                        "Inner Unique": false,
                        "Merge Cond": "(t.id = mi_idx.movie_id)",
                        "Plans": [
                          {
                            "Node Type": "Index Scan",
                            "Parent Relationship": "Outer",
                            "Parallel Aware": true,
                            "Scan Direction": "Forward",
                            "Index Name": "title_pkey",
                            "Relation Name": "title",
                            "Alias": "t",
                            "Startup Cost": 0.43,
                            "Total Cost": 103647.43,
                            "Plan Rows": 309533,
                            "Plan Width": 4,
                            "Actual Startup Time": 1.095,
                            "Actual Total Time": 753.733,
                            "Actual Rows": 268878,
                            "Actual Loops": 2,
                            "Filter": "(production_year < 1982)",
                            "Rows Removed by Filter": 994092
                          },
                          {
                            "Node Type": "Index Only Scan",
                            "Parent Relationship": "Inner",
                            "Parallel Aware": false,
                            "Scan Direction": "Forward",
                            "Index Name": "movie_id_movie_info_idx",
                            "Relation Name": "movie_info_idx",
                            "Alias": "mi_idx",
                            "Startup Cost": 0.43,
                            "Total Cost": 53620.22,
                            "Plan Rows": 1380035,
                            "Plan Width": 4,
                            "Actual Startup Time": 0.14,
                            "Actual Total Time": 270.853,
                            "Actual Rows": 1380035,
                            "Actual Loops": 2,
                            "Heap Fetches": 2760070
                          }
                        ]
                      }
                    ]
                  }
                ]
              }
            ]
          }
        ]
      }
    ]
  },
  "Planning Time": 0.913,
  "Triggers": [],
  "Execution Time": 1717.112
}