{
  "Plan": {
    "Node Type": "Aggregate",
    "Strategy": "Plain",
    "Partial Mode": "Finalize",
    "Parallel Aware": false,
    "Startup Cost": 650565.85,
    "Total Cost": 650565.86,
    "Plan Rows": 1,
    "Plan Width": 8,
    "Actual Startup Time": 3884.61,
    "Actual Total Time": 3934.753,
    "Actual Rows": 1,
    "Actual Loops": 1,
    "Plans": [
      {
        "Node Type": "Gather",
        "Parent Relationship": "Outer",
        "Parallel Aware": false,
        "Startup Cost": 650565.73,
        "Total Cost": 650565.84,
        "Plan Rows": 1,
        "Plan Width": 8,
        "Actual Startup Time": 3883.748,
        "Actual Total Time": 3934.745,
        "Actual Rows": 2,
        "Actual Loops": 1,
        "Workers Planned": 1,
        "Workers Launched": 1,
        "Single Copy": false,
        "Plans": [
          {
            "Node Type": "Aggregate",
            "Strategy": "Plain",
            "Partial Mode": "Partial",
            "Parent Relationship": "Outer",
            "Parallel Aware": false,
            "Startup Cost": 649565.73,
            "Total Cost": 649565.74,
            "Plan Rows": 1,
            "Plan Width": 8,
            "Actual Startup Time": 3877.647,
            "Actual Total Time": 3877.653,
            "Actual Rows": 1,
            "Actual Loops": 2,
            "Plans": [
              {
                "Node Type": "Hash Join",
                "Parent Relationship": "Outer",
                "Parallel Aware": true,
                "Join Type": "Inner",
                "Startup Cost": 564050.08,
                "Total Cost": 648671.51,
                "Plan Rows": 357691,
                "Plan Width": 0,
                "Actual Startup Time": 3555.683,
                "Actual Total Time": 3856.671,
                "Actual Rows": 542175,
                "Actual Loops": 2,
                "Inner Unique": false,
                "Hash Cond": "(mk.movie_id = t.id)",
                "Plans": [
                  {
                    "Node Type": "Seq Scan",
                    "Parent Relationship": "Outer",
                    "Parallel Aware": true,
                    "Relation Name": "movie_keyword",
                    "Alias": "mk",
                    "Startup Cost": 0.0,
                    "Total Cost": 57718.19,
                    "Plan Rows": 1983934,
                    "Plan Width": 4,
                    "Actual Startup Time": 0.085,
                    "Actual Total Time": 189.996,
                    "Actual Rows": 1682034,
                    "Actual Loops": 2,
                    "Filter": "(keyword_id > 1381)",
                    "Rows Removed by Filter": 579930
                  },
                  {
                    "Node Type": "Hash",
                    "Parent Relationship": "Inner",
                    "Parallel Aware": true,
                    "Startup Cost": 560698.35,
                    "Total Cost": 560698.35,
                    "Plan Rows": 268138,
                    "Plan Width": 8,
                    "Actual Startup Time": 3489.421,
                    "Actual Total Time": 3489.426,
                    "Actual Rows": 213784,
                    "Actual Loops": 2,
                    "Hash Buckets": 524288,
                    "Original Hash Buckets": 524288,
                    "Hash Batches": 1,
                    "Original Hash Batches": 1,
                    "Peak Memory Usage": 20864,
                    "Plans": [
                      {
                        "Node Type": "Hash Join",
                        "Parent Relationship": "Outer",
                        "Parallel Aware": true,
                        "Join Type": "Inner",
                        "Startup Cost": 38965.0,
                        "Total Cost": 560698.35,
                        "Plan Rows": 268138,
                        "Plan Width": 8,
                        "Actual Startup Time": 47.621,
                        "Actual Total Time": 3422.061,
                        "Actual Rows": 213784,
                        "Actual Loops": 2,
                        "Inner Unique": true,
                        "Hash Cond": "(ci.movie_id = t.id)",
                        "Plans": [
                          {
                            "Node Type": "Seq Scan",
                            "Parent Relationship": "Outer",
                            "Parallel Aware": true,
                            "Relation Name": "cast_info",
                            "Alias": "ci",
                            "Startup Cost": 0.0,
                            "Total Cost": 465792.95,
                            "Plan Rows": 21310595,
                            "Plan Width": 4,
                            "Actual Startup Time": 0.017,
                            "Actual Total Time": 1563.459,
                            "Actual Rows": 18122172,
                            "Actual Loops": 2
                          },
                          {
                            "Node Type": "Hash",
                            "Parent Relationship": "Inner",
                            "Parallel Aware": true,
                            "Startup Cost": 38731.09,
                            "Total Cost": 38731.09,
                            "Plan Rows": 18713,
                            "Plan Width": 4,
                            "Actual Startup Time": 47.355,
                            "Actual Total Time": 47.356,
                            "Actual Rows": 9412,
                            "Actual Loops": 2,
                            "Hash Buckets": 32768,
                            "Original Hash Buckets": 32768,
                            "Hash Batches": 1,
                            "Original Hash Batches": 1,
                            "Peak Memory Usage": 1024,
                            "Plans": [
                              {
                                "Node Type": "Bitmap Heap Scan",
                                "Parent Relationship": "Outer",
                                "Parallel Aware": true,
                                "Relation Name": "title",
                                "Alias": "t",
                                "Startup Cost": 1831.09,
                                "Total Cost": 38731.09,
                                "Plan Rows": 18713,
                                "Plan Width": 4,
                                "Actual Startup Time": 12.951,
                                "Actual Total Time": 44.89,
                                "Actual Rows": 9412,
                                "Actual Loops": 2,
                                "Recheck Cond": "(kind_id = 3)",
                                "Rows Removed by Index Recheck": 0,
                                "Filter": "(production_year > 2007)",
                                "Rows Removed by Filter": 40857,
                                "Exact Heap Blocks": 11530,
                                "Lossy Heap Blocks": 0,
                                "Plans": [
                                  {
                                    "Node Type": "Bitmap Index Scan",
                                    "Parent Relationship": "Outer",
                                    "Parallel Aware": false,
                                    "Index Name": "kind_id_title",
                                    "Startup Cost": 0.0,
                                    "Total Cost": 1823.13,
                                    "Plan Rows": 102227,
                                    "Plan Width": 0,
                                    "Actual Startup Time": 11.052,
                                    "Actual Total Time": 11.052,
                                    "Actual Rows": 100537,
                                    "Actual Loops": 1,
                                    "Index Cond": "(kind_id = 3)"
                                  }
                                ]
                              }
                            ]
                          }
                        ]
                      }
                    ]
                  }
                ]
              }
            ]
          }
        ]
      }
    ]
  },
  "Planning Time": 0.634,
  "Triggers": [],
  "Execution Time": 3934.849
}