[
  {
    "Plan": {
      "Node Type": "Aggregate",
      "Strategy": "Plain",
      "Partial Mode": "Finalize",
      "Parallel Aware": false,
      "Startup Cost": 32397.91,
      "Total Cost": 32397.92,
      "Plan Rows": 1,
      "Plan Width": 8,
      "Actual Startup Time": 102.235,
      "Actual Total Time": 109.069,
      "Actual Rows": 1,
      "Actual Loops": 1,
      "Plans": [
        {
          "Node Type": "Gather",
          "Parent Relationship": "Outer",
          "Parallel Aware": false,
          "Startup Cost": 32397.59,
          "Total Cost": 32397.9,
          "Plan Rows": 3,
          "Plan Width": 8,
          "Actual Startup Time": 101.973,
          "Actual Total Time": 109.06,
          "Actual Rows": 4,
          "Actual Loops": 1,
          "Workers Planned": 3,
          "Workers Launched": 3,
          "Single Copy": false,
          "Plans": [
            {
              "Node Type": "Aggregate",
              "Strategy": "Plain",
              "Partial Mode": "Partial",
              "Parent Relationship": "Outer",
              "Parallel Aware": false,
              "Startup Cost": 31397.59,
              "Total Cost": 31397.6,
              "Plan Rows": 1,
              "Plan Width": 8,
              "Actual Startup Time": 94.804,
              "Actual Total Time": 94.806,
              "Actual Rows": 1,
              "Actual Loops": 4,
              "Plans": [
                {
                  "Node Type": "Bitmap Heap Scan",
                  "Parent Relationship": "Outer",
                  "Parallel Aware": true,
                  "Relation Name": "movie_keyword",
                  "Alias": "mk",
                  "Startup Cost": 5653.97,
                  "Total Cost": 31182.65,
                  "Plan Rows": 85975,
                  "Plan Width": 0,
                  "Actual Startup Time": 34.404,
                  "Actual Total Time": 90.8,
                  "Actual Rows": 64671,
                  "Actual Loops": 4,
                  "Recheck Cond": "(keyword_id > 59469)",
                  "Rows Removed by Index Recheck": 0,
                  "Exact Heap Blocks": 11028,
                  "Lossy Heap Blocks": 0,
                  "Plans": [
                    {
                      "Node Type": "Bitmap Index Scan",
                      "Parent Relationship": "Outer",
                      "Parallel Aware": false,
                      "Index Name": "keyword_id_movie_keyword",
                      "Startup Cost": 0.0,
                      "Total Cost": 5587.34,
                      "Plan Rows": 266521,
                      "Plan Width": 0,
                      "Actual Startup Time": 36.5,
                      "Actual Total Time": 36.5,
                      "Actual Rows": 258684,
                      "Actual Loops": 1,
                      "Index Cond": "(keyword_id > 59469)"
                    }
                  ]
                }
              ]
            }
          ]
        }
      ]
    },
    "Planning Time": 0.179,
    "Triggers": [],
    "Execution Time": 109.142
  }
]