[
  {
    "Plan": {
      "Node Type": "Aggregate",
      "Strategy": "Plain",
      "Partial Mode": "Finalize",
      "Parallel Aware": false,
      "Startup Cost": 361356.51,
      "Total Cost": 361356.52,
      "Plan Rows": 1,
      "Plan Width": 8,
      "Actual Startup Time": 2451.673,
      "Actual Total Time": 2558.924,
      "Actual Rows": 1,
      "Actual Loops": 1,
      "Plans": [
        {
          "Node Type": "Gather",
          "Parent Relationship": "Outer",
          "Parallel Aware": false,
          "Startup Cost": 361355.98,
          "Total Cost": 361356.49,
          "Plan Rows": 5,
          "Plan Width": 8,
          "Actual Startup Time": 2450.632,
          "Actual Total Time": 2558.914,
          "Actual Rows": 6,
          "Actual Loops": 1,
          "Workers Planned": 5,
          "Workers Launched": 5,
          "Single Copy": false,
          "Plans": [
            {
              "Node Type": "Aggregate",
              "Strategy": "Plain",
              "Partial Mode": "Partial",
              "Parent Relationship": "Outer",
              "Parallel Aware": false,
              "Startup Cost": 360355.98,
              "Total Cost": 360355.99,
              "Plan Rows": 1,
              "Plan Width": 8,
              "Actual Startup Time": 2440.243,
              "Actual Total Time": 2440.247,
              "Actual Rows": 1,
              "Actual Loops": 6,
              "Plans": [
                {
                  "Node Type": "Nested Loop",
                  "Parent Relationship": "Outer",
                  "Parallel Aware": false,
                  "Join Type": "Inner",
                  "Startup Cost": 44070.14,
                  "Total Cost": 358191.4,
                  "Plan Rows": 865833,
                  "Plan Width": 0,
                  "Actual Startup Time": 85.759,
                  "Actual Total Time": 2351.003,
                  "Actual Rows": 1806294,
                  "Actual Loops": 6,
                  "Inner Unique": false,
                  "Join Filter": "(t.id = ci.movie_id)",
                  "Rows Removed by Join Filter": 0,
                  "Plans": [
                    {
                      "Node Type": "Hash Join",
                      "Parent Relationship": "Outer",
                      "Parallel Aware": true,
                      "Join Type": "Inner",
                      "Startup Cost": 44069.58,
                      "Total Cost": 250365.09,
                      "Plan Rows": 60425,
                      "Plan Width": 8,
                      "Actual Startup Time": 85.632,
                      "Actual Total Time": 687.793,
                      "Actual Rows": 43852,
                      "Actual Loops": 6,
                      "Inner Unique": true,
                      "Hash Cond": "(mi.movie_id = t.id)",
                      "Plans": [
                        {
                          "Node Type": "Seq Scan",
                          "Parent Relationship": "Outer",
                          "Parallel Aware": true,
                          "Relation Name": "movie_info",
                          "Alias": "mi",
                          "Startup Cost": 0.0,
                          "Total Cost": 198952.16,
                          "Plan Rows": 2797464,
                          "Plan Width": 4,
                          "Actual Startup Time": 0.03,
                          "Actual Total Time": 343.11,
                          "Actual Rows": 2338930,
                          "Actual Loops": 6,
                          "Filter": "(info_type_id > 1)",
                          "Rows Removed by Filter": 133690
                        },
                        {
                          "Node Type": "Hash",
                          "Parent Relationship": "Inner",
                          "Parallel Aware": true,
                          "Startup Cost": 43898.92,
                          "Total Cost": 43898.92,
                          "Plan Rows": 13653,
                          "Plan Width": 4,
                          "Actual Startup Time": 83.866,
                          "Actual Total Time": 83.867,
                          "Actual Rows": 8427,
                          "Actual Loops": 6,
                          "Hash Buckets": 65536,
                          "Original Hash Buckets": 65536,
                          "Hash Batches": 1,
                          "Original Hash Batches": 1,
                          "Peak Memory Usage": 2624,
                          "Plans": [
                            {
                              "Node Type": "Seq Scan",
                              "Parent Relationship": "Outer",
                              "Parallel Aware": true,
                              "Relation Name": "title",
                              "Alias": "t",
                              "Startup Cost": 0.0,
                              "Total Cost": 43898.92,
                              "Plan Rows": 13653,
                              "Plan Width": 4,
                              "Actual Startup Time": 0.044,
                              "Actual Total Time": 78.846,
                              "Actual Rows": 8427,
                              "Actual Loops": 6,
                              "Filter": "(production_year = 1999)",
                              "Rows Removed by Filter": 412958
                            }
                          ]
                        }
                      ]
                    },
                    {
                      "Node Type": "Index Only Scan",
                      "Parent Relationship": "Inner",
                      "Parallel Aware": false,
                      "Scan Direction": "Forward",
                      "Index Name": "movie_id_cast_info",
                      "Relation Name": "cast_info",
                      "Alias": "ci",
                      "Startup Cost": 0.56,
                      "Total Cost": 1.32,
                      "Plan Rows": 37,
                      "Plan Width": 4,
                      "Actual Startup Time": 0.006,
                      "Actual Total Time": 0.034,
                      "Actual Rows": 41,
                      "Actual Loops": 263111,
                      "Index Cond": "(movie_id = mi.movie_id)",
                      "Rows Removed by Index Recheck": 0,
                      "Heap Fetches": 10837761
                    }
                  ]
                }
              ]
            }
          ]
        }
      ]
    },
    "Planning Time": 1.336,
    "Triggers": [],
    "Execution Time": 2559.037
  }
]