{
  "Plan": {
    "Node Type": "Aggregate",
    "Strategy": "Plain",
    "Partial Mode": "Finalize",
    "Parallel Aware": false,
    "Startup Cost": 255509.38,
    "Total Cost": 255509.39,
    "Plan Rows": 1,
    "Plan Width": 8,
    "Actual Startup Time": 956.447,
    "Actual Total Time": 976.127,
    "Actual Rows": 1,
    "Actual Loops": 1,
    "Plans": [
      {
        "Node Type": "Gather",
        "Parent Relationship": "Outer",
        "Parallel Aware": false,
        "Startup Cost": 255509.26,
        "Total Cost": 255509.37,
        "Plan Rows": 1,
        "Plan Width": 8,
        "Actual Startup Time": 951.75,
        "Actual Total Time": 976.118,
        "Actual Rows": 2,
        "Actual Loops": 1,
        "Workers Planned": 1,
        "Workers Launched": 1,
        "Single Copy": false,
        "Plans": [
          {
            "Node Type": "Aggregate",
            "Strategy": "Plain",
            "Partial Mode": "Partial",
            "Parent Relationship": "Outer",
            "Parallel Aware": false,
            "Startup Cost": 254509.26,
            "Total Cost": 254509.27,
            "Plan Rows": 1,
            "Plan Width": 8,
            "Actual Startup Time": 941.291,
            "Actual Total Time": 941.298,
            "Actual Rows": 1,
            "Actual Loops": 2,
            "Plans": [
              {
                "Node Type": "Hash Join",
                "Parent Relationship": "Outer",
                "Parallel Aware": true,
                "Join Type": "Inner",
                "Startup Cost": 192903.79,
                "Total Cost": 254341.99,
                "Plan Rows": 66910,
                "Plan Width": 0,
                "Actual Startup Time": 564.157,
                "Actual Total Time": 916.063,
                "Actual Rows": 581107,
                "Actual Loops": 2,
                "Inner Unique": false,
                "Hash Cond": "(mk.movie_id = t.id)",
                "Plans": [
                  {
                    "Node Type": "Seq Scan",
                    "Parent Relationship": "Outer",
                    "Parallel Aware": true,
                    "Relation Name": "movie_keyword",
                    "Alias": "mk",
                    "Startup Cost": 0.0,
                    "Total Cost": 51065.35,
                    "Plan Rows": 2661135,
                    "Plan Width": 4,
                    "Actual Startup Time": 0.017,
                    "Actual Total Time": 150.75,
                    "Actual Rows": 2261965,
                    "Actual Loops": 2
                  },
                  {
                    "Node Type": "Hash",
                    "Parent Relationship": "Inner",
                    "Parallel Aware": true,
                    "Startup Cost": 192436.36,
                    "Total Cost": 192436.36,
                    "Plan Rows": 37394,
                    "Plan Width": 8,
                    "Actual Startup Time": 562.922,
                    "Actual Total Time": 562.927,
                    "Actual Rows": 30564,
                    "Actual Loops": 2,
                    "Hash Buckets": 65536,
                    "Original Hash Buckets": 65536,
                    "Hash Batches": 1,
                    "Original Hash Batches": 1,
                    "Peak Memory Usage": 2944,
                    "Plans": [
                      {
                        "Node Type": "Hash Join",
                        "Parent Relationship": "Outer",
                        "Parallel Aware": true,
                        "Join Type": "Inner",
                        "Startup Cost": 70613.8,
                        "Total Cost": 192436.36,
                        "Plan Rows": 37394,
                        "Plan Width": 8,
                        "Actual Startup Time": 527.323,
                        "Actual Total Time": 556.684,
                        "Actual Rows": 30564,
                        "Actual Loops": 2,
                        "Inner Unique": true,
                        "Hash Cond": "(mi.movie_id = t.id)",
                        "Plans": [
                          {
                            "Node Type": "Bitmap Heap Scan",
                            "Parent Relationship": "Outer",
                            "Parallel Aware": true,
                            "Relation Name": "movie_info",
                            "Alias": "mi",
                            "Startup Cost": 1153.1,
                            "Total Cost": 122877.51,
                            "Plan Rows": 37394,
                            "Plan Width": 4,
                            "Actual Startup Time": 2.972,
                            "Actual Total Time": 12.842,
                            "Actual Rows": 30564,
                            "Actual Loops": 2,
                            "Recheck Cond": "(info_type_id = 103)",
                            "Rows Removed by Index Recheck": 0,
                            "Exact Heap Blocks": 2753,
                            "Lossy Heap Blocks": 0,
                            "Plans": [
                              {
                                "Node Type": "Bitmap Index Scan",
                                "Parent Relationship": "Outer",
                                "Parallel Aware": false,
                                "Index Name": "info_type_id_movie_info",
                                "Startup Cost": 0.0,
                                "Total Cost": 1137.21,
                                "Plan Rows": 63570,
                                "Plan Width": 0,
                                "Actual Startup Time": 2.26,
                                "Actual Total Time": 2.26,
                                "Actual Rows": 61128,
                                "Actual Loops": 1,
                                "Index Cond": "(info_type_id = 103)"
                              }
                            ]
                          },
                          {
                            "Node Type": "Hash",
                            "Parent Relationship": "Inner",
                            "Parallel Aware": true,
                            "Startup Cost": 50870.31,
                            "Total Cost": 50870.31,
                            "Plan Rows": 1487231,
                            "Plan Width": 4,
                            "Actual Startup Time": 506.671,
                            "Actual Total Time": 506.672,
                            "Actual Rows": 1264156,
                            "Actual Loops": 2,
                            "Hash Buckets": 4194304,
                            "Original Hash Buckets": 4194304,
                            "Hash Batches": 1,
                            "Original Hash Batches": 1,
                            "Peak Memory Usage": 131712,
                            "Plans": [
                              {
                                "Node Type": "Seq Scan",
                                "Parent Relationship": "Outer",
                                "Parallel Aware": true,
                                "Relation Name": "title",
                                "Alias": "t",
                                "Startup Cost": 0.0,
                                "Total Cost": 50870.31,
                                "Plan Rows": 1487231,
                                "Plan Width": 4,
                                "Actual Startup Time": 0.024,
                                "Actual Total Time": 148.49,
                                "Actual Rows": 1264156,
                                "Actual Loops": 2
                              }
                            ]
                          }
                        ]
                      }
                    ]
                  }
                ]
              }
            ]
          }
        ]
      }
    ]
  },
  "Planning Time": 0.697,
  "Triggers": [],
  "Execution Time": 976.214
}