{
  "Plan": {
    "Node Type": "Aggregate",
    "Strategy": "Plain",
    "Partial Mode": "Finalize",
    "Parallel Aware": false,
    "Startup Cost": 447578.74,
    "Total Cost": 447578.75,
    "Plan Rows": 1,
    "Plan Width": 8,
    "Actual Startup Time": 2335.829,
    "Actual Total Time": 2390.102,
    "Actual Rows": 1,
    "Actual Loops": 1,
    "Plans": [
      {
        "Node Type": "Gather",
        "Parent Relationship": "Outer",
        "Parallel Aware": false,
        "Startup Cost": 447578.62,
        "Total Cost": 447578.73,
        "Plan Rows": 1,
        "Plan Width": 8,
        "Actual Startup Time": 2331.809,
        "Actual Total Time": 2390.091,
        "Actual Rows": 2,
        "Actual Loops": 1,
        "Workers Planned": 1,
        "Workers Launched": 1,
        "Single Copy": false,
        "Plans": [
          {
            "Node Type": "Aggregate",
            "Strategy": "Plain",
            "Partial Mode": "Partial",
            "Parent Relationship": "Outer",
            "Parallel Aware": false,
            "Startup Cost": 446578.62,
            "Total Cost": 446578.63,
            "Plan Rows": 1,
            "Plan Width": 8,
            "Actual Startup Time": 2326.109,
            "Actual Total Time": 2327.02,
            "Actual Rows": 1,
            "Actual Loops": 2,
            "Plans": [
              {
                "Node Type": "Hash Join",
                "Parent Relationship": "Outer",
                "Parallel Aware": true,
                "Join Type": "Inner",
                "Startup Cost": 135074.8,
                "Total Cost": 437650.03,
                "Plan Rows": 3571439,
                "Plan Width": 0,
                "Actual Startup Time": 753.028,
                "Actual Total Time": 2272.424,
                "Actual Rows": 1311926,
                "Actual Loops": 2,
                "Inner Unique": false,
                "Hash Cond": "(mi.movie_id = t.id)",
                "Plans": [
                  {
                    "Node Type": "Seq Scan",
                    "Parent Relationship": "Outer",
                    "Parallel Aware": true,
                    "Relation Name": "movie_info",
                    "Alias": "mi",
                    "Startup Cost": 0.0,
                    "Total Cost": 248955.74,
                    "Plan Rows": 8696274,
                    "Plan Width": 4,
                    "Actual Startup Time": 0.016,
                    "Actual Total Time": 658.247,
                    "Actual Rows": 7417860,
                    "Actual Loops": 2
                  },
                  {
                    "Node Type": "Hash",
                    "Parent Relationship": "Inner",
                    "Parallel Aware": true,
                    "Startup Cost": 127439.99,
                    "Total Cost": 127439.99,
                    "Plan Rows": 610785,
                    "Plan Width": 8,
                    "Actual Startup Time": 741.193,
                    "Actual Total Time": 742.102,
                    "Actual Rows": 129771,
                    "Actual Loops": 2,
                    "Hash Buckets": 1048576,
                    "Original Hash Buckets": 1048576,
                    "Hash Batches": 1,
                    "Original Hash Batches": 1,
                    "Peak Memory Usage": 18368,
                    "Plans": [
                      {
                        "Node Type": "Hash Join",
                        "Parent Relationship": "Outer",
                        "Parallel Aware": true,
                        "Join Type": "Inner",
                        "Startup Cost": 65678.83,
                        "Total Cost": 127439.99,
                        "Plan Rows": 610785,
                        "Plan Width": 8,
                        "Actual Startup Time": 378.257,
                        "Actual Total Time": 711.419,
                        "Actual Rows": 129771,
                        "Actual Loops": 2,
                        "Inner Unique": true,
                        "Hash Cond": "(mk.movie_id = t.id)",
                        "Plans": [
                          {
                            "Node Type": "Seq Scan",
                            "Parent Relationship": "Outer",
                            "Parallel Aware": true,
                            "Relation Name": "movie_keyword",
                            "Alias": "mk",
                            "Startup Cost": 0.0,
                            "Total Cost": 57718.19,
                            "Plan Rows": 1540175,
                            "Plan Width": 4,
                            "Actual Startup Time": 0.327,
                            "Actual Total Time": 193.221,
                            "Actual Rows": 1307248,
                            "Actual Loops": 2,
                            "Filter": "(keyword_id > 3284)",
                            "Rows Removed by Filter": 954716
                          },
                          {
                            "Node Type": "Hash",
                            "Parent Relationship": "Inner",
                            "Parallel Aware": true,
                            "Startup Cost": 58306.47,
                            "Total Cost": 58306.47,
                            "Plan Rows": 589789,
                            "Plan Width": 4,
                            "Actual Startup Time": 372.594,
                            "Actual Total Time": 372.595,
                            "Actual Rows": 549548,
                            "Actual Loops": 2,
                            "Hash Buckets": 2097152,
                            "Original Hash Buckets": 1048576,
                            "Hash Batches": 1,
                            "Original Hash Batches": 1,
                            "Peak Memory Usage": 67616,
                            "Plans": [
                              {
                                "Node Type": "Seq Scan",
                                "Parent Relationship": "Outer",
                                "Parallel Aware": true,
                                "Relation Name": "title",
                                "Alias": "t",
                                "Startup Cost": 0.0,
                                "Total Cost": 58306.47,
                                "Plan Rows": 589789,
                                "Plan Width": 4,
                                "Actual Startup Time": 0.039,
                                "Actual Total Time": 175.553,
                                "Actual Rows": 549548,
                                "Actual Loops": 2,
                                "Filter": "((production_year > 1994) AND (kind_id = 7))",
                                "Rows Removed by Filter": 714608
                              }
                            ]
                          }
                        ]
                      }
                    ]
                  }
                ]
              }
            ]
          }
        ]
      }
    ]
  },
  "Planning Time": 0.935,
  "Triggers": [],
  "Execution Time": 2390.192
}