[
  {
    "Plan": {
      "Node Type": "Aggregate",
      "Strategy": "Plain",
      "Partial Mode": "Finalize",
      "Parallel Aware": false,
      "Startup Cost": 353154.64,
      "Total Cost": 353154.65,
      "Plan Rows": 1,
      "Plan Width": 8,
      "Actual Startup Time": 1103.651,
      "Actual Total Time": 1156.438,
      "Actual Rows": 1,
      "Actual Loops": 1,
      "Plans": [
        {
          "Node Type": "Gather",
          "Parent Relationship": "Outer",
          "Parallel Aware": false,
          "Startup Cost": 353154.01,
          "Total Cost": 353154.62,
          "Plan Rows": 6,
          "Plan Width": 8,
          "Actual Startup Time": 1103.524,
          "Actual Total Time": 1156.428,
          "Actual Rows": 7,
          "Actual Loops": 1,
          "Workers Planned": 6,
          "Workers Launched": 6,
          "Single Copy": false,
          "Plans": [
            {
              "Node Type": "Aggregate",
              "Strategy": "Plain",
              "Partial Mode": "Partial",
              "Parent Relationship": "Outer",
              "Parallel Aware": false,
              "Startup Cost": 352154.01,
              "Total Cost": 352154.02,
              "Plan Rows": 1,
              "Plan Width": 8,
              "Actual Startup Time": 1094.331,
              "Actual Total Time": 1094.333,
              "Actual Rows": 1,
              "Actual Loops": 7,
              "Plans": [
                {
                  "Node Type": "Seq Scan",
                  "Parent Relationship": "Outer",
                  "Parallel Aware": true,
                  "Relation Name": "cast_info",
                  "Alias": "ci",
                  "Startup Cost": 0.0,
                  "Total Cost": 343316.27,
                  "Plan Rows": 3535096,
                  "Plan Width": 0,
                  "Actual Startup Time": 279.959,
                  "Actual Total Time": 890.133,
                  "Actual Rows": 3218532,
                  "Actual Loops": 7,
                  "Filter": "((person_id > 357578) AND (role_id > 1))",
                  "Rows Removed by Filter": 1959231
                }
              ]
            }
          ]
        }
      ]
    },
    "Planning Time": 0.125,
    "Triggers": [],
    "Execution Time": 1156.492
  }
]