[
  {
    "Plan": {
      "Node Type": "Aggregate",
      "Strategy": "Plain",
      "Partial Mode": "Finalize",
      "Parallel Aware": false,
      "Startup Cost": 609134.52,
      "Total Cost": 609134.53,
      "Plan Rows": 1,
      "Plan Width": 8,
      "Actual Startup Time": 2382.703,
      "Actual Total Time": 2426.908,
      "Actual Rows": 1,
      "Actual Loops": 1,
      "Plans": [
        {
          "Node Type": "Gather",
          "Parent Relationship": "Outer",
          "Parallel Aware": false,
          "Startup Cost": 609133.89,
          "Total Cost": 609134.5,
          "Plan Rows": 6,
          "Plan Width": 8,
          "Actual Startup Time": 2372.993,
          "Actual Total Time": 2426.898,
          "Actual Rows": 7,
          "Actual Loops": 1,
          "Workers Planned": 6,
          "Workers Launched": 6,
          "Single Copy": false,
          "Plans": [
            {
              "Node Type": "Aggregate",
              "Strategy": "Plain",
              "Partial Mode": "Partial",
              "Parent Relationship": "Outer",
              "Parallel Aware": false,
              "Startup Cost": 608133.89,
              "Total Cost": 608133.9,
              "Plan Rows": 1,
              "Plan Width": 8,
              "Actual Startup Time": 2364.985,
              "Actual Total Time": 2365.051,
              "Actual Rows": 1,
              "Actual Loops": 7,
              "Plans": [
                {
                  "Node Type": "Hash Join",
                  "Parent Relationship": "Outer",
                  "Parallel Aware": true,
                  "Join Type": "Inner",
                  "Startup Cost": 256194.95,
                  "Total Cost": 599149.09,
                  "Plan Rows": 3593922,
                  "Plan Width": 0,
                  "Actual Startup Time": 717.139,
                  "Actual Total Time": 2284.416,
                  "Actual Rows": 1630117,
                  "Actual Loops": 7,
                  "Inner Unique": false,
                  "Hash Cond": "(ci.movie_id = t.id)",
                  "Plans": [
                    {
                      "Node Type": "Seq Scan",
                      "Parent Relationship": "Outer",
                      "Parallel Aware": true,
                      "Relation Name": "cast_info",
                      "Alias": "ci",
                      "Startup Cost": 0.0,
                      "Total Cost": 313108.29,
                      "Plan Rows": 6042129,
                      "Plan Width": 4,
                      "Actual Startup Time": 0.023,
                      "Actual Total Time": 514.339,
                      "Actual Rows": 5177763,
                      "Actual Loops": 7
                    },
                    {
                      "Node Type": "Hash",
                      "Parent Relationship": "Inner",
                      "Parallel Aware": true,
                      "Startup Cost": 252435.27,
                      "Total Cost": 252435.27,
                      "Plan Rows": 300775,
                      "Plan Width": 8,
                      "Actual Startup Time": 714.229,
                      "Actual Total Time": 714.294,
                      "Actual Rows": 111043,
                      "Actual Loops": 7,
                      "Hash Buckets": 2097152,
                      "Original Hash Buckets": 2097152,
                      "Hash Batches": 1,
                      "Original Hash Batches": 1,
                      "Peak Memory Usage": 46912,
                      "Plans": [
                        {
                          "Node Type": "Hash Join",
                          "Parent Relationship": "Outer",
                          "Parallel Aware": true,
                          "Join Type": "Inner",
                          "Startup Cost": 46344.4,
                          "Total Cost": 252435.27,
                          "Plan Rows": 300775,
                          "Plan Width": 8,
                          "Actual Startup Time": 84.419,
                          "Actual Total Time": 664.046,
                          "Actual Rows": 111043,
                          "Actual Loops": 7,
                          "Inner Unique": true,
                          "Hash Cond": "(mi.movie_id = t.id)",
                          "Plans": [
                            {
                              "Node Type": "Seq Scan",
                              "Parent Relationship": "Outer",
                              "Parallel Aware": true,
                              "Relation Name": "movie_info",
                              "Alias": "mi",
                              "Startup Cost": 0.0,
                              "Total Cost": 198880.74,
                              "Plan Rows": 2746713,
                              "Plan Width": 4,
                              "Actual Startup Time": 0.033,
                              "Actual Total Time": 337.841,
                              "Actual Rows": 1972786,
                              "Actual Loops": 7,
                              "Filter": "(info_type_id < 85)",
                              "Rows Removed by Filter": 146602
                            },
                            {
                              "Node Type": "Hash",
                              "Parent Relationship": "Inner",
                              "Parallel Aware": true,
                              "Startup Cost": 45479.21,
                              "Total Cost": 45479.21,
                              "Plan Rows": 69215,
                              "Plan Width": 4,
                              "Actual Startup Time": 82.906,
                              "Actual Total Time": 82.907,
                              "Actual Rows": 24221,
                              "Actual Loops": 7,
                              "Hash Buckets": 524288,
                              "Original Hash Buckets": 524288,
                              "Hash Batches": 1,
                              "Original Hash Batches": 1,
                              "Peak Memory Usage": 10848,
                              "Plans": [
                                {
                                  "Node Type": "Seq Scan",
                                  "Parent Relationship": "Outer",
                                  "Parallel Aware": true,
                                  "Relation Name": "title",
                                  "Alias": "t",
                                  "Startup Cost": 0.0,
                                  "Total Cost": 45479.21,
                                  "Plan Rows": 69215,
                                  "Plan Width": 4,
                                  "Actual Startup Time": 0.034,
                                  "Actual Total Time": 70.097,
                                  "Actual Rows": 24221,
                                  "Actual Loops": 7,
                                  "Filter": "((production_year < 1976) AND (kind_id = 7))",
                                  "Rows Removed by Filter": 336967
                                }
                              ]
                            }
                          ]
                        }
                      ]
                    }
                  ]
                }
              ]
            }
          ]
        }
      ]
    },
    "Planning Time": 0.472,
    "Triggers": [],
    "Execution Time": 2426.956
  }
]