{
  "Plan": {
    "Node Type": "Aggregate",
    "Strategy": "Plain",
    "Partial Mode": "Finalize",
    "Parallel Aware": false,
    "Startup Cost": 102193.23,
    "Total Cost": 102193.24,
    "Plan Rows": 1,
    "Plan Width": 8,
    "Actual Startup Time": 608.105,
    "Actual Total Time": 620.795,
    "Actual Rows": 1,
    "Actual Loops": 1,
    "Plans": [
      {
        "Node Type": "Gather",
        "Parent Relationship": "Outer",
        "Parallel Aware": false,
        "Startup Cost": 102193.11,
        "Total Cost": 102193.22,
        "Plan Rows": 1,
        "Plan Width": 8,
        "Actual Startup Time": 606.332,
        "Actual Total Time": 620.785,
        "Actual Rows": 2,
        "Actual Loops": 1,
        "Workers Planned": 1,
        "Workers Launched": 1,
        "Single Copy": false,
        "Plans": [
          {
            "Node Type": "Aggregate",
            "Strategy": "Plain",
            "Partial Mode": "Partial",
            "Parent Relationship": "Outer",
            "Parallel Aware": false,
            "Startup Cost": 101193.11,
            "Total Cost": 101193.12,
            "Plan Rows": 1,
            "Plan Width": 8,
            "Actual Startup Time": 600.108,
            "Actual Total Time": 600.112,
            "Actual Rows": 1,
            "Actual Loops": 2,
            "Plans": [
              {
                "Node Type": "Hash Join",
                "Parent Relationship": "Outer",
                "Parallel Aware": true,
                "Join Type": "Inner",
                "Startup Cost": 38372.83,
                "Total Cost": 100401.34,
                "Plan Rows": 316710,
                "Plan Width": 0,
                "Actual Startup Time": 168.01,
                "Actual Total Time": 588.797,
                "Actual Rows": 274812,
                "Actual Loops": 2,
                "Inner Unique": false,
                "Hash Cond": "(t.id = mc.movie_id)",
                "Plans": [
                  {
                    "Node Type": "Seq Scan",
                    "Parent Relationship": "Outer",
                    "Parallel Aware": true,
                    "Relation Name": "title",
                    "Alias": "t",
                    "Startup Cost": 0.0,
                    "Total Cost": 50870.31,
                    "Plan Rows": 1487231,
                    "Plan Width": 4,
                    "Actual Startup Time": 0.011,
                    "Actual Total Time": 120.105,
                    "Actual Rows": 1264156,
                    "Actual Loops": 2
                  },
                  {
                    "Node Type": "Hash",
                    "Parent Relationship": "Inner",
                    "Parallel Aware": true,
                    "Startup Cost": 34413.96,
                    "Total Cost": 34413.96,
                    "Plan Rows": 316710,
                    "Plan Width": 4,
                    "Actual Startup Time": 159.272,
                    "Actual Total Time": 159.274,
                    "Actual Rows": 274812,
                    "Actual Loops": 2,
                    "Hash Buckets": 1048576,
                    "Original Hash Buckets": 1048576,
                    "Hash Batches": 1,
                    "Original Hash Batches": 1,
                    "Peak Memory Usage": 29728,
                    "Plans": [
                      {
                        "Node Type": "Bitmap Heap Scan",
                        "Parent Relationship": "Outer",
                        "Parallel Aware": true,
                        "Relation Name": "movie_companies",
                        "Alias": "mc",
                        "Startup Cost": 11665.08,
                        "Total Cost": 34413.96,
                        "Plan Rows": 316710,
                        "Plan Width": 4,
                        "Actual Startup Time": 33.088,
                        "Actual Total Time": 84.458,
                        "Actual Rows": 274812,
                        "Actual Loops": 2,
                        "Recheck Cond": "(company_id > 71884)",
                        "Rows Removed by Index Recheck": 0,
                        "Exact Heap Blocks": 4522,
                        "Lossy Heap Blocks": 0,
                        "Plans": [
                          {
                            "Node Type": "Bitmap Index Scan",
                            "Parent Relationship": "Outer",
                            "Parallel Aware": false,
                            "Index Name": "company_id_movie_companies",
                            "Startup Cost": 0.0,
                            "Total Cost": 11530.48,
                            "Plan Rows": 538407,
                            "Plan Width": 0,
                            "Actual Startup Time": 31.974,
                            "Actual Total Time": 31.975,
                            "Actual Rows": 549625,
                            "Actual Loops": 1,
                            "Index Cond": "(company_id > 71884)"
                          }
                        ]
                      }
                    ]
                  }
                ]
              }
            ]
          }
        ]
      }
    ]
  },
  "Planning Time": 0.605,
  "Triggers": [],
  "Execution Time": 620.889
}