{
  "Plan": {
    "Node Type": "Aggregate",
    "Strategy": "Plain",
    "Partial Mode": "Finalize",
    "Parallel Aware": false,
    "Startup Cost": 397802.7,
    "Total Cost": 397802.71,
    "Plan Rows": 1,
    "Plan Width": 8,
    "Actual Startup Time": 920.766,
    "Actual Total Time": 942.385,
    "Actual Rows": 1,
    "Actual Loops": 1,
    "Plans": [
      {
        "Node Type": "Gather",
        "Parent Relationship": "Outer",
        "Parallel Aware": false,
        "Startup Cost": 397802.58,
        "Total Cost": 397802.69,
        "Plan Rows": 1,
        "Plan Width": 8,
        "Actual Startup Time": 914.209,
        "Actual Total Time": 942.376,
        "Actual Rows": 2,
        "Actual Loops": 1,
        "Workers Planned": 1,
        "Workers Launched": 1,
        "Single Copy": false,
        "Plans": [
          {
            "Node Type": "Aggregate",
            "Strategy": "Plain",
            "Partial Mode": "Partial",
            "Parent Relationship": "Outer",
            "Parallel Aware": false,
            "Startup Cost": 396802.58,
            "Total Cost": 396802.59,
            "Plan Rows": 1,
            "Plan Width": 8,
            "Actual Startup Time": 902.255,
            "Actual Total Time": 902.259,
            "Actual Rows": 1,
            "Actual Loops": 2,
            "Plans": [
              {
                "Node Type": "Hash Join",
                "Parent Relationship": "Outer",
                "Parallel Aware": true,
                "Join Type": "Inner",
                "Startup Cost": 120450.5,
                "Total Cost": 395257.22,
                "Plan Rows": 618146,
                "Plan Width": 0,
                "Actual Startup Time": 690.798,
                "Actual Total Time": 888.477,
                "Actual Rows": 332856,
                "Actual Loops": 2,
                "Inner Unique": true,
                "Hash Cond": "(ci.movie_id = t.id)",
                "Plans": [
                  {
                    "Node Type": "Bitmap Heap Scan",
                    "Parent Relationship": "Outer",
                    "Parallel Aware": true,
                    "Relation Name": "cast_info",
                    "Alias": "ci",
                    "Startup Cost": 50989.8,
                    "Total Cost": 324173.89,
                    "Plan Rows": 618146,
                    "Plan Width": 4,
                    "Actual Startup Time": 170.989,
                    "Actual Total Time": 225.461,
                    "Actual Rows": 332856,
                    "Actual Loops": 2,
                    "Recheck Cond": "(person_id < 227316)",
                    "Rows Removed by Index Recheck": 0,
                    "Filter": "(role_id > 2)",
                    "Rows Removed by Filter": 835062,
                    "Exact Heap Blocks": 13997,
                    "Lossy Heap Blocks": 0,
                    "Plans": [
                      {
                        "Node Type": "Bitmap Index Scan",
                        "Parent Relationship": "Outer",
                        "Parallel Aware": false,
                        "Index Name": "person_id_cast_info",
                        "Startup Cost": 0.0,
                        "Total Cost": 50727.09,
                        "Plan Rows": 2323003,
                        "Plan Width": 0,
                        "Actual Startup Time": 83.749,
                        "Actual Total Time": 83.749,
                        "Actual Rows": 2335836,
                        "Actual Loops": 1,
                        "Index Cond": "(person_id < 227316)"
                      }
                    ]
                  },
                  {
                    "Node Type": "Hash",
                    "Parent Relationship": "Inner",
                    "Parallel Aware": true,
                    "Startup Cost": 50870.31,
                    "Total Cost": 50870.31,
                    "Plan Rows": 1487231,
                    "Plan Width": 4,
                    "Actual Startup Time": 497.891,
                    "Actual Total Time": 497.892,
                    "Actual Rows": 1264156,
                    "Actual Loops": 2,
                    "Hash Buckets": 4194304,
                    "Original Hash Buckets": 4194304,
                    "Hash Batches": 1,
                    "Original Hash Batches": 1,
                    "Peak Memory Usage": 131712,
                    "Plans": [
                      {
                        "Node Type": "Seq Scan",
                        "Parent Relationship": "Outer",
                        "Parallel Aware": true,
                        "Relation Name": "title",
                        "Alias": "t",
                        "Startup Cost": 0.0,
                        "Total Cost": 50870.31,
                        "Plan Rows": 1487231,
                        "Plan Width": 4,
                        "Actual Startup Time": 0.02,
                        "Actual Total Time": 148.716,
                        "Actual Rows": 1264156,
                        "Actual Loops": 2
                      }
                    ]
                  }
                ]
              }
            ]
          }
        ]
      }
    ]
  },
  "Planning Time": 0.707,
  "Triggers": [],
  "Execution Time": 942.476
}