{
  "Plan": {
    "Node Type": "Aggregate",
    "Strategy": "Plain",
    "Partial Mode": "Finalize",
    "Parallel Aware": false,
    "Startup Cost": 107863.07,
    "Total Cost": 107863.08,
    "Plan Rows": 1,
    "Plan Width": 8,
    "Actual Startup Time": 679.146,
    "Actual Total Time": 691.881,
    "Actual Rows": 1,
    "Actual Loops": 1,
    "Plans": [
      {
        "Node Type": "Gather",
        "Parent Relationship": "Outer",
        "Parallel Aware": false,
        "Startup Cost": 107862.96,
        "Total Cost": 107863.07,
        "Plan Rows": 1,
        "Plan Width": 8,
        "Actual Startup Time": 677.794,
        "Actual Total Time": 691.874,
        "Actual Rows": 2,
        "Actual Loops": 1,
        "Workers Planned": 1,
        "Workers Launched": 1,
        "Single Copy": false,
        "Plans": [
          {
            "Node Type": "Aggregate",
            "Strategy": "Plain",
            "Partial Mode": "Partial",
            "Parent Relationship": "Outer",
            "Parallel Aware": false,
            "Startup Cost": 106862.96,
            "Total Cost": 106862.97,
            "Plan Rows": 1,
            "Plan Width": 8,
            "Actual Startup Time": 672.054,
            "Actual Total Time": 672.058,
            "Actual Rows": 1,
            "Actual Loops": 2,
            "Plans": [
              {
                "Node Type": "Hash Join",
                "Parent Relationship": "Outer",
                "Parallel Aware": true,
                "Join Type": "Inner",
                "Startup Cost": 43196.1,
                "Total Cost": 105818.69,
                "Plan Rows": 417706,
                "Plan Width": 0,
                "Actual Startup Time": 212.006,
                "Actual Total Time": 657.364,
                "Actual Rows": 361990,
                "Actual Loops": 2,
                "Inner Unique": false,
                "Hash Cond": "(t.id = mc.movie_id)",
                "Plans": [
                  {
                    "Node Type": "Seq Scan",
                    "Parent Relationship": "Outer",
                    "Parallel Aware": true,
                    "Relation Name": "title",
                    "Alias": "t",
                    "Startup Cost": 0.0,
                    "Total Cost": 50870.31,
                    "Plan Rows": 1487231,
                    "Plan Width": 4,
                    "Actual Startup Time": 0.009,
                    "Actual Total Time": 113.543,
                    "Actual Rows": 1264156,
                    "Actual Loops": 2
                  },
                  {
                    "Node Type": "Hash",
                    "Parent Relationship": "Inner",
                    "Parallel Aware": true,
                    "Startup Cost": 37974.77,
                    "Total Cost": 37974.77,
                    "Plan Rows": 417706,
                    "Plan Width": 4,
                    "Actual Startup Time": 202.849,
                    "Actual Total Time": 202.85,
                    "Actual Rows": 361990,
                    "Actual Loops": 2,
                    "Hash Buckets": 1048576,
                    "Original Hash Buckets": 1048576,
                    "Hash Batches": 1,
                    "Original Hash Batches": 1,
                    "Peak Memory Usage": 36544,
                    "Plans": [
                      {
                        "Node Type": "Seq Scan",
                        "Parent Relationship": "Outer",
                        "Parallel Aware": true,
                        "Relation Name": "movie_companies",
                        "Alias": "mc",
                        "Startup Cost": 0.0,
                        "Total Cost": 37974.77,
                        "Plan Rows": 417706,
                        "Plan Width": 4,
                        "Actual Startup Time": 38.791,
                        "Actual Total Time": 121.906,
                        "Actual Rows": 361990,
                        "Actual Loops": 2,
                        "Filter": "(company_id > 41525)",
                        "Rows Removed by Filter": 942574
                      }
                    ]
                  }
                ]
              }
            ]
          }
        ]
      }
    ]
  },
  "Planning Time": 0.736,
  "Triggers": [],
  "Execution Time": 691.953
}