[
  {
    "Plan": {
      "Node Type": "Aggregate",
      "Strategy": "Plain",
      "Partial Mode": "Finalize",
      "Parallel Aware": false,
      "Startup Cost": 29423.27,
      "Total Cost": 29423.28,
      "Plan Rows": 1,
      "Plan Width": 8,
      "Actual Startup Time": 85.002,
      "Actual Total Time": 91.732,
      "Actual Rows": 1,
      "Actual Loops": 1,
      "Plans": [
        {
          "Node Type": "Gather",
          "Parent Relationship": "Outer",
          "Parallel Aware": false,
          "Startup Cost": 29422.95,
          "Total Cost": 29423.26,
          "Plan Rows": 3,
          "Plan Width": 8,
          "Actual Startup Time": 84.525,
          "Actual Total Time": 91.724,
          "Actual Rows": 4,
          "Actual Loops": 1,
          "Workers Planned": 3,
          "Workers Launched": 3,
          "Single Copy": false,
          "Plans": [
            {
              "Node Type": "Aggregate",
              "Strategy": "Plain",
              "Partial Mode": "Partial",
              "Parent Relationship": "Outer",
              "Parallel Aware": false,
              "Startup Cost": 28422.95,
              "Total Cost": 28422.96,
              "Plan Rows": 1,
              "Plan Width": 8,
              "Actual Startup Time": 77.034,
              "Actual Total Time": 77.036,
              "Actual Rows": 1,
              "Actual Loops": 4,
              "Plans": [
                {
                  "Node Type": "Bitmap Heap Scan",
                  "Parent Relationship": "Outer",
                  "Parallel Aware": true,
                  "Relation Name": "movie_keyword",
                  "Alias": "mk",
                  "Startup Cost": 3232.3,
                  "Total Cost": 28300.18,
                  "Plan Rows": 49110,
                  "Plan Width": 0,
                  "Actual Startup Time": 26.586,
                  "Actual Total Time": 74.208,
                  "Actual Rows": 37950,
                  "Actual Loops": 4,
                  "Recheck Cond": "(keyword_id > 73665)",
                  "Rows Removed by Index Recheck": 0,
                  "Exact Heap Blocks": 10650,
                  "Lossy Heap Blocks": 0,
                  "Plans": [
                    {
                      "Node Type": "Bitmap Index Scan",
                      "Parent Relationship": "Outer",
                      "Parallel Aware": false,
                      "Index Name": "keyword_id_movie_keyword",
                      "Startup Cost": 0.0,
                      "Total Cost": 3194.24,
                      "Plan Rows": 152241,
                      "Plan Width": 0,
                      "Actual Startup Time": 27.665,
                      "Actual Total Time": 27.666,
                      "Actual Rows": 151802,
                      "Actual Loops": 1,
                      "Index Cond": "(keyword_id > 73665)"
                    }
                  ]
                }
              ]
            }
          ]
        }
      ]
    },
    "Planning Time": 0.19,
    "Triggers": [],
    "Execution Time": 91.809
  }
]