{
    "Plan": {
        "Node Type": "Aggregate",
        "Strategy": "Plain",
        "Partial Mode": "Simple",
        "Parallel Aware": false,
        "Startup Cost": 56498.09,
        "Total Cost": 56498.1,
        "Plan Rows": 1,
        "Plan Width": 8,
        "Actual Startup Time": 209.729,
        "Actual Total Time": 209.731,
        "Actual Rows": 1,
        "Actual Loops": 1,
        "Output": [
            "count(*)"
        ],
        "Plans": [
            {
                "Node Type": "Nested Loop",
                "Parent Relationship": "Outer",
                "Parallel Aware": false,
                "Join Type": "Inner",
                "Startup Cost": 30919.2,
                "Total Cost": 56495.63,
                "Plan Rows": 986,
                "Plan Width": 0,
                "Actual Startup Time": 186.317,
                "Actual Total Time": 209.362,
                "Actual Rows": 6391,
                "Actual Loops": 1,
                "Inner Unique": true,
                "Join Filter": "(mi.movie_id = t.id)",
                "Rows Removed by Join Filter": 0,
                "Plans": [
                    {
                        "Node Type": "Hash Join",
                        "Parent Relationship": "Outer",
                        "Parallel Aware": false,
                        "Join Type": "Inner",
                        "Startup Cost": 30918.77,
                        "Total Cost": 52140.31,
                        "Plan Rows": 5109,
                        "Plan Width": 8,
                        "Actual Startup Time": 186.292,
                        "Actual Total Time": 192.378,
                        "Actual Rows": 6391,
                        "Actual Loops": 1,
                        "Output": [
                            "mi.movie_id",
                            "mi_idx.movie_id"
                        ],
                        "Inner Unique": false,
                        "Hash Cond": "(mi.movie_id = mi_idx.movie_id)",
                        "Plans": [
                            {
                                "Node Type": "Index Scan",
                                "Parent Relationship": "Outer",
                                "Parallel Aware": false,
                                "Scan Direction": "Forward",
                                "Index Name": "info_type_id_movie_info",
                                "Relation Name": "movie_info",
                                "Schema": "public",
                                "Alias": "mi",
                                "Startup Cost": 0.43,
                                "Total Cost": 21136.92,
                                "Plan Rows": 5434,
                                "Plan Width": 4,
                                "Actual Startup Time": 0.108,
                                "Actual Total Time": 3.466,
                                "Actual Rows": 6422,
                                "Actual Loops": 1,
                                "Output": [
                                    "mi.id",
                                    "mi.movie_id",
                                    "mi.info_type_id",
                                    "mi.info",
                                    "mi.note"
                                ],
                                "Index Cond": "(mi.info_type_id = 86)",
                                "Rows Removed by Index Recheck": 0
                            },
                            {
                                "Node Type": "Hash",
                                "Parent Relationship": "Inner",
                                "Parallel Aware": false,
                                "Startup Cost": 25185.44,
                                "Total Cost": 25185.44,
                                "Plan Rows": 458632,
                                "Plan Width": 4,
                                "Actual Startup Time": 185.23,
                                "Actual Total Time": 185.231,
                                "Actual Rows": 459925,
                                "Actual Loops": 1,
                                "Output": [
                                    "mi_idx.movie_id"
                                ],
                                "Hash Buckets": 524288,
                                "Original Hash Buckets": 524288,
                                "Hash Batches": 1,
                                "Original Hash Batches": 1,
                                "Peak Memory Usage": 20266,
                                "Plans": [
                                    {
                                        "Node Type": "Seq Scan",
                                        "Parent Relationship": "Outer",
                                        "Parallel Aware": false,
                                        "Relation Name": "movie_info_idx",
                                        "Schema": "public",
                                        "Alias": "mi_idx",
                                        "Startup Cost": 0.0,
                                        "Total Cost": 25185.44,
                                        "Plan Rows": 458632,
                                        "Plan Width": 4,
                                        "Actual Startup Time": 0.036,
                                        "Actual Total Time": 116.581,
                                        "Actual Rows": 459925,
                                        "Actual Loops": 1,
                                        "Output": [
                                            "mi_idx.movie_id"
                                        ],
                                        "Filter": "(mi_idx.info_type_id = 101)",
                                        "Rows Removed by Filter": 920110
                                    }
                                ]
                            }
                        ]
                    },
                    {
                        "Node Type": "Index Only Scan",
                        "Parent Relationship": "Inner",
                        "Parallel Aware": false,
                        "Scan Direction": "Forward",
                        "Index Name": "title_pkey",
                        "Relation Name": "title",
                        "Schema": "public",
                        "Alias": "t",
                        "Startup Cost": 0.43,
                        "Total Cost": 0.84,
                        "Plan Rows": 1,
                        "Plan Width": 4,
                        "Actual Startup Time": 0.002,
                        "Actual Total Time": 0.002,
                        "Actual Rows": 1,
                        "Actual Loops": 6391,
                        "Output": [
                            "t.id"
                        ],
                        "Index Cond": "(t.id = mi_idx.movie_id)",
                        "Rows Removed by Index Recheck": 0,
                        "Heap Fetches": 6391
                    }
                ]
            }
        ]
    },
    "Planning Time": 1.505,
    "Triggers": [],
    "Execution Time": 209.918
}