[
    {
        "Bao": {
            "Bao prediction": "NaN",
            "Bao recommended hint": "(no hint)"
        }
    },
    {
        "Plan": {
            "Node Type": "Aggregate",
            "Strategy": "Plain",
            "Partial Mode": "Finalize",
            "Parallel Aware": false,
            "Startup Cost": 348731.59,
            "Total Cost": 348731.6,
            "Plan Rows": 1,
            "Plan Width": 8,
            "Actual Startup Time": 755.512,
            "Actual Total Time": 790.407,
            "Actual Rows": 1,
            "Actual Loops": 1,
            "Output": [
                "count(*)"
            ],
            "Plans": [
                {
                    "Node Type": "Gather",
                    "Parent Relationship": "Outer",
                    "Parallel Aware": false,
                    "Startup Cost": 348730.97,
                    "Total Cost": 348731.58,
                    "Plan Rows": 6,
                    "Plan Width": 8,
                    "Actual Startup Time": 755.381,
                    "Actual Total Time": 790.397,
                    "Actual Rows": 7,
                    "Actual Loops": 1,
                    "Output": [
                        "(PARTIAL count(*))"
                    ],
                    "Workers Planned": 6,
                    "Workers Launched": 6,
                    "Single Copy": false,
                    "Plans": [
                        {
                            "Node Type": "Aggregate",
                            "Strategy": "Plain",
                            "Partial Mode": "Partial",
                            "Parent Relationship": "Outer",
                            "Parallel Aware": false,
                            "Startup Cost": 347730.97,
                            "Total Cost": 347730.98,
                            "Plan Rows": 1,
                            "Plan Width": 8,
                            "Actual Startup Time": 745.459,
                            "Actual Total Time": 745.46,
                            "Actual Rows": 1,
                            "Actual Loops": 7,
                            "Output": [
                                "PARTIAL count(*)"
                            ],
                            "Workers": [
                                {
                                    "Worker Number": 0,
                                    "Actual Startup Time": 743.128,
                                    "Actual Total Time": 743.129,
                                    "Actual Rows": 1,
                                    "Actual Loops": 1
                                },
                                {
                                    "Worker Number": 1,
                                    "Actual Startup Time": 743.526,
                                    "Actual Total Time": 743.527,
                                    "Actual Rows": 1,
                                    "Actual Loops": 1
                                },
                                {
                                    "Worker Number": 2,
                                    "Actual Startup Time": 743.724,
                                    "Actual Total Time": 743.726,
                                    "Actual Rows": 1,
                                    "Actual Loops": 1
                                },
                                {
                                    "Worker Number": 3,
                                    "Actual Startup Time": 743.9,
                                    "Actual Total Time": 743.901,
                                    "Actual Rows": 1,
                                    "Actual Loops": 1
                                },
                                {
                                    "Worker Number": 4,
                                    "Actual Startup Time": 744.468,
                                    "Actual Total Time": 744.468,
                                    "Actual Rows": 1,
                                    "Actual Loops": 1
                                },
                                {
                                    "Worker Number": 5,
                                    "Actual Startup Time": 744.671,
                                    "Actual Total Time": 744.672,
                                    "Actual Rows": 1,
                                    "Actual Loops": 1
                                }
                            ],
                            "Plans": [
                                {
                                    "Node Type": "Seq Scan",
                                    "Parent Relationship": "Outer",
                                    "Parallel Aware": true,
                                    "Relation Name": "cast_info",
                                    "Schema": "public",
                                    "Alias": "ci",
                                    "Startup Cost": 0.0,
                                    "Total Cost": 343318.94,
                                    "Plan Rows": 1764810,
                                    "Plan Width": 0,
                                    "Actual Startup Time": 336.195,
                                    "Actual Total Time": 655.581,
                                    "Actual Rows": 1815369,
                                    "Actual Loops": 7,
                                    "Output": [
                                        "id",
                                        "person_id",
                                        "movie_id",
                                        "person_role_id",
                                        "note",
                                        "nr_order",
                                        "role_id"
                                    ],
                                    "Filter": "((ci.person_id > 1213343) AND (ci.role_id > 2))",
                                    "Rows Removed by Filter": 3362394,
                                    "Workers": [
                                        {
                                            "Worker Number": 0,
                                            "Actual Startup Time": 333.877,
                                            "Actual Total Time": 653.175,
                                            "Actual Rows": 1356156,
                                            "Actual Loops": 1
                                        },
                                        {
                                            "Worker Number": 1,
                                            "Actual Startup Time": 334.25,
                                            "Actual Total Time": 655.047,
                                            "Actual Rows": 2091075,
                                            "Actual Loops": 1
                                        },
                                        {
                                            "Worker Number": 2,
                                            "Actual Startup Time": 334.479,
                                            "Actual Total Time": 653.919,
                                            "Actual Rows": 1353697,
                                            "Actual Loops": 1
                                        },
                                        {
                                            "Worker Number": 3,
                                            "Actual Startup Time": 334.637,
                                            "Actual Total Time": 655.491,
                                            "Actual Rows": 2089007,
                                            "Actual Loops": 1
                                        },
                                        {
                                            "Worker Number": 4,
                                            "Actual Startup Time": 335.196,
                                            "Actual Total Time": 658.892,
                                            "Actual Rows": 2043072,
                                            "Actual Loops": 1
                                        },
                                        {
                                            "Worker Number": 5,
                                            "Actual Startup Time": 335.399,
                                            "Actual Total Time": 657.048,
                                            "Actual Rows": 1319749,
                                            "Actual Loops": 1
                                        }
                                    ]
                                }
                            ]
                        }
                    ]
                }
            ]
        },
        "Planning Time": 225.254,
        "Triggers": [],
        "Execution Time": 790.479
    }
]