[
  {
    "Plan": {
      "Node Type": "Aggregate",
      "Strategy": "Plain",
      "Partial Mode": "Finalize",
      "Parallel Aware": false,
      "Startup Cost": 62036.82,
      "Total Cost": 62036.83,
      "Plan Rows": 1,
      "Plan Width": 8,
      "Actual Startup Time": 65.421,
      "Actual Total Time": 72.734,
      "Actual Rows": 1,
      "Actual Loops": 1,
      "Plans": [
        {
          "Node Type": "Gather",
          "Parent Relationship": "Outer",
          "Parallel Aware": false,
          "Startup Cost": 62036.4,
          "Total Cost": 62036.81,
          "Plan Rows": 4,
          "Plan Width": 8,
          "Actual Startup Time": 65.006,
          "Actual Total Time": 72.726,
          "Actual Rows": 5,
          "Actual Loops": 1,
          "Workers Planned": 4,
          "Workers Launched": 4,
          "Single Copy": false,
          "Plans": [
            {
              "Node Type": "Aggregate",
              "Strategy": "Plain",
              "Partial Mode": "Partial",
              "Parent Relationship": "Outer",
              "Parallel Aware": false,
              "Startup Cost": 61036.4,
              "Total Cost": 61036.41,
              "Plan Rows": 1,
              "Plan Width": 8,
              "Actual Startup Time": 55.216,
              "Actual Total Time": 55.218,
              "Actual Rows": 1,
              "Actual Loops": 5,
              "Plans": [
                {
                  "Node Type": "Nested Loop",
                  "Parent Relationship": "Outer",
                  "Parallel Aware": false,
                  "Join Type": "Inner",
                  "Startup Cost": 1823.71,
                  "Total Cost": 61034.31,
                  "Plan Rows": 836,
                  "Plan Width": 0,
                  "Actual Startup Time": 15.024,
                  "Actual Total Time": 54.945,
                  "Actual Rows": 1320,
                  "Actual Loops": 5,
                  "Inner Unique": false,
                  "Plans": [
                    {
                      "Node Type": "Bitmap Heap Scan",
                      "Parent Relationship": "Outer",
                      "Parallel Aware": true,
                      "Relation Name": "title",
                      "Alias": "t",
                      "Startup Cost": 1823.28,
                      "Total Cost": 38204.63,
                      "Plan Rows": 143,
                      "Plan Width": 4,
                      "Actual Startup Time": 14.804,
                      "Actual Total Time": 42.17,
                      "Actual Rows": 190,
                      "Actual Loops": 5,
                      "Recheck Cond": "(kind_id = 3)",
                      "Rows Removed by Index Recheck": 0,
                      "Filter": "(production_year = 1969)",
                      "Rows Removed by Filter": 19917,
                      "Exact Heap Blocks": 7028,
                      "Lossy Heap Blocks": 0,
                      "Plans": [
                        {
                          "Node Type": "Bitmap Index Scan",
                          "Parent Relationship": "Outer",
                          "Parallel Aware": false,
                          "Index Name": "kind_id_title",
                          "Startup Cost": 0.0,
                          "Total Cost": 1823.13,
                          "Plan Rows": 102227,
                          "Plan Width": 0,
                          "Actual Startup Time": 17.791,
                          "Actual Total Time": 17.792,
                          "Actual Rows": 100537,
                          "Actual Loops": 1,
                          "Index Cond": "(kind_id = 3)"
                        }
                      ]
                    },
                    {
                      "Node Type": "Index Only Scan",
                      "Parent Relationship": "Inner",
                      "Parallel Aware": false,
                      "Scan Direction": "Forward",
                      "Index Name": "movie_id_movie_info",
                      "Relation Name": "movie_info",
                      "Alias": "mi",
                      "Startup Cost": 0.43,
                      "Total Cost": 159.23,
                      "Plan Rows": 42,
                      "Plan Width": 4,
                      "Actual Startup Time": 0.028,
                      "Actual Total Time": 0.065,
                      "Actual Rows": 7,
                      "Actual Loops": 951,
                      "Index Cond": "(movie_id = t.id)",
                      "Rows Removed by Index Recheck": 0,
                      "Heap Fetches": 6601
                    }
                  ]
                }
              ]
            }
          ]
        }
      ]
    },
    "Planning Time": 0.651,
    "Triggers": [],
    "Execution Time": 72.823
  }
]