{
  "Plan": {
    "Node Type": "Aggregate",
    "Strategy": "Plain",
    "Partial Mode": "Finalize",
    "Parallel Aware": false,
    "Startup Cost": 114522.67,
    "Total Cost": 114522.68,
    "Plan Rows": 1,
    "Plan Width": 8,
    "Actual Startup Time": 601.847,
    "Actual Total Time": 613.734,
    "Actual Rows": 1,
    "Actual Loops": 1,
    "Plans": [
      {
        "Node Type": "Gather",
        "Parent Relationship": "Outer",
        "Parallel Aware": false,
        "Startup Cost": 114522.56,
        "Total Cost": 114522.67,
        "Plan Rows": 1,
        "Plan Width": 8,
        "Actual Startup Time": 600.234,
        "Actual Total Time": 613.728,
        "Actual Rows": 2,
        "Actual Loops": 1,
        "Workers Planned": 1,
        "Workers Launched": 1,
        "Single Copy": false,
        "Plans": [
          {
            "Node Type": "Aggregate",
            "Strategy": "Plain",
            "Partial Mode": "Partial",
            "Parent Relationship": "Outer",
            "Parallel Aware": false,
            "Startup Cost": 113522.56,
            "Total Cost": 113522.57,
            "Plan Rows": 1,
            "Plan Width": 8,
            "Actual Startup Time": 593.844,
            "Actual Total Time": 593.851,
            "Actual Rows": 1,
            "Actual Loops": 2,
            "Plans": [
              {
                "Node Type": "Hash Join",
                "Parent Relationship": "Outer",
                "Parallel Aware": true,
                "Join Type": "Inner",
                "Startup Cost": 94151.9,
                "Total Cost": 113437.42,
                "Plan Rows": 34057,
                "Plan Width": 0,
                "Actual Startup Time": 528.729,
                "Actual Total Time": 590.756,
                "Actual Rows": 75092,
                "Actual Loops": 2,
                "Inner Unique": false,
                "Hash Cond": "(mi_idx.movie_id = t.id)",
                "Plans": [
                  {
                    "Node Type": "Seq Scan",
                    "Parent Relationship": "Outer",
                    "Parallel Aware": true,
                    "Relation Name": "movie_info_idx",
                    "Alias": "mi_idx",
                    "Startup Cost": 0.0,
                    "Total Cost": 18082.32,
                    "Plan Rows": 267429,
                    "Plan Width": 4,
                    "Actual Startup Time": 0.032,
                    "Actual Total Time": 49.268,
                    "Actual Rows": 229962,
                    "Actual Loops": 2,
                    "Filter": "(info_type_id = 99)",
                    "Rows Removed by Filter": 460055
                  },
                  {
                    "Node Type": "Hash",
                    "Parent Relationship": "Inner",
                    "Parallel Aware": true,
                    "Startup Cost": 91784.4,
                    "Total Cost": 91784.4,
                    "Plan Rows": 189400,
                    "Plan Width": 8,
                    "Actual Startup Time": 486.936,
                    "Actual Total Time": 486.94,
                    "Actual Rows": 162776,
                    "Actual Loops": 2,
                    "Hash Buckets": 524288,
                    "Original Hash Buckets": 524288,
                    "Hash Batches": 1,
                    "Original Hash Batches": 1,
                    "Peak Memory Usage": 16864,
                    "Plans": [
                      {
                        "Node Type": "Hash Join",
                        "Parent Relationship": "Outer",
                        "Parallel Aware": true,
                        "Join Type": "Inner",
                        "Startup Cost": 30504.78,
                        "Total Cost": 91784.4,
                        "Plan Rows": 189400,
                        "Plan Width": 8,
                        "Actual Startup Time": 275.635,
                        "Actual Total Time": 447.651,
                        "Actual Rows": 162776,
                        "Actual Loops": 2,
                        "Inner Unique": false,
                        "Hash Cond": "(t.id = mc.movie_id)",
                        "Plans": [
                          {
                            "Node Type": "Seq Scan",
                            "Parent Relationship": "Outer",
                            "Parallel Aware": true,
                            "Relation Name": "title",
                            "Alias": "t",
                            "Startup Cost": 0.0,
                            "Total Cost": 50870.31,
                            "Plan Rows": 1487231,
                            "Plan Width": 4,
                            "Actual Startup Time": 0.011,
                            "Actual Total Time": 118.105,
                            "Actual Rows": 1264156,
                            "Actual Loops": 2
                          },
                          {
                            "Node Type": "Hash",
                            "Parent Relationship": "Inner",
                            "Parallel Aware": true,
                            "Startup Cost": 28137.28,
                            "Total Cost": 28137.28,
                            "Plan Rows": 189400,
                            "Plan Width": 4,
                            "Actual Startup Time": 97.062,
                            "Actual Total Time": 97.064,
                            "Actual Rows": 162776,
                            "Actual Loops": 2,
                            "Hash Buckets": 524288,
                            "Original Hash Buckets": 524288,
                            "Hash Batches": 1,
                            "Original Hash Batches": 1,
                            "Peak Memory Usage": 16864,
                            "Plans": [
                              {
                                "Node Type": "Bitmap Heap Scan",
                                "Parent Relationship": "Outer",
                                "Parallel Aware": true,
                                "Relation Name": "movie_companies",
                                "Alias": "mc",
                                "Startup Cost": 6979.78,
                                "Total Cost": 28137.28,
                                "Plan Rows": 189400,
                                "Plan Width": 4,
                                "Actual Startup Time": 23.624,
                                "Actual Total Time": 58.881,
                                "Actual Rows": 162776,
                                "Actual Loops": 2,
                                "Recheck Cond": "(company_id > 91361)",
                                "Rows Removed by Index Recheck": 0,
                                "Exact Heap Blocks": 3160,
                                "Lossy Heap Blocks": 0,
                                "Plans": [
                                  {
                                    "Node Type": "Bitmap Index Scan",
                                    "Parent Relationship": "Outer",
                                    "Parallel Aware": false,
                                    "Index Name": "company_id_movie_companies",
                                    "Startup Cost": 0.0,
                                    "Total Cost": 6899.28,
                                    "Plan Rows": 321980,
                                    "Plan Width": 0,
                                    "Actual Startup Time": 22.801,
                                    "Actual Total Time": 22.801,
                                    "Actual Rows": 325553,
                                    "Actual Loops": 1,
                                    "Index Cond": "(company_id > 91361)"
                                  }
                                ]
                              }
                            ]
                          }
                        ]
                      }
                    ]
                  }
                ]
              }
            ]
          }
        ]
      }
    ]
  },
  "Planning Time": 0.96,
  "Triggers": [],
  "Execution Time": 613.839
}