[
    {
        "Bao": {
            "Bao prediction": "NaN",
            "Bao recommended hint": "(no hint)"
        }
    },
    {
        "Plan": {
            "Node Type": "Aggregate",
            "Strategy": "Plain",
            "Partial Mode": "Finalize",
            "Parallel Aware": false,
            "Startup Cost": 73400.87,
            "Total Cost": 73400.88,
            "Plan Rows": 1,
            "Plan Width": 8,
            "Actual Startup Time": 250.398,
            "Actual Total Time": 258.436,
            "Actual Rows": 1,
            "Actual Loops": 1,
            "Output": [
                "count(*)"
            ],
            "Plans": [
                {
                    "Node Type": "Gather",
                    "Parent Relationship": "Outer",
                    "Parallel Aware": false,
                    "Startup Cost": 73400.45,
                    "Total Cost": 73400.86,
                    "Plan Rows": 4,
                    "Plan Width": 8,
                    "Actual Startup Time": 248.327,
                    "Actual Total Time": 258.426,
                    "Actual Rows": 5,
                    "Actual Loops": 1,
                    "Output": [
                        "(PARTIAL count(*))"
                    ],
                    "Workers Planned": 4,
                    "Workers Launched": 4,
                    "Single Copy": false,
                    "Plans": [
                        {
                            "Node Type": "Aggregate",
                            "Strategy": "Plain",
                            "Partial Mode": "Partial",
                            "Parent Relationship": "Outer",
                            "Parallel Aware": false,
                            "Startup Cost": 72400.45,
                            "Total Cost": 72400.46,
                            "Plan Rows": 1,
                            "Plan Width": 8,
                            "Actual Startup Time": 238.698,
                            "Actual Total Time": 238.702,
                            "Actual Rows": 1,
                            "Actual Loops": 5,
                            "Output": [
                                "PARTIAL count(*)"
                            ],
                            "Workers": [
                                {
                                    "Worker Number": 0,
                                    "Actual Startup Time": 235.845,
                                    "Actual Total Time": 235.849,
                                    "Actual Rows": 1,
                                    "Actual Loops": 1
                                },
                                {
                                    "Worker Number": 1,
                                    "Actual Startup Time": 236.18,
                                    "Actual Total Time": 236.183,
                                    "Actual Rows": 1,
                                    "Actual Loops": 1
                                },
                                {
                                    "Worker Number": 2,
                                    "Actual Startup Time": 236.684,
                                    "Actual Total Time": 236.687,
                                    "Actual Rows": 1,
                                    "Actual Loops": 1
                                },
                                {
                                    "Worker Number": 3,
                                    "Actual Startup Time": 236.856,
                                    "Actual Total Time": 236.86,
                                    "Actual Rows": 1,
                                    "Actual Loops": 1
                                }
                            ],
                            "Plans": [
                                {
                                    "Node Type": "Hash Join",
                                    "Parent Relationship": "Outer",
                                    "Parallel Aware": true,
                                    "Join Type": "Inner",
                                    "Startup Cost": 26547.84,
                                    "Total Cost": 72237.41,
                                    "Plan Rows": 65216,
                                    "Plan Width": 0,
                                    "Actual Startup Time": 164.623,
                                    "Actual Total Time": 235.887,
                                    "Actual Rows": 52959,
                                    "Actual Loops": 5,
                                    "Inner Unique": false,
                                    "Hash Cond": "(t.id = mc.movie_id)",
                                    "Workers": [
                                        {
                                            "Worker Number": 0,
                                            "Actual Startup Time": 162.61,
                                            "Actual Total Time": 232.877,
                                            "Actual Rows": 38458,
                                            "Actual Loops": 1
                                        },
                                        {
                                            "Worker Number": 1,
                                            "Actual Startup Time": 161.663,
                                            "Actual Total Time": 233.511,
                                            "Actual Rows": 59125,
                                            "Actual Loops": 1
                                        },
                                        {
                                            "Worker Number": 2,
                                            "Actual Startup Time": 161.967,
                                            "Actual Total Time": 234.027,
                                            "Actual Rows": 58484,
                                            "Actual Loops": 1
                                        },
                                        {
                                            "Worker Number": 3,
                                            "Actual Startup Time": 162.534,
                                            "Actual Total Time": 234.195,
                                            "Actual Rows": 58362,
                                            "Actual Loops": 1
                                        }
                                    ],
                                    "Plans": [
                                        {
                                            "Node Type": "Seq Scan",
                                            "Parent Relationship": "Outer",
                                            "Parallel Aware": true,
                                            "Relation Name": "title",
                                            "Schema": "public",
                                            "Alias": "t",
                                            "Startup Cost": 0.0,
                                            "Total Cost": 42318.81,
                                            "Plan Rows": 632080,
                                            "Plan Width": 4,
                                            "Actual Startup Time": 0.014,
                                            "Actual Total Time": 66.699,
                                            "Actual Rows": 505662,
                                            "Actual Loops": 5,
                                            "Output": [
                                                "t.id",
                                                "t.title",
                                                "t.imdb_index",
                                                "t.kind_id",
                                                "t.production_year",
                                                "t.imdb_id",
                                                "t.phonetic_code",
                                                "t.episode_of_id",
                                                "t.season_nr",
                                                "t.episode_nr",
                                                "t.series_years",
                                                "t.md5sum"
                                            ],
                                            "Workers": [
                                                {
                                                    "Worker Number": 0,
                                                    "Actual Startup Time": 0.013,
                                                    "Actual Total Time": 71.081,
                                                    "Actual Rows": 374347,
                                                    "Actual Loops": 1
                                                },
                                                {
                                                    "Worker Number": 1,
                                                    "Actual Startup Time": 0.019,
                                                    "Actual Total Time": 68.165,
                                                    "Actual Rows": 564980,
                                                    "Actual Loops": 1
                                                },
                                                {
                                                    "Worker Number": 2,
                                                    "Actual Startup Time": 0.018,
                                                    "Actual Total Time": 68.127,
                                                    "Actual Rows": 534383,
                                                    "Actual Loops": 1
                                                },
                                                {
                                                    "Worker Number": 3,
                                                    "Actual Startup Time": 0.013,
                                                    "Actual Total Time": 68.201,
                                                    "Actual Rows": 547700,
                                                    "Actual Loops": 1
                                                }
                                            ]
                                        },
                                        {
                                            "Node Type": "Hash",
                                            "Parent Relationship": "Inner",
                                            "Parallel Aware": true,
                                            "Startup Cost": 25495.97,
                                            "Total Cost": 25495.97,
                                            "Plan Rows": 84149,
                                            "Plan Width": 4,
                                            "Actual Startup Time": 73.053,
                                            "Actual Total Time": 73.055,
                                            "Actual Rows": 52959,
                                            "Actual Loops": 5,
                                            "Output": [
                                                "mc.movie_id"
                                            ],
                                            "Hash Buckets": 524288,
                                            "Original Hash Buckets": 262144,
                                            "Hash Batches": 1,
                                            "Original Hash Batches": 1,
                                            "Peak Memory Usage": 16576,
                                            "Workers": [
                                                {
                                                    "Worker Number": 0,
                                                    "Actual Startup Time": 70.956,
                                                    "Actual Total Time": 70.957,
                                                    "Actual Rows": 45364,
                                                    "Actual Loops": 1
                                                },
                                                {
                                                    "Worker Number": 1,
                                                    "Actual Startup Time": 71.495,
                                                    "Actual Total Time": 71.496,
                                                    "Actual Rows": 47014,
                                                    "Actual Loops": 1
                                                },
                                                {
                                                    "Worker Number": 2,
                                                    "Actual Startup Time": 72.15,
                                                    "Actual Total Time": 72.151,
                                                    "Actual Rows": 40068,
                                                    "Actual Loops": 1
                                                },
                                                {
                                                    "Worker Number": 3,
                                                    "Actual Startup Time": 72.189,
                                                    "Actual Total Time": 72.191,
                                                    "Actual Rows": 46695,
                                                    "Actual Loops": 1
                                                }
                                            ],
                                            "Plans": [
                                                {
                                                    "Node Type": "Bitmap Heap Scan",
                                                    "Parent Relationship": "Outer",
                                                    "Parallel Aware": true,
                                                    "Relation Name": "movie_companies",
                                                    "Schema": "public",
                                                    "Alias": "mc",
                                                    "Startup Cost": 5654.11,
                                                    "Total Cost": 25495.97,
                                                    "Plan Rows": 84149,
                                                    "Plan Width": 4,
                                                    "Actual Startup Time": 12.761,
                                                    "Actual Total Time": 41.304,
                                                    "Actual Rows": 52959,
                                                    "Actual Loops": 5,
                                                    "Output": [
                                                        "mc.movie_id"
                                                    ],
                                                    "Recheck Cond": "(mc.company_id > 98633)",
                                                    "Rows Removed by Index Recheck": 0,
                                                    "Exact Heap Blocks": 1504,
                                                    "Lossy Heap Blocks": 0,
                                                    "Workers": [
                                                        {
                                                            "Worker Number": 0,
                                                            "Actual Startup Time": 10.704,
                                                            "Actual Total Time": 40.696,
                                                            "Actual Rows": 45364,
                                                            "Actual Loops": 1
                                                        },
                                                        {
                                                            "Worker Number": 1,
                                                            "Actual Startup Time": 11.231,
                                                            "Actual Total Time": 40.921,
                                                            "Actual Rows": 47014,
                                                            "Actual Loops": 1
                                                        },
                                                        {
                                                            "Worker Number": 2,
                                                            "Actual Startup Time": 11.931,
                                                            "Actual Total Time": 41.332,
                                                            "Actual Rows": 40068,
                                                            "Actual Loops": 1
                                                        },
                                                        {
                                                            "Worker Number": 3,
                                                            "Actual Startup Time": 11.91,
                                                            "Actual Total Time": 40.57,
                                                            "Actual Rows": 46695,
                                                            "Actual Loops": 1
                                                        }
                                                    ],
                                                    "Plans": [
                                                        {
                                                            "Node Type": "Bitmap Index Scan",
                                                            "Parent Relationship": "Outer",
                                                            "Parallel Aware": false,
                                                            "Index Name": "company_id_movie_companies",
                                                            "Startup Cost": 0.0,
                                                            "Total Cost": 5588.9,
                                                            "Plan Rows": 260862,
                                                            "Plan Width": 0,
                                                            "Actual Startup Time": 16.302,
                                                            "Actual Total Time": 16.302,
                                                            "Actual Rows": 264797,
                                                            "Actual Loops": 1,
                                                            "Index Cond": "(mc.company_id > 98633)"
                                                        }
                                                    ]
                                                }
                                            ]
                                        }
                                    ]
                                }
                            ]
                        }
                    ]
                }
            ]
        },
        "Planning Time": 305.648,
        "Triggers": [],
        "Execution Time": 258.508
    }
]