{
    "Plan": {
        "Node Type": "Aggregate",
        "Strategy": "Plain",
        "Partial Mode": "Finalize",
        "Parallel Aware": false,
        "Startup Cost": 394863.88,
        "Total Cost": 394863.89,
        "Plan Rows": 1,
        "Plan Width": 8,
        "Actual Startup Time": 2328.197,
        "Actual Total Time": 2377.811,
        "Actual Rows": 1,
        "Actual Loops": 1,
        "Output": [
            "count(*)"
        ],
        "Plans": [
            {
                "Node Type": "Gather",
                "Parent Relationship": "Outer",
                "Parallel Aware": false,
                "Startup Cost": 394863.26,
                "Total Cost": 394863.87,
                "Plan Rows": 6,
                "Plan Width": 8,
                "Actual Startup Time": 2318.396,
                "Actual Total Time": 2377.798,
                "Actual Rows": 7,
                "Actual Loops": 1,
                "Output": [
                    "(PARTIAL count(*))"
                ],
                "Workers Planned": 6,
                "Workers Launched": 6,
                "Single Copy": false,
                "Plans": [
                    {
                        "Node Type": "Aggregate",
                        "Strategy": "Plain",
                        "Partial Mode": "Partial",
                        "Parent Relationship": "Outer",
                        "Parallel Aware": false,
                        "Startup Cost": 393863.26,
                        "Total Cost": 393863.27,
                        "Plan Rows": 1,
                        "Plan Width": 8,
                        "Actual Startup Time": 2307.345,
                        "Actual Total Time": 2307.348,
                        "Actual Rows": 1,
                        "Actual Loops": 7,
                        "Output": [
                            "PARTIAL count(*)"
                        ],
                        "Workers": [
                            {
                                "Worker Number": 0,
                                "Actual Startup Time": 2304.901,
                                "Actual Total Time": 2304.904,
                                "Actual Rows": 1,
                                "Actual Loops": 1
                            },
                            {
                                "Worker Number": 1,
                                "Actual Startup Time": 2305.587,
                                "Actual Total Time": 2305.589,
                                "Actual Rows": 1,
                                "Actual Loops": 1
                            },
                            {
                                "Worker Number": 2,
                                "Actual Startup Time": 2305.585,
                                "Actual Total Time": 2305.588,
                                "Actual Rows": 1,
                                "Actual Loops": 1
                            },
                            {
                                "Worker Number": 3,
                                "Actual Startup Time": 2305.719,
                                "Actual Total Time": 2305.722,
                                "Actual Rows": 1,
                                "Actual Loops": 1
                            },
                            {
                                "Worker Number": 4,
                                "Actual Startup Time": 2306.231,
                                "Actual Total Time": 2306.234,
                                "Actual Rows": 1,
                                "Actual Loops": 1
                            },
                            {
                                "Worker Number": 5,
                                "Actual Startup Time": 2305.931,
                                "Actual Total Time": 2305.934,
                                "Actual Rows": 1,
                                "Actual Loops": 1
                            }
                        ],
                        "Plans": [
                            {
                                "Node Type": "Hash Join",
                                "Parent Relationship": "Outer",
                                "Parallel Aware": true,
                                "Join Type": "Inner",
                                "Startup Cost": 46720.31,
                                "Total Cost": 389059.48,
                                "Plan Rows": 1921510,
                                "Plan Width": 0,
                                "Actual Startup Time": 144.772,
                                "Actual Total Time": 2223.425,
                                "Actual Rows": 1777717,
                                "Actual Loops": 7,
                                "Inner Unique": true,
                                "Hash Cond": "(ci.movie_id = t.id)",
                                "Workers": [
                                    {
                                        "Worker Number": 0,
                                        "Actual Startup Time": 142.529,
                                        "Actual Total Time": 2232.582,
                                        "Actual Rows": 1665279,
                                        "Actual Loops": 1
                                    },
                                    {
                                        "Worker Number": 1,
                                        "Actual Startup Time": 143.037,
                                        "Actual Total Time": 2212.279,
                                        "Actual Rows": 1521722,
                                        "Actual Loops": 1
                                    },
                                    {
                                        "Worker Number": 2,
                                        "Actual Startup Time": 143.068,
                                        "Actual Total Time": 2214.227,
                                        "Actual Rows": 1426675,
                                        "Actual Loops": 1
                                    },
                                    {
                                        "Worker Number": 3,
                                        "Actual Startup Time": 143.31,
                                        "Actual Total Time": 2224.92,
                                        "Actual Rows": 1939132,
                                        "Actual Loops": 1
                                    },
                                    {
                                        "Worker Number": 4,
                                        "Actual Startup Time": 143.044,
                                        "Actual Total Time": 2233.265,
                                        "Actual Rows": 1673523,
                                        "Actual Loops": 1
                                    },
                                    {
                                        "Worker Number": 5,
                                        "Actual Startup Time": 143.536,
                                        "Actual Total Time": 2225.396,
                                        "Actual Rows": 1972534,
                                        "Actual Loops": 1
                                    }
                                ],
                                "Plans": [
                                    {
                                        "Node Type": "Seq Scan",
                                        "Parent Relationship": "Outer",
                                        "Parallel Aware": true,
                                        "Relation Name": "cast_info",
                                        "Schema": "public",
                                        "Alias": "ci",
                                        "Startup Cost": 0.0,
                                        "Total Cost": 328213.62,
                                        "Plan Rows": 5381158,
                                        "Plan Width": 4,
                                        "Actual Startup Time": 0.029,
                                        "Actual Total Time": 680.488,
                                        "Actual Rows": 4611425,
                                        "Actual Loops": 7,
                                        "Output": [
                                            "ci.id",
                                            "ci.person_id",
                                            "ci.movie_id",
                                            "ci.person_role_id",
                                            "ci.note",
                                            "ci.nr_order",
                                            "ci.role_id"
                                        ],
                                        "Filter": "(ci.person_id < 3332550)",
                                        "Rows Removed by Filter": 566338,
                                        "Workers": [
                                            {
                                                "Worker Number": 0,
                                                "Actual Startup Time": 0.03,
                                                "Actual Total Time": 646.638,
                                                "Actual Rows": 4325266,
                                                "Actual Loops": 1
                                            },
                                            {
                                                "Worker Number": 1,
                                                "Actual Startup Time": 0.033,
                                                "Actual Total Time": 737.322,
                                                "Actual Rows": 3927798,
                                                "Actual Loops": 1
                                            },
                                            {
                                                "Worker Number": 2,
                                                "Actual Startup Time": 0.034,
                                                "Actual Total Time": 732.372,
                                                "Actual Rows": 3692891,
                                                "Actual Loops": 1
                                            },
                                            {
                                                "Worker Number": 3,
                                                "Actual Startup Time": 0.03,
                                                "Actual Total Time": 695.423,
                                                "Actual Rows": 5046373,
                                                "Actual Loops": 1
                                            },
                                            {
                                                "Worker Number": 4,
                                                "Actual Startup Time": 0.03,
                                                "Actual Total Time": 647.771,
                                                "Actual Rows": 4326980,
                                                "Actual Loops": 1
                                            },
                                            {
                                                "Worker Number": 5,
                                                "Actual Startup Time": 0.038,
                                                "Actual Total Time": 693.428,
                                                "Actual Rows": 5112557,
                                                "Actual Loops": 1
                                            }
                                        ]
                                    },
                                    {
                                        "Node Type": "Hash",
                                        "Parent Relationship": "Inner",
                                        "Parallel Aware": true,
                                        "Startup Cost": 43899.01,
                                        "Total Cost": 43899.01,
                                        "Plan Rows": 225704,
                                        "Plan Width": 4,
                                        "Actual Startup Time": 141.351,
                                        "Actual Total Time": 141.352,
                                        "Actual Rows": 129213,
                                        "Actual Loops": 7,
                                        "Output": [
                                            "t.id"
                                        ],
                                        "Hash Buckets": 1048576,
                                        "Original Hash Buckets": 1048576,
                                        "Hash Batches": 1,
                                        "Original Hash Batches": 1,
                                        "Peak Memory Usage": 43680,
                                        "Workers": [
                                            {
                                                "Worker Number": 0,
                                                "Actual Startup Time": 141.681,
                                                "Actual Total Time": 141.682,
                                                "Actual Rows": 113645,
                                                "Actual Loops": 1
                                            },
                                            {
                                                "Worker Number": 1,
                                                "Actual Startup Time": 142.343,
                                                "Actual Total Time": 142.343,
                                                "Actual Rows": 101995,
                                                "Actual Loops": 1
                                            },
                                            {
                                                "Worker Number": 2,
                                                "Actual Startup Time": 142.377,
                                                "Actual Total Time": 142.378,
                                                "Actual Rows": 98986,
                                                "Actual Loops": 1
                                            },
                                            {
                                                "Worker Number": 3,
                                                "Actual Startup Time": 142.572,
                                                "Actual Total Time": 142.573,
                                                "Actual Rows": 132292,
                                                "Actual Loops": 1
                                            },
                                            {
                                                "Worker Number": 4,
                                                "Actual Startup Time": 142.344,
                                                "Actual Total Time": 142.345,
                                                "Actual Rows": 115079,
                                                "Actual Loops": 1
                                            },
                                            {
                                                "Worker Number": 5,
                                                "Actual Startup Time": 142.755,
                                                "Actual Total Time": 142.756,
                                                "Actual Rows": 134705,
                                                "Actual Loops": 1
                                            }
                                        ],
                                        "Plans": [
                                            {
                                                "Node Type": "Seq Scan",
                                                "Parent Relationship": "Outer",
                                                "Parallel Aware": true,
                                                "Relation Name": "title",
                                                "Schema": "public",
                                                "Alias": "t",
                                                "Startup Cost": 0.0,
                                                "Total Cost": 43899.01,
                                                "Plan Rows": 225704,
                                                "Plan Width": 4,
                                                "Actual Startup Time": 0.058,
                                                "Actual Total Time": 76.37,
                                                "Actual Rows": 129213,
                                                "Actual Loops": 7,
                                                "Output": [
                                                    "t.id"
                                                ],
                                                "Filter": "(t.production_year > 2006)",
                                                "Rows Removed by Filter": 231974,
                                                "Workers": [
                                                    {
                                                        "Worker Number": 0,
                                                        "Actual Startup Time": 0.071,
                                                        "Actual Total Time": 76.663,
                                                        "Actual Rows": 113645,
                                                        "Actual Loops": 1
                                                    },
                                                    {
                                                        "Worker Number": 1,
                                                        "Actual Startup Time": 0.065,
                                                        "Actual Total Time": 78.861,
                                                        "Actual Rows": 101995,
                                                        "Actual Loops": 1
                                                    },
                                                    {
                                                        "Worker Number": 2,
                                                        "Actual Startup Time": 0.071,
                                                        "Actual Total Time": 78.14,
                                                        "Actual Rows": 98986,
                                                        "Actual Loops": 1
                                                    },
                                                    {
                                                        "Worker Number": 3,
                                                        "Actual Startup Time": 0.067,
                                                        "Actual Total Time": 77.776,
                                                        "Actual Rows": 132292,
                                                        "Actual Loops": 1
                                                    },
                                                    {
                                                        "Worker Number": 4,
                                                        "Actual Startup Time": 0.062,
                                                        "Actual Total Time": 76.812,
                                                        "Actual Rows": 115079,
                                                        "Actual Loops": 1
                                                    },
                                                    {
                                                        "Worker Number": 5,
                                                        "Actual Startup Time": 0.054,
                                                        "Actual Total Time": 77.792,
                                                        "Actual Rows": 134705,
                                                        "Actual Loops": 1
                                                    }
                                                ]
                                            }
                                        ]
                                    }
                                ]
                            }
                        ]
                    }
                ]
            }
        ]
    },
    "Planning Time": 0.694,
    "Triggers": [],
    "Execution Time": 2377.895
}