[
  {
    "Plan": {
      "Node Type": "Aggregate",
      "Strategy": "Plain",
      "Partial Mode": "Finalize",
      "Parallel Aware": false,
      "Startup Cost": 78492.59,
      "Total Cost": 78492.6,
      "Plan Rows": 1,
      "Plan Width": 8,
      "Actual Startup Time": 211.855,
      "Actual Total Time": 223.162,
      "Actual Rows": 1,
      "Actual Loops": 1,
      "Plans": [
        {
          "Node Type": "Gather",
          "Parent Relationship": "Outer",
          "Parallel Aware": false,
          "Startup Cost": 78492.27,
          "Total Cost": 78492.58,
          "Plan Rows": 3,
          "Plan Width": 8,
          "Actual Startup Time": 209.826,
          "Actual Total Time": 223.146,
          "Actual Rows": 4,
          "Actual Loops": 1,
          "Workers Planned": 3,
          "Workers Launched": 3,
          "Single Copy": false,
          "Plans": [
            {
              "Node Type": "Aggregate",
              "Strategy": "Plain",
              "Partial Mode": "Partial",
              "Parent Relationship": "Outer",
              "Parallel Aware": false,
              "Startup Cost": 77492.27,
              "Total Cost": 77492.28,
              "Plan Rows": 1,
              "Plan Width": 8,
              "Actual Startup Time": 204.656,
              "Actual Total Time": 204.659,
              "Actual Rows": 1,
              "Actual Loops": 4,
              "Plans": [
                {
                  "Node Type": "Hash Join",
                  "Parent Relationship": "Outer",
                  "Parallel Aware": true,
                  "Join Type": "Inner",
                  "Startup Cost": 45563.04,
                  "Total Cost": 77406.33,
                  "Plan Rows": 34377,
                  "Plan Width": 0,
                  "Actual Startup Time": 157.04,
                  "Actual Total Time": 204.091,
                  "Actual Rows": 11758,
                  "Actual Loops": 4,
                  "Inner Unique": true,
                  "Hash Cond": "(mc.movie_id = t.id)",
                  "Plans": [
                    {
                      "Node Type": "Seq Scan",
                      "Parent Relationship": "Outer",
                      "Parallel Aware": true,
                      "Relation Name": "movie_companies",
                      "Alias": "mc",
                      "Startup Cost": 0.0,
                      "Total Cost": 31414.82,
                      "Plan Rows": 163227,
                      "Plan Width": 4,
                      "Actual Startup Time": 27.252,
                      "Actual Total Time": 54.678,
                      "Actual Rows": 74805,
                      "Actual Loops": 4,
                      "Filter": "((company_id < 4621) AND (company_type_id > 1))",
                      "Rows Removed by Filter": 577477
                    },
                    {
                      "Node Type": "Hash",
                      "Parent Relationship": "Inner",
                      "Parallel Aware": true,
                      "Startup Cost": 43899.01,
                      "Total Cost": 43899.01,
                      "Plan Rows": 133123,
                      "Plan Width": 4,
                      "Actual Startup Time": 127.539,
                      "Actual Total Time": 127.539,
                      "Actual Rows": 133342,
                      "Actual Loops": 4,
                      "Hash Buckets": 1048576,
                      "Original Hash Buckets": 1048576,
                      "Hash Batches": 1,
                      "Original Hash Batches": 1,
                      "Peak Memory Usage": 29120,
                      "Plans": [
                        {
                          "Node Type": "Seq Scan",
                          "Parent Relationship": "Outer",
                          "Parallel Aware": true,
                          "Relation Name": "title",
                          "Alias": "t",
                          "Startup Cost": 0.0,
                          "Total Cost": 43899.01,
                          "Plan Rows": 133123,
                          "Plan Width": 4,
                          "Actual Startup Time": 0.027,
                          "Actual Total Time": 83.336,
                          "Actual Rows": 133342,
                          "Actual Loops": 4,
                          "Filter": "(production_year > 2009)",
                          "Rows Removed by Filter": 498736
                        }
                      ]
                    }
                  ]
                }
              ]
            }
          ]
        }
      ]
    },
    "Planning Time": 0.2,
    "Triggers": [],
    "Execution Time": 223.189
  }
]