[
  {
    "Plan": {
      "Node Type": "Aggregate",
      "Strategy": "Plain",
      "Partial Mode": "Finalize",
      "Parallel Aware": false,
      "Startup Cost": 30879.42,
      "Total Cost": 30879.43,
      "Plan Rows": 1,
      "Plan Width": 8,
      "Actual Startup Time": 80.037,
      "Actual Total Time": 87.146,
      "Actual Rows": 1,
      "Actual Loops": 1,
      "Plans": [
        {
          "Node Type": "Gather",
          "Parent Relationship": "Outer",
          "Parallel Aware": false,
          "Startup Cost": 30879.1,
          "Total Cost": 30879.41,
          "Plan Rows": 3,
          "Plan Width": 8,
          "Actual Startup Time": 79.96,
          "Actual Total Time": 87.139,
          "Actual Rows": 4,
          "Actual Loops": 1,
          "Workers Planned": 3,
          "Workers Launched": 3,
          "Single Copy": false,
          "Plans": [
            {
              "Node Type": "Aggregate",
              "Strategy": "Plain",
              "Partial Mode": "Partial",
              "Parent Relationship": "Outer",
              "Parallel Aware": false,
              "Startup Cost": 29879.1,
              "Total Cost": 29879.11,
              "Plan Rows": 1,
              "Plan Width": 8,
              "Actual Startup Time": 76.164,
              "Actual Total Time": 76.165,
              "Actual Rows": 1,
              "Actual Loops": 4,
              "Plans": [
                {
                  "Node Type": "Seq Scan",
                  "Parent Relationship": "Outer",
                  "Parallel Aware": true,
                  "Relation Name": "movie_companies",
                  "Alias": "mc",
                  "Startup Cost": 0.0,
                  "Total Cost": 29310.68,
                  "Plan Rows": 227367,
                  "Plan Width": 0,
                  "Actual Startup Time": 0.026,
                  "Actual Total Time": 67.249,
                  "Actual Rows": 175342,
                  "Actual Loops": 4,
                  "Filter": "(company_id < 1310)",
                  "Rows Removed by Filter": 476940
                }
              ]
            }
          ]
        }
      ]
    },
    "Planning Time": 0.199,
    "Triggers": [],
    "Execution Time": 87.201
  }
]