[
    {
        "Bao": {
            "Bao prediction": 653.515,
            "Bao recommended hint": "(no hint)"
        }
    },
    {
        "Plan": {
            "Node Type": "Aggregate",
            "Strategy": "Plain",
            "Partial Mode": "Finalize",
            "Parallel Aware": false,
            "Startup Cost": 221724.73,
            "Total Cost": 221724.74,
            "Plan Rows": 1,
            "Plan Width": 8,
            "Actual Startup Time": 313.796,
            "Actual Total Time": 325.271,
            "Actual Rows": 1,
            "Actual Loops": 1,
            "Output": [
                "count(*)"
            ],
            "Plans": [
                {
                    "Node Type": "Gather",
                    "Parent Relationship": "Outer",
                    "Parallel Aware": false,
                    "Startup Cost": 221724.21,
                    "Total Cost": 221724.72,
                    "Plan Rows": 5,
                    "Plan Width": 8,
                    "Actual Startup Time": 305.367,
                    "Actual Total Time": 325.263,
                    "Actual Rows": 6,
                    "Actual Loops": 1,
                    "Output": [
                        "(PARTIAL count(*))"
                    ],
                    "Workers Planned": 5,
                    "Workers Launched": 5,
                    "Single Copy": false,
                    "Plans": [
                        {
                            "Node Type": "Aggregate",
                            "Strategy": "Plain",
                            "Partial Mode": "Partial",
                            "Parent Relationship": "Outer",
                            "Parallel Aware": false,
                            "Startup Cost": 220724.21,
                            "Total Cost": 220724.22,
                            "Plan Rows": 1,
                            "Plan Width": 8,
                            "Actual Startup Time": 291.23,
                            "Actual Total Time": 291.234,
                            "Actual Rows": 1,
                            "Actual Loops": 6,
                            "Output": [
                                "PARTIAL count(*)"
                            ],
                            "Workers": [
                                {
                                    "Worker Number": 0,
                                    "Actual Startup Time": 288.302,
                                    "Actual Total Time": 288.305,
                                    "Actual Rows": 1,
                                    "Actual Loops": 1
                                },
                                {
                                    "Worker Number": 1,
                                    "Actual Startup Time": 288.317,
                                    "Actual Total Time": 288.32,
                                    "Actual Rows": 1,
                                    "Actual Loops": 1
                                },
                                {
                                    "Worker Number": 2,
                                    "Actual Startup Time": 289.469,
                                    "Actual Total Time": 289.473,
                                    "Actual Rows": 1,
                                    "Actual Loops": 1
                                },
                                {
                                    "Worker Number": 3,
                                    "Actual Startup Time": 288.327,
                                    "Actual Total Time": 288.331,
                                    "Actual Rows": 1,
                                    "Actual Loops": 1
                                },
                                {
                                    "Worker Number": 4,
                                    "Actual Startup Time": 288.41,
                                    "Actual Total Time": 288.413,
                                    "Actual Rows": 1,
                                    "Actual Loops": 1
                                }
                            ],
                            "Plans": [
                                {
                                    "Node Type": "Hash Join",
                                    "Parent Relationship": "Outer",
                                    "Parallel Aware": true,
                                    "Join Type": "Inner",
                                    "Startup Cost": 57174.52,
                                    "Total Cost": 220582.42,
                                    "Plan Rows": 56715,
                                    "Plan Width": 0,
                                    "Actual Startup Time": 248.031,
                                    "Actual Total Time": 290.343,
                                    "Actual Rows": 9665,
                                    "Actual Loops": 6,
                                    "Inner Unique": true,
                                    "Hash Cond": "(mi.movie_id = t.id)",
                                    "Workers": [
                                        {
                                            "Worker Number": 0,
                                            "Actual Startup Time": 245.254,
                                            "Actual Total Time": 287.436,
                                            "Actual Rows": 7803,
                                            "Actual Loops": 1
                                        },
                                        {
                                            "Worker Number": 1,
                                            "Actual Startup Time": 245.331,
                                            "Actual Total Time": 287.408,
                                            "Actual Rows": 8743,
                                            "Actual Loops": 1
                                        },
                                        {
                                            "Worker Number": 2,
                                            "Actual Startup Time": 245.211,
                                            "Actual Total Time": 288.582,
                                            "Actual Rows": 11364,
                                            "Actual Loops": 1
                                        },
                                        {
                                            "Worker Number": 3,
                                            "Actual Startup Time": 245.388,
                                            "Actual Total Time": 287.455,
                                            "Actual Rows": 8424,
                                            "Actual Loops": 1
                                        },
                                        {
                                            "Worker Number": 4,
                                            "Actual Startup Time": 245.418,
                                            "Actual Total Time": 287.553,
                                            "Actual Rows": 9786,
                                            "Actual Loops": 1
                                        }
                                    ],
                                    "Plans": [
                                        {
                                            "Node Type": "Bitmap Heap Scan",
                                            "Parent Relationship": "Outer",
                                            "Parallel Aware": true,
                                            "Relation Name": "movie_info",
                                            "Schema": "public",
                                            "Alias": "mi",
                                            "Startup Cost": 8485.4,
                                            "Total Cost": 171647.74,
                                            "Plan Rows": 93547,
                                            "Plan Width": 4,
                                            "Actual Startup Time": 27.002,
                                            "Actual Total Time": 43.248,
                                            "Actual Rows": 81092,
                                            "Actual Loops": 6,
                                            "Output": [
                                                "mi.id",
                                                "mi.movie_id",
                                                "mi.info_type_id",
                                                "mi.info",
                                                "mi.note"
                                            ],
                                            "Recheck Cond": "(mi.info_type_id = 5)",
                                            "Rows Removed by Index Recheck": 0,
                                            "Exact Heap Blocks": 1253,
                                            "Lossy Heap Blocks": 0,
                                            "Workers": [
                                                {
                                                    "Worker Number": 0,
                                                    "Actual Startup Time": 26.924,
                                                    "Actual Total Time": 43.787,
                                                    "Actual Rows": 73814,
                                                    "Actual Loops": 1
                                                },
                                                {
                                                    "Worker Number": 1,
                                                    "Actual Startup Time": 27.01,
                                                    "Actual Total Time": 43.603,
                                                    "Actual Rows": 74110,
                                                    "Actual Loops": 1
                                                },
                                                {
                                                    "Worker Number": 2,
                                                    "Actual Startup Time": 27.05,
                                                    "Actual Total Time": 43.639,
                                                    "Actual Rows": 78112,
                                                    "Actual Loops": 1
                                                },
                                                {
                                                    "Worker Number": 3,
                                                    "Actual Startup Time": 27.002,
                                                    "Actual Total Time": 43.618,
                                                    "Actual Rows": 74410,
                                                    "Actual Loops": 1
                                                },
                                                {
                                                    "Worker Number": 4,
                                                    "Actual Startup Time": 27.017,
                                                    "Actual Total Time": 43.747,
                                                    "Actual Rows": 77943,
                                                    "Actual Loops": 1
                                                }
                                            ],
                                            "Plans": [
                                                {
                                                    "Node Type": "Bitmap Index Scan",
                                                    "Parent Relationship": "Outer",
                                                    "Parallel Aware": false,
                                                    "Index Name": "info_type_id_movie_info",
                                                    "Startup Cost": 0.0,
                                                    "Total Cost": 8368.46,
                                                    "Plan Rows": 467737,
                                                    "Plan Width": 0,
                                                    "Actual Startup Time": 25.912,
                                                    "Actual Total Time": 25.912,
                                                    "Actual Rows": 486554,
                                                    "Actual Loops": 1,
                                                    "Index Cond": "(mi.info_type_id = 5)",
                                                    "Workers": [
                                                        {
                                                            "Worker Number": 2,
                                                            "Actual Startup Time": 25.912,
                                                            "Actual Total Time": 25.912,
                                                            "Actual Rows": 486554,
                                                            "Actual Loops": 1
                                                        }
                                                    ]
                                                }
                                            ]
                                        },
                                        {
                                            "Node Type": "Hash",
                                            "Parent Relationship": "Inner",
                                            "Parallel Aware": true,
                                            "Startup Cost": 43899.01,
                                            "Total Cost": 43899.01,
                                            "Plan Rows": 383209,
                                            "Plan Width": 4,
                                            "Actual Startup Time": 215.613,
                                            "Actual Total Time": 215.614,
                                            "Actual Rows": 257211,
                                            "Actual Loops": 6,
                                            "Output": [
                                                "t.id"
                                            ],
                                            "Hash Buckets": 2097152,
                                            "Original Hash Buckets": 2097152,
                                            "Hash Batches": 1,
                                            "Original Hash Batches": 1,
                                            "Peak Memory Usage": 76896,
                                            "Workers": [
                                                {
                                                    "Worker Number": 0,
                                                    "Actual Startup Time": 217.729,
                                                    "Actual Total Time": 217.73,
                                                    "Actual Rows": 227934,
                                                    "Actual Loops": 1
                                                },
                                                {
                                                    "Worker Number": 1,
                                                    "Actual Startup Time": 217.74,
                                                    "Actual Total Time": 217.741,
                                                    "Actual Rows": 230813,
                                                    "Actual Loops": 1
                                                },
                                                {
                                                    "Worker Number": 2,
                                                    "Actual Startup Time": 217.782,
                                                    "Actual Total Time": 217.783,
                                                    "Actual Rows": 228627,
                                                    "Actual Loops": 1
                                                },
                                                {
                                                    "Worker Number": 3,
                                                    "Actual Startup Time": 217.807,
                                                    "Actual Total Time": 217.807,
                                                    "Actual Rows": 226594,
                                                    "Actual Loops": 1
                                                },
                                                {
                                                    "Worker Number": 4,
                                                    "Actual Startup Time": 217.814,
                                                    "Actual Total Time": 217.815,
                                                    "Actual Rows": 220992,
                                                    "Actual Loops": 1
                                                }
                                            ],
                                            "Plans": [
                                                {
                                                    "Node Type": "Seq Scan",
                                                    "Parent Relationship": "Outer",
                                                    "Parallel Aware": true,
                                                    "Relation Name": "title",
                                                    "Schema": "public",
                                                    "Alias": "t",
                                                    "Startup Cost": 0.0,
                                                    "Total Cost": 43899.01,
                                                    "Plan Rows": 383209,
                                                    "Plan Width": 4,
                                                    "Actual Startup Time": 0.035,
                                                    "Actual Total Time": 91.576,
                                                    "Actual Rows": 257211,
                                                    "Actual Loops": 6,
                                                    "Output": [
                                                        "t.id"
                                                    ],
                                                    "Filter": "(t.kind_id = 7)",
                                                    "Rows Removed by Filter": 164175,
                                                    "Workers": [
                                                        {
                                                            "Worker Number": 0,
                                                            "Actual Startup Time": 0.037,
                                                            "Actual Total Time": 94.512,
                                                            "Actual Rows": 227934,
                                                            "Actual Loops": 1
                                                        },
                                                        {
                                                            "Worker Number": 1,
                                                            "Actual Startup Time": 0.036,
                                                            "Actual Total Time": 94.274,
                                                            "Actual Rows": 230813,
                                                            "Actual Loops": 1
                                                        },
                                                        {
                                                            "Worker Number": 2,
                                                            "Actual Startup Time": 0.051,
                                                            "Actual Total Time": 94.299,
                                                            "Actual Rows": 228627,
                                                            "Actual Loops": 1
                                                        },
                                                        {
                                                            "Worker Number": 3,
                                                            "Actual Startup Time": 0.026,
                                                            "Actual Total Time": 94.203,
                                                            "Actual Rows": 226594,
                                                            "Actual Loops": 1
                                                        },
                                                        {
                                                            "Worker Number": 4,
                                                            "Actual Startup Time": 0.045,
                                                            "Actual Total Time": 93.33,
                                                            "Actual Rows": 220992,
                                                            "Actual Loops": 1
                                                        }
                                                    ]
                                                }
                                            ]
                                        }
                                    ]
                                }
                            ]
                        }
                    ]
                }
            ]
        },
        "Planning Time": 2534.554,
        "Triggers": [],
        "Execution Time": 325.4
    }
]