[
  {
    "Plan": {
      "Node Type": "Aggregate",
      "Strategy": "Plain",
      "Partial Mode": "Finalize",
      "Parallel Aware": false,
      "Startup Cost": 272148.29,
      "Total Cost": 272148.3,
      "Plan Rows": 1,
      "Plan Width": 8,
      "Actual Startup Time": 3296.016,
      "Actual Total Time": 3351.841,
      "Actual Rows": 1,
      "Actual Loops": 1,
      "Plans": [
        {
          "Node Type": "Gather",
          "Parent Relationship": "Outer",
          "Parallel Aware": false,
          "Startup Cost": 272147.98,
          "Total Cost": 272148.29,
          "Plan Rows": 3,
          "Plan Width": 8,
          "Actual Startup Time": 3292.064,
          "Actual Total Time": 3351.831,
          "Actual Rows": 4,
          "Actual Loops": 1,
          "Workers Planned": 3,
          "Workers Launched": 3,
          "Single Copy": false,
          "Plans": [
            {
              "Node Type": "Aggregate",
              "Strategy": "Plain",
              "Partial Mode": "Partial",
              "Parent Relationship": "Outer",
              "Parallel Aware": false,
              "Startup Cost": 271147.98,
              "Total Cost": 271147.99,
              "Plan Rows": 1,
              "Plan Width": 8,
              "Actual Startup Time": 3285.237,
              "Actual Total Time": 3285.24,
              "Actual Rows": 1,
              "Actual Loops": 4,
              "Plans": [
                {
                  "Node Type": "Nested Loop",
                  "Parent Relationship": "Outer",
                  "Parallel Aware": false,
                  "Join Type": "Inner",
                  "Startup Cost": 59632.26,
                  "Total Cost": 270046.31,
                  "Plan Rows": 440665,
                  "Plan Width": 0,
                  "Actual Startup Time": 273.342,
                  "Actual Total Time": 2976.401,
                  "Actual Rows": 5741300,
                  "Actual Loops": 4,
                  "Inner Unique": false,
                  "Plans": [
                    {
                      "Node Type": "Hash Join",
                      "Parent Relationship": "Outer",
                      "Parallel Aware": true,
                      "Join Type": "Inner",
                      "Startup Cost": 59631.83,
                      "Total Cost": 86995.15,
                      "Plan Rows": 75049,
                      "Plan Width": 8,
                      "Actual Startup Time": 273.153,
                      "Actual Total Time": 408.121,
                      "Actual Rows": 134411,
                      "Actual Loops": 4,
                      "Inner Unique": true,
                      "Hash Cond": "(mk.movie_id = t.id)",
                      "Plans": [
                        {
                          "Node Type": "Bitmap Heap Scan",
                          "Parent Relationship": "Outer",
                          "Parallel Aware": true,
                          "Relation Name": "movie_keyword",
                          "Alias": "mk",
                          "Startup Cost": 12649.68,
                          "Total Cost": 39508.08,
                          "Plan Rows": 192352,
                          "Plan Width": 4,
                          "Actual Startup Time": 60.441,
                          "Actual Total Time": 117.697,
                          "Actual Rows": 151686,
                          "Actual Loops": 4,
                          "Recheck Cond": "(keyword_id < 460)",
                          "Rows Removed by Index Recheck": 0,
                          "Exact Heap Blocks": 8622,
                          "Lossy Heap Blocks": 0,
                          "Plans": [
                            {
                              "Node Type": "Bitmap Index Scan",
                              "Parent Relationship": "Outer",
                              "Parallel Aware": false,
                              "Index Name": "keyword_id_movie_keyword",
                              "Startup Cost": 0.0,
                              "Total Cost": 12500.61,
                              "Plan Rows": 596290,
                              "Plan Width": 0,
                              "Actual Startup Time": 54.496,
                              "Actual Total Time": 54.496,
                              "Actual Rows": 606746,
                              "Actual Loops": 1,
                              "Index Cond": "(keyword_id < 460)"
                            }
                          ]
                        },
                        {
                          "Node Type": "Hash",
                          "Parent Relationship": "Inner",
                          "Parallel Aware": true,
                          "Startup Cost": 43899.32,
                          "Total Cost": 43899.32,
                          "Plan Rows": 246626,
                          "Plan Width": 4,
                          "Actual Startup Time": 209.427,
                          "Actual Total Time": 209.428,
                          "Actual Rows": 246262,
                          "Actual Loops": 4,
                          "Hash Buckets": 1048576,
                          "Original Hash Buckets": 1048576,
                          "Hash Batches": 1,
                          "Original Hash Batches": 1,
                          "Peak Memory Usage": 46784,
                          "Plans": [
                            {
                              "Node Type": "Seq Scan",
                              "Parent Relationship": "Outer",
                              "Parallel Aware": true,
                              "Relation Name": "title",
                              "Alias": "t",
                              "Startup Cost": 0.0,
                              "Total Cost": 43899.32,
                              "Plan Rows": 246626,
                              "Plan Width": 4,
                              "Actual Startup Time": 0.031,
                              "Actual Total Time": 114.762,
                              "Actual Rows": 246262,
                              "Actual Loops": 4,
                              "Filter": "(kind_id < 7)",
                              "Rows Removed by Filter": 385816
                            }
                          ]
                        }
                      ]
                    },
                    {
                      "Node Type": "Index Only Scan",
                      "Parent Relationship": "Inner",
                      "Parallel Aware": false,
                      "Scan Direction": "Forward",
                      "Index Name": "movie_id_movie_info",
                      "Relation Name": "movie_info",
                      "Alias": "mi",
                      "Startup Cost": 0.43,
                      "Total Cost": 2.03,
                      "Plan Rows": 41,
                      "Plan Width": 4,
                      "Actual Startup Time": 0.004,
                      "Actual Total Time": 0.015,
                      "Actual Rows": 43,
                      "Actual Loops": 537643,
                      "Index Cond": "(movie_id = t.id)",
                      "Rows Removed by Index Recheck": 0,
                      "Heap Fetches": 22965201
                    }
                  ]
                }
              ]
            }
          ]
        }
      ]
    },
    "Planning Time": 0.663,
    "Triggers": [],
    "Execution Time": 3351.914
  }
]