[
  {
    "Plan": {
      "Node Type": "Aggregate",
      "Strategy": "Plain",
      "Partial Mode": "Finalize",
      "Parallel Aware": false,
      "Startup Cost": 113202.93,
      "Total Cost": 113202.94,
      "Plan Rows": 1,
      "Plan Width": 8,
      "Actual Startup Time": 201.201,
      "Actual Total Time": 211.121,
      "Actual Rows": 1,
      "Actual Loops": 1,
      "Plans": [
        {
          "Node Type": "Gather",
          "Parent Relationship": "Outer",
          "Parallel Aware": false,
          "Startup Cost": 113202.41,
          "Total Cost": 113202.92,
          "Plan Rows": 5,
          "Plan Width": 8,
          "Actual Startup Time": 200.922,
          "Actual Total Time": 211.112,
          "Actual Rows": 6,
          "Actual Loops": 1,
          "Workers Planned": 5,
          "Workers Launched": 5,
          "Single Copy": false,
          "Plans": [
            {
              "Node Type": "Aggregate",
              "Strategy": "Plain",
              "Partial Mode": "Partial",
              "Parent Relationship": "Outer",
              "Parallel Aware": false,
              "Startup Cost": 112202.41,
              "Total Cost": 112202.42,
              "Plan Rows": 1,
              "Plan Width": 8,
              "Actual Startup Time": 190.172,
              "Actual Total Time": 190.173,
              "Actual Rows": 1,
              "Actual Loops": 6,
              "Plans": [
                {
                  "Node Type": "Index Scan",
                  "Parent Relationship": "Outer",
                  "Parallel Aware": true,
                  "Scan Direction": "Forward",
                  "Index Name": "role_id_cast_info",
                  "Relation Name": "cast_info",
                  "Alias": "ci",
                  "Startup Cost": 0.56,
                  "Total Cost": 110428.26,
                  "Plan Rows": 709662,
                  "Plan Width": 0,
                  "Actual Startup Time": 0.244,
                  "Actual Total Time": 158.795,
                  "Actual Rows": 610170,
                  "Actual Loops": 6,
                  "Index Cond": "(role_id = 3)",
                  "Rows Removed by Index Recheck": 0,
                  "Filter": "(person_id > 441371)",
                  "Rows Removed by Filter": 57836
                }
              ]
            }
          ]
        }
      ]
    },
    "Planning Time": 0.205,
    "Triggers": [],
    "Execution Time": 211.179
  }
]