{
  "Plan": {
    "Node Type": "Aggregate",
    "Strategy": "Plain",
    "Partial Mode": "Finalize",
    "Parallel Aware": false,
    "Startup Cost": 676981.45,
    "Total Cost": 676981.46,
    "Plan Rows": 1,
    "Plan Width": 8,
    "Actual Startup Time": 3242.541,
    "Actual Total Time": 3309.913,
    "Actual Rows": 1,
    "Actual Loops": 1,
    "Plans": [
      {
        "Node Type": "Gather",
        "Parent Relationship": "Outer",
        "Parallel Aware": false,
        "Startup Cost": 676981.34,
        "Total Cost": 676981.45,
        "Plan Rows": 1,
        "Plan Width": 8,
        "Actual Startup Time": 3242.322,
        "Actual Total Time": 3309.903,
        "Actual Rows": 2,
        "Actual Loops": 1,
        "Workers Planned": 1,
        "Workers Launched": 1,
        "Single Copy": false,
        "Plans": [
          {
            "Node Type": "Aggregate",
            "Strategy": "Plain",
            "Partial Mode": "Partial",
            "Parent Relationship": "Outer",
            "Parallel Aware": false,
            "Startup Cost": 675981.34,
            "Total Cost": 675981.35,
            "Plan Rows": 1,
            "Plan Width": 8,
            "Actual Startup Time": 3236.638,
            "Actual Total Time": 3236.641,
            "Actual Rows": 1,
            "Actual Loops": 2,
            "Plans": [
              {
                "Node Type": "Hash Join",
                "Parent Relationship": "Outer",
                "Parallel Aware": true,
                "Join Type": "Inner",
                "Startup Cost": 58468.07,
                "Total Cost": 675610.49,
                "Plan Rows": 148339,
                "Plan Width": 0,
                "Actual Startup Time": 223.915,
                "Actual Total Time": 3230.409,
                "Actual Rows": 121510,
                "Actual Loops": 2,
                "Inner Unique": true,
                "Hash Cond": "(ci.movie_id = t.id)",
                "Plans": [
                  {
                    "Node Type": "Seq Scan",
                    "Parent Relationship": "Outer",
                    "Parallel Aware": true,
                    "Relation Name": "cast_info",
                    "Alias": "ci",
                    "Startup Cost": 0.0,
                    "Total Cost": 572345.93,
                    "Plan Rows": 17065301,
                    "Plan Width": 4,
                    "Actual Startup Time": 79.761,
                    "Actual Total Time": 1896.145,
                    "Actual Rows": 14388350,
                    "Actual Loops": 2,
                    "Filter": "((person_id > 287527) AND (role_id < 10))",
                    "Rows Removed by Filter": 3733822
                  },
                  {
                    "Node Type": "Hash",
                    "Parent Relationship": "Inner",
                    "Parallel Aware": true,
                    "Startup Cost": 58306.47,
                    "Total Cost": 58306.47,
                    "Plan Rows": 12928,
                    "Plan Width": 4,
                    "Actual Startup Time": 142.729,
                    "Actual Total Time": 142.73,
                    "Actual Rows": 12301,
                    "Actual Loops": 2,
                    "Hash Buckets": 32768,
                    "Original Hash Buckets": 32768,
                    "Hash Batches": 1,
                    "Original Hash Batches": 1,
                    "Peak Memory Usage": 1248,
                    "Plans": [
                      {
                        "Node Type": "Seq Scan",
                        "Parent Relationship": "Outer",
                        "Parallel Aware": true,
                        "Relation Name": "title",
                        "Alias": "t",
                        "Startup Cost": 0.0,
                        "Total Cost": 58306.47,
                        "Plan Rows": 12928,
                        "Plan Width": 4,
                        "Actual Startup Time": 0.036,
                        "Actual Total Time": 138.616,
                        "Actual Rows": 12301,
                        "Actual Loops": 2,
                        "Filter": "((kind_id = 7) AND (production_year = 1995))",
                        "Rows Removed by Filter": 1251855
                      }
                    ]
                  }
                ]
              }
            ]
          }
        ]
      }
    ]
  },
  "Planning Time": 0.503,
  "Triggers": [],
  "Execution Time": 3310.001
}