[
  {
    "Plan": {
      "Node Type": "Aggregate",
      "Strategy": "Plain",
      "Partial Mode": "Finalize",
      "Parallel Aware": false,
      "Startup Cost": 349852.25,
      "Total Cost": 349852.26,
      "Plan Rows": 1,
      "Plan Width": 8,
      "Actual Startup Time": 787.517,
      "Actual Total Time": 843.762,
      "Actual Rows": 1,
      "Actual Loops": 1,
      "Plans": [
        {
          "Node Type": "Gather",
          "Parent Relationship": "Outer",
          "Parallel Aware": false,
          "Startup Cost": 349851.62,
          "Total Cost": 349852.23,
          "Plan Rows": 6,
          "Plan Width": 8,
          "Actual Startup Time": 787.401,
          "Actual Total Time": 843.752,
          "Actual Rows": 7,
          "Actual Loops": 1,
          "Workers Planned": 6,
          "Workers Launched": 6,
          "Single Copy": false,
          "Plans": [
            {
              "Node Type": "Aggregate",
              "Strategy": "Plain",
              "Partial Mode": "Partial",
              "Parent Relationship": "Outer",
              "Parallel Aware": false,
              "Startup Cost": 348851.62,
              "Total Cost": 348851.63,
              "Plan Rows": 1,
              "Plan Width": 8,
              "Actual Startup Time": 778.017,
              "Actual Total Time": 778.018,
              "Actual Rows": 1,
              "Actual Loops": 7,
              "Plans": [
                {
                  "Node Type": "Seq Scan",
                  "Parent Relationship": "Outer",
                  "Parallel Aware": true,
                  "Relation Name": "cast_info",
                  "Alias": "ci",
                  "Startup Cost": 0.0,
                  "Total Cost": 343257.03,
                  "Plan Rows": 2237837,
                  "Plan Width": 0,
                  "Actual Startup Time": 350.658,
                  "Actual Total Time": 688.265,
                  "Actual Rows": 2033179,
                  "Actual Loops": 7,
                  "Filter": "((person_id > 651968) AND (role_id > 2))",
                  "Rows Removed by Filter": 3144584
                }
              ]
            }
          ]
        }
      ]
    },
    "Planning Time": 0.228,
    "Triggers": [],
    "Execution Time": 843.84
  }
]