[
  {
    "Plan": {
      "Node Type": "Aggregate",
      "Strategy": "Plain",
      "Partial Mode": "Finalize",
      "Parallel Aware": false,
      "Startup Cost": 38736.12,
      "Total Cost": 38736.13,
      "Plan Rows": 1,
      "Plan Width": 8,
      "Actual Startup Time": 148.901,
      "Actual Total Time": 157.631,
      "Actual Rows": 1,
      "Actual Loops": 1,
      "Plans": [
        {
          "Node Type": "Gather",
          "Parent Relationship": "Outer",
          "Parallel Aware": false,
          "Startup Cost": 38735.81,
          "Total Cost": 38736.12,
          "Plan Rows": 3,
          "Plan Width": 8,
          "Actual Startup Time": 148.662,
          "Actual Total Time": 157.621,
          "Actual Rows": 4,
          "Actual Loops": 1,
          "Workers Planned": 3,
          "Workers Launched": 3,
          "Single Copy": false,
          "Plans": [
            {
              "Node Type": "Aggregate",
              "Strategy": "Plain",
              "Partial Mode": "Partial",
              "Parent Relationship": "Outer",
              "Parallel Aware": false,
              "Startup Cost": 37735.81,
              "Total Cost": 37735.82,
              "Plan Rows": 1,
              "Plan Width": 8,
              "Actual Startup Time": 139.783,
              "Actual Total Time": 139.784,
              "Actual Rows": 1,
              "Actual Loops": 4,
              "Plans": [
                {
                  "Node Type": "Bitmap Heap Scan",
                  "Parent Relationship": "Outer",
                  "Parallel Aware": true,
                  "Relation Name": "movie_keyword",
                  "Alias": "mk",
                  "Startup Cost": 10815.17,
                  "Total Cost": 37324.7,
                  "Plan Rows": 164443,
                  "Plan Width": 0,
                  "Actual Startup Time": 54.23,
                  "Actual Total Time": 130.927,
                  "Actual Rows": 130220,
                  "Actual Loops": 4,
                  "Recheck Cond": "(keyword_id < 382)",
                  "Rows Removed by Index Recheck": 0,
                  "Exact Heap Blocks": 8241,
                  "Lossy Heap Blocks": 0,
                  "Plans": [
                    {
                      "Node Type": "Bitmap Index Scan",
                      "Parent Relationship": "Outer",
                      "Parallel Aware": false,
                      "Index Name": "keyword_id_movie_keyword",
                      "Startup Cost": 0.0,
                      "Total Cost": 10687.72,
                      "Plan Rows": 509772,
                      "Plan Width": 0,
                      "Actual Startup Time": 56.496,
                      "Actual Total Time": 56.497,
                      "Actual Rows": 520878,
                      "Actual Loops": 1,
                      "Index Cond": "(keyword_id < 382)"
                    }
                  ]
                }
              ]
            }
          ]
        }
      ]
    },
    "Planning Time": 0.188,
    "Triggers": [],
    "Execution Time": 157.709
  }
]