[
  {
    "Plan": {
      "Node Type": "Aggregate",
      "Strategy": "Plain",
      "Partial Mode": "Finalize",
      "Parallel Aware": false,
      "Startup Cost": 96183.39,
      "Total Cost": 96183.4,
      "Plan Rows": 1,
      "Plan Width": 8,
      "Actual Startup Time": 477.368,
      "Actual Total Time": 493.226,
      "Actual Rows": 1,
      "Actual Loops": 1,
      "Plans": [
        {
          "Node Type": "Gather",
          "Parent Relationship": "Outer",
          "Parallel Aware": false,
          "Startup Cost": 96183.07,
          "Total Cost": 96183.38,
          "Plan Rows": 3,
          "Plan Width": 8,
          "Actual Startup Time": 469.341,
          "Actual Total Time": 493.215,
          "Actual Rows": 4,
          "Actual Loops": 1,
          "Workers Planned": 3,
          "Workers Launched": 3,
          "Single Copy": false,
          "Plans": [
            {
              "Node Type": "Aggregate",
              "Strategy": "Plain",
              "Partial Mode": "Partial",
              "Parent Relationship": "Outer",
              "Parallel Aware": false,
              "Startup Cost": 95183.07,
              "Total Cost": 95183.08,
              "Plan Rows": 1,
              "Plan Width": 8,
              "Actual Startup Time": 456.481,
              "Actual Total Time": 456.483,
              "Actual Rows": 1,
              "Actual Loops": 4,
              "Plans": [
                {
                  "Node Type": "Hash Join",
                  "Parent Relationship": "Outer",
                  "Parallel Aware": true,
                  "Join Type": "Inner",
                  "Startup Cost": 50148.74,
                  "Total Cost": 93026.82,
                  "Plan Rows": 862501,
                  "Plan Width": 0,
                  "Actual Startup Time": 242.956,
                  "Actual Total Time": 449.896,
                  "Actual Rows": 158871,
                  "Actual Loops": 4,
                  "Inner Unique": true,
                  "Hash Cond": "(mk.movie_id = t.id)",
                  "Plans": [
                    {
                      "Node Type": "Seq Scan",
                      "Parent Relationship": "Outer",
                      "Parallel Aware": true,
                      "Relation Name": "movie_keyword",
                      "Alias": "mk",
                      "Startup Cost": 0.0,
                      "Total Cost": 39047.32,
                      "Plan Rows": 1459332,
                      "Plan Width": 4,
                      "Actual Startup Time": 0.024,
                      "Actual Total Time": 84.736,
                      "Actual Rows": 1130982,
                      "Actual Loops": 4
                    },
                    {
                      "Node Type": "Hash",
                      "Parent Relationship": "Inner",
                      "Parallel Aware": true,
                      "Startup Cost": 45479.1,
                      "Total Cost": 45479.1,
                      "Plan Rows": 373571,
                      "Plan Width": 4,
                      "Actual Startup Time": 234.773,
                      "Actual Total Time": 234.774,
                      "Actual Rows": 369610,
                      "Actual Loops": 4,
                      "Hash Buckets": 2097152,
                      "Original Hash Buckets": 2097152,
                      "Hash Batches": 1,
                      "Original Hash Batches": 1,
                      "Peak Memory Usage": 74304,
                      "Plans": [
                        {
                          "Node Type": "Seq Scan",
                          "Parent Relationship": "Outer",
                          "Parallel Aware": true,
                          "Relation Name": "title",
                          "Alias": "t",
                          "Startup Cost": 0.0,
                          "Total Cost": 45479.1,
                          "Plan Rows": 373571,
                          "Plan Width": 4,
                          "Actual Startup Time": 0.04,
                          "Actual Total Time": 104.463,
                          "Actual Rows": 369610,
                          "Actual Loops": 4,
                          "Filter": "((production_year > 0) AND (kind_id = 7))",
                          "Rows Removed by Filter": 262468
                        }
                      ]
                    }
                  ]
                }
              ]
            }
          ]
        }
      ]
    },
    "Planning Time": 0.545,
    "Triggers": [],
    "Execution Time": 493.337
  }
]