{
  "Plan": {
    "Node Type": "Aggregate",
    "Strategy": "Plain",
    "Partial Mode": "Finalize",
    "Parallel Aware": false,
    "Startup Cost": 4014949.94,
    "Total Cost": 4014949.95,
    "Plan Rows": 1,
    "Plan Width": 8,
    "Actual Startup Time": 19922.385,
    "Actual Total Time": 19934.604,
    "Actual Rows": 1,
    "Actual Loops": 1,
    "Plans": [
      {
        "Node Type": "Gather",
        "Parent Relationship": "Outer",
        "Parallel Aware": false,
        "Startup Cost": 4014949.83,
        "Total Cost": 4014949.94,
        "Plan Rows": 1,
        "Plan Width": 8,
        "Actual Startup Time": 19922.367,
        "Actual Total Time": 19934.597,
        "Actual Rows": 2,
        "Actual Loops": 1,
        "Workers Planned": 1,
        "Workers Launched": 1,
        "Single Copy": false,
        "Plans": [
          {
            "Node Type": "Aggregate",
            "Strategy": "Plain",
            "Partial Mode": "Partial",
            "Parent Relationship": "Outer",
            "Parallel Aware": false,
            "Startup Cost": 4013949.83,
            "Total Cost": 4013949.84,
            "Plan Rows": 1,
            "Plan Width": 8,
            "Actual Startup Time": 19827.524,
            "Actual Total Time": 19827.532,
            "Actual Rows": 1,
            "Actual Loops": 2,
            "Plans": [
              {
                "Node Type": "Merge Join",
                "Parent Relationship": "Outer",
                "Parallel Aware": false,
                "Join Type": "Inner",
                "Startup Cost": 3282120.11,
                "Total Cost": 3916498.3,
                "Plan Rows": 38980611,
                "Plan Width": 0,
                "Actual Startup Time": 13262.486,
                "Actual Total Time": 18776.838,
                "Actual Rows": 26685684,
                "Actual Loops": 2,
                "Inner Unique": false,
                "Merge Cond": "(t.id = mi.movie_id)",
                "Plans": [
                  {
                    "Node Type": "Sort",
                    "Parent Relationship": "Outer",
                    "Parallel Aware": false,
                    "Startup Cost": 1783342.13,
                    "Total Cost": 1808195.88,
                    "Plan Rows": 9941501,
                    "Plan Width": 8,
                    "Actual Startup Time": 9215.081,
                    "Actual Total Time": 10091.751,
                    "Actual Rows": 8249591,
                    "Actual Loops": 2,
                    "Sort Key": [
                      "t.id"
                    ],
                    "Sort Method": "quicksort",
                    "Sort Space Used": 584812,
                    "Sort Space Type": "Memory",
                    "Workers": [
                      {
                        "Worker Number": 0,
                        "Sort Method": "quicksort",
                        "Sort Space Used": 581804,
                        "Sort Space Type": "Memory"
                      }
                    ],
                    "Plans": [
                      {
                        "Node Type": "Hash Join",
                        "Parent Relationship": "Outer",
                        "Parallel Aware": true,
                        "Join Type": "Inner",
                        "Startup Cost": 65888.86,
                        "Total Cost": 627889.57,
                        "Plan Rows": 9941501,
                        "Plan Width": 8,
                        "Actual Startup Time": 365.881,
                        "Actual Total Time": 7141.566,
                        "Actual Rows": 8249591,
                        "Actual Loops": 2,
                        "Inner Unique": true,
                        "Hash Cond": "(ci.movie_id = t.id)",
                        "Plans": [
                          {
                            "Node Type": "Seq Scan",
                            "Parent Relationship": "Outer",
                            "Parallel Aware": true,
                            "Relation Name": "cast_info",
                            "Alias": "ci",
                            "Startup Cost": 0.0,
                            "Total Cost": 519069.44,
                            "Plan Rows": 16354741,
                            "Plan Width": 4,
                            "Actual Startup Time": 0.015,
                            "Actual Total Time": 1667.2,
                            "Actual Rows": 13957870,
                            "Actual Loops": 2,
                            "Filter": "(person_id < 2850189)",
                            "Rows Removed by Filter": 4164302
                          },
                          {
                            "Node Type": "Hash",
                            "Parent Relationship": "Inner",
                            "Parallel Aware": true,
                            "Startup Cost": 54588.39,
                            "Total Cost": 54588.39,
                            "Plan Rows": 904038,
                            "Plan Width": 4,
                            "Actual Startup Time": 351.496,
                            "Actual Total Time": 351.497,
                            "Actual Rows": 771632,
                            "Actual Loops": 2,
                            "Hash Buckets": 2097152,
                            "Original Hash Buckets": 2097152,
                            "Hash Batches": 1,
                            "Original Hash Batches": 1,
                            "Peak Memory Usage": 76768,
                            "Plans": [
                              {
                                "Node Type": "Seq Scan",
                                "Parent Relationship": "Outer",
                                "Parallel Aware": true,
                                "Relation Name": "title",
                                "Alias": "t",
                                "Startup Cost": 0.0,
                                "Total Cost": 54588.39,
                                "Plan Rows": 904038,
                                "Plan Width": 4,
                                "Actual Startup Time": 0.028,
                                "Actual Total Time": 149.812,
                                "Actual Rows": 771632,
                                "Actual Loops": 2,
                                "Filter": "(kind_id = 7)",
                                "Rows Removed by Filter": 492524
                              }
                            ]
                          }
                        ]
                      }
                    ]
                  },
                  {
                    "Node Type": "Sort",
                    "Parent Relationship": "Inner",
                    "Parallel Aware": false,
                    "Startup Cost": 1498776.98,
                    "Total Cost": 1523560.56,
                    "Plan Rows": 9913433,
                    "Plan Width": 4,
                    "Actual Startup Time": 4047.387,
                    "Actual Total Time": 5354.496,
                    "Actual Rows": 33863435,
                    "Actual Loops": 2,
                    "Sort Key": [
                      "mi.movie_id"
                    ],
                    "Sort Method": "quicksort",
                    "Sort Space Used": 857830,
                    "Sort Space Type": "Memory",
                    "Workers": [
                      {
                        "Worker Number": 0,
                        "Sort Method": "quicksort",
                        "Sort Space Used": 857830,
                        "Sort Space Type": "Memory"
                      }
                    ],
                    "Plans": [
                      {
                        "Node Type": "Seq Scan",
                        "Parent Relationship": "Outer",
                        "Parallel Aware": false,
                        "Relation Name": "movie_info",
                        "Alias": "mi",
                        "Startup Cost": 0.0,
                        "Total Cost": 346788.81,
                        "Plan Rows": 9913433,
                        "Plan Width": 4,
                        "Actual Startup Time": 64.954,
                        "Actual Total Time": 1500.882,
                        "Actual Rows": 9911754,
                        "Actual Loops": 2,
                        "Filter": "(info_type_id > 4)",
                        "Rows Removed by Filter": 4923966
                      }
                    ]
                  }
                ]
              }
            ]
          }
        ]
      }
    ]
  },
  "Planning Time": 1.103,
  "Triggers": [],
  "Execution Time": 19990.14
}