{
    "Plan": {
        "Node Type": "Aggregate",
        "Strategy": "Plain",
        "Partial Mode": "Simple",
        "Parallel Aware": false,
        "Startup Cost": 90007198369.24,
        "Total Cost": 90007198369.25,
        "Plan Rows": 1,
        "Plan Width": 128,
        "Actual Startup Time": 41284.482,
        "Actual Total Time": 41284.502,
        "Actual Rows": 1,
        "Actual Loops": 1,
        "Output": [
            "min(chn.name)",
            "min(mi_idx.info)",
            "min(n.name)",
            "min(t.title)"
        ],
        "Plans": [
            {
                "Node Type": "Nested Loop",
                "Parent Relationship": "Outer",
                "Parallel Aware": false,
                "Join Type": "Inner",
                "Startup Cost": 90007198361.17,
                "Total Cost": 90007198369.23,
                "Plan Rows": 1,
                "Plan Width": 53,
                "Actual Startup Time": 41277.447,
                "Actual Total Time": 41284.157,
                "Actual Rows": 1306,
                "Actual Loops": 1,
                "Output": [
                    "chn.name",
                    "mi_idx.info",
                    "n.name",
                    "t.title"
                ],
                "Inner Unique": true,
                "Plans": [
                    {
                        "Node Type": "Merge Join",
                        "Parent Relationship": "Outer",
                        "Parallel Aware": false,
                        "Join Type": "Inner",
                        "Startup Cost": 80007198361.04,
                        "Total Cost": 80007198361.06,
                        "Plan Rows": 1,
                        "Plan Width": 57,
                        "Actual Startup Time": 41277.394,
                        "Actual Total Time": 41277.913,
                        "Actual Rows": 1637,
                        "Actual Loops": 1,
                        "Output": [
                            "cc.subject_id",
                            "chn.name",
                            "mi_idx.info",
                            "n.name",
                            "t.title"
                        ],
                        "Inner Unique": false,
                        "Merge Cond": "(cct2.id = cc.status_id)",
                        "Plans": [
                            {
                                "Node Type": "Sort",
                                "Parent Relationship": "Outer",
                                "Parallel Aware": false,
                                "Startup Cost": 10000000001.06,
                                "Total Cost": 10000000001.06,
                                "Plan Rows": 1,
                                "Plan Width": 4,
                                "Actual Startup Time": 0.12,
                                "Actual Total Time": 0.123,
                                "Actual Rows": 2,
                                "Actual Loops": 1,
                                "Output": [
                                    "cct2.id"
                                ],
                                "Sort Key": [
                                    "cct2.id"
                                ],
                                "Sort Method": "quicksort",
                                "Sort Space Used": 25,
                                "Sort Space Type": "Memory",
                                "Plans": [
                                    {
                                        "Node Type": "Seq Scan",
                                        "Parent Relationship": "Outer",
                                        "Parallel Aware": false,
                                        "Relation Name": "comp_cast_type",
                                        "Schema": "public",
                                        "Alias": "cct2",
                                        "Startup Cost": 10000000000.0,
                                        "Total Cost": 10000000001.05,
                                        "Plan Rows": 1,
                                        "Plan Width": 4,
                                        "Actual Startup Time": 0.068,
                                        "Actual Total Time": 0.069,
                                        "Actual Rows": 2,
                                        "Actual Loops": 1,
                                        "Output": [
                                            "cct2.id"
                                        ],
                                        "Filter": "((cct2.kind)::text ~~ '%complete%'::text)",
                                        "Rows Removed by Filter": 2
                                    }
                                ]
                            },
                            {
                                "Node Type": "Sort",
                                "Parent Relationship": "Inner",
                                "Parallel Aware": false,
                                "Startup Cost": 70007198359.98,
                                "Total Cost": 70007198359.98,
                                "Plan Rows": 1,
                                "Plan Width": 61,
                                "Actual Startup Time": 41277.268,
                                "Actual Total Time": 41277.466,
                                "Actual Rows": 1637,
                                "Actual Loops": 1,
                                "Output": [
                                    "cc.subject_id",
                                    "cc.status_id",
                                    "chn.name",
                                    "mi_idx.info",
                                    "n.name",
                                    "t.title"
                                ],
                                "Sort Key": [
                                    "cc.status_id"
                                ],
                                "Sort Method": "quicksort",
                                "Sort Space Used": 269,
                                "Sort Space Type": "Memory",
                                "Plans": [
                                    {
                                        "Node Type": "Hash Join",
                                        "Parent Relationship": "Outer",
                                        "Parallel Aware": false,
                                        "Join Type": "Inner",
                                        "Startup Cost": 70007194391.78,
                                        "Total Cost": 70007198359.97,
                                        "Plan Rows": 1,
                                        "Plan Width": 61,
                                        "Actual Startup Time": 41252.02,
                                        "Actual Total Time": 41276.893,
                                        "Actual Rows": 1637,
                                        "Actual Loops": 1,
                                        "Output": [
                                            "cc.subject_id",
                                            "cc.status_id",
                                            "chn.name",
                                            "mi_idx.info",
                                            "n.name",
                                            "t.title"
                                        ],
                                        "Inner Unique": false,
                                        "Hash Cond": "(k.id = mk.keyword_id)",
                                        "Plans": [
                                            {
                                                "Node Type": "Seq Scan",
                                                "Parent Relationship": "Outer",
                                                "Parallel Aware": false,
                                                "Relation Name": "keyword",
                                                "Schema": "public",
                                                "Alias": "k",
                                                "Startup Cost": 10000000000.0,
                                                "Total Cost": 10000003967.83,
                                                "Plan Rows": 10,
                                                "Plan Width": 4,
                                                "Actual Startup Time": 0.684,
                                                "Actual Total Time": 25.118,
                                                "Actual Rows": 7,
                                                "Actual Loops": 1,
                                                "Output": [
                                                    "k.id",
                                                    "k.keyword",
                                                    "k.phonetic_code"
                                                ],
                                                "Filter": "(k.keyword = ANY ('{fight,marvel-cinematic-universe,sequel,fight,violence,fight,tv-special,superhero,violence,murder}'::text[]))",
                                                "Rows Removed by Filter": 134163
                                            },
                                            {
                                                "Node Type": "Hash",
                                                "Parent Relationship": "Inner",
                                                "Parallel Aware": false,
                                                "Startup Cost": 60007194390.48,
                                                "Total Cost": 60007194390.48,
                                                "Plan Rows": 104,
                                                "Plan Width": 65,
                                                "Actual Startup Time": 41251.294,
                                                "Actual Total Time": 41251.312,
                                                "Actual Rows": 224777,
                                                "Actual Loops": 1,
                                                "Output": [
                                                    "cc.subject_id",
                                                    "cc.status_id",
                                                    "chn.name",
                                                    "mi_idx.info",
                                                    "mk.keyword_id",
                                                    "n.name",
                                                    "t.title"
                                                ],
                                                "Hash Buckets": 262144,
                                                "Original Hash Buckets": 1024,
                                                "Hash Batches": 1,
                                                "Original Hash Batches": 1,
                                                "Peak Memory Usage": 23700,
                                                "Plans": [
                                                    {
                                                        "Node Type": "Hash Join",
                                                        "Parent Relationship": "Outer",
                                                        "Parallel Aware": false,
                                                        "Join Type": "Inner",
                                                        "Startup Cost": 60007194360.84,
                                                        "Total Cost": 60007194390.48,
                                                        "Plan Rows": 104,
                                                        "Plan Width": 65,
                                                        "Actual Startup Time": 41176.464,
                                                        "Actual Total Time": 41201.855,
                                                        "Actual Rows": 224777,
                                                        "Actual Loops": 1,
                                                        "Output": [
                                                            "cc.subject_id",
                                                            "cc.status_id",
                                                            "chn.name",
                                                            "mi_idx.info",
                                                            "mk.keyword_id",
                                                            "n.name",
                                                            "t.title"
                                                        ],
                                                        "Inner Unique": false,
                                                        "Hash Cond": "(it2.id = mi_idx.info_type_id)",
                                                        "Plans": [
                                                            {
                                                                "Node Type": "Index Scan",
                                                                "Parent Relationship": "Outer",
                                                                "Parallel Aware": false,
                                                                "Scan Direction": "Forward",
                                                                "Index Name": "info_type_pkey",
                                                                "Relation Name": "info_type",
                                                                "Schema": "public",
                                                                "Alias": "it2",
                                                                "Startup Cost": 0.14,
                                                                "Total Cost": 14.12,
                                                                "Plan Rows": 1,
                                                                "Plan Width": 4,
                                                                "Actual Startup Time": 0.086,
                                                                "Actual Total Time": 0.101,
                                                                "Actual Rows": 1,
                                                                "Actual Loops": 1,
                                                                "Output": [
                                                                    "it2.id",
                                                                    "it2.info"
                                                                ],
                                                                "Filter": "((it2.info)::text = 'rating'::text)",
                                                                "Rows Removed by Filter": 112
                                                            },
                                                            {
                                                                "Node Type": "Hash",
                                                                "Parent Relationship": "Inner",
                                                                "Parallel Aware": false,
                                                                "Startup Cost": 60007194214.5,
                                                                "Total Cost": 60007194214.5,
                                                                "Plan Rows": 11696,
                                                                "Plan Width": 69,
                                                                "Actual Startup Time": 41176.347,
                                                                "Actual Total Time": 41176.363,
                                                                "Actual Rows": 322367,
                                                                "Actual Loops": 1,
                                                                "Output": [
                                                                    "cc.subject_id",
                                                                    "cc.status_id",
                                                                    "chn.name",
                                                                    "mi_idx.info",
                                                                    "mi_idx.info_type_id",
                                                                    "mk.keyword_id",
                                                                    "n.name",
                                                                    "t.title"
                                                                ],
                                                                "Hash Buckets": 524288,
                                                                "Original Hash Buckets": 16384,
                                                                "Hash Batches": 1,
                                                                "Original Hash Batches": 1,
                                                                "Peak Memory Usage": 36344,
                                                                "Plans": [
                                                                    {
                                                                        "Node Type": "Merge Join",
                                                                        "Parent Relationship": "Outer",
                                                                        "Parallel Aware": false,
                                                                        "Join Type": "Inner",
                                                                        "Startup Cost": 60007193087.11,
                                                                        "Total Cost": 60007194214.5,
                                                                        "Plan Rows": 11696,
                                                                        "Plan Width": 69,
                                                                        "Actual Startup Time": 41007.219,
                                                                        "Actual Total Time": 41102.98,
                                                                        "Actual Rows": 322367,
                                                                        "Actual Loops": 1,
                                                                        "Output": [
                                                                            "cc.subject_id",
                                                                            "cc.status_id",
                                                                            "chn.name",
                                                                            "mi_idx.info",
                                                                            "mi_idx.info_type_id",
                                                                            "mk.keyword_id",
                                                                            "n.name",
                                                                            "t.title"
                                                                        ],
                                                                        "Inner Unique": false,
                                                                        "Merge Cond": "(cc.movie_id = t.id)",
                                                                        "Plans": [
                                                                            {
                                                                                "Node Type": "Sort",
                                                                                "Parent Relationship": "Outer",
                                                                                "Parallel Aware": false,
                                                                                "Startup Cost": 13593.56,
                                                                                "Total Cost": 13931.28,
                                                                                "Plan Rows": 135086,
                                                                                "Plan Width": 12,
                                                                                "Actual Startup Time": 80.932,
                                                                                "Actual Total Time": 87.037,
                                                                                "Actual Rows": 132436,
                                                                                "Actual Loops": 1,
                                                                                "Output": [
                                                                                    "cc.movie_id",
                                                                                    "cc.subject_id",
                                                                                    "cc.status_id"
                                                                                ],
                                                                                "Sort Key": [
                                                                                    "cc.movie_id"
                                                                                ],
                                                                                "Sort Method": "quicksort",
                                                                                "Sort Space Used": 12477,
                                                                                "Sort Space Type": "Memory",
                                                                                "Plans": [
                                                                                    {
                                                                                        "Node Type": "Seq Scan",
                                                                                        "Parent Relationship": "Outer",
                                                                                        "Parallel Aware": false,
                                                                                        "Relation Name": "complete_cast",
                                                                                        "Schema": "public",
                                                                                        "Alias": "cc",
                                                                                        "Startup Cost": 0.0,
                                                                                        "Total Cost": 2081.86,
                                                                                        "Plan Rows": 135086,
                                                                                        "Plan Width": 12,
                                                                                        "Actual Startup Time": 0.038,
                                                                                        "Actual Total Time": 31.75,
                                                                                        "Actual Rows": 135086,
                                                                                        "Actual Loops": 1,
                                                                                        "Output": [
                                                                                            "cc.movie_id",
                                                                                            "cc.subject_id",
                                                                                            "cc.status_id"
                                                                                        ]
                                                                                    }
                                                                                ]
                                                                            },
                                                                            {
                                                                                "Node Type": "Sort",
                                                                                "Parent Relationship": "Inner",
                                                                                "Parallel Aware": false,
                                                                                "Startup Cost": 60007179493.5,
                                                                                "Total Cost": 60007179697.76,
                                                                                "Plan Rows": 81702,
                                                                                "Plan Width": 77,
                                                                                "Actual Startup Time": 40919.972,
                                                                                "Actual Total Time": 40946.619,
                                                                                "Actual Rows": 583795,
                                                                                "Actual Loops": 1,
                                                                                "Output": [
                                                                                    "chn.name",
                                                                                    "ci.movie_id",
                                                                                    "mi_idx.info",
                                                                                    "mi_idx.movie_id",
                                                                                    "mi_idx.info_type_id",
                                                                                    "mk.movie_id",
                                                                                    "mk.keyword_id",
                                                                                    "n.name",
                                                                                    "t.title",
                                                                                    "t.id"
                                                                                ],
                                                                                "Sort Key": [
                                                                                    "ci.movie_id"
                                                                                ],
                                                                                "Sort Method": "quicksort",
                                                                                "Sort Space Used": 86505,
                                                                                "Sort Space Type": "Memory",
                                                                                "Plans": [
                                                                                    {
                                                                                        "Node Type": "Merge Join",
                                                                                        "Parent Relationship": "Outer",
                                                                                        "Parallel Aware": false,
                                                                                        "Join Type": "Inner",
                                                                                        "Startup Cost": 60006988368.2,
                                                                                        "Total Cost": 60007172827.4,
                                                                                        "Plan Rows": 81702,
                                                                                        "Plan Width": 77,
                                                                                        "Actual Startup Time": 39259.111,
                                                                                        "Actual Total Time": 40727.914,
                                                                                        "Actual Rows": 522093,
                                                                                        "Actual Loops": 1,
                                                                                        "Output": [
                                                                                            "chn.name",
                                                                                            "ci.movie_id",
                                                                                            "mi_idx.info",
                                                                                            "mi_idx.movie_id",
                                                                                            "mi_idx.info_type_id",
                                                                                            "mk.movie_id",
                                                                                            "mk.keyword_id",
                                                                                            "n.name",
                                                                                            "t.title",
                                                                                            "t.id"
                                                                                        ],
                                                                                        "Inner Unique": true,
                                                                                        "Merge Cond": "(ci.person_id = n.id)",
                                                                                        "Plans": [
                                                                                            {
                                                                                                "Node Type": "Sort",
                                                                                                "Parent Relationship": "Outer",
                                                                                                "Parallel Aware": false,
                                                                                                "Startup Cost": 60006988367.73,
                                                                                                "Total Cost": 60006988571.98,
                                                                                                "Plan Rows": 81702,
                                                                                                "Plan Width": 66,
                                                                                                "Actual Startup Time": 39258.246,
                                                                                                "Actual Total Time": 39289.767,
                                                                                                "Actual Rows": 522093,
                                                                                                "Actual Loops": 1,
                                                                                                "Output": [
                                                                                                    "chn.name",
                                                                                                    "ci.movie_id",
                                                                                                    "ci.person_id",
                                                                                                    "mi_idx.info",
                                                                                                    "mi_idx.movie_id",
                                                                                                    "mi_idx.info_type_id",
                                                                                                    "mk.movie_id",
                                                                                                    "mk.keyword_id",
                                                                                                    "t.title",
                                                                                                    "t.id"
                                                                                                ],
                                                                                                "Sort Key": [
                                                                                                    "ci.person_id"
                                                                                                ],
                                                                                                "Sort Method": "quicksort",
                                                                                                "Sort Space Used": 85613,
                                                                                                "Sort Space Type": "Memory",
                                                                                                "Plans": [
                                                                                                    {
                                                                                                        "Node Type": "Merge Join",
                                                                                                        "Parent Relationship": "Outer",
                                                                                                        "Parallel Aware": false,
                                                                                                        "Join Type": "Inner",
                                                                                                        "Startup Cost": 60006976213.39,
                                                                                                        "Total Cost": 60006981701.63,
                                                                                                        "Plan Rows": 81702,
                                                                                                        "Plan Width": 66,
                                                                                                        "Actual Startup Time": 38025.554,
                                                                                                        "Actual Total Time": 39046.718,
                                                                                                        "Actual Rows": 522093,
                                                                                                        "Actual Loops": 1,
                                                                                                        "Output": [
                                                                                                            "chn.name",
                                                                                                            "ci.movie_id",
                                                                                                            "ci.person_id",
                                                                                                            "mi_idx.info",
                                                                                                            "mi_idx.movie_id",
                                                                                                            "mi_idx.info_type_id",
                                                                                                            "mk.movie_id",
                                                                                                            "mk.keyword_id",
                                                                                                            "t.title",
                                                                                                            "t.id"
                                                                                                        ],
                                                                                                        "Inner Unique": false,
                                                                                                        "Merge Cond": "(chn.id = ci.person_role_id)",
                                                                                                        "Plans": [
                                                                                                            {
                                                                                                                "Node Type": "Sort",
                                                                                                                "Parent Relationship": "Outer",
                                                                                                                "Parallel Aware": false,
                                                                                                                "Startup Cost": 10000094188.4,
                                                                                                                "Total Cost": 10000094502.39,
                                                                                                                "Plan Rows": 125596,
                                                                                                                "Plan Width": 20,
                                                                                                                "Actual Startup Time": 1339.655,
                                                                                                                "Actual Total Time": 1364.569,
                                                                                                                "Actual Rows": 180145,
                                                                                                                "Actual Loops": 1,
                                                                                                                "Output": [
                                                                                                                    "chn.name",
                                                                                                                    "chn.id"
                                                                                                                ],
                                                                                                                "Sort Key": [
                                                                                                                    "chn.id"
                                                                                                                ],
                                                                                                                "Sort Method": "quicksort",
                                                                                                                "Sort Space Used": 19675,
                                                                                                                "Sort Space Type": "Memory",
                                                                                                                "Plans": [
                                                                                                                    {
                                                                                                                        "Node Type": "Seq Scan",
                                                                                                                        "Parent Relationship": "Outer",
                                                                                                                        "Parallel Aware": false,
                                                                                                                        "Relation Name": "char_name",
                                                                                                                        "Schema": "public",
                                                                                                                        "Alias": "chn",
                                                                                                                        "Startup Cost": 10000000000.0,
                                                                                                                        "Total Cost": 10000083551.41,
                                                                                                                        "Plan Rows": 125596,
                                                                                                                        "Plan Width": 20,
                                                                                                                        "Actual Startup Time": 0.05,
                                                                                                                        "Actual Total Time": 1253.722,
                                                                                                                        "Actual Rows": 180152,
                                                                                                                        "Actual Loops": 1,
                                                                                                                        "Output": [
                                                                                                                            "chn.name",
                                                                                                                            "chn.id"
                                                                                                                        ],
                                                                                                                        "Filter": "((chn.name IS NOT NULL) AND ((chn.name ~~ '%man%'::text) OR (chn.name ~~ '%Man%'::text)))",
                                                                                                                        "Rows Removed by Filter": 2960187
                                                                                                                    }
                                                                                                                ]
                                                                                                            },
                                                                                                            {
                                                                                                                "Node Type": "Sort",
                                                                                                                "Parent Relationship": "Inner",
                                                                                                                "Parallel Aware": false,
                                                                                                                "Startup Cost": 50006881509.21,
                                                                                                                "Total Cost": 50006886616.11,
                                                                                                                "Plan Rows": 2042762,
                                                                                                                "Plan Width": 54,
                                                                                                                "Actual Startup Time": 36645.033,
                                                                                                                "Actual Total Time": 37153.083,
                                                                                                                "Actual Rows": 8806607,
                                                                                                                "Actual Loops": 1,
                                                                                                                "Output": [
                                                                                                                    "ci.movie_id",
                                                                                                                    "ci.person_role_id",
                                                                                                                    "ci.person_id",
                                                                                                                    "mi_idx.info",
                                                                                                                    "mi_idx.movie_id",
                                                                                                                    "mi_idx.info_type_id",
                                                                                                                    "mk.movie_id",
                                                                                                                    "mk.keyword_id",
                                                                                                                    "t.title",
                                                                                                                    "t.id"
                                                                                                                ],
                                                                                                                "Sort Key": [
                                                                                                                    "ci.person_role_id"
                                                                                                                ],
                                                                                                                "Sort Method": "quicksort",
                                                                                                                "Sort Space Used": 3410586,
                                                                                                                "Sort Space Type": "Memory",
                                                                                                                "Plans": [
                                                                                                                    {
                                                                                                                        "Node Type": "Merge Join",
                                                                                                                        "Parent Relationship": "Outer",
                                                                                                                        "Parallel Aware": false,
                                                                                                                        "Join Type": "Inner",
                                                                                                                        "Startup Cost": 50006481892.05,
                                                                                                                        "Total Cost": 50006667406.41,
                                                                                                                        "Plan Rows": 2042762,
                                                                                                                        "Plan Width": 54,
                                                                                                                        "Actual Startup Time": 21472.027,
                                                                                                                        "Actual Total Time": 30609.07,
                                                                                                                        "Actual Rows": 21452983,
                                                                                                                        "Actual Loops": 1,
                                                                                                                        "Output": [
                                                                                                                            "ci.movie_id",
                                                                                                                            "ci.person_role_id",
                                                                                                                            "ci.person_id",
                                                                                                                            "mi_idx.info",
                                                                                                                            "mi_idx.movie_id",
                                                                                                                            "mi_idx.info_type_id",
                                                                                                                            "mk.movie_id",
                                                                                                                            "mk.keyword_id",
                                                                                                                            "t.title",
                                                                                                                            "t.id"
                                                                                                                        ],
                                                                                                                        "Inner Unique": false,
                                                                                                                        "Merge Cond": "(ci.movie_id = t.id)",
                                                                                                                        "Plans": [
                                                                                                                            {
                                                                                                                                "Node Type": "Sort",
                                                                                                                                "Parent Relationship": "Outer",
                                                                                                                                "Parallel Aware": false,
                                                                                                                                "Startup Cost": 10005167038.66,
                                                                                                                                "Total Cost": 10005257670.6,
                                                                                                                                "Plan Rows": 36252776,
                                                                                                                                "Plan Width": 12,
                                                                                                                                "Actual Startup Time": 15032.348,
                                                                                                                                "Actual Total Time": 22233.885,
                                                                                                                                "Actual Rows": 36240263,
                                                                                                                                "Actual Loops": 1,
                                                                                                                                "Output": [
                                                                                                                                    "ci.movie_id",
                                                                                                                                    "ci.person_role_id",
                                                                                                                                    "ci.person_id"
                                                                                                                                ],
                                                                                                                                "Sort Key": [
                                                                                                                                    "ci.movie_id"
                                                                                                                                ],
                                                                                                                                "Sort Method": "quicksort",
                                                                                                                                "Sort Space Used": 3097055,
                                                                                                                                "Sort Space Type": "Memory",
                                                                                                                                "Plans": [
                                                                                                                                    {
                                                                                                                                        "Node Type": "Seq Scan",
                                                                                                                                        "Parent Relationship": "Outer",
                                                                                                                                        "Parallel Aware": false,
                                                                                                                                        "Relation Name": "cast_info",
                                                                                                                                        "Schema": "public",
                                                                                                                                        "Alias": "ci",
                                                                                                                                        "Startup Cost": 10000000000.0,
                                                                                                                                        "Total Cost": 10000615214.76,
                                                                                                                                        "Plan Rows": 36252776,
                                                                                                                                        "Plan Width": 12,
                                                                                                                                        "Actual Startup Time": 0.033,
                                                                                                                                        "Actual Total Time": 6147.986,
                                                                                                                                        "Actual Rows": 36244344,
                                                                                                                                        "Actual Loops": 1,
                                                                                                                                        "Output": [
                                                                                                                                            "ci.movie_id",
                                                                                                                                            "ci.person_role_id",
                                                                                                                                            "ci.person_id"
                                                                                                                                        ]
                                                                                                                                    }
                                                                                                                                ]
                                                                                                                            },
                                                                                                                            {
                                                                                                                                "Node Type": "Sort",
                                                                                                                                "Parent Relationship": "Inner",
                                                                                                                                "Parallel Aware": false,
                                                                                                                                "Startup Cost": 40001314835.27,
                                                                                                                                "Total Cost": 40001314884.89,
                                                                                                                                "Plan Rows": 19847,
                                                                                                                                "Plan Width": 42,
                                                                                                                                "Actual Startup Time": 2070.868,
                                                                                                                                "Actual Total Time": 2874.492,
                                                                                                                                "Actual Rows": 21452932,
                                                                                                                                "Actual Loops": 1,
                                                                                                                                "Output": [
                                                                                                                                    "t.title",
                                                                                                                                    "t.id",
                                                                                                                                    "mi_idx.info",
                                                                                                                                    "mi_idx.movie_id",
                                                                                                                                    "mi_idx.info_type_id",
                                                                                                                                    "mk.movie_id",
                                                                                                                                    "mk.keyword_id"
                                                                                                                                ],
                                                                                                                                "Sort Key": [
                                                                                                                                    "t.id"
                                                                                                                                ],
                                                                                                                                "Sort Method": "quicksort",
                                                                                                                                "Sort Space Used": 23709,
                                                                                                                                "Sort Space Type": "Memory",
                                                                                                                                "Plans": [
                                                                                                                                    {
                                                                                                                                        "Node Type": "Nested Loop",
                                                                                                                                        "Parent Relationship": "Outer",
                                                                                                                                        "Parallel Aware": false,
                                                                                                                                        "Join Type": "Inner",
                                                                                                                                        "Startup Cost": 40000000001.64,
                                                                                                                                        "Total Cost": 40001313418.53,
                                                                                                                                        "Plan Rows": 19847,
                                                                                                                                        "Plan Width": 42,
                                                                                                                                        "Actual Startup Time": 1047.183,
                                                                                                                                        "Actual Total Time": 2023.496,
                                                                                                                                        "Actual Rows": 198780,
                                                                                                                                        "Actual Loops": 1,
                                                                                                                                        "Output": [
                                                                                                                                            "t.title",
                                                                                                                                            "t.id",
                                                                                                                                            "mi_idx.info",
                                                                                                                                            "mi_idx.movie_id",
                                                                                                                                            "mi_idx.info_type_id",
                                                                                                                                            "mk.movie_id",
                                                                                                                                            "mk.keyword_id"
                                                                                                                                        ],
                                                                                                                                        "Inner Unique": false,
                                                                                                                                        "Plans": [
                                                                                                                                            {
                                                                                                                                                "Node Type": "Nested Loop",
                                                                                                                                                "Parent Relationship": "Outer",
                                                                                                                                                "Parallel Aware": false,
                                                                                                                                                "Join Type": "Inner",
                                                                                                                                                "Startup Cost": 30000000000.76,
                                                                                                                                                "Total Cost": 30001247889.07,
                                                                                                                                                "Plan Rows": 11092,
                                                                                                                                                "Plan Width": 34,
                                                                                                                                                "Actual Startup Time": 1047.087,
                                                                                                                                                "Actual Total Time": 1736.027,
                                                                                                                                                "Actual Rows": 18131,
                                                                                                                                                "Actual Loops": 1,
                                                                                                                                                "Output": [
                                                                                                                                                    "t.title",
                                                                                                                                                    "t.id",
                                                                                                                                                    "mi_idx.info",
                                                                                                                                                    "mi_idx.movie_id",
                                                                                                                                                    "mi_idx.info_type_id"
                                                                                                                                                ],
                                                                                                                                                "Inner Unique": true,
                                                                                                                                                "Plans": [
                                                                                                                                                    {
                                                                                                                                                        "Node Type": "Nested Loop",
                                                                                                                                                        "Parent Relationship": "Outer",
                                                                                                                                                        "Parallel Aware": false,
                                                                                                                                                        "Join Type": "Inner",
                                                                                                                                                        "Startup Cost": 20000000000.62,
                                                                                                                                                        "Total Cost": 20000925155.61,
                                                                                                                                                        "Plan Rows": 77642,
                                                                                                                                                        "Plan Width": 38,
                                                                                                                                                        "Actual Startup Time": 1.526,
                                                                                                                                                        "Actual Total Time": 1480.357,
                                                                                                                                                        "Actual Rows": 66189,
                                                                                                                                                        "Actual Loops": 1,
                                                                                                                                                        "Output": [
                                                                                                                                                            "mi_idx.info",
                                                                                                                                                            "mi_idx.movie_id",
                                                                                                                                                            "mi_idx.info_type_id",
                                                                                                                                                            "t.title",
                                                                                                                                                            "t.kind_id",
                                                                                                                                                            "t.id"
                                                                                                                                                        ],
                                                                                                                                                        "Inner Unique": true,
                                                                                                                                                        "Plans": [
                                                                                                                                                            {
                                                                                                                                                                "Node Type": "Seq Scan",
                                                                                                                                                                "Parent Relationship": "Outer",
                                                                                                                                                                "Parallel Aware": false,
                                                                                                                                                                "Relation Name": "movie_info_idx",
                                                                                                                                                                "Schema": "public",
                                                                                                                                                                "Alias": "mi_idx",
                                                                                                                                                                "Startup Cost": 10000000000.0,
                                                                                                                                                                "Total Cost": 10000025185.44,
                                                                                                                                                                "Plan Rows": 194028,
                                                                                                                                                                "Plan Width": 13,
                                                                                                                                                                "Actual Startup Time": 0.056,
                                                                                                                                                                "Actual Total Time": 249.126,
                                                                                                                                                                "Actual Rows": 192839,
                                                                                                                                                                "Actual Loops": 1,
                                                                                                                                                                "Output": [
                                                                                                                                                                    "mi_idx.id",
                                                                                                                                                                    "mi_idx.movie_id",
                                                                                                                                                                    "mi_idx.info_type_id",
                                                                                                                                                                    "mi_idx.info",
                                                                                                                                                                    "mi_idx.note"
                                                                                                                                                                ],
                                                                                                                                                                "Filter": "(mi_idx.info > '7.0'::text)",
                                                                                                                                                                "Rows Removed by Filter": 1187196
                                                                                                                                                            },
                                                                                                                                                            {
                                                                                                                                                                "Node Type": "Bitmap Heap Scan",
                                                                                                                                                                "Parent Relationship": "Inner",
                                                                                                                                                                "Parallel Aware": false,
                                                                                                                                                                "Relation Name": "title",
                                                                                                                                                                "Schema": "public",
                                                                                                                                                                "Alias": "t",
                                                                                                                                                                "Startup Cost": 0.62,
                                                                                                                                                                "Total Cost": 4.64,
                                                                                                                                                                "Plan Rows": 1,
                                                                                                                                                                "Plan Width": 25,
                                                                                                                                                                "Actual Startup Time": 0.005,
                                                                                                                                                                "Actual Total Time": 0.005,
                                                                                                                                                                "Actual Rows": 0,
                                                                                                                                                                "Actual Loops": 192839,
                                                                                                                                                                "Output": [
                                                                                                                                                                    "t.id",
                                                                                                                                                                    "t.title",
                                                                                                                                                                    "t.imdb_index",
                                                                                                                                                                    "t.kind_id",
                                                                                                                                                                    "t.production_year",
                                                                                                                                                                    "t.imdb_id",
                                                                                                                                                                    "t.phonetic_code",
                                                                                                                                                                    "t.episode_of_id",
                                                                                                                                                                    "t.season_nr",
                                                                                                                                                                    "t.episode_nr",
                                                                                                                                                                    "t.series_years",
                                                                                                                                                                    "t.md5sum"
                                                                                                                                                                ],
                                                                                                                                                                "Recheck Cond": "(t.id = mi_idx.movie_id)",
                                                                                                                                                                "Rows Removed by Index Recheck": 0,
                                                                                                                                                                "Filter": "(t.production_year > 2005)",
                                                                                                                                                                "Rows Removed by Filter": 1,
                                                                                                                                                                "Exact Heap Blocks": 192839,
                                                                                                                                                                "Lossy Heap Blocks": 0,
                                                                                                                                                                "Plans": [
                                                                                                                                                                    {
                                                                                                                                                                        "Node Type": "Bitmap Index Scan",
                                                                                                                                                                        "Parent Relationship": "Outer",
                                                                                                                                                                        "Parallel Aware": false,
                                                                                                                                                                        "Index Name": "title_pkey",
                                                                                                                                                                        "Startup Cost": 0.0,
                                                                                                                                                                        "Total Cost": 0.62,
                                                                                                                                                                        "Plan Rows": 1,
                                                                                                                                                                        "Plan Width": 0,
                                                                                                                                                                        "Actual Startup Time": 0.002,
                                                                                                                                                                        "Actual Total Time": 0.002,
                                                                                                                                                                        "Actual Rows": 1,
                                                                                                                                                                        "Actual Loops": 192839,
                                                                                                                                                                        "Index Cond": "(t.id = mi_idx.movie_id)"
                                                                                                                                                                    }
                                                                                                                                                                ]
                                                                                                                                                            }
                                                                                                                                                        ]
                                                                                                                                                    },
                                                                                                                                                    {
                                                                                                                                                        "Node Type": "Bitmap Heap Scan",
                                                                                                                                                        "Parent Relationship": "Inner",
                                                                                                                                                        "Parallel Aware": false,
                                                                                                                                                        "Relation Name": "kind_type",
                                                                                                                                                        "Schema": "public",
                                                                                                                                                        "Alias": "kt",
                                                                                                                                                        "Startup Cost": 0.14,
                                                                                                                                                        "Total Cost": 4.16,
                                                                                                                                                        "Plan Rows": 1,
                                                                                                                                                        "Plan Width": 4,
                                                                                                                                                        "Actual Startup Time": 0.002,
                                                                                                                                                        "Actual Total Time": 0.002,
                                                                                                                                                        "Actual Rows": 0,
                                                                                                                                                        "Actual Loops": 66189,
                                                                                                                                                        "Output": [
                                                                                                                                                            "kt.id",
                                                                                                                                                            "kt.kind"
                                                                                                                                                        ],
                                                                                                                                                        "Recheck Cond": "(kt.id = t.kind_id)",
                                                                                                                                                        "Rows Removed by Index Recheck": 0,
                                                                                                                                                        "Filter": "((kt.kind)::text = 'movie'::text)",
                                                                                                                                                        "Rows Removed by Filter": 1,
                                                                                                                                                        "Exact Heap Blocks": 66189,
                                                                                                                                                        "Lossy Heap Blocks": 0,
                                                                                                                                                        "Plans": [
                                                                                                                                                            {
                                                                                                                                                                "Node Type": "Bitmap Index Scan",
                                                                                                                                                                "Parent Relationship": "Outer",
                                                                                                                                                                "Parallel Aware": false,
                                                                                                                                                                "Index Name": "kind_type_pkey",
                                                                                                                                                                "Startup Cost": 0.0,
                                                                                                                                                                "Total Cost": 0.14,
                                                                                                                                                                "Plan Rows": 1,
                                                                                                                                                                "Plan Width": 0,
                                                                                                                                                                "Actual Startup Time": 0.001,
                                                                                                                                                                "Actual Total Time": 0.001,
                                                                                                                                                                "Actual Rows": 1,
                                                                                                                                                                "Actual Loops": 66189,
                                                                                                                                                                "Index Cond": "(kt.id = t.kind_id)"
                                                                                                                                                            }
                                                                                                                                                        ]
                                                                                                                                                    }
                                                                                                                                                ]
                                                                                                                                            },
                                                                                                                                            {
                                                                                                                                                "Node Type": "Bitmap Heap Scan",
                                                                                                                                                "Parent Relationship": "Inner",
                                                                                                                                                "Parallel Aware": false,
                                                                                                                                                "Relation Name": "movie_keyword",
                                                                                                                                                "Schema": "public",
                                                                                                                                                "Alias": "mk",
                                                                                                                                                "Startup Cost": 0.87,
                                                                                                                                                "Total Cost": 5.45,
                                                                                                                                                "Plan Rows": 46,
                                                                                                                                                "Plan Width": 8,
                                                                                                                                                "Actual Startup Time": 0.012,
                                                                                                                                                "Actual Total Time": 0.013,
                                                                                                                                                "Actual Rows": 11,
                                                                                                                                                "Actual Loops": 18131,
                                                                                                                                                "Output": [
                                                                                                                                                    "mk.id",
                                                                                                                                                    "mk.movie_id",
                                                                                                                                                    "mk.keyword_id"
                                                                                                                                                ],
                                                                                                                                                "Recheck Cond": "(mk.movie_id = t.id)",
                                                                                                                                                "Rows Removed by Index Recheck": 0,
                                                                                                                                                "Exact Heap Blocks": 9219,
                                                                                                                                                "Lossy Heap Blocks": 0,
                                                                                                                                                "Plans": [
                                                                                                                                                    {
                                                                                                                                                        "Node Type": "Bitmap Index Scan",
                                                                                                                                                        "Parent Relationship": "Outer",
                                                                                                                                                        "Parallel Aware": false,
                                                                                                                                                        "Index Name": "movie_id_movie_keyword",
                                                                                                                                                        "Startup Cost": 0.0,
                                                                                                                                                        "Total Cost": 0.86,
                                                                                                                                                        "Plan Rows": 46,
                                                                                                                                                        "Plan Width": 0,
                                                                                                                                                        "Actual Startup Time": 0.008,
                                                                                                                                                        "Actual Total Time": 0.008,
                                                                                                                                                        "Actual Rows": 11,
                                                                                                                                                        "Actual Loops": 18131,
                                                                                                                                                        "Index Cond": "(mk.movie_id = t.id)"
                                                                                                                                                    }
                                                                                                                                                ]
                                                                                                                                            }
                                                                                                                                        ]
                                                                                                                                    }
                                                                                                                                ]
                                                                                                                            }
                                                                                                                        ]
                                                                                                                    }
                                                                                                                ]
                                                                                                            }
                                                                                                        ]
                                                                                                    }
                                                                                                ]
                                                                                            },
                                                                                            {
                                                                                                "Node Type": "Index Scan",
                                                                                                "Parent Relationship": "Inner",
                                                                                                "Parallel Aware": false,
                                                                                                "Scan Direction": "Forward",
                                                                                                "Index Name": "name_pkey",
                                                                                                "Relation Name": "name",
                                                                                                "Schema": "public",
                                                                                                "Alias": "n",
                                                                                                "Startup Cost": 0.43,
                                                                                                "Total Cost": 178173.8,
                                                                                                "Plan Rows": 4167549,
                                                                                                "Plan Width": 19,
                                                                                                "Actual Startup Time": 0.057,
                                                                                                "Actual Total Time": 1189.302,
                                                                                                "Actual Rows": 2700787,
                                                                                                "Actual Loops": 1,
                                                                                                "Output": [
                                                                                                    "n.id",
                                                                                                    "n.name",
                                                                                                    "n.imdb_index",
                                                                                                    "n.imdb_id",
                                                                                                    "n.gender",
                                                                                                    "n.name_pcode_cf",
                                                                                                    "n.name_pcode_nf",
                                                                                                    "n.surname_pcode",
                                                                                                    "n.md5sum"
                                                                                                ]
                                                                                            }
                                                                                        ]
                                                                                    }
                                                                                ]
                                                                            }
                                                                        ]
                                                                    }
                                                                ]
                                                            }
                                                        ]
                                                    }
                                                ]
                                            }
                                        ]
                                    }
                                ]
                            }
                        ]
                    },
                    {
                        "Node Type": "Bitmap Heap Scan",
                        "Parent Relationship": "Inner",
                        "Parallel Aware": false,
                        "Relation Name": "comp_cast_type",
                        "Schema": "public",
                        "Alias": "cct1",
                        "Startup Cost": 0.14,
                        "Total Cost": 4.15,
                        "Plan Rows": 1,
                        "Plan Width": 4,
                        "Actual Startup Time": 0.002,
                        "Actual Total Time": 0.002,
                        "Actual Rows": 1,
                        "Actual Loops": 1637,
                        "Output": [
                            "cct1.id",
                            "cct1.kind"
                        ],
                        "Recheck Cond": "(cct1.id = cc.subject_id)",
                        "Rows Removed by Index Recheck": 0,
                        "Filter": "((cct1.kind)::text = 'cast'::text)",
                        "Rows Removed by Filter": 0,
                        "Exact Heap Blocks": 1637,
                        "Lossy Heap Blocks": 0,
                        "Plans": [
                            {
                                "Node Type": "Bitmap Index Scan",
                                "Parent Relationship": "Outer",
                                "Parallel Aware": false,
                                "Index Name": "comp_cast_type_pkey",
                                "Startup Cost": 0.0,
                                "Total Cost": 0.14,
                                "Plan Rows": 1,
                                "Plan Width": 0,
                                "Actual Startup Time": 0.001,
                                "Actual Total Time": 0.001,
                                "Actual Rows": 1,
                                "Actual Loops": 1637,
                                "Index Cond": "(cct1.id = cc.subject_id)"
                            }
                        ]
                    }
                ]
            }
        ]
    },
    "Planning Time": 39.492,
    "Triggers": [],
    "Execution Time": 41351.105
}