[
  {
    "Plan": {
      "Node Type": "Aggregate",
      "Strategy": "Plain",
      "Partial Mode": "Finalize",
      "Parallel Aware": false,
      "Startup Cost": 29235.97,
      "Total Cost": 29235.98,
      "Plan Rows": 1,
      "Plan Width": 8,
      "Actual Startup Time": 78.558,
      "Actual Total Time": 82.563,
      "Actual Rows": 1,
      "Actual Loops": 1,
      "Plans": [
        {
          "Node Type": "Gather",
          "Parent Relationship": "Outer",
          "Parallel Aware": false,
          "Startup Cost": 29235.65,
          "Total Cost": 29235.96,
          "Plan Rows": 3,
          "Plan Width": 8,
          "Actual Startup Time": 78.397,
          "Actual Total Time": 82.558,
          "Actual Rows": 4,
          "Actual Loops": 1,
          "Workers Planned": 3,
          "Workers Launched": 3,
          "Single Copy": false,
          "Plans": [
            {
              "Node Type": "Aggregate",
              "Strategy": "Plain",
              "Partial Mode": "Partial",
              "Parent Relationship": "Outer",
              "Parallel Aware": false,
              "Startup Cost": 28235.65,
              "Total Cost": 28235.66,
              "Plan Rows": 1,
              "Plan Width": 8,
              "Actual Startup Time": 72.641,
              "Actual Total Time": 72.644,
              "Actual Rows": 1,
              "Actual Loops": 4,
              "Plans": [
                {
                  "Node Type": "Bitmap Heap Scan",
                  "Parent Relationship": "Outer",
                  "Parallel Aware": true,
                  "Relation Name": "movie_companies",
                  "Alias": "mc",
                  "Startup Cost": 7721.67,
                  "Total Cost": 27948.32,
                  "Plan Rows": 114932,
                  "Plan Width": 0,
                  "Actual Startup Time": 33.088,
                  "Actual Total Time": 66.43,
                  "Actual Rows": 88868,
                  "Actual Loops": 4,
                  "Recheck Cond": "(company_id > 87657)",
                  "Rows Removed by Index Recheck": 0,
                  "Exact Heap Blocks": 3092,
                  "Lossy Heap Blocks": 0,
                  "Plans": [
                    {
                      "Node Type": "Bitmap Index Scan",
                      "Parent Relationship": "Outer",
                      "Parallel Aware": false,
                      "Index Name": "company_id_movie_companies",
                      "Startup Cost": 0.0,
                      "Total Cost": 7632.6,
                      "Plan Rows": 356289,
                      "Plan Width": 0,
                      "Actual Startup Time": 36.832,
                      "Actual Total Time": 36.832,
                      "Actual Rows": 355474,
                      "Actual Loops": 1,
                      "Index Cond": "(company_id > 87657)"
                    }
                  ]
                }
              ]
            }
          ]
        }
      ]
    },
    "Planning Time": 0.143,
    "Triggers": [],
    "Execution Time": 82.626
  }
]