{
  "Plan": {
    "Node Type": "Aggregate",
    "Strategy": "Plain",
    "Partial Mode": "Finalize",
    "Parallel Aware": false,
    "Startup Cost": 215129.91,
    "Total Cost": 215129.92,
    "Plan Rows": 1,
    "Plan Width": 8,
    "Actual Startup Time": 798.988,
    "Actual Total Time": 820.578,
    "Actual Rows": 1,
    "Actual Loops": 1,
    "Plans": [
      {
        "Node Type": "Gather",
        "Parent Relationship": "Outer",
        "Parallel Aware": false,
        "Startup Cost": 215129.8,
        "Total Cost": 215129.91,
        "Plan Rows": 1,
        "Plan Width": 8,
        "Actual Startup Time": 795.025,
        "Actual Total Time": 820.568,
        "Actual Rows": 2,
        "Actual Loops": 1,
        "Workers Planned": 1,
        "Workers Launched": 1,
        "Single Copy": false,
        "Plans": [
          {
            "Node Type": "Aggregate",
            "Strategy": "Plain",
            "Partial Mode": "Partial",
            "Parent Relationship": "Outer",
            "Parallel Aware": false,
            "Startup Cost": 214129.8,
            "Total Cost": 214129.81,
            "Plan Rows": 1,
            "Plan Width": 8,
            "Actual Startup Time": 787.058,
            "Actual Total Time": 787.062,
            "Actual Rows": 1,
            "Actual Loops": 2,
            "Plans": [
              {
                "Node Type": "Hash Join",
                "Parent Relationship": "Outer",
                "Parallel Aware": true,
                "Join Type": "Inner",
                "Startup Cost": 68420.01,
                "Total Cost": 212487.03,
                "Plan Rows": 657106,
                "Plan Width": 0,
                "Actual Startup Time": 364.242,
                "Actual Total Time": 777.952,
                "Actual Rows": 206706,
                "Actual Loops": 2,
                "Inner Unique": true,
                "Hash Cond": "(ci.movie_id = t.id)",
                "Plans": [
                  {
                    "Node Type": "Index Scan",
                    "Parent Relationship": "Outer",
                    "Parallel Aware": true,
                    "Scan Direction": "Forward",
                    "Index Name": "role_id_cast_info",
                    "Relation Name": "cast_info",
                    "Alias": "ci",
                    "Startup Cost": 0.56,
                    "Total Cost": 140896.75,
                    "Plan Rows": 1207938,
                    "Plan Width": 4,
                    "Actual Startup Time": 0.19,
                    "Actual Total Time": 277.219,
                    "Actual Rows": 330114,
                    "Actual Loops": 2,
                    "Index Cond": "(role_id = 10)",
                    "Rows Removed by Index Recheck": 0,
                    "Filter": "(person_id < 1682535)",
                    "Rows Removed by Filter": 1831394
                  },
                  {
                    "Node Type": "Hash",
                    "Parent Relationship": "Inner",
                    "Parallel Aware": true,
                    "Startup Cost": 58306.47,
                    "Total Cost": 58306.47,
                    "Plan Rows": 809038,
                    "Plan Width": 4,
                    "Actual Startup Time": 349.133,
                    "Actual Total Time": 349.134,
                    "Actual Rows": 727916,
                    "Actual Loops": 2,
                    "Hash Buckets": 2097152,
                    "Original Hash Buckets": 2097152,
                    "Hash Batches": 1,
                    "Original Hash Batches": 1,
                    "Peak Memory Usage": 73376,
                    "Plans": [
                      {
                        "Node Type": "Seq Scan",
                        "Parent Relationship": "Outer",
                        "Parallel Aware": true,
                        "Relation Name": "title",
                        "Alias": "t",
                        "Startup Cost": 0.0,
                        "Total Cost": 58306.47,
                        "Plan Rows": 809038,
                        "Plan Width": 4,
                        "Actual Startup Time": 0.028,
                        "Actual Total Time": 167.99,
                        "Actual Rows": 727916,
                        "Actual Loops": 2,
                        "Filter": "((production_year > 1955) AND (kind_id = 7))",
                        "Rows Removed by Filter": 536240
                      }
                    ]
                  }
                ]
              }
            ]
          }
        ]
      }
    ]
  },
  "Planning Time": 0.746,
  "Triggers": [],
  "Execution Time": 820.653
}