[
  {
    "Plan": {
      "Node Type": "Aggregate",
      "Strategy": "Plain",
      "Partial Mode": "Finalize",
      "Parallel Aware": false,
      "Startup Cost": 79085.05,
      "Total Cost": 79085.06,
      "Plan Rows": 1,
      "Plan Width": 8,
      "Actual Startup Time": 479.174,
      "Actual Total Time": 495.799,
      "Actual Rows": 1,
      "Actual Loops": 1,
      "Plans": [
        {
          "Node Type": "Gather",
          "Parent Relationship": "Outer",
          "Parallel Aware": false,
          "Startup Cost": 79084.74,
          "Total Cost": 79085.05,
          "Plan Rows": 3,
          "Plan Width": 8,
          "Actual Startup Time": 473.028,
          "Actual Total Time": 495.789,
          "Actual Rows": 4,
          "Actual Loops": 1,
          "Workers Planned": 3,
          "Workers Launched": 3,
          "Single Copy": false,
          "Plans": [
            {
              "Node Type": "Aggregate",
              "Strategy": "Plain",
              "Partial Mode": "Partial",
              "Parent Relationship": "Outer",
              "Parallel Aware": false,
              "Startup Cost": 78084.74,
              "Total Cost": 78084.75,
              "Plan Rows": 1,
              "Plan Width": 8,
              "Actual Startup Time": 466.108,
              "Actual Total Time": 466.111,
              "Actual Rows": 1,
              "Actual Loops": 4,
              "Plans": [
                {
                  "Node Type": "Hash Join",
                  "Parent Relationship": "Outer",
                  "Parallel Aware": true,
                  "Join Type": "Inner",
                  "Startup Cost": 47998.15,
                  "Total Cost": 77414.04,
                  "Plan Rows": 268279,
                  "Plan Width": 0,
                  "Actual Startup Time": 192.996,
                  "Actual Total Time": 444.495,
                  "Actual Rows": 422893,
                  "Actual Loops": 4,
                  "Inner Unique": true,
                  "Hash Cond": "(mc.movie_id = t.id)",
                  "Plans": [
                    {
                      "Node Type": "Seq Scan",
                      "Parent Relationship": "Outer",
                      "Parallel Aware": true,
                      "Relation Name": "movie_companies",
                      "Alias": "mc",
                      "Startup Cost": 0.0,
                      "Total Cost": 27206.55,
                      "Plan Rows": 841655,
                      "Plan Width": 4,
                      "Actual Startup Time": 0.011,
                      "Actual Total Time": 66.075,
                      "Actual Rows": 652282,
                      "Actual Loops": 4
                    },
                    {
                      "Node Type": "Hash",
                      "Parent Relationship": "Inner",
                      "Parallel Aware": true,
                      "Startup Cost": 45479.59,
                      "Total Cost": 45479.59,
                      "Plan Rows": 201485,
                      "Plan Width": 4,
                      "Actual Startup Time": 189.78,
                      "Actual Total Time": 189.781,
                      "Actual Rows": 210754,
                      "Actual Loops": 4,
                      "Hash Buckets": 1048576,
                      "Original Hash Buckets": 1048576,
                      "Hash Batches": 1,
                      "Original Hash Batches": 1,
                      "Peak Memory Usage": 41248,
                      "Plans": [
                        {
                          "Node Type": "Seq Scan",
                          "Parent Relationship": "Outer",
                          "Parallel Aware": true,
                          "Relation Name": "title",
                          "Alias": "t",
                          "Startup Cost": 0.0,
                          "Total Cost": 45479.59,
                          "Plan Rows": 201485,
                          "Plan Width": 4,
                          "Actual Startup Time": 0.034,
                          "Actual Total Time": 111.953,
                          "Actual Rows": 210754,
                          "Actual Loops": 4,
                          "Filter": "((kind_id < 7) AND (production_year < 2011))",
                          "Rows Removed by Filter": 421324
                        }
                      ]
                    }
                  ]
                }
              ]
            }
          ]
        }
      ]
    },
    "Planning Time": 0.282,
    "Triggers": [],
    "Execution Time": 495.84
  }
]