[
  {
    "Plan": {
      "Node Type": "Aggregate",
      "Strategy": "Plain",
      "Partial Mode": "Finalize",
      "Parallel Aware": false,
      "Startup Cost": 47131.84,
      "Total Cost": 47131.85,
      "Plan Rows": 1,
      "Plan Width": 8,
      "Actual Startup Time": 204.942,
      "Actual Total Time": 215.137,
      "Actual Rows": 1,
      "Actual Loops": 1,
      "Plans": [
        {
          "Node Type": "Gather",
          "Parent Relationship": "Outer",
          "Parallel Aware": false,
          "Startup Cost": 47131.52,
          "Total Cost": 47131.83,
          "Plan Rows": 3,
          "Plan Width": 8,
          "Actual Startup Time": 204.82,
          "Actual Total Time": 215.126,
          "Actual Rows": 4,
          "Actual Loops": 1,
          "Workers Planned": 3,
          "Workers Launched": 3,
          "Single Copy": false,
          "Plans": [
            {
              "Node Type": "Aggregate",
              "Strategy": "Plain",
              "Partial Mode": "Partial",
              "Parent Relationship": "Outer",
              "Parallel Aware": false,
              "Startup Cost": 46131.52,
              "Total Cost": 46131.53,
              "Plan Rows": 1,
              "Plan Width": 8,
              "Actual Startup Time": 197.326,
              "Actual Total Time": 197.327,
              "Actual Rows": 1,
              "Actual Loops": 4,
              "Plans": [
                {
                  "Node Type": "Seq Scan",
                  "Parent Relationship": "Outer",
                  "Parallel Aware": true,
                  "Relation Name": "movie_keyword",
                  "Alias": "mk",
                  "Startup Cost": 0.0,
                  "Total Cost": 42695.65,
                  "Plan Rows": 1374347,
                  "Plan Width": 0,
                  "Actual Startup Time": 0.053,
                  "Actual Total Time": 142.045,
                  "Actual Rows": 1067004,
                  "Actual Loops": 4,
                  "Filter": "(keyword_id < 59977)",
                  "Rows Removed by Filter": 63978
                }
              ]
            }
          ]
        }
      ]
    },
    "Planning Time": 0.189,
    "Triggers": [],
    "Execution Time": 215.195
  }
]