[
  {
    "Plan": {
      "Node Type": "Aggregate",
      "Strategy": "Plain",
      "Partial Mode": "Finalize",
      "Parallel Aware": false,
      "Startup Cost": 270547.44,
      "Total Cost": 270547.45,
      "Plan Rows": 1,
      "Plan Width": 8,
      "Actual Startup Time": 797.55,
      "Actual Total Time": 843.279,
      "Actual Rows": 1,
      "Actual Loops": 1,
      "Plans": [
        {
          "Node Type": "Gather",
          "Parent Relationship": "Outer",
          "Parallel Aware": false,
          "Startup Cost": 270546.92,
          "Total Cost": 270547.43,
          "Plan Rows": 5,
          "Plan Width": 8,
          "Actual Startup Time": 789.811,
          "Actual Total Time": 843.266,
          "Actual Rows": 6,
          "Actual Loops": 1,
          "Workers Planned": 5,
          "Workers Launched": 5,
          "Single Copy": false,
          "Plans": [
            {
              "Node Type": "Aggregate",
              "Strategy": "Plain",
              "Partial Mode": "Partial",
              "Parent Relationship": "Outer",
              "Parallel Aware": false,
              "Startup Cost": 269546.92,
              "Total Cost": 269546.93,
              "Plan Rows": 1,
              "Plan Width": 8,
              "Actual Startup Time": 780.545,
              "Actual Total Time": 780.781,
              "Actual Rows": 1,
              "Actual Loops": 6,
              "Plans": [
                {
                  "Node Type": "Hash Join",
                  "Parent Relationship": "Outer",
                  "Parallel Aware": true,
                  "Join Type": "Inner",
                  "Startup Cost": 68427.84,
                  "Total Cost": 269193.22,
                  "Plan Rows": 141479,
                  "Plan Width": 0,
                  "Actual Startup Time": 376.242,
                  "Actual Total Time": 762.555,
                  "Actual Rows": 434513,
                  "Actual Loops": 6,
                  "Inner Unique": false,
                  "Hash Cond": "(mi.movie_id = t.id)",
                  "Plans": [
                    {
                      "Node Type": "Seq Scan",
                      "Parent Relationship": "Outer",
                      "Parallel Aware": true,
                      "Relation Name": "movie_info",
                      "Alias": "mi",
                      "Startup Cost": 0.0,
                      "Total Cost": 198952.16,
                      "Plan Rows": 389205,
                      "Plan Width": 4,
                      "Actual Startup Time": 16.912,
                      "Actual Total Time": 298.345,
                      "Actual Rows": 310939,
                      "Actual Loops": 6,
                      "Filter": "(info_type_id > 17)",
                      "Rows Removed by Filter": 2161681
                    },
                    {
                      "Node Type": "Hash",
                      "Parent Relationship": "Inner",
                      "Parallel Aware": true,
                      "Startup Cost": 65555.79,
                      "Total Cost": 65555.79,
                      "Plan Rows": 229764,
                      "Plan Width": 8,
                      "Actual Startup Time": 356.028,
                      "Actual Total Time": 356.263,
                      "Actual Rows": 153308,
                      "Actual Loops": 6,
                      "Hash Buckets": 1048576,
                      "Original Hash Buckets": 1048576,
                      "Hash Batches": 1,
                      "Original Hash Batches": 1,
                      "Peak Memory Usage": 44288,
                      "Plans": [
                        {
                          "Node Type": "Hash Join",
                          "Parent Relationship": "Outer",
                          "Parallel Aware": true,
                          "Join Type": "Inner",
                          "Startup Cost": 19909.43,
                          "Total Cost": 65555.79,
                          "Plan Rows": 229764,
                          "Plan Width": 8,
                          "Actual Startup Time": 105.682,
                          "Actual Total Time": 304.958,
                          "Actual Rows": 153308,
                          "Actual Loops": 6,
                          "Inner Unique": false,
                          "Hash Cond": "(t.id = mi_idx.movie_id)",
                          "Plans": [
                            {
                              "Node Type": "Seq Scan",
                              "Parent Relationship": "Outer",
                              "Parallel Aware": true,
                              "Relation Name": "title",
                              "Alias": "t",
                              "Startup Cost": 0.0,
                              "Total Cost": 42318.73,
                              "Plan Rows": 632073,
                              "Plan Width": 4,
                              "Actual Startup Time": 0.013,
                              "Actual Total Time": 61.456,
                              "Actual Rows": 421385,
                              "Actual Loops": 6
                            },
                            {
                              "Node Type": "Hash",
                              "Parent Relationship": "Inner",
                              "Parallel Aware": true,
                              "Startup Cost": 15122.68,
                              "Total Cost": 15122.68,
                              "Plan Rows": 382940,
                              "Plan Width": 4,
                              "Actual Startup Time": 104.067,
                              "Actual Total Time": 104.068,
                              "Actual Rows": 153308,
                              "Actual Loops": 6,
                              "Hash Buckets": 1048576,
                              "Original Hash Buckets": 1048576,
                              "Hash Batches": 1,
                              "Original Hash Batches": 1,
                              "Peak Memory Usage": 44256,
                              "Plans": [
                                {
                                  "Node Type": "Seq Scan",
                                  "Parent Relationship": "Outer",
                                  "Parallel Aware": true,
                                  "Relation Name": "movie_info_idx",
                                  "Alias": "mi_idx",
                                  "Startup Cost": 0.0,
                                  "Total Cost": 15122.68,
                                  "Plan Rows": 382940,
                                  "Plan Width": 4,
                                  "Actual Startup Time": 0.077,
                                  "Actual Total Time": 40.885,
                                  "Actual Rows": 153308,
                                  "Actual Loops": 6,
                                  "Filter": "(info_type_id < 101)",
                                  "Rows Removed by Filter": 76698
                                }
                              ]
                            }
                          ]
                        }
                      ]
                    }
                  ]
                }
              ]
            }
          ]
        }
      ]
    },
    "Planning Time": 1.413,
    "Triggers": [],
    "Execution Time": 843.357
  }
]