[
  {
    "Plan": {
      "Node Type": "Aggregate",
      "Strategy": "Plain",
      "Partial Mode": "Finalize",
      "Parallel Aware": false,
      "Startup Cost": 348104.64,
      "Total Cost": 348104.65,
      "Plan Rows": 1,
      "Plan Width": 8,
      "Actual Startup Time": 893.564,
      "Actual Total Time": 965.93,
      "Actual Rows": 1,
      "Actual Loops": 1,
      "Plans": [
        {
          "Node Type": "Gather",
          "Parent Relationship": "Outer",
          "Parallel Aware": false,
          "Startup Cost": 348104.02,
          "Total Cost": 348104.63,
          "Plan Rows": 6,
          "Plan Width": 8,
          "Actual Startup Time": 893.367,
          "Actual Total Time": 965.91,
          "Actual Rows": 7,
          "Actual Loops": 1,
          "Workers Planned": 6,
          "Workers Launched": 6,
          "Single Copy": false,
          "Plans": [
            {
              "Node Type": "Aggregate",
              "Strategy": "Plain",
              "Partial Mode": "Partial",
              "Parent Relationship": "Outer",
              "Parallel Aware": false,
              "Startup Cost": 347104.02,
              "Total Cost": 347104.03,
              "Plan Rows": 1,
              "Plan Width": 8,
              "Actual Startup Time": 883.807,
              "Actual Total Time": 883.808,
              "Actual Rows": 1,
              "Actual Loops": 7,
              "Plans": [
                {
                  "Node Type": "Seq Scan",
                  "Parent Relationship": "Outer",
                  "Parallel Aware": true,
                  "Relation Name": "cast_info",
                  "Alias": "ci",
                  "Startup Cost": 0.0,
                  "Total Cost": 343316.27,
                  "Plan Rows": 1515099,
                  "Plan Width": 0,
                  "Actual Startup Time": 320.736,
                  "Actual Total Time": 777.605,
                  "Actual Rows": 1958278,
                  "Actual Loops": 7,
                  "Filter": "((person_id > 2299383) AND (role_id > 1))",
                  "Rows Removed by Filter": 3219485
                }
              ]
            }
          ]
        }
      ]
    },
    "Planning Time": 0.19,
    "Triggers": [],
    "Execution Time": 965.997
  }
]