[
  {
    "Plan": {
      "Node Type": "Aggregate",
      "Strategy": "Plain",
      "Partial Mode": "Finalize",
      "Parallel Aware": false,
      "Startup Cost": 247272.55,
      "Total Cost": 247272.56,
      "Plan Rows": 1,
      "Plan Width": 8,
      "Actual Startup Time": 490.108,
      "Actual Total Time": 510.917,
      "Actual Rows": 1,
      "Actual Loops": 1,
      "Plans": [
        {
          "Node Type": "Gather",
          "Parent Relationship": "Outer",
          "Parallel Aware": false,
          "Startup Cost": 247271.92,
          "Total Cost": 247272.53,
          "Plan Rows": 6,
          "Plan Width": 8,
          "Actual Startup Time": 489.294,
          "Actual Total Time": 510.905,
          "Actual Rows": 7,
          "Actual Loops": 1,
          "Workers Planned": 6,
          "Workers Launched": 6,
          "Single Copy": false,
          "Plans": [
            {
              "Node Type": "Aggregate",
              "Strategy": "Plain",
              "Partial Mode": "Partial",
              "Parent Relationship": "Outer",
              "Parallel Aware": false,
              "Startup Cost": 246271.92,
              "Total Cost": 246271.93,
              "Plan Rows": 1,
              "Plan Width": 8,
              "Actual Startup Time": 477.771,
              "Actual Total Time": 477.774,
              "Actual Rows": 1,
              "Actual Loops": 7,
              "Plans": [
                {
                  "Node Type": "Hash Join",
                  "Parent Relationship": "Outer",
                  "Parallel Aware": true,
                  "Join Type": "Inner",
                  "Startup Cost": 45712.11,
                  "Total Cost": 246180.54,
                  "Plan Rows": 36553,
                  "Plan Width": 0,
                  "Actual Startup Time": 87.296,
                  "Actual Total Time": 475.18,
                  "Actual Rows": 44621,
                  "Actual Loops": 7,
                  "Inner Unique": true,
                  "Hash Cond": "(ci.movie_id = t.id)",
                  "Plans": [
                    {
                      "Node Type": "Index Scan",
                      "Parent Relationship": "Outer",
                      "Parallel Aware": true,
                      "Scan Direction": "Forward",
                      "Index Name": "role_id_cast_info",
                      "Relation Name": "cast_info",
                      "Alias": "ci",
                      "Startup Cost": 0.56,
                      "Total Cost": 197207.64,
                      "Plan Rows": 1242420,
                      "Plan Width": 4,
                      "Actual Startup Time": 0.118,
                      "Actual Total Time": 212.806,
                      "Actual Rows": 1062320,
                      "Actual Loops": 7,
                      "Index Cond": "(role_id > 7)",
                      "Rows Removed by Index Recheck": 0
                    },
                    {
                      "Node Type": "Hash",
                      "Parent Relationship": "Inner",
                      "Parallel Aware": true,
                      "Startup Cost": 45479.1,
                      "Total Cost": 45479.1,
                      "Plan Rows": 18596,
                      "Plan Width": 4,
                      "Actual Startup Time": 85.26,
                      "Actual Total Time": 85.261,
                      "Actual Rows": 12016,
                      "Actual Loops": 7,
                      "Hash Buckets": 131072,
                      "Original Hash Buckets": 131072,
                      "Hash Batches": 1,
                      "Original Hash Batches": 1,
                      "Peak Memory Usage": 4416,
                      "Plans": [
                        {
                          "Node Type": "Seq Scan",
                          "Parent Relationship": "Outer",
                          "Parallel Aware": true,
                          "Relation Name": "title",
                          "Alias": "t",
                          "Startup Cost": 0.0,
                          "Total Cost": 45479.1,
                          "Plan Rows": 18596,
                          "Plan Width": 4,
                          "Actual Startup Time": 0.046,
                          "Actual Total Time": 78.529,
                          "Actual Rows": 12016,
                          "Actual Loops": 7,
                          "Filter": "((kind_id = 7) AND (production_year = 2008))",
                          "Rows Removed by Filter": 349172
                        }
                      ]
                    }
                  ]
                }
              ]
            }
          ]
        }
      ]
    },
    "Planning Time": 0.618,
    "Triggers": [],
    "Execution Time": 510.995
  }
]