[
  {
    "Plan": {
      "Node Type": "Aggregate",
      "Strategy": "Plain",
      "Partial Mode": "Finalize",
      "Parallel Aware": false,
      "Startup Cost": 60147.69,
      "Total Cost": 60147.7,
      "Plan Rows": 1,
      "Plan Width": 8,
      "Actual Startup Time": 97.947,
      "Actual Total Time": 112.677,
      "Actual Rows": 1,
      "Actual Loops": 1,
      "Plans": [
        {
          "Node Type": "Gather",
          "Parent Relationship": "Outer",
          "Parallel Aware": false,
          "Startup Cost": 60147.27,
          "Total Cost": 60147.68,
          "Plan Rows": 4,
          "Plan Width": 8,
          "Actual Startup Time": 97.728,
          "Actual Total Time": 112.667,
          "Actual Rows": 5,
          "Actual Loops": 1,
          "Workers Planned": 4,
          "Workers Launched": 4,
          "Single Copy": false,
          "Plans": [
            {
              "Node Type": "Aggregate",
              "Strategy": "Plain",
              "Partial Mode": "Partial",
              "Parent Relationship": "Outer",
              "Parallel Aware": false,
              "Startup Cost": 59147.27,
              "Total Cost": 59147.28,
              "Plan Rows": 1,
              "Plan Width": 8,
              "Actual Startup Time": 90.773,
              "Actual Total Time": 90.775,
              "Actual Rows": 1,
              "Actual Loops": 5,
              "Plans": [
                {
                  "Node Type": "Nested Loop",
                  "Parent Relationship": "Outer",
                  "Parallel Aware": false,
                  "Join Type": "Inner",
                  "Startup Cost": 0.43,
                  "Total Cost": 59146.05,
                  "Plan Rows": 487,
                  "Plan Width": 0,
                  "Actual Startup Time": 52.099,
                  "Actual Total Time": 90.696,
                  "Actual Rows": 921,
                  "Actual Loops": 5,
                  "Inner Unique": false,
                  "Plans": [
                    {
                      "Node Type": "Seq Scan",
                      "Parent Relationship": "Outer",
                      "Parallel Aware": true,
                      "Relation Name": "title",
                      "Alias": "t",
                      "Startup Cost": 0.0,
                      "Total Cost": 45479.59,
                      "Plan Rows": 1618,
                      "Plan Width": 4,
                      "Actual Startup Time": 51.638,
                      "Actual Total Time": 78.796,
                      "Actual Rows": 1001,
                      "Actual Loops": 5,
                      "Filter": "((kind_id = 1) AND (production_year = 1991))",
                      "Rows Removed by Filter": 504661
                    },
                    {
                      "Node Type": "Index Scan",
                      "Parent Relationship": "Inner",
                      "Parallel Aware": false,
                      "Scan Direction": "Forward",
                      "Index Name": "movie_id_movie_keyword",
                      "Relation Name": "movie_keyword",
                      "Alias": "mk",
                      "Startup Cost": 0.43,
                      "Total Cost": 8.37,
                      "Plan Rows": 8,
                      "Plan Width": 4,
                      "Actual Startup Time": 0.011,
                      "Actual Total Time": 0.011,
                      "Actual Rows": 1,
                      "Actual Loops": 5006,
                      "Index Cond": "(movie_id = t.id)",
                      "Rows Removed by Index Recheck": 0,
                      "Filter": "(keyword_id < 712)",
                      "Rows Removed by Filter": 5
                    }
                  ]
                }
              ]
            }
          ]
        }
      ]
    },
    "Planning Time": 0.272,
    "Triggers": [],
    "Execution Time": 112.716
  }
]