[
  {
    "Plan": {
      "Node Type": "Aggregate",
      "Strategy": "Plain",
      "Partial Mode": "Finalize",
      "Parallel Aware": false,
      "Startup Cost": 630790.69,
      "Total Cost": 630790.7,
      "Plan Rows": 1,
      "Plan Width": 8,
      "Actual Startup Time": 2817.55,
      "Actual Total Time": 2907.319,
      "Actual Rows": 1,
      "Actual Loops": 1,
      "Plans": [
        {
          "Node Type": "Gather",
          "Parent Relationship": "Outer",
          "Parallel Aware": false,
          "Startup Cost": 630790.06,
          "Total Cost": 630790.67,
          "Plan Rows": 6,
          "Plan Width": 8,
          "Actual Startup Time": 2771.299,
          "Actual Total Time": 2907.304,
          "Actual Rows": 7,
          "Actual Loops": 1,
          "Workers Planned": 6,
          "Workers Launched": 6,
          "Single Copy": false,
          "Plans": [
            {
              "Node Type": "Aggregate",
              "Strategy": "Plain",
              "Partial Mode": "Partial",
              "Parent Relationship": "Outer",
              "Parallel Aware": false,
              "Startup Cost": 629790.06,
              "Total Cost": 629790.07,
              "Plan Rows": 1,
              "Plan Width": 8,
              "Actual Startup Time": 2739.688,
              "Actual Total Time": 2740.301,
              "Actual Rows": 1,
              "Actual Loops": 7,
              "Plans": [
                {
                  "Node Type": "Hash Join",
                  "Parent Relationship": "Outer",
                  "Parallel Aware": true,
                  "Join Type": "Inner",
                  "Startup Cost": 265668.77,
                  "Total Cost": 615503.09,
                  "Plan Rows": 5714787,
                  "Plan Width": 0,
                  "Actual Startup Time": 1248.427,
                  "Actual Total Time": 2593.0,
                  "Actual Rows": 3726855,
                  "Actual Loops": 7,
                  "Inner Unique": false,
                  "Hash Cond": "(ci.movie_id = t.id)",
                  "Plans": [
                    {
                      "Node Type": "Seq Scan",
                      "Parent Relationship": "Outer",
                      "Parallel Aware": true,
                      "Relation Name": "cast_info",
                      "Alias": "ci",
                      "Startup Cost": 0.0,
                      "Total Cost": 328162.03,
                      "Plan Rows": 2731391,
                      "Plan Width": 4,
                      "Actual Startup Time": 297.837,
                      "Actual Total Time": 604.346,
                      "Actual Rows": 2303098,
                      "Actual Loops": 7,
                      "Filter": "(role_id > 2)",
                      "Rows Removed by Filter": 2874666
                    },
                    {
                      "Node Type": "Hash",
                      "Parent Relationship": "Inner",
                      "Parallel Aware": true,
                      "Startup Cost": 252444.14,
                      "Total Cost": 252444.14,
                      "Plan Rows": 1057971,
                      "Plan Width": 8,
                      "Actual Startup Time": 940.525,
                      "Actual Total Time": 941.137,
                      "Actual Rows": 407960,
                      "Actual Loops": 7,
                      "Hash Buckets": 8388608,
                      "Original Hash Buckets": 8388608,
                      "Hash Batches": 1,
                      "Original Hash Batches": 1,
                      "Peak Memory Usage": 177344,
                      "Plans": [
                        {
                          "Node Type": "Hash Join",
                          "Parent Relationship": "Outer",
                          "Parallel Aware": true,
                          "Join Type": "Inner",
                          "Startup Cost": 49727.15,
                          "Total Cost": 252444.14,
                          "Plan Rows": 1057971,
                          "Plan Width": 8,
                          "Actual Startup Time": 182.665,
                          "Actual Total Time": 762.828,
                          "Actual Rows": 407960,
                          "Actual Loops": 7,
                          "Inner Unique": true,
                          "Hash Cond": "(mi.movie_id = t.id)",
                          "Plans": [
                            {
                              "Node Type": "Seq Scan",
                              "Parent Relationship": "Outer",
                              "Parallel Aware": true,
                              "Relation Name": "movie_info",
                              "Alias": "mi",
                              "Startup Cost": 0.0,
                              "Total Cost": 198952.16,
                              "Plan Rows": 1434213,
                              "Plan Width": 4,
                              "Actual Startup Time": 0.034,
                              "Actual Total Time": 281.9,
                              "Actual Rows": 1040981,
                              "Actual Loops": 7,
                              "Filter": "(info_type_id < 8)",
                              "Rows Removed by Filter": 1078408
                            },
                            {
                              "Node Type": "Hash",
                              "Parent Relationship": "Inner",
                              "Parallel Aware": true,
                              "Startup Cost": 43898.92,
                              "Total Cost": 43898.92,
                              "Plan Rows": 466259,
                              "Plan Width": 4,
                              "Actual Startup Time": 180.905,
                              "Actual Total Time": 180.906,
                              "Actual Rows": 266498,
                              "Actual Loops": 7,
                              "Hash Buckets": 2097152,
                              "Original Hash Buckets": 2097152,
                              "Hash Batches": 1,
                              "Original Hash Batches": 1,
                              "Peak Memory Usage": 89472,
                              "Plans": [
                                {
                                  "Node Type": "Seq Scan",
                                  "Parent Relationship": "Outer",
                                  "Parallel Aware": true,
                                  "Relation Name": "title",
                                  "Alias": "t",
                                  "Startup Cost": 0.0,
                                  "Total Cost": 43898.92,
                                  "Plan Rows": 466259,
                                  "Plan Width": 4,
                                  "Actual Startup Time": 0.04,
                                  "Actual Total Time": 73.718,
                                  "Actual Rows": 266498,
                                  "Actual Loops": 7,
                                  "Filter": "(kind_id > 1)",
                                  "Rows Removed by Filter": 94689
                                }
                              ]
                            }
                          ]
                        }
                      ]
                    }
                  ]
                }
              ]
            }
          ]
        }
      ]
    },
    "Planning Time": 1.38,
    "Triggers": [],
    "Execution Time": 2907.415
  }
]