{
  "Plan": {
    "Node Type": "Aggregate",
    "Strategy": "Plain",
    "Partial Mode": "Finalize",
    "Parallel Aware": false,
    "Startup Cost": 646454.72,
    "Total Cost": 646454.73,
    "Plan Rows": 1,
    "Plan Width": 8,
    "Actual Startup Time": 3936.635,
    "Actual Total Time": 3996.193,
    "Actual Rows": 1,
    "Actual Loops": 1,
    "Plans": [
      {
        "Node Type": "Gather",
        "Parent Relationship": "Outer",
        "Parallel Aware": false,
        "Startup Cost": 646454.61,
        "Total Cost": 646454.72,
        "Plan Rows": 1,
        "Plan Width": 8,
        "Actual Startup Time": 3932.008,
        "Actual Total Time": 3996.183,
        "Actual Rows": 2,
        "Actual Loops": 1,
        "Workers Planned": 1,
        "Workers Launched": 1,
        "Single Copy": false,
        "Plans": [
          {
            "Node Type": "Aggregate",
            "Strategy": "Plain",
            "Partial Mode": "Partial",
            "Parent Relationship": "Outer",
            "Parallel Aware": false,
            "Startup Cost": 645454.61,
            "Total Cost": 645454.62,
            "Plan Rows": 1,
            "Plan Width": 8,
            "Actual Startup Time": 3919.166,
            "Actual Total Time": 3919.173,
            "Actual Rows": 1,
            "Actual Loops": 2,
            "Plans": [
              {
                "Node Type": "Hash Join",
                "Parent Relationship": "Outer",
                "Parallel Aware": true,
                "Join Type": "Inner",
                "Startup Cost": 95937.23,
                "Total Cost": 644318.38,
                "Plan Rows": 454492,
                "Plan Width": 0,
                "Actual Startup Time": 627.149,
                "Actual Total Time": 3853.626,
                "Actual Rows": 1593315,
                "Actual Loops": 2,
                "Inner Unique": false,
                "Hash Cond": "(ci.movie_id = t.id)",
                "Plans": [
                  {
                    "Node Type": "Seq Scan",
                    "Parent Relationship": "Outer",
                    "Parallel Aware": true,
                    "Relation Name": "cast_info",
                    "Alias": "ci",
                    "Startup Cost": 0.0,
                    "Total Cost": 465792.95,
                    "Plan Rows": 21310595,
                    "Plan Width": 4,
                    "Actual Startup Time": 0.016,
                    "Actual Total Time": 1368.204,
                    "Actual Rows": 18122172,
                    "Actual Loops": 2
                  },
                  {
                    "Node Type": "Hash",
                    "Parent Relationship": "Inner",
                    "Parallel Aware": true,
                    "Startup Cost": 95540.76,
                    "Total Cost": 95540.76,
                    "Plan Rows": 31718,
                    "Plan Width": 8,
                    "Actual Startup Time": 625.723,
                    "Actual Total Time": 625.729,
                    "Actual Rows": 26358,
                    "Actual Loops": 2,
                    "Hash Buckets": 65536,
                    "Original Hash Buckets": 65536,
                    "Hash Batches": 1,
                    "Original Hash Batches": 1,
                    "Peak Memory Usage": 2592,
                    "Plans": [
                      {
                        "Node Type": "Hash Join",
                        "Parent Relationship": "Outer",
                        "Parallel Aware": true,
                        "Join Type": "Inner",
                        "Startup Cost": 70607.02,
                        "Total Cost": 95540.76,
                        "Plan Rows": 31718,
                        "Plan Width": 8,
                        "Actual Startup Time": 584.518,
                        "Actual Total Time": 619.085,
                        "Actual Rows": 26358,
                        "Actual Loops": 2,
                        "Inner Unique": true,
                        "Hash Cond": "(mk.movie_id = t.id)",
                        "Plans": [
                          {
                            "Node Type": "Bitmap Heap Scan",
                            "Parent Relationship": "Outer",
                            "Parallel Aware": true,
                            "Relation Name": "movie_keyword",
                            "Alias": "mk",
                            "Startup Cost": 1146.32,
                            "Total Cost": 25996.8,
                            "Plan Rows": 31718,
                            "Plan Width": 4,
                            "Actual Startup Time": 5.046,
                            "Actual Total Time": 29.133,
                            "Actual Rows": 26358,
                            "Actual Loops": 2,
                            "Recheck Cond": "(keyword_id > 98347)",
                            "Rows Removed by Index Recheck": 0,
                            "Exact Heap Blocks": 8136,
                            "Lossy Heap Blocks": 0,
                            "Plans": [
                              {
                                "Node Type": "Bitmap Index Scan",
                                "Parent Relationship": "Outer",
                                "Parallel Aware": false,
                                "Index Name": "keyword_id_movie_keyword",
                                "Startup Cost": 0.0,
                                "Total Cost": 1132.84,
                                "Plan Rows": 53921,
                                "Plan Width": 0,
                                "Actual Startup Time": 3.25,
                                "Actual Total Time": 3.251,
                                "Actual Rows": 52717,
                                "Actual Loops": 1,
                                "Index Cond": "(keyword_id > 98347)"
                              }
                            ]
                          },
                          {
                            "Node Type": "Hash",
                            "Parent Relationship": "Inner",
                            "Parallel Aware": true,
                            "Startup Cost": 50870.31,
                            "Total Cost": 50870.31,
                            "Plan Rows": 1487231,
                            "Plan Width": 4,
                            "Actual Startup Time": 558.565,
                            "Actual Total Time": 558.566,
                            "Actual Rows": 1264156,
                            "Actual Loops": 2,
                            "Hash Buckets": 4194304,
                            "Original Hash Buckets": 4194304,
                            "Hash Batches": 1,
                            "Original Hash Batches": 1,
                            "Peak Memory Usage": 131712,
                            "Plans": [
                              {
                                "Node Type": "Seq Scan",
                                "Parent Relationship": "Outer",
                                "Parallel Aware": true,
                                "Relation Name": "title",
                                "Alias": "t",
                                "Startup Cost": 0.0,
                                "Total Cost": 50870.31,
                                "Plan Rows": 1487231,
                                "Plan Width": 4,
                                "Actual Startup Time": 0.039,
                                "Actual Total Time": 158.948,
                                "Actual Rows": 1264156,
                                "Actual Loops": 2
                              }
                            ]
                          }
                        ]
                      }
                    ]
                  }
                ]
              }
            ]
          }
        ]
      }
    ]
  },
  "Planning Time": 1.045,
  "Triggers": [],
  "Execution Time": 3996.305
}