[
  {
    "Plan": {
      "Node Type": "Aggregate",
      "Strategy": "Plain",
      "Partial Mode": "Finalize",
      "Parallel Aware": false,
      "Startup Cost": 132817.88,
      "Total Cost": 132817.89,
      "Plan Rows": 1,
      "Plan Width": 8,
      "Actual Startup Time": 1309.188,
      "Actual Total Time": 1336.041,
      "Actual Rows": 1,
      "Actual Loops": 1,
      "Plans": [
        {
          "Node Type": "Gather",
          "Parent Relationship": "Outer",
          "Parallel Aware": false,
          "Startup Cost": 132817.56,
          "Total Cost": 132817.87,
          "Plan Rows": 3,
          "Plan Width": 8,
          "Actual Startup Time": 1297.662,
          "Actual Total Time": 1336.029,
          "Actual Rows": 4,
          "Actual Loops": 1,
          "Workers Planned": 3,
          "Workers Launched": 3,
          "Single Copy": false,
          "Plans": [
            {
              "Node Type": "Aggregate",
              "Strategy": "Plain",
              "Partial Mode": "Partial",
              "Parent Relationship": "Outer",
              "Parallel Aware": false,
              "Startup Cost": 131817.56,
              "Total Cost": 131817.57,
              "Plan Rows": 1,
              "Plan Width": 8,
              "Actual Startup Time": 1290.399,
              "Actual Total Time": 1291.004,
              "Actual Rows": 1,
              "Actual Loops": 4,
              "Plans": [
                {
                  "Node Type": "Hash Join",
                  "Parent Relationship": "Outer",
                  "Parallel Aware": true,
                  "Join Type": "Inner",
                  "Startup Cost": 98847.36,
                  "Total Cost": 130679.1,
                  "Plan Rows": 455387,
                  "Plan Width": 0,
                  "Actual Startup Time": 687.466,
                  "Actual Total Time": 1136.451,
                  "Actual Rows": 3262919,
                  "Actual Loops": 4,
                  "Inner Unique": false,
                  "Hash Cond": "(mc.movie_id = t.id)",
                  "Plans": [
                    {
                      "Node Type": "Seq Scan",
                      "Parent Relationship": "Outer",
                      "Parallel Aware": true,
                      "Relation Name": "movie_companies",
                      "Alias": "mc",
                      "Startup Cost": 0.0,
                      "Total Cost": 27206.55,
                      "Plan Rows": 841655,
                      "Plan Width": 4,
                      "Actual Startup Time": 0.016,
                      "Actual Total Time": 65.09,
                      "Actual Rows": 652282,
                      "Actual Loops": 4
                    },
                    {
                      "Node Type": "Hash",
                      "Parent Relationship": "Inner",
                      "Parallel Aware": true,
                      "Startup Cost": 93331.09,
                      "Total Cost": 93331.09,
                      "Plan Rows": 441301,
                      "Plan Width": 8,
                      "Actual Startup Time": 680.95,
                      "Actual Total Time": 681.552,
                      "Actual Rows": 416586,
                      "Actual Loops": 4,
                      "Hash Buckets": 2097152,
                      "Original Hash Buckets": 2097152,
                      "Hash Batches": 1,
                      "Original Hash Batches": 1,
                      "Peak Memory Usage": 81664,
                      "Plans": [
                        {
                          "Node Type": "Hash Join",
                          "Parent Relationship": "Outer",
                          "Parallel Aware": true,
                          "Join Type": "Inner",
                          "Startup Cost": 48747.52,
                          "Total Cost": 93331.09,
                          "Plan Rows": 441301,
                          "Plan Width": 8,
                          "Actual Startup Time": 307.977,
                          "Actual Total Time": 551.431,
                          "Actual Rows": 416586,
                          "Actual Loops": 4,
                          "Inner Unique": true,
                          "Hash Cond": "(mk.movie_id = t.id)",
                          "Plans": [
                            {
                              "Node Type": "Seq Scan",
                              "Parent Relationship": "Outer",
                              "Parallel Aware": true,
                              "Relation Name": "movie_keyword",
                              "Alias": "mk",
                              "Startup Cost": 0.0,
                              "Total Cost": 42695.65,
                              "Plan Rows": 719207,
                              "Plan Width": 4,
                              "Actual Startup Time": 0.343,
                              "Actual Total Time": 125.641,
                              "Actual Rows": 553438,
                              "Actual Loops": 4,
                              "Filter": "(keyword_id > 4963)",
                              "Rows Removed by Filter": 577545
                            },
                            {
                              "Node Type": "Hash",
                              "Parent Relationship": "Inner",
                              "Parallel Aware": true,
                              "Startup Cost": 43899.32,
                              "Total Cost": 43899.32,
                              "Plan Rows": 387856,
                              "Plan Width": 4,
                              "Actual Startup Time": 303.068,
                              "Actual Total Time": 303.07,
                              "Actual Rows": 387932,
                              "Actual Loops": 4,
                              "Hash Buckets": 2097152,
                              "Original Hash Buckets": 2097152,
                              "Hash Batches": 1,
                              "Original Hash Batches": 1,
                              "Peak Memory Usage": 77152,
                              "Plans": [
                                {
                                  "Node Type": "Seq Scan",
                                  "Parent Relationship": "Outer",
                                  "Parallel Aware": true,
                                  "Relation Name": "title",
                                  "Alias": "t",
                                  "Startup Cost": 0.0,
                                  "Total Cost": 43899.32,
                                  "Plan Rows": 387856,
                                  "Plan Width": 4,
                                  "Actual Startup Time": 0.066,
                                  "Actual Total Time": 127.23,
                                  "Actual Rows": 387932,
                                  "Actual Loops": 4,
                                  "Filter": "(production_year < 2007)",
                                  "Rows Removed by Filter": 244146
                                }
                              ]
                            }
                          ]
                        }
                      ]
                    }
                  ]
                }
              ]
            }
          ]
        }
      ]
    },
    "Planning Time": 0.655,
    "Triggers": [],
    "Execution Time": 1336.098
  }
]