[
  {
    "Plan": {
      "Node Type": "Aggregate",
      "Strategy": "Plain",
      "Partial Mode": "Finalize",
      "Parallel Aware": false,
      "Startup Cost": 44982.77,
      "Total Cost": 44982.78,
      "Plan Rows": 1,
      "Plan Width": 8,
      "Actual Startup Time": 61.639,
      "Actual Total Time": 67.433,
      "Actual Rows": 1,
      "Actual Loops": 1,
      "Plans": [
        {
          "Node Type": "Gather",
          "Parent Relationship": "Outer",
          "Parallel Aware": false,
          "Startup Cost": 44982.35,
          "Total Cost": 44982.76,
          "Plan Rows": 4,
          "Plan Width": 8,
          "Actual Startup Time": 61.434,
          "Actual Total Time": 67.426,
          "Actual Rows": 5,
          "Actual Loops": 1,
          "Workers Planned": 4,
          "Workers Launched": 4,
          "Single Copy": false,
          "Plans": [
            {
              "Node Type": "Aggregate",
              "Strategy": "Plain",
              "Partial Mode": "Partial",
              "Parent Relationship": "Outer",
              "Parallel Aware": false,
              "Startup Cost": 43982.35,
              "Total Cost": 43982.36,
              "Plan Rows": 1,
              "Plan Width": 8,
              "Actual Startup Time": 50.725,
              "Actual Total Time": 50.727,
              "Actual Rows": 1,
              "Actual Loops": 5,
              "Plans": [
                {
                  "Node Type": "Nested Loop",
                  "Parent Relationship": "Outer",
                  "Parallel Aware": false,
                  "Join Type": "Inner",
                  "Startup Cost": 2181.97,
                  "Total Cost": 43982.19,
                  "Plan Rows": 62,
                  "Plan Width": 0,
                  "Actual Startup Time": 48.846,
                  "Actual Total Time": 50.722,
                  "Actual Rows": 1,
                  "Actual Loops": 5,
                  "Inner Unique": false,
                  "Join Filter": "(t.id = mi.movie_id)",
                  "Rows Removed by Join Filter": 0,
                  "Plans": [
                    {
                      "Node Type": "Nested Loop",
                      "Parent Relationship": "Outer",
                      "Parallel Aware": false,
                      "Join Type": "Inner",
                      "Startup Cost": 2181.54,
                      "Total Cost": 43953.7,
                      "Plan Rows": 10,
                      "Plan Width": 8,
                      "Actual Startup Time": 48.817,
                      "Actual Total Time": 50.682,
                      "Actual Rows": 0,
                      "Actual Loops": 5,
                      "Inner Unique": false,
                      "Plans": [
                        {
                          "Node Type": "Bitmap Heap Scan",
                          "Parent Relationship": "Outer",
                          "Parallel Aware": true,
                          "Relation Name": "title",
                          "Alias": "t",
                          "Startup Cost": 2180.97,
                          "Total Cost": 38637.23,
                          "Plan Rows": 35,
                          "Plan Width": 4,
                          "Actual Startup Time": 31.115,
                          "Actual Total Time": 49.692,
                          "Actual Rows": 2,
                          "Actual Loops": 5,
                          "Recheck Cond": "(kind_id = 4)",
                          "Rows Removed by Index Recheck": 0,
                          "Filter": "(production_year > 2013)",
                          "Rows Removed by Filter": 23644,
                          "Exact Heap Blocks": 6936,
                          "Lossy Heap Blocks": 0,
                          "Plans": [
                            {
                              "Node Type": "Bitmap Index Scan",
                              "Parent Relationship": "Outer",
                              "Parallel Aware": false,
                              "Index Name": "kind_id_title",
                              "Startup Cost": 0.0,
                              "Total Cost": 2180.94,
                              "Plan Rows": 122201,
                              "Plan Width": 0,
                              "Actual Startup Time": 16.5,
                              "Actual Total Time": 16.5,
                              "Actual Rows": 118234,
                              "Actual Loops": 1,
                              "Index Cond": "(kind_id = 4)"
                            }
                          ]
                        },
                        {
                          "Node Type": "Index Scan",
                          "Parent Relationship": "Inner",
                          "Parallel Aware": false,
                          "Scan Direction": "Forward",
                          "Index Name": "movie_id_cast_info",
                          "Relation Name": "cast_info",
                          "Alias": "ci",
                          "Startup Cost": 0.56,
                          "Total Cost": 151.89,
                          "Plan Rows": 1,
                          "Plan Width": 4,
                          "Actual Startup Time": 0.397,
                          "Actual Total Time": 0.408,
                          "Actual Rows": 0,
                          "Actual Loops": 12,
                          "Index Cond": "(movie_id = t.id)",
                          "Rows Removed by Index Recheck": 0,
                          "Filter": "((person_id < 365412) AND (role_id = 2))",
                          "Rows Removed by Filter": 16
                        }
                      ]
                    },
                    {
                      "Node Type": "Index Only Scan",
                      "Parent Relationship": "Inner",
                      "Parallel Aware": false,
                      "Scan Direction": "Forward",
                      "Index Name": "movie_id_movie_info",
                      "Relation Name": "movie_info",
                      "Alias": "mi",
                      "Startup Cost": 0.43,
                      "Total Cost": 2.32,
                      "Plan Rows": 42,
                      "Plan Width": 4,
                      "Actual Startup Time": 0.134,
                      "Actual Total Time": 0.187,
                      "Actual Rows": 5,
                      "Actual Loops": 1,
                      "Index Cond": "(movie_id = ci.movie_id)",
                      "Rows Removed by Index Recheck": 0,
                      "Heap Fetches": 5
                    }
                  ]
                }
              ]
            }
          ]
        }
      ]
    },
    "Planning Time": 1.376,
    "Triggers": [],
    "Execution Time": 67.536
  }
]