[
  {
    "Plan": {
      "Node Type": "Aggregate",
      "Strategy": "Plain",
      "Partial Mode": "Finalize",
      "Parallel Aware": false,
      "Startup Cost": 54780.56,
      "Total Cost": 54780.57,
      "Plan Rows": 1,
      "Plan Width": 8,
      "Actual Startup Time": 90.166,
      "Actual Total Time": 104.456,
      "Actual Rows": 1,
      "Actual Loops": 1,
      "Plans": [
        {
          "Node Type": "Gather",
          "Parent Relationship": "Outer",
          "Parallel Aware": false,
          "Startup Cost": 54780.14,
          "Total Cost": 54780.55,
          "Plan Rows": 4,
          "Plan Width": 8,
          "Actual Startup Time": 89.997,
          "Actual Total Time": 104.447,
          "Actual Rows": 5,
          "Actual Loops": 1,
          "Workers Planned": 4,
          "Workers Launched": 4,
          "Single Copy": false,
          "Plans": [
            {
              "Node Type": "Aggregate",
              "Strategy": "Plain",
              "Partial Mode": "Partial",
              "Parent Relationship": "Outer",
              "Parallel Aware": false,
              "Startup Cost": 53780.14,
              "Total Cost": 53780.15,
              "Plan Rows": 1,
              "Plan Width": 8,
              "Actual Startup Time": 84.237,
              "Actual Total Time": 84.238,
              "Actual Rows": 1,
              "Actual Loops": 5,
              "Plans": [
                {
                  "Node Type": "Nested Loop",
                  "Parent Relationship": "Outer",
                  "Parallel Aware": false,
                  "Join Type": "Inner",
                  "Startup Cost": 0.43,
                  "Total Cost": 53775.24,
                  "Plan Rows": 1960,
                  "Plan Width": 0,
                  "Actual Startup Time": 50.22,
                  "Actual Total Time": 84.146,
                  "Actual Rows": 1114,
                  "Actual Loops": 5,
                  "Inner Unique": false,
                  "Plans": [
                    {
                      "Node Type": "Seq Scan",
                      "Parent Relationship": "Outer",
                      "Parallel Aware": true,
                      "Relation Name": "title",
                      "Alias": "t",
                      "Startup Cost": 0.0,
                      "Total Cost": 43899.32,
                      "Plan Rows": 1096,
                      "Plan Width": 4,
                      "Actual Startup Time": 45.655,
                      "Actual Total Time": 75.017,
                      "Actual Rows": 903,
                      "Actual Loops": 5,
                      "Filter": "(production_year = 1917)",
                      "Rows Removed by Filter": 504760
                    },
                    {
                      "Node Type": "Index Only Scan",
                      "Parent Relationship": "Inner",
                      "Parallel Aware": false,
                      "Scan Direction": "Forward",
                      "Index Name": "movie_id_movie_keyword",
                      "Relation Name": "movie_keyword",
                      "Alias": "mk",
                      "Startup Cost": 0.43,
                      "Total Cost": 8.55,
                      "Plan Rows": 46,
                      "Plan Width": 4,
                      "Actual Startup Time": 0.009,
                      "Actual Total Time": 0.01,
                      "Actual Rows": 1,
                      "Actual Loops": 4514,
                      "Index Cond": "(movie_id = t.id)",
                      "Rows Removed by Index Recheck": 0,
                      "Heap Fetches": 5568
                    }
                  ]
                }
              ]
            }
          ]
        }
      ]
    },
    "Planning Time": 0.183,
    "Triggers": [],
    "Execution Time": 104.485
  }
]