[
  {
    "Plan": {
      "Node Type": "Aggregate",
      "Strategy": "Plain",
      "Partial Mode": "Finalize",
      "Parallel Aware": false,
      "Startup Cost": 351433.36,
      "Total Cost": 351433.37,
      "Plan Rows": 1,
      "Plan Width": 8,
      "Actual Startup Time": 862.708,
      "Actual Total Time": 921.76,
      "Actual Rows": 1,
      "Actual Loops": 1,
      "Plans": [
        {
          "Node Type": "Gather",
          "Parent Relationship": "Outer",
          "Parallel Aware": false,
          "Startup Cost": 351432.73,
          "Total Cost": 351433.34,
          "Plan Rows": 6,
          "Plan Width": 8,
          "Actual Startup Time": 862.568,
          "Actual Total Time": 921.75,
          "Actual Rows": 7,
          "Actual Loops": 1,
          "Workers Planned": 6,
          "Workers Launched": 6,
          "Single Copy": false,
          "Plans": [
            {
              "Node Type": "Aggregate",
              "Strategy": "Plain",
              "Partial Mode": "Partial",
              "Parent Relationship": "Outer",
              "Parallel Aware": false,
              "Startup Cost": 350432.73,
              "Total Cost": 350432.74,
              "Plan Rows": 1,
              "Plan Width": 8,
              "Actual Startup Time": 852.07,
              "Actual Total Time": 852.071,
              "Actual Rows": 1,
              "Actual Loops": 7,
              "Plans": [
                {
                  "Node Type": "Seq Scan",
                  "Parent Relationship": "Outer",
                  "Parallel Aware": true,
                  "Relation Name": "cast_info",
                  "Alias": "ci",
                  "Startup Cost": 0.0,
                  "Total Cost": 343257.03,
                  "Plan Rows": 2870282,
                  "Plan Width": 0,
                  "Actual Startup Time": 222.586,
                  "Actual Total Time": 739.91,
                  "Actual Rows": 2265033,
                  "Actual Loops": 7,
                  "Filter": "((person_id > 1629287) AND (role_id < 10))",
                  "Rows Removed by Filter": 2912730
                }
              ]
            }
          ]
        }
      ]
    },
    "Planning Time": 0.191,
    "Triggers": [],
    "Execution Time": 921.925
  }
]