[
  {
    "Plan": {
      "Node Type": "Aggregate",
      "Strategy": "Plain",
      "Partial Mode": "Finalize",
      "Parallel Aware": false,
      "Startup Cost": 32860.92,
      "Total Cost": 32860.93,
      "Plan Rows": 1,
      "Plan Width": 8,
      "Actual Startup Time": 89.66,
      "Actual Total Time": 97.516,
      "Actual Rows": 1,
      "Actual Loops": 1,
      "Plans": [
        {
          "Node Type": "Gather",
          "Parent Relationship": "Outer",
          "Parallel Aware": false,
          "Startup Cost": 32860.61,
          "Total Cost": 32860.92,
          "Plan Rows": 3,
          "Plan Width": 8,
          "Actual Startup Time": 89.529,
          "Actual Total Time": 97.509,
          "Actual Rows": 4,
          "Actual Loops": 1,
          "Workers Planned": 3,
          "Workers Launched": 3,
          "Single Copy": false,
          "Plans": [
            {
              "Node Type": "Aggregate",
              "Strategy": "Plain",
              "Partial Mode": "Partial",
              "Parent Relationship": "Outer",
              "Parallel Aware": false,
              "Startup Cost": 31860.61,
              "Total Cost": 31860.62,
              "Plan Rows": 1,
              "Plan Width": 8,
              "Actual Startup Time": 81.137,
              "Actual Total Time": 81.138,
              "Actual Rows": 1,
              "Actual Loops": 4,
              "Plans": [
                {
                  "Node Type": "Seq Scan",
                  "Parent Relationship": "Outer",
                  "Parallel Aware": true,
                  "Relation Name": "movie_companies",
                  "Alias": "mc",
                  "Startup Cost": 0.0,
                  "Total Cost": 31414.82,
                  "Plan Rows": 178315,
                  "Plan Width": 0,
                  "Actual Startup Time": 49.002,
                  "Actual Total Time": 77.701,
                  "Actual Rows": 85476,
                  "Actual Loops": 4,
                  "Filter": "((company_id < 7166) AND (company_type_id = 2))",
                  "Rows Removed by Filter": 566806
                }
              ]
            }
          ]
        }
      ]
    },
    "Planning Time": 0.205,
    "Triggers": [],
    "Execution Time": 97.569
  }
]