[
  {
    "Plan": {
      "Node Type": "Aggregate",
      "Strategy": "Plain",
      "Partial Mode": "Finalize",
      "Parallel Aware": false,
      "Startup Cost": 28088.05,
      "Total Cost": 28088.06,
      "Plan Rows": 1,
      "Plan Width": 8,
      "Actual Startup Time": 50.389,
      "Actual Total Time": 61.131,
      "Actual Rows": 1,
      "Actual Loops": 1,
      "Plans": [
        {
          "Node Type": "Gather",
          "Parent Relationship": "Outer",
          "Parallel Aware": false,
          "Startup Cost": 28087.84,
          "Total Cost": 28088.05,
          "Plan Rows": 2,
          "Plan Width": 8,
          "Actual Startup Time": 50.258,
          "Actual Total Time": 61.124,
          "Actual Rows": 3,
          "Actual Loops": 1,
          "Workers Planned": 2,
          "Workers Launched": 2,
          "Single Copy": false,
          "Plans": [
            {
              "Node Type": "Aggregate",
              "Strategy": "Plain",
              "Partial Mode": "Partial",
              "Parent Relationship": "Outer",
              "Parallel Aware": false,
              "Startup Cost": 27087.84,
              "Total Cost": 27087.85,
              "Plan Rows": 1,
              "Plan Width": 8,
              "Actual Startup Time": 43.968,
              "Actual Total Time": 43.969,
              "Actual Rows": 1,
              "Actual Loops": 3,
              "Plans": [
                {
                  "Node Type": "Nested Loop",
                  "Parent Relationship": "Outer",
                  "Parallel Aware": false,
                  "Join Type": "Inner",
                  "Startup Cost": 95.19,
                  "Total Cost": 27084.22,
                  "Plan Rows": 1445,
                  "Plan Width": 0,
                  "Actual Startup Time": 1.653,
                  "Actual Total Time": 43.717,
                  "Actual Rows": 1260,
                  "Actual Loops": 3,
                  "Inner Unique": false,
                  "Plans": [
                    {
                      "Node Type": "Nested Loop",
                      "Parent Relationship": "Outer",
                      "Parallel Aware": false,
                      "Join Type": "Inner",
                      "Startup Cost": 94.75,
                      "Total Cost": 24852.47,
                      "Plan Rows": 1205,
                      "Plan Width": 8,
                      "Actual Startup Time": 1.446,
                      "Actual Total Time": 16.913,
                      "Actual Rows": 1233,
                      "Actual Loops": 3,
                      "Inner Unique": true,
                      "Plans": [
                        {
                          "Node Type": "Bitmap Heap Scan",
                          "Parent Relationship": "Outer",
                          "Parallel Aware": true,
                          "Relation Name": "movie_keyword",
                          "Alias": "mk",
                          "Startup Cost": 94.32,
                          "Total Cost": 11296.48,
                          "Plan Rows": 1822,
                          "Plan Width": 4,
                          "Actual Startup Time": 1.255,
                          "Actual Total Time": 4.639,
                          "Actual Rows": 1399,
                          "Actual Loops": 3,
                          "Recheck Cond": "(keyword_id = 1578)",
                          "Rows Removed by Index Recheck": 0,
                          "Exact Heap Blocks": 1066,
                          "Lossy Heap Blocks": 0,
                          "Plans": [
                            {
                              "Node Type": "Bitmap Index Scan",
                              "Parent Relationship": "Outer",
                              "Parallel Aware": false,
                              "Index Name": "keyword_id_movie_keyword",
                              "Startup Cost": 0.0,
                              "Total Cost": 93.23,
                              "Plan Rows": 4373,
                              "Plan Width": 0,
                              "Actual Startup Time": 2.758,
                              "Actual Total Time": 2.759,
                              "Actual Rows": 4196,
                              "Actual Loops": 1,
                              "Index Cond": "(keyword_id = 1578)"
                            }
                          ]
                        },
                        {
                          "Node Type": "Index Scan",
                          "Parent Relationship": "Inner",
                          "Parallel Aware": false,
                          "Scan Direction": "Forward",
                          "Index Name": "title_pkey",
                          "Relation Name": "title",
                          "Alias": "t",
                          "Startup Cost": 0.43,
                          "Total Cost": 7.44,
                          "Plan Rows": 1,
                          "Plan Width": 4,
                          "Actual Startup Time": 0.008,
                          "Actual Total Time": 0.008,
                          "Actual Rows": 1,
                          "Actual Loops": 4196,
                          "Index Cond": "(id = mk.movie_id)",
                          "Rows Removed by Index Recheck": 0,
                          "Filter": "(production_year < 2008)",
                          "Rows Removed by Filter": 0
                        }
                      ]
                    },
                    {
                      "Node Type": "Index Scan",
                      "Parent Relationship": "Inner",
                      "Parallel Aware": false,
                      "Scan Direction": "Forward",
                      "Index Name": "movie_id_movie_info",
                      "Relation Name": "movie_info",
                      "Alias": "mi",
                      "Startup Cost": 0.43,
                      "Total Cost": 1.77,
                      "Plan Rows": 8,
                      "Plan Width": 4,
                      "Actual Startup Time": 0.014,
                      "Actual Total Time": 0.021,
                      "Actual Rows": 1,
                      "Actual Loops": 3700,
                      "Index Cond": "(movie_id = t.id)",
                      "Rows Removed by Index Recheck": 0,
                      "Filter": "(info_type_id = 16)",
                      "Rows Removed by Filter": 7
                    }
                  ]
                }
              ]
            }
          ]
        }
      ]
    },
    "Planning Time": 1.289,
    "Triggers": [],
    "Execution Time": 61.23
  }
]