[
  {
    "Plan": {
      "Node Type": "Aggregate",
      "Strategy": "Plain",
      "Partial Mode": "Finalize",
      "Parallel Aware": false,
      "Startup Cost": 37739.88,
      "Total Cost": 37739.89,
      "Plan Rows": 1,
      "Plan Width": 8,
      "Actual Startup Time": 24.469,
      "Actual Total Time": 28.854,
      "Actual Rows": 1,
      "Actual Loops": 1,
      "Plans": [
        {
          "Node Type": "Gather",
          "Parent Relationship": "Outer",
          "Parallel Aware": false,
          "Startup Cost": 37739.66,
          "Total Cost": 37739.87,
          "Plan Rows": 2,
          "Plan Width": 8,
          "Actual Startup Time": 24.288,
          "Actual Total Time": 28.85,
          "Actual Rows": 3,
          "Actual Loops": 1,
          "Workers Planned": 2,
          "Workers Launched": 2,
          "Single Copy": false,
          "Plans": [
            {
              "Node Type": "Aggregate",
              "Strategy": "Plain",
              "Partial Mode": "Partial",
              "Parent Relationship": "Outer",
              "Parallel Aware": false,
              "Startup Cost": 36739.66,
              "Total Cost": 36739.67,
              "Plan Rows": 1,
              "Plan Width": 8,
              "Actual Startup Time": 21.546,
              "Actual Total Time": 21.547,
              "Actual Rows": 1,
              "Actual Loops": 3,
              "Plans": [
                {
                  "Node Type": "Nested Loop",
                  "Parent Relationship": "Outer",
                  "Parallel Aware": false,
                  "Join Type": "Inner",
                  "Startup Cost": 156.96,
                  "Total Cost": 36734.69,
                  "Plan Rows": 1988,
                  "Plan Width": 0,
                  "Actual Startup Time": 0.485,
                  "Actual Total Time": 21.278,
                  "Actual Rows": 2808,
                  "Actual Loops": 3,
                  "Inner Unique": true,
                  "Plans": [
                    {
                      "Node Type": "Bitmap Heap Scan",
                      "Parent Relationship": "Outer",
                      "Parallel Aware": true,
                      "Relation Name": "movie_keyword",
                      "Alias": "mk",
                      "Startup Cost": 156.53,
                      "Total Cost": 15809.74,
                      "Plan Rows": 3016,
                      "Plan Width": 4,
                      "Actual Startup Time": 0.431,
                      "Actual Total Time": 3.56,
                      "Actual Rows": 3020,
                      "Actual Loops": 3,
                      "Recheck Cond": "(keyword_id = 47)",
                      "Rows Removed by Index Recheck": 0,
                      "Exact Heap Blocks": 1459,
                      "Lossy Heap Blocks": 0,
                      "Plans": [
                        {
                          "Node Type": "Bitmap Index Scan",
                          "Parent Relationship": "Outer",
                          "Parallel Aware": false,
                          "Index Name": "keyword_id_movie_keyword",
                          "Startup Cost": 0.0,
                          "Total Cost": 154.72,
                          "Plan Rows": 7238,
                          "Plan Width": 0,
                          "Actual Startup Time": 0.918,
                          "Actual Total Time": 0.918,
                          "Actual Rows": 9060,
                          "Actual Loops": 1,
                          "Index Cond": "(keyword_id = 47)"
                        }
                      ]
                    },
                    {
                      "Node Type": "Index Scan",
                      "Parent Relationship": "Inner",
                      "Parallel Aware": false,
                      "Scan Direction": "Forward",
                      "Index Name": "title_pkey",
                      "Relation Name": "title",
                      "Alias": "t",
                      "Startup Cost": 0.43,
                      "Total Cost": 6.94,
                      "Plan Rows": 1,
                      "Plan Width": 4,
                      "Actual Startup Time": 0.005,
                      "Actual Total Time": 0.005,
                      "Actual Rows": 1,
                      "Actual Loops": 9060,
                      "Index Cond": "(id = mk.movie_id)",
                      "Rows Removed by Index Recheck": 0,
                      "Filter": "(production_year < 2008)",
                      "Rows Removed by Filter": 0
                    }
                  ]
                }
              ]
            }
          ]
        }
      ]
    },
    "Planning Time": 0.157,
    "Triggers": [],
    "Execution Time": 28.882
  }
]