[
  {
    "Plan": {
      "Node Type": "Aggregate",
      "Strategy": "Plain",
      "Partial Mode": "Finalize",
      "Parallel Aware": false,
      "Startup Cost": 38374.19,
      "Total Cost": 38374.2,
      "Plan Rows": 1,
      "Plan Width": 8,
      "Actual Startup Time": 33.671,
      "Actual Total Time": 38.931,
      "Actual Rows": 1,
      "Actual Loops": 1,
      "Plans": [
        {
          "Node Type": "Gather",
          "Parent Relationship": "Outer",
          "Parallel Aware": false,
          "Startup Cost": 38373.98,
          "Total Cost": 38374.19,
          "Plan Rows": 2,
          "Plan Width": 8,
          "Actual Startup Time": 33.361,
          "Actual Total Time": 38.926,
          "Actual Rows": 3,
          "Actual Loops": 1,
          "Workers Planned": 2,
          "Workers Launched": 2,
          "Single Copy": false,
          "Plans": [
            {
              "Node Type": "Aggregate",
              "Strategy": "Plain",
              "Partial Mode": "Partial",
              "Parent Relationship": "Outer",
              "Parallel Aware": false,
              "Startup Cost": 37373.98,
              "Total Cost": 37373.99,
              "Plan Rows": 1,
              "Plan Width": 8,
              "Actual Startup Time": 30.314,
              "Actual Total Time": 30.315,
              "Actual Rows": 1,
              "Actual Loops": 3,
              "Plans": [
                {
                  "Node Type": "Nested Loop",
                  "Parent Relationship": "Outer",
                  "Parallel Aware": false,
                  "Join Type": "Inner",
                  "Startup Cost": 158.55,
                  "Total Cost": 37373.95,
                  "Plan Rows": 9,
                  "Plan Width": 0,
                  "Actual Startup Time": 2.826,
                  "Actual Total Time": 30.299,
                  "Actual Rows": 65,
                  "Actual Loops": 3,
                  "Inner Unique": false,
                  "Plans": [
                    {
                      "Node Type": "Nested Loop",
                      "Parent Relationship": "Outer",
                      "Parallel Aware": false,
                      "Join Type": "Inner",
                      "Startup Cost": 158.13,
                      "Total Cost": 37298.23,
                      "Plan Rows": 17,
                      "Plan Width": 8,
                      "Actual Startup Time": 2.761,
                      "Actual Total Time": 29.735,
                      "Actual Rows": 40,
                      "Actual Loops": 3,
                      "Inner Unique": true,
                      "Plans": [
                        {
                          "Node Type": "Bitmap Heap Scan",
                          "Parent Relationship": "Outer",
                          "Parallel Aware": true,
                          "Relation Name": "movie_keyword",
                          "Alias": "mk",
                          "Startup Cost": 157.7,
                          "Total Cost": 16007.73,
                          "Plan Rows": 3079,
                          "Plan Width": 4,
                          "Actual Startup Time": 1.347,
                          "Actual Total Time": 10.02,
                          "Actual Rows": 2799,
                          "Actual Loops": 3,
                          "Recheck Cond": "(keyword_id = 348)",
                          "Rows Removed by Index Recheck": 0,
                          "Exact Heap Blocks": 3160,
                          "Lossy Heap Blocks": 0,
                          "Plans": [
                            {
                              "Node Type": "Bitmap Index Scan",
                              "Parent Relationship": "Outer",
                              "Parallel Aware": false,
                              "Index Name": "keyword_id_movie_keyword",
                              "Startup Cost": 0.0,
                              "Total Cost": 155.85,
                              "Plan Rows": 7389,
                              "Plan Width": 0,
                              "Actual Startup Time": 2.7,
                              "Actual Total Time": 2.7,
                              "Actual Rows": 8397,
                              "Actual Loops": 1,
                              "Index Cond": "(keyword_id = 348)"
                            }
                          ]
                        },
                        {
                          "Node Type": "Index Scan",
                          "Parent Relationship": "Inner",
                          "Parallel Aware": false,
                          "Scan Direction": "Forward",
                          "Index Name": "title_pkey",
                          "Relation Name": "title",
                          "Alias": "t",
                          "Startup Cost": 0.43,
                          "Total Cost": 6.91,
                          "Plan Rows": 1,
                          "Plan Width": 4,
                          "Actual Startup Time": 0.007,
                          "Actual Total Time": 0.007,
                          "Actual Rows": 0,
                          "Actual Loops": 8397,
                          "Index Cond": "(id = mk.movie_id)",
                          "Rows Removed by Index Recheck": 0,
                          "Filter": "(production_year = 1981)",
                          "Rows Removed by Filter": 1
                        }
                      ]
                    },
                    {
                      "Node Type": "Index Only Scan",
                      "Parent Relationship": "Inner",
                      "Parallel Aware": false,
                      "Scan Direction": "Forward",
                      "Index Name": "movie_id_movie_info_idx",
                      "Relation Name": "movie_info_idx",
                      "Alias": "mi_idx",
                      "Startup Cost": 0.43,
                      "Total Cost": 4.42,
                      "Plan Rows": 3,
                      "Plan Width": 4,
                      "Actual Startup Time": 0.013,
                      "Actual Total Time": 0.013,
                      "Actual Rows": 2,
                      "Actual Loops": 121,
                      "Index Cond": "(movie_id = t.id)",
                      "Rows Removed by Index Recheck": 0,
                      "Heap Fetches": 195
                    }
                  ]
                }
              ]
            }
          ]
        }
      ]
    },
    "Planning Time": 0.525,
    "Triggers": [],
    "Execution Time": 38.98
  }
]