[
  {
    "Plan": {
      "Node Type": "Aggregate",
      "Strategy": "Plain",
      "Partial Mode": "Finalize",
      "Parallel Aware": false,
      "Startup Cost": 339513.44,
      "Total Cost": 339513.45,
      "Plan Rows": 1,
      "Plan Width": 8,
      "Actual Startup Time": 755.156,
      "Actual Total Time": 811.493,
      "Actual Rows": 1,
      "Actual Loops": 1,
      "Plans": [
        {
          "Node Type": "Gather",
          "Parent Relationship": "Outer",
          "Parallel Aware": false,
          "Startup Cost": 339512.81,
          "Total Cost": 339513.42,
          "Plan Rows": 6,
          "Plan Width": 8,
          "Actual Startup Time": 755.04,
          "Actual Total Time": 811.481,
          "Actual Rows": 7,
          "Actual Loops": 1,
          "Workers Planned": 6,
          "Workers Launched": 6,
          "Single Copy": false,
          "Plans": [
            {
              "Node Type": "Aggregate",
              "Strategy": "Plain",
              "Partial Mode": "Partial",
              "Parent Relationship": "Outer",
              "Parallel Aware": false,
              "Startup Cost": 338512.81,
              "Total Cost": 338512.82,
              "Plan Rows": 1,
              "Plan Width": 8,
              "Actual Startup Time": 745.767,
              "Actual Total Time": 745.768,
              "Actual Rows": 1,
              "Actual Loops": 7,
              "Plans": [
                {
                  "Node Type": "Seq Scan",
                  "Parent Relationship": "Outer",
                  "Parallel Aware": true,
                  "Relation Name": "cast_info",
                  "Alias": "ci",
                  "Startup Cost": 0.0,
                  "Total Cost": 328162.03,
                  "Plan Rows": 4140315,
                  "Plan Width": 0,
                  "Actual Startup Time": 134.633,
                  "Actual Total Time": 599.938,
                  "Actual Rows": 3551353,
                  "Actual Loops": 7,
                  "Filter": "(person_id > 1118905)",
                  "Rows Removed by Filter": 1626410
                }
              ]
            }
          ]
        }
      ]
    },
    "Planning Time": 0.194,
    "Triggers": [],
    "Execution Time": 811.562
  }
]