{
  "Plan": {
    "Node Type": "Aggregate",
    "Strategy": "Plain",
    "Partial Mode": "Finalize",
    "Parallel Aware": false,
    "Startup Cost": 96474.92,
    "Total Cost": 96474.93,
    "Plan Rows": 1,
    "Plan Width": 8,
    "Actual Startup Time": 513.811,
    "Actual Total Time": 525.749,
    "Actual Rows": 1,
    "Actual Loops": 1,
    "Plans": [
      {
        "Node Type": "Gather",
        "Parent Relationship": "Outer",
        "Parallel Aware": false,
        "Startup Cost": 96474.81,
        "Total Cost": 96474.92,
        "Plan Rows": 1,
        "Plan Width": 8,
        "Actual Startup Time": 512.449,
        "Actual Total Time": 525.743,
        "Actual Rows": 2,
        "Actual Loops": 1,
        "Workers Planned": 1,
        "Workers Launched": 1,
        "Single Copy": false,
        "Plans": [
          {
            "Node Type": "Aggregate",
            "Strategy": "Plain",
            "Partial Mode": "Partial",
            "Parent Relationship": "Outer",
            "Parallel Aware": false,
            "Startup Cost": 95474.81,
            "Total Cost": 95474.82,
            "Plan Rows": 1,
            "Plan Width": 8,
            "Actual Startup Time": 506.358,
            "Actual Total Time": 506.362,
            "Actual Rows": 1,
            "Actual Loops": 2,
            "Plans": [
              {
                "Node Type": "Hash Join",
                "Parent Relationship": "Outer",
                "Parallel Aware": true,
                "Join Type": "Inner",
                "Startup Cost": 33246.78,
                "Total Cost": 95241.32,
                "Plan Rows": 93397,
                "Plan Width": 0,
                "Actual Startup Time": 158.894,
                "Actual Total Time": 502.514,
                "Actual Rows": 66184,
                "Actual Loops": 2,
                "Inner Unique": false,
                "Hash Cond": "(t.id = mc.movie_id)",
                "Plans": [
                  {
                    "Node Type": "Seq Scan",
                    "Parent Relationship": "Outer",
                    "Parallel Aware": true,
                    "Relation Name": "title",
                    "Alias": "t",
                    "Startup Cost": 0.0,
                    "Total Cost": 54588.39,
                    "Plan Rows": 1097081,
                    "Plan Width": 4,
                    "Actual Startup Time": 0.013,
                    "Actual Total Time": 162.244,
                    "Actual Rows": 932744,
                    "Actual Loops": 2,
                    "Filter": "(kind_id > 1)",
                    "Rows Removed by Filter": 331412
                  },
                  {
                    "Node Type": "Hash",
                    "Parent Relationship": "Inner",
                    "Parallel Aware": true,
                    "Startup Cost": 31664.14,
                    "Total Cost": 31664.14,
                    "Plan Rows": 126611,
                    "Plan Width": 4,
                    "Actual Startup Time": 143.088,
                    "Actual Total Time": 143.09,
                    "Actual Rows": 215576,
                    "Actual Loops": 2,
                    "Hash Buckets": 524288,
                    "Original Hash Buckets": 262144,
                    "Hash Batches": 1,
                    "Original Hash Batches": 1,
                    "Peak Memory Usage": 23072,
                    "Plans": [
                      {
                        "Node Type": "Bitmap Heap Scan",
                        "Parent Relationship": "Outer",
                        "Parallel Aware": true,
                        "Relation Name": "movie_companies",
                        "Alias": "mc",
                        "Startup Cost": 9133.65,
                        "Total Cost": 31664.14,
                        "Plan Rows": 126611,
                        "Plan Width": 4,
                        "Actual Startup Time": 41.283,
                        "Actual Total Time": 92.326,
                        "Actual Rows": 215576,
                        "Actual Loops": 2,
                        "Recheck Cond": "(company_id > 79056)",
                        "Rows Removed by Index Recheck": 0,
                        "Filter": "(company_type_id = 2)",
                        "Rows Removed by Filter": 0,
                        "Exact Heap Blocks": 4714,
                        "Lossy Heap Blocks": 0,
                        "Plans": [
                          {
                            "Node Type": "Bitmap Index Scan",
                            "Parent Relationship": "Outer",
                            "Parallel Aware": false,
                            "Index Name": "company_id_movie_companies",
                            "Startup Cost": 0.0,
                            "Total Cost": 9079.85,
                            "Plan Rows": 423922,
                            "Plan Width": 0,
                            "Actual Startup Time": 42.601,
                            "Actual Total Time": 42.601,
                            "Actual Rows": 431153,
                            "Actual Loops": 1,
                            "Index Cond": "(company_id > 79056)"
                          }
                        ]
                      }
                    ]
                  }
                ]
              }
            ]
          }
        ]
      }
    ]
  },
  "Planning Time": 0.646,
  "Triggers": [],
  "Execution Time": 525.839
}