[
  {
    "Plan": {
      "Node Type": "Aggregate",
      "Strategy": "Plain",
      "Partial Mode": "Finalize",
      "Parallel Aware": false,
      "Startup Cost": 78289.57,
      "Total Cost": 78289.58,
      "Plan Rows": 1,
      "Plan Width": 8,
      "Actual Startup Time": 155.233,
      "Actual Total Time": 163.723,
      "Actual Rows": 1,
      "Actual Loops": 1,
      "Plans": [
        {
          "Node Type": "Gather",
          "Parent Relationship": "Outer",
          "Parallel Aware": false,
          "Startup Cost": 78289.25,
          "Total Cost": 78289.56,
          "Plan Rows": 3,
          "Plan Width": 8,
          "Actual Startup Time": 154.655,
          "Actual Total Time": 163.716,
          "Actual Rows": 4,
          "Actual Loops": 1,
          "Workers Planned": 3,
          "Workers Launched": 3,
          "Single Copy": false,
          "Plans": [
            {
              "Node Type": "Aggregate",
              "Strategy": "Plain",
              "Partial Mode": "Partial",
              "Parent Relationship": "Outer",
              "Parallel Aware": false,
              "Startup Cost": 77289.25,
              "Total Cost": 77289.26,
              "Plan Rows": 1,
              "Plan Width": 8,
              "Actual Startup Time": 151.563,
              "Actual Total Time": 151.567,
              "Actual Rows": 1,
              "Actual Loops": 4,
              "Plans": [
                {
                  "Node Type": "Hash Join",
                  "Parent Relationship": "Outer",
                  "Parallel Aware": true,
                  "Join Type": "Inner",
                  "Startup Cost": 51501.51,
                  "Total Cost": 77282.3,
                  "Plan Rows": 2780,
                  "Plan Width": 0,
                  "Actual Startup Time": 100.703,
                  "Actual Total Time": 151.537,
                  "Actual Rows": 300,
                  "Actual Loops": 4,
                  "Inner Unique": true,
                  "Hash Cond": "(mk.movie_id = t.id)",
                  "Plans": [
                    {
                      "Node Type": "Bitmap Heap Scan",
                      "Parent Relationship": "Outer",
                      "Parallel Aware": true,
                      "Relation Name": "movie_keyword",
                      "Alias": "mk",
                      "Startup Cost": 5771.94,
                      "Total Cost": 31322.46,
                      "Plan Rows": 87722,
                      "Plan Width": 4,
                      "Actual Startup Time": 19.492,
                      "Actual Total Time": 60.486,
                      "Actual Rows": 67778,
                      "Actual Loops": 4,
                      "Recheck Cond": "(keyword_id > 58161)",
                      "Rows Removed by Index Recheck": 0,
                      "Exact Heap Blocks": 7642,
                      "Lossy Heap Blocks": 0,
                      "Plans": [
                        {
                          "Node Type": "Bitmap Index Scan",
                          "Parent Relationship": "Outer",
                          "Parallel Aware": false,
                          "Index Name": "keyword_id_movie_keyword",
                          "Startup Cost": 0.0,
                          "Total Cost": 5703.96,
                          "Plan Rows": 271937,
                          "Plan Width": 0,
                          "Actual Startup Time": 16.292,
                          "Actual Total Time": 16.293,
                          "Actual Rows": 271112,
                          "Actual Loops": 1,
                          "Index Cond": "(keyword_id > 58161)"
                        }
                      ]
                    },
                    {
                      "Node Type": "Hash",
                      "Parent Relationship": "Inner",
                      "Parallel Aware": true,
                      "Startup Cost": 45479.21,
                      "Total Cost": 45479.21,
                      "Plan Rows": 20029,
                      "Plan Width": 4,
                      "Actual Startup Time": 80.403,
                      "Actual Total Time": 80.404,
                      "Actual Rows": 21171,
                      "Actual Loops": 4,
                      "Hash Buckets": 131072,
                      "Original Hash Buckets": 131072,
                      "Hash Batches": 1,
                      "Original Hash Batches": 1,
                      "Peak Memory Usage": 4416,
                      "Plans": [
                        {
                          "Node Type": "Seq Scan",
                          "Parent Relationship": "Outer",
                          "Parallel Aware": true,
                          "Relation Name": "title",
                          "Alias": "t",
                          "Startup Cost": 0.0,
                          "Total Cost": 45479.21,
                          "Plan Rows": 20029,
                          "Plan Width": 4,
                          "Actual Startup Time": 0.015,
                          "Actual Total Time": 73.974,
                          "Actual Rows": 21171,
                          "Actual Loops": 4,
                          "Filter": "((kind_id = 7) AND (production_year = 2009))",
                          "Rows Removed by Filter": 610907
                        }
                      ]
                    }
                  ]
                }
              ]
            }
          ]
        }
      ]
    },
    "Planning Time": 0.225,
    "Triggers": [],
    "Execution Time": 163.758
  }
]