{
  "Plan": {
    "Node Type": "Aggregate",
    "Strategy": "Plain",
    "Partial Mode": "Finalize",
    "Parallel Aware": false,
    "Startup Cost": 117028.1,
    "Total Cost": 117028.11,
    "Plan Rows": 1,
    "Plan Width": 8,
    "Actual Startup Time": 349.994,
    "Actual Total Time": 365.502,
    "Actual Rows": 1,
    "Actual Loops": 1,
    "Plans": [
      {
        "Node Type": "Gather",
        "Parent Relationship": "Outer",
        "Parallel Aware": false,
        "Startup Cost": 117027.99,
        "Total Cost": 117028.1,
        "Plan Rows": 1,
        "Plan Width": 8,
        "Actual Startup Time": 349.587,
        "Actual Total Time": 365.495,
        "Actual Rows": 2,
        "Actual Loops": 1,
        "Workers Planned": 1,
        "Workers Launched": 1,
        "Single Copy": false,
        "Plans": [
          {
            "Node Type": "Aggregate",
            "Strategy": "Plain",
            "Partial Mode": "Partial",
            "Parent Relationship": "Outer",
            "Parallel Aware": false,
            "Startup Cost": 116027.99,
            "Total Cost": 116028.0,
            "Plan Rows": 1,
            "Plan Width": 8,
            "Actual Startup Time": 345.283,
            "Actual Total Time": 345.287,
            "Actual Rows": 1,
            "Actual Loops": 2,
            "Plans": [
              {
                "Node Type": "Hash Join",
                "Parent Relationship": "Outer",
                "Parallel Aware": true,
                "Join Type": "Inner",
                "Startup Cost": 56417.03,
                "Total Cost": 115997.75,
                "Plan Rows": 12095,
                "Plan Width": 0,
                "Actual Startup Time": 145.468,
                "Actual Total Time": 344.563,
                "Actual Rows": 14515,
                "Actual Loops": 2,
                "Inner Unique": true,
                "Hash Cond": "(mk.movie_id = t.id)",
                "Plans": [
                  {
                    "Node Type": "Seq Scan",
                    "Parent Relationship": "Outer",
                    "Parallel Aware": true,
                    "Relation Name": "movie_keyword",
                    "Alias": "mk",
                    "Startup Cost": 0.0,
                    "Total Cost": 57718.19,
                    "Plan Rows": 709536,
                    "Plan Width": 4,
                    "Actual Startup Time": 1.68,
                    "Actual Total Time": 156.613,
                    "Actual Rows": 605448,
                    "Actual Loops": 2,
                    "Filter": "(keyword_id > 15111)",
                    "Rows Removed by Filter": 1656517
                  },
                  {
                    "Node Type": "Hash",
                    "Parent Relationship": "Inner",
                    "Parallel Aware": true,
                    "Startup Cost": 56100.12,
                    "Total Cost": 56100.12,
                    "Plan Rows": 25353,
                    "Plan Width": 4,
                    "Actual Startup Time": 142.355,
                    "Actual Total Time": 142.357,
                    "Actual Rows": 18805,
                    "Actual Loops": 2,
                    "Hash Buckets": 65536,
                    "Original Hash Buckets": 65536,
                    "Hash Batches": 1,
                    "Original Hash Batches": 1,
                    "Peak Memory Usage": 2016,
                    "Plans": [
                      {
                        "Node Type": "Bitmap Heap Scan",
                        "Parent Relationship": "Outer",
                        "Parallel Aware": true,
                        "Relation Name": "title",
                        "Alias": "t",
                        "Startup Cost": 13449.73,
                        "Total Cost": 56100.12,
                        "Plan Rows": 25353,
                        "Plan Width": 4,
                        "Actual Startup Time": 52.318,
                        "Actual Total Time": 137.754,
                        "Actual Rows": 18805,
                        "Actual Loops": 2,
                        "Recheck Cond": "(kind_id < 3)",
                        "Rows Removed by Index Recheck": 0,
                        "Filter": "(production_year = 2010)",
                        "Rows Removed by Filter": 358034,
                        "Exact Heap Blocks": 27989,
                        "Lossy Heap Blocks": 0,
                        "Plans": [
                          {
                            "Node Type": "Bitmap Index Scan",
                            "Parent Relationship": "Outer",
                            "Parallel Aware": false,
                            "Index Name": "kind_id_title",
                            "Startup Cost": 0.0,
                            "Total Cost": 13438.96,
                            "Plan Rows": 753937,
                            "Plan Width": 0,
                            "Actual Startup Time": 49.178,
                            "Actual Total Time": 49.179,
                            "Actual Rows": 753677,
                            "Actual Loops": 1,
                            "Index Cond": "(kind_id < 3)"
                          }
                        ]
                      }
                    ]
                  }
                ]
              }
            ]
          }
        ]
      }
    ]
  },
  "Planning Time": 0.468,
  "Triggers": [],
  "Execution Time": 365.596
}