[
  {
    "Plan": {
      "Node Type": "Aggregate",
      "Strategy": "Plain",
      "Partial Mode": "Finalize",
      "Parallel Aware": false,
      "Startup Cost": 25565.19,
      "Total Cost": 25565.2,
      "Plan Rows": 1,
      "Plan Width": 8,
      "Actual Startup Time": 132.369,
      "Actual Total Time": 159.086,
      "Actual Rows": 1,
      "Actual Loops": 1,
      "Plans": [
        {
          "Node Type": "Gather",
          "Parent Relationship": "Outer",
          "Parallel Aware": false,
          "Startup Cost": 25565.08,
          "Total Cost": 25565.19,
          "Plan Rows": 1,
          "Plan Width": 8,
          "Actual Startup Time": 132.321,
          "Actual Total Time": 159.078,
          "Actual Rows": 2,
          "Actual Loops": 1,
          "Workers Planned": 1,
          "Workers Launched": 1,
          "Single Copy": false,
          "Plans": [
            {
              "Node Type": "Aggregate",
              "Strategy": "Plain",
              "Partial Mode": "Partial",
              "Parent Relationship": "Outer",
              "Parallel Aware": false,
              "Startup Cost": 24565.08,
              "Total Cost": 24565.09,
              "Plan Rows": 1,
              "Plan Width": 8,
              "Actual Startup Time": 125.982,
              "Actual Total Time": 125.984,
              "Actual Rows": 1,
              "Actual Loops": 2,
              "Plans": [
                {
                  "Node Type": "Nested Loop",
                  "Parent Relationship": "Outer",
                  "Parallel Aware": false,
                  "Join Type": "Inner",
                  "Startup Cost": 63.67,
                  "Total Cost": 24504.6,
                  "Plan Rows": 24191,
                  "Plan Width": 0,
                  "Actual Startup Time": 2.921,
                  "Actual Total Time": 122.563,
                  "Actual Rows": 50631,
                  "Actual Loops": 2,
                  "Inner Unique": false,
                  "Plans": [
                    {
                      "Node Type": "Nested Loop",
                      "Parent Relationship": "Outer",
                      "Parallel Aware": false,
                      "Join Type": "Inner",
                      "Startup Cost": 63.1,
                      "Total Cost": 20811.1,
                      "Plan Rows": 1688,
                      "Plan Width": 8,
                      "Actual Startup Time": 2.753,
                      "Actual Total Time": 15.079,
                      "Actual Rows": 1455,
                      "Actual Loops": 2,
                      "Inner Unique": true,
                      "Plans": [
                        {
                          "Node Type": "Bitmap Heap Scan",
                          "Parent Relationship": "Outer",
                          "Parallel Aware": true,
                          "Relation Name": "movie_companies",
                          "Alias": "mc",
                          "Startup Cost": 62.67,
                          "Total Cost": 7737.43,
                          "Plan Rows": 1688,
                          "Plan Width": 4,
                          "Actual Startup Time": 2.572,
                          "Actual Total Time": 5.237,
                          "Actual Rows": 1455,
                          "Actual Loops": 2,
                          "Recheck Cond": "(company_id = 28339)",
                          "Rows Removed by Index Recheck": 0,
                          "Exact Heap Blocks": 1315,
                          "Lossy Heap Blocks": 0,
                          "Plans": [
                            {
                              "Node Type": "Bitmap Index Scan",
                              "Parent Relationship": "Outer",
                              "Parallel Aware": false,
                              "Index Name": "company_id_movie_companies",
                              "Startup Cost": 0.0,
                              "Total Cost": 61.95,
                              "Plan Rows": 2870,
                              "Plan Width": 0,
                              "Actual Startup Time": 4.21,
                              "Actual Total Time": 4.21,
                              "Actual Rows": 2910,
                              "Actual Loops": 1,
                              "Index Cond": "(company_id = 28339)"
                            }
                          ]
                        },
                        {
                          "Node Type": "Index Only Scan",
                          "Parent Relationship": "Inner",
                          "Parallel Aware": false,
                          "Scan Direction": "Forward",
                          "Index Name": "title_pkey",
                          "Relation Name": "title",
                          "Alias": "t",
                          "Startup Cost": 0.43,
                          "Total Cost": 7.75,
                          "Plan Rows": 1,
                          "Plan Width": 4,
                          "Actual Startup Time": 0.006,
                          "Actual Total Time": 0.006,
                          "Actual Rows": 1,
                          "Actual Loops": 2910,
                          "Index Cond": "(id = mc.movie_id)",
                          "Rows Removed by Index Recheck": 0,
                          "Heap Fetches": 2910
                        }
                      ]
                    },
                    {
                      "Node Type": "Index Only Scan",
                      "Parent Relationship": "Inner",
                      "Parallel Aware": false,
                      "Scan Direction": "Forward",
                      "Index Name": "movie_id_cast_info",
                      "Relation Name": "cast_info",
                      "Alias": "ci",
                      "Startup Cost": 0.56,
                      "Total Cost": 1.82,
                      "Plan Rows": 37,
                      "Plan Width": 4,
                      "Actual Startup Time": 0.009,
                      "Actual Total Time": 0.07,
                      "Actual Rows": 35,
                      "Actual Loops": 2910,
                      "Index Cond": "(movie_id = t.id)",
                      "Rows Removed by Index Recheck": 0,
                      "Heap Fetches": 101262
                    }
                  ]
                }
              ]
            }
          ]
        }
      ]
    },
    "Planning Time": 1.371,
    "Triggers": [],
    "Execution Time": 159.198
  }
]