[
  {
    "Plan": {
      "Node Type": "Aggregate",
      "Strategy": "Plain",
      "Partial Mode": "Finalize",
      "Parallel Aware": false,
      "Startup Cost": 45973.24,
      "Total Cost": 45973.25,
      "Plan Rows": 1,
      "Plan Width": 8,
      "Actual Startup Time": 99.99,
      "Actual Total Time": 113.268,
      "Actual Rows": 1,
      "Actual Loops": 1,
      "Plans": [
        {
          "Node Type": "Gather",
          "Parent Relationship": "Outer",
          "Parallel Aware": false,
          "Startup Cost": 45972.82,
          "Total Cost": 45973.23,
          "Plan Rows": 4,
          "Plan Width": 8,
          "Actual Startup Time": 99.833,
          "Actual Total Time": 113.245,
          "Actual Rows": 5,
          "Actual Loops": 1,
          "Workers Planned": 4,
          "Workers Launched": 4,
          "Single Copy": false,
          "Plans": [
            {
              "Node Type": "Aggregate",
              "Strategy": "Plain",
              "Partial Mode": "Partial",
              "Parent Relationship": "Outer",
              "Parallel Aware": false,
              "Startup Cost": 44972.82,
              "Total Cost": 44972.83,
              "Plan Rows": 1,
              "Plan Width": 8,
              "Actual Startup Time": 90.381,
              "Actual Total Time": 90.382,
              "Actual Rows": 1,
              "Actual Loops": 5,
              "Plans": [
                {
                  "Node Type": "Nested Loop",
                  "Parent Relationship": "Outer",
                  "Parallel Aware": false,
                  "Join Type": "Inner",
                  "Startup Cost": 0.56,
                  "Total Cost": 44972.66,
                  "Plan Rows": 64,
                  "Plan Width": 0,
                  "Actual Startup Time": 50.781,
                  "Actual Total Time": 90.305,
                  "Actual Rows": 523,
                  "Actual Loops": 5,
                  "Inner Unique": false,
                  "Plans": [
                    {
                      "Node Type": "Seq Scan",
                      "Parent Relationship": "Outer",
                      "Parallel Aware": true,
                      "Relation Name": "title",
                      "Alias": "t",
                      "Startup Cost": 0.0,
                      "Total Cost": 43898.92,
                      "Plan Rows": 7,
                      "Plan Width": 4,
                      "Actual Startup Time": 50.649,
                      "Actual Total Time": 83.566,
                      "Actual Rows": 88,
                      "Actual Loops": 5,
                      "Filter": "(production_year > 2014)",
                      "Rows Removed by Filter": 505575
                    },
                    {
                      "Node Type": "Index Scan",
                      "Parent Relationship": "Inner",
                      "Parallel Aware": false,
                      "Scan Direction": "Forward",
                      "Index Name": "movie_id_cast_info",
                      "Relation Name": "cast_info",
                      "Alias": "ci",
                      "Startup Cost": 0.56,
                      "Total Cost": 153.15,
                      "Plan Rows": 24,
                      "Plan Width": 4,
                      "Actual Startup Time": 0.037,
                      "Actual Total Time": 0.075,
                      "Actual Rows": 6,
                      "Actual Loops": 438,
                      "Index Cond": "(movie_id = t.id)",
                      "Rows Removed by Index Recheck": 0,
                      "Filter": "(role_id > 1)",
                      "Rows Removed by Filter": 1
                    }
                  ]
                }
              ]
            }
          ]
        }
      ]
    },
    "Planning Time": 0.655,
    "Triggers": [],
    "Execution Time": 113.341
  }
]