[
  {
    "Plan": {
      "Node Type": "Aggregate",
      "Strategy": "Plain",
      "Partial Mode": "Finalize",
      "Parallel Aware": false,
      "Startup Cost": 295059.92,
      "Total Cost": 295059.93,
      "Plan Rows": 1,
      "Plan Width": 8,
      "Actual Startup Time": 162.33,
      "Actual Total Time": 169.129,
      "Actual Rows": 1,
      "Actual Loops": 1,
      "Plans": [
        {
          "Node Type": "Gather",
          "Parent Relationship": "Outer",
          "Parallel Aware": false,
          "Startup Cost": 295059.3,
          "Total Cost": 295059.91,
          "Plan Rows": 6,
          "Plan Width": 8,
          "Actual Startup Time": 162.081,
          "Actual Total Time": 169.121,
          "Actual Rows": 7,
          "Actual Loops": 1,
          "Workers Planned": 6,
          "Workers Launched": 6,
          "Single Copy": false,
          "Plans": [
            {
              "Node Type": "Aggregate",
              "Strategy": "Plain",
              "Partial Mode": "Partial",
              "Parent Relationship": "Outer",
              "Parallel Aware": false,
              "Startup Cost": 294059.3,
              "Total Cost": 294059.31,
              "Plan Rows": 1,
              "Plan Width": 8,
              "Actual Startup Time": 152.832,
              "Actual Total Time": 152.833,
              "Actual Rows": 1,
              "Actual Loops": 7,
              "Plans": [
                {
                  "Node Type": "Bitmap Heap Scan",
                  "Parent Relationship": "Outer",
                  "Parallel Aware": true,
                  "Relation Name": "cast_info",
                  "Alias": "ci",
                  "Startup Cost": 36803.07,
                  "Total Cost": 293677.13,
                  "Plan Rows": 152865,
                  "Plan Width": 0,
                  "Actual Startup Time": 69.968,
                  "Actual Total Time": 141.75,
                  "Actual Rows": 175112,
                  "Actual Loops": 7,
                  "Recheck Cond": "(person_id < 169682)",
                  "Rows Removed by Index Recheck": 0,
                  "Filter": "(role_id < 3)",
                  "Rows Removed by Filter": 69002,
                  "Exact Heap Blocks": 4709,
                  "Lossy Heap Blocks": 0,
                  "Plans": [
                    {
                      "Node Type": "Bitmap Index Scan",
                      "Parent Relationship": "Outer",
                      "Parallel Aware": false,
                      "Index Name": "person_id_cast_info",
                      "Startup Cost": 0.0,
                      "Total Cost": 36573.77,
                      "Plan Rows": 1674827,
                      "Plan Width": 0,
                      "Actual Startup Time": 75.347,
                      "Actual Total Time": 75.348,
                      "Actual Rows": 1708799,
                      "Actual Loops": 1,
                      "Index Cond": "(person_id < 169682)"
                    }
                  ]
                }
              ]
            }
          ]
        }
      ]
    },
    "Planning Time": 0.231,
    "Triggers": [],
    "Execution Time": 169.219
  }
]