{
  "Plan": {
    "Node Type": "Aggregate",
    "Strategy": "Plain",
    "Partial Mode": "Simple",
    "Parallel Aware": false,
    "Startup Cost": 4383.68,
    "Total Cost": 4383.69,
    "Plan Rows": 1,
    "Plan Width": 8,
    "Actual Startup Time": 22.572,
    "Actual Total Time": 22.573,
    "Actual Rows": 1,
    "Actual Loops": 1,
    "Plans": [
      {
        "Node Type": "Nested Loop",
        "Parent Relationship": "Outer",
        "Parallel Aware": false,
        "Join Type": "Inner",
        "Startup Cost": 1.42,
        "Total Cost": 4383.64,
        "Plan Rows": 14,
        "Plan Width": 0,
        "Actual Startup Time": 0.953,
        "Actual Total Time": 22.47,
        "Actual Rows": 615,
        "Actual Loops": 1,
        "Inner Unique": false,
        "Plans": [
          {
            "Node Type": "Nested Loop",
            "Parent Relationship": "Outer",
            "Parallel Aware": false,
            "Join Type": "Inner",
            "Startup Cost": 0.99,
            "Total Cost": 4358.41,
            "Plan Rows": 14,
            "Plan Width": 8,
            "Actual Startup Time": 0.928,
            "Actual Total Time": 21.162,
            "Actual Rows": 137,
            "Actual Loops": 1,
            "Inner Unique": true,
            "Plans": [
              {
                "Node Type": "Index Scan",
                "Parent Relationship": "Outer",
                "Parallel Aware": false,
                "Scan Direction": "Forward",
                "Index Name": "person_id_cast_info",
                "Relation Name": "cast_info",
                "Alias": "ci",
                "Startup Cost": 0.56,
                "Total Cost": 1059.67,
                "Plan Rows": 395,
                "Plan Width": 4,
                "Actual Startup Time": 0.112,
                "Actual Total Time": 2.656,
                "Actual Rows": 3820,
                "Actual Loops": 1,
                "Index Cond": "(person_id = 1423339)",
                "Rows Removed by Index Recheck": 0,
                "Filter": "(role_id < 8)",
                "Rows Removed by Filter": 7
              },
              {
                "Node Type": "Index Scan",
                "Parent Relationship": "Inner",
                "Parallel Aware": false,
                "Scan Direction": "Forward",
                "Index Name": "title_pkey",
                "Relation Name": "title",
                "Alias": "t",
                "Startup Cost": 0.43,
                "Total Cost": 8.35,
                "Plan Rows": 1,
                "Plan Width": 4,
                "Actual Startup Time": 0.004,
                "Actual Total Time": 0.004,
                "Actual Rows": 0,
                "Actual Loops": 3820,
                "Index Cond": "(id = ci.movie_id)",
                "Rows Removed by Index Recheck": 0,
                "Filter": "((kind_id > 1) AND (production_year = 2007))",
                "Rows Removed by Filter": 1
              }
            ]
          },
          {
            "Node Type": "Index Only Scan",
            "Parent Relationship": "Inner",
            "Parallel Aware": false,
            "Scan Direction": "Forward",
            "Index Name": "movie_id_movie_companies",
            "Relation Name": "movie_companies",
            "Alias": "mc",
            "Startup Cost": 0.43,
            "Total Cost": 1.75,
            "Plan Rows": 5,
            "Plan Width": 4,
            "Actual Startup Time": 0.006,
            "Actual Total Time": 0.008,
            "Actual Rows": 4,
            "Actual Loops": 137,
            "Index Cond": "(movie_id = t.id)",
            "Rows Removed by Index Recheck": 0,
            "Heap Fetches": 615
          }
        ]
      }
    ]
  },
  "Planning Time": 0.978,
  "Triggers": [],
  "Execution Time": 22.645
}