[
  {
    "Plan": {
      "Node Type": "Aggregate",
      "Strategy": "Plain",
      "Partial Mode": "Finalize",
      "Parallel Aware": false,
      "Startup Cost": 46064.82,
      "Total Cost": 46064.83,
      "Plan Rows": 1,
      "Plan Width": 8,
      "Actual Startup Time": 158.337,
      "Actual Total Time": 167.89,
      "Actual Rows": 1,
      "Actual Loops": 1,
      "Plans": [
        {
          "Node Type": "Gather",
          "Parent Relationship": "Outer",
          "Parallel Aware": false,
          "Startup Cost": 46064.5,
          "Total Cost": 46064.81,
          "Plan Rows": 3,
          "Plan Width": 8,
          "Actual Startup Time": 158.236,
          "Actual Total Time": 167.883,
          "Actual Rows": 4,
          "Actual Loops": 1,
          "Workers Planned": 3,
          "Workers Launched": 3,
          "Single Copy": false,
          "Plans": [
            {
              "Node Type": "Aggregate",
              "Strategy": "Plain",
              "Partial Mode": "Partial",
              "Parent Relationship": "Outer",
              "Parallel Aware": false,
              "Startup Cost": 45064.5,
              "Total Cost": 45064.51,
              "Plan Rows": 1,
              "Plan Width": 8,
              "Actual Startup Time": 154.2,
              "Actual Total Time": 154.201,
              "Actual Rows": 1,
              "Actual Loops": 4,
              "Plans": [
                {
                  "Node Type": "Seq Scan",
                  "Parent Relationship": "Outer",
                  "Parallel Aware": true,
                  "Relation Name": "movie_keyword",
                  "Alias": "mk",
                  "Startup Cost": 0.0,
                  "Total Cost": 42695.65,
                  "Plan Rows": 947539,
                  "Plan Width": 0,
                  "Actual Startup Time": 0.115,
                  "Actual Total Time": 120.31,
                  "Actual Rows": 734344,
                  "Actual Loops": 4,
                  "Filter": "(keyword_id > 2424)",
                  "Rows Removed by Filter": 396639
                }
              ]
            }
          ]
        }
      ]
    },
    "Planning Time": 0.076,
    "Triggers": [],
    "Execution Time": 167.916
  }
]