[
  {
    "Plan": {
      "Node Type": "Aggregate",
      "Strategy": "Plain",
      "Partial Mode": "Finalize",
      "Parallel Aware": false,
      "Startup Cost": 338604.21,
      "Total Cost": 338604.22,
      "Plan Rows": 1,
      "Plan Width": 8,
      "Actual Startup Time": 751.418,
      "Actual Total Time": 808.432,
      "Actual Rows": 1,
      "Actual Loops": 1,
      "Plans": [
        {
          "Node Type": "Gather",
          "Parent Relationship": "Outer",
          "Parallel Aware": false,
          "Startup Cost": 338603.59,
          "Total Cost": 338604.2,
          "Plan Rows": 6,
          "Plan Width": 8,
          "Actual Startup Time": 751.316,
          "Actual Total Time": 808.422,
          "Actual Rows": 7,
          "Actual Loops": 1,
          "Workers Planned": 6,
          "Workers Launched": 6,
          "Single Copy": false,
          "Plans": [
            {
              "Node Type": "Aggregate",
              "Strategy": "Plain",
              "Partial Mode": "Partial",
              "Parent Relationship": "Outer",
              "Parallel Aware": false,
              "Startup Cost": 337603.59,
              "Total Cost": 337603.6,
              "Plan Rows": 1,
              "Plan Width": 8,
              "Actual Startup Time": 741.75,
              "Actual Total Time": 741.751,
              "Actual Rows": 1,
              "Actual Loops": 7,
              "Plans": [
                {
                  "Node Type": "Seq Scan",
                  "Parent Relationship": "Outer",
                  "Parallel Aware": true,
                  "Relation Name": "cast_info",
                  "Alias": "ci",
                  "Startup Cost": 0.0,
                  "Total Cost": 328162.03,
                  "Plan Rows": 3776625,
                  "Plan Width": 0,
                  "Actual Startup Time": 149.147,
                  "Actual Total Time": 602.391,
                  "Actual Rows": 3237532,
                  "Actual Loops": 7,
                  "Filter": "(person_id > 1337830)",
                  "Rows Removed by Filter": 1940231
                }
              ]
            }
          ]
        }
      ]
    },
    "Planning Time": 0.192,
    "Triggers": [],
    "Execution Time": 808.503
  }
]