[
  {
    "Plan": {
      "Node Type": "Aggregate",
      "Strategy": "Plain",
      "Partial Mode": "Finalize",
      "Parallel Aware": false,
      "Startup Cost": 32674.9,
      "Total Cost": 32674.91,
      "Plan Rows": 1,
      "Plan Width": 8,
      "Actual Startup Time": 98.049,
      "Actual Total Time": 106.726,
      "Actual Rows": 1,
      "Actual Loops": 1,
      "Plans": [
        {
          "Node Type": "Gather",
          "Parent Relationship": "Outer",
          "Parallel Aware": false,
          "Startup Cost": 32674.58,
          "Total Cost": 32674.89,
          "Plan Rows": 3,
          "Plan Width": 8,
          "Actual Startup Time": 97.879,
          "Actual Total Time": 106.715,
          "Actual Rows": 4,
          "Actual Loops": 1,
          "Workers Planned": 3,
          "Workers Launched": 3,
          "Single Copy": false,
          "Plans": [
            {
              "Node Type": "Aggregate",
              "Strategy": "Plain",
              "Partial Mode": "Partial",
              "Parent Relationship": "Outer",
              "Parallel Aware": false,
              "Startup Cost": 31674.58,
              "Total Cost": 31674.59,
              "Plan Rows": 1,
              "Plan Width": 8,
              "Actual Startup Time": 89.043,
              "Actual Total Time": 89.044,
              "Actual Rows": 1,
              "Actual Loops": 4,
              "Plans": [
                {
                  "Node Type": "Seq Scan",
                  "Parent Relationship": "Outer",
                  "Parallel Aware": true,
                  "Relation Name": "movie_companies",
                  "Alias": "mc",
                  "Startup Cost": 0.0,
                  "Total Cost": 31414.82,
                  "Plan Rows": 103906,
                  "Plan Width": 0,
                  "Actual Startup Time": 50.624,
                  "Actual Total Time": 86.361,
                  "Actual Rows": 43384,
                  "Actual Loops": 4,
                  "Filter": "((company_id < 789) AND (company_type_id = 2))",
                  "Rows Removed by Filter": 608898
                }
              ]
            }
          ]
        }
      ]
    },
    "Planning Time": 0.165,
    "Triggers": [],
    "Execution Time": 106.778
  }
]