[
  {
    "Plan": {
      "Node Type": "Aggregate",
      "Strategy": "Plain",
      "Partial Mode": "Finalize",
      "Parallel Aware": false,
      "Startup Cost": 637330.32,
      "Total Cost": 637330.33,
      "Plan Rows": 1,
      "Plan Width": 8,
      "Actual Startup Time": 3035.179,
      "Actual Total Time": 3122.357,
      "Actual Rows": 1,
      "Actual Loops": 1,
      "Plans": [
        {
          "Node Type": "Gather",
          "Parent Relationship": "Outer",
          "Parallel Aware": false,
          "Startup Cost": 637329.7,
          "Total Cost": 637330.31,
          "Plan Rows": 6,
          "Plan Width": 8,
          "Actual Startup Time": 3001.589,
          "Actual Total Time": 3122.341,
          "Actual Rows": 7,
          "Actual Loops": 1,
          "Workers Planned": 6,
          "Workers Launched": 6,
          "Single Copy": false,
          "Plans": [
            {
              "Node Type": "Aggregate",
              "Strategy": "Plain",
              "Partial Mode": "Partial",
              "Parent Relationship": "Outer",
              "Parallel Aware": false,
              "Startup Cost": 636329.7,
              "Total Cost": 636329.71,
              "Plan Rows": 1,
              "Plan Width": 8,
              "Actual Startup Time": 2969.646,
              "Actual Total Time": 2969.861,
              "Actual Rows": 1,
              "Actual Loops": 7,
              "Plans": [
                {
                  "Node Type": "Hash Join",
                  "Parent Relationship": "Outer",
                  "Parallel Aware": true,
                  "Join Type": "Inner",
                  "Startup Cost": 257568.75,
                  "Total Cost": 623186.51,
                  "Plan Rows": 5257274,
                  "Plan Width": 0,
                  "Actual Startup Time": 996.72,
                  "Actual Total Time": 2823.423,
                  "Actual Rows": 3243352,
                  "Actual Loops": 7,
                  "Inner Unique": false,
                  "Hash Cond": "(ci.movie_id = t.id)",
                  "Plans": [
                    {
                      "Node Type": "Seq Scan",
                      "Parent Relationship": "Outer",
                      "Parallel Aware": true,
                      "Relation Name": "cast_info",
                      "Alias": "ci",
                      "Startup Cost": 0.0,
                      "Total Cost": 343257.03,
                      "Plan Rows": 3158981,
                      "Plan Width": 4,
                      "Actual Startup Time": 0.023,
                      "Actual Total Time": 692.725,
                      "Actual Rows": 2874666,
                      "Actual Loops": 7,
                      "Filter": "((person_id < 3750759) AND (role_id < 3))",
                      "Rows Removed by Filter": 2303098
                    },
                    {
                      "Node Type": "Hash",
                      "Parent Relationship": "Inner",
                      "Parallel Aware": true,
                      "Startup Cost": 247049.59,
                      "Total Cost": 247049.59,
                      "Plan Rows": 841533,
                      "Plan Width": 8,
                      "Actual Startup Time": 986.599,
                      "Actual Total Time": 986.811,
                      "Actual Rows": 307522,
                      "Actual Loops": 7,
                      "Hash Buckets": 8388608,
                      "Original Hash Buckets": 8388608,
                      "Hash Batches": 1,
                      "Original Hash Batches": 1,
                      "Peak Memory Usage": 149888,
                      "Plans": [
                        {
                          "Node Type": "Hash Join",
                          "Parent Relationship": "Outer",
                          "Parallel Aware": true,
                          "Join Type": "Inner",
                          "Startup Cost": 47727.82,
                          "Total Cost": 247049.59,
                          "Plan Rows": 841533,
                          "Plan Width": 8,
                          "Actual Startup Time": 125.616,
                          "Actual Total Time": 824.169,
                          "Actual Rows": 307522,
                          "Actual Loops": 7,
                          "Inner Unique": true,
                          "Hash Cond": "(mi.movie_id = t.id)",
                          "Plans": [
                            {
                              "Node Type": "Seq Scan",
                              "Parent Relationship": "Outer",
                              "Parallel Aware": true,
                              "Relation Name": "movie_info",
                              "Alias": "mi",
                              "Startup Cost": 0.0,
                              "Total Cost": 191560.33,
                              "Plan Rows": 2956733,
                              "Plan Width": 4,
                              "Actual Startup Time": 0.033,
                              "Actual Total Time": 283.295,
                              "Actual Rows": 2119389,
                              "Actual Loops": 7
                            },
                            {
                              "Node Type": "Hash",
                              "Parent Relationship": "Inner",
                              "Parallel Aware": true,
                              "Startup Cost": 45479.1,
                              "Total Cost": 45479.1,
                              "Plan Rows": 179898,
                              "Plan Width": 4,
                              "Actual Startup Time": 124.551,
                              "Actual Total Time": 124.555,
                              "Actual Rows": 91204,
                              "Actual Loops": 7,
                              "Hash Buckets": 1048576,
                              "Original Hash Buckets": 1048576,
                              "Hash Batches": 1,
                              "Original Hash Batches": 1,
                              "Peak Memory Usage": 33280,
                              "Plans": [
                                {
                                  "Node Type": "Seq Scan",
                                  "Parent Relationship": "Outer",
                                  "Parallel Aware": true,
                                  "Relation Name": "title",
                                  "Alias": "t",
                                  "Startup Cost": 0.0,
                                  "Total Cost": 45479.1,
                                  "Plan Rows": 179898,
                                  "Plan Width": 4,
                                  "Actual Startup Time": 0.047,
                                  "Actual Total Time": 80.339,
                                  "Actual Rows": 91204,
                                  "Actual Loops": 7,
                                  "Filter": "((production_year < 2003) AND (kind_id = 7))",
                                  "Rows Removed by Filter": 269983
                                }
                              ]
                            }
                          ]
                        }
                      ]
                    }
                  ]
                }
              ]
            }
          ]
        }
      ]
    },
    "Planning Time": 1.363,
    "Triggers": [],
    "Execution Time": 3122.46
  }
]