[
  {
    "Plan": {
      "Node Type": "Aggregate",
      "Strategy": "Plain",
      "Partial Mode": "Finalize",
      "Parallel Aware": false,
      "Startup Cost": 82118.63,
      "Total Cost": 82118.64,
      "Plan Rows": 1,
      "Plan Width": 8,
      "Actual Startup Time": 471.149,
      "Actual Total Time": 530.012,
      "Actual Rows": 1,
      "Actual Loops": 1,
      "Plans": [
        {
          "Node Type": "Gather",
          "Parent Relationship": "Outer",
          "Parallel Aware": false,
          "Startup Cost": 82118.42,
          "Total Cost": 82118.63,
          "Plan Rows": 2,
          "Plan Width": 8,
          "Actual Startup Time": 471.114,
          "Actual Total Time": 530.004,
          "Actual Rows": 3,
          "Actual Loops": 1,
          "Workers Planned": 2,
          "Workers Launched": 2,
          "Single Copy": false,
          "Plans": [
            {
              "Node Type": "Aggregate",
              "Strategy": "Plain",
              "Partial Mode": "Partial",
              "Parent Relationship": "Outer",
              "Parallel Aware": false,
              "Startup Cost": 81118.42,
              "Total Cost": 81118.43,
              "Plan Rows": 1,
              "Plan Width": 8,
              "Actual Startup Time": 464.954,
              "Actual Total Time": 464.957,
              "Actual Rows": 1,
              "Actual Loops": 3,
              "Plans": [
                {
                  "Node Type": "Nested Loop",
                  "Parent Relationship": "Outer",
                  "Parallel Aware": false,
                  "Join Type": "Inner",
                  "Startup Cost": 45598.15,
                  "Total Cost": 80912.69,
                  "Plan Rows": 82289,
                  "Plan Width": 0,
                  "Actual Startup Time": 142.094,
                  "Actual Total Time": 455.586,
                  "Actual Rows": 178777,
                  "Actual Loops": 3,
                  "Inner Unique": false,
                  "Join Filter": "(t.id = ci.movie_id)",
                  "Rows Removed by Join Filter": 0,
                  "Plans": [
                    {
                      "Node Type": "Hash Join",
                      "Parent Relationship": "Outer",
                      "Parallel Aware": true,
                      "Join Type": "Inner",
                      "Startup Cost": 45597.59,
                      "Total Cost": 61725.49,
                      "Plan Rows": 5743,
                      "Plan Width": 8,
                      "Actual Startup Time": 142.015,
                      "Actual Total Time": 183.341,
                      "Actual Rows": 5894,
                      "Actual Loops": 3,
                      "Inner Unique": true,
                      "Hash Cond": "(mi_idx.movie_id = t.id)",
                      "Plans": [
                        {
                          "Node Type": "Seq Scan",
                          "Parent Relationship": "Outer",
                          "Parallel Aware": true,
                          "Relation Name": "movie_info_idx",
                          "Alias": "mi_idx",
                          "Startup Cost": 0.0,
                          "Total Cost": 15122.68,
                          "Plan Rows": 382940,
                          "Plan Width": 4,
                          "Actual Startup Time": 0.022,
                          "Actual Total Time": 41.568,
                          "Actual Rows": 306617,
                          "Actual Loops": 3,
                          "Filter": "(info_type_id < 101)",
                          "Rows Removed by Filter": 153395
                        },
                        {
                          "Node Type": "Hash",
                          "Parent Relationship": "Inner",
                          "Parallel Aware": true,
                          "Startup Cost": 45479.1,
                          "Total Cost": 45479.1,
                          "Plan Rows": 9479,
                          "Plan Width": 4,
                          "Actual Startup Time": 113.268,
                          "Actual Total Time": 113.269,
                          "Actual Rows": 11063,
                          "Actual Loops": 3,
                          "Hash Buckets": 65536,
                          "Original Hash Buckets": 65536,
                          "Hash Batches": 1,
                          "Original Hash Batches": 1,
                          "Peak Memory Usage": 1856,
                          "Plans": [
                            {
                              "Node Type": "Seq Scan",
                              "Parent Relationship": "Outer",
                              "Parallel Aware": true,
                              "Relation Name": "title",
                              "Alias": "t",
                              "Startup Cost": 0.0,
                              "Total Cost": 45479.1,
                              "Plan Rows": 9479,
                              "Plan Width": 4,
                              "Actual Startup Time": 67.62,
                              "Actual Total Time": 109.692,
                              "Actual Rows": 11063,
                              "Actual Loops": 3,
                              "Filter": "((kind_id < 2) AND (production_year = 2010))",
                              "Rows Removed by Filter": 831707
                            }
                          ]
                        }
                      ]
                    },
                    {
                      "Node Type": "Index Only Scan",
                      "Parent Relationship": "Inner",
                      "Parallel Aware": false,
                      "Scan Direction": "Forward",
                      "Index Name": "movie_id_cast_info",
                      "Relation Name": "cast_info",
                      "Alias": "ci",
                      "Startup Cost": 0.56,
                      "Total Cost": 2.88,
                      "Plan Rows": 37,
                      "Plan Width": 4,
                      "Actual Startup Time": 0.006,
                      "Actual Total Time": 0.043,
                      "Actual Rows": 30,
                      "Actual Loops": 17682,
                      "Index Cond": "(movie_id = mi_idx.movie_id)",
                      "Rows Removed by Index Recheck": 0,
                      "Heap Fetches": 536330
                    }
                  ]
                }
              ]
            }
          ]
        }
      ]
    },
    "Planning Time": 1.289,
    "Triggers": [],
    "Execution Time": 530.112
  }
]