[
  {
    "Plan": {
      "Node Type": "Aggregate",
      "Strategy": "Plain",
      "Partial Mode": "Finalize",
      "Parallel Aware": false,
      "Startup Cost": 111720.0,
      "Total Cost": 111720.01,
      "Plan Rows": 1,
      "Plan Width": 8,
      "Actual Startup Time": 161.078,
      "Actual Total Time": 170.711,
      "Actual Rows": 1,
      "Actual Loops": 1,
      "Plans": [
        {
          "Node Type": "Gather",
          "Parent Relationship": "Outer",
          "Parallel Aware": false,
          "Startup Cost": 111719.48,
          "Total Cost": 111719.99,
          "Plan Rows": 5,
          "Plan Width": 8,
          "Actual Startup Time": 160.985,
          "Actual Total Time": 170.701,
          "Actual Rows": 6,
          "Actual Loops": 1,
          "Workers Planned": 5,
          "Workers Launched": 5,
          "Single Copy": false,
          "Plans": [
            {
              "Node Type": "Aggregate",
              "Strategy": "Plain",
              "Partial Mode": "Partial",
              "Parent Relationship": "Outer",
              "Parallel Aware": false,
              "Startup Cost": 110719.48,
              "Total Cost": 110719.49,
              "Plan Rows": 1,
              "Plan Width": 8,
              "Actual Startup Time": 151.778,
              "Actual Total Time": 151.779,
              "Actual Rows": 1,
              "Actual Loops": 6,
              "Plans": [
                {
                  "Node Type": "Index Scan",
                  "Parent Relationship": "Outer",
                  "Parallel Aware": true,
                  "Scan Direction": "Forward",
                  "Index Name": "role_id_cast_info",
                  "Relation Name": "cast_info",
                  "Alias": "ci",
                  "Startup Cost": 0.56,
                  "Total Cost": 110428.26,
                  "Plan Rows": 116490,
                  "Plan Width": 0,
                  "Actual Startup Time": 0.198,
                  "Actual Total Time": 147.416,
                  "Actual Rows": 67794,
                  "Actual Loops": 6,
                  "Index Cond": "(role_id = 3)",
                  "Rows Removed by Index Recheck": 0,
                  "Filter": "(person_id < 520046)",
                  "Rows Removed by Filter": 600212
                }
              ]
            }
          ]
        }
      ]
    },
    "Planning Time": 0.232,
    "Triggers": [],
    "Execution Time": 170.779
  }
]