[
  {
    "Plan": {
      "Node Type": "Aggregate",
      "Strategy": "Plain",
      "Partial Mode": "Finalize",
      "Parallel Aware": false,
      "Startup Cost": 112580.27,
      "Total Cost": 112580.28,
      "Plan Rows": 1,
      "Plan Width": 8,
      "Actual Startup Time": 490.944,
      "Actual Total Time": 512.488,
      "Actual Rows": 1,
      "Actual Loops": 1,
      "Plans": [
        {
          "Node Type": "Gather",
          "Parent Relationship": "Outer",
          "Parallel Aware": false,
          "Startup Cost": 112579.96,
          "Total Cost": 112580.27,
          "Plan Rows": 3,
          "Plan Width": 8,
          "Actual Startup Time": 487.747,
          "Actual Total Time": 512.481,
          "Actual Rows": 4,
          "Actual Loops": 1,
          "Workers Planned": 3,
          "Workers Launched": 3,
          "Single Copy": false,
          "Plans": [
            {
              "Node Type": "Aggregate",
              "Strategy": "Plain",
              "Partial Mode": "Partial",
              "Parent Relationship": "Outer",
              "Parallel Aware": false,
              "Startup Cost": 111579.96,
              "Total Cost": 111579.97,
              "Plan Rows": 1,
              "Plan Width": 8,
              "Actual Startup Time": 476.637,
              "Actual Total Time": 476.643,
              "Actual Rows": 1,
              "Actual Loops": 4,
              "Plans": [
                {
                  "Node Type": "Hash Join",
                  "Parent Relationship": "Outer",
                  "Parallel Aware": true,
                  "Join Type": "Inner",
                  "Startup Cost": 63603.57,
                  "Total Cost": 111435.26,
                  "Plan Rows": 57880,
                  "Plan Width": 0,
                  "Actual Startup Time": 276.199,
                  "Actual Total Time": 454.878,
                  "Actual Rows": 535244,
                  "Actual Loops": 4,
                  "Inner Unique": false,
                  "Hash Cond": "(mk.movie_id = t.id)",
                  "Plans": [
                    {
                      "Node Type": "Seq Scan",
                      "Parent Relationship": "Outer",
                      "Parallel Aware": true,
                      "Relation Name": "movie_keyword",
                      "Alias": "mk",
                      "Startup Cost": 0.0,
                      "Total Cost": 42695.65,
                      "Plan Rows": 1305297,
                      "Plan Width": 4,
                      "Actual Startup Time": 0.032,
                      "Actual Total Time": 106.197,
                      "Actual Rows": 1012605,
                      "Actual Loops": 4,
                      "Filter": "(keyword_id < 37663)",
                      "Rows Removed by Filter": 118377
                    },
                    {
                      "Node Type": "Hash",
                      "Parent Relationship": "Inner",
                      "Parallel Aware": true,
                      "Startup Cost": 63019.63,
                      "Total Cost": 63019.63,
                      "Plan Rows": 46715,
                      "Plan Width": 8,
                      "Actual Startup Time": 239.111,
                      "Actual Total Time": 239.115,
                      "Actual Rows": 49448,
                      "Actual Loops": 4,
                      "Hash Buckets": 262144,
                      "Original Hash Buckets": 131072,
                      "Hash Batches": 1,
                      "Original Hash Batches": 1,
                      "Peak Memory Usage": 10880,
                      "Plans": [
                        {
                          "Node Type": "Hash Join",
                          "Parent Relationship": "Outer",
                          "Parallel Aware": true,
                          "Join Type": "Inner",
                          "Startup Cost": 47389.69,
                          "Total Cost": 63019.63,
                          "Plan Rows": 46715,
                          "Plan Width": 8,
                          "Actual Startup Time": 176.144,
                          "Actual Total Time": 220.2,
                          "Actual Rows": 49448,
                          "Actual Loops": 4,
                          "Inner Unique": true,
                          "Hash Cond": "(mi_idx.movie_id = t.id)",
                          "Plans": [
                            {
                              "Node Type": "Seq Scan",
                              "Parent Relationship": "Outer",
                              "Parallel Aware": true,
                              "Relation Name": "movie_info_idx",
                              "Alias": "mi_idx",
                              "Startup Cost": 0.0,
                              "Total Cost": 15122.68,
                              "Plan Rows": 193243,
                              "Plan Width": 4,
                              "Actual Startup Time": 0.02,
                              "Actual Total Time": 32.328,
                              "Actual Rows": 114981,
                              "Actual Loops": 4,
                              "Filter": "(info_type_id = 101)",
                              "Rows Removed by Filter": 230028
                            },
                            {
                              "Node Type": "Hash",
                              "Parent Relationship": "Inner",
                              "Parallel Aware": true,
                              "Startup Cost": 45479.59,
                              "Total Cost": 45479.59,
                              "Plan Rows": 152808,
                              "Plan Width": 4,
                              "Actual Startup Time": 149.201,
                              "Actual Total Time": 149.203,
                              "Actual Rows": 132739,
                              "Actual Loops": 4,
                              "Hash Buckets": 1048576,
                              "Original Hash Buckets": 1048576,
                              "Hash Batches": 1,
                              "Original Hash Batches": 1,
                              "Peak Memory Usage": 28992,
                              "Plans": [
                                {
                                  "Node Type": "Seq Scan",
                                  "Parent Relationship": "Outer",
                                  "Parallel Aware": true,
                                  "Relation Name": "title",
                                  "Alias": "t",
                                  "Startup Cost": 0.0,
                                  "Total Cost": 45479.59,
                                  "Plan Rows": 152808,
                                  "Plan Width": 4,
                                  "Actual Startup Time": 48.472,
                                  "Actual Total Time": 103.787,
                                  "Actual Rows": 132739,
                                  "Actual Loops": 4,
                                  "Filter": "((production_year > 1933) AND (kind_id = 1))",
                                  "Rows Removed by Filter": 499339
                                }
                              ]
                            }
                          ]
                        }
                      ]
                    }
                  ]
                }
              ]
            }
          ]
        }
      ]
    },
    "Planning Time": 1.123,
    "Triggers": [],
    "Execution Time": 512.561
  }
]