[
  {
    "Plan": {
      "Node Type": "Aggregate",
      "Strategy": "Plain",
      "Partial Mode": "Finalize",
      "Parallel Aware": false,
      "Startup Cost": 346165.68,
      "Total Cost": 346165.69,
      "Plan Rows": 1,
      "Plan Width": 8,
      "Actual Startup Time": 665.454,
      "Actual Total Time": 710.615,
      "Actual Rows": 1,
      "Actual Loops": 1,
      "Plans": [
        {
          "Node Type": "Gather",
          "Parent Relationship": "Outer",
          "Parallel Aware": false,
          "Startup Cost": 346165.06,
          "Total Cost": 346165.67,
          "Plan Rows": 6,
          "Plan Width": 8,
          "Actual Startup Time": 665.241,
          "Actual Total Time": 710.601,
          "Actual Rows": 7,
          "Actual Loops": 1,
          "Workers Planned": 6,
          "Workers Launched": 6,
          "Single Copy": false,
          "Plans": [
            {
              "Node Type": "Aggregate",
              "Strategy": "Plain",
              "Partial Mode": "Partial",
              "Parent Relationship": "Outer",
              "Parallel Aware": false,
              "Startup Cost": 345165.06,
              "Total Cost": 345165.07,
              "Plan Rows": 1,
              "Plan Width": 8,
              "Actual Startup Time": 658.096,
              "Actual Total Time": 658.098,
              "Actual Rows": 1,
              "Actual Loops": 7,
              "Plans": [
                {
                  "Node Type": "Seq Scan",
                  "Parent Relationship": "Outer",
                  "Parallel Aware": true,
                  "Relation Name": "cast_info",
                  "Alias": "ci",
                  "Startup Cost": 0.0,
                  "Total Cost": 343316.27,
                  "Plan Rows": 739515,
                  "Plan Width": 0,
                  "Actual Startup Time": 240.777,
                  "Actual Total Time": 642.562,
                  "Actual Rows": 278033,
                  "Actual Loops": 7,
                  "Filter": "((person_id < 671677) AND (role_id > 1))",
                  "Rows Removed by Filter": 4899731
                }
              ]
            }
          ]
        }
      ]
    },
    "Planning Time": 0.119,
    "Triggers": [],
    "Execution Time": 710.661
  }
]