[
  {
    "Plan": {
      "Node Type": "Aggregate",
      "Strategy": "Plain",
      "Partial Mode": "Finalize",
      "Parallel Aware": false,
      "Startup Cost": 74373.01,
      "Total Cost": 74373.02,
      "Plan Rows": 1,
      "Plan Width": 8,
      "Actual Startup Time": 117.862,
      "Actual Total Time": 133.573,
      "Actual Rows": 1,
      "Actual Loops": 1,
      "Plans": [
        {
          "Node Type": "Gather",
          "Parent Relationship": "Outer",
          "Parallel Aware": false,
          "Startup Cost": 74372.59,
          "Total Cost": 74373.0,
          "Plan Rows": 4,
          "Plan Width": 8,
          "Actual Startup Time": 117.679,
          "Actual Total Time": 133.566,
          "Actual Rows": 5,
          "Actual Loops": 1,
          "Workers Planned": 4,
          "Workers Launched": 4,
          "Single Copy": false,
          "Plans": [
            {
              "Node Type": "Aggregate",
              "Strategy": "Plain",
              "Partial Mode": "Partial",
              "Parent Relationship": "Outer",
              "Parallel Aware": false,
              "Startup Cost": 73372.59,
              "Total Cost": 73372.6,
              "Plan Rows": 1,
              "Plan Width": 8,
              "Actual Startup Time": 107.834,
              "Actual Total Time": 107.835,
              "Actual Rows": 1,
              "Actual Loops": 5,
              "Plans": [
                {
                  "Node Type": "Nested Loop",
                  "Parent Relationship": "Outer",
                  "Parallel Aware": false,
                  "Join Type": "Inner",
                  "Startup Cost": 0.43,
                  "Total Cost": 73368.82,
                  "Plan Rows": 1508,
                  "Plan Width": 0,
                  "Actual Startup Time": 1.838,
                  "Actual Total Time": 107.626,
                  "Actual Rows": 2179,
                  "Actual Loops": 5,
                  "Inner Unique": false,
                  "Plans": [
                    {
                      "Node Type": "Seq Scan",
                      "Parent Relationship": "Outer",
                      "Parallel Aware": true,
                      "Relation Name": "title",
                      "Alias": "t",
                      "Startup Cost": 0.0,
                      "Total Cost": 45479.59,
                      "Plan Rows": 3880,
                      "Plan Width": 4,
                      "Actual Startup Time": 0.48,
                      "Actual Total Time": 81.462,
                      "Actual Rows": 2594,
                      "Actual Loops": 5,
                      "Filter": "((kind_id < 7) AND (production_year = 1997))",
                      "Rows Removed by Filter": 503069
                    },
                    {
                      "Node Type": "Index Scan",
                      "Parent Relationship": "Inner",
                      "Parallel Aware": false,
                      "Scan Direction": "Forward",
                      "Index Name": "movie_id_movie_companies",
                      "Relation Name": "movie_companies",
                      "Alias": "mc",
                      "Startup Cost": 0.43,
                      "Total Cost": 7.17,
                      "Plan Rows": 2,
                      "Plan Width": 4,
                      "Actual Startup Time": 0.008,
                      "Actual Total Time": 0.01,
                      "Actual Rows": 1,
                      "Actual Loops": 12969,
                      "Index Cond": "(movie_id = t.id)",
                      "Rows Removed by Index Recheck": 0,
                      "Filter": "((company_id > 684) AND (company_type_id < 2))",
                      "Rows Removed by Filter": 1
                    }
                  ]
                }
              ]
            }
          ]
        }
      ]
    },
    "Planning Time": 0.602,
    "Triggers": [],
    "Execution Time": 133.64
  }
]