[
  {
    "Plan": {
      "Node Type": "Aggregate",
      "Strategy": "Plain",
      "Partial Mode": "Finalize",
      "Parallel Aware": false,
      "Startup Cost": 92713.18,
      "Total Cost": 92713.19,
      "Plan Rows": 1,
      "Plan Width": 8,
      "Actual Startup Time": 326.593,
      "Actual Total Time": 344.657,
      "Actual Rows": 1,
      "Actual Loops": 1,
      "Plans": [
        {
          "Node Type": "Gather",
          "Parent Relationship": "Outer",
          "Parallel Aware": false,
          "Startup Cost": 92712.86,
          "Total Cost": 92713.17,
          "Plan Rows": 3,
          "Plan Width": 8,
          "Actual Startup Time": 320.214,
          "Actual Total Time": 344.646,
          "Actual Rows": 4,
          "Actual Loops": 1,
          "Workers Planned": 3,
          "Workers Launched": 3,
          "Single Copy": false,
          "Plans": [
            {
              "Node Type": "Aggregate",
              "Strategy": "Plain",
              "Partial Mode": "Partial",
              "Parent Relationship": "Outer",
              "Parallel Aware": false,
              "Startup Cost": 91712.86,
              "Total Cost": 91712.87,
              "Plan Rows": 1,
              "Plan Width": 8,
              "Actual Startup Time": 311.874,
              "Actual Total Time": 311.877,
              "Actual Rows": 1,
              "Actual Loops": 4,
              "Plans": [
                {
                  "Node Type": "Hash Join",
                  "Parent Relationship": "Outer",
                  "Parallel Aware": true,
                  "Join Type": "Inner",
                  "Startup Cost": 48054.12,
                  "Total Cost": 91484.73,
                  "Plan Rows": 91251,
                  "Plan Width": 0,
                  "Actual Startup Time": 172.315,
                  "Actual Total Time": 305.74,
                  "Actual Rows": 135271,
                  "Actual Loops": 4,
                  "Inner Unique": true,
                  "Hash Cond": "(mk.movie_id = t.id)",
                  "Plans": [
                    {
                      "Node Type": "Seq Scan",
                      "Parent Relationship": "Outer",
                      "Parallel Aware": true,
                      "Relation Name": "movie_keyword",
                      "Alias": "mk",
                      "Startup Cost": 0.0,
                      "Total Cost": 42695.65,
                      "Plan Rows": 279984,
                      "Plan Width": 4,
                      "Actual Startup Time": 1.722,
                      "Actual Total Time": 94.267,
                      "Actual Rows": 215773,
                      "Actual Loops": 4,
                      "Filter": "(keyword_id > 21328)",
                      "Rows Removed by Filter": 915210
                    },
                    {
                      "Node Type": "Hash",
                      "Parent Relationship": "Inner",
                      "Parallel Aware": true,
                      "Startup Cost": 45479.1,
                      "Total Cost": 45479.1,
                      "Plan Rows": 206002,
                      "Plan Width": 4,
                      "Actual Startup Time": 165.619,
                      "Actual Total Time": 165.62,
                      "Actual Rows": 183034,
                      "Actual Loops": 4,
                      "Hash Buckets": 1048576,
                      "Original Hash Buckets": 1048576,
                      "Hash Batches": 1,
                      "Original Hash Batches": 1,
                      "Peak Memory Usage": 36896,
                      "Plans": [
                        {
                          "Node Type": "Seq Scan",
                          "Parent Relationship": "Outer",
                          "Parallel Aware": true,
                          "Relation Name": "title",
                          "Alias": "t",
                          "Startup Cost": 0.0,
                          "Total Cost": 45479.1,
                          "Plan Rows": 206002,
                          "Plan Width": 4,
                          "Actual Startup Time": 0.041,
                          "Actual Total Time": 105.903,
                          "Actual Rows": 183034,
                          "Actual Loops": 4,
                          "Filter": "((kind_id < 7) AND (production_year > 1969))",
                          "Rows Removed by Filter": 449044
                        }
                      ]
                    }
                  ]
                }
              ]
            }
          ]
        }
      ]
    },
    "Planning Time": 0.644,
    "Triggers": [],
    "Execution Time": 344.736
  }
]