[
  {
    "Plan": {
      "Node Type": "Aggregate",
      "Strategy": "Plain",
      "Partial Mode": "Finalize",
      "Parallel Aware": false,
      "Startup Cost": 350678.36,
      "Total Cost": 350678.38,
      "Plan Rows": 1,
      "Plan Width": 8,
      "Actual Startup Time": 746.184,
      "Actual Total Time": 811.247,
      "Actual Rows": 1,
      "Actual Loops": 1,
      "Plans": [
        {
          "Node Type": "Gather",
          "Parent Relationship": "Outer",
          "Parallel Aware": false,
          "Startup Cost": 350677.74,
          "Total Cost": 350678.35,
          "Plan Rows": 6,
          "Plan Width": 8,
          "Actual Startup Time": 746.075,
          "Actual Total Time": 811.238,
          "Actual Rows": 7,
          "Actual Loops": 1,
          "Workers Planned": 6,
          "Workers Launched": 6,
          "Single Copy": false,
          "Plans": [
            {
              "Node Type": "Aggregate",
              "Strategy": "Plain",
              "Partial Mode": "Partial",
              "Parent Relationship": "Outer",
              "Parallel Aware": false,
              "Startup Cost": 349677.74,
              "Total Cost": 349677.75,
              "Plan Rows": 1,
              "Plan Width": 8,
              "Actual Startup Time": 737.434,
              "Actual Total Time": 737.435,
              "Actual Rows": 1,
              "Actual Loops": 7,
              "Plans": [
                {
                  "Node Type": "Seq Scan",
                  "Parent Relationship": "Outer",
                  "Parallel Aware": true,
                  "Relation Name": "cast_info",
                  "Alias": "ci",
                  "Startup Cost": 0.0,
                  "Total Cost": 343257.03,
                  "Plan Rows": 2568284,
                  "Plan Width": 0,
                  "Actual Startup Time": 335.589,
                  "Actual Total Time": 650.072,
                  "Actual Rows": 2215532,
                  "Actual Loops": 7,
                  "Filter": "((person_id > 211398) AND (role_id > 2))",
                  "Rows Removed by Filter": 2962231
                }
              ]
            }
          ]
        }
      ]
    },
    "Planning Time": 0.254,
    "Triggers": [],
    "Execution Time": 811.32
  }
]