[
  {
    "Plan": {
      "Node Type": "Aggregate",
      "Strategy": "Plain",
      "Partial Mode": "Finalize",
      "Parallel Aware": false,
      "Startup Cost": 341202.77,
      "Total Cost": 341202.78,
      "Plan Rows": 1,
      "Plan Width": 8,
      "Actual Startup Time": 1053.213,
      "Actual Total Time": 1108.237,
      "Actual Rows": 1,
      "Actual Loops": 1,
      "Plans": [
        {
          "Node Type": "Gather",
          "Parent Relationship": "Outer",
          "Parallel Aware": false,
          "Startup Cost": 341202.15,
          "Total Cost": 341202.76,
          "Plan Rows": 6,
          "Plan Width": 8,
          "Actual Startup Time": 1053.015,
          "Actual Total Time": 1108.218,
          "Actual Rows": 7,
          "Actual Loops": 1,
          "Workers Planned": 6,
          "Workers Launched": 6,
          "Single Copy": false,
          "Plans": [
            {
              "Node Type": "Aggregate",
              "Strategy": "Plain",
              "Partial Mode": "Partial",
              "Parent Relationship": "Outer",
              "Parallel Aware": false,
              "Startup Cost": 340202.15,
              "Total Cost": 340202.16,
              "Plan Rows": 1,
              "Plan Width": 8,
              "Actual Startup Time": 1046.013,
              "Actual Total Time": 1046.014,
              "Actual Rows": 1,
              "Actual Loops": 7,
              "Plans": [
                {
                  "Node Type": "Seq Scan",
                  "Parent Relationship": "Outer",
                  "Parallel Aware": true,
                  "Relation Name": "cast_info",
                  "Alias": "ci",
                  "Startup Cost": 0.0,
                  "Total Cost": 328211.39,
                  "Plan Rows": 4796302,
                  "Plan Width": 0,
                  "Actual Startup Time": 0.047,
                  "Actual Total Time": 815.955,
                  "Actual Rows": 4115444,
                  "Actual Loops": 7,
                  "Filter": "(role_id < 8)",
                  "Rows Removed by Filter": 1062320
                }
              ]
            }
          ]
        }
      ]
    },
    "Planning Time": 0.05,
    "Triggers": [],
    "Execution Time": 1108.275
  }
]