{
  "Plan": {
    "Node Type": "Aggregate",
    "Strategy": "Plain",
    "Partial Mode": "Finalize",
    "Parallel Aware": false,
    "Startup Cost": 108348.81,
    "Total Cost": 108348.82,
    "Plan Rows": 1,
    "Plan Width": 8,
    "Actual Startup Time": 477.699,
    "Actual Total Time": 493.986,
    "Actual Rows": 1,
    "Actual Loops": 1,
    "Plans": [
      {
        "Node Type": "Gather",
        "Parent Relationship": "Outer",
        "Parallel Aware": false,
        "Startup Cost": 108348.7,
        "Total Cost": 108348.81,
        "Plan Rows": 1,
        "Plan Width": 8,
        "Actual Startup Time": 476.961,
        "Actual Total Time": 493.975,
        "Actual Rows": 2,
        "Actual Loops": 1,
        "Workers Planned": 1,
        "Workers Launched": 1,
        "Single Copy": false,
        "Plans": [
          {
            "Node Type": "Aggregate",
            "Strategy": "Plain",
            "Partial Mode": "Partial",
            "Parent Relationship": "Outer",
            "Parallel Aware": false,
            "Startup Cost": 107348.7,
            "Total Cost": 107348.71,
            "Plan Rows": 1,
            "Plan Width": 8,
            "Actual Startup Time": 471.044,
            "Actual Total Time": 471.048,
            "Actual Rows": 1,
            "Actual Loops": 2,
            "Plans": [
              {
                "Node Type": "Hash Join",
                "Parent Relationship": "Outer",
                "Parallel Aware": true,
                "Join Type": "Inner",
                "Startup Cost": 45027.04,
                "Total Cost": 106705.63,
                "Plan Rows": 257225,
                "Plan Width": 0,
                "Actual Startup Time": 153.513,
                "Actual Total Time": 465.633,
                "Actual Rows": 125336,
                "Actual Loops": 2,
                "Inner Unique": false,
                "Hash Cond": "(t.id = mc.movie_id)",
                "Plans": [
                  {
                    "Node Type": "Seq Scan",
                    "Parent Relationship": "Outer",
                    "Parallel Aware": true,
                    "Relation Name": "title",
                    "Alias": "t",
                    "Startup Cost": 0.0,
                    "Total Cost": 50870.31,
                    "Plan Rows": 1487231,
                    "Plan Width": 4,
                    "Actual Startup Time": 0.013,
                    "Actual Total Time": 125.508,
                    "Actual Rows": 1264156,
                    "Actual Loops": 2
                  },
                  {
                    "Node Type": "Hash",
                    "Parent Relationship": "Inner",
                    "Parallel Aware": true,
                    "Startup Cost": 41811.73,
                    "Total Cost": 41811.73,
                    "Plan Rows": 257225,
                    "Plan Width": 4,
                    "Actual Startup Time": 148.069,
                    "Actual Total Time": 148.07,
                    "Actual Rows": 125336,
                    "Actual Loops": 2,
                    "Hash Buckets": 524288,
                    "Original Hash Buckets": 524288,
                    "Hash Batches": 1,
                    "Original Hash Batches": 1,
                    "Peak Memory Usage": 13920,
                    "Plans": [
                      {
                        "Node Type": "Seq Scan",
                        "Parent Relationship": "Outer",
                        "Parallel Aware": true,
                        "Relation Name": "movie_companies",
                        "Alias": "mc",
                        "Startup Cost": 0.0,
                        "Total Cost": 41811.73,
                        "Plan Rows": 257225,
                        "Plan Width": 4,
                        "Actual Startup Time": 68.596,
                        "Actual Total Time": 122.239,
                        "Actual Rows": 125336,
                        "Actual Loops": 2,
                        "Filter": "((company_id < 2440) AND (company_type_id > 1))",
                        "Rows Removed by Filter": 1179228
                      }
                    ]
                  }
                ]
              }
            ]
          }
        ]
      }
    ]
  },
  "Planning Time": 0.828,
  "Triggers": [],
  "Execution Time": 494.061
}