[
  {
    "Plan": {
      "Node Type": "Aggregate",
      "Strategy": "Plain",
      "Partial Mode": "Finalize",
      "Parallel Aware": false,
      "Startup Cost": 45287.33,
      "Total Cost": 45287.34,
      "Plan Rows": 1,
      "Plan Width": 8,
      "Actual Startup Time": 141.077,
      "Actual Total Time": 151.026,
      "Actual Rows": 1,
      "Actual Loops": 1,
      "Plans": [
        {
          "Node Type": "Gather",
          "Parent Relationship": "Outer",
          "Parallel Aware": false,
          "Startup Cost": 45287.02,
          "Total Cost": 45287.33,
          "Plan Rows": 3,
          "Plan Width": 8,
          "Actual Startup Time": 140.925,
          "Actual Total Time": 151.016,
          "Actual Rows": 4,
          "Actual Loops": 1,
          "Workers Planned": 3,
          "Workers Launched": 3,
          "Single Copy": false,
          "Plans": [
            {
              "Node Type": "Aggregate",
              "Strategy": "Plain",
              "Partial Mode": "Partial",
              "Parent Relationship": "Outer",
              "Parallel Aware": false,
              "Startup Cost": 44287.02,
              "Total Cost": 44287.03,
              "Plan Rows": 1,
              "Plan Width": 8,
              "Actual Startup Time": 135.634,
              "Actual Total Time": 135.636,
              "Actual Rows": 1,
              "Actual Loops": 4,
              "Plans": [
                {
                  "Node Type": "Seq Scan",
                  "Parent Relationship": "Outer",
                  "Parallel Aware": true,
                  "Relation Name": "movie_keyword",
                  "Alias": "mk",
                  "Startup Cost": 0.0,
                  "Total Cost": 42695.65,
                  "Plan Rows": 636545,
                  "Plan Width": 0,
                  "Actual Startup Time": 0.946,
                  "Actual Total Time": 112.337,
                  "Actual Rows": 491190,
                  "Actual Loops": 4,
                  "Filter": "(keyword_id > 6450)",
                  "Rows Removed by Filter": 639792
                }
              ]
            }
          ]
        }
      ]
    },
    "Planning Time": 0.219,
    "Triggers": [],
    "Execution Time": 151.088
  }
]