{
  "Plan": {
    "Node Type": "Aggregate",
    "Strategy": "Plain",
    "Partial Mode": "Finalize",
    "Parallel Aware": false,
    "Startup Cost": 52186.69,
    "Total Cost": 52186.7,
    "Plan Rows": 1,
    "Plan Width": 8,
    "Actual Startup Time": 42.743,
    "Actual Total Time": 46.753,
    "Actual Rows": 1,
    "Actual Loops": 1,
    "Plans": [
      {
        "Node Type": "Gather",
        "Parent Relationship": "Outer",
        "Parallel Aware": false,
        "Startup Cost": 52186.58,
        "Total Cost": 52186.69,
        "Plan Rows": 1,
        "Plan Width": 8,
        "Actual Startup Time": 42.177,
        "Actual Total Time": 46.746,
        "Actual Rows": 2,
        "Actual Loops": 1,
        "Workers Planned": 1,
        "Workers Launched": 1,
        "Single Copy": false,
        "Plans": [
          {
            "Node Type": "Aggregate",
            "Strategy": "Plain",
            "Partial Mode": "Partial",
            "Parent Relationship": "Outer",
            "Parallel Aware": false,
            "Startup Cost": 51186.58,
            "Total Cost": 51186.59,
            "Plan Rows": 1,
            "Plan Width": 8,
            "Actual Startup Time": 36.234,
            "Actual Total Time": 36.236,
            "Actual Rows": 1,
            "Actual Loops": 2,
            "Plans": [
              {
                "Node Type": "Nested Loop",
                "Parent Relationship": "Outer",
                "Parallel Aware": false,
                "Join Type": "Inner",
                "Startup Cost": 186.13,
                "Total Cost": 51180.64,
                "Plan Rows": 2377,
                "Plan Width": 0,
                "Actual Startup Time": 9.856,
                "Actual Total Time": 35.966,
                "Actual Rows": 2110,
                "Actual Loops": 2,
                "Inner Unique": false,
                "Plans": [
                  {
                    "Node Type": "Nested Loop",
                    "Parent Relationship": "Outer",
                    "Parallel Aware": false,
                    "Join Type": "Inner",
                    "Startup Cost": 185.56,
                    "Total Cost": 48452.7,
                    "Plan Rows": 166,
                    "Plan Width": 8,
                    "Actual Startup Time": 9.732,
                    "Actual Total Time": 28.862,
                    "Actual Rows": 156,
                    "Actual Loops": 2,
                    "Inner Unique": true,
                    "Plans": [
                      {
                        "Node Type": "Bitmap Heap Scan",
                        "Parent Relationship": "Outer",
                        "Parallel Aware": true,
                        "Relation Name": "movie_companies",
                        "Alias": "mc",
                        "Startup Cost": 185.13,
                        "Total Cost": 15215.63,
                        "Plan Rows": 4911,
                        "Plan Width": 4,
                        "Actual Startup Time": 1.715,
                        "Actual Total Time": 3.878,
                        "Actual Rows": 4351,
                        "Actual Loops": 2,
                        "Recheck Cond": "(company_id = 596)",
                        "Rows Removed by Index Recheck": 0,
                        "Exact Heap Blocks": 715,
                        "Lossy Heap Blocks": 0,
                        "Plans": [
                          {
                            "Node Type": "Bitmap Index Scan",
                            "Parent Relationship": "Outer",
                            "Parallel Aware": false,
                            "Index Name": "company_id_movie_companies",
                            "Startup Cost": 0.0,
                            "Total Cost": 183.05,
                            "Plan Rows": 8349,
                            "Plan Width": 0,
                            "Actual Startup Time": 2.919,
                            "Actual Total Time": 2.92,
                            "Actual Rows": 8702,
                            "Actual Loops": 1,
                            "Index Cond": "(company_id = 596)"
                          }
                        ]
                      },
                      {
                        "Node Type": "Index Scan",
                        "Parent Relationship": "Inner",
                        "Parallel Aware": false,
                        "Scan Direction": "Forward",
                        "Index Name": "title_pkey",
                        "Relation Name": "title",
                        "Alias": "t",
                        "Startup Cost": 0.43,
                        "Total Cost": 6.77,
                        "Plan Rows": 1,
                        "Plan Width": 4,
                        "Actual Startup Time": 0.005,
                        "Actual Total Time": 0.005,
                        "Actual Rows": 0,
                        "Actual Loops": 8702,
                        "Index Cond": "(id = mc.movie_id)",
                        "Rows Removed by Index Recheck": 0,
                        "Filter": "(production_year = 2004)",
                        "Rows Removed by Filter": 1
                      }
                    ]
                  },
                  {
                    "Node Type": "Index Only Scan",
                    "Parent Relationship": "Inner",
                    "Parallel Aware": false,
                    "Scan Direction": "Forward",
                    "Index Name": "movie_id_cast_info",
                    "Relation Name": "cast_info",
                    "Alias": "ci",
                    "Startup Cost": 0.56,
                    "Total Cost": 16.06,
                    "Plan Rows": 37,
                    "Plan Width": 4,
                    "Actual Startup Time": 0.01,
                    "Actual Total Time": 0.043,
                    "Actual Rows": 14,
                    "Actual Loops": 312,
                    "Index Cond": "(movie_id = t.id)",
                    "Rows Removed by Index Recheck": 0,
                    "Heap Fetches": 4219
                  }
                ]
              }
            ]
          }
        ]
      }
    ]
  },
  "Planning Time": 0.941,
  "Triggers": [],
  "Execution Time": 46.846
}