{
  "Plan": {
    "Node Type": "Aggregate",
    "Strategy": "Plain",
    "Partial Mode": "Finalize",
    "Parallel Aware": false,
    "Startup Cost": 79542.25,
    "Total Cost": 79542.26,
    "Plan Rows": 1,
    "Plan Width": 8,
    "Actual Startup Time": 189.388,
    "Actual Total Time": 205.788,
    "Actual Rows": 1,
    "Actual Loops": 1,
    "Plans": [
      {
        "Node Type": "Gather",
        "Parent Relationship": "Outer",
        "Parallel Aware": false,
        "Startup Cost": 79542.14,
        "Total Cost": 79542.25,
        "Plan Rows": 1,
        "Plan Width": 8,
        "Actual Startup Time": 189.132,
        "Actual Total Time": 205.779,
        "Actual Rows": 2,
        "Actual Loops": 1,
        "Workers Planned": 1,
        "Workers Launched": 1,
        "Single Copy": false,
        "Plans": [
          {
            "Node Type": "Aggregate",
            "Strategy": "Plain",
            "Partial Mode": "Partial",
            "Parent Relationship": "Outer",
            "Parallel Aware": false,
            "Startup Cost": 78542.14,
            "Total Cost": 78542.15,
            "Plan Rows": 1,
            "Plan Width": 8,
            "Actual Startup Time": 183.143,
            "Actual Total Time": 183.147,
            "Actual Rows": 1,
            "Actual Loops": 2,
            "Plans": [
              {
                "Node Type": "Nested Loop",
                "Parent Relationship": "Outer",
                "Parallel Aware": false,
                "Join Type": "Inner",
                "Startup Cost": 20449.82,
                "Total Cost": 78541.67,
                "Plan Rows": 186,
                "Plan Width": 0,
                "Actual Startup Time": 142.047,
                "Actual Total Time": 183.005,
                "Actual Rows": 2067,
                "Actual Loops": 2,
                "Inner Unique": false,
                "Plans": [
                  {
                    "Node Type": "Hash Join",
                    "Parent Relationship": "Outer",
                    "Parallel Aware": true,
                    "Join Type": "Inner",
                    "Startup Cost": 20449.39,
                    "Total Cost": 75231.07,
                    "Plan Rows": 203,
                    "Plan Width": 8,
                    "Actual Startup Time": 141.934,
                    "Actual Total Time": 170.902,
                    "Actual Rows": 338,
                    "Actual Loops": 2,
                    "Inner Unique": false,
                    "Hash Cond": "(t.id = mc.movie_id)",
                    "Plans": [
                      {
                        "Node Type": "Seq Scan",
                        "Parent Relationship": "Outer",
                        "Parallel Aware": true,
                        "Relation Name": "title",
                        "Alias": "t",
                        "Startup Cost": 0.0,
                        "Total Cost": 54588.39,
                        "Plan Rows": 30736,
                        "Plan Width": 4,
                        "Actual Startup Time": 0.031,
                        "Actual Total Time": 144.784,
                        "Actual Rows": 29295,
                        "Actual Loops": 2,
                        "Filter": "(production_year = 2001)",
                        "Rows Removed by Filter": 1234861
                      },
                      {
                        "Node Type": "Hash",
                        "Parent Relationship": "Inner",
                        "Parallel Aware": true,
                        "Startup Cost": 20326.81,
                        "Total Cost": 20326.81,
                        "Plan Rows": 9806,
                        "Plan Width": 4,
                        "Actual Startup Time": 16.767,
                        "Actual Total Time": 16.768,
                        "Actual Rows": 15270,
                        "Actual Loops": 2,
                        "Hash Buckets": 32768,
                        "Original Hash Buckets": 32768,
                        "Hash Batches": 1,
                        "Original Hash Batches": 1,
                        "Peak Memory Usage": 1504,
                        "Plans": [
                          {
                            "Node Type": "Bitmap Heap Scan",
                            "Parent Relationship": "Outer",
                            "Parallel Aware": true,
                            "Relation Name": "movie_companies",
                            "Alias": "mc",
                            "Startup Cost": 710.84,
                            "Total Cost": 20326.81,
                            "Plan Rows": 9806,
                            "Plan Width": 4,
                            "Actual Startup Time": 1.225,
                            "Actual Total Time": 11.352,
                            "Actual Rows": 15270,
                            "Actual Loops": 2,
                            "Recheck Cond": "(company_id > 207272)",
                            "Rows Removed by Index Recheck": 0,
                            "Filter": "(company_type_id > 1)",
                            "Rows Removed by Filter": 0,
                            "Exact Heap Blocks": 1106,
                            "Lossy Heap Blocks": 0,
                            "Plans": [
                              {
                                "Node Type": "Bitmap Index Scan",
                                "Parent Relationship": "Outer",
                                "Parallel Aware": false,
                                "Index Name": "company_id_movie_companies",
                                "Startup Cost": 0.0,
                                "Total Cost": 706.67,
                                "Plan Rows": 32832,
                                "Plan Width": 0,
                                "Actual Startup Time": 1.986,
                                "Actual Total Time": 1.986,
                                "Actual Rows": 30540,
                                "Actual Loops": 1,
                                "Index Cond": "(company_id > 207272)"
                              }
                            ]
                          }
                        ]
                      }
                    ]
                  },
                  {
                    "Node Type": "Index Scan",
                    "Parent Relationship": "Inner",
                    "Parallel Aware": false,
                    "Scan Direction": "Forward",
                    "Index Name": "movie_id_movie_info",
                    "Relation Name": "movie_info",
                    "Alias": "mi",
                    "Startup Cost": 0.43,
                    "Total Cost": 16.24,
                    "Plan Rows": 7,
                    "Plan Width": 4,
                    "Actual Startup Time": 0.017,
                    "Actual Total Time": 0.035,
                    "Actual Rows": 6,
                    "Actual Loops": 676,
                    "Index Cond": "(movie_id = t.id)",
                    "Rows Removed by Index Recheck": 0,
                    "Filter": "(info_type_id > 16)",
                    "Rows Removed by Filter": 17
                  }
                ]
              }
            ]
          }
        ]
      }
    ]
  },
  "Planning Time": 0.605,
  "Triggers": [],
  "Execution Time": 205.863
}