[
    {
        "Bao": {
            "Bao prediction": "NaN",
            "Bao recommended hint": "(no hint)"
        }
    },
    {
        "Plan": {
            "Node Type": "Aggregate",
            "Strategy": "Plain",
            "Partial Mode": "Finalize",
            "Parallel Aware": false,
            "Startup Cost": 31632.32,
            "Total Cost": 31632.33,
            "Plan Rows": 1,
            "Plan Width": 8,
            "Actual Startup Time": 97.707,
            "Actual Total Time": 102.327,
            "Actual Rows": 1,
            "Actual Loops": 1,
            "Output": [
                "count(*)"
            ],
            "Plans": [
                {
                    "Node Type": "Gather",
                    "Parent Relationship": "Outer",
                    "Parallel Aware": false,
                    "Startup Cost": 31632.01,
                    "Total Cost": 31632.32,
                    "Plan Rows": 3,
                    "Plan Width": 8,
                    "Actual Startup Time": 97.337,
                    "Actual Total Time": 102.316,
                    "Actual Rows": 4,
                    "Actual Loops": 1,
                    "Output": [
                        "(PARTIAL count(*))"
                    ],
                    "Workers Planned": 3,
                    "Workers Launched": 3,
                    "Single Copy": false,
                    "Plans": [
                        {
                            "Node Type": "Aggregate",
                            "Strategy": "Plain",
                            "Partial Mode": "Partial",
                            "Parent Relationship": "Outer",
                            "Parallel Aware": false,
                            "Startup Cost": 30632.01,
                            "Total Cost": 30632.02,
                            "Plan Rows": 1,
                            "Plan Width": 8,
                            "Actual Startup Time": 89.015,
                            "Actual Total Time": 89.016,
                            "Actual Rows": 1,
                            "Actual Loops": 4,
                            "Output": [
                                "PARTIAL count(*)"
                            ],
                            "Workers": [
                                {
                                    "Worker Number": 0,
                                    "Actual Startup Time": 86.329,
                                    "Actual Total Time": 86.331,
                                    "Actual Rows": 1,
                                    "Actual Loops": 1
                                },
                                {
                                    "Worker Number": 1,
                                    "Actual Startup Time": 86.366,
                                    "Actual Total Time": 86.368,
                                    "Actual Rows": 1,
                                    "Actual Loops": 1
                                },
                                {
                                    "Worker Number": 2,
                                    "Actual Startup Time": 86.325,
                                    "Actual Total Time": 86.327,
                                    "Actual Rows": 1,
                                    "Actual Loops": 1
                                }
                            ],
                            "Plans": [
                                {
                                    "Node Type": "Bitmap Heap Scan",
                                    "Parent Relationship": "Outer",
                                    "Parallel Aware": true,
                                    "Relation Name": "movie_companies",
                                    "Schema": "public",
                                    "Alias": "mc",
                                    "Startup Cost": 9527.36,
                                    "Total Cost": 30457.19,
                                    "Plan Rows": 69925,
                                    "Plan Width": 0,
                                    "Actual Startup Time": 22.166,
                                    "Actual Total Time": 81.547,
                                    "Actual Rows": 83188,
                                    "Actual Loops": 4,
                                    "Recheck Cond": "(mc.company_id < 319)",
                                    "Rows Removed by Index Recheck": 0,
                                    "Filter": "(mc.company_type_id < 2)",
                                    "Rows Removed by Filter": 26025,
                                    "Exact Heap Blocks": 6683,
                                    "Lossy Heap Blocks": 0,
                                    "Workers": [
                                        {
                                            "Worker Number": 0,
                                            "Actual Startup Time": 19.526,
                                            "Actual Total Time": 79.569,
                                            "Actual Rows": 61858,
                                            "Actual Loops": 1
                                        },
                                        {
                                            "Worker Number": 1,
                                            "Actual Startup Time": 19.689,
                                            "Actual Total Time": 79.582,
                                            "Actual Rows": 68297,
                                            "Actual Loops": 1
                                        },
                                        {
                                            "Worker Number": 2,
                                            "Actual Startup Time": 19.511,
                                            "Actual Total Time": 79.498,
                                            "Actual Rows": 60942,
                                            "Actual Loops": 1
                                        }
                                    ],
                                    "Plans": [
                                        {
                                            "Node Type": "Bitmap Index Scan",
                                            "Parent Relationship": "Outer",
                                            "Parallel Aware": false,
                                            "Index Name": "company_id_movie_companies",
                                            "Startup Cost": 0.0,
                                            "Total Cost": 9473.17,
                                            "Plan Rows": 442232,
                                            "Plan Width": 0,
                                            "Actual Startup Time": 25.64,
                                            "Actual Total Time": 25.64,
                                            "Actual Rows": 436850,
                                            "Actual Loops": 1,
                                            "Index Cond": "(mc.company_id < 319)"
                                        }
                                    ]
                                }
                            ]
                        }
                    ]
                }
            ]
        },
        "Planning Time": 266.569,
        "Triggers": [],
        "Execution Time": 102.405
    }
]