{
  "Plan": {
    "Node Type": "Aggregate",
    "Strategy": "Plain",
    "Partial Mode": "Finalize",
    "Parallel Aware": false,
    "Startup Cost": 581612.02,
    "Total Cost": 581612.03,
    "Plan Rows": 1,
    "Plan Width": 8,
    "Actual Startup Time": 2951.836,
    "Actual Total Time": 3018.538,
    "Actual Rows": 1,
    "Actual Loops": 1,
    "Plans": [
      {
        "Node Type": "Gather",
        "Parent Relationship": "Outer",
        "Parallel Aware": false,
        "Startup Cost": 581611.91,
        "Total Cost": 581612.02,
        "Plan Rows": 1,
        "Plan Width": 8,
        "Actual Startup Time": 2951.573,
        "Actual Total Time": 3018.519,
        "Actual Rows": 2,
        "Actual Loops": 1,
        "Workers Planned": 1,
        "Workers Launched": 1,
        "Single Copy": false,
        "Plans": [
          {
            "Node Type": "Aggregate",
            "Strategy": "Plain",
            "Partial Mode": "Partial",
            "Parent Relationship": "Outer",
            "Parallel Aware": false,
            "Startup Cost": 580611.91,
            "Total Cost": 580611.92,
            "Plan Rows": 1,
            "Plan Width": 8,
            "Actual Startup Time": 2947.803,
            "Actual Total Time": 2947.807,
            "Actual Rows": 1,
            "Actual Loops": 2,
            "Plans": [
              {
                "Node Type": "Hash Join",
                "Parent Relationship": "Outer",
                "Parallel Aware": true,
                "Join Type": "Inner",
                "Startup Cost": 58454.46,
                "Total Cost": 580187.81,
                "Plan Rows": 169639,
                "Plan Width": 0,
                "Actual Startup Time": 134.219,
                "Actual Total Time": 2939.956,
                "Actual Rows": 150987,
                "Actual Loops": 2,
                "Inner Unique": true,
                "Hash Cond": "(ci.movie_id = t.id)",
                "Plans": [
                  {
                    "Node Type": "Seq Scan",
                    "Parent Relationship": "Outer",
                    "Parallel Aware": true,
                    "Relation Name": "cast_info",
                    "Alias": "ci",
                    "Startup Cost": 0.0,
                    "Total Cost": 465792.95,
                    "Plan Rows": 21310595,
                    "Plan Width": 4,
                    "Actual Startup Time": 0.013,
                    "Actual Total Time": 1292.814,
                    "Actual Rows": 18122172,
                    "Actual Loops": 2
                  },
                  {
                    "Node Type": "Hash",
                    "Parent Relationship": "Inner",
                    "Parallel Aware": true,
                    "Startup Cost": 58306.47,
                    "Total Cost": 58306.47,
                    "Plan Rows": 11839,
                    "Plan Width": 4,
                    "Actual Startup Time": 133.511,
                    "Actual Total Time": 133.511,
                    "Actual Rows": 8678,
                    "Actual Loops": 2,
                    "Hash Buckets": 32768,
                    "Original Hash Buckets": 32768,
                    "Hash Batches": 1,
                    "Original Hash Batches": 1,
                    "Peak Memory Usage": 992,
                    "Plans": [
                      {
                        "Node Type": "Seq Scan",
                        "Parent Relationship": "Outer",
                        "Parallel Aware": true,
                        "Relation Name": "title",
                        "Alias": "t",
                        "Startup Cost": 0.0,
                        "Total Cost": 58306.47,
                        "Plan Rows": 11839,
                        "Plan Width": 4,
                        "Actual Startup Time": 0.209,
                        "Actual Total Time": 130.648,
                        "Actual Rows": 8678,
                        "Actual Loops": 2,
                        "Filter": "((kind_id < 7) AND (production_year = 2000))",
                        "Rows Removed by Filter": 1255478
                      }
                    ]
                  }
                ]
              }
            ]
          }
        ]
      }
    ]
  },
  "Planning Time": 0.289,
  "Triggers": [],
  "Execution Time": 3018.603
}