[
  {
    "Plan": {
      "Node Type": "Aggregate",
      "Strategy": "Plain",
      "Partial Mode": "Finalize",
      "Parallel Aware": false,
      "Startup Cost": 117724.07,
      "Total Cost": 117724.08,
      "Plan Rows": 1,
      "Plan Width": 8,
      "Actual Startup Time": 477.535,
      "Actual Total Time": 497.331,
      "Actual Rows": 1,
      "Actual Loops": 1,
      "Plans": [
        {
          "Node Type": "Gather",
          "Parent Relationship": "Outer",
          "Parallel Aware": false,
          "Startup Cost": 117723.76,
          "Total Cost": 117724.07,
          "Plan Rows": 3,
          "Plan Width": 8,
          "Actual Startup Time": 469.506,
          "Actual Total Time": 497.325,
          "Actual Rows": 4,
          "Actual Loops": 1,
          "Workers Planned": 3,
          "Workers Launched": 3,
          "Single Copy": false,
          "Plans": [
            {
              "Node Type": "Aggregate",
              "Strategy": "Plain",
              "Partial Mode": "Partial",
              "Parent Relationship": "Outer",
              "Parallel Aware": false,
              "Startup Cost": 116723.76,
              "Total Cost": 116723.77,
              "Plan Rows": 1,
              "Plan Width": 8,
              "Actual Startup Time": 462.818,
              "Actual Total Time": 462.824,
              "Actual Rows": 1,
              "Actual Loops": 4,
              "Plans": [
                {
                  "Node Type": "Hash Join",
                  "Parent Relationship": "Outer",
                  "Parallel Aware": true,
                  "Join Type": "Inner",
                  "Startup Cost": 84081.96,
                  "Total Cost": 116659.55,
                  "Plan Rows": 25682,
                  "Plan Width": 0,
                  "Actual Startup Time": 413.515,
                  "Actual Total Time": 461.015,
                  "Actual Rows": 39082,
                  "Actual Loops": 4,
                  "Inner Unique": false,
                  "Hash Cond": "(mc.movie_id = t.id)",
                  "Plans": [
                    {
                      "Node Type": "Seq Scan",
                      "Parent Relationship": "Outer",
                      "Parallel Aware": true,
                      "Relation Name": "movie_companies",
                      "Alias": "mc",
                      "Startup Cost": 0.0,
                      "Total Cost": 31414.82,
                      "Plan Rows": 287983,
                      "Plan Width": 4,
                      "Actual Startup Time": 32.63,
                      "Actual Total Time": 67.124,
                      "Actual Rows": 144766,
                      "Actual Loops": 4,
                      "Filter": "((company_id < 25022) AND (company_type_id = 2))",
                      "Rows Removed by Filter": 507516
                    },
                    {
                      "Node Type": "Hash",
                      "Parent Relationship": "Inner",
                      "Parallel Aware": true,
                      "Startup Cost": 83172.77,
                      "Total Cost": 83172.77,
                      "Plan Rows": 72735,
                      "Plan Width": 8,
                      "Actual Startup Time": 369.608,
                      "Actual Total Time": 369.613,
                      "Actual Rows": 44666,
                      "Actual Loops": 4,
                      "Hash Buckets": 262144,
                      "Original Hash Buckets": 262144,
                      "Hash Batches": 1,
                      "Original Hash Batches": 1,
                      "Peak Memory Usage": 9088,
                      "Plans": [
                        {
                          "Node Type": "Hash Join",
                          "Parent Relationship": "Outer",
                          "Parallel Aware": true,
                          "Join Type": "Inner",
                          "Startup Cost": 56790.69,
                          "Total Cost": 83172.77,
                          "Plan Rows": 72735,
                          "Plan Width": 8,
                          "Actual Startup Time": 277.99,
                          "Actual Total Time": 358.041,
                          "Actual Rows": 44666,
                          "Actual Loops": 4,
                          "Inner Unique": true,
                          "Hash Cond": "(mk.movie_id = t.id)",
                          "Plans": [
                            {
                              "Node Type": "Bitmap Heap Scan",
                              "Parent Relationship": "Outer",
                              "Parallel Aware": true,
                              "Relation Name": "movie_keyword",
                              "Alias": "mk",
                              "Startup Cost": 8383.05,
                              "Total Cost": 34430.5,
                              "Plan Rows": 127476,
                              "Plan Width": 4,
                              "Actual Startup Time": 32.591,
                              "Actual Total Time": 83.13,
                              "Actual Rows": 98711,
                              "Actual Loops": 4,
                              "Recheck Cond": "(keyword_id > 43704)",
                              "Rows Removed by Index Recheck": 0,
                              "Exact Heap Blocks": 6976,
                              "Lossy Heap Blocks": 0,
                              "Plans": [
                                {
                                  "Node Type": "Bitmap Index Scan",
                                  "Parent Relationship": "Outer",
                                  "Parallel Aware": false,
                                  "Index Name": "keyword_id_movie_keyword",
                                  "Startup Cost": 0.0,
                                  "Total Cost": 8284.25,
                                  "Plan Rows": 395176,
                                  "Plan Width": 0,
                                  "Actual Startup Time": 29.286,
                                  "Actual Total Time": 29.286,
                                  "Actual Rows": 394843,
                                  "Actual Loops": 1,
                                  "Index Cond": "(keyword_id > 43704)"
                                }
                              ]
                            },
                            {
                              "Node Type": "Hash",
                              "Parent Relationship": "Inner",
                              "Parallel Aware": true,
                              "Startup Cost": 43899.32,
                              "Total Cost": 43899.32,
                              "Plan Rows": 360666,
                              "Plan Width": 4,
                              "Actual Startup Time": 241.238,
                              "Actual Total Time": 241.239,
                              "Actual Rows": 358616,
                              "Actual Loops": 4,
                              "Hash Buckets": 2097152,
                              "Original Hash Buckets": 2097152,
                              "Hash Batches": 1,
                              "Original Hash Batches": 1,
                              "Peak Memory Usage": 72576,
                              "Plans": [
                                {
                                  "Node Type": "Seq Scan",
                                  "Parent Relationship": "Outer",
                                  "Parallel Aware": true,
                                  "Relation Name": "title",
                                  "Alias": "t",
                                  "Startup Cost": 0.0,
                                  "Total Cost": 43899.32,
                                  "Plan Rows": 360666,
                                  "Plan Width": 4,
                                  "Actual Startup Time": 0.044,
                                  "Actual Total Time": 110.644,
                                  "Actual Rows": 358616,
                                  "Actual Loops": 4,
                                  "Filter": "(production_year > 1999)",
                                  "Rows Removed by Filter": 273462
                                }
                              ]
                            }
                          ]
                        }
                      ]
                    }
                  ]
                }
              ]
            }
          ]
        }
      ]
    },
    "Planning Time": 0.719,
    "Triggers": [],
    "Execution Time": 497.387
  }
]