[
  {
    "Plan": {
      "Node Type": "Aggregate",
      "Strategy": "Plain",
      "Partial Mode": "Finalize",
      "Parallel Aware": false,
      "Startup Cost": 334351.86,
      "Total Cost": 334351.87,
      "Plan Rows": 1,
      "Plan Width": 8,
      "Actual Startup Time": 659.677,
      "Actual Total Time": 720.097,
      "Actual Rows": 1,
      "Actual Loops": 1,
      "Plans": [
        {
          "Node Type": "Gather",
          "Parent Relationship": "Outer",
          "Parallel Aware": false,
          "Startup Cost": 334351.24,
          "Total Cost": 334351.85,
          "Plan Rows": 6,
          "Plan Width": 8,
          "Actual Startup Time": 659.575,
          "Actual Total Time": 720.087,
          "Actual Rows": 7,
          "Actual Loops": 1,
          "Workers Planned": 6,
          "Workers Launched": 6,
          "Single Copy": false,
          "Plans": [
            {
              "Node Type": "Aggregate",
              "Strategy": "Plain",
              "Partial Mode": "Partial",
              "Parent Relationship": "Outer",
              "Parallel Aware": false,
              "Startup Cost": 333351.24,
              "Total Cost": 333351.25,
              "Plan Rows": 1,
              "Plan Width": 8,
              "Actual Startup Time": 650.99,
              "Actual Total Time": 650.991,
              "Actual Rows": 1,
              "Actual Loops": 7,
              "Plans": [
                {
                  "Node Type": "Seq Scan",
                  "Parent Relationship": "Outer",
                  "Parallel Aware": true,
                  "Relation Name": "cast_info",
                  "Alias": "ci",
                  "Startup Cost": 0.0,
                  "Total Cost": 328162.03,
                  "Plan Rows": 2075684,
                  "Plan Width": 0,
                  "Actual Startup Time": 266.662,
                  "Actual Total Time": 573.383,
                  "Actual Rows": 1776489,
                  "Actual Loops": 7,
                  "Filter": "(person_id > 2440832)",
                  "Rows Removed by Filter": 3401274
                }
              ]
            }
          ]
        }
      ]
    },
    "Planning Time": 0.197,
    "Triggers": [],
    "Execution Time": 720.168
  }
]