[
  {
    "Plan": {
      "Node Type": "Aggregate",
      "Strategy": "Plain",
      "Partial Mode": "Finalize",
      "Parallel Aware": false,
      "Startup Cost": 78917.55,
      "Total Cost": 78917.56,
      "Plan Rows": 1,
      "Plan Width": 8,
      "Actual Startup Time": 283.349,
      "Actual Total Time": 298.927,
      "Actual Rows": 1,
      "Actual Loops": 1,
      "Plans": [
        {
          "Node Type": "Gather",
          "Parent Relationship": "Outer",
          "Parallel Aware": false,
          "Startup Cost": 78917.23,
          "Total Cost": 78917.54,
          "Plan Rows": 3,
          "Plan Width": 8,
          "Actual Startup Time": 281.366,
          "Actual Total Time": 298.917,
          "Actual Rows": 4,
          "Actual Loops": 1,
          "Workers Planned": 3,
          "Workers Launched": 3,
          "Single Copy": false,
          "Plans": [
            {
              "Node Type": "Aggregate",
              "Strategy": "Plain",
              "Partial Mode": "Partial",
              "Parent Relationship": "Outer",
              "Parallel Aware": false,
              "Startup Cost": 77917.23,
              "Total Cost": 77917.24,
              "Plan Rows": 1,
              "Plan Width": 8,
              "Actual Startup Time": 272.403,
              "Actual Total Time": 272.406,
              "Actual Rows": 1,
              "Actual Loops": 4,
              "Plans": [
                {
                  "Node Type": "Hash Join",
                  "Parent Relationship": "Outer",
                  "Parallel Aware": true,
                  "Join Type": "Inner",
                  "Startup Cost": 45572.84,
                  "Total Cost": 77761.16,
                  "Plan Rows": 62430,
                  "Plan Width": 0,
                  "Actual Startup Time": 166.648,
                  "Actual Total Time": 271.245,
                  "Actual Rows": 24148,
                  "Actual Loops": 4,
                  "Inner Unique": true,
                  "Hash Cond": "(mc.movie_id = t.id)",
                  "Plans": [
                    {
                      "Node Type": "Seq Scan",
                      "Parent Relationship": "Outer",
                      "Parallel Aware": true,
                      "Relation Name": "movie_companies",
                      "Alias": "mc",
                      "Startup Cost": 0.0,
                      "Total Cost": 31414.82,
                      "Plan Rows": 294667,
                      "Plan Width": 4,
                      "Actual Startup Time": 0.47,
                      "Actual Total Time": 68.318,
                      "Actual Rows": 187093,
                      "Actual Loops": 4,
                      "Filter": "((company_id > 1451) AND (company_type_id < 2))",
                      "Rows Removed by Filter": 465190
                    },
                    {
                      "Node Type": "Hash",
                      "Parent Relationship": "Inner",
                      "Parallel Aware": true,
                      "Startup Cost": 43898.92,
                      "Total Cost": 43898.92,
                      "Plan Rows": 133914,
                      "Plan Width": 4,
                      "Actual Startup Time": 161.017,
                      "Actual Total Time": 161.018,
                      "Actual Rows": 133342,
                      "Actual Loops": 4,
                      "Hash Buckets": 1048576,
                      "Original Hash Buckets": 1048576,
                      "Hash Batches": 1,
                      "Original Hash Batches": 1,
                      "Peak Memory Usage": 29120,
                      "Plans": [
                        {
                          "Node Type": "Seq Scan",
                          "Parent Relationship": "Outer",
                          "Parallel Aware": true,
                          "Relation Name": "title",
                          "Alias": "t",
                          "Startup Cost": 0.0,
                          "Total Cost": 43898.92,
                          "Plan Rows": 133914,
                          "Plan Width": 4,
                          "Actual Startup Time": 0.039,
                          "Actual Total Time": 104.848,
                          "Actual Rows": 133342,
                          "Actual Loops": 4,
                          "Filter": "(production_year > 2009)",
                          "Rows Removed by Filter": 498736
                        }
                      ]
                    }
                  ]
                }
              ]
            }
          ]
        }
      ]
    },
    "Planning Time": 0.662,
    "Triggers": [],
    "Execution Time": 299.0
  }
]