[
  {
    "Plan": {
      "Node Type": "Aggregate",
      "Strategy": "Plain",
      "Partial Mode": "Finalize",
      "Parallel Aware": false,
      "Startup Cost": 346092.9,
      "Total Cost": 346092.91,
      "Plan Rows": 1,
      "Plan Width": 8,
      "Actual Startup Time": 423.364,
      "Actual Total Time": 454.751,
      "Actual Rows": 1,
      "Actual Loops": 1,
      "Plans": [
        {
          "Node Type": "Gather",
          "Parent Relationship": "Outer",
          "Parallel Aware": false,
          "Startup Cost": 346092.28,
          "Total Cost": 346092.89,
          "Plan Rows": 6,
          "Plan Width": 8,
          "Actual Startup Time": 423.195,
          "Actual Total Time": 454.742,
          "Actual Rows": 7,
          "Actual Loops": 1,
          "Workers Planned": 6,
          "Workers Launched": 6,
          "Single Copy": false,
          "Plans": [
            {
              "Node Type": "Aggregate",
              "Strategy": "Plain",
              "Partial Mode": "Partial",
              "Parent Relationship": "Outer",
              "Parallel Aware": false,
              "Startup Cost": 345092.28,
              "Total Cost": 345092.29,
              "Plan Rows": 1,
              "Plan Width": 8,
              "Actual Startup Time": 415.212,
              "Actual Total Time": 415.214,
              "Actual Rows": 1,
              "Actual Loops": 7,
              "Plans": [
                {
                  "Node Type": "Index Scan",
                  "Parent Relationship": "Outer",
                  "Parallel Aware": true,
                  "Scan Direction": "Forward",
                  "Index Name": "role_id_cast_info",
                  "Relation Name": "cast_info",
                  "Alias": "ci",
                  "Startup Cost": 0.56,
                  "Total Cost": 341155.22,
                  "Plan Rows": 1574823,
                  "Plan Width": 0,
                  "Actual Startup Time": 196.977,
                  "Actual Total Time": 374.909,
                  "Actual Rows": 852254,
                  "Actual Loops": 7,
                  "Index Cond": "(role_id = 1)",
                  "Rows Removed by Index Recheck": 0,
                  "Filter": "(person_id > 918581)",
                  "Rows Removed by Filter": 957845
                }
              ]
            }
          ]
        }
      ]
    },
    "Planning Time": 0.211,
    "Triggers": [],
    "Execution Time": 454.79
  }
]