{
  "Plan": {
    "Node Type": "Aggregate",
    "Strategy": "Plain",
    "Partial Mode": "Finalize",
    "Parallel Aware": false,
    "Startup Cost": 78512.07,
    "Total Cost": 78512.08,
    "Plan Rows": 1,
    "Plan Width": 8,
    "Actual Startup Time": 373.149,
    "Actual Total Time": 381.698,
    "Actual Rows": 1,
    "Actual Loops": 1,
    "Plans": [
      {
        "Node Type": "Gather",
        "Parent Relationship": "Outer",
        "Parallel Aware": false,
        "Startup Cost": 78511.96,
        "Total Cost": 78512.07,
        "Plan Rows": 1,
        "Plan Width": 8,
        "Actual Startup Time": 370.868,
        "Actual Total Time": 381.686,
        "Actual Rows": 2,
        "Actual Loops": 1,
        "Workers Planned": 1,
        "Workers Launched": 1,
        "Single Copy": false,
        "Plans": [
          {
            "Node Type": "Aggregate",
            "Strategy": "Plain",
            "Partial Mode": "Partial",
            "Parent Relationship": "Outer",
            "Parallel Aware": false,
            "Startup Cost": 77511.96,
            "Total Cost": 77511.97,
            "Plan Rows": 1,
            "Plan Width": 8,
            "Actual Startup Time": 364.985,
            "Actual Total Time": 364.99,
            "Actual Rows": 1,
            "Actual Loops": 2,
            "Plans": [
              {
                "Node Type": "Hash Join",
                "Parent Relationship": "Outer",
                "Parallel Aware": true,
                "Join Type": "Inner",
                "Startup Cost": 58546.42,
                "Total Cost": 77340.18,
                "Plan Rows": 68712,
                "Plan Width": 0,
                "Actual Startup Time": 270.001,
                "Actual Total Time": 359.753,
                "Actual Rows": 103852,
                "Actual Loops": 2,
                "Inner Unique": true,
                "Hash Cond": "(mi_idx.movie_id = t.id)",
                "Plans": [
                  {
                    "Node Type": "Seq Scan",
                    "Parent Relationship": "Outer",
                    "Parallel Aware": true,
                    "Relation Name": "movie_info_idx",
                    "Alias": "mi_idx",
                    "Startup Cost": 0.0,
                    "Total Cost": 18082.32,
                    "Plan Rows": 271028,
                    "Plan Width": 4,
                    "Actual Startup Time": 0.028,
                    "Actual Total Time": 62.403,
                    "Actual Rows": 229962,
                    "Actual Loops": 2,
                    "Filter": "(info_type_id = 101)",
                    "Rows Removed by Filter": 460055
                  },
                  {
                    "Node Type": "Hash",
                    "Parent Relationship": "Inner",
                    "Parallel Aware": true,
                    "Startup Cost": 53833.35,
                    "Total Cost": 53833.35,
                    "Plan Rows": 377045,
                    "Plan Width": 4,
                    "Actual Startup Time": 210.958,
                    "Actual Total Time": 210.959,
                    "Actual Rows": 320262,
                    "Actual Loops": 2,
                    "Hash Buckets": 1048576,
                    "Original Hash Buckets": 1048576,
                    "Hash Batches": 1,
                    "Original Hash Batches": 1,
                    "Peak Memory Usage": 33280,
                    "Plans": [
                      {
                        "Node Type": "Bitmap Heap Scan",
                        "Parent Relationship": "Outer",
                        "Parallel Aware": true,
                        "Relation Name": "title",
                        "Alias": "t",
                        "Startup Cost": 11983.09,
                        "Total Cost": 53833.35,
                        "Plan Rows": 377045,
                        "Plan Width": 4,
                        "Actual Startup Time": 30.484,
                        "Actual Total Time": 114.808,
                        "Actual Rows": 320262,
                        "Actual Loops": 2,
                        "Recheck Cond": "(kind_id = 1)",
                        "Rows Removed by Index Recheck": 0,
                        "Filter": "(production_year > 1905)",
                        "Rows Removed by Filter": 11150,
                        "Exact Heap Blocks": 8603,
                        "Lossy Heap Blocks": 0,
                        "Plans": [
                          {
                            "Node Type": "Bitmap Index Scan",
                            "Parent Relationship": "Outer",
                            "Parallel Aware": false,
                            "Index Name": "kind_id_title",
                            "Startup Cost": 0.0,
                            "Total Cost": 11822.85,
                            "Plan Rows": 663256,
                            "Plan Width": 0,
                            "Actual Startup Time": 28.72,
                            "Actual Total Time": 28.72,
                            "Actual Rows": 662825,
                            "Actual Loops": 1,
                            "Index Cond": "(kind_id = 1)"
                          }
                        ]
                      }
                    ]
                  }
                ]
              }
            ]
          }
        ]
      }
    ]
  },
  "Planning Time": 0.519,
  "Triggers": [],
  "Execution Time": 381.81
}