{
  "Plan": {
    "Node Type": "Aggregate",
    "Strategy": "Plain",
    "Partial Mode": "Finalize",
    "Parallel Aware": false,
    "Startup Cost": 91116.65,
    "Total Cost": 91116.66,
    "Plan Rows": 1,
    "Plan Width": 8,
    "Actual Startup Time": 221.919,
    "Actual Total Time": 235.358,
    "Actual Rows": 1,
    "Actual Loops": 1,
    "Plans": [
      {
        "Node Type": "Gather",
        "Parent Relationship": "Outer",
        "Parallel Aware": false,
        "Startup Cost": 91116.54,
        "Total Cost": 91116.65,
        "Plan Rows": 1,
        "Plan Width": 8,
        "Actual Startup Time": 221.786,
        "Actual Total Time": 235.353,
        "Actual Rows": 2,
        "Actual Loops": 1,
        "Workers Planned": 1,
        "Workers Launched": 1,
        "Single Copy": false,
        "Plans": [
          {
            "Node Type": "Aggregate",
            "Strategy": "Plain",
            "Partial Mode": "Partial",
            "Parent Relationship": "Outer",
            "Parallel Aware": false,
            "Startup Cost": 90116.54,
            "Total Cost": 90116.55,
            "Plan Rows": 1,
            "Plan Width": 8,
            "Actual Startup Time": 215.672,
            "Actual Total Time": 215.675,
            "Actual Rows": 1,
            "Actual Loops": 2,
            "Plans": [
              {
                "Node Type": "Nested Loop",
                "Parent Relationship": "Outer",
                "Parallel Aware": false,
                "Join Type": "Inner",
                "Startup Cost": 67079.23,
                "Total Cost": 90116.32,
                "Plan Rows": 87,
                "Plan Width": 0,
                "Actual Startup Time": 163.423,
                "Actual Total Time": 215.649,
                "Actual Rows": 130,
                "Actual Loops": 2,
                "Inner Unique": false,
                "Join Filter": "(t.id = mi_idx.movie_id)",
                "Rows Removed by Join Filter": 0,
                "Plans": [
                  {
                    "Node Type": "Hash Join",
                    "Parent Relationship": "Outer",
                    "Parallel Aware": true,
                    "Join Type": "Inner",
                    "Startup Cost": 67078.8,
                    "Total Cost": 89746.62,
                    "Plan Rows": 476,
                    "Plan Width": 8,
                    "Actual Startup Time": 161.417,
                    "Actual Total Time": 213.777,
                    "Actual Rows": 243,
                    "Actual Loops": 2,
                    "Inner Unique": true,
                    "Hash Cond": "(mc.movie_id = t.id)",
                    "Plans": [
                      {
                        "Node Type": "Bitmap Heap Scan",
                        "Parent Relationship": "Outer",
                        "Parallel Aware": true,
                        "Relation Name": "movie_companies",
                        "Alias": "mc",
                        "Startup Cost": 8698.84,
                        "Total Cost": 31050.22,
                        "Plan Rows": 120549,
                        "Plan Width": 4,
                        "Actual Startup Time": 19.368,
                        "Actual Total Time": 54.208,
                        "Actual Rows": 203744,
                        "Actual Loops": 2,
                        "Recheck Cond": "(company_id > 81324)",
                        "Rows Removed by Index Recheck": 0,
                        "Filter": "(company_type_id > 1)",
                        "Rows Removed by Filter": 0,
                        "Exact Heap Blocks": 3734,
                        "Lossy Heap Blocks": 0,
                        "Plans": [
                          {
                            "Node Type": "Bitmap Index Scan",
                            "Parent Relationship": "Outer",
                            "Parallel Aware": false,
                            "Index Name": "company_id_movie_companies",
                            "Startup Cost": 0.0,
                            "Total Cost": 8647.6,
                            "Plan Rows": 403623,
                            "Plan Width": 0,
                            "Actual Startup Time": 18.488,
                            "Actual Total Time": 18.488,
                            "Actual Rows": 407488,
                            "Actual Loops": 1,
                            "Index Cond": "(company_id > 81324)"
                          }
                        ]
                      },
                      {
                        "Node Type": "Hash",
                        "Parent Relationship": "Inner",
                        "Parallel Aware": true,
                        "Startup Cost": 58306.47,
                        "Total Cost": 58306.47,
                        "Plan Rows": 5880,
                        "Plan Width": 4,
                        "Actual Startup Time": 140.658,
                        "Actual Total Time": 140.659,
                        "Actual Rows": 4754,
                        "Actual Loops": 2,
                        "Hash Buckets": 16384,
                        "Original Hash Buckets": 16384,
                        "Hash Batches": 1,
                        "Original Hash Batches": 1,
                        "Peak Memory Usage": 512,
                        "Plans": [
                          {
                            "Node Type": "Seq Scan",
                            "Parent Relationship": "Outer",
                            "Parallel Aware": true,
                            "Relation Name": "title",
                            "Alias": "t",
                            "Startup Cost": 0.0,
                            "Total Cost": 58306.47,
                            "Plan Rows": 5880,
                            "Plan Width": 4,
                            "Actual Startup Time": 0.068,
                            "Actual Total Time": 138.723,
                            "Actual Rows": 4754,
                            "Actual Loops": 2,
                            "Filter": "((kind_id > 2) AND (production_year = 1981))",
                            "Rows Removed by Filter": 1259402
                          }
                        ]
                      }
                    ]
                  },
                  {
                    "Node Type": "Index Scan",
                    "Parent Relationship": "Inner",
                    "Parallel Aware": false,
                    "Scan Direction": "Forward",
                    "Index Name": "movie_id_movie_info_idx",
                    "Relation Name": "movie_info_idx",
                    "Alias": "mi_idx",
                    "Startup Cost": 0.43,
                    "Total Cost": 0.76,
                    "Plan Rows": 1,
                    "Plan Width": 4,
                    "Actual Startup Time": 0.007,
                    "Actual Total Time": 0.007,
                    "Actual Rows": 1,
                    "Actual Loops": 486,
                    "Index Cond": "(movie_id = mc.movie_id)",
                    "Rows Removed by Index Recheck": 0,
                    "Filter": "(info_type_id > 100)",
                    "Rows Removed by Filter": 1
                  }
                ]
              }
            ]
          }
        ]
      }
    ]
  },
  "Planning Time": 1.176,
  "Triggers": [],
  "Execution Time": 235.465
}