[
  {
    "Plan": {
      "Node Type": "Aggregate",
      "Strategy": "Plain",
      "Partial Mode": "Finalize",
      "Parallel Aware": false,
      "Startup Cost": 346946.67,
      "Total Cost": 346946.68,
      "Plan Rows": 1,
      "Plan Width": 8,
      "Actual Startup Time": 497.707,
      "Actual Total Time": 533.974,
      "Actual Rows": 1,
      "Actual Loops": 1,
      "Plans": [
        {
          "Node Type": "Gather",
          "Parent Relationship": "Outer",
          "Parallel Aware": false,
          "Startup Cost": 346946.05,
          "Total Cost": 346946.66,
          "Plan Rows": 6,
          "Plan Width": 8,
          "Actual Startup Time": 497.482,
          "Actual Total Time": 533.961,
          "Actual Rows": 7,
          "Actual Loops": 1,
          "Workers Planned": 6,
          "Workers Launched": 6,
          "Single Copy": false,
          "Plans": [
            {
              "Node Type": "Aggregate",
              "Strategy": "Plain",
              "Partial Mode": "Partial",
              "Parent Relationship": "Outer",
              "Parallel Aware": false,
              "Startup Cost": 345946.05,
              "Total Cost": 345946.06,
              "Plan Rows": 1,
              "Plan Width": 8,
              "Actual Startup Time": 489.546,
              "Actual Total Time": 489.547,
              "Actual Rows": 1,
              "Actual Loops": 7,
              "Plans": [
                {
                  "Node Type": "Index Scan",
                  "Parent Relationship": "Outer",
                  "Parallel Aware": true,
                  "Scan Direction": "Forward",
                  "Index Name": "role_id_cast_info",
                  "Relation Name": "cast_info",
                  "Alias": "ci",
                  "Startup Cost": 0.56,
                  "Total Cost": 341155.22,
                  "Plan Rows": 1916331,
                  "Plan Width": 0,
                  "Actual Startup Time": 93.471,
                  "Actual Total Time": 417.111,
                  "Actual Rows": 1442932,
                  "Actual Loops": 7,
                  "Index Cond": "(role_id = 1)",
                  "Rows Removed by Index Recheck": 0,
                  "Filter": "(person_id > 341441)",
                  "Rows Removed by Filter": 367166
                }
              ]
            }
          ]
        }
      ]
    },
    "Planning Time": 0.247,
    "Triggers": [],
    "Execution Time": 534.051
  }
]