[
  {
    "Plan": {
      "Node Type": "Aggregate",
      "Strategy": "Plain",
      "Partial Mode": "Finalize",
      "Parallel Aware": false,
      "Startup Cost": 44673.86,
      "Total Cost": 44673.87,
      "Plan Rows": 1,
      "Plan Width": 8,
      "Actual Startup Time": 134.716,
      "Actual Total Time": 142.432,
      "Actual Rows": 1,
      "Actual Loops": 1,
      "Plans": [
        {
          "Node Type": "Gather",
          "Parent Relationship": "Outer",
          "Parallel Aware": false,
          "Startup Cost": 44673.55,
          "Total Cost": 44673.86,
          "Plan Rows": 3,
          "Plan Width": 8,
          "Actual Startup Time": 134.607,
          "Actual Total Time": 142.423,
          "Actual Rows": 4,
          "Actual Loops": 1,
          "Workers Planned": 3,
          "Workers Launched": 3,
          "Single Copy": false,
          "Plans": [
            {
              "Node Type": "Aggregate",
              "Strategy": "Plain",
              "Partial Mode": "Partial",
              "Parent Relationship": "Outer",
              "Parallel Aware": false,
              "Startup Cost": 43673.55,
              "Total Cost": 43673.56,
              "Plan Rows": 1,
              "Plan Width": 8,
              "Actual Startup Time": 126.409,
              "Actual Total Time": 126.411,
              "Actual Rows": 1,
              "Actual Loops": 4,
              "Plans": [
                {
                  "Node Type": "Seq Scan",
                  "Parent Relationship": "Outer",
                  "Parallel Aware": true,
                  "Relation Name": "movie_keyword",
                  "Alias": "mk",
                  "Startup Cost": 0.0,
                  "Total Cost": 42695.65,
                  "Plan Rows": 391157,
                  "Plan Width": 0,
                  "Actual Startup Time": 2.759,
                  "Actual Total Time": 110.277,
                  "Actual Rows": 304655,
                  "Actual Loops": 4,
                  "Filter": "(keyword_id > 14972)",
                  "Rows Removed by Filter": 826327
                }
              ]
            }
          ]
        }
      ]
    },
    "Planning Time": 0.155,
    "Triggers": [],
    "Execution Time": 142.483
  }
]