[
  {
    "Plan": {
      "Node Type": "Aggregate",
      "Strategy": "Plain",
      "Partial Mode": "Finalize",
      "Parallel Aware": false,
      "Startup Cost": 53352.0,
      "Total Cost": 53352.01,
      "Plan Rows": 1,
      "Plan Width": 8,
      "Actual Startup Time": 95.569,
      "Actual Total Time": 107.861,
      "Actual Rows": 1,
      "Actual Loops": 1,
      "Plans": [
        {
          "Node Type": "Gather",
          "Parent Relationship": "Outer",
          "Parallel Aware": false,
          "Startup Cost": 53351.58,
          "Total Cost": 53351.99,
          "Plan Rows": 4,
          "Plan Width": 8,
          "Actual Startup Time": 95.444,
          "Actual Total Time": 107.853,
          "Actual Rows": 5,
          "Actual Loops": 1,
          "Workers Planned": 4,
          "Workers Launched": 4,
          "Single Copy": false,
          "Plans": [
            {
              "Node Type": "Aggregate",
              "Strategy": "Plain",
              "Partial Mode": "Partial",
              "Parent Relationship": "Outer",
              "Parallel Aware": false,
              "Startup Cost": 52351.58,
              "Total Cost": 52351.59,
              "Plan Rows": 1,
              "Plan Width": 8,
              "Actual Startup Time": 85.794,
              "Actual Total Time": 85.796,
              "Actual Rows": 1,
              "Actual Loops": 5,
              "Plans": [
                {
                  "Node Type": "Nested Loop",
                  "Parent Relationship": "Outer",
                  "Parallel Aware": false,
                  "Join Type": "Inner",
                  "Startup Cost": 0.43,
                  "Total Cost": 52348.24,
                  "Plan Rows": 1335,
                  "Plan Width": 0,
                  "Actual Startup Time": 3.219,
                  "Actual Total Time": 85.762,
                  "Actual Rows": 186,
                  "Actual Loops": 5,
                  "Inner Unique": false,
                  "Plans": [
                    {
                      "Node Type": "Seq Scan",
                      "Parent Relationship": "Outer",
                      "Parallel Aware": true,
                      "Relation Name": "title",
                      "Alias": "t",
                      "Startup Cost": 0.0,
                      "Total Cost": 45479.1,
                      "Plan Rows": 746,
                      "Plan Width": 4,
                      "Actual Startup Time": 1.594,
                      "Actual Total Time": 83.255,
                      "Actual Rows": 285,
                      "Actual Loops": 5,
                      "Filter": "((kind_id > 1) AND (production_year = 1949))",
                      "Rows Removed by Filter": 505377
                    },
                    {
                      "Node Type": "Index Only Scan",
                      "Parent Relationship": "Inner",
                      "Parallel Aware": false,
                      "Scan Direction": "Forward",
                      "Index Name": "movie_id_movie_keyword",
                      "Relation Name": "movie_keyword",
                      "Alias": "mk",
                      "Startup Cost": 0.43,
                      "Total Cost": 8.76,
                      "Plan Rows": 45,
                      "Plan Width": 4,
                      "Actual Startup Time": 0.008,
                      "Actual Total Time": 0.008,
                      "Actual Rows": 1,
                      "Actual Loops": 1425,
                      "Index Cond": "(movie_id = t.id)",
                      "Rows Removed by Index Recheck": 0,
                      "Heap Fetches": 930
                    }
                  ]
                }
              ]
            }
          ]
        }
      ]
    },
    "Planning Time": 0.335,
    "Triggers": [],
    "Execution Time": 107.906
  }
]