[
  {
    "Plan": {
      "Node Type": "Aggregate",
      "Strategy": "Plain",
      "Partial Mode": "Simple",
      "Parallel Aware": false,
      "Startup Cost": 7580.14,
      "Total Cost": 7580.15,
      "Plan Rows": 1,
      "Plan Width": 8,
      "Actual Startup Time": 7.506,
      "Actual Total Time": 7.508,
      "Actual Rows": 1,
      "Actual Loops": 1,
      "Plans": [
        {
          "Node Type": "Index Only Scan",
          "Parent Relationship": "Outer",
          "Parallel Aware": false,
          "Scan Direction": "Forward",
          "Index Name": "company_id_movie_companies",
          "Relation Name": "movie_companies",
          "Alias": "mc",
          "Startup Cost": 0.43,
          "Total Cost": 7572.31,
          "Plan Rows": 3131,
          "Plan Width": 0,
          "Actual Startup Time": 0.19,
          "Actual Total Time": 6.883,
          "Actual Rows": 3401,
          "Actual Loops": 1,
          "Index Cond": "(company_id = 11147)",
          "Rows Removed by Index Recheck": 0,
          "Heap Fetches": 3401
        }
      ]
    },
    "Planning Time": 0.189,
    "Triggers": [],
    "Execution Time": 7.562
  }
]