{
  "Plan": {
    "Node Type": "Aggregate",
    "Strategy": "Plain",
    "Partial Mode": "Finalize",
    "Parallel Aware": false,
    "Startup Cost": 84783.12,
    "Total Cost": 84783.13,
    "Plan Rows": 1,
    "Plan Width": 8,
    "Actual Startup Time": 398.697,
    "Actual Total Time": 412.941,
    "Actual Rows": 1,
    "Actual Loops": 1,
    "Plans": [
      {
        "Node Type": "Gather",
        "Parent Relationship": "Outer",
        "Parallel Aware": false,
        "Startup Cost": 84783.01,
        "Total Cost": 84783.12,
        "Plan Rows": 1,
        "Plan Width": 8,
        "Actual Startup Time": 398.175,
        "Actual Total Time": 412.931,
        "Actual Rows": 2,
        "Actual Loops": 1,
        "Workers Planned": 1,
        "Workers Launched": 1,
        "Single Copy": false,
        "Plans": [
          {
            "Node Type": "Aggregate",
            "Strategy": "Plain",
            "Partial Mode": "Partial",
            "Parent Relationship": "Outer",
            "Parallel Aware": false,
            "Startup Cost": 83783.01,
            "Total Cost": 83783.02,
            "Plan Rows": 1,
            "Plan Width": 8,
            "Actual Startup Time": 392.316,
            "Actual Total Time": 392.32,
            "Actual Rows": 1,
            "Actual Loops": 2,
            "Plans": [
              {
                "Node Type": "Hash Join",
                "Parent Relationship": "Outer",
                "Parallel Aware": true,
                "Join Type": "Inner",
                "Startup Cost": 23287.44,
                "Total Cost": 83684.57,
                "Plan Rows": 39376,
                "Plan Width": 0,
                "Actual Startup Time": 267.941,
                "Actual Total Time": 388.935,
                "Actual Rows": 63946,
                "Actual Loops": 2,
                "Inner Unique": false,
                "Hash Cond": "(t.id = mc.movie_id)",
                "Plans": [
                  {
                    "Node Type": "Seq Scan",
                    "Parent Relationship": "Outer",
                    "Parallel Aware": true,
                    "Relation Name": "title",
                    "Alias": "t",
                    "Startup Cost": 0.0,
                    "Total Cost": 50870.31,
                    "Plan Rows": 1487231,
                    "Plan Width": 4,
                    "Actual Startup Time": 0.012,
                    "Actual Total Time": 135.497,
                    "Actual Rows": 1264156,
                    "Actual Loops": 2
                  },
                  {
                    "Node Type": "Hash",
                    "Parent Relationship": "Inner",
                    "Parallel Aware": true,
                    "Startup Cost": 22795.24,
                    "Total Cost": 22795.24,
                    "Plan Rows": 39376,
                    "Plan Width": 4,
                    "Actual Startup Time": 55.711,
                    "Actual Total Time": 55.712,
                    "Actual Rows": 63946,
                    "Actual Loops": 2,
                    "Hash Buckets": 131072,
                    "Original Hash Buckets": 131072,
                    "Hash Batches": 1,
                    "Original Hash Batches": 1,
                    "Peak Memory Usage": 6048,
                    "Plans": [
                      {
                        "Node Type": "Bitmap Heap Scan",
                        "Parent Relationship": "Outer",
                        "Parallel Aware": true,
                        "Relation Name": "movie_companies",
                        "Alias": "mc",
                        "Startup Cost": 2841.96,
                        "Total Cost": 22795.24,
                        "Plan Rows": 39376,
                        "Plan Width": 4,
                        "Actual Startup Time": 12.371,
                        "Actual Total Time": 39.583,
                        "Actual Rows": 63946,
                        "Actual Loops": 2,
                        "Recheck Cond": "(company_id > 142308)",
                        "Rows Removed by Index Recheck": 0,
                        "Filter": "(company_type_id > 1)",
                        "Rows Removed by Filter": 0,
                        "Exact Heap Blocks": 2736,
                        "Lossy Heap Blocks": 0,
                        "Plans": [
                          {
                            "Node Type": "Bitmap Index Scan",
                            "Parent Relationship": "Outer",
                            "Parallel Aware": false,
                            "Index Name": "company_id_movie_companies",
                            "Startup Cost": 0.0,
                            "Total Cost": 2825.22,
                            "Plan Rows": 131839,
                            "Plan Width": 0,
                            "Actual Startup Time": 14.779,
                            "Actual Total Time": 14.78,
                            "Actual Rows": 127892,
                            "Actual Loops": 1,
                            "Index Cond": "(company_id > 142308)"
                          }
                        ]
                      }
                    ]
                  }
                ]
              }
            ]
          }
        ]
      }
    ]
  },
  "Planning Time": 0.434,
  "Triggers": [],
  "Execution Time": 413.033
}