[
  {
    "Plan": {
      "Node Type": "Aggregate",
      "Strategy": "Plain",
      "Partial Mode": "Finalize",
      "Parallel Aware": false,
      "Startup Cost": 33292.28,
      "Total Cost": 33292.29,
      "Plan Rows": 1,
      "Plan Width": 8,
      "Actual Startup Time": 111.589,
      "Actual Total Time": 119.242,
      "Actual Rows": 1,
      "Actual Loops": 1,
      "Plans": [
        {
          "Node Type": "Gather",
          "Parent Relationship": "Outer",
          "Parallel Aware": false,
          "Startup Cost": 33291.96,
          "Total Cost": 33292.27,
          "Plan Rows": 3,
          "Plan Width": 8,
          "Actual Startup Time": 111.485,
          "Actual Total Time": 119.233,
          "Actual Rows": 4,
          "Actual Loops": 1,
          "Workers Planned": 3,
          "Workers Launched": 3,
          "Single Copy": false,
          "Plans": [
            {
              "Node Type": "Aggregate",
              "Strategy": "Plain",
              "Partial Mode": "Partial",
              "Parent Relationship": "Outer",
              "Parallel Aware": false,
              "Startup Cost": 32291.96,
              "Total Cost": 32291.97,
              "Plan Rows": 1,
              "Plan Width": 8,
              "Actual Startup Time": 102.688,
              "Actual Total Time": 102.689,
              "Actual Rows": 1,
              "Actual Loops": 4,
              "Plans": [
                {
                  "Node Type": "Seq Scan",
                  "Parent Relationship": "Outer",
                  "Parallel Aware": true,
                  "Relation Name": "movie_companies",
                  "Alias": "mc",
                  "Startup Cost": 0.0,
                  "Total Cost": 31414.82,
                  "Plan Rows": 350857,
                  "Plan Width": 0,
                  "Actual Startup Time": 50.761,
                  "Actual Total Time": 89.753,
                  "Actual Rows": 304434,
                  "Actual Loops": 4,
                  "Filter": "((company_id > 394) AND (company_type_id > 1))",
                  "Rows Removed by Filter": 347848
                }
              ]
            }
          ]
        }
      ]
    },
    "Planning Time": 0.235,
    "Triggers": [],
    "Execution Time": 119.303
  }
]