[
  {
    "Plan": {
      "Node Type": "Aggregate",
      "Strategy": "Plain",
      "Partial Mode": "Finalize",
      "Parallel Aware": false,
      "Startup Cost": 102081.53,
      "Total Cost": 102081.54,
      "Plan Rows": 1,
      "Plan Width": 8,
      "Actual Startup Time": 738.578,
      "Actual Total Time": 804.331,
      "Actual Rows": 1,
      "Actual Loops": 1,
      "Plans": [
        {
          "Node Type": "Gather",
          "Parent Relationship": "Outer",
          "Parallel Aware": false,
          "Startup Cost": 102081.21,
          "Total Cost": 102081.52,
          "Plan Rows": 3,
          "Plan Width": 8,
          "Actual Startup Time": 736.837,
          "Actual Total Time": 804.307,
          "Actual Rows": 4,
          "Actual Loops": 1,
          "Workers Planned": 3,
          "Workers Launched": 3,
          "Single Copy": false,
          "Plans": [
            {
              "Node Type": "Aggregate",
              "Strategy": "Plain",
              "Partial Mode": "Partial",
              "Parent Relationship": "Outer",
              "Parallel Aware": false,
              "Startup Cost": 101081.21,
              "Total Cost": 101081.22,
              "Plan Rows": 1,
              "Plan Width": 8,
              "Actual Startup Time": 731.649,
              "Actual Total Time": 731.653,
              "Actual Rows": 1,
              "Actual Loops": 4,
              "Plans": [
                {
                  "Node Type": "Nested Loop",
                  "Parent Relationship": "Outer",
                  "Parallel Aware": false,
                  "Join Type": "Inner",
                  "Startup Cost": 48887.86,
                  "Total Cost": 100889.54,
                  "Plan Rows": 76669,
                  "Plan Width": 0,
                  "Actual Startup Time": 129.608,
                  "Actual Total Time": 698.787,
                  "Actual Rows": 582552,
                  "Actual Loops": 4,
                  "Inner Unique": false,
                  "Plans": [
                    {
                      "Node Type": "Hash Join",
                      "Parent Relationship": "Outer",
                      "Parallel Aware": true,
                      "Join Type": "Inner",
                      "Startup Cost": 48887.29,
                      "Total Cost": 73813.6,
                      "Plan Rows": 5347,
                      "Plan Width": 8,
                      "Actual Startup Time": 129.507,
                      "Actual Total Time": 155.747,
                      "Actual Rows": 8084,
                      "Actual Loops": 4,
                      "Inner Unique": true,
                      "Hash Cond": "(mk.movie_id = t.id)",
                      "Plans": [
                        {
                          "Node Type": "Bitmap Heap Scan",
                          "Parent Relationship": "Outer",
                          "Parallel Aware": true,
                          "Relation Name": "movie_keyword",
                          "Alias": "mk",
                          "Startup Cost": 2054.66,
                          "Total Cost": 26898.99,
                          "Plan Rows": 31227,
                          "Plan Width": 4,
                          "Actual Startup Time": 9.279,
                          "Actual Total Time": 26.055,
                          "Actual Rows": 23865,
                          "Actual Loops": 4,
                          "Recheck Cond": "(keyword_id > 83503)",
                          "Rows Removed by Index Recheck": 0,
                          "Exact Heap Blocks": 6223,
                          "Lossy Heap Blocks": 0,
                          "Plans": [
                            {
                              "Node Type": "Bitmap Index Scan",
                              "Parent Relationship": "Outer",
                              "Parallel Aware": false,
                              "Index Name": "keyword_id_movie_keyword",
                              "Startup Cost": 0.0,
                              "Total Cost": 2030.45,
                              "Plan Rows": 96803,
                              "Plan Width": 0,
                              "Actual Startup Time": 6.721,
                              "Actual Total Time": 6.722,
                              "Actual Rows": 95461,
                              "Actual Loops": 1,
                              "Index Cond": "(keyword_id > 83503)"
                            }
                          ]
                        },
                        {
                          "Node Type": "Hash",
                          "Parent Relationship": "Inner",
                          "Parallel Aware": true,
                          "Startup Cost": 45479.59,
                          "Total Cost": 45479.59,
                          "Plan Rows": 108244,
                          "Plan Width": 4,
                          "Actual Startup Time": 118.795,
                          "Actual Total Time": 118.796,
                          "Actual Rows": 92062,
                          "Actual Loops": 4,
                          "Hash Buckets": 524288,
                          "Original Hash Buckets": 524288,
                          "Hash Batches": 1,
                          "Original Hash Batches": 1,
                          "Peak Memory Usage": 18560,
                          "Plans": [
                            {
                              "Node Type": "Seq Scan",
                              "Parent Relationship": "Outer",
                              "Parallel Aware": true,
                              "Relation Name": "title",
                              "Alias": "t",
                              "Startup Cost": 0.0,
                              "Total Cost": 45479.59,
                              "Plan Rows": 108244,
                              "Plan Width": 4,
                              "Actual Startup Time": 0.03,
                              "Actual Total Time": 90.624,
                              "Actual Rows": 92062,
                              "Actual Loops": 4,
                              "Filter": "((kind_id < 7) AND (production_year > 2004))",
                              "Rows Removed by Filter": 540016
                            }
                          ]
                        }
                      ]
                    },
                    {
                      "Node Type": "Index Only Scan",
                      "Parent Relationship": "Inner",
                      "Parallel Aware": false,
                      "Scan Direction": "Forward",
                      "Index Name": "movie_id_cast_info",
                      "Relation Name": "cast_info",
                      "Alias": "ci",
                      "Startup Cost": 0.56,
                      "Total Cost": 4.71,
                      "Plan Rows": 35,
                      "Plan Width": 4,
                      "Actual Startup Time": 0.007,
                      "Actual Total Time": 0.061,
                      "Actual Rows": 72,
                      "Actual Loops": 32338,
                      "Index Cond": "(movie_id = t.id)",
                      "Rows Removed by Index Recheck": 0,
                      "Heap Fetches": 2330208
                    }
                  ]
                }
              ]
            }
          ]
        }
      ]
    },
    "Planning Time": 0.491,
    "Triggers": [],
    "Execution Time": 804.409
  }
]