[
  {
    "Plan": {
      "Node Type": "Aggregate",
      "Strategy": "Plain",
      "Partial Mode": "Finalize",
      "Parallel Aware": false,
      "Startup Cost": 96817.35,
      "Total Cost": 96817.36,
      "Plan Rows": 1,
      "Plan Width": 8,
      "Actual Startup Time": 608.337,
      "Actual Total Time": 624.85,
      "Actual Rows": 1,
      "Actual Loops": 1,
      "Plans": [
        {
          "Node Type": "Gather",
          "Parent Relationship": "Outer",
          "Parallel Aware": false,
          "Startup Cost": 96817.13,
          "Total Cost": 96817.34,
          "Plan Rows": 2,
          "Plan Width": 8,
          "Actual Startup Time": 604.668,
          "Actual Total Time": 624.841,
          "Actual Rows": 3,
          "Actual Loops": 1,
          "Workers Planned": 2,
          "Workers Launched": 2,
          "Single Copy": false,
          "Plans": [
            {
              "Node Type": "Aggregate",
              "Strategy": "Plain",
              "Partial Mode": "Partial",
              "Parent Relationship": "Outer",
              "Parallel Aware": false,
              "Startup Cost": 95817.13,
              "Total Cost": 95817.14,
              "Plan Rows": 1,
              "Plan Width": 8,
              "Actual Startup Time": 596.204,
              "Actual Total Time": 596.209,
              "Actual Rows": 1,
              "Actual Loops": 3,
              "Plans": [
                {
                  "Node Type": "Hash Join",
                  "Parent Relationship": "Outer",
                  "Parallel Aware": true,
                  "Join Type": "Inner",
                  "Startup Cost": 79515.2,
                  "Total Cost": 95586.89,
                  "Plan Rows": 92098,
                  "Plan Width": 0,
                  "Actual Startup Time": 486.447,
                  "Actual Total Time": 588.144,
                  "Actual Rows": 198710,
                  "Actual Loops": 3,
                  "Inner Unique": false,
                  "Hash Cond": "(mi_idx.movie_id = t.id)",
                  "Plans": [
                    {
                      "Node Type": "Seq Scan",
                      "Parent Relationship": "Outer",
                      "Parallel Aware": true,
                      "Relation Name": "movie_info_idx",
                      "Alias": "mi_idx",
                      "Startup Cost": 0.0,
                      "Total Cost": 13685.15,
                      "Plan Rows": 575015,
                      "Plan Width": 4,
                      "Actual Startup Time": 0.034,
                      "Actual Total Time": 35.917,
                      "Actual Rows": 460012,
                      "Actual Loops": 3
                    },
                    {
                      "Node Type": "Hash",
                      "Parent Relationship": "Inner",
                      "Parallel Aware": true,
                      "Startup Cost": 78249.75,
                      "Total Cost": 78249.75,
                      "Plan Rows": 101236,
                      "Plan Width": 8,
                      "Actual Startup Time": 470.237,
                      "Actual Total Time": 470.241,
                      "Actual Rows": 137649,
                      "Actual Loops": 3,
                      "Hash Buckets": 524288,
                      "Original Hash Buckets": 524288,
                      "Hash Batches": 1,
                      "Original Hash Batches": 1,
                      "Peak Memory Usage": 20256,
                      "Plans": [
                        {
                          "Node Type": "Hash Join",
                          "Parent Relationship": "Outer",
                          "Parallel Aware": true,
                          "Join Type": "Inner",
                          "Startup Cost": 31039.73,
                          "Total Cost": 78249.75,
                          "Plan Rows": 101236,
                          "Plan Width": 8,
                          "Actual Startup Time": 147.293,
                          "Actual Total Time": 428.487,
                          "Actual Rows": 137649,
                          "Actual Loops": 3,
                          "Inner Unique": false,
                          "Hash Cond": "(t.id = mc.movie_id)",
                          "Plans": [
                            {
                              "Node Type": "Seq Scan",
                              "Parent Relationship": "Outer",
                              "Parallel Aware": true,
                              "Relation Name": "title",
                              "Alias": "t",
                              "Startup Cost": 0.0,
                              "Total Cost": 43898.92,
                              "Plan Rows": 596906,
                              "Plan Width": 4,
                              "Actual Startup Time": 0.013,
                              "Actual Total Time": 119.056,
                              "Actual Rows": 796292,
                              "Actual Loops": 3,
                              "Filter": "(production_year < 2013)",
                              "Rows Removed by Filter": 46479
                            },
                            {
                              "Node Type": "Hash",
                              "Parent Relationship": "Inner",
                              "Parallel Aware": true,
                              "Startup Cost": 29310.68,
                              "Total Cost": 29310.68,
                              "Plan Rows": 138324,
                              "Plan Width": 4,
                              "Actual Startup Time": 134.907,
                              "Actual Total Time": 134.908,
                              "Actual Rows": 145576,
                              "Actual Loops": 3,
                              "Hash Buckets": 524288,
                              "Original Hash Buckets": 524288,
                              "Hash Batches": 1,
                              "Original Hash Batches": 1,
                              "Peak Memory Usage": 21216,
                              "Plans": [
                                {
                                  "Node Type": "Seq Scan",
                                  "Parent Relationship": "Outer",
                                  "Parallel Aware": true,
                                  "Relation Name": "movie_companies",
                                  "Alias": "mc",
                                  "Startup Cost": 0.0,
                                  "Total Cost": 29310.68,
                                  "Plan Rows": 138324,
                                  "Plan Width": 4,
                                  "Actual Startup Time": 55.705,
                                  "Actual Total Time": 93.168,
                                  "Actual Rows": 145576,
                                  "Actual Loops": 3,
                                  "Filter": "(company_id > 78554)",
                                  "Rows Removed by Filter": 724133
                                }
                              ]
                            }
                          ]
                        }
                      ]
                    }
                  ]
                }
              ]
            }
          ]
        }
      ]
    },
    "Planning Time": 1.364,
    "Triggers": [],
    "Execution Time": 624.934
  }
]