[
    {
        "Bao": {
            "Bao prediction": "NaN",
            "Bao recommended hint": "(no hint)"
        }
    },
    {
        "Plan": {
            "Node Type": "Aggregate",
            "Strategy": "Plain",
            "Partial Mode": "Finalize",
            "Parallel Aware": false,
            "Startup Cost": 311504.59,
            "Total Cost": 311504.6,
            "Plan Rows": 1,
            "Plan Width": 8,
            "Actual Startup Time": 235.851,
            "Actual Total Time": 240.757,
            "Actual Rows": 1,
            "Actual Loops": 1,
            "Output": [
                "count(*)"
            ],
            "Plans": [
                {
                    "Node Type": "Gather",
                    "Parent Relationship": "Outer",
                    "Parallel Aware": false,
                    "Startup Cost": 311503.96,
                    "Total Cost": 311504.57,
                    "Plan Rows": 6,
                    "Plan Width": 8,
                    "Actual Startup Time": 235.293,
                    "Actual Total Time": 240.748,
                    "Actual Rows": 7,
                    "Actual Loops": 1,
                    "Output": [
                        "(PARTIAL count(*))"
                    ],
                    "Workers Planned": 6,
                    "Workers Launched": 6,
                    "Single Copy": false,
                    "Plans": [
                        {
                            "Node Type": "Aggregate",
                            "Strategy": "Plain",
                            "Partial Mode": "Partial",
                            "Parent Relationship": "Outer",
                            "Parallel Aware": false,
                            "Startup Cost": 310503.96,
                            "Total Cost": 310503.97,
                            "Plan Rows": 1,
                            "Plan Width": 8,
                            "Actual Startup Time": 225.092,
                            "Actual Total Time": 225.093,
                            "Actual Rows": 1,
                            "Actual Loops": 7,
                            "Output": [
                                "PARTIAL count(*)"
                            ],
                            "Workers": [
                                {
                                    "Worker Number": 0,
                                    "Actual Startup Time": 222.593,
                                    "Actual Total Time": 222.594,
                                    "Actual Rows": 1,
                                    "Actual Loops": 1
                                },
                                {
                                    "Worker Number": 1,
                                    "Actual Startup Time": 223.147,
                                    "Actual Total Time": 223.148,
                                    "Actual Rows": 1,
                                    "Actual Loops": 1
                                },
                                {
                                    "Worker Number": 2,
                                    "Actual Startup Time": 223.243,
                                    "Actual Total Time": 223.244,
                                    "Actual Rows": 1,
                                    "Actual Loops": 1
                                },
                                {
                                    "Worker Number": 3,
                                    "Actual Startup Time": 223.496,
                                    "Actual Total Time": 223.497,
                                    "Actual Rows": 1,
                                    "Actual Loops": 1
                                },
                                {
                                    "Worker Number": 4,
                                    "Actual Startup Time": 223.914,
                                    "Actual Total Time": 223.915,
                                    "Actual Rows": 1,
                                    "Actual Loops": 1
                                },
                                {
                                    "Worker Number": 5,
                                    "Actual Startup Time": 224.334,
                                    "Actual Total Time": 224.335,
                                    "Actual Rows": 1,
                                    "Actual Loops": 1
                                }
                            ],
                            "Plans": [
                                {
                                    "Node Type": "Bitmap Heap Scan",
                                    "Parent Relationship": "Outer",
                                    "Parallel Aware": true,
                                    "Relation Name": "cast_info",
                                    "Schema": "public",
                                    "Alias": "ci",
                                    "Startup Cost": 51935.89,
                                    "Total Cost": 309523.78,
                                    "Plan Rows": 392072,
                                    "Plan Width": 0,
                                    "Actual Startup Time": 128.511,
                                    "Actual Total Time": 206.105,
                                    "Actual Rows": 336632,
                                    "Actual Loops": 7,
                                    "Recheck Cond": "(ci.person_id < 229242)",
                                    "Rows Removed by Index Recheck": 0,
                                    "Exact Heap Blocks": 5810,
                                    "Lossy Heap Blocks": 0,
                                    "Workers": [
                                        {
                                            "Worker Number": 0,
                                            "Actual Startup Time": 126.343,
                                            "Actual Total Time": 203.987,
                                            "Actual Rows": 231790,
                                            "Actual Loops": 1
                                        },
                                        {
                                            "Worker Number": 1,
                                            "Actual Startup Time": 126.487,
                                            "Actual Total Time": 204.9,
                                            "Actual Rows": 306494,
                                            "Actual Loops": 1
                                        },
                                        {
                                            "Worker Number": 2,
                                            "Actual Startup Time": 126.6,
                                            "Actual Total Time": 204.955,
                                            "Actual Rows": 305860,
                                            "Actual Loops": 1
                                        },
                                        {
                                            "Worker Number": 3,
                                            "Actual Startup Time": 127.162,
                                            "Actual Total Time": 205.012,
                                            "Actual Rows": 314804,
                                            "Actual Loops": 1
                                        },
                                        {
                                            "Worker Number": 4,
                                            "Actual Startup Time": 127.308,
                                            "Actual Total Time": 205.683,
                                            "Actual Rows": 304306,
                                            "Actual Loops": 1
                                        },
                                        {
                                            "Worker Number": 5,
                                            "Actual Startup Time": 127.804,
                                            "Actual Total Time": 205.926,
                                            "Actual Rows": 313761,
                                            "Actual Loops": 1
                                        }
                                    ],
                                    "Plans": [
                                        {
                                            "Node Type": "Bitmap Index Scan",
                                            "Parent Relationship": "Outer",
                                            "Parallel Aware": false,
                                            "Index Name": "person_id_cast_info",
                                            "Startup Cost": 0.0,
                                            "Total Cost": 51347.78,
                                            "Plan Rows": 2352429,
                                            "Plan Width": 0,
                                            "Actual Startup Time": 134.296,
                                            "Actual Total Time": 134.297,
                                            "Actual Rows": 2356427,
                                            "Actual Loops": 1,
                                            "Index Cond": "(ci.person_id < 229242)"
                                        }
                                    ]
                                }
                            ]
                        }
                    ]
                }
            ]
        },
        "Planning Time": 212.374,
        "Triggers": [],
        "Execution Time": 240.818
    }
]