[
  {
    "Plan": {
      "Node Type": "Aggregate",
      "Strategy": "Plain",
      "Partial Mode": "Finalize",
      "Parallel Aware": false,
      "Startup Cost": 78602.18,
      "Total Cost": 78602.19,
      "Plan Rows": 1,
      "Plan Width": 8,
      "Actual Startup Time": 181.424,
      "Actual Total Time": 199.273,
      "Actual Rows": 1,
      "Actual Loops": 1,
      "Plans": [
        {
          "Node Type": "Gather",
          "Parent Relationship": "Outer",
          "Parallel Aware": false,
          "Startup Cost": 78601.87,
          "Total Cost": 78602.18,
          "Plan Rows": 3,
          "Plan Width": 8,
          "Actual Startup Time": 180.992,
          "Actual Total Time": 199.264,
          "Actual Rows": 4,
          "Actual Loops": 1,
          "Workers Planned": 3,
          "Workers Launched": 3,
          "Single Copy": false,
          "Plans": [
            {
              "Node Type": "Aggregate",
              "Strategy": "Plain",
              "Partial Mode": "Partial",
              "Parent Relationship": "Outer",
              "Parallel Aware": false,
              "Startup Cost": 77601.87,
              "Total Cost": 77601.88,
              "Plan Rows": 1,
              "Plan Width": 8,
              "Actual Startup Time": 172.268,
              "Actual Total Time": 172.271,
              "Actual Rows": 1,
              "Actual Loops": 4,
              "Plans": [
                {
                  "Node Type": "Hash Join",
                  "Parent Relationship": "Outer",
                  "Parallel Aware": true,
                  "Join Type": "Inner",
                  "Startup Cost": 45765.65,
                  "Total Cost": 77587.8,
                  "Plan Rows": 5628,
                  "Plan Width": 0,
                  "Actual Startup Time": 117.286,
                  "Actual Total Time": 172.216,
                  "Actual Rows": 635,
                  "Actual Loops": 4,
                  "Inner Unique": true,
                  "Hash Cond": "(mc.movie_id = t.id)",
                  "Plans": [
                    {
                      "Node Type": "Seq Scan",
                      "Parent Relationship": "Outer",
                      "Parallel Aware": true,
                      "Relation Name": "movie_companies",
                      "Alias": "mc",
                      "Startup Cost": 0.0,
                      "Total Cost": 31414.82,
                      "Plan Rows": 155173,
                      "Plan Width": 4,
                      "Actual Startup Time": 9.484,
                      "Actual Total Time": 56.34,
                      "Actual Rows": 44196,
                      "Actual Loops": 4,
                      "Filter": "((company_id > 17042) AND (company_type_id < 2))",
                      "Rows Removed by Filter": 608086
                    },
                    {
                      "Node Type": "Hash",
                      "Parent Relationship": "Inner",
                      "Parallel Aware": true,
                      "Startup Cost": 45479.1,
                      "Total Cost": 45479.1,
                      "Plan Rows": 22924,
                      "Plan Width": 4,
                      "Actual Startup Time": 105.772,
                      "Actual Total Time": 105.773,
                      "Actual Rows": 25448,
                      "Actual Loops": 4,
                      "Hash Buckets": 131072,
                      "Original Hash Buckets": 131072,
                      "Hash Batches": 1,
                      "Original Hash Batches": 1,
                      "Peak Memory Usage": 5056,
                      "Plans": [
                        {
                          "Node Type": "Seq Scan",
                          "Parent Relationship": "Outer",
                          "Parallel Aware": true,
                          "Relation Name": "title",
                          "Alias": "t",
                          "Startup Cost": 0.0,
                          "Total Cost": 45479.1,
                          "Plan Rows": 22924,
                          "Plan Width": 4,
                          "Actual Startup Time": 0.048,
                          "Actual Total Time": 95.457,
                          "Actual Rows": 25448,
                          "Actual Loops": 4,
                          "Filter": "((kind_id > 1) AND (production_year = 2007))",
                          "Rows Removed by Filter": 606630
                        }
                      ]
                    }
                  ]
                }
              ]
            }
          ]
        }
      ]
    },
    "Planning Time": 0.689,
    "Triggers": [],
    "Execution Time": 199.345
  }
]