{
  "Plan": {
    "Node Type": "Aggregate",
    "Strategy": "Plain",
    "Partial Mode": "Finalize",
    "Parallel Aware": false,
    "Startup Cost": 695077.97,
    "Total Cost": 695077.98,
    "Plan Rows": 1,
    "Plan Width": 8,
    "Actual Startup Time": 2690.099,
    "Actual Total Time": 2763.33,
    "Actual Rows": 1,
    "Actual Loops": 1,
    "Plans": [
      {
        "Node Type": "Gather",
        "Parent Relationship": "Outer",
        "Parallel Aware": false,
        "Startup Cost": 695077.86,
        "Total Cost": 695077.97,
        "Plan Rows": 1,
        "Plan Width": 8,
        "Actual Startup Time": 2686.851,
        "Actual Total Time": 2763.32,
        "Actual Rows": 2,
        "Actual Loops": 1,
        "Workers Planned": 1,
        "Workers Launched": 1,
        "Single Copy": false,
        "Plans": [
          {
            "Node Type": "Aggregate",
            "Strategy": "Plain",
            "Partial Mode": "Partial",
            "Parent Relationship": "Outer",
            "Parallel Aware": false,
            "Startup Cost": 694077.86,
            "Total Cost": 694077.87,
            "Plan Rows": 1,
            "Plan Width": 8,
            "Actual Startup Time": 2681.159,
            "Actual Total Time": 2681.987,
            "Actual Rows": 1,
            "Actual Loops": 2,
            "Plans": [
              {
                "Node Type": "Hash Join",
                "Parent Relationship": "Outer",
                "Parallel Aware": true,
                "Join Type": "Inner",
                "Startup Cost": 134105.66,
                "Total Cost": 688603.26,
                "Plan Rows": 2189839,
                "Plan Width": 0,
                "Actual Startup Time": 1293.805,
                "Actual Total Time": 2643.357,
                "Actual Rows": 967265,
                "Actual Loops": 2,
                "Inner Unique": false,
                "Hash Cond": "(ci.movie_id = t.id)",
                "Plans": [
                  {
                    "Node Type": "Seq Scan",
                    "Parent Relationship": "Outer",
                    "Parallel Aware": true,
                    "Relation Name": "cast_info",
                    "Alias": "ci",
                    "Startup Cost": 0.0,
                    "Total Cost": 519069.44,
                    "Plan Rows": 6012467,
                    "Plan Width": 4,
                    "Actual Startup Time": 649.291,
                    "Actual Total Time": 1345.007,
                    "Actual Rows": 5067540,
                    "Actual Loops": 2,
                    "Filter": "(person_id > 2702382)",
                    "Rows Removed by Filter": 13054632
                  },
                  {
                    "Node Type": "Hash",
                    "Parent Relationship": "Inner",
                    "Parallel Aware": true,
                    "Startup Cost": 127334.73,
                    "Total Cost": 127334.73,
                    "Plan Rows": 541674,
                    "Plan Width": 8,
                    "Actual Startup Time": 635.044,
                    "Actual Total Time": 635.87,
                    "Actual Rows": 100272,
                    "Actual Loops": 2,
                    "Hash Buckets": 1048576,
                    "Original Hash Buckets": 1048576,
                    "Hash Batches": 1,
                    "Original Hash Batches": 1,
                    "Peak Memory Usage": 16064,
                    "Plans": [
                      {
                        "Node Type": "Hash Join",
                        "Parent Relationship": "Outer",
                        "Parallel Aware": true,
                        "Join Type": "Inner",
                        "Startup Cost": 66316.47,
                        "Total Cost": 127334.73,
                        "Plan Rows": 541674,
                        "Plan Width": 8,
                        "Actual Startup Time": 313.075,
                        "Actual Total Time": 612.191,
                        "Actual Rows": 100272,
                        "Actual Loops": 2,
                        "Inner Unique": true,
                        "Hash Cond": "(mk.movie_id = t.id)",
                        "Plans": [
                          {
                            "Node Type": "Seq Scan",
                            "Parent Relationship": "Outer",
                            "Parallel Aware": true,
                            "Relation Name": "movie_keyword",
                            "Alias": "mk",
                            "Startup Cost": 0.0,
                            "Total Cost": 57718.19,
                            "Plan Rows": 1257170,
                            "Plan Width": 4,
                            "Actual Startup Time": 0.012,
                            "Actual Total Time": 179.622,
                            "Actual Rows": 1069618,
                            "Actual Loops": 2,
                            "Filter": "(keyword_id < 3991)",
                            "Rows Removed by Filter": 1192346
                          },
                          {
                            "Node Type": "Hash",
                            "Parent Relationship": "Inner",
                            "Parallel Aware": true,
                            "Startup Cost": 58306.47,
                            "Total Cost": 58306.47,
                            "Plan Rows": 640800,
                            "Plan Width": 4,
                            "Actual Startup Time": 303.454,
                            "Actual Total Time": 303.455,
                            "Actual Rows": 522111,
                            "Actual Loops": 2,
                            "Hash Buckets": 2097152,
                            "Original Hash Buckets": 2097152,
                            "Hash Batches": 1,
                            "Original Hash Batches": 1,
                            "Peak Memory Usage": 57280,
                            "Plans": [
                              {
                                "Node Type": "Seq Scan",
                                "Parent Relationship": "Outer",
                                "Parallel Aware": true,
                                "Relation Name": "title",
                                "Alias": "t",
                                "Startup Cost": 0.0,
                                "Total Cost": 58306.47,
                                "Plan Rows": 640800,
                                "Plan Width": 4,
                                "Actual Startup Time": 0.039,
                                "Actual Total Time": 161.633,
                                "Actual Rows": 522111,
                                "Actual Loops": 2,
                                "Filter": "((production_year < 2009) AND (kind_id = 7))",
                                "Rows Removed by Filter": 742045
                              }
                            ]
                          }
                        ]
                      }
                    ]
                  }
                ]
              }
            ]
          }
        ]
      }
    ]
  },
  "Planning Time": 1.151,
  "Triggers": [],
  "Execution Time": 2763.431
}