[
  {
    "Plan": {
      "Node Type": "Aggregate",
      "Strategy": "Plain",
      "Partial Mode": "Finalize",
      "Parallel Aware": false,
      "Startup Cost": 374675.34,
      "Total Cost": 374675.35,
      "Plan Rows": 1,
      "Plan Width": 8,
      "Actual Startup Time": 870.427,
      "Actual Total Time": 897.733,
      "Actual Rows": 1,
      "Actual Loops": 1,
      "Plans": [
        {
          "Node Type": "Gather",
          "Parent Relationship": "Outer",
          "Parallel Aware": false,
          "Startup Cost": 374675.03,
          "Total Cost": 374675.34,
          "Plan Rows": 3,
          "Plan Width": 8,
          "Actual Startup Time": 846.643,
          "Actual Total Time": 897.725,
          "Actual Rows": 4,
          "Actual Loops": 1,
          "Workers Planned": 3,
          "Workers Launched": 3,
          "Single Copy": false,
          "Plans": [
            {
              "Node Type": "Aggregate",
              "Strategy": "Plain",
              "Partial Mode": "Partial",
              "Parent Relationship": "Outer",
              "Parallel Aware": false,
              "Startup Cost": 373675.03,
              "Total Cost": 373675.04,
              "Plan Rows": 1,
              "Plan Width": 8,
              "Actual Startup Time": 834.5,
              "Actual Total Time": 834.508,
              "Actual Rows": 1,
              "Actual Loops": 4,
              "Plans": [
                {
                  "Node Type": "Hash Join",
                  "Parent Relationship": "Outer",
                  "Parallel Aware": true,
                  "Join Type": "Inner",
                  "Startup Cost": 324874.58,
                  "Total Cost": 373137.82,
                  "Plan Rows": 214881,
                  "Plan Width": 0,
                  "Actual Startup Time": 504.334,
                  "Actual Total Time": 795.471,
                  "Actual Rows": 795078,
                  "Actual Loops": 4,
                  "Inner Unique": false,
                  "Hash Cond": "(mk.movie_id = t.id)",
                  "Plans": [
                    {
                      "Node Type": "Seq Scan",
                      "Parent Relationship": "Outer",
                      "Parallel Aware": true,
                      "Relation Name": "movie_keyword",
                      "Alias": "mk",
                      "Startup Cost": 0.0,
                      "Total Cost": 42695.65,
                      "Plan Rows": 1370089,
                      "Plan Width": 4,
                      "Actual Startup Time": 0.065,
                      "Actual Total Time": 128.043,
                      "Actual Rows": 1063917,
                      "Actual Loops": 4,
                      "Filter": "(keyword_id > 229)",
                      "Rows Removed by Filter": 67065
                    },
                    {
                      "Node Type": "Hash",
                      "Parent Relationship": "Inner",
                      "Parallel Aware": true,
                      "Startup Cost": 323883.2,
                      "Total Cost": 323883.2,
                      "Plan Rows": 79310,
                      "Plan Width": 8,
                      "Actual Startup Time": 502.077,
                      "Actual Total Time": 502.083,
                      "Actual Rows": 90074,
                      "Actual Loops": 4,
                      "Hash Buckets": 524288,
                      "Original Hash Buckets": 524288,
                      "Hash Batches": 1,
                      "Original Hash Batches": 1,
                      "Peak Memory Usage": 18240,
                      "Plans": [
                        {
                          "Node Type": "Hash Join",
                          "Parent Relationship": "Outer",
                          "Parallel Aware": true,
                          "Join Type": "Inner",
                          "Startup Cost": 58978.22,
                          "Total Cost": 323883.2,
                          "Plan Rows": 79310,
                          "Plan Width": 8,
                          "Actual Startup Time": 386.528,
                          "Actual Total Time": 467.044,
                          "Actual Rows": 90074,
                          "Actual Loops": 4,
                          "Inner Unique": true,
                          "Hash Cond": "(ci.movie_id = t.id)",
                          "Plans": [
                            {
                              "Node Type": "Bitmap Heap Scan",
                              "Parent Relationship": "Outer",
                              "Parallel Aware": true,
                              "Relation Name": "cast_info",
                              "Alias": "ci",
                              "Startup Cost": 8757.84,
                              "Total Cost": 273454.63,
                              "Plan Rows": 79310,
                              "Plan Width": 4,
                              "Actual Startup Time": 12.367,
                              "Actual Total Time": 32.897,
                              "Actual Rows": 90074,
                              "Actual Loops": 4,
                              "Recheck Cond": "(person_id > 3995666)",
                              "Rows Removed by Index Recheck": 0,
                              "Exact Heap Blocks": 1482,
                              "Lossy Heap Blocks": 0,
                              "Plans": [
                                {
                                  "Node Type": "Bitmap Index Scan",
                                  "Parent Relationship": "Outer",
                                  "Parallel Aware": false,
                                  "Index Name": "person_id_cast_info",
                                  "Startup Cost": 0.0,
                                  "Total Cost": 8658.7,
                                  "Plan Rows": 396551,
                                  "Plan Width": 0,
                                  "Actual Startup Time": 11.664,
                                  "Actual Total Time": 11.665,
                                  "Actual Rows": 360297,
                                  "Actual Loops": 1,
                                  "Index Cond": "(person_id > 3995666)"
                                }
                              ]
                            },
                            {
                              "Node Type": "Hash",
                              "Parent Relationship": "Inner",
                              "Parallel Aware": true,
                              "Startup Cost": 42319.06,
                              "Total Cost": 42319.06,
                              "Plan Rows": 632106,
                              "Plan Width": 4,
                              "Actual Startup Time": 367.151,
                              "Actual Total Time": 367.152,
                              "Actual Rows": 632078,
                              "Actual Loops": 4,
                              "Hash Buckets": 4194304,
                              "Original Hash Buckets": 4194304,
                              "Hash Batches": 1,
                              "Original Hash Batches": 1,
                              "Peak Memory Usage": 131712,
                              "Plans": [
                                {
                                  "Node Type": "Seq Scan",
                                  "Parent Relationship": "Outer",
                                  "Parallel Aware": true,
                                  "Relation Name": "title",
                                  "Alias": "t",
                                  "Startup Cost": 0.0,
                                  "Total Cost": 42319.06,
                                  "Plan Rows": 632106,
                                  "Plan Width": 4,
                                  "Actual Startup Time": 0.047,
                                  "Actual Total Time": 109.492,
                                  "Actual Rows": 632078,
                                  "Actual Loops": 4
                                }
                              ]
                            }
                          ]
                        }
                      ]
                    }
                  ]
                }
              ]
            }
          ]
        }
      ]
    },
    "Planning Time": 0.767,
    "Triggers": [],
    "Execution Time": 897.793
  }
]