{
  "Plan": {
    "Node Type": "Aggregate",
    "Strategy": "Plain",
    "Partial Mode": "Finalize",
    "Parallel Aware": false,
    "Startup Cost": 919444.65,
    "Total Cost": 919444.66,
    "Plan Rows": 1,
    "Plan Width": 8,
    "Actual Startup Time": 8629.279,
    "Actual Total Time": 8688.72,
    "Actual Rows": 1,
    "Actual Loops": 1,
    "Plans": [
      {
        "Node Type": "Gather",
        "Parent Relationship": "Outer",
        "Parallel Aware": false,
        "Startup Cost": 919444.54,
        "Total Cost": 919444.65,
        "Plan Rows": 1,
        "Plan Width": 8,
        "Actual Startup Time": 8623.175,
        "Actual Total Time": 8688.712,
        "Actual Rows": 2,
        "Actual Loops": 1,
        "Workers Planned": 1,
        "Workers Launched": 1,
        "Single Copy": false,
        "Plans": [
          {
            "Node Type": "Aggregate",
            "Strategy": "Plain",
            "Partial Mode": "Partial",
            "Parent Relationship": "Outer",
            "Parallel Aware": false,
            "Startup Cost": 918444.54,
            "Total Cost": 918444.55,
            "Plan Rows": 1,
            "Plan Width": 8,
            "Actual Startup Time": 8614.251,
            "Actual Total Time": 8614.258,
            "Actual Rows": 1,
            "Actual Loops": 2,
            "Plans": [
              {
                "Node Type": "Hash Join",
                "Parent Relationship": "Outer",
                "Parallel Aware": true,
                "Join Type": "Inner",
                "Startup Cost": 277685.65,
                "Total Cost": 890095.95,
                "Plan Rows": 11339438,
                "Plan Width": 0,
                "Actual Startup Time": 1082.099,
                "Actual Total Time": 7952.784,
                "Actual Rows": 16256838,
                "Actual Loops": 2,
                "Inner Unique": false,
                "Hash Cond": "(ci.movie_id = t.id)",
                "Plans": [
                  {
                    "Node Type": "Seq Scan",
                    "Parent Relationship": "Outer",
                    "Parallel Aware": true,
                    "Relation Name": "cast_info",
                    "Alias": "ci",
                    "Startup Cost": 0.0,
                    "Total Cost": 465792.95,
                    "Plan Rows": 21310595,
                    "Plan Width": 4,
                    "Actual Startup Time": 0.022,
                    "Actual Total Time": 1416.815,
                    "Actual Rows": 18122172,
                    "Actual Loops": 2
                  },
                  {
                    "Node Type": "Hash",
                    "Parent Relationship": "Inner",
                    "Parallel Aware": true,
                    "Startup Cost": 267793.64,
                    "Total Cost": 267793.64,
                    "Plan Rows": 791361,
                    "Plan Width": 8,
                    "Actual Startup Time": 1067.217,
                    "Actual Total Time": 1067.222,
                    "Actual Rows": 700951,
                    "Actual Loops": 2,
                    "Hash Buckets": 2097152,
                    "Original Hash Buckets": 2097152,
                    "Hash Batches": 1,
                    "Original Hash Batches": 1,
                    "Peak Memory Usage": 71264,
                    "Plans": [
                      {
                        "Node Type": "Hash Join",
                        "Parent Relationship": "Outer",
                        "Parallel Aware": true,
                        "Join Type": "Inner",
                        "Startup Cost": 93831.31,
                        "Total Cost": 267793.64,
                        "Plan Rows": 791361,
                        "Plan Width": 8,
                        "Actual Startup Time": 633.312,
                        "Actual Total Time": 909.8,
                        "Actual Rows": 700951,
                        "Actual Loops": 2,
                        "Inner Unique": true,
                        "Hash Cond": "(mi.movie_id = t.id)",
                        "Plans": [
                          {
                            "Node Type": "Bitmap Heap Scan",
                            "Parent Relationship": "Outer",
                            "Parallel Aware": true,
                            "Relation Name": "movie_info",
                            "Alias": "mi",
                            "Startup Cost": 24370.61,
                            "Total Cost": 196255.62,
                            "Plan Rows": 791361,
                            "Plan Width": 4,
                            "Actual Startup Time": 56.767,
                            "Actual Total Time": 130.994,
                            "Actual Rows": 700951,
                            "Actual Loops": 2,
                            "Recheck Cond": "(info_type_id = 7)",
                            "Rows Removed by Index Recheck": 0,
                            "Exact Heap Blocks": 5337,
                            "Lossy Heap Blocks": 0,
                            "Plans": [
                              {
                                "Node Type": "Bitmap Index Scan",
                                "Parent Relationship": "Outer",
                                "Parallel Aware": false,
                                "Index Name": "info_type_id_movie_info",
                                "Startup Cost": 0.0,
                                "Total Cost": 24034.28,
                                "Plan Rows": 1345313,
                                "Plan Width": 0,
                                "Actual Startup Time": 55.268,
                                "Actual Total Time": 55.269,
                                "Actual Rows": 1401902,
                                "Actual Loops": 1,
                                "Index Cond": "(info_type_id = 7)"
                              }
                            ]
                          },
                          {
                            "Node Type": "Hash",
                            "Parent Relationship": "Inner",
                            "Parallel Aware": true,
                            "Startup Cost": 50870.31,
                            "Total Cost": 50870.31,
                            "Plan Rows": 1487231,
                            "Plan Width": 4,
                            "Actual Startup Time": 562.878,
                            "Actual Total Time": 562.879,
                            "Actual Rows": 1264156,
                            "Actual Loops": 2,
                            "Hash Buckets": 4194304,
                            "Original Hash Buckets": 4194304,
                            "Hash Batches": 1,
                            "Original Hash Batches": 1,
                            "Peak Memory Usage": 131712,
                            "Plans": [
                              {
                                "Node Type": "Seq Scan",
                                "Parent Relationship": "Outer",
                                "Parallel Aware": true,
                                "Relation Name": "title",
                                "Alias": "t",
                                "Startup Cost": 0.0,
                                "Total Cost": 50870.31,
                                "Plan Rows": 1487231,
                                "Plan Width": 4,
                                "Actual Startup Time": 0.026,
                                "Actual Total Time": 159.229,
                                "Actual Rows": 1264156,
                                "Actual Loops": 2
                              }
                            ]
                          }
                        ]
                      }
                    ]
                  }
                ]
              }
            ]
          }
        ]
      }
    ]
  },
  "Planning Time": 1.049,
  "Triggers": [],
  "Execution Time": 8688.828
}