[
  {
    "Plan": {
      "Node Type": "Aggregate",
      "Strategy": "Plain",
      "Partial Mode": "Finalize",
      "Parallel Aware": false,
      "Startup Cost": 74331.72,
      "Total Cost": 74331.73,
      "Plan Rows": 1,
      "Plan Width": 8,
      "Actual Startup Time": 136.025,
      "Actual Total Time": 152.472,
      "Actual Rows": 1,
      "Actual Loops": 1,
      "Plans": [
        {
          "Node Type": "Gather",
          "Parent Relationship": "Outer",
          "Parallel Aware": false,
          "Startup Cost": 74331.2,
          "Total Cost": 74331.71,
          "Plan Rows": 5,
          "Plan Width": 8,
          "Actual Startup Time": 135.884,
          "Actual Total Time": 152.454,
          "Actual Rows": 6,
          "Actual Loops": 1,
          "Workers Planned": 5,
          "Workers Launched": 5,
          "Single Copy": false,
          "Plans": [
            {
              "Node Type": "Aggregate",
              "Strategy": "Plain",
              "Partial Mode": "Partial",
              "Parent Relationship": "Outer",
              "Parallel Aware": false,
              "Startup Cost": 73331.2,
              "Total Cost": 73331.21,
              "Plan Rows": 1,
              "Plan Width": 8,
              "Actual Startup Time": 128.154,
              "Actual Total Time": 128.156,
              "Actual Rows": 1,
              "Actual Loops": 6,
              "Plans": [
                {
                  "Node Type": "Index Scan",
                  "Parent Relationship": "Outer",
                  "Parallel Aware": true,
                  "Scan Direction": "Forward",
                  "Index Name": "role_id_cast_info",
                  "Relation Name": "cast_info",
                  "Alias": "ci",
                  "Startup Cost": 0.56,
                  "Total Cost": 72913.16,
                  "Plan Rows": 167218,
                  "Plan Width": 0,
                  "Actual Startup Time": 0.126,
                  "Actual Total Time": 120.144,
                  "Actual Rows": 134072,
                  "Actual Loops": 6,
                  "Index Cond": "(role_id = 4)",
                  "Rows Removed by Index Recheck": 0,
                  "Filter": "(person_id < 1122481)",
                  "Rows Removed by Filter": 320751
                }
              ]
            }
          ]
        }
      ]
    },
    "Planning Time": 0.243,
    "Triggers": [],
    "Execution Time": 152.54
  }
]