[
  {
    "Plan": {
      "Node Type": "Aggregate",
      "Strategy": "Plain",
      "Partial Mode": "Finalize",
      "Parallel Aware": false,
      "Startup Cost": 27724.91,
      "Total Cost": 27724.92,
      "Plan Rows": 1,
      "Plan Width": 8,
      "Actual Startup Time": 44.225,
      "Actual Total Time": 48.831,
      "Actual Rows": 1,
      "Actual Loops": 1,
      "Plans": [
        {
          "Node Type": "Gather",
          "Parent Relationship": "Outer",
          "Parallel Aware": false,
          "Startup Cost": 27724.49,
          "Total Cost": 27724.9,
          "Plan Rows": 4,
          "Plan Width": 8,
          "Actual Startup Time": 44.134,
          "Actual Total Time": 48.823,
          "Actual Rows": 5,
          "Actual Loops": 1,
          "Workers Planned": 4,
          "Workers Launched": 4,
          "Single Copy": false,
          "Plans": [
            {
              "Node Type": "Aggregate",
              "Strategy": "Plain",
              "Partial Mode": "Partial",
              "Parent Relationship": "Outer",
              "Parallel Aware": false,
              "Startup Cost": 26724.49,
              "Total Cost": 26724.5,
              "Plan Rows": 1,
              "Plan Width": 8,
              "Actual Startup Time": 38.808,
              "Actual Total Time": 38.808,
              "Actual Rows": 1,
              "Actual Loops": 5,
              "Plans": [
                {
                  "Node Type": "Index Scan",
                  "Parent Relationship": "Outer",
                  "Parallel Aware": true,
                  "Scan Direction": "Forward",
                  "Index Name": "role_id_cast_info",
                  "Relation Name": "cast_info",
                  "Alias": "ci",
                  "Startup Cost": 0.56,
                  "Total Cost": 26337.94,
                  "Plan Rows": 154620,
                  "Plan Width": 0,
                  "Actual Startup Time": 0.069,
                  "Actual Total Time": 36.285,
                  "Actual Rows": 49925,
                  "Actual Loops": 5,
                  "Index Cond": "(role_id = 5)",
                  "Rows Removed by Index Recheck": 0,
                  "Filter": "(person_id < 2450794)",
                  "Rows Removed by Filter": 129753
                }
              ]
            }
          ]
        }
      ]
    },
    "Planning Time": 0.121,
    "Triggers": [],
    "Execution Time": 48.864
  }
]