[
  {
    "Plan": {
      "Node Type": "Aggregate",
      "Strategy": "Plain",
      "Partial Mode": "Finalize",
      "Parallel Aware": false,
      "Startup Cost": 45097.14,
      "Total Cost": 45097.15,
      "Plan Rows": 1,
      "Plan Width": 8,
      "Actual Startup Time": 121.067,
      "Actual Total Time": 127.908,
      "Actual Rows": 1,
      "Actual Loops": 1,
      "Plans": [
        {
          "Node Type": "Gather",
          "Parent Relationship": "Outer",
          "Parallel Aware": false,
          "Startup Cost": 45096.82,
          "Total Cost": 45097.13,
          "Plan Rows": 3,
          "Plan Width": 8,
          "Actual Startup Time": 120.967,
          "Actual Total Time": 127.902,
          "Actual Rows": 4,
          "Actual Loops": 1,
          "Workers Planned": 3,
          "Workers Launched": 3,
          "Single Copy": false,
          "Plans": [
            {
              "Node Type": "Aggregate",
              "Strategy": "Plain",
              "Partial Mode": "Partial",
              "Parent Relationship": "Outer",
              "Parallel Aware": false,
              "Startup Cost": 44096.82,
              "Total Cost": 44096.83,
              "Plan Rows": 1,
              "Plan Width": 8,
              "Actual Startup Time": 116.326,
              "Actual Total Time": 116.328,
              "Actual Rows": 1,
              "Actual Loops": 4,
              "Plans": [
                {
                  "Node Type": "Seq Scan",
                  "Parent Relationship": "Outer",
                  "Parallel Aware": true,
                  "Relation Name": "movie_keyword",
                  "Alias": "mk",
                  "Startup Cost": 0.0,
                  "Total Cost": 42695.65,
                  "Plan Rows": 560467,
                  "Plan Width": 0,
                  "Actual Startup Time": 0.55,
                  "Actual Total Time": 96.931,
                  "Actual Rows": 431562,
                  "Actual Loops": 4,
                  "Filter": "(keyword_id > 8202)",
                  "Rows Removed by Filter": 699420
                }
              ]
            }
          ]
        }
      ]
    },
    "Planning Time": 0.065,
    "Triggers": [],
    "Execution Time": 127.935
  }
]