[
    {
        "Bao": {
            "Bao prediction": 1153.909,
            "Bao recommended hint": "SET enable_nestloop TO off; "
        }
    },
    {
        "Plan": {
            "Node Type": "Aggregate",
            "Strategy": "Plain",
            "Partial Mode": "Finalize",
            "Parallel Aware": false,
            "Startup Cost": 87704.86,
            "Total Cost": 87704.87,
            "Plan Rows": 1,
            "Plan Width": 8,
            "Actual Startup Time": 434.197,
            "Actual Total Time": 444.916,
            "Actual Rows": 1,
            "Actual Loops": 1,
            "Output": [
                "count(*)"
            ],
            "Plans": [
                {
                    "Node Type": "Gather",
                    "Parent Relationship": "Outer",
                    "Parallel Aware": false,
                    "Startup Cost": 87704.65,
                    "Total Cost": 87704.86,
                    "Plan Rows": 2,
                    "Plan Width": 8,
                    "Actual Startup Time": 432.31,
                    "Actual Total Time": 444.838,
                    "Actual Rows": 3,
                    "Actual Loops": 1,
                    "Output": [
                        "(PARTIAL count(*))"
                    ],
                    "Workers Planned": 2,
                    "Workers Launched": 2,
                    "Single Copy": false,
                    "Plans": [
                        {
                            "Node Type": "Aggregate",
                            "Strategy": "Plain",
                            "Partial Mode": "Partial",
                            "Parent Relationship": "Outer",
                            "Parallel Aware": false,
                            "Startup Cost": 86704.65,
                            "Total Cost": 86704.66,
                            "Plan Rows": 1,
                            "Plan Width": 8,
                            "Actual Startup Time": 424.567,
                            "Actual Total Time": 424.682,
                            "Actual Rows": 1,
                            "Actual Loops": 3,
                            "Output": [
                                "PARTIAL count(*)"
                            ],
                            "Workers": [
                                {
                                    "Worker Number": 0,
                                    "Actual Startup Time": 420.983,
                                    "Actual Total Time": 420.989,
                                    "Actual Rows": 1,
                                    "Actual Loops": 1
                                },
                                {
                                    "Worker Number": 1,
                                    "Actual Startup Time": 421.087,
                                    "Actual Total Time": 421.094,
                                    "Actual Rows": 1,
                                    "Actual Loops": 1
                                }
                            ],
                            "Plans": [
                                {
                                    "Node Type": "Hash Join",
                                    "Parent Relationship": "Outer",
                                    "Parallel Aware": true,
                                    "Join Type": "Inner",
                                    "Startup Cost": 70068.51,
                                    "Total Cost": 86672.34,
                                    "Plan Rows": 12921,
                                    "Plan Width": 0,
                                    "Actual Startup Time": 356.422,
                                    "Actual Total Time": 422.483,
                                    "Actual Rows": 32311,
                                    "Actual Loops": 3,
                                    "Inner Unique": false,
                                    "Hash Cond": "(mi_idx.movie_id = t.id)",
                                    "Workers": [
                                        {
                                            "Worker Number": 0,
                                            "Actual Startup Time": 352.712,
                                            "Actual Total Time": 418.9,
                                            "Actual Rows": 30032,
                                            "Actual Loops": 1
                                        },
                                        {
                                            "Worker Number": 1,
                                            "Actual Startup Time": 353.019,
                                            "Actual Total Time": 418.979,
                                            "Actual Rows": 30580,
                                            "Actual Loops": 1
                                        }
                                    ],
                                    "Plans": [
                                        {
                                            "Node Type": "Seq Scan",
                                            "Parent Relationship": "Outer",
                                            "Parallel Aware": true,
                                            "Relation Name": "movie_info_idx",
                                            "Schema": "public",
                                            "Alias": "mi_idx",
                                            "Startup Cost": 0.0,
                                            "Total Cost": 15122.68,
                                            "Plan Rows": 383860,
                                            "Plan Width": 4,
                                            "Actual Startup Time": 0.029,
                                            "Actual Total Time": 60.181,
                                            "Actual Rows": 306703,
                                            "Actual Loops": 3,
                                            "Output": [
                                                "mi_idx.id",
                                                "mi_idx.movie_id",
                                                "mi_idx.info_type_id",
                                                "mi_idx.info",
                                                "mi_idx.note"
                                            ],
                                            "Filter": "(mi_idx.info_type_id > 99)",
                                            "Rows Removed by Filter": 153308,
                                            "Workers": [
                                                {
                                                    "Worker Number": 0,
                                                    "Actual Startup Time": 0.034,
                                                    "Actual Total Time": 59.543,
                                                    "Actual Rows": 287715,
                                                    "Actual Loops": 1
                                                },
                                                {
                                                    "Worker Number": 1,
                                                    "Actual Startup Time": 0.037,
                                                    "Actual Total Time": 61.289,
                                                    "Actual Rows": 296019,
                                                    "Actual Loops": 1
                                                }
                                            ]
                                        },
                                        {
                                            "Node Type": "Hash",
                                            "Parent Relationship": "Inner",
                                            "Parallel Aware": true,
                                            "Startup Cost": 69725.34,
                                            "Total Cost": 69725.34,
                                            "Plan Rows": 27453,
                                            "Plan Width": 8,
                                            "Actual Startup Time": 313.562,
                                            "Actual Total Time": 313.675,
                                            "Actual Rows": 48556,
                                            "Actual Loops": 3,
                                            "Output": [
                                                "t.id",
                                                "mc.movie_id"
                                            ],
                                            "Hash Buckets": 262144,
                                            "Original Hash Buckets": 131072,
                                            "Hash Batches": 1,
                                            "Original Hash Batches": 1,
                                            "Peak Memory Usage": 8832,
                                            "Workers": [
                                                {
                                                    "Worker Number": 0,
                                                    "Actual Startup Time": 311.211,
                                                    "Actual Total Time": 311.215,
                                                    "Actual Rows": 46051,
                                                    "Actual Loops": 1
                                                },
                                                {
                                                    "Worker Number": 1,
                                                    "Actual Startup Time": 311.419,
                                                    "Actual Total Time": 311.423,
                                                    "Actual Rows": 47159,
                                                    "Actual Loops": 1
                                                }
                                            ],
                                            "Plans": [
                                                {
                                                    "Node Type": "Hash Join",
                                                    "Parent Relationship": "Outer",
                                                    "Parallel Aware": true,
                                                    "Join Type": "Inner",
                                                    "Startup Cost": 38872.62,
                                                    "Total Cost": 69725.34,
                                                    "Plan Rows": 27453,
                                                    "Plan Width": 8,
                                                    "Actual Startup Time": 90.279,
                                                    "Actual Total Time": 291.527,
                                                    "Actual Rows": 48556,
                                                    "Actual Loops": 3,
                                                    "Output": [
                                                        "t.id",
                                                        "mc.movie_id"
                                                    ],
                                                    "Inner Unique": true,
                                                    "Hash Cond": "(mc.movie_id = t.id)",
                                                    "Workers": [
                                                        {
                                                            "Worker Number": 0,
                                                            "Actual Startup Time": 87.837,
                                                            "Actual Total Time": 287.425,
                                                            "Actual Rows": 46051,
                                                            "Actual Loops": 1
                                                        },
                                                        {
                                                            "Worker Number": 1,
                                                            "Actual Startup Time": 88.199,
                                                            "Actual Total Time": 289.281,
                                                            "Actual Rows": 47159,
                                                            "Actual Loops": 1
                                                        }
                                                    ],
                                                    "Plans": [
                                                        {
                                                            "Node Type": "Seq Scan",
                                                            "Parent Relationship": "Outer",
                                                            "Parallel Aware": true,
                                                            "Relation Name": "movie_companies",
                                                            "Schema": "public",
                                                            "Alias": "mc",
                                                            "Startup Cost": 0.0,
                                                            "Total Cost": 29310.68,
                                                            "Plan Rows": 587443,
                                                            "Plan Width": 4,
                                                            "Actual Startup Time": 0.759,
                                                            "Actual Total Time": 121.153,
                                                            "Actual Rows": 608472,
                                                            "Actual Loops": 3,
                                                            "Output": [
                                                                "mc.id",
                                                                "mc.movie_id",
                                                                "mc.company_id",
                                                                "mc.company_type_id",
                                                                "mc.note"
                                                            ],
                                                            "Filter": "(mc.company_id > 1700)",
                                                            "Rows Removed by Filter": 261238,
                                                            "Workers": [
                                                                {
                                                                    "Worker Number": 0,
                                                                    "Actual Startup Time": 0.738,
                                                                    "Actual Total Time": 119.139,
                                                                    "Actual Rows": 580593,
                                                                    "Actual Loops": 1
                                                                },
                                                                {
                                                                    "Worker Number": 1,
                                                                    "Actual Startup Time": 0.764,
                                                                    "Actual Total Time": 122.572,
                                                                    "Actual Rows": 585826,
                                                                    "Actual Loops": 1
                                                                }
                                                            ]
                                                        },
                                                        {
                                                            "Node Type": "Hash",
                                                            "Parent Relationship": "Inner",
                                                            "Parallel Aware": true,
                                                            "Startup Cost": 38503.39,
                                                            "Total Cost": 38503.39,
                                                            "Plan Rows": 29539,
                                                            "Plan Width": 4,
                                                            "Actual Startup Time": 69.277,
                                                            "Actual Total Time": 69.279,
                                                            "Actual Rows": 39411,
                                                            "Actual Loops": 3,
                                                            "Output": [
                                                                "t.id"
                                                            ],
                                                            "Hash Buckets": 131072,
                                                            "Original Hash Buckets": 131072,
                                                            "Hash Batches": 1,
                                                            "Original Hash Batches": 1,
                                                            "Peak Memory Usage": 5728,
                                                            "Workers": [
                                                                {
                                                                    "Worker Number": 0,
                                                                    "Actual Startup Time": 67.573,
                                                                    "Actual Total Time": 67.575,
                                                                    "Actual Rows": 23723,
                                                                    "Actual Loops": 1
                                                                },
                                                                {
                                                                    "Worker Number": 1,
                                                                    "Actual Startup Time": 67.936,
                                                                    "Actual Total Time": 67.937,
                                                                    "Actual Rows": 24639,
                                                                    "Actual Loops": 1
                                                                }
                                                            ],
                                                            "Plans": [
                                                                {
                                                                    "Node Type": "Bitmap Heap Scan",
                                                                    "Parent Relationship": "Outer",
                                                                    "Parallel Aware": true,
                                                                    "Relation Name": "title",
                                                                    "Schema": "public",
                                                                    "Alias": "t",
                                                                    "Startup Cost": 2136.15,
                                                                    "Total Cost": 38503.39,
                                                                    "Plan Rows": 29539,
                                                                    "Plan Width": 4,
                                                                    "Actual Startup Time": 16.094,
                                                                    "Actual Total Time": 54.768,
                                                                    "Actual Rows": 39411,
                                                                    "Actual Loops": 3,
                                                                    "Output": [
                                                                        "t.id"
                                                                    ],
                                                                    "Recheck Cond": "(t.kind_id = 4)",
                                                                    "Rows Removed by Index Recheck": 0,
                                                                    "Exact Heap Blocks": 7541,
                                                                    "Lossy Heap Blocks": 0,
                                                                    "Workers": [
                                                                        {
                                                                            "Worker Number": 0,
                                                                            "Actual Startup Time": 14.485,
                                                                            "Actual Total Time": 55.327,
                                                                            "Actual Rows": 23723,
                                                                            "Actual Loops": 1
                                                                        },
                                                                        {
                                                                            "Worker Number": 1,
                                                                            "Actual Startup Time": 14.818,
                                                                            "Actual Total Time": 55.879,
                                                                            "Actual Rows": 24639,
                                                                            "Actual Loops": 1
                                                                        }
                                                                    ],
                                                                    "Plans": [
                                                                        {
                                                                            "Node Type": "Bitmap Index Scan",
                                                                            "Parent Relationship": "Outer",
                                                                            "Parallel Aware": false,
                                                                            "Index Name": "kind_id_title",
                                                                            "Startup Cost": 0.0,
                                                                            "Total Cost": 2106.61,
                                                                            "Plan Rows": 118157,
                                                                            "Plan Width": 0,
                                                                            "Actual Startup Time": 15.32,
                                                                            "Actual Total Time": 15.321,
                                                                            "Actual Rows": 118234,
                                                                            "Actual Loops": 1,
                                                                            "Index Cond": "(t.kind_id = 4)"
                                                                        }
                                                                    ]
                                                                }
                                                            ]
                                                        }
                                                    ]
                                                }
                                            ]
                                        }
                                    ]
                                }
                            ]
                        }
                    ]
                }
            ]
        },
        "Planning Time": 1714.073,
        "Triggers": [],
        "Execution Time": 445.058
    }
]