[
  {
    "Plan": {
      "Node Type": "Aggregate",
      "Strategy": "Plain",
      "Partial Mode": "Finalize",
      "Parallel Aware": false,
      "Startup Cost": 44532.55,
      "Total Cost": 44532.56,
      "Plan Rows": 1,
      "Plan Width": 8,
      "Actual Startup Time": 124.097,
      "Actual Total Time": 133.925,
      "Actual Rows": 1,
      "Actual Loops": 1,
      "Plans": [
        {
          "Node Type": "Gather",
          "Parent Relationship": "Outer",
          "Parallel Aware": false,
          "Startup Cost": 44532.23,
          "Total Cost": 44532.54,
          "Plan Rows": 3,
          "Plan Width": 8,
          "Actual Startup Time": 123.943,
          "Actual Total Time": 133.913,
          "Actual Rows": 4,
          "Actual Loops": 1,
          "Workers Planned": 3,
          "Workers Launched": 3,
          "Single Copy": false,
          "Plans": [
            {
              "Node Type": "Aggregate",
              "Strategy": "Plain",
              "Partial Mode": "Partial",
              "Parent Relationship": "Outer",
              "Parallel Aware": false,
              "Startup Cost": 43532.23,
              "Total Cost": 43532.24,
              "Plan Rows": 1,
              "Plan Width": 8,
              "Actual Startup Time": 119.381,
              "Actual Total Time": 119.382,
              "Actual Rows": 1,
              "Actual Loops": 4,
              "Plans": [
                {
                  "Node Type": "Seq Scan",
                  "Parent Relationship": "Outer",
                  "Parallel Aware": true,
                  "Relation Name": "movie_keyword",
                  "Alias": "mk",
                  "Startup Cost": 0.0,
                  "Total Cost": 42695.65,
                  "Plan Rows": 334632,
                  "Plan Width": 0,
                  "Actual Startup Time": 1.441,
                  "Actual Total Time": 106.315,
                  "Actual Rows": 257567,
                  "Actual Loops": 4,
                  "Filter": "(keyword_id > 17222)",
                  "Rows Removed by Filter": 873415
                }
              ]
            }
          ]
        }
      ]
    },
    "Planning Time": 0.108,
    "Triggers": [],
    "Execution Time": 133.959
  }
]