[
  {
    "Plan": {
      "Node Type": "Aggregate",
      "Strategy": "Plain",
      "Partial Mode": "Finalize",
      "Parallel Aware": false,
      "Startup Cost": 347534.89,
      "Total Cost": 347534.9,
      "Plan Rows": 1,
      "Plan Width": 8,
      "Actual Startup Time": 603.433,
      "Actual Total Time": 661.005,
      "Actual Rows": 1,
      "Actual Loops": 1,
      "Plans": [
        {
          "Node Type": "Gather",
          "Parent Relationship": "Outer",
          "Parallel Aware": false,
          "Startup Cost": 347534.26,
          "Total Cost": 347534.87,
          "Plan Rows": 6,
          "Plan Width": 8,
          "Actual Startup Time": 603.32,
          "Actual Total Time": 660.995,
          "Actual Rows": 7,
          "Actual Loops": 1,
          "Workers Planned": 6,
          "Workers Launched": 6,
          "Single Copy": false,
          "Plans": [
            {
              "Node Type": "Aggregate",
              "Strategy": "Plain",
              "Partial Mode": "Partial",
              "Parent Relationship": "Outer",
              "Parallel Aware": false,
              "Startup Cost": 346534.26,
              "Total Cost": 346534.27,
              "Plan Rows": 1,
              "Plan Width": 8,
              "Actual Startup Time": 595.254,
              "Actual Total Time": 595.255,
              "Actual Rows": 1,
              "Actual Loops": 7,
              "Plans": [
                {
                  "Node Type": "Seq Scan",
                  "Parent Relationship": "Outer",
                  "Parallel Aware": true,
                  "Relation Name": "cast_info",
                  "Alias": "ci",
                  "Startup Cost": 0.0,
                  "Total Cost": 343257.03,
                  "Plan Rows": 1310894,
                  "Plan Width": 0,
                  "Actual Startup Time": 216.061,
                  "Actual Total Time": 576.417,
                  "Actual Rows": 475700,
                  "Actual Loops": 7,
                  "Filter": "((person_id < 1178910) AND (role_id > 1))",
                  "Rows Removed by Filter": 4702063
                }
              ]
            }
          ]
        }
      ]
    },
    "Planning Time": 0.219,
    "Triggers": [],
    "Execution Time": 661.075
  }
]