[
  {
    "Plan": {
      "Node Type": "Aggregate",
      "Strategy": "Plain",
      "Partial Mode": "Finalize",
      "Parallel Aware": false,
      "Startup Cost": 33136.45,
      "Total Cost": 33136.46,
      "Plan Rows": 1,
      "Plan Width": 8,
      "Actual Startup Time": 102.734,
      "Actual Total Time": 112.761,
      "Actual Rows": 1,
      "Actual Loops": 1,
      "Plans": [
        {
          "Node Type": "Gather",
          "Parent Relationship": "Outer",
          "Parallel Aware": false,
          "Startup Cost": 33136.13,
          "Total Cost": 33136.44,
          "Plan Rows": 3,
          "Plan Width": 8,
          "Actual Startup Time": 102.628,
          "Actual Total Time": 112.752,
          "Actual Rows": 4,
          "Actual Loops": 1,
          "Workers Planned": 3,
          "Workers Launched": 3,
          "Single Copy": false,
          "Plans": [
            {
              "Node Type": "Aggregate",
              "Strategy": "Plain",
              "Partial Mode": "Partial",
              "Parent Relationship": "Outer",
              "Parallel Aware": false,
              "Startup Cost": 32136.13,
              "Total Cost": 32136.14,
              "Plan Rows": 1,
              "Plan Width": 8,
              "Actual Startup Time": 94.07,
              "Actual Total Time": 94.071,
              "Actual Rows": 1,
              "Actual Loops": 4,
              "Plans": [
                {
                  "Node Type": "Seq Scan",
                  "Parent Relationship": "Outer",
                  "Parallel Aware": true,
                  "Relation Name": "movie_companies",
                  "Alias": "mc",
                  "Startup Cost": 0.0,
                  "Total Cost": 31414.82,
                  "Plan Rows": 288524,
                  "Plan Width": 0,
                  "Actual Startup Time": 44.183,
                  "Actual Total Time": 85.754,
                  "Actual Rows": 145035,
                  "Actual Loops": 4,
                  "Filter": "((company_id < 25356) AND (company_type_id = 2))",
                  "Rows Removed by Filter": 507247
                }
              ]
            }
          ]
        }
      ]
    },
    "Planning Time": 0.216,
    "Triggers": [],
    "Execution Time": 112.813
  }
]