[
  {
    "Plan": {
      "Node Type": "Aggregate",
      "Strategy": "Plain",
      "Partial Mode": "Finalize",
      "Parallel Aware": false,
      "Startup Cost": 39935.85,
      "Total Cost": 39935.86,
      "Plan Rows": 1,
      "Plan Width": 8,
      "Actual Startup Time": 130.98,
      "Actual Total Time": 137.01,
      "Actual Rows": 1,
      "Actual Loops": 1,
      "Plans": [
        {
          "Node Type": "Gather",
          "Parent Relationship": "Outer",
          "Parallel Aware": false,
          "Startup Cost": 39935.53,
          "Total Cost": 39935.84,
          "Plan Rows": 3,
          "Plan Width": 8,
          "Actual Startup Time": 130.789,
          "Actual Total Time": 137.001,
          "Actual Rows": 4,
          "Actual Loops": 1,
          "Workers Planned": 3,
          "Workers Launched": 3,
          "Single Copy": false,
          "Plans": [
            {
              "Node Type": "Aggregate",
              "Strategy": "Plain",
              "Partial Mode": "Partial",
              "Parent Relationship": "Outer",
              "Parallel Aware": false,
              "Startup Cost": 38935.53,
              "Total Cost": 38935.54,
              "Plan Rows": 1,
              "Plan Width": 8,
              "Actual Startup Time": 122.547,
              "Actual Total Time": 122.549,
              "Actual Rows": 1,
              "Actual Loops": 4,
              "Plans": [
                {
                  "Node Type": "Bitmap Heap Scan",
                  "Parent Relationship": "Outer",
                  "Parallel Aware": true,
                  "Relation Name": "movie_keyword",
                  "Alias": "mk",
                  "Startup Cost": 11792.06,
                  "Total Cost": 38487.28,
                  "Plan Rows": 179298,
                  "Plan Width": 0,
                  "Actual Startup Time": 48.587,
                  "Actual Total Time": 114.805,
                  "Actual Rows": 135903,
                  "Actual Loops": 4,
                  "Recheck Cond": "(keyword_id > 33791)",
                  "Rows Removed by Index Recheck": 0,
                  "Exact Heap Blocks": 9729,
                  "Lossy Heap Blocks": 0,
                  "Plans": [
                    {
                      "Node Type": "Bitmap Index Scan",
                      "Parent Relationship": "Outer",
                      "Parallel Aware": false,
                      "Index Name": "keyword_id_movie_keyword",
                      "Startup Cost": 0.0,
                      "Total Cost": 11653.11,
                      "Plan Rows": 555823,
                      "Plan Width": 0,
                      "Actual Startup Time": 52.638,
                      "Actual Total Time": 52.638,
                      "Actual Rows": 543611,
                      "Actual Loops": 1,
                      "Index Cond": "(keyword_id > 33791)"
                    }
                  ]
                }
              ]
            }
          ]
        }
      ]
    },
    "Planning Time": 0.192,
    "Triggers": [],
    "Execution Time": 137.089
  }
]