{
  "Plan": {
    "Node Type": "Aggregate",
    "Strategy": "Plain",
    "Partial Mode": "Finalize",
    "Parallel Aware": false,
    "Startup Cost": 663209.7,
    "Total Cost": 663209.71,
    "Plan Rows": 1,
    "Plan Width": 8,
    "Actual Startup Time": 2806.644,
    "Actual Total Time": 2862.395,
    "Actual Rows": 1,
    "Actual Loops": 1,
    "Plans": [
      {
        "Node Type": "Gather",
        "Parent Relationship": "Outer",
        "Parallel Aware": false,
        "Startup Cost": 663209.58,
        "Total Cost": 663209.69,
        "Plan Rows": 1,
        "Plan Width": 8,
        "Actual Startup Time": 2806.246,
        "Actual Total Time": 2862.386,
        "Actual Rows": 2,
        "Actual Loops": 1,
        "Workers Planned": 1,
        "Workers Launched": 1,
        "Single Copy": false,
        "Plans": [
          {
            "Node Type": "Aggregate",
            "Strategy": "Plain",
            "Partial Mode": "Partial",
            "Parent Relationship": "Outer",
            "Parallel Aware": false,
            "Startup Cost": 662209.58,
            "Total Cost": 662209.59,
            "Plan Rows": 1,
            "Plan Width": 8,
            "Actual Startup Time": 2799.38,
            "Actual Total Time": 2799.387,
            "Actual Rows": 1,
            "Actual Loops": 2,
            "Plans": [
              {
                "Node Type": "Hash Join",
                "Parent Relationship": "Outer",
                "Parallel Aware": true,
                "Join Type": "Inner",
                "Startup Cost": 82103.47,
                "Total Cost": 661937.24,
                "Plan Rows": 108939,
                "Plan Width": 0,
                "Actual Startup Time": 228.454,
                "Actual Total Time": 2793.138,
                "Actual Rows": 108732,
                "Actual Loops": 2,
                "Inner Unique": false,
                "Hash Cond": "(ci.movie_id = t.id)",
                "Plans": [
                  {
                    "Node Type": "Seq Scan",
                    "Parent Relationship": "Outer",
                    "Parallel Aware": true,
                    "Relation Name": "cast_info",
                    "Alias": "ci",
                    "Startup Cost": 0.0,
                    "Total Cost": 519069.44,
                    "Plan Rows": 16032941,
                    "Plan Width": 4,
                    "Actual Startup Time": 0.013,
                    "Actual Total Time": 1610.477,
                    "Actual Rows": 13668640,
                    "Actual Loops": 2,
                    "Filter": "(person_id < 2803620)",
                    "Rows Removed by Filter": 4453532
                  },
                  {
                    "Node Type": "Hash",
                    "Parent Relationship": "Inner",
                    "Parallel Aware": true,
                    "Startup Cost": 81977.15,
                    "Total Cost": 81977.15,
                    "Plan Rows": 10105,
                    "Plan Width": 8,
                    "Actual Startup Time": 227.59,
                    "Actual Total Time": 227.595,
                    "Actual Rows": 3980,
                    "Actual Loops": 2,
                    "Hash Buckets": 32768,
                    "Original Hash Buckets": 32768,
                    "Hash Batches": 1,
                    "Original Hash Batches": 1,
                    "Peak Memory Usage": 608,
                    "Plans": [
                      {
                        "Node Type": "Hash Join",
                        "Parent Relationship": "Outer",
                        "Parallel Aware": true,
                        "Join Type": "Inner",
                        "Startup Cost": 21204.09,
                        "Total Cost": 81977.15,
                        "Plan Rows": 10105,
                        "Plan Width": 8,
                        "Actual Startup Time": 42.247,
                        "Actual Total Time": 225.968,
                        "Actual Rows": 3980,
                        "Actual Loops": 2,
                        "Inner Unique": false,
                        "Hash Cond": "(t.id = mc.movie_id)",
                        "Plans": [
                          {
                            "Node Type": "Seq Scan",
                            "Parent Relationship": "Outer",
                            "Parallel Aware": true,
                            "Relation Name": "title",
                            "Alias": "t",
                            "Startup Cost": 0.0,
                            "Total Cost": 58306.47,
                            "Plan Rows": 385145,
                            "Plan Width": 4,
                            "Actual Startup Time": 0.014,
                            "Actual Total Time": 138.951,
                            "Actual Rows": 355590,
                            "Actual Loops": 2,
                            "Filter": "((kind_id < 7) AND (production_year < 2008))",
                            "Rows Removed by Filter": 908566
                          },
                          {
                            "Node Type": "Hash",
                            "Parent Relationship": "Inner",
                            "Parallel Aware": true,
                            "Startup Cost": 20716.31,
                            "Total Cost": 20716.31,
                            "Plan Rows": 39022,
                            "Plan Width": 4,
                            "Actual Startup Time": 40.985,
                            "Actual Total Time": 40.987,
                            "Actual Rows": 34964,
                            "Actual Loops": 2,
                            "Hash Buckets": 131072,
                            "Original Hash Buckets": 131072,
                            "Hash Batches": 1,
                            "Original Hash Batches": 1,
                            "Peak Memory Usage": 3808,
                            "Plans": [
                              {
                                "Node Type": "Bitmap Heap Scan",
                                "Parent Relationship": "Outer",
                                "Parallel Aware": true,
                                "Relation Name": "movie_companies",
                                "Alias": "mc",
                                "Startup Cost": 1438.54,
                                "Total Cost": 20716.31,
                                "Plan Rows": 39022,
                                "Plan Width": 4,
                                "Actual Startup Time": 8.85,
                                "Actual Total Time": 30.548,
                                "Actual Rows": 34964,
                                "Actual Loops": 2,
                                "Recheck Cond": "(company_id < 11)",
                                "Rows Removed by Index Recheck": 0,
                                "Exact Heap Blocks": 5653,
                                "Lossy Heap Blocks": 0,
                                "Plans": [
                                  {
                                    "Node Type": "Bitmap Index Scan",
                                    "Parent Relationship": "Outer",
                                    "Parallel Aware": false,
                                    "Index Name": "company_id_movie_companies",
                                    "Startup Cost": 0.0,
                                    "Total Cost": 1421.96,
                                    "Plan Rows": 66337,
                                    "Plan Width": 0,
                                    "Actual Startup Time": 10.041,
                                    "Actual Total Time": 10.042,
                                    "Actual Rows": 69928,
                                    "Actual Loops": 1,
                                    "Index Cond": "(company_id < 11)"
                                  }
                                ]
                              }
                            ]
                          }
                        ]
                      }
                    ]
                  }
                ]
              }
            ]
          }
        ]
      }
    ]
  },
  "Planning Time": 1.264,
  "Triggers": [],
  "Execution Time": 2864.364
}