[
  {
    "Plan": {
      "Node Type": "Aggregate",
      "Strategy": "Plain",
      "Partial Mode": "Finalize",
      "Parallel Aware": false,
      "Startup Cost": 62540.53,
      "Total Cost": 62540.54,
      "Plan Rows": 1,
      "Plan Width": 8,
      "Actual Startup Time": 92.455,
      "Actual Total Time": 105.844,
      "Actual Rows": 1,
      "Actual Loops": 1,
      "Plans": [
        {
          "Node Type": "Gather",
          "Parent Relationship": "Outer",
          "Parallel Aware": false,
          "Startup Cost": 62540.21,
          "Total Cost": 62540.52,
          "Plan Rows": 3,
          "Plan Width": 8,
          "Actual Startup Time": 92.285,
          "Actual Total Time": 105.836,
          "Actual Rows": 4,
          "Actual Loops": 1,
          "Workers Planned": 3,
          "Workers Launched": 3,
          "Single Copy": false,
          "Plans": [
            {
              "Node Type": "Aggregate",
              "Strategy": "Plain",
              "Partial Mode": "Partial",
              "Parent Relationship": "Outer",
              "Parallel Aware": false,
              "Startup Cost": 61540.21,
              "Total Cost": 61540.22,
              "Plan Rows": 1,
              "Plan Width": 8,
              "Actual Startup Time": 82.4,
              "Actual Total Time": 82.406,
              "Actual Rows": 1,
              "Actual Loops": 4,
              "Plans": [
                {
                  "Node Type": "Nested Loop",
                  "Parent Relationship": "Outer",
                  "Parallel Aware": false,
                  "Join Type": "Inner",
                  "Startup Cost": 1021.29,
                  "Total Cost": 61531.41,
                  "Plan Rows": 3520,
                  "Plan Width": 0,
                  "Actual Startup Time": 59.544,
                  "Actual Total Time": 81.666,
                  "Actual Rows": 17065,
                  "Actual Loops": 4,
                  "Inner Unique": false,
                  "Plans": [
                    {
                      "Node Type": "Nested Loop",
                      "Parent Relationship": "Outer",
                      "Parallel Aware": false,
                      "Join Type": "Inner",
                      "Startup Cost": 1020.86,
                      "Total Cost": 57704.95,
                      "Plan Rows": 1967,
                      "Plan Width": 8,
                      "Actual Startup Time": 59.474,
                      "Actual Total Time": 72.977,
                      "Actual Rows": 345,
                      "Actual Loops": 4,
                      "Inner Unique": true,
                      "Plans": [
                        {
                          "Node Type": "Bitmap Heap Scan",
                          "Parent Relationship": "Outer",
                          "Parallel Aware": true,
                          "Relation Name": "movie_companies",
                          "Alias": "mc",
                          "Startup Cost": 1020.43,
                          "Total Cost": 20038.94,
                          "Plan Rows": 7499,
                          "Plan Width": 4,
                          "Actual Startup Time": 3.736,
                          "Actual Total Time": 12.302,
                          "Actual Rows": 10516,
                          "Actual Loops": 4,
                          "Recheck Cond": "(company_id = 19)",
                          "Rows Removed by Index Recheck": 0,
                          "Filter": "(company_type_id = 1)",
                          "Rows Removed by Filter": 1297,
                          "Exact Heap Blocks": 2358,
                          "Lossy Heap Blocks": 0,
                          "Plans": [
                            {
                              "Node Type": "Bitmap Index Scan",
                              "Parent Relationship": "Outer",
                              "Parallel Aware": false,
                              "Index Name": "company_id_movie_companies",
                              "Startup Cost": 0.0,
                              "Total Cost": 1014.62,
                              "Plan Rows": 47225,
                              "Plan Width": 0,
                              "Actual Startup Time": 10.793,
                              "Actual Total Time": 10.793,
                              "Actual Rows": 47252,
                              "Actual Loops": 1,
                              "Index Cond": "(company_id = 19)"
                            }
                          ]
                        },
                        {
                          "Node Type": "Index Scan",
                          "Parent Relationship": "Inner",
                          "Parallel Aware": false,
                          "Scan Direction": "Forward",
                          "Index Name": "title_pkey",
                          "Relation Name": "title",
                          "Alias": "t",
                          "Startup Cost": 0.43,
                          "Total Cost": 5.02,
                          "Plan Rows": 1,
                          "Plan Width": 4,
                          "Actual Startup Time": 0.005,
                          "Actual Total Time": 0.005,
                          "Actual Rows": 0,
                          "Actual Loops": 42064,
                          "Index Cond": "(id = mc.movie_id)",
                          "Rows Removed by Index Recheck": 0,
                          "Filter": "(kind_id = 1)",
                          "Rows Removed by Filter": 1
                        }
                      ]
                    },
                    {
                      "Node Type": "Index Only Scan",
                      "Parent Relationship": "Inner",
                      "Parallel Aware": false,
                      "Scan Direction": "Forward",
                      "Index Name": "movie_id_movie_keyword",
                      "Relation Name": "movie_keyword",
                      "Alias": "mk",
                      "Startup Cost": 0.43,
                      "Total Cost": 1.5,
                      "Plan Rows": 45,
                      "Plan Width": 4,
                      "Actual Startup Time": 0.015,
                      "Actual Total Time": 0.022,
                      "Actual Rows": 49,
                      "Actual Loops": 1380,
                      "Index Cond": "(movie_id = t.id)",
                      "Rows Removed by Index Recheck": 0,
                      "Heap Fetches": 68261
                    }
                  ]
                }
              ]
            }
          ]
        }
      ]
    },
    "Planning Time": 1.474,
    "Triggers": [],
    "Execution Time": 105.963
  }
]