[
  {
    "Plan": {
      "Node Type": "Aggregate",
      "Strategy": "Plain",
      "Partial Mode": "Finalize",
      "Parallel Aware": false,
      "Startup Cost": 33234.62,
      "Total Cost": 33234.63,
      "Plan Rows": 1,
      "Plan Width": 8,
      "Actual Startup Time": 99.719,
      "Actual Total Time": 107.437,
      "Actual Rows": 1,
      "Actual Loops": 1,
      "Plans": [
        {
          "Node Type": "Gather",
          "Parent Relationship": "Outer",
          "Parallel Aware": false,
          "Startup Cost": 33234.3,
          "Total Cost": 33234.61,
          "Plan Rows": 3,
          "Plan Width": 8,
          "Actual Startup Time": 99.578,
          "Actual Total Time": 107.43,
          "Actual Rows": 4,
          "Actual Loops": 1,
          "Workers Planned": 3,
          "Workers Launched": 3,
          "Single Copy": false,
          "Plans": [
            {
              "Node Type": "Aggregate",
              "Strategy": "Plain",
              "Partial Mode": "Partial",
              "Parent Relationship": "Outer",
              "Parallel Aware": false,
              "Startup Cost": 32234.3,
              "Total Cost": 32234.31,
              "Plan Rows": 1,
              "Plan Width": 8,
              "Actual Startup Time": 92.35,
              "Actual Total Time": 92.351,
              "Actual Rows": 1,
              "Actual Loops": 4,
              "Plans": [
                {
                  "Node Type": "Seq Scan",
                  "Parent Relationship": "Outer",
                  "Parallel Aware": true,
                  "Relation Name": "movie_companies",
                  "Alias": "mc",
                  "Startup Cost": 0.0,
                  "Total Cost": 31414.82,
                  "Plan Rows": 327793,
                  "Plan Width": 0,
                  "Actual Startup Time": 45.973,
                  "Actual Total Time": 81.103,
                  "Actual Rows": 291373,
                  "Actual Loops": 4,
                  "Filter": "((company_id > 689) AND (company_type_id > 1))",
                  "Rows Removed by Filter": 360909
                }
              ]
            }
          ]
        }
      ]
    },
    "Planning Time": 0.215,
    "Triggers": [],
    "Execution Time": 107.493
  }
]