[
    {
        "Bao": {
            "Bao prediction": "NaN",
            "Bao recommended hint": "(no hint)"
        }
    },
    {
        "Plan": {
            "Node Type": "Aggregate",
            "Strategy": "Plain",
            "Partial Mode": "Simple",
            "Parallel Aware": false,
            "Startup Cost": 27435.17,
            "Total Cost": 27435.18,
            "Plan Rows": 1,
            "Plan Width": 8,
            "Actual Startup Time": 41.359,
            "Actual Total Time": 41.36,
            "Actual Rows": 1,
            "Actual Loops": 1,
            "Output": [
                "count(*)"
            ],
            "Plans": [
                {
                    "Node Type": "Bitmap Heap Scan",
                    "Parent Relationship": "Outer",
                    "Parallel Aware": false,
                    "Relation Name": "movie_keyword",
                    "Schema": "public",
                    "Alias": "mk",
                    "Startup Cost": 1746.4,
                    "Total Cost": 27229.37,
                    "Plan Rows": 82318,
                    "Plan Width": 0,
                    "Actual Startup Time": 9.851,
                    "Actual Total Time": 37.998,
                    "Actual Rows": 76670,
                    "Actual Loops": 1,
                    "Recheck Cond": "(mk.keyword_id > 88796)",
                    "Rows Removed by Index Recheck": 0,
                    "Exact Heap Blocks": 15543,
                    "Lossy Heap Blocks": 0,
                    "Plans": [
                        {
                            "Node Type": "Bitmap Index Scan",
                            "Parent Relationship": "Outer",
                            "Parallel Aware": false,
                            "Index Name": "keyword_id_movie_keyword",
                            "Startup Cost": 0.0,
                            "Total Cost": 1725.82,
                            "Plan Rows": 82318,
                            "Plan Width": 0,
                            "Actual Startup Time": 7.017,
                            "Actual Total Time": 7.017,
                            "Actual Rows": 76670,
                            "Actual Loops": 1,
                            "Index Cond": "(mk.keyword_id > 88796)"
                        }
                    ]
                }
            ]
        },
        "Planning Time": 196.517,
        "Triggers": [],
        "Execution Time": 41.445
    }
]