[
  {
    "Plan": {
      "Node Type": "Aggregate",
      "Strategy": "Plain",
      "Partial Mode": "Finalize",
      "Parallel Aware": false,
      "Startup Cost": 33324.94,
      "Total Cost": 33324.95,
      "Plan Rows": 1,
      "Plan Width": 8,
      "Actual Startup Time": 108.092,
      "Actual Total Time": 116.263,
      "Actual Rows": 1,
      "Actual Loops": 1,
      "Plans": [
        {
          "Node Type": "Gather",
          "Parent Relationship": "Outer",
          "Parallel Aware": false,
          "Startup Cost": 33324.62,
          "Total Cost": 33324.93,
          "Plan Rows": 3,
          "Plan Width": 8,
          "Actual Startup Time": 107.953,
          "Actual Total Time": 116.255,
          "Actual Rows": 4,
          "Actual Loops": 1,
          "Workers Planned": 3,
          "Workers Launched": 3,
          "Single Copy": false,
          "Plans": [
            {
              "Node Type": "Aggregate",
              "Strategy": "Plain",
              "Partial Mode": "Partial",
              "Parent Relationship": "Outer",
              "Parallel Aware": false,
              "Startup Cost": 32324.62,
              "Total Cost": 32324.63,
              "Plan Rows": 1,
              "Plan Width": 8,
              "Actual Startup Time": 100.27,
              "Actual Total Time": 100.271,
              "Actual Rows": 1,
              "Actual Loops": 4,
              "Plans": [
                {
                  "Node Type": "Seq Scan",
                  "Parent Relationship": "Outer",
                  "Parallel Aware": true,
                  "Relation Name": "movie_companies",
                  "Alias": "mc",
                  "Startup Cost": 0.0,
                  "Total Cost": 31414.82,
                  "Plan Rows": 363922,
                  "Plan Width": 0,
                  "Actual Startup Time": 49.917,
                  "Actual Total Time": 87.703,
                  "Actual Rows": 310794,
                  "Actual Loops": 4,
                  "Filter": "((company_id > 225) AND (company_type_id > 1))",
                  "Rows Removed by Filter": 341489
                }
              ]
            }
          ]
        }
      ]
    },
    "Planning Time": 0.185,
    "Triggers": [],
    "Execution Time": 116.314
  }
]