{
  "Plan": {
    "Node Type": "Aggregate",
    "Strategy": "Plain",
    "Partial Mode": "Finalize",
    "Parallel Aware": false,
    "Startup Cost": 124813.25,
    "Total Cost": 124813.26,
    "Plan Rows": 1,
    "Plan Width": 8,
    "Actual Startup Time": 576.258,
    "Actual Total Time": 592.971,
    "Actual Rows": 1,
    "Actual Loops": 1,
    "Plans": [
      {
        "Node Type": "Gather",
        "Parent Relationship": "Outer",
        "Parallel Aware": false,
        "Startup Cost": 124813.14,
        "Total Cost": 124813.25,
        "Plan Rows": 1,
        "Plan Width": 8,
        "Actual Startup Time": 573.813,
        "Actual Total Time": 592.963,
        "Actual Rows": 2,
        "Actual Loops": 1,
        "Workers Planned": 1,
        "Workers Launched": 1,
        "Single Copy": false,
        "Plans": [
          {
            "Node Type": "Aggregate",
            "Strategy": "Plain",
            "Partial Mode": "Partial",
            "Parent Relationship": "Outer",
            "Parallel Aware": false,
            "Startup Cost": 123813.14,
            "Total Cost": 123813.15,
            "Plan Rows": 1,
            "Plan Width": 8,
            "Actual Startup Time": 565.187,
            "Actual Total Time": 565.191,
            "Actual Rows": 1,
            "Actual Loops": 2,
            "Plans": [
              {
                "Node Type": "Hash Join",
                "Parent Relationship": "Outer",
                "Parallel Aware": true,
                "Join Type": "Inner",
                "Startup Cost": 89115.03,
                "Total Cost": 123132.08,
                "Plan Rows": 272424,
                "Plan Width": 0,
                "Actual Startup Time": 387.186,
                "Actual Total Time": 561.643,
                "Actual Rows": 63986,
                "Actual Loops": 2,
                "Inner Unique": true,
                "Hash Cond": "(mk.movie_id = t.id)",
                "Plans": [
                  {
                    "Node Type": "Bitmap Heap Scan",
                    "Parent Relationship": "Outer",
                    "Parallel Aware": true,
                    "Relation Name": "movie_keyword",
                    "Alias": "mk",
                    "Startup Cost": 22798.56,
                    "Total Cost": 55155.9,
                    "Plan Rows": 632268,
                    "Plan Width": 4,
                    "Actual Startup Time": 75.452,
                    "Actual Total Time": 174.238,
                    "Actual Rows": 536868,
                    "Actual Loops": 2,
                    "Recheck Cond": "(keyword_id > 16457)",
                    "Rows Removed by Index Recheck": 0,
                    "Exact Heap Blocks": 13422,
                    "Lossy Heap Blocks": 0,
                    "Plans": [
                      {
                        "Node Type": "Bitmap Index Scan",
                        "Parent Relationship": "Outer",
                        "Parallel Aware": false,
                        "Index Name": "keyword_id_movie_keyword",
                        "Startup Cost": 0.0,
                        "Total Cost": 22529.84,
                        "Plan Rows": 1074855,
                        "Plan Width": 0,
                        "Actual Startup Time": 71.795,
                        "Actual Total Time": 71.796,
                        "Actual Rows": 1073737,
                        "Actual Loops": 1,
                        "Index Cond": "(keyword_id > 16457)"
                      }
                    ]
                  },
                  {
                    "Node Type": "Hash",
                    "Parent Relationship": "Inner",
                    "Parallel Aware": true,
                    "Startup Cost": 58306.47,
                    "Total Cost": 58306.47,
                    "Plan Rows": 640800,
                    "Plan Width": 4,
                    "Actual Startup Time": 296.798,
                    "Actual Total Time": 296.799,
                    "Actual Rows": 522111,
                    "Actual Loops": 2,
                    "Hash Buckets": 2097152,
                    "Original Hash Buckets": 2097152,
                    "Hash Batches": 1,
                    "Original Hash Batches": 1,
                    "Peak Memory Usage": 57248,
                    "Plans": [
                      {
                        "Node Type": "Seq Scan",
                        "Parent Relationship": "Outer",
                        "Parallel Aware": true,
                        "Relation Name": "title",
                        "Alias": "t",
                        "Startup Cost": 0.0,
                        "Total Cost": 58306.47,
                        "Plan Rows": 640800,
                        "Plan Width": 4,
                        "Actual Startup Time": 0.03,
                        "Actual Total Time": 159.709,
                        "Actual Rows": 522111,
                        "Actual Loops": 2,
                        "Filter": "((production_year < 2009) AND (kind_id = 7))",
                        "Rows Removed by Filter": 742045
                      }
                    ]
                  }
                ]
              }
            ]
          }
        ]
      }
    ]
  },
  "Planning Time": 0.736,
  "Triggers": [],
  "Execution Time": 593.063
}