{
  "Plan": {
    "Node Type": "Aggregate",
    "Strategy": "Plain",
    "Partial Mode": "Finalize",
    "Parallel Aware": false,
    "Startup Cost": 1143304.73,
    "Total Cost": 1143304.74,
    "Plan Rows": 1,
    "Plan Width": 8,
    "Actual Startup Time": 21831.38,
    "Actual Total Time": 22073.76,
    "Actual Rows": 1,
    "Actual Loops": 1,
    "Plans": [
      {
        "Node Type": "Gather",
        "Parent Relationship": "Outer",
        "Parallel Aware": false,
        "Startup Cost": 1143304.62,
        "Total Cost": 1143304.73,
        "Plan Rows": 1,
        "Plan Width": 8,
        "Actual Startup Time": 21781.256,
        "Actual Total Time": 22073.747,
        "Actual Rows": 2,
        "Actual Loops": 1,
        "Workers Planned": 1,
        "Workers Launched": 1,
        "Single Copy": false,
        "Plans": [
          {
            "Node Type": "Aggregate",
            "Strategy": "Plain",
            "Partial Mode": "Partial",
            "Parent Relationship": "Outer",
            "Parallel Aware": false,
            "Startup Cost": 1142304.62,
            "Total Cost": 1142304.63,
            "Plan Rows": 1,
            "Plan Width": 8,
            "Actual Startup Time": 21745.717,
            "Actual Total Time": 21751.741,
            "Actual Rows": 1,
            "Actual Loops": 2,
            "Plans": [
              {
                "Node Type": "Hash Join",
                "Parent Relationship": "Outer",
                "Parallel Aware": true,
                "Join Type": "Inner",
                "Startup Cost": 865845.13,
                "Total Cost": 1089774.21,
                "Plan Rows": 21012162,
                "Plan Width": 0,
                "Actual Startup Time": 14476.403,
                "Actual Total Time": 19464.156,
                "Actual Rows": 58367510,
                "Actual Loops": 2,
                "Inner Unique": false,
                "Hash Cond": "(mk.movie_id = t.id)",
                "Plans": [
                  {
                    "Node Type": "Seq Scan",
                    "Parent Relationship": "Outer",
                    "Parallel Aware": true,
                    "Relation Name": "movie_keyword",
                    "Alias": "mk",
                    "Startup Cost": 0.0,
                    "Total Cost": 57718.19,
                    "Plan Rows": 1704399,
                    "Plan Width": 4,
                    "Actual Startup Time": 0.013,
                    "Actual Total Time": 201.535,
                    "Actual Rows": 1446418,
                    "Actual Loops": 2,
                    "Filter": "(keyword_id < 9117)",
                    "Rows Removed by Filter": 815546
                  },
                  {
                    "Node Type": "Hash",
                    "Parent Relationship": "Inner",
                    "Parallel Aware": true,
                    "Startup Cost": 636659.25,
                    "Total Cost": 636659.25,
                    "Plan Rows": 18334870,
                    "Plan Width": 8,
                    "Actual Startup Time": 14380.224,
                    "Actual Total Time": 14386.245,
                    "Actual Rows": 15511944,
                    "Actual Loops": 2,
                    "Hash Buckets": 33554432,
                    "Original Hash Buckets": 33554432,
                    "Hash Batches": 1,
                    "Original Hash Batches": 1,
                    "Peak Memory Usage": 1475840,
                    "Plans": [
                      {
                        "Node Type": "Hash Join",
                        "Parent Relationship": "Outer",
                        "Parallel Aware": true,
                        "Join Type": "Inner",
                        "Startup Cost": 69460.7,
                        "Total Cost": 636659.25,
                        "Plan Rows": 18334870,
                        "Plan Width": 8,
                        "Actual Startup Time": 599.819,
                        "Actual Total Time": 9064.843,
                        "Actual Rows": 15511944,
                        "Actual Loops": 2,
                        "Inner Unique": true,
                        "Hash Cond": "(ci.movie_id = t.id)",
                        "Plans": [
                          {
                            "Node Type": "Seq Scan",
                            "Parent Relationship": "Outer",
                            "Parallel Aware": true,
                            "Relation Name": "cast_info",
                            "Alias": "ci",
                            "Startup Cost": 0.0,
                            "Total Cost": 519069.44,
                            "Plan Rows": 18334870,
                            "Plan Width": 4,
                            "Actual Startup Time": 117.285,
                            "Actual Total Time": 1808.017,
                            "Actual Rows": 15511944,
                            "Actual Loops": 2,
                            "Filter": "(person_id > 504891)",
                            "Rows Removed by Filter": 2610228
                          },
                          {
                            "Node Type": "Hash",
                            "Parent Relationship": "Inner",
                            "Parallel Aware": true,
                            "Startup Cost": 50870.31,
                            "Total Cost": 50870.31,
                            "Plan Rows": 1487231,
                            "Plan Width": 4,
                            "Actual Startup Time": 472.37,
                            "Actual Total Time": 472.372,
                            "Actual Rows": 1264156,
                            "Actual Loops": 2,
                            "Hash Buckets": 4194304,
                            "Original Hash Buckets": 4194304,
                            "Hash Batches": 1,
                            "Original Hash Batches": 1,
                            "Peak Memory Usage": 131712,
                            "Plans": [
                              {
                                "Node Type": "Seq Scan",
                                "Parent Relationship": "Outer",
                                "Parallel Aware": true,
                                "Relation Name": "title",
                                "Alias": "t",
                                "Startup Cost": 0.0,
                                "Total Cost": 50870.31,
                                "Plan Rows": 1487231,
                                "Plan Width": 4,
                                "Actual Startup Time": 0.041,
                                "Actual Total Time": 151.873,
                                "Actual Rows": 1264156,
                                "Actual Loops": 2
                              }
                            ]
                          }
                        ]
                      }
                    ]
                  }
                ]
              }
            ]
          }
        ]
      }
    ]
  },
  "Planning Time": 1.083,
  "Triggers": [],
  "Execution Time": 22073.848
}