[
  {
    "Plan": {
      "Node Type": "Aggregate",
      "Strategy": "Plain",
      "Partial Mode": "Finalize",
      "Parallel Aware": false,
      "Startup Cost": 200047.93,
      "Total Cost": 200047.94,
      "Plan Rows": 1,
      "Plan Width": 8,
      "Actual Startup Time": 121.626,
      "Actual Total Time": 134.762,
      "Actual Rows": 1,
      "Actual Loops": 1,
      "Plans": [
        {
          "Node Type": "Gather",
          "Parent Relationship": "Outer",
          "Parallel Aware": false,
          "Startup Cost": 200047.51,
          "Total Cost": 200047.92,
          "Plan Rows": 4,
          "Plan Width": 8,
          "Actual Startup Time": 120.848,
          "Actual Total Time": 134.754,
          "Actual Rows": 5,
          "Actual Loops": 1,
          "Workers Planned": 4,
          "Workers Launched": 4,
          "Single Copy": false,
          "Plans": [
            {
              "Node Type": "Aggregate",
              "Strategy": "Plain",
              "Partial Mode": "Partial",
              "Parent Relationship": "Outer",
              "Parallel Aware": false,
              "Startup Cost": 199047.51,
              "Total Cost": 199047.52,
              "Plan Rows": 1,
              "Plan Width": 8,
              "Actual Startup Time": 110.91,
              "Actual Total Time": 110.913,
              "Actual Rows": 1,
              "Actual Loops": 5,
              "Plans": [
                {
                  "Node Type": "Hash Join",
                  "Parent Relationship": "Outer",
                  "Parallel Aware": true,
                  "Join Type": "Inner",
                  "Startup Cost": 47674.49,
                  "Total Cost": 199045.16,
                  "Plan Rows": 940,
                  "Plan Width": 0,
                  "Actual Startup Time": 105.555,
                  "Actual Total Time": 110.856,
                  "Actual Rows": 911,
                  "Actual Loops": 5,
                  "Inner Unique": true,
                  "Hash Cond": "(mi.movie_id = t.id)",
                  "Plans": [
                    {
                      "Node Type": "Bitmap Heap Scan",
                      "Parent Relationship": "Outer",
                      "Parallel Aware": true,
                      "Relation Name": "movie_info",
                      "Alias": "mi",
                      "Startup Cost": 1913.73,
                      "Total Cost": 153215.19,
                      "Plan Rows": 26364,
                      "Plan Width": 4,
                      "Actual Startup Time": 6.287,
                      "Actual Total Time": 15.37,
                      "Actual Rows": 21807,
                      "Actual Loops": 5,
                      "Recheck Cond": "(info_type_id = 106)",
                      "Rows Removed by Index Recheck": 0,
                      "Exact Heap Blocks": 1293,
                      "Lossy Heap Blocks": 0,
                      "Plans": [
                        {
                          "Node Type": "Bitmap Index Scan",
                          "Parent Relationship": "Outer",
                          "Parallel Aware": false,
                          "Index Name": "info_type_id_movie_info",
                          "Startup Cost": 0.0,
                          "Total Cost": 1887.36,
                          "Plan Rows": 105457,
                          "Plan Width": 0,
                          "Actual Startup Time": 5.572,
                          "Actual Total Time": 5.573,
                          "Actual Rows": 109034,
                          "Actual Loops": 1,
                          "Index Cond": "(info_type_id = 106)"
                        }
                      ]
                    },
                    {
                      "Node Type": "Hash",
                      "Parent Relationship": "Inner",
                      "Parallel Aware": true,
                      "Startup Cost": 45479.1,
                      "Total Cost": 45479.1,
                      "Plan Rows": 22533,
                      "Plan Width": 4,
                      "Actual Startup Time": 91.579,
                      "Actual Total Time": 91.58,
                      "Actual Rows": 16198,
                      "Actual Loops": 5,
                      "Hash Buckets": 131072,
                      "Original Hash Buckets": 131072,
                      "Hash Batches": 1,
                      "Original Hash Batches": 1,
                      "Peak Memory Usage": 4288,
                      "Plans": [
                        {
                          "Node Type": "Seq Scan",
                          "Parent Relationship": "Outer",
                          "Parallel Aware": true,
                          "Relation Name": "title",
                          "Alias": "t",
                          "Startup Cost": 0.0,
                          "Total Cost": 45479.1,
                          "Plan Rows": 22533,
                          "Plan Width": 4,
                          "Actual Startup Time": 0.106,
                          "Actual Total Time": 85.456,
                          "Actual Rows": 16198,
                          "Actual Loops": 5,
                          "Filter": "((kind_id < 7) AND (production_year > 2011))",
                          "Rows Removed by Filter": 489464
                        }
                      ]
                    }
                  ]
                }
              ]
            }
          ]
        }
      ]
    },
    "Planning Time": 0.588,
    "Triggers": [],
    "Execution Time": 134.847
  }
]