{
    "Plan": {
        "Node Type": "Aggregate",
        "Strategy": "Plain",
        "Partial Mode": "Simple",
        "Parallel Aware": false,
        "Startup Cost": 40009209085.09,
        "Total Cost": 40009209085.1,
        "Plan Rows": 1,
        "Plan Width": 128,
        "Actual Startup Time": 48955.575,
        "Actual Total Time": 48955.804,
        "Actual Rows": 1,
        "Actual Loops": 1,
        "Output": [
            "min(mi.info)",
            "min(mi_idx.info)",
            "min(n.name)",
            "min(t.title)"
        ],
        "Plans": [
            {
                "Node Type": "Nested Loop",
                "Parent Relationship": "Outer",
                "Parallel Aware": false,
                "Join Type": "Inner",
                "Startup Cost": 40009106143.48,
                "Total Cost": 40009209085.08,
                "Plan Rows": 1,
                "Plan Width": 80,
                "Actual Startup Time": 48411.006,
                "Actual Total Time": 48955.786,
                "Actual Rows": 1,
                "Actual Loops": 1,
                "Output": [
                    "mi.info",
                    "mi_idx.info",
                    "n.name",
                    "t.title"
                ],
                "Inner Unique": true,
                "Plans": [
                    {
                        "Node Type": "Merge Join",
                        "Parent Relationship": "Outer",
                        "Parallel Aware": false,
                        "Join Type": "Inner",
                        "Startup Cost": 30009106143.33,
                        "Total Cost": 30009209076.9,
                        "Plan Rows": 1,
                        "Plan Width": 84,
                        "Actual Startup Time": 48410.91,
                        "Actual Total Time": 48955.687,
                        "Actual Rows": 1,
                        "Actual Loops": 1,
                        "Output": [
                            "mi.info",
                            "mi.info_type_id",
                            "mi_idx.info",
                            "n.name",
                            "t.title"
                        ],
                        "Inner Unique": true,
                        "Merge Cond": "(mi.movie_id = t.id)",
                        "Plans": [
                            {
                                "Node Type": "Nested Loop",
                                "Parent Relationship": "Outer",
                                "Parallel Aware": false,
                                "Join Type": "Inner",
                                "Startup Cost": 30009105142.84,
                                "Total Cost": 30009113527.87,
                                "Plan Rows": 1,
                                "Plan Width": 83,
                                "Actual Startup Time": 48351.62,
                                "Actual Total Time": 48488.538,
                                "Actual Rows": 939,
                                "Actual Loops": 1,
                                "Output": [
                                    "ci.movie_id",
                                    "mi.info",
                                    "mi.movie_id",
                                    "mi.info_type_id",
                                    "mi_idx.info",
                                    "mi_idx.movie_id",
                                    "mk.movie_id",
                                    "n.name"
                                ],
                                "Inner Unique": true,
                                "Plans": [
                                    {
                                        "Node Type": "Merge Join",
                                        "Parent Relationship": "Outer",
                                        "Parallel Aware": false,
                                        "Join Type": "Inner",
                                        "Startup Cost": 20009105142.69,
                                        "Total Cost": 20009112990.54,
                                        "Plan Rows": 129,
                                        "Plan Width": 87,
                                        "Actual Startup Time": 48351.56,
                                        "Actual Total Time": 48468.337,
                                        "Actual Rows": 2827,
                                        "Actual Loops": 1,
                                        "Output": [
                                            "ci.movie_id",
                                            "mi.info",
                                            "mi.movie_id",
                                            "mi.info_type_id",
                                            "mi_idx.info",
                                            "mi_idx.movie_id",
                                            "mi_idx.info_type_id",
                                            "mk.movie_id",
                                            "n.name"
                                        ],
                                        "Inner Unique": false,
                                        "Merge Cond": "(mi.movie_id = mi_idx.movie_id)",
                                        "Plans": [
                                            {
                                                "Node Type": "Merge Join",
                                                "Parent Relationship": "Outer",
                                                "Parallel Aware": false,
                                                "Join Type": "Inner",
                                                "Startup Cost": 20008942668.79,
                                                "Total Cost": 20008943615.78,
                                                "Plan Rows": 45,
                                                "Plan Width": 74,
                                                "Actual Startup Time": 47883.239,
                                                "Actual Total Time": 47893.893,
                                                "Actual Rows": 997,
                                                "Actual Loops": 1,
                                                "Output": [
                                                    "ci.movie_id",
                                                    "mi.info",
                                                    "mi.movie_id",
                                                    "mi.info_type_id",
                                                    "mk.movie_id",
                                                    "n.name"
                                                ],
                                                "Inner Unique": false,
                                                "Merge Cond": "(ci.movie_id = mi.movie_id)",
                                                "Plans": [
                                                    {
                                                        "Node Type": "Sort",
                                                        "Parent Relationship": "Outer",
                                                        "Parallel Aware": false,
                                                        "Startup Cost": 20007999499.33,
                                                        "Total Cost": 20007999499.55,
                                                        "Plan Rows": 90,
                                                        "Plan Width": 23,
                                                        "Actual Startup Time": 45075.382,
                                                        "Actual Total Time": 45076.178,
                                                        "Actual Rows": 5285,
                                                        "Actual Loops": 1,
                                                        "Output": [
                                                            "ci.movie_id",
                                                            "mk.movie_id",
                                                            "n.name"
                                                        ],
                                                        "Sort Key": [
                                                            "ci.movie_id"
                                                        ],
                                                        "Sort Method": "quicksort",
                                                        "Sort Space Used": 1558,
                                                        "Sort Space Type": "Memory",
                                                        "Plans": [
                                                            {
                                                                "Node Type": "Hash Join",
                                                                "Parent Relationship": "Outer",
                                                                "Parallel Aware": false,
                                                                "Join Type": "Inner",
                                                                "Startup Cost": 20007996108.65,
                                                                "Total Cost": 20007999496.41,
                                                                "Plan Rows": 90,
                                                                "Plan Width": 23,
                                                                "Actual Startup Time": 45049.365,
                                                                "Actual Total Time": 45071.561,
                                                                "Actual Rows": 15033,
                                                                "Actual Loops": 1,
                                                                "Output": [
                                                                    "ci.movie_id",
                                                                    "mk.movie_id",
                                                                    "n.name"
                                                                ],
                                                                "Inner Unique": false,
                                                                "Hash Cond": "(k.id = mk.keyword_id)",
                                                                "Plans": [
                                                                    {
                                                                        "Node Type": "Seq Scan",
                                                                        "Parent Relationship": "Outer",
                                                                        "Parallel Aware": false,
                                                                        "Relation Name": "keyword",
                                                                        "Schema": "public",
                                                                        "Alias": "k",
                                                                        "Startup Cost": 10000000000.0,
                                                                        "Total Cost": 10000003129.26,
                                                                        "Plan Rows": 5,
                                                                        "Plan Width": 4,
                                                                        "Actual Startup Time": 0.175,
                                                                        "Actual Total Time": 17.098,
                                                                        "Actual Rows": 5,
                                                                        "Actual Loops": 1,
                                                                        "Output": [
                                                                            "k.id",
                                                                            "k.keyword",
                                                                            "k.phonetic_code"
                                                                        ],
                                                                        "Filter": "(k.keyword = ANY ('{murder,sequel,based-on-comic,fight,love}'::text[]))",
                                                                        "Rows Removed by Filter": 134165
                                                                    },
                                                                    {
                                                                        "Node Type": "Hash",
                                                                        "Parent Relationship": "Inner",
                                                                        "Parallel Aware": false,
                                                                        "Startup Cost": 10007965863.66,
                                                                        "Total Cost": 10007965863.66,
                                                                        "Plan Rows": 2419599,
                                                                        "Plan Width": 27,
                                                                        "Actual Startup Time": 45024.484,
                                                                        "Actual Total Time": 45024.491,
                                                                        "Actual Rows": 1436455,
                                                                        "Actual Loops": 1,
                                                                        "Output": [
                                                                            "ci.movie_id",
                                                                            "mk.movie_id",
                                                                            "mk.keyword_id",
                                                                            "n.name"
                                                                        ],
                                                                        "Hash Buckets": 4194304,
                                                                        "Original Hash Buckets": 4194304,
                                                                        "Hash Batches": 1,
                                                                        "Original Hash Batches": 1,
                                                                        "Peak Memory Usage": 115704,
                                                                        "Plans": [
                                                                            {
                                                                                "Node Type": "Hash Join",
                                                                                "Parent Relationship": "Outer",
                                                                                "Parallel Aware": false,
                                                                                "Join Type": "Inner",
                                                                                "Startup Cost": 10007770185.95,
                                                                                "Total Cost": 10007965863.66,
                                                                                "Plan Rows": 2419599,
                                                                                "Plan Width": 27,
                                                                                "Actual Startup Time": 43860.169,
                                                                                "Actual Total Time": 44721.674,
                                                                                "Actual Rows": 1436455,
                                                                                "Actual Loops": 1,
                                                                                "Output": [
                                                                                    "ci.movie_id",
                                                                                    "mk.movie_id",
                                                                                    "mk.keyword_id",
                                                                                    "n.name"
                                                                                ],
                                                                                "Inner Unique": false,
                                                                                "Hash Cond": "(mk.movie_id = ci.movie_id)",
                                                                                "Plans": [
                                                                                    {
                                                                                        "Node Type": "Seq Scan",
                                                                                        "Parent Relationship": "Outer",
                                                                                        "Parallel Aware": false,
                                                                                        "Relation Name": "movie_keyword",
                                                                                        "Schema": "public",
                                                                                        "Alias": "mk",
                                                                                        "Startup Cost": 0.0,
                                                                                        "Total Cost": 69693.3,
                                                                                        "Plan Rows": 4523930,
                                                                                        "Plan Width": 8,
                                                                                        "Actual Startup Time": 0.019,
                                                                                        "Actual Total Time": 330.475,
                                                                                        "Actual Rows": 4523930,
                                                                                        "Actual Loops": 1,
                                                                                        "Output": [
                                                                                            "mk.id",
                                                                                            "mk.movie_id",
                                                                                            "mk.keyword_id"
                                                                                        ]
                                                                                    },
                                                                                    {
                                                                                        "Node Type": "Hash",
                                                                                        "Parent Relationship": "Inner",
                                                                                        "Parallel Aware": false,
                                                                                        "Startup Cost": 10007763877.0,
                                                                                        "Total Cost": 10007763877.0,
                                                                                        "Plan Rows": 504716,
                                                                                        "Plan Width": 19,
                                                                                        "Actual Startup Time": 43857.309,
                                                                                        "Actual Total Time": 43857.312,
                                                                                        "Actual Rows": 558518,
                                                                                        "Actual Loops": 1,
                                                                                        "Output": [
                                                                                            "ci.movie_id",
                                                                                            "n.name"
                                                                                        ],
                                                                                        "Hash Buckets": 1048576,
                                                                                        "Original Hash Buckets": 524288,
                                                                                        "Hash Batches": 1,
                                                                                        "Original Hash Batches": 1,
                                                                                        "Peak Memory Usage": 36024,
                                                                                        "Plans": [
                                                                                            {
                                                                                                "Node Type": "Nested Loop",
                                                                                                "Parent Relationship": "Outer",
                                                                                                "Parallel Aware": false,
                                                                                                "Join Type": "Inner",
                                                                                                "Startup Cost": 10000000001.05,
                                                                                                "Total Cost": 10007763877.0,
                                                                                                "Plan Rows": 504716,
                                                                                                "Plan Width": 19,
                                                                                                "Actual Startup Time": 1.36,
                                                                                                "Actual Total Time": 43533.916,
                                                                                                "Actual Rows": 558518,
                                                                                                "Actual Loops": 1,
                                                                                                "Output": [
                                                                                                    "ci.movie_id",
                                                                                                    "n.name"
                                                                                                ],
                                                                                                "Inner Unique": true,
                                                                                                "Plans": [
                                                                                                    {
                                                                                                        "Node Type": "Index Scan",
                                                                                                        "Parent Relationship": "Outer",
                                                                                                        "Parallel Aware": false,
                                                                                                        "Scan Direction": "Forward",
                                                                                                        "Index Name": "movie_id_cast_info",
                                                                                                        "Relation Name": "cast_info",
                                                                                                        "Schema": "public",
                                                                                                        "Alias": "ci",
                                                                                                        "Startup Cost": 0.56,
                                                                                                        "Total Cost": 2301489.54,
                                                                                                        "Plan Rows": 1213260,
                                                                                                        "Plan Width": 8,
                                                                                                        "Actual Startup Time": 1.207,
                                                                                                        "Actual Total Time": 35754.606,
                                                                                                        "Actual Rows": 1244716,
                                                                                                        "Actual Loops": 1,
                                                                                                        "Output": [
                                                                                                            "ci.id",
                                                                                                            "ci.person_id",
                                                                                                            "ci.movie_id",
                                                                                                            "ci.person_role_id",
                                                                                                            "ci.note",
                                                                                                            "ci.nr_order",
                                                                                                            "ci.role_id"
                                                                                                        ],
                                                                                                        "Filter": "(ci.note = ANY ('{(writer),\"(head writer)\",\"(written by)\",(story),\"(story editor)\"}'::text[]))",
                                                                                                        "Rows Removed by Filter": 34999628
                                                                                                    },
                                                                                                    {
                                                                                                        "Node Type": "Bitmap Heap Scan",
                                                                                                        "Parent Relationship": "Inner",
                                                                                                        "Parallel Aware": false,
                                                                                                        "Relation Name": "name",
                                                                                                        "Schema": "public",
                                                                                                        "Alias": "n",
                                                                                                        "Startup Cost": 0.49,
                                                                                                        "Total Cost": 4.5,
                                                                                                        "Plan Rows": 1,
                                                                                                        "Plan Width": 19,
                                                                                                        "Actual Startup Time": 0.004,
                                                                                                        "Actual Total Time": 0.004,
                                                                                                        "Actual Rows": 0,
                                                                                                        "Actual Loops": 1244716,
                                                                                                        "Output": [
                                                                                                            "n.id",
                                                                                                            "n.name",
                                                                                                            "n.imdb_index",
                                                                                                            "n.imdb_id",
                                                                                                            "n.gender",
                                                                                                            "n.name_pcode_cf",
                                                                                                            "n.name_pcode_nf",
                                                                                                            "n.surname_pcode",
                                                                                                            "n.md5sum"
                                                                                                        ],
                                                                                                        "Recheck Cond": "(n.id = ci.person_id)",
                                                                                                        "Rows Removed by Index Recheck": 0,
                                                                                                        "Filter": "((n.gender)::text = 'm'::text)",
                                                                                                        "Rows Removed by Filter": 1,
                                                                                                        "Exact Heap Blocks": 1244716,
                                                                                                        "Lossy Heap Blocks": 0,
                                                                                                        "Plans": [
                                                                                                            {
                                                                                                                "Node Type": "Bitmap Index Scan",
                                                                                                                "Parent Relationship": "Outer",
                                                                                                                "Parallel Aware": false,
                                                                                                                "Index Name": "name_pkey",
                                                                                                                "Startup Cost": 0.0,
                                                                                                                "Total Cost": 0.49,
                                                                                                                "Plan Rows": 1,
                                                                                                                "Plan Width": 0,
                                                                                                                "Actual Startup Time": 0.003,
                                                                                                                "Actual Total Time": 0.003,
                                                                                                                "Actual Rows": 1,
                                                                                                                "Actual Loops": 1244716,
                                                                                                                "Index Cond": "(n.id = ci.person_id)"
                                                                                                            }
                                                                                                        ]
                                                                                                    }
                                                                                                ]
                                                                                            }
                                                                                        ]
                                                                                    }
                                                                                ]
                                                                            }
                                                                        ]
                                                                    }
                                                                ]
                                                            }
                                                        ]
                                                    },
                                                    {
                                                        "Node Type": "Sort",
                                                        "Parent Relationship": "Inner",
                                                        "Parallel Aware": false,
                                                        "Startup Cost": 943169.43,
                                                        "Total Cost": 943642.82,
                                                        "Plan Rows": 189357,
                                                        "Plan Width": 51,
                                                        "Actual Startup Time": 2807.821,
                                                        "Actual Total Time": 2811.528,
                                                        "Actual Rows": 54603,
                                                        "Actual Loops": 1,
                                                        "Output": [
                                                            "mi.info",
                                                            "mi.movie_id",
                                                            "mi.info_type_id"
                                                        ],
                                                        "Sort Key": [
                                                            "mi.movie_id"
                                                        ],
                                                        "Sort Method": "quicksort",
                                                        "Sort Space Used": 14825,
                                                        "Sort Space Type": "Memory",
                                                        "Plans": [
                                                            {
                                                                "Node Type": "Gather Merge",
                                                                "Parent Relationship": "Outer",
                                                                "Parallel Aware": false,
                                                                "Startup Cost": 1000.51,
                                                                "Total Cost": 926571.58,
                                                                "Plan Rows": 189357,
                                                                "Plan Width": 51,
                                                                "Actual Startup Time": 136.335,
                                                                "Actual Total Time": 2740.612,
                                                                "Actual Rows": 185175,
                                                                "Actual Loops": 1,
                                                                "Output": [
                                                                    "mi.info",
                                                                    "mi.movie_id",
                                                                    "mi.info_type_id"
                                                                ],
                                                                "Workers Planned": 5,
                                                                "Workers Launched": 5,
                                                                "Plans": [
                                                                    {
                                                                        "Node Type": "Index Scan",
                                                                        "Parent Relationship": "Outer",
                                                                        "Parallel Aware": true,
                                                                        "Scan Direction": "Forward",
                                                                        "Index Name": "info_type_id_movie_info",
                                                                        "Relation Name": "movie_info",
                                                                        "Schema": "public",
                                                                        "Alias": "mi",
                                                                        "Startup Cost": 0.43,
                                                                        "Total Cost": 902768.22,
                                                                        "Plan Rows": 37871,
                                                                        "Plan Width": 51,
                                                                        "Actual Startup Time": 121.991,
                                                                        "Actual Total Time": 640.58,
                                                                        "Actual Rows": 30862,
                                                                        "Actual Loops": 6,
                                                                        "Output": [
                                                                            "mi.info",
                                                                            "mi.movie_id",
                                                                            "mi.info_type_id"
                                                                        ],
                                                                        "Filter": "(mi.info = 'Comedy'::text)",
                                                                        "Rows Removed by Filter": 2441758,
                                                                        "Workers": [
                                                                            {
                                                                                "Worker Number": 0,
                                                                                "Actual Startup Time": 118.361,
                                                                                "Actual Total Time": 1746.353,
                                                                                "Actual Rows": 2555,
                                                                                "Actual Loops": 1
                                                                            },
                                                                            {
                                                                                "Worker Number": 1,
                                                                                "Actual Startup Time": 118.773,
                                                                                "Actual Total Time": 289.84,
                                                                                "Actual Rows": 1376,
                                                                                "Actual Loops": 1
                                                                            },
                                                                            {
                                                                                "Worker Number": 2,
                                                                                "Actual Startup Time": 120.359,
                                                                                "Actual Total Time": 293.238,
                                                                                "Actual Rows": 1510,
                                                                                "Actual Loops": 1
                                                                            },
                                                                            {
                                                                                "Worker Number": 3,
                                                                                "Actual Startup Time": 119.317,
                                                                                "Actual Total Time": 291.352,
                                                                                "Actual Rows": 1447,
                                                                                "Actual Loops": 1
                                                                            },
                                                                            {
                                                                                "Worker Number": 4,
                                                                                "Actual Startup Time": 119.927,
                                                                                "Actual Total Time": 123.193,
                                                                                "Actual Rows": 1406,
                                                                                "Actual Loops": 1
                                                                            }
                                                                        ]
                                                                    }
                                                                ]
                                                            }
                                                        ]
                                                    }
                                                ]
                                            },
                                            {
                                                "Node Type": "Sort",
                                                "Parent Relationship": "Inner",
                                                "Parallel Aware": false,
                                                "Startup Cost": 162473.21,
                                                "Total Cost": 165923.29,
                                                "Plan Rows": 1380035,
                                                "Plan Width": 13,
                                                "Actual Startup Time": 468.196,
                                                "Actual Total Time": 511.16,
                                                "Actual Rows": 710263,
                                                "Actual Loops": 1,
                                                "Output": [
                                                    "mi_idx.info",
                                                    "mi_idx.movie_id",
                                                    "mi_idx.info_type_id"
                                                ],
                                                "Sort Key": [
                                                    "mi_idx.movie_id"
                                                ],
                                                "Sort Method": "quicksort",
                                                "Sort Space Used": 128214,
                                                "Sort Space Type": "Memory",
                                                "Plans": [
                                                    {
                                                        "Node Type": "Seq Scan",
                                                        "Parent Relationship": "Outer",
                                                        "Parallel Aware": false,
                                                        "Relation Name": "movie_info_idx",
                                                        "Schema": "public",
                                                        "Alias": "mi_idx",
                                                        "Startup Cost": 0.0,
                                                        "Total Cost": 21735.35,
                                                        "Plan Rows": 1380035,
                                                        "Plan Width": 13,
                                                        "Actual Startup Time": 0.027,
                                                        "Actual Total Time": 195.495,
                                                        "Actual Rows": 1380035,
                                                        "Actual Loops": 1,
                                                        "Output": [
                                                            "mi_idx.info",
                                                            "mi_idx.movie_id",
                                                            "mi_idx.info_type_id"
                                                        ]
                                                    }
                                                ]
                                            }
                                        ]
                                    },
                                    {
                                        "Node Type": "Bitmap Heap Scan",
                                        "Parent Relationship": "Inner",
                                        "Parallel Aware": false,
                                        "Relation Name": "info_type",
                                        "Schema": "public",
                                        "Alias": "it2",
                                        "Startup Cost": 0.15,
                                        "Total Cost": 4.17,
                                        "Plan Rows": 1,
                                        "Plan Width": 4,
                                        "Actual Startup Time": 0.004,
                                        "Actual Total Time": 0.004,
                                        "Actual Rows": 0,
                                        "Actual Loops": 2827,
                                        "Output": [
                                            "it2.id",
                                            "it2.info"
                                        ],
                                        "Recheck Cond": "(it2.id = mi_idx.info_type_id)",
                                        "Rows Removed by Index Recheck": 0,
                                        "Filter": "((it2.info)::text = 'votes'::text)",
                                        "Rows Removed by Filter": 1,
                                        "Exact Heap Blocks": 2827,
                                        "Lossy Heap Blocks": 0,
                                        "Plans": [
                                            {
                                                "Node Type": "Bitmap Index Scan",
                                                "Parent Relationship": "Outer",
                                                "Parallel Aware": false,
                                                "Index Name": "info_type_pkey",
                                                "Startup Cost": 0.0,
                                                "Total Cost": 0.15,
                                                "Plan Rows": 1,
                                                "Plan Width": 0,
                                                "Actual Startup Time": 0.002,
                                                "Actual Total Time": 0.002,
                                                "Actual Rows": 1,
                                                "Actual Loops": 2827,
                                                "Index Cond": "(it2.id = mi_idx.info_type_id)"
                                            }
                                        ]
                                    }
                                ]
                            },
                            {
                                "Node Type": "Gather Merge",
                                "Parent Relationship": "Inner",
                                "Parallel Aware": false,
                                "Startup Cost": 1000.49,
                                "Total Cost": 95548.84,
                                "Plan Rows": 73,
                                "Plan Width": 21,
                                "Actual Startup Time": 59.276,
                                "Actual Total Time": 466.925,
                                "Actual Rows": 232,
                                "Actual Loops": 1,
                                "Output": [
                                    "t.title",
                                    "t.id"
                                ],
                                "Workers Planned": 4,
                                "Workers Launched": 4,
                                "Plans": [
                                    {
                                        "Node Type": "Index Scan",
                                        "Parent Relationship": "Outer",
                                        "Parallel Aware": true,
                                        "Scan Direction": "Forward",
                                        "Index Name": "title_pkey",
                                        "Relation Name": "title",
                                        "Schema": "public",
                                        "Alias": "t",
                                        "Startup Cost": 0.43,
                                        "Total Cost": 94540.09,
                                        "Plan Rows": 18,
                                        "Plan Width": 21,
                                        "Actual Startup Time": 21.177,
                                        "Actual Total Time": 452.53,
                                        "Actual Rows": 46,
                                        "Actual Loops": 5,
                                        "Output": [
                                            "t.title",
                                            "t.id"
                                        ],
                                        "Filter": "((t.title ~~ 'Deep%'::text) AND (t.production_year > 2007))",
                                        "Rows Removed by Filter": 505616,
                                        "Workers": [
                                            {
                                                "Worker Number": 0,
                                                "Actual Startup Time": 43.098,
                                                "Actual Total Time": 530.726,
                                                "Actual Rows": 72,
                                                "Actual Loops": 1
                                            },
                                            {
                                                "Worker Number": 1,
                                                "Actual Startup Time": 32.496,
                                                "Actual Total Time": 530.363,
                                                "Actual Rows": 30,
                                                "Actual Loops": 1
                                            },
                                            {
                                                "Worker Number": 2,
                                                "Actual Startup Time": 15.894,
                                                "Actual Total Time": 531.151,
                                                "Actual Rows": 29,
                                                "Actual Loops": 1
                                            },
                                            {
                                                "Worker Number": 3,
                                                "Actual Startup Time": 10.84,
                                                "Actual Total Time": 531.926,
                                                "Actual Rows": 95,
                                                "Actual Loops": 1
                                            }
                                        ]
                                    }
                                ]
                            }
                        ]
                    },
                    {
                        "Node Type": "Bitmap Heap Scan",
                        "Parent Relationship": "Inner",
                        "Parallel Aware": false,
                        "Relation Name": "info_type",
                        "Schema": "public",
                        "Alias": "it1",
                        "Startup Cost": 0.15,
                        "Total Cost": 4.17,
                        "Plan Rows": 1,
                        "Plan Width": 4,
                        "Actual Startup Time": 0.044,
                        "Actual Total Time": 0.045,
                        "Actual Rows": 1,
                        "Actual Loops": 1,
                        "Output": [
                            "it1.id",
                            "it1.info"
                        ],
                        "Recheck Cond": "(it1.id = mi.info_type_id)",
                        "Rows Removed by Index Recheck": 0,
                        "Filter": "((it1.info)::text = 'genres'::text)",
                        "Rows Removed by Filter": 0,
                        "Exact Heap Blocks": 1,
                        "Lossy Heap Blocks": 0,
                        "Plans": [
                            {
                                "Node Type": "Bitmap Index Scan",
                                "Parent Relationship": "Outer",
                                "Parallel Aware": false,
                                "Index Name": "info_type_pkey",
                                "Startup Cost": 0.0,
                                "Total Cost": 0.15,
                                "Plan Rows": 1,
                                "Plan Width": 0,
                                "Actual Startup Time": 0.022,
                                "Actual Total Time": 0.022,
                                "Actual Rows": 1,
                                "Actual Loops": 1,
                                "Index Cond": "(it1.id = mi.info_type_id)"
                            }
                        ]
                    }
                ]
            }
        ]
    },
    "Planning Time": 13.149,
    "Triggers": [],
    "Execution Time": 48957.511
}