[
  {
    "Plan": {
      "Node Type": "Aggregate",
      "Strategy": "Plain",
      "Partial Mode": "Finalize",
      "Parallel Aware": false,
      "Startup Cost": 338148.05,
      "Total Cost": 338148.06,
      "Plan Rows": 1,
      "Plan Width": 8,
      "Actual Startup Time": 819.036,
      "Actual Total Time": 867.126,
      "Actual Rows": 1,
      "Actual Loops": 1,
      "Plans": [
        {
          "Node Type": "Gather",
          "Parent Relationship": "Outer",
          "Parallel Aware": false,
          "Startup Cost": 338147.43,
          "Total Cost": 338148.04,
          "Plan Rows": 6,
          "Plan Width": 8,
          "Actual Startup Time": 818.724,
          "Actual Total Time": 867.116,
          "Actual Rows": 7,
          "Actual Loops": 1,
          "Workers Planned": 6,
          "Workers Launched": 6,
          "Single Copy": false,
          "Plans": [
            {
              "Node Type": "Aggregate",
              "Strategy": "Plain",
              "Partial Mode": "Partial",
              "Parent Relationship": "Outer",
              "Parallel Aware": false,
              "Startup Cost": 337147.43,
              "Total Cost": 337147.44,
              "Plan Rows": 1,
              "Plan Width": 8,
              "Actual Startup Time": 808.459,
              "Actual Total Time": 808.461,
              "Actual Rows": 1,
              "Actual Loops": 7,
              "Plans": [
                {
                  "Node Type": "Seq Scan",
                  "Parent Relationship": "Outer",
                  "Parallel Aware": true,
                  "Relation Name": "cast_info",
                  "Alias": "ci",
                  "Startup Cost": 0.0,
                  "Total Cost": 328211.39,
                  "Plan Rows": 3574414,
                  "Plan Width": 0,
                  "Actual Startup Time": 181.229,
                  "Actual Total Time": 653.288,
                  "Actual Rows": 3044951,
                  "Actual Loops": 7,
                  "Filter": "(person_id > 1473822)",
                  "Rows Removed by Filter": 2132812
                }
              ]
            }
          ]
        }
      ]
    },
    "Planning Time": 0.066,
    "Triggers": [],
    "Execution Time": 867.164
  }
]