{
  "Plan": {
    "Node Type": "Aggregate",
    "Strategy": "Plain",
    "Partial Mode": "Finalize",
    "Parallel Aware": false,
    "Startup Cost": 106642.64,
    "Total Cost": 106642.65,
    "Plan Rows": 1,
    "Plan Width": 8,
    "Actual Startup Time": 668.474,
    "Actual Total Time": 686.369,
    "Actual Rows": 1,
    "Actual Loops": 1,
    "Plans": [
      {
        "Node Type": "Gather",
        "Parent Relationship": "Outer",
        "Parallel Aware": false,
        "Startup Cost": 106642.52,
        "Total Cost": 106642.63,
        "Plan Rows": 1,
        "Plan Width": 8,
        "Actual Startup Time": 662.997,
        "Actual Total Time": 686.361,
        "Actual Rows": 2,
        "Actual Loops": 1,
        "Workers Planned": 1,
        "Workers Launched": 1,
        "Single Copy": false,
        "Plans": [
          {
            "Node Type": "Aggregate",
            "Strategy": "Plain",
            "Partial Mode": "Partial",
            "Parent Relationship": "Outer",
            "Parallel Aware": false,
            "Startup Cost": 105642.52,
            "Total Cost": 105642.53,
            "Plan Rows": 1,
            "Plan Width": 8,
            "Actual Startup Time": 651.563,
            "Actual Total Time": 651.566,
            "Actual Rows": 1,
            "Actual Loops": 2,
            "Plans": [
              {
                "Node Type": "Hash Join",
                "Parent Relationship": "Outer",
                "Parallel Aware": true,
                "Join Type": "Inner",
                "Startup Cost": 77338.84,
                "Total Cost": 105096.47,
                "Plan Rows": 218422,
                "Plan Width": 0,
                "Actual Startup Time": 540.402,
                "Actual Total Time": 643.605,
                "Actual Rows": 179170,
                "Actual Loops": 2,
                "Inner Unique": true,
                "Hash Cond": "(mk.movie_id = t.id)",
                "Plans": [
                  {
                    "Node Type": "Bitmap Heap Scan",
                    "Parent Relationship": "Outer",
                    "Parallel Aware": true,
                    "Relation Name": "movie_keyword",
                    "Alias": "mk",
                    "Startup Cost": 7878.14,
                    "Total Cost": 35062.41,
                    "Plan Rows": 218422,
                    "Plan Width": 4,
                    "Actual Startup Time": 22.853,
                    "Actual Total Time": 76.778,
                    "Actual Rows": 179170,
                    "Actual Loops": 2,
                    "Recheck Cond": "(keyword_id > 46671)",
                    "Rows Removed by Index Recheck": 0,
                    "Exact Heap Blocks": 12862,
                    "Lossy Heap Blocks": 0,
                    "Plans": [
                      {
                        "Node Type": "Bitmap Index Scan",
                        "Parent Relationship": "Outer",
                        "Parallel Aware": false,
                        "Index Name": "keyword_id_movie_keyword",
                        "Startup Cost": 0.0,
                        "Total Cost": 7785.31,
                        "Plan Rows": 371317,
                        "Plan Width": 0,
                        "Actual Startup Time": 19.617,
                        "Actual Total Time": 19.618,
                        "Actual Rows": 358340,
                        "Actual Loops": 1,
                        "Index Cond": "(keyword_id > 46671)"
                      }
                    ]
                  },
                  {
                    "Node Type": "Hash",
                    "Parent Relationship": "Inner",
                    "Parallel Aware": true,
                    "Startup Cost": 50870.31,
                    "Total Cost": 50870.31,
                    "Plan Rows": 1487231,
                    "Plan Width": 4,
                    "Actual Startup Time": 496.104,
                    "Actual Total Time": 496.104,
                    "Actual Rows": 1264156,
                    "Actual Loops": 2,
                    "Hash Buckets": 4194304,
                    "Original Hash Buckets": 4194304,
                    "Hash Batches": 1,
                    "Original Hash Batches": 1,
                    "Peak Memory Usage": 131680,
                    "Plans": [
                      {
                        "Node Type": "Seq Scan",
                        "Parent Relationship": "Outer",
                        "Parallel Aware": true,
                        "Relation Name": "title",
                        "Alias": "t",
                        "Startup Cost": 0.0,
                        "Total Cost": 50870.31,
                        "Plan Rows": 1487231,
                        "Plan Width": 4,
                        "Actual Startup Time": 0.025,
                        "Actual Total Time": 145.971,
                        "Actual Rows": 1264156,
                        "Actual Loops": 2
                      }
                    ]
                  }
                ]
              }
            ]
          }
        ]
      }
    ]
  },
  "Planning Time": 0.686,
  "Triggers": [],
  "Execution Time": 686.455
}