[
  {
    "Plan": {
      "Node Type": "Aggregate",
      "Strategy": "Plain",
      "Partial Mode": "Finalize",
      "Parallel Aware": false,
      "Startup Cost": 159425.93,
      "Total Cost": 159425.94,
      "Plan Rows": 1,
      "Plan Width": 8,
      "Actual Startup Time": 159.278,
      "Actual Total Time": 187.136,
      "Actual Rows": 1,
      "Actual Loops": 1,
      "Plans": [
        {
          "Node Type": "Gather",
          "Parent Relationship": "Outer",
          "Parallel Aware": false,
          "Startup Cost": 159425.51,
          "Total Cost": 159425.92,
          "Plan Rows": 4,
          "Plan Width": 8,
          "Actual Startup Time": 159.163,
          "Actual Total Time": 187.127,
          "Actual Rows": 5,
          "Actual Loops": 1,
          "Workers Planned": 4,
          "Workers Launched": 4,
          "Single Copy": false,
          "Plans": [
            {
              "Node Type": "Aggregate",
              "Strategy": "Plain",
              "Partial Mode": "Partial",
              "Parent Relationship": "Outer",
              "Parallel Aware": false,
              "Startup Cost": 158425.51,
              "Total Cost": 158425.52,
              "Plan Rows": 1,
              "Plan Width": 8,
              "Actual Startup Time": 149.677,
              "Actual Total Time": 149.678,
              "Actual Rows": 1,
              "Actual Loops": 5,
              "Plans": [
                {
                  "Node Type": "Nested Loop",
                  "Parent Relationship": "Outer",
                  "Parallel Aware": false,
                  "Join Type": "Inner",
                  "Startup Cost": 0.56,
                  "Total Cost": 158424.61,
                  "Plan Rows": 360,
                  "Plan Width": 0,
                  "Actual Startup Time": 58.687,
                  "Actual Total Time": 149.62,
                  "Actual Rows": 358,
                  "Actual Loops": 5,
                  "Inner Unique": false,
                  "Plans": [
                    {
                      "Node Type": "Seq Scan",
                      "Parent Relationship": "Outer",
                      "Parallel Aware": true,
                      "Relation Name": "title",
                      "Alias": "t",
                      "Startup Cost": 0.0,
                      "Total Cost": 45479.1,
                      "Plan Rows": 928,
                      "Plan Width": 4,
                      "Actual Startup Time": 55.346,
                      "Actual Total Time": 81.341,
                      "Actual Rows": 876,
                      "Actual Loops": 5,
                      "Filter": "((kind_id = 1) AND (production_year = 1979))",
                      "Rows Removed by Filter": 504786
                    },
                    {
                      "Node Type": "Index Scan",
                      "Parent Relationship": "Inner",
                      "Parallel Aware": false,
                      "Scan Direction": "Forward",
                      "Index Name": "movie_id_cast_info",
                      "Relation Name": "cast_info",
                      "Alias": "ci",
                      "Startup Cost": 0.56,
                      "Total Cost": 121.7,
                      "Plan Rows": 1,
                      "Plan Width": 4,
                      "Actual Startup Time": 0.076,
                      "Actual Total Time": 0.077,
                      "Actual Rows": 0,
                      "Actual Loops": 4382,
                      "Index Cond": "(movie_id = t.id)",
                      "Rows Removed by Index Recheck": 0,
                      "Filter": "((person_id > 3774057) AND (role_id > 1))",
                      "Rows Removed by Filter": 17
                    }
                  ]
                }
              ]
            }
          ]
        }
      ]
    },
    "Planning Time": 0.522,
    "Triggers": [],
    "Execution Time": 187.189
  }
]