[
  {
    "Plan": {
      "Node Type": "Aggregate",
      "Strategy": "Plain",
      "Partial Mode": "Finalize",
      "Parallel Aware": false,
      "Startup Cost": 31045.9,
      "Total Cost": 31045.91,
      "Plan Rows": 1,
      "Plan Width": 8,
      "Actual Startup Time": 95.931,
      "Actual Total Time": 101.515,
      "Actual Rows": 1,
      "Actual Loops": 1,
      "Plans": [
        {
          "Node Type": "Gather",
          "Parent Relationship": "Outer",
          "Parallel Aware": false,
          "Startup Cost": 31045.58,
          "Total Cost": 31045.89,
          "Plan Rows": 3,
          "Plan Width": 8,
          "Actual Startup Time": 95.808,
          "Actual Total Time": 101.507,
          "Actual Rows": 4,
          "Actual Loops": 1,
          "Workers Planned": 3,
          "Workers Launched": 3,
          "Single Copy": false,
          "Plans": [
            {
              "Node Type": "Aggregate",
              "Strategy": "Plain",
              "Partial Mode": "Partial",
              "Parent Relationship": "Outer",
              "Parallel Aware": false,
              "Startup Cost": 30045.58,
              "Total Cost": 30045.59,
              "Plan Rows": 1,
              "Plan Width": 8,
              "Actual Startup Time": 87.524,
              "Actual Total Time": 87.525,
              "Actual Rows": 1,
              "Actual Loops": 4,
              "Plans": [
                {
                  "Node Type": "Seq Scan",
                  "Parent Relationship": "Outer",
                  "Parallel Aware": true,
                  "Relation Name": "movie_companies",
                  "Alias": "mc",
                  "Startup Cost": 0.0,
                  "Total Cost": 29310.68,
                  "Plan Rows": 293960,
                  "Plan Width": 0,
                  "Actual Startup Time": 0.041,
                  "Actual Total Time": 73.066,
                  "Actual Rows": 227333,
                  "Actual Loops": 4,
                  "Filter": "(company_id < 3016)",
                  "Rows Removed by Filter": 424950
                }
              ]
            }
          ]
        }
      ]
    },
    "Planning Time": 0.168,
    "Triggers": [],
    "Execution Time": 101.566
  }
]