{
    "Plan": {
        "Node Type": "Aggregate",
        "Strategy": "Plain",
        "Partial Mode": "Finalize",
        "Parallel Aware": false,
        "Startup Cost": 290229.71,
        "Total Cost": 290229.72,
        "Plan Rows": 1,
        "Plan Width": 8,
        "Actual Startup Time": 1810.38,
        "Actual Total Time": 1857.976,
        "Actual Rows": 1,
        "Actual Loops": 1,
        "Output": [
            "count(*)"
        ],
        "Plans": [
            {
                "Node Type": "Gather",
                "Parent Relationship": "Outer",
                "Parallel Aware": false,
                "Startup Cost": 290229.19,
                "Total Cost": 290229.7,
                "Plan Rows": 5,
                "Plan Width": 8,
                "Actual Startup Time": 1795.937,
                "Actual Total Time": 1857.962,
                "Actual Rows": 6,
                "Actual Loops": 1,
                "Output": [
                    "(PARTIAL count(*))"
                ],
                "Workers Planned": 5,
                "Workers Launched": 5,
                "Single Copy": false,
                "Plans": [
                    {
                        "Node Type": "Aggregate",
                        "Strategy": "Plain",
                        "Partial Mode": "Partial",
                        "Parent Relationship": "Outer",
                        "Parallel Aware": false,
                        "Startup Cost": 289229.19,
                        "Total Cost": 289229.2,
                        "Plan Rows": 1,
                        "Plan Width": 8,
                        "Actual Startup Time": 1767.389,
                        "Actual Total Time": 1767.815,
                        "Actual Rows": 1,
                        "Actual Loops": 6,
                        "Output": [
                            "PARTIAL count(*)"
                        ],
                        "Workers": [
                            {
                                "Worker Number": 0,
                                "Actual Startup Time": 1761.53,
                                "Actual Total Time": 1761.535,
                                "Actual Rows": 1,
                                "Actual Loops": 1
                            },
                            {
                                "Worker Number": 1,
                                "Actual Startup Time": 1763.08,
                                "Actual Total Time": 1763.086,
                                "Actual Rows": 1,
                                "Actual Loops": 1
                            },
                            {
                                "Worker Number": 2,
                                "Actual Startup Time": 1761.67,
                                "Actual Total Time": 1761.677,
                                "Actual Rows": 1,
                                "Actual Loops": 1
                            },
                            {
                                "Worker Number": 3,
                                "Actual Startup Time": 1761.537,
                                "Actual Total Time": 1761.542,
                                "Actual Rows": 1,
                                "Actual Loops": 1
                            },
                            {
                                "Worker Number": 4,
                                "Actual Startup Time": 1761.492,
                                "Actual Total Time": 1761.498,
                                "Actual Rows": 1,
                                "Actual Loops": 1
                            }
                        ],
                        "Plans": [
                            {
                                "Node Type": "Hash Join",
                                "Parent Relationship": "Outer",
                                "Parallel Aware": true,
                                "Join Type": "Inner",
                                "Startup Cost": 84026.58,
                                "Total Cost": 288029.55,
                                "Plan Rows": 479855,
                                "Plan Width": 0,
                                "Actual Startup Time": 730.637,
                                "Actual Total Time": 1612.295,
                                "Actual Rows": 2770419,
                                "Actual Loops": 6,
                                "Inner Unique": false,
                                "Hash Cond": "(mi.movie_id = t.id)",
                                "Workers": [
                                    {
                                        "Worker Number": 0,
                                        "Actual Startup Time": 725.088,
                                        "Actual Total Time": 1602.988,
                                        "Actual Rows": 2572508,
                                        "Actual Loops": 1
                                    },
                                    {
                                        "Worker Number": 1,
                                        "Actual Startup Time": 724.729,
                                        "Actual Total Time": 1607.894,
                                        "Actual Rows": 2515926,
                                        "Actual Loops": 1
                                    },
                                    {
                                        "Worker Number": 2,
                                        "Actual Startup Time": 725.25,
                                        "Actual Total Time": 1607.988,
                                        "Actual Rows": 2494364,
                                        "Actual Loops": 1
                                    },
                                    {
                                        "Worker Number": 3,
                                        "Actual Startup Time": 725.083,
                                        "Actual Total Time": 1603.977,
                                        "Actual Rows": 2558765,
                                        "Actual Loops": 1
                                    },
                                    {
                                        "Worker Number": 4,
                                        "Actual Startup Time": 725.083,
                                        "Actual Total Time": 1607.716,
                                        "Actual Rows": 2497128,
                                        "Actual Loops": 1
                                    }
                                ],
                                "Plans": [
                                    {
                                        "Node Type": "Seq Scan",
                                        "Parent Relationship": "Outer",
                                        "Parallel Aware": true,
                                        "Relation Name": "movie_info",
                                        "Schema": "public",
                                        "Alias": "mi",
                                        "Startup Cost": 0.0,
                                        "Total Cost": 198880.74,
                                        "Plan Rows": 1046023,
                                        "Plan Width": 4,
                                        "Actual Startup Time": 22.847,
                                        "Actual Total Time": 401.802,
                                        "Actual Rows": 878428,
                                        "Actual Loops": 6,
                                        "Output": [
                                            "mi.id",
                                            "mi.movie_id",
                                            "mi.info_type_id",
                                            "mi.info",
                                            "mi.note"
                                        ],
                                        "Filter": "(mi.info_type_id > 15)",
                                        "Rows Removed by Filter": 1594192,
                                        "Workers": [
                                            {
                                                "Worker Number": 0,
                                                "Actual Startup Time": 22.832,
                                                "Actual Total Time": 408.6,
                                                "Actual Rows": 807936,
                                                "Actual Loops": 1
                                            },
                                            {
                                                "Worker Number": 1,
                                                "Actual Startup Time": 22.85,
                                                "Actual Total Time": 410.659,
                                                "Actual Rows": 784226,
                                                "Actual Loops": 1
                                            },
                                            {
                                                "Worker Number": 2,
                                                "Actual Startup Time": 22.861,
                                                "Actual Total Time": 409.227,
                                                "Actual Rows": 790497,
                                                "Actual Loops": 1
                                            },
                                            {
                                                "Worker Number": 3,
                                                "Actual Startup Time": 22.844,
                                                "Actual Total Time": 413.646,
                                                "Actual Rows": 810161,
                                                "Actual Loops": 1
                                            },
                                            {
                                                "Worker Number": 4,
                                                "Actual Startup Time": 22.852,
                                                "Actual Total Time": 408.48,
                                                "Actual Rows": 778581,
                                                "Actual Loops": 1
                                            }
                                        ]
                                    },
                                    {
                                        "Node Type": "Hash",
                                        "Parent Relationship": "Inner",
                                        "Parallel Aware": true,
                                        "Startup Cost": 80402.06,
                                        "Total Cost": 80402.06,
                                        "Plan Rows": 289962,
                                        "Plan Width": 8,
                                        "Actual Startup Time": 700.43,
                                        "Actual Total Time": 700.855,
                                        "Actual Rows": 192902,
                                        "Actual Loops": 6,
                                        "Output": [
                                            "t.id",
                                            "mc.movie_id"
                                        ],
                                        "Hash Buckets": 2097152,
                                        "Original Hash Buckets": 2097152,
                                        "Hash Batches": 1,
                                        "Original Hash Batches": 1,
                                        "Peak Memory Usage": 61760,
                                        "Workers": [
                                            {
                                                "Worker Number": 0,
                                                "Actual Startup Time": 701.505,
                                                "Actual Total Time": 701.508,
                                                "Actual Rows": 185092,
                                                "Actual Loops": 1
                                            },
                                            {
                                                "Worker Number": 1,
                                                "Actual Startup Time": 701.097,
                                                "Actual Total Time": 701.1,
                                                "Actual Rows": 173995,
                                                "Actual Loops": 1
                                            },
                                            {
                                                "Worker Number": 2,
                                                "Actual Startup Time": 701.671,
                                                "Actual Total Time": 701.675,
                                                "Actual Rows": 177173,
                                                "Actual Loops": 1
                                            },
                                            {
                                                "Worker Number": 3,
                                                "Actual Startup Time": 701.527,
                                                "Actual Total Time": 701.53,
                                                "Actual Rows": 183714,
                                                "Actual Loops": 1
                                            },
                                            {
                                                "Worker Number": 4,
                                                "Actual Startup Time": 701.415,
                                                "Actual Total Time": 701.419,
                                                "Actual Rows": 173671,
                                                "Actual Loops": 1
                                            }
                                        ],
                                        "Plans": [
                                            {
                                                "Node Type": "Hash Join",
                                                "Parent Relationship": "Outer",
                                                "Parallel Aware": true,
                                                "Join Type": "Inner",
                                                "Startup Cost": 33987.49,
                                                "Total Cost": 80402.06,
                                                "Plan Rows": 289962,
                                                "Plan Width": 8,
                                                "Actual Startup Time": 278.408,
                                                "Actual Total Time": 540.521,
                                                "Actual Rows": 192902,
                                                "Actual Loops": 6,
                                                "Output": [
                                                    "t.id",
                                                    "mc.movie_id"
                                                ],
                                                "Inner Unique": false,
                                                "Hash Cond": "(t.id = mc.movie_id)",
                                                "Workers": [
                                                    {
                                                        "Worker Number": 0,
                                                        "Actual Startup Time": 278.393,
                                                        "Actual Total Time": 539.758,
                                                        "Actual Rows": 185092,
                                                        "Actual Loops": 1
                                                    },
                                                    {
                                                        "Worker Number": 1,
                                                        "Actual Startup Time": 278.384,
                                                        "Actual Total Time": 540.45,
                                                        "Actual Rows": 173995,
                                                        "Actual Loops": 1
                                                    },
                                                    {
                                                        "Worker Number": 2,
                                                        "Actual Startup Time": 278.368,
                                                        "Actual Total Time": 540.698,
                                                        "Actual Rows": 177173,
                                                        "Actual Loops": 1
                                                    },
                                                    {
                                                        "Worker Number": 3,
                                                        "Actual Startup Time": 278.371,
                                                        "Actual Total Time": 540.725,
                                                        "Actual Rows": 183714,
                                                        "Actual Loops": 1
                                                    },
                                                    {
                                                        "Worker Number": 4,
                                                        "Actual Startup Time": 278.48,
                                                        "Actual Total Time": 540.648,
                                                        "Actual Rows": 173671,
                                                        "Actual Loops": 1
                                                    }
                                                ],
                                                "Plans": [
                                                    {
                                                        "Node Type": "Seq Scan",
                                                        "Parent Relationship": "Outer",
                                                        "Parallel Aware": true,
                                                        "Relation Name": "title",
                                                        "Schema": "public",
                                                        "Alias": "t",
                                                        "Startup Cost": 0.0,
                                                        "Total Cost": 42318.81,
                                                        "Plan Rows": 632080,
                                                        "Plan Width": 4,
                                                        "Actual Startup Time": 0.038,
                                                        "Actual Total Time": 76.033,
                                                        "Actual Rows": 421385,
                                                        "Actual Loops": 6,
                                                        "Output": [
                                                            "t.id",
                                                            "t.title",
                                                            "t.imdb_index",
                                                            "t.kind_id",
                                                            "t.production_year",
                                                            "t.imdb_id",
                                                            "t.phonetic_code",
                                                            "t.episode_of_id",
                                                            "t.season_nr",
                                                            "t.episode_nr",
                                                            "t.series_years",
                                                            "t.md5sum"
                                                        ],
                                                        "Workers": [
                                                            {
                                                                "Worker Number": 0,
                                                                "Actual Startup Time": 0.034,
                                                                "Actual Total Time": 80.464,
                                                                "Actual Rows": 402814,
                                                                "Actual Loops": 1
                                                            },
                                                            {
                                                                "Worker Number": 1,
                                                                "Actual Startup Time": 0.038,
                                                                "Actual Total Time": 79.437,
                                                                "Actual Rows": 380724,
                                                                "Actual Loops": 1
                                                            },
                                                            {
                                                                "Worker Number": 2,
                                                                "Actual Startup Time": 0.043,
                                                                "Actual Total Time": 79.545,
                                                                "Actual Rows": 387938,
                                                                "Actual Loops": 1
                                                            },
                                                            {
                                                                "Worker Number": 3,
                                                                "Actual Startup Time": 0.05,
                                                                "Actual Total Time": 80.861,
                                                                "Actual Rows": 399606,
                                                                "Actual Loops": 1
                                                            },
                                                            {
                                                                "Worker Number": 4,
                                                                "Actual Startup Time": 0.053,
                                                                "Actual Total Time": 79.192,
                                                                "Actual Rows": 378065,
                                                                "Actual Loops": 1
                                                            }
                                                        ]
                                                    },
                                                    {
                                                        "Node Type": "Hash",
                                                        "Parent Relationship": "Inner",
                                                        "Parallel Aware": true,
                                                        "Startup Cost": 29310.68,
                                                        "Total Cost": 29310.68,
                                                        "Plan Rows": 374145,
                                                        "Plan Width": 4,
                                                        "Actual Startup Time": 273.87,
                                                        "Actual Total Time": 273.871,
                                                        "Actual Rows": 192902,
                                                        "Actual Loops": 6,
                                                        "Output": [
                                                            "mc.movie_id"
                                                        ],
                                                        "Hash Buckets": 2097152,
                                                        "Original Hash Buckets": 2097152,
                                                        "Hash Batches": 1,
                                                        "Original Hash Batches": 1,
                                                        "Peak Memory Usage": 61760,
                                                        "Workers": [
                                                            {
                                                                "Worker Number": 0,
                                                                "Actual Startup Time": 278.207,
                                                                "Actual Total Time": 278.208,
                                                                "Actual Rows": 170161,
                                                                "Actual Loops": 1
                                                            },
                                                            {
                                                                "Worker Number": 1,
                                                                "Actual Startup Time": 278.201,
                                                                "Actual Total Time": 278.203,
                                                                "Actual Rows": 198272,
                                                                "Actual Loops": 1
                                                            },
                                                            {
                                                                "Worker Number": 2,
                                                                "Actual Startup Time": 278.249,
                                                                "Actual Total Time": 278.251,
                                                                "Actual Rows": 144751,
                                                                "Actual Loops": 1
                                                            },
                                                            {
                                                                "Worker Number": 3,
                                                                "Actual Startup Time": 278.198,
                                                                "Actual Total Time": 278.199,
                                                                "Actual Rows": 131431,
                                                                "Actual Loops": 1
                                                            },
                                                            {
                                                                "Worker Number": 4,
                                                                "Actual Startup Time": 278.01,
                                                                "Actual Total Time": 278.011,
                                                                "Actual Rows": 152779,
                                                                "Actual Loops": 1
                                                            }
                                                        ],
                                                        "Plans": [
                                                            {
                                                                "Node Type": "Seq Scan",
                                                                "Parent Relationship": "Outer",
                                                                "Parallel Aware": true,
                                                                "Relation Name": "movie_companies",
                                                                "Schema": "public",
                                                                "Alias": "mc",
                                                                "Startup Cost": 0.0,
                                                                "Total Cost": 29310.68,
                                                                "Plan Rows": 374145,
                                                                "Plan Width": 4,
                                                                "Actual Startup Time": 0.054,
                                                                "Actual Total Time": 89.867,
                                                                "Actual Rows": 192902,
                                                                "Actual Loops": 6,
                                                                "Output": [
                                                                    "mc.movie_id"
                                                                ],
                                                                "Filter": "(mc.company_id < 9343)",
                                                                "Rows Removed by Filter": 241953,
                                                                "Workers": [
                                                                    {
                                                                        "Worker Number": 0,
                                                                        "Actual Startup Time": 0.057,
                                                                        "Actual Total Time": 92.279,
                                                                        "Actual Rows": 170161,
                                                                        "Actual Loops": 1
                                                                    },
                                                                    {
                                                                        "Worker Number": 1,
                                                                        "Actual Startup Time": 0.069,
                                                                        "Actual Total Time": 89.706,
                                                                        "Actual Rows": 198272,
                                                                        "Actual Loops": 1
                                                                    },
                                                                    {
                                                                        "Worker Number": 2,
                                                                        "Actual Startup Time": 0.058,
                                                                        "Actual Total Time": 92.445,
                                                                        "Actual Rows": 144751,
                                                                        "Actual Loops": 1
                                                                    },
                                                                    {
                                                                        "Worker Number": 3,
                                                                        "Actual Startup Time": 0.058,
                                                                        "Actual Total Time": 94.536,
                                                                        "Actual Rows": 131431,
                                                                        "Actual Loops": 1
                                                                    },
                                                                    {
                                                                        "Worker Number": 4,
                                                                        "Actual Startup Time": 0.064,
                                                                        "Actual Total Time": 92.041,
                                                                        "Actual Rows": 152779,
                                                                        "Actual Loops": 1
                                                                    }
                                                                ]
                                                            }
                                                        ]
                                                    }
                                                ]
                                            }
                                        ]
                                    }
                                ]
                            }
                        ]
                    }
                ]
            }
        ]
    },
    "Planning Time": 1.696,
    "Triggers": [],
    "Execution Time": 1858.066
}