[
  {
    "Plan": {
      "Node Type": "Aggregate",
      "Strategy": "Plain",
      "Partial Mode": "Finalize",
      "Parallel Aware": false,
      "Startup Cost": 37071.5,
      "Total Cost": 37071.51,
      "Plan Rows": 1,
      "Plan Width": 8,
      "Actual Startup Time": 102.55,
      "Actual Total Time": 107.836,
      "Actual Rows": 1,
      "Actual Loops": 1,
      "Plans": [
        {
          "Node Type": "Gather",
          "Parent Relationship": "Outer",
          "Parallel Aware": false,
          "Startup Cost": 37071.19,
          "Total Cost": 37071.5,
          "Plan Rows": 3,
          "Plan Width": 8,
          "Actual Startup Time": 102.348,
          "Actual Total Time": 107.829,
          "Actual Rows": 4,
          "Actual Loops": 1,
          "Workers Planned": 3,
          "Workers Launched": 3,
          "Single Copy": false,
          "Plans": [
            {
              "Node Type": "Aggregate",
              "Strategy": "Plain",
              "Partial Mode": "Partial",
              "Parent Relationship": "Outer",
              "Parallel Aware": false,
              "Startup Cost": 36071.19,
              "Total Cost": 36071.2,
              "Plan Rows": 1,
              "Plan Width": 8,
              "Actual Startup Time": 97.943,
              "Actual Total Time": 97.945,
              "Actual Rows": 1,
              "Actual Loops": 4,
              "Plans": [
                {
                  "Node Type": "Bitmap Heap Scan",
                  "Parent Relationship": "Outer",
                  "Parallel Aware": true,
                  "Relation Name": "movie_keyword",
                  "Alias": "mk",
                  "Startup Cost": 9459.82,
                  "Total Cost": 35711.62,
                  "Plan Rows": 143825,
                  "Plan Width": 0,
                  "Actual Startup Time": 29.996,
                  "Actual Total Time": 91.948,
                  "Actual Rows": 109190,
                  "Actual Loops": 4,
                  "Recheck Cond": "(keyword_id > 40237)",
                  "Rows Removed by Index Recheck": 0,
                  "Exact Heap Blocks": 9860,
                  "Lossy Heap Blocks": 0,
                  "Plans": [
                    {
                      "Node Type": "Bitmap Index Scan",
                      "Parent Relationship": "Outer",
                      "Parallel Aware": false,
                      "Index Name": "keyword_id_movie_keyword",
                      "Startup Cost": 0.0,
                      "Total Cost": 9348.35,
                      "Plan Rows": 445856,
                      "Plan Width": 0,
                      "Actual Startup Time": 30.778,
                      "Actual Total Time": 30.778,
                      "Actual Rows": 436758,
                      "Actual Loops": 1,
                      "Index Cond": "(keyword_id > 40237)"
                    }
                  ]
                }
              ]
            }
          ]
        }
      ]
    },
    "Planning Time": 0.082,
    "Triggers": [],
    "Execution Time": 107.871
  }
]