[
  {
    "Plan": {
      "Node Type": "Aggregate",
      "Strategy": "Plain",
      "Partial Mode": "Finalize",
      "Parallel Aware": false,
      "Startup Cost": 85151.87,
      "Total Cost": 85151.88,
      "Plan Rows": 1,
      "Plan Width": 8,
      "Actual Startup Time": 249.087,
      "Actual Total Time": 267.249,
      "Actual Rows": 1,
      "Actual Loops": 1,
      "Plans": [
        {
          "Node Type": "Gather",
          "Parent Relationship": "Outer",
          "Parallel Aware": false,
          "Startup Cost": 85151.56,
          "Total Cost": 85151.87,
          "Plan Rows": 3,
          "Plan Width": 8,
          "Actual Startup Time": 247.947,
          "Actual Total Time": 267.24,
          "Actual Rows": 4,
          "Actual Loops": 1,
          "Workers Planned": 3,
          "Workers Launched": 3,
          "Single Copy": false,
          "Plans": [
            {
              "Node Type": "Aggregate",
              "Strategy": "Plain",
              "Partial Mode": "Partial",
              "Parent Relationship": "Outer",
              "Parallel Aware": false,
              "Startup Cost": 84151.56,
              "Total Cost": 84151.57,
              "Plan Rows": 1,
              "Plan Width": 8,
              "Actual Startup Time": 242.397,
              "Actual Total Time": 242.401,
              "Actual Rows": 1,
              "Actual Loops": 4,
              "Plans": [
                {
                  "Node Type": "Hash Join",
                  "Parent Relationship": "Outer",
                  "Parallel Aware": true,
                  "Join Type": "Inner",
                  "Startup Cost": 57184.09,
                  "Total Cost": 84099.98,
                  "Plan Rows": 20632,
                  "Plan Width": 0,
                  "Actual Startup Time": 162.109,
                  "Actual Total Time": 242.036,
                  "Actual Rows": 3834,
                  "Actual Loops": 4,
                  "Inner Unique": true,
                  "Hash Cond": "(mk.movie_id = t.id)",
                  "Plans": [
                    {
                      "Node Type": "Bitmap Heap Scan",
                      "Parent Relationship": "Outer",
                      "Parallel Aware": true,
                      "Relation Name": "movie_keyword",
                      "Alias": "mk",
                      "Startup Cost": 10702.97,
                      "Total Cost": 37191.59,
                      "Plan Rows": 162770,
                      "Plan Width": 4,
                      "Actual Startup Time": 35.195,
                      "Actual Total Time": 94.673,
                      "Actual Rows": 126369,
                      "Actual Loops": 4,
                      "Recheck Cond": "(keyword_id > 35850)",
                      "Rows Removed by Index Recheck": 0,
                      "Exact Heap Blocks": 6268,
                      "Lossy Heap Blocks": 0,
                      "Plans": [
                        {
                          "Node Type": "Bitmap Index Scan",
                          "Parent Relationship": "Outer",
                          "Parallel Aware": false,
                          "Index Name": "keyword_id_movie_keyword",
                          "Startup Cost": 0.0,
                          "Total Cost": 10576.83,
                          "Plan Rows": 504586,
                          "Plan Width": 0,
                          "Actual Startup Time": 31.633,
                          "Actual Total Time": 31.634,
                          "Actual Rows": 505477,
                          "Actual Loops": 1,
                          "Index Cond": "(keyword_id > 35850)"
                        }
                      ]
                    },
                    {
                      "Node Type": "Hash",
                      "Parent Relationship": "Inner",
                      "Parallel Aware": true,
                      "Startup Cost": 45479.59,
                      "Total Cost": 45479.59,
                      "Plan Rows": 80122,
                      "Plan Width": 4,
                      "Actual Startup Time": 123.406,
                      "Actual Total Time": 123.407,
                      "Actual Rows": 49747,
                      "Actual Loops": 4,
                      "Hash Buckets": 524288,
                      "Original Hash Buckets": 524288,
                      "Hash Batches": 1,
                      "Original Hash Batches": 1,
                      "Peak Memory Usage": 11936,
                      "Plans": [
                        {
                          "Node Type": "Seq Scan",
                          "Parent Relationship": "Outer",
                          "Parallel Aware": true,
                          "Relation Name": "title",
                          "Alias": "t",
                          "Startup Cost": 0.0,
                          "Total Cost": 45479.59,
                          "Plan Rows": 80122,
                          "Plan Width": 4,
                          "Actual Startup Time": 0.023,
                          "Actual Total Time": 99.644,
                          "Actual Rows": 49747,
                          "Actual Loops": 4,
                          "Filter": "((kind_id > 1) AND (production_year < 1976))",
                          "Rows Removed by Filter": 582331
                        }
                      ]
                    }
                  ]
                }
              ]
            }
          ]
        }
      ]
    },
    "Planning Time": 0.635,
    "Triggers": [],
    "Execution Time": 267.338
  }
]