[
  {
    "Plan": {
      "Node Type": "Aggregate",
      "Strategy": "Plain",
      "Partial Mode": "Finalize",
      "Parallel Aware": false,
      "Startup Cost": 85521.65,
      "Total Cost": 85521.66,
      "Plan Rows": 1,
      "Plan Width": 8,
      "Actual Startup Time": 291.985,
      "Actual Total Time": 311.056,
      "Actual Rows": 1,
      "Actual Loops": 1,
      "Plans": [
        {
          "Node Type": "Gather",
          "Parent Relationship": "Outer",
          "Parallel Aware": false,
          "Startup Cost": 85521.34,
          "Total Cost": 85521.65,
          "Plan Rows": 3,
          "Plan Width": 8,
          "Actual Startup Time": 290.766,
          "Actual Total Time": 311.045,
          "Actual Rows": 4,
          "Actual Loops": 1,
          "Workers Planned": 3,
          "Workers Launched": 3,
          "Single Copy": false,
          "Plans": [
            {
              "Node Type": "Aggregate",
              "Strategy": "Plain",
              "Partial Mode": "Partial",
              "Parent Relationship": "Outer",
              "Parallel Aware": false,
              "Startup Cost": 84521.34,
              "Total Cost": 84521.35,
              "Plan Rows": 1,
              "Plan Width": 8,
              "Actual Startup Time": 281.431,
              "Actual Total Time": 281.437,
              "Actual Rows": 1,
              "Actual Loops": 4,
              "Plans": [
                {
                  "Node Type": "Hash Join",
                  "Parent Relationship": "Outer",
                  "Parallel Aware": true,
                  "Join Type": "Inner",
                  "Startup Cost": 57485.71,
                  "Total Cost": 84467.67,
                  "Plan Rows": 21465,
                  "Plan Width": 0,
                  "Actual Startup Time": 183.398,
                  "Actual Total Time": 280.934,
                  "Actual Rows": 3834,
                  "Actual Loops": 4,
                  "Inner Unique": true,
                  "Hash Cond": "(mk.movie_id = t.id)",
                  "Plans": [
                    {
                      "Node Type": "Bitmap Heap Scan",
                      "Parent Relationship": "Outer",
                      "Parallel Aware": true,
                      "Relation Name": "movie_keyword",
                      "Alias": "mk",
                      "Startup Cost": 10991.93,
                      "Total Cost": 37535.16,
                      "Plan Rows": 167138,
                      "Plan Width": 4,
                      "Actual Startup Time": 48.747,
                      "Actual Total Time": 120.697,
                      "Actual Rows": 126369,
                      "Actual Loops": 4,
                      "Recheck Cond": "(keyword_id > 35850)",
                      "Rows Removed by Index Recheck": 0,
                      "Exact Heap Blocks": 7101,
                      "Lossy Heap Blocks": 0,
                      "Plans": [
                        {
                          "Node Type": "Bitmap Index Scan",
                          "Parent Relationship": "Outer",
                          "Parallel Aware": false,
                          "Index Name": "keyword_id_movie_keyword",
                          "Startup Cost": 0.0,
                          "Total Cost": 10862.4,
                          "Plan Rows": 518129,
                          "Plan Width": 0,
                          "Actual Startup Time": 42.947,
                          "Actual Total Time": 42.947,
                          "Actual Rows": 505477,
                          "Actual Loops": 1,
                          "Index Cond": "(keyword_id > 35850)"
                        }
                      ]
                    },
                    {
                      "Node Type": "Hash",
                      "Parent Relationship": "Inner",
                      "Parallel Aware": true,
                      "Startup Cost": 45479.1,
                      "Total Cost": 45479.1,
                      "Plan Rows": 81174,
                      "Plan Width": 4,
                      "Actual Startup Time": 130.741,
                      "Actual Total Time": 130.742,
                      "Actual Rows": 49747,
                      "Actual Loops": 4,
                      "Hash Buckets": 524288,
                      "Original Hash Buckets": 524288,
                      "Hash Batches": 1,
                      "Original Hash Batches": 1,
                      "Peak Memory Usage": 11936,
                      "Plans": [
                        {
                          "Node Type": "Seq Scan",
                          "Parent Relationship": "Outer",
                          "Parallel Aware": true,
                          "Relation Name": "title",
                          "Alias": "t",
                          "Startup Cost": 0.0,
                          "Total Cost": 45479.1,
                          "Plan Rows": 81174,
                          "Plan Width": 4,
                          "Actual Startup Time": 0.048,
                          "Actual Total Time": 108.909,
                          "Actual Rows": 49747,
                          "Actual Loops": 4,
                          "Filter": "((kind_id > 1) AND (production_year < 1976))",
                          "Rows Removed by Filter": 582331
                        }
                      ]
                    }
                  ]
                }
              ]
            }
          ]
        }
      ]
    },
    "Planning Time": 0.649,
    "Triggers": [],
    "Execution Time": 311.155
  }
]