[
  {
    "Plan": {
      "Node Type": "Aggregate",
      "Strategy": "Plain",
      "Partial Mode": "Finalize",
      "Parallel Aware": false,
      "Startup Cost": 33008.95,
      "Total Cost": 33008.96,
      "Plan Rows": 1,
      "Plan Width": 8,
      "Actual Startup Time": 112.661,
      "Actual Total Time": 122.762,
      "Actual Rows": 1,
      "Actual Loops": 1,
      "Plans": [
        {
          "Node Type": "Gather",
          "Parent Relationship": "Outer",
          "Parallel Aware": false,
          "Startup Cost": 33008.64,
          "Total Cost": 33008.95,
          "Plan Rows": 3,
          "Plan Width": 8,
          "Actual Startup Time": 112.557,
          "Actual Total Time": 122.752,
          "Actual Rows": 4,
          "Actual Loops": 1,
          "Workers Planned": 3,
          "Workers Launched": 3,
          "Single Copy": false,
          "Plans": [
            {
              "Node Type": "Aggregate",
              "Strategy": "Plain",
              "Partial Mode": "Partial",
              "Parent Relationship": "Outer",
              "Parallel Aware": false,
              "Startup Cost": 32008.64,
              "Total Cost": 32008.65,
              "Plan Rows": 1,
              "Plan Width": 8,
              "Actual Startup Time": 104.673,
              "Actual Total Time": 104.674,
              "Actual Rows": 1,
              "Actual Loops": 4,
              "Plans": [
                {
                  "Node Type": "Seq Scan",
                  "Parent Relationship": "Outer",
                  "Parallel Aware": true,
                  "Relation Name": "movie_companies",
                  "Alias": "mc",
                  "Startup Cost": 0.0,
                  "Total Cost": 31414.82,
                  "Plan Rows": 237527,
                  "Plan Width": 0,
                  "Actual Startup Time": 0.048,
                  "Actual Total Time": 88.579,
                  "Actual Rows": 253642,
                  "Actual Loops": 4,
                  "Filter": "((company_id < 13776) AND (company_type_id < 2))",
                  "Rows Removed by Filter": 398640
                }
              ]
            }
          ]
        }
      ]
    },
    "Planning Time": 0.24,
    "Triggers": [],
    "Execution Time": 122.829
  }
]