[
    {
        "Bao": {
            "Bao prediction": "NaN",
            "Bao recommended hint": "(no hint)"
        }
    },
    {
        "Plan": {
            "Node Type": "Aggregate",
            "Strategy": "Plain",
            "Partial Mode": "Finalize",
            "Parallel Aware": false,
            "Startup Cost": 27592.0,
            "Total Cost": 27592.01,
            "Plan Rows": 1,
            "Plan Width": 8,
            "Actual Startup Time": 58.298,
            "Actual Total Time": 61.615,
            "Actual Rows": 1,
            "Actual Loops": 1,
            "Output": [
                "count(*)"
            ],
            "Plans": [
                {
                    "Node Type": "Gather",
                    "Parent Relationship": "Outer",
                    "Parallel Aware": false,
                    "Startup Cost": 27591.58,
                    "Total Cost": 27591.99,
                    "Plan Rows": 4,
                    "Plan Width": 8,
                    "Actual Startup Time": 58.187,
                    "Actual Total Time": 61.608,
                    "Actual Rows": 5,
                    "Actual Loops": 1,
                    "Output": [
                        "(PARTIAL count(*))"
                    ],
                    "Workers Planned": 4,
                    "Workers Launched": 4,
                    "Single Copy": false,
                    "Plans": [
                        {
                            "Node Type": "Aggregate",
                            "Strategy": "Plain",
                            "Partial Mode": "Partial",
                            "Parent Relationship": "Outer",
                            "Parallel Aware": false,
                            "Startup Cost": 26591.58,
                            "Total Cost": 26591.59,
                            "Plan Rows": 1,
                            "Plan Width": 8,
                            "Actual Startup Time": 49.091,
                            "Actual Total Time": 49.092,
                            "Actual Rows": 1,
                            "Actual Loops": 5,
                            "Output": [
                                "PARTIAL count(*)"
                            ],
                            "Workers": [
                                {
                                    "Worker Number": 0,
                                    "Actual Startup Time": 46.308,
                                    "Actual Total Time": 46.309,
                                    "Actual Rows": 1,
                                    "Actual Loops": 1
                                },
                                {
                                    "Worker Number": 1,
                                    "Actual Startup Time": 46.992,
                                    "Actual Total Time": 46.993,
                                    "Actual Rows": 1,
                                    "Actual Loops": 1
                                },
                                {
                                    "Worker Number": 2,
                                    "Actual Startup Time": 47.22,
                                    "Actual Total Time": 47.22,
                                    "Actual Rows": 1,
                                    "Actual Loops": 1
                                },
                                {
                                    "Worker Number": 3,
                                    "Actual Startup Time": 47.373,
                                    "Actual Total Time": 47.374,
                                    "Actual Rows": 1,
                                    "Actual Loops": 1
                                }
                            ],
                            "Plans": [
                                {
                                    "Node Type": "Index Scan",
                                    "Parent Relationship": "Outer",
                                    "Parallel Aware": true,
                                    "Scan Direction": "Forward",
                                    "Index Name": "role_id_cast_info",
                                    "Relation Name": "cast_info",
                                    "Schema": "public",
                                    "Alias": "ci",
                                    "Startup Cost": 0.56,
                                    "Total Cost": 26238.71,
                                    "Plan Rows": 141149,
                                    "Plan Width": 0,
                                    "Actual Startup Time": 0.141,
                                    "Actual Total Time": 45.698,
                                    "Actual Rows": 49253,
                                    "Actual Loops": 5,
                                    "Output": [
                                        "id",
                                        "person_id",
                                        "movie_id",
                                        "person_role_id",
                                        "note",
                                        "nr_order",
                                        "role_id"
                                    ],
                                    "Index Cond": "(ci.role_id = 5)",
                                    "Rows Removed by Index Recheck": 0,
                                    "Filter": "(ci.person_id < 2199333)",
                                    "Rows Removed by Filter": 130425,
                                    "Workers": [
                                        {
                                            "Worker Number": 0,
                                            "Actual Startup Time": 0.149,
                                            "Actual Total Time": 43.016,
                                            "Actual Rows": 33629,
                                            "Actual Loops": 1
                                        },
                                        {
                                            "Worker Number": 1,
                                            "Actual Startup Time": 0.211,
                                            "Actual Total Time": 43.785,
                                            "Actual Rows": 43496,
                                            "Actual Loops": 1
                                        },
                                        {
                                            "Worker Number": 2,
                                            "Actual Startup Time": 0.153,
                                            "Actual Total Time": 44.071,
                                            "Actual Rows": 41027,
                                            "Actual Loops": 1
                                        },
                                        {
                                            "Worker Number": 3,
                                            "Actual Startup Time": 0.154,
                                            "Actual Total Time": 44.072,
                                            "Actual Rows": 33410,
                                            "Actual Loops": 1
                                        }
                                    ]
                                }
                            ]
                        }
                    ]
                }
            ]
        },
        "Planning Time": 202.042,
        "Triggers": [],
        "Execution Time": 61.701
    }
]