[
  {
    "Plan": {
      "Node Type": "Aggregate",
      "Strategy": "Plain",
      "Partial Mode": "Finalize",
      "Parallel Aware": false,
      "Startup Cost": 76174.4,
      "Total Cost": 76174.41,
      "Plan Rows": 1,
      "Plan Width": 8,
      "Actual Startup Time": 232.233,
      "Actual Total Time": 240.168,
      "Actual Rows": 1,
      "Actual Loops": 1,
      "Plans": [
        {
          "Node Type": "Gather",
          "Parent Relationship": "Outer",
          "Parallel Aware": false,
          "Startup Cost": 76174.08,
          "Total Cost": 76174.39,
          "Plan Rows": 3,
          "Plan Width": 8,
          "Actual Startup Time": 231.414,
          "Actual Total Time": 240.151,
          "Actual Rows": 4,
          "Actual Loops": 1,
          "Workers Planned": 3,
          "Workers Launched": 3,
          "Single Copy": false,
          "Plans": [
            {
              "Node Type": "Aggregate",
              "Strategy": "Plain",
              "Partial Mode": "Partial",
              "Parent Relationship": "Outer",
              "Parallel Aware": false,
              "Startup Cost": 75174.08,
              "Total Cost": 75174.09,
              "Plan Rows": 1,
              "Plan Width": 8,
              "Actual Startup Time": 228.199,
              "Actual Total Time": 228.261,
              "Actual Rows": 1,
              "Actual Loops": 4,
              "Plans": [
                {
                  "Node Type": "Hash Join",
                  "Parent Relationship": "Outer",
                  "Parallel Aware": true,
                  "Join Type": "Inner",
                  "Startup Cost": 45699.52,
                  "Total Cost": 75115.41,
                  "Plan Rows": 23469,
                  "Plan Width": 0,
                  "Actual Startup Time": 111.461,
                  "Actual Total Time": 223.594,
                  "Actual Rows": 104684,
                  "Actual Loops": 4,
                  "Inner Unique": true,
                  "Hash Cond": "(mc.movie_id = t.id)",
                  "Plans": [
                    {
                      "Node Type": "Seq Scan",
                      "Parent Relationship": "Outer",
                      "Parallel Aware": true,
                      "Relation Name": "movie_companies",
                      "Alias": "mc",
                      "Startup Cost": 0.0,
                      "Total Cost": 27206.55,
                      "Plan Rows": 841655,
                      "Plan Width": 4,
                      "Actual Startup Time": 0.015,
                      "Actual Total Time": 51.461,
                      "Actual Rows": 652282,
                      "Actual Loops": 4
                    },
                    {
                      "Node Type": "Hash",
                      "Parent Relationship": "Inner",
                      "Parallel Aware": true,
                      "Startup Cost": 45479.21,
                      "Total Cost": 45479.21,
                      "Plan Rows": 17625,
                      "Plan Width": 4,
                      "Actual Startup Time": 87.882,
                      "Actual Total Time": 87.883,
                      "Actual Rows": 48902,
                      "Actual Loops": 4,
                      "Hash Buckets": 262144,
                      "Original Hash Buckets": 131072,
                      "Hash Batches": 1,
                      "Original Hash Batches": 1,
                      "Peak Memory Usage": 10784,
                      "Plans": [
                        {
                          "Node Type": "Seq Scan",
                          "Parent Relationship": "Outer",
                          "Parallel Aware": true,
                          "Relation Name": "title",
                          "Alias": "t",
                          "Startup Cost": 0.0,
                          "Total Cost": 45479.21,
                          "Plan Rows": 17625,
                          "Plan Width": 4,
                          "Actual Startup Time": 40.098,
                          "Actual Total Time": 71.967,
                          "Actual Rows": 48902,
                          "Actual Loops": 4,
                          "Filter": "((production_year < 1962) AND (kind_id = 1))",
                          "Rows Removed by Filter": 583176
                        }
                      ]
                    }
                  ]
                }
              ]
            }
          ]
        }
      ]
    },
    "Planning Time": 0.223,
    "Triggers": [],
    "Execution Time": 240.195
  }
]