[
  {
    "Plan": {
      "Node Type": "Aggregate",
      "Strategy": "Plain",
      "Partial Mode": "Finalize",
      "Parallel Aware": false,
      "Startup Cost": 245643.23,
      "Total Cost": 245643.24,
      "Plan Rows": 1,
      "Plan Width": 8,
      "Actual Startup Time": 764.986,
      "Actual Total Time": 812.133,
      "Actual Rows": 1,
      "Actual Loops": 1,
      "Plans": [
        {
          "Node Type": "Gather",
          "Parent Relationship": "Outer",
          "Parallel Aware": false,
          "Startup Cost": 245642.71,
          "Total Cost": 245643.22,
          "Plan Rows": 5,
          "Plan Width": 8,
          "Actual Startup Time": 762.865,
          "Actual Total Time": 812.121,
          "Actual Rows": 6,
          "Actual Loops": 1,
          "Workers Planned": 5,
          "Workers Launched": 5,
          "Single Copy": false,
          "Plans": [
            {
              "Node Type": "Aggregate",
              "Strategy": "Plain",
              "Partial Mode": "Partial",
              "Parent Relationship": "Outer",
              "Parallel Aware": false,
              "Startup Cost": 244642.71,
              "Total Cost": 244642.72,
              "Plan Rows": 1,
              "Plan Width": 8,
              "Actual Startup Time": 757.599,
              "Actual Total Time": 757.603,
              "Actual Rows": 1,
              "Actual Loops": 6,
              "Plans": [
                {
                  "Node Type": "Hash Join",
                  "Parent Relationship": "Outer",
                  "Parallel Aware": true,
                  "Join Type": "Inner",
                  "Startup Cost": 44551.03,
                  "Total Cost": 244030.44,
                  "Plan Rows": 244907,
                  "Plan Width": 0,
                  "Actual Startup Time": 93.225,
                  "Actual Total Time": 739.398,
                  "Actual Rows": 403668,
                  "Actual Loops": 6,
                  "Inner Unique": true,
                  "Hash Cond": "(mi.movie_id = t.id)",
                  "Plans": [
                    {
                      "Node Type": "Seq Scan",
                      "Parent Relationship": "Outer",
                      "Parallel Aware": true,
                      "Relation Name": "movie_info",
                      "Alias": "mi",
                      "Startup Cost": 0.0,
                      "Total Cost": 191685.19,
                      "Plan Rows": 2969219,
                      "Plan Width": 4,
                      "Actual Startup Time": 0.028,
                      "Actual Total Time": 299.3,
                      "Actual Rows": 2472620,
                      "Actual Loops": 6
                    },
                    {
                      "Node Type": "Hash",
                      "Parent Relationship": "Inner",
                      "Parallel Aware": true,
                      "Startup Cost": 43899.32,
                      "Total Cost": 43899.32,
                      "Plan Rows": 52137,
                      "Plan Width": 4,
                      "Actual Startup Time": 90.732,
                      "Actual Total Time": 90.733,
                      "Actual Rows": 36852,
                      "Actual Loops": 6,
                      "Hash Buckets": 262144,
                      "Original Hash Buckets": 262144,
                      "Hash Batches": 1,
                      "Original Hash Batches": 1,
                      "Peak Memory Usage": 10784,
                      "Plans": [
                        {
                          "Node Type": "Seq Scan",
                          "Parent Relationship": "Outer",
                          "Parallel Aware": true,
                          "Relation Name": "title",
                          "Alias": "t",
                          "Startup Cost": 0.0,
                          "Total Cost": 43899.32,
                          "Plan Rows": 52137,
                          "Plan Width": 4,
                          "Actual Startup Time": 0.116,
                          "Actual Total Time": 75.198,
                          "Actual Rows": 36852,
                          "Actual Loops": 6,
                          "Filter": "(production_year < 1958)",
                          "Rows Removed by Filter": 384533
                        }
                      ]
                    }
                  ]
                }
              ]
            }
          ]
        }
      ]
    },
    "Planning Time": 0.613,
    "Triggers": [],
    "Execution Time": 812.217
  }
]