[
  {
    "Plan": {
      "Node Type": "Aggregate",
      "Strategy": "Plain",
      "Partial Mode": "Finalize",
      "Parallel Aware": false,
      "Startup Cost": 30439.01,
      "Total Cost": 30439.02,
      "Plan Rows": 1,
      "Plan Width": 8,
      "Actual Startup Time": 87.155,
      "Actual Total Time": 92.431,
      "Actual Rows": 1,
      "Actual Loops": 1,
      "Plans": [
        {
          "Node Type": "Gather",
          "Parent Relationship": "Outer",
          "Parallel Aware": false,
          "Startup Cost": 30438.69,
          "Total Cost": 30439.0,
          "Plan Rows": 3,
          "Plan Width": 8,
          "Actual Startup Time": 86.899,
          "Actual Total Time": 92.422,
          "Actual Rows": 4,
          "Actual Loops": 1,
          "Workers Planned": 3,
          "Workers Launched": 3,
          "Single Copy": false,
          "Plans": [
            {
              "Node Type": "Aggregate",
              "Strategy": "Plain",
              "Partial Mode": "Partial",
              "Parent Relationship": "Outer",
              "Parallel Aware": false,
              "Startup Cost": 29438.69,
              "Total Cost": 29438.7,
              "Plan Rows": 1,
              "Plan Width": 8,
              "Actual Startup Time": 81.207,
              "Actual Total Time": 81.208,
              "Actual Rows": 1,
              "Actual Loops": 4,
              "Plans": [
                {
                  "Node Type": "Bitmap Heap Scan",
                  "Parent Relationship": "Outer",
                  "Parallel Aware": true,
                  "Relation Name": "movie_keyword",
                  "Alias": "mk",
                  "Startup Cost": 4059.03,
                  "Total Cost": 29284.41,
                  "Plan Rows": 61711,
                  "Plan Width": 0,
                  "Actual Startup Time": 24.432,
                  "Actual Total Time": 76.898,
                  "Actual Rows": 47919,
                  "Actual Loops": 4,
                  "Recheck Cond": "(keyword_id > 70497)",
                  "Rows Removed by Index Recheck": 0,
                  "Exact Heap Blocks": 9497,
                  "Lossy Heap Blocks": 0,
                  "Plans": [
                    {
                      "Node Type": "Bitmap Index Scan",
                      "Parent Relationship": "Outer",
                      "Parallel Aware": false,
                      "Index Name": "keyword_id_movie_keyword",
                      "Startup Cost": 0.0,
                      "Total Cost": 4011.2,
                      "Plan Rows": 191303,
                      "Plan Width": 0,
                      "Actual Startup Time": 24.911,
                      "Actual Total Time": 24.912,
                      "Actual Rows": 191676,
                      "Actual Loops": 1,
                      "Index Cond": "(keyword_id > 70497)"
                    }
                  ]
                }
              ]
            }
          ]
        }
      ]
    },
    "Planning Time": 0.121,
    "Triggers": [],
    "Execution Time": 92.484
  }
]