[
  {
    "Plan": {
      "Node Type": "Aggregate",
      "Strategy": "Plain",
      "Partial Mode": "Finalize",
      "Parallel Aware": false,
      "Startup Cost": 96189.39,
      "Total Cost": 96189.4,
      "Plan Rows": 1,
      "Plan Width": 8,
      "Actual Startup Time": 365.062,
      "Actual Total Time": 382.689,
      "Actual Rows": 1,
      "Actual Loops": 1,
      "Plans": [
        {
          "Node Type": "Gather",
          "Parent Relationship": "Outer",
          "Parallel Aware": false,
          "Startup Cost": 96189.07,
          "Total Cost": 96189.38,
          "Plan Rows": 3,
          "Plan Width": 8,
          "Actual Startup Time": 361.725,
          "Actual Total Time": 382.681,
          "Actual Rows": 4,
          "Actual Loops": 1,
          "Workers Planned": 3,
          "Workers Launched": 3,
          "Single Copy": false,
          "Plans": [
            {
              "Node Type": "Aggregate",
              "Strategy": "Plain",
              "Partial Mode": "Partial",
              "Parent Relationship": "Outer",
              "Parallel Aware": false,
              "Startup Cost": 95189.07,
              "Total Cost": 95189.08,
              "Plan Rows": 1,
              "Plan Width": 8,
              "Actual Startup Time": 351.211,
              "Actual Total Time": 351.332,
              "Actual Rows": 1,
              "Actual Loops": 4,
              "Plans": [
                {
                  "Node Type": "Hash Join",
                  "Parent Relationship": "Outer",
                  "Parallel Aware": true,
                  "Join Type": "Inner",
                  "Startup Cost": 62202.92,
                  "Total Cost": 95143.29,
                  "Plan Rows": 18312,
                  "Plan Width": 0,
                  "Actual Startup Time": 274.802,
                  "Actual Total Time": 349.68,
                  "Actual Rows": 41054,
                  "Actual Loops": 4,
                  "Inner Unique": false,
                  "Hash Cond": "(mc.movie_id = t.id)",
                  "Plans": [
                    {
                      "Node Type": "Seq Scan",
                      "Parent Relationship": "Outer",
                      "Parallel Aware": true,
                      "Relation Name": "movie_companies",
                      "Alias": "mc",
                      "Startup Cost": 0.0,
                      "Total Cost": 31414.82,
                      "Plan Rows": 386469,
                      "Plan Width": 4,
                      "Actual Startup Time": 29.792,
                      "Actual Total Time": 66.155,
                      "Actual Rows": 319178,
                      "Actual Loops": 4,
                      "Filter": "((company_id > 115) AND (company_type_id = 2))",
                      "Rows Removed by Filter": 333104
                    },
                    {
                      "Node Type": "Hash",
                      "Parent Relationship": "Inner",
                      "Parallel Aware": true,
                      "Startup Cost": 61578.99,
                      "Total Cost": 61578.99,
                      "Plan Rows": 49914,
                      "Plan Width": 8,
                      "Actual Startup Time": 243.117,
                      "Actual Total Time": 243.237,
                      "Actual Rows": 36296,
                      "Actual Loops": 4,
                      "Hash Buckets": 262144,
                      "Original Hash Buckets": 131072,
                      "Hash Batches": 1,
                      "Original Hash Batches": 1,
                      "Peak Memory Usage": 8800,
                      "Plans": [
                        {
                          "Node Type": "Hash Join",
                          "Parent Relationship": "Outer",
                          "Parallel Aware": true,
                          "Join Type": "Inner",
                          "Startup Cost": 45952.12,
                          "Total Cost": 61578.99,
                          "Plan Rows": 49914,
                          "Plan Width": 8,
                          "Actual Startup Time": 164.162,
                          "Actual Total Time": 228.754,
                          "Actual Rows": 36296,
                          "Actual Loops": 4,
                          "Inner Unique": true,
                          "Hash Cond": "(mi_idx.movie_id = t.id)",
                          "Plans": [
                            {
                              "Node Type": "Seq Scan",
                              "Parent Relationship": "Outer",
                              "Parallel Aware": true,
                              "Relation Name": "movie_info_idx",
                              "Alias": "mi_idx",
                              "Startup Cost": 0.0,
                              "Total Cost": 15122.68,
                              "Plan Rows": 192074,
                              "Plan Width": 4,
                              "Actual Startup Time": 0.026,
                              "Actual Total Time": 29.366,
                              "Actual Rows": 115046,
                              "Actual Loops": 4,
                              "Filter": "(info_type_id > 100)",
                              "Rows Removed by Filter": 229962
                            },
                            {
                              "Node Type": "Hash",
                              "Parent Relationship": "Inner",
                              "Parallel Aware": true,
                              "Startup Cost": 43898.92,
                              "Total Cost": 43898.92,
                              "Plan Rows": 164256,
                              "Plan Width": 4,
                              "Actual Startup Time": 160.278,
                              "Actual Total Time": 160.279,
                              "Actual Rows": 165708,
                              "Actual Loops": 4,
                              "Hash Buckets": 1048576,
                              "Original Hash Buckets": 1048576,
                              "Hash Batches": 1,
                              "Original Hash Batches": 1,
                              "Peak Memory Usage": 34176,
                              "Plans": [
                                {
                                  "Node Type": "Seq Scan",
                                  "Parent Relationship": "Outer",
                                  "Parallel Aware": true,
                                  "Relation Name": "title",
                                  "Alias": "t",
                                  "Startup Cost": 0.0,
                                  "Total Cost": 43898.92,
                                  "Plan Rows": 164256,
                                  "Plan Width": 4,
                                  "Actual Startup Time": 0.037,
                                  "Actual Total Time": 97.914,
                                  "Actual Rows": 165708,
                                  "Actual Loops": 4,
                                  "Filter": "(production_year < 1989)",
                                  "Rows Removed by Filter": 466370
                                }
                              ]
                            }
                          ]
                        }
                      ]
                    }
                  ]
                }
              ]
            }
          ]
        }
      ]
    },
    "Planning Time": 1.495,
    "Triggers": [],
    "Execution Time": 382.774
  }
]