[
  {
    "Plan": {
      "Node Type": "Aggregate",
      "Strategy": "Plain",
      "Partial Mode": "Finalize",
      "Parallel Aware": false,
      "Startup Cost": 221290.81,
      "Total Cost": 221290.82,
      "Plan Rows": 1,
      "Plan Width": 8,
      "Actual Startup Time": 118.116,
      "Actual Total Time": 129.922,
      "Actual Rows": 1,
      "Actual Loops": 1,
      "Plans": [
        {
          "Node Type": "Gather",
          "Parent Relationship": "Outer",
          "Parallel Aware": false,
          "Startup Cost": 221290.29,
          "Total Cost": 221290.8,
          "Plan Rows": 5,
          "Plan Width": 8,
          "Actual Startup Time": 117.42,
          "Actual Total Time": 129.914,
          "Actual Rows": 6,
          "Actual Loops": 1,
          "Workers Planned": 5,
          "Workers Launched": 5,
          "Single Copy": false,
          "Plans": [
            {
              "Node Type": "Aggregate",
              "Strategy": "Plain",
              "Partial Mode": "Partial",
              "Parent Relationship": "Outer",
              "Parallel Aware": false,
              "Startup Cost": 220290.29,
              "Total Cost": 220290.3,
              "Plan Rows": 1,
              "Plan Width": 8,
              "Actual Startup Time": 109.752,
              "Actual Total Time": 109.757,
              "Actual Rows": 1,
              "Actual Loops": 6,
              "Plans": [
                {
                  "Node Type": "Hash Join",
                  "Parent Relationship": "Outer",
                  "Parallel Aware": true,
                  "Join Type": "Inner",
                  "Startup Cost": 49245.11,
                  "Total Cost": 220287.92,
                  "Plan Rows": 946,
                  "Plan Width": 0,
                  "Actual Startup Time": 107.012,
                  "Actual Total Time": 109.749,
                  "Actual Rows": 15,
                  "Actual Loops": 6,
                  "Inner Unique": true,
                  "Hash Cond": "(mi.movie_id = t.id)",
                  "Plans": [
                    {
                      "Node Type": "Bitmap Heap Scan",
                      "Parent Relationship": "Outer",
                      "Parallel Aware": true,
                      "Relation Name": "movie_info",
                      "Alias": "mi",
                      "Startup Cost": 3576.48,
                      "Total Cost": 174515.5,
                      "Plan Rows": 39537,
                      "Plan Width": 4,
                      "Actual Startup Time": 6.831,
                      "Actual Total Time": 18.402,
                      "Actual Rows": 32959,
                      "Actual Loops": 6,
                      "Recheck Cond": "(info_type_id > 106)",
                      "Rows Removed by Index Recheck": 0,
                      "Exact Heap Blocks": 1346,
                      "Lossy Heap Blocks": 0,
                      "Plans": [
                        {
                          "Node Type": "Bitmap Index Scan",
                          "Parent Relationship": "Outer",
                          "Parallel Aware": false,
                          "Index Name": "info_type_id_movie_info",
                          "Startup Cost": 0.0,
                          "Total Cost": 3527.06,
                          "Plan Rows": 197683,
                          "Plan Width": 0,
                          "Actual Startup Time": 6.133,
                          "Actual Total Time": 6.134,
                          "Actual Rows": 197754,
                          "Actual Loops": 1,
                          "Index Cond": "(info_type_id > 106)"
                        }
                      ]
                    },
                    {
                      "Node Type": "Hash",
                      "Parent Relationship": "Inner",
                      "Parallel Aware": true,
                      "Startup Cost": 45479.59,
                      "Total Cost": 45479.59,
                      "Plan Rows": 15124,
                      "Plan Width": 4,
                      "Actual Startup Time": 86.772,
                      "Actual Total Time": 86.773,
                      "Actual Rows": 10459,
                      "Actual Loops": 6,
                      "Hash Buckets": 65536,
                      "Original Hash Buckets": 65536,
                      "Hash Batches": 1,
                      "Original Hash Batches": 1,
                      "Peak Memory Usage": 3040,
                      "Plans": [
                        {
                          "Node Type": "Seq Scan",
                          "Parent Relationship": "Outer",
                          "Parallel Aware": true,
                          "Relation Name": "title",
                          "Alias": "t",
                          "Startup Cost": 0.0,
                          "Total Cost": 45479.59,
                          "Plan Rows": 15124,
                          "Plan Width": 4,
                          "Actual Startup Time": 0.045,
                          "Actual Total Time": 81.49,
                          "Actual Rows": 10459,
                          "Actual Loops": 6,
                          "Filter": "((kind_id = 7) AND (production_year = 2005))",
                          "Rows Removed by Filter": 410927
                        }
                      ]
                    }
                  ]
                }
              ]
            }
          ]
        }
      ]
    },
    "Planning Time": 0.254,
    "Triggers": [],
    "Execution Time": 129.963
  }
]