{
  "Plan": {
    "Node Type": "Aggregate",
    "Strategy": "Plain",
    "Partial Mode": "Finalize",
    "Parallel Aware": false,
    "Startup Cost": 433768.09,
    "Total Cost": 433768.1,
    "Plan Rows": 1,
    "Plan Width": 8,
    "Actual Startup Time": 5013.23,
    "Actual Total Time": 5067.907,
    "Actual Rows": 1,
    "Actual Loops": 1,
    "Plans": [
      {
        "Node Type": "Gather",
        "Parent Relationship": "Outer",
        "Parallel Aware": false,
        "Startup Cost": 433767.98,
        "Total Cost": 433768.09,
        "Plan Rows": 1,
        "Plan Width": 8,
        "Actual Startup Time": 5005.668,
        "Actual Total Time": 5067.891,
        "Actual Rows": 2,
        "Actual Loops": 1,
        "Workers Planned": 1,
        "Workers Launched": 1,
        "Single Copy": false,
        "Plans": [
          {
            "Node Type": "Aggregate",
            "Strategy": "Plain",
            "Partial Mode": "Partial",
            "Parent Relationship": "Outer",
            "Parallel Aware": false,
            "Startup Cost": 432767.98,
            "Total Cost": 432767.99,
            "Plan Rows": 1,
            "Plan Width": 8,
            "Actual Startup Time": 4999.587,
            "Actual Total Time": 5000.188,
            "Actual Rows": 1,
            "Actual Loops": 2,
            "Plans": [
              {
                "Node Type": "Hash Join",
                "Parent Relationship": "Outer",
                "Parallel Aware": true,
                "Join Type": "Inner",
                "Startup Cost": 126286.5,
                "Total Cost": 425337.28,
                "Plan Rows": 2972281,
                "Plan Width": 0,
                "Actual Startup Time": 995.224,
                "Actual Total Time": 4283.148,
                "Actual Rows": 18100024,
                "Actual Loops": 2,
                "Inner Unique": false,
                "Hash Cond": "(mi.movie_id = t.id)",
                "Plans": [
                  {
                    "Node Type": "Seq Scan",
                    "Parent Relationship": "Outer",
                    "Parallel Aware": true,
                    "Relation Name": "movie_info",
                    "Alias": "mi",
                    "Startup Cost": 0.0,
                    "Total Cost": 248955.74,
                    "Plan Rows": 8696274,
                    "Plan Width": 4,
                    "Actual Startup Time": 0.02,
                    "Actual Total Time": 733.259,
                    "Actual Rows": 7417860,
                    "Actual Loops": 2
                  },
                  {
                    "Node Type": "Hash",
                    "Parent Relationship": "Inner",
                    "Parallel Aware": true,
                    "Startup Cost": 119932.52,
                    "Total Cost": 119932.52,
                    "Plan Rows": 508318,
                    "Plan Width": 8,
                    "Actual Startup Time": 985.572,
                    "Actual Total Time": 986.17,
                    "Actual Rows": 435588,
                    "Actual Loops": 2,
                    "Hash Buckets": 1048576,
                    "Original Hash Buckets": 1048576,
                    "Hash Batches": 1,
                    "Original Hash Batches": 1,
                    "Peak Memory Usage": 42304,
                    "Plans": [
                      {
                        "Node Type": "Hash Join",
                        "Parent Relationship": "Outer",
                        "Parallel Aware": true,
                        "Join Type": "Inner",
                        "Startup Cost": 87790.22,
                        "Total Cost": 119932.52,
                        "Plan Rows": 508318,
                        "Plan Width": 8,
                        "Actual Startup Time": 639.032,
                        "Actual Total Time": 879.442,
                        "Actual Rows": 435588,
                        "Actual Loops": 2,
                        "Inner Unique": true,
                        "Hash Cond": "(mk.movie_id = t.id)",
                        "Plans": [
                          {
                            "Node Type": "Bitmap Heap Scan",
                            "Parent Relationship": "Outer",
                            "Parallel Aware": true,
                            "Relation Name": "movie_keyword",
                            "Alias": "mk",
                            "Startup Cost": 18329.52,
                            "Total Cost": 49137.49,
                            "Plan Rows": 508318,
                            "Plan Width": 4,
                            "Actual Startup Time": 46.942,
                            "Actual Total Time": 149.4,
                            "Actual Rows": 435588,
                            "Actual Loops": 2,
                            "Recheck Cond": "(keyword_id < 828)",
                            "Rows Removed by Index Recheck": 0,
                            "Exact Heap Blocks": 12451,
                            "Lossy Heap Blocks": 0,
                            "Plans": [
                              {
                                "Node Type": "Bitmap Index Scan",
                                "Parent Relationship": "Outer",
                                "Parallel Aware": false,
                                "Index Name": "keyword_id_movie_keyword",
                                "Startup Cost": 0.0,
                                "Total Cost": 18113.48,
                                "Plan Rows": 864140,
                                "Plan Width": 0,
                                "Actual Startup Time": 43.328,
                                "Actual Total Time": 43.329,
                                "Actual Rows": 871177,
                                "Actual Loops": 1,
                                "Index Cond": "(keyword_id < 828)"
                              }
                            ]
                          },
                          {
                            "Node Type": "Hash",
                            "Parent Relationship": "Inner",
                            "Parallel Aware": true,
                            "Startup Cost": 50870.31,
                            "Total Cost": 50870.31,
                            "Plan Rows": 1487231,
                            "Plan Width": 4,
                            "Actual Startup Time": 576.132,
                            "Actual Total Time": 576.133,
                            "Actual Rows": 1264156,
                            "Actual Loops": 2,
                            "Hash Buckets": 4194304,
                            "Original Hash Buckets": 4194304,
                            "Hash Batches": 1,
                            "Original Hash Batches": 1,
                            "Peak Memory Usage": 131712,
                            "Plans": [
                              {
                                "Node Type": "Seq Scan",
                                "Parent Relationship": "Outer",
                                "Parallel Aware": true,
                                "Relation Name": "title",
                                "Alias": "t",
                                "Startup Cost": 0.0,
                                "Total Cost": 50870.31,
                                "Plan Rows": 1487231,
                                "Plan Width": 4,
                                "Actual Startup Time": 0.036,
                                "Actual Total Time": 162.621,
                                "Actual Rows": 1264156,
                                "Actual Loops": 2
                              }
                            ]
                          }
                        ]
                      }
                    ]
                  }
                ]
              }
            ]
          }
        ]
      }
    ]
  },
  "Planning Time": 0.961,
  "Triggers": [],
  "Execution Time": 5068.028
}