{
  "Plan": {
    "Node Type": "Aggregate",
    "Strategy": "Plain",
    "Partial Mode": "Finalize",
    "Parallel Aware": false,
    "Startup Cost": 101673.99,
    "Total Cost": 101674.0,
    "Plan Rows": 1,
    "Plan Width": 8,
    "Actual Startup Time": 159.652,
    "Actual Total Time": 170.393,
    "Actual Rows": 1,
    "Actual Loops": 1,
    "Plans": [
      {
        "Node Type": "Gather",
        "Parent Relationship": "Outer",
        "Parallel Aware": false,
        "Startup Cost": 101673.87,
        "Total Cost": 101673.98,
        "Plan Rows": 1,
        "Plan Width": 8,
        "Actual Startup Time": 159.513,
        "Actual Total Time": 170.385,
        "Actual Rows": 2,
        "Actual Loops": 1,
        "Workers Planned": 1,
        "Workers Launched": 1,
        "Single Copy": false,
        "Plans": [
          {
            "Node Type": "Aggregate",
            "Strategy": "Plain",
            "Partial Mode": "Partial",
            "Parent Relationship": "Outer",
            "Parallel Aware": false,
            "Startup Cost": 100673.87,
            "Total Cost": 100673.88,
            "Plan Rows": 1,
            "Plan Width": 8,
            "Actual Startup Time": 153.557,
            "Actual Total Time": 153.559,
            "Actual Rows": 1,
            "Actual Loops": 2,
            "Plans": [
              {
                "Node Type": "Nested Loop",
                "Parent Relationship": "Outer",
                "Parallel Aware": false,
                "Join Type": "Inner",
                "Startup Cost": 0.43,
                "Total Cost": 100652.62,
                "Plan Rows": 8500,
                "Plan Width": 0,
                "Actual Startup Time": 2.176,
                "Actual Total Time": 153.44,
                "Actual Rows": 1836,
                "Actual Loops": 2,
                "Inner Unique": false,
                "Plans": [
                  {
                    "Node Type": "Seq Scan",
                    "Parent Relationship": "Outer",
                    "Parallel Aware": true,
                    "Relation Name": "title",
                    "Alias": "t",
                    "Startup Cost": 0.0,
                    "Total Cost": 58306.47,
                    "Plan Rows": 4972,
                    "Plan Width": 4,
                    "Actual Startup Time": 0.196,
                    "Actual Total Time": 141.498,
                    "Actual Rows": 3912,
                    "Actual Loops": 2,
                    "Filter": "((kind_id = 7) AND (production_year = 1965))",
                    "Rows Removed by Filter": 1260244
                  },
                  {
                    "Node Type": "Index Scan",
                    "Parent Relationship": "Inner",
                    "Parallel Aware": false,
                    "Scan Direction": "Forward",
                    "Index Name": "movie_id_movie_keyword",
                    "Relation Name": "movie_keyword",
                    "Alias": "mk",
                    "Startup Cost": 0.43,
                    "Total Cost": 8.09,
                    "Plan Rows": 43,
                    "Plan Width": 4,
                    "Actual Startup Time": 0.003,
                    "Actual Total Time": 0.003,
                    "Actual Rows": 0,
                    "Actual Loops": 7824,
                    "Index Cond": "(movie_id = t.id)",
                    "Rows Removed by Index Recheck": 0,
                    "Filter": "(keyword_id < 68959)",
                    "Rows Removed by Filter": 0
                  }
                ]
              }
            ]
          }
        ]
      }
    ]
  },
  "Planning Time": 0.509,
  "Triggers": [],
  "Execution Time": 170.47
}