[
  {
    "Plan": {
      "Node Type": "Aggregate",
      "Strategy": "Plain",
      "Partial Mode": "Finalize",
      "Parallel Aware": false,
      "Startup Cost": 392316.74,
      "Total Cost": 392316.75,
      "Plan Rows": 1,
      "Plan Width": 8,
      "Actual Startup Time": 3669.356,
      "Actual Total Time": 3764.07,
      "Actual Rows": 1,
      "Actual Loops": 1,
      "Plans": [
        {
          "Node Type": "Gather",
          "Parent Relationship": "Outer",
          "Parallel Aware": false,
          "Startup Cost": 392316.32,
          "Total Cost": 392316.73,
          "Plan Rows": 4,
          "Plan Width": 8,
          "Actual Startup Time": 3669.344,
          "Actual Total Time": 3764.06,
          "Actual Rows": 5,
          "Actual Loops": 1,
          "Workers Planned": 4,
          "Workers Launched": 4,
          "Single Copy": false,
          "Plans": [
            {
              "Node Type": "Aggregate",
              "Strategy": "Plain",
              "Partial Mode": "Partial",
              "Parent Relationship": "Outer",
              "Parallel Aware": false,
              "Startup Cost": 391316.32,
              "Total Cost": 391316.33,
              "Plan Rows": 1,
              "Plan Width": 8,
              "Actual Startup Time": 3662.026,
              "Actual Total Time": 3662.028,
              "Actual Rows": 1,
              "Actual Loops": 5,
              "Plans": [
                {
                  "Node Type": "Nested Loop",
                  "Parent Relationship": "Outer",
                  "Parallel Aware": false,
                  "Join Type": "Inner",
                  "Startup Cost": 12.74,
                  "Total Cost": 389925.75,
                  "Plan Rows": 556228,
                  "Plan Width": 0,
                  "Actual Startup Time": 354.357,
                  "Actual Total Time": 3604.96,
                  "Actual Rows": 1114645,
                  "Actual Loops": 5,
                  "Inner Unique": false,
                  "Join Filter": "(t.id = ci.movie_id)",
                  "Rows Removed by Join Filter": 0,
                  "Plans": [
                    {
                      "Node Type": "Merge Join",
                      "Parent Relationship": "Outer",
                      "Parallel Aware": false,
                      "Join Type": "Inner",
                      "Startup Cost": 12.17,
                      "Total Cost": 151255.11,
                      "Plan Rows": 90082,
                      "Plan Width": 8,
                      "Actual Startup Time": 354.208,
                      "Actual Total Time": 727.922,
                      "Actual Rows": 125980,
                      "Actual Loops": 5,
                      "Inner Unique": false,
                      "Merge Cond": "(t.id = mi_idx.movie_id)",
                      "Plans": [
                        {
                          "Node Type": "Index Scan",
                          "Parent Relationship": "Outer",
                          "Parallel Aware": true,
                          "Scan Direction": "Forward",
                          "Index Name": "title_pkey",
                          "Relation Name": "title",
                          "Alias": "t",
                          "Startup Cost": 0.43,
                          "Total Cost": 92969.49,
                          "Plan Rows": 165043,
                          "Plan Width": 4,
                          "Actual Startup Time": 192.048,
                          "Actual Total Time": 380.634,
                          "Actual Rows": 132332,
                          "Actual Loops": 5,
                          "Filter": "(kind_id = 1)",
                          "Rows Removed by Filter": 372833
                        },
                        {
                          "Node Type": "Index Only Scan",
                          "Parent Relationship": "Inner",
                          "Parallel Aware": false,
                          "Scan Direction": "Forward",
                          "Index Name": "movie_id_movie_info_idx",
                          "Relation Name": "movie_info_idx",
                          "Alias": "mi_idx",
                          "Startup Cost": 0.43,
                          "Total Cost": 53621.69,
                          "Plan Rows": 1380035,
                          "Plan Width": 4,
                          "Actual Startup Time": 0.061,
                          "Actual Total Time": 260.665,
                          "Actual Rows": 1380035,
                          "Actual Loops": 5,
                          "Heap Fetches": 6900175
                        }
                      ]
                    },
                    {
                      "Node Type": "Index Scan",
                      "Parent Relationship": "Inner",
                      "Parallel Aware": false,
                      "Scan Direction": "Forward",
                      "Index Name": "movie_id_cast_info",
                      "Relation Name": "cast_info",
                      "Alias": "ci",
                      "Startup Cost": 0.56,
                      "Total Cost": 2.46,
                      "Plan Rows": 15,
                      "Plan Width": 4,
                      "Actual Startup Time": 0.011,
                      "Actual Total Time": 0.022,
                      "Actual Rows": 9,
                      "Actual Loops": 629900,
                      "Index Cond": "(movie_id = mi_idx.movie_id)",
                      "Rows Removed by Index Recheck": 0,
                      "Filter": "((person_id < 2482572) AND (role_id > 1))",
                      "Rows Removed by Filter": 21
                    }
                  ]
                }
              ]
            }
          ]
        }
      ]
    },
    "Planning Time": 0.869,
    "Triggers": [],
    "Execution Time": 3764.149
  }
]