{
    "Plan": {
        "Node Type": "Aggregate",
        "Strategy": "Plain",
        "Partial Mode": "Simple",
        "Parallel Aware": false,
        "Startup Cost": 10000569684.25,
        "Total Cost": 10000569684.26,
        "Plan Rows": 1,
        "Plan Width": 8,
        "Actual Startup Time": 4033.152,
        "Actual Total Time": 4033.157,
        "Actual Rows": 1,
        "Actual Loops": 1,
        "Output": [
            "count(*)"
        ],
        "Plans": [
            {
                "Node Type": "Hash Join",
                "Parent Relationship": "Outer",
                "Parallel Aware": false,
                "Join Type": "Inner",
                "Startup Cost": 10000275386.41,
                "Total Cost": 10000569318.6,
                "Plan Rows": 146258,
                "Plan Width": 0,
                "Actual Startup Time": 2058.923,
                "Actual Total Time": 4012.348,
                "Actual Rows": 392537,
                "Actual Loops": 1,
                "Inner Unique": true,
                "Hash Cond": "(mi.movie_id = t.id)",
                "Plans": [
                    {
                        "Node Type": "Bitmap Heap Scan",
                        "Parent Relationship": "Outer",
                        "Parallel Aware": false,
                        "Relation Name": "movie_info",
                        "Schema": "public",
                        "Alias": "mi",
                        "Startup Cost": 158193.62,
                        "Total Cost": 429227.25,
                        "Plan Rows": 8723250,
                        "Plan Width": 4,
                        "Actual Startup Time": 318.228,
                        "Actual Total Time": 1348.414,
                        "Actual Rows": 8770496,
                        "Actual Loops": 1,
                        "Output": [
                            "mi.id",
                            "mi.movie_id",
                            "mi.info_type_id",
                            "mi.info",
                            "mi.note"
                        ],
                        "Recheck Cond": "(mi.info_type_id < 12)",
                        "Rows Removed by Index Recheck": 0,
                        "Exact Heap Blocks": 60240,
                        "Lossy Heap Blocks": 0,
                        "Plans": [
                            {
                                "Node Type": "Bitmap Index Scan",
                                "Parent Relationship": "Outer",
                                "Parallel Aware": false,
                                "Index Name": "info_type_id_movie_info",
                                "Startup Cost": 0.0,
                                "Total Cost": 156012.81,
                                "Plan Rows": 8723250,
                                "Plan Width": 0,
                                "Actual Startup Time": 309.131,
                                "Actual Total Time": 309.133,
                                "Actual Rows": 8770496,
                                "Actual Loops": 1,
                                "Index Cond": "(mi.info_type_id < 12)"
                            }
                        ]
                    },
                    {
                        "Node Type": "Hash",
                        "Parent Relationship": "Inner",
                        "Parallel Aware": false,
                        "Startup Cost": 10000116662.9,
                        "Total Cost": 10000116662.9,
                        "Plan Rows": 42391,
                        "Plan Width": 4,
                        "Actual Startup Time": 1670.949,
                        "Actual Total Time": 1670.951,
                        "Actual Rows": 42820,
                        "Actual Loops": 1,
                        "Output": [
                            "t.id"
                        ],
                        "Hash Buckets": 65536,
                        "Original Hash Buckets": 65536,
                        "Hash Batches": 1,
                        "Original Hash Batches": 1,
                        "Peak Memory Usage": 2018,
                        "Plans": [
                            {
                                "Node Type": "Index Scan",
                                "Parent Relationship": "Outer",
                                "Parallel Aware": false,
                                "Scan Direction": "Forward",
                                "Index Name": "title_pkey",
                                "Relation Name": "title",
                                "Schema": "public",
                                "Alias": "t",
                                "Startup Cost": 10000000000.43,
                                "Total Cost": 10000116662.9,
                                "Plan Rows": 42391,
                                "Plan Width": 4,
                                "Actual Startup Time": 451.003,
                                "Actual Total Time": 1656.176,
                                "Actual Rows": 42820,
                                "Actual Loops": 1,
                                "Output": [
                                    "t.id"
                                ],
                                "Filter": "(t.production_year < 1913)",
                                "Rows Removed by Filter": 2485492
                            }
                        ]
                    }
                ]
            }
        ]
    },
    "Planning Time": 1.357,
    "Triggers": [],
    "Execution Time": 4033.504
}