[
  {
    "Plan": {
      "Node Type": "Aggregate",
      "Strategy": "Plain",
      "Partial Mode": "Finalize",
      "Parallel Aware": false,
      "Startup Cost": 396434.47,
      "Total Cost": 396434.48,
      "Plan Rows": 1,
      "Plan Width": 8,
      "Actual Startup Time": 1080.936,
      "Actual Total Time": 1149.789,
      "Actual Rows": 1,
      "Actual Loops": 1,
      "Plans": [
        {
          "Node Type": "Gather",
          "Parent Relationship": "Outer",
          "Parallel Aware": false,
          "Startup Cost": 396433.85,
          "Total Cost": 396434.46,
          "Plan Rows": 6,
          "Plan Width": 8,
          "Actual Startup Time": 1077.942,
          "Actual Total Time": 1149.772,
          "Actual Rows": 7,
          "Actual Loops": 1,
          "Workers Planned": 6,
          "Workers Launched": 6,
          "Single Copy": false,
          "Plans": [
            {
              "Node Type": "Aggregate",
              "Strategy": "Plain",
              "Partial Mode": "Partial",
              "Parent Relationship": "Outer",
              "Parallel Aware": false,
              "Startup Cost": 395433.85,
              "Total Cost": 395433.86,
              "Plan Rows": 1,
              "Plan Width": 8,
              "Actual Startup Time": 1067.206,
              "Actual Total Time": 1067.21,
              "Actual Rows": 1,
              "Actual Loops": 7,
              "Plans": [
                {
                  "Node Type": "Hash Join",
                  "Parent Relationship": "Outer",
                  "Parallel Aware": true,
                  "Join Type": "Inner",
                  "Startup Cost": 46037.21,
                  "Total Cost": 395046.84,
                  "Plan Rows": 154802,
                  "Plan Width": 0,
                  "Actual Startup Time": 362.209,
                  "Actual Total Time": 1060.018,
                  "Actual Rows": 136754,
                  "Actual Loops": 7,
                  "Inner Unique": true,
                  "Hash Cond": "(ci.movie_id = t.id)",
                  "Plans": [
                    {
                      "Node Type": "Seq Scan",
                      "Parent Relationship": "Outer",
                      "Parallel Aware": true,
                      "Relation Name": "cast_info",
                      "Alias": "ci",
                      "Startup Cost": 0.0,
                      "Total Cost": 343257.03,
                      "Plan Rows": 2191463,
                      "Plan Width": 4,
                      "Actual Startup Time": 254.484,
                      "Actual Total Time": 693.366,
                      "Actual Rows": 1565229,
                      "Actual Loops": 7,
                      "Filter": "((person_id > 1978784) AND (role_id < 8))",
                      "Rows Removed by Filter": 3612535
                    },
                    {
                      "Node Type": "Hash",
                      "Parent Relationship": "Inner",
                      "Parallel Aware": true,
                      "Startup Cost": 45479.1,
                      "Total Cost": 45479.1,
                      "Plan Rows": 44649,
                      "Plan Width": 4,
                      "Actual Startup Time": 105.679,
                      "Actual Total Time": 105.681,
                      "Actual Rows": 41175,
                      "Actual Loops": 7,
                      "Hash Buckets": 524288,
                      "Original Hash Buckets": 262144,
                      "Hash Batches": 1,
                      "Original Hash Batches": 1,
                      "Peak Memory Usage": 17504,
                      "Plans": [
                        {
                          "Node Type": "Seq Scan",
                          "Parent Relationship": "Outer",
                          "Parallel Aware": true,
                          "Relation Name": "title",
                          "Alias": "t",
                          "Startup Cost": 0.0,
                          "Total Cost": 45479.1,
                          "Plan Rows": 44649,
                          "Plan Width": 4,
                          "Actual Startup Time": 0.08,
                          "Actual Total Time": 78.759,
                          "Actual Rows": 41175,
                          "Actual Loops": 7,
                          "Filter": "((kind_id < 7) AND (production_year < 1977))",
                          "Rows Removed by Filter": 320013
                        }
                      ]
                    }
                  ]
                }
              ]
            }
          ]
        }
      ]
    },
    "Planning Time": 0.669,
    "Triggers": [],
    "Execution Time": 1149.885
  }
]