[
  {
    "Plan": {
      "Node Type": "Aggregate",
      "Strategy": "Plain",
      "Partial Mode": "Finalize",
      "Parallel Aware": false,
      "Startup Cost": 88827.71,
      "Total Cost": 88827.72,
      "Plan Rows": 1,
      "Plan Width": 8,
      "Actual Startup Time": 336.611,
      "Actual Total Time": 372.659,
      "Actual Rows": 1,
      "Actual Loops": 1,
      "Plans": [
        {
          "Node Type": "Gather",
          "Parent Relationship": "Outer",
          "Parallel Aware": false,
          "Startup Cost": 88827.39,
          "Total Cost": 88827.7,
          "Plan Rows": 3,
          "Plan Width": 8,
          "Actual Startup Time": 336.396,
          "Actual Total Time": 372.648,
          "Actual Rows": 4,
          "Actual Loops": 1,
          "Workers Planned": 3,
          "Workers Launched": 3,
          "Single Copy": false,
          "Plans": [
            {
              "Node Type": "Aggregate",
              "Strategy": "Plain",
              "Partial Mode": "Partial",
              "Parent Relationship": "Outer",
              "Parallel Aware": false,
              "Startup Cost": 87827.39,
              "Total Cost": 87827.4,
              "Plan Rows": 1,
              "Plan Width": 8,
              "Actual Startup Time": 327.039,
              "Actual Total Time": 327.043,
              "Actual Rows": 1,
              "Actual Loops": 4,
              "Plans": [
                {
                  "Node Type": "Nested Loop",
                  "Parent Relationship": "Outer",
                  "Parallel Aware": false,
                  "Join Type": "Inner",
                  "Startup Cost": 45560.3,
                  "Total Cost": 87752.27,
                  "Plan Rows": 30049,
                  "Plan Width": 0,
                  "Actual Startup Time": 100.946,
                  "Actual Total Time": 321.93,
                  "Actual Rows": 102824,
                  "Actual Loops": 4,
                  "Inner Unique": false,
                  "Join Filter": "(t.id = mi.movie_id)",
                  "Rows Removed by Join Filter": 0,
                  "Plans": [
                    {
                      "Node Type": "Hash Join",
                      "Parent Relationship": "Outer",
                      "Parallel Aware": true,
                      "Join Type": "Inner",
                      "Startup Cost": 45559.86,
                      "Total Cost": 76190.27,
                      "Plan Rows": 5139,
                      "Plan Width": 8,
                      "Actual Startup Time": 100.862,
                      "Actual Total Time": 197.32,
                      "Actual Rows": 6876,
                      "Actual Loops": 4,
                      "Inner Unique": true,
                      "Hash Cond": "(mc.movie_id = t.id)",
                      "Plans": [
                        {
                          "Node Type": "Seq Scan",
                          "Parent Relationship": "Outer",
                          "Parallel Aware": true,
                          "Relation Name": "movie_companies",
                          "Alias": "mc",
                          "Startup Cost": 0.0,
                          "Total Cost": 29310.68,
                          "Plan Rows": 502755,
                          "Plan Width": 4,
                          "Actual Startup Time": 3.202,
                          "Actual Total Time": 63.416,
                          "Actual Rows": 389875,
                          "Actual Loops": 4,
                          "Filter": "(company_id > 6153)",
                          "Rows Removed by Filter": 262407
                        },
                        {
                          "Node Type": "Hash",
                          "Parent Relationship": "Inner",
                          "Parallel Aware": true,
                          "Startup Cost": 45479.1,
                          "Total Cost": 45479.1,
                          "Plan Rows": 6461,
                          "Plan Width": 4,
                          "Actual Startup Time": 96.175,
                          "Actual Total Time": 96.176,
                          "Actual Rows": 5927,
                          "Actual Loops": 4,
                          "Hash Buckets": 32768,
                          "Original Hash Buckets": 32768,
                          "Hash Batches": 1,
                          "Original Hash Batches": 1,
                          "Peak Memory Usage": 1216,
                          "Plans": [
                            {
                              "Node Type": "Seq Scan",
                              "Parent Relationship": "Outer",
                              "Parallel Aware": true,
                              "Relation Name": "title",
                              "Alias": "t",
                              "Startup Cost": 0.0,
                              "Total Cost": 45479.1,
                              "Plan Rows": 6461,
                              "Plan Width": 4,
                              "Actual Startup Time": 0.8,
                              "Actual Total Time": 93.472,
                              "Actual Rows": 5927,
                              "Actual Loops": 4,
                              "Filter": "((kind_id < 7) AND (production_year = 2013))",
                              "Rows Removed by Filter": 626151
                            }
                          ]
                        }
                      ]
                    },
                    {
                      "Node Type": "Index Only Scan",
                      "Parent Relationship": "Inner",
                      "Parallel Aware": false,
                      "Scan Direction": "Forward",
                      "Index Name": "movie_id_movie_info",
                      "Relation Name": "movie_info",
                      "Alias": "mi",
                      "Startup Cost": 0.43,
                      "Total Cost": 1.72,
                      "Plan Rows": 42,
                      "Plan Width": 4,
                      "Actual Startup Time": 0.006,
                      "Actual Total Time": 0.017,
                      "Actual Rows": 15,
                      "Actual Loops": 27506,
                      "Index Cond": "(movie_id = mc.movie_id)",
                      "Rows Removed by Index Recheck": 0,
                      "Heap Fetches": 411296
                    }
                  ]
                }
              ]
            }
          ]
        }
      ]
    },
    "Planning Time": 1.523,
    "Triggers": [],
    "Execution Time": 372.767
  }
]