[
  {
    "Plan": {
      "Node Type": "Aggregate",
      "Strategy": "Plain",
      "Partial Mode": "Finalize",
      "Parallel Aware": false,
      "Startup Cost": 336934.73,
      "Total Cost": 336934.74,
      "Plan Rows": 1,
      "Plan Width": 8,
      "Actual Startup Time": 708.091,
      "Actual Total Time": 754.619,
      "Actual Rows": 1,
      "Actual Loops": 1,
      "Plans": [
        {
          "Node Type": "Gather",
          "Parent Relationship": "Outer",
          "Parallel Aware": false,
          "Startup Cost": 336934.1,
          "Total Cost": 336934.71,
          "Plan Rows": 6,
          "Plan Width": 8,
          "Actual Startup Time": 707.896,
          "Actual Total Time": 754.607,
          "Actual Rows": 7,
          "Actual Loops": 1,
          "Workers Planned": 6,
          "Workers Launched": 6,
          "Single Copy": false,
          "Plans": [
            {
              "Node Type": "Aggregate",
              "Strategy": "Plain",
              "Partial Mode": "Partial",
              "Parent Relationship": "Outer",
              "Parallel Aware": false,
              "Startup Cost": 335934.1,
              "Total Cost": 335934.11,
              "Plan Rows": 1,
              "Plan Width": 8,
              "Actual Startup Time": 701.066,
              "Actual Total Time": 701.067,
              "Actual Rows": 1,
              "Actual Loops": 7,
              "Plans": [
                {
                  "Node Type": "Seq Scan",
                  "Parent Relationship": "Outer",
                  "Parallel Aware": true,
                  "Relation Name": "cast_info",
                  "Alias": "ci",
                  "Startup Cost": 0.0,
                  "Total Cost": 328211.39,
                  "Plan Rows": 3089085,
                  "Plan Width": 0,
                  "Actual Startup Time": 188.004,
                  "Actual Total Time": 576.025,
                  "Actual Rows": 2626317,
                  "Actual Loops": 7,
                  "Filter": "(person_id > 1769966)",
                  "Rows Removed by Filter": 2551446
                }
              ]
            }
          ]
        }
      ]
    },
    "Planning Time": 0.201,
    "Triggers": [],
    "Execution Time": 754.689
  }
]