{
  "Plan": {
    "Node Type": "Aggregate",
    "Strategy": "Plain",
    "Partial Mode": "Finalize",
    "Parallel Aware": false,
    "Startup Cost": 405146.7,
    "Total Cost": 405146.71,
    "Plan Rows": 1,
    "Plan Width": 8,
    "Actual Startup Time": 1467.094,
    "Actual Total Time": 1484.828,
    "Actual Rows": 1,
    "Actual Loops": 1,
    "Plans": [
      {
        "Node Type": "Gather",
        "Parent Relationship": "Outer",
        "Parallel Aware": false,
        "Startup Cost": 405146.58,
        "Total Cost": 405146.69,
        "Plan Rows": 1,
        "Plan Width": 8,
        "Actual Startup Time": 1463.597,
        "Actual Total Time": 1484.822,
        "Actual Rows": 2,
        "Actual Loops": 1,
        "Workers Planned": 1,
        "Workers Launched": 1,
        "Single Copy": false,
        "Plans": [
          {
            "Node Type": "Aggregate",
            "Strategy": "Plain",
            "Partial Mode": "Partial",
            "Parent Relationship": "Outer",
            "Parallel Aware": false,
            "Startup Cost": 404146.58,
            "Total Cost": 404146.59,
            "Plan Rows": 1,
            "Plan Width": 8,
            "Actual Startup Time": 1451.269,
            "Actual Total Time": 1451.272,
            "Actual Rows": 1,
            "Actual Loops": 2,
            "Plans": [
              {
                "Node Type": "Hash Join",
                "Parent Relationship": "Outer",
                "Parallel Aware": true,
                "Join Type": "Inner",
                "Startup Cost": 125265.67,
                "Total Cost": 400431.14,
                "Plan Rows": 1486179,
                "Plan Width": 0,
                "Actual Startup Time": 680.83,
                "Actual Total Time": 1396.506,
                "Actual Rows": 1277956,
                "Actual Loops": 2,
                "Inner Unique": true,
                "Hash Cond": "(ci.movie_id = t.id)",
                "Plans": [
                  {
                    "Node Type": "Bitmap Heap Scan",
                    "Parent Relationship": "Outer",
                    "Parallel Aware": true,
                    "Relation Name": "cast_info",
                    "Alias": "ci",
                    "Startup Cost": 55804.97,
                    "Total Cost": 327069.21,
                    "Plan Rows": 1486179,
                    "Plan Width": 4,
                    "Actual Startup Time": 149.976,
                    "Actual Total Time": 271.528,
                    "Actual Rows": 1277956,
                    "Actual Loops": 2,
                    "Recheck Cond": "(person_id < 246854)",
                    "Rows Removed by Index Recheck": 0,
                    "Exact Heap Blocks": 13672,
                    "Lossy Heap Blocks": 0,
                    "Plans": [
                      {
                        "Node Type": "Bitmap Index Scan",
                        "Parent Relationship": "Outer",
                        "Parallel Aware": false,
                        "Index Name": "person_id_cast_info",
                        "Startup Cost": 0.0,
                        "Total Cost": 55173.35,
                        "Plan Rows": 2526504,
                        "Plan Width": 0,
                        "Actual Startup Time": 145.984,
                        "Actual Total Time": 145.984,
                        "Actual Rows": 2555912,
                        "Actual Loops": 1,
                        "Index Cond": "(person_id < 246854)"
                      }
                    ]
                  },
                  {
                    "Node Type": "Hash",
                    "Parent Relationship": "Inner",
                    "Parallel Aware": true,
                    "Startup Cost": 50870.31,
                    "Total Cost": 50870.31,
                    "Plan Rows": 1487231,
                    "Plan Width": 4,
                    "Actual Startup Time": 509.305,
                    "Actual Total Time": 509.306,
                    "Actual Rows": 1264156,
                    "Actual Loops": 2,
                    "Hash Buckets": 4194304,
                    "Original Hash Buckets": 4194304,
                    "Hash Batches": 1,
                    "Original Hash Batches": 1,
                    "Peak Memory Usage": 131712,
                    "Plans": [
                      {
                        "Node Type": "Seq Scan",
                        "Parent Relationship": "Outer",
                        "Parallel Aware": true,
                        "Relation Name": "title",
                        "Alias": "t",
                        "Startup Cost": 0.0,
                        "Total Cost": 50870.31,
                        "Plan Rows": 1487231,
                        "Plan Width": 4,
                        "Actual Startup Time": 0.019,
                        "Actual Total Time": 146.224,
                        "Actual Rows": 1264156,
                        "Actual Loops": 2
                      }
                    ]
                  }
                ]
              }
            ]
          }
        ]
      }
    ]
  },
  "Planning Time": 0.648,
  "Triggers": [],
  "Execution Time": 1484.916
}