[
  {
    "Plan": {
      "Node Type": "Aggregate",
      "Strategy": "Plain",
      "Partial Mode": "Finalize",
      "Parallel Aware": false,
      "Startup Cost": 272662.84,
      "Total Cost": 272662.85,
      "Plan Rows": 1,
      "Plan Width": 8,
      "Actual Startup Time": 698.732,
      "Actual Total Time": 722.228,
      "Actual Rows": 1,
      "Actual Loops": 1,
      "Plans": [
        {
          "Node Type": "Gather",
          "Parent Relationship": "Outer",
          "Parallel Aware": false,
          "Startup Cost": 272662.22,
          "Total Cost": 272662.83,
          "Plan Rows": 6,
          "Plan Width": 8,
          "Actual Startup Time": 690.635,
          "Actual Total Time": 722.219,
          "Actual Rows": 7,
          "Actual Loops": 1,
          "Workers Planned": 6,
          "Workers Launched": 6,
          "Single Copy": false,
          "Plans": [
            {
              "Node Type": "Aggregate",
              "Strategy": "Plain",
              "Partial Mode": "Partial",
              "Parent Relationship": "Outer",
              "Parallel Aware": false,
              "Startup Cost": 271662.22,
              "Total Cost": 271662.23,
              "Plan Rows": 1,
              "Plan Width": 8,
              "Actual Startup Time": 679.397,
              "Actual Total Time": 679.607,
              "Actual Rows": 1,
              "Actual Loops": 7,
              "Plans": [
                {
                  "Node Type": "Hash Join",
                  "Parent Relationship": "Outer",
                  "Parallel Aware": true,
                  "Join Type": "Inner",
                  "Startup Cost": 68039.12,
                  "Total Cost": 271129.25,
                  "Plan Rows": 213188,
                  "Plan Width": 0,
                  "Actual Startup Time": 266.109,
                  "Actual Total Time": 667.586,
                  "Actual Rows": 272403,
                  "Actual Loops": 7,
                  "Inner Unique": false,
                  "Hash Cond": "(ci.movie_id = t.id)",
                  "Plans": [
                    {
                      "Node Type": "Index Scan",
                      "Parent Relationship": "Outer",
                      "Parallel Aware": true,
                      "Scan Direction": "Forward",
                      "Index Name": "role_id_cast_info",
                      "Relation Name": "cast_info",
                      "Alias": "ci",
                      "Startup Cost": 0.56,
                      "Total Cost": 197877.72,
                      "Plan Rows": 1153250,
                      "Plan Width": 4,
                      "Actual Startup Time": 0.284,
                      "Actual Total Time": 217.813,
                      "Actual Rows": 1064568,
                      "Actual Loops": 7,
                      "Index Cond": "(role_id = 2)",
                      "Rows Removed by Index Recheck": 0,
                      "Filter": "(person_id < 3652361)",
                      "Rows Removed by Filter": 0
                    },
                    {
                      "Node Type": "Hash",
                      "Parent Relationship": "Inner",
                      "Parallel Aware": true,
                      "Startup Cost": 65604.3,
                      "Total Cost": 65604.3,
                      "Plan Rows": 194740,
                      "Plan Width": 8,
                      "Actual Startup Time": 263.519,
                      "Actual Total Time": 263.727,
                      "Actual Rows": 52745,
                      "Actual Loops": 7,
                      "Hash Buckets": 524288,
                      "Original Hash Buckets": 524288,
                      "Hash Batches": 1,
                      "Original Hash Batches": 1,
                      "Peak Memory Usage": 18656,
                      "Plans": [
                        {
                          "Node Type": "Hash Join",
                          "Parent Relationship": "Outer",
                          "Parallel Aware": true,
                          "Join Type": "Inner",
                          "Startup Cost": 49469.46,
                          "Total Cost": 65604.3,
                          "Plan Rows": 194740,
                          "Plan Width": 8,
                          "Actual Startup Time": 188.296,
                          "Actual Total Time": 246.342,
                          "Actual Rows": 52745,
                          "Actual Loops": 7,
                          "Inner Unique": true,
                          "Hash Cond": "(mi_idx.movie_id = t.id)",
                          "Plans": [
                            {
                              "Node Type": "Seq Scan",
                              "Parent Relationship": "Outer",
                              "Parallel Aware": true,
                              "Relation Name": "movie_info_idx",
                              "Alias": "mi_idx",
                              "Startup Cost": 0.0,
                              "Total Cost": 15122.68,
                              "Plan Rows": 385585,
                              "Plan Width": 4,
                              "Actual Startup Time": 0.036,
                              "Actual Total Time": 22.619,
                              "Actual Rows": 131444,
                              "Actual Loops": 7,
                              "Filter": "(info_type_id > 99)",
                              "Rows Removed by Filter": 65704
                            },
                            {
                              "Node Type": "Hash",
                              "Parent Relationship": "Inner",
                              "Parallel Aware": true,
                              "Startup Cost": 45479.1,
                              "Total Cost": 45479.1,
                              "Plan Rows": 319229,
                              "Plan Width": 4,
                              "Actual Startup Time": 185.062,
                              "Actual Total Time": 185.064,
                              "Actual Rows": 199279,
                              "Actual Loops": 7,
                              "Hash Buckets": 2097152,
                              "Original Hash Buckets": 2097152,
                              "Hash Batches": 1,
                              "Original Hash Batches": 1,
                              "Peak Memory Usage": 71104,
                              "Plans": [
                                {
                                  "Node Type": "Seq Scan",
                                  "Parent Relationship": "Outer",
                                  "Parallel Aware": true,
                                  "Relation Name": "title",
                                  "Alias": "t",
                                  "Startup Cost": 0.0,
                                  "Total Cost": 45479.1,
                                  "Plan Rows": 319229,
                                  "Plan Width": 4,
                                  "Actual Startup Time": 0.048,
                                  "Actual Total Time": 80.247,
                                  "Actual Rows": 199279,
                                  "Actual Loops": 7,
                                  "Filter": "((kind_id > 1) AND (production_year > 1991))",
                                  "Rows Removed by Filter": 161908
                                }
                              ]
                            }
                          ]
                        }
                      ]
                    }
                  ]
                }
              ]
            }
          ]
        }
      ]
    },
    "Planning Time": 1.366,
    "Triggers": [],
    "Execution Time": 722.326
  }
]