[
  {
    "Plan": {
      "Node Type": "Aggregate",
      "Strategy": "Plain",
      "Partial Mode": "Finalize",
      "Parallel Aware": false,
      "Startup Cost": 33188.69,
      "Total Cost": 33188.7,
      "Plan Rows": 1,
      "Plan Width": 8,
      "Actual Startup Time": 99.429,
      "Actual Total Time": 105.597,
      "Actual Rows": 1,
      "Actual Loops": 1,
      "Plans": [
        {
          "Node Type": "Gather",
          "Parent Relationship": "Outer",
          "Parallel Aware": false,
          "Startup Cost": 33188.37,
          "Total Cost": 33188.68,
          "Plan Rows": 3,
          "Plan Width": 8,
          "Actual Startup Time": 99.297,
          "Actual Total Time": 105.589,
          "Actual Rows": 4,
          "Actual Loops": 1,
          "Workers Planned": 3,
          "Workers Launched": 3,
          "Single Copy": false,
          "Plans": [
            {
              "Node Type": "Aggregate",
              "Strategy": "Plain",
              "Partial Mode": "Partial",
              "Parent Relationship": "Outer",
              "Parallel Aware": false,
              "Startup Cost": 32188.37,
              "Total Cost": 32188.38,
              "Plan Rows": 1,
              "Plan Width": 8,
              "Actual Startup Time": 90.789,
              "Actual Total Time": 90.79,
              "Actual Rows": 1,
              "Actual Loops": 4,
              "Plans": [
                {
                  "Node Type": "Seq Scan",
                  "Parent Relationship": "Outer",
                  "Parallel Aware": true,
                  "Relation Name": "movie_companies",
                  "Alias": "mc",
                  "Startup Cost": 0.0,
                  "Total Cost": 31414.82,
                  "Plan Rows": 309421,
                  "Plan Width": 0,
                  "Actual Startup Time": 49.906,
                  "Actual Total Time": 83.84,
                  "Actual Rows": 161487,
                  "Actual Loops": 4,
                  "Filter": "((company_id < 39783) AND (company_type_id = 2))",
                  "Rows Removed by Filter": 490795
                }
              ]
            }
          ]
        }
      ]
    },
    "Planning Time": 0.221,
    "Triggers": [],
    "Execution Time": 105.656
  }
]