[
  {
    "Plan": {
      "Node Type": "Aggregate",
      "Strategy": "Plain",
      "Partial Mode": "Finalize",
      "Parallel Aware": false,
      "Startup Cost": 46562.0,
      "Total Cost": 46562.01,
      "Plan Rows": 1,
      "Plan Width": 8,
      "Actual Startup Time": 161.02,
      "Actual Total Time": 170.217,
      "Actual Rows": 1,
      "Actual Loops": 1,
      "Plans": [
        {
          "Node Type": "Gather",
          "Parent Relationship": "Outer",
          "Parallel Aware": false,
          "Startup Cost": 46561.68,
          "Total Cost": 46561.99,
          "Plan Rows": 3,
          "Plan Width": 8,
          "Actual Startup Time": 160.919,
          "Actual Total Time": 170.209,
          "Actual Rows": 4,
          "Actual Loops": 1,
          "Workers Planned": 3,
          "Workers Launched": 3,
          "Single Copy": false,
          "Plans": [
            {
              "Node Type": "Aggregate",
              "Strategy": "Plain",
              "Partial Mode": "Partial",
              "Parent Relationship": "Outer",
              "Parallel Aware": false,
              "Startup Cost": 45561.68,
              "Total Cost": 45561.69,
              "Plan Rows": 1,
              "Plan Width": 8,
              "Actual Startup Time": 155.49,
              "Actual Total Time": 155.492,
              "Actual Rows": 1,
              "Actual Loops": 4,
              "Plans": [
                {
                  "Node Type": "Seq Scan",
                  "Parent Relationship": "Outer",
                  "Parallel Aware": true,
                  "Relation Name": "movie_keyword",
                  "Alias": "mk",
                  "Startup Cost": 0.0,
                  "Total Cost": 42695.65,
                  "Plan Rows": 1146411,
                  "Plan Width": 0,
                  "Actual Startup Time": 0.057,
                  "Actual Total Time": 117.166,
                  "Actual Rows": 889315,
                  "Actual Loops": 4,
                  "Filter": "(keyword_id < 19732)",
                  "Rows Removed by Filter": 241668
                }
              ]
            }
          ]
        }
      ]
    },
    "Planning Time": 0.15,
    "Triggers": [],
    "Execution Time": 170.264
  }
]