[
  {
    "Plan": {
      "Node Type": "Aggregate",
      "Strategy": "Plain",
      "Partial Mode": "Finalize",
      "Parallel Aware": false,
      "Startup Cost": 45003.99,
      "Total Cost": 45004.0,
      "Plan Rows": 1,
      "Plan Width": 8,
      "Actual Startup Time": 133.441,
      "Actual Total Time": 143.157,
      "Actual Rows": 1,
      "Actual Loops": 1,
      "Plans": [
        {
          "Node Type": "Gather",
          "Parent Relationship": "Outer",
          "Parallel Aware": false,
          "Startup Cost": 45003.67,
          "Total Cost": 45003.98,
          "Plan Rows": 3,
          "Plan Width": 8,
          "Actual Startup Time": 133.311,
          "Actual Total Time": 143.148,
          "Actual Rows": 4,
          "Actual Loops": 1,
          "Workers Planned": 3,
          "Workers Launched": 3,
          "Single Copy": false,
          "Plans": [
            {
              "Node Type": "Aggregate",
              "Strategy": "Plain",
              "Partial Mode": "Partial",
              "Parent Relationship": "Outer",
              "Parallel Aware": false,
              "Startup Cost": 44003.67,
              "Total Cost": 44003.68,
              "Plan Rows": 1,
              "Plan Width": 8,
              "Actual Startup Time": 127.284,
              "Actual Total Time": 127.285,
              "Actual Rows": 1,
              "Actual Loops": 4,
              "Plans": [
                {
                  "Node Type": "Seq Scan",
                  "Parent Relationship": "Outer",
                  "Parallel Aware": true,
                  "Relation Name": "movie_keyword",
                  "Alias": "mk",
                  "Startup Cost": 0.0,
                  "Total Cost": 42695.65,
                  "Plan Rows": 523208,
                  "Plan Width": 0,
                  "Actual Startup Time": 1.438,
                  "Actual Total Time": 108.28,
                  "Actual Rows": 406605,
                  "Actual Loops": 4,
                  "Filter": "(keyword_id > 9181)",
                  "Rows Removed by Filter": 724378
                }
              ]
            }
          ]
        }
      ]
    },
    "Planning Time": 0.191,
    "Triggers": [],
    "Execution Time": 143.223
  }
]