[
  {
    "Plan": {
      "Node Type": "Aggregate",
      "Strategy": "Plain",
      "Partial Mode": "Finalize",
      "Parallel Aware": false,
      "Startup Cost": 287318.69,
      "Total Cost": 287318.7,
      "Plan Rows": 1,
      "Plan Width": 8,
      "Actual Startup Time": 317.295,
      "Actual Total Time": 348.524,
      "Actual Rows": 1,
      "Actual Loops": 1,
      "Plans": [
        {
          "Node Type": "Gather",
          "Parent Relationship": "Outer",
          "Parallel Aware": false,
          "Startup Cost": 287318.07,
          "Total Cost": 287318.68,
          "Plan Rows": 6,
          "Plan Width": 8,
          "Actual Startup Time": 315.731,
          "Actual Total Time": 348.501,
          "Actual Rows": 7,
          "Actual Loops": 1,
          "Workers Planned": 6,
          "Workers Launched": 6,
          "Single Copy": false,
          "Plans": [
            {
              "Node Type": "Aggregate",
              "Strategy": "Plain",
              "Partial Mode": "Partial",
              "Parent Relationship": "Outer",
              "Parallel Aware": false,
              "Startup Cost": 286318.07,
              "Total Cost": 286318.08,
              "Plan Rows": 1,
              "Plan Width": 8,
              "Actual Startup Time": 307.506,
              "Actual Total Time": 307.513,
              "Actual Rows": 1,
              "Actual Loops": 7,
              "Plans": [
                {
                  "Node Type": "Nested Loop",
                  "Parent Relationship": "Outer",
                  "Parallel Aware": false,
                  "Join Type": "Inner",
                  "Startup Cost": 44371.31,
                  "Total Cost": 286170.77,
                  "Plan Rows": 58918,
                  "Plan Width": 0,
                  "Actual Startup Time": 267.507,
                  "Actual Total Time": 307.499,
                  "Actual Rows": 4,
                  "Actual Loops": 7,
                  "Inner Unique": false,
                  "Join Filter": "(t.id = mi.movie_id)",
                  "Rows Removed by Join Filter": 0,
                  "Plans": [
                    {
                      "Node Type": "Hash Join",
                      "Parent Relationship": "Outer",
                      "Parallel Aware": true,
                      "Join Type": "Inner",
                      "Startup Cost": 44370.87,
                      "Total Cost": 247145.53,
                      "Plan Rows": 20222,
                      "Plan Width": 8,
                      "Actual Startup Time": 267.483,
                      "Actual Total Time": 307.439,
                      "Actual Rows": 1,
                      "Actual Loops": 7,
                      "Inner Unique": true,
                      "Hash Cond": "(ci.movie_id = t.id)",
                      "Plans": [
                        {
                          "Node Type": "Index Scan",
                          "Parent Relationship": "Outer",
                          "Parallel Aware": true,
                          "Scan Direction": "Forward",
                          "Index Name": "role_id_cast_info",
                          "Relation Name": "cast_info",
                          "Alias": "ci",
                          "Startup Cost": 0.56,
                          "Total Cost": 201884.69,
                          "Plan Rows": 339248,
                          "Plan Width": 4,
                          "Actual Startup Time": 5.537,
                          "Actual Total Time": 218.263,
                          "Actual Rows": 238,
                          "Actual Loops": 7,
                          "Index Cond": "(role_id = 2)",
                          "Rows Removed by Index Recheck": 0,
                          "Filter": "(person_id < 971811)",
                          "Rows Removed by Filter": 1064330
                        },
                        {
                          "Node Type": "Hash",
                          "Parent Relationship": "Inner",
                          "Parallel Aware": true,
                          "Startup Cost": 43899.32,
                          "Total Cost": 43899.32,
                          "Plan Rows": 37679,
                          "Plan Width": 4,
                          "Actual Startup Time": 87.137,
                          "Actual Total Time": 87.139,
                          "Actual Rows": 23455,
                          "Actual Loops": 7,
                          "Hash Buckets": 262144,
                          "Original Hash Buckets": 262144,
                          "Hash Batches": 1,
                          "Original Hash Batches": 1,
                          "Peak Memory Usage": 8608,
                          "Plans": [
                            {
                              "Node Type": "Seq Scan",
                              "Parent Relationship": "Outer",
                              "Parallel Aware": true,
                              "Relation Name": "title",
                              "Alias": "t",
                              "Startup Cost": 0.0,
                              "Total Cost": 43899.32,
                              "Plan Rows": 37679,
                              "Plan Width": 4,
                              "Actual Startup Time": 0.228,
                              "Actual Total Time": 74.584,
                              "Actual Rows": 23455,
                              "Actual Loops": 7,
                              "Filter": "(production_year < 1950)",
                              "Rows Removed by Filter": 337733
                            }
                          ]
                        }
                      ]
                    },
                    {
                      "Node Type": "Index Scan",
                      "Parent Relationship": "Inner",
                      "Parallel Aware": false,
                      "Scan Direction": "Forward",
                      "Index Name": "movie_id_movie_info",
                      "Relation Name": "movie_info",
                      "Alias": "mi",
                      "Startup Cost": 0.43,
                      "Total Cost": 1.68,
                      "Plan Rows": 20,
                      "Plan Width": 4,
                      "Actual Startup Time": 0.029,
                      "Actual Total Time": 0.063,
                      "Actual Rows": 5,
                      "Actual Loops": 6,
                      "Index Cond": "(movie_id = ci.movie_id)",
                      "Rows Removed by Index Recheck": 0,
                      "Filter": "(info_type_id < 8)",
                      "Rows Removed by Filter": 3
                    }
                  ]
                }
              ]
            }
          ]
        }
      ]
    },
    "Planning Time": 1.217,
    "Triggers": [],
    "Execution Time": 348.609
  }
]